  {
    "EventID": 1001,
    "Timestamp": "2014-02-05 14:18:32.073101+00:00",
    "Computer": "IACIS-HDD-2014",
    "Channel": "Application",
    "Level": "Information",
    "EventData": {},
    "RawXml": "<Event xmlns=\"http://schemas.microsoft.com/win/2004/08/events/event\"><System><Provider Name=\"Microsoft-Windows-LoadPerf\" Guid=\"{122ee297-bb47-41ae-b265-1ca8d1886d40}\"></Provider>\n<EventID Qualifiers=\"\">1001</EventID>\n<Version>0</Version>\n<Level>4</Level>\n<Task>0</Task>\n<Opcode>0</Opcode>\n<Keywords>0x8000000000000000</Keywords>\n<TimeCreated SystemTime=\"2014-02-05 14:18:32.073101+00:00\"></TimeCreated>\n<EventRecordID>1026</EventRecordID>\n<Correlation ActivityID=\"\" RelatedActivityID=\"\"></Correlation>\n<Execution ProcessID=\"3604\" ThreadID=\"2096\"></Execution>\n<Channel>Application</Channel>\n<Computer>IACIS-HDD-2014</Computer>\n<Security UserID=\"S-1-5-18\"></Security>\n</System>\n<UserData><EventXML xmlns:auto-ns2=\"http://schemas.microsoft.com/win/2004/08/events\" xmlns=\"LoadPerf\"><param1>MSDTC Bridge 4.0.0.0</param1>\n<param2>MSDTC Bridge 4.0.0.0</param2>\n<binaryDataSize>12</binaryDataSize>\n<binaryData>9C0AAPUtAAA0BwAA</binaryData>\n</EventXML>\n</UserData>\n</Event>\n"
  },
  {
    "EventID": 1000,
    "Timestamp": "2014-02-05 14:19:07.422762+00:00",
    "Computer": "IACIS-HDD-2014",
    "Channel": "Application",
    "Level": "Information",
    "EventData": {},
    "RawXml": "<Event xmlns=\"http://schemas.microsoft.com/win/2004/08/events/event\"><System><Provider Name=\"Microsoft-Windows-LoadPerf\" Guid=\"{122ee297-bb47-41ae-b265-1ca8d1886d40}\"></Provider>\n<EventID Qualifiers=\"\">1000</EventID>\n<Version>0</Version>\n<Level>4</Level>\n<Task>0</Task>\n<Opcode>0</Opcode>\n<Keywords>0x8000000000000000</Keywords>\n<TimeCreated SystemTime=\"2014-02-05 14:19:07.422762+00:00\"></TimeCreated>\n<EventRecordID>1027</EventRecordID>\n<Correlation ActivityID=\"\" RelatedActivityID=\"\"></Correlation>\n<Execution ProcessID=\"3864\" ThreadID=\"3204\"></Execution>\n<Channel>Application</Channel>\n<Computer>IACIS-HDD-2014</Computer>\n<Security UserID=\"S-1-5-18\"></Security>\n</System>\n<UserData><EventXML xmlns:auto-ns2=\"http://schemas.microsoft.com/win/2004/08/events\" xmlns=\"LoadPerf\"><param1>{890c10c3-8c2a-4fe3-a36a-9eca153d47cb}</param1>\n<param2>ServiceModel 4.0.0.0</param2>\n<binaryDataSize>0</binaryDataSize>\n<binaryData></binaryData>\n</EventXML>\n</UserData>\n</Event>\n"
  },
  {
    "EventID": 1000,
    "Timestamp": "2014-02-05 14:19:07.937565+00:00",
    "Computer": "IACIS-HDD-2014",
    "Channel": "Application",
    "Level": "Information",
    "EventData": {},
    "RawXml": "<Event xmlns=\"http://schemas.microsoft.com/win/2004/08/events/event\"><System><Provider Name=\"Microsoft-Windows-LoadPerf\" Guid=\"{122ee297-bb47-41ae-b265-1ca8d1886d40}\"></Provider>\n<EventID Qualifiers=\"\">1000</EventID>\n<Version>0</Version>\n<Level>4</Level>\n<Task>0</Task>\n<Opcode>0</Opcode>\n<Keywords>0x8000000000000000</Keywords>\n<TimeCreated SystemTime=\"2014-02-05 14:19:07.937565+00:00\"></TimeCreated>\n<EventRecordID>1028</EventRecordID>\n<Correlation ActivityID=\"\" RelatedActivityID=\"\"></Correlation>\n<Execution ProcessID=\"2864\" ThreadID=\"3740\"></Execution>\n<Channel>Application</Channel>\n<Computer>IACIS-HDD-2014</Computer>\n<Security UserID=\"S-1-5-18\"></Security>\n</System>\n<UserData><EventXML xmlns:auto-ns2=\"http://schemas.microsoft.com/win/2004/08/events\" xmlns=\"LoadPerf\"><param1>SMSvcHost 4.0.0.0</param1>\n<param2>SMSvcHost 4.0.0.0</param2>\n<binaryDataSize>16</binaryDataSize>\n<binaryData>Ji8AAEIvAAAnLwAAQy8AAA==</binaryData>\n</EventXML>\n</UserData>\n</Event>\n"
  },
  {
    "EventID": 1002,
    "Timestamp": "2014-02-05 14:19:08.124763+00:00",
    "Computer": "IACIS-HDD-2014",
    "Channel": "Application",
    "Level": "Information",
    "EventData": {},
    "RawXml": "<Event xmlns=\"http://schemas.microsoft.com/win/2004/08/events/event\"><System><Provider Name=\"Microsoft-Windows-LoadPerf\" Guid=\"{122ee297-bb47-41ae-b265-1ca8d1886d40}\"></Provider>\n<EventID Qualifiers=\"\">1002</EventID>\n<Version>0</Version>\n<Level>4</Level>\n<Task>0</Task>\n<Opcode>0</Opcode>\n<Keywords>0x8000000000000000</Keywords>\n<TimeCreated SystemTime=\"2014-02-05 14:19:08.124763+00:00\"></TimeCreated>\n<EventRecordID>1029</EventRecordID>\n<Correlation ActivityID=\"\" RelatedActivityID=\"\"></Correlation>\n<Execution ProcessID=\"3540\" ThreadID=\"3284\"></Execution>\n<Channel>Application</Channel>\n<Computer>IACIS-HDD-2014</Computer>\n<Security UserID=\"S-1-5-18\"></Security>\n</System>\n<UserData><EventXML xmlns:auto-ns2=\"http://schemas.microsoft.com/win/2004/08/events\" xmlns=\"LoadPerf\"><param1>SMSvcHost 4.0.0.0</param1>\n<param2>SMSvcHost 4.0.0.0</param2>\n<binaryDataSize>4</binaryDataSize>\n<binaryData>whIAAA==</binaryData>\n</EventXML>\n</UserData>\n</Event>\n"
  },
  {
    "EventID": 1000,
    "Timestamp": "2014-02-05 14:19:08.452364+00:00",
    "Computer": "IACIS-HDD-2014",
    "Channel": "Application",
    "Level": "Information",
    "EventData": {},
    "RawXml": "<Event xmlns=\"http://schemas.microsoft.com/win/2004/08/events/event\"><System><Provider Name=\"Microsoft-Windows-LoadPerf\" Guid=\"{122ee297-bb47-41ae-b265-1ca8d1886d40}\"></Provider>\n<EventID Qualifiers=\"\">1000</EventID>\n<Version>0</Version>\n<Level>4</Level>\n<Task>0</Task>\n<Opcode>0</Opcode>\n<Keywords>0x8000000000000000</Keywords>\n<TimeCreated SystemTime=\"2014-02-05 14:19:08.452364+00:00\"></TimeCreated>\n<EventRecordID>1030</EventRecordID>\n<Correlation ActivityID=\"\" RelatedActivityID=\"\"></Correlation>\n<Execution ProcessID=\"3704\" ThreadID=\"2064\"></Execution>\n<Channel>Application</Channel>\n<Computer>IACIS-HDD-2014</Computer>\n<Security UserID=\"S-1-5-18\"></Security>\n</System>\n<UserData><EventXML xmlns:auto-ns2=\"http://schemas.microsoft.com/win/2004/08/events\" xmlns=\"LoadPerf\"><param1>MSDTC Bridge 4.0.0.0</param1>\n<param2>MSDTC Bridge 4.0.0.0</param2>\n<binaryDataSize>16</binaryDataSize>\n<binaryData>RC8AAFovAABFLwAAWy8AAA==</binaryData>\n</EventXML>\n</UserData>\n</Event>\n"
  },
  {
    "EventID": 1002,
    "Timestamp": "2014-02-05 14:19:08.592766+00:00",
    "Computer": "IACIS-HDD-2014",
    "Channel": "Application",
    "Level": "Information",
    "EventData": {},
    "RawXml": "<Event xmlns=\"http://schemas.microsoft.com/win/2004/08/events/event\"><System><Provider Name=\"Microsoft-Windows-LoadPerf\" Guid=\"{122ee297-bb47-41ae-b265-1ca8d1886d40}\"></Provider>\n<EventID Qualifiers=\"\">1002</EventID>\n<Version>0</Version>\n<Level>4</Level>\n<Task>0</Task>\n<Opcode>0</Opcode>\n<Keywords>0x8000000000000000</Keywords>\n<TimeCreated SystemTime=\"2014-02-05 14:19:08.592766+00:00\"></TimeCreated>\n<EventRecordID>1031</EventRecordID>\n<Correlation ActivityID=\"\" RelatedActivityID=\"\"></Correlation>\n<Execution ProcessID=\"3676\" ThreadID=\"3200\"></Execution>\n<Channel>Application</Channel>\n<Computer>IACIS-HDD-2014</Computer>\n<Security UserID=\"S-1-5-18\"></Security>\n</System>\n<UserData><EventXML xmlns:auto-ns2=\"http://schemas.microsoft.com/win/2004/08/events\" xmlns=\"LoadPerf\"><param1>MSDTC Bridge 4.0.0.0</param1>\n<param2>MSDTC Bridge 4.0.0.0</param2>\n<binaryDataSize>4</binaryDataSize>\n<binaryData>whIAAA==</binaryData>\n</EventXML>\n</UserData>\n</Event>\n"
  },
  {
    "EventID": 1002,
    "Timestamp": "2014-02-05 14:20:37.778122+00:00",
    "Computer": "IACIS-HDD-2014",
    "Channel": "Application",
    "Level": "Information",
    "EventData": {},
    "RawXml": "<Event xmlns=\"http://schemas.microsoft.com/win/2004/08/events/event\"><System><Provider Name=\"Microsoft-Windows-LoadPerf\" Guid=\"{122ee297-bb47-41ae-b265-1ca8d1886d40}\"></Provider>\n<EventID Qualifiers=\"\">1002</EventID>\n<Version>0</Version>\n<Level>4</Level>\n<Task>0</Task>\n<Opcode>0</Opcode>\n<Keywords>0x8000000000000000</Keywords>\n<TimeCreated SystemTime=\"2014-02-05 14:20:37.778122+00:00\"></TimeCreated>\n<EventRecordID>1032</EventRecordID>\n<Correlation ActivityID=\"\" RelatedActivityID=\"\"></Correlation>\n<Execution ProcessID=\"4040\" ThreadID=\"304\"></Execution>\n<Channel>Application</Channel>\n<Computer>IACIS-HDD-2014</Computer>\n<Security UserID=\"S-1-5-18\"></Security>\n</System>\n<UserData><EventXML xmlns:auto-ns2=\"http://schemas.microsoft.com/win/2004/08/events\" xmlns=\"LoadPerf\"><param1>.NET CLR Networking 4.0.0.0</param1>\n<param2>.NET CLR Networking 4.0.0.0</param2>\n<binaryDataSize>4</binaryDataSize>\n<binaryData>whIAAA==</binaryData>\n</EventXML>\n</UserData>\n</Event>\n"
  },
  {
    "EventID": 1002,
    "Timestamp": "2014-02-05 14:20:38.012123+00:00",
    "Computer": "IACIS-HDD-2014",
    "Channel": "Application",
    "Level": "Information",
    "EventData": {},
    "RawXml": "<Event xmlns=\"http://schemas.microsoft.com/win/2004/08/events/event\"><System><Provider Name=\"Microsoft-Windows-LoadPerf\" Guid=\"{122ee297-bb47-41ae-b265-1ca8d1886d40}\"></Provider>\n<EventID Qualifiers=\"\">1002</EventID>\n<Version>0</Version>\n<Level>4</Level>\n<Task>0</Task>\n<Opcode>0</Opcode>\n<Keywords>0x8000000000000000</Keywords>\n<TimeCreated SystemTime=\"2014-02-05 14:20:38.012123+00:00\"></TimeCreated>\n<EventRecordID>1033</EventRecordID>\n<Correlation ActivityID=\"\" RelatedActivityID=\"\"></Correlation>\n<Execution ProcessID=\"3188\" ThreadID=\"3964\"></Execution>\n<Channel>Application</Channel>\n<Computer>IACIS-HDD-2014</Computer>\n<Security UserID=\"S-1-5-18\"></Security>\n</System>\n<UserData><EventXML xmlns:auto-ns2=\"http://schemas.microsoft.com/win/2004/08/events\" xmlns=\"LoadPerf\"><param1>.NET CLR Networking 4.0.0.0</param1>\n<param2>.NET CLR Networking 4.0.0.0</param2>\n<binaryDataSize>4</binaryDataSize>\n<binaryData>whIAAA==</binaryData>\n</EventXML>\n</UserData>\n</Event>\n"
  },
  {
    "EventID": 1022,
    "Timestamp": "2014-02-05 14:20:42+00:00",
    "Computer": "IACIS-HDD-2014",
    "Channel": "Application",
    "Level": "Information",
    "EventData": {
      "": "<string>Microsoft .NET Framework 4 Client Profile</string>\n<string>KB2789642</string>\n<string>(NULL)</string>\n<string>(NULL)</string>\n<string>(NULL)</string>\n<string>(NULL)</string>\n<string></string>\n"
    },
    "RawXml": "<Event xmlns=\"http://schemas.microsoft.com/win/2004/08/events/event\"><System><Provider Name=\"MsiInstaller\"></Provider>\n<EventID Qualifiers=\"0\">1022</EventID>\n<Level>4</Level>\n<Task>0</Task>\n<Keywords>0x0080000000000000</Keywords>\n<TimeCreated SystemTime=\"2014-02-05 14:20:42+00:00\"></TimeCreated>\n<EventRecordID>1034</EventRecordID>\n<Channel>Application</Channel>\n<Computer>IACIS-HDD-2014</Computer>\n<Security UserID=\"S-1-5-18\"></Security>\n</System>\n<EventData><Data>&lt;string&gt;Microsoft .NET Framework 4 Client Profile&lt;/string&gt;\n&lt;string&gt;KB2789642&lt;/string&gt;\n&lt;string&gt;(NULL)&lt;/string&gt;\n&lt;string&gt;(NULL)&lt;/string&gt;\n&lt;string&gt;(NULL)&lt;/string&gt;\n&lt;string&gt;(NULL)&lt;/string&gt;\n&lt;string&gt;&lt;/string&gt;\n</Data>\n<Binary>e0Y1QjA5Q0ZELUYwQjItMzZBRi04REY0LTFERjZCNjNGQzdCNH0gezhFNjg0OEExLUI3OTAtMzRGRS05MjFBLUE1MzE5MjU4RTI1NH0=</Binary>\n</EventData>\n</Event>\n"
  },
  {
    "EventID": 1036,
    "Timestamp": "2014-02-05 14:20:42+00:00",
    "Computer": "IACIS-HDD-2014",
    "Channel": "Application",
    "Level": "Information",
    "EventData": {
      "": "<string>Microsoft .NET Framework 4 Client Profile</string>\n<string>4.0.30319</string>\n<string>0</string>\n<string>KB2789642</string>\n<string>0</string>\n<string>Microsoft Corporation</string>\n<string></string>\n"
    },
    "RawXml": "<Event xmlns=\"http://schemas.microsoft.com/win/2004/08/events/event\"><System><Provider Name=\"MsiInstaller\"></Provider>\n<EventID Qualifiers=\"0\">1036</EventID>\n<Level>4</Level>\n<Task>0</Task>\n<Keywords>0x0080000000000000</Keywords>\n<TimeCreated SystemTime=\"2014-02-05 14:20:42+00:00\"></TimeCreated>\n<EventRecordID>1035</EventRecordID>\n<Channel>Application</Channel>\n<Computer>IACIS-HDD-2014</Computer>\n<Security UserID=\"S-1-5-18\"></Security>\n</System>\n<EventData><Data>&lt;string&gt;Microsoft .NET Framework 4 Client Profile&lt;/string&gt;\n&lt;string&gt;4.0.30319&lt;/string&gt;\n&lt;string&gt;0&lt;/string&gt;\n&lt;string&gt;KB2789642&lt;/string&gt;\n&lt;string&gt;0&lt;/string&gt;\n&lt;string&gt;Microsoft Corporation&lt;/string&gt;\n&lt;string&gt;&lt;/string&gt;\n</Data>\n<Binary>e0Y1QjA5Q0ZELUYwQjItMzZBRi04REY0LTFERjZCNjNGQzdCNH0wMDAwZDJlYmY0NjgzMWQyY2IzMjlhZjc2NzI5M2ViMjBjZmQwMDAwMDAwMA==</Binary>\n</EventData>\n</Event>\n"
  },
  {
    "EventID": 11728,
    "Timestamp": "2014-02-05 14:20:42+00:00",
    "Computer": "IACIS-HDD-2014",
    "Channel": "Application",
    "Level": "Information",
    "EventData": {
      "": "<string>Product: Microsoft .NET Framework 4 Client Profile -- Configuration completed successfully.</string>\n<string>(NULL)</string>\n<string>(NULL)</string>\n<string>(NULL)</string>\n<string>(NULL)</string>\n<string>(NULL)</string>\n<string></string>\n"
    },
    "RawXml": "<Event xmlns=\"http://schemas.microsoft.com/win/2004/08/events/event\"><System><Provider Name=\"MsiInstaller\"></Provider>\n<EventID Qualifiers=\"0\">11728</EventID>\n<Level>4</Level>\n<Task>0</Task>\n<Keywords>0x0080000000000000</Keywords>\n<TimeCreated SystemTime=\"2014-02-05 14:20:42+00:00\"></TimeCreated>\n<EventRecordID>1036</EventRecordID>\n<Channel>Application</Channel>\n<Computer>IACIS-HDD-2014</Computer>\n<Security UserID=\"S-1-5-18\"></Security>\n</System>\n<EventData><Data>&lt;string&gt;Product: Microsoft .NET Framework 4 Client Profile -- Configuration completed successfully.&lt;/string&gt;\n&lt;string&gt;(NULL)&lt;/string&gt;\n&lt;string&gt;(NULL)&lt;/string&gt;\n&lt;string&gt;(NULL)&lt;/string&gt;\n&lt;string&gt;(NULL)&lt;/string&gt;\n&lt;string&gt;(NULL)&lt;/string&gt;\n&lt;string&gt;&lt;/string&gt;\n</Data>\n<Binary>e0Y1QjA5Q0ZELUYwQjItMzZBRi04REY0LTFERjZCNjNGQzdCNH0=</Binary>\n</EventData>\n</Event>\n"
  },
  {
    "EventID": 1035,
    "Timestamp": "2014-02-05 14:20:42+00:00",
    "Computer": "IACIS-HDD-2014",
    "Channel": "Application",
    "Level": "Information",
    "EventData": {
      "": "<string>Microsoft .NET Framework 4 Client Profile</string>\n<string>4.0.30319</string>\n<string>0</string>\n<string>0</string>\n<string>Microsoft Corporation</string>\n<string>(NULL)</string>\n<string></string>\n"
    },
    "RawXml": "<Event xmlns=\"http://schemas.microsoft.com/win/2004/08/events/event\"><System><Provider Name=\"MsiInstaller\"></Provider>\n<EventID Qualifiers=\"0\">1035</EventID>\n<Level>4</Level>\n<Task>0</Task>\n<Keywords>0x0080000000000000</Keywords>\n<TimeCreated SystemTime=\"2014-02-05 14:20:42+00:00\"></TimeCreated>\n<EventRecordID>1037</EventRecordID>\n<Channel>Application</Channel>\n<Computer>IACIS-HDD-2014</Computer>\n<Security UserID=\"S-1-5-18\"></Security>\n</System>\n<EventData><Data>&lt;string&gt;Microsoft .NET Framework 4 Client Profile&lt;/string&gt;\n&lt;string&gt;4.0.30319&lt;/string&gt;\n&lt;string&gt;0&lt;/string&gt;\n&lt;string&gt;0&lt;/string&gt;\n&lt;string&gt;Microsoft Corporation&lt;/string&gt;\n&lt;string&gt;(NULL)&lt;/string&gt;\n&lt;string&gt;&lt;/string&gt;\n</Data>\n<Binary>e0Y1QjA5Q0ZELUYwQjItMzZBRi04REY0LTFERjZCNjNGQzdCNH0wMDAwZDJlYmY0NjgzMWQyY2IzMjlhZjc2NzI5M2ViMjBjZmQwMDAwMDAwMA==</Binary>\n</EventData>\n</Event>\n"
  },
  {
    "EventID": 1042,
    "Timestamp": "2014-02-05 14:20:42+00:00",
    "Computer": "IACIS-HDD-2014",
    "Channel": "Application",
    "Level": "Information",
    "EventData": {
      "": "<string>C:\\Windows\\Installer\\2c91bb.msi</string>\n<string>3120</string>\n<string>(NULL)</string>\n<string>(NULL)</string>\n<string>(NULL)</string>\n<string>(NULL)</string>\n<string></string>\n"
    },
    "RawXml": "<Event xmlns=\"http://schemas.microsoft.com/win/2004/08/events/event\"><System><Provider Name=\"MsiInstaller\"></Provider>\n<EventID Qualifiers=\"0\">1042</EventID>\n<Level>4</Level>\n<Task>0</Task>\n<Keywords>0x0080000000000000</Keywords>\n<TimeCreated SystemTime=\"2014-02-05 14:20:42+00:00\"></TimeCreated>\n<EventRecordID>1038</EventRecordID>\n<Channel>Application</Channel>\n<Computer>IACIS-HDD-2014</Computer>\n<Security UserID=\"S-1-5-18\"></Security>\n</System>\n<EventData><Data>&lt;string&gt;C:\\Windows\\Installer\\2c91bb.msi&lt;/string&gt;\n&lt;string&gt;3120&lt;/string&gt;\n&lt;string&gt;(NULL)&lt;/string&gt;\n&lt;string&gt;(NULL)&lt;/string&gt;\n&lt;string&gt;(NULL)&lt;/string&gt;\n&lt;string&gt;(NULL)&lt;/string&gt;\n&lt;string&gt;&lt;/string&gt;\n</Data>\n<Binary></Binary>\n</EventData>\n</Event>\n"
  },
  {
    "EventID": 10001,
    "Timestamp": "2014-02-05 14:20:42.380131+00:00",
    "Computer": "IACIS-HDD-2014",
    "Channel": "Application",
    "Level": "Information",
    "EventData": {},
    "RawXml": "<Event xmlns=\"http://schemas.microsoft.com/win/2004/08/events/event\"><System><Provider Name=\"Microsoft-Windows-RestartManager\" Guid=\"{0888e5ef-9b98-4695-979d-e92ce4247224}\"></Provider>\n<EventID Qualifiers=\"\">10001</EventID>\n<Version>0</Version>\n<Level>4</Level>\n<Task>0</Task>\n<Opcode>0</Opcode>\n<Keywords>0x8000000000000000</Keywords>\n<TimeCreated SystemTime=\"2014-02-05 14:20:42.380131+00:00\"></TimeCreated>\n<EventRecordID>1039</EventRecordID>\n<Correlation ActivityID=\"\" RelatedActivityID=\"\"></Correlation>\n<Execution ProcessID=\"2608\" ThreadID=\"3340\"></Execution>\n<Channel>Application</Channel>\n<Computer>IACIS-HDD-2014</Computer>\n<Security UserID=\"S-1-5-18\"></Security>\n</System>\n<UserData><RmSessionEvent xmlns:auto-ns2=\"http://schemas.microsoft.com/win/2004/08/events\" xmlns=\"http://www.microsoft.com/2005/08/Windows/Reliability/RestartManager/\"><RmSessionId>0</RmSessionId>\n<UTCStartTime>2014-02-05 14:17:53.899834+00:00</UTCStartTime>\n</RmSessionEvent>\n</UserData>\n</Event>\n"
  },
  {
    "EventID": 1040,
    "Timestamp": "2014-02-05 14:20:59+00:00",
    "Computer": "IACIS-HDD-2014",
    "Channel": "Application",
    "Level": "Information",
    "EventData": {
      "": "<string>C:\\Windows\\Installer\\2c91bb.msi</string>\n<string>2484</string>\n<string>(NULL)</string>\n<string>(NULL)</string>\n<string>(NULL)</string>\n<string>(NULL)</string>\n<string></string>\n"
    },
    "RawXml": "<Event xmlns=\"http://schemas.microsoft.com/win/2004/08/events/event\"><System><Provider Name=\"MsiInstaller\"></Provider>\n<EventID Qualifiers=\"0\">1040</EventID>\n<Level>4</Level>\n<Task>0</Task>\n<Keywords>0x0080000000000000</Keywords>\n<TimeCreated SystemTime=\"2014-02-05 14:20:59+00:00\"></TimeCreated>\n<EventRecordID>1040</EventRecordID>\n<Channel>Application</Channel>\n<Computer>IACIS-HDD-2014</Computer>\n<Security UserID=\"S-1-5-18\"></Security>\n</System>\n<EventData><Data>&lt;string&gt;C:\\Windows\\Installer\\2c91bb.msi&lt;/string&gt;\n&lt;string&gt;2484&lt;/string&gt;\n&lt;string&gt;(NULL)&lt;/string&gt;\n&lt;string&gt;(NULL)&lt;/string&gt;\n&lt;string&gt;(NULL)&lt;/string&gt;\n&lt;string&gt;(NULL)&lt;/string&gt;\n&lt;string&gt;&lt;/string&gt;\n</Data>\n<Binary></Binary>\n</EventData>\n</Event>\n"
  },
  {
    "EventID": 10000,
    "Timestamp": "2014-02-05 14:21:00.600962+00:00",
    "Computer": "IACIS-HDD-2014",
    "Channel": "Application",
    "Level": "Information",
    "EventData": {},
    "RawXml": "<Event xmlns=\"http://schemas.microsoft.com/win/2004/08/events/event\"><System><Provider Name=\"Microsoft-Windows-RestartManager\" Guid=\"{0888e5ef-9b98-4695-979d-e92ce4247224}\"></Provider>\n<EventID Qualifiers=\"\">10000</EventID>\n<Version>0</Version>\n<Level>4</Level>\n<Task>0</Task>\n<Opcode>0</Opcode>\n<Keywords>0x8000000000000000</Keywords>\n<TimeCreated SystemTime=\"2014-02-05 14:21:00.600962+00:00\"></TimeCreated>\n<EventRecordID>1041</EventRecordID>\n<Correlation ActivityID=\"\" RelatedActivityID=\"\"></Correlation>\n<Execution ProcessID=\"2608\" ThreadID=\"3900\"></Execution>\n<Channel>Application</Channel>\n<Computer>IACIS-HDD-2014</Computer>\n<Security UserID=\"S-1-5-18\"></Security>\n</System>\n<UserData><RmSessionEvent xmlns:auto-ns2=\"http://schemas.microsoft.com/win/2004/08/events\" xmlns=\"http://www.microsoft.com/2005/08/Windows/Reliability/RestartManager/\"><RmSessionId>0</RmSessionId>\n<UTCStartTime>2014-02-05 14:21:00.600962+00:00</UTCStartTime>\n</RmSessionEvent>\n</UserData>\n</Event>\n"
  },
  {
    "EventID": 1001,
    "Timestamp": "2014-02-05 14:21:44.230501+00:00",
    "Computer": "IACIS-HDD-2014",
    "Channel": "Application",
    "Level": "Information",
    "EventData": {},
    "RawXml": "<Event xmlns=\"http://schemas.microsoft.com/win/2004/08/events/event\"><System><Provider Name=\"Microsoft-Windows-LoadPerf\" Guid=\"{122ee297-bb47-41ae-b265-1ca8d1886d40}\"></Provider>\n<EventID Qualifiers=\"\">1001</EventID>\n<Version>0</Version>\n<Level>4</Level>\n<Task>0</Task>\n<Opcode>0</Opcode>\n<Keywords>0x8000000000000000</Keywords>\n<TimeCreated SystemTime=\"2014-02-05 14:21:44.230501+00:00\"></TimeCreated>\n<EventRecordID>1042</EventRecordID>\n<Correlation ActivityID=\"\" RelatedActivityID=\"\"></Correlation>\n<Execution ProcessID=\"1756\" ThreadID=\"3576\"></Execution>\n<Channel>Application</Channel>\n<Computer>IACIS-HDD-2014</Computer>\n<Security UserID=\"S-1-5-18\"></Security>\n</System>\n<UserData><EventXML xmlns:auto-ns2=\"http://schemas.microsoft.com/win/2004/08/events\" xmlns=\"LoadPerf\"><param1>{890c10c3-8c2a-4fe3-a36a-9eca153d47cb}</param1>\n<param2>ServiceModel 4.0.0.0</param2>\n<binaryDataSize>0</binaryDataSize>\n<binaryData></binaryData>\n</EventXML>\n</UserData>\n</Event>\n"
  },
  {
    "EventID": 1001,
    "Timestamp": "2014-02-05 14:21:46.008905+00:00",
    "Computer": "IACIS-HDD-2014",
    "Channel": "Application",
    "Level": "Information",
    "EventData": {},
    "RawXml": "<Event xmlns=\"http://schemas.microsoft.com/win/2004/08/events/event\"><System><Provider Name=\"Microsoft-Windows-LoadPerf\" Guid=\"{122ee297-bb47-41ae-b265-1ca8d1886d40}\"></Provider>\n<EventID Qualifiers=\"\">1001</EventID>\n<Version>0</Version>\n<Level>4</Level>\n<Task>0</Task>\n<Opcode>0</Opcode>\n<Keywords>0x8000000000000000</Keywords>\n<TimeCreated SystemTime=\"2014-02-05 14:21:46.008905+00:00\"></TimeCreated>\n<EventRecordID>1043</EventRecordID>\n<Correlation ActivityID=\"\" RelatedActivityID=\"\"></Correlation>\n<Execution ProcessID=\"992\" ThreadID=\"3808\"></Execution>\n<Channel>Application</Channel>\n<Computer>IACIS-HDD-2014</Computer>\n<Security UserID=\"S-1-5-18\"></Security>\n</System>\n<UserData><EventXML xmlns:auto-ns2=\"http://schemas.microsoft.com/win/2004/08/events\" xmlns=\"LoadPerf\"><param1>SMSvcHost 4.0.0.0</param1>\n<param2>SMSvcHost 4.0.0.0</param2>\n<binaryDataSize>12</binaryDataSize>\n<binaryData>Wi8AAFsvAAA0BwAA</binaryData>\n</EventXML>\n</UserData>\n</Event>\n"
  },
  {
    "EventID": 1001,
    "Timestamp": "2014-02-05 14:21:46.274105+00:00",
    "Computer": "IACIS-HDD-2014",
    "Channel": "Application",
    "Level": "Information",
    "EventData": {},
    "RawXml": "<Event xmlns=\"http://schemas.microsoft.com/win/2004/08/events/event\"><System><Provider Name=\"Microsoft-Windows-LoadPerf\" Guid=\"{122ee297-bb47-41ae-b265-1ca8d1886d40}\"></Provider>\n<EventID Qualifiers=\"\">1001</EventID>\n<Version>0</Version>\n<Level>4</Level>\n<Task>0</Task>\n<Opcode>0</Opcode>\n<Keywords>0x8000000000000000</Keywords>\n<TimeCreated SystemTime=\"2014-02-05 14:21:46.274105+00:00\"></TimeCreated>\n<EventRecordID>1044</EventRecordID>\n<Correlation ActivityID=\"\" RelatedActivityID=\"\"></Correlation>\n<Execution ProcessID=\"880\" ThreadID=\"1668\"></Execution>\n<Channel>Application</Channel>\n<Computer>IACIS-HDD-2014</Computer>\n<Security UserID=\"S-1-5-18\"></Security>\n</System>\n<UserData><EventXML xmlns:auto-ns2=\"http://schemas.microsoft.com/win/2004/08/events\" xmlns=\"LoadPerf\"><param1>MSDTC Bridge 4.0.0.0</param1>\n<param2>MSDTC Bridge 4.0.0.0</param2>\n<binaryDataSize>12</binaryDataSize>\n<binaryData>9C0AAPUtAAA0BwAA</binaryData>\n</EventXML>\n</UserData>\n</Event>\n"
  },
  {
    "EventID": 1000,
    "Timestamp": "2014-02-05 14:22:27.195696+00:00",
    "Computer": "IACIS-HDD-2014",
    "Channel": "Application",
    "Level": "Information",
    "EventData": {},
    "RawXml": "<Event xmlns=\"http://schemas.microsoft.com/win/2004/08/events/event\"><System><Provider Name=\"Microsoft-Windows-LoadPerf\" Guid=\"{122ee297-bb47-41ae-b265-1ca8d1886d40}\"></Provider>\n<EventID Qualifiers=\"\">1000</EventID>\n<Version>0</Version>\n<Level>4</Level>\n<Task>0</Task>\n<Opcode>0</Opcode>\n<Keywords>0x8000000000000000</Keywords>\n<TimeCreated SystemTime=\"2014-02-05 14:22:27.195696+00:00\"></TimeCreated>\n<EventRecordID>1045</EventRecordID>\n<Correlation ActivityID=\"\" RelatedActivityID=\"\"></Correlation>\n<Execution ProcessID=\"2864\" ThreadID=\"3560\"></Execution>\n<Channel>Application</Channel>\n<Computer>IACIS-HDD-2014</Computer>\n<Security UserID=\"S-1-5-18\"></Security>\n</System>\n<UserData><EventXML xmlns:auto-ns2=\"http://schemas.microsoft.com/win/2004/08/events\" xmlns=\"LoadPerf\"><param1>{890c10c3-8c2a-4fe3-a36a-9eca153d47cb}</param1>\n<param2>ServiceModel 4.0.0.0</param2>\n<binaryDataSize>0</binaryDataSize>\n<binaryData></binaryData>\n</EventXML>\n</UserData>\n</Event>\n"
  },
  {
    "EventID": 1000,
    "Timestamp": "2014-02-05 14:22:27.944496+00:00",
    "Computer": "IACIS-HDD-2014",
    "Channel": "Application",
    "Level": "Information",
    "EventData": {},
    "RawXml": "<Event xmlns=\"http://schemas.microsoft.com/win/2004/08/events/event\"><System><Provider Name=\"Microsoft-Windows-LoadPerf\" Guid=\"{122ee297-bb47-41ae-b265-1ca8d1886d40}\"></Provider>\n<EventID Qualifiers=\"\">1000</EventID>\n<Version>0</Version>\n<Level>4</Level>\n<Task>0</Task>\n<Opcode>0</Opcode>\n<Keywords>0x8000000000000000</Keywords>\n<TimeCreated SystemTime=\"2014-02-05 14:22:27.944496+00:00\"></TimeCreated>\n<EventRecordID>1046</EventRecordID>\n<Correlation ActivityID=\"\" RelatedActivityID=\"\"></Correlation>\n<Execution ProcessID=\"3528\" ThreadID=\"2752\"></Execution>\n<Channel>Application</Channel>\n<Computer>IACIS-HDD-2014</Computer>\n<Security UserID=\"S-1-5-18\"></Security>\n</System>\n<UserData><EventXML xmlns:auto-ns2=\"http://schemas.microsoft.com/win/2004/08/events\" xmlns=\"LoadPerf\"><param1>SMSvcHost 4.0.0.0</param1>\n<param2>SMSvcHost 4.0.0.0</param2>\n<binaryDataSize>16</binaryDataSize>\n<binaryData>Ji8AAEIvAAAnLwAAQy8AAA==</binaryData>\n</EventXML>\n</UserData>\n</Event>\n"
  },
  {
    "EventID": 1002,
    "Timestamp": "2014-02-05 14:22:28.178497+00:00",
    "Computer": "IACIS-HDD-2014",
    "Channel": "Application",
    "Level": "Information",
    "EventData": {},
    "RawXml": "<Event xmlns=\"http://schemas.microsoft.com/win/2004/08/events/event\"><System><Provider Name=\"Microsoft-Windows-LoadPerf\" Guid=\"{122ee297-bb47-41ae-b265-1ca8d1886d40}\"></Provider>\n<EventID Qualifiers=\"\">1002</EventID>\n<Version>0</Version>\n<Level>4</Level>\n<Task>0</Task>\n<Opcode>0</Opcode>\n<Keywords>0x8000000000000000</Keywords>\n<TimeCreated SystemTime=\"2014-02-05 14:22:28.178497+00:00\"></TimeCreated>\n<EventRecordID>1047</EventRecordID>\n<Correlation ActivityID=\"\" RelatedActivityID=\"\"></Correlation>\n<Execution ProcessID=\"2436\" ThreadID=\"3732\"></Execution>\n<Channel>Application</Channel>\n<Computer>IACIS-HDD-2014</Computer>\n<Security UserID=\"S-1-5-18\"></Security>\n</System>\n<UserData><EventXML xmlns:auto-ns2=\"http://schemas.microsoft.com/win/2004/08/events\" xmlns=\"LoadPerf\"><param1>SMSvcHost 4.0.0.0</param1>\n<param2>SMSvcHost 4.0.0.0</param2>\n<binaryDataSize>4</binaryDataSize>\n<binaryData>whIAAA==</binaryData>\n</EventXML>\n</UserData>\n</Event>\n"
  },
  {
    "EventID": 1000,
    "Timestamp": "2014-02-05 14:22:28.537296+00:00",
    "Computer": "IACIS-HDD-2014",
    "Channel": "Application",
    "Level": "Information",
    "EventData": {},
    "RawXml": "<Event xmlns=\"http://schemas.microsoft.com/win/2004/08/events/event\"><System><Provider Name=\"Microsoft-Windows-LoadPerf\" Guid=\"{122ee297-bb47-41ae-b265-1ca8d1886d40}\"></Provider>\n<EventID Qualifiers=\"\">1000</EventID>\n<Version>0</Version>\n<Level>4</Level>\n<Task>0</Task>\n<Opcode>0</Opcode>\n<Keywords>0x8000000000000000</Keywords>\n<TimeCreated SystemTime=\"2014-02-05 14:22:28.537296+00:00\"></TimeCreated>\n<EventRecordID>1048</EventRecordID>\n<Correlation ActivityID=\"\" RelatedActivityID=\"\"></Correlation>\n<Execution ProcessID=\"2460\" ThreadID=\"2284\"></Execution>\n<Channel>Application</Channel>\n<Computer>IACIS-HDD-2014</Computer>\n<Security UserID=\"S-1-5-18\"></Security>\n</System>\n<UserData><EventXML xmlns:auto-ns2=\"http://schemas.microsoft.com/win/2004/08/events\" xmlns=\"LoadPerf\"><param1>MSDTC Bridge 4.0.0.0</param1>\n<param2>MSDTC Bridge 4.0.0.0</param2>\n<binaryDataSize>16</binaryDataSize>\n<binaryData>RC8AAFovAABFLwAAWy8AAA==</binaryData>\n</EventXML>\n</UserData>\n</Event>\n"
  },
  {
    "EventID": 1002,
    "Timestamp": "2014-02-05 14:22:28.677696+00:00",
    "Computer": "IACIS-HDD-2014",
    "Channel": "Application",
    "Level": "Information",
    "EventData": {},
    "RawXml": "<Event xmlns=\"http://schemas.microsoft.com/win/2004/08/events/event\"><System><Provider Name=\"Microsoft-Windows-LoadPerf\" Guid=\"{122ee297-bb47-41ae-b265-1ca8d1886d40}\"></Provider>\n<EventID Qualifiers=\"\">1002</EventID>\n<Version>0</Version>\n<Level>4</Level>\n<Task>0</Task>\n<Opcode>0</Opcode>\n<Keywords>0x8000000000000000</Keywords>\n<TimeCreated SystemTime=\"2014-02-05 14:22:28.677696+00:00\"></TimeCreated>\n<EventRecordID>1049</EventRecordID>\n<Correlation ActivityID=\"\" RelatedActivityID=\"\"></Correlation>\n<Execution ProcessID=\"3152\" ThreadID=\"3384\"></Execution>\n<Channel>Application</Channel>\n<Computer>IACIS-HDD-2014</Computer>\n<Security UserID=\"S-1-5-18\"></Security>\n</System>\n<UserData><EventXML xmlns:auto-ns2=\"http://schemas.microsoft.com/win/2004/08/events\" xmlns=\"LoadPerf\"><param1>MSDTC Bridge 4.0.0.0</param1>\n<param2>MSDTC Bridge 4.0.0.0</param2>\n<binaryDataSize>4</binaryDataSize>\n<binaryData>whIAAA==</binaryData>\n</EventXML>\n</UserData>\n</Event>\n"
  },
  {
    "EventID": 1002,
    "Timestamp": "2014-02-05 14:24:29.013330+00:00",
    "Computer": "IACIS-HDD-2014",
    "Channel": "Application",
    "Level": "Information",
    "EventData": {},
    "RawXml": "<Event xmlns=\"http://schemas.microsoft.com/win/2004/08/events/event\"><System><Provider Name=\"Microsoft-Windows-LoadPerf\" Guid=\"{122ee297-bb47-41ae-b265-1ca8d1886d40}\"></Provider>\n<EventID Qualifiers=\"\">1002</EventID>\n<Version>0</Version>\n<Level>4</Level>\n<Task>0</Task>\n<Opcode>0</Opcode>\n<Keywords>0x8000000000000000</Keywords>\n<TimeCreated SystemTime=\"2014-02-05 14:24:29.013330+00:00\"></TimeCreated>\n<EventRecordID>1050</EventRecordID>\n<Correlation ActivityID=\"\" RelatedActivityID=\"\"></Correlation>\n<Execution ProcessID=\"1264\" ThreadID=\"2256\"></Execution>\n<Channel>Application</Channel>\n<Computer>IACIS-HDD-2014</Computer>\n<Security UserID=\"S-1-5-18\"></Security>\n</System>\n<UserData><EventXML xmlns:auto-ns2=\"http://schemas.microsoft.com/win/2004/08/events\" xmlns=\"LoadPerf\"><param1>.NET CLR Networking 4.0.0.0</param1>\n<param2>.NET CLR Networking 4.0.0.0</param2>\n<binaryDataSize>4</binaryDataSize>\n<binaryData>whIAAA==</binaryData>\n</EventXML>\n</UserData>\n</Event>\n"
  },
  {
    "EventID": 1002,
    "Timestamp": "2014-02-05 14:24:29.496933+00:00",
    "Computer": "IACIS-HDD-2014",
    "Channel": "Application",
    "Level": "Information",
    "EventData": {},
    "RawXml": "<Event xmlns=\"http://schemas.microsoft.com/win/2004/08/events/event\"><System><Provider Name=\"Microsoft-Windows-LoadPerf\" Guid=\"{122ee297-bb47-41ae-b265-1ca8d1886d40}\"></Provider>\n<EventID Qualifiers=\"\">1002</EventID>\n<Version>0</Version>\n<Level>4</Level>\n<Task>0</Task>\n<Opcode>0</Opcode>\n<Keywords>0x8000000000000000</Keywords>\n<TimeCreated SystemTime=\"2014-02-05 14:24:29.496933+00:00\"></TimeCreated>\n<EventRecordID>1051</EventRecordID>\n<Correlation ActivityID=\"\" RelatedActivityID=\"\"></Correlation>\n<Execution ProcessID=\"3252\" ThreadID=\"2860\"></Execution>\n<Channel>Application</Channel>\n<Computer>IACIS-HDD-2014</Computer>\n<Security UserID=\"S-1-5-18\"></Security>\n</System>\n<UserData><EventXML xmlns:auto-ns2=\"http://schemas.microsoft.com/win/2004/08/events\" xmlns=\"LoadPerf\"><param1>.NET CLR Networking 4.0.0.0</param1>\n<param2>.NET CLR Networking 4.0.0.0</param2>\n<binaryDataSize>4</binaryDataSize>\n<binaryData>whIAAA==</binaryData>\n</EventXML>\n</UserData>\n</Event>\n"
  },
  {
    "EventID": 1022,
    "Timestamp": "2014-02-05 14:24:34+00:00",
    "Computer": "IACIS-HDD-2014",
    "Channel": "Application",
    "Level": "Information",
    "EventData": {
      "": "<string>Microsoft .NET Framework 4 Client Profile</string>\n<string>KB2737019</string>\n<string>(NULL)</string>\n<string>(NULL)</string>\n<string>(NULL)</string>\n<string>(NULL)</string>\n<string></string>\n"
    },
    "RawXml": "<Event xmlns=\"http://schemas.microsoft.com/win/2004/08/events/event\"><System><Provider Name=\"MsiInstaller\"></Provider>\n<EventID Qualifiers=\"0\">1022</EventID>\n<Level>4</Level>\n<Task>0</Task>\n<Keywords>0x0080000000000000</Keywords>\n<TimeCreated SystemTime=\"2014-02-05 14:24:34+00:00\"></TimeCreated>\n<EventRecordID>1052</EventRecordID>\n<Channel>Application</Channel>\n<Computer>IACIS-HDD-2014</Computer>\n<Security UserID=\"S-1-5-18\"></Security>\n</System>\n<EventData><Data>&lt;string&gt;Microsoft .NET Framework 4 Client Profile&lt;/string&gt;\n&lt;string&gt;KB2737019&lt;/string&gt;\n&lt;string&gt;(NULL)&lt;/string&gt;\n&lt;string&gt;(NULL)&lt;/string&gt;\n&lt;string&gt;(NULL)&lt;/string&gt;\n&lt;string&gt;(NULL)&lt;/string&gt;\n&lt;string&gt;&lt;/string&gt;\n</Data>\n<Binary>e0Y1QjA5Q0ZELUYwQjItMzZBRi04REY0LTFERjZCNjNGQzdCNH0ge0YxNjk2RTJGLTQ4MDMtMzYyRi1BNzU2LTY1QjM2MzQ4M0ZFNn0=</Binary>\n</EventData>\n</Event>\n"
  },
  {
    "EventID": 1036,
    "Timestamp": "2014-02-05 14:24:34+00:00",
    "Computer": "IACIS-HDD-2014",
    "Channel": "Application",
    "Level": "Information",
    "EventData": {
      "": "<string>Microsoft .NET Framework 4 Client Profile</string>\n<string>4.0.30319</string>\n<string>0</string>\n<string>KB2737019</string>\n<string>0</string>\n<string>Microsoft Corporation</string>\n<string></string>\n"
    },
    "RawXml": "<Event xmlns=\"http://schemas.microsoft.com/win/2004/08/events/event\"><System><Provider Name=\"MsiInstaller\"></Provider>\n<EventID Qualifiers=\"0\">1036</EventID>\n<Level>4</Level>\n<Task>0</Task>\n<Keywords>0x0080000000000000</Keywords>\n<TimeCreated SystemTime=\"2014-02-05 14:24:34+00:00\"></TimeCreated>\n<EventRecordID>1053</EventRecordID>\n<Channel>Application</Channel>\n<Computer>IACIS-HDD-2014</Computer>\n<Security UserID=\"S-1-5-18\"></Security>\n</System>\n<EventData><Data>&lt;string&gt;Microsoft .NET Framework 4 Client Profile&lt;/string&gt;\n&lt;string&gt;4.0.30319&lt;/string&gt;\n&lt;string&gt;0&lt;/string&gt;\n&lt;string&gt;KB2737019&lt;/string&gt;\n&lt;string&gt;0&lt;/string&gt;\n&lt;string&gt;Microsoft Corporation&lt;/string&gt;\n&lt;string&gt;&lt;/string&gt;\n</Data>\n<Binary>e0Y1QjA5Q0ZELUYwQjItMzZBRi04REY0LTFERjZCNjNGQzdCNH0wMDAwZDJlYmY0NjgzMWQyY2IzMjlhZjc2NzI5M2ViMjBjZmQwMDAwMDAwMA==</Binary>\n</EventData>\n</Event>\n"
  },
  {
    "EventID": 11728,
    "Timestamp": "2014-02-05 14:24:34+00:00",
    "Computer": "IACIS-HDD-2014",
    "Channel": "Application",
    "Level": "Information",
    "EventData": {
      "": "<string>Product: Microsoft .NET Framework 4 Client Profile -- Configuration completed successfully.</string>\n<string>(NULL)</string>\n<string>(NULL)</string>\n<string>(NULL)</string>\n<string>(NULL)</string>\n<string>(NULL)</string>\n<string></string>\n"
    },
    "RawXml": "<Event xmlns=\"http://schemas.microsoft.com/win/2004/08/events/event\"><System><Provider Name=\"MsiInstaller\"></Provider>\n<EventID Qualifiers=\"0\">11728</EventID>\n<Level>4</Level>\n<Task>0</Task>\n<Keywords>0x0080000000000000</Keywords>\n<TimeCreated SystemTime=\"2014-02-05 14:24:34+00:00\"></TimeCreated>\n<EventRecordID>1054</EventRecordID>\n<Channel>Application</Channel>\n<Computer>IACIS-HDD-2014</Computer>\n<Security UserID=\"S-1-5-18\"></Security>\n</System>\n<EventData><Data>&lt;string&gt;Product: Microsoft .NET Framework 4 Client Profile -- Configuration completed successfully.&lt;/string&gt;\n&lt;string&gt;(NULL)&lt;/string&gt;\n&lt;string&gt;(NULL)&lt;/string&gt;\n&lt;string&gt;(NULL)&lt;/string&gt;\n&lt;string&gt;(NULL)&lt;/string&gt;\n&lt;string&gt;(NULL)&lt;/string&gt;\n&lt;string&gt;&lt;/string&gt;\n</Data>\n<Binary>e0Y1QjA5Q0ZELUYwQjItMzZBRi04REY0LTFERjZCNjNGQzdCNH0=</Binary>\n</EventData>\n</Event>\n"
  },
  {
    "EventID": 1035,
    "Timestamp": "2014-02-05 14:24:34+00:00",
    "Computer": "IACIS-HDD-2014",
    "Channel": "Application",
    "Level": "Information",
    "EventData": {
      "": "<string>Microsoft .NET Framework 4 Client Profile</string>\n<string>4.0.30319</string>\n<string>0</string>\n<string>0</string>\n<string>Microsoft Corporation</string>\n<string>(NULL)</string>\n<string></string>\n"
    },
    "RawXml": "<Event xmlns=\"http://schemas.microsoft.com/win/2004/08/events/event\"><System><Provider Name=\"MsiInstaller\"></Provider>\n<EventID Qualifiers=\"0\">1035</EventID>\n<Level>4</Level>\n<Task>0</Task>\n<Keywords>0x0080000000000000</Keywords>\n<TimeCreated SystemTime=\"2014-02-05 14:24:34+00:00\"></TimeCreated>\n<EventRecordID>1055</EventRecordID>\n<Channel>Application</Channel>\n<Computer>IACIS-HDD-2014</Computer>\n<Security UserID=\"S-1-5-18\"></Security>\n</System>\n<EventData><Data>&lt;string&gt;Microsoft .NET Framework 4 Client Profile&lt;/string&gt;\n&lt;string&gt;4.0.30319&lt;/string&gt;\n&lt;string&gt;0&lt;/string&gt;\n&lt;string&gt;0&lt;/string&gt;\n&lt;string&gt;Microsoft Corporation&lt;/string&gt;\n&lt;string&gt;(NULL)&lt;/string&gt;\n&lt;string&gt;&lt;/string&gt;\n</Data>\n<Binary>e0Y1QjA5Q0ZELUYwQjItMzZBRi04REY0LTFERjZCNjNGQzdCNH0wMDAwZDJlYmY0NjgzMWQyY2IzMjlhZjc2NzI5M2ViMjBjZmQwMDAwMDAwMA==</Binary>\n</EventData>\n</Event>\n"
  },
  {
    "EventID": 1042,
    "Timestamp": "2014-02-05 14:24:34+00:00",
    "Computer": "IACIS-HDD-2014",
    "Channel": "Application",
    "Level": "Information",
    "EventData": {
      "": "<string>C:\\Windows\\Installer\\2c91bb.msi</string>\n<string>2484</string>\n<string>(NULL)</string>\n<string>(NULL)</string>\n<string>(NULL)</string>\n<string>(NULL)</string>\n<string></string>\n"
    },
    "RawXml": "<Event xmlns=\"http://schemas.microsoft.com/win/2004/08/events/event\"><System><Provider Name=\"MsiInstaller\"></Provider>\n<EventID Qualifiers=\"0\">1042</EventID>\n<Level>4</Level>\n<Task>0</Task>\n<Keywords>0x0080000000000000</Keywords>\n<TimeCreated SystemTime=\"2014-02-05 14:24:34+00:00\"></TimeCreated>\n<EventRecordID>1056</EventRecordID>\n<Channel>Application</Channel>\n<Computer>IACIS-HDD-2014</Computer>\n<Security UserID=\"S-1-5-18\"></Security>\n</System>\n<EventData><Data>&lt;string&gt;C:\\Windows\\Installer\\2c91bb.msi&lt;/string&gt;\n&lt;string&gt;2484&lt;/string&gt;\n&lt;string&gt;(NULL)&lt;/string&gt;\n&lt;string&gt;(NULL)&lt;/string&gt;\n&lt;string&gt;(NULL)&lt;/string&gt;\n&lt;string&gt;(NULL)&lt;/string&gt;\n&lt;string&gt;&lt;/string&gt;\n</Data>\n<Binary></Binary>\n</EventData>\n</Event>\n"
  },
  {
    "EventID": 10001,
    "Timestamp": "2014-02-05 14:24:34.145741+00:00",
    "Computer": "IACIS-HDD-2014",
    "Channel": "Application",
    "Level": "Information",
    "EventData": {},
    "RawXml": "<Event xmlns=\"http://schemas.microsoft.com/win/2004/08/events/event\"><System><Provider Name=\"Microsoft-Windows-RestartManager\" Guid=\"{0888e5ef-9b98-4695-979d-e92ce4247224}\"></Provider>\n<EventID Qualifiers=\"\">10001</EventID>\n<Version>0</Version>\n<Level>4</Level>\n<Task>0</Task>\n<Opcode>0</Opcode>\n<Keywords>0x8000000000000000</Keywords>\n<TimeCreated SystemTime=\"2014-02-05 14:24:34.145741+00:00\"></TimeCreated>\n<EventRecordID>1057</EventRecordID>\n<Correlation ActivityID=\"\" RelatedActivityID=\"\"></Correlation>\n<Execution ProcessID=\"2608\" ThreadID=\"3340\"></Execution>\n<Channel>Application</Channel>\n<Computer>IACIS-HDD-2014</Computer>\n<Security UserID=\"S-1-5-18\"></Security>\n</System>\n<UserData><RmSessionEvent xmlns:auto-ns2=\"http://schemas.microsoft.com/win/2004/08/events\" xmlns=\"http://www.microsoft.com/2005/08/Windows/Reliability/RestartManager/\"><RmSessionId>0</RmSessionId>\n<UTCStartTime>2014-02-05 14:21:00.600962+00:00</UTCStartTime>\n</RmSessionEvent>\n</UserData>\n</Event>\n"
  },
  {
    "EventID": 1040,
    "Timestamp": "2014-02-05 14:24:43+00:00",
    "Computer": "IACIS-HDD-2014",
    "Channel": "Application",
    "Level": "Information",
    "EventData": {
      "": "<string>C:\\Windows\\Installer\\2c91bb.msi</string>\n<string>3512</string>\n<string>(NULL)</string>\n<string>(NULL)</string>\n<string>(NULL)</string>\n<string>(NULL)</string>\n<string></string>\n"
    },
    "RawXml": "<Event xmlns=\"http://schemas.microsoft.com/win/2004/08/events/event\"><System><Provider Name=\"MsiInstaller\"></Provider>\n<EventID Qualifiers=\"0\">1040</EventID>\n<Level>4</Level>\n<Task>0</Task>\n<Keywords>0x0080000000000000</Keywords>\n<TimeCreated SystemTime=\"2014-02-05 14:24:43+00:00\"></TimeCreated>\n<EventRecordID>1058</EventRecordID>\n<Channel>Application</Channel>\n<Computer>IACIS-HDD-2014</Computer>\n<Security UserID=\"S-1-5-18\"></Security>\n</System>\n<EventData><Data>&lt;string&gt;C:\\Windows\\Installer\\2c91bb.msi&lt;/string&gt;\n&lt;string&gt;3512&lt;/string&gt;\n&lt;string&gt;(NULL)&lt;/string&gt;\n&lt;string&gt;(NULL)&lt;/string&gt;\n&lt;string&gt;(NULL)&lt;/string&gt;\n&lt;string&gt;(NULL)&lt;/string&gt;\n&lt;string&gt;&lt;/string&gt;\n</Data>\n<Binary></Binary>\n</EventData>\n</Event>\n"
  },
  {
    "EventID": 10000,
    "Timestamp": "2014-02-05 14:24:45.159359+00:00",
    "Computer": "IACIS-HDD-2014",
    "Channel": "Application",
    "Level": "Information",
    "EventData": {},
    "RawXml": "<Event xmlns=\"http://schemas.microsoft.com/win/2004/08/events/event\"><System><Provider Name=\"Microsoft-Windows-RestartManager\" Guid=\"{0888e5ef-9b98-4695-979d-e92ce4247224}\"></Provider>\n<EventID Qualifiers=\"\">10000</EventID>\n<Version>0</Version>\n<Level>4</Level>\n<Task>0</Task>\n<Opcode>0</Opcode>\n<Keywords>0x8000000000000000</Keywords>\n<TimeCreated SystemTime=\"2014-02-05 14:24:45.159359+00:00\"></TimeCreated>\n<EventRecordID>1059</EventRecordID>\n<Correlation ActivityID=\"\" RelatedActivityID=\"\"></Correlation>\n<Execution ProcessID=\"2608\" ThreadID=\"4072\"></Execution>\n<Channel>Application</Channel>\n<Computer>IACIS-HDD-2014</Computer>\n<Security UserID=\"S-1-5-18\"></Security>\n</System>\n<UserData><RmSessionEvent xmlns:auto-ns2=\"http://schemas.microsoft.com/win/2004/08/events\" xmlns=\"http://www.microsoft.com/2005/08/Windows/Reliability/RestartManager/\"><RmSessionId>0</RmSessionId>\n<UTCStartTime>2014-02-05 14:24:45.159359+00:00</UTCStartTime>\n</RmSessionEvent>\n</UserData>\n</Event>\n"
  },
  {
    "EventID": 1001,
    "Timestamp": "2014-02-05 14:25:22.474625+00:00",
    "Computer": "IACIS-HDD-2014",
    "Channel": "Application",
    "Level": "Information",
    "EventData": {},
    "RawXml": "<Event xmlns=\"http://schemas.microsoft.com/win/2004/08/events/event\"><System><Provider Name=\"Microsoft-Windows-LoadPerf\" Guid=\"{122ee297-bb47-41ae-b265-1ca8d1886d40}\"></Provider>\n<EventID Qualifiers=\"\">1001</EventID>\n<Version>0</Version>\n<Level>4</Level>\n<Task>0</Task>\n<Opcode>0</Opcode>\n<Keywords>0x8000000000000000</Keywords>\n<TimeCreated SystemTime=\"2014-02-05 14:25:22.474625+00:00\"></TimeCreated>\n<EventRecordID>1060</EventRecordID>\n<Correlation ActivityID=\"\" RelatedActivityID=\"\"></Correlation>\n<Execution ProcessID=\"204\" ThreadID=\"2524\"></Execution>\n<Channel>Application</Channel>\n<Computer>IACIS-HDD-2014</Computer>\n<Security UserID=\"S-1-5-18\"></Security>\n</System>\n<UserData><EventXML xmlns:auto-ns2=\"http://schemas.microsoft.com/win/2004/08/events\" xmlns=\"LoadPerf\"><param1>{890c10c3-8c2a-4fe3-a36a-9eca153d47cb}</param1>\n<param2>ServiceModel 4.0.0.0</param2>\n<binaryDataSize>0</binaryDataSize>\n<binaryData></binaryData>\n</EventXML>\n</UserData>\n</Event>\n"
  },
  {
    "EventID": 1001,
    "Timestamp": "2014-02-05 14:25:24.284227+00:00",
    "Computer": "IACIS-HDD-2014",
    "Channel": "Application",
    "Level": "Information",
    "EventData": {},
    "RawXml": "<Event xmlns=\"http://schemas.microsoft.com/win/2004/08/events/event\"><System><Provider Name=\"Microsoft-Windows-LoadPerf\" Guid=\"{122ee297-bb47-41ae-b265-1ca8d1886d40}\"></Provider>\n<EventID Qualifiers=\"\">1001</EventID>\n<Version>0</Version>\n<Level>4</Level>\n<Task>0</Task>\n<Opcode>0</Opcode>\n<Keywords>0x8000000000000000</Keywords>\n<TimeCreated SystemTime=\"2014-02-05 14:25:24.284227+00:00\"></TimeCreated>\n<EventRecordID>1061</EventRecordID>\n<Correlation ActivityID=\"\" RelatedActivityID=\"\"></Correlation>\n<Execution ProcessID=\"1020\" ThreadID=\"1776\"></Execution>\n<Channel>Application</Channel>\n<Computer>IACIS-HDD-2014</Computer>\n<Security UserID=\"S-1-5-18\"></Security>\n</System>\n<UserData><EventXML xmlns:auto-ns2=\"http://schemas.microsoft.com/win/2004/08/events\" xmlns=\"LoadPerf\"><param1>SMSvcHost 4.0.0.0</param1>\n<param2>SMSvcHost 4.0.0.0</param2>\n<binaryDataSize>12</binaryDataSize>\n<binaryData>Wi8AAFsvAAA0BwAA</binaryData>\n</EventXML>\n</UserData>\n</Event>\n"
  },
  {
    "EventID": 1001,
    "Timestamp": "2014-02-05 14:25:24.565029+00:00",
    "Computer": "IACIS-HDD-2014",
    "Channel": "Application",
    "Level": "Information",
    "EventData": {},
    "RawXml": "<Event xmlns=\"http://schemas.microsoft.com/win/2004/08/events/event\"><System><Provider Name=\"Microsoft-Windows-LoadPerf\" Guid=\"{122ee297-bb47-41ae-b265-1ca8d1886d40}\"></Provider>\n<EventID Qualifiers=\"\">1001</EventID>\n<Version>0</Version>\n<Level>4</Level>\n<Task>0</Task>\n<Opcode>0</Opcode>\n<Keywords>0x8000000000000000</Keywords>\n<TimeCreated SystemTime=\"2014-02-05 14:25:24.565029+00:00\"></TimeCreated>\n<EventRecordID>1062</EventRecordID>\n<Correlation ActivityID=\"\" RelatedActivityID=\"\"></Correlation>\n<Execution ProcessID=\"2368\" ThreadID=\"2824\"></Execution>\n<Channel>Application</Channel>\n<Computer>IACIS-HDD-2014</Computer>\n<Security UserID=\"S-1-5-18\"></Security>\n</System>\n<UserData><EventXML xmlns:auto-ns2=\"http://schemas.microsoft.com/win/2004/08/events\" xmlns=\"LoadPerf\"><param1>MSDTC Bridge 4.0.0.0</param1>\n<param2>MSDTC Bridge 4.0.0.0</param2>\n<binaryDataSize>12</binaryDataSize>\n<binaryData>9C0AAPUtAAA0BwAA</binaryData>\n</EventXML>\n</UserData>\n</Event>\n"
  },
  {
    "EventID": 1000,
    "Timestamp": "2014-02-05 14:26:04.781898+00:00",
    "Computer": "IACIS-HDD-2014",
    "Channel": "Application",
    "Level": "Information",
    "EventData": {},
    "RawXml": "<Event xmlns=\"http://schemas.microsoft.com/win/2004/08/events/event\"><System><Provider Name=\"Microsoft-Windows-LoadPerf\" Guid=\"{122ee297-bb47-41ae-b265-1ca8d1886d40}\"></Provider>\n<EventID Qualifiers=\"\">1000</EventID>\n<Version>0</Version>\n<Level>4</Level>\n<Task>0</Task>\n<Opcode>0</Opcode>\n<Keywords>0x8000000000000000</Keywords>\n<TimeCreated SystemTime=\"2014-02-05 14:26:04.781898+00:00\"></TimeCreated>\n<EventRecordID>1063</EventRecordID>\n<Correlation ActivityID=\"\" RelatedActivityID=\"\"></Correlation>\n<Execution ProcessID=\"2772\" ThreadID=\"848\"></Execution>\n<Channel>Application</Channel>\n<Computer>IACIS-HDD-2014</Computer>\n<Security UserID=\"S-1-5-18\"></Security>\n</System>\n<UserData><EventXML xmlns:auto-ns2=\"http://schemas.microsoft.com/win/2004/08/events\" xmlns=\"LoadPerf\"><param1>{890c10c3-8c2a-4fe3-a36a-9eca153d47cb}</param1>\n<param2>ServiceModel 4.0.0.0</param2>\n<binaryDataSize>0</binaryDataSize>\n<binaryData></binaryData>\n</EventXML>\n</UserData>\n</Event>\n"
  },
  {
    "EventID": 1000,
    "Timestamp": "2014-02-05 14:26:05.920702+00:00",
    "Computer": "IACIS-HDD-2014",
    "Channel": "Application",
    "Level": "Information",
    "EventData": {},
    "RawXml": "<Event xmlns=\"http://schemas.microsoft.com/win/2004/08/events/event\"><System><Provider Name=\"Microsoft-Windows-LoadPerf\" Guid=\"{122ee297-bb47-41ae-b265-1ca8d1886d40}\"></Provider>\n<EventID Qualifiers=\"\">1000</EventID>\n<Version>0</Version>\n<Level>4</Level>\n<Task>0</Task>\n<Opcode>0</Opcode>\n<Keywords>0x8000000000000000</Keywords>\n<TimeCreated SystemTime=\"2014-02-05 14:26:05.920702+00:00\"></TimeCreated>\n<EventRecordID>1064</EventRecordID>\n<Correlation ActivityID=\"\" RelatedActivityID=\"\"></Correlation>\n<Execution ProcessID=\"3300\" ThreadID=\"3904\"></Execution>\n<Channel>Application</Channel>\n<Computer>IACIS-HDD-2014</Computer>\n<Security UserID=\"S-1-5-18\"></Security>\n</System>\n<UserData><EventXML xmlns:auto-ns2=\"http://schemas.microsoft.com/win/2004/08/events\" xmlns=\"LoadPerf\"><param1>SMSvcHost 4.0.0.0</param1>\n<param2>SMSvcHost 4.0.0.0</param2>\n<binaryDataSize>16</binaryDataSize>\n<binaryData>Ji8AAEIvAAAnLwAAQy8AAA==</binaryData>\n</EventXML>\n</UserData>\n</Event>\n"
  },
