  {
    "EventID": 1530,
    "Timestamp": "2014-02-04 19:18:35.798140+00:00",
    "Computer": "IACIS-HDD-2014",
    "Channel": "Application",
    "Level": "Warning",
    "EventData": {
      "Detail": "14 user registry handles leaked from \\Registry\\User\\S-1-5-21-1171287513-3642516788-2358256967-1003:\nProcess 3496 (\\Device\\HarddiskVolume2\\Program Files\\Common Files\\Microsoft Shared\\Windows Live\\WLIDSVC.EXE) has opened key \\REGISTRY\\USER\\S-1-5-21-1171287513-3642516788-2358256967-1003\nProcess 3496 (\\Device\\HarddiskVolume2\\Program Files\\Common Files\\Microsoft Shared\\Windows Live\\WLIDSVC.EXE) has opened key \\REGISTRY\\USER\\S-1-5-21-1171287513-3642516788-2358256967-1003\nProcess 3496 (\\Device\\HarddiskVolume2\\Program Files\\Common Files\\Microsoft Shared\\Windows Live\\WLIDSVC.EXE) has opened key \\REGISTRY\\USER\\S-1-5-21-1171287513-3642516788-2358256967-1003\nProcess 3496 (\\Device\\HarddiskVolume2\\Program Files\\Common Files\\Microsoft Shared\\Windows Live\\WLIDSVC.EXE) has opened key \\REGISTRY\\USER\\S-1-5-21-1171287513-3642516788-2358256967-1003\nProcess 3496 (\\Device\\HarddiskVolume2\\Program Files\\Common Files\\Microsoft Shared\\Windows Live\\WLIDSVC.EXE) has opened key \\REGISTRY\\USER\\S-1-5-21-1171287513-3642516788-2358256967-1003\\Software\\Policies\\Microsoft\\SystemCertificates\nProcess 3496 (\\Device\\HarddiskVolume2\\Program Files\\Common Files\\Microsoft Shared\\Windows Live\\WLIDSVC.EXE) has opened key \\REGISTRY\\USER\\S-1-5-21-1171287513-3642516788-2358256967-1003\\Software\\Policies\\Microsoft\\SystemCertificates\nProcess 3496 (\\Device\\HarddiskVolume2\\Program Files\\Common Files\\Microsoft Shared\\Windows Live\\WLIDSVC.EXE) has opened key \\REGISTRY\\USER\\S-1-5-21-1171287513-3642516788-2358256967-1003\\Software\\Policies\\Microsoft\\SystemCertificates\nProcess 3496 (\\Device\\HarddiskVolume2\\Program Files\\Common Files\\Microsoft Shared\\Windows Live\\WLIDSVC.EXE) has opened key \\REGISTRY\\USER\\S-1-5-21-1171287513-3642516788-2358256967-1003\\Software\\Microsoft\\SystemCertificates\\Root\nProcess 3496 (\\Device\\HarddiskVolume2\\Program Files\\Common Files\\Microsoft Shared\\Windows Live\\WLIDSVC.EXE) has opened key \\REGISTRY\\USER\\S-1-5-21-1171287513-3642516788-2358256967-1003\\Software\\Microsoft\\SystemCertificates\\TrustedPeople\nProcess 3496 (\\Device\\HarddiskVolume2\\Program Files\\Common Files\\Microsoft Shared\\Windows Live\\WLIDSVC.EXE) has opened key \\REGISTRY\\USER\\S-1-5-21-1171287513-3642516788-2358256967-1003\\Software\\Microsoft\\SystemCertificates\\My\nProcess 3496 (\\Device\\HarddiskVolume2\\Program Files\\Common Files\\Microsoft Shared\\Windows Live\\WLIDSVC.EXE) has opened key \\REGISTRY\\USER\\S-1-5-21-1171287513-3642516788-2358256967-1003\\Software\\Microsoft\\SystemCertificates\\CA\nProcess 3496 (\\Device\\HarddiskVolume2\\Program Files\\Common Files\\Microsoft Shared\\Windows Live\\WLIDSVC.EXE) has opened key \\REGISTRY\\USER\\S-1-5-21-1171287513-3642516788-2358256967-1003\\Software\\Microsoft\\SystemCertificates\\Disallowed\nProcess 3496 (\\Device\\HarddiskVolume2\\Program Files\\Common Files\\Microsoft Shared\\Windows Live\\WLIDSVC.EXE) has opened key \\REGISTRY\\USER\\S-1-5-21-1171287513-3642516788-2358256967-1003\\Software\\Microsoft\\SystemCertificates\\SmartCardRoot\nProcess 3496 (\\Device\\HarddiskVolume2\\Program Files\\Common Files\\Microsoft Shared\\Windows Live\\WLIDSVC.EXE) has opened key \\REGISTRY\\USER\\S-1-5-21-1171287513-3642516788-2358256967-1003\\Software\\Microsoft\\SystemCertificates\\trust\n"
    },
    "RawXml": "<Event xmlns=\"http://schemas.microsoft.com/win/2004/08/events/event\"><System><Provider Name=\"Microsoft-Windows-User Profiles Service\" Guid=\"{89b1e9f0-5aff-44a6-9b44-0a07a7ce5845}\"></Provider>\n<EventID Qualifiers=\"\">1530</EventID>\n<Version>0</Version>\n<Level>3</Level>\n<Task>0</Task>\n<Opcode>0</Opcode>\n<Keywords>0x8000000000000000</Keywords>\n<TimeCreated SystemTime=\"2014-02-04 19:18:35.798140+00:00\"></TimeCreated>\n<EventRecordID>790</EventRecordID>\n<Correlation ActivityID=\"{02b13c40-f800-0000-84fb-7ef1b221cf01}\" RelatedActivityID=\"\"></Correlation>\n<Execution ProcessID=\"988\" ThreadID=\"1020\"></Execution>\n<Channel>Application</Channel>\n<Computer>IACIS-HDD-2014</Computer>\n<Security UserID=\"S-1-5-18\"></Security>\n</System>\n<EventData Name=\"EVENT_HIVE_LEAK\"><Data Name=\"Detail\">14 user registry handles leaked from \\Registry\\User\\S-1-5-21-1171287513-3642516788-2358256967-1003:\nProcess 3496 (\\Device\\HarddiskVolume2\\Program Files\\Common Files\\Microsoft Shared\\Windows Live\\WLIDSVC.EXE) has opened key \\REGISTRY\\USER\\S-1-5-21-1171287513-3642516788-2358256967-1003\nProcess 3496 (\\Device\\HarddiskVolume2\\Program Files\\Common Files\\Microsoft Shared\\Windows Live\\WLIDSVC.EXE) has opened key \\REGISTRY\\USER\\S-1-5-21-1171287513-3642516788-2358256967-1003\nProcess 3496 (\\Device\\HarddiskVolume2\\Program Files\\Common Files\\Microsoft Shared\\Windows Live\\WLIDSVC.EXE) has opened key \\REGISTRY\\USER\\S-1-5-21-1171287513-3642516788-2358256967-1003\nProcess 3496 (\\Device\\HarddiskVolume2\\Program Files\\Common Files\\Microsoft Shared\\Windows Live\\WLIDSVC.EXE) has opened key \\REGISTRY\\USER\\S-1-5-21-1171287513-3642516788-2358256967-1003\nProcess 3496 (\\Device\\HarddiskVolume2\\Program Files\\Common Files\\Microsoft Shared\\Windows Live\\WLIDSVC.EXE) has opened key \\REGISTRY\\USER\\S-1-5-21-1171287513-3642516788-2358256967-1003\\Software\\Policies\\Microsoft\\SystemCertificates\nProcess 3496 (\\Device\\HarddiskVolume2\\Program Files\\Common Files\\Microsoft Shared\\Windows Live\\WLIDSVC.EXE) has opened key \\REGISTRY\\USER\\S-1-5-21-1171287513-3642516788-2358256967-1003\\Software\\Policies\\Microsoft\\SystemCertificates\nProcess 3496 (\\Device\\HarddiskVolume2\\Program Files\\Common Files\\Microsoft Shared\\Windows Live\\WLIDSVC.EXE) has opened key \\REGISTRY\\USER\\S-1-5-21-1171287513-3642516788-2358256967-1003\\Software\\Policies\\Microsoft\\SystemCertificates\nProcess 3496 (\\Device\\HarddiskVolume2\\Program Files\\Common Files\\Microsoft Shared\\Windows Live\\WLIDSVC.EXE) has opened key \\REGISTRY\\USER\\S-1-5-21-1171287513-3642516788-2358256967-1003\\Software\\Microsoft\\SystemCertificates\\Root\nProcess 3496 (\\Device\\HarddiskVolume2\\Program Files\\Common Files\\Microsoft Shared\\Windows Live\\WLIDSVC.EXE) has opened key \\REGISTRY\\USER\\S-1-5-21-1171287513-3642516788-2358256967-1003\\Software\\Microsoft\\SystemCertificates\\TrustedPeople\nProcess 3496 (\\Device\\HarddiskVolume2\\Program Files\\Common Files\\Microsoft Shared\\Windows Live\\WLIDSVC.EXE) has opened key \\REGISTRY\\USER\\S-1-5-21-1171287513-3642516788-2358256967-1003\\Software\\Microsoft\\SystemCertificates\\My\nProcess 3496 (\\Device\\HarddiskVolume2\\Program Files\\Common Files\\Microsoft Shared\\Windows Live\\WLIDSVC.EXE) has opened key \\REGISTRY\\USER\\S-1-5-21-1171287513-3642516788-2358256967-1003\\Software\\Microsoft\\SystemCertificates\\CA\nProcess 3496 (\\Device\\HarddiskVolume2\\Program Files\\Common Files\\Microsoft Shared\\Windows Live\\WLIDSVC.EXE) has opened key \\REGISTRY\\USER\\S-1-5-21-1171287513-3642516788-2358256967-1003\\Software\\Microsoft\\SystemCertificates\\Disallowed\nProcess 3496 (\\Device\\HarddiskVolume2\\Program Files\\Common Files\\Microsoft Shared\\Windows Live\\WLIDSVC.EXE) has opened key \\REGISTRY\\USER\\S-1-5-21-1171287513-3642516788-2358256967-1003\\Software\\Microsoft\\SystemCertificates\\SmartCardRoot\nProcess 3496 (\\Device\\HarddiskVolume2\\Program Files\\Common Files\\Microsoft Shared\\Windows Live\\WLIDSVC.EXE) has opened key \\REGISTRY\\USER\\S-1-5-21-1171287513-3642516788-2358256967-1003\\Software\\Microsoft\\SystemCertificates\\trust\n</Data>\n</EventData>\n</Event>\n"
  },
  {
    "EventID": 1532,
    "Timestamp": "2014-02-04 19:18:47.217360+00:00",
    "Computer": "IACIS-HDD-2014",
    "Channel": "Application",
    "Level": "Information",
    "EventData": {},
    "RawXml": "<Event xmlns=\"http://schemas.microsoft.com/win/2004/08/events/event\"><System><Provider Name=\"Microsoft-Windows-User Profiles Service\" Guid=\"{89b1e9f0-5aff-44a6-9b44-0a07a7ce5845}\"></Provider>\n<EventID Qualifiers=\"\">1532</EventID>\n<Version>0</Version>\n<Level>4</Level>\n<Task>0</Task>\n<Opcode>0</Opcode>\n<Keywords>0x8000000000000000</Keywords>\n<TimeCreated SystemTime=\"2014-02-04 19:18:47.217360+00:00\"></TimeCreated>\n<EventRecordID>791</EventRecordID>\n<Correlation ActivityID=\"\" RelatedActivityID=\"\"></Correlation>\n<Execution ProcessID=\"988\" ThreadID=\"364\"></Execution>\n<Channel>Application</Channel>\n<Computer>IACIS-HDD-2014</Computer>\n<Security UserID=\"S-1-5-18\"></Security>\n</System>\n<EventData></EventData>\n</Event>\n"
  },
  {
    "EventID": 4625,
    "Timestamp": "2014-02-05 13:30:34+00:00",
    "Computer": "IACIS-HDD-2014",
    "Channel": "Application",
    "Level": "Information",
    "EventData": {
      "param1": "86400",
      "param2": "SuppressDuplicateDuration",
      "param3": "Software\\Microsoft\\EventSystem\\EventLog"
    },
    "RawXml": "<Event xmlns=\"http://schemas.microsoft.com/win/2004/08/events/event\"><System><Provider Name=\"Microsoft-Windows-EventSystem\" Guid=\"{899daace-4868-4295-afcd-9eb8fb497561}\" EventSourceName=\"EventSystem\"></Provider>\n<EventID Qualifiers=\"16384\">4625</EventID>\n<Version>0</Version>\n<Level>4</Level>\n<Task>0</Task>\n<Opcode>0</Opcode>\n<Keywords>0x0080000000000000</Keywords>\n<TimeCreated SystemTime=\"2014-02-05 13:30:34+00:00\"></TimeCreated>\n<EventRecordID>792</EventRecordID>\n<Correlation ActivityID=\"\" RelatedActivityID=\"\"></Correlation>\n<Execution ProcessID=\"0\" ThreadID=\"0\"></Execution>\n<Channel>Application</Channel>\n<Computer>IACIS-HDD-2014</Computer>\n<Security UserID=\"\"></Security>\n</System>\n<EventData><Data Name=\"param1\">86400</Data>\n<Data Name=\"param2\">SuppressDuplicateDuration</Data>\n<Data Name=\"param3\">Software\\Microsoft\\EventSystem\\EventLog</Data>\n</EventData>\n</Event>\n"
  },
  {
    "EventID": 1531,
    "Timestamp": "2014-02-05 13:30:34.010839+00:00",
    "Computer": "IACIS-HDD-2014",
    "Channel": "Application",
    "Level": "Information",
    "EventData": {},
    "RawXml": "<Event xmlns=\"http://schemas.microsoft.com/win/2004/08/events/event\"><System><Provider Name=\"Microsoft-Windows-User Profiles Service\" Guid=\"{89b1e9f0-5aff-44a6-9b44-0a07a7ce5845}\"></Provider>\n<EventID Qualifiers=\"\">1531</EventID>\n<Version>0</Version>\n<Level>4</Level>\n<Task>0</Task>\n<Opcode>0</Opcode>\n<Keywords>0x8000000000000000</Keywords>\n<TimeCreated SystemTime=\"2014-02-05 13:30:34.010839+00:00\"></TimeCreated>\n<EventRecordID>793</EventRecordID>\n<Correlation ActivityID=\"\" RelatedActivityID=\"\"></Correlation>\n<Execution ProcessID=\"1000\" ThreadID=\"536\"></Execution>\n<Channel>Application</Channel>\n<Computer>IACIS-HDD-2014</Computer>\n<Security UserID=\"S-1-5-18\"></Security>\n</System>\n<EventData></EventData>\n</Event>\n"
  },
  {
    "EventID": 5615,
    "Timestamp": "2014-02-05 13:30:37+00:00",
    "Computer": "IACIS-HDD-2014",
    "Channel": "Application",
    "Level": "LogAlways",
    "EventData": {
      "": ""
    },
    "RawXml": "<Event xmlns=\"http://schemas.microsoft.com/win/2004/08/events/event\"><System><Provider Name=\"Microsoft-Windows-WMI\" Guid=\"{1edeee53-0afe-4609-b846-d8c0b2075b1f}\" EventSourceName=\"WinMgmt\"></Provider>\n<EventID Qualifiers=\"49152\">5615</EventID>\n<Version>0</Version>\n<Level>0</Level>\n<Task>0</Task>\n<Opcode>0</Opcode>\n<Keywords>0x0080000000000000</Keywords>\n<TimeCreated SystemTime=\"2014-02-05 13:30:37+00:00\"></TimeCreated>\n<EventRecordID>794</EventRecordID>\n<Correlation ActivityID=\"\" RelatedActivityID=\"\"></Correlation>\n<Execution ProcessID=\"0\" ThreadID=\"0\"></Execution>\n<Channel>Application</Channel>\n<Computer>IACIS-HDD-2014</Computer>\n<Security UserID=\"\"></Security>\n</System>\n<EventData><Data></Data>\n<Binary></Binary>\n</EventData>\n</Event>\n"
  },
  {
    "EventID": 100,
    "Timestamp": "2014-02-05 13:30:38+00:00",
    "Computer": "IACIS-HDD-2014",
    "Channel": "Application",
    "Level": "Information",
    "EventData": {
      "": ""
    },
    "RawXml": "<Event xmlns=\"http://schemas.microsoft.com/win/2004/08/events/event\"><System><Provider Name=\"SkypeUpdate\"></Provider>\n<EventID Qualifiers=\"0\">100</EventID>\n<Level>4</Level>\n<Task>1</Task>\n<Keywords>0x0080000000000000</Keywords>\n<TimeCreated SystemTime=\"2014-02-05 13:30:38+00:00\"></TimeCreated>\n<EventRecordID>795</EventRecordID>\n<Channel>Application</Channel>\n<Computer>IACIS-HDD-2014</Computer>\n<Security UserID=\"\"></Security>\n</System>\n<EventData><Data></Data>\n<Binary></Binary>\n</EventData>\n</Event>\n"
  },
  {
    "EventID": 0,
    "Timestamp": "2014-02-05 13:30:38+00:00",
    "Computer": "IACIS-HDD-2014",
    "Channel": "Application",
    "Level": "Information",
    "EventData": {
      "": "<string>g_WLIDTimerQueue.Initialize started (30:38:850)</string>\n"
    },
    "RawXml": "<Event xmlns=\"http://schemas.microsoft.com/win/2004/08/events/event\"><System><Provider Name=\"SignInAssistant\"></Provider>\n<EventID Qualifiers=\"0\">0</EventID>\n<Level>4</Level>\n<Task>0</Task>\n<Keywords>0x0080000000000000</Keywords>\n<TimeCreated SystemTime=\"2014-02-05 13:30:38+00:00\"></TimeCreated>\n<EventRecordID>796</EventRecordID>\n<Channel>Application</Channel>\n<Computer>IACIS-HDD-2014</Computer>\n<Security UserID=\"\"></Security>\n</System>\n<EventData><Data>&lt;string&gt;g_WLIDTimerQueue.Initialize started (30:38:850)&lt;/string&gt;\n</Data>\n<Binary></Binary>\n</EventData>\n</Event>\n"
  },
  {
    "EventID": 0,
    "Timestamp": "2014-02-05 13:30:38+00:00",
    "Computer": "IACIS-HDD-2014",
    "Channel": "Application",
    "Level": "Information",
    "EventData": {
      "": "<string>g_ WLIDInitializationTimerQueue.Initialize started (30:38:880)</string>\n"
    },
    "RawXml": "<Event xmlns=\"http://schemas.microsoft.com/win/2004/08/events/event\"><System><Provider Name=\"SignInAssistant\"></Provider>\n<EventID Qualifiers=\"0\">0</EventID>\n<Level>4</Level>\n<Task>0</Task>\n<Keywords>0x0080000000000000</Keywords>\n<TimeCreated SystemTime=\"2014-02-05 13:30:38+00:00\"></TimeCreated>\n<EventRecordID>797</EventRecordID>\n<Channel>Application</Channel>\n<Computer>IACIS-HDD-2014</Computer>\n<Security UserID=\"\"></Security>\n</System>\n<EventData><Data>&lt;string&gt;g_ WLIDInitializationTimerQueue.Initialize started (30:38:880)&lt;/string&gt;\n</Data>\n<Binary></Binary>\n</EventData>\n</Event>\n"
  },
  {
    "EventID": 0,
    "Timestamp": "2014-02-05 13:30:38+00:00",
    "Computer": "IACIS-HDD-2014",
    "Channel": "Application",
    "Level": "Information",
    "EventData": {
      "": "<string> WLIDInitializationTimerQueue. QueueWorkItem started (30:38:880)</string>\n"
    },
    "RawXml": "<Event xmlns=\"http://schemas.microsoft.com/win/2004/08/events/event\"><System><Provider Name=\"SignInAssistant\"></Provider>\n<EventID Qualifiers=\"0\">0</EventID>\n<Level>4</Level>\n<Task>0</Task>\n<Keywords>0x0080000000000000</Keywords>\n<TimeCreated SystemTime=\"2014-02-05 13:30:38+00:00\"></TimeCreated>\n<EventRecordID>798</EventRecordID>\n<Channel>Application</Channel>\n<Computer>IACIS-HDD-2014</Computer>\n<Security UserID=\"\"></Security>\n</System>\n<EventData><Data>&lt;string&gt; WLIDInitializationTimerQueue. QueueWorkItem started (30:38:880)&lt;/string&gt;\n</Data>\n<Binary></Binary>\n</EventData>\n</Event>\n"
  },
  {
    "EventID": 5617,
    "Timestamp": "2014-02-05 13:30:39+00:00",
    "Computer": "IACIS-HDD-2014",
    "Channel": "Application",
    "Level": "LogAlways",
    "EventData": {
      "": ""
    },
    "RawXml": "<Event xmlns=\"http://schemas.microsoft.com/win/2004/08/events/event\"><System><Provider Name=\"Microsoft-Windows-WMI\" Guid=\"{1edeee53-0afe-4609-b846-d8c0b2075b1f}\" EventSourceName=\"WinMgmt\"></Provider>\n<EventID Qualifiers=\"49152\">5617</EventID>\n<Version>0</Version>\n<Level>0</Level>\n<Task>0</Task>\n<Opcode>0</Opcode>\n<Keywords>0x0080000000000000</Keywords>\n<TimeCreated SystemTime=\"2014-02-05 13:30:39+00:00\"></TimeCreated>\n<EventRecordID>799</EventRecordID>\n<Correlation ActivityID=\"\" RelatedActivityID=\"\"></Correlation>\n<Execution ProcessID=\"0\" ThreadID=\"0\"></Execution>\n<Channel>Application</Channel>\n<Computer>IACIS-HDD-2014</Computer>\n<Security UserID=\"\"></Security>\n</System>\n<EventData><Data></Data>\n<Binary></Binary>\n</EventData>\n</Event>\n"
  },
  {
    "EventID": 10,
    "Timestamp": "2014-02-05 13:32:10+00:00",
    "Computer": "IACIS-HDD-2014",
    "Channel": "Application",
    "Level": "Error",
    "EventData": {
      "": "<string>//./root/CIMV2</string>\n<string>SELECT * FROM __InstanceModificationEvent WITHIN 60 WHERE TargetInstance ISA \"Win32_Processor\" AND TargetInstance.LoadPercentage > 99</string>\n<string>0x80041003</string>\n"
    },
    "RawXml": "<Event xmlns=\"http://schemas.microsoft.com/win/2004/08/events/event\"><System><Provider Name=\"Microsoft-Windows-WMI\" Guid=\"{1edeee53-0afe-4609-b846-d8c0b2075b1f}\" EventSourceName=\"WinMgmt\"></Provider>\n<EventID Qualifiers=\"49152\">10</EventID>\n<Version>0</Version>\n<Level>2</Level>\n<Task>0</Task>\n<Opcode>0</Opcode>\n<Keywords>0x0080000000000000</Keywords>\n<TimeCreated SystemTime=\"2014-02-05 13:32:10+00:00\"></TimeCreated>\n<EventRecordID>800</EventRecordID>\n<Correlation ActivityID=\"\" RelatedActivityID=\"\"></Correlation>\n<Execution ProcessID=\"0\" ThreadID=\"0\"></Execution>\n<Channel>Application</Channel>\n<Computer>IACIS-HDD-2014</Computer>\n<Security UserID=\"\"></Security>\n</System>\n<EventData><Data>&lt;string&gt;//./root/CIMV2&lt;/string&gt;\n&lt;string&gt;SELECT * FROM __InstanceModificationEvent WITHIN 60 WHERE TargetInstance ISA \"Win32_Processor\" AND TargetInstance.LoadPercentage &gt; 99&lt;/string&gt;\n&lt;string&gt;0x80041003&lt;/string&gt;\n</Data>\n<Binary></Binary>\n</EventData>\n</Event>\n"
  },
  {
    "EventID": 103,
    "Timestamp": "2014-02-05 13:32:38+00:00",
    "Computer": "IACIS-HDD-2014",
    "Channel": "Application",
    "Level": "Information",
    "EventData": {
      "": "<string>SkypeUpdate</string>\n"
    },
    "RawXml": "<Event xmlns=\"http://schemas.microsoft.com/win/2004/08/events/event\"><System><Provider Name=\"SkypeUpdate\"></Provider>\n<EventID Qualifiers=\"0\">103</EventID>\n<Level>4</Level>\n<Task>1</Task>\n<Keywords>0x0080000000000000</Keywords>\n<TimeCreated SystemTime=\"2014-02-05 13:32:38+00:00\"></TimeCreated>\n<EventRecordID>801</EventRecordID>\n<Channel>Application</Channel>\n<Computer>IACIS-HDD-2014</Computer>\n<Security UserID=\"\"></Security>\n</System>\n<EventData><Data>&lt;string&gt;SkypeUpdate&lt;/string&gt;\n</Data>\n<Binary></Binary>\n</EventData>\n</Event>\n"
  },
  {
    "EventID": 101,
    "Timestamp": "2014-02-05 13:32:39+00:00",
    "Computer": "IACIS-HDD-2014",
    "Channel": "Application",
    "Level": "Information",
    "EventData": {
      "": ""
    },
    "RawXml": "<Event xmlns=\"http://schemas.microsoft.com/win/2004/08/events/event\"><System><Provider Name=\"SkypeUpdate\"></Provider>\n<EventID Qualifiers=\"0\">101</EventID>\n<Level>4</Level>\n<Task>1</Task>\n<Keywords>0x0080000000000000</Keywords>\n<TimeCreated SystemTime=\"2014-02-05 13:32:39+00:00\"></TimeCreated>\n<EventRecordID>802</EventRecordID>\n<Channel>Application</Channel>\n<Computer>IACIS-HDD-2014</Computer>\n<Security UserID=\"\"></Security>\n</System>\n<EventData><Data></Data>\n<Binary></Binary>\n</EventData>\n</Event>\n"
  },
  {
    "EventID": 900,
    "Timestamp": "2014-02-05 13:32:40+00:00",
    "Computer": "IACIS-HDD-2014",
    "Channel": "Application",
    "Level": "Information",
    "EventData": {
      "": ""
    },
    "RawXml": "<Event xmlns=\"http://schemas.microsoft.com/win/2004/08/events/event\"><System><Provider Name=\"Microsoft-Windows-Security-SPP\" Guid=\"{E23B33B0-C8C9-472C-A5F9-F2BDFEA0F156}\" EventSourceName=\"Software Protection Platform Service\"></Provider>\n<EventID Qualifiers=\"16384\">900</EventID>\n<Version>0</Version>\n<Level>4</Level>\n<Task>0</Task>\n<Opcode>0</Opcode>\n<Keywords>0x0080000000000000</Keywords>\n<TimeCreated SystemTime=\"2014-02-05 13:32:40+00:00\"></TimeCreated>\n<EventRecordID>803</EventRecordID>\n<Correlation ActivityID=\"\" RelatedActivityID=\"\"></Correlation>\n<Execution ProcessID=\"0\" ThreadID=\"0\"></Execution>\n<Channel>Application</Channel>\n<Computer>IACIS-HDD-2014</Computer>\n<Security UserID=\"\"></Security>\n</System>\n<EventData><Data></Data>\n<Binary></Binary>\n</EventData>\n</Event>\n"
  },
  {
    "EventID": 1,
    "Timestamp": "2014-02-05 13:32:43+00:00",
    "Computer": "IACIS-HDD-2014",
    "Channel": "Application",
    "Level": "Information",
    "EventData": {
      "": ""
    },
    "RawXml": "<Event xmlns=\"http://schemas.microsoft.com/win/2004/08/events/event\"><System><Provider Name=\"SecurityCenter\"></Provider>\n<EventID Qualifiers=\"0\">1</EventID>\n<Level>4</Level>\n<Task>0</Task>\n<Keywords>0x0080000000000000</Keywords>\n<TimeCreated SystemTime=\"2014-02-05 13:32:43+00:00\"></TimeCreated>\n<EventRecordID>804</EventRecordID>\n<Channel>Application</Channel>\n<Computer>IACIS-HDD-2014</Computer>\n<Security UserID=\"\"></Security>\n</System>\n<EventData><Data></Data>\n<Binary></Binary>\n</EventData>\n</Event>\n"
  },
  {
    "EventID": 1066,
    "Timestamp": "2014-02-05 13:32:45+00:00",
    "Computer": "IACIS-HDD-2014",
    "Channel": "Application",
    "Level": "Information",
    "EventData": {
      "": "<string>C:\\Windows\\system32\\sppwinob.dll, msft:spp/windowsfunctionality/agent/7.0, 0x00000000, 0x00000000\nC:\\Windows\\system32\\sppobjs.dll, msft:rm/algorithm/phone/1.0, 0x00000000, 0x00000000\nC:\\Windows\\system32\\sppobjs.dll, msft:rm/algorithm/pkey/2005, 0x00000000, 0x00000000\nC:\\Windows\\system32\\sppobjs.dll, msft:spp/TaskScheduler/1.0, 0x00000000, 0x00000000\nC:\\Windows\\system32\\sppobjs.dll, msft:spp/volume/services/kms/1.0, 0x00000000, 0x00000000\nC:\\Windows\\system32\\sppobjs.dll, msft:spp/volume/services/kms/licenserenewal/1.0, 0x00000000, 0x00000000\n</string>\n"
    },
    "RawXml": "<Event xmlns=\"http://schemas.microsoft.com/win/2004/08/events/event\"><System><Provider Name=\"Microsoft-Windows-Security-SPP\" Guid=\"{E23B33B0-C8C9-472C-A5F9-F2BDFEA0F156}\" EventSourceName=\"Software Protection Platform Service\"></Provider>\n<EventID Qualifiers=\"16384\">1066</EventID>\n<Version>0</Version>\n<Level>4</Level>\n<Task>0</Task>\n<Opcode>0</Opcode>\n<Keywords>0x0080000000000000</Keywords>\n<TimeCreated SystemTime=\"2014-02-05 13:32:45+00:00\"></TimeCreated>\n<EventRecordID>805</EventRecordID>\n<Correlation ActivityID=\"\" RelatedActivityID=\"\"></Correlation>\n<Execution ProcessID=\"0\" ThreadID=\"0\"></Execution>\n<Channel>Application</Channel>\n<Computer>IACIS-HDD-2014</Computer>\n<Security UserID=\"\"></Security>\n</System>\n<EventData><Data>&lt;string&gt;C:\\Windows\\system32\\sppwinob.dll, msft:spp/windowsfunctionality/agent/7.0, 0x00000000, 0x00000000\nC:\\Windows\\system32\\sppobjs.dll, msft:rm/algorithm/phone/1.0, 0x00000000, 0x00000000\nC:\\Windows\\system32\\sppobjs.dll, msft:rm/algorithm/pkey/2005, 0x00000000, 0x00000000\nC:\\Windows\\system32\\sppobjs.dll, msft:spp/TaskScheduler/1.0, 0x00000000, 0x00000000\nC:\\Windows\\system32\\sppobjs.dll, msft:spp/volume/services/kms/1.0, 0x00000000, 0x00000000\nC:\\Windows\\system32\\sppobjs.dll, msft:spp/volume/services/kms/licenserenewal/1.0, 0x00000000, 0x00000000\n&lt;/string&gt;\n</Data>\n<Binary></Binary>\n</EventData>\n</Event>\n"
  },
  {
    "EventID": 102,
    "Timestamp": "2014-02-05 13:32:46+00:00",
    "Computer": "IACIS-HDD-2014",
    "Channel": "Application",
    "Level": "Information",
    "EventData": {
      "": "<string>Windows</string>\n<string>2020</string>\n<string>Windows: </string>\n<string>0</string>\n<string>6</string>\n<string>01</string>\n<string>7601</string>\n<string>0000</string>\n"
    },
    "RawXml": "<Event xmlns=\"http://schemas.microsoft.com/win/2004/08/events/event\"><System><Provider Name=\"ESENT\"></Provider>\n<EventID Qualifiers=\"0\">102</EventID>\n<Level>4</Level>\n<Task>1</Task>\n<Keywords>0x0080000000000000</Keywords>\n<TimeCreated SystemTime=\"2014-02-05 13:32:46+00:00\"></TimeCreated>\n<EventRecordID>806</EventRecordID>\n<Channel>Application</Channel>\n<Computer>IACIS-HDD-2014</Computer>\n<Security UserID=\"\"></Security>\n</System>\n<EventData><Data>&lt;string&gt;Windows&lt;/string&gt;\n&lt;string&gt;2020&lt;/string&gt;\n&lt;string&gt;Windows: &lt;/string&gt;\n&lt;string&gt;0&lt;/string&gt;\n&lt;string&gt;6&lt;/string&gt;\n&lt;string&gt;01&lt;/string&gt;\n&lt;string&gt;7601&lt;/string&gt;\n&lt;string&gt;0000&lt;/string&gt;\n</Data>\n<Binary></Binary>\n</EventData>\n</Event>\n"
  },
  {
    "EventID": 300,
    "Timestamp": "2014-02-05 13:32:46+00:00",
    "Computer": "IACIS-HDD-2014",
    "Channel": "Application",
    "Level": "Information",
    "EventData": {
      "": "<string>Windows</string>\n<string>2020</string>\n<string>Windows: </string>\n"
    },
    "RawXml": "<Event xmlns=\"http://schemas.microsoft.com/win/2004/08/events/event\"><System><Provider Name=\"ESENT\"></Provider>\n<EventID Qualifiers=\"0\">300</EventID>\n<Level>4</Level>\n<Task>3</Task>\n<Keywords>0x0080000000000000</Keywords>\n<TimeCreated SystemTime=\"2014-02-05 13:32:46+00:00\"></TimeCreated>\n<EventRecordID>807</EventRecordID>\n<Channel>Application</Channel>\n<Computer>IACIS-HDD-2014</Computer>\n<Security UserID=\"\"></Security>\n</System>\n<EventData><Data>&lt;string&gt;Windows&lt;/string&gt;\n&lt;string&gt;2020&lt;/string&gt;\n&lt;string&gt;Windows: &lt;/string&gt;\n</Data>\n<Binary></Binary>\n</EventData>\n</Event>\n"
  },
  {
    "EventID": 301,
    "Timestamp": "2014-02-05 13:32:46+00:00",
    "Computer": "IACIS-HDD-2014",
    "Channel": "Application",
    "Level": "Information",
    "EventData": {
      "": "<string>Windows</string>\n<string>2020</string>\n<string>Windows: </string>\n<string>C:\\ProgramData\\Microsoft\\Search\\Data\\Applications\\Windows\\MSS0000B.log</string>\n"
    },
    "RawXml": "<Event xmlns=\"http://schemas.microsoft.com/win/2004/08/events/event\"><System><Provider Name=\"ESENT\"></Provider>\n<EventID Qualifiers=\"0\">301</EventID>\n<Level>4</Level>\n<Task>3</Task>\n<Keywords>0x0080000000000000</Keywords>\n<TimeCreated SystemTime=\"2014-02-05 13:32:46+00:00\"></TimeCreated>\n<EventRecordID>808</EventRecordID>\n<Channel>Application</Channel>\n<Computer>IACIS-HDD-2014</Computer>\n<Security UserID=\"\"></Security>\n</System>\n<EventData><Data>&lt;string&gt;Windows&lt;/string&gt;\n&lt;string&gt;2020&lt;/string&gt;\n&lt;string&gt;Windows: &lt;/string&gt;\n&lt;string&gt;C:\\ProgramData\\Microsoft\\Search\\Data\\Applications\\Windows\\MSS0000B.log&lt;/string&gt;\n</Data>\n<Binary></Binary>\n</EventData>\n</Event>\n"
  },
  {
    "EventID": 301,
    "Timestamp": "2014-02-05 13:32:47+00:00",
    "Computer": "IACIS-HDD-2014",
    "Channel": "Application",
    "Level": "Information",
    "EventData": {
      "": "<string>Windows</string>\n<string>2020</string>\n<string>Windows: </string>\n<string>C:\\ProgramData\\Microsoft\\Search\\Data\\Applications\\Windows\\MSS.log</string>\n"
    },
    "RawXml": "<Event xmlns=\"http://schemas.microsoft.com/win/2004/08/events/event\"><System><Provider Name=\"ESENT\"></Provider>\n<EventID Qualifiers=\"0\">301</EventID>\n<Level>4</Level>\n<Task>3</Task>\n<Keywords>0x0080000000000000</Keywords>\n<TimeCreated SystemTime=\"2014-02-05 13:32:47+00:00\"></TimeCreated>\n<EventRecordID>809</EventRecordID>\n<Channel>Application</Channel>\n<Computer>IACIS-HDD-2014</Computer>\n<Security UserID=\"\"></Security>\n</System>\n<EventData><Data>&lt;string&gt;Windows&lt;/string&gt;\n&lt;string&gt;2020&lt;/string&gt;\n&lt;string&gt;Windows: &lt;/string&gt;\n&lt;string&gt;C:\\ProgramData\\Microsoft\\Search\\Data\\Applications\\Windows\\MSS.log&lt;/string&gt;\n</Data>\n<Binary></Binary>\n</EventData>\n</Event>\n"
  },
  {
    "EventID": 302,
    "Timestamp": "2014-02-05 13:32:47+00:00",
    "Computer": "IACIS-HDD-2014",
    "Channel": "Application",
    "Level": "Information",
    "EventData": {
      "": "<string>Windows</string>\n<string>2020</string>\n<string>Windows: </string>\n"
    },
    "RawXml": "<Event xmlns=\"http://schemas.microsoft.com/win/2004/08/events/event\"><System><Provider Name=\"ESENT\"></Provider>\n<EventID Qualifiers=\"0\">302</EventID>\n<Level>4</Level>\n<Task>3</Task>\n<Keywords>0x0080000000000000</Keywords>\n<TimeCreated SystemTime=\"2014-02-05 13:32:47+00:00\"></TimeCreated>\n<EventRecordID>810</EventRecordID>\n<Channel>Application</Channel>\n<Computer>IACIS-HDD-2014</Computer>\n<Security UserID=\"\"></Security>\n</System>\n<EventData><Data>&lt;string&gt;Windows&lt;/string&gt;\n&lt;string&gt;2020&lt;/string&gt;\n&lt;string&gt;Windows: &lt;/string&gt;\n</Data>\n<Binary></Binary>\n</EventData>\n</Event>\n"
  },
  {
    "EventID": 1003,
    "Timestamp": "2014-02-05 13:32:48+00:00",
    "Computer": "IACIS-HDD-2014",
    "Channel": "Application",
    "Level": "Information",
    "EventData": {
      "ExtraInfo": "\n"
    },
    "RawXml": "<Event xmlns=\"http://schemas.microsoft.com/win/2004/08/events/event\"><System><Provider Name=\"Microsoft-Windows-Search\" Guid=\"{CA4E628D-8567-4896-AB6B-835B221F373F}\" EventSourceName=\"Windows Search Service\"></Provider>\n<EventID Qualifiers=\"16384\">1003</EventID>\n<Version>0</Version>\n<Level>4</Level>\n<Task>1</Task>\n<Opcode>0</Opcode>\n<Keywords>0x0080000000000000</Keywords>\n<TimeCreated SystemTime=\"2014-02-05 13:32:48+00:00\"></TimeCreated>\n<EventRecordID>811</EventRecordID>\n<Correlation ActivityID=\"\" RelatedActivityID=\"\"></Correlation>\n<Execution ProcessID=\"0\" ThreadID=\"0\"></Execution>\n<Channel>Application</Channel>\n<Computer>IACIS-HDD-2014</Computer>\n<Security UserID=\"\"></Security>\n</System>\n<EventData><Data Name=\"ExtraInfo\">\n</Data>\n</EventData>\n</Event>\n"
  },
  {
    "EventID": 1033,
    "Timestamp": "2014-02-05 13:32:49+00:00",
    "Computer": "IACIS-HDD-2014",
    "Channel": "Application",
    "Level": "Information",
    "EventData": {
      "": "<string>(IIS-W3SVC-MaxConcurrentRequests) (Microsoft.Windows.Smc-Enabled) (Telnet-Client-EnableTelnetClient) (Telnet-Server-EnableTelnetServer) (TiffIFilterLicensing-EnableTiffIFilter) (nfs-admincmdtools-enabled) (nfs-adminmmc-enabled) (nfs-clientcmdtools-enabled) (nfs-clientcore-enabled) (sua-EnableSUA) </string>\n<string>55c92734-d682-4d71-983e-d6ec3f16059f</string>\n<string>ac96e1a8-6cc4-4310-a4ff-332ce77fb5b8</string>\n"
    },
    "RawXml": "<Event xmlns=\"http://schemas.microsoft.com/win/2004/08/events/event\"><System><Provider Name=\"Microsoft-Windows-Security-SPP\" Guid=\"{E23B33B0-C8C9-472C-A5F9-F2BDFEA0F156}\" EventSourceName=\"Software Protection Platform Service\"></Provider>\n<EventID Qualifiers=\"16384\">1033</EventID>\n<Version>0</Version>\n<Level>4</Level>\n<Task>0</Task>\n<Opcode>0</Opcode>\n<Keywords>0x0080000000000000</Keywords>\n<TimeCreated SystemTime=\"2014-02-05 13:32:49+00:00\"></TimeCreated>\n<EventRecordID>812</EventRecordID>\n<Correlation ActivityID=\"\" RelatedActivityID=\"\"></Correlation>\n<Execution ProcessID=\"0\" ThreadID=\"0\"></Execution>\n<Channel>Application</Channel>\n<Computer>IACIS-HDD-2014</Computer>\n<Security UserID=\"\"></Security>\n</System>\n<EventData><Data>&lt;string&gt;(IIS-W3SVC-MaxConcurrentRequests) (Microsoft.Windows.Smc-Enabled) (Telnet-Client-EnableTelnetClient) (Telnet-Server-EnableTelnetServer) (TiffIFilterLicensing-EnableTiffIFilter) (nfs-admincmdtools-enabled) (nfs-adminmmc-enabled) (nfs-clientcmdtools-enabled) (nfs-clientcore-enabled) (sua-EnableSUA) &lt;/string&gt;\n&lt;string&gt;55c92734-d682-4d71-983e-d6ec3f16059f&lt;/string&gt;\n&lt;string&gt;ac96e1a8-6cc4-4310-a4ff-332ce77fb5b8&lt;/string&gt;\n</Data>\n<Binary></Binary>\n</EventData>\n</Event>\n"
  },
  {
    "EventID": 1003,
    "Timestamp": "2014-02-05 13:32:50+00:00",
    "Computer": "IACIS-HDD-2014",
    "Channel": "Application",
    "Level": "Information",
    "EventData": {
      "": "<string>55c92734-d682-4d71-983e-d6ec3f16059f</string>\n<string>\n1: 022a1afb-b893-4190-92c3-8f69a49839fb, 1, 0 [(0 [0xC004F014, 0, 0], [(?)(?)(?)(?)(?)(?)])(1 )(2 )]\n2: 436cef53-8387-4692-bb4a-9492cd82260e, 1, 0 [(0 [0xC004F014, 0, 0], [(?)(?)(?)(?)(?)(?)])(1 )(2 )]\n3: 57a232fe-0931-48fe-9389-e4586967c661, 1, 0 [(0 [0xC004F014, 0, 0], [(?)(?)(?)(?)(?)(?)])(1 )(2 )]\n4: 7cfd4696-69a9-4af7-af36-ff3d12b6b6c8, 1, 0 [(0 [0xC004F014, 0, 0], [(?)(?)(?)(?)(?)(?)])(1 )(2 )]\n5: 8ec16e01-e86f-415f-b333-1819f4145294, 1, 0 [(0 [0xC004F014, 0, 0], [(?)(?)(?)(?)(?)(?)])(1 )(2 )]\n6: a0cde89c-3304-4157-b61c-c8ad785d1fad, 1, 0 [(0 [0xC004F014, 0, 0], [(?)(?)(?)(?)(?)(?)])(1 )(2 )]\n7: ac96e1a8-6cc4-4310-a4ff-332ce77fb5b8, 1, 0 [(0 )(1 )(2 [0x00000000, 0, 1], [(?)( 5 0x00000000 30 26820)( 1 0x00000000 0 0 msft:rm/algorithm/flags/1.0 0x00000000 0)(?)(?)(?)])]\n8: b2c4b9f6-3ee6-4a2a-a361-64ad3b61ded5, 1, 0 [(0 [0xC004F014, 0, 0], [(?)(?)(?)(?)(?)(?)])(1 )(2 )]\n9: bba42084-cacd-4ad4-b606-9f3d6c93b2c5, 1, 0 [(0 [0xC004F014, 0, 0], [(?)(?)(?)(?)(?)(?)])(1 )(2 )]\n10: c619d61c-c2f2-40c3-ab3f-c5924314b0f3, 1, 0 [(0 [0xC004F014, 0, 0], [(?)(?)(?)(?)(?)(?)])(1 )(2 )]\n11: cfb3e52c-d707-4861-af51-11b27ee6169c, 1, 0 [(0 [0xC004F014, 0, 0], [(?)(?)(?)(?)(?)(?)])(1 )(2 )]\n12: 4a8149bb-7d61-49f4-8822-82c7bf88d64b, 1, 0 [(0 [0xC004F014, 0, 0], [(?)(?)(?)(?)(?)(?)])(1 )(2 )]\n13: afd5f68f-b70f-4000-a21d-28dbc8be8b07, 1, 0 [(0 [0xC004F014, 0, 0], [(?)(?)(?)(?)(?)(?)])(1 )(2 )]\n\n</string>\n"
    },
    "RawXml": "<Event xmlns=\"http://schemas.microsoft.com/win/2004/08/events/event\"><System><Provider Name=\"Microsoft-Windows-Security-SPP\" Guid=\"{E23B33B0-C8C9-472C-A5F9-F2BDFEA0F156}\" EventSourceName=\"Software Protection Platform Service\"></Provider>\n<EventID Qualifiers=\"16384\">1003</EventID>\n<Version>0</Version>\n<Level>4</Level>\n<Task>0</Task>\n<Opcode>0</Opcode>\n<Keywords>0x0080000000000000</Keywords>\n<TimeCreated SystemTime=\"2014-02-05 13:32:50+00:00\"></TimeCreated>\n<EventRecordID>813</EventRecordID>\n<Correlation ActivityID=\"\" RelatedActivityID=\"\"></Correlation>\n<Execution ProcessID=\"0\" ThreadID=\"0\"></Execution>\n<Channel>Application</Channel>\n<Computer>IACIS-HDD-2014</Computer>\n<Security UserID=\"\"></Security>\n</System>\n<EventData><Data>&lt;string&gt;55c92734-d682-4d71-983e-d6ec3f16059f&lt;/string&gt;\n&lt;string&gt;\n1: 022a1afb-b893-4190-92c3-8f69a49839fb, 1, 0 [(0 [0xC004F014, 0, 0], [(?)(?)(?)(?)(?)(?)])(1 )(2 )]\n2: 436cef53-8387-4692-bb4a-9492cd82260e, 1, 0 [(0 [0xC004F014, 0, 0], [(?)(?)(?)(?)(?)(?)])(1 )(2 )]\n3: 57a232fe-0931-48fe-9389-e4586967c661, 1, 0 [(0 [0xC004F014, 0, 0], [(?)(?)(?)(?)(?)(?)])(1 )(2 )]\n4: 7cfd4696-69a9-4af7-af36-ff3d12b6b6c8, 1, 0 [(0 [0xC004F014, 0, 0], [(?)(?)(?)(?)(?)(?)])(1 )(2 )]\n5: 8ec16e01-e86f-415f-b333-1819f4145294, 1, 0 [(0 [0xC004F014, 0, 0], [(?)(?)(?)(?)(?)(?)])(1 )(2 )]\n6: a0cde89c-3304-4157-b61c-c8ad785d1fad, 1, 0 [(0 [0xC004F014, 0, 0], [(?)(?)(?)(?)(?)(?)])(1 )(2 )]\n7: ac96e1a8-6cc4-4310-a4ff-332ce77fb5b8, 1, 0 [(0 )(1 )(2 [0x00000000, 0, 1], [(?)( 5 0x00000000 30 26820)( 1 0x00000000 0 0 msft:rm/algorithm/flags/1.0 0x00000000 0)(?)(?)(?)])]\n8: b2c4b9f6-3ee6-4a2a-a361-64ad3b61ded5, 1, 0 [(0 [0xC004F014, 0, 0], [(?)(?)(?)(?)(?)(?)])(1 )(2 )]\n9: bba42084-cacd-4ad4-b606-9f3d6c93b2c5, 1, 0 [(0 [0xC004F014, 0, 0], [(?)(?)(?)(?)(?)(?)])(1 )(2 )]\n10: c619d61c-c2f2-40c3-ab3f-c5924314b0f3, 1, 0 [(0 [0xC004F014, 0, 0], [(?)(?)(?)(?)(?)(?)])(1 )(2 )]\n11: cfb3e52c-d707-4861-af51-11b27ee6169c, 1, 0 [(0 [0xC004F014, 0, 0], [(?)(?)(?)(?)(?)(?)])(1 )(2 )]\n12: 4a8149bb-7d61-49f4-8822-82c7bf88d64b, 1, 0 [(0 [0xC004F014, 0, 0], [(?)(?)(?)(?)(?)(?)])(1 )(2 )]\n13: afd5f68f-b70f-4000-a21d-28dbc8be8b07, 1, 0 [(0 [0xC004F014, 0, 0], [(?)(?)(?)(?)(?)(?)])(1 )(2 )]\n\n&lt;/string&gt;\n</Data>\n<Binary></Binary>\n</EventData>\n</Event>\n"
  },
  {
    "EventID": 902,
    "Timestamp": "2014-02-05 13:32:50+00:00",
    "Computer": "IACIS-HDD-2014",
    "Channel": "Application",
    "Level": "LogAlways",
    "EventData": {
      "": "<string>6.1.7601.17514</string>\n"
    },
    "RawXml": "<Event xmlns=\"http://schemas.microsoft.com/win/2004/08/events/event\"><System><Provider Name=\"Microsoft-Windows-Security-SPP\" Guid=\"{E23B33B0-C8C9-472C-A5F9-F2BDFEA0F156}\" EventSourceName=\"Software Protection Platform Service\"></Provider>\n<EventID Qualifiers=\"16384\">902</EventID>\n<Version>0</Version>\n<Level>0</Level>\n<Task>0</Task>\n<Opcode>0</Opcode>\n<Keywords>0x0080000000000000</Keywords>\n<TimeCreated SystemTime=\"2014-02-05 13:32:50+00:00\"></TimeCreated>\n<EventRecordID>814</EventRecordID>\n<Correlation ActivityID=\"\" RelatedActivityID=\"\"></Correlation>\n<Execution ProcessID=\"0\" ThreadID=\"0\"></Execution>\n<Channel>Application</Channel>\n<Computer>IACIS-HDD-2014</Computer>\n<Security UserID=\"\"></Security>\n</System>\n<EventData><Data>&lt;string&gt;6.1.7601.17514&lt;/string&gt;\n</Data>\n<Binary></Binary>\n</EventData>\n</Event>\n"
  },
  {
    "EventID": 4101,
    "Timestamp": "2014-02-05 13:37:19+00:00",
    "Computer": "IACIS-HDD-2014",
    "Channel": "Application",
    "Level": "Information",
    "EventData": {
      "": "<string>0x00000000</string>\n<string>0x00000001</string>\n"
    },
    "RawXml": "<Event xmlns=\"http://schemas.microsoft.com/win/2004/08/events/event\"><System><Provider Name=\"Microsoft-Windows-Winlogon\" Guid=\"{DBE9B383-7CF3-4331-91CC-A3CB16A3B538}\" EventSourceName=\"Winlogon\"></Provider>\n<EventID Qualifiers=\"16384\">4101</EventID>\n<Version>0</Version>\n<Level>4</Level>\n<Task>0</Task>\n<Opcode>0</Opcode>\n<Keywords>0x0080000000000000</Keywords>\n<TimeCreated SystemTime=\"2014-02-05 13:37:19+00:00\"></TimeCreated>\n<EventRecordID>815</EventRecordID>\n<Correlation ActivityID=\"\" RelatedActivityID=\"\"></Correlation>\n<Execution ProcessID=\"0\" ThreadID=\"0\"></Execution>\n<Channel>Application</Channel>\n<Computer>IACIS-HDD-2014</Computer>\n<Security UserID=\"\"></Security>\n</System>\n<EventData><Data>&lt;string&gt;0x00000000&lt;/string&gt;\n&lt;string&gt;0x00000001&lt;/string&gt;\n</Data>\n<Binary></Binary>\n</EventData>\n</Event>\n"
  },
  {
    "EventID": 6000,
    "Timestamp": "2014-02-05 13:37:19+00:00",
    "Computer": "IACIS-HDD-2014",
    "Channel": "Application",
    "Level": "Information",
    "EventData": {
      "": "<string>SessionEnv</string>\n"
    },
    "RawXml": "<Event xmlns=\"http://schemas.microsoft.com/win/2004/08/events/event\"><System><Provider Name=\"Microsoft-Windows-Winlogon\" Guid=\"{DBE9B383-7CF3-4331-91CC-A3CB16A3B538}\" EventSourceName=\"Wlclntfy\"></Provider>\n<EventID Qualifiers=\"32768\">6000</EventID>\n<Version>0</Version>\n<Level>4</Level>\n<Task>0</Task>\n<Opcode>0</Opcode>\n<Keywords>0x0080000000000000</Keywords>\n<TimeCreated SystemTime=\"2014-02-05 13:37:19+00:00\"></TimeCreated>\n<EventRecordID>816</EventRecordID>\n<Correlation ActivityID=\"\" RelatedActivityID=\"\"></Correlation>\n<Execution ProcessID=\"0\" ThreadID=\"0\"></Execution>\n<Channel>Application</Channel>\n<Computer>IACIS-HDD-2014</Computer>\n<Security UserID=\"\"></Security>\n</System>\n<EventData><Data>&lt;string&gt;SessionEnv&lt;/string&gt;\n</Data>\n<Binary>2QYAAA==</Binary>\n</EventData>\n</Event>\n"
  },
  {
    "EventID": 9007,
    "Timestamp": "2014-02-05 13:37:23+00:00",
    "Computer": "IACIS-HDD-2014",
    "Channel": "Application",
    "Level": "Information",
    "EventData": {
      "": ""
    },
    "RawXml": "<Event xmlns=\"http://schemas.microsoft.com/win/2004/08/events/event\"><System><Provider Name=\"Desktop Window Manager\"></Provider>\n<EventID Qualifiers=\"16384\">9007</EventID>\n<Level>4</Level>\n<Task>0</Task>\n<Keywords>0x0080000000000000</Keywords>\n<TimeCreated SystemTime=\"2014-02-05 13:37:23+00:00\"></TimeCreated>\n<EventRecordID>817</EventRecordID>\n<Channel>Application</Channel>\n<Computer>IACIS-HDD-2014</Computer>\n<Security UserID=\"\"></Security>\n</System>\n<EventData><Data></Data>\n<Binary></Binary>\n</EventData>\n</Event>\n"
  },
  {
    "EventID": 1001,
    "Timestamp": "2014-02-05 13:39:53.777828+00:00",
    "Computer": "IACIS-HDD-2014",
    "Channel": "Application",
    "Level": "Information",
    "EventData": {},
    "RawXml": "<Event xmlns=\"http://schemas.microsoft.com/win/2004/08/events/event\"><System><Provider Name=\"Microsoft-Windows-LoadPerf\" Guid=\"{122ee297-bb47-41ae-b265-1ca8d1886d40}\"></Provider>\n<EventID Qualifiers=\"\">1001</EventID>\n<Version>0</Version>\n<Level>4</Level>\n<Task>0</Task>\n<Opcode>0</Opcode>\n<Keywords>0x8000000000000000</Keywords>\n<TimeCreated SystemTime=\"2014-02-05 13:39:53.777828+00:00\"></TimeCreated>\n<EventRecordID>818</EventRecordID>\n<Correlation ActivityID=\"\" RelatedActivityID=\"\"></Correlation>\n<Execution ProcessID=\"3116\" ThreadID=\"3148\"></Execution>\n<Channel>Application</Channel>\n<Computer>IACIS-HDD-2014</Computer>\n<Security UserID=\"S-1-5-18\"></Security>\n</System>\n<UserData><EventXML xmlns:auto-ns2=\"http://schemas.microsoft.com/win/2004/08/events\" xmlns=\"LoadPerf\"><param1>WmiApRpl</param1>\n<param2>WmiApRpl</param2>\n<binaryDataSize>12</binaryDataSize>\n<binaryData>6B8AAOkfAAA0BwAA</binaryData>\n</EventXML>\n</UserData>\n</Event>\n"
  },
  {
    "EventID": 1000,
    "Timestamp": "2014-02-05 13:39:53.965029+00:00",
    "Computer": "IACIS-HDD-2014",
    "Channel": "Application",
    "Level": "Information",
    "EventData": {},
    "RawXml": "<Event xmlns=\"http://schemas.microsoft.com/win/2004/08/events/event\"><System><Provider Name=\"Microsoft-Windows-LoadPerf\" Guid=\"{122ee297-bb47-41ae-b265-1ca8d1886d40}\"></Provider>\n<EventID Qualifiers=\"\">1000</EventID>\n<Version>0</Version>\n<Level>4</Level>\n<Task>0</Task>\n<Opcode>0</Opcode>\n<Keywords>0x8000000000000000</Keywords>\n<TimeCreated SystemTime=\"2014-02-05 13:39:53.965029+00:00\"></TimeCreated>\n<EventRecordID>819</EventRecordID>\n<Correlation ActivityID=\"\" RelatedActivityID=\"\"></Correlation>\n<Execution ProcessID=\"3116\" ThreadID=\"3148\"></Execution>\n<Channel>Application</Channel>\n<Computer>IACIS-HDD-2014</Computer>\n<Security UserID=\"S-1-5-18\"></Security>\n</System>\n<UserData><EventXML xmlns:auto-ns2=\"http://schemas.microsoft.com/win/2004/08/events\" xmlns=\"LoadPerf\"><param1>WmiApRpl</param1>\n<param2>WmiApRpl</param2>\n<binaryDataSize>16</binaryDataSize>\n<binaryData>6h8AAJwgAADrHwAAnSAAAA==</binaryData>\n</EventXML>\n</UserData>\n</Event>\n"
  },
  {
    "EventID": 8194,
    "Timestamp": "2014-02-05 13:45:54+00:00",
    "Computer": "IACIS-HDD-2014",
    "Channel": "Application",
    "Level": "Information",
    "EventData": {
      "": "<string>C:\\Windows\\system32\\svchost.exe -k netsvcs</string>\n<string>Windows Update</string>\n"
    },
    "RawXml": "<Event xmlns=\"http://schemas.microsoft.com/win/2004/08/events/event\"><System><Provider Name=\"System Restore\"></Provider>\n<EventID Qualifiers=\"0\">8194</EventID>\n<Level>4</Level>\n<Task>0</Task>\n<Keywords>0x0080000000000000</Keywords>\n<TimeCreated SystemTime=\"2014-02-05 13:45:54+00:00\"></TimeCreated>\n<EventRecordID>820</EventRecordID>\n<Channel>Application</Channel>\n<Computer>IACIS-HDD-2014</Computer>\n<Security UserID=\"\"></Security>\n</System>\n<EventData><Data>&lt;string&gt;C:\\Windows\\system32\\svchost.exe -k netsvcs&lt;/string&gt;\n&lt;string&gt;Windows Update&lt;/string&gt;\n</Data>\n<Binary>AAAAAKEBAACXAQAAAAAAACLOKGd8bdp54owcAAAAAAAAAAAA</Binary>\n</EventData>\n</Event>\n"
  },
  {
    "EventID": 1040,
    "Timestamp": "2014-02-05 13:46:12+00:00",
    "Computer": "IACIS-HDD-2014",
    "Channel": "Application",
    "Level": "Information",
    "EventData": {
      "": "<string>C:\\Windows\\Installer\\2c91c3.msi</string>\n<string>3624</string>\n<string>(NULL)</string>\n<string>(NULL)</string>\n<string>(NULL)</string>\n<string>(NULL)</string>\n<string></string>\n"
    },
    "RawXml": "<Event xmlns=\"http://schemas.microsoft.com/win/2004/08/events/event\"><System><Provider Name=\"MsiInstaller\"></Provider>\n<EventID Qualifiers=\"0\">1040</EventID>\n<Level>4</Level>\n<Task>0</Task>\n<Keywords>0x0080000000000000</Keywords>\n<TimeCreated SystemTime=\"2014-02-05 13:46:12+00:00\"></TimeCreated>\n<EventRecordID>821</EventRecordID>\n<Channel>Application</Channel>\n<Computer>IACIS-HDD-2014</Computer>\n<Security UserID=\"S-1-5-18\"></Security>\n</System>\n<EventData><Data>&lt;string&gt;C:\\Windows\\Installer\\2c91c3.msi&lt;/string&gt;\n&lt;string&gt;3624&lt;/string&gt;\n&lt;string&gt;(NULL)&lt;/string&gt;\n&lt;string&gt;(NULL)&lt;/string&gt;\n&lt;string&gt;(NULL)&lt;/string&gt;\n&lt;string&gt;(NULL)&lt;/string&gt;\n&lt;string&gt;&lt;/string&gt;\n</Data>\n<Binary></Binary>\n</EventData>\n</Event>\n"
  },
  {
    "EventID": 10000,
    "Timestamp": "2014-02-05 13:46:13.359695+00:00",
    "Computer": "IACIS-HDD-2014",
    "Channel": "Application",
    "Level": "Information",
    "EventData": {},
    "RawXml": "<Event xmlns=\"http://schemas.microsoft.com/win/2004/08/events/event\"><System><Provider Name=\"Microsoft-Windows-RestartManager\" Guid=\"{0888e5ef-9b98-4695-979d-e92ce4247224}\"></Provider>\n<EventID Qualifiers=\"\">10000</EventID>\n<Version>0</Version>\n<Level>4</Level>\n<Task>0</Task>\n<Opcode>0</Opcode>\n<Keywords>0x8000000000000000</Keywords>\n<TimeCreated SystemTime=\"2014-02-05 13:46:13.359695+00:00\"></TimeCreated>\n<EventRecordID>822</EventRecordID>\n<Correlation ActivityID=\"\" RelatedActivityID=\"\"></Correlation>\n<Execution ProcessID=\"2608\" ThreadID=\"3904\"></Execution>\n<Channel>Application</Channel>\n<Computer>IACIS-HDD-2014</Computer>\n<Security UserID=\"S-1-5-18\"></Security>\n</System>\n<UserData><RmSessionEvent xmlns:auto-ns2=\"http://schemas.microsoft.com/win/2004/08/events\" xmlns=\"http://www.microsoft.com/2005/08/Windows/Reliability/RestartManager/\"><RmSessionId>0</RmSessionId>\n<UTCStartTime>2014-02-05 13:46:13.359695+00:00</UTCStartTime>\n</RmSessionEvent>\n</UserData>\n</Event>\n"
  },
  {
    "EventID": 1001,
    "Timestamp": "2014-02-05 13:46:35.636534+00:00",
    "Computer": "IACIS-HDD-2014",
    "Channel": "Application",
    "Level": "Information",
    "EventData": {},
    "RawXml": "<Event xmlns=\"http://schemas.microsoft.com/win/2004/08/events/event\"><System><Provider Name=\"Microsoft-Windows-LoadPerf\" Guid=\"{122ee297-bb47-41ae-b265-1ca8d1886d40}\"></Provider>\n<EventID Qualifiers=\"\">1001</EventID>\n<Version>0</Version>\n<Level>4</Level>\n<Task>0</Task>\n<Opcode>0</Opcode>\n<Keywords>0x8000000000000000</Keywords>\n<TimeCreated SystemTime=\"2014-02-05 13:46:35.636534+00:00\"></TimeCreated>\n<EventRecordID>823</EventRecordID>\n<Correlation ActivityID=\"\" RelatedActivityID=\"\"></Correlation>\n<Execution ProcessID=\"1852\" ThreadID=\"1264\"></Execution>\n<Channel>Application</Channel>\n<Computer>IACIS-HDD-2014</Computer>\n<Security UserID=\"S-1-5-18\"></Security>\n</System>\n<UserData><EventXML xmlns:auto-ns2=\"http://schemas.microsoft.com/win/2004/08/events\" xmlns=\"LoadPerf\"><param1>Windows Workflow Foundation 4.0.0.0</param1>\n<param2>Windows Workflow Foundation 4.0.0.0</param2>\n<binaryDataSize>12</binaryDataSize>\n<binaryData>nCAAAJ0gAAA0BwAA</binaryData>\n</EventXML>\n</UserData>\n</Event>\n"
  },
  {
    "EventID": 1002,
    "Timestamp": "2014-02-05 13:47:21.206614+00:00",
    "Computer": "IACIS-HDD-2014",
    "Channel": "Application",
    "Level": "Information",
    "EventData": {},
    "RawXml": "<Event xmlns=\"http://schemas.microsoft.com/win/2004/08/events/event\"><System><Provider Name=\"Microsoft-Windows-LoadPerf\" Guid=\"{122ee297-bb47-41ae-b265-1ca8d1886d40}\"></Provider>\n<EventID Qualifiers=\"\">1002</EventID>\n<Version>0</Version>\n<Level>4</Level>\n<Task>0</Task>\n<Opcode>0</Opcode>\n<Keywords>0x8000000000000000</Keywords>\n<TimeCreated SystemTime=\"2014-02-05 13:47:21.206614+00:00\"></TimeCreated>\n<EventRecordID>824</EventRecordID>\n<Correlation ActivityID=\"\" RelatedActivityID=\"\"></Correlation>\n<Execution ProcessID=\"2732\" ThreadID=\"720\"></Execution>\n<Channel>Application</Channel>\n<Computer>IACIS-HDD-2014</Computer>\n<Security UserID=\"S-1-5-18\"></Security>\n</System>\n<UserData><EventXML xmlns:auto-ns2=\"http://schemas.microsoft.com/win/2004/08/events\" xmlns=\"LoadPerf\"><param1>.NET Memory Cache 4.0</param1>\n<param2>.NET Memory Cache 4.0</param2>\n<binaryDataSize>4</binaryDataSize>\n<binaryData>whIAAA==</binaryData>\n</EventXML>\n</UserData>\n</Event>\n"
  },
  {
    "EventID": 1002,
    "Timestamp": "2014-02-05 13:47:21.456215+00:00",
    "Computer": "IACIS-HDD-2014",
    "Channel": "Application",
    "Level": "Information",
    "EventData": {},
    "RawXml": "<Event xmlns=\"http://schemas.microsoft.com/win/2004/08/events/event\"><System><Provider Name=\"Microsoft-Windows-LoadPerf\" Guid=\"{122ee297-bb47-41ae-b265-1ca8d1886d40}\"></Provider>\n<EventID Qualifiers=\"\">1002</EventID>\n<Version>0</Version>\n<Level>4</Level>\n<Task>0</Task>\n<Opcode>0</Opcode>\n<Keywords>0x8000000000000000</Keywords>\n<TimeCreated SystemTime=\"2014-02-05 13:47:21.456215+00:00\"></TimeCreated>\n<EventRecordID>825</EventRecordID>\n<Correlation ActivityID=\"\" RelatedActivityID=\"\"></Correlation>\n<Execution ProcessID=\"3404\" ThreadID=\"1164\"></Execution>\n<Channel>Application</Channel>\n<Computer>IACIS-HDD-2014</Computer>\n<Security UserID=\"S-1-5-18\"></Security>\n</System>\n<UserData><EventXML xmlns:auto-ns2=\"http://schemas.microsoft.com/win/2004/08/events\" xmlns=\"LoadPerf\"><param1>.NET Memory Cache 4.0</param1>\n<param2>.NET Memory Cache 4.0</param2>\n<binaryDataSize>4</binaryDataSize>\n<binaryData>whIAAA==</binaryData>\n</EventXML>\n</UserData>\n</Event>\n"
  },
