  {
    "EventID": 1130,
    "Timestamp": "2014-01-25 01:27:08+00:00",
    "Computer": "IACIS-HDD-2014",
    "Channel": "Application",
    "Level": "LogAlways",
    "EventData": {
      "": "<string>.NET Runtime Optimization Service (2.0.50727.5420) - Installed from repository: Microsoft.GroupPolicy.Reporting</string>\n"
    },
    "RawXml": "<Event xmlns=\"http://schemas.microsoft.com/win/2004/08/events/event\"><System><Provider Name=\".NET Runtime Optimization Service\"></Provider>\n<EventID Qualifiers=\"0\">1130</EventID>\n<Level>0</Level>\n<Task>0</Task>\n<Keywords>0x0080000000000000</Keywords>\n<TimeCreated SystemTime=\"2014-01-25 01:27:08+00:00\"></TimeCreated>\n<EventRecordID>150</EventRecordID>\n<Channel>Application</Channel>\n<Computer>IACIS-HDD-2014</Computer>\n<Security UserID=\"\"></Security>\n</System>\n<EventData><Data>&lt;string&gt;.NET Runtime Optimization Service (2.0.50727.5420) - Installed from repository: Microsoft.GroupPolicy.Reporting&lt;/string&gt;\n</Data>\n<Binary></Binary>\n</EventData>\n</Event>\n"
  },
  {
    "EventID": 1130,
    "Timestamp": "2014-01-25 01:27:09+00:00",
    "Computer": "IACIS-HDD-2014",
    "Channel": "Application",
    "Level": "LogAlways",
    "EventData": {
      "": "<string>.NET Runtime Optimization Service (2.0.50727.5420) - Installed from repository: SecurityAuditPoliciesSnapIn</string>\n"
    },
    "RawXml": "<Event xmlns=\"http://schemas.microsoft.com/win/2004/08/events/event\"><System><Provider Name=\".NET Runtime Optimization Service\"></Provider>\n<EventID Qualifiers=\"0\">1130</EventID>\n<Level>0</Level>\n<Task>0</Task>\n<Keywords>0x0080000000000000</Keywords>\n<TimeCreated SystemTime=\"2014-01-25 01:27:09+00:00\"></TimeCreated>\n<EventRecordID>151</EventRecordID>\n<Channel>Application</Channel>\n<Computer>IACIS-HDD-2014</Computer>\n<Security UserID=\"\"></Security>\n</System>\n<EventData><Data>&lt;string&gt;.NET Runtime Optimization Service (2.0.50727.5420) - Installed from repository: SecurityAuditPoliciesSnapIn&lt;/string&gt;\n</Data>\n<Binary></Binary>\n</EventData>\n</Event>\n"
  },
  {
    "EventID": 1130,
    "Timestamp": "2014-01-25 01:27:10+00:00",
    "Computer": "IACIS-HDD-2014",
    "Channel": "Application",
    "Level": "LogAlways",
    "EventData": {
      "": "<string>.NET Runtime Optimization Service (2.0.50727.5420) - Installed from repository: Microsoft.Security.ApplicationId.Wizards.AutomaticRuleGenerationWizard</string>\n"
    },
    "RawXml": "<Event xmlns=\"http://schemas.microsoft.com/win/2004/08/events/event\"><System><Provider Name=\".NET Runtime Optimization Service\"></Provider>\n<EventID Qualifiers=\"0\">1130</EventID>\n<Level>0</Level>\n<Task>0</Task>\n<Keywords>0x0080000000000000</Keywords>\n<TimeCreated SystemTime=\"2014-01-25 01:27:10+00:00\"></TimeCreated>\n<EventRecordID>152</EventRecordID>\n<Channel>Application</Channel>\n<Computer>IACIS-HDD-2014</Computer>\n<Security UserID=\"\"></Security>\n</System>\n<EventData><Data>&lt;string&gt;.NET Runtime Optimization Service (2.0.50727.5420) - Installed from repository: Microsoft.Security.ApplicationId.Wizards.AutomaticRuleGenerationWizard&lt;/string&gt;\n</Data>\n<Binary></Binary>\n</EventData>\n</Event>\n"
  },
  {
    "EventID": 1130,
    "Timestamp": "2014-01-25 01:27:13+00:00",
    "Computer": "IACIS-HDD-2014",
    "Channel": "Application",
    "Level": "LogAlways",
    "EventData": {
      "": "<string>.NET Runtime Optimization Service (2.0.50727.5420) - Installed from repository: SrpUxSnapIn</string>\n"
    },
    "RawXml": "<Event xmlns=\"http://schemas.microsoft.com/win/2004/08/events/event\"><System><Provider Name=\".NET Runtime Optimization Service\"></Provider>\n<EventID Qualifiers=\"0\">1130</EventID>\n<Level>0</Level>\n<Task>0</Task>\n<Keywords>0x0080000000000000</Keywords>\n<TimeCreated SystemTime=\"2014-01-25 01:27:13+00:00\"></TimeCreated>\n<EventRecordID>153</EventRecordID>\n<Channel>Application</Channel>\n<Computer>IACIS-HDD-2014</Computer>\n<Security UserID=\"\"></Security>\n</System>\n<EventData><Data>&lt;string&gt;.NET Runtime Optimization Service (2.0.50727.5420) - Installed from repository: SrpUxSnapIn&lt;/string&gt;\n</Data>\n<Binary></Binary>\n</EventData>\n</Event>\n"
  },
  {
    "EventID": 1130,
    "Timestamp": "2014-01-25 01:27:17+00:00",
    "Computer": "IACIS-HDD-2014",
    "Channel": "Application",
    "Level": "LogAlways",
    "EventData": {
      "": "<string>.NET Runtime Optimization Service (2.0.50727.5420) - Installed from repository: AuditPolicyGPManagedStubs.Interop</string>\n"
    },
    "RawXml": "<Event xmlns=\"http://schemas.microsoft.com/win/2004/08/events/event\"><System><Provider Name=\".NET Runtime Optimization Service\"></Provider>\n<EventID Qualifiers=\"0\">1130</EventID>\n<Level>0</Level>\n<Task>0</Task>\n<Keywords>0x0080000000000000</Keywords>\n<TimeCreated SystemTime=\"2014-01-25 01:27:17+00:00\"></TimeCreated>\n<EventRecordID>154</EventRecordID>\n<Channel>Application</Channel>\n<Computer>IACIS-HDD-2014</Computer>\n<Security UserID=\"\"></Security>\n</System>\n<EventData><Data>&lt;string&gt;.NET Runtime Optimization Service (2.0.50727.5420) - Installed from repository: AuditPolicyGPManagedStubs.Interop&lt;/string&gt;\n</Data>\n<Binary></Binary>\n</EventData>\n</Event>\n"
  },
  {
    "EventID": 1130,
    "Timestamp": "2014-01-25 01:27:19+00:00",
    "Computer": "IACIS-HDD-2014",
    "Channel": "Application",
    "Level": "LogAlways",
    "EventData": {
      "": "<string>.NET Runtime Optimization Service (2.0.50727.5420) - Installed from repository: BDATunePIA</string>\n"
    },
    "RawXml": "<Event xmlns=\"http://schemas.microsoft.com/win/2004/08/events/event\"><System><Provider Name=\".NET Runtime Optimization Service\"></Provider>\n<EventID Qualifiers=\"0\">1130</EventID>\n<Level>0</Level>\n<Task>0</Task>\n<Keywords>0x0080000000000000</Keywords>\n<TimeCreated SystemTime=\"2014-01-25 01:27:19+00:00\"></TimeCreated>\n<EventRecordID>155</EventRecordID>\n<Channel>Application</Channel>\n<Computer>IACIS-HDD-2014</Computer>\n<Security UserID=\"\"></Security>\n</System>\n<EventData><Data>&lt;string&gt;.NET Runtime Optimization Service (2.0.50727.5420) - Installed from repository: BDATunePIA&lt;/string&gt;\n</Data>\n<Binary></Binary>\n</EventData>\n</Event>\n"
  },
  {
    "EventID": 1130,
    "Timestamp": "2014-01-25 01:27:19+00:00",
    "Computer": "IACIS-HDD-2014",
    "Channel": "Application",
    "Level": "LogAlways",
    "EventData": {
      "": "<string>.NET Runtime Optimization Service (2.0.50727.5420) - Installed from repository: ehCIR</string>\n"
    },
    "RawXml": "<Event xmlns=\"http://schemas.microsoft.com/win/2004/08/events/event\"><System><Provider Name=\".NET Runtime Optimization Service\"></Provider>\n<EventID Qualifiers=\"0\">1130</EventID>\n<Level>0</Level>\n<Task>0</Task>\n<Keywords>0x0080000000000000</Keywords>\n<TimeCreated SystemTime=\"2014-01-25 01:27:19+00:00\"></TimeCreated>\n<EventRecordID>156</EventRecordID>\n<Channel>Application</Channel>\n<Computer>IACIS-HDD-2014</Computer>\n<Security UserID=\"\"></Security>\n</System>\n<EventData><Data>&lt;string&gt;.NET Runtime Optimization Service (2.0.50727.5420) - Installed from repository: ehCIR&lt;/string&gt;\n</Data>\n<Binary></Binary>\n</EventData>\n</Event>\n"
  },
  {
    "EventID": 1130,
    "Timestamp": "2014-01-25 01:27:19+00:00",
    "Computer": "IACIS-HDD-2014",
    "Channel": "Application",
    "Level": "LogAlways",
    "EventData": {
      "": "<string>.NET Runtime Optimization Service (2.0.50727.5420) - Installed from repository: ehiProxy</string>\n"
    },
    "RawXml": "<Event xmlns=\"http://schemas.microsoft.com/win/2004/08/events/event\"><System><Provider Name=\".NET Runtime Optimization Service\"></Provider>\n<EventID Qualifiers=\"0\">1130</EventID>\n<Level>0</Level>\n<Task>0</Task>\n<Keywords>0x0080000000000000</Keywords>\n<TimeCreated SystemTime=\"2014-01-25 01:27:19+00:00\"></TimeCreated>\n<EventRecordID>157</EventRecordID>\n<Channel>Application</Channel>\n<Computer>IACIS-HDD-2014</Computer>\n<Security UserID=\"\"></Security>\n</System>\n<EventData><Data>&lt;string&gt;.NET Runtime Optimization Service (2.0.50727.5420) - Installed from repository: ehiProxy&lt;/string&gt;\n</Data>\n<Binary></Binary>\n</EventData>\n</Event>\n"
  },
  {
    "EventID": 1130,
    "Timestamp": "2014-01-25 01:27:22+00:00",
    "Computer": "IACIS-HDD-2014",
    "Channel": "Application",
    "Level": "LogAlways",
    "EventData": {
      "": "<string>.NET Runtime Optimization Service (2.0.50727.5420) - Installed from repository: ehExtHost</string>\n"
    },
    "RawXml": "<Event xmlns=\"http://schemas.microsoft.com/win/2004/08/events/event\"><System><Provider Name=\".NET Runtime Optimization Service\"></Provider>\n<EventID Qualifiers=\"0\">1130</EventID>\n<Level>0</Level>\n<Task>0</Task>\n<Keywords>0x0080000000000000</Keywords>\n<TimeCreated SystemTime=\"2014-01-25 01:27:22+00:00\"></TimeCreated>\n<EventRecordID>158</EventRecordID>\n<Channel>Application</Channel>\n<Computer>IACIS-HDD-2014</Computer>\n<Security UserID=\"\"></Security>\n</System>\n<EventData><Data>&lt;string&gt;.NET Runtime Optimization Service (2.0.50727.5420) - Installed from repository: ehExtHost&lt;/string&gt;\n</Data>\n<Binary></Binary>\n</EventData>\n</Event>\n"
  },
  {
    "EventID": 1130,
    "Timestamp": "2014-01-25 01:27:23+00:00",
    "Computer": "IACIS-HDD-2014",
    "Channel": "Application",
    "Level": "LogAlways",
    "EventData": {
      "": "<string>.NET Runtime Optimization Service (2.0.50727.5420) - Installed from repository: Microsoft.MediaCenter</string>\n"
    },
    "RawXml": "<Event xmlns=\"http://schemas.microsoft.com/win/2004/08/events/event\"><System><Provider Name=\".NET Runtime Optimization Service\"></Provider>\n<EventID Qualifiers=\"0\">1130</EventID>\n<Level>0</Level>\n<Task>0</Task>\n<Keywords>0x0080000000000000</Keywords>\n<TimeCreated SystemTime=\"2014-01-25 01:27:23+00:00\"></TimeCreated>\n<EventRecordID>159</EventRecordID>\n<Channel>Application</Channel>\n<Computer>IACIS-HDD-2014</Computer>\n<Security UserID=\"\"></Security>\n</System>\n<EventData><Data>&lt;string&gt;.NET Runtime Optimization Service (2.0.50727.5420) - Installed from repository: Microsoft.MediaCenter&lt;/string&gt;\n</Data>\n<Binary></Binary>\n</EventData>\n</Event>\n"
  },
  {
    "EventID": 1130,
    "Timestamp": "2014-01-25 01:27:23+00:00",
    "Computer": "IACIS-HDD-2014",
    "Channel": "Application",
    "Level": "LogAlways",
    "EventData": {
      "": "<string>.NET Runtime Optimization Service (2.0.50727.5420) - Installed from repository: Microsoft.MediaCenter.UI</string>\n"
    },
    "RawXml": "<Event xmlns=\"http://schemas.microsoft.com/win/2004/08/events/event\"><System><Provider Name=\".NET Runtime Optimization Service\"></Provider>\n<EventID Qualifiers=\"0\">1130</EventID>\n<Level>0</Level>\n<Task>0</Task>\n<Keywords>0x0080000000000000</Keywords>\n<TimeCreated SystemTime=\"2014-01-25 01:27:23+00:00\"></TimeCreated>\n<EventRecordID>160</EventRecordID>\n<Channel>Application</Channel>\n<Computer>IACIS-HDD-2014</Computer>\n<Security UserID=\"\"></Security>\n</System>\n<EventData><Data>&lt;string&gt;.NET Runtime Optimization Service (2.0.50727.5420) - Installed from repository: Microsoft.MediaCenter.UI&lt;/string&gt;\n</Data>\n<Binary></Binary>\n</EventData>\n</Event>\n"
  },
  {
    "EventID": 1130,
    "Timestamp": "2014-01-25 01:27:23+00:00",
    "Computer": "IACIS-HDD-2014",
    "Channel": "Application",
    "Level": "LogAlways",
    "EventData": {
      "": "<string>.NET Runtime Optimization Service (2.0.50727.5420) - Installed from repository: ehiUserXp</string>\n"
    },
    "RawXml": "<Event xmlns=\"http://schemas.microsoft.com/win/2004/08/events/event\"><System><Provider Name=\".NET Runtime Optimization Service\"></Provider>\n<EventID Qualifiers=\"0\">1130</EventID>\n<Level>0</Level>\n<Task>0</Task>\n<Keywords>0x0080000000000000</Keywords>\n<TimeCreated SystemTime=\"2014-01-25 01:27:23+00:00\"></TimeCreated>\n<EventRecordID>161</EventRecordID>\n<Channel>Application</Channel>\n<Computer>IACIS-HDD-2014</Computer>\n<Security UserID=\"\"></Security>\n</System>\n<EventData><Data>&lt;string&gt;.NET Runtime Optimization Service (2.0.50727.5420) - Installed from repository: ehiUserXp&lt;/string&gt;\n</Data>\n<Binary></Binary>\n</EventData>\n</Event>\n"
  },
  {
    "EventID": 1130,
    "Timestamp": "2014-01-25 01:27:23+00:00",
    "Computer": "IACIS-HDD-2014",
    "Channel": "Application",
    "Level": "LogAlways",
    "EventData": {
      "": "<string>.NET Runtime Optimization Service (2.0.50727.5420) - Installed from repository: ehRecObj</string>\n"
    },
    "RawXml": "<Event xmlns=\"http://schemas.microsoft.com/win/2004/08/events/event\"><System><Provider Name=\".NET Runtime Optimization Service\"></Provider>\n<EventID Qualifiers=\"0\">1130</EventID>\n<Level>0</Level>\n<Task>0</Task>\n<Keywords>0x0080000000000000</Keywords>\n<TimeCreated SystemTime=\"2014-01-25 01:27:23+00:00\"></TimeCreated>\n<EventRecordID>162</EventRecordID>\n<Channel>Application</Channel>\n<Computer>IACIS-HDD-2014</Computer>\n<Security UserID=\"\"></Security>\n</System>\n<EventData><Data>&lt;string&gt;.NET Runtime Optimization Service (2.0.50727.5420) - Installed from repository: ehRecObj&lt;/string&gt;\n</Data>\n<Binary></Binary>\n</EventData>\n</Event>\n"
  },
  {
    "EventID": 1130,
    "Timestamp": "2014-01-25 01:27:23+00:00",
    "Computer": "IACIS-HDD-2014",
    "Channel": "Application",
    "Level": "LogAlways",
    "EventData": {
      "": "<string>.NET Runtime Optimization Service (2.0.50727.5420) - Installed from repository: mcepg</string>\n"
    },
    "RawXml": "<Event xmlns=\"http://schemas.microsoft.com/win/2004/08/events/event\"><System><Provider Name=\".NET Runtime Optimization Service\"></Provider>\n<EventID Qualifiers=\"0\">1130</EventID>\n<Level>0</Level>\n<Task>0</Task>\n<Keywords>0x0080000000000000</Keywords>\n<TimeCreated SystemTime=\"2014-01-25 01:27:23+00:00\"></TimeCreated>\n<EventRecordID>163</EventRecordID>\n<Channel>Application</Channel>\n<Computer>IACIS-HDD-2014</Computer>\n<Security UserID=\"\"></Security>\n</System>\n<EventData><Data>&lt;string&gt;.NET Runtime Optimization Service (2.0.50727.5420) - Installed from repository: mcepg&lt;/string&gt;\n</Data>\n<Binary></Binary>\n</EventData>\n</Event>\n"
  },
  {
    "EventID": 1130,
    "Timestamp": "2014-01-25 01:27:24+00:00",
    "Computer": "IACIS-HDD-2014",
    "Channel": "Application",
    "Level": "LogAlways",
    "EventData": {
      "": "<string>.NET Runtime Optimization Service (2.0.50727.5420) - Installed from repository: mcstore</string>\n"
    },
    "RawXml": "<Event xmlns=\"http://schemas.microsoft.com/win/2004/08/events/event\"><System><Provider Name=\".NET Runtime Optimization Service\"></Provider>\n<EventID Qualifiers=\"0\">1130</EventID>\n<Level>0</Level>\n<Task>0</Task>\n<Keywords>0x0080000000000000</Keywords>\n<TimeCreated SystemTime=\"2014-01-25 01:27:24+00:00\"></TimeCreated>\n<EventRecordID>164</EventRecordID>\n<Channel>Application</Channel>\n<Computer>IACIS-HDD-2014</Computer>\n<Security UserID=\"\"></Security>\n</System>\n<EventData><Data>&lt;string&gt;.NET Runtime Optimization Service (2.0.50727.5420) - Installed from repository: mcstore&lt;/string&gt;\n</Data>\n<Binary></Binary>\n</EventData>\n</Event>\n"
  },
  {
    "EventID": 1130,
    "Timestamp": "2014-01-25 01:27:24+00:00",
    "Computer": "IACIS-HDD-2014",
    "Channel": "Application",
    "Level": "LogAlways",
    "EventData": {
      "": "<string>.NET Runtime Optimization Service (2.0.50727.5420) - Installed from repository: mcstoredb</string>\n"
    },
    "RawXml": "<Event xmlns=\"http://schemas.microsoft.com/win/2004/08/events/event\"><System><Provider Name=\".NET Runtime Optimization Service\"></Provider>\n<EventID Qualifiers=\"0\">1130</EventID>\n<Level>0</Level>\n<Task>0</Task>\n<Keywords>0x0080000000000000</Keywords>\n<TimeCreated SystemTime=\"2014-01-25 01:27:24+00:00\"></TimeCreated>\n<EventRecordID>165</EventRecordID>\n<Channel>Application</Channel>\n<Computer>IACIS-HDD-2014</Computer>\n<Security UserID=\"\"></Security>\n</System>\n<EventData><Data>&lt;string&gt;.NET Runtime Optimization Service (2.0.50727.5420) - Installed from repository: mcstoredb&lt;/string&gt;\n</Data>\n<Binary></Binary>\n</EventData>\n</Event>\n"
  },
  {
    "EventID": 1130,
    "Timestamp": "2014-01-25 01:27:24+00:00",
    "Computer": "IACIS-HDD-2014",
    "Channel": "Application",
    "Level": "LogAlways",
    "EventData": {
      "": "<string>.NET Runtime Optimization Service (2.0.50727.5420) - Installed from repository: ehiVidCtl</string>\n"
    },
    "RawXml": "<Event xmlns=\"http://schemas.microsoft.com/win/2004/08/events/event\"><System><Provider Name=\".NET Runtime Optimization Service\"></Provider>\n<EventID Qualifiers=\"0\">1130</EventID>\n<Level>0</Level>\n<Task>0</Task>\n<Keywords>0x0080000000000000</Keywords>\n<TimeCreated SystemTime=\"2014-01-25 01:27:24+00:00\"></TimeCreated>\n<EventRecordID>166</EventRecordID>\n<Channel>Application</Channel>\n<Computer>IACIS-HDD-2014</Computer>\n<Security UserID=\"\"></Security>\n</System>\n<EventData><Data>&lt;string&gt;.NET Runtime Optimization Service (2.0.50727.5420) - Installed from repository: ehiVidCtl&lt;/string&gt;\n</Data>\n<Binary></Binary>\n</EventData>\n</Event>\n"
  },
  {
    "EventID": 1130,
    "Timestamp": "2014-01-25 01:27:24+00:00",
    "Computer": "IACIS-HDD-2014",
    "Channel": "Application",
    "Level": "LogAlways",
    "EventData": {
      "": "<string>.NET Runtime Optimization Service (2.0.50727.5420) - Installed from repository: ehiExtens</string>\n"
    },
    "RawXml": "<Event xmlns=\"http://schemas.microsoft.com/win/2004/08/events/event\"><System><Provider Name=\".NET Runtime Optimization Service\"></Provider>\n<EventID Qualifiers=\"0\">1130</EventID>\n<Level>0</Level>\n<Task>0</Task>\n<Keywords>0x0080000000000000</Keywords>\n<TimeCreated SystemTime=\"2014-01-25 01:27:24+00:00\"></TimeCreated>\n<EventRecordID>167</EventRecordID>\n<Channel>Application</Channel>\n<Computer>IACIS-HDD-2014</Computer>\n<Security UserID=\"\"></Security>\n</System>\n<EventData><Data>&lt;string&gt;.NET Runtime Optimization Service (2.0.50727.5420) - Installed from repository: ehiExtens&lt;/string&gt;\n</Data>\n<Binary></Binary>\n</EventData>\n</Event>\n"
  },
  {
    "EventID": 1130,
    "Timestamp": "2014-01-25 01:27:24+00:00",
    "Computer": "IACIS-HDD-2014",
    "Channel": "Application",
    "Level": "LogAlways",
    "EventData": {
      "": "<string>.NET Runtime Optimization Service (2.0.50727.5420) - Installed from repository: ehiActivScp</string>\n"
    },
    "RawXml": "<Event xmlns=\"http://schemas.microsoft.com/win/2004/08/events/event\"><System><Provider Name=\".NET Runtime Optimization Service\"></Provider>\n<EventID Qualifiers=\"0\">1130</EventID>\n<Level>0</Level>\n<Task>0</Task>\n<Keywords>0x0080000000000000</Keywords>\n<TimeCreated SystemTime=\"2014-01-25 01:27:24+00:00\"></TimeCreated>\n<EventRecordID>168</EventRecordID>\n<Channel>Application</Channel>\n<Computer>IACIS-HDD-2014</Computer>\n<Security UserID=\"\"></Security>\n</System>\n<EventData><Data>&lt;string&gt;.NET Runtime Optimization Service (2.0.50727.5420) - Installed from repository: ehiActivScp&lt;/string&gt;\n</Data>\n<Binary></Binary>\n</EventData>\n</Event>\n"
  },
  {
    "EventID": 1130,
    "Timestamp": "2014-01-25 01:27:24+00:00",
    "Computer": "IACIS-HDD-2014",
    "Channel": "Application",
    "Level": "LogAlways",
    "EventData": {
      "": "<string>.NET Runtime Optimization Service (2.0.50727.5420) - Installed from repository: ehiBmlDataCarousel</string>\n"
    },
    "RawXml": "<Event xmlns=\"http://schemas.microsoft.com/win/2004/08/events/event\"><System><Provider Name=\".NET Runtime Optimization Service\"></Provider>\n<EventID Qualifiers=\"0\">1130</EventID>\n<Level>0</Level>\n<Task>0</Task>\n<Keywords>0x0080000000000000</Keywords>\n<TimeCreated SystemTime=\"2014-01-25 01:27:24+00:00\"></TimeCreated>\n<EventRecordID>169</EventRecordID>\n<Channel>Application</Channel>\n<Computer>IACIS-HDD-2014</Computer>\n<Security UserID=\"\"></Security>\n</System>\n<EventData><Data>&lt;string&gt;.NET Runtime Optimization Service (2.0.50727.5420) - Installed from repository: ehiBmlDataCarousel&lt;/string&gt;\n</Data>\n<Binary></Binary>\n</EventData>\n</Event>\n"
  },
  {
    "EventID": 1130,
    "Timestamp": "2014-01-25 01:27:24+00:00",
    "Computer": "IACIS-HDD-2014",
    "Channel": "Application",
    "Level": "LogAlways",
    "EventData": {
      "": "<string>.NET Runtime Optimization Service (2.0.50727.5420) - Installed from repository: ehiiTv</string>\n"
    },
    "RawXml": "<Event xmlns=\"http://schemas.microsoft.com/win/2004/08/events/event\"><System><Provider Name=\".NET Runtime Optimization Service\"></Provider>\n<EventID Qualifiers=\"0\">1130</EventID>\n<Level>0</Level>\n<Task>0</Task>\n<Keywords>0x0080000000000000</Keywords>\n<TimeCreated SystemTime=\"2014-01-25 01:27:24+00:00\"></TimeCreated>\n<EventRecordID>170</EventRecordID>\n<Channel>Application</Channel>\n<Computer>IACIS-HDD-2014</Computer>\n<Security UserID=\"\"></Security>\n</System>\n<EventData><Data>&lt;string&gt;.NET Runtime Optimization Service (2.0.50727.5420) - Installed from repository: ehiiTv&lt;/string&gt;\n</Data>\n<Binary></Binary>\n</EventData>\n</Event>\n"
  },
  {
    "EventID": 1130,
    "Timestamp": "2014-01-25 01:27:26+00:00",
    "Computer": "IACIS-HDD-2014",
    "Channel": "Application",
    "Level": "LogAlways",
    "EventData": {
      "": "<string>.NET Runtime Optimization Service (2.0.50727.5420) - Installed from repository: ehiTVMSMusic</string>\n"
    },
    "RawXml": "<Event xmlns=\"http://schemas.microsoft.com/win/2004/08/events/event\"><System><Provider Name=\".NET Runtime Optimization Service\"></Provider>\n<EventID Qualifiers=\"0\">1130</EventID>\n<Level>0</Level>\n<Task>0</Task>\n<Keywords>0x0080000000000000</Keywords>\n<TimeCreated SystemTime=\"2014-01-25 01:27:26+00:00\"></TimeCreated>\n<EventRecordID>171</EventRecordID>\n<Channel>Application</Channel>\n<Computer>IACIS-HDD-2014</Computer>\n<Security UserID=\"\"></Security>\n</System>\n<EventData><Data>&lt;string&gt;.NET Runtime Optimization Service (2.0.50727.5420) - Installed from repository: ehiTVMSMusic&lt;/string&gt;\n</Data>\n<Binary></Binary>\n</EventData>\n</Event>\n"
  },
  {
    "EventID": 1130,
    "Timestamp": "2014-01-25 01:27:26+00:00",
    "Computer": "IACIS-HDD-2014",
    "Channel": "Application",
    "Level": "LogAlways",
    "EventData": {
      "": "<string>.NET Runtime Optimization Service (2.0.50727.5420) - Installed from repository: Microsoft.MediaCenter.iTv.Hosting</string>\n"
    },
    "RawXml": "<Event xmlns=\"http://schemas.microsoft.com/win/2004/08/events/event\"><System><Provider Name=\".NET Runtime Optimization Service\"></Provider>\n<EventID Qualifiers=\"0\">1130</EventID>\n<Level>0</Level>\n<Task>0</Task>\n<Keywords>0x0080000000000000</Keywords>\n<TimeCreated SystemTime=\"2014-01-25 01:27:26+00:00\"></TimeCreated>\n<EventRecordID>172</EventRecordID>\n<Channel>Application</Channel>\n<Computer>IACIS-HDD-2014</Computer>\n<Security UserID=\"\"></Security>\n</System>\n<EventData><Data>&lt;string&gt;.NET Runtime Optimization Service (2.0.50727.5420) - Installed from repository: Microsoft.MediaCenter.iTv.Hosting&lt;/string&gt;\n</Data>\n<Binary></Binary>\n</EventData>\n</Event>\n"
  },
  {
    "EventID": 1130,
    "Timestamp": "2014-01-25 01:27:26+00:00",
    "Computer": "IACIS-HDD-2014",
    "Channel": "Application",
    "Level": "LogAlways",
    "EventData": {
      "": "<string>.NET Runtime Optimization Service (2.0.50727.5420) - Installed from repository: ehiUPnP</string>\n"
    },
    "RawXml": "<Event xmlns=\"http://schemas.microsoft.com/win/2004/08/events/event\"><System><Provider Name=\".NET Runtime Optimization Service\"></Provider>\n<EventID Qualifiers=\"0\">1130</EventID>\n<Level>0</Level>\n<Task>0</Task>\n<Keywords>0x0080000000000000</Keywords>\n<TimeCreated SystemTime=\"2014-01-25 01:27:26+00:00\"></TimeCreated>\n<EventRecordID>173</EventRecordID>\n<Channel>Application</Channel>\n<Computer>IACIS-HDD-2014</Computer>\n<Security UserID=\"\"></Security>\n</System>\n<EventData><Data>&lt;string&gt;.NET Runtime Optimization Service (2.0.50727.5420) - Installed from repository: ehiUPnP&lt;/string&gt;\n</Data>\n<Binary></Binary>\n</EventData>\n</Event>\n"
  },
  {
    "EventID": 1130,
    "Timestamp": "2014-01-25 01:27:26+00:00",
    "Computer": "IACIS-HDD-2014",
    "Channel": "Application",
    "Level": "LogAlways",
    "EventData": {
      "": "<string>.NET Runtime Optimization Service (2.0.50727.5420) - Installed from repository: ehiwmp</string>\n"
    },
    "RawXml": "<Event xmlns=\"http://schemas.microsoft.com/win/2004/08/events/event\"><System><Provider Name=\".NET Runtime Optimization Service\"></Provider>\n<EventID Qualifiers=\"0\">1130</EventID>\n<Level>0</Level>\n<Task>0</Task>\n<Keywords>0x0080000000000000</Keywords>\n<TimeCreated SystemTime=\"2014-01-25 01:27:26+00:00\"></TimeCreated>\n<EventRecordID>174</EventRecordID>\n<Channel>Application</Channel>\n<Computer>IACIS-HDD-2014</Computer>\n<Security UserID=\"\"></Security>\n</System>\n<EventData><Data>&lt;string&gt;.NET Runtime Optimization Service (2.0.50727.5420) - Installed from repository: ehiwmp&lt;/string&gt;\n</Data>\n<Binary></Binary>\n</EventData>\n</Event>\n"
  },
  {
    "EventID": 1130,
    "Timestamp": "2014-01-25 01:27:26+00:00",
    "Computer": "IACIS-HDD-2014",
    "Channel": "Application",
    "Level": "LogAlways",
    "EventData": {
      "": "<string>.NET Runtime Optimization Service (2.0.50727.5420) - Installed from repository: ehiWUapi</string>\n"
    },
    "RawXml": "<Event xmlns=\"http://schemas.microsoft.com/win/2004/08/events/event\"><System><Provider Name=\".NET Runtime Optimization Service\"></Provider>\n<EventID Qualifiers=\"0\">1130</EventID>\n<Level>0</Level>\n<Task>0</Task>\n<Keywords>0x0080000000000000</Keywords>\n<TimeCreated SystemTime=\"2014-01-25 01:27:26+00:00\"></TimeCreated>\n<EventRecordID>175</EventRecordID>\n<Channel>Application</Channel>\n<Computer>IACIS-HDD-2014</Computer>\n<Security UserID=\"\"></Security>\n</System>\n<EventData><Data>&lt;string&gt;.NET Runtime Optimization Service (2.0.50727.5420) - Installed from repository: ehiWUapi&lt;/string&gt;\n</Data>\n<Binary></Binary>\n</EventData>\n</Event>\n"
  },
  {
    "EventID": 1130,
    "Timestamp": "2014-01-25 01:27:28+00:00",
    "Computer": "IACIS-HDD-2014",
    "Channel": "Application",
    "Level": "LogAlways",
    "EventData": {
      "": "<string>.NET Runtime Optimization Service (2.0.50727.5420) - Installed from repository: Microsoft.MediaCenter.Shell</string>\n"
    },
    "RawXml": "<Event xmlns=\"http://schemas.microsoft.com/win/2004/08/events/event\"><System><Provider Name=\".NET Runtime Optimization Service\"></Provider>\n<EventID Qualifiers=\"0\">1130</EventID>\n<Level>0</Level>\n<Task>0</Task>\n<Keywords>0x0080000000000000</Keywords>\n<TimeCreated SystemTime=\"2014-01-25 01:27:28+00:00\"></TimeCreated>\n<EventRecordID>176</EventRecordID>\n<Channel>Application</Channel>\n<Computer>IACIS-HDD-2014</Computer>\n<Security UserID=\"\"></Security>\n</System>\n<EventData><Data>&lt;string&gt;.NET Runtime Optimization Service (2.0.50727.5420) - Installed from repository: Microsoft.MediaCenter.Shell&lt;/string&gt;\n</Data>\n<Binary></Binary>\n</EventData>\n</Event>\n"
  },
  {
    "EventID": 1130,
    "Timestamp": "2014-01-25 01:27:28+00:00",
    "Computer": "IACIS-HDD-2014",
    "Channel": "Application",
    "Level": "LogAlways",
    "EventData": {
      "": "<string>.NET Runtime Optimization Service (2.0.50727.5420) - Installed from repository: Microsoft.MediaCenter.Interop</string>\n"
    },
    "RawXml": "<Event xmlns=\"http://schemas.microsoft.com/win/2004/08/events/event\"><System><Provider Name=\".NET Runtime Optimization Service\"></Provider>\n<EventID Qualifiers=\"0\">1130</EventID>\n<Level>0</Level>\n<Task>0</Task>\n<Keywords>0x0080000000000000</Keywords>\n<TimeCreated SystemTime=\"2014-01-25 01:27:28+00:00\"></TimeCreated>\n<EventRecordID>177</EventRecordID>\n<Channel>Application</Channel>\n<Computer>IACIS-HDD-2014</Computer>\n<Security UserID=\"\"></Security>\n</System>\n<EventData><Data>&lt;string&gt;.NET Runtime Optimization Service (2.0.50727.5420) - Installed from repository: Microsoft.MediaCenter.Interop&lt;/string&gt;\n</Data>\n<Binary></Binary>\n</EventData>\n</Event>\n"
  },
  {
    "EventID": 1130,
    "Timestamp": "2014-01-25 01:27:28+00:00",
    "Computer": "IACIS-HDD-2014",
    "Channel": "Application",
    "Level": "LogAlways",
    "EventData": {
      "": "<string>.NET Runtime Optimization Service (2.0.50727.5420) - Installed from repository: Microsoft.MediaCenter.ITVVM</string>\n"
    },
    "RawXml": "<Event xmlns=\"http://schemas.microsoft.com/win/2004/08/events/event\"><System><Provider Name=\".NET Runtime Optimization Service\"></Provider>\n<EventID Qualifiers=\"0\">1130</EventID>\n<Level>0</Level>\n<Task>0</Task>\n<Keywords>0x0080000000000000</Keywords>\n<TimeCreated SystemTime=\"2014-01-25 01:27:28+00:00\"></TimeCreated>\n<EventRecordID>178</EventRecordID>\n<Channel>Application</Channel>\n<Computer>IACIS-HDD-2014</Computer>\n<Security UserID=\"\"></Security>\n</System>\n<EventData><Data>&lt;string&gt;.NET Runtime Optimization Service (2.0.50727.5420) - Installed from repository: Microsoft.MediaCenter.ITVVM&lt;/string&gt;\n</Data>\n<Binary></Binary>\n</EventData>\n</Event>\n"
  },
  {
    "EventID": 1130,
    "Timestamp": "2014-01-25 01:27:28+00:00",
    "Computer": "IACIS-HDD-2014",
    "Channel": "Application",
    "Level": "LogAlways",
    "EventData": {
      "": "<string>.NET Runtime Optimization Service (2.0.50727.5420) - Installed from repository: Microsoft.MediaCenter.Playback</string>\n"
    },
    "RawXml": "<Event xmlns=\"http://schemas.microsoft.com/win/2004/08/events/event\"><System><Provider Name=\".NET Runtime Optimization Service\"></Provider>\n<EventID Qualifiers=\"0\">1130</EventID>\n<Level>0</Level>\n<Task>0</Task>\n<Keywords>0x0080000000000000</Keywords>\n<TimeCreated SystemTime=\"2014-01-25 01:27:28+00:00\"></TimeCreated>\n<EventRecordID>179</EventRecordID>\n<Channel>Application</Channel>\n<Computer>IACIS-HDD-2014</Computer>\n<Security UserID=\"\"></Security>\n</System>\n<EventData><Data>&lt;string&gt;.NET Runtime Optimization Service (2.0.50727.5420) - Installed from repository: Microsoft.MediaCenter.Playback&lt;/string&gt;\n</Data>\n<Binary></Binary>\n</EventData>\n</Event>\n"
  },
  {
    "EventID": 1130,
    "Timestamp": "2014-01-25 01:27:28+00:00",
    "Computer": "IACIS-HDD-2014",
    "Channel": "Application",
    "Level": "LogAlways",
    "EventData": {
      "": "<string>.NET Runtime Optimization Service (2.0.50727.5420) - Installed from repository: Microsoft.MediaCenter.TV.Tuners.Interop</string>\n"
    },
    "RawXml": "<Event xmlns=\"http://schemas.microsoft.com/win/2004/08/events/event\"><System><Provider Name=\".NET Runtime Optimization Service\"></Provider>\n<EventID Qualifiers=\"0\">1130</EventID>\n<Level>0</Level>\n<Task>0</Task>\n<Keywords>0x0080000000000000</Keywords>\n<TimeCreated SystemTime=\"2014-01-25 01:27:28+00:00\"></TimeCreated>\n<EventRecordID>180</EventRecordID>\n<Channel>Application</Channel>\n<Computer>IACIS-HDD-2014</Computer>\n<Security UserID=\"\"></Security>\n</System>\n<EventData><Data>&lt;string&gt;.NET Runtime Optimization Service (2.0.50727.5420) - Installed from repository: Microsoft.MediaCenter.TV.Tuners.Interop&lt;/string&gt;\n</Data>\n<Binary></Binary>\n</EventData>\n</Event>\n"
  },
  {
    "EventID": 1130,
    "Timestamp": "2014-01-25 01:27:28+00:00",
    "Computer": "IACIS-HDD-2014",
    "Channel": "Application",
    "Level": "LogAlways",
    "EventData": {
      "": "<string>.NET Runtime Optimization Service (2.0.50727.5420) - Installed from repository: Microsoft.MediaCenter.Sports</string>\n"
    },
    "RawXml": "<Event xmlns=\"http://schemas.microsoft.com/win/2004/08/events/event\"><System><Provider Name=\".NET Runtime Optimization Service\"></Provider>\n<EventID Qualifiers=\"0\">1130</EventID>\n<Level>0</Level>\n<Task>0</Task>\n<Keywords>0x0080000000000000</Keywords>\n<TimeCreated SystemTime=\"2014-01-25 01:27:28+00:00\"></TimeCreated>\n<EventRecordID>181</EventRecordID>\n<Channel>Application</Channel>\n<Computer>IACIS-HDD-2014</Computer>\n<Security UserID=\"\"></Security>\n</System>\n<EventData><Data>&lt;string&gt;.NET Runtime Optimization Service (2.0.50727.5420) - Installed from repository: Microsoft.MediaCenter.Sports&lt;/string&gt;\n</Data>\n<Binary></Binary>\n</EventData>\n</Event>\n"
  },
  {
    "EventID": 1130,
    "Timestamp": "2014-01-25 01:27:29+00:00",
    "Computer": "IACIS-HDD-2014",
    "Channel": "Application",
    "Level": "LogAlways",
    "EventData": {
      "": "<string>.NET Runtime Optimization Service (2.0.50727.5420) - Installed from repository: ehshell</string>\n"
    },
    "RawXml": "<Event xmlns=\"http://schemas.microsoft.com/win/2004/08/events/event\"><System><Provider Name=\".NET Runtime Optimization Service\"></Provider>\n<EventID Qualifiers=\"0\">1130</EventID>\n<Level>0</Level>\n<Task>0</Task>\n<Keywords>0x0080000000000000</Keywords>\n<TimeCreated SystemTime=\"2014-01-25 01:27:29+00:00\"></TimeCreated>\n<EventRecordID>182</EventRecordID>\n<Channel>Application</Channel>\n<Computer>IACIS-HDD-2014</Computer>\n<Security UserID=\"\"></Security>\n</System>\n<EventData><Data>&lt;string&gt;.NET Runtime Optimization Service (2.0.50727.5420) - Installed from repository: ehshell&lt;/string&gt;\n</Data>\n<Binary></Binary>\n</EventData>\n</Event>\n"
  },
  {
    "EventID": 1130,
    "Timestamp": "2014-01-25 01:27:29+00:00",
    "Computer": "IACIS-HDD-2014",
    "Channel": "Application",
    "Level": "LogAlways",
    "EventData": {
      "": "<string>.NET Runtime Optimization Service (2.0.50727.5420) - Installed from repository: Mcx2Dvcs</string>\n"
    },
    "RawXml": "<Event xmlns=\"http://schemas.microsoft.com/win/2004/08/events/event\"><System><Provider Name=\".NET Runtime Optimization Service\"></Provider>\n<EventID Qualifiers=\"0\">1130</EventID>\n<Level>0</Level>\n<Task>0</Task>\n<Keywords>0x0080000000000000</Keywords>\n<TimeCreated SystemTime=\"2014-01-25 01:27:29+00:00\"></TimeCreated>\n<EventRecordID>183</EventRecordID>\n<Channel>Application</Channel>\n<Computer>IACIS-HDD-2014</Computer>\n<Security UserID=\"\"></Security>\n</System>\n<EventData><Data>&lt;string&gt;.NET Runtime Optimization Service (2.0.50727.5420) - Installed from repository: Mcx2Dvcs&lt;/string&gt;\n</Data>\n<Binary></Binary>\n</EventData>\n</Event>\n"
  },
  {
    "EventID": 1130,
    "Timestamp": "2014-01-25 01:27:29+00:00",
    "Computer": "IACIS-HDD-2014",
    "Channel": "Application",
    "Level": "LogAlways",
    "EventData": {
      "": "<string>.NET Runtime Optimization Service (2.0.50727.5420) - Installed from repository: Microsoft.MediaCenter.iTv</string>\n"
    },
    "RawXml": "<Event xmlns=\"http://schemas.microsoft.com/win/2004/08/events/event\"><System><Provider Name=\".NET Runtime Optimization Service\"></Provider>\n<EventID Qualifiers=\"0\">1130</EventID>\n<Level>0</Level>\n<Task>0</Task>\n<Keywords>0x0080000000000000</Keywords>\n<TimeCreated SystemTime=\"2014-01-25 01:27:29+00:00\"></TimeCreated>\n<EventRecordID>184</EventRecordID>\n<Channel>Application</Channel>\n<Computer>IACIS-HDD-2014</Computer>\n<Security UserID=\"\"></Security>\n</System>\n<EventData><Data>&lt;string&gt;.NET Runtime Optimization Service (2.0.50727.5420) - Installed from repository: Microsoft.MediaCenter.iTv&lt;/string&gt;\n</Data>\n<Binary></Binary>\n</EventData>\n</Event>\n"
  },
  {
    "EventID": 1130,
    "Timestamp": "2014-01-25 01:27:29+00:00",
    "Computer": "IACIS-HDD-2014",
    "Channel": "Application",
    "Level": "LogAlways",
    "EventData": {
      "": "<string>.NET Runtime Optimization Service (2.0.50727.5420) - Installed from repository: Microsoft.MediaCenter.iTv.Media</string>\n"
    },
    "RawXml": "<Event xmlns=\"http://schemas.microsoft.com/win/2004/08/events/event\"><System><Provider Name=\".NET Runtime Optimization Service\"></Provider>\n<EventID Qualifiers=\"0\">1130</EventID>\n<Level>0</Level>\n<Task>0</Task>\n<Keywords>0x0080000000000000</Keywords>\n<TimeCreated SystemTime=\"2014-01-25 01:27:29+00:00\"></TimeCreated>\n<EventRecordID>185</EventRecordID>\n<Channel>Application</Channel>\n<Computer>IACIS-HDD-2014</Computer>\n<Security UserID=\"\"></Security>\n</System>\n<EventData><Data>&lt;string&gt;.NET Runtime Optimization Service (2.0.50727.5420) - Installed from repository: Microsoft.MediaCenter.iTv.Media&lt;/string&gt;\n</Data>\n<Binary></Binary>\n</EventData>\n</Event>\n"
  },
  {
    "EventID": 1130,
    "Timestamp": "2014-01-25 01:27:30+00:00",
    "Computer": "IACIS-HDD-2014",
    "Channel": "Application",
    "Level": "LogAlways",
    "EventData": {
      "": "<string>.NET Runtime Optimization Service (2.0.50727.5420) - Installed from repository: LoadMxf</string>\n"
    },
    "RawXml": "<Event xmlns=\"http://schemas.microsoft.com/win/2004/08/events/event\"><System><Provider Name=\".NET Runtime Optimization Service\"></Provider>\n<EventID Qualifiers=\"0\">1130</EventID>\n<Level>0</Level>\n<Task>0</Task>\n<Keywords>0x0080000000000000</Keywords>\n<TimeCreated SystemTime=\"2014-01-25 01:27:30+00:00\"></TimeCreated>\n<EventRecordID>186</EventRecordID>\n<Channel>Application</Channel>\n<Computer>IACIS-HDD-2014</Computer>\n<Security UserID=\"\"></Security>\n</System>\n<EventData><Data>&lt;string&gt;.NET Runtime Optimization Service (2.0.50727.5420) - Installed from repository: LoadMxf&lt;/string&gt;\n</Data>\n<Binary></Binary>\n</EventData>\n</Event>\n"
  },
  {
    "EventID": 1130,
    "Timestamp": "2014-01-25 01:27:32+00:00",
    "Computer": "IACIS-HDD-2014",
    "Channel": "Application",
    "Level": "LogAlways",
    "EventData": {
      "": "<string>.NET Runtime Optimization Service (2.0.50727.5420) - Installed from repository: MCESidebarCtrl</string>\n"
    },
    "RawXml": "<Event xmlns=\"http://schemas.microsoft.com/win/2004/08/events/event\"><System><Provider Name=\".NET Runtime Optimization Service\"></Provider>\n<EventID Qualifiers=\"0\">1130</EventID>\n<Level>0</Level>\n<Task>0</Task>\n<Keywords>0x0080000000000000</Keywords>\n<TimeCreated SystemTime=\"2014-01-25 01:27:32+00:00\"></TimeCreated>\n<EventRecordID>187</EventRecordID>\n<Channel>Application</Channel>\n<Computer>IACIS-HDD-2014</Computer>\n<Security UserID=\"\"></Security>\n</System>\n<EventData><Data>&lt;string&gt;.NET Runtime Optimization Service (2.0.50727.5420) - Installed from repository: MCESidebarCtrl&lt;/string&gt;\n</Data>\n<Binary></Binary>\n</EventData>\n</Event>\n"
  },
  {
    "EventID": 1130,
    "Timestamp": "2014-01-25 01:27:32+00:00",
    "Computer": "IACIS-HDD-2014",
    "Channel": "Application",
    "Level": "LogAlways",
    "EventData": {
      "": "<string>.NET Runtime Optimization Service (2.0.50727.5420) - Installed from repository: mcGlidHostObj</string>\n"
    },
    "RawXml": "<Event xmlns=\"http://schemas.microsoft.com/win/2004/08/events/event\"><System><Provider Name=\".NET Runtime Optimization Service\"></Provider>\n<EventID Qualifiers=\"0\">1130</EventID>\n<Level>0</Level>\n<Task>0</Task>\n<Keywords>0x0080000000000000</Keywords>\n<TimeCreated SystemTime=\"2014-01-25 01:27:32+00:00\"></TimeCreated>\n<EventRecordID>188</EventRecordID>\n<Channel>Application</Channel>\n<Computer>IACIS-HDD-2014</Computer>\n<Security UserID=\"\"></Security>\n</System>\n<EventData><Data>&lt;string&gt;.NET Runtime Optimization Service (2.0.50727.5420) - Installed from repository: mcGlidHostObj&lt;/string&gt;\n</Data>\n<Binary></Binary>\n</EventData>\n</Event>\n"
  },
  {
    "EventID": 1130,
    "Timestamp": "2014-01-25 01:27:33+00:00",
    "Computer": "IACIS-HDD-2014",
    "Channel": "Application",
    "Level": "LogAlways",
    "EventData": {
      "": "<string>.NET Runtime Optimization Service (2.0.50727.5420) - Installed from repository: mcplayerinterop</string>\n"
    },
    "RawXml": "<Event xmlns=\"http://schemas.microsoft.com/win/2004/08/events/event\"><System><Provider Name=\".NET Runtime Optimization Service\"></Provider>\n<EventID Qualifiers=\"0\">1130</EventID>\n<Level>0</Level>\n<Task>0</Task>\n<Keywords>0x0080000000000000</Keywords>\n<TimeCreated SystemTime=\"2014-01-25 01:27:33+00:00\"></TimeCreated>\n<EventRecordID>189</EventRecordID>\n<Channel>Application</Channel>\n<Computer>IACIS-HDD-2014</Computer>\n<Security UserID=\"\"></Security>\n</System>\n<EventData><Data>&lt;string&gt;.NET Runtime Optimization Service (2.0.50727.5420) - Installed from repository: mcplayerinterop&lt;/string&gt;\n</Data>\n<Binary></Binary>\n</EventData>\n</Event>\n"
  },
  {
    "EventID": 1130,
    "Timestamp": "2014-01-25 01:27:35+00:00",
    "Computer": "IACIS-HDD-2014",
    "Channel": "Application",
    "Level": "LogAlways",
    "EventData": {
      "": "<string>.NET Runtime Optimization Service (2.0.50727.5420) - Installed from repository: mcupdate</string>\n"
    },
    "RawXml": "<Event xmlns=\"http://schemas.microsoft.com/win/2004/08/events/event\"><System><Provider Name=\".NET Runtime Optimization Service\"></Provider>\n<EventID Qualifiers=\"0\">1130</EventID>\n<Level>0</Level>\n<Task>0</Task>\n<Keywords>0x0080000000000000</Keywords>\n<TimeCreated SystemTime=\"2014-01-25 01:27:35+00:00\"></TimeCreated>\n<EventRecordID>190</EventRecordID>\n<Channel>Application</Channel>\n<Computer>IACIS-HDD-2014</Computer>\n<Security UserID=\"\"></Security>\n</System>\n<EventData><Data>&lt;string&gt;.NET Runtime Optimization Service (2.0.50727.5420) - Installed from repository: mcupdate&lt;/string&gt;\n</Data>\n<Binary></Binary>\n</EventData>\n</Event>\n"
  },
  {
    "EventID": 11,
    "Timestamp": "2014-01-25 01:27:33.747456+00:00",
    "Computer": "IACIS-HDD-2014",
    "Channel": "Application",
    "Level": "Warning",
    "EventData": {
      "ApplicationName": "C:\\Windows\\System32\\svchost.exe -k LocalServiceNetworkRestricted",
      "ProcessId": "936",
      "InterfaceId": "{3f31c91e-2545-4b7b-9311-9529e8bffef6}",
      "Method": "20"
    },
    "RawXml": "<Event xmlns=\"http://schemas.microsoft.com/win/2004/08/events/event\"><System><Provider Name=\"Microsoft-Windows-RPC-Events\" Guid=\"{f4aed7c7-a898-4627-b053-44a7caa12fcd}\"></Provider>\n<EventID Qualifiers=\"\">11</EventID>\n<Version>0</Version>\n<Level>3</Level>\n<Task>0</Task>\n<Opcode>0</Opcode>\n<Keywords>0x8000000000000000</Keywords>\n<TimeCreated SystemTime=\"2014-01-25 01:27:33.747456+00:00\"></TimeCreated>\n<EventRecordID>191</EventRecordID>\n<Correlation ActivityID=\"\" RelatedActivityID=\"\"></Correlation>\n<Execution ProcessID=\"936\" ThreadID=\"952\"></Execution>\n<Channel>Application</Channel>\n<Computer>IACIS-HDD-2014</Computer>\n<Security UserID=\"S-1-5-19\"></Security>\n</System>\n<EventData><Data Name=\"ApplicationName\">C:\\Windows\\System32\\svchost.exe -k LocalServiceNetworkRestricted</Data>\n<Data Name=\"ProcessId\">936</Data>\n<Data Name=\"InterfaceId\">{3f31c91e-2545-4b7b-9311-9529e8bffef6}</Data>\n<Data Name=\"Method\">20</Data>\n</EventData>\n</Event>\n"
  },
  {
    "EventID": 1130,
    "Timestamp": "2014-01-25 01:27:35+00:00",
    "Computer": "IACIS-HDD-2014",
    "Channel": "Application",
    "Level": "LogAlways",
    "EventData": {
      "": "<string>.NET Runtime Optimization Service (2.0.50727.5420) - Installed from repository: Microsoft.ApplicationId.Framework</string>\n"
    },
    "RawXml": "<Event xmlns=\"http://schemas.microsoft.com/win/2004/08/events/event\"><System><Provider Name=\".NET Runtime Optimization Service\"></Provider>\n<EventID Qualifiers=\"0\">1130</EventID>\n<Level>0</Level>\n<Task>0</Task>\n<Keywords>0x0080000000000000</Keywords>\n<TimeCreated SystemTime=\"2014-01-25 01:27:35+00:00\"></TimeCreated>\n<EventRecordID>192</EventRecordID>\n<Channel>Application</Channel>\n<Computer>IACIS-HDD-2014</Computer>\n<Security UserID=\"\"></Security>\n</System>\n<EventData><Data>&lt;string&gt;.NET Runtime Optimization Service (2.0.50727.5420) - Installed from repository: Microsoft.ApplicationId.Framework&lt;/string&gt;\n</Data>\n<Binary></Binary>\n</EventData>\n</Event>\n"
  },
  {
    "EventID": 1130,
    "Timestamp": "2014-01-25 01:27:36+00:00",
    "Computer": "IACIS-HDD-2014",
    "Channel": "Application",
    "Level": "LogAlways",
    "EventData": {
      "": "<string>.NET Runtime Optimization Service (2.0.50727.5420) - Installed from repository: Microsoft.ApplicationId.RuleWizard</string>\n"
    },
    "RawXml": "<Event xmlns=\"http://schemas.microsoft.com/win/2004/08/events/event\"><System><Provider Name=\".NET Runtime Optimization Service\"></Provider>\n<EventID Qualifiers=\"0\">1130</EventID>\n<Level>0</Level>\n<Task>0</Task>\n<Keywords>0x0080000000000000</Keywords>\n<TimeCreated SystemTime=\"2014-01-25 01:27:36+00:00\"></TimeCreated>\n<EventRecordID>193</EventRecordID>\n<Channel>Application</Channel>\n<Computer>IACIS-HDD-2014</Computer>\n<Security UserID=\"\"></Security>\n</System>\n<EventData><Data>&lt;string&gt;.NET Runtime Optimization Service (2.0.50727.5420) - Installed from repository: Microsoft.ApplicationId.RuleWizard&lt;/string&gt;\n</Data>\n<Binary></Binary>\n</EventData>\n</Event>\n"
  },
  {
    "EventID": 1130,
    "Timestamp": "2014-01-25 01:27:36+00:00",
    "Computer": "IACIS-HDD-2014",
    "Channel": "Application",
    "Level": "LogAlways",
    "EventData": {
      "": "<string>.NET Runtime Optimization Service (2.0.50727.5420) - Installed from repository: Microsoft.Security.ApplicationId.PolicyManagement.PolicyModel</string>\n"
    },
    "RawXml": "<Event xmlns=\"http://schemas.microsoft.com/win/2004/08/events/event\"><System><Provider Name=\".NET Runtime Optimization Service\"></Provider>\n<EventID Qualifiers=\"0\">1130</EventID>\n<Level>0</Level>\n<Task>0</Task>\n<Keywords>0x0080000000000000</Keywords>\n<TimeCreated SystemTime=\"2014-01-25 01:27:36+00:00\"></TimeCreated>\n<EventRecordID>194</EventRecordID>\n<Channel>Application</Channel>\n<Computer>IACIS-HDD-2014</Computer>\n<Security UserID=\"\"></Security>\n</System>\n<EventData><Data>&lt;string&gt;.NET Runtime Optimization Service (2.0.50727.5420) - Installed from repository: Microsoft.Security.ApplicationId.PolicyManagement.PolicyModel&lt;/string&gt;\n</Data>\n<Binary></Binary>\n</EventData>\n</Event>\n"
  },
  {
    "EventID": 1130,
    "Timestamp": "2014-01-25 01:27:36+00:00",
    "Computer": "IACIS-HDD-2014",
    "Channel": "Application",
    "Level": "LogAlways",
    "EventData": {
      "": "<string>.NET Runtime Optimization Service (2.0.50727.5420) - Installed from repository: Microsoft.Security.ApplicationId.PolicyManagement.XmlHelper</string>\n"
    },
    "RawXml": "<Event xmlns=\"http://schemas.microsoft.com/win/2004/08/events/event\"><System><Provider Name=\".NET Runtime Optimization Service\"></Provider>\n<EventID Qualifiers=\"0\">1130</EventID>\n<Level>0</Level>\n<Task>0</Task>\n<Keywords>0x0080000000000000</Keywords>\n<TimeCreated SystemTime=\"2014-01-25 01:27:36+00:00\"></TimeCreated>\n<EventRecordID>195</EventRecordID>\n<Channel>Application</Channel>\n<Computer>IACIS-HDD-2014</Computer>\n<Security UserID=\"\"></Security>\n</System>\n<EventData><Data>&lt;string&gt;.NET Runtime Optimization Service (2.0.50727.5420) - Installed from repository: Microsoft.Security.ApplicationId.PolicyManagement.XmlHelper&lt;/string&gt;\n</Data>\n<Binary></Binary>\n</EventData>\n</Event>\n"
  },
  {
    "EventID": 1130,
    "Timestamp": "2014-01-25 01:27:37+00:00",
    "Computer": "IACIS-HDD-2014",
    "Channel": "Application",
    "Level": "LogAlways",
    "EventData": {
      "": "<string>.NET Runtime Optimization Service (2.0.50727.5420) - Installed from repository: Microsoft.Security.ApplicationId.PolicyManagement.PolicyManager</string>\n"
    },
    "RawXml": "<Event xmlns=\"http://schemas.microsoft.com/win/2004/08/events/event\"><System><Provider Name=\".NET Runtime Optimization Service\"></Provider>\n<EventID Qualifiers=\"0\">1130</EventID>\n<Level>0</Level>\n<Task>0</Task>\n<Keywords>0x0080000000000000</Keywords>\n<TimeCreated SystemTime=\"2014-01-25 01:27:37+00:00\"></TimeCreated>\n<EventRecordID>196</EventRecordID>\n<Channel>Application</Channel>\n<Computer>IACIS-HDD-2014</Computer>\n<Security UserID=\"\"></Security>\n</System>\n<EventData><Data>&lt;string&gt;.NET Runtime Optimization Service (2.0.50727.5420) - Installed from repository: Microsoft.Security.ApplicationId.PolicyManagement.PolicyManager&lt;/string&gt;\n</Data>\n<Binary></Binary>\n</EventData>\n</Event>\n"
  },
  {
    "EventID": 1130,
    "Timestamp": "2014-01-25 01:27:37+00:00",
    "Computer": "IACIS-HDD-2014",
    "Channel": "Application",
    "Level": "LogAlways",
    "EventData": {
      "": "<string>.NET Runtime Optimization Service (2.0.50727.5420) - Installed from repository: Microsoft.Security.ApplicationId.PolicyManagement.PolicyEngineApi.Interop</string>\n"
    },
    "RawXml": "<Event xmlns=\"http://schemas.microsoft.com/win/2004/08/events/event\"><System><Provider Name=\".NET Runtime Optimization Service\"></Provider>\n<EventID Qualifiers=\"0\">1130</EventID>\n<Level>0</Level>\n<Task>0</Task>\n<Keywords>0x0080000000000000</Keywords>\n<TimeCreated SystemTime=\"2014-01-25 01:27:37+00:00\"></TimeCreated>\n<EventRecordID>197</EventRecordID>\n<Channel>Application</Channel>\n<Computer>IACIS-HDD-2014</Computer>\n<Security UserID=\"\"></Security>\n</System>\n<EventData><Data>&lt;string&gt;.NET Runtime Optimization Service (2.0.50727.5420) - Installed from repository: Microsoft.Security.ApplicationId.PolicyManagement.PolicyEngineApi.Interop&lt;/string&gt;\n</Data>\n<Binary></Binary>\n</EventData>\n</Event>\n"
  },
