  {
    "EventID": 10000,
    "Timestamp": "2014-01-25 02:35:25.676188+00:00",
    "Computer": "IACIS-HDD-2014",
    "Channel": "Application",
    "Level": "Information",
    "EventData": {},
    "RawXml": "<Event xmlns=\"http://schemas.microsoft.com/win/2004/08/events/event\"><System><Provider Name=\"Microsoft-Windows-RestartManager\" Guid=\"{0888e5ef-9b98-4695-979d-e92ce4247224}\"></Provider>\n<EventID Qualifiers=\"\">10000</EventID>\n<Version>0</Version>\n<Level>4</Level>\n<Task>0</Task>\n<Opcode>0</Opcode>\n<Keywords>0x8000000000000000</Keywords>\n<TimeCreated SystemTime=\"2014-01-25 02:35:25.676188+00:00\"></TimeCreated>\n<EventRecordID>239</EventRecordID>\n<Correlation ActivityID=\"\" RelatedActivityID=\"\"></Correlation>\n<Execution ProcessID=\"2248\" ThreadID=\"2120\"></Execution>\n<Channel>Application</Channel>\n<Computer>IACIS-HDD-2014</Computer>\n<Security UserID=\"S-1-5-21-1171287513-3642516788-2358256967-1001\"></Security>\n</System>\n<UserData><RmSessionEvent xmlns:auto-ns2=\"http://schemas.microsoft.com/win/2004/08/events\" xmlns=\"http://www.microsoft.com/2005/08/Windows/Reliability/RestartManager/\"><RmSessionId>1</RmSessionId>\n<UTCStartTime>2014-01-25 02:35:25.676188+00:00</UTCStartTime>\n</RmSessionEvent>\n</UserData>\n</Event>\n"
  },
  {
    "EventID": 10001,
    "Timestamp": "2014-01-25 02:35:37.984610+00:00",
    "Computer": "IACIS-HDD-2014",
    "Channel": "Application",
    "Level": "Information",
    "EventData": {},
    "RawXml": "<Event xmlns=\"http://schemas.microsoft.com/win/2004/08/events/event\"><System><Provider Name=\"Microsoft-Windows-RestartManager\" Guid=\"{0888e5ef-9b98-4695-979d-e92ce4247224}\"></Provider>\n<EventID Qualifiers=\"\">10001</EventID>\n<Version>0</Version>\n<Level>4</Level>\n<Task>0</Task>\n<Opcode>0</Opcode>\n<Keywords>0x8000000000000000</Keywords>\n<TimeCreated SystemTime=\"2014-01-25 02:35:37.984610+00:00\"></TimeCreated>\n<EventRecordID>240</EventRecordID>\n<Correlation ActivityID=\"\" RelatedActivityID=\"\"></Correlation>\n<Execution ProcessID=\"2248\" ThreadID=\"2120\"></Execution>\n<Channel>Application</Channel>\n<Computer>IACIS-HDD-2014</Computer>\n<Security UserID=\"S-1-5-21-1171287513-3642516788-2358256967-1001\"></Security>\n</System>\n<UserData><RmSessionEvent xmlns:auto-ns2=\"http://schemas.microsoft.com/win/2004/08/events\" xmlns=\"http://www.microsoft.com/2005/08/Windows/Reliability/RestartManager/\"><RmSessionId>1</RmSessionId>\n<UTCStartTime>2014-01-25 02:35:25.676188+00:00</UTCStartTime>\n</RmSessionEvent>\n</UserData>\n</Event>\n"
  },
  {
    "EventID": 8224,
    "Timestamp": "2014-01-25 02:38:02+00:00",
    "Computer": "IACIS-HDD-2014",
    "Channel": "Application",
    "Level": "Information",
    "EventData": {
      "": "<string></string>\n"
    },
    "RawXml": "<Event xmlns=\"http://schemas.microsoft.com/win/2004/08/events/event\"><System><Provider Name=\"VSS\"></Provider>\n<EventID Qualifiers=\"0\">8224</EventID>\n<Level>4</Level>\n<Task>0</Task>\n<Keywords>0x0080000000000000</Keywords>\n<TimeCreated SystemTime=\"2014-01-25 02:38:02+00:00\"></TimeCreated>\n<EventRecordID>241</EventRecordID>\n<Channel>Application</Channel>\n<Computer>IACIS-HDD-2014</Computer>\n<Security UserID=\"\"></Security>\n</System>\n<EventData><Data>&lt;string&gt;&lt;/string&gt;\n</Data>\n<Binary>LSBDb2RlOiAgQ09SU1ZDQzAwMDAwNzczLSBDYWxsOiAgQ09SU1ZDQzAwMDAwNzU1LSBQSUQ6ICAwMDAwMTc2NC0gVElEOiAgMDAwMDIxMDgtIENNRDogIEM6XFdpbmRvd3Ncc3lzdGVtMzJcdnNzdmMuZXhlICAgLSBVc2VyOiBOYW1lOiBOVCBBVVRIT1JJVFlcU1lTVEVNLCBTSUQ6Uy0xLTUtMTgg</Binary>\n</EventData>\n</Event>\n"
  },
  {
    "EventID": 8224,
    "Timestamp": "2014-01-25 02:41:27+00:00",
    "Computer": "IACIS-HDD-2014",
    "Channel": "Application",
    "Level": "Information",
    "EventData": {
      "": "<string></string>\n"
    },
    "RawXml": "<Event xmlns=\"http://schemas.microsoft.com/win/2004/08/events/event\"><System><Provider Name=\"VSS\"></Provider>\n<EventID Qualifiers=\"0\">8224</EventID>\n<Level>4</Level>\n<Task>0</Task>\n<Keywords>0x0080000000000000</Keywords>\n<TimeCreated SystemTime=\"2014-01-25 02:41:27+00:00\"></TimeCreated>\n<EventRecordID>242</EventRecordID>\n<Channel>Application</Channel>\n<Computer>IACIS-HDD-2014</Computer>\n<Security UserID=\"\"></Security>\n</System>\n<EventData><Data>&lt;string&gt;&lt;/string&gt;\n</Data>\n<Binary>LSBDb2RlOiAgQ09SU1ZDQzAwMDAwNzczLSBDYWxsOiAgQ09SU1ZDQzAwMDAwNzU1LSBQSUQ6ICAwMDAwMTM5Mi0gVElEOiAgMDAwMDE0NTYtIENNRDogIEM6XFdpbmRvd3Ncc3lzdGVtMzJcdnNzdmMuZXhlICAgLSBVc2VyOiBOYW1lOiBOVCBBVVRIT1JJVFlcU1lTVEVNLCBTSUQ6Uy0xLTUtMTgg</Binary>\n</EventData>\n</Event>\n"
  },
  {
    "EventID": 8224,
    "Timestamp": "2014-01-25 02:45:10+00:00",
    "Computer": "IACIS-HDD-2014",
    "Channel": "Application",
    "Level": "Information",
    "EventData": {
      "": "<string></string>\n"
    },
    "RawXml": "<Event xmlns=\"http://schemas.microsoft.com/win/2004/08/events/event\"><System><Provider Name=\"VSS\"></Provider>\n<EventID Qualifiers=\"0\">8224</EventID>\n<Level>4</Level>\n<Task>0</Task>\n<Keywords>0x0080000000000000</Keywords>\n<TimeCreated SystemTime=\"2014-01-25 02:45:10+00:00\"></TimeCreated>\n<EventRecordID>243</EventRecordID>\n<Channel>Application</Channel>\n<Computer>IACIS-HDD-2014</Computer>\n<Security UserID=\"\"></Security>\n</System>\n<EventData><Data>&lt;string&gt;&lt;/string&gt;\n</Data>\n<Binary>LSBDb2RlOiAgQ09SU1ZDQzAwMDAwNzczLSBDYWxsOiAgQ09SU1ZDQzAwMDAwNzU1LSBQSUQ6ICAwMDAwMjMyMC0gVElEOiAgMDAwMDIxNTYtIENNRDogIEM6XFdpbmRvd3Ncc3lzdGVtMzJcdnNzdmMuZXhlICAgLSBVc2VyOiBOYW1lOiBOVCBBVVRIT1JJVFlcU1lTVEVNLCBTSUQ6Uy0xLTUtMTgg</Binary>\n</EventData>\n</Event>\n"
  },
  {
    "EventID": 8224,
    "Timestamp": "2014-01-25 02:48:50+00:00",
    "Computer": "IACIS-HDD-2014",
    "Channel": "Application",
    "Level": "Information",
    "EventData": {
      "": "<string></string>\n"
    },
    "RawXml": "<Event xmlns=\"http://schemas.microsoft.com/win/2004/08/events/event\"><System><Provider Name=\"VSS\"></Provider>\n<EventID Qualifiers=\"0\">8224</EventID>\n<Level>4</Level>\n<Task>0</Task>\n<Keywords>0x0080000000000000</Keywords>\n<TimeCreated SystemTime=\"2014-01-25 02:48:50+00:00\"></TimeCreated>\n<EventRecordID>244</EventRecordID>\n<Channel>Application</Channel>\n<Computer>IACIS-HDD-2014</Computer>\n<Security UserID=\"\"></Security>\n</System>\n<EventData><Data>&lt;string&gt;&lt;/string&gt;\n</Data>\n<Binary>LSBDb2RlOiAgQ09SU1ZDQzAwMDAwNzczLSBDYWxsOiAgQ09SU1ZDQzAwMDAwNzU1LSBQSUQ6ICAwMDAwMjU1Ni0gVElEOiAgMDAwMDIyMzYtIENNRDogIEM6XFdpbmRvd3Ncc3lzdGVtMzJcdnNzdmMuZXhlICAgLSBVc2VyOiBOYW1lOiBOVCBBVVRIT1JJVFlcU1lTVEVNLCBTSUQ6Uy0xLTUtMTgg</Binary>\n</EventData>\n</Event>\n"
  },
  {
    "EventID": 8224,
    "Timestamp": "2014-01-25 02:55:25+00:00",
    "Computer": "IACIS-HDD-2014",
    "Channel": "Application",
    "Level": "Information",
    "EventData": {
      "": "<string></string>\n"
    },
    "RawXml": "<Event xmlns=\"http://schemas.microsoft.com/win/2004/08/events/event\"><System><Provider Name=\"VSS\"></Provider>\n<EventID Qualifiers=\"0\">8224</EventID>\n<Level>4</Level>\n<Task>0</Task>\n<Keywords>0x0080000000000000</Keywords>\n<TimeCreated SystemTime=\"2014-01-25 02:55:25+00:00\"></TimeCreated>\n<EventRecordID>245</EventRecordID>\n<Channel>Application</Channel>\n<Computer>IACIS-HDD-2014</Computer>\n<Security UserID=\"\"></Security>\n</System>\n<EventData><Data>&lt;string&gt;&lt;/string&gt;\n</Data>\n<Binary>LSBDb2RlOiAgQ09SU1ZDQzAwMDAwNzczLSBDYWxsOiAgQ09SU1ZDQzAwMDAwNzU1LSBQSUQ6ICAwMDAwMjczMi0gVElEOiAgMDAwMDExMDQtIENNRDogIEM6XFdpbmRvd3Ncc3lzdGVtMzJcdnNzdmMuZXhlICAgLSBVc2VyOiBOYW1lOiBOVCBBVVRIT1JJVFlcU1lTVEVNLCBTSUQ6Uy0xLTUtMTgg</Binary>\n</EventData>\n</Event>\n"
  },
  {
    "EventID": 8224,
    "Timestamp": "2014-01-25 03:09:42+00:00",
    "Computer": "IACIS-HDD-2014",
    "Channel": "Application",
    "Level": "Information",
    "EventData": {
      "": "<string></string>\n"
    },
    "RawXml": "<Event xmlns=\"http://schemas.microsoft.com/win/2004/08/events/event\"><System><Provider Name=\"VSS\"></Provider>\n<EventID Qualifiers=\"0\">8224</EventID>\n<Level>4</Level>\n<Task>0</Task>\n<Keywords>0x0080000000000000</Keywords>\n<TimeCreated SystemTime=\"2014-01-25 03:09:42+00:00\"></TimeCreated>\n<EventRecordID>246</EventRecordID>\n<Channel>Application</Channel>\n<Computer>IACIS-HDD-2014</Computer>\n<Security UserID=\"\"></Security>\n</System>\n<EventData><Data>&lt;string&gt;&lt;/string&gt;\n</Data>\n<Binary>LSBDb2RlOiAgQ09SU1ZDQzAwMDAwNzczLSBDYWxsOiAgQ09SU1ZDQzAwMDAwNzU1LSBQSUQ6ICAwMDAwMjkwMC0gVElEOiAgMDAwMDIzMjgtIENNRDogIEM6XFdpbmRvd3Ncc3lzdGVtMzJcdnNzdmMuZXhlICAgLSBVc2VyOiBOYW1lOiBOVCBBVVRIT1JJVFlcU1lTVEVNLCBTSUQ6Uy0xLTUtMTgg</Binary>\n</EventData>\n</Event>\n"
  },
  {
    "EventID": 8224,
    "Timestamp": "2014-01-25 03:14:01+00:00",
    "Computer": "IACIS-HDD-2014",
    "Channel": "Application",
    "Level": "Information",
    "EventData": {
      "": "<string></string>\n"
    },
    "RawXml": "<Event xmlns=\"http://schemas.microsoft.com/win/2004/08/events/event\"><System><Provider Name=\"VSS\"></Provider>\n<EventID Qualifiers=\"0\">8224</EventID>\n<Level>4</Level>\n<Task>0</Task>\n<Keywords>0x0080000000000000</Keywords>\n<TimeCreated SystemTime=\"2014-01-25 03:14:01+00:00\"></TimeCreated>\n<EventRecordID>247</EventRecordID>\n<Channel>Application</Channel>\n<Computer>IACIS-HDD-2014</Computer>\n<Security UserID=\"\"></Security>\n</System>\n<EventData><Data>&lt;string&gt;&lt;/string&gt;\n</Data>\n<Binary>LSBDb2RlOiAgQ09SU1ZDQzAwMDAwNzczLSBDYWxsOiAgQ09SU1ZDQzAwMDAwNzU1LSBQSUQ6ICAwMDAwMjY2OC0gVElEOiAgMDAwMDMwNjgtIENNRDogIEM6XFdpbmRvd3Ncc3lzdGVtMzJcdnNzdmMuZXhlICAgLSBVc2VyOiBOYW1lOiBOVCBBVVRIT1JJVFlcU1lTVEVNLCBTSUQ6Uy0xLTUtMTgg</Binary>\n</EventData>\n</Event>\n"
  },
  {
    "EventID": 8224,
    "Timestamp": "2014-01-25 03:19:07+00:00",
    "Computer": "IACIS-HDD-2014",
    "Channel": "Application",
    "Level": "Information",
    "EventData": {
      "": "<string></string>\n"
    },
    "RawXml": "<Event xmlns=\"http://schemas.microsoft.com/win/2004/08/events/event\"><System><Provider Name=\"VSS\"></Provider>\n<EventID Qualifiers=\"0\">8224</EventID>\n<Level>4</Level>\n<Task>0</Task>\n<Keywords>0x0080000000000000</Keywords>\n<TimeCreated SystemTime=\"2014-01-25 03:19:07+00:00\"></TimeCreated>\n<EventRecordID>248</EventRecordID>\n<Channel>Application</Channel>\n<Computer>IACIS-HDD-2014</Computer>\n<Security UserID=\"\"></Security>\n</System>\n<EventData><Data>&lt;string&gt;&lt;/string&gt;\n</Data>\n<Binary>LSBDb2RlOiAgQ09SU1ZDQzAwMDAwNzczLSBDYWxsOiAgQ09SU1ZDQzAwMDAwNzU1LSBQSUQ6ICAwMDAwMjY3Ni0gVElEOiAgMDAwMDE0NDgtIENNRDogIEM6XFdpbmRvd3Ncc3lzdGVtMzJcdnNzdmMuZXhlICAgLSBVc2VyOiBOYW1lOiBOVCBBVVRIT1JJVFlcU1lTVEVNLCBTSUQ6Uy0xLTUtMTgg</Binary>\n</EventData>\n</Event>\n"
  },
  {
    "EventID": 8224,
    "Timestamp": "2014-01-25 03:23:13+00:00",
    "Computer": "IACIS-HDD-2014",
    "Channel": "Application",
    "Level": "Information",
    "EventData": {
      "": "<string></string>\n"
    },
    "RawXml": "<Event xmlns=\"http://schemas.microsoft.com/win/2004/08/events/event\"><System><Provider Name=\"VSS\"></Provider>\n<EventID Qualifiers=\"0\">8224</EventID>\n<Level>4</Level>\n<Task>0</Task>\n<Keywords>0x0080000000000000</Keywords>\n<TimeCreated SystemTime=\"2014-01-25 03:23:13+00:00\"></TimeCreated>\n<EventRecordID>249</EventRecordID>\n<Channel>Application</Channel>\n<Computer>IACIS-HDD-2014</Computer>\n<Security UserID=\"\"></Security>\n</System>\n<EventData><Data>&lt;string&gt;&lt;/string&gt;\n</Data>\n<Binary>LSBDb2RlOiAgQ09SU1ZDQzAwMDAwNzczLSBDYWxsOiAgQ09SU1ZDQzAwMDAwNzU1LSBQSUQ6ICAwMDAwMjkwMC0gVElEOiAgMDAwMDMwNTYtIENNRDogIEM6XFdpbmRvd3Ncc3lzdGVtMzJcdnNzdmMuZXhlICAgLSBVc2VyOiBOYW1lOiBOVCBBVVRIT1JJVFlcU1lTVEVNLCBTSUQ6Uy0xLTUtMTgg</Binary>\n</EventData>\n</Event>\n"
  },
  {
    "EventID": 8224,
    "Timestamp": "2014-01-25 03:30:06+00:00",
    "Computer": "IACIS-HDD-2014",
    "Channel": "Application",
    "Level": "Information",
    "EventData": {
      "": "<string></string>\n"
    },
    "RawXml": "<Event xmlns=\"http://schemas.microsoft.com/win/2004/08/events/event\"><System><Provider Name=\"VSS\"></Provider>\n<EventID Qualifiers=\"0\">8224</EventID>\n<Level>4</Level>\n<Task>0</Task>\n<Keywords>0x0080000000000000</Keywords>\n<TimeCreated SystemTime=\"2014-01-25 03:30:06+00:00\"></TimeCreated>\n<EventRecordID>250</EventRecordID>\n<Channel>Application</Channel>\n<Computer>IACIS-HDD-2014</Computer>\n<Security UserID=\"\"></Security>\n</System>\n<EventData><Data>&lt;string&gt;&lt;/string&gt;\n</Data>\n<Binary>LSBDb2RlOiAgQ09SU1ZDQzAwMDAwNzczLSBDYWxsOiAgQ09SU1ZDQzAwMDAwNzU1LSBQSUQ6ICAwMDAwMDM3Mi0gVElEOiAgMDAwMDEyMjAtIENNRDogIEM6XFdpbmRvd3Ncc3lzdGVtMzJcdnNzdmMuZXhlICAgLSBVc2VyOiBOYW1lOiBOVCBBVVRIT1JJVFlcU1lTVEVNLCBTSUQ6Uy0xLTUtMTgg</Binary>\n</EventData>\n</Event>\n"
  },
  {
    "EventID": 8224,
    "Timestamp": "2014-01-25 03:34:27+00:00",
    "Computer": "IACIS-HDD-2014",
    "Channel": "Application",
    "Level": "Information",
    "EventData": {
      "": "<string></string>\n"
    },
    "RawXml": "<Event xmlns=\"http://schemas.microsoft.com/win/2004/08/events/event\"><System><Provider Name=\"VSS\"></Provider>\n<EventID Qualifiers=\"0\">8224</EventID>\n<Level>4</Level>\n<Task>0</Task>\n<Keywords>0x0080000000000000</Keywords>\n<TimeCreated SystemTime=\"2014-01-25 03:34:27+00:00\"></TimeCreated>\n<EventRecordID>251</EventRecordID>\n<Channel>Application</Channel>\n<Computer>IACIS-HDD-2014</Computer>\n<Security UserID=\"\"></Security>\n</System>\n<EventData><Data>&lt;string&gt;&lt;/string&gt;\n</Data>\n<Binary>LSBDb2RlOiAgQ09SU1ZDQzAwMDAwNzczLSBDYWxsOiAgQ09SU1ZDQzAwMDAwNzU1LSBQSUQ6ICAwMDAwMTc2NC0gVElEOiAgMDAwMDE3MDAtIENNRDogIEM6XFdpbmRvd3Ncc3lzdGVtMzJcdnNzdmMuZXhlICAgLSBVc2VyOiBOYW1lOiBOVCBBVVRIT1JJVFlcU1lTVEVNLCBTSUQ6Uy0xLTUtMTgg</Binary>\n</EventData>\n</Event>\n"
  },
  {
    "EventID": 8224,
    "Timestamp": "2014-01-25 03:40:26+00:00",
    "Computer": "IACIS-HDD-2014",
    "Channel": "Application",
    "Level": "Information",
    "EventData": {
      "": "<string></string>\n"
    },
    "RawXml": "<Event xmlns=\"http://schemas.microsoft.com/win/2004/08/events/event\"><System><Provider Name=\"VSS\"></Provider>\n<EventID Qualifiers=\"0\">8224</EventID>\n<Level>4</Level>\n<Task>0</Task>\n<Keywords>0x0080000000000000</Keywords>\n<TimeCreated SystemTime=\"2014-01-25 03:40:26+00:00\"></TimeCreated>\n<EventRecordID>252</EventRecordID>\n<Channel>Application</Channel>\n<Computer>IACIS-HDD-2014</Computer>\n<Security UserID=\"\"></Security>\n</System>\n<EventData><Data>&lt;string&gt;&lt;/string&gt;\n</Data>\n<Binary>LSBDb2RlOiAgQ09SU1ZDQzAwMDAwNzczLSBDYWxsOiAgQ09SU1ZDQzAwMDAwNzU1LSBQSUQ6ICAwMDAwMjM2OC0gVElEOiAgMDAwMDA5MDQtIENNRDogIEM6XFdpbmRvd3Ncc3lzdGVtMzJcdnNzdmMuZXhlICAgLSBVc2VyOiBOYW1lOiBOVCBBVVRIT1JJVFlcU1lTVEVNLCBTSUQ6Uy0xLTUtMTgg</Binary>\n</EventData>\n</Event>\n"
  },
  {
    "EventID": 8224,
    "Timestamp": "2014-01-25 03:44:41+00:00",
    "Computer": "IACIS-HDD-2014",
    "Channel": "Application",
    "Level": "Information",
    "EventData": {
      "": "<string></string>\n"
    },
    "RawXml": "<Event xmlns=\"http://schemas.microsoft.com/win/2004/08/events/event\"><System><Provider Name=\"VSS\"></Provider>\n<EventID Qualifiers=\"0\">8224</EventID>\n<Level>4</Level>\n<Task>0</Task>\n<Keywords>0x0080000000000000</Keywords>\n<TimeCreated SystemTime=\"2014-01-25 03:44:41+00:00\"></TimeCreated>\n<EventRecordID>253</EventRecordID>\n<Channel>Application</Channel>\n<Computer>IACIS-HDD-2014</Computer>\n<Security UserID=\"\"></Security>\n</System>\n<EventData><Data>&lt;string&gt;&lt;/string&gt;\n</Data>\n<Binary>LSBDb2RlOiAgQ09SU1ZDQzAwMDAwNzczLSBDYWxsOiAgQ09SU1ZDQzAwMDAwNzU1LSBQSUQ6ICAwMDAwMTAwOC0gVElEOiAgMDAwMDIyODgtIENNRDogIEM6XFdpbmRvd3Ncc3lzdGVtMzJcdnNzdmMuZXhlICAgLSBVc2VyOiBOYW1lOiBOVCBBVVRIT1JJVFlcU1lTVEVNLCBTSUQ6Uy0xLTUtMTgg</Binary>\n</EventData>\n</Event>\n"
  },
  {
    "EventID": 8224,
    "Timestamp": "2014-01-25 03:50:37+00:00",
    "Computer": "IACIS-HDD-2014",
    "Channel": "Application",
    "Level": "Information",
    "EventData": {
      "": "<string></string>\n"
    },
    "RawXml": "<Event xmlns=\"http://schemas.microsoft.com/win/2004/08/events/event\"><System><Provider Name=\"VSS\"></Provider>\n<EventID Qualifiers=\"0\">8224</EventID>\n<Level>4</Level>\n<Task>0</Task>\n<Keywords>0x0080000000000000</Keywords>\n<TimeCreated SystemTime=\"2014-01-25 03:50:37+00:00\"></TimeCreated>\n<EventRecordID>254</EventRecordID>\n<Channel>Application</Channel>\n<Computer>IACIS-HDD-2014</Computer>\n<Security UserID=\"\"></Security>\n</System>\n<EventData><Data>&lt;string&gt;&lt;/string&gt;\n</Data>\n<Binary>LSBDb2RlOiAgQ09SU1ZDQzAwMDAwNzczLSBDYWxsOiAgQ09SU1ZDQzAwMDAwNzU1LSBQSUQ6ICAwMDAwMjE1Ni0gVElEOiAgMDAwMDI0ODAtIENNRDogIEM6XFdpbmRvd3Ncc3lzdGVtMzJcdnNzdmMuZXhlICAgLSBVc2VyOiBOYW1lOiBOVCBBVVRIT1JJVFlcU1lTVEVNLCBTSUQ6Uy0xLTUtMTgg</Binary>\n</EventData>\n</Event>\n"
  },
  {
    "EventID": 8224,
    "Timestamp": "2014-01-25 03:55:30+00:00",
    "Computer": "IACIS-HDD-2014",
    "Channel": "Application",
    "Level": "Information",
    "EventData": {
      "": "<string></string>\n"
    },
    "RawXml": "<Event xmlns=\"http://schemas.microsoft.com/win/2004/08/events/event\"><System><Provider Name=\"VSS\"></Provider>\n<EventID Qualifiers=\"0\">8224</EventID>\n<Level>4</Level>\n<Task>0</Task>\n<Keywords>0x0080000000000000</Keywords>\n<TimeCreated SystemTime=\"2014-01-25 03:55:30+00:00\"></TimeCreated>\n<EventRecordID>255</EventRecordID>\n<Channel>Application</Channel>\n<Computer>IACIS-HDD-2014</Computer>\n<Security UserID=\"\"></Security>\n</System>\n<EventData><Data>&lt;string&gt;&lt;/string&gt;\n</Data>\n<Binary>LSBDb2RlOiAgQ09SU1ZDQzAwMDAwNzczLSBDYWxsOiAgQ09SU1ZDQzAwMDAwNzU1LSBQSUQ6ICAwMDAwMjIzNi0gVElEOiAgMDAwMDA1MjgtIENNRDogIEM6XFdpbmRvd3Ncc3lzdGVtMzJcdnNzdmMuZXhlICAgLSBVc2VyOiBOYW1lOiBOVCBBVVRIT1JJVFlcU1lTVEVNLCBTSUQ6Uy0xLTUtMTgg</Binary>\n</EventData>\n</Event>\n"
  },
  {
    "EventID": 8224,
    "Timestamp": "2014-01-25 04:00:48+00:00",
    "Computer": "IACIS-HDD-2014",
    "Channel": "Application",
    "Level": "Information",
    "EventData": {
      "": "<string></string>\n"
    },
    "RawXml": "<Event xmlns=\"http://schemas.microsoft.com/win/2004/08/events/event\"><System><Provider Name=\"VSS\"></Provider>\n<EventID Qualifiers=\"0\">8224</EventID>\n<Level>4</Level>\n<Task>0</Task>\n<Keywords>0x0080000000000000</Keywords>\n<TimeCreated SystemTime=\"2014-01-25 04:00:48+00:00\"></TimeCreated>\n<EventRecordID>256</EventRecordID>\n<Channel>Application</Channel>\n<Computer>IACIS-HDD-2014</Computer>\n<Security UserID=\"\"></Security>\n</System>\n<EventData><Data>&lt;string&gt;&lt;/string&gt;\n</Data>\n<Binary>LSBDb2RlOiAgQ09SU1ZDQzAwMDAwNzczLSBDYWxsOiAgQ09SU1ZDQzAwMDAwNzU1LSBQSUQ6ICAwMDAwMjQyMC0gVElEOiAgMDAwMDE5NzItIENNRDogIEM6XFdpbmRvd3Ncc3lzdGVtMzJcdnNzdmMuZXhlICAgLSBVc2VyOiBOYW1lOiBOVCBBVVRIT1JJVFlcU1lTVEVNLCBTSUQ6Uy0xLTUtMTgg</Binary>\n</EventData>\n</Event>\n"
  },
  {
    "EventID": 8224,
    "Timestamp": "2014-01-25 04:08:42+00:00",
    "Computer": "IACIS-HDD-2014",
    "Channel": "Application",
    "Level": "Information",
    "EventData": {
      "": "<string></string>\n"
    },
    "RawXml": "<Event xmlns=\"http://schemas.microsoft.com/win/2004/08/events/event\"><System><Provider Name=\"VSS\"></Provider>\n<EventID Qualifiers=\"0\">8224</EventID>\n<Level>4</Level>\n<Task>0</Task>\n<Keywords>0x0080000000000000</Keywords>\n<TimeCreated SystemTime=\"2014-01-25 04:08:42+00:00\"></TimeCreated>\n<EventRecordID>257</EventRecordID>\n<Channel>Application</Channel>\n<Computer>IACIS-HDD-2014</Computer>\n<Security UserID=\"\"></Security>\n</System>\n<EventData><Data>&lt;string&gt;&lt;/string&gt;\n</Data>\n<Binary>LSBDb2RlOiAgQ09SU1ZDQzAwMDAwNzczLSBDYWxsOiAgQ09SU1ZDQzAwMDAwNzU1LSBQSUQ6ICAwMDAwMTUwOC0gVElEOiAgMDAwMDIxODgtIENNRDogIEM6XFdpbmRvd3Ncc3lzdGVtMzJcdnNzdmMuZXhlICAgLSBVc2VyOiBOYW1lOiBOVCBBVVRIT1JJVFlcU1lTVEVNLCBTSUQ6Uy0xLTUtMTgg</Binary>\n</EventData>\n</Event>\n"
  },
  {
    "EventID": 8224,
    "Timestamp": "2014-01-25 04:18:47+00:00",
    "Computer": "IACIS-HDD-2014",
    "Channel": "Application",
    "Level": "Information",
    "EventData": {
      "": "<string></string>\n"
    },
    "RawXml": "<Event xmlns=\"http://schemas.microsoft.com/win/2004/08/events/event\"><System><Provider Name=\"VSS\"></Provider>\n<EventID Qualifiers=\"0\">8224</EventID>\n<Level>4</Level>\n<Task>0</Task>\n<Keywords>0x0080000000000000</Keywords>\n<TimeCreated SystemTime=\"2014-01-25 04:18:47+00:00\"></TimeCreated>\n<EventRecordID>258</EventRecordID>\n<Channel>Application</Channel>\n<Computer>IACIS-HDD-2014</Computer>\n<Security UserID=\"\"></Security>\n</System>\n<EventData><Data>&lt;string&gt;&lt;/string&gt;\n</Data>\n<Binary>LSBDb2RlOiAgQ09SU1ZDQzAwMDAwNzczLSBDYWxsOiAgQ09SU1ZDQzAwMDAwNzU1LSBQSUQ6ICAwMDAwMjk2MC0gVElEOiAgMDAwMDI3OTYtIENNRDogIEM6XFdpbmRvd3Ncc3lzdGVtMzJcdnNzdmMuZXhlICAgLSBVc2VyOiBOYW1lOiBOVCBBVVRIT1JJVFlcU1lTVEVNLCBTSUQ6Uy0xLTUtMTgg</Binary>\n</EventData>\n</Event>\n"
  },
  {
    "EventID": 8224,
    "Timestamp": "2014-01-25 04:38:16+00:00",
    "Computer": "IACIS-HDD-2014",
    "Channel": "Application",
    "Level": "Information",
    "EventData": {
      "": "<string></string>\n"
    },
    "RawXml": "<Event xmlns=\"http://schemas.microsoft.com/win/2004/08/events/event\"><System><Provider Name=\"VSS\"></Provider>\n<EventID Qualifiers=\"0\">8224</EventID>\n<Level>4</Level>\n<Task>0</Task>\n<Keywords>0x0080000000000000</Keywords>\n<TimeCreated SystemTime=\"2014-01-25 04:38:16+00:00\"></TimeCreated>\n<EventRecordID>259</EventRecordID>\n<Channel>Application</Channel>\n<Computer>IACIS-HDD-2014</Computer>\n<Security UserID=\"\"></Security>\n</System>\n<EventData><Data>&lt;string&gt;&lt;/string&gt;\n</Data>\n<Binary>LSBDb2RlOiAgQ09SU1ZDQzAwMDAwNzczLSBDYWxsOiAgQ09SU1ZDQzAwMDAwNzU1LSBQSUQ6ICAwMDAwMjMyOC0gVElEOiAgMDAwMDE1MDgtIENNRDogIEM6XFdpbmRvd3Ncc3lzdGVtMzJcdnNzdmMuZXhlICAgLSBVc2VyOiBOYW1lOiBOVCBBVVRIT1JJVFlcU1lTVEVNLCBTSUQ6Uy0xLTUtMTgg</Binary>\n</EventData>\n</Event>\n"
  },
  {
    "EventID": 10000,
    "Timestamp": "2014-01-25 04:48:38.506226+00:00",
    "Computer": "IACIS-HDD-2014",
    "Channel": "Application",
    "Level": "Information",
    "EventData": {},
    "RawXml": "<Event xmlns=\"http://schemas.microsoft.com/win/2004/08/events/event\"><System><Provider Name=\"Microsoft-Windows-RestartManager\" Guid=\"{0888e5ef-9b98-4695-979d-e92ce4247224}\"></Provider>\n<EventID Qualifiers=\"\">10000</EventID>\n<Version>0</Version>\n<Level>4</Level>\n<Task>0</Task>\n<Opcode>0</Opcode>\n<Keywords>0x8000000000000000</Keywords>\n<TimeCreated SystemTime=\"2014-01-25 04:48:38.506226+00:00\"></TimeCreated>\n<EventRecordID>260</EventRecordID>\n<Correlation ActivityID=\"\" RelatedActivityID=\"\"></Correlation>\n<Execution ProcessID=\"2876\" ThreadID=\"1624\"></Execution>\n<Channel>Application</Channel>\n<Computer>IACIS-HDD-2014</Computer>\n<Security UserID=\"S-1-5-21-1171287513-3642516788-2358256967-1001\"></Security>\n</System>\n<UserData><RmSessionEvent xmlns:auto-ns2=\"http://schemas.microsoft.com/win/2004/08/events\" xmlns=\"http://www.microsoft.com/2005/08/Windows/Reliability/RestartManager/\"><RmSessionId>1</RmSessionId>\n<UTCStartTime>2014-01-25 04:48:38.475025+00:00</UTCStartTime>\n</RmSessionEvent>\n</UserData>\n</Event>\n"
  },
  {
    "EventID": 8224,
    "Timestamp": "2014-01-25 04:48:45+00:00",
    "Computer": "IACIS-HDD-2014",
    "Channel": "Application",
    "Level": "Information",
    "EventData": {
      "": "<string></string>\n"
    },
    "RawXml": "<Event xmlns=\"http://schemas.microsoft.com/win/2004/08/events/event\"><System><Provider Name=\"VSS\"></Provider>\n<EventID Qualifiers=\"0\">8224</EventID>\n<Level>4</Level>\n<Task>0</Task>\n<Keywords>0x0080000000000000</Keywords>\n<TimeCreated SystemTime=\"2014-01-25 04:48:45+00:00\"></TimeCreated>\n<EventRecordID>261</EventRecordID>\n<Channel>Application</Channel>\n<Computer>IACIS-HDD-2014</Computer>\n<Security UserID=\"\"></Security>\n</System>\n<EventData><Data>&lt;string&gt;&lt;/string&gt;\n</Data>\n<Binary>LSBDb2RlOiAgQ09SU1ZDQzAwMDAwNzczLSBDYWxsOiAgQ09SU1ZDQzAwMDAwNzU1LSBQSUQ6ICAwMDAwMjk3Mi0gVElEOiAgMDAwMDE0NTYtIENNRDogIEM6XFdpbmRvd3Ncc3lzdGVtMzJcdnNzdmMuZXhlICAgLSBVc2VyOiBOYW1lOiBOVCBBVVRIT1JJVFlcU1lTVEVNLCBTSUQ6Uy0xLTUtMTgg</Binary>\n</EventData>\n</Event>\n"
  },
  {
    "EventID": 10001,
    "Timestamp": "2014-01-25 04:49:21.749502+00:00",
    "Computer": "IACIS-HDD-2014",
    "Channel": "Application",
    "Level": "Information",
    "EventData": {},
    "RawXml": "<Event xmlns=\"http://schemas.microsoft.com/win/2004/08/events/event\"><System><Provider Name=\"Microsoft-Windows-RestartManager\" Guid=\"{0888e5ef-9b98-4695-979d-e92ce4247224}\"></Provider>\n<EventID Qualifiers=\"\">10001</EventID>\n<Version>0</Version>\n<Level>4</Level>\n<Task>0</Task>\n<Opcode>0</Opcode>\n<Keywords>0x8000000000000000</Keywords>\n<TimeCreated SystemTime=\"2014-01-25 04:49:21.749502+00:00\"></TimeCreated>\n<EventRecordID>262</EventRecordID>\n<Correlation ActivityID=\"\" RelatedActivityID=\"\"></Correlation>\n<Execution ProcessID=\"2876\" ThreadID=\"1624\"></Execution>\n<Channel>Application</Channel>\n<Computer>IACIS-HDD-2014</Computer>\n<Security UserID=\"S-1-5-21-1171287513-3642516788-2358256967-1001\"></Security>\n</System>\n<UserData><RmSessionEvent xmlns:auto-ns2=\"http://schemas.microsoft.com/win/2004/08/events\" xmlns=\"http://www.microsoft.com/2005/08/Windows/Reliability/RestartManager/\"><RmSessionId>1</RmSessionId>\n<UTCStartTime>2014-01-25 04:48:38.475025+00:00</UTCStartTime>\n</RmSessionEvent>\n</UserData>\n</Event>\n"
  },
  {
    "EventID": 8224,
    "Timestamp": "2014-01-25 05:02:44+00:00",
    "Computer": "IACIS-HDD-2014",
    "Channel": "Application",
    "Level": "Information",
    "EventData": {
      "": "<string></string>\n"
    },
    "RawXml": "<Event xmlns=\"http://schemas.microsoft.com/win/2004/08/events/event\"><System><Provider Name=\"VSS\"></Provider>\n<EventID Qualifiers=\"0\">8224</EventID>\n<Level>4</Level>\n<Task>0</Task>\n<Keywords>0x0080000000000000</Keywords>\n<TimeCreated SystemTime=\"2014-01-25 05:02:44+00:00\"></TimeCreated>\n<EventRecordID>263</EventRecordID>\n<Channel>Application</Channel>\n<Computer>IACIS-HDD-2014</Computer>\n<Security UserID=\"\"></Security>\n</System>\n<EventData><Data>&lt;string&gt;&lt;/string&gt;\n</Data>\n<Binary>LSBDb2RlOiAgQ09SU1ZDQzAwMDAwNzczLSBDYWxsOiAgQ09SU1ZDQzAwMDAwNzU1LSBQSUQ6ICAwMDAwMjQwOC0gVElEOiAgMDAwMDI2MjAtIENNRDogIEM6XFdpbmRvd3Ncc3lzdGVtMzJcdnNzdmMuZXhlICAgLSBVc2VyOiBOYW1lOiBOVCBBVVRIT1JJVFlcU1lTVEVNLCBTSUQ6Uy0xLTUtMTgg</Binary>\n</EventData>\n</Event>\n"
  },
  {
    "EventID": 8224,
    "Timestamp": "2014-01-25 05:20:44+00:00",
    "Computer": "IACIS-HDD-2014",
    "Channel": "Application",
    "Level": "Information",
    "EventData": {
      "": "<string></string>\n"
    },
    "RawXml": "<Event xmlns=\"http://schemas.microsoft.com/win/2004/08/events/event\"><System><Provider Name=\"VSS\"></Provider>\n<EventID Qualifiers=\"0\">8224</EventID>\n<Level>4</Level>\n<Task>0</Task>\n<Keywords>0x0080000000000000</Keywords>\n<TimeCreated SystemTime=\"2014-01-25 05:20:44+00:00\"></TimeCreated>\n<EventRecordID>264</EventRecordID>\n<Channel>Application</Channel>\n<Computer>IACIS-HDD-2014</Computer>\n<Security UserID=\"\"></Security>\n</System>\n<EventData><Data>&lt;string&gt;&lt;/string&gt;\n</Data>\n<Binary>LSBDb2RlOiAgQ09SU1ZDQzAwMDAwNzczLSBDYWxsOiAgQ09SU1ZDQzAwMDAwNzU1LSBQSUQ6ICAwMDAwMjU1Ni0gVElEOiAgMDAwMDI3NTItIENNRDogIEM6XFdpbmRvd3Ncc3lzdGVtMzJcdnNzdmMuZXhlICAgLSBVc2VyOiBOYW1lOiBOVCBBVVRIT1JJVFlcU1lTVEVNLCBTSUQ6Uy0xLTUtMTgg</Binary>\n</EventData>\n</Event>\n"
  },
  {
    "EventID": 8224,
    "Timestamp": "2014-01-25 05:39:03+00:00",
    "Computer": "IACIS-HDD-2014",
    "Channel": "Application",
    "Level": "Information",
    "EventData": {
      "": "<string></string>\n"
    },
    "RawXml": "<Event xmlns=\"http://schemas.microsoft.com/win/2004/08/events/event\"><System><Provider Name=\"VSS\"></Provider>\n<EventID Qualifiers=\"0\">8224</EventID>\n<Level>4</Level>\n<Task>0</Task>\n<Keywords>0x0080000000000000</Keywords>\n<TimeCreated SystemTime=\"2014-01-25 05:39:03+00:00\"></TimeCreated>\n<EventRecordID>265</EventRecordID>\n<Channel>Application</Channel>\n<Computer>IACIS-HDD-2014</Computer>\n<Security UserID=\"\"></Security>\n</System>\n<EventData><Data>&lt;string&gt;&lt;/string&gt;\n</Data>\n<Binary>LSBDb2RlOiAgQ09SU1ZDQzAwMDAwNzczLSBDYWxsOiAgQ09SU1ZDQzAwMDAwNzU1LSBQSUQ6ICAwMDAwMjc1Ni0gVElEOiAgMDAwMDA4MjAtIENNRDogIEM6XFdpbmRvd3Ncc3lzdGVtMzJcdnNzdmMuZXhlICAgLSBVc2VyOiBOYW1lOiBOVCBBVVRIT1JJVFlcU1lTVEVNLCBTSUQ6Uy0xLTUtMTgg</Binary>\n</EventData>\n</Event>\n"
  },
  {
    "EventID": 8224,
    "Timestamp": "2014-01-25 06:00:03+00:00",
    "Computer": "IACIS-HDD-2014",
    "Channel": "Application",
    "Level": "Information",
    "EventData": {
      "": "<string></string>\n"
    },
    "RawXml": "<Event xmlns=\"http://schemas.microsoft.com/win/2004/08/events/event\"><System><Provider Name=\"VSS\"></Provider>\n<EventID Qualifiers=\"0\">8224</EventID>\n<Level>4</Level>\n<Task>0</Task>\n<Keywords>0x0080000000000000</Keywords>\n<TimeCreated SystemTime=\"2014-01-25 06:00:03+00:00\"></TimeCreated>\n<EventRecordID>266</EventRecordID>\n<Channel>Application</Channel>\n<Computer>IACIS-HDD-2014</Computer>\n<Security UserID=\"\"></Security>\n</System>\n<EventData><Data>&lt;string&gt;&lt;/string&gt;\n</Data>\n<Binary>LSBDb2RlOiAgQ09SU1ZDQzAwMDAwNzczLSBDYWxsOiAgQ09SU1ZDQzAwMDAwNzU1LSBQSUQ6ICAwMDAwMjYwNC0gVElEOiAgMDAwMDIyMDgtIENNRDogIEM6XFdpbmRvd3Ncc3lzdGVtMzJcdnNzdmMuZXhlICAgLSBVc2VyOiBOYW1lOiBOVCBBVVRIT1JJVFlcU1lTVEVNLCBTSUQ6Uy0xLTUtMTgg</Binary>\n</EventData>\n</Event>\n"
  },
  {
    "EventID": 8224,
    "Timestamp": "2014-01-25 06:25:25+00:00",
    "Computer": "IACIS-HDD-2014",
    "Channel": "Application",
    "Level": "Information",
    "EventData": {
      "": "<string></string>\n"
    },
    "RawXml": "<Event xmlns=\"http://schemas.microsoft.com/win/2004/08/events/event\"><System><Provider Name=\"VSS\"></Provider>\n<EventID Qualifiers=\"0\">8224</EventID>\n<Level>4</Level>\n<Task>0</Task>\n<Keywords>0x0080000000000000</Keywords>\n<TimeCreated SystemTime=\"2014-01-25 06:25:25+00:00\"></TimeCreated>\n<EventRecordID>267</EventRecordID>\n<Channel>Application</Channel>\n<Computer>IACIS-HDD-2014</Computer>\n<Security UserID=\"\"></Security>\n</System>\n<EventData><Data>&lt;string&gt;&lt;/string&gt;\n</Data>\n<Binary>LSBDb2RlOiAgQ09SU1ZDQzAwMDAwNzczLSBDYWxsOiAgQ09SU1ZDQzAwMDAwNzU1LSBQSUQ6ICAwMDAwMTMzMi0gVElEOiAgMDAwMDIzOTYtIENNRDogIEM6XFdpbmRvd3Ncc3lzdGVtMzJcdnNzdmMuZXhlICAgLSBVc2VyOiBOYW1lOiBOVCBBVVRIT1JJVFlcU1lTVEVNLCBTSUQ6Uy0xLTUtMTgg</Binary>\n</EventData>\n</Event>\n"
  },
  {
    "EventID": 8224,
    "Timestamp": "2014-01-25 07:01:13+00:00",
    "Computer": "IACIS-HDD-2014",
    "Channel": "Application",
    "Level": "Information",
    "EventData": {
      "": "<string></string>\n"
    },
    "RawXml": "<Event xmlns=\"http://schemas.microsoft.com/win/2004/08/events/event\"><System><Provider Name=\"VSS\"></Provider>\n<EventID Qualifiers=\"0\">8224</EventID>\n<Level>4</Level>\n<Task>0</Task>\n<Keywords>0x0080000000000000</Keywords>\n<TimeCreated SystemTime=\"2014-01-25 07:01:13+00:00\"></TimeCreated>\n<EventRecordID>268</EventRecordID>\n<Channel>Application</Channel>\n<Computer>IACIS-HDD-2014</Computer>\n<Security UserID=\"\"></Security>\n</System>\n<EventData><Data>&lt;string&gt;&lt;/string&gt;\n</Data>\n<Binary>LSBDb2RlOiAgQ09SU1ZDQzAwMDAwNzczLSBDYWxsOiAgQ09SU1ZDQzAwMDAwNzU1LSBQSUQ6ICAwMDAwMTQ3Ni0gVElEOiAgMDAwMDExODAtIENNRDogIEM6XFdpbmRvd3Ncc3lzdGVtMzJcdnNzdmMuZXhlICAgLSBVc2VyOiBOYW1lOiBOVCBBVVRIT1JJVFlcU1lTVEVNLCBTSUQ6Uy0xLTUtMTgg</Binary>\n</EventData>\n</Event>\n"
  },
  {
    "EventID": 1001,
    "Timestamp": "2014-01-25 07:49:12+00:00",
    "Computer": "IACIS-HDD-2014",
    "Channel": "Application",
    "Level": "Information",
    "EventData": {
      "": "<string>0</string>\n<string></string>\n<string>WindowsWcpOtherFailure3</string>\n<string>Not available</string>\n<string>0</string>\n<string>6.1.7601</string>\n<string>base\\xml\\udom_microdom.cpp</string>\n<string>MicrodomImplementation::CMicrodom::Initialize</string>\n<string>2527</string>\n<string>c0000017</string>\n<string>0x6c6f4757</string>\n<string></string>\n<string></string>\n<string></string>\n<string></string>\n<string>\nC:\\Windows\\Logs\\CBS\\CBS.log\nC:\\Windows\\servicing\\Sessions\\Sessions.xml\nC:\\Windows\\winsxs\\pending.xml\nC:\\Windows\\winsxs\\poqexec.log\nC:\\Windows\\System32\\LogFiles\\Scm\\SCM.EVM\nC:\\Windows\\Logs\\CBS\\FilterList.log\nC:\\Windows\\Temp\\WER9296.tmp.mdmp</string>\n<string>C:\\ProgramData\\Microsoft\\Windows\\WER\\ReportQueue\\Critical_6.1.7601_f35b2c714928ac3284a48d536bde43a4fbdb88_cab_0bada8d3</string>\n<string></string>\n<string>0</string>\n<string>36d640ab-858e-11e3-8856-001641e7bb6b</string>\n<string>6</string>\n"
    },
    "RawXml": "<Event xmlns=\"http://schemas.microsoft.com/win/2004/08/events/event\"><System><Provider Name=\"Windows Error Reporting\"></Provider>\n<EventID Qualifiers=\"0\">1001</EventID>\n<Level>4</Level>\n<Task>0</Task>\n<Keywords>0x0080000000000000</Keywords>\n<TimeCreated SystemTime=\"2014-01-25 07:49:12+00:00\"></TimeCreated>\n<EventRecordID>269</EventRecordID>\n<Channel>Application</Channel>\n<Computer>IACIS-HDD-2014</Computer>\n<Security UserID=\"\"></Security>\n</System>\n<EventData><Data>&lt;string&gt;0&lt;/string&gt;\n&lt;string&gt;&lt;/string&gt;\n&lt;string&gt;WindowsWcpOtherFailure3&lt;/string&gt;\n&lt;string&gt;Not available&lt;/string&gt;\n&lt;string&gt;0&lt;/string&gt;\n&lt;string&gt;6.1.7601&lt;/string&gt;\n&lt;string&gt;base\\xml\\udom_microdom.cpp&lt;/string&gt;\n&lt;string&gt;MicrodomImplementation::CMicrodom::Initialize&lt;/string&gt;\n&lt;string&gt;2527&lt;/string&gt;\n&lt;string&gt;c0000017&lt;/string&gt;\n&lt;string&gt;0x6c6f4757&lt;/string&gt;\n&lt;string&gt;&lt;/string&gt;\n&lt;string&gt;&lt;/string&gt;\n&lt;string&gt;&lt;/string&gt;\n&lt;string&gt;&lt;/string&gt;\n&lt;string&gt;\r\nC:\\Windows\\Logs\\CBS\\CBS.log\r\nC:\\Windows\\servicing\\Sessions\\Sessions.xml\r\nC:\\Windows\\winsxs\\pending.xml\r\nC:\\Windows\\winsxs\\poqexec.log\r\nC:\\Windows\\System32\\LogFiles\\Scm\\SCM.EVM\r\nC:\\Windows\\Logs\\CBS\\FilterList.log\r\nC:\\Windows\\Temp\\WER9296.tmp.mdmp&lt;/string&gt;\n&lt;string&gt;C:\\ProgramData\\Microsoft\\Windows\\WER\\ReportQueue\\Critical_6.1.7601_f35b2c714928ac3284a48d536bde43a4fbdb88_cab_0bada8d3&lt;/string&gt;\n&lt;string&gt;&lt;/string&gt;\n&lt;string&gt;0&lt;/string&gt;\n&lt;string&gt;36d640ab-858e-11e3-8856-001641e7bb6b&lt;/string&gt;\n&lt;string&gt;6&lt;/string&gt;\n</Data>\n<Binary></Binary>\n</EventData>\n</Event>\n"
  },
  {
    "EventID": 1001,
    "Timestamp": "2014-01-25 07:49:15+00:00",
    "Computer": "IACIS-HDD-2014",
    "Channel": "Application",
    "Level": "Information",
    "EventData": {
      "": "<string>0</string>\n<string></string>\n<string>WindowsWcpOtherFailure3</string>\n<string>Not available</string>\n<string>0</string>\n<string>6.1.7601</string>\n<string>base\\xml\\udom_microdom.cpp</string>\n<string>MicrodomImplementation::CMicrodom::Initialize</string>\n<string>2527</string>\n<string>c0000017</string>\n<string>0x6c6f4757</string>\n<string></string>\n<string></string>\n<string></string>\n<string></string>\n<string>\nC:\\Windows\\Logs\\CBS\\CBS.log\nC:\\Windows\\servicing\\Sessions\\Sessions.xml\nC:\\Windows\\winsxs\\pending.xml\nC:\\Windows\\winsxs\\poqexec.log\nC:\\Windows\\System32\\LogFiles\\Scm\\SCM.EVM\nC:\\Windows\\Logs\\CBS\\FilterList.log</string>\n<string></string>\n<string></string>\n<string>0</string>\n<string>36d640ab-858e-11e3-8856-001641e7bb6b</string>\n<string>0</string>\n"
    },
    "RawXml": "<Event xmlns=\"http://schemas.microsoft.com/win/2004/08/events/event\"><System><Provider Name=\"Windows Error Reporting\"></Provider>\n<EventID Qualifiers=\"0\">1001</EventID>\n<Level>4</Level>\n<Task>0</Task>\n<Keywords>0x0080000000000000</Keywords>\n<TimeCreated SystemTime=\"2014-01-25 07:49:15+00:00\"></TimeCreated>\n<EventRecordID>270</EventRecordID>\n<Channel>Application</Channel>\n<Computer>IACIS-HDD-2014</Computer>\n<Security UserID=\"\"></Security>\n</System>\n<EventData><Data>&lt;string&gt;0&lt;/string&gt;\n&lt;string&gt;&lt;/string&gt;\n&lt;string&gt;WindowsWcpOtherFailure3&lt;/string&gt;\n&lt;string&gt;Not available&lt;/string&gt;\n&lt;string&gt;0&lt;/string&gt;\n&lt;string&gt;6.1.7601&lt;/string&gt;\n&lt;string&gt;base\\xml\\udom_microdom.cpp&lt;/string&gt;\n&lt;string&gt;MicrodomImplementation::CMicrodom::Initialize&lt;/string&gt;\n&lt;string&gt;2527&lt;/string&gt;\n&lt;string&gt;c0000017&lt;/string&gt;\n&lt;string&gt;0x6c6f4757&lt;/string&gt;\n&lt;string&gt;&lt;/string&gt;\n&lt;string&gt;&lt;/string&gt;\n&lt;string&gt;&lt;/string&gt;\n&lt;string&gt;&lt;/string&gt;\n&lt;string&gt;\r\nC:\\Windows\\Logs\\CBS\\CBS.log\r\nC:\\Windows\\servicing\\Sessions\\Sessions.xml\r\nC:\\Windows\\winsxs\\pending.xml\r\nC:\\Windows\\winsxs\\poqexec.log\r\nC:\\Windows\\System32\\LogFiles\\Scm\\SCM.EVM\r\nC:\\Windows\\Logs\\CBS\\FilterList.log&lt;/string&gt;\n&lt;string&gt;&lt;/string&gt;\n&lt;string&gt;&lt;/string&gt;\n&lt;string&gt;0&lt;/string&gt;\n&lt;string&gt;36d640ab-858e-11e3-8856-001641e7bb6b&lt;/string&gt;\n&lt;string&gt;0&lt;/string&gt;\n</Data>\n<Binary></Binary>\n</EventData>\n</Event>\n"
  },
  {
    "EventID": 1001,
    "Timestamp": "2014-01-25 07:49:51+00:00",
    "Computer": "IACIS-HDD-2014",
    "Channel": "Application",
    "Level": "Information",
    "EventData": {
      "": "<string>0</string>\n<string></string>\n<string>CbsPackageServicingFailure2</string>\n<string>Not available</string>\n<string>0</string>\n<string>6.1.7601.17514</string>\n<string>Package_for_KB2756921</string>\n<string>6.1.1.0</string>\n<string>amd64</string>\n<string>unknown</string>\n<string>8007000e</string>\n<string>CBS Other</string>\n<string>Resolved</string>\n<string>Installed</string>\n<string>WindowsUpdateAgent</string>\n<string>\nC:\\Windows\\Logs\\CBS\\CBS.log\nC:\\Windows\\servicing\\Sessions\\Sessions.xml\nC:\\Windows\\winsxs\\poqexec.log\nC:\\Windows\\winsxs\\pending.xml\nC:\\Windows\\inf\\setupapi.dev.log</string>\n<string>C:\\ProgramData\\Microsoft\\Windows\\WER\\ReportQueue\\Critical_6.1.7601.17514_1b835472dba03e43514c47efbe6a9ec08b931a_cab_052a1a4a</string>\n<string></string>\n<string>0</string>\n<string>37048b36-8595-11e3-8856-001641e7bb6b</string>\n<string>6</string>\n"
    },
    "RawXml": "<Event xmlns=\"http://schemas.microsoft.com/win/2004/08/events/event\"><System><Provider Name=\"Windows Error Reporting\"></Provider>\n<EventID Qualifiers=\"0\">1001</EventID>\n<Level>4</Level>\n<Task>0</Task>\n<Keywords>0x0080000000000000</Keywords>\n<TimeCreated SystemTime=\"2014-01-25 07:49:51+00:00\"></TimeCreated>\n<EventRecordID>271</EventRecordID>\n<Channel>Application</Channel>\n<Computer>IACIS-HDD-2014</Computer>\n<Security UserID=\"\"></Security>\n</System>\n<EventData><Data>&lt;string&gt;0&lt;/string&gt;\n&lt;string&gt;&lt;/string&gt;\n&lt;string&gt;CbsPackageServicingFailure2&lt;/string&gt;\n&lt;string&gt;Not available&lt;/string&gt;\n&lt;string&gt;0&lt;/string&gt;\n&lt;string&gt;6.1.7601.17514&lt;/string&gt;\n&lt;string&gt;Package_for_KB2756921&lt;/string&gt;\n&lt;string&gt;6.1.1.0&lt;/string&gt;\n&lt;string&gt;amd64&lt;/string&gt;\n&lt;string&gt;unknown&lt;/string&gt;\n&lt;string&gt;8007000e&lt;/string&gt;\n&lt;string&gt;CBS Other&lt;/string&gt;\n&lt;string&gt;Resolved&lt;/string&gt;\n&lt;string&gt;Installed&lt;/string&gt;\n&lt;string&gt;WindowsUpdateAgent&lt;/string&gt;\n&lt;string&gt;\r\nC:\\Windows\\Logs\\CBS\\CBS.log\r\nC:\\Windows\\servicing\\Sessions\\Sessions.xml\r\nC:\\Windows\\winsxs\\poqexec.log\r\nC:\\Windows\\winsxs\\pending.xml\r\nC:\\Windows\\inf\\setupapi.dev.log&lt;/string&gt;\n&lt;string&gt;C:\\ProgramData\\Microsoft\\Windows\\WER\\ReportQueue\\Critical_6.1.7601.17514_1b835472dba03e43514c47efbe6a9ec08b931a_cab_052a1a4a&lt;/string&gt;\n&lt;string&gt;&lt;/string&gt;\n&lt;string&gt;0&lt;/string&gt;\n&lt;string&gt;37048b36-8595-11e3-8856-001641e7bb6b&lt;/string&gt;\n&lt;string&gt;6&lt;/string&gt;\n</Data>\n<Binary></Binary>\n</EventData>\n</Event>\n"
  },
  {
    "EventID": 1001,
    "Timestamp": "2014-01-25 07:49:51+00:00",
    "Computer": "IACIS-HDD-2014",
    "Channel": "Application",
    "Level": "Information",
    "EventData": {
      "": "<string>0</string>\n<string></string>\n<string>CbsPackageServicingFailure2</string>\n<string>Not available</string>\n<string>0</string>\n<string>6.1.7601.17514</string>\n<string>Package_for_KB2756921</string>\n<string>6.1.1.0</string>\n<string>amd64</string>\n<string>unknown</string>\n<string>8007000e</string>\n<string>CBS Other</string>\n<string>Resolved</string>\n<string>Installed</string>\n<string>WindowsUpdateAgent</string>\n<string>\nC:\\Windows\\Logs\\CBS\\CBS.log\nC:\\Windows\\servicing\\Sessions\\Sessions.xml\nC:\\Windows\\winsxs\\poqexec.log\nC:\\Windows\\winsxs\\pending.xml\nC:\\Windows\\inf\\setupapi.dev.log</string>\n<string></string>\n<string></string>\n<string>0</string>\n<string>37048b36-8595-11e3-8856-001641e7bb6b</string>\n<string>0</string>\n"
    },
    "RawXml": "<Event xmlns=\"http://schemas.microsoft.com/win/2004/08/events/event\"><System><Provider Name=\"Windows Error Reporting\"></Provider>\n<EventID Qualifiers=\"0\">1001</EventID>\n<Level>4</Level>\n<Task>0</Task>\n<Keywords>0x0080000000000000</Keywords>\n<TimeCreated SystemTime=\"2014-01-25 07:49:51+00:00\"></TimeCreated>\n<EventRecordID>272</EventRecordID>\n<Channel>Application</Channel>\n<Computer>IACIS-HDD-2014</Computer>\n<Security UserID=\"\"></Security>\n</System>\n<EventData><Data>&lt;string&gt;0&lt;/string&gt;\n&lt;string&gt;&lt;/string&gt;\n&lt;string&gt;CbsPackageServicingFailure2&lt;/string&gt;\n&lt;string&gt;Not available&lt;/string&gt;\n&lt;string&gt;0&lt;/string&gt;\n&lt;string&gt;6.1.7601.17514&lt;/string&gt;\n&lt;string&gt;Package_for_KB2756921&lt;/string&gt;\n&lt;string&gt;6.1.1.0&lt;/string&gt;\n&lt;string&gt;amd64&lt;/string&gt;\n&lt;string&gt;unknown&lt;/string&gt;\n&lt;string&gt;8007000e&lt;/string&gt;\n&lt;string&gt;CBS Other&lt;/string&gt;\n&lt;string&gt;Resolved&lt;/string&gt;\n&lt;string&gt;Installed&lt;/string&gt;\n&lt;string&gt;WindowsUpdateAgent&lt;/string&gt;\n&lt;string&gt;\r\nC:\\Windows\\Logs\\CBS\\CBS.log\r\nC:\\Windows\\servicing\\Sessions\\Sessions.xml\r\nC:\\Windows\\winsxs\\poqexec.log\r\nC:\\Windows\\winsxs\\pending.xml\r\nC:\\Windows\\inf\\setupapi.dev.log&lt;/string&gt;\n&lt;string&gt;&lt;/string&gt;\n&lt;string&gt;&lt;/string&gt;\n&lt;string&gt;0&lt;/string&gt;\n&lt;string&gt;37048b36-8595-11e3-8856-001641e7bb6b&lt;/string&gt;\n&lt;string&gt;0&lt;/string&gt;\n</Data>\n<Binary></Binary>\n</EventData>\n</Event>\n"
  },
  {
    "EventID": 1001,
    "Timestamp": "2014-01-25 07:51:02+00:00",
    "Computer": "IACIS-HDD-2014",
    "Channel": "Application",
    "Level": "Information",
    "EventData": {
      "": "<string>0</string>\n<string></string>\n<string>WindowsUpdateFailure</string>\n<string>Not available</string>\n<string>0</string>\n<string>7.6.7600.256</string>\n<string>8007000e</string>\n<string>8F878FEA-3976-48E0-94A0-4699B7181CFA</string>\n<string>Install</string>\n<string>101</string>\n<string>Unmanaged</string>\n<string></string>\n<string></string>\n<string></string>\n<string></string>\n<string></string>\n<string></string>\n<string></string>\n<string>0</string>\n<string>6e687076-8595-11e3-8856-001641e7bb6b</string>\n<string>0</string>\n"
    },
    "RawXml": "<Event xmlns=\"http://schemas.microsoft.com/win/2004/08/events/event\"><System><Provider Name=\"Windows Error Reporting\"></Provider>\n<EventID Qualifiers=\"0\">1001</EventID>\n<Level>4</Level>\n<Task>0</Task>\n<Keywords>0x0080000000000000</Keywords>\n<TimeCreated SystemTime=\"2014-01-25 07:51:02+00:00\"></TimeCreated>\n<EventRecordID>273</EventRecordID>\n<Channel>Application</Channel>\n<Computer>IACIS-HDD-2014</Computer>\n<Security UserID=\"\"></Security>\n</System>\n<EventData><Data>&lt;string&gt;0&lt;/string&gt;\n&lt;string&gt;&lt;/string&gt;\n&lt;string&gt;WindowsUpdateFailure&lt;/string&gt;\n&lt;string&gt;Not available&lt;/string&gt;\n&lt;string&gt;0&lt;/string&gt;\n&lt;string&gt;7.6.7600.256&lt;/string&gt;\n&lt;string&gt;8007000e&lt;/string&gt;\n&lt;string&gt;8F878FEA-3976-48E0-94A0-4699B7181CFA&lt;/string&gt;\n&lt;string&gt;Install&lt;/string&gt;\n&lt;string&gt;101&lt;/string&gt;\n&lt;string&gt;Unmanaged&lt;/string&gt;\n&lt;string&gt;&lt;/string&gt;\n&lt;string&gt;&lt;/string&gt;\n&lt;string&gt;&lt;/string&gt;\n&lt;string&gt;&lt;/string&gt;\n&lt;string&gt;&lt;/string&gt;\n&lt;string&gt;&lt;/string&gt;\n&lt;string&gt;&lt;/string&gt;\n&lt;string&gt;0&lt;/string&gt;\n&lt;string&gt;6e687076-8595-11e3-8856-001641e7bb6b&lt;/string&gt;\n&lt;string&gt;0&lt;/string&gt;\n</Data>\n<Binary></Binary>\n</EventData>\n</Event>\n"
  },
  {
    "EventID": 1001,
    "Timestamp": "2014-01-25 07:51:06+00:00",
    "Computer": "IACIS-HDD-2014",
    "Channel": "Application",
    "Level": "Information",
    "EventData": {
      "": "<string>0</string>\n<string></string>\n<string>WindowsUpdateFailure</string>\n<string>Not available</string>\n<string>0</string>\n<string>7.6.7600.256</string>\n<string>8007000e</string>\n<string>8F878FEA-3976-48E0-94A0-4699B7181CFA</string>\n<string>Install</string>\n<string>101</string>\n<string>Unmanaged</string>\n<string></string>\n<string></string>\n<string></string>\n<string></string>\n<string></string>\n<string>C:\\ProgramData\\Microsoft\\Windows\\WER\\ReportQueue\\NonCritical_7.6.7600.256_a3ed2188974c9d79d91c69be9a511968b22698d_cab_065b8fb8</string>\n<string></string>\n<string>0</string>\n<string>6e687076-8595-11e3-8856-001641e7bb6b</string>\n<string>6</string>\n"
    },
    "RawXml": "<Event xmlns=\"http://schemas.microsoft.com/win/2004/08/events/event\"><System><Provider Name=\"Windows Error Reporting\"></Provider>\n<EventID Qualifiers=\"0\">1001</EventID>\n<Level>4</Level>\n<Task>0</Task>\n<Keywords>0x0080000000000000</Keywords>\n<TimeCreated SystemTime=\"2014-01-25 07:51:06+00:00\"></TimeCreated>\n<EventRecordID>274</EventRecordID>\n<Channel>Application</Channel>\n<Computer>IACIS-HDD-2014</Computer>\n<Security UserID=\"\"></Security>\n</System>\n<EventData><Data>&lt;string&gt;0&lt;/string&gt;\n&lt;string&gt;&lt;/string&gt;\n&lt;string&gt;WindowsUpdateFailure&lt;/string&gt;\n&lt;string&gt;Not available&lt;/string&gt;\n&lt;string&gt;0&lt;/string&gt;\n&lt;string&gt;7.6.7600.256&lt;/string&gt;\n&lt;string&gt;8007000e&lt;/string&gt;\n&lt;string&gt;8F878FEA-3976-48E0-94A0-4699B7181CFA&lt;/string&gt;\n&lt;string&gt;Install&lt;/string&gt;\n&lt;string&gt;101&lt;/string&gt;\n&lt;string&gt;Unmanaged&lt;/string&gt;\n&lt;string&gt;&lt;/string&gt;\n&lt;string&gt;&lt;/string&gt;\n&lt;string&gt;&lt;/string&gt;\n&lt;string&gt;&lt;/string&gt;\n&lt;string&gt;&lt;/string&gt;\n&lt;string&gt;C:\\ProgramData\\Microsoft\\Windows\\WER\\ReportQueue\\NonCritical_7.6.7600.256_a3ed2188974c9d79d91c69be9a511968b22698d_cab_065b8fb8&lt;/string&gt;\n&lt;string&gt;&lt;/string&gt;\n&lt;string&gt;0&lt;/string&gt;\n&lt;string&gt;6e687076-8595-11e3-8856-001641e7bb6b&lt;/string&gt;\n&lt;string&gt;6&lt;/string&gt;\n</Data>\n<Binary></Binary>\n</EventData>\n</Event>\n"
  },
  {
    "EventID": 1001,
    "Timestamp": "2014-01-25 07:52:10+00:00",
    "Computer": "IACIS-HDD-2014",
    "Channel": "Application",
    "Level": "Information",
    "EventData": {
      "": "<string>0</string>\n<string></string>\n<string>WindowsWcpOtherFailure3</string>\n<string>Not available</string>\n<string>0</string>\n<string>6.1.7601</string>\n<string>base\\xml\\udom_microdom.cpp</string>\n<string>MicrodomImplementation::CMicrodom::Initialize</string>\n<string>2527</string>\n<string>c0000017</string>\n<string>0x6c6f4757</string>\n<string></string>\n<string></string>\n<string></string>\n<string></string>\n<string></string>\n<string>C:\\ProgramData\\Microsoft\\Windows\\WER\\ReportQueue\\Critical_6.1.7601_f35b2c714928ac3284a48d536bde43a4fbdb88_098889ce</string>\n<string></string>\n<string>0</string>\n<string>9737e809-8595-11e3-8856-001641e7bb6b</string>\n<string>6</string>\n"
    },
    "RawXml": "<Event xmlns=\"http://schemas.microsoft.com/win/2004/08/events/event\"><System><Provider Name=\"Windows Error Reporting\"></Provider>\n<EventID Qualifiers=\"0\">1001</EventID>\n<Level>4</Level>\n<Task>0</Task>\n<Keywords>0x0080000000000000</Keywords>\n<TimeCreated SystemTime=\"2014-01-25 07:52:10+00:00\"></TimeCreated>\n<EventRecordID>275</EventRecordID>\n<Channel>Application</Channel>\n<Computer>IACIS-HDD-2014</Computer>\n<Security UserID=\"\"></Security>\n</System>\n<EventData><Data>&lt;string&gt;0&lt;/string&gt;\n&lt;string&gt;&lt;/string&gt;\n&lt;string&gt;WindowsWcpOtherFailure3&lt;/string&gt;\n&lt;string&gt;Not available&lt;/string&gt;\n&lt;string&gt;0&lt;/string&gt;\n&lt;string&gt;6.1.7601&lt;/string&gt;\n&lt;string&gt;base\\xml\\udom_microdom.cpp&lt;/string&gt;\n&lt;string&gt;MicrodomImplementation::CMicrodom::Initialize&lt;/string&gt;\n&lt;string&gt;2527&lt;/string&gt;\n&lt;string&gt;c0000017&lt;/string&gt;\n&lt;string&gt;0x6c6f4757&lt;/string&gt;\n&lt;string&gt;&lt;/string&gt;\n&lt;string&gt;&lt;/string&gt;\n&lt;string&gt;&lt;/string&gt;\n&lt;string&gt;&lt;/string&gt;\n&lt;string&gt;&lt;/string&gt;\n&lt;string&gt;C:\\ProgramData\\Microsoft\\Windows\\WER\\ReportQueue\\Critical_6.1.7601_f35b2c714928ac3284a48d536bde43a4fbdb88_098889ce&lt;/string&gt;\n&lt;string&gt;&lt;/string&gt;\n&lt;string&gt;0&lt;/string&gt;\n&lt;string&gt;9737e809-8595-11e3-8856-001641e7bb6b&lt;/string&gt;\n&lt;string&gt;6&lt;/string&gt;\n</Data>\n<Binary></Binary>\n</EventData>\n</Event>\n"
  },
