[
  {
    "EventID": 1532,
    "Timestamp": "2010-11-21 03:58:31.124372+00:00",
    "Computer": "37L4247F27-25",
    "Channel": "Application",
    "Level": "Information",
    "EventData": {},
    "RawXml": "<Event xmlns=\"http://schemas.microsoft.com/win/2004/08/events/event\"><System><Provider Name=\"Microsoft-Windows-User Profiles Service\" Guid=\"{89b1e9f0-5aff-44a6-9b44-0a07a7ce5845}\"></Provider>\n<EventID Qualifiers=\"\">1532</EventID>\n<Version>0</Version>\n<Level>4</Level>\n<Task>0</Task>\n<Opcode>0</Opcode>\n<Keywords>0x8000000000000000</Keywords>\n<TimeCreated SystemTime=\"2010-11-21 03:58:31.124372+00:00\"></TimeCreated>\n<EventRecordID>1</EventRecordID>\n<Correlation ActivityID=\"\" RelatedActivityID=\"\"></Correlation>\n<Execution ProcessID=\"928\" ThreadID=\"996\"></Execution>\n<Channel>Application</Channel>\n<Computer>37L4247F27-25</Computer>\n<Security UserID=\"S-1-5-18\"></Security>\n</System>\n<EventData></EventData>\n</Event>\n"
  },
  {
    "EventID": 1531,
    "Timestamp": "2014-01-25 04:19:32.224895+00:00",
    "Computer": "37L4247F27-25",
    "Channel": "Application",
    "Level": "Information",
    "EventData": {},
    "RawXml": "<Event xmlns=\"http://schemas.microsoft.com/win/2004/08/events/event\"><System><Provider Name=\"Microsoft-Windows-User Profiles Service\" Guid=\"{89b1e9f0-5aff-44a6-9b44-0a07a7ce5845}\"></Provider>\n<EventID Qualifiers=\"\">1531</EventID>\n<Version>0</Version>\n<Level>4</Level>\n<Task>0</Task>\n<Opcode>0</Opcode>\n<Keywords>0x8000000000000000</Keywords>\n<TimeCreated SystemTime=\"2014-01-25 04:19:32.224895+00:00\"></TimeCreated>\n<EventRecordID>2</EventRecordID>\n<Correlation ActivityID=\"\" RelatedActivityID=\"\"></Correlation>\n<Execution ProcessID=\"868\" ThreadID=\"944\"></Execution>\n<Channel>Application</Channel>\n<Computer>37L4247F27-25</Computer>\n<Security UserID=\"S-1-5-18\"></Security>\n</System>\n<EventData></EventData>\n</Event>\n"
  },
  {
    "EventID": 4625,
    "Timestamp": "2014-01-25 04:19:32+00:00",
    "Computer": "37L4247F27-25",
    "Channel": "Application",
    "Level": "Information",
    "EventData": {
      "param1": "86400",
      "param2": "SuppressDuplicateDuration",
      "param3": "Software\\Microsoft\\EventSystem\\EventLog"
    },
    "RawXml": "<Event xmlns=\"http://schemas.microsoft.com/win/2004/08/events/event\"><System><Provider Name=\"Microsoft-Windows-EventSystem\" Guid=\"{899daace-4868-4295-afcd-9eb8fb497561}\" EventSourceName=\"EventSystem\"></Provider>\n<EventID Qualifiers=\"16384\">4625</EventID>\n<Version>0</Version>\n<Level>4</Level>\n<Task>0</Task>\n<Opcode>0</Opcode>\n<Keywords>0x0080000000000000</Keywords>\n<TimeCreated SystemTime=\"2014-01-25 04:19:32+00:00\"></TimeCreated>\n<EventRecordID>3</EventRecordID>\n<Correlation ActivityID=\"\" RelatedActivityID=\"\"></Correlation>\n<Execution ProcessID=\"0\" ThreadID=\"0\"></Execution>\n<Channel>Application</Channel>\n<Computer>37L4247F27-25</Computer>\n<Security UserID=\"\"></Security>\n</System>\n<EventData><Data Name=\"param1\">86400</Data>\n<Data Name=\"param2\">SuppressDuplicateDuration</Data>\n<Data Name=\"param3\">Software\\Microsoft\\EventSystem\\EventLog</Data>\n</EventData>\n</Event>\n"
  },
  {
    "EventID": 5615,
    "Timestamp": "2014-01-25 04:19:39+00:00",
    "Computer": "37L4247F27-25",
    "Channel": "Application",
    "Level": "LogAlways",
    "EventData": {
      "": ""
    },
    "RawXml": "<Event xmlns=\"http://schemas.microsoft.com/win/2004/08/events/event\"><System><Provider Name=\"Microsoft-Windows-WMI\" Guid=\"{1edeee53-0afe-4609-b846-d8c0b2075b1f}\" EventSourceName=\"WinMgmt\"></Provider>\n<EventID Qualifiers=\"49152\">5615</EventID>\n<Version>0</Version>\n<Level>0</Level>\n<Task>0</Task>\n<Opcode>0</Opcode>\n<Keywords>0x0080000000000000</Keywords>\n<TimeCreated SystemTime=\"2014-01-25 04:19:39+00:00\"></TimeCreated>\n<EventRecordID>4</EventRecordID>\n<Correlation ActivityID=\"\" RelatedActivityID=\"\"></Correlation>\n<Execution ProcessID=\"0\" ThreadID=\"0\"></Execution>\n<Channel>Application</Channel>\n<Computer>37L4247F27-25</Computer>\n<Security UserID=\"\"></Security>\n</System>\n<EventData><Data></Data>\n<Binary></Binary>\n</EventData>\n</Event>\n"
  },
  {
    "EventID": 5617,
    "Timestamp": "2014-01-25 04:19:44+00:00",
    "Computer": "37L4247F27-25",
    "Channel": "Application",
    "Level": "LogAlways",
    "EventData": {
      "": ""
    },
    "RawXml": "<Event xmlns=\"http://schemas.microsoft.com/win/2004/08/events/event\"><System><Provider Name=\"Microsoft-Windows-WMI\" Guid=\"{1edeee53-0afe-4609-b846-d8c0b2075b1f}\" EventSourceName=\"WinMgmt\"></Provider>\n<EventID Qualifiers=\"49152\">5617</EventID>\n<Version>0</Version>\n<Level>0</Level>\n<Task>0</Task>\n<Opcode>0</Opcode>\n<Keywords>0x0080000000000000</Keywords>\n<TimeCreated SystemTime=\"2014-01-25 04:19:44+00:00\"></TimeCreated>\n<EventRecordID>5</EventRecordID>\n<Correlation ActivityID=\"\" RelatedActivityID=\"\"></Correlation>\n<Execution ProcessID=\"0\" ThreadID=\"0\"></Execution>\n<Channel>Application</Channel>\n<Computer>37L4247F27-25</Computer>\n<Security UserID=\"\"></Security>\n</System>\n<EventData><Data></Data>\n<Binary></Binary>\n</EventData>\n</Event>\n"
  },
  {
    "EventID": 1001,
    "Timestamp": "2014-01-25 04:20:30+00:00",
    "Computer": "37L4247F27-25",
    "Channel": "Application",
    "Level": "Information",
    "EventData": {
      "": "<string>0</string>\n<string></string>\n<string>PnPGenericDriverFound</string>\n<string>Not available</string>\n<string>0</string>\n<string>x64</string>\n<string>PCI\\VEN_1002&DEV_71D4&SUBSYS_20A417AA&REV_00</string>\n<string></string>\n<string></string>\n<string></string>\n<string></string>\n<string></string>\n<string></string>\n<string></string>\n<string></string>\n<string></string>\n<string>C:\\ProgramData\\Microsoft\\Windows\\WER\\ReportQueue\\NonCritical_x64_ad842b9d3aeb8a865630e085364f76ae5922f9e_cab_05a9bf29</string>\n<string></string>\n<string>0</string>\n<string>05dbb75c-8578-11e3-95e8-a2e83fcf2636</string>\n<string>6</string>\n"
    },
    "RawXml": "<Event xmlns=\"http://schemas.microsoft.com/win/2004/08/events/event\"><System><Provider Name=\"Windows Error Reporting\"></Provider>\n<EventID Qualifiers=\"0\">1001</EventID>\n<Level>4</Level>\n<Task>0</Task>\n<Keywords>0x0080000000000000</Keywords>\n<TimeCreated SystemTime=\"2014-01-25 04:20:30+00:00\"></TimeCreated>\n<EventRecordID>6</EventRecordID>\n<Channel>Application</Channel>\n<Computer>37L4247F27-25</Computer>\n<Security UserID=\"\"></Security>\n</System>\n<EventData><Data>&lt;string&gt;0&lt;/string&gt;\n&lt;string&gt;&lt;/string&gt;\n&lt;string&gt;PnPGenericDriverFound&lt;/string&gt;\n&lt;string&gt;Not available&lt;/string&gt;\n&lt;string&gt;0&lt;/string&gt;\n&lt;string&gt;x64&lt;/string&gt;\n&lt;string&gt;PCI\\VEN_1002&amp;DEV_71D4&amp;SUBSYS_20A417AA&amp;REV_00&lt;/string&gt;\n&lt;string&gt;&lt;/string&gt;\n&lt;string&gt;&lt;/string&gt;\n&lt;string&gt;&lt;/string&gt;\n&lt;string&gt;&lt;/string&gt;\n&lt;string&gt;&lt;/string&gt;\n&lt;string&gt;&lt;/string&gt;\n&lt;string&gt;&lt;/string&gt;\n&lt;string&gt;&lt;/string&gt;\n&lt;string&gt;&lt;/string&gt;\n&lt;string&gt;C:\\ProgramData\\Microsoft\\Windows\\WER\\ReportQueue\\NonCritical_x64_ad842b9d3aeb8a865630e085364f76ae5922f9e_cab_05a9bf29&lt;/string&gt;\n&lt;string&gt;&lt;/string&gt;\n&lt;string&gt;0&lt;/string&gt;\n&lt;string&gt;05dbb75c-8578-11e3-95e8-a2e83fcf2636&lt;/string&gt;\n&lt;string&gt;6&lt;/string&gt;\n</Data>\n<Binary></Binary>\n</EventData>\n</Event>\n"
  },
  {
    "EventID": 1001,
    "Timestamp": "2014-01-25 04:20:57+00:00",
    "Computer": "37L4247F27-25",
    "Channel": "Application",
    "Level": "Information",
    "EventData": {
      "": "<string>0</string>\n<string></string>\n<string>PnPDriverNotFound</string>\n<string>Not available</string>\n<string>0</string>\n<string>x64</string>\n<string>USB\\VID_0483&PID_2016&REV_0001</string>\n<string></string>\n<string></string>\n<string></string>\n<string></string>\n<string></string>\n<string></string>\n<string></string>\n<string></string>\n<string>\nC:\\Windows\\Temp\\DMI2912.tmp.log.xml</string>\n<string>C:\\ProgramData\\Microsoft\\Windows\\WER\\ReportQueue\\NonCritical_x64_a5f95b4bbad86a4c55ec3b8a4b019b0e60414_cab_078a2941</string>\n<string></string>\n<string>0</string>\n<string>1610b5d9-8578-11e3-95e8-001641e7bb6b</string>\n<string>4</string>\n"
    },
    "RawXml": "<Event xmlns=\"http://schemas.microsoft.com/win/2004/08/events/event\"><System><Provider Name=\"Windows Error Reporting\"></Provider>\n<EventID Qualifiers=\"0\">1001</EventID>\n<Level>4</Level>\n<Task>0</Task>\n<Keywords>0x0080000000000000</Keywords>\n<TimeCreated SystemTime=\"2014-01-25 04:20:57+00:00\"></TimeCreated>\n<EventRecordID>7</EventRecordID>\n<Channel>Application</Channel>\n<Computer>37L4247F27-25</Computer>\n<Security UserID=\"\"></Security>\n</System>\n<EventData><Data>&lt;string&gt;0&lt;/string&gt;\n&lt;string&gt;&lt;/string&gt;\n&lt;string&gt;PnPDriverNotFound&lt;/string&gt;\n&lt;string&gt;Not available&lt;/string&gt;\n&lt;string&gt;0&lt;/string&gt;\n&lt;string&gt;x64&lt;/string&gt;\n&lt;string&gt;USB\\VID_0483&amp;PID_2016&amp;REV_0001&lt;/string&gt;\n&lt;string&gt;&lt;/string&gt;\n&lt;string&gt;&lt;/string&gt;\n&lt;string&gt;&lt;/string&gt;\n&lt;string&gt;&lt;/string&gt;\n&lt;string&gt;&lt;/string&gt;\n&lt;string&gt;&lt;/string&gt;\n&lt;string&gt;&lt;/string&gt;\n&lt;string&gt;&lt;/string&gt;\n&lt;string&gt;\r\nC:\\Windows\\Temp\\DMI2912.tmp.log.xml&lt;/string&gt;\n&lt;string&gt;C:\\ProgramData\\Microsoft\\Windows\\WER\\ReportQueue\\NonCritical_x64_a5f95b4bbad86a4c55ec3b8a4b019b0e60414_cab_078a2941&lt;/string&gt;\n&lt;string&gt;&lt;/string&gt;\n&lt;string&gt;0&lt;/string&gt;\n&lt;string&gt;1610b5d9-8578-11e3-95e8-001641e7bb6b&lt;/string&gt;\n&lt;string&gt;4&lt;/string&gt;\n</Data>\n<Binary></Binary>\n</EventData>\n</Event>\n"
  },
  {
    "EventID": 1001,
    "Timestamp": "2014-01-25 04:20:57+00:00",
    "Computer": "37L4247F27-25",
    "Channel": "Application",
    "Level": "Information",
    "EventData": {
      "": "<string>0</string>\n<string></string>\n<string>PnPDriverNotFound</string>\n<string>Not available</string>\n<string>0</string>\n<string>x64</string>\n<string>ACPI\\IBM0068</string>\n<string></string>\n<string></string>\n<string></string>\n<string></string>\n<string></string>\n<string></string>\n<string></string>\n<string></string>\n<string>\nC:\\Windows\\Temp\\DMI2A4A.tmp.log.xml</string>\n<string>C:\\ProgramData\\Microsoft\\Windows\\WER\\ReportQueue\\NonCritical_x64_2898703e77e9654b80cfb0f822389fb0822425e1_cab_05ae2a88</string>\n<string></string>\n<string>0</string>\n<string>1640515f-8578-11e3-95e8-001641e7bb6b</string>\n<string>4</string>\n"
    },
    "RawXml": "<Event xmlns=\"http://schemas.microsoft.com/win/2004/08/events/event\"><System><Provider Name=\"Windows Error Reporting\"></Provider>\n<EventID Qualifiers=\"0\">1001</EventID>\n<Level>4</Level>\n<Task>0</Task>\n<Keywords>0x0080000000000000</Keywords>\n<TimeCreated SystemTime=\"2014-01-25 04:20:57+00:00\"></TimeCreated>\n<EventRecordID>8</EventRecordID>\n<Channel>Application</Channel>\n<Computer>37L4247F27-25</Computer>\n<Security UserID=\"\"></Security>\n</System>\n<EventData><Data>&lt;string&gt;0&lt;/string&gt;\n&lt;string&gt;&lt;/string&gt;\n&lt;string&gt;PnPDriverNotFound&lt;/string&gt;\n&lt;string&gt;Not available&lt;/string&gt;\n&lt;string&gt;0&lt;/string&gt;\n&lt;string&gt;x64&lt;/string&gt;\n&lt;string&gt;ACPI\\IBM0068&lt;/string&gt;\n&lt;string&gt;&lt;/string&gt;\n&lt;string&gt;&lt;/string&gt;\n&lt;string&gt;&lt;/string&gt;\n&lt;string&gt;&lt;/string&gt;\n&lt;string&gt;&lt;/string&gt;\n&lt;string&gt;&lt;/string&gt;\n&lt;string&gt;&lt;/string&gt;\n&lt;string&gt;&lt;/string&gt;\n&lt;string&gt;\r\nC:\\Windows\\Temp\\DMI2A4A.tmp.log.xml&lt;/string&gt;\n&lt;string&gt;C:\\ProgramData\\Microsoft\\Windows\\WER\\ReportQueue\\NonCritical_x64_2898703e77e9654b80cfb0f822389fb0822425e1_cab_05ae2a88&lt;/string&gt;\n&lt;string&gt;&lt;/string&gt;\n&lt;string&gt;0&lt;/string&gt;\n&lt;string&gt;1640515f-8578-11e3-95e8-001641e7bb6b&lt;/string&gt;\n&lt;string&gt;4&lt;/string&gt;\n</Data>\n<Binary></Binary>\n</EventData>\n</Event>\n"
  },
  {
    "EventID": 900,
    "Timestamp": "2014-01-25 04:21:11+00:00",
    "Computer": "37L4247F27-25",
    "Channel": "Application",
    "Level": "Information",
    "EventData": {
      "": ""
    },
    "RawXml": "<Event xmlns=\"http://schemas.microsoft.com/win/2004/08/events/event\"><System><Provider Name=\"Microsoft-Windows-Security-SPP\" Guid=\"{E23B33B0-C8C9-472C-A5F9-F2BDFEA0F156}\" EventSourceName=\"Software Protection Platform Service\"></Provider>\n<EventID Qualifiers=\"16384\">900</EventID>\n<Version>0</Version>\n<Level>4</Level>\n<Task>0</Task>\n<Opcode>0</Opcode>\n<Keywords>0x0080000000000000</Keywords>\n<TimeCreated SystemTime=\"2014-01-25 04:21:11+00:00\"></TimeCreated>\n<EventRecordID>9</EventRecordID>\n<Correlation ActivityID=\"\" RelatedActivityID=\"\"></Correlation>\n<Execution ProcessID=\"0\" ThreadID=\"0\"></Execution>\n<Channel>Application</Channel>\n<Computer>37L4247F27-25</Computer>\n<Security UserID=\"\"></Security>\n</System>\n<EventData><Data></Data>\n<Binary></Binary>\n</EventData>\n</Event>\n"
  },
  {
    "EventID": 1066,
    "Timestamp": "2014-01-25 04:21:12+00:00",
    "Computer": "37L4247F27-25",
    "Channel": "Application",
    "Level": "Information",
    "EventData": {
      "": "<string>C:\\Windows\\system32\\sppwinob.dll, msft:spp/windowsfunctionality/agent/7.0, 0x00000000, 0x00000000\nC:\\Windows\\system32\\sppobjs.dll, msft:rm/algorithm/phone/1.0, 0x00000000, 0x00000000\nC:\\Windows\\system32\\sppobjs.dll, msft:rm/algorithm/pkey/2005, 0x00000000, 0x00000000\nC:\\Windows\\system32\\sppobjs.dll, msft:spp/TaskScheduler/1.0, 0x00000000, 0x00000000\nC:\\Windows\\system32\\sppobjs.dll, msft:spp/volume/services/kms/1.0, 0x00000000, 0x00000000\nC:\\Windows\\system32\\sppobjs.dll, msft:spp/volume/services/kms/licenserenewal/1.0, 0x00000000, 0x00000000\n</string>\n"
    },
    "RawXml": "<Event xmlns=\"http://schemas.microsoft.com/win/2004/08/events/event\"><System><Provider Name=\"Microsoft-Windows-Security-SPP\" Guid=\"{E23B33B0-C8C9-472C-A5F9-F2BDFEA0F156}\" EventSourceName=\"Software Protection Platform Service\"></Provider>\n<EventID Qualifiers=\"16384\">1066</EventID>\n<Version>0</Version>\n<Level>4</Level>\n<Task>0</Task>\n<Opcode>0</Opcode>\n<Keywords>0x0080000000000000</Keywords>\n<TimeCreated SystemTime=\"2014-01-25 04:21:12+00:00\"></TimeCreated>\n<EventRecordID>10</EventRecordID>\n<Correlation ActivityID=\"\" RelatedActivityID=\"\"></Correlation>\n<Execution ProcessID=\"0\" ThreadID=\"0\"></Execution>\n<Channel>Application</Channel>\n<Computer>37L4247F27-25</Computer>\n<Security UserID=\"\"></Security>\n</System>\n<EventData><Data>&lt;string&gt;C:\\Windows\\system32\\sppwinob.dll, msft:spp/windowsfunctionality/agent/7.0, 0x00000000, 0x00000000\nC:\\Windows\\system32\\sppobjs.dll, msft:rm/algorithm/phone/1.0, 0x00000000, 0x00000000\nC:\\Windows\\system32\\sppobjs.dll, msft:rm/algorithm/pkey/2005, 0x00000000, 0x00000000\nC:\\Windows\\system32\\sppobjs.dll, msft:spp/TaskScheduler/1.0, 0x00000000, 0x00000000\nC:\\Windows\\system32\\sppobjs.dll, msft:spp/volume/services/kms/1.0, 0x00000000, 0x00000000\nC:\\Windows\\system32\\sppobjs.dll, msft:spp/volume/services/kms/licenserenewal/1.0, 0x00000000, 0x00000000\n&lt;/string&gt;\n</Data>\n<Binary></Binary>\n</EventData>\n</Event>\n"
  },
  {
    "EventID": 1004,
    "Timestamp": "2014-01-25 04:21:13+00:00",
    "Computer": "37L4247F27-25",
    "Channel": "Application",
    "Level": "Information",
    "EventData": {
      "": "<string>Windows(TM) - Component PPD License (DirectExperience)</string>\n<string>63f7d6b3-2b29-5864-50cf-9f7231237dbe</string>\n"
    },
    "RawXml": "<Event xmlns=\"http://schemas.microsoft.com/win/2004/08/events/event\"><System><Provider Name=\"Microsoft-Windows-Security-SPP\" Guid=\"{E23B33B0-C8C9-472C-A5F9-F2BDFEA0F156}\" EventSourceName=\"Software Protection Platform Service\"></Provider>\n<EventID Qualifiers=\"16384\">1004</EventID>\n<Version>0</Version>\n<Level>4</Level>\n<Task>0</Task>\n<Opcode>0</Opcode>\n<Keywords>0x0080000000000000</Keywords>\n<TimeCreated SystemTime=\"2014-01-25 04:21:13+00:00\"></TimeCreated>\n<EventRecordID>11</EventRecordID>\n<Correlation ActivityID=\"\" RelatedActivityID=\"\"></Correlation>\n<Execution ProcessID=\"0\" ThreadID=\"0\"></Execution>\n<Channel>Application</Channel>\n<Computer>37L4247F27-25</Computer>\n<Security UserID=\"\"></Security>\n</System>\n<EventData><Data>&lt;string&gt;Windows(TM) - Component PPD License (DirectExperience)&lt;/string&gt;\n&lt;string&gt;63f7d6b3-2b29-5864-50cf-9f7231237dbe&lt;/string&gt;\n</Data>\n<Binary></Binary>\n</EventData>\n</Event>\n"
  },
  {
    "EventID": 1004,
    "Timestamp": "2014-01-25 04:21:13+00:00",
    "Computer": "37L4247F27-25",
    "Channel": "Application",
    "Level": "Information",
    "EventData": {
      "": "<string>Windows(TM) - Component PPD License (MathRecognizerEventsLicensing)</string>\n<string>4a69babc-79ff-d8d0-e21f-1ad764610ba5</string>\n"
    },
    "RawXml": "<Event xmlns=\"http://schemas.microsoft.com/win/2004/08/events/event\"><System><Provider Name=\"Microsoft-Windows-Security-SPP\" Guid=\"{E23B33B0-C8C9-472C-A5F9-F2BDFEA0F156}\" EventSourceName=\"Software Protection Platform Service\"></Provider>\n<EventID Qualifiers=\"16384\">1004</EventID>\n<Version>0</Version>\n<Level>4</Level>\n<Task>0</Task>\n<Opcode>0</Opcode>\n<Keywords>0x0080000000000000</Keywords>\n<TimeCreated SystemTime=\"2014-01-25 04:21:13+00:00\"></TimeCreated>\n<EventRecordID>12</EventRecordID>\n<Correlation ActivityID=\"\" RelatedActivityID=\"\"></Correlation>\n<Execution ProcessID=\"0\" ThreadID=\"0\"></Execution>\n<Channel>Application</Channel>\n<Computer>37L4247F27-25</Computer>\n<Security UserID=\"\"></Security>\n</System>\n<EventData><Data>&lt;string&gt;Windows(TM) - Component PPD License (MathRecognizerEventsLicensing)&lt;/string&gt;\n&lt;string&gt;4a69babc-79ff-d8d0-e21f-1ad764610ba5&lt;/string&gt;\n</Data>\n<Binary></Binary>\n</EventData>\n</Event>\n"
  },
  {
    "EventID": 1004,
    "Timestamp": "2014-01-25 04:21:13+00:00",
    "Computer": "37L4247F27-25",
    "Channel": "Application",
    "Level": "Information",
    "EventData": {
      "": "<string>Windows(TM) - Component PPD License (MCLicense)</string>\n<string>7e746adc-aded-b4e0-f905-958045b82a91</string>\n"
    },
    "RawXml": "<Event xmlns=\"http://schemas.microsoft.com/win/2004/08/events/event\"><System><Provider Name=\"Microsoft-Windows-Security-SPP\" Guid=\"{E23B33B0-C8C9-472C-A5F9-F2BDFEA0F156}\" EventSourceName=\"Software Protection Platform Service\"></Provider>\n<EventID Qualifiers=\"16384\">1004</EventID>\n<Version>0</Version>\n<Level>4</Level>\n<Task>0</Task>\n<Opcode>0</Opcode>\n<Keywords>0x0080000000000000</Keywords>\n<TimeCreated SystemTime=\"2014-01-25 04:21:13+00:00\"></TimeCreated>\n<EventRecordID>13</EventRecordID>\n<Correlation ActivityID=\"\" RelatedActivityID=\"\"></Correlation>\n<Execution ProcessID=\"0\" ThreadID=\"0\"></Execution>\n<Channel>Application</Channel>\n<Computer>37L4247F27-25</Computer>\n<Security UserID=\"\"></Security>\n</System>\n<EventData><Data>&lt;string&gt;Windows(TM) - Component PPD License (MCLicense)&lt;/string&gt;\n&lt;string&gt;7e746adc-aded-b4e0-f905-958045b82a91&lt;/string&gt;\n</Data>\n<Binary></Binary>\n</EventData>\n</Event>\n"
  },
  {
    "EventID": 1004,
    "Timestamp": "2014-01-25 04:21:13+00:00",
    "Computer": "37L4247F27-25",
    "Channel": "Application",
    "Level": "Information",
    "EventData": {
      "": "<string>Windows(TM) - Component PPD License (MediaCenter)</string>\n<string>e3d4363f-c347-a427-5719-d0714ad4e28b</string>\n"
    },
    "RawXml": "<Event xmlns=\"http://schemas.microsoft.com/win/2004/08/events/event\"><System><Provider Name=\"Microsoft-Windows-Security-SPP\" Guid=\"{E23B33B0-C8C9-472C-A5F9-F2BDFEA0F156}\" EventSourceName=\"Software Protection Platform Service\"></Provider>\n<EventID Qualifiers=\"16384\">1004</EventID>\n<Version>0</Version>\n<Level>4</Level>\n<Task>0</Task>\n<Opcode>0</Opcode>\n<Keywords>0x0080000000000000</Keywords>\n<TimeCreated SystemTime=\"2014-01-25 04:21:13+00:00\"></TimeCreated>\n<EventRecordID>14</EventRecordID>\n<Correlation ActivityID=\"\" RelatedActivityID=\"\"></Correlation>\n<Execution ProcessID=\"0\" ThreadID=\"0\"></Execution>\n<Channel>Application</Channel>\n<Computer>37L4247F27-25</Computer>\n<Security UserID=\"\"></Security>\n</System>\n<EventData><Data>&lt;string&gt;Windows(TM) - Component PPD License (MediaCenter)&lt;/string&gt;\n&lt;string&gt;e3d4363f-c347-a427-5719-d0714ad4e28b&lt;/string&gt;\n</Data>\n<Binary></Binary>\n</EventData>\n</Event>\n"
  },
  {
    "EventID": 1004,
    "Timestamp": "2014-01-25 04:21:13+00:00",
    "Computer": "37L4247F27-25",
    "Channel": "Application",
    "Level": "Information",
    "EventData": {
      "": "<string>Windows(TM) - Component PPD License (Microsoft-Windows-AuxiliaryDisplay)</string>\n<string>bb84a932-2455-c803-5571-28702ab9ef37</string>\n"
    },
    "RawXml": "<Event xmlns=\"http://schemas.microsoft.com/win/2004/08/events/event\"><System><Provider Name=\"Microsoft-Windows-Security-SPP\" Guid=\"{E23B33B0-C8C9-472C-A5F9-F2BDFEA0F156}\" EventSourceName=\"Software Protection Platform Service\"></Provider>\n<EventID Qualifiers=\"16384\">1004</EventID>\n<Version>0</Version>\n<Level>4</Level>\n<Task>0</Task>\n<Opcode>0</Opcode>\n<Keywords>0x0080000000000000</Keywords>\n<TimeCreated SystemTime=\"2014-01-25 04:21:13+00:00\"></TimeCreated>\n<EventRecordID>15</EventRecordID>\n<Correlation ActivityID=\"\" RelatedActivityID=\"\"></Correlation>\n<Execution ProcessID=\"0\" ThreadID=\"0\"></Execution>\n<Channel>Application</Channel>\n<Computer>37L4247F27-25</Computer>\n<Security UserID=\"\"></Security>\n</System>\n<EventData><Data>&lt;string&gt;Windows(TM) - Component PPD License (Microsoft-Windows-AuxiliaryDisplay)&lt;/string&gt;\n&lt;string&gt;bb84a932-2455-c803-5571-28702ab9ef37&lt;/string&gt;\n</Data>\n<Binary></Binary>\n</EventData>\n</Event>\n"
  },
  {
    "EventID": 1004,
    "Timestamp": "2014-01-25 04:21:13+00:00",
    "Computer": "37L4247F27-25",
    "Channel": "Application",
    "Level": "Information",
    "EventData": {
      "": "<string>Windows(TM) - Component PPD License (Microsoft-Windows-OfflineFiles-Core)</string>\n<string>fde9a948-da42-4dda-8551-5bc37d07ed22</string>\n"
    },
    "RawXml": "<Event xmlns=\"http://schemas.microsoft.com/win/2004/08/events/event\"><System><Provider Name=\"Microsoft-Windows-Security-SPP\" Guid=\"{E23B33B0-C8C9-472C-A5F9-F2BDFEA0F156}\" EventSourceName=\"Software Protection Platform Service\"></Provider>\n<EventID Qualifiers=\"16384\">1004</EventID>\n<Version>0</Version>\n<Level>4</Level>\n<Task>0</Task>\n<Opcode>0</Opcode>\n<Keywords>0x0080000000000000</Keywords>\n<TimeCreated SystemTime=\"2014-01-25 04:21:13+00:00\"></TimeCreated>\n<EventRecordID>16</EventRecordID>\n<Correlation ActivityID=\"\" RelatedActivityID=\"\"></Correlation>\n<Execution ProcessID=\"0\" ThreadID=\"0\"></Execution>\n<Channel>Application</Channel>\n<Computer>37L4247F27-25</Computer>\n<Security UserID=\"\"></Security>\n</System>\n<EventData><Data>&lt;string&gt;Windows(TM) - Component PPD License (Microsoft-Windows-OfflineFiles-Core)&lt;/string&gt;\n&lt;string&gt;fde9a948-da42-4dda-8551-5bc37d07ed22&lt;/string&gt;\n</Data>\n<Binary></Binary>\n</EventData>\n</Event>\n"
  },
  {
    "EventID": 1004,
    "Timestamp": "2014-01-25 04:21:13+00:00",
    "Computer": "37L4247F27-25",
    "Channel": "Application",
    "Level": "Information",
    "EventData": {
      "": "<string>Windows(TM) - Component PPD License (Microsoft-Windows-SensorsLicense)</string>\n<string>50e07dda-3e8f-7f35-e0e3-93d2d5801978</string>\n"
    },
    "RawXml": "<Event xmlns=\"http://schemas.microsoft.com/win/2004/08/events/event\"><System><Provider Name=\"Microsoft-Windows-Security-SPP\" Guid=\"{E23B33B0-C8C9-472C-A5F9-F2BDFEA0F156}\" EventSourceName=\"Software Protection Platform Service\"></Provider>\n<EventID Qualifiers=\"16384\">1004</EventID>\n<Version>0</Version>\n<Level>4</Level>\n<Task>0</Task>\n<Opcode>0</Opcode>\n<Keywords>0x0080000000000000</Keywords>\n<TimeCreated SystemTime=\"2014-01-25 04:21:13+00:00\"></TimeCreated>\n<EventRecordID>17</EventRecordID>\n<Correlation ActivityID=\"\" RelatedActivityID=\"\"></Correlation>\n<Execution ProcessID=\"0\" ThreadID=\"0\"></Execution>\n<Channel>Application</Channel>\n<Computer>37L4247F27-25</Computer>\n<Security UserID=\"\"></Security>\n</System>\n<EventData><Data>&lt;string&gt;Windows(TM) - Component PPD License (Microsoft-Windows-SensorsLicense)&lt;/string&gt;\n&lt;string&gt;50e07dda-3e8f-7f35-e0e3-93d2d5801978&lt;/string&gt;\n</Data>\n<Binary></Binary>\n</EventData>\n</Event>\n"
  },
  {
    "EventID": 1004,
    "Timestamp": "2014-01-25 04:21:13+00:00",
    "Computer": "37L4247F27-25",
    "Channel": "Application",
    "Level": "Information",
    "EventData": {
      "": "<string>Windows(TM) - Component PPD License (MobilePCMobilityCenter)</string>\n<string>3dbac6e0-a3bc-8c89-90b5-5e95e1e4456f</string>\n"
    },
    "RawXml": "<Event xmlns=\"http://schemas.microsoft.com/win/2004/08/events/event\"><System><Provider Name=\"Microsoft-Windows-Security-SPP\" Guid=\"{E23B33B0-C8C9-472C-A5F9-F2BDFEA0F156}\" EventSourceName=\"Software Protection Platform Service\"></Provider>\n<EventID Qualifiers=\"16384\">1004</EventID>\n<Version>0</Version>\n<Level>4</Level>\n<Task>0</Task>\n<Opcode>0</Opcode>\n<Keywords>0x0080000000000000</Keywords>\n<TimeCreated SystemTime=\"2014-01-25 04:21:13+00:00\"></TimeCreated>\n<EventRecordID>18</EventRecordID>\n<Correlation ActivityID=\"\" RelatedActivityID=\"\"></Correlation>\n<Execution ProcessID=\"0\" ThreadID=\"0\"></Execution>\n<Channel>Application</Channel>\n<Computer>37L4247F27-25</Computer>\n<Security UserID=\"\"></Security>\n</System>\n<EventData><Data>&lt;string&gt;Windows(TM) - Component PPD License (MobilePCMobilityCenter)&lt;/string&gt;\n&lt;string&gt;3dbac6e0-a3bc-8c89-90b5-5e95e1e4456f&lt;/string&gt;\n</Data>\n<Binary></Binary>\n</EventData>\n</Event>\n"
  },
  {
    "EventID": 1004,
    "Timestamp": "2014-01-25 04:21:13+00:00",
    "Computer": "37L4247F27-25",
    "Channel": "Application",
    "Level": "Information",
    "EventData": {
      "": "<string>Windows(TM) - Component PPD License (MobilePCPresentationSettings)</string>\n<string>829de4ec-c68f-e5b5-bfc8-09faa229aa76</string>\n"
    },
    "RawXml": "<Event xmlns=\"http://schemas.microsoft.com/win/2004/08/events/event\"><System><Provider Name=\"Microsoft-Windows-Security-SPP\" Guid=\"{E23B33B0-C8C9-472C-A5F9-F2BDFEA0F156}\" EventSourceName=\"Software Protection Platform Service\"></Provider>\n<EventID Qualifiers=\"16384\">1004</EventID>\n<Version>0</Version>\n<Level>4</Level>\n<Task>0</Task>\n<Opcode>0</Opcode>\n<Keywords>0x0080000000000000</Keywords>\n<TimeCreated SystemTime=\"2014-01-25 04:21:13+00:00\"></TimeCreated>\n<EventRecordID>19</EventRecordID>\n<Correlation ActivityID=\"\" RelatedActivityID=\"\"></Correlation>\n<Execution ProcessID=\"0\" ThreadID=\"0\"></Execution>\n<Channel>Application</Channel>\n<Computer>37L4247F27-25</Computer>\n<Security UserID=\"\"></Security>\n</System>\n<EventData><Data>&lt;string&gt;Windows(TM) - Component PPD License (MobilePCPresentationSettings)&lt;/string&gt;\n&lt;string&gt;829de4ec-c68f-e5b5-bfc8-09faa229aa76&lt;/string&gt;\n</Data>\n<Binary></Binary>\n</EventData>\n</Event>\n"
  },
  {
    "EventID": 1004,
    "Timestamp": "2014-01-25 04:21:13+00:00",
    "Computer": "37L4247F27-25",
    "Channel": "Application",
    "Level": "Information",
    "EventData": {
      "": "<string>Windows(TM) - Component PPD License (NetworkProjection)</string>\n<string>8f41e452-9780-ff52-fa7f-3f473959bbee</string>\n"
    },
    "RawXml": "<Event xmlns=\"http://schemas.microsoft.com/win/2004/08/events/event\"><System><Provider Name=\"Microsoft-Windows-Security-SPP\" Guid=\"{E23B33B0-C8C9-472C-A5F9-F2BDFEA0F156}\" EventSourceName=\"Software Protection Platform Service\"></Provider>\n<EventID Qualifiers=\"16384\">1004</EventID>\n<Version>0</Version>\n<Level>4</Level>\n<Task>0</Task>\n<Opcode>0</Opcode>\n<Keywords>0x0080000000000000</Keywords>\n<TimeCreated SystemTime=\"2014-01-25 04:21:13+00:00\"></TimeCreated>\n<EventRecordID>20</EventRecordID>\n<Correlation ActivityID=\"\" RelatedActivityID=\"\"></Correlation>\n<Execution ProcessID=\"0\" ThreadID=\"0\"></Execution>\n<Channel>Application</Channel>\n<Computer>37L4247F27-25</Computer>\n<Security UserID=\"\"></Security>\n</System>\n<EventData><Data>&lt;string&gt;Windows(TM) - Component PPD License (NetworkProjection)&lt;/string&gt;\n&lt;string&gt;8f41e452-9780-ff52-fa7f-3f473959bbee&lt;/string&gt;\n</Data>\n<Binary></Binary>\n</EventData>\n</Event>\n"
  },
  {
    "EventID": 1004,
    "Timestamp": "2014-01-25 04:21:13+00:00",
    "Computer": "37L4247F27-25",
    "Channel": "Application",
    "Level": "Information",
    "EventData": {
      "": "<string>Windows(TM) - Component PPD License (OMD-API)</string>\n<string>d8762de4-0e0c-3d1f-83f9-324bc2106432</string>\n"
    },
    "RawXml": "<Event xmlns=\"http://schemas.microsoft.com/win/2004/08/events/event\"><System><Provider Name=\"Microsoft-Windows-Security-SPP\" Guid=\"{E23B33B0-C8C9-472C-A5F9-F2BDFEA0F156}\" EventSourceName=\"Software Protection Platform Service\"></Provider>\n<EventID Qualifiers=\"16384\">1004</EventID>\n<Version>0</Version>\n<Level>4</Level>\n<Task>0</Task>\n<Opcode>0</Opcode>\n<Keywords>0x0080000000000000</Keywords>\n<TimeCreated SystemTime=\"2014-01-25 04:21:13+00:00\"></TimeCreated>\n<EventRecordID>21</EventRecordID>\n<Correlation ActivityID=\"\" RelatedActivityID=\"\"></Correlation>\n<Execution ProcessID=\"0\" ThreadID=\"0\"></Execution>\n<Channel>Application</Channel>\n<Computer>37L4247F27-25</Computer>\n<Security UserID=\"\"></Security>\n</System>\n<EventData><Data>&lt;string&gt;Windows(TM) - Component PPD License (OMD-API)&lt;/string&gt;\n&lt;string&gt;d8762de4-0e0c-3d1f-83f9-324bc2106432&lt;/string&gt;\n</Data>\n<Binary></Binary>\n</EventData>\n</Event>\n"
  },
  {
    "EventID": 1004,
    "Timestamp": "2014-01-25 04:21:13+00:00",
    "Computer": "37L4247F27-25",
    "Channel": "Application",
    "Level": "Information",
    "EventData": {
      "": "<string>Windows(TM) - Component PPD License (PeerDist-Common)</string>\n<string>4d6bd88a-7817-3bec-4a2f-f8205a547e77</string>\n"
    },
    "RawXml": "<Event xmlns=\"http://schemas.microsoft.com/win/2004/08/events/event\"><System><Provider Name=\"Microsoft-Windows-Security-SPP\" Guid=\"{E23B33B0-C8C9-472C-A5F9-F2BDFEA0F156}\" EventSourceName=\"Software Protection Platform Service\"></Provider>\n<EventID Qualifiers=\"16384\">1004</EventID>\n<Version>0</Version>\n<Level>4</Level>\n<Task>0</Task>\n<Opcode>0</Opcode>\n<Keywords>0x0080000000000000</Keywords>\n<TimeCreated SystemTime=\"2014-01-25 04:21:13+00:00\"></TimeCreated>\n<EventRecordID>22</EventRecordID>\n<Correlation ActivityID=\"\" RelatedActivityID=\"\"></Correlation>\n<Execution ProcessID=\"0\" ThreadID=\"0\"></Execution>\n<Channel>Application</Channel>\n<Computer>37L4247F27-25</Computer>\n<Security UserID=\"\"></Security>\n</System>\n<EventData><Data>&lt;string&gt;Windows(TM) - Component PPD License (PeerDist-Common)&lt;/string&gt;\n&lt;string&gt;4d6bd88a-7817-3bec-4a2f-f8205a547e77&lt;/string&gt;\n</Data>\n<Binary></Binary>\n</EventData>\n</Event>\n"
  },
  {
    "EventID": 1004,
    "Timestamp": "2014-01-25 04:21:13+00:00",
    "Computer": "37L4247F27-25",
    "Channel": "Application",
    "Level": "Information",
    "EventData": {
      "": "<string>Windows(TM) - Component PPD License (Personalization)</string>\n<string>e424241c-3885-725a-612f-a597a877aabe</string>\n"
    },
    "RawXml": "<Event xmlns=\"http://schemas.microsoft.com/win/2004/08/events/event\"><System><Provider Name=\"Microsoft-Windows-Security-SPP\" Guid=\"{E23B33B0-C8C9-472C-A5F9-F2BDFEA0F156}\" EventSourceName=\"Software Protection Platform Service\"></Provider>\n<EventID Qualifiers=\"16384\">1004</EventID>\n<Version>0</Version>\n<Level>4</Level>\n<Task>0</Task>\n<Opcode>0</Opcode>\n<Keywords>0x0080000000000000</Keywords>\n<TimeCreated SystemTime=\"2014-01-25 04:21:13+00:00\"></TimeCreated>\n<EventRecordID>23</EventRecordID>\n<Correlation ActivityID=\"\" RelatedActivityID=\"\"></Correlation>\n<Execution ProcessID=\"0\" ThreadID=\"0\"></Execution>\n<Channel>Application</Channel>\n<Computer>37L4247F27-25</Computer>\n<Security UserID=\"\"></Security>\n</System>\n<EventData><Data>&lt;string&gt;Windows(TM) - Component PPD License (Personalization)&lt;/string&gt;\n&lt;string&gt;e424241c-3885-725a-612f-a597a877aabe&lt;/string&gt;\n</Data>\n<Binary></Binary>\n</EventData>\n</Event>\n"
  },
  {
    "EventID": 1004,
    "Timestamp": "2014-01-25 04:21:13+00:00",
    "Computer": "37L4247F27-25",
    "Channel": "Application",
    "Level": "Information",
    "EventData": {
      "": "<string>Windows(TM) - Component PPD License (Printing-Spooler-Pmc-Licensing)</string>\n<string>65904b29-a3f7-213d-2a08-c712954e716c</string>\n"
    },
    "RawXml": "<Event xmlns=\"http://schemas.microsoft.com/win/2004/08/events/event\"><System><Provider Name=\"Microsoft-Windows-Security-SPP\" Guid=\"{E23B33B0-C8C9-472C-A5F9-F2BDFEA0F156}\" EventSourceName=\"Software Protection Platform Service\"></Provider>\n<EventID Qualifiers=\"16384\">1004</EventID>\n<Version>0</Version>\n<Level>4</Level>\n<Task>0</Task>\n<Opcode>0</Opcode>\n<Keywords>0x0080000000000000</Keywords>\n<TimeCreated SystemTime=\"2014-01-25 04:21:13+00:00\"></TimeCreated>\n<EventRecordID>24</EventRecordID>\n<Correlation ActivityID=\"\" RelatedActivityID=\"\"></Correlation>\n<Execution ProcessID=\"0\" ThreadID=\"0\"></Execution>\n<Channel>Application</Channel>\n<Computer>37L4247F27-25</Computer>\n<Security UserID=\"\"></Security>\n</System>\n<EventData><Data>&lt;string&gt;Windows(TM) - Component PPD License (Printing-Spooler-Pmc-Licensing)&lt;/string&gt;\n&lt;string&gt;65904b29-a3f7-213d-2a08-c712954e716c&lt;/string&gt;\n</Data>\n<Binary></Binary>\n</EventData>\n</Event>\n"
  },
  {
    "EventID": 1004,
    "Timestamp": "2014-01-25 04:21:13+00:00",
    "Computer": "37L4247F27-25",
    "Channel": "Application",
    "Level": "Information",
    "EventData": {
      "": "<string>Windows(R) 7 - Product PPD License (Security-SPP-Component-SKU-Ultimate)</string>\n<string>74157d48-6669-3402-ad14-3bebda8a41fe</string>\n"
    },
    "RawXml": "<Event xmlns=\"http://schemas.microsoft.com/win/2004/08/events/event\"><System><Provider Name=\"Microsoft-Windows-Security-SPP\" Guid=\"{E23B33B0-C8C9-472C-A5F9-F2BDFEA0F156}\" EventSourceName=\"Software Protection Platform Service\"></Provider>\n<EventID Qualifiers=\"16384\">1004</EventID>\n<Version>0</Version>\n<Level>4</Level>\n<Task>0</Task>\n<Opcode>0</Opcode>\n<Keywords>0x0080000000000000</Keywords>\n<TimeCreated SystemTime=\"2014-01-25 04:21:13+00:00\"></TimeCreated>\n<EventRecordID>25</EventRecordID>\n<Correlation ActivityID=\"\" RelatedActivityID=\"\"></Correlation>\n<Execution ProcessID=\"0\" ThreadID=\"0\"></Execution>\n<Channel>Application</Channel>\n<Computer>37L4247F27-25</Computer>\n<Security UserID=\"\"></Security>\n</System>\n<EventData><Data>&lt;string&gt;Windows(R) 7 - Product PPD License (Security-SPP-Component-SKU-Ultimate)&lt;/string&gt;\n&lt;string&gt;74157d48-6669-3402-ad14-3bebda8a41fe&lt;/string&gt;\n</Data>\n<Binary></Binary>\n</EventData>\n</Event>\n"
  },
  {
    "EventID": 1004,
    "Timestamp": "2014-01-25 04:21:13+00:00",
    "Computer": "37L4247F27-25",
    "Channel": "Application",
    "Level": "Information",
    "EventData": {
      "": "<string>Windows(TM) - Component PPD License (Shell-InBoxGames-Shanghai)</string>\n<string>1e225bb2-e9ec-bccb-10c7-31e31f130411</string>\n"
    },
    "RawXml": "<Event xmlns=\"http://schemas.microsoft.com/win/2004/08/events/event\"><System><Provider Name=\"Microsoft-Windows-Security-SPP\" Guid=\"{E23B33B0-C8C9-472C-A5F9-F2BDFEA0F156}\" EventSourceName=\"Software Protection Platform Service\"></Provider>\n<EventID Qualifiers=\"16384\">1004</EventID>\n<Version>0</Version>\n<Level>4</Level>\n<Task>0</Task>\n<Opcode>0</Opcode>\n<Keywords>0x0080000000000000</Keywords>\n<TimeCreated SystemTime=\"2014-01-25 04:21:13+00:00\"></TimeCreated>\n<EventRecordID>26</EventRecordID>\n<Correlation ActivityID=\"\" RelatedActivityID=\"\"></Correlation>\n<Execution ProcessID=\"0\" ThreadID=\"0\"></Execution>\n<Channel>Application</Channel>\n<Computer>37L4247F27-25</Computer>\n<Security UserID=\"\"></Security>\n</System>\n<EventData><Data>&lt;string&gt;Windows(TM) - Component PPD License (Shell-InBoxGames-Shanghai)&lt;/string&gt;\n&lt;string&gt;1e225bb2-e9ec-bccb-10c7-31e31f130411&lt;/string&gt;\n</Data>\n<Binary></Binary>\n</EventData>\n</Event>\n"
  },
  {
    "EventID": 1004,
    "Timestamp": "2014-01-25 04:21:13+00:00",
    "Computer": "37L4247F27-25",
    "Channel": "Application",
    "Level": "Information",
    "EventData": {
      "": "<string>Windows(TM) - Component PPD License (Shell-MultiplayerInboxGames-Backgammon)</string>\n<string>d072ce44-f705-7add-335e-136c2e855698</string>\n"
    },
    "RawXml": "<Event xmlns=\"http://schemas.microsoft.com/win/2004/08/events/event\"><System><Provider Name=\"Microsoft-Windows-Security-SPP\" Guid=\"{E23B33B0-C8C9-472C-A5F9-F2BDFEA0F156}\" EventSourceName=\"Software Protection Platform Service\"></Provider>\n<EventID Qualifiers=\"16384\">1004</EventID>\n<Version>0</Version>\n<Level>4</Level>\n<Task>0</Task>\n<Opcode>0</Opcode>\n<Keywords>0x0080000000000000</Keywords>\n<TimeCreated SystemTime=\"2014-01-25 04:21:13+00:00\"></TimeCreated>\n<EventRecordID>27</EventRecordID>\n<Correlation ActivityID=\"\" RelatedActivityID=\"\"></Correlation>\n<Execution ProcessID=\"0\" ThreadID=\"0\"></Execution>\n<Channel>Application</Channel>\n<Computer>37L4247F27-25</Computer>\n<Security UserID=\"\"></Security>\n</System>\n<EventData><Data>&lt;string&gt;Windows(TM) - Component PPD License (Shell-MultiplayerInboxGames-Backgammon)&lt;/string&gt;\n&lt;string&gt;d072ce44-f705-7add-335e-136c2e855698&lt;/string&gt;\n</Data>\n<Binary></Binary>\n</EventData>\n</Event>\n"
  },
  {
    "EventID": 1004,
    "Timestamp": "2014-01-25 04:21:13+00:00",
    "Computer": "37L4247F27-25",
    "Channel": "Application",
    "Level": "Information",
    "EventData": {
      "": "<string>Windows(TM) - Component PPD License (Shell-MultiplayerInboxGames-Checkers)</string>\n<string>03b522b9-d4bb-923c-91ae-dd77b3052a7c</string>\n"
    },
    "RawXml": "<Event xmlns=\"http://schemas.microsoft.com/win/2004/08/events/event\"><System><Provider Name=\"Microsoft-Windows-Security-SPP\" Guid=\"{E23B33B0-C8C9-472C-A5F9-F2BDFEA0F156}\" EventSourceName=\"Software Protection Platform Service\"></Provider>\n<EventID Qualifiers=\"16384\">1004</EventID>\n<Version>0</Version>\n<Level>4</Level>\n<Task>0</Task>\n<Opcode>0</Opcode>\n<Keywords>0x0080000000000000</Keywords>\n<TimeCreated SystemTime=\"2014-01-25 04:21:13+00:00\"></TimeCreated>\n<EventRecordID>28</EventRecordID>\n<Correlation ActivityID=\"\" RelatedActivityID=\"\"></Correlation>\n<Execution ProcessID=\"0\" ThreadID=\"0\"></Execution>\n<Channel>Application</Channel>\n<Computer>37L4247F27-25</Computer>\n<Security UserID=\"\"></Security>\n</System>\n<EventData><Data>&lt;string&gt;Windows(TM) - Component PPD License (Shell-MultiplayerInboxGames-Checkers)&lt;/string&gt;\n&lt;string&gt;03b522b9-d4bb-923c-91ae-dd77b3052a7c&lt;/string&gt;\n</Data>\n<Binary></Binary>\n</EventData>\n</Event>\n"
  },
  {
    "EventID": 1004,
    "Timestamp": "2014-01-25 04:21:13+00:00",
    "Computer": "37L4247F27-25",
    "Channel": "Application",
    "Level": "Information",
    "EventData": {
      "": "<string>Windows(TM) - Component PPD License (Shell-MultiplayerInboxGames-Common)</string>\n<string>9aceec39-efab-7316-fdd6-47c29a3f828e</string>\n"
    },
    "RawXml": "<Event xmlns=\"http://schemas.microsoft.com/win/2004/08/events/event\"><System><Provider Name=\"Microsoft-Windows-Security-SPP\" Guid=\"{E23B33B0-C8C9-472C-A5F9-F2BDFEA0F156}\" EventSourceName=\"Software Protection Platform Service\"></Provider>\n<EventID Qualifiers=\"16384\">1004</EventID>\n<Version>0</Version>\n<Level>4</Level>\n<Task>0</Task>\n<Opcode>0</Opcode>\n<Keywords>0x0080000000000000</Keywords>\n<TimeCreated SystemTime=\"2014-01-25 04:21:13+00:00\"></TimeCreated>\n<EventRecordID>29</EventRecordID>\n<Correlation ActivityID=\"\" RelatedActivityID=\"\"></Correlation>\n<Execution ProcessID=\"0\" ThreadID=\"0\"></Execution>\n<Channel>Application</Channel>\n<Computer>37L4247F27-25</Computer>\n<Security UserID=\"\"></Security>\n</System>\n<EventData><Data>&lt;string&gt;Windows(TM) - Component PPD License (Shell-MultiplayerInboxGames-Common)&lt;/string&gt;\n&lt;string&gt;9aceec39-efab-7316-fdd6-47c29a3f828e&lt;/string&gt;\n</Data>\n<Binary></Binary>\n</EventData>\n</Event>\n"
  },
  {
    "EventID": 1004,
    "Timestamp": "2014-01-25 04:21:13+00:00",
    "Computer": "37L4247F27-25",
    "Channel": "Application",
    "Level": "Information",
    "EventData": {
      "": "<string>Windows(TM) - Component PPD License (Shell-MultiplayerInboxGames-Spades)</string>\n<string>57aca662-fb9d-50ea-2066-6c03661814fb</string>\n"
    },
    "RawXml": "<Event xmlns=\"http://schemas.microsoft.com/win/2004/08/events/event\"><System><Provider Name=\"Microsoft-Windows-Security-SPP\" Guid=\"{E23B33B0-C8C9-472C-A5F9-F2BDFEA0F156}\" EventSourceName=\"Software Protection Platform Service\"></Provider>\n<EventID Qualifiers=\"16384\">1004</EventID>\n<Version>0</Version>\n<Level>4</Level>\n<Task>0</Task>\n<Opcode>0</Opcode>\n<Keywords>0x0080000000000000</Keywords>\n<TimeCreated SystemTime=\"2014-01-25 04:21:13+00:00\"></TimeCreated>\n<EventRecordID>30</EventRecordID>\n<Correlation ActivityID=\"\" RelatedActivityID=\"\"></Correlation>\n<Execution ProcessID=\"0\" ThreadID=\"0\"></Execution>\n<Channel>Application</Channel>\n<Computer>37L4247F27-25</Computer>\n<Security UserID=\"\"></Security>\n</System>\n<EventData><Data>&lt;string&gt;Windows(TM) - Component PPD License (Shell-MultiplayerInboxGames-Spades)&lt;/string&gt;\n&lt;string&gt;57aca662-fb9d-50ea-2066-6c03661814fb&lt;/string&gt;\n</Data>\n<Binary></Binary>\n</EventData>\n</Event>\n"
  },
  {
    "EventID": 1004,
    "Timestamp": "2014-01-25 04:21:13+00:00",
    "Computer": "37L4247F27-25",
    "Channel": "Application",
    "Level": "Information",
    "EventData": {
      "": "<string>Windows(TM) - Component PPD License (Shell-PremiumInBoxGames-Chess)</string>\n<string>38613765-1943-566a-04f5-cdf3dd436fd5</string>\n"
    },
    "RawXml": "<Event xmlns=\"http://schemas.microsoft.com/win/2004/08/events/event\"><System><Provider Name=\"Microsoft-Windows-Security-SPP\" Guid=\"{E23B33B0-C8C9-472C-A5F9-F2BDFEA0F156}\" EventSourceName=\"Software Protection Platform Service\"></Provider>\n<EventID Qualifiers=\"16384\">1004</EventID>\n<Version>0</Version>\n<Level>4</Level>\n<Task>0</Task>\n<Opcode>0</Opcode>\n<Keywords>0x0080000000000000</Keywords>\n<TimeCreated SystemTime=\"2014-01-25 04:21:13+00:00\"></TimeCreated>\n<EventRecordID>31</EventRecordID>\n<Correlation ActivityID=\"\" RelatedActivityID=\"\"></Correlation>\n<Execution ProcessID=\"0\" ThreadID=\"0\"></Execution>\n<Channel>Application</Channel>\n<Computer>37L4247F27-25</Computer>\n<Security UserID=\"\"></Security>\n</System>\n<EventData><Data>&lt;string&gt;Windows(TM) - Component PPD License (Shell-PremiumInBoxGames-Chess)&lt;/string&gt;\n&lt;string&gt;38613765-1943-566a-04f5-cdf3dd436fd5&lt;/string&gt;\n</Data>\n<Binary></Binary>\n</EventData>\n</Event>\n"
  },
  {
    "EventID": 1004,
    "Timestamp": "2014-01-25 04:21:13+00:00",
    "Computer": "37L4247F27-25",
    "Channel": "Application",
    "Level": "Information",
    "EventData": {
      "": "<string>Windows(TM) - Component PPD License (SnippingToolLicensing)</string>\n<string>9503a4e9-5367-9f58-682a-c903313a1221</string>\n"
    },
    "RawXml": "<Event xmlns=\"http://schemas.microsoft.com/win/2004/08/events/event\"><System><Provider Name=\"Microsoft-Windows-Security-SPP\" Guid=\"{E23B33B0-C8C9-472C-A5F9-F2BDFEA0F156}\" EventSourceName=\"Software Protection Platform Service\"></Provider>\n<EventID Qualifiers=\"16384\">1004</EventID>\n<Version>0</Version>\n<Level>4</Level>\n<Task>0</Task>\n<Opcode>0</Opcode>\n<Keywords>0x0080000000000000</Keywords>\n<TimeCreated SystemTime=\"2014-01-25 04:21:13+00:00\"></TimeCreated>\n<EventRecordID>32</EventRecordID>\n<Correlation ActivityID=\"\" RelatedActivityID=\"\"></Correlation>\n<Execution ProcessID=\"0\" ThreadID=\"0\"></Execution>\n<Channel>Application</Channel>\n<Computer>37L4247F27-25</Computer>\n<Security UserID=\"\"></Security>\n</System>\n<EventData><Data>&lt;string&gt;Windows(TM) - Component PPD License (SnippingToolLicensing)&lt;/string&gt;\n&lt;string&gt;9503a4e9-5367-9f58-682a-c903313a1221&lt;/string&gt;\n</Data>\n<Binary></Binary>\n</EventData>\n</Event>\n"
  },
  {
    "EventID": 1004,
    "Timestamp": "2014-01-25 04:21:13+00:00",
    "Computer": "37L4247F27-25",
    "Channel": "Application",
    "Level": "Information",
    "EventData": {
      "": "<string>Windows(TM) - Component PPD License (StickyNotesLicensing)</string>\n<string>60bd071d-89a5-36a5-9ab8-5e94b8ceb81d</string>\n"
    },
    "RawXml": "<Event xmlns=\"http://schemas.microsoft.com/win/2004/08/events/event\"><System><Provider Name=\"Microsoft-Windows-Security-SPP\" Guid=\"{E23B33B0-C8C9-472C-A5F9-F2BDFEA0F156}\" EventSourceName=\"Software Protection Platform Service\"></Provider>\n<EventID Qualifiers=\"16384\">1004</EventID>\n<Version>0</Version>\n<Level>4</Level>\n<Task>0</Task>\n<Opcode>0</Opcode>\n<Keywords>0x0080000000000000</Keywords>\n<TimeCreated SystemTime=\"2014-01-25 04:21:13+00:00\"></TimeCreated>\n<EventRecordID>33</EventRecordID>\n<Correlation ActivityID=\"\" RelatedActivityID=\"\"></Correlation>\n<Execution ProcessID=\"0\" ThreadID=\"0\"></Execution>\n<Channel>Application</Channel>\n<Computer>37L4247F27-25</Computer>\n<Security UserID=\"\"></Security>\n</System>\n<EventData><Data>&lt;string&gt;Windows(TM) - Component PPD License (StickyNotesLicensing)&lt;/string&gt;\n&lt;string&gt;60bd071d-89a5-36a5-9ab8-5e94b8ceb81d&lt;/string&gt;\n</Data>\n<Binary></Binary>\n</EventData>\n</Event>\n"
  },
  {
    "EventID": 1004,
    "Timestamp": "2014-01-25 04:21:13+00:00",
    "Computer": "37L4247F27-25",
    "Channel": "Application",
    "Level": "Information",
    "EventData": {
      "": "<string>Windows(TM) - Component PPD License (TabletPC-MathInputLicensing)</string>\n<string>bf82650e-f5b5-7940-7b18-7d061958ea98</string>\n"
    },
    "RawXml": "<Event xmlns=\"http://schemas.microsoft.com/win/2004/08/events/event\"><System><Provider Name=\"Microsoft-Windows-Security-SPP\" Guid=\"{E23B33B0-C8C9-472C-A5F9-F2BDFEA0F156}\" EventSourceName=\"Software Protection Platform Service\"></Provider>\n<EventID Qualifiers=\"16384\">1004</EventID>\n<Version>0</Version>\n<Level>4</Level>\n<Task>0</Task>\n<Opcode>0</Opcode>\n<Keywords>0x0080000000000000</Keywords>\n<TimeCreated SystemTime=\"2014-01-25 04:21:13+00:00\"></TimeCreated>\n<EventRecordID>34</EventRecordID>\n<Correlation ActivityID=\"\" RelatedActivityID=\"\"></Correlation>\n<Execution ProcessID=\"0\" ThreadID=\"0\"></Execution>\n<Channel>Application</Channel>\n<Computer>37L4247F27-25</Computer>\n<Security UserID=\"\"></Security>\n</System>\n<EventData><Data>&lt;string&gt;Windows(TM) - Component PPD License (TabletPC-MathInputLicensing)&lt;/string&gt;\n&lt;string&gt;bf82650e-f5b5-7940-7b18-7d061958ea98&lt;/string&gt;\n</Data>\n<Binary></Binary>\n</EventData>\n</Event>\n"
  },
  {
    "EventID": 1004,
    "Timestamp": "2014-01-25 04:21:13+00:00",
    "Computer": "37L4247F27-25",
    "Channel": "Application",
    "Level": "Information",
    "EventData": {
      "": "<string>Windows(TM) - Component PPD License (TabletPCAccessories)</string>\n<string>69ac1b04-f36a-2bd1-b7ec-1ae9ee709361</string>\n"
    },
    "RawXml": "<Event xmlns=\"http://schemas.microsoft.com/win/2004/08/events/event\"><System><Provider Name=\"Microsoft-Windows-Security-SPP\" Guid=\"{E23B33B0-C8C9-472C-A5F9-F2BDFEA0F156}\" EventSourceName=\"Software Protection Platform Service\"></Provider>\n<EventID Qualifiers=\"16384\">1004</EventID>\n<Version>0</Version>\n<Level>4</Level>\n<Task>0</Task>\n<Opcode>0</Opcode>\n<Keywords>0x0080000000000000</Keywords>\n<TimeCreated SystemTime=\"2014-01-25 04:21:13+00:00\"></TimeCreated>\n<EventRecordID>35</EventRecordID>\n<Correlation ActivityID=\"\" RelatedActivityID=\"\"></Correlation>\n<Execution ProcessID=\"0\" ThreadID=\"0\"></Execution>\n<Channel>Application</Channel>\n<Computer>37L4247F27-25</Computer>\n<Security UserID=\"\"></Security>\n</System>\n<EventData><Data>&lt;string&gt;Windows(TM) - Component PPD License (TabletPCAccessories)&lt;/string&gt;\n&lt;string&gt;69ac1b04-f36a-2bd1-b7ec-1ae9ee709361&lt;/string&gt;\n</Data>\n<Binary></Binary>\n</EventData>\n</Event>\n"
  },
