  {
    "EventID": 11707,
    "Timestamp": "2014-02-04 15:08:23+00:00",
    "Computer": "IACIS-HDD-2014",
    "Channel": "Application",
    "Level": "Information",
    "EventData": {
      "": "<string>Product: MSVCRT -- Installation completed successfully.</string>\n<string>(NULL)</string>\n<string>(NULL)</string>\n<string>(NULL)</string>\n<string>(NULL)</string>\n<string>(NULL)</string>\n<string></string>\n"
    },
    "RawXml": "<Event xmlns=\"http://schemas.microsoft.com/win/2004/08/events/event\"><System><Provider Name=\"MsiInstaller\"></Provider>\n<EventID Qualifiers=\"0\">11707</EventID>\n<Level>4</Level>\n<Task>0</Task>\n<Keywords>0x0080000000000000</Keywords>\n<TimeCreated SystemTime=\"2014-02-04 15:08:23+00:00\"></TimeCreated>\n<EventRecordID>718</EventRecordID>\n<Channel>Application</Channel>\n<Computer>IACIS-HDD-2014</Computer>\n<Security UserID=\"S-1-5-21-1171287513-3642516788-2358256967-1003\"></Security>\n</System>\n<EventData><Data>&lt;string&gt;Product: MSVCRT -- Installation completed successfully.&lt;/string&gt;\n&lt;string&gt;(NULL)&lt;/string&gt;\n&lt;string&gt;(NULL)&lt;/string&gt;\n&lt;string&gt;(NULL)&lt;/string&gt;\n&lt;string&gt;(NULL)&lt;/string&gt;\n&lt;string&gt;(NULL)&lt;/string&gt;\n&lt;string&gt;&lt;/string&gt;\n</Data>\n<Binary>ezhERDQ2QzZBLTAwNTYtNEZFQy1CNzBBLTI4QkIxNkExRjExRn0=</Binary>\n</EventData>\n</Event>\n"
  },
  {
    "EventID": 1033,
    "Timestamp": "2014-02-04 15:08:23+00:00",
    "Computer": "IACIS-HDD-2014",
    "Channel": "Application",
    "Level": "Information",
    "EventData": {
      "": "<string>MSVCRT</string>\n<string>15.4.2862.0708</string>\n<string>1033</string>\n<string>0</string>\n<string>Microsoft</string>\n<string>(NULL)</string>\n<string></string>\n"
    },
    "RawXml": "<Event xmlns=\"http://schemas.microsoft.com/win/2004/08/events/event\"><System><Provider Name=\"MsiInstaller\"></Provider>\n<EventID Qualifiers=\"0\">1033</EventID>\n<Level>4</Level>\n<Task>0</Task>\n<Keywords>0x0080000000000000</Keywords>\n<TimeCreated SystemTime=\"2014-02-04 15:08:23+00:00\"></TimeCreated>\n<EventRecordID>719</EventRecordID>\n<Channel>Application</Channel>\n<Computer>IACIS-HDD-2014</Computer>\n<Security UserID=\"S-1-5-21-1171287513-3642516788-2358256967-1003\"></Security>\n</System>\n<EventData><Data>&lt;string&gt;MSVCRT&lt;/string&gt;\n&lt;string&gt;15.4.2862.0708&lt;/string&gt;\n&lt;string&gt;1033&lt;/string&gt;\n&lt;string&gt;0&lt;/string&gt;\n&lt;string&gt;Microsoft&lt;/string&gt;\n&lt;string&gt;(NULL)&lt;/string&gt;\n&lt;string&gt;&lt;/string&gt;\n</Data>\n<Binary>ezhERDQ2QzZBLTAwNTYtNEZFQy1CNzBBLTI4QkIxNkExRjExRn0wMDAwN2E3ZGE2ZWM1YjgxNzQ5ZjFhNTQ1ZDhhNDlhYzg3NGYwMDAwMDkwNA==</Binary>\n</EventData>\n</Event>\n"
  },
  {
    "EventID": 1042,
    "Timestamp": "2014-02-04 15:08:23+00:00",
    "Computer": "IACIS-HDD-2014",
    "Channel": "Application",
    "Level": "Information",
    "EventData": {
      "": "<string>C:\\Program Files (x86)\\Common Files\\Windows Live\\.cache\\58ec1dfb1cf21b902\\crt90.msi</string>\n<string>3368</string>\n<string>(NULL)</string>\n<string>(NULL)</string>\n<string>(NULL)</string>\n<string>(NULL)</string>\n<string></string>\n"
    },
    "RawXml": "<Event xmlns=\"http://schemas.microsoft.com/win/2004/08/events/event\"><System><Provider Name=\"MsiInstaller\"></Provider>\n<EventID Qualifiers=\"0\">1042</EventID>\n<Level>4</Level>\n<Task>0</Task>\n<Keywords>0x0080000000000000</Keywords>\n<TimeCreated SystemTime=\"2014-02-04 15:08:23+00:00\"></TimeCreated>\n<EventRecordID>720</EventRecordID>\n<Channel>Application</Channel>\n<Computer>IACIS-HDD-2014</Computer>\n<Security UserID=\"S-1-5-18\"></Security>\n</System>\n<EventData><Data>&lt;string&gt;C:\\Program Files (x86)\\Common Files\\Windows Live\\.cache\\58ec1dfb1cf21b902\\crt90.msi&lt;/string&gt;\n&lt;string&gt;3368&lt;/string&gt;\n&lt;string&gt;(NULL)&lt;/string&gt;\n&lt;string&gt;(NULL)&lt;/string&gt;\n&lt;string&gt;(NULL)&lt;/string&gt;\n&lt;string&gt;(NULL)&lt;/string&gt;\n&lt;string&gt;&lt;/string&gt;\n</Data>\n<Binary></Binary>\n</EventData>\n</Event>\n"
  },
  {
    "EventID": 1040,
    "Timestamp": "2014-02-04 15:08:23+00:00",
    "Computer": "IACIS-HDD-2014",
    "Channel": "Application",
    "Level": "Information",
    "EventData": {
      "": "<string>C:\\Program Files (x86)\\Common Files\\Windows Live\\.cache\\5a606e9d1cf21b903\\crt110.msi</string>\n<string>3368</string>\n<string>(NULL)</string>\n<string>(NULL)</string>\n<string>(NULL)</string>\n<string>(NULL)</string>\n<string></string>\n"
    },
    "RawXml": "<Event xmlns=\"http://schemas.microsoft.com/win/2004/08/events/event\"><System><Provider Name=\"MsiInstaller\"></Provider>\n<EventID Qualifiers=\"0\">1040</EventID>\n<Level>4</Level>\n<Task>0</Task>\n<Keywords>0x0080000000000000</Keywords>\n<TimeCreated SystemTime=\"2014-02-04 15:08:23+00:00\"></TimeCreated>\n<EventRecordID>721</EventRecordID>\n<Channel>Application</Channel>\n<Computer>IACIS-HDD-2014</Computer>\n<Security UserID=\"S-1-5-21-1171287513-3642516788-2358256967-1003\"></Security>\n</System>\n<EventData><Data>&lt;string&gt;C:\\Program Files (x86)\\Common Files\\Windows Live\\.cache\\5a606e9d1cf21b903\\crt110.msi&lt;/string&gt;\n&lt;string&gt;3368&lt;/string&gt;\n&lt;string&gt;(NULL)&lt;/string&gt;\n&lt;string&gt;(NULL)&lt;/string&gt;\n&lt;string&gt;(NULL)&lt;/string&gt;\n&lt;string&gt;(NULL)&lt;/string&gt;\n&lt;string&gt;&lt;/string&gt;\n</Data>\n<Binary></Binary>\n</EventData>\n</Event>\n"
  },
  {
    "EventID": 11707,
    "Timestamp": "2014-02-04 15:08:26+00:00",
    "Computer": "IACIS-HDD-2014",
    "Channel": "Application",
    "Level": "Information",
    "EventData": {
      "": "<string>Product: MSVCRT110 -- Installation completed successfully.</string>\n<string>(NULL)</string>\n<string>(NULL)</string>\n<string>(NULL)</string>\n<string>(NULL)</string>\n<string>(NULL)</string>\n<string></string>\n"
    },
    "RawXml": "<Event xmlns=\"http://schemas.microsoft.com/win/2004/08/events/event\"><System><Provider Name=\"MsiInstaller\"></Provider>\n<EventID Qualifiers=\"0\">11707</EventID>\n<Level>4</Level>\n<Task>0</Task>\n<Keywords>0x0080000000000000</Keywords>\n<TimeCreated SystemTime=\"2014-02-04 15:08:26+00:00\"></TimeCreated>\n<EventRecordID>722</EventRecordID>\n<Channel>Application</Channel>\n<Computer>IACIS-HDD-2014</Computer>\n<Security UserID=\"S-1-5-21-1171287513-3642516788-2358256967-1003\"></Security>\n</System>\n<EventData><Data>&lt;string&gt;Product: MSVCRT110 -- Installation completed successfully.&lt;/string&gt;\n&lt;string&gt;(NULL)&lt;/string&gt;\n&lt;string&gt;(NULL)&lt;/string&gt;\n&lt;string&gt;(NULL)&lt;/string&gt;\n&lt;string&gt;(NULL)&lt;/string&gt;\n&lt;string&gt;(NULL)&lt;/string&gt;\n&lt;string&gt;&lt;/string&gt;\n</Data>\n<Binary>ezhFMTREREM4LUVBNjAtNEUxOC1CM0UzLTE5MzcxMDRENUJEQX0=</Binary>\n</EventData>\n</Event>\n"
  },
  {
    "EventID": 1033,
    "Timestamp": "2014-02-04 15:08:26+00:00",
    "Computer": "IACIS-HDD-2014",
    "Channel": "Application",
    "Level": "Information",
    "EventData": {
      "": "<string>MSVCRT110</string>\n<string>16.4.1108.0727</string>\n<string>1033</string>\n<string>0</string>\n<string>Microsoft</string>\n<string>(NULL)</string>\n<string></string>\n"
    },
    "RawXml": "<Event xmlns=\"http://schemas.microsoft.com/win/2004/08/events/event\"><System><Provider Name=\"MsiInstaller\"></Provider>\n<EventID Qualifiers=\"0\">1033</EventID>\n<Level>4</Level>\n<Task>0</Task>\n<Keywords>0x0080000000000000</Keywords>\n<TimeCreated SystemTime=\"2014-02-04 15:08:26+00:00\"></TimeCreated>\n<EventRecordID>723</EventRecordID>\n<Channel>Application</Channel>\n<Computer>IACIS-HDD-2014</Computer>\n<Security UserID=\"S-1-5-21-1171287513-3642516788-2358256967-1003\"></Security>\n</System>\n<EventData><Data>&lt;string&gt;MSVCRT110&lt;/string&gt;\n&lt;string&gt;16.4.1108.0727&lt;/string&gt;\n&lt;string&gt;1033&lt;/string&gt;\n&lt;string&gt;0&lt;/string&gt;\n&lt;string&gt;Microsoft&lt;/string&gt;\n&lt;string&gt;(NULL)&lt;/string&gt;\n&lt;string&gt;&lt;/string&gt;\n</Data>\n<Binary>ezhFMTREREM4LUVBNjAtNEUxOC1CM0UzLTE5MzcxMDRENUJEQX0wMDAwYzRkNjMyNzEzODVlZGE1MjFhNmJiNTc5NDMzMWZkMDIwMDAwMDkwNA==</Binary>\n</EventData>\n</Event>\n"
  },
  {
    "EventID": 1042,
    "Timestamp": "2014-02-04 15:08:26+00:00",
    "Computer": "IACIS-HDD-2014",
    "Channel": "Application",
    "Level": "Information",
    "EventData": {
      "": "<string>C:\\Program Files (x86)\\Common Files\\Windows Live\\.cache\\5a606e9d1cf21b903\\crt110.msi</string>\n<string>3368</string>\n<string>(NULL)</string>\n<string>(NULL)</string>\n<string>(NULL)</string>\n<string>(NULL)</string>\n<string></string>\n"
    },
    "RawXml": "<Event xmlns=\"http://schemas.microsoft.com/win/2004/08/events/event\"><System><Provider Name=\"MsiInstaller\"></Provider>\n<EventID Qualifiers=\"0\">1042</EventID>\n<Level>4</Level>\n<Task>0</Task>\n<Keywords>0x0080000000000000</Keywords>\n<TimeCreated SystemTime=\"2014-02-04 15:08:26+00:00\"></TimeCreated>\n<EventRecordID>724</EventRecordID>\n<Channel>Application</Channel>\n<Computer>IACIS-HDD-2014</Computer>\n<Security UserID=\"S-1-5-18\"></Security>\n</System>\n<EventData><Data>&lt;string&gt;C:\\Program Files (x86)\\Common Files\\Windows Live\\.cache\\5a606e9d1cf21b903\\crt110.msi&lt;/string&gt;\n&lt;string&gt;3368&lt;/string&gt;\n&lt;string&gt;(NULL)&lt;/string&gt;\n&lt;string&gt;(NULL)&lt;/string&gt;\n&lt;string&gt;(NULL)&lt;/string&gt;\n&lt;string&gt;(NULL)&lt;/string&gt;\n&lt;string&gt;&lt;/string&gt;\n</Data>\n<Binary></Binary>\n</EventData>\n</Event>\n"
  },
  {
    "EventID": 1040,
    "Timestamp": "2014-02-04 15:08:27+00:00",
    "Computer": "IACIS-HDD-2014",
    "Channel": "Application",
    "Level": "Information",
    "EventData": {
      "": "<string>C:\\Program Files (x86)\\Common Files\\Windows Live\\.cache\\5b37e2fd1cf21b904\\crt110_amd64.msi</string>\n<string>3368</string>\n<string>(NULL)</string>\n<string>(NULL)</string>\n<string>(NULL)</string>\n<string>(NULL)</string>\n<string></string>\n"
    },
    "RawXml": "<Event xmlns=\"http://schemas.microsoft.com/win/2004/08/events/event\"><System><Provider Name=\"MsiInstaller\"></Provider>\n<EventID Qualifiers=\"0\">1040</EventID>\n<Level>4</Level>\n<Task>0</Task>\n<Keywords>0x0080000000000000</Keywords>\n<TimeCreated SystemTime=\"2014-02-04 15:08:27+00:00\"></TimeCreated>\n<EventRecordID>725</EventRecordID>\n<Channel>Application</Channel>\n<Computer>IACIS-HDD-2014</Computer>\n<Security UserID=\"S-1-5-21-1171287513-3642516788-2358256967-1003\"></Security>\n</System>\n<EventData><Data>&lt;string&gt;C:\\Program Files (x86)\\Common Files\\Windows Live\\.cache\\5b37e2fd1cf21b904\\crt110_amd64.msi&lt;/string&gt;\n&lt;string&gt;3368&lt;/string&gt;\n&lt;string&gt;(NULL)&lt;/string&gt;\n&lt;string&gt;(NULL)&lt;/string&gt;\n&lt;string&gt;(NULL)&lt;/string&gt;\n&lt;string&gt;(NULL)&lt;/string&gt;\n&lt;string&gt;&lt;/string&gt;\n</Data>\n<Binary></Binary>\n</EventData>\n</Event>\n"
  },
  {
    "EventID": 11707,
    "Timestamp": "2014-02-04 15:08:30+00:00",
    "Computer": "IACIS-HDD-2014",
    "Channel": "Application",
    "Level": "Information",
    "EventData": {
      "": "<string>Product: MSVCRT110_amd64 -- Installation completed successfully.</string>\n<string>(NULL)</string>\n<string>(NULL)</string>\n<string>(NULL)</string>\n<string>(NULL)</string>\n<string>(NULL)</string>\n<string></string>\n"
    },
    "RawXml": "<Event xmlns=\"http://schemas.microsoft.com/win/2004/08/events/event\"><System><Provider Name=\"MsiInstaller\"></Provider>\n<EventID Qualifiers=\"0\">11707</EventID>\n<Level>4</Level>\n<Task>0</Task>\n<Keywords>0x0080000000000000</Keywords>\n<TimeCreated SystemTime=\"2014-02-04 15:08:30+00:00\"></TimeCreated>\n<EventRecordID>726</EventRecordID>\n<Channel>Application</Channel>\n<Computer>IACIS-HDD-2014</Computer>\n<Security UserID=\"S-1-5-21-1171287513-3642516788-2358256967-1003\"></Security>\n</System>\n<EventData><Data>&lt;string&gt;Product: MSVCRT110_amd64 -- Installation completed successfully.&lt;/string&gt;\n&lt;string&gt;(NULL)&lt;/string&gt;\n&lt;string&gt;(NULL)&lt;/string&gt;\n&lt;string&gt;(NULL)&lt;/string&gt;\n&lt;string&gt;(NULL)&lt;/string&gt;\n&lt;string&gt;(NULL)&lt;/string&gt;\n&lt;string&gt;&lt;/string&gt;\n</Data>\n<Binary>e0U5RkE3ODFGLTNFODAtNDM5OS04MjVBLUFEM0UxMUMyOEM3N30=</Binary>\n</EventData>\n</Event>\n"
  },
  {
    "EventID": 1033,
    "Timestamp": "2014-02-04 15:08:30+00:00",
    "Computer": "IACIS-HDD-2014",
    "Channel": "Application",
    "Level": "Information",
    "EventData": {
      "": "<string>MSVCRT110_amd64</string>\n<string>16.4.1109.0912</string>\n<string>1033</string>\n<string>0</string>\n<string>Microsoft</string>\n<string>(NULL)</string>\n<string></string>\n"
    },
    "RawXml": "<Event xmlns=\"http://schemas.microsoft.com/win/2004/08/events/event\"><System><Provider Name=\"MsiInstaller\"></Provider>\n<EventID Qualifiers=\"0\">1033</EventID>\n<Level>4</Level>\n<Task>0</Task>\n<Keywords>0x0080000000000000</Keywords>\n<TimeCreated SystemTime=\"2014-02-04 15:08:30+00:00\"></TimeCreated>\n<EventRecordID>727</EventRecordID>\n<Channel>Application</Channel>\n<Computer>IACIS-HDD-2014</Computer>\n<Security UserID=\"S-1-5-21-1171287513-3642516788-2358256967-1003\"></Security>\n</System>\n<EventData><Data>&lt;string&gt;MSVCRT110_amd64&lt;/string&gt;\n&lt;string&gt;16.4.1109.0912&lt;/string&gt;\n&lt;string&gt;1033&lt;/string&gt;\n&lt;string&gt;0&lt;/string&gt;\n&lt;string&gt;Microsoft&lt;/string&gt;\n&lt;string&gt;(NULL)&lt;/string&gt;\n&lt;string&gt;&lt;/string&gt;\n</Data>\n<Binary>e0U5RkE3ODFGLTNFODAtNDM5OS04MjVBLUFEM0UxMUMyOEM3N30wMDAwMmEyMDY1YTgyMjFmN2YzYWQ0ODY2YTExZmNkM2NiMDgwMDAwMDkwNA==</Binary>\n</EventData>\n</Event>\n"
  },
  {
    "EventID": 1042,
    "Timestamp": "2014-02-04 15:08:30+00:00",
    "Computer": "IACIS-HDD-2014",
    "Channel": "Application",
    "Level": "Information",
    "EventData": {
      "": "<string>C:\\Program Files (x86)\\Common Files\\Windows Live\\.cache\\5b37e2fd1cf21b904\\crt110_amd64.msi</string>\n<string>3368</string>\n<string>(NULL)</string>\n<string>(NULL)</string>\n<string>(NULL)</string>\n<string>(NULL)</string>\n<string></string>\n"
    },
    "RawXml": "<Event xmlns=\"http://schemas.microsoft.com/win/2004/08/events/event\"><System><Provider Name=\"MsiInstaller\"></Provider>\n<EventID Qualifiers=\"0\">1042</EventID>\n<Level>4</Level>\n<Task>0</Task>\n<Keywords>0x0080000000000000</Keywords>\n<TimeCreated SystemTime=\"2014-02-04 15:08:30+00:00\"></TimeCreated>\n<EventRecordID>728</EventRecordID>\n<Channel>Application</Channel>\n<Computer>IACIS-HDD-2014</Computer>\n<Security UserID=\"S-1-5-18\"></Security>\n</System>\n<EventData><Data>&lt;string&gt;C:\\Program Files (x86)\\Common Files\\Windows Live\\.cache\\5b37e2fd1cf21b904\\crt110_amd64.msi&lt;/string&gt;\n&lt;string&gt;3368&lt;/string&gt;\n&lt;string&gt;(NULL)&lt;/string&gt;\n&lt;string&gt;(NULL)&lt;/string&gt;\n&lt;string&gt;(NULL)&lt;/string&gt;\n&lt;string&gt;(NULL)&lt;/string&gt;\n&lt;string&gt;&lt;/string&gt;\n</Data>\n<Binary></Binary>\n</EventData>\n</Event>\n"
  },
  {
    "EventID": 1040,
    "Timestamp": "2014-02-04 15:08:30+00:00",
    "Computer": "IACIS-HDD-2014",
    "Channel": "Application",
    "Level": "Information",
    "EventData": {
      "": "<string>C:\\Program Files (x86)\\Common Files\\Windows Live\\.cache\\5d87edb41cf21b905\\crt90_amd64.msi</string>\n<string>3368</string>\n<string>(NULL)</string>\n<string>(NULL)</string>\n<string>(NULL)</string>\n<string>(NULL)</string>\n<string></string>\n"
    },
    "RawXml": "<Event xmlns=\"http://schemas.microsoft.com/win/2004/08/events/event\"><System><Provider Name=\"MsiInstaller\"></Provider>\n<EventID Qualifiers=\"0\">1040</EventID>\n<Level>4</Level>\n<Task>0</Task>\n<Keywords>0x0080000000000000</Keywords>\n<TimeCreated SystemTime=\"2014-02-04 15:08:30+00:00\"></TimeCreated>\n<EventRecordID>729</EventRecordID>\n<Channel>Application</Channel>\n<Computer>IACIS-HDD-2014</Computer>\n<Security UserID=\"S-1-5-21-1171287513-3642516788-2358256967-1003\"></Security>\n</System>\n<EventData><Data>&lt;string&gt;C:\\Program Files (x86)\\Common Files\\Windows Live\\.cache\\5d87edb41cf21b905\\crt90_amd64.msi&lt;/string&gt;\n&lt;string&gt;3368&lt;/string&gt;\n&lt;string&gt;(NULL)&lt;/string&gt;\n&lt;string&gt;(NULL)&lt;/string&gt;\n&lt;string&gt;(NULL)&lt;/string&gt;\n&lt;string&gt;(NULL)&lt;/string&gt;\n&lt;string&gt;&lt;/string&gt;\n</Data>\n<Binary></Binary>\n</EventData>\n</Event>\n"
  },
  {
    "EventID": 11707,
    "Timestamp": "2014-02-04 15:08:46+00:00",
    "Computer": "IACIS-HDD-2014",
    "Channel": "Application",
    "Level": "Information",
    "EventData": {
      "": "<string>Product: MSVCRT_amd64 -- Installation completed successfully.</string>\n<string>(NULL)</string>\n<string>(NULL)</string>\n<string>(NULL)</string>\n<string>(NULL)</string>\n<string>(NULL)</string>\n<string></string>\n"
    },
    "RawXml": "<Event xmlns=\"http://schemas.microsoft.com/win/2004/08/events/event\"><System><Provider Name=\"MsiInstaller\"></Provider>\n<EventID Qualifiers=\"0\">11707</EventID>\n<Level>4</Level>\n<Task>0</Task>\n<Keywords>0x0080000000000000</Keywords>\n<TimeCreated SystemTime=\"2014-02-04 15:08:46+00:00\"></TimeCreated>\n<EventRecordID>730</EventRecordID>\n<Channel>Application</Channel>\n<Computer>IACIS-HDD-2014</Computer>\n<Security UserID=\"S-1-5-21-1171287513-3642516788-2358256967-1003\"></Security>\n</System>\n<EventData><Data>&lt;string&gt;Product: MSVCRT_amd64 -- Installation completed successfully.&lt;/string&gt;\n&lt;string&gt;(NULL)&lt;/string&gt;\n&lt;string&gt;(NULL)&lt;/string&gt;\n&lt;string&gt;(NULL)&lt;/string&gt;\n&lt;string&gt;(NULL)&lt;/string&gt;\n&lt;string&gt;(NULL)&lt;/string&gt;\n&lt;string&gt;&lt;/string&gt;\n</Data>\n<Binary>e0QwQjQ0NzI1LTM2NjYtNDkyRC1CRUY2LTU4N0ExNEJEOUJEOX0=</Binary>\n</EventData>\n</Event>\n"
  },
  {
    "EventID": 1033,
    "Timestamp": "2014-02-04 15:08:46+00:00",
    "Computer": "IACIS-HDD-2014",
    "Channel": "Application",
    "Level": "Information",
    "EventData": {
      "": "<string>MSVCRT_amd64</string>\n<string>15.4.2862.0708</string>\n<string>1033</string>\n<string>0</string>\n<string>Microsoft</string>\n<string>(NULL)</string>\n<string></string>\n"
    },
    "RawXml": "<Event xmlns=\"http://schemas.microsoft.com/win/2004/08/events/event\"><System><Provider Name=\"MsiInstaller\"></Provider>\n<EventID Qualifiers=\"0\">1033</EventID>\n<Level>4</Level>\n<Task>0</Task>\n<Keywords>0x0080000000000000</Keywords>\n<TimeCreated SystemTime=\"2014-02-04 15:08:46+00:00\"></TimeCreated>\n<EventRecordID>731</EventRecordID>\n<Channel>Application</Channel>\n<Computer>IACIS-HDD-2014</Computer>\n<Security UserID=\"S-1-5-21-1171287513-3642516788-2358256967-1003\"></Security>\n</System>\n<EventData><Data>&lt;string&gt;MSVCRT_amd64&lt;/string&gt;\n&lt;string&gt;15.4.2862.0708&lt;/string&gt;\n&lt;string&gt;1033&lt;/string&gt;\n&lt;string&gt;0&lt;/string&gt;\n&lt;string&gt;Microsoft&lt;/string&gt;\n&lt;string&gt;(NULL)&lt;/string&gt;\n&lt;string&gt;&lt;/string&gt;\n</Data>\n<Binary>e0QwQjQ0NzI1LTM2NjYtNDkyRC1CRUY2LTU4N0ExNEJEOUJEOX0wMDAwZmUxN2JkYmQ0YjE5OGY0ODM0YTA3ZjkyNDI4Mjk2YTgwMDAwMDkwNA==</Binary>\n</EventData>\n</Event>\n"
  },
  {
    "EventID": 1042,
    "Timestamp": "2014-02-04 15:08:46+00:00",
    "Computer": "IACIS-HDD-2014",
    "Channel": "Application",
    "Level": "Information",
    "EventData": {
      "": "<string>C:\\Program Files (x86)\\Common Files\\Windows Live\\.cache\\5d87edb41cf21b905\\crt90_amd64.msi</string>\n<string>3368</string>\n<string>(NULL)</string>\n<string>(NULL)</string>\n<string>(NULL)</string>\n<string>(NULL)</string>\n<string></string>\n"
    },
    "RawXml": "<Event xmlns=\"http://schemas.microsoft.com/win/2004/08/events/event\"><System><Provider Name=\"MsiInstaller\"></Provider>\n<EventID Qualifiers=\"0\">1042</EventID>\n<Level>4</Level>\n<Task>0</Task>\n<Keywords>0x0080000000000000</Keywords>\n<TimeCreated SystemTime=\"2014-02-04 15:08:46+00:00\"></TimeCreated>\n<EventRecordID>732</EventRecordID>\n<Channel>Application</Channel>\n<Computer>IACIS-HDD-2014</Computer>\n<Security UserID=\"S-1-5-18\"></Security>\n</System>\n<EventData><Data>&lt;string&gt;C:\\Program Files (x86)\\Common Files\\Windows Live\\.cache\\5d87edb41cf21b905\\crt90_amd64.msi&lt;/string&gt;\n&lt;string&gt;3368&lt;/string&gt;\n&lt;string&gt;(NULL)&lt;/string&gt;\n&lt;string&gt;(NULL)&lt;/string&gt;\n&lt;string&gt;(NULL)&lt;/string&gt;\n&lt;string&gt;(NULL)&lt;/string&gt;\n&lt;string&gt;&lt;/string&gt;\n</Data>\n<Binary></Binary>\n</EventData>\n</Event>\n"
  },
  {
    "EventID": 1040,
    "Timestamp": "2014-02-04 15:08:47+00:00",
    "Computer": "IACIS-HDD-2014",
    "Channel": "Application",
    "Level": "Information",
    "EventData": {
      "": "<string>C:\\Program Files (x86)\\Common Files\\Windows Live\\.cache\\6660575d1cf21b908\\wllogin_wlx-x64.msi</string>\n<string>3368</string>\n<string>(NULL)</string>\n<string>(NULL)</string>\n<string>(NULL)</string>\n<string>(NULL)</string>\n<string></string>\n"
    },
    "RawXml": "<Event xmlns=\"http://schemas.microsoft.com/win/2004/08/events/event\"><System><Provider Name=\"MsiInstaller\"></Provider>\n<EventID Qualifiers=\"0\">1040</EventID>\n<Level>4</Level>\n<Task>0</Task>\n<Keywords>0x0080000000000000</Keywords>\n<TimeCreated SystemTime=\"2014-02-04 15:08:47+00:00\"></TimeCreated>\n<EventRecordID>733</EventRecordID>\n<Channel>Application</Channel>\n<Computer>IACIS-HDD-2014</Computer>\n<Security UserID=\"S-1-5-21-1171287513-3642516788-2358256967-1003\"></Security>\n</System>\n<EventData><Data>&lt;string&gt;C:\\Program Files (x86)\\Common Files\\Windows Live\\.cache\\6660575d1cf21b908\\wllogin_wlx-x64.msi&lt;/string&gt;\n&lt;string&gt;3368&lt;/string&gt;\n&lt;string&gt;(NULL)&lt;/string&gt;\n&lt;string&gt;(NULL)&lt;/string&gt;\n&lt;string&gt;(NULL)&lt;/string&gt;\n&lt;string&gt;(NULL)&lt;/string&gt;\n&lt;string&gt;&lt;/string&gt;\n</Data>\n<Binary></Binary>\n</EventData>\n</Event>\n"
  },
  {
    "EventID": 0,
    "Timestamp": "2014-02-04 15:09:27+00:00",
    "Computer": "IACIS-HDD-2014",
    "Channel": "Application",
    "Level": "Information",
    "EventData": {
      "": "<string>g_WLIDTimerQueue.Initialize started (09:27:557)</string>\n"
    },
    "RawXml": "<Event xmlns=\"http://schemas.microsoft.com/win/2004/08/events/event\"><System><Provider Name=\"SignInAssistant\"></Provider>\n<EventID Qualifiers=\"0\">0</EventID>\n<Level>4</Level>\n<Task>0</Task>\n<Keywords>0x0080000000000000</Keywords>\n<TimeCreated SystemTime=\"2014-02-04 15:09:27+00:00\"></TimeCreated>\n<EventRecordID>734</EventRecordID>\n<Channel>Application</Channel>\n<Computer>IACIS-HDD-2014</Computer>\n<Security UserID=\"\"></Security>\n</System>\n<EventData><Data>&lt;string&gt;g_WLIDTimerQueue.Initialize started (09:27:557)&lt;/string&gt;\n</Data>\n<Binary></Binary>\n</EventData>\n</Event>\n"
  },
  {
    "EventID": 0,
    "Timestamp": "2014-02-04 15:09:27+00:00",
    "Computer": "IACIS-HDD-2014",
    "Channel": "Application",
    "Level": "Information",
    "EventData": {
      "": "<string>g_ WLIDInitializationTimerQueue.Initialize started (09:27:607)</string>\n"
    },
    "RawXml": "<Event xmlns=\"http://schemas.microsoft.com/win/2004/08/events/event\"><System><Provider Name=\"SignInAssistant\"></Provider>\n<EventID Qualifiers=\"0\">0</EventID>\n<Level>4</Level>\n<Task>0</Task>\n<Keywords>0x0080000000000000</Keywords>\n<TimeCreated SystemTime=\"2014-02-04 15:09:27+00:00\"></TimeCreated>\n<EventRecordID>735</EventRecordID>\n<Channel>Application</Channel>\n<Computer>IACIS-HDD-2014</Computer>\n<Security UserID=\"\"></Security>\n</System>\n<EventData><Data>&lt;string&gt;g_ WLIDInitializationTimerQueue.Initialize started (09:27:607)&lt;/string&gt;\n</Data>\n<Binary></Binary>\n</EventData>\n</Event>\n"
  },
  {
    "EventID": 0,
    "Timestamp": "2014-02-04 15:09:27+00:00",
    "Computer": "IACIS-HDD-2014",
    "Channel": "Application",
    "Level": "Information",
    "EventData": {
      "": "<string> WLIDInitializationTimerQueue. QueueWorkItem started (09:27:607)</string>\n"
    },
    "RawXml": "<Event xmlns=\"http://schemas.microsoft.com/win/2004/08/events/event\"><System><Provider Name=\"SignInAssistant\"></Provider>\n<EventID Qualifiers=\"0\">0</EventID>\n<Level>4</Level>\n<Task>0</Task>\n<Keywords>0x0080000000000000</Keywords>\n<TimeCreated SystemTime=\"2014-02-04 15:09:27+00:00\"></TimeCreated>\n<EventRecordID>736</EventRecordID>\n<Channel>Application</Channel>\n<Computer>IACIS-HDD-2014</Computer>\n<Security UserID=\"\"></Security>\n</System>\n<EventData><Data>&lt;string&gt; WLIDInitializationTimerQueue. QueueWorkItem started (09:27:607)&lt;/string&gt;\n</Data>\n<Binary></Binary>\n</EventData>\n</Event>\n"
  },
  {
    "EventID": 1032,
    "Timestamp": "2014-02-04 15:09:40+00:00",
    "Computer": "IACIS-HDD-2014",
    "Channel": "Application",
    "Level": "Warning",
    "EventData": {
      "": "<string>(NULL)</string>\n<string></string>\n<string>(NULL)</string>\n<string>(NULL)</string>\n<string>(NULL)</string>\n<string>(NULL)</string>\n<string></string>\n"
    },
    "RawXml": "<Event xmlns=\"http://schemas.microsoft.com/win/2004/08/events/event\"><System><Provider Name=\"MsiInstaller\"></Provider>\n<EventID Qualifiers=\"0\">1032</EventID>\n<Level>3</Level>\n<Task>0</Task>\n<Keywords>0x0080000000000000</Keywords>\n<TimeCreated SystemTime=\"2014-02-04 15:09:40+00:00\"></TimeCreated>\n<EventRecordID>737</EventRecordID>\n<Channel>Application</Channel>\n<Computer>IACIS-HDD-2014</Computer>\n<Security UserID=\"S-1-5-21-1171287513-3642516788-2358256967-1003\"></Security>\n</System>\n<EventData><Data>&lt;string&gt;(NULL)&lt;/string&gt;\n&lt;string&gt;&lt;/string&gt;\n&lt;string&gt;(NULL)&lt;/string&gt;\n&lt;string&gt;(NULL)&lt;/string&gt;\n&lt;string&gt;(NULL)&lt;/string&gt;\n&lt;string&gt;(NULL)&lt;/string&gt;\n&lt;string&gt;&lt;/string&gt;\n</Data>\n<Binary></Binary>\n</EventData>\n</Event>\n"
  },
  {
    "EventID": 11707,
    "Timestamp": "2014-02-04 15:09:41+00:00",
    "Computer": "IACIS-HDD-2014",
    "Channel": "Application",
    "Level": "Information",
    "EventData": {
      "": "<string>Product: Windows Live ID Sign-in Assistant -- Installation completed successfully.</string>\n<string>(NULL)</string>\n<string>(NULL)</string>\n<string>(NULL)</string>\n<string>(NULL)</string>\n<string>(NULL)</string>\n<string></string>\n"
    },
    "RawXml": "<Event xmlns=\"http://schemas.microsoft.com/win/2004/08/events/event\"><System><Provider Name=\"MsiInstaller\"></Provider>\n<EventID Qualifiers=\"0\">11707</EventID>\n<Level>4</Level>\n<Task>0</Task>\n<Keywords>0x0080000000000000</Keywords>\n<TimeCreated SystemTime=\"2014-02-04 15:09:41+00:00\"></TimeCreated>\n<EventRecordID>738</EventRecordID>\n<Channel>Application</Channel>\n<Computer>IACIS-HDD-2014</Computer>\n<Security UserID=\"S-1-5-21-1171287513-3642516788-2358256967-1003\"></Security>\n</System>\n<EventData><Data>&lt;string&gt;Product: Windows Live ID Sign-in Assistant -- Installation completed successfully.&lt;/string&gt;\n&lt;string&gt;(NULL)&lt;/string&gt;\n&lt;string&gt;(NULL)&lt;/string&gt;\n&lt;string&gt;(NULL)&lt;/string&gt;\n&lt;string&gt;(NULL)&lt;/string&gt;\n&lt;string&gt;(NULL)&lt;/string&gt;\n&lt;string&gt;&lt;/string&gt;\n</Data>\n<Binary>e0NFNTI2NzJDLUEwRTktNDQ1MC04ODc1LTg4QTIyMUQ1Q0Q1MH0=</Binary>\n</EventData>\n</Event>\n"
  },
  {
    "EventID": 1033,
    "Timestamp": "2014-02-04 15:09:41+00:00",
    "Computer": "IACIS-HDD-2014",
    "Channel": "Application",
    "Level": "Information",
    "EventData": {
      "": "<string>Windows Live ID Sign-in Assistant</string>\n<string>7.250.4311.0</string>\n<string>1033</string>\n<string>0</string>\n<string>Microsoft Corporation</string>\n<string>(NULL)</string>\n<string></string>\n"
    },
    "RawXml": "<Event xmlns=\"http://schemas.microsoft.com/win/2004/08/events/event\"><System><Provider Name=\"MsiInstaller\"></Provider>\n<EventID Qualifiers=\"0\">1033</EventID>\n<Level>4</Level>\n<Task>0</Task>\n<Keywords>0x0080000000000000</Keywords>\n<TimeCreated SystemTime=\"2014-02-04 15:09:41+00:00\"></TimeCreated>\n<EventRecordID>739</EventRecordID>\n<Channel>Application</Channel>\n<Computer>IACIS-HDD-2014</Computer>\n<Security UserID=\"S-1-5-21-1171287513-3642516788-2358256967-1003\"></Security>\n</System>\n<EventData><Data>&lt;string&gt;Windows Live ID Sign-in Assistant&lt;/string&gt;\n&lt;string&gt;7.250.4311.0&lt;/string&gt;\n&lt;string&gt;1033&lt;/string&gt;\n&lt;string&gt;0&lt;/string&gt;\n&lt;string&gt;Microsoft Corporation&lt;/string&gt;\n&lt;string&gt;(NULL)&lt;/string&gt;\n&lt;string&gt;&lt;/string&gt;\n</Data>\n<Binary>e0NFNTI2NzJDLUEwRTktNDQ1MC04ODc1LTg4QTIyMUQ1Q0Q1MH0wMDAwNDAxNTU5ZjNlNWE1NDA2MzNkYWExZTY1ZDNlNjZkN2IwMDAwMDkwNA==</Binary>\n</EventData>\n</Event>\n"
  },
  {
    "EventID": 1042,
    "Timestamp": "2014-02-04 15:09:41+00:00",
    "Computer": "IACIS-HDD-2014",
    "Channel": "Application",
    "Level": "Information",
    "EventData": {
      "": "<string>C:\\Program Files (x86)\\Common Files\\Windows Live\\.cache\\6660575d1cf21b908\\wllogin_wlx-x64.msi</string>\n<string>3368</string>\n<string>(NULL)</string>\n<string>(NULL)</string>\n<string>(NULL)</string>\n<string>(NULL)</string>\n<string></string>\n"
    },
    "RawXml": "<Event xmlns=\"http://schemas.microsoft.com/win/2004/08/events/event\"><System><Provider Name=\"MsiInstaller\"></Provider>\n<EventID Qualifiers=\"0\">1042</EventID>\n<Level>4</Level>\n<Task>0</Task>\n<Keywords>0x0080000000000000</Keywords>\n<TimeCreated SystemTime=\"2014-02-04 15:09:41+00:00\"></TimeCreated>\n<EventRecordID>740</EventRecordID>\n<Channel>Application</Channel>\n<Computer>IACIS-HDD-2014</Computer>\n<Security UserID=\"S-1-5-18\"></Security>\n</System>\n<EventData><Data>&lt;string&gt;C:\\Program Files (x86)\\Common Files\\Windows Live\\.cache\\6660575d1cf21b908\\wllogin_wlx-x64.msi&lt;/string&gt;\n&lt;string&gt;3368&lt;/string&gt;\n&lt;string&gt;(NULL)&lt;/string&gt;\n&lt;string&gt;(NULL)&lt;/string&gt;\n&lt;string&gt;(NULL)&lt;/string&gt;\n&lt;string&gt;(NULL)&lt;/string&gt;\n&lt;string&gt;&lt;/string&gt;\n</Data>\n<Binary></Binary>\n</EventData>\n</Event>\n"
  },
  {
    "EventID": 1040,
    "Timestamp": "2014-02-04 15:09:43+00:00",
    "Computer": "IACIS-HDD-2014",
    "Channel": "Application",
    "Level": "Information",
    "EventData": {
      "": "<string>C:\\Program Files (x86)\\Common Files\\Windows Live\\.cache\\5ec772c91cf21b906\\WLXSuite.msi</string>\n<string>3368</string>\n<string>(NULL)</string>\n<string>(NULL)</string>\n<string>(NULL)</string>\n<string>(NULL)</string>\n<string></string>\n"
    },
    "RawXml": "<Event xmlns=\"http://schemas.microsoft.com/win/2004/08/events/event\"><System><Provider Name=\"MsiInstaller\"></Provider>\n<EventID Qualifiers=\"0\">1040</EventID>\n<Level>4</Level>\n<Task>0</Task>\n<Keywords>0x0080000000000000</Keywords>\n<TimeCreated SystemTime=\"2014-02-04 15:09:43+00:00\"></TimeCreated>\n<EventRecordID>741</EventRecordID>\n<Channel>Application</Channel>\n<Computer>IACIS-HDD-2014</Computer>\n<Security UserID=\"S-1-5-21-1171287513-3642516788-2358256967-1003\"></Security>\n</System>\n<EventData><Data>&lt;string&gt;C:\\Program Files (x86)\\Common Files\\Windows Live\\.cache\\5ec772c91cf21b906\\WLXSuite.msi&lt;/string&gt;\n&lt;string&gt;3368&lt;/string&gt;\n&lt;string&gt;(NULL)&lt;/string&gt;\n&lt;string&gt;(NULL)&lt;/string&gt;\n&lt;string&gt;(NULL)&lt;/string&gt;\n&lt;string&gt;(NULL)&lt;/string&gt;\n&lt;string&gt;&lt;/string&gt;\n</Data>\n<Binary></Binary>\n</EventData>\n</Event>\n"
  },
  {
    "EventID": 11707,
    "Timestamp": "2014-02-04 15:10:01+00:00",
    "Computer": "IACIS-HDD-2014",
    "Channel": "Application",
    "Level": "Information",
    "EventData": {
      "": "<string>Product: Windows Live Installer -- Installation completed successfully.</string>\n<string>(NULL)</string>\n<string>(NULL)</string>\n<string>(NULL)</string>\n<string>(NULL)</string>\n<string>(NULL)</string>\n<string></string>\n"
    },
    "RawXml": "<Event xmlns=\"http://schemas.microsoft.com/win/2004/08/events/event\"><System><Provider Name=\"MsiInstaller\"></Provider>\n<EventID Qualifiers=\"0\">11707</EventID>\n<Level>4</Level>\n<Task>0</Task>\n<Keywords>0x0080000000000000</Keywords>\n<TimeCreated SystemTime=\"2014-02-04 15:10:01+00:00\"></TimeCreated>\n<EventRecordID>742</EventRecordID>\n<Channel>Application</Channel>\n<Computer>IACIS-HDD-2014</Computer>\n<Security UserID=\"S-1-5-21-1171287513-3642516788-2358256967-1003\"></Security>\n</System>\n<EventData><Data>&lt;string&gt;Product: Windows Live Installer -- Installation completed successfully.&lt;/string&gt;\n&lt;string&gt;(NULL)&lt;/string&gt;\n&lt;string&gt;(NULL)&lt;/string&gt;\n&lt;string&gt;(NULL)&lt;/string&gt;\n&lt;string&gt;(NULL)&lt;/string&gt;\n&lt;string&gt;(NULL)&lt;/string&gt;\n&lt;string&gt;&lt;/string&gt;\n</Data>\n<Binary>ezVBMEVFMEYwLUU5MDktNEYzQi1CNDM3LUFBRDkyNTI0MjdDQn0=</Binary>\n</EventData>\n</Event>\n"
  },
  {
    "EventID": 1033,
    "Timestamp": "2014-02-04 15:10:01+00:00",
    "Computer": "IACIS-HDD-2014",
    "Channel": "Application",
    "Level": "Information",
    "EventData": {
      "": "<string>Windows Live Installer</string>\n<string>16.4.3508.0205</string>\n<string>0</string>\n<string>0</string>\n<string>Microsoft Corporation</string>\n<string>(NULL)</string>\n<string></string>\n"
    },
    "RawXml": "<Event xmlns=\"http://schemas.microsoft.com/win/2004/08/events/event\"><System><Provider Name=\"MsiInstaller\"></Provider>\n<EventID Qualifiers=\"0\">1033</EventID>\n<Level>4</Level>\n<Task>0</Task>\n<Keywords>0x0080000000000000</Keywords>\n<TimeCreated SystemTime=\"2014-02-04 15:10:01+00:00\"></TimeCreated>\n<EventRecordID>743</EventRecordID>\n<Channel>Application</Channel>\n<Computer>IACIS-HDD-2014</Computer>\n<Security UserID=\"S-1-5-21-1171287513-3642516788-2358256967-1003\"></Security>\n</System>\n<EventData><Data>&lt;string&gt;Windows Live Installer&lt;/string&gt;\n&lt;string&gt;16.4.3508.0205&lt;/string&gt;\n&lt;string&gt;0&lt;/string&gt;\n&lt;string&gt;0&lt;/string&gt;\n&lt;string&gt;Microsoft Corporation&lt;/string&gt;\n&lt;string&gt;(NULL)&lt;/string&gt;\n&lt;string&gt;&lt;/string&gt;\n</Data>\n<Binary>ezVBMEVFMEYwLUU5MDktNEYzQi1CNDM3LUFBRDkyNTI0MjdDQn0wMDAwY2QyY2E4NTkzNzIwODg4ZjYxMDQxMTQwNTBmMDcxMjAwMDAwMDAwMA==</Binary>\n</EventData>\n</Event>\n"
  },
  {
    "EventID": 1042,
    "Timestamp": "2014-02-04 15:10:01+00:00",
    "Computer": "IACIS-HDD-2014",
    "Channel": "Application",
    "Level": "Information",
    "EventData": {
      "": "<string>C:\\Program Files (x86)\\Common Files\\Windows Live\\.cache\\5ec772c91cf21b906\\WLXSuite.msi</string>\n<string>3368</string>\n<string>(NULL)</string>\n<string>(NULL)</string>\n<string>(NULL)</string>\n<string>(NULL)</string>\n<string></string>\n"
    },
    "RawXml": "<Event xmlns=\"http://schemas.microsoft.com/win/2004/08/events/event\"><System><Provider Name=\"MsiInstaller\"></Provider>\n<EventID Qualifiers=\"0\">1042</EventID>\n<Level>4</Level>\n<Task>0</Task>\n<Keywords>0x0080000000000000</Keywords>\n<TimeCreated SystemTime=\"2014-02-04 15:10:01+00:00\"></TimeCreated>\n<EventRecordID>744</EventRecordID>\n<Channel>Application</Channel>\n<Computer>IACIS-HDD-2014</Computer>\n<Security UserID=\"S-1-5-18\"></Security>\n</System>\n<EventData><Data>&lt;string&gt;C:\\Program Files (x86)\\Common Files\\Windows Live\\.cache\\5ec772c91cf21b906\\WLXSuite.msi&lt;/string&gt;\n&lt;string&gt;3368&lt;/string&gt;\n&lt;string&gt;(NULL)&lt;/string&gt;\n&lt;string&gt;(NULL)&lt;/string&gt;\n&lt;string&gt;(NULL)&lt;/string&gt;\n&lt;string&gt;(NULL)&lt;/string&gt;\n&lt;string&gt;&lt;/string&gt;\n</Data>\n<Binary></Binary>\n</EventData>\n</Event>\n"
  },
  {
    "EventID": 8194,
    "Timestamp": "2014-02-04 15:10:56+00:00",
    "Computer": "IACIS-HDD-2014",
    "Channel": "Application",
    "Level": "Information",
    "EventData": {
      "": "<string>C:\\Windows\\system32\\msiexec.exe /V</string>\n<string>WLSetup</string>\n"
    },
    "RawXml": "<Event xmlns=\"http://schemas.microsoft.com/win/2004/08/events/event\"><System><Provider Name=\"System Restore\"></Provider>\n<EventID Qualifiers=\"0\">8194</EventID>\n<Level>4</Level>\n<Task>0</Task>\n<Keywords>0x0080000000000000</Keywords>\n<TimeCreated SystemTime=\"2014-02-04 15:10:56+00:00\"></TimeCreated>\n<EventRecordID>745</EventRecordID>\n<Channel>Application</Channel>\n<Computer>IACIS-HDD-2014</Computer>\n<Security UserID=\"\"></Security>\n</System>\n<EventData><Data>&lt;string&gt;C:\\Windows\\system32\\msiexec.exe /V&lt;/string&gt;\n&lt;string&gt;WLSetup&lt;/string&gt;\n</Data>\n<Binary>AAAAAKEBAACXAQAAAAAAACLOKGd8bdp54owcAAAAAAAAAAAA</Binary>\n</EventData>\n</Event>\n"
  },
  {
    "EventID": 1040,
    "Timestamp": "2014-02-04 15:10:56+00:00",
    "Computer": "IACIS-HDD-2014",
    "Channel": "Application",
    "Level": "Information",
    "EventData": {
      "": "<string>WLSetup</string>\n<string>3368</string>\n<string>(NULL)</string>\n<string>(NULL)</string>\n<string>(NULL)</string>\n<string>(NULL)</string>\n<string></string>\n"
    },
    "RawXml": "<Event xmlns=\"http://schemas.microsoft.com/win/2004/08/events/event\"><System><Provider Name=\"MsiInstaller\"></Provider>\n<EventID Qualifiers=\"0\">1040</EventID>\n<Level>4</Level>\n<Task>0</Task>\n<Keywords>0x0080000000000000</Keywords>\n<TimeCreated SystemTime=\"2014-02-04 15:10:56+00:00\"></TimeCreated>\n<EventRecordID>746</EventRecordID>\n<Channel>Application</Channel>\n<Computer>IACIS-HDD-2014</Computer>\n<Security UserID=\"S-1-5-21-1171287513-3642516788-2358256967-1003\"></Security>\n</System>\n<EventData><Data>&lt;string&gt;WLSetup&lt;/string&gt;\n&lt;string&gt;3368&lt;/string&gt;\n&lt;string&gt;(NULL)&lt;/string&gt;\n&lt;string&gt;(NULL)&lt;/string&gt;\n&lt;string&gt;(NULL)&lt;/string&gt;\n&lt;string&gt;(NULL)&lt;/string&gt;\n&lt;string&gt;&lt;/string&gt;\n</Data>\n<Binary></Binary>\n</EventData>\n</Event>\n"
  },
  {
    "EventID": 11707,
    "Timestamp": "2014-02-04 15:11:24+00:00",
    "Computer": "IACIS-HDD-2014",
    "Channel": "Application",
    "Level": "Information",
    "EventData": {
      "": "<string>Product: Microsoft Application Error Reporting -- Installation completed successfully.</string>\n<string>(NULL)</string>\n<string>(NULL)</string>\n<string>(NULL)</string>\n<string>(NULL)</string>\n<string>(NULL)</string>\n<string></string>\n"
    },
    "RawXml": "<Event xmlns=\"http://schemas.microsoft.com/win/2004/08/events/event\"><System><Provider Name=\"MsiInstaller\"></Provider>\n<EventID Qualifiers=\"0\">11707</EventID>\n<Level>4</Level>\n<Task>0</Task>\n<Keywords>0x0080000000000000</Keywords>\n<TimeCreated SystemTime=\"2014-02-04 15:11:24+00:00\"></TimeCreated>\n<EventRecordID>747</EventRecordID>\n<Channel>Application</Channel>\n<Computer>IACIS-HDD-2014</Computer>\n<Security UserID=\"S-1-5-21-1171287513-3642516788-2358256967-1003\"></Security>\n</System>\n<EventData><Data>&lt;string&gt;Product: Microsoft Application Error Reporting -- Installation completed successfully.&lt;/string&gt;\n&lt;string&gt;(NULL)&lt;/string&gt;\n&lt;string&gt;(NULL)&lt;/string&gt;\n&lt;string&gt;(NULL)&lt;/string&gt;\n&lt;string&gt;(NULL)&lt;/string&gt;\n&lt;string&gt;(NULL)&lt;/string&gt;\n&lt;string&gt;&lt;/string&gt;\n</Data>\n<Binary>ezk1MTIwMDAwLTAwQjktMDQwOS0xMDAwLTAwMDAwMDBGRjFDRX0=</Binary>\n</EventData>\n</Event>\n"
  },
  {
    "EventID": 1033,
    "Timestamp": "2014-02-04 15:11:24+00:00",
    "Computer": "IACIS-HDD-2014",
    "Channel": "Application",
    "Level": "Information",
    "EventData": {
      "": "<string>Microsoft Application Error Reporting</string>\n<string>12.0.6015.5000</string>\n<string>1033</string>\n<string>0</string>\n<string>Microsoft Corporation</string>\n<string>(NULL)</string>\n<string></string>\n"
    },
    "RawXml": "<Event xmlns=\"http://schemas.microsoft.com/win/2004/08/events/event\"><System><Provider Name=\"MsiInstaller\"></Provider>\n<EventID Qualifiers=\"0\">1033</EventID>\n<Level>4</Level>\n<Task>0</Task>\n<Keywords>0x0080000000000000</Keywords>\n<TimeCreated SystemTime=\"2014-02-04 15:11:24+00:00\"></TimeCreated>\n<EventRecordID>748</EventRecordID>\n<Channel>Application</Channel>\n<Computer>IACIS-HDD-2014</Computer>\n<Security UserID=\"S-1-5-21-1171287513-3642516788-2358256967-1003\"></Security>\n</System>\n<EventData><Data>&lt;string&gt;Microsoft Application Error Reporting&lt;/string&gt;\n&lt;string&gt;12.0.6015.5000&lt;/string&gt;\n&lt;string&gt;1033&lt;/string&gt;\n&lt;string&gt;0&lt;/string&gt;\n&lt;string&gt;Microsoft Corporation&lt;/string&gt;\n&lt;string&gt;(NULL)&lt;/string&gt;\n&lt;string&gt;&lt;/string&gt;\n</Data>\n<Binary>ezk1MTIwMDAwLTAwQjktMDQwOS0xMDAwLTAwMDAwMDBGRjFDRX0wMDAwZDE4ZjRlNTcwOTc3ZGI5ZTM4MmYwZTliMWYwZDg3NzAwMDAwMDkwNA==</Binary>\n</EventData>\n</Event>\n"
  },
  {
    "EventID": 11707,
    "Timestamp": "2014-02-04 15:11:30+00:00",
    "Computer": "IACIS-HDD-2014",
    "Channel": "Application",
    "Level": "Information",
    "EventData": {
      "": "<string>Product: Windows Live MIME IFilter -- Installation completed successfully.</string>\n<string>(NULL)</string>\n<string>(NULL)</string>\n<string>(NULL)</string>\n<string>(NULL)</string>\n<string>(NULL)</string>\n<string></string>\n"
    },
    "RawXml": "<Event xmlns=\"http://schemas.microsoft.com/win/2004/08/events/event\"><System><Provider Name=\"MsiInstaller\"></Provider>\n<EventID Qualifiers=\"0\">11707</EventID>\n<Level>4</Level>\n<Task>0</Task>\n<Keywords>0x0080000000000000</Keywords>\n<TimeCreated SystemTime=\"2014-02-04 15:11:30+00:00\"></TimeCreated>\n<EventRecordID>749</EventRecordID>\n<Channel>Application</Channel>\n<Computer>IACIS-HDD-2014</Computer>\n<Security UserID=\"S-1-5-21-1171287513-3642516788-2358256967-1003\"></Security>\n</System>\n<EventData><Data>&lt;string&gt;Product: Windows Live MIME IFilter -- Installation completed successfully.&lt;/string&gt;\n&lt;string&gt;(NULL)&lt;/string&gt;\n&lt;string&gt;(NULL)&lt;/string&gt;\n&lt;string&gt;(NULL)&lt;/string&gt;\n&lt;string&gt;(NULL)&lt;/string&gt;\n&lt;string&gt;(NULL)&lt;/string&gt;\n&lt;string&gt;&lt;/string&gt;\n</Data>\n<Binary>ezVFRUM0NzdGLThFOUItNDQyMC04ODI5LTE2RTc0MjYyMjdEQn0=</Binary>\n</EventData>\n</Event>\n"
  },
  {
    "EventID": 1033,
    "Timestamp": "2014-02-04 15:11:30+00:00",
    "Computer": "IACIS-HDD-2014",
    "Channel": "Application",
    "Level": "Information",
    "EventData": {
      "": "<string>Windows Live MIME IFilter</string>\n<string>16.4.3508.0205</string>\n<string>0</string>\n<string>0</string>\n<string>Microsoft Corporation</string>\n<string>(NULL)</string>\n<string></string>\n"
    },
    "RawXml": "<Event xmlns=\"http://schemas.microsoft.com/win/2004/08/events/event\"><System><Provider Name=\"MsiInstaller\"></Provider>\n<EventID Qualifiers=\"0\">1033</EventID>\n<Level>4</Level>\n<Task>0</Task>\n<Keywords>0x0080000000000000</Keywords>\n<TimeCreated SystemTime=\"2014-02-04 15:11:30+00:00\"></TimeCreated>\n<EventRecordID>750</EventRecordID>\n<Channel>Application</Channel>\n<Computer>IACIS-HDD-2014</Computer>\n<Security UserID=\"S-1-5-21-1171287513-3642516788-2358256967-1003\"></Security>\n</System>\n<EventData><Data>&lt;string&gt;Windows Live MIME IFilter&lt;/string&gt;\n&lt;string&gt;16.4.3508.0205&lt;/string&gt;\n&lt;string&gt;0&lt;/string&gt;\n&lt;string&gt;0&lt;/string&gt;\n&lt;string&gt;Microsoft Corporation&lt;/string&gt;\n&lt;string&gt;(NULL)&lt;/string&gt;\n&lt;string&gt;&lt;/string&gt;\n</Data>\n<Binary>ezVFRUM0NzdGLThFOUItNDQyMC04ODI5LTE2RTc0MjYyMjdEQn0wMDAwMjg2MDNhYjllNzk1ZjQ3MjlmNjAyZDI5YjJlZTVjMmQwMDAwMDAwMA==</Binary>\n</EventData>\n</Event>\n"
  },
  {
    "EventID": 11707,
    "Timestamp": "2014-02-04 15:11:35+00:00",
    "Computer": "IACIS-HDD-2014",
    "Channel": "Application",
    "Level": "Information",
    "EventData": {
      "": "<string>Product: Windows Live SOXE Definitions -- Installation completed successfully.</string>\n<string>(NULL)</string>\n<string>(NULL)</string>\n<string>(NULL)</string>\n<string>(NULL)</string>\n<string>(NULL)</string>\n<string></string>\n"
    },
    "RawXml": "<Event xmlns=\"http://schemas.microsoft.com/win/2004/08/events/event\"><System><Provider Name=\"MsiInstaller\"></Provider>\n<EventID Qualifiers=\"0\">11707</EventID>\n<Level>4</Level>\n<Task>0</Task>\n<Keywords>0x0080000000000000</Keywords>\n<TimeCreated SystemTime=\"2014-02-04 15:11:35+00:00\"></TimeCreated>\n<EventRecordID>751</EventRecordID>\n<Channel>Application</Channel>\n<Computer>IACIS-HDD-2014</Computer>\n<Security UserID=\"S-1-5-21-1171287513-3642516788-2358256967-1003\"></Security>\n</System>\n<EventData><Data>&lt;string&gt;Product: Windows Live SOXE Definitions -- Installation completed successfully.&lt;/string&gt;\n&lt;string&gt;(NULL)&lt;/string&gt;\n&lt;string&gt;(NULL)&lt;/string&gt;\n&lt;string&gt;(NULL)&lt;/string&gt;\n&lt;string&gt;(NULL)&lt;/string&gt;\n&lt;string&gt;(NULL)&lt;/string&gt;\n&lt;string&gt;&lt;/string&gt;\n</Data>\n<Binary>ezBGRjlDQzk0LUVGMjMtNDAxRS1CREJELTM3NDAzRDFBMkIzOH0=</Binary>\n</EventData>\n</Event>\n"
  },
  {
    "EventID": 1033,
    "Timestamp": "2014-02-04 15:11:35+00:00",
    "Computer": "IACIS-HDD-2014",
    "Channel": "Application",
    "Level": "Information",
    "EventData": {
      "": "<string>Windows Live SOXE Definitions</string>\n<string>16.4.3508.0205</string>\n<string>0</string>\n<string>0</string>\n<string>Microsoft Corporation</string>\n<string>(NULL)</string>\n<string></string>\n"
    },
    "RawXml": "<Event xmlns=\"http://schemas.microsoft.com/win/2004/08/events/event\"><System><Provider Name=\"MsiInstaller\"></Provider>\n<EventID Qualifiers=\"0\">1033</EventID>\n<Level>4</Level>\n<Task>0</Task>\n<Keywords>0x0080000000000000</Keywords>\n<TimeCreated SystemTime=\"2014-02-04 15:11:35+00:00\"></TimeCreated>\n<EventRecordID>752</EventRecordID>\n<Channel>Application</Channel>\n<Computer>IACIS-HDD-2014</Computer>\n<Security UserID=\"S-1-5-21-1171287513-3642516788-2358256967-1003\"></Security>\n</System>\n<EventData><Data>&lt;string&gt;Windows Live SOXE Definitions&lt;/string&gt;\n&lt;string&gt;16.4.3508.0205&lt;/string&gt;\n&lt;string&gt;0&lt;/string&gt;\n&lt;string&gt;0&lt;/string&gt;\n&lt;string&gt;Microsoft Corporation&lt;/string&gt;\n&lt;string&gt;(NULL)&lt;/string&gt;\n&lt;string&gt;&lt;/string&gt;\n</Data>\n<Binary>ezBGRjlDQzk0LUVGMjMtNDAxRS1CREJELTM3NDAzRDFBMkIzOH0wMDAwM2RkODVlZThkZjZlMGFmMjc1NzIyMTAwYWNiMmQ3MDcwMDAwMDAwMA==</Binary>\n</EventData>\n</Event>\n"
  },
  {
    "EventID": 11707,
    "Timestamp": "2014-02-04 15:11:45+00:00",
    "Computer": "IACIS-HDD-2014",
    "Channel": "Application",
    "Level": "Information",
    "EventData": {
      "": "<string>Product: Windows Live SOXE -- Installation completed successfully.</string>\n<string>(NULL)</string>\n<string>(NULL)</string>\n<string>(NULL)</string>\n<string>(NULL)</string>\n<string>(NULL)</string>\n<string></string>\n"
    },
    "RawXml": "<Event xmlns=\"http://schemas.microsoft.com/win/2004/08/events/event\"><System><Provider Name=\"MsiInstaller\"></Provider>\n<EventID Qualifiers=\"0\">11707</EventID>\n<Level>4</Level>\n<Task>0</Task>\n<Keywords>0x0080000000000000</Keywords>\n<TimeCreated SystemTime=\"2014-02-04 15:11:45+00:00\"></TimeCreated>\n<EventRecordID>753</EventRecordID>\n<Channel>Application</Channel>\n<Computer>IACIS-HDD-2014</Computer>\n<Security UserID=\"S-1-5-21-1171287513-3642516788-2358256967-1003\"></Security>\n</System>\n<EventData><Data>&lt;string&gt;Product: Windows Live SOXE -- Installation completed successfully.&lt;/string&gt;\n&lt;string&gt;(NULL)&lt;/string&gt;\n&lt;string&gt;(NULL)&lt;/string&gt;\n&lt;string&gt;(NULL)&lt;/string&gt;\n&lt;string&gt;(NULL)&lt;/string&gt;\n&lt;string&gt;(NULL)&lt;/string&gt;\n&lt;string&gt;&lt;/string&gt;\n</Data>\n<Binary>ezZCNjkyM0I5LTg3MTktNDI1Qi05MTZDLUNEMjkwOEYzMUFBRn0=</Binary>\n</EventData>\n</Event>\n"
  },
  {
    "EventID": 1033,
    "Timestamp": "2014-02-04 15:11:45+00:00",
    "Computer": "IACIS-HDD-2014",
    "Channel": "Application",
    "Level": "Information",
    "EventData": {
      "": "<string>Windows Live SOXE</string>\n<string>16.4.3508.0205</string>\n<string>0</string>\n<string>0</string>\n<string>Microsoft Corporation</string>\n<string>(NULL)</string>\n<string></string>\n"
    },
    "RawXml": "<Event xmlns=\"http://schemas.microsoft.com/win/2004/08/events/event\"><System><Provider Name=\"MsiInstaller\"></Provider>\n<EventID Qualifiers=\"0\">1033</EventID>\n<Level>4</Level>\n<Task>0</Task>\n<Keywords>0x0080000000000000</Keywords>\n<TimeCreated SystemTime=\"2014-02-04 15:11:45+00:00\"></TimeCreated>\n<EventRecordID>754</EventRecordID>\n<Channel>Application</Channel>\n<Computer>IACIS-HDD-2014</Computer>\n<Security UserID=\"S-1-5-21-1171287513-3642516788-2358256967-1003\"></Security>\n</System>\n<EventData><Data>&lt;string&gt;Windows Live SOXE&lt;/string&gt;\n&lt;string&gt;16.4.3508.0205&lt;/string&gt;\n&lt;string&gt;0&lt;/string&gt;\n&lt;string&gt;0&lt;/string&gt;\n&lt;string&gt;Microsoft Corporation&lt;/string&gt;\n&lt;string&gt;(NULL)&lt;/string&gt;\n&lt;string&gt;&lt;/string&gt;\n</Data>\n<Binary>ezZCNjkyM0I5LTg3MTktNDI1Qi05MTZDLUNEMjkwOEYzMUFBRn0wMDAwYzk3N2ZlNjg0NTM1OTk3ZWJiZTc2NTRiYWNkZmRjNDkwMDAwMDAwMA==</Binary>\n</EventData>\n</Event>\n"
  },
