  {
    "EventID": 1,
    "Timestamp": "2014-01-25 04:21:55+00:00",
    "Computer": "37L4247F27-25",
    "Channel": "Application",
    "Level": "Information",
    "EventData": {
      "": ""
    },
    "RawXml": "<Event xmlns=\"http://schemas.microsoft.com/win/2004/08/events/event\"><System><Provider Name=\"SecurityCenter\"></Provider>\n<EventID Qualifiers=\"0\">1</EventID>\n<Level>4</Level>\n<Task>0</Task>\n<Keywords>0x0080000000000000</Keywords>\n<TimeCreated SystemTime=\"2014-01-25 04:21:55+00:00\"></TimeCreated>\n<EventRecordID>110</EventRecordID>\n<Channel>Application</Channel>\n<Computer>37L4247F27-25</Computer>\n<Security UserID=\"\"></Security>\n</System>\n<EventData><Data></Data>\n<Binary></Binary>\n</EventData>\n</Event>\n"
  },
  {
    "EventID": 8195,
    "Timestamp": "2014-01-25 04:22:02+00:00",
    "Computer": "37L4247F27-25",
    "Channel": "Application",
    "Level": "Information",
    "EventData": {
      "": "<string>C:\\Windows\\system32\\oobe\\setup.exe</string>\n<string></string>\n"
    },
    "RawXml": "<Event xmlns=\"http://schemas.microsoft.com/win/2004/08/events/event\"><System><Provider Name=\"System Restore\"></Provider>\n<EventID Qualifiers=\"0\">8195</EventID>\n<Level>4</Level>\n<Task>0</Task>\n<Keywords>0x0080000000000000</Keywords>\n<TimeCreated SystemTime=\"2014-01-25 04:22:02+00:00\"></TimeCreated>\n<EventRecordID>111</EventRecordID>\n<Channel>Application</Channel>\n<Computer>37L4247F27-25</Computer>\n<Security UserID=\"\"></Security>\n</System>\n<EventData><Data>&lt;string&gt;C:\\Windows\\system32\\oobe\\setup.exe&lt;/string&gt;\n&lt;string&gt;&lt;/string&gt;\n</Data>\n<Binary>AAAAAIkAAACDAAAAAAAAAEOGJSMHAAAAAAAAAAAAAAAAAAAA</Binary>\n</EventData>\n</Event>\n"
  },
  {
    "EventID": 8212,
    "Timestamp": "2014-01-25 04:22:02+00:00",
    "Computer": "37L4247F27-25",
    "Channel": "Application",
    "Level": "Information",
    "EventData": {
      "": "<string>Registry Writer</string>\n<string>{afbab4a2-367d-4d15-a586-71dbb18f8485}</string>\n<string>\n\nOperation:\n   Initializing Writer\n\nContext:\n   Writer Class Id: {afbab4a2-367d-4d15-a586-71dbb18f8485}\n   Writer Name: Registry Writer</string>\n"
    },
    "RawXml": "<Event xmlns=\"http://schemas.microsoft.com/win/2004/08/events/event\"><System><Provider Name=\"VSS\"></Provider>\n<EventID Qualifiers=\"0\">8212</EventID>\n<Level>4</Level>\n<Task>0</Task>\n<Keywords>0x0080000000000000</Keywords>\n<TimeCreated SystemTime=\"2014-01-25 04:22:02+00:00\"></TimeCreated>\n<EventRecordID>112</EventRecordID>\n<Channel>Application</Channel>\n<Computer>37L4247F27-25</Computer>\n<Security UserID=\"\"></Security>\n</System>\n<EventData><Data>&lt;string&gt;Registry Writer&lt;/string&gt;\n&lt;string&gt;{afbab4a2-367d-4d15-a586-71dbb18f8485}&lt;/string&gt;\n&lt;string&gt;\n\nOperation:\n   Initializing Writer\n\nContext:\n   Writer Class Id: {afbab4a2-367d-4d15-a586-71dbb18f8485}\n   Writer Name: Registry Writer&lt;/string&gt;\n</Data>\n<Binary>LSBDb2RlOiBXUlRXUlRJQzAwMDAwODMyLSBDYWxsOiBXUlRXUlRJQzAwMDAwNzgzLSBQSUQ6ICAwMDAwMTgwMC0gVElEOiAgMDAwMDEyMTItIENNRDogIEM6XFdpbmRvd3Ncc3lzdGVtMzJcdnNzdmMuZXhlICAgLSBVc2VyOiBOYW1lOiBOVCBBVVRIT1JJVFlcU1lTVEVNLCBTSUQ6Uy0xLTUtMTgg</Binary>\n</EventData>\n</Event>\n"
  },
  {
    "EventID": 8212,
    "Timestamp": "2014-01-25 04:22:02+00:00",
    "Computer": "37L4247F27-25",
    "Channel": "Application",
    "Level": "Information",
    "EventData": {
      "": "<string>COM+ REGDB Writer</string>\n<string>{542da469-d3e1-473c-9f4f-7847f01fc64f}</string>\n<string>\n\nOperation:\n   Initializing Writer\n\nContext:\n   Writer Class Id: {542da469-d3e1-473c-9f4f-7847f01fc64f}\n   Writer Name: COM+ REGDB Writer</string>\n"
    },
    "RawXml": "<Event xmlns=\"http://schemas.microsoft.com/win/2004/08/events/event\"><System><Provider Name=\"VSS\"></Provider>\n<EventID Qualifiers=\"0\">8212</EventID>\n<Level>4</Level>\n<Task>0</Task>\n<Keywords>0x0080000000000000</Keywords>\n<TimeCreated SystemTime=\"2014-01-25 04:22:02+00:00\"></TimeCreated>\n<EventRecordID>113</EventRecordID>\n<Channel>Application</Channel>\n<Computer>37L4247F27-25</Computer>\n<Security UserID=\"\"></Security>\n</System>\n<EventData><Data>&lt;string&gt;COM+ REGDB Writer&lt;/string&gt;\n&lt;string&gt;{542da469-d3e1-473c-9f4f-7847f01fc64f}&lt;/string&gt;\n&lt;string&gt;\n\nOperation:\n   Initializing Writer\n\nContext:\n   Writer Class Id: {542da469-d3e1-473c-9f4f-7847f01fc64f}\n   Writer Name: COM+ REGDB Writer&lt;/string&gt;\n</Data>\n<Binary>LSBDb2RlOiBXUlRXUlRJQzAwMDAwODMyLSBDYWxsOiBXUlRXUlRJQzAwMDAwNzgzLSBQSUQ6ICAwMDAwMTgwMC0gVElEOiAgMDAwMDExNzYtIENNRDogIEM6XFdpbmRvd3Ncc3lzdGVtMzJcdnNzdmMuZXhlICAgLSBVc2VyOiBOYW1lOiBOVCBBVVRIT1JJVFlcU1lTVEVNLCBTSUQ6Uy0xLTUtMTgg</Binary>\n</EventData>\n</Event>\n"
  },
  {
    "EventID": 8212,
    "Timestamp": "2014-01-25 04:22:02+00:00",
    "Computer": "37L4247F27-25",
    "Channel": "Application",
    "Level": "Information",
    "EventData": {
      "": "<string>ASR Writer</string>\n<string>{be000cbe-11fe-4426-9c58-531aa6355fc4}</string>\n<string>\n\nOperation:\n   Initializing Writer\n\nContext:\n   Writer Class Id: {be000cbe-11fe-4426-9c58-531aa6355fc4}\n   Writer Name: ASR Writer</string>\n"
    },
    "RawXml": "<Event xmlns=\"http://schemas.microsoft.com/win/2004/08/events/event\"><System><Provider Name=\"VSS\"></Provider>\n<EventID Qualifiers=\"0\">8212</EventID>\n<Level>4</Level>\n<Task>0</Task>\n<Keywords>0x0080000000000000</Keywords>\n<TimeCreated SystemTime=\"2014-01-25 04:22:02+00:00\"></TimeCreated>\n<EventRecordID>114</EventRecordID>\n<Channel>Application</Channel>\n<Computer>37L4247F27-25</Computer>\n<Security UserID=\"\"></Security>\n</System>\n<EventData><Data>&lt;string&gt;ASR Writer&lt;/string&gt;\n&lt;string&gt;{be000cbe-11fe-4426-9c58-531aa6355fc4}&lt;/string&gt;\n&lt;string&gt;\n\nOperation:\n   Initializing Writer\n\nContext:\n   Writer Class Id: {be000cbe-11fe-4426-9c58-531aa6355fc4}\n   Writer Name: ASR Writer&lt;/string&gt;\n</Data>\n<Binary>LSBDb2RlOiBXUlRXUlRJQzAwMDAwODMyLSBDYWxsOiBXUlRXUlRJQzAwMDAwNzgzLSBQSUQ6ICAwMDAwMTgwMC0gVElEOiAgMDAwMDE3NTYtIENNRDogIEM6XFdpbmRvd3Ncc3lzdGVtMzJcdnNzdmMuZXhlICAgLSBVc2VyOiBOYW1lOiBOVCBBVVRIT1JJVFlcU1lTVEVNLCBTSUQ6Uy0xLTUtMTgg</Binary>\n</EventData>\n</Event>\n"
  },
  {
    "EventID": 8212,
    "Timestamp": "2014-01-25 04:22:02+00:00",
    "Computer": "37L4247F27-25",
    "Channel": "Application",
    "Level": "Information",
    "EventData": {
      "": "<string>Shadow Copy Optimization Writer</string>\n<string>{4dc3bdd4-ab48-4d07-adb0-3bee2926fd7f}</string>\n<string>\n\nOperation:\n   Initializing Writer\n\nContext:\n   Writer Class Id: {4dc3bdd4-ab48-4d07-adb0-3bee2926fd7f}\n   Writer Name: Shadow Copy Optimization Writer</string>\n"
    },
    "RawXml": "<Event xmlns=\"http://schemas.microsoft.com/win/2004/08/events/event\"><System><Provider Name=\"VSS\"></Provider>\n<EventID Qualifiers=\"0\">8212</EventID>\n<Level>4</Level>\n<Task>0</Task>\n<Keywords>0x0080000000000000</Keywords>\n<TimeCreated SystemTime=\"2014-01-25 04:22:02+00:00\"></TimeCreated>\n<EventRecordID>115</EventRecordID>\n<Channel>Application</Channel>\n<Computer>37L4247F27-25</Computer>\n<Security UserID=\"\"></Security>\n</System>\n<EventData><Data>&lt;string&gt;Shadow Copy Optimization Writer&lt;/string&gt;\n&lt;string&gt;{4dc3bdd4-ab48-4d07-adb0-3bee2926fd7f}&lt;/string&gt;\n&lt;string&gt;\n\nOperation:\n   Initializing Writer\n\nContext:\n   Writer Class Id: {4dc3bdd4-ab48-4d07-adb0-3bee2926fd7f}\n   Writer Name: Shadow Copy Optimization Writer&lt;/string&gt;\n</Data>\n<Binary>LSBDb2RlOiBXUlRXUlRJQzAwMDAwODMyLSBDYWxsOiBXUlRXUlRJQzAwMDAwNzgzLSBQSUQ6ICAwMDAwMTgwMC0gVElEOiAgMDAwMDExNzYtIENNRDogIEM6XFdpbmRvd3Ncc3lzdGVtMzJcdnNzdmMuZXhlICAgLSBVc2VyOiBOYW1lOiBOVCBBVVRIT1JJVFlcU1lTVEVNLCBTSUQ6Uy0xLTUtMTgg</Binary>\n</EventData>\n</Event>\n"
  },
  {
    "EventID": 8196,
    "Timestamp": "2014-01-25 04:22:03+00:00",
    "Computer": "37L4247F27-25",
    "Channel": "Application",
    "Level": "Information",
    "EventData": {
      "": "<string>C:\\Windows\\system32\\oobe\\setup.exe</string>\n<string></string>\n"
    },
    "RawXml": "<Event xmlns=\"http://schemas.microsoft.com/win/2004/08/events/event\"><System><Provider Name=\"System Restore\"></Provider>\n<EventID Qualifiers=\"0\">8196</EventID>\n<Level>4</Level>\n<Task>0</Task>\n<Keywords>0x0080000000000000</Keywords>\n<TimeCreated SystemTime=\"2014-01-25 04:22:03+00:00\"></TimeCreated>\n<EventRecordID>116</EventRecordID>\n<Channel>Application</Channel>\n<Computer>37L4247F27-25</Computer>\n<Security UserID=\"\"></Security>\n</System>\n<EventData><Data>&lt;string&gt;C:\\Windows\\system32\\oobe\\setup.exe&lt;/string&gt;\n&lt;string&gt;&lt;/string&gt;\n</Data>\n<Binary>AAAAAKcAAAChAAAAAAAAAC0sGS8HAAAAAAAAAAAAAAAAAAAA</Binary>\n</EventData>\n</Event>\n"
  },
  {
    "EventID": 1532,
    "Timestamp": "2014-01-25 04:22:11.142376+00:00",
    "Computer": "IACIS-HDD-2014",
    "Channel": "Application",
    "Level": "Information",
    "EventData": {},
    "RawXml": "<Event xmlns=\"http://schemas.microsoft.com/win/2004/08/events/event\"><System><Provider Name=\"Microsoft-Windows-User Profiles Service\" Guid=\"{89b1e9f0-5aff-44a6-9b44-0a07a7ce5845}\"></Provider>\n<EventID Qualifiers=\"\">1532</EventID>\n<Version>0</Version>\n<Level>4</Level>\n<Task>0</Task>\n<Opcode>0</Opcode>\n<Keywords>0x8000000000000000</Keywords>\n<TimeCreated SystemTime=\"2014-01-25 04:22:11.142376+00:00\"></TimeCreated>\n<EventRecordID>117</EventRecordID>\n<Correlation ActivityID=\"\" RelatedActivityID=\"\"></Correlation>\n<Execution ProcessID=\"868\" ThreadID=\"944\"></Execution>\n<Channel>Application</Channel>\n<Computer>IACIS-HDD-2014</Computer>\n<Security UserID=\"S-1-5-18\"></Security>\n</System>\n<EventData></EventData>\n</Event>\n"
  },
  {
    "EventID": 4625,
    "Timestamp": "2014-01-25 04:24:37+00:00",
    "Computer": "IACIS-HDD-2014",
    "Channel": "Application",
    "Level": "Information",
    "EventData": {
      "param1": "86400",
      "param2": "SuppressDuplicateDuration",
      "param3": "Software\\Microsoft\\EventSystem\\EventLog"
    },
    "RawXml": "<Event xmlns=\"http://schemas.microsoft.com/win/2004/08/events/event\"><System><Provider Name=\"Microsoft-Windows-EventSystem\" Guid=\"{899daace-4868-4295-afcd-9eb8fb497561}\" EventSourceName=\"EventSystem\"></Provider>\n<EventID Qualifiers=\"16384\">4625</EventID>\n<Version>0</Version>\n<Level>4</Level>\n<Task>0</Task>\n<Opcode>0</Opcode>\n<Keywords>0x0080000000000000</Keywords>\n<TimeCreated SystemTime=\"2014-01-25 04:24:37+00:00\"></TimeCreated>\n<EventRecordID>118</EventRecordID>\n<Correlation ActivityID=\"\" RelatedActivityID=\"\"></Correlation>\n<Execution ProcessID=\"0\" ThreadID=\"0\"></Execution>\n<Channel>Application</Channel>\n<Computer>IACIS-HDD-2014</Computer>\n<Security UserID=\"\"></Security>\n</System>\n<EventData><Data Name=\"param1\">86400</Data>\n<Data Name=\"param2\">SuppressDuplicateDuration</Data>\n<Data Name=\"param3\">Software\\Microsoft\\EventSystem\\EventLog</Data>\n</EventData>\n</Event>\n"
  },
  {
    "EventID": 1531,
    "Timestamp": "2014-01-25 04:24:37.280588+00:00",
    "Computer": "IACIS-HDD-2014",
    "Channel": "Application",
    "Level": "Information",
    "EventData": {},
    "RawXml": "<Event xmlns=\"http://schemas.microsoft.com/win/2004/08/events/event\"><System><Provider Name=\"Microsoft-Windows-User Profiles Service\" Guid=\"{89b1e9f0-5aff-44a6-9b44-0a07a7ce5845}\"></Provider>\n<EventID Qualifiers=\"\">1531</EventID>\n<Version>0</Version>\n<Level>4</Level>\n<Task>0</Task>\n<Opcode>0</Opcode>\n<Keywords>0x8000000000000000</Keywords>\n<TimeCreated SystemTime=\"2014-01-25 04:24:37.280588+00:00\"></TimeCreated>\n<EventRecordID>119</EventRecordID>\n<Correlation ActivityID=\"\" RelatedActivityID=\"\"></Correlation>\n<Execution ProcessID=\"888\" ThreadID=\"1064\"></Execution>\n<Channel>Application</Channel>\n<Computer>IACIS-HDD-2014</Computer>\n<Security UserID=\"S-1-5-18\"></Security>\n</System>\n<EventData></EventData>\n</Event>\n"
  },
  {
    "EventID": 5615,
    "Timestamp": "2014-01-25 04:24:44+00:00",
    "Computer": "IACIS-HDD-2014",
    "Channel": "Application",
    "Level": "LogAlways",
    "EventData": {
      "": ""
    },
    "RawXml": "<Event xmlns=\"http://schemas.microsoft.com/win/2004/08/events/event\"><System><Provider Name=\"Microsoft-Windows-WMI\" Guid=\"{1edeee53-0afe-4609-b846-d8c0b2075b1f}\" EventSourceName=\"WinMgmt\"></Provider>\n<EventID Qualifiers=\"49152\">5615</EventID>\n<Version>0</Version>\n<Level>0</Level>\n<Task>0</Task>\n<Opcode>0</Opcode>\n<Keywords>0x0080000000000000</Keywords>\n<TimeCreated SystemTime=\"2014-01-25 04:24:44+00:00\"></TimeCreated>\n<EventRecordID>120</EventRecordID>\n<Correlation ActivityID=\"\" RelatedActivityID=\"\"></Correlation>\n<Execution ProcessID=\"0\" ThreadID=\"0\"></Execution>\n<Channel>Application</Channel>\n<Computer>IACIS-HDD-2014</Computer>\n<Security UserID=\"\"></Security>\n</System>\n<EventData><Data></Data>\n<Binary></Binary>\n</EventData>\n</Event>\n"
  },
  {
    "EventID": 5617,
    "Timestamp": "2014-01-25 04:24:49+00:00",
    "Computer": "IACIS-HDD-2014",
    "Channel": "Application",
    "Level": "LogAlways",
    "EventData": {
      "": ""
    },
    "RawXml": "<Event xmlns=\"http://schemas.microsoft.com/win/2004/08/events/event\"><System><Provider Name=\"Microsoft-Windows-WMI\" Guid=\"{1edeee53-0afe-4609-b846-d8c0b2075b1f}\" EventSourceName=\"WinMgmt\"></Provider>\n<EventID Qualifiers=\"49152\">5617</EventID>\n<Version>0</Version>\n<Level>0</Level>\n<Task>0</Task>\n<Opcode>0</Opcode>\n<Keywords>0x0080000000000000</Keywords>\n<TimeCreated SystemTime=\"2014-01-25 04:24:49+00:00\"></TimeCreated>\n<EventRecordID>121</EventRecordID>\n<Correlation ActivityID=\"\" RelatedActivityID=\"\"></Correlation>\n<Execution ProcessID=\"0\" ThreadID=\"0\"></Execution>\n<Channel>Application</Channel>\n<Computer>IACIS-HDD-2014</Computer>\n<Security UserID=\"\"></Security>\n</System>\n<EventData><Data></Data>\n<Binary></Binary>\n</EventData>\n</Event>\n"
  },
  {
    "EventID": 10,
    "Timestamp": "2014-01-25 04:24:50+00:00",
    "Computer": "IACIS-HDD-2014",
    "Channel": "Application",
    "Level": "Error",
    "EventData": {
      "": "<string>//./root/CIMV2</string>\n<string>SELECT * FROM __InstanceModificationEvent WITHIN 60 WHERE TargetInstance ISA \"Win32_Processor\" AND TargetInstance.LoadPercentage > 99</string>\n<string>0x80041003</string>\n"
    },
    "RawXml": "<Event xmlns=\"http://schemas.microsoft.com/win/2004/08/events/event\"><System><Provider Name=\"Microsoft-Windows-WMI\" Guid=\"{1edeee53-0afe-4609-b846-d8c0b2075b1f}\" EventSourceName=\"WinMgmt\"></Provider>\n<EventID Qualifiers=\"49152\">10</EventID>\n<Version>0</Version>\n<Level>2</Level>\n<Task>0</Task>\n<Opcode>0</Opcode>\n<Keywords>0x0080000000000000</Keywords>\n<TimeCreated SystemTime=\"2014-01-25 04:24:50+00:00\"></TimeCreated>\n<EventRecordID>122</EventRecordID>\n<Correlation ActivityID=\"\" RelatedActivityID=\"\"></Correlation>\n<Execution ProcessID=\"0\" ThreadID=\"0\"></Execution>\n<Channel>Application</Channel>\n<Computer>IACIS-HDD-2014</Computer>\n<Security UserID=\"\"></Security>\n</System>\n<EventData><Data>&lt;string&gt;//./root/CIMV2&lt;/string&gt;\n&lt;string&gt;SELECT * FROM __InstanceModificationEvent WITHIN 60 WHERE TargetInstance ISA \"Win32_Processor\" AND TargetInstance.LoadPercentage &gt; 99&lt;/string&gt;\n&lt;string&gt;0x80041003&lt;/string&gt;\n</Data>\n<Binary></Binary>\n</EventData>\n</Event>\n"
  },
  {
    "EventID": 1003,
    "Timestamp": "2014-01-25 04:25:51+00:00",
    "Computer": "IACIS-HDD-2014",
    "Channel": "Application",
    "Level": "Information",
    "EventData": {
      "": "<string>55c92734-d682-4d71-983e-d6ec3f16059f</string>\n<string>\n1: 022a1afb-b893-4190-92c3-8f69a49839fb, 1, 0 [(0 [0xC004F014, 0, 0], [(?)(?)(?)(?)(?)(?)])(1 )(2 )]\n2: 436cef53-8387-4692-bb4a-9492cd82260e, 1, 0 [(0 [0xC004F014, 0, 0], [(?)(?)(?)(?)(?)(?)])(1 )(2 )]\n3: 57a232fe-0931-48fe-9389-e4586967c661, 1, 0 [(0 [0xC004F014, 0, 0], [(?)(?)(?)(?)(?)(?)])(1 )(2 )]\n4: 7cfd4696-69a9-4af7-af36-ff3d12b6b6c8, 1, 0 [(0 [0xC004F014, 0, 0], [(?)(?)(?)(?)(?)(?)])(1 )(2 )]\n5: 8ec16e01-e86f-415f-b333-1819f4145294, 1, 0 [(0 [0xC004F014, 0, 0], [(?)(?)(?)(?)(?)(?)])(1 )(2 )]\n6: a0cde89c-3304-4157-b61c-c8ad785d1fad, 1, 0 [(0 [0xC004F014, 0, 0], [(?)(?)(?)(?)(?)(?)])(1 )(2 )]\n7: ac96e1a8-6cc4-4310-a4ff-332ce77fb5b8, 1, 1 [(0 )(1 )(2 [0x00000000, 0, 1], [(?)( 5 0x00000000 30 43200)( 1 0x00000000 0 0 msft:rm/algorithm/flags/1.0 0x00000000 0)(?)(?)(?)])]\n8: b2c4b9f6-3ee6-4a2a-a361-64ad3b61ded5, 1, 0 [(0 [0xC004F014, 0, 0], [(?)(?)(?)(?)(?)(?)])(1 )(2 )]\n9: bba42084-cacd-4ad4-b606-9f3d6c93b2c5, 1, 0 [(0 [0xC004F014, 0, 0], [(?)(?)(?)(?)(?)(?)])(1 )(2 )]\n10: c619d61c-c2f2-40c3-ab3f-c5924314b0f3, 1, 0 [(0 [0xC004F014, 0, 0], [(?)(?)(?)(?)(?)(?)])(1 )(2 )]\n11: cfb3e52c-d707-4861-af51-11b27ee6169c, 1, 0 [(0 [0xC004F014, 0, 0], [(?)(?)(?)(?)(?)(?)])(1 )(2 )]\n12: 4a8149bb-7d61-49f4-8822-82c7bf88d64b, 1, 0 [(0 [0xC004F014, 0, 0], [(?)(?)(?)(?)(?)(?)])(1 )(2 )]\n13: afd5f68f-b70f-4000-a21d-28dbc8be8b07, 1, 0 [(0 [0xC004F014, 0, 0], [(?)(?)(?)(?)(?)(?)])(1 )(2 )]\n\n</string>\n"
    },
    "RawXml": "<Event xmlns=\"http://schemas.microsoft.com/win/2004/08/events/event\"><System><Provider Name=\"Microsoft-Windows-Security-SPP\" Guid=\"{E23B33B0-C8C9-472C-A5F9-F2BDFEA0F156}\" EventSourceName=\"Software Protection Platform Service\"></Provider>\n<EventID Qualifiers=\"16384\">1003</EventID>\n<Version>0</Version>\n<Level>4</Level>\n<Task>0</Task>\n<Opcode>0</Opcode>\n<Keywords>0x0080000000000000</Keywords>\n<TimeCreated SystemTime=\"2014-01-25 04:25:51+00:00\"></TimeCreated>\n<EventRecordID>123</EventRecordID>\n<Correlation ActivityID=\"\" RelatedActivityID=\"\"></Correlation>\n<Execution ProcessID=\"0\" ThreadID=\"0\"></Execution>\n<Channel>Application</Channel>\n<Computer>IACIS-HDD-2014</Computer>\n<Security UserID=\"\"></Security>\n</System>\n<EventData><Data>&lt;string&gt;55c92734-d682-4d71-983e-d6ec3f16059f&lt;/string&gt;\n&lt;string&gt;\n1: 022a1afb-b893-4190-92c3-8f69a49839fb, 1, 0 [(0 [0xC004F014, 0, 0], [(?)(?)(?)(?)(?)(?)])(1 )(2 )]\n2: 436cef53-8387-4692-bb4a-9492cd82260e, 1, 0 [(0 [0xC004F014, 0, 0], [(?)(?)(?)(?)(?)(?)])(1 )(2 )]\n3: 57a232fe-0931-48fe-9389-e4586967c661, 1, 0 [(0 [0xC004F014, 0, 0], [(?)(?)(?)(?)(?)(?)])(1 )(2 )]\n4: 7cfd4696-69a9-4af7-af36-ff3d12b6b6c8, 1, 0 [(0 [0xC004F014, 0, 0], [(?)(?)(?)(?)(?)(?)])(1 )(2 )]\n5: 8ec16e01-e86f-415f-b333-1819f4145294, 1, 0 [(0 [0xC004F014, 0, 0], [(?)(?)(?)(?)(?)(?)])(1 )(2 )]\n6: a0cde89c-3304-4157-b61c-c8ad785d1fad, 1, 0 [(0 [0xC004F014, 0, 0], [(?)(?)(?)(?)(?)(?)])(1 )(2 )]\n7: ac96e1a8-6cc4-4310-a4ff-332ce77fb5b8, 1, 1 [(0 )(1 )(2 [0x00000000, 0, 1], [(?)( 5 0x00000000 30 43200)( 1 0x00000000 0 0 msft:rm/algorithm/flags/1.0 0x00000000 0)(?)(?)(?)])]\n8: b2c4b9f6-3ee6-4a2a-a361-64ad3b61ded5, 1, 0 [(0 [0xC004F014, 0, 0], [(?)(?)(?)(?)(?)(?)])(1 )(2 )]\n9: bba42084-cacd-4ad4-b606-9f3d6c93b2c5, 1, 0 [(0 [0xC004F014, 0, 0], [(?)(?)(?)(?)(?)(?)])(1 )(2 )]\n10: c619d61c-c2f2-40c3-ab3f-c5924314b0f3, 1, 0 [(0 [0xC004F014, 0, 0], [(?)(?)(?)(?)(?)(?)])(1 )(2 )]\n11: cfb3e52c-d707-4861-af51-11b27ee6169c, 1, 0 [(0 [0xC004F014, 0, 0], [(?)(?)(?)(?)(?)(?)])(1 )(2 )]\n12: 4a8149bb-7d61-49f4-8822-82c7bf88d64b, 1, 0 [(0 [0xC004F014, 0, 0], [(?)(?)(?)(?)(?)(?)])(1 )(2 )]\n13: afd5f68f-b70f-4000-a21d-28dbc8be8b07, 1, 0 [(0 [0xC004F014, 0, 0], [(?)(?)(?)(?)(?)(?)])(1 )(2 )]\n\n&lt;/string&gt;\n</Data>\n<Binary></Binary>\n</EventData>\n</Event>\n"
  },
  {
    "EventID": 1003,
    "Timestamp": "2014-01-25 04:25:51+00:00",
    "Computer": "IACIS-HDD-2014",
    "Channel": "Application",
    "Level": "Information",
    "EventData": {
      "": "<string>55c92734-d682-4d71-983e-d6ec3f16059f</string>\n<string>\n1: 022a1afb-b893-4190-92c3-8f69a49839fb, 1, 0 [(0 [0xC004F014, 0, 0], [(?)(?)(?)(?)(?)(?)])(1 )(2 )]\n2: 436cef53-8387-4692-bb4a-9492cd82260e, 1, 0 [(0 [0xC004F014, 0, 0], [(?)(?)(?)(?)(?)(?)])(1 )(2 )]\n3: 57a232fe-0931-48fe-9389-e4586967c661, 1, 0 [(0 [0xC004F014, 0, 0], [(?)(?)(?)(?)(?)(?)])(1 )(2 )]\n4: 7cfd4696-69a9-4af7-af36-ff3d12b6b6c8, 1, 0 [(0 [0xC004F014, 0, 0], [(?)(?)(?)(?)(?)(?)])(1 )(2 )]\n5: 8ec16e01-e86f-415f-b333-1819f4145294, 1, 0 [(0 [0xC004F014, 0, 0], [(?)(?)(?)(?)(?)(?)])(1 )(2 )]\n6: a0cde89c-3304-4157-b61c-c8ad785d1fad, 1, 0 [(0 [0xC004F014, 0, 0], [(?)(?)(?)(?)(?)(?)])(1 )(2 )]\n7: ac96e1a8-6cc4-4310-a4ff-332ce77fb5b8, 1, 1 [(0 )(1 )(2 [0x00000000, 0, 1], [(?)( 5 0x00000000 30 43200)( 1 0x00000000 0 0 msft:rm/algorithm/flags/1.0 0x00000000 0)(?)(?)(?)])]\n8: b2c4b9f6-3ee6-4a2a-a361-64ad3b61ded5, 1, 0 [(0 [0xC004F014, 0, 0], [(?)(?)(?)(?)(?)(?)])(1 )(2 )]\n9: bba42084-cacd-4ad4-b606-9f3d6c93b2c5, 1, 0 [(0 [0xC004F014, 0, 0], [(?)(?)(?)(?)(?)(?)])(1 )(2 )]\n10: c619d61c-c2f2-40c3-ab3f-c5924314b0f3, 1, 0 [(0 [0xC004F014, 0, 0], [(?)(?)(?)(?)(?)(?)])(1 )(2 )]\n11: cfb3e52c-d707-4861-af51-11b27ee6169c, 1, 0 [(0 [0xC004F014, 0, 0], [(?)(?)(?)(?)(?)(?)])(1 )(2 )]\n12: 4a8149bb-7d61-49f4-8822-82c7bf88d64b, 1, 0 [(0 [0xC004F014, 0, 0], [(?)(?)(?)(?)(?)(?)])(1 )(2 )]\n13: afd5f68f-b70f-4000-a21d-28dbc8be8b07, 1, 0 [(0 [0xC004F014, 0, 0], [(?)(?)(?)(?)(?)(?)])(1 )(2 )]\n\n</string>\n"
    },
    "RawXml": "<Event xmlns=\"http://schemas.microsoft.com/win/2004/08/events/event\"><System><Provider Name=\"Microsoft-Windows-Security-SPP\" Guid=\"{E23B33B0-C8C9-472C-A5F9-F2BDFEA0F156}\" EventSourceName=\"Software Protection Platform Service\"></Provider>\n<EventID Qualifiers=\"16384\">1003</EventID>\n<Version>0</Version>\n<Level>4</Level>\n<Task>0</Task>\n<Opcode>0</Opcode>\n<Keywords>0x0080000000000000</Keywords>\n<TimeCreated SystemTime=\"2014-01-25 04:25:51+00:00\"></TimeCreated>\n<EventRecordID>124</EventRecordID>\n<Correlation ActivityID=\"\" RelatedActivityID=\"\"></Correlation>\n<Execution ProcessID=\"0\" ThreadID=\"0\"></Execution>\n<Channel>Application</Channel>\n<Computer>IACIS-HDD-2014</Computer>\n<Security UserID=\"\"></Security>\n</System>\n<EventData><Data>&lt;string&gt;55c92734-d682-4d71-983e-d6ec3f16059f&lt;/string&gt;\n&lt;string&gt;\n1: 022a1afb-b893-4190-92c3-8f69a49839fb, 1, 0 [(0 [0xC004F014, 0, 0], [(?)(?)(?)(?)(?)(?)])(1 )(2 )]\n2: 436cef53-8387-4692-bb4a-9492cd82260e, 1, 0 [(0 [0xC004F014, 0, 0], [(?)(?)(?)(?)(?)(?)])(1 )(2 )]\n3: 57a232fe-0931-48fe-9389-e4586967c661, 1, 0 [(0 [0xC004F014, 0, 0], [(?)(?)(?)(?)(?)(?)])(1 )(2 )]\n4: 7cfd4696-69a9-4af7-af36-ff3d12b6b6c8, 1, 0 [(0 [0xC004F014, 0, 0], [(?)(?)(?)(?)(?)(?)])(1 )(2 )]\n5: 8ec16e01-e86f-415f-b333-1819f4145294, 1, 0 [(0 [0xC004F014, 0, 0], [(?)(?)(?)(?)(?)(?)])(1 )(2 )]\n6: a0cde89c-3304-4157-b61c-c8ad785d1fad, 1, 0 [(0 [0xC004F014, 0, 0], [(?)(?)(?)(?)(?)(?)])(1 )(2 )]\n7: ac96e1a8-6cc4-4310-a4ff-332ce77fb5b8, 1, 1 [(0 )(1 )(2 [0x00000000, 0, 1], [(?)( 5 0x00000000 30 43200)( 1 0x00000000 0 0 msft:rm/algorithm/flags/1.0 0x00000000 0)(?)(?)(?)])]\n8: b2c4b9f6-3ee6-4a2a-a361-64ad3b61ded5, 1, 0 [(0 [0xC004F014, 0, 0], [(?)(?)(?)(?)(?)(?)])(1 )(2 )]\n9: bba42084-cacd-4ad4-b606-9f3d6c93b2c5, 1, 0 [(0 [0xC004F014, 0, 0], [(?)(?)(?)(?)(?)(?)])(1 )(2 )]\n10: c619d61c-c2f2-40c3-ab3f-c5924314b0f3, 1, 0 [(0 [0xC004F014, 0, 0], [(?)(?)(?)(?)(?)(?)])(1 )(2 )]\n11: cfb3e52c-d707-4861-af51-11b27ee6169c, 1, 0 [(0 [0xC004F014, 0, 0], [(?)(?)(?)(?)(?)(?)])(1 )(2 )]\n12: 4a8149bb-7d61-49f4-8822-82c7bf88d64b, 1, 0 [(0 [0xC004F014, 0, 0], [(?)(?)(?)(?)(?)(?)])(1 )(2 )]\n13: afd5f68f-b70f-4000-a21d-28dbc8be8b07, 1, 0 [(0 [0xC004F014, 0, 0], [(?)(?)(?)(?)(?)(?)])(1 )(2 )]\n\n&lt;/string&gt;\n</Data>\n<Binary></Binary>\n</EventData>\n</Event>\n"
  },
  {
    "EventID": 1,
    "Timestamp": "2014-01-25 04:26:51+00:00",
    "Computer": "IACIS-HDD-2014",
    "Channel": "Application",
    "Level": "Information",
    "EventData": {
      "": ""
    },
    "RawXml": "<Event xmlns=\"http://schemas.microsoft.com/win/2004/08/events/event\"><System><Provider Name=\"SecurityCenter\"></Provider>\n<EventID Qualifiers=\"0\">1</EventID>\n<Level>4</Level>\n<Task>0</Task>\n<Keywords>0x0080000000000000</Keywords>\n<TimeCreated SystemTime=\"2014-01-25 04:26:51+00:00\"></TimeCreated>\n<EventRecordID>125</EventRecordID>\n<Channel>Application</Channel>\n<Computer>IACIS-HDD-2014</Computer>\n<Security UserID=\"\"></Security>\n</System>\n<EventData><Data></Data>\n<Binary></Binary>\n</EventData>\n</Event>\n"
  },
  {
    "EventID": 1008,
    "Timestamp": "2014-01-25 04:26:51+00:00",
    "Computer": "IACIS-HDD-2014",
    "Channel": "Application",
    "Level": "Warning",
    "EventData": {
      "ExtraInfo": "\n",
      "Reason": "Full Index Reset"
    },
    "RawXml": "<Event xmlns=\"http://schemas.microsoft.com/win/2004/08/events/event\"><System><Provider Name=\"Microsoft-Windows-Search\" Guid=\"{CA4E628D-8567-4896-AB6B-835B221F373F}\" EventSourceName=\"Windows Search Service\"></Provider>\n<EventID Qualifiers=\"32768\">1008</EventID>\n<Version>0</Version>\n<Level>3</Level>\n<Task>1</Task>\n<Opcode>0</Opcode>\n<Keywords>0x0080000000000000</Keywords>\n<TimeCreated SystemTime=\"2014-01-25 04:26:51+00:00\"></TimeCreated>\n<EventRecordID>126</EventRecordID>\n<Correlation ActivityID=\"\" RelatedActivityID=\"\"></Correlation>\n<Execution ProcessID=\"0\" ThreadID=\"0\"></Execution>\n<Channel>Application</Channel>\n<Computer>IACIS-HDD-2014</Computer>\n<Security UserID=\"\"></Security>\n</System>\n<EventData><Data Name=\"ExtraInfo\">\n</Data>\n<Data Name=\"Reason\">Full Index Reset</Data>\n</EventData>\n</Event>\n"
  },
  {
    "EventID": 1010,
    "Timestamp": "2014-01-25 04:26:51+00:00",
    "Computer": "IACIS-HDD-2014",
    "Channel": "Application",
    "Level": "Information",
    "EventData": {
      "ExtraInfo": "\n"
    },
    "RawXml": "<Event xmlns=\"http://schemas.microsoft.com/win/2004/08/events/event\"><System><Provider Name=\"Microsoft-Windows-Search\" Guid=\"{CA4E628D-8567-4896-AB6B-835B221F373F}\" EventSourceName=\"Windows Search Service\"></Provider>\n<EventID Qualifiers=\"16384\">1010</EventID>\n<Version>0</Version>\n<Level>4</Level>\n<Task>1</Task>\n<Opcode>0</Opcode>\n<Keywords>0x0080000000000000</Keywords>\n<TimeCreated SystemTime=\"2014-01-25 04:26:51+00:00\"></TimeCreated>\n<EventRecordID>127</EventRecordID>\n<Correlation ActivityID=\"\" RelatedActivityID=\"\"></Correlation>\n<Execution ProcessID=\"0\" ThreadID=\"0\"></Execution>\n<Channel>Application</Channel>\n<Computer>IACIS-HDD-2014</Computer>\n<Security UserID=\"\"></Security>\n</System>\n<EventData><Data Name=\"ExtraInfo\">\n</Data>\n</EventData>\n</Event>\n"
  },
  {
    "EventID": 1004,
    "Timestamp": "2014-01-25 04:26:51+00:00",
    "Computer": "IACIS-HDD-2014",
    "Channel": "Application",
    "Level": "Information",
    "EventData": {
      "ExtraInfo": "\n",
      "Reason": "Full Index Reset"
    },
    "RawXml": "<Event xmlns=\"http://schemas.microsoft.com/win/2004/08/events/event\"><System><Provider Name=\"Microsoft-Windows-Search\" Guid=\"{CA4E628D-8567-4896-AB6B-835B221F373F}\" EventSourceName=\"Windows Search Service\"></Provider>\n<EventID Qualifiers=\"16384\">1004</EventID>\n<Version>0</Version>\n<Level>4</Level>\n<Task>1</Task>\n<Opcode>0</Opcode>\n<Keywords>0x0080000000000000</Keywords>\n<TimeCreated SystemTime=\"2014-01-25 04:26:51+00:00\"></TimeCreated>\n<EventRecordID>128</EventRecordID>\n<Correlation ActivityID=\"\" RelatedActivityID=\"\"></Correlation>\n<Execution ProcessID=\"0\" ThreadID=\"0\"></Execution>\n<Channel>Application</Channel>\n<Computer>IACIS-HDD-2014</Computer>\n<Security UserID=\"\"></Security>\n</System>\n<EventData><Data Name=\"ExtraInfo\">\n</Data>\n<Data Name=\"Reason\">Full Index Reset</Data>\n</EventData>\n</Event>\n"
  },
  {
    "EventID": 1130,
    "Timestamp": "2014-01-25 04:26:57+00:00",
    "Computer": "IACIS-HDD-2014",
    "Channel": "Application",
    "Level": "LogAlways",
    "EventData": {
      "": "<string>.NET Runtime Optimization Service (2.0.50727.5420) - Installed from repository: AuditPolicyGPManagedStubs.Interop</string>\n"
    },
    "RawXml": "<Event xmlns=\"http://schemas.microsoft.com/win/2004/08/events/event\"><System><Provider Name=\".NET Runtime Optimization Service\"></Provider>\n<EventID Qualifiers=\"0\">1130</EventID>\n<Level>0</Level>\n<Task>0</Task>\n<Keywords>0x0080000000000000</Keywords>\n<TimeCreated SystemTime=\"2014-01-25 04:26:57+00:00\"></TimeCreated>\n<EventRecordID>129</EventRecordID>\n<Channel>Application</Channel>\n<Computer>IACIS-HDD-2014</Computer>\n<Security UserID=\"\"></Security>\n</System>\n<EventData><Data>&lt;string&gt;.NET Runtime Optimization Service (2.0.50727.5420) - Installed from repository: AuditPolicyGPManagedStubs.Interop&lt;/string&gt;\n</Data>\n<Binary></Binary>\n</EventData>\n</Event>\n"
  },
  {
    "EventID": 1130,
    "Timestamp": "2014-01-25 04:26:59+00:00",
    "Computer": "IACIS-HDD-2014",
    "Channel": "Application",
    "Level": "LogAlways",
    "EventData": {
      "": "<string>.NET Runtime Optimization Service (2.0.50727.5420) - Installed from repository: BDATunePIA</string>\n"
    },
    "RawXml": "<Event xmlns=\"http://schemas.microsoft.com/win/2004/08/events/event\"><System><Provider Name=\".NET Runtime Optimization Service\"></Provider>\n<EventID Qualifiers=\"0\">1130</EventID>\n<Level>0</Level>\n<Task>0</Task>\n<Keywords>0x0080000000000000</Keywords>\n<TimeCreated SystemTime=\"2014-01-25 04:26:59+00:00\"></TimeCreated>\n<EventRecordID>130</EventRecordID>\n<Channel>Application</Channel>\n<Computer>IACIS-HDD-2014</Computer>\n<Security UserID=\"\"></Security>\n</System>\n<EventData><Data>&lt;string&gt;.NET Runtime Optimization Service (2.0.50727.5420) - Installed from repository: BDATunePIA&lt;/string&gt;\n</Data>\n<Binary></Binary>\n</EventData>\n</Event>\n"
  },
  {
    "EventID": 1130,
    "Timestamp": "2014-01-25 01:27:02+00:00",
    "Computer": "IACIS-HDD-2014",
    "Channel": "Application",
    "Level": "LogAlways",
    "EventData": {
      "": "<string>.NET Runtime Optimization Service (2.0.50727.5420) - Installed from repository: ehExtHost32</string>\n"
    },
    "RawXml": "<Event xmlns=\"http://schemas.microsoft.com/win/2004/08/events/event\"><System><Provider Name=\".NET Runtime Optimization Service\"></Provider>\n<EventID Qualifiers=\"0\">1130</EventID>\n<Level>0</Level>\n<Task>0</Task>\n<Keywords>0x0080000000000000</Keywords>\n<TimeCreated SystemTime=\"2014-01-25 01:27:02+00:00\"></TimeCreated>\n<EventRecordID>131</EventRecordID>\n<Channel>Application</Channel>\n<Computer>IACIS-HDD-2014</Computer>\n<Security UserID=\"\"></Security>\n</System>\n<EventData><Data>&lt;string&gt;.NET Runtime Optimization Service (2.0.50727.5420) - Installed from repository: ehExtHost32&lt;/string&gt;\n</Data>\n<Binary></Binary>\n</EventData>\n</Event>\n"
  },
  {
    "EventID": 1130,
    "Timestamp": "2014-01-25 01:27:03+00:00",
    "Computer": "IACIS-HDD-2014",
    "Channel": "Application",
    "Level": "LogAlways",
    "EventData": {
      "": "<string>.NET Runtime Optimization Service (2.0.50727.5420) - Installed from repository: Microsoft.MediaCenter</string>\n"
    },
    "RawXml": "<Event xmlns=\"http://schemas.microsoft.com/win/2004/08/events/event\"><System><Provider Name=\".NET Runtime Optimization Service\"></Provider>\n<EventID Qualifiers=\"0\">1130</EventID>\n<Level>0</Level>\n<Task>0</Task>\n<Keywords>0x0080000000000000</Keywords>\n<TimeCreated SystemTime=\"2014-01-25 01:27:03+00:00\"></TimeCreated>\n<EventRecordID>132</EventRecordID>\n<Channel>Application</Channel>\n<Computer>IACIS-HDD-2014</Computer>\n<Security UserID=\"\"></Security>\n</System>\n<EventData><Data>&lt;string&gt;.NET Runtime Optimization Service (2.0.50727.5420) - Installed from repository: Microsoft.MediaCenter&lt;/string&gt;\n</Data>\n<Binary></Binary>\n</EventData>\n</Event>\n"
  },
  {
    "EventID": 1130,
    "Timestamp": "2014-01-25 01:27:03+00:00",
    "Computer": "IACIS-HDD-2014",
    "Channel": "Application",
    "Level": "LogAlways",
    "EventData": {
      "": "<string>.NET Runtime Optimization Service (2.0.50727.5420) - Installed from repository: Microsoft.MediaCenter.UI</string>\n"
    },
    "RawXml": "<Event xmlns=\"http://schemas.microsoft.com/win/2004/08/events/event\"><System><Provider Name=\".NET Runtime Optimization Service\"></Provider>\n<EventID Qualifiers=\"0\">1130</EventID>\n<Level>0</Level>\n<Task>0</Task>\n<Keywords>0x0080000000000000</Keywords>\n<TimeCreated SystemTime=\"2014-01-25 01:27:03+00:00\"></TimeCreated>\n<EventRecordID>133</EventRecordID>\n<Channel>Application</Channel>\n<Computer>IACIS-HDD-2014</Computer>\n<Security UserID=\"\"></Security>\n</System>\n<EventData><Data>&lt;string&gt;.NET Runtime Optimization Service (2.0.50727.5420) - Installed from repository: Microsoft.MediaCenter.UI&lt;/string&gt;\n</Data>\n<Binary></Binary>\n</EventData>\n</Event>\n"
  },
  {
    "EventID": 1130,
    "Timestamp": "2014-01-25 01:27:03+00:00",
    "Computer": "IACIS-HDD-2014",
    "Channel": "Application",
    "Level": "LogAlways",
    "EventData": {
      "": "<string>.NET Runtime Optimization Service (2.0.50727.5420) - Installed from repository: ehiUserXp</string>\n"
    },
    "RawXml": "<Event xmlns=\"http://schemas.microsoft.com/win/2004/08/events/event\"><System><Provider Name=\".NET Runtime Optimization Service\"></Provider>\n<EventID Qualifiers=\"0\">1130</EventID>\n<Level>0</Level>\n<Task>0</Task>\n<Keywords>0x0080000000000000</Keywords>\n<TimeCreated SystemTime=\"2014-01-25 01:27:03+00:00\"></TimeCreated>\n<EventRecordID>134</EventRecordID>\n<Channel>Application</Channel>\n<Computer>IACIS-HDD-2014</Computer>\n<Security UserID=\"\"></Security>\n</System>\n<EventData><Data>&lt;string&gt;.NET Runtime Optimization Service (2.0.50727.5420) - Installed from repository: ehiUserXp&lt;/string&gt;\n</Data>\n<Binary></Binary>\n</EventData>\n</Event>\n"
  },
  {
    "EventID": 1130,
    "Timestamp": "2014-01-25 01:27:03+00:00",
    "Computer": "IACIS-HDD-2014",
    "Channel": "Application",
    "Level": "LogAlways",
    "EventData": {
      "": "<string>.NET Runtime Optimization Service (2.0.50727.5420) - Installed from repository: ehRecObj</string>\n"
    },
    "RawXml": "<Event xmlns=\"http://schemas.microsoft.com/win/2004/08/events/event\"><System><Provider Name=\".NET Runtime Optimization Service\"></Provider>\n<EventID Qualifiers=\"0\">1130</EventID>\n<Level>0</Level>\n<Task>0</Task>\n<Keywords>0x0080000000000000</Keywords>\n<TimeCreated SystemTime=\"2014-01-25 01:27:03+00:00\"></TimeCreated>\n<EventRecordID>135</EventRecordID>\n<Channel>Application</Channel>\n<Computer>IACIS-HDD-2014</Computer>\n<Security UserID=\"\"></Security>\n</System>\n<EventData><Data>&lt;string&gt;.NET Runtime Optimization Service (2.0.50727.5420) - Installed from repository: ehRecObj&lt;/string&gt;\n</Data>\n<Binary></Binary>\n</EventData>\n</Event>\n"
  },
  {
    "EventID": 1130,
    "Timestamp": "2014-01-25 01:27:03+00:00",
    "Computer": "IACIS-HDD-2014",
    "Channel": "Application",
    "Level": "LogAlways",
    "EventData": {
      "": "<string>.NET Runtime Optimization Service (2.0.50727.5420) - Installed from repository: ehiProxy</string>\n"
    },
    "RawXml": "<Event xmlns=\"http://schemas.microsoft.com/win/2004/08/events/event\"><System><Provider Name=\".NET Runtime Optimization Service\"></Provider>\n<EventID Qualifiers=\"0\">1130</EventID>\n<Level>0</Level>\n<Task>0</Task>\n<Keywords>0x0080000000000000</Keywords>\n<TimeCreated SystemTime=\"2014-01-25 01:27:03+00:00\"></TimeCreated>\n<EventRecordID>136</EventRecordID>\n<Channel>Application</Channel>\n<Computer>IACIS-HDD-2014</Computer>\n<Security UserID=\"\"></Security>\n</System>\n<EventData><Data>&lt;string&gt;.NET Runtime Optimization Service (2.0.50727.5420) - Installed from repository: ehiProxy&lt;/string&gt;\n</Data>\n<Binary></Binary>\n</EventData>\n</Event>\n"
  },
  {
    "EventID": 1130,
    "Timestamp": "2014-01-25 01:27:04+00:00",
    "Computer": "IACIS-HDD-2014",
    "Channel": "Application",
    "Level": "LogAlways",
    "EventData": {
      "": "<string>.NET Runtime Optimization Service (2.0.50727.5420) - Installed from repository: mcepg</string>\n"
    },
    "RawXml": "<Event xmlns=\"http://schemas.microsoft.com/win/2004/08/events/event\"><System><Provider Name=\".NET Runtime Optimization Service\"></Provider>\n<EventID Qualifiers=\"0\">1130</EventID>\n<Level>0</Level>\n<Task>0</Task>\n<Keywords>0x0080000000000000</Keywords>\n<TimeCreated SystemTime=\"2014-01-25 01:27:04+00:00\"></TimeCreated>\n<EventRecordID>137</EventRecordID>\n<Channel>Application</Channel>\n<Computer>IACIS-HDD-2014</Computer>\n<Security UserID=\"\"></Security>\n</System>\n<EventData><Data>&lt;string&gt;.NET Runtime Optimization Service (2.0.50727.5420) - Installed from repository: mcepg&lt;/string&gt;\n</Data>\n<Binary></Binary>\n</EventData>\n</Event>\n"
  },
  {
    "EventID": 1130,
    "Timestamp": "2014-01-25 01:27:04+00:00",
    "Computer": "IACIS-HDD-2014",
    "Channel": "Application",
    "Level": "LogAlways",
    "EventData": {
      "": "<string>.NET Runtime Optimization Service (2.0.50727.5420) - Installed from repository: mcstore</string>\n"
    },
    "RawXml": "<Event xmlns=\"http://schemas.microsoft.com/win/2004/08/events/event\"><System><Provider Name=\".NET Runtime Optimization Service\"></Provider>\n<EventID Qualifiers=\"0\">1130</EventID>\n<Level>0</Level>\n<Task>0</Task>\n<Keywords>0x0080000000000000</Keywords>\n<TimeCreated SystemTime=\"2014-01-25 01:27:04+00:00\"></TimeCreated>\n<EventRecordID>138</EventRecordID>\n<Channel>Application</Channel>\n<Computer>IACIS-HDD-2014</Computer>\n<Security UserID=\"\"></Security>\n</System>\n<EventData><Data>&lt;string&gt;.NET Runtime Optimization Service (2.0.50727.5420) - Installed from repository: mcstore&lt;/string&gt;\n</Data>\n<Binary></Binary>\n</EventData>\n</Event>\n"
  },
  {
    "EventID": 1130,
    "Timestamp": "2014-01-25 01:27:04+00:00",
    "Computer": "IACIS-HDD-2014",
    "Channel": "Application",
    "Level": "LogAlways",
    "EventData": {
      "": "<string>.NET Runtime Optimization Service (2.0.50727.5420) - Installed from repository: mcstoredb</string>\n"
    },
    "RawXml": "<Event xmlns=\"http://schemas.microsoft.com/win/2004/08/events/event\"><System><Provider Name=\".NET Runtime Optimization Service\"></Provider>\n<EventID Qualifiers=\"0\">1130</EventID>\n<Level>0</Level>\n<Task>0</Task>\n<Keywords>0x0080000000000000</Keywords>\n<TimeCreated SystemTime=\"2014-01-25 01:27:04+00:00\"></TimeCreated>\n<EventRecordID>139</EventRecordID>\n<Channel>Application</Channel>\n<Computer>IACIS-HDD-2014</Computer>\n<Security UserID=\"\"></Security>\n</System>\n<EventData><Data>&lt;string&gt;.NET Runtime Optimization Service (2.0.50727.5420) - Installed from repository: mcstoredb&lt;/string&gt;\n</Data>\n<Binary></Binary>\n</EventData>\n</Event>\n"
  },
  {
    "EventID": 1130,
    "Timestamp": "2014-01-25 01:27:04+00:00",
    "Computer": "IACIS-HDD-2014",
    "Channel": "Application",
    "Level": "LogAlways",
    "EventData": {
      "": "<string>.NET Runtime Optimization Service (2.0.50727.5420) - Installed from repository: ehiVidCtl</string>\n"
    },
    "RawXml": "<Event xmlns=\"http://schemas.microsoft.com/win/2004/08/events/event\"><System><Provider Name=\".NET Runtime Optimization Service\"></Provider>\n<EventID Qualifiers=\"0\">1130</EventID>\n<Level>0</Level>\n<Task>0</Task>\n<Keywords>0x0080000000000000</Keywords>\n<TimeCreated SystemTime=\"2014-01-25 01:27:04+00:00\"></TimeCreated>\n<EventRecordID>140</EventRecordID>\n<Channel>Application</Channel>\n<Computer>IACIS-HDD-2014</Computer>\n<Security UserID=\"\"></Security>\n</System>\n<EventData><Data>&lt;string&gt;.NET Runtime Optimization Service (2.0.50727.5420) - Installed from repository: ehiVidCtl&lt;/string&gt;\n</Data>\n<Binary></Binary>\n</EventData>\n</Event>\n"
  },
  {
    "EventID": 1130,
    "Timestamp": "2014-01-25 01:27:04+00:00",
    "Computer": "IACIS-HDD-2014",
    "Channel": "Application",
    "Level": "LogAlways",
    "EventData": {
      "": "<string>.NET Runtime Optimization Service (2.0.50727.5420) - Installed from repository: ehiExtens</string>\n"
    },
    "RawXml": "<Event xmlns=\"http://schemas.microsoft.com/win/2004/08/events/event\"><System><Provider Name=\".NET Runtime Optimization Service\"></Provider>\n<EventID Qualifiers=\"0\">1130</EventID>\n<Level>0</Level>\n<Task>0</Task>\n<Keywords>0x0080000000000000</Keywords>\n<TimeCreated SystemTime=\"2014-01-25 01:27:04+00:00\"></TimeCreated>\n<EventRecordID>141</EventRecordID>\n<Channel>Application</Channel>\n<Computer>IACIS-HDD-2014</Computer>\n<Security UserID=\"\"></Security>\n</System>\n<EventData><Data>&lt;string&gt;.NET Runtime Optimization Service (2.0.50727.5420) - Installed from repository: ehiExtens&lt;/string&gt;\n</Data>\n<Binary></Binary>\n</EventData>\n</Event>\n"
  },
  {
    "EventID": 1130,
    "Timestamp": "2014-01-25 01:27:05+00:00",
    "Computer": "IACIS-HDD-2014",
    "Channel": "Application",
    "Level": "LogAlways",
    "EventData": {
      "": "<string>.NET Runtime Optimization Service (2.0.50727.5420) - Installed from repository: Microsoft.ApplicationId.Framework</string>\n"
    },
    "RawXml": "<Event xmlns=\"http://schemas.microsoft.com/win/2004/08/events/event\"><System><Provider Name=\".NET Runtime Optimization Service\"></Provider>\n<EventID Qualifiers=\"0\">1130</EventID>\n<Level>0</Level>\n<Task>0</Task>\n<Keywords>0x0080000000000000</Keywords>\n<TimeCreated SystemTime=\"2014-01-25 01:27:05+00:00\"></TimeCreated>\n<EventRecordID>142</EventRecordID>\n<Channel>Application</Channel>\n<Computer>IACIS-HDD-2014</Computer>\n<Security UserID=\"\"></Security>\n</System>\n<EventData><Data>&lt;string&gt;.NET Runtime Optimization Service (2.0.50727.5420) - Installed from repository: Microsoft.ApplicationId.Framework&lt;/string&gt;\n</Data>\n<Binary></Binary>\n</EventData>\n</Event>\n"
  },
  {
    "EventID": 1130,
    "Timestamp": "2014-01-25 01:27:05+00:00",
    "Computer": "IACIS-HDD-2014",
    "Channel": "Application",
    "Level": "LogAlways",
    "EventData": {
      "": "<string>.NET Runtime Optimization Service (2.0.50727.5420) - Installed from repository: Microsoft.ApplicationId.RuleWizard</string>\n"
    },
    "RawXml": "<Event xmlns=\"http://schemas.microsoft.com/win/2004/08/events/event\"><System><Provider Name=\".NET Runtime Optimization Service\"></Provider>\n<EventID Qualifiers=\"0\">1130</EventID>\n<Level>0</Level>\n<Task>0</Task>\n<Keywords>0x0080000000000000</Keywords>\n<TimeCreated SystemTime=\"2014-01-25 01:27:05+00:00\"></TimeCreated>\n<EventRecordID>143</EventRecordID>\n<Channel>Application</Channel>\n<Computer>IACIS-HDD-2014</Computer>\n<Security UserID=\"\"></Security>\n</System>\n<EventData><Data>&lt;string&gt;.NET Runtime Optimization Service (2.0.50727.5420) - Installed from repository: Microsoft.ApplicationId.RuleWizard&lt;/string&gt;\n</Data>\n<Binary></Binary>\n</EventData>\n</Event>\n"
  },
  {
    "EventID": 1130,
    "Timestamp": "2014-01-25 01:27:05+00:00",
    "Computer": "IACIS-HDD-2014",
    "Channel": "Application",
    "Level": "LogAlways",
    "EventData": {
      "": "<string>.NET Runtime Optimization Service (2.0.50727.5420) - Installed from repository: Microsoft.Security.ApplicationId.PolicyManagement.PolicyModel</string>\n"
    },
    "RawXml": "<Event xmlns=\"http://schemas.microsoft.com/win/2004/08/events/event\"><System><Provider Name=\".NET Runtime Optimization Service\"></Provider>\n<EventID Qualifiers=\"0\">1130</EventID>\n<Level>0</Level>\n<Task>0</Task>\n<Keywords>0x0080000000000000</Keywords>\n<TimeCreated SystemTime=\"2014-01-25 01:27:05+00:00\"></TimeCreated>\n<EventRecordID>144</EventRecordID>\n<Channel>Application</Channel>\n<Computer>IACIS-HDD-2014</Computer>\n<Security UserID=\"\"></Security>\n</System>\n<EventData><Data>&lt;string&gt;.NET Runtime Optimization Service (2.0.50727.5420) - Installed from repository: Microsoft.Security.ApplicationId.PolicyManagement.PolicyModel&lt;/string&gt;\n</Data>\n<Binary></Binary>\n</EventData>\n</Event>\n"
  },
  {
    "EventID": 1130,
    "Timestamp": "2014-01-25 01:27:05+00:00",
    "Computer": "IACIS-HDD-2014",
    "Channel": "Application",
    "Level": "LogAlways",
    "EventData": {
      "": "<string>.NET Runtime Optimization Service (2.0.50727.5420) - Installed from repository: Microsoft.Security.ApplicationId.PolicyManagement.XmlHelper</string>\n"
    },
    "RawXml": "<Event xmlns=\"http://schemas.microsoft.com/win/2004/08/events/event\"><System><Provider Name=\".NET Runtime Optimization Service\"></Provider>\n<EventID Qualifiers=\"0\">1130</EventID>\n<Level>0</Level>\n<Task>0</Task>\n<Keywords>0x0080000000000000</Keywords>\n<TimeCreated SystemTime=\"2014-01-25 01:27:05+00:00\"></TimeCreated>\n<EventRecordID>145</EventRecordID>\n<Channel>Application</Channel>\n<Computer>IACIS-HDD-2014</Computer>\n<Security UserID=\"\"></Security>\n</System>\n<EventData><Data>&lt;string&gt;.NET Runtime Optimization Service (2.0.50727.5420) - Installed from repository: Microsoft.Security.ApplicationId.PolicyManagement.XmlHelper&lt;/string&gt;\n</Data>\n<Binary></Binary>\n</EventData>\n</Event>\n"
  },
  {
    "EventID": 1130,
    "Timestamp": "2014-01-25 01:27:05+00:00",
    "Computer": "IACIS-HDD-2014",
    "Channel": "Application",
    "Level": "LogAlways",
    "EventData": {
      "": "<string>.NET Runtime Optimization Service (2.0.50727.5420) - Installed from repository: Microsoft.Security.ApplicationId.PolicyManagement.PolicyManager</string>\n"
    },
    "RawXml": "<Event xmlns=\"http://schemas.microsoft.com/win/2004/08/events/event\"><System><Provider Name=\".NET Runtime Optimization Service\"></Provider>\n<EventID Qualifiers=\"0\">1130</EventID>\n<Level>0</Level>\n<Task>0</Task>\n<Keywords>0x0080000000000000</Keywords>\n<TimeCreated SystemTime=\"2014-01-25 01:27:05+00:00\"></TimeCreated>\n<EventRecordID>146</EventRecordID>\n<Channel>Application</Channel>\n<Computer>IACIS-HDD-2014</Computer>\n<Security UserID=\"\"></Security>\n</System>\n<EventData><Data>&lt;string&gt;.NET Runtime Optimization Service (2.0.50727.5420) - Installed from repository: Microsoft.Security.ApplicationId.PolicyManagement.PolicyManager&lt;/string&gt;\n</Data>\n<Binary></Binary>\n</EventData>\n</Event>\n"
  },
  {
    "EventID": 1130,
    "Timestamp": "2014-01-25 01:27:06+00:00",
    "Computer": "IACIS-HDD-2014",
    "Channel": "Application",
    "Level": "LogAlways",
    "EventData": {
      "": "<string>.NET Runtime Optimization Service (2.0.50727.5420) - Installed from repository: Microsoft.Security.ApplicationId.PolicyManagement.PolicyEngineApi.Interop</string>\n"
    },
    "RawXml": "<Event xmlns=\"http://schemas.microsoft.com/win/2004/08/events/event\"><System><Provider Name=\".NET Runtime Optimization Service\"></Provider>\n<EventID Qualifiers=\"0\">1130</EventID>\n<Level>0</Level>\n<Task>0</Task>\n<Keywords>0x0080000000000000</Keywords>\n<TimeCreated SystemTime=\"2014-01-25 01:27:06+00:00\"></TimeCreated>\n<EventRecordID>147</EventRecordID>\n<Channel>Application</Channel>\n<Computer>IACIS-HDD-2014</Computer>\n<Security UserID=\"\"></Security>\n</System>\n<EventData><Data>&lt;string&gt;.NET Runtime Optimization Service (2.0.50727.5420) - Installed from repository: Microsoft.Security.ApplicationId.PolicyManagement.PolicyEngineApi.Interop&lt;/string&gt;\n</Data>\n<Binary></Binary>\n</EventData>\n</Event>\n"
  },
  {
    "EventID": 1130,
    "Timestamp": "2014-01-25 01:27:06+00:00",
    "Computer": "IACIS-HDD-2014",
    "Channel": "Application",
    "Level": "LogAlways",
    "EventData": {
      "": "<string>.NET Runtime Optimization Service (2.0.50727.5420) - Installed from repository: Microsoft.GroupPolicy.AdmTmplEditor</string>\n"
    },
    "RawXml": "<Event xmlns=\"http://schemas.microsoft.com/win/2004/08/events/event\"><System><Provider Name=\".NET Runtime Optimization Service\"></Provider>\n<EventID Qualifiers=\"0\">1130</EventID>\n<Level>0</Level>\n<Task>0</Task>\n<Keywords>0x0080000000000000</Keywords>\n<TimeCreated SystemTime=\"2014-01-25 01:27:06+00:00\"></TimeCreated>\n<EventRecordID>148</EventRecordID>\n<Channel>Application</Channel>\n<Computer>IACIS-HDD-2014</Computer>\n<Security UserID=\"\"></Security>\n</System>\n<EventData><Data>&lt;string&gt;.NET Runtime Optimization Service (2.0.50727.5420) - Installed from repository: Microsoft.GroupPolicy.AdmTmplEditor&lt;/string&gt;\n</Data>\n<Binary></Binary>\n</EventData>\n</Event>\n"
  },
  {
    "EventID": 1130,
    "Timestamp": "2014-01-25 01:27:07+00:00",
    "Computer": "IACIS-HDD-2014",
    "Channel": "Application",
    "Level": "LogAlways",
    "EventData": {
      "": "<string>.NET Runtime Optimization Service (2.0.50727.5420) - Installed from repository: Microsoft.GroupPolicy.Interop</string>\n"
    },
    "RawXml": "<Event xmlns=\"http://schemas.microsoft.com/win/2004/08/events/event\"><System><Provider Name=\".NET Runtime Optimization Service\"></Provider>\n<EventID Qualifiers=\"0\">1130</EventID>\n<Level>0</Level>\n<Task>0</Task>\n<Keywords>0x0080000000000000</Keywords>\n<TimeCreated SystemTime=\"2014-01-25 01:27:07+00:00\"></TimeCreated>\n<EventRecordID>149</EventRecordID>\n<Channel>Application</Channel>\n<Computer>IACIS-HDD-2014</Computer>\n<Security UserID=\"\"></Security>\n</System>\n<EventData><Data>&lt;string&gt;.NET Runtime Optimization Service (2.0.50727.5420) - Installed from repository: Microsoft.GroupPolicy.Interop&lt;/string&gt;\n</Data>\n<Binary></Binary>\n</EventData>\n</Event>\n"
  },
