  {
    "EventID": 1001,
    "Timestamp": "2014-01-25 07:52:10+00:00",
    "Computer": "IACIS-HDD-2014",
    "Channel": "Application",
    "Level": "Information",
    "EventData": {
      "": "<string>0</string>\n<string></string>\n<string>WindowsWcpOtherFailure3</string>\n<string>Not available</string>\n<string>0</string>\n<string>6.1.7601</string>\n<string>base\\xml\\udom_microdom.cpp</string>\n<string>MicrodomImplementation::CMicrodom::Initialize</string>\n<string>2527</string>\n<string>c0000017</string>\n<string>0x6c6f4757</string>\n<string></string>\n<string></string>\n<string></string>\n<string></string>\n<string>\nC:\\Windows\\Logs\\CBS\\CBS.log\nC:\\Windows\\servicing\\Sessions\\Sessions.xml\nC:\\Windows\\winsxs\\pending.xml\nC:\\Windows\\winsxs\\poqexec.log\nC:\\Windows\\System32\\LogFiles\\Scm\\SCM.EVM\nC:\\Windows\\Logs\\CBS\\FilterList.log</string>\n<string></string>\n<string></string>\n<string>0</string>\n<string>9737e809-8595-11e3-8856-001641e7bb6b</string>\n<string>0</string>\n"
    },
    "RawXml": "<Event xmlns=\"http://schemas.microsoft.com/win/2004/08/events/event\"><System><Provider Name=\"Windows Error Reporting\"></Provider>\n<EventID Qualifiers=\"0\">1001</EventID>\n<Level>4</Level>\n<Task>0</Task>\n<Keywords>0x0080000000000000</Keywords>\n<TimeCreated SystemTime=\"2014-01-25 07:52:10+00:00\"></TimeCreated>\n<EventRecordID>276</EventRecordID>\n<Channel>Application</Channel>\n<Computer>IACIS-HDD-2014</Computer>\n<Security UserID=\"\"></Security>\n</System>\n<EventData><Data>&lt;string&gt;0&lt;/string&gt;\n&lt;string&gt;&lt;/string&gt;\n&lt;string&gt;WindowsWcpOtherFailure3&lt;/string&gt;\n&lt;string&gt;Not available&lt;/string&gt;\n&lt;string&gt;0&lt;/string&gt;\n&lt;string&gt;6.1.7601&lt;/string&gt;\n&lt;string&gt;base\\xml\\udom_microdom.cpp&lt;/string&gt;\n&lt;string&gt;MicrodomImplementation::CMicrodom::Initialize&lt;/string&gt;\n&lt;string&gt;2527&lt;/string&gt;\n&lt;string&gt;c0000017&lt;/string&gt;\n&lt;string&gt;0x6c6f4757&lt;/string&gt;\n&lt;string&gt;&lt;/string&gt;\n&lt;string&gt;&lt;/string&gt;\n&lt;string&gt;&lt;/string&gt;\n&lt;string&gt;&lt;/string&gt;\n&lt;string&gt;\r\nC:\\Windows\\Logs\\CBS\\CBS.log\r\nC:\\Windows\\servicing\\Sessions\\Sessions.xml\r\nC:\\Windows\\winsxs\\pending.xml\r\nC:\\Windows\\winsxs\\poqexec.log\r\nC:\\Windows\\System32\\LogFiles\\Scm\\SCM.EVM\r\nC:\\Windows\\Logs\\CBS\\FilterList.log&lt;/string&gt;\n&lt;string&gt;&lt;/string&gt;\n&lt;string&gt;&lt;/string&gt;\n&lt;string&gt;0&lt;/string&gt;\n&lt;string&gt;9737e809-8595-11e3-8856-001641e7bb6b&lt;/string&gt;\n&lt;string&gt;0&lt;/string&gt;\n</Data>\n<Binary></Binary>\n</EventData>\n</Event>\n"
  },
  {
    "EventID": 1001,
    "Timestamp": "2014-01-25 07:52:21+00:00",
    "Computer": "IACIS-HDD-2014",
    "Channel": "Application",
    "Level": "Information",
    "EventData": {
      "": "<string>0</string>\n<string></string>\n<string>CbsPackageServicingFailure2</string>\n<string>Not available</string>\n<string>0</string>\n<string>6.1.7601.17514</string>\n<string>Package_for_KB2864058</string>\n<string>6.1.1.1</string>\n<string>amd64</string>\n<string>unknown</string>\n<string>8007000e</string>\n<string>CBS Other</string>\n<string>Resolved</string>\n<string>Installed</string>\n<string>WindowsUpdateAgent</string>\n<string>\nC:\\Windows\\Logs\\CBS\\CBS.log\nC:\\Windows\\servicing\\Sessions\\Sessions.xml\nC:\\Windows\\winsxs\\poqexec.log\nC:\\Windows\\winsxs\\pending.xml\nC:\\Windows\\inf\\setupapi.dev.log</string>\n<string>C:\\ProgramData\\Microsoft\\Windows\\WER\\ReportQueue\\Critical_6.1.7601.17514_404482cc1ba6b44c4b4724f521644e15e86ca4_cab_0b0c8c2f</string>\n<string></string>\n<string>0</string>\n<string>9737e80a-8595-11e3-8856-001641e7bb6b</string>\n<string>6</string>\n"
    },
    "RawXml": "<Event xmlns=\"http://schemas.microsoft.com/win/2004/08/events/event\"><System><Provider Name=\"Windows Error Reporting\"></Provider>\n<EventID Qualifiers=\"0\">1001</EventID>\n<Level>4</Level>\n<Task>0</Task>\n<Keywords>0x0080000000000000</Keywords>\n<TimeCreated SystemTime=\"2014-01-25 07:52:21+00:00\"></TimeCreated>\n<EventRecordID>277</EventRecordID>\n<Channel>Application</Channel>\n<Computer>IACIS-HDD-2014</Computer>\n<Security UserID=\"\"></Security>\n</System>\n<EventData><Data>&lt;string&gt;0&lt;/string&gt;\n&lt;string&gt;&lt;/string&gt;\n&lt;string&gt;CbsPackageServicingFailure2&lt;/string&gt;\n&lt;string&gt;Not available&lt;/string&gt;\n&lt;string&gt;0&lt;/string&gt;\n&lt;string&gt;6.1.7601.17514&lt;/string&gt;\n&lt;string&gt;Package_for_KB2864058&lt;/string&gt;\n&lt;string&gt;6.1.1.1&lt;/string&gt;\n&lt;string&gt;amd64&lt;/string&gt;\n&lt;string&gt;unknown&lt;/string&gt;\n&lt;string&gt;8007000e&lt;/string&gt;\n&lt;string&gt;CBS Other&lt;/string&gt;\n&lt;string&gt;Resolved&lt;/string&gt;\n&lt;string&gt;Installed&lt;/string&gt;\n&lt;string&gt;WindowsUpdateAgent&lt;/string&gt;\n&lt;string&gt;\r\nC:\\Windows\\Logs\\CBS\\CBS.log\r\nC:\\Windows\\servicing\\Sessions\\Sessions.xml\r\nC:\\Windows\\winsxs\\poqexec.log\r\nC:\\Windows\\winsxs\\pending.xml\r\nC:\\Windows\\inf\\setupapi.dev.log&lt;/string&gt;\n&lt;string&gt;C:\\ProgramData\\Microsoft\\Windows\\WER\\ReportQueue\\Critical_6.1.7601.17514_404482cc1ba6b44c4b4724f521644e15e86ca4_cab_0b0c8c2f&lt;/string&gt;\n&lt;string&gt;&lt;/string&gt;\n&lt;string&gt;0&lt;/string&gt;\n&lt;string&gt;9737e80a-8595-11e3-8856-001641e7bb6b&lt;/string&gt;\n&lt;string&gt;6&lt;/string&gt;\n</Data>\n<Binary></Binary>\n</EventData>\n</Event>\n"
  },
  {
    "EventID": 1001,
    "Timestamp": "2014-01-25 07:52:21+00:00",
    "Computer": "IACIS-HDD-2014",
    "Channel": "Application",
    "Level": "Information",
    "EventData": {
      "": "<string>0</string>\n<string></string>\n<string>CbsPackageServicingFailure2</string>\n<string>Not available</string>\n<string>0</string>\n<string>6.1.7601.17514</string>\n<string>Package_for_KB2864058</string>\n<string>6.1.1.1</string>\n<string>amd64</string>\n<string>unknown</string>\n<string>8007000e</string>\n<string>CBS Other</string>\n<string>Resolved</string>\n<string>Installed</string>\n<string>WindowsUpdateAgent</string>\n<string>\nC:\\Windows\\Logs\\CBS\\CBS.log\nC:\\Windows\\servicing\\Sessions\\Sessions.xml\nC:\\Windows\\winsxs\\poqexec.log\nC:\\Windows\\winsxs\\pending.xml\nC:\\Windows\\inf\\setupapi.dev.log</string>\n<string></string>\n<string></string>\n<string>0</string>\n<string>9737e80a-8595-11e3-8856-001641e7bb6b</string>\n<string>0</string>\n"
    },
    "RawXml": "<Event xmlns=\"http://schemas.microsoft.com/win/2004/08/events/event\"><System><Provider Name=\"Windows Error Reporting\"></Provider>\n<EventID Qualifiers=\"0\">1001</EventID>\n<Level>4</Level>\n<Task>0</Task>\n<Keywords>0x0080000000000000</Keywords>\n<TimeCreated SystemTime=\"2014-01-25 07:52:21+00:00\"></TimeCreated>\n<EventRecordID>278</EventRecordID>\n<Channel>Application</Channel>\n<Computer>IACIS-HDD-2014</Computer>\n<Security UserID=\"\"></Security>\n</System>\n<EventData><Data>&lt;string&gt;0&lt;/string&gt;\n&lt;string&gt;&lt;/string&gt;\n&lt;string&gt;CbsPackageServicingFailure2&lt;/string&gt;\n&lt;string&gt;Not available&lt;/string&gt;\n&lt;string&gt;0&lt;/string&gt;\n&lt;string&gt;6.1.7601.17514&lt;/string&gt;\n&lt;string&gt;Package_for_KB2864058&lt;/string&gt;\n&lt;string&gt;6.1.1.1&lt;/string&gt;\n&lt;string&gt;amd64&lt;/string&gt;\n&lt;string&gt;unknown&lt;/string&gt;\n&lt;string&gt;8007000e&lt;/string&gt;\n&lt;string&gt;CBS Other&lt;/string&gt;\n&lt;string&gt;Resolved&lt;/string&gt;\n&lt;string&gt;Installed&lt;/string&gt;\n&lt;string&gt;WindowsUpdateAgent&lt;/string&gt;\n&lt;string&gt;\r\nC:\\Windows\\Logs\\CBS\\CBS.log\r\nC:\\Windows\\servicing\\Sessions\\Sessions.xml\r\nC:\\Windows\\winsxs\\poqexec.log\r\nC:\\Windows\\winsxs\\pending.xml\r\nC:\\Windows\\inf\\setupapi.dev.log&lt;/string&gt;\n&lt;string&gt;&lt;/string&gt;\n&lt;string&gt;&lt;/string&gt;\n&lt;string&gt;0&lt;/string&gt;\n&lt;string&gt;9737e80a-8595-11e3-8856-001641e7bb6b&lt;/string&gt;\n&lt;string&gt;0&lt;/string&gt;\n</Data>\n<Binary></Binary>\n</EventData>\n</Event>\n"
  },
  {
    "EventID": 1001,
    "Timestamp": "2014-01-25 07:52:32+00:00",
    "Computer": "IACIS-HDD-2014",
    "Channel": "Application",
    "Level": "Information",
    "EventData": {
      "": "<string>0</string>\n<string></string>\n<string>WindowsUpdateFailure</string>\n<string>Not available</string>\n<string>0</string>\n<string>7.6.7600.256</string>\n<string>8007000e</string>\n<string>B5FE9FEC-70D7-4799-8C2A-2FAB428EC3CD</string>\n<string>Install</string>\n<string>101</string>\n<string>Unmanaged</string>\n<string></string>\n<string></string>\n<string></string>\n<string></string>\n<string></string>\n<string></string>\n<string></string>\n<string>0</string>\n<string>a4732e2f-8595-11e3-8856-001641e7bb6b</string>\n<string>0</string>\n"
    },
    "RawXml": "<Event xmlns=\"http://schemas.microsoft.com/win/2004/08/events/event\"><System><Provider Name=\"Windows Error Reporting\"></Provider>\n<EventID Qualifiers=\"0\">1001</EventID>\n<Level>4</Level>\n<Task>0</Task>\n<Keywords>0x0080000000000000</Keywords>\n<TimeCreated SystemTime=\"2014-01-25 07:52:32+00:00\"></TimeCreated>\n<EventRecordID>279</EventRecordID>\n<Channel>Application</Channel>\n<Computer>IACIS-HDD-2014</Computer>\n<Security UserID=\"\"></Security>\n</System>\n<EventData><Data>&lt;string&gt;0&lt;/string&gt;\n&lt;string&gt;&lt;/string&gt;\n&lt;string&gt;WindowsUpdateFailure&lt;/string&gt;\n&lt;string&gt;Not available&lt;/string&gt;\n&lt;string&gt;0&lt;/string&gt;\n&lt;string&gt;7.6.7600.256&lt;/string&gt;\n&lt;string&gt;8007000e&lt;/string&gt;\n&lt;string&gt;B5FE9FEC-70D7-4799-8C2A-2FAB428EC3CD&lt;/string&gt;\n&lt;string&gt;Install&lt;/string&gt;\n&lt;string&gt;101&lt;/string&gt;\n&lt;string&gt;Unmanaged&lt;/string&gt;\n&lt;string&gt;&lt;/string&gt;\n&lt;string&gt;&lt;/string&gt;\n&lt;string&gt;&lt;/string&gt;\n&lt;string&gt;&lt;/string&gt;\n&lt;string&gt;&lt;/string&gt;\n&lt;string&gt;&lt;/string&gt;\n&lt;string&gt;&lt;/string&gt;\n&lt;string&gt;0&lt;/string&gt;\n&lt;string&gt;a4732e2f-8595-11e3-8856-001641e7bb6b&lt;/string&gt;\n&lt;string&gt;0&lt;/string&gt;\n</Data>\n<Binary></Binary>\n</EventData>\n</Event>\n"
  },
  {
    "EventID": 1001,
    "Timestamp": "2014-01-25 07:52:33+00:00",
    "Computer": "IACIS-HDD-2014",
    "Channel": "Application",
    "Level": "Information",
    "EventData": {
      "": "<string>0</string>\n<string></string>\n<string>WindowsUpdateFailure</string>\n<string>Not available</string>\n<string>0</string>\n<string>7.6.7600.256</string>\n<string>8007000e</string>\n<string>B5FE9FEC-70D7-4799-8C2A-2FAB428EC3CD</string>\n<string>Install</string>\n<string>101</string>\n<string>Unmanaged</string>\n<string></string>\n<string></string>\n<string></string>\n<string></string>\n<string></string>\n<string>C:\\ProgramData\\Microsoft\\Windows\\WER\\ReportQueue\\NonCritical_7.6.7600.256_9e2c8956afaa11c34baf22661e844ad4e2c4ee5_cab_0b00e4e9</string>\n<string></string>\n<string>0</string>\n<string>a4732e2f-8595-11e3-8856-001641e7bb6b</string>\n<string>6</string>\n"
    },
    "RawXml": "<Event xmlns=\"http://schemas.microsoft.com/win/2004/08/events/event\"><System><Provider Name=\"Windows Error Reporting\"></Provider>\n<EventID Qualifiers=\"0\">1001</EventID>\n<Level>4</Level>\n<Task>0</Task>\n<Keywords>0x0080000000000000</Keywords>\n<TimeCreated SystemTime=\"2014-01-25 07:52:33+00:00\"></TimeCreated>\n<EventRecordID>280</EventRecordID>\n<Channel>Application</Channel>\n<Computer>IACIS-HDD-2014</Computer>\n<Security UserID=\"\"></Security>\n</System>\n<EventData><Data>&lt;string&gt;0&lt;/string&gt;\n&lt;string&gt;&lt;/string&gt;\n&lt;string&gt;WindowsUpdateFailure&lt;/string&gt;\n&lt;string&gt;Not available&lt;/string&gt;\n&lt;string&gt;0&lt;/string&gt;\n&lt;string&gt;7.6.7600.256&lt;/string&gt;\n&lt;string&gt;8007000e&lt;/string&gt;\n&lt;string&gt;B5FE9FEC-70D7-4799-8C2A-2FAB428EC3CD&lt;/string&gt;\n&lt;string&gt;Install&lt;/string&gt;\n&lt;string&gt;101&lt;/string&gt;\n&lt;string&gt;Unmanaged&lt;/string&gt;\n&lt;string&gt;&lt;/string&gt;\n&lt;string&gt;&lt;/string&gt;\n&lt;string&gt;&lt;/string&gt;\n&lt;string&gt;&lt;/string&gt;\n&lt;string&gt;&lt;/string&gt;\n&lt;string&gt;C:\\ProgramData\\Microsoft\\Windows\\WER\\ReportQueue\\NonCritical_7.6.7600.256_9e2c8956afaa11c34baf22661e844ad4e2c4ee5_cab_0b00e4e9&lt;/string&gt;\n&lt;string&gt;&lt;/string&gt;\n&lt;string&gt;0&lt;/string&gt;\n&lt;string&gt;a4732e2f-8595-11e3-8856-001641e7bb6b&lt;/string&gt;\n&lt;string&gt;6&lt;/string&gt;\n</Data>\n<Binary></Binary>\n</EventData>\n</Event>\n"
  },
  {
    "EventID": 8224,
    "Timestamp": "2014-01-25 07:55:26+00:00",
    "Computer": "IACIS-HDD-2014",
    "Channel": "Application",
    "Level": "Information",
    "EventData": {
      "": "<string></string>\n"
    },
    "RawXml": "<Event xmlns=\"http://schemas.microsoft.com/win/2004/08/events/event\"><System><Provider Name=\"VSS\"></Provider>\n<EventID Qualifiers=\"0\">8224</EventID>\n<Level>4</Level>\n<Task>0</Task>\n<Keywords>0x0080000000000000</Keywords>\n<TimeCreated SystemTime=\"2014-01-25 07:55:26+00:00\"></TimeCreated>\n<EventRecordID>281</EventRecordID>\n<Channel>Application</Channel>\n<Computer>IACIS-HDD-2014</Computer>\n<Security UserID=\"\"></Security>\n</System>\n<EventData><Data>&lt;string&gt;&lt;/string&gt;\n</Data>\n<Binary>LSBDb2RlOiAgQ09SU1ZDQzAwMDAwNzczLSBDYWxsOiAgQ09SU1ZDQzAwMDAwNzU1LSBQSUQ6ICAwMDAwMjU4MC0gVElEOiAgMDAwMDI0NjQtIENNRDogIEM6XFdpbmRvd3Ncc3lzdGVtMzJcdnNzdmMuZXhlICAgLSBVc2VyOiBOYW1lOiBOVCBBVVRIT1JJVFlcU1lTVEVNLCBTSUQ6Uy0xLTUtMTgg</Binary>\n</EventData>\n</Event>\n"
  },
  {
    "EventID": 1001,
    "Timestamp": "2014-01-25 08:39:18+00:00",
    "Computer": "IACIS-HDD-2014",
    "Channel": "Application",
    "Level": "Information",
    "EventData": {
      "": "<string>0</string>\n<string></string>\n<string>WindowsWcpOtherFailure3</string>\n<string>Not available</string>\n<string>0</string>\n<string>6.1.7601</string>\n<string>base\\xml\\udom_microdom.cpp</string>\n<string>MicrodomImplementation::CMicrodom::Initialize</string>\n<string>2527</string>\n<string>c0000017</string>\n<string>0x4de892c0</string>\n<string></string>\n<string></string>\n<string></string>\n<string></string>\n<string>\nC:\\Windows\\Logs\\CBS\\CBS.log\nC:\\Windows\\servicing\\Sessions\\Sessions.xml\nC:\\Windows\\winsxs\\pending.xml\nC:\\Windows\\winsxs\\poqexec.log\nC:\\Windows\\System32\\LogFiles\\Scm\\SCM.EVM\nC:\\Windows\\Logs\\CBS\\FilterList.log\nC:\\Windows\\Temp\\WER63D9.tmp.mdmp</string>\n<string>C:\\ProgramData\\Microsoft\\Windows\\WER\\ReportQueue\\Critical_6.1.7601_5bd03c843d6e21d3f6231364e04a059b997243c_cab_0ac37bcb</string>\n<string></string>\n<string>0</string>\n<string>a97d5803-8595-11e3-8856-001641e7bb6b</string>\n<string>6</string>\n"
    },
    "RawXml": "<Event xmlns=\"http://schemas.microsoft.com/win/2004/08/events/event\"><System><Provider Name=\"Windows Error Reporting\"></Provider>\n<EventID Qualifiers=\"0\">1001</EventID>\n<Level>4</Level>\n<Task>0</Task>\n<Keywords>0x0080000000000000</Keywords>\n<TimeCreated SystemTime=\"2014-01-25 08:39:18+00:00\"></TimeCreated>\n<EventRecordID>282</EventRecordID>\n<Channel>Application</Channel>\n<Computer>IACIS-HDD-2014</Computer>\n<Security UserID=\"\"></Security>\n</System>\n<EventData><Data>&lt;string&gt;0&lt;/string&gt;\n&lt;string&gt;&lt;/string&gt;\n&lt;string&gt;WindowsWcpOtherFailure3&lt;/string&gt;\n&lt;string&gt;Not available&lt;/string&gt;\n&lt;string&gt;0&lt;/string&gt;\n&lt;string&gt;6.1.7601&lt;/string&gt;\n&lt;string&gt;base\\xml\\udom_microdom.cpp&lt;/string&gt;\n&lt;string&gt;MicrodomImplementation::CMicrodom::Initialize&lt;/string&gt;\n&lt;string&gt;2527&lt;/string&gt;\n&lt;string&gt;c0000017&lt;/string&gt;\n&lt;string&gt;0x4de892c0&lt;/string&gt;\n&lt;string&gt;&lt;/string&gt;\n&lt;string&gt;&lt;/string&gt;\n&lt;string&gt;&lt;/string&gt;\n&lt;string&gt;&lt;/string&gt;\n&lt;string&gt;\r\nC:\\Windows\\Logs\\CBS\\CBS.log\r\nC:\\Windows\\servicing\\Sessions\\Sessions.xml\r\nC:\\Windows\\winsxs\\pending.xml\r\nC:\\Windows\\winsxs\\poqexec.log\r\nC:\\Windows\\System32\\LogFiles\\Scm\\SCM.EVM\r\nC:\\Windows\\Logs\\CBS\\FilterList.log\r\nC:\\Windows\\Temp\\WER63D9.tmp.mdmp&lt;/string&gt;\n&lt;string&gt;C:\\ProgramData\\Microsoft\\Windows\\WER\\ReportQueue\\Critical_6.1.7601_5bd03c843d6e21d3f6231364e04a059b997243c_cab_0ac37bcb&lt;/string&gt;\n&lt;string&gt;&lt;/string&gt;\n&lt;string&gt;0&lt;/string&gt;\n&lt;string&gt;a97d5803-8595-11e3-8856-001641e7bb6b&lt;/string&gt;\n&lt;string&gt;6&lt;/string&gt;\n</Data>\n<Binary></Binary>\n</EventData>\n</Event>\n"
  },
  {
    "EventID": 1001,
    "Timestamp": "2014-01-25 08:39:20+00:00",
    "Computer": "IACIS-HDD-2014",
    "Channel": "Application",
    "Level": "Information",
    "EventData": {
      "": "<string>0</string>\n<string></string>\n<string>WindowsWcpOtherFailure3</string>\n<string>Not available</string>\n<string>0</string>\n<string>6.1.7601</string>\n<string>base\\xml\\udom_microdom.cpp</string>\n<string>MicrodomImplementation::CMicrodom::Initialize</string>\n<string>2527</string>\n<string>c0000017</string>\n<string>0x4de892c0</string>\n<string></string>\n<string></string>\n<string></string>\n<string></string>\n<string>\nC:\\Windows\\Logs\\CBS\\CBS.log\nC:\\Windows\\servicing\\Sessions\\Sessions.xml\nC:\\Windows\\winsxs\\pending.xml\nC:\\Windows\\winsxs\\poqexec.log\nC:\\Windows\\System32\\LogFiles\\Scm\\SCM.EVM\nC:\\Windows\\Logs\\CBS\\FilterList.log</string>\n<string></string>\n<string></string>\n<string>0</string>\n<string>a97d5803-8595-11e3-8856-001641e7bb6b</string>\n<string>0</string>\n"
    },
    "RawXml": "<Event xmlns=\"http://schemas.microsoft.com/win/2004/08/events/event\"><System><Provider Name=\"Windows Error Reporting\"></Provider>\n<EventID Qualifiers=\"0\">1001</EventID>\n<Level>4</Level>\n<Task>0</Task>\n<Keywords>0x0080000000000000</Keywords>\n<TimeCreated SystemTime=\"2014-01-25 08:39:20+00:00\"></TimeCreated>\n<EventRecordID>283</EventRecordID>\n<Channel>Application</Channel>\n<Computer>IACIS-HDD-2014</Computer>\n<Security UserID=\"\"></Security>\n</System>\n<EventData><Data>&lt;string&gt;0&lt;/string&gt;\n&lt;string&gt;&lt;/string&gt;\n&lt;string&gt;WindowsWcpOtherFailure3&lt;/string&gt;\n&lt;string&gt;Not available&lt;/string&gt;\n&lt;string&gt;0&lt;/string&gt;\n&lt;string&gt;6.1.7601&lt;/string&gt;\n&lt;string&gt;base\\xml\\udom_microdom.cpp&lt;/string&gt;\n&lt;string&gt;MicrodomImplementation::CMicrodom::Initialize&lt;/string&gt;\n&lt;string&gt;2527&lt;/string&gt;\n&lt;string&gt;c0000017&lt;/string&gt;\n&lt;string&gt;0x4de892c0&lt;/string&gt;\n&lt;string&gt;&lt;/string&gt;\n&lt;string&gt;&lt;/string&gt;\n&lt;string&gt;&lt;/string&gt;\n&lt;string&gt;&lt;/string&gt;\n&lt;string&gt;\r\nC:\\Windows\\Logs\\CBS\\CBS.log\r\nC:\\Windows\\servicing\\Sessions\\Sessions.xml\r\nC:\\Windows\\winsxs\\pending.xml\r\nC:\\Windows\\winsxs\\poqexec.log\r\nC:\\Windows\\System32\\LogFiles\\Scm\\SCM.EVM\r\nC:\\Windows\\Logs\\CBS\\FilterList.log&lt;/string&gt;\n&lt;string&gt;&lt;/string&gt;\n&lt;string&gt;&lt;/string&gt;\n&lt;string&gt;0&lt;/string&gt;\n&lt;string&gt;a97d5803-8595-11e3-8856-001641e7bb6b&lt;/string&gt;\n&lt;string&gt;0&lt;/string&gt;\n</Data>\n<Binary></Binary>\n</EventData>\n</Event>\n"
  },
  {
    "EventID": 1001,
    "Timestamp": "2014-01-25 08:40:12+00:00",
    "Computer": "IACIS-HDD-2014",
    "Channel": "Application",
    "Level": "Information",
    "EventData": {
      "": "<string>0</string>\n<string></string>\n<string>CbsPackageServicingFailure2</string>\n<string>Not available</string>\n<string>0</string>\n<string>6.1.7601.17514</string>\n<string>Package_for_KB2552343</string>\n<string>6.1.1.0</string>\n<string>amd64</string>\n<string>unknown</string>\n<string>8007000e</string>\n<string>CBS Other</string>\n<string>Installed</string>\n<string>Installed</string>\n<string>WindowsUpdateAgent</string>\n<string>\nC:\\Windows\\Logs\\CBS\\CBS.log\nC:\\Windows\\servicing\\Sessions\\Sessions.xml\nC:\\Windows\\winsxs\\poqexec.log\nC:\\Windows\\winsxs\\pending.xml\nC:\\Windows\\inf\\setupapi.dev.log</string>\n<string>C:\\ProgramData\\Microsoft\\Windows\\WER\\ReportQueue\\Critical_6.1.7601.17514_9d3881cb1ca958d143c393f833db99492c5f951_cab_0a97ccb8</string>\n<string></string>\n<string>0</string>\n<string>2ef5d28f-859c-11e3-8856-001641e7bb6b</string>\n<string>6</string>\n"
    },
    "RawXml": "<Event xmlns=\"http://schemas.microsoft.com/win/2004/08/events/event\"><System><Provider Name=\"Windows Error Reporting\"></Provider>\n<EventID Qualifiers=\"0\">1001</EventID>\n<Level>4</Level>\n<Task>0</Task>\n<Keywords>0x0080000000000000</Keywords>\n<TimeCreated SystemTime=\"2014-01-25 08:40:12+00:00\"></TimeCreated>\n<EventRecordID>284</EventRecordID>\n<Channel>Application</Channel>\n<Computer>IACIS-HDD-2014</Computer>\n<Security UserID=\"\"></Security>\n</System>\n<EventData><Data>&lt;string&gt;0&lt;/string&gt;\n&lt;string&gt;&lt;/string&gt;\n&lt;string&gt;CbsPackageServicingFailure2&lt;/string&gt;\n&lt;string&gt;Not available&lt;/string&gt;\n&lt;string&gt;0&lt;/string&gt;\n&lt;string&gt;6.1.7601.17514&lt;/string&gt;\n&lt;string&gt;Package_for_KB2552343&lt;/string&gt;\n&lt;string&gt;6.1.1.0&lt;/string&gt;\n&lt;string&gt;amd64&lt;/string&gt;\n&lt;string&gt;unknown&lt;/string&gt;\n&lt;string&gt;8007000e&lt;/string&gt;\n&lt;string&gt;CBS Other&lt;/string&gt;\n&lt;string&gt;Installed&lt;/string&gt;\n&lt;string&gt;Installed&lt;/string&gt;\n&lt;string&gt;WindowsUpdateAgent&lt;/string&gt;\n&lt;string&gt;\r\nC:\\Windows\\Logs\\CBS\\CBS.log\r\nC:\\Windows\\servicing\\Sessions\\Sessions.xml\r\nC:\\Windows\\winsxs\\poqexec.log\r\nC:\\Windows\\winsxs\\pending.xml\r\nC:\\Windows\\inf\\setupapi.dev.log&lt;/string&gt;\n&lt;string&gt;C:\\ProgramData\\Microsoft\\Windows\\WER\\ReportQueue\\Critical_6.1.7601.17514_9d3881cb1ca958d143c393f833db99492c5f951_cab_0a97ccb8&lt;/string&gt;\n&lt;string&gt;&lt;/string&gt;\n&lt;string&gt;0&lt;/string&gt;\n&lt;string&gt;2ef5d28f-859c-11e3-8856-001641e7bb6b&lt;/string&gt;\n&lt;string&gt;6&lt;/string&gt;\n</Data>\n<Binary></Binary>\n</EventData>\n</Event>\n"
  },
  {
    "EventID": 1001,
    "Timestamp": "2014-01-25 08:40:12+00:00",
    "Computer": "IACIS-HDD-2014",
    "Channel": "Application",
    "Level": "Information",
    "EventData": {
      "": "<string>0</string>\n<string></string>\n<string>CbsPackageServicingFailure2</string>\n<string>Not available</string>\n<string>0</string>\n<string>6.1.7601.17514</string>\n<string>Package_for_KB2552343</string>\n<string>6.1.1.0</string>\n<string>amd64</string>\n<string>unknown</string>\n<string>8007000e</string>\n<string>CBS Other</string>\n<string>Installed</string>\n<string>Installed</string>\n<string>WindowsUpdateAgent</string>\n<string>\nC:\\Windows\\Logs\\CBS\\CBS.log\nC:\\Windows\\servicing\\Sessions\\Sessions.xml\nC:\\Windows\\winsxs\\poqexec.log\nC:\\Windows\\winsxs\\pending.xml\nC:\\Windows\\inf\\setupapi.dev.log</string>\n<string></string>\n<string></string>\n<string>0</string>\n<string>2ef5d28f-859c-11e3-8856-001641e7bb6b</string>\n<string>0</string>\n"
    },
    "RawXml": "<Event xmlns=\"http://schemas.microsoft.com/win/2004/08/events/event\"><System><Provider Name=\"Windows Error Reporting\"></Provider>\n<EventID Qualifiers=\"0\">1001</EventID>\n<Level>4</Level>\n<Task>0</Task>\n<Keywords>0x0080000000000000</Keywords>\n<TimeCreated SystemTime=\"2014-01-25 08:40:12+00:00\"></TimeCreated>\n<EventRecordID>285</EventRecordID>\n<Channel>Application</Channel>\n<Computer>IACIS-HDD-2014</Computer>\n<Security UserID=\"\"></Security>\n</System>\n<EventData><Data>&lt;string&gt;0&lt;/string&gt;\n&lt;string&gt;&lt;/string&gt;\n&lt;string&gt;CbsPackageServicingFailure2&lt;/string&gt;\n&lt;string&gt;Not available&lt;/string&gt;\n&lt;string&gt;0&lt;/string&gt;\n&lt;string&gt;6.1.7601.17514&lt;/string&gt;\n&lt;string&gt;Package_for_KB2552343&lt;/string&gt;\n&lt;string&gt;6.1.1.0&lt;/string&gt;\n&lt;string&gt;amd64&lt;/string&gt;\n&lt;string&gt;unknown&lt;/string&gt;\n&lt;string&gt;8007000e&lt;/string&gt;\n&lt;string&gt;CBS Other&lt;/string&gt;\n&lt;string&gt;Installed&lt;/string&gt;\n&lt;string&gt;Installed&lt;/string&gt;\n&lt;string&gt;WindowsUpdateAgent&lt;/string&gt;\n&lt;string&gt;\r\nC:\\Windows\\Logs\\CBS\\CBS.log\r\nC:\\Windows\\servicing\\Sessions\\Sessions.xml\r\nC:\\Windows\\winsxs\\poqexec.log\r\nC:\\Windows\\winsxs\\pending.xml\r\nC:\\Windows\\inf\\setupapi.dev.log&lt;/string&gt;\n&lt;string&gt;&lt;/string&gt;\n&lt;string&gt;&lt;/string&gt;\n&lt;string&gt;0&lt;/string&gt;\n&lt;string&gt;2ef5d28f-859c-11e3-8856-001641e7bb6b&lt;/string&gt;\n&lt;string&gt;0&lt;/string&gt;\n</Data>\n<Binary></Binary>\n</EventData>\n</Event>\n"
  },
  {
    "EventID": 1001,
    "Timestamp": "2014-01-25 08:53:25+00:00",
    "Computer": "IACIS-HDD-2014",
    "Channel": "Application",
    "Level": "Information",
    "EventData": {
      "": "<string>0</string>\n<string></string>\n<string>WindowsUpdateFailure</string>\n<string>Not available</string>\n<string>0</string>\n<string>7.6.7600.256</string>\n<string>800706be</string>\n<string>61BFE3EC-A1DC-4EAB-9481-0D8FD7319AE8</string>\n<string>Install</string>\n<string>101</string>\n<string>Unmanaged</string>\n<string></string>\n<string></string>\n<string></string>\n<string></string>\n<string></string>\n<string></string>\n<string></string>\n<string>0</string>\n<string>2597636a-859e-11e3-8856-001641e7bb6b</string>\n<string>0</string>\n"
    },
    "RawXml": "<Event xmlns=\"http://schemas.microsoft.com/win/2004/08/events/event\"><System><Provider Name=\"Windows Error Reporting\"></Provider>\n<EventID Qualifiers=\"0\">1001</EventID>\n<Level>4</Level>\n<Task>0</Task>\n<Keywords>0x0080000000000000</Keywords>\n<TimeCreated SystemTime=\"2014-01-25 08:53:25+00:00\"></TimeCreated>\n<EventRecordID>286</EventRecordID>\n<Channel>Application</Channel>\n<Computer>IACIS-HDD-2014</Computer>\n<Security UserID=\"\"></Security>\n</System>\n<EventData><Data>&lt;string&gt;0&lt;/string&gt;\n&lt;string&gt;&lt;/string&gt;\n&lt;string&gt;WindowsUpdateFailure&lt;/string&gt;\n&lt;string&gt;Not available&lt;/string&gt;\n&lt;string&gt;0&lt;/string&gt;\n&lt;string&gt;7.6.7600.256&lt;/string&gt;\n&lt;string&gt;800706be&lt;/string&gt;\n&lt;string&gt;61BFE3EC-A1DC-4EAB-9481-0D8FD7319AE8&lt;/string&gt;\n&lt;string&gt;Install&lt;/string&gt;\n&lt;string&gt;101&lt;/string&gt;\n&lt;string&gt;Unmanaged&lt;/string&gt;\n&lt;string&gt;&lt;/string&gt;\n&lt;string&gt;&lt;/string&gt;\n&lt;string&gt;&lt;/string&gt;\n&lt;string&gt;&lt;/string&gt;\n&lt;string&gt;&lt;/string&gt;\n&lt;string&gt;&lt;/string&gt;\n&lt;string&gt;&lt;/string&gt;\n&lt;string&gt;0&lt;/string&gt;\n&lt;string&gt;2597636a-859e-11e3-8856-001641e7bb6b&lt;/string&gt;\n&lt;string&gt;0&lt;/string&gt;\n</Data>\n<Binary></Binary>\n</EventData>\n</Event>\n"
  },
  {
    "EventID": 1001,
    "Timestamp": "2014-01-25 08:53:26+00:00",
    "Computer": "IACIS-HDD-2014",
    "Channel": "Application",
    "Level": "Information",
    "EventData": {
      "": "<string>0</string>\n<string></string>\n<string>WindowsUpdateFailure</string>\n<string>Not available</string>\n<string>0</string>\n<string>7.6.7600.256</string>\n<string>800706ba</string>\n<string>2EE7B9F1-22B7-4618-84B1-8F0804A2ED02</string>\n<string>Install</string>\n<string>101</string>\n<string>Unmanaged</string>\n<string></string>\n<string></string>\n<string></string>\n<string></string>\n<string></string>\n<string></string>\n<string></string>\n<string>0</string>\n<string>2597636b-859e-11e3-8856-001641e7bb6b</string>\n<string>0</string>\n"
    },
    "RawXml": "<Event xmlns=\"http://schemas.microsoft.com/win/2004/08/events/event\"><System><Provider Name=\"Windows Error Reporting\"></Provider>\n<EventID Qualifiers=\"0\">1001</EventID>\n<Level>4</Level>\n<Task>0</Task>\n<Keywords>0x0080000000000000</Keywords>\n<TimeCreated SystemTime=\"2014-01-25 08:53:26+00:00\"></TimeCreated>\n<EventRecordID>287</EventRecordID>\n<Channel>Application</Channel>\n<Computer>IACIS-HDD-2014</Computer>\n<Security UserID=\"\"></Security>\n</System>\n<EventData><Data>&lt;string&gt;0&lt;/string&gt;\n&lt;string&gt;&lt;/string&gt;\n&lt;string&gt;WindowsUpdateFailure&lt;/string&gt;\n&lt;string&gt;Not available&lt;/string&gt;\n&lt;string&gt;0&lt;/string&gt;\n&lt;string&gt;7.6.7600.256&lt;/string&gt;\n&lt;string&gt;800706ba&lt;/string&gt;\n&lt;string&gt;2EE7B9F1-22B7-4618-84B1-8F0804A2ED02&lt;/string&gt;\n&lt;string&gt;Install&lt;/string&gt;\n&lt;string&gt;101&lt;/string&gt;\n&lt;string&gt;Unmanaged&lt;/string&gt;\n&lt;string&gt;&lt;/string&gt;\n&lt;string&gt;&lt;/string&gt;\n&lt;string&gt;&lt;/string&gt;\n&lt;string&gt;&lt;/string&gt;\n&lt;string&gt;&lt;/string&gt;\n&lt;string&gt;&lt;/string&gt;\n&lt;string&gt;&lt;/string&gt;\n&lt;string&gt;0&lt;/string&gt;\n&lt;string&gt;2597636b-859e-11e3-8856-001641e7bb6b&lt;/string&gt;\n&lt;string&gt;0&lt;/string&gt;\n</Data>\n<Binary></Binary>\n</EventData>\n</Event>\n"
  },
  {
    "EventID": 1001,
    "Timestamp": "2014-01-25 08:53:26+00:00",
    "Computer": "IACIS-HDD-2014",
    "Channel": "Application",
    "Level": "Information",
    "EventData": {
      "": "<string>0</string>\n<string></string>\n<string>WindowsUpdateFailure</string>\n<string>Not available</string>\n<string>0</string>\n<string>7.6.7600.256</string>\n<string>800706ba</string>\n<string>379DCBF4-987B-4305-8709-762CE57B05E6</string>\n<string>Install</string>\n<string>101</string>\n<string>Unmanaged</string>\n<string></string>\n<string></string>\n<string></string>\n<string></string>\n<string></string>\n<string></string>\n<string></string>\n<string>0</string>\n<string>2597636c-859e-11e3-8856-001641e7bb6b</string>\n<string>0</string>\n"
    },
    "RawXml": "<Event xmlns=\"http://schemas.microsoft.com/win/2004/08/events/event\"><System><Provider Name=\"Windows Error Reporting\"></Provider>\n<EventID Qualifiers=\"0\">1001</EventID>\n<Level>4</Level>\n<Task>0</Task>\n<Keywords>0x0080000000000000</Keywords>\n<TimeCreated SystemTime=\"2014-01-25 08:53:26+00:00\"></TimeCreated>\n<EventRecordID>288</EventRecordID>\n<Channel>Application</Channel>\n<Computer>IACIS-HDD-2014</Computer>\n<Security UserID=\"\"></Security>\n</System>\n<EventData><Data>&lt;string&gt;0&lt;/string&gt;\n&lt;string&gt;&lt;/string&gt;\n&lt;string&gt;WindowsUpdateFailure&lt;/string&gt;\n&lt;string&gt;Not available&lt;/string&gt;\n&lt;string&gt;0&lt;/string&gt;\n&lt;string&gt;7.6.7600.256&lt;/string&gt;\n&lt;string&gt;800706ba&lt;/string&gt;\n&lt;string&gt;379DCBF4-987B-4305-8709-762CE57B05E6&lt;/string&gt;\n&lt;string&gt;Install&lt;/string&gt;\n&lt;string&gt;101&lt;/string&gt;\n&lt;string&gt;Unmanaged&lt;/string&gt;\n&lt;string&gt;&lt;/string&gt;\n&lt;string&gt;&lt;/string&gt;\n&lt;string&gt;&lt;/string&gt;\n&lt;string&gt;&lt;/string&gt;\n&lt;string&gt;&lt;/string&gt;\n&lt;string&gt;&lt;/string&gt;\n&lt;string&gt;&lt;/string&gt;\n&lt;string&gt;0&lt;/string&gt;\n&lt;string&gt;2597636c-859e-11e3-8856-001641e7bb6b&lt;/string&gt;\n&lt;string&gt;0&lt;/string&gt;\n</Data>\n<Binary></Binary>\n</EventData>\n</Event>\n"
  },
  {
    "EventID": 1001,
    "Timestamp": "2014-01-25 08:53:26+00:00",
    "Computer": "IACIS-HDD-2014",
    "Channel": "Application",
    "Level": "Information",
    "EventData": {
      "": "<string>0</string>\n<string></string>\n<string>WindowsUpdateFailure</string>\n<string>Not available</string>\n<string>0</string>\n<string>7.6.7600.256</string>\n<string>800706be</string>\n<string>61BFE3EC-A1DC-4EAB-9481-0D8FD7319AE8</string>\n<string>Install</string>\n<string>101</string>\n<string>Unmanaged</string>\n<string></string>\n<string></string>\n<string></string>\n<string></string>\n<string></string>\n<string>C:\\ProgramData\\Microsoft\\Windows\\WER\\ReportQueue\\NonCritical_7.6.7600.256_fe98d68eebbe2ef61e0c67ff1ac7eecba27bf19_cab_0458a0e8</string>\n<string></string>\n<string>0</string>\n<string>2597636a-859e-11e3-8856-001641e7bb6b</string>\n<string>6</string>\n"
    },
    "RawXml": "<Event xmlns=\"http://schemas.microsoft.com/win/2004/08/events/event\"><System><Provider Name=\"Windows Error Reporting\"></Provider>\n<EventID Qualifiers=\"0\">1001</EventID>\n<Level>4</Level>\n<Task>0</Task>\n<Keywords>0x0080000000000000</Keywords>\n<TimeCreated SystemTime=\"2014-01-25 08:53:26+00:00\"></TimeCreated>\n<EventRecordID>289</EventRecordID>\n<Channel>Application</Channel>\n<Computer>IACIS-HDD-2014</Computer>\n<Security UserID=\"\"></Security>\n</System>\n<EventData><Data>&lt;string&gt;0&lt;/string&gt;\n&lt;string&gt;&lt;/string&gt;\n&lt;string&gt;WindowsUpdateFailure&lt;/string&gt;\n&lt;string&gt;Not available&lt;/string&gt;\n&lt;string&gt;0&lt;/string&gt;\n&lt;string&gt;7.6.7600.256&lt;/string&gt;\n&lt;string&gt;800706be&lt;/string&gt;\n&lt;string&gt;61BFE3EC-A1DC-4EAB-9481-0D8FD7319AE8&lt;/string&gt;\n&lt;string&gt;Install&lt;/string&gt;\n&lt;string&gt;101&lt;/string&gt;\n&lt;string&gt;Unmanaged&lt;/string&gt;\n&lt;string&gt;&lt;/string&gt;\n&lt;string&gt;&lt;/string&gt;\n&lt;string&gt;&lt;/string&gt;\n&lt;string&gt;&lt;/string&gt;\n&lt;string&gt;&lt;/string&gt;\n&lt;string&gt;C:\\ProgramData\\Microsoft\\Windows\\WER\\ReportQueue\\NonCritical_7.6.7600.256_fe98d68eebbe2ef61e0c67ff1ac7eecba27bf19_cab_0458a0e8&lt;/string&gt;\n&lt;string&gt;&lt;/string&gt;\n&lt;string&gt;0&lt;/string&gt;\n&lt;string&gt;2597636a-859e-11e3-8856-001641e7bb6b&lt;/string&gt;\n&lt;string&gt;6&lt;/string&gt;\n</Data>\n<Binary></Binary>\n</EventData>\n</Event>\n"
  },
  {
    "EventID": 1001,
    "Timestamp": "2014-01-25 08:53:27+00:00",
    "Computer": "IACIS-HDD-2014",
    "Channel": "Application",
    "Level": "Information",
    "EventData": {
      "": "<string>0</string>\n<string></string>\n<string>WindowsUpdateFailure</string>\n<string>Not available</string>\n<string>0</string>\n<string>7.6.7600.256</string>\n<string>800706ba</string>\n<string>57260DFE-227C-45E3-9FFC-2FC77A67F95A</string>\n<string>Install</string>\n<string>101</string>\n<string>Unmanaged</string>\n<string></string>\n<string></string>\n<string></string>\n<string></string>\n<string></string>\n<string></string>\n<string></string>\n<string>0</string>\n<string>2597636d-859e-11e3-8856-001641e7bb6b</string>\n<string>0</string>\n"
    },
    "RawXml": "<Event xmlns=\"http://schemas.microsoft.com/win/2004/08/events/event\"><System><Provider Name=\"Windows Error Reporting\"></Provider>\n<EventID Qualifiers=\"0\">1001</EventID>\n<Level>4</Level>\n<Task>0</Task>\n<Keywords>0x0080000000000000</Keywords>\n<TimeCreated SystemTime=\"2014-01-25 08:53:27+00:00\"></TimeCreated>\n<EventRecordID>290</EventRecordID>\n<Channel>Application</Channel>\n<Computer>IACIS-HDD-2014</Computer>\n<Security UserID=\"\"></Security>\n</System>\n<EventData><Data>&lt;string&gt;0&lt;/string&gt;\n&lt;string&gt;&lt;/string&gt;\n&lt;string&gt;WindowsUpdateFailure&lt;/string&gt;\n&lt;string&gt;Not available&lt;/string&gt;\n&lt;string&gt;0&lt;/string&gt;\n&lt;string&gt;7.6.7600.256&lt;/string&gt;\n&lt;string&gt;800706ba&lt;/string&gt;\n&lt;string&gt;57260DFE-227C-45E3-9FFC-2FC77A67F95A&lt;/string&gt;\n&lt;string&gt;Install&lt;/string&gt;\n&lt;string&gt;101&lt;/string&gt;\n&lt;string&gt;Unmanaged&lt;/string&gt;\n&lt;string&gt;&lt;/string&gt;\n&lt;string&gt;&lt;/string&gt;\n&lt;string&gt;&lt;/string&gt;\n&lt;string&gt;&lt;/string&gt;\n&lt;string&gt;&lt;/string&gt;\n&lt;string&gt;&lt;/string&gt;\n&lt;string&gt;&lt;/string&gt;\n&lt;string&gt;0&lt;/string&gt;\n&lt;string&gt;2597636d-859e-11e3-8856-001641e7bb6b&lt;/string&gt;\n&lt;string&gt;0&lt;/string&gt;\n</Data>\n<Binary></Binary>\n</EventData>\n</Event>\n"
  },
  {
    "EventID": 1001,
    "Timestamp": "2014-01-25 08:53:28+00:00",
    "Computer": "IACIS-HDD-2014",
    "Channel": "Application",
    "Level": "Information",
    "EventData": {
      "": "<string>0</string>\n<string></string>\n<string>WindowsUpdateFailure</string>\n<string>Not available</string>\n<string>0</string>\n<string>7.6.7600.256</string>\n<string>800706ba</string>\n<string>57260DFE-227C-45E3-9FFC-2FC77A67F95A</string>\n<string>Install</string>\n<string>101</string>\n<string>Unmanaged</string>\n<string></string>\n<string></string>\n<string></string>\n<string></string>\n<string></string>\n<string>C:\\ProgramData\\Microsoft\\Windows\\WER\\ReportQueue\\NonCritical_7.6.7600.256_31c29c6e3a79927059a22e4b73582bf4cc2796b_cab_029ca941</string>\n<string></string>\n<string>0</string>\n<string>2597636d-859e-11e3-8856-001641e7bb6b</string>\n<string>6</string>\n"
    },
    "RawXml": "<Event xmlns=\"http://schemas.microsoft.com/win/2004/08/events/event\"><System><Provider Name=\"Windows Error Reporting\"></Provider>\n<EventID Qualifiers=\"0\">1001</EventID>\n<Level>4</Level>\n<Task>0</Task>\n<Keywords>0x0080000000000000</Keywords>\n<TimeCreated SystemTime=\"2014-01-25 08:53:28+00:00\"></TimeCreated>\n<EventRecordID>291</EventRecordID>\n<Channel>Application</Channel>\n<Computer>IACIS-HDD-2014</Computer>\n<Security UserID=\"\"></Security>\n</System>\n<EventData><Data>&lt;string&gt;0&lt;/string&gt;\n&lt;string&gt;&lt;/string&gt;\n&lt;string&gt;WindowsUpdateFailure&lt;/string&gt;\n&lt;string&gt;Not available&lt;/string&gt;\n&lt;string&gt;0&lt;/string&gt;\n&lt;string&gt;7.6.7600.256&lt;/string&gt;\n&lt;string&gt;800706ba&lt;/string&gt;\n&lt;string&gt;57260DFE-227C-45E3-9FFC-2FC77A67F95A&lt;/string&gt;\n&lt;string&gt;Install&lt;/string&gt;\n&lt;string&gt;101&lt;/string&gt;\n&lt;string&gt;Unmanaged&lt;/string&gt;\n&lt;string&gt;&lt;/string&gt;\n&lt;string&gt;&lt;/string&gt;\n&lt;string&gt;&lt;/string&gt;\n&lt;string&gt;&lt;/string&gt;\n&lt;string&gt;&lt;/string&gt;\n&lt;string&gt;C:\\ProgramData\\Microsoft\\Windows\\WER\\ReportQueue\\NonCritical_7.6.7600.256_31c29c6e3a79927059a22e4b73582bf4cc2796b_cab_029ca941&lt;/string&gt;\n&lt;string&gt;&lt;/string&gt;\n&lt;string&gt;0&lt;/string&gt;\n&lt;string&gt;2597636d-859e-11e3-8856-001641e7bb6b&lt;/string&gt;\n&lt;string&gt;6&lt;/string&gt;\n</Data>\n<Binary></Binary>\n</EventData>\n</Event>\n"
  },
  {
    "EventID": 1001,
    "Timestamp": "2014-01-25 08:53:28+00:00",
    "Computer": "IACIS-HDD-2014",
    "Channel": "Application",
    "Level": "Information",
    "EventData": {
      "": "<string>0</string>\n<string></string>\n<string>WindowsUpdateFailure</string>\n<string>Not available</string>\n<string>0</string>\n<string>7.6.7600.256</string>\n<string>800706ba</string>\n<string>379DCBF4-987B-4305-8709-762CE57B05E6</string>\n<string>Install</string>\n<string>101</string>\n<string>Unmanaged</string>\n<string></string>\n<string></string>\n<string></string>\n<string></string>\n<string></string>\n<string>C:\\ProgramData\\Microsoft\\Windows\\WER\\ReportQueue\\NonCritical_7.6.7600.256_53253bb2149583ed73cbd7b4a8a9dfe69152692_cab_0974a9ce</string>\n<string></string>\n<string>0</string>\n<string>2597636c-859e-11e3-8856-001641e7bb6b</string>\n<string>6</string>\n"
    },
    "RawXml": "<Event xmlns=\"http://schemas.microsoft.com/win/2004/08/events/event\"><System><Provider Name=\"Windows Error Reporting\"></Provider>\n<EventID Qualifiers=\"0\">1001</EventID>\n<Level>4</Level>\n<Task>0</Task>\n<Keywords>0x0080000000000000</Keywords>\n<TimeCreated SystemTime=\"2014-01-25 08:53:28+00:00\"></TimeCreated>\n<EventRecordID>292</EventRecordID>\n<Channel>Application</Channel>\n<Computer>IACIS-HDD-2014</Computer>\n<Security UserID=\"\"></Security>\n</System>\n<EventData><Data>&lt;string&gt;0&lt;/string&gt;\n&lt;string&gt;&lt;/string&gt;\n&lt;string&gt;WindowsUpdateFailure&lt;/string&gt;\n&lt;string&gt;Not available&lt;/string&gt;\n&lt;string&gt;0&lt;/string&gt;\n&lt;string&gt;7.6.7600.256&lt;/string&gt;\n&lt;string&gt;800706ba&lt;/string&gt;\n&lt;string&gt;379DCBF4-987B-4305-8709-762CE57B05E6&lt;/string&gt;\n&lt;string&gt;Install&lt;/string&gt;\n&lt;string&gt;101&lt;/string&gt;\n&lt;string&gt;Unmanaged&lt;/string&gt;\n&lt;string&gt;&lt;/string&gt;\n&lt;string&gt;&lt;/string&gt;\n&lt;string&gt;&lt;/string&gt;\n&lt;string&gt;&lt;/string&gt;\n&lt;string&gt;&lt;/string&gt;\n&lt;string&gt;C:\\ProgramData\\Microsoft\\Windows\\WER\\ReportQueue\\NonCritical_7.6.7600.256_53253bb2149583ed73cbd7b4a8a9dfe69152692_cab_0974a9ce&lt;/string&gt;\n&lt;string&gt;&lt;/string&gt;\n&lt;string&gt;0&lt;/string&gt;\n&lt;string&gt;2597636c-859e-11e3-8856-001641e7bb6b&lt;/string&gt;\n&lt;string&gt;6&lt;/string&gt;\n</Data>\n<Binary></Binary>\n</EventData>\n</Event>\n"
  },
  {
    "EventID": 1001,
    "Timestamp": "2014-01-25 08:53:28+00:00",
    "Computer": "IACIS-HDD-2014",
    "Channel": "Application",
    "Level": "Information",
    "EventData": {
      "": "<string>0</string>\n<string></string>\n<string>WindowsUpdateFailure</string>\n<string>Not available</string>\n<string>0</string>\n<string>7.6.7600.256</string>\n<string>800706ba</string>\n<string>379DCBF4-987B-4305-8709-762CE57B05E6</string>\n<string>Install</string>\n<string>101</string>\n<string>Unmanaged</string>\n<string></string>\n<string></string>\n<string></string>\n<string></string>\n<string></string>\n<string>C:\\ProgramData\\Microsoft\\Windows\\WER\\ReportQueue\\NonCritical_7.6.7600.256_53253bb2149583ed73cbd7b4a8a9dfe69152692_cab_020cab25</string>\n<string></string>\n<string>0</string>\n<string>2597636c-859e-11e3-8856-001641e7bb6b</string>\n<string>6</string>\n"
    },
    "RawXml": "<Event xmlns=\"http://schemas.microsoft.com/win/2004/08/events/event\"><System><Provider Name=\"Windows Error Reporting\"></Provider>\n<EventID Qualifiers=\"0\">1001</EventID>\n<Level>4</Level>\n<Task>0</Task>\n<Keywords>0x0080000000000000</Keywords>\n<TimeCreated SystemTime=\"2014-01-25 08:53:28+00:00\"></TimeCreated>\n<EventRecordID>293</EventRecordID>\n<Channel>Application</Channel>\n<Computer>IACIS-HDD-2014</Computer>\n<Security UserID=\"\"></Security>\n</System>\n<EventData><Data>&lt;string&gt;0&lt;/string&gt;\n&lt;string&gt;&lt;/string&gt;\n&lt;string&gt;WindowsUpdateFailure&lt;/string&gt;\n&lt;string&gt;Not available&lt;/string&gt;\n&lt;string&gt;0&lt;/string&gt;\n&lt;string&gt;7.6.7600.256&lt;/string&gt;\n&lt;string&gt;800706ba&lt;/string&gt;\n&lt;string&gt;379DCBF4-987B-4305-8709-762CE57B05E6&lt;/string&gt;\n&lt;string&gt;Install&lt;/string&gt;\n&lt;string&gt;101&lt;/string&gt;\n&lt;string&gt;Unmanaged&lt;/string&gt;\n&lt;string&gt;&lt;/string&gt;\n&lt;string&gt;&lt;/string&gt;\n&lt;string&gt;&lt;/string&gt;\n&lt;string&gt;&lt;/string&gt;\n&lt;string&gt;&lt;/string&gt;\n&lt;string&gt;C:\\ProgramData\\Microsoft\\Windows\\WER\\ReportQueue\\NonCritical_7.6.7600.256_53253bb2149583ed73cbd7b4a8a9dfe69152692_cab_020cab25&lt;/string&gt;\n&lt;string&gt;&lt;/string&gt;\n&lt;string&gt;0&lt;/string&gt;\n&lt;string&gt;2597636c-859e-11e3-8856-001641e7bb6b&lt;/string&gt;\n&lt;string&gt;6&lt;/string&gt;\n</Data>\n<Binary></Binary>\n</EventData>\n</Event>\n"
  },
  {
    "EventID": 9009,
    "Timestamp": "2014-01-25 08:53:44+00:00",
    "Computer": "IACIS-HDD-2014",
    "Channel": "Application",
    "Level": "Information",
    "EventData": {
      "": "<string>0x40010004</string>\n"
    },
    "RawXml": "<Event xmlns=\"http://schemas.microsoft.com/win/2004/08/events/event\"><System><Provider Name=\"Desktop Window Manager\"></Provider>\n<EventID Qualifiers=\"16384\">9009</EventID>\n<Level>4</Level>\n<Task>0</Task>\n<Keywords>0x0080000000000000</Keywords>\n<TimeCreated SystemTime=\"2014-01-25 08:53:44+00:00\"></TimeCreated>\n<EventRecordID>294</EventRecordID>\n<Channel>Application</Channel>\n<Computer>IACIS-HDD-2014</Computer>\n<Security UserID=\"\"></Security>\n</System>\n<EventData><Data>&lt;string&gt;0x40010004&lt;/string&gt;\n</Data>\n<Binary></Binary>\n</EventData>\n</Event>\n"
  },
  {
    "EventID": 6000,
    "Timestamp": "2014-01-25 08:53:48+00:00",
    "Computer": "IACIS-HDD-2014",
    "Channel": "Application",
    "Level": "Information",
    "EventData": {
      "": "<string>SessionEnv</string>\n"
    },
    "RawXml": "<Event xmlns=\"http://schemas.microsoft.com/win/2004/08/events/event\"><System><Provider Name=\"Microsoft-Windows-Winlogon\" Guid=\"{DBE9B383-7CF3-4331-91CC-A3CB16A3B538}\" EventSourceName=\"Wlclntfy\"></Provider>\n<EventID Qualifiers=\"32768\">6000</EventID>\n<Version>0</Version>\n<Level>4</Level>\n<Task>0</Task>\n<Opcode>0</Opcode>\n<Keywords>0x0080000000000000</Keywords>\n<TimeCreated SystemTime=\"2014-01-25 08:53:48+00:00\"></TimeCreated>\n<EventRecordID>295</EventRecordID>\n<Correlation ActivityID=\"\" RelatedActivityID=\"\"></Correlation>\n<Execution ProcessID=\"0\" ThreadID=\"0\"></Execution>\n<Channel>Application</Channel>\n<Computer>IACIS-HDD-2014</Computer>\n<Security UserID=\"\"></Security>\n</System>\n<EventData><Data>&lt;string&gt;SessionEnv&lt;/string&gt;\n</Data>\n<Binary>2QYAAA==</Binary>\n</EventData>\n</Event>\n"
  },
  {
    "EventID": 1530,
    "Timestamp": "2014-01-25 08:53:49.947664+00:00",
    "Computer": "IACIS-HDD-2014",
    "Channel": "Application",
    "Level": "Warning",
    "EventData": {
      "Detail": "1 user registry handles leaked from \\Registry\\User\\S-1-5-21-1171287513-3642516788-2358256967-1001:\nProcess 396 (\\Device\\HarddiskVolume2\\Windows\\System32\\winlogon.exe) has opened key \\REGISTRY\\USER\\S-1-5-21-1171287513-3642516788-2358256967-1001\n"
    },
    "RawXml": "<Event xmlns=\"http://schemas.microsoft.com/win/2004/08/events/event\"><System><Provider Name=\"Microsoft-Windows-User Profiles Service\" Guid=\"{89b1e9f0-5aff-44a6-9b44-0a07a7ce5845}\"></Provider>\n<EventID Qualifiers=\"\">1530</EventID>\n<Version>0</Version>\n<Level>3</Level>\n<Task>0</Task>\n<Opcode>0</Opcode>\n<Keywords>0x8000000000000000</Keywords>\n<TimeCreated SystemTime=\"2014-01-25 08:53:49.947664+00:00\"></TimeCreated>\n<EventRecordID>296</EventRecordID>\n<Correlation ActivityID=\"\" RelatedActivityID=\"\"></Correlation>\n<Execution ProcessID=\"888\" ThreadID=\"1848\"></Execution>\n<Channel>Application</Channel>\n<Computer>IACIS-HDD-2014</Computer>\n<Security UserID=\"S-1-5-18\"></Security>\n</System>\n<EventData Name=\"EVENT_HIVE_LEAK\"><Data Name=\"Detail\">1 user registry handles leaked from \\Registry\\User\\S-1-5-21-1171287513-3642516788-2358256967-1001:\nProcess 396 (\\Device\\HarddiskVolume2\\Windows\\System32\\winlogon.exe) has opened key \\REGISTRY\\USER\\S-1-5-21-1171287513-3642516788-2358256967-1001\n</Data>\n</EventData>\n</Event>\n"
  },
  {
    "EventID": 1001,
    "Timestamp": "2014-01-25 08:57:51+00:00",
    "Computer": "IACIS-HDD-2014",
    "Channel": "Application",
    "Level": "Information",
    "EventData": {
      "": "<string>0</string>\n<string></string>\n<string>WindowsWcpOtherFailure3</string>\n<string>Not available</string>\n<string>0</string>\n<string>6.1.7601</string>\n<string>base\\xml\\udom_microdom.cpp</string>\n<string>MicrodomImplementation::CMicrodom::Initialize</string>\n<string>2527</string>\n<string>c0000017</string>\n<string>0x6c6f4757</string>\n<string></string>\n<string></string>\n<string></string>\n<string></string>\n<string></string>\n<string>C:\\ProgramData\\Microsoft\\Windows\\WER\\ReportQueue\\Critical_6.1.7601_f35b2c714928ac3284a48d536bde43a4fbdb88_0410acbb</string>\n<string></string>\n<string>0</string>\n<string>c3a1585d-859e-11e3-8856-001641e7bb6b</string>\n<string>6</string>\n"
    },
    "RawXml": "<Event xmlns=\"http://schemas.microsoft.com/win/2004/08/events/event\"><System><Provider Name=\"Windows Error Reporting\"></Provider>\n<EventID Qualifiers=\"0\">1001</EventID>\n<Level>4</Level>\n<Task>0</Task>\n<Keywords>0x0080000000000000</Keywords>\n<TimeCreated SystemTime=\"2014-01-25 08:57:51+00:00\"></TimeCreated>\n<EventRecordID>297</EventRecordID>\n<Channel>Application</Channel>\n<Computer>IACIS-HDD-2014</Computer>\n<Security UserID=\"\"></Security>\n</System>\n<EventData><Data>&lt;string&gt;0&lt;/string&gt;\n&lt;string&gt;&lt;/string&gt;\n&lt;string&gt;WindowsWcpOtherFailure3&lt;/string&gt;\n&lt;string&gt;Not available&lt;/string&gt;\n&lt;string&gt;0&lt;/string&gt;\n&lt;string&gt;6.1.7601&lt;/string&gt;\n&lt;string&gt;base\\xml\\udom_microdom.cpp&lt;/string&gt;\n&lt;string&gt;MicrodomImplementation::CMicrodom::Initialize&lt;/string&gt;\n&lt;string&gt;2527&lt;/string&gt;\n&lt;string&gt;c0000017&lt;/string&gt;\n&lt;string&gt;0x6c6f4757&lt;/string&gt;\n&lt;string&gt;&lt;/string&gt;\n&lt;string&gt;&lt;/string&gt;\n&lt;string&gt;&lt;/string&gt;\n&lt;string&gt;&lt;/string&gt;\n&lt;string&gt;&lt;/string&gt;\n&lt;string&gt;C:\\ProgramData\\Microsoft\\Windows\\WER\\ReportQueue\\Critical_6.1.7601_f35b2c714928ac3284a48d536bde43a4fbdb88_0410acbb&lt;/string&gt;\n&lt;string&gt;&lt;/string&gt;\n&lt;string&gt;0&lt;/string&gt;\n&lt;string&gt;c3a1585d-859e-11e3-8856-001641e7bb6b&lt;/string&gt;\n&lt;string&gt;6&lt;/string&gt;\n</Data>\n<Binary></Binary>\n</EventData>\n</Event>\n"
  },
