  {
    "EventID": 1130,
    "Timestamp": "2014-01-25 01:27:38+00:00",
    "Computer": "IACIS-HDD-2014",
    "Channel": "Application",
    "Level": "LogAlways",
    "EventData": {
      "": "<string>.NET Runtime Optimization Service (2.0.50727.5420) - Installed from repository: Microsoft.GroupPolicy.AdmTmplEditor</string>\n"
    },
    "RawXml": "<Event xmlns=\"http://schemas.microsoft.com/win/2004/08/events/event\"><System><Provider Name=\".NET Runtime Optimization Service\"></Provider>\n<EventID Qualifiers=\"0\">1130</EventID>\n<Level>0</Level>\n<Task>0</Task>\n<Keywords>0x0080000000000000</Keywords>\n<TimeCreated SystemTime=\"2014-01-25 01:27:38+00:00\"></TimeCreated>\n<EventRecordID>198</EventRecordID>\n<Channel>Application</Channel>\n<Computer>IACIS-HDD-2014</Computer>\n<Security UserID=\"\"></Security>\n</System>\n<EventData><Data>&lt;string&gt;.NET Runtime Optimization Service (2.0.50727.5420) - Installed from repository: Microsoft.GroupPolicy.AdmTmplEditor&lt;/string&gt;\n</Data>\n<Binary></Binary>\n</EventData>\n</Event>\n"
  },
  {
    "EventID": 1130,
    "Timestamp": "2014-01-25 01:27:40+00:00",
    "Computer": "IACIS-HDD-2014",
    "Channel": "Application",
    "Level": "LogAlways",
    "EventData": {
      "": "<string>.NET Runtime Optimization Service (2.0.50727.5420) - Installed from repository: Microsoft.GroupPolicy.Interop</string>\n"
    },
    "RawXml": "<Event xmlns=\"http://schemas.microsoft.com/win/2004/08/events/event\"><System><Provider Name=\".NET Runtime Optimization Service\"></Provider>\n<EventID Qualifiers=\"0\">1130</EventID>\n<Level>0</Level>\n<Task>0</Task>\n<Keywords>0x0080000000000000</Keywords>\n<TimeCreated SystemTime=\"2014-01-25 01:27:40+00:00\"></TimeCreated>\n<EventRecordID>199</EventRecordID>\n<Channel>Application</Channel>\n<Computer>IACIS-HDD-2014</Computer>\n<Security UserID=\"\"></Security>\n</System>\n<EventData><Data>&lt;string&gt;.NET Runtime Optimization Service (2.0.50727.5420) - Installed from repository: Microsoft.GroupPolicy.Interop&lt;/string&gt;\n</Data>\n<Binary></Binary>\n</EventData>\n</Event>\n"
  },
  {
    "EventID": 1130,
    "Timestamp": "2014-01-25 01:27:42+00:00",
    "Computer": "IACIS-HDD-2014",
    "Channel": "Application",
    "Level": "LogAlways",
    "EventData": {
      "": "<string>.NET Runtime Optimization Service (2.0.50727.5420) - Installed from repository: Microsoft.GroupPolicy.Reporting</string>\n"
    },
    "RawXml": "<Event xmlns=\"http://schemas.microsoft.com/win/2004/08/events/event\"><System><Provider Name=\".NET Runtime Optimization Service\"></Provider>\n<EventID Qualifiers=\"0\">1130</EventID>\n<Level>0</Level>\n<Task>0</Task>\n<Keywords>0x0080000000000000</Keywords>\n<TimeCreated SystemTime=\"2014-01-25 01:27:42+00:00\"></TimeCreated>\n<EventRecordID>200</EventRecordID>\n<Channel>Application</Channel>\n<Computer>IACIS-HDD-2014</Computer>\n<Security UserID=\"\"></Security>\n</System>\n<EventData><Data>&lt;string&gt;.NET Runtime Optimization Service (2.0.50727.5420) - Installed from repository: Microsoft.GroupPolicy.Reporting&lt;/string&gt;\n</Data>\n<Binary></Binary>\n</EventData>\n</Event>\n"
  },
  {
    "EventID": 1130,
    "Timestamp": "2014-01-25 01:27:42+00:00",
    "Computer": "IACIS-HDD-2014",
    "Channel": "Application",
    "Level": "LogAlways",
    "EventData": {
      "": "<string>.NET Runtime Optimization Service (2.0.50727.5420) - Installed from repository: SecurityAuditPoliciesSnapIn</string>\n"
    },
    "RawXml": "<Event xmlns=\"http://schemas.microsoft.com/win/2004/08/events/event\"><System><Provider Name=\".NET Runtime Optimization Service\"></Provider>\n<EventID Qualifiers=\"0\">1130</EventID>\n<Level>0</Level>\n<Task>0</Task>\n<Keywords>0x0080000000000000</Keywords>\n<TimeCreated SystemTime=\"2014-01-25 01:27:42+00:00\"></TimeCreated>\n<EventRecordID>201</EventRecordID>\n<Channel>Application</Channel>\n<Computer>IACIS-HDD-2014</Computer>\n<Security UserID=\"\"></Security>\n</System>\n<EventData><Data>&lt;string&gt;.NET Runtime Optimization Service (2.0.50727.5420) - Installed from repository: SecurityAuditPoliciesSnapIn&lt;/string&gt;\n</Data>\n<Binary></Binary>\n</EventData>\n</Event>\n"
  },
  {
    "EventID": 1130,
    "Timestamp": "2014-01-25 01:27:43+00:00",
    "Computer": "IACIS-HDD-2014",
    "Channel": "Application",
    "Level": "LogAlways",
    "EventData": {
      "": "<string>.NET Runtime Optimization Service (2.0.50727.5420) - Installed from repository: Microsoft.MediaCenter.Bml</string>\n"
    },
    "RawXml": "<Event xmlns=\"http://schemas.microsoft.com/win/2004/08/events/event\"><System><Provider Name=\".NET Runtime Optimization Service\"></Provider>\n<EventID Qualifiers=\"0\">1130</EventID>\n<Level>0</Level>\n<Task>0</Task>\n<Keywords>0x0080000000000000</Keywords>\n<TimeCreated SystemTime=\"2014-01-25 01:27:43+00:00\"></TimeCreated>\n<EventRecordID>202</EventRecordID>\n<Channel>Application</Channel>\n<Computer>IACIS-HDD-2014</Computer>\n<Security UserID=\"\"></Security>\n</System>\n<EventData><Data>&lt;string&gt;.NET Runtime Optimization Service (2.0.50727.5420) - Installed from repository: Microsoft.MediaCenter.Bml&lt;/string&gt;\n</Data>\n<Binary></Binary>\n</EventData>\n</Event>\n"
  },
  {
    "EventID": 1130,
    "Timestamp": "2014-01-25 01:27:45+00:00",
    "Computer": "IACIS-HDD-2014",
    "Channel": "Application",
    "Level": "LogAlways",
    "EventData": {
      "": "<string>.NET Runtime Optimization Service (2.0.50727.5420) - Installed from repository: Microsoft.MediaCenter.Mheg</string>\n"
    },
    "RawXml": "<Event xmlns=\"http://schemas.microsoft.com/win/2004/08/events/event\"><System><Provider Name=\".NET Runtime Optimization Service\"></Provider>\n<EventID Qualifiers=\"0\">1130</EventID>\n<Level>0</Level>\n<Task>0</Task>\n<Keywords>0x0080000000000000</Keywords>\n<TimeCreated SystemTime=\"2014-01-25 01:27:45+00:00\"></TimeCreated>\n<EventRecordID>203</EventRecordID>\n<Channel>Application</Channel>\n<Computer>IACIS-HDD-2014</Computer>\n<Security UserID=\"\"></Security>\n</System>\n<EventData><Data>&lt;string&gt;.NET Runtime Optimization Service (2.0.50727.5420) - Installed from repository: Microsoft.MediaCenter.Mheg&lt;/string&gt;\n</Data>\n<Binary></Binary>\n</EventData>\n</Event>\n"
  },
  {
    "EventID": 1130,
    "Timestamp": "2014-01-25 01:27:46+00:00",
    "Computer": "IACIS-HDD-2014",
    "Channel": "Application",
    "Level": "LogAlways",
    "EventData": {
      "": "<string>.NET Runtime Optimization Service (2.0.50727.5420) - Installed from repository: Microsoft.Security.ApplicationId.Wizards.AutomaticRuleGenerationWizard</string>\n"
    },
    "RawXml": "<Event xmlns=\"http://schemas.microsoft.com/win/2004/08/events/event\"><System><Provider Name=\".NET Runtime Optimization Service\"></Provider>\n<EventID Qualifiers=\"0\">1130</EventID>\n<Level>0</Level>\n<Task>0</Task>\n<Keywords>0x0080000000000000</Keywords>\n<TimeCreated SystemTime=\"2014-01-25 01:27:46+00:00\"></TimeCreated>\n<EventRecordID>204</EventRecordID>\n<Channel>Application</Channel>\n<Computer>IACIS-HDD-2014</Computer>\n<Security UserID=\"\"></Security>\n</System>\n<EventData><Data>&lt;string&gt;.NET Runtime Optimization Service (2.0.50727.5420) - Installed from repository: Microsoft.Security.ApplicationId.Wizards.AutomaticRuleGenerationWizard&lt;/string&gt;\n</Data>\n<Binary></Binary>\n</EventData>\n</Event>\n"
  },
  {
    "EventID": 1130,
    "Timestamp": "2014-01-25 01:27:49+00:00",
    "Computer": "IACIS-HDD-2014",
    "Channel": "Application",
    "Level": "LogAlways",
    "EventData": {
      "": "<string>.NET Runtime Optimization Service (2.0.50727.5420) - Installed from repository: SrpUxSnapIn</string>\n"
    },
    "RawXml": "<Event xmlns=\"http://schemas.microsoft.com/win/2004/08/events/event\"><System><Provider Name=\".NET Runtime Optimization Service\"></Provider>\n<EventID Qualifiers=\"0\">1130</EventID>\n<Level>0</Level>\n<Task>0</Task>\n<Keywords>0x0080000000000000</Keywords>\n<TimeCreated SystemTime=\"2014-01-25 01:27:49+00:00\"></TimeCreated>\n<EventRecordID>205</EventRecordID>\n<Channel>Application</Channel>\n<Computer>IACIS-HDD-2014</Computer>\n<Security UserID=\"\"></Security>\n</System>\n<EventData><Data>&lt;string&gt;.NET Runtime Optimization Service (2.0.50727.5420) - Installed from repository: SrpUxSnapIn&lt;/string&gt;\n</Data>\n<Binary></Binary>\n</EventData>\n</Event>\n"
  },
  {
    "EventID": 4101,
    "Timestamp": "2014-01-25 01:27:57+00:00",
    "Computer": "IACIS-HDD-2014",
    "Channel": "Application",
    "Level": "Information",
    "EventData": {
      "": "<string>0x00000000</string>\n<string>0x00000001</string>\n"
    },
    "RawXml": "<Event xmlns=\"http://schemas.microsoft.com/win/2004/08/events/event\"><System><Provider Name=\"Microsoft-Windows-Winlogon\" Guid=\"{DBE9B383-7CF3-4331-91CC-A3CB16A3B538}\" EventSourceName=\"Winlogon\"></Provider>\n<EventID Qualifiers=\"16384\">4101</EventID>\n<Version>0</Version>\n<Level>4</Level>\n<Task>0</Task>\n<Opcode>0</Opcode>\n<Keywords>0x0080000000000000</Keywords>\n<TimeCreated SystemTime=\"2014-01-25 01:27:57+00:00\"></TimeCreated>\n<EventRecordID>206</EventRecordID>\n<Correlation ActivityID=\"\" RelatedActivityID=\"\"></Correlation>\n<Execution ProcessID=\"0\" ThreadID=\"0\"></Execution>\n<Channel>Application</Channel>\n<Computer>IACIS-HDD-2014</Computer>\n<Security UserID=\"\"></Security>\n</System>\n<EventData><Data>&lt;string&gt;0x00000000&lt;/string&gt;\n&lt;string&gt;0x00000001&lt;/string&gt;\n</Data>\n<Binary></Binary>\n</EventData>\n</Event>\n"
  },
  {
    "EventID": 6000,
    "Timestamp": "2014-01-25 01:27:57+00:00",
    "Computer": "IACIS-HDD-2014",
    "Channel": "Application",
    "Level": "Information",
    "EventData": {
      "": "<string>SessionEnv</string>\n"
    },
    "RawXml": "<Event xmlns=\"http://schemas.microsoft.com/win/2004/08/events/event\"><System><Provider Name=\"Microsoft-Windows-Winlogon\" Guid=\"{DBE9B383-7CF3-4331-91CC-A3CB16A3B538}\" EventSourceName=\"Wlclntfy\"></Provider>\n<EventID Qualifiers=\"32768\">6000</EventID>\n<Version>0</Version>\n<Level>4</Level>\n<Task>0</Task>\n<Opcode>0</Opcode>\n<Keywords>0x0080000000000000</Keywords>\n<TimeCreated SystemTime=\"2014-01-25 01:27:57+00:00\"></TimeCreated>\n<EventRecordID>207</EventRecordID>\n<Correlation ActivityID=\"\" RelatedActivityID=\"\"></Correlation>\n<Execution ProcessID=\"0\" ThreadID=\"0\"></Execution>\n<Channel>Application</Channel>\n<Computer>IACIS-HDD-2014</Computer>\n<Security UserID=\"\"></Security>\n</System>\n<EventData><Data>&lt;string&gt;SessionEnv&lt;/string&gt;\n</Data>\n<Binary>2QYAAA==</Binary>\n</EventData>\n</Event>\n"
  },
  {
    "EventID": 9003,
    "Timestamp": "2014-01-25 01:27:58+00:00",
    "Computer": "IACIS-HDD-2014",
    "Channel": "Application",
    "Level": "Information",
    "EventData": {
      "": ""
    },
    "RawXml": "<Event xmlns=\"http://schemas.microsoft.com/win/2004/08/events/event\"><System><Provider Name=\"Desktop Window Manager\"></Provider>\n<EventID Qualifiers=\"16384\">9003</EventID>\n<Level>4</Level>\n<Task>0</Task>\n<Keywords>0x0080000000000000</Keywords>\n<TimeCreated SystemTime=\"2014-01-25 01:27:58+00:00\"></TimeCreated>\n<EventRecordID>208</EventRecordID>\n<Channel>Application</Channel>\n<Computer>IACIS-HDD-2014</Computer>\n<Security UserID=\"\"></Security>\n</System>\n<EventData><Data></Data>\n<Binary></Binary>\n</EventData>\n</Event>\n"
  },
  {
    "EventID": 9007,
    "Timestamp": "2014-01-25 01:28:05+00:00",
    "Computer": "IACIS-HDD-2014",
    "Channel": "Application",
    "Level": "Information",
    "EventData": {
      "": ""
    },
    "RawXml": "<Event xmlns=\"http://schemas.microsoft.com/win/2004/08/events/event\"><System><Provider Name=\"Desktop Window Manager\"></Provider>\n<EventID Qualifiers=\"16384\">9007</EventID>\n<Level>4</Level>\n<Task>0</Task>\n<Keywords>0x0080000000000000</Keywords>\n<TimeCreated SystemTime=\"2014-01-25 01:28:05+00:00\"></TimeCreated>\n<EventRecordID>209</EventRecordID>\n<Channel>Application</Channel>\n<Computer>IACIS-HDD-2014</Computer>\n<Security UserID=\"\"></Security>\n</System>\n<EventData><Data></Data>\n<Binary></Binary>\n</EventData>\n</Event>\n"
  },
  {
    "EventID": 102,
    "Timestamp": "2014-01-25 01:28:11+00:00",
    "Computer": "IACIS-HDD-2014",
    "Channel": "Application",
    "Level": "Information",
    "EventData": {
      "": "<string>WinMail</string>\n<string>2912</string>\n<string>WindowsMail0: </string>\n<string>0</string>\n<string>6</string>\n<string>01</string>\n<string>7601</string>\n<string>0000</string>\n"
    },
    "RawXml": "<Event xmlns=\"http://schemas.microsoft.com/win/2004/08/events/event\"><System><Provider Name=\"ESENT\"></Provider>\n<EventID Qualifiers=\"0\">102</EventID>\n<Level>4</Level>\n<Task>1</Task>\n<Keywords>0x0080000000000000</Keywords>\n<TimeCreated SystemTime=\"2014-01-25 01:28:11+00:00\"></TimeCreated>\n<EventRecordID>210</EventRecordID>\n<Channel>Application</Channel>\n<Computer>IACIS-HDD-2014</Computer>\n<Security UserID=\"\"></Security>\n</System>\n<EventData><Data>&lt;string&gt;WinMail&lt;/string&gt;\n&lt;string&gt;2912&lt;/string&gt;\n&lt;string&gt;WindowsMail0: &lt;/string&gt;\n&lt;string&gt;0&lt;/string&gt;\n&lt;string&gt;6&lt;/string&gt;\n&lt;string&gt;01&lt;/string&gt;\n&lt;string&gt;7601&lt;/string&gt;\n&lt;string&gt;0000&lt;/string&gt;\n</Data>\n<Binary></Binary>\n</EventData>\n</Event>\n"
  },
  {
    "EventID": 210,
    "Timestamp": "2014-01-25 01:28:15+00:00",
    "Computer": "IACIS-HDD-2014",
    "Channel": "Application",
    "Level": "Information",
    "EventData": {
      "": "<string>WinMail</string>\n<string>2912</string>\n<string>WindowsMail0: </string>\n"
    },
    "RawXml": "<Event xmlns=\"http://schemas.microsoft.com/win/2004/08/events/event\"><System><Provider Name=\"ESENT\"></Provider>\n<EventID Qualifiers=\"0\">210</EventID>\n<Level>4</Level>\n<Task>3</Task>\n<Keywords>0x0080000000000000</Keywords>\n<TimeCreated SystemTime=\"2014-01-25 01:28:15+00:00\"></TimeCreated>\n<EventRecordID>211</EventRecordID>\n<Channel>Application</Channel>\n<Computer>IACIS-HDD-2014</Computer>\n<Security UserID=\"\"></Security>\n</System>\n<EventData><Data>&lt;string&gt;WinMail&lt;/string&gt;\n&lt;string&gt;2912&lt;/string&gt;\n&lt;string&gt;WindowsMail0: &lt;/string&gt;\n</Data>\n<Binary></Binary>\n</EventData>\n</Event>\n"
  },
  {
    "EventID": 220,
    "Timestamp": "2014-01-25 01:28:16+00:00",
    "Computer": "IACIS-HDD-2014",
    "Channel": "Application",
    "Level": "Information",
    "EventData": {
      "": "<string>WinMail</string>\n<string>2912</string>\n<string>WindowsMail0: </string>\n<string>C:\\Users\\BillyBob\\AppData\\Local\\Microsoft\\Windows Mail\\WindowsMail.MSMessageStore</string>\n<string>2 Mb</string>\n"
    },
    "RawXml": "<Event xmlns=\"http://schemas.microsoft.com/win/2004/08/events/event\"><System><Provider Name=\"ESENT\"></Provider>\n<EventID Qualifiers=\"0\">220</EventID>\n<Level>4</Level>\n<Task>3</Task>\n<Keywords>0x0080000000000000</Keywords>\n<TimeCreated SystemTime=\"2014-01-25 01:28:16+00:00\"></TimeCreated>\n<EventRecordID>212</EventRecordID>\n<Channel>Application</Channel>\n<Computer>IACIS-HDD-2014</Computer>\n<Security UserID=\"\"></Security>\n</System>\n<EventData><Data>&lt;string&gt;WinMail&lt;/string&gt;\n&lt;string&gt;2912&lt;/string&gt;\n&lt;string&gt;WindowsMail0: &lt;/string&gt;\n&lt;string&gt;C:\\Users\\BillyBob\\AppData\\Local\\Microsoft\\Windows Mail\\WindowsMail.MSMessageStore&lt;/string&gt;\n&lt;string&gt;2 Mb&lt;/string&gt;\n</Data>\n<Binary></Binary>\n</EventData>\n</Event>\n"
  },
  {
    "EventID": 8194,
    "Timestamp": "2014-01-25 01:28:16+00:00",
    "Computer": "IACIS-HDD-2014",
    "Channel": "Application",
    "Level": "Information",
    "EventData": {
      "": "<string>C:\\Windows\\system32\\svchost.exe -k netsvcs</string>\n<string>Windows Update</string>\n"
    },
    "RawXml": "<Event xmlns=\"http://schemas.microsoft.com/win/2004/08/events/event\"><System><Provider Name=\"System Restore\"></Provider>\n<EventID Qualifiers=\"0\">8194</EventID>\n<Level>4</Level>\n<Task>0</Task>\n<Keywords>0x0080000000000000</Keywords>\n<TimeCreated SystemTime=\"2014-01-25 01:28:16+00:00\"></TimeCreated>\n<EventRecordID>213</EventRecordID>\n<Channel>Application</Channel>\n<Computer>IACIS-HDD-2014</Computer>\n<Security UserID=\"\"></Security>\n</System>\n<EventData><Data>&lt;string&gt;C:\\Windows\\system32\\svchost.exe -k netsvcs&lt;/string&gt;\n&lt;string&gt;Windows Update&lt;/string&gt;\n</Data>\n<Binary>AAAAAKEBAACXAQAAAAAAACLOKGd8bdp54owcAAAAAAAAAAAA</Binary>\n</EventData>\n</Event>\n"
  },
  {
    "EventID": 221,
    "Timestamp": "2014-01-25 01:28:17+00:00",
    "Computer": "IACIS-HDD-2014",
    "Channel": "Application",
    "Level": "Information",
    "EventData": {
      "": "<string>WinMail</string>\n<string>2912</string>\n<string>WindowsMail0: </string>\n<string>C:\\Users\\BillyBob\\AppData\\Local\\Microsoft\\Windows Mail\\WindowsMail.MSMessageStore</string>\n"
    },
    "RawXml": "<Event xmlns=\"http://schemas.microsoft.com/win/2004/08/events/event\"><System><Provider Name=\"ESENT\"></Provider>\n<EventID Qualifiers=\"0\">221</EventID>\n<Level>4</Level>\n<Task>3</Task>\n<Keywords>0x0080000000000000</Keywords>\n<TimeCreated SystemTime=\"2014-01-25 01:28:17+00:00\"></TimeCreated>\n<EventRecordID>214</EventRecordID>\n<Channel>Application</Channel>\n<Computer>IACIS-HDD-2014</Computer>\n<Security UserID=\"\"></Security>\n</System>\n<EventData><Data>&lt;string&gt;WinMail&lt;/string&gt;\n&lt;string&gt;2912&lt;/string&gt;\n&lt;string&gt;WindowsMail0: &lt;/string&gt;\n&lt;string&gt;C:\\Users\\BillyBob\\AppData\\Local\\Microsoft\\Windows Mail\\WindowsMail.MSMessageStore&lt;/string&gt;\n</Data>\n<Binary></Binary>\n</EventData>\n</Event>\n"
  },
  {
    "EventID": 223,
    "Timestamp": "2014-01-25 01:28:18+00:00",
    "Computer": "IACIS-HDD-2014",
    "Channel": "Application",
    "Level": "Information",
    "EventData": {
      "": "<string>WinMail</string>\n<string>2912</string>\n<string>WindowsMail0: </string>\n<string>C:\\Users\\BillyBob\\AppData\\Local\\Microsoft\\Windows Mail\\edb00001.log</string>\n<string>C:\\Users\\BillyBob\\AppData\\Local\\Microsoft\\Windows Mail\\edb00001.log</string>\n"
    },
    "RawXml": "<Event xmlns=\"http://schemas.microsoft.com/win/2004/08/events/event\"><System><Provider Name=\"ESENT\"></Provider>\n<EventID Qualifiers=\"0\">223</EventID>\n<Level>4</Level>\n<Task>3</Task>\n<Keywords>0x0080000000000000</Keywords>\n<TimeCreated SystemTime=\"2014-01-25 01:28:18+00:00\"></TimeCreated>\n<EventRecordID>215</EventRecordID>\n<Channel>Application</Channel>\n<Computer>IACIS-HDD-2014</Computer>\n<Security UserID=\"\"></Security>\n</System>\n<EventData><Data>&lt;string&gt;WinMail&lt;/string&gt;\n&lt;string&gt;2912&lt;/string&gt;\n&lt;string&gt;WindowsMail0: &lt;/string&gt;\n&lt;string&gt;C:\\Users\\BillyBob\\AppData\\Local\\Microsoft\\Windows Mail\\edb00001.log&lt;/string&gt;\n&lt;string&gt;C:\\Users\\BillyBob\\AppData\\Local\\Microsoft\\Windows Mail\\edb00001.log&lt;/string&gt;\n</Data>\n<Binary></Binary>\n</EventData>\n</Event>\n"
  },
  {
    "EventID": 225,
    "Timestamp": "2014-01-25 01:28:19+00:00",
    "Computer": "IACIS-HDD-2014",
    "Channel": "Application",
    "Level": "Information",
    "EventData": {
      "": "<string>WinMail</string>\n<string>2912</string>\n<string>WindowsMail0: </string>\n"
    },
    "RawXml": "<Event xmlns=\"http://schemas.microsoft.com/win/2004/08/events/event\"><System><Provider Name=\"ESENT\"></Provider>\n<EventID Qualifiers=\"0\">225</EventID>\n<Level>4</Level>\n<Task>3</Task>\n<Keywords>0x0080000000000000</Keywords>\n<TimeCreated SystemTime=\"2014-01-25 01:28:19+00:00\"></TimeCreated>\n<EventRecordID>216</EventRecordID>\n<Channel>Application</Channel>\n<Computer>IACIS-HDD-2014</Computer>\n<Security UserID=\"\"></Security>\n</System>\n<EventData><Data>&lt;string&gt;WinMail&lt;/string&gt;\n&lt;string&gt;2912&lt;/string&gt;\n&lt;string&gt;WindowsMail0: &lt;/string&gt;\n</Data>\n<Binary></Binary>\n</EventData>\n</Event>\n"
  },
  {
    "EventID": 213,
    "Timestamp": "2014-01-25 01:28:19+00:00",
    "Computer": "IACIS-HDD-2014",
    "Channel": "Application",
    "Level": "Information",
    "EventData": {
      "": "<string>WinMail</string>\n<string>2912</string>\n<string>WindowsMail0: </string>\n"
    },
    "RawXml": "<Event xmlns=\"http://schemas.microsoft.com/win/2004/08/events/event\"><System><Provider Name=\"ESENT\"></Provider>\n<EventID Qualifiers=\"0\">213</EventID>\n<Level>4</Level>\n<Task>3</Task>\n<Keywords>0x0080000000000000</Keywords>\n<TimeCreated SystemTime=\"2014-01-25 01:28:19+00:00\"></TimeCreated>\n<EventRecordID>217</EventRecordID>\n<Channel>Application</Channel>\n<Computer>IACIS-HDD-2014</Computer>\n<Security UserID=\"\"></Security>\n</System>\n<EventData><Data>&lt;string&gt;WinMail&lt;/string&gt;\n&lt;string&gt;2912&lt;/string&gt;\n&lt;string&gt;WindowsMail0: &lt;/string&gt;\n</Data>\n<Binary></Binary>\n</EventData>\n</Event>\n"
  },
  {
    "EventID": 103,
    "Timestamp": "2014-01-25 01:28:25+00:00",
    "Computer": "IACIS-HDD-2014",
    "Channel": "Application",
    "Level": "Information",
    "EventData": {
      "": "<string>WinMail</string>\n<string>2912</string>\n<string>WindowsMail0: </string>\n<string>0</string>\n"
    },
    "RawXml": "<Event xmlns=\"http://schemas.microsoft.com/win/2004/08/events/event\"><System><Provider Name=\"ESENT\"></Provider>\n<EventID Qualifiers=\"0\">103</EventID>\n<Level>4</Level>\n<Task>1</Task>\n<Keywords>0x0080000000000000</Keywords>\n<TimeCreated SystemTime=\"2014-01-25 01:28:25+00:00\"></TimeCreated>\n<EventRecordID>218</EventRecordID>\n<Channel>Application</Channel>\n<Computer>IACIS-HDD-2014</Computer>\n<Security UserID=\"\"></Security>\n</System>\n<EventData><Data>&lt;string&gt;WinMail&lt;/string&gt;\n&lt;string&gt;2912&lt;/string&gt;\n&lt;string&gt;WindowsMail0: &lt;/string&gt;\n&lt;string&gt;0&lt;/string&gt;\n</Data>\n<Binary></Binary>\n</EventData>\n</Event>\n"
  },
  {
    "EventID": 102,
    "Timestamp": "2014-01-25 01:30:10+00:00",
    "Computer": "IACIS-HDD-2014",
    "Channel": "Application",
    "Level": "Information",
    "EventData": {
      "": "<string>Windows</string>\n<string>1676</string>\n<string>Windows: </string>\n<string>0</string>\n<string>6</string>\n<string>01</string>\n<string>7601</string>\n<string>0000</string>\n"
    },
    "RawXml": "<Event xmlns=\"http://schemas.microsoft.com/win/2004/08/events/event\"><System><Provider Name=\"ESENT\"></Provider>\n<EventID Qualifiers=\"0\">102</EventID>\n<Level>4</Level>\n<Task>1</Task>\n<Keywords>0x0080000000000000</Keywords>\n<TimeCreated SystemTime=\"2014-01-25 01:30:10+00:00\"></TimeCreated>\n<EventRecordID>219</EventRecordID>\n<Channel>Application</Channel>\n<Computer>IACIS-HDD-2014</Computer>\n<Security UserID=\"\"></Security>\n</System>\n<EventData><Data>&lt;string&gt;Windows&lt;/string&gt;\n&lt;string&gt;1676&lt;/string&gt;\n&lt;string&gt;Windows: &lt;/string&gt;\n&lt;string&gt;0&lt;/string&gt;\n&lt;string&gt;6&lt;/string&gt;\n&lt;string&gt;01&lt;/string&gt;\n&lt;string&gt;7601&lt;/string&gt;\n&lt;string&gt;0000&lt;/string&gt;\n</Data>\n<Binary></Binary>\n</EventData>\n</Event>\n"
  },
  {
    "EventID": 102,
    "Timestamp": "2014-01-25 01:30:25+00:00",
    "Computer": "IACIS-HDD-2014",
    "Channel": "Application",
    "Level": "Information",
    "EventData": {
      "": "<string>WinMail</string>\n<string>2808</string>\n<string>WindowsMail0: </string>\n<string>0</string>\n<string>6</string>\n<string>01</string>\n<string>7601</string>\n<string>0000</string>\n"
    },
    "RawXml": "<Event xmlns=\"http://schemas.microsoft.com/win/2004/08/events/event\"><System><Provider Name=\"ESENT\"></Provider>\n<EventID Qualifiers=\"0\">102</EventID>\n<Level>4</Level>\n<Task>1</Task>\n<Keywords>0x0080000000000000</Keywords>\n<TimeCreated SystemTime=\"2014-01-25 01:30:25+00:00\"></TimeCreated>\n<EventRecordID>220</EventRecordID>\n<Channel>Application</Channel>\n<Computer>IACIS-HDD-2014</Computer>\n<Security UserID=\"\"></Security>\n</System>\n<EventData><Data>&lt;string&gt;WinMail&lt;/string&gt;\n&lt;string&gt;2808&lt;/string&gt;\n&lt;string&gt;WindowsMail0: &lt;/string&gt;\n&lt;string&gt;0&lt;/string&gt;\n&lt;string&gt;6&lt;/string&gt;\n&lt;string&gt;01&lt;/string&gt;\n&lt;string&gt;7601&lt;/string&gt;\n&lt;string&gt;0000&lt;/string&gt;\n</Data>\n<Binary></Binary>\n</EventData>\n</Event>\n"
  },
  {
    "EventID": 103,
    "Timestamp": "2014-01-25 01:30:26+00:00",
    "Computer": "IACIS-HDD-2014",
    "Channel": "Application",
    "Level": "Information",
    "EventData": {
      "": "<string>WinMail</string>\n<string>2808</string>\n<string>WindowsMail0: </string>\n<string>0</string>\n"
    },
    "RawXml": "<Event xmlns=\"http://schemas.microsoft.com/win/2004/08/events/event\"><System><Provider Name=\"ESENT\"></Provider>\n<EventID Qualifiers=\"0\">103</EventID>\n<Level>4</Level>\n<Task>1</Task>\n<Keywords>0x0080000000000000</Keywords>\n<TimeCreated SystemTime=\"2014-01-25 01:30:26+00:00\"></TimeCreated>\n<EventRecordID>221</EventRecordID>\n<Channel>Application</Channel>\n<Computer>IACIS-HDD-2014</Computer>\n<Security UserID=\"\"></Security>\n</System>\n<EventData><Data>&lt;string&gt;WinMail&lt;/string&gt;\n&lt;string&gt;2808&lt;/string&gt;\n&lt;string&gt;WindowsMail0: &lt;/string&gt;\n&lt;string&gt;0&lt;/string&gt;\n</Data>\n<Binary></Binary>\n</EventData>\n</Event>\n"
  },
  {
    "EventID": 1005,
    "Timestamp": "2014-01-25 01:31:13+00:00",
    "Computer": "IACIS-HDD-2014",
    "Channel": "Application",
    "Level": "Information",
    "EventData": {
      "ExtraInfo": "\n"
    },
    "RawXml": "<Event xmlns=\"http://schemas.microsoft.com/win/2004/08/events/event\"><System><Provider Name=\"Microsoft-Windows-Search\" Guid=\"{CA4E628D-8567-4896-AB6B-835B221F373F}\" EventSourceName=\"Windows Search Service\"></Provider>\n<EventID Qualifiers=\"16384\">1005</EventID>\n<Version>0</Version>\n<Level>4</Level>\n<Task>1</Task>\n<Opcode>0</Opcode>\n<Keywords>0x0080000000000000</Keywords>\n<TimeCreated SystemTime=\"2014-01-25 01:31:13+00:00\"></TimeCreated>\n<EventRecordID>222</EventRecordID>\n<Correlation ActivityID=\"\" RelatedActivityID=\"\"></Correlation>\n<Execution ProcessID=\"0\" ThreadID=\"0\"></Execution>\n<Channel>Application</Channel>\n<Computer>IACIS-HDD-2014</Computer>\n<Security UserID=\"\"></Security>\n</System>\n<EventData><Data Name=\"ExtraInfo\">\n</Data>\n</EventData>\n</Event>\n"
  },
  {
    "EventID": 1003,
    "Timestamp": "2014-01-25 01:31:14+00:00",
    "Computer": "IACIS-HDD-2014",
    "Channel": "Application",
    "Level": "Information",
    "EventData": {
      "ExtraInfo": "\n"
    },
    "RawXml": "<Event xmlns=\"http://schemas.microsoft.com/win/2004/08/events/event\"><System><Provider Name=\"Microsoft-Windows-Search\" Guid=\"{CA4E628D-8567-4896-AB6B-835B221F373F}\" EventSourceName=\"Windows Search Service\"></Provider>\n<EventID Qualifiers=\"16384\">1003</EventID>\n<Version>0</Version>\n<Level>4</Level>\n<Task>1</Task>\n<Opcode>0</Opcode>\n<Keywords>0x0080000000000000</Keywords>\n<TimeCreated SystemTime=\"2014-01-25 01:31:14+00:00\"></TimeCreated>\n<EventRecordID>223</EventRecordID>\n<Correlation ActivityID=\"\" RelatedActivityID=\"\"></Correlation>\n<Execution ProcessID=\"0\" ThreadID=\"0\"></Execution>\n<Channel>Application</Channel>\n<Computer>IACIS-HDD-2014</Computer>\n<Security UserID=\"\"></Security>\n</System>\n<EventData><Data Name=\"ExtraInfo\">\n</Data>\n</EventData>\n</Event>\n"
  },
  {
    "EventID": 8224,
    "Timestamp": "2014-01-25 01:32:17+00:00",
    "Computer": "IACIS-HDD-2014",
    "Channel": "Application",
    "Level": "Information",
    "EventData": {
      "": "<string></string>\n"
    },
    "RawXml": "<Event xmlns=\"http://schemas.microsoft.com/win/2004/08/events/event\"><System><Provider Name=\"VSS\"></Provider>\n<EventID Qualifiers=\"0\">8224</EventID>\n<Level>4</Level>\n<Task>0</Task>\n<Keywords>0x0080000000000000</Keywords>\n<TimeCreated SystemTime=\"2014-01-25 01:32:17+00:00\"></TimeCreated>\n<EventRecordID>224</EventRecordID>\n<Channel>Application</Channel>\n<Computer>IACIS-HDD-2014</Computer>\n<Security UserID=\"\"></Security>\n</System>\n<EventData><Data>&lt;string&gt;&lt;/string&gt;\n</Data>\n<Binary>LSBDb2RlOiAgQ09SU1ZDQzAwMDAwNzczLSBDYWxsOiAgQ09SU1ZDQzAwMDAwNzU1LSBQSUQ6ICAwMDAwMjEzMi0gVElEOiAgMDAwMDI1ODAtIENNRDogIEM6XFdpbmRvd3Ncc3lzdGVtMzJcdnNzdmMuZXhlICAgLSBVc2VyOiBOYW1lOiBOVCBBVVRIT1JJVFlcU1lTVEVNLCBTSUQ6Uy0xLTUtMTgg</Binary>\n</EventData>\n</Event>\n"
  },
  {
    "EventID": 1001,
    "Timestamp": "2014-01-25 01:32:25.620394+00:00",
    "Computer": "IACIS-HDD-2014",
    "Channel": "Application",
    "Level": "Information",
    "EventData": {},
    "RawXml": "<Event xmlns=\"http://schemas.microsoft.com/win/2004/08/events/event\"><System><Provider Name=\"Microsoft-Windows-LoadPerf\" Guid=\"{122ee297-bb47-41ae-b265-1ca8d1886d40}\"></Provider>\n<EventID Qualifiers=\"\">1001</EventID>\n<Version>0</Version>\n<Level>4</Level>\n<Task>0</Task>\n<Opcode>0</Opcode>\n<Keywords>0x8000000000000000</Keywords>\n<TimeCreated SystemTime=\"2014-01-25 01:32:25.620394+00:00\"></TimeCreated>\n<EventRecordID>225</EventRecordID>\n<Correlation ActivityID=\"\" RelatedActivityID=\"\"></Correlation>\n<Execution ProcessID=\"1504\" ThreadID=\"2148\"></Execution>\n<Channel>Application</Channel>\n<Computer>IACIS-HDD-2014</Computer>\n<Security UserID=\"S-1-5-18\"></Security>\n</System>\n<UserData><EventXML xmlns:auto-ns2=\"http://schemas.microsoft.com/win/2004/08/events\" xmlns=\"LoadPerf\"><param1>WmiApRpl</param1>\n<param2>WmiApRpl</param2>\n<binaryDataSize>12</binaryDataSize>\n<binaryData>ShkAAEsZAAA0BwAA</binaryData>\n</EventXML>\n</UserData>\n</Event>\n"
  },
  {
    "EventID": 1000,
    "Timestamp": "2014-01-25 01:32:26.306797+00:00",
    "Computer": "IACIS-HDD-2014",
    "Channel": "Application",
    "Level": "Information",
    "EventData": {},
    "RawXml": "<Event xmlns=\"http://schemas.microsoft.com/win/2004/08/events/event\"><System><Provider Name=\"Microsoft-Windows-LoadPerf\" Guid=\"{122ee297-bb47-41ae-b265-1ca8d1886d40}\"></Provider>\n<EventID Qualifiers=\"\">1000</EventID>\n<Version>0</Version>\n<Level>4</Level>\n<Task>0</Task>\n<Opcode>0</Opcode>\n<Keywords>0x8000000000000000</Keywords>\n<TimeCreated SystemTime=\"2014-01-25 01:32:26.306797+00:00\"></TimeCreated>\n<EventRecordID>226</EventRecordID>\n<Correlation ActivityID=\"\" RelatedActivityID=\"\"></Correlation>\n<Execution ProcessID=\"1504\" ThreadID=\"2148\"></Execution>\n<Channel>Application</Channel>\n<Computer>IACIS-HDD-2014</Computer>\n<Security UserID=\"S-1-5-18\"></Security>\n</System>\n<UserData><EventXML xmlns:auto-ns2=\"http://schemas.microsoft.com/win/2004/08/events\" xmlns=\"LoadPerf\"><param1>WmiApRpl</param1>\n<param2>WmiApRpl</param2>\n<binaryDataSize>16</binaryDataSize>\n<binaryData>TBkAAP4ZAABNGQAA/xkAAA==</binaryData>\n</EventXML>\n</UserData>\n</Event>\n"
  },
  {
    "EventID": 1005,
    "Timestamp": "2014-01-25 01:32:43+00:00",
    "Computer": "IACIS-HDD-2014",
    "Channel": "Application",
    "Level": "Information",
    "EventData": {},
    "RawXml": "<Event xmlns=\"http://schemas.microsoft.com/win/2004/08/events/event\"><System><Provider Name=\"Microsoft-Windows-CEIP\" Guid=\"{A402FE09-DA6E-45F2-82AF-3CB37170EE0C}\" EventSourceName=\"Customer Experience Improvement Program\"></Provider>\n<EventID Qualifiers=\"16384\">1005</EventID>\n<Version>0</Version>\n<Level>4</Level>\n<Task>0</Task>\n<Opcode>0</Opcode>\n<Keywords>0x0080000000000000</Keywords>\n<TimeCreated SystemTime=\"2014-01-25 01:32:43+00:00\"></TimeCreated>\n<EventRecordID>227</EventRecordID>\n<Correlation ActivityID=\"\" RelatedActivityID=\"\"></Correlation>\n<Execution ProcessID=\"0\" ThreadID=\"0\"></Execution>\n<Channel>Application</Channel>\n<Computer>IACIS-HDD-2014</Computer>\n<Security UserID=\"\"></Security>\n</System>\n<EventData></EventData>\n</Event>\n"
  },
  {
    "EventID": 1130,
    "Timestamp": "2014-01-25 01:37:43+00:00",
    "Computer": "IACIS-HDD-2014",
    "Channel": "Application",
    "Level": "LogAlways",
    "EventData": {
      "": "<string>.NET Runtime Optimization Service (2.0.50727.5420) - Installed from repository: Microsoft.Security.ApplicationId.PolicyManagement.Cmdlets</string>\n"
    },
    "RawXml": "<Event xmlns=\"http://schemas.microsoft.com/win/2004/08/events/event\"><System><Provider Name=\".NET Runtime Optimization Service\"></Provider>\n<EventID Qualifiers=\"0\">1130</EventID>\n<Level>0</Level>\n<Task>0</Task>\n<Keywords>0x0080000000000000</Keywords>\n<TimeCreated SystemTime=\"2014-01-25 01:37:43+00:00\"></TimeCreated>\n<EventRecordID>228</EventRecordID>\n<Channel>Application</Channel>\n<Computer>IACIS-HDD-2014</Computer>\n<Security UserID=\"\"></Security>\n</System>\n<EventData><Data>&lt;string&gt;.NET Runtime Optimization Service (2.0.50727.5420) - Installed from repository: Microsoft.Security.ApplicationId.PolicyManagement.Cmdlets&lt;/string&gt;\n</Data>\n<Binary></Binary>\n</EventData>\n</Event>\n"
  },
  {
    "EventID": 1130,
    "Timestamp": "2014-01-25 01:48:34+00:00",
    "Computer": "IACIS-HDD-2014",
    "Channel": "Application",
    "Level": "LogAlways",
    "EventData": {
      "": "<string>.NET Runtime Optimization Service (2.0.50727.5420) - Installed from repository: Microsoft.Security.ApplicationId.PolicyManagement.Cmdlets</string>\n"
    },
    "RawXml": "<Event xmlns=\"http://schemas.microsoft.com/win/2004/08/events/event\"><System><Provider Name=\".NET Runtime Optimization Service\"></Provider>\n<EventID Qualifiers=\"0\">1130</EventID>\n<Level>0</Level>\n<Task>0</Task>\n<Keywords>0x0080000000000000</Keywords>\n<TimeCreated SystemTime=\"2014-01-25 01:48:34+00:00\"></TimeCreated>\n<EventRecordID>229</EventRecordID>\n<Channel>Application</Channel>\n<Computer>IACIS-HDD-2014</Computer>\n<Security UserID=\"\"></Security>\n</System>\n<EventData><Data>&lt;string&gt;.NET Runtime Optimization Service (2.0.50727.5420) - Installed from repository: Microsoft.Security.ApplicationId.PolicyManagement.Cmdlets&lt;/string&gt;\n</Data>\n<Binary></Binary>\n</EventData>\n</Event>\n"
  },
  {
    "EventID": 8194,
    "Timestamp": "2014-01-25 01:54:57+00:00",
    "Computer": "IACIS-HDD-2014",
    "Channel": "Application",
    "Level": "Information",
    "EventData": {
      "": "<string>C:\\Windows\\system32\\svchost.exe -k netsvcs</string>\n<string>Windows Update</string>\n"
    },
    "RawXml": "<Event xmlns=\"http://schemas.microsoft.com/win/2004/08/events/event\"><System><Provider Name=\"System Restore\"></Provider>\n<EventID Qualifiers=\"0\">8194</EventID>\n<Level>4</Level>\n<Task>0</Task>\n<Keywords>0x0080000000000000</Keywords>\n<TimeCreated SystemTime=\"2014-01-25 01:54:57+00:00\"></TimeCreated>\n<EventRecordID>230</EventRecordID>\n<Channel>Application</Channel>\n<Computer>IACIS-HDD-2014</Computer>\n<Security UserID=\"\"></Security>\n</System>\n<EventData><Data>&lt;string&gt;C:\\Windows\\system32\\svchost.exe -k netsvcs&lt;/string&gt;\n&lt;string&gt;Windows Update&lt;/string&gt;\n</Data>\n<Binary>AAAAAKEBAACXAQAAAAAAACLOKGd8bdp54owcAAAAAAAAAAAA</Binary>\n</EventData>\n</Event>\n"
  },
  {
    "EventID": 8219,
    "Timestamp": "2014-01-25 01:55:34+00:00",
    "Computer": "IACIS-HDD-2014",
    "Channel": "Application",
    "Level": "Information",
    "EventData": {
      "": "<string>\\\\?\\GLOBALROOT\\Device\\HarddiskVolumeShadowCopy2\\Windows\\softwaredistribution\\WuRedir\\9482F4B4-E343-43B6-B170-9A65BC822C77</string>\n<string>*.*</string>\n<string>WUA</string>\n<string>\n\nOperation:\n   OnPostSnapshot event\n   PostSnapshot Event\n\nContext:\n   Execution Context: Shadow Copy Optimization Writer\n   Execution Context: Writer\n   Writer Class Id: {4dc3bdd4-ab48-4d07-adb0-3bee2926fd7f}\n   Writer Name: Shadow Copy Optimization Writer\n   Writer Instance ID: {b79f34cd-8738-4adc-913d-ec7cfdfddad1}</string>\n"
    },
    "RawXml": "<Event xmlns=\"http://schemas.microsoft.com/win/2004/08/events/event\"><System><Provider Name=\"VSS\"></Provider>\n<EventID Qualifiers=\"0\">8219</EventID>\n<Level>4</Level>\n<Task>0</Task>\n<Keywords>0x0080000000000000</Keywords>\n<TimeCreated SystemTime=\"2014-01-25 01:55:34+00:00\"></TimeCreated>\n<EventRecordID>231</EventRecordID>\n<Channel>Application</Channel>\n<Computer>IACIS-HDD-2014</Computer>\n<Security UserID=\"\"></Security>\n</System>\n<EventData><Data>&lt;string&gt;\\\\?\\GLOBALROOT\\Device\\HarddiskVolumeShadowCopy2\\Windows\\softwaredistribution\\WuRedir\\9482F4B4-E343-43B6-B170-9A65BC822C77&lt;/string&gt;\n&lt;string&gt;*.*&lt;/string&gt;\n&lt;string&gt;WUA&lt;/string&gt;\n&lt;string&gt;\n\nOperation:\n   OnPostSnapshot event\n   PostSnapshot Event\n\nContext:\n   Execution Context: Shadow Copy Optimization Writer\n   Execution Context: Writer\n   Writer Class Id: {4dc3bdd4-ab48-4d07-adb0-3bee2926fd7f}\n   Writer Name: Shadow Copy Optimization Writer\n   Writer Instance ID: {b79f34cd-8738-4adc-913d-ec7cfdfddad1}&lt;/string&gt;\n</Data>\n<Binary>LSBDb2RlOiBXUlRERUxFVDAwMDAwODA4LSBDYWxsOiBXUlRERUxFVDAwMDAwNzY2LSBQSUQ6ICAwMDAwMTI4NC0gVElEOiAgMDAwMDI4MjAtIENNRDogIEM6XFdpbmRvd3Ncc3lzdGVtMzJcdnNzdmMuZXhlICAgLSBVc2VyOiBOYW1lOiBOVCBBVVRIT1JJVFlcU1lTVEVNLCBTSUQ6Uy0xLTUtMTgg</Binary>\n</EventData>\n</Event>\n"
  },
  {
    "EventID": 8220,
    "Timestamp": "2014-01-25 01:56:05+00:00",
    "Computer": "IACIS-HDD-2014",
    "Channel": "Application",
    "Level": "Information",
    "EventData": {
      "": "<string>\n\nOperation:\n   OnPostSnapshot event\n   PostSnapshot Event\n\nContext:\n   Execution Context: Shadow Copy Optimization Writer\n   Execution Context: Writer\n   Writer Class Id: {4dc3bdd4-ab48-4d07-adb0-3bee2926fd7f}\n   Writer Name: Shadow Copy Optimization Writer\n   Writer Instance ID: {b79f34cd-8738-4adc-913d-ec7cfdfddad1}</string>\n"
    },
    "RawXml": "<Event xmlns=\"http://schemas.microsoft.com/win/2004/08/events/event\"><System><Provider Name=\"VSS\"></Provider>\n<EventID Qualifiers=\"0\">8220</EventID>\n<Level>4</Level>\n<Task>0</Task>\n<Keywords>0x0080000000000000</Keywords>\n<TimeCreated SystemTime=\"2014-01-25 01:56:05+00:00\"></TimeCreated>\n<EventRecordID>232</EventRecordID>\n<Channel>Application</Channel>\n<Computer>IACIS-HDD-2014</Computer>\n<Security UserID=\"\"></Security>\n</System>\n<EventData><Data>&lt;string&gt;\n\nOperation:\n   OnPostSnapshot event\n   PostSnapshot Event\n\nContext:\n   Execution Context: Shadow Copy Optimization Writer\n   Execution Context: Writer\n   Writer Class Id: {4dc3bdd4-ab48-4d07-adb0-3bee2926fd7f}\n   Writer Name: Shadow Copy Optimization Writer\n   Writer Instance ID: {b79f34cd-8738-4adc-913d-ec7cfdfddad1}&lt;/string&gt;\n</Data>\n<Binary>LSBDb2RlOiBXUlRERUxFVDAwMDAwMzEzLSBDYWxsOiBXUlRERUxFVDAwMDAwMjQ4LSBQSUQ6ICAwMDAwMTI4NC0gVElEOiAgMDAwMDI4MjAtIENNRDogIEM6XFdpbmRvd3Ncc3lzdGVtMzJcdnNzdmMuZXhlICAgLSBVc2VyOiBOYW1lOiBOVCBBVVRIT1JJVFlcU1lTVEVNLCBTSUQ6Uy0xLTUtMTgg</Binary>\n</EventData>\n</Event>\n"
  },
  {
    "EventID": 1003,
    "Timestamp": "2014-01-25 02:08:41+00:00",
    "Computer": "IACIS-HDD-2014",
    "Channel": "Application",
    "Level": "Information",
    "EventData": {
      "": "<string>55c92734-d682-4d71-983e-d6ec3f16059f</string>\n<string>\n1: 022a1afb-b893-4190-92c3-8f69a49839fb, 1, 0 [(0 [0xC004F014, 0, 0], [(?)(?)(?)(?)(?)(?)])(1 )(2 )]\n2: 436cef53-8387-4692-bb4a-9492cd82260e, 1, 0 [(0 [0xC004F014, 0, 0], [(?)(?)(?)(?)(?)(?)])(1 )(2 )]\n3: 57a232fe-0931-48fe-9389-e4586967c661, 1, 0 [(0 [0xC004F014, 0, 0], [(?)(?)(?)(?)(?)(?)])(1 )(2 )]\n4: 7cfd4696-69a9-4af7-af36-ff3d12b6b6c8, 1, 0 [(0 [0xC004F014, 0, 0], [(?)(?)(?)(?)(?)(?)])(1 )(2 )]\n5: 8ec16e01-e86f-415f-b333-1819f4145294, 1, 0 [(0 [0xC004F014, 0, 0], [(?)(?)(?)(?)(?)(?)])(1 )(2 )]\n6: a0cde89c-3304-4157-b61c-c8ad785d1fad, 1, 0 [(0 [0xC004F014, 0, 0], [(?)(?)(?)(?)(?)(?)])(1 )(2 )]\n7: ac96e1a8-6cc4-4310-a4ff-332ce77fb5b8, 1, 1 [(0 )(1 )(2 [0x00000000, 0, 1], [(?)( 5 0x00000000 30 43200)( 1 0x00000000 0 0 msft:rm/algorithm/flags/1.0 0x00000000 0)(?)(?)(?)])]\n8: b2c4b9f6-3ee6-4a2a-a361-64ad3b61ded5, 1, 0 [(0 [0xC004F014, 0, 0], [(?)(?)(?)(?)(?)(?)])(1 )(2 )]\n9: bba42084-cacd-4ad4-b606-9f3d6c93b2c5, 1, 0 [(0 [0xC004F014, 0, 0], [(?)(?)(?)(?)(?)(?)])(1 )(2 )]\n10: c619d61c-c2f2-40c3-ab3f-c5924314b0f3, 1, 0 [(0 [0xC004F014, 0, 0], [(?)(?)(?)(?)(?)(?)])(1 )(2 )]\n11: cfb3e52c-d707-4861-af51-11b27ee6169c, 1, 0 [(0 [0xC004F014, 0, 0], [(?)(?)(?)(?)(?)(?)])(1 )(2 )]\n12: 4a8149bb-7d61-49f4-8822-82c7bf88d64b, 1, 0 [(0 [0xC004F014, 0, 0], [(?)(?)(?)(?)(?)(?)])(1 )(2 )]\n13: afd5f68f-b70f-4000-a21d-28dbc8be8b07, 1, 0 [(0 [0xC004F014, 0, 0], [(?)(?)(?)(?)(?)(?)])(1 )(2 )]\n\n</string>\n"
    },
    "RawXml": "<Event xmlns=\"http://schemas.microsoft.com/win/2004/08/events/event\"><System><Provider Name=\"Microsoft-Windows-Security-SPP\" Guid=\"{E23B33B0-C8C9-472C-A5F9-F2BDFEA0F156}\" EventSourceName=\"Software Protection Platform Service\"></Provider>\n<EventID Qualifiers=\"16384\">1003</EventID>\n<Version>0</Version>\n<Level>4</Level>\n<Task>0</Task>\n<Opcode>0</Opcode>\n<Keywords>0x0080000000000000</Keywords>\n<TimeCreated SystemTime=\"2014-01-25 02:08:41+00:00\"></TimeCreated>\n<EventRecordID>233</EventRecordID>\n<Correlation ActivityID=\"\" RelatedActivityID=\"\"></Correlation>\n<Execution ProcessID=\"0\" ThreadID=\"0\"></Execution>\n<Channel>Application</Channel>\n<Computer>IACIS-HDD-2014</Computer>\n<Security UserID=\"\"></Security>\n</System>\n<EventData><Data>&lt;string&gt;55c92734-d682-4d71-983e-d6ec3f16059f&lt;/string&gt;\n&lt;string&gt;\n1: 022a1afb-b893-4190-92c3-8f69a49839fb, 1, 0 [(0 [0xC004F014, 0, 0], [(?)(?)(?)(?)(?)(?)])(1 )(2 )]\n2: 436cef53-8387-4692-bb4a-9492cd82260e, 1, 0 [(0 [0xC004F014, 0, 0], [(?)(?)(?)(?)(?)(?)])(1 )(2 )]\n3: 57a232fe-0931-48fe-9389-e4586967c661, 1, 0 [(0 [0xC004F014, 0, 0], [(?)(?)(?)(?)(?)(?)])(1 )(2 )]\n4: 7cfd4696-69a9-4af7-af36-ff3d12b6b6c8, 1, 0 [(0 [0xC004F014, 0, 0], [(?)(?)(?)(?)(?)(?)])(1 )(2 )]\n5: 8ec16e01-e86f-415f-b333-1819f4145294, 1, 0 [(0 [0xC004F014, 0, 0], [(?)(?)(?)(?)(?)(?)])(1 )(2 )]\n6: a0cde89c-3304-4157-b61c-c8ad785d1fad, 1, 0 [(0 [0xC004F014, 0, 0], [(?)(?)(?)(?)(?)(?)])(1 )(2 )]\n7: ac96e1a8-6cc4-4310-a4ff-332ce77fb5b8, 1, 1 [(0 )(1 )(2 [0x00000000, 0, 1], [(?)( 5 0x00000000 30 43200)( 1 0x00000000 0 0 msft:rm/algorithm/flags/1.0 0x00000000 0)(?)(?)(?)])]\n8: b2c4b9f6-3ee6-4a2a-a361-64ad3b61ded5, 1, 0 [(0 [0xC004F014, 0, 0], [(?)(?)(?)(?)(?)(?)])(1 )(2 )]\n9: bba42084-cacd-4ad4-b606-9f3d6c93b2c5, 1, 0 [(0 [0xC004F014, 0, 0], [(?)(?)(?)(?)(?)(?)])(1 )(2 )]\n10: c619d61c-c2f2-40c3-ab3f-c5924314b0f3, 1, 0 [(0 [0xC004F014, 0, 0], [(?)(?)(?)(?)(?)(?)])(1 )(2 )]\n11: cfb3e52c-d707-4861-af51-11b27ee6169c, 1, 0 [(0 [0xC004F014, 0, 0], [(?)(?)(?)(?)(?)(?)])(1 )(2 )]\n12: 4a8149bb-7d61-49f4-8822-82c7bf88d64b, 1, 0 [(0 [0xC004F014, 0, 0], [(?)(?)(?)(?)(?)(?)])(1 )(2 )]\n13: afd5f68f-b70f-4000-a21d-28dbc8be8b07, 1, 0 [(0 [0xC004F014, 0, 0], [(?)(?)(?)(?)(?)(?)])(1 )(2 )]\n\n&lt;/string&gt;\n</Data>\n<Binary></Binary>\n</EventData>\n</Event>\n"
  },
  {
    "EventID": 1001,
    "Timestamp": "2014-01-25 02:09:29.183453+00:00",
    "Computer": "IACIS-HDD-2014",
    "Channel": "Application",
    "Level": "Information",
    "EventData": {},
    "RawXml": "<Event xmlns=\"http://schemas.microsoft.com/win/2004/08/events/event\"><System><Provider Name=\"Microsoft-Windows-LoadPerf\" Guid=\"{122ee297-bb47-41ae-b265-1ca8d1886d40}\"></Provider>\n<EventID Qualifiers=\"\">1001</EventID>\n<Version>0</Version>\n<Level>4</Level>\n<Task>0</Task>\n<Opcode>0</Opcode>\n<Keywords>0x8000000000000000</Keywords>\n<TimeCreated SystemTime=\"2014-01-25 02:09:29.183453+00:00\"></TimeCreated>\n<EventRecordID>234</EventRecordID>\n<Correlation ActivityID=\"\" RelatedActivityID=\"\"></Correlation>\n<Execution ProcessID=\"2992\" ThreadID=\"1016\"></Execution>\n<Channel>Application</Channel>\n<Computer>IACIS-HDD-2014</Computer>\n<Security UserID=\"S-1-5-18\"></Security>\n</System>\n<UserData><EventXML xmlns:auto-ns2=\"http://schemas.microsoft.com/win/2004/08/events\" xmlns=\"LoadPerf\"><param1>WmiApRpl</param1>\n<param2>WmiApRpl</param2>\n<binaryDataSize>12</binaryDataSize>\n<binaryData>ShkAAEsZAAA0BwAA</binaryData>\n</EventXML>\n</UserData>\n</Event>\n"
  },
  {
    "EventID": 1000,
    "Timestamp": "2014-01-25 02:09:29.791853+00:00",
    "Computer": "IACIS-HDD-2014",
    "Channel": "Application",
    "Level": "Information",
    "EventData": {},
    "RawXml": "<Event xmlns=\"http://schemas.microsoft.com/win/2004/08/events/event\"><System><Provider Name=\"Microsoft-Windows-LoadPerf\" Guid=\"{122ee297-bb47-41ae-b265-1ca8d1886d40}\"></Provider>\n<EventID Qualifiers=\"\">1000</EventID>\n<Version>0</Version>\n<Level>4</Level>\n<Task>0</Task>\n<Opcode>0</Opcode>\n<Keywords>0x8000000000000000</Keywords>\n<TimeCreated SystemTime=\"2014-01-25 02:09:29.791853+00:00\"></TimeCreated>\n<EventRecordID>235</EventRecordID>\n<Correlation ActivityID=\"\" RelatedActivityID=\"\"></Correlation>\n<Execution ProcessID=\"2992\" ThreadID=\"1016\"></Execution>\n<Channel>Application</Channel>\n<Computer>IACIS-HDD-2014</Computer>\n<Security UserID=\"S-1-5-18\"></Security>\n</System>\n<UserData><EventXML xmlns:auto-ns2=\"http://schemas.microsoft.com/win/2004/08/events\" xmlns=\"LoadPerf\"><param1>WmiApRpl</param1>\n<param2>WmiApRpl</param2>\n<binaryDataSize>16</binaryDataSize>\n<binaryData>TBkAAP4ZAABNGQAA/xkAAA==</binaryData>\n</EventXML>\n</UserData>\n</Event>\n"
  },
  {
    "EventID": 10000,
    "Timestamp": "2014-01-25 02:10:55.592005+00:00",
    "Computer": "IACIS-HDD-2014",
    "Channel": "Application",
    "Level": "Information",
    "EventData": {},
    "RawXml": "<Event xmlns=\"http://schemas.microsoft.com/win/2004/08/events/event\"><System><Provider Name=\"Microsoft-Windows-RestartManager\" Guid=\"{0888e5ef-9b98-4695-979d-e92ce4247224}\"></Provider>\n<EventID Qualifiers=\"\">10000</EventID>\n<Version>0</Version>\n<Level>4</Level>\n<Task>0</Task>\n<Opcode>0</Opcode>\n<Keywords>0x8000000000000000</Keywords>\n<TimeCreated SystemTime=\"2014-01-25 02:10:55.592005+00:00\"></TimeCreated>\n<EventRecordID>236</EventRecordID>\n<Correlation ActivityID=\"\" RelatedActivityID=\"\"></Correlation>\n<Execution ProcessID=\"1156\" ThreadID=\"1736\"></Execution>\n<Channel>Application</Channel>\n<Computer>IACIS-HDD-2014</Computer>\n<Security UserID=\"S-1-5-21-1171287513-3642516788-2358256967-1001\"></Security>\n</System>\n<UserData><RmSessionEvent xmlns:auto-ns2=\"http://schemas.microsoft.com/win/2004/08/events\" xmlns=\"http://www.microsoft.com/2005/08/Windows/Reliability/RestartManager/\"><RmSessionId>1</RmSessionId>\n<UTCStartTime>2014-01-25 02:10:55.592005+00:00</UTCStartTime>\n</RmSessionEvent>\n</UserData>\n</Event>\n"
  },
  {
    "EventID": 10001,
    "Timestamp": "2014-01-25 02:10:57.651209+00:00",
    "Computer": "IACIS-HDD-2014",
    "Channel": "Application",
    "Level": "Information",
    "EventData": {},
    "RawXml": "<Event xmlns=\"http://schemas.microsoft.com/win/2004/08/events/event\"><System><Provider Name=\"Microsoft-Windows-RestartManager\" Guid=\"{0888e5ef-9b98-4695-979d-e92ce4247224}\"></Provider>\n<EventID Qualifiers=\"\">10001</EventID>\n<Version>0</Version>\n<Level>4</Level>\n<Task>0</Task>\n<Opcode>0</Opcode>\n<Keywords>0x8000000000000000</Keywords>\n<TimeCreated SystemTime=\"2014-01-25 02:10:57.651209+00:00\"></TimeCreated>\n<EventRecordID>237</EventRecordID>\n<Correlation ActivityID=\"\" RelatedActivityID=\"\"></Correlation>\n<Execution ProcessID=\"1156\" ThreadID=\"1736\"></Execution>\n<Channel>Application</Channel>\n<Computer>IACIS-HDD-2014</Computer>\n<Security UserID=\"S-1-5-21-1171287513-3642516788-2358256967-1001\"></Security>\n</System>\n<UserData><RmSessionEvent xmlns:auto-ns2=\"http://schemas.microsoft.com/win/2004/08/events\" xmlns=\"http://www.microsoft.com/2005/08/Windows/Reliability/RestartManager/\"><RmSessionId>1</RmSessionId>\n<UTCStartTime>2014-01-25 02:10:55.592005+00:00</UTCStartTime>\n</RmSessionEvent>\n</UserData>\n</Event>\n"
  },
  {
    "EventID": 8224,
    "Timestamp": "2014-01-25 02:25:29+00:00",
    "Computer": "IACIS-HDD-2014",
    "Channel": "Application",
    "Level": "Information",
    "EventData": {
      "": "<string></string>\n"
    },
    "RawXml": "<Event xmlns=\"http://schemas.microsoft.com/win/2004/08/events/event\"><System><Provider Name=\"VSS\"></Provider>\n<EventID Qualifiers=\"0\">8224</EventID>\n<Level>4</Level>\n<Task>0</Task>\n<Keywords>0x0080000000000000</Keywords>\n<TimeCreated SystemTime=\"2014-01-25 02:25:29+00:00\"></TimeCreated>\n<EventRecordID>238</EventRecordID>\n<Channel>Application</Channel>\n<Computer>IACIS-HDD-2014</Computer>\n<Security UserID=\"\"></Security>\n</System>\n<EventData><Data>&lt;string&gt;&lt;/string&gt;\n</Data>\n<Binary>LSBDb2RlOiAgQ09SU1ZDQzAwMDAwNzczLSBDYWxsOiAgQ09SU1ZDQzAwMDAwNzU1LSBQSUQ6ICAwMDAwMTI4NC0gVElEOiAgMDAwMDExODAtIENNRDogIEM6XFdpbmRvd3Ncc3lzdGVtMzJcdnNzdmMuZXhlICAgLSBVc2VyOiBOYW1lOiBOVCBBVVRIT1JJVFlcU1lTVEVNLCBTSUQ6Uy0xLTUtMTgg</Binary>\n</EventData>\n</Event>\n"
  },
