  {
    "EventID": 1001,
    "Timestamp": "2014-02-11 17:03:17.035997+00:00",
    "Computer": "IACIS-HDD-2014",
    "Channel": "Application",
    "Level": "Information",
    "EventData": {},
    "RawXml": "<Event xmlns=\"http://schemas.microsoft.com/win/2004/08/events/event\"><System><Provider Name=\"Microsoft-Windows-LoadPerf\" Guid=\"{122ee297-bb47-41ae-b265-1ca8d1886d40}\"></Provider>\n<EventID Qualifiers=\"\">1001</EventID>\n<Version>0</Version>\n<Level>4</Level>\n<Task>0</Task>\n<Opcode>0</Opcode>\n<Keywords>0x8000000000000000</Keywords>\n<TimeCreated SystemTime=\"2014-02-11 17:03:17.035997+00:00\"></TimeCreated>\n<EventRecordID>1353</EventRecordID>\n<Correlation ActivityID=\"\" RelatedActivityID=\"\"></Correlation>\n<Execution ProcessID=\"1080\" ThreadID=\"1808\"></Execution>\n<Channel>Application</Channel>\n<Computer>IACIS-HDD-2014</Computer>\n<Security UserID=\"S-1-5-18\"></Security>\n</System>\n<UserData><EventXML xmlns:auto-ns2=\"http://schemas.microsoft.com/win/2004/08/events\" xmlns=\"LoadPerf\"><param1>WmiApRpl</param1>\n<param2>WmiApRpl</param2>\n<binaryDataSize>12</binaryDataSize>\n<binaryData>NjEAADcxAAA0BwAA</binaryData>\n</EventXML>\n</UserData>\n</Event>\n"
  },
  {
    "EventID": 1000,
    "Timestamp": "2014-02-11 17:03:17.098398+00:00",
    "Computer": "IACIS-HDD-2014",
    "Channel": "Application",
    "Level": "Information",
    "EventData": {},
    "RawXml": "<Event xmlns=\"http://schemas.microsoft.com/win/2004/08/events/event\"><System><Provider Name=\"Microsoft-Windows-LoadPerf\" Guid=\"{122ee297-bb47-41ae-b265-1ca8d1886d40}\"></Provider>\n<EventID Qualifiers=\"\">1000</EventID>\n<Version>0</Version>\n<Level>4</Level>\n<Task>0</Task>\n<Opcode>0</Opcode>\n<Keywords>0x8000000000000000</Keywords>\n<TimeCreated SystemTime=\"2014-02-11 17:03:17.098398+00:00\"></TimeCreated>\n<EventRecordID>1354</EventRecordID>\n<Correlation ActivityID=\"\" RelatedActivityID=\"\"></Correlation>\n<Execution ProcessID=\"1080\" ThreadID=\"1808\"></Execution>\n<Channel>Application</Channel>\n<Computer>IACIS-HDD-2014</Computer>\n<Security UserID=\"S-1-5-18\"></Security>\n</System>\n<UserData><EventXML xmlns:auto-ns2=\"http://schemas.microsoft.com/win/2004/08/events\" xmlns=\"LoadPerf\"><param1>WmiApRpl</param1>\n<param2>WmiApRpl</param2>\n<binaryDataSize>16</binaryDataSize>\n<binaryData>ODEAAOoxAAA5MQAA6zEAAA==</binaryData>\n</EventXML>\n</UserData>\n</Event>\n"
  },
  {
    "EventID": 1040,
    "Timestamp": "2014-02-11 17:08:03+00:00",
    "Computer": "IACIS-HDD-2014",
    "Channel": "Application",
    "Level": "Information",
    "EventData": {
      "": "<string>c:\\2e4009a1bc97f7c301fa5740731228\\vc_red.msi</string>\n<string>3392</string>\n<string>(NULL)</string>\n<string>(NULL)</string>\n<string>(NULL)</string>\n<string>(NULL)</string>\n<string></string>\n"
    },
    "RawXml": "<Event xmlns=\"http://schemas.microsoft.com/win/2004/08/events/event\"><System><Provider Name=\"MsiInstaller\"></Provider>\n<EventID Qualifiers=\"0\">1040</EventID>\n<Level>4</Level>\n<Task>0</Task>\n<Keywords>0x0080000000000000</Keywords>\n<TimeCreated SystemTime=\"2014-02-11 17:08:03+00:00\"></TimeCreated>\n<EventRecordID>1355</EventRecordID>\n<Channel>Application</Channel>\n<Computer>IACIS-HDD-2014</Computer>\n<Security UserID=\"S-1-5-21-1171287513-3642516788-2358256967-1004\"></Security>\n</System>\n<EventData><Data>&lt;string&gt;c:\\2e4009a1bc97f7c301fa5740731228\\vc_red.msi&lt;/string&gt;\n&lt;string&gt;3392&lt;/string&gt;\n&lt;string&gt;(NULL)&lt;/string&gt;\n&lt;string&gt;(NULL)&lt;/string&gt;\n&lt;string&gt;(NULL)&lt;/string&gt;\n&lt;string&gt;(NULL)&lt;/string&gt;\n&lt;string&gt;&lt;/string&gt;\n</Data>\n<Binary></Binary>\n</EventData>\n</Event>\n"
  },
  {
    "EventID": 8194,
    "Timestamp": "2014-02-11 17:08:24+00:00",
    "Computer": "IACIS-HDD-2014",
    "Channel": "Application",
    "Level": "Information",
    "EventData": {
      "": "<string>C:\\Windows\\system32\\msiexec.exe /V</string>\n<string>Installed Microsoft Visual C++ 2008 Redistributable - x64 9.0.30729.6161</string>\n"
    },
    "RawXml": "<Event xmlns=\"http://schemas.microsoft.com/win/2004/08/events/event\"><System><Provider Name=\"System Restore\"></Provider>\n<EventID Qualifiers=\"0\">8194</EventID>\n<Level>4</Level>\n<Task>0</Task>\n<Keywords>0x0080000000000000</Keywords>\n<TimeCreated SystemTime=\"2014-02-11 17:08:24+00:00\"></TimeCreated>\n<EventRecordID>1356</EventRecordID>\n<Channel>Application</Channel>\n<Computer>IACIS-HDD-2014</Computer>\n<Security UserID=\"\"></Security>\n</System>\n<EventData><Data>&lt;string&gt;C:\\Windows\\system32\\msiexec.exe /V&lt;/string&gt;\n&lt;string&gt;Installed Microsoft Visual C++ 2008 Redistributable - x64 9.0.30729.6161&lt;/string&gt;\n</Data>\n<Binary>AAAAAKEBAACXAQAAAAAAACLOKGd8bdp54owcAAAAAAAAAAAA</Binary>\n</EventData>\n</Event>\n"
  },
  {
    "EventID": 10000,
    "Timestamp": "2014-02-11 17:08:26.956541+00:00",
    "Computer": "IACIS-HDD-2014",
    "Channel": "Application",
    "Level": "Information",
    "EventData": {},
    "RawXml": "<Event xmlns=\"http://schemas.microsoft.com/win/2004/08/events/event\"><System><Provider Name=\"Microsoft-Windows-RestartManager\" Guid=\"{0888e5ef-9b98-4695-979d-e92ce4247224}\"></Provider>\n<EventID Qualifiers=\"\">10000</EventID>\n<Version>0</Version>\n<Level>4</Level>\n<Task>0</Task>\n<Opcode>0</Opcode>\n<Keywords>0x8000000000000000</Keywords>\n<TimeCreated SystemTime=\"2014-02-11 17:08:26.956541+00:00\"></TimeCreated>\n<EventRecordID>1357</EventRecordID>\n<Correlation ActivityID=\"\" RelatedActivityID=\"\"></Correlation>\n<Execution ProcessID=\"2916\" ThreadID=\"2372\"></Execution>\n<Channel>Application</Channel>\n<Computer>IACIS-HDD-2014</Computer>\n<Security UserID=\"S-1-5-21-1171287513-3642516788-2358256967-1004\"></Security>\n</System>\n<UserData><RmSessionEvent xmlns:auto-ns2=\"http://schemas.microsoft.com/win/2004/08/events\" xmlns=\"http://www.microsoft.com/2005/08/Windows/Reliability/RestartManager/\"><RmSessionId>0</RmSessionId>\n<UTCStartTime>2014-02-11 17:08:26.956541+00:00</UTCStartTime>\n</RmSessionEvent>\n</UserData>\n</Event>\n"
  },
  {
    "EventID": 11707,
    "Timestamp": "2014-02-11 17:09:08+00:00",
    "Computer": "IACIS-HDD-2014",
    "Channel": "Application",
    "Level": "Information",
    "EventData": {
      "": "<string>Product: Microsoft Visual C++ 2008 Redistributable - x64 9.0.30729.6161 -- Installation completed successfully.</string>\n<string>(NULL)</string>\n<string>(NULL)</string>\n<string>(NULL)</string>\n<string>(NULL)</string>\n<string>(NULL)</string>\n<string></string>\n"
    },
    "RawXml": "<Event xmlns=\"http://schemas.microsoft.com/win/2004/08/events/event\"><System><Provider Name=\"MsiInstaller\"></Provider>\n<EventID Qualifiers=\"0\">11707</EventID>\n<Level>4</Level>\n<Task>0</Task>\n<Keywords>0x0080000000000000</Keywords>\n<TimeCreated SystemTime=\"2014-02-11 17:09:08+00:00\"></TimeCreated>\n<EventRecordID>1358</EventRecordID>\n<Channel>Application</Channel>\n<Computer>IACIS-HDD-2014</Computer>\n<Security UserID=\"S-1-5-21-1171287513-3642516788-2358256967-1004\"></Security>\n</System>\n<EventData><Data>&lt;string&gt;Product: Microsoft Visual C++ 2008 Redistributable - x64 9.0.30729.6161 -- Installation completed successfully.&lt;/string&gt;\n&lt;string&gt;(NULL)&lt;/string&gt;\n&lt;string&gt;(NULL)&lt;/string&gt;\n&lt;string&gt;(NULL)&lt;/string&gt;\n&lt;string&gt;(NULL)&lt;/string&gt;\n&lt;string&gt;(NULL)&lt;/string&gt;\n&lt;string&gt;&lt;/string&gt;\n</Data>\n<Binary>ezVGQ0U2RDc2LUY1REMtMzdBQi1CMkI4LTIyQUI4Q0VEQjFENH0=</Binary>\n</EventData>\n</Event>\n"
  },
  {
    "EventID": 1033,
    "Timestamp": "2014-02-11 17:09:08+00:00",
    "Computer": "IACIS-HDD-2014",
    "Channel": "Application",
    "Level": "Information",
    "EventData": {
      "": "<string>Microsoft Visual C++ 2008 Redistributable - x64 9.0.30729.6161</string>\n<string>9.0.30729.6161</string>\n<string>1033</string>\n<string>0</string>\n<string>Microsoft Corporation</string>\n<string>(NULL)</string>\n<string></string>\n"
    },
    "RawXml": "<Event xmlns=\"http://schemas.microsoft.com/win/2004/08/events/event\"><System><Provider Name=\"MsiInstaller\"></Provider>\n<EventID Qualifiers=\"0\">1033</EventID>\n<Level>4</Level>\n<Task>0</Task>\n<Keywords>0x0080000000000000</Keywords>\n<TimeCreated SystemTime=\"2014-02-11 17:09:08+00:00\"></TimeCreated>\n<EventRecordID>1359</EventRecordID>\n<Channel>Application</Channel>\n<Computer>IACIS-HDD-2014</Computer>\n<Security UserID=\"S-1-5-21-1171287513-3642516788-2358256967-1004\"></Security>\n</System>\n<EventData><Data>&lt;string&gt;Microsoft Visual C++ 2008 Redistributable - x64 9.0.30729.6161&lt;/string&gt;\n&lt;string&gt;9.0.30729.6161&lt;/string&gt;\n&lt;string&gt;1033&lt;/string&gt;\n&lt;string&gt;0&lt;/string&gt;\n&lt;string&gt;Microsoft Corporation&lt;/string&gt;\n&lt;string&gt;(NULL)&lt;/string&gt;\n&lt;string&gt;&lt;/string&gt;\n</Data>\n<Binary>ezVGQ0U2RDc2LUY1REMtMzdBQi1CMkI4LTIyQUI4Q0VEQjFENH0wMDAwY2VmZTAzMTFjNDkzN2NiMThkZDA3NjM3ZDU3ZTQ1ZTcwMDAwMDkwNA==</Binary>\n</EventData>\n</Event>\n"
  },
  {
    "EventID": 1042,
    "Timestamp": "2014-02-11 17:09:08+00:00",
    "Computer": "IACIS-HDD-2014",
    "Channel": "Application",
    "Level": "Information",
    "EventData": {
      "": "<string>c:\\2e4009a1bc97f7c301fa5740731228\\vc_red.msi</string>\n<string>3392</string>\n<string>(NULL)</string>\n<string>(NULL)</string>\n<string>(NULL)</string>\n<string>(NULL)</string>\n<string></string>\n"
    },
    "RawXml": "<Event xmlns=\"http://schemas.microsoft.com/win/2004/08/events/event\"><System><Provider Name=\"MsiInstaller\"></Provider>\n<EventID Qualifiers=\"0\">1042</EventID>\n<Level>4</Level>\n<Task>0</Task>\n<Keywords>0x0080000000000000</Keywords>\n<TimeCreated SystemTime=\"2014-02-11 17:09:08+00:00\"></TimeCreated>\n<EventRecordID>1360</EventRecordID>\n<Channel>Application</Channel>\n<Computer>IACIS-HDD-2014</Computer>\n<Security UserID=\"S-1-5-18\"></Security>\n</System>\n<EventData><Data>&lt;string&gt;c:\\2e4009a1bc97f7c301fa5740731228\\vc_red.msi&lt;/string&gt;\n&lt;string&gt;3392&lt;/string&gt;\n&lt;string&gt;(NULL)&lt;/string&gt;\n&lt;string&gt;(NULL)&lt;/string&gt;\n&lt;string&gt;(NULL)&lt;/string&gt;\n&lt;string&gt;(NULL)&lt;/string&gt;\n&lt;string&gt;&lt;/string&gt;\n</Data>\n<Binary></Binary>\n</EventData>\n</Event>\n"
  },
  {
    "EventID": 1040,
    "Timestamp": "2014-02-11 17:09:10+00:00",
    "Computer": "IACIS-HDD-2014",
    "Channel": "Application",
    "Level": "Information",
    "EventData": {
      "": "<string>c:\\c1ee577aabf2dffdcd3a\\vc_red.msi</string>\n<string>3348</string>\n<string>(NULL)</string>\n<string>(NULL)</string>\n<string>(NULL)</string>\n<string>(NULL)</string>\n<string></string>\n"
    },
    "RawXml": "<Event xmlns=\"http://schemas.microsoft.com/win/2004/08/events/event\"><System><Provider Name=\"MsiInstaller\"></Provider>\n<EventID Qualifiers=\"0\">1040</EventID>\n<Level>4</Level>\n<Task>0</Task>\n<Keywords>0x0080000000000000</Keywords>\n<TimeCreated SystemTime=\"2014-02-11 17:09:10+00:00\"></TimeCreated>\n<EventRecordID>1361</EventRecordID>\n<Channel>Application</Channel>\n<Computer>IACIS-HDD-2014</Computer>\n<Security UserID=\"S-1-5-21-1171287513-3642516788-2358256967-1004\"></Security>\n</System>\n<EventData><Data>&lt;string&gt;c:\\c1ee577aabf2dffdcd3a\\vc_red.msi&lt;/string&gt;\n&lt;string&gt;3348&lt;/string&gt;\n&lt;string&gt;(NULL)&lt;/string&gt;\n&lt;string&gt;(NULL)&lt;/string&gt;\n&lt;string&gt;(NULL)&lt;/string&gt;\n&lt;string&gt;(NULL)&lt;/string&gt;\n&lt;string&gt;&lt;/string&gt;\n</Data>\n<Binary></Binary>\n</EventData>\n</Event>\n"
  },
  {
    "EventID": 10001,
    "Timestamp": "2014-02-11 17:09:08.827015+00:00",
    "Computer": "IACIS-HDD-2014",
    "Channel": "Application",
    "Level": "Information",
    "EventData": {},
    "RawXml": "<Event xmlns=\"http://schemas.microsoft.com/win/2004/08/events/event\"><System><Provider Name=\"Microsoft-Windows-RestartManager\" Guid=\"{0888e5ef-9b98-4695-979d-e92ce4247224}\"></Provider>\n<EventID Qualifiers=\"\">10001</EventID>\n<Version>0</Version>\n<Level>4</Level>\n<Task>0</Task>\n<Opcode>0</Opcode>\n<Keywords>0x8000000000000000</Keywords>\n<TimeCreated SystemTime=\"2014-02-11 17:09:08.827015+00:00\"></TimeCreated>\n<EventRecordID>1362</EventRecordID>\n<Correlation ActivityID=\"\" RelatedActivityID=\"\"></Correlation>\n<Execution ProcessID=\"2916\" ThreadID=\"1876\"></Execution>\n<Channel>Application</Channel>\n<Computer>IACIS-HDD-2014</Computer>\n<Security UserID=\"S-1-5-21-1171287513-3642516788-2358256967-1004\"></Security>\n</System>\n<UserData><RmSessionEvent xmlns:auto-ns2=\"http://schemas.microsoft.com/win/2004/08/events\" xmlns=\"http://www.microsoft.com/2005/08/Windows/Reliability/RestartManager/\"><RmSessionId>0</RmSessionId>\n<UTCStartTime>2014-02-11 17:08:26.956541+00:00</UTCStartTime>\n</RmSessionEvent>\n</UserData>\n</Event>\n"
  },
  {
    "EventID": 8194,
    "Timestamp": "2014-02-11 17:09:20+00:00",
    "Computer": "IACIS-HDD-2014",
    "Channel": "Application",
    "Level": "Information",
    "EventData": {
      "": "<string>C:\\Windows\\system32\\msiexec.exe /V</string>\n<string>Installed Microsoft Visual C++ 2008 Redistributable - x86 9.0.30729.6161</string>\n"
    },
    "RawXml": "<Event xmlns=\"http://schemas.microsoft.com/win/2004/08/events/event\"><System><Provider Name=\"System Restore\"></Provider>\n<EventID Qualifiers=\"0\">8194</EventID>\n<Level>4</Level>\n<Task>0</Task>\n<Keywords>0x0080000000000000</Keywords>\n<TimeCreated SystemTime=\"2014-02-11 17:09:20+00:00\"></TimeCreated>\n<EventRecordID>1363</EventRecordID>\n<Channel>Application</Channel>\n<Computer>IACIS-HDD-2014</Computer>\n<Security UserID=\"\"></Security>\n</System>\n<EventData><Data>&lt;string&gt;C:\\Windows\\system32\\msiexec.exe /V&lt;/string&gt;\n&lt;string&gt;Installed Microsoft Visual C++ 2008 Redistributable - x86 9.0.30729.6161&lt;/string&gt;\n</Data>\n<Binary>AAAAAKEBAACXAQAAAAAAACLOKGd8bdp54owcAAAAAAAAAAAA</Binary>\n</EventData>\n</Event>\n"
  },
  {
    "EventID": 10000,
    "Timestamp": "2014-02-11 17:09:20.605036+00:00",
    "Computer": "IACIS-HDD-2014",
    "Channel": "Application",
    "Level": "Information",
    "EventData": {},
    "RawXml": "<Event xmlns=\"http://schemas.microsoft.com/win/2004/08/events/event\"><System><Provider Name=\"Microsoft-Windows-RestartManager\" Guid=\"{0888e5ef-9b98-4695-979d-e92ce4247224}\"></Provider>\n<EventID Qualifiers=\"\">10000</EventID>\n<Version>0</Version>\n<Level>4</Level>\n<Task>0</Task>\n<Opcode>0</Opcode>\n<Keywords>0x8000000000000000</Keywords>\n<TimeCreated SystemTime=\"2014-02-11 17:09:20.605036+00:00\"></TimeCreated>\n<EventRecordID>1364</EventRecordID>\n<Correlation ActivityID=\"\" RelatedActivityID=\"\"></Correlation>\n<Execution ProcessID=\"2916\" ThreadID=\"1864\"></Execution>\n<Channel>Application</Channel>\n<Computer>IACIS-HDD-2014</Computer>\n<Security UserID=\"S-1-5-21-1171287513-3642516788-2358256967-1004\"></Security>\n</System>\n<UserData><RmSessionEvent xmlns:auto-ns2=\"http://schemas.microsoft.com/win/2004/08/events\" xmlns=\"http://www.microsoft.com/2005/08/Windows/Reliability/RestartManager/\"><RmSessionId>0</RmSessionId>\n<UTCStartTime>2014-02-11 17:09:20.605036+00:00</UTCStartTime>\n</RmSessionEvent>\n</UserData>\n</Event>\n"
  },
  {
    "EventID": 11707,
    "Timestamp": "2014-02-11 17:09:50+00:00",
    "Computer": "IACIS-HDD-2014",
    "Channel": "Application",
    "Level": "Information",
    "EventData": {
      "": "<string>Product: Microsoft Visual C++ 2008 Redistributable - x86 9.0.30729.6161 -- Installation completed successfully.</string>\n<string>(NULL)</string>\n<string>(NULL)</string>\n<string>(NULL)</string>\n<string>(NULL)</string>\n<string>(NULL)</string>\n<string></string>\n"
    },
    "RawXml": "<Event xmlns=\"http://schemas.microsoft.com/win/2004/08/events/event\"><System><Provider Name=\"MsiInstaller\"></Provider>\n<EventID Qualifiers=\"0\">11707</EventID>\n<Level>4</Level>\n<Task>0</Task>\n<Keywords>0x0080000000000000</Keywords>\n<TimeCreated SystemTime=\"2014-02-11 17:09:50+00:00\"></TimeCreated>\n<EventRecordID>1365</EventRecordID>\n<Channel>Application</Channel>\n<Computer>IACIS-HDD-2014</Computer>\n<Security UserID=\"S-1-5-21-1171287513-3642516788-2358256967-1004\"></Security>\n</System>\n<EventData><Data>&lt;string&gt;Product: Microsoft Visual C++ 2008 Redistributable - x86 9.0.30729.6161 -- Installation completed successfully.&lt;/string&gt;\n&lt;string&gt;(NULL)&lt;/string&gt;\n&lt;string&gt;(NULL)&lt;/string&gt;\n&lt;string&gt;(NULL)&lt;/string&gt;\n&lt;string&gt;(NULL)&lt;/string&gt;\n&lt;string&gt;(NULL)&lt;/string&gt;\n&lt;string&gt;&lt;/string&gt;\n</Data>\n<Binary>ezlCRTUxOEU2LUVDQzYtMzVBOS04OEU0LTg3NzU1QzA3MjAwRn0=</Binary>\n</EventData>\n</Event>\n"
  },
  {
    "EventID": 1033,
    "Timestamp": "2014-02-11 17:09:50+00:00",
    "Computer": "IACIS-HDD-2014",
    "Channel": "Application",
    "Level": "Information",
    "EventData": {
      "": "<string>Microsoft Visual C++ 2008 Redistributable - x86 9.0.30729.6161</string>\n<string>9.0.30729.6161</string>\n<string>1033</string>\n<string>0</string>\n<string>Microsoft Corporation</string>\n<string>(NULL)</string>\n<string></string>\n"
    },
    "RawXml": "<Event xmlns=\"http://schemas.microsoft.com/win/2004/08/events/event\"><System><Provider Name=\"MsiInstaller\"></Provider>\n<EventID Qualifiers=\"0\">1033</EventID>\n<Level>4</Level>\n<Task>0</Task>\n<Keywords>0x0080000000000000</Keywords>\n<TimeCreated SystemTime=\"2014-02-11 17:09:50+00:00\"></TimeCreated>\n<EventRecordID>1366</EventRecordID>\n<Channel>Application</Channel>\n<Computer>IACIS-HDD-2014</Computer>\n<Security UserID=\"S-1-5-21-1171287513-3642516788-2358256967-1004\"></Security>\n</System>\n<EventData><Data>&lt;string&gt;Microsoft Visual C++ 2008 Redistributable - x86 9.0.30729.6161&lt;/string&gt;\n&lt;string&gt;9.0.30729.6161&lt;/string&gt;\n&lt;string&gt;1033&lt;/string&gt;\n&lt;string&gt;0&lt;/string&gt;\n&lt;string&gt;Microsoft Corporation&lt;/string&gt;\n&lt;string&gt;(NULL)&lt;/string&gt;\n&lt;string&gt;&lt;/string&gt;\n</Data>\n<Binary>ezlCRTUxOEU2LUVDQzYtMzVBOS04OEU0LTg3NzU1QzA3MjAwRn0wMDAwODY5MTc3N2FkNjg1OTkyMmZlMjg1OTQ5YWY3MzVkOTMwMDAwMDkwNA==</Binary>\n</EventData>\n</Event>\n"
  },
  {
    "EventID": 1042,
    "Timestamp": "2014-02-11 17:09:50+00:00",
    "Computer": "IACIS-HDD-2014",
    "Channel": "Application",
    "Level": "Information",
    "EventData": {
      "": "<string>c:\\c1ee577aabf2dffdcd3a\\vc_red.msi</string>\n<string>3348</string>\n<string>(NULL)</string>\n<string>(NULL)</string>\n<string>(NULL)</string>\n<string>(NULL)</string>\n<string></string>\n"
    },
    "RawXml": "<Event xmlns=\"http://schemas.microsoft.com/win/2004/08/events/event\"><System><Provider Name=\"MsiInstaller\"></Provider>\n<EventID Qualifiers=\"0\">1042</EventID>\n<Level>4</Level>\n<Task>0</Task>\n<Keywords>0x0080000000000000</Keywords>\n<TimeCreated SystemTime=\"2014-02-11 17:09:50+00:00\"></TimeCreated>\n<EventRecordID>1367</EventRecordID>\n<Channel>Application</Channel>\n<Computer>IACIS-HDD-2014</Computer>\n<Security UserID=\"S-1-5-18\"></Security>\n</System>\n<EventData><Data>&lt;string&gt;c:\\c1ee577aabf2dffdcd3a\\vc_red.msi&lt;/string&gt;\n&lt;string&gt;3348&lt;/string&gt;\n&lt;string&gt;(NULL)&lt;/string&gt;\n&lt;string&gt;(NULL)&lt;/string&gt;\n&lt;string&gt;(NULL)&lt;/string&gt;\n&lt;string&gt;(NULL)&lt;/string&gt;\n&lt;string&gt;&lt;/string&gt;\n</Data>\n<Binary></Binary>\n</EventData>\n</Event>\n"
  },
  {
    "EventID": 10001,
    "Timestamp": "2014-02-11 17:09:50.291889+00:00",
    "Computer": "IACIS-HDD-2014",
    "Channel": "Application",
    "Level": "Information",
    "EventData": {},
    "RawXml": "<Event xmlns=\"http://schemas.microsoft.com/win/2004/08/events/event\"><System><Provider Name=\"Microsoft-Windows-RestartManager\" Guid=\"{0888e5ef-9b98-4695-979d-e92ce4247224}\"></Provider>\n<EventID Qualifiers=\"\">10001</EventID>\n<Version>0</Version>\n<Level>4</Level>\n<Task>0</Task>\n<Opcode>0</Opcode>\n<Keywords>0x8000000000000000</Keywords>\n<TimeCreated SystemTime=\"2014-02-11 17:09:50.291889+00:00\"></TimeCreated>\n<EventRecordID>1368</EventRecordID>\n<Correlation ActivityID=\"\" RelatedActivityID=\"\"></Correlation>\n<Execution ProcessID=\"2916\" ThreadID=\"3592\"></Execution>\n<Channel>Application</Channel>\n<Computer>IACIS-HDD-2014</Computer>\n<Security UserID=\"S-1-5-21-1171287513-3642516788-2358256967-1004\"></Security>\n</System>\n<UserData><RmSessionEvent xmlns:auto-ns2=\"http://schemas.microsoft.com/win/2004/08/events\" xmlns=\"http://www.microsoft.com/2005/08/Windows/Reliability/RestartManager/\"><RmSessionId>0</RmSessionId>\n<UTCStartTime>2014-02-11 17:09:20.605036+00:00</UTCStartTime>\n</RmSessionEvent>\n</UserData>\n</Event>\n"
  },
  {
    "EventID": 1040,
    "Timestamp": "2014-02-11 17:11:47+00:00",
    "Computer": "IACIS-HDD-2014",
    "Channel": "Application",
    "Level": "Information",
    "EventData": {
      "": "<string>C:\\Users\\Jimmy Wilson\\Desktop\\OpenOffice 4.0.1 (en-US) Installation Files\\openoffice401.msi</string>\n<string>1872</string>\n<string>(NULL)</string>\n<string>(NULL)</string>\n<string>(NULL)</string>\n<string>(NULL)</string>\n<string></string>\n"
    },
    "RawXml": "<Event xmlns=\"http://schemas.microsoft.com/win/2004/08/events/event\"><System><Provider Name=\"MsiInstaller\"></Provider>\n<EventID Qualifiers=\"0\">1040</EventID>\n<Level>4</Level>\n<Task>0</Task>\n<Keywords>0x0080000000000000</Keywords>\n<TimeCreated SystemTime=\"2014-02-11 17:11:47+00:00\"></TimeCreated>\n<EventRecordID>1369</EventRecordID>\n<Channel>Application</Channel>\n<Computer>IACIS-HDD-2014</Computer>\n<Security UserID=\"S-1-5-21-1171287513-3642516788-2358256967-1004\"></Security>\n</System>\n<EventData><Data>&lt;string&gt;C:\\Users\\Jimmy Wilson\\Desktop\\OpenOffice 4.0.1 (en-US) Installation Files\\openoffice401.msi&lt;/string&gt;\n&lt;string&gt;1872&lt;/string&gt;\n&lt;string&gt;(NULL)&lt;/string&gt;\n&lt;string&gt;(NULL)&lt;/string&gt;\n&lt;string&gt;(NULL)&lt;/string&gt;\n&lt;string&gt;(NULL)&lt;/string&gt;\n&lt;string&gt;&lt;/string&gt;\n</Data>\n<Binary></Binary>\n</EventData>\n</Event>\n"
  },
  {
    "EventID": 8194,
    "Timestamp": "2014-02-11 17:11:55+00:00",
    "Computer": "IACIS-HDD-2014",
    "Channel": "Application",
    "Level": "Information",
    "EventData": {
      "": "<string>C:\\Windows\\system32\\msiexec.exe /V</string>\n<string>Installed OpenOffice 4.0.1</string>\n"
    },
    "RawXml": "<Event xmlns=\"http://schemas.microsoft.com/win/2004/08/events/event\"><System><Provider Name=\"System Restore\"></Provider>\n<EventID Qualifiers=\"0\">8194</EventID>\n<Level>4</Level>\n<Task>0</Task>\n<Keywords>0x0080000000000000</Keywords>\n<TimeCreated SystemTime=\"2014-02-11 17:11:55+00:00\"></TimeCreated>\n<EventRecordID>1370</EventRecordID>\n<Channel>Application</Channel>\n<Computer>IACIS-HDD-2014</Computer>\n<Security UserID=\"\"></Security>\n</System>\n<EventData><Data>&lt;string&gt;C:\\Windows\\system32\\msiexec.exe /V&lt;/string&gt;\n&lt;string&gt;Installed OpenOffice 4.0.1&lt;/string&gt;\n</Data>\n<Binary>AAAAAKEBAACXAQAAAAAAACLOKGd8bdp54owcAAAAAAAAAAAA</Binary>\n</EventData>\n</Event>\n"
  },
  {
    "EventID": 10000,
    "Timestamp": "2014-02-11 17:11:55.497707+00:00",
    "Computer": "IACIS-HDD-2014",
    "Channel": "Application",
    "Level": "Information",
    "EventData": {},
    "RawXml": "<Event xmlns=\"http://schemas.microsoft.com/win/2004/08/events/event\"><System><Provider Name=\"Microsoft-Windows-RestartManager\" Guid=\"{0888e5ef-9b98-4695-979d-e92ce4247224}\"></Provider>\n<EventID Qualifiers=\"\">10000</EventID>\n<Version>0</Version>\n<Level>4</Level>\n<Task>0</Task>\n<Opcode>0</Opcode>\n<Keywords>0x8000000000000000</Keywords>\n<TimeCreated SystemTime=\"2014-02-11 17:11:55.497707+00:00\"></TimeCreated>\n<EventRecordID>1371</EventRecordID>\n<Correlation ActivityID=\"\" RelatedActivityID=\"\"></Correlation>\n<Execution ProcessID=\"2916\" ThreadID=\"3928\"></Execution>\n<Channel>Application</Channel>\n<Computer>IACIS-HDD-2014</Computer>\n<Security UserID=\"S-1-5-21-1171287513-3642516788-2358256967-1004\"></Security>\n</System>\n<UserData><RmSessionEvent xmlns:auto-ns2=\"http://schemas.microsoft.com/win/2004/08/events\" xmlns=\"http://www.microsoft.com/2005/08/Windows/Reliability/RestartManager/\"><RmSessionId>0</RmSessionId>\n<UTCStartTime>2014-02-11 17:11:55.497707+00:00</UTCStartTime>\n</RmSessionEvent>\n</UserData>\n</Event>\n"
  },
  {
    "EventID": 1042,
    "Timestamp": "2014-02-11 17:13:12+00:00",
    "Computer": "IACIS-HDD-2014",
    "Channel": "Application",
    "Level": "Information",
    "EventData": {
      "": "<string>C:\\Users\\Jimmy Wilson\\Desktop\\OpenOffice 4.0.1 (en-US) Installation Files\\openoffice401.msi</string>\n<string>1872</string>\n<string>(NULL)</string>\n<string>(NULL)</string>\n<string>(NULL)</string>\n<string>(NULL)</string>\n<string></string>\n"
    },
    "RawXml": "<Event xmlns=\"http://schemas.microsoft.com/win/2004/08/events/event\"><System><Provider Name=\"MsiInstaller\"></Provider>\n<EventID Qualifiers=\"0\">1042</EventID>\n<Level>4</Level>\n<Task>0</Task>\n<Keywords>0x0080000000000000</Keywords>\n<TimeCreated SystemTime=\"2014-02-11 17:13:12+00:00\"></TimeCreated>\n<EventRecordID>1372</EventRecordID>\n<Channel>Application</Channel>\n<Computer>IACIS-HDD-2014</Computer>\n<Security UserID=\"S-1-5-18\"></Security>\n</System>\n<EventData><Data>&lt;string&gt;C:\\Users\\Jimmy Wilson\\Desktop\\OpenOffice 4.0.1 (en-US) Installation Files\\openoffice401.msi&lt;/string&gt;\n&lt;string&gt;1872&lt;/string&gt;\n&lt;string&gt;(NULL)&lt;/string&gt;\n&lt;string&gt;(NULL)&lt;/string&gt;\n&lt;string&gt;(NULL)&lt;/string&gt;\n&lt;string&gt;(NULL)&lt;/string&gt;\n&lt;string&gt;&lt;/string&gt;\n</Data>\n<Binary></Binary>\n</EventData>\n</Event>\n"
  },
  {
    "EventID": 10001,
    "Timestamp": "2014-02-11 17:13:12.452644+00:00",
    "Computer": "IACIS-HDD-2014",
    "Channel": "Application",
    "Level": "Information",
    "EventData": {},
    "RawXml": "<Event xmlns=\"http://schemas.microsoft.com/win/2004/08/events/event\"><System><Provider Name=\"Microsoft-Windows-RestartManager\" Guid=\"{0888e5ef-9b98-4695-979d-e92ce4247224}\"></Provider>\n<EventID Qualifiers=\"\">10001</EventID>\n<Version>0</Version>\n<Level>4</Level>\n<Task>0</Task>\n<Opcode>0</Opcode>\n<Keywords>0x8000000000000000</Keywords>\n<TimeCreated SystemTime=\"2014-02-11 17:13:12.452644+00:00\"></TimeCreated>\n<EventRecordID>1373</EventRecordID>\n<Correlation ActivityID=\"\" RelatedActivityID=\"\"></Correlation>\n<Execution ProcessID=\"2916\" ThreadID=\"288\"></Execution>\n<Channel>Application</Channel>\n<Computer>IACIS-HDD-2014</Computer>\n<Security UserID=\"S-1-5-21-1171287513-3642516788-2358256967-1004\"></Security>\n</System>\n<UserData><RmSessionEvent xmlns:auto-ns2=\"http://schemas.microsoft.com/win/2004/08/events\" xmlns=\"http://www.microsoft.com/2005/08/Windows/Reliability/RestartManager/\"><RmSessionId>0</RmSessionId>\n<UTCStartTime>2014-02-11 17:11:55.497707+00:00</UTCStartTime>\n</RmSessionEvent>\n</UserData>\n</Event>\n"
  },
  {
    "EventID": 11707,
    "Timestamp": "2014-02-11 17:13:24+00:00",
    "Computer": "IACIS-HDD-2014",
    "Channel": "Application",
    "Level": "Information",
    "EventData": {
      "": "<string>Product: OpenOffice 4.0.1 -- Installation operation completed successfully.</string>\n<string>(NULL)</string>\n<string>(NULL)</string>\n<string>(NULL)</string>\n<string>(NULL)</string>\n<string>(NULL)</string>\n<string></string>\n"
    },
    "RawXml": "<Event xmlns=\"http://schemas.microsoft.com/win/2004/08/events/event\"><System><Provider Name=\"MsiInstaller\"></Provider>\n<EventID Qualifiers=\"0\">11707</EventID>\n<Level>4</Level>\n<Task>0</Task>\n<Keywords>0x0080000000000000</Keywords>\n<TimeCreated SystemTime=\"2014-02-11 17:13:24+00:00\"></TimeCreated>\n<EventRecordID>1374</EventRecordID>\n<Channel>Application</Channel>\n<Computer>IACIS-HDD-2014</Computer>\n<Security UserID=\"S-1-5-21-1171287513-3642516788-2358256967-1004\"></Security>\n</System>\n<EventData><Data>&lt;string&gt;Product: OpenOffice 4.0.1 -- Installation operation completed successfully.&lt;/string&gt;\n&lt;string&gt;(NULL)&lt;/string&gt;\n&lt;string&gt;(NULL)&lt;/string&gt;\n&lt;string&gt;(NULL)&lt;/string&gt;\n&lt;string&gt;(NULL)&lt;/string&gt;\n&lt;string&gt;(NULL)&lt;/string&gt;\n&lt;string&gt;&lt;/string&gt;\n</Data>\n<Binary>ezQ3RjQ2MERBLUQxQkUtNEQ4NS04REYyLUFBMUYzMUQzNDQ1Rn0=</Binary>\n</EventData>\n</Event>\n"
  },
  {
    "EventID": 1033,
    "Timestamp": "2014-02-11 17:13:24+00:00",
    "Computer": "IACIS-HDD-2014",
    "Channel": "Application",
    "Level": "Information",
    "EventData": {
      "": "<string>OpenOffice 4.0.1</string>\n<string>4.01.9714</string>\n<string>1033</string>\n<string>0</string>\n<string>Apache Software Foundation</string>\n<string>(NULL)</string>\n<string></string>\n"
    },
    "RawXml": "<Event xmlns=\"http://schemas.microsoft.com/win/2004/08/events/event\"><System><Provider Name=\"MsiInstaller\"></Provider>\n<EventID Qualifiers=\"0\">1033</EventID>\n<Level>4</Level>\n<Task>0</Task>\n<Keywords>0x0080000000000000</Keywords>\n<TimeCreated SystemTime=\"2014-02-11 17:13:24+00:00\"></TimeCreated>\n<EventRecordID>1375</EventRecordID>\n<Channel>Application</Channel>\n<Computer>IACIS-HDD-2014</Computer>\n<Security UserID=\"S-1-5-21-1171287513-3642516788-2358256967-1004\"></Security>\n</System>\n<EventData><Data>&lt;string&gt;OpenOffice 4.0.1&lt;/string&gt;\n&lt;string&gt;4.01.9714&lt;/string&gt;\n&lt;string&gt;1033&lt;/string&gt;\n&lt;string&gt;0&lt;/string&gt;\n&lt;string&gt;Apache Software Foundation&lt;/string&gt;\n&lt;string&gt;(NULL)&lt;/string&gt;\n&lt;string&gt;&lt;/string&gt;\n</Data>\n<Binary>ezQ3RjQ2MERBLUQxQkUtNEQ4NS04REYyLUFBMUYzMUQzNDQ1Rn0wMDAwZDRjYjA5OGEyMTAwYzY2YjY2ZDUzZmE1NzMxYWY5N2QwMDAwMDkwNA==</Binary>\n</EventData>\n</Event>\n"
  },
  {
    "EventID": 8224,
    "Timestamp": "2014-02-11 17:15:01+00:00",
    "Computer": "IACIS-HDD-2014",
    "Channel": "Application",
    "Level": "Information",
    "EventData": {
      "": "<string></string>\n"
    },
    "RawXml": "<Event xmlns=\"http://schemas.microsoft.com/win/2004/08/events/event\"><System><Provider Name=\"VSS\"></Provider>\n<EventID Qualifiers=\"0\">8224</EventID>\n<Level>4</Level>\n<Task>0</Task>\n<Keywords>0x0080000000000000</Keywords>\n<TimeCreated SystemTime=\"2014-02-11 17:15:01+00:00\"></TimeCreated>\n<EventRecordID>1376</EventRecordID>\n<Channel>Application</Channel>\n<Computer>IACIS-HDD-2014</Computer>\n<Security UserID=\"\"></Security>\n</System>\n<EventData><Data>&lt;string&gt;&lt;/string&gt;\n</Data>\n<Binary>LSBDb2RlOiAgQ09SU1ZDQzAwMDAwNzczLSBDYWxsOiAgQ09SU1ZDQzAwMDAwNzU1LSBQSUQ6ICAwMDAwMzUzMi0gVElEOiAgMDAwMDM3NjAtIENNRDogIEM6XFdpbmRvd3Ncc3lzdGVtMzJcdnNzdmMuZXhlICAgLSBVc2VyOiBOYW1lOiBOVCBBVVRIT1JJVFlcU1lTVEVNLCBTSUQ6Uy0xLTUtMTgg</Binary>\n</EventData>\n</Event>\n"
  },
  {
    "EventID": 9009,
    "Timestamp": "2014-02-11 17:40:04+00:00",
    "Computer": "IACIS-HDD-2014",
    "Channel": "Application",
    "Level": "Information",
    "EventData": {
      "": "<string>0x40010004</string>\n"
    },
    "RawXml": "<Event xmlns=\"http://schemas.microsoft.com/win/2004/08/events/event\"><System><Provider Name=\"Desktop Window Manager\"></Provider>\n<EventID Qualifiers=\"16384\">9009</EventID>\n<Level>4</Level>\n<Task>0</Task>\n<Keywords>0x0080000000000000</Keywords>\n<TimeCreated SystemTime=\"2014-02-11 17:40:04+00:00\"></TimeCreated>\n<EventRecordID>1377</EventRecordID>\n<Channel>Application</Channel>\n<Computer>IACIS-HDD-2014</Computer>\n<Security UserID=\"\"></Security>\n</System>\n<EventData><Data>&lt;string&gt;0x40010004&lt;/string&gt;\n</Data>\n<Binary></Binary>\n</EventData>\n</Event>\n"
  },
  {
    "EventID": 6000,
    "Timestamp": "2014-02-11 17:40:05+00:00",
    "Computer": "IACIS-HDD-2014",
    "Channel": "Application",
    "Level": "Information",
    "EventData": {
      "": "<string>SessionEnv</string>\n"
    },
    "RawXml": "<Event xmlns=\"http://schemas.microsoft.com/win/2004/08/events/event\"><System><Provider Name=\"Microsoft-Windows-Winlogon\" Guid=\"{DBE9B383-7CF3-4331-91CC-A3CB16A3B538}\" EventSourceName=\"Wlclntfy\"></Provider>\n<EventID Qualifiers=\"32768\">6000</EventID>\n<Version>0</Version>\n<Level>4</Level>\n<Task>0</Task>\n<Opcode>0</Opcode>\n<Keywords>0x0080000000000000</Keywords>\n<TimeCreated SystemTime=\"2014-02-11 17:40:05+00:00\"></TimeCreated>\n<EventRecordID>1378</EventRecordID>\n<Correlation ActivityID=\"\" RelatedActivityID=\"\"></Correlation>\n<Execution ProcessID=\"0\" ThreadID=\"0\"></Execution>\n<Channel>Application</Channel>\n<Computer>IACIS-HDD-2014</Computer>\n<Security UserID=\"\"></Security>\n</System>\n<EventData><Data>&lt;string&gt;SessionEnv&lt;/string&gt;\n</Data>\n<Binary>2QYAAA==</Binary>\n</EventData>\n</Event>\n"
  },
  {
    "EventID": 1530,
    "Timestamp": "2014-02-11 17:40:05.843477+00:00",
    "Computer": "IACIS-HDD-2014",
    "Channel": "Application",
    "Level": "Warning",
    "EventData": {
      "Detail": "15 user registry handles leaked from \\Registry\\User\\S-1-5-21-1171287513-3642516788-2358256967-1004:\nProcess 1612 (\\Device\\HarddiskVolume2\\Program Files\\Common Files\\Microsoft Shared\\Windows Live\\WLIDSVC.EXE) has opened key \\REGISTRY\\USER\\S-1-5-21-1171287513-3642516788-2358256967-1004\nProcess 1612 (\\Device\\HarddiskVolume2\\Program Files\\Common Files\\Microsoft Shared\\Windows Live\\WLIDSVC.EXE) has opened key \\REGISTRY\\USER\\S-1-5-21-1171287513-3642516788-2358256967-1004\nProcess 1612 (\\Device\\HarddiskVolume2\\Program Files\\Common Files\\Microsoft Shared\\Windows Live\\WLIDSVC.EXE) has opened key \\REGISTRY\\USER\\S-1-5-21-1171287513-3642516788-2358256967-1004\nProcess 1612 (\\Device\\HarddiskVolume2\\Program Files\\Common Files\\Microsoft Shared\\Windows Live\\WLIDSVC.EXE) has opened key \\REGISTRY\\USER\\S-1-5-21-1171287513-3642516788-2358256967-1004\nProcess 1612 (\\Device\\HarddiskVolume2\\Program Files\\Common Files\\Microsoft Shared\\Windows Live\\WLIDSVC.EXE) has opened key \\REGISTRY\\USER\\S-1-5-21-1171287513-3642516788-2358256967-1004\\Software\\Microsoft\\SystemCertificates\\trust\nProcess 1612 (\\Device\\HarddiskVolume2\\Program Files\\Common Files\\Microsoft Shared\\Windows Live\\WLIDSVC.EXE) has opened key \\REGISTRY\\USER\\S-1-5-21-1171287513-3642516788-2358256967-1004\\Software\\Microsoft\\SystemCertificates\\SmartCardRoot\nProcess 1612 (\\Device\\HarddiskVolume2\\Program Files\\Common Files\\Microsoft Shared\\Windows Live\\WLIDSVC.EXE) has opened key \\REGISTRY\\USER\\S-1-5-21-1171287513-3642516788-2358256967-1004\\Software\\Microsoft\\SystemCertificates\\My\nProcess 1612 (\\Device\\HarddiskVolume2\\Program Files\\Common Files\\Microsoft Shared\\Windows Live\\WLIDSVC.EXE) has opened key \\REGISTRY\\USER\\S-1-5-21-1171287513-3642516788-2358256967-1004\\Software\\Microsoft\\SystemCertificates\\TrustedPeople\nProcess 1612 (\\Device\\HarddiskVolume2\\Program Files\\Common Files\\Microsoft Shared\\Windows Live\\WLIDSVC.EXE) has opened key \\REGISTRY\\USER\\S-1-5-21-1171287513-3642516788-2358256967-1004\\Software\\Microsoft\\SystemCertificates\\Disallowed\nProcess 1612 (\\Device\\HarddiskVolume2\\Program Files\\Common Files\\Microsoft Shared\\Windows Live\\WLIDSVC.EXE) has opened key \\REGISTRY\\USER\\S-1-5-21-1171287513-3642516788-2358256967-1004\\Software\\Microsoft\\SystemCertificates\\Root\nProcess 1612 (\\Device\\HarddiskVolume2\\Program Files\\Common Files\\Microsoft Shared\\Windows Live\\WLIDSVC.EXE) has opened key \\REGISTRY\\USER\\S-1-5-21-1171287513-3642516788-2358256967-1004\\Software\\Microsoft\\SystemCertificates\\CA\nProcess 1612 (\\Device\\HarddiskVolume2\\Program Files\\Common Files\\Microsoft Shared\\Windows Live\\WLIDSVC.EXE) has opened key \\REGISTRY\\USER\\S-1-5-21-1171287513-3642516788-2358256967-1004\\Software\\Policies\\Microsoft\\SystemCertificates\nProcess 1612 (\\Device\\HarddiskVolume2\\Program Files\\Common Files\\Microsoft Shared\\Windows Live\\WLIDSVC.EXE) has opened key \\REGISTRY\\USER\\S-1-5-21-1171287513-3642516788-2358256967-1004\\Software\\Policies\\Microsoft\\SystemCertificates\nProcess 1612 (\\Device\\HarddiskVolume2\\Program Files\\Common Files\\Microsoft Shared\\Windows Live\\WLIDSVC.EXE) has opened key \\REGISTRY\\USER\\S-1-5-21-1171287513-3642516788-2358256967-1004\\Software\\Policies\\Microsoft\\SystemCertificates\nProcess 1612 (\\Device\\HarddiskVolume2\\Program Files\\Common Files\\Microsoft Shared\\Windows Live\\WLIDSVC.EXE) has opened key \\REGISTRY\\USER\\S-1-5-21-1171287513-3642516788-2358256967-1004\\Software\\Policies\\Microsoft\\SystemCertificates\n"
    },
    "RawXml": "<Event xmlns=\"http://schemas.microsoft.com/win/2004/08/events/event\"><System><Provider Name=\"Microsoft-Windows-User Profiles Service\" Guid=\"{89b1e9f0-5aff-44a6-9b44-0a07a7ce5845}\"></Provider>\n<EventID Qualifiers=\"\">1530</EventID>\n<Version>0</Version>\n<Level>3</Level>\n<Task>0</Task>\n<Opcode>0</Opcode>\n<Keywords>0x8000000000000000</Keywords>\n<TimeCreated SystemTime=\"2014-02-11 17:40:05.843477+00:00\"></TimeCreated>\n<EventRecordID>1379</EventRecordID>\n<Correlation ActivityID=\"\" RelatedActivityID=\"\"></Correlation>\n<Execution ProcessID=\"964\" ThreadID=\"304\"></Execution>\n<Channel>Application</Channel>\n<Computer>IACIS-HDD-2014</Computer>\n<Security UserID=\"S-1-5-18\"></Security>\n</System>\n<EventData Name=\"EVENT_HIVE_LEAK\"><Data Name=\"Detail\">15 user registry handles leaked from \\Registry\\User\\S-1-5-21-1171287513-3642516788-2358256967-1004:\nProcess 1612 (\\Device\\HarddiskVolume2\\Program Files\\Common Files\\Microsoft Shared\\Windows Live\\WLIDSVC.EXE) has opened key \\REGISTRY\\USER\\S-1-5-21-1171287513-3642516788-2358256967-1004\nProcess 1612 (\\Device\\HarddiskVolume2\\Program Files\\Common Files\\Microsoft Shared\\Windows Live\\WLIDSVC.EXE) has opened key \\REGISTRY\\USER\\S-1-5-21-1171287513-3642516788-2358256967-1004\nProcess 1612 (\\Device\\HarddiskVolume2\\Program Files\\Common Files\\Microsoft Shared\\Windows Live\\WLIDSVC.EXE) has opened key \\REGISTRY\\USER\\S-1-5-21-1171287513-3642516788-2358256967-1004\nProcess 1612 (\\Device\\HarddiskVolume2\\Program Files\\Common Files\\Microsoft Shared\\Windows Live\\WLIDSVC.EXE) has opened key \\REGISTRY\\USER\\S-1-5-21-1171287513-3642516788-2358256967-1004\nProcess 1612 (\\Device\\HarddiskVolume2\\Program Files\\Common Files\\Microsoft Shared\\Windows Live\\WLIDSVC.EXE) has opened key \\REGISTRY\\USER\\S-1-5-21-1171287513-3642516788-2358256967-1004\\Software\\Microsoft\\SystemCertificates\\trust\nProcess 1612 (\\Device\\HarddiskVolume2\\Program Files\\Common Files\\Microsoft Shared\\Windows Live\\WLIDSVC.EXE) has opened key \\REGISTRY\\USER\\S-1-5-21-1171287513-3642516788-2358256967-1004\\Software\\Microsoft\\SystemCertificates\\SmartCardRoot\nProcess 1612 (\\Device\\HarddiskVolume2\\Program Files\\Common Files\\Microsoft Shared\\Windows Live\\WLIDSVC.EXE) has opened key \\REGISTRY\\USER\\S-1-5-21-1171287513-3642516788-2358256967-1004\\Software\\Microsoft\\SystemCertificates\\My\nProcess 1612 (\\Device\\HarddiskVolume2\\Program Files\\Common Files\\Microsoft Shared\\Windows Live\\WLIDSVC.EXE) has opened key \\REGISTRY\\USER\\S-1-5-21-1171287513-3642516788-2358256967-1004\\Software\\Microsoft\\SystemCertificates\\TrustedPeople\nProcess 1612 (\\Device\\HarddiskVolume2\\Program Files\\Common Files\\Microsoft Shared\\Windows Live\\WLIDSVC.EXE) has opened key \\REGISTRY\\USER\\S-1-5-21-1171287513-3642516788-2358256967-1004\\Software\\Microsoft\\SystemCertificates\\Disallowed\nProcess 1612 (\\Device\\HarddiskVolume2\\Program Files\\Common Files\\Microsoft Shared\\Windows Live\\WLIDSVC.EXE) has opened key \\REGISTRY\\USER\\S-1-5-21-1171287513-3642516788-2358256967-1004\\Software\\Microsoft\\SystemCertificates\\Root\nProcess 1612 (\\Device\\HarddiskVolume2\\Program Files\\Common Files\\Microsoft Shared\\Windows Live\\WLIDSVC.EXE) has opened key \\REGISTRY\\USER\\S-1-5-21-1171287513-3642516788-2358256967-1004\\Software\\Microsoft\\SystemCertificates\\CA\nProcess 1612 (\\Device\\HarddiskVolume2\\Program Files\\Common Files\\Microsoft Shared\\Windows Live\\WLIDSVC.EXE) has opened key \\REGISTRY\\USER\\S-1-5-21-1171287513-3642516788-2358256967-1004\\Software\\Policies\\Microsoft\\SystemCertificates\nProcess 1612 (\\Device\\HarddiskVolume2\\Program Files\\Common Files\\Microsoft Shared\\Windows Live\\WLIDSVC.EXE) has opened key \\REGISTRY\\USER\\S-1-5-21-1171287513-3642516788-2358256967-1004\\Software\\Policies\\Microsoft\\SystemCertificates\nProcess 1612 (\\Device\\HarddiskVolume2\\Program Files\\Common Files\\Microsoft Shared\\Windows Live\\WLIDSVC.EXE) has opened key \\REGISTRY\\USER\\S-1-5-21-1171287513-3642516788-2358256967-1004\\Software\\Policies\\Microsoft\\SystemCertificates\nProcess 1612 (\\Device\\HarddiskVolume2\\Program Files\\Common Files\\Microsoft Shared\\Windows Live\\WLIDSVC.EXE) has opened key \\REGISTRY\\USER\\S-1-5-21-1171287513-3642516788-2358256967-1004\\Software\\Policies\\Microsoft\\SystemCertificates\n</Data>\n</EventData>\n</Event>\n"
  },
  {
    "EventID": 1532,
    "Timestamp": "2014-02-11 17:40:17.824301+00:00",
    "Computer": "IACIS-HDD-2014",
    "Channel": "Application",
    "Level": "Information",
    "EventData": {},
    "RawXml": "<Event xmlns=\"http://schemas.microsoft.com/win/2004/08/events/event\"><System><Provider Name=\"Microsoft-Windows-User Profiles Service\" Guid=\"{89b1e9f0-5aff-44a6-9b44-0a07a7ce5845}\"></Provider>\n<EventID Qualifiers=\"\">1532</EventID>\n<Version>0</Version>\n<Level>4</Level>\n<Task>0</Task>\n<Opcode>0</Opcode>\n<Keywords>0x8000000000000000</Keywords>\n<TimeCreated SystemTime=\"2014-02-11 17:40:17.824301+00:00\"></TimeCreated>\n<EventRecordID>1380</EventRecordID>\n<Correlation ActivityID=\"\" RelatedActivityID=\"\"></Correlation>\n<Execution ProcessID=\"964\" ThreadID=\"352\"></Execution>\n<Channel>Application</Channel>\n<Computer>IACIS-HDD-2014</Computer>\n<Security UserID=\"S-1-5-18\"></Security>\n</System>\n<EventData></EventData>\n</Event>\n"
  },
  {
    "EventID": 4625,
    "Timestamp": "2014-02-11 17:41:37+00:00",
    "Computer": "IACIS-HDD-2014",
    "Channel": "Application",
    "Level": "Information",
    "EventData": {
      "param1": "86400",
      "param2": "SuppressDuplicateDuration",
      "param3": "Software\\Microsoft\\EventSystem\\EventLog"
    },
    "RawXml": "<Event xmlns=\"http://schemas.microsoft.com/win/2004/08/events/event\"><System><Provider Name=\"Microsoft-Windows-EventSystem\" Guid=\"{899daace-4868-4295-afcd-9eb8fb497561}\" EventSourceName=\"EventSystem\"></Provider>\n<EventID Qualifiers=\"16384\">4625</EventID>\n<Version>0</Version>\n<Level>4</Level>\n<Task>0</Task>\n<Opcode>0</Opcode>\n<Keywords>0x0080000000000000</Keywords>\n<TimeCreated SystemTime=\"2014-02-11 17:41:37+00:00\"></TimeCreated>\n<EventRecordID>1381</EventRecordID>\n<Correlation ActivityID=\"\" RelatedActivityID=\"\"></Correlation>\n<Execution ProcessID=\"0\" ThreadID=\"0\"></Execution>\n<Channel>Application</Channel>\n<Computer>IACIS-HDD-2014</Computer>\n<Security UserID=\"\"></Security>\n</System>\n<EventData><Data Name=\"param1\">86400</Data>\n<Data Name=\"param2\">SuppressDuplicateDuration</Data>\n<Data Name=\"param3\">Software\\Microsoft\\EventSystem\\EventLog</Data>\n</EventData>\n</Event>\n"
  },
  {
    "EventID": 1531,
    "Timestamp": "2014-02-11 17:41:37.132061+00:00",
    "Computer": "IACIS-HDD-2014",
    "Channel": "Application",
    "Level": "Information",
    "EventData": {},
    "RawXml": "<Event xmlns=\"http://schemas.microsoft.com/win/2004/08/events/event\"><System><Provider Name=\"Microsoft-Windows-User Profiles Service\" Guid=\"{89b1e9f0-5aff-44a6-9b44-0a07a7ce5845}\"></Provider>\n<EventID Qualifiers=\"\">1531</EventID>\n<Version>0</Version>\n<Level>4</Level>\n<Task>0</Task>\n<Opcode>0</Opcode>\n<Keywords>0x8000000000000000</Keywords>\n<TimeCreated SystemTime=\"2014-02-11 17:41:37.132061+00:00\"></TimeCreated>\n<EventRecordID>1382</EventRecordID>\n<Correlation ActivityID=\"\" RelatedActivityID=\"\"></Correlation>\n<Execution ProcessID=\"1000\" ThreadID=\"424\"></Execution>\n<Channel>Application</Channel>\n<Computer>IACIS-HDD-2014</Computer>\n<Security UserID=\"S-1-5-18\"></Security>\n</System>\n<EventData></EventData>\n</Event>\n"
  },
  {
    "EventID": 0,
    "Timestamp": "2014-02-11 17:41:39+00:00",
    "Computer": "IACIS-HDD-2014",
    "Channel": "Application",
    "Level": "Information",
    "EventData": {
      "": "<string>Service started</string>\n"
    },
    "RawXml": "<Event xmlns=\"http://schemas.microsoft.com/win/2004/08/events/event\"><System><Provider Name=\"AdobeARMservice\"></Provider>\n<EventID Qualifiers=\"0\">0</EventID>\n<Level>4</Level>\n<Task>0</Task>\n<Keywords>0x0080000000000000</Keywords>\n<TimeCreated SystemTime=\"2014-02-11 17:41:39+00:00\"></TimeCreated>\n<EventRecordID>1383</EventRecordID>\n<Channel>Application</Channel>\n<Computer>IACIS-HDD-2014</Computer>\n<Security UserID=\"\"></Security>\n</System>\n<EventData><Data>&lt;string&gt;Service started&lt;/string&gt;\n</Data>\n<Binary></Binary>\n</EventData>\n</Event>\n"
  },
  {
    "EventID": 100,
    "Timestamp": "2014-02-11 17:41:40+00:00",
    "Computer": "IACIS-HDD-2014",
    "Channel": "Application",
    "Level": "Information",
    "EventData": {
      "": ""
    },
    "RawXml": "<Event xmlns=\"http://schemas.microsoft.com/win/2004/08/events/event\"><System><Provider Name=\"SkypeUpdate\"></Provider>\n<EventID Qualifiers=\"0\">100</EventID>\n<Level>4</Level>\n<Task>1</Task>\n<Keywords>0x0080000000000000</Keywords>\n<TimeCreated SystemTime=\"2014-02-11 17:41:40+00:00\"></TimeCreated>\n<EventRecordID>1384</EventRecordID>\n<Channel>Application</Channel>\n<Computer>IACIS-HDD-2014</Computer>\n<Security UserID=\"\"></Security>\n</System>\n<EventData><Data></Data>\n<Binary></Binary>\n</EventData>\n</Event>\n"
  },
  {
    "EventID": 5615,
    "Timestamp": "2014-02-11 17:41:40+00:00",
    "Computer": "IACIS-HDD-2014",
    "Channel": "Application",
    "Level": "LogAlways",
    "EventData": {
      "": ""
    },
    "RawXml": "<Event xmlns=\"http://schemas.microsoft.com/win/2004/08/events/event\"><System><Provider Name=\"Microsoft-Windows-WMI\" Guid=\"{1edeee53-0afe-4609-b846-d8c0b2075b1f}\" EventSourceName=\"WinMgmt\"></Provider>\n<EventID Qualifiers=\"49152\">5615</EventID>\n<Version>0</Version>\n<Level>0</Level>\n<Task>0</Task>\n<Opcode>0</Opcode>\n<Keywords>0x0080000000000000</Keywords>\n<TimeCreated SystemTime=\"2014-02-11 17:41:40+00:00\"></TimeCreated>\n<EventRecordID>1385</EventRecordID>\n<Correlation ActivityID=\"\" RelatedActivityID=\"\"></Correlation>\n<Execution ProcessID=\"0\" ThreadID=\"0\"></Execution>\n<Channel>Application</Channel>\n<Computer>IACIS-HDD-2014</Computer>\n<Security UserID=\"\"></Security>\n</System>\n<EventData><Data></Data>\n<Binary></Binary>\n</EventData>\n</Event>\n"
  },
  {
    "EventID": 0,
    "Timestamp": "2014-02-11 17:41:40+00:00",
    "Computer": "IACIS-HDD-2014",
    "Channel": "Application",
    "Level": "Information",
    "EventData": {
      "": "<string>g_WLIDTimerQueue.Initialize started (41:40:953)</string>\n"
    },
    "RawXml": "<Event xmlns=\"http://schemas.microsoft.com/win/2004/08/events/event\"><System><Provider Name=\"SignInAssistant\"></Provider>\n<EventID Qualifiers=\"0\">0</EventID>\n<Level>4</Level>\n<Task>0</Task>\n<Keywords>0x0080000000000000</Keywords>\n<TimeCreated SystemTime=\"2014-02-11 17:41:40+00:00\"></TimeCreated>\n<EventRecordID>1386</EventRecordID>\n<Channel>Application</Channel>\n<Computer>IACIS-HDD-2014</Computer>\n<Security UserID=\"\"></Security>\n</System>\n<EventData><Data>&lt;string&gt;g_WLIDTimerQueue.Initialize started (41:40:953)&lt;/string&gt;\n</Data>\n<Binary></Binary>\n</EventData>\n</Event>\n"
  },
  {
    "EventID": 0,
    "Timestamp": "2014-02-11 17:41:40+00:00",
    "Computer": "IACIS-HDD-2014",
    "Channel": "Application",
    "Level": "Information",
    "EventData": {
      "": "<string>g_ WLIDInitializationTimerQueue.Initialize started (41:40:953)</string>\n"
    },
    "RawXml": "<Event xmlns=\"http://schemas.microsoft.com/win/2004/08/events/event\"><System><Provider Name=\"SignInAssistant\"></Provider>\n<EventID Qualifiers=\"0\">0</EventID>\n<Level>4</Level>\n<Task>0</Task>\n<Keywords>0x0080000000000000</Keywords>\n<TimeCreated SystemTime=\"2014-02-11 17:41:40+00:00\"></TimeCreated>\n<EventRecordID>1387</EventRecordID>\n<Channel>Application</Channel>\n<Computer>IACIS-HDD-2014</Computer>\n<Security UserID=\"\"></Security>\n</System>\n<EventData><Data>&lt;string&gt;g_ WLIDInitializationTimerQueue.Initialize started (41:40:953)&lt;/string&gt;\n</Data>\n<Binary></Binary>\n</EventData>\n</Event>\n"
  },
  {
    "EventID": 0,
    "Timestamp": "2014-02-11 17:41:40+00:00",
    "Computer": "IACIS-HDD-2014",
    "Channel": "Application",
    "Level": "Information",
    "EventData": {
      "": "<string> WLIDInitializationTimerQueue. QueueWorkItem started (41:40:953)</string>\n"
    },
    "RawXml": "<Event xmlns=\"http://schemas.microsoft.com/win/2004/08/events/event\"><System><Provider Name=\"SignInAssistant\"></Provider>\n<EventID Qualifiers=\"0\">0</EventID>\n<Level>4</Level>\n<Task>0</Task>\n<Keywords>0x0080000000000000</Keywords>\n<TimeCreated SystemTime=\"2014-02-11 17:41:40+00:00\"></TimeCreated>\n<EventRecordID>1388</EventRecordID>\n<Channel>Application</Channel>\n<Computer>IACIS-HDD-2014</Computer>\n<Security UserID=\"\"></Security>\n</System>\n<EventData><Data>&lt;string&gt; WLIDInitializationTimerQueue. QueueWorkItem started (41:40:953)&lt;/string&gt;\n</Data>\n<Binary></Binary>\n</EventData>\n</Event>\n"
  },
