  {
    "EventID": 11728,
    "Timestamp": "2014-02-05 13:54:51+00:00",
    "Computer": "IACIS-HDD-2014",
    "Channel": "Application",
    "Level": "Information",
    "EventData": {
      "": "<string>Product: Microsoft .NET Framework 4 Client Profile -- Configuration completed successfully.</string>\n<string>(NULL)</string>\n<string>(NULL)</string>\n<string>(NULL)</string>\n<string>(NULL)</string>\n<string>(NULL)</string>\n<string></string>\n"
    },
    "RawXml": "<Event xmlns=\"http://schemas.microsoft.com/win/2004/08/events/event\"><System><Provider Name=\"MsiInstaller\"></Provider>\n<EventID Qualifiers=\"0\">11728</EventID>\n<Level>4</Level>\n<Task>0</Task>\n<Keywords>0x0080000000000000</Keywords>\n<TimeCreated SystemTime=\"2014-02-05 13:54:51+00:00\"></TimeCreated>\n<EventRecordID>867</EventRecordID>\n<Channel>Application</Channel>\n<Computer>IACIS-HDD-2014</Computer>\n<Security UserID=\"S-1-5-18\"></Security>\n</System>\n<EventData><Data>&lt;string&gt;Product: Microsoft .NET Framework 4 Client Profile -- Configuration completed successfully.&lt;/string&gt;\n&lt;string&gt;(NULL)&lt;/string&gt;\n&lt;string&gt;(NULL)&lt;/string&gt;\n&lt;string&gt;(NULL)&lt;/string&gt;\n&lt;string&gt;(NULL)&lt;/string&gt;\n&lt;string&gt;(NULL)&lt;/string&gt;\n&lt;string&gt;&lt;/string&gt;\n</Data>\n<Binary>e0Y1QjA5Q0ZELUYwQjItMzZBRi04REY0LTFERjZCNjNGQzdCNH0=</Binary>\n</EventData>\n</Event>\n"
  },
  {
    "EventID": 1035,
    "Timestamp": "2014-02-05 13:54:51+00:00",
    "Computer": "IACIS-HDD-2014",
    "Channel": "Application",
    "Level": "Information",
    "EventData": {
      "": "<string>Microsoft .NET Framework 4 Client Profile</string>\n<string>4.0.30319</string>\n<string>0</string>\n<string>0</string>\n<string>Microsoft Corporation</string>\n<string>(NULL)</string>\n<string></string>\n"
    },
    "RawXml": "<Event xmlns=\"http://schemas.microsoft.com/win/2004/08/events/event\"><System><Provider Name=\"MsiInstaller\"></Provider>\n<EventID Qualifiers=\"0\">1035</EventID>\n<Level>4</Level>\n<Task>0</Task>\n<Keywords>0x0080000000000000</Keywords>\n<TimeCreated SystemTime=\"2014-02-05 13:54:51+00:00\"></TimeCreated>\n<EventRecordID>868</EventRecordID>\n<Channel>Application</Channel>\n<Computer>IACIS-HDD-2014</Computer>\n<Security UserID=\"S-1-5-18\"></Security>\n</System>\n<EventData><Data>&lt;string&gt;Microsoft .NET Framework 4 Client Profile&lt;/string&gt;\n&lt;string&gt;4.0.30319&lt;/string&gt;\n&lt;string&gt;0&lt;/string&gt;\n&lt;string&gt;0&lt;/string&gt;\n&lt;string&gt;Microsoft Corporation&lt;/string&gt;\n&lt;string&gt;(NULL)&lt;/string&gt;\n&lt;string&gt;&lt;/string&gt;\n</Data>\n<Binary>e0Y1QjA5Q0ZELUYwQjItMzZBRi04REY0LTFERjZCNjNGQzdCNH0wMDAwZDJlYmY0NjgzMWQyY2IzMjlhZjc2NzI5M2ViMjBjZmQwMDAwMDAwMA==</Binary>\n</EventData>\n</Event>\n"
  },
  {
    "EventID": 1042,
    "Timestamp": "2014-02-05 13:54:51+00:00",
    "Computer": "IACIS-HDD-2014",
    "Channel": "Application",
    "Level": "Information",
    "EventData": {
      "": "<string>C:\\Windows\\Installer\\2c91bb.msi</string>\n<string>2344</string>\n<string>(NULL)</string>\n<string>(NULL)</string>\n<string>(NULL)</string>\n<string>(NULL)</string>\n<string></string>\n"
    },
    "RawXml": "<Event xmlns=\"http://schemas.microsoft.com/win/2004/08/events/event\"><System><Provider Name=\"MsiInstaller\"></Provider>\n<EventID Qualifiers=\"0\">1042</EventID>\n<Level>4</Level>\n<Task>0</Task>\n<Keywords>0x0080000000000000</Keywords>\n<TimeCreated SystemTime=\"2014-02-05 13:54:51+00:00\"></TimeCreated>\n<EventRecordID>869</EventRecordID>\n<Channel>Application</Channel>\n<Computer>IACIS-HDD-2014</Computer>\n<Security UserID=\"S-1-5-18\"></Security>\n</System>\n<EventData><Data>&lt;string&gt;C:\\Windows\\Installer\\2c91bb.msi&lt;/string&gt;\n&lt;string&gt;2344&lt;/string&gt;\n&lt;string&gt;(NULL)&lt;/string&gt;\n&lt;string&gt;(NULL)&lt;/string&gt;\n&lt;string&gt;(NULL)&lt;/string&gt;\n&lt;string&gt;(NULL)&lt;/string&gt;\n&lt;string&gt;&lt;/string&gt;\n</Data>\n<Binary></Binary>\n</EventData>\n</Event>\n"
  },
  {
    "EventID": 10001,
    "Timestamp": "2014-02-05 13:54:51.064604+00:00",
    "Computer": "IACIS-HDD-2014",
    "Channel": "Application",
    "Level": "Information",
    "EventData": {},
    "RawXml": "<Event xmlns=\"http://schemas.microsoft.com/win/2004/08/events/event\"><System><Provider Name=\"Microsoft-Windows-RestartManager\" Guid=\"{0888e5ef-9b98-4695-979d-e92ce4247224}\"></Provider>\n<EventID Qualifiers=\"\">10001</EventID>\n<Version>0</Version>\n<Level>4</Level>\n<Task>0</Task>\n<Opcode>0</Opcode>\n<Keywords>0x8000000000000000</Keywords>\n<TimeCreated SystemTime=\"2014-02-05 13:54:51.064604+00:00\"></TimeCreated>\n<EventRecordID>870</EventRecordID>\n<Correlation ActivityID=\"\" RelatedActivityID=\"\"></Correlation>\n<Execution ProcessID=\"2608\" ThreadID=\"3340\"></Execution>\n<Channel>Application</Channel>\n<Computer>IACIS-HDD-2014</Computer>\n<Security UserID=\"S-1-5-18\"></Security>\n</System>\n<UserData><RmSessionEvent xmlns:auto-ns2=\"http://schemas.microsoft.com/win/2004/08/events\" xmlns=\"http://www.microsoft.com/2005/08/Windows/Reliability/RestartManager/\"><RmSessionId>0</RmSessionId>\n<UTCStartTime>2014-02-05 13:49:18.253620+00:00</UTCStartTime>\n</RmSessionEvent>\n</UserData>\n</Event>\n"
  },
  {
    "EventID": 1040,
    "Timestamp": "2014-02-05 13:55:01+00:00",
    "Computer": "IACIS-HDD-2014",
    "Channel": "Application",
    "Level": "Information",
    "EventData": {
      "": "<string>C:\\Windows\\Installer\\2c91bb.msi</string>\n<string>3760</string>\n<string>(NULL)</string>\n<string>(NULL)</string>\n<string>(NULL)</string>\n<string>(NULL)</string>\n<string></string>\n"
    },
    "RawXml": "<Event xmlns=\"http://schemas.microsoft.com/win/2004/08/events/event\"><System><Provider Name=\"MsiInstaller\"></Provider>\n<EventID Qualifiers=\"0\">1040</EventID>\n<Level>4</Level>\n<Task>0</Task>\n<Keywords>0x0080000000000000</Keywords>\n<TimeCreated SystemTime=\"2014-02-05 13:55:01+00:00\"></TimeCreated>\n<EventRecordID>871</EventRecordID>\n<Channel>Application</Channel>\n<Computer>IACIS-HDD-2014</Computer>\n<Security UserID=\"S-1-5-18\"></Security>\n</System>\n<EventData><Data>&lt;string&gt;C:\\Windows\\Installer\\2c91bb.msi&lt;/string&gt;\n&lt;string&gt;3760&lt;/string&gt;\n&lt;string&gt;(NULL)&lt;/string&gt;\n&lt;string&gt;(NULL)&lt;/string&gt;\n&lt;string&gt;(NULL)&lt;/string&gt;\n&lt;string&gt;(NULL)&lt;/string&gt;\n&lt;string&gt;&lt;/string&gt;\n</Data>\n<Binary></Binary>\n</EventData>\n</Event>\n"
  },
  {
    "EventID": 10000,
    "Timestamp": "2014-02-05 13:55:01.875423+00:00",
    "Computer": "IACIS-HDD-2014",
    "Channel": "Application",
    "Level": "Information",
    "EventData": {},
    "RawXml": "<Event xmlns=\"http://schemas.microsoft.com/win/2004/08/events/event\"><System><Provider Name=\"Microsoft-Windows-RestartManager\" Guid=\"{0888e5ef-9b98-4695-979d-e92ce4247224}\"></Provider>\n<EventID Qualifiers=\"\">10000</EventID>\n<Version>0</Version>\n<Level>4</Level>\n<Task>0</Task>\n<Opcode>0</Opcode>\n<Keywords>0x8000000000000000</Keywords>\n<TimeCreated SystemTime=\"2014-02-05 13:55:01.875423+00:00\"></TimeCreated>\n<EventRecordID>872</EventRecordID>\n<Correlation ActivityID=\"\" RelatedActivityID=\"\"></Correlation>\n<Execution ProcessID=\"2608\" ThreadID=\"880\"></Execution>\n<Channel>Application</Channel>\n<Computer>IACIS-HDD-2014</Computer>\n<Security UserID=\"S-1-5-18\"></Security>\n</System>\n<UserData><RmSessionEvent xmlns:auto-ns2=\"http://schemas.microsoft.com/win/2004/08/events\" xmlns=\"http://www.microsoft.com/2005/08/Windows/Reliability/RestartManager/\"><RmSessionId>0</RmSessionId>\n<UTCStartTime>2014-02-05 13:55:01.875423+00:00</UTCStartTime>\n</RmSessionEvent>\n</UserData>\n</Event>\n"
  },
  {
    "EventID": 1001,
    "Timestamp": "2014-02-05 13:55:40.766293+00:00",
    "Computer": "IACIS-HDD-2014",
    "Channel": "Application",
    "Level": "Information",
    "EventData": {},
    "RawXml": "<Event xmlns=\"http://schemas.microsoft.com/win/2004/08/events/event\"><System><Provider Name=\"Microsoft-Windows-LoadPerf\" Guid=\"{122ee297-bb47-41ae-b265-1ca8d1886d40}\"></Provider>\n<EventID Qualifiers=\"\">1001</EventID>\n<Version>0</Version>\n<Level>4</Level>\n<Task>0</Task>\n<Opcode>0</Opcode>\n<Keywords>0x8000000000000000</Keywords>\n<TimeCreated SystemTime=\"2014-02-05 13:55:40.766293+00:00\"></TimeCreated>\n<EventRecordID>873</EventRecordID>\n<Correlation ActivityID=\"\" RelatedActivityID=\"\"></Correlation>\n<Execution ProcessID=\"3604\" ThreadID=\"3384\"></Execution>\n<Channel>Application</Channel>\n<Computer>IACIS-HDD-2014</Computer>\n<Security UserID=\"S-1-5-18\"></Security>\n</System>\n<UserData><EventXML xmlns:auto-ns2=\"http://schemas.microsoft.com/win/2004/08/events\" xmlns=\"LoadPerf\"><param1>{890c10c3-8c2a-4fe3-a36a-9eca153d47cb}</param1>\n<param2>ServiceModel 4.0.0.0</param2>\n<binaryDataSize>0</binaryDataSize>\n<binaryData></binaryData>\n</EventXML>\n</UserData>\n</Event>\n"
  },
  {
    "EventID": 1001,
    "Timestamp": "2014-02-05 13:55:42.575895+00:00",
    "Computer": "IACIS-HDD-2014",
    "Channel": "Application",
    "Level": "Information",
    "EventData": {},
    "RawXml": "<Event xmlns=\"http://schemas.microsoft.com/win/2004/08/events/event\"><System><Provider Name=\"Microsoft-Windows-LoadPerf\" Guid=\"{122ee297-bb47-41ae-b265-1ca8d1886d40}\"></Provider>\n<EventID Qualifiers=\"\">1001</EventID>\n<Version>0</Version>\n<Level>4</Level>\n<Task>0</Task>\n<Opcode>0</Opcode>\n<Keywords>0x8000000000000000</Keywords>\n<TimeCreated SystemTime=\"2014-02-05 13:55:42.575895+00:00\"></TimeCreated>\n<EventRecordID>874</EventRecordID>\n<Correlation ActivityID=\"\" RelatedActivityID=\"\"></Correlation>\n<Execution ProcessID=\"2164\" ThreadID=\"3252\"></Execution>\n<Channel>Application</Channel>\n<Computer>IACIS-HDD-2014</Computer>\n<Security UserID=\"S-1-5-18\"></Security>\n</System>\n<UserData><EventXML xmlns:auto-ns2=\"http://schemas.microsoft.com/win/2004/08/events\" xmlns=\"LoadPerf\"><param1>SMSvcHost 4.0.0.0</param1>\n<param2>SMSvcHost 4.0.0.0</param2>\n<binaryDataSize>12</binaryDataSize>\n<binaryData>WiYAAFsmAAA0BwAA</binaryData>\n</EventXML>\n</UserData>\n</Event>\n"
  },
  {
    "EventID": 1001,
    "Timestamp": "2014-02-05 13:55:42.919096+00:00",
    "Computer": "IACIS-HDD-2014",
    "Channel": "Application",
    "Level": "Information",
    "EventData": {},
    "RawXml": "<Event xmlns=\"http://schemas.microsoft.com/win/2004/08/events/event\"><System><Provider Name=\"Microsoft-Windows-LoadPerf\" Guid=\"{122ee297-bb47-41ae-b265-1ca8d1886d40}\"></Provider>\n<EventID Qualifiers=\"\">1001</EventID>\n<Version>0</Version>\n<Level>4</Level>\n<Task>0</Task>\n<Opcode>0</Opcode>\n<Keywords>0x8000000000000000</Keywords>\n<TimeCreated SystemTime=\"2014-02-05 13:55:42.919096+00:00\"></TimeCreated>\n<EventRecordID>875</EventRecordID>\n<Correlation ActivityID=\"\" RelatedActivityID=\"\"></Correlation>\n<Execution ProcessID=\"4048\" ThreadID=\"2456\"></Execution>\n<Channel>Application</Channel>\n<Computer>IACIS-HDD-2014</Computer>\n<Security UserID=\"S-1-5-18\"></Security>\n</System>\n<UserData><EventXML xmlns:auto-ns2=\"http://schemas.microsoft.com/win/2004/08/events\" xmlns=\"LoadPerf\"><param1>MSDTC Bridge 4.0.0.0</param1>\n<param2>MSDTC Bridge 4.0.0.0</param2>\n<binaryDataSize>12</binaryDataSize>\n<binaryData>9CQAAPUkAAA0BwAA</binaryData>\n</EventXML>\n</UserData>\n</Event>\n"
  },
  {
    "EventID": 1000,
    "Timestamp": "2014-02-05 13:56:18.331158+00:00",
    "Computer": "IACIS-HDD-2014",
    "Channel": "Application",
    "Level": "Information",
    "EventData": {},
    "RawXml": "<Event xmlns=\"http://schemas.microsoft.com/win/2004/08/events/event\"><System><Provider Name=\"Microsoft-Windows-LoadPerf\" Guid=\"{122ee297-bb47-41ae-b265-1ca8d1886d40}\"></Provider>\n<EventID Qualifiers=\"\">1000</EventID>\n<Version>0</Version>\n<Level>4</Level>\n<Task>0</Task>\n<Opcode>0</Opcode>\n<Keywords>0x8000000000000000</Keywords>\n<TimeCreated SystemTime=\"2014-02-05 13:56:18.331158+00:00\"></TimeCreated>\n<EventRecordID>876</EventRecordID>\n<Correlation ActivityID=\"\" RelatedActivityID=\"\"></Correlation>\n<Execution ProcessID=\"2452\" ThreadID=\"1488\"></Execution>\n<Channel>Application</Channel>\n<Computer>IACIS-HDD-2014</Computer>\n<Security UserID=\"S-1-5-18\"></Security>\n</System>\n<UserData><EventXML xmlns:auto-ns2=\"http://schemas.microsoft.com/win/2004/08/events\" xmlns=\"LoadPerf\"><param1>{890c10c3-8c2a-4fe3-a36a-9eca153d47cb}</param1>\n<param2>ServiceModel 4.0.0.0</param2>\n<binaryDataSize>0</binaryDataSize>\n<binaryData></binaryData>\n</EventXML>\n</UserData>\n</Event>\n"
  },
  {
    "EventID": 1000,
    "Timestamp": "2014-02-05 13:56:19.454359+00:00",
    "Computer": "IACIS-HDD-2014",
    "Channel": "Application",
    "Level": "Information",
    "EventData": {},
    "RawXml": "<Event xmlns=\"http://schemas.microsoft.com/win/2004/08/events/event\"><System><Provider Name=\"Microsoft-Windows-LoadPerf\" Guid=\"{122ee297-bb47-41ae-b265-1ca8d1886d40}\"></Provider>\n<EventID Qualifiers=\"\">1000</EventID>\n<Version>0</Version>\n<Level>4</Level>\n<Task>0</Task>\n<Opcode>0</Opcode>\n<Keywords>0x8000000000000000</Keywords>\n<TimeCreated SystemTime=\"2014-02-05 13:56:19.454359+00:00\"></TimeCreated>\n<EventRecordID>877</EventRecordID>\n<Correlation ActivityID=\"\" RelatedActivityID=\"\"></Correlation>\n<Execution ProcessID=\"3684\" ThreadID=\"3368\"></Execution>\n<Channel>Application</Channel>\n<Computer>IACIS-HDD-2014</Computer>\n<Security UserID=\"S-1-5-18\"></Security>\n</System>\n<UserData><EventXML xmlns:auto-ns2=\"http://schemas.microsoft.com/win/2004/08/events\" xmlns=\"LoadPerf\"><param1>SMSvcHost 4.0.0.0</param1>\n<param2>SMSvcHost 4.0.0.0</param2>\n<binaryDataSize>16</binaryDataSize>\n<binaryData>JiYAAEImAAAnJgAAQyYAAA==</binaryData>\n</EventXML>\n</UserData>\n</Event>\n"
  },
  {
    "EventID": 1002,
    "Timestamp": "2014-02-05 13:56:19.828760+00:00",
    "Computer": "IACIS-HDD-2014",
    "Channel": "Application",
    "Level": "Information",
    "EventData": {},
    "RawXml": "<Event xmlns=\"http://schemas.microsoft.com/win/2004/08/events/event\"><System><Provider Name=\"Microsoft-Windows-LoadPerf\" Guid=\"{122ee297-bb47-41ae-b265-1ca8d1886d40}\"></Provider>\n<EventID Qualifiers=\"\">1002</EventID>\n<Version>0</Version>\n<Level>4</Level>\n<Task>0</Task>\n<Opcode>0</Opcode>\n<Keywords>0x8000000000000000</Keywords>\n<TimeCreated SystemTime=\"2014-02-05 13:56:19.828760+00:00\"></TimeCreated>\n<EventRecordID>878</EventRecordID>\n<Correlation ActivityID=\"\" RelatedActivityID=\"\"></Correlation>\n<Execution ProcessID=\"1960\" ThreadID=\"3928\"></Execution>\n<Channel>Application</Channel>\n<Computer>IACIS-HDD-2014</Computer>\n<Security UserID=\"S-1-5-18\"></Security>\n</System>\n<UserData><EventXML xmlns:auto-ns2=\"http://schemas.microsoft.com/win/2004/08/events\" xmlns=\"LoadPerf\"><param1>SMSvcHost 4.0.0.0</param1>\n<param2>SMSvcHost 4.0.0.0</param2>\n<binaryDataSize>4</binaryDataSize>\n<binaryData>whIAAA==</binaryData>\n</EventXML>\n</UserData>\n</Event>\n"
  },
  {
    "EventID": 1000,
    "Timestamp": "2014-02-05 13:56:20.327961+00:00",
    "Computer": "IACIS-HDD-2014",
    "Channel": "Application",
    "Level": "Information",
    "EventData": {},
    "RawXml": "<Event xmlns=\"http://schemas.microsoft.com/win/2004/08/events/event\"><System><Provider Name=\"Microsoft-Windows-LoadPerf\" Guid=\"{122ee297-bb47-41ae-b265-1ca8d1886d40}\"></Provider>\n<EventID Qualifiers=\"\">1000</EventID>\n<Version>0</Version>\n<Level>4</Level>\n<Task>0</Task>\n<Opcode>0</Opcode>\n<Keywords>0x8000000000000000</Keywords>\n<TimeCreated SystemTime=\"2014-02-05 13:56:20.327961+00:00\"></TimeCreated>\n<EventRecordID>879</EventRecordID>\n<Correlation ActivityID=\"\" RelatedActivityID=\"\"></Correlation>\n<Execution ProcessID=\"2196\" ThreadID=\"4092\"></Execution>\n<Channel>Application</Channel>\n<Computer>IACIS-HDD-2014</Computer>\n<Security UserID=\"S-1-5-18\"></Security>\n</System>\n<UserData><EventXML xmlns:auto-ns2=\"http://schemas.microsoft.com/win/2004/08/events\" xmlns=\"LoadPerf\"><param1>MSDTC Bridge 4.0.0.0</param1>\n<param2>MSDTC Bridge 4.0.0.0</param2>\n<binaryDataSize>16</binaryDataSize>\n<binaryData>RCYAAFomAABFJgAAWyYAAA==</binaryData>\n</EventXML>\n</UserData>\n</Event>\n"
  },
  {
    "EventID": 1002,
    "Timestamp": "2014-02-05 13:56:20.780363+00:00",
    "Computer": "IACIS-HDD-2014",
    "Channel": "Application",
    "Level": "Information",
    "EventData": {},
    "RawXml": "<Event xmlns=\"http://schemas.microsoft.com/win/2004/08/events/event\"><System><Provider Name=\"Microsoft-Windows-LoadPerf\" Guid=\"{122ee297-bb47-41ae-b265-1ca8d1886d40}\"></Provider>\n<EventID Qualifiers=\"\">1002</EventID>\n<Version>0</Version>\n<Level>4</Level>\n<Task>0</Task>\n<Opcode>0</Opcode>\n<Keywords>0x8000000000000000</Keywords>\n<TimeCreated SystemTime=\"2014-02-05 13:56:20.780363+00:00\"></TimeCreated>\n<EventRecordID>880</EventRecordID>\n<Correlation ActivityID=\"\" RelatedActivityID=\"\"></Correlation>\n<Execution ProcessID=\"2384\" ThreadID=\"3180\"></Execution>\n<Channel>Application</Channel>\n<Computer>IACIS-HDD-2014</Computer>\n<Security UserID=\"S-1-5-18\"></Security>\n</System>\n<UserData><EventXML xmlns:auto-ns2=\"http://schemas.microsoft.com/win/2004/08/events\" xmlns=\"LoadPerf\"><param1>MSDTC Bridge 4.0.0.0</param1>\n<param2>MSDTC Bridge 4.0.0.0</param2>\n<binaryDataSize>4</binaryDataSize>\n<binaryData>whIAAA==</binaryData>\n</EventXML>\n</UserData>\n</Event>\n"
  },
  {
    "EventID": 1022,
    "Timestamp": "2014-02-05 13:57:42+00:00",
    "Computer": "IACIS-HDD-2014",
    "Channel": "Application",
    "Level": "Information",
    "EventData": {
      "": "<string>Microsoft .NET Framework 4 Client Profile</string>\n<string>KB2736428</string>\n<string>(NULL)</string>\n<string>(NULL)</string>\n<string>(NULL)</string>\n<string>(NULL)</string>\n<string></string>\n"
    },
    "RawXml": "<Event xmlns=\"http://schemas.microsoft.com/win/2004/08/events/event\"><System><Provider Name=\"MsiInstaller\"></Provider>\n<EventID Qualifiers=\"0\">1022</EventID>\n<Level>4</Level>\n<Task>0</Task>\n<Keywords>0x0080000000000000</Keywords>\n<TimeCreated SystemTime=\"2014-02-05 13:57:42+00:00\"></TimeCreated>\n<EventRecordID>881</EventRecordID>\n<Channel>Application</Channel>\n<Computer>IACIS-HDD-2014</Computer>\n<Security UserID=\"S-1-5-18\"></Security>\n</System>\n<EventData><Data>&lt;string&gt;Microsoft .NET Framework 4 Client Profile&lt;/string&gt;\n&lt;string&gt;KB2736428&lt;/string&gt;\n&lt;string&gt;(NULL)&lt;/string&gt;\n&lt;string&gt;(NULL)&lt;/string&gt;\n&lt;string&gt;(NULL)&lt;/string&gt;\n&lt;string&gt;(NULL)&lt;/string&gt;\n&lt;string&gt;&lt;/string&gt;\n</Data>\n<Binary>e0Y1QjA5Q0ZELUYwQjItMzZBRi04REY0LTFERjZCNjNGQzdCNH0ge0JBOTQxQkNELUJDNDUtM0Q2NC1BQjg5LTBGNzM3OTA3NTE1Q30=</Binary>\n</EventData>\n</Event>\n"
  },
  {
    "EventID": 1036,
    "Timestamp": "2014-02-05 13:57:42+00:00",
    "Computer": "IACIS-HDD-2014",
    "Channel": "Application",
    "Level": "Information",
    "EventData": {
      "": "<string>Microsoft .NET Framework 4 Client Profile</string>\n<string>4.0.30319</string>\n<string>0</string>\n<string>KB2736428</string>\n<string>0</string>\n<string>Microsoft Corporation</string>\n<string></string>\n"
    },
    "RawXml": "<Event xmlns=\"http://schemas.microsoft.com/win/2004/08/events/event\"><System><Provider Name=\"MsiInstaller\"></Provider>\n<EventID Qualifiers=\"0\">1036</EventID>\n<Level>4</Level>\n<Task>0</Task>\n<Keywords>0x0080000000000000</Keywords>\n<TimeCreated SystemTime=\"2014-02-05 13:57:42+00:00\"></TimeCreated>\n<EventRecordID>882</EventRecordID>\n<Channel>Application</Channel>\n<Computer>IACIS-HDD-2014</Computer>\n<Security UserID=\"S-1-5-18\"></Security>\n</System>\n<EventData><Data>&lt;string&gt;Microsoft .NET Framework 4 Client Profile&lt;/string&gt;\n&lt;string&gt;4.0.30319&lt;/string&gt;\n&lt;string&gt;0&lt;/string&gt;\n&lt;string&gt;KB2736428&lt;/string&gt;\n&lt;string&gt;0&lt;/string&gt;\n&lt;string&gt;Microsoft Corporation&lt;/string&gt;\n&lt;string&gt;&lt;/string&gt;\n</Data>\n<Binary>e0Y1QjA5Q0ZELUYwQjItMzZBRi04REY0LTFERjZCNjNGQzdCNH0wMDAwZDJlYmY0NjgzMWQyY2IzMjlhZjc2NzI5M2ViMjBjZmQwMDAwMDAwMA==</Binary>\n</EventData>\n</Event>\n"
  },
  {
    "EventID": 11728,
    "Timestamp": "2014-02-05 13:57:42+00:00",
    "Computer": "IACIS-HDD-2014",
    "Channel": "Application",
    "Level": "Information",
    "EventData": {
      "": "<string>Product: Microsoft .NET Framework 4 Client Profile -- Configuration completed successfully.</string>\n<string>(NULL)</string>\n<string>(NULL)</string>\n<string>(NULL)</string>\n<string>(NULL)</string>\n<string>(NULL)</string>\n<string></string>\n"
    },
    "RawXml": "<Event xmlns=\"http://schemas.microsoft.com/win/2004/08/events/event\"><System><Provider Name=\"MsiInstaller\"></Provider>\n<EventID Qualifiers=\"0\">11728</EventID>\n<Level>4</Level>\n<Task>0</Task>\n<Keywords>0x0080000000000000</Keywords>\n<TimeCreated SystemTime=\"2014-02-05 13:57:42+00:00\"></TimeCreated>\n<EventRecordID>883</EventRecordID>\n<Channel>Application</Channel>\n<Computer>IACIS-HDD-2014</Computer>\n<Security UserID=\"S-1-5-18\"></Security>\n</System>\n<EventData><Data>&lt;string&gt;Product: Microsoft .NET Framework 4 Client Profile -- Configuration completed successfully.&lt;/string&gt;\n&lt;string&gt;(NULL)&lt;/string&gt;\n&lt;string&gt;(NULL)&lt;/string&gt;\n&lt;string&gt;(NULL)&lt;/string&gt;\n&lt;string&gt;(NULL)&lt;/string&gt;\n&lt;string&gt;(NULL)&lt;/string&gt;\n&lt;string&gt;&lt;/string&gt;\n</Data>\n<Binary>e0Y1QjA5Q0ZELUYwQjItMzZBRi04REY0LTFERjZCNjNGQzdCNH0=</Binary>\n</EventData>\n</Event>\n"
  },
  {
    "EventID": 1035,
    "Timestamp": "2014-02-05 13:57:42+00:00",
    "Computer": "IACIS-HDD-2014",
    "Channel": "Application",
    "Level": "Information",
    "EventData": {
      "": "<string>Microsoft .NET Framework 4 Client Profile</string>\n<string>4.0.30319</string>\n<string>0</string>\n<string>0</string>\n<string>Microsoft Corporation</string>\n<string>(NULL)</string>\n<string></string>\n"
    },
    "RawXml": "<Event xmlns=\"http://schemas.microsoft.com/win/2004/08/events/event\"><System><Provider Name=\"MsiInstaller\"></Provider>\n<EventID Qualifiers=\"0\">1035</EventID>\n<Level>4</Level>\n<Task>0</Task>\n<Keywords>0x0080000000000000</Keywords>\n<TimeCreated SystemTime=\"2014-02-05 13:57:42+00:00\"></TimeCreated>\n<EventRecordID>884</EventRecordID>\n<Channel>Application</Channel>\n<Computer>IACIS-HDD-2014</Computer>\n<Security UserID=\"S-1-5-18\"></Security>\n</System>\n<EventData><Data>&lt;string&gt;Microsoft .NET Framework 4 Client Profile&lt;/string&gt;\n&lt;string&gt;4.0.30319&lt;/string&gt;\n&lt;string&gt;0&lt;/string&gt;\n&lt;string&gt;0&lt;/string&gt;\n&lt;string&gt;Microsoft Corporation&lt;/string&gt;\n&lt;string&gt;(NULL)&lt;/string&gt;\n&lt;string&gt;&lt;/string&gt;\n</Data>\n<Binary>e0Y1QjA5Q0ZELUYwQjItMzZBRi04REY0LTFERjZCNjNGQzdCNH0wMDAwZDJlYmY0NjgzMWQyY2IzMjlhZjc2NzI5M2ViMjBjZmQwMDAwMDAwMA==</Binary>\n</EventData>\n</Event>\n"
  },
  {
    "EventID": 1042,
    "Timestamp": "2014-02-05 13:57:43+00:00",
    "Computer": "IACIS-HDD-2014",
    "Channel": "Application",
    "Level": "Information",
    "EventData": {
      "": "<string>C:\\Windows\\Installer\\2c91bb.msi</string>\n<string>3760</string>\n<string>(NULL)</string>\n<string>(NULL)</string>\n<string>(NULL)</string>\n<string>(NULL)</string>\n<string></string>\n"
    },
    "RawXml": "<Event xmlns=\"http://schemas.microsoft.com/win/2004/08/events/event\"><System><Provider Name=\"MsiInstaller\"></Provider>\n<EventID Qualifiers=\"0\">1042</EventID>\n<Level>4</Level>\n<Task>0</Task>\n<Keywords>0x0080000000000000</Keywords>\n<TimeCreated SystemTime=\"2014-02-05 13:57:43+00:00\"></TimeCreated>\n<EventRecordID>885</EventRecordID>\n<Channel>Application</Channel>\n<Computer>IACIS-HDD-2014</Computer>\n<Security UserID=\"S-1-5-18\"></Security>\n</System>\n<EventData><Data>&lt;string&gt;C:\\Windows\\Installer\\2c91bb.msi&lt;/string&gt;\n&lt;string&gt;3760&lt;/string&gt;\n&lt;string&gt;(NULL)&lt;/string&gt;\n&lt;string&gt;(NULL)&lt;/string&gt;\n&lt;string&gt;(NULL)&lt;/string&gt;\n&lt;string&gt;(NULL)&lt;/string&gt;\n&lt;string&gt;&lt;/string&gt;\n</Data>\n<Binary></Binary>\n</EventData>\n</Event>\n"
  },
  {
    "EventID": 1002,
    "Timestamp": "2014-02-05 13:57:42.415304+00:00",
    "Computer": "IACIS-HDD-2014",
    "Channel": "Application",
    "Level": "Information",
    "EventData": {},
    "RawXml": "<Event xmlns=\"http://schemas.microsoft.com/win/2004/08/events/event\"><System><Provider Name=\"Microsoft-Windows-LoadPerf\" Guid=\"{122ee297-bb47-41ae-b265-1ca8d1886d40}\"></Provider>\n<EventID Qualifiers=\"\">1002</EventID>\n<Version>0</Version>\n<Level>4</Level>\n<Task>0</Task>\n<Opcode>0</Opcode>\n<Keywords>0x8000000000000000</Keywords>\n<TimeCreated SystemTime=\"2014-02-05 13:57:42.415304+00:00\"></TimeCreated>\n<EventRecordID>886</EventRecordID>\n<Correlation ActivityID=\"\" RelatedActivityID=\"\"></Correlation>\n<Execution ProcessID=\"1848\" ThreadID=\"2452\"></Execution>\n<Channel>Application</Channel>\n<Computer>IACIS-HDD-2014</Computer>\n<Security UserID=\"S-1-5-18\"></Security>\n</System>\n<UserData><EventXML xmlns:auto-ns2=\"http://schemas.microsoft.com/win/2004/08/events\" xmlns=\"LoadPerf\"><param1>.NET CLR Networking 4.0.0.0</param1>\n<param2>.NET CLR Networking 4.0.0.0</param2>\n<binaryDataSize>4</binaryDataSize>\n<binaryData>whIAAA==</binaryData>\n</EventXML>\n</UserData>\n</Event>\n"
  },
  {
    "EventID": 1002,
    "Timestamp": "2014-02-05 13:57:42.555704+00:00",
    "Computer": "IACIS-HDD-2014",
    "Channel": "Application",
    "Level": "Information",
    "EventData": {},
    "RawXml": "<Event xmlns=\"http://schemas.microsoft.com/win/2004/08/events/event\"><System><Provider Name=\"Microsoft-Windows-LoadPerf\" Guid=\"{122ee297-bb47-41ae-b265-1ca8d1886d40}\"></Provider>\n<EventID Qualifiers=\"\">1002</EventID>\n<Version>0</Version>\n<Level>4</Level>\n<Task>0</Task>\n<Opcode>0</Opcode>\n<Keywords>0x8000000000000000</Keywords>\n<TimeCreated SystemTime=\"2014-02-05 13:57:42.555704+00:00\"></TimeCreated>\n<EventRecordID>887</EventRecordID>\n<Correlation ActivityID=\"\" RelatedActivityID=\"\"></Correlation>\n<Execution ProcessID=\"1756\" ThreadID=\"2992\"></Execution>\n<Channel>Application</Channel>\n<Computer>IACIS-HDD-2014</Computer>\n<Security UserID=\"S-1-5-18\"></Security>\n</System>\n<UserData><EventXML xmlns:auto-ns2=\"http://schemas.microsoft.com/win/2004/08/events\" xmlns=\"LoadPerf\"><param1>.NET CLR Networking 4.0.0.0</param1>\n<param2>.NET CLR Networking 4.0.0.0</param2>\n<binaryDataSize>4</binaryDataSize>\n<binaryData>whIAAA==</binaryData>\n</EventXML>\n</UserData>\n</Event>\n"
  },
  {
    "EventID": 10001,
    "Timestamp": "2014-02-05 13:57:42.836506+00:00",
    "Computer": "IACIS-HDD-2014",
    "Channel": "Application",
    "Level": "Information",
    "EventData": {},
    "RawXml": "<Event xmlns=\"http://schemas.microsoft.com/win/2004/08/events/event\"><System><Provider Name=\"Microsoft-Windows-RestartManager\" Guid=\"{0888e5ef-9b98-4695-979d-e92ce4247224}\"></Provider>\n<EventID Qualifiers=\"\">10001</EventID>\n<Version>0</Version>\n<Level>4</Level>\n<Task>0</Task>\n<Opcode>0</Opcode>\n<Keywords>0x8000000000000000</Keywords>\n<TimeCreated SystemTime=\"2014-02-05 13:57:42.836506+00:00\"></TimeCreated>\n<EventRecordID>888</EventRecordID>\n<Correlation ActivityID=\"\" RelatedActivityID=\"\"></Correlation>\n<Execution ProcessID=\"2608\" ThreadID=\"3340\"></Execution>\n<Channel>Application</Channel>\n<Computer>IACIS-HDD-2014</Computer>\n<Security UserID=\"S-1-5-18\"></Security>\n</System>\n<UserData><RmSessionEvent xmlns:auto-ns2=\"http://schemas.microsoft.com/win/2004/08/events\" xmlns=\"http://www.microsoft.com/2005/08/Windows/Reliability/RestartManager/\"><RmSessionId>0</RmSessionId>\n<UTCStartTime>2014-02-05 13:55:01.875423+00:00</UTCStartTime>\n</RmSessionEvent>\n</UserData>\n</Event>\n"
  },
  {
    "EventID": 1040,
    "Timestamp": "2014-02-05 13:57:44+00:00",
    "Computer": "IACIS-HDD-2014",
    "Channel": "Application",
    "Level": "Information",
    "EventData": {
      "": "<string>C:\\Windows\\Installer\\2c91c3.msi</string>\n<string>3760</string>\n<string>(NULL)</string>\n<string>(NULL)</string>\n<string>(NULL)</string>\n<string>(NULL)</string>\n<string></string>\n"
    },
    "RawXml": "<Event xmlns=\"http://schemas.microsoft.com/win/2004/08/events/event\"><System><Provider Name=\"MsiInstaller\"></Provider>\n<EventID Qualifiers=\"0\">1040</EventID>\n<Level>4</Level>\n<Task>0</Task>\n<Keywords>0x0080000000000000</Keywords>\n<TimeCreated SystemTime=\"2014-02-05 13:57:44+00:00\"></TimeCreated>\n<EventRecordID>889</EventRecordID>\n<Channel>Application</Channel>\n<Computer>IACIS-HDD-2014</Computer>\n<Security UserID=\"S-1-5-18\"></Security>\n</System>\n<EventData><Data>&lt;string&gt;C:\\Windows\\Installer\\2c91c3.msi&lt;/string&gt;\n&lt;string&gt;3760&lt;/string&gt;\n&lt;string&gt;(NULL)&lt;/string&gt;\n&lt;string&gt;(NULL)&lt;/string&gt;\n&lt;string&gt;(NULL)&lt;/string&gt;\n&lt;string&gt;(NULL)&lt;/string&gt;\n&lt;string&gt;&lt;/string&gt;\n</Data>\n<Binary></Binary>\n</EventData>\n</Event>\n"
  },
  {
    "EventID": 10000,
    "Timestamp": "2014-02-05 13:57:44.677309+00:00",
    "Computer": "IACIS-HDD-2014",
    "Channel": "Application",
    "Level": "Information",
    "EventData": {},
    "RawXml": "<Event xmlns=\"http://schemas.microsoft.com/win/2004/08/events/event\"><System><Provider Name=\"Microsoft-Windows-RestartManager\" Guid=\"{0888e5ef-9b98-4695-979d-e92ce4247224}\"></Provider>\n<EventID Qualifiers=\"\">10000</EventID>\n<Version>0</Version>\n<Level>4</Level>\n<Task>0</Task>\n<Opcode>0</Opcode>\n<Keywords>0x8000000000000000</Keywords>\n<TimeCreated SystemTime=\"2014-02-05 13:57:44.677309+00:00\"></TimeCreated>\n<EventRecordID>890</EventRecordID>\n<Correlation ActivityID=\"\" RelatedActivityID=\"\"></Correlation>\n<Execution ProcessID=\"2608\" ThreadID=\"3284\"></Execution>\n<Channel>Application</Channel>\n<Computer>IACIS-HDD-2014</Computer>\n<Security UserID=\"S-1-5-18\"></Security>\n</System>\n<UserData><RmSessionEvent xmlns:auto-ns2=\"http://schemas.microsoft.com/win/2004/08/events\" xmlns=\"http://www.microsoft.com/2005/08/Windows/Reliability/RestartManager/\"><RmSessionId>0</RmSessionId>\n<UTCStartTime>2014-02-05 13:57:44.677309+00:00</UTCStartTime>\n</RmSessionEvent>\n</UserData>\n</Event>\n"
  },
  {
    "EventID": 1001,
    "Timestamp": "2014-02-05 13:57:56.548931+00:00",
    "Computer": "IACIS-HDD-2014",
    "Channel": "Application",
    "Level": "Information",
    "EventData": {},
    "RawXml": "<Event xmlns=\"http://schemas.microsoft.com/win/2004/08/events/event\"><System><Provider Name=\"Microsoft-Windows-LoadPerf\" Guid=\"{122ee297-bb47-41ae-b265-1ca8d1886d40}\"></Provider>\n<EventID Qualifiers=\"\">1001</EventID>\n<Version>0</Version>\n<Level>4</Level>\n<Task>0</Task>\n<Opcode>0</Opcode>\n<Keywords>0x8000000000000000</Keywords>\n<TimeCreated SystemTime=\"2014-02-05 13:57:56.548931+00:00\"></TimeCreated>\n<EventRecordID>891</EventRecordID>\n<Correlation ActivityID=\"\" RelatedActivityID=\"\"></Correlation>\n<Execution ProcessID=\"496\" ThreadID=\"4068\"></Execution>\n<Channel>Application</Channel>\n<Computer>IACIS-HDD-2014</Computer>\n<Security UserID=\"S-1-5-18\"></Security>\n</System>\n<UserData><EventXML xmlns:auto-ns2=\"http://schemas.microsoft.com/win/2004/08/events\" xmlns=\"LoadPerf\"><param1>Windows Workflow Foundation 4.0.0.0</param1>\n<param2>Windows Workflow Foundation 4.0.0.0</param2>\n<binaryDataSize>12</binaryDataSize>\n<binaryData>WiYAAFsmAAA0BwAA</binaryData>\n</EventXML>\n</UserData>\n</Event>\n"
  },
  {
    "EventID": 1002,
    "Timestamp": "2014-02-05 13:58:17.998968+00:00",
    "Computer": "IACIS-HDD-2014",
    "Channel": "Application",
    "Level": "Information",
    "EventData": {},
    "RawXml": "<Event xmlns=\"http://schemas.microsoft.com/win/2004/08/events/event\"><System><Provider Name=\"Microsoft-Windows-LoadPerf\" Guid=\"{122ee297-bb47-41ae-b265-1ca8d1886d40}\"></Provider>\n<EventID Qualifiers=\"\">1002</EventID>\n<Version>0</Version>\n<Level>4</Level>\n<Task>0</Task>\n<Opcode>0</Opcode>\n<Keywords>0x8000000000000000</Keywords>\n<TimeCreated SystemTime=\"2014-02-05 13:58:17.998968+00:00\"></TimeCreated>\n<EventRecordID>892</EventRecordID>\n<Correlation ActivityID=\"\" RelatedActivityID=\"\"></Correlation>\n<Execution ProcessID=\"868\" ThreadID=\"3712\"></Execution>\n<Channel>Application</Channel>\n<Computer>IACIS-HDD-2014</Computer>\n<Security UserID=\"S-1-5-18\"></Security>\n</System>\n<UserData><EventXML xmlns:auto-ns2=\"http://schemas.microsoft.com/win/2004/08/events\" xmlns=\"LoadPerf\"><param1>.NET Memory Cache 4.0</param1>\n<param2>.NET Memory Cache 4.0</param2>\n<binaryDataSize>4</binaryDataSize>\n<binaryData>whIAAA==</binaryData>\n</EventXML>\n</UserData>\n</Event>\n"
  },
  {
    "EventID": 1002,
    "Timestamp": "2014-02-05 13:58:18.123770+00:00",
    "Computer": "IACIS-HDD-2014",
    "Channel": "Application",
    "Level": "Information",
    "EventData": {},
    "RawXml": "<Event xmlns=\"http://schemas.microsoft.com/win/2004/08/events/event\"><System><Provider Name=\"Microsoft-Windows-LoadPerf\" Guid=\"{122ee297-bb47-41ae-b265-1ca8d1886d40}\"></Provider>\n<EventID Qualifiers=\"\">1002</EventID>\n<Version>0</Version>\n<Level>4</Level>\n<Task>0</Task>\n<Opcode>0</Opcode>\n<Keywords>0x8000000000000000</Keywords>\n<TimeCreated SystemTime=\"2014-02-05 13:58:18.123770+00:00\"></TimeCreated>\n<EventRecordID>893</EventRecordID>\n<Correlation ActivityID=\"\" RelatedActivityID=\"\"></Correlation>\n<Execution ProcessID=\"3800\" ThreadID=\"1488\"></Execution>\n<Channel>Application</Channel>\n<Computer>IACIS-HDD-2014</Computer>\n<Security UserID=\"S-1-5-18\"></Security>\n</System>\n<UserData><EventXML xmlns:auto-ns2=\"http://schemas.microsoft.com/win/2004/08/events\" xmlns=\"LoadPerf\"><param1>.NET Memory Cache 4.0</param1>\n<param2>.NET Memory Cache 4.0</param2>\n<binaryDataSize>4</binaryDataSize>\n<binaryData>whIAAA==</binaryData>\n</EventXML>\n</UserData>\n</Event>\n"
  },
  {
    "EventID": 1000,
    "Timestamp": "2014-02-05 13:58:18.607368+00:00",
    "Computer": "IACIS-HDD-2014",
    "Channel": "Application",
    "Level": "Information",
    "EventData": {},
    "RawXml": "<Event xmlns=\"http://schemas.microsoft.com/win/2004/08/events/event\"><System><Provider Name=\"Microsoft-Windows-LoadPerf\" Guid=\"{122ee297-bb47-41ae-b265-1ca8d1886d40}\"></Provider>\n<EventID Qualifiers=\"\">1000</EventID>\n<Version>0</Version>\n<Level>4</Level>\n<Task>0</Task>\n<Opcode>0</Opcode>\n<Keywords>0x8000000000000000</Keywords>\n<TimeCreated SystemTime=\"2014-02-05 13:58:18.607368+00:00\"></TimeCreated>\n<EventRecordID>894</EventRecordID>\n<Correlation ActivityID=\"\" RelatedActivityID=\"\"></Correlation>\n<Execution ProcessID=\"3272\" ThreadID=\"2992\"></Execution>\n<Channel>Application</Channel>\n<Computer>IACIS-HDD-2014</Computer>\n<Security UserID=\"S-1-5-18\"></Security>\n</System>\n<UserData><EventXML xmlns:auto-ns2=\"http://schemas.microsoft.com/win/2004/08/events\" xmlns=\"LoadPerf\"><param1>Windows Workflow Foundation 4.0.0.0</param1>\n<param2>Windows Workflow Foundation 4.0.0.0</param2>\n<binaryDataSize>16</binaryDataSize>\n<binaryData>XCYAAIYmAABdJgAAhyYAAA==</binaryData>\n</EventXML>\n</UserData>\n</Event>\n"
  },
  {
    "EventID": 1002,
    "Timestamp": "2014-02-05 13:58:18.778969+00:00",
    "Computer": "IACIS-HDD-2014",
    "Channel": "Application",
    "Level": "Information",
    "EventData": {},
    "RawXml": "<Event xmlns=\"http://schemas.microsoft.com/win/2004/08/events/event\"><System><Provider Name=\"Microsoft-Windows-LoadPerf\" Guid=\"{122ee297-bb47-41ae-b265-1ca8d1886d40}\"></Provider>\n<EventID Qualifiers=\"\">1002</EventID>\n<Version>0</Version>\n<Level>4</Level>\n<Task>0</Task>\n<Opcode>0</Opcode>\n<Keywords>0x8000000000000000</Keywords>\n<TimeCreated SystemTime=\"2014-02-05 13:58:18.778969+00:00\"></TimeCreated>\n<EventRecordID>895</EventRecordID>\n<Correlation ActivityID=\"\" RelatedActivityID=\"\"></Correlation>\n<Execution ProcessID=\"3676\" ThreadID=\"3876\"></Execution>\n<Channel>Application</Channel>\n<Computer>IACIS-HDD-2014</Computer>\n<Security UserID=\"S-1-5-18\"></Security>\n</System>\n<UserData><EventXML xmlns:auto-ns2=\"http://schemas.microsoft.com/win/2004/08/events\" xmlns=\"LoadPerf\"><param1>Windows Workflow Foundation 4.0.0.0</param1>\n<param2>Windows Workflow Foundation 4.0.0.0</param2>\n<binaryDataSize>4</binaryDataSize>\n<binaryData>whIAAA==</binaryData>\n</EventXML>\n</UserData>\n</Event>\n"
  },
  {
    "EventID": 1017,
    "Timestamp": "2014-02-05 13:58:35+00:00",
    "Computer": "IACIS-HDD-2014",
    "Channel": "Application",
    "Level": "Information",
    "EventData": {
      "": "<string>4.0.30319.0</string>\n<string>0x00000404</string>\n"
    },
    "RawXml": "<Event xmlns=\"http://schemas.microsoft.com/win/2004/08/events/event\"><System><Provider Name=\"ASP.NET 4.0.30319.0\"></Provider>\n<EventID Qualifiers=\"16384\">1017</EventID>\n<Level>4</Level>\n<Task>1</Task>\n<Keywords>0x0080000000000000</Keywords>\n<TimeCreated SystemTime=\"2014-02-05 13:58:35+00:00\"></TimeCreated>\n<EventRecordID>896</EventRecordID>\n<Channel>Application</Channel>\n<Computer>IACIS-HDD-2014</Computer>\n<Security UserID=\"\"></Security>\n</System>\n<EventData><Data>&lt;string&gt;4.0.30319.0&lt;/string&gt;\n&lt;string&gt;0x00000404&lt;/string&gt;\n</Data>\n<Binary></Binary>\n</EventData>\n</Event>\n"
  },
  {
    "EventID": 1001,
    "Timestamp": "2014-02-05 13:58:36.094999+00:00",
    "Computer": "IACIS-HDD-2014",
    "Channel": "Application",
    "Level": "Information",
    "EventData": {},
    "RawXml": "<Event xmlns=\"http://schemas.microsoft.com/win/2004/08/events/event\"><System><Provider Name=\"Microsoft-Windows-LoadPerf\" Guid=\"{122ee297-bb47-41ae-b265-1ca8d1886d40}\"></Provider>\n<EventID Qualifiers=\"\">1001</EventID>\n<Version>0</Version>\n<Level>4</Level>\n<Task>0</Task>\n<Opcode>0</Opcode>\n<Keywords>0x8000000000000000</Keywords>\n<TimeCreated SystemTime=\"2014-02-05 13:58:36.094999+00:00\"></TimeCreated>\n<EventRecordID>897</EventRecordID>\n<Correlation ActivityID=\"\" RelatedActivityID=\"\"></Correlation>\n<Execution ProcessID=\"1436\" ThreadID=\"3832\"></Execution>\n<Channel>Application</Channel>\n<Computer>IACIS-HDD-2014</Computer>\n<Security UserID=\"S-1-5-18\"></Security>\n</System>\n<UserData><EventXML xmlns:auto-ns2=\"http://schemas.microsoft.com/win/2004/08/events\" xmlns=\"LoadPerf\"><param1>ASP.NET_4.0.30319</param1>\n<param2>ASP.NET_4.0.30319</param2>\n<binaryDataSize>12</binaryDataSize>\n<binaryData>hiYAAIcmAAA0BwAA</binaryData>\n</EventXML>\n</UserData>\n</Event>\n"
  },
  {
    "EventID": 1001,
    "Timestamp": "2014-02-05 13:58:38.185404+00:00",
    "Computer": "IACIS-HDD-2014",
    "Channel": "Application",
    "Level": "Information",
    "EventData": {},
    "RawXml": "<Event xmlns=\"http://schemas.microsoft.com/win/2004/08/events/event\"><System><Provider Name=\"Microsoft-Windows-LoadPerf\" Guid=\"{122ee297-bb47-41ae-b265-1ca8d1886d40}\"></Provider>\n<EventID Qualifiers=\"\">1001</EventID>\n<Version>0</Version>\n<Level>4</Level>\n<Task>0</Task>\n<Opcode>0</Opcode>\n<Keywords>0x8000000000000000</Keywords>\n<TimeCreated SystemTime=\"2014-02-05 13:58:38.185404+00:00\"></TimeCreated>\n<EventRecordID>898</EventRecordID>\n<Correlation ActivityID=\"\" RelatedActivityID=\"\"></Correlation>\n<Execution ProcessID=\"1436\" ThreadID=\"3832\"></Execution>\n<Channel>Application</Channel>\n<Computer>IACIS-HDD-2014</Computer>\n<Security UserID=\"S-1-5-18\"></Security>\n</System>\n<UserData><EventXML xmlns:auto-ns2=\"http://schemas.microsoft.com/win/2004/08/events\" xmlns=\"LoadPerf\"><param1>aspnet_state</param1>\n<param2>ASP.NET State Service</param2>\n<binaryDataSize>12</binaryDataSize>\n<binaryData>hiYAAIcmAAA0BwAA</binaryData>\n</EventXML>\n</UserData>\n</Event>\n"
  },
  {
    "EventID": 1000,
    "Timestamp": "2014-02-05 13:58:38.357004+00:00",
    "Computer": "IACIS-HDD-2014",
    "Channel": "Application",
    "Level": "Information",
    "EventData": {},
    "RawXml": "<Event xmlns=\"http://schemas.microsoft.com/win/2004/08/events/event\"><System><Provider Name=\"Microsoft-Windows-LoadPerf\" Guid=\"{122ee297-bb47-41ae-b265-1ca8d1886d40}\"></Provider>\n<EventID Qualifiers=\"\">1000</EventID>\n<Version>0</Version>\n<Level>4</Level>\n<Task>0</Task>\n<Opcode>0</Opcode>\n<Keywords>0x8000000000000000</Keywords>\n<TimeCreated SystemTime=\"2014-02-05 13:58:38.357004+00:00\"></TimeCreated>\n<EventRecordID>899</EventRecordID>\n<Correlation ActivityID=\"\" RelatedActivityID=\"\"></Correlation>\n<Execution ProcessID=\"1436\" ThreadID=\"3832\"></Execution>\n<Channel>Application</Channel>\n<Computer>IACIS-HDD-2014</Computer>\n<Security UserID=\"S-1-5-18\"></Security>\n</System>\n<UserData><EventXML xmlns:auto-ns2=\"http://schemas.microsoft.com/win/2004/08/events\" xmlns=\"LoadPerf\"><param1>aspnet_state</param1>\n<param2>ASP.NET State Service</param2>\n<binaryDataSize>16</binaryDataSize>\n<binaryData>iCYAAGInAACJJgAAYycAAA==</binaryData>\n</EventXML>\n</UserData>\n</Event>\n"
  },
  {
    "EventID": 1000,
    "Timestamp": "2014-02-05 13:58:43.863813+00:00",
    "Computer": "IACIS-HDD-2014",
    "Channel": "Application",
    "Level": "Information",
    "EventData": {},
    "RawXml": "<Event xmlns=\"http://schemas.microsoft.com/win/2004/08/events/event\"><System><Provider Name=\"Microsoft-Windows-LoadPerf\" Guid=\"{122ee297-bb47-41ae-b265-1ca8d1886d40}\"></Provider>\n<EventID Qualifiers=\"\">1000</EventID>\n<Version>0</Version>\n<Level>4</Level>\n<Task>0</Task>\n<Opcode>0</Opcode>\n<Keywords>0x8000000000000000</Keywords>\n<TimeCreated SystemTime=\"2014-02-05 13:58:43.863813+00:00\"></TimeCreated>\n<EventRecordID>900</EventRecordID>\n<Correlation ActivityID=\"\" RelatedActivityID=\"\"></Correlation>\n<Execution ProcessID=\"1436\" ThreadID=\"3832\"></Execution>\n<Channel>Application</Channel>\n<Computer>IACIS-HDD-2014</Computer>\n<Security UserID=\"S-1-5-18\"></Security>\n</System>\n<UserData><EventXML xmlns:auto-ns2=\"http://schemas.microsoft.com/win/2004/08/events\" xmlns=\"LoadPerf\"><param1>ASP.NET_4.0.30319</param1>\n<param2>ASP.NET_4.0.30319</param2>\n<binaryDataSize>16</binaryDataSize>\n<binaryData>ZCcAADYoAABlJwAANygAAA==</binaryData>\n</EventXML>\n</UserData>\n</Event>\n"
  },
  {
    "EventID": 1001,
    "Timestamp": "2014-02-05 13:58:43.973013+00:00",
    "Computer": "IACIS-HDD-2014",
    "Channel": "Application",
    "Level": "Information",
    "EventData": {},
    "RawXml": "<Event xmlns=\"http://schemas.microsoft.com/win/2004/08/events/event\"><System><Provider Name=\"Microsoft-Windows-LoadPerf\" Guid=\"{122ee297-bb47-41ae-b265-1ca8d1886d40}\"></Provider>\n<EventID Qualifiers=\"\">1001</EventID>\n<Version>0</Version>\n<Level>4</Level>\n<Task>0</Task>\n<Opcode>0</Opcode>\n<Keywords>0x8000000000000000</Keywords>\n<TimeCreated SystemTime=\"2014-02-05 13:58:43.973013+00:00\"></TimeCreated>\n<EventRecordID>901</EventRecordID>\n<Correlation ActivityID=\"\" RelatedActivityID=\"\"></Correlation>\n<Execution ProcessID=\"1436\" ThreadID=\"3832\"></Execution>\n<Channel>Application</Channel>\n<Computer>IACIS-HDD-2014</Computer>\n<Security UserID=\"S-1-5-18\"></Security>\n</System>\n<UserData><EventXML xmlns:auto-ns2=\"http://schemas.microsoft.com/win/2004/08/events\" xmlns=\"LoadPerf\"><param1>ASP.NET</param1>\n<param2>ASP.NET</param2>\n<binaryDataSize>12</binaryDataSize>\n<binaryData>NigAADcoAAA0BwAA</binaryData>\n</EventXML>\n</UserData>\n</Event>\n"
  },
  {
    "EventID": 1020,
    "Timestamp": "2014-02-05 13:58:49+00:00",
    "Computer": "IACIS-HDD-2014",
    "Channel": "Application",
    "Level": "Warning",
    "EventData": {
      "": ""
    },
    "RawXml": "<Event xmlns=\"http://schemas.microsoft.com/win/2004/08/events/event\"><System><Provider Name=\"ASP.NET 4.0.30319.0\"></Provider>\n<EventID Qualifiers=\"32768\">1020</EventID>\n<Level>3</Level>\n<Task>1</Task>\n<Keywords>0x0080000000000000</Keywords>\n<TimeCreated SystemTime=\"2014-02-05 13:58:49+00:00\"></TimeCreated>\n<EventRecordID>902</EventRecordID>\n<Channel>Application</Channel>\n<Computer>IACIS-HDD-2014</Computer>\n<Security UserID=\"\"></Security>\n</System>\n<EventData><Data></Data>\n<Binary></Binary>\n</EventData>\n</Event>\n"
  },
  {
    "EventID": 1019,
    "Timestamp": "2014-02-05 13:58:49+00:00",
    "Computer": "IACIS-HDD-2014",
    "Channel": "Application",
    "Level": "Information",
    "EventData": {
      "": "<string>4.0.30319.0</string>\n<string>C:\\Windows\\TEMP\\ASPNETSetup_00002.log</string>\n"
    },
    "RawXml": "<Event xmlns=\"http://schemas.microsoft.com/win/2004/08/events/event\"><System><Provider Name=\"ASP.NET 4.0.30319.0\"></Provider>\n<EventID Qualifiers=\"16384\">1019</EventID>\n<Level>4</Level>\n<Task>1</Task>\n<Keywords>0x0080000000000000</Keywords>\n<TimeCreated SystemTime=\"2014-02-05 13:58:49+00:00\"></TimeCreated>\n<EventRecordID>903</EventRecordID>\n<Channel>Application</Channel>\n<Computer>IACIS-HDD-2014</Computer>\n<Security UserID=\"\"></Security>\n</System>\n<EventData><Data>&lt;string&gt;4.0.30319.0&lt;/string&gt;\n&lt;string&gt;C:\\Windows\\TEMP\\ASPNETSetup_00002.log&lt;/string&gt;\n</Data>\n<Binary></Binary>\n</EventData>\n</Event>\n"
  },
  {
    "EventID": 1000,
    "Timestamp": "2014-02-05 13:58:48.902622+00:00",
    "Computer": "IACIS-HDD-2014",
    "Channel": "Application",
    "Level": "Information",
    "EventData": {},
    "RawXml": "<Event xmlns=\"http://schemas.microsoft.com/win/2004/08/events/event\"><System><Provider Name=\"Microsoft-Windows-LoadPerf\" Guid=\"{122ee297-bb47-41ae-b265-1ca8d1886d40}\"></Provider>\n<EventID Qualifiers=\"\">1000</EventID>\n<Version>0</Version>\n<Level>4</Level>\n<Task>0</Task>\n<Opcode>0</Opcode>\n<Keywords>0x8000000000000000</Keywords>\n<TimeCreated SystemTime=\"2014-02-05 13:58:48.902622+00:00\"></TimeCreated>\n<EventRecordID>904</EventRecordID>\n<Correlation ActivityID=\"\" RelatedActivityID=\"\"></Correlation>\n<Execution ProcessID=\"1436\" ThreadID=\"3832\"></Execution>\n<Channel>Application</Channel>\n<Computer>IACIS-HDD-2014</Computer>\n<Security UserID=\"S-1-5-18\"></Security>\n</System>\n<UserData><EventXML xmlns:auto-ns2=\"http://schemas.microsoft.com/win/2004/08/events\" xmlns=\"LoadPerf\"><param1>ASP.NET</param1>\n<param2>ASP.NET</param2>\n<binaryDataSize>16</binaryDataSize>\n<binaryData>OCgAAAopAAA5KAAACykAAA==</binaryData>\n</EventXML>\n</UserData>\n</Event>\n"
  },
  {
    "EventID": 1017,
    "Timestamp": "2014-02-05 13:58:50+00:00",
    "Computer": "IACIS-HDD-2014",
    "Channel": "Application",
    "Level": "Information",
    "EventData": {
      "": "<string>4.0.30319.0</string>\n<string>0x00000404</string>\n"
    },
    "RawXml": "<Event xmlns=\"http://schemas.microsoft.com/win/2004/08/events/event\"><System><Provider Name=\"ASP.NET 4.0.30319.0\"></Provider>\n<EventID Qualifiers=\"16384\">1017</EventID>\n<Level>4</Level>\n<Task>1</Task>\n<Keywords>0x0080000000000000</Keywords>\n<TimeCreated SystemTime=\"2014-02-05 13:58:50+00:00\"></TimeCreated>\n<EventRecordID>905</EventRecordID>\n<Channel>Application</Channel>\n<Computer>IACIS-HDD-2014</Computer>\n<Security UserID=\"\"></Security>\n</System>\n<EventData><Data>&lt;string&gt;4.0.30319.0&lt;/string&gt;\n&lt;string&gt;0x00000404&lt;/string&gt;\n</Data>\n<Binary></Binary>\n</EventData>\n</Event>\n"
  },
  {
    "EventID": 1001,
    "Timestamp": "2014-02-05 13:58:51.149027+00:00",
    "Computer": "IACIS-HDD-2014",
    "Channel": "Application",
    "Level": "Information",
    "EventData": {},
    "RawXml": "<Event xmlns=\"http://schemas.microsoft.com/win/2004/08/events/event\"><System><Provider Name=\"Microsoft-Windows-LoadPerf\" Guid=\"{122ee297-bb47-41ae-b265-1ca8d1886d40}\"></Provider>\n<EventID Qualifiers=\"\">1001</EventID>\n<Version>0</Version>\n<Level>4</Level>\n<Task>0</Task>\n<Opcode>0</Opcode>\n<Keywords>0x8000000000000000</Keywords>\n<TimeCreated SystemTime=\"2014-02-05 13:58:51.149027+00:00\"></TimeCreated>\n<EventRecordID>906</EventRecordID>\n<Correlation ActivityID=\"\" RelatedActivityID=\"\"></Correlation>\n<Execution ProcessID=\"176\" ThreadID=\"3112\"></Execution>\n<Channel>Application</Channel>\n<Computer>IACIS-HDD-2014</Computer>\n<Security UserID=\"S-1-5-18\"></Security>\n</System>\n<UserData><EventXML xmlns:auto-ns2=\"http://schemas.microsoft.com/win/2004/08/events\" xmlns=\"LoadPerf\"><param1>ASP.NET_4.0.30319</param1>\n<param2>ASP.NET_4.0.30319</param2>\n<binaryDataSize>12</binaryDataSize>\n<binaryData>CikAAAspAAA0BwAA</binaryData>\n</EventXML>\n</UserData>\n</Event>\n"
  },
  {
    "EventID": 1000,
    "Timestamp": "2014-02-05 13:58:59.042639+00:00",
    "Computer": "IACIS-HDD-2014",
    "Channel": "Application",
    "Level": "Information",
    "EventData": {},
    "RawXml": "<Event xmlns=\"http://schemas.microsoft.com/win/2004/08/events/event\"><System><Provider Name=\"Microsoft-Windows-LoadPerf\" Guid=\"{122ee297-bb47-41ae-b265-1ca8d1886d40}\"></Provider>\n<EventID Qualifiers=\"\">1000</EventID>\n<Version>0</Version>\n<Level>4</Level>\n<Task>0</Task>\n<Opcode>0</Opcode>\n<Keywords>0x8000000000000000</Keywords>\n<TimeCreated SystemTime=\"2014-02-05 13:58:59.042639+00:00\"></TimeCreated>\n<EventRecordID>907</EventRecordID>\n<Correlation ActivityID=\"\" RelatedActivityID=\"\"></Correlation>\n<Execution ProcessID=\"176\" ThreadID=\"3112\"></Execution>\n<Channel>Application</Channel>\n<Computer>IACIS-HDD-2014</Computer>\n<Security UserID=\"S-1-5-18\"></Security>\n</System>\n<UserData><EventXML xmlns:auto-ns2=\"http://schemas.microsoft.com/win/2004/08/events\" xmlns=\"LoadPerf\"><param1>ASP.NET_4.0.30319</param1>\n<param2>ASP.NET_4.0.30319</param2>\n<binaryDataSize>16</binaryDataSize>\n<binaryData>DCkAAN4pAAANKQAA3ykAAA==</binaryData>\n</EventXML>\n</UserData>\n</Event>\n"
  },
