  {
    "EventID": 1531,
    "Timestamp": "2014-01-29 12:27:53.435236+00:00",
    "Computer": "IACIS-HDD-2014",
    "Channel": "Application",
    "Level": "Information",
    "EventData": {},
    "RawXml": "<Event xmlns=\"http://schemas.microsoft.com/win/2004/08/events/event\"><System><Provider Name=\"Microsoft-Windows-User Profiles Service\" Guid=\"{89b1e9f0-5aff-44a6-9b44-0a07a7ce5845}\"></Provider>\n<EventID Qualifiers=\"\">1531</EventID>\n<Version>0</Version>\n<Level>4</Level>\n<Task>0</Task>\n<Opcode>0</Opcode>\n<Keywords>0x8000000000000000</Keywords>\n<TimeCreated SystemTime=\"2014-01-29 12:27:53.435236+00:00\"></TimeCreated>\n<EventRecordID>528</EventRecordID>\n<Correlation ActivityID=\"\" RelatedActivityID=\"\"></Correlation>\n<Execution ProcessID=\"972\" ThreadID=\"368\"></Execution>\n<Channel>Application</Channel>\n<Computer>IACIS-HDD-2014</Computer>\n<Security UserID=\"S-1-5-18\"></Security>\n</System>\n<EventData></EventData>\n</Event>\n"
  },
  {
    "EventID": 5615,
    "Timestamp": "2014-01-29 12:27:57+00:00",
    "Computer": "IACIS-HDD-2014",
    "Channel": "Application",
    "Level": "LogAlways",
    "EventData": {
      "": ""
    },
    "RawXml": "<Event xmlns=\"http://schemas.microsoft.com/win/2004/08/events/event\"><System><Provider Name=\"Microsoft-Windows-WMI\" Guid=\"{1edeee53-0afe-4609-b846-d8c0b2075b1f}\" EventSourceName=\"WinMgmt\"></Provider>\n<EventID Qualifiers=\"49152\">5615</EventID>\n<Version>0</Version>\n<Level>0</Level>\n<Task>0</Task>\n<Opcode>0</Opcode>\n<Keywords>0x0080000000000000</Keywords>\n<TimeCreated SystemTime=\"2014-01-29 12:27:57+00:00\"></TimeCreated>\n<EventRecordID>529</EventRecordID>\n<Correlation ActivityID=\"\" RelatedActivityID=\"\"></Correlation>\n<Execution ProcessID=\"0\" ThreadID=\"0\"></Execution>\n<Channel>Application</Channel>\n<Computer>IACIS-HDD-2014</Computer>\n<Security UserID=\"\"></Security>\n</System>\n<EventData><Data></Data>\n<Binary></Binary>\n</EventData>\n</Event>\n"
  },
  {
    "EventID": 5617,
    "Timestamp": "2014-01-29 12:27:58+00:00",
    "Computer": "IACIS-HDD-2014",
    "Channel": "Application",
    "Level": "LogAlways",
    "EventData": {
      "": ""
    },
    "RawXml": "<Event xmlns=\"http://schemas.microsoft.com/win/2004/08/events/event\"><System><Provider Name=\"Microsoft-Windows-WMI\" Guid=\"{1edeee53-0afe-4609-b846-d8c0b2075b1f}\" EventSourceName=\"WinMgmt\"></Provider>\n<EventID Qualifiers=\"49152\">5617</EventID>\n<Version>0</Version>\n<Level>0</Level>\n<Task>0</Task>\n<Opcode>0</Opcode>\n<Keywords>0x0080000000000000</Keywords>\n<TimeCreated SystemTime=\"2014-01-29 12:27:58+00:00\"></TimeCreated>\n<EventRecordID>530</EventRecordID>\n<Correlation ActivityID=\"\" RelatedActivityID=\"\"></Correlation>\n<Execution ProcessID=\"0\" ThreadID=\"0\"></Execution>\n<Channel>Application</Channel>\n<Computer>IACIS-HDD-2014</Computer>\n<Security UserID=\"\"></Security>\n</System>\n<EventData><Data></Data>\n<Binary></Binary>\n</EventData>\n</Event>\n"
  },
  {
    "EventID": 10,
    "Timestamp": "2014-01-29 12:29:31+00:00",
    "Computer": "IACIS-HDD-2014",
    "Channel": "Application",
    "Level": "Error",
    "EventData": {
      "": "<string>//./root/CIMV2</string>\n<string>SELECT * FROM __InstanceModificationEvent WITHIN 60 WHERE TargetInstance ISA \"Win32_Processor\" AND TargetInstance.LoadPercentage > 99</string>\n<string>0x80041003</string>\n"
    },
    "RawXml": "<Event xmlns=\"http://schemas.microsoft.com/win/2004/08/events/event\"><System><Provider Name=\"Microsoft-Windows-WMI\" Guid=\"{1edeee53-0afe-4609-b846-d8c0b2075b1f}\" EventSourceName=\"WinMgmt\"></Provider>\n<EventID Qualifiers=\"49152\">10</EventID>\n<Version>0</Version>\n<Level>2</Level>\n<Task>0</Task>\n<Opcode>0</Opcode>\n<Keywords>0x0080000000000000</Keywords>\n<TimeCreated SystemTime=\"2014-01-29 12:29:31+00:00\"></TimeCreated>\n<EventRecordID>531</EventRecordID>\n<Correlation ActivityID=\"\" RelatedActivityID=\"\"></Correlation>\n<Execution ProcessID=\"0\" ThreadID=\"0\"></Execution>\n<Channel>Application</Channel>\n<Computer>IACIS-HDD-2014</Computer>\n<Security UserID=\"\"></Security>\n</System>\n<EventData><Data>&lt;string&gt;//./root/CIMV2&lt;/string&gt;\n&lt;string&gt;SELECT * FROM __InstanceModificationEvent WITHIN 60 WHERE TargetInstance ISA \"Win32_Processor\" AND TargetInstance.LoadPercentage &gt; 99&lt;/string&gt;\n&lt;string&gt;0x80041003&lt;/string&gt;\n</Data>\n<Binary></Binary>\n</EventData>\n</Event>\n"
  },
  {
    "EventID": 900,
    "Timestamp": "2014-01-29 12:29:58+00:00",
    "Computer": "IACIS-HDD-2014",
    "Channel": "Application",
    "Level": "Information",
    "EventData": {
      "": ""
    },
    "RawXml": "<Event xmlns=\"http://schemas.microsoft.com/win/2004/08/events/event\"><System><Provider Name=\"Microsoft-Windows-Security-SPP\" Guid=\"{E23B33B0-C8C9-472C-A5F9-F2BDFEA0F156}\" EventSourceName=\"Software Protection Platform Service\"></Provider>\n<EventID Qualifiers=\"16384\">900</EventID>\n<Version>0</Version>\n<Level>4</Level>\n<Task>0</Task>\n<Opcode>0</Opcode>\n<Keywords>0x0080000000000000</Keywords>\n<TimeCreated SystemTime=\"2014-01-29 12:29:58+00:00\"></TimeCreated>\n<EventRecordID>532</EventRecordID>\n<Correlation ActivityID=\"\" RelatedActivityID=\"\"></Correlation>\n<Execution ProcessID=\"0\" ThreadID=\"0\"></Execution>\n<Channel>Application</Channel>\n<Computer>IACIS-HDD-2014</Computer>\n<Security UserID=\"\"></Security>\n</System>\n<EventData><Data></Data>\n<Binary></Binary>\n</EventData>\n</Event>\n"
  },
  {
    "EventID": 1,
    "Timestamp": "2014-01-29 12:30:01+00:00",
    "Computer": "IACIS-HDD-2014",
    "Channel": "Application",
    "Level": "Information",
    "EventData": {
      "": ""
    },
    "RawXml": "<Event xmlns=\"http://schemas.microsoft.com/win/2004/08/events/event\"><System><Provider Name=\"SecurityCenter\"></Provider>\n<EventID Qualifiers=\"0\">1</EventID>\n<Level>4</Level>\n<Task>0</Task>\n<Keywords>0x0080000000000000</Keywords>\n<TimeCreated SystemTime=\"2014-01-29 12:30:01+00:00\"></TimeCreated>\n<EventRecordID>533</EventRecordID>\n<Channel>Application</Channel>\n<Computer>IACIS-HDD-2014</Computer>\n<Security UserID=\"\"></Security>\n</System>\n<EventData><Data></Data>\n<Binary></Binary>\n</EventData>\n</Event>\n"
  },
  {
    "EventID": 102,
    "Timestamp": "2014-01-29 12:30:06+00:00",
    "Computer": "IACIS-HDD-2014",
    "Channel": "Application",
    "Level": "Information",
    "EventData": {
      "": "<string>Windows</string>\n<string>1772</string>\n<string>Windows: </string>\n<string>0</string>\n<string>6</string>\n<string>01</string>\n<string>7601</string>\n<string>0000</string>\n"
    },
    "RawXml": "<Event xmlns=\"http://schemas.microsoft.com/win/2004/08/events/event\"><System><Provider Name=\"ESENT\"></Provider>\n<EventID Qualifiers=\"0\">102</EventID>\n<Level>4</Level>\n<Task>1</Task>\n<Keywords>0x0080000000000000</Keywords>\n<TimeCreated SystemTime=\"2014-01-29 12:30:06+00:00\"></TimeCreated>\n<EventRecordID>534</EventRecordID>\n<Channel>Application</Channel>\n<Computer>IACIS-HDD-2014</Computer>\n<Security UserID=\"\"></Security>\n</System>\n<EventData><Data>&lt;string&gt;Windows&lt;/string&gt;\n&lt;string&gt;1772&lt;/string&gt;\n&lt;string&gt;Windows: &lt;/string&gt;\n&lt;string&gt;0&lt;/string&gt;\n&lt;string&gt;6&lt;/string&gt;\n&lt;string&gt;01&lt;/string&gt;\n&lt;string&gt;7601&lt;/string&gt;\n&lt;string&gt;0000&lt;/string&gt;\n</Data>\n<Binary></Binary>\n</EventData>\n</Event>\n"
  },
  {
    "EventID": 300,
    "Timestamp": "2014-01-29 12:30:06+00:00",
    "Computer": "IACIS-HDD-2014",
    "Channel": "Application",
    "Level": "Information",
    "EventData": {
      "": "<string>Windows</string>\n<string>1772</string>\n<string>Windows: </string>\n"
    },
    "RawXml": "<Event xmlns=\"http://schemas.microsoft.com/win/2004/08/events/event\"><System><Provider Name=\"ESENT\"></Provider>\n<EventID Qualifiers=\"0\">300</EventID>\n<Level>4</Level>\n<Task>3</Task>\n<Keywords>0x0080000000000000</Keywords>\n<TimeCreated SystemTime=\"2014-01-29 12:30:06+00:00\"></TimeCreated>\n<EventRecordID>535</EventRecordID>\n<Channel>Application</Channel>\n<Computer>IACIS-HDD-2014</Computer>\n<Security UserID=\"\"></Security>\n</System>\n<EventData><Data>&lt;string&gt;Windows&lt;/string&gt;\n&lt;string&gt;1772&lt;/string&gt;\n&lt;string&gt;Windows: &lt;/string&gt;\n</Data>\n<Binary></Binary>\n</EventData>\n</Event>\n"
  },
  {
    "EventID": 301,
    "Timestamp": "2014-01-29 12:30:06+00:00",
    "Computer": "IACIS-HDD-2014",
    "Channel": "Application",
    "Level": "Information",
    "EventData": {
      "": "<string>Windows</string>\n<string>1772</string>\n<string>Windows: </string>\n<string>C:\\ProgramData\\Microsoft\\Search\\Data\\Applications\\Windows\\MSS00009.log</string>\n"
    },
    "RawXml": "<Event xmlns=\"http://schemas.microsoft.com/win/2004/08/events/event\"><System><Provider Name=\"ESENT\"></Provider>\n<EventID Qualifiers=\"0\">301</EventID>\n<Level>4</Level>\n<Task>3</Task>\n<Keywords>0x0080000000000000</Keywords>\n<TimeCreated SystemTime=\"2014-01-29 12:30:06+00:00\"></TimeCreated>\n<EventRecordID>536</EventRecordID>\n<Channel>Application</Channel>\n<Computer>IACIS-HDD-2014</Computer>\n<Security UserID=\"\"></Security>\n</System>\n<EventData><Data>&lt;string&gt;Windows&lt;/string&gt;\n&lt;string&gt;1772&lt;/string&gt;\n&lt;string&gt;Windows: &lt;/string&gt;\n&lt;string&gt;C:\\ProgramData\\Microsoft\\Search\\Data\\Applications\\Windows\\MSS00009.log&lt;/string&gt;\n</Data>\n<Binary></Binary>\n</EventData>\n</Event>\n"
  },
  {
    "EventID": 1066,
    "Timestamp": "2014-01-29 12:30:06+00:00",
    "Computer": "IACIS-HDD-2014",
    "Channel": "Application",
    "Level": "Information",
    "EventData": {
      "": "<string>C:\\Windows\\system32\\sppwinob.dll, msft:spp/windowsfunctionality/agent/7.0, 0x00000000, 0x00000000\nC:\\Windows\\system32\\sppobjs.dll, msft:rm/algorithm/phone/1.0, 0x00000000, 0x00000000\nC:\\Windows\\system32\\sppobjs.dll, msft:rm/algorithm/pkey/2005, 0x00000000, 0x00000000\nC:\\Windows\\system32\\sppobjs.dll, msft:spp/TaskScheduler/1.0, 0x00000000, 0x00000000\nC:\\Windows\\system32\\sppobjs.dll, msft:spp/volume/services/kms/1.0, 0x00000000, 0x00000000\nC:\\Windows\\system32\\sppobjs.dll, msft:spp/volume/services/kms/licenserenewal/1.0, 0x00000000, 0x00000000\n</string>\n"
    },
    "RawXml": "<Event xmlns=\"http://schemas.microsoft.com/win/2004/08/events/event\"><System><Provider Name=\"Microsoft-Windows-Security-SPP\" Guid=\"{E23B33B0-C8C9-472C-A5F9-F2BDFEA0F156}\" EventSourceName=\"Software Protection Platform Service\"></Provider>\n<EventID Qualifiers=\"16384\">1066</EventID>\n<Version>0</Version>\n<Level>4</Level>\n<Task>0</Task>\n<Opcode>0</Opcode>\n<Keywords>0x0080000000000000</Keywords>\n<TimeCreated SystemTime=\"2014-01-29 12:30:06+00:00\"></TimeCreated>\n<EventRecordID>537</EventRecordID>\n<Correlation ActivityID=\"\" RelatedActivityID=\"\"></Correlation>\n<Execution ProcessID=\"0\" ThreadID=\"0\"></Execution>\n<Channel>Application</Channel>\n<Computer>IACIS-HDD-2014</Computer>\n<Security UserID=\"\"></Security>\n</System>\n<EventData><Data>&lt;string&gt;C:\\Windows\\system32\\sppwinob.dll, msft:spp/windowsfunctionality/agent/7.0, 0x00000000, 0x00000000\nC:\\Windows\\system32\\sppobjs.dll, msft:rm/algorithm/phone/1.0, 0x00000000, 0x00000000\nC:\\Windows\\system32\\sppobjs.dll, msft:rm/algorithm/pkey/2005, 0x00000000, 0x00000000\nC:\\Windows\\system32\\sppobjs.dll, msft:spp/TaskScheduler/1.0, 0x00000000, 0x00000000\nC:\\Windows\\system32\\sppobjs.dll, msft:spp/volume/services/kms/1.0, 0x00000000, 0x00000000\nC:\\Windows\\system32\\sppobjs.dll, msft:spp/volume/services/kms/licenserenewal/1.0, 0x00000000, 0x00000000\n&lt;/string&gt;\n</Data>\n<Binary></Binary>\n</EventData>\n</Event>\n"
  },
  {
    "EventID": 301,
    "Timestamp": "2014-01-29 12:30:06+00:00",
    "Computer": "IACIS-HDD-2014",
    "Channel": "Application",
    "Level": "Information",
    "EventData": {
      "": "<string>Windows</string>\n<string>1772</string>\n<string>Windows: </string>\n<string>C:\\ProgramData\\Microsoft\\Search\\Data\\Applications\\Windows\\MSS.log</string>\n"
    },
    "RawXml": "<Event xmlns=\"http://schemas.microsoft.com/win/2004/08/events/event\"><System><Provider Name=\"ESENT\"></Provider>\n<EventID Qualifiers=\"0\">301</EventID>\n<Level>4</Level>\n<Task>3</Task>\n<Keywords>0x0080000000000000</Keywords>\n<TimeCreated SystemTime=\"2014-01-29 12:30:06+00:00\"></TimeCreated>\n<EventRecordID>538</EventRecordID>\n<Channel>Application</Channel>\n<Computer>IACIS-HDD-2014</Computer>\n<Security UserID=\"\"></Security>\n</System>\n<EventData><Data>&lt;string&gt;Windows&lt;/string&gt;\n&lt;string&gt;1772&lt;/string&gt;\n&lt;string&gt;Windows: &lt;/string&gt;\n&lt;string&gt;C:\\ProgramData\\Microsoft\\Search\\Data\\Applications\\Windows\\MSS.log&lt;/string&gt;\n</Data>\n<Binary></Binary>\n</EventData>\n</Event>\n"
  },
  {
    "EventID": 1003,
    "Timestamp": "2014-01-29 12:30:06+00:00",
    "Computer": "IACIS-HDD-2014",
    "Channel": "Application",
    "Level": "Information",
    "EventData": {
      "": "<string>55c92734-d682-4d71-983e-d6ec3f16059f</string>\n<string>\n1: 022a1afb-b893-4190-92c3-8f69a49839fb, 1, 0 [(0 [0xC004F014, 0, 0], [(?)(?)(?)(?)(?)(?)])(1 )(2 )]\n2: 436cef53-8387-4692-bb4a-9492cd82260e, 1, 0 [(0 [0xC004F014, 0, 0], [(?)(?)(?)(?)(?)(?)])(1 )(2 )]\n3: 57a232fe-0931-48fe-9389-e4586967c661, 1, 0 [(0 [0xC004F014, 0, 0], [(?)(?)(?)(?)(?)(?)])(1 )(2 )]\n4: 7cfd4696-69a9-4af7-af36-ff3d12b6b6c8, 1, 0 [(0 [0xC004F014, 0, 0], [(?)(?)(?)(?)(?)(?)])(1 )(2 )]\n5: 8ec16e01-e86f-415f-b333-1819f4145294, 1, 0 [(0 [0xC004F014, 0, 0], [(?)(?)(?)(?)(?)(?)])(1 )(2 )]\n6: a0cde89c-3304-4157-b61c-c8ad785d1fad, 1, 0 [(0 [0xC004F014, 0, 0], [(?)(?)(?)(?)(?)(?)])(1 )(2 )]\n7: ac96e1a8-6cc4-4310-a4ff-332ce77fb5b8, 1, 1 [(0 )(1 )(2 [0x00000000, 0, 1], [(?)( 5 0x00000000 30 36960)( 1 0x00000000 0 0 msft:rm/algorithm/flags/1.0 0x00000000 0)(?)(?)(?)])]\n8: b2c4b9f6-3ee6-4a2a-a361-64ad3b61ded5, 1, 0 [(0 [0xC004F014, 0, 0], [(?)(?)(?)(?)(?)(?)])(1 )(2 )]\n9: bba42084-cacd-4ad4-b606-9f3d6c93b2c5, 1, 0 [(0 [0xC004F014, 0, 0], [(?)(?)(?)(?)(?)(?)])(1 )(2 )]\n10: c619d61c-c2f2-40c3-ab3f-c5924314b0f3, 1, 0 [(0 [0xC004F014, 0, 0], [(?)(?)(?)(?)(?)(?)])(1 )(2 )]\n11: cfb3e52c-d707-4861-af51-11b27ee6169c, 1, 0 [(0 [0xC004F014, 0, 0], [(?)(?)(?)(?)(?)(?)])(1 )(2 )]\n12: 4a8149bb-7d61-49f4-8822-82c7bf88d64b, 1, 0 [(0 [0xC004F014, 0, 0], [(?)(?)(?)(?)(?)(?)])(1 )(2 )]\n13: afd5f68f-b70f-4000-a21d-28dbc8be8b07, 1, 0 [(0 [0xC004F014, 0, 0], [(?)(?)(?)(?)(?)(?)])(1 )(2 )]\n\n</string>\n"
    },
    "RawXml": "<Event xmlns=\"http://schemas.microsoft.com/win/2004/08/events/event\"><System><Provider Name=\"Microsoft-Windows-Security-SPP\" Guid=\"{E23B33B0-C8C9-472C-A5F9-F2BDFEA0F156}\" EventSourceName=\"Software Protection Platform Service\"></Provider>\n<EventID Qualifiers=\"16384\">1003</EventID>\n<Version>0</Version>\n<Level>4</Level>\n<Task>0</Task>\n<Opcode>0</Opcode>\n<Keywords>0x0080000000000000</Keywords>\n<TimeCreated SystemTime=\"2014-01-29 12:30:06+00:00\"></TimeCreated>\n<EventRecordID>539</EventRecordID>\n<Correlation ActivityID=\"\" RelatedActivityID=\"\"></Correlation>\n<Execution ProcessID=\"0\" ThreadID=\"0\"></Execution>\n<Channel>Application</Channel>\n<Computer>IACIS-HDD-2014</Computer>\n<Security UserID=\"\"></Security>\n</System>\n<EventData><Data>&lt;string&gt;55c92734-d682-4d71-983e-d6ec3f16059f&lt;/string&gt;\n&lt;string&gt;\n1: 022a1afb-b893-4190-92c3-8f69a49839fb, 1, 0 [(0 [0xC004F014, 0, 0], [(?)(?)(?)(?)(?)(?)])(1 )(2 )]\n2: 436cef53-8387-4692-bb4a-9492cd82260e, 1, 0 [(0 [0xC004F014, 0, 0], [(?)(?)(?)(?)(?)(?)])(1 )(2 )]\n3: 57a232fe-0931-48fe-9389-e4586967c661, 1, 0 [(0 [0xC004F014, 0, 0], [(?)(?)(?)(?)(?)(?)])(1 )(2 )]\n4: 7cfd4696-69a9-4af7-af36-ff3d12b6b6c8, 1, 0 [(0 [0xC004F014, 0, 0], [(?)(?)(?)(?)(?)(?)])(1 )(2 )]\n5: 8ec16e01-e86f-415f-b333-1819f4145294, 1, 0 [(0 [0xC004F014, 0, 0], [(?)(?)(?)(?)(?)(?)])(1 )(2 )]\n6: a0cde89c-3304-4157-b61c-c8ad785d1fad, 1, 0 [(0 [0xC004F014, 0, 0], [(?)(?)(?)(?)(?)(?)])(1 )(2 )]\n7: ac96e1a8-6cc4-4310-a4ff-332ce77fb5b8, 1, 1 [(0 )(1 )(2 [0x00000000, 0, 1], [(?)( 5 0x00000000 30 36960)( 1 0x00000000 0 0 msft:rm/algorithm/flags/1.0 0x00000000 0)(?)(?)(?)])]\n8: b2c4b9f6-3ee6-4a2a-a361-64ad3b61ded5, 1, 0 [(0 [0xC004F014, 0, 0], [(?)(?)(?)(?)(?)(?)])(1 )(2 )]\n9: bba42084-cacd-4ad4-b606-9f3d6c93b2c5, 1, 0 [(0 [0xC004F014, 0, 0], [(?)(?)(?)(?)(?)(?)])(1 )(2 )]\n10: c619d61c-c2f2-40c3-ab3f-c5924314b0f3, 1, 0 [(0 [0xC004F014, 0, 0], [(?)(?)(?)(?)(?)(?)])(1 )(2 )]\n11: cfb3e52c-d707-4861-af51-11b27ee6169c, 1, 0 [(0 [0xC004F014, 0, 0], [(?)(?)(?)(?)(?)(?)])(1 )(2 )]\n12: 4a8149bb-7d61-49f4-8822-82c7bf88d64b, 1, 0 [(0 [0xC004F014, 0, 0], [(?)(?)(?)(?)(?)(?)])(1 )(2 )]\n13: afd5f68f-b70f-4000-a21d-28dbc8be8b07, 1, 0 [(0 [0xC004F014, 0, 0], [(?)(?)(?)(?)(?)(?)])(1 )(2 )]\n\n&lt;/string&gt;\n</Data>\n<Binary></Binary>\n</EventData>\n</Event>\n"
  },
  {
    "EventID": 902,
    "Timestamp": "2014-01-29 12:30:06+00:00",
    "Computer": "IACIS-HDD-2014",
    "Channel": "Application",
    "Level": "LogAlways",
    "EventData": {
      "": "<string>6.1.7601.17514</string>\n"
    },
    "RawXml": "<Event xmlns=\"http://schemas.microsoft.com/win/2004/08/events/event\"><System><Provider Name=\"Microsoft-Windows-Security-SPP\" Guid=\"{E23B33B0-C8C9-472C-A5F9-F2BDFEA0F156}\" EventSourceName=\"Software Protection Platform Service\"></Provider>\n<EventID Qualifiers=\"16384\">902</EventID>\n<Version>0</Version>\n<Level>0</Level>\n<Task>0</Task>\n<Opcode>0</Opcode>\n<Keywords>0x0080000000000000</Keywords>\n<TimeCreated SystemTime=\"2014-01-29 12:30:06+00:00\"></TimeCreated>\n<EventRecordID>540</EventRecordID>\n<Correlation ActivityID=\"\" RelatedActivityID=\"\"></Correlation>\n<Execution ProcessID=\"0\" ThreadID=\"0\"></Execution>\n<Channel>Application</Channel>\n<Computer>IACIS-HDD-2014</Computer>\n<Security UserID=\"\"></Security>\n</System>\n<EventData><Data>&lt;string&gt;6.1.7601.17514&lt;/string&gt;\n</Data>\n<Binary></Binary>\n</EventData>\n</Event>\n"
  },
  {
    "EventID": 302,
    "Timestamp": "2014-01-29 12:30:06+00:00",
    "Computer": "IACIS-HDD-2014",
    "Channel": "Application",
    "Level": "Information",
    "EventData": {
      "": "<string>Windows</string>\n<string>1772</string>\n<string>Windows: </string>\n"
    },
    "RawXml": "<Event xmlns=\"http://schemas.microsoft.com/win/2004/08/events/event\"><System><Provider Name=\"ESENT\"></Provider>\n<EventID Qualifiers=\"0\">302</EventID>\n<Level>4</Level>\n<Task>3</Task>\n<Keywords>0x0080000000000000</Keywords>\n<TimeCreated SystemTime=\"2014-01-29 12:30:06+00:00\"></TimeCreated>\n<EventRecordID>541</EventRecordID>\n<Channel>Application</Channel>\n<Computer>IACIS-HDD-2014</Computer>\n<Security UserID=\"\"></Security>\n</System>\n<EventData><Data>&lt;string&gt;Windows&lt;/string&gt;\n&lt;string&gt;1772&lt;/string&gt;\n&lt;string&gt;Windows: &lt;/string&gt;\n</Data>\n<Binary></Binary>\n</EventData>\n</Event>\n"
  },
  {
    "EventID": 1003,
    "Timestamp": "2014-01-29 12:30:07+00:00",
    "Computer": "IACIS-HDD-2014",
    "Channel": "Application",
    "Level": "Information",
    "EventData": {
      "ExtraInfo": "\n"
    },
    "RawXml": "<Event xmlns=\"http://schemas.microsoft.com/win/2004/08/events/event\"><System><Provider Name=\"Microsoft-Windows-Search\" Guid=\"{CA4E628D-8567-4896-AB6B-835B221F373F}\" EventSourceName=\"Windows Search Service\"></Provider>\n<EventID Qualifiers=\"16384\">1003</EventID>\n<Version>0</Version>\n<Level>4</Level>\n<Task>1</Task>\n<Opcode>0</Opcode>\n<Keywords>0x0080000000000000</Keywords>\n<TimeCreated SystemTime=\"2014-01-29 12:30:07+00:00\"></TimeCreated>\n<EventRecordID>542</EventRecordID>\n<Correlation ActivityID=\"\" RelatedActivityID=\"\"></Correlation>\n<Execution ProcessID=\"0\" ThreadID=\"0\"></Execution>\n<Channel>Application</Channel>\n<Computer>IACIS-HDD-2014</Computer>\n<Security UserID=\"\"></Security>\n</System>\n<EventData><Data Name=\"ExtraInfo\">\n</Data>\n</EventData>\n</Event>\n"
  },
  {
    "EventID": 4101,
    "Timestamp": "2014-01-29 12:30:50+00:00",
    "Computer": "IACIS-HDD-2014",
    "Channel": "Application",
    "Level": "Information",
    "EventData": {
      "": "<string>0x00000000</string>\n<string>0x00000001</string>\n"
    },
    "RawXml": "<Event xmlns=\"http://schemas.microsoft.com/win/2004/08/events/event\"><System><Provider Name=\"Microsoft-Windows-Winlogon\" Guid=\"{DBE9B383-7CF3-4331-91CC-A3CB16A3B538}\" EventSourceName=\"Winlogon\"></Provider>\n<EventID Qualifiers=\"16384\">4101</EventID>\n<Version>0</Version>\n<Level>4</Level>\n<Task>0</Task>\n<Opcode>0</Opcode>\n<Keywords>0x0080000000000000</Keywords>\n<TimeCreated SystemTime=\"2014-01-29 12:30:50+00:00\"></TimeCreated>\n<EventRecordID>543</EventRecordID>\n<Correlation ActivityID=\"\" RelatedActivityID=\"\"></Correlation>\n<Execution ProcessID=\"0\" ThreadID=\"0\"></Execution>\n<Channel>Application</Channel>\n<Computer>IACIS-HDD-2014</Computer>\n<Security UserID=\"\"></Security>\n</System>\n<EventData><Data>&lt;string&gt;0x00000000&lt;/string&gt;\n&lt;string&gt;0x00000001&lt;/string&gt;\n</Data>\n<Binary></Binary>\n</EventData>\n</Event>\n"
  },
  {
    "EventID": 6000,
    "Timestamp": "2014-01-29 12:30:50+00:00",
    "Computer": "IACIS-HDD-2014",
    "Channel": "Application",
    "Level": "Information",
    "EventData": {
      "": "<string>SessionEnv</string>\n"
    },
    "RawXml": "<Event xmlns=\"http://schemas.microsoft.com/win/2004/08/events/event\"><System><Provider Name=\"Microsoft-Windows-Winlogon\" Guid=\"{DBE9B383-7CF3-4331-91CC-A3CB16A3B538}\" EventSourceName=\"Wlclntfy\"></Provider>\n<EventID Qualifiers=\"32768\">6000</EventID>\n<Version>0</Version>\n<Level>4</Level>\n<Task>0</Task>\n<Opcode>0</Opcode>\n<Keywords>0x0080000000000000</Keywords>\n<TimeCreated SystemTime=\"2014-01-29 12:30:50+00:00\"></TimeCreated>\n<EventRecordID>544</EventRecordID>\n<Correlation ActivityID=\"\" RelatedActivityID=\"\"></Correlation>\n<Execution ProcessID=\"0\" ThreadID=\"0\"></Execution>\n<Channel>Application</Channel>\n<Computer>IACIS-HDD-2014</Computer>\n<Security UserID=\"\"></Security>\n</System>\n<EventData><Data>&lt;string&gt;SessionEnv&lt;/string&gt;\n</Data>\n<Binary>2QYAAA==</Binary>\n</EventData>\n</Event>\n"
  },
  {
    "EventID": 9007,
    "Timestamp": "2014-01-29 12:30:51+00:00",
    "Computer": "IACIS-HDD-2014",
    "Channel": "Application",
    "Level": "Information",
    "EventData": {
      "": ""
    },
    "RawXml": "<Event xmlns=\"http://schemas.microsoft.com/win/2004/08/events/event\"><System><Provider Name=\"Desktop Window Manager\"></Provider>\n<EventID Qualifiers=\"16384\">9007</EventID>\n<Level>4</Level>\n<Task>0</Task>\n<Keywords>0x0080000000000000</Keywords>\n<TimeCreated SystemTime=\"2014-01-29 12:30:51+00:00\"></TimeCreated>\n<EventRecordID>545</EventRecordID>\n<Channel>Application</Channel>\n<Computer>IACIS-HDD-2014</Computer>\n<Security UserID=\"\"></Security>\n</System>\n<EventData><Data></Data>\n<Binary></Binary>\n</EventData>\n</Event>\n"
  },
  {
    "EventID": 4097,
    "Timestamp": "2014-01-29 12:35:09.978771+00:00",
    "Computer": "IACIS-HDD-2014",
    "Channel": "Application",
    "Level": "Information",
    "EventData": {
      "": "<string>OU=Equifax Secure Certificate Authority, O=Equifax, C=US</string>\n<string>D23209AD23D314232174E40D7F9D62139786633A</string>\n"
    },
    "RawXml": "<Event xmlns=\"http://schemas.microsoft.com/win/2004/08/events/event\"><System><Provider Name=\"Microsoft-Windows-CAPI2\" Guid=\"{5bbca4a8-b209-48dc-a8c7-b23d3e5216fb}\" EventSourceName=\"Microsoft-Windows-CAPI2\"></Provider>\n<EventID Qualifiers=\"0\">4097</EventID>\n<Version>0</Version>\n<Level>4</Level>\n<Task>0</Task>\n<Opcode>0</Opcode>\n<Keywords>0x8080000000000000</Keywords>\n<TimeCreated SystemTime=\"2014-01-29 12:35:09.978771+00:00\"></TimeCreated>\n<EventRecordID>546</EventRecordID>\n<Correlation ActivityID=\"\" RelatedActivityID=\"\"></Correlation>\n<Execution ProcessID=\"1028\" ThreadID=\"1040\"></Execution>\n<Channel>Application</Channel>\n<Computer>IACIS-HDD-2014</Computer>\n<Security UserID=\"\"></Security>\n</System>\n<EventData><Data>&lt;string&gt;OU=Equifax Secure Certificate Authority, O=Equifax, C=US&lt;/string&gt;\n&lt;string&gt;D23209AD23D314232174E40D7F9D62139786633A&lt;/string&gt;\n</Data>\n<Binary></Binary>\n</EventData>\n</Event>\n"
  },
  {
    "EventID": 1001,
    "Timestamp": "2014-01-29 12:35:11.758774+00:00",
    "Computer": "IACIS-HDD-2014",
    "Channel": "Application",
    "Level": "Information",
    "EventData": {},
    "RawXml": "<Event xmlns=\"http://schemas.microsoft.com/win/2004/08/events/event\"><System><Provider Name=\"Microsoft-Windows-LoadPerf\" Guid=\"{122ee297-bb47-41ae-b265-1ca8d1886d40}\"></Provider>\n<EventID Qualifiers=\"\">1001</EventID>\n<Version>0</Version>\n<Level>4</Level>\n<Task>0</Task>\n<Opcode>0</Opcode>\n<Keywords>0x8000000000000000</Keywords>\n<TimeCreated SystemTime=\"2014-01-29 12:35:11.758774+00:00\"></TimeCreated>\n<EventRecordID>547</EventRecordID>\n<Correlation ActivityID=\"\" RelatedActivityID=\"\"></Correlation>\n<Execution ProcessID=\"2844\" ThreadID=\"2848\"></Execution>\n<Channel>Application</Channel>\n<Computer>IACIS-HDD-2014</Computer>\n<Security UserID=\"S-1-5-18\"></Security>\n</System>\n<UserData><EventXML xmlns:auto-ns2=\"http://schemas.microsoft.com/win/2004/08/events\" xmlns=\"LoadPerf\"><param1>WmiApRpl</param1>\n<param2>WmiApRpl</param2>\n<binaryDataSize>12</binaryDataSize>\n<binaryData>ShkAAEsZAAA0BwAA</binaryData>\n</EventXML>\n</UserData>\n</Event>\n"
  },
  {
    "EventID": 1000,
    "Timestamp": "2014-01-29 12:35:15.628302+00:00",
    "Computer": "IACIS-HDD-2014",
    "Channel": "Application",
    "Level": "Information",
    "EventData": {},
    "RawXml": "<Event xmlns=\"http://schemas.microsoft.com/win/2004/08/events/event\"><System><Provider Name=\"Microsoft-Windows-LoadPerf\" Guid=\"{122ee297-bb47-41ae-b265-1ca8d1886d40}\"></Provider>\n<EventID Qualifiers=\"\">1000</EventID>\n<Version>0</Version>\n<Level>4</Level>\n<Task>0</Task>\n<Opcode>0</Opcode>\n<Keywords>0x8000000000000000</Keywords>\n<TimeCreated SystemTime=\"2014-01-29 12:35:15.628302+00:00\"></TimeCreated>\n<EventRecordID>548</EventRecordID>\n<Correlation ActivityID=\"\" RelatedActivityID=\"\"></Correlation>\n<Execution ProcessID=\"2844\" ThreadID=\"2848\"></Execution>\n<Channel>Application</Channel>\n<Computer>IACIS-HDD-2014</Computer>\n<Security UserID=\"S-1-5-18\"></Security>\n</System>\n<UserData><EventXML xmlns:auto-ns2=\"http://schemas.microsoft.com/win/2004/08/events\" xmlns=\"LoadPerf\"><param1>WmiApRpl</param1>\n<param2>WmiApRpl</param2>\n<binaryDataSize>16</binaryDataSize>\n<binaryData>TBkAAP4ZAABNGQAA/xkAAA==</binaryData>\n</EventXML>\n</UserData>\n</Event>\n"
  },
  {
    "EventID": 4097,
    "Timestamp": "2014-01-29 12:35:25.518959+00:00",
    "Computer": "IACIS-HDD-2014",
    "Channel": "Application",
    "Level": "Information",
    "EventData": {
      "": "<string>CN=DigiCert High Assurance EV Root CA, OU=www.digicert.com, O=DigiCert Inc, C=US</string>\n<string>5FB7EE0633E259DBAD0C4C9AE6D38F1A61C7DC25</string>\n"
    },
    "RawXml": "<Event xmlns=\"http://schemas.microsoft.com/win/2004/08/events/event\"><System><Provider Name=\"Microsoft-Windows-CAPI2\" Guid=\"{5bbca4a8-b209-48dc-a8c7-b23d3e5216fb}\" EventSourceName=\"Microsoft-Windows-CAPI2\"></Provider>\n<EventID Qualifiers=\"0\">4097</EventID>\n<Version>0</Version>\n<Level>4</Level>\n<Task>0</Task>\n<Opcode>0</Opcode>\n<Keywords>0x8080000000000000</Keywords>\n<TimeCreated SystemTime=\"2014-01-29 12:35:25.518959+00:00\"></TimeCreated>\n<EventRecordID>549</EventRecordID>\n<Correlation ActivityID=\"\" RelatedActivityID=\"\"></Correlation>\n<Execution ProcessID=\"1028\" ThreadID=\"2552\"></Execution>\n<Channel>Application</Channel>\n<Computer>IACIS-HDD-2014</Computer>\n<Security UserID=\"\"></Security>\n</System>\n<EventData><Data>&lt;string&gt;CN=DigiCert High Assurance EV Root CA, OU=www.digicert.com, O=DigiCert Inc, C=US&lt;/string&gt;\n&lt;string&gt;5FB7EE0633E259DBAD0C4C9AE6D38F1A61C7DC25&lt;/string&gt;\n</Data>\n<Binary></Binary>\n</EventData>\n</Event>\n"
  },
  {
    "EventID": 4097,
    "Timestamp": "2014-01-29 12:35:25.518959+00:00",
    "Computer": "IACIS-HDD-2014",
    "Channel": "Application",
    "Level": "Information",
    "EventData": {
      "": "<string>CN=DigiCert High Assurance EV Root CA, OU=www.digicert.com, O=DigiCert Inc, C=US</string>\n<string>5FB7EE0633E259DBAD0C4C9AE6D38F1A61C7DC25</string>\n"
    },
    "RawXml": "<Event xmlns=\"http://schemas.microsoft.com/win/2004/08/events/event\"><System><Provider Name=\"Microsoft-Windows-CAPI2\" Guid=\"{5bbca4a8-b209-48dc-a8c7-b23d3e5216fb}\" EventSourceName=\"Microsoft-Windows-CAPI2\"></Provider>\n<EventID Qualifiers=\"0\">4097</EventID>\n<Version>0</Version>\n<Level>4</Level>\n<Task>0</Task>\n<Opcode>0</Opcode>\n<Keywords>0x8080000000000000</Keywords>\n<TimeCreated SystemTime=\"2014-01-29 12:35:25.518959+00:00\"></TimeCreated>\n<EventRecordID>550</EventRecordID>\n<Correlation ActivityID=\"\" RelatedActivityID=\"\"></Correlation>\n<Execution ProcessID=\"1028\" ThreadID=\"3116\"></Execution>\n<Channel>Application</Channel>\n<Computer>IACIS-HDD-2014</Computer>\n<Security UserID=\"\"></Security>\n</System>\n<EventData><Data>&lt;string&gt;CN=DigiCert High Assurance EV Root CA, OU=www.digicert.com, O=DigiCert Inc, C=US&lt;/string&gt;\n&lt;string&gt;5FB7EE0633E259DBAD0C4C9AE6D38F1A61C7DC25&lt;/string&gt;\n</Data>\n<Binary></Binary>\n</EventData>\n</Event>\n"
  },
  {
    "EventID": 4097,
    "Timestamp": "2014-01-29 12:38:05.501509+00:00",
    "Computer": "IACIS-HDD-2014",
    "Channel": "Application",
    "Level": "Information",
    "EventData": {
      "": "<string>CN=GeoTrust Primary Certification Authority, O=GeoTrust Inc., C=US</string>\n<string>323C118E1BF7B8B65254E2E2100DD6029037F096</string>\n"
    },
    "RawXml": "<Event xmlns=\"http://schemas.microsoft.com/win/2004/08/events/event\"><System><Provider Name=\"Microsoft-Windows-CAPI2\" Guid=\"{5bbca4a8-b209-48dc-a8c7-b23d3e5216fb}\" EventSourceName=\"Microsoft-Windows-CAPI2\"></Provider>\n<EventID Qualifiers=\"0\">4097</EventID>\n<Version>0</Version>\n<Level>4</Level>\n<Task>0</Task>\n<Opcode>0</Opcode>\n<Keywords>0x8080000000000000</Keywords>\n<TimeCreated SystemTime=\"2014-01-29 12:38:05.501509+00:00\"></TimeCreated>\n<EventRecordID>551</EventRecordID>\n<Correlation ActivityID=\"\" RelatedActivityID=\"\"></Correlation>\n<Execution ProcessID=\"1028\" ThreadID=\"3116\"></Execution>\n<Channel>Application</Channel>\n<Computer>IACIS-HDD-2014</Computer>\n<Security UserID=\"\"></Security>\n</System>\n<EventData><Data>&lt;string&gt;CN=GeoTrust Primary Certification Authority, O=GeoTrust Inc., C=US&lt;/string&gt;\n&lt;string&gt;323C118E1BF7B8B65254E2E2100DD6029037F096&lt;/string&gt;\n</Data>\n<Binary></Binary>\n</EventData>\n</Event>\n"
  },
  {
    "EventID": 4097,
    "Timestamp": "2014-01-29 12:40:45.051634+00:00",
    "Computer": "IACIS-HDD-2014",
    "Channel": "Application",
    "Level": "Information",
    "EventData": {
      "": "<string>CN=Go Daddy Root Certificate Authority - G2, O=\"GoDaddy.com, Inc.\", L=Scottsdale, S=Arizona, C=US</string>\n<string>47BEABC922EAE80E78783462A79F45C254FDE68B</string>\n"
    },
    "RawXml": "<Event xmlns=\"http://schemas.microsoft.com/win/2004/08/events/event\"><System><Provider Name=\"Microsoft-Windows-CAPI2\" Guid=\"{5bbca4a8-b209-48dc-a8c7-b23d3e5216fb}\" EventSourceName=\"Microsoft-Windows-CAPI2\"></Provider>\n<EventID Qualifiers=\"0\">4097</EventID>\n<Version>0</Version>\n<Level>4</Level>\n<Task>0</Task>\n<Opcode>0</Opcode>\n<Keywords>0x8080000000000000</Keywords>\n<TimeCreated SystemTime=\"2014-01-29 12:40:45.051634+00:00\"></TimeCreated>\n<EventRecordID>552</EventRecordID>\n<Correlation ActivityID=\"\" RelatedActivityID=\"\"></Correlation>\n<Execution ProcessID=\"1028\" ThreadID=\"3116\"></Execution>\n<Channel>Application</Channel>\n<Computer>IACIS-HDD-2014</Computer>\n<Security UserID=\"\"></Security>\n</System>\n<EventData><Data>&lt;string&gt;CN=Go Daddy Root Certificate Authority - G2, O=\"GoDaddy.com, Inc.\", L=Scottsdale, S=Arizona, C=US&lt;/string&gt;\n&lt;string&gt;47BEABC922EAE80E78783462A79F45C254FDE68B&lt;/string&gt;\n</Data>\n<Binary></Binary>\n</EventData>\n</Event>\n"
  },
  {
    "EventID": 4097,
    "Timestamp": "2014-01-29 12:40:45.051634+00:00",
    "Computer": "IACIS-HDD-2014",
    "Channel": "Application",
    "Level": "Information",
    "EventData": {
      "": "<string>CN=Go Daddy Root Certificate Authority - G2, O=\"GoDaddy.com, Inc.\", L=Scottsdale, S=Arizona, C=US</string>\n<string>47BEABC922EAE80E78783462A79F45C254FDE68B</string>\n"
    },
    "RawXml": "<Event xmlns=\"http://schemas.microsoft.com/win/2004/08/events/event\"><System><Provider Name=\"Microsoft-Windows-CAPI2\" Guid=\"{5bbca4a8-b209-48dc-a8c7-b23d3e5216fb}\" EventSourceName=\"Microsoft-Windows-CAPI2\"></Provider>\n<EventID Qualifiers=\"0\">4097</EventID>\n<Version>0</Version>\n<Level>4</Level>\n<Task>0</Task>\n<Opcode>0</Opcode>\n<Keywords>0x8080000000000000</Keywords>\n<TimeCreated SystemTime=\"2014-01-29 12:40:45.051634+00:00\"></TimeCreated>\n<EventRecordID>553</EventRecordID>\n<Correlation ActivityID=\"\" RelatedActivityID=\"\"></Correlation>\n<Execution ProcessID=\"1028\" ThreadID=\"3068\"></Execution>\n<Channel>Application</Channel>\n<Computer>IACIS-HDD-2014</Computer>\n<Security UserID=\"\"></Security>\n</System>\n<EventData><Data>&lt;string&gt;CN=Go Daddy Root Certificate Authority - G2, O=\"GoDaddy.com, Inc.\", L=Scottsdale, S=Arizona, C=US&lt;/string&gt;\n&lt;string&gt;47BEABC922EAE80E78783462A79F45C254FDE68B&lt;/string&gt;\n</Data>\n<Binary></Binary>\n</EventData>\n</Event>\n"
  },
  {
    "EventID": 8194,
    "Timestamp": "2014-01-29 12:41:13+00:00",
    "Computer": "IACIS-HDD-2014",
    "Channel": "Application",
    "Level": "Information",
    "EventData": {
      "": "<string>C:\\Windows\\system32\\svchost.exe -k netsvcs</string>\n<string>Windows Update</string>\n"
    },
    "RawXml": "<Event xmlns=\"http://schemas.microsoft.com/win/2004/08/events/event\"><System><Provider Name=\"System Restore\"></Provider>\n<EventID Qualifiers=\"0\">8194</EventID>\n<Level>4</Level>\n<Task>0</Task>\n<Keywords>0x0080000000000000</Keywords>\n<TimeCreated SystemTime=\"2014-01-29 12:41:13+00:00\"></TimeCreated>\n<EventRecordID>554</EventRecordID>\n<Channel>Application</Channel>\n<Computer>IACIS-HDD-2014</Computer>\n<Security UserID=\"\"></Security>\n</System>\n<EventData><Data>&lt;string&gt;C:\\Windows\\system32\\svchost.exe -k netsvcs&lt;/string&gt;\n&lt;string&gt;Windows Update&lt;/string&gt;\n</Data>\n<Binary>AAAAAKEBAACXAQAAAAAAACLOKGd8bdp54owcAAAAAAAAAAAA</Binary>\n</EventData>\n</Event>\n"
  },
  {
    "EventID": 8224,
    "Timestamp": "2014-01-29 12:44:53+00:00",
    "Computer": "IACIS-HDD-2014",
    "Channel": "Application",
    "Level": "Information",
    "EventData": {
      "": "<string></string>\n"
    },
    "RawXml": "<Event xmlns=\"http://schemas.microsoft.com/win/2004/08/events/event\"><System><Provider Name=\"VSS\"></Provider>\n<EventID Qualifiers=\"0\">8224</EventID>\n<Level>4</Level>\n<Task>0</Task>\n<Keywords>0x0080000000000000</Keywords>\n<TimeCreated SystemTime=\"2014-01-29 12:44:53+00:00\"></TimeCreated>\n<EventRecordID>555</EventRecordID>\n<Channel>Application</Channel>\n<Computer>IACIS-HDD-2014</Computer>\n<Security UserID=\"\"></Security>\n</System>\n<EventData><Data>&lt;string&gt;&lt;/string&gt;\n</Data>\n<Binary>LSBDb2RlOiAgQ09SU1ZDQzAwMDAwNzczLSBDYWxsOiAgQ09SU1ZDQzAwMDAwNzU1LSBQSUQ6ICAwMDAwMzEyMC0gVElEOiAgMDAwMDM0NTYtIENNRDogIEM6XFdpbmRvd3Ncc3lzdGVtMzJcdnNzdmMuZXhlICAgLSBVc2VyOiBOYW1lOiBOVCBBVVRIT1JJVFlcU1lTVEVNLCBTSUQ6Uy0xLTUtMTgg</Binary>\n</EventData>\n</Event>\n"
  },
  {
    "EventID": 4097,
    "Timestamp": "2014-01-29 12:45:21.662384+00:00",
    "Computer": "IACIS-HDD-2014",
    "Channel": "Application",
    "Level": "Information",
    "EventData": {
      "": "<string>OU=Starfield Class 2 Certification Authority, O=\"Starfield Technologies, Inc.\", C=US</string>\n<string>AD7E1C28B064EF8F6003402014C3D0E3370EB58A</string>\n"
    },
    "RawXml": "<Event xmlns=\"http://schemas.microsoft.com/win/2004/08/events/event\"><System><Provider Name=\"Microsoft-Windows-CAPI2\" Guid=\"{5bbca4a8-b209-48dc-a8c7-b23d3e5216fb}\" EventSourceName=\"Microsoft-Windows-CAPI2\"></Provider>\n<EventID Qualifiers=\"0\">4097</EventID>\n<Version>0</Version>\n<Level>4</Level>\n<Task>0</Task>\n<Opcode>0</Opcode>\n<Keywords>0x8080000000000000</Keywords>\n<TimeCreated SystemTime=\"2014-01-29 12:45:21.662384+00:00\"></TimeCreated>\n<EventRecordID>556</EventRecordID>\n<Correlation ActivityID=\"\" RelatedActivityID=\"\"></Correlation>\n<Execution ProcessID=\"1028\" ThreadID=\"1496\"></Execution>\n<Channel>Application</Channel>\n<Computer>IACIS-HDD-2014</Computer>\n<Security UserID=\"\"></Security>\n</System>\n<EventData><Data>&lt;string&gt;OU=Starfield Class 2 Certification Authority, O=\"Starfield Technologies, Inc.\", C=US&lt;/string&gt;\n&lt;string&gt;AD7E1C28B064EF8F6003402014C3D0E3370EB58A&lt;/string&gt;\n</Data>\n<Binary></Binary>\n</EventData>\n</Event>\n"
  },
  {
    "EventID": 4097,
    "Timestamp": "2014-01-29 12:45:21.662384+00:00",
    "Computer": "IACIS-HDD-2014",
    "Channel": "Application",
    "Level": "Information",
    "EventData": {
      "": "<string>OU=Starfield Class 2 Certification Authority, O=\"Starfield Technologies, Inc.\", C=US</string>\n<string>AD7E1C28B064EF8F6003402014C3D0E3370EB58A</string>\n"
    },
    "RawXml": "<Event xmlns=\"http://schemas.microsoft.com/win/2004/08/events/event\"><System><Provider Name=\"Microsoft-Windows-CAPI2\" Guid=\"{5bbca4a8-b209-48dc-a8c7-b23d3e5216fb}\" EventSourceName=\"Microsoft-Windows-CAPI2\"></Provider>\n<EventID Qualifiers=\"0\">4097</EventID>\n<Version>0</Version>\n<Level>4</Level>\n<Task>0</Task>\n<Opcode>0</Opcode>\n<Keywords>0x8080000000000000</Keywords>\n<TimeCreated SystemTime=\"2014-01-29 12:45:21.662384+00:00\"></TimeCreated>\n<EventRecordID>557</EventRecordID>\n<Correlation ActivityID=\"\" RelatedActivityID=\"\"></Correlation>\n<Execution ProcessID=\"1028\" ThreadID=\"3068\"></Execution>\n<Channel>Application</Channel>\n<Computer>IACIS-HDD-2014</Computer>\n<Security UserID=\"\"></Security>\n</System>\n<EventData><Data>&lt;string&gt;OU=Starfield Class 2 Certification Authority, O=\"Starfield Technologies, Inc.\", C=US&lt;/string&gt;\n&lt;string&gt;AD7E1C28B064EF8F6003402014C3D0E3370EB58A&lt;/string&gt;\n</Data>\n<Binary></Binary>\n</EventData>\n</Event>\n"
  },
  {
    "EventID": 1003,
    "Timestamp": "2014-01-29 13:15:03+00:00",
    "Computer": "IACIS-HDD-2014",
    "Channel": "Application",
    "Level": "Information",
    "EventData": {
      "": "<string>55c92734-d682-4d71-983e-d6ec3f16059f</string>\n<string>\n1: 022a1afb-b893-4190-92c3-8f69a49839fb, 1, 0 [(0 [0xC004F014, 0, 0], [(?)(?)(?)(?)(?)(?)])(1 )(2 )]\n2: 436cef53-8387-4692-bb4a-9492cd82260e, 1, 0 [(0 [0xC004F014, 0, 0], [(?)(?)(?)(?)(?)(?)])(1 )(2 )]\n3: 57a232fe-0931-48fe-9389-e4586967c661, 1, 0 [(0 [0xC004F014, 0, 0], [(?)(?)(?)(?)(?)(?)])(1 )(2 )]\n4: 7cfd4696-69a9-4af7-af36-ff3d12b6b6c8, 1, 0 [(0 [0xC004F014, 0, 0], [(?)(?)(?)(?)(?)(?)])(1 )(2 )]\n5: 8ec16e01-e86f-415f-b333-1819f4145294, 1, 0 [(0 [0xC004F014, 0, 0], [(?)(?)(?)(?)(?)(?)])(1 )(2 )]\n6: a0cde89c-3304-4157-b61c-c8ad785d1fad, 1, 0 [(0 [0xC004F014, 0, 0], [(?)(?)(?)(?)(?)(?)])(1 )(2 )]\n7: ac96e1a8-6cc4-4310-a4ff-332ce77fb5b8, 1, 1 [(0 )(1 )(2 [0x00000000, 0, 1], [(?)( 5 0x00000000 30 36960)( 1 0x00000000 0 0 msft:rm/algorithm/flags/1.0 0x00000000 0)(?)(?)(?)])]\n8: b2c4b9f6-3ee6-4a2a-a361-64ad3b61ded5, 1, 0 [(0 [0xC004F014, 0, 0], [(?)(?)(?)(?)(?)(?)])(1 )(2 )]\n9: bba42084-cacd-4ad4-b606-9f3d6c93b2c5, 1, 0 [(0 [0xC004F014, 0, 0], [(?)(?)(?)(?)(?)(?)])(1 )(2 )]\n10: c619d61c-c2f2-40c3-ab3f-c5924314b0f3, 1, 0 [(0 [0xC004F014, 0, 0], [(?)(?)(?)(?)(?)(?)])(1 )(2 )]\n11: cfb3e52c-d707-4861-af51-11b27ee6169c, 1, 0 [(0 [0xC004F014, 0, 0], [(?)(?)(?)(?)(?)(?)])(1 )(2 )]\n12: 4a8149bb-7d61-49f4-8822-82c7bf88d64b, 1, 0 [(0 [0xC004F014, 0, 0], [(?)(?)(?)(?)(?)(?)])(1 )(2 )]\n13: afd5f68f-b70f-4000-a21d-28dbc8be8b07, 1, 0 [(0 [0xC004F014, 0, 0], [(?)(?)(?)(?)(?)(?)])(1 )(2 )]\n\n</string>\n"
    },
    "RawXml": "<Event xmlns=\"http://schemas.microsoft.com/win/2004/08/events/event\"><System><Provider Name=\"Microsoft-Windows-Security-SPP\" Guid=\"{E23B33B0-C8C9-472C-A5F9-F2BDFEA0F156}\" EventSourceName=\"Software Protection Platform Service\"></Provider>\n<EventID Qualifiers=\"16384\">1003</EventID>\n<Version>0</Version>\n<Level>4</Level>\n<Task>0</Task>\n<Opcode>0</Opcode>\n<Keywords>0x0080000000000000</Keywords>\n<TimeCreated SystemTime=\"2014-01-29 13:15:03+00:00\"></TimeCreated>\n<EventRecordID>558</EventRecordID>\n<Correlation ActivityID=\"\" RelatedActivityID=\"\"></Correlation>\n<Execution ProcessID=\"0\" ThreadID=\"0\"></Execution>\n<Channel>Application</Channel>\n<Computer>IACIS-HDD-2014</Computer>\n<Security UserID=\"\"></Security>\n</System>\n<EventData><Data>&lt;string&gt;55c92734-d682-4d71-983e-d6ec3f16059f&lt;/string&gt;\n&lt;string&gt;\n1: 022a1afb-b893-4190-92c3-8f69a49839fb, 1, 0 [(0 [0xC004F014, 0, 0], [(?)(?)(?)(?)(?)(?)])(1 )(2 )]\n2: 436cef53-8387-4692-bb4a-9492cd82260e, 1, 0 [(0 [0xC004F014, 0, 0], [(?)(?)(?)(?)(?)(?)])(1 )(2 )]\n3: 57a232fe-0931-48fe-9389-e4586967c661, 1, 0 [(0 [0xC004F014, 0, 0], [(?)(?)(?)(?)(?)(?)])(1 )(2 )]\n4: 7cfd4696-69a9-4af7-af36-ff3d12b6b6c8, 1, 0 [(0 [0xC004F014, 0, 0], [(?)(?)(?)(?)(?)(?)])(1 )(2 )]\n5: 8ec16e01-e86f-415f-b333-1819f4145294, 1, 0 [(0 [0xC004F014, 0, 0], [(?)(?)(?)(?)(?)(?)])(1 )(2 )]\n6: a0cde89c-3304-4157-b61c-c8ad785d1fad, 1, 0 [(0 [0xC004F014, 0, 0], [(?)(?)(?)(?)(?)(?)])(1 )(2 )]\n7: ac96e1a8-6cc4-4310-a4ff-332ce77fb5b8, 1, 1 [(0 )(1 )(2 [0x00000000, 0, 1], [(?)( 5 0x00000000 30 36960)( 1 0x00000000 0 0 msft:rm/algorithm/flags/1.0 0x00000000 0)(?)(?)(?)])]\n8: b2c4b9f6-3ee6-4a2a-a361-64ad3b61ded5, 1, 0 [(0 [0xC004F014, 0, 0], [(?)(?)(?)(?)(?)(?)])(1 )(2 )]\n9: bba42084-cacd-4ad4-b606-9f3d6c93b2c5, 1, 0 [(0 [0xC004F014, 0, 0], [(?)(?)(?)(?)(?)(?)])(1 )(2 )]\n10: c619d61c-c2f2-40c3-ab3f-c5924314b0f3, 1, 0 [(0 [0xC004F014, 0, 0], [(?)(?)(?)(?)(?)(?)])(1 )(2 )]\n11: cfb3e52c-d707-4861-af51-11b27ee6169c, 1, 0 [(0 [0xC004F014, 0, 0], [(?)(?)(?)(?)(?)(?)])(1 )(2 )]\n12: 4a8149bb-7d61-49f4-8822-82c7bf88d64b, 1, 0 [(0 [0xC004F014, 0, 0], [(?)(?)(?)(?)(?)(?)])(1 )(2 )]\n13: afd5f68f-b70f-4000-a21d-28dbc8be8b07, 1, 0 [(0 [0xC004F014, 0, 0], [(?)(?)(?)(?)(?)(?)])(1 )(2 )]\n\n&lt;/string&gt;\n</Data>\n<Binary></Binary>\n</EventData>\n</Event>\n"
  },
  {
    "EventID": 258,
    "Timestamp": "2014-01-29 13:20:16+00:00",
    "Computer": "IACIS-HDD-2014",
    "Channel": "Application",
    "Level": "LogAlways",
    "EventData": {
      "": "<string>defragmentation</string>\n<string>System Reserved</string>\n"
    },
    "RawXml": "<Event xmlns=\"http://schemas.microsoft.com/win/2004/08/events/event\"><System><Provider Name=\"Microsoft-Windows-Defrag\"></Provider>\n<EventID Qualifiers=\"0\">258</EventID>\n<Level>0</Level>\n<Task>0</Task>\n<Keywords>0x0080000000000000</Keywords>\n<TimeCreated SystemTime=\"2014-01-29 13:20:16+00:00\"></TimeCreated>\n<EventRecordID>559</EventRecordID>\n<Channel>Application</Channel>\n<Computer>IACIS-HDD-2014</Computer>\n<Security UserID=\"\"></Security>\n</System>\n<EventData><Data>&lt;string&gt;defragmentation&lt;/string&gt;\n&lt;string&gt;System Reserved&lt;/string&gt;\n</Data>\n<Binary>AAAAAPsAAADCAAAAAAAAACK2UaIpa+3YXpyNAwAAAAAAAAAA</Binary>\n</EventData>\n</Event>\n"
  },
  {
    "EventID": 258,
    "Timestamp": "2014-01-29 13:20:19+00:00",
    "Computer": "IACIS-HDD-2014",
    "Channel": "Application",
    "Level": "LogAlways",
    "EventData": {
      "": "<string>defragmentation</string>\n<string>Backup (E:)</string>\n"
    },
    "RawXml": "<Event xmlns=\"http://schemas.microsoft.com/win/2004/08/events/event\"><System><Provider Name=\"Microsoft-Windows-Defrag\"></Provider>\n<EventID Qualifiers=\"0\">258</EventID>\n<Level>0</Level>\n<Task>0</Task>\n<Keywords>0x0080000000000000</Keywords>\n<TimeCreated SystemTime=\"2014-01-29 13:20:19+00:00\"></TimeCreated>\n<EventRecordID>560</EventRecordID>\n<Channel>Application</Channel>\n<Computer>IACIS-HDD-2014</Computer>\n<Security UserID=\"\"></Security>\n</System>\n<EventData><Data>&lt;string&gt;defragmentation&lt;/string&gt;\n&lt;string&gt;Backup (E:)&lt;/string&gt;\n</Data>\n<Binary>AAAAAPsAAADCAAAAAAAAACK2UaIpa+3YXpyNAwAAAAAAAAAA</Binary>\n</EventData>\n</Event>\n"
  },
  {
    "EventID": 258,
    "Timestamp": "2014-01-29 13:20:20+00:00",
    "Computer": "IACIS-HDD-2014",
    "Channel": "Application",
    "Level": "LogAlways",
    "EventData": {
      "": "<string>defragmentation</string>\n<string>MUSIC (F:)</string>\n"
    },
    "RawXml": "<Event xmlns=\"http://schemas.microsoft.com/win/2004/08/events/event\"><System><Provider Name=\"Microsoft-Windows-Defrag\"></Provider>\n<EventID Qualifiers=\"0\">258</EventID>\n<Level>0</Level>\n<Task>0</Task>\n<Keywords>0x0080000000000000</Keywords>\n<TimeCreated SystemTime=\"2014-01-29 13:20:20+00:00\"></TimeCreated>\n<EventRecordID>561</EventRecordID>\n<Channel>Application</Channel>\n<Computer>IACIS-HDD-2014</Computer>\n<Security UserID=\"\"></Security>\n</System>\n<EventData><Data>&lt;string&gt;defragmentation&lt;/string&gt;\n&lt;string&gt;MUSIC (F:)&lt;/string&gt;\n</Data>\n<Binary>AAAAAPsAAADCAAAAAAAAACK2UaIpa+3YXpyNAwAAAAAAAAAA</Binary>\n</EventData>\n</Event>\n"
  },
  {
    "EventID": 258,
    "Timestamp": "2014-01-29 13:20:21+00:00",
    "Computer": "IACIS-HDD-2014",
    "Channel": "Application",
    "Level": "LogAlways",
    "EventData": {
      "": "<string>defragmentation</string>\n<string>PHOTOS (G:)</string>\n"
    },
    "RawXml": "<Event xmlns=\"http://schemas.microsoft.com/win/2004/08/events/event\"><System><Provider Name=\"Microsoft-Windows-Defrag\"></Provider>\n<EventID Qualifiers=\"0\">258</EventID>\n<Level>0</Level>\n<Task>0</Task>\n<Keywords>0x0080000000000000</Keywords>\n<TimeCreated SystemTime=\"2014-01-29 13:20:21+00:00\"></TimeCreated>\n<EventRecordID>562</EventRecordID>\n<Channel>Application</Channel>\n<Computer>IACIS-HDD-2014</Computer>\n<Security UserID=\"\"></Security>\n</System>\n<EventData><Data>&lt;string&gt;defragmentation&lt;/string&gt;\n&lt;string&gt;PHOTOS (G:)&lt;/string&gt;\n</Data>\n<Binary>AAAAAPsAAADCAAAAAAAAACK2UaIpa+3YXpyNAwAAAAAAAAAA</Binary>\n</EventData>\n</Event>\n"
  },
  {
    "EventID": 4097,
    "Timestamp": "2014-01-29 13:37:01.442112+00:00",
    "Computer": "IACIS-HDD-2014",
    "Channel": "Application",
    "Level": "Information",
    "EventData": {
      "": "<string>OU=VeriSign Trust Network, OU=\"(c) 1998 VeriSign, Inc. - For authorized use only\", OU=Class 3 Public Primary Certification Authority - G2, O=\"VeriSign, Inc.\", C=US</string>\n<string>85371CA6E550143DCE2803471BDE3A09E8F8770F</string>\n"
    },
    "RawXml": "<Event xmlns=\"http://schemas.microsoft.com/win/2004/08/events/event\"><System><Provider Name=\"Microsoft-Windows-CAPI2\" Guid=\"{5bbca4a8-b209-48dc-a8c7-b23d3e5216fb}\" EventSourceName=\"Microsoft-Windows-CAPI2\"></Provider>\n<EventID Qualifiers=\"0\">4097</EventID>\n<Version>0</Version>\n<Level>4</Level>\n<Task>0</Task>\n<Opcode>0</Opcode>\n<Keywords>0x8080000000000000</Keywords>\n<TimeCreated SystemTime=\"2014-01-29 13:37:01.442112+00:00\"></TimeCreated>\n<EventRecordID>563</EventRecordID>\n<Correlation ActivityID=\"\" RelatedActivityID=\"\"></Correlation>\n<Execution ProcessID=\"1028\" ThreadID=\"2948\"></Execution>\n<Channel>Application</Channel>\n<Computer>IACIS-HDD-2014</Computer>\n<Security UserID=\"\"></Security>\n</System>\n<EventData><Data>&lt;string&gt;OU=VeriSign Trust Network, OU=\"(c) 1998 VeriSign, Inc. - For authorized use only\", OU=Class 3 Public Primary Certification Authority - G2, O=\"VeriSign, Inc.\", C=US&lt;/string&gt;\n&lt;string&gt;85371CA6E550143DCE2803471BDE3A09E8F8770F&lt;/string&gt;\n</Data>\n<Binary></Binary>\n</EventData>\n</Event>\n"
  },
  {
    "EventID": 4097,
    "Timestamp": "2014-01-29 13:37:01.459610+00:00",
    "Computer": "IACIS-HDD-2014",
    "Channel": "Application",
    "Level": "Information",
    "EventData": {
      "": "<string>OU=VeriSign Trust Network, OU=\"(c) 1998 VeriSign, Inc. - For authorized use only\", OU=Class 3 Public Primary Certification Authority - G2, O=\"VeriSign, Inc.\", C=US</string>\n<string>85371CA6E550143DCE2803471BDE3A09E8F8770F</string>\n"
    },
    "RawXml": "<Event xmlns=\"http://schemas.microsoft.com/win/2004/08/events/event\"><System><Provider Name=\"Microsoft-Windows-CAPI2\" Guid=\"{5bbca4a8-b209-48dc-a8c7-b23d3e5216fb}\" EventSourceName=\"Microsoft-Windows-CAPI2\"></Provider>\n<EventID Qualifiers=\"0\">4097</EventID>\n<Version>0</Version>\n<Level>4</Level>\n<Task>0</Task>\n<Opcode>0</Opcode>\n<Keywords>0x8080000000000000</Keywords>\n<TimeCreated SystemTime=\"2014-01-29 13:37:01.459610+00:00\"></TimeCreated>\n<EventRecordID>564</EventRecordID>\n<Correlation ActivityID=\"\" RelatedActivityID=\"\"></Correlation>\n<Execution ProcessID=\"1028\" ThreadID=\"1040\"></Execution>\n<Channel>Application</Channel>\n<Computer>IACIS-HDD-2014</Computer>\n<Security UserID=\"\"></Security>\n</System>\n<EventData><Data>&lt;string&gt;OU=VeriSign Trust Network, OU=\"(c) 1998 VeriSign, Inc. - For authorized use only\", OU=Class 3 Public Primary Certification Authority - G2, O=\"VeriSign, Inc.\", C=US&lt;/string&gt;\n&lt;string&gt;85371CA6E550143DCE2803471BDE3A09E8F8770F&lt;/string&gt;\n</Data>\n<Binary></Binary>\n</EventData>\n</Event>\n"
  },
