  {
    "EventID": 59,
    "Timestamp": "2014-01-25 01:38:31.227789+00:00",
    "Computer": "IACIS-HDD-2014",
    "Channel": "Microsoft-Windows-Bits-Client/Operational",
    "Level": "Information",
    "EventData": {
      "transferId": "{1adb5d2f-b3b5-4ccb-ab04-22483df10729}",
      "name": "WU Client Download",
      "Id": "{b4a2127c-a322-4fd3-b75d-b2482095bca8}",
      "url": "http://au.download.windowsupdate.com/msdownload/update/software/secu/2012/12/windows6.1-kb2785220-x64-express_7fda1a0b259d8e7ad9d263b3b52e4274638c8b31.cab",
      "peer": "",
      "fileTime": "2012-12-10 18:01:27+00:00",
      "fileLength": "70071",
      "bytesTotal": "70071",
      "bytesTransferred": "0",
      "bytesTransferredFromPeer": "0"
    },
    "RawXml": "<Event xmlns=\"http://schemas.microsoft.com/win/2004/08/events/event\"><System><Provider Name=\"Microsoft-Windows-Bits-Client\" Guid=\"{ef1cc15b-46c1-414e-bb95-e76b077bd51e}\"></Provider>\n<EventID Qualifiers=\"\">59</EventID>\n<Version>1</Version>\n<Level>4</Level>\n<Task>0</Task>\n<Opcode>1</Opcode>\n<Keywords>0x4000000000000000</Keywords>\n<TimeCreated SystemTime=\"2014-01-25 01:38:31.227789+00:00\"></TimeCreated>\n<EventRecordID>482</EventRecordID>\n<Correlation ActivityID=\"{1adb5d2f-b3b5-4ccb-ab04-22483df10729}\" RelatedActivityID=\"\"></Correlation>\n<Execution ProcessID=\"888\" ThreadID=\"2952\"></Execution>\n<Channel>Microsoft-Windows-Bits-Client/Operational</Channel>\n<Computer>IACIS-HDD-2014</Computer>\n<Security UserID=\"S-1-5-18\"></Security>\n</System>\n<EventData><Data Name=\"transferId\">{1adb5d2f-b3b5-4ccb-ab04-22483df10729}</Data>\n<Data Name=\"name\">WU Client Download</Data>\n<Data Name=\"Id\">{b4a2127c-a322-4fd3-b75d-b2482095bca8}</Data>\n<Data Name=\"url\">http://au.download.windowsupdate.com/msdownload/update/software/secu/2012/12/windows6.1-kb2785220-x64-express_7fda1a0b259d8e7ad9d263b3b52e4274638c8b31.cab</Data>\n<Data Name=\"peer\"></Data>\n<Data Name=\"fileTime\">2012-12-10 18:01:27+00:00</Data>\n<Data Name=\"fileLength\">70071</Data>\n<Data Name=\"bytesTotal\">70071</Data>\n<Data Name=\"bytesTransferred\">0</Data>\n<Data Name=\"bytesTransferredFromPeer\">0</Data>\n</EventData>\n</Event>\n"
  },
  {
    "EventID": 59,
    "Timestamp": "2014-01-25 01:38:31.243389+00:00",
    "Computer": "IACIS-HDD-2014",
    "Channel": "Microsoft-Windows-Bits-Client/Operational",
    "Level": "Information",
    "EventData": {
      "transferId": "{9ee16284-04b3-46cd-a299-a92b36af3610}",
      "name": "WU Client Download",
      "Id": "{4558594d-76e8-402e-9f76-ede61f345b1f}",
      "url": "http://au.download.windowsupdate.com/msdownload/update/software/secu/2013/06/windows6.1-kb2845187-x64-express_996d9c6a911ac0c1e39b50f2d891bff69ee41125.cab",
      "peer": "",
      "fileTime": "2013-06-19 01:58:39+00:00",
      "fileLength": "39867",
      "bytesTotal": "39867",
      "bytesTransferred": "0",
      "bytesTransferredFromPeer": "0"
    },
    "RawXml": "<Event xmlns=\"http://schemas.microsoft.com/win/2004/08/events/event\"><System><Provider Name=\"Microsoft-Windows-Bits-Client\" Guid=\"{ef1cc15b-46c1-414e-bb95-e76b077bd51e}\"></Provider>\n<EventID Qualifiers=\"\">59</EventID>\n<Version>1</Version>\n<Level>4</Level>\n<Task>0</Task>\n<Opcode>1</Opcode>\n<Keywords>0x4000000000000000</Keywords>\n<TimeCreated SystemTime=\"2014-01-25 01:38:31.243389+00:00\"></TimeCreated>\n<EventRecordID>483</EventRecordID>\n<Correlation ActivityID=\"{9ee16284-04b3-46cd-a299-a92b36af3610}\" RelatedActivityID=\"\"></Correlation>\n<Execution ProcessID=\"888\" ThreadID=\"2952\"></Execution>\n<Channel>Microsoft-Windows-Bits-Client/Operational</Channel>\n<Computer>IACIS-HDD-2014</Computer>\n<Security UserID=\"S-1-5-18\"></Security>\n</System>\n<EventData><Data Name=\"transferId\">{9ee16284-04b3-46cd-a299-a92b36af3610}</Data>\n<Data Name=\"name\">WU Client Download</Data>\n<Data Name=\"Id\">{4558594d-76e8-402e-9f76-ede61f345b1f}</Data>\n<Data Name=\"url\">http://au.download.windowsupdate.com/msdownload/update/software/secu/2013/06/windows6.1-kb2845187-x64-express_996d9c6a911ac0c1e39b50f2d891bff69ee41125.cab</Data>\n<Data Name=\"peer\"></Data>\n<Data Name=\"fileTime\">2013-06-19 01:58:39+00:00</Data>\n<Data Name=\"fileLength\">39867</Data>\n<Data Name=\"bytesTotal\">39867</Data>\n<Data Name=\"bytesTransferred\">0</Data>\n<Data Name=\"bytesTransferredFromPeer\">0</Data>\n</EventData>\n</Event>\n"
  },
  {
    "EventID": 59,
    "Timestamp": "2014-01-25 01:38:31.258987+00:00",
    "Computer": "IACIS-HDD-2014",
    "Channel": "Microsoft-Windows-Bits-Client/Operational",
    "Level": "Information",
    "EventData": {
      "transferId": "{a3b9f106-888c-4d48-92cc-7886b5ca02fd}",
      "name": "WU Client Download",
      "Id": "{2a2e6c3c-42b8-4bd2-b228-c7c55c0b7e7f}",
      "url": "http://au.download.windowsupdate.com/msdownload/update/software/secu/2012/11/windows6.1-kb2770660-x64-express_c0f8b0d5283b2ae18cbc835b37a68a0dff576a86.cab",
      "peer": "",
      "fileTime": "2012-11-20 05:39:59+00:00",
      "fileLength": "60311",
      "bytesTotal": "60311",
      "bytesTransferred": "0",
      "bytesTransferredFromPeer": "0"
    },
    "RawXml": "<Event xmlns=\"http://schemas.microsoft.com/win/2004/08/events/event\"><System><Provider Name=\"Microsoft-Windows-Bits-Client\" Guid=\"{ef1cc15b-46c1-414e-bb95-e76b077bd51e}\"></Provider>\n<EventID Qualifiers=\"\">59</EventID>\n<Version>1</Version>\n<Level>4</Level>\n<Task>0</Task>\n<Opcode>1</Opcode>\n<Keywords>0x4000000000000000</Keywords>\n<TimeCreated SystemTime=\"2014-01-25 01:38:31.258987+00:00\"></TimeCreated>\n<EventRecordID>484</EventRecordID>\n<Correlation ActivityID=\"{a3b9f106-888c-4d48-92cc-7886b5ca02fd}\" RelatedActivityID=\"\"></Correlation>\n<Execution ProcessID=\"888\" ThreadID=\"2952\"></Execution>\n<Channel>Microsoft-Windows-Bits-Client/Operational</Channel>\n<Computer>IACIS-HDD-2014</Computer>\n<Security UserID=\"S-1-5-18\"></Security>\n</System>\n<EventData><Data Name=\"transferId\">{a3b9f106-888c-4d48-92cc-7886b5ca02fd}</Data>\n<Data Name=\"name\">WU Client Download</Data>\n<Data Name=\"Id\">{2a2e6c3c-42b8-4bd2-b228-c7c55c0b7e7f}</Data>\n<Data Name=\"url\">http://au.download.windowsupdate.com/msdownload/update/software/secu/2012/11/windows6.1-kb2770660-x64-express_c0f8b0d5283b2ae18cbc835b37a68a0dff576a86.cab</Data>\n<Data Name=\"peer\"></Data>\n<Data Name=\"fileTime\">2012-11-20 05:39:59+00:00</Data>\n<Data Name=\"fileLength\">60311</Data>\n<Data Name=\"bytesTotal\">60311</Data>\n<Data Name=\"bytesTransferred\">0</Data>\n<Data Name=\"bytesTransferredFromPeer\">0</Data>\n</EventData>\n</Event>\n"
  },
  {
    "EventID": 59,
    "Timestamp": "2014-01-25 01:38:31.274588+00:00",
    "Computer": "IACIS-HDD-2014",
    "Channel": "Microsoft-Windows-Bits-Client/Operational",
    "Level": "Information",
    "EventData": {
      "transferId": "{348df916-6a6d-4718-945b-c2650a2768c6}",
      "name": "WU Client Download",
      "Id": "{ae545347-602b-42e6-81b2-c127774f96cf}",
      "url": "http://au.download.windowsupdate.com/msdownload/update/software/secu/2012/10/windows6.1-kb2758857-x64-express_de3900c75eb5e8760d30530241c61ef620887f49.cab",
      "peer": "",
      "fileTime": "2012-10-23 21:10:17+00:00",
      "fileLength": "1796067",
      "bytesTotal": "1796067",
      "bytesTransferred": "0",
      "bytesTransferredFromPeer": "0"
    },
    "RawXml": "<Event xmlns=\"http://schemas.microsoft.com/win/2004/08/events/event\"><System><Provider Name=\"Microsoft-Windows-Bits-Client\" Guid=\"{ef1cc15b-46c1-414e-bb95-e76b077bd51e}\"></Provider>\n<EventID Qualifiers=\"\">59</EventID>\n<Version>1</Version>\n<Level>4</Level>\n<Task>0</Task>\n<Opcode>1</Opcode>\n<Keywords>0x4000000000000000</Keywords>\n<TimeCreated SystemTime=\"2014-01-25 01:38:31.274588+00:00\"></TimeCreated>\n<EventRecordID>485</EventRecordID>\n<Correlation ActivityID=\"{348df916-6a6d-4718-945b-c2650a2768c6}\" RelatedActivityID=\"\"></Correlation>\n<Execution ProcessID=\"888\" ThreadID=\"2952\"></Execution>\n<Channel>Microsoft-Windows-Bits-Client/Operational</Channel>\n<Computer>IACIS-HDD-2014</Computer>\n<Security UserID=\"S-1-5-18\"></Security>\n</System>\n<EventData><Data Name=\"transferId\">{348df916-6a6d-4718-945b-c2650a2768c6}</Data>\n<Data Name=\"name\">WU Client Download</Data>\n<Data Name=\"Id\">{ae545347-602b-42e6-81b2-c127774f96cf}</Data>\n<Data Name=\"url\">http://au.download.windowsupdate.com/msdownload/update/software/secu/2012/10/windows6.1-kb2758857-x64-express_de3900c75eb5e8760d30530241c61ef620887f49.cab</Data>\n<Data Name=\"peer\"></Data>\n<Data Name=\"fileTime\">2012-10-23 21:10:17+00:00</Data>\n<Data Name=\"fileLength\">1796067</Data>\n<Data Name=\"bytesTotal\">1796067</Data>\n<Data Name=\"bytesTransferred\">0</Data>\n<Data Name=\"bytesTransferredFromPeer\">0</Data>\n</EventData>\n</Event>\n"
  },
  {
    "EventID": 59,
    "Timestamp": "2014-01-25 01:38:31.290188+00:00",
    "Computer": "IACIS-HDD-2014",
    "Channel": "Microsoft-Windows-Bits-Client/Operational",
    "Level": "Information",
    "EventData": {
      "transferId": "{4482a381-acfc-4d23-b083-b287433b5110}",
      "name": "WU Client Download",
      "Id": "{d0fc44a9-4dfc-439c-b314-f139ae4aec9f}",
      "url": "http://au.download.windowsupdate.com/msdownload/update/software/secu/2011/03/windows6.1-kb2509553-x64-express_d7ef5d0b7034cd37ce24369f34e900fec6902e96.cab",
      "peer": "",
      "fileTime": "2011-03-16 20:00:17+00:00",
      "fileLength": "68191",
      "bytesTotal": "68191",
      "bytesTransferred": "0",
      "bytesTransferredFromPeer": "0"
    },
    "RawXml": "<Event xmlns=\"http://schemas.microsoft.com/win/2004/08/events/event\"><System><Provider Name=\"Microsoft-Windows-Bits-Client\" Guid=\"{ef1cc15b-46c1-414e-bb95-e76b077bd51e}\"></Provider>\n<EventID Qualifiers=\"\">59</EventID>\n<Version>1</Version>\n<Level>4</Level>\n<Task>0</Task>\n<Opcode>1</Opcode>\n<Keywords>0x4000000000000000</Keywords>\n<TimeCreated SystemTime=\"2014-01-25 01:38:31.290188+00:00\"></TimeCreated>\n<EventRecordID>486</EventRecordID>\n<Correlation ActivityID=\"{4482a381-acfc-4d23-b083-b287433b5110}\" RelatedActivityID=\"\"></Correlation>\n<Execution ProcessID=\"888\" ThreadID=\"2952\"></Execution>\n<Channel>Microsoft-Windows-Bits-Client/Operational</Channel>\n<Computer>IACIS-HDD-2014</Computer>\n<Security UserID=\"S-1-5-18\"></Security>\n</System>\n<EventData><Data Name=\"transferId\">{4482a381-acfc-4d23-b083-b287433b5110}</Data>\n<Data Name=\"name\">WU Client Download</Data>\n<Data Name=\"Id\">{d0fc44a9-4dfc-439c-b314-f139ae4aec9f}</Data>\n<Data Name=\"url\">http://au.download.windowsupdate.com/msdownload/update/software/secu/2011/03/windows6.1-kb2509553-x64-express_d7ef5d0b7034cd37ce24369f34e900fec6902e96.cab</Data>\n<Data Name=\"peer\"></Data>\n<Data Name=\"fileTime\">2011-03-16 20:00:17+00:00</Data>\n<Data Name=\"fileLength\">68191</Data>\n<Data Name=\"bytesTotal\">68191</Data>\n<Data Name=\"bytesTransferred\">0</Data>\n<Data Name=\"bytesTransferredFromPeer\">0</Data>\n</EventData>\n</Event>\n"
  },
  {
    "EventID": 59,
    "Timestamp": "2014-01-25 01:38:31.305790+00:00",
    "Computer": "IACIS-HDD-2014",
    "Channel": "Microsoft-Windows-Bits-Client/Operational",
    "Level": "Information",
    "EventData": {
      "transferId": "{86dacbd9-7dcb-4cfa-92f2-e1ff8a53d8ed}",
      "name": "WU Client Download",
      "Id": "{86694a03-7f74-46b9-9520-a0af84966867}",
      "url": "http://au.download.windowsupdate.com/msdownload/update/software/secu/2013/09/windows6.1-kb2862335-x64-express_f62e2b474dc773ba97043a7b9dd0b76faaa43258.cab",
      "peer": "",
      "fileTime": "2013-09-09 16:24:50+00:00",
      "fileLength": "47633",
      "bytesTotal": "47633",
      "bytesTransferred": "0",
      "bytesTransferredFromPeer": "0"
    },
    "RawXml": "<Event xmlns=\"http://schemas.microsoft.com/win/2004/08/events/event\"><System><Provider Name=\"Microsoft-Windows-Bits-Client\" Guid=\"{ef1cc15b-46c1-414e-bb95-e76b077bd51e}\"></Provider>\n<EventID Qualifiers=\"\">59</EventID>\n<Version>1</Version>\n<Level>4</Level>\n<Task>0</Task>\n<Opcode>1</Opcode>\n<Keywords>0x4000000000000000</Keywords>\n<TimeCreated SystemTime=\"2014-01-25 01:38:31.305790+00:00\"></TimeCreated>\n<EventRecordID>487</EventRecordID>\n<Correlation ActivityID=\"{86dacbd9-7dcb-4cfa-92f2-e1ff8a53d8ed}\" RelatedActivityID=\"\"></Correlation>\n<Execution ProcessID=\"888\" ThreadID=\"2952\"></Execution>\n<Channel>Microsoft-Windows-Bits-Client/Operational</Channel>\n<Computer>IACIS-HDD-2014</Computer>\n<Security UserID=\"S-1-5-18\"></Security>\n</System>\n<EventData><Data Name=\"transferId\">{86dacbd9-7dcb-4cfa-92f2-e1ff8a53d8ed}</Data>\n<Data Name=\"name\">WU Client Download</Data>\n<Data Name=\"Id\">{86694a03-7f74-46b9-9520-a0af84966867}</Data>\n<Data Name=\"url\">http://au.download.windowsupdate.com/msdownload/update/software/secu/2013/09/windows6.1-kb2862335-x64-express_f62e2b474dc773ba97043a7b9dd0b76faaa43258.cab</Data>\n<Data Name=\"peer\"></Data>\n<Data Name=\"fileTime\">2013-09-09 16:24:50+00:00</Data>\n<Data Name=\"fileLength\">47633</Data>\n<Data Name=\"bytesTotal\">47633</Data>\n<Data Name=\"bytesTransferred\">0</Data>\n<Data Name=\"bytesTransferredFromPeer\">0</Data>\n</EventData>\n</Event>\n"
  },
  {
    "EventID": 59,
    "Timestamp": "2014-01-25 01:38:31.321390+00:00",
    "Computer": "IACIS-HDD-2014",
    "Channel": "Microsoft-Windows-Bits-Client/Operational",
    "Level": "Information",
    "EventData": {
      "transferId": "{8b7633f0-e59d-4ff4-bd31-b06d63b054dc}",
      "name": "WU Client Download",
      "Id": "{82f79668-b90a-4925-81f9-c151d9000ffa}",
      "url": "http://au.download.windowsupdate.com/msdownload/update/software/secu/2012/12/windows6.1-kb2757638-x64-express_276cf9b33c13b94bfc9ee07de5dbbe774bd0a8c4.cab",
      "peer": "",
      "fileTime": "2012-12-10 17:04:29+00:00",
      "fileLength": "83659",
      "bytesTotal": "83659",
      "bytesTransferred": "0",
      "bytesTransferredFromPeer": "0"
    },
    "RawXml": "<Event xmlns=\"http://schemas.microsoft.com/win/2004/08/events/event\"><System><Provider Name=\"Microsoft-Windows-Bits-Client\" Guid=\"{ef1cc15b-46c1-414e-bb95-e76b077bd51e}\"></Provider>\n<EventID Qualifiers=\"\">59</EventID>\n<Version>1</Version>\n<Level>4</Level>\n<Task>0</Task>\n<Opcode>1</Opcode>\n<Keywords>0x4000000000000000</Keywords>\n<TimeCreated SystemTime=\"2014-01-25 01:38:31.321390+00:00\"></TimeCreated>\n<EventRecordID>488</EventRecordID>\n<Correlation ActivityID=\"{8b7633f0-e59d-4ff4-bd31-b06d63b054dc}\" RelatedActivityID=\"\"></Correlation>\n<Execution ProcessID=\"888\" ThreadID=\"2952\"></Execution>\n<Channel>Microsoft-Windows-Bits-Client/Operational</Channel>\n<Computer>IACIS-HDD-2014</Computer>\n<Security UserID=\"S-1-5-18\"></Security>\n</System>\n<EventData><Data Name=\"transferId\">{8b7633f0-e59d-4ff4-bd31-b06d63b054dc}</Data>\n<Data Name=\"name\">WU Client Download</Data>\n<Data Name=\"Id\">{82f79668-b90a-4925-81f9-c151d9000ffa}</Data>\n<Data Name=\"url\">http://au.download.windowsupdate.com/msdownload/update/software/secu/2012/12/windows6.1-kb2757638-x64-express_276cf9b33c13b94bfc9ee07de5dbbe774bd0a8c4.cab</Data>\n<Data Name=\"peer\"></Data>\n<Data Name=\"fileTime\">2012-12-10 17:04:29+00:00</Data>\n<Data Name=\"fileLength\">83659</Data>\n<Data Name=\"bytesTotal\">83659</Data>\n<Data Name=\"bytesTransferred\">0</Data>\n<Data Name=\"bytesTransferredFromPeer\">0</Data>\n</EventData>\n</Event>\n"
  },
  {
    "EventID": 59,
    "Timestamp": "2014-01-25 01:38:31.336990+00:00",
    "Computer": "IACIS-HDD-2014",
    "Channel": "Microsoft-Windows-Bits-Client/Operational",
    "Level": "Information",
    "EventData": {
      "transferId": "{89eb252d-c134-4eb5-82ad-1c5cc160a3a6}",
      "name": "WU Client Download",
      "Id": "{6d000481-e023-4786-9ee9-2735aa9da676}",
      "url": "http://au.download.windowsupdate.com/msdownload/update/software/secu/2013/07/windows6.1-kb2868038-x64-express_5baee28996c8808ebbfdbbc947f33beda1eaf146.cab",
      "peer": "",
      "fileTime": "2013-07-22 23:37:33+00:00",
      "fileLength": "46115",
      "bytesTotal": "46115",
      "bytesTransferred": "0",
      "bytesTransferredFromPeer": "0"
    },
    "RawXml": "<Event xmlns=\"http://schemas.microsoft.com/win/2004/08/events/event\"><System><Provider Name=\"Microsoft-Windows-Bits-Client\" Guid=\"{ef1cc15b-46c1-414e-bb95-e76b077bd51e}\"></Provider>\n<EventID Qualifiers=\"\">59</EventID>\n<Version>1</Version>\n<Level>4</Level>\n<Task>0</Task>\n<Opcode>1</Opcode>\n<Keywords>0x4000000000000000</Keywords>\n<TimeCreated SystemTime=\"2014-01-25 01:38:31.336990+00:00\"></TimeCreated>\n<EventRecordID>489</EventRecordID>\n<Correlation ActivityID=\"{89eb252d-c134-4eb5-82ad-1c5cc160a3a6}\" RelatedActivityID=\"\"></Correlation>\n<Execution ProcessID=\"888\" ThreadID=\"2952\"></Execution>\n<Channel>Microsoft-Windows-Bits-Client/Operational</Channel>\n<Computer>IACIS-HDD-2014</Computer>\n<Security UserID=\"S-1-5-18\"></Security>\n</System>\n<EventData><Data Name=\"transferId\">{89eb252d-c134-4eb5-82ad-1c5cc160a3a6}</Data>\n<Data Name=\"name\">WU Client Download</Data>\n<Data Name=\"Id\">{6d000481-e023-4786-9ee9-2735aa9da676}</Data>\n<Data Name=\"url\">http://au.download.windowsupdate.com/msdownload/update/software/secu/2013/07/windows6.1-kb2868038-x64-express_5baee28996c8808ebbfdbbc947f33beda1eaf146.cab</Data>\n<Data Name=\"peer\"></Data>\n<Data Name=\"fileTime\">2013-07-22 23:37:33+00:00</Data>\n<Data Name=\"fileLength\">46115</Data>\n<Data Name=\"bytesTotal\">46115</Data>\n<Data Name=\"bytesTransferred\">0</Data>\n<Data Name=\"bytesTransferredFromPeer\">0</Data>\n</EventData>\n</Event>\n"
  },
  {
    "EventID": 59,
    "Timestamp": "2014-01-25 01:38:31.352591+00:00",
    "Computer": "IACIS-HDD-2014",
    "Channel": "Microsoft-Windows-Bits-Client/Operational",
    "Level": "Information",
    "EventData": {
      "transferId": "{d22d8939-f122-4b46-a077-7ae11ff7fb76}",
      "name": "WU Client Download",
      "Id": "{6f4d76dc-7c73-4955-a219-0acce5956e4f}",
      "url": "http://au.download.windowsupdate.com/msdownload/update/software/secu/2013/07/windows6.1-kb2849470-x64-express_3c280578c9603a30d0e32f2858b220d82e7888ec.cab",
      "peer": "",
      "fileTime": "2013-07-24 00:33:52+00:00",
      "fileLength": "76663",
      "bytesTotal": "76663",
      "bytesTransferred": "0",
      "bytesTransferredFromPeer": "0"
    },
    "RawXml": "<Event xmlns=\"http://schemas.microsoft.com/win/2004/08/events/event\"><System><Provider Name=\"Microsoft-Windows-Bits-Client\" Guid=\"{ef1cc15b-46c1-414e-bb95-e76b077bd51e}\"></Provider>\n<EventID Qualifiers=\"\">59</EventID>\n<Version>1</Version>\n<Level>4</Level>\n<Task>0</Task>\n<Opcode>1</Opcode>\n<Keywords>0x4000000000000000</Keywords>\n<TimeCreated SystemTime=\"2014-01-25 01:38:31.352591+00:00\"></TimeCreated>\n<EventRecordID>490</EventRecordID>\n<Correlation ActivityID=\"{d22d8939-f122-4b46-a077-7ae11ff7fb76}\" RelatedActivityID=\"\"></Correlation>\n<Execution ProcessID=\"888\" ThreadID=\"2952\"></Execution>\n<Channel>Microsoft-Windows-Bits-Client/Operational</Channel>\n<Computer>IACIS-HDD-2014</Computer>\n<Security UserID=\"S-1-5-18\"></Security>\n</System>\n<EventData><Data Name=\"transferId\">{d22d8939-f122-4b46-a077-7ae11ff7fb76}</Data>\n<Data Name=\"name\">WU Client Download</Data>\n<Data Name=\"Id\">{6f4d76dc-7c73-4955-a219-0acce5956e4f}</Data>\n<Data Name=\"url\">http://au.download.windowsupdate.com/msdownload/update/software/secu/2013/07/windows6.1-kb2849470-x64-express_3c280578c9603a30d0e32f2858b220d82e7888ec.cab</Data>\n<Data Name=\"peer\"></Data>\n<Data Name=\"fileTime\">2013-07-24 00:33:52+00:00</Data>\n<Data Name=\"fileLength\">76663</Data>\n<Data Name=\"bytesTotal\">76663</Data>\n<Data Name=\"bytesTransferred\">0</Data>\n<Data Name=\"bytesTransferredFromPeer\">0</Data>\n</EventData>\n</Event>\n"
  },
  {
    "EventID": 59,
    "Timestamp": "2014-01-25 01:38:31.368189+00:00",
    "Computer": "IACIS-HDD-2014",
    "Channel": "Microsoft-Windows-Bits-Client/Operational",
    "Level": "Information",
    "EventData": {
      "transferId": "{5673f066-a0a7-44ae-ae62-353546baa013}",
      "name": "WU Client Download",
      "Id": "{460b7075-08af-431d-9a2e-0e934a7e7c62}",
      "url": "http://au.download.windowsupdate.com/msdownload/update/software/secu/2013/07/windows6.1-kb2864202-x64-express_0376484aa0a4814d409fd7f05e8b111e36634adf.cab",
      "peer": "",
      "fileTime": "2013-07-23 21:17:23+00:00",
      "fileLength": "40555",
      "bytesTotal": "40555",
      "bytesTransferred": "0",
      "bytesTransferredFromPeer": "0"
    },
    "RawXml": "<Event xmlns=\"http://schemas.microsoft.com/win/2004/08/events/event\"><System><Provider Name=\"Microsoft-Windows-Bits-Client\" Guid=\"{ef1cc15b-46c1-414e-bb95-e76b077bd51e}\"></Provider>\n<EventID Qualifiers=\"\">59</EventID>\n<Version>1</Version>\n<Level>4</Level>\n<Task>0</Task>\n<Opcode>1</Opcode>\n<Keywords>0x4000000000000000</Keywords>\n<TimeCreated SystemTime=\"2014-01-25 01:38:31.368189+00:00\"></TimeCreated>\n<EventRecordID>491</EventRecordID>\n<Correlation ActivityID=\"{5673f066-a0a7-44ae-ae62-353546baa013}\" RelatedActivityID=\"\"></Correlation>\n<Execution ProcessID=\"888\" ThreadID=\"2952\"></Execution>\n<Channel>Microsoft-Windows-Bits-Client/Operational</Channel>\n<Computer>IACIS-HDD-2014</Computer>\n<Security UserID=\"S-1-5-18\"></Security>\n</System>\n<EventData><Data Name=\"transferId\">{5673f066-a0a7-44ae-ae62-353546baa013}</Data>\n<Data Name=\"name\">WU Client Download</Data>\n<Data Name=\"Id\">{460b7075-08af-431d-9a2e-0e934a7e7c62}</Data>\n<Data Name=\"url\">http://au.download.windowsupdate.com/msdownload/update/software/secu/2013/07/windows6.1-kb2864202-x64-express_0376484aa0a4814d409fd7f05e8b111e36634adf.cab</Data>\n<Data Name=\"peer\"></Data>\n<Data Name=\"fileTime\">2013-07-23 21:17:23+00:00</Data>\n<Data Name=\"fileLength\">40555</Data>\n<Data Name=\"bytesTotal\">40555</Data>\n<Data Name=\"bytesTransferred\">0</Data>\n<Data Name=\"bytesTransferredFromPeer\">0</Data>\n</EventData>\n</Event>\n"
  },
  {
    "EventID": 59,
    "Timestamp": "2014-01-25 01:38:31.383789+00:00",
    "Computer": "IACIS-HDD-2014",
    "Channel": "Microsoft-Windows-Bits-Client/Operational",
    "Level": "Information",
    "EventData": {
      "transferId": "{60691023-5dcc-4fb9-b938-c9b6dce2cedc}",
      "name": "WU Client Download",
      "Id": "{d17a6499-fcaf-4644-8039-031cee9c4dbb}",
      "url": "http://au.download.windowsupdate.com/msdownload/update/software/secu/2012/06/windows6.1-kb2655992-x64-express_09eaacf8a8ef31b52197afacdd522a47896ffd56.cab",
      "peer": "",
      "fileTime": "2012-06-07 19:23:49+00:00",
      "fileLength": "132383",
      "bytesTotal": "132383",
      "bytesTransferred": "0",
      "bytesTransferredFromPeer": "0"
    },
    "RawXml": "<Event xmlns=\"http://schemas.microsoft.com/win/2004/08/events/event\"><System><Provider Name=\"Microsoft-Windows-Bits-Client\" Guid=\"{ef1cc15b-46c1-414e-bb95-e76b077bd51e}\"></Provider>\n<EventID Qualifiers=\"\">59</EventID>\n<Version>1</Version>\n<Level>4</Level>\n<Task>0</Task>\n<Opcode>1</Opcode>\n<Keywords>0x4000000000000000</Keywords>\n<TimeCreated SystemTime=\"2014-01-25 01:38:31.383789+00:00\"></TimeCreated>\n<EventRecordID>492</EventRecordID>\n<Correlation ActivityID=\"{60691023-5dcc-4fb9-b938-c9b6dce2cedc}\" RelatedActivityID=\"\"></Correlation>\n<Execution ProcessID=\"888\" ThreadID=\"2952\"></Execution>\n<Channel>Microsoft-Windows-Bits-Client/Operational</Channel>\n<Computer>IACIS-HDD-2014</Computer>\n<Security UserID=\"S-1-5-18\"></Security>\n</System>\n<EventData><Data Name=\"transferId\">{60691023-5dcc-4fb9-b938-c9b6dce2cedc}</Data>\n<Data Name=\"name\">WU Client Download</Data>\n<Data Name=\"Id\">{d17a6499-fcaf-4644-8039-031cee9c4dbb}</Data>\n<Data Name=\"url\">http://au.download.windowsupdate.com/msdownload/update/software/secu/2012/06/windows6.1-kb2655992-x64-express_09eaacf8a8ef31b52197afacdd522a47896ffd56.cab</Data>\n<Data Name=\"peer\"></Data>\n<Data Name=\"fileTime\">2012-06-07 19:23:49+00:00</Data>\n<Data Name=\"fileLength\">132383</Data>\n<Data Name=\"bytesTotal\">132383</Data>\n<Data Name=\"bytesTransferred\">0</Data>\n<Data Name=\"bytesTransferredFromPeer\">0</Data>\n</EventData>\n</Event>\n"
  },
  {
    "EventID": 59,
    "Timestamp": "2014-01-25 01:38:31.399389+00:00",
    "Computer": "IACIS-HDD-2014",
    "Channel": "Microsoft-Windows-Bits-Client/Operational",
    "Level": "Information",
    "EventData": {
      "transferId": "{b00d0685-993b-4ab5-9766-b08ca775617b}",
      "name": "WU Client Download",
      "Id": "{582648dc-f11c-4384-b0a3-7faa473f64b2}",
      "url": "http://au.download.windowsupdate.com/msdownload/update/software/secu/2012/05/windows6.1-kb2667402-v2-x64-express_30b717286d26fff097a4d0925b5a7c9c4c4d37cd.cab",
      "peer": "",
      "fileTime": "2012-05-23 23:24:27+00:00",
      "fileLength": "60973",
      "bytesTotal": "60973",
      "bytesTransferred": "0",
      "bytesTransferredFromPeer": "0"
    },
    "RawXml": "<Event xmlns=\"http://schemas.microsoft.com/win/2004/08/events/event\"><System><Provider Name=\"Microsoft-Windows-Bits-Client\" Guid=\"{ef1cc15b-46c1-414e-bb95-e76b077bd51e}\"></Provider>\n<EventID Qualifiers=\"\">59</EventID>\n<Version>1</Version>\n<Level>4</Level>\n<Task>0</Task>\n<Opcode>1</Opcode>\n<Keywords>0x4000000000000000</Keywords>\n<TimeCreated SystemTime=\"2014-01-25 01:38:31.399389+00:00\"></TimeCreated>\n<EventRecordID>493</EventRecordID>\n<Correlation ActivityID=\"{b00d0685-993b-4ab5-9766-b08ca775617b}\" RelatedActivityID=\"\"></Correlation>\n<Execution ProcessID=\"888\" ThreadID=\"2952\"></Execution>\n<Channel>Microsoft-Windows-Bits-Client/Operational</Channel>\n<Computer>IACIS-HDD-2014</Computer>\n<Security UserID=\"S-1-5-18\"></Security>\n</System>\n<EventData><Data Name=\"transferId\">{b00d0685-993b-4ab5-9766-b08ca775617b}</Data>\n<Data Name=\"name\">WU Client Download</Data>\n<Data Name=\"Id\">{582648dc-f11c-4384-b0a3-7faa473f64b2}</Data>\n<Data Name=\"url\">http://au.download.windowsupdate.com/msdownload/update/software/secu/2012/05/windows6.1-kb2667402-v2-x64-express_30b717286d26fff097a4d0925b5a7c9c4c4d37cd.cab</Data>\n<Data Name=\"peer\"></Data>\n<Data Name=\"fileTime\">2012-05-23 23:24:27+00:00</Data>\n<Data Name=\"fileLength\">60973</Data>\n<Data Name=\"bytesTotal\">60973</Data>\n<Data Name=\"bytesTransferred\">0</Data>\n<Data Name=\"bytesTransferredFromPeer\">0</Data>\n</EventData>\n</Event>\n"
  },
  {
    "EventID": 59,
    "Timestamp": "2014-01-25 01:38:31.414989+00:00",
    "Computer": "IACIS-HDD-2014",
    "Channel": "Microsoft-Windows-Bits-Client/Operational",
    "Level": "Information",
    "EventData": {
      "transferId": "{4ab67f37-10d7-4507-b671-977a4e1e6e6e}",
      "name": "WU Client Download",
      "Id": "{e2f10feb-7f02-4fd9-821a-7404eea882e8}",
      "url": "http://au.download.windowsupdate.com/msdownload/update/software/secu/2013/02/windows6.1-kb2807986-x64-express_05ebe1a3a5b344e72a78c98f38220b06a3970c27.cab",
      "peer": "",
      "fileTime": "2013-02-20 08:53:38+00:00",
      "fileLength": "68309",
      "bytesTotal": "68309",
      "bytesTransferred": "0",
      "bytesTransferredFromPeer": "0"
    },
    "RawXml": "<Event xmlns=\"http://schemas.microsoft.com/win/2004/08/events/event\"><System><Provider Name=\"Microsoft-Windows-Bits-Client\" Guid=\"{ef1cc15b-46c1-414e-bb95-e76b077bd51e}\"></Provider>\n<EventID Qualifiers=\"\">59</EventID>\n<Version>1</Version>\n<Level>4</Level>\n<Task>0</Task>\n<Opcode>1</Opcode>\n<Keywords>0x4000000000000000</Keywords>\n<TimeCreated SystemTime=\"2014-01-25 01:38:31.414989+00:00\"></TimeCreated>\n<EventRecordID>494</EventRecordID>\n<Correlation ActivityID=\"{4ab67f37-10d7-4507-b671-977a4e1e6e6e}\" RelatedActivityID=\"\"></Correlation>\n<Execution ProcessID=\"888\" ThreadID=\"2952\"></Execution>\n<Channel>Microsoft-Windows-Bits-Client/Operational</Channel>\n<Computer>IACIS-HDD-2014</Computer>\n<Security UserID=\"S-1-5-18\"></Security>\n</System>\n<EventData><Data Name=\"transferId\">{4ab67f37-10d7-4507-b671-977a4e1e6e6e}</Data>\n<Data Name=\"name\">WU Client Download</Data>\n<Data Name=\"Id\">{e2f10feb-7f02-4fd9-821a-7404eea882e8}</Data>\n<Data Name=\"url\">http://au.download.windowsupdate.com/msdownload/update/software/secu/2013/02/windows6.1-kb2807986-x64-express_05ebe1a3a5b344e72a78c98f38220b06a3970c27.cab</Data>\n<Data Name=\"peer\"></Data>\n<Data Name=\"fileTime\">2013-02-20 08:53:38+00:00</Data>\n<Data Name=\"fileLength\">68309</Data>\n<Data Name=\"bytesTotal\">68309</Data>\n<Data Name=\"bytesTransferred\">0</Data>\n<Data Name=\"bytesTransferredFromPeer\">0</Data>\n</EventData>\n</Event>\n"
  },
  {
    "EventID": 59,
    "Timestamp": "2014-01-25 01:38:31.430590+00:00",
    "Computer": "IACIS-HDD-2014",
    "Channel": "Microsoft-Windows-Bits-Client/Operational",
    "Level": "Information",
    "EventData": {
      "transferId": "{340a1101-1d61-473d-903a-f98c980cef20}",
      "name": "WU Client Download",
      "Id": "{2441b7fa-717d-4fa8-bdbc-f3b31d041301}",
      "url": "http://au.download.windowsupdate.com/msdownload/update/software/secu/2013/08/windows6.1-kb2803821-v2-x64-express_033c39ec7049a323491e677f6d464cb83eabc558.cab",
      "peer": "",
      "fileTime": "2013-08-07 18:24:12+00:00",
      "fileLength": "56703",
      "bytesTotal": "56703",
      "bytesTransferred": "0",
      "bytesTransferredFromPeer": "0"
    },
    "RawXml": "<Event xmlns=\"http://schemas.microsoft.com/win/2004/08/events/event\"><System><Provider Name=\"Microsoft-Windows-Bits-Client\" Guid=\"{ef1cc15b-46c1-414e-bb95-e76b077bd51e}\"></Provider>\n<EventID Qualifiers=\"\">59</EventID>\n<Version>1</Version>\n<Level>4</Level>\n<Task>0</Task>\n<Opcode>1</Opcode>\n<Keywords>0x4000000000000000</Keywords>\n<TimeCreated SystemTime=\"2014-01-25 01:38:31.430590+00:00\"></TimeCreated>\n<EventRecordID>495</EventRecordID>\n<Correlation ActivityID=\"{340a1101-1d61-473d-903a-f98c980cef20}\" RelatedActivityID=\"\"></Correlation>\n<Execution ProcessID=\"888\" ThreadID=\"2952\"></Execution>\n<Channel>Microsoft-Windows-Bits-Client/Operational</Channel>\n<Computer>IACIS-HDD-2014</Computer>\n<Security UserID=\"S-1-5-18\"></Security>\n</System>\n<EventData><Data Name=\"transferId\">{340a1101-1d61-473d-903a-f98c980cef20}</Data>\n<Data Name=\"name\">WU Client Download</Data>\n<Data Name=\"Id\">{2441b7fa-717d-4fa8-bdbc-f3b31d041301}</Data>\n<Data Name=\"url\">http://au.download.windowsupdate.com/msdownload/update/software/secu/2013/08/windows6.1-kb2803821-v2-x64-express_033c39ec7049a323491e677f6d464cb83eabc558.cab</Data>\n<Data Name=\"peer\"></Data>\n<Data Name=\"fileTime\">2013-08-07 18:24:12+00:00</Data>\n<Data Name=\"fileLength\">56703</Data>\n<Data Name=\"bytesTotal\">56703</Data>\n<Data Name=\"bytesTransferred\">0</Data>\n<Data Name=\"bytesTransferredFromPeer\">0</Data>\n</EventData>\n</Event>\n"
  },
  {
    "EventID": 59,
    "Timestamp": "2014-01-25 01:38:31.446190+00:00",
    "Computer": "IACIS-HDD-2014",
    "Channel": "Microsoft-Windows-Bits-Client/Operational",
    "Level": "Information",
    "EventData": {
      "transferId": "{0e943778-ba22-4caa-b6c6-6f36a78409c4}",
      "name": "WU Client Download",
      "Id": "{dcd557ae-edd5-4dac-980f-40519ac1a2c2}",
      "url": "http://au.download.windowsupdate.com/msdownload/update/software/secu/2013/08/windows6.1-kb2872339-x64-express_2877682be71959836f889c1d4a369f69c81eb703.cab",
      "peer": "",
      "fileTime": "2013-08-19 20:15:09+00:00",
      "fileLength": "232277",
      "bytesTotal": "232277",
      "bytesTransferred": "0",
      "bytesTransferredFromPeer": "0"
    },
    "RawXml": "<Event xmlns=\"http://schemas.microsoft.com/win/2004/08/events/event\"><System><Provider Name=\"Microsoft-Windows-Bits-Client\" Guid=\"{ef1cc15b-46c1-414e-bb95-e76b077bd51e}\"></Provider>\n<EventID Qualifiers=\"\">59</EventID>\n<Version>1</Version>\n<Level>4</Level>\n<Task>0</Task>\n<Opcode>1</Opcode>\n<Keywords>0x4000000000000000</Keywords>\n<TimeCreated SystemTime=\"2014-01-25 01:38:31.446190+00:00\"></TimeCreated>\n<EventRecordID>496</EventRecordID>\n<Correlation ActivityID=\"{0e943778-ba22-4caa-b6c6-6f36a78409c4}\" RelatedActivityID=\"\"></Correlation>\n<Execution ProcessID=\"888\" ThreadID=\"2952\"></Execution>\n<Channel>Microsoft-Windows-Bits-Client/Operational</Channel>\n<Computer>IACIS-HDD-2014</Computer>\n<Security UserID=\"S-1-5-18\"></Security>\n</System>\n<EventData><Data Name=\"transferId\">{0e943778-ba22-4caa-b6c6-6f36a78409c4}</Data>\n<Data Name=\"name\">WU Client Download</Data>\n<Data Name=\"Id\">{dcd557ae-edd5-4dac-980f-40519ac1a2c2}</Data>\n<Data Name=\"url\">http://au.download.windowsupdate.com/msdownload/update/software/secu/2013/08/windows6.1-kb2872339-x64-express_2877682be71959836f889c1d4a369f69c81eb703.cab</Data>\n<Data Name=\"peer\"></Data>\n<Data Name=\"fileTime\">2013-08-19 20:15:09+00:00</Data>\n<Data Name=\"fileLength\">232277</Data>\n<Data Name=\"bytesTotal\">232277</Data>\n<Data Name=\"bytesTransferred\">0</Data>\n<Data Name=\"bytesTransferredFromPeer\">0</Data>\n</EventData>\n</Event>\n"
  },
  {
    "EventID": 59,
    "Timestamp": "2014-01-25 01:38:31.461790+00:00",
    "Computer": "IACIS-HDD-2014",
    "Channel": "Microsoft-Windows-Bits-Client/Operational",
    "Level": "Information",
    "EventData": {
      "transferId": "{7f4d29c2-fbf6-4fe8-9f4c-4b168de20762}",
      "name": "WU Client Download",
      "Id": "{2e66deb6-b042-4729-8630-2dfad6e38c87}",
      "url": "http://au.download.windowsupdate.com/msdownload/update/software/secu/2013/12/windows6.1-kb2862330-v2-x64-express_5edc4e174b1b8fe623b144c00f96d66838c095c1.cab",
      "peer": "",
      "fileTime": "2013-12-04 21:10:54+00:00",
      "fileLength": "58925",
      "bytesTotal": "58925",
      "bytesTransferred": "0",
      "bytesTransferredFromPeer": "0"
    },
    "RawXml": "<Event xmlns=\"http://schemas.microsoft.com/win/2004/08/events/event\"><System><Provider Name=\"Microsoft-Windows-Bits-Client\" Guid=\"{ef1cc15b-46c1-414e-bb95-e76b077bd51e}\"></Provider>\n<EventID Qualifiers=\"\">59</EventID>\n<Version>1</Version>\n<Level>4</Level>\n<Task>0</Task>\n<Opcode>1</Opcode>\n<Keywords>0x4000000000000000</Keywords>\n<TimeCreated SystemTime=\"2014-01-25 01:38:31.461790+00:00\"></TimeCreated>\n<EventRecordID>497</EventRecordID>\n<Correlation ActivityID=\"{7f4d29c2-fbf6-4fe8-9f4c-4b168de20762}\" RelatedActivityID=\"\"></Correlation>\n<Execution ProcessID=\"888\" ThreadID=\"2952\"></Execution>\n<Channel>Microsoft-Windows-Bits-Client/Operational</Channel>\n<Computer>IACIS-HDD-2014</Computer>\n<Security UserID=\"S-1-5-18\"></Security>\n</System>\n<EventData><Data Name=\"transferId\">{7f4d29c2-fbf6-4fe8-9f4c-4b168de20762}</Data>\n<Data Name=\"name\">WU Client Download</Data>\n<Data Name=\"Id\">{2e66deb6-b042-4729-8630-2dfad6e38c87}</Data>\n<Data Name=\"url\">http://au.download.windowsupdate.com/msdownload/update/software/secu/2013/12/windows6.1-kb2862330-v2-x64-express_5edc4e174b1b8fe623b144c00f96d66838c095c1.cab</Data>\n<Data Name=\"peer\"></Data>\n<Data Name=\"fileTime\">2013-12-04 21:10:54+00:00</Data>\n<Data Name=\"fileLength\">58925</Data>\n<Data Name=\"bytesTotal\">58925</Data>\n<Data Name=\"bytesTransferred\">0</Data>\n<Data Name=\"bytesTransferredFromPeer\">0</Data>\n</EventData>\n</Event>\n"
  },
  {
    "EventID": 59,
    "Timestamp": "2014-01-25 01:38:31.477390+00:00",
    "Computer": "IACIS-HDD-2014",
    "Channel": "Microsoft-Windows-Bits-Client/Operational",
    "Level": "Information",
    "EventData": {
      "transferId": "{e1b5dc30-ed68-43a6-a4a8-8175d1673c25}",
      "name": "WU Client Download",
      "Id": "{e8680570-0f26-459c-ad39-e57c57f6f364}",
      "url": "http://au.download.windowsupdate.com/msdownload/update/software/secu/2012/06/windows6.1-kb2691442-x64-express_bf19cdd4223fa8997ba05ec765989ab0a130019a.cab",
      "peer": "",
      "fileTime": "2012-06-19 20:33:10+00:00",
      "fileLength": "475139",
      "bytesTotal": "475139",
      "bytesTransferred": "0",
      "bytesTransferredFromPeer": "0"
    },
    "RawXml": "<Event xmlns=\"http://schemas.microsoft.com/win/2004/08/events/event\"><System><Provider Name=\"Microsoft-Windows-Bits-Client\" Guid=\"{ef1cc15b-46c1-414e-bb95-e76b077bd51e}\"></Provider>\n<EventID Qualifiers=\"\">59</EventID>\n<Version>1</Version>\n<Level>4</Level>\n<Task>0</Task>\n<Opcode>1</Opcode>\n<Keywords>0x4000000000000000</Keywords>\n<TimeCreated SystemTime=\"2014-01-25 01:38:31.477390+00:00\"></TimeCreated>\n<EventRecordID>498</EventRecordID>\n<Correlation ActivityID=\"{e1b5dc30-ed68-43a6-a4a8-8175d1673c25}\" RelatedActivityID=\"\"></Correlation>\n<Execution ProcessID=\"888\" ThreadID=\"2952\"></Execution>\n<Channel>Microsoft-Windows-Bits-Client/Operational</Channel>\n<Computer>IACIS-HDD-2014</Computer>\n<Security UserID=\"S-1-5-18\"></Security>\n</System>\n<EventData><Data Name=\"transferId\">{e1b5dc30-ed68-43a6-a4a8-8175d1673c25}</Data>\n<Data Name=\"name\">WU Client Download</Data>\n<Data Name=\"Id\">{e8680570-0f26-459c-ad39-e57c57f6f364}</Data>\n<Data Name=\"url\">http://au.download.windowsupdate.com/msdownload/update/software/secu/2012/06/windows6.1-kb2691442-x64-express_bf19cdd4223fa8997ba05ec765989ab0a130019a.cab</Data>\n<Data Name=\"peer\"></Data>\n<Data Name=\"fileTime\">2012-06-19 20:33:10+00:00</Data>\n<Data Name=\"fileLength\">475139</Data>\n<Data Name=\"bytesTotal\">475139</Data>\n<Data Name=\"bytesTransferred\">0</Data>\n<Data Name=\"bytesTransferredFromPeer\">0</Data>\n</EventData>\n</Event>\n"
  },
  {
    "EventID": 59,
    "Timestamp": "2014-01-25 01:38:31.492990+00:00",
    "Computer": "IACIS-HDD-2014",
    "Channel": "Microsoft-Windows-Bits-Client/Operational",
    "Level": "Information",
    "EventData": {
      "transferId": "{e6af78f8-6ef2-48c4-b8df-1e7a49882bff}",
      "name": "WU Client Download",
      "Id": "{057f6755-445c-4067-bc21-f5e19a93f117}",
      "url": "http://au.download.windowsupdate.com/msdownload/update/software/secu/2013/10/windows6.1-kb2868725-x64-express_962843a14327219bead846dc197fbb58b06a3378.cab",
      "peer": "",
      "fileTime": "2013-10-22 18:47:42+00:00",
      "fileLength": "330645",
      "bytesTotal": "330645",
      "bytesTransferred": "0",
      "bytesTransferredFromPeer": "0"
    },
    "RawXml": "<Event xmlns=\"http://schemas.microsoft.com/win/2004/08/events/event\"><System><Provider Name=\"Microsoft-Windows-Bits-Client\" Guid=\"{ef1cc15b-46c1-414e-bb95-e76b077bd51e}\"></Provider>\n<EventID Qualifiers=\"\">59</EventID>\n<Version>1</Version>\n<Level>4</Level>\n<Task>0</Task>\n<Opcode>1</Opcode>\n<Keywords>0x4000000000000000</Keywords>\n<TimeCreated SystemTime=\"2014-01-25 01:38:31.492990+00:00\"></TimeCreated>\n<EventRecordID>499</EventRecordID>\n<Correlation ActivityID=\"{e6af78f8-6ef2-48c4-b8df-1e7a49882bff}\" RelatedActivityID=\"\"></Correlation>\n<Execution ProcessID=\"888\" ThreadID=\"2952\"></Execution>\n<Channel>Microsoft-Windows-Bits-Client/Operational</Channel>\n<Computer>IACIS-HDD-2014</Computer>\n<Security UserID=\"S-1-5-18\"></Security>\n</System>\n<EventData><Data Name=\"transferId\">{e6af78f8-6ef2-48c4-b8df-1e7a49882bff}</Data>\n<Data Name=\"name\">WU Client Download</Data>\n<Data Name=\"Id\">{057f6755-445c-4067-bc21-f5e19a93f117}</Data>\n<Data Name=\"url\">http://au.download.windowsupdate.com/msdownload/update/software/secu/2013/10/windows6.1-kb2868725-x64-express_962843a14327219bead846dc197fbb58b06a3378.cab</Data>\n<Data Name=\"peer\"></Data>\n<Data Name=\"fileTime\">2013-10-22 18:47:42+00:00</Data>\n<Data Name=\"fileLength\">330645</Data>\n<Data Name=\"bytesTotal\">330645</Data>\n<Data Name=\"bytesTransferred\">0</Data>\n<Data Name=\"bytesTransferredFromPeer\">0</Data>\n</EventData>\n</Event>\n"
  },
  {
    "EventID": 59,
    "Timestamp": "2014-01-25 01:38:31.508591+00:00",
    "Computer": "IACIS-HDD-2014",
    "Channel": "Microsoft-Windows-Bits-Client/Operational",
    "Level": "Information",
    "EventData": {
      "transferId": "{c8c5a45b-eda7-49ea-b16c-415e59703174}",
      "name": "WU Client Download",
      "Id": "{99d908ef-1626-48c4-9196-3d5601e38d32}",
      "url": "http://au.download.windowsupdate.com/msdownload/update/software/secu/2011/03/windows6.1-kb2506212-x64-express_03577fc671ea77965d8b4290aeaf654dc15dfc63.cab",
      "peer": "",
      "fileTime": "2011-03-16 01:10:43+00:00",
      "fileLength": "72713",
      "bytesTotal": "72713",
      "bytesTransferred": "0",
      "bytesTransferredFromPeer": "0"
    },
    "RawXml": "<Event xmlns=\"http://schemas.microsoft.com/win/2004/08/events/event\"><System><Provider Name=\"Microsoft-Windows-Bits-Client\" Guid=\"{ef1cc15b-46c1-414e-bb95-e76b077bd51e}\"></Provider>\n<EventID Qualifiers=\"\">59</EventID>\n<Version>1</Version>\n<Level>4</Level>\n<Task>0</Task>\n<Opcode>1</Opcode>\n<Keywords>0x4000000000000000</Keywords>\n<TimeCreated SystemTime=\"2014-01-25 01:38:31.508591+00:00\"></TimeCreated>\n<EventRecordID>500</EventRecordID>\n<Correlation ActivityID=\"{c8c5a45b-eda7-49ea-b16c-415e59703174}\" RelatedActivityID=\"\"></Correlation>\n<Execution ProcessID=\"888\" ThreadID=\"2952\"></Execution>\n<Channel>Microsoft-Windows-Bits-Client/Operational</Channel>\n<Computer>IACIS-HDD-2014</Computer>\n<Security UserID=\"S-1-5-18\"></Security>\n</System>\n<EventData><Data Name=\"transferId\">{c8c5a45b-eda7-49ea-b16c-415e59703174}</Data>\n<Data Name=\"name\">WU Client Download</Data>\n<Data Name=\"Id\">{99d908ef-1626-48c4-9196-3d5601e38d32}</Data>\n<Data Name=\"url\">http://au.download.windowsupdate.com/msdownload/update/software/secu/2011/03/windows6.1-kb2506212-x64-express_03577fc671ea77965d8b4290aeaf654dc15dfc63.cab</Data>\n<Data Name=\"peer\"></Data>\n<Data Name=\"fileTime\">2011-03-16 01:10:43+00:00</Data>\n<Data Name=\"fileLength\">72713</Data>\n<Data Name=\"bytesTotal\">72713</Data>\n<Data Name=\"bytesTransferred\">0</Data>\n<Data Name=\"bytesTransferredFromPeer\">0</Data>\n</EventData>\n</Event>\n"
  },
  {
    "EventID": 59,
    "Timestamp": "2014-01-25 01:38:31.524189+00:00",
    "Computer": "IACIS-HDD-2014",
    "Channel": "Microsoft-Windows-Bits-Client/Operational",
    "Level": "Information",
    "EventData": {
      "transferId": "{c0f533b0-5d68-4358-811c-819e9c4d9bf9}",
      "name": "WU Client Download",
      "Id": "{a609737e-f072-4aed-b197-8cb2f6d80d64}",
      "url": "http://au.download.windowsupdate.com/msdownload/update/software/secu/2013/09/windows6.1-kb2847311-x64-express_22df428481108fe706baefa975812b6f5aaca217.cab",
      "peer": "",
      "fileTime": "2013-09-18 00:04:08+00:00",
      "fileLength": "54205",
      "bytesTotal": "54205",
      "bytesTransferred": "0",
      "bytesTransferredFromPeer": "0"
    },
    "RawXml": "<Event xmlns=\"http://schemas.microsoft.com/win/2004/08/events/event\"><System><Provider Name=\"Microsoft-Windows-Bits-Client\" Guid=\"{ef1cc15b-46c1-414e-bb95-e76b077bd51e}\"></Provider>\n<EventID Qualifiers=\"\">59</EventID>\n<Version>1</Version>\n<Level>4</Level>\n<Task>0</Task>\n<Opcode>1</Opcode>\n<Keywords>0x4000000000000000</Keywords>\n<TimeCreated SystemTime=\"2014-01-25 01:38:31.524189+00:00\"></TimeCreated>\n<EventRecordID>501</EventRecordID>\n<Correlation ActivityID=\"{c0f533b0-5d68-4358-811c-819e9c4d9bf9}\" RelatedActivityID=\"\"></Correlation>\n<Execution ProcessID=\"888\" ThreadID=\"2952\"></Execution>\n<Channel>Microsoft-Windows-Bits-Client/Operational</Channel>\n<Computer>IACIS-HDD-2014</Computer>\n<Security UserID=\"S-1-5-18\"></Security>\n</System>\n<EventData><Data Name=\"transferId\">{c0f533b0-5d68-4358-811c-819e9c4d9bf9}</Data>\n<Data Name=\"name\">WU Client Download</Data>\n<Data Name=\"Id\">{a609737e-f072-4aed-b197-8cb2f6d80d64}</Data>\n<Data Name=\"url\">http://au.download.windowsupdate.com/msdownload/update/software/secu/2013/09/windows6.1-kb2847311-x64-express_22df428481108fe706baefa975812b6f5aaca217.cab</Data>\n<Data Name=\"peer\"></Data>\n<Data Name=\"fileTime\">2013-09-18 00:04:08+00:00</Data>\n<Data Name=\"fileLength\">54205</Data>\n<Data Name=\"bytesTotal\">54205</Data>\n<Data Name=\"bytesTransferred\">0</Data>\n<Data Name=\"bytesTransferredFromPeer\">0</Data>\n</EventData>\n</Event>\n"
  },
  {
    "EventID": 59,
    "Timestamp": "2014-01-25 01:38:31.539789+00:00",
    "Computer": "IACIS-HDD-2014",
    "Channel": "Microsoft-Windows-Bits-Client/Operational",
    "Level": "Information",
    "EventData": {
      "transferId": "{f95be6ca-9c0b-44fc-a458-c11706dbecdb}",
      "name": "WU Client Download",
      "Id": "{cd384ad6-2daa-4f38-9221-71cac0b5837c}",
      "url": "http://au.download.windowsupdate.com/msdownload/update/software/secu/2013/06/windows6.1-kb2847927-x64-express_5b1137c3a4a4d2a4fa1ac7b5a7e48d5af16006f6.cab",
      "peer": "",
      "fileTime": "2013-06-18 19:00:31+00:00",
      "fileLength": "64219",
      "bytesTotal": "64219",
      "bytesTransferred": "0",
      "bytesTransferredFromPeer": "0"
    },
    "RawXml": "<Event xmlns=\"http://schemas.microsoft.com/win/2004/08/events/event\"><System><Provider Name=\"Microsoft-Windows-Bits-Client\" Guid=\"{ef1cc15b-46c1-414e-bb95-e76b077bd51e}\"></Provider>\n<EventID Qualifiers=\"\">59</EventID>\n<Version>1</Version>\n<Level>4</Level>\n<Task>0</Task>\n<Opcode>1</Opcode>\n<Keywords>0x4000000000000000</Keywords>\n<TimeCreated SystemTime=\"2014-01-25 01:38:31.539789+00:00\"></TimeCreated>\n<EventRecordID>502</EventRecordID>\n<Correlation ActivityID=\"{f95be6ca-9c0b-44fc-a458-c11706dbecdb}\" RelatedActivityID=\"\"></Correlation>\n<Execution ProcessID=\"888\" ThreadID=\"2952\"></Execution>\n<Channel>Microsoft-Windows-Bits-Client/Operational</Channel>\n<Computer>IACIS-HDD-2014</Computer>\n<Security UserID=\"S-1-5-18\"></Security>\n</System>\n<EventData><Data Name=\"transferId\">{f95be6ca-9c0b-44fc-a458-c11706dbecdb}</Data>\n<Data Name=\"name\">WU Client Download</Data>\n<Data Name=\"Id\">{cd384ad6-2daa-4f38-9221-71cac0b5837c}</Data>\n<Data Name=\"url\">http://au.download.windowsupdate.com/msdownload/update/software/secu/2013/06/windows6.1-kb2847927-x64-express_5b1137c3a4a4d2a4fa1ac7b5a7e48d5af16006f6.cab</Data>\n<Data Name=\"peer\"></Data>\n<Data Name=\"fileTime\">2013-06-18 19:00:31+00:00</Data>\n<Data Name=\"fileLength\">64219</Data>\n<Data Name=\"bytesTotal\">64219</Data>\n<Data Name=\"bytesTransferred\">0</Data>\n<Data Name=\"bytesTransferredFromPeer\">0</Data>\n</EventData>\n</Event>\n"
  },
  {
    "EventID": 59,
    "Timestamp": "2014-01-25 01:38:31.555389+00:00",
    "Computer": "IACIS-HDD-2014",
    "Channel": "Microsoft-Windows-Bits-Client/Operational",
    "Level": "Information",
    "EventData": {
      "transferId": "{5212c4d7-c5c4-43c9-93c1-ef737df57493}",
      "name": "WU Client Download",
      "Id": "{dbe5d1cc-a6cc-4b31-a609-5f4f9c9e874a}",
      "url": "http://au.download.windowsupdate.com/msdownload/update/software/secu/2012/04/windows6.1-kb2676562-x64-express_c5302346c1f59948cc9a6511d4daffa58eba1c9c.cab",
      "peer": "",
      "fileTime": "2012-04-09 19:32:52+00:00",
      "fileLength": "78007",
      "bytesTotal": "78007",
      "bytesTransferred": "0",
      "bytesTransferredFromPeer": "0"
    },
    "RawXml": "<Event xmlns=\"http://schemas.microsoft.com/win/2004/08/events/event\"><System><Provider Name=\"Microsoft-Windows-Bits-Client\" Guid=\"{ef1cc15b-46c1-414e-bb95-e76b077bd51e}\"></Provider>\n<EventID Qualifiers=\"\">59</EventID>\n<Version>1</Version>\n<Level>4</Level>\n<Task>0</Task>\n<Opcode>1</Opcode>\n<Keywords>0x4000000000000000</Keywords>\n<TimeCreated SystemTime=\"2014-01-25 01:38:31.555389+00:00\"></TimeCreated>\n<EventRecordID>503</EventRecordID>\n<Correlation ActivityID=\"{5212c4d7-c5c4-43c9-93c1-ef737df57493}\" RelatedActivityID=\"\"></Correlation>\n<Execution ProcessID=\"888\" ThreadID=\"2952\"></Execution>\n<Channel>Microsoft-Windows-Bits-Client/Operational</Channel>\n<Computer>IACIS-HDD-2014</Computer>\n<Security UserID=\"S-1-5-18\"></Security>\n</System>\n<EventData><Data Name=\"transferId\">{5212c4d7-c5c4-43c9-93c1-ef737df57493}</Data>\n<Data Name=\"name\">WU Client Download</Data>\n<Data Name=\"Id\">{dbe5d1cc-a6cc-4b31-a609-5f4f9c9e874a}</Data>\n<Data Name=\"url\">http://au.download.windowsupdate.com/msdownload/update/software/secu/2012/04/windows6.1-kb2676562-x64-express_c5302346c1f59948cc9a6511d4daffa58eba1c9c.cab</Data>\n<Data Name=\"peer\"></Data>\n<Data Name=\"fileTime\">2012-04-09 19:32:52+00:00</Data>\n<Data Name=\"fileLength\">78007</Data>\n<Data Name=\"bytesTotal\">78007</Data>\n<Data Name=\"bytesTransferred\">0</Data>\n<Data Name=\"bytesTransferredFromPeer\">0</Data>\n</EventData>\n</Event>\n"
  },
