  {
    "EventID": 2005,
    "Timestamp": "2014-01-25 01:27:34.324657+00:00",
    "Computer": "IACIS-HDD-2014",
    "Channel": "Microsoft-Windows-Windows Firewall With Advanced Security/Firewall",
    "Level": "Information",
    "EventData": {
      "RuleId": "WMP-Out-TCP-x86",
      "RuleName": "Windows Media Player x86 (TCP-Out)",
      "Origin": "1",
      "ApplicationPath": "C:\\Program Files (x86)\\Windows Media Player\\wmplayer.exe",
      "ServiceName": "",
      "Direction": "2",
      "Protocol": "6",
      "LocalPorts": "*",
      "RemotePorts": "*",
      "Action": "3",
      "Profiles": "5",
      "LocalAddresses": "*",
      "RemoteAddresses": "*",
      "RemoteMachineAuthorizationList": "",
      "RemoteUserAuthorizationList": "",
      "EmbeddedContext": "@FirewallAPI.dll,-31002",
      "Flags": "0",
      "Active": "0",
      "EdgeTraversal": "0",
      "LooseSourceMapped": "0",
      "SecurityOptions": "0",
      "ModifyingUser": "S-1-5-18",
      "ModifyingApplication": "C:\\Windows\\System32\\svchost.exe",
      "SchemaVersion": "522",
      "RuleStatus": "65536"
    },
    "RawXml": "<Event xmlns=\"http://schemas.microsoft.com/win/2004/08/events/event\"><System><Provider Name=\"Microsoft-Windows-Windows Firewall With Advanced Security\" Guid=\"{d1bc9aff-2abf-4d71-9146-ecb2a986eb85}\"></Provider>\n<EventID Qualifiers=\"\">2005</EventID>\n<Version>0</Version>\n<Level>4</Level>\n<Task>0</Task>\n<Opcode>0</Opcode>\n<Keywords>0x8000020000000000</Keywords>\n<TimeCreated SystemTime=\"2014-01-25 01:27:34.324657+00:00\"></TimeCreated>\n<EventRecordID>68</EventRecordID>\n<Correlation ActivityID=\"\" RelatedActivityID=\"\"></Correlation>\n<Execution ProcessID=\"1268\" ThreadID=\"1668\"></Execution>\n<Channel>Microsoft-Windows-Windows Firewall With Advanced Security/Firewall</Channel>\n<Computer>IACIS-HDD-2014</Computer>\n<Security UserID=\"S-1-5-19\"></Security>\n</System>\n<EventData><Data Name=\"RuleId\">WMP-Out-TCP-x86</Data>\n<Data Name=\"RuleName\">Windows Media Player x86 (TCP-Out)</Data>\n<Data Name=\"Origin\">1</Data>\n<Data Name=\"ApplicationPath\">C:\\Program Files (x86)\\Windows Media Player\\wmplayer.exe</Data>\n<Data Name=\"ServiceName\"></Data>\n<Data Name=\"Direction\">2</Data>\n<Data Name=\"Protocol\">6</Data>\n<Data Name=\"LocalPorts\">*</Data>\n<Data Name=\"RemotePorts\">*</Data>\n<Data Name=\"Action\">3</Data>\n<Data Name=\"Profiles\">5</Data>\n<Data Name=\"LocalAddresses\">*</Data>\n<Data Name=\"RemoteAddresses\">*</Data>\n<Data Name=\"RemoteMachineAuthorizationList\"></Data>\n<Data Name=\"RemoteUserAuthorizationList\"></Data>\n<Data Name=\"EmbeddedContext\">@FirewallAPI.dll,-31002</Data>\n<Data Name=\"Flags\">0</Data>\n<Data Name=\"Active\">0</Data>\n<Data Name=\"EdgeTraversal\">0</Data>\n<Data Name=\"LooseSourceMapped\">0</Data>\n<Data Name=\"SecurityOptions\">0</Data>\n<Data Name=\"ModifyingUser\">S-1-5-18</Data>\n<Data Name=\"ModifyingApplication\">C:\\Windows\\System32\\svchost.exe</Data>\n<Data Name=\"SchemaVersion\">522</Data>\n<Data Name=\"RuleStatus\">65536</Data>\n</EventData>\n</Event>\n"
  },
  {
    "EventID": 2004,
    "Timestamp": "2014-01-25 01:27:34.324657+00:00",
    "Computer": "IACIS-HDD-2014",
    "Channel": "Microsoft-Windows-Windows Firewall With Advanced Security/Firewall",
    "Level": "Information",
    "EventData": {
      "RuleId": "{0EFF703F-D6DA-4850-98B6-D3AF388DD492}",
      "RuleName": "Windows Media Player x86 (TCP-Out)",
      "Origin": "1",
      "ApplicationPath": "C:\\Program Files (x86)\\Windows Media Player\\wmplayer.exe",
      "ServiceName": "",
      "Direction": "2",
      "Protocol": "6",
      "LocalPorts": "*",
      "RemotePorts": "*",
      "Action": "3",
      "Profiles": "2",
      "LocalAddresses": "*",
      "RemoteAddresses": "*",
      "RemoteMachineAuthorizationList": "",
      "RemoteUserAuthorizationList": "",
      "EmbeddedContext": "@FirewallAPI.dll,-31002",
      "Flags": "0",
      "Active": "0",
      "EdgeTraversal": "0",
      "LooseSourceMapped": "0",
      "SecurityOptions": "0",
      "ModifyingUser": "S-1-5-18",
      "ModifyingApplication": "C:\\Windows\\System32\\svchost.exe",
      "SchemaVersion": "522",
      "RuleStatus": "65536"
    },
    "RawXml": "<Event xmlns=\"http://schemas.microsoft.com/win/2004/08/events/event\"><System><Provider Name=\"Microsoft-Windows-Windows Firewall With Advanced Security\" Guid=\"{d1bc9aff-2abf-4d71-9146-ecb2a986eb85}\"></Provider>\n<EventID Qualifiers=\"\">2004</EventID>\n<Version>0</Version>\n<Level>4</Level>\n<Task>0</Task>\n<Opcode>0</Opcode>\n<Keywords>0x8000020000000000</Keywords>\n<TimeCreated SystemTime=\"2014-01-25 01:27:34.324657+00:00\"></TimeCreated>\n<EventRecordID>69</EventRecordID>\n<Correlation ActivityID=\"\" RelatedActivityID=\"\"></Correlation>\n<Execution ProcessID=\"1268\" ThreadID=\"1668\"></Execution>\n<Channel>Microsoft-Windows-Windows Firewall With Advanced Security/Firewall</Channel>\n<Computer>IACIS-HDD-2014</Computer>\n<Security UserID=\"S-1-5-19\"></Security>\n</System>\n<EventData><Data Name=\"RuleId\">{0EFF703F-D6DA-4850-98B6-D3AF388DD492}</Data>\n<Data Name=\"RuleName\">Windows Media Player x86 (TCP-Out)</Data>\n<Data Name=\"Origin\">1</Data>\n<Data Name=\"ApplicationPath\">C:\\Program Files (x86)\\Windows Media Player\\wmplayer.exe</Data>\n<Data Name=\"ServiceName\"></Data>\n<Data Name=\"Direction\">2</Data>\n<Data Name=\"Protocol\">6</Data>\n<Data Name=\"LocalPorts\">*</Data>\n<Data Name=\"RemotePorts\">*</Data>\n<Data Name=\"Action\">3</Data>\n<Data Name=\"Profiles\">2</Data>\n<Data Name=\"LocalAddresses\">*</Data>\n<Data Name=\"RemoteAddresses\">*</Data>\n<Data Name=\"RemoteMachineAuthorizationList\"></Data>\n<Data Name=\"RemoteUserAuthorizationList\"></Data>\n<Data Name=\"EmbeddedContext\">@FirewallAPI.dll,-31002</Data>\n<Data Name=\"Flags\">0</Data>\n<Data Name=\"Active\">0</Data>\n<Data Name=\"EdgeTraversal\">0</Data>\n<Data Name=\"LooseSourceMapped\">0</Data>\n<Data Name=\"SecurityOptions\">0</Data>\n<Data Name=\"ModifyingUser\">S-1-5-18</Data>\n<Data Name=\"ModifyingApplication\">C:\\Windows\\System32\\svchost.exe</Data>\n<Data Name=\"SchemaVersion\">522</Data>\n<Data Name=\"RuleStatus\">65536</Data>\n</EventData>\n</Event>\n"
  },
  {
    "EventID": 2005,
    "Timestamp": "2014-01-25 01:27:34.324657+00:00",
    "Computer": "IACIS-HDD-2014",
    "Channel": "Microsoft-Windows-Windows Firewall With Advanced Security/Firewall",
    "Level": "Information",
    "EventData": {
      "RuleId": "{0EFF703F-D6DA-4850-98B6-D3AF388DD492}",
      "RuleName": "Windows Media Player x86 (TCP-Out)",
      "Origin": "1",
      "ApplicationPath": "C:\\Program Files (x86)\\Windows Media Player\\wmplayer.exe",
      "ServiceName": "",
      "Direction": "2",
      "Protocol": "6",
      "LocalPorts": "*",
      "RemotePorts": "*",
      "Action": "3",
      "Profiles": "2",
      "LocalAddresses": "*",
      "RemoteAddresses": "*",
      "RemoteMachineAuthorizationList": "",
      "RemoteUserAuthorizationList": "",
      "EmbeddedContext": "@FirewallAPI.dll,-31002",
      "Flags": "1",
      "Active": "1",
      "EdgeTraversal": "0",
      "LooseSourceMapped": "0",
      "SecurityOptions": "0",
      "ModifyingUser": "S-1-5-18",
      "ModifyingApplication": "C:\\Windows\\System32\\svchost.exe",
      "SchemaVersion": "522",
      "RuleStatus": "65536"
    },
    "RawXml": "<Event xmlns=\"http://schemas.microsoft.com/win/2004/08/events/event\"><System><Provider Name=\"Microsoft-Windows-Windows Firewall With Advanced Security\" Guid=\"{d1bc9aff-2abf-4d71-9146-ecb2a986eb85}\"></Provider>\n<EventID Qualifiers=\"\">2005</EventID>\n<Version>0</Version>\n<Level>4</Level>\n<Task>0</Task>\n<Opcode>0</Opcode>\n<Keywords>0x8000020000000000</Keywords>\n<TimeCreated SystemTime=\"2014-01-25 01:27:34.324657+00:00\"></TimeCreated>\n<EventRecordID>70</EventRecordID>\n<Correlation ActivityID=\"\" RelatedActivityID=\"\"></Correlation>\n<Execution ProcessID=\"1268\" ThreadID=\"1668\"></Execution>\n<Channel>Microsoft-Windows-Windows Firewall With Advanced Security/Firewall</Channel>\n<Computer>IACIS-HDD-2014</Computer>\n<Security UserID=\"S-1-5-19\"></Security>\n</System>\n<EventData><Data Name=\"RuleId\">{0EFF703F-D6DA-4850-98B6-D3AF388DD492}</Data>\n<Data Name=\"RuleName\">Windows Media Player x86 (TCP-Out)</Data>\n<Data Name=\"Origin\">1</Data>\n<Data Name=\"ApplicationPath\">C:\\Program Files (x86)\\Windows Media Player\\wmplayer.exe</Data>\n<Data Name=\"ServiceName\"></Data>\n<Data Name=\"Direction\">2</Data>\n<Data Name=\"Protocol\">6</Data>\n<Data Name=\"LocalPorts\">*</Data>\n<Data Name=\"RemotePorts\">*</Data>\n<Data Name=\"Action\">3</Data>\n<Data Name=\"Profiles\">2</Data>\n<Data Name=\"LocalAddresses\">*</Data>\n<Data Name=\"RemoteAddresses\">*</Data>\n<Data Name=\"RemoteMachineAuthorizationList\"></Data>\n<Data Name=\"RemoteUserAuthorizationList\"></Data>\n<Data Name=\"EmbeddedContext\">@FirewallAPI.dll,-31002</Data>\n<Data Name=\"Flags\">1</Data>\n<Data Name=\"Active\">1</Data>\n<Data Name=\"EdgeTraversal\">0</Data>\n<Data Name=\"LooseSourceMapped\">0</Data>\n<Data Name=\"SecurityOptions\">0</Data>\n<Data Name=\"ModifyingUser\">S-1-5-18</Data>\n<Data Name=\"ModifyingApplication\">C:\\Windows\\System32\\svchost.exe</Data>\n<Data Name=\"SchemaVersion\">522</Data>\n<Data Name=\"RuleStatus\">65536</Data>\n</EventData>\n</Event>\n"
  },
  {
    "EventID": 2005,
    "Timestamp": "2014-01-25 01:27:34.340258+00:00",
    "Computer": "IACIS-HDD-2014",
    "Channel": "Microsoft-Windows-Windows Firewall With Advanced Security/Firewall",
    "Level": "Information",
    "EventData": {
      "RuleId": "WMP-In-UDP",
      "RuleName": "Windows Media Player (UDP-In)",
      "Origin": "1",
      "ApplicationPath": "C:\\Program Files\\Windows Media Player\\wmplayer.exe",
      "ServiceName": "",
      "Direction": "1",
      "Protocol": "17",
      "LocalPorts": "*",
      "RemotePorts": "*",
      "Action": "3",
      "Profiles": "5",
      "LocalAddresses": "*",
      "RemoteAddresses": "*",
      "RemoteMachineAuthorizationList": "",
      "RemoteUserAuthorizationList": "",
      "EmbeddedContext": "@FirewallAPI.dll,-31002",
      "Flags": "0",
      "Active": "0",
      "EdgeTraversal": "0",
      "LooseSourceMapped": "0",
      "SecurityOptions": "0",
      "ModifyingUser": "S-1-5-18",
      "ModifyingApplication": "C:\\Windows\\System32\\svchost.exe",
      "SchemaVersion": "522",
      "RuleStatus": "65536"
    },
    "RawXml": "<Event xmlns=\"http://schemas.microsoft.com/win/2004/08/events/event\"><System><Provider Name=\"Microsoft-Windows-Windows Firewall With Advanced Security\" Guid=\"{d1bc9aff-2abf-4d71-9146-ecb2a986eb85}\"></Provider>\n<EventID Qualifiers=\"\">2005</EventID>\n<Version>0</Version>\n<Level>4</Level>\n<Task>0</Task>\n<Opcode>0</Opcode>\n<Keywords>0x8000020000000000</Keywords>\n<TimeCreated SystemTime=\"2014-01-25 01:27:34.340258+00:00\"></TimeCreated>\n<EventRecordID>71</EventRecordID>\n<Correlation ActivityID=\"\" RelatedActivityID=\"\"></Correlation>\n<Execution ProcessID=\"1268\" ThreadID=\"1284\"></Execution>\n<Channel>Microsoft-Windows-Windows Firewall With Advanced Security/Firewall</Channel>\n<Computer>IACIS-HDD-2014</Computer>\n<Security UserID=\"S-1-5-19\"></Security>\n</System>\n<EventData><Data Name=\"RuleId\">WMP-In-UDP</Data>\n<Data Name=\"RuleName\">Windows Media Player (UDP-In)</Data>\n<Data Name=\"Origin\">1</Data>\n<Data Name=\"ApplicationPath\">C:\\Program Files\\Windows Media Player\\wmplayer.exe</Data>\n<Data Name=\"ServiceName\"></Data>\n<Data Name=\"Direction\">1</Data>\n<Data Name=\"Protocol\">17</Data>\n<Data Name=\"LocalPorts\">*</Data>\n<Data Name=\"RemotePorts\">*</Data>\n<Data Name=\"Action\">3</Data>\n<Data Name=\"Profiles\">5</Data>\n<Data Name=\"LocalAddresses\">*</Data>\n<Data Name=\"RemoteAddresses\">*</Data>\n<Data Name=\"RemoteMachineAuthorizationList\"></Data>\n<Data Name=\"RemoteUserAuthorizationList\"></Data>\n<Data Name=\"EmbeddedContext\">@FirewallAPI.dll,-31002</Data>\n<Data Name=\"Flags\">0</Data>\n<Data Name=\"Active\">0</Data>\n<Data Name=\"EdgeTraversal\">0</Data>\n<Data Name=\"LooseSourceMapped\">0</Data>\n<Data Name=\"SecurityOptions\">0</Data>\n<Data Name=\"ModifyingUser\">S-1-5-18</Data>\n<Data Name=\"ModifyingApplication\">C:\\Windows\\System32\\svchost.exe</Data>\n<Data Name=\"SchemaVersion\">522</Data>\n<Data Name=\"RuleStatus\">65536</Data>\n</EventData>\n</Event>\n"
  },
  {
    "EventID": 2004,
    "Timestamp": "2014-01-25 01:27:34.340258+00:00",
    "Computer": "IACIS-HDD-2014",
    "Channel": "Microsoft-Windows-Windows Firewall With Advanced Security/Firewall",
    "Level": "Information",
    "EventData": {
      "RuleId": "{248AA7F4-ACDA-4519-8319-E474600912CD}",
      "RuleName": "Windows Media Player (UDP-In)",
      "Origin": "1",
      "ApplicationPath": "C:\\Program Files\\Windows Media Player\\wmplayer.exe",
      "ServiceName": "",
      "Direction": "1",
      "Protocol": "17",
      "LocalPorts": "*",
      "RemotePorts": "*",
      "Action": "3",
      "Profiles": "2",
      "LocalAddresses": "*",
      "RemoteAddresses": "*",
      "RemoteMachineAuthorizationList": "",
      "RemoteUserAuthorizationList": "",
      "EmbeddedContext": "@FirewallAPI.dll,-31002",
      "Flags": "0",
      "Active": "0",
      "EdgeTraversal": "0",
      "LooseSourceMapped": "0",
      "SecurityOptions": "0",
      "ModifyingUser": "S-1-5-18",
      "ModifyingApplication": "C:\\Windows\\System32\\svchost.exe",
      "SchemaVersion": "522",
      "RuleStatus": "65536"
    },
    "RawXml": "<Event xmlns=\"http://schemas.microsoft.com/win/2004/08/events/event\"><System><Provider Name=\"Microsoft-Windows-Windows Firewall With Advanced Security\" Guid=\"{d1bc9aff-2abf-4d71-9146-ecb2a986eb85}\"></Provider>\n<EventID Qualifiers=\"\">2004</EventID>\n<Version>0</Version>\n<Level>4</Level>\n<Task>0</Task>\n<Opcode>0</Opcode>\n<Keywords>0x8000020000000000</Keywords>\n<TimeCreated SystemTime=\"2014-01-25 01:27:34.340258+00:00\"></TimeCreated>\n<EventRecordID>72</EventRecordID>\n<Correlation ActivityID=\"\" RelatedActivityID=\"\"></Correlation>\n<Execution ProcessID=\"1268\" ThreadID=\"2528\"></Execution>\n<Channel>Microsoft-Windows-Windows Firewall With Advanced Security/Firewall</Channel>\n<Computer>IACIS-HDD-2014</Computer>\n<Security UserID=\"S-1-5-19\"></Security>\n</System>\n<EventData><Data Name=\"RuleId\">{248AA7F4-ACDA-4519-8319-E474600912CD}</Data>\n<Data Name=\"RuleName\">Windows Media Player (UDP-In)</Data>\n<Data Name=\"Origin\">1</Data>\n<Data Name=\"ApplicationPath\">C:\\Program Files\\Windows Media Player\\wmplayer.exe</Data>\n<Data Name=\"ServiceName\"></Data>\n<Data Name=\"Direction\">1</Data>\n<Data Name=\"Protocol\">17</Data>\n<Data Name=\"LocalPorts\">*</Data>\n<Data Name=\"RemotePorts\">*</Data>\n<Data Name=\"Action\">3</Data>\n<Data Name=\"Profiles\">2</Data>\n<Data Name=\"LocalAddresses\">*</Data>\n<Data Name=\"RemoteAddresses\">*</Data>\n<Data Name=\"RemoteMachineAuthorizationList\"></Data>\n<Data Name=\"RemoteUserAuthorizationList\"></Data>\n<Data Name=\"EmbeddedContext\">@FirewallAPI.dll,-31002</Data>\n<Data Name=\"Flags\">0</Data>\n<Data Name=\"Active\">0</Data>\n<Data Name=\"EdgeTraversal\">0</Data>\n<Data Name=\"LooseSourceMapped\">0</Data>\n<Data Name=\"SecurityOptions\">0</Data>\n<Data Name=\"ModifyingUser\">S-1-5-18</Data>\n<Data Name=\"ModifyingApplication\">C:\\Windows\\System32\\svchost.exe</Data>\n<Data Name=\"SchemaVersion\">522</Data>\n<Data Name=\"RuleStatus\">65536</Data>\n</EventData>\n</Event>\n"
  },
  {
    "EventID": 2005,
    "Timestamp": "2014-01-25 01:27:34.340258+00:00",
    "Computer": "IACIS-HDD-2014",
    "Channel": "Microsoft-Windows-Windows Firewall With Advanced Security/Firewall",
    "Level": "Information",
    "EventData": {
      "RuleId": "{248AA7F4-ACDA-4519-8319-E474600912CD}",
      "RuleName": "Windows Media Player (UDP-In)",
      "Origin": "1",
      "ApplicationPath": "C:\\Program Files\\Windows Media Player\\wmplayer.exe",
      "ServiceName": "",
      "Direction": "1",
      "Protocol": "17",
      "LocalPorts": "*",
      "RemotePorts": "*",
      "Action": "3",
      "Profiles": "2",
      "LocalAddresses": "*",
      "RemoteAddresses": "*",
      "RemoteMachineAuthorizationList": "",
      "RemoteUserAuthorizationList": "",
      "EmbeddedContext": "@FirewallAPI.dll,-31002",
      "Flags": "1",
      "Active": "1",
      "EdgeTraversal": "0",
      "LooseSourceMapped": "0",
      "SecurityOptions": "0",
      "ModifyingUser": "S-1-5-18",
      "ModifyingApplication": "C:\\Windows\\System32\\svchost.exe",
      "SchemaVersion": "522",
      "RuleStatus": "65536"
    },
    "RawXml": "<Event xmlns=\"http://schemas.microsoft.com/win/2004/08/events/event\"><System><Provider Name=\"Microsoft-Windows-Windows Firewall With Advanced Security\" Guid=\"{d1bc9aff-2abf-4d71-9146-ecb2a986eb85}\"></Provider>\n<EventID Qualifiers=\"\">2005</EventID>\n<Version>0</Version>\n<Level>4</Level>\n<Task>0</Task>\n<Opcode>0</Opcode>\n<Keywords>0x8000020000000000</Keywords>\n<TimeCreated SystemTime=\"2014-01-25 01:27:34.340258+00:00\"></TimeCreated>\n<EventRecordID>73</EventRecordID>\n<Correlation ActivityID=\"\" RelatedActivityID=\"\"></Correlation>\n<Execution ProcessID=\"1268\" ThreadID=\"1284\"></Execution>\n<Channel>Microsoft-Windows-Windows Firewall With Advanced Security/Firewall</Channel>\n<Computer>IACIS-HDD-2014</Computer>\n<Security UserID=\"S-1-5-19\"></Security>\n</System>\n<EventData><Data Name=\"RuleId\">{248AA7F4-ACDA-4519-8319-E474600912CD}</Data>\n<Data Name=\"RuleName\">Windows Media Player (UDP-In)</Data>\n<Data Name=\"Origin\">1</Data>\n<Data Name=\"ApplicationPath\">C:\\Program Files\\Windows Media Player\\wmplayer.exe</Data>\n<Data Name=\"ServiceName\"></Data>\n<Data Name=\"Direction\">1</Data>\n<Data Name=\"Protocol\">17</Data>\n<Data Name=\"LocalPorts\">*</Data>\n<Data Name=\"RemotePorts\">*</Data>\n<Data Name=\"Action\">3</Data>\n<Data Name=\"Profiles\">2</Data>\n<Data Name=\"LocalAddresses\">*</Data>\n<Data Name=\"RemoteAddresses\">*</Data>\n<Data Name=\"RemoteMachineAuthorizationList\"></Data>\n<Data Name=\"RemoteUserAuthorizationList\"></Data>\n<Data Name=\"EmbeddedContext\">@FirewallAPI.dll,-31002</Data>\n<Data Name=\"Flags\">1</Data>\n<Data Name=\"Active\">1</Data>\n<Data Name=\"EdgeTraversal\">0</Data>\n<Data Name=\"LooseSourceMapped\">0</Data>\n<Data Name=\"SecurityOptions\">0</Data>\n<Data Name=\"ModifyingUser\">S-1-5-18</Data>\n<Data Name=\"ModifyingApplication\">C:\\Windows\\System32\\svchost.exe</Data>\n<Data Name=\"SchemaVersion\">522</Data>\n<Data Name=\"RuleStatus\">65536</Data>\n</EventData>\n</Event>\n"
  },
  {
    "EventID": 2005,
    "Timestamp": "2014-01-25 01:27:34.340258+00:00",
    "Computer": "IACIS-HDD-2014",
    "Channel": "Microsoft-Windows-Windows Firewall With Advanced Security/Firewall",
    "Level": "Information",
    "EventData": {
      "RuleId": "WMP-Out-UDP",
      "RuleName": "Windows Media Player (UDP-Out)",
      "Origin": "1",
      "ApplicationPath": "C:\\Program Files\\Windows Media Player\\wmplayer.exe",
      "ServiceName": "",
      "Direction": "2",
      "Protocol": "17",
      "LocalPorts": "*",
      "RemotePorts": "*",
      "Action": "3",
      "Profiles": "5",
      "LocalAddresses": "*",
      "RemoteAddresses": "*",
      "RemoteMachineAuthorizationList": "",
      "RemoteUserAuthorizationList": "",
      "EmbeddedContext": "@FirewallAPI.dll,-31002",
      "Flags": "0",
      "Active": "0",
      "EdgeTraversal": "0",
      "LooseSourceMapped": "0",
      "SecurityOptions": "0",
      "ModifyingUser": "S-1-5-18",
      "ModifyingApplication": "C:\\Windows\\System32\\svchost.exe",
      "SchemaVersion": "522",
      "RuleStatus": "65536"
    },
    "RawXml": "<Event xmlns=\"http://schemas.microsoft.com/win/2004/08/events/event\"><System><Provider Name=\"Microsoft-Windows-Windows Firewall With Advanced Security\" Guid=\"{d1bc9aff-2abf-4d71-9146-ecb2a986eb85}\"></Provider>\n<EventID Qualifiers=\"\">2005</EventID>\n<Version>0</Version>\n<Level>4</Level>\n<Task>0</Task>\n<Opcode>0</Opcode>\n<Keywords>0x8000020000000000</Keywords>\n<TimeCreated SystemTime=\"2014-01-25 01:27:34.340258+00:00\"></TimeCreated>\n<EventRecordID>74</EventRecordID>\n<Correlation ActivityID=\"\" RelatedActivityID=\"\"></Correlation>\n<Execution ProcessID=\"1268\" ThreadID=\"1284\"></Execution>\n<Channel>Microsoft-Windows-Windows Firewall With Advanced Security/Firewall</Channel>\n<Computer>IACIS-HDD-2014</Computer>\n<Security UserID=\"S-1-5-19\"></Security>\n</System>\n<EventData><Data Name=\"RuleId\">WMP-Out-UDP</Data>\n<Data Name=\"RuleName\">Windows Media Player (UDP-Out)</Data>\n<Data Name=\"Origin\">1</Data>\n<Data Name=\"ApplicationPath\">C:\\Program Files\\Windows Media Player\\wmplayer.exe</Data>\n<Data Name=\"ServiceName\"></Data>\n<Data Name=\"Direction\">2</Data>\n<Data Name=\"Protocol\">17</Data>\n<Data Name=\"LocalPorts\">*</Data>\n<Data Name=\"RemotePorts\">*</Data>\n<Data Name=\"Action\">3</Data>\n<Data Name=\"Profiles\">5</Data>\n<Data Name=\"LocalAddresses\">*</Data>\n<Data Name=\"RemoteAddresses\">*</Data>\n<Data Name=\"RemoteMachineAuthorizationList\"></Data>\n<Data Name=\"RemoteUserAuthorizationList\"></Data>\n<Data Name=\"EmbeddedContext\">@FirewallAPI.dll,-31002</Data>\n<Data Name=\"Flags\">0</Data>\n<Data Name=\"Active\">0</Data>\n<Data Name=\"EdgeTraversal\">0</Data>\n<Data Name=\"LooseSourceMapped\">0</Data>\n<Data Name=\"SecurityOptions\">0</Data>\n<Data Name=\"ModifyingUser\">S-1-5-18</Data>\n<Data Name=\"ModifyingApplication\">C:\\Windows\\System32\\svchost.exe</Data>\n<Data Name=\"SchemaVersion\">522</Data>\n<Data Name=\"RuleStatus\">65536</Data>\n</EventData>\n</Event>\n"
  },
  {
    "EventID": 2004,
    "Timestamp": "2014-01-25 01:27:34.340258+00:00",
    "Computer": "IACIS-HDD-2014",
    "Channel": "Microsoft-Windows-Windows Firewall With Advanced Security/Firewall",
    "Level": "Information",
    "EventData": {
      "RuleId": "{22910970-8289-4A25-97F3-343D7AD79417}",
      "RuleName": "Windows Media Player (UDP-Out)",
      "Origin": "1",
      "ApplicationPath": "C:\\Program Files\\Windows Media Player\\wmplayer.exe",
      "ServiceName": "",
      "Direction": "2",
      "Protocol": "17",
      "LocalPorts": "*",
      "RemotePorts": "*",
      "Action": "3",
      "Profiles": "2",
      "LocalAddresses": "*",
      "RemoteAddresses": "*",
      "RemoteMachineAuthorizationList": "",
      "RemoteUserAuthorizationList": "",
      "EmbeddedContext": "@FirewallAPI.dll,-31002",
      "Flags": "0",
      "Active": "0",
      "EdgeTraversal": "0",
      "LooseSourceMapped": "0",
      "SecurityOptions": "0",
      "ModifyingUser": "S-1-5-18",
      "ModifyingApplication": "C:\\Windows\\System32\\svchost.exe",
      "SchemaVersion": "522",
      "RuleStatus": "65536"
    },
    "RawXml": "<Event xmlns=\"http://schemas.microsoft.com/win/2004/08/events/event\"><System><Provider Name=\"Microsoft-Windows-Windows Firewall With Advanced Security\" Guid=\"{d1bc9aff-2abf-4d71-9146-ecb2a986eb85}\"></Provider>\n<EventID Qualifiers=\"\">2004</EventID>\n<Version>0</Version>\n<Level>4</Level>\n<Task>0</Task>\n<Opcode>0</Opcode>\n<Keywords>0x8000020000000000</Keywords>\n<TimeCreated SystemTime=\"2014-01-25 01:27:34.340258+00:00\"></TimeCreated>\n<EventRecordID>75</EventRecordID>\n<Correlation ActivityID=\"\" RelatedActivityID=\"\"></Correlation>\n<Execution ProcessID=\"1268\" ThreadID=\"2528\"></Execution>\n<Channel>Microsoft-Windows-Windows Firewall With Advanced Security/Firewall</Channel>\n<Computer>IACIS-HDD-2014</Computer>\n<Security UserID=\"S-1-5-19\"></Security>\n</System>\n<EventData><Data Name=\"RuleId\">{22910970-8289-4A25-97F3-343D7AD79417}</Data>\n<Data Name=\"RuleName\">Windows Media Player (UDP-Out)</Data>\n<Data Name=\"Origin\">1</Data>\n<Data Name=\"ApplicationPath\">C:\\Program Files\\Windows Media Player\\wmplayer.exe</Data>\n<Data Name=\"ServiceName\"></Data>\n<Data Name=\"Direction\">2</Data>\n<Data Name=\"Protocol\">17</Data>\n<Data Name=\"LocalPorts\">*</Data>\n<Data Name=\"RemotePorts\">*</Data>\n<Data Name=\"Action\">3</Data>\n<Data Name=\"Profiles\">2</Data>\n<Data Name=\"LocalAddresses\">*</Data>\n<Data Name=\"RemoteAddresses\">*</Data>\n<Data Name=\"RemoteMachineAuthorizationList\"></Data>\n<Data Name=\"RemoteUserAuthorizationList\"></Data>\n<Data Name=\"EmbeddedContext\">@FirewallAPI.dll,-31002</Data>\n<Data Name=\"Flags\">0</Data>\n<Data Name=\"Active\">0</Data>\n<Data Name=\"EdgeTraversal\">0</Data>\n<Data Name=\"LooseSourceMapped\">0</Data>\n<Data Name=\"SecurityOptions\">0</Data>\n<Data Name=\"ModifyingUser\">S-1-5-18</Data>\n<Data Name=\"ModifyingApplication\">C:\\Windows\\System32\\svchost.exe</Data>\n<Data Name=\"SchemaVersion\">522</Data>\n<Data Name=\"RuleStatus\">65536</Data>\n</EventData>\n</Event>\n"
  },
  {
    "EventID": 2005,
    "Timestamp": "2014-01-25 01:27:34.340258+00:00",
    "Computer": "IACIS-HDD-2014",
    "Channel": "Microsoft-Windows-Windows Firewall With Advanced Security/Firewall",
    "Level": "Information",
    "EventData": {
      "RuleId": "{22910970-8289-4A25-97F3-343D7AD79417}",
      "RuleName": "Windows Media Player (UDP-Out)",
      "Origin": "1",
      "ApplicationPath": "C:\\Program Files\\Windows Media Player\\wmplayer.exe",
      "ServiceName": "",
      "Direction": "2",
      "Protocol": "17",
      "LocalPorts": "*",
      "RemotePorts": "*",
      "Action": "3",
      "Profiles": "2",
      "LocalAddresses": "*",
      "RemoteAddresses": "*",
      "RemoteMachineAuthorizationList": "",
      "RemoteUserAuthorizationList": "",
      "EmbeddedContext": "@FirewallAPI.dll,-31002",
      "Flags": "1",
      "Active": "1",
      "EdgeTraversal": "0",
      "LooseSourceMapped": "0",
      "SecurityOptions": "0",
      "ModifyingUser": "S-1-5-18",
      "ModifyingApplication": "C:\\Windows\\System32\\svchost.exe",
      "SchemaVersion": "522",
      "RuleStatus": "65536"
    },
    "RawXml": "<Event xmlns=\"http://schemas.microsoft.com/win/2004/08/events/event\"><System><Provider Name=\"Microsoft-Windows-Windows Firewall With Advanced Security\" Guid=\"{d1bc9aff-2abf-4d71-9146-ecb2a986eb85}\"></Provider>\n<EventID Qualifiers=\"\">2005</EventID>\n<Version>0</Version>\n<Level>4</Level>\n<Task>0</Task>\n<Opcode>0</Opcode>\n<Keywords>0x8000020000000000</Keywords>\n<TimeCreated SystemTime=\"2014-01-25 01:27:34.340258+00:00\"></TimeCreated>\n<EventRecordID>76</EventRecordID>\n<Correlation ActivityID=\"\" RelatedActivityID=\"\"></Correlation>\n<Execution ProcessID=\"1268\" ThreadID=\"2528\"></Execution>\n<Channel>Microsoft-Windows-Windows Firewall With Advanced Security/Firewall</Channel>\n<Computer>IACIS-HDD-2014</Computer>\n<Security UserID=\"S-1-5-19\"></Security>\n</System>\n<EventData><Data Name=\"RuleId\">{22910970-8289-4A25-97F3-343D7AD79417}</Data>\n<Data Name=\"RuleName\">Windows Media Player (UDP-Out)</Data>\n<Data Name=\"Origin\">1</Data>\n<Data Name=\"ApplicationPath\">C:\\Program Files\\Windows Media Player\\wmplayer.exe</Data>\n<Data Name=\"ServiceName\"></Data>\n<Data Name=\"Direction\">2</Data>\n<Data Name=\"Protocol\">17</Data>\n<Data Name=\"LocalPorts\">*</Data>\n<Data Name=\"RemotePorts\">*</Data>\n<Data Name=\"Action\">3</Data>\n<Data Name=\"Profiles\">2</Data>\n<Data Name=\"LocalAddresses\">*</Data>\n<Data Name=\"RemoteAddresses\">*</Data>\n<Data Name=\"RemoteMachineAuthorizationList\"></Data>\n<Data Name=\"RemoteUserAuthorizationList\"></Data>\n<Data Name=\"EmbeddedContext\">@FirewallAPI.dll,-31002</Data>\n<Data Name=\"Flags\">1</Data>\n<Data Name=\"Active\">1</Data>\n<Data Name=\"EdgeTraversal\">0</Data>\n<Data Name=\"LooseSourceMapped\">0</Data>\n<Data Name=\"SecurityOptions\">0</Data>\n<Data Name=\"ModifyingUser\">S-1-5-18</Data>\n<Data Name=\"ModifyingApplication\">C:\\Windows\\System32\\svchost.exe</Data>\n<Data Name=\"SchemaVersion\">522</Data>\n<Data Name=\"RuleStatus\">65536</Data>\n</EventData>\n</Event>\n"
  },
  {
    "EventID": 2005,
    "Timestamp": "2014-01-25 01:27:34.340258+00:00",
    "Computer": "IACIS-HDD-2014",
    "Channel": "Microsoft-Windows-Windows Firewall With Advanced Security/Firewall",
    "Level": "Information",
    "EventData": {
      "RuleId": "WMP-Out-TCP",
      "RuleName": "Windows Media Player (TCP-Out)",
      "Origin": "1",
      "ApplicationPath": "C:\\Program Files\\Windows Media Player\\wmplayer.exe",
      "ServiceName": "",
      "Direction": "2",
      "Protocol": "6",
      "LocalPorts": "*",
      "RemotePorts": "*",
      "Action": "3",
      "Profiles": "5",
      "LocalAddresses": "*",
      "RemoteAddresses": "*",
      "RemoteMachineAuthorizationList": "",
      "RemoteUserAuthorizationList": "",
      "EmbeddedContext": "@FirewallAPI.dll,-31002",
      "Flags": "0",
      "Active": "0",
      "EdgeTraversal": "0",
      "LooseSourceMapped": "0",
      "SecurityOptions": "0",
      "ModifyingUser": "S-1-5-18",
      "ModifyingApplication": "C:\\Windows\\System32\\svchost.exe",
      "SchemaVersion": "522",
      "RuleStatus": "65536"
    },
    "RawXml": "<Event xmlns=\"http://schemas.microsoft.com/win/2004/08/events/event\"><System><Provider Name=\"Microsoft-Windows-Windows Firewall With Advanced Security\" Guid=\"{d1bc9aff-2abf-4d71-9146-ecb2a986eb85}\"></Provider>\n<EventID Qualifiers=\"\">2005</EventID>\n<Version>0</Version>\n<Level>4</Level>\n<Task>0</Task>\n<Opcode>0</Opcode>\n<Keywords>0x8000020000000000</Keywords>\n<TimeCreated SystemTime=\"2014-01-25 01:27:34.340258+00:00\"></TimeCreated>\n<EventRecordID>77</EventRecordID>\n<Correlation ActivityID=\"\" RelatedActivityID=\"\"></Correlation>\n<Execution ProcessID=\"1268\" ThreadID=\"2528\"></Execution>\n<Channel>Microsoft-Windows-Windows Firewall With Advanced Security/Firewall</Channel>\n<Computer>IACIS-HDD-2014</Computer>\n<Security UserID=\"S-1-5-19\"></Security>\n</System>\n<EventData><Data Name=\"RuleId\">WMP-Out-TCP</Data>\n<Data Name=\"RuleName\">Windows Media Player (TCP-Out)</Data>\n<Data Name=\"Origin\">1</Data>\n<Data Name=\"ApplicationPath\">C:\\Program Files\\Windows Media Player\\wmplayer.exe</Data>\n<Data Name=\"ServiceName\"></Data>\n<Data Name=\"Direction\">2</Data>\n<Data Name=\"Protocol\">6</Data>\n<Data Name=\"LocalPorts\">*</Data>\n<Data Name=\"RemotePorts\">*</Data>\n<Data Name=\"Action\">3</Data>\n<Data Name=\"Profiles\">5</Data>\n<Data Name=\"LocalAddresses\">*</Data>\n<Data Name=\"RemoteAddresses\">*</Data>\n<Data Name=\"RemoteMachineAuthorizationList\"></Data>\n<Data Name=\"RemoteUserAuthorizationList\"></Data>\n<Data Name=\"EmbeddedContext\">@FirewallAPI.dll,-31002</Data>\n<Data Name=\"Flags\">0</Data>\n<Data Name=\"Active\">0</Data>\n<Data Name=\"EdgeTraversal\">0</Data>\n<Data Name=\"LooseSourceMapped\">0</Data>\n<Data Name=\"SecurityOptions\">0</Data>\n<Data Name=\"ModifyingUser\">S-1-5-18</Data>\n<Data Name=\"ModifyingApplication\">C:\\Windows\\System32\\svchost.exe</Data>\n<Data Name=\"SchemaVersion\">522</Data>\n<Data Name=\"RuleStatus\">65536</Data>\n</EventData>\n</Event>\n"
  },
  {
    "EventID": 2004,
    "Timestamp": "2014-01-25 01:27:34.340258+00:00",
    "Computer": "IACIS-HDD-2014",
    "Channel": "Microsoft-Windows-Windows Firewall With Advanced Security/Firewall",
    "Level": "Information",
    "EventData": {
      "RuleId": "{F4AAC270-A825-48ED-B79A-124EAEF06406}",
      "RuleName": "Windows Media Player (TCP-Out)",
      "Origin": "1",
      "ApplicationPath": "C:\\Program Files\\Windows Media Player\\wmplayer.exe",
      "ServiceName": "",
      "Direction": "2",
      "Protocol": "6",
      "LocalPorts": "*",
      "RemotePorts": "*",
      "Action": "3",
      "Profiles": "2",
      "LocalAddresses": "*",
      "RemoteAddresses": "*",
      "RemoteMachineAuthorizationList": "",
      "RemoteUserAuthorizationList": "",
      "EmbeddedContext": "@FirewallAPI.dll,-31002",
      "Flags": "0",
      "Active": "0",
      "EdgeTraversal": "0",
      "LooseSourceMapped": "0",
      "SecurityOptions": "0",
      "ModifyingUser": "S-1-5-18",
      "ModifyingApplication": "C:\\Windows\\System32\\svchost.exe",
      "SchemaVersion": "522",
      "RuleStatus": "65536"
    },
    "RawXml": "<Event xmlns=\"http://schemas.microsoft.com/win/2004/08/events/event\"><System><Provider Name=\"Microsoft-Windows-Windows Firewall With Advanced Security\" Guid=\"{d1bc9aff-2abf-4d71-9146-ecb2a986eb85}\"></Provider>\n<EventID Qualifiers=\"\">2004</EventID>\n<Version>0</Version>\n<Level>4</Level>\n<Task>0</Task>\n<Opcode>0</Opcode>\n<Keywords>0x8000020000000000</Keywords>\n<TimeCreated SystemTime=\"2014-01-25 01:27:34.340258+00:00\"></TimeCreated>\n<EventRecordID>78</EventRecordID>\n<Correlation ActivityID=\"\" RelatedActivityID=\"\"></Correlation>\n<Execution ProcessID=\"1268\" ThreadID=\"2528\"></Execution>\n<Channel>Microsoft-Windows-Windows Firewall With Advanced Security/Firewall</Channel>\n<Computer>IACIS-HDD-2014</Computer>\n<Security UserID=\"S-1-5-19\"></Security>\n</System>\n<EventData><Data Name=\"RuleId\">{F4AAC270-A825-48ED-B79A-124EAEF06406}</Data>\n<Data Name=\"RuleName\">Windows Media Player (TCP-Out)</Data>\n<Data Name=\"Origin\">1</Data>\n<Data Name=\"ApplicationPath\">C:\\Program Files\\Windows Media Player\\wmplayer.exe</Data>\n<Data Name=\"ServiceName\"></Data>\n<Data Name=\"Direction\">2</Data>\n<Data Name=\"Protocol\">6</Data>\n<Data Name=\"LocalPorts\">*</Data>\n<Data Name=\"RemotePorts\">*</Data>\n<Data Name=\"Action\">3</Data>\n<Data Name=\"Profiles\">2</Data>\n<Data Name=\"LocalAddresses\">*</Data>\n<Data Name=\"RemoteAddresses\">*</Data>\n<Data Name=\"RemoteMachineAuthorizationList\"></Data>\n<Data Name=\"RemoteUserAuthorizationList\"></Data>\n<Data Name=\"EmbeddedContext\">@FirewallAPI.dll,-31002</Data>\n<Data Name=\"Flags\">0</Data>\n<Data Name=\"Active\">0</Data>\n<Data Name=\"EdgeTraversal\">0</Data>\n<Data Name=\"LooseSourceMapped\">0</Data>\n<Data Name=\"SecurityOptions\">0</Data>\n<Data Name=\"ModifyingUser\">S-1-5-18</Data>\n<Data Name=\"ModifyingApplication\">C:\\Windows\\System32\\svchost.exe</Data>\n<Data Name=\"SchemaVersion\">522</Data>\n<Data Name=\"RuleStatus\">65536</Data>\n</EventData>\n</Event>\n"
  },
  {
    "EventID": 2005,
    "Timestamp": "2014-01-25 01:27:34.340258+00:00",
    "Computer": "IACIS-HDD-2014",
    "Channel": "Microsoft-Windows-Windows Firewall With Advanced Security/Firewall",
    "Level": "Information",
    "EventData": {
      "RuleId": "{F4AAC270-A825-48ED-B79A-124EAEF06406}",
      "RuleName": "Windows Media Player (TCP-Out)",
      "Origin": "1",
      "ApplicationPath": "C:\\Program Files\\Windows Media Player\\wmplayer.exe",
      "ServiceName": "",
      "Direction": "2",
      "Protocol": "6",
      "LocalPorts": "*",
      "RemotePorts": "*",
      "Action": "3",
      "Profiles": "2",
      "LocalAddresses": "*",
      "RemoteAddresses": "*",
      "RemoteMachineAuthorizationList": "",
      "RemoteUserAuthorizationList": "",
      "EmbeddedContext": "@FirewallAPI.dll,-31002",
      "Flags": "1",
      "Active": "1",
      "EdgeTraversal": "0",
      "LooseSourceMapped": "0",
      "SecurityOptions": "0",
      "ModifyingUser": "S-1-5-18",
      "ModifyingApplication": "C:\\Windows\\System32\\svchost.exe",
      "SchemaVersion": "522",
      "RuleStatus": "65536"
    },
    "RawXml": "<Event xmlns=\"http://schemas.microsoft.com/win/2004/08/events/event\"><System><Provider Name=\"Microsoft-Windows-Windows Firewall With Advanced Security\" Guid=\"{d1bc9aff-2abf-4d71-9146-ecb2a986eb85}\"></Provider>\n<EventID Qualifiers=\"\">2005</EventID>\n<Version>0</Version>\n<Level>4</Level>\n<Task>0</Task>\n<Opcode>0</Opcode>\n<Keywords>0x8000020000000000</Keywords>\n<TimeCreated SystemTime=\"2014-01-25 01:27:34.340258+00:00\"></TimeCreated>\n<EventRecordID>79</EventRecordID>\n<Correlation ActivityID=\"\" RelatedActivityID=\"\"></Correlation>\n<Execution ProcessID=\"1268\" ThreadID=\"2528\"></Execution>\n<Channel>Microsoft-Windows-Windows Firewall With Advanced Security/Firewall</Channel>\n<Computer>IACIS-HDD-2014</Computer>\n<Security UserID=\"S-1-5-19\"></Security>\n</System>\n<EventData><Data Name=\"RuleId\">{F4AAC270-A825-48ED-B79A-124EAEF06406}</Data>\n<Data Name=\"RuleName\">Windows Media Player (TCP-Out)</Data>\n<Data Name=\"Origin\">1</Data>\n<Data Name=\"ApplicationPath\">C:\\Program Files\\Windows Media Player\\wmplayer.exe</Data>\n<Data Name=\"ServiceName\"></Data>\n<Data Name=\"Direction\">2</Data>\n<Data Name=\"Protocol\">6</Data>\n<Data Name=\"LocalPorts\">*</Data>\n<Data Name=\"RemotePorts\">*</Data>\n<Data Name=\"Action\">3</Data>\n<Data Name=\"Profiles\">2</Data>\n<Data Name=\"LocalAddresses\">*</Data>\n<Data Name=\"RemoteAddresses\">*</Data>\n<Data Name=\"RemoteMachineAuthorizationList\"></Data>\n<Data Name=\"RemoteUserAuthorizationList\"></Data>\n<Data Name=\"EmbeddedContext\">@FirewallAPI.dll,-31002</Data>\n<Data Name=\"Flags\">1</Data>\n<Data Name=\"Active\">1</Data>\n<Data Name=\"EdgeTraversal\">0</Data>\n<Data Name=\"LooseSourceMapped\">0</Data>\n<Data Name=\"SecurityOptions\">0</Data>\n<Data Name=\"ModifyingUser\">S-1-5-18</Data>\n<Data Name=\"ModifyingApplication\">C:\\Windows\\System32\\svchost.exe</Data>\n<Data Name=\"SchemaVersion\">522</Data>\n<Data Name=\"RuleStatus\">65536</Data>\n</EventData>\n</Event>\n"
  },
  {
    "EventID": 2005,
    "Timestamp": "2014-01-25 01:27:34.371456+00:00",
    "Computer": "IACIS-HDD-2014",
    "Channel": "Microsoft-Windows-Windows Firewall With Advanced Security/Firewall",
    "Level": "Information",
    "EventData": {
      "RuleId": "WMPNSS-QWave-In-UDP",
      "RuleName": "Windows Media Player Network Sharing Service (qWave-UDP-In)",
      "Origin": "1",
      "ApplicationPath": "C:\\Windows\\system32\\svchost.exe",
      "ServiceName": "Qwave",
      "Direction": "1",
      "Protocol": "17",
      "LocalPorts": "2177",
      "RemotePorts": "*",
      "Action": "3",
      "Profiles": "4",
      "LocalAddresses": "*",
      "RemoteAddresses": "LocalSubnet",
      "RemoteMachineAuthorizationList": "",
      "RemoteUserAuthorizationList": "",
      "EmbeddedContext": "@FirewallAPI.dll,-31252",
      "Flags": "0",
      "Active": "0",
      "EdgeTraversal": "0",
      "LooseSourceMapped": "0",
      "SecurityOptions": "0",
      "ModifyingUser": "S-1-5-18",
      "ModifyingApplication": "C:\\Windows\\System32\\svchost.exe",
      "SchemaVersion": "522",
      "RuleStatus": "65536"
    },
    "RawXml": "<Event xmlns=\"http://schemas.microsoft.com/win/2004/08/events/event\"><System><Provider Name=\"Microsoft-Windows-Windows Firewall With Advanced Security\" Guid=\"{d1bc9aff-2abf-4d71-9146-ecb2a986eb85}\"></Provider>\n<EventID Qualifiers=\"\">2005</EventID>\n<Version>0</Version>\n<Level>4</Level>\n<Task>0</Task>\n<Opcode>0</Opcode>\n<Keywords>0x8000020000000000</Keywords>\n<TimeCreated SystemTime=\"2014-01-25 01:27:34.371456+00:00\"></TimeCreated>\n<EventRecordID>80</EventRecordID>\n<Correlation ActivityID=\"\" RelatedActivityID=\"\"></Correlation>\n<Execution ProcessID=\"1268\" ThreadID=\"2532\"></Execution>\n<Channel>Microsoft-Windows-Windows Firewall With Advanced Security/Firewall</Channel>\n<Computer>IACIS-HDD-2014</Computer>\n<Security UserID=\"S-1-5-19\"></Security>\n</System>\n<EventData><Data Name=\"RuleId\">WMPNSS-QWave-In-UDP</Data>\n<Data Name=\"RuleName\">Windows Media Player Network Sharing Service (qWave-UDP-In)</Data>\n<Data Name=\"Origin\">1</Data>\n<Data Name=\"ApplicationPath\">C:\\Windows\\system32\\svchost.exe</Data>\n<Data Name=\"ServiceName\">Qwave</Data>\n<Data Name=\"Direction\">1</Data>\n<Data Name=\"Protocol\">17</Data>\n<Data Name=\"LocalPorts\">2177</Data>\n<Data Name=\"RemotePorts\">*</Data>\n<Data Name=\"Action\">3</Data>\n<Data Name=\"Profiles\">4</Data>\n<Data Name=\"LocalAddresses\">*</Data>\n<Data Name=\"RemoteAddresses\">LocalSubnet</Data>\n<Data Name=\"RemoteMachineAuthorizationList\"></Data>\n<Data Name=\"RemoteUserAuthorizationList\"></Data>\n<Data Name=\"EmbeddedContext\">@FirewallAPI.dll,-31252</Data>\n<Data Name=\"Flags\">0</Data>\n<Data Name=\"Active\">0</Data>\n<Data Name=\"EdgeTraversal\">0</Data>\n<Data Name=\"LooseSourceMapped\">0</Data>\n<Data Name=\"SecurityOptions\">0</Data>\n<Data Name=\"ModifyingUser\">S-1-5-18</Data>\n<Data Name=\"ModifyingApplication\">C:\\Windows\\System32\\svchost.exe</Data>\n<Data Name=\"SchemaVersion\">522</Data>\n<Data Name=\"RuleStatus\">65536</Data>\n</EventData>\n</Event>\n"
  },
  {
    "EventID": 2004,
    "Timestamp": "2014-01-25 01:27:34.371456+00:00",
    "Computer": "IACIS-HDD-2014",
    "Channel": "Microsoft-Windows-Windows Firewall With Advanced Security/Firewall",
    "Level": "Information",
    "EventData": {
      "RuleId": "{40B11ED2-6512-4472-8CBB-AC65DE4B6CAE}",
      "RuleName": "Windows Media Player Network Sharing Service (qWave-UDP-In)",
      "Origin": "1",
      "ApplicationPath": "C:\\Windows\\system32\\svchost.exe",
      "ServiceName": "Qwave",
      "Direction": "1",
      "Protocol": "17",
      "LocalPorts": "2177",
      "RemotePorts": "*",
      "Action": "3",
      "Profiles": "2",
      "LocalAddresses": "*",
      "RemoteAddresses": "LocalSubnet",
      "RemoteMachineAuthorizationList": "",
      "RemoteUserAuthorizationList": "",
      "EmbeddedContext": "@FirewallAPI.dll,-31252",
      "Flags": "0",
      "Active": "0",
      "EdgeTraversal": "0",
      "LooseSourceMapped": "0",
      "SecurityOptions": "0",
      "ModifyingUser": "S-1-5-18",
      "ModifyingApplication": "C:\\Windows\\System32\\svchost.exe",
      "SchemaVersion": "522",
      "RuleStatus": "65536"
    },
    "RawXml": "<Event xmlns=\"http://schemas.microsoft.com/win/2004/08/events/event\"><System><Provider Name=\"Microsoft-Windows-Windows Firewall With Advanced Security\" Guid=\"{d1bc9aff-2abf-4d71-9146-ecb2a986eb85}\"></Provider>\n<EventID Qualifiers=\"\">2004</EventID>\n<Version>0</Version>\n<Level>4</Level>\n<Task>0</Task>\n<Opcode>0</Opcode>\n<Keywords>0x8000020000000000</Keywords>\n<TimeCreated SystemTime=\"2014-01-25 01:27:34.371456+00:00\"></TimeCreated>\n<EventRecordID>81</EventRecordID>\n<Correlation ActivityID=\"\" RelatedActivityID=\"\"></Correlation>\n<Execution ProcessID=\"1268\" ThreadID=\"2532\"></Execution>\n<Channel>Microsoft-Windows-Windows Firewall With Advanced Security/Firewall</Channel>\n<Computer>IACIS-HDD-2014</Computer>\n<Security UserID=\"S-1-5-19\"></Security>\n</System>\n<EventData><Data Name=\"RuleId\">{40B11ED2-6512-4472-8CBB-AC65DE4B6CAE}</Data>\n<Data Name=\"RuleName\">Windows Media Player Network Sharing Service (qWave-UDP-In)</Data>\n<Data Name=\"Origin\">1</Data>\n<Data Name=\"ApplicationPath\">C:\\Windows\\system32\\svchost.exe</Data>\n<Data Name=\"ServiceName\">Qwave</Data>\n<Data Name=\"Direction\">1</Data>\n<Data Name=\"Protocol\">17</Data>\n<Data Name=\"LocalPorts\">2177</Data>\n<Data Name=\"RemotePorts\">*</Data>\n<Data Name=\"Action\">3</Data>\n<Data Name=\"Profiles\">2</Data>\n<Data Name=\"LocalAddresses\">*</Data>\n<Data Name=\"RemoteAddresses\">LocalSubnet</Data>\n<Data Name=\"RemoteMachineAuthorizationList\"></Data>\n<Data Name=\"RemoteUserAuthorizationList\"></Data>\n<Data Name=\"EmbeddedContext\">@FirewallAPI.dll,-31252</Data>\n<Data Name=\"Flags\">0</Data>\n<Data Name=\"Active\">0</Data>\n<Data Name=\"EdgeTraversal\">0</Data>\n<Data Name=\"LooseSourceMapped\">0</Data>\n<Data Name=\"SecurityOptions\">0</Data>\n<Data Name=\"ModifyingUser\">S-1-5-18</Data>\n<Data Name=\"ModifyingApplication\">C:\\Windows\\System32\\svchost.exe</Data>\n<Data Name=\"SchemaVersion\">522</Data>\n<Data Name=\"RuleStatus\">65536</Data>\n</EventData>\n</Event>\n"
  },
  {
    "EventID": 2005,
    "Timestamp": "2014-01-25 01:27:34.371456+00:00",
    "Computer": "IACIS-HDD-2014",
    "Channel": "Microsoft-Windows-Windows Firewall With Advanced Security/Firewall",
    "Level": "Information",
    "EventData": {
      "RuleId": "{40B11ED2-6512-4472-8CBB-AC65DE4B6CAE}",
      "RuleName": "Windows Media Player Network Sharing Service (qWave-UDP-In)",
      "Origin": "1",
      "ApplicationPath": "C:\\Windows\\system32\\svchost.exe",
      "ServiceName": "Qwave",
      "Direction": "1",
      "Protocol": "17",
      "LocalPorts": "2177",
      "RemotePorts": "*",
      "Action": "3",
      "Profiles": "2",
      "LocalAddresses": "*",
      "RemoteAddresses": "LocalSubnet",
      "RemoteMachineAuthorizationList": "",
      "RemoteUserAuthorizationList": "",
      "EmbeddedContext": "@FirewallAPI.dll,-31252",
      "Flags": "1",
      "Active": "1",
      "EdgeTraversal": "0",
      "LooseSourceMapped": "0",
      "SecurityOptions": "0",
      "ModifyingUser": "S-1-5-18",
      "ModifyingApplication": "C:\\Windows\\System32\\svchost.exe",
      "SchemaVersion": "522",
      "RuleStatus": "65536"
    },
    "RawXml": "<Event xmlns=\"http://schemas.microsoft.com/win/2004/08/events/event\"><System><Provider Name=\"Microsoft-Windows-Windows Firewall With Advanced Security\" Guid=\"{d1bc9aff-2abf-4d71-9146-ecb2a986eb85}\"></Provider>\n<EventID Qualifiers=\"\">2005</EventID>\n<Version>0</Version>\n<Level>4</Level>\n<Task>0</Task>\n<Opcode>0</Opcode>\n<Keywords>0x8000020000000000</Keywords>\n<TimeCreated SystemTime=\"2014-01-25 01:27:34.371456+00:00\"></TimeCreated>\n<EventRecordID>82</EventRecordID>\n<Correlation ActivityID=\"\" RelatedActivityID=\"\"></Correlation>\n<Execution ProcessID=\"1268\" ThreadID=\"1900\"></Execution>\n<Channel>Microsoft-Windows-Windows Firewall With Advanced Security/Firewall</Channel>\n<Computer>IACIS-HDD-2014</Computer>\n<Security UserID=\"S-1-5-19\"></Security>\n</System>\n<EventData><Data Name=\"RuleId\">{40B11ED2-6512-4472-8CBB-AC65DE4B6CAE}</Data>\n<Data Name=\"RuleName\">Windows Media Player Network Sharing Service (qWave-UDP-In)</Data>\n<Data Name=\"Origin\">1</Data>\n<Data Name=\"ApplicationPath\">C:\\Windows\\system32\\svchost.exe</Data>\n<Data Name=\"ServiceName\">Qwave</Data>\n<Data Name=\"Direction\">1</Data>\n<Data Name=\"Protocol\">17</Data>\n<Data Name=\"LocalPorts\">2177</Data>\n<Data Name=\"RemotePorts\">*</Data>\n<Data Name=\"Action\">3</Data>\n<Data Name=\"Profiles\">2</Data>\n<Data Name=\"LocalAddresses\">*</Data>\n<Data Name=\"RemoteAddresses\">LocalSubnet</Data>\n<Data Name=\"RemoteMachineAuthorizationList\"></Data>\n<Data Name=\"RemoteUserAuthorizationList\"></Data>\n<Data Name=\"EmbeddedContext\">@FirewallAPI.dll,-31252</Data>\n<Data Name=\"Flags\">1</Data>\n<Data Name=\"Active\">1</Data>\n<Data Name=\"EdgeTraversal\">0</Data>\n<Data Name=\"LooseSourceMapped\">0</Data>\n<Data Name=\"SecurityOptions\">0</Data>\n<Data Name=\"ModifyingUser\">S-1-5-18</Data>\n<Data Name=\"ModifyingApplication\">C:\\Windows\\System32\\svchost.exe</Data>\n<Data Name=\"SchemaVersion\">522</Data>\n<Data Name=\"RuleStatus\">65536</Data>\n</EventData>\n</Event>\n"
  },
  {
    "EventID": 2005,
    "Timestamp": "2014-01-25 01:27:34.371456+00:00",
    "Computer": "IACIS-HDD-2014",
    "Channel": "Microsoft-Windows-Windows Firewall With Advanced Security/Firewall",
    "Level": "Information",
    "EventData": {
      "RuleId": "WMPNSS-QWave-Out-UDP",
      "RuleName": "Windows Media Player Network Sharing Service (qWave-UDP-Out)",
      "Origin": "1",
      "ApplicationPath": "C:\\Windows\\system32\\svchost.exe",
      "ServiceName": "Qwave",
      "Direction": "2",
      "Protocol": "17",
      "LocalPorts": "*",
      "RemotePorts": "2177",
      "Action": "3",
      "Profiles": "4",
      "LocalAddresses": "*",
      "RemoteAddresses": "LocalSubnet",
      "RemoteMachineAuthorizationList": "",
      "RemoteUserAuthorizationList": "",
      "EmbeddedContext": "@FirewallAPI.dll,-31252",
      "Flags": "0",
      "Active": "0",
      "EdgeTraversal": "0",
      "LooseSourceMapped": "0",
      "SecurityOptions": "0",
      "ModifyingUser": "S-1-5-18",
      "ModifyingApplication": "C:\\Windows\\System32\\svchost.exe",
      "SchemaVersion": "522",
      "RuleStatus": "65536"
    },
    "RawXml": "<Event xmlns=\"http://schemas.microsoft.com/win/2004/08/events/event\"><System><Provider Name=\"Microsoft-Windows-Windows Firewall With Advanced Security\" Guid=\"{d1bc9aff-2abf-4d71-9146-ecb2a986eb85}\"></Provider>\n<EventID Qualifiers=\"\">2005</EventID>\n<Version>0</Version>\n<Level>4</Level>\n<Task>0</Task>\n<Opcode>0</Opcode>\n<Keywords>0x8000020000000000</Keywords>\n<TimeCreated SystemTime=\"2014-01-25 01:27:34.371456+00:00\"></TimeCreated>\n<EventRecordID>83</EventRecordID>\n<Correlation ActivityID=\"\" RelatedActivityID=\"\"></Correlation>\n<Execution ProcessID=\"1268\" ThreadID=\"2532\"></Execution>\n<Channel>Microsoft-Windows-Windows Firewall With Advanced Security/Firewall</Channel>\n<Computer>IACIS-HDD-2014</Computer>\n<Security UserID=\"S-1-5-19\"></Security>\n</System>\n<EventData><Data Name=\"RuleId\">WMPNSS-QWave-Out-UDP</Data>\n<Data Name=\"RuleName\">Windows Media Player Network Sharing Service (qWave-UDP-Out)</Data>\n<Data Name=\"Origin\">1</Data>\n<Data Name=\"ApplicationPath\">C:\\Windows\\system32\\svchost.exe</Data>\n<Data Name=\"ServiceName\">Qwave</Data>\n<Data Name=\"Direction\">2</Data>\n<Data Name=\"Protocol\">17</Data>\n<Data Name=\"LocalPorts\">*</Data>\n<Data Name=\"RemotePorts\">2177</Data>\n<Data Name=\"Action\">3</Data>\n<Data Name=\"Profiles\">4</Data>\n<Data Name=\"LocalAddresses\">*</Data>\n<Data Name=\"RemoteAddresses\">LocalSubnet</Data>\n<Data Name=\"RemoteMachineAuthorizationList\"></Data>\n<Data Name=\"RemoteUserAuthorizationList\"></Data>\n<Data Name=\"EmbeddedContext\">@FirewallAPI.dll,-31252</Data>\n<Data Name=\"Flags\">0</Data>\n<Data Name=\"Active\">0</Data>\n<Data Name=\"EdgeTraversal\">0</Data>\n<Data Name=\"LooseSourceMapped\">0</Data>\n<Data Name=\"SecurityOptions\">0</Data>\n<Data Name=\"ModifyingUser\">S-1-5-18</Data>\n<Data Name=\"ModifyingApplication\">C:\\Windows\\System32\\svchost.exe</Data>\n<Data Name=\"SchemaVersion\">522</Data>\n<Data Name=\"RuleStatus\">65536</Data>\n</EventData>\n</Event>\n"
  },
