  {
    "EventID": 2,
    "Timestamp": "2014-02-07 14:21:34.996336+00:00",
    "Computer": "IACIS-HDD-2014",
    "Channel": "Microsoft-Windows-Kernel-EventTracing/Admin",
    "Level": "Error",
    "EventData": {
      "SessionName": "Circular Kernel Context Logger",
      "FileName": "",
      "ErrorCode": "3221225525",
      "LoggingMode": "268436608"
    },
    "RawXml": "<Event xmlns=\"http://schemas.microsoft.com/win/2004/08/events/event\"><System><Provider Name=\"Microsoft-Windows-Kernel-EventTracing\" Guid=\"{b675ec37-bdb6-4648-bc92-f3fdc74d3ca2}\"></Provider>\n<EventID Qualifiers=\"\">2</EventID>\n<Version>0</Version>\n<Level>2</Level>\n<Task>2</Task>\n<Opcode>12</Opcode>\n<Keywords>0x8000000000000010</Keywords>\n<TimeCreated SystemTime=\"2014-02-07 14:21:34.996336+00:00\"></TimeCreated>\n<EventRecordID>38</EventRecordID>\n<Correlation ActivityID=\"\" RelatedActivityID=\"\"></Correlation>\n<Execution ProcessID=\"4\" ThreadID=\"64\"></Execution>\n<Channel>Microsoft-Windows-Kernel-EventTracing/Admin</Channel>\n<Computer>IACIS-HDD-2014</Computer>\n<Security UserID=\"S-1-5-18\"></Security>\n</System>\n<EventData><Data Name=\"SessionName\">Circular Kernel Context Logger</Data>\n<Data Name=\"FileName\"></Data>\n<Data Name=\"ErrorCode\">3221225525</Data>\n<Data Name=\"LoggingMode\">268436608</Data>\n</EventData>\n</Event>\n"
  },
  {
    "EventID": 2,
    "Timestamp": "2014-02-07 14:21:35.854336+00:00",
    "Computer": "IACIS-HDD-2014",
    "Channel": "Microsoft-Windows-Kernel-EventTracing/Admin",
    "Level": "Error",
    "EventData": {
      "SessionName": "Circular Kernel Context Logger",
      "FileName": "",
      "ErrorCode": "3221225525",
      "LoggingMode": "268436608"
    },
    "RawXml": "<Event xmlns=\"http://schemas.microsoft.com/win/2004/08/events/event\"><System><Provider Name=\"Microsoft-Windows-Kernel-EventTracing\" Guid=\"{b675ec37-bdb6-4648-bc92-f3fdc74d3ca2}\"></Provider>\n<EventID Qualifiers=\"\">2</EventID>\n<Version>0</Version>\n<Level>2</Level>\n<Task>2</Task>\n<Opcode>12</Opcode>\n<Keywords>0x8000000000000010</Keywords>\n<TimeCreated SystemTime=\"2014-02-07 14:21:35.854336+00:00\"></TimeCreated>\n<EventRecordID>39</EventRecordID>\n<Correlation ActivityID=\"\" RelatedActivityID=\"\"></Correlation>\n<Execution ProcessID=\"4\" ThreadID=\"64\"></Execution>\n<Channel>Microsoft-Windows-Kernel-EventTracing/Admin</Channel>\n<Computer>IACIS-HDD-2014</Computer>\n<Security UserID=\"S-1-5-18\"></Security>\n</System>\n<EventData><Data Name=\"SessionName\">Circular Kernel Context Logger</Data>\n<Data Name=\"FileName\"></Data>\n<Data Name=\"ErrorCode\">3221225525</Data>\n<Data Name=\"LoggingMode\">268436608</Data>\n</EventData>\n</Event>\n"
  },
  {
    "EventID": 2,
    "Timestamp": "2014-02-07 14:21:36.755939+00:00",
    "Computer": "IACIS-HDD-2014",
    "Channel": "Microsoft-Windows-Kernel-EventTracing/Admin",
    "Level": "Error",
    "EventData": {
      "SessionName": "Circular Kernel Context Logger",
      "FileName": "",
      "ErrorCode": "3221225525",
      "LoggingMode": "268436608"
    },
    "RawXml": "<Event xmlns=\"http://schemas.microsoft.com/win/2004/08/events/event\"><System><Provider Name=\"Microsoft-Windows-Kernel-EventTracing\" Guid=\"{b675ec37-bdb6-4648-bc92-f3fdc74d3ca2}\"></Provider>\n<EventID Qualifiers=\"\">2</EventID>\n<Version>0</Version>\n<Level>2</Level>\n<Task>2</Task>\n<Opcode>12</Opcode>\n<Keywords>0x8000000000000010</Keywords>\n<TimeCreated SystemTime=\"2014-02-07 14:21:36.755939+00:00\"></TimeCreated>\n<EventRecordID>40</EventRecordID>\n<Correlation ActivityID=\"\" RelatedActivityID=\"\"></Correlation>\n<Execution ProcessID=\"4\" ThreadID=\"64\"></Execution>\n<Channel>Microsoft-Windows-Kernel-EventTracing/Admin</Channel>\n<Computer>IACIS-HDD-2014</Computer>\n<Security UserID=\"S-1-5-18\"></Security>\n</System>\n<EventData><Data Name=\"SessionName\">Circular Kernel Context Logger</Data>\n<Data Name=\"FileName\"></Data>\n<Data Name=\"ErrorCode\">3221225525</Data>\n<Data Name=\"LoggingMode\">268436608</Data>\n</EventData>\n</Event>\n"
  },
  {
    "EventID": 2,
    "Timestamp": "2014-02-07 14:21:37.705940+00:00",
    "Computer": "IACIS-HDD-2014",
    "Channel": "Microsoft-Windows-Kernel-EventTracing/Admin",
    "Level": "Error",
    "EventData": {
      "SessionName": "Circular Kernel Context Logger",
      "FileName": "",
      "ErrorCode": "3221225525",
      "LoggingMode": "268436608"
    },
    "RawXml": "<Event xmlns=\"http://schemas.microsoft.com/win/2004/08/events/event\"><System><Provider Name=\"Microsoft-Windows-Kernel-EventTracing\" Guid=\"{b675ec37-bdb6-4648-bc92-f3fdc74d3ca2}\"></Provider>\n<EventID Qualifiers=\"\">2</EventID>\n<Version>0</Version>\n<Level>2</Level>\n<Task>2</Task>\n<Opcode>12</Opcode>\n<Keywords>0x8000000000000010</Keywords>\n<TimeCreated SystemTime=\"2014-02-07 14:21:37.705940+00:00\"></TimeCreated>\n<EventRecordID>41</EventRecordID>\n<Correlation ActivityID=\"\" RelatedActivityID=\"\"></Correlation>\n<Execution ProcessID=\"4\" ThreadID=\"64\"></Execution>\n<Channel>Microsoft-Windows-Kernel-EventTracing/Admin</Channel>\n<Computer>IACIS-HDD-2014</Computer>\n<Security UserID=\"S-1-5-18\"></Security>\n</System>\n<EventData><Data Name=\"SessionName\">Circular Kernel Context Logger</Data>\n<Data Name=\"FileName\"></Data>\n<Data Name=\"ErrorCode\">3221225525</Data>\n<Data Name=\"LoggingMode\">268436608</Data>\n</EventData>\n</Event>\n"
  },
  {
    "EventID": 2,
    "Timestamp": "2014-02-07 14:21:38.705942+00:00",
    "Computer": "IACIS-HDD-2014",
    "Channel": "Microsoft-Windows-Kernel-EventTracing/Admin",
    "Level": "Error",
    "EventData": {
      "SessionName": "Circular Kernel Context Logger",
      "FileName": "",
      "ErrorCode": "3221225525",
      "LoggingMode": "268436608"
    },
    "RawXml": "<Event xmlns=\"http://schemas.microsoft.com/win/2004/08/events/event\"><System><Provider Name=\"Microsoft-Windows-Kernel-EventTracing\" Guid=\"{b675ec37-bdb6-4648-bc92-f3fdc74d3ca2}\"></Provider>\n<EventID Qualifiers=\"\">2</EventID>\n<Version>0</Version>\n<Level>2</Level>\n<Task>2</Task>\n<Opcode>12</Opcode>\n<Keywords>0x8000000000000010</Keywords>\n<TimeCreated SystemTime=\"2014-02-07 14:21:38.705942+00:00\"></TimeCreated>\n<EventRecordID>42</EventRecordID>\n<Correlation ActivityID=\"\" RelatedActivityID=\"\"></Correlation>\n<Execution ProcessID=\"4\" ThreadID=\"64\"></Execution>\n<Channel>Microsoft-Windows-Kernel-EventTracing/Admin</Channel>\n<Computer>IACIS-HDD-2014</Computer>\n<Security UserID=\"S-1-5-18\"></Security>\n</System>\n<EventData><Data Name=\"SessionName\">Circular Kernel Context Logger</Data>\n<Data Name=\"FileName\"></Data>\n<Data Name=\"ErrorCode\">3221225525</Data>\n<Data Name=\"LoggingMode\">268436608</Data>\n</EventData>\n</Event>\n"
  },
  {
    "EventID": 2,
    "Timestamp": "2014-02-19 17:19:43.964243+00:00",
    "Computer": "IACIS-HDD-2014",
    "Channel": "Microsoft-Windows-Kernel-EventTracing/Admin",
    "Level": "Error",
    "EventData": {
      "SessionName": "Circular Kernel Context Logger",
      "FileName": "",
      "ErrorCode": "3221225525",
      "LoggingMode": "268436608"
    },
    "RawXml": "<Event xmlns=\"http://schemas.microsoft.com/win/2004/08/events/event\"><System><Provider Name=\"Microsoft-Windows-Kernel-EventTracing\" Guid=\"{b675ec37-bdb6-4648-bc92-f3fdc74d3ca2}\"></Provider>\n<EventID Qualifiers=\"\">2</EventID>\n<Version>0</Version>\n<Level>2</Level>\n<Task>2</Task>\n<Opcode>12</Opcode>\n<Keywords>0x8000000000000010</Keywords>\n<TimeCreated SystemTime=\"2014-02-19 17:19:43.964243+00:00\"></TimeCreated>\n<EventRecordID>43</EventRecordID>\n<Correlation ActivityID=\"\" RelatedActivityID=\"\"></Correlation>\n<Execution ProcessID=\"4\" ThreadID=\"48\"></Execution>\n<Channel>Microsoft-Windows-Kernel-EventTracing/Admin</Channel>\n<Computer>IACIS-HDD-2014</Computer>\n<Security UserID=\"S-1-5-18\"></Security>\n</System>\n<EventData><Data Name=\"SessionName\">Circular Kernel Context Logger</Data>\n<Data Name=\"FileName\"></Data>\n<Data Name=\"ErrorCode\">3221225525</Data>\n<Data Name=\"LoggingMode\">268436608</Data>\n</EventData>\n</Event>\n"
  },
  {
    "EventID": 2,
    "Timestamp": "2014-02-19 17:19:44.073442+00:00",
    "Computer": "IACIS-HDD-2014",
    "Channel": "Microsoft-Windows-Kernel-EventTracing/Admin",
    "Level": "Error",
    "EventData": {
      "SessionName": "Circular Kernel Context Logger",
      "FileName": "",
      "ErrorCode": "3221225525",
      "LoggingMode": "268436608"
    },
    "RawXml": "<Event xmlns=\"http://schemas.microsoft.com/win/2004/08/events/event\"><System><Provider Name=\"Microsoft-Windows-Kernel-EventTracing\" Guid=\"{b675ec37-bdb6-4648-bc92-f3fdc74d3ca2}\"></Provider>\n<EventID Qualifiers=\"\">2</EventID>\n<Version>0</Version>\n<Level>2</Level>\n<Task>2</Task>\n<Opcode>12</Opcode>\n<Keywords>0x8000000000000010</Keywords>\n<TimeCreated SystemTime=\"2014-02-19 17:19:44.073442+00:00\"></TimeCreated>\n<EventRecordID>44</EventRecordID>\n<Correlation ActivityID=\"\" RelatedActivityID=\"\"></Correlation>\n<Execution ProcessID=\"4\" ThreadID=\"48\"></Execution>\n<Channel>Microsoft-Windows-Kernel-EventTracing/Admin</Channel>\n<Computer>IACIS-HDD-2014</Computer>\n<Security UserID=\"S-1-5-18\"></Security>\n</System>\n<EventData><Data Name=\"SessionName\">Circular Kernel Context Logger</Data>\n<Data Name=\"FileName\"></Data>\n<Data Name=\"ErrorCode\">3221225525</Data>\n<Data Name=\"LoggingMode\">268436608</Data>\n</EventData>\n</Event>\n"
  },
  {
    "EventID": 2,
    "Timestamp": "2014-02-19 17:19:44.229443+00:00",
    "Computer": "IACIS-HDD-2014",
    "Channel": "Microsoft-Windows-Kernel-EventTracing/Admin",
    "Level": "Error",
    "EventData": {
      "SessionName": "Circular Kernel Context Logger",
      "FileName": "",
      "ErrorCode": "3221225525",
      "LoggingMode": "268436608"
    },
    "RawXml": "<Event xmlns=\"http://schemas.microsoft.com/win/2004/08/events/event\"><System><Provider Name=\"Microsoft-Windows-Kernel-EventTracing\" Guid=\"{b675ec37-bdb6-4648-bc92-f3fdc74d3ca2}\"></Provider>\n<EventID Qualifiers=\"\">2</EventID>\n<Version>0</Version>\n<Level>2</Level>\n<Task>2</Task>\n<Opcode>12</Opcode>\n<Keywords>0x8000000000000010</Keywords>\n<TimeCreated SystemTime=\"2014-02-19 17:19:44.229443+00:00\"></TimeCreated>\n<EventRecordID>45</EventRecordID>\n<Correlation ActivityID=\"\" RelatedActivityID=\"\"></Correlation>\n<Execution ProcessID=\"4\" ThreadID=\"48\"></Execution>\n<Channel>Microsoft-Windows-Kernel-EventTracing/Admin</Channel>\n<Computer>IACIS-HDD-2014</Computer>\n<Security UserID=\"S-1-5-18\"></Security>\n</System>\n<EventData><Data Name=\"SessionName\">Circular Kernel Context Logger</Data>\n<Data Name=\"FileName\"></Data>\n<Data Name=\"ErrorCode\">3221225525</Data>\n<Data Name=\"LoggingMode\">268436608</Data>\n</EventData>\n</Event>\n"
  },
  {
    "EventID": 2,
    "Timestamp": "2014-02-19 17:19:44.432243+00:00",
    "Computer": "IACIS-HDD-2014",
    "Channel": "Microsoft-Windows-Kernel-EventTracing/Admin",
    "Level": "Error",
    "EventData": {
      "SessionName": "Circular Kernel Context Logger",
      "FileName": "",
      "ErrorCode": "3221225525",
      "LoggingMode": "268436608"
    },
    "RawXml": "<Event xmlns=\"http://schemas.microsoft.com/win/2004/08/events/event\"><System><Provider Name=\"Microsoft-Windows-Kernel-EventTracing\" Guid=\"{b675ec37-bdb6-4648-bc92-f3fdc74d3ca2}\"></Provider>\n<EventID Qualifiers=\"\">2</EventID>\n<Version>0</Version>\n<Level>2</Level>\n<Task>2</Task>\n<Opcode>12</Opcode>\n<Keywords>0x8000000000000010</Keywords>\n<TimeCreated SystemTime=\"2014-02-19 17:19:44.432243+00:00\"></TimeCreated>\n<EventRecordID>46</EventRecordID>\n<Correlation ActivityID=\"\" RelatedActivityID=\"\"></Correlation>\n<Execution ProcessID=\"4\" ThreadID=\"48\"></Execution>\n<Channel>Microsoft-Windows-Kernel-EventTracing/Admin</Channel>\n<Computer>IACIS-HDD-2014</Computer>\n<Security UserID=\"S-1-5-18\"></Security>\n</System>\n<EventData><Data Name=\"SessionName\">Circular Kernel Context Logger</Data>\n<Data Name=\"FileName\"></Data>\n<Data Name=\"ErrorCode\">3221225525</Data>\n<Data Name=\"LoggingMode\">268436608</Data>\n</EventData>\n</Event>\n"
  },
  {
    "EventID": 2,
    "Timestamp": "2014-02-19 17:19:44.697445+00:00",
    "Computer": "IACIS-HDD-2014",
    "Channel": "Microsoft-Windows-Kernel-EventTracing/Admin",
    "Level": "Error",
    "EventData": {
      "SessionName": "Circular Kernel Context Logger",
      "FileName": "",
      "ErrorCode": "3221225525",
      "LoggingMode": "268436608"
    },
    "RawXml": "<Event xmlns=\"http://schemas.microsoft.com/win/2004/08/events/event\"><System><Provider Name=\"Microsoft-Windows-Kernel-EventTracing\" Guid=\"{b675ec37-bdb6-4648-bc92-f3fdc74d3ca2}\"></Provider>\n<EventID Qualifiers=\"\">2</EventID>\n<Version>0</Version>\n<Level>2</Level>\n<Task>2</Task>\n<Opcode>12</Opcode>\n<Keywords>0x8000000000000010</Keywords>\n<TimeCreated SystemTime=\"2014-02-19 17:19:44.697445+00:00\"></TimeCreated>\n<EventRecordID>47</EventRecordID>\n<Correlation ActivityID=\"\" RelatedActivityID=\"\"></Correlation>\n<Execution ProcessID=\"4\" ThreadID=\"48\"></Execution>\n<Channel>Microsoft-Windows-Kernel-EventTracing/Admin</Channel>\n<Computer>IACIS-HDD-2014</Computer>\n<Security UserID=\"S-1-5-18\"></Security>\n</System>\n<EventData><Data Name=\"SessionName\">Circular Kernel Context Logger</Data>\n<Data Name=\"FileName\"></Data>\n<Data Name=\"ErrorCode\">3221225525</Data>\n<Data Name=\"LoggingMode\">268436608</Data>\n</EventData>\n</Event>\n"
  },
  {
    "EventID": 2,
    "Timestamp": "2014-02-19 17:19:45.005844+00:00",
    "Computer": "IACIS-HDD-2014",
    "Channel": "Microsoft-Windows-Kernel-EventTracing/Admin",
    "Level": "Error",
    "EventData": {
      "SessionName": "Circular Kernel Context Logger",
      "FileName": "",
      "ErrorCode": "3221225525",
      "LoggingMode": "268436608"
    },
    "RawXml": "<Event xmlns=\"http://schemas.microsoft.com/win/2004/08/events/event\"><System><Provider Name=\"Microsoft-Windows-Kernel-EventTracing\" Guid=\"{b675ec37-bdb6-4648-bc92-f3fdc74d3ca2}\"></Provider>\n<EventID Qualifiers=\"\">2</EventID>\n<Version>0</Version>\n<Level>2</Level>\n<Task>2</Task>\n<Opcode>12</Opcode>\n<Keywords>0x8000000000000010</Keywords>\n<TimeCreated SystemTime=\"2014-02-19 17:19:45.005844+00:00\"></TimeCreated>\n<EventRecordID>48</EventRecordID>\n<Correlation ActivityID=\"\" RelatedActivityID=\"\"></Correlation>\n<Execution ProcessID=\"4\" ThreadID=\"48\"></Execution>\n<Channel>Microsoft-Windows-Kernel-EventTracing/Admin</Channel>\n<Computer>IACIS-HDD-2014</Computer>\n<Security UserID=\"S-1-5-18\"></Security>\n</System>\n<EventData><Data Name=\"SessionName\">Circular Kernel Context Logger</Data>\n<Data Name=\"FileName\"></Data>\n<Data Name=\"ErrorCode\">3221225525</Data>\n<Data Name=\"LoggingMode\">268436608</Data>\n</EventData>\n</Event>\n"
  },
  {
    "EventID": 2,
    "Timestamp": "2014-02-19 17:19:45.355848+00:00",
    "Computer": "IACIS-HDD-2014",
    "Channel": "Microsoft-Windows-Kernel-EventTracing/Admin",
    "Level": "Error",
    "EventData": {
      "SessionName": "Circular Kernel Context Logger",
      "FileName": "",
      "ErrorCode": "3221225525",
      "LoggingMode": "268436608"
    },
    "RawXml": "<Event xmlns=\"http://schemas.microsoft.com/win/2004/08/events/event\"><System><Provider Name=\"Microsoft-Windows-Kernel-EventTracing\" Guid=\"{b675ec37-bdb6-4648-bc92-f3fdc74d3ca2}\"></Provider>\n<EventID Qualifiers=\"\">2</EventID>\n<Version>0</Version>\n<Level>2</Level>\n<Task>2</Task>\n<Opcode>12</Opcode>\n<Keywords>0x8000000000000010</Keywords>\n<TimeCreated SystemTime=\"2014-02-19 17:19:45.355848+00:00\"></TimeCreated>\n<EventRecordID>49</EventRecordID>\n<Correlation ActivityID=\"\" RelatedActivityID=\"\"></Correlation>\n<Execution ProcessID=\"4\" ThreadID=\"48\"></Execution>\n<Channel>Microsoft-Windows-Kernel-EventTracing/Admin</Channel>\n<Computer>IACIS-HDD-2014</Computer>\n<Security UserID=\"S-1-5-18\"></Security>\n</System>\n<EventData><Data Name=\"SessionName\">Circular Kernel Context Logger</Data>\n<Data Name=\"FileName\"></Data>\n<Data Name=\"ErrorCode\">3221225525</Data>\n<Data Name=\"LoggingMode\">268436608</Data>\n</EventData>\n</Event>\n"
  },
  {
    "EventID": 2,
    "Timestamp": "2014-02-19 17:19:45.759850+00:00",
    "Computer": "IACIS-HDD-2014",
    "Channel": "Microsoft-Windows-Kernel-EventTracing/Admin",
    "Level": "Error",
    "EventData": {
      "SessionName": "Circular Kernel Context Logger",
      "FileName": "",
      "ErrorCode": "3221225525",
      "LoggingMode": "268436608"
    },
    "RawXml": "<Event xmlns=\"http://schemas.microsoft.com/win/2004/08/events/event\"><System><Provider Name=\"Microsoft-Windows-Kernel-EventTracing\" Guid=\"{b675ec37-bdb6-4648-bc92-f3fdc74d3ca2}\"></Provider>\n<EventID Qualifiers=\"\">2</EventID>\n<Version>0</Version>\n<Level>2</Level>\n<Task>2</Task>\n<Opcode>12</Opcode>\n<Keywords>0x8000000000000010</Keywords>\n<TimeCreated SystemTime=\"2014-02-19 17:19:45.759850+00:00\"></TimeCreated>\n<EventRecordID>50</EventRecordID>\n<Correlation ActivityID=\"\" RelatedActivityID=\"\"></Correlation>\n<Execution ProcessID=\"4\" ThreadID=\"48\"></Execution>\n<Channel>Microsoft-Windows-Kernel-EventTracing/Admin</Channel>\n<Computer>IACIS-HDD-2014</Computer>\n<Security UserID=\"S-1-5-18\"></Security>\n</System>\n<EventData><Data Name=\"SessionName\">Circular Kernel Context Logger</Data>\n<Data Name=\"FileName\"></Data>\n<Data Name=\"ErrorCode\">3221225525</Data>\n<Data Name=\"LoggingMode\">268436608</Data>\n</EventData>\n</Event>\n"
  },
  {
    "EventID": 2,
    "Timestamp": "2014-02-19 17:19:46.223051+00:00",
    "Computer": "IACIS-HDD-2014",
    "Channel": "Microsoft-Windows-Kernel-EventTracing/Admin",
    "Level": "Error",
    "EventData": {
      "SessionName": "Circular Kernel Context Logger",
      "FileName": "",
      "ErrorCode": "3221225525",
      "LoggingMode": "268436608"
    },
    "RawXml": "<Event xmlns=\"http://schemas.microsoft.com/win/2004/08/events/event\"><System><Provider Name=\"Microsoft-Windows-Kernel-EventTracing\" Guid=\"{b675ec37-bdb6-4648-bc92-f3fdc74d3ca2}\"></Provider>\n<EventID Qualifiers=\"\">2</EventID>\n<Version>0</Version>\n<Level>2</Level>\n<Task>2</Task>\n<Opcode>12</Opcode>\n<Keywords>0x8000000000000010</Keywords>\n<TimeCreated SystemTime=\"2014-02-19 17:19:46.223051+00:00\"></TimeCreated>\n<EventRecordID>51</EventRecordID>\n<Correlation ActivityID=\"\" RelatedActivityID=\"\"></Correlation>\n<Execution ProcessID=\"4\" ThreadID=\"48\"></Execution>\n<Channel>Microsoft-Windows-Kernel-EventTracing/Admin</Channel>\n<Computer>IACIS-HDD-2014</Computer>\n<Security UserID=\"S-1-5-18\"></Security>\n</System>\n<EventData><Data Name=\"SessionName\">Circular Kernel Context Logger</Data>\n<Data Name=\"FileName\"></Data>\n<Data Name=\"ErrorCode\">3221225525</Data>\n<Data Name=\"LoggingMode\">268436608</Data>\n</EventData>\n</Event>\n"
  },
  {
    "EventID": 2,
    "Timestamp": "2014-02-19 17:19:46.737850+00:00",
    "Computer": "IACIS-HDD-2014",
    "Channel": "Microsoft-Windows-Kernel-EventTracing/Admin",
    "Level": "Error",
    "EventData": {
      "SessionName": "Circular Kernel Context Logger",
      "FileName": "",
      "ErrorCode": "3221225525",
      "LoggingMode": "268436608"
    },
    "RawXml": "<Event xmlns=\"http://schemas.microsoft.com/win/2004/08/events/event\"><System><Provider Name=\"Microsoft-Windows-Kernel-EventTracing\" Guid=\"{b675ec37-bdb6-4648-bc92-f3fdc74d3ca2}\"></Provider>\n<EventID Qualifiers=\"\">2</EventID>\n<Version>0</Version>\n<Level>2</Level>\n<Task>2</Task>\n<Opcode>12</Opcode>\n<Keywords>0x8000000000000010</Keywords>\n<TimeCreated SystemTime=\"2014-02-19 17:19:46.737850+00:00\"></TimeCreated>\n<EventRecordID>52</EventRecordID>\n<Correlation ActivityID=\"\" RelatedActivityID=\"\"></Correlation>\n<Execution ProcessID=\"4\" ThreadID=\"48\"></Execution>\n<Channel>Microsoft-Windows-Kernel-EventTracing/Admin</Channel>\n<Computer>IACIS-HDD-2014</Computer>\n<Security UserID=\"S-1-5-18\"></Security>\n</System>\n<EventData><Data Name=\"SessionName\">Circular Kernel Context Logger</Data>\n<Data Name=\"FileName\"></Data>\n<Data Name=\"ErrorCode\">3221225525</Data>\n<Data Name=\"LoggingMode\">268436608</Data>\n</EventData>\n</Event>\n"
  },
  {
    "EventID": 2,
    "Timestamp": "2014-02-19 17:19:47.299452+00:00",
    "Computer": "IACIS-HDD-2014",
    "Channel": "Microsoft-Windows-Kernel-EventTracing/Admin",
    "Level": "Error",
    "EventData": {
      "SessionName": "Circular Kernel Context Logger",
      "FileName": "",
      "ErrorCode": "3221225525",
      "LoggingMode": "268436608"
    },
    "RawXml": "<Event xmlns=\"http://schemas.microsoft.com/win/2004/08/events/event\"><System><Provider Name=\"Microsoft-Windows-Kernel-EventTracing\" Guid=\"{b675ec37-bdb6-4648-bc92-f3fdc74d3ca2}\"></Provider>\n<EventID Qualifiers=\"\">2</EventID>\n<Version>0</Version>\n<Level>2</Level>\n<Task>2</Task>\n<Opcode>12</Opcode>\n<Keywords>0x8000000000000010</Keywords>\n<TimeCreated SystemTime=\"2014-02-19 17:19:47.299452+00:00\"></TimeCreated>\n<EventRecordID>53</EventRecordID>\n<Correlation ActivityID=\"\" RelatedActivityID=\"\"></Correlation>\n<Execution ProcessID=\"4\" ThreadID=\"48\"></Execution>\n<Channel>Microsoft-Windows-Kernel-EventTracing/Admin</Channel>\n<Computer>IACIS-HDD-2014</Computer>\n<Security UserID=\"S-1-5-18\"></Security>\n</System>\n<EventData><Data Name=\"SessionName\">Circular Kernel Context Logger</Data>\n<Data Name=\"FileName\"></Data>\n<Data Name=\"ErrorCode\">3221225525</Data>\n<Data Name=\"LoggingMode\">268436608</Data>\n</EventData>\n</Event>\n"
  },
  {
    "EventID": 2,
    "Timestamp": "2014-02-19 17:19:47.907854+00:00",
    "Computer": "IACIS-HDD-2014",
    "Channel": "Microsoft-Windows-Kernel-EventTracing/Admin",
    "Level": "Error",
    "EventData": {
      "SessionName": "Circular Kernel Context Logger",
      "FileName": "",
      "ErrorCode": "3221225525",
      "LoggingMode": "268436608"
    },
    "RawXml": "<Event xmlns=\"http://schemas.microsoft.com/win/2004/08/events/event\"><System><Provider Name=\"Microsoft-Windows-Kernel-EventTracing\" Guid=\"{b675ec37-bdb6-4648-bc92-f3fdc74d3ca2}\"></Provider>\n<EventID Qualifiers=\"\">2</EventID>\n<Version>0</Version>\n<Level>2</Level>\n<Task>2</Task>\n<Opcode>12</Opcode>\n<Keywords>0x8000000000000010</Keywords>\n<TimeCreated SystemTime=\"2014-02-19 17:19:47.907854+00:00\"></TimeCreated>\n<EventRecordID>54</EventRecordID>\n<Correlation ActivityID=\"\" RelatedActivityID=\"\"></Correlation>\n<Execution ProcessID=\"4\" ThreadID=\"48\"></Execution>\n<Channel>Microsoft-Windows-Kernel-EventTracing/Admin</Channel>\n<Computer>IACIS-HDD-2014</Computer>\n<Security UserID=\"S-1-5-18\"></Security>\n</System>\n<EventData><Data Name=\"SessionName\">Circular Kernel Context Logger</Data>\n<Data Name=\"FileName\"></Data>\n<Data Name=\"ErrorCode\">3221225525</Data>\n<Data Name=\"LoggingMode\">268436608</Data>\n</EventData>\n</Event>\n"
  },
  {
    "EventID": 2,
    "Timestamp": "2014-02-19 17:19:48.563053+00:00",
    "Computer": "IACIS-HDD-2014",
    "Channel": "Microsoft-Windows-Kernel-EventTracing/Admin",
    "Level": "Error",
    "EventData": {
      "SessionName": "Circular Kernel Context Logger",
      "FileName": "",
      "ErrorCode": "3221225525",
      "LoggingMode": "268436608"
    },
    "RawXml": "<Event xmlns=\"http://schemas.microsoft.com/win/2004/08/events/event\"><System><Provider Name=\"Microsoft-Windows-Kernel-EventTracing\" Guid=\"{b675ec37-bdb6-4648-bc92-f3fdc74d3ca2}\"></Provider>\n<EventID Qualifiers=\"\">2</EventID>\n<Version>0</Version>\n<Level>2</Level>\n<Task>2</Task>\n<Opcode>12</Opcode>\n<Keywords>0x8000000000000010</Keywords>\n<TimeCreated SystemTime=\"2014-02-19 17:19:48.563053+00:00\"></TimeCreated>\n<EventRecordID>55</EventRecordID>\n<Correlation ActivityID=\"\" RelatedActivityID=\"\"></Correlation>\n<Execution ProcessID=\"4\" ThreadID=\"48\"></Execution>\n<Channel>Microsoft-Windows-Kernel-EventTracing/Admin</Channel>\n<Computer>IACIS-HDD-2014</Computer>\n<Security UserID=\"S-1-5-18\"></Security>\n</System>\n<EventData><Data Name=\"SessionName\">Circular Kernel Context Logger</Data>\n<Data Name=\"FileName\"></Data>\n<Data Name=\"ErrorCode\">3221225525</Data>\n<Data Name=\"LoggingMode\">268436608</Data>\n</EventData>\n</Event>\n"
  },
  {
    "EventID": 2,
    "Timestamp": "2014-02-19 17:19:49.265055+00:00",
    "Computer": "IACIS-HDD-2014",
    "Channel": "Microsoft-Windows-Kernel-EventTracing/Admin",
    "Level": "Error",
    "EventData": {
      "SessionName": "Circular Kernel Context Logger",
      "FileName": "",
      "ErrorCode": "3221225525",
      "LoggingMode": "268436608"
    },
    "RawXml": "<Event xmlns=\"http://schemas.microsoft.com/win/2004/08/events/event\"><System><Provider Name=\"Microsoft-Windows-Kernel-EventTracing\" Guid=\"{b675ec37-bdb6-4648-bc92-f3fdc74d3ca2}\"></Provider>\n<EventID Qualifiers=\"\">2</EventID>\n<Version>0</Version>\n<Level>2</Level>\n<Task>2</Task>\n<Opcode>12</Opcode>\n<Keywords>0x8000000000000010</Keywords>\n<TimeCreated SystemTime=\"2014-02-19 17:19:49.265055+00:00\"></TimeCreated>\n<EventRecordID>56</EventRecordID>\n<Correlation ActivityID=\"\" RelatedActivityID=\"\"></Correlation>\n<Execution ProcessID=\"4\" ThreadID=\"48\"></Execution>\n<Channel>Microsoft-Windows-Kernel-EventTracing/Admin</Channel>\n<Computer>IACIS-HDD-2014</Computer>\n<Security UserID=\"S-1-5-18\"></Security>\n</System>\n<EventData><Data Name=\"SessionName\">Circular Kernel Context Logger</Data>\n<Data Name=\"FileName\"></Data>\n<Data Name=\"ErrorCode\">3221225525</Data>\n<Data Name=\"LoggingMode\">268436608</Data>\n</EventData>\n</Event>\n"
  },
  {
    "EventID": 2,
    "Timestamp": "2014-02-19 17:19:50.029457+00:00",
    "Computer": "IACIS-HDD-2014",
    "Channel": "Microsoft-Windows-Kernel-EventTracing/Admin",
    "Level": "Error",
    "EventData": {
      "SessionName": "Circular Kernel Context Logger",
      "FileName": "",
      "ErrorCode": "3221225525",
      "LoggingMode": "268436608"
    },
    "RawXml": "<Event xmlns=\"http://schemas.microsoft.com/win/2004/08/events/event\"><System><Provider Name=\"Microsoft-Windows-Kernel-EventTracing\" Guid=\"{b675ec37-bdb6-4648-bc92-f3fdc74d3ca2}\"></Provider>\n<EventID Qualifiers=\"\">2</EventID>\n<Version>0</Version>\n<Level>2</Level>\n<Task>2</Task>\n<Opcode>12</Opcode>\n<Keywords>0x8000000000000010</Keywords>\n<TimeCreated SystemTime=\"2014-02-19 17:19:50.029457+00:00\"></TimeCreated>\n<EventRecordID>57</EventRecordID>\n<Correlation ActivityID=\"\" RelatedActivityID=\"\"></Correlation>\n<Execution ProcessID=\"4\" ThreadID=\"48\"></Execution>\n<Channel>Microsoft-Windows-Kernel-EventTracing/Admin</Channel>\n<Computer>IACIS-HDD-2014</Computer>\n<Security UserID=\"S-1-5-18\"></Security>\n</System>\n<EventData><Data Name=\"SessionName\">Circular Kernel Context Logger</Data>\n<Data Name=\"FileName\"></Data>\n<Data Name=\"ErrorCode\">3221225525</Data>\n<Data Name=\"LoggingMode\">268436608</Data>\n</EventData>\n</Event>\n"
  },
  {
    "EventID": 2,
    "Timestamp": "2014-02-19 17:19:50.840658+00:00",
    "Computer": "IACIS-HDD-2014",
    "Channel": "Microsoft-Windows-Kernel-EventTracing/Admin",
    "Level": "Error",
    "EventData": {
      "SessionName": "Circular Kernel Context Logger",
      "FileName": "",
      "ErrorCode": "3221225525",
      "LoggingMode": "268436608"
    },
    "RawXml": "<Event xmlns=\"http://schemas.microsoft.com/win/2004/08/events/event\"><System><Provider Name=\"Microsoft-Windows-Kernel-EventTracing\" Guid=\"{b675ec37-bdb6-4648-bc92-f3fdc74d3ca2}\"></Provider>\n<EventID Qualifiers=\"\">2</EventID>\n<Version>0</Version>\n<Level>2</Level>\n<Task>2</Task>\n<Opcode>12</Opcode>\n<Keywords>0x8000000000000010</Keywords>\n<TimeCreated SystemTime=\"2014-02-19 17:19:50.840658+00:00\"></TimeCreated>\n<EventRecordID>58</EventRecordID>\n<Correlation ActivityID=\"\" RelatedActivityID=\"\"></Correlation>\n<Execution ProcessID=\"4\" ThreadID=\"48\"></Execution>\n<Channel>Microsoft-Windows-Kernel-EventTracing/Admin</Channel>\n<Computer>IACIS-HDD-2014</Computer>\n<Security UserID=\"S-1-5-18\"></Security>\n</System>\n<EventData><Data Name=\"SessionName\">Circular Kernel Context Logger</Data>\n<Data Name=\"FileName\"></Data>\n<Data Name=\"ErrorCode\">3221225525</Data>\n<Data Name=\"LoggingMode\">268436608</Data>\n</EventData>\n</Event>\n"
  },
  {
    "EventID": 2,
    "Timestamp": "2014-02-19 17:19:51.698660+00:00",
    "Computer": "IACIS-HDD-2014",
    "Channel": "Microsoft-Windows-Kernel-EventTracing/Admin",
    "Level": "Error",
    "EventData": {
      "SessionName": "Circular Kernel Context Logger",
      "FileName": "",
      "ErrorCode": "3221225525",
      "LoggingMode": "268436608"
    },
    "RawXml": "<Event xmlns=\"http://schemas.microsoft.com/win/2004/08/events/event\"><System><Provider Name=\"Microsoft-Windows-Kernel-EventTracing\" Guid=\"{b675ec37-bdb6-4648-bc92-f3fdc74d3ca2}\"></Provider>\n<EventID Qualifiers=\"\">2</EventID>\n<Version>0</Version>\n<Level>2</Level>\n<Task>2</Task>\n<Opcode>12</Opcode>\n<Keywords>0x8000000000000010</Keywords>\n<TimeCreated SystemTime=\"2014-02-19 17:19:51.698660+00:00\"></TimeCreated>\n<EventRecordID>59</EventRecordID>\n<Correlation ActivityID=\"\" RelatedActivityID=\"\"></Correlation>\n<Execution ProcessID=\"4\" ThreadID=\"48\"></Execution>\n<Channel>Microsoft-Windows-Kernel-EventTracing/Admin</Channel>\n<Computer>IACIS-HDD-2014</Computer>\n<Security UserID=\"S-1-5-18\"></Security>\n</System>\n<EventData><Data Name=\"SessionName\">Circular Kernel Context Logger</Data>\n<Data Name=\"FileName\"></Data>\n<Data Name=\"ErrorCode\">3221225525</Data>\n<Data Name=\"LoggingMode\">268436608</Data>\n</EventData>\n</Event>\n"
  },
  {
    "EventID": 2,
    "Timestamp": "2014-02-19 17:19:52.603462+00:00",
    "Computer": "IACIS-HDD-2014",
    "Channel": "Microsoft-Windows-Kernel-EventTracing/Admin",
    "Level": "Error",
    "EventData": {
      "SessionName": "Circular Kernel Context Logger",
      "FileName": "",
      "ErrorCode": "3221225525",
      "LoggingMode": "268436608"
    },
    "RawXml": "<Event xmlns=\"http://schemas.microsoft.com/win/2004/08/events/event\"><System><Provider Name=\"Microsoft-Windows-Kernel-EventTracing\" Guid=\"{b675ec37-bdb6-4648-bc92-f3fdc74d3ca2}\"></Provider>\n<EventID Qualifiers=\"\">2</EventID>\n<Version>0</Version>\n<Level>2</Level>\n<Task>2</Task>\n<Opcode>12</Opcode>\n<Keywords>0x8000000000000010</Keywords>\n<TimeCreated SystemTime=\"2014-02-19 17:19:52.603462+00:00\"></TimeCreated>\n<EventRecordID>60</EventRecordID>\n<Correlation ActivityID=\"\" RelatedActivityID=\"\"></Correlation>\n<Execution ProcessID=\"4\" ThreadID=\"48\"></Execution>\n<Channel>Microsoft-Windows-Kernel-EventTracing/Admin</Channel>\n<Computer>IACIS-HDD-2014</Computer>\n<Security UserID=\"S-1-5-18\"></Security>\n</System>\n<EventData><Data Name=\"SessionName\">Circular Kernel Context Logger</Data>\n<Data Name=\"FileName\"></Data>\n<Data Name=\"ErrorCode\">3221225525</Data>\n<Data Name=\"LoggingMode\">268436608</Data>\n</EventData>\n</Event>\n"
  },
  {
    "EventID": 2,
    "Timestamp": "2014-02-19 17:19:53.555063+00:00",
    "Computer": "IACIS-HDD-2014",
    "Channel": "Microsoft-Windows-Kernel-EventTracing/Admin",
    "Level": "Error",
    "EventData": {
      "SessionName": "Circular Kernel Context Logger",
      "FileName": "",
      "ErrorCode": "3221225525",
      "LoggingMode": "268436608"
    },
    "RawXml": "<Event xmlns=\"http://schemas.microsoft.com/win/2004/08/events/event\"><System><Provider Name=\"Microsoft-Windows-Kernel-EventTracing\" Guid=\"{b675ec37-bdb6-4648-bc92-f3fdc74d3ca2}\"></Provider>\n<EventID Qualifiers=\"\">2</EventID>\n<Version>0</Version>\n<Level>2</Level>\n<Task>2</Task>\n<Opcode>12</Opcode>\n<Keywords>0x8000000000000010</Keywords>\n<TimeCreated SystemTime=\"2014-02-19 17:19:53.555063+00:00\"></TimeCreated>\n<EventRecordID>61</EventRecordID>\n<Correlation ActivityID=\"\" RelatedActivityID=\"\"></Correlation>\n<Execution ProcessID=\"4\" ThreadID=\"48\"></Execution>\n<Channel>Microsoft-Windows-Kernel-EventTracing/Admin</Channel>\n<Computer>IACIS-HDD-2014</Computer>\n<Security UserID=\"S-1-5-18\"></Security>\n</System>\n<EventData><Data Name=\"SessionName\">Circular Kernel Context Logger</Data>\n<Data Name=\"FileName\"></Data>\n<Data Name=\"ErrorCode\">3221225525</Data>\n<Data Name=\"LoggingMode\">268436608</Data>\n</EventData>\n</Event>\n"
  },
  {
    "EventID": 2,
    "Timestamp": "2014-02-19 17:19:54.569065+00:00",
    "Computer": "IACIS-HDD-2014",
    "Channel": "Microsoft-Windows-Kernel-EventTracing/Admin",
    "Level": "Error",
    "EventData": {
      "SessionName": "Circular Kernel Context Logger",
      "FileName": "",
      "ErrorCode": "3221225525",
      "LoggingMode": "268436608"
    },
    "RawXml": "<Event xmlns=\"http://schemas.microsoft.com/win/2004/08/events/event\"><System><Provider Name=\"Microsoft-Windows-Kernel-EventTracing\" Guid=\"{b675ec37-bdb6-4648-bc92-f3fdc74d3ca2}\"></Provider>\n<EventID Qualifiers=\"\">2</EventID>\n<Version>0</Version>\n<Level>2</Level>\n<Task>2</Task>\n<Opcode>12</Opcode>\n<Keywords>0x8000000000000010</Keywords>\n<TimeCreated SystemTime=\"2014-02-19 17:19:54.569065+00:00\"></TimeCreated>\n<EventRecordID>62</EventRecordID>\n<Correlation ActivityID=\"\" RelatedActivityID=\"\"></Correlation>\n<Execution ProcessID=\"4\" ThreadID=\"48\"></Execution>\n<Channel>Microsoft-Windows-Kernel-EventTracing/Admin</Channel>\n<Computer>IACIS-HDD-2014</Computer>\n<Security UserID=\"S-1-5-18\"></Security>\n</System>\n<EventData><Data Name=\"SessionName\">Circular Kernel Context Logger</Data>\n<Data Name=\"FileName\"></Data>\n<Data Name=\"ErrorCode\">3221225525</Data>\n<Data Name=\"LoggingMode\">268436608</Data>\n</EventData>\n</Event>\n"
  }
]