[
  {
    "EventID": 1,
    "Timestamp": "2014-01-25 15:35:10.742153+00:00",
    "Computer": "IACIS-HDD-2014",
    "Channel": "Microsoft-Windows-VHDMP/Operational",
    "Level": "Information",
    "EventData": {
      "VhdFileName": "C:\\Windows\\System32\\config\\SYSTEM.vhd",
      "VhdDiskNumber": "1"
    },
    "RawXml": "<Event xmlns=\"http://schemas.microsoft.com/win/2004/08/events/event\"><System><Provider Name=\"Microsoft-Windows-VHDMP\" Guid=\"{e2816346-87f4-4f85-95c3-0c79409aa89d}\"></Provider>\n<EventID Qualifiers=\"\">1</EventID>\n<Version>0</Version>\n<Level>4</Level>\n<Task>0</Task>\n<Opcode>0</Opcode>\n<Keywords>0x8000000000000000</Keywords>\n<TimeCreated SystemTime=\"2014-01-25 15:35:10.742153+00:00\"></TimeCreated>\n<EventRecordID>1</EventRecordID>\n<Correlation ActivityID=\"\" RelatedActivityID=\"\"></Correlation>\n<Execution ProcessID=\"4\" ThreadID=\"60\"></Execution>\n<Channel>Microsoft-Windows-VHDMP/Operational</Channel>\n<Computer>IACIS-HDD-2014</Computer>\n<Security UserID=\"S-1-5-18\"></Security>\n</System>\n<EventData><Data Name=\"VhdFileName\">C:\\Windows\\System32\\config\\SYSTEM.vhd</Data>\n<Data Name=\"VhdDiskNumber\">1</Data>\n</EventData>\n</Event>\n"
  },
  {
    "EventID": 1,
    "Timestamp": "2014-01-25 18:22:17.943949+00:00",
    "Computer": "IACIS-HDD-2014",
    "Channel": "Microsoft-Windows-VHDMP/Operational",
    "Level": "Information",
    "EventData": {
      "VhdFileName": "C:\\Windows\\System32\\config\\SYSTEM.vhd",
      "VhdDiskNumber": "1"
    },
    "RawXml": "<Event xmlns=\"http://schemas.microsoft.com/win/2004/08/events/event\"><System><Provider Name=\"Microsoft-Windows-VHDMP\" Guid=\"{e2816346-87f4-4f85-95c3-0c79409aa89d}\"></Provider>\n<EventID Qualifiers=\"\">1</EventID>\n<Version>0</Version>\n<Level>4</Level>\n<Task>0</Task>\n<Opcode>0</Opcode>\n<Keywords>0x8000000000000000</Keywords>\n<TimeCreated SystemTime=\"2014-01-25 18:22:17.943949+00:00\"></TimeCreated>\n<EventRecordID>2</EventRecordID>\n<Correlation ActivityID=\"\" RelatedActivityID=\"\"></Correlation>\n<Execution ProcessID=\"4\" ThreadID=\"60\"></Execution>\n<Channel>Microsoft-Windows-VHDMP/Operational</Channel>\n<Computer>IACIS-HDD-2014</Computer>\n<Security UserID=\"S-1-5-18\"></Security>\n</System>\n<EventData><Data Name=\"VhdFileName\">C:\\Windows\\System32\\config\\SYSTEM.vhd</Data>\n<Data Name=\"VhdDiskNumber\">1</Data>\n</EventData>\n</Event>\n"
  },
  {
    "EventID": 1,
    "Timestamp": "2014-02-03 12:50:09.519339+00:00",
    "Computer": "IACIS-HDD-2014",
    "Channel": "Microsoft-Windows-VHDMP/Operational",
    "Level": "Information",
    "EventData": {
      "VhdFileName": "C:\\Windows\\System32\\config\\SYSTEM.vhd",
      "VhdDiskNumber": "1"
    },
    "RawXml": "<Event xmlns=\"http://schemas.microsoft.com/win/2004/08/events/event\"><System><Provider Name=\"Microsoft-Windows-VHDMP\" Guid=\"{e2816346-87f4-4f85-95c3-0c79409aa89d}\"></Provider>\n<EventID Qualifiers=\"\">1</EventID>\n<Version>0</Version>\n<Level>4</Level>\n<Task>0</Task>\n<Opcode>0</Opcode>\n<Keywords>0x8000000000000000</Keywords>\n<TimeCreated SystemTime=\"2014-02-03 12:50:09.519339+00:00\"></TimeCreated>\n<EventRecordID>3</EventRecordID>\n<Correlation ActivityID=\"\" RelatedActivityID=\"\"></Correlation>\n<Execution ProcessID=\"4\" ThreadID=\"48\"></Execution>\n<Channel>Microsoft-Windows-VHDMP/Operational</Channel>\n<Computer>IACIS-HDD-2014</Computer>\n<Security UserID=\"S-1-5-18\"></Security>\n</System>\n<EventData><Data Name=\"VhdFileName\">C:\\Windows\\System32\\config\\SYSTEM.vhd</Data>\n<Data Name=\"VhdDiskNumber\">1</Data>\n</EventData>\n</Event>\n"
  },
  {
    "EventID": 1,
    "Timestamp": "2014-02-04 18:19:21.793690+00:00",
    "Computer": "IACIS-HDD-2014",
    "Channel": "Microsoft-Windows-VHDMP/Operational",
    "Level": "Information",
    "EventData": {
      "VhdFileName": "C:\\Windows\\System32\\config\\SYSTEM.vhd",
      "VhdDiskNumber": "1"
    },
    "RawXml": "<Event xmlns=\"http://schemas.microsoft.com/win/2004/08/events/event\"><System><Provider Name=\"Microsoft-Windows-VHDMP\" Guid=\"{e2816346-87f4-4f85-95c3-0c79409aa89d}\"></Provider>\n<EventID Qualifiers=\"\">1</EventID>\n<Version>0</Version>\n<Level>4</Level>\n<Task>0</Task>\n<Opcode>0</Opcode>\n<Keywords>0x8000000000000000</Keywords>\n<TimeCreated SystemTime=\"2014-02-04 18:19:21.793690+00:00\"></TimeCreated>\n<EventRecordID>4</EventRecordID>\n<Correlation ActivityID=\"\" RelatedActivityID=\"\"></Correlation>\n<Execution ProcessID=\"4\" ThreadID=\"64\"></Execution>\n<Channel>Microsoft-Windows-VHDMP/Operational</Channel>\n<Computer>IACIS-HDD-2014</Computer>\n<Security UserID=\"S-1-5-18\"></Security>\n</System>\n<EventData><Data Name=\"VhdFileName\">C:\\Windows\\System32\\config\\SYSTEM.vhd</Data>\n<Data Name=\"VhdDiskNumber\">1</Data>\n</EventData>\n</Event>\n"
  },
  {
    "EventID": 2,
    "Timestamp": "2014-02-04 18:36:25.922689+00:00",
    "Computer": "IACIS-HDD-2014",
    "Channel": "Microsoft-Windows-VHDMP/Operational",
    "Level": "Information",
    "EventData": {
      "VhdFileName": "C:\\Windows\\System32\\config\\SYSTEM.vhd",
      "VhdDiskNumber": "1"
    },
    "RawXml": "<Event xmlns=\"http://schemas.microsoft.com/win/2004/08/events/event\"><System><Provider Name=\"Microsoft-Windows-VHDMP\" Guid=\"{e2816346-87f4-4f85-95c3-0c79409aa89d}\"></Provider>\n<EventID Qualifiers=\"\">2</EventID>\n<Version>0</Version>\n<Level>4</Level>\n<Task>0</Task>\n<Opcode>0</Opcode>\n<Keywords>0x8000000000000000</Keywords>\n<TimeCreated SystemTime=\"2014-02-04 18:36:25.922689+00:00\"></TimeCreated>\n<EventRecordID>5</EventRecordID>\n<Correlation ActivityID=\"\" RelatedActivityID=\"\"></Correlation>\n<Execution ProcessID=\"3096\" ThreadID=\"3184\"></Execution>\n<Channel>Microsoft-Windows-VHDMP/Operational</Channel>\n<Computer>IACIS-HDD-2014</Computer>\n<Security UserID=\"S-1-5-21-1171287513-3642516788-2358256967-1003\"></Security>\n</System>\n<EventData><Data Name=\"VhdFileName\">C:\\Windows\\System32\\config\\SYSTEM.vhd</Data>\n<Data Name=\"VhdDiskNumber\">1</Data>\n</EventData>\n</Event>\n"
  },
  {
    "EventID": 1,
    "Timestamp": "2014-02-04 19:03:34.671556+00:00",
    "Computer": "IACIS-HDD-2014",
    "Channel": "Microsoft-Windows-VHDMP/Operational",
    "Level": "Information",
    "EventData": {
      "VhdFileName": "C:\\Windows\\System32\\config\\SYSTEM.vhd",
      "VhdDiskNumber": "1"
    },
    "RawXml": "<Event xmlns=\"http://schemas.microsoft.com/win/2004/08/events/event\"><System><Provider Name=\"Microsoft-Windows-VHDMP\" Guid=\"{e2816346-87f4-4f85-95c3-0c79409aa89d}\"></Provider>\n<EventID Qualifiers=\"\">1</EventID>\n<Version>0</Version>\n<Level>4</Level>\n<Task>0</Task>\n<Opcode>0</Opcode>\n<Keywords>0x8000000000000000</Keywords>\n<TimeCreated SystemTime=\"2014-02-04 19:03:34.671556+00:00\"></TimeCreated>\n<EventRecordID>6</EventRecordID>\n<Correlation ActivityID=\"\" RelatedActivityID=\"\"></Correlation>\n<Execution ProcessID=\"4\" ThreadID=\"68\"></Execution>\n<Channel>Microsoft-Windows-VHDMP/Operational</Channel>\n<Computer>IACIS-HDD-2014</Computer>\n<Security UserID=\"S-1-5-18\"></Security>\n</System>\n<EventData><Data Name=\"VhdFileName\">C:\\Windows\\System32\\config\\SYSTEM.vhd</Data>\n<Data Name=\"VhdDiskNumber\">1</Data>\n</EventData>\n</Event>\n"
  },
  {
    "EventID": 1,
    "Timestamp": "2014-02-05 13:38:27.871677+00:00",
    "Computer": "IACIS-HDD-2014",
    "Channel": "Microsoft-Windows-VHDMP/Operational",
    "Level": "Information",
    "EventData": {
      "VhdFileName": "C:\\Windows\\System32\\config\\SYSTEM.vhd",
      "VhdDiskNumber": "1"
    },
    "RawXml": "<Event xmlns=\"http://schemas.microsoft.com/win/2004/08/events/event\"><System><Provider Name=\"Microsoft-Windows-VHDMP\" Guid=\"{e2816346-87f4-4f85-95c3-0c79409aa89d}\"></Provider>\n<EventID Qualifiers=\"\">1</EventID>\n<Version>0</Version>\n<Level>4</Level>\n<Task>0</Task>\n<Opcode>0</Opcode>\n<Keywords>0x8000000000000000</Keywords>\n<TimeCreated SystemTime=\"2014-02-05 13:38:27.871677+00:00\"></TimeCreated>\n<EventRecordID>7</EventRecordID>\n<Correlation ActivityID=\"\" RelatedActivityID=\"\"></Correlation>\n<Execution ProcessID=\"4\" ThreadID=\"52\"></Execution>\n<Channel>Microsoft-Windows-VHDMP/Operational</Channel>\n<Computer>IACIS-HDD-2014</Computer>\n<Security UserID=\"S-1-5-18\"></Security>\n</System>\n<EventData><Data Name=\"VhdFileName\">C:\\Windows\\System32\\config\\SYSTEM.vhd</Data>\n<Data Name=\"VhdDiskNumber\">1</Data>\n</EventData>\n</Event>\n"
  },
  {
    "EventID": 1,
    "Timestamp": "2014-02-06 11:23:00.882113+00:00",
    "Computer": "IACIS-HDD-2014",
    "Channel": "Microsoft-Windows-VHDMP/Operational",
    "Level": "Information",
    "EventData": {
      "VhdFileName": "C:\\Windows\\System32\\config\\SYSTEM.vhd",
      "VhdDiskNumber": "1"
    },
    "RawXml": "<Event xmlns=\"http://schemas.microsoft.com/win/2004/08/events/event\"><System><Provider Name=\"Microsoft-Windows-VHDMP\" Guid=\"{e2816346-87f4-4f85-95c3-0c79409aa89d}\"></Provider>\n<EventID Qualifiers=\"\">1</EventID>\n<Version>0</Version>\n<Level>4</Level>\n<Task>0</Task>\n<Opcode>0</Opcode>\n<Keywords>0x8000000000000000</Keywords>\n<TimeCreated SystemTime=\"2014-02-06 11:23:00.882113+00:00\"></TimeCreated>\n<EventRecordID>8</EventRecordID>\n<Correlation ActivityID=\"\" RelatedActivityID=\"\"></Correlation>\n<Execution ProcessID=\"4\" ThreadID=\"44\"></Execution>\n<Channel>Microsoft-Windows-VHDMP/Operational</Channel>\n<Computer>IACIS-HDD-2014</Computer>\n<Security UserID=\"S-1-5-18\"></Security>\n</System>\n<EventData><Data Name=\"VhdFileName\">C:\\Windows\\System32\\config\\SYSTEM.vhd</Data>\n<Data Name=\"VhdDiskNumber\">1</Data>\n</EventData>\n</Event>\n"
  },
  {
    "EventID": 1,
    "Timestamp": "2014-02-06 18:55:47.106009+00:00",
    "Computer": "IACIS-HDD-2014",
    "Channel": "Microsoft-Windows-VHDMP/Operational",
    "Level": "Information",
    "EventData": {
      "VhdFileName": "C:\\Windows\\System32\\config\\SYSTEM.vhd",
      "VhdDiskNumber": "1"
    },
    "RawXml": "<Event xmlns=\"http://schemas.microsoft.com/win/2004/08/events/event\"><System><Provider Name=\"Microsoft-Windows-VHDMP\" Guid=\"{e2816346-87f4-4f85-95c3-0c79409aa89d}\"></Provider>\n<EventID Qualifiers=\"\">1</EventID>\n<Version>0</Version>\n<Level>4</Level>\n<Task>0</Task>\n<Opcode>0</Opcode>\n<Keywords>0x8000000000000000</Keywords>\n<TimeCreated SystemTime=\"2014-02-06 18:55:47.106009+00:00\"></TimeCreated>\n<EventRecordID>9</EventRecordID>\n<Correlation ActivityID=\"\" RelatedActivityID=\"\"></Correlation>\n<Execution ProcessID=\"4\" ThreadID=\"68\"></Execution>\n<Channel>Microsoft-Windows-VHDMP/Operational</Channel>\n<Computer>IACIS-HDD-2014</Computer>\n<Security UserID=\"S-1-5-18\"></Security>\n</System>\n<EventData><Data Name=\"VhdFileName\">C:\\Windows\\System32\\config\\SYSTEM.vhd</Data>\n<Data Name=\"VhdDiskNumber\">1</Data>\n</EventData>\n</Event>\n"
  },
  {
    "EventID": 1,
    "Timestamp": "2014-02-07 12:51:43.566059+00:00",
    "Computer": "IACIS-HDD-2014",
    "Channel": "Microsoft-Windows-VHDMP/Operational",
    "Level": "Information",
    "EventData": {
      "VhdFileName": "C:\\Windows\\System32\\config\\SYSTEM.vhd",
      "VhdDiskNumber": "1"
    },
    "RawXml": "<Event xmlns=\"http://schemas.microsoft.com/win/2004/08/events/event\"><System><Provider Name=\"Microsoft-Windows-VHDMP\" Guid=\"{e2816346-87f4-4f85-95c3-0c79409aa89d}\"></Provider>\n<EventID Qualifiers=\"\">1</EventID>\n<Version>0</Version>\n<Level>4</Level>\n<Task>0</Task>\n<Opcode>0</Opcode>\n<Keywords>0x8000000000000000</Keywords>\n<TimeCreated SystemTime=\"2014-02-07 12:51:43.566059+00:00\"></TimeCreated>\n<EventRecordID>10</EventRecordID>\n<Correlation ActivityID=\"\" RelatedActivityID=\"\"></Correlation>\n<Execution ProcessID=\"4\" ThreadID=\"56\"></Execution>\n<Channel>Microsoft-Windows-VHDMP/Operational</Channel>\n<Computer>IACIS-HDD-2014</Computer>\n<Security UserID=\"S-1-5-18\"></Security>\n</System>\n<EventData><Data Name=\"VhdFileName\">C:\\Windows\\System32\\config\\SYSTEM.vhd</Data>\n<Data Name=\"VhdDiskNumber\">1</Data>\n</EventData>\n</Event>\n"
  },
  {
    "EventID": 1,
    "Timestamp": "2014-02-11 13:46:18.809090+00:00",
    "Computer": "IACIS-HDD-2014",
    "Channel": "Microsoft-Windows-VHDMP/Operational",
    "Level": "Information",
    "EventData": {
      "VhdFileName": "C:\\Windows\\System32\\config\\SYSTEM.vhd",
      "VhdDiskNumber": "1"
    },
    "RawXml": "<Event xmlns=\"http://schemas.microsoft.com/win/2004/08/events/event\"><System><Provider Name=\"Microsoft-Windows-VHDMP\" Guid=\"{e2816346-87f4-4f85-95c3-0c79409aa89d}\"></Provider>\n<EventID Qualifiers=\"\">1</EventID>\n<Version>0</Version>\n<Level>4</Level>\n<Task>0</Task>\n<Opcode>0</Opcode>\n<Keywords>0x8000000000000000</Keywords>\n<TimeCreated SystemTime=\"2014-02-11 13:46:18.809090+00:00\"></TimeCreated>\n<EventRecordID>11</EventRecordID>\n<Correlation ActivityID=\"\" RelatedActivityID=\"\"></Correlation>\n<Execution ProcessID=\"4\" ThreadID=\"56\"></Execution>\n<Channel>Microsoft-Windows-VHDMP/Operational</Channel>\n<Computer>IACIS-HDD-2014</Computer>\n<Security UserID=\"S-1-5-18\"></Security>\n</System>\n<EventData><Data Name=\"VhdFileName\">C:\\Windows\\System32\\config\\SYSTEM.vhd</Data>\n<Data Name=\"VhdDiskNumber\">1</Data>\n</EventData>\n</Event>\n"
  },
  {
    "EventID": 1,
    "Timestamp": "2014-02-11 17:48:33.867607+00:00",
    "Computer": "IACIS-HDD-2014",
    "Channel": "Microsoft-Windows-VHDMP/Operational",
    "Level": "Information",
    "EventData": {
      "VhdFileName": "C:\\Windows\\System32\\config\\SYSTEM.vhd",
      "VhdDiskNumber": "1"
    },
    "RawXml": "<Event xmlns=\"http://schemas.microsoft.com/win/2004/08/events/event\"><System><Provider Name=\"Microsoft-Windows-VHDMP\" Guid=\"{e2816346-87f4-4f85-95c3-0c79409aa89d}\"></Provider>\n<EventID Qualifiers=\"\">1</EventID>\n<Version>0</Version>\n<Level>4</Level>\n<Task>0</Task>\n<Opcode>0</Opcode>\n<Keywords>0x8000000000000000</Keywords>\n<TimeCreated SystemTime=\"2014-02-11 17:48:33.867607+00:00\"></TimeCreated>\n<EventRecordID>12</EventRecordID>\n<Correlation ActivityID=\"\" RelatedActivityID=\"\"></Correlation>\n<Execution ProcessID=\"4\" ThreadID=\"44\"></Execution>\n<Channel>Microsoft-Windows-VHDMP/Operational</Channel>\n<Computer>IACIS-HDD-2014</Computer>\n<Security UserID=\"S-1-5-18\"></Security>\n</System>\n<EventData><Data Name=\"VhdFileName\">C:\\Windows\\System32\\config\\SYSTEM.vhd</Data>\n<Data Name=\"VhdDiskNumber\">1</Data>\n</EventData>\n</Event>\n"
  },
  {
    "EventID": 1,
    "Timestamp": "2014-02-11 17:50:45.644264+00:00",
    "Computer": "IACIS-HDD-2014",
    "Channel": "Microsoft-Windows-VHDMP/Operational",
    "Level": "Information",
    "EventData": {
      "VhdFileName": "C:\\Windows\\System32\\config\\SYSTEM.vhd",
      "VhdDiskNumber": "1"
    },
    "RawXml": "<Event xmlns=\"http://schemas.microsoft.com/win/2004/08/events/event\"><System><Provider Name=\"Microsoft-Windows-VHDMP\" Guid=\"{e2816346-87f4-4f85-95c3-0c79409aa89d}\"></Provider>\n<EventID Qualifiers=\"\">1</EventID>\n<Version>0</Version>\n<Level>4</Level>\n<Task>0</Task>\n<Opcode>0</Opcode>\n<Keywords>0x8000000000000000</Keywords>\n<TimeCreated SystemTime=\"2014-02-11 17:50:45.644264+00:00\"></TimeCreated>\n<EventRecordID>13</EventRecordID>\n<Correlation ActivityID=\"\" RelatedActivityID=\"\"></Correlation>\n<Execution ProcessID=\"4\" ThreadID=\"60\"></Execution>\n<Channel>Microsoft-Windows-VHDMP/Operational</Channel>\n<Computer>IACIS-HDD-2014</Computer>\n<Security UserID=\"S-1-5-18\"></Security>\n</System>\n<EventData><Data Name=\"VhdFileName\">C:\\Windows\\System32\\config\\SYSTEM.vhd</Data>\n<Data Name=\"VhdDiskNumber\">1</Data>\n</EventData>\n</Event>\n"
  },
  {
    "EventID": 1,
    "Timestamp": "2014-02-16 19:00:08.949862+00:00",
    "Computer": "IACIS-HDD-2014",
    "Channel": "Microsoft-Windows-VHDMP/Operational",
    "Level": "Information",
    "EventData": {
      "VhdFileName": "C:\\Windows\\System32\\config\\SYSTEM.vhd",
      "VhdDiskNumber": "1"
    },
    "RawXml": "<Event xmlns=\"http://schemas.microsoft.com/win/2004/08/events/event\"><System><Provider Name=\"Microsoft-Windows-VHDMP\" Guid=\"{e2816346-87f4-4f85-95c3-0c79409aa89d}\"></Provider>\n<EventID Qualifiers=\"\">1</EventID>\n<Version>0</Version>\n<Level>4</Level>\n<Task>0</Task>\n<Opcode>0</Opcode>\n<Keywords>0x8000000000000000</Keywords>\n<TimeCreated SystemTime=\"2014-02-16 19:00:08.949862+00:00\"></TimeCreated>\n<EventRecordID>14</EventRecordID>\n<Correlation ActivityID=\"\" RelatedActivityID=\"\"></Correlation>\n<Execution ProcessID=\"4\" ThreadID=\"68\"></Execution>\n<Channel>Microsoft-Windows-VHDMP/Operational</Channel>\n<Computer>IACIS-HDD-2014</Computer>\n<Security UserID=\"S-1-5-18\"></Security>\n</System>\n<EventData><Data Name=\"VhdFileName\">C:\\Windows\\System32\\config\\SYSTEM.vhd</Data>\n<Data Name=\"VhdDiskNumber\">1</Data>\n</EventData>\n</Event>\n"
  },
  {
    "EventID": 1,
    "Timestamp": "2014-02-16 21:51:02.451456+00:00",
    "Computer": "IACIS-HDD-2014",
    "Channel": "Microsoft-Windows-VHDMP/Operational",
    "Level": "Information",
    "EventData": {
      "VhdFileName": "C:\\Windows\\System32\\config\\SYSTEM.vhd",
      "VhdDiskNumber": "1"
    },
    "RawXml": "<Event xmlns=\"http://schemas.microsoft.com/win/2004/08/events/event\"><System><Provider Name=\"Microsoft-Windows-VHDMP\" Guid=\"{e2816346-87f4-4f85-95c3-0c79409aa89d}\"></Provider>\n<EventID Qualifiers=\"\">1</EventID>\n<Version>0</Version>\n<Level>4</Level>\n<Task>0</Task>\n<Opcode>0</Opcode>\n<Keywords>0x8000000000000000</Keywords>\n<TimeCreated SystemTime=\"2014-02-16 21:51:02.451456+00:00\"></TimeCreated>\n<EventRecordID>15</EventRecordID>\n<Correlation ActivityID=\"\" RelatedActivityID=\"\"></Correlation>\n<Execution ProcessID=\"4\" ThreadID=\"52\"></Execution>\n<Channel>Microsoft-Windows-VHDMP/Operational</Channel>\n<Computer>IACIS-HDD-2014</Computer>\n<Security UserID=\"S-1-5-18\"></Security>\n</System>\n<EventData><Data Name=\"VhdFileName\">C:\\Windows\\System32\\config\\SYSTEM.vhd</Data>\n<Data Name=\"VhdDiskNumber\">1</Data>\n</EventData>\n</Event>\n"
  },
  {
    "EventID": 1,
    "Timestamp": "2014-02-16 22:39:51.356672+00:00",
    "Computer": "IACIS-HDD-2014",
    "Channel": "Microsoft-Windows-VHDMP/Operational",
    "Level": "Information",
    "EventData": {
      "VhdFileName": "C:\\Windows\\System32\\config\\SYSTEM.vhd",
      "VhdDiskNumber": "1"
    },
    "RawXml": "<Event xmlns=\"http://schemas.microsoft.com/win/2004/08/events/event\"><System><Provider Name=\"Microsoft-Windows-VHDMP\" Guid=\"{e2816346-87f4-4f85-95c3-0c79409aa89d}\"></Provider>\n<EventID Qualifiers=\"\">1</EventID>\n<Version>0</Version>\n<Level>4</Level>\n<Task>0</Task>\n<Opcode>0</Opcode>\n<Keywords>0x8000000000000000</Keywords>\n<TimeCreated SystemTime=\"2014-02-16 22:39:51.356672+00:00\"></TimeCreated>\n<EventRecordID>16</EventRecordID>\n<Correlation ActivityID=\"\" RelatedActivityID=\"\"></Correlation>\n<Execution ProcessID=\"4\" ThreadID=\"52\"></Execution>\n<Channel>Microsoft-Windows-VHDMP/Operational</Channel>\n<Computer>IACIS-HDD-2014</Computer>\n<Security UserID=\"S-1-5-18\"></Security>\n</System>\n<EventData><Data Name=\"VhdFileName\">C:\\Windows\\System32\\config\\SYSTEM.vhd</Data>\n<Data Name=\"VhdDiskNumber\">1</Data>\n</EventData>\n</Event>\n"
  },
  {
    "EventID": 1,
    "Timestamp": "2014-02-19 13:30:37.782486+00:00",
    "Computer": "IACIS-HDD-2014",
    "Channel": "Microsoft-Windows-VHDMP/Operational",
    "Level": "Information",
    "EventData": {
      "VhdFileName": "C:\\Windows\\System32\\config\\SYSTEM.vhd",
      "VhdDiskNumber": "1"
    },
    "RawXml": "<Event xmlns=\"http://schemas.microsoft.com/win/2004/08/events/event\"><System><Provider Name=\"Microsoft-Windows-VHDMP\" Guid=\"{e2816346-87f4-4f85-95c3-0c79409aa89d}\"></Provider>\n<EventID Qualifiers=\"\">1</EventID>\n<Version>0</Version>\n<Level>4</Level>\n<Task>0</Task>\n<Opcode>0</Opcode>\n<Keywords>0x8000000000000000</Keywords>\n<TimeCreated SystemTime=\"2014-02-19 13:30:37.782486+00:00\"></TimeCreated>\n<EventRecordID>17</EventRecordID>\n<Correlation ActivityID=\"\" RelatedActivityID=\"\"></Correlation>\n<Execution ProcessID=\"4\" ThreadID=\"48\"></Execution>\n<Channel>Microsoft-Windows-VHDMP/Operational</Channel>\n<Computer>IACIS-HDD-2014</Computer>\n<Security UserID=\"S-1-5-18\"></Security>\n</System>\n<EventData><Data Name=\"VhdFileName\">C:\\Windows\\System32\\config\\SYSTEM.vhd</Data>\n<Data Name=\"VhdDiskNumber\">1</Data>\n</EventData>\n</Event>\n"
  },
  {
    "EventID": 1,
    "Timestamp": "2014-02-20 14:22:31.023455+00:00",
    "Computer": "IACIS-HDD-2014",
    "Channel": "Microsoft-Windows-VHDMP/Operational",
    "Level": "Information",
    "EventData": {
      "VhdFileName": "C:\\Windows\\System32\\config\\SYSTEM.vhd",
      "VhdDiskNumber": "1"
    },
    "RawXml": "<Event xmlns=\"http://schemas.microsoft.com/win/2004/08/events/event\"><System><Provider Name=\"Microsoft-Windows-VHDMP\" Guid=\"{e2816346-87f4-4f85-95c3-0c79409aa89d}\"></Provider>\n<EventID Qualifiers=\"\">1</EventID>\n<Version>0</Version>\n<Level>4</Level>\n<Task>0</Task>\n<Opcode>0</Opcode>\n<Keywords>0x8000000000000000</Keywords>\n<TimeCreated SystemTime=\"2014-02-20 14:22:31.023455+00:00\"></TimeCreated>\n<EventRecordID>18</EventRecordID>\n<Correlation ActivityID=\"\" RelatedActivityID=\"\"></Correlation>\n<Execution ProcessID=\"4\" ThreadID=\"48\"></Execution>\n<Channel>Microsoft-Windows-VHDMP/Operational</Channel>\n<Computer>IACIS-HDD-2014</Computer>\n<Security UserID=\"S-1-5-18\"></Security>\n</System>\n<EventData><Data Name=\"VhdFileName\">C:\\Windows\\System32\\config\\SYSTEM.vhd</Data>\n<Data Name=\"VhdDiskNumber\">1</Data>\n</EventData>\n</Event>\n"
  }
]