  {
    "EventID": 3,
    "Timestamp": "2014-01-25 18:29:45.419937+00:00",
    "Computer": "IACIS-HDD-2014",
    "Channel": "Microsoft-Windows-User Profile Service/Operational",
    "Level": "Information",
    "EventData": {
      "Session": "1"
    },
    "RawXml": "<Event xmlns=\"http://schemas.microsoft.com/win/2004/08/events/event\"><System><Provider Name=\"Microsoft-Windows-User Profiles Service\" Guid=\"{89b1e9f0-5aff-44a6-9b44-0a07a7ce5845}\"></Provider>\n<EventID Qualifiers=\"\">3</EventID>\n<Version>0</Version>\n<Level>4</Level>\n<Task>0</Task>\n<Opcode>0</Opcode>\n<Keywords>0x4000000000000000</Keywords>\n<TimeCreated SystemTime=\"2014-01-25 18:29:45.419937+00:00\"></TimeCreated>\n<EventRecordID>41</EventRecordID>\n<Correlation ActivityID=\"\" RelatedActivityID=\"\"></Correlation>\n<Execution ProcessID=\"992\" ThreadID=\"2064\"></Execution>\n<Channel>Microsoft-Windows-User Profile Service/Operational</Channel>\n<Computer>IACIS-HDD-2014</Computer>\n<Security UserID=\"S-1-5-21-1171287513-3642516788-2358256967-1004\"></Security>\n</System>\n<EventData><Data Name=\"Session\">1</Data>\n</EventData>\n</Event>\n"
  },
  {
    "EventID": 4,
    "Timestamp": "2014-01-25 18:29:45.950338+00:00",
    "Computer": "IACIS-HDD-2014",
    "Channel": "Microsoft-Windows-User Profile Service/Operational",
    "Level": "Information",
    "EventData": {
      "Session": "1"
    },
    "RawXml": "<Event xmlns=\"http://schemas.microsoft.com/win/2004/08/events/event\"><System><Provider Name=\"Microsoft-Windows-User Profiles Service\" Guid=\"{89b1e9f0-5aff-44a6-9b44-0a07a7ce5845}\"></Provider>\n<EventID Qualifiers=\"\">4</EventID>\n<Version>0</Version>\n<Level>4</Level>\n<Task>0</Task>\n<Opcode>0</Opcode>\n<Keywords>0x4000000000000000</Keywords>\n<TimeCreated SystemTime=\"2014-01-25 18:29:45.950338+00:00\"></TimeCreated>\n<EventRecordID>42</EventRecordID>\n<Correlation ActivityID=\"\" RelatedActivityID=\"\"></Correlation>\n<Execution ProcessID=\"992\" ThreadID=\"2064\"></Execution>\n<Channel>Microsoft-Windows-User Profile Service/Operational</Channel>\n<Computer>IACIS-HDD-2014</Computer>\n<Security UserID=\"S-1-5-21-1171287513-3642516788-2358256967-1004\"></Security>\n</System>\n<EventData><Data Name=\"Session\">1</Data>\n</EventData>\n</Event>\n"
  },
  {
    "EventID": 1,
    "Timestamp": "2014-01-29 12:30:49.033804+00:00",
    "Computer": "IACIS-HDD-2014",
    "Channel": "Microsoft-Windows-User Profile Service/Operational",
    "Level": "Information",
    "EventData": {
      "Session": "1"
    },
    "RawXml": "<Event xmlns=\"http://schemas.microsoft.com/win/2004/08/events/event\"><System><Provider Name=\"Microsoft-Windows-User Profiles Service\" Guid=\"{89b1e9f0-5aff-44a6-9b44-0a07a7ce5845}\"></Provider>\n<EventID Qualifiers=\"\">1</EventID>\n<Version>0</Version>\n<Level>4</Level>\n<Task>0</Task>\n<Opcode>0</Opcode>\n<Keywords>0x4000000000000000</Keywords>\n<TimeCreated SystemTime=\"2014-01-29 12:30:49.033804+00:00\"></TimeCreated>\n<EventRecordID>43</EventRecordID>\n<Correlation ActivityID=\"\" RelatedActivityID=\"\"></Correlation>\n<Execution ProcessID=\"972\" ThreadID=\"1172\"></Execution>\n<Channel>Microsoft-Windows-User Profile Service/Operational</Channel>\n<Computer>IACIS-HDD-2014</Computer>\n<Security UserID=\"S-1-5-21-1171287513-3642516788-2358256967-1003\"></Security>\n</System>\n<EventData><Data Name=\"Session\">1</Data>\n</EventData>\n</Event>\n"
  },
  {
    "EventID": 5,
    "Timestamp": "2014-01-29 12:30:49.221004+00:00",
    "Computer": "IACIS-HDD-2014",
    "Channel": "Microsoft-Windows-User Profile Service/Operational",
    "Level": "Information",
    "EventData": {
      "File": "C:\\Users\\Sgt. Joe T. Nameless\\ntuser.dat",
      "Key": "S-1-5-21-1171287513-3642516788-2358256967-1003"
    },
    "RawXml": "<Event xmlns=\"http://schemas.microsoft.com/win/2004/08/events/event\"><System><Provider Name=\"Microsoft-Windows-User Profiles Service\" Guid=\"{89b1e9f0-5aff-44a6-9b44-0a07a7ce5845}\"></Provider>\n<EventID Qualifiers=\"\">5</EventID>\n<Version>0</Version>\n<Level>4</Level>\n<Task>0</Task>\n<Opcode>0</Opcode>\n<Keywords>0x4000000000000000</Keywords>\n<TimeCreated SystemTime=\"2014-01-29 12:30:49.221004+00:00\"></TimeCreated>\n<EventRecordID>44</EventRecordID>\n<Correlation ActivityID=\"{02af7c48-f800-0001-260f-cf7bed1ccf01}\" RelatedActivityID=\"\"></Correlation>\n<Execution ProcessID=\"972\" ThreadID=\"1868\"></Execution>\n<Channel>Microsoft-Windows-User Profile Service/Operational</Channel>\n<Computer>IACIS-HDD-2014</Computer>\n<Security UserID=\"S-1-5-18\"></Security>\n</System>\n<EventData><Data Name=\"File\">C:\\Users\\Sgt. Joe T. Nameless\\ntuser.dat</Data>\n<Data Name=\"Key\">S-1-5-21-1171287513-3642516788-2358256967-1003</Data>\n</EventData>\n</Event>\n"
  },
  {
    "EventID": 5,
    "Timestamp": "2014-01-29 12:30:49.439404+00:00",
    "Computer": "IACIS-HDD-2014",
    "Channel": "Microsoft-Windows-User Profile Service/Operational",
    "Level": "Information",
    "EventData": {
      "File": "C:\\Users\\Sgt. Joe T. Nameless\\AppData\\Local\\Microsoft\\Windows\\\\UsrClass.dat",
      "Key": "S-1-5-21-1171287513-3642516788-2358256967-1003_Classes"
    },
    "RawXml": "<Event xmlns=\"http://schemas.microsoft.com/win/2004/08/events/event\"><System><Provider Name=\"Microsoft-Windows-User Profiles Service\" Guid=\"{89b1e9f0-5aff-44a6-9b44-0a07a7ce5845}\"></Provider>\n<EventID Qualifiers=\"\">5</EventID>\n<Version>0</Version>\n<Level>4</Level>\n<Task>0</Task>\n<Opcode>0</Opcode>\n<Keywords>0x4000000000000000</Keywords>\n<TimeCreated SystemTime=\"2014-01-29 12:30:49.439404+00:00\"></TimeCreated>\n<EventRecordID>45</EventRecordID>\n<Correlation ActivityID=\"{02af7c48-f800-0001-260f-cf7bed1ccf01}\" RelatedActivityID=\"\"></Correlation>\n<Execution ProcessID=\"972\" ThreadID=\"1868\"></Execution>\n<Channel>Microsoft-Windows-User Profile Service/Operational</Channel>\n<Computer>IACIS-HDD-2014</Computer>\n<Security UserID=\"S-1-5-18\"></Security>\n</System>\n<EventData><Data Name=\"File\">C:\\Users\\Sgt. Joe T. Nameless\\AppData\\Local\\Microsoft\\Windows\\\\UsrClass.dat</Data>\n<Data Name=\"Key\">S-1-5-21-1171287513-3642516788-2358256967-1003_Classes</Data>\n</EventData>\n</Event>\n"
  },
  {
    "EventID": 2,
    "Timestamp": "2014-01-29 12:30:50.079006+00:00",
    "Computer": "IACIS-HDD-2014",
    "Channel": "Microsoft-Windows-User Profile Service/Operational",
    "Level": "Information",
    "EventData": {
      "Session": "1"
    },
    "RawXml": "<Event xmlns=\"http://schemas.microsoft.com/win/2004/08/events/event\"><System><Provider Name=\"Microsoft-Windows-User Profiles Service\" Guid=\"{89b1e9f0-5aff-44a6-9b44-0a07a7ce5845}\"></Provider>\n<EventID Qualifiers=\"\">2</EventID>\n<Version>0</Version>\n<Level>4</Level>\n<Task>0</Task>\n<Opcode>0</Opcode>\n<Keywords>0x4000000000000000</Keywords>\n<TimeCreated SystemTime=\"2014-01-29 12:30:50.079006+00:00\"></TimeCreated>\n<EventRecordID>46</EventRecordID>\n<Correlation ActivityID=\"\" RelatedActivityID=\"\"></Correlation>\n<Execution ProcessID=\"972\" ThreadID=\"1172\"></Execution>\n<Channel>Microsoft-Windows-User Profile Service/Operational</Channel>\n<Computer>IACIS-HDD-2014</Computer>\n<Security UserID=\"S-1-5-21-1171287513-3642516788-2358256967-1003\"></Security>\n</System>\n<EventData><Data Name=\"Session\">1</Data>\n</EventData>\n</Event>\n"
  },
  {
    "EventID": 3,
    "Timestamp": "2014-01-29 15:36:09.437084+00:00",
    "Computer": "IACIS-HDD-2014",
    "Channel": "Microsoft-Windows-User Profile Service/Operational",
    "Level": "Information",
    "EventData": {
      "Session": "1"
    },
    "RawXml": "<Event xmlns=\"http://schemas.microsoft.com/win/2004/08/events/event\"><System><Provider Name=\"Microsoft-Windows-User Profiles Service\" Guid=\"{89b1e9f0-5aff-44a6-9b44-0a07a7ce5845}\"></Provider>\n<EventID Qualifiers=\"\">3</EventID>\n<Version>0</Version>\n<Level>4</Level>\n<Task>0</Task>\n<Opcode>0</Opcode>\n<Keywords>0x4000000000000000</Keywords>\n<TimeCreated SystemTime=\"2014-01-29 15:36:09.437084+00:00\"></TimeCreated>\n<EventRecordID>47</EventRecordID>\n<Correlation ActivityID=\"\" RelatedActivityID=\"\"></Correlation>\n<Execution ProcessID=\"972\" ThreadID=\"3836\"></Execution>\n<Channel>Microsoft-Windows-User Profile Service/Operational</Channel>\n<Computer>IACIS-HDD-2014</Computer>\n<Security UserID=\"S-1-5-21-1171287513-3642516788-2358256967-1003\"></Security>\n</System>\n<EventData><Data Name=\"Session\">1</Data>\n</EventData>\n</Event>\n"
  },
  {
    "EventID": 4,
    "Timestamp": "2014-01-29 15:36:10.965885+00:00",
    "Computer": "IACIS-HDD-2014",
    "Channel": "Microsoft-Windows-User Profile Service/Operational",
    "Level": "Information",
    "EventData": {
      "Session": "1"
    },
    "RawXml": "<Event xmlns=\"http://schemas.microsoft.com/win/2004/08/events/event\"><System><Provider Name=\"Microsoft-Windows-User Profiles Service\" Guid=\"{89b1e9f0-5aff-44a6-9b44-0a07a7ce5845}\"></Provider>\n<EventID Qualifiers=\"\">4</EventID>\n<Version>0</Version>\n<Level>4</Level>\n<Task>0</Task>\n<Opcode>0</Opcode>\n<Keywords>0x4000000000000000</Keywords>\n<TimeCreated SystemTime=\"2014-01-29 15:36:10.965885+00:00\"></TimeCreated>\n<EventRecordID>48</EventRecordID>\n<Correlation ActivityID=\"\" RelatedActivityID=\"\"></Correlation>\n<Execution ProcessID=\"972\" ThreadID=\"3836\"></Execution>\n<Channel>Microsoft-Windows-User Profile Service/Operational</Channel>\n<Computer>IACIS-HDD-2014</Computer>\n<Security UserID=\"S-1-5-21-1171287513-3642516788-2358256967-1003\"></Security>\n</System>\n<EventData><Data Name=\"Session\">1</Data>\n</EventData>\n</Event>\n"
  },
  {
    "EventID": 1,
    "Timestamp": "2014-02-03 12:03:18.573599+00:00",
    "Computer": "IACIS-HDD-2014",
    "Channel": "Microsoft-Windows-User Profile Service/Operational",
    "Level": "Information",
    "EventData": {
      "Session": "1"
    },
    "RawXml": "<Event xmlns=\"http://schemas.microsoft.com/win/2004/08/events/event\"><System><Provider Name=\"Microsoft-Windows-User Profiles Service\" Guid=\"{89b1e9f0-5aff-44a6-9b44-0a07a7ce5845}\"></Provider>\n<EventID Qualifiers=\"\">1</EventID>\n<Version>0</Version>\n<Level>4</Level>\n<Task>0</Task>\n<Opcode>0</Opcode>\n<Keywords>0x4000000000000000</Keywords>\n<TimeCreated SystemTime=\"2014-02-03 12:03:18.573599+00:00\"></TimeCreated>\n<EventRecordID>49</EventRecordID>\n<Correlation ActivityID=\"{02b04c48-f800-0001-a6d0-36b2d720cf01}\" RelatedActivityID=\"\"></Correlation>\n<Execution ProcessID=\"972\" ThreadID=\"1592\"></Execution>\n<Channel>Microsoft-Windows-User Profile Service/Operational</Channel>\n<Computer>IACIS-HDD-2014</Computer>\n<Security UserID=\"S-1-5-21-1171287513-3642516788-2358256967-1001\"></Security>\n</System>\n<EventData><Data Name=\"Session\">1</Data>\n</EventData>\n</Event>\n"
  },
  {
    "EventID": 5,
    "Timestamp": "2014-02-03 12:03:18.745199+00:00",
    "Computer": "IACIS-HDD-2014",
    "Channel": "Microsoft-Windows-User Profile Service/Operational",
    "Level": "Information",
    "EventData": {
      "File": "C:\\Users\\BillyBob\\ntuser.dat",
      "Key": "S-1-5-21-1171287513-3642516788-2358256967-1001"
    },
    "RawXml": "<Event xmlns=\"http://schemas.microsoft.com/win/2004/08/events/event\"><System><Provider Name=\"Microsoft-Windows-User Profiles Service\" Guid=\"{89b1e9f0-5aff-44a6-9b44-0a07a7ce5845}\"></Provider>\n<EventID Qualifiers=\"\">5</EventID>\n<Version>0</Version>\n<Level>4</Level>\n<Task>0</Task>\n<Opcode>0</Opcode>\n<Keywords>0x4000000000000000</Keywords>\n<TimeCreated SystemTime=\"2014-02-03 12:03:18.745199+00:00\"></TimeCreated>\n<EventRecordID>50</EventRecordID>\n<Correlation ActivityID=\"{02b04c48-f800-0001-a6d0-36b2d720cf01}\" RelatedActivityID=\"\"></Correlation>\n<Execution ProcessID=\"972\" ThreadID=\"1784\"></Execution>\n<Channel>Microsoft-Windows-User Profile Service/Operational</Channel>\n<Computer>IACIS-HDD-2014</Computer>\n<Security UserID=\"S-1-5-18\"></Security>\n</System>\n<EventData><Data Name=\"File\">C:\\Users\\BillyBob\\ntuser.dat</Data>\n<Data Name=\"Key\">S-1-5-21-1171287513-3642516788-2358256967-1001</Data>\n</EventData>\n</Event>\n"
  },
  {
    "EventID": 5,
    "Timestamp": "2014-02-03 12:03:18.807600+00:00",
    "Computer": "IACIS-HDD-2014",
    "Channel": "Microsoft-Windows-User Profile Service/Operational",
    "Level": "Information",
    "EventData": {
      "File": "C:\\Users\\BillyBob\\AppData\\Local\\Microsoft\\Windows\\\\UsrClass.dat",
      "Key": "S-1-5-21-1171287513-3642516788-2358256967-1001_Classes"
    },
    "RawXml": "<Event xmlns=\"http://schemas.microsoft.com/win/2004/08/events/event\"><System><Provider Name=\"Microsoft-Windows-User Profiles Service\" Guid=\"{89b1e9f0-5aff-44a6-9b44-0a07a7ce5845}\"></Provider>\n<EventID Qualifiers=\"\">5</EventID>\n<Version>0</Version>\n<Level>4</Level>\n<Task>0</Task>\n<Opcode>0</Opcode>\n<Keywords>0x4000000000000000</Keywords>\n<TimeCreated SystemTime=\"2014-02-03 12:03:18.807600+00:00\"></TimeCreated>\n<EventRecordID>51</EventRecordID>\n<Correlation ActivityID=\"{02b04c48-f800-0001-a6d0-36b2d720cf01}\" RelatedActivityID=\"\"></Correlation>\n<Execution ProcessID=\"972\" ThreadID=\"1784\"></Execution>\n<Channel>Microsoft-Windows-User Profile Service/Operational</Channel>\n<Computer>IACIS-HDD-2014</Computer>\n<Security UserID=\"S-1-5-18\"></Security>\n</System>\n<EventData><Data Name=\"File\">C:\\Users\\BillyBob\\AppData\\Local\\Microsoft\\Windows\\\\UsrClass.dat</Data>\n<Data Name=\"Key\">S-1-5-21-1171287513-3642516788-2358256967-1001_Classes</Data>\n</EventData>\n</Event>\n"
  },
  {
    "EventID": 2,
    "Timestamp": "2014-02-03 12:03:18.932400+00:00",
    "Computer": "IACIS-HDD-2014",
    "Channel": "Microsoft-Windows-User Profile Service/Operational",
    "Level": "Information",
    "EventData": {
      "Session": "1"
    },
    "RawXml": "<Event xmlns=\"http://schemas.microsoft.com/win/2004/08/events/event\"><System><Provider Name=\"Microsoft-Windows-User Profiles Service\" Guid=\"{89b1e9f0-5aff-44a6-9b44-0a07a7ce5845}\"></Provider>\n<EventID Qualifiers=\"\">2</EventID>\n<Version>0</Version>\n<Level>4</Level>\n<Task>0</Task>\n<Opcode>0</Opcode>\n<Keywords>0x4000000000000000</Keywords>\n<TimeCreated SystemTime=\"2014-02-03 12:03:18.932400+00:00\"></TimeCreated>\n<EventRecordID>52</EventRecordID>\n<Correlation ActivityID=\"{02b04c48-f800-0001-a6d0-36b2d720cf01}\" RelatedActivityID=\"\"></Correlation>\n<Execution ProcessID=\"972\" ThreadID=\"1592\"></Execution>\n<Channel>Microsoft-Windows-User Profile Service/Operational</Channel>\n<Computer>IACIS-HDD-2014</Computer>\n<Security UserID=\"S-1-5-21-1171287513-3642516788-2358256967-1001\"></Security>\n</System>\n<EventData><Data Name=\"Session\">1</Data>\n</EventData>\n</Event>\n"
  },
  {
    "EventID": 3,
    "Timestamp": "2014-02-03 15:16:48.478741+00:00",
    "Computer": "IACIS-HDD-2014",
    "Channel": "Microsoft-Windows-User Profile Service/Operational",
    "Level": "Information",
    "EventData": {
      "Session": "1"
    },
    "RawXml": "<Event xmlns=\"http://schemas.microsoft.com/win/2004/08/events/event\"><System><Provider Name=\"Microsoft-Windows-User Profiles Service\" Guid=\"{89b1e9f0-5aff-44a6-9b44-0a07a7ce5845}\"></Provider>\n<EventID Qualifiers=\"\">3</EventID>\n<Version>0</Version>\n<Level>4</Level>\n<Task>0</Task>\n<Opcode>0</Opcode>\n<Keywords>0x4000000000000000</Keywords>\n<TimeCreated SystemTime=\"2014-02-03 15:16:48.478741+00:00\"></TimeCreated>\n<EventRecordID>53</EventRecordID>\n<Correlation ActivityID=\"\" RelatedActivityID=\"\"></Correlation>\n<Execution ProcessID=\"972\" ThreadID=\"3016\"></Execution>\n<Channel>Microsoft-Windows-User Profile Service/Operational</Channel>\n<Computer>IACIS-HDD-2014</Computer>\n<Security UserID=\"S-1-5-21-1171287513-3642516788-2358256967-1001\"></Security>\n</System>\n<EventData><Data Name=\"Session\">1</Data>\n</EventData>\n</Event>\n"
  },
  {
    "EventID": 4,
    "Timestamp": "2014-02-03 15:16:48.509941+00:00",
    "Computer": "IACIS-HDD-2014",
    "Channel": "Microsoft-Windows-User Profile Service/Operational",
    "Level": "Information",
    "EventData": {
      "Session": "1"
    },
    "RawXml": "<Event xmlns=\"http://schemas.microsoft.com/win/2004/08/events/event\"><System><Provider Name=\"Microsoft-Windows-User Profiles Service\" Guid=\"{89b1e9f0-5aff-44a6-9b44-0a07a7ce5845}\"></Provider>\n<EventID Qualifiers=\"\">4</EventID>\n<Version>0</Version>\n<Level>4</Level>\n<Task>0</Task>\n<Opcode>0</Opcode>\n<Keywords>0x4000000000000000</Keywords>\n<TimeCreated SystemTime=\"2014-02-03 15:16:48.509941+00:00\"></TimeCreated>\n<EventRecordID>54</EventRecordID>\n<Correlation ActivityID=\"\" RelatedActivityID=\"\"></Correlation>\n<Execution ProcessID=\"972\" ThreadID=\"3016\"></Execution>\n<Channel>Microsoft-Windows-User Profile Service/Operational</Channel>\n<Computer>IACIS-HDD-2014</Computer>\n<Security UserID=\"S-1-5-21-1171287513-3642516788-2358256967-1001\"></Security>\n</System>\n<EventData><Data Name=\"Session\">1</Data>\n</EventData>\n</Event>\n"
  },
  {
    "EventID": 1,
    "Timestamp": "2014-02-03 15:17:09.866377+00:00",
    "Computer": "IACIS-HDD-2014",
    "Channel": "Microsoft-Windows-User Profile Service/Operational",
    "Level": "Information",
    "EventData": {
      "Session": "2"
    },
    "RawXml": "<Event xmlns=\"http://schemas.microsoft.com/win/2004/08/events/event\"><System><Provider Name=\"Microsoft-Windows-User Profiles Service\" Guid=\"{89b1e9f0-5aff-44a6-9b44-0a07a7ce5845}\"></Provider>\n<EventID Qualifiers=\"\">1</EventID>\n<Version>0</Version>\n<Level>4</Level>\n<Task>0</Task>\n<Opcode>0</Opcode>\n<Keywords>0x4000000000000000</Keywords>\n<TimeCreated SystemTime=\"2014-02-03 15:17:09.866377+00:00\"></TimeCreated>\n<EventRecordID>55</EventRecordID>\n<Correlation ActivityID=\"\" RelatedActivityID=\"\"></Correlation>\n<Execution ProcessID=\"972\" ThreadID=\"2508\"></Execution>\n<Channel>Microsoft-Windows-User Profile Service/Operational</Channel>\n<Computer>IACIS-HDD-2014</Computer>\n<Security UserID=\"S-1-5-21-1171287513-3642516788-2358256967-1003\"></Security>\n</System>\n<EventData><Data Name=\"Session\">2</Data>\n</EventData>\n</Event>\n"
  },
  {
    "EventID": 5,
    "Timestamp": "2014-02-03 15:17:09.944378+00:00",
    "Computer": "IACIS-HDD-2014",
    "Channel": "Microsoft-Windows-User Profile Service/Operational",
    "Level": "Information",
    "EventData": {
      "File": "C:\\Users\\Sgt. Joe T. Nameless\\ntuser.dat",
      "Key": "S-1-5-21-1171287513-3642516788-2358256967-1003"
    },
    "RawXml": "<Event xmlns=\"http://schemas.microsoft.com/win/2004/08/events/event\"><System><Provider Name=\"Microsoft-Windows-User Profiles Service\" Guid=\"{89b1e9f0-5aff-44a6-9b44-0a07a7ce5845}\"></Provider>\n<EventID Qualifiers=\"\">5</EventID>\n<Version>0</Version>\n<Level>4</Level>\n<Task>0</Task>\n<Opcode>0</Opcode>\n<Keywords>0x4000000000000000</Keywords>\n<TimeCreated SystemTime=\"2014-02-03 15:17:09.944378+00:00\"></TimeCreated>\n<EventRecordID>56</EventRecordID>\n<Correlation ActivityID=\"\" RelatedActivityID=\"\"></Correlation>\n<Execution ProcessID=\"972\" ThreadID=\"3016\"></Execution>\n<Channel>Microsoft-Windows-User Profile Service/Operational</Channel>\n<Computer>IACIS-HDD-2014</Computer>\n<Security UserID=\"S-1-5-18\"></Security>\n</System>\n<EventData><Data Name=\"File\">C:\\Users\\Sgt. Joe T. Nameless\\ntuser.dat</Data>\n<Data Name=\"Key\">S-1-5-21-1171287513-3642516788-2358256967-1003</Data>\n</EventData>\n</Event>\n"
  },
  {
    "EventID": 5,
    "Timestamp": "2014-02-03 15:17:10.022379+00:00",
    "Computer": "IACIS-HDD-2014",
    "Channel": "Microsoft-Windows-User Profile Service/Operational",
    "Level": "Information",
    "EventData": {
      "File": "C:\\Users\\Sgt. Joe T. Nameless\\AppData\\Local\\Microsoft\\Windows\\\\UsrClass.dat",
      "Key": "S-1-5-21-1171287513-3642516788-2358256967-1003_Classes"
    },
    "RawXml": "<Event xmlns=\"http://schemas.microsoft.com/win/2004/08/events/event\"><System><Provider Name=\"Microsoft-Windows-User Profiles Service\" Guid=\"{89b1e9f0-5aff-44a6-9b44-0a07a7ce5845}\"></Provider>\n<EventID Qualifiers=\"\">5</EventID>\n<Version>0</Version>\n<Level>4</Level>\n<Task>0</Task>\n<Opcode>0</Opcode>\n<Keywords>0x4000000000000000</Keywords>\n<TimeCreated SystemTime=\"2014-02-03 15:17:10.022379+00:00\"></TimeCreated>\n<EventRecordID>57</EventRecordID>\n<Correlation ActivityID=\"\" RelatedActivityID=\"\"></Correlation>\n<Execution ProcessID=\"972\" ThreadID=\"3016\"></Execution>\n<Channel>Microsoft-Windows-User Profile Service/Operational</Channel>\n<Computer>IACIS-HDD-2014</Computer>\n<Security UserID=\"S-1-5-18\"></Security>\n</System>\n<EventData><Data Name=\"File\">C:\\Users\\Sgt. Joe T. Nameless\\AppData\\Local\\Microsoft\\Windows\\\\UsrClass.dat</Data>\n<Data Name=\"Key\">S-1-5-21-1171287513-3642516788-2358256967-1003_Classes</Data>\n</EventData>\n</Event>\n"
  },
  {
    "EventID": 2,
    "Timestamp": "2014-02-03 15:17:10.115978+00:00",
    "Computer": "IACIS-HDD-2014",
    "Channel": "Microsoft-Windows-User Profile Service/Operational",
    "Level": "Information",
    "EventData": {
      "Session": "2"
    },
    "RawXml": "<Event xmlns=\"http://schemas.microsoft.com/win/2004/08/events/event\"><System><Provider Name=\"Microsoft-Windows-User Profiles Service\" Guid=\"{89b1e9f0-5aff-44a6-9b44-0a07a7ce5845}\"></Provider>\n<EventID Qualifiers=\"\">2</EventID>\n<Version>0</Version>\n<Level>4</Level>\n<Task>0</Task>\n<Opcode>0</Opcode>\n<Keywords>0x4000000000000000</Keywords>\n<TimeCreated SystemTime=\"2014-02-03 15:17:10.115978+00:00\"></TimeCreated>\n<EventRecordID>58</EventRecordID>\n<Correlation ActivityID=\"\" RelatedActivityID=\"\"></Correlation>\n<Execution ProcessID=\"972\" ThreadID=\"2508\"></Execution>\n<Channel>Microsoft-Windows-User Profile Service/Operational</Channel>\n<Computer>IACIS-HDD-2014</Computer>\n<Security UserID=\"S-1-5-21-1171287513-3642516788-2358256967-1003\"></Security>\n</System>\n<EventData><Data Name=\"Session\">2</Data>\n</EventData>\n</Event>\n"
  },
  {
    "EventID": 3,
    "Timestamp": "2014-02-03 18:01:17.020081+00:00",
    "Computer": "IACIS-HDD-2014",
    "Channel": "Microsoft-Windows-User Profile Service/Operational",
    "Level": "Information",
    "EventData": {
      "Session": "2"
    },
    "RawXml": "<Event xmlns=\"http://schemas.microsoft.com/win/2004/08/events/event\"><System><Provider Name=\"Microsoft-Windows-User Profiles Service\" Guid=\"{89b1e9f0-5aff-44a6-9b44-0a07a7ce5845}\"></Provider>\n<EventID Qualifiers=\"\">3</EventID>\n<Version>0</Version>\n<Level>4</Level>\n<Task>0</Task>\n<Opcode>0</Opcode>\n<Keywords>0x4000000000000000</Keywords>\n<TimeCreated SystemTime=\"2014-02-03 18:01:17.020081+00:00\"></TimeCreated>\n<EventRecordID>59</EventRecordID>\n<Correlation ActivityID=\"\" RelatedActivityID=\"\"></Correlation>\n<Execution ProcessID=\"972\" ThreadID=\"3100\"></Execution>\n<Channel>Microsoft-Windows-User Profile Service/Operational</Channel>\n<Computer>IACIS-HDD-2014</Computer>\n<Security UserID=\"S-1-5-21-1171287513-3642516788-2358256967-1003\"></Security>\n</System>\n<EventData><Data Name=\"Session\">2</Data>\n</EventData>\n</Event>\n"
  },
  {
    "EventID": 4,
    "Timestamp": "2014-02-03 18:01:17.612883+00:00",
    "Computer": "IACIS-HDD-2014",
    "Channel": "Microsoft-Windows-User Profile Service/Operational",
    "Level": "Information",
    "EventData": {
      "Session": "2"
    },
    "RawXml": "<Event xmlns=\"http://schemas.microsoft.com/win/2004/08/events/event\"><System><Provider Name=\"Microsoft-Windows-User Profiles Service\" Guid=\"{89b1e9f0-5aff-44a6-9b44-0a07a7ce5845}\"></Provider>\n<EventID Qualifiers=\"\">4</EventID>\n<Version>0</Version>\n<Level>4</Level>\n<Task>0</Task>\n<Opcode>0</Opcode>\n<Keywords>0x4000000000000000</Keywords>\n<TimeCreated SystemTime=\"2014-02-03 18:01:17.612883+00:00\"></TimeCreated>\n<EventRecordID>60</EventRecordID>\n<Correlation ActivityID=\"\" RelatedActivityID=\"\"></Correlation>\n<Execution ProcessID=\"972\" ThreadID=\"3100\"></Execution>\n<Channel>Microsoft-Windows-User Profile Service/Operational</Channel>\n<Computer>IACIS-HDD-2014</Computer>\n<Security UserID=\"S-1-5-21-1171287513-3642516788-2358256967-1003\"></Security>\n</System>\n<EventData><Data Name=\"Session\">2</Data>\n</EventData>\n</Event>\n"
  },
  {
    "EventID": 1,
    "Timestamp": "2014-02-04 14:14:20.244169+00:00",
    "Computer": "IACIS-HDD-2014",
    "Channel": "Microsoft-Windows-User Profile Service/Operational",
    "Level": "Information",
    "EventData": {
      "Session": "1"
    },
    "RawXml": "<Event xmlns=\"http://schemas.microsoft.com/win/2004/08/events/event\"><System><Provider Name=\"Microsoft-Windows-User Profiles Service\" Guid=\"{89b1e9f0-5aff-44a6-9b44-0a07a7ce5845}\"></Provider>\n<EventID Qualifiers=\"\">1</EventID>\n<Version>0</Version>\n<Level>4</Level>\n<Task>0</Task>\n<Opcode>0</Opcode>\n<Keywords>0x4000000000000000</Keywords>\n<TimeCreated SystemTime=\"2014-02-04 14:14:20.244169+00:00\"></TimeCreated>\n<EventRecordID>61</EventRecordID>\n<Correlation ActivityID=\"\" RelatedActivityID=\"\"></Correlation>\n<Execution ProcessID=\"988\" ThreadID=\"1284\"></Execution>\n<Channel>Microsoft-Windows-User Profile Service/Operational</Channel>\n<Computer>IACIS-HDD-2014</Computer>\n<Security UserID=\"S-1-5-21-1171287513-3642516788-2358256967-1003\"></Security>\n</System>\n<EventData><Data Name=\"Session\">1</Data>\n</EventData>\n</Event>\n"
  },
  {
    "EventID": 5,
    "Timestamp": "2014-02-04 14:14:20.446970+00:00",
    "Computer": "IACIS-HDD-2014",
    "Channel": "Microsoft-Windows-User Profile Service/Operational",
    "Level": "Information",
    "EventData": {
      "File": "C:\\Users\\Sgt. Joe T. Nameless\\ntuser.dat",
      "Key": "S-1-5-21-1171287513-3642516788-2358256967-1003"
    },
    "RawXml": "<Event xmlns=\"http://schemas.microsoft.com/win/2004/08/events/event\"><System><Provider Name=\"Microsoft-Windows-User Profiles Service\" Guid=\"{89b1e9f0-5aff-44a6-9b44-0a07a7ce5845}\"></Provider>\n<EventID Qualifiers=\"\">5</EventID>\n<Version>0</Version>\n<Level>4</Level>\n<Task>0</Task>\n<Opcode>0</Opcode>\n<Keywords>0x4000000000000000</Keywords>\n<TimeCreated SystemTime=\"2014-02-04 14:14:20.446970+00:00\"></TimeCreated>\n<EventRecordID>62</EventRecordID>\n<Correlation ActivityID=\"\" RelatedActivityID=\"\"></Correlation>\n<Execution ProcessID=\"988\" ThreadID=\"1824\"></Execution>\n<Channel>Microsoft-Windows-User Profile Service/Operational</Channel>\n<Computer>IACIS-HDD-2014</Computer>\n<Security UserID=\"S-1-5-18\"></Security>\n</System>\n<EventData><Data Name=\"File\">C:\\Users\\Sgt. Joe T. Nameless\\ntuser.dat</Data>\n<Data Name=\"Key\">S-1-5-21-1171287513-3642516788-2358256967-1003</Data>\n</EventData>\n</Event>\n"
  },
  {
    "EventID": 5,
    "Timestamp": "2014-02-04 14:14:20.540571+00:00",
    "Computer": "IACIS-HDD-2014",
    "Channel": "Microsoft-Windows-User Profile Service/Operational",
    "Level": "Information",
    "EventData": {
      "File": "C:\\Users\\Sgt. Joe T. Nameless\\AppData\\Local\\Microsoft\\Windows\\\\UsrClass.dat",
      "Key": "S-1-5-21-1171287513-3642516788-2358256967-1003_Classes"
    },
    "RawXml": "<Event xmlns=\"http://schemas.microsoft.com/win/2004/08/events/event\"><System><Provider Name=\"Microsoft-Windows-User Profiles Service\" Guid=\"{89b1e9f0-5aff-44a6-9b44-0a07a7ce5845}\"></Provider>\n<EventID Qualifiers=\"\">5</EventID>\n<Version>0</Version>\n<Level>4</Level>\n<Task>0</Task>\n<Opcode>0</Opcode>\n<Keywords>0x4000000000000000</Keywords>\n<TimeCreated SystemTime=\"2014-02-04 14:14:20.540571+00:00\"></TimeCreated>\n<EventRecordID>63</EventRecordID>\n<Correlation ActivityID=\"\" RelatedActivityID=\"\"></Correlation>\n<Execution ProcessID=\"988\" ThreadID=\"1824\"></Execution>\n<Channel>Microsoft-Windows-User Profile Service/Operational</Channel>\n<Computer>IACIS-HDD-2014</Computer>\n<Security UserID=\"S-1-5-18\"></Security>\n</System>\n<EventData><Data Name=\"File\">C:\\Users\\Sgt. Joe T. Nameless\\AppData\\Local\\Microsoft\\Windows\\\\UsrClass.dat</Data>\n<Data Name=\"Key\">S-1-5-21-1171287513-3642516788-2358256967-1003_Classes</Data>\n</EventData>\n</Event>\n"
  },
  {
    "EventID": 2,
    "Timestamp": "2014-02-04 14:14:20.712172+00:00",
    "Computer": "IACIS-HDD-2014",
    "Channel": "Microsoft-Windows-User Profile Service/Operational",
    "Level": "Information",
    "EventData": {
      "Session": "1"
    },
    "RawXml": "<Event xmlns=\"http://schemas.microsoft.com/win/2004/08/events/event\"><System><Provider Name=\"Microsoft-Windows-User Profiles Service\" Guid=\"{89b1e9f0-5aff-44a6-9b44-0a07a7ce5845}\"></Provider>\n<EventID Qualifiers=\"\">2</EventID>\n<Version>0</Version>\n<Level>4</Level>\n<Task>0</Task>\n<Opcode>0</Opcode>\n<Keywords>0x4000000000000000</Keywords>\n<TimeCreated SystemTime=\"2014-02-04 14:14:20.712172+00:00\"></TimeCreated>\n<EventRecordID>64</EventRecordID>\n<Correlation ActivityID=\"\" RelatedActivityID=\"\"></Correlation>\n<Execution ProcessID=\"988\" ThreadID=\"1284\"></Execution>\n<Channel>Microsoft-Windows-User Profile Service/Operational</Channel>\n<Computer>IACIS-HDD-2014</Computer>\n<Security UserID=\"S-1-5-21-1171287513-3642516788-2358256967-1003\"></Security>\n</System>\n<EventData><Data Name=\"Session\">1</Data>\n</EventData>\n</Event>\n"
  },
  {
    "EventID": 3,
    "Timestamp": "2014-02-04 19:18:35.439339+00:00",
    "Computer": "IACIS-HDD-2014",
    "Channel": "Microsoft-Windows-User Profile Service/Operational",
    "Level": "Information",
    "EventData": {
      "Session": "1"
    },
    "RawXml": "<Event xmlns=\"http://schemas.microsoft.com/win/2004/08/events/event\"><System><Provider Name=\"Microsoft-Windows-User Profiles Service\" Guid=\"{89b1e9f0-5aff-44a6-9b44-0a07a7ce5845}\"></Provider>\n<EventID Qualifiers=\"\">3</EventID>\n<Version>0</Version>\n<Level>4</Level>\n<Task>0</Task>\n<Opcode>0</Opcode>\n<Keywords>0x4000000000000000</Keywords>\n<TimeCreated SystemTime=\"2014-02-04 19:18:35.439339+00:00\"></TimeCreated>\n<EventRecordID>65</EventRecordID>\n<Correlation ActivityID=\"{02b13c40-f800-0000-84fb-7ef1b221cf01}\" RelatedActivityID=\"\"></Correlation>\n<Execution ProcessID=\"988\" ThreadID=\"3364\"></Execution>\n<Channel>Microsoft-Windows-User Profile Service/Operational</Channel>\n<Computer>IACIS-HDD-2014</Computer>\n<Security UserID=\"S-1-5-21-1171287513-3642516788-2358256967-1003\"></Security>\n</System>\n<EventData><Data Name=\"Session\">1</Data>\n</EventData>\n</Event>\n"
  },
  {
    "EventID": 4,
    "Timestamp": "2014-02-04 19:18:36.952541+00:00",
    "Computer": "IACIS-HDD-2014",
    "Channel": "Microsoft-Windows-User Profile Service/Operational",
    "Level": "Information",
    "EventData": {
      "Session": "1"
    },
    "RawXml": "<Event xmlns=\"http://schemas.microsoft.com/win/2004/08/events/event\"><System><Provider Name=\"Microsoft-Windows-User Profiles Service\" Guid=\"{89b1e9f0-5aff-44a6-9b44-0a07a7ce5845}\"></Provider>\n<EventID Qualifiers=\"\">4</EventID>\n<Version>0</Version>\n<Level>4</Level>\n<Task>0</Task>\n<Opcode>0</Opcode>\n<Keywords>0x4000000000000000</Keywords>\n<TimeCreated SystemTime=\"2014-02-04 19:18:36.952541+00:00\"></TimeCreated>\n<EventRecordID>66</EventRecordID>\n<Correlation ActivityID=\"{02b13c40-f800-0000-84fb-7ef1b221cf01}\" RelatedActivityID=\"\"></Correlation>\n<Execution ProcessID=\"988\" ThreadID=\"3364\"></Execution>\n<Channel>Microsoft-Windows-User Profile Service/Operational</Channel>\n<Computer>IACIS-HDD-2014</Computer>\n<Security UserID=\"S-1-5-21-1171287513-3642516788-2358256967-1003\"></Security>\n</System>\n<EventData><Data Name=\"Session\">1</Data>\n</EventData>\n</Event>\n"
  },
  {
    "EventID": 1,
    "Timestamp": "2014-02-05 13:37:11.607943+00:00",
    "Computer": "IACIS-HDD-2014",
    "Channel": "Microsoft-Windows-User Profile Service/Operational",
    "Level": "Information",
    "EventData": {
      "Session": "1"
    },
    "RawXml": "<Event xmlns=\"http://schemas.microsoft.com/win/2004/08/events/event\"><System><Provider Name=\"Microsoft-Windows-User Profiles Service\" Guid=\"{89b1e9f0-5aff-44a6-9b44-0a07a7ce5845}\"></Provider>\n<EventID Qualifiers=\"\">1</EventID>\n<Version>0</Version>\n<Level>4</Level>\n<Task>0</Task>\n<Opcode>0</Opcode>\n<Keywords>0x4000000000000000</Keywords>\n<TimeCreated SystemTime=\"2014-02-05 13:37:11.607943+00:00\"></TimeCreated>\n<EventRecordID>67</EventRecordID>\n<Correlation ActivityID=\"\" RelatedActivityID=\"\"></Correlation>\n<Execution ProcessID=\"1000\" ThreadID=\"2424\"></Execution>\n<Channel>Microsoft-Windows-User Profile Service/Operational</Channel>\n<Computer>IACIS-HDD-2014</Computer>\n<Security UserID=\"S-1-5-21-1171287513-3642516788-2358256967-1003\"></Security>\n</System>\n<EventData><Data Name=\"Session\">1</Data>\n</EventData>\n</Event>\n"
  },
  {
    "EventID": 5,
    "Timestamp": "2014-02-05 13:37:12.091543+00:00",
    "Computer": "IACIS-HDD-2014",
    "Channel": "Microsoft-Windows-User Profile Service/Operational",
    "Level": "Information",
    "EventData": {
      "File": "C:\\Users\\Sgt. Joe T. Nameless\\ntuser.dat",
      "Key": "S-1-5-21-1171287513-3642516788-2358256967-1003"
    },
    "RawXml": "<Event xmlns=\"http://schemas.microsoft.com/win/2004/08/events/event\"><System><Provider Name=\"Microsoft-Windows-User Profiles Service\" Guid=\"{89b1e9f0-5aff-44a6-9b44-0a07a7ce5845}\"></Provider>\n<EventID Qualifiers=\"\">5</EventID>\n<Version>0</Version>\n<Level>4</Level>\n<Task>0</Task>\n<Opcode>0</Opcode>\n<Keywords>0x4000000000000000</Keywords>\n<TimeCreated SystemTime=\"2014-02-05 13:37:12.091543+00:00\"></TimeCreated>\n<EventRecordID>68</EventRecordID>\n<Correlation ActivityID=\"\" RelatedActivityID=\"\"></Correlation>\n<Execution ProcessID=\"1000\" ThreadID=\"2612\"></Execution>\n<Channel>Microsoft-Windows-User Profile Service/Operational</Channel>\n<Computer>IACIS-HDD-2014</Computer>\n<Security UserID=\"S-1-5-18\"></Security>\n</System>\n<EventData><Data Name=\"File\">C:\\Users\\Sgt. Joe T. Nameless\\ntuser.dat</Data>\n<Data Name=\"Key\">S-1-5-21-1171287513-3642516788-2358256967-1003</Data>\n</EventData>\n</Event>\n"
  },
  {
    "EventID": 5,
    "Timestamp": "2014-02-05 13:37:12.512743+00:00",
    "Computer": "IACIS-HDD-2014",
    "Channel": "Microsoft-Windows-User Profile Service/Operational",
    "Level": "Information",
    "EventData": {
      "File": "C:\\Users\\Sgt. Joe T. Nameless\\AppData\\Local\\Microsoft\\Windows\\\\UsrClass.dat",
      "Key": "S-1-5-21-1171287513-3642516788-2358256967-1003_Classes"
    },
    "RawXml": "<Event xmlns=\"http://schemas.microsoft.com/win/2004/08/events/event\"><System><Provider Name=\"Microsoft-Windows-User Profiles Service\" Guid=\"{89b1e9f0-5aff-44a6-9b44-0a07a7ce5845}\"></Provider>\n<EventID Qualifiers=\"\">5</EventID>\n<Version>0</Version>\n<Level>4</Level>\n<Task>0</Task>\n<Opcode>0</Opcode>\n<Keywords>0x4000000000000000</Keywords>\n<TimeCreated SystemTime=\"2014-02-05 13:37:12.512743+00:00\"></TimeCreated>\n<EventRecordID>69</EventRecordID>\n<Correlation ActivityID=\"\" RelatedActivityID=\"\"></Correlation>\n<Execution ProcessID=\"1000\" ThreadID=\"2612\"></Execution>\n<Channel>Microsoft-Windows-User Profile Service/Operational</Channel>\n<Computer>IACIS-HDD-2014</Computer>\n<Security UserID=\"S-1-5-18\"></Security>\n</System>\n<EventData><Data Name=\"File\">C:\\Users\\Sgt. Joe T. Nameless\\AppData\\Local\\Microsoft\\Windows\\\\UsrClass.dat</Data>\n<Data Name=\"Key\">S-1-5-21-1171287513-3642516788-2358256967-1003_Classes</Data>\n</EventData>\n</Event>\n"
  },
  {
    "EventID": 2,
    "Timestamp": "2014-02-05 13:37:13.589146+00:00",
    "Computer": "IACIS-HDD-2014",
    "Channel": "Microsoft-Windows-User Profile Service/Operational",
    "Level": "Information",
    "EventData": {
      "Session": "1"
    },
    "RawXml": "<Event xmlns=\"http://schemas.microsoft.com/win/2004/08/events/event\"><System><Provider Name=\"Microsoft-Windows-User Profiles Service\" Guid=\"{89b1e9f0-5aff-44a6-9b44-0a07a7ce5845}\"></Provider>\n<EventID Qualifiers=\"\">2</EventID>\n<Version>0</Version>\n<Level>4</Level>\n<Task>0</Task>\n<Opcode>0</Opcode>\n<Keywords>0x4000000000000000</Keywords>\n<TimeCreated SystemTime=\"2014-02-05 13:37:13.589146+00:00\"></TimeCreated>\n<EventRecordID>70</EventRecordID>\n<Correlation ActivityID=\"\" RelatedActivityID=\"\"></Correlation>\n<Execution ProcessID=\"1000\" ThreadID=\"2424\"></Execution>\n<Channel>Microsoft-Windows-User Profile Service/Operational</Channel>\n<Computer>IACIS-HDD-2014</Computer>\n<Security UserID=\"S-1-5-21-1171287513-3642516788-2358256967-1003\"></Security>\n</System>\n<EventData><Data Name=\"Session\">1</Data>\n</EventData>\n</Event>\n"
  },
  {
    "EventID": 3,
    "Timestamp": "2014-02-05 18:30:13.707504+00:00",
    "Computer": "IACIS-HDD-2014",
    "Channel": "Microsoft-Windows-User Profile Service/Operational",
    "Level": "Information",
    "EventData": {
      "Session": "1"
    },
    "RawXml": "<Event xmlns=\"http://schemas.microsoft.com/win/2004/08/events/event\"><System><Provider Name=\"Microsoft-Windows-User Profiles Service\" Guid=\"{89b1e9f0-5aff-44a6-9b44-0a07a7ce5845}\"></Provider>\n<EventID Qualifiers=\"\">3</EventID>\n<Version>0</Version>\n<Level>4</Level>\n<Task>0</Task>\n<Opcode>0</Opcode>\n<Keywords>0x4000000000000000</Keywords>\n<TimeCreated SystemTime=\"2014-02-05 18:30:13.707504+00:00\"></TimeCreated>\n<EventRecordID>71</EventRecordID>\n<Correlation ActivityID=\"\" RelatedActivityID=\"\"></Correlation>\n<Execution ProcessID=\"1000\" ThreadID=\"3204\"></Execution>\n<Channel>Microsoft-Windows-User Profile Service/Operational</Channel>\n<Computer>IACIS-HDD-2014</Computer>\n<Security UserID=\"S-1-5-21-1171287513-3642516788-2358256967-1003\"></Security>\n</System>\n<EventData><Data Name=\"Session\">1</Data>\n</EventData>\n</Event>\n"
  },
  {
    "EventID": 4,
    "Timestamp": "2014-02-05 18:30:14.612307+00:00",
    "Computer": "IACIS-HDD-2014",
    "Channel": "Microsoft-Windows-User Profile Service/Operational",
    "Level": "Information",
    "EventData": {
      "Session": "1"
    },
    "RawXml": "<Event xmlns=\"http://schemas.microsoft.com/win/2004/08/events/event\"><System><Provider Name=\"Microsoft-Windows-User Profiles Service\" Guid=\"{89b1e9f0-5aff-44a6-9b44-0a07a7ce5845}\"></Provider>\n<EventID Qualifiers=\"\">4</EventID>\n<Version>0</Version>\n<Level>4</Level>\n<Task>0</Task>\n<Opcode>0</Opcode>\n<Keywords>0x4000000000000000</Keywords>\n<TimeCreated SystemTime=\"2014-02-05 18:30:14.612307+00:00\"></TimeCreated>\n<EventRecordID>72</EventRecordID>\n<Correlation ActivityID=\"\" RelatedActivityID=\"\"></Correlation>\n<Execution ProcessID=\"1000\" ThreadID=\"3204\"></Execution>\n<Channel>Microsoft-Windows-User Profile Service/Operational</Channel>\n<Computer>IACIS-HDD-2014</Computer>\n<Security UserID=\"S-1-5-21-1171287513-3642516788-2358256967-1003\"></Security>\n</System>\n<EventData><Data Name=\"Session\">1</Data>\n</EventData>\n</Event>\n"
  },
  {
    "EventID": 1,
    "Timestamp": "2014-02-06 11:22:18.074438+00:00",
    "Computer": "IACIS-HDD-2014",
    "Channel": "Microsoft-Windows-User Profile Service/Operational",
    "Level": "Information",
    "EventData": {
      "Session": "1"
    },
    "RawXml": "<Event xmlns=\"http://schemas.microsoft.com/win/2004/08/events/event\"><System><Provider Name=\"Microsoft-Windows-User Profiles Service\" Guid=\"{89b1e9f0-5aff-44a6-9b44-0a07a7ce5845}\"></Provider>\n<EventID Qualifiers=\"\">1</EventID>\n<Version>0</Version>\n<Level>4</Level>\n<Task>0</Task>\n<Opcode>0</Opcode>\n<Keywords>0x4000000000000000</Keywords>\n<TimeCreated SystemTime=\"2014-02-06 11:22:18.074438+00:00\"></TimeCreated>\n<EventRecordID>73</EventRecordID>\n<Correlation ActivityID=\"\" RelatedActivityID=\"\"></Correlation>\n<Execution ProcessID=\"960\" ThreadID=\"1192\"></Execution>\n<Channel>Microsoft-Windows-User Profile Service/Operational</Channel>\n<Computer>IACIS-HDD-2014</Computer>\n<Security UserID=\"S-1-5-21-1171287513-3642516788-2358256967-1003\"></Security>\n</System>\n<EventData><Data Name=\"Session\">1</Data>\n</EventData>\n</Event>\n"
  },
  {
    "EventID": 5,
    "Timestamp": "2014-02-06 11:22:18.246038+00:00",
    "Computer": "IACIS-HDD-2014",
    "Channel": "Microsoft-Windows-User Profile Service/Operational",
    "Level": "Information",
    "EventData": {
      "File": "C:\\Users\\Sgt. Joe T. Nameless\\ntuser.dat",
      "Key": "S-1-5-21-1171287513-3642516788-2358256967-1003"
    },
    "RawXml": "<Event xmlns=\"http://schemas.microsoft.com/win/2004/08/events/event\"><System><Provider Name=\"Microsoft-Windows-User Profiles Service\" Guid=\"{89b1e9f0-5aff-44a6-9b44-0a07a7ce5845}\"></Provider>\n<EventID Qualifiers=\"\">5</EventID>\n<Version>0</Version>\n<Level>4</Level>\n<Task>0</Task>\n<Opcode>0</Opcode>\n<Keywords>0x4000000000000000</Keywords>\n<TimeCreated SystemTime=\"2014-02-06 11:22:18.246038+00:00\"></TimeCreated>\n<EventRecordID>74</EventRecordID>\n<Correlation ActivityID=\"\" RelatedActivityID=\"\"></Correlation>\n<Execution ProcessID=\"960\" ThreadID=\"1300\"></Execution>\n<Channel>Microsoft-Windows-User Profile Service/Operational</Channel>\n<Computer>IACIS-HDD-2014</Computer>\n<Security UserID=\"S-1-5-18\"></Security>\n</System>\n<EventData><Data Name=\"File\">C:\\Users\\Sgt. Joe T. Nameless\\ntuser.dat</Data>\n<Data Name=\"Key\">S-1-5-21-1171287513-3642516788-2358256967-1003</Data>\n</EventData>\n</Event>\n"
  },
  {
    "EventID": 5,
    "Timestamp": "2014-02-06 11:22:18.355238+00:00",
    "Computer": "IACIS-HDD-2014",
    "Channel": "Microsoft-Windows-User Profile Service/Operational",
    "Level": "Information",
    "EventData": {
      "File": "C:\\Users\\Sgt. Joe T. Nameless\\AppData\\Local\\Microsoft\\Windows\\\\UsrClass.dat",
      "Key": "S-1-5-21-1171287513-3642516788-2358256967-1003_Classes"
    },
    "RawXml": "<Event xmlns=\"http://schemas.microsoft.com/win/2004/08/events/event\"><System><Provider Name=\"Microsoft-Windows-User Profiles Service\" Guid=\"{89b1e9f0-5aff-44a6-9b44-0a07a7ce5845}\"></Provider>\n<EventID Qualifiers=\"\">5</EventID>\n<Version>0</Version>\n<Level>4</Level>\n<Task>0</Task>\n<Opcode>0</Opcode>\n<Keywords>0x4000000000000000</Keywords>\n<TimeCreated SystemTime=\"2014-02-06 11:22:18.355238+00:00\"></TimeCreated>\n<EventRecordID>75</EventRecordID>\n<Correlation ActivityID=\"\" RelatedActivityID=\"\"></Correlation>\n<Execution ProcessID=\"960\" ThreadID=\"1300\"></Execution>\n<Channel>Microsoft-Windows-User Profile Service/Operational</Channel>\n<Computer>IACIS-HDD-2014</Computer>\n<Security UserID=\"S-1-5-18\"></Security>\n</System>\n<EventData><Data Name=\"File\">C:\\Users\\Sgt. Joe T. Nameless\\AppData\\Local\\Microsoft\\Windows\\\\UsrClass.dat</Data>\n<Data Name=\"Key\">S-1-5-21-1171287513-3642516788-2358256967-1003_Classes</Data>\n</EventData>\n</Event>\n"
  },
  {
    "EventID": 2,
    "Timestamp": "2014-02-06 11:22:18.776440+00:00",
    "Computer": "IACIS-HDD-2014",
    "Channel": "Microsoft-Windows-User Profile Service/Operational",
    "Level": "Information",
    "EventData": {
      "Session": "1"
    },
    "RawXml": "<Event xmlns=\"http://schemas.microsoft.com/win/2004/08/events/event\"><System><Provider Name=\"Microsoft-Windows-User Profiles Service\" Guid=\"{89b1e9f0-5aff-44a6-9b44-0a07a7ce5845}\"></Provider>\n<EventID Qualifiers=\"\">2</EventID>\n<Version>0</Version>\n<Level>4</Level>\n<Task>0</Task>\n<Opcode>0</Opcode>\n<Keywords>0x4000000000000000</Keywords>\n<TimeCreated SystemTime=\"2014-02-06 11:22:18.776440+00:00\"></TimeCreated>\n<EventRecordID>76</EventRecordID>\n<Correlation ActivityID=\"\" RelatedActivityID=\"\"></Correlation>\n<Execution ProcessID=\"960\" ThreadID=\"1192\"></Execution>\n<Channel>Microsoft-Windows-User Profile Service/Operational</Channel>\n<Computer>IACIS-HDD-2014</Computer>\n<Security UserID=\"S-1-5-21-1171287513-3642516788-2358256967-1003\"></Security>\n</System>\n<EventData><Data Name=\"Session\">1</Data>\n</EventData>\n</Event>\n"
  },
  {
    "EventID": 3,
    "Timestamp": "2014-02-06 14:58:39.062948+00:00",
    "Computer": "IACIS-HDD-2014",
    "Channel": "Microsoft-Windows-User Profile Service/Operational",
    "Level": "Information",
    "EventData": {
      "Session": "1"
    },
    "RawXml": "<Event xmlns=\"http://schemas.microsoft.com/win/2004/08/events/event\"><System><Provider Name=\"Microsoft-Windows-User Profiles Service\" Guid=\"{89b1e9f0-5aff-44a6-9b44-0a07a7ce5845}\"></Provider>\n<EventID Qualifiers=\"\">3</EventID>\n<Version>0</Version>\n<Level>4</Level>\n<Task>0</Task>\n<Opcode>0</Opcode>\n<Keywords>0x4000000000000000</Keywords>\n<TimeCreated SystemTime=\"2014-02-06 14:58:39.062948+00:00\"></TimeCreated>\n<EventRecordID>77</EventRecordID>\n<Correlation ActivityID=\"\" RelatedActivityID=\"\"></Correlation>\n<Execution ProcessID=\"960\" ThreadID=\"3696\"></Execution>\n<Channel>Microsoft-Windows-User Profile Service/Operational</Channel>\n<Computer>IACIS-HDD-2014</Computer>\n<Security UserID=\"S-1-5-21-1171287513-3642516788-2358256967-1003\"></Security>\n</System>\n<EventData><Data Name=\"Session\">1</Data>\n</EventData>\n</Event>\n"
  },
  {
    "EventID": 4,
    "Timestamp": "2014-02-06 14:58:39.671350+00:00",
    "Computer": "IACIS-HDD-2014",
    "Channel": "Microsoft-Windows-User Profile Service/Operational",
    "Level": "Information",
    "EventData": {
      "Session": "1"
    },
    "RawXml": "<Event xmlns=\"http://schemas.microsoft.com/win/2004/08/events/event\"><System><Provider Name=\"Microsoft-Windows-User Profiles Service\" Guid=\"{89b1e9f0-5aff-44a6-9b44-0a07a7ce5845}\"></Provider>\n<EventID Qualifiers=\"\">4</EventID>\n<Version>0</Version>\n<Level>4</Level>\n<Task>0</Task>\n<Opcode>0</Opcode>\n<Keywords>0x4000000000000000</Keywords>\n<TimeCreated SystemTime=\"2014-02-06 14:58:39.671350+00:00\"></TimeCreated>\n<EventRecordID>78</EventRecordID>\n<Correlation ActivityID=\"\" RelatedActivityID=\"\"></Correlation>\n<Execution ProcessID=\"960\" ThreadID=\"3696\"></Execution>\n<Channel>Microsoft-Windows-User Profile Service/Operational</Channel>\n<Computer>IACIS-HDD-2014</Computer>\n<Security UserID=\"S-1-5-21-1171287513-3642516788-2358256967-1003\"></Security>\n</System>\n<EventData><Data Name=\"Session\">1</Data>\n</EventData>\n</Event>\n"
  },
  {
    "EventID": 1,
    "Timestamp": "2014-02-06 18:54:41.340292+00:00",
    "Computer": "IACIS-HDD-2014",
    "Channel": "Microsoft-Windows-User Profile Service/Operational",
    "Level": "Information",
    "EventData": {
      "Session": "1"
    },
    "RawXml": "<Event xmlns=\"http://schemas.microsoft.com/win/2004/08/events/event\"><System><Provider Name=\"Microsoft-Windows-User Profiles Service\" Guid=\"{89b1e9f0-5aff-44a6-9b44-0a07a7ce5845}\"></Provider>\n<EventID Qualifiers=\"\">1</EventID>\n<Version>0</Version>\n<Level>4</Level>\n<Task>0</Task>\n<Opcode>0</Opcode>\n<Keywords>0x4000000000000000</Keywords>\n<TimeCreated SystemTime=\"2014-02-06 18:54:41.340292+00:00\"></TimeCreated>\n<EventRecordID>79</EventRecordID>\n<Correlation ActivityID=\"{02b09c40-f800-0000-275d-78c76c23cf01}\" RelatedActivityID=\"\"></Correlation>\n<Execution ProcessID=\"956\" ThreadID=\"1928\"></Execution>\n<Channel>Microsoft-Windows-User Profile Service/Operational</Channel>\n<Computer>IACIS-HDD-2014</Computer>\n<Security UserID=\"S-1-5-21-1171287513-3642516788-2358256967-1003\"></Security>\n</System>\n<EventData><Data Name=\"Session\">1</Data>\n</EventData>\n</Event>\n"
  },
  {
    "EventID": 5,
    "Timestamp": "2014-02-06 18:54:41.465094+00:00",
    "Computer": "IACIS-HDD-2014",
    "Channel": "Microsoft-Windows-User Profile Service/Operational",
    "Level": "Information",
    "EventData": {
      "File": "C:\\Users\\Sgt. Joe T. Nameless\\ntuser.dat",
      "Key": "S-1-5-21-1171287513-3642516788-2358256967-1003"
    },
    "RawXml": "<Event xmlns=\"http://schemas.microsoft.com/win/2004/08/events/event\"><System><Provider Name=\"Microsoft-Windows-User Profiles Service\" Guid=\"{89b1e9f0-5aff-44a6-9b44-0a07a7ce5845}\"></Provider>\n<EventID Qualifiers=\"\">5</EventID>\n<Version>0</Version>\n<Level>4</Level>\n<Task>0</Task>\n<Opcode>0</Opcode>\n<Keywords>0x4000000000000000</Keywords>\n<TimeCreated SystemTime=\"2014-02-06 18:54:41.465094+00:00\"></TimeCreated>\n<EventRecordID>80</EventRecordID>\n<Correlation ActivityID=\"\" RelatedActivityID=\"\"></Correlation>\n<Execution ProcessID=\"956\" ThreadID=\"972\"></Execution>\n<Channel>Microsoft-Windows-User Profile Service/Operational</Channel>\n<Computer>IACIS-HDD-2014</Computer>\n<Security UserID=\"S-1-5-18\"></Security>\n</System>\n<EventData><Data Name=\"File\">C:\\Users\\Sgt. Joe T. Nameless\\ntuser.dat</Data>\n<Data Name=\"Key\">S-1-5-21-1171287513-3642516788-2358256967-1003</Data>\n</EventData>\n</Event>\n"
  },
