  {
    "EventID": 106,
    "Timestamp": "2014-01-25 15:27:24.809334+00:00",
    "Computer": "IACIS-HDD-2014",
    "Channel": "Microsoft-Windows-Diagnostics-Performance/Operational",
    "Level": "Error",
    "EventData": {
      "StartTime": "2014-01-25 15:24:50.656000+00:00",
      "NameLength": "23",
      "Name": "BackgroundPrefetchTime",
      "TotalTime": "54445",
      "DegradationTime": "70798"
    },
    "RawXml": "<Event xmlns=\"http://schemas.microsoft.com/win/2004/08/events/event\"><System><Provider Name=\"Microsoft-Windows-Diagnostics-Performance\" Guid=\"{cfc18ec0-96b1-4eba-961b-622caee05b0a}\"></Provider>\n<EventID Qualifiers=\"\">106</EventID>\n<Version>1</Version>\n<Level>2</Level>\n<Task>4002</Task>\n<Opcode>33</Opcode>\n<Keywords>0x8000000000010000</Keywords>\n<TimeCreated SystemTime=\"2014-01-25 15:27:24.809334+00:00\"></TimeCreated>\n<EventRecordID>18</EventRecordID>\n<Correlation ActivityID=\"{02ac8c48-f800-0001-06e6-de96e119cf01}\" RelatedActivityID=\"\"></Correlation>\n<Execution ProcessID=\"1268\" ThreadID=\"2772\"></Execution>\n<Channel>Microsoft-Windows-Diagnostics-Performance/Operational</Channel>\n<Computer>IACIS-HDD-2014</Computer>\n<Security UserID=\"S-1-5-19\"></Security>\n</System>\n<EventData><Data Name=\"StartTime\">2014-01-25 15:24:50.656000+00:00</Data>\n<Data Name=\"NameLength\">23</Data>\n<Data Name=\"Name\">BackgroundPrefetchTime</Data>\n<Data Name=\"TotalTime\">54445</Data>\n<Data Name=\"DegradationTime\">70798</Data>\n</EventData>\n</Event>\n"
  },
  {
    "EventID": 200,
    "Timestamp": "2014-01-25 18:21:24.623055+00:00",
    "Computer": "IACIS-HDD-2014",
    "Channel": "Microsoft-Windows-Diagnostics-Performance/Operational",
    "Level": "Warning",
    "EventData": {
      "ShutdownTsVersion": "1",
      "ShutdownStartTime": "2014-01-25 16:45:01.208096+00:00",
      "ShutdownEndTime": "2014-01-25 16:45:32.096048+00:00",
      "ShutdownTime": "30887",
      "ShutdownUserSessionTime": "8748",
      "ShutdownUserPolicyTime": "385",
      "ShutdownUserProfilesTime": "1959",
      "ShutdownSystemSessionsTime": "11220",
      "ShutdownPreShutdownNotificationsTime": "4646",
      "ShutdownServicesTime": "5000",
      "ShutdownKernelTime": "10919",
      "ShutdownRootCauseStepImprovementBits": "0",
      "ShutdownRootCauseGradualImprovementBits": "0",
      "ShutdownRootCauseStepDegradationBits": "0",
      "ShutdownRootCauseGradualDegradationBits": "0",
      "ShutdownIsDegradation": "False",
      "ShutdownTimeChange": "0"
    },
    "RawXml": "<Event xmlns=\"http://schemas.microsoft.com/win/2004/08/events/event\"><System><Provider Name=\"Microsoft-Windows-Diagnostics-Performance\" Guid=\"{cfc18ec0-96b1-4eba-961b-622caee05b0a}\"></Provider>\n<EventID Qualifiers=\"\">200</EventID>\n<Version>1</Version>\n<Level>3</Level>\n<Task>4007</Task>\n<Opcode>40</Opcode>\n<Keywords>0x8000000000010000</Keywords>\n<TimeCreated SystemTime=\"2014-01-25 18:21:24.623055+00:00\"></TimeCreated>\n<EventRecordID>19</EventRecordID>\n<Correlation ActivityID=\"{02ab9c40-f800-0000-2671-1af2f919cf01}\" RelatedActivityID=\"\"></Correlation>\n<Execution ProcessID=\"1276\" ThreadID=\"1452\"></Execution>\n<Channel>Microsoft-Windows-Diagnostics-Performance/Operational</Channel>\n<Computer>IACIS-HDD-2014</Computer>\n<Security UserID=\"S-1-5-19\"></Security>\n</System>\n<EventData><Data Name=\"ShutdownTsVersion\">1</Data>\n<Data Name=\"ShutdownStartTime\">2014-01-25 16:45:01.208096+00:00</Data>\n<Data Name=\"ShutdownEndTime\">2014-01-25 16:45:32.096048+00:00</Data>\n<Data Name=\"ShutdownTime\">30887</Data>\n<Data Name=\"ShutdownUserSessionTime\">8748</Data>\n<Data Name=\"ShutdownUserPolicyTime\">385</Data>\n<Data Name=\"ShutdownUserProfilesTime\">1959</Data>\n<Data Name=\"ShutdownSystemSessionsTime\">11220</Data>\n<Data Name=\"ShutdownPreShutdownNotificationsTime\">4646</Data>\n<Data Name=\"ShutdownServicesTime\">5000</Data>\n<Data Name=\"ShutdownKernelTime\">10919</Data>\n<Data Name=\"ShutdownRootCauseStepImprovementBits\">0</Data>\n<Data Name=\"ShutdownRootCauseGradualImprovementBits\">0</Data>\n<Data Name=\"ShutdownRootCauseStepDegradationBits\">0</Data>\n<Data Name=\"ShutdownRootCauseGradualDegradationBits\">0</Data>\n<Data Name=\"ShutdownIsDegradation\">False</Data>\n<Data Name=\"ShutdownTimeChange\">0</Data>\n</EventData>\n</Event>\n"
  },
  {
    "EventID": 203,
    "Timestamp": "2014-01-25 18:21:24.623055+00:00",
    "Computer": "IACIS-HDD-2014",
    "Channel": "Microsoft-Windows-Diagnostics-Performance/Operational",
    "Level": "Error",
    "EventData": {
      "StartTime": "2014-01-25 16:45:01.208096+00:00",
      "NameLength": "8",
      "Name": "MsMpSvc",
      "FriendlyNameLength": "0",
      "FriendlyName": "",
      "VersionLength": "0",
      "Version": "",
      "TotalTime": "11748",
      "DegradationTime": "7748",
      "PathLength": "57",
      "Path": "\"c:\\program files\\microsoft security client\\msmpeng.exe\"",
      "ProductNameLength": "0",
      "ProductName": "",
      "CompanyNameLength": "0",
      "CompanyName": ""
    },
    "RawXml": "<Event xmlns=\"http://schemas.microsoft.com/win/2004/08/events/event\"><System><Provider Name=\"Microsoft-Windows-Diagnostics-Performance\" Guid=\"{cfc18ec0-96b1-4eba-961b-622caee05b0a}\"></Provider>\n<EventID Qualifiers=\"\">203</EventID>\n<Version>1</Version>\n<Level>2</Level>\n<Task>4007</Task>\n<Opcode>41</Opcode>\n<Keywords>0x8000000000010000</Keywords>\n<TimeCreated SystemTime=\"2014-01-25 18:21:24.623055+00:00\"></TimeCreated>\n<EventRecordID>20</EventRecordID>\n<Correlation ActivityID=\"{02ab9c40-f800-0000-2671-1af2f919cf01}\" RelatedActivityID=\"\"></Correlation>\n<Execution ProcessID=\"1276\" ThreadID=\"1452\"></Execution>\n<Channel>Microsoft-Windows-Diagnostics-Performance/Operational</Channel>\n<Computer>IACIS-HDD-2014</Computer>\n<Security UserID=\"S-1-5-19\"></Security>\n</System>\n<EventData><Data Name=\"StartTime\">2014-01-25 16:45:01.208096+00:00</Data>\n<Data Name=\"NameLength\">8</Data>\n<Data Name=\"Name\">MsMpSvc</Data>\n<Data Name=\"FriendlyNameLength\">0</Data>\n<Data Name=\"FriendlyName\"></Data>\n<Data Name=\"VersionLength\">0</Data>\n<Data Name=\"Version\"></Data>\n<Data Name=\"TotalTime\">11748</Data>\n<Data Name=\"DegradationTime\">7748</Data>\n<Data Name=\"PathLength\">57</Data>\n<Data Name=\"Path\">\"c:\\program files\\microsoft security client\\msmpeng.exe\"</Data>\n<Data Name=\"ProductNameLength\">0</Data>\n<Data Name=\"ProductName\"></Data>\n<Data Name=\"CompanyNameLength\">0</Data>\n<Data Name=\"CompanyName\"></Data>\n</EventData>\n</Event>\n"
  },
  {
    "EventID": 203,
    "Timestamp": "2014-01-25 18:21:24.623055+00:00",
    "Computer": "IACIS-HDD-2014",
    "Channel": "Microsoft-Windows-Diagnostics-Performance/Operational",
    "Level": "Warning",
    "EventData": {
      "StartTime": "2014-01-25 16:45:01.208096+00:00",
      "NameLength": "9",
      "Name": "FDResPub",
      "FriendlyNameLength": "48",
      "FriendlyName": "Function Discovery Resource Publication Service",
      "VersionLength": "38",
      "Version": "6.1.7600.16385 (win7_rtm.090713-1255)",
      "TotalTime": "5205",
      "DegradationTime": "1205",
      "PathLength": "33",
      "Path": "C:\\Windows\\system32\\fdrespub.dll",
      "ProductNameLength": "37",
      "ProductName": "Microsoft® Windows® Operating System",
      "CompanyNameLength": "22",
      "CompanyName": "Microsoft Corporation"
    },
    "RawXml": "<Event xmlns=\"http://schemas.microsoft.com/win/2004/08/events/event\"><System><Provider Name=\"Microsoft-Windows-Diagnostics-Performance\" Guid=\"{cfc18ec0-96b1-4eba-961b-622caee05b0a}\"></Provider>\n<EventID Qualifiers=\"\">203</EventID>\n<Version>1</Version>\n<Level>3</Level>\n<Task>4007</Task>\n<Opcode>41</Opcode>\n<Keywords>0x8000000000010000</Keywords>\n<TimeCreated SystemTime=\"2014-01-25 18:21:24.623055+00:00\"></TimeCreated>\n<EventRecordID>21</EventRecordID>\n<Correlation ActivityID=\"{02ab9c40-f800-0000-2671-1af2f919cf01}\" RelatedActivityID=\"\"></Correlation>\n<Execution ProcessID=\"1276\" ThreadID=\"1452\"></Execution>\n<Channel>Microsoft-Windows-Diagnostics-Performance/Operational</Channel>\n<Computer>IACIS-HDD-2014</Computer>\n<Security UserID=\"S-1-5-19\"></Security>\n</System>\n<EventData><Data Name=\"StartTime\">2014-01-25 16:45:01.208096+00:00</Data>\n<Data Name=\"NameLength\">9</Data>\n<Data Name=\"Name\">FDResPub</Data>\n<Data Name=\"FriendlyNameLength\">48</Data>\n<Data Name=\"FriendlyName\">Function Discovery Resource Publication Service</Data>\n<Data Name=\"VersionLength\">38</Data>\n<Data Name=\"Version\">6.1.7600.16385 (win7_rtm.090713-1255)</Data>\n<Data Name=\"TotalTime\">5205</Data>\n<Data Name=\"DegradationTime\">1205</Data>\n<Data Name=\"PathLength\">33</Data>\n<Data Name=\"Path\">C:\\Windows\\system32\\fdrespub.dll</Data>\n<Data Name=\"ProductNameLength\">37</Data>\n<Data Name=\"ProductName\">Microsoft&#174; Windows&#174; Operating System</Data>\n<Data Name=\"CompanyNameLength\">22</Data>\n<Data Name=\"CompanyName\">Microsoft Corporation</Data>\n</EventData>\n</Event>\n"
  },
  {
    "EventID": 203,
    "Timestamp": "2014-01-25 18:21:24.623055+00:00",
    "Computer": "IACIS-HDD-2014",
    "Channel": "Microsoft-Windows-Diagnostics-Performance/Operational",
    "Level": "Warning",
    "EventData": {
      "StartTime": "2014-01-25 16:45:01.208096+00:00",
      "NameLength": "8",
      "Name": "Wlansvc",
      "FriendlyNameLength": "36",
      "FriendlyName": "Windows WLAN AutoConfig Service DLL",
      "VersionLength": "38",
      "Version": "6.1.7600.16385 (win7_rtm.090713-1255)",
      "TotalTime": "4734",
      "DegradationTime": "734",
      "PathLength": "32",
      "Path": "C:\\Windows\\System32\\wlansvc.dll",
      "ProductNameLength": "37",
      "ProductName": "Microsoft® Windows® Operating System",
      "CompanyNameLength": "22",
      "CompanyName": "Microsoft Corporation"
    },
    "RawXml": "<Event xmlns=\"http://schemas.microsoft.com/win/2004/08/events/event\"><System><Provider Name=\"Microsoft-Windows-Diagnostics-Performance\" Guid=\"{cfc18ec0-96b1-4eba-961b-622caee05b0a}\"></Provider>\n<EventID Qualifiers=\"\">203</EventID>\n<Version>1</Version>\n<Level>3</Level>\n<Task>4007</Task>\n<Opcode>41</Opcode>\n<Keywords>0x8000000000010000</Keywords>\n<TimeCreated SystemTime=\"2014-01-25 18:21:24.623055+00:00\"></TimeCreated>\n<EventRecordID>22</EventRecordID>\n<Correlation ActivityID=\"{02ab9c40-f800-0000-2671-1af2f919cf01}\" RelatedActivityID=\"\"></Correlation>\n<Execution ProcessID=\"1276\" ThreadID=\"1452\"></Execution>\n<Channel>Microsoft-Windows-Diagnostics-Performance/Operational</Channel>\n<Computer>IACIS-HDD-2014</Computer>\n<Security UserID=\"S-1-5-19\"></Security>\n</System>\n<EventData><Data Name=\"StartTime\">2014-01-25 16:45:01.208096+00:00</Data>\n<Data Name=\"NameLength\">8</Data>\n<Data Name=\"Name\">Wlansvc</Data>\n<Data Name=\"FriendlyNameLength\">36</Data>\n<Data Name=\"FriendlyName\">Windows WLAN AutoConfig Service DLL</Data>\n<Data Name=\"VersionLength\">38</Data>\n<Data Name=\"Version\">6.1.7600.16385 (win7_rtm.090713-1255)</Data>\n<Data Name=\"TotalTime\">4734</Data>\n<Data Name=\"DegradationTime\">734</Data>\n<Data Name=\"PathLength\">32</Data>\n<Data Name=\"Path\">C:\\Windows\\System32\\wlansvc.dll</Data>\n<Data Name=\"ProductNameLength\">37</Data>\n<Data Name=\"ProductName\">Microsoft&#174; Windows&#174; Operating System</Data>\n<Data Name=\"CompanyNameLength\">22</Data>\n<Data Name=\"CompanyName\">Microsoft Corporation</Data>\n</EventData>\n</Event>\n"
  },
  {
    "EventID": 203,
    "Timestamp": "2014-01-25 18:21:24.623055+00:00",
    "Computer": "IACIS-HDD-2014",
    "Channel": "Microsoft-Windows-Diagnostics-Performance/Operational",
    "Level": "Warning",
    "EventData": {
      "StartTime": "2014-01-25 16:45:01.208096+00:00",
      "NameLength": "10",
      "Name": "FontCache",
      "FriendlyNameLength": "27",
      "FriendlyName": "Windows Font Cache Service",
      "VersionLength": "45",
      "Version": "6.2.9200.16492 (win8_gdr_oobssr.130113-0015)",
      "TotalTime": "4446",
      "DegradationTime": "446",
      "PathLength": "33",
      "Path": "C:\\Windows\\system32\\FntCache.dll",
      "ProductNameLength": "37",
      "ProductName": "Microsoft® Windows® Operating System",
      "CompanyNameLength": "22",
      "CompanyName": "Microsoft Corporation"
    },
    "RawXml": "<Event xmlns=\"http://schemas.microsoft.com/win/2004/08/events/event\"><System><Provider Name=\"Microsoft-Windows-Diagnostics-Performance\" Guid=\"{cfc18ec0-96b1-4eba-961b-622caee05b0a}\"></Provider>\n<EventID Qualifiers=\"\">203</EventID>\n<Version>1</Version>\n<Level>3</Level>\n<Task>4007</Task>\n<Opcode>41</Opcode>\n<Keywords>0x8000000000010000</Keywords>\n<TimeCreated SystemTime=\"2014-01-25 18:21:24.623055+00:00\"></TimeCreated>\n<EventRecordID>23</EventRecordID>\n<Correlation ActivityID=\"{02ab9c40-f800-0000-2671-1af2f919cf01}\" RelatedActivityID=\"\"></Correlation>\n<Execution ProcessID=\"1276\" ThreadID=\"1452\"></Execution>\n<Channel>Microsoft-Windows-Diagnostics-Performance/Operational</Channel>\n<Computer>IACIS-HDD-2014</Computer>\n<Security UserID=\"S-1-5-19\"></Security>\n</System>\n<EventData><Data Name=\"StartTime\">2014-01-25 16:45:01.208096+00:00</Data>\n<Data Name=\"NameLength\">10</Data>\n<Data Name=\"Name\">FontCache</Data>\n<Data Name=\"FriendlyNameLength\">27</Data>\n<Data Name=\"FriendlyName\">Windows Font Cache Service</Data>\n<Data Name=\"VersionLength\">45</Data>\n<Data Name=\"Version\">6.2.9200.16492 (win8_gdr_oobssr.130113-0015)</Data>\n<Data Name=\"TotalTime\">4446</Data>\n<Data Name=\"DegradationTime\">446</Data>\n<Data Name=\"PathLength\">33</Data>\n<Data Name=\"Path\">C:\\Windows\\system32\\FntCache.dll</Data>\n<Data Name=\"ProductNameLength\">37</Data>\n<Data Name=\"ProductName\">Microsoft&#174; Windows&#174; Operating System</Data>\n<Data Name=\"CompanyNameLength\">22</Data>\n<Data Name=\"CompanyName\">Microsoft Corporation</Data>\n</EventData>\n</Event>\n"
  },
  {
    "EventID": 203,
    "Timestamp": "2014-01-25 18:21:24.623055+00:00",
    "Computer": "IACIS-HDD-2014",
    "Channel": "Microsoft-Windows-Diagnostics-Performance/Operational",
    "Level": "Warning",
    "EventData": {
      "StartTime": "2014-01-25 16:45:01.208096+00:00",
      "NameLength": "17",
      "Name": "TrustedInstaller",
      "FriendlyNameLength": "26",
      "FriendlyName": "Windows Modules Installer",
      "VersionLength": "38",
      "Version": "6.1.7600.16385 (win7_rtm.090713-1255)",
      "TotalTime": "4189",
      "DegradationTime": "189",
      "PathLength": "42",
      "Path": "C:\\Windows\\servicing\\trustedinstaller.exe",
      "ProductNameLength": "37",
      "ProductName": "Microsoft® Windows® Operating System",
      "CompanyNameLength": "22",
      "CompanyName": "Microsoft Corporation"
    },
    "RawXml": "<Event xmlns=\"http://schemas.microsoft.com/win/2004/08/events/event\"><System><Provider Name=\"Microsoft-Windows-Diagnostics-Performance\" Guid=\"{cfc18ec0-96b1-4eba-961b-622caee05b0a}\"></Provider>\n<EventID Qualifiers=\"\">203</EventID>\n<Version>1</Version>\n<Level>3</Level>\n<Task>4007</Task>\n<Opcode>41</Opcode>\n<Keywords>0x8000000000010000</Keywords>\n<TimeCreated SystemTime=\"2014-01-25 18:21:24.623055+00:00\"></TimeCreated>\n<EventRecordID>24</EventRecordID>\n<Correlation ActivityID=\"{02ab9c40-f800-0000-2671-1af2f919cf01}\" RelatedActivityID=\"\"></Correlation>\n<Execution ProcessID=\"1276\" ThreadID=\"1452\"></Execution>\n<Channel>Microsoft-Windows-Diagnostics-Performance/Operational</Channel>\n<Computer>IACIS-HDD-2014</Computer>\n<Security UserID=\"S-1-5-19\"></Security>\n</System>\n<EventData><Data Name=\"StartTime\">2014-01-25 16:45:01.208096+00:00</Data>\n<Data Name=\"NameLength\">17</Data>\n<Data Name=\"Name\">TrustedInstaller</Data>\n<Data Name=\"FriendlyNameLength\">26</Data>\n<Data Name=\"FriendlyName\">Windows Modules Installer</Data>\n<Data Name=\"VersionLength\">38</Data>\n<Data Name=\"Version\">6.1.7600.16385 (win7_rtm.090713-1255)</Data>\n<Data Name=\"TotalTime\">4189</Data>\n<Data Name=\"DegradationTime\">189</Data>\n<Data Name=\"PathLength\">42</Data>\n<Data Name=\"Path\">C:\\Windows\\servicing\\trustedinstaller.exe</Data>\n<Data Name=\"ProductNameLength\">37</Data>\n<Data Name=\"ProductName\">Microsoft&#174; Windows&#174; Operating System</Data>\n<Data Name=\"CompanyNameLength\">22</Data>\n<Data Name=\"CompanyName\">Microsoft Corporation</Data>\n</EventData>\n</Event>\n"
  },
  {
    "EventID": 100,
    "Timestamp": "2014-01-25 18:21:24.732256+00:00",
    "Computer": "IACIS-HDD-2014",
    "Channel": "Microsoft-Windows-Diagnostics-Performance/Operational",
    "Level": "Warning",
    "EventData": {
      "BootTsVersion": "2",
      "BootStartTime": "2014-01-25 18:19:11.640400+00:00",
      "BootEndTime": "2014-01-25 18:21:21.908649+00:00",
      "SystemBootInstance": "9",
      "UserBootInstance": "4",
      "BootTime": "43727",
      "MainPathBootTime": "28927",
      "BootKernelInitTime": "26",
      "BootDriverInitTime": "431",
      "BootDevicesInitTime": "2565",
      "BootPrefetchInitTime": "55100",
      "BootPrefetchBytes": "219406336",
      "BootAutoChkTime": "0",
      "BootSmssInitTime": "11858",
      "BootCriticalServicesInitTime": "719",
      "BootUserProfileProcessingTime": "2300",
      "BootMachineProfileProcessingTime": "820",
      "BootExplorerInitTime": "1401",
      "BootNumStartupApps": "1",
      "BootPostBootTime": "14800",
      "BootIsRebootAfterInstall": "False",
      "BootRootCauseStepImprovementBits": "13",
      "BootRootCauseGradualImprovementBits": "261",
      "BootRootCauseStepDegradationBits": "128",
      "BootRootCauseGradualDegradationBits": "0",
      "BootIsDegradation": "False",
      "BootIsStepDegradation": "False",
      "BootIsGradualDegradation": "False",
      "BootImprovementDelta": "46661",
      "BootDegradationDelta": "0",
      "BootIsRootCauseIdentified": "True",
      "OSLoaderDuration": "2919",
      "BootPNPInitStartTimeMS": "26",
      "BootPNPInitDuration": "2602",
      "OtherKernelInitDuration": "1870",
      "SystemPNPInitStartTimeMS": "4445",
      "SystemPNPInitDuration": "394",
      "SessionInitStartTimeMS": "4866",
      "Session0InitDuration": "2979",
      "Session1InitDuration": "646",
      "SessionInitOtherDuration": "8231",
      "WinLogonStartTimeMS": "16725",
      "OtherLogonInitActivityDuration": "7680",
      "UserLogonWaitDuration": "12551"
    },
    "RawXml": "<Event xmlns=\"http://schemas.microsoft.com/win/2004/08/events/event\"><System><Provider Name=\"Microsoft-Windows-Diagnostics-Performance\" Guid=\"{cfc18ec0-96b1-4eba-961b-622caee05b0a}\"></Provider>\n<EventID Qualifiers=\"\">100</EventID>\n<Version>2</Version>\n<Level>3</Level>\n<Task>4002</Task>\n<Opcode>34</Opcode>\n<Keywords>0x8000000000010000</Keywords>\n<TimeCreated SystemTime=\"2014-01-25 18:21:24.732256+00:00\"></TimeCreated>\n<EventRecordID>25</EventRecordID>\n<Correlation ActivityID=\"{02ab9c40-f800-0000-2771-1af2f919cf01}\" RelatedActivityID=\"\"></Correlation>\n<Execution ProcessID=\"1276\" ThreadID=\"2420\"></Execution>\n<Channel>Microsoft-Windows-Diagnostics-Performance/Operational</Channel>\n<Computer>IACIS-HDD-2014</Computer>\n<Security UserID=\"S-1-5-19\"></Security>\n</System>\n<EventData><Data Name=\"BootTsVersion\">2</Data>\n<Data Name=\"BootStartTime\">2014-01-25 18:19:11.640400+00:00</Data>\n<Data Name=\"BootEndTime\">2014-01-25 18:21:21.908649+00:00</Data>\n<Data Name=\"SystemBootInstance\">9</Data>\n<Data Name=\"UserBootInstance\">4</Data>\n<Data Name=\"BootTime\">43727</Data>\n<Data Name=\"MainPathBootTime\">28927</Data>\n<Data Name=\"BootKernelInitTime\">26</Data>\n<Data Name=\"BootDriverInitTime\">431</Data>\n<Data Name=\"BootDevicesInitTime\">2565</Data>\n<Data Name=\"BootPrefetchInitTime\">55100</Data>\n<Data Name=\"BootPrefetchBytes\">219406336</Data>\n<Data Name=\"BootAutoChkTime\">0</Data>\n<Data Name=\"BootSmssInitTime\">11858</Data>\n<Data Name=\"BootCriticalServicesInitTime\">719</Data>\n<Data Name=\"BootUserProfileProcessingTime\">2300</Data>\n<Data Name=\"BootMachineProfileProcessingTime\">820</Data>\n<Data Name=\"BootExplorerInitTime\">1401</Data>\n<Data Name=\"BootNumStartupApps\">1</Data>\n<Data Name=\"BootPostBootTime\">14800</Data>\n<Data Name=\"BootIsRebootAfterInstall\">False</Data>\n<Data Name=\"BootRootCauseStepImprovementBits\">13</Data>\n<Data Name=\"BootRootCauseGradualImprovementBits\">261</Data>\n<Data Name=\"BootRootCauseStepDegradationBits\">128</Data>\n<Data Name=\"BootRootCauseGradualDegradationBits\">0</Data>\n<Data Name=\"BootIsDegradation\">False</Data>\n<Data Name=\"BootIsStepDegradation\">False</Data>\n<Data Name=\"BootIsGradualDegradation\">False</Data>\n<Data Name=\"BootImprovementDelta\">46661</Data>\n<Data Name=\"BootDegradationDelta\">0</Data>\n<Data Name=\"BootIsRootCauseIdentified\">True</Data>\n<Data Name=\"OSLoaderDuration\">2919</Data>\n<Data Name=\"BootPNPInitStartTimeMS\">26</Data>\n<Data Name=\"BootPNPInitDuration\">2602</Data>\n<Data Name=\"OtherKernelInitDuration\">1870</Data>\n<Data Name=\"SystemPNPInitStartTimeMS\">4445</Data>\n<Data Name=\"SystemPNPInitDuration\">394</Data>\n<Data Name=\"SessionInitStartTimeMS\">4866</Data>\n<Data Name=\"Session0InitDuration\">2979</Data>\n<Data Name=\"Session1InitDuration\">646</Data>\n<Data Name=\"SessionInitOtherDuration\">8231</Data>\n<Data Name=\"WinLogonStartTimeMS\">16725</Data>\n<Data Name=\"OtherLogonInitActivityDuration\">7680</Data>\n<Data Name=\"UserLogonWaitDuration\">12551</Data>\n</EventData>\n</Event>\n"
  },
  {
    "EventID": 100,
    "Timestamp": "2014-01-29 12:32:32.291544+00:00",
    "Computer": "IACIS-HDD-2014",
    "Channel": "Microsoft-Windows-Diagnostics-Performance/Operational",
    "Level": "Error",
    "EventData": {
      "BootTsVersion": "2",
      "BootStartTime": "2014-01-29 12:27:32.702799+00:00",
      "BootEndTime": "2014-01-29 12:32:26.550732+00:00",
      "SystemBootInstance": "10",
      "UserBootInstance": "1",
      "BootTime": "64497",
      "MainPathBootTime": "26697",
      "BootKernelInitTime": "25",
      "BootDriverInitTime": "676",
      "BootDevicesInitTime": "2480",
      "BootPrefetchInitTime": "0",
      "BootPrefetchBytes": "0",
      "BootAutoChkTime": "0",
      "BootSmssInitTime": "7544",
      "BootCriticalServicesInitTime": "13134",
      "BootUserProfileProcessingTime": "1099",
      "BootMachineProfileProcessingTime": "20",
      "BootExplorerInitTime": "4303",
      "BootNumStartupApps": "1",
      "BootPostBootTime": "37800",
      "BootIsRebootAfterInstall": "False",
      "BootRootCauseStepImprovementBits": "0",
      "BootRootCauseGradualImprovementBits": "0",
      "BootRootCauseStepDegradationBits": "0",
      "BootRootCauseGradualDegradationBits": "0",
      "BootIsDegradation": "False",
      "BootIsStepDegradation": "False",
      "BootIsGradualDegradation": "False",
      "BootImprovementDelta": "0",
      "BootDegradationDelta": "0",
      "BootIsRootCauseIdentified": "False",
      "OSLoaderDuration": "2953",
      "BootPNPInitStartTimeMS": "25",
      "BootPNPInitDuration": "2516",
      "OtherKernelInitDuration": "1732",
      "SystemPNPInitStartTimeMS": "4235",
      "SystemPNPInitDuration": "641",
      "SessionInitStartTimeMS": "4890",
      "Session0InitDuration": "3345",
      "Session1InitDuration": "124",
      "SessionInitOtherDuration": "4074",
      "WinLogonStartTimeMS": "12434",
      "OtherLogonInitActivityDuration": "8840",
      "UserLogonWaitDuration": "175034"
    },
    "RawXml": "<Event xmlns=\"http://schemas.microsoft.com/win/2004/08/events/event\"><System><Provider Name=\"Microsoft-Windows-Diagnostics-Performance\" Guid=\"{cfc18ec0-96b1-4eba-961b-622caee05b0a}\"></Provider>\n<EventID Qualifiers=\"\">100</EventID>\n<Version>2</Version>\n<Level>2</Level>\n<Task>4002</Task>\n<Opcode>34</Opcode>\n<Keywords>0x8000000000010000</Keywords>\n<TimeCreated SystemTime=\"2014-01-29 12:32:32.291544+00:00\"></TimeCreated>\n<EventRecordID>26</EventRecordID>\n<Correlation ActivityID=\"{02af7c48-f800-0001-270f-cf7bed1ccf01}\" RelatedActivityID=\"\"></Correlation>\n<Execution ProcessID=\"1264\" ThreadID=\"2112\"></Execution>\n<Channel>Microsoft-Windows-Diagnostics-Performance/Operational</Channel>\n<Computer>IACIS-HDD-2014</Computer>\n<Security UserID=\"S-1-5-19\"></Security>\n</System>\n<EventData><Data Name=\"BootTsVersion\">2</Data>\n<Data Name=\"BootStartTime\">2014-01-29 12:27:32.702799+00:00</Data>\n<Data Name=\"BootEndTime\">2014-01-29 12:32:26.550732+00:00</Data>\n<Data Name=\"SystemBootInstance\">10</Data>\n<Data Name=\"UserBootInstance\">1</Data>\n<Data Name=\"BootTime\">64497</Data>\n<Data Name=\"MainPathBootTime\">26697</Data>\n<Data Name=\"BootKernelInitTime\">25</Data>\n<Data Name=\"BootDriverInitTime\">676</Data>\n<Data Name=\"BootDevicesInitTime\">2480</Data>\n<Data Name=\"BootPrefetchInitTime\">0</Data>\n<Data Name=\"BootPrefetchBytes\">0</Data>\n<Data Name=\"BootAutoChkTime\">0</Data>\n<Data Name=\"BootSmssInitTime\">7544</Data>\n<Data Name=\"BootCriticalServicesInitTime\">13134</Data>\n<Data Name=\"BootUserProfileProcessingTime\">1099</Data>\n<Data Name=\"BootMachineProfileProcessingTime\">20</Data>\n<Data Name=\"BootExplorerInitTime\">4303</Data>\n<Data Name=\"BootNumStartupApps\">1</Data>\n<Data Name=\"BootPostBootTime\">37800</Data>\n<Data Name=\"BootIsRebootAfterInstall\">False</Data>\n<Data Name=\"BootRootCauseStepImprovementBits\">0</Data>\n<Data Name=\"BootRootCauseGradualImprovementBits\">0</Data>\n<Data Name=\"BootRootCauseStepDegradationBits\">0</Data>\n<Data Name=\"BootRootCauseGradualDegradationBits\">0</Data>\n<Data Name=\"BootIsDegradation\">False</Data>\n<Data Name=\"BootIsStepDegradation\">False</Data>\n<Data Name=\"BootIsGradualDegradation\">False</Data>\n<Data Name=\"BootImprovementDelta\">0</Data>\n<Data Name=\"BootDegradationDelta\">0</Data>\n<Data Name=\"BootIsRootCauseIdentified\">False</Data>\n<Data Name=\"OSLoaderDuration\">2953</Data>\n<Data Name=\"BootPNPInitStartTimeMS\">25</Data>\n<Data Name=\"BootPNPInitDuration\">2516</Data>\n<Data Name=\"OtherKernelInitDuration\">1732</Data>\n<Data Name=\"SystemPNPInitStartTimeMS\">4235</Data>\n<Data Name=\"SystemPNPInitDuration\">641</Data>\n<Data Name=\"SessionInitStartTimeMS\">4890</Data>\n<Data Name=\"Session0InitDuration\">3345</Data>\n<Data Name=\"Session1InitDuration\">124</Data>\n<Data Name=\"SessionInitOtherDuration\">4074</Data>\n<Data Name=\"WinLogonStartTimeMS\">12434</Data>\n<Data Name=\"OtherLogonInitActivityDuration\">8840</Data>\n<Data Name=\"UserLogonWaitDuration\">175034</Data>\n</EventData>\n</Event>\n"
  },
  {
    "EventID": 103,
    "Timestamp": "2014-01-29 12:32:32.291544+00:00",
    "Computer": "IACIS-HDD-2014",
    "Channel": "Microsoft-Windows-Diagnostics-Performance/Operational",
    "Level": "Warning",
    "EventData": {
      "StartTime": "2014-01-29 12:27:32.702799+00:00",
      "NameLength": "11",
      "Name": "cscservice",
      "FriendlyNameLength": "16",
      "FriendlyName": "CSC Service DLL",
      "VersionLength": "38",
      "Version": "6.1.7600.16385 (win7_rtm.090713-1255)",
      "TotalTime": "3155",
      "DegradationTime": "1155",
      "PathLength": "31",
      "Path": "C:\\Windows\\System32\\cscsvc.dll",
      "ProductNameLength": "37",
      "ProductName": "Microsoft® Windows® Operating System",
      "CompanyNameLength": "22",
      "CompanyName": "Microsoft Corporation"
    },
    "RawXml": "<Event xmlns=\"http://schemas.microsoft.com/win/2004/08/events/event\"><System><Provider Name=\"Microsoft-Windows-Diagnostics-Performance\" Guid=\"{cfc18ec0-96b1-4eba-961b-622caee05b0a}\"></Provider>\n<EventID Qualifiers=\"\">103</EventID>\n<Version>1</Version>\n<Level>3</Level>\n<Task>4002</Task>\n<Opcode>33</Opcode>\n<Keywords>0x8000000000010000</Keywords>\n<TimeCreated SystemTime=\"2014-01-29 12:32:32.291544+00:00\"></TimeCreated>\n<EventRecordID>27</EventRecordID>\n<Correlation ActivityID=\"{02af7c48-f800-0001-270f-cf7bed1ccf01}\" RelatedActivityID=\"\"></Correlation>\n<Execution ProcessID=\"1264\" ThreadID=\"2112\"></Execution>\n<Channel>Microsoft-Windows-Diagnostics-Performance/Operational</Channel>\n<Computer>IACIS-HDD-2014</Computer>\n<Security UserID=\"S-1-5-19\"></Security>\n</System>\n<EventData><Data Name=\"StartTime\">2014-01-29 12:27:32.702799+00:00</Data>\n<Data Name=\"NameLength\">11</Data>\n<Data Name=\"Name\">cscservice</Data>\n<Data Name=\"FriendlyNameLength\">16</Data>\n<Data Name=\"FriendlyName\">CSC Service DLL</Data>\n<Data Name=\"VersionLength\">38</Data>\n<Data Name=\"Version\">6.1.7600.16385 (win7_rtm.090713-1255)</Data>\n<Data Name=\"TotalTime\">3155</Data>\n<Data Name=\"DegradationTime\">1155</Data>\n<Data Name=\"PathLength\">31</Data>\n<Data Name=\"Path\">C:\\Windows\\System32\\cscsvc.dll</Data>\n<Data Name=\"ProductNameLength\">37</Data>\n<Data Name=\"ProductName\">Microsoft&#174; Windows&#174; Operating System</Data>\n<Data Name=\"CompanyNameLength\">22</Data>\n<Data Name=\"CompanyName\">Microsoft Corporation</Data>\n</EventData>\n</Event>\n"
  },
  {
    "EventID": 100,
    "Timestamp": "2014-02-03 12:04:54.366890+00:00",
    "Computer": "IACIS-HDD-2014",
    "Channel": "Microsoft-Windows-Diagnostics-Performance/Operational",
    "Level": "Error",
    "EventData": {
      "BootTsVersion": "2",
      "BootStartTime": "2014-02-03 12:01:39.702799+00:00",
      "BootEndTime": "2014-02-03 12:04:50.892578+00:00",
      "SystemBootInstance": "11",
      "UserBootInstance": "5",
      "BootTime": "75235",
      "MainPathBootTime": "33835",
      "BootKernelInitTime": "25",
      "BootDriverInitTime": "523",
      "BootDevicesInitTime": "3014",
      "BootPrefetchInitTime": "26113",
      "BootPrefetchBytes": "169009152",
      "BootAutoChkTime": "0",
      "BootSmssInitTime": "6029",
      "BootCriticalServicesInitTime": "3842",
      "BootUserProfileProcessingTime": "453",
      "BootMachineProfileProcessingTime": "0",
      "BootExplorerInitTime": "2208",
      "BootNumStartupApps": "1",
      "BootPostBootTime": "41400",
      "BootIsRebootAfterInstall": "False",
      "BootRootCauseStepImprovementBits": "0",
      "BootRootCauseGradualImprovementBits": "0",
      "BootRootCauseStepDegradationBits": "9437184",
      "BootRootCauseGradualDegradationBits": "0",
      "BootIsDegradation": "True",
      "BootIsStepDegradation": "True",
      "BootIsGradualDegradation": "False",
      "BootImprovementDelta": "0",
      "BootDegradationDelta": "17062",
      "BootIsRootCauseIdentified": "True",
      "OSLoaderDuration": "2874",
      "BootPNPInitStartTimeMS": "25",
      "BootPNPInitDuration": "3050",
      "OtherKernelInitDuration": "984",
      "SystemPNPInitStartTimeMS": "4005",
      "SystemPNPInitDuration": "487",
      "SessionInitStartTimeMS": "4523",
      "Session0InitDuration": "1905",
      "Session1InitDuration": "136",
      "SessionInitOtherDuration": "3987",
      "WinLogonStartTimeMS": "10552",
      "OtherLogonInitActivityDuration": "20620",
      "UserLogonWaitDuration": "67700"
    },
    "RawXml": "<Event xmlns=\"http://schemas.microsoft.com/win/2004/08/events/event\"><System><Provider Name=\"Microsoft-Windows-Diagnostics-Performance\" Guid=\"{cfc18ec0-96b1-4eba-961b-622caee05b0a}\"></Provider>\n<EventID Qualifiers=\"\">100</EventID>\n<Version>2</Version>\n<Level>2</Level>\n<Task>4002</Task>\n<Opcode>34</Opcode>\n<Keywords>0x8000000000010000</Keywords>\n<TimeCreated SystemTime=\"2014-02-03 12:04:54.366890+00:00\"></TimeCreated>\n<EventRecordID>28</EventRecordID>\n<Correlation ActivityID=\"{02b04c40-f800-0000-b1d0-36b2d720cf01}\" RelatedActivityID=\"\"></Correlation>\n<Execution ProcessID=\"1336\" ThreadID=\"1736\"></Execution>\n<Channel>Microsoft-Windows-Diagnostics-Performance/Operational</Channel>\n<Computer>IACIS-HDD-2014</Computer>\n<Security UserID=\"S-1-5-19\"></Security>\n</System>\n<EventData><Data Name=\"BootTsVersion\">2</Data>\n<Data Name=\"BootStartTime\">2014-02-03 12:01:39.702799+00:00</Data>\n<Data Name=\"BootEndTime\">2014-02-03 12:04:50.892578+00:00</Data>\n<Data Name=\"SystemBootInstance\">11</Data>\n<Data Name=\"UserBootInstance\">5</Data>\n<Data Name=\"BootTime\">75235</Data>\n<Data Name=\"MainPathBootTime\">33835</Data>\n<Data Name=\"BootKernelInitTime\">25</Data>\n<Data Name=\"BootDriverInitTime\">523</Data>\n<Data Name=\"BootDevicesInitTime\">3014</Data>\n<Data Name=\"BootPrefetchInitTime\">26113</Data>\n<Data Name=\"BootPrefetchBytes\">169009152</Data>\n<Data Name=\"BootAutoChkTime\">0</Data>\n<Data Name=\"BootSmssInitTime\">6029</Data>\n<Data Name=\"BootCriticalServicesInitTime\">3842</Data>\n<Data Name=\"BootUserProfileProcessingTime\">453</Data>\n<Data Name=\"BootMachineProfileProcessingTime\">0</Data>\n<Data Name=\"BootExplorerInitTime\">2208</Data>\n<Data Name=\"BootNumStartupApps\">1</Data>\n<Data Name=\"BootPostBootTime\">41400</Data>\n<Data Name=\"BootIsRebootAfterInstall\">False</Data>\n<Data Name=\"BootRootCauseStepImprovementBits\">0</Data>\n<Data Name=\"BootRootCauseGradualImprovementBits\">0</Data>\n<Data Name=\"BootRootCauseStepDegradationBits\">9437184</Data>\n<Data Name=\"BootRootCauseGradualDegradationBits\">0</Data>\n<Data Name=\"BootIsDegradation\">True</Data>\n<Data Name=\"BootIsStepDegradation\">True</Data>\n<Data Name=\"BootIsGradualDegradation\">False</Data>\n<Data Name=\"BootImprovementDelta\">0</Data>\n<Data Name=\"BootDegradationDelta\">17062</Data>\n<Data Name=\"BootIsRootCauseIdentified\">True</Data>\n<Data Name=\"OSLoaderDuration\">2874</Data>\n<Data Name=\"BootPNPInitStartTimeMS\">25</Data>\n<Data Name=\"BootPNPInitDuration\">3050</Data>\n<Data Name=\"OtherKernelInitDuration\">984</Data>\n<Data Name=\"SystemPNPInitStartTimeMS\">4005</Data>\n<Data Name=\"SystemPNPInitDuration\">487</Data>\n<Data Name=\"SessionInitStartTimeMS\">4523</Data>\n<Data Name=\"Session0InitDuration\">1905</Data>\n<Data Name=\"Session1InitDuration\">136</Data>\n<Data Name=\"SessionInitOtherDuration\">3987</Data>\n<Data Name=\"WinLogonStartTimeMS\">10552</Data>\n<Data Name=\"OtherLogonInitActivityDuration\">20620</Data>\n<Data Name=\"UserLogonWaitDuration\">67700</Data>\n</EventData>\n</Event>\n"
  },
  {
    "EventID": 101,
    "Timestamp": "2014-02-03 12:04:54.366890+00:00",
    "Computer": "IACIS-HDD-2014",
    "Channel": "Microsoft-Windows-Diagnostics-Performance/Operational",
    "Level": "Warning",
    "EventData": {
      "StartTime": "2014-02-03 12:01:39.702799+00:00",
      "NameLength": "13",
      "Name": "iexplore.exe",
      "FriendlyNameLength": "18",
      "FriendlyName": "Internet Explorer",
      "VersionLength": "43",
      "Version": "11.00.9600.16428 (winblue_gdr.131013-1700)",
      "TotalTime": "11530",
      "DegradationTime": "6530",
      "PathLength": "54",
      "Path": "C:\\Program Files (x86)\\Internet Explorer\\iexplore.exe",
      "ProductNameLength": "18",
      "ProductName": "Internet Explorer",
      "CompanyNameLength": "22",
      "CompanyName": "Microsoft Corporation"
    },
    "RawXml": "<Event xmlns=\"http://schemas.microsoft.com/win/2004/08/events/event\"><System><Provider Name=\"Microsoft-Windows-Diagnostics-Performance\" Guid=\"{cfc18ec0-96b1-4eba-961b-622caee05b0a}\"></Provider>\n<EventID Qualifiers=\"\">101</EventID>\n<Version>1</Version>\n<Level>3</Level>\n<Task>4002</Task>\n<Opcode>33</Opcode>\n<Keywords>0x8000000000010000</Keywords>\n<TimeCreated SystemTime=\"2014-02-03 12:04:54.366890+00:00\"></TimeCreated>\n<EventRecordID>29</EventRecordID>\n<Correlation ActivityID=\"{02b04c40-f800-0000-b1d0-36b2d720cf01}\" RelatedActivityID=\"\"></Correlation>\n<Execution ProcessID=\"1336\" ThreadID=\"1736\"></Execution>\n<Channel>Microsoft-Windows-Diagnostics-Performance/Operational</Channel>\n<Computer>IACIS-HDD-2014</Computer>\n<Security UserID=\"S-1-5-19\"></Security>\n</System>\n<EventData><Data Name=\"StartTime\">2014-02-03 12:01:39.702799+00:00</Data>\n<Data Name=\"NameLength\">13</Data>\n<Data Name=\"Name\">iexplore.exe</Data>\n<Data Name=\"FriendlyNameLength\">18</Data>\n<Data Name=\"FriendlyName\">Internet Explorer</Data>\n<Data Name=\"VersionLength\">43</Data>\n<Data Name=\"Version\">11.00.9600.16428 (winblue_gdr.131013-1700)</Data>\n<Data Name=\"TotalTime\">11530</Data>\n<Data Name=\"DegradationTime\">6530</Data>\n<Data Name=\"PathLength\">54</Data>\n<Data Name=\"Path\">C:\\Program Files (x86)\\Internet Explorer\\iexplore.exe</Data>\n<Data Name=\"ProductNameLength\">18</Data>\n<Data Name=\"ProductName\">Internet Explorer</Data>\n<Data Name=\"CompanyNameLength\">22</Data>\n<Data Name=\"CompanyName\">Microsoft Corporation</Data>\n</EventData>\n</Event>\n"
  },
  {
    "EventID": 100,
    "Timestamp": "2014-02-04 14:17:17.931883+00:00",
    "Computer": "IACIS-HDD-2014",
    "Channel": "Microsoft-Windows-Diagnostics-Performance/Operational",
    "Level": "Error",
    "EventData": {
      "BootTsVersion": "2",
      "BootStartTime": "2014-02-04 14:11:05.656000+00:00",
      "BootEndTime": "2014-02-04 14:15:58.605743+00:00",
      "SystemBootInstance": "12",
      "UserBootInstance": "2",
      "BootTime": "93582",
      "MainPathBootTime": "37282",
      "BootKernelInitTime": "25",
      "BootDriverInitTime": "19878",
      "BootDevicesInitTime": "2577",
      "BootPrefetchInitTime": "25868",
      "BootPrefetchBytes": "161853440",
      "BootAutoChkTime": "0",
      "BootSmssInitTime": "4304",
      "BootCriticalServicesInitTime": "600",
      "BootUserProfileProcessingTime": "536",
      "BootMachineProfileProcessingTime": "2562",
      "BootExplorerInitTime": "3018",
      "BootNumStartupApps": "2",
      "BootPostBootTime": "56300",
      "BootIsRebootAfterInstall": "False",
      "BootRootCauseStepImprovementBits": "256",
      "BootRootCauseGradualImprovementBits": "0",
      "BootRootCauseStepDegradationBits": "13631488",
      "BootRootCauseGradualDegradationBits": "13631488",
      "BootIsDegradation": "True",
      "BootIsStepDegradation": "True",
      "BootIsGradualDegradation": "True",
      "BootImprovementDelta": "0",
      "BootDegradationDelta": "32854",
      "BootIsRootCauseIdentified": "True",
      "OSLoaderDuration": "2852",
      "BootPNPInitStartTimeMS": "25",
      "BootPNPInitDuration": "2614",
      "OtherKernelInitDuration": "1635",
      "SystemPNPInitStartTimeMS": "4235",
      "SystemPNPInitDuration": "19842",
      "SessionInitStartTimeMS": "24091",
      "Session0InitDuration": "1508",
      "Session1InitDuration": "218",
      "SessionInitOtherDuration": "2577",
      "WinLogonStartTimeMS": "28396",
      "OtherLogonInitActivityDuration": "2768",
      "UserLogonWaitDuration": "160866"
    },
    "RawXml": "<Event xmlns=\"http://schemas.microsoft.com/win/2004/08/events/event\"><System><Provider Name=\"Microsoft-Windows-Diagnostics-Performance\" Guid=\"{cfc18ec0-96b1-4eba-961b-622caee05b0a}\"></Provider>\n<EventID Qualifiers=\"\">100</EventID>\n<Version>2</Version>\n<Level>2</Level>\n<Task>4002</Task>\n<Opcode>34</Opcode>\n<Keywords>0x8000000000010000</Keywords>\n<TimeCreated SystemTime=\"2014-02-04 14:17:17.931883+00:00\"></TimeCreated>\n<EventRecordID>30</EventRecordID>\n<Correlation ActivityID=\"{02b13c40-f800-0000-8dfb-7ef1b221cf01}\" RelatedActivityID=\"\"></Correlation>\n<Execution ProcessID=\"1340\" ThreadID=\"1812\"></Execution>\n<Channel>Microsoft-Windows-Diagnostics-Performance/Operational</Channel>\n<Computer>IACIS-HDD-2014</Computer>\n<Security UserID=\"S-1-5-19\"></Security>\n</System>\n<EventData><Data Name=\"BootTsVersion\">2</Data>\n<Data Name=\"BootStartTime\">2014-02-04 14:11:05.656000+00:00</Data>\n<Data Name=\"BootEndTime\">2014-02-04 14:15:58.605743+00:00</Data>\n<Data Name=\"SystemBootInstance\">12</Data>\n<Data Name=\"UserBootInstance\">2</Data>\n<Data Name=\"BootTime\">93582</Data>\n<Data Name=\"MainPathBootTime\">37282</Data>\n<Data Name=\"BootKernelInitTime\">25</Data>\n<Data Name=\"BootDriverInitTime\">19878</Data>\n<Data Name=\"BootDevicesInitTime\">2577</Data>\n<Data Name=\"BootPrefetchInitTime\">25868</Data>\n<Data Name=\"BootPrefetchBytes\">161853440</Data>\n<Data Name=\"BootAutoChkTime\">0</Data>\n<Data Name=\"BootSmssInitTime\">4304</Data>\n<Data Name=\"BootCriticalServicesInitTime\">600</Data>\n<Data Name=\"BootUserProfileProcessingTime\">536</Data>\n<Data Name=\"BootMachineProfileProcessingTime\">2562</Data>\n<Data Name=\"BootExplorerInitTime\">3018</Data>\n<Data Name=\"BootNumStartupApps\">2</Data>\n<Data Name=\"BootPostBootTime\">56300</Data>\n<Data Name=\"BootIsRebootAfterInstall\">False</Data>\n<Data Name=\"BootRootCauseStepImprovementBits\">256</Data>\n<Data Name=\"BootRootCauseGradualImprovementBits\">0</Data>\n<Data Name=\"BootRootCauseStepDegradationBits\">13631488</Data>\n<Data Name=\"BootRootCauseGradualDegradationBits\">13631488</Data>\n<Data Name=\"BootIsDegradation\">True</Data>\n<Data Name=\"BootIsStepDegradation\">True</Data>\n<Data Name=\"BootIsGradualDegradation\">True</Data>\n<Data Name=\"BootImprovementDelta\">0</Data>\n<Data Name=\"BootDegradationDelta\">32854</Data>\n<Data Name=\"BootIsRootCauseIdentified\">True</Data>\n<Data Name=\"OSLoaderDuration\">2852</Data>\n<Data Name=\"BootPNPInitStartTimeMS\">25</Data>\n<Data Name=\"BootPNPInitDuration\">2614</Data>\n<Data Name=\"OtherKernelInitDuration\">1635</Data>\n<Data Name=\"SystemPNPInitStartTimeMS\">4235</Data>\n<Data Name=\"SystemPNPInitDuration\">19842</Data>\n<Data Name=\"SessionInitStartTimeMS\">24091</Data>\n<Data Name=\"Session0InitDuration\">1508</Data>\n<Data Name=\"Session1InitDuration\">218</Data>\n<Data Name=\"SessionInitOtherDuration\">2577</Data>\n<Data Name=\"WinLogonStartTimeMS\">28396</Data>\n<Data Name=\"OtherLogonInitActivityDuration\">2768</Data>\n<Data Name=\"UserLogonWaitDuration\">160866</Data>\n</EventData>\n</Event>\n"
  },
  {
    "EventID": 101,
    "Timestamp": "2014-02-04 14:17:17.963083+00:00",
    "Computer": "IACIS-HDD-2014",
    "Channel": "Microsoft-Windows-Diagnostics-Performance/Operational",
    "Level": "Error",
    "EventData": {
      "StartTime": "2014-02-04 14:11:05.656000+00:00",
      "NameLength": "12",
      "Name": "svchost.exe",
      "FriendlyNameLength": "34",
      "FriendlyName": "Host Process for Windows Services",
      "VersionLength": "38",
      "Version": "6.1.7600.16385 (win7_rtm.090713-1255)",
      "TotalTime": "22262",
      "DegradationTime": "17262",
      "PathLength": "32",
      "Path": "C:\\Windows\\System32\\svchost.exe",
      "ProductNameLength": "37",
      "ProductName": "Microsoft® Windows® Operating System",
      "CompanyNameLength": "22",
      "CompanyName": "Microsoft Corporation"
    },
    "RawXml": "<Event xmlns=\"http://schemas.microsoft.com/win/2004/08/events/event\"><System><Provider Name=\"Microsoft-Windows-Diagnostics-Performance\" Guid=\"{cfc18ec0-96b1-4eba-961b-622caee05b0a}\"></Provider>\n<EventID Qualifiers=\"\">101</EventID>\n<Version>1</Version>\n<Level>2</Level>\n<Task>4002</Task>\n<Opcode>33</Opcode>\n<Keywords>0x8000000000010000</Keywords>\n<TimeCreated SystemTime=\"2014-02-04 14:17:17.963083+00:00\"></TimeCreated>\n<EventRecordID>31</EventRecordID>\n<Correlation ActivityID=\"{02b13c40-f800-0000-8dfb-7ef1b221cf01}\" RelatedActivityID=\"\"></Correlation>\n<Execution ProcessID=\"1340\" ThreadID=\"1812\"></Execution>\n<Channel>Microsoft-Windows-Diagnostics-Performance/Operational</Channel>\n<Computer>IACIS-HDD-2014</Computer>\n<Security UserID=\"S-1-5-19\"></Security>\n</System>\n<EventData><Data Name=\"StartTime\">2014-02-04 14:11:05.656000+00:00</Data>\n<Data Name=\"NameLength\">12</Data>\n<Data Name=\"Name\">svchost.exe</Data>\n<Data Name=\"FriendlyNameLength\">34</Data>\n<Data Name=\"FriendlyName\">Host Process for Windows Services</Data>\n<Data Name=\"VersionLength\">38</Data>\n<Data Name=\"Version\">6.1.7600.16385 (win7_rtm.090713-1255)</Data>\n<Data Name=\"TotalTime\">22262</Data>\n<Data Name=\"DegradationTime\">17262</Data>\n<Data Name=\"PathLength\">32</Data>\n<Data Name=\"Path\">C:\\Windows\\System32\\svchost.exe</Data>\n<Data Name=\"ProductNameLength\">37</Data>\n<Data Name=\"ProductName\">Microsoft&#174; Windows&#174; Operating System</Data>\n<Data Name=\"CompanyNameLength\">22</Data>\n<Data Name=\"CompanyName\">Microsoft Corporation</Data>\n</EventData>\n</Event>\n"
  },
  {
    "EventID": 100,
    "Timestamp": "2014-02-05 13:38:56.463327+00:00",
    "Computer": "IACIS-HDD-2014",
    "Channel": "Microsoft-Windows-Diagnostics-Performance/Operational",
    "Level": "Critical",
    "EventData": {
      "BootTsVersion": "2",
      "BootStartTime": "2014-02-05 13:30:11.687199+00:00",
      "BootEndTime": "2014-02-05 13:38:51.050117+00:00",
      "SystemBootInstance": "13",
      "UserBootInstance": "3",
      "BootTime": "106111",
      "MainPathBootTime": "42711",
      "BootKernelInitTime": "25",
      "BootDriverInitTime": "486",
      "BootDevicesInitTime": "2477",
      "BootPrefetchInitTime": "21521",
      "BootPrefetchBytes": "142331904",
      "BootAutoChkTime": "0",
      "BootSmssInitTime": "5199",
      "BootCriticalServicesInitTime": "654",
      "BootUserProfileProcessingTime": "8244",
      "BootMachineProfileProcessingTime": "1008",
      "BootExplorerInitTime": "12057",
      "BootNumStartupApps": "2",
      "BootPostBootTime": "63400",
      "BootIsRebootAfterInstall": "False",
      "BootRootCauseStepImprovementBits": "16448",
      "BootRootCauseGradualImprovementBits": "256",
      "BootRootCauseStepDegradationBits": "15728640",
      "BootRootCauseGradualDegradationBits": "15728640",
      "BootIsDegradation": "True",
      "BootIsStepDegradation": "True",
      "BootIsGradualDegradation": "True",
      "BootImprovementDelta": "0",
      "BootDegradationDelta": "56701",
      "BootIsRootCauseIdentified": "True",
      "OSLoaderDuration": "2930",
      "BootPNPInitStartTimeMS": "25",
      "BootPNPInitDuration": "2513",
      "OtherKernelInitDuration": "2285",
      "SystemPNPInitStartTimeMS": "4779",
      "SystemPNPInitDuration": "451",
      "SessionInitStartTimeMS": "5249",
      "Session0InitDuration": "1228",
      "Session1InitDuration": "133",
      "SessionInitOtherDuration": "3837",
      "WinLogonStartTimeMS": "10448",
      "OtherLogonInitActivityDuration": "10952",
      "UserLogonWaitDuration": "397336"
    },
    "RawXml": "<Event xmlns=\"http://schemas.microsoft.com/win/2004/08/events/event\"><System><Provider Name=\"Microsoft-Windows-Diagnostics-Performance\" Guid=\"{cfc18ec0-96b1-4eba-961b-622caee05b0a}\"></Provider>\n<EventID Qualifiers=\"\">100</EventID>\n<Version>2</Version>\n<Level>1</Level>\n<Task>4002</Task>\n<Opcode>34</Opcode>\n<Keywords>0x8000000000010000</Keywords>\n<TimeCreated SystemTime=\"2014-02-05 13:38:56.463327+00:00\"></TimeCreated>\n<EventRecordID>32</EventRecordID>\n<Correlation ActivityID=\"{02afbc48-f800-0001-4ccf-3a657622cf01}\" RelatedActivityID=\"\"></Correlation>\n<Execution ProcessID=\"1284\" ThreadID=\"2476\"></Execution>\n<Channel>Microsoft-Windows-Diagnostics-Performance/Operational</Channel>\n<Computer>IACIS-HDD-2014</Computer>\n<Security UserID=\"S-1-5-19\"></Security>\n</System>\n<EventData><Data Name=\"BootTsVersion\">2</Data>\n<Data Name=\"BootStartTime\">2014-02-05 13:30:11.687199+00:00</Data>\n<Data Name=\"BootEndTime\">2014-02-05 13:38:51.050117+00:00</Data>\n<Data Name=\"SystemBootInstance\">13</Data>\n<Data Name=\"UserBootInstance\">3</Data>\n<Data Name=\"BootTime\">106111</Data>\n<Data Name=\"MainPathBootTime\">42711</Data>\n<Data Name=\"BootKernelInitTime\">25</Data>\n<Data Name=\"BootDriverInitTime\">486</Data>\n<Data Name=\"BootDevicesInitTime\">2477</Data>\n<Data Name=\"BootPrefetchInitTime\">21521</Data>\n<Data Name=\"BootPrefetchBytes\">142331904</Data>\n<Data Name=\"BootAutoChkTime\">0</Data>\n<Data Name=\"BootSmssInitTime\">5199</Data>\n<Data Name=\"BootCriticalServicesInitTime\">654</Data>\n<Data Name=\"BootUserProfileProcessingTime\">8244</Data>\n<Data Name=\"BootMachineProfileProcessingTime\">1008</Data>\n<Data Name=\"BootExplorerInitTime\">12057</Data>\n<Data Name=\"BootNumStartupApps\">2</Data>\n<Data Name=\"BootPostBootTime\">63400</Data>\n<Data Name=\"BootIsRebootAfterInstall\">False</Data>\n<Data Name=\"BootRootCauseStepImprovementBits\">16448</Data>\n<Data Name=\"BootRootCauseGradualImprovementBits\">256</Data>\n<Data Name=\"BootRootCauseStepDegradationBits\">15728640</Data>\n<Data Name=\"BootRootCauseGradualDegradationBits\">15728640</Data>\n<Data Name=\"BootIsDegradation\">True</Data>\n<Data Name=\"BootIsStepDegradation\">True</Data>\n<Data Name=\"BootIsGradualDegradation\">True</Data>\n<Data Name=\"BootImprovementDelta\">0</Data>\n<Data Name=\"BootDegradationDelta\">56701</Data>\n<Data Name=\"BootIsRootCauseIdentified\">True</Data>\n<Data Name=\"OSLoaderDuration\">2930</Data>\n<Data Name=\"BootPNPInitStartTimeMS\">25</Data>\n<Data Name=\"BootPNPInitDuration\">2513</Data>\n<Data Name=\"OtherKernelInitDuration\">2285</Data>\n<Data Name=\"SystemPNPInitStartTimeMS\">4779</Data>\n<Data Name=\"SystemPNPInitDuration\">451</Data>\n<Data Name=\"SessionInitStartTimeMS\">5249</Data>\n<Data Name=\"Session0InitDuration\">1228</Data>\n<Data Name=\"Session1InitDuration\">133</Data>\n<Data Name=\"SessionInitOtherDuration\">3837</Data>\n<Data Name=\"WinLogonStartTimeMS\">10448</Data>\n<Data Name=\"OtherLogonInitActivityDuration\">10952</Data>\n<Data Name=\"UserLogonWaitDuration\">397336</Data>\n</EventData>\n</Event>\n"
  },
