  {
    "EventID": 5320,
    "Timestamp": "2014-02-07 15:10:38.785234+00:00",
    "Computer": "IACIS-HDD-2014",
    "Channel": "Microsoft-Windows-GroupPolicy/Operational",
    "Level": "Information",
    "EventData": {
      "InfoDescription": "%%4161"
    },
    "RawXml": "<Event xmlns=\"http://schemas.microsoft.com/win/2004/08/events/event\"><System><Provider Name=\"Microsoft-Windows-GroupPolicy\" Guid=\"{aea1b4fa-97d1-45f2-a64c-4d69fffd92c9}\"></Provider>\n<EventID Qualifiers=\"\">5320</EventID>\n<Version>0</Version>\n<Level>4</Level>\n<Task>0</Task>\n<Opcode>0</Opcode>\n<Keywords>0x4000000000000000</Keywords>\n<TimeCreated SystemTime=\"2014-02-07 15:10:38.785234+00:00\"></TimeCreated>\n<EventRecordID>678</EventRecordID>\n<Correlation ActivityID=\"{082a3356-c161-45be-9e8e-5166e30526b6}\" RelatedActivityID=\"\"></Correlation>\n<Execution ProcessID=\"964\" ThreadID=\"3248\"></Execution>\n<Channel>Microsoft-Windows-GroupPolicy/Operational</Channel>\n<Computer>IACIS-HDD-2014</Computer>\n<Security UserID=\"S-1-5-18\"></Security>\n</System>\n<EventData><Data Name=\"InfoDescription\">%%4161</Data>\n</EventData>\n</Event>\n"
  },
  {
    "EventID": 5320,
    "Timestamp": "2014-02-07 15:10:38.785234+00:00",
    "Computer": "IACIS-HDD-2014",
    "Channel": "Microsoft-Windows-GroupPolicy/Operational",
    "Level": "Information",
    "EventData": {
      "InfoDescription": "%%4163"
    },
    "RawXml": "<Event xmlns=\"http://schemas.microsoft.com/win/2004/08/events/event\"><System><Provider Name=\"Microsoft-Windows-GroupPolicy\" Guid=\"{aea1b4fa-97d1-45f2-a64c-4d69fffd92c9}\"></Provider>\n<EventID Qualifiers=\"\">5320</EventID>\n<Version>0</Version>\n<Level>4</Level>\n<Task>0</Task>\n<Opcode>0</Opcode>\n<Keywords>0x4000000000000000</Keywords>\n<TimeCreated SystemTime=\"2014-02-07 15:10:38.785234+00:00\"></TimeCreated>\n<EventRecordID>679</EventRecordID>\n<Correlation ActivityID=\"{082a3356-c161-45be-9e8e-5166e30526b6}\" RelatedActivityID=\"\"></Correlation>\n<Execution ProcessID=\"964\" ThreadID=\"3248\"></Execution>\n<Channel>Microsoft-Windows-GroupPolicy/Operational</Channel>\n<Computer>IACIS-HDD-2014</Computer>\n<Security UserID=\"S-1-5-18\"></Security>\n</System>\n<EventData><Data Name=\"InfoDescription\">%%4163</Data>\n</EventData>\n</Event>\n"
  },
  {
    "EventID": 5320,
    "Timestamp": "2014-02-07 15:10:38.785234+00:00",
    "Computer": "IACIS-HDD-2014",
    "Channel": "Microsoft-Windows-GroupPolicy/Operational",
    "Level": "Information",
    "EventData": {
      "InfoDescription": "%%4165"
    },
    "RawXml": "<Event xmlns=\"http://schemas.microsoft.com/win/2004/08/events/event\"><System><Provider Name=\"Microsoft-Windows-GroupPolicy\" Guid=\"{aea1b4fa-97d1-45f2-a64c-4d69fffd92c9}\"></Provider>\n<EventID Qualifiers=\"\">5320</EventID>\n<Version>0</Version>\n<Level>4</Level>\n<Task>0</Task>\n<Opcode>0</Opcode>\n<Keywords>0x4000000000000000</Keywords>\n<TimeCreated SystemTime=\"2014-02-07 15:10:38.785234+00:00\"></TimeCreated>\n<EventRecordID>680</EventRecordID>\n<Correlation ActivityID=\"{082a3356-c161-45be-9e8e-5166e30526b6}\" RelatedActivityID=\"\"></Correlation>\n<Execution ProcessID=\"964\" ThreadID=\"3248\"></Execution>\n<Channel>Microsoft-Windows-GroupPolicy/Operational</Channel>\n<Computer>IACIS-HDD-2014</Computer>\n<Security UserID=\"S-1-5-18\"></Security>\n</System>\n<EventData><Data Name=\"InfoDescription\">%%4165</Data>\n</EventData>\n</Event>\n"
  },
  {
    "EventID": 8001,
    "Timestamp": "2014-02-07 15:10:38.785234+00:00",
    "Computer": "IACIS-HDD-2014",
    "Channel": "Microsoft-Windows-GroupPolicy/Operational",
    "Level": "Information",
    "EventData": {
      "PolicyElaspedTimeInSeconds": "0",
      "ErrorCode": "0",
      "PrincipalSamName": "IACIS-HDD-2014\\Sgt. Joe T. Nameless",
      "IsMachine": "0",
      "IsConnectivityFailure": "False"
    },
    "RawXml": "<Event xmlns=\"http://schemas.microsoft.com/win/2004/08/events/event\"><System><Provider Name=\"Microsoft-Windows-GroupPolicy\" Guid=\"{aea1b4fa-97d1-45f2-a64c-4d69fffd92c9}\"></Provider>\n<EventID Qualifiers=\"\">8001</EventID>\n<Version>1</Version>\n<Level>4</Level>\n<Task>0</Task>\n<Opcode>2</Opcode>\n<Keywords>0x4000000000000000</Keywords>\n<TimeCreated SystemTime=\"2014-02-07 15:10:38.785234+00:00\"></TimeCreated>\n<EventRecordID>681</EventRecordID>\n<Correlation ActivityID=\"{082a3356-c161-45be-9e8e-5166e30526b6}\" RelatedActivityID=\"\"></Correlation>\n<Execution ProcessID=\"964\" ThreadID=\"3248\"></Execution>\n<Channel>Microsoft-Windows-GroupPolicy/Operational</Channel>\n<Computer>IACIS-HDD-2014</Computer>\n<Security UserID=\"S-1-5-18\"></Security>\n</System>\n<EventData><Data Name=\"PolicyElaspedTimeInSeconds\">0</Data>\n<Data Name=\"ErrorCode\">0</Data>\n<Data Name=\"PrincipalSamName\">IACIS-HDD-2014\\Sgt. Joe T. Nameless</Data>\n<Data Name=\"IsMachine\">0</Data>\n<Data Name=\"IsConnectivityFailure\">False</Data>\n</EventData>\n</Event>\n"
  },
  {
    "EventID": 5315,
    "Timestamp": "2014-02-07 15:10:38.785234+00:00",
    "Computer": "IACIS-HDD-2014",
    "Channel": "Microsoft-Windows-GroupPolicy/Operational",
    "Level": "Information",
    "EventData": {
      "PrincipalSamName": "IACIS-HDD-2014\\Sgt. Joe T. Nameless",
      "NextPolicyApplicationTime": "99",
      "NextPolicyApplicationTimeUnit": "%%4100"
    },
    "RawXml": "<Event xmlns=\"http://schemas.microsoft.com/win/2004/08/events/event\"><System><Provider Name=\"Microsoft-Windows-GroupPolicy\" Guid=\"{aea1b4fa-97d1-45f2-a64c-4d69fffd92c9}\"></Provider>\n<EventID Qualifiers=\"\">5315</EventID>\n<Version>0</Version>\n<Level>4</Level>\n<Task>0</Task>\n<Opcode>0</Opcode>\n<Keywords>0x4000000000000000</Keywords>\n<TimeCreated SystemTime=\"2014-02-07 15:10:38.785234+00:00\"></TimeCreated>\n<EventRecordID>682</EventRecordID>\n<Correlation ActivityID=\"\" RelatedActivityID=\"\"></Correlation>\n<Execution ProcessID=\"964\" ThreadID=\"4000\"></Execution>\n<Channel>Microsoft-Windows-GroupPolicy/Operational</Channel>\n<Computer>IACIS-HDD-2014</Computer>\n<Security UserID=\"S-1-5-18\"></Security>\n</System>\n<EventData><Data Name=\"PrincipalSamName\">IACIS-HDD-2014\\Sgt. Joe T. Nameless</Data>\n<Data Name=\"NextPolicyApplicationTime\">99</Data>\n<Data Name=\"NextPolicyApplicationTimeUnit\">%%4100</Data>\n</EventData>\n</Event>\n"
  },
  {
    "EventID": 5324,
    "Timestamp": "2014-02-07 15:10:38.832035+00:00",
    "Computer": "IACIS-HDD-2014",
    "Channel": "Microsoft-Windows-GroupPolicy/Operational",
    "Level": "Information",
    "EventData": {
      "NotificationType": "3",
      "SessionId": "2"
    },
    "RawXml": "<Event xmlns=\"http://schemas.microsoft.com/win/2004/08/events/event\"><System><Provider Name=\"Microsoft-Windows-GroupPolicy\" Guid=\"{aea1b4fa-97d1-45f2-a64c-4d69fffd92c9}\"></Provider>\n<EventID Qualifiers=\"\">5324</EventID>\n<Version>0</Version>\n<Level>4</Level>\n<Task>0</Task>\n<Opcode>0</Opcode>\n<Keywords>0x4000000000000000</Keywords>\n<TimeCreated SystemTime=\"2014-02-07 15:10:38.832035+00:00\"></TimeCreated>\n<EventRecordID>683</EventRecordID>\n<Correlation ActivityID=\"\" RelatedActivityID=\"\"></Correlation>\n<Execution ProcessID=\"964\" ThreadID=\"3692\"></Execution>\n<Channel>Microsoft-Windows-GroupPolicy/Operational</Channel>\n<Computer>IACIS-HDD-2014</Computer>\n<Security UserID=\"S-1-5-18\"></Security>\n</System>\n<EventData><Data Name=\"NotificationType\">3</Data>\n<Data Name=\"SessionId\">2</Data>\n</EventData>\n</Event>\n"
  },
  {
    "EventID": 5324,
    "Timestamp": "2014-02-07 15:12:41.794651+00:00",
    "Computer": "IACIS-HDD-2014",
    "Channel": "Microsoft-Windows-GroupPolicy/Operational",
    "Level": "Information",
    "EventData": {
      "NotificationType": "4",
      "SessionId": "2"
    },
    "RawXml": "<Event xmlns=\"http://schemas.microsoft.com/win/2004/08/events/event\"><System><Provider Name=\"Microsoft-Windows-GroupPolicy\" Guid=\"{aea1b4fa-97d1-45f2-a64c-4d69fffd92c9}\"></Provider>\n<EventID Qualifiers=\"\">5324</EventID>\n<Version>0</Version>\n<Level>4</Level>\n<Task>0</Task>\n<Opcode>0</Opcode>\n<Keywords>0x4000000000000000</Keywords>\n<TimeCreated SystemTime=\"2014-02-07 15:12:41.794651+00:00\"></TimeCreated>\n<EventRecordID>684</EventRecordID>\n<Correlation ActivityID=\"\" RelatedActivityID=\"\"></Correlation>\n<Execution ProcessID=\"964\" ThreadID=\"2468\"></Execution>\n<Channel>Microsoft-Windows-GroupPolicy/Operational</Channel>\n<Computer>IACIS-HDD-2014</Computer>\n<Security UserID=\"S-1-5-18\"></Security>\n</System>\n<EventData><Data Name=\"NotificationType\">4</Data>\n<Data Name=\"SessionId\">2</Data>\n</EventData>\n</Event>\n"
  },
  {
    "EventID": 5324,
    "Timestamp": "2014-02-07 15:12:42.434252+00:00",
    "Computer": "IACIS-HDD-2014",
    "Channel": "Microsoft-Windows-GroupPolicy/Operational",
    "Level": "Information",
    "EventData": {
      "NotificationType": "2",
      "SessionId": "2"
    },
    "RawXml": "<Event xmlns=\"http://schemas.microsoft.com/win/2004/08/events/event\"><System><Provider Name=\"Microsoft-Windows-GroupPolicy\" Guid=\"{aea1b4fa-97d1-45f2-a64c-4d69fffd92c9}\"></Provider>\n<EventID Qualifiers=\"\">5324</EventID>\n<Version>0</Version>\n<Level>4</Level>\n<Task>0</Task>\n<Opcode>0</Opcode>\n<Keywords>0x4000000000000000</Keywords>\n<TimeCreated SystemTime=\"2014-02-07 15:12:42.434252+00:00\"></TimeCreated>\n<EventRecordID>685</EventRecordID>\n<Correlation ActivityID=\"\" RelatedActivityID=\"\"></Correlation>\n<Execution ProcessID=\"964\" ThreadID=\"856\"></Execution>\n<Channel>Microsoft-Windows-GroupPolicy/Operational</Channel>\n<Computer>IACIS-HDD-2014</Computer>\n<Security UserID=\"S-1-5-18\"></Security>\n</System>\n<EventData><Data Name=\"NotificationType\">2</Data>\n<Data Name=\"SessionId\">2</Data>\n</EventData>\n</Event>\n"
  },
  {
    "EventID": 5325,
    "Timestamp": "2014-02-07 15:12:43.479454+00:00",
    "Computer": "IACIS-HDD-2014",
    "Channel": "Microsoft-Windows-GroupPolicy/Operational",
    "Level": "Information",
    "EventData": {
      "NotificationType": "0"
    },
    "RawXml": "<Event xmlns=\"http://schemas.microsoft.com/win/2004/08/events/event\"><System><Provider Name=\"Microsoft-Windows-GroupPolicy\" Guid=\"{aea1b4fa-97d1-45f2-a64c-4d69fffd92c9}\"></Provider>\n<EventID Qualifiers=\"\">5325</EventID>\n<Version>0</Version>\n<Level>4</Level>\n<Task>0</Task>\n<Opcode>0</Opcode>\n<Keywords>0x4000000000000000</Keywords>\n<TimeCreated SystemTime=\"2014-02-07 15:12:43.479454+00:00\"></TimeCreated>\n<EventRecordID>686</EventRecordID>\n<Correlation ActivityID=\"\" RelatedActivityID=\"\"></Correlation>\n<Execution ProcessID=\"964\" ThreadID=\"968\"></Execution>\n<Channel>Microsoft-Windows-GroupPolicy/Operational</Channel>\n<Computer>IACIS-HDD-2014</Computer>\n<Security UserID=\"S-1-5-18\"></Security>\n</System>\n<EventData><Data Name=\"NotificationType\">0</Data>\n</EventData>\n</Event>\n"
  },
  {
    "EventID": 5320,
    "Timestamp": "2014-02-07 16:51:51.102840+00:00",
    "Computer": "IACIS-HDD-2014",
    "Channel": "Microsoft-Windows-GroupPolicy/Operational",
    "Level": "Information",
    "EventData": {
      "InfoDescription": "%%4168"
    },
    "RawXml": "<Event xmlns=\"http://schemas.microsoft.com/win/2004/08/events/event\"><System><Provider Name=\"Microsoft-Windows-GroupPolicy\" Guid=\"{aea1b4fa-97d1-45f2-a64c-4d69fffd92c9}\"></Provider>\n<EventID Qualifiers=\"\">5320</EventID>\n<Version>0</Version>\n<Level>4</Level>\n<Task>0</Task>\n<Opcode>0</Opcode>\n<Keywords>0x4000000000000000</Keywords>\n<TimeCreated SystemTime=\"2014-02-07 16:51:51.102840+00:00\"></TimeCreated>\n<EventRecordID>687</EventRecordID>\n<Correlation ActivityID=\"\" RelatedActivityID=\"\"></Correlation>\n<Execution ProcessID=\"972\" ThreadID=\"996\"></Execution>\n<Channel>Microsoft-Windows-GroupPolicy/Operational</Channel>\n<Computer>IACIS-HDD-2014</Computer>\n<Security UserID=\"S-1-5-18\"></Security>\n</System>\n<EventData><Data Name=\"InfoDescription\">%%4168</Data>\n</EventData>\n</Event>\n"
  },
  {
    "EventID": 5320,
    "Timestamp": "2014-02-07 16:51:51.102840+00:00",
    "Computer": "IACIS-HDD-2014",
    "Channel": "Microsoft-Windows-GroupPolicy/Operational",
    "Level": "Information",
    "EventData": {
      "InfoDescription": "%%4160"
    },
    "RawXml": "<Event xmlns=\"http://schemas.microsoft.com/win/2004/08/events/event\"><System><Provider Name=\"Microsoft-Windows-GroupPolicy\" Guid=\"{aea1b4fa-97d1-45f2-a64c-4d69fffd92c9}\"></Provider>\n<EventID Qualifiers=\"\">5320</EventID>\n<Version>0</Version>\n<Level>4</Level>\n<Task>0</Task>\n<Opcode>0</Opcode>\n<Keywords>0x4000000000000000</Keywords>\n<TimeCreated SystemTime=\"2014-02-07 16:51:51.102840+00:00\"></TimeCreated>\n<EventRecordID>688</EventRecordID>\n<Correlation ActivityID=\"\" RelatedActivityID=\"\"></Correlation>\n<Execution ProcessID=\"972\" ThreadID=\"996\"></Execution>\n<Channel>Microsoft-Windows-GroupPolicy/Operational</Channel>\n<Computer>IACIS-HDD-2014</Computer>\n<Security UserID=\"S-1-5-18\"></Security>\n</System>\n<EventData><Data Name=\"InfoDescription\">%%4160</Data>\n</EventData>\n</Event>\n"
  },
  {
    "EventID": 5320,
    "Timestamp": "2014-02-07 16:51:51.102840+00:00",
    "Computer": "IACIS-HDD-2014",
    "Channel": "Microsoft-Windows-GroupPolicy/Operational",
    "Level": "Information",
    "EventData": {
      "InfoDescription": "%%4166"
    },
    "RawXml": "<Event xmlns=\"http://schemas.microsoft.com/win/2004/08/events/event\"><System><Provider Name=\"Microsoft-Windows-GroupPolicy\" Guid=\"{aea1b4fa-97d1-45f2-a64c-4d69fffd92c9}\"></Provider>\n<EventID Qualifiers=\"\">5320</EventID>\n<Version>0</Version>\n<Level>4</Level>\n<Task>0</Task>\n<Opcode>0</Opcode>\n<Keywords>0x4000000000000000</Keywords>\n<TimeCreated SystemTime=\"2014-02-07 16:51:51.102840+00:00\"></TimeCreated>\n<EventRecordID>689</EventRecordID>\n<Correlation ActivityID=\"\" RelatedActivityID=\"\"></Correlation>\n<Execution ProcessID=\"972\" ThreadID=\"996\"></Execution>\n<Channel>Microsoft-Windows-GroupPolicy/Operational</Channel>\n<Computer>IACIS-HDD-2014</Computer>\n<Security UserID=\"S-1-5-18\"></Security>\n</System>\n<EventData><Data Name=\"InfoDescription\">%%4166</Data>\n</EventData>\n</Event>\n"
  },
  {
    "EventID": 5321,
    "Timestamp": "2014-02-07 16:51:51.102840+00:00",
    "Computer": "IACIS-HDD-2014",
    "Channel": "Microsoft-Windows-GroupPolicy/Operational",
    "Level": "Information",
    "EventData": {
      "InfoDescription": "%%4167",
      "OperationParameter1": "41f0d15c-8073-4073-975a-cc964ca768db"
    },
    "RawXml": "<Event xmlns=\"http://schemas.microsoft.com/win/2004/08/events/event\"><System><Provider Name=\"Microsoft-Windows-GroupPolicy\" Guid=\"{aea1b4fa-97d1-45f2-a64c-4d69fffd92c9}\"></Provider>\n<EventID Qualifiers=\"\">5321</EventID>\n<Version>0</Version>\n<Level>4</Level>\n<Task>0</Task>\n<Opcode>0</Opcode>\n<Keywords>0x4000000000000000</Keywords>\n<TimeCreated SystemTime=\"2014-02-07 16:51:51.102840+00:00\"></TimeCreated>\n<EventRecordID>690</EventRecordID>\n<Correlation ActivityID=\"\" RelatedActivityID=\"\"></Correlation>\n<Execution ProcessID=\"972\" ThreadID=\"996\"></Execution>\n<Channel>Microsoft-Windows-GroupPolicy/Operational</Channel>\n<Computer>IACIS-HDD-2014</Computer>\n<Security UserID=\"S-1-5-18\"></Security>\n</System>\n<EventData><Data Name=\"InfoDescription\">%%4167</Data>\n<Data Name=\"OperationParameter1\">41f0d15c-8073-4073-975a-cc964ca768db</Data>\n</EventData>\n</Event>\n"
  },
  {
    "EventID": 5324,
    "Timestamp": "2014-02-07 16:51:51.265642+00:00",
    "Computer": "IACIS-HDD-2014",
    "Channel": "Microsoft-Windows-GroupPolicy/Operational",
    "Level": "Information",
    "EventData": {
      "NotificationType": "0",
      "SessionId": "1"
    },
    "RawXml": "<Event xmlns=\"http://schemas.microsoft.com/win/2004/08/events/event\"><System><Provider Name=\"Microsoft-Windows-GroupPolicy\" Guid=\"{aea1b4fa-97d1-45f2-a64c-4d69fffd92c9}\"></Provider>\n<EventID Qualifiers=\"\">5324</EventID>\n<Version>0</Version>\n<Level>4</Level>\n<Task>0</Task>\n<Opcode>0</Opcode>\n<Keywords>0x4000000000000000</Keywords>\n<TimeCreated SystemTime=\"2014-02-07 16:51:51.265642+00:00\"></TimeCreated>\n<EventRecordID>691</EventRecordID>\n<Correlation ActivityID=\"\" RelatedActivityID=\"\"></Correlation>\n<Execution ProcessID=\"972\" ThreadID=\"996\"></Execution>\n<Channel>Microsoft-Windows-GroupPolicy/Operational</Channel>\n<Computer>IACIS-HDD-2014</Computer>\n<Security UserID=\"S-1-5-18\"></Security>\n</System>\n<EventData><Data Name=\"NotificationType\">0</Data>\n<Data Name=\"SessionId\">1</Data>\n</EventData>\n</Event>\n"
  },
  {
    "EventID": 4000,
    "Timestamp": "2014-02-07 16:51:51.275642+00:00",
    "Computer": "IACIS-HDD-2014",
    "Channel": "Microsoft-Windows-GroupPolicy/Operational",
    "Level": "Information",
    "EventData": {
      "PolicyActivityId": "{1dee37b1-74fb-4dc2-964c-65e9e01f3e35}",
      "PrincipalSamName": "WORKGROUP\\IACIS-HDD-2014$",
      "IsMachine": "1",
      "IsDomainJoined": "False",
      "IsBackgroundProcessing": "False",
      "IsAsyncProcessing": "True",
      "IsServiceRestart": "False",
      "ReasonForSyncProcessing": "0"
    },
    "RawXml": "<Event xmlns=\"http://schemas.microsoft.com/win/2004/08/events/event\"><System><Provider Name=\"Microsoft-Windows-GroupPolicy\" Guid=\"{aea1b4fa-97d1-45f2-a64c-4d69fffd92c9}\"></Provider>\n<EventID Qualifiers=\"\">4000</EventID>\n<Version>1</Version>\n<Level>4</Level>\n<Task>0</Task>\n<Opcode>1</Opcode>\n<Keywords>0x4000000000000000</Keywords>\n<TimeCreated SystemTime=\"2014-02-07 16:51:51.275642+00:00\"></TimeCreated>\n<EventRecordID>692</EventRecordID>\n<Correlation ActivityID=\"{1dee37b1-74fb-4dc2-964c-65e9e01f3e35}\" RelatedActivityID=\"\"></Correlation>\n<Execution ProcessID=\"972\" ThreadID=\"1092\"></Execution>\n<Channel>Microsoft-Windows-GroupPolicy/Operational</Channel>\n<Computer>IACIS-HDD-2014</Computer>\n<Security UserID=\"S-1-5-18\"></Security>\n</System>\n<EventData><Data Name=\"PolicyActivityId\">{1dee37b1-74fb-4dc2-964c-65e9e01f3e35}</Data>\n<Data Name=\"PrincipalSamName\">WORKGROUP\\IACIS-HDD-2014$</Data>\n<Data Name=\"IsMachine\">1</Data>\n<Data Name=\"IsDomainJoined\">False</Data>\n<Data Name=\"IsBackgroundProcessing\">False</Data>\n<Data Name=\"IsAsyncProcessing\">True</Data>\n<Data Name=\"IsServiceRestart\">False</Data>\n<Data Name=\"ReasonForSyncProcessing\">0</Data>\n</EventData>\n</Event>\n"
  },
  {
    "EventID": 5311,
    "Timestamp": "2014-02-07 16:51:51.285643+00:00",
    "Computer": "IACIS-HDD-2014",
    "Channel": "Microsoft-Windows-GroupPolicy/Operational",
    "Level": "Information",
    "EventData": {
      "PolicyProcessingMode": "0"
    },
    "RawXml": "<Event xmlns=\"http://schemas.microsoft.com/win/2004/08/events/event\"><System><Provider Name=\"Microsoft-Windows-GroupPolicy\" Guid=\"{aea1b4fa-97d1-45f2-a64c-4d69fffd92c9}\"></Provider>\n<EventID Qualifiers=\"\">5311</EventID>\n<Version>0</Version>\n<Level>4</Level>\n<Task>0</Task>\n<Opcode>0</Opcode>\n<Keywords>0x4000000000000000</Keywords>\n<TimeCreated SystemTime=\"2014-02-07 16:51:51.285643+00:00\"></TimeCreated>\n<EventRecordID>693</EventRecordID>\n<Correlation ActivityID=\"{1dee37b1-74fb-4dc2-964c-65e9e01f3e35}\" RelatedActivityID=\"\"></Correlation>\n<Execution ProcessID=\"972\" ThreadID=\"1092\"></Execution>\n<Channel>Microsoft-Windows-GroupPolicy/Operational</Channel>\n<Computer>IACIS-HDD-2014</Computer>\n<Security UserID=\"S-1-5-18\"></Security>\n</System>\n<EventData><Data Name=\"PolicyProcessingMode\">0</Data>\n</EventData>\n</Event>\n"
  },
  {
    "EventID": 5312,
    "Timestamp": "2014-02-07 16:51:51.285643+00:00",
    "Computer": "IACIS-HDD-2014",
    "Channel": "Microsoft-Windows-GroupPolicy/Operational",
    "Level": "Information",
    "EventData": {
      "DescriptionString": "None",
      "GPOInfoList": ""
    },
    "RawXml": "<Event xmlns=\"http://schemas.microsoft.com/win/2004/08/events/event\"><System><Provider Name=\"Microsoft-Windows-GroupPolicy\" Guid=\"{aea1b4fa-97d1-45f2-a64c-4d69fffd92c9}\"></Provider>\n<EventID Qualifiers=\"\">5312</EventID>\n<Version>0</Version>\n<Level>4</Level>\n<Task>0</Task>\n<Opcode>0</Opcode>\n<Keywords>0x4000000000000000</Keywords>\n<TimeCreated SystemTime=\"2014-02-07 16:51:51.285643+00:00\"></TimeCreated>\n<EventRecordID>694</EventRecordID>\n<Correlation ActivityID=\"{1dee37b1-74fb-4dc2-964c-65e9e01f3e35}\" RelatedActivityID=\"\"></Correlation>\n<Execution ProcessID=\"972\" ThreadID=\"1092\"></Execution>\n<Channel>Microsoft-Windows-GroupPolicy/Operational</Channel>\n<Computer>IACIS-HDD-2014</Computer>\n<Security UserID=\"S-1-5-18\"></Security>\n</System>\n<EventData><Data Name=\"DescriptionString\">None</Data>\n<Data Name=\"GPOInfoList\"></Data>\n</EventData>\n</Event>\n"
  },
  {
    "EventID": 5313,
    "Timestamp": "2014-02-07 16:51:51.285643+00:00",
    "Computer": "IACIS-HDD-2014",
    "Channel": "Microsoft-Windows-GroupPolicy/Operational",
    "Level": "Information",
    "EventData": {
      "DescriptionString": "Local Group Policy\n\tNot Applied (Empty)\n",
      "GPOInfoList": "<GPO ID=\"Local Group Policy\"><Name>Local Group Policy</Name><Version>0</Version><SOM>Local</SOM><FSPath>C:\\Windows\\System32\\GroupPolicy\\Machine</FSPath><Reason>NOTAPPLIED-EMPTY</Reason></GPO>"
    },
    "RawXml": "<Event xmlns=\"http://schemas.microsoft.com/win/2004/08/events/event\"><System><Provider Name=\"Microsoft-Windows-GroupPolicy\" Guid=\"{aea1b4fa-97d1-45f2-a64c-4d69fffd92c9}\"></Provider>\n<EventID Qualifiers=\"\">5313</EventID>\n<Version>0</Version>\n<Level>4</Level>\n<Task>0</Task>\n<Opcode>0</Opcode>\n<Keywords>0x4000000000000000</Keywords>\n<TimeCreated SystemTime=\"2014-02-07 16:51:51.285643+00:00\"></TimeCreated>\n<EventRecordID>695</EventRecordID>\n<Correlation ActivityID=\"{1dee37b1-74fb-4dc2-964c-65e9e01f3e35}\" RelatedActivityID=\"\"></Correlation>\n<Execution ProcessID=\"972\" ThreadID=\"1092\"></Execution>\n<Channel>Microsoft-Windows-GroupPolicy/Operational</Channel>\n<Computer>IACIS-HDD-2014</Computer>\n<Security UserID=\"S-1-5-18\"></Security>\n</System>\n<EventData><Data Name=\"DescriptionString\">Local Group Policy\n\tNot Applied (Empty)\n</Data>\n<Data Name=\"GPOInfoList\">&lt;GPO ID=\"Local Group Policy\"&gt;&lt;Name&gt;Local Group Policy&lt;/Name&gt;&lt;Version&gt;0&lt;/Version&gt;&lt;SOM&gt;Local&lt;/SOM&gt;&lt;FSPath&gt;C:\\Windows\\System32\\GroupPolicy\\Machine&lt;/FSPath&gt;&lt;Reason&gt;NOTAPPLIED-EMPTY&lt;/Reason&gt;&lt;/GPO&gt;</Data>\n</EventData>\n</Event>\n"
  },
  {
    "EventID": 5320,
    "Timestamp": "2014-02-07 16:51:51.285643+00:00",
    "Computer": "IACIS-HDD-2014",
    "Channel": "Microsoft-Windows-GroupPolicy/Operational",
    "Level": "Information",
    "EventData": {
      "InfoDescription": "%%4161"
    },
    "RawXml": "<Event xmlns=\"http://schemas.microsoft.com/win/2004/08/events/event\"><System><Provider Name=\"Microsoft-Windows-GroupPolicy\" Guid=\"{aea1b4fa-97d1-45f2-a64c-4d69fffd92c9}\"></Provider>\n<EventID Qualifiers=\"\">5320</EventID>\n<Version>0</Version>\n<Level>4</Level>\n<Task>0</Task>\n<Opcode>0</Opcode>\n<Keywords>0x4000000000000000</Keywords>\n<TimeCreated SystemTime=\"2014-02-07 16:51:51.285643+00:00\"></TimeCreated>\n<EventRecordID>696</EventRecordID>\n<Correlation ActivityID=\"{1dee37b1-74fb-4dc2-964c-65e9e01f3e35}\" RelatedActivityID=\"\"></Correlation>\n<Execution ProcessID=\"972\" ThreadID=\"1092\"></Execution>\n<Channel>Microsoft-Windows-GroupPolicy/Operational</Channel>\n<Computer>IACIS-HDD-2014</Computer>\n<Security UserID=\"S-1-5-18\"></Security>\n</System>\n<EventData><Data Name=\"InfoDescription\">%%4161</Data>\n</EventData>\n</Event>\n"
  },
  {
    "EventID": 5320,
    "Timestamp": "2014-02-07 16:51:51.285643+00:00",
    "Computer": "IACIS-HDD-2014",
    "Channel": "Microsoft-Windows-GroupPolicy/Operational",
    "Level": "Information",
    "EventData": {
      "InfoDescription": "%%4163"
    },
    "RawXml": "<Event xmlns=\"http://schemas.microsoft.com/win/2004/08/events/event\"><System><Provider Name=\"Microsoft-Windows-GroupPolicy\" Guid=\"{aea1b4fa-97d1-45f2-a64c-4d69fffd92c9}\"></Provider>\n<EventID Qualifiers=\"\">5320</EventID>\n<Version>0</Version>\n<Level>4</Level>\n<Task>0</Task>\n<Opcode>0</Opcode>\n<Keywords>0x4000000000000000</Keywords>\n<TimeCreated SystemTime=\"2014-02-07 16:51:51.285643+00:00\"></TimeCreated>\n<EventRecordID>697</EventRecordID>\n<Correlation ActivityID=\"{1dee37b1-74fb-4dc2-964c-65e9e01f3e35}\" RelatedActivityID=\"\"></Correlation>\n<Execution ProcessID=\"972\" ThreadID=\"1092\"></Execution>\n<Channel>Microsoft-Windows-GroupPolicy/Operational</Channel>\n<Computer>IACIS-HDD-2014</Computer>\n<Security UserID=\"S-1-5-18\"></Security>\n</System>\n<EventData><Data Name=\"InfoDescription\">%%4163</Data>\n</EventData>\n</Event>\n"
  },
  {
    "EventID": 5320,
    "Timestamp": "2014-02-07 16:51:51.285643+00:00",
    "Computer": "IACIS-HDD-2014",
    "Channel": "Microsoft-Windows-GroupPolicy/Operational",
    "Level": "Information",
    "EventData": {
      "InfoDescription": "%%4165"
    },
    "RawXml": "<Event xmlns=\"http://schemas.microsoft.com/win/2004/08/events/event\"><System><Provider Name=\"Microsoft-Windows-GroupPolicy\" Guid=\"{aea1b4fa-97d1-45f2-a64c-4d69fffd92c9}\"></Provider>\n<EventID Qualifiers=\"\">5320</EventID>\n<Version>0</Version>\n<Level>4</Level>\n<Task>0</Task>\n<Opcode>0</Opcode>\n<Keywords>0x4000000000000000</Keywords>\n<TimeCreated SystemTime=\"2014-02-07 16:51:51.285643+00:00\"></TimeCreated>\n<EventRecordID>698</EventRecordID>\n<Correlation ActivityID=\"{1dee37b1-74fb-4dc2-964c-65e9e01f3e35}\" RelatedActivityID=\"\"></Correlation>\n<Execution ProcessID=\"972\" ThreadID=\"1092\"></Execution>\n<Channel>Microsoft-Windows-GroupPolicy/Operational</Channel>\n<Computer>IACIS-HDD-2014</Computer>\n<Security UserID=\"S-1-5-18\"></Security>\n</System>\n<EventData><Data Name=\"InfoDescription\">%%4165</Data>\n</EventData>\n</Event>\n"
  },
  {
    "EventID": 8000,
    "Timestamp": "2014-02-07 16:51:51.295643+00:00",
    "Computer": "IACIS-HDD-2014",
    "Channel": "Microsoft-Windows-GroupPolicy/Operational",
    "Level": "Information",
    "EventData": {
      "PolicyElaspedTimeInSeconds": "0",
      "ErrorCode": "0",
      "PrincipalSamName": "WORKGROUP\\IACIS-HDD-2014$",
      "IsMachine": "1",
      "IsConnectivityFailure": "False"
    },
    "RawXml": "<Event xmlns=\"http://schemas.microsoft.com/win/2004/08/events/event\"><System><Provider Name=\"Microsoft-Windows-GroupPolicy\" Guid=\"{aea1b4fa-97d1-45f2-a64c-4d69fffd92c9}\"></Provider>\n<EventID Qualifiers=\"\">8000</EventID>\n<Version>1</Version>\n<Level>4</Level>\n<Task>0</Task>\n<Opcode>2</Opcode>\n<Keywords>0x4000000000000000</Keywords>\n<TimeCreated SystemTime=\"2014-02-07 16:51:51.295643+00:00\"></TimeCreated>\n<EventRecordID>699</EventRecordID>\n<Correlation ActivityID=\"{1dee37b1-74fb-4dc2-964c-65e9e01f3e35}\" RelatedActivityID=\"\"></Correlation>\n<Execution ProcessID=\"972\" ThreadID=\"1092\"></Execution>\n<Channel>Microsoft-Windows-GroupPolicy/Operational</Channel>\n<Computer>IACIS-HDD-2014</Computer>\n<Security UserID=\"S-1-5-18\"></Security>\n</System>\n<EventData><Data Name=\"PolicyElaspedTimeInSeconds\">0</Data>\n<Data Name=\"ErrorCode\">0</Data>\n<Data Name=\"PrincipalSamName\">WORKGROUP\\IACIS-HDD-2014$</Data>\n<Data Name=\"IsMachine\">1</Data>\n<Data Name=\"IsConnectivityFailure\">False</Data>\n</EventData>\n</Event>\n"
  },
  {
    "EventID": 5315,
    "Timestamp": "2014-02-07 16:51:51.315643+00:00",
    "Computer": "IACIS-HDD-2014",
    "Channel": "Microsoft-Windows-GroupPolicy/Operational",
    "Level": "Information",
    "EventData": {
      "PrincipalSamName": "WORKGROUP\\IACIS-HDD-2014$",
      "NextPolicyApplicationTime": "110",
      "NextPolicyApplicationTimeUnit": "%%4100"
    },
    "RawXml": "<Event xmlns=\"http://schemas.microsoft.com/win/2004/08/events/event\"><System><Provider Name=\"Microsoft-Windows-GroupPolicy\" Guid=\"{aea1b4fa-97d1-45f2-a64c-4d69fffd92c9}\"></Provider>\n<EventID Qualifiers=\"\">5315</EventID>\n<Version>0</Version>\n<Level>4</Level>\n<Task>0</Task>\n<Opcode>0</Opcode>\n<Keywords>0x4000000000000000</Keywords>\n<TimeCreated SystemTime=\"2014-02-07 16:51:51.315643+00:00\"></TimeCreated>\n<EventRecordID>700</EventRecordID>\n<Correlation ActivityID=\"\" RelatedActivityID=\"\"></Correlation>\n<Execution ProcessID=\"972\" ThreadID=\"1108\"></Execution>\n<Channel>Microsoft-Windows-GroupPolicy/Operational</Channel>\n<Computer>IACIS-HDD-2014</Computer>\n<Security UserID=\"S-1-5-18\"></Security>\n</System>\n<EventData><Data Name=\"PrincipalSamName\">WORKGROUP\\IACIS-HDD-2014$</Data>\n<Data Name=\"NextPolicyApplicationTime\">110</Data>\n<Data Name=\"NextPolicyApplicationTimeUnit\">%%4100</Data>\n</EventData>\n</Event>\n"
  },
  {
    "EventID": 5324,
    "Timestamp": "2014-02-07 17:34:28.308353+00:00",
    "Computer": "IACIS-HDD-2014",
    "Channel": "Microsoft-Windows-GroupPolicy/Operational",
    "Level": "Information",
    "EventData": {
      "NotificationType": "1",
      "SessionId": "1"
    },
    "RawXml": "<Event xmlns=\"http://schemas.microsoft.com/win/2004/08/events/event\"><System><Provider Name=\"Microsoft-Windows-GroupPolicy\" Guid=\"{aea1b4fa-97d1-45f2-a64c-4d69fffd92c9}\"></Provider>\n<EventID Qualifiers=\"\">5324</EventID>\n<Version>0</Version>\n<Level>4</Level>\n<Task>0</Task>\n<Opcode>0</Opcode>\n<Keywords>0x4000000000000000</Keywords>\n<TimeCreated SystemTime=\"2014-02-07 17:34:28.308353+00:00\"></TimeCreated>\n<EventRecordID>701</EventRecordID>\n<Correlation ActivityID=\"\" RelatedActivityID=\"\"></Correlation>\n<Execution ProcessID=\"972\" ThreadID=\"2872\"></Execution>\n<Channel>Microsoft-Windows-GroupPolicy/Operational</Channel>\n<Computer>IACIS-HDD-2014</Computer>\n<Security UserID=\"S-1-5-18\"></Security>\n</System>\n<EventData><Data Name=\"NotificationType\">1</Data>\n<Data Name=\"SessionId\">1</Data>\n</EventData>\n</Event>\n"
  },
  {
    "EventID": 4001,
    "Timestamp": "2014-02-07 17:34:28.323954+00:00",
    "Computer": "IACIS-HDD-2014",
    "Channel": "Microsoft-Windows-GroupPolicy/Operational",
    "Level": "Information",
    "EventData": {
      "PolicyActivityId": "{80c01636-ad1f-42c9-b316-01b20504456e}",
      "PrincipalSamName": "IACIS-HDD-2014\\Sgt. Joe T. Nameless",
      "IsMachine": "0",
      "IsDomainJoined": "False",
      "IsBackgroundProcessing": "False",
      "IsAsyncProcessing": "True",
      "IsServiceRestart": "False",
      "ReasonForSyncProcessing": "0"
    },
    "RawXml": "<Event xmlns=\"http://schemas.microsoft.com/win/2004/08/events/event\"><System><Provider Name=\"Microsoft-Windows-GroupPolicy\" Guid=\"{aea1b4fa-97d1-45f2-a64c-4d69fffd92c9}\"></Provider>\n<EventID Qualifiers=\"\">4001</EventID>\n<Version>1</Version>\n<Level>4</Level>\n<Task>0</Task>\n<Opcode>1</Opcode>\n<Keywords>0x4000000000000000</Keywords>\n<TimeCreated SystemTime=\"2014-02-07 17:34:28.323954+00:00\"></TimeCreated>\n<EventRecordID>702</EventRecordID>\n<Correlation ActivityID=\"{80c01636-ad1f-42c9-b316-01b20504456e}\" RelatedActivityID=\"\"></Correlation>\n<Execution ProcessID=\"972\" ThreadID=\"2640\"></Execution>\n<Channel>Microsoft-Windows-GroupPolicy/Operational</Channel>\n<Computer>IACIS-HDD-2014</Computer>\n<Security UserID=\"S-1-5-18\"></Security>\n</System>\n<EventData><Data Name=\"PolicyActivityId\">{80c01636-ad1f-42c9-b316-01b20504456e}</Data>\n<Data Name=\"PrincipalSamName\">IACIS-HDD-2014\\Sgt. Joe T. Nameless</Data>\n<Data Name=\"IsMachine\">0</Data>\n<Data Name=\"IsDomainJoined\">False</Data>\n<Data Name=\"IsBackgroundProcessing\">False</Data>\n<Data Name=\"IsAsyncProcessing\">True</Data>\n<Data Name=\"IsServiceRestart\">False</Data>\n<Data Name=\"ReasonForSyncProcessing\">0</Data>\n</EventData>\n</Event>\n"
  },
  {
    "EventID": 5311,
    "Timestamp": "2014-02-07 17:34:28.479954+00:00",
    "Computer": "IACIS-HDD-2014",
    "Channel": "Microsoft-Windows-GroupPolicy/Operational",
    "Level": "Information",
    "EventData": {
      "PolicyProcessingMode": "0"
    },
    "RawXml": "<Event xmlns=\"http://schemas.microsoft.com/win/2004/08/events/event\"><System><Provider Name=\"Microsoft-Windows-GroupPolicy\" Guid=\"{aea1b4fa-97d1-45f2-a64c-4d69fffd92c9}\"></Provider>\n<EventID Qualifiers=\"\">5311</EventID>\n<Version>0</Version>\n<Level>4</Level>\n<Task>0</Task>\n<Opcode>0</Opcode>\n<Keywords>0x4000000000000000</Keywords>\n<TimeCreated SystemTime=\"2014-02-07 17:34:28.479954+00:00\"></TimeCreated>\n<EventRecordID>703</EventRecordID>\n<Correlation ActivityID=\"{80c01636-ad1f-42c9-b316-01b20504456e}\" RelatedActivityID=\"\"></Correlation>\n<Execution ProcessID=\"972\" ThreadID=\"2640\"></Execution>\n<Channel>Microsoft-Windows-GroupPolicy/Operational</Channel>\n<Computer>IACIS-HDD-2014</Computer>\n<Security UserID=\"S-1-5-21-1171287513-3642516788-2358256967-1003\"></Security>\n</System>\n<EventData><Data Name=\"PolicyProcessingMode\">0</Data>\n</EventData>\n</Event>\n"
  },
  {
    "EventID": 5312,
    "Timestamp": "2014-02-07 17:34:28.479954+00:00",
    "Computer": "IACIS-HDD-2014",
    "Channel": "Microsoft-Windows-GroupPolicy/Operational",
    "Level": "Information",
    "EventData": {
      "DescriptionString": "None",
      "GPOInfoList": ""
    },
    "RawXml": "<Event xmlns=\"http://schemas.microsoft.com/win/2004/08/events/event\"><System><Provider Name=\"Microsoft-Windows-GroupPolicy\" Guid=\"{aea1b4fa-97d1-45f2-a64c-4d69fffd92c9}\"></Provider>\n<EventID Qualifiers=\"\">5312</EventID>\n<Version>0</Version>\n<Level>4</Level>\n<Task>0</Task>\n<Opcode>0</Opcode>\n<Keywords>0x4000000000000000</Keywords>\n<TimeCreated SystemTime=\"2014-02-07 17:34:28.479954+00:00\"></TimeCreated>\n<EventRecordID>704</EventRecordID>\n<Correlation ActivityID=\"{80c01636-ad1f-42c9-b316-01b20504456e}\" RelatedActivityID=\"\"></Correlation>\n<Execution ProcessID=\"972\" ThreadID=\"2640\"></Execution>\n<Channel>Microsoft-Windows-GroupPolicy/Operational</Channel>\n<Computer>IACIS-HDD-2014</Computer>\n<Security UserID=\"S-1-5-18\"></Security>\n</System>\n<EventData><Data Name=\"DescriptionString\">None</Data>\n<Data Name=\"GPOInfoList\"></Data>\n</EventData>\n</Event>\n"
  },
  {
    "EventID": 5313,
    "Timestamp": "2014-02-07 17:34:28.479954+00:00",
    "Computer": "IACIS-HDD-2014",
    "Channel": "Microsoft-Windows-GroupPolicy/Operational",
    "Level": "Information",
    "EventData": {
      "DescriptionString": "Local Group Policy\n\tNot Applied (Empty)\n",
      "GPOInfoList": "<GPO ID=\"Local Group Policy\"><Name>Local Group Policy</Name><Version>0</Version><SOM>Local</SOM><FSPath>C:\\Windows\\System32\\GroupPolicy\\User</FSPath><Reason>NOTAPPLIED-EMPTY</Reason></GPO>"
    },
    "RawXml": "<Event xmlns=\"http://schemas.microsoft.com/win/2004/08/events/event\"><System><Provider Name=\"Microsoft-Windows-GroupPolicy\" Guid=\"{aea1b4fa-97d1-45f2-a64c-4d69fffd92c9}\"></Provider>\n<EventID Qualifiers=\"\">5313</EventID>\n<Version>0</Version>\n<Level>4</Level>\n<Task>0</Task>\n<Opcode>0</Opcode>\n<Keywords>0x4000000000000000</Keywords>\n<TimeCreated SystemTime=\"2014-02-07 17:34:28.479954+00:00\"></TimeCreated>\n<EventRecordID>705</EventRecordID>\n<Correlation ActivityID=\"{80c01636-ad1f-42c9-b316-01b20504456e}\" RelatedActivityID=\"\"></Correlation>\n<Execution ProcessID=\"972\" ThreadID=\"2640\"></Execution>\n<Channel>Microsoft-Windows-GroupPolicy/Operational</Channel>\n<Computer>IACIS-HDD-2014</Computer>\n<Security UserID=\"S-1-5-18\"></Security>\n</System>\n<EventData><Data Name=\"DescriptionString\">Local Group Policy\n\tNot Applied (Empty)\n</Data>\n<Data Name=\"GPOInfoList\">&lt;GPO ID=\"Local Group Policy\"&gt;&lt;Name&gt;Local Group Policy&lt;/Name&gt;&lt;Version&gt;0&lt;/Version&gt;&lt;SOM&gt;Local&lt;/SOM&gt;&lt;FSPath&gt;C:\\Windows\\System32\\GroupPolicy\\User&lt;/FSPath&gt;&lt;Reason&gt;NOTAPPLIED-EMPTY&lt;/Reason&gt;&lt;/GPO&gt;</Data>\n</EventData>\n</Event>\n"
  },
  {
    "EventID": 5320,
    "Timestamp": "2014-02-07 17:34:28.557953+00:00",
    "Computer": "IACIS-HDD-2014",
    "Channel": "Microsoft-Windows-GroupPolicy/Operational",
    "Level": "Information",
    "EventData": {
      "InfoDescription": "%%4161"
    },
    "RawXml": "<Event xmlns=\"http://schemas.microsoft.com/win/2004/08/events/event\"><System><Provider Name=\"Microsoft-Windows-GroupPolicy\" Guid=\"{aea1b4fa-97d1-45f2-a64c-4d69fffd92c9}\"></Provider>\n<EventID Qualifiers=\"\">5320</EventID>\n<Version>0</Version>\n<Level>4</Level>\n<Task>0</Task>\n<Opcode>0</Opcode>\n<Keywords>0x4000000000000000</Keywords>\n<TimeCreated SystemTime=\"2014-02-07 17:34:28.557953+00:00\"></TimeCreated>\n<EventRecordID>706</EventRecordID>\n<Correlation ActivityID=\"{80c01636-ad1f-42c9-b316-01b20504456e}\" RelatedActivityID=\"\"></Correlation>\n<Execution ProcessID=\"972\" ThreadID=\"2640\"></Execution>\n<Channel>Microsoft-Windows-GroupPolicy/Operational</Channel>\n<Computer>IACIS-HDD-2014</Computer>\n<Security UserID=\"S-1-5-18\"></Security>\n</System>\n<EventData><Data Name=\"InfoDescription\">%%4161</Data>\n</EventData>\n</Event>\n"
  },
  {
    "EventID": 5320,
    "Timestamp": "2014-02-07 17:34:28.557953+00:00",
    "Computer": "IACIS-HDD-2014",
    "Channel": "Microsoft-Windows-GroupPolicy/Operational",
    "Level": "Information",
    "EventData": {
      "InfoDescription": "%%4163"
    },
    "RawXml": "<Event xmlns=\"http://schemas.microsoft.com/win/2004/08/events/event\"><System><Provider Name=\"Microsoft-Windows-GroupPolicy\" Guid=\"{aea1b4fa-97d1-45f2-a64c-4d69fffd92c9}\"></Provider>\n<EventID Qualifiers=\"\">5320</EventID>\n<Version>0</Version>\n<Level>4</Level>\n<Task>0</Task>\n<Opcode>0</Opcode>\n<Keywords>0x4000000000000000</Keywords>\n<TimeCreated SystemTime=\"2014-02-07 17:34:28.557953+00:00\"></TimeCreated>\n<EventRecordID>707</EventRecordID>\n<Correlation ActivityID=\"{80c01636-ad1f-42c9-b316-01b20504456e}\" RelatedActivityID=\"\"></Correlation>\n<Execution ProcessID=\"972\" ThreadID=\"2640\"></Execution>\n<Channel>Microsoft-Windows-GroupPolicy/Operational</Channel>\n<Computer>IACIS-HDD-2014</Computer>\n<Security UserID=\"S-1-5-18\"></Security>\n</System>\n<EventData><Data Name=\"InfoDescription\">%%4163</Data>\n</EventData>\n</Event>\n"
  },
  {
    "EventID": 5320,
    "Timestamp": "2014-02-07 17:34:28.557953+00:00",
    "Computer": "IACIS-HDD-2014",
    "Channel": "Microsoft-Windows-GroupPolicy/Operational",
    "Level": "Information",
    "EventData": {
      "InfoDescription": "%%4165"
    },
    "RawXml": "<Event xmlns=\"http://schemas.microsoft.com/win/2004/08/events/event\"><System><Provider Name=\"Microsoft-Windows-GroupPolicy\" Guid=\"{aea1b4fa-97d1-45f2-a64c-4d69fffd92c9}\"></Provider>\n<EventID Qualifiers=\"\">5320</EventID>\n<Version>0</Version>\n<Level>4</Level>\n<Task>0</Task>\n<Opcode>0</Opcode>\n<Keywords>0x4000000000000000</Keywords>\n<TimeCreated SystemTime=\"2014-02-07 17:34:28.557953+00:00\"></TimeCreated>\n<EventRecordID>708</EventRecordID>\n<Correlation ActivityID=\"{80c01636-ad1f-42c9-b316-01b20504456e}\" RelatedActivityID=\"\"></Correlation>\n<Execution ProcessID=\"972\" ThreadID=\"2640\"></Execution>\n<Channel>Microsoft-Windows-GroupPolicy/Operational</Channel>\n<Computer>IACIS-HDD-2014</Computer>\n<Security UserID=\"S-1-5-18\"></Security>\n</System>\n<EventData><Data Name=\"InfoDescription\">%%4165</Data>\n</EventData>\n</Event>\n"
  },
  {
    "EventID": 8001,
    "Timestamp": "2014-02-07 17:34:28.557953+00:00",
    "Computer": "IACIS-HDD-2014",
    "Channel": "Microsoft-Windows-GroupPolicy/Operational",
    "Level": "Information",
    "EventData": {
      "PolicyElaspedTimeInSeconds": "0",
      "ErrorCode": "0",
      "PrincipalSamName": "IACIS-HDD-2014\\Sgt. Joe T. Nameless",
      "IsMachine": "0",
      "IsConnectivityFailure": "False"
    },
    "RawXml": "<Event xmlns=\"http://schemas.microsoft.com/win/2004/08/events/event\"><System><Provider Name=\"Microsoft-Windows-GroupPolicy\" Guid=\"{aea1b4fa-97d1-45f2-a64c-4d69fffd92c9}\"></Provider>\n<EventID Qualifiers=\"\">8001</EventID>\n<Version>1</Version>\n<Level>4</Level>\n<Task>0</Task>\n<Opcode>2</Opcode>\n<Keywords>0x4000000000000000</Keywords>\n<TimeCreated SystemTime=\"2014-02-07 17:34:28.557953+00:00\"></TimeCreated>\n<EventRecordID>709</EventRecordID>\n<Correlation ActivityID=\"{80c01636-ad1f-42c9-b316-01b20504456e}\" RelatedActivityID=\"\"></Correlation>\n<Execution ProcessID=\"972\" ThreadID=\"2640\"></Execution>\n<Channel>Microsoft-Windows-GroupPolicy/Operational</Channel>\n<Computer>IACIS-HDD-2014</Computer>\n<Security UserID=\"S-1-5-18\"></Security>\n</System>\n<EventData><Data Name=\"PolicyElaspedTimeInSeconds\">0</Data>\n<Data Name=\"ErrorCode\">0</Data>\n<Data Name=\"PrincipalSamName\">IACIS-HDD-2014\\Sgt. Joe T. Nameless</Data>\n<Data Name=\"IsMachine\">0</Data>\n<Data Name=\"IsConnectivityFailure\">False</Data>\n</EventData>\n</Event>\n"
  },
  {
    "EventID": 5315,
    "Timestamp": "2014-02-07 17:34:28.557953+00:00",
    "Computer": "IACIS-HDD-2014",
    "Channel": "Microsoft-Windows-GroupPolicy/Operational",
    "Level": "Information",
    "EventData": {
      "PrincipalSamName": "IACIS-HDD-2014\\Sgt. Joe T. Nameless",
      "NextPolicyApplicationTime": "96",
      "NextPolicyApplicationTimeUnit": "%%4100"
    },
    "RawXml": "<Event xmlns=\"http://schemas.microsoft.com/win/2004/08/events/event\"><System><Provider Name=\"Microsoft-Windows-GroupPolicy\" Guid=\"{aea1b4fa-97d1-45f2-a64c-4d69fffd92c9}\"></Provider>\n<EventID Qualifiers=\"\">5315</EventID>\n<Version>0</Version>\n<Level>4</Level>\n<Task>0</Task>\n<Opcode>0</Opcode>\n<Keywords>0x4000000000000000</Keywords>\n<TimeCreated SystemTime=\"2014-02-07 17:34:28.557953+00:00\"></TimeCreated>\n<EventRecordID>710</EventRecordID>\n<Correlation ActivityID=\"\" RelatedActivityID=\"\"></Correlation>\n<Execution ProcessID=\"972\" ThreadID=\"2796\"></Execution>\n<Channel>Microsoft-Windows-GroupPolicy/Operational</Channel>\n<Computer>IACIS-HDD-2014</Computer>\n<Security UserID=\"S-1-5-18\"></Security>\n</System>\n<EventData><Data Name=\"PrincipalSamName\">IACIS-HDD-2014\\Sgt. Joe T. Nameless</Data>\n<Data Name=\"NextPolicyApplicationTime\">96</Data>\n<Data Name=\"NextPolicyApplicationTimeUnit\">%%4100</Data>\n</EventData>\n</Event>\n"
  },
  {
    "EventID": 5324,
    "Timestamp": "2014-02-07 17:34:31.443958+00:00",
    "Computer": "IACIS-HDD-2014",
    "Channel": "Microsoft-Windows-GroupPolicy/Operational",
    "Level": "Information",
    "EventData": {
      "NotificationType": "3",
      "SessionId": "1"
    },
    "RawXml": "<Event xmlns=\"http://schemas.microsoft.com/win/2004/08/events/event\"><System><Provider Name=\"Microsoft-Windows-GroupPolicy\" Guid=\"{aea1b4fa-97d1-45f2-a64c-4d69fffd92c9}\"></Provider>\n<EventID Qualifiers=\"\">5324</EventID>\n<Version>0</Version>\n<Level>4</Level>\n<Task>0</Task>\n<Opcode>0</Opcode>\n<Keywords>0x4000000000000000</Keywords>\n<TimeCreated SystemTime=\"2014-02-07 17:34:31.443958+00:00\"></TimeCreated>\n<EventRecordID>711</EventRecordID>\n<Correlation ActivityID=\"\" RelatedActivityID=\"\"></Correlation>\n<Execution ProcessID=\"972\" ThreadID=\"2872\"></Execution>\n<Channel>Microsoft-Windows-GroupPolicy/Operational</Channel>\n<Computer>IACIS-HDD-2014</Computer>\n<Security UserID=\"S-1-5-18\"></Security>\n</System>\n<EventData><Data Name=\"NotificationType\">3</Data>\n<Data Name=\"SessionId\">1</Data>\n</EventData>\n</Event>\n"
  },
  {
    "EventID": 5324,
    "Timestamp": "2014-02-07 17:35:56.295309+00:00",
    "Computer": "IACIS-HDD-2014",
    "Channel": "Microsoft-Windows-GroupPolicy/Operational",
    "Level": "Information",
    "EventData": {
      "NotificationType": "4",
      "SessionId": "1"
    },
    "RawXml": "<Event xmlns=\"http://schemas.microsoft.com/win/2004/08/events/event\"><System><Provider Name=\"Microsoft-Windows-GroupPolicy\" Guid=\"{aea1b4fa-97d1-45f2-a64c-4d69fffd92c9}\"></Provider>\n<EventID Qualifiers=\"\">5324</EventID>\n<Version>0</Version>\n<Level>4</Level>\n<Task>0</Task>\n<Opcode>0</Opcode>\n<Keywords>0x4000000000000000</Keywords>\n<TimeCreated SystemTime=\"2014-02-07 17:35:56.295309+00:00\"></TimeCreated>\n<EventRecordID>712</EventRecordID>\n<Correlation ActivityID=\"{02b15c48-f800-0001-2689-e2d72424cf01}\" RelatedActivityID=\"\"></Correlation>\n<Execution ProcessID=\"972\" ThreadID=\"2704\"></Execution>\n<Channel>Microsoft-Windows-GroupPolicy/Operational</Channel>\n<Computer>IACIS-HDD-2014</Computer>\n<Security UserID=\"S-1-5-18\"></Security>\n</System>\n<EventData><Data Name=\"NotificationType\">4</Data>\n<Data Name=\"SessionId\">1</Data>\n</EventData>\n</Event>\n"
  },
  {
    "EventID": 5324,
    "Timestamp": "2014-02-07 17:35:57.012909+00:00",
    "Computer": "IACIS-HDD-2014",
    "Channel": "Microsoft-Windows-GroupPolicy/Operational",
    "Level": "Information",
    "EventData": {
      "NotificationType": "2",
      "SessionId": "1"
    },
    "RawXml": "<Event xmlns=\"http://schemas.microsoft.com/win/2004/08/events/event\"><System><Provider Name=\"Microsoft-Windows-GroupPolicy\" Guid=\"{aea1b4fa-97d1-45f2-a64c-4d69fffd92c9}\"></Provider>\n<EventID Qualifiers=\"\">5324</EventID>\n<Version>0</Version>\n<Level>4</Level>\n<Task>0</Task>\n<Opcode>0</Opcode>\n<Keywords>0x4000000000000000</Keywords>\n<TimeCreated SystemTime=\"2014-02-07 17:35:57.012909+00:00\"></TimeCreated>\n<EventRecordID>713</EventRecordID>\n<Correlation ActivityID=\"\" RelatedActivityID=\"\"></Correlation>\n<Execution ProcessID=\"972\" ThreadID=\"2800\"></Execution>\n<Channel>Microsoft-Windows-GroupPolicy/Operational</Channel>\n<Computer>IACIS-HDD-2014</Computer>\n<Security UserID=\"S-1-5-18\"></Security>\n</System>\n<EventData><Data Name=\"NotificationType\">2</Data>\n<Data Name=\"SessionId\">1</Data>\n</EventData>\n</Event>\n"
  },
  {
    "EventID": 5325,
    "Timestamp": "2014-02-07 17:35:58.089312+00:00",
    "Computer": "IACIS-HDD-2014",
    "Channel": "Microsoft-Windows-GroupPolicy/Operational",
    "Level": "Information",
    "EventData": {
      "NotificationType": "0"
    },
    "RawXml": "<Event xmlns=\"http://schemas.microsoft.com/win/2004/08/events/event\"><System><Provider Name=\"Microsoft-Windows-GroupPolicy\" Guid=\"{aea1b4fa-97d1-45f2-a64c-4d69fffd92c9}\"></Provider>\n<EventID Qualifiers=\"\">5325</EventID>\n<Version>0</Version>\n<Level>4</Level>\n<Task>0</Task>\n<Opcode>0</Opcode>\n<Keywords>0x4000000000000000</Keywords>\n<TimeCreated SystemTime=\"2014-02-07 17:35:58.089312+00:00\"></TimeCreated>\n<EventRecordID>714</EventRecordID>\n<Correlation ActivityID=\"\" RelatedActivityID=\"\"></Correlation>\n<Execution ProcessID=\"972\" ThreadID=\"976\"></Execution>\n<Channel>Microsoft-Windows-GroupPolicy/Operational</Channel>\n<Computer>IACIS-HDD-2014</Computer>\n<Security UserID=\"S-1-5-18\"></Security>\n</System>\n<EventData><Data Name=\"NotificationType\">0</Data>\n</EventData>\n</Event>\n"
  },
  {
    "EventID": 5320,
    "Timestamp": "2014-02-10 14:49:43.441629+00:00",
    "Computer": "IACIS-HDD-2014",
    "Channel": "Microsoft-Windows-GroupPolicy/Operational",
    "Level": "Information",
    "EventData": {
      "InfoDescription": "%%4168"
    },
    "RawXml": "<Event xmlns=\"http://schemas.microsoft.com/win/2004/08/events/event\"><System><Provider Name=\"Microsoft-Windows-GroupPolicy\" Guid=\"{aea1b4fa-97d1-45f2-a64c-4d69fffd92c9}\"></Provider>\n<EventID Qualifiers=\"\">5320</EventID>\n<Version>0</Version>\n<Level>4</Level>\n<Task>0</Task>\n<Opcode>0</Opcode>\n<Keywords>0x4000000000000000</Keywords>\n<TimeCreated SystemTime=\"2014-02-10 14:49:43.441629+00:00\"></TimeCreated>\n<EventRecordID>715</EventRecordID>\n<Correlation ActivityID=\"\" RelatedActivityID=\"\"></Correlation>\n<Execution ProcessID=\"956\" ThreadID=\"968\"></Execution>\n<Channel>Microsoft-Windows-GroupPolicy/Operational</Channel>\n<Computer>IACIS-HDD-2014</Computer>\n<Security UserID=\"S-1-5-18\"></Security>\n</System>\n<EventData><Data Name=\"InfoDescription\">%%4168</Data>\n</EventData>\n</Event>\n"
  },
  {
    "EventID": 5320,
    "Timestamp": "2014-02-10 14:49:43.441629+00:00",
    "Computer": "IACIS-HDD-2014",
    "Channel": "Microsoft-Windows-GroupPolicy/Operational",
    "Level": "Information",
    "EventData": {
      "InfoDescription": "%%4160"
    },
    "RawXml": "<Event xmlns=\"http://schemas.microsoft.com/win/2004/08/events/event\"><System><Provider Name=\"Microsoft-Windows-GroupPolicy\" Guid=\"{aea1b4fa-97d1-45f2-a64c-4d69fffd92c9}\"></Provider>\n<EventID Qualifiers=\"\">5320</EventID>\n<Version>0</Version>\n<Level>4</Level>\n<Task>0</Task>\n<Opcode>0</Opcode>\n<Keywords>0x4000000000000000</Keywords>\n<TimeCreated SystemTime=\"2014-02-10 14:49:43.441629+00:00\"></TimeCreated>\n<EventRecordID>716</EventRecordID>\n<Correlation ActivityID=\"\" RelatedActivityID=\"\"></Correlation>\n<Execution ProcessID=\"956\" ThreadID=\"968\"></Execution>\n<Channel>Microsoft-Windows-GroupPolicy/Operational</Channel>\n<Computer>IACIS-HDD-2014</Computer>\n<Security UserID=\"S-1-5-18\"></Security>\n</System>\n<EventData><Data Name=\"InfoDescription\">%%4160</Data>\n</EventData>\n</Event>\n"
  },
