  {
    "EventID": 5311,
    "Timestamp": "2014-02-04 19:05:40.498177+00:00",
    "Computer": "IACIS-HDD-2014",
    "Channel": "Microsoft-Windows-GroupPolicy/Operational",
    "Level": "Information",
    "EventData": {
      "PolicyProcessingMode": "0"
    },
    "RawXml": "<Event xmlns=\"http://schemas.microsoft.com/win/2004/08/events/event\"><System><Provider Name=\"Microsoft-Windows-GroupPolicy\" Guid=\"{aea1b4fa-97d1-45f2-a64c-4d69fffd92c9}\"></Provider>\n<EventID Qualifiers=\"\">5311</EventID>\n<Version>0</Version>\n<Level>4</Level>\n<Task>0</Task>\n<Opcode>0</Opcode>\n<Keywords>0x4000000000000000</Keywords>\n<TimeCreated SystemTime=\"2014-02-04 19:05:40.498177+00:00\"></TimeCreated>\n<EventRecordID>453</EventRecordID>\n<Correlation ActivityID=\"{050d3085-e41e-44a3-bd92-5cab5f2dffb9}\" RelatedActivityID=\"\"></Correlation>\n<Execution ProcessID=\"988\" ThreadID=\"964\"></Execution>\n<Channel>Microsoft-Windows-GroupPolicy/Operational</Channel>\n<Computer>IACIS-HDD-2014</Computer>\n<Security UserID=\"S-1-5-18\"></Security>\n</System>\n<EventData><Data Name=\"PolicyProcessingMode\">0</Data>\n</EventData>\n</Event>\n"
  },
  {
    "EventID": 5312,
    "Timestamp": "2014-02-04 19:05:40.498177+00:00",
    "Computer": "IACIS-HDD-2014",
    "Channel": "Microsoft-Windows-GroupPolicy/Operational",
    "Level": "Information",
    "EventData": {
      "DescriptionString": "None",
      "GPOInfoList": ""
    },
    "RawXml": "<Event xmlns=\"http://schemas.microsoft.com/win/2004/08/events/event\"><System><Provider Name=\"Microsoft-Windows-GroupPolicy\" Guid=\"{aea1b4fa-97d1-45f2-a64c-4d69fffd92c9}\"></Provider>\n<EventID Qualifiers=\"\">5312</EventID>\n<Version>0</Version>\n<Level>4</Level>\n<Task>0</Task>\n<Opcode>0</Opcode>\n<Keywords>0x4000000000000000</Keywords>\n<TimeCreated SystemTime=\"2014-02-04 19:05:40.498177+00:00\"></TimeCreated>\n<EventRecordID>454</EventRecordID>\n<Correlation ActivityID=\"{050d3085-e41e-44a3-bd92-5cab5f2dffb9}\" RelatedActivityID=\"\"></Correlation>\n<Execution ProcessID=\"988\" ThreadID=\"964\"></Execution>\n<Channel>Microsoft-Windows-GroupPolicy/Operational</Channel>\n<Computer>IACIS-HDD-2014</Computer>\n<Security UserID=\"S-1-5-18\"></Security>\n</System>\n<EventData><Data Name=\"DescriptionString\">None</Data>\n<Data Name=\"GPOInfoList\"></Data>\n</EventData>\n</Event>\n"
  },
  {
    "EventID": 5313,
    "Timestamp": "2014-02-04 19:05:40.498177+00:00",
    "Computer": "IACIS-HDD-2014",
    "Channel": "Microsoft-Windows-GroupPolicy/Operational",
    "Level": "Information",
    "EventData": {
      "DescriptionString": "Local Group Policy\n\tNot Applied (Empty)\n",
      "GPOInfoList": "<GPO ID=\"Local Group Policy\"><Name>Local Group Policy</Name><Version>0</Version><SOM>Local</SOM><FSPath>C:\\Windows\\System32\\GroupPolicy\\Machine</FSPath><Reason>NOTAPPLIED-EMPTY</Reason></GPO>"
    },
    "RawXml": "<Event xmlns=\"http://schemas.microsoft.com/win/2004/08/events/event\"><System><Provider Name=\"Microsoft-Windows-GroupPolicy\" Guid=\"{aea1b4fa-97d1-45f2-a64c-4d69fffd92c9}\"></Provider>\n<EventID Qualifiers=\"\">5313</EventID>\n<Version>0</Version>\n<Level>4</Level>\n<Task>0</Task>\n<Opcode>0</Opcode>\n<Keywords>0x4000000000000000</Keywords>\n<TimeCreated SystemTime=\"2014-02-04 19:05:40.498177+00:00\"></TimeCreated>\n<EventRecordID>455</EventRecordID>\n<Correlation ActivityID=\"{050d3085-e41e-44a3-bd92-5cab5f2dffb9}\" RelatedActivityID=\"\"></Correlation>\n<Execution ProcessID=\"988\" ThreadID=\"964\"></Execution>\n<Channel>Microsoft-Windows-GroupPolicy/Operational</Channel>\n<Computer>IACIS-HDD-2014</Computer>\n<Security UserID=\"S-1-5-18\"></Security>\n</System>\n<EventData><Data Name=\"DescriptionString\">Local Group Policy\n\tNot Applied (Empty)\n</Data>\n<Data Name=\"GPOInfoList\">&lt;GPO ID=\"Local Group Policy\"&gt;&lt;Name&gt;Local Group Policy&lt;/Name&gt;&lt;Version&gt;0&lt;/Version&gt;&lt;SOM&gt;Local&lt;/SOM&gt;&lt;FSPath&gt;C:\\Windows\\System32\\GroupPolicy\\Machine&lt;/FSPath&gt;&lt;Reason&gt;NOTAPPLIED-EMPTY&lt;/Reason&gt;&lt;/GPO&gt;</Data>\n</EventData>\n</Event>\n"
  },
  {
    "EventID": 5320,
    "Timestamp": "2014-02-04 19:05:40.498177+00:00",
    "Computer": "IACIS-HDD-2014",
    "Channel": "Microsoft-Windows-GroupPolicy/Operational",
    "Level": "Information",
    "EventData": {
      "InfoDescription": "%%4161"
    },
    "RawXml": "<Event xmlns=\"http://schemas.microsoft.com/win/2004/08/events/event\"><System><Provider Name=\"Microsoft-Windows-GroupPolicy\" Guid=\"{aea1b4fa-97d1-45f2-a64c-4d69fffd92c9}\"></Provider>\n<EventID Qualifiers=\"\">5320</EventID>\n<Version>0</Version>\n<Level>4</Level>\n<Task>0</Task>\n<Opcode>0</Opcode>\n<Keywords>0x4000000000000000</Keywords>\n<TimeCreated SystemTime=\"2014-02-04 19:05:40.498177+00:00\"></TimeCreated>\n<EventRecordID>456</EventRecordID>\n<Correlation ActivityID=\"{050d3085-e41e-44a3-bd92-5cab5f2dffb9}\" RelatedActivityID=\"\"></Correlation>\n<Execution ProcessID=\"988\" ThreadID=\"964\"></Execution>\n<Channel>Microsoft-Windows-GroupPolicy/Operational</Channel>\n<Computer>IACIS-HDD-2014</Computer>\n<Security UserID=\"S-1-5-18\"></Security>\n</System>\n<EventData><Data Name=\"InfoDescription\">%%4161</Data>\n</EventData>\n</Event>\n"
  },
  {
    "EventID": 5320,
    "Timestamp": "2014-02-04 19:05:40.498177+00:00",
    "Computer": "IACIS-HDD-2014",
    "Channel": "Microsoft-Windows-GroupPolicy/Operational",
    "Level": "Information",
    "EventData": {
      "InfoDescription": "%%4163"
    },
    "RawXml": "<Event xmlns=\"http://schemas.microsoft.com/win/2004/08/events/event\"><System><Provider Name=\"Microsoft-Windows-GroupPolicy\" Guid=\"{aea1b4fa-97d1-45f2-a64c-4d69fffd92c9}\"></Provider>\n<EventID Qualifiers=\"\">5320</EventID>\n<Version>0</Version>\n<Level>4</Level>\n<Task>0</Task>\n<Opcode>0</Opcode>\n<Keywords>0x4000000000000000</Keywords>\n<TimeCreated SystemTime=\"2014-02-04 19:05:40.498177+00:00\"></TimeCreated>\n<EventRecordID>457</EventRecordID>\n<Correlation ActivityID=\"{050d3085-e41e-44a3-bd92-5cab5f2dffb9}\" RelatedActivityID=\"\"></Correlation>\n<Execution ProcessID=\"988\" ThreadID=\"964\"></Execution>\n<Channel>Microsoft-Windows-GroupPolicy/Operational</Channel>\n<Computer>IACIS-HDD-2014</Computer>\n<Security UserID=\"S-1-5-18\"></Security>\n</System>\n<EventData><Data Name=\"InfoDescription\">%%4163</Data>\n</EventData>\n</Event>\n"
  },
  {
    "EventID": 5320,
    "Timestamp": "2014-02-04 19:05:40.498177+00:00",
    "Computer": "IACIS-HDD-2014",
    "Channel": "Microsoft-Windows-GroupPolicy/Operational",
    "Level": "Information",
    "EventData": {
      "InfoDescription": "%%4165"
    },
    "RawXml": "<Event xmlns=\"http://schemas.microsoft.com/win/2004/08/events/event\"><System><Provider Name=\"Microsoft-Windows-GroupPolicy\" Guid=\"{aea1b4fa-97d1-45f2-a64c-4d69fffd92c9}\"></Provider>\n<EventID Qualifiers=\"\">5320</EventID>\n<Version>0</Version>\n<Level>4</Level>\n<Task>0</Task>\n<Opcode>0</Opcode>\n<Keywords>0x4000000000000000</Keywords>\n<TimeCreated SystemTime=\"2014-02-04 19:05:40.498177+00:00\"></TimeCreated>\n<EventRecordID>458</EventRecordID>\n<Correlation ActivityID=\"{050d3085-e41e-44a3-bd92-5cab5f2dffb9}\" RelatedActivityID=\"\"></Correlation>\n<Execution ProcessID=\"988\" ThreadID=\"964\"></Execution>\n<Channel>Microsoft-Windows-GroupPolicy/Operational</Channel>\n<Computer>IACIS-HDD-2014</Computer>\n<Security UserID=\"S-1-5-18\"></Security>\n</System>\n<EventData><Data Name=\"InfoDescription\">%%4165</Data>\n</EventData>\n</Event>\n"
  },
  {
    "EventID": 8006,
    "Timestamp": "2014-02-04 19:05:40.498177+00:00",
    "Computer": "IACIS-HDD-2014",
    "Channel": "Microsoft-Windows-GroupPolicy/Operational",
    "Level": "Information",
    "EventData": {
      "PolicyElaspedTimeInSeconds": "0",
      "ErrorCode": "0",
      "PrincipalSamName": "WORKGROUP\\IACIS-HDD-2014$",
      "IsMachine": "1",
      "IsConnectivityFailure": "False"
    },
    "RawXml": "<Event xmlns=\"http://schemas.microsoft.com/win/2004/08/events/event\"><System><Provider Name=\"Microsoft-Windows-GroupPolicy\" Guid=\"{aea1b4fa-97d1-45f2-a64c-4d69fffd92c9}\"></Provider>\n<EventID Qualifiers=\"\">8006</EventID>\n<Version>1</Version>\n<Level>4</Level>\n<Task>0</Task>\n<Opcode>2</Opcode>\n<Keywords>0x4000000000000000</Keywords>\n<TimeCreated SystemTime=\"2014-02-04 19:05:40.498177+00:00\"></TimeCreated>\n<EventRecordID>459</EventRecordID>\n<Correlation ActivityID=\"{050d3085-e41e-44a3-bd92-5cab5f2dffb9}\" RelatedActivityID=\"\"></Correlation>\n<Execution ProcessID=\"988\" ThreadID=\"964\"></Execution>\n<Channel>Microsoft-Windows-GroupPolicy/Operational</Channel>\n<Computer>IACIS-HDD-2014</Computer>\n<Security UserID=\"S-1-5-18\"></Security>\n</System>\n<EventData><Data Name=\"PolicyElaspedTimeInSeconds\">0</Data>\n<Data Name=\"ErrorCode\">0</Data>\n<Data Name=\"PrincipalSamName\">WORKGROUP\\IACIS-HDD-2014$</Data>\n<Data Name=\"IsMachine\">1</Data>\n<Data Name=\"IsConnectivityFailure\">False</Data>\n</EventData>\n</Event>\n"
  },
  {
    "EventID": 5315,
    "Timestamp": "2014-02-04 19:05:40.544977+00:00",
    "Computer": "IACIS-HDD-2014",
    "Channel": "Microsoft-Windows-GroupPolicy/Operational",
    "Level": "Information",
    "EventData": {
      "PrincipalSamName": "WORKGROUP\\IACIS-HDD-2014$",
      "NextPolicyApplicationTime": "92",
      "NextPolicyApplicationTimeUnit": "%%4100"
    },
    "RawXml": "<Event xmlns=\"http://schemas.microsoft.com/win/2004/08/events/event\"><System><Provider Name=\"Microsoft-Windows-GroupPolicy\" Guid=\"{aea1b4fa-97d1-45f2-a64c-4d69fffd92c9}\"></Provider>\n<EventID Qualifiers=\"\">5315</EventID>\n<Version>0</Version>\n<Level>4</Level>\n<Task>0</Task>\n<Opcode>0</Opcode>\n<Keywords>0x4000000000000000</Keywords>\n<TimeCreated SystemTime=\"2014-02-04 19:05:40.544977+00:00\"></TimeCreated>\n<EventRecordID>460</EventRecordID>\n<Correlation ActivityID=\"{050d3085-e41e-44a3-bd92-5cab5f2dffb9}\" RelatedActivityID=\"\"></Correlation>\n<Execution ProcessID=\"988\" ThreadID=\"964\"></Execution>\n<Channel>Microsoft-Windows-GroupPolicy/Operational</Channel>\n<Computer>IACIS-HDD-2014</Computer>\n<Security UserID=\"S-1-5-18\"></Security>\n</System>\n<EventData><Data Name=\"PrincipalSamName\">WORKGROUP\\IACIS-HDD-2014$</Data>\n<Data Name=\"NextPolicyApplicationTime\">92</Data>\n<Data Name=\"NextPolicyApplicationTimeUnit\">%%4100</Data>\n</EventData>\n</Event>\n"
  },
  {
    "EventID": 5324,
    "Timestamp": "2014-02-04 19:18:33.614136+00:00",
    "Computer": "IACIS-HDD-2014",
    "Channel": "Microsoft-Windows-GroupPolicy/Operational",
    "Level": "Information",
    "EventData": {
      "NotificationType": "4",
      "SessionId": "1"
    },
    "RawXml": "<Event xmlns=\"http://schemas.microsoft.com/win/2004/08/events/event\"><System><Provider Name=\"Microsoft-Windows-GroupPolicy\" Guid=\"{aea1b4fa-97d1-45f2-a64c-4d69fffd92c9}\"></Provider>\n<EventID Qualifiers=\"\">5324</EventID>\n<Version>0</Version>\n<Level>4</Level>\n<Task>0</Task>\n<Opcode>0</Opcode>\n<Keywords>0x4000000000000000</Keywords>\n<TimeCreated SystemTime=\"2014-02-04 19:18:33.614136+00:00\"></TimeCreated>\n<EventRecordID>461</EventRecordID>\n<Correlation ActivityID=\"\" RelatedActivityID=\"\"></Correlation>\n<Execution ProcessID=\"988\" ThreadID=\"1020\"></Execution>\n<Channel>Microsoft-Windows-GroupPolicy/Operational</Channel>\n<Computer>IACIS-HDD-2014</Computer>\n<Security UserID=\"S-1-5-18\"></Security>\n</System>\n<EventData><Data Name=\"NotificationType\">4</Data>\n<Data Name=\"SessionId\">1</Data>\n</EventData>\n</Event>\n"
  },
  {
    "EventID": 5324,
    "Timestamp": "2014-02-04 19:18:35.189739+00:00",
    "Computer": "IACIS-HDD-2014",
    "Channel": "Microsoft-Windows-GroupPolicy/Operational",
    "Level": "Information",
    "EventData": {
      "NotificationType": "2",
      "SessionId": "1"
    },
    "RawXml": "<Event xmlns=\"http://schemas.microsoft.com/win/2004/08/events/event\"><System><Provider Name=\"Microsoft-Windows-GroupPolicy\" Guid=\"{aea1b4fa-97d1-45f2-a64c-4d69fffd92c9}\"></Provider>\n<EventID Qualifiers=\"\">5324</EventID>\n<Version>0</Version>\n<Level>4</Level>\n<Task>0</Task>\n<Opcode>0</Opcode>\n<Keywords>0x4000000000000000</Keywords>\n<TimeCreated SystemTime=\"2014-02-04 19:18:35.189739+00:00\"></TimeCreated>\n<EventRecordID>462</EventRecordID>\n<Correlation ActivityID=\"{02b13c40-f800-0000-84fb-7ef1b221cf01}\" RelatedActivityID=\"\"></Correlation>\n<Execution ProcessID=\"988\" ThreadID=\"3364\"></Execution>\n<Channel>Microsoft-Windows-GroupPolicy/Operational</Channel>\n<Computer>IACIS-HDD-2014</Computer>\n<Security UserID=\"S-1-5-18\"></Security>\n</System>\n<EventData><Data Name=\"NotificationType\">2</Data>\n<Data Name=\"SessionId\">1</Data>\n</EventData>\n</Event>\n"
  },
  {
    "EventID": 5325,
    "Timestamp": "2014-02-04 19:18:41.960150+00:00",
    "Computer": "IACIS-HDD-2014",
    "Channel": "Microsoft-Windows-GroupPolicy/Operational",
    "Level": "Information",
    "EventData": {
      "NotificationType": "0"
    },
    "RawXml": "<Event xmlns=\"http://schemas.microsoft.com/win/2004/08/events/event\"><System><Provider Name=\"Microsoft-Windows-GroupPolicy\" Guid=\"{aea1b4fa-97d1-45f2-a64c-4d69fffd92c9}\"></Provider>\n<EventID Qualifiers=\"\">5325</EventID>\n<Version>0</Version>\n<Level>4</Level>\n<Task>0</Task>\n<Opcode>0</Opcode>\n<Keywords>0x4000000000000000</Keywords>\n<TimeCreated SystemTime=\"2014-02-04 19:18:41.960150+00:00\"></TimeCreated>\n<EventRecordID>463</EventRecordID>\n<Correlation ActivityID=\"\" RelatedActivityID=\"\"></Correlation>\n<Execution ProcessID=\"988\" ThreadID=\"992\"></Execution>\n<Channel>Microsoft-Windows-GroupPolicy/Operational</Channel>\n<Computer>IACIS-HDD-2014</Computer>\n<Security UserID=\"S-1-5-18\"></Security>\n</System>\n<EventData><Data Name=\"NotificationType\">0</Data>\n</EventData>\n</Event>\n"
  },
  {
    "EventID": 5320,
    "Timestamp": "2014-02-05 13:30:34.010839+00:00",
    "Computer": "IACIS-HDD-2014",
    "Channel": "Microsoft-Windows-GroupPolicy/Operational",
    "Level": "Information",
    "EventData": {
      "InfoDescription": "%%4168"
    },
    "RawXml": "<Event xmlns=\"http://schemas.microsoft.com/win/2004/08/events/event\"><System><Provider Name=\"Microsoft-Windows-GroupPolicy\" Guid=\"{aea1b4fa-97d1-45f2-a64c-4d69fffd92c9}\"></Provider>\n<EventID Qualifiers=\"\">5320</EventID>\n<Version>0</Version>\n<Level>4</Level>\n<Task>0</Task>\n<Opcode>0</Opcode>\n<Keywords>0x4000000000000000</Keywords>\n<TimeCreated SystemTime=\"2014-02-05 13:30:34.010839+00:00\"></TimeCreated>\n<EventRecordID>464</EventRecordID>\n<Correlation ActivityID=\"\" RelatedActivityID=\"\"></Correlation>\n<Execution ProcessID=\"1000\" ThreadID=\"112\"></Execution>\n<Channel>Microsoft-Windows-GroupPolicy/Operational</Channel>\n<Computer>IACIS-HDD-2014</Computer>\n<Security UserID=\"S-1-5-18\"></Security>\n</System>\n<EventData><Data Name=\"InfoDescription\">%%4168</Data>\n</EventData>\n</Event>\n"
  },
  {
    "EventID": 5320,
    "Timestamp": "2014-02-05 13:30:34.010839+00:00",
    "Computer": "IACIS-HDD-2014",
    "Channel": "Microsoft-Windows-GroupPolicy/Operational",
    "Level": "Information",
    "EventData": {
      "InfoDescription": "%%4160"
    },
    "RawXml": "<Event xmlns=\"http://schemas.microsoft.com/win/2004/08/events/event\"><System><Provider Name=\"Microsoft-Windows-GroupPolicy\" Guid=\"{aea1b4fa-97d1-45f2-a64c-4d69fffd92c9}\"></Provider>\n<EventID Qualifiers=\"\">5320</EventID>\n<Version>0</Version>\n<Level>4</Level>\n<Task>0</Task>\n<Opcode>0</Opcode>\n<Keywords>0x4000000000000000</Keywords>\n<TimeCreated SystemTime=\"2014-02-05 13:30:34.010839+00:00\"></TimeCreated>\n<EventRecordID>465</EventRecordID>\n<Correlation ActivityID=\"\" RelatedActivityID=\"\"></Correlation>\n<Execution ProcessID=\"1000\" ThreadID=\"112\"></Execution>\n<Channel>Microsoft-Windows-GroupPolicy/Operational</Channel>\n<Computer>IACIS-HDD-2014</Computer>\n<Security UserID=\"S-1-5-18\"></Security>\n</System>\n<EventData><Data Name=\"InfoDescription\">%%4160</Data>\n</EventData>\n</Event>\n"
  },
  {
    "EventID": 5320,
    "Timestamp": "2014-02-05 13:30:34.010839+00:00",
    "Computer": "IACIS-HDD-2014",
    "Channel": "Microsoft-Windows-GroupPolicy/Operational",
    "Level": "Information",
    "EventData": {
      "InfoDescription": "%%4166"
    },
    "RawXml": "<Event xmlns=\"http://schemas.microsoft.com/win/2004/08/events/event\"><System><Provider Name=\"Microsoft-Windows-GroupPolicy\" Guid=\"{aea1b4fa-97d1-45f2-a64c-4d69fffd92c9}\"></Provider>\n<EventID Qualifiers=\"\">5320</EventID>\n<Version>0</Version>\n<Level>4</Level>\n<Task>0</Task>\n<Opcode>0</Opcode>\n<Keywords>0x4000000000000000</Keywords>\n<TimeCreated SystemTime=\"2014-02-05 13:30:34.010839+00:00\"></TimeCreated>\n<EventRecordID>466</EventRecordID>\n<Correlation ActivityID=\"\" RelatedActivityID=\"\"></Correlation>\n<Execution ProcessID=\"1000\" ThreadID=\"112\"></Execution>\n<Channel>Microsoft-Windows-GroupPolicy/Operational</Channel>\n<Computer>IACIS-HDD-2014</Computer>\n<Security UserID=\"S-1-5-18\"></Security>\n</System>\n<EventData><Data Name=\"InfoDescription\">%%4166</Data>\n</EventData>\n</Event>\n"
  },
  {
    "EventID": 5321,
    "Timestamp": "2014-02-05 13:30:34.010839+00:00",
    "Computer": "IACIS-HDD-2014",
    "Channel": "Microsoft-Windows-GroupPolicy/Operational",
    "Level": "Information",
    "EventData": {
      "InfoDescription": "%%4167",
      "OperationParameter1": "1b248536-7dab-4dd5-823f-edb849421797"
    },
    "RawXml": "<Event xmlns=\"http://schemas.microsoft.com/win/2004/08/events/event\"><System><Provider Name=\"Microsoft-Windows-GroupPolicy\" Guid=\"{aea1b4fa-97d1-45f2-a64c-4d69fffd92c9}\"></Provider>\n<EventID Qualifiers=\"\">5321</EventID>\n<Version>0</Version>\n<Level>4</Level>\n<Task>0</Task>\n<Opcode>0</Opcode>\n<Keywords>0x4000000000000000</Keywords>\n<TimeCreated SystemTime=\"2014-02-05 13:30:34.010839+00:00\"></TimeCreated>\n<EventRecordID>467</EventRecordID>\n<Correlation ActivityID=\"\" RelatedActivityID=\"\"></Correlation>\n<Execution ProcessID=\"1000\" ThreadID=\"112\"></Execution>\n<Channel>Microsoft-Windows-GroupPolicy/Operational</Channel>\n<Computer>IACIS-HDD-2014</Computer>\n<Security UserID=\"S-1-5-18\"></Security>\n</System>\n<EventData><Data Name=\"InfoDescription\">%%4167</Data>\n<Data Name=\"OperationParameter1\">1b248536-7dab-4dd5-823f-edb849421797</Data>\n</EventData>\n</Event>\n"
  },
  {
    "EventID": 5324,
    "Timestamp": "2014-02-05 13:30:34.106440+00:00",
    "Computer": "IACIS-HDD-2014",
    "Channel": "Microsoft-Windows-GroupPolicy/Operational",
    "Level": "Information",
    "EventData": {
      "NotificationType": "0",
      "SessionId": "1"
    },
    "RawXml": "<Event xmlns=\"http://schemas.microsoft.com/win/2004/08/events/event\"><System><Provider Name=\"Microsoft-Windows-GroupPolicy\" Guid=\"{aea1b4fa-97d1-45f2-a64c-4d69fffd92c9}\"></Provider>\n<EventID Qualifiers=\"\">5324</EventID>\n<Version>0</Version>\n<Level>4</Level>\n<Task>0</Task>\n<Opcode>0</Opcode>\n<Keywords>0x4000000000000000</Keywords>\n<TimeCreated SystemTime=\"2014-02-05 13:30:34.106440+00:00\"></TimeCreated>\n<EventRecordID>468</EventRecordID>\n<Correlation ActivityID=\"\" RelatedActivityID=\"\"></Correlation>\n<Execution ProcessID=\"1000\" ThreadID=\"112\"></Execution>\n<Channel>Microsoft-Windows-GroupPolicy/Operational</Channel>\n<Computer>IACIS-HDD-2014</Computer>\n<Security UserID=\"S-1-5-18\"></Security>\n</System>\n<EventData><Data Name=\"NotificationType\">0</Data>\n<Data Name=\"SessionId\">1</Data>\n</EventData>\n</Event>\n"
  },
  {
    "EventID": 4000,
    "Timestamp": "2014-02-05 13:30:34.109440+00:00",
    "Computer": "IACIS-HDD-2014",
    "Channel": "Microsoft-Windows-GroupPolicy/Operational",
    "Level": "Information",
    "EventData": {
      "PolicyActivityId": "{c432be0f-94cc-493f-813d-ab96232e9788}",
      "PrincipalSamName": "WORKGROUP\\IACIS-HDD-2014$",
      "IsMachine": "1",
      "IsDomainJoined": "False",
      "IsBackgroundProcessing": "False",
      "IsAsyncProcessing": "True",
      "IsServiceRestart": "False",
      "ReasonForSyncProcessing": "0"
    },
    "RawXml": "<Event xmlns=\"http://schemas.microsoft.com/win/2004/08/events/event\"><System><Provider Name=\"Microsoft-Windows-GroupPolicy\" Guid=\"{aea1b4fa-97d1-45f2-a64c-4d69fffd92c9}\"></Provider>\n<EventID Qualifiers=\"\">4000</EventID>\n<Version>1</Version>\n<Level>4</Level>\n<Task>0</Task>\n<Opcode>1</Opcode>\n<Keywords>0x4000000000000000</Keywords>\n<TimeCreated SystemTime=\"2014-02-05 13:30:34.109440+00:00\"></TimeCreated>\n<EventRecordID>469</EventRecordID>\n<Correlation ActivityID=\"{c432be0f-94cc-493f-813d-ab96232e9788}\" RelatedActivityID=\"\"></Correlation>\n<Execution ProcessID=\"1000\" ThreadID=\"1076\"></Execution>\n<Channel>Microsoft-Windows-GroupPolicy/Operational</Channel>\n<Computer>IACIS-HDD-2014</Computer>\n<Security UserID=\"S-1-5-18\"></Security>\n</System>\n<EventData><Data Name=\"PolicyActivityId\">{c432be0f-94cc-493f-813d-ab96232e9788}</Data>\n<Data Name=\"PrincipalSamName\">WORKGROUP\\IACIS-HDD-2014$</Data>\n<Data Name=\"IsMachine\">1</Data>\n<Data Name=\"IsDomainJoined\">False</Data>\n<Data Name=\"IsBackgroundProcessing\">False</Data>\n<Data Name=\"IsAsyncProcessing\">True</Data>\n<Data Name=\"IsServiceRestart\">False</Data>\n<Data Name=\"ReasonForSyncProcessing\">0</Data>\n</EventData>\n</Event>\n"
  },
  {
    "EventID": 5311,
    "Timestamp": "2014-02-05 13:30:34.114439+00:00",
    "Computer": "IACIS-HDD-2014",
    "Channel": "Microsoft-Windows-GroupPolicy/Operational",
    "Level": "Information",
    "EventData": {
      "PolicyProcessingMode": "0"
    },
    "RawXml": "<Event xmlns=\"http://schemas.microsoft.com/win/2004/08/events/event\"><System><Provider Name=\"Microsoft-Windows-GroupPolicy\" Guid=\"{aea1b4fa-97d1-45f2-a64c-4d69fffd92c9}\"></Provider>\n<EventID Qualifiers=\"\">5311</EventID>\n<Version>0</Version>\n<Level>4</Level>\n<Task>0</Task>\n<Opcode>0</Opcode>\n<Keywords>0x4000000000000000</Keywords>\n<TimeCreated SystemTime=\"2014-02-05 13:30:34.114439+00:00\"></TimeCreated>\n<EventRecordID>470</EventRecordID>\n<Correlation ActivityID=\"{c432be0f-94cc-493f-813d-ab96232e9788}\" RelatedActivityID=\"\"></Correlation>\n<Execution ProcessID=\"1000\" ThreadID=\"1076\"></Execution>\n<Channel>Microsoft-Windows-GroupPolicy/Operational</Channel>\n<Computer>IACIS-HDD-2014</Computer>\n<Security UserID=\"S-1-5-18\"></Security>\n</System>\n<EventData><Data Name=\"PolicyProcessingMode\">0</Data>\n</EventData>\n</Event>\n"
  },
  {
    "EventID": 5312,
    "Timestamp": "2014-02-05 13:30:34.114439+00:00",
    "Computer": "IACIS-HDD-2014",
    "Channel": "Microsoft-Windows-GroupPolicy/Operational",
    "Level": "Information",
    "EventData": {
      "DescriptionString": "None",
      "GPOInfoList": ""
    },
    "RawXml": "<Event xmlns=\"http://schemas.microsoft.com/win/2004/08/events/event\"><System><Provider Name=\"Microsoft-Windows-GroupPolicy\" Guid=\"{aea1b4fa-97d1-45f2-a64c-4d69fffd92c9}\"></Provider>\n<EventID Qualifiers=\"\">5312</EventID>\n<Version>0</Version>\n<Level>4</Level>\n<Task>0</Task>\n<Opcode>0</Opcode>\n<Keywords>0x4000000000000000</Keywords>\n<TimeCreated SystemTime=\"2014-02-05 13:30:34.114439+00:00\"></TimeCreated>\n<EventRecordID>471</EventRecordID>\n<Correlation ActivityID=\"{c432be0f-94cc-493f-813d-ab96232e9788}\" RelatedActivityID=\"\"></Correlation>\n<Execution ProcessID=\"1000\" ThreadID=\"1076\"></Execution>\n<Channel>Microsoft-Windows-GroupPolicy/Operational</Channel>\n<Computer>IACIS-HDD-2014</Computer>\n<Security UserID=\"S-1-5-18\"></Security>\n</System>\n<EventData><Data Name=\"DescriptionString\">None</Data>\n<Data Name=\"GPOInfoList\"></Data>\n</EventData>\n</Event>\n"
  },
  {
    "EventID": 5313,
    "Timestamp": "2014-02-05 13:30:34.114439+00:00",
    "Computer": "IACIS-HDD-2014",
    "Channel": "Microsoft-Windows-GroupPolicy/Operational",
    "Level": "Information",
    "EventData": {
      "DescriptionString": "Local Group Policy\n\tNot Applied (Empty)\n",
      "GPOInfoList": "<GPO ID=\"Local Group Policy\"><Name>Local Group Policy</Name><Version>0</Version><SOM>Local</SOM><FSPath>C:\\Windows\\System32\\GroupPolicy\\Machine</FSPath><Reason>NOTAPPLIED-EMPTY</Reason></GPO>"
    },
    "RawXml": "<Event xmlns=\"http://schemas.microsoft.com/win/2004/08/events/event\"><System><Provider Name=\"Microsoft-Windows-GroupPolicy\" Guid=\"{aea1b4fa-97d1-45f2-a64c-4d69fffd92c9}\"></Provider>\n<EventID Qualifiers=\"\">5313</EventID>\n<Version>0</Version>\n<Level>4</Level>\n<Task>0</Task>\n<Opcode>0</Opcode>\n<Keywords>0x4000000000000000</Keywords>\n<TimeCreated SystemTime=\"2014-02-05 13:30:34.114439+00:00\"></TimeCreated>\n<EventRecordID>472</EventRecordID>\n<Correlation ActivityID=\"{c432be0f-94cc-493f-813d-ab96232e9788}\" RelatedActivityID=\"\"></Correlation>\n<Execution ProcessID=\"1000\" ThreadID=\"1076\"></Execution>\n<Channel>Microsoft-Windows-GroupPolicy/Operational</Channel>\n<Computer>IACIS-HDD-2014</Computer>\n<Security UserID=\"S-1-5-18\"></Security>\n</System>\n<EventData><Data Name=\"DescriptionString\">Local Group Policy\n\tNot Applied (Empty)\n</Data>\n<Data Name=\"GPOInfoList\">&lt;GPO ID=\"Local Group Policy\"&gt;&lt;Name&gt;Local Group Policy&lt;/Name&gt;&lt;Version&gt;0&lt;/Version&gt;&lt;SOM&gt;Local&lt;/SOM&gt;&lt;FSPath&gt;C:\\Windows\\System32\\GroupPolicy\\Machine&lt;/FSPath&gt;&lt;Reason&gt;NOTAPPLIED-EMPTY&lt;/Reason&gt;&lt;/GPO&gt;</Data>\n</EventData>\n</Event>\n"
  },
  {
    "EventID": 5320,
    "Timestamp": "2014-02-05 13:30:34.114439+00:00",
    "Computer": "IACIS-HDD-2014",
    "Channel": "Microsoft-Windows-GroupPolicy/Operational",
    "Level": "Information",
    "EventData": {
      "InfoDescription": "%%4161"
    },
    "RawXml": "<Event xmlns=\"http://schemas.microsoft.com/win/2004/08/events/event\"><System><Provider Name=\"Microsoft-Windows-GroupPolicy\" Guid=\"{aea1b4fa-97d1-45f2-a64c-4d69fffd92c9}\"></Provider>\n<EventID Qualifiers=\"\">5320</EventID>\n<Version>0</Version>\n<Level>4</Level>\n<Task>0</Task>\n<Opcode>0</Opcode>\n<Keywords>0x4000000000000000</Keywords>\n<TimeCreated SystemTime=\"2014-02-05 13:30:34.114439+00:00\"></TimeCreated>\n<EventRecordID>473</EventRecordID>\n<Correlation ActivityID=\"{c432be0f-94cc-493f-813d-ab96232e9788}\" RelatedActivityID=\"\"></Correlation>\n<Execution ProcessID=\"1000\" ThreadID=\"1076\"></Execution>\n<Channel>Microsoft-Windows-GroupPolicy/Operational</Channel>\n<Computer>IACIS-HDD-2014</Computer>\n<Security UserID=\"S-1-5-18\"></Security>\n</System>\n<EventData><Data Name=\"InfoDescription\">%%4161</Data>\n</EventData>\n</Event>\n"
  },
  {
    "EventID": 5320,
    "Timestamp": "2014-02-05 13:30:34.114439+00:00",
    "Computer": "IACIS-HDD-2014",
    "Channel": "Microsoft-Windows-GroupPolicy/Operational",
    "Level": "Information",
    "EventData": {
      "InfoDescription": "%%4163"
    },
    "RawXml": "<Event xmlns=\"http://schemas.microsoft.com/win/2004/08/events/event\"><System><Provider Name=\"Microsoft-Windows-GroupPolicy\" Guid=\"{aea1b4fa-97d1-45f2-a64c-4d69fffd92c9}\"></Provider>\n<EventID Qualifiers=\"\">5320</EventID>\n<Version>0</Version>\n<Level>4</Level>\n<Task>0</Task>\n<Opcode>0</Opcode>\n<Keywords>0x4000000000000000</Keywords>\n<TimeCreated SystemTime=\"2014-02-05 13:30:34.114439+00:00\"></TimeCreated>\n<EventRecordID>474</EventRecordID>\n<Correlation ActivityID=\"{c432be0f-94cc-493f-813d-ab96232e9788}\" RelatedActivityID=\"\"></Correlation>\n<Execution ProcessID=\"1000\" ThreadID=\"1076\"></Execution>\n<Channel>Microsoft-Windows-GroupPolicy/Operational</Channel>\n<Computer>IACIS-HDD-2014</Computer>\n<Security UserID=\"S-1-5-18\"></Security>\n</System>\n<EventData><Data Name=\"InfoDescription\">%%4163</Data>\n</EventData>\n</Event>\n"
  },
  {
    "EventID": 5320,
    "Timestamp": "2014-02-05 13:30:34.114439+00:00",
    "Computer": "IACIS-HDD-2014",
    "Channel": "Microsoft-Windows-GroupPolicy/Operational",
    "Level": "Information",
    "EventData": {
      "InfoDescription": "%%4165"
    },
    "RawXml": "<Event xmlns=\"http://schemas.microsoft.com/win/2004/08/events/event\"><System><Provider Name=\"Microsoft-Windows-GroupPolicy\" Guid=\"{aea1b4fa-97d1-45f2-a64c-4d69fffd92c9}\"></Provider>\n<EventID Qualifiers=\"\">5320</EventID>\n<Version>0</Version>\n<Level>4</Level>\n<Task>0</Task>\n<Opcode>0</Opcode>\n<Keywords>0x4000000000000000</Keywords>\n<TimeCreated SystemTime=\"2014-02-05 13:30:34.114439+00:00\"></TimeCreated>\n<EventRecordID>475</EventRecordID>\n<Correlation ActivityID=\"{c432be0f-94cc-493f-813d-ab96232e9788}\" RelatedActivityID=\"\"></Correlation>\n<Execution ProcessID=\"1000\" ThreadID=\"1076\"></Execution>\n<Channel>Microsoft-Windows-GroupPolicy/Operational</Channel>\n<Computer>IACIS-HDD-2014</Computer>\n<Security UserID=\"S-1-5-18\"></Security>\n</System>\n<EventData><Data Name=\"InfoDescription\">%%4165</Data>\n</EventData>\n</Event>\n"
  },
  {
    "EventID": 8000,
    "Timestamp": "2014-02-05 13:30:34.114439+00:00",
    "Computer": "IACIS-HDD-2014",
    "Channel": "Microsoft-Windows-GroupPolicy/Operational",
    "Level": "Information",
    "EventData": {
      "PolicyElaspedTimeInSeconds": "0",
      "ErrorCode": "0",
      "PrincipalSamName": "WORKGROUP\\IACIS-HDD-2014$",
      "IsMachine": "1",
      "IsConnectivityFailure": "False"
    },
    "RawXml": "<Event xmlns=\"http://schemas.microsoft.com/win/2004/08/events/event\"><System><Provider Name=\"Microsoft-Windows-GroupPolicy\" Guid=\"{aea1b4fa-97d1-45f2-a64c-4d69fffd92c9}\"></Provider>\n<EventID Qualifiers=\"\">8000</EventID>\n<Version>1</Version>\n<Level>4</Level>\n<Task>0</Task>\n<Opcode>2</Opcode>\n<Keywords>0x4000000000000000</Keywords>\n<TimeCreated SystemTime=\"2014-02-05 13:30:34.114439+00:00\"></TimeCreated>\n<EventRecordID>476</EventRecordID>\n<Correlation ActivityID=\"{c432be0f-94cc-493f-813d-ab96232e9788}\" RelatedActivityID=\"\"></Correlation>\n<Execution ProcessID=\"1000\" ThreadID=\"1076\"></Execution>\n<Channel>Microsoft-Windows-GroupPolicy/Operational</Channel>\n<Computer>IACIS-HDD-2014</Computer>\n<Security UserID=\"S-1-5-18\"></Security>\n</System>\n<EventData><Data Name=\"PolicyElaspedTimeInSeconds\">0</Data>\n<Data Name=\"ErrorCode\">0</Data>\n<Data Name=\"PrincipalSamName\">WORKGROUP\\IACIS-HDD-2014$</Data>\n<Data Name=\"IsMachine\">1</Data>\n<Data Name=\"IsConnectivityFailure\">False</Data>\n</EventData>\n</Event>\n"
  },
  {
    "EventID": 5315,
    "Timestamp": "2014-02-05 13:30:34.114439+00:00",
    "Computer": "IACIS-HDD-2014",
    "Channel": "Microsoft-Windows-GroupPolicy/Operational",
    "Level": "Information",
    "EventData": {
      "PrincipalSamName": "WORKGROUP\\IACIS-HDD-2014$",
      "NextPolicyApplicationTime": "94",
      "NextPolicyApplicationTimeUnit": "%%4100"
    },
    "RawXml": "<Event xmlns=\"http://schemas.microsoft.com/win/2004/08/events/event\"><System><Provider Name=\"Microsoft-Windows-GroupPolicy\" Guid=\"{aea1b4fa-97d1-45f2-a64c-4d69fffd92c9}\"></Provider>\n<EventID Qualifiers=\"\">5315</EventID>\n<Version>0</Version>\n<Level>4</Level>\n<Task>0</Task>\n<Opcode>0</Opcode>\n<Keywords>0x4000000000000000</Keywords>\n<TimeCreated SystemTime=\"2014-02-05 13:30:34.114439+00:00\"></TimeCreated>\n<EventRecordID>477</EventRecordID>\n<Correlation ActivityID=\"\" RelatedActivityID=\"\"></Correlation>\n<Execution ProcessID=\"1000\" ThreadID=\"1084\"></Execution>\n<Channel>Microsoft-Windows-GroupPolicy/Operational</Channel>\n<Computer>IACIS-HDD-2014</Computer>\n<Security UserID=\"S-1-5-18\"></Security>\n</System>\n<EventData><Data Name=\"PrincipalSamName\">WORKGROUP\\IACIS-HDD-2014$</Data>\n<Data Name=\"NextPolicyApplicationTime\">94</Data>\n<Data Name=\"NextPolicyApplicationTimeUnit\">%%4100</Data>\n</EventData>\n</Event>\n"
  },
  {
    "EventID": 5324,
    "Timestamp": "2014-02-05 13:37:13.729546+00:00",
    "Computer": "IACIS-HDD-2014",
    "Channel": "Microsoft-Windows-GroupPolicy/Operational",
    "Level": "Information",
    "EventData": {
      "NotificationType": "1",
      "SessionId": "1"
    },
    "RawXml": "<Event xmlns=\"http://schemas.microsoft.com/win/2004/08/events/event\"><System><Provider Name=\"Microsoft-Windows-GroupPolicy\" Guid=\"{aea1b4fa-97d1-45f2-a64c-4d69fffd92c9}\"></Provider>\n<EventID Qualifiers=\"\">5324</EventID>\n<Version>0</Version>\n<Level>4</Level>\n<Task>0</Task>\n<Opcode>0</Opcode>\n<Keywords>0x4000000000000000</Keywords>\n<TimeCreated SystemTime=\"2014-02-05 13:37:13.729546+00:00\"></TimeCreated>\n<EventRecordID>478</EventRecordID>\n<Correlation ActivityID=\"\" RelatedActivityID=\"\"></Correlation>\n<Execution ProcessID=\"1000\" ThreadID=\"2424\"></Execution>\n<Channel>Microsoft-Windows-GroupPolicy/Operational</Channel>\n<Computer>IACIS-HDD-2014</Computer>\n<Security UserID=\"S-1-5-18\"></Security>\n</System>\n<EventData><Data Name=\"NotificationType\">1</Data>\n<Data Name=\"SessionId\">1</Data>\n</EventData>\n</Event>\n"
  },
  {
    "EventID": 4001,
    "Timestamp": "2014-02-05 13:37:13.947947+00:00",
    "Computer": "IACIS-HDD-2014",
    "Channel": "Microsoft-Windows-GroupPolicy/Operational",
    "Level": "Information",
    "EventData": {
      "PolicyActivityId": "{5d4b986e-8983-4668-83dd-94704eb029c8}",
      "PrincipalSamName": "IACIS-HDD-2014\\Sgt. Joe T. Nameless",
      "IsMachine": "0",
      "IsDomainJoined": "False",
      "IsBackgroundProcessing": "False",
      "IsAsyncProcessing": "True",
      "IsServiceRestart": "False",
      "ReasonForSyncProcessing": "0"
    },
    "RawXml": "<Event xmlns=\"http://schemas.microsoft.com/win/2004/08/events/event\"><System><Provider Name=\"Microsoft-Windows-GroupPolicy\" Guid=\"{aea1b4fa-97d1-45f2-a64c-4d69fffd92c9}\"></Provider>\n<EventID Qualifiers=\"\">4001</EventID>\n<Version>1</Version>\n<Level>4</Level>\n<Task>0</Task>\n<Opcode>1</Opcode>\n<Keywords>0x4000000000000000</Keywords>\n<TimeCreated SystemTime=\"2014-02-05 13:37:13.947947+00:00\"></TimeCreated>\n<EventRecordID>479</EventRecordID>\n<Correlation ActivityID=\"{5d4b986e-8983-4668-83dd-94704eb029c8}\" RelatedActivityID=\"\"></Correlation>\n<Execution ProcessID=\"1000\" ThreadID=\"3040\"></Execution>\n<Channel>Microsoft-Windows-GroupPolicy/Operational</Channel>\n<Computer>IACIS-HDD-2014</Computer>\n<Security UserID=\"S-1-5-18\"></Security>\n</System>\n<EventData><Data Name=\"PolicyActivityId\">{5d4b986e-8983-4668-83dd-94704eb029c8}</Data>\n<Data Name=\"PrincipalSamName\">IACIS-HDD-2014\\Sgt. Joe T. Nameless</Data>\n<Data Name=\"IsMachine\">0</Data>\n<Data Name=\"IsDomainJoined\">False</Data>\n<Data Name=\"IsBackgroundProcessing\">False</Data>\n<Data Name=\"IsAsyncProcessing\">True</Data>\n<Data Name=\"IsServiceRestart\">False</Data>\n<Data Name=\"ReasonForSyncProcessing\">0</Data>\n</EventData>\n</Event>\n"
  },
  {
    "EventID": 5311,
    "Timestamp": "2014-02-05 13:37:14.259947+00:00",
    "Computer": "IACIS-HDD-2014",
    "Channel": "Microsoft-Windows-GroupPolicy/Operational",
    "Level": "Information",
    "EventData": {
      "PolicyProcessingMode": "0"
    },
    "RawXml": "<Event xmlns=\"http://schemas.microsoft.com/win/2004/08/events/event\"><System><Provider Name=\"Microsoft-Windows-GroupPolicy\" Guid=\"{aea1b4fa-97d1-45f2-a64c-4d69fffd92c9}\"></Provider>\n<EventID Qualifiers=\"\">5311</EventID>\n<Version>0</Version>\n<Level>4</Level>\n<Task>0</Task>\n<Opcode>0</Opcode>\n<Keywords>0x4000000000000000</Keywords>\n<TimeCreated SystemTime=\"2014-02-05 13:37:14.259947+00:00\"></TimeCreated>\n<EventRecordID>480</EventRecordID>\n<Correlation ActivityID=\"{5d4b986e-8983-4668-83dd-94704eb029c8}\" RelatedActivityID=\"\"></Correlation>\n<Execution ProcessID=\"1000\" ThreadID=\"3040\"></Execution>\n<Channel>Microsoft-Windows-GroupPolicy/Operational</Channel>\n<Computer>IACIS-HDD-2014</Computer>\n<Security UserID=\"S-1-5-21-1171287513-3642516788-2358256967-1003\"></Security>\n</System>\n<EventData><Data Name=\"PolicyProcessingMode\">0</Data>\n</EventData>\n</Event>\n"
  },
  {
    "EventID": 5312,
    "Timestamp": "2014-02-05 13:37:14.322346+00:00",
    "Computer": "IACIS-HDD-2014",
    "Channel": "Microsoft-Windows-GroupPolicy/Operational",
    "Level": "Information",
    "EventData": {
      "DescriptionString": "None",
      "GPOInfoList": ""
    },
    "RawXml": "<Event xmlns=\"http://schemas.microsoft.com/win/2004/08/events/event\"><System><Provider Name=\"Microsoft-Windows-GroupPolicy\" Guid=\"{aea1b4fa-97d1-45f2-a64c-4d69fffd92c9}\"></Provider>\n<EventID Qualifiers=\"\">5312</EventID>\n<Version>0</Version>\n<Level>4</Level>\n<Task>0</Task>\n<Opcode>0</Opcode>\n<Keywords>0x4000000000000000</Keywords>\n<TimeCreated SystemTime=\"2014-02-05 13:37:14.322346+00:00\"></TimeCreated>\n<EventRecordID>481</EventRecordID>\n<Correlation ActivityID=\"{5d4b986e-8983-4668-83dd-94704eb029c8}\" RelatedActivityID=\"\"></Correlation>\n<Execution ProcessID=\"1000\" ThreadID=\"3040\"></Execution>\n<Channel>Microsoft-Windows-GroupPolicy/Operational</Channel>\n<Computer>IACIS-HDD-2014</Computer>\n<Security UserID=\"S-1-5-18\"></Security>\n</System>\n<EventData><Data Name=\"DescriptionString\">None</Data>\n<Data Name=\"GPOInfoList\"></Data>\n</EventData>\n</Event>\n"
  },
  {
    "EventID": 5313,
    "Timestamp": "2014-02-05 13:37:14.322346+00:00",
    "Computer": "IACIS-HDD-2014",
    "Channel": "Microsoft-Windows-GroupPolicy/Operational",
    "Level": "Information",
    "EventData": {
      "DescriptionString": "Local Group Policy\n\tNot Applied (Empty)\n",
      "GPOInfoList": "<GPO ID=\"Local Group Policy\"><Name>Local Group Policy</Name><Version>0</Version><SOM>Local</SOM><FSPath>C:\\Windows\\System32\\GroupPolicy\\User</FSPath><Reason>NOTAPPLIED-EMPTY</Reason></GPO>"
    },
    "RawXml": "<Event xmlns=\"http://schemas.microsoft.com/win/2004/08/events/event\"><System><Provider Name=\"Microsoft-Windows-GroupPolicy\" Guid=\"{aea1b4fa-97d1-45f2-a64c-4d69fffd92c9}\"></Provider>\n<EventID Qualifiers=\"\">5313</EventID>\n<Version>0</Version>\n<Level>4</Level>\n<Task>0</Task>\n<Opcode>0</Opcode>\n<Keywords>0x4000000000000000</Keywords>\n<TimeCreated SystemTime=\"2014-02-05 13:37:14.322346+00:00\"></TimeCreated>\n<EventRecordID>482</EventRecordID>\n<Correlation ActivityID=\"{5d4b986e-8983-4668-83dd-94704eb029c8}\" RelatedActivityID=\"\"></Correlation>\n<Execution ProcessID=\"1000\" ThreadID=\"3040\"></Execution>\n<Channel>Microsoft-Windows-GroupPolicy/Operational</Channel>\n<Computer>IACIS-HDD-2014</Computer>\n<Security UserID=\"S-1-5-18\"></Security>\n</System>\n<EventData><Data Name=\"DescriptionString\">Local Group Policy\n\tNot Applied (Empty)\n</Data>\n<Data Name=\"GPOInfoList\">&lt;GPO ID=\"Local Group Policy\"&gt;&lt;Name&gt;Local Group Policy&lt;/Name&gt;&lt;Version&gt;0&lt;/Version&gt;&lt;SOM&gt;Local&lt;/SOM&gt;&lt;FSPath&gt;C:\\Windows\\System32\\GroupPolicy\\User&lt;/FSPath&gt;&lt;Reason&gt;NOTAPPLIED-EMPTY&lt;/Reason&gt;&lt;/GPO&gt;</Data>\n</EventData>\n</Event>\n"
  },
  {
    "EventID": 5320,
    "Timestamp": "2014-02-05 13:37:14.400347+00:00",
    "Computer": "IACIS-HDD-2014",
    "Channel": "Microsoft-Windows-GroupPolicy/Operational",
    "Level": "Information",
    "EventData": {
      "InfoDescription": "%%4161"
    },
    "RawXml": "<Event xmlns=\"http://schemas.microsoft.com/win/2004/08/events/event\"><System><Provider Name=\"Microsoft-Windows-GroupPolicy\" Guid=\"{aea1b4fa-97d1-45f2-a64c-4d69fffd92c9}\"></Provider>\n<EventID Qualifiers=\"\">5320</EventID>\n<Version>0</Version>\n<Level>4</Level>\n<Task>0</Task>\n<Opcode>0</Opcode>\n<Keywords>0x4000000000000000</Keywords>\n<TimeCreated SystemTime=\"2014-02-05 13:37:14.400347+00:00\"></TimeCreated>\n<EventRecordID>483</EventRecordID>\n<Correlation ActivityID=\"{5d4b986e-8983-4668-83dd-94704eb029c8}\" RelatedActivityID=\"\"></Correlation>\n<Execution ProcessID=\"1000\" ThreadID=\"3040\"></Execution>\n<Channel>Microsoft-Windows-GroupPolicy/Operational</Channel>\n<Computer>IACIS-HDD-2014</Computer>\n<Security UserID=\"S-1-5-18\"></Security>\n</System>\n<EventData><Data Name=\"InfoDescription\">%%4161</Data>\n</EventData>\n</Event>\n"
  },
  {
    "EventID": 5320,
    "Timestamp": "2014-02-05 13:37:14.400347+00:00",
    "Computer": "IACIS-HDD-2014",
    "Channel": "Microsoft-Windows-GroupPolicy/Operational",
    "Level": "Information",
    "EventData": {
      "InfoDescription": "%%4163"
    },
    "RawXml": "<Event xmlns=\"http://schemas.microsoft.com/win/2004/08/events/event\"><System><Provider Name=\"Microsoft-Windows-GroupPolicy\" Guid=\"{aea1b4fa-97d1-45f2-a64c-4d69fffd92c9}\"></Provider>\n<EventID Qualifiers=\"\">5320</EventID>\n<Version>0</Version>\n<Level>4</Level>\n<Task>0</Task>\n<Opcode>0</Opcode>\n<Keywords>0x4000000000000000</Keywords>\n<TimeCreated SystemTime=\"2014-02-05 13:37:14.400347+00:00\"></TimeCreated>\n<EventRecordID>484</EventRecordID>\n<Correlation ActivityID=\"{5d4b986e-8983-4668-83dd-94704eb029c8}\" RelatedActivityID=\"\"></Correlation>\n<Execution ProcessID=\"1000\" ThreadID=\"3040\"></Execution>\n<Channel>Microsoft-Windows-GroupPolicy/Operational</Channel>\n<Computer>IACIS-HDD-2014</Computer>\n<Security UserID=\"S-1-5-18\"></Security>\n</System>\n<EventData><Data Name=\"InfoDescription\">%%4163</Data>\n</EventData>\n</Event>\n"
  },
  {
    "EventID": 5320,
    "Timestamp": "2014-02-05 13:37:14.400347+00:00",
    "Computer": "IACIS-HDD-2014",
    "Channel": "Microsoft-Windows-GroupPolicy/Operational",
    "Level": "Information",
    "EventData": {
      "InfoDescription": "%%4165"
    },
    "RawXml": "<Event xmlns=\"http://schemas.microsoft.com/win/2004/08/events/event\"><System><Provider Name=\"Microsoft-Windows-GroupPolicy\" Guid=\"{aea1b4fa-97d1-45f2-a64c-4d69fffd92c9}\"></Provider>\n<EventID Qualifiers=\"\">5320</EventID>\n<Version>0</Version>\n<Level>4</Level>\n<Task>0</Task>\n<Opcode>0</Opcode>\n<Keywords>0x4000000000000000</Keywords>\n<TimeCreated SystemTime=\"2014-02-05 13:37:14.400347+00:00\"></TimeCreated>\n<EventRecordID>485</EventRecordID>\n<Correlation ActivityID=\"{5d4b986e-8983-4668-83dd-94704eb029c8}\" RelatedActivityID=\"\"></Correlation>\n<Execution ProcessID=\"1000\" ThreadID=\"3040\"></Execution>\n<Channel>Microsoft-Windows-GroupPolicy/Operational</Channel>\n<Computer>IACIS-HDD-2014</Computer>\n<Security UserID=\"S-1-5-18\"></Security>\n</System>\n<EventData><Data Name=\"InfoDescription\">%%4165</Data>\n</EventData>\n</Event>\n"
  },
  {
    "EventID": 8001,
    "Timestamp": "2014-02-05 13:37:14.400347+00:00",
    "Computer": "IACIS-HDD-2014",
    "Channel": "Microsoft-Windows-GroupPolicy/Operational",
    "Level": "Information",
    "EventData": {
      "PolicyElaspedTimeInSeconds": "0",
      "ErrorCode": "0",
      "PrincipalSamName": "IACIS-HDD-2014\\Sgt. Joe T. Nameless",
      "IsMachine": "0",
      "IsConnectivityFailure": "False"
    },
    "RawXml": "<Event xmlns=\"http://schemas.microsoft.com/win/2004/08/events/event\"><System><Provider Name=\"Microsoft-Windows-GroupPolicy\" Guid=\"{aea1b4fa-97d1-45f2-a64c-4d69fffd92c9}\"></Provider>\n<EventID Qualifiers=\"\">8001</EventID>\n<Version>1</Version>\n<Level>4</Level>\n<Task>0</Task>\n<Opcode>2</Opcode>\n<Keywords>0x4000000000000000</Keywords>\n<TimeCreated SystemTime=\"2014-02-05 13:37:14.400347+00:00\"></TimeCreated>\n<EventRecordID>486</EventRecordID>\n<Correlation ActivityID=\"{5d4b986e-8983-4668-83dd-94704eb029c8}\" RelatedActivityID=\"\"></Correlation>\n<Execution ProcessID=\"1000\" ThreadID=\"3040\"></Execution>\n<Channel>Microsoft-Windows-GroupPolicy/Operational</Channel>\n<Computer>IACIS-HDD-2014</Computer>\n<Security UserID=\"S-1-5-18\"></Security>\n</System>\n<EventData><Data Name=\"PolicyElaspedTimeInSeconds\">0</Data>\n<Data Name=\"ErrorCode\">0</Data>\n<Data Name=\"PrincipalSamName\">IACIS-HDD-2014\\Sgt. Joe T. Nameless</Data>\n<Data Name=\"IsMachine\">0</Data>\n<Data Name=\"IsConnectivityFailure\">False</Data>\n</EventData>\n</Event>\n"
  },
  {
    "EventID": 5315,
    "Timestamp": "2014-02-05 13:37:14.400347+00:00",
    "Computer": "IACIS-HDD-2014",
    "Channel": "Microsoft-Windows-GroupPolicy/Operational",
    "Level": "Information",
    "EventData": {
      "PrincipalSamName": "IACIS-HDD-2014\\Sgt. Joe T. Nameless",
      "NextPolicyApplicationTime": "117",
      "NextPolicyApplicationTimeUnit": "%%4100"
    },
    "RawXml": "<Event xmlns=\"http://schemas.microsoft.com/win/2004/08/events/event\"><System><Provider Name=\"Microsoft-Windows-GroupPolicy\" Guid=\"{aea1b4fa-97d1-45f2-a64c-4d69fffd92c9}\"></Provider>\n<EventID Qualifiers=\"\">5315</EventID>\n<Version>0</Version>\n<Level>4</Level>\n<Task>0</Task>\n<Opcode>0</Opcode>\n<Keywords>0x4000000000000000</Keywords>\n<TimeCreated SystemTime=\"2014-02-05 13:37:14.400347+00:00\"></TimeCreated>\n<EventRecordID>487</EventRecordID>\n<Correlation ActivityID=\"\" RelatedActivityID=\"\"></Correlation>\n<Execution ProcessID=\"1000\" ThreadID=\"1832\"></Execution>\n<Channel>Microsoft-Windows-GroupPolicy/Operational</Channel>\n<Computer>IACIS-HDD-2014</Computer>\n<Security UserID=\"S-1-5-18\"></Security>\n</System>\n<EventData><Data Name=\"PrincipalSamName\">IACIS-HDD-2014\\Sgt. Joe T. Nameless</Data>\n<Data Name=\"NextPolicyApplicationTime\">117</Data>\n<Data Name=\"NextPolicyApplicationTimeUnit\">%%4100</Data>\n</EventData>\n</Event>\n"
  },
  {
    "EventID": 5324,
    "Timestamp": "2014-02-05 13:37:19.673157+00:00",
    "Computer": "IACIS-HDD-2014",
    "Channel": "Microsoft-Windows-GroupPolicy/Operational",
    "Level": "Information",
    "EventData": {
      "NotificationType": "3",
      "SessionId": "1"
    },
    "RawXml": "<Event xmlns=\"http://schemas.microsoft.com/win/2004/08/events/event\"><System><Provider Name=\"Microsoft-Windows-GroupPolicy\" Guid=\"{aea1b4fa-97d1-45f2-a64c-4d69fffd92c9}\"></Provider>\n<EventID Qualifiers=\"\">5324</EventID>\n<Version>0</Version>\n<Level>4</Level>\n<Task>0</Task>\n<Opcode>0</Opcode>\n<Keywords>0x4000000000000000</Keywords>\n<TimeCreated SystemTime=\"2014-02-05 13:37:19.673157+00:00\"></TimeCreated>\n<EventRecordID>488</EventRecordID>\n<Correlation ActivityID=\"\" RelatedActivityID=\"\"></Correlation>\n<Execution ProcessID=\"1000\" ThreadID=\"2424\"></Execution>\n<Channel>Microsoft-Windows-GroupPolicy/Operational</Channel>\n<Computer>IACIS-HDD-2014</Computer>\n<Security UserID=\"S-1-5-18\"></Security>\n</System>\n<EventData><Data Name=\"NotificationType\">3</Data>\n<Data Name=\"SessionId\">1</Data>\n</EventData>\n</Event>\n"
  },
  {
    "EventID": 4006,
    "Timestamp": "2014-02-05 15:04:34.200544+00:00",
    "Computer": "IACIS-HDD-2014",
    "Channel": "Microsoft-Windows-GroupPolicy/Operational",
    "Level": "Information",
    "EventData": {
      "PolicyActivityId": "{afff44c7-56f4-4f05-af95-a10c2179dcf7}",
      "PrincipalSamName": "WORKGROUP\\IACIS-HDD-2014$",
      "IsMachine": "1",
      "IsDomainJoined": "False",
      "IsBackgroundProcessing": "True",
      "IsAsyncProcessing": "False",
      "IsServiceRestart": "False",
      "ReasonForSyncProcessing": "0"
    },
    "RawXml": "<Event xmlns=\"http://schemas.microsoft.com/win/2004/08/events/event\"><System><Provider Name=\"Microsoft-Windows-GroupPolicy\" Guid=\"{aea1b4fa-97d1-45f2-a64c-4d69fffd92c9}\"></Provider>\n<EventID Qualifiers=\"\">4006</EventID>\n<Version>1</Version>\n<Level>4</Level>\n<Task>0</Task>\n<Opcode>1</Opcode>\n<Keywords>0x4000000000000000</Keywords>\n<TimeCreated SystemTime=\"2014-02-05 15:04:34.200544+00:00\"></TimeCreated>\n<EventRecordID>489</EventRecordID>\n<Correlation ActivityID=\"{afff44c7-56f4-4f05-af95-a10c2179dcf7}\" RelatedActivityID=\"\"></Correlation>\n<Execution ProcessID=\"1000\" ThreadID=\"1084\"></Execution>\n<Channel>Microsoft-Windows-GroupPolicy/Operational</Channel>\n<Computer>IACIS-HDD-2014</Computer>\n<Security UserID=\"S-1-5-18\"></Security>\n</System>\n<EventData><Data Name=\"PolicyActivityId\">{afff44c7-56f4-4f05-af95-a10c2179dcf7}</Data>\n<Data Name=\"PrincipalSamName\">WORKGROUP\\IACIS-HDD-2014$</Data>\n<Data Name=\"IsMachine\">1</Data>\n<Data Name=\"IsDomainJoined\">False</Data>\n<Data Name=\"IsBackgroundProcessing\">True</Data>\n<Data Name=\"IsAsyncProcessing\">False</Data>\n<Data Name=\"IsServiceRestart\">False</Data>\n<Data Name=\"ReasonForSyncProcessing\">0</Data>\n</EventData>\n</Event>\n"
  },
  {
    "EventID": 5311,
    "Timestamp": "2014-02-05 15:04:34.300543+00:00",
    "Computer": "IACIS-HDD-2014",
    "Channel": "Microsoft-Windows-GroupPolicy/Operational",
    "Level": "Information",
    "EventData": {
      "PolicyProcessingMode": "0"
    },
    "RawXml": "<Event xmlns=\"http://schemas.microsoft.com/win/2004/08/events/event\"><System><Provider Name=\"Microsoft-Windows-GroupPolicy\" Guid=\"{aea1b4fa-97d1-45f2-a64c-4d69fffd92c9}\"></Provider>\n<EventID Qualifiers=\"\">5311</EventID>\n<Version>0</Version>\n<Level>4</Level>\n<Task>0</Task>\n<Opcode>0</Opcode>\n<Keywords>0x4000000000000000</Keywords>\n<TimeCreated SystemTime=\"2014-02-05 15:04:34.300543+00:00\"></TimeCreated>\n<EventRecordID>490</EventRecordID>\n<Correlation ActivityID=\"{afff44c7-56f4-4f05-af95-a10c2179dcf7}\" RelatedActivityID=\"\"></Correlation>\n<Execution ProcessID=\"1000\" ThreadID=\"1084\"></Execution>\n<Channel>Microsoft-Windows-GroupPolicy/Operational</Channel>\n<Computer>IACIS-HDD-2014</Computer>\n<Security UserID=\"S-1-5-18\"></Security>\n</System>\n<EventData><Data Name=\"PolicyProcessingMode\">0</Data>\n</EventData>\n</Event>\n"
  },
