  {
    "EventID": 4001,
    "Timestamp": "2014-02-10 14:49:52.714247+00:00",
    "Computer": "IACIS-HDD-2014",
    "Channel": "Microsoft-Windows-NetworkProfile/Operational",
    "Level": "Information",
    "EventData": {
      "InterfaceGuid": "{78a289b4-f8b9-43c7-8bba-f96e0bbc2185}",
      "CurrentOrNextState": "0"
    },
    "RawXml": "<Event xmlns=\"http://schemas.microsoft.com/win/2004/08/events/event\"><System><Provider Name=\"Microsoft-Windows-NetworkProfile\" Guid=\"{fbcfac3f-8459-419f-8e48-1f0b49cdb85e}\"></Provider>\n<EventID Qualifiers=\"\">4001</EventID>\n<Version>0</Version>\n<Level>4</Level>\n<Task>1</Task>\n<Opcode>1</Opcode>\n<Keywords>0x4000200000000000</Keywords>\n<TimeCreated SystemTime=\"2014-02-10 14:49:52.714247+00:00\"></TimeCreated>\n<EventRecordID>109</EventRecordID>\n<Correlation ActivityID=\"\" RelatedActivityID=\"\"></Correlation>\n<Execution ProcessID=\"932\" ThreadID=\"1940\"></Execution>\n<Channel>Microsoft-Windows-NetworkProfile/Operational</Channel>\n<Computer>IACIS-HDD-2014</Computer>\n<Security UserID=\"S-1-5-19\"></Security>\n</System>\n<EventData><Data Name=\"InterfaceGuid\">{78a289b4-f8b9-43c7-8bba-f96e0bbc2185}</Data>\n<Data Name=\"CurrentOrNextState\">0</Data>\n</EventData>\n</Event>\n"
  },
  {
    "EventID": 10000,
    "Timestamp": "2014-02-10 14:49:52.792248+00:00",
    "Computer": "IACIS-HDD-2014",
    "Channel": "Microsoft-Windows-NetworkProfile/Operational",
    "Level": "Information",
    "EventData": {
      "Name": "Identifying...",
      "Description": "Identifying...",
      "Guid": "{ba35cae5-9e3d-43ca-815a-2a1adac16177}",
      "Type": "0",
      "State": "1",
      "Category": "0"
    },
    "RawXml": "<Event xmlns=\"http://schemas.microsoft.com/win/2004/08/events/event\"><System><Provider Name=\"Microsoft-Windows-NetworkProfile\" Guid=\"{fbcfac3f-8459-419f-8e48-1f0b49cdb85e}\"></Provider>\n<EventID Qualifiers=\"\">10000</EventID>\n<Version>0</Version>\n<Level>4</Level>\n<Task>0</Task>\n<Opcode>0</Opcode>\n<Keywords>0x4000200000000000</Keywords>\n<TimeCreated SystemTime=\"2014-02-10 14:49:52.792248+00:00\"></TimeCreated>\n<EventRecordID>110</EventRecordID>\n<Correlation ActivityID=\"\" RelatedActivityID=\"\"></Correlation>\n<Execution ProcessID=\"932\" ThreadID=\"1944\"></Execution>\n<Channel>Microsoft-Windows-NetworkProfile/Operational</Channel>\n<Computer>IACIS-HDD-2014</Computer>\n<Security UserID=\"S-1-5-19\"></Security>\n</System>\n<EventData><Data Name=\"Name\">Identifying...</Data>\n<Data Name=\"Description\">Identifying...</Data>\n<Data Name=\"Guid\">{ba35cae5-9e3d-43ca-815a-2a1adac16177}</Data>\n<Data Name=\"Type\">0</Data>\n<Data Name=\"State\">1</Data>\n<Data Name=\"Category\">0</Data>\n</EventData>\n</Event>\n"
  },
  {
    "EventID": 4002,
    "Timestamp": "2014-02-10 14:49:53.775049+00:00",
    "Computer": "IACIS-HDD-2014",
    "Channel": "Microsoft-Windows-NetworkProfile/Operational",
    "Level": "Information",
    "EventData": {
      "InterfaceGuid": "{78a289b4-f8b9-43c7-8bba-f96e0bbc2185}",
      "CurrentOrNextState": "1"
    },
    "RawXml": "<Event xmlns=\"http://schemas.microsoft.com/win/2004/08/events/event\"><System><Provider Name=\"Microsoft-Windows-NetworkProfile\" Guid=\"{fbcfac3f-8459-419f-8e48-1f0b49cdb85e}\"></Provider>\n<EventID Qualifiers=\"\">4002</EventID>\n<Version>0</Version>\n<Level>4</Level>\n<Task>1</Task>\n<Opcode>2</Opcode>\n<Keywords>0x4001200000000000</Keywords>\n<TimeCreated SystemTime=\"2014-02-10 14:49:53.775049+00:00\"></TimeCreated>\n<EventRecordID>111</EventRecordID>\n<Correlation ActivityID=\"\" RelatedActivityID=\"\"></Correlation>\n<Execution ProcessID=\"932\" ThreadID=\"1952\"></Execution>\n<Channel>Microsoft-Windows-NetworkProfile/Operational</Channel>\n<Computer>IACIS-HDD-2014</Computer>\n<Security UserID=\"S-1-5-19\"></Security>\n</System>\n<EventData><Data Name=\"InterfaceGuid\">{78a289b4-f8b9-43c7-8bba-f96e0bbc2185}</Data>\n<Data Name=\"CurrentOrNextState\">1</Data>\n</EventData>\n</Event>\n"
  },
  {
    "EventID": 10000,
    "Timestamp": "2014-02-10 14:49:53.775049+00:00",
    "Computer": "IACIS-HDD-2014",
    "Channel": "Microsoft-Windows-NetworkProfile/Operational",
    "Level": "Information",
    "EventData": {
      "Name": "Network  2",
      "Description": "Network",
      "Guid": "{a18bd810-8272-4622-bd4b-b3bae106b941}",
      "Type": "0",
      "State": "5",
      "Category": "1"
    },
    "RawXml": "<Event xmlns=\"http://schemas.microsoft.com/win/2004/08/events/event\"><System><Provider Name=\"Microsoft-Windows-NetworkProfile\" Guid=\"{fbcfac3f-8459-419f-8e48-1f0b49cdb85e}\"></Provider>\n<EventID Qualifiers=\"\">10000</EventID>\n<Version>0</Version>\n<Level>4</Level>\n<Task>0</Task>\n<Opcode>0</Opcode>\n<Keywords>0x4000200000000000</Keywords>\n<TimeCreated SystemTime=\"2014-02-10 14:49:53.775049+00:00\"></TimeCreated>\n<EventRecordID>112</EventRecordID>\n<Correlation ActivityID=\"\" RelatedActivityID=\"\"></Correlation>\n<Execution ProcessID=\"932\" ThreadID=\"1944\"></Execution>\n<Channel>Microsoft-Windows-NetworkProfile/Operational</Channel>\n<Computer>IACIS-HDD-2014</Computer>\n<Security UserID=\"S-1-5-19\"></Security>\n</System>\n<EventData><Data Name=\"Name\">Network  2</Data>\n<Data Name=\"Description\">Network</Data>\n<Data Name=\"Guid\">{a18bd810-8272-4622-bd4b-b3bae106b941}</Data>\n<Data Name=\"Type\">0</Data>\n<Data Name=\"State\">5</Data>\n<Data Name=\"Category\">1</Data>\n</EventData>\n</Event>\n"
  },
  {
    "EventID": 10001,
    "Timestamp": "2014-02-10 18:26:09.710638+00:00",
    "Computer": "IACIS-HDD-2014",
    "Channel": "Microsoft-Windows-NetworkProfile/Operational",
    "Level": "Information",
    "EventData": {
      "Name": "Network  2",
      "Description": "Network",
      "Guid": "{a18bd810-8272-4622-bd4b-b3bae106b941}",
      "Type": "0",
      "State": "2",
      "Category": "1"
    },
    "RawXml": "<Event xmlns=\"http://schemas.microsoft.com/win/2004/08/events/event\"><System><Provider Name=\"Microsoft-Windows-NetworkProfile\" Guid=\"{fbcfac3f-8459-419f-8e48-1f0b49cdb85e}\"></Provider>\n<EventID Qualifiers=\"\">10001</EventID>\n<Version>0</Version>\n<Level>4</Level>\n<Task>0</Task>\n<Opcode>0</Opcode>\n<Keywords>0x4000200000000000</Keywords>\n<TimeCreated SystemTime=\"2014-02-10 18:26:09.710638+00:00\"></TimeCreated>\n<EventRecordID>113</EventRecordID>\n<Correlation ActivityID=\"\" RelatedActivityID=\"\"></Correlation>\n<Execution ProcessID=\"932\" ThreadID=\"1944\"></Execution>\n<Channel>Microsoft-Windows-NetworkProfile/Operational</Channel>\n<Computer>IACIS-HDD-2014</Computer>\n<Security UserID=\"S-1-5-19\"></Security>\n</System>\n<EventData><Data Name=\"Name\">Network  2</Data>\n<Data Name=\"Description\">Network</Data>\n<Data Name=\"Guid\">{a18bd810-8272-4622-bd4b-b3bae106b941}</Data>\n<Data Name=\"Type\">0</Data>\n<Data Name=\"State\">2</Data>\n<Data Name=\"Category\">1</Data>\n</EventData>\n</Event>\n"
  },
  {
    "EventID": 4001,
    "Timestamp": "2014-02-10 18:26:09.866638+00:00",
    "Computer": "IACIS-HDD-2014",
    "Channel": "Microsoft-Windows-NetworkProfile/Operational",
    "Level": "Information",
    "EventData": {
      "InterfaceGuid": "{78a289b4-f8b9-43c7-8bba-f96e0bbc2185}",
      "CurrentOrNextState": "0"
    },
    "RawXml": "<Event xmlns=\"http://schemas.microsoft.com/win/2004/08/events/event\"><System><Provider Name=\"Microsoft-Windows-NetworkProfile\" Guid=\"{fbcfac3f-8459-419f-8e48-1f0b49cdb85e}\"></Provider>\n<EventID Qualifiers=\"\">4001</EventID>\n<Version>0</Version>\n<Level>4</Level>\n<Task>1</Task>\n<Opcode>1</Opcode>\n<Keywords>0x4000200000000000</Keywords>\n<TimeCreated SystemTime=\"2014-02-10 18:26:09.866638+00:00\"></TimeCreated>\n<EventRecordID>114</EventRecordID>\n<Correlation ActivityID=\"\" RelatedActivityID=\"\"></Correlation>\n<Execution ProcessID=\"932\" ThreadID=\"1528\"></Execution>\n<Channel>Microsoft-Windows-NetworkProfile/Operational</Channel>\n<Computer>IACIS-HDD-2014</Computer>\n<Security UserID=\"S-1-5-19\"></Security>\n</System>\n<EventData><Data Name=\"InterfaceGuid\">{78a289b4-f8b9-43c7-8bba-f96e0bbc2185}</Data>\n<Data Name=\"CurrentOrNextState\">0</Data>\n</EventData>\n</Event>\n"
  },
  {
    "EventID": 10000,
    "Timestamp": "2014-02-10 18:26:09.991438+00:00",
    "Computer": "IACIS-HDD-2014",
    "Channel": "Microsoft-Windows-NetworkProfile/Operational",
    "Level": "Information",
    "EventData": {
      "Name": "Identifying...",
      "Description": "Identifying...",
      "Guid": "{ba35cae5-9e3d-43ca-815a-2a1adac16177}",
      "Type": "0",
      "State": "9",
      "Category": "0"
    },
    "RawXml": "<Event xmlns=\"http://schemas.microsoft.com/win/2004/08/events/event\"><System><Provider Name=\"Microsoft-Windows-NetworkProfile\" Guid=\"{fbcfac3f-8459-419f-8e48-1f0b49cdb85e}\"></Provider>\n<EventID Qualifiers=\"\">10000</EventID>\n<Version>0</Version>\n<Level>4</Level>\n<Task>0</Task>\n<Opcode>0</Opcode>\n<Keywords>0x4000200000000000</Keywords>\n<TimeCreated SystemTime=\"2014-02-10 18:26:09.991438+00:00\"></TimeCreated>\n<EventRecordID>115</EventRecordID>\n<Correlation ActivityID=\"\" RelatedActivityID=\"\"></Correlation>\n<Execution ProcessID=\"932\" ThreadID=\"1944\"></Execution>\n<Channel>Microsoft-Windows-NetworkProfile/Operational</Channel>\n<Computer>IACIS-HDD-2014</Computer>\n<Security UserID=\"S-1-5-19\"></Security>\n</System>\n<EventData><Data Name=\"Name\">Identifying...</Data>\n<Data Name=\"Description\">Identifying...</Data>\n<Data Name=\"Guid\">{ba35cae5-9e3d-43ca-815a-2a1adac16177}</Data>\n<Data Name=\"Type\">0</Data>\n<Data Name=\"State\">9</Data>\n<Data Name=\"Category\">0</Data>\n</EventData>\n</Event>\n"
  },
  {
    "EventID": 4001,
    "Timestamp": "2014-02-11 13:24:45.815056+00:00",
    "Computer": "IACIS-HDD-2014",
    "Channel": "Microsoft-Windows-NetworkProfile/Operational",
    "Level": "Information",
    "EventData": {
      "InterfaceGuid": "{78a289b4-f8b9-43c7-8bba-f96e0bbc2185}",
      "CurrentOrNextState": "0"
    },
    "RawXml": "<Event xmlns=\"http://schemas.microsoft.com/win/2004/08/events/event\"><System><Provider Name=\"Microsoft-Windows-NetworkProfile\" Guid=\"{fbcfac3f-8459-419f-8e48-1f0b49cdb85e}\"></Provider>\n<EventID Qualifiers=\"\">4001</EventID>\n<Version>0</Version>\n<Level>4</Level>\n<Task>1</Task>\n<Opcode>1</Opcode>\n<Keywords>0x4000200000000000</Keywords>\n<TimeCreated SystemTime=\"2014-02-11 13:24:45.815056+00:00\"></TimeCreated>\n<EventRecordID>116</EventRecordID>\n<Correlation ActivityID=\"\" RelatedActivityID=\"\"></Correlation>\n<Execution ProcessID=\"940\" ThreadID=\"1840\"></Execution>\n<Channel>Microsoft-Windows-NetworkProfile/Operational</Channel>\n<Computer>IACIS-HDD-2014</Computer>\n<Security UserID=\"S-1-5-19\"></Security>\n</System>\n<EventData><Data Name=\"InterfaceGuid\">{78a289b4-f8b9-43c7-8bba-f96e0bbc2185}</Data>\n<Data Name=\"CurrentOrNextState\">0</Data>\n</EventData>\n</Event>\n"
  },
  {
    "EventID": 10000,
    "Timestamp": "2014-02-11 13:24:45.843058+00:00",
    "Computer": "IACIS-HDD-2014",
    "Channel": "Microsoft-Windows-NetworkProfile/Operational",
    "Level": "Information",
    "EventData": {
      "Name": "Identifying...",
      "Description": "Identifying...",
      "Guid": "{0f94672c-7399-425c-8ddc-1bc8115e1cdf}",
      "Type": "0",
      "State": "1",
      "Category": "0"
    },
    "RawXml": "<Event xmlns=\"http://schemas.microsoft.com/win/2004/08/events/event\"><System><Provider Name=\"Microsoft-Windows-NetworkProfile\" Guid=\"{fbcfac3f-8459-419f-8e48-1f0b49cdb85e}\"></Provider>\n<EventID Qualifiers=\"\">10000</EventID>\n<Version>0</Version>\n<Level>4</Level>\n<Task>0</Task>\n<Opcode>0</Opcode>\n<Keywords>0x4000200000000000</Keywords>\n<TimeCreated SystemTime=\"2014-02-11 13:24:45.843058+00:00\"></TimeCreated>\n<EventRecordID>117</EventRecordID>\n<Correlation ActivityID=\"\" RelatedActivityID=\"\"></Correlation>\n<Execution ProcessID=\"940\" ThreadID=\"1940\"></Execution>\n<Channel>Microsoft-Windows-NetworkProfile/Operational</Channel>\n<Computer>IACIS-HDD-2014</Computer>\n<Security UserID=\"S-1-5-19\"></Security>\n</System>\n<EventData><Data Name=\"Name\">Identifying...</Data>\n<Data Name=\"Description\">Identifying...</Data>\n<Data Name=\"Guid\">{0f94672c-7399-425c-8ddc-1bc8115e1cdf}</Data>\n<Data Name=\"Type\">0</Data>\n<Data Name=\"State\">1</Data>\n<Data Name=\"Category\">0</Data>\n</EventData>\n</Event>\n"
  },
  {
    "EventID": 4002,
    "Timestamp": "2014-02-11 13:24:46.528658+00:00",
    "Computer": "IACIS-HDD-2014",
    "Channel": "Microsoft-Windows-NetworkProfile/Operational",
    "Level": "Information",
    "EventData": {
      "InterfaceGuid": "{78a289b4-f8b9-43c7-8bba-f96e0bbc2185}",
      "CurrentOrNextState": "1"
    },
    "RawXml": "<Event xmlns=\"http://schemas.microsoft.com/win/2004/08/events/event\"><System><Provider Name=\"Microsoft-Windows-NetworkProfile\" Guid=\"{fbcfac3f-8459-419f-8e48-1f0b49cdb85e}\"></Provider>\n<EventID Qualifiers=\"\">4002</EventID>\n<Version>0</Version>\n<Level>4</Level>\n<Task>1</Task>\n<Opcode>2</Opcode>\n<Keywords>0x4001200000000000</Keywords>\n<TimeCreated SystemTime=\"2014-02-11 13:24:46.528658+00:00\"></TimeCreated>\n<EventRecordID>118</EventRecordID>\n<Correlation ActivityID=\"\" RelatedActivityID=\"\"></Correlation>\n<Execution ProcessID=\"940\" ThreadID=\"956\"></Execution>\n<Channel>Microsoft-Windows-NetworkProfile/Operational</Channel>\n<Computer>IACIS-HDD-2014</Computer>\n<Security UserID=\"S-1-5-19\"></Security>\n</System>\n<EventData><Data Name=\"InterfaceGuid\">{78a289b4-f8b9-43c7-8bba-f96e0bbc2185}</Data>\n<Data Name=\"CurrentOrNextState\">1</Data>\n</EventData>\n</Event>\n"
  },
  {
    "EventID": 10000,
    "Timestamp": "2014-02-11 13:24:46.528658+00:00",
    "Computer": "IACIS-HDD-2014",
    "Channel": "Microsoft-Windows-NetworkProfile/Operational",
    "Level": "Information",
    "EventData": {
      "Name": "Network  2",
      "Description": "Network",
      "Guid": "{a18bd810-8272-4622-bd4b-b3bae106b941}",
      "Type": "0",
      "State": "5",
      "Category": "1"
    },
    "RawXml": "<Event xmlns=\"http://schemas.microsoft.com/win/2004/08/events/event\"><System><Provider Name=\"Microsoft-Windows-NetworkProfile\" Guid=\"{fbcfac3f-8459-419f-8e48-1f0b49cdb85e}\"></Provider>\n<EventID Qualifiers=\"\">10000</EventID>\n<Version>0</Version>\n<Level>4</Level>\n<Task>0</Task>\n<Opcode>0</Opcode>\n<Keywords>0x4000200000000000</Keywords>\n<TimeCreated SystemTime=\"2014-02-11 13:24:46.528658+00:00\"></TimeCreated>\n<EventRecordID>119</EventRecordID>\n<Correlation ActivityID=\"\" RelatedActivityID=\"\"></Correlation>\n<Execution ProcessID=\"940\" ThreadID=\"1940\"></Execution>\n<Channel>Microsoft-Windows-NetworkProfile/Operational</Channel>\n<Computer>IACIS-HDD-2014</Computer>\n<Security UserID=\"S-1-5-19\"></Security>\n</System>\n<EventData><Data Name=\"Name\">Network  2</Data>\n<Data Name=\"Description\">Network</Data>\n<Data Name=\"Guid\">{a18bd810-8272-4622-bd4b-b3bae106b941}</Data>\n<Data Name=\"Type\">0</Data>\n<Data Name=\"State\">5</Data>\n<Data Name=\"Category\">1</Data>\n</EventData>\n</Event>\n"
  },
  {
    "EventID": 4001,
    "Timestamp": "2014-02-11 17:40:18.619900+00:00",
    "Computer": "IACIS-HDD-2014",
    "Channel": "Microsoft-Windows-NetworkProfile/Operational",
    "Level": "Information",
    "EventData": {
      "InterfaceGuid": "{78a289b4-f8b9-43c7-8bba-f96e0bbc2185}",
      "CurrentOrNextState": "0"
    },
    "RawXml": "<Event xmlns=\"http://schemas.microsoft.com/win/2004/08/events/event\"><System><Provider Name=\"Microsoft-Windows-NetworkProfile\" Guid=\"{fbcfac3f-8459-419f-8e48-1f0b49cdb85e}\"></Provider>\n<EventID Qualifiers=\"\">4001</EventID>\n<Version>0</Version>\n<Level>4</Level>\n<Task>1</Task>\n<Opcode>1</Opcode>\n<Keywords>0x4000200000000000</Keywords>\n<TimeCreated SystemTime=\"2014-02-11 17:40:18.619900+00:00\"></TimeCreated>\n<EventRecordID>120</EventRecordID>\n<Correlation ActivityID=\"\" RelatedActivityID=\"\"></Correlation>\n<Execution ProcessID=\"940\" ThreadID=\"984\"></Execution>\n<Channel>Microsoft-Windows-NetworkProfile/Operational</Channel>\n<Computer>IACIS-HDD-2014</Computer>\n<Security UserID=\"S-1-5-19\"></Security>\n</System>\n<EventData><Data Name=\"InterfaceGuid\">{78a289b4-f8b9-43c7-8bba-f96e0bbc2185}</Data>\n<Data Name=\"CurrentOrNextState\">0</Data>\n</EventData>\n</Event>\n"
  },
  {
    "EventID": 10000,
    "Timestamp": "2014-02-11 17:40:22.020706+00:00",
    "Computer": "IACIS-HDD-2014",
    "Channel": "Microsoft-Windows-NetworkProfile/Operational",
    "Level": "Information",
    "EventData": {
      "Name": "Identifying...",
      "Description": "Identifying...",
      "Guid": "{0f94672c-7399-425c-8ddc-1bc8115e1cdf}",
      "Type": "0",
      "State": "9",
      "Category": "0"
    },
    "RawXml": "<Event xmlns=\"http://schemas.microsoft.com/win/2004/08/events/event\"><System><Provider Name=\"Microsoft-Windows-NetworkProfile\" Guid=\"{fbcfac3f-8459-419f-8e48-1f0b49cdb85e}\"></Provider>\n<EventID Qualifiers=\"\">10000</EventID>\n<Version>0</Version>\n<Level>4</Level>\n<Task>0</Task>\n<Opcode>0</Opcode>\n<Keywords>0x4000200000000000</Keywords>\n<TimeCreated SystemTime=\"2014-02-11 17:40:22.020706+00:00\"></TimeCreated>\n<EventRecordID>121</EventRecordID>\n<Correlation ActivityID=\"\" RelatedActivityID=\"\"></Correlation>\n<Execution ProcessID=\"940\" ThreadID=\"1940\"></Execution>\n<Channel>Microsoft-Windows-NetworkProfile/Operational</Channel>\n<Computer>IACIS-HDD-2014</Computer>\n<Security UserID=\"S-1-5-19\"></Security>\n</System>\n<EventData><Data Name=\"Name\">Identifying...</Data>\n<Data Name=\"Description\">Identifying...</Data>\n<Data Name=\"Guid\">{0f94672c-7399-425c-8ddc-1bc8115e1cdf}</Data>\n<Data Name=\"Type\">0</Data>\n<Data Name=\"State\">9</Data>\n<Data Name=\"Category\">0</Data>\n</EventData>\n</Event>\n"
  },
  {
    "EventID": 10001,
    "Timestamp": "2014-02-11 17:40:22.207907+00:00",
    "Computer": "IACIS-HDD-2014",
    "Channel": "Microsoft-Windows-NetworkProfile/Operational",
    "Level": "Information",
    "EventData": {
      "Name": "Network  2",
      "Description": "Network",
      "Guid": "{a18bd810-8272-4622-bd4b-b3bae106b941}",
      "Type": "0",
      "State": "2",
      "Category": "1"
    },
    "RawXml": "<Event xmlns=\"http://schemas.microsoft.com/win/2004/08/events/event\"><System><Provider Name=\"Microsoft-Windows-NetworkProfile\" Guid=\"{fbcfac3f-8459-419f-8e48-1f0b49cdb85e}\"></Provider>\n<EventID Qualifiers=\"\">10001</EventID>\n<Version>0</Version>\n<Level>4</Level>\n<Task>0</Task>\n<Opcode>0</Opcode>\n<Keywords>0x4000200000000000</Keywords>\n<TimeCreated SystemTime=\"2014-02-11 17:40:22.207907+00:00\"></TimeCreated>\n<EventRecordID>122</EventRecordID>\n<Correlation ActivityID=\"\" RelatedActivityID=\"\"></Correlation>\n<Execution ProcessID=\"940\" ThreadID=\"1940\"></Execution>\n<Channel>Microsoft-Windows-NetworkProfile/Operational</Channel>\n<Computer>IACIS-HDD-2014</Computer>\n<Security UserID=\"S-1-5-19\"></Security>\n</System>\n<EventData><Data Name=\"Name\">Network  2</Data>\n<Data Name=\"Description\">Network</Data>\n<Data Name=\"Guid\">{a18bd810-8272-4622-bd4b-b3bae106b941}</Data>\n<Data Name=\"Type\">0</Data>\n<Data Name=\"State\">2</Data>\n<Data Name=\"Category\">1</Data>\n</EventData>\n</Event>\n"
  },
  {
    "EventID": 4001,
    "Timestamp": "2014-02-11 17:41:42.472080+00:00",
    "Computer": "IACIS-HDD-2014",
    "Channel": "Microsoft-Windows-NetworkProfile/Operational",
    "Level": "Information",
    "EventData": {
      "InterfaceGuid": "{78a289b4-f8b9-43c7-8bba-f96e0bbc2185}",
      "CurrentOrNextState": "0"
    },
    "RawXml": "<Event xmlns=\"http://schemas.microsoft.com/win/2004/08/events/event\"><System><Provider Name=\"Microsoft-Windows-NetworkProfile\" Guid=\"{fbcfac3f-8459-419f-8e48-1f0b49cdb85e}\"></Provider>\n<EventID Qualifiers=\"\">4001</EventID>\n<Version>0</Version>\n<Level>4</Level>\n<Task>1</Task>\n<Opcode>1</Opcode>\n<Keywords>0x4000200000000000</Keywords>\n<TimeCreated SystemTime=\"2014-02-11 17:41:42.472080+00:00\"></TimeCreated>\n<EventRecordID>123</EventRecordID>\n<Correlation ActivityID=\"\" RelatedActivityID=\"\"></Correlation>\n<Execution ProcessID=\"948\" ThreadID=\"1876\"></Execution>\n<Channel>Microsoft-Windows-NetworkProfile/Operational</Channel>\n<Computer>IACIS-HDD-2014</Computer>\n<Security UserID=\"S-1-5-19\"></Security>\n</System>\n<EventData><Data Name=\"InterfaceGuid\">{78a289b4-f8b9-43c7-8bba-f96e0bbc2185}</Data>\n<Data Name=\"CurrentOrNextState\">0</Data>\n</EventData>\n</Event>\n"
  },
  {
    "EventID": 10000,
    "Timestamp": "2014-02-11 17:41:42.501083+00:00",
    "Computer": "IACIS-HDD-2014",
    "Channel": "Microsoft-Windows-NetworkProfile/Operational",
    "Level": "Information",
    "EventData": {
      "Name": "Identifying...",
      "Description": "Identifying...",
      "Guid": "{d08cc679-2a16-4a36-a4ac-62322225407a}",
      "Type": "0",
      "State": "1",
      "Category": "0"
    },
    "RawXml": "<Event xmlns=\"http://schemas.microsoft.com/win/2004/08/events/event\"><System><Provider Name=\"Microsoft-Windows-NetworkProfile\" Guid=\"{fbcfac3f-8459-419f-8e48-1f0b49cdb85e}\"></Provider>\n<EventID Qualifiers=\"\">10000</EventID>\n<Version>0</Version>\n<Level>4</Level>\n<Task>0</Task>\n<Opcode>0</Opcode>\n<Keywords>0x4000200000000000</Keywords>\n<TimeCreated SystemTime=\"2014-02-11 17:41:42.501083+00:00\"></TimeCreated>\n<EventRecordID>124</EventRecordID>\n<Correlation ActivityID=\"\" RelatedActivityID=\"\"></Correlation>\n<Execution ProcessID=\"948\" ThreadID=\"1900\"></Execution>\n<Channel>Microsoft-Windows-NetworkProfile/Operational</Channel>\n<Computer>IACIS-HDD-2014</Computer>\n<Security UserID=\"S-1-5-19\"></Security>\n</System>\n<EventData><Data Name=\"Name\">Identifying...</Data>\n<Data Name=\"Description\">Identifying...</Data>\n<Data Name=\"Guid\">{d08cc679-2a16-4a36-a4ac-62322225407a}</Data>\n<Data Name=\"Type\">0</Data>\n<Data Name=\"State\">1</Data>\n<Data Name=\"Category\">0</Data>\n</EventData>\n</Event>\n"
  },
  {
    "EventID": 4002,
    "Timestamp": "2014-02-11 17:41:43.000685+00:00",
    "Computer": "IACIS-HDD-2014",
    "Channel": "Microsoft-Windows-NetworkProfile/Operational",
    "Level": "Information",
    "EventData": {
      "InterfaceGuid": "{78a289b4-f8b9-43c7-8bba-f96e0bbc2185}",
      "CurrentOrNextState": "1"
    },
    "RawXml": "<Event xmlns=\"http://schemas.microsoft.com/win/2004/08/events/event\"><System><Provider Name=\"Microsoft-Windows-NetworkProfile\" Guid=\"{fbcfac3f-8459-419f-8e48-1f0b49cdb85e}\"></Provider>\n<EventID Qualifiers=\"\">4002</EventID>\n<Version>0</Version>\n<Level>4</Level>\n<Task>1</Task>\n<Opcode>2</Opcode>\n<Keywords>0x4001200000000000</Keywords>\n<TimeCreated SystemTime=\"2014-02-11 17:41:43.000685+00:00\"></TimeCreated>\n<EventRecordID>125</EventRecordID>\n<Correlation ActivityID=\"\" RelatedActivityID=\"\"></Correlation>\n<Execution ProcessID=\"948\" ThreadID=\"992\"></Execution>\n<Channel>Microsoft-Windows-NetworkProfile/Operational</Channel>\n<Computer>IACIS-HDD-2014</Computer>\n<Security UserID=\"S-1-5-19\"></Security>\n</System>\n<EventData><Data Name=\"InterfaceGuid\">{78a289b4-f8b9-43c7-8bba-f96e0bbc2185}</Data>\n<Data Name=\"CurrentOrNextState\">1</Data>\n</EventData>\n</Event>\n"
  },
  {
    "EventID": 10000,
    "Timestamp": "2014-02-11 17:41:43.000685+00:00",
    "Computer": "IACIS-HDD-2014",
    "Channel": "Microsoft-Windows-NetworkProfile/Operational",
    "Level": "Information",
    "EventData": {
      "Name": "Network  2",
      "Description": "Network",
      "Guid": "{a18bd810-8272-4622-bd4b-b3bae106b941}",
      "Type": "0",
      "State": "5",
      "Category": "1"
    },
    "RawXml": "<Event xmlns=\"http://schemas.microsoft.com/win/2004/08/events/event\"><System><Provider Name=\"Microsoft-Windows-NetworkProfile\" Guid=\"{fbcfac3f-8459-419f-8e48-1f0b49cdb85e}\"></Provider>\n<EventID Qualifiers=\"\">10000</EventID>\n<Version>0</Version>\n<Level>4</Level>\n<Task>0</Task>\n<Opcode>0</Opcode>\n<Keywords>0x4000200000000000</Keywords>\n<TimeCreated SystemTime=\"2014-02-11 17:41:43.000685+00:00\"></TimeCreated>\n<EventRecordID>126</EventRecordID>\n<Correlation ActivityID=\"\" RelatedActivityID=\"\"></Correlation>\n<Execution ProcessID=\"948\" ThreadID=\"1900\"></Execution>\n<Channel>Microsoft-Windows-NetworkProfile/Operational</Channel>\n<Computer>IACIS-HDD-2014</Computer>\n<Security UserID=\"S-1-5-19\"></Security>\n</System>\n<EventData><Data Name=\"Name\">Network  2</Data>\n<Data Name=\"Description\">Network</Data>\n<Data Name=\"Guid\">{a18bd810-8272-4622-bd4b-b3bae106b941}</Data>\n<Data Name=\"Type\">0</Data>\n<Data Name=\"State\">5</Data>\n<Data Name=\"Category\">1</Data>\n</EventData>\n</Event>\n"
  },
  {
    "EventID": 4001,
    "Timestamp": "2014-02-11 17:49:42.518129+00:00",
    "Computer": "IACIS-HDD-2014",
    "Channel": "Microsoft-Windows-NetworkProfile/Operational",
    "Level": "Information",
    "EventData": {
      "InterfaceGuid": "{78a289b4-f8b9-43c7-8bba-f96e0bbc2185}",
      "CurrentOrNextState": "0"
    },
    "RawXml": "<Event xmlns=\"http://schemas.microsoft.com/win/2004/08/events/event\"><System><Provider Name=\"Microsoft-Windows-NetworkProfile\" Guid=\"{fbcfac3f-8459-419f-8e48-1f0b49cdb85e}\"></Provider>\n<EventID Qualifiers=\"\">4001</EventID>\n<Version>0</Version>\n<Level>4</Level>\n<Task>1</Task>\n<Opcode>1</Opcode>\n<Keywords>0x4000200000000000</Keywords>\n<TimeCreated SystemTime=\"2014-02-11 17:49:42.518129+00:00\"></TimeCreated>\n<EventRecordID>127</EventRecordID>\n<Correlation ActivityID=\"\" RelatedActivityID=\"\"></Correlation>\n<Execution ProcessID=\"948\" ThreadID=\"2144\"></Execution>\n<Channel>Microsoft-Windows-NetworkProfile/Operational</Channel>\n<Computer>IACIS-HDD-2014</Computer>\n<Security UserID=\"S-1-5-19\"></Security>\n</System>\n<EventData><Data Name=\"InterfaceGuid\">{78a289b4-f8b9-43c7-8bba-f96e0bbc2185}</Data>\n<Data Name=\"CurrentOrNextState\">0</Data>\n</EventData>\n</Event>\n"
  },
  {
    "EventID": 10000,
    "Timestamp": "2014-02-11 17:49:42.580528+00:00",
    "Computer": "IACIS-HDD-2014",
    "Channel": "Microsoft-Windows-NetworkProfile/Operational",
    "Level": "Information",
    "EventData": {
      "Name": "Identifying...",
      "Description": "Identifying...",
      "Guid": "{d08cc679-2a16-4a36-a4ac-62322225407a}",
      "Type": "0",
      "State": "9",
      "Category": "0"
    },
    "RawXml": "<Event xmlns=\"http://schemas.microsoft.com/win/2004/08/events/event\"><System><Provider Name=\"Microsoft-Windows-NetworkProfile\" Guid=\"{fbcfac3f-8459-419f-8e48-1f0b49cdb85e}\"></Provider>\n<EventID Qualifiers=\"\">10000</EventID>\n<Version>0</Version>\n<Level>4</Level>\n<Task>0</Task>\n<Opcode>0</Opcode>\n<Keywords>0x4000200000000000</Keywords>\n<TimeCreated SystemTime=\"2014-02-11 17:49:42.580528+00:00\"></TimeCreated>\n<EventRecordID>128</EventRecordID>\n<Correlation ActivityID=\"\" RelatedActivityID=\"\"></Correlation>\n<Execution ProcessID=\"948\" ThreadID=\"1900\"></Execution>\n<Channel>Microsoft-Windows-NetworkProfile/Operational</Channel>\n<Computer>IACIS-HDD-2014</Computer>\n<Security UserID=\"S-1-5-19\"></Security>\n</System>\n<EventData><Data Name=\"Name\">Identifying...</Data>\n<Data Name=\"Description\">Identifying...</Data>\n<Data Name=\"Guid\">{d08cc679-2a16-4a36-a4ac-62322225407a}</Data>\n<Data Name=\"Type\">0</Data>\n<Data Name=\"State\">9</Data>\n<Data Name=\"Category\">0</Data>\n</EventData>\n</Event>\n"
  },
  {
    "EventID": 10001,
    "Timestamp": "2014-02-11 17:49:42.596128+00:00",
    "Computer": "IACIS-HDD-2014",
    "Channel": "Microsoft-Windows-NetworkProfile/Operational",
    "Level": "Information",
    "EventData": {
      "Name": "Network  2",
      "Description": "Network",
      "Guid": "{a18bd810-8272-4622-bd4b-b3bae106b941}",
      "Type": "0",
      "State": "2",
      "Category": "1"
    },
    "RawXml": "<Event xmlns=\"http://schemas.microsoft.com/win/2004/08/events/event\"><System><Provider Name=\"Microsoft-Windows-NetworkProfile\" Guid=\"{fbcfac3f-8459-419f-8e48-1f0b49cdb85e}\"></Provider>\n<EventID Qualifiers=\"\">10001</EventID>\n<Version>0</Version>\n<Level>4</Level>\n<Task>0</Task>\n<Opcode>0</Opcode>\n<Keywords>0x4000200000000000</Keywords>\n<TimeCreated SystemTime=\"2014-02-11 17:49:42.596128+00:00\"></TimeCreated>\n<EventRecordID>129</EventRecordID>\n<Correlation ActivityID=\"\" RelatedActivityID=\"\"></Correlation>\n<Execution ProcessID=\"948\" ThreadID=\"1900\"></Execution>\n<Channel>Microsoft-Windows-NetworkProfile/Operational</Channel>\n<Computer>IACIS-HDD-2014</Computer>\n<Security UserID=\"S-1-5-19\"></Security>\n</System>\n<EventData><Data Name=\"Name\">Network  2</Data>\n<Data Name=\"Description\">Network</Data>\n<Data Name=\"Guid\">{a18bd810-8272-4622-bd4b-b3bae106b941}</Data>\n<Data Name=\"Type\">0</Data>\n<Data Name=\"State\">2</Data>\n<Data Name=\"Category\">1</Data>\n</EventData>\n</Event>\n"
  },
  {
    "EventID": 4001,
    "Timestamp": "2014-02-11 17:50:41.213858+00:00",
    "Computer": "IACIS-HDD-2014",
    "Channel": "Microsoft-Windows-NetworkProfile/Operational",
    "Level": "Information",
    "EventData": {
      "InterfaceGuid": "{78a289b4-f8b9-43c7-8bba-f96e0bbc2185}",
      "CurrentOrNextState": "0"
    },
    "RawXml": "<Event xmlns=\"http://schemas.microsoft.com/win/2004/08/events/event\"><System><Provider Name=\"Microsoft-Windows-NetworkProfile\" Guid=\"{fbcfac3f-8459-419f-8e48-1f0b49cdb85e}\"></Provider>\n<EventID Qualifiers=\"\">4001</EventID>\n<Version>0</Version>\n<Level>4</Level>\n<Task>1</Task>\n<Opcode>1</Opcode>\n<Keywords>0x4000200000000000</Keywords>\n<TimeCreated SystemTime=\"2014-02-11 17:50:41.213858+00:00\"></TimeCreated>\n<EventRecordID>130</EventRecordID>\n<Correlation ActivityID=\"\" RelatedActivityID=\"\"></Correlation>\n<Execution ProcessID=\"936\" ThreadID=\"1172\"></Execution>\n<Channel>Microsoft-Windows-NetworkProfile/Operational</Channel>\n<Computer>IACIS-HDD-2014</Computer>\n<Security UserID=\"S-1-5-19\"></Security>\n</System>\n<EventData><Data Name=\"InterfaceGuid\">{78a289b4-f8b9-43c7-8bba-f96e0bbc2185}</Data>\n<Data Name=\"CurrentOrNextState\">0</Data>\n</EventData>\n</Event>\n"
  },
  {
    "EventID": 10000,
    "Timestamp": "2014-02-11 17:50:41.245056+00:00",
    "Computer": "IACIS-HDD-2014",
    "Channel": "Microsoft-Windows-NetworkProfile/Operational",
    "Level": "Information",
    "EventData": {
      "Name": "Identifying...",
      "Description": "Identifying...",
      "Guid": "{51a97197-3e2e-4414-99ea-9f2c5439cef2}",
      "Type": "0",
      "State": "1",
      "Category": "0"
    },
    "RawXml": "<Event xmlns=\"http://schemas.microsoft.com/win/2004/08/events/event\"><System><Provider Name=\"Microsoft-Windows-NetworkProfile\" Guid=\"{fbcfac3f-8459-419f-8e48-1f0b49cdb85e}\"></Provider>\n<EventID Qualifiers=\"\">10000</EventID>\n<Version>0</Version>\n<Level>4</Level>\n<Task>0</Task>\n<Opcode>0</Opcode>\n<Keywords>0x4000200000000000</Keywords>\n<TimeCreated SystemTime=\"2014-02-11 17:50:41.245056+00:00\"></TimeCreated>\n<EventRecordID>131</EventRecordID>\n<Correlation ActivityID=\"\" RelatedActivityID=\"\"></Correlation>\n<Execution ProcessID=\"936\" ThreadID=\"1920\"></Execution>\n<Channel>Microsoft-Windows-NetworkProfile/Operational</Channel>\n<Computer>IACIS-HDD-2014</Computer>\n<Security UserID=\"S-1-5-19\"></Security>\n</System>\n<EventData><Data Name=\"Name\">Identifying...</Data>\n<Data Name=\"Description\">Identifying...</Data>\n<Data Name=\"Guid\">{51a97197-3e2e-4414-99ea-9f2c5439cef2}</Data>\n<Data Name=\"Type\">0</Data>\n<Data Name=\"State\">1</Data>\n<Data Name=\"Category\">0</Data>\n</EventData>\n</Event>\n"
  },
  {
    "EventID": 4002,
    "Timestamp": "2014-02-11 17:50:41.541456+00:00",
    "Computer": "IACIS-HDD-2014",
    "Channel": "Microsoft-Windows-NetworkProfile/Operational",
    "Level": "Information",
    "EventData": {
      "InterfaceGuid": "{78a289b4-f8b9-43c7-8bba-f96e0bbc2185}",
      "CurrentOrNextState": "1"
    },
    "RawXml": "<Event xmlns=\"http://schemas.microsoft.com/win/2004/08/events/event\"><System><Provider Name=\"Microsoft-Windows-NetworkProfile\" Guid=\"{fbcfac3f-8459-419f-8e48-1f0b49cdb85e}\"></Provider>\n<EventID Qualifiers=\"\">4002</EventID>\n<Version>0</Version>\n<Level>4</Level>\n<Task>1</Task>\n<Opcode>2</Opcode>\n<Keywords>0x4001200000000000</Keywords>\n<TimeCreated SystemTime=\"2014-02-11 17:50:41.541456+00:00\"></TimeCreated>\n<EventRecordID>132</EventRecordID>\n<Correlation ActivityID=\"\" RelatedActivityID=\"\"></Correlation>\n<Execution ProcessID=\"936\" ThreadID=\"1200\"></Execution>\n<Channel>Microsoft-Windows-NetworkProfile/Operational</Channel>\n<Computer>IACIS-HDD-2014</Computer>\n<Security UserID=\"S-1-5-19\"></Security>\n</System>\n<EventData><Data Name=\"InterfaceGuid\">{78a289b4-f8b9-43c7-8bba-f96e0bbc2185}</Data>\n<Data Name=\"CurrentOrNextState\">1</Data>\n</EventData>\n</Event>\n"
  },
  {
    "EventID": 10000,
    "Timestamp": "2014-02-11 17:50:41.541456+00:00",
    "Computer": "IACIS-HDD-2014",
    "Channel": "Microsoft-Windows-NetworkProfile/Operational",
    "Level": "Information",
    "EventData": {
      "Name": "Network  2",
      "Description": "Network",
      "Guid": "{a18bd810-8272-4622-bd4b-b3bae106b941}",
      "Type": "0",
      "State": "5",
      "Category": "1"
    },
    "RawXml": "<Event xmlns=\"http://schemas.microsoft.com/win/2004/08/events/event\"><System><Provider Name=\"Microsoft-Windows-NetworkProfile\" Guid=\"{fbcfac3f-8459-419f-8e48-1f0b49cdb85e}\"></Provider>\n<EventID Qualifiers=\"\">10000</EventID>\n<Version>0</Version>\n<Level>4</Level>\n<Task>0</Task>\n<Opcode>0</Opcode>\n<Keywords>0x4000200000000000</Keywords>\n<TimeCreated SystemTime=\"2014-02-11 17:50:41.541456+00:00\"></TimeCreated>\n<EventRecordID>133</EventRecordID>\n<Correlation ActivityID=\"\" RelatedActivityID=\"\"></Correlation>\n<Execution ProcessID=\"936\" ThreadID=\"1920\"></Execution>\n<Channel>Microsoft-Windows-NetworkProfile/Operational</Channel>\n<Computer>IACIS-HDD-2014</Computer>\n<Security UserID=\"S-1-5-19\"></Security>\n</System>\n<EventData><Data Name=\"Name\">Network  2</Data>\n<Data Name=\"Description\">Network</Data>\n<Data Name=\"Guid\">{a18bd810-8272-4622-bd4b-b3bae106b941}</Data>\n<Data Name=\"Type\">0</Data>\n<Data Name=\"State\">5</Data>\n<Data Name=\"Category\">1</Data>\n</EventData>\n</Event>\n"
  },
  {
    "EventID": 10001,
    "Timestamp": "2014-02-11 19:08:54.882500+00:00",
    "Computer": "IACIS-HDD-2014",
    "Channel": "Microsoft-Windows-NetworkProfile/Operational",
    "Level": "Information",
    "EventData": {
      "Name": "Network  2",
      "Description": "Network",
      "Guid": "{a18bd810-8272-4622-bd4b-b3bae106b941}",
      "Type": "0",
      "State": "2",
      "Category": "1"
    },
    "RawXml": "<Event xmlns=\"http://schemas.microsoft.com/win/2004/08/events/event\"><System><Provider Name=\"Microsoft-Windows-NetworkProfile\" Guid=\"{fbcfac3f-8459-419f-8e48-1f0b49cdb85e}\"></Provider>\n<EventID Qualifiers=\"\">10001</EventID>\n<Version>0</Version>\n<Level>4</Level>\n<Task>0</Task>\n<Opcode>0</Opcode>\n<Keywords>0x4000200000000000</Keywords>\n<TimeCreated SystemTime=\"2014-02-11 19:08:54.882500+00:00\"></TimeCreated>\n<EventRecordID>134</EventRecordID>\n<Correlation ActivityID=\"\" RelatedActivityID=\"\"></Correlation>\n<Execution ProcessID=\"936\" ThreadID=\"1920\"></Execution>\n<Channel>Microsoft-Windows-NetworkProfile/Operational</Channel>\n<Computer>IACIS-HDD-2014</Computer>\n<Security UserID=\"S-1-5-19\"></Security>\n</System>\n<EventData><Data Name=\"Name\">Network  2</Data>\n<Data Name=\"Description\">Network</Data>\n<Data Name=\"Guid\">{a18bd810-8272-4622-bd4b-b3bae106b941}</Data>\n<Data Name=\"Type\">0</Data>\n<Data Name=\"State\">2</Data>\n<Data Name=\"Category\">1</Data>\n</EventData>\n</Event>\n"
  },
  {
    "EventID": 4001,
    "Timestamp": "2014-02-11 19:08:55.225702+00:00",
    "Computer": "IACIS-HDD-2014",
    "Channel": "Microsoft-Windows-NetworkProfile/Operational",
    "Level": "Information",
    "EventData": {
      "InterfaceGuid": "{78a289b4-f8b9-43c7-8bba-f96e0bbc2185}",
      "CurrentOrNextState": "0"
    },
    "RawXml": "<Event xmlns=\"http://schemas.microsoft.com/win/2004/08/events/event\"><System><Provider Name=\"Microsoft-Windows-NetworkProfile\" Guid=\"{fbcfac3f-8459-419f-8e48-1f0b49cdb85e}\"></Provider>\n<EventID Qualifiers=\"\">4001</EventID>\n<Version>0</Version>\n<Level>4</Level>\n<Task>1</Task>\n<Opcode>1</Opcode>\n<Keywords>0x4000200000000000</Keywords>\n<TimeCreated SystemTime=\"2014-02-11 19:08:55.225702+00:00\"></TimeCreated>\n<EventRecordID>135</EventRecordID>\n<Correlation ActivityID=\"\" RelatedActivityID=\"\"></Correlation>\n<Execution ProcessID=\"936\" ThreadID=\"3512\"></Execution>\n<Channel>Microsoft-Windows-NetworkProfile/Operational</Channel>\n<Computer>IACIS-HDD-2014</Computer>\n<Security UserID=\"S-1-5-19\"></Security>\n</System>\n<EventData><Data Name=\"InterfaceGuid\">{78a289b4-f8b9-43c7-8bba-f96e0bbc2185}</Data>\n<Data Name=\"CurrentOrNextState\">0</Data>\n</EventData>\n</Event>\n"
  },
  {
    "EventID": 10000,
    "Timestamp": "2014-02-11 19:08:55.787302+00:00",
    "Computer": "IACIS-HDD-2014",
    "Channel": "Microsoft-Windows-NetworkProfile/Operational",
    "Level": "Information",
    "EventData": {
      "Name": "Identifying...",
      "Description": "Identifying...",
      "Guid": "{51a97197-3e2e-4414-99ea-9f2c5439cef2}",
      "Type": "0",
      "State": "9",
      "Category": "0"
    },
    "RawXml": "<Event xmlns=\"http://schemas.microsoft.com/win/2004/08/events/event\"><System><Provider Name=\"Microsoft-Windows-NetworkProfile\" Guid=\"{fbcfac3f-8459-419f-8e48-1f0b49cdb85e}\"></Provider>\n<EventID Qualifiers=\"\">10000</EventID>\n<Version>0</Version>\n<Level>4</Level>\n<Task>0</Task>\n<Opcode>0</Opcode>\n<Keywords>0x4000200000000000</Keywords>\n<TimeCreated SystemTime=\"2014-02-11 19:08:55.787302+00:00\"></TimeCreated>\n<EventRecordID>136</EventRecordID>\n<Correlation ActivityID=\"\" RelatedActivityID=\"\"></Correlation>\n<Execution ProcessID=\"936\" ThreadID=\"1920\"></Execution>\n<Channel>Microsoft-Windows-NetworkProfile/Operational</Channel>\n<Computer>IACIS-HDD-2014</Computer>\n<Security UserID=\"S-1-5-19\"></Security>\n</System>\n<EventData><Data Name=\"Name\">Identifying...</Data>\n<Data Name=\"Description\">Identifying...</Data>\n<Data Name=\"Guid\">{51a97197-3e2e-4414-99ea-9f2c5439cef2}</Data>\n<Data Name=\"Type\">0</Data>\n<Data Name=\"State\">9</Data>\n<Data Name=\"Category\">0</Data>\n</EventData>\n</Event>\n"
  },
  {
    "EventID": 4001,
    "Timestamp": "2014-02-16 19:00:03.739452+00:00",
    "Computer": "IACIS-HDD-2014",
    "Channel": "Microsoft-Windows-NetworkProfile/Operational",
    "Level": "Information",
    "EventData": {
      "InterfaceGuid": "{78a289b4-f8b9-43c7-8bba-f96e0bbc2185}",
      "CurrentOrNextState": "0"
    },
    "RawXml": "<Event xmlns=\"http://schemas.microsoft.com/win/2004/08/events/event\"><System><Provider Name=\"Microsoft-Windows-NetworkProfile\" Guid=\"{fbcfac3f-8459-419f-8e48-1f0b49cdb85e}\"></Provider>\n<EventID Qualifiers=\"\">4001</EventID>\n<Version>0</Version>\n<Level>4</Level>\n<Task>1</Task>\n<Opcode>1</Opcode>\n<Keywords>0x4000200000000000</Keywords>\n<TimeCreated SystemTime=\"2014-02-16 19:00:03.739452+00:00\"></TimeCreated>\n<EventRecordID>137</EventRecordID>\n<Correlation ActivityID=\"\" RelatedActivityID=\"\"></Correlation>\n<Execution ProcessID=\"936\" ThreadID=\"2032\"></Execution>\n<Channel>Microsoft-Windows-NetworkProfile/Operational</Channel>\n<Computer>IACIS-HDD-2014</Computer>\n<Security UserID=\"S-1-5-19\"></Security>\n</System>\n<EventData><Data Name=\"InterfaceGuid\">{78a289b4-f8b9-43c7-8bba-f96e0bbc2185}</Data>\n<Data Name=\"CurrentOrNextState\">0</Data>\n</EventData>\n</Event>\n"
  },
  {
    "EventID": 10000,
    "Timestamp": "2014-02-16 19:00:03.755053+00:00",
    "Computer": "IACIS-HDD-2014",
    "Channel": "Microsoft-Windows-NetworkProfile/Operational",
    "Level": "Information",
    "EventData": {
      "Name": "Identifying...",
      "Description": "Identifying...",
      "Guid": "{aec26943-0cf7-4c4c-88a7-49f7345d75a5}",
      "Type": "0",
      "State": "1",
      "Category": "0"
    },
    "RawXml": "<Event xmlns=\"http://schemas.microsoft.com/win/2004/08/events/event\"><System><Provider Name=\"Microsoft-Windows-NetworkProfile\" Guid=\"{fbcfac3f-8459-419f-8e48-1f0b49cdb85e}\"></Provider>\n<EventID Qualifiers=\"\">10000</EventID>\n<Version>0</Version>\n<Level>4</Level>\n<Task>0</Task>\n<Opcode>0</Opcode>\n<Keywords>0x4000200000000000</Keywords>\n<TimeCreated SystemTime=\"2014-02-16 19:00:03.755053+00:00\"></TimeCreated>\n<EventRecordID>138</EventRecordID>\n<Correlation ActivityID=\"\" RelatedActivityID=\"\"></Correlation>\n<Execution ProcessID=\"936\" ThreadID=\"2044\"></Execution>\n<Channel>Microsoft-Windows-NetworkProfile/Operational</Channel>\n<Computer>IACIS-HDD-2014</Computer>\n<Security UserID=\"S-1-5-19\"></Security>\n</System>\n<EventData><Data Name=\"Name\">Identifying...</Data>\n<Data Name=\"Description\">Identifying...</Data>\n<Data Name=\"Guid\">{aec26943-0cf7-4c4c-88a7-49f7345d75a5}</Data>\n<Data Name=\"Type\">0</Data>\n<Data Name=\"State\">1</Data>\n<Data Name=\"Category\">0</Data>\n</EventData>\n</Event>\n"
  },
  {
    "EventID": 4002,
    "Timestamp": "2014-02-16 19:00:04.176252+00:00",
    "Computer": "IACIS-HDD-2014",
    "Channel": "Microsoft-Windows-NetworkProfile/Operational",
    "Level": "Information",
    "EventData": {
      "InterfaceGuid": "{78a289b4-f8b9-43c7-8bba-f96e0bbc2185}",
      "CurrentOrNextState": "1"
    },
    "RawXml": "<Event xmlns=\"http://schemas.microsoft.com/win/2004/08/events/event\"><System><Provider Name=\"Microsoft-Windows-NetworkProfile\" Guid=\"{fbcfac3f-8459-419f-8e48-1f0b49cdb85e}\"></Provider>\n<EventID Qualifiers=\"\">4002</EventID>\n<Version>0</Version>\n<Level>4</Level>\n<Task>1</Task>\n<Opcode>2</Opcode>\n<Keywords>0x4001200000000000</Keywords>\n<TimeCreated SystemTime=\"2014-02-16 19:00:04.176252+00:00\"></TimeCreated>\n<EventRecordID>139</EventRecordID>\n<Correlation ActivityID=\"\" RelatedActivityID=\"\"></Correlation>\n<Execution ProcessID=\"936\" ThreadID=\"1196\"></Execution>\n<Channel>Microsoft-Windows-NetworkProfile/Operational</Channel>\n<Computer>IACIS-HDD-2014</Computer>\n<Security UserID=\"S-1-5-19\"></Security>\n</System>\n<EventData><Data Name=\"InterfaceGuid\">{78a289b4-f8b9-43c7-8bba-f96e0bbc2185}</Data>\n<Data Name=\"CurrentOrNextState\">1</Data>\n</EventData>\n</Event>\n"
  },
  {
    "EventID": 10000,
    "Timestamp": "2014-02-16 19:00:04.176252+00:00",
    "Computer": "IACIS-HDD-2014",
    "Channel": "Microsoft-Windows-NetworkProfile/Operational",
    "Level": "Information",
    "EventData": {
      "Name": "Network  2",
      "Description": "Network",
      "Guid": "{a18bd810-8272-4622-bd4b-b3bae106b941}",
      "Type": "0",
      "State": "5",
      "Category": "1"
    },
    "RawXml": "<Event xmlns=\"http://schemas.microsoft.com/win/2004/08/events/event\"><System><Provider Name=\"Microsoft-Windows-NetworkProfile\" Guid=\"{fbcfac3f-8459-419f-8e48-1f0b49cdb85e}\"></Provider>\n<EventID Qualifiers=\"\">10000</EventID>\n<Version>0</Version>\n<Level>4</Level>\n<Task>0</Task>\n<Opcode>0</Opcode>\n<Keywords>0x4000200000000000</Keywords>\n<TimeCreated SystemTime=\"2014-02-16 19:00:04.176252+00:00\"></TimeCreated>\n<EventRecordID>140</EventRecordID>\n<Correlation ActivityID=\"\" RelatedActivityID=\"\"></Correlation>\n<Execution ProcessID=\"936\" ThreadID=\"2044\"></Execution>\n<Channel>Microsoft-Windows-NetworkProfile/Operational</Channel>\n<Computer>IACIS-HDD-2014</Computer>\n<Security UserID=\"S-1-5-19\"></Security>\n</System>\n<EventData><Data Name=\"Name\">Network  2</Data>\n<Data Name=\"Description\">Network</Data>\n<Data Name=\"Guid\">{a18bd810-8272-4622-bd4b-b3bae106b941}</Data>\n<Data Name=\"Type\">0</Data>\n<Data Name=\"State\">5</Data>\n<Data Name=\"Category\">1</Data>\n</EventData>\n</Event>\n"
  },
  {
    "EventID": 4001,
    "Timestamp": "2014-02-16 21:05:32.678486+00:00",
    "Computer": "IACIS-HDD-2014",
    "Channel": "Microsoft-Windows-NetworkProfile/Operational",
    "Level": "Information",
    "EventData": {
      "InterfaceGuid": "{78a289b4-f8b9-43c7-8bba-f96e0bbc2185}",
      "CurrentOrNextState": "0"
    },
    "RawXml": "<Event xmlns=\"http://schemas.microsoft.com/win/2004/08/events/event\"><System><Provider Name=\"Microsoft-Windows-NetworkProfile\" Guid=\"{fbcfac3f-8459-419f-8e48-1f0b49cdb85e}\"></Provider>\n<EventID Qualifiers=\"\">4001</EventID>\n<Version>0</Version>\n<Level>4</Level>\n<Task>1</Task>\n<Opcode>1</Opcode>\n<Keywords>0x4000200000000000</Keywords>\n<TimeCreated SystemTime=\"2014-02-16 21:05:32.678486+00:00\"></TimeCreated>\n<EventRecordID>141</EventRecordID>\n<Correlation ActivityID=\"\" RelatedActivityID=\"\"></Correlation>\n<Execution ProcessID=\"936\" ThreadID=\"3328\"></Execution>\n<Channel>Microsoft-Windows-NetworkProfile/Operational</Channel>\n<Computer>IACIS-HDD-2014</Computer>\n<Security UserID=\"S-1-5-19\"></Security>\n</System>\n<EventData><Data Name=\"InterfaceGuid\">{78a289b4-f8b9-43c7-8bba-f96e0bbc2185}</Data>\n<Data Name=\"CurrentOrNextState\">0</Data>\n</EventData>\n</Event>\n"
  },
  {
    "EventID": 10000,
    "Timestamp": "2014-02-16 21:05:33.739288+00:00",
    "Computer": "IACIS-HDD-2014",
    "Channel": "Microsoft-Windows-NetworkProfile/Operational",
    "Level": "Information",
    "EventData": {
      "Name": "Identifying...",
      "Description": "Identifying...",
      "Guid": "{aec26943-0cf7-4c4c-88a7-49f7345d75a5}",
      "Type": "0",
      "State": "9",
      "Category": "0"
    },
    "RawXml": "<Event xmlns=\"http://schemas.microsoft.com/win/2004/08/events/event\"><System><Provider Name=\"Microsoft-Windows-NetworkProfile\" Guid=\"{fbcfac3f-8459-419f-8e48-1f0b49cdb85e}\"></Provider>\n<EventID Qualifiers=\"\">10000</EventID>\n<Version>0</Version>\n<Level>4</Level>\n<Task>0</Task>\n<Opcode>0</Opcode>\n<Keywords>0x4000200000000000</Keywords>\n<TimeCreated SystemTime=\"2014-02-16 21:05:33.739288+00:00\"></TimeCreated>\n<EventRecordID>142</EventRecordID>\n<Correlation ActivityID=\"\" RelatedActivityID=\"\"></Correlation>\n<Execution ProcessID=\"936\" ThreadID=\"2044\"></Execution>\n<Channel>Microsoft-Windows-NetworkProfile/Operational</Channel>\n<Computer>IACIS-HDD-2014</Computer>\n<Security UserID=\"S-1-5-19\"></Security>\n</System>\n<EventData><Data Name=\"Name\">Identifying...</Data>\n<Data Name=\"Description\">Identifying...</Data>\n<Data Name=\"Guid\">{aec26943-0cf7-4c4c-88a7-49f7345d75a5}</Data>\n<Data Name=\"Type\">0</Data>\n<Data Name=\"State\">9</Data>\n<Data Name=\"Category\">0</Data>\n</EventData>\n</Event>\n"
  },
  {
    "EventID": 10001,
    "Timestamp": "2014-02-16 21:05:33.754887+00:00",
    "Computer": "IACIS-HDD-2014",
    "Channel": "Microsoft-Windows-NetworkProfile/Operational",
    "Level": "Information",
    "EventData": {
      "Name": "Network  2",
      "Description": "Network",
      "Guid": "{a18bd810-8272-4622-bd4b-b3bae106b941}",
      "Type": "0",
      "State": "2",
      "Category": "1"
    },
    "RawXml": "<Event xmlns=\"http://schemas.microsoft.com/win/2004/08/events/event\"><System><Provider Name=\"Microsoft-Windows-NetworkProfile\" Guid=\"{fbcfac3f-8459-419f-8e48-1f0b49cdb85e}\"></Provider>\n<EventID Qualifiers=\"\">10001</EventID>\n<Version>0</Version>\n<Level>4</Level>\n<Task>0</Task>\n<Opcode>0</Opcode>\n<Keywords>0x4000200000000000</Keywords>\n<TimeCreated SystemTime=\"2014-02-16 21:05:33.754887+00:00\"></TimeCreated>\n<EventRecordID>143</EventRecordID>\n<Correlation ActivityID=\"\" RelatedActivityID=\"\"></Correlation>\n<Execution ProcessID=\"936\" ThreadID=\"2044\"></Execution>\n<Channel>Microsoft-Windows-NetworkProfile/Operational</Channel>\n<Computer>IACIS-HDD-2014</Computer>\n<Security UserID=\"S-1-5-19\"></Security>\n</System>\n<EventData><Data Name=\"Name\">Network  2</Data>\n<Data Name=\"Description\">Network</Data>\n<Data Name=\"Guid\">{a18bd810-8272-4622-bd4b-b3bae106b941}</Data>\n<Data Name=\"Type\">0</Data>\n<Data Name=\"State\">2</Data>\n<Data Name=\"Category\">1</Data>\n</EventData>\n</Event>\n"
  },
  {
    "EventID": 4001,
    "Timestamp": "2014-02-16 21:50:55.821445+00:00",
    "Computer": "IACIS-HDD-2014",
    "Channel": "Microsoft-Windows-NetworkProfile/Operational",
    "Level": "Information",
    "EventData": {
      "InterfaceGuid": "{78a289b4-f8b9-43c7-8bba-f96e0bbc2185}",
      "CurrentOrNextState": "0"
    },
    "RawXml": "<Event xmlns=\"http://schemas.microsoft.com/win/2004/08/events/event\"><System><Provider Name=\"Microsoft-Windows-NetworkProfile\" Guid=\"{fbcfac3f-8459-419f-8e48-1f0b49cdb85e}\"></Provider>\n<EventID Qualifiers=\"\">4001</EventID>\n<Version>0</Version>\n<Level>4</Level>\n<Task>1</Task>\n<Opcode>1</Opcode>\n<Keywords>0x4000200000000000</Keywords>\n<TimeCreated SystemTime=\"2014-02-16 21:50:55.821445+00:00\"></TimeCreated>\n<EventRecordID>144</EventRecordID>\n<Correlation ActivityID=\"\" RelatedActivityID=\"\"></Correlation>\n<Execution ProcessID=\"936\" ThreadID=\"2036\"></Execution>\n<Channel>Microsoft-Windows-NetworkProfile/Operational</Channel>\n<Computer>IACIS-HDD-2014</Computer>\n<Security UserID=\"S-1-5-19\"></Security>\n</System>\n<EventData><Data Name=\"InterfaceGuid\">{78a289b4-f8b9-43c7-8bba-f96e0bbc2185}</Data>\n<Data Name=\"CurrentOrNextState\">0</Data>\n</EventData>\n</Event>\n"
  },
