  {
    "EventID": 2005,
    "Timestamp": "2014-02-11 14:42:27.079744+00:00",
    "Computer": "IACIS-HDD-2014",
    "Channel": "Microsoft-Windows-DriverFrameworks-UserMode/Operational",
    "Level": "Verbose",
    "EventData": {},
    "RawXml": "<Event xmlns=\"http://schemas.microsoft.com/win/2004/08/events/event\"><System><Provider Name=\"Microsoft-Windows-DriverFrameworks-UserMode\" Guid=\"{2e35aaeb-857f-4beb-a418-2e6c0e54d988}\"></Provider>\n<EventID Qualifiers=\"\">2005</EventID>\n<Version>1</Version>\n<Level>5</Level>\n<Task>33</Task>\n<Opcode>0</Opcode>\n<Keywords>0x8000000000000000</Keywords>\n<TimeCreated SystemTime=\"2014-02-11 14:42:27.079744+00:00\"></TimeCreated>\n<EventRecordID>311</EventRecordID>\n<Correlation ActivityID=\"\" RelatedActivityID=\"\"></Correlation>\n<Execution ProcessID=\"484\" ThreadID=\"2392\"></Execution>\n<Channel>Microsoft-Windows-DriverFrameworks-UserMode/Operational</Channel>\n<Computer>IACIS-HDD-2014</Computer>\n<Security UserID=\"S-1-5-19\"></Security>\n</System>\n<UserData><UMDFHostModuleLoad instance=\"WPDBUSENUMROOT\\UMB\\2&amp;37C186B&amp;0&amp;STORAGE#VOLUME#_??_USBSTOR#DISK&amp;VEN_GENERIC&amp;PROD_STORAGE_DEVICE&amp;REV_9344#0301936251&amp;0#\" lifetime=\"{60ca36db-b330-4b96-af92-9e89c46c5a29}\" xmlns:auto-ns2=\"http://schemas.microsoft.com/win/2004/08/events\" xmlns=\"http://www.microsoft.com/DriverFrameworks/UserMode/Event\"><ModulePath>C:\\Windows\\system32\\WMASF.DLL</ModulePath>\n<CompanyName>Microsoft Corporation</CompanyName>\n<FileDescription>Windows Media ASF DLL</FileDescription>\n<FileVersion>12.0.7600.16385 (win7_rtm.090713-1255)</FileVersion>\n</UMDFHostModuleLoad>\n</UserData>\n</Event>\n"
  },
  {
    "EventID": 2005,
    "Timestamp": "2014-02-11 14:42:27.079744+00:00",
    "Computer": "IACIS-HDD-2014",
    "Channel": "Microsoft-Windows-DriverFrameworks-UserMode/Operational",
    "Level": "Verbose",
    "EventData": {},
    "RawXml": "<Event xmlns=\"http://schemas.microsoft.com/win/2004/08/events/event\"><System><Provider Name=\"Microsoft-Windows-DriverFrameworks-UserMode\" Guid=\"{2e35aaeb-857f-4beb-a418-2e6c0e54d988}\"></Provider>\n<EventID Qualifiers=\"\">2005</EventID>\n<Version>1</Version>\n<Level>5</Level>\n<Task>33</Task>\n<Opcode>0</Opcode>\n<Keywords>0x8000000000000000</Keywords>\n<TimeCreated SystemTime=\"2014-02-11 14:42:27.079744+00:00\"></TimeCreated>\n<EventRecordID>312</EventRecordID>\n<Correlation ActivityID=\"\" RelatedActivityID=\"\"></Correlation>\n<Execution ProcessID=\"484\" ThreadID=\"2392\"></Execution>\n<Channel>Microsoft-Windows-DriverFrameworks-UserMode/Operational</Channel>\n<Computer>IACIS-HDD-2014</Computer>\n<Security UserID=\"S-1-5-19\"></Security>\n</System>\n<UserData><UMDFHostModuleLoad instance=\"WPDBUSENUMROOT\\UMB\\2&amp;37C186B&amp;0&amp;STORAGE#VOLUME#_??_USBSTOR#DISK&amp;VEN_GENERIC&amp;PROD_STORAGE_DEVICE&amp;REV_9344#0301936251&amp;0#\" lifetime=\"{60ca36db-b330-4b96-af92-9e89c46c5a29}\" xmlns:auto-ns2=\"http://schemas.microsoft.com/win/2004/08/events\" xmlns=\"http://www.microsoft.com/DriverFrameworks/UserMode/Event\"><ModulePath>C:\\Windows\\WinSxS\\amd64_microsoft.windows.gdiplus_6595b64144ccf1df_1.1.7601.18120_none_2b25b14c71ebf230\\gdiplus.dll</ModulePath>\n<CompanyName>Microsoft Corporation</CompanyName>\n<FileDescription>Microsoft GDI+</FileDescription>\n<FileVersion>6.1.7601.18120 (win7sp1_gdr.130402-1532)</FileVersion>\n</UMDFHostModuleLoad>\n</UserData>\n</Event>\n"
  },
  {
    "EventID": 2006,
    "Timestamp": "2014-02-11 14:42:27.081745+00:00",
    "Computer": "IACIS-HDD-2014",
    "Channel": "Microsoft-Windows-DriverFrameworks-UserMode/Operational",
    "Level": "Verbose",
    "EventData": {},
    "RawXml": "<Event xmlns=\"http://schemas.microsoft.com/win/2004/08/events/event\"><System><Provider Name=\"Microsoft-Windows-DriverFrameworks-UserMode\" Guid=\"{2e35aaeb-857f-4beb-a418-2e6c0e54d988}\"></Provider>\n<EventID Qualifiers=\"\">2006</EventID>\n<Version>1</Version>\n<Level>5</Level>\n<Task>33</Task>\n<Opcode>2</Opcode>\n<Keywords>0x8000000000000000</Keywords>\n<TimeCreated SystemTime=\"2014-02-11 14:42:27.081745+00:00\"></TimeCreated>\n<EventRecordID>313</EventRecordID>\n<Correlation ActivityID=\"\" RelatedActivityID=\"\"></Correlation>\n<Execution ProcessID=\"484\" ThreadID=\"2392\"></Execution>\n<Channel>Microsoft-Windows-DriverFrameworks-UserMode/Operational</Channel>\n<Computer>IACIS-HDD-2014</Computer>\n<Security UserID=\"S-1-5-19\"></Security>\n</System>\n<UserData><UMDFHostAddDeviceEnd instance=\"WPDBUSENUMROOT\\UMB\\2&amp;37C186B&amp;0&amp;STORAGE#VOLUME#_??_USBSTOR#DISK&amp;VEN_GENERIC&amp;PROD_STORAGE_DEVICE&amp;REV_9344#0301936251&amp;0#\" lifetime=\"{60ca36db-b330-4b96-af92-9e89c46c5a29}\" xmlns:auto-ns2=\"http://schemas.microsoft.com/win/2004/08/events\" xmlns=\"http://www.microsoft.com/DriverFrameworks/UserMode/Event\"><Level>0</Level>\n<FinalStatus>0</FinalStatus>\n</UMDFHostAddDeviceEnd>\n</UserData>\n</Event>\n"
  },
  {
    "EventID": 2100,
    "Timestamp": "2014-02-11 14:42:27.082745+00:00",
    "Computer": "IACIS-HDD-2014",
    "Channel": "Microsoft-Windows-DriverFrameworks-UserMode/Operational",
    "Level": "Information",
    "EventData": {},
    "RawXml": "<Event xmlns=\"http://schemas.microsoft.com/win/2004/08/events/event\"><System><Provider Name=\"Microsoft-Windows-DriverFrameworks-UserMode\" Guid=\"{2e35aaeb-857f-4beb-a418-2e6c0e54d988}\"></Provider>\n<EventID Qualifiers=\"\">2100</EventID>\n<Version>1</Version>\n<Level>4</Level>\n<Task>37</Task>\n<Opcode>1</Opcode>\n<Keywords>0x8000000000000000</Keywords>\n<TimeCreated SystemTime=\"2014-02-11 14:42:27.082745+00:00\"></TimeCreated>\n<EventRecordID>314</EventRecordID>\n<Correlation ActivityID=\"\" RelatedActivityID=\"\"></Correlation>\n<Execution ProcessID=\"484\" ThreadID=\"2392\"></Execution>\n<Channel>Microsoft-Windows-DriverFrameworks-UserMode/Operational</Channel>\n<Computer>IACIS-HDD-2014</Computer>\n<Security UserID=\"S-1-5-19\"></Security>\n</System>\n<UserData><UMDFHostDeviceRequest instance=\"WPDBUSENUMROOT\\UMB\\2&amp;37C186B&amp;0&amp;STORAGE#VOLUME#_??_USBSTOR#DISK&amp;VEN_GENERIC&amp;PROD_STORAGE_DEVICE&amp;REV_9344#0301936251&amp;0#\" lifetime=\"{60ca36db-b330-4b96-af92-9e89c46c5a29}\" xmlns:auto-ns2=\"http://schemas.microsoft.com/win/2004/08/events\" xmlns=\"http://www.microsoft.com/DriverFrameworks/UserMode/Event\"><Request major=\"27\" minor=\"0\"><Argument>0x0000000000000000</Argument>\n<Argument>0x0000000000000000</Argument>\n<Argument>0x0000000000000000</Argument>\n<Argument>0x0000000000000000</Argument>\n</Request>\n<Status>3221225659</Status>\n</UMDFHostDeviceRequest>\n</UserData>\n</Event>\n"
  },
  {
    "EventID": 2105,
    "Timestamp": "2014-02-11 14:42:27.082745+00:00",
    "Computer": "IACIS-HDD-2014",
    "Channel": "Microsoft-Windows-DriverFrameworks-UserMode/Operational",
    "Level": "Information",
    "EventData": {},
    "RawXml": "<Event xmlns=\"http://schemas.microsoft.com/win/2004/08/events/event\"><System><Provider Name=\"Microsoft-Windows-DriverFrameworks-UserMode\" Guid=\"{2e35aaeb-857f-4beb-a418-2e6c0e54d988}\"></Provider>\n<EventID Qualifiers=\"\">2105</EventID>\n<Version>1</Version>\n<Level>4</Level>\n<Task>37</Task>\n<Opcode>1</Opcode>\n<Keywords>0x8000000000000000</Keywords>\n<TimeCreated SystemTime=\"2014-02-11 14:42:27.082745+00:00\"></TimeCreated>\n<EventRecordID>315</EventRecordID>\n<Correlation ActivityID=\"\" RelatedActivityID=\"\"></Correlation>\n<Execution ProcessID=\"484\" ThreadID=\"2392\"></Execution>\n<Channel>Microsoft-Windows-DriverFrameworks-UserMode/Operational</Channel>\n<Computer>IACIS-HDD-2014</Computer>\n<Security UserID=\"S-1-5-19\"></Security>\n</System>\n<UserData><UMDFHostDeviceRequest instance=\"WPDBUSENUMROOT\\UMB\\2&amp;37C186B&amp;0&amp;STORAGE#VOLUME#_??_USBSTOR#DISK&amp;VEN_GENERIC&amp;PROD_STORAGE_DEVICE&amp;REV_9344#0301936251&amp;0#\" lifetime=\"{60ca36db-b330-4b96-af92-9e89c46c5a29}\" xmlns:auto-ns2=\"http://schemas.microsoft.com/win/2004/08/events\" xmlns=\"http://www.microsoft.com/DriverFrameworks/UserMode/Event\"><Request major=\"27\" minor=\"0\"><Argument>0x0000000000000000</Argument>\n<Argument>0x0000000000000000</Argument>\n<Argument>0x0000000000000000</Argument>\n<Argument>0x0000000000000000</Argument>\n</Request>\n<Status>3221225659</Status>\n</UMDFHostDeviceRequest>\n</UserData>\n</Event>\n"
  },
  {
    "EventID": 2106,
    "Timestamp": "2014-02-11 14:42:27.082745+00:00",
    "Computer": "IACIS-HDD-2014",
    "Channel": "Microsoft-Windows-DriverFrameworks-UserMode/Operational",
    "Level": "Information",
    "EventData": {},
    "RawXml": "<Event xmlns=\"http://schemas.microsoft.com/win/2004/08/events/event\"><System><Provider Name=\"Microsoft-Windows-DriverFrameworks-UserMode\" Guid=\"{2e35aaeb-857f-4beb-a418-2e6c0e54d988}\"></Provider>\n<EventID Qualifiers=\"\">2106</EventID>\n<Version>1</Version>\n<Level>4</Level>\n<Task>37</Task>\n<Opcode>1</Opcode>\n<Keywords>0x8000000000000000</Keywords>\n<TimeCreated SystemTime=\"2014-02-11 14:42:27.082745+00:00\"></TimeCreated>\n<EventRecordID>316</EventRecordID>\n<Correlation ActivityID=\"\" RelatedActivityID=\"\"></Correlation>\n<Execution ProcessID=\"484\" ThreadID=\"2392\"></Execution>\n<Channel>Microsoft-Windows-DriverFrameworks-UserMode/Operational</Channel>\n<Computer>IACIS-HDD-2014</Computer>\n<Security UserID=\"S-1-5-19\"></Security>\n</System>\n<UserData><UMDFHostDeviceRequest instance=\"WPDBUSENUMROOT\\UMB\\2&amp;37C186B&amp;0&amp;STORAGE#VOLUME#_??_USBSTOR#DISK&amp;VEN_GENERIC&amp;PROD_STORAGE_DEVICE&amp;REV_9344#0301936251&amp;0#\" lifetime=\"{60ca36db-b330-4b96-af92-9e89c46c5a29}\" xmlns:auto-ns2=\"http://schemas.microsoft.com/win/2004/08/events\" xmlns=\"http://www.microsoft.com/DriverFrameworks/UserMode/Event\"><Request major=\"27\" minor=\"0\"><Argument>0x0000000000000000</Argument>\n<Argument>0x0000000000000000</Argument>\n<Argument>0x0000000000000000</Argument>\n<Argument>0x0000000000000000</Argument>\n</Request>\n<Status>0</Status>\n</UMDFHostDeviceRequest>\n</UserData>\n</Event>\n"
  },
  {
    "EventID": 2101,
    "Timestamp": "2014-02-11 14:42:27.099747+00:00",
    "Computer": "IACIS-HDD-2014",
    "Channel": "Microsoft-Windows-DriverFrameworks-UserMode/Operational",
    "Level": "Information",
    "EventData": {},
    "RawXml": "<Event xmlns=\"http://schemas.microsoft.com/win/2004/08/events/event\"><System><Provider Name=\"Microsoft-Windows-DriverFrameworks-UserMode\" Guid=\"{2e35aaeb-857f-4beb-a418-2e6c0e54d988}\"></Provider>\n<EventID Qualifiers=\"\">2101</EventID>\n<Version>1</Version>\n<Level>4</Level>\n<Task>37</Task>\n<Opcode>2</Opcode>\n<Keywords>0x8000000000000000</Keywords>\n<TimeCreated SystemTime=\"2014-02-11 14:42:27.099747+00:00\"></TimeCreated>\n<EventRecordID>317</EventRecordID>\n<Correlation ActivityID=\"\" RelatedActivityID=\"\"></Correlation>\n<Execution ProcessID=\"484\" ThreadID=\"2392\"></Execution>\n<Channel>Microsoft-Windows-DriverFrameworks-UserMode/Operational</Channel>\n<Computer>IACIS-HDD-2014</Computer>\n<Security UserID=\"S-1-5-19\"></Security>\n</System>\n<UserData><UMDFHostDeviceRequest instance=\"WPDBUSENUMROOT\\UMB\\2&amp;37C186B&amp;0&amp;STORAGE#VOLUME#_??_USBSTOR#DISK&amp;VEN_GENERIC&amp;PROD_STORAGE_DEVICE&amp;REV_9344#0301936251&amp;0#\" lifetime=\"{60ca36db-b330-4b96-af92-9e89c46c5a29}\" xmlns:auto-ns2=\"http://schemas.microsoft.com/win/2004/08/events\" xmlns=\"http://www.microsoft.com/DriverFrameworks/UserMode/Event\"><Request major=\"27\" minor=\"0\"><Argument>0x0000000000000000</Argument>\n<Argument>0x000000000000001b</Argument>\n<Argument>0x0000000000000000</Argument>\n<Argument>0x0000000000000000</Argument>\n</Request>\n<Status>0</Status>\n</UMDFHostDeviceRequest>\n</UserData>\n</Event>\n"
  },
  {
    "EventID": 2100,
    "Timestamp": "2014-02-11 14:42:27.099747+00:00",
    "Computer": "IACIS-HDD-2014",
    "Channel": "Microsoft-Windows-DriverFrameworks-UserMode/Operational",
    "Level": "Information",
    "EventData": {},
    "RawXml": "<Event xmlns=\"http://schemas.microsoft.com/win/2004/08/events/event\"><System><Provider Name=\"Microsoft-Windows-DriverFrameworks-UserMode\" Guid=\"{2e35aaeb-857f-4beb-a418-2e6c0e54d988}\"></Provider>\n<EventID Qualifiers=\"\">2100</EventID>\n<Version>1</Version>\n<Level>4</Level>\n<Task>37</Task>\n<Opcode>1</Opcode>\n<Keywords>0x8000000000000000</Keywords>\n<TimeCreated SystemTime=\"2014-02-11 14:42:27.099747+00:00\"></TimeCreated>\n<EventRecordID>318</EventRecordID>\n<Correlation ActivityID=\"\" RelatedActivityID=\"\"></Correlation>\n<Execution ProcessID=\"484\" ThreadID=\"2784\"></Execution>\n<Channel>Microsoft-Windows-DriverFrameworks-UserMode/Operational</Channel>\n<Computer>IACIS-HDD-2014</Computer>\n<Security UserID=\"S-1-5-19\"></Security>\n</System>\n<UserData><UMDFHostDeviceRequest instance=\"WPDBUSENUMROOT\\UMB\\2&amp;37C186B&amp;0&amp;STORAGE#VOLUME#_??_USBSTOR#DISK&amp;VEN_GENERIC&amp;PROD_STORAGE_DEVICE&amp;REV_9344#0301936251&amp;0#\" lifetime=\"{60ca36db-b330-4b96-af92-9e89c46c5a29}\" xmlns:auto-ns2=\"http://schemas.microsoft.com/win/2004/08/events\" xmlns=\"http://www.microsoft.com/DriverFrameworks/UserMode/Event\"><Request major=\"27\" minor=\"9\"><Argument>0x0000000000010040</Argument>\n<Argument>0xffffffffffffffff</Argument>\n<Argument>0x0000000000000000</Argument>\n<Argument>0x0000000000000000</Argument>\n</Request>\n<Status>3221225659</Status>\n</UMDFHostDeviceRequest>\n</UserData>\n</Event>\n"
  },
  {
    "EventID": 2105,
    "Timestamp": "2014-02-11 14:42:27.099747+00:00",
    "Computer": "IACIS-HDD-2014",
    "Channel": "Microsoft-Windows-DriverFrameworks-UserMode/Operational",
    "Level": "Information",
    "EventData": {},
    "RawXml": "<Event xmlns=\"http://schemas.microsoft.com/win/2004/08/events/event\"><System><Provider Name=\"Microsoft-Windows-DriverFrameworks-UserMode\" Guid=\"{2e35aaeb-857f-4beb-a418-2e6c0e54d988}\"></Provider>\n<EventID Qualifiers=\"\">2105</EventID>\n<Version>1</Version>\n<Level>4</Level>\n<Task>37</Task>\n<Opcode>1</Opcode>\n<Keywords>0x8000000000000000</Keywords>\n<TimeCreated SystemTime=\"2014-02-11 14:42:27.099747+00:00\"></TimeCreated>\n<EventRecordID>319</EventRecordID>\n<Correlation ActivityID=\"\" RelatedActivityID=\"\"></Correlation>\n<Execution ProcessID=\"484\" ThreadID=\"2784\"></Execution>\n<Channel>Microsoft-Windows-DriverFrameworks-UserMode/Operational</Channel>\n<Computer>IACIS-HDD-2014</Computer>\n<Security UserID=\"S-1-5-19\"></Security>\n</System>\n<UserData><UMDFHostDeviceRequest instance=\"WPDBUSENUMROOT\\UMB\\2&amp;37C186B&amp;0&amp;STORAGE#VOLUME#_??_USBSTOR#DISK&amp;VEN_GENERIC&amp;PROD_STORAGE_DEVICE&amp;REV_9344#0301936251&amp;0#\" lifetime=\"{60ca36db-b330-4b96-af92-9e89c46c5a29}\" xmlns:auto-ns2=\"http://schemas.microsoft.com/win/2004/08/events\" xmlns=\"http://www.microsoft.com/DriverFrameworks/UserMode/Event\"><Request major=\"27\" minor=\"9\"><Argument>0x0000000000010040</Argument>\n<Argument>0xffffffffffffffff</Argument>\n<Argument>0x0000000000000000</Argument>\n<Argument>0x0000000000000000</Argument>\n</Request>\n<Status>3221225659</Status>\n</UMDFHostDeviceRequest>\n</UserData>\n</Event>\n"
  },
  {
    "EventID": 2106,
    "Timestamp": "2014-02-11 14:42:27.099747+00:00",
    "Computer": "IACIS-HDD-2014",
    "Channel": "Microsoft-Windows-DriverFrameworks-UserMode/Operational",
    "Level": "Information",
    "EventData": {},
    "RawXml": "<Event xmlns=\"http://schemas.microsoft.com/win/2004/08/events/event\"><System><Provider Name=\"Microsoft-Windows-DriverFrameworks-UserMode\" Guid=\"{2e35aaeb-857f-4beb-a418-2e6c0e54d988}\"></Provider>\n<EventID Qualifiers=\"\">2106</EventID>\n<Version>1</Version>\n<Level>4</Level>\n<Task>37</Task>\n<Opcode>1</Opcode>\n<Keywords>0x8000000000000000</Keywords>\n<TimeCreated SystemTime=\"2014-02-11 14:42:27.099747+00:00\"></TimeCreated>\n<EventRecordID>320</EventRecordID>\n<Correlation ActivityID=\"\" RelatedActivityID=\"\"></Correlation>\n<Execution ProcessID=\"484\" ThreadID=\"2784\"></Execution>\n<Channel>Microsoft-Windows-DriverFrameworks-UserMode/Operational</Channel>\n<Computer>IACIS-HDD-2014</Computer>\n<Security UserID=\"S-1-5-19\"></Security>\n</System>\n<UserData><UMDFHostDeviceRequest instance=\"WPDBUSENUMROOT\\UMB\\2&amp;37C186B&amp;0&amp;STORAGE#VOLUME#_??_USBSTOR#DISK&amp;VEN_GENERIC&amp;PROD_STORAGE_DEVICE&amp;REV_9344#0301936251&amp;0#\" lifetime=\"{60ca36db-b330-4b96-af92-9e89c46c5a29}\" xmlns:auto-ns2=\"http://schemas.microsoft.com/win/2004/08/events\" xmlns=\"http://www.microsoft.com/DriverFrameworks/UserMode/Event\"><Request major=\"27\" minor=\"9\"><Argument>0x0000000000010040</Argument>\n<Argument>0xffffffffffffffff</Argument>\n<Argument>0x0000000000000000</Argument>\n<Argument>0x0000000000000000</Argument>\n</Request>\n<Status>0</Status>\n</UMDFHostDeviceRequest>\n</UserData>\n</Event>\n"
  },
  {
    "EventID": 2101,
    "Timestamp": "2014-02-11 14:42:27.099747+00:00",
    "Computer": "IACIS-HDD-2014",
    "Channel": "Microsoft-Windows-DriverFrameworks-UserMode/Operational",
    "Level": "Information",
    "EventData": {},
    "RawXml": "<Event xmlns=\"http://schemas.microsoft.com/win/2004/08/events/event\"><System><Provider Name=\"Microsoft-Windows-DriverFrameworks-UserMode\" Guid=\"{2e35aaeb-857f-4beb-a418-2e6c0e54d988}\"></Provider>\n<EventID Qualifiers=\"\">2101</EventID>\n<Version>1</Version>\n<Level>4</Level>\n<Task>37</Task>\n<Opcode>2</Opcode>\n<Keywords>0x8000000000000000</Keywords>\n<TimeCreated SystemTime=\"2014-02-11 14:42:27.099747+00:00\"></TimeCreated>\n<EventRecordID>321</EventRecordID>\n<Correlation ActivityID=\"\" RelatedActivityID=\"\"></Correlation>\n<Execution ProcessID=\"484\" ThreadID=\"2784\"></Execution>\n<Channel>Microsoft-Windows-DriverFrameworks-UserMode/Operational</Channel>\n<Computer>IACIS-HDD-2014</Computer>\n<Security UserID=\"S-1-5-19\"></Security>\n</System>\n<UserData><UMDFHostDeviceRequest instance=\"WPDBUSENUMROOT\\UMB\\2&amp;37C186B&amp;0&amp;STORAGE#VOLUME#_??_USBSTOR#DISK&amp;VEN_GENERIC&amp;PROD_STORAGE_DEVICE&amp;REV_9344#0301936251&amp;0#\" lifetime=\"{60ca36db-b330-4b96-af92-9e89c46c5a29}\" xmlns:auto-ns2=\"http://schemas.microsoft.com/win/2004/08/events\" xmlns=\"http://www.microsoft.com/DriverFrameworks/UserMode/Event\"><Request major=\"27\" minor=\"9\"><Argument>0x00000a9100010040</Argument>\n<Argument>0xffffffffffffffff</Argument>\n<Argument>0x0000000200000000</Argument>\n<Argument>0x0000000300000002</Argument>\n</Request>\n<Status>0</Status>\n</UMDFHostDeviceRequest>\n</UserData>\n</Event>\n"
  },
  {
    "EventID": 2100,
    "Timestamp": "2014-02-11 14:42:27.099747+00:00",
    "Computer": "IACIS-HDD-2014",
    "Channel": "Microsoft-Windows-DriverFrameworks-UserMode/Operational",
    "Level": "Information",
    "EventData": {},
    "RawXml": "<Event xmlns=\"http://schemas.microsoft.com/win/2004/08/events/event\"><System><Provider Name=\"Microsoft-Windows-DriverFrameworks-UserMode\" Guid=\"{2e35aaeb-857f-4beb-a418-2e6c0e54d988}\"></Provider>\n<EventID Qualifiers=\"\">2100</EventID>\n<Version>1</Version>\n<Level>4</Level>\n<Task>37</Task>\n<Opcode>1</Opcode>\n<Keywords>0x8000000000000000</Keywords>\n<TimeCreated SystemTime=\"2014-02-11 14:42:27.099747+00:00\"></TimeCreated>\n<EventRecordID>322</EventRecordID>\n<Correlation ActivityID=\"\" RelatedActivityID=\"\"></Correlation>\n<Execution ProcessID=\"484\" ThreadID=\"2392\"></Execution>\n<Channel>Microsoft-Windows-DriverFrameworks-UserMode/Operational</Channel>\n<Computer>IACIS-HDD-2014</Computer>\n<Security UserID=\"S-1-5-19\"></Security>\n</System>\n<UserData><UMDFHostDeviceRequest instance=\"WPDBUSENUMROOT\\UMB\\2&amp;37C186B&amp;0&amp;STORAGE#VOLUME#_??_USBSTOR#DISK&amp;VEN_GENERIC&amp;PROD_STORAGE_DEVICE&amp;REV_9344#0301936251&amp;0#\" lifetime=\"{60ca36db-b330-4b96-af92-9e89c46c5a29}\" xmlns:auto-ns2=\"http://schemas.microsoft.com/win/2004/08/events\" xmlns=\"http://www.microsoft.com/DriverFrameworks/UserMode/Event\"><Request major=\"27\" minor=\"20\"><Argument>0x0000000000000000</Argument>\n<Argument>0x0000000000000000</Argument>\n<Argument>0x0000000000000000</Argument>\n<Argument>0x0000000000000000</Argument>\n</Request>\n<Status>3221225659</Status>\n</UMDFHostDeviceRequest>\n</UserData>\n</Event>\n"
  },
  {
    "EventID": 2105,
    "Timestamp": "2014-02-11 14:42:27.099747+00:00",
    "Computer": "IACIS-HDD-2014",
    "Channel": "Microsoft-Windows-DriverFrameworks-UserMode/Operational",
    "Level": "Information",
    "EventData": {},
    "RawXml": "<Event xmlns=\"http://schemas.microsoft.com/win/2004/08/events/event\"><System><Provider Name=\"Microsoft-Windows-DriverFrameworks-UserMode\" Guid=\"{2e35aaeb-857f-4beb-a418-2e6c0e54d988}\"></Provider>\n<EventID Qualifiers=\"\">2105</EventID>\n<Version>1</Version>\n<Level>4</Level>\n<Task>37</Task>\n<Opcode>1</Opcode>\n<Keywords>0x8000000000000000</Keywords>\n<TimeCreated SystemTime=\"2014-02-11 14:42:27.099747+00:00\"></TimeCreated>\n<EventRecordID>323</EventRecordID>\n<Correlation ActivityID=\"\" RelatedActivityID=\"\"></Correlation>\n<Execution ProcessID=\"484\" ThreadID=\"2392\"></Execution>\n<Channel>Microsoft-Windows-DriverFrameworks-UserMode/Operational</Channel>\n<Computer>IACIS-HDD-2014</Computer>\n<Security UserID=\"S-1-5-19\"></Security>\n</System>\n<UserData><UMDFHostDeviceRequest instance=\"WPDBUSENUMROOT\\UMB\\2&amp;37C186B&amp;0&amp;STORAGE#VOLUME#_??_USBSTOR#DISK&amp;VEN_GENERIC&amp;PROD_STORAGE_DEVICE&amp;REV_9344#0301936251&amp;0#\" lifetime=\"{60ca36db-b330-4b96-af92-9e89c46c5a29}\" xmlns:auto-ns2=\"http://schemas.microsoft.com/win/2004/08/events\" xmlns=\"http://www.microsoft.com/DriverFrameworks/UserMode/Event\"><Request major=\"27\" minor=\"20\"><Argument>0x0000000000000000</Argument>\n<Argument>0x0000000000000000</Argument>\n<Argument>0x0000000000000000</Argument>\n<Argument>0x0000000000000000</Argument>\n</Request>\n<Status>3221225659</Status>\n</UMDFHostDeviceRequest>\n</UserData>\n</Event>\n"
  },
  {
    "EventID": 2106,
    "Timestamp": "2014-02-11 14:42:27.099747+00:00",
    "Computer": "IACIS-HDD-2014",
    "Channel": "Microsoft-Windows-DriverFrameworks-UserMode/Operational",
    "Level": "Information",
    "EventData": {},
    "RawXml": "<Event xmlns=\"http://schemas.microsoft.com/win/2004/08/events/event\"><System><Provider Name=\"Microsoft-Windows-DriverFrameworks-UserMode\" Guid=\"{2e35aaeb-857f-4beb-a418-2e6c0e54d988}\"></Provider>\n<EventID Qualifiers=\"\">2106</EventID>\n<Version>1</Version>\n<Level>4</Level>\n<Task>37</Task>\n<Opcode>1</Opcode>\n<Keywords>0x8000000000000000</Keywords>\n<TimeCreated SystemTime=\"2014-02-11 14:42:27.099747+00:00\"></TimeCreated>\n<EventRecordID>324</EventRecordID>\n<Correlation ActivityID=\"\" RelatedActivityID=\"\"></Correlation>\n<Execution ProcessID=\"484\" ThreadID=\"2392\"></Execution>\n<Channel>Microsoft-Windows-DriverFrameworks-UserMode/Operational</Channel>\n<Computer>IACIS-HDD-2014</Computer>\n<Security UserID=\"S-1-5-19\"></Security>\n</System>\n<UserData><UMDFHostDeviceRequest instance=\"WPDBUSENUMROOT\\UMB\\2&amp;37C186B&amp;0&amp;STORAGE#VOLUME#_??_USBSTOR#DISK&amp;VEN_GENERIC&amp;PROD_STORAGE_DEVICE&amp;REV_9344#0301936251&amp;0#\" lifetime=\"{60ca36db-b330-4b96-af92-9e89c46c5a29}\" xmlns:auto-ns2=\"http://schemas.microsoft.com/win/2004/08/events\" xmlns=\"http://www.microsoft.com/DriverFrameworks/UserMode/Event\"><Request major=\"27\" minor=\"20\"><Argument>0x0000000000000000</Argument>\n<Argument>0x0000000000000000</Argument>\n<Argument>0x0000000000000000</Argument>\n<Argument>0x0000000000000000</Argument>\n</Request>\n<Status>0</Status>\n</UMDFHostDeviceRequest>\n</UserData>\n</Event>\n"
  },
  {
    "EventID": 2101,
    "Timestamp": "2014-02-11 14:42:27.099747+00:00",
    "Computer": "IACIS-HDD-2014",
    "Channel": "Microsoft-Windows-DriverFrameworks-UserMode/Operational",
    "Level": "Information",
    "EventData": {},
    "RawXml": "<Event xmlns=\"http://schemas.microsoft.com/win/2004/08/events/event\"><System><Provider Name=\"Microsoft-Windows-DriverFrameworks-UserMode\" Guid=\"{2e35aaeb-857f-4beb-a418-2e6c0e54d988}\"></Provider>\n<EventID Qualifiers=\"\">2101</EventID>\n<Version>1</Version>\n<Level>4</Level>\n<Task>37</Task>\n<Opcode>2</Opcode>\n<Keywords>0x8000000000000000</Keywords>\n<TimeCreated SystemTime=\"2014-02-11 14:42:27.099747+00:00\"></TimeCreated>\n<EventRecordID>325</EventRecordID>\n<Correlation ActivityID=\"\" RelatedActivityID=\"\"></Correlation>\n<Execution ProcessID=\"484\" ThreadID=\"2392\"></Execution>\n<Channel>Microsoft-Windows-DriverFrameworks-UserMode/Operational</Channel>\n<Computer>IACIS-HDD-2014</Computer>\n<Security UserID=\"S-1-5-19\"></Security>\n</System>\n<UserData><UMDFHostDeviceRequest instance=\"WPDBUSENUMROOT\\UMB\\2&amp;37C186B&amp;0&amp;STORAGE#VOLUME#_??_USBSTOR#DISK&amp;VEN_GENERIC&amp;PROD_STORAGE_DEVICE&amp;REV_9344#0301936251&amp;0#\" lifetime=\"{60ca36db-b330-4b96-af92-9e89c46c5a29}\" xmlns:auto-ns2=\"http://schemas.microsoft.com/win/2004/08/events\" xmlns=\"http://www.microsoft.com/DriverFrameworks/UserMode/Event\"><Request major=\"27\" minor=\"20\"><Argument>0x0000000000000000</Argument>\n<Argument>0x000000000000141b</Argument>\n<Argument>0x0000000000000000</Argument>\n<Argument>0x0000000000000000</Argument>\n</Request>\n<Status>0</Status>\n</UMDFHostDeviceRequest>\n</UserData>\n</Event>\n"
  },
  {
    "EventID": 2003,
    "Timestamp": "2014-02-11 14:42:27.200748+00:00",
    "Computer": "IACIS-HDD-2014",
    "Channel": "Microsoft-Windows-DriverFrameworks-UserMode/Operational",
    "Level": "Information",
    "EventData": {},
    "RawXml": "<Event xmlns=\"http://schemas.microsoft.com/win/2004/08/events/event\"><System><Provider Name=\"Microsoft-Windows-DriverFrameworks-UserMode\" Guid=\"{2e35aaeb-857f-4beb-a418-2e6c0e54d988}\"></Provider>\n<EventID Qualifiers=\"\">2003</EventID>\n<Version>1</Version>\n<Level>4</Level>\n<Task>33</Task>\n<Opcode>1</Opcode>\n<Keywords>0x8000000000000000</Keywords>\n<TimeCreated SystemTime=\"2014-02-11 14:42:27.200748+00:00\"></TimeCreated>\n<EventRecordID>326</EventRecordID>\n<Correlation ActivityID=\"\" RelatedActivityID=\"\"></Correlation>\n<Execution ProcessID=\"484\" ThreadID=\"2392\"></Execution>\n<Channel>Microsoft-Windows-DriverFrameworks-UserMode/Operational</Channel>\n<Computer>IACIS-HDD-2014</Computer>\n<Security UserID=\"S-1-5-19\"></Security>\n</System>\n<UserData><UMDFHostDeviceArrivalBegin instance=\"WPDBUSENUMROOT\\UMB\\2&amp;37C186B&amp;0&amp;STORAGE#VOLUME#_??_USBSTOR#DISK&amp;VEN_GENERIC&amp;PROD_STORAGE_DEVICE&amp;REV_9344#0301936251&amp;1#\" lifetime=\"{60ca36db-b330-4b96-af92-9e89c46c5a29}\" xmlns:auto-ns2=\"http://schemas.microsoft.com/win/2004/08/events\" xmlns=\"http://www.microsoft.com/DriverFrameworks/UserMode/Event\"></UMDFHostDeviceArrivalBegin>\n</UserData>\n</Event>\n"
  },
  {
    "EventID": 2010,
    "Timestamp": "2014-02-11 14:42:27.200748+00:00",
    "Computer": "IACIS-HDD-2014",
    "Channel": "Microsoft-Windows-DriverFrameworks-UserMode/Operational",
    "Level": "Information",
    "EventData": {},
    "RawXml": "<Event xmlns=\"http://schemas.microsoft.com/win/2004/08/events/event\"><System><Provider Name=\"Microsoft-Windows-DriverFrameworks-UserMode\" Guid=\"{2e35aaeb-857f-4beb-a418-2e6c0e54d988}\"></Provider>\n<EventID Qualifiers=\"\">2010</EventID>\n<Version>1</Version>\n<Level>4</Level>\n<Task>33</Task>\n<Opcode>2</Opcode>\n<Keywords>0x8000000000000000</Keywords>\n<TimeCreated SystemTime=\"2014-02-11 14:42:27.200748+00:00\"></TimeCreated>\n<EventRecordID>327</EventRecordID>\n<Correlation ActivityID=\"\" RelatedActivityID=\"\"></Correlation>\n<Execution ProcessID=\"484\" ThreadID=\"2392\"></Execution>\n<Channel>Microsoft-Windows-DriverFrameworks-UserMode/Operational</Channel>\n<Computer>IACIS-HDD-2014</Computer>\n<Security UserID=\"S-1-5-19\"></Security>\n</System>\n<UserData><UMDFHostDeviceArrivalEnd instance=\"WPDBUSENUMROOT\\UMB\\2&amp;37C186B&amp;0&amp;STORAGE#VOLUME#_??_USBSTOR#DISK&amp;VEN_GENERIC&amp;PROD_STORAGE_DEVICE&amp;REV_9344#0301936251&amp;1#\" lifetime=\"{60ca36db-b330-4b96-af92-9e89c46c5a29}\" xmlns:auto-ns2=\"http://schemas.microsoft.com/win/2004/08/events\" xmlns=\"http://www.microsoft.com/DriverFrameworks/UserMode/Event\"><FinalStatus>0</FinalStatus>\n</UMDFHostDeviceArrivalEnd>\n</UserData>\n</Event>\n"
  },
  {
    "EventID": 2004,
    "Timestamp": "2014-02-11 14:42:27.200748+00:00",
    "Computer": "IACIS-HDD-2014",
    "Channel": "Microsoft-Windows-DriverFrameworks-UserMode/Operational",
    "Level": "Verbose",
    "EventData": {},
    "RawXml": "<Event xmlns=\"http://schemas.microsoft.com/win/2004/08/events/event\"><System><Provider Name=\"Microsoft-Windows-DriverFrameworks-UserMode\" Guid=\"{2e35aaeb-857f-4beb-a418-2e6c0e54d988}\"></Provider>\n<EventID Qualifiers=\"\">2004</EventID>\n<Version>1</Version>\n<Level>5</Level>\n<Task>33</Task>\n<Opcode>1</Opcode>\n<Keywords>0x8000000000000000</Keywords>\n<TimeCreated SystemTime=\"2014-02-11 14:42:27.200748+00:00\"></TimeCreated>\n<EventRecordID>328</EventRecordID>\n<Correlation ActivityID=\"\" RelatedActivityID=\"\"></Correlation>\n<Execution ProcessID=\"484\" ThreadID=\"2392\"></Execution>\n<Channel>Microsoft-Windows-DriverFrameworks-UserMode/Operational</Channel>\n<Computer>IACIS-HDD-2014</Computer>\n<Security UserID=\"S-1-5-19\"></Security>\n</System>\n<UserData><UMDFHostAddDeviceBegin instance=\"WPDBUSENUMROOT\\UMB\\2&amp;37C186B&amp;0&amp;STORAGE#VOLUME#_??_USBSTOR#DISK&amp;VEN_GENERIC&amp;PROD_STORAGE_DEVICE&amp;REV_9344#0301936251&amp;1#\" lifetime=\"{60ca36db-b330-4b96-af92-9e89c46c5a29}\" xmlns:auto-ns2=\"http://schemas.microsoft.com/win/2004/08/events\" xmlns=\"http://www.microsoft.com/DriverFrameworks/UserMode/Event\"><Level>0</Level>\n<Service>WpdFs</Service>\n<DriverClsid>{112de495-ac4c-46f8-b663-6a4266c53313}</DriverClsid>\n</UMDFHostAddDeviceBegin>\n</UserData>\n</Event>\n"
  },
  {
    "EventID": 2006,
    "Timestamp": "2014-02-11 14:42:27.200748+00:00",
    "Computer": "IACIS-HDD-2014",
    "Channel": "Microsoft-Windows-DriverFrameworks-UserMode/Operational",
    "Level": "Verbose",
    "EventData": {},
    "RawXml": "<Event xmlns=\"http://schemas.microsoft.com/win/2004/08/events/event\"><System><Provider Name=\"Microsoft-Windows-DriverFrameworks-UserMode\" Guid=\"{2e35aaeb-857f-4beb-a418-2e6c0e54d988}\"></Provider>\n<EventID Qualifiers=\"\">2006</EventID>\n<Version>1</Version>\n<Level>5</Level>\n<Task>33</Task>\n<Opcode>2</Opcode>\n<Keywords>0x8000000000000000</Keywords>\n<TimeCreated SystemTime=\"2014-02-11 14:42:27.200748+00:00\"></TimeCreated>\n<EventRecordID>329</EventRecordID>\n<Correlation ActivityID=\"\" RelatedActivityID=\"\"></Correlation>\n<Execution ProcessID=\"484\" ThreadID=\"2392\"></Execution>\n<Channel>Microsoft-Windows-DriverFrameworks-UserMode/Operational</Channel>\n<Computer>IACIS-HDD-2014</Computer>\n<Security UserID=\"S-1-5-19\"></Security>\n</System>\n<UserData><UMDFHostAddDeviceEnd instance=\"WPDBUSENUMROOT\\UMB\\2&amp;37C186B&amp;0&amp;STORAGE#VOLUME#_??_USBSTOR#DISK&amp;VEN_GENERIC&amp;PROD_STORAGE_DEVICE&amp;REV_9344#0301936251&amp;1#\" lifetime=\"{60ca36db-b330-4b96-af92-9e89c46c5a29}\" xmlns:auto-ns2=\"http://schemas.microsoft.com/win/2004/08/events\" xmlns=\"http://www.microsoft.com/DriverFrameworks/UserMode/Event\"><Level>0</Level>\n<FinalStatus>0</FinalStatus>\n</UMDFHostAddDeviceEnd>\n</UserData>\n</Event>\n"
  },
  {
    "EventID": 2100,
    "Timestamp": "2014-02-11 14:42:27.201748+00:00",
    "Computer": "IACIS-HDD-2014",
    "Channel": "Microsoft-Windows-DriverFrameworks-UserMode/Operational",
    "Level": "Information",
    "EventData": {},
    "RawXml": "<Event xmlns=\"http://schemas.microsoft.com/win/2004/08/events/event\"><System><Provider Name=\"Microsoft-Windows-DriverFrameworks-UserMode\" Guid=\"{2e35aaeb-857f-4beb-a418-2e6c0e54d988}\"></Provider>\n<EventID Qualifiers=\"\">2100</EventID>\n<Version>1</Version>\n<Level>4</Level>\n<Task>37</Task>\n<Opcode>1</Opcode>\n<Keywords>0x8000000000000000</Keywords>\n<TimeCreated SystemTime=\"2014-02-11 14:42:27.201748+00:00\"></TimeCreated>\n<EventRecordID>330</EventRecordID>\n<Correlation ActivityID=\"\" RelatedActivityID=\"\"></Correlation>\n<Execution ProcessID=\"484\" ThreadID=\"2392\"></Execution>\n<Channel>Microsoft-Windows-DriverFrameworks-UserMode/Operational</Channel>\n<Computer>IACIS-HDD-2014</Computer>\n<Security UserID=\"S-1-5-19\"></Security>\n</System>\n<UserData><UMDFHostDeviceRequest instance=\"WPDBUSENUMROOT\\UMB\\2&amp;37C186B&amp;0&amp;STORAGE#VOLUME#_??_USBSTOR#DISK&amp;VEN_GENERIC&amp;PROD_STORAGE_DEVICE&amp;REV_9344#0301936251&amp;1#\" lifetime=\"{60ca36db-b330-4b96-af92-9e89c46c5a29}\" xmlns:auto-ns2=\"http://schemas.microsoft.com/win/2004/08/events\" xmlns=\"http://www.microsoft.com/DriverFrameworks/UserMode/Event\"><Request major=\"27\" minor=\"0\"><Argument>0x0000000000000000</Argument>\n<Argument>0x0000000000000000</Argument>\n<Argument>0x0000000000000000</Argument>\n<Argument>0x0000000000000000</Argument>\n</Request>\n<Status>3221225659</Status>\n</UMDFHostDeviceRequest>\n</UserData>\n</Event>\n"
  },
  {
    "EventID": 2105,
    "Timestamp": "2014-02-11 14:42:27.201748+00:00",
    "Computer": "IACIS-HDD-2014",
    "Channel": "Microsoft-Windows-DriverFrameworks-UserMode/Operational",
    "Level": "Information",
    "EventData": {},
    "RawXml": "<Event xmlns=\"http://schemas.microsoft.com/win/2004/08/events/event\"><System><Provider Name=\"Microsoft-Windows-DriverFrameworks-UserMode\" Guid=\"{2e35aaeb-857f-4beb-a418-2e6c0e54d988}\"></Provider>\n<EventID Qualifiers=\"\">2105</EventID>\n<Version>1</Version>\n<Level>4</Level>\n<Task>37</Task>\n<Opcode>1</Opcode>\n<Keywords>0x8000000000000000</Keywords>\n<TimeCreated SystemTime=\"2014-02-11 14:42:27.201748+00:00\"></TimeCreated>\n<EventRecordID>331</EventRecordID>\n<Correlation ActivityID=\"\" RelatedActivityID=\"\"></Correlation>\n<Execution ProcessID=\"484\" ThreadID=\"2392\"></Execution>\n<Channel>Microsoft-Windows-DriverFrameworks-UserMode/Operational</Channel>\n<Computer>IACIS-HDD-2014</Computer>\n<Security UserID=\"S-1-5-19\"></Security>\n</System>\n<UserData><UMDFHostDeviceRequest instance=\"WPDBUSENUMROOT\\UMB\\2&amp;37C186B&amp;0&amp;STORAGE#VOLUME#_??_USBSTOR#DISK&amp;VEN_GENERIC&amp;PROD_STORAGE_DEVICE&amp;REV_9344#0301936251&amp;1#\" lifetime=\"{60ca36db-b330-4b96-af92-9e89c46c5a29}\" xmlns:auto-ns2=\"http://schemas.microsoft.com/win/2004/08/events\" xmlns=\"http://www.microsoft.com/DriverFrameworks/UserMode/Event\"><Request major=\"27\" minor=\"0\"><Argument>0x0000000000000000</Argument>\n<Argument>0x0000000000000000</Argument>\n<Argument>0x0000000000000000</Argument>\n<Argument>0x0000000000000000</Argument>\n</Request>\n<Status>3221225659</Status>\n</UMDFHostDeviceRequest>\n</UserData>\n</Event>\n"
  },
  {
    "EventID": 2106,
    "Timestamp": "2014-02-11 14:42:27.201748+00:00",
    "Computer": "IACIS-HDD-2014",
    "Channel": "Microsoft-Windows-DriverFrameworks-UserMode/Operational",
    "Level": "Information",
    "EventData": {},
    "RawXml": "<Event xmlns=\"http://schemas.microsoft.com/win/2004/08/events/event\"><System><Provider Name=\"Microsoft-Windows-DriverFrameworks-UserMode\" Guid=\"{2e35aaeb-857f-4beb-a418-2e6c0e54d988}\"></Provider>\n<EventID Qualifiers=\"\">2106</EventID>\n<Version>1</Version>\n<Level>4</Level>\n<Task>37</Task>\n<Opcode>1</Opcode>\n<Keywords>0x8000000000000000</Keywords>\n<TimeCreated SystemTime=\"2014-02-11 14:42:27.201748+00:00\"></TimeCreated>\n<EventRecordID>332</EventRecordID>\n<Correlation ActivityID=\"\" RelatedActivityID=\"\"></Correlation>\n<Execution ProcessID=\"484\" ThreadID=\"2392\"></Execution>\n<Channel>Microsoft-Windows-DriverFrameworks-UserMode/Operational</Channel>\n<Computer>IACIS-HDD-2014</Computer>\n<Security UserID=\"S-1-5-19\"></Security>\n</System>\n<UserData><UMDFHostDeviceRequest instance=\"WPDBUSENUMROOT\\UMB\\2&amp;37C186B&amp;0&amp;STORAGE#VOLUME#_??_USBSTOR#DISK&amp;VEN_GENERIC&amp;PROD_STORAGE_DEVICE&amp;REV_9344#0301936251&amp;1#\" lifetime=\"{60ca36db-b330-4b96-af92-9e89c46c5a29}\" xmlns:auto-ns2=\"http://schemas.microsoft.com/win/2004/08/events\" xmlns=\"http://www.microsoft.com/DriverFrameworks/UserMode/Event\"><Request major=\"27\" minor=\"0\"><Argument>0x0000000000000000</Argument>\n<Argument>0x0000000000000000</Argument>\n<Argument>0x0000000000000000</Argument>\n<Argument>0x0000000000000000</Argument>\n</Request>\n<Status>0</Status>\n</UMDFHostDeviceRequest>\n</UserData>\n</Event>\n"
  },
  {
    "EventID": 2101,
    "Timestamp": "2014-02-11 14:42:27.211748+00:00",
    "Computer": "IACIS-HDD-2014",
    "Channel": "Microsoft-Windows-DriverFrameworks-UserMode/Operational",
    "Level": "Information",
    "EventData": {},
    "RawXml": "<Event xmlns=\"http://schemas.microsoft.com/win/2004/08/events/event\"><System><Provider Name=\"Microsoft-Windows-DriverFrameworks-UserMode\" Guid=\"{2e35aaeb-857f-4beb-a418-2e6c0e54d988}\"></Provider>\n<EventID Qualifiers=\"\">2101</EventID>\n<Version>1</Version>\n<Level>4</Level>\n<Task>37</Task>\n<Opcode>2</Opcode>\n<Keywords>0x8000000000000000</Keywords>\n<TimeCreated SystemTime=\"2014-02-11 14:42:27.211748+00:00\"></TimeCreated>\n<EventRecordID>333</EventRecordID>\n<Correlation ActivityID=\"\" RelatedActivityID=\"\"></Correlation>\n<Execution ProcessID=\"484\" ThreadID=\"2392\"></Execution>\n<Channel>Microsoft-Windows-DriverFrameworks-UserMode/Operational</Channel>\n<Computer>IACIS-HDD-2014</Computer>\n<Security UserID=\"S-1-5-19\"></Security>\n</System>\n<UserData><UMDFHostDeviceRequest instance=\"WPDBUSENUMROOT\\UMB\\2&amp;37C186B&amp;0&amp;STORAGE#VOLUME#_??_USBSTOR#DISK&amp;VEN_GENERIC&amp;PROD_STORAGE_DEVICE&amp;REV_9344#0301936251&amp;1#\" lifetime=\"{60ca36db-b330-4b96-af92-9e89c46c5a29}\" xmlns:auto-ns2=\"http://schemas.microsoft.com/win/2004/08/events\" xmlns=\"http://www.microsoft.com/DriverFrameworks/UserMode/Event\"><Request major=\"27\" minor=\"0\"><Argument>0x0000000000000000</Argument>\n<Argument>0x000000000000001b</Argument>\n<Argument>0x0000000000000000</Argument>\n<Argument>0x0000000000000000</Argument>\n</Request>\n<Status>0</Status>\n</UMDFHostDeviceRequest>\n</UserData>\n</Event>\n"
  },
  {
    "EventID": 2100,
    "Timestamp": "2014-02-11 14:42:27.212748+00:00",
    "Computer": "IACIS-HDD-2014",
    "Channel": "Microsoft-Windows-DriverFrameworks-UserMode/Operational",
    "Level": "Information",
    "EventData": {},
    "RawXml": "<Event xmlns=\"http://schemas.microsoft.com/win/2004/08/events/event\"><System><Provider Name=\"Microsoft-Windows-DriverFrameworks-UserMode\" Guid=\"{2e35aaeb-857f-4beb-a418-2e6c0e54d988}\"></Provider>\n<EventID Qualifiers=\"\">2100</EventID>\n<Version>1</Version>\n<Level>4</Level>\n<Task>37</Task>\n<Opcode>1</Opcode>\n<Keywords>0x8000000000000000</Keywords>\n<TimeCreated SystemTime=\"2014-02-11 14:42:27.212748+00:00\"></TimeCreated>\n<EventRecordID>334</EventRecordID>\n<Correlation ActivityID=\"\" RelatedActivityID=\"\"></Correlation>\n<Execution ProcessID=\"484\" ThreadID=\"2784\"></Execution>\n<Channel>Microsoft-Windows-DriverFrameworks-UserMode/Operational</Channel>\n<Computer>IACIS-HDD-2014</Computer>\n<Security UserID=\"S-1-5-19\"></Security>\n</System>\n<UserData><UMDFHostDeviceRequest instance=\"WPDBUSENUMROOT\\UMB\\2&amp;37C186B&amp;0&amp;STORAGE#VOLUME#_??_USBSTOR#DISK&amp;VEN_GENERIC&amp;PROD_STORAGE_DEVICE&amp;REV_9344#0301936251&amp;1#\" lifetime=\"{60ca36db-b330-4b96-af92-9e89c46c5a29}\" xmlns:auto-ns2=\"http://schemas.microsoft.com/win/2004/08/events\" xmlns=\"http://www.microsoft.com/DriverFrameworks/UserMode/Event\"><Request major=\"27\" minor=\"9\"><Argument>0x0000000000010040</Argument>\n<Argument>0xffffffffffffffff</Argument>\n<Argument>0x0000000000000000</Argument>\n<Argument>0x0000000000000000</Argument>\n</Request>\n<Status>3221225659</Status>\n</UMDFHostDeviceRequest>\n</UserData>\n</Event>\n"
  },
  {
    "EventID": 2105,
    "Timestamp": "2014-02-11 14:42:27.212748+00:00",
    "Computer": "IACIS-HDD-2014",
    "Channel": "Microsoft-Windows-DriverFrameworks-UserMode/Operational",
    "Level": "Information",
    "EventData": {},
    "RawXml": "<Event xmlns=\"http://schemas.microsoft.com/win/2004/08/events/event\"><System><Provider Name=\"Microsoft-Windows-DriverFrameworks-UserMode\" Guid=\"{2e35aaeb-857f-4beb-a418-2e6c0e54d988}\"></Provider>\n<EventID Qualifiers=\"\">2105</EventID>\n<Version>1</Version>\n<Level>4</Level>\n<Task>37</Task>\n<Opcode>1</Opcode>\n<Keywords>0x8000000000000000</Keywords>\n<TimeCreated SystemTime=\"2014-02-11 14:42:27.212748+00:00\"></TimeCreated>\n<EventRecordID>335</EventRecordID>\n<Correlation ActivityID=\"\" RelatedActivityID=\"\"></Correlation>\n<Execution ProcessID=\"484\" ThreadID=\"2784\"></Execution>\n<Channel>Microsoft-Windows-DriverFrameworks-UserMode/Operational</Channel>\n<Computer>IACIS-HDD-2014</Computer>\n<Security UserID=\"S-1-5-19\"></Security>\n</System>\n<UserData><UMDFHostDeviceRequest instance=\"WPDBUSENUMROOT\\UMB\\2&amp;37C186B&amp;0&amp;STORAGE#VOLUME#_??_USBSTOR#DISK&amp;VEN_GENERIC&amp;PROD_STORAGE_DEVICE&amp;REV_9344#0301936251&amp;1#\" lifetime=\"{60ca36db-b330-4b96-af92-9e89c46c5a29}\" xmlns:auto-ns2=\"http://schemas.microsoft.com/win/2004/08/events\" xmlns=\"http://www.microsoft.com/DriverFrameworks/UserMode/Event\"><Request major=\"27\" minor=\"9\"><Argument>0x0000000000010040</Argument>\n<Argument>0xffffffffffffffff</Argument>\n<Argument>0x0000000000000000</Argument>\n<Argument>0x0000000000000000</Argument>\n</Request>\n<Status>3221225659</Status>\n</UMDFHostDeviceRequest>\n</UserData>\n</Event>\n"
  },
  {
    "EventID": 2106,
    "Timestamp": "2014-02-11 14:42:27.212748+00:00",
    "Computer": "IACIS-HDD-2014",
    "Channel": "Microsoft-Windows-DriverFrameworks-UserMode/Operational",
    "Level": "Information",
    "EventData": {},
    "RawXml": "<Event xmlns=\"http://schemas.microsoft.com/win/2004/08/events/event\"><System><Provider Name=\"Microsoft-Windows-DriverFrameworks-UserMode\" Guid=\"{2e35aaeb-857f-4beb-a418-2e6c0e54d988}\"></Provider>\n<EventID Qualifiers=\"\">2106</EventID>\n<Version>1</Version>\n<Level>4</Level>\n<Task>37</Task>\n<Opcode>1</Opcode>\n<Keywords>0x8000000000000000</Keywords>\n<TimeCreated SystemTime=\"2014-02-11 14:42:27.212748+00:00\"></TimeCreated>\n<EventRecordID>336</EventRecordID>\n<Correlation ActivityID=\"\" RelatedActivityID=\"\"></Correlation>\n<Execution ProcessID=\"484\" ThreadID=\"2784\"></Execution>\n<Channel>Microsoft-Windows-DriverFrameworks-UserMode/Operational</Channel>\n<Computer>IACIS-HDD-2014</Computer>\n<Security UserID=\"S-1-5-19\"></Security>\n</System>\n<UserData><UMDFHostDeviceRequest instance=\"WPDBUSENUMROOT\\UMB\\2&amp;37C186B&amp;0&amp;STORAGE#VOLUME#_??_USBSTOR#DISK&amp;VEN_GENERIC&amp;PROD_STORAGE_DEVICE&amp;REV_9344#0301936251&amp;1#\" lifetime=\"{60ca36db-b330-4b96-af92-9e89c46c5a29}\" xmlns:auto-ns2=\"http://schemas.microsoft.com/win/2004/08/events\" xmlns=\"http://www.microsoft.com/DriverFrameworks/UserMode/Event\"><Request major=\"27\" minor=\"9\"><Argument>0x0000000000010040</Argument>\n<Argument>0xffffffffffffffff</Argument>\n<Argument>0x0000000000000000</Argument>\n<Argument>0x0000000000000000</Argument>\n</Request>\n<Status>0</Status>\n</UMDFHostDeviceRequest>\n</UserData>\n</Event>\n"
  },
  {
    "EventID": 2101,
    "Timestamp": "2014-02-11 14:42:27.212748+00:00",
    "Computer": "IACIS-HDD-2014",
    "Channel": "Microsoft-Windows-DriverFrameworks-UserMode/Operational",
    "Level": "Information",
    "EventData": {},
    "RawXml": "<Event xmlns=\"http://schemas.microsoft.com/win/2004/08/events/event\"><System><Provider Name=\"Microsoft-Windows-DriverFrameworks-UserMode\" Guid=\"{2e35aaeb-857f-4beb-a418-2e6c0e54d988}\"></Provider>\n<EventID Qualifiers=\"\">2101</EventID>\n<Version>1</Version>\n<Level>4</Level>\n<Task>37</Task>\n<Opcode>2</Opcode>\n<Keywords>0x8000000000000000</Keywords>\n<TimeCreated SystemTime=\"2014-02-11 14:42:27.212748+00:00\"></TimeCreated>\n<EventRecordID>337</EventRecordID>\n<Correlation ActivityID=\"\" RelatedActivityID=\"\"></Correlation>\n<Execution ProcessID=\"484\" ThreadID=\"2784\"></Execution>\n<Channel>Microsoft-Windows-DriverFrameworks-UserMode/Operational</Channel>\n<Computer>IACIS-HDD-2014</Computer>\n<Security UserID=\"S-1-5-19\"></Security>\n</System>\n<UserData><UMDFHostDeviceRequest instance=\"WPDBUSENUMROOT\\UMB\\2&amp;37C186B&amp;0&amp;STORAGE#VOLUME#_??_USBSTOR#DISK&amp;VEN_GENERIC&amp;PROD_STORAGE_DEVICE&amp;REV_9344#0301936251&amp;1#\" lifetime=\"{60ca36db-b330-4b96-af92-9e89c46c5a29}\" xmlns:auto-ns2=\"http://schemas.microsoft.com/win/2004/08/events\" xmlns=\"http://www.microsoft.com/DriverFrameworks/UserMode/Event\"><Request major=\"27\" minor=\"9\"><Argument>0x00000a9100010040</Argument>\n<Argument>0xffffffffffffffff</Argument>\n<Argument>0x0000000200000000</Argument>\n<Argument>0x0000000300000002</Argument>\n</Request>\n<Status>0</Status>\n</UMDFHostDeviceRequest>\n</UserData>\n</Event>\n"
  },
  {
    "EventID": 2100,
    "Timestamp": "2014-02-11 14:42:27.213749+00:00",
    "Computer": "IACIS-HDD-2014",
    "Channel": "Microsoft-Windows-DriverFrameworks-UserMode/Operational",
    "Level": "Information",
    "EventData": {},
    "RawXml": "<Event xmlns=\"http://schemas.microsoft.com/win/2004/08/events/event\"><System><Provider Name=\"Microsoft-Windows-DriverFrameworks-UserMode\" Guid=\"{2e35aaeb-857f-4beb-a418-2e6c0e54d988}\"></Provider>\n<EventID Qualifiers=\"\">2100</EventID>\n<Version>1</Version>\n<Level>4</Level>\n<Task>37</Task>\n<Opcode>1</Opcode>\n<Keywords>0x8000000000000000</Keywords>\n<TimeCreated SystemTime=\"2014-02-11 14:42:27.213749+00:00\"></TimeCreated>\n<EventRecordID>338</EventRecordID>\n<Correlation ActivityID=\"\" RelatedActivityID=\"\"></Correlation>\n<Execution ProcessID=\"484\" ThreadID=\"2392\"></Execution>\n<Channel>Microsoft-Windows-DriverFrameworks-UserMode/Operational</Channel>\n<Computer>IACIS-HDD-2014</Computer>\n<Security UserID=\"S-1-5-19\"></Security>\n</System>\n<UserData><UMDFHostDeviceRequest instance=\"WPDBUSENUMROOT\\UMB\\2&amp;37C186B&amp;0&amp;STORAGE#VOLUME#_??_USBSTOR#DISK&amp;VEN_GENERIC&amp;PROD_STORAGE_DEVICE&amp;REV_9344#0301936251&amp;1#\" lifetime=\"{60ca36db-b330-4b96-af92-9e89c46c5a29}\" xmlns:auto-ns2=\"http://schemas.microsoft.com/win/2004/08/events\" xmlns=\"http://www.microsoft.com/DriverFrameworks/UserMode/Event\"><Request major=\"27\" minor=\"20\"><Argument>0x0000000000000000</Argument>\n<Argument>0x0000000000000000</Argument>\n<Argument>0x0000000000000000</Argument>\n<Argument>0x0000000000000000</Argument>\n</Request>\n<Status>3221225659</Status>\n</UMDFHostDeviceRequest>\n</UserData>\n</Event>\n"
  },
  {
    "EventID": 2105,
    "Timestamp": "2014-02-11 14:42:27.213749+00:00",
    "Computer": "IACIS-HDD-2014",
    "Channel": "Microsoft-Windows-DriverFrameworks-UserMode/Operational",
    "Level": "Information",
    "EventData": {},
    "RawXml": "<Event xmlns=\"http://schemas.microsoft.com/win/2004/08/events/event\"><System><Provider Name=\"Microsoft-Windows-DriverFrameworks-UserMode\" Guid=\"{2e35aaeb-857f-4beb-a418-2e6c0e54d988}\"></Provider>\n<EventID Qualifiers=\"\">2105</EventID>\n<Version>1</Version>\n<Level>4</Level>\n<Task>37</Task>\n<Opcode>1</Opcode>\n<Keywords>0x8000000000000000</Keywords>\n<TimeCreated SystemTime=\"2014-02-11 14:42:27.213749+00:00\"></TimeCreated>\n<EventRecordID>339</EventRecordID>\n<Correlation ActivityID=\"\" RelatedActivityID=\"\"></Correlation>\n<Execution ProcessID=\"484\" ThreadID=\"2392\"></Execution>\n<Channel>Microsoft-Windows-DriverFrameworks-UserMode/Operational</Channel>\n<Computer>IACIS-HDD-2014</Computer>\n<Security UserID=\"S-1-5-19\"></Security>\n</System>\n<UserData><UMDFHostDeviceRequest instance=\"WPDBUSENUMROOT\\UMB\\2&amp;37C186B&amp;0&amp;STORAGE#VOLUME#_??_USBSTOR#DISK&amp;VEN_GENERIC&amp;PROD_STORAGE_DEVICE&amp;REV_9344#0301936251&amp;1#\" lifetime=\"{60ca36db-b330-4b96-af92-9e89c46c5a29}\" xmlns:auto-ns2=\"http://schemas.microsoft.com/win/2004/08/events\" xmlns=\"http://www.microsoft.com/DriverFrameworks/UserMode/Event\"><Request major=\"27\" minor=\"20\"><Argument>0x0000000000000000</Argument>\n<Argument>0x0000000000000000</Argument>\n<Argument>0x0000000000000000</Argument>\n<Argument>0x0000000000000000</Argument>\n</Request>\n<Status>3221225659</Status>\n</UMDFHostDeviceRequest>\n</UserData>\n</Event>\n"
  },
  {
    "EventID": 2106,
    "Timestamp": "2014-02-11 14:42:27.213749+00:00",
    "Computer": "IACIS-HDD-2014",
    "Channel": "Microsoft-Windows-DriverFrameworks-UserMode/Operational",
    "Level": "Information",
    "EventData": {},
    "RawXml": "<Event xmlns=\"http://schemas.microsoft.com/win/2004/08/events/event\"><System><Provider Name=\"Microsoft-Windows-DriverFrameworks-UserMode\" Guid=\"{2e35aaeb-857f-4beb-a418-2e6c0e54d988}\"></Provider>\n<EventID Qualifiers=\"\">2106</EventID>\n<Version>1</Version>\n<Level>4</Level>\n<Task>37</Task>\n<Opcode>1</Opcode>\n<Keywords>0x8000000000000000</Keywords>\n<TimeCreated SystemTime=\"2014-02-11 14:42:27.213749+00:00\"></TimeCreated>\n<EventRecordID>340</EventRecordID>\n<Correlation ActivityID=\"\" RelatedActivityID=\"\"></Correlation>\n<Execution ProcessID=\"484\" ThreadID=\"2392\"></Execution>\n<Channel>Microsoft-Windows-DriverFrameworks-UserMode/Operational</Channel>\n<Computer>IACIS-HDD-2014</Computer>\n<Security UserID=\"S-1-5-19\"></Security>\n</System>\n<UserData><UMDFHostDeviceRequest instance=\"WPDBUSENUMROOT\\UMB\\2&amp;37C186B&amp;0&amp;STORAGE#VOLUME#_??_USBSTOR#DISK&amp;VEN_GENERIC&amp;PROD_STORAGE_DEVICE&amp;REV_9344#0301936251&amp;1#\" lifetime=\"{60ca36db-b330-4b96-af92-9e89c46c5a29}\" xmlns:auto-ns2=\"http://schemas.microsoft.com/win/2004/08/events\" xmlns=\"http://www.microsoft.com/DriverFrameworks/UserMode/Event\"><Request major=\"27\" minor=\"20\"><Argument>0x0000000000000000</Argument>\n<Argument>0x0000000000000000</Argument>\n<Argument>0x0000000000000000</Argument>\n<Argument>0x0000000000000000</Argument>\n</Request>\n<Status>0</Status>\n</UMDFHostDeviceRequest>\n</UserData>\n</Event>\n"
  },
