  {
    "EventID": 1015,
    "Timestamp": "2014-01-25 07:33:41.809219+00:00",
    "Computer": "IACIS-HDD-2014",
    "Channel": "Microsoft-Windows-Resource-Exhaustion-Resolver/Operational",
    "Level": "Information",
    "EventData": {},
    "RawXml": "<Event xmlns=\"http://schemas.microsoft.com/win/2004/08/events/event\"><System><Provider Name=\"Microsoft-Windows-Resource-Exhaustion-Resolver\" Guid=\"{91f5fb12-fdea-4095-85d5-614b495cd9de}\"></Provider>\n<EventID Qualifiers=\"\">1015</EventID>\n<Version>0</Version>\n<Level>4</Level>\n<Task>3</Task>\n<Opcode>21</Opcode>\n<Keywords>0x8000000000002000</Keywords>\n<TimeCreated SystemTime=\"2014-01-25 07:33:41.809219+00:00\"></TimeCreated>\n<EventRecordID>35</EventRecordID>\n<Correlation ActivityID=\"{42a9bf04-4bb8-4ab6-bbdb-44d9c5f6d3ed}\" RelatedActivityID=\"\"></Correlation>\n<Execution ProcessID=\"3052\" ThreadID=\"2300\"></Execution>\n<Channel>Microsoft-Windows-Resource-Exhaustion-Resolver/Operational</Channel>\n<Computer>IACIS-HDD-2014</Computer>\n<Security UserID=\"S-1-5-21-1171287513-3642516788-2358256967-1001\"></Security>\n</System>\n<UserData><EventInfo xmlns:auto-ns2=\"http://schemas.microsoft.com/win/2004/08/events\" xmlns=\"http://www.microsoft.com/Windows/Resource/Exhaustion/Resolver/Event\"><Event>1</Event>\n</EventInfo>\n</UserData>\n</Event>\n"
  },
  {
    "EventID": 1003,
    "Timestamp": "2014-01-25 07:33:41.809219+00:00",
    "Computer": "IACIS-HDD-2014",
    "Channel": "Microsoft-Windows-Resource-Exhaustion-Resolver/Operational",
    "Level": "Warning",
    "EventData": {},
    "RawXml": "<Event xmlns=\"http://schemas.microsoft.com/win/2004/08/events/event\"><System><Provider Name=\"Microsoft-Windows-Resource-Exhaustion-Resolver\" Guid=\"{91f5fb12-fdea-4095-85d5-614b495cd9de}\"></Provider>\n<EventID Qualifiers=\"\">1003</EventID>\n<Version>0</Version>\n<Level>3</Level>\n<Task>3</Task>\n<Opcode>24</Opcode>\n<Keywords>0x8000000000002000</Keywords>\n<TimeCreated SystemTime=\"2014-01-25 07:33:41.809219+00:00\"></TimeCreated>\n<EventRecordID>36</EventRecordID>\n<Correlation ActivityID=\"{42a9bf04-4bb8-4ab6-bbdb-44d9c5f6d3ed}\" RelatedActivityID=\"\"></Correlation>\n<Execution ProcessID=\"3052\" ThreadID=\"2300\"></Execution>\n<Channel>Microsoft-Windows-Resource-Exhaustion-Resolver/Operational</Channel>\n<Computer>IACIS-HDD-2014</Computer>\n<Security UserID=\"S-1-5-21-1171287513-3642516788-2358256967-1001\"></Security>\n</System>\n<UserData><InvalidCommitLimitExhaustion xmlns:auto-ns2=\"http://schemas.microsoft.com/win/2004/08/events\" xmlns=\"http://www.microsoft.com/Windows/Resource/Exhaustion/Resolver/Event\"><TimeSinceLastUI>0</TimeSinceLastUI>\n<ExhaustionTime>0001-01-01 00:00:00</ExhaustionTime>\n<EventType>0</EventType>\n<DropReasonCode>128</DropReasonCode>\n<Notifications>0</Notifications>\n<MaxCommit>0</MaxCommit>\n</InvalidCommitLimitExhaustion>\n</UserData>\n</Event>\n"
  },
  {
    "EventID": 1015,
    "Timestamp": "2014-01-25 07:38:41.938147+00:00",
    "Computer": "IACIS-HDD-2014",
    "Channel": "Microsoft-Windows-Resource-Exhaustion-Resolver/Operational",
    "Level": "Information",
    "EventData": {},
    "RawXml": "<Event xmlns=\"http://schemas.microsoft.com/win/2004/08/events/event\"><System><Provider Name=\"Microsoft-Windows-Resource-Exhaustion-Resolver\" Guid=\"{91f5fb12-fdea-4095-85d5-614b495cd9de}\"></Provider>\n<EventID Qualifiers=\"\">1015</EventID>\n<Version>0</Version>\n<Level>4</Level>\n<Task>3</Task>\n<Opcode>21</Opcode>\n<Keywords>0x8000000000002000</Keywords>\n<TimeCreated SystemTime=\"2014-01-25 07:38:41.938147+00:00\"></TimeCreated>\n<EventRecordID>37</EventRecordID>\n<Correlation ActivityID=\"{6dc0763b-50d2-4e99-9f20-f27174dab055}\" RelatedActivityID=\"\"></Correlation>\n<Execution ProcessID=\"3052\" ThreadID=\"2300\"></Execution>\n<Channel>Microsoft-Windows-Resource-Exhaustion-Resolver/Operational</Channel>\n<Computer>IACIS-HDD-2014</Computer>\n<Security UserID=\"S-1-5-21-1171287513-3642516788-2358256967-1001\"></Security>\n</System>\n<UserData><EventInfo xmlns:auto-ns2=\"http://schemas.microsoft.com/win/2004/08/events\" xmlns=\"http://www.microsoft.com/Windows/Resource/Exhaustion/Resolver/Event\"><Event>1</Event>\n</EventInfo>\n</UserData>\n</Event>\n"
  },
  {
    "EventID": 1003,
    "Timestamp": "2014-01-25 07:38:41.953747+00:00",
    "Computer": "IACIS-HDD-2014",
    "Channel": "Microsoft-Windows-Resource-Exhaustion-Resolver/Operational",
    "Level": "Warning",
    "EventData": {},
    "RawXml": "<Event xmlns=\"http://schemas.microsoft.com/win/2004/08/events/event\"><System><Provider Name=\"Microsoft-Windows-Resource-Exhaustion-Resolver\" Guid=\"{91f5fb12-fdea-4095-85d5-614b495cd9de}\"></Provider>\n<EventID Qualifiers=\"\">1003</EventID>\n<Version>0</Version>\n<Level>3</Level>\n<Task>3</Task>\n<Opcode>24</Opcode>\n<Keywords>0x8000000000002000</Keywords>\n<TimeCreated SystemTime=\"2014-01-25 07:38:41.953747+00:00\"></TimeCreated>\n<EventRecordID>38</EventRecordID>\n<Correlation ActivityID=\"{6dc0763b-50d2-4e99-9f20-f27174dab055}\" RelatedActivityID=\"\"></Correlation>\n<Execution ProcessID=\"3052\" ThreadID=\"2300\"></Execution>\n<Channel>Microsoft-Windows-Resource-Exhaustion-Resolver/Operational</Channel>\n<Computer>IACIS-HDD-2014</Computer>\n<Security UserID=\"S-1-5-21-1171287513-3642516788-2358256967-1001\"></Security>\n</System>\n<UserData><InvalidCommitLimitExhaustion xmlns:auto-ns2=\"http://schemas.microsoft.com/win/2004/08/events\" xmlns=\"http://www.microsoft.com/Windows/Resource/Exhaustion/Resolver/Event\"><TimeSinceLastUI>0</TimeSinceLastUI>\n<ExhaustionTime>0001-01-01 00:00:00</ExhaustionTime>\n<EventType>0</EventType>\n<DropReasonCode>128</DropReasonCode>\n<Notifications>0</Notifications>\n<MaxCommit>0</MaxCommit>\n</InvalidCommitLimitExhaustion>\n</UserData>\n</Event>\n"
  },
  {
    "EventID": 1015,
    "Timestamp": "2014-01-25 07:43:44.235477+00:00",
    "Computer": "IACIS-HDD-2014",
    "Channel": "Microsoft-Windows-Resource-Exhaustion-Resolver/Operational",
    "Level": "Information",
    "EventData": {},
    "RawXml": "<Event xmlns=\"http://schemas.microsoft.com/win/2004/08/events/event\"><System><Provider Name=\"Microsoft-Windows-Resource-Exhaustion-Resolver\" Guid=\"{91f5fb12-fdea-4095-85d5-614b495cd9de}\"></Provider>\n<EventID Qualifiers=\"\">1015</EventID>\n<Version>0</Version>\n<Level>4</Level>\n<Task>3</Task>\n<Opcode>21</Opcode>\n<Keywords>0x8000000000002000</Keywords>\n<TimeCreated SystemTime=\"2014-01-25 07:43:44.235477+00:00\"></TimeCreated>\n<EventRecordID>39</EventRecordID>\n<Correlation ActivityID=\"{1b2d52bb-2ec8-4770-a605-3a2a56ed5149}\" RelatedActivityID=\"\"></Correlation>\n<Execution ProcessID=\"3052\" ThreadID=\"3068\"></Execution>\n<Channel>Microsoft-Windows-Resource-Exhaustion-Resolver/Operational</Channel>\n<Computer>IACIS-HDD-2014</Computer>\n<Security UserID=\"S-1-5-21-1171287513-3642516788-2358256967-1001\"></Security>\n</System>\n<UserData><EventInfo xmlns:auto-ns2=\"http://schemas.microsoft.com/win/2004/08/events\" xmlns=\"http://www.microsoft.com/Windows/Resource/Exhaustion/Resolver/Event\"><Event>1</Event>\n</EventInfo>\n</UserData>\n</Event>\n"
  },
  {
    "EventID": 1003,
    "Timestamp": "2014-01-25 07:43:44.251078+00:00",
    "Computer": "IACIS-HDD-2014",
    "Channel": "Microsoft-Windows-Resource-Exhaustion-Resolver/Operational",
    "Level": "Warning",
    "EventData": {},
    "RawXml": "<Event xmlns=\"http://schemas.microsoft.com/win/2004/08/events/event\"><System><Provider Name=\"Microsoft-Windows-Resource-Exhaustion-Resolver\" Guid=\"{91f5fb12-fdea-4095-85d5-614b495cd9de}\"></Provider>\n<EventID Qualifiers=\"\">1003</EventID>\n<Version>0</Version>\n<Level>3</Level>\n<Task>3</Task>\n<Opcode>24</Opcode>\n<Keywords>0x8000000000002000</Keywords>\n<TimeCreated SystemTime=\"2014-01-25 07:43:44.251078+00:00\"></TimeCreated>\n<EventRecordID>40</EventRecordID>\n<Correlation ActivityID=\"{1b2d52bb-2ec8-4770-a605-3a2a56ed5149}\" RelatedActivityID=\"\"></Correlation>\n<Execution ProcessID=\"3052\" ThreadID=\"3068\"></Execution>\n<Channel>Microsoft-Windows-Resource-Exhaustion-Resolver/Operational</Channel>\n<Computer>IACIS-HDD-2014</Computer>\n<Security UserID=\"S-1-5-21-1171287513-3642516788-2358256967-1001\"></Security>\n</System>\n<UserData><InvalidCommitLimitExhaustion xmlns:auto-ns2=\"http://schemas.microsoft.com/win/2004/08/events\" xmlns=\"http://www.microsoft.com/Windows/Resource/Exhaustion/Resolver/Event\"><TimeSinceLastUI>0</TimeSinceLastUI>\n<ExhaustionTime>0001-01-01 00:00:00</ExhaustionTime>\n<EventType>0</EventType>\n<DropReasonCode>128</DropReasonCode>\n<Notifications>0</Notifications>\n<MaxCommit>0</MaxCommit>\n</InvalidCommitLimitExhaustion>\n</UserData>\n</Event>\n"
  },
  {
    "EventID": 1015,
    "Timestamp": "2014-01-25 07:48:42.133600+00:00",
    "Computer": "IACIS-HDD-2014",
    "Channel": "Microsoft-Windows-Resource-Exhaustion-Resolver/Operational",
    "Level": "Information",
    "EventData": {},
    "RawXml": "<Event xmlns=\"http://schemas.microsoft.com/win/2004/08/events/event\"><System><Provider Name=\"Microsoft-Windows-Resource-Exhaustion-Resolver\" Guid=\"{91f5fb12-fdea-4095-85d5-614b495cd9de}\"></Provider>\n<EventID Qualifiers=\"\">1015</EventID>\n<Version>0</Version>\n<Level>4</Level>\n<Task>3</Task>\n<Opcode>21</Opcode>\n<Keywords>0x8000000000002000</Keywords>\n<TimeCreated SystemTime=\"2014-01-25 07:48:42.133600+00:00\"></TimeCreated>\n<EventRecordID>41</EventRecordID>\n<Correlation ActivityID=\"{8ba55782-edef-4429-973d-d92d4daefd7a}\" RelatedActivityID=\"\"></Correlation>\n<Execution ProcessID=\"3052\" ThreadID=\"2156\"></Execution>\n<Channel>Microsoft-Windows-Resource-Exhaustion-Resolver/Operational</Channel>\n<Computer>IACIS-HDD-2014</Computer>\n<Security UserID=\"S-1-5-21-1171287513-3642516788-2358256967-1001\"></Security>\n</System>\n<UserData><EventInfo xmlns:auto-ns2=\"http://schemas.microsoft.com/win/2004/08/events\" xmlns=\"http://www.microsoft.com/Windows/Resource/Exhaustion/Resolver/Event\"><Event>1</Event>\n</EventInfo>\n</UserData>\n</Event>\n"
  },
  {
    "EventID": 1003,
    "Timestamp": "2014-01-25 07:48:42.196001+00:00",
    "Computer": "IACIS-HDD-2014",
    "Channel": "Microsoft-Windows-Resource-Exhaustion-Resolver/Operational",
    "Level": "Warning",
    "EventData": {},
    "RawXml": "<Event xmlns=\"http://schemas.microsoft.com/win/2004/08/events/event\"><System><Provider Name=\"Microsoft-Windows-Resource-Exhaustion-Resolver\" Guid=\"{91f5fb12-fdea-4095-85d5-614b495cd9de}\"></Provider>\n<EventID Qualifiers=\"\">1003</EventID>\n<Version>0</Version>\n<Level>3</Level>\n<Task>3</Task>\n<Opcode>24</Opcode>\n<Keywords>0x8000000000002000</Keywords>\n<TimeCreated SystemTime=\"2014-01-25 07:48:42.196001+00:00\"></TimeCreated>\n<EventRecordID>42</EventRecordID>\n<Correlation ActivityID=\"{8ba55782-edef-4429-973d-d92d4daefd7a}\" RelatedActivityID=\"\"></Correlation>\n<Execution ProcessID=\"3052\" ThreadID=\"2156\"></Execution>\n<Channel>Microsoft-Windows-Resource-Exhaustion-Resolver/Operational</Channel>\n<Computer>IACIS-HDD-2014</Computer>\n<Security UserID=\"S-1-5-21-1171287513-3642516788-2358256967-1001\"></Security>\n</System>\n<UserData><InvalidCommitLimitExhaustion xmlns:auto-ns2=\"http://schemas.microsoft.com/win/2004/08/events\" xmlns=\"http://www.microsoft.com/Windows/Resource/Exhaustion/Resolver/Event\"><TimeSinceLastUI>0</TimeSinceLastUI>\n<ExhaustionTime>0001-01-01 00:00:00</ExhaustionTime>\n<EventType>0</EventType>\n<DropReasonCode>128</DropReasonCode>\n<Notifications>0</Notifications>\n<MaxCommit>0</MaxCommit>\n</InvalidCommitLimitExhaustion>\n</UserData>\n</Event>\n"
  },
  {
    "EventID": 1015,
    "Timestamp": "2014-01-25 07:53:41.342125+00:00",
    "Computer": "IACIS-HDD-2014",
    "Channel": "Microsoft-Windows-Resource-Exhaustion-Resolver/Operational",
    "Level": "Information",
    "EventData": {},
    "RawXml": "<Event xmlns=\"http://schemas.microsoft.com/win/2004/08/events/event\"><System><Provider Name=\"Microsoft-Windows-Resource-Exhaustion-Resolver\" Guid=\"{91f5fb12-fdea-4095-85d5-614b495cd9de}\"></Provider>\n<EventID Qualifiers=\"\">1015</EventID>\n<Version>0</Version>\n<Level>4</Level>\n<Task>3</Task>\n<Opcode>21</Opcode>\n<Keywords>0x8000000000002000</Keywords>\n<TimeCreated SystemTime=\"2014-01-25 07:53:41.342125+00:00\"></TimeCreated>\n<EventRecordID>43</EventRecordID>\n<Correlation ActivityID=\"{9ce58d66-ef75-4e95-9fc1-c25a64ded351}\" RelatedActivityID=\"\"></Correlation>\n<Execution ProcessID=\"3052\" ThreadID=\"2736\"></Execution>\n<Channel>Microsoft-Windows-Resource-Exhaustion-Resolver/Operational</Channel>\n<Computer>IACIS-HDD-2014</Computer>\n<Security UserID=\"S-1-5-21-1171287513-3642516788-2358256967-1001\"></Security>\n</System>\n<UserData><EventInfo xmlns:auto-ns2=\"http://schemas.microsoft.com/win/2004/08/events\" xmlns=\"http://www.microsoft.com/Windows/Resource/Exhaustion/Resolver/Event\"><Event>1</Event>\n</EventInfo>\n</UserData>\n</Event>\n"
  },
  {
    "EventID": 1003,
    "Timestamp": "2014-01-25 07:53:41.357725+00:00",
    "Computer": "IACIS-HDD-2014",
    "Channel": "Microsoft-Windows-Resource-Exhaustion-Resolver/Operational",
    "Level": "Warning",
    "EventData": {},
    "RawXml": "<Event xmlns=\"http://schemas.microsoft.com/win/2004/08/events/event\"><System><Provider Name=\"Microsoft-Windows-Resource-Exhaustion-Resolver\" Guid=\"{91f5fb12-fdea-4095-85d5-614b495cd9de}\"></Provider>\n<EventID Qualifiers=\"\">1003</EventID>\n<Version>0</Version>\n<Level>3</Level>\n<Task>3</Task>\n<Opcode>24</Opcode>\n<Keywords>0x8000000000002000</Keywords>\n<TimeCreated SystemTime=\"2014-01-25 07:53:41.357725+00:00\"></TimeCreated>\n<EventRecordID>44</EventRecordID>\n<Correlation ActivityID=\"{9ce58d66-ef75-4e95-9fc1-c25a64ded351}\" RelatedActivityID=\"\"></Correlation>\n<Execution ProcessID=\"3052\" ThreadID=\"2736\"></Execution>\n<Channel>Microsoft-Windows-Resource-Exhaustion-Resolver/Operational</Channel>\n<Computer>IACIS-HDD-2014</Computer>\n<Security UserID=\"S-1-5-21-1171287513-3642516788-2358256967-1001\"></Security>\n</System>\n<UserData><InvalidCommitLimitExhaustion xmlns:auto-ns2=\"http://schemas.microsoft.com/win/2004/08/events\" xmlns=\"http://www.microsoft.com/Windows/Resource/Exhaustion/Resolver/Event\"><TimeSinceLastUI>0</TimeSinceLastUI>\n<ExhaustionTime>0001-01-01 00:00:00</ExhaustionTime>\n<EventType>0</EventType>\n<DropReasonCode>128</DropReasonCode>\n<Notifications>0</Notifications>\n<MaxCommit>0</MaxCommit>\n</InvalidCommitLimitExhaustion>\n</UserData>\n</Event>\n"
  },
  {
    "EventID": 1015,
    "Timestamp": "2014-01-25 07:58:42.469456+00:00",
    "Computer": "IACIS-HDD-2014",
    "Channel": "Microsoft-Windows-Resource-Exhaustion-Resolver/Operational",
    "Level": "Information",
    "EventData": {},
    "RawXml": "<Event xmlns=\"http://schemas.microsoft.com/win/2004/08/events/event\"><System><Provider Name=\"Microsoft-Windows-Resource-Exhaustion-Resolver\" Guid=\"{91f5fb12-fdea-4095-85d5-614b495cd9de}\"></Provider>\n<EventID Qualifiers=\"\">1015</EventID>\n<Version>0</Version>\n<Level>4</Level>\n<Task>3</Task>\n<Opcode>21</Opcode>\n<Keywords>0x8000000000002000</Keywords>\n<TimeCreated SystemTime=\"2014-01-25 07:58:42.469456+00:00\"></TimeCreated>\n<EventRecordID>45</EventRecordID>\n<Correlation ActivityID=\"{d5a50cd0-7c89-4cdf-ba21-6e440c834a93}\" RelatedActivityID=\"\"></Correlation>\n<Execution ProcessID=\"3052\" ThreadID=\"180\"></Execution>\n<Channel>Microsoft-Windows-Resource-Exhaustion-Resolver/Operational</Channel>\n<Computer>IACIS-HDD-2014</Computer>\n<Security UserID=\"S-1-5-21-1171287513-3642516788-2358256967-1001\"></Security>\n</System>\n<UserData><EventInfo xmlns:auto-ns2=\"http://schemas.microsoft.com/win/2004/08/events\" xmlns=\"http://www.microsoft.com/Windows/Resource/Exhaustion/Resolver/Event\"><Event>1</Event>\n</EventInfo>\n</UserData>\n</Event>\n"
  },
  {
    "EventID": 1003,
    "Timestamp": "2014-01-25 07:58:42.485056+00:00",
    "Computer": "IACIS-HDD-2014",
    "Channel": "Microsoft-Windows-Resource-Exhaustion-Resolver/Operational",
    "Level": "Warning",
    "EventData": {},
    "RawXml": "<Event xmlns=\"http://schemas.microsoft.com/win/2004/08/events/event\"><System><Provider Name=\"Microsoft-Windows-Resource-Exhaustion-Resolver\" Guid=\"{91f5fb12-fdea-4095-85d5-614b495cd9de}\"></Provider>\n<EventID Qualifiers=\"\">1003</EventID>\n<Version>0</Version>\n<Level>3</Level>\n<Task>3</Task>\n<Opcode>24</Opcode>\n<Keywords>0x8000000000002000</Keywords>\n<TimeCreated SystemTime=\"2014-01-25 07:58:42.485056+00:00\"></TimeCreated>\n<EventRecordID>46</EventRecordID>\n<Correlation ActivityID=\"{d5a50cd0-7c89-4cdf-ba21-6e440c834a93}\" RelatedActivityID=\"\"></Correlation>\n<Execution ProcessID=\"3052\" ThreadID=\"180\"></Execution>\n<Channel>Microsoft-Windows-Resource-Exhaustion-Resolver/Operational</Channel>\n<Computer>IACIS-HDD-2014</Computer>\n<Security UserID=\"S-1-5-21-1171287513-3642516788-2358256967-1001\"></Security>\n</System>\n<UserData><InvalidCommitLimitExhaustion xmlns:auto-ns2=\"http://schemas.microsoft.com/win/2004/08/events\" xmlns=\"http://www.microsoft.com/Windows/Resource/Exhaustion/Resolver/Event\"><TimeSinceLastUI>0</TimeSinceLastUI>\n<ExhaustionTime>0001-01-01 00:00:00</ExhaustionTime>\n<EventType>0</EventType>\n<DropReasonCode>128</DropReasonCode>\n<Notifications>0</Notifications>\n<MaxCommit>0</MaxCommit>\n</InvalidCommitLimitExhaustion>\n</UserData>\n</Event>\n"
  },
  {
    "EventID": 1015,
    "Timestamp": "2014-01-25 08:03:44.314384+00:00",
    "Computer": "IACIS-HDD-2014",
    "Channel": "Microsoft-Windows-Resource-Exhaustion-Resolver/Operational",
    "Level": "Information",
    "EventData": {},
    "RawXml": "<Event xmlns=\"http://schemas.microsoft.com/win/2004/08/events/event\"><System><Provider Name=\"Microsoft-Windows-Resource-Exhaustion-Resolver\" Guid=\"{91f5fb12-fdea-4095-85d5-614b495cd9de}\"></Provider>\n<EventID Qualifiers=\"\">1015</EventID>\n<Version>0</Version>\n<Level>4</Level>\n<Task>3</Task>\n<Opcode>21</Opcode>\n<Keywords>0x8000000000002000</Keywords>\n<TimeCreated SystemTime=\"2014-01-25 08:03:44.314384+00:00\"></TimeCreated>\n<EventRecordID>47</EventRecordID>\n<Correlation ActivityID=\"{dee22e81-98ce-4497-8844-1e090cbd2c50}\" RelatedActivityID=\"\"></Correlation>\n<Execution ProcessID=\"3052\" ThreadID=\"1732\"></Execution>\n<Channel>Microsoft-Windows-Resource-Exhaustion-Resolver/Operational</Channel>\n<Computer>IACIS-HDD-2014</Computer>\n<Security UserID=\"S-1-5-21-1171287513-3642516788-2358256967-1001\"></Security>\n</System>\n<UserData><EventInfo xmlns:auto-ns2=\"http://schemas.microsoft.com/win/2004/08/events\" xmlns=\"http://www.microsoft.com/Windows/Resource/Exhaustion/Resolver/Event\"><Event>1</Event>\n</EventInfo>\n</UserData>\n</Event>\n"
  },
  {
    "EventID": 1003,
    "Timestamp": "2014-01-25 08:03:44.407986+00:00",
    "Computer": "IACIS-HDD-2014",
    "Channel": "Microsoft-Windows-Resource-Exhaustion-Resolver/Operational",
    "Level": "Warning",
    "EventData": {},
    "RawXml": "<Event xmlns=\"http://schemas.microsoft.com/win/2004/08/events/event\"><System><Provider Name=\"Microsoft-Windows-Resource-Exhaustion-Resolver\" Guid=\"{91f5fb12-fdea-4095-85d5-614b495cd9de}\"></Provider>\n<EventID Qualifiers=\"\">1003</EventID>\n<Version>0</Version>\n<Level>3</Level>\n<Task>3</Task>\n<Opcode>24</Opcode>\n<Keywords>0x8000000000002000</Keywords>\n<TimeCreated SystemTime=\"2014-01-25 08:03:44.407986+00:00\"></TimeCreated>\n<EventRecordID>48</EventRecordID>\n<Correlation ActivityID=\"{dee22e81-98ce-4497-8844-1e090cbd2c50}\" RelatedActivityID=\"\"></Correlation>\n<Execution ProcessID=\"3052\" ThreadID=\"1732\"></Execution>\n<Channel>Microsoft-Windows-Resource-Exhaustion-Resolver/Operational</Channel>\n<Computer>IACIS-HDD-2014</Computer>\n<Security UserID=\"S-1-5-21-1171287513-3642516788-2358256967-1001\"></Security>\n</System>\n<UserData><InvalidCommitLimitExhaustion xmlns:auto-ns2=\"http://schemas.microsoft.com/win/2004/08/events\" xmlns=\"http://www.microsoft.com/Windows/Resource/Exhaustion/Resolver/Event\"><TimeSinceLastUI>0</TimeSinceLastUI>\n<ExhaustionTime>0001-01-01 00:00:00</ExhaustionTime>\n<EventType>0</EventType>\n<DropReasonCode>128</DropReasonCode>\n<Notifications>0</Notifications>\n<MaxCommit>0</MaxCommit>\n</InvalidCommitLimitExhaustion>\n</UserData>\n</Event>\n"
  },
  {
    "EventID": 1015,
    "Timestamp": "2014-01-25 08:08:43.632111+00:00",
    "Computer": "IACIS-HDD-2014",
    "Channel": "Microsoft-Windows-Resource-Exhaustion-Resolver/Operational",
    "Level": "Information",
    "EventData": {},
    "RawXml": "<Event xmlns=\"http://schemas.microsoft.com/win/2004/08/events/event\"><System><Provider Name=\"Microsoft-Windows-Resource-Exhaustion-Resolver\" Guid=\"{91f5fb12-fdea-4095-85d5-614b495cd9de}\"></Provider>\n<EventID Qualifiers=\"\">1015</EventID>\n<Version>0</Version>\n<Level>4</Level>\n<Task>3</Task>\n<Opcode>21</Opcode>\n<Keywords>0x8000000000002000</Keywords>\n<TimeCreated SystemTime=\"2014-01-25 08:08:43.632111+00:00\"></TimeCreated>\n<EventRecordID>49</EventRecordID>\n<Correlation ActivityID=\"{fc818823-f6ba-4ec3-9a43-951ee3974a83}\" RelatedActivityID=\"\"></Correlation>\n<Execution ProcessID=\"3052\" ThreadID=\"1732\"></Execution>\n<Channel>Microsoft-Windows-Resource-Exhaustion-Resolver/Operational</Channel>\n<Computer>IACIS-HDD-2014</Computer>\n<Security UserID=\"S-1-5-21-1171287513-3642516788-2358256967-1001\"></Security>\n</System>\n<UserData><EventInfo xmlns:auto-ns2=\"http://schemas.microsoft.com/win/2004/08/events\" xmlns=\"http://www.microsoft.com/Windows/Resource/Exhaustion/Resolver/Event\"><Event>1</Event>\n</EventInfo>\n</UserData>\n</Event>\n"
  },
  {
    "EventID": 1003,
    "Timestamp": "2014-01-25 08:08:43.647711+00:00",
    "Computer": "IACIS-HDD-2014",
    "Channel": "Microsoft-Windows-Resource-Exhaustion-Resolver/Operational",
    "Level": "Warning",
    "EventData": {},
    "RawXml": "<Event xmlns=\"http://schemas.microsoft.com/win/2004/08/events/event\"><System><Provider Name=\"Microsoft-Windows-Resource-Exhaustion-Resolver\" Guid=\"{91f5fb12-fdea-4095-85d5-614b495cd9de}\"></Provider>\n<EventID Qualifiers=\"\">1003</EventID>\n<Version>0</Version>\n<Level>3</Level>\n<Task>3</Task>\n<Opcode>24</Opcode>\n<Keywords>0x8000000000002000</Keywords>\n<TimeCreated SystemTime=\"2014-01-25 08:08:43.647711+00:00\"></TimeCreated>\n<EventRecordID>50</EventRecordID>\n<Correlation ActivityID=\"{fc818823-f6ba-4ec3-9a43-951ee3974a83}\" RelatedActivityID=\"\"></Correlation>\n<Execution ProcessID=\"3052\" ThreadID=\"1732\"></Execution>\n<Channel>Microsoft-Windows-Resource-Exhaustion-Resolver/Operational</Channel>\n<Computer>IACIS-HDD-2014</Computer>\n<Security UserID=\"S-1-5-21-1171287513-3642516788-2358256967-1001\"></Security>\n</System>\n<UserData><InvalidCommitLimitExhaustion xmlns:auto-ns2=\"http://schemas.microsoft.com/win/2004/08/events\" xmlns=\"http://www.microsoft.com/Windows/Resource/Exhaustion/Resolver/Event\"><TimeSinceLastUI>0</TimeSinceLastUI>\n<ExhaustionTime>0001-01-01 00:00:00</ExhaustionTime>\n<EventType>0</EventType>\n<DropReasonCode>128</DropReasonCode>\n<Notifications>0</Notifications>\n<MaxCommit>0</MaxCommit>\n</InvalidCommitLimitExhaustion>\n</UserData>\n</Event>\n"
  },
  {
    "EventID": 1015,
    "Timestamp": "2014-01-25 08:13:43.480238+00:00",
    "Computer": "IACIS-HDD-2014",
    "Channel": "Microsoft-Windows-Resource-Exhaustion-Resolver/Operational",
    "Level": "Information",
    "EventData": {},
    "RawXml": "<Event xmlns=\"http://schemas.microsoft.com/win/2004/08/events/event\"><System><Provider Name=\"Microsoft-Windows-Resource-Exhaustion-Resolver\" Guid=\"{91f5fb12-fdea-4095-85d5-614b495cd9de}\"></Provider>\n<EventID Qualifiers=\"\">1015</EventID>\n<Version>0</Version>\n<Level>4</Level>\n<Task>3</Task>\n<Opcode>21</Opcode>\n<Keywords>0x8000000000002000</Keywords>\n<TimeCreated SystemTime=\"2014-01-25 08:13:43.480238+00:00\"></TimeCreated>\n<EventRecordID>51</EventRecordID>\n<Correlation ActivityID=\"{6d770586-7864-4214-a76e-58864e41d1c0}\" RelatedActivityID=\"\"></Correlation>\n<Execution ProcessID=\"3052\" ThreadID=\"2496\"></Execution>\n<Channel>Microsoft-Windows-Resource-Exhaustion-Resolver/Operational</Channel>\n<Computer>IACIS-HDD-2014</Computer>\n<Security UserID=\"S-1-5-21-1171287513-3642516788-2358256967-1001\"></Security>\n</System>\n<UserData><EventInfo xmlns:auto-ns2=\"http://schemas.microsoft.com/win/2004/08/events\" xmlns=\"http://www.microsoft.com/Windows/Resource/Exhaustion/Resolver/Event\"><Event>1</Event>\n</EventInfo>\n</UserData>\n</Event>\n"
  },
  {
    "EventID": 1003,
    "Timestamp": "2014-01-25 08:13:43.480238+00:00",
    "Computer": "IACIS-HDD-2014",
    "Channel": "Microsoft-Windows-Resource-Exhaustion-Resolver/Operational",
    "Level": "Warning",
    "EventData": {},
    "RawXml": "<Event xmlns=\"http://schemas.microsoft.com/win/2004/08/events/event\"><System><Provider Name=\"Microsoft-Windows-Resource-Exhaustion-Resolver\" Guid=\"{91f5fb12-fdea-4095-85d5-614b495cd9de}\"></Provider>\n<EventID Qualifiers=\"\">1003</EventID>\n<Version>0</Version>\n<Level>3</Level>\n<Task>3</Task>\n<Opcode>24</Opcode>\n<Keywords>0x8000000000002000</Keywords>\n<TimeCreated SystemTime=\"2014-01-25 08:13:43.480238+00:00\"></TimeCreated>\n<EventRecordID>52</EventRecordID>\n<Correlation ActivityID=\"{6d770586-7864-4214-a76e-58864e41d1c0}\" RelatedActivityID=\"\"></Correlation>\n<Execution ProcessID=\"3052\" ThreadID=\"2496\"></Execution>\n<Channel>Microsoft-Windows-Resource-Exhaustion-Resolver/Operational</Channel>\n<Computer>IACIS-HDD-2014</Computer>\n<Security UserID=\"S-1-5-21-1171287513-3642516788-2358256967-1001\"></Security>\n</System>\n<UserData><InvalidCommitLimitExhaustion xmlns:auto-ns2=\"http://schemas.microsoft.com/win/2004/08/events\" xmlns=\"http://www.microsoft.com/Windows/Resource/Exhaustion/Resolver/Event\"><TimeSinceLastUI>0</TimeSinceLastUI>\n<ExhaustionTime>0001-01-01 00:00:00</ExhaustionTime>\n<EventType>0</EventType>\n<DropReasonCode>128</DropReasonCode>\n<Notifications>0</Notifications>\n<MaxCommit>0</MaxCommit>\n</InvalidCommitLimitExhaustion>\n</UserData>\n</Event>\n"
  },
  {
    "EventID": 1015,
    "Timestamp": "2014-01-25 08:18:44.451567+00:00",
    "Computer": "IACIS-HDD-2014",
    "Channel": "Microsoft-Windows-Resource-Exhaustion-Resolver/Operational",
    "Level": "Information",
    "EventData": {},
    "RawXml": "<Event xmlns=\"http://schemas.microsoft.com/win/2004/08/events/event\"><System><Provider Name=\"Microsoft-Windows-Resource-Exhaustion-Resolver\" Guid=\"{91f5fb12-fdea-4095-85d5-614b495cd9de}\"></Provider>\n<EventID Qualifiers=\"\">1015</EventID>\n<Version>0</Version>\n<Level>4</Level>\n<Task>3</Task>\n<Opcode>21</Opcode>\n<Keywords>0x8000000000002000</Keywords>\n<TimeCreated SystemTime=\"2014-01-25 08:18:44.451567+00:00\"></TimeCreated>\n<EventRecordID>53</EventRecordID>\n<Correlation ActivityID=\"{69572f99-5370-4777-bd6f-2b5d5252cc55}\" RelatedActivityID=\"\"></Correlation>\n<Execution ProcessID=\"3052\" ThreadID=\"2496\"></Execution>\n<Channel>Microsoft-Windows-Resource-Exhaustion-Resolver/Operational</Channel>\n<Computer>IACIS-HDD-2014</Computer>\n<Security UserID=\"S-1-5-21-1171287513-3642516788-2358256967-1001\"></Security>\n</System>\n<UserData><EventInfo xmlns:auto-ns2=\"http://schemas.microsoft.com/win/2004/08/events\" xmlns=\"http://www.microsoft.com/Windows/Resource/Exhaustion/Resolver/Event\"><Event>1</Event>\n</EventInfo>\n</UserData>\n</Event>\n"
  },
  {
    "EventID": 1003,
    "Timestamp": "2014-01-25 08:18:44.467165+00:00",
    "Computer": "IACIS-HDD-2014",
    "Channel": "Microsoft-Windows-Resource-Exhaustion-Resolver/Operational",
    "Level": "Warning",
    "EventData": {},
    "RawXml": "<Event xmlns=\"http://schemas.microsoft.com/win/2004/08/events/event\"><System><Provider Name=\"Microsoft-Windows-Resource-Exhaustion-Resolver\" Guid=\"{91f5fb12-fdea-4095-85d5-614b495cd9de}\"></Provider>\n<EventID Qualifiers=\"\">1003</EventID>\n<Version>0</Version>\n<Level>3</Level>\n<Task>3</Task>\n<Opcode>24</Opcode>\n<Keywords>0x8000000000002000</Keywords>\n<TimeCreated SystemTime=\"2014-01-25 08:18:44.467165+00:00\"></TimeCreated>\n<EventRecordID>54</EventRecordID>\n<Correlation ActivityID=\"{69572f99-5370-4777-bd6f-2b5d5252cc55}\" RelatedActivityID=\"\"></Correlation>\n<Execution ProcessID=\"3052\" ThreadID=\"2496\"></Execution>\n<Channel>Microsoft-Windows-Resource-Exhaustion-Resolver/Operational</Channel>\n<Computer>IACIS-HDD-2014</Computer>\n<Security UserID=\"S-1-5-21-1171287513-3642516788-2358256967-1001\"></Security>\n</System>\n<UserData><InvalidCommitLimitExhaustion xmlns:auto-ns2=\"http://schemas.microsoft.com/win/2004/08/events\" xmlns=\"http://www.microsoft.com/Windows/Resource/Exhaustion/Resolver/Event\"><TimeSinceLastUI>0</TimeSinceLastUI>\n<ExhaustionTime>0001-01-01 00:00:00</ExhaustionTime>\n<EventType>0</EventType>\n<DropReasonCode>128</DropReasonCode>\n<Notifications>0</Notifications>\n<MaxCommit>0</MaxCommit>\n</InvalidCommitLimitExhaustion>\n</UserData>\n</Event>\n"
  },
  {
    "EventID": 1015,
    "Timestamp": "2014-01-25 08:23:45.032894+00:00",
    "Computer": "IACIS-HDD-2014",
    "Channel": "Microsoft-Windows-Resource-Exhaustion-Resolver/Operational",
    "Level": "Information",
    "EventData": {},
    "RawXml": "<Event xmlns=\"http://schemas.microsoft.com/win/2004/08/events/event\"><System><Provider Name=\"Microsoft-Windows-Resource-Exhaustion-Resolver\" Guid=\"{91f5fb12-fdea-4095-85d5-614b495cd9de}\"></Provider>\n<EventID Qualifiers=\"\">1015</EventID>\n<Version>0</Version>\n<Level>4</Level>\n<Task>3</Task>\n<Opcode>21</Opcode>\n<Keywords>0x8000000000002000</Keywords>\n<TimeCreated SystemTime=\"2014-01-25 08:23:45.032894+00:00\"></TimeCreated>\n<EventRecordID>55</EventRecordID>\n<Correlation ActivityID=\"{cce32c3a-595a-49a1-85ee-76d6206e690f}\" RelatedActivityID=\"\"></Correlation>\n<Execution ProcessID=\"3052\" ThreadID=\"1964\"></Execution>\n<Channel>Microsoft-Windows-Resource-Exhaustion-Resolver/Operational</Channel>\n<Computer>IACIS-HDD-2014</Computer>\n<Security UserID=\"S-1-5-21-1171287513-3642516788-2358256967-1001\"></Security>\n</System>\n<UserData><EventInfo xmlns:auto-ns2=\"http://schemas.microsoft.com/win/2004/08/events\" xmlns=\"http://www.microsoft.com/Windows/Resource/Exhaustion/Resolver/Event\"><Event>1</Event>\n</EventInfo>\n</UserData>\n</Event>\n"
  },
  {
    "EventID": 1003,
    "Timestamp": "2014-01-25 08:23:45.048494+00:00",
    "Computer": "IACIS-HDD-2014",
    "Channel": "Microsoft-Windows-Resource-Exhaustion-Resolver/Operational",
    "Level": "Warning",
    "EventData": {},
    "RawXml": "<Event xmlns=\"http://schemas.microsoft.com/win/2004/08/events/event\"><System><Provider Name=\"Microsoft-Windows-Resource-Exhaustion-Resolver\" Guid=\"{91f5fb12-fdea-4095-85d5-614b495cd9de}\"></Provider>\n<EventID Qualifiers=\"\">1003</EventID>\n<Version>0</Version>\n<Level>3</Level>\n<Task>3</Task>\n<Opcode>24</Opcode>\n<Keywords>0x8000000000002000</Keywords>\n<TimeCreated SystemTime=\"2014-01-25 08:23:45.048494+00:00\"></TimeCreated>\n<EventRecordID>56</EventRecordID>\n<Correlation ActivityID=\"{cce32c3a-595a-49a1-85ee-76d6206e690f}\" RelatedActivityID=\"\"></Correlation>\n<Execution ProcessID=\"3052\" ThreadID=\"1964\"></Execution>\n<Channel>Microsoft-Windows-Resource-Exhaustion-Resolver/Operational</Channel>\n<Computer>IACIS-HDD-2014</Computer>\n<Security UserID=\"S-1-5-21-1171287513-3642516788-2358256967-1001\"></Security>\n</System>\n<UserData><InvalidCommitLimitExhaustion xmlns:auto-ns2=\"http://schemas.microsoft.com/win/2004/08/events\" xmlns=\"http://www.microsoft.com/Windows/Resource/Exhaustion/Resolver/Event\"><TimeSinceLastUI>0</TimeSinceLastUI>\n<ExhaustionTime>0001-01-01 00:00:00</ExhaustionTime>\n<EventType>0</EventType>\n<DropReasonCode>128</DropReasonCode>\n<Notifications>0</Notifications>\n<MaxCommit>0</MaxCommit>\n</InvalidCommitLimitExhaustion>\n</UserData>\n</Event>\n"
  },
  {
    "EventID": 1015,
    "Timestamp": "2014-01-25 08:28:44.584620+00:00",
    "Computer": "IACIS-HDD-2014",
    "Channel": "Microsoft-Windows-Resource-Exhaustion-Resolver/Operational",
    "Level": "Information",
    "EventData": {},
    "RawXml": "<Event xmlns=\"http://schemas.microsoft.com/win/2004/08/events/event\"><System><Provider Name=\"Microsoft-Windows-Resource-Exhaustion-Resolver\" Guid=\"{91f5fb12-fdea-4095-85d5-614b495cd9de}\"></Provider>\n<EventID Qualifiers=\"\">1015</EventID>\n<Version>0</Version>\n<Level>4</Level>\n<Task>3</Task>\n<Opcode>21</Opcode>\n<Keywords>0x8000000000002000</Keywords>\n<TimeCreated SystemTime=\"2014-01-25 08:28:44.584620+00:00\"></TimeCreated>\n<EventRecordID>57</EventRecordID>\n<Correlation ActivityID=\"{d7423c13-a117-4564-9fbd-25066acfb7c4}\" RelatedActivityID=\"\"></Correlation>\n<Execution ProcessID=\"3052\" ThreadID=\"2348\"></Execution>\n<Channel>Microsoft-Windows-Resource-Exhaustion-Resolver/Operational</Channel>\n<Computer>IACIS-HDD-2014</Computer>\n<Security UserID=\"S-1-5-21-1171287513-3642516788-2358256967-1001\"></Security>\n</System>\n<UserData><EventInfo xmlns:auto-ns2=\"http://schemas.microsoft.com/win/2004/08/events\" xmlns=\"http://www.microsoft.com/Windows/Resource/Exhaustion/Resolver/Event\"><Event>1</Event>\n</EventInfo>\n</UserData>\n</Event>\n"
  },
  {
    "EventID": 1003,
    "Timestamp": "2014-01-25 08:28:44.600220+00:00",
    "Computer": "IACIS-HDD-2014",
    "Channel": "Microsoft-Windows-Resource-Exhaustion-Resolver/Operational",
    "Level": "Warning",
    "EventData": {},
    "RawXml": "<Event xmlns=\"http://schemas.microsoft.com/win/2004/08/events/event\"><System><Provider Name=\"Microsoft-Windows-Resource-Exhaustion-Resolver\" Guid=\"{91f5fb12-fdea-4095-85d5-614b495cd9de}\"></Provider>\n<EventID Qualifiers=\"\">1003</EventID>\n<Version>0</Version>\n<Level>3</Level>\n<Task>3</Task>\n<Opcode>24</Opcode>\n<Keywords>0x8000000000002000</Keywords>\n<TimeCreated SystemTime=\"2014-01-25 08:28:44.600220+00:00\"></TimeCreated>\n<EventRecordID>58</EventRecordID>\n<Correlation ActivityID=\"{d7423c13-a117-4564-9fbd-25066acfb7c4}\" RelatedActivityID=\"\"></Correlation>\n<Execution ProcessID=\"3052\" ThreadID=\"2348\"></Execution>\n<Channel>Microsoft-Windows-Resource-Exhaustion-Resolver/Operational</Channel>\n<Computer>IACIS-HDD-2014</Computer>\n<Security UserID=\"S-1-5-21-1171287513-3642516788-2358256967-1001\"></Security>\n</System>\n<UserData><InvalidCommitLimitExhaustion xmlns:auto-ns2=\"http://schemas.microsoft.com/win/2004/08/events\" xmlns=\"http://www.microsoft.com/Windows/Resource/Exhaustion/Resolver/Event\"><TimeSinceLastUI>0</TimeSinceLastUI>\n<ExhaustionTime>0001-01-01 00:00:00</ExhaustionTime>\n<EventType>0</EventType>\n<DropReasonCode>128</DropReasonCode>\n<Notifications>0</Notifications>\n<MaxCommit>0</MaxCommit>\n</InvalidCommitLimitExhaustion>\n</UserData>\n</Event>\n"
  },
  {
    "EventID": 1015,
    "Timestamp": "2014-01-25 08:33:44.385946+00:00",
    "Computer": "IACIS-HDD-2014",
    "Channel": "Microsoft-Windows-Resource-Exhaustion-Resolver/Operational",
    "Level": "Information",
    "EventData": {},
    "RawXml": "<Event xmlns=\"http://schemas.microsoft.com/win/2004/08/events/event\"><System><Provider Name=\"Microsoft-Windows-Resource-Exhaustion-Resolver\" Guid=\"{91f5fb12-fdea-4095-85d5-614b495cd9de}\"></Provider>\n<EventID Qualifiers=\"\">1015</EventID>\n<Version>0</Version>\n<Level>4</Level>\n<Task>3</Task>\n<Opcode>21</Opcode>\n<Keywords>0x8000000000002000</Keywords>\n<TimeCreated SystemTime=\"2014-01-25 08:33:44.385946+00:00\"></TimeCreated>\n<EventRecordID>59</EventRecordID>\n<Correlation ActivityID=\"{67fa4766-32d9-46a5-b64b-62c3ba052a32}\" RelatedActivityID=\"\"></Correlation>\n<Execution ProcessID=\"3052\" ThreadID=\"2356\"></Execution>\n<Channel>Microsoft-Windows-Resource-Exhaustion-Resolver/Operational</Channel>\n<Computer>IACIS-HDD-2014</Computer>\n<Security UserID=\"S-1-5-21-1171287513-3642516788-2358256967-1001\"></Security>\n</System>\n<UserData><EventInfo xmlns:auto-ns2=\"http://schemas.microsoft.com/win/2004/08/events\" xmlns=\"http://www.microsoft.com/Windows/Resource/Exhaustion/Resolver/Event\"><Event>1</Event>\n</EventInfo>\n</UserData>\n</Event>\n"
  },
  {
    "EventID": 1003,
    "Timestamp": "2014-01-25 08:33:44.401546+00:00",
    "Computer": "IACIS-HDD-2014",
    "Channel": "Microsoft-Windows-Resource-Exhaustion-Resolver/Operational",
    "Level": "Warning",
    "EventData": {},
    "RawXml": "<Event xmlns=\"http://schemas.microsoft.com/win/2004/08/events/event\"><System><Provider Name=\"Microsoft-Windows-Resource-Exhaustion-Resolver\" Guid=\"{91f5fb12-fdea-4095-85d5-614b495cd9de}\"></Provider>\n<EventID Qualifiers=\"\">1003</EventID>\n<Version>0</Version>\n<Level>3</Level>\n<Task>3</Task>\n<Opcode>24</Opcode>\n<Keywords>0x8000000000002000</Keywords>\n<TimeCreated SystemTime=\"2014-01-25 08:33:44.401546+00:00\"></TimeCreated>\n<EventRecordID>60</EventRecordID>\n<Correlation ActivityID=\"{67fa4766-32d9-46a5-b64b-62c3ba052a32}\" RelatedActivityID=\"\"></Correlation>\n<Execution ProcessID=\"3052\" ThreadID=\"2356\"></Execution>\n<Channel>Microsoft-Windows-Resource-Exhaustion-Resolver/Operational</Channel>\n<Computer>IACIS-HDD-2014</Computer>\n<Security UserID=\"S-1-5-21-1171287513-3642516788-2358256967-1001\"></Security>\n</System>\n<UserData><InvalidCommitLimitExhaustion xmlns:auto-ns2=\"http://schemas.microsoft.com/win/2004/08/events\" xmlns=\"http://www.microsoft.com/Windows/Resource/Exhaustion/Resolver/Event\"><TimeSinceLastUI>0</TimeSinceLastUI>\n<ExhaustionTime>0001-01-01 00:00:00</ExhaustionTime>\n<EventType>0</EventType>\n<DropReasonCode>128</DropReasonCode>\n<Notifications>0</Notifications>\n<MaxCommit>0</MaxCommit>\n</InvalidCommitLimitExhaustion>\n</UserData>\n</Event>\n"
  },
  {
    "EventID": 1015,
    "Timestamp": "2014-01-25 08:38:44.312075+00:00",
    "Computer": "IACIS-HDD-2014",
    "Channel": "Microsoft-Windows-Resource-Exhaustion-Resolver/Operational",
    "Level": "Information",
    "EventData": {},
    "RawXml": "<Event xmlns=\"http://schemas.microsoft.com/win/2004/08/events/event\"><System><Provider Name=\"Microsoft-Windows-Resource-Exhaustion-Resolver\" Guid=\"{91f5fb12-fdea-4095-85d5-614b495cd9de}\"></Provider>\n<EventID Qualifiers=\"\">1015</EventID>\n<Version>0</Version>\n<Level>4</Level>\n<Task>3</Task>\n<Opcode>21</Opcode>\n<Keywords>0x8000000000002000</Keywords>\n<TimeCreated SystemTime=\"2014-01-25 08:38:44.312075+00:00\"></TimeCreated>\n<EventRecordID>61</EventRecordID>\n<Correlation ActivityID=\"{3b7e22cd-9122-465a-a217-08f7c513b3de}\" RelatedActivityID=\"\"></Correlation>\n<Execution ProcessID=\"3052\" ThreadID=\"1940\"></Execution>\n<Channel>Microsoft-Windows-Resource-Exhaustion-Resolver/Operational</Channel>\n<Computer>IACIS-HDD-2014</Computer>\n<Security UserID=\"S-1-5-21-1171287513-3642516788-2358256967-1001\"></Security>\n</System>\n<UserData><EventInfo xmlns:auto-ns2=\"http://schemas.microsoft.com/win/2004/08/events\" xmlns=\"http://www.microsoft.com/Windows/Resource/Exhaustion/Resolver/Event\"><Event>1</Event>\n</EventInfo>\n</UserData>\n</Event>\n"
  },
  {
    "EventID": 1003,
    "Timestamp": "2014-01-25 08:38:44.327675+00:00",
    "Computer": "IACIS-HDD-2014",
    "Channel": "Microsoft-Windows-Resource-Exhaustion-Resolver/Operational",
    "Level": "Warning",
    "EventData": {},
    "RawXml": "<Event xmlns=\"http://schemas.microsoft.com/win/2004/08/events/event\"><System><Provider Name=\"Microsoft-Windows-Resource-Exhaustion-Resolver\" Guid=\"{91f5fb12-fdea-4095-85d5-614b495cd9de}\"></Provider>\n<EventID Qualifiers=\"\">1003</EventID>\n<Version>0</Version>\n<Level>3</Level>\n<Task>3</Task>\n<Opcode>24</Opcode>\n<Keywords>0x8000000000002000</Keywords>\n<TimeCreated SystemTime=\"2014-01-25 08:38:44.327675+00:00\"></TimeCreated>\n<EventRecordID>62</EventRecordID>\n<Correlation ActivityID=\"{3b7e22cd-9122-465a-a217-08f7c513b3de}\" RelatedActivityID=\"\"></Correlation>\n<Execution ProcessID=\"3052\" ThreadID=\"1940\"></Execution>\n<Channel>Microsoft-Windows-Resource-Exhaustion-Resolver/Operational</Channel>\n<Computer>IACIS-HDD-2014</Computer>\n<Security UserID=\"S-1-5-21-1171287513-3642516788-2358256967-1001\"></Security>\n</System>\n<UserData><InvalidCommitLimitExhaustion xmlns:auto-ns2=\"http://schemas.microsoft.com/win/2004/08/events\" xmlns=\"http://www.microsoft.com/Windows/Resource/Exhaustion/Resolver/Event\"><TimeSinceLastUI>0</TimeSinceLastUI>\n<ExhaustionTime>0001-01-01 00:00:00</ExhaustionTime>\n<EventType>0</EventType>\n<DropReasonCode>128</DropReasonCode>\n<Notifications>0</Notifications>\n<MaxCommit>0</MaxCommit>\n</InvalidCommitLimitExhaustion>\n</UserData>\n</Event>\n"
  },
  {
    "EventID": 1017,
    "Timestamp": "2014-01-25 08:39:54.777397+00:00",
    "Computer": "IACIS-HDD-2014",
    "Channel": "Microsoft-Windows-Resource-Exhaustion-Resolver/Operational",
    "Level": "Information",
    "EventData": {},
    "RawXml": "<Event xmlns=\"http://schemas.microsoft.com/win/2004/08/events/event\"><System><Provider Name=\"Microsoft-Windows-Resource-Exhaustion-Resolver\" Guid=\"{91f5fb12-fdea-4095-85d5-614b495cd9de}\"></Provider>\n<EventID Qualifiers=\"\">1017</EventID>\n<Version>0</Version>\n<Level>4</Level>\n<Task>3</Task>\n<Opcode>24</Opcode>\n<Keywords>0x8000000000002000</Keywords>\n<TimeCreated SystemTime=\"2014-01-25 08:39:54.777397+00:00\"></TimeCreated>\n<EventRecordID>63</EventRecordID>\n<Correlation ActivityID=\"{96bf6da0-04d8-48b8-8def-fec70e1c3eae}\" RelatedActivityID=\"\"></Correlation>\n<Execution ProcessID=\"3052\" ThreadID=\"3060\"></Execution>\n<Channel>Microsoft-Windows-Resource-Exhaustion-Resolver/Operational</Channel>\n<Computer>IACIS-HDD-2014</Computer>\n<Security UserID=\"S-1-5-21-1171287513-3642516788-2358256967-1001\"></Security>\n</System>\n<UserData><UICloseInfo xmlns:auto-ns2=\"http://schemas.microsoft.com/win/2004/08/events\" xmlns=\"http://www.microsoft.com/Windows/Resource/Exhaustion/Resolver/Event\"><DisplayUpTime>8062</DisplayUpTime>\n<UserAction>1</UserAction>\n<MaxCommit>0</MaxCommit>\n</UICloseInfo>\n</UserData>\n</Event>\n"
  },
  {
    "EventID": 1002,
    "Timestamp": "2014-01-25 08:53:12.359999+00:00",
    "Computer": "IACIS-HDD-2014",
    "Channel": "Microsoft-Windows-Resource-Exhaustion-Resolver/Operational",
    "Level": "Information",
    "EventData": {},
    "RawXml": "<Event xmlns=\"http://schemas.microsoft.com/win/2004/08/events/event\"><System><Provider Name=\"Microsoft-Windows-Resource-Exhaustion-Resolver\" Guid=\"{91f5fb12-fdea-4095-85d5-614b495cd9de}\"></Provider>\n<EventID Qualifiers=\"\">1002</EventID>\n<Version>0</Version>\n<Level>4</Level>\n<Task>1</Task>\n<Opcode>12</Opcode>\n<Keywords>0x8000000000001000</Keywords>\n<TimeCreated SystemTime=\"2014-01-25 08:53:12.359999+00:00\"></TimeCreated>\n<EventRecordID>64</EventRecordID>\n<Correlation ActivityID=\"\" RelatedActivityID=\"\"></Correlation>\n<Execution ProcessID=\"3052\" ThreadID=\"212\"></Execution>\n<Channel>Microsoft-Windows-Resource-Exhaustion-Resolver/Operational</Channel>\n<Computer>IACIS-HDD-2014</Computer>\n<Security UserID=\"S-1-5-21-1171287513-3642516788-2358256967-1001\"></Security>\n</System>\n<EventData></EventData>\n</Event>\n"
  },
  {
    "EventID": 1001,
    "Timestamp": "2014-01-25 14:38:21.175810+00:00",
    "Computer": "IACIS-HDD-2014",
    "Channel": "Microsoft-Windows-Resource-Exhaustion-Resolver/Operational",
    "Level": "Information",
    "EventData": {},
    "RawXml": "<Event xmlns=\"http://schemas.microsoft.com/win/2004/08/events/event\"><System><Provider Name=\"Microsoft-Windows-Resource-Exhaustion-Resolver\" Guid=\"{91f5fb12-fdea-4095-85d5-614b495cd9de}\"></Provider>\n<EventID Qualifiers=\"\">1001</EventID>\n<Version>0</Version>\n<Level>4</Level>\n<Task>1</Task>\n<Opcode>11</Opcode>\n<Keywords>0x8000000000001000</Keywords>\n<TimeCreated SystemTime=\"2014-01-25 14:38:21.175810+00:00\"></TimeCreated>\n<EventRecordID>65</EventRecordID>\n<Correlation ActivityID=\"\" RelatedActivityID=\"\"></Correlation>\n<Execution ProcessID=\"3820\" ThreadID=\"3852\"></Execution>\n<Channel>Microsoft-Windows-Resource-Exhaustion-Resolver/Operational</Channel>\n<Computer>IACIS-HDD-2014</Computer>\n<Security UserID=\"S-1-5-21-1171287513-3642516788-2358256967-1001\"></Security>\n</System>\n<EventData></EventData>\n</Event>\n"
  },
  {
    "EventID": 1015,
    "Timestamp": "2014-01-25 14:38:21.205811+00:00",
    "Computer": "IACIS-HDD-2014",
    "Channel": "Microsoft-Windows-Resource-Exhaustion-Resolver/Operational",
    "Level": "Information",
    "EventData": {},
    "RawXml": "<Event xmlns=\"http://schemas.microsoft.com/win/2004/08/events/event\"><System><Provider Name=\"Microsoft-Windows-Resource-Exhaustion-Resolver\" Guid=\"{91f5fb12-fdea-4095-85d5-614b495cd9de}\"></Provider>\n<EventID Qualifiers=\"\">1015</EventID>\n<Version>0</Version>\n<Level>4</Level>\n<Task>3</Task>\n<Opcode>21</Opcode>\n<Keywords>0x8000000000002000</Keywords>\n<TimeCreated SystemTime=\"2014-01-25 14:38:21.205811+00:00\"></TimeCreated>\n<EventRecordID>66</EventRecordID>\n<Correlation ActivityID=\"{f68ceb0e-005b-46ce-ac04-822d94aa7996}\" RelatedActivityID=\"\"></Correlation>\n<Execution ProcessID=\"3820\" ThreadID=\"3852\"></Execution>\n<Channel>Microsoft-Windows-Resource-Exhaustion-Resolver/Operational</Channel>\n<Computer>IACIS-HDD-2014</Computer>\n<Security UserID=\"S-1-5-21-1171287513-3642516788-2358256967-1001\"></Security>\n</System>\n<UserData><EventInfo xmlns:auto-ns2=\"http://schemas.microsoft.com/win/2004/08/events\" xmlns=\"http://www.microsoft.com/Windows/Resource/Exhaustion/Resolver/Event\"><Event>4</Event>\n</EventInfo>\n</UserData>\n</Event>\n"
  },
  {
    "EventID": 1014,
    "Timestamp": "2014-01-25 14:38:21.245811+00:00",
    "Computer": "IACIS-HDD-2014",
    "Channel": "Microsoft-Windows-Resource-Exhaustion-Resolver/Operational",
    "Level": "Information",
    "EventData": {},
    "RawXml": "<Event xmlns=\"http://schemas.microsoft.com/win/2004/08/events/event\"><System><Provider Name=\"Microsoft-Windows-Resource-Exhaustion-Resolver\" Guid=\"{91f5fb12-fdea-4095-85d5-614b495cd9de}\"></Provider>\n<EventID Qualifiers=\"\">1014</EventID>\n<Version>0</Version>\n<Level>4</Level>\n<Task>5</Task>\n<Opcode>41</Opcode>\n<Keywords>0x8000000000004000</Keywords>\n<TimeCreated SystemTime=\"2014-01-25 14:38:21.245811+00:00\"></TimeCreated>\n<EventRecordID>67</EventRecordID>\n<Correlation ActivityID=\"{f68ceb0e-005b-46ce-ac04-822d94aa7996}\" RelatedActivityID=\"\"></Correlation>\n<Execution ProcessID=\"3820\" ThreadID=\"3852\"></Execution>\n<Channel>Microsoft-Windows-Resource-Exhaustion-Resolver/Operational</Channel>\n<Computer>IACIS-HDD-2014</Computer>\n<Security UserID=\"S-1-5-21-1171287513-3642516788-2358256967-1001\"></Security>\n</System>\n<UserData><DroppedLeakDiagnosisEventInfo xmlns:auto-ns2=\"http://schemas.microsoft.com/win/2004/08/events\" xmlns=\"http://www.microsoft.com/Windows/Resource/Exhaustion/Resolver/Event\"><ProcessImageName>MsMpEng.exe</ProcessImageName>\n<ProcessId>3120</ProcessId>\n<ProcessCreationTime>2014-01-25 14:35:59.417585+00:00</ProcessCreationTime>\n<DropReasonCode>16</DropReasonCode>\n</DroppedLeakDiagnosisEventInfo>\n</UserData>\n</Event>\n"
  },
  {
    "EventID": 1002,
    "Timestamp": "2014-01-25 14:49:40.172968+00:00",
    "Computer": "IACIS-HDD-2014",
    "Channel": "Microsoft-Windows-Resource-Exhaustion-Resolver/Operational",
    "Level": "Information",
    "EventData": {},
    "RawXml": "<Event xmlns=\"http://schemas.microsoft.com/win/2004/08/events/event\"><System><Provider Name=\"Microsoft-Windows-Resource-Exhaustion-Resolver\" Guid=\"{91f5fb12-fdea-4095-85d5-614b495cd9de}\"></Provider>\n<EventID Qualifiers=\"\">1002</EventID>\n<Version>0</Version>\n<Level>4</Level>\n<Task>1</Task>\n<Opcode>12</Opcode>\n<Keywords>0x8000000000001000</Keywords>\n<TimeCreated SystemTime=\"2014-01-25 14:49:40.172968+00:00\"></TimeCreated>\n<EventRecordID>68</EventRecordID>\n<Correlation ActivityID=\"\" RelatedActivityID=\"\"></Correlation>\n<Execution ProcessID=\"3820\" ThreadID=\"3860\"></Execution>\n<Channel>Microsoft-Windows-Resource-Exhaustion-Resolver/Operational</Channel>\n<Computer>IACIS-HDD-2014</Computer>\n<Security UserID=\"S-1-5-21-1171287513-3642516788-2358256967-1001\"></Security>\n</System>\n<EventData></EventData>\n</Event>\n"
  }
]