  {
    "EventID": 9,
    "Timestamp": "2014-01-25 16:15:57.431650+00:00",
    "Computer": "IACIS-HDD-2014",
    "Channel": "Microsoft-Windows-WindowsSystemAssessmentTool/Operational",
    "Level": "Information",
    "EventData": {
      "PhaseID": "1003",
      "DescriptionSize": "22",
      "Description": "Run Assessment, mem, "
    },
    "RawXml": "<Event xmlns=\"http://schemas.microsoft.com/win/2004/08/events/event\"><System><Provider Name=\"Microsoft-Windows-WindowsSystemAssessmentTool\" Guid=\"{11a75546-3234-465e-bec8-2d301cb501ac}\"></Provider>\n<EventID Qualifiers=\"\">9</EventID>\n<Version>0</Version>\n<Level>4</Level>\n<Task>1</Task>\n<Opcode>0</Opcode>\n<Keywords>0x8000000000000000</Keywords>\n<TimeCreated SystemTime=\"2014-01-25 16:15:57.431650+00:00\"></TimeCreated>\n<EventRecordID>113</EventRecordID>\n<Correlation ActivityID=\"\" RelatedActivityID=\"\"></Correlation>\n<Execution ProcessID=\"2608\" ThreadID=\"2732\"></Execution>\n<Channel>Microsoft-Windows-WindowsSystemAssessmentTool/Operational</Channel>\n<Computer>IACIS-HDD-2014</Computer>\n<Security UserID=\"S-1-5-21-1171287513-3642516788-2358256967-1001\"></Security>\n</System>\n<EventData><Data Name=\"PhaseID\">1003</Data>\n<Data Name=\"DescriptionSize\">22</Data>\n<Data Name=\"Description\">Run Assessment, mem, </Data>\n</EventData>\n</Event>\n"
  },
  {
    "EventID": 10,
    "Timestamp": "2014-01-25 16:16:02.595259+00:00",
    "Computer": "IACIS-HDD-2014",
    "Channel": "Microsoft-Windows-WindowsSystemAssessmentTool/Operational",
    "Level": "Information",
    "EventData": {
      "PhaseID": "1003"
    },
    "RawXml": "<Event xmlns=\"http://schemas.microsoft.com/win/2004/08/events/event\"><System><Provider Name=\"Microsoft-Windows-WindowsSystemAssessmentTool\" Guid=\"{11a75546-3234-465e-bec8-2d301cb501ac}\"></Provider>\n<EventID Qualifiers=\"\">10</EventID>\n<Version>0</Version>\n<Level>4</Level>\n<Task>1</Task>\n<Opcode>0</Opcode>\n<Keywords>0x8000000000000000</Keywords>\n<TimeCreated SystemTime=\"2014-01-25 16:16:02.595259+00:00\"></TimeCreated>\n<EventRecordID>114</EventRecordID>\n<Correlation ActivityID=\"\" RelatedActivityID=\"\"></Correlation>\n<Execution ProcessID=\"2608\" ThreadID=\"2732\"></Execution>\n<Channel>Microsoft-Windows-WindowsSystemAssessmentTool/Operational</Channel>\n<Computer>IACIS-HDD-2014</Computer>\n<Security UserID=\"S-1-5-21-1171287513-3642516788-2358256967-1001\"></Security>\n</System>\n<EventData><Data Name=\"PhaseID\">1003</Data>\n</EventData>\n</Event>\n"
  },
  {
    "EventID": 9,
    "Timestamp": "2014-01-25 16:16:02.595259+00:00",
    "Computer": "IACIS-HDD-2014",
    "Channel": "Microsoft-Windows-WindowsSystemAssessmentTool/Operational",
    "Level": "Information",
    "EventData": {
      "PhaseID": "1004",
      "DescriptionSize": "38",
      "Description": "Run Assessment, disk, -seq -read -n 0"
    },
    "RawXml": "<Event xmlns=\"http://schemas.microsoft.com/win/2004/08/events/event\"><System><Provider Name=\"Microsoft-Windows-WindowsSystemAssessmentTool\" Guid=\"{11a75546-3234-465e-bec8-2d301cb501ac}\"></Provider>\n<EventID Qualifiers=\"\">9</EventID>\n<Version>0</Version>\n<Level>4</Level>\n<Task>1</Task>\n<Opcode>0</Opcode>\n<Keywords>0x8000000000000000</Keywords>\n<TimeCreated SystemTime=\"2014-01-25 16:16:02.595259+00:00\"></TimeCreated>\n<EventRecordID>115</EventRecordID>\n<Correlation ActivityID=\"\" RelatedActivityID=\"\"></Correlation>\n<Execution ProcessID=\"2608\" ThreadID=\"2732\"></Execution>\n<Channel>Microsoft-Windows-WindowsSystemAssessmentTool/Operational</Channel>\n<Computer>IACIS-HDD-2014</Computer>\n<Security UserID=\"S-1-5-21-1171287513-3642516788-2358256967-1001\"></Security>\n</System>\n<EventData><Data Name=\"PhaseID\">1004</Data>\n<Data Name=\"DescriptionSize\">38</Data>\n<Data Name=\"Description\">Run Assessment, disk, -seq -read -n 0</Data>\n</EventData>\n</Event>\n"
  },
  {
    "EventID": 10,
    "Timestamp": "2014-01-25 16:16:06.802160+00:00",
    "Computer": "IACIS-HDD-2014",
    "Channel": "Microsoft-Windows-WindowsSystemAssessmentTool/Operational",
    "Level": "Information",
    "EventData": {
      "PhaseID": "1004"
    },
    "RawXml": "<Event xmlns=\"http://schemas.microsoft.com/win/2004/08/events/event\"><System><Provider Name=\"Microsoft-Windows-WindowsSystemAssessmentTool\" Guid=\"{11a75546-3234-465e-bec8-2d301cb501ac}\"></Provider>\n<EventID Qualifiers=\"\">10</EventID>\n<Version>0</Version>\n<Level>4</Level>\n<Task>1</Task>\n<Opcode>0</Opcode>\n<Keywords>0x8000000000000000</Keywords>\n<TimeCreated SystemTime=\"2014-01-25 16:16:06.802160+00:00\"></TimeCreated>\n<EventRecordID>116</EventRecordID>\n<Correlation ActivityID=\"\" RelatedActivityID=\"\"></Correlation>\n<Execution ProcessID=\"2608\" ThreadID=\"2732\"></Execution>\n<Channel>Microsoft-Windows-WindowsSystemAssessmentTool/Operational</Channel>\n<Computer>IACIS-HDD-2014</Computer>\n<Security UserID=\"S-1-5-21-1171287513-3642516788-2358256967-1001\"></Security>\n</System>\n<EventData><Data Name=\"PhaseID\">1004</Data>\n</EventData>\n</Event>\n"
  },
  {
    "EventID": 9,
    "Timestamp": "2014-01-25 16:16:06.802160+00:00",
    "Computer": "IACIS-HDD-2014",
    "Channel": "Microsoft-Windows-WindowsSystemAssessmentTool/Operational",
    "Level": "Information",
    "EventData": {
      "PhaseID": "1004",
      "DescriptionSize": "38",
      "Description": "Run Assessment, disk, -ran -read -n 0"
    },
    "RawXml": "<Event xmlns=\"http://schemas.microsoft.com/win/2004/08/events/event\"><System><Provider Name=\"Microsoft-Windows-WindowsSystemAssessmentTool\" Guid=\"{11a75546-3234-465e-bec8-2d301cb501ac}\"></Provider>\n<EventID Qualifiers=\"\">9</EventID>\n<Version>0</Version>\n<Level>4</Level>\n<Task>1</Task>\n<Opcode>0</Opcode>\n<Keywords>0x8000000000000000</Keywords>\n<TimeCreated SystemTime=\"2014-01-25 16:16:06.802160+00:00\"></TimeCreated>\n<EventRecordID>117</EventRecordID>\n<Correlation ActivityID=\"\" RelatedActivityID=\"\"></Correlation>\n<Execution ProcessID=\"2608\" ThreadID=\"2732\"></Execution>\n<Channel>Microsoft-Windows-WindowsSystemAssessmentTool/Operational</Channel>\n<Computer>IACIS-HDD-2014</Computer>\n<Security UserID=\"S-1-5-21-1171287513-3642516788-2358256967-1001\"></Security>\n</System>\n<EventData><Data Name=\"PhaseID\">1004</Data>\n<Data Name=\"DescriptionSize\">38</Data>\n<Data Name=\"Description\">Run Assessment, disk, -ran -read -n 0</Data>\n</EventData>\n</Event>\n"
  },
  {
    "EventID": 10,
    "Timestamp": "2014-01-25 16:16:17.049715+00:00",
    "Computer": "IACIS-HDD-2014",
    "Channel": "Microsoft-Windows-WindowsSystemAssessmentTool/Operational",
    "Level": "Information",
    "EventData": {
      "PhaseID": "1004"
    },
    "RawXml": "<Event xmlns=\"http://schemas.microsoft.com/win/2004/08/events/event\"><System><Provider Name=\"Microsoft-Windows-WindowsSystemAssessmentTool\" Guid=\"{11a75546-3234-465e-bec8-2d301cb501ac}\"></Provider>\n<EventID Qualifiers=\"\">10</EventID>\n<Version>0</Version>\n<Level>4</Level>\n<Task>1</Task>\n<Opcode>0</Opcode>\n<Keywords>0x8000000000000000</Keywords>\n<TimeCreated SystemTime=\"2014-01-25 16:16:17.049715+00:00\"></TimeCreated>\n<EventRecordID>118</EventRecordID>\n<Correlation ActivityID=\"\" RelatedActivityID=\"\"></Correlation>\n<Execution ProcessID=\"2608\" ThreadID=\"2732\"></Execution>\n<Channel>Microsoft-Windows-WindowsSystemAssessmentTool/Operational</Channel>\n<Computer>IACIS-HDD-2014</Computer>\n<Security UserID=\"S-1-5-21-1171287513-3642516788-2358256967-1001\"></Security>\n</System>\n<EventData><Data Name=\"PhaseID\">1004</Data>\n</EventData>\n</Event>\n"
  },
  {
    "EventID": 9,
    "Timestamp": "2014-01-25 16:16:17.049715+00:00",
    "Computer": "IACIS-HDD-2014",
    "Channel": "Microsoft-Windows-WindowsSystemAssessmentTool/Operational",
    "Level": "Information",
    "EventData": {
      "PhaseID": "1004",
      "DescriptionSize": "43",
      "Description": "Run Assessment, disk, -scen 2009 -drive C:"
    },
    "RawXml": "<Event xmlns=\"http://schemas.microsoft.com/win/2004/08/events/event\"><System><Provider Name=\"Microsoft-Windows-WindowsSystemAssessmentTool\" Guid=\"{11a75546-3234-465e-bec8-2d301cb501ac}\"></Provider>\n<EventID Qualifiers=\"\">9</EventID>\n<Version>0</Version>\n<Level>4</Level>\n<Task>1</Task>\n<Opcode>0</Opcode>\n<Keywords>0x8000000000000000</Keywords>\n<TimeCreated SystemTime=\"2014-01-25 16:16:17.049715+00:00\"></TimeCreated>\n<EventRecordID>119</EventRecordID>\n<Correlation ActivityID=\"\" RelatedActivityID=\"\"></Correlation>\n<Execution ProcessID=\"2608\" ThreadID=\"2732\"></Execution>\n<Channel>Microsoft-Windows-WindowsSystemAssessmentTool/Operational</Channel>\n<Computer>IACIS-HDD-2014</Computer>\n<Security UserID=\"S-1-5-21-1171287513-3642516788-2358256967-1001\"></Security>\n</System>\n<EventData><Data Name=\"PhaseID\">1004</Data>\n<Data Name=\"DescriptionSize\">43</Data>\n<Data Name=\"Description\">Run Assessment, disk, -scen 2009 -drive C:</Data>\n</EventData>\n</Event>\n"
  },
  {
    "EventID": 10,
    "Timestamp": "2014-01-25 16:17:42.075912+00:00",
    "Computer": "IACIS-HDD-2014",
    "Channel": "Microsoft-Windows-WindowsSystemAssessmentTool/Operational",
    "Level": "Information",
    "EventData": {
      "PhaseID": "1004"
    },
    "RawXml": "<Event xmlns=\"http://schemas.microsoft.com/win/2004/08/events/event\"><System><Provider Name=\"Microsoft-Windows-WindowsSystemAssessmentTool\" Guid=\"{11a75546-3234-465e-bec8-2d301cb501ac}\"></Provider>\n<EventID Qualifiers=\"\">10</EventID>\n<Version>0</Version>\n<Level>4</Level>\n<Task>1</Task>\n<Opcode>0</Opcode>\n<Keywords>0x8000000000000000</Keywords>\n<TimeCreated SystemTime=\"2014-01-25 16:17:42.075912+00:00\"></TimeCreated>\n<EventRecordID>120</EventRecordID>\n<Correlation ActivityID=\"\" RelatedActivityID=\"\"></Correlation>\n<Execution ProcessID=\"2608\" ThreadID=\"2732\"></Execution>\n<Channel>Microsoft-Windows-WindowsSystemAssessmentTool/Operational</Channel>\n<Computer>IACIS-HDD-2014</Computer>\n<Security UserID=\"S-1-5-21-1171287513-3642516788-2358256967-1001\"></Security>\n</System>\n<EventData><Data Name=\"PhaseID\">1004</Data>\n</EventData>\n</Event>\n"
  },
  {
    "EventID": 9,
    "Timestamp": "2014-01-25 16:17:42.075912+00:00",
    "Computer": "IACIS-HDD-2014",
    "Channel": "Microsoft-Windows-WindowsSystemAssessmentTool/Operational",
    "Level": "Information",
    "EventData": {
      "PhaseID": "130",
      "DescriptionSize": "16",
      "Description": "Process Results"
    },
    "RawXml": "<Event xmlns=\"http://schemas.microsoft.com/win/2004/08/events/event\"><System><Provider Name=\"Microsoft-Windows-WindowsSystemAssessmentTool\" Guid=\"{11a75546-3234-465e-bec8-2d301cb501ac}\"></Provider>\n<EventID Qualifiers=\"\">9</EventID>\n<Version>0</Version>\n<Level>4</Level>\n<Task>1</Task>\n<Opcode>0</Opcode>\n<Keywords>0x8000000000000000</Keywords>\n<TimeCreated SystemTime=\"2014-01-25 16:17:42.075912+00:00\"></TimeCreated>\n<EventRecordID>121</EventRecordID>\n<Correlation ActivityID=\"\" RelatedActivityID=\"\"></Correlation>\n<Execution ProcessID=\"2608\" ThreadID=\"2732\"></Execution>\n<Channel>Microsoft-Windows-WindowsSystemAssessmentTool/Operational</Channel>\n<Computer>IACIS-HDD-2014</Computer>\n<Security UserID=\"S-1-5-21-1171287513-3642516788-2358256967-1001\"></Security>\n</System>\n<EventData><Data Name=\"PhaseID\">130</Data>\n<Data Name=\"DescriptionSize\">16</Data>\n<Data Name=\"Description\">Process Results</Data>\n</EventData>\n</Event>\n"
  },
  {
    "EventID": 10,
    "Timestamp": "2014-01-25 16:17:43.511116+00:00",
    "Computer": "IACIS-HDD-2014",
    "Channel": "Microsoft-Windows-WindowsSystemAssessmentTool/Operational",
    "Level": "Information",
    "EventData": {
      "PhaseID": "130"
    },
    "RawXml": "<Event xmlns=\"http://schemas.microsoft.com/win/2004/08/events/event\"><System><Provider Name=\"Microsoft-Windows-WindowsSystemAssessmentTool\" Guid=\"{11a75546-3234-465e-bec8-2d301cb501ac}\"></Provider>\n<EventID Qualifiers=\"\">10</EventID>\n<Version>0</Version>\n<Level>4</Level>\n<Task>1</Task>\n<Opcode>0</Opcode>\n<Keywords>0x8000000000000000</Keywords>\n<TimeCreated SystemTime=\"2014-01-25 16:17:43.511116+00:00\"></TimeCreated>\n<EventRecordID>122</EventRecordID>\n<Correlation ActivityID=\"\" RelatedActivityID=\"\"></Correlation>\n<Execution ProcessID=\"2608\" ThreadID=\"2732\"></Execution>\n<Channel>Microsoft-Windows-WindowsSystemAssessmentTool/Operational</Channel>\n<Computer>IACIS-HDD-2014</Computer>\n<Security UserID=\"S-1-5-21-1171287513-3642516788-2358256967-1001\"></Security>\n</System>\n<EventData><Data Name=\"PhaseID\">130</Data>\n</EventData>\n</Event>\n"
  },
  {
    "EventID": 9,
    "Timestamp": "2014-01-25 16:17:43.511116+00:00",
    "Computer": "IACIS-HDD-2014",
    "Channel": "Microsoft-Windows-WindowsSystemAssessmentTool/Operational",
    "Level": "Information",
    "EventData": {
      "PhaseID": "150",
      "DescriptionSize": "17",
      "Description": "Cleanup and exit"
    },
    "RawXml": "<Event xmlns=\"http://schemas.microsoft.com/win/2004/08/events/event\"><System><Provider Name=\"Microsoft-Windows-WindowsSystemAssessmentTool\" Guid=\"{11a75546-3234-465e-bec8-2d301cb501ac}\"></Provider>\n<EventID Qualifiers=\"\">9</EventID>\n<Version>0</Version>\n<Level>4</Level>\n<Task>1</Task>\n<Opcode>0</Opcode>\n<Keywords>0x8000000000000000</Keywords>\n<TimeCreated SystemTime=\"2014-01-25 16:17:43.511116+00:00\"></TimeCreated>\n<EventRecordID>123</EventRecordID>\n<Correlation ActivityID=\"\" RelatedActivityID=\"\"></Correlation>\n<Execution ProcessID=\"2608\" ThreadID=\"2732\"></Execution>\n<Channel>Microsoft-Windows-WindowsSystemAssessmentTool/Operational</Channel>\n<Computer>IACIS-HDD-2014</Computer>\n<Security UserID=\"S-1-5-21-1171287513-3642516788-2358256967-1001\"></Security>\n</System>\n<EventData><Data Name=\"PhaseID\">150</Data>\n<Data Name=\"DescriptionSize\">17</Data>\n<Data Name=\"Description\">Cleanup and exit</Data>\n</EventData>\n</Event>\n"
  },
  {
    "EventID": 9,
    "Timestamp": "2014-01-25 16:17:43.511116+00:00",
    "Computer": "IACIS-HDD-2014",
    "Channel": "Microsoft-Windows-WindowsSystemAssessmentTool/Operational",
    "Level": "Information",
    "EventData": {
      "PhaseID": "140",
      "DescriptionSize": "24",
      "Description": "Restore system policies"
    },
    "RawXml": "<Event xmlns=\"http://schemas.microsoft.com/win/2004/08/events/event\"><System><Provider Name=\"Microsoft-Windows-WindowsSystemAssessmentTool\" Guid=\"{11a75546-3234-465e-bec8-2d301cb501ac}\"></Provider>\n<EventID Qualifiers=\"\">9</EventID>\n<Version>0</Version>\n<Level>4</Level>\n<Task>1</Task>\n<Opcode>0</Opcode>\n<Keywords>0x8000000000000000</Keywords>\n<TimeCreated SystemTime=\"2014-01-25 16:17:43.511116+00:00\"></TimeCreated>\n<EventRecordID>124</EventRecordID>\n<Correlation ActivityID=\"\" RelatedActivityID=\"\"></Correlation>\n<Execution ProcessID=\"2608\" ThreadID=\"2732\"></Execution>\n<Channel>Microsoft-Windows-WindowsSystemAssessmentTool/Operational</Channel>\n<Computer>IACIS-HDD-2014</Computer>\n<Security UserID=\"S-1-5-21-1171287513-3642516788-2358256967-1001\"></Security>\n</System>\n<EventData><Data Name=\"PhaseID\">140</Data>\n<Data Name=\"DescriptionSize\">24</Data>\n<Data Name=\"Description\">Restore system policies</Data>\n</EventData>\n</Event>\n"
  },
  {
    "EventID": 10,
    "Timestamp": "2014-01-25 16:17:44.119518+00:00",
    "Computer": "IACIS-HDD-2014",
    "Channel": "Microsoft-Windows-WindowsSystemAssessmentTool/Operational",
    "Level": "Information",
    "EventData": {
      "PhaseID": "140"
    },
    "RawXml": "<Event xmlns=\"http://schemas.microsoft.com/win/2004/08/events/event\"><System><Provider Name=\"Microsoft-Windows-WindowsSystemAssessmentTool\" Guid=\"{11a75546-3234-465e-bec8-2d301cb501ac}\"></Provider>\n<EventID Qualifiers=\"\">10</EventID>\n<Version>0</Version>\n<Level>4</Level>\n<Task>1</Task>\n<Opcode>0</Opcode>\n<Keywords>0x8000000000000000</Keywords>\n<TimeCreated SystemTime=\"2014-01-25 16:17:44.119518+00:00\"></TimeCreated>\n<EventRecordID>125</EventRecordID>\n<Correlation ActivityID=\"\" RelatedActivityID=\"\"></Correlation>\n<Execution ProcessID=\"2608\" ThreadID=\"2732\"></Execution>\n<Channel>Microsoft-Windows-WindowsSystemAssessmentTool/Operational</Channel>\n<Computer>IACIS-HDD-2014</Computer>\n<Security UserID=\"S-1-5-21-1171287513-3642516788-2358256967-1001\"></Security>\n</System>\n<EventData><Data Name=\"PhaseID\">140</Data>\n</EventData>\n</Event>\n"
  },
  {
    "EventID": 3,
    "Timestamp": "2014-01-25 16:17:44.135118+00:00",
    "Computer": "IACIS-HDD-2014",
    "Channel": "Microsoft-Windows-WindowsSystemAssessmentTool/Operational",
    "Level": "LogAlways",
    "EventData": {
      "ExitCode": "0"
    },
    "RawXml": "<Event xmlns=\"http://schemas.microsoft.com/win/2004/08/events/event\"><System><Provider Name=\"Microsoft-Windows-WindowsSystemAssessmentTool\" Guid=\"{11a75546-3234-465e-bec8-2d301cb501ac}\"></Provider>\n<EventID Qualifiers=\"\">3</EventID>\n<Version>0</Version>\n<Level>0</Level>\n<Task>1</Task>\n<Opcode>2</Opcode>\n<Keywords>0x8000000000000000</Keywords>\n<TimeCreated SystemTime=\"2014-01-25 16:17:44.135118+00:00\"></TimeCreated>\n<EventRecordID>126</EventRecordID>\n<Correlation ActivityID=\"\" RelatedActivityID=\"\"></Correlation>\n<Execution ProcessID=\"2608\" ThreadID=\"2732\"></Execution>\n<Channel>Microsoft-Windows-WindowsSystemAssessmentTool/Operational</Channel>\n<Computer>IACIS-HDD-2014</Computer>\n<Security UserID=\"S-1-5-21-1171287513-3642516788-2358256967-1001\"></Security>\n</System>\n<EventData><Data Name=\"ExitCode\">0</Data>\n</EventData>\n</Event>\n"
  }
]