  {
    "EventID": 60,
    "Timestamp": "2014-01-25 01:38:15.690161+00:00",
    "Computer": "IACIS-HDD-2014",
    "Channel": "Microsoft-Windows-Bits-Client/Operational",
    "Level": "Information",
    "EventData": {
      "transferId": "{2b25c5ea-ad80-4879-bce2-296b41d2e282}",
      "name": "WU Client Download",
      "Id": "{81a15722-5ffe-49ea-a505-4db223e849ab}",
      "url": "http://au.download.windowsupdate.com/msdownload/update/software/secu/2012/03/windows6.1-kb2653956-x64_5cfdaba5a52326088faab671f21fcd807c8b8768.cab",
      "peer": "",
      "hr": "0",
      "fileTime": "2012-03-15 22:00:11+00:00",
      "fileLength": "386417",
      "bytesTotal": "386417",
      "bytesTransferred": "386417",
      "proxy": "",
      "peerProtocolFlags": "0",
      "bytesTransferredFromPeer": "0",
      "AdditionalInfoHr": "0",
      "PeerContextInfo": "0",
      "bandwidthLimit": "18446744073709551615",
      "ignoreBandwidthLimitsOnLan": "False"
    },
    "RawXml": "<Event xmlns=\"http://schemas.microsoft.com/win/2004/08/events/event\"><System><Provider Name=\"Microsoft-Windows-Bits-Client\" Guid=\"{ef1cc15b-46c1-414e-bb95-e76b077bd51e}\"></Provider>\n<EventID Qualifiers=\"\">60</EventID>\n<Version>1</Version>\n<Level>4</Level>\n<Task>0</Task>\n<Opcode>2</Opcode>\n<Keywords>0x4000000000000000</Keywords>\n<TimeCreated SystemTime=\"2014-01-25 01:38:15.690161+00:00\"></TimeCreated>\n<EventRecordID>437</EventRecordID>\n<Correlation ActivityID=\"{2b25c5ea-ad80-4879-bce2-296b41d2e282}\" RelatedActivityID=\"\"></Correlation>\n<Execution ProcessID=\"888\" ThreadID=\"2364\"></Execution>\n<Channel>Microsoft-Windows-Bits-Client/Operational</Channel>\n<Computer>IACIS-HDD-2014</Computer>\n<Security UserID=\"S-1-5-18\"></Security>\n</System>\n<EventData><Data Name=\"transferId\">{2b25c5ea-ad80-4879-bce2-296b41d2e282}</Data>\n<Data Name=\"name\">WU Client Download</Data>\n<Data Name=\"Id\">{81a15722-5ffe-49ea-a505-4db223e849ab}</Data>\n<Data Name=\"url\">http://au.download.windowsupdate.com/msdownload/update/software/secu/2012/03/windows6.1-kb2653956-x64_5cfdaba5a52326088faab671f21fcd807c8b8768.cab</Data>\n<Data Name=\"peer\"></Data>\n<Data Name=\"hr\">0</Data>\n<Data Name=\"fileTime\">2012-03-15 22:00:11+00:00</Data>\n<Data Name=\"fileLength\">386417</Data>\n<Data Name=\"bytesTotal\">386417</Data>\n<Data Name=\"bytesTransferred\">386417</Data>\n<Data Name=\"proxy\"></Data>\n<Data Name=\"peerProtocolFlags\">0</Data>\n<Data Name=\"bytesTransferredFromPeer\">0</Data>\n<Data Name=\"AdditionalInfoHr\">0</Data>\n<Data Name=\"PeerContextInfo\">0</Data>\n<Data Name=\"bandwidthLimit\">18446744073709551615</Data>\n<Data Name=\"ignoreBandwidthLimitsOnLan\">False</Data>\n</EventData>\n</Event>\n"
  },
  {
    "EventID": 3,
    "Timestamp": "2014-01-25 01:38:26.438580+00:00",
    "Computer": "IACIS-HDD-2014",
    "Channel": "Microsoft-Windows-Bits-Client/Operational",
    "Level": "Information",
    "EventData": {
      "string": "WU Client Download",
      "string2": "NT AUTHORITY\\SYSTEM",
      "string3": ""
    },
    "RawXml": "<Event xmlns=\"http://schemas.microsoft.com/win/2004/08/events/event\"><System><Provider Name=\"Microsoft-Windows-Bits-Client\" Guid=\"{ef1cc15b-46c1-414e-bb95-e76b077bd51e}\"></Provider>\n<EventID Qualifiers=\"\">3</EventID>\n<Version>0</Version>\n<Level>4</Level>\n<Task>0</Task>\n<Opcode>0</Opcode>\n<Keywords>0x4000000000000000</Keywords>\n<TimeCreated SystemTime=\"2014-01-25 01:38:26.438580+00:00\"></TimeCreated>\n<EventRecordID>438</EventRecordID>\n<Correlation ActivityID=\"\" RelatedActivityID=\"\"></Correlation>\n<Execution ProcessID=\"888\" ThreadID=\"2952\"></Execution>\n<Channel>Microsoft-Windows-Bits-Client/Operational</Channel>\n<Computer>IACIS-HDD-2014</Computer>\n<Security UserID=\"S-1-5-18\"></Security>\n</System>\n<EventData><Data Name=\"string\">WU Client Download</Data>\n<Data Name=\"string2\">NT AUTHORITY\\SYSTEM</Data>\n<Data Name=\"string3\"></Data>\n</EventData>\n</Event>\n"
  },
  {
    "EventID": 4,
    "Timestamp": "2014-01-25 01:38:26.812983+00:00",
    "Computer": "IACIS-HDD-2014",
    "Channel": "Microsoft-Windows-Bits-Client/Operational",
    "Level": "Information",
    "EventData": {
      "User": "NT AUTHORITY\\SYSTEM",
      "jobTitle": "WU Client Download",
      "jobId": "{43099500-bb81-4b77-b4ee-cda283c60286}",
      "jobOwner": "NT AUTHORITY\\SYSTEM",
      "fileCount": "1",
      "bytesTransferred": "67297",
      "bytesTransferredFromPeer": "0"
    },
    "RawXml": "<Event xmlns=\"http://schemas.microsoft.com/win/2004/08/events/event\"><System><Provider Name=\"Microsoft-Windows-Bits-Client\" Guid=\"{ef1cc15b-46c1-414e-bb95-e76b077bd51e}\"></Provider>\n<EventID Qualifiers=\"\">4</EventID>\n<Version>1</Version>\n<Level>4</Level>\n<Task>0</Task>\n<Opcode>0</Opcode>\n<Keywords>0x4000000000000000</Keywords>\n<TimeCreated SystemTime=\"2014-01-25 01:38:26.812983+00:00\"></TimeCreated>\n<EventRecordID>439</EventRecordID>\n<Correlation ActivityID=\"\" RelatedActivityID=\"\"></Correlation>\n<Execution ProcessID=\"888\" ThreadID=\"2740\"></Execution>\n<Channel>Microsoft-Windows-Bits-Client/Operational</Channel>\n<Computer>IACIS-HDD-2014</Computer>\n<Security UserID=\"S-1-5-18\"></Security>\n</System>\n<EventData><Data Name=\"User\">NT AUTHORITY\\SYSTEM</Data>\n<Data Name=\"jobTitle\">WU Client Download</Data>\n<Data Name=\"jobId\">{43099500-bb81-4b77-b4ee-cda283c60286}</Data>\n<Data Name=\"jobOwner\">NT AUTHORITY\\SYSTEM</Data>\n<Data Name=\"fileCount\">1</Data>\n<Data Name=\"bytesTransferred\">67297</Data>\n<Data Name=\"bytesTransferredFromPeer\">0</Data>\n</EventData>\n</Event>\n"
  },
  {
    "EventID": 59,
    "Timestamp": "2014-01-25 01:38:26.890982+00:00",
    "Computer": "IACIS-HDD-2014",
    "Channel": "Microsoft-Windows-Bits-Client/Operational",
    "Level": "Information",
    "EventData": {
      "transferId": "{3dd226b9-1a94-4087-a571-58bd0906d4e5}",
      "name": "WU Client Download",
      "Id": "{e5dace15-254e-4d09-9257-b3c3e1bc65e2}",
      "url": "http://au.download.windowsupdate.com/msdownload/update/software/secu/2013/05/windows6.1-kb2835364-x64-express_41e77283e2809387a5674456bc18cf976c1508e7.cab",
      "peer": "",
      "fileTime": "2013-05-22 21:34:11+00:00",
      "fileLength": "89187",
      "bytesTotal": "89187",
      "bytesTransferred": "0",
      "bytesTransferredFromPeer": "0"
    },
    "RawXml": "<Event xmlns=\"http://schemas.microsoft.com/win/2004/08/events/event\"><System><Provider Name=\"Microsoft-Windows-Bits-Client\" Guid=\"{ef1cc15b-46c1-414e-bb95-e76b077bd51e}\"></Provider>\n<EventID Qualifiers=\"\">59</EventID>\n<Version>1</Version>\n<Level>4</Level>\n<Task>0</Task>\n<Opcode>1</Opcode>\n<Keywords>0x4000000000000000</Keywords>\n<TimeCreated SystemTime=\"2014-01-25 01:38:26.890982+00:00\"></TimeCreated>\n<EventRecordID>440</EventRecordID>\n<Correlation ActivityID=\"{3dd226b9-1a94-4087-a571-58bd0906d4e5}\" RelatedActivityID=\"\"></Correlation>\n<Execution ProcessID=\"888\" ThreadID=\"2952\"></Execution>\n<Channel>Microsoft-Windows-Bits-Client/Operational</Channel>\n<Computer>IACIS-HDD-2014</Computer>\n<Security UserID=\"S-1-5-18\"></Security>\n</System>\n<EventData><Data Name=\"transferId\">{3dd226b9-1a94-4087-a571-58bd0906d4e5}</Data>\n<Data Name=\"name\">WU Client Download</Data>\n<Data Name=\"Id\">{e5dace15-254e-4d09-9257-b3c3e1bc65e2}</Data>\n<Data Name=\"url\">http://au.download.windowsupdate.com/msdownload/update/software/secu/2013/05/windows6.1-kb2835364-x64-express_41e77283e2809387a5674456bc18cf976c1508e7.cab</Data>\n<Data Name=\"peer\"></Data>\n<Data Name=\"fileTime\">2013-05-22 21:34:11+00:00</Data>\n<Data Name=\"fileLength\">89187</Data>\n<Data Name=\"bytesTotal\">89187</Data>\n<Data Name=\"bytesTransferred\">0</Data>\n<Data Name=\"bytesTransferredFromPeer\">0</Data>\n</EventData>\n</Event>\n"
  },
  {
    "EventID": 59,
    "Timestamp": "2014-01-25 01:38:26.937782+00:00",
    "Computer": "IACIS-HDD-2014",
    "Channel": "Microsoft-Windows-Bits-Client/Operational",
    "Level": "Information",
    "EventData": {
      "transferId": "{edafe8f7-32f2-481e-995a-9a6ea5261c89}",
      "name": "WU Client Download",
      "Id": "{c91927f8-0f80-4d06-ae61-dc3f039825da}",
      "url": "http://au.download.windowsupdate.com/msdownload/update/software/secu/2011/11/windows6.1-kb2584146-x64-express_57c4b075273f80dcf26edc446ded7f0c48b8e704.cab",
      "peer": "",
      "fileTime": "2011-11-22 19:12:24+00:00",
      "fileLength": "37811",
      "bytesTotal": "37811",
      "bytesTransferred": "11736",
      "bytesTransferredFromPeer": "0"
    },
    "RawXml": "<Event xmlns=\"http://schemas.microsoft.com/win/2004/08/events/event\"><System><Provider Name=\"Microsoft-Windows-Bits-Client\" Guid=\"{ef1cc15b-46c1-414e-bb95-e76b077bd51e}\"></Provider>\n<EventID Qualifiers=\"\">59</EventID>\n<Version>1</Version>\n<Level>4</Level>\n<Task>0</Task>\n<Opcode>1</Opcode>\n<Keywords>0x4000000000000000</Keywords>\n<TimeCreated SystemTime=\"2014-01-25 01:38:26.937782+00:00\"></TimeCreated>\n<EventRecordID>441</EventRecordID>\n<Correlation ActivityID=\"{edafe8f7-32f2-481e-995a-9a6ea5261c89}\" RelatedActivityID=\"\"></Correlation>\n<Execution ProcessID=\"888\" ThreadID=\"2952\"></Execution>\n<Channel>Microsoft-Windows-Bits-Client/Operational</Channel>\n<Computer>IACIS-HDD-2014</Computer>\n<Security UserID=\"S-1-5-18\"></Security>\n</System>\n<EventData><Data Name=\"transferId\">{edafe8f7-32f2-481e-995a-9a6ea5261c89}</Data>\n<Data Name=\"name\">WU Client Download</Data>\n<Data Name=\"Id\">{c91927f8-0f80-4d06-ae61-dc3f039825da}</Data>\n<Data Name=\"url\">http://au.download.windowsupdate.com/msdownload/update/software/secu/2011/11/windows6.1-kb2584146-x64-express_57c4b075273f80dcf26edc446ded7f0c48b8e704.cab</Data>\n<Data Name=\"peer\"></Data>\n<Data Name=\"fileTime\">2011-11-22 19:12:24+00:00</Data>\n<Data Name=\"fileLength\">37811</Data>\n<Data Name=\"bytesTotal\">37811</Data>\n<Data Name=\"bytesTransferred\">11736</Data>\n<Data Name=\"bytesTransferredFromPeer\">0</Data>\n</EventData>\n</Event>\n"
  },
  {
    "EventID": 3,
    "Timestamp": "2014-01-25 01:38:27.062582+00:00",
    "Computer": "IACIS-HDD-2014",
    "Channel": "Microsoft-Windows-Bits-Client/Operational",
    "Level": "Information",
    "EventData": {
      "string": "WU Client Download",
      "string2": "NT AUTHORITY\\SYSTEM",
      "string3": ""
    },
    "RawXml": "<Event xmlns=\"http://schemas.microsoft.com/win/2004/08/events/event\"><System><Provider Name=\"Microsoft-Windows-Bits-Client\" Guid=\"{ef1cc15b-46c1-414e-bb95-e76b077bd51e}\"></Provider>\n<EventID Qualifiers=\"\">3</EventID>\n<Version>0</Version>\n<Level>4</Level>\n<Task>0</Task>\n<Opcode>0</Opcode>\n<Keywords>0x4000000000000000</Keywords>\n<TimeCreated SystemTime=\"2014-01-25 01:38:27.062582+00:00\"></TimeCreated>\n<EventRecordID>442</EventRecordID>\n<Correlation ActivityID=\"\" RelatedActivityID=\"\"></Correlation>\n<Execution ProcessID=\"888\" ThreadID=\"2740\"></Execution>\n<Channel>Microsoft-Windows-Bits-Client/Operational</Channel>\n<Computer>IACIS-HDD-2014</Computer>\n<Security UserID=\"S-1-5-18\"></Security>\n</System>\n<EventData><Data Name=\"string\">WU Client Download</Data>\n<Data Name=\"string2\">NT AUTHORITY\\SYSTEM</Data>\n<Data Name=\"string3\"></Data>\n</EventData>\n</Event>\n"
  },
  {
    "EventID": 5,
    "Timestamp": "2014-01-25 01:38:27.062582+00:00",
    "Computer": "IACIS-HDD-2014",
    "Channel": "Microsoft-Windows-Bits-Client/Operational",
    "Level": "Information",
    "EventData": {
      "User": "NT AUTHORITY\\SYSTEM",
      "jobTitle": "WU Client Download",
      "jobId": "{877b036c-046a-4f58-ab9c-2dd1c02305f2}",
      "jobOwner": "NT AUTHORITY\\SYSTEM",
      "fileCount": "0"
    },
    "RawXml": "<Event xmlns=\"http://schemas.microsoft.com/win/2004/08/events/event\"><System><Provider Name=\"Microsoft-Windows-Bits-Client\" Guid=\"{ef1cc15b-46c1-414e-bb95-e76b077bd51e}\"></Provider>\n<EventID Qualifiers=\"\">5</EventID>\n<Version>0</Version>\n<Level>4</Level>\n<Task>0</Task>\n<Opcode>0</Opcode>\n<Keywords>0x4000000000000000</Keywords>\n<TimeCreated SystemTime=\"2014-01-25 01:38:27.062582+00:00\"></TimeCreated>\n<EventRecordID>443</EventRecordID>\n<Correlation ActivityID=\"\" RelatedActivityID=\"\"></Correlation>\n<Execution ProcessID=\"888\" ThreadID=\"2740\"></Execution>\n<Channel>Microsoft-Windows-Bits-Client/Operational</Channel>\n<Computer>IACIS-HDD-2014</Computer>\n<Security UserID=\"S-1-5-18\"></Security>\n</System>\n<EventData><Data Name=\"User\">NT AUTHORITY\\SYSTEM</Data>\n<Data Name=\"jobTitle\">WU Client Download</Data>\n<Data Name=\"jobId\">{877b036c-046a-4f58-ab9c-2dd1c02305f2}</Data>\n<Data Name=\"jobOwner\">NT AUTHORITY\\SYSTEM</Data>\n<Data Name=\"fileCount\">0</Data>\n</EventData>\n</Event>\n"
  },
  {
    "EventID": 60,
    "Timestamp": "2014-01-25 01:38:27.124981+00:00",
    "Computer": "IACIS-HDD-2014",
    "Channel": "Microsoft-Windows-Bits-Client/Operational",
    "Level": "Information",
    "EventData": {
      "transferId": "{3dd226b9-1a94-4087-a571-58bd0906d4e5}",
      "name": "WU Client Download",
      "Id": "{e5dace15-254e-4d09-9257-b3c3e1bc65e2}",
      "url": "http://au.download.windowsupdate.com/msdownload/update/software/secu/2013/05/windows6.1-kb2835364-x64-express_41e77283e2809387a5674456bc18cf976c1508e7.cab",
      "peer": "",
      "hr": "0",
      "fileTime": "2013-05-22 21:34:11+00:00",
      "fileLength": "89187",
      "bytesTotal": "89187",
      "bytesTransferred": "89187",
      "proxy": "",
      "peerProtocolFlags": "0",
      "bytesTransferredFromPeer": "0",
      "AdditionalInfoHr": "0",
      "PeerContextInfo": "0",
      "bandwidthLimit": "18446744073709551615",
      "ignoreBandwidthLimitsOnLan": "False"
    },
    "RawXml": "<Event xmlns=\"http://schemas.microsoft.com/win/2004/08/events/event\"><System><Provider Name=\"Microsoft-Windows-Bits-Client\" Guid=\"{ef1cc15b-46c1-414e-bb95-e76b077bd51e}\"></Provider>\n<EventID Qualifiers=\"\">60</EventID>\n<Version>1</Version>\n<Level>4</Level>\n<Task>0</Task>\n<Opcode>2</Opcode>\n<Keywords>0x4000000000000000</Keywords>\n<TimeCreated SystemTime=\"2014-01-25 01:38:27.124981+00:00\"></TimeCreated>\n<EventRecordID>444</EventRecordID>\n<Correlation ActivityID=\"{3dd226b9-1a94-4087-a571-58bd0906d4e5}\" RelatedActivityID=\"\"></Correlation>\n<Execution ProcessID=\"888\" ThreadID=\"2148\"></Execution>\n<Channel>Microsoft-Windows-Bits-Client/Operational</Channel>\n<Computer>IACIS-HDD-2014</Computer>\n<Security UserID=\"S-1-5-18\"></Security>\n</System>\n<EventData><Data Name=\"transferId\">{3dd226b9-1a94-4087-a571-58bd0906d4e5}</Data>\n<Data Name=\"name\">WU Client Download</Data>\n<Data Name=\"Id\">{e5dace15-254e-4d09-9257-b3c3e1bc65e2}</Data>\n<Data Name=\"url\">http://au.download.windowsupdate.com/msdownload/update/software/secu/2013/05/windows6.1-kb2835364-x64-express_41e77283e2809387a5674456bc18cf976c1508e7.cab</Data>\n<Data Name=\"peer\"></Data>\n<Data Name=\"hr\">0</Data>\n<Data Name=\"fileTime\">2013-05-22 21:34:11+00:00</Data>\n<Data Name=\"fileLength\">89187</Data>\n<Data Name=\"bytesTotal\">89187</Data>\n<Data Name=\"bytesTransferred\">89187</Data>\n<Data Name=\"proxy\"></Data>\n<Data Name=\"peerProtocolFlags\">0</Data>\n<Data Name=\"bytesTransferredFromPeer\">0</Data>\n<Data Name=\"AdditionalInfoHr\">0</Data>\n<Data Name=\"PeerContextInfo\">0</Data>\n<Data Name=\"bandwidthLimit\">18446744073709551615</Data>\n<Data Name=\"ignoreBandwidthLimitsOnLan\">False</Data>\n</EventData>\n</Event>\n"
  },
  {
    "EventID": 60,
    "Timestamp": "2014-01-25 01:38:27.156181+00:00",
    "Computer": "IACIS-HDD-2014",
    "Channel": "Microsoft-Windows-Bits-Client/Operational",
    "Level": "Information",
    "EventData": {
      "transferId": "{edafe8f7-32f2-481e-995a-9a6ea5261c89}",
      "name": "WU Client Download",
      "Id": "{c91927f8-0f80-4d06-ae61-dc3f039825da}",
      "url": "http://au.download.windowsupdate.com/msdownload/update/software/secu/2011/11/windows6.1-kb2584146-x64-express_57c4b075273f80dcf26edc446ded7f0c48b8e704.cab",
      "peer": "",
      "hr": "0",
      "fileTime": "2011-11-22 19:12:24+00:00",
      "fileLength": "37811",
      "bytesTotal": "37811",
      "bytesTransferred": "37811",
      "proxy": "",
      "peerProtocolFlags": "0",
      "bytesTransferredFromPeer": "0",
      "AdditionalInfoHr": "0",
      "PeerContextInfo": "0",
      "bandwidthLimit": "18446744073709551615",
      "ignoreBandwidthLimitsOnLan": "False"
    },
    "RawXml": "<Event xmlns=\"http://schemas.microsoft.com/win/2004/08/events/event\"><System><Provider Name=\"Microsoft-Windows-Bits-Client\" Guid=\"{ef1cc15b-46c1-414e-bb95-e76b077bd51e}\"></Provider>\n<EventID Qualifiers=\"\">60</EventID>\n<Version>1</Version>\n<Level>4</Level>\n<Task>0</Task>\n<Opcode>2</Opcode>\n<Keywords>0x4000000000000000</Keywords>\n<TimeCreated SystemTime=\"2014-01-25 01:38:27.156181+00:00\"></TimeCreated>\n<EventRecordID>445</EventRecordID>\n<Correlation ActivityID=\"{edafe8f7-32f2-481e-995a-9a6ea5261c89}\" RelatedActivityID=\"\"></Correlation>\n<Execution ProcessID=\"888\" ThreadID=\"2872\"></Execution>\n<Channel>Microsoft-Windows-Bits-Client/Operational</Channel>\n<Computer>IACIS-HDD-2014</Computer>\n<Security UserID=\"S-1-5-18\"></Security>\n</System>\n<EventData><Data Name=\"transferId\">{edafe8f7-32f2-481e-995a-9a6ea5261c89}</Data>\n<Data Name=\"name\">WU Client Download</Data>\n<Data Name=\"Id\">{c91927f8-0f80-4d06-ae61-dc3f039825da}</Data>\n<Data Name=\"url\">http://au.download.windowsupdate.com/msdownload/update/software/secu/2011/11/windows6.1-kb2584146-x64-express_57c4b075273f80dcf26edc446ded7f0c48b8e704.cab</Data>\n<Data Name=\"peer\"></Data>\n<Data Name=\"hr\">0</Data>\n<Data Name=\"fileTime\">2011-11-22 19:12:24+00:00</Data>\n<Data Name=\"fileLength\">37811</Data>\n<Data Name=\"bytesTotal\">37811</Data>\n<Data Name=\"bytesTransferred\">37811</Data>\n<Data Name=\"proxy\"></Data>\n<Data Name=\"peerProtocolFlags\">0</Data>\n<Data Name=\"bytesTransferredFromPeer\">0</Data>\n<Data Name=\"AdditionalInfoHr\">0</Data>\n<Data Name=\"PeerContextInfo\">0</Data>\n<Data Name=\"bandwidthLimit\">18446744073709551615</Data>\n<Data Name=\"ignoreBandwidthLimitsOnLan\">False</Data>\n</EventData>\n</Event>\n"
  },
  {
    "EventID": 59,
    "Timestamp": "2014-01-25 01:38:30.666187+00:00",
    "Computer": "IACIS-HDD-2014",
    "Channel": "Microsoft-Windows-Bits-Client/Operational",
    "Level": "Information",
    "EventData": {
      "transferId": "{064c2cad-c274-49bd-9951-f7cd27417e07}",
      "name": "WU Client Download",
      "Id": "{71667169-ae32-4f91-b480-3cf77aac298b}",
      "url": "http://au.download.windowsupdate.com/msdownload/update/software/crup/2010/02/windows6.1-kb971033-x64_84f1af5d69e72730d8e0bc57fa4dd20b74ae3018.cab",
      "peer": "",
      "fileTime": "2010-02-17 19:03:32+00:00",
      "fileLength": "1247689",
      "bytesTotal": "1247689",
      "bytesTransferred": "0",
      "bytesTransferredFromPeer": "0"
    },
    "RawXml": "<Event xmlns=\"http://schemas.microsoft.com/win/2004/08/events/event\"><System><Provider Name=\"Microsoft-Windows-Bits-Client\" Guid=\"{ef1cc15b-46c1-414e-bb95-e76b077bd51e}\"></Provider>\n<EventID Qualifiers=\"\">59</EventID>\n<Version>1</Version>\n<Level>4</Level>\n<Task>0</Task>\n<Opcode>1</Opcode>\n<Keywords>0x4000000000000000</Keywords>\n<TimeCreated SystemTime=\"2014-01-25 01:38:30.666187+00:00\"></TimeCreated>\n<EventRecordID>446</EventRecordID>\n<Correlation ActivityID=\"{064c2cad-c274-49bd-9951-f7cd27417e07}\" RelatedActivityID=\"\"></Correlation>\n<Execution ProcessID=\"888\" ThreadID=\"2952\"></Execution>\n<Channel>Microsoft-Windows-Bits-Client/Operational</Channel>\n<Computer>IACIS-HDD-2014</Computer>\n<Security UserID=\"S-1-5-18\"></Security>\n</System>\n<EventData><Data Name=\"transferId\">{064c2cad-c274-49bd-9951-f7cd27417e07}</Data>\n<Data Name=\"name\">WU Client Download</Data>\n<Data Name=\"Id\">{71667169-ae32-4f91-b480-3cf77aac298b}</Data>\n<Data Name=\"url\">http://au.download.windowsupdate.com/msdownload/update/software/crup/2010/02/windows6.1-kb971033-x64_84f1af5d69e72730d8e0bc57fa4dd20b74ae3018.cab</Data>\n<Data Name=\"peer\"></Data>\n<Data Name=\"fileTime\">2010-02-17 19:03:32+00:00</Data>\n<Data Name=\"fileLength\">1247689</Data>\n<Data Name=\"bytesTotal\">1247689</Data>\n<Data Name=\"bytesTransferred\">0</Data>\n<Data Name=\"bytesTransferredFromPeer\">0</Data>\n</EventData>\n</Event>\n"
  },
  {
    "EventID": 59,
    "Timestamp": "2014-01-25 01:38:30.681787+00:00",
    "Computer": "IACIS-HDD-2014",
    "Channel": "Microsoft-Windows-Bits-Client/Operational",
    "Level": "Information",
    "EventData": {
      "transferId": "{cf96d7f3-d3a6-44d3-9fe3-5c3ecacd481d}",
      "name": "WU Client Download",
      "Id": "{e5ce664e-4de8-479a-867f-78f53447aa89}",
      "url": "http://au.download.windowsupdate.com/msdownload/update/software/crup/2011/06/windows6.1-kb2552343-x64-express_96351042efe2fe68a465d0b2d5ff5dadd812b4fb.cab",
      "peer": "",
      "fileTime": "2011-06-23 00:26:47+00:00",
      "fileLength": "65061",
      "bytesTotal": "65061",
      "bytesTransferred": "0",
      "bytesTransferredFromPeer": "0"
    },
    "RawXml": "<Event xmlns=\"http://schemas.microsoft.com/win/2004/08/events/event\"><System><Provider Name=\"Microsoft-Windows-Bits-Client\" Guid=\"{ef1cc15b-46c1-414e-bb95-e76b077bd51e}\"></Provider>\n<EventID Qualifiers=\"\">59</EventID>\n<Version>1</Version>\n<Level>4</Level>\n<Task>0</Task>\n<Opcode>1</Opcode>\n<Keywords>0x4000000000000000</Keywords>\n<TimeCreated SystemTime=\"2014-01-25 01:38:30.681787+00:00\"></TimeCreated>\n<EventRecordID>447</EventRecordID>\n<Correlation ActivityID=\"{cf96d7f3-d3a6-44d3-9fe3-5c3ecacd481d}\" RelatedActivityID=\"\"></Correlation>\n<Execution ProcessID=\"888\" ThreadID=\"2952\"></Execution>\n<Channel>Microsoft-Windows-Bits-Client/Operational</Channel>\n<Computer>IACIS-HDD-2014</Computer>\n<Security UserID=\"S-1-5-18\"></Security>\n</System>\n<EventData><Data Name=\"transferId\">{cf96d7f3-d3a6-44d3-9fe3-5c3ecacd481d}</Data>\n<Data Name=\"name\">WU Client Download</Data>\n<Data Name=\"Id\">{e5ce664e-4de8-479a-867f-78f53447aa89}</Data>\n<Data Name=\"url\">http://au.download.windowsupdate.com/msdownload/update/software/crup/2011/06/windows6.1-kb2552343-x64-express_96351042efe2fe68a465d0b2d5ff5dadd812b4fb.cab</Data>\n<Data Name=\"peer\"></Data>\n<Data Name=\"fileTime\">2011-06-23 00:26:47+00:00</Data>\n<Data Name=\"fileLength\">65061</Data>\n<Data Name=\"bytesTotal\">65061</Data>\n<Data Name=\"bytesTransferred\">0</Data>\n<Data Name=\"bytesTransferredFromPeer\">0</Data>\n</EventData>\n</Event>\n"
  },
  {
    "EventID": 59,
    "Timestamp": "2014-01-25 01:38:30.697388+00:00",
    "Computer": "IACIS-HDD-2014",
    "Channel": "Microsoft-Windows-Bits-Client/Operational",
    "Level": "Information",
    "EventData": {
      "transferId": "{5e143bba-40e4-4c00-a128-da5f1fd9d079}",
      "name": "WU Client Download",
      "Id": "{7ff0e88a-4b57-4a02-888d-cac6fff4a4ee}",
      "url": "http://au.download.windowsupdate.com/msdownload/update/software/secu/2013/11/windows6.1-kb2898785-x64-express_80ddb65a35ef961972aa4803b3a5c91a7dae3c61.cab",
      "peer": "",
      "fileTime": "2013-11-20 20:57:56+00:00",
      "fileLength": "691363",
      "bytesTotal": "691363",
      "bytesTransferred": "0",
      "bytesTransferredFromPeer": "0"
    },
    "RawXml": "<Event xmlns=\"http://schemas.microsoft.com/win/2004/08/events/event\"><System><Provider Name=\"Microsoft-Windows-Bits-Client\" Guid=\"{ef1cc15b-46c1-414e-bb95-e76b077bd51e}\"></Provider>\n<EventID Qualifiers=\"\">59</EventID>\n<Version>1</Version>\n<Level>4</Level>\n<Task>0</Task>\n<Opcode>1</Opcode>\n<Keywords>0x4000000000000000</Keywords>\n<TimeCreated SystemTime=\"2014-01-25 01:38:30.697388+00:00\"></TimeCreated>\n<EventRecordID>448</EventRecordID>\n<Correlation ActivityID=\"{5e143bba-40e4-4c00-a128-da5f1fd9d079}\" RelatedActivityID=\"\"></Correlation>\n<Execution ProcessID=\"888\" ThreadID=\"2952\"></Execution>\n<Channel>Microsoft-Windows-Bits-Client/Operational</Channel>\n<Computer>IACIS-HDD-2014</Computer>\n<Security UserID=\"S-1-5-18\"></Security>\n</System>\n<EventData><Data Name=\"transferId\">{5e143bba-40e4-4c00-a128-da5f1fd9d079}</Data>\n<Data Name=\"name\">WU Client Download</Data>\n<Data Name=\"Id\">{7ff0e88a-4b57-4a02-888d-cac6fff4a4ee}</Data>\n<Data Name=\"url\">http://au.download.windowsupdate.com/msdownload/update/software/secu/2013/11/windows6.1-kb2898785-x64-express_80ddb65a35ef961972aa4803b3a5c91a7dae3c61.cab</Data>\n<Data Name=\"peer\"></Data>\n<Data Name=\"fileTime\">2013-11-20 20:57:56+00:00</Data>\n<Data Name=\"fileLength\">691363</Data>\n<Data Name=\"bytesTotal\">691363</Data>\n<Data Name=\"bytesTransferred\">0</Data>\n<Data Name=\"bytesTransferredFromPeer\">0</Data>\n</EventData>\n</Event>\n"
  },
  {
    "EventID": 59,
    "Timestamp": "2014-01-25 01:38:30.712988+00:00",
    "Computer": "IACIS-HDD-2014",
    "Channel": "Microsoft-Windows-Bits-Client/Operational",
    "Level": "Information",
    "EventData": {
      "transferId": "{3ae133c5-c152-442f-bd3e-665a85f6d0d2}",
      "name": "WU Client Download",
      "Id": "{87a0c0e2-b4fd-400c-9217-838e3a9ae955}",
      "url": "http://au.download.windowsupdate.com/msdownload/update/software/crup/2013/01/windows6.1-kb2786081-x64-express_a41f40aa2e2a091e158b70ea096a247460aacece.cab",
      "peer": "",
      "fileTime": "2013-01-01 04:06:08+00:00",
      "fileLength": "32835",
      "bytesTotal": "32835",
      "bytesTransferred": "0",
      "bytesTransferredFromPeer": "0"
    },
    "RawXml": "<Event xmlns=\"http://schemas.microsoft.com/win/2004/08/events/event\"><System><Provider Name=\"Microsoft-Windows-Bits-Client\" Guid=\"{ef1cc15b-46c1-414e-bb95-e76b077bd51e}\"></Provider>\n<EventID Qualifiers=\"\">59</EventID>\n<Version>1</Version>\n<Level>4</Level>\n<Task>0</Task>\n<Opcode>1</Opcode>\n<Keywords>0x4000000000000000</Keywords>\n<TimeCreated SystemTime=\"2014-01-25 01:38:30.712988+00:00\"></TimeCreated>\n<EventRecordID>449</EventRecordID>\n<Correlation ActivityID=\"{3ae133c5-c152-442f-bd3e-665a85f6d0d2}\" RelatedActivityID=\"\"></Correlation>\n<Execution ProcessID=\"888\" ThreadID=\"2952\"></Execution>\n<Channel>Microsoft-Windows-Bits-Client/Operational</Channel>\n<Computer>IACIS-HDD-2014</Computer>\n<Security UserID=\"S-1-5-18\"></Security>\n</System>\n<EventData><Data Name=\"transferId\">{3ae133c5-c152-442f-bd3e-665a85f6d0d2}</Data>\n<Data Name=\"name\">WU Client Download</Data>\n<Data Name=\"Id\">{87a0c0e2-b4fd-400c-9217-838e3a9ae955}</Data>\n<Data Name=\"url\">http://au.download.windowsupdate.com/msdownload/update/software/crup/2013/01/windows6.1-kb2786081-x64-express_a41f40aa2e2a091e158b70ea096a247460aacece.cab</Data>\n<Data Name=\"peer\"></Data>\n<Data Name=\"fileTime\">2013-01-01 04:06:08+00:00</Data>\n<Data Name=\"fileLength\">32835</Data>\n<Data Name=\"bytesTotal\">32835</Data>\n<Data Name=\"bytesTransferred\">0</Data>\n<Data Name=\"bytesTransferredFromPeer\">0</Data>\n</EventData>\n</Event>\n"
  },
  {
    "EventID": 59,
    "Timestamp": "2014-01-25 01:38:30.728588+00:00",
    "Computer": "IACIS-HDD-2014",
    "Channel": "Microsoft-Windows-Bits-Client/Operational",
    "Level": "Information",
    "EventData": {
      "transferId": "{975e1719-3190-44b9-aa45-cd463560e6f4}",
      "name": "WU Client Download",
      "Id": "{dc20e066-bf95-4e4a-9d7b-1bb7cc523dc5}",
      "url": "http://au.download.windowsupdate.com/msdownload/update/software/secu/2013/10/windows6.1-kb2876331-x64-express_82cf7c4fe32be44c74da0c54cccbab762573bfd2.cab",
      "peer": "",
      "fileTime": "2013-10-22 20:40:36+00:00",
      "fileLength": "50563",
      "bytesTotal": "50563",
      "bytesTransferred": "0",
      "bytesTransferredFromPeer": "0"
    },
    "RawXml": "<Event xmlns=\"http://schemas.microsoft.com/win/2004/08/events/event\"><System><Provider Name=\"Microsoft-Windows-Bits-Client\" Guid=\"{ef1cc15b-46c1-414e-bb95-e76b077bd51e}\"></Provider>\n<EventID Qualifiers=\"\">59</EventID>\n<Version>1</Version>\n<Level>4</Level>\n<Task>0</Task>\n<Opcode>1</Opcode>\n<Keywords>0x4000000000000000</Keywords>\n<TimeCreated SystemTime=\"2014-01-25 01:38:30.728588+00:00\"></TimeCreated>\n<EventRecordID>450</EventRecordID>\n<Correlation ActivityID=\"{975e1719-3190-44b9-aa45-cd463560e6f4}\" RelatedActivityID=\"\"></Correlation>\n<Execution ProcessID=\"888\" ThreadID=\"2952\"></Execution>\n<Channel>Microsoft-Windows-Bits-Client/Operational</Channel>\n<Computer>IACIS-HDD-2014</Computer>\n<Security UserID=\"S-1-5-18\"></Security>\n</System>\n<EventData><Data Name=\"transferId\">{975e1719-3190-44b9-aa45-cd463560e6f4}</Data>\n<Data Name=\"name\">WU Client Download</Data>\n<Data Name=\"Id\">{dc20e066-bf95-4e4a-9d7b-1bb7cc523dc5}</Data>\n<Data Name=\"url\">http://au.download.windowsupdate.com/msdownload/update/software/secu/2013/10/windows6.1-kb2876331-x64-express_82cf7c4fe32be44c74da0c54cccbab762573bfd2.cab</Data>\n<Data Name=\"peer\"></Data>\n<Data Name=\"fileTime\">2013-10-22 20:40:36+00:00</Data>\n<Data Name=\"fileLength\">50563</Data>\n<Data Name=\"bytesTotal\">50563</Data>\n<Data Name=\"bytesTransferred\">0</Data>\n<Data Name=\"bytesTransferredFromPeer\">0</Data>\n</EventData>\n</Event>\n"
  },
  {
    "EventID": 59,
    "Timestamp": "2014-01-25 01:38:30.744188+00:00",
    "Computer": "IACIS-HDD-2014",
    "Channel": "Microsoft-Windows-Bits-Client/Operational",
    "Level": "Information",
    "EventData": {
      "transferId": "{8f67b29e-3e08-4ad9-a221-9839fed87ffd}",
      "name": "WU Client Download",
      "Id": "{4b3f5281-fe24-4b52-b9b0-d0b1e906c366}",
      "url": "http://au.download.windowsupdate.com/msdownload/update/software/secu/2013/05/windows6.1-kb2839894-x64-express_144c0c18c0862df33aac7e11d92607e2fbc028dd.cab",
      "peer": "",
      "fileTime": "2013-05-22 04:44:59+00:00",
      "fileLength": "43039",
      "bytesTotal": "43039",
      "bytesTransferred": "0",
      "bytesTransferredFromPeer": "0"
    },
    "RawXml": "<Event xmlns=\"http://schemas.microsoft.com/win/2004/08/events/event\"><System><Provider Name=\"Microsoft-Windows-Bits-Client\" Guid=\"{ef1cc15b-46c1-414e-bb95-e76b077bd51e}\"></Provider>\n<EventID Qualifiers=\"\">59</EventID>\n<Version>1</Version>\n<Level>4</Level>\n<Task>0</Task>\n<Opcode>1</Opcode>\n<Keywords>0x4000000000000000</Keywords>\n<TimeCreated SystemTime=\"2014-01-25 01:38:30.744188+00:00\"></TimeCreated>\n<EventRecordID>451</EventRecordID>\n<Correlation ActivityID=\"{8f67b29e-3e08-4ad9-a221-9839fed87ffd}\" RelatedActivityID=\"\"></Correlation>\n<Execution ProcessID=\"888\" ThreadID=\"2952\"></Execution>\n<Channel>Microsoft-Windows-Bits-Client/Operational</Channel>\n<Computer>IACIS-HDD-2014</Computer>\n<Security UserID=\"S-1-5-18\"></Security>\n</System>\n<EventData><Data Name=\"transferId\">{8f67b29e-3e08-4ad9-a221-9839fed87ffd}</Data>\n<Data Name=\"name\">WU Client Download</Data>\n<Data Name=\"Id\">{4b3f5281-fe24-4b52-b9b0-d0b1e906c366}</Data>\n<Data Name=\"url\">http://au.download.windowsupdate.com/msdownload/update/software/secu/2013/05/windows6.1-kb2839894-x64-express_144c0c18c0862df33aac7e11d92607e2fbc028dd.cab</Data>\n<Data Name=\"peer\"></Data>\n<Data Name=\"fileTime\">2013-05-22 04:44:59+00:00</Data>\n<Data Name=\"fileLength\">43039</Data>\n<Data Name=\"bytesTotal\">43039</Data>\n<Data Name=\"bytesTransferred\">0</Data>\n<Data Name=\"bytesTransferredFromPeer\">0</Data>\n</EventData>\n</Event>\n"
  },
  {
    "EventID": 59,
    "Timestamp": "2014-01-25 01:38:30.759789+00:00",
    "Computer": "IACIS-HDD-2014",
    "Channel": "Microsoft-Windows-Bits-Client/Operational",
    "Level": "Information",
    "EventData": {
      "transferId": "{41a83118-a31c-4055-a8da-b5d873dfa42e}",
      "name": "WU Client Download",
      "Id": "{fda8367b-d789-48ec-8a49-8dbcb2da147e}",
      "url": "http://au.download.windowsupdate.com/msdownload/update/software/secu/2013/08/windows6.1-kb2861698-x64-express_7afe4ad25ace68548a18535b50f1d729f724aaf9.cab",
      "peer": "",
      "fileTime": "2013-08-20 07:37:37+00:00",
      "fileLength": "54553",
      "bytesTotal": "54553",
      "bytesTransferred": "0",
      "bytesTransferredFromPeer": "0"
    },
    "RawXml": "<Event xmlns=\"http://schemas.microsoft.com/win/2004/08/events/event\"><System><Provider Name=\"Microsoft-Windows-Bits-Client\" Guid=\"{ef1cc15b-46c1-414e-bb95-e76b077bd51e}\"></Provider>\n<EventID Qualifiers=\"\">59</EventID>\n<Version>1</Version>\n<Level>4</Level>\n<Task>0</Task>\n<Opcode>1</Opcode>\n<Keywords>0x4000000000000000</Keywords>\n<TimeCreated SystemTime=\"2014-01-25 01:38:30.759789+00:00\"></TimeCreated>\n<EventRecordID>452</EventRecordID>\n<Correlation ActivityID=\"{41a83118-a31c-4055-a8da-b5d873dfa42e}\" RelatedActivityID=\"\"></Correlation>\n<Execution ProcessID=\"888\" ThreadID=\"2952\"></Execution>\n<Channel>Microsoft-Windows-Bits-Client/Operational</Channel>\n<Computer>IACIS-HDD-2014</Computer>\n<Security UserID=\"S-1-5-18\"></Security>\n</System>\n<EventData><Data Name=\"transferId\">{41a83118-a31c-4055-a8da-b5d873dfa42e}</Data>\n<Data Name=\"name\">WU Client Download</Data>\n<Data Name=\"Id\">{fda8367b-d789-48ec-8a49-8dbcb2da147e}</Data>\n<Data Name=\"url\">http://au.download.windowsupdate.com/msdownload/update/software/secu/2013/08/windows6.1-kb2861698-x64-express_7afe4ad25ace68548a18535b50f1d729f724aaf9.cab</Data>\n<Data Name=\"peer\"></Data>\n<Data Name=\"fileTime\">2013-08-20 07:37:37+00:00</Data>\n<Data Name=\"fileLength\">54553</Data>\n<Data Name=\"bytesTotal\">54553</Data>\n<Data Name=\"bytesTransferred\">0</Data>\n<Data Name=\"bytesTransferredFromPeer\">0</Data>\n</EventData>\n</Event>\n"
  },
  {
    "EventID": 59,
    "Timestamp": "2014-01-25 01:38:30.775389+00:00",
    "Computer": "IACIS-HDD-2014",
    "Channel": "Microsoft-Windows-Bits-Client/Operational",
    "Level": "Information",
    "EventData": {
      "transferId": "{5b4eec3b-0801-4719-8399-510c17ce102d}",
      "name": "WU Client Download",
      "Id": "{88a099c1-6666-40d9-8eac-7743261d5b5f}",
      "url": "http://au.download.windowsupdate.com/msdownload/update/software/crup/2013/08/windows6.1-kb2868116-x64-express_40cac2c2eecd92294efa5e70a883a98ee4024f37.cab",
      "peer": "",
      "fileTime": "2013-08-29 06:45:53+00:00",
      "fileLength": "648823",
      "bytesTotal": "648823",
      "bytesTransferred": "0",
      "bytesTransferredFromPeer": "0"
    },
    "RawXml": "<Event xmlns=\"http://schemas.microsoft.com/win/2004/08/events/event\"><System><Provider Name=\"Microsoft-Windows-Bits-Client\" Guid=\"{ef1cc15b-46c1-414e-bb95-e76b077bd51e}\"></Provider>\n<EventID Qualifiers=\"\">59</EventID>\n<Version>1</Version>\n<Level>4</Level>\n<Task>0</Task>\n<Opcode>1</Opcode>\n<Keywords>0x4000000000000000</Keywords>\n<TimeCreated SystemTime=\"2014-01-25 01:38:30.775389+00:00\"></TimeCreated>\n<EventRecordID>453</EventRecordID>\n<Correlation ActivityID=\"{5b4eec3b-0801-4719-8399-510c17ce102d}\" RelatedActivityID=\"\"></Correlation>\n<Execution ProcessID=\"888\" ThreadID=\"2952\"></Execution>\n<Channel>Microsoft-Windows-Bits-Client/Operational</Channel>\n<Computer>IACIS-HDD-2014</Computer>\n<Security UserID=\"S-1-5-18\"></Security>\n</System>\n<EventData><Data Name=\"transferId\">{5b4eec3b-0801-4719-8399-510c17ce102d}</Data>\n<Data Name=\"name\">WU Client Download</Data>\n<Data Name=\"Id\">{88a099c1-6666-40d9-8eac-7743261d5b5f}</Data>\n<Data Name=\"url\">http://au.download.windowsupdate.com/msdownload/update/software/crup/2013/08/windows6.1-kb2868116-x64-express_40cac2c2eecd92294efa5e70a883a98ee4024f37.cab</Data>\n<Data Name=\"peer\"></Data>\n<Data Name=\"fileTime\">2013-08-29 06:45:53+00:00</Data>\n<Data Name=\"fileLength\">648823</Data>\n<Data Name=\"bytesTotal\">648823</Data>\n<Data Name=\"bytesTransferred\">0</Data>\n<Data Name=\"bytesTransferredFromPeer\">0</Data>\n</EventData>\n</Event>\n"
  },
  {
    "EventID": 59,
    "Timestamp": "2014-01-25 01:38:30.790989+00:00",
    "Computer": "IACIS-HDD-2014",
    "Channel": "Microsoft-Windows-Bits-Client/Operational",
    "Level": "Information",
    "EventData": {
      "transferId": "{efe0f0c4-03a2-42aa-be4e-7083ffccd7f7}",
      "name": "WU Client Download",
      "Id": "{238dbec7-a6af-4a51-b581-944b0cc0dfda}",
      "url": "http://au.download.windowsupdate.com/msdownload/update/software/crup/2011/03/windows6.1-kb2506014-x64-express_4d817fb78e5f10018885dfb358fe2648d7dde188.cab",
      "peer": "",
      "fileTime": "2011-03-16 01:08:32+00:00",
      "fileLength": "79053",
      "bytesTotal": "79053",
      "bytesTransferred": "0",
      "bytesTransferredFromPeer": "0"
    },
    "RawXml": "<Event xmlns=\"http://schemas.microsoft.com/win/2004/08/events/event\"><System><Provider Name=\"Microsoft-Windows-Bits-Client\" Guid=\"{ef1cc15b-46c1-414e-bb95-e76b077bd51e}\"></Provider>\n<EventID Qualifiers=\"\">59</EventID>\n<Version>1</Version>\n<Level>4</Level>\n<Task>0</Task>\n<Opcode>1</Opcode>\n<Keywords>0x4000000000000000</Keywords>\n<TimeCreated SystemTime=\"2014-01-25 01:38:30.790989+00:00\"></TimeCreated>\n<EventRecordID>454</EventRecordID>\n<Correlation ActivityID=\"{efe0f0c4-03a2-42aa-be4e-7083ffccd7f7}\" RelatedActivityID=\"\"></Correlation>\n<Execution ProcessID=\"888\" ThreadID=\"2952\"></Execution>\n<Channel>Microsoft-Windows-Bits-Client/Operational</Channel>\n<Computer>IACIS-HDD-2014</Computer>\n<Security UserID=\"S-1-5-18\"></Security>\n</System>\n<EventData><Data Name=\"transferId\">{efe0f0c4-03a2-42aa-be4e-7083ffccd7f7}</Data>\n<Data Name=\"name\">WU Client Download</Data>\n<Data Name=\"Id\">{238dbec7-a6af-4a51-b581-944b0cc0dfda}</Data>\n<Data Name=\"url\">http://au.download.windowsupdate.com/msdownload/update/software/crup/2011/03/windows6.1-kb2506014-x64-express_4d817fb78e5f10018885dfb358fe2648d7dde188.cab</Data>\n<Data Name=\"peer\"></Data>\n<Data Name=\"fileTime\">2011-03-16 01:08:32+00:00</Data>\n<Data Name=\"fileLength\">79053</Data>\n<Data Name=\"bytesTotal\">79053</Data>\n<Data Name=\"bytesTransferred\">0</Data>\n<Data Name=\"bytesTransferredFromPeer\">0</Data>\n</EventData>\n</Event>\n"
  },
  {
    "EventID": 59,
    "Timestamp": "2014-01-25 01:38:30.806589+00:00",
    "Computer": "IACIS-HDD-2014",
    "Channel": "Microsoft-Windows-Bits-Client/Operational",
    "Level": "Information",
    "EventData": {
      "transferId": "{3d024797-e29b-4dd9-a573-9faf8f38c44a}",
      "name": "WU Client Download",
      "Id": "{d58f298a-b857-4b38-bfbc-3bc4b053ed51}",
      "url": "http://au.download.windowsupdate.com/msdownload/update/software/secu/2012/10/windows6.1-kb2727528-x64-express_360dc786046d1425fa104c409c121cac4d9615fc.cab",
      "peer": "",
      "fileTime": "2012-10-24 20:47:32+00:00",
      "fileLength": "45173",
      "bytesTotal": "45173",
      "bytesTransferred": "0",
      "bytesTransferredFromPeer": "0"
    },
    "RawXml": "<Event xmlns=\"http://schemas.microsoft.com/win/2004/08/events/event\"><System><Provider Name=\"Microsoft-Windows-Bits-Client\" Guid=\"{ef1cc15b-46c1-414e-bb95-e76b077bd51e}\"></Provider>\n<EventID Qualifiers=\"\">59</EventID>\n<Version>1</Version>\n<Level>4</Level>\n<Task>0</Task>\n<Opcode>1</Opcode>\n<Keywords>0x4000000000000000</Keywords>\n<TimeCreated SystemTime=\"2014-01-25 01:38:30.806589+00:00\"></TimeCreated>\n<EventRecordID>455</EventRecordID>\n<Correlation ActivityID=\"{3d024797-e29b-4dd9-a573-9faf8f38c44a}\" RelatedActivityID=\"\"></Correlation>\n<Execution ProcessID=\"888\" ThreadID=\"2952\"></Execution>\n<Channel>Microsoft-Windows-Bits-Client/Operational</Channel>\n<Computer>IACIS-HDD-2014</Computer>\n<Security UserID=\"S-1-5-18\"></Security>\n</System>\n<EventData><Data Name=\"transferId\">{3d024797-e29b-4dd9-a573-9faf8f38c44a}</Data>\n<Data Name=\"name\">WU Client Download</Data>\n<Data Name=\"Id\">{d58f298a-b857-4b38-bfbc-3bc4b053ed51}</Data>\n<Data Name=\"url\">http://au.download.windowsupdate.com/msdownload/update/software/secu/2012/10/windows6.1-kb2727528-x64-express_360dc786046d1425fa104c409c121cac4d9615fc.cab</Data>\n<Data Name=\"peer\"></Data>\n<Data Name=\"fileTime\">2012-10-24 20:47:32+00:00</Data>\n<Data Name=\"fileLength\">45173</Data>\n<Data Name=\"bytesTotal\">45173</Data>\n<Data Name=\"bytesTransferred\">0</Data>\n<Data Name=\"bytesTransferredFromPeer\">0</Data>\n</EventData>\n</Event>\n"
  },
  {
    "EventID": 59,
    "Timestamp": "2014-01-25 01:38:30.822187+00:00",
    "Computer": "IACIS-HDD-2014",
    "Channel": "Microsoft-Windows-Bits-Client/Operational",
    "Level": "Information",
    "EventData": {
      "transferId": "{833e2a82-23a9-45c1-a730-a7f6a1998cc1}",
      "name": "WU Client Download",
      "Id": "{db7fdc4a-29b1-4e03-9c88-d31cd24bb354}",
      "url": "http://au.download.windowsupdate.com/msdownload/update/software/secu/2012/08/windows6.1-kb2706045-x64-express_05d91ac0051f076a43a428b87a3478a76f18a721.cab",
      "peer": "",
      "fileTime": "2012-08-02 04:56:17+00:00",
      "fileLength": "82065",
      "bytesTotal": "82065",
      "bytesTransferred": "0",
      "bytesTransferredFromPeer": "0"
    },
    "RawXml": "<Event xmlns=\"http://schemas.microsoft.com/win/2004/08/events/event\"><System><Provider Name=\"Microsoft-Windows-Bits-Client\" Guid=\"{ef1cc15b-46c1-414e-bb95-e76b077bd51e}\"></Provider>\n<EventID Qualifiers=\"\">59</EventID>\n<Version>1</Version>\n<Level>4</Level>\n<Task>0</Task>\n<Opcode>1</Opcode>\n<Keywords>0x4000000000000000</Keywords>\n<TimeCreated SystemTime=\"2014-01-25 01:38:30.822187+00:00\"></TimeCreated>\n<EventRecordID>456</EventRecordID>\n<Correlation ActivityID=\"{833e2a82-23a9-45c1-a730-a7f6a1998cc1}\" RelatedActivityID=\"\"></Correlation>\n<Execution ProcessID=\"888\" ThreadID=\"2952\"></Execution>\n<Channel>Microsoft-Windows-Bits-Client/Operational</Channel>\n<Computer>IACIS-HDD-2014</Computer>\n<Security UserID=\"S-1-5-18\"></Security>\n</System>\n<EventData><Data Name=\"transferId\">{833e2a82-23a9-45c1-a730-a7f6a1998cc1}</Data>\n<Data Name=\"name\">WU Client Download</Data>\n<Data Name=\"Id\">{db7fdc4a-29b1-4e03-9c88-d31cd24bb354}</Data>\n<Data Name=\"url\">http://au.download.windowsupdate.com/msdownload/update/software/secu/2012/08/windows6.1-kb2706045-x64-express_05d91ac0051f076a43a428b87a3478a76f18a721.cab</Data>\n<Data Name=\"peer\"></Data>\n<Data Name=\"fileTime\">2012-08-02 04:56:17+00:00</Data>\n<Data Name=\"fileLength\">82065</Data>\n<Data Name=\"bytesTotal\">82065</Data>\n<Data Name=\"bytesTransferred\">0</Data>\n<Data Name=\"bytesTransferredFromPeer\">0</Data>\n</EventData>\n</Event>\n"
  },
  {
    "EventID": 59,
    "Timestamp": "2014-01-25 01:38:30.837788+00:00",
    "Computer": "IACIS-HDD-2014",
    "Channel": "Microsoft-Windows-Bits-Client/Operational",
    "Level": "Information",
    "EventData": {
      "transferId": "{d1f93b4e-ab86-4ec6-bf99-5524cad2da0a}",
      "name": "WU Client Download",
      "Id": "{9ea91055-e1f9-41eb-8280-ac77c31876b0}",
      "url": "http://au.download.windowsupdate.com/msdownload/update/software/secu/2013/08/windows6.1-kb2863240-x64-express_7608b6d4bb703141525b11c4b56f0fb079fda497.cab",
      "peer": "",
      "fileTime": "2013-08-19 22:38:21+00:00",
      "fileLength": "175765",
      "bytesTotal": "175765",
      "bytesTransferred": "0",
      "bytesTransferredFromPeer": "0"
    },
    "RawXml": "<Event xmlns=\"http://schemas.microsoft.com/win/2004/08/events/event\"><System><Provider Name=\"Microsoft-Windows-Bits-Client\" Guid=\"{ef1cc15b-46c1-414e-bb95-e76b077bd51e}\"></Provider>\n<EventID Qualifiers=\"\">59</EventID>\n<Version>1</Version>\n<Level>4</Level>\n<Task>0</Task>\n<Opcode>1</Opcode>\n<Keywords>0x4000000000000000</Keywords>\n<TimeCreated SystemTime=\"2014-01-25 01:38:30.837788+00:00\"></TimeCreated>\n<EventRecordID>457</EventRecordID>\n<Correlation ActivityID=\"{d1f93b4e-ab86-4ec6-bf99-5524cad2da0a}\" RelatedActivityID=\"\"></Correlation>\n<Execution ProcessID=\"888\" ThreadID=\"2952\"></Execution>\n<Channel>Microsoft-Windows-Bits-Client/Operational</Channel>\n<Computer>IACIS-HDD-2014</Computer>\n<Security UserID=\"S-1-5-18\"></Security>\n</System>\n<EventData><Data Name=\"transferId\">{d1f93b4e-ab86-4ec6-bf99-5524cad2da0a}</Data>\n<Data Name=\"name\">WU Client Download</Data>\n<Data Name=\"Id\">{9ea91055-e1f9-41eb-8280-ac77c31876b0}</Data>\n<Data Name=\"url\">http://au.download.windowsupdate.com/msdownload/update/software/secu/2013/08/windows6.1-kb2863240-x64-express_7608b6d4bb703141525b11c4b56f0fb079fda497.cab</Data>\n<Data Name=\"peer\"></Data>\n<Data Name=\"fileTime\">2013-08-19 22:38:21+00:00</Data>\n<Data Name=\"fileLength\">175765</Data>\n<Data Name=\"bytesTotal\">175765</Data>\n<Data Name=\"bytesTransferred\">0</Data>\n<Data Name=\"bytesTransferredFromPeer\">0</Data>\n</EventData>\n</Event>\n"
  },
  {
    "EventID": 59,
    "Timestamp": "2014-01-25 01:38:30.853388+00:00",
    "Computer": "IACIS-HDD-2014",
    "Channel": "Microsoft-Windows-Bits-Client/Operational",
    "Level": "Information",
    "EventData": {
      "transferId": "{73d844e2-763a-478b-9f34-a30119ff91b2}",
      "name": "WU Client Download",
      "Id": "{5da39918-72a0-404a-b2b9-77ad0b321df9}",
      "url": "http://au.download.windowsupdate.com/msdownload/update/software/secu/2013/05/windows6.1-kb2833946-x64-express_f3ead8eb3b515c1ccec83796bf9f8b5279087d01.cab",
      "peer": "",
      "fileTime": "2013-05-22 16:40:00+00:00",
      "fileLength": "239973",
      "bytesTotal": "239973",
      "bytesTransferred": "0",
      "bytesTransferredFromPeer": "0"
    },
    "RawXml": "<Event xmlns=\"http://schemas.microsoft.com/win/2004/08/events/event\"><System><Provider Name=\"Microsoft-Windows-Bits-Client\" Guid=\"{ef1cc15b-46c1-414e-bb95-e76b077bd51e}\"></Provider>\n<EventID Qualifiers=\"\">59</EventID>\n<Version>1</Version>\n<Level>4</Level>\n<Task>0</Task>\n<Opcode>1</Opcode>\n<Keywords>0x4000000000000000</Keywords>\n<TimeCreated SystemTime=\"2014-01-25 01:38:30.853388+00:00\"></TimeCreated>\n<EventRecordID>458</EventRecordID>\n<Correlation ActivityID=\"{73d844e2-763a-478b-9f34-a30119ff91b2}\" RelatedActivityID=\"\"></Correlation>\n<Execution ProcessID=\"888\" ThreadID=\"2952\"></Execution>\n<Channel>Microsoft-Windows-Bits-Client/Operational</Channel>\n<Computer>IACIS-HDD-2014</Computer>\n<Security UserID=\"S-1-5-18\"></Security>\n</System>\n<EventData><Data Name=\"transferId\">{73d844e2-763a-478b-9f34-a30119ff91b2}</Data>\n<Data Name=\"name\">WU Client Download</Data>\n<Data Name=\"Id\">{5da39918-72a0-404a-b2b9-77ad0b321df9}</Data>\n<Data Name=\"url\">http://au.download.windowsupdate.com/msdownload/update/software/secu/2013/05/windows6.1-kb2833946-x64-express_f3ead8eb3b515c1ccec83796bf9f8b5279087d01.cab</Data>\n<Data Name=\"peer\"></Data>\n<Data Name=\"fileTime\">2013-05-22 16:40:00+00:00</Data>\n<Data Name=\"fileLength\">239973</Data>\n<Data Name=\"bytesTotal\">239973</Data>\n<Data Name=\"bytesTransferred\">0</Data>\n<Data Name=\"bytesTransferredFromPeer\">0</Data>\n</EventData>\n</Event>\n"
  },
  {
    "EventID": 59,
    "Timestamp": "2014-01-25 01:38:30.868988+00:00",
    "Computer": "IACIS-HDD-2014",
    "Channel": "Microsoft-Windows-Bits-Client/Operational",
    "Level": "Information",
    "EventData": {
      "transferId": "{96a5eed0-8472-4f05-9aa7-e8bbf4d18b16}",
      "name": "WU Client Download",
      "Id": "{9f105281-a2db-4ade-b74d-3805ce004d2b}",
      "url": "http://au.download.windowsupdate.com/msdownload/update/software/secu/2012/09/windows6.1-kb2743555-x64-express_a959415808024c1ea421ac53b91dbb9f54243637.cab",
      "peer": "",
      "fileTime": "2012-09-21 05:06:31+00:00",
      "fileLength": "57407",
      "bytesTotal": "57407",
      "bytesTransferred": "0",
      "bytesTransferredFromPeer": "0"
    },
    "RawXml": "<Event xmlns=\"http://schemas.microsoft.com/win/2004/08/events/event\"><System><Provider Name=\"Microsoft-Windows-Bits-Client\" Guid=\"{ef1cc15b-46c1-414e-bb95-e76b077bd51e}\"></Provider>\n<EventID Qualifiers=\"\">59</EventID>\n<Version>1</Version>\n<Level>4</Level>\n<Task>0</Task>\n<Opcode>1</Opcode>\n<Keywords>0x4000000000000000</Keywords>\n<TimeCreated SystemTime=\"2014-01-25 01:38:30.868988+00:00\"></TimeCreated>\n<EventRecordID>459</EventRecordID>\n<Correlation ActivityID=\"{96a5eed0-8472-4f05-9aa7-e8bbf4d18b16}\" RelatedActivityID=\"\"></Correlation>\n<Execution ProcessID=\"888\" ThreadID=\"2952\"></Execution>\n<Channel>Microsoft-Windows-Bits-Client/Operational</Channel>\n<Computer>IACIS-HDD-2014</Computer>\n<Security UserID=\"S-1-5-18\"></Security>\n</System>\n<EventData><Data Name=\"transferId\">{96a5eed0-8472-4f05-9aa7-e8bbf4d18b16}</Data>\n<Data Name=\"name\">WU Client Download</Data>\n<Data Name=\"Id\">{9f105281-a2db-4ade-b74d-3805ce004d2b}</Data>\n<Data Name=\"url\">http://au.download.windowsupdate.com/msdownload/update/software/secu/2012/09/windows6.1-kb2743555-x64-express_a959415808024c1ea421ac53b91dbb9f54243637.cab</Data>\n<Data Name=\"peer\"></Data>\n<Data Name=\"fileTime\">2012-09-21 05:06:31+00:00</Data>\n<Data Name=\"fileLength\">57407</Data>\n<Data Name=\"bytesTotal\">57407</Data>\n<Data Name=\"bytesTransferred\">0</Data>\n<Data Name=\"bytesTransferredFromPeer\">0</Data>\n</EventData>\n</Event>\n"
  },
