  {
    "EventID": 59,
    "Timestamp": "2014-02-05 13:36:33.481474+00:00",
    "Computer": "IACIS-HDD-2014",
    "Channel": "Microsoft-Windows-Bits-Client/Operational",
    "Level": "Information",
    "EventData": {
      "transferId": "{2f916860-4ff5-47b1-ae42-70e36b161e26}",
      "name": "WU Client Download",
      "Id": "{c6584de8-db99-44f9-b3ce-7517195870f5}",
      "url": "http://au.download.windowsupdate.com/msdownload/update/software/secu/2013/07/ndp40-kb2835393-x64_7749a86b760f1c7e5539d4b5174e4d163ff1e99d.exe",
      "peer": "",
      "fileTime": "2013-07-01 04:45:29+00:00",
      "fileLength": "23943800",
      "bytesTotal": "23943800",
      "bytesTransferred": "0",
      "bytesTransferredFromPeer": "0"
    },
    "RawXml": "<Event xmlns=\"http://schemas.microsoft.com/win/2004/08/events/event\"><System><Provider Name=\"Microsoft-Windows-Bits-Client\" Guid=\"{ef1cc15b-46c1-414e-bb95-e76b077bd51e}\"></Provider>\n<EventID Qualifiers=\"\">59</EventID>\n<Version>1</Version>\n<Level>4</Level>\n<Task>0</Task>\n<Opcode>1</Opcode>\n<Keywords>0x4000000000000000</Keywords>\n<TimeCreated SystemTime=\"2014-02-05 13:36:33.481474+00:00\"></TimeCreated>\n<EventRecordID>1663</EventRecordID>\n<Correlation ActivityID=\"{2f916860-4ff5-47b1-ae42-70e36b161e26}\" RelatedActivityID=\"\"></Correlation>\n<Execution ProcessID=\"1000\" ThreadID=\"2608\"></Execution>\n<Channel>Microsoft-Windows-Bits-Client/Operational</Channel>\n<Computer>IACIS-HDD-2014</Computer>\n<Security UserID=\"S-1-5-18\"></Security>\n</System>\n<EventData><Data Name=\"transferId\">{2f916860-4ff5-47b1-ae42-70e36b161e26}</Data>\n<Data Name=\"name\">WU Client Download</Data>\n<Data Name=\"Id\">{c6584de8-db99-44f9-b3ce-7517195870f5}</Data>\n<Data Name=\"url\">http://au.download.windowsupdate.com/msdownload/update/software/secu/2013/07/ndp40-kb2835393-x64_7749a86b760f1c7e5539d4b5174e4d163ff1e99d.exe</Data>\n<Data Name=\"peer\"></Data>\n<Data Name=\"fileTime\">2013-07-01 04:45:29+00:00</Data>\n<Data Name=\"fileLength\">23943800</Data>\n<Data Name=\"bytesTotal\">23943800</Data>\n<Data Name=\"bytesTransferred\">0</Data>\n<Data Name=\"bytesTransferredFromPeer\">0</Data>\n</EventData>\n</Event>\n"
  },
  {
    "EventID": 60,
    "Timestamp": "2014-02-05 13:36:45.696297+00:00",
    "Computer": "IACIS-HDD-2014",
    "Channel": "Microsoft-Windows-Bits-Client/Operational",
    "Level": "Information",
    "EventData": {
      "transferId": "{2f916860-4ff5-47b1-ae42-70e36b161e26}",
      "name": "WU Client Download",
      "Id": "{c6584de8-db99-44f9-b3ce-7517195870f5}",
      "url": "http://au.download.windowsupdate.com/msdownload/update/software/secu/2013/07/ndp40-kb2835393-x64_7749a86b760f1c7e5539d4b5174e4d163ff1e99d.exe",
      "peer": "",
      "hr": "0",
      "fileTime": "2013-07-01 04:45:29+00:00",
      "fileLength": "23943800",
      "bytesTotal": "23943800",
      "bytesTransferred": "23943800",
      "proxy": "",
      "peerProtocolFlags": "0",
      "bytesTransferredFromPeer": "0",
      "AdditionalInfoHr": "0",
      "PeerContextInfo": "0",
      "bandwidthLimit": "18446744073709551615",
      "ignoreBandwidthLimitsOnLan": "False"
    },
    "RawXml": "<Event xmlns=\"http://schemas.microsoft.com/win/2004/08/events/event\"><System><Provider Name=\"Microsoft-Windows-Bits-Client\" Guid=\"{ef1cc15b-46c1-414e-bb95-e76b077bd51e}\"></Provider>\n<EventID Qualifiers=\"\">60</EventID>\n<Version>1</Version>\n<Level>4</Level>\n<Task>0</Task>\n<Opcode>2</Opcode>\n<Keywords>0x4000000000000000</Keywords>\n<TimeCreated SystemTime=\"2014-02-05 13:36:45.696297+00:00\"></TimeCreated>\n<EventRecordID>1664</EventRecordID>\n<Correlation ActivityID=\"{2f916860-4ff5-47b1-ae42-70e36b161e26}\" RelatedActivityID=\"\"></Correlation>\n<Execution ProcessID=\"1000\" ThreadID=\"208\"></Execution>\n<Channel>Microsoft-Windows-Bits-Client/Operational</Channel>\n<Computer>IACIS-HDD-2014</Computer>\n<Security UserID=\"S-1-5-18\"></Security>\n</System>\n<EventData><Data Name=\"transferId\">{2f916860-4ff5-47b1-ae42-70e36b161e26}</Data>\n<Data Name=\"name\">WU Client Download</Data>\n<Data Name=\"Id\">{c6584de8-db99-44f9-b3ce-7517195870f5}</Data>\n<Data Name=\"url\">http://au.download.windowsupdate.com/msdownload/update/software/secu/2013/07/ndp40-kb2835393-x64_7749a86b760f1c7e5539d4b5174e4d163ff1e99d.exe</Data>\n<Data Name=\"peer\"></Data>\n<Data Name=\"hr\">0</Data>\n<Data Name=\"fileTime\">2013-07-01 04:45:29+00:00</Data>\n<Data Name=\"fileLength\">23943800</Data>\n<Data Name=\"bytesTotal\">23943800</Data>\n<Data Name=\"bytesTransferred\">23943800</Data>\n<Data Name=\"proxy\"></Data>\n<Data Name=\"peerProtocolFlags\">0</Data>\n<Data Name=\"bytesTransferredFromPeer\">0</Data>\n<Data Name=\"AdditionalInfoHr\">0</Data>\n<Data Name=\"PeerContextInfo\">0</Data>\n<Data Name=\"bandwidthLimit\">18446744073709551615</Data>\n<Data Name=\"ignoreBandwidthLimitsOnLan\">False</Data>\n</EventData>\n</Event>\n"
  },
  {
    "EventID": 59,
    "Timestamp": "2014-02-05 13:36:45.899097+00:00",
    "Computer": "IACIS-HDD-2014",
    "Channel": "Microsoft-Windows-Bits-Client/Operational",
    "Level": "Information",
    "EventData": {
      "transferId": "{86da9fe5-465f-4b7a-9462-5b2f5da975f8}",
      "name": "WU Client Download",
      "Id": "{1f196799-7429-466e-82fc-bdd73b82d579}",
      "url": "http://au.download.windowsupdate.com/msdownload/update/software/secu/2012/10/msipatchregfix-amd64_5011cb29b096fb674a4795ee8fc2f7fdad33863a.exe",
      "peer": "",
      "fileTime": "2012-10-23 23:15:41+00:00",
      "fileLength": "173608",
      "bytesTotal": "173608",
      "bytesTransferred": "0",
      "bytesTransferredFromPeer": "0"
    },
    "RawXml": "<Event xmlns=\"http://schemas.microsoft.com/win/2004/08/events/event\"><System><Provider Name=\"Microsoft-Windows-Bits-Client\" Guid=\"{ef1cc15b-46c1-414e-bb95-e76b077bd51e}\"></Provider>\n<EventID Qualifiers=\"\">59</EventID>\n<Version>1</Version>\n<Level>4</Level>\n<Task>0</Task>\n<Opcode>1</Opcode>\n<Keywords>0x4000000000000000</Keywords>\n<TimeCreated SystemTime=\"2014-02-05 13:36:45.899097+00:00\"></TimeCreated>\n<EventRecordID>1665</EventRecordID>\n<Correlation ActivityID=\"{86da9fe5-465f-4b7a-9462-5b2f5da975f8}\" RelatedActivityID=\"\"></Correlation>\n<Execution ProcessID=\"1000\" ThreadID=\"2784\"></Execution>\n<Channel>Microsoft-Windows-Bits-Client/Operational</Channel>\n<Computer>IACIS-HDD-2014</Computer>\n<Security UserID=\"S-1-5-18\"></Security>\n</System>\n<EventData><Data Name=\"transferId\">{86da9fe5-465f-4b7a-9462-5b2f5da975f8}</Data>\n<Data Name=\"name\">WU Client Download</Data>\n<Data Name=\"Id\">{1f196799-7429-466e-82fc-bdd73b82d579}</Data>\n<Data Name=\"url\">http://au.download.windowsupdate.com/msdownload/update/software/secu/2012/10/msipatchregfix-amd64_5011cb29b096fb674a4795ee8fc2f7fdad33863a.exe</Data>\n<Data Name=\"peer\"></Data>\n<Data Name=\"fileTime\">2012-10-23 23:15:41+00:00</Data>\n<Data Name=\"fileLength\">173608</Data>\n<Data Name=\"bytesTotal\">173608</Data>\n<Data Name=\"bytesTransferred\">0</Data>\n<Data Name=\"bytesTransferredFromPeer\">0</Data>\n</EventData>\n</Event>\n"
  },
  {
    "EventID": 4,
    "Timestamp": "2014-02-05 13:36:45.899097+00:00",
    "Computer": "IACIS-HDD-2014",
    "Channel": "Microsoft-Windows-Bits-Client/Operational",
    "Level": "Information",
    "EventData": {
      "User": "NT AUTHORITY\\SYSTEM",
      "jobTitle": "WU Client Download",
      "jobId": "{c6584de8-db99-44f9-b3ce-7517195870f5}",
      "jobOwner": "NT AUTHORITY\\SYSTEM",
      "fileCount": "1",
      "bytesTransferred": "23943800",
      "bytesTransferredFromPeer": "0"
    },
    "RawXml": "<Event xmlns=\"http://schemas.microsoft.com/win/2004/08/events/event\"><System><Provider Name=\"Microsoft-Windows-Bits-Client\" Guid=\"{ef1cc15b-46c1-414e-bb95-e76b077bd51e}\"></Provider>\n<EventID Qualifiers=\"\">4</EventID>\n<Version>1</Version>\n<Level>4</Level>\n<Task>0</Task>\n<Opcode>0</Opcode>\n<Keywords>0x4000000000000000</Keywords>\n<TimeCreated SystemTime=\"2014-02-05 13:36:45.899097+00:00\"></TimeCreated>\n<EventRecordID>1666</EventRecordID>\n<Correlation ActivityID=\"\" RelatedActivityID=\"\"></Correlation>\n<Execution ProcessID=\"1000\" ThreadID=\"2620\"></Execution>\n<Channel>Microsoft-Windows-Bits-Client/Operational</Channel>\n<Computer>IACIS-HDD-2014</Computer>\n<Security UserID=\"S-1-5-18\"></Security>\n</System>\n<EventData><Data Name=\"User\">NT AUTHORITY\\SYSTEM</Data>\n<Data Name=\"jobTitle\">WU Client Download</Data>\n<Data Name=\"jobId\">{c6584de8-db99-44f9-b3ce-7517195870f5}</Data>\n<Data Name=\"jobOwner\">NT AUTHORITY\\SYSTEM</Data>\n<Data Name=\"fileCount\">1</Data>\n<Data Name=\"bytesTransferred\">23943800</Data>\n<Data Name=\"bytesTransferredFromPeer\">0</Data>\n</EventData>\n</Event>\n"
  },
  {
    "EventID": 60,
    "Timestamp": "2014-02-05 13:36:46.476299+00:00",
    "Computer": "IACIS-HDD-2014",
    "Channel": "Microsoft-Windows-Bits-Client/Operational",
    "Level": "Information",
    "EventData": {
      "transferId": "{86da9fe5-465f-4b7a-9462-5b2f5da975f8}",
      "name": "WU Client Download",
      "Id": "{1f196799-7429-466e-82fc-bdd73b82d579}",
      "url": "http://au.download.windowsupdate.com/msdownload/update/software/secu/2012/10/msipatchregfix-amd64_5011cb29b096fb674a4795ee8fc2f7fdad33863a.exe",
      "peer": "",
      "hr": "0",
      "fileTime": "2012-10-23 23:15:41+00:00",
      "fileLength": "173608",
      "bytesTotal": "173608",
      "bytesTransferred": "173608",
      "proxy": "",
      "peerProtocolFlags": "0",
      "bytesTransferredFromPeer": "0",
      "AdditionalInfoHr": "0",
      "PeerContextInfo": "0",
      "bandwidthLimit": "18446744073709551615",
      "ignoreBandwidthLimitsOnLan": "False"
    },
    "RawXml": "<Event xmlns=\"http://schemas.microsoft.com/win/2004/08/events/event\"><System><Provider Name=\"Microsoft-Windows-Bits-Client\" Guid=\"{ef1cc15b-46c1-414e-bb95-e76b077bd51e}\"></Provider>\n<EventID Qualifiers=\"\">60</EventID>\n<Version>1</Version>\n<Level>4</Level>\n<Task>0</Task>\n<Opcode>2</Opcode>\n<Keywords>0x4000000000000000</Keywords>\n<TimeCreated SystemTime=\"2014-02-05 13:36:46.476299+00:00\"></TimeCreated>\n<EventRecordID>1667</EventRecordID>\n<Correlation ActivityID=\"{86da9fe5-465f-4b7a-9462-5b2f5da975f8}\" RelatedActivityID=\"\"></Correlation>\n<Execution ProcessID=\"1000\" ThreadID=\"1312\"></Execution>\n<Channel>Microsoft-Windows-Bits-Client/Operational</Channel>\n<Computer>IACIS-HDD-2014</Computer>\n<Security UserID=\"S-1-5-18\"></Security>\n</System>\n<EventData><Data Name=\"transferId\">{86da9fe5-465f-4b7a-9462-5b2f5da975f8}</Data>\n<Data Name=\"name\">WU Client Download</Data>\n<Data Name=\"Id\">{1f196799-7429-466e-82fc-bdd73b82d579}</Data>\n<Data Name=\"url\">http://au.download.windowsupdate.com/msdownload/update/software/secu/2012/10/msipatchregfix-amd64_5011cb29b096fb674a4795ee8fc2f7fdad33863a.exe</Data>\n<Data Name=\"peer\"></Data>\n<Data Name=\"hr\">0</Data>\n<Data Name=\"fileTime\">2012-10-23 23:15:41+00:00</Data>\n<Data Name=\"fileLength\">173608</Data>\n<Data Name=\"bytesTotal\">173608</Data>\n<Data Name=\"bytesTransferred\">173608</Data>\n<Data Name=\"proxy\"></Data>\n<Data Name=\"peerProtocolFlags\">0</Data>\n<Data Name=\"bytesTransferredFromPeer\">0</Data>\n<Data Name=\"AdditionalInfoHr\">0</Data>\n<Data Name=\"PeerContextInfo\">0</Data>\n<Data Name=\"bandwidthLimit\">18446744073709551615</Data>\n<Data Name=\"ignoreBandwidthLimitsOnLan\">False</Data>\n</EventData>\n</Event>\n"
  },
  {
    "EventID": 4,
    "Timestamp": "2014-02-05 13:36:46.616699+00:00",
    "Computer": "IACIS-HDD-2014",
    "Channel": "Microsoft-Windows-Bits-Client/Operational",
    "Level": "Information",
    "EventData": {
      "User": "NT AUTHORITY\\SYSTEM",
      "jobTitle": "WU Client Download",
      "jobId": "{1f196799-7429-466e-82fc-bdd73b82d579}",
      "jobOwner": "NT AUTHORITY\\SYSTEM",
      "fileCount": "1",
      "bytesTransferred": "173608",
      "bytesTransferredFromPeer": "0"
    },
    "RawXml": "<Event xmlns=\"http://schemas.microsoft.com/win/2004/08/events/event\"><System><Provider Name=\"Microsoft-Windows-Bits-Client\" Guid=\"{ef1cc15b-46c1-414e-bb95-e76b077bd51e}\"></Provider>\n<EventID Qualifiers=\"\">4</EventID>\n<Version>1</Version>\n<Level>4</Level>\n<Task>0</Task>\n<Opcode>0</Opcode>\n<Keywords>0x4000000000000000</Keywords>\n<TimeCreated SystemTime=\"2014-02-05 13:36:46.616699+00:00\"></TimeCreated>\n<EventRecordID>1668</EventRecordID>\n<Correlation ActivityID=\"\" RelatedActivityID=\"\"></Correlation>\n<Execution ProcessID=\"1000\" ThreadID=\"2784\"></Execution>\n<Channel>Microsoft-Windows-Bits-Client/Operational</Channel>\n<Computer>IACIS-HDD-2014</Computer>\n<Security UserID=\"S-1-5-18\"></Security>\n</System>\n<EventData><Data Name=\"User\">NT AUTHORITY\\SYSTEM</Data>\n<Data Name=\"jobTitle\">WU Client Download</Data>\n<Data Name=\"jobId\">{1f196799-7429-466e-82fc-bdd73b82d579}</Data>\n<Data Name=\"jobOwner\">NT AUTHORITY\\SYSTEM</Data>\n<Data Name=\"fileCount\">1</Data>\n<Data Name=\"bytesTransferred\">173608</Data>\n<Data Name=\"bytesTransferredFromPeer\">0</Data>\n</EventData>\n</Event>\n"
  },
  {
    "EventID": 59,
    "Timestamp": "2014-02-05 13:36:46.710299+00:00",
    "Computer": "IACIS-HDD-2014",
    "Channel": "Microsoft-Windows-Bits-Client/Operational",
    "Level": "Information",
    "EventData": {
      "transferId": "{badd7bb2-e0de-4ff3-b265-f7974881149e}",
      "name": "WU Client Download",
      "Id": "{ce97b6c1-cc27-47da-ba55-46575e77314c}",
      "url": "http://au.download.windowsupdate.com/msdownload/update/software/secu/2012/12/ndp40-kb2736428-x64_f5f126738673ae9764d03fe42feeea68f1edece2.exe",
      "peer": "",
      "fileTime": "2012-12-10 20:21:19+00:00",
      "fileLength": "2324448",
      "bytesTotal": "2324448",
      "bytesTransferred": "0",
      "bytesTransferredFromPeer": "0"
    },
    "RawXml": "<Event xmlns=\"http://schemas.microsoft.com/win/2004/08/events/event\"><System><Provider Name=\"Microsoft-Windows-Bits-Client\" Guid=\"{ef1cc15b-46c1-414e-bb95-e76b077bd51e}\"></Provider>\n<EventID Qualifiers=\"\">59</EventID>\n<Version>1</Version>\n<Level>4</Level>\n<Task>0</Task>\n<Opcode>1</Opcode>\n<Keywords>0x4000000000000000</Keywords>\n<TimeCreated SystemTime=\"2014-02-05 13:36:46.710299+00:00\"></TimeCreated>\n<EventRecordID>1669</EventRecordID>\n<Correlation ActivityID=\"{badd7bb2-e0de-4ff3-b265-f7974881149e}\" RelatedActivityID=\"\"></Correlation>\n<Execution ProcessID=\"1000\" ThreadID=\"2608\"></Execution>\n<Channel>Microsoft-Windows-Bits-Client/Operational</Channel>\n<Computer>IACIS-HDD-2014</Computer>\n<Security UserID=\"S-1-5-18\"></Security>\n</System>\n<EventData><Data Name=\"transferId\">{badd7bb2-e0de-4ff3-b265-f7974881149e}</Data>\n<Data Name=\"name\">WU Client Download</Data>\n<Data Name=\"Id\">{ce97b6c1-cc27-47da-ba55-46575e77314c}</Data>\n<Data Name=\"url\">http://au.download.windowsupdate.com/msdownload/update/software/secu/2012/12/ndp40-kb2736428-x64_f5f126738673ae9764d03fe42feeea68f1edece2.exe</Data>\n<Data Name=\"peer\"></Data>\n<Data Name=\"fileTime\">2012-12-10 20:21:19+00:00</Data>\n<Data Name=\"fileLength\">2324448</Data>\n<Data Name=\"bytesTotal\">2324448</Data>\n<Data Name=\"bytesTransferred\">0</Data>\n<Data Name=\"bytesTransferredFromPeer\">0</Data>\n</EventData>\n</Event>\n"
  },
  {
    "EventID": 60,
    "Timestamp": "2014-02-05 13:36:48.410702+00:00",
    "Computer": "IACIS-HDD-2014",
    "Channel": "Microsoft-Windows-Bits-Client/Operational",
    "Level": "Information",
    "EventData": {
      "transferId": "{badd7bb2-e0de-4ff3-b265-f7974881149e}",
      "name": "WU Client Download",
      "Id": "{ce97b6c1-cc27-47da-ba55-46575e77314c}",
      "url": "http://au.download.windowsupdate.com/msdownload/update/software/secu/2012/12/ndp40-kb2736428-x64_f5f126738673ae9764d03fe42feeea68f1edece2.exe",
      "peer": "",
      "hr": "0",
      "fileTime": "2012-12-10 20:21:19+00:00",
      "fileLength": "2324448",
      "bytesTotal": "2324448",
      "bytesTransferred": "2324448",
      "proxy": "",
      "peerProtocolFlags": "0",
      "bytesTransferredFromPeer": "0",
      "AdditionalInfoHr": "0",
      "PeerContextInfo": "0",
      "bandwidthLimit": "18446744073709551615",
      "ignoreBandwidthLimitsOnLan": "False"
    },
    "RawXml": "<Event xmlns=\"http://schemas.microsoft.com/win/2004/08/events/event\"><System><Provider Name=\"Microsoft-Windows-Bits-Client\" Guid=\"{ef1cc15b-46c1-414e-bb95-e76b077bd51e}\"></Provider>\n<EventID Qualifiers=\"\">60</EventID>\n<Version>1</Version>\n<Level>4</Level>\n<Task>0</Task>\n<Opcode>2</Opcode>\n<Keywords>0x4000000000000000</Keywords>\n<TimeCreated SystemTime=\"2014-02-05 13:36:48.410702+00:00\"></TimeCreated>\n<EventRecordID>1670</EventRecordID>\n<Correlation ActivityID=\"{badd7bb2-e0de-4ff3-b265-f7974881149e}\" RelatedActivityID=\"\"></Correlation>\n<Execution ProcessID=\"1000\" ThreadID=\"208\"></Execution>\n<Channel>Microsoft-Windows-Bits-Client/Operational</Channel>\n<Computer>IACIS-HDD-2014</Computer>\n<Security UserID=\"S-1-5-18\"></Security>\n</System>\n<EventData><Data Name=\"transferId\">{badd7bb2-e0de-4ff3-b265-f7974881149e}</Data>\n<Data Name=\"name\">WU Client Download</Data>\n<Data Name=\"Id\">{ce97b6c1-cc27-47da-ba55-46575e77314c}</Data>\n<Data Name=\"url\">http://au.download.windowsupdate.com/msdownload/update/software/secu/2012/12/ndp40-kb2736428-x64_f5f126738673ae9764d03fe42feeea68f1edece2.exe</Data>\n<Data Name=\"peer\"></Data>\n<Data Name=\"hr\">0</Data>\n<Data Name=\"fileTime\">2012-12-10 20:21:19+00:00</Data>\n<Data Name=\"fileLength\">2324448</Data>\n<Data Name=\"bytesTotal\">2324448</Data>\n<Data Name=\"bytesTransferred\">2324448</Data>\n<Data Name=\"proxy\"></Data>\n<Data Name=\"peerProtocolFlags\">0</Data>\n<Data Name=\"bytesTransferredFromPeer\">0</Data>\n<Data Name=\"AdditionalInfoHr\">0</Data>\n<Data Name=\"PeerContextInfo\">0</Data>\n<Data Name=\"bandwidthLimit\">18446744073709551615</Data>\n<Data Name=\"ignoreBandwidthLimitsOnLan\">False</Data>\n</EventData>\n</Event>\n"
  },
  {
    "EventID": 4,
    "Timestamp": "2014-02-05 13:36:48.566702+00:00",
    "Computer": "IACIS-HDD-2014",
    "Channel": "Microsoft-Windows-Bits-Client/Operational",
    "Level": "Information",
    "EventData": {
      "User": "NT AUTHORITY\\SYSTEM",
      "jobTitle": "WU Client Download",
      "jobId": "{ce97b6c1-cc27-47da-ba55-46575e77314c}",
      "jobOwner": "NT AUTHORITY\\SYSTEM",
      "fileCount": "1",
      "bytesTransferred": "2324448",
      "bytesTransferredFromPeer": "0"
    },
    "RawXml": "<Event xmlns=\"http://schemas.microsoft.com/win/2004/08/events/event\"><System><Provider Name=\"Microsoft-Windows-Bits-Client\" Guid=\"{ef1cc15b-46c1-414e-bb95-e76b077bd51e}\"></Provider>\n<EventID Qualifiers=\"\">4</EventID>\n<Version>1</Version>\n<Level>4</Level>\n<Task>0</Task>\n<Opcode>0</Opcode>\n<Keywords>0x4000000000000000</Keywords>\n<TimeCreated SystemTime=\"2014-02-05 13:36:48.566702+00:00\"></TimeCreated>\n<EventRecordID>1671</EventRecordID>\n<Correlation ActivityID=\"\" RelatedActivityID=\"\"></Correlation>\n<Execution ProcessID=\"1000\" ThreadID=\"2784\"></Execution>\n<Channel>Microsoft-Windows-Bits-Client/Operational</Channel>\n<Computer>IACIS-HDD-2014</Computer>\n<Security UserID=\"S-1-5-18\"></Security>\n</System>\n<EventData><Data Name=\"User\">NT AUTHORITY\\SYSTEM</Data>\n<Data Name=\"jobTitle\">WU Client Download</Data>\n<Data Name=\"jobId\">{ce97b6c1-cc27-47da-ba55-46575e77314c}</Data>\n<Data Name=\"jobOwner\">NT AUTHORITY\\SYSTEM</Data>\n<Data Name=\"fileCount\">1</Data>\n<Data Name=\"bytesTransferred\">2324448</Data>\n<Data Name=\"bytesTransferredFromPeer\">0</Data>\n</EventData>\n</Event>\n"
  },
  {
    "EventID": 59,
    "Timestamp": "2014-02-05 13:36:48.660301+00:00",
    "Computer": "IACIS-HDD-2014",
    "Channel": "Microsoft-Windows-Bits-Client/Operational",
    "Level": "Information",
    "EventData": {
      "transferId": "{e76b0fc7-9e66-4cfd-95fc-7593253552c8}",
      "name": "WU Client Download",
      "Id": "{d9d81b8c-e0cd-41e5-8e02-a7f7d17e3ced}",
      "url": "http://au.download.windowsupdate.com/msdownload/update/software/secu/2012/10/msipatchregfix-amd64_5011cb29b096fb674a4795ee8fc2f7fdad33863a.exe",
      "peer": "",
      "fileTime": "2012-10-23 23:15:41+00:00",
      "fileLength": "173608",
      "bytesTotal": "173608",
      "bytesTransferred": "0",
      "bytesTransferredFromPeer": "0"
    },
    "RawXml": "<Event xmlns=\"http://schemas.microsoft.com/win/2004/08/events/event\"><System><Provider Name=\"Microsoft-Windows-Bits-Client\" Guid=\"{ef1cc15b-46c1-414e-bb95-e76b077bd51e}\"></Provider>\n<EventID Qualifiers=\"\">59</EventID>\n<Version>1</Version>\n<Level>4</Level>\n<Task>0</Task>\n<Opcode>1</Opcode>\n<Keywords>0x4000000000000000</Keywords>\n<TimeCreated SystemTime=\"2014-02-05 13:36:48.660301+00:00\"></TimeCreated>\n<EventRecordID>1672</EventRecordID>\n<Correlation ActivityID=\"{e76b0fc7-9e66-4cfd-95fc-7593253552c8}\" RelatedActivityID=\"\"></Correlation>\n<Execution ProcessID=\"1000\" ThreadID=\"2620\"></Execution>\n<Channel>Microsoft-Windows-Bits-Client/Operational</Channel>\n<Computer>IACIS-HDD-2014</Computer>\n<Security UserID=\"S-1-5-18\"></Security>\n</System>\n<EventData><Data Name=\"transferId\">{e76b0fc7-9e66-4cfd-95fc-7593253552c8}</Data>\n<Data Name=\"name\">WU Client Download</Data>\n<Data Name=\"Id\">{d9d81b8c-e0cd-41e5-8e02-a7f7d17e3ced}</Data>\n<Data Name=\"url\">http://au.download.windowsupdate.com/msdownload/update/software/secu/2012/10/msipatchregfix-amd64_5011cb29b096fb674a4795ee8fc2f7fdad33863a.exe</Data>\n<Data Name=\"peer\"></Data>\n<Data Name=\"fileTime\">2012-10-23 23:15:41+00:00</Data>\n<Data Name=\"fileLength\">173608</Data>\n<Data Name=\"bytesTotal\">173608</Data>\n<Data Name=\"bytesTransferred\">0</Data>\n<Data Name=\"bytesTransferredFromPeer\">0</Data>\n</EventData>\n</Event>\n"
  },
  {
    "EventID": 60,
    "Timestamp": "2014-02-05 13:36:49.050303+00:00",
    "Computer": "IACIS-HDD-2014",
    "Channel": "Microsoft-Windows-Bits-Client/Operational",
    "Level": "Information",
    "EventData": {
      "transferId": "{e76b0fc7-9e66-4cfd-95fc-7593253552c8}",
      "name": "WU Client Download",
      "Id": "{d9d81b8c-e0cd-41e5-8e02-a7f7d17e3ced}",
      "url": "http://au.download.windowsupdate.com/msdownload/update/software/secu/2012/10/msipatchregfix-amd64_5011cb29b096fb674a4795ee8fc2f7fdad33863a.exe",
      "peer": "",
      "hr": "0",
      "fileTime": "2012-10-23 23:15:41+00:00",
      "fileLength": "173608",
      "bytesTotal": "173608",
      "bytesTransferred": "173608",
      "proxy": "",
      "peerProtocolFlags": "0",
      "bytesTransferredFromPeer": "0",
      "AdditionalInfoHr": "0",
      "PeerContextInfo": "0",
      "bandwidthLimit": "18446744073709551615",
      "ignoreBandwidthLimitsOnLan": "False"
    },
    "RawXml": "<Event xmlns=\"http://schemas.microsoft.com/win/2004/08/events/event\"><System><Provider Name=\"Microsoft-Windows-Bits-Client\" Guid=\"{ef1cc15b-46c1-414e-bb95-e76b077bd51e}\"></Provider>\n<EventID Qualifiers=\"\">60</EventID>\n<Version>1</Version>\n<Level>4</Level>\n<Task>0</Task>\n<Opcode>2</Opcode>\n<Keywords>0x4000000000000000</Keywords>\n<TimeCreated SystemTime=\"2014-02-05 13:36:49.050303+00:00\"></TimeCreated>\n<EventRecordID>1673</EventRecordID>\n<Correlation ActivityID=\"{e76b0fc7-9e66-4cfd-95fc-7593253552c8}\" RelatedActivityID=\"\"></Correlation>\n<Execution ProcessID=\"1000\" ThreadID=\"2424\"></Execution>\n<Channel>Microsoft-Windows-Bits-Client/Operational</Channel>\n<Computer>IACIS-HDD-2014</Computer>\n<Security UserID=\"S-1-5-18\"></Security>\n</System>\n<EventData><Data Name=\"transferId\">{e76b0fc7-9e66-4cfd-95fc-7593253552c8}</Data>\n<Data Name=\"name\">WU Client Download</Data>\n<Data Name=\"Id\">{d9d81b8c-e0cd-41e5-8e02-a7f7d17e3ced}</Data>\n<Data Name=\"url\">http://au.download.windowsupdate.com/msdownload/update/software/secu/2012/10/msipatchregfix-amd64_5011cb29b096fb674a4795ee8fc2f7fdad33863a.exe</Data>\n<Data Name=\"peer\"></Data>\n<Data Name=\"hr\">0</Data>\n<Data Name=\"fileTime\">2012-10-23 23:15:41+00:00</Data>\n<Data Name=\"fileLength\">173608</Data>\n<Data Name=\"bytesTotal\">173608</Data>\n<Data Name=\"bytesTransferred\">173608</Data>\n<Data Name=\"proxy\"></Data>\n<Data Name=\"peerProtocolFlags\">0</Data>\n<Data Name=\"bytesTransferredFromPeer\">0</Data>\n<Data Name=\"AdditionalInfoHr\">0</Data>\n<Data Name=\"PeerContextInfo\">0</Data>\n<Data Name=\"bandwidthLimit\">18446744073709551615</Data>\n<Data Name=\"ignoreBandwidthLimitsOnLan\">False</Data>\n</EventData>\n</Event>\n"
  },
  {
    "EventID": 4,
    "Timestamp": "2014-02-05 13:36:49.159504+00:00",
    "Computer": "IACIS-HDD-2014",
    "Channel": "Microsoft-Windows-Bits-Client/Operational",
    "Level": "Information",
    "EventData": {
      "User": "NT AUTHORITY\\SYSTEM",
      "jobTitle": "WU Client Download",
      "jobId": "{d9d81b8c-e0cd-41e5-8e02-a7f7d17e3ced}",
      "jobOwner": "NT AUTHORITY\\SYSTEM",
      "fileCount": "1",
      "bytesTransferred": "173608",
      "bytesTransferredFromPeer": "0"
    },
    "RawXml": "<Event xmlns=\"http://schemas.microsoft.com/win/2004/08/events/event\"><System><Provider Name=\"Microsoft-Windows-Bits-Client\" Guid=\"{ef1cc15b-46c1-414e-bb95-e76b077bd51e}\"></Provider>\n<EventID Qualifiers=\"\">4</EventID>\n<Version>1</Version>\n<Level>4</Level>\n<Task>0</Task>\n<Opcode>0</Opcode>\n<Keywords>0x4000000000000000</Keywords>\n<TimeCreated SystemTime=\"2014-02-05 13:36:49.159504+00:00\"></TimeCreated>\n<EventRecordID>1674</EventRecordID>\n<Correlation ActivityID=\"\" RelatedActivityID=\"\"></Correlation>\n<Execution ProcessID=\"1000\" ThreadID=\"2620\"></Execution>\n<Channel>Microsoft-Windows-Bits-Client/Operational</Channel>\n<Computer>IACIS-HDD-2014</Computer>\n<Security UserID=\"S-1-5-18\"></Security>\n</System>\n<EventData><Data Name=\"User\">NT AUTHORITY\\SYSTEM</Data>\n<Data Name=\"jobTitle\">WU Client Download</Data>\n<Data Name=\"jobId\">{d9d81b8c-e0cd-41e5-8e02-a7f7d17e3ced}</Data>\n<Data Name=\"jobOwner\">NT AUTHORITY\\SYSTEM</Data>\n<Data Name=\"fileCount\">1</Data>\n<Data Name=\"bytesTransferred\">173608</Data>\n<Data Name=\"bytesTransferredFromPeer\">0</Data>\n</EventData>\n</Event>\n"
  },
  {
    "EventID": 59,
    "Timestamp": "2014-02-05 13:36:49.284304+00:00",
    "Computer": "IACIS-HDD-2014",
    "Channel": "Microsoft-Windows-Bits-Client/Operational",
    "Level": "Information",
    "EventData": {
      "transferId": "{1633c931-07f3-4dd1-be2d-8fbcfbe8b690}",
      "name": "WU Client Download",
      "Id": "{f1fd1d33-af32-4b49-ad59-92ea98481b37}",
      "url": "http://au.download.windowsupdate.com/msdownload/update/software/secu/2013/09/ndp40-kb2858302-v2-x64_33610d262ac3d3779c445b4520e7d986a70b7c66.exe",
      "peer": "",
      "fileTime": "2013-09-17 21:08:01+00:00",
      "fileLength": "10096264",
      "bytesTotal": "10096264",
      "bytesTransferred": "0",
      "bytesTransferredFromPeer": "0"
    },
    "RawXml": "<Event xmlns=\"http://schemas.microsoft.com/win/2004/08/events/event\"><System><Provider Name=\"Microsoft-Windows-Bits-Client\" Guid=\"{ef1cc15b-46c1-414e-bb95-e76b077bd51e}\"></Provider>\n<EventID Qualifiers=\"\">59</EventID>\n<Version>1</Version>\n<Level>4</Level>\n<Task>0</Task>\n<Opcode>1</Opcode>\n<Keywords>0x4000000000000000</Keywords>\n<TimeCreated SystemTime=\"2014-02-05 13:36:49.284304+00:00\"></TimeCreated>\n<EventRecordID>1675</EventRecordID>\n<Correlation ActivityID=\"{1633c931-07f3-4dd1-be2d-8fbcfbe8b690}\" RelatedActivityID=\"\"></Correlation>\n<Execution ProcessID=\"1000\" ThreadID=\"2620\"></Execution>\n<Channel>Microsoft-Windows-Bits-Client/Operational</Channel>\n<Computer>IACIS-HDD-2014</Computer>\n<Security UserID=\"S-1-5-18\"></Security>\n</System>\n<EventData><Data Name=\"transferId\">{1633c931-07f3-4dd1-be2d-8fbcfbe8b690}</Data>\n<Data Name=\"name\">WU Client Download</Data>\n<Data Name=\"Id\">{f1fd1d33-af32-4b49-ad59-92ea98481b37}</Data>\n<Data Name=\"url\">http://au.download.windowsupdate.com/msdownload/update/software/secu/2013/09/ndp40-kb2858302-v2-x64_33610d262ac3d3779c445b4520e7d986a70b7c66.exe</Data>\n<Data Name=\"peer\"></Data>\n<Data Name=\"fileTime\">2013-09-17 21:08:01+00:00</Data>\n<Data Name=\"fileLength\">10096264</Data>\n<Data Name=\"bytesTotal\">10096264</Data>\n<Data Name=\"bytesTransferred\">0</Data>\n<Data Name=\"bytesTransferredFromPeer\">0</Data>\n</EventData>\n</Event>\n"
  },
  {
    "EventID": 60,
    "Timestamp": "2014-02-05 13:36:54.635113+00:00",
    "Computer": "IACIS-HDD-2014",
    "Channel": "Microsoft-Windows-Bits-Client/Operational",
    "Level": "Information",
    "EventData": {
      "transferId": "{1633c931-07f3-4dd1-be2d-8fbcfbe8b690}",
      "name": "WU Client Download",
      "Id": "{f1fd1d33-af32-4b49-ad59-92ea98481b37}",
      "url": "http://au.download.windowsupdate.com/msdownload/update/software/secu/2013/09/ndp40-kb2858302-v2-x64_33610d262ac3d3779c445b4520e7d986a70b7c66.exe",
      "peer": "",
      "hr": "0",
      "fileTime": "2013-09-17 21:08:01+00:00",
      "fileLength": "10096264",
      "bytesTotal": "10096264",
      "bytesTransferred": "10096264",
      "proxy": "",
      "peerProtocolFlags": "0",
      "bytesTransferredFromPeer": "0",
      "AdditionalInfoHr": "0",
      "PeerContextInfo": "0",
      "bandwidthLimit": "18446744073709551615",
      "ignoreBandwidthLimitsOnLan": "False"
    },
    "RawXml": "<Event xmlns=\"http://schemas.microsoft.com/win/2004/08/events/event\"><System><Provider Name=\"Microsoft-Windows-Bits-Client\" Guid=\"{ef1cc15b-46c1-414e-bb95-e76b077bd51e}\"></Provider>\n<EventID Qualifiers=\"\">60</EventID>\n<Version>1</Version>\n<Level>4</Level>\n<Task>0</Task>\n<Opcode>2</Opcode>\n<Keywords>0x4000000000000000</Keywords>\n<TimeCreated SystemTime=\"2014-02-05 13:36:54.635113+00:00\"></TimeCreated>\n<EventRecordID>1676</EventRecordID>\n<Correlation ActivityID=\"{1633c931-07f3-4dd1-be2d-8fbcfbe8b690}\" RelatedActivityID=\"\"></Correlation>\n<Execution ProcessID=\"1000\" ThreadID=\"2612\"></Execution>\n<Channel>Microsoft-Windows-Bits-Client/Operational</Channel>\n<Computer>IACIS-HDD-2014</Computer>\n<Security UserID=\"S-1-5-18\"></Security>\n</System>\n<EventData><Data Name=\"transferId\">{1633c931-07f3-4dd1-be2d-8fbcfbe8b690}</Data>\n<Data Name=\"name\">WU Client Download</Data>\n<Data Name=\"Id\">{f1fd1d33-af32-4b49-ad59-92ea98481b37}</Data>\n<Data Name=\"url\">http://au.download.windowsupdate.com/msdownload/update/software/secu/2013/09/ndp40-kb2858302-v2-x64_33610d262ac3d3779c445b4520e7d986a70b7c66.exe</Data>\n<Data Name=\"peer\"></Data>\n<Data Name=\"hr\">0</Data>\n<Data Name=\"fileTime\">2013-09-17 21:08:01+00:00</Data>\n<Data Name=\"fileLength\">10096264</Data>\n<Data Name=\"bytesTotal\">10096264</Data>\n<Data Name=\"bytesTransferred\">10096264</Data>\n<Data Name=\"proxy\"></Data>\n<Data Name=\"peerProtocolFlags\">0</Data>\n<Data Name=\"bytesTransferredFromPeer\">0</Data>\n<Data Name=\"AdditionalInfoHr\">0</Data>\n<Data Name=\"PeerContextInfo\">0</Data>\n<Data Name=\"bandwidthLimit\">18446744073709551615</Data>\n<Data Name=\"ignoreBandwidthLimitsOnLan\">False</Data>\n</EventData>\n</Event>\n"
  },
  {
    "EventID": 4,
    "Timestamp": "2014-02-05 13:36:54.791113+00:00",
    "Computer": "IACIS-HDD-2014",
    "Channel": "Microsoft-Windows-Bits-Client/Operational",
    "Level": "Information",
    "EventData": {
      "User": "NT AUTHORITY\\SYSTEM",
      "jobTitle": "WU Client Download",
      "jobId": "{f1fd1d33-af32-4b49-ad59-92ea98481b37}",
      "jobOwner": "NT AUTHORITY\\SYSTEM",
      "fileCount": "1",
      "bytesTransferred": "10096264",
      "bytesTransferredFromPeer": "0"
    },
    "RawXml": "<Event xmlns=\"http://schemas.microsoft.com/win/2004/08/events/event\"><System><Provider Name=\"Microsoft-Windows-Bits-Client\" Guid=\"{ef1cc15b-46c1-414e-bb95-e76b077bd51e}\"></Provider>\n<EventID Qualifiers=\"\">4</EventID>\n<Version>1</Version>\n<Level>4</Level>\n<Task>0</Task>\n<Opcode>0</Opcode>\n<Keywords>0x4000000000000000</Keywords>\n<TimeCreated SystemTime=\"2014-02-05 13:36:54.791113+00:00\"></TimeCreated>\n<EventRecordID>1677</EventRecordID>\n<Correlation ActivityID=\"\" RelatedActivityID=\"\"></Correlation>\n<Execution ProcessID=\"1000\" ThreadID=\"2780\"></Execution>\n<Channel>Microsoft-Windows-Bits-Client/Operational</Channel>\n<Computer>IACIS-HDD-2014</Computer>\n<Security UserID=\"S-1-5-18\"></Security>\n</System>\n<EventData><Data Name=\"User\">NT AUTHORITY\\SYSTEM</Data>\n<Data Name=\"jobTitle\">WU Client Download</Data>\n<Data Name=\"jobId\">{f1fd1d33-af32-4b49-ad59-92ea98481b37}</Data>\n<Data Name=\"jobOwner\">NT AUTHORITY\\SYSTEM</Data>\n<Data Name=\"fileCount\">1</Data>\n<Data Name=\"bytesTransferred\">10096264</Data>\n<Data Name=\"bytesTransferredFromPeer\">0</Data>\n</EventData>\n</Event>\n"
  },
  {
    "EventID": 59,
    "Timestamp": "2014-02-05 13:36:54.853514+00:00",
    "Computer": "IACIS-HDD-2014",
    "Channel": "Microsoft-Windows-Bits-Client/Operational",
    "Level": "Information",
    "EventData": {
      "transferId": "{8ccdc1f8-f6d1-4e47-9d56-6260bde8e21c}",
      "name": "WU Client Download",
      "Id": "{78affda3-cb28-4a12-9ca0-d482e76df890}",
      "url": "http://au.download.windowsupdate.com/msdownload/update/software/secu/2011/11/msipatchregfix-amd64_0980874366baf49e6b6c191ab96223fb0ba091ff.exe",
      "peer": "",
      "fileTime": "2011-11-22 17:58:08+00:00",
      "fileLength": "172984",
      "bytesTotal": "172984",
      "bytesTransferred": "0",
      "bytesTransferredFromPeer": "0"
    },
    "RawXml": "<Event xmlns=\"http://schemas.microsoft.com/win/2004/08/events/event\"><System><Provider Name=\"Microsoft-Windows-Bits-Client\" Guid=\"{ef1cc15b-46c1-414e-bb95-e76b077bd51e}\"></Provider>\n<EventID Qualifiers=\"\">59</EventID>\n<Version>1</Version>\n<Level>4</Level>\n<Task>0</Task>\n<Opcode>1</Opcode>\n<Keywords>0x4000000000000000</Keywords>\n<TimeCreated SystemTime=\"2014-02-05 13:36:54.853514+00:00\"></TimeCreated>\n<EventRecordID>1678</EventRecordID>\n<Correlation ActivityID=\"{8ccdc1f8-f6d1-4e47-9d56-6260bde8e21c}\" RelatedActivityID=\"\"></Correlation>\n<Execution ProcessID=\"1000\" ThreadID=\"2608\"></Execution>\n<Channel>Microsoft-Windows-Bits-Client/Operational</Channel>\n<Computer>IACIS-HDD-2014</Computer>\n<Security UserID=\"S-1-5-18\"></Security>\n</System>\n<EventData><Data Name=\"transferId\">{8ccdc1f8-f6d1-4e47-9d56-6260bde8e21c}</Data>\n<Data Name=\"name\">WU Client Download</Data>\n<Data Name=\"Id\">{78affda3-cb28-4a12-9ca0-d482e76df890}</Data>\n<Data Name=\"url\">http://au.download.windowsupdate.com/msdownload/update/software/secu/2011/11/msipatchregfix-amd64_0980874366baf49e6b6c191ab96223fb0ba091ff.exe</Data>\n<Data Name=\"peer\"></Data>\n<Data Name=\"fileTime\">2011-11-22 17:58:08+00:00</Data>\n<Data Name=\"fileLength\">172984</Data>\n<Data Name=\"bytesTotal\">172984</Data>\n<Data Name=\"bytesTransferred\">0</Data>\n<Data Name=\"bytesTransferredFromPeer\">0</Data>\n</EventData>\n</Event>\n"
  },
  {
    "EventID": 60,
    "Timestamp": "2014-02-05 13:36:55.368313+00:00",
    "Computer": "IACIS-HDD-2014",
    "Channel": "Microsoft-Windows-Bits-Client/Operational",
    "Level": "Information",
    "EventData": {
      "transferId": "{8ccdc1f8-f6d1-4e47-9d56-6260bde8e21c}",
      "name": "WU Client Download",
      "Id": "{78affda3-cb28-4a12-9ca0-d482e76df890}",
      "url": "http://au.download.windowsupdate.com/msdownload/update/software/secu/2011/11/msipatchregfix-amd64_0980874366baf49e6b6c191ab96223fb0ba091ff.exe",
      "peer": "",
      "hr": "0",
      "fileTime": "2011-11-22 17:58:08+00:00",
      "fileLength": "172984",
      "bytesTotal": "172984",
      "bytesTransferred": "172984",
      "proxy": "",
      "peerProtocolFlags": "0",
      "bytesTransferredFromPeer": "0",
      "AdditionalInfoHr": "0",
      "PeerContextInfo": "0",
      "bandwidthLimit": "18446744073709551615",
      "ignoreBandwidthLimitsOnLan": "False"
    },
    "RawXml": "<Event xmlns=\"http://schemas.microsoft.com/win/2004/08/events/event\"><System><Provider Name=\"Microsoft-Windows-Bits-Client\" Guid=\"{ef1cc15b-46c1-414e-bb95-e76b077bd51e}\"></Provider>\n<EventID Qualifiers=\"\">60</EventID>\n<Version>1</Version>\n<Level>4</Level>\n<Task>0</Task>\n<Opcode>2</Opcode>\n<Keywords>0x4000000000000000</Keywords>\n<TimeCreated SystemTime=\"2014-02-05 13:36:55.368313+00:00\"></TimeCreated>\n<EventRecordID>1679</EventRecordID>\n<Correlation ActivityID=\"{8ccdc1f8-f6d1-4e47-9d56-6260bde8e21c}\" RelatedActivityID=\"\"></Correlation>\n<Execution ProcessID=\"1000\" ThreadID=\"1312\"></Execution>\n<Channel>Microsoft-Windows-Bits-Client/Operational</Channel>\n<Computer>IACIS-HDD-2014</Computer>\n<Security UserID=\"S-1-5-18\"></Security>\n</System>\n<EventData><Data Name=\"transferId\">{8ccdc1f8-f6d1-4e47-9d56-6260bde8e21c}</Data>\n<Data Name=\"name\">WU Client Download</Data>\n<Data Name=\"Id\">{78affda3-cb28-4a12-9ca0-d482e76df890}</Data>\n<Data Name=\"url\">http://au.download.windowsupdate.com/msdownload/update/software/secu/2011/11/msipatchregfix-amd64_0980874366baf49e6b6c191ab96223fb0ba091ff.exe</Data>\n<Data Name=\"peer\"></Data>\n<Data Name=\"hr\">0</Data>\n<Data Name=\"fileTime\">2011-11-22 17:58:08+00:00</Data>\n<Data Name=\"fileLength\">172984</Data>\n<Data Name=\"bytesTotal\">172984</Data>\n<Data Name=\"bytesTransferred\">172984</Data>\n<Data Name=\"proxy\"></Data>\n<Data Name=\"peerProtocolFlags\">0</Data>\n<Data Name=\"bytesTransferredFromPeer\">0</Data>\n<Data Name=\"AdditionalInfoHr\">0</Data>\n<Data Name=\"PeerContextInfo\">0</Data>\n<Data Name=\"bandwidthLimit\">18446744073709551615</Data>\n<Data Name=\"ignoreBandwidthLimitsOnLan\">False</Data>\n</EventData>\n</Event>\n"
  },
  {
    "EventID": 4,
    "Timestamp": "2014-02-05 13:36:55.446314+00:00",
    "Computer": "IACIS-HDD-2014",
    "Channel": "Microsoft-Windows-Bits-Client/Operational",
    "Level": "Information",
    "EventData": {
      "User": "NT AUTHORITY\\SYSTEM",
      "jobTitle": "WU Client Download",
      "jobId": "{78affda3-cb28-4a12-9ca0-d482e76df890}",
      "jobOwner": "NT AUTHORITY\\SYSTEM",
      "fileCount": "1",
      "bytesTransferred": "172984",
      "bytesTransferredFromPeer": "0"
    },
    "RawXml": "<Event xmlns=\"http://schemas.microsoft.com/win/2004/08/events/event\"><System><Provider Name=\"Microsoft-Windows-Bits-Client\" Guid=\"{ef1cc15b-46c1-414e-bb95-e76b077bd51e}\"></Provider>\n<EventID Qualifiers=\"\">4</EventID>\n<Version>1</Version>\n<Level>4</Level>\n<Task>0</Task>\n<Opcode>0</Opcode>\n<Keywords>0x4000000000000000</Keywords>\n<TimeCreated SystemTime=\"2014-02-05 13:36:55.446314+00:00\"></TimeCreated>\n<EventRecordID>1680</EventRecordID>\n<Correlation ActivityID=\"\" RelatedActivityID=\"\"></Correlation>\n<Execution ProcessID=\"1000\" ThreadID=\"2620\"></Execution>\n<Channel>Microsoft-Windows-Bits-Client/Operational</Channel>\n<Computer>IACIS-HDD-2014</Computer>\n<Security UserID=\"S-1-5-18\"></Security>\n</System>\n<EventData><Data Name=\"User\">NT AUTHORITY\\SYSTEM</Data>\n<Data Name=\"jobTitle\">WU Client Download</Data>\n<Data Name=\"jobId\">{78affda3-cb28-4a12-9ca0-d482e76df890}</Data>\n<Data Name=\"jobOwner\">NT AUTHORITY\\SYSTEM</Data>\n<Data Name=\"fileCount\">1</Data>\n<Data Name=\"bytesTransferred\">172984</Data>\n<Data Name=\"bytesTransferredFromPeer\">0</Data>\n</EventData>\n</Event>\n"
  },
  {
    "EventID": 59,
    "Timestamp": "2014-02-05 13:36:55.571115+00:00",
    "Computer": "IACIS-HDD-2014",
    "Channel": "Microsoft-Windows-Bits-Client/Operational",
    "Level": "Information",
    "EventData": {
      "transferId": "{1ac0d4dc-17ce-485d-b669-28168acb52cc}",
      "name": "WU Client Download",
      "Id": "{549bd342-1d43-41e0-9d7a-a9ea42b36149}",
      "url": "http://au.download.windowsupdate.com/msdownload/update/software/secu/2012/03/ndp40-kb2604121-x64_2e71d482c909a200420e71c39061f48910df5c30.exe",
      "peer": "",
      "fileTime": "2012-03-15 21:03:52+00:00",
      "fileLength": "40175720",
      "bytesTotal": "40175720",
      "bytesTransferred": "0",
      "bytesTransferredFromPeer": "0"
    },
    "RawXml": "<Event xmlns=\"http://schemas.microsoft.com/win/2004/08/events/event\"><System><Provider Name=\"Microsoft-Windows-Bits-Client\" Guid=\"{ef1cc15b-46c1-414e-bb95-e76b077bd51e}\"></Provider>\n<EventID Qualifiers=\"\">59</EventID>\n<Version>1</Version>\n<Level>4</Level>\n<Task>0</Task>\n<Opcode>1</Opcode>\n<Keywords>0x4000000000000000</Keywords>\n<TimeCreated SystemTime=\"2014-02-05 13:36:55.571115+00:00\"></TimeCreated>\n<EventRecordID>1681</EventRecordID>\n<Correlation ActivityID=\"{1ac0d4dc-17ce-485d-b669-28168acb52cc}\" RelatedActivityID=\"\"></Correlation>\n<Execution ProcessID=\"1000\" ThreadID=\"2620\"></Execution>\n<Channel>Microsoft-Windows-Bits-Client/Operational</Channel>\n<Computer>IACIS-HDD-2014</Computer>\n<Security UserID=\"S-1-5-18\"></Security>\n</System>\n<EventData><Data Name=\"transferId\">{1ac0d4dc-17ce-485d-b669-28168acb52cc}</Data>\n<Data Name=\"name\">WU Client Download</Data>\n<Data Name=\"Id\">{549bd342-1d43-41e0-9d7a-a9ea42b36149}</Data>\n<Data Name=\"url\">http://au.download.windowsupdate.com/msdownload/update/software/secu/2012/03/ndp40-kb2604121-x64_2e71d482c909a200420e71c39061f48910df5c30.exe</Data>\n<Data Name=\"peer\"></Data>\n<Data Name=\"fileTime\">2012-03-15 21:03:52+00:00</Data>\n<Data Name=\"fileLength\">40175720</Data>\n<Data Name=\"bytesTotal\">40175720</Data>\n<Data Name=\"bytesTransferred\">0</Data>\n<Data Name=\"bytesTransferredFromPeer\">0</Data>\n</EventData>\n</Event>\n"
  },
  {
    "EventID": 60,
    "Timestamp": "2014-02-05 13:37:26.490368+00:00",
    "Computer": "IACIS-HDD-2014",
    "Channel": "Microsoft-Windows-Bits-Client/Operational",
    "Level": "Information",
    "EventData": {
      "transferId": "{1ac0d4dc-17ce-485d-b669-28168acb52cc}",
      "name": "WU Client Download",
      "Id": "{549bd342-1d43-41e0-9d7a-a9ea42b36149}",
      "url": "http://au.download.windowsupdate.com/msdownload/update/software/secu/2012/03/ndp40-kb2604121-x64_2e71d482c909a200420e71c39061f48910df5c30.exe",
      "peer": "",
      "hr": "0",
      "fileTime": "2012-03-15 21:03:52+00:00",
      "fileLength": "40175720",
      "bytesTotal": "40175720",
      "bytesTransferred": "40175720",
      "proxy": "",
      "peerProtocolFlags": "0",
      "bytesTransferredFromPeer": "0",
      "AdditionalInfoHr": "0",
      "PeerContextInfo": "0",
      "bandwidthLimit": "18446744073709551615",
      "ignoreBandwidthLimitsOnLan": "False"
    },
    "RawXml": "<Event xmlns=\"http://schemas.microsoft.com/win/2004/08/events/event\"><System><Provider Name=\"Microsoft-Windows-Bits-Client\" Guid=\"{ef1cc15b-46c1-414e-bb95-e76b077bd51e}\"></Provider>\n<EventID Qualifiers=\"\">60</EventID>\n<Version>1</Version>\n<Level>4</Level>\n<Task>0</Task>\n<Opcode>2</Opcode>\n<Keywords>0x4000000000000000</Keywords>\n<TimeCreated SystemTime=\"2014-02-05 13:37:26.490368+00:00\"></TimeCreated>\n<EventRecordID>1682</EventRecordID>\n<Correlation ActivityID=\"{1ac0d4dc-17ce-485d-b669-28168acb52cc}\" RelatedActivityID=\"\"></Correlation>\n<Execution ProcessID=\"1000\" ThreadID=\"2980\"></Execution>\n<Channel>Microsoft-Windows-Bits-Client/Operational</Channel>\n<Computer>IACIS-HDD-2014</Computer>\n<Security UserID=\"S-1-5-18\"></Security>\n</System>\n<EventData><Data Name=\"transferId\">{1ac0d4dc-17ce-485d-b669-28168acb52cc}</Data>\n<Data Name=\"name\">WU Client Download</Data>\n<Data Name=\"Id\">{549bd342-1d43-41e0-9d7a-a9ea42b36149}</Data>\n<Data Name=\"url\">http://au.download.windowsupdate.com/msdownload/update/software/secu/2012/03/ndp40-kb2604121-x64_2e71d482c909a200420e71c39061f48910df5c30.exe</Data>\n<Data Name=\"peer\"></Data>\n<Data Name=\"hr\">0</Data>\n<Data Name=\"fileTime\">2012-03-15 21:03:52+00:00</Data>\n<Data Name=\"fileLength\">40175720</Data>\n<Data Name=\"bytesTotal\">40175720</Data>\n<Data Name=\"bytesTransferred\">40175720</Data>\n<Data Name=\"proxy\"></Data>\n<Data Name=\"peerProtocolFlags\">0</Data>\n<Data Name=\"bytesTransferredFromPeer\">0</Data>\n<Data Name=\"AdditionalInfoHr\">0</Data>\n<Data Name=\"PeerContextInfo\">0</Data>\n<Data Name=\"bandwidthLimit\">18446744073709551615</Data>\n<Data Name=\"ignoreBandwidthLimitsOnLan\">False</Data>\n</EventData>\n</Event>\n"
  },
  {
    "EventID": 59,
    "Timestamp": "2014-02-05 13:37:26.693169+00:00",
    "Computer": "IACIS-HDD-2014",
    "Channel": "Microsoft-Windows-Bits-Client/Operational",
    "Level": "Information",
    "EventData": {
      "transferId": "{c65822a4-23e4-443a-9861-6a1047575a4a}",
      "name": "WU Client Download",
      "Id": "{1dcb007a-bc01-4033-b8ab-406835f09b79}",
      "url": "http://au.download.windowsupdate.com/msdownload/update/software/secu/2012/10/msipatchregfix-amd64_5011cb29b096fb674a4795ee8fc2f7fdad33863a.exe",
      "peer": "",
      "fileTime": "2012-10-23 23:15:41+00:00",
      "fileLength": "173608",
      "bytesTotal": "173608",
      "bytesTransferred": "0",
      "bytesTransferredFromPeer": "0"
    },
    "RawXml": "<Event xmlns=\"http://schemas.microsoft.com/win/2004/08/events/event\"><System><Provider Name=\"Microsoft-Windows-Bits-Client\" Guid=\"{ef1cc15b-46c1-414e-bb95-e76b077bd51e}\"></Provider>\n<EventID Qualifiers=\"\">59</EventID>\n<Version>1</Version>\n<Level>4</Level>\n<Task>0</Task>\n<Opcode>1</Opcode>\n<Keywords>0x4000000000000000</Keywords>\n<TimeCreated SystemTime=\"2014-02-05 13:37:26.693169+00:00\"></TimeCreated>\n<EventRecordID>1683</EventRecordID>\n<Correlation ActivityID=\"{c65822a4-23e4-443a-9861-6a1047575a4a}\" RelatedActivityID=\"\"></Correlation>\n<Execution ProcessID=\"1000\" ThreadID=\"2608\"></Execution>\n<Channel>Microsoft-Windows-Bits-Client/Operational</Channel>\n<Computer>IACIS-HDD-2014</Computer>\n<Security UserID=\"S-1-5-18\"></Security>\n</System>\n<EventData><Data Name=\"transferId\">{c65822a4-23e4-443a-9861-6a1047575a4a}</Data>\n<Data Name=\"name\">WU Client Download</Data>\n<Data Name=\"Id\">{1dcb007a-bc01-4033-b8ab-406835f09b79}</Data>\n<Data Name=\"url\">http://au.download.windowsupdate.com/msdownload/update/software/secu/2012/10/msipatchregfix-amd64_5011cb29b096fb674a4795ee8fc2f7fdad33863a.exe</Data>\n<Data Name=\"peer\"></Data>\n<Data Name=\"fileTime\">2012-10-23 23:15:41+00:00</Data>\n<Data Name=\"fileLength\">173608</Data>\n<Data Name=\"bytesTotal\">173608</Data>\n<Data Name=\"bytesTransferred\">0</Data>\n<Data Name=\"bytesTransferredFromPeer\">0</Data>\n</EventData>\n</Event>\n"
  },
  {
    "EventID": 4,
    "Timestamp": "2014-02-05 13:37:27.067570+00:00",
    "Computer": "IACIS-HDD-2014",
    "Channel": "Microsoft-Windows-Bits-Client/Operational",
    "Level": "Information",
    "EventData": {
      "User": "NT AUTHORITY\\SYSTEM",
      "jobTitle": "WU Client Download",
      "jobId": "{549bd342-1d43-41e0-9d7a-a9ea42b36149}",
      "jobOwner": "NT AUTHORITY\\SYSTEM",
      "fileCount": "1",
      "bytesTransferred": "40175720",
      "bytesTransferredFromPeer": "0"
    },
    "RawXml": "<Event xmlns=\"http://schemas.microsoft.com/win/2004/08/events/event\"><System><Provider Name=\"Microsoft-Windows-Bits-Client\" Guid=\"{ef1cc15b-46c1-414e-bb95-e76b077bd51e}\"></Provider>\n<EventID Qualifiers=\"\">4</EventID>\n<Version>1</Version>\n<Level>4</Level>\n<Task>0</Task>\n<Opcode>0</Opcode>\n<Keywords>0x4000000000000000</Keywords>\n<TimeCreated SystemTime=\"2014-02-05 13:37:27.067570+00:00\"></TimeCreated>\n<EventRecordID>1684</EventRecordID>\n<Correlation ActivityID=\"\" RelatedActivityID=\"\"></Correlation>\n<Execution ProcessID=\"1000\" ThreadID=\"2784\"></Execution>\n<Channel>Microsoft-Windows-Bits-Client/Operational</Channel>\n<Computer>IACIS-HDD-2014</Computer>\n<Security UserID=\"S-1-5-18\"></Security>\n</System>\n<EventData><Data Name=\"User\">NT AUTHORITY\\SYSTEM</Data>\n<Data Name=\"jobTitle\">WU Client Download</Data>\n<Data Name=\"jobId\">{549bd342-1d43-41e0-9d7a-a9ea42b36149}</Data>\n<Data Name=\"jobOwner\">NT AUTHORITY\\SYSTEM</Data>\n<Data Name=\"fileCount\">1</Data>\n<Data Name=\"bytesTransferred\">40175720</Data>\n<Data Name=\"bytesTransferredFromPeer\">0</Data>\n</EventData>\n</Event>\n"
  },
