  {
    "EventID": 3005,
    "Timestamp": "2014-01-29 15:27:49.620605+00:00",
    "Computer": "IACIS-HDD-2014",
    "Channel": "Microsoft-Windows-BranchCacheSMB/Operational",
    "Level": "Information",
    "EventData": {},
    "RawXml": "<Event xmlns=\"http://schemas.microsoft.com/win/2004/08/events/event\"><System><Provider Name=\"Microsoft-Windows-BranchCacheSMB\" Guid=\"{4a933674-fb3d-4e8d-b01d-17ee14e91a3e}\"></Provider>\n<EventID Qualifiers=\"\">3005</EventID>\n<Version>0</Version>\n<Level>4</Level>\n<Task>0</Task>\n<Opcode>0</Opcode>\n<Keywords>0x8000000000000800</Keywords>\n<TimeCreated SystemTime=\"2014-01-29 15:27:49.620605+00:00\"></TimeCreated>\n<EventRecordID>29</EventRecordID>\n<Correlation ActivityID=\"\" RelatedActivityID=\"\"></Correlation>\n<Execution ProcessID=\"900\" ThreadID=\"3624\"></Execution>\n<Channel>Microsoft-Windows-BranchCacheSMB/Operational</Channel>\n<Computer>IACIS-HDD-2014</Computer>\n<Security UserID=\"S-1-5-18\"></Security>\n</System>\n<UserData><CounterSummary xmlns:auto-ns3=\"http://schemas.microsoft.com/win/2004/08/events\" xmlns=\"CounterSummaryNs\"><ServiceActiveTimeInSeconds>10796</ServiceActiveTimeInSeconds>\n<SMBBranchCacheBytesRequested>0</SMBBranchCacheBytesRequested>\n<SMBBranchCacheBytesReceived>0</SMBBranchCacheBytesReceived>\n<SMBBranchCacheBytesPublished>0</SMBBranchCacheBytesPublished>\n<SMBBranchCacheBytesRequestedFromServer>0</SMBBranchCacheBytesRequestedFromServer>\n<SMBBranchCacheHashesRequested>0</SMBBranchCacheHashesRequested>\n<SMBBranchCacheHashesReceived>0</SMBBranchCacheHashesReceived>\n<SMBBranchCacheHashBytesReceived>0</SMBBranchCacheHashBytesReceived>\n<PrefetchOperationsQueued>0</PrefetchOperationsQueued>\n<PrefetchBytesReadFromCache>0</PrefetchBytesReadFromCache>\n<PrefetchBytesReadFromServer>0</PrefetchBytesReadFromServer>\n<ApplicationBytesReadFromCache>0</ApplicationBytesReadFromCache>\n<ApplicationBytesReadFromServer>0</ApplicationBytesReadFromServer>\n<ApplicationBytesReadFromServerNotCached>0</ApplicationBytesReadFromServerNotCached>\n</CounterSummary>\n</UserData>\n</Event>\n"
  },
  {
    "EventID": 3005,
    "Timestamp": "2014-02-03 12:00:41.906433+00:00",
    "Computer": "IACIS-HDD-2014",
    "Channel": "Microsoft-Windows-BranchCacheSMB/Operational",
    "Level": "Information",
    "EventData": {},
    "RawXml": "<Event xmlns=\"http://schemas.microsoft.com/win/2004/08/events/event\"><System><Provider Name=\"Microsoft-Windows-BranchCacheSMB\" Guid=\"{4a933674-fb3d-4e8d-b01d-17ee14e91a3e}\"></Provider>\n<EventID Qualifiers=\"\">3005</EventID>\n<Version>0</Version>\n<Level>4</Level>\n<Task>0</Task>\n<Opcode>0</Opcode>\n<Keywords>0x8000000000000800</Keywords>\n<TimeCreated SystemTime=\"2014-02-03 12:00:41.906433+00:00\"></TimeCreated>\n<EventRecordID>30</EventRecordID>\n<Correlation ActivityID=\"\" RelatedActivityID=\"\"></Correlation>\n<Execution ProcessID=\"904\" ThreadID=\"672\"></Execution>\n<Channel>Microsoft-Windows-BranchCacheSMB/Operational</Channel>\n<Computer>IACIS-HDD-2014</Computer>\n<Security UserID=\"S-1-5-18\"></Security>\n</System>\n<UserData><CounterSummary xmlns:auto-ns3=\"http://schemas.microsoft.com/win/2004/08/events\" xmlns=\"CounterSummaryNs\"><ServiceActiveTimeInSeconds>0</ServiceActiveTimeInSeconds>\n<SMBBranchCacheBytesRequested>0</SMBBranchCacheBytesRequested>\n<SMBBranchCacheBytesReceived>0</SMBBranchCacheBytesReceived>\n<SMBBranchCacheBytesPublished>0</SMBBranchCacheBytesPublished>\n<SMBBranchCacheBytesRequestedFromServer>0</SMBBranchCacheBytesRequestedFromServer>\n<SMBBranchCacheHashesRequested>0</SMBBranchCacheHashesRequested>\n<SMBBranchCacheHashesReceived>0</SMBBranchCacheHashesReceived>\n<SMBBranchCacheHashBytesReceived>0</SMBBranchCacheHashBytesReceived>\n<PrefetchOperationsQueued>0</PrefetchOperationsQueued>\n<PrefetchBytesReadFromCache>0</PrefetchBytesReadFromCache>\n<PrefetchBytesReadFromServer>0</PrefetchBytesReadFromServer>\n<ApplicationBytesReadFromCache>0</ApplicationBytesReadFromCache>\n<ApplicationBytesReadFromServer>0</ApplicationBytesReadFromServer>\n<ApplicationBytesReadFromServerNotCached>0</ApplicationBytesReadFromServerNotCached>\n</CounterSummary>\n</UserData>\n</Event>\n"
  },
  {
    "EventID": 3001,
    "Timestamp": "2014-02-03 12:00:42.895237+00:00",
    "Computer": "IACIS-HDD-2014",
    "Channel": "Microsoft-Windows-BranchCacheSMB/Operational",
    "Level": "Information",
    "EventData": {},
    "RawXml": "<Event xmlns=\"http://schemas.microsoft.com/win/2004/08/events/event\"><System><Provider Name=\"Microsoft-Windows-BranchCacheSMB\" Guid=\"{4a933674-fb3d-4e8d-b01d-17ee14e91a3e}\"></Provider>\n<EventID Qualifiers=\"\">3001</EventID>\n<Version>0</Version>\n<Level>4</Level>\n<Task>0</Task>\n<Opcode>0</Opcode>\n<Keywords>0x8000000000000800</Keywords>\n<TimeCreated SystemTime=\"2014-02-03 12:00:42.895237+00:00\"></TimeCreated>\n<EventRecordID>31</EventRecordID>\n<Correlation ActivityID=\"\" RelatedActivityID=\"\"></Correlation>\n<Execution ProcessID=\"904\" ThreadID=\"348\"></Execution>\n<Channel>Microsoft-Windows-BranchCacheSMB/Operational</Channel>\n<Computer>IACIS-HDD-2014</Computer>\n<Security UserID=\"S-1-5-18\"></Security>\n</System>\n<EventData></EventData>\n</Event>\n"
  },
  {
    "EventID": 3005,
    "Timestamp": "2014-02-03 12:01:58.001631+00:00",
    "Computer": "IACIS-HDD-2014",
    "Channel": "Microsoft-Windows-BranchCacheSMB/Operational",
    "Level": "Information",
    "EventData": {},
    "RawXml": "<Event xmlns=\"http://schemas.microsoft.com/win/2004/08/events/event\"><System><Provider Name=\"Microsoft-Windows-BranchCacheSMB\" Guid=\"{4a933674-fb3d-4e8d-b01d-17ee14e91a3e}\"></Provider>\n<EventID Qualifiers=\"\">3005</EventID>\n<Version>0</Version>\n<Level>4</Level>\n<Task>0</Task>\n<Opcode>0</Opcode>\n<Keywords>0x8000000000000800</Keywords>\n<TimeCreated SystemTime=\"2014-02-03 12:01:58.001631+00:00\"></TimeCreated>\n<EventRecordID>32</EventRecordID>\n<Correlation ActivityID=\"\" RelatedActivityID=\"\"></Correlation>\n<Execution ProcessID=\"900\" ThreadID=\"920\"></Execution>\n<Channel>Microsoft-Windows-BranchCacheSMB/Operational</Channel>\n<Computer>IACIS-HDD-2014</Computer>\n<Security UserID=\"S-1-5-18\"></Security>\n</System>\n<UserData><CounterSummary xmlns:auto-ns3=\"http://schemas.microsoft.com/win/2004/08/events\" xmlns=\"CounterSummaryNs\"><ServiceActiveTimeInSeconds>1</ServiceActiveTimeInSeconds>\n<SMBBranchCacheBytesRequested>0</SMBBranchCacheBytesRequested>\n<SMBBranchCacheBytesReceived>0</SMBBranchCacheBytesReceived>\n<SMBBranchCacheBytesPublished>0</SMBBranchCacheBytesPublished>\n<SMBBranchCacheBytesRequestedFromServer>0</SMBBranchCacheBytesRequestedFromServer>\n<SMBBranchCacheHashesRequested>0</SMBBranchCacheHashesRequested>\n<SMBBranchCacheHashesReceived>0</SMBBranchCacheHashesReceived>\n<SMBBranchCacheHashBytesReceived>0</SMBBranchCacheHashBytesReceived>\n<PrefetchOperationsQueued>0</PrefetchOperationsQueued>\n<PrefetchBytesReadFromCache>0</PrefetchBytesReadFromCache>\n<PrefetchBytesReadFromServer>0</PrefetchBytesReadFromServer>\n<ApplicationBytesReadFromCache>0</ApplicationBytesReadFromCache>\n<ApplicationBytesReadFromServer>0</ApplicationBytesReadFromServer>\n<ApplicationBytesReadFromServerNotCached>0</ApplicationBytesReadFromServerNotCached>\n</CounterSummary>\n</UserData>\n</Event>\n"
  },
  {
    "EventID": 3001,
    "Timestamp": "2014-02-03 12:01:59.015633+00:00",
    "Computer": "IACIS-HDD-2014",
    "Channel": "Microsoft-Windows-BranchCacheSMB/Operational",
    "Level": "Information",
    "EventData": {},
    "RawXml": "<Event xmlns=\"http://schemas.microsoft.com/win/2004/08/events/event\"><System><Provider Name=\"Microsoft-Windows-BranchCacheSMB\" Guid=\"{4a933674-fb3d-4e8d-b01d-17ee14e91a3e}\"></Provider>\n<EventID Qualifiers=\"\">3001</EventID>\n<Version>0</Version>\n<Level>4</Level>\n<Task>0</Task>\n<Opcode>0</Opcode>\n<Keywords>0x8000000000000800</Keywords>\n<TimeCreated SystemTime=\"2014-02-03 12:01:59.015633+00:00\"></TimeCreated>\n<EventRecordID>33</EventRecordID>\n<Correlation ActivityID=\"\" RelatedActivityID=\"\"></Correlation>\n<Execution ProcessID=\"900\" ThreadID=\"348\"></Execution>\n<Channel>Microsoft-Windows-BranchCacheSMB/Operational</Channel>\n<Computer>IACIS-HDD-2014</Computer>\n<Security UserID=\"S-1-5-18\"></Security>\n</System>\n<EventData></EventData>\n</Event>\n"
  },
  {
    "EventID": 3005,
    "Timestamp": "2014-02-03 13:01:58.005987+00:00",
    "Computer": "IACIS-HDD-2014",
    "Channel": "Microsoft-Windows-BranchCacheSMB/Operational",
    "Level": "Information",
    "EventData": {},
    "RawXml": "<Event xmlns=\"http://schemas.microsoft.com/win/2004/08/events/event\"><System><Provider Name=\"Microsoft-Windows-BranchCacheSMB\" Guid=\"{4a933674-fb3d-4e8d-b01d-17ee14e91a3e}\"></Provider>\n<EventID Qualifiers=\"\">3005</EventID>\n<Version>0</Version>\n<Level>4</Level>\n<Task>0</Task>\n<Opcode>0</Opcode>\n<Keywords>0x8000000000000800</Keywords>\n<TimeCreated SystemTime=\"2014-02-03 13:01:58.005987+00:00\"></TimeCreated>\n<EventRecordID>34</EventRecordID>\n<Correlation ActivityID=\"\" RelatedActivityID=\"\"></Correlation>\n<Execution ProcessID=\"900\" ThreadID=\"3528\"></Execution>\n<Channel>Microsoft-Windows-BranchCacheSMB/Operational</Channel>\n<Computer>IACIS-HDD-2014</Computer>\n<Security UserID=\"S-1-5-18\"></Security>\n</System>\n<UserData><CounterSummary xmlns:auto-ns3=\"http://schemas.microsoft.com/win/2004/08/events\" xmlns=\"CounterSummaryNs\"><ServiceActiveTimeInSeconds>3601</ServiceActiveTimeInSeconds>\n<SMBBranchCacheBytesRequested>0</SMBBranchCacheBytesRequested>\n<SMBBranchCacheBytesReceived>0</SMBBranchCacheBytesReceived>\n<SMBBranchCacheBytesPublished>0</SMBBranchCacheBytesPublished>\n<SMBBranchCacheBytesRequestedFromServer>0</SMBBranchCacheBytesRequestedFromServer>\n<SMBBranchCacheHashesRequested>0</SMBBranchCacheHashesRequested>\n<SMBBranchCacheHashesReceived>0</SMBBranchCacheHashesReceived>\n<SMBBranchCacheHashBytesReceived>0</SMBBranchCacheHashBytesReceived>\n<PrefetchOperationsQueued>0</PrefetchOperationsQueued>\n<PrefetchBytesReadFromCache>0</PrefetchBytesReadFromCache>\n<PrefetchBytesReadFromServer>0</PrefetchBytesReadFromServer>\n<ApplicationBytesReadFromCache>0</ApplicationBytesReadFromCache>\n<ApplicationBytesReadFromServer>0</ApplicationBytesReadFromServer>\n<ApplicationBytesReadFromServerNotCached>0</ApplicationBytesReadFromServerNotCached>\n</CounterSummary>\n</UserData>\n</Event>\n"
  },
  {
    "EventID": 3005,
    "Timestamp": "2014-02-03 14:01:57.992851+00:00",
    "Computer": "IACIS-HDD-2014",
    "Channel": "Microsoft-Windows-BranchCacheSMB/Operational",
    "Level": "Information",
    "EventData": {},
    "RawXml": "<Event xmlns=\"http://schemas.microsoft.com/win/2004/08/events/event\"><System><Provider Name=\"Microsoft-Windows-BranchCacheSMB\" Guid=\"{4a933674-fb3d-4e8d-b01d-17ee14e91a3e}\"></Provider>\n<EventID Qualifiers=\"\">3005</EventID>\n<Version>0</Version>\n<Level>4</Level>\n<Task>0</Task>\n<Opcode>0</Opcode>\n<Keywords>0x8000000000000800</Keywords>\n<TimeCreated SystemTime=\"2014-02-03 14:01:57.992851+00:00\"></TimeCreated>\n<EventRecordID>35</EventRecordID>\n<Correlation ActivityID=\"\" RelatedActivityID=\"\"></Correlation>\n<Execution ProcessID=\"900\" ThreadID=\"2164\"></Execution>\n<Channel>Microsoft-Windows-BranchCacheSMB/Operational</Channel>\n<Computer>IACIS-HDD-2014</Computer>\n<Security UserID=\"S-1-5-18\"></Security>\n</System>\n<UserData><CounterSummary xmlns:auto-ns3=\"http://schemas.microsoft.com/win/2004/08/events\" xmlns=\"CounterSummaryNs\"><ServiceActiveTimeInSeconds>7200</ServiceActiveTimeInSeconds>\n<SMBBranchCacheBytesRequested>0</SMBBranchCacheBytesRequested>\n<SMBBranchCacheBytesReceived>0</SMBBranchCacheBytesReceived>\n<SMBBranchCacheBytesPublished>0</SMBBranchCacheBytesPublished>\n<SMBBranchCacheBytesRequestedFromServer>0</SMBBranchCacheBytesRequestedFromServer>\n<SMBBranchCacheHashesRequested>0</SMBBranchCacheHashesRequested>\n<SMBBranchCacheHashesReceived>0</SMBBranchCacheHashesReceived>\n<SMBBranchCacheHashBytesReceived>0</SMBBranchCacheHashBytesReceived>\n<PrefetchOperationsQueued>0</PrefetchOperationsQueued>\n<PrefetchBytesReadFromCache>0</PrefetchBytesReadFromCache>\n<PrefetchBytesReadFromServer>0</PrefetchBytesReadFromServer>\n<ApplicationBytesReadFromCache>0</ApplicationBytesReadFromCache>\n<ApplicationBytesReadFromServer>0</ApplicationBytesReadFromServer>\n<ApplicationBytesReadFromServerNotCached>0</ApplicationBytesReadFromServerNotCached>\n</CounterSummary>\n</UserData>\n</Event>\n"
  },
  {
    "EventID": 3005,
    "Timestamp": "2014-02-03 15:01:57.995575+00:00",
    "Computer": "IACIS-HDD-2014",
    "Channel": "Microsoft-Windows-BranchCacheSMB/Operational",
    "Level": "Information",
    "EventData": {},
    "RawXml": "<Event xmlns=\"http://schemas.microsoft.com/win/2004/08/events/event\"><System><Provider Name=\"Microsoft-Windows-BranchCacheSMB\" Guid=\"{4a933674-fb3d-4e8d-b01d-17ee14e91a3e}\"></Provider>\n<EventID Qualifiers=\"\">3005</EventID>\n<Version>0</Version>\n<Level>4</Level>\n<Task>0</Task>\n<Opcode>0</Opcode>\n<Keywords>0x8000000000000800</Keywords>\n<TimeCreated SystemTime=\"2014-02-03 15:01:57.995575+00:00\"></TimeCreated>\n<EventRecordID>36</EventRecordID>\n<Correlation ActivityID=\"\" RelatedActivityID=\"\"></Correlation>\n<Execution ProcessID=\"900\" ThreadID=\"1000\"></Execution>\n<Channel>Microsoft-Windows-BranchCacheSMB/Operational</Channel>\n<Computer>IACIS-HDD-2014</Computer>\n<Security UserID=\"S-1-5-18\"></Security>\n</System>\n<UserData><CounterSummary xmlns:auto-ns3=\"http://schemas.microsoft.com/win/2004/08/events\" xmlns=\"CounterSummaryNs\"><ServiceActiveTimeInSeconds>10800</ServiceActiveTimeInSeconds>\n<SMBBranchCacheBytesRequested>0</SMBBranchCacheBytesRequested>\n<SMBBranchCacheBytesReceived>0</SMBBranchCacheBytesReceived>\n<SMBBranchCacheBytesPublished>0</SMBBranchCacheBytesPublished>\n<SMBBranchCacheBytesRequestedFromServer>0</SMBBranchCacheBytesRequestedFromServer>\n<SMBBranchCacheHashesRequested>0</SMBBranchCacheHashesRequested>\n<SMBBranchCacheHashesReceived>0</SMBBranchCacheHashesReceived>\n<SMBBranchCacheHashBytesReceived>0</SMBBranchCacheHashBytesReceived>\n<PrefetchOperationsQueued>0</PrefetchOperationsQueued>\n<PrefetchBytesReadFromCache>0</PrefetchBytesReadFromCache>\n<PrefetchBytesReadFromServer>0</PrefetchBytesReadFromServer>\n<ApplicationBytesReadFromCache>0</ApplicationBytesReadFromCache>\n<ApplicationBytesReadFromServer>0</ApplicationBytesReadFromServer>\n<ApplicationBytesReadFromServerNotCached>0</ApplicationBytesReadFromServerNotCached>\n</CounterSummary>\n</UserData>\n</Event>\n"
  },
  {
    "EventID": 3005,
    "Timestamp": "2014-02-03 16:01:57.990301+00:00",
    "Computer": "IACIS-HDD-2014",
    "Channel": "Microsoft-Windows-BranchCacheSMB/Operational",
    "Level": "Information",
    "EventData": {},
    "RawXml": "<Event xmlns=\"http://schemas.microsoft.com/win/2004/08/events/event\"><System><Provider Name=\"Microsoft-Windows-BranchCacheSMB\" Guid=\"{4a933674-fb3d-4e8d-b01d-17ee14e91a3e}\"></Provider>\n<EventID Qualifiers=\"\">3005</EventID>\n<Version>0</Version>\n<Level>4</Level>\n<Task>0</Task>\n<Opcode>0</Opcode>\n<Keywords>0x8000000000000800</Keywords>\n<TimeCreated SystemTime=\"2014-02-03 16:01:57.990301+00:00\"></TimeCreated>\n<EventRecordID>37</EventRecordID>\n<Correlation ActivityID=\"\" RelatedActivityID=\"\"></Correlation>\n<Execution ProcessID=\"900\" ThreadID=\"2164\"></Execution>\n<Channel>Microsoft-Windows-BranchCacheSMB/Operational</Channel>\n<Computer>IACIS-HDD-2014</Computer>\n<Security UserID=\"S-1-5-18\"></Security>\n</System>\n<UserData><CounterSummary xmlns:auto-ns3=\"http://schemas.microsoft.com/win/2004/08/events\" xmlns=\"CounterSummaryNs\"><ServiceActiveTimeInSeconds>14400</ServiceActiveTimeInSeconds>\n<SMBBranchCacheBytesRequested>0</SMBBranchCacheBytesRequested>\n<SMBBranchCacheBytesReceived>0</SMBBranchCacheBytesReceived>\n<SMBBranchCacheBytesPublished>0</SMBBranchCacheBytesPublished>\n<SMBBranchCacheBytesRequestedFromServer>0</SMBBranchCacheBytesRequestedFromServer>\n<SMBBranchCacheHashesRequested>0</SMBBranchCacheHashesRequested>\n<SMBBranchCacheHashesReceived>0</SMBBranchCacheHashesReceived>\n<SMBBranchCacheHashBytesReceived>0</SMBBranchCacheHashBytesReceived>\n<PrefetchOperationsQueued>0</PrefetchOperationsQueued>\n<PrefetchBytesReadFromCache>0</PrefetchBytesReadFromCache>\n<PrefetchBytesReadFromServer>0</PrefetchBytesReadFromServer>\n<ApplicationBytesReadFromCache>0</ApplicationBytesReadFromCache>\n<ApplicationBytesReadFromServer>0</ApplicationBytesReadFromServer>\n<ApplicationBytesReadFromServerNotCached>0</ApplicationBytesReadFromServerNotCached>\n</CounterSummary>\n</UserData>\n</Event>\n"
  },
  {
    "EventID": 3005,
    "Timestamp": "2014-02-03 17:01:57.996626+00:00",
    "Computer": "IACIS-HDD-2014",
    "Channel": "Microsoft-Windows-BranchCacheSMB/Operational",
    "Level": "Information",
    "EventData": {},
    "RawXml": "<Event xmlns=\"http://schemas.microsoft.com/win/2004/08/events/event\"><System><Provider Name=\"Microsoft-Windows-BranchCacheSMB\" Guid=\"{4a933674-fb3d-4e8d-b01d-17ee14e91a3e}\"></Provider>\n<EventID Qualifiers=\"\">3005</EventID>\n<Version>0</Version>\n<Level>4</Level>\n<Task>0</Task>\n<Opcode>0</Opcode>\n<Keywords>0x8000000000000800</Keywords>\n<TimeCreated SystemTime=\"2014-02-03 17:01:57.996626+00:00\"></TimeCreated>\n<EventRecordID>38</EventRecordID>\n<Correlation ActivityID=\"\" RelatedActivityID=\"\"></Correlation>\n<Execution ProcessID=\"900\" ThreadID=\"2164\"></Execution>\n<Channel>Microsoft-Windows-BranchCacheSMB/Operational</Channel>\n<Computer>IACIS-HDD-2014</Computer>\n<Security UserID=\"S-1-5-18\"></Security>\n</System>\n<UserData><CounterSummary xmlns:auto-ns3=\"http://schemas.microsoft.com/win/2004/08/events\" xmlns=\"CounterSummaryNs\"><ServiceActiveTimeInSeconds>18000</ServiceActiveTimeInSeconds>\n<SMBBranchCacheBytesRequested>0</SMBBranchCacheBytesRequested>\n<SMBBranchCacheBytesReceived>0</SMBBranchCacheBytesReceived>\n<SMBBranchCacheBytesPublished>0</SMBBranchCacheBytesPublished>\n<SMBBranchCacheBytesRequestedFromServer>0</SMBBranchCacheBytesRequestedFromServer>\n<SMBBranchCacheHashesRequested>0</SMBBranchCacheHashesRequested>\n<SMBBranchCacheHashesReceived>0</SMBBranchCacheHashesReceived>\n<SMBBranchCacheHashBytesReceived>0</SMBBranchCacheHashBytesReceived>\n<PrefetchOperationsQueued>0</PrefetchOperationsQueued>\n<PrefetchBytesReadFromCache>0</PrefetchBytesReadFromCache>\n<PrefetchBytesReadFromServer>0</PrefetchBytesReadFromServer>\n<ApplicationBytesReadFromCache>0</ApplicationBytesReadFromCache>\n<ApplicationBytesReadFromServer>0</ApplicationBytesReadFromServer>\n<ApplicationBytesReadFromServerNotCached>0</ApplicationBytesReadFromServerNotCached>\n</CounterSummary>\n</UserData>\n</Event>\n"
  },
  {
    "EventID": 3005,
    "Timestamp": "2014-02-04 14:11:39.274059+00:00",
    "Computer": "IACIS-HDD-2014",
    "Channel": "Microsoft-Windows-BranchCacheSMB/Operational",
    "Level": "Information",
    "EventData": {},
    "RawXml": "<Event xmlns=\"http://schemas.microsoft.com/win/2004/08/events/event\"><System><Provider Name=\"Microsoft-Windows-BranchCacheSMB\" Guid=\"{4a933674-fb3d-4e8d-b01d-17ee14e91a3e}\"></Provider>\n<EventID Qualifiers=\"\">3005</EventID>\n<Version>0</Version>\n<Level>4</Level>\n<Task>0</Task>\n<Opcode>0</Opcode>\n<Keywords>0x8000000000000800</Keywords>\n<TimeCreated SystemTime=\"2014-02-04 14:11:39.274059+00:00\"></TimeCreated>\n<EventRecordID>39</EventRecordID>\n<Correlation ActivityID=\"\" RelatedActivityID=\"\"></Correlation>\n<Execution ProcessID=\"912\" ThreadID=\"928\"></Execution>\n<Channel>Microsoft-Windows-BranchCacheSMB/Operational</Channel>\n<Computer>IACIS-HDD-2014</Computer>\n<Security UserID=\"S-1-5-18\"></Security>\n</System>\n<UserData><CounterSummary xmlns:auto-ns3=\"http://schemas.microsoft.com/win/2004/08/events\" xmlns=\"CounterSummaryNs\"><ServiceActiveTimeInSeconds>0</ServiceActiveTimeInSeconds>\n<SMBBranchCacheBytesRequested>0</SMBBranchCacheBytesRequested>\n<SMBBranchCacheBytesReceived>0</SMBBranchCacheBytesReceived>\n<SMBBranchCacheBytesPublished>0</SMBBranchCacheBytesPublished>\n<SMBBranchCacheBytesRequestedFromServer>0</SMBBranchCacheBytesRequestedFromServer>\n<SMBBranchCacheHashesRequested>0</SMBBranchCacheHashesRequested>\n<SMBBranchCacheHashesReceived>0</SMBBranchCacheHashesReceived>\n<SMBBranchCacheHashBytesReceived>0</SMBBranchCacheHashBytesReceived>\n<PrefetchOperationsQueued>0</PrefetchOperationsQueued>\n<PrefetchBytesReadFromCache>0</PrefetchBytesReadFromCache>\n<PrefetchBytesReadFromServer>0</PrefetchBytesReadFromServer>\n<ApplicationBytesReadFromCache>0</ApplicationBytesReadFromCache>\n<ApplicationBytesReadFromServer>0</ApplicationBytesReadFromServer>\n<ApplicationBytesReadFromServerNotCached>0</ApplicationBytesReadFromServerNotCached>\n</CounterSummary>\n</UserData>\n</Event>\n"
  },
  {
    "EventID": 3001,
    "Timestamp": "2014-02-04 14:11:40.288061+00:00",
    "Computer": "IACIS-HDD-2014",
    "Channel": "Microsoft-Windows-BranchCacheSMB/Operational",
    "Level": "Information",
    "EventData": {},
    "RawXml": "<Event xmlns=\"http://schemas.microsoft.com/win/2004/08/events/event\"><System><Provider Name=\"Microsoft-Windows-BranchCacheSMB\" Guid=\"{4a933674-fb3d-4e8d-b01d-17ee14e91a3e}\"></Provider>\n<EventID Qualifiers=\"\">3001</EventID>\n<Version>0</Version>\n<Level>4</Level>\n<Task>0</Task>\n<Opcode>0</Opcode>\n<Keywords>0x8000000000000800</Keywords>\n<TimeCreated SystemTime=\"2014-02-04 14:11:40.288061+00:00\"></TimeCreated>\n<EventRecordID>40</EventRecordID>\n<Correlation ActivityID=\"\" RelatedActivityID=\"\"></Correlation>\n<Execution ProcessID=\"912\" ThreadID=\"404\"></Execution>\n<Channel>Microsoft-Windows-BranchCacheSMB/Operational</Channel>\n<Computer>IACIS-HDD-2014</Computer>\n<Security UserID=\"S-1-5-18\"></Security>\n</System>\n<EventData></EventData>\n</Event>\n"
  },
  {
    "EventID": 3005,
    "Timestamp": "2014-02-04 15:11:39.477850+00:00",
    "Computer": "IACIS-HDD-2014",
    "Channel": "Microsoft-Windows-BranchCacheSMB/Operational",
    "Level": "Information",
    "EventData": {},
    "RawXml": "<Event xmlns=\"http://schemas.microsoft.com/win/2004/08/events/event\"><System><Provider Name=\"Microsoft-Windows-BranchCacheSMB\" Guid=\"{4a933674-fb3d-4e8d-b01d-17ee14e91a3e}\"></Provider>\n<EventID Qualifiers=\"\">3005</EventID>\n<Version>0</Version>\n<Level>4</Level>\n<Task>0</Task>\n<Opcode>0</Opcode>\n<Keywords>0x8000000000000800</Keywords>\n<TimeCreated SystemTime=\"2014-02-04 15:11:39.477850+00:00\"></TimeCreated>\n<EventRecordID>41</EventRecordID>\n<Correlation ActivityID=\"\" RelatedActivityID=\"\"></Correlation>\n<Execution ProcessID=\"912\" ThreadID=\"3744\"></Execution>\n<Channel>Microsoft-Windows-BranchCacheSMB/Operational</Channel>\n<Computer>IACIS-HDD-2014</Computer>\n<Security UserID=\"S-1-5-18\"></Security>\n</System>\n<UserData><CounterSummary xmlns:auto-ns3=\"http://schemas.microsoft.com/win/2004/08/events\" xmlns=\"CounterSummaryNs\"><ServiceActiveTimeInSeconds>3600</ServiceActiveTimeInSeconds>\n<SMBBranchCacheBytesRequested>0</SMBBranchCacheBytesRequested>\n<SMBBranchCacheBytesReceived>0</SMBBranchCacheBytesReceived>\n<SMBBranchCacheBytesPublished>0</SMBBranchCacheBytesPublished>\n<SMBBranchCacheBytesRequestedFromServer>0</SMBBranchCacheBytesRequestedFromServer>\n<SMBBranchCacheHashesRequested>0</SMBBranchCacheHashesRequested>\n<SMBBranchCacheHashesReceived>0</SMBBranchCacheHashesReceived>\n<SMBBranchCacheHashBytesReceived>0</SMBBranchCacheHashBytesReceived>\n<PrefetchOperationsQueued>0</PrefetchOperationsQueued>\n<PrefetchBytesReadFromCache>0</PrefetchBytesReadFromCache>\n<PrefetchBytesReadFromServer>0</PrefetchBytesReadFromServer>\n<ApplicationBytesReadFromCache>0</ApplicationBytesReadFromCache>\n<ApplicationBytesReadFromServer>0</ApplicationBytesReadFromServer>\n<ApplicationBytesReadFromServerNotCached>0</ApplicationBytesReadFromServerNotCached>\n</CounterSummary>\n</UserData>\n</Event>\n"
  },
  {
    "EventID": 3005,
    "Timestamp": "2014-02-04 16:11:39.348913+00:00",
    "Computer": "IACIS-HDD-2014",
    "Channel": "Microsoft-Windows-BranchCacheSMB/Operational",
    "Level": "Information",
    "EventData": {},
    "RawXml": "<Event xmlns=\"http://schemas.microsoft.com/win/2004/08/events/event\"><System><Provider Name=\"Microsoft-Windows-BranchCacheSMB\" Guid=\"{4a933674-fb3d-4e8d-b01d-17ee14e91a3e}\"></Provider>\n<EventID Qualifiers=\"\">3005</EventID>\n<Version>0</Version>\n<Level>4</Level>\n<Task>0</Task>\n<Opcode>0</Opcode>\n<Keywords>0x8000000000000800</Keywords>\n<TimeCreated SystemTime=\"2014-02-04 16:11:39.348913+00:00\"></TimeCreated>\n<EventRecordID>42</EventRecordID>\n<Correlation ActivityID=\"\" RelatedActivityID=\"\"></Correlation>\n<Execution ProcessID=\"912\" ThreadID=\"3300\"></Execution>\n<Channel>Microsoft-Windows-BranchCacheSMB/Operational</Channel>\n<Computer>IACIS-HDD-2014</Computer>\n<Security UserID=\"S-1-5-18\"></Security>\n</System>\n<UserData><CounterSummary xmlns:auto-ns3=\"http://schemas.microsoft.com/win/2004/08/events\" xmlns=\"CounterSummaryNs\"><ServiceActiveTimeInSeconds>7200</ServiceActiveTimeInSeconds>\n<SMBBranchCacheBytesRequested>0</SMBBranchCacheBytesRequested>\n<SMBBranchCacheBytesReceived>0</SMBBranchCacheBytesReceived>\n<SMBBranchCacheBytesPublished>0</SMBBranchCacheBytesPublished>\n<SMBBranchCacheBytesRequestedFromServer>0</SMBBranchCacheBytesRequestedFromServer>\n<SMBBranchCacheHashesRequested>0</SMBBranchCacheHashesRequested>\n<SMBBranchCacheHashesReceived>0</SMBBranchCacheHashesReceived>\n<SMBBranchCacheHashBytesReceived>0</SMBBranchCacheHashBytesReceived>\n<PrefetchOperationsQueued>0</PrefetchOperationsQueued>\n<PrefetchBytesReadFromCache>0</PrefetchBytesReadFromCache>\n<PrefetchBytesReadFromServer>0</PrefetchBytesReadFromServer>\n<ApplicationBytesReadFromCache>0</ApplicationBytesReadFromCache>\n<ApplicationBytesReadFromServer>0</ApplicationBytesReadFromServer>\n<ApplicationBytesReadFromServerNotCached>0</ApplicationBytesReadFromServerNotCached>\n</CounterSummary>\n</UserData>\n</Event>\n"
  },
  {
    "EventID": 3005,
    "Timestamp": "2014-02-04 17:11:39.270836+00:00",
    "Computer": "IACIS-HDD-2014",
    "Channel": "Microsoft-Windows-BranchCacheSMB/Operational",
    "Level": "Information",
    "EventData": {},
    "RawXml": "<Event xmlns=\"http://schemas.microsoft.com/win/2004/08/events/event\"><System><Provider Name=\"Microsoft-Windows-BranchCacheSMB\" Guid=\"{4a933674-fb3d-4e8d-b01d-17ee14e91a3e}\"></Provider>\n<EventID Qualifiers=\"\">3005</EventID>\n<Version>0</Version>\n<Level>4</Level>\n<Task>0</Task>\n<Opcode>0</Opcode>\n<Keywords>0x8000000000000800</Keywords>\n<TimeCreated SystemTime=\"2014-02-04 17:11:39.270836+00:00\"></TimeCreated>\n<EventRecordID>43</EventRecordID>\n<Correlation ActivityID=\"\" RelatedActivityID=\"\"></Correlation>\n<Execution ProcessID=\"912\" ThreadID=\"4072\"></Execution>\n<Channel>Microsoft-Windows-BranchCacheSMB/Operational</Channel>\n<Computer>IACIS-HDD-2014</Computer>\n<Security UserID=\"S-1-5-18\"></Security>\n</System>\n<UserData><CounterSummary xmlns:auto-ns3=\"http://schemas.microsoft.com/win/2004/08/events\" xmlns=\"CounterSummaryNs\"><ServiceActiveTimeInSeconds>10800</ServiceActiveTimeInSeconds>\n<SMBBranchCacheBytesRequested>0</SMBBranchCacheBytesRequested>\n<SMBBranchCacheBytesReceived>0</SMBBranchCacheBytesReceived>\n<SMBBranchCacheBytesPublished>0</SMBBranchCacheBytesPublished>\n<SMBBranchCacheBytesRequestedFromServer>0</SMBBranchCacheBytesRequestedFromServer>\n<SMBBranchCacheHashesRequested>0</SMBBranchCacheHashesRequested>\n<SMBBranchCacheHashesReceived>0</SMBBranchCacheHashesReceived>\n<SMBBranchCacheHashBytesReceived>0</SMBBranchCacheHashBytesReceived>\n<PrefetchOperationsQueued>0</PrefetchOperationsQueued>\n<PrefetchBytesReadFromCache>0</PrefetchBytesReadFromCache>\n<PrefetchBytesReadFromServer>0</PrefetchBytesReadFromServer>\n<ApplicationBytesReadFromCache>0</ApplicationBytesReadFromCache>\n<ApplicationBytesReadFromServer>0</ApplicationBytesReadFromServer>\n<ApplicationBytesReadFromServerNotCached>0</ApplicationBytesReadFromServerNotCached>\n</CounterSummary>\n</UserData>\n</Event>\n"
  },
  {
    "EventID": 3005,
    "Timestamp": "2014-02-04 18:11:39.268478+00:00",
    "Computer": "IACIS-HDD-2014",
    "Channel": "Microsoft-Windows-BranchCacheSMB/Operational",
    "Level": "Information",
    "EventData": {},
    "RawXml": "<Event xmlns=\"http://schemas.microsoft.com/win/2004/08/events/event\"><System><Provider Name=\"Microsoft-Windows-BranchCacheSMB\" Guid=\"{4a933674-fb3d-4e8d-b01d-17ee14e91a3e}\"></Provider>\n<EventID Qualifiers=\"\">3005</EventID>\n<Version>0</Version>\n<Level>4</Level>\n<Task>0</Task>\n<Opcode>0</Opcode>\n<Keywords>0x8000000000000800</Keywords>\n<TimeCreated SystemTime=\"2014-02-04 18:11:39.268478+00:00\"></TimeCreated>\n<EventRecordID>44</EventRecordID>\n<Correlation ActivityID=\"\" RelatedActivityID=\"\"></Correlation>\n<Execution ProcessID=\"912\" ThreadID=\"1212\"></Execution>\n<Channel>Microsoft-Windows-BranchCacheSMB/Operational</Channel>\n<Computer>IACIS-HDD-2014</Computer>\n<Security UserID=\"S-1-5-18\"></Security>\n</System>\n<UserData><CounterSummary xmlns:auto-ns3=\"http://schemas.microsoft.com/win/2004/08/events\" xmlns=\"CounterSummaryNs\"><ServiceActiveTimeInSeconds>14400</ServiceActiveTimeInSeconds>\n<SMBBranchCacheBytesRequested>0</SMBBranchCacheBytesRequested>\n<SMBBranchCacheBytesReceived>0</SMBBranchCacheBytesReceived>\n<SMBBranchCacheBytesPublished>0</SMBBranchCacheBytesPublished>\n<SMBBranchCacheBytesRequestedFromServer>0</SMBBranchCacheBytesRequestedFromServer>\n<SMBBranchCacheHashesRequested>0</SMBBranchCacheHashesRequested>\n<SMBBranchCacheHashesReceived>0</SMBBranchCacheHashesReceived>\n<SMBBranchCacheHashBytesReceived>0</SMBBranchCacheHashBytesReceived>\n<PrefetchOperationsQueued>0</PrefetchOperationsQueued>\n<PrefetchBytesReadFromCache>0</PrefetchBytesReadFromCache>\n<PrefetchBytesReadFromServer>0</PrefetchBytesReadFromServer>\n<ApplicationBytesReadFromCache>0</ApplicationBytesReadFromCache>\n<ApplicationBytesReadFromServer>0</ApplicationBytesReadFromServer>\n<ApplicationBytesReadFromServerNotCached>0</ApplicationBytesReadFromServerNotCached>\n</CounterSummary>\n</UserData>\n</Event>\n"
  },
  {
    "EventID": 3005,
    "Timestamp": "2014-02-04 19:11:39.269007+00:00",
    "Computer": "IACIS-HDD-2014",
    "Channel": "Microsoft-Windows-BranchCacheSMB/Operational",
    "Level": "Information",
    "EventData": {},
    "RawXml": "<Event xmlns=\"http://schemas.microsoft.com/win/2004/08/events/event\"><System><Provider Name=\"Microsoft-Windows-BranchCacheSMB\" Guid=\"{4a933674-fb3d-4e8d-b01d-17ee14e91a3e}\"></Provider>\n<EventID Qualifiers=\"\">3005</EventID>\n<Version>0</Version>\n<Level>4</Level>\n<Task>0</Task>\n<Opcode>0</Opcode>\n<Keywords>0x8000000000000800</Keywords>\n<TimeCreated SystemTime=\"2014-02-04 19:11:39.269007+00:00\"></TimeCreated>\n<EventRecordID>45</EventRecordID>\n<Correlation ActivityID=\"\" RelatedActivityID=\"\"></Correlation>\n<Execution ProcessID=\"912\" ThreadID=\"3208\"></Execution>\n<Channel>Microsoft-Windows-BranchCacheSMB/Operational</Channel>\n<Computer>IACIS-HDD-2014</Computer>\n<Security UserID=\"S-1-5-18\"></Security>\n</System>\n<UserData><CounterSummary xmlns:auto-ns3=\"http://schemas.microsoft.com/win/2004/08/events\" xmlns=\"CounterSummaryNs\"><ServiceActiveTimeInSeconds>18000</ServiceActiveTimeInSeconds>\n<SMBBranchCacheBytesRequested>0</SMBBranchCacheBytesRequested>\n<SMBBranchCacheBytesReceived>0</SMBBranchCacheBytesReceived>\n<SMBBranchCacheBytesPublished>0</SMBBranchCacheBytesPublished>\n<SMBBranchCacheBytesRequestedFromServer>0</SMBBranchCacheBytesRequestedFromServer>\n<SMBBranchCacheHashesRequested>0</SMBBranchCacheHashesRequested>\n<SMBBranchCacheHashesReceived>0</SMBBranchCacheHashesReceived>\n<SMBBranchCacheHashBytesReceived>0</SMBBranchCacheHashBytesReceived>\n<PrefetchOperationsQueued>0</PrefetchOperationsQueued>\n<PrefetchBytesReadFromCache>0</PrefetchBytesReadFromCache>\n<PrefetchBytesReadFromServer>0</PrefetchBytesReadFromServer>\n<ApplicationBytesReadFromCache>0</ApplicationBytesReadFromCache>\n<ApplicationBytesReadFromServer>0</ApplicationBytesReadFromServer>\n<ApplicationBytesReadFromServerNotCached>0</ApplicationBytesReadFromServerNotCached>\n</CounterSummary>\n</UserData>\n</Event>\n"
  },
  {
    "EventID": 3005,
    "Timestamp": "2014-02-05 13:30:34.026440+00:00",
    "Computer": "IACIS-HDD-2014",
    "Channel": "Microsoft-Windows-BranchCacheSMB/Operational",
    "Level": "Information",
    "EventData": {},
    "RawXml": "<Event xmlns=\"http://schemas.microsoft.com/win/2004/08/events/event\"><System><Provider Name=\"Microsoft-Windows-BranchCacheSMB\" Guid=\"{4a933674-fb3d-4e8d-b01d-17ee14e91a3e}\"></Provider>\n<EventID Qualifiers=\"\">3005</EventID>\n<Version>0</Version>\n<Level>4</Level>\n<Task>0</Task>\n<Opcode>0</Opcode>\n<Keywords>0x8000000000000800</Keywords>\n<TimeCreated SystemTime=\"2014-02-05 13:30:34.026440+00:00\"></TimeCreated>\n<EventRecordID>46</EventRecordID>\n<Correlation ActivityID=\"\" RelatedActivityID=\"\"></Correlation>\n<Execution ProcessID=\"928\" ThreadID=\"948\"></Execution>\n<Channel>Microsoft-Windows-BranchCacheSMB/Operational</Channel>\n<Computer>IACIS-HDD-2014</Computer>\n<Security UserID=\"S-1-5-18\"></Security>\n</System>\n<UserData><CounterSummary xmlns:auto-ns3=\"http://schemas.microsoft.com/win/2004/08/events\" xmlns=\"CounterSummaryNs\"><ServiceActiveTimeInSeconds>0</ServiceActiveTimeInSeconds>\n<SMBBranchCacheBytesRequested>0</SMBBranchCacheBytesRequested>\n<SMBBranchCacheBytesReceived>0</SMBBranchCacheBytesReceived>\n<SMBBranchCacheBytesPublished>0</SMBBranchCacheBytesPublished>\n<SMBBranchCacheBytesRequestedFromServer>0</SMBBranchCacheBytesRequestedFromServer>\n<SMBBranchCacheHashesRequested>0</SMBBranchCacheHashesRequested>\n<SMBBranchCacheHashesReceived>0</SMBBranchCacheHashesReceived>\n<SMBBranchCacheHashBytesReceived>0</SMBBranchCacheHashBytesReceived>\n<PrefetchOperationsQueued>0</PrefetchOperationsQueued>\n<PrefetchBytesReadFromCache>0</PrefetchBytesReadFromCache>\n<PrefetchBytesReadFromServer>0</PrefetchBytesReadFromServer>\n<ApplicationBytesReadFromCache>0</ApplicationBytesReadFromCache>\n<ApplicationBytesReadFromServer>0</ApplicationBytesReadFromServer>\n<ApplicationBytesReadFromServerNotCached>0</ApplicationBytesReadFromServerNotCached>\n</CounterSummary>\n</UserData>\n</Event>\n"
  },
  {
    "EventID": 3001,
    "Timestamp": "2014-02-05 13:30:35.026443+00:00",
    "Computer": "IACIS-HDD-2014",
    "Channel": "Microsoft-Windows-BranchCacheSMB/Operational",
    "Level": "Information",
    "EventData": {},
    "RawXml": "<Event xmlns=\"http://schemas.microsoft.com/win/2004/08/events/event\"><System><Provider Name=\"Microsoft-Windows-BranchCacheSMB\" Guid=\"{4a933674-fb3d-4e8d-b01d-17ee14e91a3e}\"></Provider>\n<EventID Qualifiers=\"\">3001</EventID>\n<Version>0</Version>\n<Level>4</Level>\n<Task>0</Task>\n<Opcode>0</Opcode>\n<Keywords>0x8000000000000800</Keywords>\n<TimeCreated SystemTime=\"2014-02-05 13:30:35.026443+00:00\"></TimeCreated>\n<EventRecordID>47</EventRecordID>\n<Correlation ActivityID=\"\" RelatedActivityID=\"\"></Correlation>\n<Execution ProcessID=\"928\" ThreadID=\"312\"></Execution>\n<Channel>Microsoft-Windows-BranchCacheSMB/Operational</Channel>\n<Computer>IACIS-HDD-2014</Computer>\n<Security UserID=\"S-1-5-18\"></Security>\n</System>\n<EventData></EventData>\n</Event>\n"
  },
  {
    "EventID": 3005,
    "Timestamp": "2014-02-05 14:30:34.050278+00:00",
    "Computer": "IACIS-HDD-2014",
    "Channel": "Microsoft-Windows-BranchCacheSMB/Operational",
    "Level": "Information",
    "EventData": {},
    "RawXml": "<Event xmlns=\"http://schemas.microsoft.com/win/2004/08/events/event\"><System><Provider Name=\"Microsoft-Windows-BranchCacheSMB\" Guid=\"{4a933674-fb3d-4e8d-b01d-17ee14e91a3e}\"></Provider>\n<EventID Qualifiers=\"\">3005</EventID>\n<Version>0</Version>\n<Level>4</Level>\n<Task>0</Task>\n<Opcode>0</Opcode>\n<Keywords>0x8000000000000800</Keywords>\n<TimeCreated SystemTime=\"2014-02-05 14:30:34.050278+00:00\"></TimeCreated>\n<EventRecordID>48</EventRecordID>\n<Correlation ActivityID=\"\" RelatedActivityID=\"\"></Correlation>\n<Execution ProcessID=\"928\" ThreadID=\"3344\"></Execution>\n<Channel>Microsoft-Windows-BranchCacheSMB/Operational</Channel>\n<Computer>IACIS-HDD-2014</Computer>\n<Security UserID=\"S-1-5-18\"></Security>\n</System>\n<UserData><CounterSummary xmlns:auto-ns3=\"http://schemas.microsoft.com/win/2004/08/events\" xmlns=\"CounterSummaryNs\"><ServiceActiveTimeInSeconds>3600</ServiceActiveTimeInSeconds>\n<SMBBranchCacheBytesRequested>0</SMBBranchCacheBytesRequested>\n<SMBBranchCacheBytesReceived>0</SMBBranchCacheBytesReceived>\n<SMBBranchCacheBytesPublished>0</SMBBranchCacheBytesPublished>\n<SMBBranchCacheBytesRequestedFromServer>0</SMBBranchCacheBytesRequestedFromServer>\n<SMBBranchCacheHashesRequested>0</SMBBranchCacheHashesRequested>\n<SMBBranchCacheHashesReceived>0</SMBBranchCacheHashesReceived>\n<SMBBranchCacheHashBytesReceived>0</SMBBranchCacheHashBytesReceived>\n<PrefetchOperationsQueued>0</PrefetchOperationsQueued>\n<PrefetchBytesReadFromCache>0</PrefetchBytesReadFromCache>\n<PrefetchBytesReadFromServer>0</PrefetchBytesReadFromServer>\n<ApplicationBytesReadFromCache>0</ApplicationBytesReadFromCache>\n<ApplicationBytesReadFromServer>0</ApplicationBytesReadFromServer>\n<ApplicationBytesReadFromServerNotCached>0</ApplicationBytesReadFromServerNotCached>\n</CounterSummary>\n</UserData>\n</Event>\n"
  },
  {
    "EventID": 3005,
    "Timestamp": "2014-02-05 15:30:34.370213+00:00",
    "Computer": "IACIS-HDD-2014",
    "Channel": "Microsoft-Windows-BranchCacheSMB/Operational",
    "Level": "Information",
    "EventData": {},
    "RawXml": "<Event xmlns=\"http://schemas.microsoft.com/win/2004/08/events/event\"><System><Provider Name=\"Microsoft-Windows-BranchCacheSMB\" Guid=\"{4a933674-fb3d-4e8d-b01d-17ee14e91a3e}\"></Provider>\n<EventID Qualifiers=\"\">3005</EventID>\n<Version>0</Version>\n<Level>4</Level>\n<Task>0</Task>\n<Opcode>0</Opcode>\n<Keywords>0x8000000000000800</Keywords>\n<TimeCreated SystemTime=\"2014-02-05 15:30:34.370213+00:00\"></TimeCreated>\n<EventRecordID>49</EventRecordID>\n<Correlation ActivityID=\"\" RelatedActivityID=\"\"></Correlation>\n<Execution ProcessID=\"928\" ThreadID=\"1764\"></Execution>\n<Channel>Microsoft-Windows-BranchCacheSMB/Operational</Channel>\n<Computer>IACIS-HDD-2014</Computer>\n<Security UserID=\"S-1-5-18\"></Security>\n</System>\n<UserData><CounterSummary xmlns:auto-ns3=\"http://schemas.microsoft.com/win/2004/08/events\" xmlns=\"CounterSummaryNs\"><ServiceActiveTimeInSeconds>7200</ServiceActiveTimeInSeconds>\n<SMBBranchCacheBytesRequested>0</SMBBranchCacheBytesRequested>\n<SMBBranchCacheBytesReceived>0</SMBBranchCacheBytesReceived>\n<SMBBranchCacheBytesPublished>0</SMBBranchCacheBytesPublished>\n<SMBBranchCacheBytesRequestedFromServer>0</SMBBranchCacheBytesRequestedFromServer>\n<SMBBranchCacheHashesRequested>0</SMBBranchCacheHashesRequested>\n<SMBBranchCacheHashesReceived>0</SMBBranchCacheHashesReceived>\n<SMBBranchCacheHashBytesReceived>0</SMBBranchCacheHashBytesReceived>\n<PrefetchOperationsQueued>0</PrefetchOperationsQueued>\n<PrefetchBytesReadFromCache>0</PrefetchBytesReadFromCache>\n<PrefetchBytesReadFromServer>0</PrefetchBytesReadFromServer>\n<ApplicationBytesReadFromCache>0</ApplicationBytesReadFromCache>\n<ApplicationBytesReadFromServer>0</ApplicationBytesReadFromServer>\n<ApplicationBytesReadFromServerNotCached>0</ApplicationBytesReadFromServerNotCached>\n</CounterSummary>\n</UserData>\n</Event>\n"
  },
  {
    "EventID": 3005,
    "Timestamp": "2014-02-05 16:30:34.024506+00:00",
    "Computer": "IACIS-HDD-2014",
    "Channel": "Microsoft-Windows-BranchCacheSMB/Operational",
    "Level": "Information",
    "EventData": {},
    "RawXml": "<Event xmlns=\"http://schemas.microsoft.com/win/2004/08/events/event\"><System><Provider Name=\"Microsoft-Windows-BranchCacheSMB\" Guid=\"{4a933674-fb3d-4e8d-b01d-17ee14e91a3e}\"></Provider>\n<EventID Qualifiers=\"\">3005</EventID>\n<Version>0</Version>\n<Level>4</Level>\n<Task>0</Task>\n<Opcode>0</Opcode>\n<Keywords>0x8000000000000800</Keywords>\n<TimeCreated SystemTime=\"2014-02-05 16:30:34.024506+00:00\"></TimeCreated>\n<EventRecordID>50</EventRecordID>\n<Correlation ActivityID=\"\" RelatedActivityID=\"\"></Correlation>\n<Execution ProcessID=\"928\" ThreadID=\"2948\"></Execution>\n<Channel>Microsoft-Windows-BranchCacheSMB/Operational</Channel>\n<Computer>IACIS-HDD-2014</Computer>\n<Security UserID=\"S-1-5-18\"></Security>\n</System>\n<UserData><CounterSummary xmlns:auto-ns3=\"http://schemas.microsoft.com/win/2004/08/events\" xmlns=\"CounterSummaryNs\"><ServiceActiveTimeInSeconds>10800</ServiceActiveTimeInSeconds>\n<SMBBranchCacheBytesRequested>0</SMBBranchCacheBytesRequested>\n<SMBBranchCacheBytesReceived>0</SMBBranchCacheBytesReceived>\n<SMBBranchCacheBytesPublished>0</SMBBranchCacheBytesPublished>\n<SMBBranchCacheBytesRequestedFromServer>0</SMBBranchCacheBytesRequestedFromServer>\n<SMBBranchCacheHashesRequested>0</SMBBranchCacheHashesRequested>\n<SMBBranchCacheHashesReceived>0</SMBBranchCacheHashesReceived>\n<SMBBranchCacheHashBytesReceived>0</SMBBranchCacheHashBytesReceived>\n<PrefetchOperationsQueued>0</PrefetchOperationsQueued>\n<PrefetchBytesReadFromCache>0</PrefetchBytesReadFromCache>\n<PrefetchBytesReadFromServer>0</PrefetchBytesReadFromServer>\n<ApplicationBytesReadFromCache>0</ApplicationBytesReadFromCache>\n<ApplicationBytesReadFromServer>0</ApplicationBytesReadFromServer>\n<ApplicationBytesReadFromServerNotCached>0</ApplicationBytesReadFromServerNotCached>\n</CounterSummary>\n</UserData>\n</Event>\n"
  },
  {
    "EventID": 3005,
    "Timestamp": "2014-02-05 17:30:34.386028+00:00",
    "Computer": "IACIS-HDD-2014",
    "Channel": "Microsoft-Windows-BranchCacheSMB/Operational",
    "Level": "Information",
    "EventData": {},
    "RawXml": "<Event xmlns=\"http://schemas.microsoft.com/win/2004/08/events/event\"><System><Provider Name=\"Microsoft-Windows-BranchCacheSMB\" Guid=\"{4a933674-fb3d-4e8d-b01d-17ee14e91a3e}\"></Provider>\n<EventID Qualifiers=\"\">3005</EventID>\n<Version>0</Version>\n<Level>4</Level>\n<Task>0</Task>\n<Opcode>0</Opcode>\n<Keywords>0x8000000000000800</Keywords>\n<TimeCreated SystemTime=\"2014-02-05 17:30:34.386028+00:00\"></TimeCreated>\n<EventRecordID>51</EventRecordID>\n<Correlation ActivityID=\"\" RelatedActivityID=\"\"></Correlation>\n<Execution ProcessID=\"928\" ThreadID=\"3068\"></Execution>\n<Channel>Microsoft-Windows-BranchCacheSMB/Operational</Channel>\n<Computer>IACIS-HDD-2014</Computer>\n<Security UserID=\"S-1-5-18\"></Security>\n</System>\n<UserData><CounterSummary xmlns:auto-ns3=\"http://schemas.microsoft.com/win/2004/08/events\" xmlns=\"CounterSummaryNs\"><ServiceActiveTimeInSeconds>14400</ServiceActiveTimeInSeconds>\n<SMBBranchCacheBytesRequested>0</SMBBranchCacheBytesRequested>\n<SMBBranchCacheBytesReceived>0</SMBBranchCacheBytesReceived>\n<SMBBranchCacheBytesPublished>0</SMBBranchCacheBytesPublished>\n<SMBBranchCacheBytesRequestedFromServer>0</SMBBranchCacheBytesRequestedFromServer>\n<SMBBranchCacheHashesRequested>0</SMBBranchCacheHashesRequested>\n<SMBBranchCacheHashesReceived>0</SMBBranchCacheHashesReceived>\n<SMBBranchCacheHashBytesReceived>0</SMBBranchCacheHashBytesReceived>\n<PrefetchOperationsQueued>0</PrefetchOperationsQueued>\n<PrefetchBytesReadFromCache>0</PrefetchBytesReadFromCache>\n<PrefetchBytesReadFromServer>0</PrefetchBytesReadFromServer>\n<ApplicationBytesReadFromCache>0</ApplicationBytesReadFromCache>\n<ApplicationBytesReadFromServer>0</ApplicationBytesReadFromServer>\n<ApplicationBytesReadFromServerNotCached>0</ApplicationBytesReadFromServerNotCached>\n</CounterSummary>\n</UserData>\n</Event>\n"
  },
  {
    "EventID": 3005,
    "Timestamp": "2014-02-05 18:30:34.018742+00:00",
    "Computer": "IACIS-HDD-2014",
    "Channel": "Microsoft-Windows-BranchCacheSMB/Operational",
    "Level": "Information",
    "EventData": {},
    "RawXml": "<Event xmlns=\"http://schemas.microsoft.com/win/2004/08/events/event\"><System><Provider Name=\"Microsoft-Windows-BranchCacheSMB\" Guid=\"{4a933674-fb3d-4e8d-b01d-17ee14e91a3e}\"></Provider>\n<EventID Qualifiers=\"\">3005</EventID>\n<Version>0</Version>\n<Level>4</Level>\n<Task>0</Task>\n<Opcode>0</Opcode>\n<Keywords>0x8000000000000800</Keywords>\n<TimeCreated SystemTime=\"2014-02-05 18:30:34.018742+00:00\"></TimeCreated>\n<EventRecordID>52</EventRecordID>\n<Correlation ActivityID=\"\" RelatedActivityID=\"\"></Correlation>\n<Execution ProcessID=\"928\" ThreadID=\"3340\"></Execution>\n<Channel>Microsoft-Windows-BranchCacheSMB/Operational</Channel>\n<Computer>IACIS-HDD-2014</Computer>\n<Security UserID=\"S-1-5-18\"></Security>\n</System>\n<UserData><CounterSummary xmlns:auto-ns3=\"http://schemas.microsoft.com/win/2004/08/events\" xmlns=\"CounterSummaryNs\"><ServiceActiveTimeInSeconds>18000</ServiceActiveTimeInSeconds>\n<SMBBranchCacheBytesRequested>0</SMBBranchCacheBytesRequested>\n<SMBBranchCacheBytesReceived>0</SMBBranchCacheBytesReceived>\n<SMBBranchCacheBytesPublished>0</SMBBranchCacheBytesPublished>\n<SMBBranchCacheBytesRequestedFromServer>0</SMBBranchCacheBytesRequestedFromServer>\n<SMBBranchCacheHashesRequested>0</SMBBranchCacheHashesRequested>\n<SMBBranchCacheHashesReceived>0</SMBBranchCacheHashesReceived>\n<SMBBranchCacheHashBytesReceived>0</SMBBranchCacheHashBytesReceived>\n<PrefetchOperationsQueued>0</PrefetchOperationsQueued>\n<PrefetchBytesReadFromCache>0</PrefetchBytesReadFromCache>\n<PrefetchBytesReadFromServer>0</PrefetchBytesReadFromServer>\n<ApplicationBytesReadFromCache>0</ApplicationBytesReadFromCache>\n<ApplicationBytesReadFromServer>0</ApplicationBytesReadFromServer>\n<ApplicationBytesReadFromServerNotCached>0</ApplicationBytesReadFromServerNotCached>\n</CounterSummary>\n</UserData>\n</Event>\n"
  },
  {
    "EventID": 3005,
    "Timestamp": "2014-02-06 11:20:31.844032+00:00",
    "Computer": "IACIS-HDD-2014",
    "Channel": "Microsoft-Windows-BranchCacheSMB/Operational",
    "Level": "Information",
    "EventData": {},
    "RawXml": "<Event xmlns=\"http://schemas.microsoft.com/win/2004/08/events/event\"><System><Provider Name=\"Microsoft-Windows-BranchCacheSMB\" Guid=\"{4a933674-fb3d-4e8d-b01d-17ee14e91a3e}\"></Provider>\n<EventID Qualifiers=\"\">3005</EventID>\n<Version>0</Version>\n<Level>4</Level>\n<Task>0</Task>\n<Opcode>0</Opcode>\n<Keywords>0x8000000000000800</Keywords>\n<TimeCreated SystemTime=\"2014-02-06 11:20:31.844032+00:00\"></TimeCreated>\n<EventRecordID>53</EventRecordID>\n<Correlation ActivityID=\"\" RelatedActivityID=\"\"></Correlation>\n<Execution ProcessID=\"888\" ThreadID=\"908\"></Execution>\n<Channel>Microsoft-Windows-BranchCacheSMB/Operational</Channel>\n<Computer>IACIS-HDD-2014</Computer>\n<Security UserID=\"S-1-5-18\"></Security>\n</System>\n<UserData><CounterSummary xmlns:auto-ns3=\"http://schemas.microsoft.com/win/2004/08/events\" xmlns=\"CounterSummaryNs\"><ServiceActiveTimeInSeconds>0</ServiceActiveTimeInSeconds>\n<SMBBranchCacheBytesRequested>0</SMBBranchCacheBytesRequested>\n<SMBBranchCacheBytesReceived>0</SMBBranchCacheBytesReceived>\n<SMBBranchCacheBytesPublished>0</SMBBranchCacheBytesPublished>\n<SMBBranchCacheBytesRequestedFromServer>0</SMBBranchCacheBytesRequestedFromServer>\n<SMBBranchCacheHashesRequested>0</SMBBranchCacheHashesRequested>\n<SMBBranchCacheHashesReceived>0</SMBBranchCacheHashesReceived>\n<SMBBranchCacheHashBytesReceived>0</SMBBranchCacheHashBytesReceived>\n<PrefetchOperationsQueued>0</PrefetchOperationsQueued>\n<PrefetchBytesReadFromCache>0</PrefetchBytesReadFromCache>\n<PrefetchBytesReadFromServer>0</PrefetchBytesReadFromServer>\n<ApplicationBytesReadFromCache>0</ApplicationBytesReadFromCache>\n<ApplicationBytesReadFromServer>0</ApplicationBytesReadFromServer>\n<ApplicationBytesReadFromServerNotCached>0</ApplicationBytesReadFromServerNotCached>\n</CounterSummary>\n</UserData>\n</Event>\n"
  },
  {
    "EventID": 3001,
    "Timestamp": "2014-02-06 11:20:33.530842+00:00",
    "Computer": "IACIS-HDD-2014",
    "Channel": "Microsoft-Windows-BranchCacheSMB/Operational",
    "Level": "Information",
    "EventData": {},
    "RawXml": "<Event xmlns=\"http://schemas.microsoft.com/win/2004/08/events/event\"><System><Provider Name=\"Microsoft-Windows-BranchCacheSMB\" Guid=\"{4a933674-fb3d-4e8d-b01d-17ee14e91a3e}\"></Provider>\n<EventID Qualifiers=\"\">3001</EventID>\n<Version>0</Version>\n<Level>4</Level>\n<Task>0</Task>\n<Opcode>0</Opcode>\n<Keywords>0x8000000000000800</Keywords>\n<TimeCreated SystemTime=\"2014-02-06 11:20:33.530842+00:00\"></TimeCreated>\n<EventRecordID>54</EventRecordID>\n<Correlation ActivityID=\"\" RelatedActivityID=\"\"></Correlation>\n<Execution ProcessID=\"888\" ThreadID=\"332\"></Execution>\n<Channel>Microsoft-Windows-BranchCacheSMB/Operational</Channel>\n<Computer>IACIS-HDD-2014</Computer>\n<Security UserID=\"S-1-5-18\"></Security>\n</System>\n<EventData></EventData>\n</Event>\n"
  },
