  {
    "EventID": 100,
    "Timestamp": "2014-02-03 12:02:03.828861+00:00",
    "Computer": "IACIS-HDD-2014",
    "Channel": "Microsoft-Windows-Diagnosis-DPS/Operational",
    "Level": "Information",
    "EventData": {
      "ScenarioId": "{2698178d-fdad-40ae-9d3c-1371703adc5b}",
      "InstanceId": "{3c90db79-64d8-4ee5-b518-d650ef6a55b8}",
      "OriginalActivityId": "{2698178d-fdad-40ae-9d3c-1371703adc5b}",
      "DiagnosticModuleImageName": "%SystemRoot%\\system32\\diagperf.dll",
      "DiagnosticModuleId": "{15fba3b8-a37a-4f91-bdba-fbb98fe804bf}"
    },
    "RawXml": "<Event xmlns=\"http://schemas.microsoft.com/win/2004/08/events/event\"><System><Provider Name=\"Microsoft-Windows-Diagnosis-DPS\" Guid=\"{6bba3851-2c7e-4dea-8f54-31e5afd029e3}\"></Provider>\n<EventID Qualifiers=\"\">100</EventID>\n<Version>0</Version>\n<Level>4</Level>\n<Task>1</Task>\n<Opcode>12</Opcode>\n<Keywords>0x4000000800000000</Keywords>\n<TimeCreated SystemTime=\"2014-02-03 12:02:03.828861+00:00\"></TimeCreated>\n<EventRecordID>211</EventRecordID>\n<Correlation ActivityID=\"{3c90db79-64d8-4ee5-b518-d650ef6a55b8}\" RelatedActivityID=\"\"></Correlation>\n<Execution ProcessID=\"1336\" ThreadID=\"1348\"></Execution>\n<Channel>Microsoft-Windows-Diagnosis-DPS/Operational</Channel>\n<Computer>IACIS-HDD-2014</Computer>\n<Security UserID=\"S-1-5-19\"></Security>\n</System>\n<EventData><Data Name=\"ScenarioId\">{2698178d-fdad-40ae-9d3c-1371703adc5b}</Data>\n<Data Name=\"InstanceId\">{3c90db79-64d8-4ee5-b518-d650ef6a55b8}</Data>\n<Data Name=\"OriginalActivityId\">{2698178d-fdad-40ae-9d3c-1371703adc5b}</Data>\n<Data Name=\"DiagnosticModuleImageName\">%SystemRoot%\\system32\\diagperf.dll</Data>\n<Data Name=\"DiagnosticModuleId\">{15fba3b8-a37a-4f91-bdba-fbb98fe804bf}</Data>\n</EventData>\n</Event>\n"
  },
  {
    "EventID": 105,
    "Timestamp": "2014-02-03 12:02:03.828861+00:00",
    "Computer": "IACIS-HDD-2014",
    "Channel": "Microsoft-Windows-Diagnosis-DPS/Operational",
    "Level": "Information",
    "EventData": {
      "ScenarioId": "{2698178d-fdad-40ae-9d3c-1371703adc5b}",
      "InstanceId": "{3c90db79-64d8-4ee5-b518-d650ef6a55b8}",
      "OriginalActivityId": "{2698178d-fdad-40ae-9d3c-1371703adc5b}",
      "DiagnosticModuleImageName": "%SystemRoot%\\system32\\diagperf.dll",
      "DiagnosticModuleId": "{15fba3b8-a37a-4f91-bdba-fbb98fe804bf}"
    },
    "RawXml": "<Event xmlns=\"http://schemas.microsoft.com/win/2004/08/events/event\"><System><Provider Name=\"Microsoft-Windows-Diagnosis-DPS\" Guid=\"{6bba3851-2c7e-4dea-8f54-31e5afd029e3}\"></Provider>\n<EventID Qualifiers=\"\">105</EventID>\n<Version>0</Version>\n<Level>4</Level>\n<Task>1</Task>\n<Opcode>13</Opcode>\n<Keywords>0x4000000800000000</Keywords>\n<TimeCreated SystemTime=\"2014-02-03 12:02:03.828861+00:00\"></TimeCreated>\n<EventRecordID>212</EventRecordID>\n<Correlation ActivityID=\"{3c90db79-64d8-4ee5-b518-d650ef6a55b8}\" RelatedActivityID=\"\"></Correlation>\n<Execution ProcessID=\"1336\" ThreadID=\"1348\"></Execution>\n<Channel>Microsoft-Windows-Diagnosis-DPS/Operational</Channel>\n<Computer>IACIS-HDD-2014</Computer>\n<Security UserID=\"S-1-5-19\"></Security>\n</System>\n<EventData><Data Name=\"ScenarioId\">{2698178d-fdad-40ae-9d3c-1371703adc5b}</Data>\n<Data Name=\"InstanceId\">{3c90db79-64d8-4ee5-b518-d650ef6a55b8}</Data>\n<Data Name=\"OriginalActivityId\">{2698178d-fdad-40ae-9d3c-1371703adc5b}</Data>\n<Data Name=\"DiagnosticModuleImageName\">%SystemRoot%\\system32\\diagperf.dll</Data>\n<Data Name=\"DiagnosticModuleId\">{15fba3b8-a37a-4f91-bdba-fbb98fe804bf}</Data>\n</EventData>\n</Event>\n"
  },
  {
    "EventID": 100,
    "Timestamp": "2014-02-03 12:04:52.821383+00:00",
    "Computer": "IACIS-HDD-2014",
    "Channel": "Microsoft-Windows-Diagnosis-DPS/Operational",
    "Level": "Information",
    "EventData": {
      "ScenarioId": "{86432a0b-3c7d-4ddf-a89c-172faa90485d}",
      "InstanceId": "{67d8dee2-cbd6-4dc0-b5fb-9b6768f1a827}",
      "OriginalActivityId": "{86432a0b-3c7d-4ddf-a89c-172faa90485d}",
      "DiagnosticModuleImageName": "%SystemRoot%\\system32\\diagperf.dll",
      "DiagnosticModuleId": "{c8544339-5be9-4f25-862e-485f1b1a6935}"
    },
    "RawXml": "<Event xmlns=\"http://schemas.microsoft.com/win/2004/08/events/event\"><System><Provider Name=\"Microsoft-Windows-Diagnosis-DPS\" Guid=\"{6bba3851-2c7e-4dea-8f54-31e5afd029e3}\"></Provider>\n<EventID Qualifiers=\"\">100</EventID>\n<Version>0</Version>\n<Level>4</Level>\n<Task>1</Task>\n<Opcode>12</Opcode>\n<Keywords>0x4000000800000000</Keywords>\n<TimeCreated SystemTime=\"2014-02-03 12:04:52.821383+00:00\"></TimeCreated>\n<EventRecordID>213</EventRecordID>\n<Correlation ActivityID=\"{67d8dee2-cbd6-4dc0-b5fb-9b6768f1a827}\" RelatedActivityID=\"\"></Correlation>\n<Execution ProcessID=\"1336\" ThreadID=\"684\"></Execution>\n<Channel>Microsoft-Windows-Diagnosis-DPS/Operational</Channel>\n<Computer>IACIS-HDD-2014</Computer>\n<Security UserID=\"S-1-5-19\"></Security>\n</System>\n<EventData><Data Name=\"ScenarioId\">{86432a0b-3c7d-4ddf-a89c-172faa90485d}</Data>\n<Data Name=\"InstanceId\">{67d8dee2-cbd6-4dc0-b5fb-9b6768f1a827}</Data>\n<Data Name=\"OriginalActivityId\">{86432a0b-3c7d-4ddf-a89c-172faa90485d}</Data>\n<Data Name=\"DiagnosticModuleImageName\">%SystemRoot%\\system32\\diagperf.dll</Data>\n<Data Name=\"DiagnosticModuleId\">{c8544339-5be9-4f25-862e-485f1b1a6935}</Data>\n</EventData>\n</Event>\n"
  },
  {
    "EventID": 105,
    "Timestamp": "2014-02-03 12:04:52.821383+00:00",
    "Computer": "IACIS-HDD-2014",
    "Channel": "Microsoft-Windows-Diagnosis-DPS/Operational",
    "Level": "Information",
    "EventData": {
      "ScenarioId": "{86432a0b-3c7d-4ddf-a89c-172faa90485d}",
      "InstanceId": "{67d8dee2-cbd6-4dc0-b5fb-9b6768f1a827}",
      "OriginalActivityId": "{86432a0b-3c7d-4ddf-a89c-172faa90485d}",
      "DiagnosticModuleImageName": "%SystemRoot%\\system32\\diagperf.dll",
      "DiagnosticModuleId": "{c8544339-5be9-4f25-862e-485f1b1a6935}"
    },
    "RawXml": "<Event xmlns=\"http://schemas.microsoft.com/win/2004/08/events/event\"><System><Provider Name=\"Microsoft-Windows-Diagnosis-DPS\" Guid=\"{6bba3851-2c7e-4dea-8f54-31e5afd029e3}\"></Provider>\n<EventID Qualifiers=\"\">105</EventID>\n<Version>0</Version>\n<Level>4</Level>\n<Task>1</Task>\n<Opcode>13</Opcode>\n<Keywords>0x4000000800000000</Keywords>\n<TimeCreated SystemTime=\"2014-02-03 12:04:52.821383+00:00\"></TimeCreated>\n<EventRecordID>214</EventRecordID>\n<Correlation ActivityID=\"{67d8dee2-cbd6-4dc0-b5fb-9b6768f1a827}\" RelatedActivityID=\"\"></Correlation>\n<Execution ProcessID=\"1336\" ThreadID=\"684\"></Execution>\n<Channel>Microsoft-Windows-Diagnosis-DPS/Operational</Channel>\n<Computer>IACIS-HDD-2014</Computer>\n<Security UserID=\"S-1-5-19\"></Security>\n</System>\n<EventData><Data Name=\"ScenarioId\">{86432a0b-3c7d-4ddf-a89c-172faa90485d}</Data>\n<Data Name=\"InstanceId\">{67d8dee2-cbd6-4dc0-b5fb-9b6768f1a827}</Data>\n<Data Name=\"OriginalActivityId\">{86432a0b-3c7d-4ddf-a89c-172faa90485d}</Data>\n<Data Name=\"DiagnosticModuleImageName\">%SystemRoot%\\system32\\diagperf.dll</Data>\n<Data Name=\"DiagnosticModuleId\">{c8544339-5be9-4f25-862e-485f1b1a6935}</Data>\n</EventData>\n</Event>\n"
  },
  {
    "EventID": 110,
    "Timestamp": "2014-02-03 12:04:54.403090+00:00",
    "Computer": "IACIS-HDD-2014",
    "Channel": "Microsoft-Windows-Diagnosis-DPS/Operational",
    "Level": "Information",
    "EventData": {
      "ScenarioId": "{86432a0b-3c7d-4ddf-a89c-172faa90485d}",
      "InstanceId": "{67d8dee2-cbd6-4dc0-b5fb-9b6768f1a827}",
      "OriginalActivityId": "{86432a0b-3c7d-4ddf-a89c-172faa90485d}",
      "DiagnosticModuleImageName": "%SystemRoot%\\system32\\diagperf.dll",
      "DiagnosticModuleId": "{c8544339-5be9-4f25-862e-485f1b1a6935}"
    },
    "RawXml": "<Event xmlns=\"http://schemas.microsoft.com/win/2004/08/events/event\"><System><Provider Name=\"Microsoft-Windows-Diagnosis-DPS\" Guid=\"{6bba3851-2c7e-4dea-8f54-31e5afd029e3}\"></Provider>\n<EventID Qualifiers=\"\">110</EventID>\n<Version>0</Version>\n<Level>4</Level>\n<Task>1</Task>\n<Opcode>14</Opcode>\n<Keywords>0x4000000800000000</Keywords>\n<TimeCreated SystemTime=\"2014-02-03 12:04:54.403090+00:00\"></TimeCreated>\n<EventRecordID>215</EventRecordID>\n<Correlation ActivityID=\"{67d8dee2-cbd6-4dc0-b5fb-9b6768f1a827}\" RelatedActivityID=\"\"></Correlation>\n<Execution ProcessID=\"1336\" ThreadID=\"1348\"></Execution>\n<Channel>Microsoft-Windows-Diagnosis-DPS/Operational</Channel>\n<Computer>IACIS-HDD-2014</Computer>\n<Security UserID=\"S-1-5-19\"></Security>\n</System>\n<EventData><Data Name=\"ScenarioId\">{86432a0b-3c7d-4ddf-a89c-172faa90485d}</Data>\n<Data Name=\"InstanceId\">{67d8dee2-cbd6-4dc0-b5fb-9b6768f1a827}</Data>\n<Data Name=\"OriginalActivityId\">{86432a0b-3c7d-4ddf-a89c-172faa90485d}</Data>\n<Data Name=\"DiagnosticModuleImageName\">%SystemRoot%\\system32\\diagperf.dll</Data>\n<Data Name=\"DiagnosticModuleId\">{c8544339-5be9-4f25-862e-485f1b1a6935}</Data>\n</EventData>\n</Event>\n"
  },
  {
    "EventID": 100,
    "Timestamp": "2014-02-03 15:17:11.145580+00:00",
    "Computer": "IACIS-HDD-2014",
    "Channel": "Microsoft-Windows-Diagnosis-DPS/Operational",
    "Level": "Information",
    "EventData": {
      "ScenarioId": "{3af8b24a-c441-4fa4-8c5c-bed591bfa867}",
      "InstanceId": "{5de0d19c-b0bf-40d6-8aec-ecae09550662}",
      "OriginalActivityId": "{00000000-0000-0000-0000-000000000000}",
      "DiagnosticModuleImageName": "%windir%\\system32\\radardt.dll",
      "DiagnosticModuleId": "{e4cd2e3e-3852-4952-b76b-23bb8e35d344}"
    },
    "RawXml": "<Event xmlns=\"http://schemas.microsoft.com/win/2004/08/events/event\"><System><Provider Name=\"Microsoft-Windows-Diagnosis-DPS\" Guid=\"{6bba3851-2c7e-4dea-8f54-31e5afd029e3}\"></Provider>\n<EventID Qualifiers=\"\">100</EventID>\n<Version>0</Version>\n<Level>4</Level>\n<Task>1</Task>\n<Opcode>12</Opcode>\n<Keywords>0x4000000800000000</Keywords>\n<TimeCreated SystemTime=\"2014-02-03 15:17:11.145580+00:00\"></TimeCreated>\n<EventRecordID>216</EventRecordID>\n<Correlation ActivityID=\"{5de0d19c-b0bf-40d6-8aec-ecae09550662}\" RelatedActivityID=\"\"></Correlation>\n<Execution ProcessID=\"1336\" ThreadID=\"2456\"></Execution>\n<Channel>Microsoft-Windows-Diagnosis-DPS/Operational</Channel>\n<Computer>IACIS-HDD-2014</Computer>\n<Security UserID=\"S-1-5-19\"></Security>\n</System>\n<EventData><Data Name=\"ScenarioId\">{3af8b24a-c441-4fa4-8c5c-bed591bfa867}</Data>\n<Data Name=\"InstanceId\">{5de0d19c-b0bf-40d6-8aec-ecae09550662}</Data>\n<Data Name=\"OriginalActivityId\">{00000000-0000-0000-0000-000000000000}</Data>\n<Data Name=\"DiagnosticModuleImageName\">%windir%\\system32\\radardt.dll</Data>\n<Data Name=\"DiagnosticModuleId\">{e4cd2e3e-3852-4952-b76b-23bb8e35d344}</Data>\n</EventData>\n</Event>\n"
  },
  {
    "EventID": 105,
    "Timestamp": "2014-02-03 15:17:11.145580+00:00",
    "Computer": "IACIS-HDD-2014",
    "Channel": "Microsoft-Windows-Diagnosis-DPS/Operational",
    "Level": "Information",
    "EventData": {
      "ScenarioId": "{3af8b24a-c441-4fa4-8c5c-bed591bfa867}",
      "InstanceId": "{5de0d19c-b0bf-40d6-8aec-ecae09550662}",
      "OriginalActivityId": "{00000000-0000-0000-0000-000000000000}",
      "DiagnosticModuleImageName": "%windir%\\system32\\radardt.dll",
      "DiagnosticModuleId": "{e4cd2e3e-3852-4952-b76b-23bb8e35d344}"
    },
    "RawXml": "<Event xmlns=\"http://schemas.microsoft.com/win/2004/08/events/event\"><System><Provider Name=\"Microsoft-Windows-Diagnosis-DPS\" Guid=\"{6bba3851-2c7e-4dea-8f54-31e5afd029e3}\"></Provider>\n<EventID Qualifiers=\"\">105</EventID>\n<Version>0</Version>\n<Level>4</Level>\n<Task>1</Task>\n<Opcode>13</Opcode>\n<Keywords>0x4000000800000000</Keywords>\n<TimeCreated SystemTime=\"2014-02-03 15:17:11.145580+00:00\"></TimeCreated>\n<EventRecordID>217</EventRecordID>\n<Correlation ActivityID=\"{5de0d19c-b0bf-40d6-8aec-ecae09550662}\" RelatedActivityID=\"\"></Correlation>\n<Execution ProcessID=\"1336\" ThreadID=\"2456\"></Execution>\n<Channel>Microsoft-Windows-Diagnosis-DPS/Operational</Channel>\n<Computer>IACIS-HDD-2014</Computer>\n<Security UserID=\"S-1-5-19\"></Security>\n</System>\n<EventData><Data Name=\"ScenarioId\">{3af8b24a-c441-4fa4-8c5c-bed591bfa867}</Data>\n<Data Name=\"InstanceId\">{5de0d19c-b0bf-40d6-8aec-ecae09550662}</Data>\n<Data Name=\"OriginalActivityId\">{00000000-0000-0000-0000-000000000000}</Data>\n<Data Name=\"DiagnosticModuleImageName\">%windir%\\system32\\radardt.dll</Data>\n<Data Name=\"DiagnosticModuleId\">{e4cd2e3e-3852-4952-b76b-23bb8e35d344}</Data>\n</EventData>\n</Event>\n"
  },
  {
    "EventID": 100,
    "Timestamp": "2014-02-04 14:11:45.780499+00:00",
    "Computer": "IACIS-HDD-2014",
    "Channel": "Microsoft-Windows-Diagnosis-DPS/Operational",
    "Level": "Information",
    "EventData": {
      "ScenarioId": "{2698178d-fdad-40ae-9d3c-1371703adc5b}",
      "InstanceId": "{54b5d44d-8c45-4279-9bc0-ff4394adc5e1}",
      "OriginalActivityId": "{2698178d-fdad-40ae-9d3c-1371703adc5b}",
      "DiagnosticModuleImageName": "%SystemRoot%\\system32\\diagperf.dll",
      "DiagnosticModuleId": "{15fba3b8-a37a-4f91-bdba-fbb98fe804bf}"
    },
    "RawXml": "<Event xmlns=\"http://schemas.microsoft.com/win/2004/08/events/event\"><System><Provider Name=\"Microsoft-Windows-Diagnosis-DPS\" Guid=\"{6bba3851-2c7e-4dea-8f54-31e5afd029e3}\"></Provider>\n<EventID Qualifiers=\"\">100</EventID>\n<Version>0</Version>\n<Level>4</Level>\n<Task>1</Task>\n<Opcode>12</Opcode>\n<Keywords>0x4000000800000000</Keywords>\n<TimeCreated SystemTime=\"2014-02-04 14:11:45.780499+00:00\"></TimeCreated>\n<EventRecordID>218</EventRecordID>\n<Correlation ActivityID=\"{54b5d44d-8c45-4279-9bc0-ff4394adc5e1}\" RelatedActivityID=\"\"></Correlation>\n<Execution ProcessID=\"1340\" ThreadID=\"1748\"></Execution>\n<Channel>Microsoft-Windows-Diagnosis-DPS/Operational</Channel>\n<Computer>IACIS-HDD-2014</Computer>\n<Security UserID=\"S-1-5-19\"></Security>\n</System>\n<EventData><Data Name=\"ScenarioId\">{2698178d-fdad-40ae-9d3c-1371703adc5b}</Data>\n<Data Name=\"InstanceId\">{54b5d44d-8c45-4279-9bc0-ff4394adc5e1}</Data>\n<Data Name=\"OriginalActivityId\">{2698178d-fdad-40ae-9d3c-1371703adc5b}</Data>\n<Data Name=\"DiagnosticModuleImageName\">%SystemRoot%\\system32\\diagperf.dll</Data>\n<Data Name=\"DiagnosticModuleId\">{15fba3b8-a37a-4f91-bdba-fbb98fe804bf}</Data>\n</EventData>\n</Event>\n"
  },
  {
    "EventID": 105,
    "Timestamp": "2014-02-04 14:11:45.780499+00:00",
    "Computer": "IACIS-HDD-2014",
    "Channel": "Microsoft-Windows-Diagnosis-DPS/Operational",
    "Level": "Information",
    "EventData": {
      "ScenarioId": "{2698178d-fdad-40ae-9d3c-1371703adc5b}",
      "InstanceId": "{54b5d44d-8c45-4279-9bc0-ff4394adc5e1}",
      "OriginalActivityId": "{2698178d-fdad-40ae-9d3c-1371703adc5b}",
      "DiagnosticModuleImageName": "%SystemRoot%\\system32\\diagperf.dll",
      "DiagnosticModuleId": "{15fba3b8-a37a-4f91-bdba-fbb98fe804bf}"
    },
    "RawXml": "<Event xmlns=\"http://schemas.microsoft.com/win/2004/08/events/event\"><System><Provider Name=\"Microsoft-Windows-Diagnosis-DPS\" Guid=\"{6bba3851-2c7e-4dea-8f54-31e5afd029e3}\"></Provider>\n<EventID Qualifiers=\"\">105</EventID>\n<Version>0</Version>\n<Level>4</Level>\n<Task>1</Task>\n<Opcode>13</Opcode>\n<Keywords>0x4000000800000000</Keywords>\n<TimeCreated SystemTime=\"2014-02-04 14:11:45.780499+00:00\"></TimeCreated>\n<EventRecordID>219</EventRecordID>\n<Correlation ActivityID=\"{54b5d44d-8c45-4279-9bc0-ff4394adc5e1}\" RelatedActivityID=\"\"></Correlation>\n<Execution ProcessID=\"1340\" ThreadID=\"1748\"></Execution>\n<Channel>Microsoft-Windows-Diagnosis-DPS/Operational</Channel>\n<Computer>IACIS-HDD-2014</Computer>\n<Security UserID=\"S-1-5-19\"></Security>\n</System>\n<EventData><Data Name=\"ScenarioId\">{2698178d-fdad-40ae-9d3c-1371703adc5b}</Data>\n<Data Name=\"InstanceId\">{54b5d44d-8c45-4279-9bc0-ff4394adc5e1}</Data>\n<Data Name=\"OriginalActivityId\">{2698178d-fdad-40ae-9d3c-1371703adc5b}</Data>\n<Data Name=\"DiagnosticModuleImageName\">%SystemRoot%\\system32\\diagperf.dll</Data>\n<Data Name=\"DiagnosticModuleId\">{15fba3b8-a37a-4f91-bdba-fbb98fe804bf}</Data>\n</EventData>\n</Event>\n"
  },
  {
    "EventID": 100,
    "Timestamp": "2014-02-04 14:15:52.989735+00:00",
    "Computer": "IACIS-HDD-2014",
    "Channel": "Microsoft-Windows-Diagnosis-DPS/Operational",
    "Level": "Information",
    "EventData": {
      "ScenarioId": "{86432a0b-3c7d-4ddf-a89c-172faa90485d}",
      "InstanceId": "{ff511c39-fa96-4e7c-80e1-fcc42d856fba}",
      "OriginalActivityId": "{86432a0b-3c7d-4ddf-a89c-172faa90485d}",
      "DiagnosticModuleImageName": "%SystemRoot%\\system32\\diagperf.dll",
      "DiagnosticModuleId": "{c8544339-5be9-4f25-862e-485f1b1a6935}"
    },
    "RawXml": "<Event xmlns=\"http://schemas.microsoft.com/win/2004/08/events/event\"><System><Provider Name=\"Microsoft-Windows-Diagnosis-DPS\" Guid=\"{6bba3851-2c7e-4dea-8f54-31e5afd029e3}\"></Provider>\n<EventID Qualifiers=\"\">100</EventID>\n<Version>0</Version>\n<Level>4</Level>\n<Task>1</Task>\n<Opcode>12</Opcode>\n<Keywords>0x4000000800000000</Keywords>\n<TimeCreated SystemTime=\"2014-02-04 14:15:52.989735+00:00\"></TimeCreated>\n<EventRecordID>220</EventRecordID>\n<Correlation ActivityID=\"{ff511c39-fa96-4e7c-80e1-fcc42d856fba}\" RelatedActivityID=\"\"></Correlation>\n<Execution ProcessID=\"1340\" ThreadID=\"2692\"></Execution>\n<Channel>Microsoft-Windows-Diagnosis-DPS/Operational</Channel>\n<Computer>IACIS-HDD-2014</Computer>\n<Security UserID=\"S-1-5-19\"></Security>\n</System>\n<EventData><Data Name=\"ScenarioId\">{86432a0b-3c7d-4ddf-a89c-172faa90485d}</Data>\n<Data Name=\"InstanceId\">{ff511c39-fa96-4e7c-80e1-fcc42d856fba}</Data>\n<Data Name=\"OriginalActivityId\">{86432a0b-3c7d-4ddf-a89c-172faa90485d}</Data>\n<Data Name=\"DiagnosticModuleImageName\">%SystemRoot%\\system32\\diagperf.dll</Data>\n<Data Name=\"DiagnosticModuleId\">{c8544339-5be9-4f25-862e-485f1b1a6935}</Data>\n</EventData>\n</Event>\n"
  },
  {
    "EventID": 105,
    "Timestamp": "2014-02-04 14:15:52.989735+00:00",
    "Computer": "IACIS-HDD-2014",
    "Channel": "Microsoft-Windows-Diagnosis-DPS/Operational",
    "Level": "Information",
    "EventData": {
      "ScenarioId": "{86432a0b-3c7d-4ddf-a89c-172faa90485d}",
      "InstanceId": "{ff511c39-fa96-4e7c-80e1-fcc42d856fba}",
      "OriginalActivityId": "{86432a0b-3c7d-4ddf-a89c-172faa90485d}",
      "DiagnosticModuleImageName": "%SystemRoot%\\system32\\diagperf.dll",
      "DiagnosticModuleId": "{c8544339-5be9-4f25-862e-485f1b1a6935}"
    },
    "RawXml": "<Event xmlns=\"http://schemas.microsoft.com/win/2004/08/events/event\"><System><Provider Name=\"Microsoft-Windows-Diagnosis-DPS\" Guid=\"{6bba3851-2c7e-4dea-8f54-31e5afd029e3}\"></Provider>\n<EventID Qualifiers=\"\">105</EventID>\n<Version>0</Version>\n<Level>4</Level>\n<Task>1</Task>\n<Opcode>13</Opcode>\n<Keywords>0x4000000800000000</Keywords>\n<TimeCreated SystemTime=\"2014-02-04 14:15:52.989735+00:00\"></TimeCreated>\n<EventRecordID>221</EventRecordID>\n<Correlation ActivityID=\"{ff511c39-fa96-4e7c-80e1-fcc42d856fba}\" RelatedActivityID=\"\"></Correlation>\n<Execution ProcessID=\"1340\" ThreadID=\"2692\"></Execution>\n<Channel>Microsoft-Windows-Diagnosis-DPS/Operational</Channel>\n<Computer>IACIS-HDD-2014</Computer>\n<Security UserID=\"S-1-5-19\"></Security>\n</System>\n<EventData><Data Name=\"ScenarioId\">{86432a0b-3c7d-4ddf-a89c-172faa90485d}</Data>\n<Data Name=\"InstanceId\">{ff511c39-fa96-4e7c-80e1-fcc42d856fba}</Data>\n<Data Name=\"OriginalActivityId\">{86432a0b-3c7d-4ddf-a89c-172faa90485d}</Data>\n<Data Name=\"DiagnosticModuleImageName\">%SystemRoot%\\system32\\diagperf.dll</Data>\n<Data Name=\"DiagnosticModuleId\">{c8544339-5be9-4f25-862e-485f1b1a6935}</Data>\n</EventData>\n</Event>\n"
  },
  {
    "EventID": 110,
    "Timestamp": "2014-02-04 14:17:56.727951+00:00",
    "Computer": "IACIS-HDD-2014",
    "Channel": "Microsoft-Windows-Diagnosis-DPS/Operational",
    "Level": "Information",
    "EventData": {
      "ScenarioId": "{86432a0b-3c7d-4ddf-a89c-172faa90485d}",
      "InstanceId": "{ff511c39-fa96-4e7c-80e1-fcc42d856fba}",
      "OriginalActivityId": "{86432a0b-3c7d-4ddf-a89c-172faa90485d}",
      "DiagnosticModuleImageName": "%SystemRoot%\\system32\\diagperf.dll",
      "DiagnosticModuleId": "{c8544339-5be9-4f25-862e-485f1b1a6935}"
    },
    "RawXml": "<Event xmlns=\"http://schemas.microsoft.com/win/2004/08/events/event\"><System><Provider Name=\"Microsoft-Windows-Diagnosis-DPS\" Guid=\"{6bba3851-2c7e-4dea-8f54-31e5afd029e3}\"></Provider>\n<EventID Qualifiers=\"\">110</EventID>\n<Version>0</Version>\n<Level>4</Level>\n<Task>1</Task>\n<Opcode>14</Opcode>\n<Keywords>0x4000000800000000</Keywords>\n<TimeCreated SystemTime=\"2014-02-04 14:17:56.727951+00:00\"></TimeCreated>\n<EventRecordID>222</EventRecordID>\n<Correlation ActivityID=\"{ff511c39-fa96-4e7c-80e1-fcc42d856fba}\" RelatedActivityID=\"\"></Correlation>\n<Execution ProcessID=\"1340\" ThreadID=\"1748\"></Execution>\n<Channel>Microsoft-Windows-Diagnosis-DPS/Operational</Channel>\n<Computer>IACIS-HDD-2014</Computer>\n<Security UserID=\"S-1-5-19\"></Security>\n</System>\n<EventData><Data Name=\"ScenarioId\">{86432a0b-3c7d-4ddf-a89c-172faa90485d}</Data>\n<Data Name=\"InstanceId\">{ff511c39-fa96-4e7c-80e1-fcc42d856fba}</Data>\n<Data Name=\"OriginalActivityId\">{86432a0b-3c7d-4ddf-a89c-172faa90485d}</Data>\n<Data Name=\"DiagnosticModuleImageName\">%SystemRoot%\\system32\\diagperf.dll</Data>\n<Data Name=\"DiagnosticModuleId\">{c8544339-5be9-4f25-862e-485f1b1a6935}</Data>\n</EventData>\n</Event>\n"
  },
  {
    "EventID": 100,
    "Timestamp": "2014-02-05 13:30:39.092453+00:00",
    "Computer": "IACIS-HDD-2014",
    "Channel": "Microsoft-Windows-Diagnosis-DPS/Operational",
    "Level": "Information",
    "EventData": {
      "ScenarioId": "{2698178d-fdad-40ae-9d3c-1371703adc5b}",
      "InstanceId": "{96238421-fcbe-4961-93a6-620407b15200}",
      "OriginalActivityId": "{2698178d-fdad-40ae-9d3c-1371703adc5b}",
      "DiagnosticModuleImageName": "%SystemRoot%\\system32\\diagperf.dll",
      "DiagnosticModuleId": "{15fba3b8-a37a-4f91-bdba-fbb98fe804bf}"
    },
    "RawXml": "<Event xmlns=\"http://schemas.microsoft.com/win/2004/08/events/event\"><System><Provider Name=\"Microsoft-Windows-Diagnosis-DPS\" Guid=\"{6bba3851-2c7e-4dea-8f54-31e5afd029e3}\"></Provider>\n<EventID Qualifiers=\"\">100</EventID>\n<Version>0</Version>\n<Level>4</Level>\n<Task>1</Task>\n<Opcode>12</Opcode>\n<Keywords>0x4000000800000000</Keywords>\n<TimeCreated SystemTime=\"2014-02-05 13:30:39.092453+00:00\"></TimeCreated>\n<EventRecordID>223</EventRecordID>\n<Correlation ActivityID=\"{96238421-fcbe-4961-93a6-620407b15200}\" RelatedActivityID=\"\"></Correlation>\n<Execution ProcessID=\"1284\" ThreadID=\"1376\"></Execution>\n<Channel>Microsoft-Windows-Diagnosis-DPS/Operational</Channel>\n<Computer>IACIS-HDD-2014</Computer>\n<Security UserID=\"S-1-5-19\"></Security>\n</System>\n<EventData><Data Name=\"ScenarioId\">{2698178d-fdad-40ae-9d3c-1371703adc5b}</Data>\n<Data Name=\"InstanceId\">{96238421-fcbe-4961-93a6-620407b15200}</Data>\n<Data Name=\"OriginalActivityId\">{2698178d-fdad-40ae-9d3c-1371703adc5b}</Data>\n<Data Name=\"DiagnosticModuleImageName\">%SystemRoot%\\system32\\diagperf.dll</Data>\n<Data Name=\"DiagnosticModuleId\">{15fba3b8-a37a-4f91-bdba-fbb98fe804bf}</Data>\n</EventData>\n</Event>\n"
  },
  {
    "EventID": 105,
    "Timestamp": "2014-02-05 13:30:39.092453+00:00",
    "Computer": "IACIS-HDD-2014",
    "Channel": "Microsoft-Windows-Diagnosis-DPS/Operational",
    "Level": "Information",
    "EventData": {
      "ScenarioId": "{2698178d-fdad-40ae-9d3c-1371703adc5b}",
      "InstanceId": "{96238421-fcbe-4961-93a6-620407b15200}",
      "OriginalActivityId": "{2698178d-fdad-40ae-9d3c-1371703adc5b}",
      "DiagnosticModuleImageName": "%SystemRoot%\\system32\\diagperf.dll",
      "DiagnosticModuleId": "{15fba3b8-a37a-4f91-bdba-fbb98fe804bf}"
    },
    "RawXml": "<Event xmlns=\"http://schemas.microsoft.com/win/2004/08/events/event\"><System><Provider Name=\"Microsoft-Windows-Diagnosis-DPS\" Guid=\"{6bba3851-2c7e-4dea-8f54-31e5afd029e3}\"></Provider>\n<EventID Qualifiers=\"\">105</EventID>\n<Version>0</Version>\n<Level>4</Level>\n<Task>1</Task>\n<Opcode>13</Opcode>\n<Keywords>0x4000000800000000</Keywords>\n<TimeCreated SystemTime=\"2014-02-05 13:30:39.092453+00:00\"></TimeCreated>\n<EventRecordID>224</EventRecordID>\n<Correlation ActivityID=\"{96238421-fcbe-4961-93a6-620407b15200}\" RelatedActivityID=\"\"></Correlation>\n<Execution ProcessID=\"1284\" ThreadID=\"1376\"></Execution>\n<Channel>Microsoft-Windows-Diagnosis-DPS/Operational</Channel>\n<Computer>IACIS-HDD-2014</Computer>\n<Security UserID=\"S-1-5-19\"></Security>\n</System>\n<EventData><Data Name=\"ScenarioId\">{2698178d-fdad-40ae-9d3c-1371703adc5b}</Data>\n<Data Name=\"InstanceId\">{96238421-fcbe-4961-93a6-620407b15200}</Data>\n<Data Name=\"OriginalActivityId\">{2698178d-fdad-40ae-9d3c-1371703adc5b}</Data>\n<Data Name=\"DiagnosticModuleImageName\">%SystemRoot%\\system32\\diagperf.dll</Data>\n<Data Name=\"DiagnosticModuleId\">{15fba3b8-a37a-4f91-bdba-fbb98fe804bf}</Data>\n</EventData>\n</Event>\n"
  },
  {
    "EventID": 100,
    "Timestamp": "2014-02-05 13:38:52.828522+00:00",
    "Computer": "IACIS-HDD-2014",
    "Channel": "Microsoft-Windows-Diagnosis-DPS/Operational",
    "Level": "Information",
    "EventData": {
      "ScenarioId": "{86432a0b-3c7d-4ddf-a89c-172faa90485d}",
      "InstanceId": "{a2c2b59b-e200-4964-b150-9d6622ad7af6}",
      "OriginalActivityId": "{86432a0b-3c7d-4ddf-a89c-172faa90485d}",
      "DiagnosticModuleImageName": "%SystemRoot%\\system32\\diagperf.dll",
      "DiagnosticModuleId": "{c8544339-5be9-4f25-862e-485f1b1a6935}"
    },
    "RawXml": "<Event xmlns=\"http://schemas.microsoft.com/win/2004/08/events/event\"><System><Provider Name=\"Microsoft-Windows-Diagnosis-DPS\" Guid=\"{6bba3851-2c7e-4dea-8f54-31e5afd029e3}\"></Provider>\n<EventID Qualifiers=\"\">100</EventID>\n<Version>0</Version>\n<Level>4</Level>\n<Task>1</Task>\n<Opcode>12</Opcode>\n<Keywords>0x4000000800000000</Keywords>\n<TimeCreated SystemTime=\"2014-02-05 13:38:52.828522+00:00\"></TimeCreated>\n<EventRecordID>225</EventRecordID>\n<Correlation ActivityID=\"{a2c2b59b-e200-4964-b150-9d6622ad7af6}\" RelatedActivityID=\"\"></Correlation>\n<Execution ProcessID=\"1284\" ThreadID=\"3920\"></Execution>\n<Channel>Microsoft-Windows-Diagnosis-DPS/Operational</Channel>\n<Computer>IACIS-HDD-2014</Computer>\n<Security UserID=\"S-1-5-19\"></Security>\n</System>\n<EventData><Data Name=\"ScenarioId\">{86432a0b-3c7d-4ddf-a89c-172faa90485d}</Data>\n<Data Name=\"InstanceId\">{a2c2b59b-e200-4964-b150-9d6622ad7af6}</Data>\n<Data Name=\"OriginalActivityId\">{86432a0b-3c7d-4ddf-a89c-172faa90485d}</Data>\n<Data Name=\"DiagnosticModuleImageName\">%SystemRoot%\\system32\\diagperf.dll</Data>\n<Data Name=\"DiagnosticModuleId\">{c8544339-5be9-4f25-862e-485f1b1a6935}</Data>\n</EventData>\n</Event>\n"
  },
  {
    "EventID": 105,
    "Timestamp": "2014-02-05 13:38:52.828522+00:00",
    "Computer": "IACIS-HDD-2014",
    "Channel": "Microsoft-Windows-Diagnosis-DPS/Operational",
    "Level": "Information",
    "EventData": {
      "ScenarioId": "{86432a0b-3c7d-4ddf-a89c-172faa90485d}",
      "InstanceId": "{a2c2b59b-e200-4964-b150-9d6622ad7af6}",
      "OriginalActivityId": "{86432a0b-3c7d-4ddf-a89c-172faa90485d}",
      "DiagnosticModuleImageName": "%SystemRoot%\\system32\\diagperf.dll",
      "DiagnosticModuleId": "{c8544339-5be9-4f25-862e-485f1b1a6935}"
    },
    "RawXml": "<Event xmlns=\"http://schemas.microsoft.com/win/2004/08/events/event\"><System><Provider Name=\"Microsoft-Windows-Diagnosis-DPS\" Guid=\"{6bba3851-2c7e-4dea-8f54-31e5afd029e3}\"></Provider>\n<EventID Qualifiers=\"\">105</EventID>\n<Version>0</Version>\n<Level>4</Level>\n<Task>1</Task>\n<Opcode>13</Opcode>\n<Keywords>0x4000000800000000</Keywords>\n<TimeCreated SystemTime=\"2014-02-05 13:38:52.828522+00:00\"></TimeCreated>\n<EventRecordID>226</EventRecordID>\n<Correlation ActivityID=\"{a2c2b59b-e200-4964-b150-9d6622ad7af6}\" RelatedActivityID=\"\"></Correlation>\n<Execution ProcessID=\"1284\" ThreadID=\"3920\"></Execution>\n<Channel>Microsoft-Windows-Diagnosis-DPS/Operational</Channel>\n<Computer>IACIS-HDD-2014</Computer>\n<Security UserID=\"S-1-5-19\"></Security>\n</System>\n<EventData><Data Name=\"ScenarioId\">{86432a0b-3c7d-4ddf-a89c-172faa90485d}</Data>\n<Data Name=\"InstanceId\">{a2c2b59b-e200-4964-b150-9d6622ad7af6}</Data>\n<Data Name=\"OriginalActivityId\">{86432a0b-3c7d-4ddf-a89c-172faa90485d}</Data>\n<Data Name=\"DiagnosticModuleImageName\">%SystemRoot%\\system32\\diagperf.dll</Data>\n<Data Name=\"DiagnosticModuleId\">{c8544339-5be9-4f25-862e-485f1b1a6935}</Data>\n</EventData>\n</Event>\n"
  },
  {
    "EventID": 110,
    "Timestamp": "2014-02-05 13:38:56.510128+00:00",
    "Computer": "IACIS-HDD-2014",
    "Channel": "Microsoft-Windows-Diagnosis-DPS/Operational",
    "Level": "Information",
    "EventData": {
      "ScenarioId": "{86432a0b-3c7d-4ddf-a89c-172faa90485d}",
      "InstanceId": "{a2c2b59b-e200-4964-b150-9d6622ad7af6}",
      "OriginalActivityId": "{86432a0b-3c7d-4ddf-a89c-172faa90485d}",
      "DiagnosticModuleImageName": "%SystemRoot%\\system32\\diagperf.dll",
      "DiagnosticModuleId": "{c8544339-5be9-4f25-862e-485f1b1a6935}"
    },
    "RawXml": "<Event xmlns=\"http://schemas.microsoft.com/win/2004/08/events/event\"><System><Provider Name=\"Microsoft-Windows-Diagnosis-DPS\" Guid=\"{6bba3851-2c7e-4dea-8f54-31e5afd029e3}\"></Provider>\n<EventID Qualifiers=\"\">110</EventID>\n<Version>0</Version>\n<Level>4</Level>\n<Task>1</Task>\n<Opcode>14</Opcode>\n<Keywords>0x4000000800000000</Keywords>\n<TimeCreated SystemTime=\"2014-02-05 13:38:56.510128+00:00\"></TimeCreated>\n<EventRecordID>227</EventRecordID>\n<Correlation ActivityID=\"{a2c2b59b-e200-4964-b150-9d6622ad7af6}\" RelatedActivityID=\"\"></Correlation>\n<Execution ProcessID=\"1284\" ThreadID=\"3920\"></Execution>\n<Channel>Microsoft-Windows-Diagnosis-DPS/Operational</Channel>\n<Computer>IACIS-HDD-2014</Computer>\n<Security UserID=\"S-1-5-19\"></Security>\n</System>\n<EventData><Data Name=\"ScenarioId\">{86432a0b-3c7d-4ddf-a89c-172faa90485d}</Data>\n<Data Name=\"InstanceId\">{a2c2b59b-e200-4964-b150-9d6622ad7af6}</Data>\n<Data Name=\"OriginalActivityId\">{86432a0b-3c7d-4ddf-a89c-172faa90485d}</Data>\n<Data Name=\"DiagnosticModuleImageName\">%SystemRoot%\\system32\\diagperf.dll</Data>\n<Data Name=\"DiagnosticModuleId\">{c8544339-5be9-4f25-862e-485f1b1a6935}</Data>\n</EventData>\n</Event>\n"
  },
  {
    "EventID": 100,
    "Timestamp": "2014-02-06 11:20:38.624264+00:00",
    "Computer": "IACIS-HDD-2014",
    "Channel": "Microsoft-Windows-Diagnosis-DPS/Operational",
    "Level": "Information",
    "EventData": {
      "ScenarioId": "{2698178d-fdad-40ae-9d3c-1371703adc5b}",
      "InstanceId": "{ef28b370-1165-41cd-a08a-2414b966bd8f}",
      "OriginalActivityId": "{2698178d-fdad-40ae-9d3c-1371703adc5b}",
      "DiagnosticModuleImageName": "%SystemRoot%\\system32\\diagperf.dll",
      "DiagnosticModuleId": "{15fba3b8-a37a-4f91-bdba-fbb98fe804bf}"
    },
    "RawXml": "<Event xmlns=\"http://schemas.microsoft.com/win/2004/08/events/event\"><System><Provider Name=\"Microsoft-Windows-Diagnosis-DPS\" Guid=\"{6bba3851-2c7e-4dea-8f54-31e5afd029e3}\"></Provider>\n<EventID Qualifiers=\"\">100</EventID>\n<Version>0</Version>\n<Level>4</Level>\n<Task>1</Task>\n<Opcode>12</Opcode>\n<Keywords>0x4000000800000000</Keywords>\n<TimeCreated SystemTime=\"2014-02-06 11:20:38.624264+00:00\"></TimeCreated>\n<EventRecordID>228</EventRecordID>\n<Correlation ActivityID=\"{ef28b370-1165-41cd-a08a-2414b966bd8f}\" RelatedActivityID=\"\"></Correlation>\n<Execution ProcessID=\"1252\" ThreadID=\"1912\"></Execution>\n<Channel>Microsoft-Windows-Diagnosis-DPS/Operational</Channel>\n<Computer>IACIS-HDD-2014</Computer>\n<Security UserID=\"S-1-5-19\"></Security>\n</System>\n<EventData><Data Name=\"ScenarioId\">{2698178d-fdad-40ae-9d3c-1371703adc5b}</Data>\n<Data Name=\"InstanceId\">{ef28b370-1165-41cd-a08a-2414b966bd8f}</Data>\n<Data Name=\"OriginalActivityId\">{2698178d-fdad-40ae-9d3c-1371703adc5b}</Data>\n<Data Name=\"DiagnosticModuleImageName\">%SystemRoot%\\system32\\diagperf.dll</Data>\n<Data Name=\"DiagnosticModuleId\">{15fba3b8-a37a-4f91-bdba-fbb98fe804bf}</Data>\n</EventData>\n</Event>\n"
  },
  {
    "EventID": 105,
    "Timestamp": "2014-02-06 11:20:38.624264+00:00",
    "Computer": "IACIS-HDD-2014",
    "Channel": "Microsoft-Windows-Diagnosis-DPS/Operational",
    "Level": "Information",
    "EventData": {
      "ScenarioId": "{2698178d-fdad-40ae-9d3c-1371703adc5b}",
      "InstanceId": "{ef28b370-1165-41cd-a08a-2414b966bd8f}",
      "OriginalActivityId": "{2698178d-fdad-40ae-9d3c-1371703adc5b}",
      "DiagnosticModuleImageName": "%SystemRoot%\\system32\\diagperf.dll",
      "DiagnosticModuleId": "{15fba3b8-a37a-4f91-bdba-fbb98fe804bf}"
    },
    "RawXml": "<Event xmlns=\"http://schemas.microsoft.com/win/2004/08/events/event\"><System><Provider Name=\"Microsoft-Windows-Diagnosis-DPS\" Guid=\"{6bba3851-2c7e-4dea-8f54-31e5afd029e3}\"></Provider>\n<EventID Qualifiers=\"\">105</EventID>\n<Version>0</Version>\n<Level>4</Level>\n<Task>1</Task>\n<Opcode>13</Opcode>\n<Keywords>0x4000000800000000</Keywords>\n<TimeCreated SystemTime=\"2014-02-06 11:20:38.624264+00:00\"></TimeCreated>\n<EventRecordID>229</EventRecordID>\n<Correlation ActivityID=\"{ef28b370-1165-41cd-a08a-2414b966bd8f}\" RelatedActivityID=\"\"></Correlation>\n<Execution ProcessID=\"1252\" ThreadID=\"1912\"></Execution>\n<Channel>Microsoft-Windows-Diagnosis-DPS/Operational</Channel>\n<Computer>IACIS-HDD-2014</Computer>\n<Security UserID=\"S-1-5-19\"></Security>\n</System>\n<EventData><Data Name=\"ScenarioId\">{2698178d-fdad-40ae-9d3c-1371703adc5b}</Data>\n<Data Name=\"InstanceId\">{ef28b370-1165-41cd-a08a-2414b966bd8f}</Data>\n<Data Name=\"OriginalActivityId\">{2698178d-fdad-40ae-9d3c-1371703adc5b}</Data>\n<Data Name=\"DiagnosticModuleImageName\">%SystemRoot%\\system32\\diagperf.dll</Data>\n<Data Name=\"DiagnosticModuleId\">{15fba3b8-a37a-4f91-bdba-fbb98fe804bf}</Data>\n</EventData>\n</Event>\n"
  },
  {
    "EventID": 100,
    "Timestamp": "2014-02-06 11:23:52.950605+00:00",
    "Computer": "IACIS-HDD-2014",
    "Channel": "Microsoft-Windows-Diagnosis-DPS/Operational",
    "Level": "Information",
    "EventData": {
      "ScenarioId": "{86432a0b-3c7d-4ddf-a89c-172faa90485d}",
      "InstanceId": "{665881f5-bab3-4ba0-8abe-18349686b61f}",
      "OriginalActivityId": "{86432a0b-3c7d-4ddf-a89c-172faa90485d}",
      "DiagnosticModuleImageName": "%SystemRoot%\\system32\\diagperf.dll",
      "DiagnosticModuleId": "{c8544339-5be9-4f25-862e-485f1b1a6935}"
    },
    "RawXml": "<Event xmlns=\"http://schemas.microsoft.com/win/2004/08/events/event\"><System><Provider Name=\"Microsoft-Windows-Diagnosis-DPS\" Guid=\"{6bba3851-2c7e-4dea-8f54-31e5afd029e3}\"></Provider>\n<EventID Qualifiers=\"\">100</EventID>\n<Version>0</Version>\n<Level>4</Level>\n<Task>1</Task>\n<Opcode>12</Opcode>\n<Keywords>0x4000000800000000</Keywords>\n<TimeCreated SystemTime=\"2014-02-06 11:23:52.950605+00:00\"></TimeCreated>\n<EventRecordID>230</EventRecordID>\n<Correlation ActivityID=\"{665881f5-bab3-4ba0-8abe-18349686b61f}\" RelatedActivityID=\"\"></Correlation>\n<Execution ProcessID=\"1252\" ThreadID=\"1904\"></Execution>\n<Channel>Microsoft-Windows-Diagnosis-DPS/Operational</Channel>\n<Computer>IACIS-HDD-2014</Computer>\n<Security UserID=\"S-1-5-19\"></Security>\n</System>\n<EventData><Data Name=\"ScenarioId\">{86432a0b-3c7d-4ddf-a89c-172faa90485d}</Data>\n<Data Name=\"InstanceId\">{665881f5-bab3-4ba0-8abe-18349686b61f}</Data>\n<Data Name=\"OriginalActivityId\">{86432a0b-3c7d-4ddf-a89c-172faa90485d}</Data>\n<Data Name=\"DiagnosticModuleImageName\">%SystemRoot%\\system32\\diagperf.dll</Data>\n<Data Name=\"DiagnosticModuleId\">{c8544339-5be9-4f25-862e-485f1b1a6935}</Data>\n</EventData>\n</Event>\n"
  },
  {
    "EventID": 105,
    "Timestamp": "2014-02-06 11:23:52.950605+00:00",
    "Computer": "IACIS-HDD-2014",
    "Channel": "Microsoft-Windows-Diagnosis-DPS/Operational",
    "Level": "Information",
    "EventData": {
      "ScenarioId": "{86432a0b-3c7d-4ddf-a89c-172faa90485d}",
      "InstanceId": "{665881f5-bab3-4ba0-8abe-18349686b61f}",
      "OriginalActivityId": "{86432a0b-3c7d-4ddf-a89c-172faa90485d}",
      "DiagnosticModuleImageName": "%SystemRoot%\\system32\\diagperf.dll",
      "DiagnosticModuleId": "{c8544339-5be9-4f25-862e-485f1b1a6935}"
    },
    "RawXml": "<Event xmlns=\"http://schemas.microsoft.com/win/2004/08/events/event\"><System><Provider Name=\"Microsoft-Windows-Diagnosis-DPS\" Guid=\"{6bba3851-2c7e-4dea-8f54-31e5afd029e3}\"></Provider>\n<EventID Qualifiers=\"\">105</EventID>\n<Version>0</Version>\n<Level>4</Level>\n<Task>1</Task>\n<Opcode>13</Opcode>\n<Keywords>0x4000000800000000</Keywords>\n<TimeCreated SystemTime=\"2014-02-06 11:23:52.950605+00:00\"></TimeCreated>\n<EventRecordID>231</EventRecordID>\n<Correlation ActivityID=\"{665881f5-bab3-4ba0-8abe-18349686b61f}\" RelatedActivityID=\"\"></Correlation>\n<Execution ProcessID=\"1252\" ThreadID=\"1904\"></Execution>\n<Channel>Microsoft-Windows-Diagnosis-DPS/Operational</Channel>\n<Computer>IACIS-HDD-2014</Computer>\n<Security UserID=\"S-1-5-19\"></Security>\n</System>\n<EventData><Data Name=\"ScenarioId\">{86432a0b-3c7d-4ddf-a89c-172faa90485d}</Data>\n<Data Name=\"InstanceId\">{665881f5-bab3-4ba0-8abe-18349686b61f}</Data>\n<Data Name=\"OriginalActivityId\">{86432a0b-3c7d-4ddf-a89c-172faa90485d}</Data>\n<Data Name=\"DiagnosticModuleImageName\">%SystemRoot%\\system32\\diagperf.dll</Data>\n<Data Name=\"DiagnosticModuleId\">{c8544339-5be9-4f25-862e-485f1b1a6935}</Data>\n</EventData>\n</Event>\n"
  },
  {
    "EventID": 110,
    "Timestamp": "2014-02-06 11:23:54.027008+00:00",
    "Computer": "IACIS-HDD-2014",
    "Channel": "Microsoft-Windows-Diagnosis-DPS/Operational",
    "Level": "Information",
    "EventData": {
      "ScenarioId": "{86432a0b-3c7d-4ddf-a89c-172faa90485d}",
      "InstanceId": "{665881f5-bab3-4ba0-8abe-18349686b61f}",
      "OriginalActivityId": "{86432a0b-3c7d-4ddf-a89c-172faa90485d}",
      "DiagnosticModuleImageName": "%SystemRoot%\\system32\\diagperf.dll",
      "DiagnosticModuleId": "{c8544339-5be9-4f25-862e-485f1b1a6935}"
    },
    "RawXml": "<Event xmlns=\"http://schemas.microsoft.com/win/2004/08/events/event\"><System><Provider Name=\"Microsoft-Windows-Diagnosis-DPS\" Guid=\"{6bba3851-2c7e-4dea-8f54-31e5afd029e3}\"></Provider>\n<EventID Qualifiers=\"\">110</EventID>\n<Version>0</Version>\n<Level>4</Level>\n<Task>1</Task>\n<Opcode>14</Opcode>\n<Keywords>0x4000000800000000</Keywords>\n<TimeCreated SystemTime=\"2014-02-06 11:23:54.027008+00:00\"></TimeCreated>\n<EventRecordID>232</EventRecordID>\n<Correlation ActivityID=\"{665881f5-bab3-4ba0-8abe-18349686b61f}\" RelatedActivityID=\"\"></Correlation>\n<Execution ProcessID=\"1252\" ThreadID=\"1912\"></Execution>\n<Channel>Microsoft-Windows-Diagnosis-DPS/Operational</Channel>\n<Computer>IACIS-HDD-2014</Computer>\n<Security UserID=\"S-1-5-19\"></Security>\n</System>\n<EventData><Data Name=\"ScenarioId\">{86432a0b-3c7d-4ddf-a89c-172faa90485d}</Data>\n<Data Name=\"InstanceId\">{665881f5-bab3-4ba0-8abe-18349686b61f}</Data>\n<Data Name=\"OriginalActivityId\">{86432a0b-3c7d-4ddf-a89c-172faa90485d}</Data>\n<Data Name=\"DiagnosticModuleImageName\">%SystemRoot%\\system32\\diagperf.dll</Data>\n<Data Name=\"DiagnosticModuleId\">{c8544339-5be9-4f25-862e-485f1b1a6935}</Data>\n</EventData>\n</Event>\n"
  },
  {
    "EventID": 100,
    "Timestamp": "2014-02-06 18:54:17.659851+00:00",
    "Computer": "IACIS-HDD-2014",
    "Channel": "Microsoft-Windows-Diagnosis-DPS/Operational",
    "Level": "Information",
    "EventData": {
      "ScenarioId": "{2698178d-fdad-40ae-9d3c-1371703adc5b}",
      "InstanceId": "{774de6ca-e575-451c-aad4-a85a4f935329}",
      "OriginalActivityId": "{2698178d-fdad-40ae-9d3c-1371703adc5b}",
      "DiagnosticModuleImageName": "%SystemRoot%\\system32\\diagperf.dll",
      "DiagnosticModuleId": "{15fba3b8-a37a-4f91-bdba-fbb98fe804bf}"
    },
    "RawXml": "<Event xmlns=\"http://schemas.microsoft.com/win/2004/08/events/event\"><System><Provider Name=\"Microsoft-Windows-Diagnosis-DPS\" Guid=\"{6bba3851-2c7e-4dea-8f54-31e5afd029e3}\"></Provider>\n<EventID Qualifiers=\"\">100</EventID>\n<Version>0</Version>\n<Level>4</Level>\n<Task>1</Task>\n<Opcode>12</Opcode>\n<Keywords>0x4000000800000000</Keywords>\n<TimeCreated SystemTime=\"2014-02-06 18:54:17.659851+00:00\"></TimeCreated>\n<EventRecordID>233</EventRecordID>\n<Correlation ActivityID=\"{774de6ca-e575-451c-aad4-a85a4f935329}\" RelatedActivityID=\"\"></Correlation>\n<Execution ProcessID=\"1328\" ThreadID=\"1616\"></Execution>\n<Channel>Microsoft-Windows-Diagnosis-DPS/Operational</Channel>\n<Computer>IACIS-HDD-2014</Computer>\n<Security UserID=\"S-1-5-19\"></Security>\n</System>\n<EventData><Data Name=\"ScenarioId\">{2698178d-fdad-40ae-9d3c-1371703adc5b}</Data>\n<Data Name=\"InstanceId\">{774de6ca-e575-451c-aad4-a85a4f935329}</Data>\n<Data Name=\"OriginalActivityId\">{2698178d-fdad-40ae-9d3c-1371703adc5b}</Data>\n<Data Name=\"DiagnosticModuleImageName\">%SystemRoot%\\system32\\diagperf.dll</Data>\n<Data Name=\"DiagnosticModuleId\">{15fba3b8-a37a-4f91-bdba-fbb98fe804bf}</Data>\n</EventData>\n</Event>\n"
  },
  {
    "EventID": 105,
    "Timestamp": "2014-02-06 18:54:17.659851+00:00",
    "Computer": "IACIS-HDD-2014",
    "Channel": "Microsoft-Windows-Diagnosis-DPS/Operational",
    "Level": "Information",
    "EventData": {
      "ScenarioId": "{2698178d-fdad-40ae-9d3c-1371703adc5b}",
      "InstanceId": "{774de6ca-e575-451c-aad4-a85a4f935329}",
      "OriginalActivityId": "{2698178d-fdad-40ae-9d3c-1371703adc5b}",
      "DiagnosticModuleImageName": "%SystemRoot%\\system32\\diagperf.dll",
      "DiagnosticModuleId": "{15fba3b8-a37a-4f91-bdba-fbb98fe804bf}"
    },
    "RawXml": "<Event xmlns=\"http://schemas.microsoft.com/win/2004/08/events/event\"><System><Provider Name=\"Microsoft-Windows-Diagnosis-DPS\" Guid=\"{6bba3851-2c7e-4dea-8f54-31e5afd029e3}\"></Provider>\n<EventID Qualifiers=\"\">105</EventID>\n<Version>0</Version>\n<Level>4</Level>\n<Task>1</Task>\n<Opcode>13</Opcode>\n<Keywords>0x4000000800000000</Keywords>\n<TimeCreated SystemTime=\"2014-02-06 18:54:17.659851+00:00\"></TimeCreated>\n<EventRecordID>234</EventRecordID>\n<Correlation ActivityID=\"{774de6ca-e575-451c-aad4-a85a4f935329}\" RelatedActivityID=\"\"></Correlation>\n<Execution ProcessID=\"1328\" ThreadID=\"1616\"></Execution>\n<Channel>Microsoft-Windows-Diagnosis-DPS/Operational</Channel>\n<Computer>IACIS-HDD-2014</Computer>\n<Security UserID=\"S-1-5-19\"></Security>\n</System>\n<EventData><Data Name=\"ScenarioId\">{2698178d-fdad-40ae-9d3c-1371703adc5b}</Data>\n<Data Name=\"InstanceId\">{774de6ca-e575-451c-aad4-a85a4f935329}</Data>\n<Data Name=\"OriginalActivityId\">{2698178d-fdad-40ae-9d3c-1371703adc5b}</Data>\n<Data Name=\"DiagnosticModuleImageName\">%SystemRoot%\\system32\\diagperf.dll</Data>\n<Data Name=\"DiagnosticModuleId\">{15fba3b8-a37a-4f91-bdba-fbb98fe804bf}</Data>\n</EventData>\n</Event>\n"
  },
  {
    "EventID": 100,
    "Timestamp": "2014-02-06 18:56:15.908463+00:00",
    "Computer": "IACIS-HDD-2014",
    "Channel": "Microsoft-Windows-Diagnosis-DPS/Operational",
    "Level": "Information",
    "EventData": {
      "ScenarioId": "{86432a0b-3c7d-4ddf-a89c-172faa90485d}",
      "InstanceId": "{7a6d634e-9568-4c27-9fc2-492c89dc3aa5}",
      "OriginalActivityId": "{86432a0b-3c7d-4ddf-a89c-172faa90485d}",
      "DiagnosticModuleImageName": "%SystemRoot%\\system32\\diagperf.dll",
      "DiagnosticModuleId": "{c8544339-5be9-4f25-862e-485f1b1a6935}"
    },
    "RawXml": "<Event xmlns=\"http://schemas.microsoft.com/win/2004/08/events/event\"><System><Provider Name=\"Microsoft-Windows-Diagnosis-DPS\" Guid=\"{6bba3851-2c7e-4dea-8f54-31e5afd029e3}\"></Provider>\n<EventID Qualifiers=\"\">100</EventID>\n<Version>0</Version>\n<Level>4</Level>\n<Task>1</Task>\n<Opcode>12</Opcode>\n<Keywords>0x4000000800000000</Keywords>\n<TimeCreated SystemTime=\"2014-02-06 18:56:15.908463+00:00\"></TimeCreated>\n<EventRecordID>235</EventRecordID>\n<Correlation ActivityID=\"{7a6d634e-9568-4c27-9fc2-492c89dc3aa5}\" RelatedActivityID=\"\"></Correlation>\n<Execution ProcessID=\"1328\" ThreadID=\"1344\"></Execution>\n<Channel>Microsoft-Windows-Diagnosis-DPS/Operational</Channel>\n<Computer>IACIS-HDD-2014</Computer>\n<Security UserID=\"S-1-5-19\"></Security>\n</System>\n<EventData><Data Name=\"ScenarioId\">{86432a0b-3c7d-4ddf-a89c-172faa90485d}</Data>\n<Data Name=\"InstanceId\">{7a6d634e-9568-4c27-9fc2-492c89dc3aa5}</Data>\n<Data Name=\"OriginalActivityId\">{86432a0b-3c7d-4ddf-a89c-172faa90485d}</Data>\n<Data Name=\"DiagnosticModuleImageName\">%SystemRoot%\\system32\\diagperf.dll</Data>\n<Data Name=\"DiagnosticModuleId\">{c8544339-5be9-4f25-862e-485f1b1a6935}</Data>\n</EventData>\n</Event>\n"
  },
  {
    "EventID": 105,
    "Timestamp": "2014-02-06 18:56:15.908463+00:00",
    "Computer": "IACIS-HDD-2014",
    "Channel": "Microsoft-Windows-Diagnosis-DPS/Operational",
    "Level": "Information",
    "EventData": {
      "ScenarioId": "{86432a0b-3c7d-4ddf-a89c-172faa90485d}",
      "InstanceId": "{7a6d634e-9568-4c27-9fc2-492c89dc3aa5}",
      "OriginalActivityId": "{86432a0b-3c7d-4ddf-a89c-172faa90485d}",
      "DiagnosticModuleImageName": "%SystemRoot%\\system32\\diagperf.dll",
      "DiagnosticModuleId": "{c8544339-5be9-4f25-862e-485f1b1a6935}"
    },
    "RawXml": "<Event xmlns=\"http://schemas.microsoft.com/win/2004/08/events/event\"><System><Provider Name=\"Microsoft-Windows-Diagnosis-DPS\" Guid=\"{6bba3851-2c7e-4dea-8f54-31e5afd029e3}\"></Provider>\n<EventID Qualifiers=\"\">105</EventID>\n<Version>0</Version>\n<Level>4</Level>\n<Task>1</Task>\n<Opcode>13</Opcode>\n<Keywords>0x4000000800000000</Keywords>\n<TimeCreated SystemTime=\"2014-02-06 18:56:15.908463+00:00\"></TimeCreated>\n<EventRecordID>236</EventRecordID>\n<Correlation ActivityID=\"{7a6d634e-9568-4c27-9fc2-492c89dc3aa5}\" RelatedActivityID=\"\"></Correlation>\n<Execution ProcessID=\"1328\" ThreadID=\"1344\"></Execution>\n<Channel>Microsoft-Windows-Diagnosis-DPS/Operational</Channel>\n<Computer>IACIS-HDD-2014</Computer>\n<Security UserID=\"S-1-5-19\"></Security>\n</System>\n<EventData><Data Name=\"ScenarioId\">{86432a0b-3c7d-4ddf-a89c-172faa90485d}</Data>\n<Data Name=\"InstanceId\">{7a6d634e-9568-4c27-9fc2-492c89dc3aa5}</Data>\n<Data Name=\"OriginalActivityId\">{86432a0b-3c7d-4ddf-a89c-172faa90485d}</Data>\n<Data Name=\"DiagnosticModuleImageName\">%SystemRoot%\\system32\\diagperf.dll</Data>\n<Data Name=\"DiagnosticModuleId\">{c8544339-5be9-4f25-862e-485f1b1a6935}</Data>\n</EventData>\n</Event>\n"
  },
  {
    "EventID": 110,
    "Timestamp": "2014-02-06 18:56:17.016066+00:00",
    "Computer": "IACIS-HDD-2014",
    "Channel": "Microsoft-Windows-Diagnosis-DPS/Operational",
    "Level": "Information",
    "EventData": {
      "ScenarioId": "{86432a0b-3c7d-4ddf-a89c-172faa90485d}",
      "InstanceId": "{7a6d634e-9568-4c27-9fc2-492c89dc3aa5}",
      "OriginalActivityId": "{86432a0b-3c7d-4ddf-a89c-172faa90485d}",
      "DiagnosticModuleImageName": "%SystemRoot%\\system32\\diagperf.dll",
      "DiagnosticModuleId": "{c8544339-5be9-4f25-862e-485f1b1a6935}"
    },
    "RawXml": "<Event xmlns=\"http://schemas.microsoft.com/win/2004/08/events/event\"><System><Provider Name=\"Microsoft-Windows-Diagnosis-DPS\" Guid=\"{6bba3851-2c7e-4dea-8f54-31e5afd029e3}\"></Provider>\n<EventID Qualifiers=\"\">110</EventID>\n<Version>0</Version>\n<Level>4</Level>\n<Task>1</Task>\n<Opcode>14</Opcode>\n<Keywords>0x4000000800000000</Keywords>\n<TimeCreated SystemTime=\"2014-02-06 18:56:17.016066+00:00\"></TimeCreated>\n<EventRecordID>237</EventRecordID>\n<Correlation ActivityID=\"{7a6d634e-9568-4c27-9fc2-492c89dc3aa5}\" RelatedActivityID=\"\"></Correlation>\n<Execution ProcessID=\"1328\" ThreadID=\"1616\"></Execution>\n<Channel>Microsoft-Windows-Diagnosis-DPS/Operational</Channel>\n<Computer>IACIS-HDD-2014</Computer>\n<Security UserID=\"S-1-5-19\"></Security>\n</System>\n<EventData><Data Name=\"ScenarioId\">{86432a0b-3c7d-4ddf-a89c-172faa90485d}</Data>\n<Data Name=\"InstanceId\">{7a6d634e-9568-4c27-9fc2-492c89dc3aa5}</Data>\n<Data Name=\"OriginalActivityId\">{86432a0b-3c7d-4ddf-a89c-172faa90485d}</Data>\n<Data Name=\"DiagnosticModuleImageName\">%SystemRoot%\\system32\\diagperf.dll</Data>\n<Data Name=\"DiagnosticModuleId\">{c8544339-5be9-4f25-862e-485f1b1a6935}</Data>\n</EventData>\n</Event>\n"
  },
