  {
    "EventID": 115,
    "Timestamp": "2014-01-25 07:43:43.705076+00:00",
    "Computer": "IACIS-HDD-2014",
    "Channel": "Microsoft-Windows-Diagnosis-DPS/Operational",
    "Level": "Information",
    "EventData": {
      "ScenarioId": "{739ff6cf-5033-428c-9e2f-582096482dd5}",
      "InstanceId": "{1b2d52bb-2ec8-4770-a605-3a2a56ed5149}",
      "OriginalActivityId": "{00000000-0000-0000-0000-000000000000}",
      "DiagnosticModuleImageName": "%windir%\\system32\\radardt.dll",
      "ResolutionId": "{5ee64afb-398d-4edb-af71-3b830219abf7}",
      "ResolutionSID": "S-1-5-21-1171287513-3642516788-2358256967-1001",
      "ResolutionSessionId": "1",
      "ResolutionExpirationDate": "0001-01-01 00:00:00",
      "DiagnosticModuleId": "{c0f51d84-11b9-4e74-b083-99f11ba2db0a}"
    },
    "RawXml": "<Event xmlns=\"http://schemas.microsoft.com/win/2004/08/events/event\"><System><Provider Name=\"Microsoft-Windows-Diagnosis-DPS\" Guid=\"{6bba3851-2c7e-4dea-8f54-31e5afd029e3}\"></Provider>\n<EventID Qualifiers=\"\">115</EventID>\n<Version>0</Version>\n<Level>4</Level>\n<Task>1</Task>\n<Opcode>15</Opcode>\n<Keywords>0x4000000800000000</Keywords>\n<TimeCreated SystemTime=\"2014-01-25 07:43:43.705076+00:00\"></TimeCreated>\n<EventRecordID>105</EventRecordID>\n<Correlation ActivityID=\"{1b2d52bb-2ec8-4770-a605-3a2a56ed5149}\" RelatedActivityID=\"\"></Correlation>\n<Execution ProcessID=\"1268\" ThreadID=\"604\"></Execution>\n<Channel>Microsoft-Windows-Diagnosis-DPS/Operational</Channel>\n<Computer>IACIS-HDD-2014</Computer>\n<Security UserID=\"S-1-5-19\"></Security>\n</System>\n<EventData><Data Name=\"ScenarioId\">{739ff6cf-5033-428c-9e2f-582096482dd5}</Data>\n<Data Name=\"InstanceId\">{1b2d52bb-2ec8-4770-a605-3a2a56ed5149}</Data>\n<Data Name=\"OriginalActivityId\">{00000000-0000-0000-0000-000000000000}</Data>\n<Data Name=\"DiagnosticModuleImageName\">%windir%\\system32\\radardt.dll</Data>\n<Data Name=\"ResolutionId\">{5ee64afb-398d-4edb-af71-3b830219abf7}</Data>\n<Data Name=\"ResolutionSID\">S-1-5-21-1171287513-3642516788-2358256967-1001</Data>\n<Data Name=\"ResolutionSessionId\">1</Data>\n<Data Name=\"ResolutionExpirationDate\">0001-01-01 00:00:00</Data>\n<Data Name=\"DiagnosticModuleId\">{c0f51d84-11b9-4e74-b083-99f11ba2db0a}</Data>\n</EventData>\n</Event>\n"
  },
  {
    "EventID": 125,
    "Timestamp": "2014-01-25 07:43:43.720676+00:00",
    "Computer": "IACIS-HDD-2014",
    "Channel": "Microsoft-Windows-Diagnosis-DPS/Operational",
    "Level": "Information",
    "EventData": {
      "ScenarioId": "{739ff6cf-5033-428c-9e2f-582096482dd5}",
      "InstanceId": "{1b2d52bb-2ec8-4770-a605-3a2a56ed5149}",
      "OriginalActivityId": "{00000000-0000-0000-0000-000000000000}",
      "DiagnosticModuleImageName": "%windir%\\system32\\radarrs.dll",
      "DiagnosticModuleId": "{5ee64afb-398d-4edb-af71-3b830219abf7}"
    },
    "RawXml": "<Event xmlns=\"http://schemas.microsoft.com/win/2004/08/events/event\"><System><Provider Name=\"Microsoft-Windows-Diagnosis-DPS\" Guid=\"{6bba3851-2c7e-4dea-8f54-31e5afd029e3}\"></Provider>\n<EventID Qualifiers=\"\">125</EventID>\n<Version>0</Version>\n<Level>4</Level>\n<Task>1</Task>\n<Opcode>17</Opcode>\n<Keywords>0x4000000800000000</Keywords>\n<TimeCreated SystemTime=\"2014-01-25 07:43:43.720676+00:00\"></TimeCreated>\n<EventRecordID>106</EventRecordID>\n<Correlation ActivityID=\"{1b2d52bb-2ec8-4770-a605-3a2a56ed5149}\" RelatedActivityID=\"\"></Correlation>\n<Execution ProcessID=\"1268\" ThreadID=\"604\"></Execution>\n<Channel>Microsoft-Windows-Diagnosis-DPS/Operational</Channel>\n<Computer>IACIS-HDD-2014</Computer>\n<Security UserID=\"S-1-5-19\"></Security>\n</System>\n<EventData><Data Name=\"ScenarioId\">{739ff6cf-5033-428c-9e2f-582096482dd5}</Data>\n<Data Name=\"InstanceId\">{1b2d52bb-2ec8-4770-a605-3a2a56ed5149}</Data>\n<Data Name=\"OriginalActivityId\">{00000000-0000-0000-0000-000000000000}</Data>\n<Data Name=\"DiagnosticModuleImageName\">%windir%\\system32\\radarrs.dll</Data>\n<Data Name=\"DiagnosticModuleId\">{5ee64afb-398d-4edb-af71-3b830219abf7}</Data>\n</EventData>\n</Event>\n"
  },
  {
    "EventID": 130,
    "Timestamp": "2014-01-25 07:43:44.251078+00:00",
    "Computer": "IACIS-HDD-2014",
    "Channel": "Microsoft-Windows-Diagnosis-DPS/Operational",
    "Level": "Information",
    "EventData": {
      "ScenarioId": "{739ff6cf-5033-428c-9e2f-582096482dd5}",
      "InstanceId": "{1b2d52bb-2ec8-4770-a605-3a2a56ed5149}",
      "OriginalActivityId": "{00000000-0000-0000-0000-000000000000}",
      "DiagnosticModuleImageName": "%windir%\\system32\\radarrs.dll",
      "DiagnosticModuleId": "{5ee64afb-398d-4edb-af71-3b830219abf7}"
    },
    "RawXml": "<Event xmlns=\"http://schemas.microsoft.com/win/2004/08/events/event\"><System><Provider Name=\"Microsoft-Windows-Diagnosis-DPS\" Guid=\"{6bba3851-2c7e-4dea-8f54-31e5afd029e3}\"></Provider>\n<EventID Qualifiers=\"\">130</EventID>\n<Version>0</Version>\n<Level>4</Level>\n<Task>1</Task>\n<Opcode>19</Opcode>\n<Keywords>0x4000000800000000</Keywords>\n<TimeCreated SystemTime=\"2014-01-25 07:43:44.251078+00:00\"></TimeCreated>\n<EventRecordID>107</EventRecordID>\n<Correlation ActivityID=\"{1b2d52bb-2ec8-4770-a605-3a2a56ed5149}\" RelatedActivityID=\"\"></Correlation>\n<Execution ProcessID=\"1268\" ThreadID=\"604\"></Execution>\n<Channel>Microsoft-Windows-Diagnosis-DPS/Operational</Channel>\n<Computer>IACIS-HDD-2014</Computer>\n<Security UserID=\"S-1-5-19\"></Security>\n</System>\n<EventData><Data Name=\"ScenarioId\">{739ff6cf-5033-428c-9e2f-582096482dd5}</Data>\n<Data Name=\"InstanceId\">{1b2d52bb-2ec8-4770-a605-3a2a56ed5149}</Data>\n<Data Name=\"OriginalActivityId\">{00000000-0000-0000-0000-000000000000}</Data>\n<Data Name=\"DiagnosticModuleImageName\">%windir%\\system32\\radarrs.dll</Data>\n<Data Name=\"DiagnosticModuleId\">{5ee64afb-398d-4edb-af71-3b830219abf7}</Data>\n</EventData>\n</Event>\n"
  },
  {
    "EventID": 100,
    "Timestamp": "2014-01-25 07:48:40.292797+00:00",
    "Computer": "IACIS-HDD-2014",
    "Channel": "Microsoft-Windows-Diagnosis-DPS/Operational",
    "Level": "Information",
    "EventData": {
      "ScenarioId": "{739ff6cf-5033-428c-9e2f-582096482dd5}",
      "InstanceId": "{8ba55782-edef-4429-973d-d92d4daefd7a}",
      "OriginalActivityId": "{00000000-0000-0000-0000-000000000000}",
      "DiagnosticModuleImageName": "%windir%\\system32\\radardt.dll",
      "DiagnosticModuleId": "{c0f51d84-11b9-4e74-b083-99f11ba2db0a}"
    },
    "RawXml": "<Event xmlns=\"http://schemas.microsoft.com/win/2004/08/events/event\"><System><Provider Name=\"Microsoft-Windows-Diagnosis-DPS\" Guid=\"{6bba3851-2c7e-4dea-8f54-31e5afd029e3}\"></Provider>\n<EventID Qualifiers=\"\">100</EventID>\n<Version>0</Version>\n<Level>4</Level>\n<Task>1</Task>\n<Opcode>12</Opcode>\n<Keywords>0x4000000800000000</Keywords>\n<TimeCreated SystemTime=\"2014-01-25 07:48:40.292797+00:00\"></TimeCreated>\n<EventRecordID>108</EventRecordID>\n<Correlation ActivityID=\"{8ba55782-edef-4429-973d-d92d4daefd7a}\" RelatedActivityID=\"\"></Correlation>\n<Execution ProcessID=\"1268\" ThreadID=\"2624\"></Execution>\n<Channel>Microsoft-Windows-Diagnosis-DPS/Operational</Channel>\n<Computer>IACIS-HDD-2014</Computer>\n<Security UserID=\"S-1-5-19\"></Security>\n</System>\n<EventData><Data Name=\"ScenarioId\">{739ff6cf-5033-428c-9e2f-582096482dd5}</Data>\n<Data Name=\"InstanceId\">{8ba55782-edef-4429-973d-d92d4daefd7a}</Data>\n<Data Name=\"OriginalActivityId\">{00000000-0000-0000-0000-000000000000}</Data>\n<Data Name=\"DiagnosticModuleImageName\">%windir%\\system32\\radardt.dll</Data>\n<Data Name=\"DiagnosticModuleId\">{c0f51d84-11b9-4e74-b083-99f11ba2db0a}</Data>\n</EventData>\n</Event>\n"
  },
  {
    "EventID": 105,
    "Timestamp": "2014-01-25 07:48:40.292797+00:00",
    "Computer": "IACIS-HDD-2014",
    "Channel": "Microsoft-Windows-Diagnosis-DPS/Operational",
    "Level": "Information",
    "EventData": {
      "ScenarioId": "{739ff6cf-5033-428c-9e2f-582096482dd5}",
      "InstanceId": "{8ba55782-edef-4429-973d-d92d4daefd7a}",
      "OriginalActivityId": "{00000000-0000-0000-0000-000000000000}",
      "DiagnosticModuleImageName": "%windir%\\system32\\radardt.dll",
      "DiagnosticModuleId": "{c0f51d84-11b9-4e74-b083-99f11ba2db0a}"
    },
    "RawXml": "<Event xmlns=\"http://schemas.microsoft.com/win/2004/08/events/event\"><System><Provider Name=\"Microsoft-Windows-Diagnosis-DPS\" Guid=\"{6bba3851-2c7e-4dea-8f54-31e5afd029e3}\"></Provider>\n<EventID Qualifiers=\"\">105</EventID>\n<Version>0</Version>\n<Level>4</Level>\n<Task>1</Task>\n<Opcode>13</Opcode>\n<Keywords>0x4000000800000000</Keywords>\n<TimeCreated SystemTime=\"2014-01-25 07:48:40.292797+00:00\"></TimeCreated>\n<EventRecordID>109</EventRecordID>\n<Correlation ActivityID=\"{8ba55782-edef-4429-973d-d92d4daefd7a}\" RelatedActivityID=\"\"></Correlation>\n<Execution ProcessID=\"1268\" ThreadID=\"2624\"></Execution>\n<Channel>Microsoft-Windows-Diagnosis-DPS/Operational</Channel>\n<Computer>IACIS-HDD-2014</Computer>\n<Security UserID=\"S-1-5-19\"></Security>\n</System>\n<EventData><Data Name=\"ScenarioId\">{739ff6cf-5033-428c-9e2f-582096482dd5}</Data>\n<Data Name=\"InstanceId\">{8ba55782-edef-4429-973d-d92d4daefd7a}</Data>\n<Data Name=\"OriginalActivityId\">{00000000-0000-0000-0000-000000000000}</Data>\n<Data Name=\"DiagnosticModuleImageName\">%windir%\\system32\\radardt.dll</Data>\n<Data Name=\"DiagnosticModuleId\">{c0f51d84-11b9-4e74-b083-99f11ba2db0a}</Data>\n</EventData>\n</Event>\n"
  },
  {
    "EventID": 115,
    "Timestamp": "2014-01-25 07:48:41.774801+00:00",
    "Computer": "IACIS-HDD-2014",
    "Channel": "Microsoft-Windows-Diagnosis-DPS/Operational",
    "Level": "Information",
    "EventData": {
      "ScenarioId": "{739ff6cf-5033-428c-9e2f-582096482dd5}",
      "InstanceId": "{8ba55782-edef-4429-973d-d92d4daefd7a}",
      "OriginalActivityId": "{00000000-0000-0000-0000-000000000000}",
      "DiagnosticModuleImageName": "%windir%\\system32\\radardt.dll",
      "ResolutionId": "{5ee64afb-398d-4edb-af71-3b830219abf7}",
      "ResolutionSID": "S-1-5-21-1171287513-3642516788-2358256967-1001",
      "ResolutionSessionId": "1",
      "ResolutionExpirationDate": "0001-01-01 00:00:00",
      "DiagnosticModuleId": "{c0f51d84-11b9-4e74-b083-99f11ba2db0a}"
    },
    "RawXml": "<Event xmlns=\"http://schemas.microsoft.com/win/2004/08/events/event\"><System><Provider Name=\"Microsoft-Windows-Diagnosis-DPS\" Guid=\"{6bba3851-2c7e-4dea-8f54-31e5afd029e3}\"></Provider>\n<EventID Qualifiers=\"\">115</EventID>\n<Version>0</Version>\n<Level>4</Level>\n<Task>1</Task>\n<Opcode>15</Opcode>\n<Keywords>0x4000000800000000</Keywords>\n<TimeCreated SystemTime=\"2014-01-25 07:48:41.774801+00:00\"></TimeCreated>\n<EventRecordID>110</EventRecordID>\n<Correlation ActivityID=\"{8ba55782-edef-4429-973d-d92d4daefd7a}\" RelatedActivityID=\"\"></Correlation>\n<Execution ProcessID=\"1268\" ThreadID=\"2624\"></Execution>\n<Channel>Microsoft-Windows-Diagnosis-DPS/Operational</Channel>\n<Computer>IACIS-HDD-2014</Computer>\n<Security UserID=\"S-1-5-19\"></Security>\n</System>\n<EventData><Data Name=\"ScenarioId\">{739ff6cf-5033-428c-9e2f-582096482dd5}</Data>\n<Data Name=\"InstanceId\">{8ba55782-edef-4429-973d-d92d4daefd7a}</Data>\n<Data Name=\"OriginalActivityId\">{00000000-0000-0000-0000-000000000000}</Data>\n<Data Name=\"DiagnosticModuleImageName\">%windir%\\system32\\radardt.dll</Data>\n<Data Name=\"ResolutionId\">{5ee64afb-398d-4edb-af71-3b830219abf7}</Data>\n<Data Name=\"ResolutionSID\">S-1-5-21-1171287513-3642516788-2358256967-1001</Data>\n<Data Name=\"ResolutionSessionId\">1</Data>\n<Data Name=\"ResolutionExpirationDate\">0001-01-01 00:00:00</Data>\n<Data Name=\"DiagnosticModuleId\">{c0f51d84-11b9-4e74-b083-99f11ba2db0a}</Data>\n</EventData>\n</Event>\n"
  },
  {
    "EventID": 125,
    "Timestamp": "2014-01-25 07:48:41.790401+00:00",
    "Computer": "IACIS-HDD-2014",
    "Channel": "Microsoft-Windows-Diagnosis-DPS/Operational",
    "Level": "Information",
    "EventData": {
      "ScenarioId": "{739ff6cf-5033-428c-9e2f-582096482dd5}",
      "InstanceId": "{8ba55782-edef-4429-973d-d92d4daefd7a}",
      "OriginalActivityId": "{00000000-0000-0000-0000-000000000000}",
      "DiagnosticModuleImageName": "%windir%\\system32\\radarrs.dll",
      "DiagnosticModuleId": "{5ee64afb-398d-4edb-af71-3b830219abf7}"
    },
    "RawXml": "<Event xmlns=\"http://schemas.microsoft.com/win/2004/08/events/event\"><System><Provider Name=\"Microsoft-Windows-Diagnosis-DPS\" Guid=\"{6bba3851-2c7e-4dea-8f54-31e5afd029e3}\"></Provider>\n<EventID Qualifiers=\"\">125</EventID>\n<Version>0</Version>\n<Level>4</Level>\n<Task>1</Task>\n<Opcode>17</Opcode>\n<Keywords>0x4000000800000000</Keywords>\n<TimeCreated SystemTime=\"2014-01-25 07:48:41.790401+00:00\"></TimeCreated>\n<EventRecordID>111</EventRecordID>\n<Correlation ActivityID=\"{8ba55782-edef-4429-973d-d92d4daefd7a}\" RelatedActivityID=\"\"></Correlation>\n<Execution ProcessID=\"1268\" ThreadID=\"2624\"></Execution>\n<Channel>Microsoft-Windows-Diagnosis-DPS/Operational</Channel>\n<Computer>IACIS-HDD-2014</Computer>\n<Security UserID=\"S-1-5-19\"></Security>\n</System>\n<EventData><Data Name=\"ScenarioId\">{739ff6cf-5033-428c-9e2f-582096482dd5}</Data>\n<Data Name=\"InstanceId\">{8ba55782-edef-4429-973d-d92d4daefd7a}</Data>\n<Data Name=\"OriginalActivityId\">{00000000-0000-0000-0000-000000000000}</Data>\n<Data Name=\"DiagnosticModuleImageName\">%windir%\\system32\\radarrs.dll</Data>\n<Data Name=\"DiagnosticModuleId\">{5ee64afb-398d-4edb-af71-3b830219abf7}</Data>\n</EventData>\n</Event>\n"
  },
  {
    "EventID": 130,
    "Timestamp": "2014-01-25 07:48:42.196001+00:00",
    "Computer": "IACIS-HDD-2014",
    "Channel": "Microsoft-Windows-Diagnosis-DPS/Operational",
    "Level": "Information",
    "EventData": {
      "ScenarioId": "{739ff6cf-5033-428c-9e2f-582096482dd5}",
      "InstanceId": "{8ba55782-edef-4429-973d-d92d4daefd7a}",
      "OriginalActivityId": "{00000000-0000-0000-0000-000000000000}",
      "DiagnosticModuleImageName": "%windir%\\system32\\radarrs.dll",
      "DiagnosticModuleId": "{5ee64afb-398d-4edb-af71-3b830219abf7}"
    },
    "RawXml": "<Event xmlns=\"http://schemas.microsoft.com/win/2004/08/events/event\"><System><Provider Name=\"Microsoft-Windows-Diagnosis-DPS\" Guid=\"{6bba3851-2c7e-4dea-8f54-31e5afd029e3}\"></Provider>\n<EventID Qualifiers=\"\">130</EventID>\n<Version>0</Version>\n<Level>4</Level>\n<Task>1</Task>\n<Opcode>19</Opcode>\n<Keywords>0x4000000800000000</Keywords>\n<TimeCreated SystemTime=\"2014-01-25 07:48:42.196001+00:00\"></TimeCreated>\n<EventRecordID>112</EventRecordID>\n<Correlation ActivityID=\"{8ba55782-edef-4429-973d-d92d4daefd7a}\" RelatedActivityID=\"\"></Correlation>\n<Execution ProcessID=\"1268\" ThreadID=\"2624\"></Execution>\n<Channel>Microsoft-Windows-Diagnosis-DPS/Operational</Channel>\n<Computer>IACIS-HDD-2014</Computer>\n<Security UserID=\"S-1-5-19\"></Security>\n</System>\n<EventData><Data Name=\"ScenarioId\">{739ff6cf-5033-428c-9e2f-582096482dd5}</Data>\n<Data Name=\"InstanceId\">{8ba55782-edef-4429-973d-d92d4daefd7a}</Data>\n<Data Name=\"OriginalActivityId\">{00000000-0000-0000-0000-000000000000}</Data>\n<Data Name=\"DiagnosticModuleImageName\">%windir%\\system32\\radarrs.dll</Data>\n<Data Name=\"DiagnosticModuleId\">{5ee64afb-398d-4edb-af71-3b830219abf7}</Data>\n</EventData>\n</Event>\n"
  },
  {
    "EventID": 100,
    "Timestamp": "2014-01-25 07:53:40.234524+00:00",
    "Computer": "IACIS-HDD-2014",
    "Channel": "Microsoft-Windows-Diagnosis-DPS/Operational",
    "Level": "Information",
    "EventData": {
      "ScenarioId": "{739ff6cf-5033-428c-9e2f-582096482dd5}",
      "InstanceId": "{9ce58d66-ef75-4e95-9fc1-c25a64ded351}",
      "OriginalActivityId": "{00000000-0000-0000-0000-000000000000}",
      "DiagnosticModuleImageName": "%windir%\\system32\\radardt.dll",
      "DiagnosticModuleId": "{c0f51d84-11b9-4e74-b083-99f11ba2db0a}"
    },
    "RawXml": "<Event xmlns=\"http://schemas.microsoft.com/win/2004/08/events/event\"><System><Provider Name=\"Microsoft-Windows-Diagnosis-DPS\" Guid=\"{6bba3851-2c7e-4dea-8f54-31e5afd029e3}\"></Provider>\n<EventID Qualifiers=\"\">100</EventID>\n<Version>0</Version>\n<Level>4</Level>\n<Task>1</Task>\n<Opcode>12</Opcode>\n<Keywords>0x4000000800000000</Keywords>\n<TimeCreated SystemTime=\"2014-01-25 07:53:40.234524+00:00\"></TimeCreated>\n<EventRecordID>113</EventRecordID>\n<Correlation ActivityID=\"{9ce58d66-ef75-4e95-9fc1-c25a64ded351}\" RelatedActivityID=\"\"></Correlation>\n<Execution ProcessID=\"1268\" ThreadID=\"2536\"></Execution>\n<Channel>Microsoft-Windows-Diagnosis-DPS/Operational</Channel>\n<Computer>IACIS-HDD-2014</Computer>\n<Security UserID=\"S-1-5-19\"></Security>\n</System>\n<EventData><Data Name=\"ScenarioId\">{739ff6cf-5033-428c-9e2f-582096482dd5}</Data>\n<Data Name=\"InstanceId\">{9ce58d66-ef75-4e95-9fc1-c25a64ded351}</Data>\n<Data Name=\"OriginalActivityId\">{00000000-0000-0000-0000-000000000000}</Data>\n<Data Name=\"DiagnosticModuleImageName\">%windir%\\system32\\radardt.dll</Data>\n<Data Name=\"DiagnosticModuleId\">{c0f51d84-11b9-4e74-b083-99f11ba2db0a}</Data>\n</EventData>\n</Event>\n"
  },
  {
    "EventID": 105,
    "Timestamp": "2014-01-25 07:53:40.234524+00:00",
    "Computer": "IACIS-HDD-2014",
    "Channel": "Microsoft-Windows-Diagnosis-DPS/Operational",
    "Level": "Information",
    "EventData": {
      "ScenarioId": "{739ff6cf-5033-428c-9e2f-582096482dd5}",
      "InstanceId": "{9ce58d66-ef75-4e95-9fc1-c25a64ded351}",
      "OriginalActivityId": "{00000000-0000-0000-0000-000000000000}",
      "DiagnosticModuleImageName": "%windir%\\system32\\radardt.dll",
      "DiagnosticModuleId": "{c0f51d84-11b9-4e74-b083-99f11ba2db0a}"
    },
    "RawXml": "<Event xmlns=\"http://schemas.microsoft.com/win/2004/08/events/event\"><System><Provider Name=\"Microsoft-Windows-Diagnosis-DPS\" Guid=\"{6bba3851-2c7e-4dea-8f54-31e5afd029e3}\"></Provider>\n<EventID Qualifiers=\"\">105</EventID>\n<Version>0</Version>\n<Level>4</Level>\n<Task>1</Task>\n<Opcode>13</Opcode>\n<Keywords>0x4000000800000000</Keywords>\n<TimeCreated SystemTime=\"2014-01-25 07:53:40.234524+00:00\"></TimeCreated>\n<EventRecordID>114</EventRecordID>\n<Correlation ActivityID=\"{9ce58d66-ef75-4e95-9fc1-c25a64ded351}\" RelatedActivityID=\"\"></Correlation>\n<Execution ProcessID=\"1268\" ThreadID=\"2536\"></Execution>\n<Channel>Microsoft-Windows-Diagnosis-DPS/Operational</Channel>\n<Computer>IACIS-HDD-2014</Computer>\n<Security UserID=\"S-1-5-19\"></Security>\n</System>\n<EventData><Data Name=\"ScenarioId\">{739ff6cf-5033-428c-9e2f-582096482dd5}</Data>\n<Data Name=\"InstanceId\">{9ce58d66-ef75-4e95-9fc1-c25a64ded351}</Data>\n<Data Name=\"OriginalActivityId\">{00000000-0000-0000-0000-000000000000}</Data>\n<Data Name=\"DiagnosticModuleImageName\">%windir%\\system32\\radardt.dll</Data>\n<Data Name=\"DiagnosticModuleId\">{c0f51d84-11b9-4e74-b083-99f11ba2db0a}</Data>\n</EventData>\n</Event>\n"
  },
  {
    "EventID": 115,
    "Timestamp": "2014-01-25 07:53:41.154926+00:00",
    "Computer": "IACIS-HDD-2014",
    "Channel": "Microsoft-Windows-Diagnosis-DPS/Operational",
    "Level": "Information",
    "EventData": {
      "ScenarioId": "{739ff6cf-5033-428c-9e2f-582096482dd5}",
      "InstanceId": "{9ce58d66-ef75-4e95-9fc1-c25a64ded351}",
      "OriginalActivityId": "{00000000-0000-0000-0000-000000000000}",
      "DiagnosticModuleImageName": "%windir%\\system32\\radardt.dll",
      "ResolutionId": "{5ee64afb-398d-4edb-af71-3b830219abf7}",
      "ResolutionSID": "S-1-5-21-1171287513-3642516788-2358256967-1001",
      "ResolutionSessionId": "1",
      "ResolutionExpirationDate": "0001-01-01 00:00:00",
      "DiagnosticModuleId": "{c0f51d84-11b9-4e74-b083-99f11ba2db0a}"
    },
    "RawXml": "<Event xmlns=\"http://schemas.microsoft.com/win/2004/08/events/event\"><System><Provider Name=\"Microsoft-Windows-Diagnosis-DPS\" Guid=\"{6bba3851-2c7e-4dea-8f54-31e5afd029e3}\"></Provider>\n<EventID Qualifiers=\"\">115</EventID>\n<Version>0</Version>\n<Level>4</Level>\n<Task>1</Task>\n<Opcode>15</Opcode>\n<Keywords>0x4000000800000000</Keywords>\n<TimeCreated SystemTime=\"2014-01-25 07:53:41.154926+00:00\"></TimeCreated>\n<EventRecordID>115</EventRecordID>\n<Correlation ActivityID=\"{9ce58d66-ef75-4e95-9fc1-c25a64ded351}\" RelatedActivityID=\"\"></Correlation>\n<Execution ProcessID=\"1268\" ThreadID=\"2536\"></Execution>\n<Channel>Microsoft-Windows-Diagnosis-DPS/Operational</Channel>\n<Computer>IACIS-HDD-2014</Computer>\n<Security UserID=\"S-1-5-19\"></Security>\n</System>\n<EventData><Data Name=\"ScenarioId\">{739ff6cf-5033-428c-9e2f-582096482dd5}</Data>\n<Data Name=\"InstanceId\">{9ce58d66-ef75-4e95-9fc1-c25a64ded351}</Data>\n<Data Name=\"OriginalActivityId\">{00000000-0000-0000-0000-000000000000}</Data>\n<Data Name=\"DiagnosticModuleImageName\">%windir%\\system32\\radardt.dll</Data>\n<Data Name=\"ResolutionId\">{5ee64afb-398d-4edb-af71-3b830219abf7}</Data>\n<Data Name=\"ResolutionSID\">S-1-5-21-1171287513-3642516788-2358256967-1001</Data>\n<Data Name=\"ResolutionSessionId\">1</Data>\n<Data Name=\"ResolutionExpirationDate\">0001-01-01 00:00:00</Data>\n<Data Name=\"DiagnosticModuleId\">{c0f51d84-11b9-4e74-b083-99f11ba2db0a}</Data>\n</EventData>\n</Event>\n"
  },
  {
    "EventID": 125,
    "Timestamp": "2014-01-25 07:53:41.154926+00:00",
    "Computer": "IACIS-HDD-2014",
    "Channel": "Microsoft-Windows-Diagnosis-DPS/Operational",
    "Level": "Information",
    "EventData": {
      "ScenarioId": "{739ff6cf-5033-428c-9e2f-582096482dd5}",
      "InstanceId": "{9ce58d66-ef75-4e95-9fc1-c25a64ded351}",
      "OriginalActivityId": "{00000000-0000-0000-0000-000000000000}",
      "DiagnosticModuleImageName": "%windir%\\system32\\radarrs.dll",
      "DiagnosticModuleId": "{5ee64afb-398d-4edb-af71-3b830219abf7}"
    },
    "RawXml": "<Event xmlns=\"http://schemas.microsoft.com/win/2004/08/events/event\"><System><Provider Name=\"Microsoft-Windows-Diagnosis-DPS\" Guid=\"{6bba3851-2c7e-4dea-8f54-31e5afd029e3}\"></Provider>\n<EventID Qualifiers=\"\">125</EventID>\n<Version>0</Version>\n<Level>4</Level>\n<Task>1</Task>\n<Opcode>17</Opcode>\n<Keywords>0x4000000800000000</Keywords>\n<TimeCreated SystemTime=\"2014-01-25 07:53:41.154926+00:00\"></TimeCreated>\n<EventRecordID>116</EventRecordID>\n<Correlation ActivityID=\"{9ce58d66-ef75-4e95-9fc1-c25a64ded351}\" RelatedActivityID=\"\"></Correlation>\n<Execution ProcessID=\"1268\" ThreadID=\"2536\"></Execution>\n<Channel>Microsoft-Windows-Diagnosis-DPS/Operational</Channel>\n<Computer>IACIS-HDD-2014</Computer>\n<Security UserID=\"S-1-5-19\"></Security>\n</System>\n<EventData><Data Name=\"ScenarioId\">{739ff6cf-5033-428c-9e2f-582096482dd5}</Data>\n<Data Name=\"InstanceId\">{9ce58d66-ef75-4e95-9fc1-c25a64ded351}</Data>\n<Data Name=\"OriginalActivityId\">{00000000-0000-0000-0000-000000000000}</Data>\n<Data Name=\"DiagnosticModuleImageName\">%windir%\\system32\\radarrs.dll</Data>\n<Data Name=\"DiagnosticModuleId\">{5ee64afb-398d-4edb-af71-3b830219abf7}</Data>\n</EventData>\n</Event>\n"
  },
  {
    "EventID": 130,
    "Timestamp": "2014-01-25 07:53:41.357725+00:00",
    "Computer": "IACIS-HDD-2014",
    "Channel": "Microsoft-Windows-Diagnosis-DPS/Operational",
    "Level": "Information",
    "EventData": {
      "ScenarioId": "{739ff6cf-5033-428c-9e2f-582096482dd5}",
      "InstanceId": "{9ce58d66-ef75-4e95-9fc1-c25a64ded351}",
      "OriginalActivityId": "{00000000-0000-0000-0000-000000000000}",
      "DiagnosticModuleImageName": "%windir%\\system32\\radarrs.dll",
      "DiagnosticModuleId": "{5ee64afb-398d-4edb-af71-3b830219abf7}"
    },
    "RawXml": "<Event xmlns=\"http://schemas.microsoft.com/win/2004/08/events/event\"><System><Provider Name=\"Microsoft-Windows-Diagnosis-DPS\" Guid=\"{6bba3851-2c7e-4dea-8f54-31e5afd029e3}\"></Provider>\n<EventID Qualifiers=\"\">130</EventID>\n<Version>0</Version>\n<Level>4</Level>\n<Task>1</Task>\n<Opcode>19</Opcode>\n<Keywords>0x4000000800000000</Keywords>\n<TimeCreated SystemTime=\"2014-01-25 07:53:41.357725+00:00\"></TimeCreated>\n<EventRecordID>117</EventRecordID>\n<Correlation ActivityID=\"{9ce58d66-ef75-4e95-9fc1-c25a64ded351}\" RelatedActivityID=\"\"></Correlation>\n<Execution ProcessID=\"1268\" ThreadID=\"2536\"></Execution>\n<Channel>Microsoft-Windows-Diagnosis-DPS/Operational</Channel>\n<Computer>IACIS-HDD-2014</Computer>\n<Security UserID=\"S-1-5-19\"></Security>\n</System>\n<EventData><Data Name=\"ScenarioId\">{739ff6cf-5033-428c-9e2f-582096482dd5}</Data>\n<Data Name=\"InstanceId\">{9ce58d66-ef75-4e95-9fc1-c25a64ded351}</Data>\n<Data Name=\"OriginalActivityId\">{00000000-0000-0000-0000-000000000000}</Data>\n<Data Name=\"DiagnosticModuleImageName\">%windir%\\system32\\radarrs.dll</Data>\n<Data Name=\"DiagnosticModuleId\">{5ee64afb-398d-4edb-af71-3b830219abf7}</Data>\n</EventData>\n</Event>\n"
  },
  {
    "EventID": 100,
    "Timestamp": "2014-01-25 07:58:40.191851+00:00",
    "Computer": "IACIS-HDD-2014",
    "Channel": "Microsoft-Windows-Diagnosis-DPS/Operational",
    "Level": "Information",
    "EventData": {
      "ScenarioId": "{739ff6cf-5033-428c-9e2f-582096482dd5}",
      "InstanceId": "{d5a50cd0-7c89-4cdf-ba21-6e440c834a93}",
      "OriginalActivityId": "{00000000-0000-0000-0000-000000000000}",
      "DiagnosticModuleImageName": "%windir%\\system32\\radardt.dll",
      "DiagnosticModuleId": "{c0f51d84-11b9-4e74-b083-99f11ba2db0a}"
    },
    "RawXml": "<Event xmlns=\"http://schemas.microsoft.com/win/2004/08/events/event\"><System><Provider Name=\"Microsoft-Windows-Diagnosis-DPS\" Guid=\"{6bba3851-2c7e-4dea-8f54-31e5afd029e3}\"></Provider>\n<EventID Qualifiers=\"\">100</EventID>\n<Version>0</Version>\n<Level>4</Level>\n<Task>1</Task>\n<Opcode>12</Opcode>\n<Keywords>0x4000000800000000</Keywords>\n<TimeCreated SystemTime=\"2014-01-25 07:58:40.191851+00:00\"></TimeCreated>\n<EventRecordID>118</EventRecordID>\n<Correlation ActivityID=\"{d5a50cd0-7c89-4cdf-ba21-6e440c834a93}\" RelatedActivityID=\"\"></Correlation>\n<Execution ProcessID=\"1268\" ThreadID=\"652\"></Execution>\n<Channel>Microsoft-Windows-Diagnosis-DPS/Operational</Channel>\n<Computer>IACIS-HDD-2014</Computer>\n<Security UserID=\"S-1-5-19\"></Security>\n</System>\n<EventData><Data Name=\"ScenarioId\">{739ff6cf-5033-428c-9e2f-582096482dd5}</Data>\n<Data Name=\"InstanceId\">{d5a50cd0-7c89-4cdf-ba21-6e440c834a93}</Data>\n<Data Name=\"OriginalActivityId\">{00000000-0000-0000-0000-000000000000}</Data>\n<Data Name=\"DiagnosticModuleImageName\">%windir%\\system32\\radardt.dll</Data>\n<Data Name=\"DiagnosticModuleId\">{c0f51d84-11b9-4e74-b083-99f11ba2db0a}</Data>\n</EventData>\n</Event>\n"
  },
  {
    "EventID": 105,
    "Timestamp": "2014-01-25 07:58:40.191851+00:00",
    "Computer": "IACIS-HDD-2014",
    "Channel": "Microsoft-Windows-Diagnosis-DPS/Operational",
    "Level": "Information",
    "EventData": {
      "ScenarioId": "{739ff6cf-5033-428c-9e2f-582096482dd5}",
      "InstanceId": "{d5a50cd0-7c89-4cdf-ba21-6e440c834a93}",
      "OriginalActivityId": "{00000000-0000-0000-0000-000000000000}",
      "DiagnosticModuleImageName": "%windir%\\system32\\radardt.dll",
      "DiagnosticModuleId": "{c0f51d84-11b9-4e74-b083-99f11ba2db0a}"
    },
    "RawXml": "<Event xmlns=\"http://schemas.microsoft.com/win/2004/08/events/event\"><System><Provider Name=\"Microsoft-Windows-Diagnosis-DPS\" Guid=\"{6bba3851-2c7e-4dea-8f54-31e5afd029e3}\"></Provider>\n<EventID Qualifiers=\"\">105</EventID>\n<Version>0</Version>\n<Level>4</Level>\n<Task>1</Task>\n<Opcode>13</Opcode>\n<Keywords>0x4000000800000000</Keywords>\n<TimeCreated SystemTime=\"2014-01-25 07:58:40.191851+00:00\"></TimeCreated>\n<EventRecordID>119</EventRecordID>\n<Correlation ActivityID=\"{d5a50cd0-7c89-4cdf-ba21-6e440c834a93}\" RelatedActivityID=\"\"></Correlation>\n<Execution ProcessID=\"1268\" ThreadID=\"652\"></Execution>\n<Channel>Microsoft-Windows-Diagnosis-DPS/Operational</Channel>\n<Computer>IACIS-HDD-2014</Computer>\n<Security UserID=\"S-1-5-19\"></Security>\n</System>\n<EventData><Data Name=\"ScenarioId\">{739ff6cf-5033-428c-9e2f-582096482dd5}</Data>\n<Data Name=\"InstanceId\">{d5a50cd0-7c89-4cdf-ba21-6e440c834a93}</Data>\n<Data Name=\"OriginalActivityId\">{00000000-0000-0000-0000-000000000000}</Data>\n<Data Name=\"DiagnosticModuleImageName\">%windir%\\system32\\radardt.dll</Data>\n<Data Name=\"DiagnosticModuleId\">{c0f51d84-11b9-4e74-b083-99f11ba2db0a}</Data>\n</EventData>\n</Event>\n"
  },
  {
    "EventID": 115,
    "Timestamp": "2014-01-25 07:58:42.032656+00:00",
    "Computer": "IACIS-HDD-2014",
    "Channel": "Microsoft-Windows-Diagnosis-DPS/Operational",
    "Level": "Information",
    "EventData": {
      "ScenarioId": "{739ff6cf-5033-428c-9e2f-582096482dd5}",
      "InstanceId": "{d5a50cd0-7c89-4cdf-ba21-6e440c834a93}",
      "OriginalActivityId": "{00000000-0000-0000-0000-000000000000}",
      "DiagnosticModuleImageName": "%windir%\\system32\\radardt.dll",
      "ResolutionId": "{5ee64afb-398d-4edb-af71-3b830219abf7}",
      "ResolutionSID": "S-1-5-21-1171287513-3642516788-2358256967-1001",
      "ResolutionSessionId": "1",
      "ResolutionExpirationDate": "0001-01-01 00:00:00",
      "DiagnosticModuleId": "{c0f51d84-11b9-4e74-b083-99f11ba2db0a}"
    },
    "RawXml": "<Event xmlns=\"http://schemas.microsoft.com/win/2004/08/events/event\"><System><Provider Name=\"Microsoft-Windows-Diagnosis-DPS\" Guid=\"{6bba3851-2c7e-4dea-8f54-31e5afd029e3}\"></Provider>\n<EventID Qualifiers=\"\">115</EventID>\n<Version>0</Version>\n<Level>4</Level>\n<Task>1</Task>\n<Opcode>15</Opcode>\n<Keywords>0x4000000800000000</Keywords>\n<TimeCreated SystemTime=\"2014-01-25 07:58:42.032656+00:00\"></TimeCreated>\n<EventRecordID>120</EventRecordID>\n<Correlation ActivityID=\"{d5a50cd0-7c89-4cdf-ba21-6e440c834a93}\" RelatedActivityID=\"\"></Correlation>\n<Execution ProcessID=\"1268\" ThreadID=\"652\"></Execution>\n<Channel>Microsoft-Windows-Diagnosis-DPS/Operational</Channel>\n<Computer>IACIS-HDD-2014</Computer>\n<Security UserID=\"S-1-5-19\"></Security>\n</System>\n<EventData><Data Name=\"ScenarioId\">{739ff6cf-5033-428c-9e2f-582096482dd5}</Data>\n<Data Name=\"InstanceId\">{d5a50cd0-7c89-4cdf-ba21-6e440c834a93}</Data>\n<Data Name=\"OriginalActivityId\">{00000000-0000-0000-0000-000000000000}</Data>\n<Data Name=\"DiagnosticModuleImageName\">%windir%\\system32\\radardt.dll</Data>\n<Data Name=\"ResolutionId\">{5ee64afb-398d-4edb-af71-3b830219abf7}</Data>\n<Data Name=\"ResolutionSID\">S-1-5-21-1171287513-3642516788-2358256967-1001</Data>\n<Data Name=\"ResolutionSessionId\">1</Data>\n<Data Name=\"ResolutionExpirationDate\">0001-01-01 00:00:00</Data>\n<Data Name=\"DiagnosticModuleId\">{c0f51d84-11b9-4e74-b083-99f11ba2db0a}</Data>\n</EventData>\n</Event>\n"
  },
  {
    "EventID": 125,
    "Timestamp": "2014-01-25 07:58:42.079456+00:00",
    "Computer": "IACIS-HDD-2014",
    "Channel": "Microsoft-Windows-Diagnosis-DPS/Operational",
    "Level": "Information",
    "EventData": {
      "ScenarioId": "{739ff6cf-5033-428c-9e2f-582096482dd5}",
      "InstanceId": "{d5a50cd0-7c89-4cdf-ba21-6e440c834a93}",
      "OriginalActivityId": "{00000000-0000-0000-0000-000000000000}",
      "DiagnosticModuleImageName": "%windir%\\system32\\radarrs.dll",
      "DiagnosticModuleId": "{5ee64afb-398d-4edb-af71-3b830219abf7}"
    },
    "RawXml": "<Event xmlns=\"http://schemas.microsoft.com/win/2004/08/events/event\"><System><Provider Name=\"Microsoft-Windows-Diagnosis-DPS\" Guid=\"{6bba3851-2c7e-4dea-8f54-31e5afd029e3}\"></Provider>\n<EventID Qualifiers=\"\">125</EventID>\n<Version>0</Version>\n<Level>4</Level>\n<Task>1</Task>\n<Opcode>17</Opcode>\n<Keywords>0x4000000800000000</Keywords>\n<TimeCreated SystemTime=\"2014-01-25 07:58:42.079456+00:00\"></TimeCreated>\n<EventRecordID>121</EventRecordID>\n<Correlation ActivityID=\"{d5a50cd0-7c89-4cdf-ba21-6e440c834a93}\" RelatedActivityID=\"\"></Correlation>\n<Execution ProcessID=\"1268\" ThreadID=\"652\"></Execution>\n<Channel>Microsoft-Windows-Diagnosis-DPS/Operational</Channel>\n<Computer>IACIS-HDD-2014</Computer>\n<Security UserID=\"S-1-5-19\"></Security>\n</System>\n<EventData><Data Name=\"ScenarioId\">{739ff6cf-5033-428c-9e2f-582096482dd5}</Data>\n<Data Name=\"InstanceId\">{d5a50cd0-7c89-4cdf-ba21-6e440c834a93}</Data>\n<Data Name=\"OriginalActivityId\">{00000000-0000-0000-0000-000000000000}</Data>\n<Data Name=\"DiagnosticModuleImageName\">%windir%\\system32\\radarrs.dll</Data>\n<Data Name=\"DiagnosticModuleId\">{5ee64afb-398d-4edb-af71-3b830219abf7}</Data>\n</EventData>\n</Event>\n"
  },
  {
    "EventID": 130,
    "Timestamp": "2014-01-25 07:58:42.485056+00:00",
    "Computer": "IACIS-HDD-2014",
    "Channel": "Microsoft-Windows-Diagnosis-DPS/Operational",
    "Level": "Information",
    "EventData": {
      "ScenarioId": "{739ff6cf-5033-428c-9e2f-582096482dd5}",
      "InstanceId": "{d5a50cd0-7c89-4cdf-ba21-6e440c834a93}",
      "OriginalActivityId": "{00000000-0000-0000-0000-000000000000}",
      "DiagnosticModuleImageName": "%windir%\\system32\\radarrs.dll",
      "DiagnosticModuleId": "{5ee64afb-398d-4edb-af71-3b830219abf7}"
    },
    "RawXml": "<Event xmlns=\"http://schemas.microsoft.com/win/2004/08/events/event\"><System><Provider Name=\"Microsoft-Windows-Diagnosis-DPS\" Guid=\"{6bba3851-2c7e-4dea-8f54-31e5afd029e3}\"></Provider>\n<EventID Qualifiers=\"\">130</EventID>\n<Version>0</Version>\n<Level>4</Level>\n<Task>1</Task>\n<Opcode>19</Opcode>\n<Keywords>0x4000000800000000</Keywords>\n<TimeCreated SystemTime=\"2014-01-25 07:58:42.485056+00:00\"></TimeCreated>\n<EventRecordID>122</EventRecordID>\n<Correlation ActivityID=\"{d5a50cd0-7c89-4cdf-ba21-6e440c834a93}\" RelatedActivityID=\"\"></Correlation>\n<Execution ProcessID=\"1268\" ThreadID=\"652\"></Execution>\n<Channel>Microsoft-Windows-Diagnosis-DPS/Operational</Channel>\n<Computer>IACIS-HDD-2014</Computer>\n<Security UserID=\"S-1-5-19\"></Security>\n</System>\n<EventData><Data Name=\"ScenarioId\">{739ff6cf-5033-428c-9e2f-582096482dd5}</Data>\n<Data Name=\"InstanceId\">{d5a50cd0-7c89-4cdf-ba21-6e440c834a93}</Data>\n<Data Name=\"OriginalActivityId\">{00000000-0000-0000-0000-000000000000}</Data>\n<Data Name=\"DiagnosticModuleImageName\">%windir%\\system32\\radarrs.dll</Data>\n<Data Name=\"DiagnosticModuleId\">{5ee64afb-398d-4edb-af71-3b830219abf7}</Data>\n</EventData>\n</Event>\n"
  },
  {
    "EventID": 100,
    "Timestamp": "2014-01-25 08:03:42.255182+00:00",
    "Computer": "IACIS-HDD-2014",
    "Channel": "Microsoft-Windows-Diagnosis-DPS/Operational",
    "Level": "Information",
    "EventData": {
      "ScenarioId": "{739ff6cf-5033-428c-9e2f-582096482dd5}",
      "InstanceId": "{dee22e81-98ce-4497-8844-1e090cbd2c50}",
      "OriginalActivityId": "{00000000-0000-0000-0000-000000000000}",
      "DiagnosticModuleImageName": "%windir%\\system32\\radardt.dll",
      "DiagnosticModuleId": "{c0f51d84-11b9-4e74-b083-99f11ba2db0a}"
    },
    "RawXml": "<Event xmlns=\"http://schemas.microsoft.com/win/2004/08/events/event\"><System><Provider Name=\"Microsoft-Windows-Diagnosis-DPS\" Guid=\"{6bba3851-2c7e-4dea-8f54-31e5afd029e3}\"></Provider>\n<EventID Qualifiers=\"\">100</EventID>\n<Version>0</Version>\n<Level>4</Level>\n<Task>1</Task>\n<Opcode>12</Opcode>\n<Keywords>0x4000000800000000</Keywords>\n<TimeCreated SystemTime=\"2014-01-25 08:03:42.255182+00:00\"></TimeCreated>\n<EventRecordID>123</EventRecordID>\n<Correlation ActivityID=\"{dee22e81-98ce-4497-8844-1e090cbd2c50}\" RelatedActivityID=\"\"></Correlation>\n<Execution ProcessID=\"1268\" ThreadID=\"2796\"></Execution>\n<Channel>Microsoft-Windows-Diagnosis-DPS/Operational</Channel>\n<Computer>IACIS-HDD-2014</Computer>\n<Security UserID=\"S-1-5-19\"></Security>\n</System>\n<EventData><Data Name=\"ScenarioId\">{739ff6cf-5033-428c-9e2f-582096482dd5}</Data>\n<Data Name=\"InstanceId\">{dee22e81-98ce-4497-8844-1e090cbd2c50}</Data>\n<Data Name=\"OriginalActivityId\">{00000000-0000-0000-0000-000000000000}</Data>\n<Data Name=\"DiagnosticModuleImageName\">%windir%\\system32\\radardt.dll</Data>\n<Data Name=\"DiagnosticModuleId\">{c0f51d84-11b9-4e74-b083-99f11ba2db0a}</Data>\n</EventData>\n</Event>\n"
  },
  {
    "EventID": 105,
    "Timestamp": "2014-01-25 08:03:42.255182+00:00",
    "Computer": "IACIS-HDD-2014",
    "Channel": "Microsoft-Windows-Diagnosis-DPS/Operational",
    "Level": "Information",
    "EventData": {
      "ScenarioId": "{739ff6cf-5033-428c-9e2f-582096482dd5}",
      "InstanceId": "{dee22e81-98ce-4497-8844-1e090cbd2c50}",
      "OriginalActivityId": "{00000000-0000-0000-0000-000000000000}",
      "DiagnosticModuleImageName": "%windir%\\system32\\radardt.dll",
      "DiagnosticModuleId": "{c0f51d84-11b9-4e74-b083-99f11ba2db0a}"
    },
    "RawXml": "<Event xmlns=\"http://schemas.microsoft.com/win/2004/08/events/event\"><System><Provider Name=\"Microsoft-Windows-Diagnosis-DPS\" Guid=\"{6bba3851-2c7e-4dea-8f54-31e5afd029e3}\"></Provider>\n<EventID Qualifiers=\"\">105</EventID>\n<Version>0</Version>\n<Level>4</Level>\n<Task>1</Task>\n<Opcode>13</Opcode>\n<Keywords>0x4000000800000000</Keywords>\n<TimeCreated SystemTime=\"2014-01-25 08:03:42.255182+00:00\"></TimeCreated>\n<EventRecordID>124</EventRecordID>\n<Correlation ActivityID=\"{dee22e81-98ce-4497-8844-1e090cbd2c50}\" RelatedActivityID=\"\"></Correlation>\n<Execution ProcessID=\"1268\" ThreadID=\"2796\"></Execution>\n<Channel>Microsoft-Windows-Diagnosis-DPS/Operational</Channel>\n<Computer>IACIS-HDD-2014</Computer>\n<Security UserID=\"S-1-5-19\"></Security>\n</System>\n<EventData><Data Name=\"ScenarioId\">{739ff6cf-5033-428c-9e2f-582096482dd5}</Data>\n<Data Name=\"InstanceId\">{dee22e81-98ce-4497-8844-1e090cbd2c50}</Data>\n<Data Name=\"OriginalActivityId\">{00000000-0000-0000-0000-000000000000}</Data>\n<Data Name=\"DiagnosticModuleImageName\">%windir%\\system32\\radardt.dll</Data>\n<Data Name=\"DiagnosticModuleId\">{c0f51d84-11b9-4e74-b083-99f11ba2db0a}</Data>\n</EventData>\n</Event>\n"
  },
  {
    "EventID": 115,
    "Timestamp": "2014-01-25 08:03:43.783985+00:00",
    "Computer": "IACIS-HDD-2014",
    "Channel": "Microsoft-Windows-Diagnosis-DPS/Operational",
    "Level": "Information",
    "EventData": {
      "ScenarioId": "{739ff6cf-5033-428c-9e2f-582096482dd5}",
      "InstanceId": "{dee22e81-98ce-4497-8844-1e090cbd2c50}",
      "OriginalActivityId": "{00000000-0000-0000-0000-000000000000}",
      "DiagnosticModuleImageName": "%windir%\\system32\\radardt.dll",
      "ResolutionId": "{5ee64afb-398d-4edb-af71-3b830219abf7}",
      "ResolutionSID": "S-1-5-21-1171287513-3642516788-2358256967-1001",
      "ResolutionSessionId": "1",
      "ResolutionExpirationDate": "0001-01-01 00:00:00",
      "DiagnosticModuleId": "{c0f51d84-11b9-4e74-b083-99f11ba2db0a}"
    },
    "RawXml": "<Event xmlns=\"http://schemas.microsoft.com/win/2004/08/events/event\"><System><Provider Name=\"Microsoft-Windows-Diagnosis-DPS\" Guid=\"{6bba3851-2c7e-4dea-8f54-31e5afd029e3}\"></Provider>\n<EventID Qualifiers=\"\">115</EventID>\n<Version>0</Version>\n<Level>4</Level>\n<Task>1</Task>\n<Opcode>15</Opcode>\n<Keywords>0x4000000800000000</Keywords>\n<TimeCreated SystemTime=\"2014-01-25 08:03:43.783985+00:00\"></TimeCreated>\n<EventRecordID>125</EventRecordID>\n<Correlation ActivityID=\"{dee22e81-98ce-4497-8844-1e090cbd2c50}\" RelatedActivityID=\"\"></Correlation>\n<Execution ProcessID=\"1268\" ThreadID=\"2796\"></Execution>\n<Channel>Microsoft-Windows-Diagnosis-DPS/Operational</Channel>\n<Computer>IACIS-HDD-2014</Computer>\n<Security UserID=\"S-1-5-19\"></Security>\n</System>\n<EventData><Data Name=\"ScenarioId\">{739ff6cf-5033-428c-9e2f-582096482dd5}</Data>\n<Data Name=\"InstanceId\">{dee22e81-98ce-4497-8844-1e090cbd2c50}</Data>\n<Data Name=\"OriginalActivityId\">{00000000-0000-0000-0000-000000000000}</Data>\n<Data Name=\"DiagnosticModuleImageName\">%windir%\\system32\\radardt.dll</Data>\n<Data Name=\"ResolutionId\">{5ee64afb-398d-4edb-af71-3b830219abf7}</Data>\n<Data Name=\"ResolutionSID\">S-1-5-21-1171287513-3642516788-2358256967-1001</Data>\n<Data Name=\"ResolutionSessionId\">1</Data>\n<Data Name=\"ResolutionExpirationDate\">0001-01-01 00:00:00</Data>\n<Data Name=\"DiagnosticModuleId\">{c0f51d84-11b9-4e74-b083-99f11ba2db0a}</Data>\n</EventData>\n</Event>\n"
  },
  {
    "EventID": 125,
    "Timestamp": "2014-01-25 08:03:43.799585+00:00",
    "Computer": "IACIS-HDD-2014",
    "Channel": "Microsoft-Windows-Diagnosis-DPS/Operational",
    "Level": "Information",
    "EventData": {
      "ScenarioId": "{739ff6cf-5033-428c-9e2f-582096482dd5}",
      "InstanceId": "{dee22e81-98ce-4497-8844-1e090cbd2c50}",
      "OriginalActivityId": "{00000000-0000-0000-0000-000000000000}",
      "DiagnosticModuleImageName": "%windir%\\system32\\radarrs.dll",
      "DiagnosticModuleId": "{5ee64afb-398d-4edb-af71-3b830219abf7}"
    },
    "RawXml": "<Event xmlns=\"http://schemas.microsoft.com/win/2004/08/events/event\"><System><Provider Name=\"Microsoft-Windows-Diagnosis-DPS\" Guid=\"{6bba3851-2c7e-4dea-8f54-31e5afd029e3}\"></Provider>\n<EventID Qualifiers=\"\">125</EventID>\n<Version>0</Version>\n<Level>4</Level>\n<Task>1</Task>\n<Opcode>17</Opcode>\n<Keywords>0x4000000800000000</Keywords>\n<TimeCreated SystemTime=\"2014-01-25 08:03:43.799585+00:00\"></TimeCreated>\n<EventRecordID>126</EventRecordID>\n<Correlation ActivityID=\"{dee22e81-98ce-4497-8844-1e090cbd2c50}\" RelatedActivityID=\"\"></Correlation>\n<Execution ProcessID=\"1268\" ThreadID=\"2796\"></Execution>\n<Channel>Microsoft-Windows-Diagnosis-DPS/Operational</Channel>\n<Computer>IACIS-HDD-2014</Computer>\n<Security UserID=\"S-1-5-19\"></Security>\n</System>\n<EventData><Data Name=\"ScenarioId\">{739ff6cf-5033-428c-9e2f-582096482dd5}</Data>\n<Data Name=\"InstanceId\">{dee22e81-98ce-4497-8844-1e090cbd2c50}</Data>\n<Data Name=\"OriginalActivityId\">{00000000-0000-0000-0000-000000000000}</Data>\n<Data Name=\"DiagnosticModuleImageName\">%windir%\\system32\\radarrs.dll</Data>\n<Data Name=\"DiagnosticModuleId\">{5ee64afb-398d-4edb-af71-3b830219abf7}</Data>\n</EventData>\n</Event>\n"
  },
  {
    "EventID": 130,
    "Timestamp": "2014-01-25 08:03:44.407986+00:00",
    "Computer": "IACIS-HDD-2014",
    "Channel": "Microsoft-Windows-Diagnosis-DPS/Operational",
    "Level": "Information",
    "EventData": {
      "ScenarioId": "{739ff6cf-5033-428c-9e2f-582096482dd5}",
      "InstanceId": "{dee22e81-98ce-4497-8844-1e090cbd2c50}",
      "OriginalActivityId": "{00000000-0000-0000-0000-000000000000}",
      "DiagnosticModuleImageName": "%windir%\\system32\\radarrs.dll",
      "DiagnosticModuleId": "{5ee64afb-398d-4edb-af71-3b830219abf7}"
    },
    "RawXml": "<Event xmlns=\"http://schemas.microsoft.com/win/2004/08/events/event\"><System><Provider Name=\"Microsoft-Windows-Diagnosis-DPS\" Guid=\"{6bba3851-2c7e-4dea-8f54-31e5afd029e3}\"></Provider>\n<EventID Qualifiers=\"\">130</EventID>\n<Version>0</Version>\n<Level>4</Level>\n<Task>1</Task>\n<Opcode>19</Opcode>\n<Keywords>0x4000000800000000</Keywords>\n<TimeCreated SystemTime=\"2014-01-25 08:03:44.407986+00:00\"></TimeCreated>\n<EventRecordID>127</EventRecordID>\n<Correlation ActivityID=\"{dee22e81-98ce-4497-8844-1e090cbd2c50}\" RelatedActivityID=\"\"></Correlation>\n<Execution ProcessID=\"1268\" ThreadID=\"2796\"></Execution>\n<Channel>Microsoft-Windows-Diagnosis-DPS/Operational</Channel>\n<Computer>IACIS-HDD-2014</Computer>\n<Security UserID=\"S-1-5-19\"></Security>\n</System>\n<EventData><Data Name=\"ScenarioId\">{739ff6cf-5033-428c-9e2f-582096482dd5}</Data>\n<Data Name=\"InstanceId\">{dee22e81-98ce-4497-8844-1e090cbd2c50}</Data>\n<Data Name=\"OriginalActivityId\">{00000000-0000-0000-0000-000000000000}</Data>\n<Data Name=\"DiagnosticModuleImageName\">%windir%\\system32\\radarrs.dll</Data>\n<Data Name=\"DiagnosticModuleId\">{5ee64afb-398d-4edb-af71-3b830219abf7}</Data>\n</EventData>\n</Event>\n"
  },
  {
    "EventID": 100,
    "Timestamp": "2014-01-25 08:08:42.212509+00:00",
    "Computer": "IACIS-HDD-2014",
    "Channel": "Microsoft-Windows-Diagnosis-DPS/Operational",
    "Level": "Information",
    "EventData": {
      "ScenarioId": "{739ff6cf-5033-428c-9e2f-582096482dd5}",
      "InstanceId": "{fc818823-f6ba-4ec3-9a43-951ee3974a83}",
      "OriginalActivityId": "{00000000-0000-0000-0000-000000000000}",
      "DiagnosticModuleImageName": "%windir%\\system32\\radardt.dll",
      "DiagnosticModuleId": "{c0f51d84-11b9-4e74-b083-99f11ba2db0a}"
    },
    "RawXml": "<Event xmlns=\"http://schemas.microsoft.com/win/2004/08/events/event\"><System><Provider Name=\"Microsoft-Windows-Diagnosis-DPS\" Guid=\"{6bba3851-2c7e-4dea-8f54-31e5afd029e3}\"></Provider>\n<EventID Qualifiers=\"\">100</EventID>\n<Version>0</Version>\n<Level>4</Level>\n<Task>1</Task>\n<Opcode>12</Opcode>\n<Keywords>0x4000000800000000</Keywords>\n<TimeCreated SystemTime=\"2014-01-25 08:08:42.212509+00:00\"></TimeCreated>\n<EventRecordID>128</EventRecordID>\n<Correlation ActivityID=\"{fc818823-f6ba-4ec3-9a43-951ee3974a83}\" RelatedActivityID=\"\"></Correlation>\n<Execution ProcessID=\"1268\" ThreadID=\"840\"></Execution>\n<Channel>Microsoft-Windows-Diagnosis-DPS/Operational</Channel>\n<Computer>IACIS-HDD-2014</Computer>\n<Security UserID=\"S-1-5-19\"></Security>\n</System>\n<EventData><Data Name=\"ScenarioId\">{739ff6cf-5033-428c-9e2f-582096482dd5}</Data>\n<Data Name=\"InstanceId\">{fc818823-f6ba-4ec3-9a43-951ee3974a83}</Data>\n<Data Name=\"OriginalActivityId\">{00000000-0000-0000-0000-000000000000}</Data>\n<Data Name=\"DiagnosticModuleImageName\">%windir%\\system32\\radardt.dll</Data>\n<Data Name=\"DiagnosticModuleId\">{c0f51d84-11b9-4e74-b083-99f11ba2db0a}</Data>\n</EventData>\n</Event>\n"
  },
  {
    "EventID": 105,
    "Timestamp": "2014-01-25 08:08:42.212509+00:00",
    "Computer": "IACIS-HDD-2014",
    "Channel": "Microsoft-Windows-Diagnosis-DPS/Operational",
    "Level": "Information",
    "EventData": {
      "ScenarioId": "{739ff6cf-5033-428c-9e2f-582096482dd5}",
      "InstanceId": "{fc818823-f6ba-4ec3-9a43-951ee3974a83}",
      "OriginalActivityId": "{00000000-0000-0000-0000-000000000000}",
      "DiagnosticModuleImageName": "%windir%\\system32\\radardt.dll",
      "DiagnosticModuleId": "{c0f51d84-11b9-4e74-b083-99f11ba2db0a}"
    },
    "RawXml": "<Event xmlns=\"http://schemas.microsoft.com/win/2004/08/events/event\"><System><Provider Name=\"Microsoft-Windows-Diagnosis-DPS\" Guid=\"{6bba3851-2c7e-4dea-8f54-31e5afd029e3}\"></Provider>\n<EventID Qualifiers=\"\">105</EventID>\n<Version>0</Version>\n<Level>4</Level>\n<Task>1</Task>\n<Opcode>13</Opcode>\n<Keywords>0x4000000800000000</Keywords>\n<TimeCreated SystemTime=\"2014-01-25 08:08:42.212509+00:00\"></TimeCreated>\n<EventRecordID>129</EventRecordID>\n<Correlation ActivityID=\"{fc818823-f6ba-4ec3-9a43-951ee3974a83}\" RelatedActivityID=\"\"></Correlation>\n<Execution ProcessID=\"1268\" ThreadID=\"840\"></Execution>\n<Channel>Microsoft-Windows-Diagnosis-DPS/Operational</Channel>\n<Computer>IACIS-HDD-2014</Computer>\n<Security UserID=\"S-1-5-19\"></Security>\n</System>\n<EventData><Data Name=\"ScenarioId\">{739ff6cf-5033-428c-9e2f-582096482dd5}</Data>\n<Data Name=\"InstanceId\">{fc818823-f6ba-4ec3-9a43-951ee3974a83}</Data>\n<Data Name=\"OriginalActivityId\">{00000000-0000-0000-0000-000000000000}</Data>\n<Data Name=\"DiagnosticModuleImageName\">%windir%\\system32\\radardt.dll</Data>\n<Data Name=\"DiagnosticModuleId\">{c0f51d84-11b9-4e74-b083-99f11ba2db0a}</Data>\n</EventData>\n</Event>\n"
  },
  {
    "EventID": 115,
    "Timestamp": "2014-01-25 08:08:43.320112+00:00",
    "Computer": "IACIS-HDD-2014",
    "Channel": "Microsoft-Windows-Diagnosis-DPS/Operational",
    "Level": "Information",
    "EventData": {
      "ScenarioId": "{739ff6cf-5033-428c-9e2f-582096482dd5}",
      "InstanceId": "{fc818823-f6ba-4ec3-9a43-951ee3974a83}",
      "OriginalActivityId": "{00000000-0000-0000-0000-000000000000}",
      "DiagnosticModuleImageName": "%windir%\\system32\\radardt.dll",
      "ResolutionId": "{5ee64afb-398d-4edb-af71-3b830219abf7}",
      "ResolutionSID": "S-1-5-21-1171287513-3642516788-2358256967-1001",
      "ResolutionSessionId": "1",
      "ResolutionExpirationDate": "0001-01-01 00:00:00",
      "DiagnosticModuleId": "{c0f51d84-11b9-4e74-b083-99f11ba2db0a}"
    },
    "RawXml": "<Event xmlns=\"http://schemas.microsoft.com/win/2004/08/events/event\"><System><Provider Name=\"Microsoft-Windows-Diagnosis-DPS\" Guid=\"{6bba3851-2c7e-4dea-8f54-31e5afd029e3}\"></Provider>\n<EventID Qualifiers=\"\">115</EventID>\n<Version>0</Version>\n<Level>4</Level>\n<Task>1</Task>\n<Opcode>15</Opcode>\n<Keywords>0x4000000800000000</Keywords>\n<TimeCreated SystemTime=\"2014-01-25 08:08:43.320112+00:00\"></TimeCreated>\n<EventRecordID>130</EventRecordID>\n<Correlation ActivityID=\"{fc818823-f6ba-4ec3-9a43-951ee3974a83}\" RelatedActivityID=\"\"></Correlation>\n<Execution ProcessID=\"1268\" ThreadID=\"840\"></Execution>\n<Channel>Microsoft-Windows-Diagnosis-DPS/Operational</Channel>\n<Computer>IACIS-HDD-2014</Computer>\n<Security UserID=\"S-1-5-19\"></Security>\n</System>\n<EventData><Data Name=\"ScenarioId\">{739ff6cf-5033-428c-9e2f-582096482dd5}</Data>\n<Data Name=\"InstanceId\">{fc818823-f6ba-4ec3-9a43-951ee3974a83}</Data>\n<Data Name=\"OriginalActivityId\">{00000000-0000-0000-0000-000000000000}</Data>\n<Data Name=\"DiagnosticModuleImageName\">%windir%\\system32\\radardt.dll</Data>\n<Data Name=\"ResolutionId\">{5ee64afb-398d-4edb-af71-3b830219abf7}</Data>\n<Data Name=\"ResolutionSID\">S-1-5-21-1171287513-3642516788-2358256967-1001</Data>\n<Data Name=\"ResolutionSessionId\">1</Data>\n<Data Name=\"ResolutionExpirationDate\">0001-01-01 00:00:00</Data>\n<Data Name=\"DiagnosticModuleId\">{c0f51d84-11b9-4e74-b083-99f11ba2db0a}</Data>\n</EventData>\n</Event>\n"
  },
