  {
    "EventID": 2002,
    "Timestamp": "2014-02-06 12:01:04.559326+00:00",
    "Computer": "IACIS-HDD-2014",
    "Channel": "Microsoft-Windows-Windows Firewall With Advanced Security/Firewall",
    "Level": "Information",
    "EventData": {
      "SettingType": "2",
      "SettingValueSize": "4",
      "SettingValue": "BgAAAA==",
      "SettingValueDisplay": "Private,Public",
      "Origin": "1",
      "ModifyingUser": "S-1-5-80-3088073201-1464728630-1879813800-1107566885-823218052",
      "ModifyingApplication": ""
    },
    "RawXml": "<Event xmlns=\"http://schemas.microsoft.com/win/2004/08/events/event\"><System><Provider Name=\"Microsoft-Windows-Windows Firewall With Advanced Security\" Guid=\"{d1bc9aff-2abf-4d71-9146-ecb2a986eb85}\"></Provider>\n<EventID Qualifiers=\"\">2002</EventID>\n<Version>0</Version>\n<Level>4</Level>\n<Task>0</Task>\n<Opcode>0</Opcode>\n<Keywords>0x8000000000000000</Keywords>\n<TimeCreated SystemTime=\"2014-02-06 12:01:04.559326+00:00\"></TimeCreated>\n<EventRecordID>277</EventRecordID>\n<Correlation ActivityID=\"\" RelatedActivityID=\"\"></Correlation>\n<Execution ProcessID=\"1252\" ThreadID=\"3144\"></Execution>\n<Channel>Microsoft-Windows-Windows Firewall With Advanced Security/Firewall</Channel>\n<Computer>IACIS-HDD-2014</Computer>\n<Security UserID=\"S-1-5-19\"></Security>\n</System>\n<EventData><Data Name=\"SettingType\">2</Data>\n<Data Name=\"SettingValueSize\">4</Data>\n<Data Name=\"SettingValue\">BgAAAA==</Data>\n<Data Name=\"SettingValueDisplay\">Private,Public</Data>\n<Data Name=\"Origin\">1</Data>\n<Data Name=\"ModifyingUser\">S-1-5-80-3088073201-1464728630-1879813800-1107566885-823218052</Data>\n<Data Name=\"ModifyingApplication\"></Data>\n</EventData>\n</Event>\n"
  },
  {
    "EventID": 2010,
    "Timestamp": "2014-02-06 12:01:04.559326+00:00",
    "Computer": "IACIS-HDD-2014",
    "Channel": "Microsoft-Windows-Windows Firewall With Advanced Security/Firewall",
    "Level": "Information",
    "EventData": {
      "InterfaceGuid": "{78a289b4-f8b9-43c7-8bba-f96e0bbc2185}",
      "InterfaceName": "ethernet_6",
      "OldProfile": "2147483649",
      "NewProfile": "2"
    },
    "RawXml": "<Event xmlns=\"http://schemas.microsoft.com/win/2004/08/events/event\"><System><Provider Name=\"Microsoft-Windows-Windows Firewall With Advanced Security\" Guid=\"{d1bc9aff-2abf-4d71-9146-ecb2a986eb85}\"></Provider>\n<EventID Qualifiers=\"\">2010</EventID>\n<Version>0</Version>\n<Level>4</Level>\n<Task>0</Task>\n<Opcode>0</Opcode>\n<Keywords>0x8000000000000000</Keywords>\n<TimeCreated SystemTime=\"2014-02-06 12:01:04.559326+00:00\"></TimeCreated>\n<EventRecordID>278</EventRecordID>\n<Correlation ActivityID=\"\" RelatedActivityID=\"\"></Correlation>\n<Execution ProcessID=\"1252\" ThreadID=\"3144\"></Execution>\n<Channel>Microsoft-Windows-Windows Firewall With Advanced Security/Firewall</Channel>\n<Computer>IACIS-HDD-2014</Computer>\n<Security UserID=\"S-1-5-19\"></Security>\n</System>\n<EventData><Data Name=\"InterfaceGuid\">{78a289b4-f8b9-43c7-8bba-f96e0bbc2185}</Data>\n<Data Name=\"InterfaceName\">ethernet_6</Data>\n<Data Name=\"OldProfile\">2147483649</Data>\n<Data Name=\"NewProfile\">2</Data>\n</EventData>\n</Event>\n"
  },
  {
    "EventID": 2002,
    "Timestamp": "2014-02-06 12:01:04.621725+00:00",
    "Computer": "IACIS-HDD-2014",
    "Channel": "Microsoft-Windows-Windows Firewall With Advanced Security/Firewall",
    "Level": "Information",
    "EventData": {
      "SettingType": "2",
      "SettingValueSize": "4",
      "SettingValue": "AgAAAA==",
      "SettingValueDisplay": "Private",
      "Origin": "1",
      "ModifyingUser": "S-1-5-80-3088073201-1464728630-1879813800-1107566885-823218052",
      "ModifyingApplication": ""
    },
    "RawXml": "<Event xmlns=\"http://schemas.microsoft.com/win/2004/08/events/event\"><System><Provider Name=\"Microsoft-Windows-Windows Firewall With Advanced Security\" Guid=\"{d1bc9aff-2abf-4d71-9146-ecb2a986eb85}\"></Provider>\n<EventID Qualifiers=\"\">2002</EventID>\n<Version>0</Version>\n<Level>4</Level>\n<Task>0</Task>\n<Opcode>0</Opcode>\n<Keywords>0x8000000000000000</Keywords>\n<TimeCreated SystemTime=\"2014-02-06 12:01:04.621725+00:00\"></TimeCreated>\n<EventRecordID>279</EventRecordID>\n<Correlation ActivityID=\"\" RelatedActivityID=\"\"></Correlation>\n<Execution ProcessID=\"1252\" ThreadID=\"1748\"></Execution>\n<Channel>Microsoft-Windows-Windows Firewall With Advanced Security/Firewall</Channel>\n<Computer>IACIS-HDD-2014</Computer>\n<Security UserID=\"S-1-5-19\"></Security>\n</System>\n<EventData><Data Name=\"SettingType\">2</Data>\n<Data Name=\"SettingValueSize\">4</Data>\n<Data Name=\"SettingValue\">AgAAAA==</Data>\n<Data Name=\"SettingValueDisplay\">Private</Data>\n<Data Name=\"Origin\">1</Data>\n<Data Name=\"ModifyingUser\">S-1-5-80-3088073201-1464728630-1879813800-1107566885-823218052</Data>\n<Data Name=\"ModifyingApplication\"></Data>\n</EventData>\n</Event>\n"
  },
  {
    "EventID": 2010,
    "Timestamp": "2014-02-06 12:01:04.621725+00:00",
    "Computer": "IACIS-HDD-2014",
    "Channel": "Microsoft-Windows-Windows Firewall With Advanced Security/Firewall",
    "Level": "Information",
    "EventData": {
      "InterfaceGuid": "{78a289b4-f8b9-43c7-8bba-f96e0bbc2185}",
      "InterfaceName": "ethernet_6",
      "OldProfile": "4",
      "NewProfile": "2147483649"
    },
    "RawXml": "<Event xmlns=\"http://schemas.microsoft.com/win/2004/08/events/event\"><System><Provider Name=\"Microsoft-Windows-Windows Firewall With Advanced Security\" Guid=\"{d1bc9aff-2abf-4d71-9146-ecb2a986eb85}\"></Provider>\n<EventID Qualifiers=\"\">2010</EventID>\n<Version>0</Version>\n<Level>4</Level>\n<Task>0</Task>\n<Opcode>0</Opcode>\n<Keywords>0x8000000000000000</Keywords>\n<TimeCreated SystemTime=\"2014-02-06 12:01:04.621725+00:00\"></TimeCreated>\n<EventRecordID>280</EventRecordID>\n<Correlation ActivityID=\"\" RelatedActivityID=\"\"></Correlation>\n<Execution ProcessID=\"1252\" ThreadID=\"1748\"></Execution>\n<Channel>Microsoft-Windows-Windows Firewall With Advanced Security/Firewall</Channel>\n<Computer>IACIS-HDD-2014</Computer>\n<Security UserID=\"S-1-5-19\"></Security>\n</System>\n<EventData><Data Name=\"InterfaceGuid\">{78a289b4-f8b9-43c7-8bba-f96e0bbc2185}</Data>\n<Data Name=\"InterfaceName\">ethernet_6</Data>\n<Data Name=\"OldProfile\">4</Data>\n<Data Name=\"NewProfile\">2147483649</Data>\n</EventData>\n</Event>\n"
  },
  {
    "EventID": 2002,
    "Timestamp": "2014-02-06 15:17:12.795706+00:00",
    "Computer": "IACIS-HDD-2014",
    "Channel": "Microsoft-Windows-Windows Firewall With Advanced Security/Firewall",
    "Level": "Information",
    "EventData": {
      "SettingType": "2",
      "SettingValueSize": "4",
      "SettingValue": "BAAAAA==",
      "SettingValueDisplay": "Public",
      "Origin": "1",
      "ModifyingUser": "S-1-5-80-3088073201-1464728630-1879813800-1107566885-823218052",
      "ModifyingApplication": ""
    },
    "RawXml": "<Event xmlns=\"http://schemas.microsoft.com/win/2004/08/events/event\"><System><Provider Name=\"Microsoft-Windows-Windows Firewall With Advanced Security\" Guid=\"{d1bc9aff-2abf-4d71-9146-ecb2a986eb85}\"></Provider>\n<EventID Qualifiers=\"\">2002</EventID>\n<Version>0</Version>\n<Level>4</Level>\n<Task>0</Task>\n<Opcode>0</Opcode>\n<Keywords>0x8000000000000000</Keywords>\n<TimeCreated SystemTime=\"2014-02-06 15:17:12.795706+00:00\"></TimeCreated>\n<EventRecordID>281</EventRecordID>\n<Correlation ActivityID=\"\" RelatedActivityID=\"\"></Correlation>\n<Execution ProcessID=\"1252\" ThreadID=\"2952\"></Execution>\n<Channel>Microsoft-Windows-Windows Firewall With Advanced Security/Firewall</Channel>\n<Computer>IACIS-HDD-2014</Computer>\n<Security UserID=\"S-1-5-19\"></Security>\n</System>\n<EventData><Data Name=\"SettingType\">2</Data>\n<Data Name=\"SettingValueSize\">4</Data>\n<Data Name=\"SettingValue\">BAAAAA==</Data>\n<Data Name=\"SettingValueDisplay\">Public</Data>\n<Data Name=\"Origin\">1</Data>\n<Data Name=\"ModifyingUser\">S-1-5-80-3088073201-1464728630-1879813800-1107566885-823218052</Data>\n<Data Name=\"ModifyingApplication\"></Data>\n</EventData>\n</Event>\n"
  },
  {
    "EventID": 2010,
    "Timestamp": "2014-02-06 15:17:12.795706+00:00",
    "Computer": "IACIS-HDD-2014",
    "Channel": "Microsoft-Windows-Windows Firewall With Advanced Security/Firewall",
    "Level": "Information",
    "EventData": {
      "InterfaceGuid": "{78a289b4-f8b9-43c7-8bba-f96e0bbc2185}",
      "InterfaceName": "ethernet_6",
      "OldProfile": "2",
      "NewProfile": "4"
    },
    "RawXml": "<Event xmlns=\"http://schemas.microsoft.com/win/2004/08/events/event\"><System><Provider Name=\"Microsoft-Windows-Windows Firewall With Advanced Security\" Guid=\"{d1bc9aff-2abf-4d71-9146-ecb2a986eb85}\"></Provider>\n<EventID Qualifiers=\"\">2010</EventID>\n<Version>0</Version>\n<Level>4</Level>\n<Task>0</Task>\n<Opcode>0</Opcode>\n<Keywords>0x8000000000000000</Keywords>\n<TimeCreated SystemTime=\"2014-02-06 15:17:12.795706+00:00\"></TimeCreated>\n<EventRecordID>282</EventRecordID>\n<Correlation ActivityID=\"\" RelatedActivityID=\"\"></Correlation>\n<Execution ProcessID=\"1252\" ThreadID=\"2952\"></Execution>\n<Channel>Microsoft-Windows-Windows Firewall With Advanced Security/Firewall</Channel>\n<Computer>IACIS-HDD-2014</Computer>\n<Security UserID=\"S-1-5-19\"></Security>\n</System>\n<EventData><Data Name=\"InterfaceGuid\">{78a289b4-f8b9-43c7-8bba-f96e0bbc2185}</Data>\n<Data Name=\"InterfaceName\">ethernet_6</Data>\n<Data Name=\"OldProfile\">2</Data>\n<Data Name=\"NewProfile\">4</Data>\n</EventData>\n</Event>\n"
  },
  {
    "EventID": 2010,
    "Timestamp": "2014-02-06 18:54:17.709850+00:00",
    "Computer": "IACIS-HDD-2014",
    "Channel": "Microsoft-Windows-Windows Firewall With Advanced Security/Firewall",
    "Level": "Information",
    "EventData": {
      "InterfaceGuid": "{78a289b4-f8b9-43c7-8bba-f96e0bbc2185}",
      "InterfaceName": "ethernet_6",
      "OldProfile": "2147483649",
      "NewProfile": "4"
    },
    "RawXml": "<Event xmlns=\"http://schemas.microsoft.com/win/2004/08/events/event\"><System><Provider Name=\"Microsoft-Windows-Windows Firewall With Advanced Security\" Guid=\"{d1bc9aff-2abf-4d71-9146-ecb2a986eb85}\"></Provider>\n<EventID Qualifiers=\"\">2010</EventID>\n<Version>0</Version>\n<Level>4</Level>\n<Task>0</Task>\n<Opcode>0</Opcode>\n<Keywords>0x8000000000000000</Keywords>\n<TimeCreated SystemTime=\"2014-02-06 18:54:17.709850+00:00\"></TimeCreated>\n<EventRecordID>283</EventRecordID>\n<Correlation ActivityID=\"\" RelatedActivityID=\"\"></Correlation>\n<Execution ProcessID=\"1328\" ThreadID=\"1956\"></Execution>\n<Channel>Microsoft-Windows-Windows Firewall With Advanced Security/Firewall</Channel>\n<Computer>IACIS-HDD-2014</Computer>\n<Security UserID=\"S-1-5-19\"></Security>\n</System>\n<EventData><Data Name=\"InterfaceGuid\">{78a289b4-f8b9-43c7-8bba-f96e0bbc2185}</Data>\n<Data Name=\"InterfaceName\">ethernet_6</Data>\n<Data Name=\"OldProfile\">2147483649</Data>\n<Data Name=\"NewProfile\">4</Data>\n</EventData>\n</Event>\n"
  },
  {
    "EventID": 2002,
    "Timestamp": "2014-02-06 18:54:18.611052+00:00",
    "Computer": "IACIS-HDD-2014",
    "Channel": "Microsoft-Windows-Windows Firewall With Advanced Security/Firewall",
    "Level": "Information",
    "EventData": {
      "SettingType": "2",
      "SettingValueSize": "4",
      "SettingValue": "BgAAAA==",
      "SettingValueDisplay": "Private,Public",
      "Origin": "1",
      "ModifyingUser": "S-1-5-80-3088073201-1464728630-1879813800-1107566885-823218052",
      "ModifyingApplication": ""
    },
    "RawXml": "<Event xmlns=\"http://schemas.microsoft.com/win/2004/08/events/event\"><System><Provider Name=\"Microsoft-Windows-Windows Firewall With Advanced Security\" Guid=\"{d1bc9aff-2abf-4d71-9146-ecb2a986eb85}\"></Provider>\n<EventID Qualifiers=\"\">2002</EventID>\n<Version>0</Version>\n<Level>4</Level>\n<Task>0</Task>\n<Opcode>0</Opcode>\n<Keywords>0x8000000000000000</Keywords>\n<TimeCreated SystemTime=\"2014-02-06 18:54:18.611052+00:00\"></TimeCreated>\n<EventRecordID>284</EventRecordID>\n<Correlation ActivityID=\"\" RelatedActivityID=\"\"></Correlation>\n<Execution ProcessID=\"1328\" ThreadID=\"1956\"></Execution>\n<Channel>Microsoft-Windows-Windows Firewall With Advanced Security/Firewall</Channel>\n<Computer>IACIS-HDD-2014</Computer>\n<Security UserID=\"S-1-5-19\"></Security>\n</System>\n<EventData><Data Name=\"SettingType\">2</Data>\n<Data Name=\"SettingValueSize\">4</Data>\n<Data Name=\"SettingValue\">BgAAAA==</Data>\n<Data Name=\"SettingValueDisplay\">Private,Public</Data>\n<Data Name=\"Origin\">1</Data>\n<Data Name=\"ModifyingUser\">S-1-5-80-3088073201-1464728630-1879813800-1107566885-823218052</Data>\n<Data Name=\"ModifyingApplication\"></Data>\n</EventData>\n</Event>\n"
  },
  {
    "EventID": 2010,
    "Timestamp": "2014-02-06 18:54:18.611052+00:00",
    "Computer": "IACIS-HDD-2014",
    "Channel": "Microsoft-Windows-Windows Firewall With Advanced Security/Firewall",
    "Level": "Information",
    "EventData": {
      "InterfaceGuid": "{78a289b4-f8b9-43c7-8bba-f96e0bbc2185}",
      "InterfaceName": "ethernet_6",
      "OldProfile": "2147483649",
      "NewProfile": "2"
    },
    "RawXml": "<Event xmlns=\"http://schemas.microsoft.com/win/2004/08/events/event\"><System><Provider Name=\"Microsoft-Windows-Windows Firewall With Advanced Security\" Guid=\"{d1bc9aff-2abf-4d71-9146-ecb2a986eb85}\"></Provider>\n<EventID Qualifiers=\"\">2010</EventID>\n<Version>0</Version>\n<Level>4</Level>\n<Task>0</Task>\n<Opcode>0</Opcode>\n<Keywords>0x8000000000000000</Keywords>\n<TimeCreated SystemTime=\"2014-02-06 18:54:18.611052+00:00\"></TimeCreated>\n<EventRecordID>285</EventRecordID>\n<Correlation ActivityID=\"\" RelatedActivityID=\"\"></Correlation>\n<Execution ProcessID=\"1328\" ThreadID=\"1956\"></Execution>\n<Channel>Microsoft-Windows-Windows Firewall With Advanced Security/Firewall</Channel>\n<Computer>IACIS-HDD-2014</Computer>\n<Security UserID=\"S-1-5-19\"></Security>\n</System>\n<EventData><Data Name=\"InterfaceGuid\">{78a289b4-f8b9-43c7-8bba-f96e0bbc2185}</Data>\n<Data Name=\"InterfaceName\">ethernet_6</Data>\n<Data Name=\"OldProfile\">2147483649</Data>\n<Data Name=\"NewProfile\">2</Data>\n</EventData>\n</Event>\n"
  },
  {
    "EventID": 2002,
    "Timestamp": "2014-02-06 18:54:18.642254+00:00",
    "Computer": "IACIS-HDD-2014",
    "Channel": "Microsoft-Windows-Windows Firewall With Advanced Security/Firewall",
    "Level": "Information",
    "EventData": {
      "SettingType": "2",
      "SettingValueSize": "4",
      "SettingValue": "AgAAAA==",
      "SettingValueDisplay": "Private",
      "Origin": "1",
      "ModifyingUser": "S-1-5-80-3088073201-1464728630-1879813800-1107566885-823218052",
      "ModifyingApplication": ""
    },
    "RawXml": "<Event xmlns=\"http://schemas.microsoft.com/win/2004/08/events/event\"><System><Provider Name=\"Microsoft-Windows-Windows Firewall With Advanced Security\" Guid=\"{d1bc9aff-2abf-4d71-9146-ecb2a986eb85}\"></Provider>\n<EventID Qualifiers=\"\">2002</EventID>\n<Version>0</Version>\n<Level>4</Level>\n<Task>0</Task>\n<Opcode>0</Opcode>\n<Keywords>0x8000000000000000</Keywords>\n<TimeCreated SystemTime=\"2014-02-06 18:54:18.642254+00:00\"></TimeCreated>\n<EventRecordID>286</EventRecordID>\n<Correlation ActivityID=\"\" RelatedActivityID=\"\"></Correlation>\n<Execution ProcessID=\"1328\" ThreadID=\"1972\"></Execution>\n<Channel>Microsoft-Windows-Windows Firewall With Advanced Security/Firewall</Channel>\n<Computer>IACIS-HDD-2014</Computer>\n<Security UserID=\"S-1-5-19\"></Security>\n</System>\n<EventData><Data Name=\"SettingType\">2</Data>\n<Data Name=\"SettingValueSize\">4</Data>\n<Data Name=\"SettingValue\">AgAAAA==</Data>\n<Data Name=\"SettingValueDisplay\">Private</Data>\n<Data Name=\"Origin\">1</Data>\n<Data Name=\"ModifyingUser\">S-1-5-80-3088073201-1464728630-1879813800-1107566885-823218052</Data>\n<Data Name=\"ModifyingApplication\"></Data>\n</EventData>\n</Event>\n"
  },
  {
    "EventID": 2010,
    "Timestamp": "2014-02-06 18:54:18.642254+00:00",
    "Computer": "IACIS-HDD-2014",
    "Channel": "Microsoft-Windows-Windows Firewall With Advanced Security/Firewall",
    "Level": "Information",
    "EventData": {
      "InterfaceGuid": "{78a289b4-f8b9-43c7-8bba-f96e0bbc2185}",
      "InterfaceName": "ethernet_6",
      "OldProfile": "4",
      "NewProfile": "2147483649"
    },
    "RawXml": "<Event xmlns=\"http://schemas.microsoft.com/win/2004/08/events/event\"><System><Provider Name=\"Microsoft-Windows-Windows Firewall With Advanced Security\" Guid=\"{d1bc9aff-2abf-4d71-9146-ecb2a986eb85}\"></Provider>\n<EventID Qualifiers=\"\">2010</EventID>\n<Version>0</Version>\n<Level>4</Level>\n<Task>0</Task>\n<Opcode>0</Opcode>\n<Keywords>0x8000000000000000</Keywords>\n<TimeCreated SystemTime=\"2014-02-06 18:54:18.642254+00:00\"></TimeCreated>\n<EventRecordID>287</EventRecordID>\n<Correlation ActivityID=\"\" RelatedActivityID=\"\"></Correlation>\n<Execution ProcessID=\"1328\" ThreadID=\"1972\"></Execution>\n<Channel>Microsoft-Windows-Windows Firewall With Advanced Security/Firewall</Channel>\n<Computer>IACIS-HDD-2014</Computer>\n<Security UserID=\"S-1-5-19\"></Security>\n</System>\n<EventData><Data Name=\"InterfaceGuid\">{78a289b4-f8b9-43c7-8bba-f96e0bbc2185}</Data>\n<Data Name=\"InterfaceName\">ethernet_6</Data>\n<Data Name=\"OldProfile\">4</Data>\n<Data Name=\"NewProfile\">2147483649</Data>\n</EventData>\n</Event>\n"
  },
  {
    "EventID": 2002,
    "Timestamp": "2014-02-06 18:57:25.744986+00:00",
    "Computer": "IACIS-HDD-2014",
    "Channel": "Microsoft-Windows-Windows Firewall With Advanced Security/Firewall",
    "Level": "Information",
    "EventData": {
      "SettingType": "2",
      "SettingValueSize": "4",
      "SettingValue": "BAAAAA==",
      "SettingValueDisplay": "Public",
      "Origin": "1",
      "ModifyingUser": "S-1-5-80-3088073201-1464728630-1879813800-1107566885-823218052",
      "ModifyingApplication": ""
    },
    "RawXml": "<Event xmlns=\"http://schemas.microsoft.com/win/2004/08/events/event\"><System><Provider Name=\"Microsoft-Windows-Windows Firewall With Advanced Security\" Guid=\"{d1bc9aff-2abf-4d71-9146-ecb2a986eb85}\"></Provider>\n<EventID Qualifiers=\"\">2002</EventID>\n<Version>0</Version>\n<Level>4</Level>\n<Task>0</Task>\n<Opcode>0</Opcode>\n<Keywords>0x8000000000000000</Keywords>\n<TimeCreated SystemTime=\"2014-02-06 18:57:25.744986+00:00\"></TimeCreated>\n<EventRecordID>288</EventRecordID>\n<Correlation ActivityID=\"\" RelatedActivityID=\"\"></Correlation>\n<Execution ProcessID=\"1328\" ThreadID=\"1616\"></Execution>\n<Channel>Microsoft-Windows-Windows Firewall With Advanced Security/Firewall</Channel>\n<Computer>IACIS-HDD-2014</Computer>\n<Security UserID=\"S-1-5-19\"></Security>\n</System>\n<EventData><Data Name=\"SettingType\">2</Data>\n<Data Name=\"SettingValueSize\">4</Data>\n<Data Name=\"SettingValue\">BAAAAA==</Data>\n<Data Name=\"SettingValueDisplay\">Public</Data>\n<Data Name=\"Origin\">1</Data>\n<Data Name=\"ModifyingUser\">S-1-5-80-3088073201-1464728630-1879813800-1107566885-823218052</Data>\n<Data Name=\"ModifyingApplication\"></Data>\n</EventData>\n</Event>\n"
  },
  {
    "EventID": 2010,
    "Timestamp": "2014-02-06 18:57:25.744986+00:00",
    "Computer": "IACIS-HDD-2014",
    "Channel": "Microsoft-Windows-Windows Firewall With Advanced Security/Firewall",
    "Level": "Information",
    "EventData": {
      "InterfaceGuid": "{78a289b4-f8b9-43c7-8bba-f96e0bbc2185}",
      "InterfaceName": "ethernet_6",
      "OldProfile": "2",
      "NewProfile": "4"
    },
    "RawXml": "<Event xmlns=\"http://schemas.microsoft.com/win/2004/08/events/event\"><System><Provider Name=\"Microsoft-Windows-Windows Firewall With Advanced Security\" Guid=\"{d1bc9aff-2abf-4d71-9146-ecb2a986eb85}\"></Provider>\n<EventID Qualifiers=\"\">2010</EventID>\n<Version>0</Version>\n<Level>4</Level>\n<Task>0</Task>\n<Opcode>0</Opcode>\n<Keywords>0x8000000000000000</Keywords>\n<TimeCreated SystemTime=\"2014-02-06 18:57:25.744986+00:00\"></TimeCreated>\n<EventRecordID>289</EventRecordID>\n<Correlation ActivityID=\"\" RelatedActivityID=\"\"></Correlation>\n<Execution ProcessID=\"1328\" ThreadID=\"1616\"></Execution>\n<Channel>Microsoft-Windows-Windows Firewall With Advanced Security/Firewall</Channel>\n<Computer>IACIS-HDD-2014</Computer>\n<Security UserID=\"S-1-5-19\"></Security>\n</System>\n<EventData><Data Name=\"InterfaceGuid\">{78a289b4-f8b9-43c7-8bba-f96e0bbc2185}</Data>\n<Data Name=\"InterfaceName\">ethernet_6</Data>\n<Data Name=\"OldProfile\">2</Data>\n<Data Name=\"NewProfile\">4</Data>\n</EventData>\n</Event>\n"
  },
  {
    "EventID": 2010,
    "Timestamp": "2014-02-07 12:34:43.705666+00:00",
    "Computer": "IACIS-HDD-2014",
    "Channel": "Microsoft-Windows-Windows Firewall With Advanced Security/Firewall",
    "Level": "Information",
    "EventData": {
      "InterfaceGuid": "{78a289b4-f8b9-43c7-8bba-f96e0bbc2185}",
      "InterfaceName": "ethernet_6",
      "OldProfile": "2147483649",
      "NewProfile": "4"
    },
    "RawXml": "<Event xmlns=\"http://schemas.microsoft.com/win/2004/08/events/event\"><System><Provider Name=\"Microsoft-Windows-Windows Firewall With Advanced Security\" Guid=\"{d1bc9aff-2abf-4d71-9146-ecb2a986eb85}\"></Provider>\n<EventID Qualifiers=\"\">2010</EventID>\n<Version>0</Version>\n<Level>4</Level>\n<Task>0</Task>\n<Opcode>0</Opcode>\n<Keywords>0x8000000000000000</Keywords>\n<TimeCreated SystemTime=\"2014-02-07 12:34:43.705666+00:00\"></TimeCreated>\n<EventRecordID>290</EventRecordID>\n<Correlation ActivityID=\"\" RelatedActivityID=\"\"></Correlation>\n<Execution ProcessID=\"1336\" ThreadID=\"1984\"></Execution>\n<Channel>Microsoft-Windows-Windows Firewall With Advanced Security/Firewall</Channel>\n<Computer>IACIS-HDD-2014</Computer>\n<Security UserID=\"S-1-5-19\"></Security>\n</System>\n<EventData><Data Name=\"InterfaceGuid\">{78a289b4-f8b9-43c7-8bba-f96e0bbc2185}</Data>\n<Data Name=\"InterfaceName\">ethernet_6</Data>\n<Data Name=\"OldProfile\">2147483649</Data>\n<Data Name=\"NewProfile\">4</Data>\n</EventData>\n</Event>\n"
  },
  {
    "EventID": 2002,
    "Timestamp": "2014-02-07 12:34:44.613869+00:00",
    "Computer": "IACIS-HDD-2014",
    "Channel": "Microsoft-Windows-Windows Firewall With Advanced Security/Firewall",
    "Level": "Information",
    "EventData": {
      "SettingType": "2",
      "SettingValueSize": "4",
      "SettingValue": "AgAAAA==",
      "SettingValueDisplay": "Private",
      "Origin": "1",
      "ModifyingUser": "S-1-5-80-3088073201-1464728630-1879813800-1107566885-823218052",
      "ModifyingApplication": ""
    },
    "RawXml": "<Event xmlns=\"http://schemas.microsoft.com/win/2004/08/events/event\"><System><Provider Name=\"Microsoft-Windows-Windows Firewall With Advanced Security\" Guid=\"{d1bc9aff-2abf-4d71-9146-ecb2a986eb85}\"></Provider>\n<EventID Qualifiers=\"\">2002</EventID>\n<Version>0</Version>\n<Level>4</Level>\n<Task>0</Task>\n<Opcode>0</Opcode>\n<Keywords>0x8000000000000000</Keywords>\n<TimeCreated SystemTime=\"2014-02-07 12:34:44.613869+00:00\"></TimeCreated>\n<EventRecordID>291</EventRecordID>\n<Correlation ActivityID=\"\" RelatedActivityID=\"\"></Correlation>\n<Execution ProcessID=\"1336\" ThreadID=\"1984\"></Execution>\n<Channel>Microsoft-Windows-Windows Firewall With Advanced Security/Firewall</Channel>\n<Computer>IACIS-HDD-2014</Computer>\n<Security UserID=\"S-1-5-19\"></Security>\n</System>\n<EventData><Data Name=\"SettingType\">2</Data>\n<Data Name=\"SettingValueSize\">4</Data>\n<Data Name=\"SettingValue\">AgAAAA==</Data>\n<Data Name=\"SettingValueDisplay\">Private</Data>\n<Data Name=\"Origin\">1</Data>\n<Data Name=\"ModifyingUser\">S-1-5-80-3088073201-1464728630-1879813800-1107566885-823218052</Data>\n<Data Name=\"ModifyingApplication\"></Data>\n</EventData>\n</Event>\n"
  },
  {
    "EventID": 2010,
    "Timestamp": "2014-02-07 12:34:44.613869+00:00",
    "Computer": "IACIS-HDD-2014",
    "Channel": "Microsoft-Windows-Windows Firewall With Advanced Security/Firewall",
    "Level": "Information",
    "EventData": {
      "InterfaceGuid": "{78a289b4-f8b9-43c7-8bba-f96e0bbc2185}",
      "InterfaceName": "ethernet_6",
      "OldProfile": "4",
      "NewProfile": "2"
    },
    "RawXml": "<Event xmlns=\"http://schemas.microsoft.com/win/2004/08/events/event\"><System><Provider Name=\"Microsoft-Windows-Windows Firewall With Advanced Security\" Guid=\"{d1bc9aff-2abf-4d71-9146-ecb2a986eb85}\"></Provider>\n<EventID Qualifiers=\"\">2010</EventID>\n<Version>0</Version>\n<Level>4</Level>\n<Task>0</Task>\n<Opcode>0</Opcode>\n<Keywords>0x8000000000000000</Keywords>\n<TimeCreated SystemTime=\"2014-02-07 12:34:44.613869+00:00\"></TimeCreated>\n<EventRecordID>292</EventRecordID>\n<Correlation ActivityID=\"\" RelatedActivityID=\"\"></Correlation>\n<Execution ProcessID=\"1336\" ThreadID=\"1984\"></Execution>\n<Channel>Microsoft-Windows-Windows Firewall With Advanced Security/Firewall</Channel>\n<Computer>IACIS-HDD-2014</Computer>\n<Security UserID=\"S-1-5-19\"></Security>\n</System>\n<EventData><Data Name=\"InterfaceGuid\">{78a289b4-f8b9-43c7-8bba-f96e0bbc2185}</Data>\n<Data Name=\"InterfaceName\">ethernet_6</Data>\n<Data Name=\"OldProfile\">4</Data>\n<Data Name=\"NewProfile\">2</Data>\n</EventData>\n</Event>\n"
  },
  {
    "EventID": 2002,
    "Timestamp": "2014-02-07 15:12:50.889467+00:00",
    "Computer": "IACIS-HDD-2014",
    "Channel": "Microsoft-Windows-Windows Firewall With Advanced Security/Firewall",
    "Level": "Information",
    "EventData": {
      "SettingType": "2",
      "SettingValueSize": "4",
      "SettingValue": "BAAAAA==",
      "SettingValueDisplay": "Public",
      "Origin": "1",
      "ModifyingUser": "S-1-5-80-3088073201-1464728630-1879813800-1107566885-823218052",
      "ModifyingApplication": ""
    },
    "RawXml": "<Event xmlns=\"http://schemas.microsoft.com/win/2004/08/events/event\"><System><Provider Name=\"Microsoft-Windows-Windows Firewall With Advanced Security\" Guid=\"{d1bc9aff-2abf-4d71-9146-ecb2a986eb85}\"></Provider>\n<EventID Qualifiers=\"\">2002</EventID>\n<Version>0</Version>\n<Level>4</Level>\n<Task>0</Task>\n<Opcode>0</Opcode>\n<Keywords>0x8000000000000000</Keywords>\n<TimeCreated SystemTime=\"2014-02-07 15:12:50.889467+00:00\"></TimeCreated>\n<EventRecordID>293</EventRecordID>\n<Correlation ActivityID=\"\" RelatedActivityID=\"\"></Correlation>\n<Execution ProcessID=\"1336\" ThreadID=\"3528\"></Execution>\n<Channel>Microsoft-Windows-Windows Firewall With Advanced Security/Firewall</Channel>\n<Computer>IACIS-HDD-2014</Computer>\n<Security UserID=\"S-1-5-19\"></Security>\n</System>\n<EventData><Data Name=\"SettingType\">2</Data>\n<Data Name=\"SettingValueSize\">4</Data>\n<Data Name=\"SettingValue\">BAAAAA==</Data>\n<Data Name=\"SettingValueDisplay\">Public</Data>\n<Data Name=\"Origin\">1</Data>\n<Data Name=\"ModifyingUser\">S-1-5-80-3088073201-1464728630-1879813800-1107566885-823218052</Data>\n<Data Name=\"ModifyingApplication\"></Data>\n</EventData>\n</Event>\n"
  },
  {
    "EventID": 2010,
    "Timestamp": "2014-02-07 15:12:50.889467+00:00",
    "Computer": "IACIS-HDD-2014",
    "Channel": "Microsoft-Windows-Windows Firewall With Advanced Security/Firewall",
    "Level": "Information",
    "EventData": {
      "InterfaceGuid": "{78a289b4-f8b9-43c7-8bba-f96e0bbc2185}",
      "InterfaceName": "ethernet_6",
      "OldProfile": "2",
      "NewProfile": "4"
    },
    "RawXml": "<Event xmlns=\"http://schemas.microsoft.com/win/2004/08/events/event\"><System><Provider Name=\"Microsoft-Windows-Windows Firewall With Advanced Security\" Guid=\"{d1bc9aff-2abf-4d71-9146-ecb2a986eb85}\"></Provider>\n<EventID Qualifiers=\"\">2010</EventID>\n<Version>0</Version>\n<Level>4</Level>\n<Task>0</Task>\n<Opcode>0</Opcode>\n<Keywords>0x8000000000000000</Keywords>\n<TimeCreated SystemTime=\"2014-02-07 15:12:50.889467+00:00\"></TimeCreated>\n<EventRecordID>294</EventRecordID>\n<Correlation ActivityID=\"\" RelatedActivityID=\"\"></Correlation>\n<Execution ProcessID=\"1336\" ThreadID=\"3528\"></Execution>\n<Channel>Microsoft-Windows-Windows Firewall With Advanced Security/Firewall</Channel>\n<Computer>IACIS-HDD-2014</Computer>\n<Security UserID=\"S-1-5-19\"></Security>\n</System>\n<EventData><Data Name=\"InterfaceGuid\">{78a289b4-f8b9-43c7-8bba-f96e0bbc2185}</Data>\n<Data Name=\"InterfaceName\">ethernet_6</Data>\n<Data Name=\"OldProfile\">2</Data>\n<Data Name=\"NewProfile\">4</Data>\n</EventData>\n</Event>\n"
  },
  {
    "EventID": 2010,
    "Timestamp": "2014-02-07 16:51:55.285667+00:00",
    "Computer": "IACIS-HDD-2014",
    "Channel": "Microsoft-Windows-Windows Firewall With Advanced Security/Firewall",
    "Level": "Information",
    "EventData": {
      "InterfaceGuid": "{78a289b4-f8b9-43c7-8bba-f96e0bbc2185}",
      "InterfaceName": "ethernet_6",
      "OldProfile": "2147483649",
      "NewProfile": "4"
    },
    "RawXml": "<Event xmlns=\"http://schemas.microsoft.com/win/2004/08/events/event\"><System><Provider Name=\"Microsoft-Windows-Windows Firewall With Advanced Security\" Guid=\"{d1bc9aff-2abf-4d71-9146-ecb2a986eb85}\"></Provider>\n<EventID Qualifiers=\"\">2010</EventID>\n<Version>0</Version>\n<Level>4</Level>\n<Task>0</Task>\n<Opcode>0</Opcode>\n<Keywords>0x8000000000000000</Keywords>\n<TimeCreated SystemTime=\"2014-02-07 16:51:55.285667+00:00\"></TimeCreated>\n<EventRecordID>295</EventRecordID>\n<Correlation ActivityID=\"\" RelatedActivityID=\"\"></Correlation>\n<Execution ProcessID=\"1244\" ThreadID=\"1332\"></Execution>\n<Channel>Microsoft-Windows-Windows Firewall With Advanced Security/Firewall</Channel>\n<Computer>IACIS-HDD-2014</Computer>\n<Security UserID=\"S-1-5-19\"></Security>\n</System>\n<EventData><Data Name=\"InterfaceGuid\">{78a289b4-f8b9-43c7-8bba-f96e0bbc2185}</Data>\n<Data Name=\"InterfaceName\">ethernet_6</Data>\n<Data Name=\"OldProfile\">2147483649</Data>\n<Data Name=\"NewProfile\">4</Data>\n</EventData>\n</Event>\n"
  },
  {
    "EventID": 2002,
    "Timestamp": "2014-02-07 16:51:56.217670+00:00",
    "Computer": "IACIS-HDD-2014",
    "Channel": "Microsoft-Windows-Windows Firewall With Advanced Security/Firewall",
    "Level": "Information",
    "EventData": {
      "SettingType": "2",
      "SettingValueSize": "4",
      "SettingValue": "AgAAAA==",
      "SettingValueDisplay": "Private",
      "Origin": "1",
      "ModifyingUser": "S-1-5-80-3088073201-1464728630-1879813800-1107566885-823218052",
      "ModifyingApplication": ""
    },
    "RawXml": "<Event xmlns=\"http://schemas.microsoft.com/win/2004/08/events/event\"><System><Provider Name=\"Microsoft-Windows-Windows Firewall With Advanced Security\" Guid=\"{d1bc9aff-2abf-4d71-9146-ecb2a986eb85}\"></Provider>\n<EventID Qualifiers=\"\">2002</EventID>\n<Version>0</Version>\n<Level>4</Level>\n<Task>0</Task>\n<Opcode>0</Opcode>\n<Keywords>0x8000000000000000</Keywords>\n<TimeCreated SystemTime=\"2014-02-07 16:51:56.217670+00:00\"></TimeCreated>\n<EventRecordID>296</EventRecordID>\n<Correlation ActivityID=\"\" RelatedActivityID=\"\"></Correlation>\n<Execution ProcessID=\"1244\" ThreadID=\"1332\"></Execution>\n<Channel>Microsoft-Windows-Windows Firewall With Advanced Security/Firewall</Channel>\n<Computer>IACIS-HDD-2014</Computer>\n<Security UserID=\"S-1-5-19\"></Security>\n</System>\n<EventData><Data Name=\"SettingType\">2</Data>\n<Data Name=\"SettingValueSize\">4</Data>\n<Data Name=\"SettingValue\">AgAAAA==</Data>\n<Data Name=\"SettingValueDisplay\">Private</Data>\n<Data Name=\"Origin\">1</Data>\n<Data Name=\"ModifyingUser\">S-1-5-80-3088073201-1464728630-1879813800-1107566885-823218052</Data>\n<Data Name=\"ModifyingApplication\"></Data>\n</EventData>\n</Event>\n"
  },
  {
    "EventID": 2010,
    "Timestamp": "2014-02-07 16:51:56.217670+00:00",
    "Computer": "IACIS-HDD-2014",
    "Channel": "Microsoft-Windows-Windows Firewall With Advanced Security/Firewall",
    "Level": "Information",
    "EventData": {
      "InterfaceGuid": "{78a289b4-f8b9-43c7-8bba-f96e0bbc2185}",
      "InterfaceName": "ethernet_6",
      "OldProfile": "4",
      "NewProfile": "2"
    },
    "RawXml": "<Event xmlns=\"http://schemas.microsoft.com/win/2004/08/events/event\"><System><Provider Name=\"Microsoft-Windows-Windows Firewall With Advanced Security\" Guid=\"{d1bc9aff-2abf-4d71-9146-ecb2a986eb85}\"></Provider>\n<EventID Qualifiers=\"\">2010</EventID>\n<Version>0</Version>\n<Level>4</Level>\n<Task>0</Task>\n<Opcode>0</Opcode>\n<Keywords>0x8000000000000000</Keywords>\n<TimeCreated SystemTime=\"2014-02-07 16:51:56.217670+00:00\"></TimeCreated>\n<EventRecordID>297</EventRecordID>\n<Correlation ActivityID=\"\" RelatedActivityID=\"\"></Correlation>\n<Execution ProcessID=\"1244\" ThreadID=\"1332\"></Execution>\n<Channel>Microsoft-Windows-Windows Firewall With Advanced Security/Firewall</Channel>\n<Computer>IACIS-HDD-2014</Computer>\n<Security UserID=\"S-1-5-19\"></Security>\n</System>\n<EventData><Data Name=\"InterfaceGuid\">{78a289b4-f8b9-43c7-8bba-f96e0bbc2185}</Data>\n<Data Name=\"InterfaceName\">ethernet_6</Data>\n<Data Name=\"OldProfile\">4</Data>\n<Data Name=\"NewProfile\">2</Data>\n</EventData>\n</Event>\n"
  },
  {
    "EventID": 2011,
    "Timestamp": "2014-02-07 16:51:56.939472+00:00",
    "Computer": "IACIS-HDD-2014",
    "Channel": "Microsoft-Windows-Windows Firewall With Advanced Security/Firewall",
    "Level": "Information",
    "EventData": {
      "ReasonCode": "1",
      "ApplicationPath": "C:\\windows\\system32\\lsass.exe",
      "IPVersion": "1",
      "Protocol": "6",
      "Port": "49156",
      "ProcessId": "476",
      "ModifyingUser": "S-1-5-18"
    },
    "RawXml": "<Event xmlns=\"http://schemas.microsoft.com/win/2004/08/events/event\"><System><Provider Name=\"Microsoft-Windows-Windows Firewall With Advanced Security\" Guid=\"{d1bc9aff-2abf-4d71-9146-ecb2a986eb85}\"></Provider>\n<EventID Qualifiers=\"\">2011</EventID>\n<Version>0</Version>\n<Level>4</Level>\n<Task>0</Task>\n<Opcode>0</Opcode>\n<Keywords>0x8000000000000000</Keywords>\n<TimeCreated SystemTime=\"2014-02-07 16:51:56.939472+00:00\"></TimeCreated>\n<EventRecordID>298</EventRecordID>\n<Correlation ActivityID=\"\" RelatedActivityID=\"\"></Correlation>\n<Execution ProcessID=\"1244\" ThreadID=\"1300\"></Execution>\n<Channel>Microsoft-Windows-Windows Firewall With Advanced Security/Firewall</Channel>\n<Computer>IACIS-HDD-2014</Computer>\n<Security UserID=\"S-1-5-19\"></Security>\n</System>\n<EventData><Data Name=\"ReasonCode\">1</Data>\n<Data Name=\"ApplicationPath\">C:\\windows\\system32\\lsass.exe</Data>\n<Data Name=\"IPVersion\">1</Data>\n<Data Name=\"Protocol\">6</Data>\n<Data Name=\"Port\">49156</Data>\n<Data Name=\"ProcessId\">476</Data>\n<Data Name=\"ModifyingUser\">S-1-5-18</Data>\n</EventData>\n</Event>\n"
  },
  {
    "EventID": 2002,
    "Timestamp": "2014-02-07 17:36:07.277727+00:00",
    "Computer": "IACIS-HDD-2014",
    "Channel": "Microsoft-Windows-Windows Firewall With Advanced Security/Firewall",
    "Level": "Information",
    "EventData": {
      "SettingType": "2",
      "SettingValueSize": "4",
      "SettingValue": "BAAAAA==",
      "SettingValueDisplay": "Public",
      "Origin": "1",
      "ModifyingUser": "S-1-5-80-3088073201-1464728630-1879813800-1107566885-823218052",
      "ModifyingApplication": ""
    },
    "RawXml": "<Event xmlns=\"http://schemas.microsoft.com/win/2004/08/events/event\"><System><Provider Name=\"Microsoft-Windows-Windows Firewall With Advanced Security\" Guid=\"{d1bc9aff-2abf-4d71-9146-ecb2a986eb85}\"></Provider>\n<EventID Qualifiers=\"\">2002</EventID>\n<Version>0</Version>\n<Level>4</Level>\n<Task>0</Task>\n<Opcode>0</Opcode>\n<Keywords>0x8000000000000000</Keywords>\n<TimeCreated SystemTime=\"2014-02-07 17:36:07.277727+00:00\"></TimeCreated>\n<EventRecordID>299</EventRecordID>\n<Correlation ActivityID=\"\" RelatedActivityID=\"\"></Correlation>\n<Execution ProcessID=\"1244\" ThreadID=\"2176\"></Execution>\n<Channel>Microsoft-Windows-Windows Firewall With Advanced Security/Firewall</Channel>\n<Computer>IACIS-HDD-2014</Computer>\n<Security UserID=\"S-1-5-19\"></Security>\n</System>\n<EventData><Data Name=\"SettingType\">2</Data>\n<Data Name=\"SettingValueSize\">4</Data>\n<Data Name=\"SettingValue\">BAAAAA==</Data>\n<Data Name=\"SettingValueDisplay\">Public</Data>\n<Data Name=\"Origin\">1</Data>\n<Data Name=\"ModifyingUser\">S-1-5-80-3088073201-1464728630-1879813800-1107566885-823218052</Data>\n<Data Name=\"ModifyingApplication\"></Data>\n</EventData>\n</Event>\n"
  },
  {
    "EventID": 2010,
    "Timestamp": "2014-02-07 17:36:07.277727+00:00",
    "Computer": "IACIS-HDD-2014",
    "Channel": "Microsoft-Windows-Windows Firewall With Advanced Security/Firewall",
    "Level": "Information",
    "EventData": {
      "InterfaceGuid": "{78a289b4-f8b9-43c7-8bba-f96e0bbc2185}",
      "InterfaceName": "ethernet_6",
      "OldProfile": "2",
      "NewProfile": "4"
    },
    "RawXml": "<Event xmlns=\"http://schemas.microsoft.com/win/2004/08/events/event\"><System><Provider Name=\"Microsoft-Windows-Windows Firewall With Advanced Security\" Guid=\"{d1bc9aff-2abf-4d71-9146-ecb2a986eb85}\"></Provider>\n<EventID Qualifiers=\"\">2010</EventID>\n<Version>0</Version>\n<Level>4</Level>\n<Task>0</Task>\n<Opcode>0</Opcode>\n<Keywords>0x8000000000000000</Keywords>\n<TimeCreated SystemTime=\"2014-02-07 17:36:07.277727+00:00\"></TimeCreated>\n<EventRecordID>300</EventRecordID>\n<Correlation ActivityID=\"\" RelatedActivityID=\"\"></Correlation>\n<Execution ProcessID=\"1244\" ThreadID=\"2176\"></Execution>\n<Channel>Microsoft-Windows-Windows Firewall With Advanced Security/Firewall</Channel>\n<Computer>IACIS-HDD-2014</Computer>\n<Security UserID=\"S-1-5-19\"></Security>\n</System>\n<EventData><Data Name=\"InterfaceGuid\">{78a289b4-f8b9-43c7-8bba-f96e0bbc2185}</Data>\n<Data Name=\"InterfaceName\">ethernet_6</Data>\n<Data Name=\"OldProfile\">2</Data>\n<Data Name=\"NewProfile\">4</Data>\n</EventData>\n</Event>\n"
  },
  {
    "EventID": 2010,
    "Timestamp": "2014-02-10 14:49:52.823448+00:00",
    "Computer": "IACIS-HDD-2014",
    "Channel": "Microsoft-Windows-Windows Firewall With Advanced Security/Firewall",
    "Level": "Information",
    "EventData": {
      "InterfaceGuid": "{78a289b4-f8b9-43c7-8bba-f96e0bbc2185}",
      "InterfaceName": "ethernet_6",
      "OldProfile": "2147483649",
      "NewProfile": "4"
    },
    "RawXml": "<Event xmlns=\"http://schemas.microsoft.com/win/2004/08/events/event\"><System><Provider Name=\"Microsoft-Windows-Windows Firewall With Advanced Security\" Guid=\"{d1bc9aff-2abf-4d71-9146-ecb2a986eb85}\"></Provider>\n<EventID Qualifiers=\"\">2010</EventID>\n<Version>0</Version>\n<Level>4</Level>\n<Task>0</Task>\n<Opcode>0</Opcode>\n<Keywords>0x8000000000000000</Keywords>\n<TimeCreated SystemTime=\"2014-02-10 14:49:52.823448+00:00\"></TimeCreated>\n<EventRecordID>301</EventRecordID>\n<Correlation ActivityID=\"\" RelatedActivityID=\"\"></Correlation>\n<Execution ProcessID=\"1320\" ThreadID=\"1340\"></Execution>\n<Channel>Microsoft-Windows-Windows Firewall With Advanced Security/Firewall</Channel>\n<Computer>IACIS-HDD-2014</Computer>\n<Security UserID=\"S-1-5-19\"></Security>\n</System>\n<EventData><Data Name=\"InterfaceGuid\">{78a289b4-f8b9-43c7-8bba-f96e0bbc2185}</Data>\n<Data Name=\"InterfaceName\">ethernet_6</Data>\n<Data Name=\"OldProfile\">2147483649</Data>\n<Data Name=\"NewProfile\">4</Data>\n</EventData>\n</Event>\n"
  },
  {
    "EventID": 2010,
    "Timestamp": "2014-02-10 14:49:53.790649+00:00",
    "Computer": "IACIS-HDD-2014",
    "Channel": "Microsoft-Windows-Windows Firewall With Advanced Security/Firewall",
    "Level": "Information",
    "EventData": {
      "InterfaceGuid": "{78a289b4-f8b9-43c7-8bba-f96e0bbc2185}",
      "InterfaceName": "ethernet_6",
      "OldProfile": "4",
      "NewProfile": "2147483649"
    },
    "RawXml": "<Event xmlns=\"http://schemas.microsoft.com/win/2004/08/events/event\"><System><Provider Name=\"Microsoft-Windows-Windows Firewall With Advanced Security\" Guid=\"{d1bc9aff-2abf-4d71-9146-ecb2a986eb85}\"></Provider>\n<EventID Qualifiers=\"\">2010</EventID>\n<Version>0</Version>\n<Level>4</Level>\n<Task>0</Task>\n<Opcode>0</Opcode>\n<Keywords>0x8000000000000000</Keywords>\n<TimeCreated SystemTime=\"2014-02-10 14:49:53.790649+00:00\"></TimeCreated>\n<EventRecordID>302</EventRecordID>\n<Correlation ActivityID=\"\" RelatedActivityID=\"\"></Correlation>\n<Execution ProcessID=\"1320\" ThreadID=\"1340\"></Execution>\n<Channel>Microsoft-Windows-Windows Firewall With Advanced Security/Firewall</Channel>\n<Computer>IACIS-HDD-2014</Computer>\n<Security UserID=\"S-1-5-19\"></Security>\n</System>\n<EventData><Data Name=\"InterfaceGuid\">{78a289b4-f8b9-43c7-8bba-f96e0bbc2185}</Data>\n<Data Name=\"InterfaceName\">ethernet_6</Data>\n<Data Name=\"OldProfile\">4</Data>\n<Data Name=\"NewProfile\">2147483649</Data>\n</EventData>\n</Event>\n"
  },
  {
    "EventID": 2002,
    "Timestamp": "2014-02-10 14:49:53.821850+00:00",
    "Computer": "IACIS-HDD-2014",
    "Channel": "Microsoft-Windows-Windows Firewall With Advanced Security/Firewall",
    "Level": "Information",
    "EventData": {
      "SettingType": "2",
      "SettingValueSize": "4",
      "SettingValue": "AgAAAA==",
      "SettingValueDisplay": "Private",
      "Origin": "1",
      "ModifyingUser": "S-1-5-80-3088073201-1464728630-1879813800-1107566885-823218052",
      "ModifyingApplication": ""
    },
    "RawXml": "<Event xmlns=\"http://schemas.microsoft.com/win/2004/08/events/event\"><System><Provider Name=\"Microsoft-Windows-Windows Firewall With Advanced Security\" Guid=\"{d1bc9aff-2abf-4d71-9146-ecb2a986eb85}\"></Provider>\n<EventID Qualifiers=\"\">2002</EventID>\n<Version>0</Version>\n<Level>4</Level>\n<Task>0</Task>\n<Opcode>0</Opcode>\n<Keywords>0x8000000000000000</Keywords>\n<TimeCreated SystemTime=\"2014-02-10 14:49:53.821850+00:00\"></TimeCreated>\n<EventRecordID>303</EventRecordID>\n<Correlation ActivityID=\"\" RelatedActivityID=\"\"></Correlation>\n<Execution ProcessID=\"1320\" ThreadID=\"1336\"></Execution>\n<Channel>Microsoft-Windows-Windows Firewall With Advanced Security/Firewall</Channel>\n<Computer>IACIS-HDD-2014</Computer>\n<Security UserID=\"S-1-5-19\"></Security>\n</System>\n<EventData><Data Name=\"SettingType\">2</Data>\n<Data Name=\"SettingValueSize\">4</Data>\n<Data Name=\"SettingValue\">AgAAAA==</Data>\n<Data Name=\"SettingValueDisplay\">Private</Data>\n<Data Name=\"Origin\">1</Data>\n<Data Name=\"ModifyingUser\">S-1-5-80-3088073201-1464728630-1879813800-1107566885-823218052</Data>\n<Data Name=\"ModifyingApplication\"></Data>\n</EventData>\n</Event>\n"
  },
  {
    "EventID": 2010,
    "Timestamp": "2014-02-10 14:49:53.821850+00:00",
    "Computer": "IACIS-HDD-2014",
    "Channel": "Microsoft-Windows-Windows Firewall With Advanced Security/Firewall",
    "Level": "Information",
    "EventData": {
      "InterfaceGuid": "{78a289b4-f8b9-43c7-8bba-f96e0bbc2185}",
      "InterfaceName": "ethernet_6",
      "OldProfile": "2147483649",
      "NewProfile": "2"
    },
    "RawXml": "<Event xmlns=\"http://schemas.microsoft.com/win/2004/08/events/event\"><System><Provider Name=\"Microsoft-Windows-Windows Firewall With Advanced Security\" Guid=\"{d1bc9aff-2abf-4d71-9146-ecb2a986eb85}\"></Provider>\n<EventID Qualifiers=\"\">2010</EventID>\n<Version>0</Version>\n<Level>4</Level>\n<Task>0</Task>\n<Opcode>0</Opcode>\n<Keywords>0x8000000000000000</Keywords>\n<TimeCreated SystemTime=\"2014-02-10 14:49:53.821850+00:00\"></TimeCreated>\n<EventRecordID>304</EventRecordID>\n<Correlation ActivityID=\"\" RelatedActivityID=\"\"></Correlation>\n<Execution ProcessID=\"1320\" ThreadID=\"1336\"></Execution>\n<Channel>Microsoft-Windows-Windows Firewall With Advanced Security/Firewall</Channel>\n<Computer>IACIS-HDD-2014</Computer>\n<Security UserID=\"S-1-5-19\"></Security>\n</System>\n<EventData><Data Name=\"InterfaceGuid\">{78a289b4-f8b9-43c7-8bba-f96e0bbc2185}</Data>\n<Data Name=\"InterfaceName\">ethernet_6</Data>\n<Data Name=\"OldProfile\">2147483649</Data>\n<Data Name=\"NewProfile\">2</Data>\n</EventData>\n</Event>\n"
  },
  {
    "EventID": 2002,
    "Timestamp": "2014-02-10 18:26:11.863441+00:00",
    "Computer": "IACIS-HDD-2014",
    "Channel": "Microsoft-Windows-Windows Firewall With Advanced Security/Firewall",
    "Level": "Information",
    "EventData": {
      "SettingType": "2",
      "SettingValueSize": "4",
      "SettingValue": "BAAAAA==",
      "SettingValueDisplay": "Public",
      "Origin": "1",
      "ModifyingUser": "S-1-5-80-3088073201-1464728630-1879813800-1107566885-823218052",
      "ModifyingApplication": ""
    },
    "RawXml": "<Event xmlns=\"http://schemas.microsoft.com/win/2004/08/events/event\"><System><Provider Name=\"Microsoft-Windows-Windows Firewall With Advanced Security\" Guid=\"{d1bc9aff-2abf-4d71-9146-ecb2a986eb85}\"></Provider>\n<EventID Qualifiers=\"\">2002</EventID>\n<Version>0</Version>\n<Level>4</Level>\n<Task>0</Task>\n<Opcode>0</Opcode>\n<Keywords>0x8000000000000000</Keywords>\n<TimeCreated SystemTime=\"2014-02-10 18:26:11.863441+00:00\"></TimeCreated>\n<EventRecordID>305</EventRecordID>\n<Correlation ActivityID=\"\" RelatedActivityID=\"\"></Correlation>\n<Execution ProcessID=\"1320\" ThreadID=\"3700\"></Execution>\n<Channel>Microsoft-Windows-Windows Firewall With Advanced Security/Firewall</Channel>\n<Computer>IACIS-HDD-2014</Computer>\n<Security UserID=\"S-1-5-19\"></Security>\n</System>\n<EventData><Data Name=\"SettingType\">2</Data>\n<Data Name=\"SettingValueSize\">4</Data>\n<Data Name=\"SettingValue\">BAAAAA==</Data>\n<Data Name=\"SettingValueDisplay\">Public</Data>\n<Data Name=\"Origin\">1</Data>\n<Data Name=\"ModifyingUser\">S-1-5-80-3088073201-1464728630-1879813800-1107566885-823218052</Data>\n<Data Name=\"ModifyingApplication\"></Data>\n</EventData>\n</Event>\n"
  },
  {
    "EventID": 2010,
    "Timestamp": "2014-02-10 18:26:11.863441+00:00",
    "Computer": "IACIS-HDD-2014",
    "Channel": "Microsoft-Windows-Windows Firewall With Advanced Security/Firewall",
    "Level": "Information",
    "EventData": {
      "InterfaceGuid": "{78a289b4-f8b9-43c7-8bba-f96e0bbc2185}",
      "InterfaceName": "ethernet_6",
      "OldProfile": "2",
      "NewProfile": "4"
    },
    "RawXml": "<Event xmlns=\"http://schemas.microsoft.com/win/2004/08/events/event\"><System><Provider Name=\"Microsoft-Windows-Windows Firewall With Advanced Security\" Guid=\"{d1bc9aff-2abf-4d71-9146-ecb2a986eb85}\"></Provider>\n<EventID Qualifiers=\"\">2010</EventID>\n<Version>0</Version>\n<Level>4</Level>\n<Task>0</Task>\n<Opcode>0</Opcode>\n<Keywords>0x8000000000000000</Keywords>\n<TimeCreated SystemTime=\"2014-02-10 18:26:11.863441+00:00\"></TimeCreated>\n<EventRecordID>306</EventRecordID>\n<Correlation ActivityID=\"\" RelatedActivityID=\"\"></Correlation>\n<Execution ProcessID=\"1320\" ThreadID=\"3700\"></Execution>\n<Channel>Microsoft-Windows-Windows Firewall With Advanced Security/Firewall</Channel>\n<Computer>IACIS-HDD-2014</Computer>\n<Security UserID=\"S-1-5-19\"></Security>\n</System>\n<EventData><Data Name=\"InterfaceGuid\">{78a289b4-f8b9-43c7-8bba-f96e0bbc2185}</Data>\n<Data Name=\"InterfaceName\">ethernet_6</Data>\n<Data Name=\"OldProfile\">2</Data>\n<Data Name=\"NewProfile\">4</Data>\n</EventData>\n</Event>\n"
  },
  {
    "EventID": 2010,
    "Timestamp": "2014-02-11 13:24:45.872059+00:00",
    "Computer": "IACIS-HDD-2014",
    "Channel": "Microsoft-Windows-Windows Firewall With Advanced Security/Firewall",
    "Level": "Information",
    "EventData": {
      "InterfaceGuid": "{78a289b4-f8b9-43c7-8bba-f96e0bbc2185}",
      "InterfaceName": "ethernet_6",
      "OldProfile": "2147483649",
      "NewProfile": "4"
    },
    "RawXml": "<Event xmlns=\"http://schemas.microsoft.com/win/2004/08/events/event\"><System><Provider Name=\"Microsoft-Windows-Windows Firewall With Advanced Security\" Guid=\"{d1bc9aff-2abf-4d71-9146-ecb2a986eb85}\"></Provider>\n<EventID Qualifiers=\"\">2010</EventID>\n<Version>0</Version>\n<Level>4</Level>\n<Task>0</Task>\n<Opcode>0</Opcode>\n<Keywords>0x8000000000000000</Keywords>\n<TimeCreated SystemTime=\"2014-02-11 13:24:45.872059+00:00\"></TimeCreated>\n<EventRecordID>307</EventRecordID>\n<Correlation ActivityID=\"\" RelatedActivityID=\"\"></Correlation>\n<Execution ProcessID=\"1332\" ThreadID=\"1948\"></Execution>\n<Channel>Microsoft-Windows-Windows Firewall With Advanced Security/Firewall</Channel>\n<Computer>IACIS-HDD-2014</Computer>\n<Security UserID=\"S-1-5-19\"></Security>\n</System>\n<EventData><Data Name=\"InterfaceGuid\">{78a289b4-f8b9-43c7-8bba-f96e0bbc2185}</Data>\n<Data Name=\"InterfaceName\">ethernet_6</Data>\n<Data Name=\"OldProfile\">2147483649</Data>\n<Data Name=\"NewProfile\">4</Data>\n</EventData>\n</Event>\n"
  },
