  {
    "EventID": 60,
    "Timestamp": "2014-01-25 01:50:15.779827+00:00",
    "Computer": "IACIS-HDD-2014",
    "Channel": "Microsoft-Windows-Bits-Client/Operational",
    "Level": "Information",
    "EventData": {
      "transferId": "{ee4a4532-abd8-4e5a-9b62-7a11844988ff}",
      "name": "WU Client Download",
      "Id": "{282e46be-a4dc-4bc6-b443-228d982a9a74}",
      "url": "http://download.windowsupdate.com/msdownload/update/software/secu/2012/08/windows6.1-kb2706045-x64_aeb8591b583e008f0e22be69bf119cb90d8e9f48.psf",
      "peer": "",
      "hr": "0",
      "fileTime": "2012-08-02 04:56:37+00:00",
      "fileLength": "42804396",
      "bytesTotal": "147001",
      "bytesTransferred": "147001",
      "proxy": "",
      "peerProtocolFlags": "0",
      "bytesTransferredFromPeer": "0",
      "AdditionalInfoHr": "0",
      "PeerContextInfo": "0",
      "bandwidthLimit": "18446744073709551615",
      "ignoreBandwidthLimitsOnLan": "False"
    },
    "RawXml": "<Event xmlns=\"http://schemas.microsoft.com/win/2004/08/events/event\"><System><Provider Name=\"Microsoft-Windows-Bits-Client\" Guid=\"{ef1cc15b-46c1-414e-bb95-e76b077bd51e}\"></Provider>\n<EventID Qualifiers=\"\">60</EventID>\n<Version>1</Version>\n<Level>4</Level>\n<Task>0</Task>\n<Opcode>2</Opcode>\n<Keywords>0x4000000000000000</Keywords>\n<TimeCreated SystemTime=\"2014-01-25 01:50:15.779827+00:00\"></TimeCreated>\n<EventRecordID>1094</EventRecordID>\n<Correlation ActivityID=\"{ee4a4532-abd8-4e5a-9b62-7a11844988ff}\" RelatedActivityID=\"\"></Correlation>\n<Execution ProcessID=\"888\" ThreadID=\"2560\"></Execution>\n<Channel>Microsoft-Windows-Bits-Client/Operational</Channel>\n<Computer>IACIS-HDD-2014</Computer>\n<Security UserID=\"S-1-5-18\"></Security>\n</System>\n<EventData><Data Name=\"transferId\">{ee4a4532-abd8-4e5a-9b62-7a11844988ff}</Data>\n<Data Name=\"name\">WU Client Download</Data>\n<Data Name=\"Id\">{282e46be-a4dc-4bc6-b443-228d982a9a74}</Data>\n<Data Name=\"url\">http://download.windowsupdate.com/msdownload/update/software/secu/2012/08/windows6.1-kb2706045-x64_aeb8591b583e008f0e22be69bf119cb90d8e9f48.psf</Data>\n<Data Name=\"peer\"></Data>\n<Data Name=\"hr\">0</Data>\n<Data Name=\"fileTime\">2012-08-02 04:56:37+00:00</Data>\n<Data Name=\"fileLength\">42804396</Data>\n<Data Name=\"bytesTotal\">147001</Data>\n<Data Name=\"bytesTransferred\">147001</Data>\n<Data Name=\"proxy\"></Data>\n<Data Name=\"peerProtocolFlags\">0</Data>\n<Data Name=\"bytesTransferredFromPeer\">0</Data>\n<Data Name=\"AdditionalInfoHr\">0</Data>\n<Data Name=\"PeerContextInfo\">0</Data>\n<Data Name=\"bandwidthLimit\">18446744073709551615</Data>\n<Data Name=\"ignoreBandwidthLimitsOnLan\">False</Data>\n</EventData>\n</Event>\n"
  },
  {
    "EventID": 60,
    "Timestamp": "2014-01-25 01:50:15.826626+00:00",
    "Computer": "IACIS-HDD-2014",
    "Channel": "Microsoft-Windows-Bits-Client/Operational",
    "Level": "Information",
    "EventData": {
      "transferId": "{215bbc09-a4a3-42c8-8a1c-2b84b0841efd}",
      "name": "WU Client Download",
      "Id": "{983c3d13-e07f-445d-89cb-c70c9ea92c17}",
      "url": "http://download.windowsupdate.com/msdownload/update/software/secu/2013/06/windows6.1-kb2845187-x64_ef3d35e23e485a0839f24263e9cfc0efe0dc83b1.psf",
      "peer": "",
      "hr": "0",
      "fileTime": "2013-06-19 01:58:41+00:00",
      "fileLength": "4111592",
      "bytesTotal": "3410",
      "bytesTransferred": "3410",
      "proxy": "",
      "peerProtocolFlags": "0",
      "bytesTransferredFromPeer": "0",
      "AdditionalInfoHr": "0",
      "PeerContextInfo": "0",
      "bandwidthLimit": "18446744073709551615",
      "ignoreBandwidthLimitsOnLan": "False"
    },
    "RawXml": "<Event xmlns=\"http://schemas.microsoft.com/win/2004/08/events/event\"><System><Provider Name=\"Microsoft-Windows-Bits-Client\" Guid=\"{ef1cc15b-46c1-414e-bb95-e76b077bd51e}\"></Provider>\n<EventID Qualifiers=\"\">60</EventID>\n<Version>1</Version>\n<Level>4</Level>\n<Task>0</Task>\n<Opcode>2</Opcode>\n<Keywords>0x4000000000000000</Keywords>\n<TimeCreated SystemTime=\"2014-01-25 01:50:15.826626+00:00\"></TimeCreated>\n<EventRecordID>1095</EventRecordID>\n<Correlation ActivityID=\"{215bbc09-a4a3-42c8-8a1c-2b84b0841efd}\" RelatedActivityID=\"\"></Correlation>\n<Execution ProcessID=\"888\" ThreadID=\"2208\"></Execution>\n<Channel>Microsoft-Windows-Bits-Client/Operational</Channel>\n<Computer>IACIS-HDD-2014</Computer>\n<Security UserID=\"S-1-5-18\"></Security>\n</System>\n<EventData><Data Name=\"transferId\">{215bbc09-a4a3-42c8-8a1c-2b84b0841efd}</Data>\n<Data Name=\"name\">WU Client Download</Data>\n<Data Name=\"Id\">{983c3d13-e07f-445d-89cb-c70c9ea92c17}</Data>\n<Data Name=\"url\">http://download.windowsupdate.com/msdownload/update/software/secu/2013/06/windows6.1-kb2845187-x64_ef3d35e23e485a0839f24263e9cfc0efe0dc83b1.psf</Data>\n<Data Name=\"peer\"></Data>\n<Data Name=\"hr\">0</Data>\n<Data Name=\"fileTime\">2013-06-19 01:58:41+00:00</Data>\n<Data Name=\"fileLength\">4111592</Data>\n<Data Name=\"bytesTotal\">3410</Data>\n<Data Name=\"bytesTransferred\">3410</Data>\n<Data Name=\"proxy\"></Data>\n<Data Name=\"peerProtocolFlags\">0</Data>\n<Data Name=\"bytesTransferredFromPeer\">0</Data>\n<Data Name=\"AdditionalInfoHr\">0</Data>\n<Data Name=\"PeerContextInfo\">0</Data>\n<Data Name=\"bandwidthLimit\">18446744073709551615</Data>\n<Data Name=\"ignoreBandwidthLimitsOnLan\">False</Data>\n</EventData>\n</Event>\n"
  },
  {
    "EventID": 60,
    "Timestamp": "2014-01-25 01:50:15.857826+00:00",
    "Computer": "IACIS-HDD-2014",
    "Channel": "Microsoft-Windows-Bits-Client/Operational",
    "Level": "Information",
    "EventData": {
      "transferId": "{f3deb2a8-79e0-4511-93a1-b53946a4287b}",
      "name": "WU Client Download",
      "Id": "{cb74f789-27fe-49a6-884c-513e5c4a591f}",
      "url": "http://download.windowsupdate.com/msdownload/update/software/secu/2013/06/windows6.1-kb2847927-x64_6dfc8718853c1b7b0099960521822d156f28c4ef.psf",
      "peer": "",
      "hr": "0",
      "fileTime": "2013-06-18 19:00:36+00:00",
      "fileLength": "18935592",
      "bytesTotal": "26653",
      "bytesTransferred": "26653",
      "proxy": "",
      "peerProtocolFlags": "0",
      "bytesTransferredFromPeer": "0",
      "AdditionalInfoHr": "0",
      "PeerContextInfo": "0",
      "bandwidthLimit": "18446744073709551615",
      "ignoreBandwidthLimitsOnLan": "False"
    },
    "RawXml": "<Event xmlns=\"http://schemas.microsoft.com/win/2004/08/events/event\"><System><Provider Name=\"Microsoft-Windows-Bits-Client\" Guid=\"{ef1cc15b-46c1-414e-bb95-e76b077bd51e}\"></Provider>\n<EventID Qualifiers=\"\">60</EventID>\n<Version>1</Version>\n<Level>4</Level>\n<Task>0</Task>\n<Opcode>2</Opcode>\n<Keywords>0x4000000000000000</Keywords>\n<TimeCreated SystemTime=\"2014-01-25 01:50:15.857826+00:00\"></TimeCreated>\n<EventRecordID>1096</EventRecordID>\n<Correlation ActivityID=\"{f3deb2a8-79e0-4511-93a1-b53946a4287b}\" RelatedActivityID=\"\"></Correlation>\n<Execution ProcessID=\"888\" ThreadID=\"2592\"></Execution>\n<Channel>Microsoft-Windows-Bits-Client/Operational</Channel>\n<Computer>IACIS-HDD-2014</Computer>\n<Security UserID=\"S-1-5-18\"></Security>\n</System>\n<EventData><Data Name=\"transferId\">{f3deb2a8-79e0-4511-93a1-b53946a4287b}</Data>\n<Data Name=\"name\">WU Client Download</Data>\n<Data Name=\"Id\">{cb74f789-27fe-49a6-884c-513e5c4a591f}</Data>\n<Data Name=\"url\">http://download.windowsupdate.com/msdownload/update/software/secu/2013/06/windows6.1-kb2847927-x64_6dfc8718853c1b7b0099960521822d156f28c4ef.psf</Data>\n<Data Name=\"peer\"></Data>\n<Data Name=\"hr\">0</Data>\n<Data Name=\"fileTime\">2013-06-18 19:00:36+00:00</Data>\n<Data Name=\"fileLength\">18935592</Data>\n<Data Name=\"bytesTotal\">26653</Data>\n<Data Name=\"bytesTransferred\">26653</Data>\n<Data Name=\"proxy\"></Data>\n<Data Name=\"peerProtocolFlags\">0</Data>\n<Data Name=\"bytesTransferredFromPeer\">0</Data>\n<Data Name=\"AdditionalInfoHr\">0</Data>\n<Data Name=\"PeerContextInfo\">0</Data>\n<Data Name=\"bandwidthLimit\">18446744073709551615</Data>\n<Data Name=\"ignoreBandwidthLimitsOnLan\">False</Data>\n</EventData>\n</Event>\n"
  },
  {
    "EventID": 60,
    "Timestamp": "2014-01-25 01:50:15.889027+00:00",
    "Computer": "IACIS-HDD-2014",
    "Channel": "Microsoft-Windows-Bits-Client/Operational",
    "Level": "Information",
    "EventData": {
      "transferId": "{9b6d7248-f881-46c2-8e78-e970f7081f90}",
      "name": "WU Client Download",
      "Id": "{52562ae1-deed-40d4-b1ae-3182ba8b9f8c}",
      "url": "http://download.windowsupdate.com/msdownload/update/software/secu/2012/05/windows6.1-kb2667402-v2-x64_77b18af95f5745f6a59afa1aa0b317247390b3a6.psf",
      "peer": "",
      "hr": "0",
      "fileTime": "2012-05-23 23:24:28+00:00",
      "fileLength": "1294233",
      "bytesTotal": "6556",
      "bytesTransferred": "6556",
      "proxy": "",
      "peerProtocolFlags": "0",
      "bytesTransferredFromPeer": "0",
      "AdditionalInfoHr": "0",
      "PeerContextInfo": "0",
      "bandwidthLimit": "18446744073709551615",
      "ignoreBandwidthLimitsOnLan": "False"
    },
    "RawXml": "<Event xmlns=\"http://schemas.microsoft.com/win/2004/08/events/event\"><System><Provider Name=\"Microsoft-Windows-Bits-Client\" Guid=\"{ef1cc15b-46c1-414e-bb95-e76b077bd51e}\"></Provider>\n<EventID Qualifiers=\"\">60</EventID>\n<Version>1</Version>\n<Level>4</Level>\n<Task>0</Task>\n<Opcode>2</Opcode>\n<Keywords>0x4000000000000000</Keywords>\n<TimeCreated SystemTime=\"2014-01-25 01:50:15.889027+00:00\"></TimeCreated>\n<EventRecordID>1097</EventRecordID>\n<Correlation ActivityID=\"{9b6d7248-f881-46c2-8e78-e970f7081f90}\" RelatedActivityID=\"\"></Correlation>\n<Execution ProcessID=\"888\" ThreadID=\"2036\"></Execution>\n<Channel>Microsoft-Windows-Bits-Client/Operational</Channel>\n<Computer>IACIS-HDD-2014</Computer>\n<Security UserID=\"S-1-5-18\"></Security>\n</System>\n<EventData><Data Name=\"transferId\">{9b6d7248-f881-46c2-8e78-e970f7081f90}</Data>\n<Data Name=\"name\">WU Client Download</Data>\n<Data Name=\"Id\">{52562ae1-deed-40d4-b1ae-3182ba8b9f8c}</Data>\n<Data Name=\"url\">http://download.windowsupdate.com/msdownload/update/software/secu/2012/05/windows6.1-kb2667402-v2-x64_77b18af95f5745f6a59afa1aa0b317247390b3a6.psf</Data>\n<Data Name=\"peer\"></Data>\n<Data Name=\"hr\">0</Data>\n<Data Name=\"fileTime\">2012-05-23 23:24:28+00:00</Data>\n<Data Name=\"fileLength\">1294233</Data>\n<Data Name=\"bytesTotal\">6556</Data>\n<Data Name=\"bytesTransferred\">6556</Data>\n<Data Name=\"proxy\"></Data>\n<Data Name=\"peerProtocolFlags\">0</Data>\n<Data Name=\"bytesTransferredFromPeer\">0</Data>\n<Data Name=\"AdditionalInfoHr\">0</Data>\n<Data Name=\"PeerContextInfo\">0</Data>\n<Data Name=\"bandwidthLimit\">18446744073709551615</Data>\n<Data Name=\"ignoreBandwidthLimitsOnLan\">False</Data>\n</EventData>\n</Event>\n"
  },
  {
    "EventID": 60,
    "Timestamp": "2014-01-25 01:50:15.935827+00:00",
    "Computer": "IACIS-HDD-2014",
    "Channel": "Microsoft-Windows-Bits-Client/Operational",
    "Level": "Information",
    "EventData": {
      "transferId": "{0f2de7fd-02d2-49d1-9937-8d960be28e1a}",
      "name": "WU Client Download",
      "Id": "{d92087a7-40f3-4fd7-ad4d-6bdc59e7e462}",
      "url": "http://download.windowsupdate.com/msdownload/update/software/secu/2012/11/windows6.1-kb2770660-x64_f3f9666d34e14ee20a729b40a28a59e290907815.psf",
      "peer": "",
      "hr": "0",
      "fileTime": "2012-11-20 05:40:02+00:00",
      "fileLength": "7512807",
      "bytesTotal": "1852",
      "bytesTransferred": "1852",
      "proxy": "",
      "peerProtocolFlags": "0",
      "bytesTransferredFromPeer": "0",
      "AdditionalInfoHr": "0",
      "PeerContextInfo": "0",
      "bandwidthLimit": "18446744073709551615",
      "ignoreBandwidthLimitsOnLan": "False"
    },
    "RawXml": "<Event xmlns=\"http://schemas.microsoft.com/win/2004/08/events/event\"><System><Provider Name=\"Microsoft-Windows-Bits-Client\" Guid=\"{ef1cc15b-46c1-414e-bb95-e76b077bd51e}\"></Provider>\n<EventID Qualifiers=\"\">60</EventID>\n<Version>1</Version>\n<Level>4</Level>\n<Task>0</Task>\n<Opcode>2</Opcode>\n<Keywords>0x4000000000000000</Keywords>\n<TimeCreated SystemTime=\"2014-01-25 01:50:15.935827+00:00\"></TimeCreated>\n<EventRecordID>1098</EventRecordID>\n<Correlation ActivityID=\"{0f2de7fd-02d2-49d1-9937-8d960be28e1a}\" RelatedActivityID=\"\"></Correlation>\n<Execution ProcessID=\"888\" ThreadID=\"2088\"></Execution>\n<Channel>Microsoft-Windows-Bits-Client/Operational</Channel>\n<Computer>IACIS-HDD-2014</Computer>\n<Security UserID=\"S-1-5-18\"></Security>\n</System>\n<EventData><Data Name=\"transferId\">{0f2de7fd-02d2-49d1-9937-8d960be28e1a}</Data>\n<Data Name=\"name\">WU Client Download</Data>\n<Data Name=\"Id\">{d92087a7-40f3-4fd7-ad4d-6bdc59e7e462}</Data>\n<Data Name=\"url\">http://download.windowsupdate.com/msdownload/update/software/secu/2012/11/windows6.1-kb2770660-x64_f3f9666d34e14ee20a729b40a28a59e290907815.psf</Data>\n<Data Name=\"peer\"></Data>\n<Data Name=\"hr\">0</Data>\n<Data Name=\"fileTime\">2012-11-20 05:40:02+00:00</Data>\n<Data Name=\"fileLength\">7512807</Data>\n<Data Name=\"bytesTotal\">1852</Data>\n<Data Name=\"bytesTransferred\">1852</Data>\n<Data Name=\"proxy\"></Data>\n<Data Name=\"peerProtocolFlags\">0</Data>\n<Data Name=\"bytesTransferredFromPeer\">0</Data>\n<Data Name=\"AdditionalInfoHr\">0</Data>\n<Data Name=\"PeerContextInfo\">0</Data>\n<Data Name=\"bandwidthLimit\">18446744073709551615</Data>\n<Data Name=\"ignoreBandwidthLimitsOnLan\">False</Data>\n</EventData>\n</Event>\n"
  },
  {
    "EventID": 60,
    "Timestamp": "2014-01-25 01:50:15.967026+00:00",
    "Computer": "IACIS-HDD-2014",
    "Channel": "Microsoft-Windows-Bits-Client/Operational",
    "Level": "Information",
    "EventData": {
      "transferId": "{6f4bdcc0-d66d-4ba4-8506-2aee555a6eaf}",
      "name": "WU Client Download",
      "Id": "{acb4800c-05e4-4ed6-837b-7b06d2cdc465}",
      "url": "http://download.windowsupdate.com/msdownload/update/software/secu/2013/12/windows6.1-kb2862330-v2-x64_beb4077f1fb7a36b5bf30326a6000c1e4be73ca5.psf",
      "peer": "",
      "hr": "0",
      "fileTime": "2013-12-04 21:10:56+00:00",
      "fileLength": "3847018",
      "bytesTotal": "15599",
      "bytesTransferred": "15599",
      "proxy": "",
      "peerProtocolFlags": "0",
      "bytesTransferredFromPeer": "0",
      "AdditionalInfoHr": "0",
      "PeerContextInfo": "0",
      "bandwidthLimit": "18446744073709551615",
      "ignoreBandwidthLimitsOnLan": "False"
    },
    "RawXml": "<Event xmlns=\"http://schemas.microsoft.com/win/2004/08/events/event\"><System><Provider Name=\"Microsoft-Windows-Bits-Client\" Guid=\"{ef1cc15b-46c1-414e-bb95-e76b077bd51e}\"></Provider>\n<EventID Qualifiers=\"\">60</EventID>\n<Version>1</Version>\n<Level>4</Level>\n<Task>0</Task>\n<Opcode>2</Opcode>\n<Keywords>0x4000000000000000</Keywords>\n<TimeCreated SystemTime=\"2014-01-25 01:50:15.967026+00:00\"></TimeCreated>\n<EventRecordID>1099</EventRecordID>\n<Correlation ActivityID=\"{6f4bdcc0-d66d-4ba4-8506-2aee555a6eaf}\" RelatedActivityID=\"\"></Correlation>\n<Execution ProcessID=\"888\" ThreadID=\"2480\"></Execution>\n<Channel>Microsoft-Windows-Bits-Client/Operational</Channel>\n<Computer>IACIS-HDD-2014</Computer>\n<Security UserID=\"S-1-5-18\"></Security>\n</System>\n<EventData><Data Name=\"transferId\">{6f4bdcc0-d66d-4ba4-8506-2aee555a6eaf}</Data>\n<Data Name=\"name\">WU Client Download</Data>\n<Data Name=\"Id\">{acb4800c-05e4-4ed6-837b-7b06d2cdc465}</Data>\n<Data Name=\"url\">http://download.windowsupdate.com/msdownload/update/software/secu/2013/12/windows6.1-kb2862330-v2-x64_beb4077f1fb7a36b5bf30326a6000c1e4be73ca5.psf</Data>\n<Data Name=\"peer\"></Data>\n<Data Name=\"hr\">0</Data>\n<Data Name=\"fileTime\">2013-12-04 21:10:56+00:00</Data>\n<Data Name=\"fileLength\">3847018</Data>\n<Data Name=\"bytesTotal\">15599</Data>\n<Data Name=\"bytesTransferred\">15599</Data>\n<Data Name=\"proxy\"></Data>\n<Data Name=\"peerProtocolFlags\">0</Data>\n<Data Name=\"bytesTransferredFromPeer\">0</Data>\n<Data Name=\"AdditionalInfoHr\">0</Data>\n<Data Name=\"PeerContextInfo\">0</Data>\n<Data Name=\"bandwidthLimit\">18446744073709551615</Data>\n<Data Name=\"ignoreBandwidthLimitsOnLan\">False</Data>\n</EventData>\n</Event>\n"
  },
  {
    "EventID": 60,
    "Timestamp": "2014-01-25 01:50:15.998226+00:00",
    "Computer": "IACIS-HDD-2014",
    "Channel": "Microsoft-Windows-Bits-Client/Operational",
    "Level": "Information",
    "EventData": {
      "transferId": "{010632c7-1c4a-4a46-b4f2-ceb30af76618}",
      "name": "WU Client Download",
      "Id": "{ef78c9b7-8de0-4a90-aba2-cd3073327b61}",
      "url": "http://download.windowsupdate.com/msdownload/update/software/secu/2013/02/windows6.1-kb2807986-x64_a46756af5226d3c19213489a67b4e9a656f29294.psf",
      "peer": "",
      "hr": "0",
      "fileTime": "2013-02-20 08:53:38+00:00",
      "fileLength": "714010",
      "bytesTotal": "4080",
      "bytesTransferred": "4080",
      "proxy": "",
      "peerProtocolFlags": "0",
      "bytesTransferredFromPeer": "0",
      "AdditionalInfoHr": "0",
      "PeerContextInfo": "0",
      "bandwidthLimit": "18446744073709551615",
      "ignoreBandwidthLimitsOnLan": "False"
    },
    "RawXml": "<Event xmlns=\"http://schemas.microsoft.com/win/2004/08/events/event\"><System><Provider Name=\"Microsoft-Windows-Bits-Client\" Guid=\"{ef1cc15b-46c1-414e-bb95-e76b077bd51e}\"></Provider>\n<EventID Qualifiers=\"\">60</EventID>\n<Version>1</Version>\n<Level>4</Level>\n<Task>0</Task>\n<Opcode>2</Opcode>\n<Keywords>0x4000000000000000</Keywords>\n<TimeCreated SystemTime=\"2014-01-25 01:50:15.998226+00:00\"></TimeCreated>\n<EventRecordID>1100</EventRecordID>\n<Correlation ActivityID=\"{010632c7-1c4a-4a46-b4f2-ceb30af76618}\" RelatedActivityID=\"\"></Correlation>\n<Execution ProcessID=\"888\" ThreadID=\"1528\"></Execution>\n<Channel>Microsoft-Windows-Bits-Client/Operational</Channel>\n<Computer>IACIS-HDD-2014</Computer>\n<Security UserID=\"S-1-5-18\"></Security>\n</System>\n<EventData><Data Name=\"transferId\">{010632c7-1c4a-4a46-b4f2-ceb30af76618}</Data>\n<Data Name=\"name\">WU Client Download</Data>\n<Data Name=\"Id\">{ef78c9b7-8de0-4a90-aba2-cd3073327b61}</Data>\n<Data Name=\"url\">http://download.windowsupdate.com/msdownload/update/software/secu/2013/02/windows6.1-kb2807986-x64_a46756af5226d3c19213489a67b4e9a656f29294.psf</Data>\n<Data Name=\"peer\"></Data>\n<Data Name=\"hr\">0</Data>\n<Data Name=\"fileTime\">2013-02-20 08:53:38+00:00</Data>\n<Data Name=\"fileLength\">714010</Data>\n<Data Name=\"bytesTotal\">4080</Data>\n<Data Name=\"bytesTransferred\">4080</Data>\n<Data Name=\"proxy\"></Data>\n<Data Name=\"peerProtocolFlags\">0</Data>\n<Data Name=\"bytesTransferredFromPeer\">0</Data>\n<Data Name=\"AdditionalInfoHr\">0</Data>\n<Data Name=\"PeerContextInfo\">0</Data>\n<Data Name=\"bandwidthLimit\">18446744073709551615</Data>\n<Data Name=\"ignoreBandwidthLimitsOnLan\">False</Data>\n</EventData>\n</Event>\n"
  },
  {
    "EventID": 60,
    "Timestamp": "2014-01-25 01:50:16.029427+00:00",
    "Computer": "IACIS-HDD-2014",
    "Channel": "Microsoft-Windows-Bits-Client/Operational",
    "Level": "Information",
    "EventData": {
      "transferId": "{ea2de895-7313-48d3-ba2b-6ccce468f2ba}",
      "name": "WU Client Download",
      "Id": "{9e96784d-19b9-4bfe-9676-3b997b5b4ced}",
      "url": "http://download.windowsupdate.com/msdownload/update/software/secu/2012/05/windows6.1-kb2685939-x64_87a3833a2a601f0a2f8c81e9a9ac6325e8d13d2d.psf",
      "peer": "",
      "hr": "0",
      "fileTime": "2012-05-31 04:15:27+00:00",
      "fileLength": "6177542",
      "bytesTotal": "23552",
      "bytesTransferred": "23552",
      "proxy": "",
      "peerProtocolFlags": "0",
      "bytesTransferredFromPeer": "0",
      "AdditionalInfoHr": "0",
      "PeerContextInfo": "0",
      "bandwidthLimit": "18446744073709551615",
      "ignoreBandwidthLimitsOnLan": "False"
    },
    "RawXml": "<Event xmlns=\"http://schemas.microsoft.com/win/2004/08/events/event\"><System><Provider Name=\"Microsoft-Windows-Bits-Client\" Guid=\"{ef1cc15b-46c1-414e-bb95-e76b077bd51e}\"></Provider>\n<EventID Qualifiers=\"\">60</EventID>\n<Version>1</Version>\n<Level>4</Level>\n<Task>0</Task>\n<Opcode>2</Opcode>\n<Keywords>0x4000000000000000</Keywords>\n<TimeCreated SystemTime=\"2014-01-25 01:50:16.029427+00:00\"></TimeCreated>\n<EventRecordID>1101</EventRecordID>\n<Correlation ActivityID=\"{ea2de895-7313-48d3-ba2b-6ccce468f2ba}\" RelatedActivityID=\"\"></Correlation>\n<Execution ProcessID=\"888\" ThreadID=\"2260\"></Execution>\n<Channel>Microsoft-Windows-Bits-Client/Operational</Channel>\n<Computer>IACIS-HDD-2014</Computer>\n<Security UserID=\"S-1-5-18\"></Security>\n</System>\n<EventData><Data Name=\"transferId\">{ea2de895-7313-48d3-ba2b-6ccce468f2ba}</Data>\n<Data Name=\"name\">WU Client Download</Data>\n<Data Name=\"Id\">{9e96784d-19b9-4bfe-9676-3b997b5b4ced}</Data>\n<Data Name=\"url\">http://download.windowsupdate.com/msdownload/update/software/secu/2012/05/windows6.1-kb2685939-x64_87a3833a2a601f0a2f8c81e9a9ac6325e8d13d2d.psf</Data>\n<Data Name=\"peer\"></Data>\n<Data Name=\"hr\">0</Data>\n<Data Name=\"fileTime\">2012-05-31 04:15:27+00:00</Data>\n<Data Name=\"fileLength\">6177542</Data>\n<Data Name=\"bytesTotal\">23552</Data>\n<Data Name=\"bytesTransferred\">23552</Data>\n<Data Name=\"proxy\"></Data>\n<Data Name=\"peerProtocolFlags\">0</Data>\n<Data Name=\"bytesTransferredFromPeer\">0</Data>\n<Data Name=\"AdditionalInfoHr\">0</Data>\n<Data Name=\"PeerContextInfo\">0</Data>\n<Data Name=\"bandwidthLimit\">18446744073709551615</Data>\n<Data Name=\"ignoreBandwidthLimitsOnLan\">False</Data>\n</EventData>\n</Event>\n"
  },
  {
    "EventID": 60,
    "Timestamp": "2014-01-25 01:50:16.060629+00:00",
    "Computer": "IACIS-HDD-2014",
    "Channel": "Microsoft-Windows-Bits-Client/Operational",
    "Level": "Information",
    "EventData": {
      "transferId": "{72a0980c-77eb-42df-870c-2230298ca0da}",
      "name": "WU Client Download",
      "Id": "{e3b7ba4e-2138-41f8-9f1d-34675beab629}",
      "url": "http://download.windowsupdate.com/msdownload/update/software/secu/2011/03/windows6.1-kb2506212-x64_e9d5fd1f4e2ad662b0ee19e920c2a3cc5701daed.psf",
      "peer": "",
      "hr": "0",
      "fileTime": "2011-03-16 01:10:49+00:00",
      "fileLength": "21493607",
      "bytesTotal": "152109",
      "bytesTransferred": "152109",
      "proxy": "",
      "peerProtocolFlags": "0",
      "bytesTransferredFromPeer": "0",
      "AdditionalInfoHr": "0",
      "PeerContextInfo": "0",
      "bandwidthLimit": "18446744073709551615",
      "ignoreBandwidthLimitsOnLan": "False"
    },
    "RawXml": "<Event xmlns=\"http://schemas.microsoft.com/win/2004/08/events/event\"><System><Provider Name=\"Microsoft-Windows-Bits-Client\" Guid=\"{ef1cc15b-46c1-414e-bb95-e76b077bd51e}\"></Provider>\n<EventID Qualifiers=\"\">60</EventID>\n<Version>1</Version>\n<Level>4</Level>\n<Task>0</Task>\n<Opcode>2</Opcode>\n<Keywords>0x4000000000000000</Keywords>\n<TimeCreated SystemTime=\"2014-01-25 01:50:16.060629+00:00\"></TimeCreated>\n<EventRecordID>1102</EventRecordID>\n<Correlation ActivityID=\"{72a0980c-77eb-42df-870c-2230298ca0da}\" RelatedActivityID=\"\"></Correlation>\n<Execution ProcessID=\"888\" ThreadID=\"1016\"></Execution>\n<Channel>Microsoft-Windows-Bits-Client/Operational</Channel>\n<Computer>IACIS-HDD-2014</Computer>\n<Security UserID=\"S-1-5-18\"></Security>\n</System>\n<EventData><Data Name=\"transferId\">{72a0980c-77eb-42df-870c-2230298ca0da}</Data>\n<Data Name=\"name\">WU Client Download</Data>\n<Data Name=\"Id\">{e3b7ba4e-2138-41f8-9f1d-34675beab629}</Data>\n<Data Name=\"url\">http://download.windowsupdate.com/msdownload/update/software/secu/2011/03/windows6.1-kb2506212-x64_e9d5fd1f4e2ad662b0ee19e920c2a3cc5701daed.psf</Data>\n<Data Name=\"peer\"></Data>\n<Data Name=\"hr\">0</Data>\n<Data Name=\"fileTime\">2011-03-16 01:10:49+00:00</Data>\n<Data Name=\"fileLength\">21493607</Data>\n<Data Name=\"bytesTotal\">152109</Data>\n<Data Name=\"bytesTransferred\">152109</Data>\n<Data Name=\"proxy\"></Data>\n<Data Name=\"peerProtocolFlags\">0</Data>\n<Data Name=\"bytesTransferredFromPeer\">0</Data>\n<Data Name=\"AdditionalInfoHr\">0</Data>\n<Data Name=\"PeerContextInfo\">0</Data>\n<Data Name=\"bandwidthLimit\">18446744073709551615</Data>\n<Data Name=\"ignoreBandwidthLimitsOnLan\">False</Data>\n</EventData>\n</Event>\n"
  },
  {
    "EventID": 60,
    "Timestamp": "2014-01-25 01:50:16.091827+00:00",
    "Computer": "IACIS-HDD-2014",
    "Channel": "Microsoft-Windows-Bits-Client/Operational",
    "Level": "Information",
    "EventData": {
      "transferId": "{97a6c7b2-f0b3-4a8c-b4cd-1cfc34628369}",
      "name": "WU Client Download",
      "Id": "{c5e23dbb-90ad-4e63-b9d5-61ae56f5c1a8}",
      "url": "http://download.windowsupdate.com/msdownload/update/software/secu/2012/12/windows6.1-kb2785220-x64_ffcc8580b3d69d82e43d6a98f5f810614e5117a8.psf",
      "peer": "",
      "hr": "0",
      "fileTime": "2012-12-10 18:01:30+00:00",
      "fileLength": "5707488",
      "bytesTotal": "19589",
      "bytesTransferred": "19589",
      "proxy": "",
      "peerProtocolFlags": "0",
      "bytesTransferredFromPeer": "0",
      "AdditionalInfoHr": "0",
      "PeerContextInfo": "0",
      "bandwidthLimit": "18446744073709551615",
      "ignoreBandwidthLimitsOnLan": "False"
    },
    "RawXml": "<Event xmlns=\"http://schemas.microsoft.com/win/2004/08/events/event\"><System><Provider Name=\"Microsoft-Windows-Bits-Client\" Guid=\"{ef1cc15b-46c1-414e-bb95-e76b077bd51e}\"></Provider>\n<EventID Qualifiers=\"\">60</EventID>\n<Version>1</Version>\n<Level>4</Level>\n<Task>0</Task>\n<Opcode>2</Opcode>\n<Keywords>0x4000000000000000</Keywords>\n<TimeCreated SystemTime=\"2014-01-25 01:50:16.091827+00:00\"></TimeCreated>\n<EventRecordID>1103</EventRecordID>\n<Correlation ActivityID=\"{97a6c7b2-f0b3-4a8c-b4cd-1cfc34628369}\" RelatedActivityID=\"\"></Correlation>\n<Execution ProcessID=\"888\" ThreadID=\"2748\"></Execution>\n<Channel>Microsoft-Windows-Bits-Client/Operational</Channel>\n<Computer>IACIS-HDD-2014</Computer>\n<Security UserID=\"S-1-5-18\"></Security>\n</System>\n<EventData><Data Name=\"transferId\">{97a6c7b2-f0b3-4a8c-b4cd-1cfc34628369}</Data>\n<Data Name=\"name\">WU Client Download</Data>\n<Data Name=\"Id\">{c5e23dbb-90ad-4e63-b9d5-61ae56f5c1a8}</Data>\n<Data Name=\"url\">http://download.windowsupdate.com/msdownload/update/software/secu/2012/12/windows6.1-kb2785220-x64_ffcc8580b3d69d82e43d6a98f5f810614e5117a8.psf</Data>\n<Data Name=\"peer\"></Data>\n<Data Name=\"hr\">0</Data>\n<Data Name=\"fileTime\">2012-12-10 18:01:30+00:00</Data>\n<Data Name=\"fileLength\">5707488</Data>\n<Data Name=\"bytesTotal\">19589</Data>\n<Data Name=\"bytesTransferred\">19589</Data>\n<Data Name=\"proxy\"></Data>\n<Data Name=\"peerProtocolFlags\">0</Data>\n<Data Name=\"bytesTransferredFromPeer\">0</Data>\n<Data Name=\"AdditionalInfoHr\">0</Data>\n<Data Name=\"PeerContextInfo\">0</Data>\n<Data Name=\"bandwidthLimit\">18446744073709551615</Data>\n<Data Name=\"ignoreBandwidthLimitsOnLan\">False</Data>\n</EventData>\n</Event>\n"
  },
  {
    "EventID": 60,
    "Timestamp": "2014-01-25 01:50:16.154228+00:00",
    "Computer": "IACIS-HDD-2014",
    "Channel": "Microsoft-Windows-Bits-Client/Operational",
    "Level": "Information",
    "EventData": {
      "transferId": "{7171a057-3614-48e7-ac6c-87733848dd8e}",
      "name": "WU Client Download",
      "Id": "{27419148-a2e3-4add-a464-5b8cd2e86993}",
      "url": "http://download.windowsupdate.com/msdownload/update/software/secu/2011/05/windows6.1-kb2536275-x64_35887e700d78c7ce2c65a0a41a5ed399397d6f28.psf",
      "peer": "",
      "hr": "0",
      "fileTime": "2011-05-25 03:09:31+00:00",
      "fileLength": "9170532",
      "bytesTotal": "125625",
      "bytesTransferred": "125625",
      "proxy": "",
      "peerProtocolFlags": "0",
      "bytesTransferredFromPeer": "0",
      "AdditionalInfoHr": "0",
      "PeerContextInfo": "0",
      "bandwidthLimit": "18446744073709551615",
      "ignoreBandwidthLimitsOnLan": "False"
    },
    "RawXml": "<Event xmlns=\"http://schemas.microsoft.com/win/2004/08/events/event\"><System><Provider Name=\"Microsoft-Windows-Bits-Client\" Guid=\"{ef1cc15b-46c1-414e-bb95-e76b077bd51e}\"></Provider>\n<EventID Qualifiers=\"\">60</EventID>\n<Version>1</Version>\n<Level>4</Level>\n<Task>0</Task>\n<Opcode>2</Opcode>\n<Keywords>0x4000000000000000</Keywords>\n<TimeCreated SystemTime=\"2014-01-25 01:50:16.154228+00:00\"></TimeCreated>\n<EventRecordID>1104</EventRecordID>\n<Correlation ActivityID=\"{7171a057-3614-48e7-ac6c-87733848dd8e}\" RelatedActivityID=\"\"></Correlation>\n<Execution ProcessID=\"888\" ThreadID=\"1348\"></Execution>\n<Channel>Microsoft-Windows-Bits-Client/Operational</Channel>\n<Computer>IACIS-HDD-2014</Computer>\n<Security UserID=\"S-1-5-18\"></Security>\n</System>\n<EventData><Data Name=\"transferId\">{7171a057-3614-48e7-ac6c-87733848dd8e}</Data>\n<Data Name=\"name\">WU Client Download</Data>\n<Data Name=\"Id\">{27419148-a2e3-4add-a464-5b8cd2e86993}</Data>\n<Data Name=\"url\">http://download.windowsupdate.com/msdownload/update/software/secu/2011/05/windows6.1-kb2536275-x64_35887e700d78c7ce2c65a0a41a5ed399397d6f28.psf</Data>\n<Data Name=\"peer\"></Data>\n<Data Name=\"hr\">0</Data>\n<Data Name=\"fileTime\">2011-05-25 03:09:31+00:00</Data>\n<Data Name=\"fileLength\">9170532</Data>\n<Data Name=\"bytesTotal\">125625</Data>\n<Data Name=\"bytesTransferred\">125625</Data>\n<Data Name=\"proxy\"></Data>\n<Data Name=\"peerProtocolFlags\">0</Data>\n<Data Name=\"bytesTransferredFromPeer\">0</Data>\n<Data Name=\"AdditionalInfoHr\">0</Data>\n<Data Name=\"PeerContextInfo\">0</Data>\n<Data Name=\"bandwidthLimit\">18446744073709551615</Data>\n<Data Name=\"ignoreBandwidthLimitsOnLan\">False</Data>\n</EventData>\n</Event>\n"
  },
  {
    "EventID": 60,
    "Timestamp": "2014-01-25 01:50:16.201029+00:00",
    "Computer": "IACIS-HDD-2014",
    "Channel": "Microsoft-Windows-Bits-Client/Operational",
    "Level": "Information",
    "EventData": {
      "transferId": "{471a5629-7235-4621-a6b5-a6573d537c94}",
      "name": "WU Client Download",
      "Id": "{18dcc4b4-2ae0-4a03-be94-80e9de6f1b99}",
      "url": "http://download.windowsupdate.com/msdownload/update/software/secu/2013/09/windows6.1-kb2862335-x64_34d4e0c8a2cff4ee5ee7ca0d8d78661fd41c4f06.psf",
      "peer": "",
      "hr": "0",
      "fileTime": "2013-09-09 16:24:51+00:00",
      "fileLength": "1579277",
      "bytesTotal": "5042",
      "bytesTransferred": "5042",
      "proxy": "",
      "peerProtocolFlags": "0",
      "bytesTransferredFromPeer": "0",
      "AdditionalInfoHr": "0",
      "PeerContextInfo": "0",
      "bandwidthLimit": "18446744073709551615",
      "ignoreBandwidthLimitsOnLan": "False"
    },
    "RawXml": "<Event xmlns=\"http://schemas.microsoft.com/win/2004/08/events/event\"><System><Provider Name=\"Microsoft-Windows-Bits-Client\" Guid=\"{ef1cc15b-46c1-414e-bb95-e76b077bd51e}\"></Provider>\n<EventID Qualifiers=\"\">60</EventID>\n<Version>1</Version>\n<Level>4</Level>\n<Task>0</Task>\n<Opcode>2</Opcode>\n<Keywords>0x4000000000000000</Keywords>\n<TimeCreated SystemTime=\"2014-01-25 01:50:16.201029+00:00\"></TimeCreated>\n<EventRecordID>1105</EventRecordID>\n<Correlation ActivityID=\"{471a5629-7235-4621-a6b5-a6573d537c94}\" RelatedActivityID=\"\"></Correlation>\n<Execution ProcessID=\"888\" ThreadID=\"2380\"></Execution>\n<Channel>Microsoft-Windows-Bits-Client/Operational</Channel>\n<Computer>IACIS-HDD-2014</Computer>\n<Security UserID=\"S-1-5-18\"></Security>\n</System>\n<EventData><Data Name=\"transferId\">{471a5629-7235-4621-a6b5-a6573d537c94}</Data>\n<Data Name=\"name\">WU Client Download</Data>\n<Data Name=\"Id\">{18dcc4b4-2ae0-4a03-be94-80e9de6f1b99}</Data>\n<Data Name=\"url\">http://download.windowsupdate.com/msdownload/update/software/secu/2013/09/windows6.1-kb2862335-x64_34d4e0c8a2cff4ee5ee7ca0d8d78661fd41c4f06.psf</Data>\n<Data Name=\"peer\"></Data>\n<Data Name=\"hr\">0</Data>\n<Data Name=\"fileTime\">2013-09-09 16:24:51+00:00</Data>\n<Data Name=\"fileLength\">1579277</Data>\n<Data Name=\"bytesTotal\">5042</Data>\n<Data Name=\"bytesTransferred\">5042</Data>\n<Data Name=\"proxy\"></Data>\n<Data Name=\"peerProtocolFlags\">0</Data>\n<Data Name=\"bytesTransferredFromPeer\">0</Data>\n<Data Name=\"AdditionalInfoHr\">0</Data>\n<Data Name=\"PeerContextInfo\">0</Data>\n<Data Name=\"bandwidthLimit\">18446744073709551615</Data>\n<Data Name=\"ignoreBandwidthLimitsOnLan\">False</Data>\n</EventData>\n</Event>\n"
  },
  {
    "EventID": 60,
    "Timestamp": "2014-01-25 01:50:16.247828+00:00",
    "Computer": "IACIS-HDD-2014",
    "Channel": "Microsoft-Windows-Bits-Client/Operational",
    "Level": "Information",
    "EventData": {
      "transferId": "{f915e0af-4f64-437d-97ed-106cf6665ab0}",
      "name": "WU Client Download",
      "Id": "{2c57fa40-1b39-4186-82b2-6364b6478e0c}",
      "url": "http://download.windowsupdate.com/msdownload/update/software/secu/2011/09/windows6.1-kb2579686-x64_1026f937305786e0d469cd40a79593844fad0793.psf",
      "peer": "",
      "hr": "0",
      "fileTime": "2011-09-16 20:07:01+00:00",
      "fileLength": "17844154",
      "bytesTotal": "31995",
      "bytesTransferred": "31995",
      "proxy": "",
      "peerProtocolFlags": "0",
      "bytesTransferredFromPeer": "0",
      "AdditionalInfoHr": "0",
      "PeerContextInfo": "0",
      "bandwidthLimit": "18446744073709551615",
      "ignoreBandwidthLimitsOnLan": "False"
    },
    "RawXml": "<Event xmlns=\"http://schemas.microsoft.com/win/2004/08/events/event\"><System><Provider Name=\"Microsoft-Windows-Bits-Client\" Guid=\"{ef1cc15b-46c1-414e-bb95-e76b077bd51e}\"></Provider>\n<EventID Qualifiers=\"\">60</EventID>\n<Version>1</Version>\n<Level>4</Level>\n<Task>0</Task>\n<Opcode>2</Opcode>\n<Keywords>0x4000000000000000</Keywords>\n<TimeCreated SystemTime=\"2014-01-25 01:50:16.247828+00:00\"></TimeCreated>\n<EventRecordID>1106</EventRecordID>\n<Correlation ActivityID=\"{f915e0af-4f64-437d-97ed-106cf6665ab0}\" RelatedActivityID=\"\"></Correlation>\n<Execution ProcessID=\"888\" ThreadID=\"2348\"></Execution>\n<Channel>Microsoft-Windows-Bits-Client/Operational</Channel>\n<Computer>IACIS-HDD-2014</Computer>\n<Security UserID=\"S-1-5-18\"></Security>\n</System>\n<EventData><Data Name=\"transferId\">{f915e0af-4f64-437d-97ed-106cf6665ab0}</Data>\n<Data Name=\"name\">WU Client Download</Data>\n<Data Name=\"Id\">{2c57fa40-1b39-4186-82b2-6364b6478e0c}</Data>\n<Data Name=\"url\">http://download.windowsupdate.com/msdownload/update/software/secu/2011/09/windows6.1-kb2579686-x64_1026f937305786e0d469cd40a79593844fad0793.psf</Data>\n<Data Name=\"peer\"></Data>\n<Data Name=\"hr\">0</Data>\n<Data Name=\"fileTime\">2011-09-16 20:07:01+00:00</Data>\n<Data Name=\"fileLength\">17844154</Data>\n<Data Name=\"bytesTotal\">31995</Data>\n<Data Name=\"bytesTransferred\">31995</Data>\n<Data Name=\"proxy\"></Data>\n<Data Name=\"peerProtocolFlags\">0</Data>\n<Data Name=\"bytesTransferredFromPeer\">0</Data>\n<Data Name=\"AdditionalInfoHr\">0</Data>\n<Data Name=\"PeerContextInfo\">0</Data>\n<Data Name=\"bandwidthLimit\">18446744073709551615</Data>\n<Data Name=\"ignoreBandwidthLimitsOnLan\">False</Data>\n</EventData>\n</Event>\n"
  },
  {
    "EventID": 60,
    "Timestamp": "2014-01-25 01:50:16.310228+00:00",
    "Computer": "IACIS-HDD-2014",
    "Channel": "Microsoft-Windows-Bits-Client/Operational",
    "Level": "Information",
    "EventData": {
      "transferId": "{06591734-01c0-40cf-a4c5-5147dbfd61fa}",
      "name": "WU Client Download",
      "Id": "{0f8b5443-9fac-4277-92fa-f7409c51311f}",
      "url": "http://download.windowsupdate.com/msdownload/update/software/secu/2013/08/windows6.1-kb2863240-x64_364e54ef60bae1b55e2f5d95e21332f6f64a5228.psf",
      "peer": "",
      "hr": "0",
      "fileTime": "2013-08-19 22:38:22+00:00",
      "fileLength": "2010041",
      "bytesTotal": "5771",
      "bytesTransferred": "5771",
      "proxy": "",
      "peerProtocolFlags": "0",
      "bytesTransferredFromPeer": "0",
      "AdditionalInfoHr": "0",
      "PeerContextInfo": "0",
      "bandwidthLimit": "18446744073709551615",
      "ignoreBandwidthLimitsOnLan": "False"
    },
    "RawXml": "<Event xmlns=\"http://schemas.microsoft.com/win/2004/08/events/event\"><System><Provider Name=\"Microsoft-Windows-Bits-Client\" Guid=\"{ef1cc15b-46c1-414e-bb95-e76b077bd51e}\"></Provider>\n<EventID Qualifiers=\"\">60</EventID>\n<Version>1</Version>\n<Level>4</Level>\n<Task>0</Task>\n<Opcode>2</Opcode>\n<Keywords>0x4000000000000000</Keywords>\n<TimeCreated SystemTime=\"2014-01-25 01:50:16.310228+00:00\"></TimeCreated>\n<EventRecordID>1107</EventRecordID>\n<Correlation ActivityID=\"{06591734-01c0-40cf-a4c5-5147dbfd61fa}\" RelatedActivityID=\"\"></Correlation>\n<Execution ProcessID=\"888\" ThreadID=\"2568\"></Execution>\n<Channel>Microsoft-Windows-Bits-Client/Operational</Channel>\n<Computer>IACIS-HDD-2014</Computer>\n<Security UserID=\"S-1-5-18\"></Security>\n</System>\n<EventData><Data Name=\"transferId\">{06591734-01c0-40cf-a4c5-5147dbfd61fa}</Data>\n<Data Name=\"name\">WU Client Download</Data>\n<Data Name=\"Id\">{0f8b5443-9fac-4277-92fa-f7409c51311f}</Data>\n<Data Name=\"url\">http://download.windowsupdate.com/msdownload/update/software/secu/2013/08/windows6.1-kb2863240-x64_364e54ef60bae1b55e2f5d95e21332f6f64a5228.psf</Data>\n<Data Name=\"peer\"></Data>\n<Data Name=\"hr\">0</Data>\n<Data Name=\"fileTime\">2013-08-19 22:38:22+00:00</Data>\n<Data Name=\"fileLength\">2010041</Data>\n<Data Name=\"bytesTotal\">5771</Data>\n<Data Name=\"bytesTransferred\">5771</Data>\n<Data Name=\"proxy\"></Data>\n<Data Name=\"peerProtocolFlags\">0</Data>\n<Data Name=\"bytesTransferredFromPeer\">0</Data>\n<Data Name=\"AdditionalInfoHr\">0</Data>\n<Data Name=\"PeerContextInfo\">0</Data>\n<Data Name=\"bandwidthLimit\">18446744073709551615</Data>\n<Data Name=\"ignoreBandwidthLimitsOnLan\">False</Data>\n</EventData>\n</Event>\n"
  },
  {
    "EventID": 60,
    "Timestamp": "2014-01-25 01:50:16.357029+00:00",
    "Computer": "IACIS-HDD-2014",
    "Channel": "Microsoft-Windows-Bits-Client/Operational",
    "Level": "Information",
    "EventData": {
      "transferId": "{691237a6-68f5-4943-9939-d31932acad59}",
      "name": "WU Client Download",
      "Id": "{6dffae1c-ed79-44a6-bb56-31a2aac0f9cd}",
      "url": "http://download.windowsupdate.com/msdownload/update/software/secu/2013/09/windows6.1-kb2847311-x64_3aa7fda613a2e104f2aa8c0ebcbc93e0ba8f5997.psf",
      "peer": "",
      "hr": "0",
      "fileTime": "2013-09-18 00:04:12+00:00",
      "fileLength": "7860490",
      "bytesTotal": "62732",
      "bytesTransferred": "62732",
      "proxy": "",
      "peerProtocolFlags": "0",
      "bytesTransferredFromPeer": "0",
      "AdditionalInfoHr": "0",
      "PeerContextInfo": "0",
      "bandwidthLimit": "18446744073709551615",
      "ignoreBandwidthLimitsOnLan": "False"
    },
    "RawXml": "<Event xmlns=\"http://schemas.microsoft.com/win/2004/08/events/event\"><System><Provider Name=\"Microsoft-Windows-Bits-Client\" Guid=\"{ef1cc15b-46c1-414e-bb95-e76b077bd51e}\"></Provider>\n<EventID Qualifiers=\"\">60</EventID>\n<Version>1</Version>\n<Level>4</Level>\n<Task>0</Task>\n<Opcode>2</Opcode>\n<Keywords>0x4000000000000000</Keywords>\n<TimeCreated SystemTime=\"2014-01-25 01:50:16.357029+00:00\"></TimeCreated>\n<EventRecordID>1108</EventRecordID>\n<Correlation ActivityID=\"{691237a6-68f5-4943-9939-d31932acad59}\" RelatedActivityID=\"\"></Correlation>\n<Execution ProcessID=\"888\" ThreadID=\"1476\"></Execution>\n<Channel>Microsoft-Windows-Bits-Client/Operational</Channel>\n<Computer>IACIS-HDD-2014</Computer>\n<Security UserID=\"S-1-5-18\"></Security>\n</System>\n<EventData><Data Name=\"transferId\">{691237a6-68f5-4943-9939-d31932acad59}</Data>\n<Data Name=\"name\">WU Client Download</Data>\n<Data Name=\"Id\">{6dffae1c-ed79-44a6-bb56-31a2aac0f9cd}</Data>\n<Data Name=\"url\">http://download.windowsupdate.com/msdownload/update/software/secu/2013/09/windows6.1-kb2847311-x64_3aa7fda613a2e104f2aa8c0ebcbc93e0ba8f5997.psf</Data>\n<Data Name=\"peer\"></Data>\n<Data Name=\"hr\">0</Data>\n<Data Name=\"fileTime\">2013-09-18 00:04:12+00:00</Data>\n<Data Name=\"fileLength\">7860490</Data>\n<Data Name=\"bytesTotal\">62732</Data>\n<Data Name=\"bytesTransferred\">62732</Data>\n<Data Name=\"proxy\"></Data>\n<Data Name=\"peerProtocolFlags\">0</Data>\n<Data Name=\"bytesTransferredFromPeer\">0</Data>\n<Data Name=\"AdditionalInfoHr\">0</Data>\n<Data Name=\"PeerContextInfo\">0</Data>\n<Data Name=\"bandwidthLimit\">18446744073709551615</Data>\n<Data Name=\"ignoreBandwidthLimitsOnLan\">False</Data>\n</EventData>\n</Event>\n"
  },
  {
    "EventID": 60,
    "Timestamp": "2014-01-25 01:50:16.403828+00:00",
    "Computer": "IACIS-HDD-2014",
    "Channel": "Microsoft-Windows-Bits-Client/Operational",
    "Level": "Information",
    "EventData": {
      "transferId": "{47369e3f-9d83-4b68-aaff-444b38be208f}",
      "name": "WU Client Download",
      "Id": "{126b46c9-1ba9-4ccb-9bd4-31bbb799f178}",
      "url": "http://download.windowsupdate.com/msdownload/update/software/secu/2012/12/windows6.1-kb2757638-x64_437827ecd5c230b03dcf5e82575122bf3d2043f7.psf",
      "peer": "",
      "hr": "0",
      "fileTime": "2012-12-10 17:04:58+00:00",
      "fileLength": "67377094",
      "bytesTotal": "192420",
      "bytesTransferred": "192420",
      "proxy": "",
      "peerProtocolFlags": "0",
      "bytesTransferredFromPeer": "0",
      "AdditionalInfoHr": "0",
      "PeerContextInfo": "0",
      "bandwidthLimit": "18446744073709551615",
      "ignoreBandwidthLimitsOnLan": "False"
    },
    "RawXml": "<Event xmlns=\"http://schemas.microsoft.com/win/2004/08/events/event\"><System><Provider Name=\"Microsoft-Windows-Bits-Client\" Guid=\"{ef1cc15b-46c1-414e-bb95-e76b077bd51e}\"></Provider>\n<EventID Qualifiers=\"\">60</EventID>\n<Version>1</Version>\n<Level>4</Level>\n<Task>0</Task>\n<Opcode>2</Opcode>\n<Keywords>0x4000000000000000</Keywords>\n<TimeCreated SystemTime=\"2014-01-25 01:50:16.403828+00:00\"></TimeCreated>\n<EventRecordID>1109</EventRecordID>\n<Correlation ActivityID=\"{47369e3f-9d83-4b68-aaff-444b38be208f}\" RelatedActivityID=\"\"></Correlation>\n<Execution ProcessID=\"888\" ThreadID=\"1848\"></Execution>\n<Channel>Microsoft-Windows-Bits-Client/Operational</Channel>\n<Computer>IACIS-HDD-2014</Computer>\n<Security UserID=\"S-1-5-18\"></Security>\n</System>\n<EventData><Data Name=\"transferId\">{47369e3f-9d83-4b68-aaff-444b38be208f}</Data>\n<Data Name=\"name\">WU Client Download</Data>\n<Data Name=\"Id\">{126b46c9-1ba9-4ccb-9bd4-31bbb799f178}</Data>\n<Data Name=\"url\">http://download.windowsupdate.com/msdownload/update/software/secu/2012/12/windows6.1-kb2757638-x64_437827ecd5c230b03dcf5e82575122bf3d2043f7.psf</Data>\n<Data Name=\"peer\"></Data>\n<Data Name=\"hr\">0</Data>\n<Data Name=\"fileTime\">2012-12-10 17:04:58+00:00</Data>\n<Data Name=\"fileLength\">67377094</Data>\n<Data Name=\"bytesTotal\">192420</Data>\n<Data Name=\"bytesTransferred\">192420</Data>\n<Data Name=\"proxy\"></Data>\n<Data Name=\"peerProtocolFlags\">0</Data>\n<Data Name=\"bytesTransferredFromPeer\">0</Data>\n<Data Name=\"AdditionalInfoHr\">0</Data>\n<Data Name=\"PeerContextInfo\">0</Data>\n<Data Name=\"bandwidthLimit\">18446744073709551615</Data>\n<Data Name=\"ignoreBandwidthLimitsOnLan\">False</Data>\n</EventData>\n</Event>\n"
  },
  {
    "EventID": 60,
    "Timestamp": "2014-01-25 01:50:16.435028+00:00",
    "Computer": "IACIS-HDD-2014",
    "Channel": "Microsoft-Windows-Bits-Client/Operational",
    "Level": "Information",
    "EventData": {
      "transferId": "{4f03d4ff-7d0e-4c51-87b4-9caa01fb9c92}",
      "name": "WU Client Download",
      "Id": "{f670d25a-0782-4119-99fa-63c00b3f6857}",
      "url": "http://download.windowsupdate.com/msdownload/update/software/secu/2013/05/windows6.1-kb2835364-x64_e690ad42fbd3695ec3ef9f401be91f6d303ccd93.psf",
      "peer": "",
      "hr": "0",
      "fileTime": "2013-05-22 21:36:25+00:00",
      "fileLength": "58263907",
      "bytesTotal": "541575",
      "bytesTransferred": "541575",
      "proxy": "",
      "peerProtocolFlags": "0",
      "bytesTransferredFromPeer": "0",
      "AdditionalInfoHr": "0",
      "PeerContextInfo": "0",
      "bandwidthLimit": "18446744073709551615",
      "ignoreBandwidthLimitsOnLan": "False"
    },
    "RawXml": "<Event xmlns=\"http://schemas.microsoft.com/win/2004/08/events/event\"><System><Provider Name=\"Microsoft-Windows-Bits-Client\" Guid=\"{ef1cc15b-46c1-414e-bb95-e76b077bd51e}\"></Provider>\n<EventID Qualifiers=\"\">60</EventID>\n<Version>1</Version>\n<Level>4</Level>\n<Task>0</Task>\n<Opcode>2</Opcode>\n<Keywords>0x4000000000000000</Keywords>\n<TimeCreated SystemTime=\"2014-01-25 01:50:16.435028+00:00\"></TimeCreated>\n<EventRecordID>1110</EventRecordID>\n<Correlation ActivityID=\"{4f03d4ff-7d0e-4c51-87b4-9caa01fb9c92}\" RelatedActivityID=\"\"></Correlation>\n<Execution ProcessID=\"888\" ThreadID=\"2180\"></Execution>\n<Channel>Microsoft-Windows-Bits-Client/Operational</Channel>\n<Computer>IACIS-HDD-2014</Computer>\n<Security UserID=\"S-1-5-18\"></Security>\n</System>\n<EventData><Data Name=\"transferId\">{4f03d4ff-7d0e-4c51-87b4-9caa01fb9c92}</Data>\n<Data Name=\"name\">WU Client Download</Data>\n<Data Name=\"Id\">{f670d25a-0782-4119-99fa-63c00b3f6857}</Data>\n<Data Name=\"url\">http://download.windowsupdate.com/msdownload/update/software/secu/2013/05/windows6.1-kb2835364-x64_e690ad42fbd3695ec3ef9f401be91f6d303ccd93.psf</Data>\n<Data Name=\"peer\"></Data>\n<Data Name=\"hr\">0</Data>\n<Data Name=\"fileTime\">2013-05-22 21:36:25+00:00</Data>\n<Data Name=\"fileLength\">58263907</Data>\n<Data Name=\"bytesTotal\">541575</Data>\n<Data Name=\"bytesTransferred\">541575</Data>\n<Data Name=\"proxy\"></Data>\n<Data Name=\"peerProtocolFlags\">0</Data>\n<Data Name=\"bytesTransferredFromPeer\">0</Data>\n<Data Name=\"AdditionalInfoHr\">0</Data>\n<Data Name=\"PeerContextInfo\">0</Data>\n<Data Name=\"bandwidthLimit\">18446744073709551615</Data>\n<Data Name=\"ignoreBandwidthLimitsOnLan\">False</Data>\n</EventData>\n</Event>\n"
  },
  {
    "EventID": 60,
    "Timestamp": "2014-01-25 01:50:16.466228+00:00",
    "Computer": "IACIS-HDD-2014",
    "Channel": "Microsoft-Windows-Bits-Client/Operational",
    "Level": "Information",
    "EventData": {
      "transferId": "{00f8c13b-17f1-4ff2-8dfc-15d6caa48b22}",
      "name": "WU Client Download",
      "Id": "{e4e81e1a-6041-4647-88d3-bf398bb1c070}",
      "url": "http://download.windowsupdate.com/msdownload/update/software/secu/2013/08/windows6.1-kb2861698-x64_c8d38d2ff23b240537b699da8d050cb90bc054d5.psf",
      "peer": "",
      "hr": "0",
      "fileTime": "2013-08-20 07:37:40+00:00",
      "fileLength": "6326804",
      "bytesTotal": "92086",
      "bytesTransferred": "92086",
      "proxy": "",
      "peerProtocolFlags": "0",
      "bytesTransferredFromPeer": "0",
      "AdditionalInfoHr": "0",
      "PeerContextInfo": "0",
      "bandwidthLimit": "18446744073709551615",
      "ignoreBandwidthLimitsOnLan": "False"
    },
    "RawXml": "<Event xmlns=\"http://schemas.microsoft.com/win/2004/08/events/event\"><System><Provider Name=\"Microsoft-Windows-Bits-Client\" Guid=\"{ef1cc15b-46c1-414e-bb95-e76b077bd51e}\"></Provider>\n<EventID Qualifiers=\"\">60</EventID>\n<Version>1</Version>\n<Level>4</Level>\n<Task>0</Task>\n<Opcode>2</Opcode>\n<Keywords>0x4000000000000000</Keywords>\n<TimeCreated SystemTime=\"2014-01-25 01:50:16.466228+00:00\"></TimeCreated>\n<EventRecordID>1111</EventRecordID>\n<Correlation ActivityID=\"{00f8c13b-17f1-4ff2-8dfc-15d6caa48b22}\" RelatedActivityID=\"\"></Correlation>\n<Execution ProcessID=\"888\" ThreadID=\"2196\"></Execution>\n<Channel>Microsoft-Windows-Bits-Client/Operational</Channel>\n<Computer>IACIS-HDD-2014</Computer>\n<Security UserID=\"S-1-5-18\"></Security>\n</System>\n<EventData><Data Name=\"transferId\">{00f8c13b-17f1-4ff2-8dfc-15d6caa48b22}</Data>\n<Data Name=\"name\">WU Client Download</Data>\n<Data Name=\"Id\">{e4e81e1a-6041-4647-88d3-bf398bb1c070}</Data>\n<Data Name=\"url\">http://download.windowsupdate.com/msdownload/update/software/secu/2013/08/windows6.1-kb2861698-x64_c8d38d2ff23b240537b699da8d050cb90bc054d5.psf</Data>\n<Data Name=\"peer\"></Data>\n<Data Name=\"hr\">0</Data>\n<Data Name=\"fileTime\">2013-08-20 07:37:40+00:00</Data>\n<Data Name=\"fileLength\">6326804</Data>\n<Data Name=\"bytesTotal\">92086</Data>\n<Data Name=\"bytesTransferred\">92086</Data>\n<Data Name=\"proxy\"></Data>\n<Data Name=\"peerProtocolFlags\">0</Data>\n<Data Name=\"bytesTransferredFromPeer\">0</Data>\n<Data Name=\"AdditionalInfoHr\">0</Data>\n<Data Name=\"PeerContextInfo\">0</Data>\n<Data Name=\"bandwidthLimit\">18446744073709551615</Data>\n<Data Name=\"ignoreBandwidthLimitsOnLan\">False</Data>\n</EventData>\n</Event>\n"
  },
