[
  {
    "EventID": 1002,
    "Timestamp": "2010-11-21 03:58:31.093172+00:00",
    "Computer": "37L4247F27-25",
    "Channel": "Microsoft-Windows-Resource-Exhaustion-Detector/Operational",
    "Level": "Information",
    "EventData": {},
    "RawXml": "<Event xmlns=\"http://schemas.microsoft.com/win/2004/08/events/event\"><System><Provider Name=\"Microsoft-Windows-Resource-Exhaustion-Detector\" Guid=\"{9988748e-c2e8-4054-85f6-0c3e1cad2470}\"></Provider>\n<EventID Qualifiers=\"\">1002</EventID>\n<Version>0</Version>\n<Level>4</Level>\n<Task>1</Task>\n<Opcode>12</Opcode>\n<Keywords>0x4000000010000000</Keywords>\n<TimeCreated SystemTime=\"2010-11-21 03:58:31.093172+00:00\"></TimeCreated>\n<EventRecordID>1</EventRecordID>\n<Correlation ActivityID=\"\" RelatedActivityID=\"\"></Correlation>\n<Execution ProcessID=\"1048\" ThreadID=\"1576\"></Execution>\n<Channel>Microsoft-Windows-Resource-Exhaustion-Detector/Operational</Channel>\n<Computer>37L4247F27-25</Computer>\n<Security UserID=\"S-1-5-19\"></Security>\n</System>\n<EventData></EventData>\n</Event>\n"
  },
  {
    "EventID": 1001,
    "Timestamp": "2014-01-25 01:27:53.895119+00:00",
    "Computer": "IACIS-HDD-2014",
    "Channel": "Microsoft-Windows-Resource-Exhaustion-Detector/Operational",
    "Level": "Information",
    "EventData": {},
    "RawXml": "<Event xmlns=\"http://schemas.microsoft.com/win/2004/08/events/event\"><System><Provider Name=\"Microsoft-Windows-Resource-Exhaustion-Detector\" Guid=\"{9988748e-c2e8-4054-85f6-0c3e1cad2470}\"></Provider>\n<EventID Qualifiers=\"\">1001</EventID>\n<Version>0</Version>\n<Level>4</Level>\n<Task>1</Task>\n<Opcode>11</Opcode>\n<Keywords>0x4000000010000000</Keywords>\n<TimeCreated SystemTime=\"2014-01-25 01:27:53.895119+00:00\"></TimeCreated>\n<EventRecordID>2</EventRecordID>\n<Correlation ActivityID=\"\" RelatedActivityID=\"\"></Correlation>\n<Execution ProcessID=\"1268\" ThreadID=\"1668\"></Execution>\n<Channel>Microsoft-Windows-Resource-Exhaustion-Detector/Operational</Channel>\n<Computer>IACIS-HDD-2014</Computer>\n<Security UserID=\"S-1-5-19\"></Security>\n</System>\n<EventData></EventData>\n</Event>\n"
  },
  {
    "EventID": 1001,
    "Timestamp": "2014-01-25 01:39:42.738314+00:00",
    "Computer": "IACIS-HDD-2014",
    "Channel": "Microsoft-Windows-Resource-Exhaustion-Detector/Operational",
    "Level": "Information",
    "EventData": {},
    "RawXml": "<Event xmlns=\"http://schemas.microsoft.com/win/2004/08/events/event\"><System><Provider Name=\"Microsoft-Windows-Resource-Exhaustion-Detector\" Guid=\"{9988748e-c2e8-4054-85f6-0c3e1cad2470}\"></Provider>\n<EventID Qualifiers=\"\">1001</EventID>\n<Version>0</Version>\n<Level>4</Level>\n<Task>1</Task>\n<Opcode>11</Opcode>\n<Keywords>0x4000000010000000</Keywords>\n<TimeCreated SystemTime=\"2014-01-25 01:39:42.738314+00:00\"></TimeCreated>\n<EventRecordID>3</EventRecordID>\n<Correlation ActivityID=\"\" RelatedActivityID=\"\"></Correlation>\n<Execution ProcessID=\"864\" ThreadID=\"800\"></Execution>\n<Channel>Microsoft-Windows-Resource-Exhaustion-Detector/Operational</Channel>\n<Computer>IACIS-HDD-2014</Computer>\n<Security UserID=\"S-1-5-18\"></Security>\n</System>\n<EventData></EventData>\n</Event>\n"
  },
  {
    "EventID": 1002,
    "Timestamp": "2014-01-25 02:04:38.866943+00:00",
    "Computer": "IACIS-HDD-2014",
    "Channel": "Microsoft-Windows-Resource-Exhaustion-Detector/Operational",
    "Level": "Information",
    "EventData": {},
    "RawXml": "<Event xmlns=\"http://schemas.microsoft.com/win/2004/08/events/event\"><System><Provider Name=\"Microsoft-Windows-Resource-Exhaustion-Detector\" Guid=\"{9988748e-c2e8-4054-85f6-0c3e1cad2470}\"></Provider>\n<EventID Qualifiers=\"\">1002</EventID>\n<Version>0</Version>\n<Level>4</Level>\n<Task>1</Task>\n<Opcode>12</Opcode>\n<Keywords>0x4000000010000000</Keywords>\n<TimeCreated SystemTime=\"2014-01-25 02:04:38.866943+00:00\"></TimeCreated>\n<EventRecordID>4</EventRecordID>\n<Correlation ActivityID=\"\" RelatedActivityID=\"\"></Correlation>\n<Execution ProcessID=\"864\" ThreadID=\"2208\"></Execution>\n<Channel>Microsoft-Windows-Resource-Exhaustion-Detector/Operational</Channel>\n<Computer>IACIS-HDD-2014</Computer>\n<Security UserID=\"S-1-5-18\"></Security>\n</System>\n<EventData></EventData>\n</Event>\n"
  },
  {
    "EventID": 1001,
    "Timestamp": "2014-01-25 02:14:59.436033+00:00",
    "Computer": "IACIS-HDD-2014",
    "Channel": "Microsoft-Windows-Resource-Exhaustion-Detector/Operational",
    "Level": "Information",
    "EventData": {},
    "RawXml": "<Event xmlns=\"http://schemas.microsoft.com/win/2004/08/events/event\"><System><Provider Name=\"Microsoft-Windows-Resource-Exhaustion-Detector\" Guid=\"{9988748e-c2e8-4054-85f6-0c3e1cad2470}\"></Provider>\n<EventID Qualifiers=\"\">1001</EventID>\n<Version>0</Version>\n<Level>4</Level>\n<Task>1</Task>\n<Opcode>11</Opcode>\n<Keywords>0x4000000010000000</Keywords>\n<TimeCreated SystemTime=\"2014-01-25 02:14:59.436033+00:00\"></TimeCreated>\n<EventRecordID>5</EventRecordID>\n<Correlation ActivityID=\"\" RelatedActivityID=\"\"></Correlation>\n<Execution ProcessID=\"864\" ThreadID=\"2364\"></Execution>\n<Channel>Microsoft-Windows-Resource-Exhaustion-Detector/Operational</Channel>\n<Computer>IACIS-HDD-2014</Computer>\n<Security UserID=\"S-1-5-18\"></Security>\n</System>\n<EventData></EventData>\n</Event>\n"
  },
  {
    "EventID": 1003,
    "Timestamp": "2014-01-25 06:16:46.463114+00:00",
    "Computer": "IACIS-HDD-2014",
    "Channel": "Microsoft-Windows-Resource-Exhaustion-Detector/Operational",
    "Level": "Warning",
    "EventData": {},
    "RawXml": "<Event xmlns=\"http://schemas.microsoft.com/win/2004/08/events/event\"><System><Provider Name=\"Microsoft-Windows-Resource-Exhaustion-Detector\" Guid=\"{9988748e-c2e8-4054-85f6-0c3e1cad2470}\"></Provider>\n<EventID Qualifiers=\"\">1003</EventID>\n<Version>0</Version>\n<Level>3</Level>\n<Task>2</Task>\n<Opcode>22</Opcode>\n<Keywords>0x4000000020000000</Keywords>\n<TimeCreated SystemTime=\"2014-01-25 06:16:46.463114+00:00\"></TimeCreated>\n<EventRecordID>6</EventRecordID>\n<Correlation ActivityID=\"{8bcabc2e-c291-499b-ae94-003529beeef2}\" RelatedActivityID=\"\"></Correlation>\n<Execution ProcessID=\"864\" ThreadID=\"2508\"></Execution>\n<Channel>Microsoft-Windows-Resource-Exhaustion-Detector/Operational</Channel>\n<Computer>IACIS-HDD-2014</Computer>\n<Security UserID=\"S-1-5-18\"></Security>\n</System>\n<UserData><CommitLimitExhaustion xmlns:auto-ns2=\"http://schemas.microsoft.com/win/2004/08/events\" xmlns=\"http://www.microsoft.com/Windows/Resource/Exhaustion/Detector/Events\"><SystemCommitLimit>5367062528</SystemCommitLimit>\n<SystemCommitCharge>5099765760</SystemCommitCharge>\n</CommitLimitExhaustion>\n</UserData>\n</Event>\n"
  },
  {
    "EventID": 1003,
    "Timestamp": "2014-01-25 06:22:17.651695+00:00",
    "Computer": "IACIS-HDD-2014",
    "Channel": "Microsoft-Windows-Resource-Exhaustion-Detector/Operational",
    "Level": "Warning",
    "EventData": {},
    "RawXml": "<Event xmlns=\"http://schemas.microsoft.com/win/2004/08/events/event\"><System><Provider Name=\"Microsoft-Windows-Resource-Exhaustion-Detector\" Guid=\"{9988748e-c2e8-4054-85f6-0c3e1cad2470}\"></Provider>\n<EventID Qualifiers=\"\">1003</EventID>\n<Version>0</Version>\n<Level>3</Level>\n<Task>2</Task>\n<Opcode>22</Opcode>\n<Keywords>0x4000000020000000</Keywords>\n<TimeCreated SystemTime=\"2014-01-25 06:22:17.651695+00:00\"></TimeCreated>\n<EventRecordID>7</EventRecordID>\n<Correlation ActivityID=\"{96bf6da0-04d8-48b8-8def-fec70e1c3eae}\" RelatedActivityID=\"\"></Correlation>\n<Execution ProcessID=\"864\" ThreadID=\"2676\"></Execution>\n<Channel>Microsoft-Windows-Resource-Exhaustion-Detector/Operational</Channel>\n<Computer>IACIS-HDD-2014</Computer>\n<Security UserID=\"S-1-5-18\"></Security>\n</System>\n<UserData><CommitLimitExhaustion xmlns:auto-ns2=\"http://schemas.microsoft.com/win/2004/08/events\" xmlns=\"http://www.microsoft.com/Windows/Resource/Exhaustion/Detector/Events\"><SystemCommitLimit>5367062528</SystemCommitLimit>\n<SystemCommitCharge>5288730624</SystemCommitCharge>\n</CommitLimitExhaustion>\n</UserData>\n</Event>\n"
  },
  {
    "EventID": 1003,
    "Timestamp": "2014-01-25 06:26:54.099781+00:00",
    "Computer": "IACIS-HDD-2014",
    "Channel": "Microsoft-Windows-Resource-Exhaustion-Detector/Operational",
    "Level": "Warning",
    "EventData": {},
    "RawXml": "<Event xmlns=\"http://schemas.microsoft.com/win/2004/08/events/event\"><System><Provider Name=\"Microsoft-Windows-Resource-Exhaustion-Detector\" Guid=\"{9988748e-c2e8-4054-85f6-0c3e1cad2470}\"></Provider>\n<EventID Qualifiers=\"\">1003</EventID>\n<Version>0</Version>\n<Level>3</Level>\n<Task>2</Task>\n<Opcode>22</Opcode>\n<Keywords>0x4000000020000000</Keywords>\n<TimeCreated SystemTime=\"2014-01-25 06:26:54.099781+00:00\"></TimeCreated>\n<EventRecordID>8</EventRecordID>\n<Correlation ActivityID=\"{6ee765f8-97e2-47ac-a2cf-fe7b66536c54}\" RelatedActivityID=\"\"></Correlation>\n<Execution ProcessID=\"864\" ThreadID=\"736\"></Execution>\n<Channel>Microsoft-Windows-Resource-Exhaustion-Detector/Operational</Channel>\n<Computer>IACIS-HDD-2014</Computer>\n<Security UserID=\"S-1-5-18\"></Security>\n</System>\n<UserData><CommitLimitExhaustion xmlns:auto-ns2=\"http://schemas.microsoft.com/win/2004/08/events\" xmlns=\"http://www.microsoft.com/Windows/Resource/Exhaustion/Detector/Events\"><SystemCommitLimit>5367062528</SystemCommitLimit>\n<SystemCommitCharge>5258858496</SystemCommitCharge>\n</CommitLimitExhaustion>\n</UserData>\n</Event>\n"
  },
  {
    "EventID": 1003,
    "Timestamp": "2014-01-25 06:31:54.103907+00:00",
    "Computer": "IACIS-HDD-2014",
    "Channel": "Microsoft-Windows-Resource-Exhaustion-Detector/Operational",
    "Level": "Warning",
    "EventData": {},
    "RawXml": "<Event xmlns=\"http://schemas.microsoft.com/win/2004/08/events/event\"><System><Provider Name=\"Microsoft-Windows-Resource-Exhaustion-Detector\" Guid=\"{9988748e-c2e8-4054-85f6-0c3e1cad2470}\"></Provider>\n<EventID Qualifiers=\"\">1003</EventID>\n<Version>0</Version>\n<Level>3</Level>\n<Task>2</Task>\n<Opcode>22</Opcode>\n<Keywords>0x4000000020000000</Keywords>\n<TimeCreated SystemTime=\"2014-01-25 06:31:54.103907+00:00\"></TimeCreated>\n<EventRecordID>9</EventRecordID>\n<Correlation ActivityID=\"{4015cc07-c63d-4dd7-b098-5cc93721676c}\" RelatedActivityID=\"\"></Correlation>\n<Execution ProcessID=\"864\" ThreadID=\"308\"></Execution>\n<Channel>Microsoft-Windows-Resource-Exhaustion-Detector/Operational</Channel>\n<Computer>IACIS-HDD-2014</Computer>\n<Security UserID=\"S-1-5-18\"></Security>\n</System>\n<UserData><CommitLimitExhaustion xmlns:auto-ns2=\"http://schemas.microsoft.com/win/2004/08/events\" xmlns=\"http://www.microsoft.com/Windows/Resource/Exhaustion/Detector/Events\"><SystemCommitLimit>5367062528</SystemCommitLimit>\n<SystemCommitCharge>5261574144</SystemCommitCharge>\n</CommitLimitExhaustion>\n</UserData>\n</Event>\n"
  },
  {
    "EventID": 1003,
    "Timestamp": "2014-01-25 06:36:54.139235+00:00",
    "Computer": "IACIS-HDD-2014",
    "Channel": "Microsoft-Windows-Resource-Exhaustion-Detector/Operational",
    "Level": "Warning",
    "EventData": {},
    "RawXml": "<Event xmlns=\"http://schemas.microsoft.com/win/2004/08/events/event\"><System><Provider Name=\"Microsoft-Windows-Resource-Exhaustion-Detector\" Guid=\"{9988748e-c2e8-4054-85f6-0c3e1cad2470}\"></Provider>\n<EventID Qualifiers=\"\">1003</EventID>\n<Version>0</Version>\n<Level>3</Level>\n<Task>2</Task>\n<Opcode>22</Opcode>\n<Keywords>0x4000000020000000</Keywords>\n<TimeCreated SystemTime=\"2014-01-25 06:36:54.139235+00:00\"></TimeCreated>\n<EventRecordID>10</EventRecordID>\n<Correlation ActivityID=\"{579240dc-e7b5-45d0-a4a4-aa133f095662}\" RelatedActivityID=\"\"></Correlation>\n<Execution ProcessID=\"864\" ThreadID=\"3056\"></Execution>\n<Channel>Microsoft-Windows-Resource-Exhaustion-Detector/Operational</Channel>\n<Computer>IACIS-HDD-2014</Computer>\n<Security UserID=\"S-1-5-18\"></Security>\n</System>\n<UserData><CommitLimitExhaustion xmlns:auto-ns2=\"http://schemas.microsoft.com/win/2004/08/events\" xmlns=\"http://www.microsoft.com/Windows/Resource/Exhaustion/Detector/Events\"><SystemCommitLimit>5367062528</SystemCommitLimit>\n<SystemCommitCharge>5210079232</SystemCommitCharge>\n</CommitLimitExhaustion>\n</UserData>\n</Event>\n"
  },
  {
    "EventID": 1003,
    "Timestamp": "2014-01-25 06:43:38.101944+00:00",
    "Computer": "IACIS-HDD-2014",
    "Channel": "Microsoft-Windows-Resource-Exhaustion-Detector/Operational",
    "Level": "Warning",
    "EventData": {},
    "RawXml": "<Event xmlns=\"http://schemas.microsoft.com/win/2004/08/events/event\"><System><Provider Name=\"Microsoft-Windows-Resource-Exhaustion-Detector\" Guid=\"{9988748e-c2e8-4054-85f6-0c3e1cad2470}\"></Provider>\n<EventID Qualifiers=\"\">1003</EventID>\n<Version>0</Version>\n<Level>3</Level>\n<Task>2</Task>\n<Opcode>22</Opcode>\n<Keywords>0x4000000020000000</Keywords>\n<TimeCreated SystemTime=\"2014-01-25 06:43:38.101944+00:00\"></TimeCreated>\n<EventRecordID>11</EventRecordID>\n<Correlation ActivityID=\"{e6d39dbd-b822-439f-ac1b-5a0adfe244f5}\" RelatedActivityID=\"\"></Correlation>\n<Execution ProcessID=\"864\" ThreadID=\"2116\"></Execution>\n<Channel>Microsoft-Windows-Resource-Exhaustion-Detector/Operational</Channel>\n<Computer>IACIS-HDD-2014</Computer>\n<Security UserID=\"S-1-5-18\"></Security>\n</System>\n<UserData><CommitLimitExhaustion xmlns:auto-ns2=\"http://schemas.microsoft.com/win/2004/08/events\" xmlns=\"http://www.microsoft.com/Windows/Resource/Exhaustion/Detector/Events\"><SystemCommitLimit>5367062528</SystemCommitLimit>\n<SystemCommitCharge>5248327680</SystemCommitCharge>\n</CommitLimitExhaustion>\n</UserData>\n</Event>\n"
  },
  {
    "EventID": 1003,
    "Timestamp": "2014-01-25 06:48:40.290075+00:00",
    "Computer": "IACIS-HDD-2014",
    "Channel": "Microsoft-Windows-Resource-Exhaustion-Detector/Operational",
    "Level": "Warning",
    "EventData": {},
    "RawXml": "<Event xmlns=\"http://schemas.microsoft.com/win/2004/08/events/event\"><System><Provider Name=\"Microsoft-Windows-Resource-Exhaustion-Detector\" Guid=\"{9988748e-c2e8-4054-85f6-0c3e1cad2470}\"></Provider>\n<EventID Qualifiers=\"\">1003</EventID>\n<Version>0</Version>\n<Level>3</Level>\n<Task>2</Task>\n<Opcode>22</Opcode>\n<Keywords>0x4000000020000000</Keywords>\n<TimeCreated SystemTime=\"2014-01-25 06:48:40.290075+00:00\"></TimeCreated>\n<EventRecordID>12</EventRecordID>\n<Correlation ActivityID=\"{558cab92-8161-4468-80de-d82d20109792}\" RelatedActivityID=\"\"></Correlation>\n<Execution ProcessID=\"864\" ThreadID=\"1624\"></Execution>\n<Channel>Microsoft-Windows-Resource-Exhaustion-Detector/Operational</Channel>\n<Computer>IACIS-HDD-2014</Computer>\n<Security UserID=\"S-1-5-18\"></Security>\n</System>\n<UserData><CommitLimitExhaustion xmlns:auto-ns2=\"http://schemas.microsoft.com/win/2004/08/events\" xmlns=\"http://www.microsoft.com/Windows/Resource/Exhaustion/Detector/Events\"><SystemCommitLimit>5367062528</SystemCommitLimit>\n<SystemCommitCharge>5208715264</SystemCommitCharge>\n</CommitLimitExhaustion>\n</UserData>\n</Event>\n"
  },
  {
    "EventID": 1003,
    "Timestamp": "2014-01-25 06:53:40.387800+00:00",
    "Computer": "IACIS-HDD-2014",
    "Channel": "Microsoft-Windows-Resource-Exhaustion-Detector/Operational",
    "Level": "Warning",
    "EventData": {},
    "RawXml": "<Event xmlns=\"http://schemas.microsoft.com/win/2004/08/events/event\"><System><Provider Name=\"Microsoft-Windows-Resource-Exhaustion-Detector\" Guid=\"{9988748e-c2e8-4054-85f6-0c3e1cad2470}\"></Provider>\n<EventID Qualifiers=\"\">1003</EventID>\n<Version>0</Version>\n<Level>3</Level>\n<Task>2</Task>\n<Opcode>22</Opcode>\n<Keywords>0x4000000020000000</Keywords>\n<TimeCreated SystemTime=\"2014-01-25 06:53:40.387800+00:00\"></TimeCreated>\n<EventRecordID>13</EventRecordID>\n<Correlation ActivityID=\"{cafe5976-5626-4579-a554-b8cf6973174e}\" RelatedActivityID=\"\"></Correlation>\n<Execution ProcessID=\"864\" ThreadID=\"876\"></Execution>\n<Channel>Microsoft-Windows-Resource-Exhaustion-Detector/Operational</Channel>\n<Computer>IACIS-HDD-2014</Computer>\n<Security UserID=\"S-1-5-18\"></Security>\n</System>\n<UserData><CommitLimitExhaustion xmlns:auto-ns2=\"http://schemas.microsoft.com/win/2004/08/events\" xmlns=\"http://www.microsoft.com/Windows/Resource/Exhaustion/Detector/Events\"><SystemCommitLimit>5367062528</SystemCommitLimit>\n<SystemCommitCharge>5200646144</SystemCommitCharge>\n</CommitLimitExhaustion>\n</UserData>\n</Event>\n"
  },
  {
    "EventID": 1003,
    "Timestamp": "2014-01-25 06:58:40.095528+00:00",
    "Computer": "IACIS-HDD-2014",
    "Channel": "Microsoft-Windows-Resource-Exhaustion-Detector/Operational",
    "Level": "Warning",
    "EventData": {},
    "RawXml": "<Event xmlns=\"http://schemas.microsoft.com/win/2004/08/events/event\"><System><Provider Name=\"Microsoft-Windows-Resource-Exhaustion-Detector\" Guid=\"{9988748e-c2e8-4054-85f6-0c3e1cad2470}\"></Provider>\n<EventID Qualifiers=\"\">1003</EventID>\n<Version>0</Version>\n<Level>3</Level>\n<Task>2</Task>\n<Opcode>22</Opcode>\n<Keywords>0x4000000020000000</Keywords>\n<TimeCreated SystemTime=\"2014-01-25 06:58:40.095528+00:00\"></TimeCreated>\n<EventRecordID>14</EventRecordID>\n<Correlation ActivityID=\"{8700e511-25ae-49b9-873e-abf91fcd83e3}\" RelatedActivityID=\"\"></Correlation>\n<Execution ProcessID=\"864\" ThreadID=\"2116\"></Execution>\n<Channel>Microsoft-Windows-Resource-Exhaustion-Detector/Operational</Channel>\n<Computer>IACIS-HDD-2014</Computer>\n<Security UserID=\"S-1-5-18\"></Security>\n</System>\n<UserData><CommitLimitExhaustion xmlns:auto-ns2=\"http://schemas.microsoft.com/win/2004/08/events\" xmlns=\"http://www.microsoft.com/Windows/Resource/Exhaustion/Detector/Events\"><SystemCommitLimit>5367062528</SystemCommitLimit>\n<SystemCommitCharge>5128142848</SystemCommitCharge>\n</CommitLimitExhaustion>\n</UserData>\n</Event>\n"
  },
  {
    "EventID": 1003,
    "Timestamp": "2014-01-25 07:03:40.224455+00:00",
    "Computer": "IACIS-HDD-2014",
    "Channel": "Microsoft-Windows-Resource-Exhaustion-Detector/Operational",
    "Level": "Warning",
    "EventData": {},
    "RawXml": "<Event xmlns=\"http://schemas.microsoft.com/win/2004/08/events/event\"><System><Provider Name=\"Microsoft-Windows-Resource-Exhaustion-Detector\" Guid=\"{9988748e-c2e8-4054-85f6-0c3e1cad2470}\"></Provider>\n<EventID Qualifiers=\"\">1003</EventID>\n<Version>0</Version>\n<Level>3</Level>\n<Task>2</Task>\n<Opcode>22</Opcode>\n<Keywords>0x4000000020000000</Keywords>\n<TimeCreated SystemTime=\"2014-01-25 07:03:40.224455+00:00\"></TimeCreated>\n<EventRecordID>15</EventRecordID>\n<Correlation ActivityID=\"{e5cd2795-4814-4677-996f-e1ea2ef9c349}\" RelatedActivityID=\"\"></Correlation>\n<Execution ProcessID=\"864\" ThreadID=\"1456\"></Execution>\n<Channel>Microsoft-Windows-Resource-Exhaustion-Detector/Operational</Channel>\n<Computer>IACIS-HDD-2014</Computer>\n<Security UserID=\"S-1-5-18\"></Security>\n</System>\n<UserData><CommitLimitExhaustion xmlns:auto-ns2=\"http://schemas.microsoft.com/win/2004/08/events\" xmlns=\"http://www.microsoft.com/Windows/Resource/Exhaustion/Detector/Events\"><SystemCommitLimit>5367062528</SystemCommitLimit>\n<SystemCommitCharge>5302349824</SystemCommitCharge>\n</CommitLimitExhaustion>\n</UserData>\n</Event>\n"
  },
  {
    "EventID": 1003,
    "Timestamp": "2014-01-25 07:08:40.212982+00:00",
    "Computer": "IACIS-HDD-2014",
    "Channel": "Microsoft-Windows-Resource-Exhaustion-Detector/Operational",
    "Level": "Warning",
    "EventData": {},
    "RawXml": "<Event xmlns=\"http://schemas.microsoft.com/win/2004/08/events/event\"><System><Provider Name=\"Microsoft-Windows-Resource-Exhaustion-Detector\" Guid=\"{9988748e-c2e8-4054-85f6-0c3e1cad2470}\"></Provider>\n<EventID Qualifiers=\"\">1003</EventID>\n<Version>0</Version>\n<Level>3</Level>\n<Task>2</Task>\n<Opcode>22</Opcode>\n<Keywords>0x4000000020000000</Keywords>\n<TimeCreated SystemTime=\"2014-01-25 07:08:40.212982+00:00\"></TimeCreated>\n<EventRecordID>16</EventRecordID>\n<Correlation ActivityID=\"{53a732dd-7c44-442b-a9cf-17814cb4e0f1}\" RelatedActivityID=\"\"></Correlation>\n<Execution ProcessID=\"864\" ThreadID=\"2068\"></Execution>\n<Channel>Microsoft-Windows-Resource-Exhaustion-Detector/Operational</Channel>\n<Computer>IACIS-HDD-2014</Computer>\n<Security UserID=\"S-1-5-18\"></Security>\n</System>\n<UserData><CommitLimitExhaustion xmlns:auto-ns2=\"http://schemas.microsoft.com/win/2004/08/events\" xmlns=\"http://www.microsoft.com/Windows/Resource/Exhaustion/Detector/Events\"><SystemCommitLimit>5367062528</SystemCommitLimit>\n<SystemCommitCharge>5315076096</SystemCommitCharge>\n</CommitLimitExhaustion>\n</UserData>\n</Event>\n"
  },
  {
    "EventID": 1003,
    "Timestamp": "2014-01-25 07:13:40.217110+00:00",
    "Computer": "IACIS-HDD-2014",
    "Channel": "Microsoft-Windows-Resource-Exhaustion-Detector/Operational",
    "Level": "Warning",
    "EventData": {},
    "RawXml": "<Event xmlns=\"http://schemas.microsoft.com/win/2004/08/events/event\"><System><Provider Name=\"Microsoft-Windows-Resource-Exhaustion-Detector\" Guid=\"{9988748e-c2e8-4054-85f6-0c3e1cad2470}\"></Provider>\n<EventID Qualifiers=\"\">1003</EventID>\n<Version>0</Version>\n<Level>3</Level>\n<Task>2</Task>\n<Opcode>22</Opcode>\n<Keywords>0x4000000020000000</Keywords>\n<TimeCreated SystemTime=\"2014-01-25 07:13:40.217110+00:00\"></TimeCreated>\n<EventRecordID>17</EventRecordID>\n<Correlation ActivityID=\"{6e116df7-3756-4baf-99c2-a2bdf8848225}\" RelatedActivityID=\"\"></Correlation>\n<Execution ProcessID=\"864\" ThreadID=\"876\"></Execution>\n<Channel>Microsoft-Windows-Resource-Exhaustion-Detector/Operational</Channel>\n<Computer>IACIS-HDD-2014</Computer>\n<Security UserID=\"S-1-5-18\"></Security>\n</System>\n<UserData><CommitLimitExhaustion xmlns:auto-ns2=\"http://schemas.microsoft.com/win/2004/08/events\" xmlns=\"http://www.microsoft.com/Windows/Resource/Exhaustion/Detector/Events\"><SystemCommitLimit>5367062528</SystemCommitLimit>\n<SystemCommitCharge>5301948416</SystemCommitCharge>\n</CommitLimitExhaustion>\n</UserData>\n</Event>\n"
  },
  {
    "EventID": 1003,
    "Timestamp": "2014-01-25 07:18:40.174437+00:00",
    "Computer": "IACIS-HDD-2014",
    "Channel": "Microsoft-Windows-Resource-Exhaustion-Detector/Operational",
    "Level": "Warning",
    "EventData": {},
    "RawXml": "<Event xmlns=\"http://schemas.microsoft.com/win/2004/08/events/event\"><System><Provider Name=\"Microsoft-Windows-Resource-Exhaustion-Detector\" Guid=\"{9988748e-c2e8-4054-85f6-0c3e1cad2470}\"></Provider>\n<EventID Qualifiers=\"\">1003</EventID>\n<Version>0</Version>\n<Level>3</Level>\n<Task>2</Task>\n<Opcode>22</Opcode>\n<Keywords>0x4000000020000000</Keywords>\n<TimeCreated SystemTime=\"2014-01-25 07:18:40.174437+00:00\"></TimeCreated>\n<EventRecordID>18</EventRecordID>\n<Correlation ActivityID=\"{fac703f0-26fb-4bcc-8e5e-1a7e2f7dabab}\" RelatedActivityID=\"\"></Correlation>\n<Execution ProcessID=\"864\" ThreadID=\"180\"></Execution>\n<Channel>Microsoft-Windows-Resource-Exhaustion-Detector/Operational</Channel>\n<Computer>IACIS-HDD-2014</Computer>\n<Security UserID=\"S-1-5-18\"></Security>\n</System>\n<UserData><CommitLimitExhaustion xmlns:auto-ns2=\"http://schemas.microsoft.com/win/2004/08/events\" xmlns=\"http://www.microsoft.com/Windows/Resource/Exhaustion/Detector/Events\"><SystemCommitLimit>5367062528</SystemCommitLimit>\n<SystemCommitCharge>5302804480</SystemCommitCharge>\n</CommitLimitExhaustion>\n</UserData>\n</Event>\n"
  },
  {
    "EventID": 1003,
    "Timestamp": "2014-01-25 07:23:40.178562+00:00",
    "Computer": "IACIS-HDD-2014",
    "Channel": "Microsoft-Windows-Resource-Exhaustion-Detector/Operational",
    "Level": "Warning",
    "EventData": {},
    "RawXml": "<Event xmlns=\"http://schemas.microsoft.com/win/2004/08/events/event\"><System><Provider Name=\"Microsoft-Windows-Resource-Exhaustion-Detector\" Guid=\"{9988748e-c2e8-4054-85f6-0c3e1cad2470}\"></Provider>\n<EventID Qualifiers=\"\">1003</EventID>\n<Version>0</Version>\n<Level>3</Level>\n<Task>2</Task>\n<Opcode>22</Opcode>\n<Keywords>0x4000000020000000</Keywords>\n<TimeCreated SystemTime=\"2014-01-25 07:23:40.178562+00:00\"></TimeCreated>\n<EventRecordID>19</EventRecordID>\n<Correlation ActivityID=\"{cf1f6bed-5e23-48f4-9867-727d9b013e02}\" RelatedActivityID=\"\"></Correlation>\n<Execution ProcessID=\"864\" ThreadID=\"2816\"></Execution>\n<Channel>Microsoft-Windows-Resource-Exhaustion-Detector/Operational</Channel>\n<Computer>IACIS-HDD-2014</Computer>\n<Security UserID=\"S-1-5-18\"></Security>\n</System>\n<UserData><CommitLimitExhaustion xmlns:auto-ns2=\"http://schemas.microsoft.com/win/2004/08/events\" xmlns=\"http://www.microsoft.com/Windows/Resource/Exhaustion/Detector/Events\"><SystemCommitLimit>5367062528</SystemCommitLimit>\n<SystemCommitCharge>5305020416</SystemCommitCharge>\n</CommitLimitExhaustion>\n</UserData>\n</Event>\n"
  },
  {
    "EventID": 1003,
    "Timestamp": "2014-01-25 07:28:40.213890+00:00",
    "Computer": "IACIS-HDD-2014",
    "Channel": "Microsoft-Windows-Resource-Exhaustion-Detector/Operational",
    "Level": "Warning",
    "EventData": {},
    "RawXml": "<Event xmlns=\"http://schemas.microsoft.com/win/2004/08/events/event\"><System><Provider Name=\"Microsoft-Windows-Resource-Exhaustion-Detector\" Guid=\"{9988748e-c2e8-4054-85f6-0c3e1cad2470}\"></Provider>\n<EventID Qualifiers=\"\">1003</EventID>\n<Version>0</Version>\n<Level>3</Level>\n<Task>2</Task>\n<Opcode>22</Opcode>\n<Keywords>0x4000000020000000</Keywords>\n<TimeCreated SystemTime=\"2014-01-25 07:28:40.213890+00:00\"></TimeCreated>\n<EventRecordID>20</EventRecordID>\n<Correlation ActivityID=\"{7be8f615-4993-4cb8-993e-c6da36d50721}\" RelatedActivityID=\"\"></Correlation>\n<Execution ProcessID=\"864\" ThreadID=\"876\"></Execution>\n<Channel>Microsoft-Windows-Resource-Exhaustion-Detector/Operational</Channel>\n<Computer>IACIS-HDD-2014</Computer>\n<Security UserID=\"S-1-5-18\"></Security>\n</System>\n<UserData><CommitLimitExhaustion xmlns:auto-ns2=\"http://schemas.microsoft.com/win/2004/08/events\" xmlns=\"http://www.microsoft.com/Windows/Resource/Exhaustion/Detector/Events\"><SystemCommitLimit>5367062528</SystemCommitLimit>\n<SystemCommitCharge>5305311232</SystemCommitCharge>\n</CommitLimitExhaustion>\n</UserData>\n</Event>\n"
  },
  {
    "EventID": 1003,
    "Timestamp": "2014-01-25 07:33:40.155617+00:00",
    "Computer": "IACIS-HDD-2014",
    "Channel": "Microsoft-Windows-Resource-Exhaustion-Detector/Operational",
    "Level": "Warning",
    "EventData": {},
    "RawXml": "<Event xmlns=\"http://schemas.microsoft.com/win/2004/08/events/event\"><System><Provider Name=\"Microsoft-Windows-Resource-Exhaustion-Detector\" Guid=\"{9988748e-c2e8-4054-85f6-0c3e1cad2470}\"></Provider>\n<EventID Qualifiers=\"\">1003</EventID>\n<Version>0</Version>\n<Level>3</Level>\n<Task>2</Task>\n<Opcode>22</Opcode>\n<Keywords>0x4000000020000000</Keywords>\n<TimeCreated SystemTime=\"2014-01-25 07:33:40.155617+00:00\"></TimeCreated>\n<EventRecordID>21</EventRecordID>\n<Correlation ActivityID=\"{42a9bf04-4bb8-4ab6-bbdb-44d9c5f6d3ed}\" RelatedActivityID=\"\"></Correlation>\n<Execution ProcessID=\"864\" ThreadID=\"2288\"></Execution>\n<Channel>Microsoft-Windows-Resource-Exhaustion-Detector/Operational</Channel>\n<Computer>IACIS-HDD-2014</Computer>\n<Security UserID=\"S-1-5-18\"></Security>\n</System>\n<UserData><CommitLimitExhaustion xmlns:auto-ns2=\"http://schemas.microsoft.com/win/2004/08/events\" xmlns=\"http://www.microsoft.com/Windows/Resource/Exhaustion/Detector/Events\"><SystemCommitLimit>5367062528</SystemCommitLimit>\n<SystemCommitCharge>5309849600</SystemCommitCharge>\n</CommitLimitExhaustion>\n</UserData>\n</Event>\n"
  },
  {
    "EventID": 1003,
    "Timestamp": "2014-01-25 07:38:40.159744+00:00",
    "Computer": "IACIS-HDD-2014",
    "Channel": "Microsoft-Windows-Resource-Exhaustion-Detector/Operational",
    "Level": "Warning",
    "EventData": {},
    "RawXml": "<Event xmlns=\"http://schemas.microsoft.com/win/2004/08/events/event\"><System><Provider Name=\"Microsoft-Windows-Resource-Exhaustion-Detector\" Guid=\"{9988748e-c2e8-4054-85f6-0c3e1cad2470}\"></Provider>\n<EventID Qualifiers=\"\">1003</EventID>\n<Version>0</Version>\n<Level>3</Level>\n<Task>2</Task>\n<Opcode>22</Opcode>\n<Keywords>0x4000000020000000</Keywords>\n<TimeCreated SystemTime=\"2014-01-25 07:38:40.159744+00:00\"></TimeCreated>\n<EventRecordID>22</EventRecordID>\n<Correlation ActivityID=\"{6dc0763b-50d2-4e99-9f20-f27174dab055}\" RelatedActivityID=\"\"></Correlation>\n<Execution ProcessID=\"864\" ThreadID=\"876\"></Execution>\n<Channel>Microsoft-Windows-Resource-Exhaustion-Detector/Operational</Channel>\n<Computer>IACIS-HDD-2014</Computer>\n<Security UserID=\"S-1-5-18\"></Security>\n</System>\n<UserData><CommitLimitExhaustion xmlns:auto-ns2=\"http://schemas.microsoft.com/win/2004/08/events\" xmlns=\"http://www.microsoft.com/Windows/Resource/Exhaustion/Detector/Events\"><SystemCommitLimit>5367062528</SystemCommitLimit>\n<SystemCommitCharge>5312790528</SystemCommitCharge>\n</CommitLimitExhaustion>\n</UserData>\n</Event>\n"
  },
  {
    "EventID": 1003,
    "Timestamp": "2014-01-25 07:43:40.210670+00:00",
    "Computer": "IACIS-HDD-2014",
    "Channel": "Microsoft-Windows-Resource-Exhaustion-Detector/Operational",
    "Level": "Warning",
    "EventData": {},
    "RawXml": "<Event xmlns=\"http://schemas.microsoft.com/win/2004/08/events/event\"><System><Provider Name=\"Microsoft-Windows-Resource-Exhaustion-Detector\" Guid=\"{9988748e-c2e8-4054-85f6-0c3e1cad2470}\"></Provider>\n<EventID Qualifiers=\"\">1003</EventID>\n<Version>0</Version>\n<Level>3</Level>\n<Task>2</Task>\n<Opcode>22</Opcode>\n<Keywords>0x4000000020000000</Keywords>\n<TimeCreated SystemTime=\"2014-01-25 07:43:40.210670+00:00\"></TimeCreated>\n<EventRecordID>23</EventRecordID>\n<Correlation ActivityID=\"{1b2d52bb-2ec8-4770-a605-3a2a56ed5149}\" RelatedActivityID=\"\"></Correlation>\n<Execution ProcessID=\"864\" ThreadID=\"1360\"></Execution>\n<Channel>Microsoft-Windows-Resource-Exhaustion-Detector/Operational</Channel>\n<Computer>IACIS-HDD-2014</Computer>\n<Security UserID=\"S-1-5-18\"></Security>\n</System>\n<UserData><CommitLimitExhaustion xmlns:auto-ns2=\"http://schemas.microsoft.com/win/2004/08/events\" xmlns=\"http://www.microsoft.com/Windows/Resource/Exhaustion/Detector/Events\"><SystemCommitLimit>5367062528</SystemCommitLimit>\n<SystemCommitCharge>5314609152</SystemCommitCharge>\n</CommitLimitExhaustion>\n</UserData>\n</Event>\n"
  },
  {
    "EventID": 1003,
    "Timestamp": "2014-01-25 07:48:40.230398+00:00",
    "Computer": "IACIS-HDD-2014",
    "Channel": "Microsoft-Windows-Resource-Exhaustion-Detector/Operational",
    "Level": "Warning",
    "EventData": {},
    "RawXml": "<Event xmlns=\"http://schemas.microsoft.com/win/2004/08/events/event\"><System><Provider Name=\"Microsoft-Windows-Resource-Exhaustion-Detector\" Guid=\"{9988748e-c2e8-4054-85f6-0c3e1cad2470}\"></Provider>\n<EventID Qualifiers=\"\">1003</EventID>\n<Version>0</Version>\n<Level>3</Level>\n<Task>2</Task>\n<Opcode>22</Opcode>\n<Keywords>0x4000000020000000</Keywords>\n<TimeCreated SystemTime=\"2014-01-25 07:48:40.230398+00:00\"></TimeCreated>\n<EventRecordID>24</EventRecordID>\n<Correlation ActivityID=\"{8ba55782-edef-4429-973d-d92d4daefd7a}\" RelatedActivityID=\"\"></Correlation>\n<Execution ProcessID=\"864\" ThreadID=\"2340\"></Execution>\n<Channel>Microsoft-Windows-Resource-Exhaustion-Detector/Operational</Channel>\n<Computer>IACIS-HDD-2014</Computer>\n<Security UserID=\"S-1-5-18\"></Security>\n</System>\n<UserData><CommitLimitExhaustion xmlns:auto-ns2=\"http://schemas.microsoft.com/win/2004/08/events\" xmlns=\"http://www.microsoft.com/Windows/Resource/Exhaustion/Detector/Events\"><SystemCommitLimit>5367062528</SystemCommitLimit>\n<SystemCommitCharge>5320167424</SystemCommitCharge>\n</CommitLimitExhaustion>\n</UserData>\n</Event>\n"
  },
  {
    "EventID": 1003,
    "Timestamp": "2014-01-25 07:53:40.187725+00:00",
    "Computer": "IACIS-HDD-2014",
    "Channel": "Microsoft-Windows-Resource-Exhaustion-Detector/Operational",
    "Level": "Warning",
    "EventData": {},
    "RawXml": "<Event xmlns=\"http://schemas.microsoft.com/win/2004/08/events/event\"><System><Provider Name=\"Microsoft-Windows-Resource-Exhaustion-Detector\" Guid=\"{9988748e-c2e8-4054-85f6-0c3e1cad2470}\"></Provider>\n<EventID Qualifiers=\"\">1003</EventID>\n<Version>0</Version>\n<Level>3</Level>\n<Task>2</Task>\n<Opcode>22</Opcode>\n<Keywords>0x4000000020000000</Keywords>\n<TimeCreated SystemTime=\"2014-01-25 07:53:40.187725+00:00\"></TimeCreated>\n<EventRecordID>25</EventRecordID>\n<Correlation ActivityID=\"{9ce58d66-ef75-4e95-9fc1-c25a64ded351}\" RelatedActivityID=\"\"></Correlation>\n<Execution ProcessID=\"864\" ThreadID=\"2340\"></Execution>\n<Channel>Microsoft-Windows-Resource-Exhaustion-Detector/Operational</Channel>\n<Computer>IACIS-HDD-2014</Computer>\n<Security UserID=\"S-1-5-18\"></Security>\n</System>\n<UserData><CommitLimitExhaustion xmlns:auto-ns2=\"http://schemas.microsoft.com/win/2004/08/events\" xmlns=\"http://www.microsoft.com/Windows/Resource/Exhaustion/Detector/Events\"><SystemCommitLimit>5367062528</SystemCommitLimit>\n<SystemCommitCharge>5297807360</SystemCommitCharge>\n</CommitLimitExhaustion>\n</UserData>\n</Event>\n"
  },
  {
    "EventID": 1003,
    "Timestamp": "2014-01-25 07:58:40.160650+00:00",
    "Computer": "IACIS-HDD-2014",
    "Channel": "Microsoft-Windows-Resource-Exhaustion-Detector/Operational",
    "Level": "Warning",
    "EventData": {},
    "RawXml": "<Event xmlns=\"http://schemas.microsoft.com/win/2004/08/events/event\"><System><Provider Name=\"Microsoft-Windows-Resource-Exhaustion-Detector\" Guid=\"{9988748e-c2e8-4054-85f6-0c3e1cad2470}\"></Provider>\n<EventID Qualifiers=\"\">1003</EventID>\n<Version>0</Version>\n<Level>3</Level>\n<Task>2</Task>\n<Opcode>22</Opcode>\n<Keywords>0x4000000020000000</Keywords>\n<TimeCreated SystemTime=\"2014-01-25 07:58:40.160650+00:00\"></TimeCreated>\n<EventRecordID>26</EventRecordID>\n<Correlation ActivityID=\"{d5a50cd0-7c89-4cdf-ba21-6e440c834a93}\" RelatedActivityID=\"\"></Correlation>\n<Execution ProcessID=\"864\" ThreadID=\"1360\"></Execution>\n<Channel>Microsoft-Windows-Resource-Exhaustion-Detector/Operational</Channel>\n<Computer>IACIS-HDD-2014</Computer>\n<Security UserID=\"S-1-5-18\"></Security>\n</System>\n<UserData><CommitLimitExhaustion xmlns:auto-ns2=\"http://schemas.microsoft.com/win/2004/08/events\" xmlns=\"http://www.microsoft.com/Windows/Resource/Exhaustion/Detector/Events\"><SystemCommitLimit>5367062528</SystemCommitLimit>\n<SystemCommitCharge>5289869312</SystemCommitCharge>\n</CommitLimitExhaustion>\n</UserData>\n</Event>\n"
  },
  {
    "EventID": 1003,
    "Timestamp": "2014-01-25 08:03:42.192781+00:00",
    "Computer": "IACIS-HDD-2014",
    "Channel": "Microsoft-Windows-Resource-Exhaustion-Detector/Operational",
    "Level": "Warning",
    "EventData": {},
    "RawXml": "<Event xmlns=\"http://schemas.microsoft.com/win/2004/08/events/event\"><System><Provider Name=\"Microsoft-Windows-Resource-Exhaustion-Detector\" Guid=\"{9988748e-c2e8-4054-85f6-0c3e1cad2470}\"></Provider>\n<EventID Qualifiers=\"\">1003</EventID>\n<Version>0</Version>\n<Level>3</Level>\n<Task>2</Task>\n<Opcode>22</Opcode>\n<Keywords>0x4000000020000000</Keywords>\n<TimeCreated SystemTime=\"2014-01-25 08:03:42.192781+00:00\"></TimeCreated>\n<EventRecordID>27</EventRecordID>\n<Correlation ActivityID=\"{dee22e81-98ce-4497-8844-1e090cbd2c50}\" RelatedActivityID=\"\"></Correlation>\n<Execution ProcessID=\"864\" ThreadID=\"1360\"></Execution>\n<Channel>Microsoft-Windows-Resource-Exhaustion-Detector/Operational</Channel>\n<Computer>IACIS-HDD-2014</Computer>\n<Security UserID=\"S-1-5-18\"></Security>\n</System>\n<UserData><CommitLimitExhaustion xmlns:auto-ns2=\"http://schemas.microsoft.com/win/2004/08/events\" xmlns=\"http://www.microsoft.com/Windows/Resource/Exhaustion/Detector/Events\"><SystemCommitLimit>5367062528</SystemCommitLimit>\n<SystemCommitCharge>5289463808</SystemCommitCharge>\n</CommitLimitExhaustion>\n</UserData>\n</Event>\n"
  },
  {
    "EventID": 1003,
    "Timestamp": "2014-01-25 08:08:42.181309+00:00",
    "Computer": "IACIS-HDD-2014",
    "Channel": "Microsoft-Windows-Resource-Exhaustion-Detector/Operational",
    "Level": "Warning",
    "EventData": {},
    "RawXml": "<Event xmlns=\"http://schemas.microsoft.com/win/2004/08/events/event\"><System><Provider Name=\"Microsoft-Windows-Resource-Exhaustion-Detector\" Guid=\"{9988748e-c2e8-4054-85f6-0c3e1cad2470}\"></Provider>\n<EventID Qualifiers=\"\">1003</EventID>\n<Version>0</Version>\n<Level>3</Level>\n<Task>2</Task>\n<Opcode>22</Opcode>\n<Keywords>0x4000000020000000</Keywords>\n<TimeCreated SystemTime=\"2014-01-25 08:08:42.181309+00:00\"></TimeCreated>\n<EventRecordID>28</EventRecordID>\n<Correlation ActivityID=\"{fc818823-f6ba-4ec3-9a43-951ee3974a83}\" RelatedActivityID=\"\"></Correlation>\n<Execution ProcessID=\"864\" ThreadID=\"2764\"></Execution>\n<Channel>Microsoft-Windows-Resource-Exhaustion-Detector/Operational</Channel>\n<Computer>IACIS-HDD-2014</Computer>\n<Security UserID=\"S-1-5-18\"></Security>\n</System>\n<UserData><CommitLimitExhaustion xmlns:auto-ns2=\"http://schemas.microsoft.com/win/2004/08/events\" xmlns=\"http://www.microsoft.com/Windows/Resource/Exhaustion/Detector/Events\"><SystemCommitLimit>5367062528</SystemCommitLimit>\n<SystemCommitCharge>5290676224</SystemCommitCharge>\n</CommitLimitExhaustion>\n</UserData>\n</Event>\n"
  },
  {
    "EventID": 1003,
    "Timestamp": "2014-01-25 08:13:42.169836+00:00",
    "Computer": "IACIS-HDD-2014",
    "Channel": "Microsoft-Windows-Resource-Exhaustion-Detector/Operational",
    "Level": "Warning",
    "EventData": {},
    "RawXml": "<Event xmlns=\"http://schemas.microsoft.com/win/2004/08/events/event\"><System><Provider Name=\"Microsoft-Windows-Resource-Exhaustion-Detector\" Guid=\"{9988748e-c2e8-4054-85f6-0c3e1cad2470}\"></Provider>\n<EventID Qualifiers=\"\">1003</EventID>\n<Version>0</Version>\n<Level>3</Level>\n<Task>2</Task>\n<Opcode>22</Opcode>\n<Keywords>0x4000000020000000</Keywords>\n<TimeCreated SystemTime=\"2014-01-25 08:13:42.169836+00:00\"></TimeCreated>\n<EventRecordID>29</EventRecordID>\n<Correlation ActivityID=\"{6d770586-7864-4214-a76e-58864e41d1c0}\" RelatedActivityID=\"\"></Correlation>\n<Execution ProcessID=\"864\" ThreadID=\"1780\"></Execution>\n<Channel>Microsoft-Windows-Resource-Exhaustion-Detector/Operational</Channel>\n<Computer>IACIS-HDD-2014</Computer>\n<Security UserID=\"S-1-5-18\"></Security>\n</System>\n<UserData><CommitLimitExhaustion xmlns:auto-ns2=\"http://schemas.microsoft.com/win/2004/08/events\" xmlns=\"http://www.microsoft.com/Windows/Resource/Exhaustion/Detector/Events\"><SystemCommitLimit>5367062528</SystemCommitLimit>\n<SystemCommitCharge>5290258432</SystemCommitCharge>\n</CommitLimitExhaustion>\n</UserData>\n</Event>\n"
  },
  {
    "EventID": 1003,
    "Timestamp": "2014-01-25 08:18:42.220762+00:00",
    "Computer": "IACIS-HDD-2014",
    "Channel": "Microsoft-Windows-Resource-Exhaustion-Detector/Operational",
    "Level": "Warning",
    "EventData": {},
    "RawXml": "<Event xmlns=\"http://schemas.microsoft.com/win/2004/08/events/event\"><System><Provider Name=\"Microsoft-Windows-Resource-Exhaustion-Detector\" Guid=\"{9988748e-c2e8-4054-85f6-0c3e1cad2470}\"></Provider>\n<EventID Qualifiers=\"\">1003</EventID>\n<Version>0</Version>\n<Level>3</Level>\n<Task>2</Task>\n<Opcode>22</Opcode>\n<Keywords>0x4000000020000000</Keywords>\n<TimeCreated SystemTime=\"2014-01-25 08:18:42.220762+00:00\"></TimeCreated>\n<EventRecordID>30</EventRecordID>\n<Correlation ActivityID=\"{69572f99-5370-4777-bd6f-2b5d5252cc55}\" RelatedActivityID=\"\"></Correlation>\n<Execution ProcessID=\"864\" ThreadID=\"2888\"></Execution>\n<Channel>Microsoft-Windows-Resource-Exhaustion-Detector/Operational</Channel>\n<Computer>IACIS-HDD-2014</Computer>\n<Security UserID=\"S-1-5-18\"></Security>\n</System>\n<UserData><CommitLimitExhaustion xmlns:auto-ns2=\"http://schemas.microsoft.com/win/2004/08/events\" xmlns=\"http://www.microsoft.com/Windows/Resource/Exhaustion/Detector/Events\"><SystemCommitLimit>5367062528</SystemCommitLimit>\n<SystemCommitCharge>5294256128</SystemCommitCharge>\n</CommitLimitExhaustion>\n</UserData>\n</Event>\n"
  },
  {
    "EventID": 1003,
    "Timestamp": "2014-01-25 08:23:42.146889+00:00",
    "Computer": "IACIS-HDD-2014",
    "Channel": "Microsoft-Windows-Resource-Exhaustion-Detector/Operational",
    "Level": "Warning",
    "EventData": {},
    "RawXml": "<Event xmlns=\"http://schemas.microsoft.com/win/2004/08/events/event\"><System><Provider Name=\"Microsoft-Windows-Resource-Exhaustion-Detector\" Guid=\"{9988748e-c2e8-4054-85f6-0c3e1cad2470}\"></Provider>\n<EventID Qualifiers=\"\">1003</EventID>\n<Version>0</Version>\n<Level>3</Level>\n<Task>2</Task>\n<Opcode>22</Opcode>\n<Keywords>0x4000000020000000</Keywords>\n<TimeCreated SystemTime=\"2014-01-25 08:23:42.146889+00:00\"></TimeCreated>\n<EventRecordID>31</EventRecordID>\n<Correlation ActivityID=\"{cce32c3a-595a-49a1-85ee-76d6206e690f}\" RelatedActivityID=\"\"></Correlation>\n<Execution ProcessID=\"864\" ThreadID=\"2624\"></Execution>\n<Channel>Microsoft-Windows-Resource-Exhaustion-Detector/Operational</Channel>\n<Computer>IACIS-HDD-2014</Computer>\n<Security UserID=\"S-1-5-18\"></Security>\n</System>\n<UserData><CommitLimitExhaustion xmlns:auto-ns2=\"http://schemas.microsoft.com/win/2004/08/events\" xmlns=\"http://www.microsoft.com/Windows/Resource/Exhaustion/Detector/Events\"><SystemCommitLimit>5367062528</SystemCommitLimit>\n<SystemCommitCharge>5295845376</SystemCommitCharge>\n</CommitLimitExhaustion>\n</UserData>\n</Event>\n"
  },
  {
    "EventID": 1003,
    "Timestamp": "2014-01-25 08:28:42.213417+00:00",
    "Computer": "IACIS-HDD-2014",
    "Channel": "Microsoft-Windows-Resource-Exhaustion-Detector/Operational",
    "Level": "Warning",
    "EventData": {},
    "RawXml": "<Event xmlns=\"http://schemas.microsoft.com/win/2004/08/events/event\"><System><Provider Name=\"Microsoft-Windows-Resource-Exhaustion-Detector\" Guid=\"{9988748e-c2e8-4054-85f6-0c3e1cad2470}\"></Provider>\n<EventID Qualifiers=\"\">1003</EventID>\n<Version>0</Version>\n<Level>3</Level>\n<Task>2</Task>\n<Opcode>22</Opcode>\n<Keywords>0x4000000020000000</Keywords>\n<TimeCreated SystemTime=\"2014-01-25 08:28:42.213417+00:00\"></TimeCreated>\n<EventRecordID>32</EventRecordID>\n<Correlation ActivityID=\"{d7423c13-a117-4564-9fbd-25066acfb7c4}\" RelatedActivityID=\"\"></Correlation>\n<Execution ProcessID=\"864\" ThreadID=\"876\"></Execution>\n<Channel>Microsoft-Windows-Resource-Exhaustion-Detector/Operational</Channel>\n<Computer>IACIS-HDD-2014</Computer>\n<Security UserID=\"S-1-5-18\"></Security>\n</System>\n<UserData><CommitLimitExhaustion xmlns:auto-ns2=\"http://schemas.microsoft.com/win/2004/08/events\" xmlns=\"http://www.microsoft.com/Windows/Resource/Exhaustion/Detector/Events\"><SystemCommitLimit>5367062528</SystemCommitLimit>\n<SystemCommitCharge>5283500032</SystemCommitCharge>\n</CommitLimitExhaustion>\n</UserData>\n</Event>\n"
  },
  {
    "EventID": 1003,
    "Timestamp": "2014-01-25 08:33:42.248743+00:00",
    "Computer": "IACIS-HDD-2014",
    "Channel": "Microsoft-Windows-Resource-Exhaustion-Detector/Operational",
    "Level": "Warning",
    "EventData": {},
    "RawXml": "<Event xmlns=\"http://schemas.microsoft.com/win/2004/08/events/event\"><System><Provider Name=\"Microsoft-Windows-Resource-Exhaustion-Detector\" Guid=\"{9988748e-c2e8-4054-85f6-0c3e1cad2470}\"></Provider>\n<EventID Qualifiers=\"\">1003</EventID>\n<Version>0</Version>\n<Level>3</Level>\n<Task>2</Task>\n<Opcode>22</Opcode>\n<Keywords>0x4000000020000000</Keywords>\n<TimeCreated SystemTime=\"2014-01-25 08:33:42.248743+00:00\"></TimeCreated>\n<EventRecordID>33</EventRecordID>\n<Correlation ActivityID=\"{67fa4766-32d9-46a5-b64b-62c3ba052a32}\" RelatedActivityID=\"\"></Correlation>\n<Execution ProcessID=\"864\" ThreadID=\"2340\"></Execution>\n<Channel>Microsoft-Windows-Resource-Exhaustion-Detector/Operational</Channel>\n<Computer>IACIS-HDD-2014</Computer>\n<Security UserID=\"S-1-5-18\"></Security>\n</System>\n<UserData><CommitLimitExhaustion xmlns:auto-ns2=\"http://schemas.microsoft.com/win/2004/08/events\" xmlns=\"http://www.microsoft.com/Windows/Resource/Exhaustion/Detector/Events\"><SystemCommitLimit>5367062528</SystemCommitLimit>\n<SystemCommitCharge>5285298176</SystemCommitCharge>\n</CommitLimitExhaustion>\n</UserData>\n</Event>\n"
  },
  {
    "EventID": 1003,
    "Timestamp": "2014-01-25 08:38:42.252871+00:00",
    "Computer": "IACIS-HDD-2014",
    "Channel": "Microsoft-Windows-Resource-Exhaustion-Detector/Operational",
    "Level": "Warning",
    "EventData": {},
    "RawXml": "<Event xmlns=\"http://schemas.microsoft.com/win/2004/08/events/event\"><System><Provider Name=\"Microsoft-Windows-Resource-Exhaustion-Detector\" Guid=\"{9988748e-c2e8-4054-85f6-0c3e1cad2470}\"></Provider>\n<EventID Qualifiers=\"\">1003</EventID>\n<Version>0</Version>\n<Level>3</Level>\n<Task>2</Task>\n<Opcode>22</Opcode>\n<Keywords>0x4000000020000000</Keywords>\n<TimeCreated SystemTime=\"2014-01-25 08:38:42.252871+00:00\"></TimeCreated>\n<EventRecordID>34</EventRecordID>\n<Correlation ActivityID=\"{3b7e22cd-9122-465a-a217-08f7c513b3de}\" RelatedActivityID=\"\"></Correlation>\n<Execution ProcessID=\"864\" ThreadID=\"1616\"></Execution>\n<Channel>Microsoft-Windows-Resource-Exhaustion-Detector/Operational</Channel>\n<Computer>IACIS-HDD-2014</Computer>\n<Security UserID=\"S-1-5-18\"></Security>\n</System>\n<UserData><CommitLimitExhaustion xmlns:auto-ns2=\"http://schemas.microsoft.com/win/2004/08/events\" xmlns=\"http://www.microsoft.com/Windows/Resource/Exhaustion/Detector/Events\"><SystemCommitLimit>5367062528</SystemCommitLimit>\n<SystemCommitCharge>5288329216</SystemCommitCharge>\n</CommitLimitExhaustion>\n</UserData>\n</Event>\n"
  },
  {
    "EventID": 1003,
    "Timestamp": "2014-01-25 08:54:20.102518+00:00",
    "Computer": "IACIS-HDD-2014",
    "Channel": "Microsoft-Windows-Resource-Exhaustion-Detector/Operational",
    "Level": "Warning",
    "EventData": {},
    "RawXml": "<Event xmlns=\"http://schemas.microsoft.com/win/2004/08/events/event\"><System><Provider Name=\"Microsoft-Windows-Resource-Exhaustion-Detector\" Guid=\"{9988748e-c2e8-4054-85f6-0c3e1cad2470}\"></Provider>\n<EventID Qualifiers=\"\">1003</EventID>\n<Version>0</Version>\n<Level>3</Level>\n<Task>2</Task>\n<Opcode>22</Opcode>\n<Keywords>0x4000000020000000</Keywords>\n<TimeCreated SystemTime=\"2014-01-25 08:54:20.102518+00:00\"></TimeCreated>\n<EventRecordID>35</EventRecordID>\n<Correlation ActivityID=\"{4a6eb4ad-64ef-4756-b26f-d551f45a44fb}\" RelatedActivityID=\"\"></Correlation>\n<Execution ProcessID=\"864\" ThreadID=\"1660\"></Execution>\n<Channel>Microsoft-Windows-Resource-Exhaustion-Detector/Operational</Channel>\n<Computer>IACIS-HDD-2014</Computer>\n<Security UserID=\"S-1-5-18\"></Security>\n</System>\n<UserData><CommitLimitExhaustion xmlns:auto-ns2=\"http://schemas.microsoft.com/win/2004/08/events\" xmlns=\"http://www.microsoft.com/Windows/Resource/Exhaustion/Detector/Events\"><SystemCommitLimit>5367062528</SystemCommitLimit>\n<SystemCommitCharge>5117706240</SystemCommitCharge>\n</CommitLimitExhaustion>\n</UserData>\n</Event>\n"
  },
  {
    "EventID": 1002,
    "Timestamp": "2014-01-25 09:15:20.631533+00:00",
    "Computer": "IACIS-HDD-2014",
    "Channel": "Microsoft-Windows-Resource-Exhaustion-Detector/Operational",
    "Level": "Information",
    "EventData": {},
    "RawXml": "<Event xmlns=\"http://schemas.microsoft.com/win/2004/08/events/event\"><System><Provider Name=\"Microsoft-Windows-Resource-Exhaustion-Detector\" Guid=\"{9988748e-c2e8-4054-85f6-0c3e1cad2470}\"></Provider>\n<EventID Qualifiers=\"\">1002</EventID>\n<Version>0</Version>\n<Level>4</Level>\n<Task>1</Task>\n<Opcode>12</Opcode>\n<Keywords>0x4000000010000000</Keywords>\n<TimeCreated SystemTime=\"2014-01-25 09:15:20.631533+00:00\"></TimeCreated>\n<EventRecordID>36</EventRecordID>\n<Correlation ActivityID=\"\" RelatedActivityID=\"\"></Correlation>\n<Execution ProcessID=\"1268\" ThreadID=\"2108\"></Execution>\n<Channel>Microsoft-Windows-Resource-Exhaustion-Detector/Operational</Channel>\n<Computer>IACIS-HDD-2014</Computer>\n<Security UserID=\"S-1-5-19\"></Security>\n</System>\n<EventData></EventData>\n</Event>\n"
  },
  {
    "EventID": 1002,
    "Timestamp": "2014-01-25 09:15:21.193132+00:00",
    "Computer": "IACIS-HDD-2014",
    "Channel": "Microsoft-Windows-Resource-Exhaustion-Detector/Operational",
    "Level": "Information",
    "EventData": {},
    "RawXml": "<Event xmlns=\"http://schemas.microsoft.com/win/2004/08/events/event\"><System><Provider Name=\"Microsoft-Windows-Resource-Exhaustion-Detector\" Guid=\"{9988748e-c2e8-4054-85f6-0c3e1cad2470}\"></Provider>\n<EventID Qualifiers=\"\">1002</EventID>\n<Version>0</Version>\n<Level>4</Level>\n<Task>1</Task>\n<Opcode>12</Opcode>\n<Keywords>0x4000000010000000</Keywords>\n<TimeCreated SystemTime=\"2014-01-25 09:15:21.193132+00:00\"></TimeCreated>\n<EventRecordID>37</EventRecordID>\n<Correlation ActivityID=\"\" RelatedActivityID=\"\"></Correlation>\n<Execution ProcessID=\"864\" ThreadID=\"2112\"></Execution>\n<Channel>Microsoft-Windows-Resource-Exhaustion-Detector/Operational</Channel>\n<Computer>IACIS-HDD-2014</Computer>\n<Security UserID=\"S-1-5-18\"></Security>\n</System>\n<EventData></EventData>\n</Event>\n"
  },
