[
  {
    "EventID": 1001,
    "Timestamp": "2014-01-25 01:39:46.111921+00:00",
    "Computer": "IACIS-HDD-2014",
    "Channel": "Microsoft-Windows-Resource-Exhaustion-Resolver/Operational",
    "Level": "Information",
    "EventData": {},
    "RawXml": "<Event xmlns=\"http://schemas.microsoft.com/win/2004/08/events/event\"><System><Provider Name=\"Microsoft-Windows-Resource-Exhaustion-Resolver\" Guid=\"{91f5fb12-fdea-4095-85d5-614b495cd9de}\"></Provider>\n<EventID Qualifiers=\"\">1001</EventID>\n<Version>0</Version>\n<Level>4</Level>\n<Task>1</Task>\n<Opcode>11</Opcode>\n<Keywords>0x8000000000001000</Keywords>\n<TimeCreated SystemTime=\"2014-01-25 01:39:46.111921+00:00\"></TimeCreated>\n<EventRecordID>1</EventRecordID>\n<Correlation ActivityID=\"\" RelatedActivityID=\"\"></Correlation>\n<Execution ProcessID=\"3052\" ThreadID=\"1076\"></Execution>\n<Channel>Microsoft-Windows-Resource-Exhaustion-Resolver/Operational</Channel>\n<Computer>IACIS-HDD-2014</Computer>\n<Security UserID=\"S-1-5-21-1171287513-3642516788-2358256967-1001\"></Security>\n</System>\n<EventData></EventData>\n</Event>\n"
  },
  {
    "EventID": 1015,
    "Timestamp": "2014-01-25 01:39:46.158722+00:00",
    "Computer": "IACIS-HDD-2014",
    "Channel": "Microsoft-Windows-Resource-Exhaustion-Resolver/Operational",
    "Level": "Information",
    "EventData": {},
    "RawXml": "<Event xmlns=\"http://schemas.microsoft.com/win/2004/08/events/event\"><System><Provider Name=\"Microsoft-Windows-Resource-Exhaustion-Resolver\" Guid=\"{91f5fb12-fdea-4095-85d5-614b495cd9de}\"></Provider>\n<EventID Qualifiers=\"\">1015</EventID>\n<Version>0</Version>\n<Level>4</Level>\n<Task>3</Task>\n<Opcode>21</Opcode>\n<Keywords>0x8000000000002000</Keywords>\n<TimeCreated SystemTime=\"2014-01-25 01:39:46.158722+00:00\"></TimeCreated>\n<EventRecordID>2</EventRecordID>\n<Correlation ActivityID=\"{aee9cfed-81dd-40b2-bdf1-d12977c8c8dc}\" RelatedActivityID=\"\"></Correlation>\n<Execution ProcessID=\"3052\" ThreadID=\"1076\"></Execution>\n<Channel>Microsoft-Windows-Resource-Exhaustion-Resolver/Operational</Channel>\n<Computer>IACIS-HDD-2014</Computer>\n<Security UserID=\"S-1-5-21-1171287513-3642516788-2358256967-1001\"></Security>\n</System>\n<UserData><EventInfo xmlns:auto-ns2=\"http://schemas.microsoft.com/win/2004/08/events\" xmlns=\"http://www.microsoft.com/Windows/Resource/Exhaustion/Resolver/Event\"><Event>4</Event>\n</EventInfo>\n</UserData>\n</Event>\n"
  },
  {
    "EventID": 1014,
    "Timestamp": "2014-01-25 01:39:46.439522+00:00",
    "Computer": "IACIS-HDD-2014",
    "Channel": "Microsoft-Windows-Resource-Exhaustion-Resolver/Operational",
    "Level": "Information",
    "EventData": {},
    "RawXml": "<Event xmlns=\"http://schemas.microsoft.com/win/2004/08/events/event\"><System><Provider Name=\"Microsoft-Windows-Resource-Exhaustion-Resolver\" Guid=\"{91f5fb12-fdea-4095-85d5-614b495cd9de}\"></Provider>\n<EventID Qualifiers=\"\">1014</EventID>\n<Version>0</Version>\n<Level>4</Level>\n<Task>5</Task>\n<Opcode>41</Opcode>\n<Keywords>0x8000000000004000</Keywords>\n<TimeCreated SystemTime=\"2014-01-25 01:39:46.439522+00:00\"></TimeCreated>\n<EventRecordID>3</EventRecordID>\n<Correlation ActivityID=\"{aee9cfed-81dd-40b2-bdf1-d12977c8c8dc}\" RelatedActivityID=\"\"></Correlation>\n<Execution ProcessID=\"3052\" ThreadID=\"1076\"></Execution>\n<Channel>Microsoft-Windows-Resource-Exhaustion-Resolver/Operational</Channel>\n<Computer>IACIS-HDD-2014</Computer>\n<Security UserID=\"S-1-5-21-1171287513-3642516788-2358256967-1001\"></Security>\n</System>\n<UserData><DroppedLeakDiagnosisEventInfo xmlns:auto-ns2=\"http://schemas.microsoft.com/win/2004/08/events\" xmlns=\"http://www.microsoft.com/Windows/Resource/Exhaustion/Resolver/Event\"><ProcessImageName>svchost.exe_netsvcs</ProcessImageName>\n<ProcessId>888</ProcessId>\n<ProcessCreationTime>2014-01-25 04:23:36.518482+00:00</ProcessCreationTime>\n<DropReasonCode>16</DropReasonCode>\n</DroppedLeakDiagnosisEventInfo>\n</UserData>\n</Event>\n"
  },
  {
    "EventID": 1015,
    "Timestamp": "2014-01-25 02:15:00.153635+00:00",
    "Computer": "IACIS-HDD-2014",
    "Channel": "Microsoft-Windows-Resource-Exhaustion-Resolver/Operational",
    "Level": "Information",
    "EventData": {},
    "RawXml": "<Event xmlns=\"http://schemas.microsoft.com/win/2004/08/events/event\"><System><Provider Name=\"Microsoft-Windows-Resource-Exhaustion-Resolver\" Guid=\"{91f5fb12-fdea-4095-85d5-614b495cd9de}\"></Provider>\n<EventID Qualifiers=\"\">1015</EventID>\n<Version>0</Version>\n<Level>4</Level>\n<Task>3</Task>\n<Opcode>21</Opcode>\n<Keywords>0x8000000000002000</Keywords>\n<TimeCreated SystemTime=\"2014-01-25 02:15:00.153635+00:00\"></TimeCreated>\n<EventRecordID>4</EventRecordID>\n<Correlation ActivityID=\"{83da2d79-3dce-4108-9048-f05d1df7f597}\" RelatedActivityID=\"\"></Correlation>\n<Execution ProcessID=\"3052\" ThreadID=\"2860\"></Execution>\n<Channel>Microsoft-Windows-Resource-Exhaustion-Resolver/Operational</Channel>\n<Computer>IACIS-HDD-2014</Computer>\n<Security UserID=\"S-1-5-21-1171287513-3642516788-2358256967-1001\"></Security>\n</System>\n<UserData><EventInfo xmlns:auto-ns2=\"http://schemas.microsoft.com/win/2004/08/events\" xmlns=\"http://www.microsoft.com/Windows/Resource/Exhaustion/Resolver/Event\"><Event>2</Event>\n</EventInfo>\n</UserData>\n</Event>\n"
  },
  {
    "EventID": 1015,
    "Timestamp": "2014-01-25 06:16:51.283522+00:00",
    "Computer": "IACIS-HDD-2014",
    "Channel": "Microsoft-Windows-Resource-Exhaustion-Resolver/Operational",
    "Level": "Information",
    "EventData": {},
    "RawXml": "<Event xmlns=\"http://schemas.microsoft.com/win/2004/08/events/event\"><System><Provider Name=\"Microsoft-Windows-Resource-Exhaustion-Resolver\" Guid=\"{91f5fb12-fdea-4095-85d5-614b495cd9de}\"></Provider>\n<EventID Qualifiers=\"\">1015</EventID>\n<Version>0</Version>\n<Level>4</Level>\n<Task>3</Task>\n<Opcode>21</Opcode>\n<Keywords>0x8000000000002000</Keywords>\n<TimeCreated SystemTime=\"2014-01-25 06:16:51.283522+00:00\"></TimeCreated>\n<EventRecordID>5</EventRecordID>\n<Correlation ActivityID=\"{8bcabc2e-c291-499b-ae94-003529beeef2}\" RelatedActivityID=\"\"></Correlation>\n<Execution ProcessID=\"3052\" ThreadID=\"1668\"></Execution>\n<Channel>Microsoft-Windows-Resource-Exhaustion-Resolver/Operational</Channel>\n<Computer>IACIS-HDD-2014</Computer>\n<Security UserID=\"S-1-5-21-1171287513-3642516788-2358256967-1001\"></Security>\n</System>\n<UserData><EventInfo xmlns:auto-ns2=\"http://schemas.microsoft.com/win/2004/08/events\" xmlns=\"http://www.microsoft.com/Windows/Resource/Exhaustion/Resolver/Event\"><Event>1</Event>\n</EventInfo>\n</UserData>\n</Event>\n"
  },
  {
    "EventID": 1003,
    "Timestamp": "2014-01-25 06:16:51.330320+00:00",
    "Computer": "IACIS-HDD-2014",
    "Channel": "Microsoft-Windows-Resource-Exhaustion-Resolver/Operational",
    "Level": "Warning",
    "EventData": {},
    "RawXml": "<Event xmlns=\"http://schemas.microsoft.com/win/2004/08/events/event\"><System><Provider Name=\"Microsoft-Windows-Resource-Exhaustion-Resolver\" Guid=\"{91f5fb12-fdea-4095-85d5-614b495cd9de}\"></Provider>\n<EventID Qualifiers=\"\">1003</EventID>\n<Version>0</Version>\n<Level>3</Level>\n<Task>3</Task>\n<Opcode>24</Opcode>\n<Keywords>0x8000000000002000</Keywords>\n<TimeCreated SystemTime=\"2014-01-25 06:16:51.330320+00:00\"></TimeCreated>\n<EventRecordID>6</EventRecordID>\n<Correlation ActivityID=\"{8bcabc2e-c291-499b-ae94-003529beeef2}\" RelatedActivityID=\"\"></Correlation>\n<Execution ProcessID=\"3052\" ThreadID=\"1668\"></Execution>\n<Channel>Microsoft-Windows-Resource-Exhaustion-Resolver/Operational</Channel>\n<Computer>IACIS-HDD-2014</Computer>\n<Security UserID=\"S-1-5-21-1171287513-3642516788-2358256967-1001\"></Security>\n</System>\n<UserData><InvalidCommitLimitExhaustion xmlns:auto-ns2=\"http://schemas.microsoft.com/win/2004/08/events\" xmlns=\"http://www.microsoft.com/Windows/Resource/Exhaustion/Resolver/Event\"><TimeSinceLastUI>0</TimeSinceLastUI>\n<ExhaustionTime>2014-01-25 09:16:48.615738+00:00</ExhaustionTime>\n<EventType>9001</EventType>\n<DropReasonCode>4</DropReasonCode>\n<Notifications>0</Notifications>\n<MaxCommit>0</MaxCommit>\n</InvalidCommitLimitExhaustion>\n</UserData>\n</Event>\n"
  },
  {
    "EventID": 1015,
    "Timestamp": "2014-01-25 06:25:33.541239+00:00",
    "Computer": "IACIS-HDD-2014",
    "Channel": "Microsoft-Windows-Resource-Exhaustion-Resolver/Operational",
    "Level": "Information",
    "EventData": {},
    "RawXml": "<Event xmlns=\"http://schemas.microsoft.com/win/2004/08/events/event\"><System><Provider Name=\"Microsoft-Windows-Resource-Exhaustion-Resolver\" Guid=\"{91f5fb12-fdea-4095-85d5-614b495cd9de}\"></Provider>\n<EventID Qualifiers=\"\">1015</EventID>\n<Version>0</Version>\n<Level>4</Level>\n<Task>3</Task>\n<Opcode>21</Opcode>\n<Keywords>0x8000000000002000</Keywords>\n<TimeCreated SystemTime=\"2014-01-25 06:25:33.541239+00:00\"></TimeCreated>\n<EventRecordID>7</EventRecordID>\n<Correlation ActivityID=\"{96bf6da0-04d8-48b8-8def-fec70e1c3eae}\" RelatedActivityID=\"\"></Correlation>\n<Execution ProcessID=\"3052\" ThreadID=\"3060\"></Execution>\n<Channel>Microsoft-Windows-Resource-Exhaustion-Resolver/Operational</Channel>\n<Computer>IACIS-HDD-2014</Computer>\n<Security UserID=\"S-1-5-21-1171287513-3642516788-2358256967-1001\"></Security>\n</System>\n<UserData><EventInfo xmlns:auto-ns2=\"http://schemas.microsoft.com/win/2004/08/events\" xmlns=\"http://www.microsoft.com/Windows/Resource/Exhaustion/Resolver/Event\"><Event>1</Event>\n</EventInfo>\n</UserData>\n</Event>\n"
  },
  {
    "EventID": 1010,
    "Timestamp": "2014-01-25 06:25:33.619240+00:00",
    "Computer": "IACIS-HDD-2014",
    "Channel": "Microsoft-Windows-Resource-Exhaustion-Resolver/Operational",
    "Level": "Information",
    "EventData": {},
    "RawXml": "<Event xmlns=\"http://schemas.microsoft.com/win/2004/08/events/event\"><System><Provider Name=\"Microsoft-Windows-Resource-Exhaustion-Resolver\" Guid=\"{91f5fb12-fdea-4095-85d5-614b495cd9de}\"></Provider>\n<EventID Qualifiers=\"\">1010</EventID>\n<Version>0</Version>\n<Level>4</Level>\n<Task>3</Task>\n<Opcode>24</Opcode>\n<Keywords>0x8000000000002000</Keywords>\n<TimeCreated SystemTime=\"2014-01-25 06:25:33.619240+00:00\"></TimeCreated>\n<EventRecordID>8</EventRecordID>\n<Correlation ActivityID=\"{96bf6da0-04d8-48b8-8def-fec70e1c3eae}\" RelatedActivityID=\"\"></Correlation>\n<Execution ProcessID=\"3052\" ThreadID=\"3060\"></Execution>\n<Channel>Microsoft-Windows-Resource-Exhaustion-Resolver/Operational</Channel>\n<Computer>IACIS-HDD-2014</Computer>\n<Security UserID=\"S-1-5-21-1171287513-3642516788-2358256967-1001\"></Security>\n</System>\n<UserData><ResolutionInfo xmlns:auto-ns2=\"http://schemas.microsoft.com/win/2004/08/events\" xmlns=\"http://www.microsoft.com/Windows/Resource/Exhaustion/Resolver/Event\"><ReasonCode>32768</ReasonCode>\n<UserAction>1</UserAction>\n<MaxCommit>1</MaxCommit>\n</ResolutionInfo>\n</UserData>\n</Event>\n"
  },
  {
    "EventID": 1015,
    "Timestamp": "2014-01-25 06:26:54.864182+00:00",
    "Computer": "IACIS-HDD-2014",
    "Channel": "Microsoft-Windows-Resource-Exhaustion-Resolver/Operational",
    "Level": "Information",
    "EventData": {},
    "RawXml": "<Event xmlns=\"http://schemas.microsoft.com/win/2004/08/events/event\"><System><Provider Name=\"Microsoft-Windows-Resource-Exhaustion-Resolver\" Guid=\"{91f5fb12-fdea-4095-85d5-614b495cd9de}\"></Provider>\n<EventID Qualifiers=\"\">1015</EventID>\n<Version>0</Version>\n<Level>4</Level>\n<Task>3</Task>\n<Opcode>21</Opcode>\n<Keywords>0x8000000000002000</Keywords>\n<TimeCreated SystemTime=\"2014-01-25 06:26:54.864182+00:00\"></TimeCreated>\n<EventRecordID>9</EventRecordID>\n<Correlation ActivityID=\"{6ee765f8-97e2-47ac-a2cf-fe7b66536c54}\" RelatedActivityID=\"\"></Correlation>\n<Execution ProcessID=\"3052\" ThreadID=\"1648\"></Execution>\n<Channel>Microsoft-Windows-Resource-Exhaustion-Resolver/Operational</Channel>\n<Computer>IACIS-HDD-2014</Computer>\n<Security UserID=\"S-1-5-21-1171287513-3642516788-2358256967-1001\"></Security>\n</System>\n<UserData><EventInfo xmlns:auto-ns2=\"http://schemas.microsoft.com/win/2004/08/events\" xmlns=\"http://www.microsoft.com/Windows/Resource/Exhaustion/Resolver/Event\"><Event>1</Event>\n</EventInfo>\n</UserData>\n</Event>\n"
  },
  {
    "EventID": 1003,
    "Timestamp": "2014-01-25 06:26:54.879782+00:00",
    "Computer": "IACIS-HDD-2014",
    "Channel": "Microsoft-Windows-Resource-Exhaustion-Resolver/Operational",
    "Level": "Warning",
    "EventData": {},
    "RawXml": "<Event xmlns=\"http://schemas.microsoft.com/win/2004/08/events/event\"><System><Provider Name=\"Microsoft-Windows-Resource-Exhaustion-Resolver\" Guid=\"{91f5fb12-fdea-4095-85d5-614b495cd9de}\"></Provider>\n<EventID Qualifiers=\"\">1003</EventID>\n<Version>0</Version>\n<Level>3</Level>\n<Task>3</Task>\n<Opcode>24</Opcode>\n<Keywords>0x8000000000002000</Keywords>\n<TimeCreated SystemTime=\"2014-01-25 06:26:54.879782+00:00\"></TimeCreated>\n<EventRecordID>10</EventRecordID>\n<Correlation ActivityID=\"{6ee765f8-97e2-47ac-a2cf-fe7b66536c54}\" RelatedActivityID=\"\"></Correlation>\n<Execution ProcessID=\"3052\" ThreadID=\"1648\"></Execution>\n<Channel>Microsoft-Windows-Resource-Exhaustion-Resolver/Operational</Channel>\n<Computer>IACIS-HDD-2014</Computer>\n<Security UserID=\"S-1-5-21-1171287513-3642516788-2358256967-1001\"></Security>\n</System>\n<UserData><InvalidCommitLimitExhaustion xmlns:auto-ns2=\"http://schemas.microsoft.com/win/2004/08/events\" xmlns=\"http://www.microsoft.com/Windows/Resource/Exhaustion/Resolver/Event\"><TimeSinceLastUI>0</TimeSinceLastUI>\n<ExhaustionTime>0001-01-01 00:00:00</ExhaustionTime>\n<EventType>0</EventType>\n<DropReasonCode>128</DropReasonCode>\n<Notifications>0</Notifications>\n<MaxCommit>0</MaxCommit>\n</InvalidCommitLimitExhaustion>\n</UserData>\n</Event>\n"
  },
  {
    "EventID": 1015,
    "Timestamp": "2014-01-25 06:31:54.681108+00:00",
    "Computer": "IACIS-HDD-2014",
    "Channel": "Microsoft-Windows-Resource-Exhaustion-Resolver/Operational",
    "Level": "Information",
    "EventData": {},
    "RawXml": "<Event xmlns=\"http://schemas.microsoft.com/win/2004/08/events/event\"><System><Provider Name=\"Microsoft-Windows-Resource-Exhaustion-Resolver\" Guid=\"{91f5fb12-fdea-4095-85d5-614b495cd9de}\"></Provider>\n<EventID Qualifiers=\"\">1015</EventID>\n<Version>0</Version>\n<Level>4</Level>\n<Task>3</Task>\n<Opcode>21</Opcode>\n<Keywords>0x8000000000002000</Keywords>\n<TimeCreated SystemTime=\"2014-01-25 06:31:54.681108+00:00\"></TimeCreated>\n<EventRecordID>11</EventRecordID>\n<Correlation ActivityID=\"{4015cc07-c63d-4dd7-b098-5cc93721676c}\" RelatedActivityID=\"\"></Correlation>\n<Execution ProcessID=\"3052\" ThreadID=\"1648\"></Execution>\n<Channel>Microsoft-Windows-Resource-Exhaustion-Resolver/Operational</Channel>\n<Computer>IACIS-HDD-2014</Computer>\n<Security UserID=\"S-1-5-21-1171287513-3642516788-2358256967-1001\"></Security>\n</System>\n<UserData><EventInfo xmlns:auto-ns2=\"http://schemas.microsoft.com/win/2004/08/events\" xmlns=\"http://www.microsoft.com/Windows/Resource/Exhaustion/Resolver/Event\"><Event>1</Event>\n</EventInfo>\n</UserData>\n</Event>\n"
  },
  {
    "EventID": 1003,
    "Timestamp": "2014-01-25 06:31:54.696709+00:00",
    "Computer": "IACIS-HDD-2014",
    "Channel": "Microsoft-Windows-Resource-Exhaustion-Resolver/Operational",
    "Level": "Warning",
    "EventData": {},
    "RawXml": "<Event xmlns=\"http://schemas.microsoft.com/win/2004/08/events/event\"><System><Provider Name=\"Microsoft-Windows-Resource-Exhaustion-Resolver\" Guid=\"{91f5fb12-fdea-4095-85d5-614b495cd9de}\"></Provider>\n<EventID Qualifiers=\"\">1003</EventID>\n<Version>0</Version>\n<Level>3</Level>\n<Task>3</Task>\n<Opcode>24</Opcode>\n<Keywords>0x8000000000002000</Keywords>\n<TimeCreated SystemTime=\"2014-01-25 06:31:54.696709+00:00\"></TimeCreated>\n<EventRecordID>12</EventRecordID>\n<Correlation ActivityID=\"{4015cc07-c63d-4dd7-b098-5cc93721676c}\" RelatedActivityID=\"\"></Correlation>\n<Execution ProcessID=\"3052\" ThreadID=\"1648\"></Execution>\n<Channel>Microsoft-Windows-Resource-Exhaustion-Resolver/Operational</Channel>\n<Computer>IACIS-HDD-2014</Computer>\n<Security UserID=\"S-1-5-21-1171287513-3642516788-2358256967-1001\"></Security>\n</System>\n<UserData><InvalidCommitLimitExhaustion xmlns:auto-ns2=\"http://schemas.microsoft.com/win/2004/08/events\" xmlns=\"http://www.microsoft.com/Windows/Resource/Exhaustion/Resolver/Event\"><TimeSinceLastUI>0</TimeSinceLastUI>\n<ExhaustionTime>0001-01-01 00:00:00</ExhaustionTime>\n<EventType>0</EventType>\n<DropReasonCode>128</DropReasonCode>\n<Notifications>0</Notifications>\n<MaxCommit>0</MaxCommit>\n</InvalidCommitLimitExhaustion>\n</UserData>\n</Event>\n"
  },
  {
    "EventID": 1015,
    "Timestamp": "2014-01-25 06:36:54.950436+00:00",
    "Computer": "IACIS-HDD-2014",
    "Channel": "Microsoft-Windows-Resource-Exhaustion-Resolver/Operational",
    "Level": "Information",
    "EventData": {},
    "RawXml": "<Event xmlns=\"http://schemas.microsoft.com/win/2004/08/events/event\"><System><Provider Name=\"Microsoft-Windows-Resource-Exhaustion-Resolver\" Guid=\"{91f5fb12-fdea-4095-85d5-614b495cd9de}\"></Provider>\n<EventID Qualifiers=\"\">1015</EventID>\n<Version>0</Version>\n<Level>4</Level>\n<Task>3</Task>\n<Opcode>21</Opcode>\n<Keywords>0x8000000000002000</Keywords>\n<TimeCreated SystemTime=\"2014-01-25 06:36:54.950436+00:00\"></TimeCreated>\n<EventRecordID>13</EventRecordID>\n<Correlation ActivityID=\"{579240dc-e7b5-45d0-a4a4-aa133f095662}\" RelatedActivityID=\"\"></Correlation>\n<Execution ProcessID=\"3052\" ThreadID=\"1648\"></Execution>\n<Channel>Microsoft-Windows-Resource-Exhaustion-Resolver/Operational</Channel>\n<Computer>IACIS-HDD-2014</Computer>\n<Security UserID=\"S-1-5-21-1171287513-3642516788-2358256967-1001\"></Security>\n</System>\n<UserData><EventInfo xmlns:auto-ns2=\"http://schemas.microsoft.com/win/2004/08/events\" xmlns=\"http://www.microsoft.com/Windows/Resource/Exhaustion/Resolver/Event\"><Event>1</Event>\n</EventInfo>\n</UserData>\n</Event>\n"
  },
  {
    "EventID": 1003,
    "Timestamp": "2014-01-25 06:36:54.950436+00:00",
    "Computer": "IACIS-HDD-2014",
    "Channel": "Microsoft-Windows-Resource-Exhaustion-Resolver/Operational",
    "Level": "Warning",
    "EventData": {},
    "RawXml": "<Event xmlns=\"http://schemas.microsoft.com/win/2004/08/events/event\"><System><Provider Name=\"Microsoft-Windows-Resource-Exhaustion-Resolver\" Guid=\"{91f5fb12-fdea-4095-85d5-614b495cd9de}\"></Provider>\n<EventID Qualifiers=\"\">1003</EventID>\n<Version>0</Version>\n<Level>3</Level>\n<Task>3</Task>\n<Opcode>24</Opcode>\n<Keywords>0x8000000000002000</Keywords>\n<TimeCreated SystemTime=\"2014-01-25 06:36:54.950436+00:00\"></TimeCreated>\n<EventRecordID>14</EventRecordID>\n<Correlation ActivityID=\"{579240dc-e7b5-45d0-a4a4-aa133f095662}\" RelatedActivityID=\"\"></Correlation>\n<Execution ProcessID=\"3052\" ThreadID=\"1648\"></Execution>\n<Channel>Microsoft-Windows-Resource-Exhaustion-Resolver/Operational</Channel>\n<Computer>IACIS-HDD-2014</Computer>\n<Security UserID=\"S-1-5-21-1171287513-3642516788-2358256967-1001\"></Security>\n</System>\n<UserData><InvalidCommitLimitExhaustion xmlns:auto-ns2=\"http://schemas.microsoft.com/win/2004/08/events\" xmlns=\"http://www.microsoft.com/Windows/Resource/Exhaustion/Resolver/Event\"><TimeSinceLastUI>0</TimeSinceLastUI>\n<ExhaustionTime>0001-01-01 00:00:00</ExhaustionTime>\n<EventType>0</EventType>\n<DropReasonCode>128</DropReasonCode>\n<Notifications>0</Notifications>\n<MaxCommit>0</MaxCommit>\n</InvalidCommitLimitExhaustion>\n</UserData>\n</Event>\n"
  },
  {
    "EventID": 1015,
    "Timestamp": "2014-01-25 06:43:39.895947+00:00",
    "Computer": "IACIS-HDD-2014",
    "Channel": "Microsoft-Windows-Resource-Exhaustion-Resolver/Operational",
    "Level": "Information",
    "EventData": {},
    "RawXml": "<Event xmlns=\"http://schemas.microsoft.com/win/2004/08/events/event\"><System><Provider Name=\"Microsoft-Windows-Resource-Exhaustion-Resolver\" Guid=\"{91f5fb12-fdea-4095-85d5-614b495cd9de}\"></Provider>\n<EventID Qualifiers=\"\">1015</EventID>\n<Version>0</Version>\n<Level>4</Level>\n<Task>3</Task>\n<Opcode>21</Opcode>\n<Keywords>0x8000000000002000</Keywords>\n<TimeCreated SystemTime=\"2014-01-25 06:43:39.895947+00:00\"></TimeCreated>\n<EventRecordID>15</EventRecordID>\n<Correlation ActivityID=\"{e6d39dbd-b822-439f-ac1b-5a0adfe244f5}\" RelatedActivityID=\"\"></Correlation>\n<Execution ProcessID=\"3052\" ThreadID=\"1648\"></Execution>\n<Channel>Microsoft-Windows-Resource-Exhaustion-Resolver/Operational</Channel>\n<Computer>IACIS-HDD-2014</Computer>\n<Security UserID=\"S-1-5-21-1171287513-3642516788-2358256967-1001\"></Security>\n</System>\n<UserData><EventInfo xmlns:auto-ns2=\"http://schemas.microsoft.com/win/2004/08/events\" xmlns=\"http://www.microsoft.com/Windows/Resource/Exhaustion/Resolver/Event\"><Event>1</Event>\n</EventInfo>\n</UserData>\n</Event>\n"
  },
  {
    "EventID": 1003,
    "Timestamp": "2014-01-25 06:43:39.927147+00:00",
    "Computer": "IACIS-HDD-2014",
    "Channel": "Microsoft-Windows-Resource-Exhaustion-Resolver/Operational",
    "Level": "Warning",
    "EventData": {},
    "RawXml": "<Event xmlns=\"http://schemas.microsoft.com/win/2004/08/events/event\"><System><Provider Name=\"Microsoft-Windows-Resource-Exhaustion-Resolver\" Guid=\"{91f5fb12-fdea-4095-85d5-614b495cd9de}\"></Provider>\n<EventID Qualifiers=\"\">1003</EventID>\n<Version>0</Version>\n<Level>3</Level>\n<Task>3</Task>\n<Opcode>24</Opcode>\n<Keywords>0x8000000000002000</Keywords>\n<TimeCreated SystemTime=\"2014-01-25 06:43:39.927147+00:00\"></TimeCreated>\n<EventRecordID>16</EventRecordID>\n<Correlation ActivityID=\"{e6d39dbd-b822-439f-ac1b-5a0adfe244f5}\" RelatedActivityID=\"\"></Correlation>\n<Execution ProcessID=\"3052\" ThreadID=\"1648\"></Execution>\n<Channel>Microsoft-Windows-Resource-Exhaustion-Resolver/Operational</Channel>\n<Computer>IACIS-HDD-2014</Computer>\n<Security UserID=\"S-1-5-21-1171287513-3642516788-2358256967-1001\"></Security>\n</System>\n<UserData><InvalidCommitLimitExhaustion xmlns:auto-ns2=\"http://schemas.microsoft.com/win/2004/08/events\" xmlns=\"http://www.microsoft.com/Windows/Resource/Exhaustion/Resolver/Event\"><TimeSinceLastUI>0</TimeSinceLastUI>\n<ExhaustionTime>0001-01-01 00:00:00</ExhaustionTime>\n<EventType>0</EventType>\n<DropReasonCode>128</DropReasonCode>\n<Notifications>0</Notifications>\n<MaxCommit>0</MaxCommit>\n</InvalidCommitLimitExhaustion>\n</UserData>\n</Event>\n"
  },
  {
    "EventID": 1015,
    "Timestamp": "2014-01-25 06:48:42.723679+00:00",
    "Computer": "IACIS-HDD-2014",
    "Channel": "Microsoft-Windows-Resource-Exhaustion-Resolver/Operational",
    "Level": "Information",
    "EventData": {},
    "RawXml": "<Event xmlns=\"http://schemas.microsoft.com/win/2004/08/events/event\"><System><Provider Name=\"Microsoft-Windows-Resource-Exhaustion-Resolver\" Guid=\"{91f5fb12-fdea-4095-85d5-614b495cd9de}\"></Provider>\n<EventID Qualifiers=\"\">1015</EventID>\n<Version>0</Version>\n<Level>4</Level>\n<Task>3</Task>\n<Opcode>21</Opcode>\n<Keywords>0x8000000000002000</Keywords>\n<TimeCreated SystemTime=\"2014-01-25 06:48:42.723679+00:00\"></TimeCreated>\n<EventRecordID>17</EventRecordID>\n<Correlation ActivityID=\"{558cab92-8161-4468-80de-d82d20109792}\" RelatedActivityID=\"\"></Correlation>\n<Execution ProcessID=\"3052\" ThreadID=\"1648\"></Execution>\n<Channel>Microsoft-Windows-Resource-Exhaustion-Resolver/Operational</Channel>\n<Computer>IACIS-HDD-2014</Computer>\n<Security UserID=\"S-1-5-21-1171287513-3642516788-2358256967-1001\"></Security>\n</System>\n<UserData><EventInfo xmlns:auto-ns2=\"http://schemas.microsoft.com/win/2004/08/events\" xmlns=\"http://www.microsoft.com/Windows/Resource/Exhaustion/Resolver/Event\"><Event>1</Event>\n</EventInfo>\n</UserData>\n</Event>\n"
  },
  {
    "EventID": 1003,
    "Timestamp": "2014-01-25 06:48:42.770479+00:00",
    "Computer": "IACIS-HDD-2014",
    "Channel": "Microsoft-Windows-Resource-Exhaustion-Resolver/Operational",
    "Level": "Warning",
    "EventData": {},
    "RawXml": "<Event xmlns=\"http://schemas.microsoft.com/win/2004/08/events/event\"><System><Provider Name=\"Microsoft-Windows-Resource-Exhaustion-Resolver\" Guid=\"{91f5fb12-fdea-4095-85d5-614b495cd9de}\"></Provider>\n<EventID Qualifiers=\"\">1003</EventID>\n<Version>0</Version>\n<Level>3</Level>\n<Task>3</Task>\n<Opcode>24</Opcode>\n<Keywords>0x8000000000002000</Keywords>\n<TimeCreated SystemTime=\"2014-01-25 06:48:42.770479+00:00\"></TimeCreated>\n<EventRecordID>18</EventRecordID>\n<Correlation ActivityID=\"{558cab92-8161-4468-80de-d82d20109792}\" RelatedActivityID=\"\"></Correlation>\n<Execution ProcessID=\"3052\" ThreadID=\"1648\"></Execution>\n<Channel>Microsoft-Windows-Resource-Exhaustion-Resolver/Operational</Channel>\n<Computer>IACIS-HDD-2014</Computer>\n<Security UserID=\"S-1-5-21-1171287513-3642516788-2358256967-1001\"></Security>\n</System>\n<UserData><InvalidCommitLimitExhaustion xmlns:auto-ns2=\"http://schemas.microsoft.com/win/2004/08/events\" xmlns=\"http://www.microsoft.com/Windows/Resource/Exhaustion/Resolver/Event\"><TimeSinceLastUI>0</TimeSinceLastUI>\n<ExhaustionTime>0001-01-01 00:00:00</ExhaustionTime>\n<EventType>0</EventType>\n<DropReasonCode>128</DropReasonCode>\n<Notifications>0</Notifications>\n<MaxCommit>0</MaxCommit>\n</InvalidCommitLimitExhaustion>\n</UserData>\n</Event>\n"
  },
  {
    "EventID": 1015,
    "Timestamp": "2014-01-25 06:53:46.144213+00:00",
    "Computer": "IACIS-HDD-2014",
    "Channel": "Microsoft-Windows-Resource-Exhaustion-Resolver/Operational",
    "Level": "Information",
    "EventData": {},
    "RawXml": "<Event xmlns=\"http://schemas.microsoft.com/win/2004/08/events/event\"><System><Provider Name=\"Microsoft-Windows-Resource-Exhaustion-Resolver\" Guid=\"{91f5fb12-fdea-4095-85d5-614b495cd9de}\"></Provider>\n<EventID Qualifiers=\"\">1015</EventID>\n<Version>0</Version>\n<Level>4</Level>\n<Task>3</Task>\n<Opcode>21</Opcode>\n<Keywords>0x8000000000002000</Keywords>\n<TimeCreated SystemTime=\"2014-01-25 06:53:46.144213+00:00\"></TimeCreated>\n<EventRecordID>19</EventRecordID>\n<Correlation ActivityID=\"{cafe5976-5626-4579-a554-b8cf6973174e}\" RelatedActivityID=\"\"></Correlation>\n<Execution ProcessID=\"3052\" ThreadID=\"2592\"></Execution>\n<Channel>Microsoft-Windows-Resource-Exhaustion-Resolver/Operational</Channel>\n<Computer>IACIS-HDD-2014</Computer>\n<Security UserID=\"S-1-5-21-1171287513-3642516788-2358256967-1001\"></Security>\n</System>\n<UserData><EventInfo xmlns:auto-ns2=\"http://schemas.microsoft.com/win/2004/08/events\" xmlns=\"http://www.microsoft.com/Windows/Resource/Exhaustion/Resolver/Event\"><Event>1</Event>\n</EventInfo>\n</UserData>\n</Event>\n"
  },
  {
    "EventID": 1003,
    "Timestamp": "2014-01-25 06:53:46.159813+00:00",
    "Computer": "IACIS-HDD-2014",
    "Channel": "Microsoft-Windows-Resource-Exhaustion-Resolver/Operational",
    "Level": "Warning",
    "EventData": {},
    "RawXml": "<Event xmlns=\"http://schemas.microsoft.com/win/2004/08/events/event\"><System><Provider Name=\"Microsoft-Windows-Resource-Exhaustion-Resolver\" Guid=\"{91f5fb12-fdea-4095-85d5-614b495cd9de}\"></Provider>\n<EventID Qualifiers=\"\">1003</EventID>\n<Version>0</Version>\n<Level>3</Level>\n<Task>3</Task>\n<Opcode>24</Opcode>\n<Keywords>0x8000000000002000</Keywords>\n<TimeCreated SystemTime=\"2014-01-25 06:53:46.159813+00:00\"></TimeCreated>\n<EventRecordID>20</EventRecordID>\n<Correlation ActivityID=\"{cafe5976-5626-4579-a554-b8cf6973174e}\" RelatedActivityID=\"\"></Correlation>\n<Execution ProcessID=\"3052\" ThreadID=\"2592\"></Execution>\n<Channel>Microsoft-Windows-Resource-Exhaustion-Resolver/Operational</Channel>\n<Computer>IACIS-HDD-2014</Computer>\n<Security UserID=\"S-1-5-21-1171287513-3642516788-2358256967-1001\"></Security>\n</System>\n<UserData><InvalidCommitLimitExhaustion xmlns:auto-ns2=\"http://schemas.microsoft.com/win/2004/08/events\" xmlns=\"http://www.microsoft.com/Windows/Resource/Exhaustion/Resolver/Event\"><TimeSinceLastUI>0</TimeSinceLastUI>\n<ExhaustionTime>0001-01-01 00:00:00</ExhaustionTime>\n<EventType>0</EventType>\n<DropReasonCode>128</DropReasonCode>\n<Notifications>0</Notifications>\n<MaxCommit>0</MaxCommit>\n</InvalidCommitLimitExhaustion>\n</UserData>\n</Event>\n"
  },
  {
    "EventID": 1015,
    "Timestamp": "2014-01-25 06:58:40.313929+00:00",
    "Computer": "IACIS-HDD-2014",
    "Channel": "Microsoft-Windows-Resource-Exhaustion-Resolver/Operational",
    "Level": "Information",
    "EventData": {},
    "RawXml": "<Event xmlns=\"http://schemas.microsoft.com/win/2004/08/events/event\"><System><Provider Name=\"Microsoft-Windows-Resource-Exhaustion-Resolver\" Guid=\"{91f5fb12-fdea-4095-85d5-614b495cd9de}\"></Provider>\n<EventID Qualifiers=\"\">1015</EventID>\n<Version>0</Version>\n<Level>4</Level>\n<Task>3</Task>\n<Opcode>21</Opcode>\n<Keywords>0x8000000000002000</Keywords>\n<TimeCreated SystemTime=\"2014-01-25 06:58:40.313929+00:00\"></TimeCreated>\n<EventRecordID>21</EventRecordID>\n<Correlation ActivityID=\"{8700e511-25ae-49b9-873e-abf91fcd83e3}\" RelatedActivityID=\"\"></Correlation>\n<Execution ProcessID=\"3052\" ThreadID=\"2704\"></Execution>\n<Channel>Microsoft-Windows-Resource-Exhaustion-Resolver/Operational</Channel>\n<Computer>IACIS-HDD-2014</Computer>\n<Security UserID=\"S-1-5-21-1171287513-3642516788-2358256967-1001\"></Security>\n</System>\n<UserData><EventInfo xmlns:auto-ns2=\"http://schemas.microsoft.com/win/2004/08/events\" xmlns=\"http://www.microsoft.com/Windows/Resource/Exhaustion/Resolver/Event\"><Event>1</Event>\n</EventInfo>\n</UserData>\n</Event>\n"
  },
  {
    "EventID": 1003,
    "Timestamp": "2014-01-25 06:58:40.313929+00:00",
    "Computer": "IACIS-HDD-2014",
    "Channel": "Microsoft-Windows-Resource-Exhaustion-Resolver/Operational",
    "Level": "Warning",
    "EventData": {},
    "RawXml": "<Event xmlns=\"http://schemas.microsoft.com/win/2004/08/events/event\"><System><Provider Name=\"Microsoft-Windows-Resource-Exhaustion-Resolver\" Guid=\"{91f5fb12-fdea-4095-85d5-614b495cd9de}\"></Provider>\n<EventID Qualifiers=\"\">1003</EventID>\n<Version>0</Version>\n<Level>3</Level>\n<Task>3</Task>\n<Opcode>24</Opcode>\n<Keywords>0x8000000000002000</Keywords>\n<TimeCreated SystemTime=\"2014-01-25 06:58:40.313929+00:00\"></TimeCreated>\n<EventRecordID>22</EventRecordID>\n<Correlation ActivityID=\"{8700e511-25ae-49b9-873e-abf91fcd83e3}\" RelatedActivityID=\"\"></Correlation>\n<Execution ProcessID=\"3052\" ThreadID=\"2704\"></Execution>\n<Channel>Microsoft-Windows-Resource-Exhaustion-Resolver/Operational</Channel>\n<Computer>IACIS-HDD-2014</Computer>\n<Security UserID=\"S-1-5-21-1171287513-3642516788-2358256967-1001\"></Security>\n</System>\n<UserData><InvalidCommitLimitExhaustion xmlns:auto-ns2=\"http://schemas.microsoft.com/win/2004/08/events\" xmlns=\"http://www.microsoft.com/Windows/Resource/Exhaustion/Resolver/Event\"><TimeSinceLastUI>0</TimeSinceLastUI>\n<ExhaustionTime>0001-01-01 00:00:00</ExhaustionTime>\n<EventType>0</EventType>\n<DropReasonCode>128</DropReasonCode>\n<Notifications>0</Notifications>\n<MaxCommit>0</MaxCommit>\n</InvalidCommitLimitExhaustion>\n</UserData>\n</Event>\n"
  },
  {
    "EventID": 1015,
    "Timestamp": "2014-01-25 07:03:42.439659+00:00",
    "Computer": "IACIS-HDD-2014",
    "Channel": "Microsoft-Windows-Resource-Exhaustion-Resolver/Operational",
    "Level": "Information",
    "EventData": {},
    "RawXml": "<Event xmlns=\"http://schemas.microsoft.com/win/2004/08/events/event\"><System><Provider Name=\"Microsoft-Windows-Resource-Exhaustion-Resolver\" Guid=\"{91f5fb12-fdea-4095-85d5-614b495cd9de}\"></Provider>\n<EventID Qualifiers=\"\">1015</EventID>\n<Version>0</Version>\n<Level>4</Level>\n<Task>3</Task>\n<Opcode>21</Opcode>\n<Keywords>0x8000000000002000</Keywords>\n<TimeCreated SystemTime=\"2014-01-25 07:03:42.439659+00:00\"></TimeCreated>\n<EventRecordID>23</EventRecordID>\n<Correlation ActivityID=\"{e5cd2795-4814-4677-996f-e1ea2ef9c349}\" RelatedActivityID=\"\"></Correlation>\n<Execution ProcessID=\"3052\" ThreadID=\"2704\"></Execution>\n<Channel>Microsoft-Windows-Resource-Exhaustion-Resolver/Operational</Channel>\n<Computer>IACIS-HDD-2014</Computer>\n<Security UserID=\"S-1-5-21-1171287513-3642516788-2358256967-1001\"></Security>\n</System>\n<UserData><EventInfo xmlns:auto-ns2=\"http://schemas.microsoft.com/win/2004/08/events\" xmlns=\"http://www.microsoft.com/Windows/Resource/Exhaustion/Resolver/Event\"><Event>1</Event>\n</EventInfo>\n</UserData>\n</Event>\n"
  },
  {
    "EventID": 1003,
    "Timestamp": "2014-01-25 07:03:42.455259+00:00",
    "Computer": "IACIS-HDD-2014",
    "Channel": "Microsoft-Windows-Resource-Exhaustion-Resolver/Operational",
    "Level": "Warning",
    "EventData": {},
    "RawXml": "<Event xmlns=\"http://schemas.microsoft.com/win/2004/08/events/event\"><System><Provider Name=\"Microsoft-Windows-Resource-Exhaustion-Resolver\" Guid=\"{91f5fb12-fdea-4095-85d5-614b495cd9de}\"></Provider>\n<EventID Qualifiers=\"\">1003</EventID>\n<Version>0</Version>\n<Level>3</Level>\n<Task>3</Task>\n<Opcode>24</Opcode>\n<Keywords>0x8000000000002000</Keywords>\n<TimeCreated SystemTime=\"2014-01-25 07:03:42.455259+00:00\"></TimeCreated>\n<EventRecordID>24</EventRecordID>\n<Correlation ActivityID=\"{e5cd2795-4814-4677-996f-e1ea2ef9c349}\" RelatedActivityID=\"\"></Correlation>\n<Execution ProcessID=\"3052\" ThreadID=\"2704\"></Execution>\n<Channel>Microsoft-Windows-Resource-Exhaustion-Resolver/Operational</Channel>\n<Computer>IACIS-HDD-2014</Computer>\n<Security UserID=\"S-1-5-21-1171287513-3642516788-2358256967-1001\"></Security>\n</System>\n<UserData><InvalidCommitLimitExhaustion xmlns:auto-ns2=\"http://schemas.microsoft.com/win/2004/08/events\" xmlns=\"http://www.microsoft.com/Windows/Resource/Exhaustion/Resolver/Event\"><TimeSinceLastUI>0</TimeSinceLastUI>\n<ExhaustionTime>0001-01-01 00:00:00</ExhaustionTime>\n<EventType>0</EventType>\n<DropReasonCode>128</DropReasonCode>\n<Notifications>0</Notifications>\n<MaxCommit>0</MaxCommit>\n</InvalidCommitLimitExhaustion>\n</UserData>\n</Event>\n"
  },
  {
    "EventID": 1015,
    "Timestamp": "2014-01-25 07:08:42.958586+00:00",
    "Computer": "IACIS-HDD-2014",
    "Channel": "Microsoft-Windows-Resource-Exhaustion-Resolver/Operational",
    "Level": "Information",
    "EventData": {},
    "RawXml": "<Event xmlns=\"http://schemas.microsoft.com/win/2004/08/events/event\"><System><Provider Name=\"Microsoft-Windows-Resource-Exhaustion-Resolver\" Guid=\"{91f5fb12-fdea-4095-85d5-614b495cd9de}\"></Provider>\n<EventID Qualifiers=\"\">1015</EventID>\n<Version>0</Version>\n<Level>4</Level>\n<Task>3</Task>\n<Opcode>21</Opcode>\n<Keywords>0x8000000000002000</Keywords>\n<TimeCreated SystemTime=\"2014-01-25 07:08:42.958586+00:00\"></TimeCreated>\n<EventRecordID>25</EventRecordID>\n<Correlation ActivityID=\"{53a732dd-7c44-442b-a9cf-17814cb4e0f1}\" RelatedActivityID=\"\"></Correlation>\n<Execution ProcessID=\"3052\" ThreadID=\"2704\"></Execution>\n<Channel>Microsoft-Windows-Resource-Exhaustion-Resolver/Operational</Channel>\n<Computer>IACIS-HDD-2014</Computer>\n<Security UserID=\"S-1-5-21-1171287513-3642516788-2358256967-1001\"></Security>\n</System>\n<UserData><EventInfo xmlns:auto-ns2=\"http://schemas.microsoft.com/win/2004/08/events\" xmlns=\"http://www.microsoft.com/Windows/Resource/Exhaustion/Resolver/Event\"><Event>1</Event>\n</EventInfo>\n</UserData>\n</Event>\n"
  },
  {
    "EventID": 1003,
    "Timestamp": "2014-01-25 07:08:42.989786+00:00",
    "Computer": "IACIS-HDD-2014",
    "Channel": "Microsoft-Windows-Resource-Exhaustion-Resolver/Operational",
    "Level": "Warning",
    "EventData": {},
    "RawXml": "<Event xmlns=\"http://schemas.microsoft.com/win/2004/08/events/event\"><System><Provider Name=\"Microsoft-Windows-Resource-Exhaustion-Resolver\" Guid=\"{91f5fb12-fdea-4095-85d5-614b495cd9de}\"></Provider>\n<EventID Qualifiers=\"\">1003</EventID>\n<Version>0</Version>\n<Level>3</Level>\n<Task>3</Task>\n<Opcode>24</Opcode>\n<Keywords>0x8000000000002000</Keywords>\n<TimeCreated SystemTime=\"2014-01-25 07:08:42.989786+00:00\"></TimeCreated>\n<EventRecordID>26</EventRecordID>\n<Correlation ActivityID=\"{53a732dd-7c44-442b-a9cf-17814cb4e0f1}\" RelatedActivityID=\"\"></Correlation>\n<Execution ProcessID=\"3052\" ThreadID=\"2704\"></Execution>\n<Channel>Microsoft-Windows-Resource-Exhaustion-Resolver/Operational</Channel>\n<Computer>IACIS-HDD-2014</Computer>\n<Security UserID=\"S-1-5-21-1171287513-3642516788-2358256967-1001\"></Security>\n</System>\n<UserData><InvalidCommitLimitExhaustion xmlns:auto-ns2=\"http://schemas.microsoft.com/win/2004/08/events\" xmlns=\"http://www.microsoft.com/Windows/Resource/Exhaustion/Resolver/Event\"><TimeSinceLastUI>0</TimeSinceLastUI>\n<ExhaustionTime>0001-01-01 00:00:00</ExhaustionTime>\n<EventType>0</EventType>\n<DropReasonCode>128</DropReasonCode>\n<Notifications>0</Notifications>\n<MaxCommit>0</MaxCommit>\n</InvalidCommitLimitExhaustion>\n</UserData>\n</Event>\n"
  },
  {
    "EventID": 1015,
    "Timestamp": "2014-01-25 07:13:42.525913+00:00",
    "Computer": "IACIS-HDD-2014",
    "Channel": "Microsoft-Windows-Resource-Exhaustion-Resolver/Operational",
    "Level": "Information",
    "EventData": {},
    "RawXml": "<Event xmlns=\"http://schemas.microsoft.com/win/2004/08/events/event\"><System><Provider Name=\"Microsoft-Windows-Resource-Exhaustion-Resolver\" Guid=\"{91f5fb12-fdea-4095-85d5-614b495cd9de}\"></Provider>\n<EventID Qualifiers=\"\">1015</EventID>\n<Version>0</Version>\n<Level>4</Level>\n<Task>3</Task>\n<Opcode>21</Opcode>\n<Keywords>0x8000000000002000</Keywords>\n<TimeCreated SystemTime=\"2014-01-25 07:13:42.525913+00:00\"></TimeCreated>\n<EventRecordID>27</EventRecordID>\n<Correlation ActivityID=\"{6e116df7-3756-4baf-99c2-a2bdf8848225}\" RelatedActivityID=\"\"></Correlation>\n<Execution ProcessID=\"3052\" ThreadID=\"2704\"></Execution>\n<Channel>Microsoft-Windows-Resource-Exhaustion-Resolver/Operational</Channel>\n<Computer>IACIS-HDD-2014</Computer>\n<Security UserID=\"S-1-5-21-1171287513-3642516788-2358256967-1001\"></Security>\n</System>\n<UserData><EventInfo xmlns:auto-ns2=\"http://schemas.microsoft.com/win/2004/08/events\" xmlns=\"http://www.microsoft.com/Windows/Resource/Exhaustion/Resolver/Event\"><Event>1</Event>\n</EventInfo>\n</UserData>\n</Event>\n"
  },
  {
    "EventID": 1003,
    "Timestamp": "2014-01-25 07:13:42.572714+00:00",
    "Computer": "IACIS-HDD-2014",
    "Channel": "Microsoft-Windows-Resource-Exhaustion-Resolver/Operational",
    "Level": "Warning",
    "EventData": {},
    "RawXml": "<Event xmlns=\"http://schemas.microsoft.com/win/2004/08/events/event\"><System><Provider Name=\"Microsoft-Windows-Resource-Exhaustion-Resolver\" Guid=\"{91f5fb12-fdea-4095-85d5-614b495cd9de}\"></Provider>\n<EventID Qualifiers=\"\">1003</EventID>\n<Version>0</Version>\n<Level>3</Level>\n<Task>3</Task>\n<Opcode>24</Opcode>\n<Keywords>0x8000000000002000</Keywords>\n<TimeCreated SystemTime=\"2014-01-25 07:13:42.572714+00:00\"></TimeCreated>\n<EventRecordID>28</EventRecordID>\n<Correlation ActivityID=\"{6e116df7-3756-4baf-99c2-a2bdf8848225}\" RelatedActivityID=\"\"></Correlation>\n<Execution ProcessID=\"3052\" ThreadID=\"2704\"></Execution>\n<Channel>Microsoft-Windows-Resource-Exhaustion-Resolver/Operational</Channel>\n<Computer>IACIS-HDD-2014</Computer>\n<Security UserID=\"S-1-5-21-1171287513-3642516788-2358256967-1001\"></Security>\n</System>\n<UserData><InvalidCommitLimitExhaustion xmlns:auto-ns2=\"http://schemas.microsoft.com/win/2004/08/events\" xmlns=\"http://www.microsoft.com/Windows/Resource/Exhaustion/Resolver/Event\"><TimeSinceLastUI>0</TimeSinceLastUI>\n<ExhaustionTime>0001-01-01 00:00:00</ExhaustionTime>\n<EventType>0</EventType>\n<DropReasonCode>128</DropReasonCode>\n<Notifications>0</Notifications>\n<MaxCommit>0</MaxCommit>\n</InvalidCommitLimitExhaustion>\n</UserData>\n</Event>\n"
  },
  {
    "EventID": 1015,
    "Timestamp": "2014-01-25 07:18:42.405239+00:00",
    "Computer": "IACIS-HDD-2014",
    "Channel": "Microsoft-Windows-Resource-Exhaustion-Resolver/Operational",
    "Level": "Information",
    "EventData": {},
    "RawXml": "<Event xmlns=\"http://schemas.microsoft.com/win/2004/08/events/event\"><System><Provider Name=\"Microsoft-Windows-Resource-Exhaustion-Resolver\" Guid=\"{91f5fb12-fdea-4095-85d5-614b495cd9de}\"></Provider>\n<EventID Qualifiers=\"\">1015</EventID>\n<Version>0</Version>\n<Level>4</Level>\n<Task>3</Task>\n<Opcode>21</Opcode>\n<Keywords>0x8000000000002000</Keywords>\n<TimeCreated SystemTime=\"2014-01-25 07:18:42.405239+00:00\"></TimeCreated>\n<EventRecordID>29</EventRecordID>\n<Correlation ActivityID=\"{fac703f0-26fb-4bcc-8e5e-1a7e2f7dabab}\" RelatedActivityID=\"\"></Correlation>\n<Execution ProcessID=\"3052\" ThreadID=\"2812\"></Execution>\n<Channel>Microsoft-Windows-Resource-Exhaustion-Resolver/Operational</Channel>\n<Computer>IACIS-HDD-2014</Computer>\n<Security UserID=\"S-1-5-21-1171287513-3642516788-2358256967-1001\"></Security>\n</System>\n<UserData><EventInfo xmlns:auto-ns2=\"http://schemas.microsoft.com/win/2004/08/events\" xmlns=\"http://www.microsoft.com/Windows/Resource/Exhaustion/Resolver/Event\"><Event>1</Event>\n</EventInfo>\n</UserData>\n</Event>\n"
  },
  {
    "EventID": 1003,
    "Timestamp": "2014-01-25 07:18:42.420839+00:00",
    "Computer": "IACIS-HDD-2014",
    "Channel": "Microsoft-Windows-Resource-Exhaustion-Resolver/Operational",
    "Level": "Warning",
    "EventData": {},
    "RawXml": "<Event xmlns=\"http://schemas.microsoft.com/win/2004/08/events/event\"><System><Provider Name=\"Microsoft-Windows-Resource-Exhaustion-Resolver\" Guid=\"{91f5fb12-fdea-4095-85d5-614b495cd9de}\"></Provider>\n<EventID Qualifiers=\"\">1003</EventID>\n<Version>0</Version>\n<Level>3</Level>\n<Task>3</Task>\n<Opcode>24</Opcode>\n<Keywords>0x8000000000002000</Keywords>\n<TimeCreated SystemTime=\"2014-01-25 07:18:42.420839+00:00\"></TimeCreated>\n<EventRecordID>30</EventRecordID>\n<Correlation ActivityID=\"{fac703f0-26fb-4bcc-8e5e-1a7e2f7dabab}\" RelatedActivityID=\"\"></Correlation>\n<Execution ProcessID=\"3052\" ThreadID=\"2812\"></Execution>\n<Channel>Microsoft-Windows-Resource-Exhaustion-Resolver/Operational</Channel>\n<Computer>IACIS-HDD-2014</Computer>\n<Security UserID=\"S-1-5-21-1171287513-3642516788-2358256967-1001\"></Security>\n</System>\n<UserData><InvalidCommitLimitExhaustion xmlns:auto-ns2=\"http://schemas.microsoft.com/win/2004/08/events\" xmlns=\"http://www.microsoft.com/Windows/Resource/Exhaustion/Resolver/Event\"><TimeSinceLastUI>0</TimeSinceLastUI>\n<ExhaustionTime>0001-01-01 00:00:00</ExhaustionTime>\n<EventType>0</EventType>\n<DropReasonCode>128</DropReasonCode>\n<Notifications>0</Notifications>\n<MaxCommit>0</MaxCommit>\n</InvalidCommitLimitExhaustion>\n</UserData>\n</Event>\n"
  },
  {
    "EventID": 1015,
    "Timestamp": "2014-01-25 07:23:42.315765+00:00",
    "Computer": "IACIS-HDD-2014",
    "Channel": "Microsoft-Windows-Resource-Exhaustion-Resolver/Operational",
    "Level": "Information",
    "EventData": {},
    "RawXml": "<Event xmlns=\"http://schemas.microsoft.com/win/2004/08/events/event\"><System><Provider Name=\"Microsoft-Windows-Resource-Exhaustion-Resolver\" Guid=\"{91f5fb12-fdea-4095-85d5-614b495cd9de}\"></Provider>\n<EventID Qualifiers=\"\">1015</EventID>\n<Version>0</Version>\n<Level>4</Level>\n<Task>3</Task>\n<Opcode>21</Opcode>\n<Keywords>0x8000000000002000</Keywords>\n<TimeCreated SystemTime=\"2014-01-25 07:23:42.315765+00:00\"></TimeCreated>\n<EventRecordID>31</EventRecordID>\n<Correlation ActivityID=\"{cf1f6bed-5e23-48f4-9867-727d9b013e02}\" RelatedActivityID=\"\"></Correlation>\n<Execution ProcessID=\"3052\" ThreadID=\"2888\"></Execution>\n<Channel>Microsoft-Windows-Resource-Exhaustion-Resolver/Operational</Channel>\n<Computer>IACIS-HDD-2014</Computer>\n<Security UserID=\"S-1-5-21-1171287513-3642516788-2358256967-1001\"></Security>\n</System>\n<UserData><EventInfo xmlns:auto-ns2=\"http://schemas.microsoft.com/win/2004/08/events\" xmlns=\"http://www.microsoft.com/Windows/Resource/Exhaustion/Resolver/Event\"><Event>1</Event>\n</EventInfo>\n</UserData>\n</Event>\n"
  },
  {
    "EventID": 1003,
    "Timestamp": "2014-01-25 07:23:42.331366+00:00",
    "Computer": "IACIS-HDD-2014",
    "Channel": "Microsoft-Windows-Resource-Exhaustion-Resolver/Operational",
    "Level": "Warning",
    "EventData": {},
    "RawXml": "<Event xmlns=\"http://schemas.microsoft.com/win/2004/08/events/event\"><System><Provider Name=\"Microsoft-Windows-Resource-Exhaustion-Resolver\" Guid=\"{91f5fb12-fdea-4095-85d5-614b495cd9de}\"></Provider>\n<EventID Qualifiers=\"\">1003</EventID>\n<Version>0</Version>\n<Level>3</Level>\n<Task>3</Task>\n<Opcode>24</Opcode>\n<Keywords>0x8000000000002000</Keywords>\n<TimeCreated SystemTime=\"2014-01-25 07:23:42.331366+00:00\"></TimeCreated>\n<EventRecordID>32</EventRecordID>\n<Correlation ActivityID=\"{cf1f6bed-5e23-48f4-9867-727d9b013e02}\" RelatedActivityID=\"\"></Correlation>\n<Execution ProcessID=\"3052\" ThreadID=\"2888\"></Execution>\n<Channel>Microsoft-Windows-Resource-Exhaustion-Resolver/Operational</Channel>\n<Computer>IACIS-HDD-2014</Computer>\n<Security UserID=\"S-1-5-21-1171287513-3642516788-2358256967-1001\"></Security>\n</System>\n<UserData><InvalidCommitLimitExhaustion xmlns:auto-ns2=\"http://schemas.microsoft.com/win/2004/08/events\" xmlns=\"http://www.microsoft.com/Windows/Resource/Exhaustion/Resolver/Event\"><TimeSinceLastUI>0</TimeSinceLastUI>\n<ExhaustionTime>0001-01-01 00:00:00</ExhaustionTime>\n<EventType>0</EventType>\n<DropReasonCode>128</DropReasonCode>\n<Notifications>0</Notifications>\n<MaxCommit>0</MaxCommit>\n</InvalidCommitLimitExhaustion>\n</UserData>\n</Event>\n"
  },
  {
    "EventID": 1015,
    "Timestamp": "2014-01-25 07:28:42.460295+00:00",
    "Computer": "IACIS-HDD-2014",
    "Channel": "Microsoft-Windows-Resource-Exhaustion-Resolver/Operational",
    "Level": "Information",
    "EventData": {},
    "RawXml": "<Event xmlns=\"http://schemas.microsoft.com/win/2004/08/events/event\"><System><Provider Name=\"Microsoft-Windows-Resource-Exhaustion-Resolver\" Guid=\"{91f5fb12-fdea-4095-85d5-614b495cd9de}\"></Provider>\n<EventID Qualifiers=\"\">1015</EventID>\n<Version>0</Version>\n<Level>4</Level>\n<Task>3</Task>\n<Opcode>21</Opcode>\n<Keywords>0x8000000000002000</Keywords>\n<TimeCreated SystemTime=\"2014-01-25 07:28:42.460295+00:00\"></TimeCreated>\n<EventRecordID>33</EventRecordID>\n<Correlation ActivityID=\"{7be8f615-4993-4cb8-993e-c6da36d50721}\" RelatedActivityID=\"\"></Correlation>\n<Execution ProcessID=\"3052\" ThreadID=\"2888\"></Execution>\n<Channel>Microsoft-Windows-Resource-Exhaustion-Resolver/Operational</Channel>\n<Computer>IACIS-HDD-2014</Computer>\n<Security UserID=\"S-1-5-21-1171287513-3642516788-2358256967-1001\"></Security>\n</System>\n<UserData><EventInfo xmlns:auto-ns2=\"http://schemas.microsoft.com/win/2004/08/events\" xmlns=\"http://www.microsoft.com/Windows/Resource/Exhaustion/Resolver/Event\"><Event>1</Event>\n</EventInfo>\n</UserData>\n</Event>\n"
  },
  {
    "EventID": 1003,
    "Timestamp": "2014-01-25 07:28:42.475893+00:00",
    "Computer": "IACIS-HDD-2014",
    "Channel": "Microsoft-Windows-Resource-Exhaustion-Resolver/Operational",
    "Level": "Warning",
    "EventData": {},
    "RawXml": "<Event xmlns=\"http://schemas.microsoft.com/win/2004/08/events/event\"><System><Provider Name=\"Microsoft-Windows-Resource-Exhaustion-Resolver\" Guid=\"{91f5fb12-fdea-4095-85d5-614b495cd9de}\"></Provider>\n<EventID Qualifiers=\"\">1003</EventID>\n<Version>0</Version>\n<Level>3</Level>\n<Task>3</Task>\n<Opcode>24</Opcode>\n<Keywords>0x8000000000002000</Keywords>\n<TimeCreated SystemTime=\"2014-01-25 07:28:42.475893+00:00\"></TimeCreated>\n<EventRecordID>34</EventRecordID>\n<Correlation ActivityID=\"{7be8f615-4993-4cb8-993e-c6da36d50721}\" RelatedActivityID=\"\"></Correlation>\n<Execution ProcessID=\"3052\" ThreadID=\"2888\"></Execution>\n<Channel>Microsoft-Windows-Resource-Exhaustion-Resolver/Operational</Channel>\n<Computer>IACIS-HDD-2014</Computer>\n<Security UserID=\"S-1-5-21-1171287513-3642516788-2358256967-1001\"></Security>\n</System>\n<UserData><InvalidCommitLimitExhaustion xmlns:auto-ns2=\"http://schemas.microsoft.com/win/2004/08/events\" xmlns=\"http://www.microsoft.com/Windows/Resource/Exhaustion/Resolver/Event\"><TimeSinceLastUI>0</TimeSinceLastUI>\n<ExhaustionTime>0001-01-01 00:00:00</ExhaustionTime>\n<EventType>0</EventType>\n<DropReasonCode>128</DropReasonCode>\n<Notifications>0</Notifications>\n<MaxCommit>0</MaxCommit>\n</InvalidCommitLimitExhaustion>\n</UserData>\n</Event>\n"
  },
