  {
    "EventID": 59,
    "Timestamp": "2014-01-25 01:38:38.201000+00:00",
    "Computer": "IACIS-HDD-2014",
    "Channel": "Microsoft-Windows-Bits-Client/Operational",
    "Level": "Information",
    "EventData": {
      "transferId": "{98587cd7-89b9-4f07-a79a-ac23dee54b02}",
      "name": "WU Client Download",
      "Id": "{3ceaed36-3aa8-4ebb-a9a9-51ae137f47f7}",
      "url": "http://au.download.windowsupdate.com/msdownload/update/software/secu/2013/07/windows6.1-kb2862966-x64-express_ff1cabcdd69032f2ae29829c02ea862e66467702.cab",
      "peer": "",
      "fileTime": "2013-07-24 00:52:18+00:00",
      "fileLength": "631873",
      "bytesTotal": "631873",
      "bytesTransferred": "0",
      "bytesTransferredFromPeer": "0"
    },
    "RawXml": "<Event xmlns=\"http://schemas.microsoft.com/win/2004/08/events/event\"><System><Provider Name=\"Microsoft-Windows-Bits-Client\" Guid=\"{ef1cc15b-46c1-414e-bb95-e76b077bd51e}\"></Provider>\n<EventID Qualifiers=\"\">59</EventID>\n<Version>1</Version>\n<Level>4</Level>\n<Task>0</Task>\n<Opcode>1</Opcode>\n<Keywords>0x4000000000000000</Keywords>\n<TimeCreated SystemTime=\"2014-01-25 01:38:38.201000+00:00\"></TimeCreated>\n<EventRecordID>600</EventRecordID>\n<Correlation ActivityID=\"{98587cd7-89b9-4f07-a79a-ac23dee54b02}\" RelatedActivityID=\"\"></Correlation>\n<Execution ProcessID=\"888\" ThreadID=\"2952\"></Execution>\n<Channel>Microsoft-Windows-Bits-Client/Operational</Channel>\n<Computer>IACIS-HDD-2014</Computer>\n<Security UserID=\"S-1-5-18\"></Security>\n</System>\n<EventData><Data Name=\"transferId\">{98587cd7-89b9-4f07-a79a-ac23dee54b02}</Data>\n<Data Name=\"name\">WU Client Download</Data>\n<Data Name=\"Id\">{3ceaed36-3aa8-4ebb-a9a9-51ae137f47f7}</Data>\n<Data Name=\"url\">http://au.download.windowsupdate.com/msdownload/update/software/secu/2013/07/windows6.1-kb2862966-x64-express_ff1cabcdd69032f2ae29829c02ea862e66467702.cab</Data>\n<Data Name=\"peer\"></Data>\n<Data Name=\"fileTime\">2013-07-24 00:52:18+00:00</Data>\n<Data Name=\"fileLength\">631873</Data>\n<Data Name=\"bytesTotal\">631873</Data>\n<Data Name=\"bytesTransferred\">0</Data>\n<Data Name=\"bytesTransferredFromPeer\">0</Data>\n</EventData>\n</Event>\n"
  },
  {
    "EventID": 59,
    "Timestamp": "2014-01-25 01:38:38.216600+00:00",
    "Computer": "IACIS-HDD-2014",
    "Channel": "Microsoft-Windows-Bits-Client/Operational",
    "Level": "Information",
    "EventData": {
      "transferId": "{0dcafb17-8d13-4e60-ac98-e32ca39b9a01}",
      "name": "WU Client Download",
      "Id": "{44c68225-2a48-4de0-91ac-6b3a15304896}",
      "url": "http://au.download.windowsupdate.com/msdownload/update/software/secu/2013/03/windows6.1-kb2813347-x64-express_6c5b69deca09365a2b0453a0b95048a2dca2281c.cab",
      "peer": "",
      "fileTime": "2013-03-21 01:35:25+00:00",
      "fileLength": "741667",
      "bytesTotal": "741667",
      "bytesTransferred": "0",
      "bytesTransferredFromPeer": "0"
    },
    "RawXml": "<Event xmlns=\"http://schemas.microsoft.com/win/2004/08/events/event\"><System><Provider Name=\"Microsoft-Windows-Bits-Client\" Guid=\"{ef1cc15b-46c1-414e-bb95-e76b077bd51e}\"></Provider>\n<EventID Qualifiers=\"\">59</EventID>\n<Version>1</Version>\n<Level>4</Level>\n<Task>0</Task>\n<Opcode>1</Opcode>\n<Keywords>0x4000000000000000</Keywords>\n<TimeCreated SystemTime=\"2014-01-25 01:38:38.216600+00:00\"></TimeCreated>\n<EventRecordID>601</EventRecordID>\n<Correlation ActivityID=\"{0dcafb17-8d13-4e60-ac98-e32ca39b9a01}\" RelatedActivityID=\"\"></Correlation>\n<Execution ProcessID=\"888\" ThreadID=\"2952\"></Execution>\n<Channel>Microsoft-Windows-Bits-Client/Operational</Channel>\n<Computer>IACIS-HDD-2014</Computer>\n<Security UserID=\"S-1-5-18\"></Security>\n</System>\n<EventData><Data Name=\"transferId\">{0dcafb17-8d13-4e60-ac98-e32ca39b9a01}</Data>\n<Data Name=\"name\">WU Client Download</Data>\n<Data Name=\"Id\">{44c68225-2a48-4de0-91ac-6b3a15304896}</Data>\n<Data Name=\"url\">http://au.download.windowsupdate.com/msdownload/update/software/secu/2013/03/windows6.1-kb2813347-x64-express_6c5b69deca09365a2b0453a0b95048a2dca2281c.cab</Data>\n<Data Name=\"peer\"></Data>\n<Data Name=\"fileTime\">2013-03-21 01:35:25+00:00</Data>\n<Data Name=\"fileLength\">741667</Data>\n<Data Name=\"bytesTotal\">741667</Data>\n<Data Name=\"bytesTransferred\">0</Data>\n<Data Name=\"bytesTransferredFromPeer\">0</Data>\n</EventData>\n</Event>\n"
  },
  {
    "EventID": 59,
    "Timestamp": "2014-01-25 01:38:38.310202+00:00",
    "Computer": "IACIS-HDD-2014",
    "Channel": "Microsoft-Windows-Bits-Client/Operational",
    "Level": "Information",
    "EventData": {
      "transferId": "{4a3bbaf2-1ad7-43c1-af51-440ec044f70f}",
      "name": "WU Client Download",
      "Id": "{033539c7-f0e5-400f-9f7c-c5759567bc19}",
      "url": "http://au.download.windowsupdate.com/msdownload/update/software/crup/2011/05/windows6.1-kb2533552-x64-express_f5d255f661f2dc08899a9f39d7f57336aea70517.cab",
      "peer": "",
      "fileTime": "2011-05-04 22:13:21+00:00",
      "fileLength": "60633",
      "bytesTotal": "60633",
      "bytesTransferred": "0",
      "bytesTransferredFromPeer": "0"
    },
    "RawXml": "<Event xmlns=\"http://schemas.microsoft.com/win/2004/08/events/event\"><System><Provider Name=\"Microsoft-Windows-Bits-Client\" Guid=\"{ef1cc15b-46c1-414e-bb95-e76b077bd51e}\"></Provider>\n<EventID Qualifiers=\"\">59</EventID>\n<Version>1</Version>\n<Level>4</Level>\n<Task>0</Task>\n<Opcode>1</Opcode>\n<Keywords>0x4000000000000000</Keywords>\n<TimeCreated SystemTime=\"2014-01-25 01:38:38.310202+00:00\"></TimeCreated>\n<EventRecordID>602</EventRecordID>\n<Correlation ActivityID=\"{4a3bbaf2-1ad7-43c1-af51-440ec044f70f}\" RelatedActivityID=\"\"></Correlation>\n<Execution ProcessID=\"888\" ThreadID=\"2952\"></Execution>\n<Channel>Microsoft-Windows-Bits-Client/Operational</Channel>\n<Computer>IACIS-HDD-2014</Computer>\n<Security UserID=\"S-1-5-18\"></Security>\n</System>\n<EventData><Data Name=\"transferId\">{4a3bbaf2-1ad7-43c1-af51-440ec044f70f}</Data>\n<Data Name=\"name\">WU Client Download</Data>\n<Data Name=\"Id\">{033539c7-f0e5-400f-9f7c-c5759567bc19}</Data>\n<Data Name=\"url\">http://au.download.windowsupdate.com/msdownload/update/software/crup/2011/05/windows6.1-kb2533552-x64-express_f5d255f661f2dc08899a9f39d7f57336aea70517.cab</Data>\n<Data Name=\"peer\"></Data>\n<Data Name=\"fileTime\">2011-05-04 22:13:21+00:00</Data>\n<Data Name=\"fileLength\">60633</Data>\n<Data Name=\"bytesTotal\">60633</Data>\n<Data Name=\"bytesTransferred\">0</Data>\n<Data Name=\"bytesTransferredFromPeer\">0</Data>\n</EventData>\n</Event>\n"
  },
  {
    "EventID": 59,
    "Timestamp": "2014-01-25 01:38:38.325802+00:00",
    "Computer": "IACIS-HDD-2014",
    "Channel": "Microsoft-Windows-Bits-Client/Operational",
    "Level": "Information",
    "EventData": {
      "transferId": "{c458826d-8b91-45b2-9890-5cd43f73c71f}",
      "name": "WU Client Download",
      "Id": "{6d03dc7c-9356-4637-a346-ecc076359e46}",
      "url": "http://au.download.windowsupdate.com/msdownload/update/software/secu/2011/10/windows6.1-kb2620704-x64-express_68d822aecb19b71e71b8637b41bf0af1ee270d4b.cab",
      "peer": "",
      "fileTime": "2011-10-19 17:14:59+00:00",
      "fileLength": "38293",
      "bytesTotal": "38293",
      "bytesTransferred": "0",
      "bytesTransferredFromPeer": "0"
    },
    "RawXml": "<Event xmlns=\"http://schemas.microsoft.com/win/2004/08/events/event\"><System><Provider Name=\"Microsoft-Windows-Bits-Client\" Guid=\"{ef1cc15b-46c1-414e-bb95-e76b077bd51e}\"></Provider>\n<EventID Qualifiers=\"\">59</EventID>\n<Version>1</Version>\n<Level>4</Level>\n<Task>0</Task>\n<Opcode>1</Opcode>\n<Keywords>0x4000000000000000</Keywords>\n<TimeCreated SystemTime=\"2014-01-25 01:38:38.325802+00:00\"></TimeCreated>\n<EventRecordID>603</EventRecordID>\n<Correlation ActivityID=\"{c458826d-8b91-45b2-9890-5cd43f73c71f}\" RelatedActivityID=\"\"></Correlation>\n<Execution ProcessID=\"888\" ThreadID=\"2952\"></Execution>\n<Channel>Microsoft-Windows-Bits-Client/Operational</Channel>\n<Computer>IACIS-HDD-2014</Computer>\n<Security UserID=\"S-1-5-18\"></Security>\n</System>\n<EventData><Data Name=\"transferId\">{c458826d-8b91-45b2-9890-5cd43f73c71f}</Data>\n<Data Name=\"name\">WU Client Download</Data>\n<Data Name=\"Id\">{6d03dc7c-9356-4637-a346-ecc076359e46}</Data>\n<Data Name=\"url\">http://au.download.windowsupdate.com/msdownload/update/software/secu/2011/10/windows6.1-kb2620704-x64-express_68d822aecb19b71e71b8637b41bf0af1ee270d4b.cab</Data>\n<Data Name=\"peer\"></Data>\n<Data Name=\"fileTime\">2011-10-19 17:14:59+00:00</Data>\n<Data Name=\"fileLength\">38293</Data>\n<Data Name=\"bytesTotal\">38293</Data>\n<Data Name=\"bytesTransferred\">0</Data>\n<Data Name=\"bytesTransferredFromPeer\">0</Data>\n</EventData>\n</Event>\n"
  },
  {
    "EventID": 59,
    "Timestamp": "2014-01-25 01:38:38.341400+00:00",
    "Computer": "IACIS-HDD-2014",
    "Channel": "Microsoft-Windows-Bits-Client/Operational",
    "Level": "Information",
    "EventData": {
      "transferId": "{60307982-a210-4364-bef6-2d6d56d5f681}",
      "name": "WU Client Download",
      "Id": "{d81ff6fa-5ae2-4602-b216-16dfe9d1bc52}",
      "url": "http://au.download.windowsupdate.com/msdownload/update/software/secu/2012/12/windows6.1-kb2756921-x64-express_da63a4cf7eaa8c3106d13b01d89c382df6081615.cab",
      "peer": "",
      "fileTime": "2012-12-10 23:59:13+00:00",
      "fileLength": "427394",
      "bytesTotal": "427394",
      "bytesTransferred": "0",
      "bytesTransferredFromPeer": "0"
    },
    "RawXml": "<Event xmlns=\"http://schemas.microsoft.com/win/2004/08/events/event\"><System><Provider Name=\"Microsoft-Windows-Bits-Client\" Guid=\"{ef1cc15b-46c1-414e-bb95-e76b077bd51e}\"></Provider>\n<EventID Qualifiers=\"\">59</EventID>\n<Version>1</Version>\n<Level>4</Level>\n<Task>0</Task>\n<Opcode>1</Opcode>\n<Keywords>0x4000000000000000</Keywords>\n<TimeCreated SystemTime=\"2014-01-25 01:38:38.341400+00:00\"></TimeCreated>\n<EventRecordID>604</EventRecordID>\n<Correlation ActivityID=\"{60307982-a210-4364-bef6-2d6d56d5f681}\" RelatedActivityID=\"\"></Correlation>\n<Execution ProcessID=\"888\" ThreadID=\"2952\"></Execution>\n<Channel>Microsoft-Windows-Bits-Client/Operational</Channel>\n<Computer>IACIS-HDD-2014</Computer>\n<Security UserID=\"S-1-5-18\"></Security>\n</System>\n<EventData><Data Name=\"transferId\">{60307982-a210-4364-bef6-2d6d56d5f681}</Data>\n<Data Name=\"name\">WU Client Download</Data>\n<Data Name=\"Id\">{d81ff6fa-5ae2-4602-b216-16dfe9d1bc52}</Data>\n<Data Name=\"url\">http://au.download.windowsupdate.com/msdownload/update/software/secu/2012/12/windows6.1-kb2756921-x64-express_da63a4cf7eaa8c3106d13b01d89c382df6081615.cab</Data>\n<Data Name=\"peer\"></Data>\n<Data Name=\"fileTime\">2012-12-10 23:59:13+00:00</Data>\n<Data Name=\"fileLength\">427394</Data>\n<Data Name=\"bytesTotal\">427394</Data>\n<Data Name=\"bytesTransferred\">0</Data>\n<Data Name=\"bytesTransferredFromPeer\">0</Data>\n</EventData>\n</Event>\n"
  },
  {
    "EventID": 59,
    "Timestamp": "2014-01-25 01:38:38.357000+00:00",
    "Computer": "IACIS-HDD-2014",
    "Channel": "Microsoft-Windows-Bits-Client/Operational",
    "Level": "Information",
    "EventData": {
      "transferId": "{734685f6-6209-456a-8c73-37137184bdd5}",
      "name": "WU Client Download",
      "Id": "{5da94fdf-cbde-4c1a-8d1c-0f6b09ecf4a5}",
      "url": "http://au.download.windowsupdate.com/msdownload/update/software/secu/2013/07/windows6.1-kb2864058-x64-express_d051e709f8e7665860e2d278b6caac08dc9425d0.cab",
      "peer": "",
      "fileTime": "2013-07-23 21:05:33+00:00",
      "fileLength": "62295",
      "bytesTotal": "62295",
      "bytesTransferred": "0",
      "bytesTransferredFromPeer": "0"
    },
    "RawXml": "<Event xmlns=\"http://schemas.microsoft.com/win/2004/08/events/event\"><System><Provider Name=\"Microsoft-Windows-Bits-Client\" Guid=\"{ef1cc15b-46c1-414e-bb95-e76b077bd51e}\"></Provider>\n<EventID Qualifiers=\"\">59</EventID>\n<Version>1</Version>\n<Level>4</Level>\n<Task>0</Task>\n<Opcode>1</Opcode>\n<Keywords>0x4000000000000000</Keywords>\n<TimeCreated SystemTime=\"2014-01-25 01:38:38.357000+00:00\"></TimeCreated>\n<EventRecordID>605</EventRecordID>\n<Correlation ActivityID=\"{734685f6-6209-456a-8c73-37137184bdd5}\" RelatedActivityID=\"\"></Correlation>\n<Execution ProcessID=\"888\" ThreadID=\"2952\"></Execution>\n<Channel>Microsoft-Windows-Bits-Client/Operational</Channel>\n<Computer>IACIS-HDD-2014</Computer>\n<Security UserID=\"S-1-5-18\"></Security>\n</System>\n<EventData><Data Name=\"transferId\">{734685f6-6209-456a-8c73-37137184bdd5}</Data>\n<Data Name=\"name\">WU Client Download</Data>\n<Data Name=\"Id\">{5da94fdf-cbde-4c1a-8d1c-0f6b09ecf4a5}</Data>\n<Data Name=\"url\">http://au.download.windowsupdate.com/msdownload/update/software/secu/2013/07/windows6.1-kb2864058-x64-express_d051e709f8e7665860e2d278b6caac08dc9425d0.cab</Data>\n<Data Name=\"peer\"></Data>\n<Data Name=\"fileTime\">2013-07-23 21:05:33+00:00</Data>\n<Data Name=\"fileLength\">62295</Data>\n<Data Name=\"bytesTotal\">62295</Data>\n<Data Name=\"bytesTransferred\">0</Data>\n<Data Name=\"bytesTransferredFromPeer\">0</Data>\n</EventData>\n</Event>\n"
  },
  {
    "EventID": 59,
    "Timestamp": "2014-01-25 01:38:38.372601+00:00",
    "Computer": "IACIS-HDD-2014",
    "Channel": "Microsoft-Windows-Bits-Client/Operational",
    "Level": "Information",
    "EventData": {
      "transferId": "{d26a813a-2dcb-467b-b55b-073bc3af8f19}",
      "name": "WU Client Download",
      "Id": "{dfce6e28-bc3e-4bce-b069-49c12395e297}",
      "url": "http://au.download.windowsupdate.com/msdownload/update/software/crup/2011/06/windows6.1-kb2552343-x64-express_96351042efe2fe68a465d0b2d5ff5dadd812b4fb.cab",
      "peer": "",
      "fileTime": "2011-06-23 00:26:47+00:00",
      "fileLength": "65061",
      "bytesTotal": "65061",
      "bytesTransferred": "0",
      "bytesTransferredFromPeer": "0"
    },
    "RawXml": "<Event xmlns=\"http://schemas.microsoft.com/win/2004/08/events/event\"><System><Provider Name=\"Microsoft-Windows-Bits-Client\" Guid=\"{ef1cc15b-46c1-414e-bb95-e76b077bd51e}\"></Provider>\n<EventID Qualifiers=\"\">59</EventID>\n<Version>1</Version>\n<Level>4</Level>\n<Task>0</Task>\n<Opcode>1</Opcode>\n<Keywords>0x4000000000000000</Keywords>\n<TimeCreated SystemTime=\"2014-01-25 01:38:38.372601+00:00\"></TimeCreated>\n<EventRecordID>606</EventRecordID>\n<Correlation ActivityID=\"{d26a813a-2dcb-467b-b55b-073bc3af8f19}\" RelatedActivityID=\"\"></Correlation>\n<Execution ProcessID=\"888\" ThreadID=\"2952\"></Execution>\n<Channel>Microsoft-Windows-Bits-Client/Operational</Channel>\n<Computer>IACIS-HDD-2014</Computer>\n<Security UserID=\"S-1-5-18\"></Security>\n</System>\n<EventData><Data Name=\"transferId\">{d26a813a-2dcb-467b-b55b-073bc3af8f19}</Data>\n<Data Name=\"name\">WU Client Download</Data>\n<Data Name=\"Id\">{dfce6e28-bc3e-4bce-b069-49c12395e297}</Data>\n<Data Name=\"url\">http://au.download.windowsupdate.com/msdownload/update/software/crup/2011/06/windows6.1-kb2552343-x64-express_96351042efe2fe68a465d0b2d5ff5dadd812b4fb.cab</Data>\n<Data Name=\"peer\"></Data>\n<Data Name=\"fileTime\">2011-06-23 00:26:47+00:00</Data>\n<Data Name=\"fileLength\">65061</Data>\n<Data Name=\"bytesTotal\">65061</Data>\n<Data Name=\"bytesTransferred\">0</Data>\n<Data Name=\"bytesTransferredFromPeer\">0</Data>\n</EventData>\n</Event>\n"
  },
  {
    "EventID": 59,
    "Timestamp": "2014-01-25 01:38:38.388201+00:00",
    "Computer": "IACIS-HDD-2014",
    "Channel": "Microsoft-Windows-Bits-Client/Operational",
    "Level": "Information",
    "EventData": {
      "transferId": "{f680a6a5-2edf-417b-ae14-f8fb58666ed8}",
      "name": "WU Client Download",
      "Id": "{281bfe82-7fc7-4445-84bc-ba7151b49857}",
      "url": "http://au.download.windowsupdate.com/msdownload/update/software/secu/2011/07/windows6.1-kb2560656-x64-express_3e0fc370447c16966af4d80a28c04a2e1516d08a.cab",
      "peer": "",
      "fileTime": "2011-07-20 01:22:05+00:00",
      "fileLength": "96555",
      "bytesTotal": "96555",
      "bytesTransferred": "0",
      "bytesTransferredFromPeer": "0"
    },
    "RawXml": "<Event xmlns=\"http://schemas.microsoft.com/win/2004/08/events/event\"><System><Provider Name=\"Microsoft-Windows-Bits-Client\" Guid=\"{ef1cc15b-46c1-414e-bb95-e76b077bd51e}\"></Provider>\n<EventID Qualifiers=\"\">59</EventID>\n<Version>1</Version>\n<Level>4</Level>\n<Task>0</Task>\n<Opcode>1</Opcode>\n<Keywords>0x4000000000000000</Keywords>\n<TimeCreated SystemTime=\"2014-01-25 01:38:38.388201+00:00\"></TimeCreated>\n<EventRecordID>607</EventRecordID>\n<Correlation ActivityID=\"{f680a6a5-2edf-417b-ae14-f8fb58666ed8}\" RelatedActivityID=\"\"></Correlation>\n<Execution ProcessID=\"888\" ThreadID=\"2952\"></Execution>\n<Channel>Microsoft-Windows-Bits-Client/Operational</Channel>\n<Computer>IACIS-HDD-2014</Computer>\n<Security UserID=\"S-1-5-18\"></Security>\n</System>\n<EventData><Data Name=\"transferId\">{f680a6a5-2edf-417b-ae14-f8fb58666ed8}</Data>\n<Data Name=\"name\">WU Client Download</Data>\n<Data Name=\"Id\">{281bfe82-7fc7-4445-84bc-ba7151b49857}</Data>\n<Data Name=\"url\">http://au.download.windowsupdate.com/msdownload/update/software/secu/2011/07/windows6.1-kb2560656-x64-express_3e0fc370447c16966af4d80a28c04a2e1516d08a.cab</Data>\n<Data Name=\"peer\"></Data>\n<Data Name=\"fileTime\">2011-07-20 01:22:05+00:00</Data>\n<Data Name=\"fileLength\">96555</Data>\n<Data Name=\"bytesTotal\">96555</Data>\n<Data Name=\"bytesTransferred\">0</Data>\n<Data Name=\"bytesTransferredFromPeer\">0</Data>\n</EventData>\n</Event>\n"
  },
  {
    "EventID": 59,
    "Timestamp": "2014-01-25 01:38:38.403801+00:00",
    "Computer": "IACIS-HDD-2014",
    "Channel": "Microsoft-Windows-Bits-Client/Operational",
    "Level": "Information",
    "EventData": {
      "transferId": "{fabcead9-9f29-4076-96bf-42c4e0727688}",
      "name": "WU Client Download",
      "Id": "{74b44ccf-f948-4216-bae8-ab2b0610518c}",
      "url": "http://au.download.windowsupdate.com/msdownload/update/software/secu/2013/01/windows6.1-kb2789645-x64-express_909e1ca281e908b52c558f2b5d97316a039b7215.cab",
      "peer": "",
      "fileTime": "2013-01-23 23:40:01+00:00",
      "fileLength": "267771",
      "bytesTotal": "267771",
      "bytesTransferred": "0",
      "bytesTransferredFromPeer": "0"
    },
    "RawXml": "<Event xmlns=\"http://schemas.microsoft.com/win/2004/08/events/event\"><System><Provider Name=\"Microsoft-Windows-Bits-Client\" Guid=\"{ef1cc15b-46c1-414e-bb95-e76b077bd51e}\"></Provider>\n<EventID Qualifiers=\"\">59</EventID>\n<Version>1</Version>\n<Level>4</Level>\n<Task>0</Task>\n<Opcode>1</Opcode>\n<Keywords>0x4000000000000000</Keywords>\n<TimeCreated SystemTime=\"2014-01-25 01:38:38.403801+00:00\"></TimeCreated>\n<EventRecordID>608</EventRecordID>\n<Correlation ActivityID=\"{fabcead9-9f29-4076-96bf-42c4e0727688}\" RelatedActivityID=\"\"></Correlation>\n<Execution ProcessID=\"888\" ThreadID=\"2952\"></Execution>\n<Channel>Microsoft-Windows-Bits-Client/Operational</Channel>\n<Computer>IACIS-HDD-2014</Computer>\n<Security UserID=\"S-1-5-18\"></Security>\n</System>\n<EventData><Data Name=\"transferId\">{fabcead9-9f29-4076-96bf-42c4e0727688}</Data>\n<Data Name=\"name\">WU Client Download</Data>\n<Data Name=\"Id\">{74b44ccf-f948-4216-bae8-ab2b0610518c}</Data>\n<Data Name=\"url\">http://au.download.windowsupdate.com/msdownload/update/software/secu/2013/01/windows6.1-kb2789645-x64-express_909e1ca281e908b52c558f2b5d97316a039b7215.cab</Data>\n<Data Name=\"peer\"></Data>\n<Data Name=\"fileTime\">2013-01-23 23:40:01+00:00</Data>\n<Data Name=\"fileLength\">267771</Data>\n<Data Name=\"bytesTotal\">267771</Data>\n<Data Name=\"bytesTransferred\">0</Data>\n<Data Name=\"bytesTransferredFromPeer\">0</Data>\n</EventData>\n</Event>\n"
  },
  {
    "EventID": 59,
    "Timestamp": "2014-01-25 01:38:38.419401+00:00",
    "Computer": "IACIS-HDD-2014",
    "Channel": "Microsoft-Windows-Bits-Client/Operational",
    "Level": "Information",
    "EventData": {
      "transferId": "{b07c2baa-af60-45ef-bed6-31a8ad9479b3}",
      "name": "WU Client Download",
      "Id": "{ba60af34-8ab7-42ab-ade2-bf6cb6282561}",
      "url": "http://au.download.windowsupdate.com/msdownload/update/software/secu/2011/12/windows6.1-kb2656356-x64-express_135c18d02a6e49e9f1951c920cd6a555af596a9e.cab",
      "peer": "",
      "fileTime": "2011-12-28 07:58:42+00:00",
      "fileLength": "193673",
      "bytesTotal": "193673",
      "bytesTransferred": "0",
      "bytesTransferredFromPeer": "0"
    },
    "RawXml": "<Event xmlns=\"http://schemas.microsoft.com/win/2004/08/events/event\"><System><Provider Name=\"Microsoft-Windows-Bits-Client\" Guid=\"{ef1cc15b-46c1-414e-bb95-e76b077bd51e}\"></Provider>\n<EventID Qualifiers=\"\">59</EventID>\n<Version>1</Version>\n<Level>4</Level>\n<Task>0</Task>\n<Opcode>1</Opcode>\n<Keywords>0x4000000000000000</Keywords>\n<TimeCreated SystemTime=\"2014-01-25 01:38:38.419401+00:00\"></TimeCreated>\n<EventRecordID>609</EventRecordID>\n<Correlation ActivityID=\"{b07c2baa-af60-45ef-bed6-31a8ad9479b3}\" RelatedActivityID=\"\"></Correlation>\n<Execution ProcessID=\"888\" ThreadID=\"2952\"></Execution>\n<Channel>Microsoft-Windows-Bits-Client/Operational</Channel>\n<Computer>IACIS-HDD-2014</Computer>\n<Security UserID=\"S-1-5-18\"></Security>\n</System>\n<EventData><Data Name=\"transferId\">{b07c2baa-af60-45ef-bed6-31a8ad9479b3}</Data>\n<Data Name=\"name\">WU Client Download</Data>\n<Data Name=\"Id\">{ba60af34-8ab7-42ab-ade2-bf6cb6282561}</Data>\n<Data Name=\"url\">http://au.download.windowsupdate.com/msdownload/update/software/secu/2011/12/windows6.1-kb2656356-x64-express_135c18d02a6e49e9f1951c920cd6a555af596a9e.cab</Data>\n<Data Name=\"peer\"></Data>\n<Data Name=\"fileTime\">2011-12-28 07:58:42+00:00</Data>\n<Data Name=\"fileLength\">193673</Data>\n<Data Name=\"bytesTotal\">193673</Data>\n<Data Name=\"bytesTransferred\">0</Data>\n<Data Name=\"bytesTransferredFromPeer\">0</Data>\n</EventData>\n</Event>\n"
  },
  {
    "EventID": 60,
    "Timestamp": "2014-01-25 01:38:38.419401+00:00",
    "Computer": "IACIS-HDD-2014",
    "Channel": "Microsoft-Windows-Bits-Client/Operational",
    "Level": "Information",
    "EventData": {
      "transferId": "{ade91632-40bd-4228-bc76-11da9a276289}",
      "name": "WU Client Download",
      "Id": "{14e19172-c365-4cb5-931d-2b2f9b3c6f20}",
      "url": "http://au.download.windowsupdate.com/msdownload/update/software/secu/2013/09/windows6.1-kb2884256-x64-express_20a0dc141e7a3420610eda049e0639996e656443.cab",
      "peer": "",
      "hr": "0",
      "fileTime": "2013-09-18 00:26:14+00:00",
      "fileLength": "44859",
      "bytesTotal": "44859",
      "bytesTransferred": "44859",
      "proxy": "",
      "peerProtocolFlags": "0",
      "bytesTransferredFromPeer": "0",
      "AdditionalInfoHr": "0",
      "PeerContextInfo": "0",
      "bandwidthLimit": "18446744073709551615",
      "ignoreBandwidthLimitsOnLan": "False"
    },
    "RawXml": "<Event xmlns=\"http://schemas.microsoft.com/win/2004/08/events/event\"><System><Provider Name=\"Microsoft-Windows-Bits-Client\" Guid=\"{ef1cc15b-46c1-414e-bb95-e76b077bd51e}\"></Provider>\n<EventID Qualifiers=\"\">60</EventID>\n<Version>1</Version>\n<Level>4</Level>\n<Task>0</Task>\n<Opcode>2</Opcode>\n<Keywords>0x4000000000000000</Keywords>\n<TimeCreated SystemTime=\"2014-01-25 01:38:38.419401+00:00\"></TimeCreated>\n<EventRecordID>610</EventRecordID>\n<Correlation ActivityID=\"{ade91632-40bd-4228-bc76-11da9a276289}\" RelatedActivityID=\"\"></Correlation>\n<Execution ProcessID=\"888\" ThreadID=\"1448\"></Execution>\n<Channel>Microsoft-Windows-Bits-Client/Operational</Channel>\n<Computer>IACIS-HDD-2014</Computer>\n<Security UserID=\"S-1-5-18\"></Security>\n</System>\n<EventData><Data Name=\"transferId\">{ade91632-40bd-4228-bc76-11da9a276289}</Data>\n<Data Name=\"name\">WU Client Download</Data>\n<Data Name=\"Id\">{14e19172-c365-4cb5-931d-2b2f9b3c6f20}</Data>\n<Data Name=\"url\">http://au.download.windowsupdate.com/msdownload/update/software/secu/2013/09/windows6.1-kb2884256-x64-express_20a0dc141e7a3420610eda049e0639996e656443.cab</Data>\n<Data Name=\"peer\"></Data>\n<Data Name=\"hr\">0</Data>\n<Data Name=\"fileTime\">2013-09-18 00:26:14+00:00</Data>\n<Data Name=\"fileLength\">44859</Data>\n<Data Name=\"bytesTotal\">44859</Data>\n<Data Name=\"bytesTransferred\">44859</Data>\n<Data Name=\"proxy\"></Data>\n<Data Name=\"peerProtocolFlags\">0</Data>\n<Data Name=\"bytesTransferredFromPeer\">0</Data>\n<Data Name=\"AdditionalInfoHr\">0</Data>\n<Data Name=\"PeerContextInfo\">0</Data>\n<Data Name=\"bandwidthLimit\">18446744073709551615</Data>\n<Data Name=\"ignoreBandwidthLimitsOnLan\">False</Data>\n</EventData>\n</Event>\n"
  },
  {
    "EventID": 60,
    "Timestamp": "2014-01-25 01:38:38.481800+00:00",
    "Computer": "IACIS-HDD-2014",
    "Channel": "Microsoft-Windows-Bits-Client/Operational",
    "Level": "Information",
    "EventData": {
      "transferId": "{c458826d-8b91-45b2-9890-5cd43f73c71f}",
      "name": "WU Client Download",
      "Id": "{6d03dc7c-9356-4637-a346-ecc076359e46}",
      "url": "http://au.download.windowsupdate.com/msdownload/update/software/secu/2011/10/windows6.1-kb2620704-x64-express_68d822aecb19b71e71b8637b41bf0af1ee270d4b.cab",
      "peer": "",
      "hr": "0",
      "fileTime": "2011-10-19 17:14:59+00:00",
      "fileLength": "38293",
      "bytesTotal": "38293",
      "bytesTransferred": "38293",
      "proxy": "",
      "peerProtocolFlags": "0",
      "bytesTransferredFromPeer": "0",
      "AdditionalInfoHr": "0",
      "PeerContextInfo": "0",
      "bandwidthLimit": "18446744073709551615",
      "ignoreBandwidthLimitsOnLan": "False"
    },
    "RawXml": "<Event xmlns=\"http://schemas.microsoft.com/win/2004/08/events/event\"><System><Provider Name=\"Microsoft-Windows-Bits-Client\" Guid=\"{ef1cc15b-46c1-414e-bb95-e76b077bd51e}\"></Provider>\n<EventID Qualifiers=\"\">60</EventID>\n<Version>1</Version>\n<Level>4</Level>\n<Task>0</Task>\n<Opcode>2</Opcode>\n<Keywords>0x4000000000000000</Keywords>\n<TimeCreated SystemTime=\"2014-01-25 01:38:38.481800+00:00\"></TimeCreated>\n<EventRecordID>611</EventRecordID>\n<Correlation ActivityID=\"{c458826d-8b91-45b2-9890-5cd43f73c71f}\" RelatedActivityID=\"\"></Correlation>\n<Execution ProcessID=\"888\" ThreadID=\"2488\"></Execution>\n<Channel>Microsoft-Windows-Bits-Client/Operational</Channel>\n<Computer>IACIS-HDD-2014</Computer>\n<Security UserID=\"S-1-5-18\"></Security>\n</System>\n<EventData><Data Name=\"transferId\">{c458826d-8b91-45b2-9890-5cd43f73c71f}</Data>\n<Data Name=\"name\">WU Client Download</Data>\n<Data Name=\"Id\">{6d03dc7c-9356-4637-a346-ecc076359e46}</Data>\n<Data Name=\"url\">http://au.download.windowsupdate.com/msdownload/update/software/secu/2011/10/windows6.1-kb2620704-x64-express_68d822aecb19b71e71b8637b41bf0af1ee270d4b.cab</Data>\n<Data Name=\"peer\"></Data>\n<Data Name=\"hr\">0</Data>\n<Data Name=\"fileTime\">2011-10-19 17:14:59+00:00</Data>\n<Data Name=\"fileLength\">38293</Data>\n<Data Name=\"bytesTotal\">38293</Data>\n<Data Name=\"bytesTransferred\">38293</Data>\n<Data Name=\"proxy\"></Data>\n<Data Name=\"peerProtocolFlags\">0</Data>\n<Data Name=\"bytesTransferredFromPeer\">0</Data>\n<Data Name=\"AdditionalInfoHr\">0</Data>\n<Data Name=\"PeerContextInfo\">0</Data>\n<Data Name=\"bandwidthLimit\">18446744073709551615</Data>\n<Data Name=\"ignoreBandwidthLimitsOnLan\">False</Data>\n</EventData>\n</Event>\n"
  },
  {
    "EventID": 60,
    "Timestamp": "2014-01-25 01:38:38.559801+00:00",
    "Computer": "IACIS-HDD-2014",
    "Channel": "Microsoft-Windows-Bits-Client/Operational",
    "Level": "Information",
    "EventData": {
      "transferId": "{4a3bbaf2-1ad7-43c1-af51-440ec044f70f}",
      "name": "WU Client Download",
      "Id": "{033539c7-f0e5-400f-9f7c-c5759567bc19}",
      "url": "http://au.download.windowsupdate.com/msdownload/update/software/crup/2011/05/windows6.1-kb2533552-x64-express_f5d255f661f2dc08899a9f39d7f57336aea70517.cab",
      "peer": "",
      "hr": "0",
      "fileTime": "2011-05-04 22:13:21+00:00",
      "fileLength": "60633",
      "bytesTotal": "60633",
      "bytesTransferred": "60633",
      "proxy": "",
      "peerProtocolFlags": "0",
      "bytesTransferredFromPeer": "0",
      "AdditionalInfoHr": "0",
      "PeerContextInfo": "0",
      "bandwidthLimit": "18446744073709551615",
      "ignoreBandwidthLimitsOnLan": "False"
    },
    "RawXml": "<Event xmlns=\"http://schemas.microsoft.com/win/2004/08/events/event\"><System><Provider Name=\"Microsoft-Windows-Bits-Client\" Guid=\"{ef1cc15b-46c1-414e-bb95-e76b077bd51e}\"></Provider>\n<EventID Qualifiers=\"\">60</EventID>\n<Version>1</Version>\n<Level>4</Level>\n<Task>0</Task>\n<Opcode>2</Opcode>\n<Keywords>0x4000000000000000</Keywords>\n<TimeCreated SystemTime=\"2014-01-25 01:38:38.559801+00:00\"></TimeCreated>\n<EventRecordID>612</EventRecordID>\n<Correlation ActivityID=\"{4a3bbaf2-1ad7-43c1-af51-440ec044f70f}\" RelatedActivityID=\"\"></Correlation>\n<Execution ProcessID=\"888\" ThreadID=\"2364\"></Execution>\n<Channel>Microsoft-Windows-Bits-Client/Operational</Channel>\n<Computer>IACIS-HDD-2014</Computer>\n<Security UserID=\"S-1-5-18\"></Security>\n</System>\n<EventData><Data Name=\"transferId\">{4a3bbaf2-1ad7-43c1-af51-440ec044f70f}</Data>\n<Data Name=\"name\">WU Client Download</Data>\n<Data Name=\"Id\">{033539c7-f0e5-400f-9f7c-c5759567bc19}</Data>\n<Data Name=\"url\">http://au.download.windowsupdate.com/msdownload/update/software/crup/2011/05/windows6.1-kb2533552-x64-express_f5d255f661f2dc08899a9f39d7f57336aea70517.cab</Data>\n<Data Name=\"peer\"></Data>\n<Data Name=\"hr\">0</Data>\n<Data Name=\"fileTime\">2011-05-04 22:13:21+00:00</Data>\n<Data Name=\"fileLength\">60633</Data>\n<Data Name=\"bytesTotal\">60633</Data>\n<Data Name=\"bytesTransferred\">60633</Data>\n<Data Name=\"proxy\"></Data>\n<Data Name=\"peerProtocolFlags\">0</Data>\n<Data Name=\"bytesTransferredFromPeer\">0</Data>\n<Data Name=\"AdditionalInfoHr\">0</Data>\n<Data Name=\"PeerContextInfo\">0</Data>\n<Data Name=\"bandwidthLimit\">18446744073709551615</Data>\n<Data Name=\"ignoreBandwidthLimitsOnLan\">False</Data>\n</EventData>\n</Event>\n"
  },
  {
    "EventID": 60,
    "Timestamp": "2014-01-25 01:38:38.622202+00:00",
    "Computer": "IACIS-HDD-2014",
    "Channel": "Microsoft-Windows-Bits-Client/Operational",
    "Level": "Information",
    "EventData": {
      "transferId": "{4a184df3-3e4e-449c-be07-e40799140964}",
      "name": "WU Client Download",
      "Id": "{f38e9d4c-95aa-455e-9cbe-9079fe725314}",
      "url": "http://au.download.windowsupdate.com/msdownload/update/software/secu/2011/01/windows6.1-kb2479943-x64-express_341fed37bb5b354e2da3abc764f4b6a9e41e9ffa.cab",
      "peer": "",
      "hr": "0",
      "fileTime": "2011-01-18 21:52:03+00:00",
      "fileLength": "80547",
      "bytesTotal": "80547",
      "bytesTransferred": "80547",
      "proxy": "",
      "peerProtocolFlags": "0",
      "bytesTransferredFromPeer": "0",
      "AdditionalInfoHr": "0",
      "PeerContextInfo": "0",
      "bandwidthLimit": "18446744073709551615",
      "ignoreBandwidthLimitsOnLan": "False"
    },
    "RawXml": "<Event xmlns=\"http://schemas.microsoft.com/win/2004/08/events/event\"><System><Provider Name=\"Microsoft-Windows-Bits-Client\" Guid=\"{ef1cc15b-46c1-414e-bb95-e76b077bd51e}\"></Provider>\n<EventID Qualifiers=\"\">60</EventID>\n<Version>1</Version>\n<Level>4</Level>\n<Task>0</Task>\n<Opcode>2</Opcode>\n<Keywords>0x4000000000000000</Keywords>\n<TimeCreated SystemTime=\"2014-01-25 01:38:38.622202+00:00\"></TimeCreated>\n<EventRecordID>613</EventRecordID>\n<Correlation ActivityID=\"{4a184df3-3e4e-449c-be07-e40799140964}\" RelatedActivityID=\"\"></Correlation>\n<Execution ProcessID=\"888\" ThreadID=\"1448\"></Execution>\n<Channel>Microsoft-Windows-Bits-Client/Operational</Channel>\n<Computer>IACIS-HDD-2014</Computer>\n<Security UserID=\"S-1-5-18\"></Security>\n</System>\n<EventData><Data Name=\"transferId\">{4a184df3-3e4e-449c-be07-e40799140964}</Data>\n<Data Name=\"name\">WU Client Download</Data>\n<Data Name=\"Id\">{f38e9d4c-95aa-455e-9cbe-9079fe725314}</Data>\n<Data Name=\"url\">http://au.download.windowsupdate.com/msdownload/update/software/secu/2011/01/windows6.1-kb2479943-x64-express_341fed37bb5b354e2da3abc764f4b6a9e41e9ffa.cab</Data>\n<Data Name=\"peer\"></Data>\n<Data Name=\"hr\">0</Data>\n<Data Name=\"fileTime\">2011-01-18 21:52:03+00:00</Data>\n<Data Name=\"fileLength\">80547</Data>\n<Data Name=\"bytesTotal\">80547</Data>\n<Data Name=\"bytesTransferred\">80547</Data>\n<Data Name=\"proxy\"></Data>\n<Data Name=\"peerProtocolFlags\">0</Data>\n<Data Name=\"bytesTransferredFromPeer\">0</Data>\n<Data Name=\"AdditionalInfoHr\">0</Data>\n<Data Name=\"PeerContextInfo\">0</Data>\n<Data Name=\"bandwidthLimit\">18446744073709551615</Data>\n<Data Name=\"ignoreBandwidthLimitsOnLan\">False</Data>\n</EventData>\n</Event>\n"
  },
  {
    "EventID": 60,
    "Timestamp": "2014-01-25 01:38:38.684603+00:00",
    "Computer": "IACIS-HDD-2014",
    "Channel": "Microsoft-Windows-Bits-Client/Operational",
    "Level": "Information",
    "EventData": {
      "transferId": "{8eb1b889-ba11-41fb-b0fa-9329f61cd347}",
      "name": "WU Client Download",
      "Id": "{68bbd9aa-72eb-4205-9ead-e3e573bfdbee}",
      "url": "http://au.download.windowsupdate.com/msdownload/update/software/secu/2011/11/windows6.1-kb2631813-x64-express_0dd020fb9aa23ccdf5e37ef39e004beea1608a11.cab",
      "peer": "",
      "hr": "0",
      "fileTime": "2011-11-22 18:59:54+00:00",
      "fileLength": "72411",
      "bytesTotal": "72411",
      "bytesTransferred": "72411",
      "proxy": "",
      "peerProtocolFlags": "0",
      "bytesTransferredFromPeer": "0",
      "AdditionalInfoHr": "0",
      "PeerContextInfo": "0",
      "bandwidthLimit": "18446744073709551615",
      "ignoreBandwidthLimitsOnLan": "False"
    },
    "RawXml": "<Event xmlns=\"http://schemas.microsoft.com/win/2004/08/events/event\"><System><Provider Name=\"Microsoft-Windows-Bits-Client\" Guid=\"{ef1cc15b-46c1-414e-bb95-e76b077bd51e}\"></Provider>\n<EventID Qualifiers=\"\">60</EventID>\n<Version>1</Version>\n<Level>4</Level>\n<Task>0</Task>\n<Opcode>2</Opcode>\n<Keywords>0x4000000000000000</Keywords>\n<TimeCreated SystemTime=\"2014-01-25 01:38:38.684603+00:00\"></TimeCreated>\n<EventRecordID>614</EventRecordID>\n<Correlation ActivityID=\"{8eb1b889-ba11-41fb-b0fa-9329f61cd347}\" RelatedActivityID=\"\"></Correlation>\n<Execution ProcessID=\"888\" ThreadID=\"2136\"></Execution>\n<Channel>Microsoft-Windows-Bits-Client/Operational</Channel>\n<Computer>IACIS-HDD-2014</Computer>\n<Security UserID=\"S-1-5-18\"></Security>\n</System>\n<EventData><Data Name=\"transferId\">{8eb1b889-ba11-41fb-b0fa-9329f61cd347}</Data>\n<Data Name=\"name\">WU Client Download</Data>\n<Data Name=\"Id\">{68bbd9aa-72eb-4205-9ead-e3e573bfdbee}</Data>\n<Data Name=\"url\">http://au.download.windowsupdate.com/msdownload/update/software/secu/2011/11/windows6.1-kb2631813-x64-express_0dd020fb9aa23ccdf5e37ef39e004beea1608a11.cab</Data>\n<Data Name=\"peer\"></Data>\n<Data Name=\"hr\">0</Data>\n<Data Name=\"fileTime\">2011-11-22 18:59:54+00:00</Data>\n<Data Name=\"fileLength\">72411</Data>\n<Data Name=\"bytesTotal\">72411</Data>\n<Data Name=\"bytesTransferred\">72411</Data>\n<Data Name=\"proxy\"></Data>\n<Data Name=\"peerProtocolFlags\">0</Data>\n<Data Name=\"bytesTransferredFromPeer\">0</Data>\n<Data Name=\"AdditionalInfoHr\">0</Data>\n<Data Name=\"PeerContextInfo\">0</Data>\n<Data Name=\"bandwidthLimit\">18446744073709551615</Data>\n<Data Name=\"ignoreBandwidthLimitsOnLan\">False</Data>\n</EventData>\n</Event>\n"
  },
  {
    "EventID": 60,
    "Timestamp": "2014-01-25 01:38:38.809402+00:00",
    "Computer": "IACIS-HDD-2014",
    "Channel": "Microsoft-Windows-Bits-Client/Operational",
    "Level": "Information",
    "EventData": {
      "transferId": "{16166e88-cfcc-406f-9e4c-4810d63abcb6}",
      "name": "WU Client Download",
      "Id": "{880cfd4b-56a9-4020-8971-feff4526c852}",
      "url": "http://au.download.windowsupdate.com/msdownload/update/software/secu/2013/10/windows6.1-kb2875783-x64-express_39bddaa1197cf69e7e63bdb2e3e01cded22325bf.cab",
      "peer": "",
      "hr": "0",
      "fileTime": "2013-10-11 08:13:15+00:00",
      "fileLength": "45019",
      "bytesTotal": "45019",
      "bytesTransferred": "45019",
      "proxy": "",
      "peerProtocolFlags": "0",
      "bytesTransferredFromPeer": "0",
      "AdditionalInfoHr": "0",
      "PeerContextInfo": "0",
      "bandwidthLimit": "18446744073709551615",
      "ignoreBandwidthLimitsOnLan": "False"
    },
    "RawXml": "<Event xmlns=\"http://schemas.microsoft.com/win/2004/08/events/event\"><System><Provider Name=\"Microsoft-Windows-Bits-Client\" Guid=\"{ef1cc15b-46c1-414e-bb95-e76b077bd51e}\"></Provider>\n<EventID Qualifiers=\"\">60</EventID>\n<Version>1</Version>\n<Level>4</Level>\n<Task>0</Task>\n<Opcode>2</Opcode>\n<Keywords>0x4000000000000000</Keywords>\n<TimeCreated SystemTime=\"2014-01-25 01:38:38.809402+00:00\"></TimeCreated>\n<EventRecordID>615</EventRecordID>\n<Correlation ActivityID=\"{16166e88-cfcc-406f-9e4c-4810d63abcb6}\" RelatedActivityID=\"\"></Correlation>\n<Execution ProcessID=\"888\" ThreadID=\"2136\"></Execution>\n<Channel>Microsoft-Windows-Bits-Client/Operational</Channel>\n<Computer>IACIS-HDD-2014</Computer>\n<Security UserID=\"S-1-5-18\"></Security>\n</System>\n<EventData><Data Name=\"transferId\">{16166e88-cfcc-406f-9e4c-4810d63abcb6}</Data>\n<Data Name=\"name\">WU Client Download</Data>\n<Data Name=\"Id\">{880cfd4b-56a9-4020-8971-feff4526c852}</Data>\n<Data Name=\"url\">http://au.download.windowsupdate.com/msdownload/update/software/secu/2013/10/windows6.1-kb2875783-x64-express_39bddaa1197cf69e7e63bdb2e3e01cded22325bf.cab</Data>\n<Data Name=\"peer\"></Data>\n<Data Name=\"hr\">0</Data>\n<Data Name=\"fileTime\">2013-10-11 08:13:15+00:00</Data>\n<Data Name=\"fileLength\">45019</Data>\n<Data Name=\"bytesTotal\">45019</Data>\n<Data Name=\"bytesTransferred\">45019</Data>\n<Data Name=\"proxy\"></Data>\n<Data Name=\"peerProtocolFlags\">0</Data>\n<Data Name=\"bytesTransferredFromPeer\">0</Data>\n<Data Name=\"AdditionalInfoHr\">0</Data>\n<Data Name=\"PeerContextInfo\">0</Data>\n<Data Name=\"bandwidthLimit\">18446744073709551615</Data>\n<Data Name=\"ignoreBandwidthLimitsOnLan\">False</Data>\n</EventData>\n</Event>\n"
  },
  {
    "EventID": 60,
    "Timestamp": "2014-01-25 01:38:38.856203+00:00",
    "Computer": "IACIS-HDD-2014",
    "Channel": "Microsoft-Windows-Bits-Client/Operational",
    "Level": "Information",
    "EventData": {
      "transferId": "{8881b9e0-0c7f-4154-8209-203187cca223}",
      "name": "WU Client Download",
      "Id": "{5bc34b4d-8f75-43d5-a6a9-ed949af5ba10}",
      "url": "http://au.download.windowsupdate.com/msdownload/update/software/secu/2011/08/windows6.1-kb2570947-x64-express_163222668d017c7e3d5c96edca2f47183f6982f0.cab",
      "peer": "",
      "hr": "0",
      "fileTime": "2011-08-30 08:46:29+00:00",
      "fileLength": "44517",
      "bytesTotal": "44517",
      "bytesTransferred": "44517",
      "proxy": "",
      "peerProtocolFlags": "0",
      "bytesTransferredFromPeer": "0",
      "AdditionalInfoHr": "0",
      "PeerContextInfo": "0",
      "bandwidthLimit": "18446744073709551615",
      "ignoreBandwidthLimitsOnLan": "False"
    },
    "RawXml": "<Event xmlns=\"http://schemas.microsoft.com/win/2004/08/events/event\"><System><Provider Name=\"Microsoft-Windows-Bits-Client\" Guid=\"{ef1cc15b-46c1-414e-bb95-e76b077bd51e}\"></Provider>\n<EventID Qualifiers=\"\">60</EventID>\n<Version>1</Version>\n<Level>4</Level>\n<Task>0</Task>\n<Opcode>2</Opcode>\n<Keywords>0x4000000000000000</Keywords>\n<TimeCreated SystemTime=\"2014-01-25 01:38:38.856203+00:00\"></TimeCreated>\n<EventRecordID>616</EventRecordID>\n<Correlation ActivityID=\"{8881b9e0-0c7f-4154-8209-203187cca223}\" RelatedActivityID=\"\"></Correlation>\n<Execution ProcessID=\"888\" ThreadID=\"1448\"></Execution>\n<Channel>Microsoft-Windows-Bits-Client/Operational</Channel>\n<Computer>IACIS-HDD-2014</Computer>\n<Security UserID=\"S-1-5-18\"></Security>\n</System>\n<EventData><Data Name=\"transferId\">{8881b9e0-0c7f-4154-8209-203187cca223}</Data>\n<Data Name=\"name\">WU Client Download</Data>\n<Data Name=\"Id\">{5bc34b4d-8f75-43d5-a6a9-ed949af5ba10}</Data>\n<Data Name=\"url\">http://au.download.windowsupdate.com/msdownload/update/software/secu/2011/08/windows6.1-kb2570947-x64-express_163222668d017c7e3d5c96edca2f47183f6982f0.cab</Data>\n<Data Name=\"peer\"></Data>\n<Data Name=\"hr\">0</Data>\n<Data Name=\"fileTime\">2011-08-30 08:46:29+00:00</Data>\n<Data Name=\"fileLength\">44517</Data>\n<Data Name=\"bytesTotal\">44517</Data>\n<Data Name=\"bytesTransferred\">44517</Data>\n<Data Name=\"proxy\"></Data>\n<Data Name=\"peerProtocolFlags\">0</Data>\n<Data Name=\"bytesTransferredFromPeer\">0</Data>\n<Data Name=\"AdditionalInfoHr\">0</Data>\n<Data Name=\"PeerContextInfo\">0</Data>\n<Data Name=\"bandwidthLimit\">18446744073709551615</Data>\n<Data Name=\"ignoreBandwidthLimitsOnLan\">False</Data>\n</EventData>\n</Event>\n"
  },
  {
    "EventID": 60,
    "Timestamp": "2014-01-25 01:38:38.981003+00:00",
    "Computer": "IACIS-HDD-2014",
    "Channel": "Microsoft-Windows-Bits-Client/Operational",
    "Level": "Information",
    "EventData": {
      "transferId": "{72e8e421-b776-46eb-aaff-93e512967b1e}",
      "name": "WU Client Download",
      "Id": "{3263b0b9-e3e8-4665-a729-5847d554d8b4}",
      "url": "http://au.download.windowsupdate.com/msdownload/update/software/secu/2013/04/windows6.1-kb2840149-x64-express_bc545a8046b34ce8dcd7a3f6d4812cfeca8d8c79.cab",
      "peer": "",
      "hr": "0",
      "fileTime": "2013-04-17 22:21:21+00:00",
      "fileLength": "48465",
      "bytesTotal": "48465",
      "bytesTransferred": "48465",
      "proxy": "",
      "peerProtocolFlags": "0",
      "bytesTransferredFromPeer": "0",
      "AdditionalInfoHr": "0",
      "PeerContextInfo": "0",
      "bandwidthLimit": "18446744073709551615",
      "ignoreBandwidthLimitsOnLan": "False"
    },
    "RawXml": "<Event xmlns=\"http://schemas.microsoft.com/win/2004/08/events/event\"><System><Provider Name=\"Microsoft-Windows-Bits-Client\" Guid=\"{ef1cc15b-46c1-414e-bb95-e76b077bd51e}\"></Provider>\n<EventID Qualifiers=\"\">60</EventID>\n<Version>1</Version>\n<Level>4</Level>\n<Task>0</Task>\n<Opcode>2</Opcode>\n<Keywords>0x4000000000000000</Keywords>\n<TimeCreated SystemTime=\"2014-01-25 01:38:38.981003+00:00\"></TimeCreated>\n<EventRecordID>617</EventRecordID>\n<Correlation ActivityID=\"{72e8e421-b776-46eb-aaff-93e512967b1e}\" RelatedActivityID=\"\"></Correlation>\n<Execution ProcessID=\"888\" ThreadID=\"1448\"></Execution>\n<Channel>Microsoft-Windows-Bits-Client/Operational</Channel>\n<Computer>IACIS-HDD-2014</Computer>\n<Security UserID=\"S-1-5-18\"></Security>\n</System>\n<EventData><Data Name=\"transferId\">{72e8e421-b776-46eb-aaff-93e512967b1e}</Data>\n<Data Name=\"name\">WU Client Download</Data>\n<Data Name=\"Id\">{3263b0b9-e3e8-4665-a729-5847d554d8b4}</Data>\n<Data Name=\"url\">http://au.download.windowsupdate.com/msdownload/update/software/secu/2013/04/windows6.1-kb2840149-x64-express_bc545a8046b34ce8dcd7a3f6d4812cfeca8d8c79.cab</Data>\n<Data Name=\"peer\"></Data>\n<Data Name=\"hr\">0</Data>\n<Data Name=\"fileTime\">2013-04-17 22:21:21+00:00</Data>\n<Data Name=\"fileLength\">48465</Data>\n<Data Name=\"bytesTotal\">48465</Data>\n<Data Name=\"bytesTransferred\">48465</Data>\n<Data Name=\"proxy\"></Data>\n<Data Name=\"peerProtocolFlags\">0</Data>\n<Data Name=\"bytesTransferredFromPeer\">0</Data>\n<Data Name=\"AdditionalInfoHr\">0</Data>\n<Data Name=\"PeerContextInfo\">0</Data>\n<Data Name=\"bandwidthLimit\">18446744073709551615</Data>\n<Data Name=\"ignoreBandwidthLimitsOnLan\">False</Data>\n</EventData>\n</Event>\n"
  },
  {
    "EventID": 60,
    "Timestamp": "2014-01-25 01:38:39.027803+00:00",
    "Computer": "IACIS-HDD-2014",
    "Channel": "Microsoft-Windows-Bits-Client/Operational",
    "Level": "Information",
    "EventData": {
      "transferId": "{f33e27f3-ff00-4020-8fa7-10ce10561674}",
      "name": "WU Client Download",
      "Id": "{521c120f-a741-4add-a70d-b78dc4ee9e99}",
      "url": "http://au.download.windowsupdate.com/msdownload/update/software/secu/2013/10/windows6.1-kb2893294-x64-express_14c1ca0dd9f7506140e4c0296370ec43eeabb8a5.cab",
      "peer": "",
      "hr": "0",
      "fileTime": "2013-10-22 18:48:10+00:00",
      "fileLength": "49853",
      "bytesTotal": "49853",
      "bytesTransferred": "49853",
      "proxy": "",
      "peerProtocolFlags": "0",
      "bytesTransferredFromPeer": "0",
      "AdditionalInfoHr": "0",
      "PeerContextInfo": "0",
      "bandwidthLimit": "18446744073709551615",
      "ignoreBandwidthLimitsOnLan": "False"
    },
    "RawXml": "<Event xmlns=\"http://schemas.microsoft.com/win/2004/08/events/event\"><System><Provider Name=\"Microsoft-Windows-Bits-Client\" Guid=\"{ef1cc15b-46c1-414e-bb95-e76b077bd51e}\"></Provider>\n<EventID Qualifiers=\"\">60</EventID>\n<Version>1</Version>\n<Level>4</Level>\n<Task>0</Task>\n<Opcode>2</Opcode>\n<Keywords>0x4000000000000000</Keywords>\n<TimeCreated SystemTime=\"2014-01-25 01:38:39.027803+00:00\"></TimeCreated>\n<EventRecordID>618</EventRecordID>\n<Correlation ActivityID=\"{f33e27f3-ff00-4020-8fa7-10ce10561674}\" RelatedActivityID=\"\"></Correlation>\n<Execution ProcessID=\"888\" ThreadID=\"1016\"></Execution>\n<Channel>Microsoft-Windows-Bits-Client/Operational</Channel>\n<Computer>IACIS-HDD-2014</Computer>\n<Security UserID=\"S-1-5-18\"></Security>\n</System>\n<EventData><Data Name=\"transferId\">{f33e27f3-ff00-4020-8fa7-10ce10561674}</Data>\n<Data Name=\"name\">WU Client Download</Data>\n<Data Name=\"Id\">{521c120f-a741-4add-a70d-b78dc4ee9e99}</Data>\n<Data Name=\"url\">http://au.download.windowsupdate.com/msdownload/update/software/secu/2013/10/windows6.1-kb2893294-x64-express_14c1ca0dd9f7506140e4c0296370ec43eeabb8a5.cab</Data>\n<Data Name=\"peer\"></Data>\n<Data Name=\"hr\">0</Data>\n<Data Name=\"fileTime\">2013-10-22 18:48:10+00:00</Data>\n<Data Name=\"fileLength\">49853</Data>\n<Data Name=\"bytesTotal\">49853</Data>\n<Data Name=\"bytesTransferred\">49853</Data>\n<Data Name=\"proxy\"></Data>\n<Data Name=\"peerProtocolFlags\">0</Data>\n<Data Name=\"bytesTransferredFromPeer\">0</Data>\n<Data Name=\"AdditionalInfoHr\">0</Data>\n<Data Name=\"PeerContextInfo\">0</Data>\n<Data Name=\"bandwidthLimit\">18446744073709551615</Data>\n<Data Name=\"ignoreBandwidthLimitsOnLan\">False</Data>\n</EventData>\n</Event>\n"
  },
  {
    "EventID": 60,
    "Timestamp": "2014-01-25 01:38:39.105803+00:00",
    "Computer": "IACIS-HDD-2014",
    "Channel": "Microsoft-Windows-Bits-Client/Operational",
    "Level": "Information",
    "EventData": {
      "transferId": "{352a1b40-9662-48d6-9b52-2a416f81f06d}",
      "name": "WU Client Download",
      "Id": "{14a9ff50-d357-4519-8168-59509f39de86}",
      "url": "http://au.download.windowsupdate.com/msdownload/update/software/secu/2013/06/windows6.1-kb2840631-x64-express_954f34d570c9ff6fa754edda1866f9e6b1e148e5.cab",
      "peer": "",
      "hr": "0",
      "fileTime": "2013-06-20 01:15:57+00:00",
      "fileLength": "42009",
      "bytesTotal": "42009",
      "bytesTransferred": "42009",
      "proxy": "",
      "peerProtocolFlags": "0",
      "bytesTransferredFromPeer": "0",
      "AdditionalInfoHr": "0",
      "PeerContextInfo": "0",
      "bandwidthLimit": "18446744073709551615",
      "ignoreBandwidthLimitsOnLan": "False"
    },
    "RawXml": "<Event xmlns=\"http://schemas.microsoft.com/win/2004/08/events/event\"><System><Provider Name=\"Microsoft-Windows-Bits-Client\" Guid=\"{ef1cc15b-46c1-414e-bb95-e76b077bd51e}\"></Provider>\n<EventID Qualifiers=\"\">60</EventID>\n<Version>1</Version>\n<Level>4</Level>\n<Task>0</Task>\n<Opcode>2</Opcode>\n<Keywords>0x4000000000000000</Keywords>\n<TimeCreated SystemTime=\"2014-01-25 01:38:39.105803+00:00\"></TimeCreated>\n<EventRecordID>619</EventRecordID>\n<Correlation ActivityID=\"{352a1b40-9662-48d6-9b52-2a416f81f06d}\" RelatedActivityID=\"\"></Correlation>\n<Execution ProcessID=\"888\" ThreadID=\"2136\"></Execution>\n<Channel>Microsoft-Windows-Bits-Client/Operational</Channel>\n<Computer>IACIS-HDD-2014</Computer>\n<Security UserID=\"S-1-5-18\"></Security>\n</System>\n<EventData><Data Name=\"transferId\">{352a1b40-9662-48d6-9b52-2a416f81f06d}</Data>\n<Data Name=\"name\">WU Client Download</Data>\n<Data Name=\"Id\">{14a9ff50-d357-4519-8168-59509f39de86}</Data>\n<Data Name=\"url\">http://au.download.windowsupdate.com/msdownload/update/software/secu/2013/06/windows6.1-kb2840631-x64-express_954f34d570c9ff6fa754edda1866f9e6b1e148e5.cab</Data>\n<Data Name=\"peer\"></Data>\n<Data Name=\"hr\">0</Data>\n<Data Name=\"fileTime\">2013-06-20 01:15:57+00:00</Data>\n<Data Name=\"fileLength\">42009</Data>\n<Data Name=\"bytesTotal\">42009</Data>\n<Data Name=\"bytesTransferred\">42009</Data>\n<Data Name=\"proxy\"></Data>\n<Data Name=\"peerProtocolFlags\">0</Data>\n<Data Name=\"bytesTransferredFromPeer\">0</Data>\n<Data Name=\"AdditionalInfoHr\">0</Data>\n<Data Name=\"PeerContextInfo\">0</Data>\n<Data Name=\"bandwidthLimit\">18446744073709551615</Data>\n<Data Name=\"ignoreBandwidthLimitsOnLan\">False</Data>\n</EventData>\n</Event>\n"
  },
