[
  {
    "EventID": 30,
    "Timestamp": "2014-01-25 01:28:55.281225+00:00",
    "Computer": "IACIS-HDD-2014",
    "Channel": "Microsoft-Windows-WindowsUpdateClient/Operational",
    "Level": "Information",
    "EventData": {},
    "RawXml": "<Event xmlns=\"http://schemas.microsoft.com/win/2004/08/events/event\"><System><Provider Name=\"Microsoft-Windows-WindowsUpdateClient\" Guid=\"{945a8954-c147-4acd-923f-40c45405a658}\"></Provider>\n<EventID Qualifiers=\"\">30</EventID>\n<Version>0</Version>\n<Level>4</Level>\n<Task>1</Task>\n<Opcode>17</Opcode>\n<Keywords>0x4000000000000001</Keywords>\n<TimeCreated SystemTime=\"2014-01-25 01:28:55.281225+00:00\"></TimeCreated>\n<EventRecordID>1</EventRecordID>\n<Correlation ActivityID=\"\" RelatedActivityID=\"\"></Correlation>\n<Execution ProcessID=\"888\" ThreadID=\"2808\"></Execution>\n<Channel>Microsoft-Windows-WindowsUpdateClient/Operational</Channel>\n<Computer>IACIS-HDD-2014</Computer>\n<Security UserID=\"S-1-5-18\"></Security>\n</System>\n<EventData></EventData>\n</Event>\n"
  },
  {
    "EventID": 42,
    "Timestamp": "2014-01-25 01:28:55.281225+00:00",
    "Computer": "IACIS-HDD-2014",
    "Channel": "Microsoft-Windows-WindowsUpdateClient/Operational",
    "Level": "Information",
    "EventData": {
      "hc_stateid": "0",
      "restartDate": "",
      "restartTime": ""
    },
    "RawXml": "<Event xmlns=\"http://schemas.microsoft.com/win/2004/08/events/event\"><System><Provider Name=\"Microsoft-Windows-WindowsUpdateClient\" Guid=\"{945a8954-c147-4acd-923f-40c45405a658}\"></Provider>\n<EventID Qualifiers=\"\">42</EventID>\n<Version>0</Version>\n<Level>4</Level>\n<Task>2</Task>\n<Opcode>18</Opcode>\n<Keywords>0x4000000000000480</Keywords>\n<TimeCreated SystemTime=\"2014-01-25 01:28:55.281225+00:00\"></TimeCreated>\n<EventRecordID>2</EventRecordID>\n<Correlation ActivityID=\"\" RelatedActivityID=\"\"></Correlation>\n<Execution ProcessID=\"888\" ThreadID=\"2808\"></Execution>\n<Channel>Microsoft-Windows-WindowsUpdateClient/Operational</Channel>\n<Computer>IACIS-HDD-2014</Computer>\n<Security UserID=\"S-1-5-18\"></Security>\n</System>\n<EventData><Data Name=\"hc_stateid\">0</Data>\n<Data Name=\"restartDate\"></Data>\n<Data Name=\"restartTime\"></Data>\n</EventData>\n</Event>\n"
  },
  {
    "EventID": 42,
    "Timestamp": "2014-01-25 01:28:55.281225+00:00",
    "Computer": "IACIS-HDD-2014",
    "Channel": "Microsoft-Windows-WindowsUpdateClient/Operational",
    "Level": "Information",
    "EventData": {
      "hc_stateid": "0",
      "restartDate": "",
      "restartTime": ""
    },
    "RawXml": "<Event xmlns=\"http://schemas.microsoft.com/win/2004/08/events/event\"><System><Provider Name=\"Microsoft-Windows-WindowsUpdateClient\" Guid=\"{945a8954-c147-4acd-923f-40c45405a658}\"></Provider>\n<EventID Qualifiers=\"\">42</EventID>\n<Version>0</Version>\n<Level>4</Level>\n<Task>2</Task>\n<Opcode>18</Opcode>\n<Keywords>0x4000000000000480</Keywords>\n<TimeCreated SystemTime=\"2014-01-25 01:28:55.281225+00:00\"></TimeCreated>\n<EventRecordID>3</EventRecordID>\n<Correlation ActivityID=\"\" RelatedActivityID=\"\"></Correlation>\n<Execution ProcessID=\"888\" ThreadID=\"2808\"></Execution>\n<Channel>Microsoft-Windows-WindowsUpdateClient/Operational</Channel>\n<Computer>IACIS-HDD-2014</Computer>\n<Security UserID=\"S-1-5-18\"></Security>\n</System>\n<EventData><Data Name=\"hc_stateid\">0</Data>\n<Data Name=\"restartDate\"></Data>\n<Data Name=\"restartTime\"></Data>\n</EventData>\n</Event>\n"
  },
  {
    "EventID": 42,
    "Timestamp": "2014-01-25 01:28:55.281225+00:00",
    "Computer": "IACIS-HDD-2014",
    "Channel": "Microsoft-Windows-WindowsUpdateClient/Operational",
    "Level": "Information",
    "EventData": {
      "hc_stateid": "0",
      "restartDate": "",
      "restartTime": ""
    },
    "RawXml": "<Event xmlns=\"http://schemas.microsoft.com/win/2004/08/events/event\"><System><Provider Name=\"Microsoft-Windows-WindowsUpdateClient\" Guid=\"{945a8954-c147-4acd-923f-40c45405a658}\"></Provider>\n<EventID Qualifiers=\"\">42</EventID>\n<Version>0</Version>\n<Level>4</Level>\n<Task>2</Task>\n<Opcode>18</Opcode>\n<Keywords>0x4000000000000480</Keywords>\n<TimeCreated SystemTime=\"2014-01-25 01:28:55.281225+00:00\"></TimeCreated>\n<EventRecordID>4</EventRecordID>\n<Correlation ActivityID=\"\" RelatedActivityID=\"\"></Correlation>\n<Execution ProcessID=\"888\" ThreadID=\"2808\"></Execution>\n<Channel>Microsoft-Windows-WindowsUpdateClient/Operational</Channel>\n<Computer>IACIS-HDD-2014</Computer>\n<Security UserID=\"S-1-5-18\"></Security>\n</System>\n<EventData><Data Name=\"hc_stateid\">0</Data>\n<Data Name=\"restartDate\"></Data>\n<Data Name=\"restartTime\"></Data>\n</EventData>\n</Event>\n"
  },
  {
    "EventID": 42,
    "Timestamp": "2014-01-25 01:28:55.281225+00:00",
    "Computer": "IACIS-HDD-2014",
    "Channel": "Microsoft-Windows-WindowsUpdateClient/Operational",
    "Level": "Information",
    "EventData": {
      "hc_stateid": "0",
      "restartDate": "",
      "restartTime": ""
    },
    "RawXml": "<Event xmlns=\"http://schemas.microsoft.com/win/2004/08/events/event\"><System><Provider Name=\"Microsoft-Windows-WindowsUpdateClient\" Guid=\"{945a8954-c147-4acd-923f-40c45405a658}\"></Provider>\n<EventID Qualifiers=\"\">42</EventID>\n<Version>0</Version>\n<Level>4</Level>\n<Task>2</Task>\n<Opcode>18</Opcode>\n<Keywords>0x4000000000000480</Keywords>\n<TimeCreated SystemTime=\"2014-01-25 01:28:55.281225+00:00\"></TimeCreated>\n<EventRecordID>5</EventRecordID>\n<Correlation ActivityID=\"\" RelatedActivityID=\"\"></Correlation>\n<Execution ProcessID=\"888\" ThreadID=\"2808\"></Execution>\n<Channel>Microsoft-Windows-WindowsUpdateClient/Operational</Channel>\n<Computer>IACIS-HDD-2014</Computer>\n<Security UserID=\"S-1-5-18\"></Security>\n</System>\n<EventData><Data Name=\"hc_stateid\">0</Data>\n<Data Name=\"restartDate\"></Data>\n<Data Name=\"restartTime\"></Data>\n</EventData>\n</Event>\n"
  },
  {
    "EventID": 41,
    "Timestamp": "2014-01-25 01:28:55.281225+00:00",
    "Computer": "IACIS-HDD-2014",
    "Channel": "Microsoft-Windows-WindowsUpdateClient/Operational",
    "Level": "Information",
    "EventData": {
      "updateGuid": "{61ca813a-7585-442e-a66b-b0d15ce6bdc0}",
      "updateRevisionNumber": "1"
    },
    "RawXml": "<Event xmlns=\"http://schemas.microsoft.com/win/2004/08/events/event\"><System><Provider Name=\"Microsoft-Windows-WindowsUpdateClient\" Guid=\"{945a8954-c147-4acd-923f-40c45405a658}\"></Provider>\n<EventID Qualifiers=\"\">41</EventID>\n<Version>0</Version>\n<Level>4</Level>\n<Task>1</Task>\n<Opcode>12</Opcode>\n<Keywords>0x4000000000000014</Keywords>\n<TimeCreated SystemTime=\"2014-01-25 01:28:55.281225+00:00\"></TimeCreated>\n<EventRecordID>6</EventRecordID>\n<Correlation ActivityID=\"\" RelatedActivityID=\"\"></Correlation>\n<Execution ProcessID=\"888\" ThreadID=\"2808\"></Execution>\n<Channel>Microsoft-Windows-WindowsUpdateClient/Operational</Channel>\n<Computer>IACIS-HDD-2014</Computer>\n<Security UserID=\"S-1-5-18\"></Security>\n</System>\n<EventData><Data Name=\"updateGuid\">{61ca813a-7585-442e-a66b-b0d15ce6bdc0}</Data>\n<Data Name=\"updateRevisionNumber\">1</Data>\n</EventData>\n</Event>\n"
  },
  {
    "EventID": 42,
    "Timestamp": "2014-01-25 01:28:56.435627+00:00",
    "Computer": "IACIS-HDD-2014",
    "Channel": "Microsoft-Windows-WindowsUpdateClient/Operational",
    "Level": "Information",
    "EventData": {
      "hc_stateid": "0",
      "restartDate": "",
      "restartTime": ""
    },
    "RawXml": "<Event xmlns=\"http://schemas.microsoft.com/win/2004/08/events/event\"><System><Provider Name=\"Microsoft-Windows-WindowsUpdateClient\" Guid=\"{945a8954-c147-4acd-923f-40c45405a658}\"></Provider>\n<EventID Qualifiers=\"\">42</EventID>\n<Version>0</Version>\n<Level>4</Level>\n<Task>2</Task>\n<Opcode>18</Opcode>\n<Keywords>0x4000000000000480</Keywords>\n<TimeCreated SystemTime=\"2014-01-25 01:28:56.435627+00:00\"></TimeCreated>\n<EventRecordID>7</EventRecordID>\n<Correlation ActivityID=\"\" RelatedActivityID=\"\"></Correlation>\n<Execution ProcessID=\"888\" ThreadID=\"3052\"></Execution>\n<Channel>Microsoft-Windows-WindowsUpdateClient/Operational</Channel>\n<Computer>IACIS-HDD-2014</Computer>\n<Security UserID=\"S-1-5-18\"></Security>\n</System>\n<EventData><Data Name=\"hc_stateid\">0</Data>\n<Data Name=\"restartDate\"></Data>\n<Data Name=\"restartTime\"></Data>\n</EventData>\n</Event>\n"
  },
  {
    "EventID": 42,
    "Timestamp": "2014-01-25 01:28:56.435627+00:00",
    "Computer": "IACIS-HDD-2014",
    "Channel": "Microsoft-Windows-WindowsUpdateClient/Operational",
    "Level": "Information",
    "EventData": {
      "hc_stateid": "0",
      "restartDate": "",
      "restartTime": ""
    },
    "RawXml": "<Event xmlns=\"http://schemas.microsoft.com/win/2004/08/events/event\"><System><Provider Name=\"Microsoft-Windows-WindowsUpdateClient\" Guid=\"{945a8954-c147-4acd-923f-40c45405a658}\"></Provider>\n<EventID Qualifiers=\"\">42</EventID>\n<Version>0</Version>\n<Level>4</Level>\n<Task>2</Task>\n<Opcode>18</Opcode>\n<Keywords>0x4000000000000480</Keywords>\n<TimeCreated SystemTime=\"2014-01-25 01:28:56.435627+00:00\"></TimeCreated>\n<EventRecordID>8</EventRecordID>\n<Correlation ActivityID=\"\" RelatedActivityID=\"\"></Correlation>\n<Execution ProcessID=\"888\" ThreadID=\"3052\"></Execution>\n<Channel>Microsoft-Windows-WindowsUpdateClient/Operational</Channel>\n<Computer>IACIS-HDD-2014</Computer>\n<Security UserID=\"S-1-5-18\"></Security>\n</System>\n<EventData><Data Name=\"hc_stateid\">0</Data>\n<Data Name=\"restartDate\"></Data>\n<Data Name=\"restartTime\"></Data>\n</EventData>\n</Event>\n"
  },
  {
    "EventID": 42,
    "Timestamp": "2014-01-25 01:28:56.435627+00:00",
    "Computer": "IACIS-HDD-2014",
    "Channel": "Microsoft-Windows-WindowsUpdateClient/Operational",
    "Level": "Information",
    "EventData": {
      "hc_stateid": "0",
      "restartDate": "",
      "restartTime": ""
    },
    "RawXml": "<Event xmlns=\"http://schemas.microsoft.com/win/2004/08/events/event\"><System><Provider Name=\"Microsoft-Windows-WindowsUpdateClient\" Guid=\"{945a8954-c147-4acd-923f-40c45405a658}\"></Provider>\n<EventID Qualifiers=\"\">42</EventID>\n<Version>0</Version>\n<Level>4</Level>\n<Task>2</Task>\n<Opcode>18</Opcode>\n<Keywords>0x4000000000000480</Keywords>\n<TimeCreated SystemTime=\"2014-01-25 01:28:56.435627+00:00\"></TimeCreated>\n<EventRecordID>9</EventRecordID>\n<Correlation ActivityID=\"\" RelatedActivityID=\"\"></Correlation>\n<Execution ProcessID=\"888\" ThreadID=\"3052\"></Execution>\n<Channel>Microsoft-Windows-WindowsUpdateClient/Operational</Channel>\n<Computer>IACIS-HDD-2014</Computer>\n<Security UserID=\"S-1-5-18\"></Security>\n</System>\n<EventData><Data Name=\"hc_stateid\">0</Data>\n<Data Name=\"restartDate\"></Data>\n<Data Name=\"restartTime\"></Data>\n</EventData>\n</Event>\n"
  },
  {
    "EventID": 38,
    "Timestamp": "2014-01-25 01:28:56.435627+00:00",
    "Computer": "IACIS-HDD-2014",
    "Channel": "Microsoft-Windows-WindowsUpdateClient/Operational",
    "Level": "Information",
    "EventData": {},
    "RawXml": "<Event xmlns=\"http://schemas.microsoft.com/win/2004/08/events/event\"><System><Provider Name=\"Microsoft-Windows-WindowsUpdateClient\" Guid=\"{945a8954-c147-4acd-923f-40c45405a658}\"></Provider>\n<EventID Qualifiers=\"\">38</EventID>\n<Version>0</Version>\n<Level>4</Level>\n<Task>1</Task>\n<Opcode>17</Opcode>\n<Keywords>0x4000000000000280</Keywords>\n<TimeCreated SystemTime=\"2014-01-25 01:28:56.435627+00:00\"></TimeCreated>\n<EventRecordID>10</EventRecordID>\n<Correlation ActivityID=\"\" RelatedActivityID=\"\"></Correlation>\n<Execution ProcessID=\"888\" ThreadID=\"3052\"></Execution>\n<Channel>Microsoft-Windows-WindowsUpdateClient/Operational</Channel>\n<Computer>IACIS-HDD-2014</Computer>\n<Security UserID=\"S-1-5-18\"></Security>\n</System>\n<EventData></EventData>\n</Event>\n"
  },
  {
    "EventID": 42,
    "Timestamp": "2014-01-25 01:34:00.816916+00:00",
    "Computer": "IACIS-HDD-2014",
    "Channel": "Microsoft-Windows-WindowsUpdateClient/Operational",
    "Level": "Information",
    "EventData": {
      "hc_stateid": "0",
      "restartDate": "",
      "restartTime": ""
    },
    "RawXml": "<Event xmlns=\"http://schemas.microsoft.com/win/2004/08/events/event\"><System><Provider Name=\"Microsoft-Windows-WindowsUpdateClient\" Guid=\"{945a8954-c147-4acd-923f-40c45405a658}\"></Provider>\n<EventID Qualifiers=\"\">42</EventID>\n<Version>0</Version>\n<Level>4</Level>\n<Task>2</Task>\n<Opcode>18</Opcode>\n<Keywords>0x4000000000000480</Keywords>\n<TimeCreated SystemTime=\"2014-01-25 01:34:00.816916+00:00\"></TimeCreated>\n<EventRecordID>11</EventRecordID>\n<Correlation ActivityID=\"\" RelatedActivityID=\"\"></Correlation>\n<Execution ProcessID=\"888\" ThreadID=\"1216\"></Execution>\n<Channel>Microsoft-Windows-WindowsUpdateClient/Operational</Channel>\n<Computer>IACIS-HDD-2014</Computer>\n<Security UserID=\"S-1-5-18\"></Security>\n</System>\n<EventData><Data Name=\"hc_stateid\">0</Data>\n<Data Name=\"restartDate\"></Data>\n<Data Name=\"restartTime\"></Data>\n</EventData>\n</Event>\n"
  },
  {
    "EventID": 42,
    "Timestamp": "2014-01-25 01:34:00.816916+00:00",
    "Computer": "IACIS-HDD-2014",
    "Channel": "Microsoft-Windows-WindowsUpdateClient/Operational",
    "Level": "Information",
    "EventData": {
      "hc_stateid": "0",
      "restartDate": "",
      "restartTime": ""
    },
    "RawXml": "<Event xmlns=\"http://schemas.microsoft.com/win/2004/08/events/event\"><System><Provider Name=\"Microsoft-Windows-WindowsUpdateClient\" Guid=\"{945a8954-c147-4acd-923f-40c45405a658}\"></Provider>\n<EventID Qualifiers=\"\">42</EventID>\n<Version>0</Version>\n<Level>4</Level>\n<Task>2</Task>\n<Opcode>18</Opcode>\n<Keywords>0x4000000000000480</Keywords>\n<TimeCreated SystemTime=\"2014-01-25 01:34:00.816916+00:00\"></TimeCreated>\n<EventRecordID>12</EventRecordID>\n<Correlation ActivityID=\"\" RelatedActivityID=\"\"></Correlation>\n<Execution ProcessID=\"888\" ThreadID=\"1216\"></Execution>\n<Channel>Microsoft-Windows-WindowsUpdateClient/Operational</Channel>\n<Computer>IACIS-HDD-2014</Computer>\n<Security UserID=\"S-1-5-18\"></Security>\n</System>\n<EventData><Data Name=\"hc_stateid\">0</Data>\n<Data Name=\"restartDate\"></Data>\n<Data Name=\"restartTime\"></Data>\n</EventData>\n</Event>\n"
  },
  {
    "EventID": 42,
    "Timestamp": "2014-01-25 01:34:00.816916+00:00",
    "Computer": "IACIS-HDD-2014",
    "Channel": "Microsoft-Windows-WindowsUpdateClient/Operational",
    "Level": "Information",
    "EventData": {
      "hc_stateid": "0",
      "restartDate": "",
      "restartTime": ""
    },
    "RawXml": "<Event xmlns=\"http://schemas.microsoft.com/win/2004/08/events/event\"><System><Provider Name=\"Microsoft-Windows-WindowsUpdateClient\" Guid=\"{945a8954-c147-4acd-923f-40c45405a658}\"></Provider>\n<EventID Qualifiers=\"\">42</EventID>\n<Version>0</Version>\n<Level>4</Level>\n<Task>2</Task>\n<Opcode>18</Opcode>\n<Keywords>0x4000000000000480</Keywords>\n<TimeCreated SystemTime=\"2014-01-25 01:34:00.816916+00:00\"></TimeCreated>\n<EventRecordID>13</EventRecordID>\n<Correlation ActivityID=\"\" RelatedActivityID=\"\"></Correlation>\n<Execution ProcessID=\"888\" ThreadID=\"1216\"></Execution>\n<Channel>Microsoft-Windows-WindowsUpdateClient/Operational</Channel>\n<Computer>IACIS-HDD-2014</Computer>\n<Security UserID=\"S-1-5-18\"></Security>\n</System>\n<EventData><Data Name=\"hc_stateid\">0</Data>\n<Data Name=\"restartDate\"></Data>\n<Data Name=\"restartTime\"></Data>\n</EventData>\n</Event>\n"
  },
  {
    "EventID": 30,
    "Timestamp": "2014-01-25 01:34:00.816916+00:00",
    "Computer": "IACIS-HDD-2014",
    "Channel": "Microsoft-Windows-WindowsUpdateClient/Operational",
    "Level": "Information",
    "EventData": {},
    "RawXml": "<Event xmlns=\"http://schemas.microsoft.com/win/2004/08/events/event\"><System><Provider Name=\"Microsoft-Windows-WindowsUpdateClient\" Guid=\"{945a8954-c147-4acd-923f-40c45405a658}\"></Provider>\n<EventID Qualifiers=\"\">30</EventID>\n<Version>0</Version>\n<Level>4</Level>\n<Task>1</Task>\n<Opcode>17</Opcode>\n<Keywords>0x4000000000000001</Keywords>\n<TimeCreated SystemTime=\"2014-01-25 01:34:00.816916+00:00\"></TimeCreated>\n<EventRecordID>14</EventRecordID>\n<Correlation ActivityID=\"\" RelatedActivityID=\"\"></Correlation>\n<Execution ProcessID=\"888\" ThreadID=\"1216\"></Execution>\n<Channel>Microsoft-Windows-WindowsUpdateClient/Operational</Channel>\n<Computer>IACIS-HDD-2014</Computer>\n<Security UserID=\"S-1-5-18\"></Security>\n</System>\n<EventData></EventData>\n</Event>\n"
  },
  {
    "EventID": 26,
    "Timestamp": "2014-01-25 01:34:00.848114+00:00",
    "Computer": "IACIS-HDD-2014",
    "Channel": "Microsoft-Windows-WindowsUpdateClient/Operational",
    "Level": "Information",
    "EventData": {},
    "RawXml": "<Event xmlns=\"http://schemas.microsoft.com/win/2004/08/events/event\"><System><Provider Name=\"Microsoft-Windows-WindowsUpdateClient\" Guid=\"{945a8954-c147-4acd-923f-40c45405a658}\"></Provider>\n<EventID Qualifiers=\"\">26</EventID>\n<Version>0</Version>\n<Level>4</Level>\n<Task>1</Task>\n<Opcode>11</Opcode>\n<Keywords>0x4000000000000012</Keywords>\n<TimeCreated SystemTime=\"2014-01-25 01:34:00.848114+00:00\"></TimeCreated>\n<EventRecordID>15</EventRecordID>\n<Correlation ActivityID=\"\" RelatedActivityID=\"\"></Correlation>\n<Execution ProcessID=\"888\" ThreadID=\"1216\"></Execution>\n<Channel>Microsoft-Windows-WindowsUpdateClient/Operational</Channel>\n<Computer>IACIS-HDD-2014</Computer>\n<Security UserID=\"S-1-5-18\"></Security>\n</System>\n<UserData><updateCount xmlns:auto-ns3=\"http://schemas.microsoft.com/win/2004/08/events\" xmlns=\"http://manifests.microsoft.com/win/2004/08/windows/eventlog\">188</updateCount>\n</UserData>\n</Event>\n"
  },
  {
    "EventID": 40,
    "Timestamp": "2014-01-25 01:34:00.848114+00:00",
    "Computer": "IACIS-HDD-2014",
    "Channel": "Microsoft-Windows-WindowsUpdateClient/Operational",
    "Level": "Information",
    "EventData": {
      "updateGuid": "{62c68477-0f45-46aa-8af8-d0c189d6dd8e}",
      "updateRevisionNumber": "102"
    },
    "RawXml": "<Event xmlns=\"http://schemas.microsoft.com/win/2004/08/events/event\"><System><Provider Name=\"Microsoft-Windows-WindowsUpdateClient\" Guid=\"{945a8954-c147-4acd-923f-40c45405a658}\"></Provider>\n<EventID Qualifiers=\"\">40</EventID>\n<Version>0</Version>\n<Level>4</Level>\n<Task>1</Task>\n<Opcode>17</Opcode>\n<Keywords>0x4000000000000002</Keywords>\n<TimeCreated SystemTime=\"2014-01-25 01:34:00.848114+00:00\"></TimeCreated>\n<EventRecordID>16</EventRecordID>\n<Correlation ActivityID=\"\" RelatedActivityID=\"\"></Correlation>\n<Execution ProcessID=\"888\" ThreadID=\"1216\"></Execution>\n<Channel>Microsoft-Windows-WindowsUpdateClient/Operational</Channel>\n<Computer>IACIS-HDD-2014</Computer>\n<Security UserID=\"S-1-5-18\"></Security>\n</System>\n<EventData><Data Name=\"updateGuid\">{62c68477-0f45-46aa-8af8-d0c189d6dd8e}</Data>\n<Data Name=\"updateRevisionNumber\">102</Data>\n</EventData>\n</Event>\n"
  },
  {
    "EventID": 40,
    "Timestamp": "2014-01-25 01:34:00.848114+00:00",
    "Computer": "IACIS-HDD-2014",
    "Channel": "Microsoft-Windows-WindowsUpdateClient/Operational",
    "Level": "Information",
    "EventData": {
      "updateGuid": "{4f9af231-5723-4a52-9293-015d4e5d4cdf}",
      "updateRevisionNumber": "103"
    },
    "RawXml": "<Event xmlns=\"http://schemas.microsoft.com/win/2004/08/events/event\"><System><Provider Name=\"Microsoft-Windows-WindowsUpdateClient\" Guid=\"{945a8954-c147-4acd-923f-40c45405a658}\"></Provider>\n<EventID Qualifiers=\"\">40</EventID>\n<Version>0</Version>\n<Level>4</Level>\n<Task>1</Task>\n<Opcode>17</Opcode>\n<Keywords>0x4000000000000002</Keywords>\n<TimeCreated SystemTime=\"2014-01-25 01:34:00.848114+00:00\"></TimeCreated>\n<EventRecordID>17</EventRecordID>\n<Correlation ActivityID=\"\" RelatedActivityID=\"\"></Correlation>\n<Execution ProcessID=\"888\" ThreadID=\"1216\"></Execution>\n<Channel>Microsoft-Windows-WindowsUpdateClient/Operational</Channel>\n<Computer>IACIS-HDD-2014</Computer>\n<Security UserID=\"S-1-5-18\"></Security>\n</System>\n<EventData><Data Name=\"updateGuid\">{4f9af231-5723-4a52-9293-015d4e5d4cdf}</Data>\n<Data Name=\"updateRevisionNumber\">103</Data>\n</EventData>\n</Event>\n"
  },
  {
    "EventID": 40,
    "Timestamp": "2014-01-25 01:34:00.848114+00:00",
    "Computer": "IACIS-HDD-2014",
    "Channel": "Microsoft-Windows-WindowsUpdateClient/Operational",
    "Level": "Information",
    "EventData": {
      "updateGuid": "{7363544a-fcb9-45c7-8be3-0cc41d915671}",
      "updateRevisionNumber": "103"
    },
    "RawXml": "<Event xmlns=\"http://schemas.microsoft.com/win/2004/08/events/event\"><System><Provider Name=\"Microsoft-Windows-WindowsUpdateClient\" Guid=\"{945a8954-c147-4acd-923f-40c45405a658}\"></Provider>\n<EventID Qualifiers=\"\">40</EventID>\n<Version>0</Version>\n<Level>4</Level>\n<Task>1</Task>\n<Opcode>17</Opcode>\n<Keywords>0x4000000000000002</Keywords>\n<TimeCreated SystemTime=\"2014-01-25 01:34:00.848114+00:00\"></TimeCreated>\n<EventRecordID>18</EventRecordID>\n<Correlation ActivityID=\"\" RelatedActivityID=\"\"></Correlation>\n<Execution ProcessID=\"888\" ThreadID=\"1216\"></Execution>\n<Channel>Microsoft-Windows-WindowsUpdateClient/Operational</Channel>\n<Computer>IACIS-HDD-2014</Computer>\n<Security UserID=\"S-1-5-18\"></Security>\n</System>\n<EventData><Data Name=\"updateGuid\">{7363544a-fcb9-45c7-8be3-0cc41d915671}</Data>\n<Data Name=\"updateRevisionNumber\">103</Data>\n</EventData>\n</Event>\n"
  },
  {
    "EventID": 40,
    "Timestamp": "2014-01-25 01:34:00.848114+00:00",
    "Computer": "IACIS-HDD-2014",
    "Channel": "Microsoft-Windows-WindowsUpdateClient/Operational",
    "Level": "Information",
    "EventData": {
      "updateGuid": "{a8f9826c-d3fb-479b-bc98-2019c447fb2a}",
      "updateRevisionNumber": "103"
    },
    "RawXml": "<Event xmlns=\"http://schemas.microsoft.com/win/2004/08/events/event\"><System><Provider Name=\"Microsoft-Windows-WindowsUpdateClient\" Guid=\"{945a8954-c147-4acd-923f-40c45405a658}\"></Provider>\n<EventID Qualifiers=\"\">40</EventID>\n<Version>0</Version>\n<Level>4</Level>\n<Task>1</Task>\n<Opcode>17</Opcode>\n<Keywords>0x4000000000000002</Keywords>\n<TimeCreated SystemTime=\"2014-01-25 01:34:00.848114+00:00\"></TimeCreated>\n<EventRecordID>19</EventRecordID>\n<Correlation ActivityID=\"\" RelatedActivityID=\"\"></Correlation>\n<Execution ProcessID=\"888\" ThreadID=\"1216\"></Execution>\n<Channel>Microsoft-Windows-WindowsUpdateClient/Operational</Channel>\n<Computer>IACIS-HDD-2014</Computer>\n<Security UserID=\"S-1-5-18\"></Security>\n</System>\n<EventData><Data Name=\"updateGuid\">{a8f9826c-d3fb-479b-bc98-2019c447fb2a}</Data>\n<Data Name=\"updateRevisionNumber\">103</Data>\n</EventData>\n</Event>\n"
  },
  {
    "EventID": 40,
    "Timestamp": "2014-01-25 01:34:00.848114+00:00",
    "Computer": "IACIS-HDD-2014",
    "Channel": "Microsoft-Windows-WindowsUpdateClient/Operational",
    "Level": "Information",
    "EventData": {
      "updateGuid": "{40281aed-f5e1-4cf2-b933-247a7b569465}",
      "updateRevisionNumber": "103"
    },
    "RawXml": "<Event xmlns=\"http://schemas.microsoft.com/win/2004/08/events/event\"><System><Provider Name=\"Microsoft-Windows-WindowsUpdateClient\" Guid=\"{945a8954-c147-4acd-923f-40c45405a658}\"></Provider>\n<EventID Qualifiers=\"\">40</EventID>\n<Version>0</Version>\n<Level>4</Level>\n<Task>1</Task>\n<Opcode>17</Opcode>\n<Keywords>0x4000000000000002</Keywords>\n<TimeCreated SystemTime=\"2014-01-25 01:34:00.848114+00:00\"></TimeCreated>\n<EventRecordID>20</EventRecordID>\n<Correlation ActivityID=\"\" RelatedActivityID=\"\"></Correlation>\n<Execution ProcessID=\"888\" ThreadID=\"1216\"></Execution>\n<Channel>Microsoft-Windows-WindowsUpdateClient/Operational</Channel>\n<Computer>IACIS-HDD-2014</Computer>\n<Security UserID=\"S-1-5-18\"></Security>\n</System>\n<EventData><Data Name=\"updateGuid\">{40281aed-f5e1-4cf2-b933-247a7b569465}</Data>\n<Data Name=\"updateRevisionNumber\">103</Data>\n</EventData>\n</Event>\n"
  },
  {
    "EventID": 40,
    "Timestamp": "2014-01-25 01:34:00.848114+00:00",
    "Computer": "IACIS-HDD-2014",
    "Channel": "Microsoft-Windows-WindowsUpdateClient/Operational",
    "Level": "Information",
    "EventData": {
      "updateGuid": "{0a573204-a128-4b59-a9d7-2c94347b6d65}",
      "updateRevisionNumber": "103"
    },
    "RawXml": "<Event xmlns=\"http://schemas.microsoft.com/win/2004/08/events/event\"><System><Provider Name=\"Microsoft-Windows-WindowsUpdateClient\" Guid=\"{945a8954-c147-4acd-923f-40c45405a658}\"></Provider>\n<EventID Qualifiers=\"\">40</EventID>\n<Version>0</Version>\n<Level>4</Level>\n<Task>1</Task>\n<Opcode>17</Opcode>\n<Keywords>0x4000000000000002</Keywords>\n<TimeCreated SystemTime=\"2014-01-25 01:34:00.848114+00:00\"></TimeCreated>\n<EventRecordID>21</EventRecordID>\n<Correlation ActivityID=\"\" RelatedActivityID=\"\"></Correlation>\n<Execution ProcessID=\"888\" ThreadID=\"1216\"></Execution>\n<Channel>Microsoft-Windows-WindowsUpdateClient/Operational</Channel>\n<Computer>IACIS-HDD-2014</Computer>\n<Security UserID=\"S-1-5-18\"></Security>\n</System>\n<EventData><Data Name=\"updateGuid\">{0a573204-a128-4b59-a9d7-2c94347b6d65}</Data>\n<Data Name=\"updateRevisionNumber\">103</Data>\n</EventData>\n</Event>\n"
  },
  {
    "EventID": 40,
    "Timestamp": "2014-01-25 01:34:00.848114+00:00",
    "Computer": "IACIS-HDD-2014",
    "Channel": "Microsoft-Windows-WindowsUpdateClient/Operational",
    "Level": "Information",
    "EventData": {
      "updateGuid": "{9e928520-32a2-45cb-8be1-30524f9dca22}",
      "updateRevisionNumber": "103"
    },
    "RawXml": "<Event xmlns=\"http://schemas.microsoft.com/win/2004/08/events/event\"><System><Provider Name=\"Microsoft-Windows-WindowsUpdateClient\" Guid=\"{945a8954-c147-4acd-923f-40c45405a658}\"></Provider>\n<EventID Qualifiers=\"\">40</EventID>\n<Version>0</Version>\n<Level>4</Level>\n<Task>1</Task>\n<Opcode>17</Opcode>\n<Keywords>0x4000000000000002</Keywords>\n<TimeCreated SystemTime=\"2014-01-25 01:34:00.848114+00:00\"></TimeCreated>\n<EventRecordID>22</EventRecordID>\n<Correlation ActivityID=\"\" RelatedActivityID=\"\"></Correlation>\n<Execution ProcessID=\"888\" ThreadID=\"1216\"></Execution>\n<Channel>Microsoft-Windows-WindowsUpdateClient/Operational</Channel>\n<Computer>IACIS-HDD-2014</Computer>\n<Security UserID=\"S-1-5-18\"></Security>\n</System>\n<EventData><Data Name=\"updateGuid\">{9e928520-32a2-45cb-8be1-30524f9dca22}</Data>\n<Data Name=\"updateRevisionNumber\">103</Data>\n</EventData>\n</Event>\n"
  },
  {
    "EventID": 40,
    "Timestamp": "2014-01-25 01:34:00.848114+00:00",
    "Computer": "IACIS-HDD-2014",
    "Channel": "Microsoft-Windows-WindowsUpdateClient/Operational",
    "Level": "Information",
    "EventData": {
      "updateGuid": "{85a1454b-5b3c-4419-8be4-36d2e1a5efea}",
      "updateRevisionNumber": "103"
    },
    "RawXml": "<Event xmlns=\"http://schemas.microsoft.com/win/2004/08/events/event\"><System><Provider Name=\"Microsoft-Windows-WindowsUpdateClient\" Guid=\"{945a8954-c147-4acd-923f-40c45405a658}\"></Provider>\n<EventID Qualifiers=\"\">40</EventID>\n<Version>0</Version>\n<Level>4</Level>\n<Task>1</Task>\n<Opcode>17</Opcode>\n<Keywords>0x4000000000000002</Keywords>\n<TimeCreated SystemTime=\"2014-01-25 01:34:00.848114+00:00\"></TimeCreated>\n<EventRecordID>23</EventRecordID>\n<Correlation ActivityID=\"\" RelatedActivityID=\"\"></Correlation>\n<Execution ProcessID=\"888\" ThreadID=\"1216\"></Execution>\n<Channel>Microsoft-Windows-WindowsUpdateClient/Operational</Channel>\n<Computer>IACIS-HDD-2014</Computer>\n<Security UserID=\"S-1-5-18\"></Security>\n</System>\n<EventData><Data Name=\"updateGuid\">{85a1454b-5b3c-4419-8be4-36d2e1a5efea}</Data>\n<Data Name=\"updateRevisionNumber\">103</Data>\n</EventData>\n</Event>\n"
  },
  {
    "EventID": 40,
    "Timestamp": "2014-01-25 01:34:00.848114+00:00",
    "Computer": "IACIS-HDD-2014",
    "Channel": "Microsoft-Windows-WindowsUpdateClient/Operational",
    "Level": "Information",
    "EventData": {
      "updateGuid": "{e51eee53-3f0e-4036-9e9c-379ee8d5d2ae}",
      "updateRevisionNumber": "103"
    },
    "RawXml": "<Event xmlns=\"http://schemas.microsoft.com/win/2004/08/events/event\"><System><Provider Name=\"Microsoft-Windows-WindowsUpdateClient\" Guid=\"{945a8954-c147-4acd-923f-40c45405a658}\"></Provider>\n<EventID Qualifiers=\"\">40</EventID>\n<Version>0</Version>\n<Level>4</Level>\n<Task>1</Task>\n<Opcode>17</Opcode>\n<Keywords>0x4000000000000002</Keywords>\n<TimeCreated SystemTime=\"2014-01-25 01:34:00.848114+00:00\"></TimeCreated>\n<EventRecordID>24</EventRecordID>\n<Correlation ActivityID=\"\" RelatedActivityID=\"\"></Correlation>\n<Execution ProcessID=\"888\" ThreadID=\"1216\"></Execution>\n<Channel>Microsoft-Windows-WindowsUpdateClient/Operational</Channel>\n<Computer>IACIS-HDD-2014</Computer>\n<Security UserID=\"S-1-5-18\"></Security>\n</System>\n<EventData><Data Name=\"updateGuid\">{e51eee53-3f0e-4036-9e9c-379ee8d5d2ae}</Data>\n<Data Name=\"updateRevisionNumber\">103</Data>\n</EventData>\n</Event>\n"
  },
  {
    "EventID": 40,
    "Timestamp": "2014-01-25 01:34:00.848114+00:00",
    "Computer": "IACIS-HDD-2014",
    "Channel": "Microsoft-Windows-WindowsUpdateClient/Operational",
    "Level": "Information",
    "EventData": {
      "updateGuid": "{80aef0a5-249c-45a5-8df1-3b8f6fe7098f}",
      "updateRevisionNumber": "103"
    },
    "RawXml": "<Event xmlns=\"http://schemas.microsoft.com/win/2004/08/events/event\"><System><Provider Name=\"Microsoft-Windows-WindowsUpdateClient\" Guid=\"{945a8954-c147-4acd-923f-40c45405a658}\"></Provider>\n<EventID Qualifiers=\"\">40</EventID>\n<Version>0</Version>\n<Level>4</Level>\n<Task>1</Task>\n<Opcode>17</Opcode>\n<Keywords>0x4000000000000002</Keywords>\n<TimeCreated SystemTime=\"2014-01-25 01:34:00.848114+00:00\"></TimeCreated>\n<EventRecordID>25</EventRecordID>\n<Correlation ActivityID=\"\" RelatedActivityID=\"\"></Correlation>\n<Execution ProcessID=\"888\" ThreadID=\"1216\"></Execution>\n<Channel>Microsoft-Windows-WindowsUpdateClient/Operational</Channel>\n<Computer>IACIS-HDD-2014</Computer>\n<Security UserID=\"S-1-5-18\"></Security>\n</System>\n<EventData><Data Name=\"updateGuid\">{80aef0a5-249c-45a5-8df1-3b8f6fe7098f}</Data>\n<Data Name=\"updateRevisionNumber\">103</Data>\n</EventData>\n</Event>\n"
  },
  {
    "EventID": 40,
    "Timestamp": "2014-01-25 01:34:00.848114+00:00",
    "Computer": "IACIS-HDD-2014",
    "Channel": "Microsoft-Windows-WindowsUpdateClient/Operational",
    "Level": "Information",
    "EventData": {
      "updateGuid": "{cdaa29e4-7dd7-49e5-8d96-50b907f1d999}",
      "updateRevisionNumber": "103"
    },
    "RawXml": "<Event xmlns=\"http://schemas.microsoft.com/win/2004/08/events/event\"><System><Provider Name=\"Microsoft-Windows-WindowsUpdateClient\" Guid=\"{945a8954-c147-4acd-923f-40c45405a658}\"></Provider>\n<EventID Qualifiers=\"\">40</EventID>\n<Version>0</Version>\n<Level>4</Level>\n<Task>1</Task>\n<Opcode>17</Opcode>\n<Keywords>0x4000000000000002</Keywords>\n<TimeCreated SystemTime=\"2014-01-25 01:34:00.848114+00:00\"></TimeCreated>\n<EventRecordID>26</EventRecordID>\n<Correlation ActivityID=\"\" RelatedActivityID=\"\"></Correlation>\n<Execution ProcessID=\"888\" ThreadID=\"1216\"></Execution>\n<Channel>Microsoft-Windows-WindowsUpdateClient/Operational</Channel>\n<Computer>IACIS-HDD-2014</Computer>\n<Security UserID=\"S-1-5-18\"></Security>\n</System>\n<EventData><Data Name=\"updateGuid\">{cdaa29e4-7dd7-49e5-8d96-50b907f1d999}</Data>\n<Data Name=\"updateRevisionNumber\">103</Data>\n</EventData>\n</Event>\n"
  },
  {
    "EventID": 40,
    "Timestamp": "2014-01-25 01:34:00.848114+00:00",
    "Computer": "IACIS-HDD-2014",
    "Channel": "Microsoft-Windows-WindowsUpdateClient/Operational",
    "Level": "Information",
    "EventData": {
      "updateGuid": "{0ca1e71f-4cda-4f63-8775-5720a2185895}",
      "updateRevisionNumber": "103"
    },
    "RawXml": "<Event xmlns=\"http://schemas.microsoft.com/win/2004/08/events/event\"><System><Provider Name=\"Microsoft-Windows-WindowsUpdateClient\" Guid=\"{945a8954-c147-4acd-923f-40c45405a658}\"></Provider>\n<EventID Qualifiers=\"\">40</EventID>\n<Version>0</Version>\n<Level>4</Level>\n<Task>1</Task>\n<Opcode>17</Opcode>\n<Keywords>0x4000000000000002</Keywords>\n<TimeCreated SystemTime=\"2014-01-25 01:34:00.848114+00:00\"></TimeCreated>\n<EventRecordID>27</EventRecordID>\n<Correlation ActivityID=\"\" RelatedActivityID=\"\"></Correlation>\n<Execution ProcessID=\"888\" ThreadID=\"1216\"></Execution>\n<Channel>Microsoft-Windows-WindowsUpdateClient/Operational</Channel>\n<Computer>IACIS-HDD-2014</Computer>\n<Security UserID=\"S-1-5-18\"></Security>\n</System>\n<EventData><Data Name=\"updateGuid\">{0ca1e71f-4cda-4f63-8775-5720a2185895}</Data>\n<Data Name=\"updateRevisionNumber\">103</Data>\n</EventData>\n</Event>\n"
  },
  {
    "EventID": 40,
    "Timestamp": "2014-01-25 01:34:00.848114+00:00",
    "Computer": "IACIS-HDD-2014",
    "Channel": "Microsoft-Windows-WindowsUpdateClient/Operational",
    "Level": "Information",
    "EventData": {
      "updateGuid": "{87d29669-5fe2-49d9-bdb7-5b36168988ad}",
      "updateRevisionNumber": "103"
    },
    "RawXml": "<Event xmlns=\"http://schemas.microsoft.com/win/2004/08/events/event\"><System><Provider Name=\"Microsoft-Windows-WindowsUpdateClient\" Guid=\"{945a8954-c147-4acd-923f-40c45405a658}\"></Provider>\n<EventID Qualifiers=\"\">40</EventID>\n<Version>0</Version>\n<Level>4</Level>\n<Task>1</Task>\n<Opcode>17</Opcode>\n<Keywords>0x4000000000000002</Keywords>\n<TimeCreated SystemTime=\"2014-01-25 01:34:00.848114+00:00\"></TimeCreated>\n<EventRecordID>28</EventRecordID>\n<Correlation ActivityID=\"\" RelatedActivityID=\"\"></Correlation>\n<Execution ProcessID=\"888\" ThreadID=\"1216\"></Execution>\n<Channel>Microsoft-Windows-WindowsUpdateClient/Operational</Channel>\n<Computer>IACIS-HDD-2014</Computer>\n<Security UserID=\"S-1-5-18\"></Security>\n</System>\n<EventData><Data Name=\"updateGuid\">{87d29669-5fe2-49d9-bdb7-5b36168988ad}</Data>\n<Data Name=\"updateRevisionNumber\">103</Data>\n</EventData>\n</Event>\n"
  },
  {
    "EventID": 40,
    "Timestamp": "2014-01-25 01:34:00.848114+00:00",
    "Computer": "IACIS-HDD-2014",
    "Channel": "Microsoft-Windows-WindowsUpdateClient/Operational",
    "Level": "Information",
    "EventData": {
      "updateGuid": "{b8581264-5b75-4ddd-964e-6b46d2847e10}",
      "updateRevisionNumber": "103"
    },
    "RawXml": "<Event xmlns=\"http://schemas.microsoft.com/win/2004/08/events/event\"><System><Provider Name=\"Microsoft-Windows-WindowsUpdateClient\" Guid=\"{945a8954-c147-4acd-923f-40c45405a658}\"></Provider>\n<EventID Qualifiers=\"\">40</EventID>\n<Version>0</Version>\n<Level>4</Level>\n<Task>1</Task>\n<Opcode>17</Opcode>\n<Keywords>0x4000000000000002</Keywords>\n<TimeCreated SystemTime=\"2014-01-25 01:34:00.848114+00:00\"></TimeCreated>\n<EventRecordID>29</EventRecordID>\n<Correlation ActivityID=\"\" RelatedActivityID=\"\"></Correlation>\n<Execution ProcessID=\"888\" ThreadID=\"1216\"></Execution>\n<Channel>Microsoft-Windows-WindowsUpdateClient/Operational</Channel>\n<Computer>IACIS-HDD-2014</Computer>\n<Security UserID=\"S-1-5-18\"></Security>\n</System>\n<EventData><Data Name=\"updateGuid\">{b8581264-5b75-4ddd-964e-6b46d2847e10}</Data>\n<Data Name=\"updateRevisionNumber\">103</Data>\n</EventData>\n</Event>\n"
  },
  {
    "EventID": 40,
    "Timestamp": "2014-01-25 01:34:00.848114+00:00",
    "Computer": "IACIS-HDD-2014",
    "Channel": "Microsoft-Windows-WindowsUpdateClient/Operational",
    "Level": "Information",
    "EventData": {
      "updateGuid": "{b57b109c-58c6-410a-87ab-6ef7422826ed}",
      "updateRevisionNumber": "103"
    },
    "RawXml": "<Event xmlns=\"http://schemas.microsoft.com/win/2004/08/events/event\"><System><Provider Name=\"Microsoft-Windows-WindowsUpdateClient\" Guid=\"{945a8954-c147-4acd-923f-40c45405a658}\"></Provider>\n<EventID Qualifiers=\"\">40</EventID>\n<Version>0</Version>\n<Level>4</Level>\n<Task>1</Task>\n<Opcode>17</Opcode>\n<Keywords>0x4000000000000002</Keywords>\n<TimeCreated SystemTime=\"2014-01-25 01:34:00.848114+00:00\"></TimeCreated>\n<EventRecordID>30</EventRecordID>\n<Correlation ActivityID=\"\" RelatedActivityID=\"\"></Correlation>\n<Execution ProcessID=\"888\" ThreadID=\"1216\"></Execution>\n<Channel>Microsoft-Windows-WindowsUpdateClient/Operational</Channel>\n<Computer>IACIS-HDD-2014</Computer>\n<Security UserID=\"S-1-5-18\"></Security>\n</System>\n<EventData><Data Name=\"updateGuid\">{b57b109c-58c6-410a-87ab-6ef7422826ed}</Data>\n<Data Name=\"updateRevisionNumber\">103</Data>\n</EventData>\n</Event>\n"
  },
  {
    "EventID": 40,
    "Timestamp": "2014-01-25 01:34:00.848114+00:00",
    "Computer": "IACIS-HDD-2014",
    "Channel": "Microsoft-Windows-WindowsUpdateClient/Operational",
    "Level": "Information",
    "EventData": {
      "updateGuid": "{951000a7-8631-414c-9fbd-70b1b30c2e6f}",
      "updateRevisionNumber": "103"
    },
    "RawXml": "<Event xmlns=\"http://schemas.microsoft.com/win/2004/08/events/event\"><System><Provider Name=\"Microsoft-Windows-WindowsUpdateClient\" Guid=\"{945a8954-c147-4acd-923f-40c45405a658}\"></Provider>\n<EventID Qualifiers=\"\">40</EventID>\n<Version>0</Version>\n<Level>4</Level>\n<Task>1</Task>\n<Opcode>17</Opcode>\n<Keywords>0x4000000000000002</Keywords>\n<TimeCreated SystemTime=\"2014-01-25 01:34:00.848114+00:00\"></TimeCreated>\n<EventRecordID>31</EventRecordID>\n<Correlation ActivityID=\"\" RelatedActivityID=\"\"></Correlation>\n<Execution ProcessID=\"888\" ThreadID=\"1216\"></Execution>\n<Channel>Microsoft-Windows-WindowsUpdateClient/Operational</Channel>\n<Computer>IACIS-HDD-2014</Computer>\n<Security UserID=\"S-1-5-18\"></Security>\n</System>\n<EventData><Data Name=\"updateGuid\">{951000a7-8631-414c-9fbd-70b1b30c2e6f}</Data>\n<Data Name=\"updateRevisionNumber\">103</Data>\n</EventData>\n</Event>\n"
  },
  {
    "EventID": 40,
    "Timestamp": "2014-01-25 01:34:00.848114+00:00",
    "Computer": "IACIS-HDD-2014",
    "Channel": "Microsoft-Windows-WindowsUpdateClient/Operational",
    "Level": "Information",
    "EventData": {
      "updateGuid": "{0ca5d635-1450-4bf9-98ad-88673c9cc19d}",
      "updateRevisionNumber": "103"
    },
    "RawXml": "<Event xmlns=\"http://schemas.microsoft.com/win/2004/08/events/event\"><System><Provider Name=\"Microsoft-Windows-WindowsUpdateClient\" Guid=\"{945a8954-c147-4acd-923f-40c45405a658}\"></Provider>\n<EventID Qualifiers=\"\">40</EventID>\n<Version>0</Version>\n<Level>4</Level>\n<Task>1</Task>\n<Opcode>17</Opcode>\n<Keywords>0x4000000000000002</Keywords>\n<TimeCreated SystemTime=\"2014-01-25 01:34:00.848114+00:00\"></TimeCreated>\n<EventRecordID>32</EventRecordID>\n<Correlation ActivityID=\"\" RelatedActivityID=\"\"></Correlation>\n<Execution ProcessID=\"888\" ThreadID=\"1216\"></Execution>\n<Channel>Microsoft-Windows-WindowsUpdateClient/Operational</Channel>\n<Computer>IACIS-HDD-2014</Computer>\n<Security UserID=\"S-1-5-18\"></Security>\n</System>\n<EventData><Data Name=\"updateGuid\">{0ca5d635-1450-4bf9-98ad-88673c9cc19d}</Data>\n<Data Name=\"updateRevisionNumber\">103</Data>\n</EventData>\n</Event>\n"
  },
  {
    "EventID": 40,
    "Timestamp": "2014-01-25 01:34:00.848114+00:00",
    "Computer": "IACIS-HDD-2014",
    "Channel": "Microsoft-Windows-WindowsUpdateClient/Operational",
    "Level": "Information",
    "EventData": {
      "updateGuid": "{0338b2cb-ee95-4e8e-bb9c-9019b1ac3d5e}",
      "updateRevisionNumber": "103"
    },
    "RawXml": "<Event xmlns=\"http://schemas.microsoft.com/win/2004/08/events/event\"><System><Provider Name=\"Microsoft-Windows-WindowsUpdateClient\" Guid=\"{945a8954-c147-4acd-923f-40c45405a658}\"></Provider>\n<EventID Qualifiers=\"\">40</EventID>\n<Version>0</Version>\n<Level>4</Level>\n<Task>1</Task>\n<Opcode>17</Opcode>\n<Keywords>0x4000000000000002</Keywords>\n<TimeCreated SystemTime=\"2014-01-25 01:34:00.848114+00:00\"></TimeCreated>\n<EventRecordID>33</EventRecordID>\n<Correlation ActivityID=\"\" RelatedActivityID=\"\"></Correlation>\n<Execution ProcessID=\"888\" ThreadID=\"1216\"></Execution>\n<Channel>Microsoft-Windows-WindowsUpdateClient/Operational</Channel>\n<Computer>IACIS-HDD-2014</Computer>\n<Security UserID=\"S-1-5-18\"></Security>\n</System>\n<EventData><Data Name=\"updateGuid\">{0338b2cb-ee95-4e8e-bb9c-9019b1ac3d5e}</Data>\n<Data Name=\"updateRevisionNumber\">103</Data>\n</EventData>\n</Event>\n"
  },
  {
    "EventID": 40,
    "Timestamp": "2014-01-25 01:34:00.848114+00:00",
    "Computer": "IACIS-HDD-2014",
    "Channel": "Microsoft-Windows-WindowsUpdateClient/Operational",
    "Level": "Information",
    "EventData": {
      "updateGuid": "{3990251b-0690-4bbc-b59f-904d0a912b36}",
      "updateRevisionNumber": "103"
    },
    "RawXml": "<Event xmlns=\"http://schemas.microsoft.com/win/2004/08/events/event\"><System><Provider Name=\"Microsoft-Windows-WindowsUpdateClient\" Guid=\"{945a8954-c147-4acd-923f-40c45405a658}\"></Provider>\n<EventID Qualifiers=\"\">40</EventID>\n<Version>0</Version>\n<Level>4</Level>\n<Task>1</Task>\n<Opcode>17</Opcode>\n<Keywords>0x4000000000000002</Keywords>\n<TimeCreated SystemTime=\"2014-01-25 01:34:00.848114+00:00\"></TimeCreated>\n<EventRecordID>34</EventRecordID>\n<Correlation ActivityID=\"\" RelatedActivityID=\"\"></Correlation>\n<Execution ProcessID=\"888\" ThreadID=\"1216\"></Execution>\n<Channel>Microsoft-Windows-WindowsUpdateClient/Operational</Channel>\n<Computer>IACIS-HDD-2014</Computer>\n<Security UserID=\"S-1-5-18\"></Security>\n</System>\n<EventData><Data Name=\"updateGuid\">{3990251b-0690-4bbc-b59f-904d0a912b36}</Data>\n<Data Name=\"updateRevisionNumber\">103</Data>\n</EventData>\n</Event>\n"
  },
  {
    "EventID": 40,
    "Timestamp": "2014-01-25 01:34:00.848114+00:00",
    "Computer": "IACIS-HDD-2014",
    "Channel": "Microsoft-Windows-WindowsUpdateClient/Operational",
    "Level": "Information",
    "EventData": {
      "updateGuid": "{98ec768a-b7b8-4dd8-92e1-98421c0d3552}",
      "updateRevisionNumber": "103"
    },
    "RawXml": "<Event xmlns=\"http://schemas.microsoft.com/win/2004/08/events/event\"><System><Provider Name=\"Microsoft-Windows-WindowsUpdateClient\" Guid=\"{945a8954-c147-4acd-923f-40c45405a658}\"></Provider>\n<EventID Qualifiers=\"\">40</EventID>\n<Version>0</Version>\n<Level>4</Level>\n<Task>1</Task>\n<Opcode>17</Opcode>\n<Keywords>0x4000000000000002</Keywords>\n<TimeCreated SystemTime=\"2014-01-25 01:34:00.848114+00:00\"></TimeCreated>\n<EventRecordID>35</EventRecordID>\n<Correlation ActivityID=\"\" RelatedActivityID=\"\"></Correlation>\n<Execution ProcessID=\"888\" ThreadID=\"1216\"></Execution>\n<Channel>Microsoft-Windows-WindowsUpdateClient/Operational</Channel>\n<Computer>IACIS-HDD-2014</Computer>\n<Security UserID=\"S-1-5-18\"></Security>\n</System>\n<EventData><Data Name=\"updateGuid\">{98ec768a-b7b8-4dd8-92e1-98421c0d3552}</Data>\n<Data Name=\"updateRevisionNumber\">103</Data>\n</EventData>\n</Event>\n"
  },
  {
    "EventID": 40,
    "Timestamp": "2014-01-25 01:34:00.848114+00:00",
    "Computer": "IACIS-HDD-2014",
    "Channel": "Microsoft-Windows-WindowsUpdateClient/Operational",
    "Level": "Information",
    "EventData": {
      "updateGuid": "{5fc10007-56ac-4bb1-b7c3-9fa41b339359}",
      "updateRevisionNumber": "103"
    },
    "RawXml": "<Event xmlns=\"http://schemas.microsoft.com/win/2004/08/events/event\"><System><Provider Name=\"Microsoft-Windows-WindowsUpdateClient\" Guid=\"{945a8954-c147-4acd-923f-40c45405a658}\"></Provider>\n<EventID Qualifiers=\"\">40</EventID>\n<Version>0</Version>\n<Level>4</Level>\n<Task>1</Task>\n<Opcode>17</Opcode>\n<Keywords>0x4000000000000002</Keywords>\n<TimeCreated SystemTime=\"2014-01-25 01:34:00.848114+00:00\"></TimeCreated>\n<EventRecordID>36</EventRecordID>\n<Correlation ActivityID=\"\" RelatedActivityID=\"\"></Correlation>\n<Execution ProcessID=\"888\" ThreadID=\"1216\"></Execution>\n<Channel>Microsoft-Windows-WindowsUpdateClient/Operational</Channel>\n<Computer>IACIS-HDD-2014</Computer>\n<Security UserID=\"S-1-5-18\"></Security>\n</System>\n<EventData><Data Name=\"updateGuid\">{5fc10007-56ac-4bb1-b7c3-9fa41b339359}</Data>\n<Data Name=\"updateRevisionNumber\">103</Data>\n</EventData>\n</Event>\n"
  },
  {
    "EventID": 40,
    "Timestamp": "2014-01-25 01:34:00.848114+00:00",
    "Computer": "IACIS-HDD-2014",
    "Channel": "Microsoft-Windows-WindowsUpdateClient/Operational",
    "Level": "Information",
    "EventData": {
      "updateGuid": "{e7f842d9-d61b-426e-9c39-a50ab9baf4a0}",
      "updateRevisionNumber": "103"
    },
    "RawXml": "<Event xmlns=\"http://schemas.microsoft.com/win/2004/08/events/event\"><System><Provider Name=\"Microsoft-Windows-WindowsUpdateClient\" Guid=\"{945a8954-c147-4acd-923f-40c45405a658}\"></Provider>\n<EventID Qualifiers=\"\">40</EventID>\n<Version>0</Version>\n<Level>4</Level>\n<Task>1</Task>\n<Opcode>17</Opcode>\n<Keywords>0x4000000000000002</Keywords>\n<TimeCreated SystemTime=\"2014-01-25 01:34:00.848114+00:00\"></TimeCreated>\n<EventRecordID>37</EventRecordID>\n<Correlation ActivityID=\"\" RelatedActivityID=\"\"></Correlation>\n<Execution ProcessID=\"888\" ThreadID=\"1216\"></Execution>\n<Channel>Microsoft-Windows-WindowsUpdateClient/Operational</Channel>\n<Computer>IACIS-HDD-2014</Computer>\n<Security UserID=\"S-1-5-18\"></Security>\n</System>\n<EventData><Data Name=\"updateGuid\">{e7f842d9-d61b-426e-9c39-a50ab9baf4a0}</Data>\n<Data Name=\"updateRevisionNumber\">103</Data>\n</EventData>\n</Event>\n"
  },
  {
    "EventID": 40,
    "Timestamp": "2014-01-25 01:34:00.848114+00:00",
    "Computer": "IACIS-HDD-2014",
    "Channel": "Microsoft-Windows-WindowsUpdateClient/Operational",
    "Level": "Information",
    "EventData": {
      "updateGuid": "{f57d17f2-7d2c-446c-a4f2-aa3171b75b21}",
      "updateRevisionNumber": "103"
    },
    "RawXml": "<Event xmlns=\"http://schemas.microsoft.com/win/2004/08/events/event\"><System><Provider Name=\"Microsoft-Windows-WindowsUpdateClient\" Guid=\"{945a8954-c147-4acd-923f-40c45405a658}\"></Provider>\n<EventID Qualifiers=\"\">40</EventID>\n<Version>0</Version>\n<Level>4</Level>\n<Task>1</Task>\n<Opcode>17</Opcode>\n<Keywords>0x4000000000000002</Keywords>\n<TimeCreated SystemTime=\"2014-01-25 01:34:00.848114+00:00\"></TimeCreated>\n<EventRecordID>38</EventRecordID>\n<Correlation ActivityID=\"\" RelatedActivityID=\"\"></Correlation>\n<Execution ProcessID=\"888\" ThreadID=\"1216\"></Execution>\n<Channel>Microsoft-Windows-WindowsUpdateClient/Operational</Channel>\n<Computer>IACIS-HDD-2014</Computer>\n<Security UserID=\"S-1-5-18\"></Security>\n</System>\n<EventData><Data Name=\"updateGuid\">{f57d17f2-7d2c-446c-a4f2-aa3171b75b21}</Data>\n<Data Name=\"updateRevisionNumber\">103</Data>\n</EventData>\n</Event>\n"
  },
  {
    "EventID": 40,
    "Timestamp": "2014-01-25 01:34:00.848114+00:00",
    "Computer": "IACIS-HDD-2014",
    "Channel": "Microsoft-Windows-WindowsUpdateClient/Operational",
    "Level": "Information",
    "EventData": {
      "updateGuid": "{9696823f-09d7-4a41-b337-ac36daf2cef8}",
      "updateRevisionNumber": "103"
    },
    "RawXml": "<Event xmlns=\"http://schemas.microsoft.com/win/2004/08/events/event\"><System><Provider Name=\"Microsoft-Windows-WindowsUpdateClient\" Guid=\"{945a8954-c147-4acd-923f-40c45405a658}\"></Provider>\n<EventID Qualifiers=\"\">40</EventID>\n<Version>0</Version>\n<Level>4</Level>\n<Task>1</Task>\n<Opcode>17</Opcode>\n<Keywords>0x4000000000000002</Keywords>\n<TimeCreated SystemTime=\"2014-01-25 01:34:00.848114+00:00\"></TimeCreated>\n<EventRecordID>39</EventRecordID>\n<Correlation ActivityID=\"\" RelatedActivityID=\"\"></Correlation>\n<Execution ProcessID=\"888\" ThreadID=\"1216\"></Execution>\n<Channel>Microsoft-Windows-WindowsUpdateClient/Operational</Channel>\n<Computer>IACIS-HDD-2014</Computer>\n<Security UserID=\"S-1-5-18\"></Security>\n</System>\n<EventData><Data Name=\"updateGuid\">{9696823f-09d7-4a41-b337-ac36daf2cef8}</Data>\n<Data Name=\"updateRevisionNumber\">103</Data>\n</EventData>\n</Event>\n"
  },
  {
    "EventID": 40,
    "Timestamp": "2014-01-25 01:34:00.848114+00:00",
    "Computer": "IACIS-HDD-2014",
    "Channel": "Microsoft-Windows-WindowsUpdateClient/Operational",
    "Level": "Information",
    "EventData": {
      "updateGuid": "{c4beb100-1d6e-4ef6-a67b-bc0a051c1be5}",
      "updateRevisionNumber": "103"
    },
    "RawXml": "<Event xmlns=\"http://schemas.microsoft.com/win/2004/08/events/event\"><System><Provider Name=\"Microsoft-Windows-WindowsUpdateClient\" Guid=\"{945a8954-c147-4acd-923f-40c45405a658}\"></Provider>\n<EventID Qualifiers=\"\">40</EventID>\n<Version>0</Version>\n<Level>4</Level>\n<Task>1</Task>\n<Opcode>17</Opcode>\n<Keywords>0x4000000000000002</Keywords>\n<TimeCreated SystemTime=\"2014-01-25 01:34:00.848114+00:00\"></TimeCreated>\n<EventRecordID>40</EventRecordID>\n<Correlation ActivityID=\"\" RelatedActivityID=\"\"></Correlation>\n<Execution ProcessID=\"888\" ThreadID=\"1216\"></Execution>\n<Channel>Microsoft-Windows-WindowsUpdateClient/Operational</Channel>\n<Computer>IACIS-HDD-2014</Computer>\n<Security UserID=\"S-1-5-18\"></Security>\n</System>\n<EventData><Data Name=\"updateGuid\">{c4beb100-1d6e-4ef6-a67b-bc0a051c1be5}</Data>\n<Data Name=\"updateRevisionNumber\">103</Data>\n</EventData>\n</Event>\n"
  },
