  {
    "EventID": 1002,
    "Timestamp": "2014-01-25 18:23:01.777225+00:00",
    "Computer": "IACIS-HDD-2014",
    "Channel": "Microsoft-Windows-Known Folders API Service",
    "Level": "Warning",
    "EventData": {
      "hrError": "0x80070002",
      "FolderId": "{625b53c3-ab48-4ec1-ba1f-a1ef4146fc19}",
      "Path": "C:\\Windows\\system32\\config\\systemprofile\\AppData\\Roaming\\Microsoft\\Windows\\Start Menu"
    },
    "RawXml": "<Event xmlns=\"http://schemas.microsoft.com/win/2004/08/events/event\"><System><Provider Name=\"Microsoft-Windows-KnownFolders\" Guid=\"{8939299f-2315-4c5c-9b91-abb86aa0627d}\"></Provider>\n<EventID Qualifiers=\"\">1002</EventID>\n<Version>0</Version>\n<Level>3</Level>\n<Task>0</Task>\n<Opcode>0</Opcode>\n<Keywords>0x8000000000000000</Keywords>\n<TimeCreated SystemTime=\"2014-01-25 18:23:01.777225+00:00\"></TimeCreated>\n<EventRecordID>36</EventRecordID>\n<Correlation ActivityID=\"\" RelatedActivityID=\"\"></Correlation>\n<Execution ProcessID=\"1520\" ThreadID=\"792\"></Execution>\n<Channel>Microsoft-Windows-Known Folders API Service</Channel>\n<Computer>IACIS-HDD-2014</Computer>\n<Security UserID=\"S-1-5-18\"></Security>\n</System>\n<EventData><Data Name=\"hrError\">0x80070002</Data>\n<Data Name=\"FolderId\">{625b53c3-ab48-4ec1-ba1f-a1ef4146fc19}</Data>\n<Data Name=\"Path\">C:\\Windows\\system32\\config\\systemprofile\\AppData\\Roaming\\Microsoft\\Windows\\Start Menu</Data>\n</EventData>\n</Event>\n"
  },
  {
    "EventID": 1002,
    "Timestamp": "2014-01-25 18:23:01.777225+00:00",
    "Computer": "IACIS-HDD-2014",
    "Channel": "Microsoft-Windows-Known Folders API Service",
    "Level": "Warning",
    "EventData": {
      "hrError": "0x80070002",
      "FolderId": "{fdd39ad0-238f-46af-adb4-6c85480369c7}",
      "Path": "C:\\Windows\\system32\\config\\systemprofile\\Documents"
    },
    "RawXml": "<Event xmlns=\"http://schemas.microsoft.com/win/2004/08/events/event\"><System><Provider Name=\"Microsoft-Windows-KnownFolders\" Guid=\"{8939299f-2315-4c5c-9b91-abb86aa0627d}\"></Provider>\n<EventID Qualifiers=\"\">1002</EventID>\n<Version>0</Version>\n<Level>3</Level>\n<Task>0</Task>\n<Opcode>0</Opcode>\n<Keywords>0x8000000000000000</Keywords>\n<TimeCreated SystemTime=\"2014-01-25 18:23:01.777225+00:00\"></TimeCreated>\n<EventRecordID>37</EventRecordID>\n<Correlation ActivityID=\"\" RelatedActivityID=\"\"></Correlation>\n<Execution ProcessID=\"1520\" ThreadID=\"792\"></Execution>\n<Channel>Microsoft-Windows-Known Folders API Service</Channel>\n<Computer>IACIS-HDD-2014</Computer>\n<Security UserID=\"S-1-5-18\"></Security>\n</System>\n<EventData><Data Name=\"hrError\">0x80070002</Data>\n<Data Name=\"FolderId\">{fdd39ad0-238f-46af-adb4-6c85480369c7}</Data>\n<Data Name=\"Path\">C:\\Windows\\system32\\config\\systemprofile\\Documents</Data>\n</EventData>\n</Event>\n"
  },
  {
    "EventID": 1002,
    "Timestamp": "2014-01-25 18:23:01.792826+00:00",
    "Computer": "IACIS-HDD-2014",
    "Channel": "Microsoft-Windows-Known Folders API Service",
    "Level": "Warning",
    "EventData": {
      "hrError": "0x80070002",
      "FolderId": "{b4bfcc3a-db2c-424c-b029-7fe99a87c641}",
      "Path": "C:\\Windows\\system32\\config\\systemprofile\\Desktop"
    },
    "RawXml": "<Event xmlns=\"http://schemas.microsoft.com/win/2004/08/events/event\"><System><Provider Name=\"Microsoft-Windows-KnownFolders\" Guid=\"{8939299f-2315-4c5c-9b91-abb86aa0627d}\"></Provider>\n<EventID Qualifiers=\"\">1002</EventID>\n<Version>0</Version>\n<Level>3</Level>\n<Task>0</Task>\n<Opcode>0</Opcode>\n<Keywords>0x8000000000000000</Keywords>\n<TimeCreated SystemTime=\"2014-01-25 18:23:01.792826+00:00\"></TimeCreated>\n<EventRecordID>38</EventRecordID>\n<Correlation ActivityID=\"\" RelatedActivityID=\"\"></Correlation>\n<Execution ProcessID=\"1520\" ThreadID=\"792\"></Execution>\n<Channel>Microsoft-Windows-Known Folders API Service</Channel>\n<Computer>IACIS-HDD-2014</Computer>\n<Security UserID=\"S-1-5-18\"></Security>\n</System>\n<EventData><Data Name=\"hrError\">0x80070002</Data>\n<Data Name=\"FolderId\">{b4bfcc3a-db2c-424c-b029-7fe99a87c641}</Data>\n<Data Name=\"Path\">C:\\Windows\\system32\\config\\systemprofile\\Desktop</Data>\n</EventData>\n</Event>\n"
  },
  {
    "EventID": 1002,
    "Timestamp": "2014-01-25 18:26:00.181540+00:00",
    "Computer": "IACIS-HDD-2014",
    "Channel": "Microsoft-Windows-Known Folders API Service",
    "Level": "Warning",
    "EventData": {
      "hrError": "0x80070002",
      "FolderId": "{4c5c32ff-bb9d-43b0-b5b4-2d72e54eaaa4}",
      "Path": "C:\\Windows\\system32\\config\\systemprofile\\Saved Games"
    },
    "RawXml": "<Event xmlns=\"http://schemas.microsoft.com/win/2004/08/events/event\"><System><Provider Name=\"Microsoft-Windows-KnownFolders\" Guid=\"{8939299f-2315-4c5c-9b91-abb86aa0627d}\"></Provider>\n<EventID Qualifiers=\"\">1002</EventID>\n<Version>0</Version>\n<Level>3</Level>\n<Task>0</Task>\n<Opcode>0</Opcode>\n<Keywords>0x8000000000000000</Keywords>\n<TimeCreated SystemTime=\"2014-01-25 18:26:00.181540+00:00\"></TimeCreated>\n<EventRecordID>39</EventRecordID>\n<Correlation ActivityID=\"\" RelatedActivityID=\"\"></Correlation>\n<Execution ProcessID=\"2344\" ThreadID=\"2584\"></Execution>\n<Channel>Microsoft-Windows-Known Folders API Service</Channel>\n<Computer>IACIS-HDD-2014</Computer>\n<Security UserID=\"S-1-5-18\"></Security>\n</System>\n<EventData><Data Name=\"hrError\">0x80070002</Data>\n<Data Name=\"FolderId\">{4c5c32ff-bb9d-43b0-b5b4-2d72e54eaaa4}</Data>\n<Data Name=\"Path\">C:\\Windows\\system32\\config\\systemprofile\\Saved Games</Data>\n</EventData>\n</Event>\n"
  },
  {
    "EventID": 1002,
    "Timestamp": "2014-01-25 18:26:01.772741+00:00",
    "Computer": "IACIS-HDD-2014",
    "Channel": "Microsoft-Windows-Known Folders API Service",
    "Level": "Warning",
    "EventData": {
      "hrError": "0x80070002",
      "FolderId": "{b4bfcc3a-db2c-424c-b029-7fe99a87c641}",
      "Path": "C:\\Windows\\system32\\config\\systemprofile\\Desktop"
    },
    "RawXml": "<Event xmlns=\"http://schemas.microsoft.com/win/2004/08/events/event\"><System><Provider Name=\"Microsoft-Windows-KnownFolders\" Guid=\"{8939299f-2315-4c5c-9b91-abb86aa0627d}\"></Provider>\n<EventID Qualifiers=\"\">1002</EventID>\n<Version>0</Version>\n<Level>3</Level>\n<Task>0</Task>\n<Opcode>0</Opcode>\n<Keywords>0x8000000000000000</Keywords>\n<TimeCreated SystemTime=\"2014-01-25 18:26:01.772741+00:00\"></TimeCreated>\n<EventRecordID>40</EventRecordID>\n<Correlation ActivityID=\"\" RelatedActivityID=\"\"></Correlation>\n<Execution ProcessID=\"2344\" ThreadID=\"1620\"></Execution>\n<Channel>Microsoft-Windows-Known Folders API Service</Channel>\n<Computer>IACIS-HDD-2014</Computer>\n<Security UserID=\"S-1-5-18\"></Security>\n</System>\n<EventData><Data Name=\"hrError\">0x80070002</Data>\n<Data Name=\"FolderId\">{b4bfcc3a-db2c-424c-b029-7fe99a87c641}</Data>\n<Data Name=\"Path\">C:\\Windows\\system32\\config\\systemprofile\\Desktop</Data>\n</EventData>\n</Event>\n"
  },
  {
    "EventID": 1002,
    "Timestamp": "2014-01-25 18:26:01.959942+00:00",
    "Computer": "IACIS-HDD-2014",
    "Channel": "Microsoft-Windows-Known Folders API Service",
    "Level": "Warning",
    "EventData": {
      "hrError": "0x80070002",
      "FolderId": "{ae50c081-ebd2-438a-8655-8a092e34987a}",
      "Path": "C:\\Windows\\system32\\config\\systemprofile\\AppData\\Roaming\\Microsoft\\Windows\\Recent"
    },
    "RawXml": "<Event xmlns=\"http://schemas.microsoft.com/win/2004/08/events/event\"><System><Provider Name=\"Microsoft-Windows-KnownFolders\" Guid=\"{8939299f-2315-4c5c-9b91-abb86aa0627d}\"></Provider>\n<EventID Qualifiers=\"\">1002</EventID>\n<Version>0</Version>\n<Level>3</Level>\n<Task>0</Task>\n<Opcode>0</Opcode>\n<Keywords>0x8000000000000000</Keywords>\n<TimeCreated SystemTime=\"2014-01-25 18:26:01.959942+00:00\"></TimeCreated>\n<EventRecordID>41</EventRecordID>\n<Correlation ActivityID=\"\" RelatedActivityID=\"\"></Correlation>\n<Execution ProcessID=\"2344\" ThreadID=\"1620\"></Execution>\n<Channel>Microsoft-Windows-Known Folders API Service</Channel>\n<Computer>IACIS-HDD-2014</Computer>\n<Security UserID=\"S-1-5-18\"></Security>\n</System>\n<EventData><Data Name=\"hrError\">0x80070002</Data>\n<Data Name=\"FolderId\">{ae50c081-ebd2-438a-8655-8a092e34987a}</Data>\n<Data Name=\"Path\">C:\\Windows\\system32\\config\\systemprofile\\AppData\\Roaming\\Microsoft\\Windows\\Recent</Data>\n</EventData>\n</Event>\n"
  },
  {
    "EventID": 1002,
    "Timestamp": "2014-01-29 12:33:53.754887+00:00",
    "Computer": "IACIS-HDD-2014",
    "Channel": "Microsoft-Windows-Known Folders API Service",
    "Level": "Warning",
    "EventData": {
      "hrError": "0x80070002",
      "FolderId": "{1777f761-68ad-4d8a-87bd-30b759fa33dd}",
      "Path": "C:\\Windows\\system32\\config\\systemprofile\\Favorites"
    },
    "RawXml": "<Event xmlns=\"http://schemas.microsoft.com/win/2004/08/events/event\"><System><Provider Name=\"Microsoft-Windows-KnownFolders\" Guid=\"{8939299f-2315-4c5c-9b91-abb86aa0627d}\"></Provider>\n<EventID Qualifiers=\"\">1002</EventID>\n<Version>0</Version>\n<Level>3</Level>\n<Task>0</Task>\n<Opcode>0</Opcode>\n<Keywords>0x8000000000000000</Keywords>\n<TimeCreated SystemTime=\"2014-01-29 12:33:53.754887+00:00\"></TimeCreated>\n<EventRecordID>42</EventRecordID>\n<Correlation ActivityID=\"\" RelatedActivityID=\"\"></Correlation>\n<Execution ProcessID=\"1772\" ThreadID=\"464\"></Execution>\n<Channel>Microsoft-Windows-Known Folders API Service</Channel>\n<Computer>IACIS-HDD-2014</Computer>\n<Security UserID=\"S-1-5-18\"></Security>\n</System>\n<EventData><Data Name=\"hrError\">0x80070002</Data>\n<Data Name=\"FolderId\">{1777f761-68ad-4d8a-87bd-30b759fa33dd}</Data>\n<Data Name=\"Path\">C:\\Windows\\system32\\config\\systemprofile\\Favorites</Data>\n</EventData>\n</Event>\n"
  },
  {
    "EventID": 1002,
    "Timestamp": "2014-01-29 12:33:53.770485+00:00",
    "Computer": "IACIS-HDD-2014",
    "Channel": "Microsoft-Windows-Known Folders API Service",
    "Level": "Warning",
    "EventData": {
      "hrError": "0x80070002",
      "FolderId": "{625b53c3-ab48-4ec1-ba1f-a1ef4146fc19}",
      "Path": "C:\\Windows\\system32\\config\\systemprofile\\AppData\\Roaming\\Microsoft\\Windows\\Start Menu"
    },
    "RawXml": "<Event xmlns=\"http://schemas.microsoft.com/win/2004/08/events/event\"><System><Provider Name=\"Microsoft-Windows-KnownFolders\" Guid=\"{8939299f-2315-4c5c-9b91-abb86aa0627d}\"></Provider>\n<EventID Qualifiers=\"\">1002</EventID>\n<Version>0</Version>\n<Level>3</Level>\n<Task>0</Task>\n<Opcode>0</Opcode>\n<Keywords>0x8000000000000000</Keywords>\n<TimeCreated SystemTime=\"2014-01-29 12:33:53.770485+00:00\"></TimeCreated>\n<EventRecordID>43</EventRecordID>\n<Correlation ActivityID=\"\" RelatedActivityID=\"\"></Correlation>\n<Execution ProcessID=\"1772\" ThreadID=\"464\"></Execution>\n<Channel>Microsoft-Windows-Known Folders API Service</Channel>\n<Computer>IACIS-HDD-2014</Computer>\n<Security UserID=\"S-1-5-18\"></Security>\n</System>\n<EventData><Data Name=\"hrError\">0x80070002</Data>\n<Data Name=\"FolderId\">{625b53c3-ab48-4ec1-ba1f-a1ef4146fc19}</Data>\n<Data Name=\"Path\">C:\\Windows\\system32\\config\\systemprofile\\AppData\\Roaming\\Microsoft\\Windows\\Start Menu</Data>\n</EventData>\n</Event>\n"
  },
  {
    "EventID": 1002,
    "Timestamp": "2014-01-29 12:33:53.770485+00:00",
    "Computer": "IACIS-HDD-2014",
    "Channel": "Microsoft-Windows-Known Folders API Service",
    "Level": "Warning",
    "EventData": {
      "hrError": "0x80070002",
      "FolderId": "{fdd39ad0-238f-46af-adb4-6c85480369c7}",
      "Path": "C:\\Windows\\system32\\config\\systemprofile\\Documents"
    },
    "RawXml": "<Event xmlns=\"http://schemas.microsoft.com/win/2004/08/events/event\"><System><Provider Name=\"Microsoft-Windows-KnownFolders\" Guid=\"{8939299f-2315-4c5c-9b91-abb86aa0627d}\"></Provider>\n<EventID Qualifiers=\"\">1002</EventID>\n<Version>0</Version>\n<Level>3</Level>\n<Task>0</Task>\n<Opcode>0</Opcode>\n<Keywords>0x8000000000000000</Keywords>\n<TimeCreated SystemTime=\"2014-01-29 12:33:53.770485+00:00\"></TimeCreated>\n<EventRecordID>44</EventRecordID>\n<Correlation ActivityID=\"\" RelatedActivityID=\"\"></Correlation>\n<Execution ProcessID=\"1772\" ThreadID=\"464\"></Execution>\n<Channel>Microsoft-Windows-Known Folders API Service</Channel>\n<Computer>IACIS-HDD-2014</Computer>\n<Security UserID=\"S-1-5-18\"></Security>\n</System>\n<EventData><Data Name=\"hrError\">0x80070002</Data>\n<Data Name=\"FolderId\">{fdd39ad0-238f-46af-adb4-6c85480369c7}</Data>\n<Data Name=\"Path\">C:\\Windows\\system32\\config\\systemprofile\\Documents</Data>\n</EventData>\n</Event>\n"
  },
  {
    "EventID": 1002,
    "Timestamp": "2014-01-29 12:33:53.770485+00:00",
    "Computer": "IACIS-HDD-2014",
    "Channel": "Microsoft-Windows-Known Folders API Service",
    "Level": "Warning",
    "EventData": {
      "hrError": "0x80070002",
      "FolderId": "{b4bfcc3a-db2c-424c-b029-7fe99a87c641}",
      "Path": "C:\\Windows\\system32\\config\\systemprofile\\Desktop"
    },
    "RawXml": "<Event xmlns=\"http://schemas.microsoft.com/win/2004/08/events/event\"><System><Provider Name=\"Microsoft-Windows-KnownFolders\" Guid=\"{8939299f-2315-4c5c-9b91-abb86aa0627d}\"></Provider>\n<EventID Qualifiers=\"\">1002</EventID>\n<Version>0</Version>\n<Level>3</Level>\n<Task>0</Task>\n<Opcode>0</Opcode>\n<Keywords>0x8000000000000000</Keywords>\n<TimeCreated SystemTime=\"2014-01-29 12:33:53.770485+00:00\"></TimeCreated>\n<EventRecordID>45</EventRecordID>\n<Correlation ActivityID=\"\" RelatedActivityID=\"\"></Correlation>\n<Execution ProcessID=\"1772\" ThreadID=\"464\"></Execution>\n<Channel>Microsoft-Windows-Known Folders API Service</Channel>\n<Computer>IACIS-HDD-2014</Computer>\n<Security UserID=\"S-1-5-18\"></Security>\n</System>\n<EventData><Data Name=\"hrError\">0x80070002</Data>\n<Data Name=\"FolderId\">{b4bfcc3a-db2c-424c-b029-7fe99a87c641}</Data>\n<Data Name=\"Path\">C:\\Windows\\system32\\config\\systemprofile\\Desktop</Data>\n</EventData>\n</Event>\n"
  },
  {
    "EventID": 1002,
    "Timestamp": "2014-02-03 12:06:58.314459+00:00",
    "Computer": "IACIS-HDD-2014",
    "Channel": "Microsoft-Windows-Known Folders API Service",
    "Level": "Warning",
    "EventData": {
      "hrError": "0x80070002",
      "FolderId": "{1777f761-68ad-4d8a-87bd-30b759fa33dd}",
      "Path": "C:\\Windows\\system32\\config\\systemprofile\\Favorites"
    },
    "RawXml": "<Event xmlns=\"http://schemas.microsoft.com/win/2004/08/events/event\"><System><Provider Name=\"Microsoft-Windows-KnownFolders\" Guid=\"{8939299f-2315-4c5c-9b91-abb86aa0627d}\"></Provider>\n<EventID Qualifiers=\"\">1002</EventID>\n<Version>0</Version>\n<Level>3</Level>\n<Task>0</Task>\n<Opcode>0</Opcode>\n<Keywords>0x8000000000000000</Keywords>\n<TimeCreated SystemTime=\"2014-02-03 12:06:58.314459+00:00\"></TimeCreated>\n<EventRecordID>46</EventRecordID>\n<Correlation ActivityID=\"\" RelatedActivityID=\"\"></Correlation>\n<Execution ProcessID=\"500\" ThreadID=\"2140\"></Execution>\n<Channel>Microsoft-Windows-Known Folders API Service</Channel>\n<Computer>IACIS-HDD-2014</Computer>\n<Security UserID=\"S-1-5-18\"></Security>\n</System>\n<EventData><Data Name=\"hrError\">0x80070002</Data>\n<Data Name=\"FolderId\">{1777f761-68ad-4d8a-87bd-30b759fa33dd}</Data>\n<Data Name=\"Path\">C:\\Windows\\system32\\config\\systemprofile\\Favorites</Data>\n</EventData>\n</Event>\n"
  },
  {
    "EventID": 1002,
    "Timestamp": "2014-02-03 12:06:58.314459+00:00",
    "Computer": "IACIS-HDD-2014",
    "Channel": "Microsoft-Windows-Known Folders API Service",
    "Level": "Warning",
    "EventData": {
      "hrError": "0x80070002",
      "FolderId": "{625b53c3-ab48-4ec1-ba1f-a1ef4146fc19}",
      "Path": "C:\\Windows\\system32\\config\\systemprofile\\AppData\\Roaming\\Microsoft\\Windows\\Start Menu"
    },
    "RawXml": "<Event xmlns=\"http://schemas.microsoft.com/win/2004/08/events/event\"><System><Provider Name=\"Microsoft-Windows-KnownFolders\" Guid=\"{8939299f-2315-4c5c-9b91-abb86aa0627d}\"></Provider>\n<EventID Qualifiers=\"\">1002</EventID>\n<Version>0</Version>\n<Level>3</Level>\n<Task>0</Task>\n<Opcode>0</Opcode>\n<Keywords>0x8000000000000000</Keywords>\n<TimeCreated SystemTime=\"2014-02-03 12:06:58.314459+00:00\"></TimeCreated>\n<EventRecordID>47</EventRecordID>\n<Correlation ActivityID=\"\" RelatedActivityID=\"\"></Correlation>\n<Execution ProcessID=\"500\" ThreadID=\"2140\"></Execution>\n<Channel>Microsoft-Windows-Known Folders API Service</Channel>\n<Computer>IACIS-HDD-2014</Computer>\n<Security UserID=\"S-1-5-18\"></Security>\n</System>\n<EventData><Data Name=\"hrError\">0x80070002</Data>\n<Data Name=\"FolderId\">{625b53c3-ab48-4ec1-ba1f-a1ef4146fc19}</Data>\n<Data Name=\"Path\">C:\\Windows\\system32\\config\\systemprofile\\AppData\\Roaming\\Microsoft\\Windows\\Start Menu</Data>\n</EventData>\n</Event>\n"
  },
  {
    "EventID": 1002,
    "Timestamp": "2014-02-03 12:06:58.314459+00:00",
    "Computer": "IACIS-HDD-2014",
    "Channel": "Microsoft-Windows-Known Folders API Service",
    "Level": "Warning",
    "EventData": {
      "hrError": "0x80070002",
      "FolderId": "{fdd39ad0-238f-46af-adb4-6c85480369c7}",
      "Path": "C:\\Windows\\system32\\config\\systemprofile\\Documents"
    },
    "RawXml": "<Event xmlns=\"http://schemas.microsoft.com/win/2004/08/events/event\"><System><Provider Name=\"Microsoft-Windows-KnownFolders\" Guid=\"{8939299f-2315-4c5c-9b91-abb86aa0627d}\"></Provider>\n<EventID Qualifiers=\"\">1002</EventID>\n<Version>0</Version>\n<Level>3</Level>\n<Task>0</Task>\n<Opcode>0</Opcode>\n<Keywords>0x8000000000000000</Keywords>\n<TimeCreated SystemTime=\"2014-02-03 12:06:58.314459+00:00\"></TimeCreated>\n<EventRecordID>48</EventRecordID>\n<Correlation ActivityID=\"\" RelatedActivityID=\"\"></Correlation>\n<Execution ProcessID=\"500\" ThreadID=\"2140\"></Execution>\n<Channel>Microsoft-Windows-Known Folders API Service</Channel>\n<Computer>IACIS-HDD-2014</Computer>\n<Security UserID=\"S-1-5-18\"></Security>\n</System>\n<EventData><Data Name=\"hrError\">0x80070002</Data>\n<Data Name=\"FolderId\">{fdd39ad0-238f-46af-adb4-6c85480369c7}</Data>\n<Data Name=\"Path\">C:\\Windows\\system32\\config\\systemprofile\\Documents</Data>\n</EventData>\n</Event>\n"
  },
  {
    "EventID": 1002,
    "Timestamp": "2014-02-03 12:06:58.361259+00:00",
    "Computer": "IACIS-HDD-2014",
    "Channel": "Microsoft-Windows-Known Folders API Service",
    "Level": "Warning",
    "EventData": {
      "hrError": "0x80070002",
      "FolderId": "{b4bfcc3a-db2c-424c-b029-7fe99a87c641}",
      "Path": "C:\\Windows\\system32\\config\\systemprofile\\Desktop"
    },
    "RawXml": "<Event xmlns=\"http://schemas.microsoft.com/win/2004/08/events/event\"><System><Provider Name=\"Microsoft-Windows-KnownFolders\" Guid=\"{8939299f-2315-4c5c-9b91-abb86aa0627d}\"></Provider>\n<EventID Qualifiers=\"\">1002</EventID>\n<Version>0</Version>\n<Level>3</Level>\n<Task>0</Task>\n<Opcode>0</Opcode>\n<Keywords>0x8000000000000000</Keywords>\n<TimeCreated SystemTime=\"2014-02-03 12:06:58.361259+00:00\"></TimeCreated>\n<EventRecordID>49</EventRecordID>\n<Correlation ActivityID=\"\" RelatedActivityID=\"\"></Correlation>\n<Execution ProcessID=\"500\" ThreadID=\"2140\"></Execution>\n<Channel>Microsoft-Windows-Known Folders API Service</Channel>\n<Computer>IACIS-HDD-2014</Computer>\n<Security UserID=\"S-1-5-18\"></Security>\n</System>\n<EventData><Data Name=\"hrError\">0x80070002</Data>\n<Data Name=\"FolderId\">{b4bfcc3a-db2c-424c-b029-7fe99a87c641}</Data>\n<Data Name=\"Path\">C:\\Windows\\system32\\config\\systemprofile\\Desktop</Data>\n</EventData>\n</Event>\n"
  },
  {
    "EventID": 1002,
    "Timestamp": "2014-02-03 15:20:52.680370+00:00",
    "Computer": "IACIS-HDD-2014",
    "Channel": "Microsoft-Windows-Known Folders API Service",
    "Level": "Warning",
    "EventData": {
      "hrError": "0x80070002",
      "FolderId": "{fdd39ad0-238f-46af-adb4-6c85480369c7}",
      "Path": "C:\\Windows\\system32\\config\\systemprofile\\Documents"
    },
    "RawXml": "<Event xmlns=\"http://schemas.microsoft.com/win/2004/08/events/event\"><System><Provider Name=\"Microsoft-Windows-KnownFolders\" Guid=\"{8939299f-2315-4c5c-9b91-abb86aa0627d}\"></Provider>\n<EventID Qualifiers=\"\">1002</EventID>\n<Version>0</Version>\n<Level>3</Level>\n<Task>0</Task>\n<Opcode>0</Opcode>\n<Keywords>0x8000000000000000</Keywords>\n<TimeCreated SystemTime=\"2014-02-03 15:20:52.680370+00:00\"></TimeCreated>\n<EventRecordID>50</EventRecordID>\n<Correlation ActivityID=\"\" RelatedActivityID=\"\"></Correlation>\n<Execution ProcessID=\"3468\" ThreadID=\"2252\"></Execution>\n<Channel>Microsoft-Windows-Known Folders API Service</Channel>\n<Computer>IACIS-HDD-2014</Computer>\n<Security UserID=\"S-1-5-18\"></Security>\n</System>\n<EventData><Data Name=\"hrError\">0x80070002</Data>\n<Data Name=\"FolderId\">{fdd39ad0-238f-46af-adb4-6c85480369c7}</Data>\n<Data Name=\"Path\">C:\\Windows\\system32\\config\\systemprofile\\Documents</Data>\n</EventData>\n</Event>\n"
  },
  {
    "EventID": 1002,
    "Timestamp": "2014-02-04 14:19:27.267309+00:00",
    "Computer": "IACIS-HDD-2014",
    "Channel": "Microsoft-Windows-Known Folders API Service",
    "Level": "Warning",
    "EventData": {
      "hrError": "0x80070002",
      "FolderId": "{1777f761-68ad-4d8a-87bd-30b759fa33dd}",
      "Path": "C:\\Windows\\system32\\config\\systemprofile\\Favorites"
    },
    "RawXml": "<Event xmlns=\"http://schemas.microsoft.com/win/2004/08/events/event\"><System><Provider Name=\"Microsoft-Windows-KnownFolders\" Guid=\"{8939299f-2315-4c5c-9b91-abb86aa0627d}\"></Provider>\n<EventID Qualifiers=\"\">1002</EventID>\n<Version>0</Version>\n<Level>3</Level>\n<Task>0</Task>\n<Opcode>0</Opcode>\n<Keywords>0x8000000000000000</Keywords>\n<TimeCreated SystemTime=\"2014-02-04 14:19:27.267309+00:00\"></TimeCreated>\n<EventRecordID>51</EventRecordID>\n<Correlation ActivityID=\"\" RelatedActivityID=\"\"></Correlation>\n<Execution ProcessID=\"1600\" ThreadID=\"1884\"></Execution>\n<Channel>Microsoft-Windows-Known Folders API Service</Channel>\n<Computer>IACIS-HDD-2014</Computer>\n<Security UserID=\"S-1-5-18\"></Security>\n</System>\n<EventData><Data Name=\"hrError\">0x80070002</Data>\n<Data Name=\"FolderId\">{1777f761-68ad-4d8a-87bd-30b759fa33dd}</Data>\n<Data Name=\"Path\">C:\\Windows\\system32\\config\\systemprofile\\Favorites</Data>\n</EventData>\n</Event>\n"
  },
  {
    "EventID": 1002,
    "Timestamp": "2014-02-04 14:19:27.282909+00:00",
    "Computer": "IACIS-HDD-2014",
    "Channel": "Microsoft-Windows-Known Folders API Service",
    "Level": "Warning",
    "EventData": {
      "hrError": "0x80070002",
      "FolderId": "{625b53c3-ab48-4ec1-ba1f-a1ef4146fc19}",
      "Path": "C:\\Windows\\system32\\config\\systemprofile\\AppData\\Roaming\\Microsoft\\Windows\\Start Menu"
    },
    "RawXml": "<Event xmlns=\"http://schemas.microsoft.com/win/2004/08/events/event\"><System><Provider Name=\"Microsoft-Windows-KnownFolders\" Guid=\"{8939299f-2315-4c5c-9b91-abb86aa0627d}\"></Provider>\n<EventID Qualifiers=\"\">1002</EventID>\n<Version>0</Version>\n<Level>3</Level>\n<Task>0</Task>\n<Opcode>0</Opcode>\n<Keywords>0x8000000000000000</Keywords>\n<TimeCreated SystemTime=\"2014-02-04 14:19:27.282909+00:00\"></TimeCreated>\n<EventRecordID>52</EventRecordID>\n<Correlation ActivityID=\"\" RelatedActivityID=\"\"></Correlation>\n<Execution ProcessID=\"1600\" ThreadID=\"1884\"></Execution>\n<Channel>Microsoft-Windows-Known Folders API Service</Channel>\n<Computer>IACIS-HDD-2014</Computer>\n<Security UserID=\"S-1-5-18\"></Security>\n</System>\n<EventData><Data Name=\"hrError\">0x80070002</Data>\n<Data Name=\"FolderId\">{625b53c3-ab48-4ec1-ba1f-a1ef4146fc19}</Data>\n<Data Name=\"Path\">C:\\Windows\\system32\\config\\systemprofile\\AppData\\Roaming\\Microsoft\\Windows\\Start Menu</Data>\n</EventData>\n</Event>\n"
  },
  {
    "EventID": 1002,
    "Timestamp": "2014-02-04 14:19:27.314110+00:00",
    "Computer": "IACIS-HDD-2014",
    "Channel": "Microsoft-Windows-Known Folders API Service",
    "Level": "Warning",
    "EventData": {
      "hrError": "0x80070002",
      "FolderId": "{fdd39ad0-238f-46af-adb4-6c85480369c7}",
      "Path": "C:\\Windows\\system32\\config\\systemprofile\\Documents"
    },
    "RawXml": "<Event xmlns=\"http://schemas.microsoft.com/win/2004/08/events/event\"><System><Provider Name=\"Microsoft-Windows-KnownFolders\" Guid=\"{8939299f-2315-4c5c-9b91-abb86aa0627d}\"></Provider>\n<EventID Qualifiers=\"\">1002</EventID>\n<Version>0</Version>\n<Level>3</Level>\n<Task>0</Task>\n<Opcode>0</Opcode>\n<Keywords>0x8000000000000000</Keywords>\n<TimeCreated SystemTime=\"2014-02-04 14:19:27.314110+00:00\"></TimeCreated>\n<EventRecordID>53</EventRecordID>\n<Correlation ActivityID=\"\" RelatedActivityID=\"\"></Correlation>\n<Execution ProcessID=\"1600\" ThreadID=\"1884\"></Execution>\n<Channel>Microsoft-Windows-Known Folders API Service</Channel>\n<Computer>IACIS-HDD-2014</Computer>\n<Security UserID=\"S-1-5-18\"></Security>\n</System>\n<EventData><Data Name=\"hrError\">0x80070002</Data>\n<Data Name=\"FolderId\">{fdd39ad0-238f-46af-adb4-6c85480369c7}</Data>\n<Data Name=\"Path\">C:\\Windows\\system32\\config\\systemprofile\\Documents</Data>\n</EventData>\n</Event>\n"
  },
  {
    "EventID": 1002,
    "Timestamp": "2014-02-04 14:19:27.392109+00:00",
    "Computer": "IACIS-HDD-2014",
    "Channel": "Microsoft-Windows-Known Folders API Service",
    "Level": "Warning",
    "EventData": {
      "hrError": "0x80070002",
      "FolderId": "{b4bfcc3a-db2c-424c-b029-7fe99a87c641}",
      "Path": "C:\\Windows\\system32\\config\\systemprofile\\Desktop"
    },
    "RawXml": "<Event xmlns=\"http://schemas.microsoft.com/win/2004/08/events/event\"><System><Provider Name=\"Microsoft-Windows-KnownFolders\" Guid=\"{8939299f-2315-4c5c-9b91-abb86aa0627d}\"></Provider>\n<EventID Qualifiers=\"\">1002</EventID>\n<Version>0</Version>\n<Level>3</Level>\n<Task>0</Task>\n<Opcode>0</Opcode>\n<Keywords>0x8000000000000000</Keywords>\n<TimeCreated SystemTime=\"2014-02-04 14:19:27.392109+00:00\"></TimeCreated>\n<EventRecordID>54</EventRecordID>\n<Correlation ActivityID=\"\" RelatedActivityID=\"\"></Correlation>\n<Execution ProcessID=\"1600\" ThreadID=\"1884\"></Execution>\n<Channel>Microsoft-Windows-Known Folders API Service</Channel>\n<Computer>IACIS-HDD-2014</Computer>\n<Security UserID=\"S-1-5-18\"></Security>\n</System>\n<EventData><Data Name=\"hrError\">0x80070002</Data>\n<Data Name=\"FolderId\">{b4bfcc3a-db2c-424c-b029-7fe99a87c641}</Data>\n<Data Name=\"Path\">C:\\Windows\\system32\\config\\systemprofile\\Desktop</Data>\n</EventData>\n</Event>\n"
  },
  {
    "EventID": 1002,
    "Timestamp": "2014-02-04 14:59:11.891273+00:00",
    "Computer": "IACIS-HDD-2014",
    "Channel": "Microsoft-Windows-Known Folders API Service",
    "Level": "Warning",
    "EventData": {
      "hrError": "0x80070002",
      "FolderId": "{1777f761-68ad-4d8a-87bd-30b759fa33dd}",
      "Path": "C:\\Windows\\system32\\config\\systemprofile\\Favorites"
    },
    "RawXml": "<Event xmlns=\"http://schemas.microsoft.com/win/2004/08/events/event\"><System><Provider Name=\"Microsoft-Windows-KnownFolders\" Guid=\"{8939299f-2315-4c5c-9b91-abb86aa0627d}\"></Provider>\n<EventID Qualifiers=\"\">1002</EventID>\n<Version>0</Version>\n<Level>3</Level>\n<Task>0</Task>\n<Opcode>0</Opcode>\n<Keywords>0x8000000000000000</Keywords>\n<TimeCreated SystemTime=\"2014-02-04 14:59:11.891273+00:00\"></TimeCreated>\n<EventRecordID>55</EventRecordID>\n<Correlation ActivityID=\"\" RelatedActivityID=\"\"></Correlation>\n<Execution ProcessID=\"3936\" ThreadID=\"2976\"></Execution>\n<Channel>Microsoft-Windows-Known Folders API Service</Channel>\n<Computer>IACIS-HDD-2014</Computer>\n<Security UserID=\"S-1-5-18\"></Security>\n</System>\n<EventData><Data Name=\"hrError\">0x80070002</Data>\n<Data Name=\"FolderId\">{1777f761-68ad-4d8a-87bd-30b759fa33dd}</Data>\n<Data Name=\"Path\">C:\\Windows\\system32\\config\\systemprofile\\Favorites</Data>\n</EventData>\n</Event>\n"
  },
  {
    "EventID": 1002,
    "Timestamp": "2014-02-04 14:59:12.061274+00:00",
    "Computer": "IACIS-HDD-2014",
    "Channel": "Microsoft-Windows-Known Folders API Service",
    "Level": "Warning",
    "EventData": {
      "hrError": "0x80070002",
      "FolderId": "{625b53c3-ab48-4ec1-ba1f-a1ef4146fc19}",
      "Path": "C:\\Windows\\system32\\config\\systemprofile\\AppData\\Roaming\\Microsoft\\Windows\\Start Menu"
    },
    "RawXml": "<Event xmlns=\"http://schemas.microsoft.com/win/2004/08/events/event\"><System><Provider Name=\"Microsoft-Windows-KnownFolders\" Guid=\"{8939299f-2315-4c5c-9b91-abb86aa0627d}\"></Provider>\n<EventID Qualifiers=\"\">1002</EventID>\n<Version>0</Version>\n<Level>3</Level>\n<Task>0</Task>\n<Opcode>0</Opcode>\n<Keywords>0x8000000000000000</Keywords>\n<TimeCreated SystemTime=\"2014-02-04 14:59:12.061274+00:00\"></TimeCreated>\n<EventRecordID>56</EventRecordID>\n<Correlation ActivityID=\"\" RelatedActivityID=\"\"></Correlation>\n<Execution ProcessID=\"3936\" ThreadID=\"2976\"></Execution>\n<Channel>Microsoft-Windows-Known Folders API Service</Channel>\n<Computer>IACIS-HDD-2014</Computer>\n<Security UserID=\"S-1-5-18\"></Security>\n</System>\n<EventData><Data Name=\"hrError\">0x80070002</Data>\n<Data Name=\"FolderId\">{625b53c3-ab48-4ec1-ba1f-a1ef4146fc19}</Data>\n<Data Name=\"Path\">C:\\Windows\\system32\\config\\systemprofile\\AppData\\Roaming\\Microsoft\\Windows\\Start Menu</Data>\n</EventData>\n</Event>\n"
  },
  {
    "EventID": 1002,
    "Timestamp": "2014-02-04 14:59:12.061274+00:00",
    "Computer": "IACIS-HDD-2014",
    "Channel": "Microsoft-Windows-Known Folders API Service",
    "Level": "Warning",
    "EventData": {
      "hrError": "0x80070002",
      "FolderId": "{fdd39ad0-238f-46af-adb4-6c85480369c7}",
      "Path": "C:\\Windows\\system32\\config\\systemprofile\\Documents"
    },
    "RawXml": "<Event xmlns=\"http://schemas.microsoft.com/win/2004/08/events/event\"><System><Provider Name=\"Microsoft-Windows-KnownFolders\" Guid=\"{8939299f-2315-4c5c-9b91-abb86aa0627d}\"></Provider>\n<EventID Qualifiers=\"\">1002</EventID>\n<Version>0</Version>\n<Level>3</Level>\n<Task>0</Task>\n<Opcode>0</Opcode>\n<Keywords>0x8000000000000000</Keywords>\n<TimeCreated SystemTime=\"2014-02-04 14:59:12.061274+00:00\"></TimeCreated>\n<EventRecordID>57</EventRecordID>\n<Correlation ActivityID=\"\" RelatedActivityID=\"\"></Correlation>\n<Execution ProcessID=\"3936\" ThreadID=\"2976\"></Execution>\n<Channel>Microsoft-Windows-Known Folders API Service</Channel>\n<Computer>IACIS-HDD-2014</Computer>\n<Security UserID=\"S-1-5-18\"></Security>\n</System>\n<EventData><Data Name=\"hrError\">0x80070002</Data>\n<Data Name=\"FolderId\">{fdd39ad0-238f-46af-adb4-6c85480369c7}</Data>\n<Data Name=\"Path\">C:\\Windows\\system32\\config\\systemprofile\\Documents</Data>\n</EventData>\n</Event>\n"
  },
  {
    "EventID": 1002,
    "Timestamp": "2014-02-04 14:59:12.061274+00:00",
    "Computer": "IACIS-HDD-2014",
    "Channel": "Microsoft-Windows-Known Folders API Service",
    "Level": "Warning",
    "EventData": {
      "hrError": "0x80070002",
      "FolderId": "{b4bfcc3a-db2c-424c-b029-7fe99a87c641}",
      "Path": "C:\\Windows\\system32\\config\\systemprofile\\Desktop"
    },
    "RawXml": "<Event xmlns=\"http://schemas.microsoft.com/win/2004/08/events/event\"><System><Provider Name=\"Microsoft-Windows-KnownFolders\" Guid=\"{8939299f-2315-4c5c-9b91-abb86aa0627d}\"></Provider>\n<EventID Qualifiers=\"\">1002</EventID>\n<Version>0</Version>\n<Level>3</Level>\n<Task>0</Task>\n<Opcode>0</Opcode>\n<Keywords>0x8000000000000000</Keywords>\n<TimeCreated SystemTime=\"2014-02-04 14:59:12.061274+00:00\"></TimeCreated>\n<EventRecordID>58</EventRecordID>\n<Correlation ActivityID=\"\" RelatedActivityID=\"\"></Correlation>\n<Execution ProcessID=\"3936\" ThreadID=\"2976\"></Execution>\n<Channel>Microsoft-Windows-Known Folders API Service</Channel>\n<Computer>IACIS-HDD-2014</Computer>\n<Security UserID=\"S-1-5-18\"></Security>\n</System>\n<EventData><Data Name=\"hrError\">0x80070002</Data>\n<Data Name=\"FolderId\">{b4bfcc3a-db2c-424c-b029-7fe99a87c641}</Data>\n<Data Name=\"Path\">C:\\Windows\\system32\\config\\systemprofile\\Desktop</Data>\n</EventData>\n</Event>\n"
  },
  {
    "EventID": 1002,
    "Timestamp": "2014-02-05 13:38:01.280029+00:00",
    "Computer": "IACIS-HDD-2014",
    "Channel": "Microsoft-Windows-Known Folders API Service",
    "Level": "Warning",
    "EventData": {
      "hrError": "0x80070002",
      "FolderId": "{1777f761-68ad-4d8a-87bd-30b759fa33dd}",
      "Path": "C:\\Windows\\system32\\config\\systemprofile\\Favorites"
    },
    "RawXml": "<Event xmlns=\"http://schemas.microsoft.com/win/2004/08/events/event\"><System><Provider Name=\"Microsoft-Windows-KnownFolders\" Guid=\"{8939299f-2315-4c5c-9b91-abb86aa0627d}\"></Provider>\n<EventID Qualifiers=\"\">1002</EventID>\n<Version>0</Version>\n<Level>3</Level>\n<Task>0</Task>\n<Opcode>0</Opcode>\n<Keywords>0x8000000000000000</Keywords>\n<TimeCreated SystemTime=\"2014-02-05 13:38:01.280029+00:00\"></TimeCreated>\n<EventRecordID>59</EventRecordID>\n<Correlation ActivityID=\"\" RelatedActivityID=\"\"></Correlation>\n<Execution ProcessID=\"2020\" ThreadID=\"2160\"></Execution>\n<Channel>Microsoft-Windows-Known Folders API Service</Channel>\n<Computer>IACIS-HDD-2014</Computer>\n<Security UserID=\"S-1-5-18\"></Security>\n</System>\n<EventData><Data Name=\"hrError\">0x80070002</Data>\n<Data Name=\"FolderId\">{1777f761-68ad-4d8a-87bd-30b759fa33dd}</Data>\n<Data Name=\"Path\">C:\\Windows\\system32\\config\\systemprofile\\Favorites</Data>\n</EventData>\n</Event>\n"
  },
  {
    "EventID": 1002,
    "Timestamp": "2014-02-05 13:38:01.280029+00:00",
    "Computer": "IACIS-HDD-2014",
    "Channel": "Microsoft-Windows-Known Folders API Service",
    "Level": "Warning",
    "EventData": {
      "hrError": "0x80070002",
      "FolderId": "{625b53c3-ab48-4ec1-ba1f-a1ef4146fc19}",
      "Path": "C:\\Windows\\system32\\config\\systemprofile\\AppData\\Roaming\\Microsoft\\Windows\\Start Menu"
    },
    "RawXml": "<Event xmlns=\"http://schemas.microsoft.com/win/2004/08/events/event\"><System><Provider Name=\"Microsoft-Windows-KnownFolders\" Guid=\"{8939299f-2315-4c5c-9b91-abb86aa0627d}\"></Provider>\n<EventID Qualifiers=\"\">1002</EventID>\n<Version>0</Version>\n<Level>3</Level>\n<Task>0</Task>\n<Opcode>0</Opcode>\n<Keywords>0x8000000000000000</Keywords>\n<TimeCreated SystemTime=\"2014-02-05 13:38:01.280029+00:00\"></TimeCreated>\n<EventRecordID>60</EventRecordID>\n<Correlation ActivityID=\"\" RelatedActivityID=\"\"></Correlation>\n<Execution ProcessID=\"2020\" ThreadID=\"2160\"></Execution>\n<Channel>Microsoft-Windows-Known Folders API Service</Channel>\n<Computer>IACIS-HDD-2014</Computer>\n<Security UserID=\"S-1-5-18\"></Security>\n</System>\n<EventData><Data Name=\"hrError\">0x80070002</Data>\n<Data Name=\"FolderId\">{625b53c3-ab48-4ec1-ba1f-a1ef4146fc19}</Data>\n<Data Name=\"Path\">C:\\Windows\\system32\\config\\systemprofile\\AppData\\Roaming\\Microsoft\\Windows\\Start Menu</Data>\n</EventData>\n</Event>\n"
  },
  {
    "EventID": 1002,
    "Timestamp": "2014-02-05 13:38:01.280029+00:00",
    "Computer": "IACIS-HDD-2014",
    "Channel": "Microsoft-Windows-Known Folders API Service",
    "Level": "Warning",
    "EventData": {
      "hrError": "0x80070002",
      "FolderId": "{fdd39ad0-238f-46af-adb4-6c85480369c7}",
      "Path": "C:\\Windows\\system32\\config\\systemprofile\\Documents"
    },
    "RawXml": "<Event xmlns=\"http://schemas.microsoft.com/win/2004/08/events/event\"><System><Provider Name=\"Microsoft-Windows-KnownFolders\" Guid=\"{8939299f-2315-4c5c-9b91-abb86aa0627d}\"></Provider>\n<EventID Qualifiers=\"\">1002</EventID>\n<Version>0</Version>\n<Level>3</Level>\n<Task>0</Task>\n<Opcode>0</Opcode>\n<Keywords>0x8000000000000000</Keywords>\n<TimeCreated SystemTime=\"2014-02-05 13:38:01.280029+00:00\"></TimeCreated>\n<EventRecordID>61</EventRecordID>\n<Correlation ActivityID=\"\" RelatedActivityID=\"\"></Correlation>\n<Execution ProcessID=\"2020\" ThreadID=\"2160\"></Execution>\n<Channel>Microsoft-Windows-Known Folders API Service</Channel>\n<Computer>IACIS-HDD-2014</Computer>\n<Security UserID=\"S-1-5-18\"></Security>\n</System>\n<EventData><Data Name=\"hrError\">0x80070002</Data>\n<Data Name=\"FolderId\">{fdd39ad0-238f-46af-adb4-6c85480369c7}</Data>\n<Data Name=\"Path\">C:\\Windows\\system32\\config\\systemprofile\\Documents</Data>\n</EventData>\n</Event>\n"
  },
  {
    "EventID": 1002,
    "Timestamp": "2014-02-05 13:38:01.280029+00:00",
    "Computer": "IACIS-HDD-2014",
    "Channel": "Microsoft-Windows-Known Folders API Service",
    "Level": "Warning",
    "EventData": {
      "hrError": "0x80070002",
      "FolderId": "{b4bfcc3a-db2c-424c-b029-7fe99a87c641}",
      "Path": "C:\\Windows\\system32\\config\\systemprofile\\Desktop"
    },
    "RawXml": "<Event xmlns=\"http://schemas.microsoft.com/win/2004/08/events/event\"><System><Provider Name=\"Microsoft-Windows-KnownFolders\" Guid=\"{8939299f-2315-4c5c-9b91-abb86aa0627d}\"></Provider>\n<EventID Qualifiers=\"\">1002</EventID>\n<Version>0</Version>\n<Level>3</Level>\n<Task>0</Task>\n<Opcode>0</Opcode>\n<Keywords>0x8000000000000000</Keywords>\n<TimeCreated SystemTime=\"2014-02-05 13:38:01.280029+00:00\"></TimeCreated>\n<EventRecordID>62</EventRecordID>\n<Correlation ActivityID=\"\" RelatedActivityID=\"\"></Correlation>\n<Execution ProcessID=\"2020\" ThreadID=\"2160\"></Execution>\n<Channel>Microsoft-Windows-Known Folders API Service</Channel>\n<Computer>IACIS-HDD-2014</Computer>\n<Security UserID=\"S-1-5-18\"></Security>\n</System>\n<EventData><Data Name=\"hrError\">0x80070002</Data>\n<Data Name=\"FolderId\">{b4bfcc3a-db2c-424c-b029-7fe99a87c641}</Data>\n<Data Name=\"Path\">C:\\Windows\\system32\\config\\systemprofile\\Desktop</Data>\n</EventData>\n</Event>\n"
  },
  {
    "EventID": 1002,
    "Timestamp": "2014-02-06 11:25:37.646389+00:00",
    "Computer": "IACIS-HDD-2014",
    "Channel": "Microsoft-Windows-Known Folders API Service",
    "Level": "Warning",
    "EventData": {
      "hrError": "0x80070002",
      "FolderId": "{1777f761-68ad-4d8a-87bd-30b759fa33dd}",
      "Path": "C:\\Windows\\system32\\config\\systemprofile\\Favorites"
    },
    "RawXml": "<Event xmlns=\"http://schemas.microsoft.com/win/2004/08/events/event\"><System><Provider Name=\"Microsoft-Windows-KnownFolders\" Guid=\"{8939299f-2315-4c5c-9b91-abb86aa0627d}\"></Provider>\n<EventID Qualifiers=\"\">1002</EventID>\n<Version>0</Version>\n<Level>3</Level>\n<Task>0</Task>\n<Opcode>0</Opcode>\n<Keywords>0x8000000000000000</Keywords>\n<TimeCreated SystemTime=\"2014-02-06 11:25:37.646389+00:00\"></TimeCreated>\n<EventRecordID>63</EventRecordID>\n<Correlation ActivityID=\"\" RelatedActivityID=\"\"></Correlation>\n<Execution ProcessID=\"2268\" ThreadID=\"2664\"></Execution>\n<Channel>Microsoft-Windows-Known Folders API Service</Channel>\n<Computer>IACIS-HDD-2014</Computer>\n<Security UserID=\"S-1-5-18\"></Security>\n</System>\n<EventData><Data Name=\"hrError\">0x80070002</Data>\n<Data Name=\"FolderId\">{1777f761-68ad-4d8a-87bd-30b759fa33dd}</Data>\n<Data Name=\"Path\">C:\\Windows\\system32\\config\\systemprofile\\Favorites</Data>\n</EventData>\n</Event>\n"
  },
  {
    "EventID": 1002,
    "Timestamp": "2014-02-06 11:25:37.646389+00:00",
    "Computer": "IACIS-HDD-2014",
    "Channel": "Microsoft-Windows-Known Folders API Service",
    "Level": "Warning",
    "EventData": {
      "hrError": "0x80070002",
      "FolderId": "{625b53c3-ab48-4ec1-ba1f-a1ef4146fc19}",
      "Path": "C:\\Windows\\system32\\config\\systemprofile\\AppData\\Roaming\\Microsoft\\Windows\\Start Menu"
    },
    "RawXml": "<Event xmlns=\"http://schemas.microsoft.com/win/2004/08/events/event\"><System><Provider Name=\"Microsoft-Windows-KnownFolders\" Guid=\"{8939299f-2315-4c5c-9b91-abb86aa0627d}\"></Provider>\n<EventID Qualifiers=\"\">1002</EventID>\n<Version>0</Version>\n<Level>3</Level>\n<Task>0</Task>\n<Opcode>0</Opcode>\n<Keywords>0x8000000000000000</Keywords>\n<TimeCreated SystemTime=\"2014-02-06 11:25:37.646389+00:00\"></TimeCreated>\n<EventRecordID>64</EventRecordID>\n<Correlation ActivityID=\"\" RelatedActivityID=\"\"></Correlation>\n<Execution ProcessID=\"2268\" ThreadID=\"2664\"></Execution>\n<Channel>Microsoft-Windows-Known Folders API Service</Channel>\n<Computer>IACIS-HDD-2014</Computer>\n<Security UserID=\"S-1-5-18\"></Security>\n</System>\n<EventData><Data Name=\"hrError\">0x80070002</Data>\n<Data Name=\"FolderId\">{625b53c3-ab48-4ec1-ba1f-a1ef4146fc19}</Data>\n<Data Name=\"Path\">C:\\Windows\\system32\\config\\systemprofile\\AppData\\Roaming\\Microsoft\\Windows\\Start Menu</Data>\n</EventData>\n</Event>\n"
  },
  {
    "EventID": 1002,
    "Timestamp": "2014-02-06 11:25:37.646389+00:00",
    "Computer": "IACIS-HDD-2014",
    "Channel": "Microsoft-Windows-Known Folders API Service",
    "Level": "Warning",
    "EventData": {
      "hrError": "0x80070002",
      "FolderId": "{fdd39ad0-238f-46af-adb4-6c85480369c7}",
      "Path": "C:\\Windows\\system32\\config\\systemprofile\\Documents"
    },
    "RawXml": "<Event xmlns=\"http://schemas.microsoft.com/win/2004/08/events/event\"><System><Provider Name=\"Microsoft-Windows-KnownFolders\" Guid=\"{8939299f-2315-4c5c-9b91-abb86aa0627d}\"></Provider>\n<EventID Qualifiers=\"\">1002</EventID>\n<Version>0</Version>\n<Level>3</Level>\n<Task>0</Task>\n<Opcode>0</Opcode>\n<Keywords>0x8000000000000000</Keywords>\n<TimeCreated SystemTime=\"2014-02-06 11:25:37.646389+00:00\"></TimeCreated>\n<EventRecordID>65</EventRecordID>\n<Correlation ActivityID=\"\" RelatedActivityID=\"\"></Correlation>\n<Execution ProcessID=\"2268\" ThreadID=\"2664\"></Execution>\n<Channel>Microsoft-Windows-Known Folders API Service</Channel>\n<Computer>IACIS-HDD-2014</Computer>\n<Security UserID=\"S-1-5-18\"></Security>\n</System>\n<EventData><Data Name=\"hrError\">0x80070002</Data>\n<Data Name=\"FolderId\">{fdd39ad0-238f-46af-adb4-6c85480369c7}</Data>\n<Data Name=\"Path\">C:\\Windows\\system32\\config\\systemprofile\\Documents</Data>\n</EventData>\n</Event>\n"
  },
  {
    "EventID": 1002,
    "Timestamp": "2014-02-06 11:25:37.646389+00:00",
    "Computer": "IACIS-HDD-2014",
    "Channel": "Microsoft-Windows-Known Folders API Service",
    "Level": "Warning",
    "EventData": {
      "hrError": "0x80070002",
      "FolderId": "{b4bfcc3a-db2c-424c-b029-7fe99a87c641}",
      "Path": "C:\\Windows\\system32\\config\\systemprofile\\Desktop"
    },
    "RawXml": "<Event xmlns=\"http://schemas.microsoft.com/win/2004/08/events/event\"><System><Provider Name=\"Microsoft-Windows-KnownFolders\" Guid=\"{8939299f-2315-4c5c-9b91-abb86aa0627d}\"></Provider>\n<EventID Qualifiers=\"\">1002</EventID>\n<Version>0</Version>\n<Level>3</Level>\n<Task>0</Task>\n<Opcode>0</Opcode>\n<Keywords>0x8000000000000000</Keywords>\n<TimeCreated SystemTime=\"2014-02-06 11:25:37.646389+00:00\"></TimeCreated>\n<EventRecordID>66</EventRecordID>\n<Correlation ActivityID=\"\" RelatedActivityID=\"\"></Correlation>\n<Execution ProcessID=\"2268\" ThreadID=\"2664\"></Execution>\n<Channel>Microsoft-Windows-Known Folders API Service</Channel>\n<Computer>IACIS-HDD-2014</Computer>\n<Security UserID=\"S-1-5-18\"></Security>\n</System>\n<EventData><Data Name=\"hrError\">0x80070002</Data>\n<Data Name=\"FolderId\">{b4bfcc3a-db2c-424c-b029-7fe99a87c641}</Data>\n<Data Name=\"Path\">C:\\Windows\\system32\\config\\systemprofile\\Desktop</Data>\n</EventData>\n</Event>\n"
  },
  {
    "EventID": 1002,
    "Timestamp": "2014-02-07 12:38:45.114290+00:00",
    "Computer": "IACIS-HDD-2014",
    "Channel": "Microsoft-Windows-Known Folders API Service",
    "Level": "Warning",
    "EventData": {
      "hrError": "0x80070002",
      "FolderId": "{1777f761-68ad-4d8a-87bd-30b759fa33dd}",
      "Path": "C:\\Windows\\system32\\config\\systemprofile\\Favorites"
    },
    "RawXml": "<Event xmlns=\"http://schemas.microsoft.com/win/2004/08/events/event\"><System><Provider Name=\"Microsoft-Windows-KnownFolders\" Guid=\"{8939299f-2315-4c5c-9b91-abb86aa0627d}\"></Provider>\n<EventID Qualifiers=\"\">1002</EventID>\n<Version>0</Version>\n<Level>3</Level>\n<Task>0</Task>\n<Opcode>0</Opcode>\n<Keywords>0x8000000000000000</Keywords>\n<TimeCreated SystemTime=\"2014-02-07 12:38:45.114290+00:00\"></TimeCreated>\n<EventRecordID>67</EventRecordID>\n<Correlation ActivityID=\"\" RelatedActivityID=\"\"></Correlation>\n<Execution ProcessID=\"2448\" ThreadID=\"2548\"></Execution>\n<Channel>Microsoft-Windows-Known Folders API Service</Channel>\n<Computer>IACIS-HDD-2014</Computer>\n<Security UserID=\"S-1-5-18\"></Security>\n</System>\n<EventData><Data Name=\"hrError\">0x80070002</Data>\n<Data Name=\"FolderId\">{1777f761-68ad-4d8a-87bd-30b759fa33dd}</Data>\n<Data Name=\"Path\">C:\\Windows\\system32\\config\\systemprofile\\Favorites</Data>\n</EventData>\n</Event>\n"
  },
  {
    "EventID": 1002,
    "Timestamp": "2014-02-07 12:38:45.114290+00:00",
    "Computer": "IACIS-HDD-2014",
    "Channel": "Microsoft-Windows-Known Folders API Service",
    "Level": "Warning",
    "EventData": {
      "hrError": "0x80070002",
      "FolderId": "{625b53c3-ab48-4ec1-ba1f-a1ef4146fc19}",
      "Path": "C:\\Windows\\system32\\config\\systemprofile\\AppData\\Roaming\\Microsoft\\Windows\\Start Menu"
    },
    "RawXml": "<Event xmlns=\"http://schemas.microsoft.com/win/2004/08/events/event\"><System><Provider Name=\"Microsoft-Windows-KnownFolders\" Guid=\"{8939299f-2315-4c5c-9b91-abb86aa0627d}\"></Provider>\n<EventID Qualifiers=\"\">1002</EventID>\n<Version>0</Version>\n<Level>3</Level>\n<Task>0</Task>\n<Opcode>0</Opcode>\n<Keywords>0x8000000000000000</Keywords>\n<TimeCreated SystemTime=\"2014-02-07 12:38:45.114290+00:00\"></TimeCreated>\n<EventRecordID>68</EventRecordID>\n<Correlation ActivityID=\"\" RelatedActivityID=\"\"></Correlation>\n<Execution ProcessID=\"2448\" ThreadID=\"2548\"></Execution>\n<Channel>Microsoft-Windows-Known Folders API Service</Channel>\n<Computer>IACIS-HDD-2014</Computer>\n<Security UserID=\"S-1-5-18\"></Security>\n</System>\n<EventData><Data Name=\"hrError\">0x80070002</Data>\n<Data Name=\"FolderId\">{625b53c3-ab48-4ec1-ba1f-a1ef4146fc19}</Data>\n<Data Name=\"Path\">C:\\Windows\\system32\\config\\systemprofile\\AppData\\Roaming\\Microsoft\\Windows\\Start Menu</Data>\n</EventData>\n</Event>\n"
  },
  {
    "EventID": 1002,
    "Timestamp": "2014-02-07 12:38:45.114290+00:00",
    "Computer": "IACIS-HDD-2014",
    "Channel": "Microsoft-Windows-Known Folders API Service",
    "Level": "Warning",
    "EventData": {
      "hrError": "0x80070002",
      "FolderId": "{fdd39ad0-238f-46af-adb4-6c85480369c7}",
      "Path": "C:\\Windows\\system32\\config\\systemprofile\\Documents"
    },
    "RawXml": "<Event xmlns=\"http://schemas.microsoft.com/win/2004/08/events/event\"><System><Provider Name=\"Microsoft-Windows-KnownFolders\" Guid=\"{8939299f-2315-4c5c-9b91-abb86aa0627d}\"></Provider>\n<EventID Qualifiers=\"\">1002</EventID>\n<Version>0</Version>\n<Level>3</Level>\n<Task>0</Task>\n<Opcode>0</Opcode>\n<Keywords>0x8000000000000000</Keywords>\n<TimeCreated SystemTime=\"2014-02-07 12:38:45.114290+00:00\"></TimeCreated>\n<EventRecordID>69</EventRecordID>\n<Correlation ActivityID=\"\" RelatedActivityID=\"\"></Correlation>\n<Execution ProcessID=\"2448\" ThreadID=\"2548\"></Execution>\n<Channel>Microsoft-Windows-Known Folders API Service</Channel>\n<Computer>IACIS-HDD-2014</Computer>\n<Security UserID=\"S-1-5-18\"></Security>\n</System>\n<EventData><Data Name=\"hrError\">0x80070002</Data>\n<Data Name=\"FolderId\">{fdd39ad0-238f-46af-adb4-6c85480369c7}</Data>\n<Data Name=\"Path\">C:\\Windows\\system32\\config\\systemprofile\\Documents</Data>\n</EventData>\n</Event>\n"
  },
  {
    "EventID": 1002,
    "Timestamp": "2014-02-07 12:38:45.114290+00:00",
    "Computer": "IACIS-HDD-2014",
    "Channel": "Microsoft-Windows-Known Folders API Service",
    "Level": "Warning",
    "EventData": {
      "hrError": "0x80070002",
      "FolderId": "{b4bfcc3a-db2c-424c-b029-7fe99a87c641}",
      "Path": "C:\\Windows\\system32\\config\\systemprofile\\Desktop"
    },
    "RawXml": "<Event xmlns=\"http://schemas.microsoft.com/win/2004/08/events/event\"><System><Provider Name=\"Microsoft-Windows-KnownFolders\" Guid=\"{8939299f-2315-4c5c-9b91-abb86aa0627d}\"></Provider>\n<EventID Qualifiers=\"\">1002</EventID>\n<Version>0</Version>\n<Level>3</Level>\n<Task>0</Task>\n<Opcode>0</Opcode>\n<Keywords>0x8000000000000000</Keywords>\n<TimeCreated SystemTime=\"2014-02-07 12:38:45.114290+00:00\"></TimeCreated>\n<EventRecordID>70</EventRecordID>\n<Correlation ActivityID=\"\" RelatedActivityID=\"\"></Correlation>\n<Execution ProcessID=\"2448\" ThreadID=\"2548\"></Execution>\n<Channel>Microsoft-Windows-Known Folders API Service</Channel>\n<Computer>IACIS-HDD-2014</Computer>\n<Security UserID=\"S-1-5-18\"></Security>\n</System>\n<EventData><Data Name=\"hrError\">0x80070002</Data>\n<Data Name=\"FolderId\">{b4bfcc3a-db2c-424c-b029-7fe99a87c641}</Data>\n<Data Name=\"Path\">C:\\Windows\\system32\\config\\systemprofile\\Desktop</Data>\n</EventData>\n</Event>\n"
  },
