  {
    "EventID": 1016,
    "Timestamp": "2014-02-03 12:17:12.419746+00:00",
    "Computer": "IACIS-HDD-2014",
    "Channel": "Microsoft-Windows-ReadyBoost/Operational",
    "Level": "Information",
    "EventData": {
      "BootPlanTimestamp": "2014-02-03 07:16:27.239655+00:00",
      "ErrorCode": "0",
      "Duration (ms)": "45162",
      "Reason": "1"
    },
    "RawXml": "<Event xmlns=\"http://schemas.microsoft.com/win/2004/08/events/event\"><System><Provider Name=\"Microsoft-Windows-ReadyBoost\" Guid=\"{e6307a09-292c-497e-aad6-498f68e2b619}\"></Provider>\n<EventID Qualifiers=\"\">1016</EventID>\n<Version>1</Version>\n<Level>4</Level>\n<Task>1016</Task>\n<Opcode>0</Opcode>\n<Keywords>0x8000000000002000</Keywords>\n<TimeCreated SystemTime=\"2014-02-03 12:17:12.419746+00:00\"></TimeCreated>\n<EventRecordID>37</EventRecordID>\n<Correlation ActivityID=\"\" RelatedActivityID=\"\"></Correlation>\n<Execution ProcessID=\"900\" ThreadID=\"3692\"></Execution>\n<Channel>Microsoft-Windows-ReadyBoost/Operational</Channel>\n<Computer>IACIS-HDD-2014</Computer>\n<Security UserID=\"S-1-5-18\"></Security>\n</System>\n<EventData><Data Name=\"BootPlanTimestamp\">2014-02-03 07:16:27.239655+00:00</Data>\n<Data Name=\"ErrorCode\">0</Data>\n<Data Name=\"Duration (ms)\">45162</Data>\n<Data Name=\"Reason\">1</Data>\n</EventData>\n</Event>\n"
  },
  {
    "EventID": 1016,
    "Timestamp": "2014-02-03 12:57:00.950266+00:00",
    "Computer": "IACIS-HDD-2014",
    "Channel": "Microsoft-Windows-ReadyBoost/Operational",
    "Level": "Information",
    "EventData": {
      "BootPlanTimestamp": "2014-02-03 07:56:58.859859+00:00",
      "ErrorCode": "0",
      "Duration (ms)": "2091",
      "Reason": "1"
    },
    "RawXml": "<Event xmlns=\"http://schemas.microsoft.com/win/2004/08/events/event\"><System><Provider Name=\"Microsoft-Windows-ReadyBoost\" Guid=\"{e6307a09-292c-497e-aad6-498f68e2b619}\"></Provider>\n<EventID Qualifiers=\"\">1016</EventID>\n<Version>1</Version>\n<Level>4</Level>\n<Task>1016</Task>\n<Opcode>0</Opcode>\n<Keywords>0x8000000000002000</Keywords>\n<TimeCreated SystemTime=\"2014-02-03 12:57:00.950266+00:00\"></TimeCreated>\n<EventRecordID>38</EventRecordID>\n<Correlation ActivityID=\"\" RelatedActivityID=\"\"></Correlation>\n<Execution ProcessID=\"900\" ThreadID=\"2472\"></Execution>\n<Channel>Microsoft-Windows-ReadyBoost/Operational</Channel>\n<Computer>IACIS-HDD-2014</Computer>\n<Security UserID=\"S-1-5-18\"></Security>\n</System>\n<EventData><Data Name=\"BootPlanTimestamp\">2014-02-03 07:56:58.859859+00:00</Data>\n<Data Name=\"ErrorCode\">0</Data>\n<Data Name=\"Duration (ms)\">2091</Data>\n<Data Name=\"Reason\">1</Data>\n</EventData>\n</Event>\n"
  },
  {
    "EventID": 1016,
    "Timestamp": "2014-02-03 13:31:35.988136+00:00",
    "Computer": "IACIS-HDD-2014",
    "Channel": "Microsoft-Windows-ReadyBoost/Operational",
    "Level": "Information",
    "EventData": {
      "BootPlanTimestamp": "2014-02-03 08:31:34.833735+00:00",
      "ErrorCode": "0",
      "Duration (ms)": "1154",
      "Reason": "1"
    },
    "RawXml": "<Event xmlns=\"http://schemas.microsoft.com/win/2004/08/events/event\"><System><Provider Name=\"Microsoft-Windows-ReadyBoost\" Guid=\"{e6307a09-292c-497e-aad6-498f68e2b619}\"></Provider>\n<EventID Qualifiers=\"\">1016</EventID>\n<Version>1</Version>\n<Level>4</Level>\n<Task>1016</Task>\n<Opcode>0</Opcode>\n<Keywords>0x8000000000002000</Keywords>\n<TimeCreated SystemTime=\"2014-02-03 13:31:35.988136+00:00\"></TimeCreated>\n<EventRecordID>39</EventRecordID>\n<Correlation ActivityID=\"\" RelatedActivityID=\"\"></Correlation>\n<Execution ProcessID=\"900\" ThreadID=\"3984\"></Execution>\n<Channel>Microsoft-Windows-ReadyBoost/Operational</Channel>\n<Computer>IACIS-HDD-2014</Computer>\n<Security UserID=\"S-1-5-18\"></Security>\n</System>\n<EventData><Data Name=\"BootPlanTimestamp\">2014-02-03 08:31:34.833735+00:00</Data>\n<Data Name=\"ErrorCode\">0</Data>\n<Data Name=\"Duration (ms)\">1154</Data>\n<Data Name=\"Reason\">1</Data>\n</EventData>\n</Event>\n"
  },
  {
    "EventID": 1016,
    "Timestamp": "2014-02-03 13:52:56.437902+00:00",
    "Computer": "IACIS-HDD-2014",
    "Channel": "Microsoft-Windows-ReadyBoost/Operational",
    "Level": "Information",
    "EventData": {
      "BootPlanTimestamp": "2014-02-03 08:52:55.065098+00:00",
      "ErrorCode": "0",
      "Duration (ms)": "1373",
      "Reason": "1"
    },
    "RawXml": "<Event xmlns=\"http://schemas.microsoft.com/win/2004/08/events/event\"><System><Provider Name=\"Microsoft-Windows-ReadyBoost\" Guid=\"{e6307a09-292c-497e-aad6-498f68e2b619}\"></Provider>\n<EventID Qualifiers=\"\">1016</EventID>\n<Version>1</Version>\n<Level>4</Level>\n<Task>1016</Task>\n<Opcode>0</Opcode>\n<Keywords>0x8000000000002000</Keywords>\n<TimeCreated SystemTime=\"2014-02-03 13:52:56.437902+00:00\"></TimeCreated>\n<EventRecordID>40</EventRecordID>\n<Correlation ActivityID=\"\" RelatedActivityID=\"\"></Correlation>\n<Execution ProcessID=\"900\" ThreadID=\"3328\"></Execution>\n<Channel>Microsoft-Windows-ReadyBoost/Operational</Channel>\n<Computer>IACIS-HDD-2014</Computer>\n<Security UserID=\"S-1-5-18\"></Security>\n</System>\n<EventData><Data Name=\"BootPlanTimestamp\">2014-02-03 08:52:55.065098+00:00</Data>\n<Data Name=\"ErrorCode\">0</Data>\n<Data Name=\"Duration (ms)\">1373</Data>\n<Data Name=\"Reason\">1</Data>\n</EventData>\n</Event>\n"
  },
  {
    "EventID": 1009,
    "Timestamp": "2014-02-03 15:20:51.245167+00:00",
    "Computer": "IACIS-HDD-2014",
    "Channel": "Microsoft-Windows-ReadyBoost/Operational",
    "Level": "Information",
    "EventData": {
      "DeviceName": "LEXAR JUMPDRIVE",
      "IntValue": "122",
      "SecondIntValue": "235"
    },
    "RawXml": "<Event xmlns=\"http://schemas.microsoft.com/win/2004/08/events/event\"><System><Provider Name=\"Microsoft-Windows-ReadyBoost\" Guid=\"{e6307a09-292c-497e-aad6-498f68e2b619}\"></Provider>\n<EventID Qualifiers=\"\">1009</EventID>\n<Version>0</Version>\n<Level>4</Level>\n<Task>1019</Task>\n<Opcode>0</Opcode>\n<Keywords>0x8000000000004000</Keywords>\n<TimeCreated SystemTime=\"2014-02-03 15:20:51.245167+00:00\"></TimeCreated>\n<EventRecordID>41</EventRecordID>\n<Correlation ActivityID=\"\" RelatedActivityID=\"\"></Correlation>\n<Execution ProcessID=\"900\" ThreadID=\"1488\"></Execution>\n<Channel>Microsoft-Windows-ReadyBoost/Operational</Channel>\n<Computer>IACIS-HDD-2014</Computer>\n<Security UserID=\"S-1-5-18\"></Security>\n</System>\n<EventData><Data Name=\"DeviceName\">LEXAR JUMPDRIVE</Data>\n<Data Name=\"IntValue\">122</Data>\n<Data Name=\"SecondIntValue\">235</Data>\n</EventData>\n</Event>\n"
  },
  {
    "EventID": 1015,
    "Timestamp": "2014-02-04 14:12:40.762794+00:00",
    "Computer": "IACIS-HDD-2014",
    "Channel": "Microsoft-Windows-ReadyBoost/Operational",
    "Level": "Information",
    "EventData": {
      "RB_IoReadBytes": "265636352",
      "RB_CacheHitBytes": "116049408",
      "RB_PrefetchBytes": "161853440",
      "RB_CacheHitPercentage": "0.6225185634186998",
      "RB_IoReadCount": "13198",
      "RB_CacheHitCount": "8216",
      "RB_PrefetchReadCount": "4527",
      "RB_PrefetchDiskTimeUs": "25868250"
    },
    "RawXml": "<Event xmlns=\"http://schemas.microsoft.com/win/2004/08/events/event\"><System><Provider Name=\"Microsoft-Windows-ReadyBoost\" Guid=\"{e6307a09-292c-497e-aad6-498f68e2b619}\"></Provider>\n<EventID Qualifiers=\"\">1015</EventID>\n<Version>1</Version>\n<Level>4</Level>\n<Task>1016</Task>\n<Opcode>0</Opcode>\n<Keywords>0x8000000000002000</Keywords>\n<TimeCreated SystemTime=\"2014-02-04 14:12:40.762794+00:00\"></TimeCreated>\n<EventRecordID>42</EventRecordID>\n<Correlation ActivityID=\"\" RelatedActivityID=\"\"></Correlation>\n<Execution ProcessID=\"912\" ThreadID=\"1860\"></Execution>\n<Channel>Microsoft-Windows-ReadyBoost/Operational</Channel>\n<Computer>IACIS-HDD-2014</Computer>\n<Security UserID=\"S-1-5-18\"></Security>\n</System>\n<EventData><Data Name=\"RB_IoReadBytes\">265636352</Data>\n<Data Name=\"RB_CacheHitBytes\">116049408</Data>\n<Data Name=\"RB_PrefetchBytes\">161853440</Data>\n<Data Name=\"RB_CacheHitPercentage\">0.6225185634186998</Data>\n<Data Name=\"RB_IoReadCount\">13198</Data>\n<Data Name=\"RB_CacheHitCount\">8216</Data>\n<Data Name=\"RB_PrefetchReadCount\">4527</Data>\n<Data Name=\"RB_PrefetchDiskTimeUs\">25868250</Data>\n</EventData>\n</Event>\n"
  },
  {
    "EventID": 1016,
    "Timestamp": "2014-02-04 14:12:41.511597+00:00",
    "Computer": "IACIS-HDD-2014",
    "Channel": "Microsoft-Windows-ReadyBoost/Operational",
    "Level": "Information",
    "EventData": {
      "BootPlanTimestamp": "2014-02-04 09:12:35.926786+00:00",
      "ErrorCode": "0",
      "Duration (ms)": "5585",
      "Reason": "0"
    },
    "RawXml": "<Event xmlns=\"http://schemas.microsoft.com/win/2004/08/events/event\"><System><Provider Name=\"Microsoft-Windows-ReadyBoost\" Guid=\"{e6307a09-292c-497e-aad6-498f68e2b619}\"></Provider>\n<EventID Qualifiers=\"\">1016</EventID>\n<Version>1</Version>\n<Level>4</Level>\n<Task>1016</Task>\n<Opcode>0</Opcode>\n<Keywords>0x8000000000002000</Keywords>\n<TimeCreated SystemTime=\"2014-02-04 14:12:41.511597+00:00\"></TimeCreated>\n<EventRecordID>43</EventRecordID>\n<Correlation ActivityID=\"\" RelatedActivityID=\"\"></Correlation>\n<Execution ProcessID=\"912\" ThreadID=\"1860\"></Execution>\n<Channel>Microsoft-Windows-ReadyBoost/Operational</Channel>\n<Computer>IACIS-HDD-2014</Computer>\n<Security UserID=\"S-1-5-18\"></Security>\n</System>\n<EventData><Data Name=\"BootPlanTimestamp\">2014-02-04 09:12:35.926786+00:00</Data>\n<Data Name=\"ErrorCode\">0</Data>\n<Data Name=\"Duration (ms)\">5585</Data>\n<Data Name=\"Reason\">0</Data>\n</EventData>\n</Event>\n"
  },
  {
    "EventID": 1016,
    "Timestamp": "2014-02-04 15:02:56.487627+00:00",
    "Computer": "IACIS-HDD-2014",
    "Channel": "Microsoft-Windows-ReadyBoost/Operational",
    "Level": "Information",
    "EventData": {
      "BootPlanTimestamp": "2014-02-04 10:01:51.903509+00:00",
      "ErrorCode": "0",
      "Duration (ms)": "64585",
      "Reason": "1"
    },
    "RawXml": "<Event xmlns=\"http://schemas.microsoft.com/win/2004/08/events/event\"><System><Provider Name=\"Microsoft-Windows-ReadyBoost\" Guid=\"{e6307a09-292c-497e-aad6-498f68e2b619}\"></Provider>\n<EventID Qualifiers=\"\">1016</EventID>\n<Version>1</Version>\n<Level>4</Level>\n<Task>1016</Task>\n<Opcode>0</Opcode>\n<Keywords>0x8000000000002000</Keywords>\n<TimeCreated SystemTime=\"2014-02-04 15:02:56.487627+00:00\"></TimeCreated>\n<EventRecordID>44</EventRecordID>\n<Correlation ActivityID=\"\" RelatedActivityID=\"\"></Correlation>\n<Execution ProcessID=\"912\" ThreadID=\"3396\"></Execution>\n<Channel>Microsoft-Windows-ReadyBoost/Operational</Channel>\n<Computer>IACIS-HDD-2014</Computer>\n<Security UserID=\"S-1-5-18\"></Security>\n</System>\n<EventData><Data Name=\"BootPlanTimestamp\">2014-02-04 10:01:51.903509+00:00</Data>\n<Data Name=\"ErrorCode\">0</Data>\n<Data Name=\"Duration (ms)\">64585</Data>\n<Data Name=\"Reason\">1</Data>\n</EventData>\n</Event>\n"
  },
  {
    "EventID": 1016,
    "Timestamp": "2014-02-04 15:16:06.304304+00:00",
    "Computer": "IACIS-HDD-2014",
    "Channel": "Microsoft-Windows-ReadyBoost/Operational",
    "Level": "Information",
    "EventData": {
      "BootPlanTimestamp": "2014-02-04 10:12:59.846008+00:00",
      "ErrorCode": "0",
      "Duration (ms)": "65535",
      "Reason": "1"
    },
    "RawXml": "<Event xmlns=\"http://schemas.microsoft.com/win/2004/08/events/event\"><System><Provider Name=\"Microsoft-Windows-ReadyBoost\" Guid=\"{e6307a09-292c-497e-aad6-498f68e2b619}\"></Provider>\n<EventID Qualifiers=\"\">1016</EventID>\n<Version>1</Version>\n<Level>4</Level>\n<Task>1016</Task>\n<Opcode>0</Opcode>\n<Keywords>0x8000000000002000</Keywords>\n<TimeCreated SystemTime=\"2014-02-04 15:16:06.304304+00:00\"></TimeCreated>\n<EventRecordID>45</EventRecordID>\n<Correlation ActivityID=\"\" RelatedActivityID=\"\"></Correlation>\n<Execution ProcessID=\"912\" ThreadID=\"2636\"></Execution>\n<Channel>Microsoft-Windows-ReadyBoost/Operational</Channel>\n<Computer>IACIS-HDD-2014</Computer>\n<Security UserID=\"S-1-5-18\"></Security>\n</System>\n<EventData><Data Name=\"BootPlanTimestamp\">2014-02-04 10:12:59.846008+00:00</Data>\n<Data Name=\"ErrorCode\">0</Data>\n<Data Name=\"Duration (ms)\">65535</Data>\n<Data Name=\"Reason\">1</Data>\n</EventData>\n</Event>\n"
  },
  {
    "EventID": 1015,
    "Timestamp": "2014-02-05 13:31:31.948545+00:00",
    "Computer": "IACIS-HDD-2014",
    "Channel": "Microsoft-Windows-ReadyBoost/Operational",
    "Level": "Information",
    "EventData": {
      "RB_IoReadBytes": "265479680",
      "RB_CacheHitBytes": "124044800",
      "RB_PrefetchBytes": "142331904",
      "RB_CacheHitPercentage": "0.6455876830642133",
      "RB_IoReadCount": "13315",
      "RB_CacheHitCount": "8596",
      "RB_PrefetchReadCount": "4051",
      "RB_PrefetchDiskTimeUs": "21521659"
    },
    "RawXml": "<Event xmlns=\"http://schemas.microsoft.com/win/2004/08/events/event\"><System><Provider Name=\"Microsoft-Windows-ReadyBoost\" Guid=\"{e6307a09-292c-497e-aad6-498f68e2b619}\"></Provider>\n<EventID Qualifiers=\"\">1015</EventID>\n<Version>1</Version>\n<Level>4</Level>\n<Task>1016</Task>\n<Opcode>0</Opcode>\n<Keywords>0x8000000000002000</Keywords>\n<TimeCreated SystemTime=\"2014-02-05 13:31:31.948545+00:00\"></TimeCreated>\n<EventRecordID>46</EventRecordID>\n<Correlation ActivityID=\"\" RelatedActivityID=\"\"></Correlation>\n<Execution ProcessID=\"928\" ThreadID=\"1928\"></Execution>\n<Channel>Microsoft-Windows-ReadyBoost/Operational</Channel>\n<Computer>IACIS-HDD-2014</Computer>\n<Security UserID=\"S-1-5-18\"></Security>\n</System>\n<EventData><Data Name=\"RB_IoReadBytes\">265479680</Data>\n<Data Name=\"RB_CacheHitBytes\">124044800</Data>\n<Data Name=\"RB_PrefetchBytes\">142331904</Data>\n<Data Name=\"RB_CacheHitPercentage\">0.6455876830642133</Data>\n<Data Name=\"RB_IoReadCount\">13315</Data>\n<Data Name=\"RB_CacheHitCount\">8596</Data>\n<Data Name=\"RB_PrefetchReadCount\">4051</Data>\n<Data Name=\"RB_PrefetchDiskTimeUs\">21521659</Data>\n</EventData>\n</Event>\n"
  },
  {
    "EventID": 1016,
    "Timestamp": "2014-02-05 13:31:32.962547+00:00",
    "Computer": "IACIS-HDD-2014",
    "Channel": "Microsoft-Windows-ReadyBoost/Operational",
    "Level": "Information",
    "EventData": {
      "BootPlanTimestamp": "2014-02-05 08:31:28.922140+00:00",
      "ErrorCode": "0",
      "Duration (ms)": "4040",
      "Reason": "0"
    },
    "RawXml": "<Event xmlns=\"http://schemas.microsoft.com/win/2004/08/events/event\"><System><Provider Name=\"Microsoft-Windows-ReadyBoost\" Guid=\"{e6307a09-292c-497e-aad6-498f68e2b619}\"></Provider>\n<EventID Qualifiers=\"\">1016</EventID>\n<Version>1</Version>\n<Level>4</Level>\n<Task>1016</Task>\n<Opcode>0</Opcode>\n<Keywords>0x8000000000002000</Keywords>\n<TimeCreated SystemTime=\"2014-02-05 13:31:32.962547+00:00\"></TimeCreated>\n<EventRecordID>47</EventRecordID>\n<Correlation ActivityID=\"\" RelatedActivityID=\"\"></Correlation>\n<Execution ProcessID=\"928\" ThreadID=\"1928\"></Execution>\n<Channel>Microsoft-Windows-ReadyBoost/Operational</Channel>\n<Computer>IACIS-HDD-2014</Computer>\n<Security UserID=\"S-1-5-18\"></Security>\n</System>\n<EventData><Data Name=\"BootPlanTimestamp\">2014-02-05 08:31:28.922140+00:00</Data>\n<Data Name=\"ErrorCode\">0</Data>\n<Data Name=\"Duration (ms)\">4040</Data>\n<Data Name=\"Reason\">0</Data>\n</EventData>\n</Event>\n"
  },
  {
    "EventID": 1016,
    "Timestamp": "2014-02-05 13:48:07.008295+00:00",
    "Computer": "IACIS-HDD-2014",
    "Channel": "Microsoft-Windows-ReadyBoost/Operational",
    "Level": "Information",
    "EventData": {
      "BootPlanTimestamp": "2014-02-05 08:48:01.860287+00:00",
      "ErrorCode": "0",
      "Duration (ms)": "5148",
      "Reason": "1"
    },
    "RawXml": "<Event xmlns=\"http://schemas.microsoft.com/win/2004/08/events/event\"><System><Provider Name=\"Microsoft-Windows-ReadyBoost\" Guid=\"{e6307a09-292c-497e-aad6-498f68e2b619}\"></Provider>\n<EventID Qualifiers=\"\">1016</EventID>\n<Version>1</Version>\n<Level>4</Level>\n<Task>1016</Task>\n<Opcode>0</Opcode>\n<Keywords>0x8000000000002000</Keywords>\n<TimeCreated SystemTime=\"2014-02-05 13:48:07.008295+00:00\"></TimeCreated>\n<EventRecordID>48</EventRecordID>\n<Correlation ActivityID=\"\" RelatedActivityID=\"\"></Correlation>\n<Execution ProcessID=\"928\" ThreadID=\"3160\"></Execution>\n<Channel>Microsoft-Windows-ReadyBoost/Operational</Channel>\n<Computer>IACIS-HDD-2014</Computer>\n<Security UserID=\"S-1-5-18\"></Security>\n</System>\n<EventData><Data Name=\"BootPlanTimestamp\">2014-02-05 08:48:01.860287+00:00</Data>\n<Data Name=\"ErrorCode\">0</Data>\n<Data Name=\"Duration (ms)\">5148</Data>\n<Data Name=\"Reason\">1</Data>\n</EventData>\n</Event>\n"
  },
  {
    "EventID": 1016,
    "Timestamp": "2014-02-05 17:14:38.338348+00:00",
    "Computer": "IACIS-HDD-2014",
    "Channel": "Microsoft-Windows-ReadyBoost/Operational",
    "Level": "Information",
    "EventData": {
      "BootPlanTimestamp": "2014-02-05 12:14:36.856346+00:00",
      "ErrorCode": "0",
      "Duration (ms)": "1482",
      "Reason": "1"
    },
    "RawXml": "<Event xmlns=\"http://schemas.microsoft.com/win/2004/08/events/event\"><System><Provider Name=\"Microsoft-Windows-ReadyBoost\" Guid=\"{e6307a09-292c-497e-aad6-498f68e2b619}\"></Provider>\n<EventID Qualifiers=\"\">1016</EventID>\n<Version>1</Version>\n<Level>4</Level>\n<Task>1016</Task>\n<Opcode>0</Opcode>\n<Keywords>0x8000000000002000</Keywords>\n<TimeCreated SystemTime=\"2014-02-05 17:14:38.338348+00:00\"></TimeCreated>\n<EventRecordID>49</EventRecordID>\n<Correlation ActivityID=\"\" RelatedActivityID=\"\"></Correlation>\n<Execution ProcessID=\"928\" ThreadID=\"2236\"></Execution>\n<Channel>Microsoft-Windows-ReadyBoost/Operational</Channel>\n<Computer>IACIS-HDD-2014</Computer>\n<Security UserID=\"S-1-5-18\"></Security>\n</System>\n<EventData><Data Name=\"BootPlanTimestamp\">2014-02-05 12:14:36.856346+00:00</Data>\n<Data Name=\"ErrorCode\">0</Data>\n<Data Name=\"Duration (ms)\">1482</Data>\n<Data Name=\"Reason\">1</Data>\n</EventData>\n</Event>\n"
  },
  {
    "EventID": 1015,
    "Timestamp": "2014-02-06 11:21:33.926361+00:00",
    "Computer": "IACIS-HDD-2014",
    "Channel": "Microsoft-Windows-ReadyBoost/Operational",
    "Level": "Information",
    "EventData": {
      "RB_IoReadBytes": "230210560",
      "RB_CacheHitBytes": "128120832",
      "RB_PrefetchBytes": "152010752",
      "RB_CacheHitPercentage": "0.8092049419975479",
      "RB_IoReadCount": "10603",
      "RB_CacheHitCount": "8580",
      "RB_PrefetchReadCount": "4261",
      "RB_PrefetchDiskTimeUs": "28330078"
    },
    "RawXml": "<Event xmlns=\"http://schemas.microsoft.com/win/2004/08/events/event\"><System><Provider Name=\"Microsoft-Windows-ReadyBoost\" Guid=\"{e6307a09-292c-497e-aad6-498f68e2b619}\"></Provider>\n<EventID Qualifiers=\"\">1015</EventID>\n<Version>1</Version>\n<Level>4</Level>\n<Task>1016</Task>\n<Opcode>0</Opcode>\n<Keywords>0x8000000000002000</Keywords>\n<TimeCreated SystemTime=\"2014-02-06 11:21:33.926361+00:00\"></TimeCreated>\n<EventRecordID>50</EventRecordID>\n<Correlation ActivityID=\"\" RelatedActivityID=\"\"></Correlation>\n<Execution ProcessID=\"888\" ThreadID=\"1952\"></Execution>\n<Channel>Microsoft-Windows-ReadyBoost/Operational</Channel>\n<Computer>IACIS-HDD-2014</Computer>\n<Security UserID=\"S-1-5-18\"></Security>\n</System>\n<EventData><Data Name=\"RB_IoReadBytes\">230210560</Data>\n<Data Name=\"RB_CacheHitBytes\">128120832</Data>\n<Data Name=\"RB_PrefetchBytes\">152010752</Data>\n<Data Name=\"RB_CacheHitPercentage\">0.8092049419975479</Data>\n<Data Name=\"RB_IoReadCount\">10603</Data>\n<Data Name=\"RB_CacheHitCount\">8580</Data>\n<Data Name=\"RB_PrefetchReadCount\">4261</Data>\n<Data Name=\"RB_PrefetchDiskTimeUs\">28330078</Data>\n</EventData>\n</Event>\n"
  },
  {
    "EventID": 1016,
    "Timestamp": "2014-02-06 11:21:34.971563+00:00",
    "Computer": "IACIS-HDD-2014",
    "Channel": "Microsoft-Windows-ReadyBoost/Operational",
    "Level": "Information",
    "EventData": {
      "BootPlanTimestamp": "2014-02-06 06:21:28.060749+00:00",
      "ErrorCode": "0",
      "Duration (ms)": "6911",
      "Reason": "0"
    },
    "RawXml": "<Event xmlns=\"http://schemas.microsoft.com/win/2004/08/events/event\"><System><Provider Name=\"Microsoft-Windows-ReadyBoost\" Guid=\"{e6307a09-292c-497e-aad6-498f68e2b619}\"></Provider>\n<EventID Qualifiers=\"\">1016</EventID>\n<Version>1</Version>\n<Level>4</Level>\n<Task>1016</Task>\n<Opcode>0</Opcode>\n<Keywords>0x8000000000002000</Keywords>\n<TimeCreated SystemTime=\"2014-02-06 11:21:34.971563+00:00\"></TimeCreated>\n<EventRecordID>51</EventRecordID>\n<Correlation ActivityID=\"\" RelatedActivityID=\"\"></Correlation>\n<Execution ProcessID=\"888\" ThreadID=\"1952\"></Execution>\n<Channel>Microsoft-Windows-ReadyBoost/Operational</Channel>\n<Computer>IACIS-HDD-2014</Computer>\n<Security UserID=\"S-1-5-18\"></Security>\n</System>\n<EventData><Data Name=\"BootPlanTimestamp\">2014-02-06 06:21:28.060749+00:00</Data>\n<Data Name=\"ErrorCode\">0</Data>\n<Data Name=\"Duration (ms)\">6911</Data>\n<Data Name=\"Reason\">0</Data>\n</EventData>\n</Event>\n"
  },
  {
    "EventID": 1016,
    "Timestamp": "2014-02-06 13:48:57.304003+00:00",
    "Computer": "IACIS-HDD-2014",
    "Channel": "Microsoft-Windows-ReadyBoost/Operational",
    "Level": "Information",
    "EventData": {
      "BootPlanTimestamp": "2014-02-06 08:48:53.981195+00:00",
      "ErrorCode": "0",
      "Duration (ms)": "3323",
      "Reason": "1"
    },
    "RawXml": "<Event xmlns=\"http://schemas.microsoft.com/win/2004/08/events/event\"><System><Provider Name=\"Microsoft-Windows-ReadyBoost\" Guid=\"{e6307a09-292c-497e-aad6-498f68e2b619}\"></Provider>\n<EventID Qualifiers=\"\">1016</EventID>\n<Version>1</Version>\n<Level>4</Level>\n<Task>1016</Task>\n<Opcode>0</Opcode>\n<Keywords>0x8000000000002000</Keywords>\n<TimeCreated SystemTime=\"2014-02-06 13:48:57.304003+00:00\"></TimeCreated>\n<EventRecordID>52</EventRecordID>\n<Correlation ActivityID=\"\" RelatedActivityID=\"\"></Correlation>\n<Execution ProcessID=\"888\" ThreadID=\"3160\"></Execution>\n<Channel>Microsoft-Windows-ReadyBoost/Operational</Channel>\n<Computer>IACIS-HDD-2014</Computer>\n<Security UserID=\"S-1-5-18\"></Security>\n</System>\n<EventData><Data Name=\"BootPlanTimestamp\">2014-02-06 08:48:53.981195+00:00</Data>\n<Data Name=\"ErrorCode\">0</Data>\n<Data Name=\"Duration (ms)\">3323</Data>\n<Data Name=\"Reason\">1</Data>\n</EventData>\n</Event>\n"
  },
  {
    "EventID": 1015,
    "Timestamp": "2014-02-06 18:55:59.403633+00:00",
    "Computer": "IACIS-HDD-2014",
    "Channel": "Microsoft-Windows-ReadyBoost/Operational",
    "Level": "Information",
    "EventData": {
      "RB_IoReadBytes": "301661184",
      "RB_CacheHitBytes": "125933568",
      "RB_PrefetchBytes": "154025984",
      "RB_CacheHitPercentage": "0.6191343325395714",
      "RB_IoReadCount": "14278",
      "RB_CacheHitCount": "8840",
      "RB_PrefetchReadCount": "4272",
      "RB_PrefetchDiskTimeUs": "31004237"
    },
    "RawXml": "<Event xmlns=\"http://schemas.microsoft.com/win/2004/08/events/event\"><System><Provider Name=\"Microsoft-Windows-ReadyBoost\" Guid=\"{e6307a09-292c-497e-aad6-498f68e2b619}\"></Provider>\n<EventID Qualifiers=\"\">1015</EventID>\n<Version>1</Version>\n<Level>4</Level>\n<Task>1016</Task>\n<Opcode>0</Opcode>\n<Keywords>0x8000000000002000</Keywords>\n<TimeCreated SystemTime=\"2014-02-06 18:55:59.403633+00:00\"></TimeCreated>\n<EventRecordID>53</EventRecordID>\n<Correlation ActivityID=\"\" RelatedActivityID=\"\"></Correlation>\n<Execution ProcessID=\"904\" ThreadID=\"2996\"></Execution>\n<Channel>Microsoft-Windows-ReadyBoost/Operational</Channel>\n<Computer>IACIS-HDD-2014</Computer>\n<Security UserID=\"S-1-5-18\"></Security>\n</System>\n<EventData><Data Name=\"RB_IoReadBytes\">301661184</Data>\n<Data Name=\"RB_CacheHitBytes\">125933568</Data>\n<Data Name=\"RB_PrefetchBytes\">154025984</Data>\n<Data Name=\"RB_CacheHitPercentage\">0.6191343325395714</Data>\n<Data Name=\"RB_IoReadCount\">14278</Data>\n<Data Name=\"RB_CacheHitCount\">8840</Data>\n<Data Name=\"RB_PrefetchReadCount\">4272</Data>\n<Data Name=\"RB_PrefetchDiskTimeUs\">31004237</Data>\n</EventData>\n</Event>\n"
  },
  {
    "EventID": 1016,
    "Timestamp": "2014-02-06 18:56:00.636036+00:00",
    "Computer": "IACIS-HDD-2014",
    "Channel": "Microsoft-Windows-ReadyBoost/Operational",
    "Level": "Information",
    "EventData": {
      "BootPlanTimestamp": "2014-02-06 13:55:09.267141+00:00",
      "ErrorCode": "0",
      "Duration (ms)": "51371",
      "Reason": "0"
    },
    "RawXml": "<Event xmlns=\"http://schemas.microsoft.com/win/2004/08/events/event\"><System><Provider Name=\"Microsoft-Windows-ReadyBoost\" Guid=\"{e6307a09-292c-497e-aad6-498f68e2b619}\"></Provider>\n<EventID Qualifiers=\"\">1016</EventID>\n<Version>1</Version>\n<Level>4</Level>\n<Task>1016</Task>\n<Opcode>0</Opcode>\n<Keywords>0x8000000000002000</Keywords>\n<TimeCreated SystemTime=\"2014-02-06 18:56:00.636036+00:00\"></TimeCreated>\n<EventRecordID>54</EventRecordID>\n<Correlation ActivityID=\"\" RelatedActivityID=\"\"></Correlation>\n<Execution ProcessID=\"904\" ThreadID=\"2996\"></Execution>\n<Channel>Microsoft-Windows-ReadyBoost/Operational</Channel>\n<Computer>IACIS-HDD-2014</Computer>\n<Security UserID=\"S-1-5-18\"></Security>\n</System>\n<EventData><Data Name=\"BootPlanTimestamp\">2014-02-06 13:55:09.267141+00:00</Data>\n<Data Name=\"ErrorCode\">0</Data>\n<Data Name=\"Duration (ms)\">51371</Data>\n<Data Name=\"Reason\">0</Data>\n</EventData>\n</Event>\n"
  },
  {
    "EventID": 1015,
    "Timestamp": "2014-02-07 12:36:04.590010+00:00",
    "Computer": "IACIS-HDD-2014",
    "Channel": "Microsoft-Windows-ReadyBoost/Operational",
    "Level": "Information",
    "EventData": {
      "RB_IoReadBytes": "227768832",
      "RB_CacheHitBytes": "140396032",
      "RB_PrefetchBytes": "169734144",
      "RB_CacheHitPercentage": "0.9220188125821787",
      "RB_IoReadCount": "9887",
      "RB_CacheHitCount": "9116",
      "RB_PrefetchReadCount": "4843",
      "RB_PrefetchDiskTimeUs": "33872041"
    },
    "RawXml": "<Event xmlns=\"http://schemas.microsoft.com/win/2004/08/events/event\"><System><Provider Name=\"Microsoft-Windows-ReadyBoost\" Guid=\"{e6307a09-292c-497e-aad6-498f68e2b619}\"></Provider>\n<EventID Qualifiers=\"\">1015</EventID>\n<Version>1</Version>\n<Level>4</Level>\n<Task>1016</Task>\n<Opcode>0</Opcode>\n<Keywords>0x8000000000002000</Keywords>\n<TimeCreated SystemTime=\"2014-02-07 12:36:04.590010+00:00\"></TimeCreated>\n<EventRecordID>55</EventRecordID>\n<Correlation ActivityID=\"\" RelatedActivityID=\"\"></Correlation>\n<Execution ProcessID=\"912\" ThreadID=\"1132\"></Execution>\n<Channel>Microsoft-Windows-ReadyBoost/Operational</Channel>\n<Computer>IACIS-HDD-2014</Computer>\n<Security UserID=\"S-1-5-18\"></Security>\n</System>\n<EventData><Data Name=\"RB_IoReadBytes\">227768832</Data>\n<Data Name=\"RB_CacheHitBytes\">140396032</Data>\n<Data Name=\"RB_PrefetchBytes\">169734144</Data>\n<Data Name=\"RB_CacheHitPercentage\">0.9220188125821787</Data>\n<Data Name=\"RB_IoReadCount\">9887</Data>\n<Data Name=\"RB_CacheHitCount\">9116</Data>\n<Data Name=\"RB_PrefetchReadCount\">4843</Data>\n<Data Name=\"RB_PrefetchDiskTimeUs\">33872041</Data>\n</EventData>\n</Event>\n"
  },
  {
    "EventID": 1016,
    "Timestamp": "2014-02-07 12:36:05.635210+00:00",
    "Computer": "IACIS-HDD-2014",
    "Channel": "Microsoft-Windows-ReadyBoost/Operational",
    "Level": "Information",
    "EventData": {
      "BootPlanTimestamp": "2014-02-07 07:35:32.412352+00:00",
      "ErrorCode": "0",
      "Duration (ms)": "33228",
      "Reason": "0"
    },
    "RawXml": "<Event xmlns=\"http://schemas.microsoft.com/win/2004/08/events/event\"><System><Provider Name=\"Microsoft-Windows-ReadyBoost\" Guid=\"{e6307a09-292c-497e-aad6-498f68e2b619}\"></Provider>\n<EventID Qualifiers=\"\">1016</EventID>\n<Version>1</Version>\n<Level>4</Level>\n<Task>1016</Task>\n<Opcode>0</Opcode>\n<Keywords>0x8000000000002000</Keywords>\n<TimeCreated SystemTime=\"2014-02-07 12:36:05.635210+00:00\"></TimeCreated>\n<EventRecordID>56</EventRecordID>\n<Correlation ActivityID=\"\" RelatedActivityID=\"\"></Correlation>\n<Execution ProcessID=\"912\" ThreadID=\"1132\"></Execution>\n<Channel>Microsoft-Windows-ReadyBoost/Operational</Channel>\n<Computer>IACIS-HDD-2014</Computer>\n<Security UserID=\"S-1-5-18\"></Security>\n</System>\n<EventData><Data Name=\"BootPlanTimestamp\">2014-02-07 07:35:32.412352+00:00</Data>\n<Data Name=\"ErrorCode\">0</Data>\n<Data Name=\"Duration (ms)\">33228</Data>\n<Data Name=\"Reason\">0</Data>\n</EventData>\n</Event>\n"
  },
  {
    "EventID": 1016,
    "Timestamp": "2014-02-07 13:11:27.032537+00:00",
    "Computer": "IACIS-HDD-2014",
    "Channel": "Microsoft-Windows-ReadyBoost/Operational",
    "Level": "Information",
    "EventData": {
      "BootPlanTimestamp": "2014-02-07 08:11:24.801733+00:00",
      "ErrorCode": "0",
      "Duration (ms)": "2231",
      "Reason": "1"
    },
    "RawXml": "<Event xmlns=\"http://schemas.microsoft.com/win/2004/08/events/event\"><System><Provider Name=\"Microsoft-Windows-ReadyBoost\" Guid=\"{e6307a09-292c-497e-aad6-498f68e2b619}\"></Provider>\n<EventID Qualifiers=\"\">1016</EventID>\n<Version>1</Version>\n<Level>4</Level>\n<Task>1016</Task>\n<Opcode>0</Opcode>\n<Keywords>0x8000000000002000</Keywords>\n<TimeCreated SystemTime=\"2014-02-07 13:11:27.032537+00:00\"></TimeCreated>\n<EventRecordID>57</EventRecordID>\n<Correlation ActivityID=\"\" RelatedActivityID=\"\"></Correlation>\n<Execution ProcessID=\"912\" ThreadID=\"3996\"></Execution>\n<Channel>Microsoft-Windows-ReadyBoost/Operational</Channel>\n<Computer>IACIS-HDD-2014</Computer>\n<Security UserID=\"S-1-5-18\"></Security>\n</System>\n<EventData><Data Name=\"BootPlanTimestamp\">2014-02-07 08:11:24.801733+00:00</Data>\n<Data Name=\"ErrorCode\">0</Data>\n<Data Name=\"Duration (ms)\">2231</Data>\n<Data Name=\"Reason\">1</Data>\n</EventData>\n</Event>\n"
  },
  {
    "EventID": 1016,
    "Timestamp": "2014-02-07 14:33:18.772123+00:00",
    "Computer": "IACIS-HDD-2014",
    "Channel": "Microsoft-Windows-ReadyBoost/Operational",
    "Level": "Information",
    "EventData": {
      "BootPlanTimestamp": "2014-02-07 09:33:07.836506+00:00",
      "ErrorCode": "0",
      "Duration (ms)": "10936",
      "Reason": "1"
    },
    "RawXml": "<Event xmlns=\"http://schemas.microsoft.com/win/2004/08/events/event\"><System><Provider Name=\"Microsoft-Windows-ReadyBoost\" Guid=\"{e6307a09-292c-497e-aad6-498f68e2b619}\"></Provider>\n<EventID Qualifiers=\"\">1016</EventID>\n<Version>1</Version>\n<Level>4</Level>\n<Task>1016</Task>\n<Opcode>0</Opcode>\n<Keywords>0x8000000000002000</Keywords>\n<TimeCreated SystemTime=\"2014-02-07 14:33:18.772123+00:00\"></TimeCreated>\n<EventRecordID>58</EventRecordID>\n<Correlation ActivityID=\"\" RelatedActivityID=\"\"></Correlation>\n<Execution ProcessID=\"912\" ThreadID=\"3816\"></Execution>\n<Channel>Microsoft-Windows-ReadyBoost/Operational</Channel>\n<Computer>IACIS-HDD-2014</Computer>\n<Security UserID=\"S-1-5-18\"></Security>\n</System>\n<EventData><Data Name=\"BootPlanTimestamp\">2014-02-07 09:33:07.836506+00:00</Data>\n<Data Name=\"ErrorCode\">0</Data>\n<Data Name=\"Duration (ms)\">10936</Data>\n<Data Name=\"Reason\">1</Data>\n</EventData>\n</Event>\n"
  },
  {
    "EventID": 1015,
    "Timestamp": "2014-02-07 16:52:49.215162+00:00",
    "Computer": "IACIS-HDD-2014",
    "Channel": "Microsoft-Windows-ReadyBoost/Operational",
    "Level": "Information",
    "EventData": {
      "RB_IoReadBytes": "272742912",
      "RB_CacheHitBytes": "146880512",
      "RB_PrefetchBytes": "159674368",
      "RB_CacheHitPercentage": "0.7961917600471817",
      "RB_IoReadCount": "11869",
      "RB_CacheHitCount": "9450",
      "RB_PrefetchReadCount": "4636",
      "RB_PrefetchDiskTimeUs": "33888728"
    },
    "RawXml": "<Event xmlns=\"http://schemas.microsoft.com/win/2004/08/events/event\"><System><Provider Name=\"Microsoft-Windows-ReadyBoost\" Guid=\"{e6307a09-292c-497e-aad6-498f68e2b619}\"></Provider>\n<EventID Qualifiers=\"\">1015</EventID>\n<Version>1</Version>\n<Level>4</Level>\n<Task>1016</Task>\n<Opcode>0</Opcode>\n<Keywords>0x8000000000002000</Keywords>\n<TimeCreated SystemTime=\"2014-02-07 16:52:49.215162+00:00\"></TimeCreated>\n<EventRecordID>59</EventRecordID>\n<Correlation ActivityID=\"\" RelatedActivityID=\"\"></Correlation>\n<Execution ProcessID=\"888\" ThreadID=\"1080\"></Execution>\n<Channel>Microsoft-Windows-ReadyBoost/Operational</Channel>\n<Computer>IACIS-HDD-2014</Computer>\n<Security UserID=\"S-1-5-18\"></Security>\n</System>\n<EventData><Data Name=\"RB_IoReadBytes\">272742912</Data>\n<Data Name=\"RB_CacheHitBytes\">146880512</Data>\n<Data Name=\"RB_PrefetchBytes\">159674368</Data>\n<Data Name=\"RB_CacheHitPercentage\">0.7961917600471817</Data>\n<Data Name=\"RB_IoReadCount\">11869</Data>\n<Data Name=\"RB_CacheHitCount\">9450</Data>\n<Data Name=\"RB_PrefetchReadCount\">4636</Data>\n<Data Name=\"RB_PrefetchDiskTimeUs\">33888728</Data>\n</EventData>\n</Event>\n"
  },
  {
    "EventID": 1016,
    "Timestamp": "2014-02-07 16:52:50.494366+00:00",
    "Computer": "IACIS-HDD-2014",
    "Channel": "Microsoft-Windows-ReadyBoost/Operational",
    "Level": "Information",
    "EventData": {
      "BootPlanTimestamp": "2014-02-07 11:52:43.926752+00:00",
      "ErrorCode": "0",
      "Duration (ms)": "6568",
      "Reason": "0"
    },
    "RawXml": "<Event xmlns=\"http://schemas.microsoft.com/win/2004/08/events/event\"><System><Provider Name=\"Microsoft-Windows-ReadyBoost\" Guid=\"{e6307a09-292c-497e-aad6-498f68e2b619}\"></Provider>\n<EventID Qualifiers=\"\">1016</EventID>\n<Version>1</Version>\n<Level>4</Level>\n<Task>1016</Task>\n<Opcode>0</Opcode>\n<Keywords>0x8000000000002000</Keywords>\n<TimeCreated SystemTime=\"2014-02-07 16:52:50.494366+00:00\"></TimeCreated>\n<EventRecordID>60</EventRecordID>\n<Correlation ActivityID=\"\" RelatedActivityID=\"\"></Correlation>\n<Execution ProcessID=\"888\" ThreadID=\"1080\"></Execution>\n<Channel>Microsoft-Windows-ReadyBoost/Operational</Channel>\n<Computer>IACIS-HDD-2014</Computer>\n<Security UserID=\"S-1-5-18\"></Security>\n</System>\n<EventData><Data Name=\"BootPlanTimestamp\">2014-02-07 11:52:43.926752+00:00</Data>\n<Data Name=\"ErrorCode\">0</Data>\n<Data Name=\"Duration (ms)\">6568</Data>\n<Data Name=\"Reason\">0</Data>\n</EventData>\n</Event>\n"
  },
  {
    "EventID": 1016,
    "Timestamp": "2014-02-07 17:30:42.419956+00:00",
    "Computer": "IACIS-HDD-2014",
    "Channel": "Microsoft-Windows-ReadyBoost/Operational",
    "Level": "Information",
    "EventData": {
      "BootPlanTimestamp": "2014-02-07 12:30:39.830351+00:00",
      "ErrorCode": "0",
      "Duration (ms)": "2558",
      "Reason": "1"
    },
    "RawXml": "<Event xmlns=\"http://schemas.microsoft.com/win/2004/08/events/event\"><System><Provider Name=\"Microsoft-Windows-ReadyBoost\" Guid=\"{e6307a09-292c-497e-aad6-498f68e2b619}\"></Provider>\n<EventID Qualifiers=\"\">1016</EventID>\n<Version>1</Version>\n<Level>4</Level>\n<Task>1016</Task>\n<Opcode>0</Opcode>\n<Keywords>0x8000000000002000</Keywords>\n<TimeCreated SystemTime=\"2014-02-07 17:30:42.419956+00:00\"></TimeCreated>\n<EventRecordID>61</EventRecordID>\n<Correlation ActivityID=\"\" RelatedActivityID=\"\"></Correlation>\n<Execution ProcessID=\"888\" ThreadID=\"2456\"></Execution>\n<Channel>Microsoft-Windows-ReadyBoost/Operational</Channel>\n<Computer>IACIS-HDD-2014</Computer>\n<Security UserID=\"S-1-5-18\"></Security>\n</System>\n<EventData><Data Name=\"BootPlanTimestamp\">2014-02-07 12:30:39.830351+00:00</Data>\n<Data Name=\"ErrorCode\">0</Data>\n<Data Name=\"Duration (ms)\">2558</Data>\n<Data Name=\"Reason\">1</Data>\n</EventData>\n</Event>\n"
  },
  {
    "EventID": 1015,
    "Timestamp": "2014-02-10 14:50:45.333139+00:00",
    "Computer": "IACIS-HDD-2014",
    "Channel": "Microsoft-Windows-ReadyBoost/Operational",
    "Level": "Information",
    "EventData": {
      "RB_IoReadBytes": "274798080",
      "RB_CacheHitBytes": "150135296",
      "RB_PrefetchBytes": "164446208",
      "RB_CacheHitPercentage": "0.8493604079076841",
      "RB_IoReadCount": "11179",
      "RB_CacheHitCount": "9495",
      "RB_PrefetchReadCount": "4851",
      "RB_PrefetchDiskTimeUs": "38284078"
    },
    "RawXml": "<Event xmlns=\"http://schemas.microsoft.com/win/2004/08/events/event\"><System><Provider Name=\"Microsoft-Windows-ReadyBoost\" Guid=\"{e6307a09-292c-497e-aad6-498f68e2b619}\"></Provider>\n<EventID Qualifiers=\"\">1015</EventID>\n<Version>1</Version>\n<Level>4</Level>\n<Task>1016</Task>\n<Opcode>0</Opcode>\n<Keywords>0x8000000000002000</Keywords>\n<TimeCreated SystemTime=\"2014-02-10 14:50:45.333139+00:00\"></TimeCreated>\n<EventRecordID>62</EventRecordID>\n<Correlation ActivityID=\"\" RelatedActivityID=\"\"></Correlation>\n<Execution ProcessID=\"904\" ThreadID=\"1984\"></Execution>\n<Channel>Microsoft-Windows-ReadyBoost/Operational</Channel>\n<Computer>IACIS-HDD-2014</Computer>\n<Security UserID=\"S-1-5-18\"></Security>\n</System>\n<EventData><Data Name=\"RB_IoReadBytes\">274798080</Data>\n<Data Name=\"RB_CacheHitBytes\">150135296</Data>\n<Data Name=\"RB_PrefetchBytes\">164446208</Data>\n<Data Name=\"RB_CacheHitPercentage\">0.8493604079076841</Data>\n<Data Name=\"RB_IoReadCount\">11179</Data>\n<Data Name=\"RB_CacheHitCount\">9495</Data>\n<Data Name=\"RB_PrefetchReadCount\">4851</Data>\n<Data Name=\"RB_PrefetchDiskTimeUs\">38284078</Data>\n</EventData>\n</Event>\n"
  },
  {
    "EventID": 1016,
    "Timestamp": "2014-02-10 14:50:46.705942+00:00",
    "Computer": "IACIS-HDD-2014",
    "Channel": "Microsoft-Windows-ReadyBoost/Operational",
    "Level": "Information",
    "EventData": {
      "BootPlanTimestamp": "2014-02-10 09:50:42.930735+00:00",
      "ErrorCode": "0",
      "Duration (ms)": "3775",
      "Reason": "0"
    },
    "RawXml": "<Event xmlns=\"http://schemas.microsoft.com/win/2004/08/events/event\"><System><Provider Name=\"Microsoft-Windows-ReadyBoost\" Guid=\"{e6307a09-292c-497e-aad6-498f68e2b619}\"></Provider>\n<EventID Qualifiers=\"\">1016</EventID>\n<Version>1</Version>\n<Level>4</Level>\n<Task>1016</Task>\n<Opcode>0</Opcode>\n<Keywords>0x8000000000002000</Keywords>\n<TimeCreated SystemTime=\"2014-02-10 14:50:46.705942+00:00\"></TimeCreated>\n<EventRecordID>63</EventRecordID>\n<Correlation ActivityID=\"\" RelatedActivityID=\"\"></Correlation>\n<Execution ProcessID=\"904\" ThreadID=\"1984\"></Execution>\n<Channel>Microsoft-Windows-ReadyBoost/Operational</Channel>\n<Computer>IACIS-HDD-2014</Computer>\n<Security UserID=\"S-1-5-18\"></Security>\n</System>\n<EventData><Data Name=\"BootPlanTimestamp\">2014-02-10 09:50:42.930735+00:00</Data>\n<Data Name=\"ErrorCode\">0</Data>\n<Data Name=\"Duration (ms)\">3775</Data>\n<Data Name=\"Reason\">0</Data>\n</EventData>\n</Event>\n"
  },
  {
    "EventID": 1016,
    "Timestamp": "2014-02-10 15:04:19.678600+00:00",
    "Computer": "IACIS-HDD-2014",
    "Channel": "Microsoft-Windows-ReadyBoost/Operational",
    "Level": "Information",
    "EventData": {
      "BootPlanTimestamp": "2014-02-10 10:04:07.608158+00:00",
      "ErrorCode": "0",
      "Duration (ms)": "12059",
      "Reason": "1"
    },
    "RawXml": "<Event xmlns=\"http://schemas.microsoft.com/win/2004/08/events/event\"><System><Provider Name=\"Microsoft-Windows-ReadyBoost\" Guid=\"{e6307a09-292c-497e-aad6-498f68e2b619}\"></Provider>\n<EventID Qualifiers=\"\">1016</EventID>\n<Version>1</Version>\n<Level>4</Level>\n<Task>1016</Task>\n<Opcode>0</Opcode>\n<Keywords>0x8000000000002000</Keywords>\n<TimeCreated SystemTime=\"2014-02-10 15:04:19.678600+00:00\"></TimeCreated>\n<EventRecordID>64</EventRecordID>\n<Correlation ActivityID=\"\" RelatedActivityID=\"\"></Correlation>\n<Execution ProcessID=\"904\" ThreadID=\"2836\"></Execution>\n<Channel>Microsoft-Windows-ReadyBoost/Operational</Channel>\n<Computer>IACIS-HDD-2014</Computer>\n<Security UserID=\"S-1-5-18\"></Security>\n</System>\n<EventData><Data Name=\"BootPlanTimestamp\">2014-02-10 10:04:07.608158+00:00</Data>\n<Data Name=\"ErrorCode\">0</Data>\n<Data Name=\"Duration (ms)\">12059</Data>\n<Data Name=\"Reason\">1</Data>\n</EventData>\n</Event>\n"
  },
  {
    "EventID": 1016,
    "Timestamp": "2014-02-10 15:45:19.534889+00:00",
    "Computer": "IACIS-HDD-2014",
    "Channel": "Microsoft-Windows-ReadyBoost/Operational",
    "Level": "Information",
    "EventData": {
      "BootPlanTimestamp": "2014-02-10 10:45:17.475685+00:00",
      "ErrorCode": "0",
      "Duration (ms)": "2059",
      "Reason": "1"
    },
    "RawXml": "<Event xmlns=\"http://schemas.microsoft.com/win/2004/08/events/event\"><System><Provider Name=\"Microsoft-Windows-ReadyBoost\" Guid=\"{e6307a09-292c-497e-aad6-498f68e2b619}\"></Provider>\n<EventID Qualifiers=\"\">1016</EventID>\n<Version>1</Version>\n<Level>4</Level>\n<Task>1016</Task>\n<Opcode>0</Opcode>\n<Keywords>0x8000000000002000</Keywords>\n<TimeCreated SystemTime=\"2014-02-10 15:45:19.534889+00:00\"></TimeCreated>\n<EventRecordID>65</EventRecordID>\n<Correlation ActivityID=\"\" RelatedActivityID=\"\"></Correlation>\n<Execution ProcessID=\"904\" ThreadID=\"3668\"></Execution>\n<Channel>Microsoft-Windows-ReadyBoost/Operational</Channel>\n<Computer>IACIS-HDD-2014</Computer>\n<Security UserID=\"S-1-5-18\"></Security>\n</System>\n<EventData><Data Name=\"BootPlanTimestamp\">2014-02-10 10:45:17.475685+00:00</Data>\n<Data Name=\"ErrorCode\">0</Data>\n<Data Name=\"Duration (ms)\">2059</Data>\n<Data Name=\"Reason\">1</Data>\n</EventData>\n</Event>\n"
  },
  {
    "EventID": 1015,
    "Timestamp": "2014-02-11 13:25:46.380764+00:00",
    "Computer": "IACIS-HDD-2014",
    "Channel": "Microsoft-Windows-ReadyBoost/Operational",
    "Level": "Information",
    "EventData": {
      "RB_IoReadBytes": "305385472",
      "RB_CacheHitBytes": "155502080",
      "RB_PrefetchBytes": "176218112",
      "RB_CacheHitPercentage": "0.7053735612613227",
      "RB_IoReadCount": "14683",
      "RB_CacheHitCount": "10357",
      "RB_PrefetchReadCount": "4901",
      "RB_PrefetchDiskTimeUs": "34202962"
    },
    "RawXml": "<Event xmlns=\"http://schemas.microsoft.com/win/2004/08/events/event\"><System><Provider Name=\"Microsoft-Windows-ReadyBoost\" Guid=\"{e6307a09-292c-497e-aad6-498f68e2b619}\"></Provider>\n<EventID Qualifiers=\"\">1015</EventID>\n<Version>1</Version>\n<Level>4</Level>\n<Task>1016</Task>\n<Opcode>0</Opcode>\n<Keywords>0x8000000000002000</Keywords>\n<TimeCreated SystemTime=\"2014-02-11 13:25:46.380764+00:00\"></TimeCreated>\n<EventRecordID>66</EventRecordID>\n<Correlation ActivityID=\"\" RelatedActivityID=\"\"></Correlation>\n<Execution ProcessID=\"912\" ThreadID=\"2924\"></Execution>\n<Channel>Microsoft-Windows-ReadyBoost/Operational</Channel>\n<Computer>IACIS-HDD-2014</Computer>\n<Security UserID=\"S-1-5-18\"></Security>\n</System>\n<EventData><Data Name=\"RB_IoReadBytes\">305385472</Data>\n<Data Name=\"RB_CacheHitBytes\">155502080</Data>\n<Data Name=\"RB_PrefetchBytes\">176218112</Data>\n<Data Name=\"RB_CacheHitPercentage\">0.7053735612613227</Data>\n<Data Name=\"RB_IoReadCount\">14683</Data>\n<Data Name=\"RB_CacheHitCount\">10357</Data>\n<Data Name=\"RB_PrefetchReadCount\">4901</Data>\n<Data Name=\"RB_PrefetchDiskTimeUs\">34202962</Data>\n</EventData>\n</Event>\n"
  },
  {
    "EventID": 1016,
    "Timestamp": "2014-02-11 13:25:47.550766+00:00",
    "Computer": "IACIS-HDD-2014",
    "Channel": "Microsoft-Windows-ReadyBoost/Operational",
    "Level": "Information",
    "EventData": {
      "BootPlanTimestamp": "2014-02-11 08:25:36.240747+00:00",
      "ErrorCode": "0",
      "Duration (ms)": "11310",
      "Reason": "0"
    },
    "RawXml": "<Event xmlns=\"http://schemas.microsoft.com/win/2004/08/events/event\"><System><Provider Name=\"Microsoft-Windows-ReadyBoost\" Guid=\"{e6307a09-292c-497e-aad6-498f68e2b619}\"></Provider>\n<EventID Qualifiers=\"\">1016</EventID>\n<Version>1</Version>\n<Level>4</Level>\n<Task>1016</Task>\n<Opcode>0</Opcode>\n<Keywords>0x8000000000002000</Keywords>\n<TimeCreated SystemTime=\"2014-02-11 13:25:47.550766+00:00\"></TimeCreated>\n<EventRecordID>67</EventRecordID>\n<Correlation ActivityID=\"\" RelatedActivityID=\"\"></Correlation>\n<Execution ProcessID=\"912\" ThreadID=\"2924\"></Execution>\n<Channel>Microsoft-Windows-ReadyBoost/Operational</Channel>\n<Computer>IACIS-HDD-2014</Computer>\n<Security UserID=\"S-1-5-18\"></Security>\n</System>\n<EventData><Data Name=\"BootPlanTimestamp\">2014-02-11 08:25:36.240747+00:00</Data>\n<Data Name=\"ErrorCode\">0</Data>\n<Data Name=\"Duration (ms)\">11310</Data>\n<Data Name=\"Reason\">0</Data>\n</EventData>\n</Event>\n"
  },
  {
    "EventID": 1016,
    "Timestamp": "2014-02-11 17:11:42.924086+00:00",
    "Computer": "IACIS-HDD-2014",
    "Channel": "Microsoft-Windows-ReadyBoost/Operational",
    "Level": "Information",
    "EventData": {
      "BootPlanTimestamp": "2014-02-11 12:11:38.836880+00:00",
      "ErrorCode": "0",
      "Duration (ms)": "4025",
      "Reason": "1"
    },
    "RawXml": "<Event xmlns=\"http://schemas.microsoft.com/win/2004/08/events/event\"><System><Provider Name=\"Microsoft-Windows-ReadyBoost\" Guid=\"{e6307a09-292c-497e-aad6-498f68e2b619}\"></Provider>\n<EventID Qualifiers=\"\">1016</EventID>\n<Version>1</Version>\n<Level>4</Level>\n<Task>1016</Task>\n<Opcode>0</Opcode>\n<Keywords>0x8000000000002000</Keywords>\n<TimeCreated SystemTime=\"2014-02-11 17:11:42.924086+00:00\"></TimeCreated>\n<EventRecordID>68</EventRecordID>\n<Correlation ActivityID=\"\" RelatedActivityID=\"\"></Correlation>\n<Execution ProcessID=\"912\" ThreadID=\"2836\"></Execution>\n<Channel>Microsoft-Windows-ReadyBoost/Operational</Channel>\n<Computer>IACIS-HDD-2014</Computer>\n<Security UserID=\"S-1-5-18\"></Security>\n</System>\n<EventData><Data Name=\"BootPlanTimestamp\">2014-02-11 12:11:38.836880+00:00</Data>\n<Data Name=\"ErrorCode\">0</Data>\n<Data Name=\"Duration (ms)\">4025</Data>\n<Data Name=\"Reason\">1</Data>\n</EventData>\n</Event>\n"
  },
  {
    "EventID": 1016,
    "Timestamp": "2014-02-11 17:14:15.476755+00:00",
    "Computer": "IACIS-HDD-2014",
    "Channel": "Microsoft-Windows-ReadyBoost/Operational",
    "Level": "Information",
    "EventData": {
      "BootPlanTimestamp": "2014-02-11 12:14:11.841948+00:00",
      "ErrorCode": "0",
      "Duration (ms)": "3635",
      "Reason": "1"
    },
    "RawXml": "<Event xmlns=\"http://schemas.microsoft.com/win/2004/08/events/event\"><System><Provider Name=\"Microsoft-Windows-ReadyBoost\" Guid=\"{e6307a09-292c-497e-aad6-498f68e2b619}\"></Provider>\n<EventID Qualifiers=\"\">1016</EventID>\n<Version>1</Version>\n<Level>4</Level>\n<Task>1016</Task>\n<Opcode>0</Opcode>\n<Keywords>0x8000000000002000</Keywords>\n<TimeCreated SystemTime=\"2014-02-11 17:14:15.476755+00:00\"></TimeCreated>\n<EventRecordID>69</EventRecordID>\n<Correlation ActivityID=\"\" RelatedActivityID=\"\"></Correlation>\n<Execution ProcessID=\"912\" ThreadID=\"2100\"></Execution>\n<Channel>Microsoft-Windows-ReadyBoost/Operational</Channel>\n<Computer>IACIS-HDD-2014</Computer>\n<Security UserID=\"S-1-5-18\"></Security>\n</System>\n<EventData><Data Name=\"BootPlanTimestamp\">2014-02-11 12:14:11.841948+00:00</Data>\n<Data Name=\"ErrorCode\">0</Data>\n<Data Name=\"Duration (ms)\">3635</Data>\n<Data Name=\"Reason\">1</Data>\n</EventData>\n</Event>\n"
  },
  {
    "EventID": 1015,
    "Timestamp": "2014-02-11 17:42:36.024977+00:00",
    "Computer": "IACIS-HDD-2014",
    "Channel": "Microsoft-Windows-ReadyBoost/Operational",
    "Level": "Information",
    "EventData": {
      "RB_IoReadBytes": "765781504",
      "RB_CacheHitBytes": "155575296",
      "RB_PrefetchBytes": "175853568",
      "RB_CacheHitPercentage": "0.37793509497441646",
      "RB_IoReadCount": "28534",
      "RB_CacheHitCount": "10784",
      "RB_PrefetchReadCount": "4921",
      "RB_PrefetchDiskTimeUs": "34128492"
    },
    "RawXml": "<Event xmlns=\"http://schemas.microsoft.com/win/2004/08/events/event\"><System><Provider Name=\"Microsoft-Windows-ReadyBoost\" Guid=\"{e6307a09-292c-497e-aad6-498f68e2b619}\"></Provider>\n<EventID Qualifiers=\"\">1015</EventID>\n<Version>1</Version>\n<Level>4</Level>\n<Task>1016</Task>\n<Opcode>0</Opcode>\n<Keywords>0x8000000000002000</Keywords>\n<TimeCreated SystemTime=\"2014-02-11 17:42:36.024977+00:00\"></TimeCreated>\n<EventRecordID>70</EventRecordID>\n<Correlation ActivityID=\"\" RelatedActivityID=\"\"></Correlation>\n<Execution ProcessID=\"924\" ThreadID=\"2876\"></Execution>\n<Channel>Microsoft-Windows-ReadyBoost/Operational</Channel>\n<Computer>IACIS-HDD-2014</Computer>\n<Security UserID=\"S-1-5-18\"></Security>\n</System>\n<EventData><Data Name=\"RB_IoReadBytes\">765781504</Data>\n<Data Name=\"RB_CacheHitBytes\">155575296</Data>\n<Data Name=\"RB_PrefetchBytes\">175853568</Data>\n<Data Name=\"RB_CacheHitPercentage\">0.37793509497441646</Data>\n<Data Name=\"RB_IoReadCount\">28534</Data>\n<Data Name=\"RB_CacheHitCount\">10784</Data>\n<Data Name=\"RB_PrefetchReadCount\">4921</Data>\n<Data Name=\"RB_PrefetchDiskTimeUs\">34128492</Data>\n</EventData>\n</Event>\n"
  },
