  {
    "EventID": 2004,
    "Timestamp": "2014-01-25 01:27:34.371456+00:00",
    "Computer": "IACIS-HDD-2014",
    "Channel": "Microsoft-Windows-Windows Firewall With Advanced Security/Firewall",
    "Level": "Information",
    "EventData": {
      "RuleId": "{CEB157B4-02EA-4542-9FC4-C6B42E4E2FD4}",
      "RuleName": "Windows Media Player Network Sharing Service (qWave-UDP-Out)",
      "Origin": "1",
      "ApplicationPath": "C:\\Windows\\system32\\svchost.exe",
      "ServiceName": "Qwave",
      "Direction": "2",
      "Protocol": "17",
      "LocalPorts": "*",
      "RemotePorts": "2177",
      "Action": "3",
      "Profiles": "2",
      "LocalAddresses": "*",
      "RemoteAddresses": "LocalSubnet",
      "RemoteMachineAuthorizationList": "",
      "RemoteUserAuthorizationList": "",
      "EmbeddedContext": "@FirewallAPI.dll,-31252",
      "Flags": "0",
      "Active": "0",
      "EdgeTraversal": "0",
      "LooseSourceMapped": "0",
      "SecurityOptions": "0",
      "ModifyingUser": "S-1-5-18",
      "ModifyingApplication": "C:\\Windows\\System32\\svchost.exe",
      "SchemaVersion": "522",
      "RuleStatus": "65536"
    },
    "RawXml": "<Event xmlns=\"http://schemas.microsoft.com/win/2004/08/events/event\"><System><Provider Name=\"Microsoft-Windows-Windows Firewall With Advanced Security\" Guid=\"{d1bc9aff-2abf-4d71-9146-ecb2a986eb85}\"></Provider>\n<EventID Qualifiers=\"\">2004</EventID>\n<Version>0</Version>\n<Level>4</Level>\n<Task>0</Task>\n<Opcode>0</Opcode>\n<Keywords>0x8000020000000000</Keywords>\n<TimeCreated SystemTime=\"2014-01-25 01:27:34.371456+00:00\"></TimeCreated>\n<EventRecordID>84</EventRecordID>\n<Correlation ActivityID=\"\" RelatedActivityID=\"\"></Correlation>\n<Execution ProcessID=\"1268\" ThreadID=\"1900\"></Execution>\n<Channel>Microsoft-Windows-Windows Firewall With Advanced Security/Firewall</Channel>\n<Computer>IACIS-HDD-2014</Computer>\n<Security UserID=\"S-1-5-19\"></Security>\n</System>\n<EventData><Data Name=\"RuleId\">{CEB157B4-02EA-4542-9FC4-C6B42E4E2FD4}</Data>\n<Data Name=\"RuleName\">Windows Media Player Network Sharing Service (qWave-UDP-Out)</Data>\n<Data Name=\"Origin\">1</Data>\n<Data Name=\"ApplicationPath\">C:\\Windows\\system32\\svchost.exe</Data>\n<Data Name=\"ServiceName\">Qwave</Data>\n<Data Name=\"Direction\">2</Data>\n<Data Name=\"Protocol\">17</Data>\n<Data Name=\"LocalPorts\">*</Data>\n<Data Name=\"RemotePorts\">2177</Data>\n<Data Name=\"Action\">3</Data>\n<Data Name=\"Profiles\">2</Data>\n<Data Name=\"LocalAddresses\">*</Data>\n<Data Name=\"RemoteAddresses\">LocalSubnet</Data>\n<Data Name=\"RemoteMachineAuthorizationList\"></Data>\n<Data Name=\"RemoteUserAuthorizationList\"></Data>\n<Data Name=\"EmbeddedContext\">@FirewallAPI.dll,-31252</Data>\n<Data Name=\"Flags\">0</Data>\n<Data Name=\"Active\">0</Data>\n<Data Name=\"EdgeTraversal\">0</Data>\n<Data Name=\"LooseSourceMapped\">0</Data>\n<Data Name=\"SecurityOptions\">0</Data>\n<Data Name=\"ModifyingUser\">S-1-5-18</Data>\n<Data Name=\"ModifyingApplication\">C:\\Windows\\System32\\svchost.exe</Data>\n<Data Name=\"SchemaVersion\">522</Data>\n<Data Name=\"RuleStatus\">65536</Data>\n</EventData>\n</Event>\n"
  },
  {
    "EventID": 2005,
    "Timestamp": "2014-01-25 01:27:34.371456+00:00",
    "Computer": "IACIS-HDD-2014",
    "Channel": "Microsoft-Windows-Windows Firewall With Advanced Security/Firewall",
    "Level": "Information",
    "EventData": {
      "RuleId": "{CEB157B4-02EA-4542-9FC4-C6B42E4E2FD4}",
      "RuleName": "Windows Media Player Network Sharing Service (qWave-UDP-Out)",
      "Origin": "1",
      "ApplicationPath": "C:\\Windows\\system32\\svchost.exe",
      "ServiceName": "Qwave",
      "Direction": "2",
      "Protocol": "17",
      "LocalPorts": "*",
      "RemotePorts": "2177",
      "Action": "3",
      "Profiles": "2",
      "LocalAddresses": "*",
      "RemoteAddresses": "LocalSubnet",
      "RemoteMachineAuthorizationList": "",
      "RemoteUserAuthorizationList": "",
      "EmbeddedContext": "@FirewallAPI.dll,-31252",
      "Flags": "1",
      "Active": "1",
      "EdgeTraversal": "0",
      "LooseSourceMapped": "0",
      "SecurityOptions": "0",
      "ModifyingUser": "S-1-5-18",
      "ModifyingApplication": "C:\\Windows\\System32\\svchost.exe",
      "SchemaVersion": "522",
      "RuleStatus": "65536"
    },
    "RawXml": "<Event xmlns=\"http://schemas.microsoft.com/win/2004/08/events/event\"><System><Provider Name=\"Microsoft-Windows-Windows Firewall With Advanced Security\" Guid=\"{d1bc9aff-2abf-4d71-9146-ecb2a986eb85}\"></Provider>\n<EventID Qualifiers=\"\">2005</EventID>\n<Version>0</Version>\n<Level>4</Level>\n<Task>0</Task>\n<Opcode>0</Opcode>\n<Keywords>0x8000020000000000</Keywords>\n<TimeCreated SystemTime=\"2014-01-25 01:27:34.371456+00:00\"></TimeCreated>\n<EventRecordID>85</EventRecordID>\n<Correlation ActivityID=\"\" RelatedActivityID=\"\"></Correlation>\n<Execution ProcessID=\"1268\" ThreadID=\"1284\"></Execution>\n<Channel>Microsoft-Windows-Windows Firewall With Advanced Security/Firewall</Channel>\n<Computer>IACIS-HDD-2014</Computer>\n<Security UserID=\"S-1-5-19\"></Security>\n</System>\n<EventData><Data Name=\"RuleId\">{CEB157B4-02EA-4542-9FC4-C6B42E4E2FD4}</Data>\n<Data Name=\"RuleName\">Windows Media Player Network Sharing Service (qWave-UDP-Out)</Data>\n<Data Name=\"Origin\">1</Data>\n<Data Name=\"ApplicationPath\">C:\\Windows\\system32\\svchost.exe</Data>\n<Data Name=\"ServiceName\">Qwave</Data>\n<Data Name=\"Direction\">2</Data>\n<Data Name=\"Protocol\">17</Data>\n<Data Name=\"LocalPorts\">*</Data>\n<Data Name=\"RemotePorts\">2177</Data>\n<Data Name=\"Action\">3</Data>\n<Data Name=\"Profiles\">2</Data>\n<Data Name=\"LocalAddresses\">*</Data>\n<Data Name=\"RemoteAddresses\">LocalSubnet</Data>\n<Data Name=\"RemoteMachineAuthorizationList\"></Data>\n<Data Name=\"RemoteUserAuthorizationList\"></Data>\n<Data Name=\"EmbeddedContext\">@FirewallAPI.dll,-31252</Data>\n<Data Name=\"Flags\">1</Data>\n<Data Name=\"Active\">1</Data>\n<Data Name=\"EdgeTraversal\">0</Data>\n<Data Name=\"LooseSourceMapped\">0</Data>\n<Data Name=\"SecurityOptions\">0</Data>\n<Data Name=\"ModifyingUser\">S-1-5-18</Data>\n<Data Name=\"ModifyingApplication\">C:\\Windows\\System32\\svchost.exe</Data>\n<Data Name=\"SchemaVersion\">522</Data>\n<Data Name=\"RuleStatus\">65536</Data>\n</EventData>\n</Event>\n"
  },
  {
    "EventID": 2005,
    "Timestamp": "2014-01-25 01:27:34.371456+00:00",
    "Computer": "IACIS-HDD-2014",
    "Channel": "Microsoft-Windows-Windows Firewall With Advanced Security/Firewall",
    "Level": "Information",
    "EventData": {
      "RuleId": "WMPNSS-QWave-In-TCP",
      "RuleName": "Windows Media Player Network Sharing Service (qWave-TCP-In)",
      "Origin": "1",
      "ApplicationPath": "C:\\Windows\\system32\\svchost.exe",
      "ServiceName": "Qwave",
      "Direction": "1",
      "Protocol": "6",
      "LocalPorts": "2177",
      "RemotePorts": "*",
      "Action": "3",
      "Profiles": "4",
      "LocalAddresses": "*",
      "RemoteAddresses": "LocalSubnet",
      "RemoteMachineAuthorizationList": "",
      "RemoteUserAuthorizationList": "",
      "EmbeddedContext": "@FirewallAPI.dll,-31252",
      "Flags": "0",
      "Active": "0",
      "EdgeTraversal": "0",
      "LooseSourceMapped": "0",
      "SecurityOptions": "0",
      "ModifyingUser": "S-1-5-18",
      "ModifyingApplication": "C:\\Windows\\System32\\svchost.exe",
      "SchemaVersion": "522",
      "RuleStatus": "65536"
    },
    "RawXml": "<Event xmlns=\"http://schemas.microsoft.com/win/2004/08/events/event\"><System><Provider Name=\"Microsoft-Windows-Windows Firewall With Advanced Security\" Guid=\"{d1bc9aff-2abf-4d71-9146-ecb2a986eb85}\"></Provider>\n<EventID Qualifiers=\"\">2005</EventID>\n<Version>0</Version>\n<Level>4</Level>\n<Task>0</Task>\n<Opcode>0</Opcode>\n<Keywords>0x8000020000000000</Keywords>\n<TimeCreated SystemTime=\"2014-01-25 01:27:34.371456+00:00\"></TimeCreated>\n<EventRecordID>86</EventRecordID>\n<Correlation ActivityID=\"\" RelatedActivityID=\"\"></Correlation>\n<Execution ProcessID=\"1268\" ThreadID=\"2532\"></Execution>\n<Channel>Microsoft-Windows-Windows Firewall With Advanced Security/Firewall</Channel>\n<Computer>IACIS-HDD-2014</Computer>\n<Security UserID=\"S-1-5-19\"></Security>\n</System>\n<EventData><Data Name=\"RuleId\">WMPNSS-QWave-In-TCP</Data>\n<Data Name=\"RuleName\">Windows Media Player Network Sharing Service (qWave-TCP-In)</Data>\n<Data Name=\"Origin\">1</Data>\n<Data Name=\"ApplicationPath\">C:\\Windows\\system32\\svchost.exe</Data>\n<Data Name=\"ServiceName\">Qwave</Data>\n<Data Name=\"Direction\">1</Data>\n<Data Name=\"Protocol\">6</Data>\n<Data Name=\"LocalPorts\">2177</Data>\n<Data Name=\"RemotePorts\">*</Data>\n<Data Name=\"Action\">3</Data>\n<Data Name=\"Profiles\">4</Data>\n<Data Name=\"LocalAddresses\">*</Data>\n<Data Name=\"RemoteAddresses\">LocalSubnet</Data>\n<Data Name=\"RemoteMachineAuthorizationList\"></Data>\n<Data Name=\"RemoteUserAuthorizationList\"></Data>\n<Data Name=\"EmbeddedContext\">@FirewallAPI.dll,-31252</Data>\n<Data Name=\"Flags\">0</Data>\n<Data Name=\"Active\">0</Data>\n<Data Name=\"EdgeTraversal\">0</Data>\n<Data Name=\"LooseSourceMapped\">0</Data>\n<Data Name=\"SecurityOptions\">0</Data>\n<Data Name=\"ModifyingUser\">S-1-5-18</Data>\n<Data Name=\"ModifyingApplication\">C:\\Windows\\System32\\svchost.exe</Data>\n<Data Name=\"SchemaVersion\">522</Data>\n<Data Name=\"RuleStatus\">65536</Data>\n</EventData>\n</Event>\n"
  },
  {
    "EventID": 2004,
    "Timestamp": "2014-01-25 01:27:34.371456+00:00",
    "Computer": "IACIS-HDD-2014",
    "Channel": "Microsoft-Windows-Windows Firewall With Advanced Security/Firewall",
    "Level": "Information",
    "EventData": {
      "RuleId": "{ABBFFB64-A83E-4DA7-8E7D-FB5DFBABA14D}",
      "RuleName": "Windows Media Player Network Sharing Service (qWave-TCP-In)",
      "Origin": "1",
      "ApplicationPath": "C:\\Windows\\system32\\svchost.exe",
      "ServiceName": "Qwave",
      "Direction": "1",
      "Protocol": "6",
      "LocalPorts": "2177",
      "RemotePorts": "*",
      "Action": "3",
      "Profiles": "2",
      "LocalAddresses": "*",
      "RemoteAddresses": "LocalSubnet",
      "RemoteMachineAuthorizationList": "",
      "RemoteUserAuthorizationList": "",
      "EmbeddedContext": "@FirewallAPI.dll,-31252",
      "Flags": "0",
      "Active": "0",
      "EdgeTraversal": "0",
      "LooseSourceMapped": "0",
      "SecurityOptions": "0",
      "ModifyingUser": "S-1-5-18",
      "ModifyingApplication": "C:\\Windows\\System32\\svchost.exe",
      "SchemaVersion": "522",
      "RuleStatus": "65536"
    },
    "RawXml": "<Event xmlns=\"http://schemas.microsoft.com/win/2004/08/events/event\"><System><Provider Name=\"Microsoft-Windows-Windows Firewall With Advanced Security\" Guid=\"{d1bc9aff-2abf-4d71-9146-ecb2a986eb85}\"></Provider>\n<EventID Qualifiers=\"\">2004</EventID>\n<Version>0</Version>\n<Level>4</Level>\n<Task>0</Task>\n<Opcode>0</Opcode>\n<Keywords>0x8000020000000000</Keywords>\n<TimeCreated SystemTime=\"2014-01-25 01:27:34.371456+00:00\"></TimeCreated>\n<EventRecordID>87</EventRecordID>\n<Correlation ActivityID=\"\" RelatedActivityID=\"\"></Correlation>\n<Execution ProcessID=\"1268\" ThreadID=\"1060\"></Execution>\n<Channel>Microsoft-Windows-Windows Firewall With Advanced Security/Firewall</Channel>\n<Computer>IACIS-HDD-2014</Computer>\n<Security UserID=\"S-1-5-19\"></Security>\n</System>\n<EventData><Data Name=\"RuleId\">{ABBFFB64-A83E-4DA7-8E7D-FB5DFBABA14D}</Data>\n<Data Name=\"RuleName\">Windows Media Player Network Sharing Service (qWave-TCP-In)</Data>\n<Data Name=\"Origin\">1</Data>\n<Data Name=\"ApplicationPath\">C:\\Windows\\system32\\svchost.exe</Data>\n<Data Name=\"ServiceName\">Qwave</Data>\n<Data Name=\"Direction\">1</Data>\n<Data Name=\"Protocol\">6</Data>\n<Data Name=\"LocalPorts\">2177</Data>\n<Data Name=\"RemotePorts\">*</Data>\n<Data Name=\"Action\">3</Data>\n<Data Name=\"Profiles\">2</Data>\n<Data Name=\"LocalAddresses\">*</Data>\n<Data Name=\"RemoteAddresses\">LocalSubnet</Data>\n<Data Name=\"RemoteMachineAuthorizationList\"></Data>\n<Data Name=\"RemoteUserAuthorizationList\"></Data>\n<Data Name=\"EmbeddedContext\">@FirewallAPI.dll,-31252</Data>\n<Data Name=\"Flags\">0</Data>\n<Data Name=\"Active\">0</Data>\n<Data Name=\"EdgeTraversal\">0</Data>\n<Data Name=\"LooseSourceMapped\">0</Data>\n<Data Name=\"SecurityOptions\">0</Data>\n<Data Name=\"ModifyingUser\">S-1-5-18</Data>\n<Data Name=\"ModifyingApplication\">C:\\Windows\\System32\\svchost.exe</Data>\n<Data Name=\"SchemaVersion\">522</Data>\n<Data Name=\"RuleStatus\">65536</Data>\n</EventData>\n</Event>\n"
  },
  {
    "EventID": 2005,
    "Timestamp": "2014-01-25 01:27:34.387056+00:00",
    "Computer": "IACIS-HDD-2014",
    "Channel": "Microsoft-Windows-Windows Firewall With Advanced Security/Firewall",
    "Level": "Information",
    "EventData": {
      "RuleId": "{ABBFFB64-A83E-4DA7-8E7D-FB5DFBABA14D}",
      "RuleName": "Windows Media Player Network Sharing Service (qWave-TCP-In)",
      "Origin": "1",
      "ApplicationPath": "C:\\Windows\\system32\\svchost.exe",
      "ServiceName": "Qwave",
      "Direction": "1",
      "Protocol": "6",
      "LocalPorts": "2177",
      "RemotePorts": "*",
      "Action": "3",
      "Profiles": "2",
      "LocalAddresses": "*",
      "RemoteAddresses": "LocalSubnet",
      "RemoteMachineAuthorizationList": "",
      "RemoteUserAuthorizationList": "",
      "EmbeddedContext": "@FirewallAPI.dll,-31252",
      "Flags": "1",
      "Active": "1",
      "EdgeTraversal": "0",
      "LooseSourceMapped": "0",
      "SecurityOptions": "0",
      "ModifyingUser": "S-1-5-18",
      "ModifyingApplication": "C:\\Windows\\System32\\svchost.exe",
      "SchemaVersion": "522",
      "RuleStatus": "65536"
    },
    "RawXml": "<Event xmlns=\"http://schemas.microsoft.com/win/2004/08/events/event\"><System><Provider Name=\"Microsoft-Windows-Windows Firewall With Advanced Security\" Guid=\"{d1bc9aff-2abf-4d71-9146-ecb2a986eb85}\"></Provider>\n<EventID Qualifiers=\"\">2005</EventID>\n<Version>0</Version>\n<Level>4</Level>\n<Task>0</Task>\n<Opcode>0</Opcode>\n<Keywords>0x8000020000000000</Keywords>\n<TimeCreated SystemTime=\"2014-01-25 01:27:34.387056+00:00\"></TimeCreated>\n<EventRecordID>88</EventRecordID>\n<Correlation ActivityID=\"\" RelatedActivityID=\"\"></Correlation>\n<Execution ProcessID=\"1268\" ThreadID=\"2532\"></Execution>\n<Channel>Microsoft-Windows-Windows Firewall With Advanced Security/Firewall</Channel>\n<Computer>IACIS-HDD-2014</Computer>\n<Security UserID=\"S-1-5-19\"></Security>\n</System>\n<EventData><Data Name=\"RuleId\">{ABBFFB64-A83E-4DA7-8E7D-FB5DFBABA14D}</Data>\n<Data Name=\"RuleName\">Windows Media Player Network Sharing Service (qWave-TCP-In)</Data>\n<Data Name=\"Origin\">1</Data>\n<Data Name=\"ApplicationPath\">C:\\Windows\\system32\\svchost.exe</Data>\n<Data Name=\"ServiceName\">Qwave</Data>\n<Data Name=\"Direction\">1</Data>\n<Data Name=\"Protocol\">6</Data>\n<Data Name=\"LocalPorts\">2177</Data>\n<Data Name=\"RemotePorts\">*</Data>\n<Data Name=\"Action\">3</Data>\n<Data Name=\"Profiles\">2</Data>\n<Data Name=\"LocalAddresses\">*</Data>\n<Data Name=\"RemoteAddresses\">LocalSubnet</Data>\n<Data Name=\"RemoteMachineAuthorizationList\"></Data>\n<Data Name=\"RemoteUserAuthorizationList\"></Data>\n<Data Name=\"EmbeddedContext\">@FirewallAPI.dll,-31252</Data>\n<Data Name=\"Flags\">1</Data>\n<Data Name=\"Active\">1</Data>\n<Data Name=\"EdgeTraversal\">0</Data>\n<Data Name=\"LooseSourceMapped\">0</Data>\n<Data Name=\"SecurityOptions\">0</Data>\n<Data Name=\"ModifyingUser\">S-1-5-18</Data>\n<Data Name=\"ModifyingApplication\">C:\\Windows\\System32\\svchost.exe</Data>\n<Data Name=\"SchemaVersion\">522</Data>\n<Data Name=\"RuleStatus\">65536</Data>\n</EventData>\n</Event>\n"
  },
  {
    "EventID": 2005,
    "Timestamp": "2014-01-25 01:27:34.387056+00:00",
    "Computer": "IACIS-HDD-2014",
    "Channel": "Microsoft-Windows-Windows Firewall With Advanced Security/Firewall",
    "Level": "Information",
    "EventData": {
      "RuleId": "WMPNSS-QWave-Out-TCP",
      "RuleName": "Windows Media Player Network Sharing Service (qWave-TCP-Out)",
      "Origin": "1",
      "ApplicationPath": "C:\\Windows\\system32\\svchost.exe",
      "ServiceName": "Qwave",
      "Direction": "2",
      "Protocol": "6",
      "LocalPorts": "*",
      "RemotePorts": "2177",
      "Action": "3",
      "Profiles": "4",
      "LocalAddresses": "*",
      "RemoteAddresses": "LocalSubnet",
      "RemoteMachineAuthorizationList": "",
      "RemoteUserAuthorizationList": "",
      "EmbeddedContext": "@FirewallAPI.dll,-31252",
      "Flags": "0",
      "Active": "0",
      "EdgeTraversal": "0",
      "LooseSourceMapped": "0",
      "SecurityOptions": "0",
      "ModifyingUser": "S-1-5-18",
      "ModifyingApplication": "C:\\Windows\\System32\\svchost.exe",
      "SchemaVersion": "522",
      "RuleStatus": "65536"
    },
    "RawXml": "<Event xmlns=\"http://schemas.microsoft.com/win/2004/08/events/event\"><System><Provider Name=\"Microsoft-Windows-Windows Firewall With Advanced Security\" Guid=\"{d1bc9aff-2abf-4d71-9146-ecb2a986eb85}\"></Provider>\n<EventID Qualifiers=\"\">2005</EventID>\n<Version>0</Version>\n<Level>4</Level>\n<Task>0</Task>\n<Opcode>0</Opcode>\n<Keywords>0x8000020000000000</Keywords>\n<TimeCreated SystemTime=\"2014-01-25 01:27:34.387056+00:00\"></TimeCreated>\n<EventRecordID>89</EventRecordID>\n<Correlation ActivityID=\"\" RelatedActivityID=\"\"></Correlation>\n<Execution ProcessID=\"1268\" ThreadID=\"2532\"></Execution>\n<Channel>Microsoft-Windows-Windows Firewall With Advanced Security/Firewall</Channel>\n<Computer>IACIS-HDD-2014</Computer>\n<Security UserID=\"S-1-5-19\"></Security>\n</System>\n<EventData><Data Name=\"RuleId\">WMPNSS-QWave-Out-TCP</Data>\n<Data Name=\"RuleName\">Windows Media Player Network Sharing Service (qWave-TCP-Out)</Data>\n<Data Name=\"Origin\">1</Data>\n<Data Name=\"ApplicationPath\">C:\\Windows\\system32\\svchost.exe</Data>\n<Data Name=\"ServiceName\">Qwave</Data>\n<Data Name=\"Direction\">2</Data>\n<Data Name=\"Protocol\">6</Data>\n<Data Name=\"LocalPorts\">*</Data>\n<Data Name=\"RemotePorts\">2177</Data>\n<Data Name=\"Action\">3</Data>\n<Data Name=\"Profiles\">4</Data>\n<Data Name=\"LocalAddresses\">*</Data>\n<Data Name=\"RemoteAddresses\">LocalSubnet</Data>\n<Data Name=\"RemoteMachineAuthorizationList\"></Data>\n<Data Name=\"RemoteUserAuthorizationList\"></Data>\n<Data Name=\"EmbeddedContext\">@FirewallAPI.dll,-31252</Data>\n<Data Name=\"Flags\">0</Data>\n<Data Name=\"Active\">0</Data>\n<Data Name=\"EdgeTraversal\">0</Data>\n<Data Name=\"LooseSourceMapped\">0</Data>\n<Data Name=\"SecurityOptions\">0</Data>\n<Data Name=\"ModifyingUser\">S-1-5-18</Data>\n<Data Name=\"ModifyingApplication\">C:\\Windows\\System32\\svchost.exe</Data>\n<Data Name=\"SchemaVersion\">522</Data>\n<Data Name=\"RuleStatus\">65536</Data>\n</EventData>\n</Event>\n"
  },
  {
    "EventID": 2004,
    "Timestamp": "2014-01-25 01:27:34.387056+00:00",
    "Computer": "IACIS-HDD-2014",
    "Channel": "Microsoft-Windows-Windows Firewall With Advanced Security/Firewall",
    "Level": "Information",
    "EventData": {
      "RuleId": "{A8484F4A-51A3-4708-BD1E-7459336AAAA4}",
      "RuleName": "Windows Media Player Network Sharing Service (qWave-TCP-Out)",
      "Origin": "1",
      "ApplicationPath": "C:\\Windows\\system32\\svchost.exe",
      "ServiceName": "Qwave",
      "Direction": "2",
      "Protocol": "6",
      "LocalPorts": "*",
      "RemotePorts": "2177",
      "Action": "3",
      "Profiles": "2",
      "LocalAddresses": "*",
      "RemoteAddresses": "LocalSubnet",
      "RemoteMachineAuthorizationList": "",
      "RemoteUserAuthorizationList": "",
      "EmbeddedContext": "@FirewallAPI.dll,-31252",
      "Flags": "0",
      "Active": "0",
      "EdgeTraversal": "0",
      "LooseSourceMapped": "0",
      "SecurityOptions": "0",
      "ModifyingUser": "S-1-5-18",
      "ModifyingApplication": "C:\\Windows\\System32\\svchost.exe",
      "SchemaVersion": "522",
      "RuleStatus": "65536"
    },
    "RawXml": "<Event xmlns=\"http://schemas.microsoft.com/win/2004/08/events/event\"><System><Provider Name=\"Microsoft-Windows-Windows Firewall With Advanced Security\" Guid=\"{d1bc9aff-2abf-4d71-9146-ecb2a986eb85}\"></Provider>\n<EventID Qualifiers=\"\">2004</EventID>\n<Version>0</Version>\n<Level>4</Level>\n<Task>0</Task>\n<Opcode>0</Opcode>\n<Keywords>0x8000020000000000</Keywords>\n<TimeCreated SystemTime=\"2014-01-25 01:27:34.387056+00:00\"></TimeCreated>\n<EventRecordID>90</EventRecordID>\n<Correlation ActivityID=\"\" RelatedActivityID=\"\"></Correlation>\n<Execution ProcessID=\"1268\" ThreadID=\"2532\"></Execution>\n<Channel>Microsoft-Windows-Windows Firewall With Advanced Security/Firewall</Channel>\n<Computer>IACIS-HDD-2014</Computer>\n<Security UserID=\"S-1-5-19\"></Security>\n</System>\n<EventData><Data Name=\"RuleId\">{A8484F4A-51A3-4708-BD1E-7459336AAAA4}</Data>\n<Data Name=\"RuleName\">Windows Media Player Network Sharing Service (qWave-TCP-Out)</Data>\n<Data Name=\"Origin\">1</Data>\n<Data Name=\"ApplicationPath\">C:\\Windows\\system32\\svchost.exe</Data>\n<Data Name=\"ServiceName\">Qwave</Data>\n<Data Name=\"Direction\">2</Data>\n<Data Name=\"Protocol\">6</Data>\n<Data Name=\"LocalPorts\">*</Data>\n<Data Name=\"RemotePorts\">2177</Data>\n<Data Name=\"Action\">3</Data>\n<Data Name=\"Profiles\">2</Data>\n<Data Name=\"LocalAddresses\">*</Data>\n<Data Name=\"RemoteAddresses\">LocalSubnet</Data>\n<Data Name=\"RemoteMachineAuthorizationList\"></Data>\n<Data Name=\"RemoteUserAuthorizationList\"></Data>\n<Data Name=\"EmbeddedContext\">@FirewallAPI.dll,-31252</Data>\n<Data Name=\"Flags\">0</Data>\n<Data Name=\"Active\">0</Data>\n<Data Name=\"EdgeTraversal\">0</Data>\n<Data Name=\"LooseSourceMapped\">0</Data>\n<Data Name=\"SecurityOptions\">0</Data>\n<Data Name=\"ModifyingUser\">S-1-5-18</Data>\n<Data Name=\"ModifyingApplication\">C:\\Windows\\System32\\svchost.exe</Data>\n<Data Name=\"SchemaVersion\">522</Data>\n<Data Name=\"RuleStatus\">65536</Data>\n</EventData>\n</Event>\n"
  },
  {
    "EventID": 2005,
    "Timestamp": "2014-01-25 01:27:34.387056+00:00",
    "Computer": "IACIS-HDD-2014",
    "Channel": "Microsoft-Windows-Windows Firewall With Advanced Security/Firewall",
    "Level": "Information",
    "EventData": {
      "RuleId": "{A8484F4A-51A3-4708-BD1E-7459336AAAA4}",
      "RuleName": "Windows Media Player Network Sharing Service (qWave-TCP-Out)",
      "Origin": "1",
      "ApplicationPath": "C:\\Windows\\system32\\svchost.exe",
      "ServiceName": "Qwave",
      "Direction": "2",
      "Protocol": "6",
      "LocalPorts": "*",
      "RemotePorts": "2177",
      "Action": "3",
      "Profiles": "2",
      "LocalAddresses": "*",
      "RemoteAddresses": "LocalSubnet",
      "RemoteMachineAuthorizationList": "",
      "RemoteUserAuthorizationList": "",
      "EmbeddedContext": "@FirewallAPI.dll,-31252",
      "Flags": "1",
      "Active": "1",
      "EdgeTraversal": "0",
      "LooseSourceMapped": "0",
      "SecurityOptions": "0",
      "ModifyingUser": "S-1-5-18",
      "ModifyingApplication": "C:\\Windows\\System32\\svchost.exe",
      "SchemaVersion": "522",
      "RuleStatus": "65536"
    },
    "RawXml": "<Event xmlns=\"http://schemas.microsoft.com/win/2004/08/events/event\"><System><Provider Name=\"Microsoft-Windows-Windows Firewall With Advanced Security\" Guid=\"{d1bc9aff-2abf-4d71-9146-ecb2a986eb85}\"></Provider>\n<EventID Qualifiers=\"\">2005</EventID>\n<Version>0</Version>\n<Level>4</Level>\n<Task>0</Task>\n<Opcode>0</Opcode>\n<Keywords>0x8000020000000000</Keywords>\n<TimeCreated SystemTime=\"2014-01-25 01:27:34.387056+00:00\"></TimeCreated>\n<EventRecordID>91</EventRecordID>\n<Correlation ActivityID=\"\" RelatedActivityID=\"\"></Correlation>\n<Execution ProcessID=\"1268\" ThreadID=\"2532\"></Execution>\n<Channel>Microsoft-Windows-Windows Firewall With Advanced Security/Firewall</Channel>\n<Computer>IACIS-HDD-2014</Computer>\n<Security UserID=\"S-1-5-19\"></Security>\n</System>\n<EventData><Data Name=\"RuleId\">{A8484F4A-51A3-4708-BD1E-7459336AAAA4}</Data>\n<Data Name=\"RuleName\">Windows Media Player Network Sharing Service (qWave-TCP-Out)</Data>\n<Data Name=\"Origin\">1</Data>\n<Data Name=\"ApplicationPath\">C:\\Windows\\system32\\svchost.exe</Data>\n<Data Name=\"ServiceName\">Qwave</Data>\n<Data Name=\"Direction\">2</Data>\n<Data Name=\"Protocol\">6</Data>\n<Data Name=\"LocalPorts\">*</Data>\n<Data Name=\"RemotePorts\">2177</Data>\n<Data Name=\"Action\">3</Data>\n<Data Name=\"Profiles\">2</Data>\n<Data Name=\"LocalAddresses\">*</Data>\n<Data Name=\"RemoteAddresses\">LocalSubnet</Data>\n<Data Name=\"RemoteMachineAuthorizationList\"></Data>\n<Data Name=\"RemoteUserAuthorizationList\"></Data>\n<Data Name=\"EmbeddedContext\">@FirewallAPI.dll,-31252</Data>\n<Data Name=\"Flags\">1</Data>\n<Data Name=\"Active\">1</Data>\n<Data Name=\"EdgeTraversal\">0</Data>\n<Data Name=\"LooseSourceMapped\">0</Data>\n<Data Name=\"SecurityOptions\">0</Data>\n<Data Name=\"ModifyingUser\">S-1-5-18</Data>\n<Data Name=\"ModifyingApplication\">C:\\Windows\\System32\\svchost.exe</Data>\n<Data Name=\"SchemaVersion\">522</Data>\n<Data Name=\"RuleStatus\">65536</Data>\n</EventData>\n</Event>\n"
  },
  {
    "EventID": 2005,
    "Timestamp": "2014-01-25 01:27:34.387056+00:00",
    "Computer": "IACIS-HDD-2014",
    "Channel": "Microsoft-Windows-Windows Firewall With Advanced Security/Firewall",
    "Level": "Information",
    "EventData": {
      "RuleId": "WMPNSS-SSDPSrv-In-UDP",
      "RuleName": "Windows Media Player Network Sharing Service (SSDP-In)",
      "Origin": "1",
      "ApplicationPath": "C:\\Windows\\system32\\svchost.exe",
      "ServiceName": "ssdpsrv",
      "Direction": "1",
      "Protocol": "17",
      "LocalPorts": "1900",
      "RemotePorts": "*",
      "Action": "3",
      "Profiles": "5",
      "LocalAddresses": "*",
      "RemoteAddresses": "LocalSubnet",
      "RemoteMachineAuthorizationList": "",
      "RemoteUserAuthorizationList": "",
      "EmbeddedContext": "@FirewallAPI.dll,-31252",
      "Flags": "0",
      "Active": "0",
      "EdgeTraversal": "0",
      "LooseSourceMapped": "0",
      "SecurityOptions": "0",
      "ModifyingUser": "S-1-5-18",
      "ModifyingApplication": "C:\\Windows\\System32\\svchost.exe",
      "SchemaVersion": "522",
      "RuleStatus": "65536"
    },
    "RawXml": "<Event xmlns=\"http://schemas.microsoft.com/win/2004/08/events/event\"><System><Provider Name=\"Microsoft-Windows-Windows Firewall With Advanced Security\" Guid=\"{d1bc9aff-2abf-4d71-9146-ecb2a986eb85}\"></Provider>\n<EventID Qualifiers=\"\">2005</EventID>\n<Version>0</Version>\n<Level>4</Level>\n<Task>0</Task>\n<Opcode>0</Opcode>\n<Keywords>0x8000020000000000</Keywords>\n<TimeCreated SystemTime=\"2014-01-25 01:27:34.387056+00:00\"></TimeCreated>\n<EventRecordID>92</EventRecordID>\n<Correlation ActivityID=\"\" RelatedActivityID=\"\"></Correlation>\n<Execution ProcessID=\"1268\" ThreadID=\"1284\"></Execution>\n<Channel>Microsoft-Windows-Windows Firewall With Advanced Security/Firewall</Channel>\n<Computer>IACIS-HDD-2014</Computer>\n<Security UserID=\"S-1-5-19\"></Security>\n</System>\n<EventData><Data Name=\"RuleId\">WMPNSS-SSDPSrv-In-UDP</Data>\n<Data Name=\"RuleName\">Windows Media Player Network Sharing Service (SSDP-In)</Data>\n<Data Name=\"Origin\">1</Data>\n<Data Name=\"ApplicationPath\">C:\\Windows\\system32\\svchost.exe</Data>\n<Data Name=\"ServiceName\">ssdpsrv</Data>\n<Data Name=\"Direction\">1</Data>\n<Data Name=\"Protocol\">17</Data>\n<Data Name=\"LocalPorts\">1900</Data>\n<Data Name=\"RemotePorts\">*</Data>\n<Data Name=\"Action\">3</Data>\n<Data Name=\"Profiles\">5</Data>\n<Data Name=\"LocalAddresses\">*</Data>\n<Data Name=\"RemoteAddresses\">LocalSubnet</Data>\n<Data Name=\"RemoteMachineAuthorizationList\"></Data>\n<Data Name=\"RemoteUserAuthorizationList\"></Data>\n<Data Name=\"EmbeddedContext\">@FirewallAPI.dll,-31252</Data>\n<Data Name=\"Flags\">0</Data>\n<Data Name=\"Active\">0</Data>\n<Data Name=\"EdgeTraversal\">0</Data>\n<Data Name=\"LooseSourceMapped\">0</Data>\n<Data Name=\"SecurityOptions\">0</Data>\n<Data Name=\"ModifyingUser\">S-1-5-18</Data>\n<Data Name=\"ModifyingApplication\">C:\\Windows\\System32\\svchost.exe</Data>\n<Data Name=\"SchemaVersion\">522</Data>\n<Data Name=\"RuleStatus\">65536</Data>\n</EventData>\n</Event>\n"
  },
  {
    "EventID": 2004,
    "Timestamp": "2014-01-25 01:27:34.387056+00:00",
    "Computer": "IACIS-HDD-2014",
    "Channel": "Microsoft-Windows-Windows Firewall With Advanced Security/Firewall",
    "Level": "Information",
    "EventData": {
      "RuleId": "{DE27098C-1361-4A10-9BB8-00C22CF7265E}",
      "RuleName": "Windows Media Player Network Sharing Service (SSDP-In)",
      "Origin": "1",
      "ApplicationPath": "C:\\Windows\\system32\\svchost.exe",
      "ServiceName": "ssdpsrv",
      "Direction": "1",
      "Protocol": "17",
      "LocalPorts": "1900",
      "RemotePorts": "*",
      "Action": "3",
      "Profiles": "2",
      "LocalAddresses": "*",
      "RemoteAddresses": "LocalSubnet",
      "RemoteMachineAuthorizationList": "",
      "RemoteUserAuthorizationList": "",
      "EmbeddedContext": "@FirewallAPI.dll,-31252",
      "Flags": "0",
      "Active": "0",
      "EdgeTraversal": "0",
      "LooseSourceMapped": "0",
      "SecurityOptions": "0",
      "ModifyingUser": "S-1-5-18",
      "ModifyingApplication": "C:\\Windows\\System32\\svchost.exe",
      "SchemaVersion": "522",
      "RuleStatus": "65536"
    },
    "RawXml": "<Event xmlns=\"http://schemas.microsoft.com/win/2004/08/events/event\"><System><Provider Name=\"Microsoft-Windows-Windows Firewall With Advanced Security\" Guid=\"{d1bc9aff-2abf-4d71-9146-ecb2a986eb85}\"></Provider>\n<EventID Qualifiers=\"\">2004</EventID>\n<Version>0</Version>\n<Level>4</Level>\n<Task>0</Task>\n<Opcode>0</Opcode>\n<Keywords>0x8000020000000000</Keywords>\n<TimeCreated SystemTime=\"2014-01-25 01:27:34.387056+00:00\"></TimeCreated>\n<EventRecordID>93</EventRecordID>\n<Correlation ActivityID=\"\" RelatedActivityID=\"\"></Correlation>\n<Execution ProcessID=\"1268\" ThreadID=\"1284\"></Execution>\n<Channel>Microsoft-Windows-Windows Firewall With Advanced Security/Firewall</Channel>\n<Computer>IACIS-HDD-2014</Computer>\n<Security UserID=\"S-1-5-19\"></Security>\n</System>\n<EventData><Data Name=\"RuleId\">{DE27098C-1361-4A10-9BB8-00C22CF7265E}</Data>\n<Data Name=\"RuleName\">Windows Media Player Network Sharing Service (SSDP-In)</Data>\n<Data Name=\"Origin\">1</Data>\n<Data Name=\"ApplicationPath\">C:\\Windows\\system32\\svchost.exe</Data>\n<Data Name=\"ServiceName\">ssdpsrv</Data>\n<Data Name=\"Direction\">1</Data>\n<Data Name=\"Protocol\">17</Data>\n<Data Name=\"LocalPorts\">1900</Data>\n<Data Name=\"RemotePorts\">*</Data>\n<Data Name=\"Action\">3</Data>\n<Data Name=\"Profiles\">2</Data>\n<Data Name=\"LocalAddresses\">*</Data>\n<Data Name=\"RemoteAddresses\">LocalSubnet</Data>\n<Data Name=\"RemoteMachineAuthorizationList\"></Data>\n<Data Name=\"RemoteUserAuthorizationList\"></Data>\n<Data Name=\"EmbeddedContext\">@FirewallAPI.dll,-31252</Data>\n<Data Name=\"Flags\">0</Data>\n<Data Name=\"Active\">0</Data>\n<Data Name=\"EdgeTraversal\">0</Data>\n<Data Name=\"LooseSourceMapped\">0</Data>\n<Data Name=\"SecurityOptions\">0</Data>\n<Data Name=\"ModifyingUser\">S-1-5-18</Data>\n<Data Name=\"ModifyingApplication\">C:\\Windows\\System32\\svchost.exe</Data>\n<Data Name=\"SchemaVersion\">522</Data>\n<Data Name=\"RuleStatus\">65536</Data>\n</EventData>\n</Event>\n"
  },
  {
    "EventID": 2005,
    "Timestamp": "2014-01-25 01:27:34.387056+00:00",
    "Computer": "IACIS-HDD-2014",
    "Channel": "Microsoft-Windows-Windows Firewall With Advanced Security/Firewall",
    "Level": "Information",
    "EventData": {
      "RuleId": "{DE27098C-1361-4A10-9BB8-00C22CF7265E}",
      "RuleName": "Windows Media Player Network Sharing Service (SSDP-In)",
      "Origin": "1",
      "ApplicationPath": "C:\\Windows\\system32\\svchost.exe",
      "ServiceName": "ssdpsrv",
      "Direction": "1",
      "Protocol": "17",
      "LocalPorts": "1900",
      "RemotePorts": "*",
      "Action": "3",
      "Profiles": "2",
      "LocalAddresses": "*",
      "RemoteAddresses": "LocalSubnet",
      "RemoteMachineAuthorizationList": "",
      "RemoteUserAuthorizationList": "",
      "EmbeddedContext": "@FirewallAPI.dll,-31252",
      "Flags": "1",
      "Active": "1",
      "EdgeTraversal": "0",
      "LooseSourceMapped": "0",
      "SecurityOptions": "0",
      "ModifyingUser": "S-1-5-18",
      "ModifyingApplication": "C:\\Windows\\System32\\svchost.exe",
      "SchemaVersion": "522",
      "RuleStatus": "65536"
    },
    "RawXml": "<Event xmlns=\"http://schemas.microsoft.com/win/2004/08/events/event\"><System><Provider Name=\"Microsoft-Windows-Windows Firewall With Advanced Security\" Guid=\"{d1bc9aff-2abf-4d71-9146-ecb2a986eb85}\"></Provider>\n<EventID Qualifiers=\"\">2005</EventID>\n<Version>0</Version>\n<Level>4</Level>\n<Task>0</Task>\n<Opcode>0</Opcode>\n<Keywords>0x8000020000000000</Keywords>\n<TimeCreated SystemTime=\"2014-01-25 01:27:34.387056+00:00\"></TimeCreated>\n<EventRecordID>94</EventRecordID>\n<Correlation ActivityID=\"\" RelatedActivityID=\"\"></Correlation>\n<Execution ProcessID=\"1268\" ThreadID=\"1668\"></Execution>\n<Channel>Microsoft-Windows-Windows Firewall With Advanced Security/Firewall</Channel>\n<Computer>IACIS-HDD-2014</Computer>\n<Security UserID=\"S-1-5-19\"></Security>\n</System>\n<EventData><Data Name=\"RuleId\">{DE27098C-1361-4A10-9BB8-00C22CF7265E}</Data>\n<Data Name=\"RuleName\">Windows Media Player Network Sharing Service (SSDP-In)</Data>\n<Data Name=\"Origin\">1</Data>\n<Data Name=\"ApplicationPath\">C:\\Windows\\system32\\svchost.exe</Data>\n<Data Name=\"ServiceName\">ssdpsrv</Data>\n<Data Name=\"Direction\">1</Data>\n<Data Name=\"Protocol\">17</Data>\n<Data Name=\"LocalPorts\">1900</Data>\n<Data Name=\"RemotePorts\">*</Data>\n<Data Name=\"Action\">3</Data>\n<Data Name=\"Profiles\">2</Data>\n<Data Name=\"LocalAddresses\">*</Data>\n<Data Name=\"RemoteAddresses\">LocalSubnet</Data>\n<Data Name=\"RemoteMachineAuthorizationList\"></Data>\n<Data Name=\"RemoteUserAuthorizationList\"></Data>\n<Data Name=\"EmbeddedContext\">@FirewallAPI.dll,-31252</Data>\n<Data Name=\"Flags\">1</Data>\n<Data Name=\"Active\">1</Data>\n<Data Name=\"EdgeTraversal\">0</Data>\n<Data Name=\"LooseSourceMapped\">0</Data>\n<Data Name=\"SecurityOptions\">0</Data>\n<Data Name=\"ModifyingUser\">S-1-5-18</Data>\n<Data Name=\"ModifyingApplication\">C:\\Windows\\System32\\svchost.exe</Data>\n<Data Name=\"SchemaVersion\">522</Data>\n<Data Name=\"RuleStatus\">65536</Data>\n</EventData>\n</Event>\n"
  },
  {
    "EventID": 2005,
    "Timestamp": "2014-01-25 01:27:34.387056+00:00",
    "Computer": "IACIS-HDD-2014",
    "Channel": "Microsoft-Windows-Windows Firewall With Advanced Security/Firewall",
    "Level": "Information",
    "EventData": {
      "RuleId": "WMPNSS-SSDPSrv-Out-UDP",
      "RuleName": "Windows Media Player Network Sharing Service (SSDP-Out)",
      "Origin": "1",
      "ApplicationPath": "C:\\Windows\\system32\\svchost.exe",
      "ServiceName": "ssdpsrv",
      "Direction": "2",
      "Protocol": "17",
      "LocalPorts": "*",
      "RemotePorts": "1900",
      "Action": "3",
      "Profiles": "5",
      "LocalAddresses": "*",
      "RemoteAddresses": "LocalSubnet",
      "RemoteMachineAuthorizationList": "",
      "RemoteUserAuthorizationList": "",
      "EmbeddedContext": "@FirewallAPI.dll,-31252",
      "Flags": "0",
      "Active": "0",
      "EdgeTraversal": "0",
      "LooseSourceMapped": "0",
      "SecurityOptions": "0",
      "ModifyingUser": "S-1-5-18",
      "ModifyingApplication": "C:\\Windows\\System32\\svchost.exe",
      "SchemaVersion": "522",
      "RuleStatus": "65536"
    },
    "RawXml": "<Event xmlns=\"http://schemas.microsoft.com/win/2004/08/events/event\"><System><Provider Name=\"Microsoft-Windows-Windows Firewall With Advanced Security\" Guid=\"{d1bc9aff-2abf-4d71-9146-ecb2a986eb85}\"></Provider>\n<EventID Qualifiers=\"\">2005</EventID>\n<Version>0</Version>\n<Level>4</Level>\n<Task>0</Task>\n<Opcode>0</Opcode>\n<Keywords>0x8000020000000000</Keywords>\n<TimeCreated SystemTime=\"2014-01-25 01:27:34.387056+00:00\"></TimeCreated>\n<EventRecordID>95</EventRecordID>\n<Correlation ActivityID=\"\" RelatedActivityID=\"\"></Correlation>\n<Execution ProcessID=\"1268\" ThreadID=\"1668\"></Execution>\n<Channel>Microsoft-Windows-Windows Firewall With Advanced Security/Firewall</Channel>\n<Computer>IACIS-HDD-2014</Computer>\n<Security UserID=\"S-1-5-19\"></Security>\n</System>\n<EventData><Data Name=\"RuleId\">WMPNSS-SSDPSrv-Out-UDP</Data>\n<Data Name=\"RuleName\">Windows Media Player Network Sharing Service (SSDP-Out)</Data>\n<Data Name=\"Origin\">1</Data>\n<Data Name=\"ApplicationPath\">C:\\Windows\\system32\\svchost.exe</Data>\n<Data Name=\"ServiceName\">ssdpsrv</Data>\n<Data Name=\"Direction\">2</Data>\n<Data Name=\"Protocol\">17</Data>\n<Data Name=\"LocalPorts\">*</Data>\n<Data Name=\"RemotePorts\">1900</Data>\n<Data Name=\"Action\">3</Data>\n<Data Name=\"Profiles\">5</Data>\n<Data Name=\"LocalAddresses\">*</Data>\n<Data Name=\"RemoteAddresses\">LocalSubnet</Data>\n<Data Name=\"RemoteMachineAuthorizationList\"></Data>\n<Data Name=\"RemoteUserAuthorizationList\"></Data>\n<Data Name=\"EmbeddedContext\">@FirewallAPI.dll,-31252</Data>\n<Data Name=\"Flags\">0</Data>\n<Data Name=\"Active\">0</Data>\n<Data Name=\"EdgeTraversal\">0</Data>\n<Data Name=\"LooseSourceMapped\">0</Data>\n<Data Name=\"SecurityOptions\">0</Data>\n<Data Name=\"ModifyingUser\">S-1-5-18</Data>\n<Data Name=\"ModifyingApplication\">C:\\Windows\\System32\\svchost.exe</Data>\n<Data Name=\"SchemaVersion\">522</Data>\n<Data Name=\"RuleStatus\">65536</Data>\n</EventData>\n</Event>\n"
  },
  {
    "EventID": 2004,
    "Timestamp": "2014-01-25 01:27:34.387056+00:00",
    "Computer": "IACIS-HDD-2014",
    "Channel": "Microsoft-Windows-Windows Firewall With Advanced Security/Firewall",
    "Level": "Information",
    "EventData": {
      "RuleId": "{E655D180-6181-4978-93C4-6285A613400E}",
      "RuleName": "Windows Media Player Network Sharing Service (SSDP-Out)",
      "Origin": "1",
      "ApplicationPath": "C:\\Windows\\system32\\svchost.exe",
      "ServiceName": "ssdpsrv",
      "Direction": "2",
      "Protocol": "17",
      "LocalPorts": "*",
      "RemotePorts": "1900",
      "Action": "3",
      "Profiles": "2",
      "LocalAddresses": "*",
      "RemoteAddresses": "LocalSubnet",
      "RemoteMachineAuthorizationList": "",
      "RemoteUserAuthorizationList": "",
      "EmbeddedContext": "@FirewallAPI.dll,-31252",
      "Flags": "0",
      "Active": "0",
      "EdgeTraversal": "0",
      "LooseSourceMapped": "0",
      "SecurityOptions": "0",
      "ModifyingUser": "S-1-5-18",
      "ModifyingApplication": "C:\\Windows\\System32\\svchost.exe",
      "SchemaVersion": "522",
      "RuleStatus": "65536"
    },
    "RawXml": "<Event xmlns=\"http://schemas.microsoft.com/win/2004/08/events/event\"><System><Provider Name=\"Microsoft-Windows-Windows Firewall With Advanced Security\" Guid=\"{d1bc9aff-2abf-4d71-9146-ecb2a986eb85}\"></Provider>\n<EventID Qualifiers=\"\">2004</EventID>\n<Version>0</Version>\n<Level>4</Level>\n<Task>0</Task>\n<Opcode>0</Opcode>\n<Keywords>0x8000020000000000</Keywords>\n<TimeCreated SystemTime=\"2014-01-25 01:27:34.387056+00:00\"></TimeCreated>\n<EventRecordID>96</EventRecordID>\n<Correlation ActivityID=\"\" RelatedActivityID=\"\"></Correlation>\n<Execution ProcessID=\"1268\" ThreadID=\"2532\"></Execution>\n<Channel>Microsoft-Windows-Windows Firewall With Advanced Security/Firewall</Channel>\n<Computer>IACIS-HDD-2014</Computer>\n<Security UserID=\"S-1-5-19\"></Security>\n</System>\n<EventData><Data Name=\"RuleId\">{E655D180-6181-4978-93C4-6285A613400E}</Data>\n<Data Name=\"RuleName\">Windows Media Player Network Sharing Service (SSDP-Out)</Data>\n<Data Name=\"Origin\">1</Data>\n<Data Name=\"ApplicationPath\">C:\\Windows\\system32\\svchost.exe</Data>\n<Data Name=\"ServiceName\">ssdpsrv</Data>\n<Data Name=\"Direction\">2</Data>\n<Data Name=\"Protocol\">17</Data>\n<Data Name=\"LocalPorts\">*</Data>\n<Data Name=\"RemotePorts\">1900</Data>\n<Data Name=\"Action\">3</Data>\n<Data Name=\"Profiles\">2</Data>\n<Data Name=\"LocalAddresses\">*</Data>\n<Data Name=\"RemoteAddresses\">LocalSubnet</Data>\n<Data Name=\"RemoteMachineAuthorizationList\"></Data>\n<Data Name=\"RemoteUserAuthorizationList\"></Data>\n<Data Name=\"EmbeddedContext\">@FirewallAPI.dll,-31252</Data>\n<Data Name=\"Flags\">0</Data>\n<Data Name=\"Active\">0</Data>\n<Data Name=\"EdgeTraversal\">0</Data>\n<Data Name=\"LooseSourceMapped\">0</Data>\n<Data Name=\"SecurityOptions\">0</Data>\n<Data Name=\"ModifyingUser\">S-1-5-18</Data>\n<Data Name=\"ModifyingApplication\">C:\\Windows\\System32\\svchost.exe</Data>\n<Data Name=\"SchemaVersion\">522</Data>\n<Data Name=\"RuleStatus\">65536</Data>\n</EventData>\n</Event>\n"
  },
  {
    "EventID": 2005,
    "Timestamp": "2014-01-25 01:27:34.387056+00:00",
    "Computer": "IACIS-HDD-2014",
    "Channel": "Microsoft-Windows-Windows Firewall With Advanced Security/Firewall",
    "Level": "Information",
    "EventData": {
      "RuleId": "{E655D180-6181-4978-93C4-6285A613400E}",
      "RuleName": "Windows Media Player Network Sharing Service (SSDP-Out)",
      "Origin": "1",
      "ApplicationPath": "C:\\Windows\\system32\\svchost.exe",
      "ServiceName": "ssdpsrv",
      "Direction": "2",
      "Protocol": "17",
      "LocalPorts": "*",
      "RemotePorts": "1900",
      "Action": "3",
      "Profiles": "2",
      "LocalAddresses": "*",
      "RemoteAddresses": "LocalSubnet",
      "RemoteMachineAuthorizationList": "",
      "RemoteUserAuthorizationList": "",
      "EmbeddedContext": "@FirewallAPI.dll,-31252",
      "Flags": "1",
      "Active": "1",
      "EdgeTraversal": "0",
      "LooseSourceMapped": "0",
      "SecurityOptions": "0",
      "ModifyingUser": "S-1-5-18",
      "ModifyingApplication": "C:\\Windows\\System32\\svchost.exe",
      "SchemaVersion": "522",
      "RuleStatus": "65536"
    },
    "RawXml": "<Event xmlns=\"http://schemas.microsoft.com/win/2004/08/events/event\"><System><Provider Name=\"Microsoft-Windows-Windows Firewall With Advanced Security\" Guid=\"{d1bc9aff-2abf-4d71-9146-ecb2a986eb85}\"></Provider>\n<EventID Qualifiers=\"\">2005</EventID>\n<Version>0</Version>\n<Level>4</Level>\n<Task>0</Task>\n<Opcode>0</Opcode>\n<Keywords>0x8000020000000000</Keywords>\n<TimeCreated SystemTime=\"2014-01-25 01:27:34.387056+00:00\"></TimeCreated>\n<EventRecordID>97</EventRecordID>\n<Correlation ActivityID=\"\" RelatedActivityID=\"\"></Correlation>\n<Execution ProcessID=\"1268\" ThreadID=\"1284\"></Execution>\n<Channel>Microsoft-Windows-Windows Firewall With Advanced Security/Firewall</Channel>\n<Computer>IACIS-HDD-2014</Computer>\n<Security UserID=\"S-1-5-19\"></Security>\n</System>\n<EventData><Data Name=\"RuleId\">{E655D180-6181-4978-93C4-6285A613400E}</Data>\n<Data Name=\"RuleName\">Windows Media Player Network Sharing Service (SSDP-Out)</Data>\n<Data Name=\"Origin\">1</Data>\n<Data Name=\"ApplicationPath\">C:\\Windows\\system32\\svchost.exe</Data>\n<Data Name=\"ServiceName\">ssdpsrv</Data>\n<Data Name=\"Direction\">2</Data>\n<Data Name=\"Protocol\">17</Data>\n<Data Name=\"LocalPorts\">*</Data>\n<Data Name=\"RemotePorts\">1900</Data>\n<Data Name=\"Action\">3</Data>\n<Data Name=\"Profiles\">2</Data>\n<Data Name=\"LocalAddresses\">*</Data>\n<Data Name=\"RemoteAddresses\">LocalSubnet</Data>\n<Data Name=\"RemoteMachineAuthorizationList\"></Data>\n<Data Name=\"RemoteUserAuthorizationList\"></Data>\n<Data Name=\"EmbeddedContext\">@FirewallAPI.dll,-31252</Data>\n<Data Name=\"Flags\">1</Data>\n<Data Name=\"Active\">1</Data>\n<Data Name=\"EdgeTraversal\">0</Data>\n<Data Name=\"LooseSourceMapped\">0</Data>\n<Data Name=\"SecurityOptions\">0</Data>\n<Data Name=\"ModifyingUser\">S-1-5-18</Data>\n<Data Name=\"ModifyingApplication\">C:\\Windows\\System32\\svchost.exe</Data>\n<Data Name=\"SchemaVersion\">522</Data>\n<Data Name=\"RuleStatus\">65536</Data>\n</EventData>\n</Event>\n"
  },
  {
    "EventID": 2005,
    "Timestamp": "2014-01-25 01:27:34.402657+00:00",
    "Computer": "IACIS-HDD-2014",
    "Channel": "Microsoft-Windows-Windows Firewall With Advanced Security/Firewall",
    "Level": "Information",
    "EventData": {
      "RuleId": "WMPNSS-UPnPHost-In-TCP",
      "RuleName": "Windows Media Player Network Sharing Service (UPnP-In)",
      "Origin": "1",
      "ApplicationPath": "System",
      "ServiceName": "",
      "Direction": "1",
      "Protocol": "6",
      "LocalPorts": "2869",
      "RemotePorts": "*",
      "Action": "3",
      "Profiles": "5",
      "LocalAddresses": "*",
      "RemoteAddresses": "LocalSubnet",
      "RemoteMachineAuthorizationList": "",
      "RemoteUserAuthorizationList": "",
      "EmbeddedContext": "@FirewallAPI.dll,-31252",
      "Flags": "0",
      "Active": "0",
      "EdgeTraversal": "0",
      "LooseSourceMapped": "0",
      "SecurityOptions": "0",
      "ModifyingUser": "S-1-5-18",
      "ModifyingApplication": "C:\\Windows\\System32\\svchost.exe",
      "SchemaVersion": "522",
      "RuleStatus": "65536"
    },
    "RawXml": "<Event xmlns=\"http://schemas.microsoft.com/win/2004/08/events/event\"><System><Provider Name=\"Microsoft-Windows-Windows Firewall With Advanced Security\" Guid=\"{d1bc9aff-2abf-4d71-9146-ecb2a986eb85}\"></Provider>\n<EventID Qualifiers=\"\">2005</EventID>\n<Version>0</Version>\n<Level>4</Level>\n<Task>0</Task>\n<Opcode>0</Opcode>\n<Keywords>0x8000020000000000</Keywords>\n<TimeCreated SystemTime=\"2014-01-25 01:27:34.402657+00:00\"></TimeCreated>\n<EventRecordID>98</EventRecordID>\n<Correlation ActivityID=\"\" RelatedActivityID=\"\"></Correlation>\n<Execution ProcessID=\"1268\" ThreadID=\"2532\"></Execution>\n<Channel>Microsoft-Windows-Windows Firewall With Advanced Security/Firewall</Channel>\n<Computer>IACIS-HDD-2014</Computer>\n<Security UserID=\"S-1-5-19\"></Security>\n</System>\n<EventData><Data Name=\"RuleId\">WMPNSS-UPnPHost-In-TCP</Data>\n<Data Name=\"RuleName\">Windows Media Player Network Sharing Service (UPnP-In)</Data>\n<Data Name=\"Origin\">1</Data>\n<Data Name=\"ApplicationPath\">System</Data>\n<Data Name=\"ServiceName\"></Data>\n<Data Name=\"Direction\">1</Data>\n<Data Name=\"Protocol\">6</Data>\n<Data Name=\"LocalPorts\">2869</Data>\n<Data Name=\"RemotePorts\">*</Data>\n<Data Name=\"Action\">3</Data>\n<Data Name=\"Profiles\">5</Data>\n<Data Name=\"LocalAddresses\">*</Data>\n<Data Name=\"RemoteAddresses\">LocalSubnet</Data>\n<Data Name=\"RemoteMachineAuthorizationList\"></Data>\n<Data Name=\"RemoteUserAuthorizationList\"></Data>\n<Data Name=\"EmbeddedContext\">@FirewallAPI.dll,-31252</Data>\n<Data Name=\"Flags\">0</Data>\n<Data Name=\"Active\">0</Data>\n<Data Name=\"EdgeTraversal\">0</Data>\n<Data Name=\"LooseSourceMapped\">0</Data>\n<Data Name=\"SecurityOptions\">0</Data>\n<Data Name=\"ModifyingUser\">S-1-5-18</Data>\n<Data Name=\"ModifyingApplication\">C:\\Windows\\System32\\svchost.exe</Data>\n<Data Name=\"SchemaVersion\">522</Data>\n<Data Name=\"RuleStatus\">65536</Data>\n</EventData>\n</Event>\n"
  },
