  {
    "EventID": 3005,
    "Timestamp": "2014-02-16 18:59:54.285627+00:00",
    "Computer": "IACIS-HDD-2014",
    "Channel": "Microsoft-Windows-BranchCacheSMB/Operational",
    "Level": "Information",
    "EventData": {},
    "RawXml": "<Event xmlns=\"http://schemas.microsoft.com/win/2004/08/events/event\"><System><Provider Name=\"Microsoft-Windows-BranchCacheSMB\" Guid=\"{4a933674-fb3d-4e8d-b01d-17ee14e91a3e}\"></Provider>\n<EventID Qualifiers=\"\">3005</EventID>\n<Version>0</Version>\n<Level>4</Level>\n<Task>0</Task>\n<Opcode>0</Opcode>\n<Keywords>0x8000000000000800</Keywords>\n<TimeCreated SystemTime=\"2014-02-16 18:59:54.285627+00:00\"></TimeCreated>\n<EventRecordID>82</EventRecordID>\n<Correlation ActivityID=\"\" RelatedActivityID=\"\"></Correlation>\n<Execution ProcessID=\"908\" ThreadID=\"516\"></Execution>\n<Channel>Microsoft-Windows-BranchCacheSMB/Operational</Channel>\n<Computer>IACIS-HDD-2014</Computer>\n<Security UserID=\"S-1-5-18\"></Security>\n</System>\n<UserData><CounterSummary xmlns:auto-ns3=\"http://schemas.microsoft.com/win/2004/08/events\" xmlns=\"CounterSummaryNs\"><ServiceActiveTimeInSeconds>0</ServiceActiveTimeInSeconds>\n<SMBBranchCacheBytesRequested>0</SMBBranchCacheBytesRequested>\n<SMBBranchCacheBytesReceived>0</SMBBranchCacheBytesReceived>\n<SMBBranchCacheBytesPublished>0</SMBBranchCacheBytesPublished>\n<SMBBranchCacheBytesRequestedFromServer>0</SMBBranchCacheBytesRequestedFromServer>\n<SMBBranchCacheHashesRequested>0</SMBBranchCacheHashesRequested>\n<SMBBranchCacheHashesReceived>0</SMBBranchCacheHashesReceived>\n<SMBBranchCacheHashBytesReceived>0</SMBBranchCacheHashBytesReceived>\n<PrefetchOperationsQueued>0</PrefetchOperationsQueued>\n<PrefetchBytesReadFromCache>0</PrefetchBytesReadFromCache>\n<PrefetchBytesReadFromServer>0</PrefetchBytesReadFromServer>\n<ApplicationBytesReadFromCache>0</ApplicationBytesReadFromCache>\n<ApplicationBytesReadFromServer>0</ApplicationBytesReadFromServer>\n<ApplicationBytesReadFromServerNotCached>0</ApplicationBytesReadFromServerNotCached>\n</CounterSummary>\n</UserData>\n</Event>\n"
  },
  {
    "EventID": 3001,
    "Timestamp": "2014-02-16 18:59:55.284031+00:00",
    "Computer": "IACIS-HDD-2014",
    "Channel": "Microsoft-Windows-BranchCacheSMB/Operational",
    "Level": "Information",
    "EventData": {},
    "RawXml": "<Event xmlns=\"http://schemas.microsoft.com/win/2004/08/events/event\"><System><Provider Name=\"Microsoft-Windows-BranchCacheSMB\" Guid=\"{4a933674-fb3d-4e8d-b01d-17ee14e91a3e}\"></Provider>\n<EventID Qualifiers=\"\">3001</EventID>\n<Version>0</Version>\n<Level>4</Level>\n<Task>0</Task>\n<Opcode>0</Opcode>\n<Keywords>0x8000000000000800</Keywords>\n<TimeCreated SystemTime=\"2014-02-16 18:59:55.284031+00:00\"></TimeCreated>\n<EventRecordID>83</EventRecordID>\n<Correlation ActivityID=\"\" RelatedActivityID=\"\"></Correlation>\n<Execution ProcessID=\"908\" ThreadID=\"408\"></Execution>\n<Channel>Microsoft-Windows-BranchCacheSMB/Operational</Channel>\n<Computer>IACIS-HDD-2014</Computer>\n<Security UserID=\"S-1-5-18\"></Security>\n</System>\n<EventData></EventData>\n</Event>\n"
  },
  {
    "EventID": 3005,
    "Timestamp": "2014-02-16 19:59:49.255959+00:00",
    "Computer": "IACIS-HDD-2014",
    "Channel": "Microsoft-Windows-BranchCacheSMB/Operational",
    "Level": "Information",
    "EventData": {},
    "RawXml": "<Event xmlns=\"http://schemas.microsoft.com/win/2004/08/events/event\"><System><Provider Name=\"Microsoft-Windows-BranchCacheSMB\" Guid=\"{4a933674-fb3d-4e8d-b01d-17ee14e91a3e}\"></Provider>\n<EventID Qualifiers=\"\">3005</EventID>\n<Version>0</Version>\n<Level>4</Level>\n<Task>0</Task>\n<Opcode>0</Opcode>\n<Keywords>0x8000000000000800</Keywords>\n<TimeCreated SystemTime=\"2014-02-16 19:59:49.255959+00:00\"></TimeCreated>\n<EventRecordID>84</EventRecordID>\n<Correlation ActivityID=\"\" RelatedActivityID=\"\"></Correlation>\n<Execution ProcessID=\"908\" ThreadID=\"920\"></Execution>\n<Channel>Microsoft-Windows-BranchCacheSMB/Operational</Channel>\n<Computer>IACIS-HDD-2014</Computer>\n<Security UserID=\"S-1-5-18\"></Security>\n</System>\n<UserData><CounterSummary xmlns:auto-ns3=\"http://schemas.microsoft.com/win/2004/08/events\" xmlns=\"CounterSummaryNs\"><ServiceActiveTimeInSeconds>3595</ServiceActiveTimeInSeconds>\n<SMBBranchCacheBytesRequested>0</SMBBranchCacheBytesRequested>\n<SMBBranchCacheBytesReceived>0</SMBBranchCacheBytesReceived>\n<SMBBranchCacheBytesPublished>0</SMBBranchCacheBytesPublished>\n<SMBBranchCacheBytesRequestedFromServer>0</SMBBranchCacheBytesRequestedFromServer>\n<SMBBranchCacheHashesRequested>0</SMBBranchCacheHashesRequested>\n<SMBBranchCacheHashesReceived>0</SMBBranchCacheHashesReceived>\n<SMBBranchCacheHashBytesReceived>0</SMBBranchCacheHashBytesReceived>\n<PrefetchOperationsQueued>0</PrefetchOperationsQueued>\n<PrefetchBytesReadFromCache>0</PrefetchBytesReadFromCache>\n<PrefetchBytesReadFromServer>0</PrefetchBytesReadFromServer>\n<ApplicationBytesReadFromCache>0</ApplicationBytesReadFromCache>\n<ApplicationBytesReadFromServer>0</ApplicationBytesReadFromServer>\n<ApplicationBytesReadFromServerNotCached>0</ApplicationBytesReadFromServerNotCached>\n</CounterSummary>\n</UserData>\n</Event>\n"
  },
  {
    "EventID": 3005,
    "Timestamp": "2014-02-16 20:59:49.252682+00:00",
    "Computer": "IACIS-HDD-2014",
    "Channel": "Microsoft-Windows-BranchCacheSMB/Operational",
    "Level": "Information",
    "EventData": {},
    "RawXml": "<Event xmlns=\"http://schemas.microsoft.com/win/2004/08/events/event\"><System><Provider Name=\"Microsoft-Windows-BranchCacheSMB\" Guid=\"{4a933674-fb3d-4e8d-b01d-17ee14e91a3e}\"></Provider>\n<EventID Qualifiers=\"\">3005</EventID>\n<Version>0</Version>\n<Level>4</Level>\n<Task>0</Task>\n<Opcode>0</Opcode>\n<Keywords>0x8000000000000800</Keywords>\n<TimeCreated SystemTime=\"2014-02-16 20:59:49.252682+00:00\"></TimeCreated>\n<EventRecordID>85</EventRecordID>\n<Correlation ActivityID=\"\" RelatedActivityID=\"\"></Correlation>\n<Execution ProcessID=\"908\" ThreadID=\"920\"></Execution>\n<Channel>Microsoft-Windows-BranchCacheSMB/Operational</Channel>\n<Computer>IACIS-HDD-2014</Computer>\n<Security UserID=\"S-1-5-18\"></Security>\n</System>\n<UserData><CounterSummary xmlns:auto-ns3=\"http://schemas.microsoft.com/win/2004/08/events\" xmlns=\"CounterSummaryNs\"><ServiceActiveTimeInSeconds>7195</ServiceActiveTimeInSeconds>\n<SMBBranchCacheBytesRequested>0</SMBBranchCacheBytesRequested>\n<SMBBranchCacheBytesReceived>0</SMBBranchCacheBytesReceived>\n<SMBBranchCacheBytesPublished>0</SMBBranchCacheBytesPublished>\n<SMBBranchCacheBytesRequestedFromServer>0</SMBBranchCacheBytesRequestedFromServer>\n<SMBBranchCacheHashesRequested>0</SMBBranchCacheHashesRequested>\n<SMBBranchCacheHashesReceived>0</SMBBranchCacheHashesReceived>\n<SMBBranchCacheHashBytesReceived>0</SMBBranchCacheHashBytesReceived>\n<PrefetchOperationsQueued>0</PrefetchOperationsQueued>\n<PrefetchBytesReadFromCache>0</PrefetchBytesReadFromCache>\n<PrefetchBytesReadFromServer>0</PrefetchBytesReadFromServer>\n<ApplicationBytesReadFromCache>0</ApplicationBytesReadFromCache>\n<ApplicationBytesReadFromServer>0</ApplicationBytesReadFromServer>\n<ApplicationBytesReadFromServerNotCached>0</ApplicationBytesReadFromServerNotCached>\n</CounterSummary>\n</UserData>\n</Event>\n"
  },
  {
    "EventID": 3005,
    "Timestamp": "2014-02-16 21:50:45.739628+00:00",
    "Computer": "IACIS-HDD-2014",
    "Channel": "Microsoft-Windows-BranchCacheSMB/Operational",
    "Level": "Information",
    "EventData": {},
    "RawXml": "<Event xmlns=\"http://schemas.microsoft.com/win/2004/08/events/event\"><System><Provider Name=\"Microsoft-Windows-BranchCacheSMB\" Guid=\"{4a933674-fb3d-4e8d-b01d-17ee14e91a3e}\"></Provider>\n<EventID Qualifiers=\"\">3005</EventID>\n<Version>0</Version>\n<Level>4</Level>\n<Task>0</Task>\n<Opcode>0</Opcode>\n<Keywords>0x8000000000000800</Keywords>\n<TimeCreated SystemTime=\"2014-02-16 21:50:45.739628+00:00\"></TimeCreated>\n<EventRecordID>86</EventRecordID>\n<Correlation ActivityID=\"\" RelatedActivityID=\"\"></Correlation>\n<Execution ProcessID=\"908\" ThreadID=\"776\"></Execution>\n<Channel>Microsoft-Windows-BranchCacheSMB/Operational</Channel>\n<Computer>IACIS-HDD-2014</Computer>\n<Security UserID=\"S-1-5-18\"></Security>\n</System>\n<UserData><CounterSummary xmlns:auto-ns3=\"http://schemas.microsoft.com/win/2004/08/events\" xmlns=\"CounterSummaryNs\"><ServiceActiveTimeInSeconds>0</ServiceActiveTimeInSeconds>\n<SMBBranchCacheBytesRequested>0</SMBBranchCacheBytesRequested>\n<SMBBranchCacheBytesReceived>0</SMBBranchCacheBytesReceived>\n<SMBBranchCacheBytesPublished>0</SMBBranchCacheBytesPublished>\n<SMBBranchCacheBytesRequestedFromServer>0</SMBBranchCacheBytesRequestedFromServer>\n<SMBBranchCacheHashesRequested>0</SMBBranchCacheHashesRequested>\n<SMBBranchCacheHashesReceived>0</SMBBranchCacheHashesReceived>\n<SMBBranchCacheHashBytesReceived>0</SMBBranchCacheHashBytesReceived>\n<PrefetchOperationsQueued>0</PrefetchOperationsQueued>\n<PrefetchBytesReadFromCache>0</PrefetchBytesReadFromCache>\n<PrefetchBytesReadFromServer>0</PrefetchBytesReadFromServer>\n<ApplicationBytesReadFromCache>0</ApplicationBytesReadFromCache>\n<ApplicationBytesReadFromServer>0</ApplicationBytesReadFromServer>\n<ApplicationBytesReadFromServerNotCached>0</ApplicationBytesReadFromServerNotCached>\n</CounterSummary>\n</UserData>\n</Event>\n"
  },
  {
    "EventID": 3001,
    "Timestamp": "2014-02-16 21:50:47.034430+00:00",
    "Computer": "IACIS-HDD-2014",
    "Channel": "Microsoft-Windows-BranchCacheSMB/Operational",
    "Level": "Information",
    "EventData": {},
    "RawXml": "<Event xmlns=\"http://schemas.microsoft.com/win/2004/08/events/event\"><System><Provider Name=\"Microsoft-Windows-BranchCacheSMB\" Guid=\"{4a933674-fb3d-4e8d-b01d-17ee14e91a3e}\"></Provider>\n<EventID Qualifiers=\"\">3001</EventID>\n<Version>0</Version>\n<Level>4</Level>\n<Task>0</Task>\n<Opcode>0</Opcode>\n<Keywords>0x8000000000000800</Keywords>\n<TimeCreated SystemTime=\"2014-02-16 21:50:47.034430+00:00\"></TimeCreated>\n<EventRecordID>87</EventRecordID>\n<Correlation ActivityID=\"\" RelatedActivityID=\"\"></Correlation>\n<Execution ProcessID=\"908\" ThreadID=\"408\"></Execution>\n<Channel>Microsoft-Windows-BranchCacheSMB/Operational</Channel>\n<Computer>IACIS-HDD-2014</Computer>\n<Security UserID=\"S-1-5-18\"></Security>\n</System>\n<EventData></EventData>\n</Event>\n"
  },
  {
    "EventID": 3005,
    "Timestamp": "2014-02-16 22:39:36.318426+00:00",
    "Computer": "IACIS-HDD-2014",
    "Channel": "Microsoft-Windows-BranchCacheSMB/Operational",
    "Level": "Information",
    "EventData": {},
    "RawXml": "<Event xmlns=\"http://schemas.microsoft.com/win/2004/08/events/event\"><System><Provider Name=\"Microsoft-Windows-BranchCacheSMB\" Guid=\"{4a933674-fb3d-4e8d-b01d-17ee14e91a3e}\"></Provider>\n<EventID Qualifiers=\"\">3005</EventID>\n<Version>0</Version>\n<Level>4</Level>\n<Task>0</Task>\n<Opcode>0</Opcode>\n<Keywords>0x8000000000000800</Keywords>\n<TimeCreated SystemTime=\"2014-02-16 22:39:36.318426+00:00\"></TimeCreated>\n<EventRecordID>88</EventRecordID>\n<Correlation ActivityID=\"\" RelatedActivityID=\"\"></Correlation>\n<Execution ProcessID=\"908\" ThreadID=\"712\"></Execution>\n<Channel>Microsoft-Windows-BranchCacheSMB/Operational</Channel>\n<Computer>IACIS-HDD-2014</Computer>\n<Security UserID=\"S-1-5-18\"></Security>\n</System>\n<UserData><CounterSummary xmlns:auto-ns3=\"http://schemas.microsoft.com/win/2004/08/events\" xmlns=\"CounterSummaryNs\"><ServiceActiveTimeInSeconds>0</ServiceActiveTimeInSeconds>\n<SMBBranchCacheBytesRequested>0</SMBBranchCacheBytesRequested>\n<SMBBranchCacheBytesReceived>0</SMBBranchCacheBytesReceived>\n<SMBBranchCacheBytesPublished>0</SMBBranchCacheBytesPublished>\n<SMBBranchCacheBytesRequestedFromServer>0</SMBBranchCacheBytesRequestedFromServer>\n<SMBBranchCacheHashesRequested>0</SMBBranchCacheHashesRequested>\n<SMBBranchCacheHashesReceived>0</SMBBranchCacheHashesReceived>\n<SMBBranchCacheHashBytesReceived>0</SMBBranchCacheHashBytesReceived>\n<PrefetchOperationsQueued>0</PrefetchOperationsQueued>\n<PrefetchBytesReadFromCache>0</PrefetchBytesReadFromCache>\n<PrefetchBytesReadFromServer>0</PrefetchBytesReadFromServer>\n<ApplicationBytesReadFromCache>0</ApplicationBytesReadFromCache>\n<ApplicationBytesReadFromServer>0</ApplicationBytesReadFromServer>\n<ApplicationBytesReadFromServerNotCached>0</ApplicationBytesReadFromServerNotCached>\n</CounterSummary>\n</UserData>\n</Event>\n"
  },
  {
    "EventID": 3001,
    "Timestamp": "2014-02-16 22:39:37.519630+00:00",
    "Computer": "IACIS-HDD-2014",
    "Channel": "Microsoft-Windows-BranchCacheSMB/Operational",
    "Level": "Information",
    "EventData": {},
    "RawXml": "<Event xmlns=\"http://schemas.microsoft.com/win/2004/08/events/event\"><System><Provider Name=\"Microsoft-Windows-BranchCacheSMB\" Guid=\"{4a933674-fb3d-4e8d-b01d-17ee14e91a3e}\"></Provider>\n<EventID Qualifiers=\"\">3001</EventID>\n<Version>0</Version>\n<Level>4</Level>\n<Task>0</Task>\n<Opcode>0</Opcode>\n<Keywords>0x8000000000000800</Keywords>\n<TimeCreated SystemTime=\"2014-02-16 22:39:37.519630+00:00\"></TimeCreated>\n<EventRecordID>89</EventRecordID>\n<Correlation ActivityID=\"\" RelatedActivityID=\"\"></Correlation>\n<Execution ProcessID=\"908\" ThreadID=\"408\"></Execution>\n<Channel>Microsoft-Windows-BranchCacheSMB/Operational</Channel>\n<Computer>IACIS-HDD-2014</Computer>\n<Security UserID=\"S-1-5-18\"></Security>\n</System>\n<EventData></EventData>\n</Event>\n"
  },
  {
    "EventID": 3005,
    "Timestamp": "2014-02-19 13:30:23.614828+00:00",
    "Computer": "IACIS-HDD-2014",
    "Channel": "Microsoft-Windows-BranchCacheSMB/Operational",
    "Level": "Information",
    "EventData": {},
    "RawXml": "<Event xmlns=\"http://schemas.microsoft.com/win/2004/08/events/event\"><System><Provider Name=\"Microsoft-Windows-BranchCacheSMB\" Guid=\"{4a933674-fb3d-4e8d-b01d-17ee14e91a3e}\"></Provider>\n<EventID Qualifiers=\"\">3005</EventID>\n<Version>0</Version>\n<Level>4</Level>\n<Task>0</Task>\n<Opcode>0</Opcode>\n<Keywords>0x8000000000000800</Keywords>\n<TimeCreated SystemTime=\"2014-02-19 13:30:23.614828+00:00\"></TimeCreated>\n<EventRecordID>90</EventRecordID>\n<Correlation ActivityID=\"\" RelatedActivityID=\"\"></Correlation>\n<Execution ProcessID=\"912\" ThreadID=\"816\"></Execution>\n<Channel>Microsoft-Windows-BranchCacheSMB/Operational</Channel>\n<Computer>IACIS-HDD-2014</Computer>\n<Security UserID=\"S-1-5-18\"></Security>\n</System>\n<UserData><CounterSummary xmlns:auto-ns3=\"http://schemas.microsoft.com/win/2004/08/events\" xmlns=\"CounterSummaryNs\"><ServiceActiveTimeInSeconds>0</ServiceActiveTimeInSeconds>\n<SMBBranchCacheBytesRequested>0</SMBBranchCacheBytesRequested>\n<SMBBranchCacheBytesReceived>0</SMBBranchCacheBytesReceived>\n<SMBBranchCacheBytesPublished>0</SMBBranchCacheBytesPublished>\n<SMBBranchCacheBytesRequestedFromServer>0</SMBBranchCacheBytesRequestedFromServer>\n<SMBBranchCacheHashesRequested>0</SMBBranchCacheHashesRequested>\n<SMBBranchCacheHashesReceived>0</SMBBranchCacheHashesReceived>\n<SMBBranchCacheHashBytesReceived>0</SMBBranchCacheHashBytesReceived>\n<PrefetchOperationsQueued>0</PrefetchOperationsQueued>\n<PrefetchBytesReadFromCache>0</PrefetchBytesReadFromCache>\n<PrefetchBytesReadFromServer>0</PrefetchBytesReadFromServer>\n<ApplicationBytesReadFromCache>0</ApplicationBytesReadFromCache>\n<ApplicationBytesReadFromServer>0</ApplicationBytesReadFromServer>\n<ApplicationBytesReadFromServerNotCached>0</ApplicationBytesReadFromServerNotCached>\n</CounterSummary>\n</UserData>\n</Event>\n"
  },
  {
    "EventID": 3001,
    "Timestamp": "2014-02-19 13:30:24.613230+00:00",
    "Computer": "IACIS-HDD-2014",
    "Channel": "Microsoft-Windows-BranchCacheSMB/Operational",
    "Level": "Information",
    "EventData": {},
    "RawXml": "<Event xmlns=\"http://schemas.microsoft.com/win/2004/08/events/event\"><System><Provider Name=\"Microsoft-Windows-BranchCacheSMB\" Guid=\"{4a933674-fb3d-4e8d-b01d-17ee14e91a3e}\"></Provider>\n<EventID Qualifiers=\"\">3001</EventID>\n<Version>0</Version>\n<Level>4</Level>\n<Task>0</Task>\n<Opcode>0</Opcode>\n<Keywords>0x8000000000000800</Keywords>\n<TimeCreated SystemTime=\"2014-02-19 13:30:24.613230+00:00\"></TimeCreated>\n<EventRecordID>91</EventRecordID>\n<Correlation ActivityID=\"\" RelatedActivityID=\"\"></Correlation>\n<Execution ProcessID=\"912\" ThreadID=\"408\"></Execution>\n<Channel>Microsoft-Windows-BranchCacheSMB/Operational</Channel>\n<Computer>IACIS-HDD-2014</Computer>\n<Security UserID=\"S-1-5-18\"></Security>\n</System>\n<EventData></EventData>\n</Event>\n"
  },
  {
    "EventID": 3005,
    "Timestamp": "2014-02-19 14:30:23.603996+00:00",
    "Computer": "IACIS-HDD-2014",
    "Channel": "Microsoft-Windows-BranchCacheSMB/Operational",
    "Level": "Information",
    "EventData": {},
    "RawXml": "<Event xmlns=\"http://schemas.microsoft.com/win/2004/08/events/event\"><System><Provider Name=\"Microsoft-Windows-BranchCacheSMB\" Guid=\"{4a933674-fb3d-4e8d-b01d-17ee14e91a3e}\"></Provider>\n<EventID Qualifiers=\"\">3005</EventID>\n<Version>0</Version>\n<Level>4</Level>\n<Task>0</Task>\n<Opcode>0</Opcode>\n<Keywords>0x8000000000000800</Keywords>\n<TimeCreated SystemTime=\"2014-02-19 14:30:23.603996+00:00\"></TimeCreated>\n<EventRecordID>92</EventRecordID>\n<Correlation ActivityID=\"\" RelatedActivityID=\"\"></Correlation>\n<Execution ProcessID=\"912\" ThreadID=\"3384\"></Execution>\n<Channel>Microsoft-Windows-BranchCacheSMB/Operational</Channel>\n<Computer>IACIS-HDD-2014</Computer>\n<Security UserID=\"S-1-5-18\"></Security>\n</System>\n<UserData><CounterSummary xmlns:auto-ns3=\"http://schemas.microsoft.com/win/2004/08/events\" xmlns=\"CounterSummaryNs\"><ServiceActiveTimeInSeconds>3600</ServiceActiveTimeInSeconds>\n<SMBBranchCacheBytesRequested>0</SMBBranchCacheBytesRequested>\n<SMBBranchCacheBytesReceived>0</SMBBranchCacheBytesReceived>\n<SMBBranchCacheBytesPublished>0</SMBBranchCacheBytesPublished>\n<SMBBranchCacheBytesRequestedFromServer>0</SMBBranchCacheBytesRequestedFromServer>\n<SMBBranchCacheHashesRequested>0</SMBBranchCacheHashesRequested>\n<SMBBranchCacheHashesReceived>0</SMBBranchCacheHashesReceived>\n<SMBBranchCacheHashBytesReceived>0</SMBBranchCacheHashBytesReceived>\n<PrefetchOperationsQueued>0</PrefetchOperationsQueued>\n<PrefetchBytesReadFromCache>0</PrefetchBytesReadFromCache>\n<PrefetchBytesReadFromServer>0</PrefetchBytesReadFromServer>\n<ApplicationBytesReadFromCache>0</ApplicationBytesReadFromCache>\n<ApplicationBytesReadFromServer>0</ApplicationBytesReadFromServer>\n<ApplicationBytesReadFromServerNotCached>0</ApplicationBytesReadFromServerNotCached>\n</CounterSummary>\n</UserData>\n</Event>\n"
  },
  {
    "EventID": 3005,
    "Timestamp": "2014-02-19 15:30:23.606720+00:00",
    "Computer": "IACIS-HDD-2014",
    "Channel": "Microsoft-Windows-BranchCacheSMB/Operational",
    "Level": "Information",
    "EventData": {},
    "RawXml": "<Event xmlns=\"http://schemas.microsoft.com/win/2004/08/events/event\"><System><Provider Name=\"Microsoft-Windows-BranchCacheSMB\" Guid=\"{4a933674-fb3d-4e8d-b01d-17ee14e91a3e}\"></Provider>\n<EventID Qualifiers=\"\">3005</EventID>\n<Version>0</Version>\n<Level>4</Level>\n<Task>0</Task>\n<Opcode>0</Opcode>\n<Keywords>0x8000000000000800</Keywords>\n<TimeCreated SystemTime=\"2014-02-19 15:30:23.606720+00:00\"></TimeCreated>\n<EventRecordID>93</EventRecordID>\n<Correlation ActivityID=\"\" RelatedActivityID=\"\"></Correlation>\n<Execution ProcessID=\"912\" ThreadID=\"3384\"></Execution>\n<Channel>Microsoft-Windows-BranchCacheSMB/Operational</Channel>\n<Computer>IACIS-HDD-2014</Computer>\n<Security UserID=\"S-1-5-18\"></Security>\n</System>\n<UserData><CounterSummary xmlns:auto-ns3=\"http://schemas.microsoft.com/win/2004/08/events\" xmlns=\"CounterSummaryNs\"><ServiceActiveTimeInSeconds>7200</ServiceActiveTimeInSeconds>\n<SMBBranchCacheBytesRequested>0</SMBBranchCacheBytesRequested>\n<SMBBranchCacheBytesReceived>0</SMBBranchCacheBytesReceived>\n<SMBBranchCacheBytesPublished>0</SMBBranchCacheBytesPublished>\n<SMBBranchCacheBytesRequestedFromServer>0</SMBBranchCacheBytesRequestedFromServer>\n<SMBBranchCacheHashesRequested>0</SMBBranchCacheHashesRequested>\n<SMBBranchCacheHashesReceived>0</SMBBranchCacheHashesReceived>\n<SMBBranchCacheHashBytesReceived>0</SMBBranchCacheHashBytesReceived>\n<PrefetchOperationsQueued>0</PrefetchOperationsQueued>\n<PrefetchBytesReadFromCache>0</PrefetchBytesReadFromCache>\n<PrefetchBytesReadFromServer>0</PrefetchBytesReadFromServer>\n<ApplicationBytesReadFromCache>0</ApplicationBytesReadFromCache>\n<ApplicationBytesReadFromServer>0</ApplicationBytesReadFromServer>\n<ApplicationBytesReadFromServerNotCached>0</ApplicationBytesReadFromServerNotCached>\n</CounterSummary>\n</UserData>\n</Event>\n"
  },
  {
    "EventID": 3005,
    "Timestamp": "2014-02-19 16:30:23.609442+00:00",
    "Computer": "IACIS-HDD-2014",
    "Channel": "Microsoft-Windows-BranchCacheSMB/Operational",
    "Level": "Information",
    "EventData": {},
    "RawXml": "<Event xmlns=\"http://schemas.microsoft.com/win/2004/08/events/event\"><System><Provider Name=\"Microsoft-Windows-BranchCacheSMB\" Guid=\"{4a933674-fb3d-4e8d-b01d-17ee14e91a3e}\"></Provider>\n<EventID Qualifiers=\"\">3005</EventID>\n<Version>0</Version>\n<Level>4</Level>\n<Task>0</Task>\n<Opcode>0</Opcode>\n<Keywords>0x8000000000000800</Keywords>\n<TimeCreated SystemTime=\"2014-02-19 16:30:23.609442+00:00\"></TimeCreated>\n<EventRecordID>94</EventRecordID>\n<Correlation ActivityID=\"\" RelatedActivityID=\"\"></Correlation>\n<Execution ProcessID=\"912\" ThreadID=\"3264\"></Execution>\n<Channel>Microsoft-Windows-BranchCacheSMB/Operational</Channel>\n<Computer>IACIS-HDD-2014</Computer>\n<Security UserID=\"S-1-5-18\"></Security>\n</System>\n<UserData><CounterSummary xmlns:auto-ns3=\"http://schemas.microsoft.com/win/2004/08/events\" xmlns=\"CounterSummaryNs\"><ServiceActiveTimeInSeconds>10800</ServiceActiveTimeInSeconds>\n<SMBBranchCacheBytesRequested>0</SMBBranchCacheBytesRequested>\n<SMBBranchCacheBytesReceived>0</SMBBranchCacheBytesReceived>\n<SMBBranchCacheBytesPublished>0</SMBBranchCacheBytesPublished>\n<SMBBranchCacheBytesRequestedFromServer>0</SMBBranchCacheBytesRequestedFromServer>\n<SMBBranchCacheHashesRequested>0</SMBBranchCacheHashesRequested>\n<SMBBranchCacheHashesReceived>0</SMBBranchCacheHashesReceived>\n<SMBBranchCacheHashBytesReceived>0</SMBBranchCacheHashBytesReceived>\n<PrefetchOperationsQueued>0</PrefetchOperationsQueued>\n<PrefetchBytesReadFromCache>0</PrefetchBytesReadFromCache>\n<PrefetchBytesReadFromServer>0</PrefetchBytesReadFromServer>\n<ApplicationBytesReadFromCache>0</ApplicationBytesReadFromCache>\n<ApplicationBytesReadFromServer>0</ApplicationBytesReadFromServer>\n<ApplicationBytesReadFromServerNotCached>0</ApplicationBytesReadFromServerNotCached>\n</CounterSummary>\n</UserData>\n</Event>\n"
  },
  {
    "EventID": 3005,
    "Timestamp": "2014-02-19 17:30:23.602571+00:00",
    "Computer": "IACIS-HDD-2014",
    "Channel": "Microsoft-Windows-BranchCacheSMB/Operational",
    "Level": "Information",
    "EventData": {},
    "RawXml": "<Event xmlns=\"http://schemas.microsoft.com/win/2004/08/events/event\"><System><Provider Name=\"Microsoft-Windows-BranchCacheSMB\" Guid=\"{4a933674-fb3d-4e8d-b01d-17ee14e91a3e}\"></Provider>\n<EventID Qualifiers=\"\">3005</EventID>\n<Version>0</Version>\n<Level>4</Level>\n<Task>0</Task>\n<Opcode>0</Opcode>\n<Keywords>0x8000000000000800</Keywords>\n<TimeCreated SystemTime=\"2014-02-19 17:30:23.602571+00:00\"></TimeCreated>\n<EventRecordID>95</EventRecordID>\n<Correlation ActivityID=\"\" RelatedActivityID=\"\"></Correlation>\n<Execution ProcessID=\"912\" ThreadID=\"1312\"></Execution>\n<Channel>Microsoft-Windows-BranchCacheSMB/Operational</Channel>\n<Computer>IACIS-HDD-2014</Computer>\n<Security UserID=\"S-1-5-18\"></Security>\n</System>\n<UserData><CounterSummary xmlns:auto-ns3=\"http://schemas.microsoft.com/win/2004/08/events\" xmlns=\"CounterSummaryNs\"><ServiceActiveTimeInSeconds>14400</ServiceActiveTimeInSeconds>\n<SMBBranchCacheBytesRequested>0</SMBBranchCacheBytesRequested>\n<SMBBranchCacheBytesReceived>0</SMBBranchCacheBytesReceived>\n<SMBBranchCacheBytesPublished>0</SMBBranchCacheBytesPublished>\n<SMBBranchCacheBytesRequestedFromServer>0</SMBBranchCacheBytesRequestedFromServer>\n<SMBBranchCacheHashesRequested>0</SMBBranchCacheHashesRequested>\n<SMBBranchCacheHashesReceived>0</SMBBranchCacheHashesReceived>\n<SMBBranchCacheHashBytesReceived>0</SMBBranchCacheHashBytesReceived>\n<PrefetchOperationsQueued>0</PrefetchOperationsQueued>\n<PrefetchBytesReadFromCache>0</PrefetchBytesReadFromCache>\n<PrefetchBytesReadFromServer>0</PrefetchBytesReadFromServer>\n<ApplicationBytesReadFromCache>0</ApplicationBytesReadFromCache>\n<ApplicationBytesReadFromServer>0</ApplicationBytesReadFromServer>\n<ApplicationBytesReadFromServerNotCached>0</ApplicationBytesReadFromServerNotCached>\n</CounterSummary>\n</UserData>\n</Event>\n"
  },
  {
    "EventID": 3005,
    "Timestamp": "2014-02-20 14:22:17.114029+00:00",
    "Computer": "IACIS-HDD-2014",
    "Channel": "Microsoft-Windows-BranchCacheSMB/Operational",
    "Level": "Information",
    "EventData": {},
    "RawXml": "<Event xmlns=\"http://schemas.microsoft.com/win/2004/08/events/event\"><System><Provider Name=\"Microsoft-Windows-BranchCacheSMB\" Guid=\"{4a933674-fb3d-4e8d-b01d-17ee14e91a3e}\"></Provider>\n<EventID Qualifiers=\"\">3005</EventID>\n<Version>0</Version>\n<Level>4</Level>\n<Task>0</Task>\n<Opcode>0</Opcode>\n<Keywords>0x8000000000000800</Keywords>\n<TimeCreated SystemTime=\"2014-02-20 14:22:17.114029+00:00\"></TimeCreated>\n<EventRecordID>96</EventRecordID>\n<Correlation ActivityID=\"\" RelatedActivityID=\"\"></Correlation>\n<Execution ProcessID=\"912\" ThreadID=\"924\"></Execution>\n<Channel>Microsoft-Windows-BranchCacheSMB/Operational</Channel>\n<Computer>IACIS-HDD-2014</Computer>\n<Security UserID=\"S-1-5-18\"></Security>\n</System>\n<UserData><CounterSummary xmlns:auto-ns3=\"http://schemas.microsoft.com/win/2004/08/events\" xmlns=\"CounterSummaryNs\"><ServiceActiveTimeInSeconds>0</ServiceActiveTimeInSeconds>\n<SMBBranchCacheBytesRequested>0</SMBBranchCacheBytesRequested>\n<SMBBranchCacheBytesReceived>0</SMBBranchCacheBytesReceived>\n<SMBBranchCacheBytesPublished>0</SMBBranchCacheBytesPublished>\n<SMBBranchCacheBytesRequestedFromServer>0</SMBBranchCacheBytesRequestedFromServer>\n<SMBBranchCacheHashesRequested>0</SMBBranchCacheHashesRequested>\n<SMBBranchCacheHashesReceived>0</SMBBranchCacheHashesReceived>\n<SMBBranchCacheHashBytesReceived>0</SMBBranchCacheHashBytesReceived>\n<PrefetchOperationsQueued>0</PrefetchOperationsQueued>\n<PrefetchBytesReadFromCache>0</PrefetchBytesReadFromCache>\n<PrefetchBytesReadFromServer>0</PrefetchBytesReadFromServer>\n<ApplicationBytesReadFromCache>0</ApplicationBytesReadFromCache>\n<ApplicationBytesReadFromServer>0</ApplicationBytesReadFromServer>\n<ApplicationBytesReadFromServerNotCached>0</ApplicationBytesReadFromServerNotCached>\n</CounterSummary>\n</UserData>\n</Event>\n"
  },
  {
    "EventID": 3001,
    "Timestamp": "2014-02-20 14:22:18.128029+00:00",
    "Computer": "IACIS-HDD-2014",
    "Channel": "Microsoft-Windows-BranchCacheSMB/Operational",
    "Level": "Information",
    "EventData": {},
    "RawXml": "<Event xmlns=\"http://schemas.microsoft.com/win/2004/08/events/event\"><System><Provider Name=\"Microsoft-Windows-BranchCacheSMB\" Guid=\"{4a933674-fb3d-4e8d-b01d-17ee14e91a3e}\"></Provider>\n<EventID Qualifiers=\"\">3001</EventID>\n<Version>0</Version>\n<Level>4</Level>\n<Task>0</Task>\n<Opcode>0</Opcode>\n<Keywords>0x8000000000000800</Keywords>\n<TimeCreated SystemTime=\"2014-02-20 14:22:18.128029+00:00\"></TimeCreated>\n<EventRecordID>97</EventRecordID>\n<Correlation ActivityID=\"\" RelatedActivityID=\"\"></Correlation>\n<Execution ProcessID=\"912\" ThreadID=\"412\"></Execution>\n<Channel>Microsoft-Windows-BranchCacheSMB/Operational</Channel>\n<Computer>IACIS-HDD-2014</Computer>\n<Security UserID=\"S-1-5-18\"></Security>\n</System>\n<EventData></EventData>\n</Event>\n"
  },
  {
    "EventID": 3005,
    "Timestamp": "2014-02-20 15:22:17.112957+00:00",
    "Computer": "IACIS-HDD-2014",
    "Channel": "Microsoft-Windows-BranchCacheSMB/Operational",
    "Level": "Information",
    "EventData": {},
    "RawXml": "<Event xmlns=\"http://schemas.microsoft.com/win/2004/08/events/event\"><System><Provider Name=\"Microsoft-Windows-BranchCacheSMB\" Guid=\"{4a933674-fb3d-4e8d-b01d-17ee14e91a3e}\"></Provider>\n<EventID Qualifiers=\"\">3005</EventID>\n<Version>0</Version>\n<Level>4</Level>\n<Task>0</Task>\n<Opcode>0</Opcode>\n<Keywords>0x8000000000000800</Keywords>\n<TimeCreated SystemTime=\"2014-02-20 15:22:17.112957+00:00\"></TimeCreated>\n<EventRecordID>98</EventRecordID>\n<Correlation ActivityID=\"\" RelatedActivityID=\"\"></Correlation>\n<Execution ProcessID=\"912\" ThreadID=\"2564\"></Execution>\n<Channel>Microsoft-Windows-BranchCacheSMB/Operational</Channel>\n<Computer>IACIS-HDD-2014</Computer>\n<Security UserID=\"S-1-5-18\"></Security>\n</System>\n<UserData><CounterSummary xmlns:auto-ns3=\"http://schemas.microsoft.com/win/2004/08/events\" xmlns=\"CounterSummaryNs\"><ServiceActiveTimeInSeconds>3600</ServiceActiveTimeInSeconds>\n<SMBBranchCacheBytesRequested>0</SMBBranchCacheBytesRequested>\n<SMBBranchCacheBytesReceived>0</SMBBranchCacheBytesReceived>\n<SMBBranchCacheBytesPublished>0</SMBBranchCacheBytesPublished>\n<SMBBranchCacheBytesRequestedFromServer>0</SMBBranchCacheBytesRequestedFromServer>\n<SMBBranchCacheHashesRequested>0</SMBBranchCacheHashesRequested>\n<SMBBranchCacheHashesReceived>0</SMBBranchCacheHashesReceived>\n<SMBBranchCacheHashBytesReceived>0</SMBBranchCacheHashBytesReceived>\n<PrefetchOperationsQueued>0</PrefetchOperationsQueued>\n<PrefetchBytesReadFromCache>0</PrefetchBytesReadFromCache>\n<PrefetchBytesReadFromServer>0</PrefetchBytesReadFromServer>\n<ApplicationBytesReadFromCache>0</ApplicationBytesReadFromCache>\n<ApplicationBytesReadFromServer>0</ApplicationBytesReadFromServer>\n<ApplicationBytesReadFromServerNotCached>0</ApplicationBytesReadFromServerNotCached>\n</CounterSummary>\n</UserData>\n</Event>\n"
  },
  {
    "EventID": 3005,
    "Timestamp": "2014-02-20 16:22:17.102083+00:00",
    "Computer": "IACIS-HDD-2014",
    "Channel": "Microsoft-Windows-BranchCacheSMB/Operational",
    "Level": "Information",
    "EventData": {},
    "RawXml": "<Event xmlns=\"http://schemas.microsoft.com/win/2004/08/events/event\"><System><Provider Name=\"Microsoft-Windows-BranchCacheSMB\" Guid=\"{4a933674-fb3d-4e8d-b01d-17ee14e91a3e}\"></Provider>\n<EventID Qualifiers=\"\">3005</EventID>\n<Version>0</Version>\n<Level>4</Level>\n<Task>0</Task>\n<Opcode>0</Opcode>\n<Keywords>0x8000000000000800</Keywords>\n<TimeCreated SystemTime=\"2014-02-20 16:22:17.102083+00:00\"></TimeCreated>\n<EventRecordID>99</EventRecordID>\n<Correlation ActivityID=\"\" RelatedActivityID=\"\"></Correlation>\n<Execution ProcessID=\"912\" ThreadID=\"2656\"></Execution>\n<Channel>Microsoft-Windows-BranchCacheSMB/Operational</Channel>\n<Computer>IACIS-HDD-2014</Computer>\n<Security UserID=\"S-1-5-18\"></Security>\n</System>\n<UserData><CounterSummary xmlns:auto-ns3=\"http://schemas.microsoft.com/win/2004/08/events\" xmlns=\"CounterSummaryNs\"><ServiceActiveTimeInSeconds>7200</ServiceActiveTimeInSeconds>\n<SMBBranchCacheBytesRequested>0</SMBBranchCacheBytesRequested>\n<SMBBranchCacheBytesReceived>0</SMBBranchCacheBytesReceived>\n<SMBBranchCacheBytesPublished>0</SMBBranchCacheBytesPublished>\n<SMBBranchCacheBytesRequestedFromServer>0</SMBBranchCacheBytesRequestedFromServer>\n<SMBBranchCacheHashesRequested>0</SMBBranchCacheHashesRequested>\n<SMBBranchCacheHashesReceived>0</SMBBranchCacheHashesReceived>\n<SMBBranchCacheHashBytesReceived>0</SMBBranchCacheHashBytesReceived>\n<PrefetchOperationsQueued>0</PrefetchOperationsQueued>\n<PrefetchBytesReadFromCache>0</PrefetchBytesReadFromCache>\n<PrefetchBytesReadFromServer>0</PrefetchBytesReadFromServer>\n<ApplicationBytesReadFromCache>0</ApplicationBytesReadFromCache>\n<ApplicationBytesReadFromServer>0</ApplicationBytesReadFromServer>\n<ApplicationBytesReadFromServerNotCached>0</ApplicationBytesReadFromServerNotCached>\n</CounterSummary>\n</UserData>\n</Event>\n"
  },
  {
    "EventID": 3005,
    "Timestamp": "2014-02-20 17:22:17.104805+00:00",
    "Computer": "IACIS-HDD-2014",
    "Channel": "Microsoft-Windows-BranchCacheSMB/Operational",
    "Level": "Information",
    "EventData": {},
    "RawXml": "<Event xmlns=\"http://schemas.microsoft.com/win/2004/08/events/event\"><System><Provider Name=\"Microsoft-Windows-BranchCacheSMB\" Guid=\"{4a933674-fb3d-4e8d-b01d-17ee14e91a3e}\"></Provider>\n<EventID Qualifiers=\"\">3005</EventID>\n<Version>0</Version>\n<Level>4</Level>\n<Task>0</Task>\n<Opcode>0</Opcode>\n<Keywords>0x8000000000000800</Keywords>\n<TimeCreated SystemTime=\"2014-02-20 17:22:17.104805+00:00\"></TimeCreated>\n<EventRecordID>100</EventRecordID>\n<Correlation ActivityID=\"\" RelatedActivityID=\"\"></Correlation>\n<Execution ProcessID=\"912\" ThreadID=\"2664\"></Execution>\n<Channel>Microsoft-Windows-BranchCacheSMB/Operational</Channel>\n<Computer>IACIS-HDD-2014</Computer>\n<Security UserID=\"S-1-5-18\"></Security>\n</System>\n<UserData><CounterSummary xmlns:auto-ns3=\"http://schemas.microsoft.com/win/2004/08/events\" xmlns=\"CounterSummaryNs\"><ServiceActiveTimeInSeconds>10800</ServiceActiveTimeInSeconds>\n<SMBBranchCacheBytesRequested>0</SMBBranchCacheBytesRequested>\n<SMBBranchCacheBytesReceived>0</SMBBranchCacheBytesReceived>\n<SMBBranchCacheBytesPublished>0</SMBBranchCacheBytesPublished>\n<SMBBranchCacheBytesRequestedFromServer>0</SMBBranchCacheBytesRequestedFromServer>\n<SMBBranchCacheHashesRequested>0</SMBBranchCacheHashesRequested>\n<SMBBranchCacheHashesReceived>0</SMBBranchCacheHashesReceived>\n<SMBBranchCacheHashBytesReceived>0</SMBBranchCacheHashBytesReceived>\n<PrefetchOperationsQueued>0</PrefetchOperationsQueued>\n<PrefetchBytesReadFromCache>0</PrefetchBytesReadFromCache>\n<PrefetchBytesReadFromServer>0</PrefetchBytesReadFromServer>\n<ApplicationBytesReadFromCache>0</ApplicationBytesReadFromCache>\n<ApplicationBytesReadFromServer>0</ApplicationBytesReadFromServer>\n<ApplicationBytesReadFromServerNotCached>0</ApplicationBytesReadFromServerNotCached>\n</CounterSummary>\n</UserData>\n</Event>\n"
  },
  {
    "EventID": 3005,
    "Timestamp": "2014-02-20 18:22:17.107529+00:00",
    "Computer": "IACIS-HDD-2014",
    "Channel": "Microsoft-Windows-BranchCacheSMB/Operational",
    "Level": "Information",
    "EventData": {},
    "RawXml": "<Event xmlns=\"http://schemas.microsoft.com/win/2004/08/events/event\"><System><Provider Name=\"Microsoft-Windows-BranchCacheSMB\" Guid=\"{4a933674-fb3d-4e8d-b01d-17ee14e91a3e}\"></Provider>\n<EventID Qualifiers=\"\">3005</EventID>\n<Version>0</Version>\n<Level>4</Level>\n<Task>0</Task>\n<Opcode>0</Opcode>\n<Keywords>0x8000000000000800</Keywords>\n<TimeCreated SystemTime=\"2014-02-20 18:22:17.107529+00:00\"></TimeCreated>\n<EventRecordID>101</EventRecordID>\n<Correlation ActivityID=\"\" RelatedActivityID=\"\"></Correlation>\n<Execution ProcessID=\"912\" ThreadID=\"2664\"></Execution>\n<Channel>Microsoft-Windows-BranchCacheSMB/Operational</Channel>\n<Computer>IACIS-HDD-2014</Computer>\n<Security UserID=\"S-1-5-18\"></Security>\n</System>\n<UserData><CounterSummary xmlns:auto-ns3=\"http://schemas.microsoft.com/win/2004/08/events\" xmlns=\"CounterSummaryNs\"><ServiceActiveTimeInSeconds>14400</ServiceActiveTimeInSeconds>\n<SMBBranchCacheBytesRequested>0</SMBBranchCacheBytesRequested>\n<SMBBranchCacheBytesReceived>0</SMBBranchCacheBytesReceived>\n<SMBBranchCacheBytesPublished>0</SMBBranchCacheBytesPublished>\n<SMBBranchCacheBytesRequestedFromServer>0</SMBBranchCacheBytesRequestedFromServer>\n<SMBBranchCacheHashesRequested>0</SMBBranchCacheHashesRequested>\n<SMBBranchCacheHashesReceived>0</SMBBranchCacheHashesReceived>\n<SMBBranchCacheHashBytesReceived>0</SMBBranchCacheHashBytesReceived>\n<PrefetchOperationsQueued>0</PrefetchOperationsQueued>\n<PrefetchBytesReadFromCache>0</PrefetchBytesReadFromCache>\n<PrefetchBytesReadFromServer>0</PrefetchBytesReadFromServer>\n<ApplicationBytesReadFromCache>0</ApplicationBytesReadFromCache>\n<ApplicationBytesReadFromServer>0</ApplicationBytesReadFromServer>\n<ApplicationBytesReadFromServerNotCached>0</ApplicationBytesReadFromServerNotCached>\n</CounterSummary>\n</UserData>\n</Event>\n"
  },
  {
    "EventID": 3005,
    "Timestamp": "2014-02-20 19:22:17.102053+00:00",
    "Computer": "IACIS-HDD-2014",
    "Channel": "Microsoft-Windows-BranchCacheSMB/Operational",
    "Level": "Information",
    "EventData": {},
    "RawXml": "<Event xmlns=\"http://schemas.microsoft.com/win/2004/08/events/event\"><System><Provider Name=\"Microsoft-Windows-BranchCacheSMB\" Guid=\"{4a933674-fb3d-4e8d-b01d-17ee14e91a3e}\"></Provider>\n<EventID Qualifiers=\"\">3005</EventID>\n<Version>0</Version>\n<Level>4</Level>\n<Task>0</Task>\n<Opcode>0</Opcode>\n<Keywords>0x8000000000000800</Keywords>\n<TimeCreated SystemTime=\"2014-02-20 19:22:17.102053+00:00\"></TimeCreated>\n<EventRecordID>102</EventRecordID>\n<Correlation ActivityID=\"\" RelatedActivityID=\"\"></Correlation>\n<Execution ProcessID=\"912\" ThreadID=\"516\"></Execution>\n<Channel>Microsoft-Windows-BranchCacheSMB/Operational</Channel>\n<Computer>IACIS-HDD-2014</Computer>\n<Security UserID=\"S-1-5-18\"></Security>\n</System>\n<UserData><CounterSummary xmlns:auto-ns3=\"http://schemas.microsoft.com/win/2004/08/events\" xmlns=\"CounterSummaryNs\"><ServiceActiveTimeInSeconds>18000</ServiceActiveTimeInSeconds>\n<SMBBranchCacheBytesRequested>0</SMBBranchCacheBytesRequested>\n<SMBBranchCacheBytesReceived>0</SMBBranchCacheBytesReceived>\n<SMBBranchCacheBytesPublished>0</SMBBranchCacheBytesPublished>\n<SMBBranchCacheBytesRequestedFromServer>0</SMBBranchCacheBytesRequestedFromServer>\n<SMBBranchCacheHashesRequested>0</SMBBranchCacheHashesRequested>\n<SMBBranchCacheHashesReceived>0</SMBBranchCacheHashesReceived>\n<SMBBranchCacheHashBytesReceived>0</SMBBranchCacheHashBytesReceived>\n<PrefetchOperationsQueued>0</PrefetchOperationsQueued>\n<PrefetchBytesReadFromCache>0</PrefetchBytesReadFromCache>\n<PrefetchBytesReadFromServer>0</PrefetchBytesReadFromServer>\n<ApplicationBytesReadFromCache>0</ApplicationBytesReadFromCache>\n<ApplicationBytesReadFromServer>0</ApplicationBytesReadFromServer>\n<ApplicationBytesReadFromServerNotCached>0</ApplicationBytesReadFromServerNotCached>\n</CounterSummary>\n</UserData>\n</Event>\n"
  }
]