  {
    "EventID": 2004,
    "Timestamp": "2014-01-25 01:27:34.402657+00:00",
    "Computer": "IACIS-HDD-2014",
    "Channel": "Microsoft-Windows-Windows Firewall With Advanced Security/Firewall",
    "Level": "Information",
    "EventData": {
      "RuleId": "{0E004AD3-53F6-487A-B96B-8AF071D67F61}",
      "RuleName": "Windows Media Player Network Sharing Service (UPnP-In)",
      "Origin": "1",
      "ApplicationPath": "System",
      "ServiceName": "",
      "Direction": "1",
      "Protocol": "6",
      "LocalPorts": "2869",
      "RemotePorts": "*",
      "Action": "3",
      "Profiles": "2",
      "LocalAddresses": "*",
      "RemoteAddresses": "LocalSubnet",
      "RemoteMachineAuthorizationList": "",
      "RemoteUserAuthorizationList": "",
      "EmbeddedContext": "@FirewallAPI.dll,-31252",
      "Flags": "0",
      "Active": "0",
      "EdgeTraversal": "0",
      "LooseSourceMapped": "0",
      "SecurityOptions": "0",
      "ModifyingUser": "S-1-5-18",
      "ModifyingApplication": "C:\\Windows\\System32\\svchost.exe",
      "SchemaVersion": "522",
      "RuleStatus": "65536"
    },
    "RawXml": "<Event xmlns=\"http://schemas.microsoft.com/win/2004/08/events/event\"><System><Provider Name=\"Microsoft-Windows-Windows Firewall With Advanced Security\" Guid=\"{d1bc9aff-2abf-4d71-9146-ecb2a986eb85}\"></Provider>\n<EventID Qualifiers=\"\">2004</EventID>\n<Version>0</Version>\n<Level>4</Level>\n<Task>0</Task>\n<Opcode>0</Opcode>\n<Keywords>0x8000020000000000</Keywords>\n<TimeCreated SystemTime=\"2014-01-25 01:27:34.402657+00:00\"></TimeCreated>\n<EventRecordID>99</EventRecordID>\n<Correlation ActivityID=\"\" RelatedActivityID=\"\"></Correlation>\n<Execution ProcessID=\"1268\" ThreadID=\"1060\"></Execution>\n<Channel>Microsoft-Windows-Windows Firewall With Advanced Security/Firewall</Channel>\n<Computer>IACIS-HDD-2014</Computer>\n<Security UserID=\"S-1-5-19\"></Security>\n</System>\n<EventData><Data Name=\"RuleId\">{0E004AD3-53F6-487A-B96B-8AF071D67F61}</Data>\n<Data Name=\"RuleName\">Windows Media Player Network Sharing Service (UPnP-In)</Data>\n<Data Name=\"Origin\">1</Data>\n<Data Name=\"ApplicationPath\">System</Data>\n<Data Name=\"ServiceName\"></Data>\n<Data Name=\"Direction\">1</Data>\n<Data Name=\"Protocol\">6</Data>\n<Data Name=\"LocalPorts\">2869</Data>\n<Data Name=\"RemotePorts\">*</Data>\n<Data Name=\"Action\">3</Data>\n<Data Name=\"Profiles\">2</Data>\n<Data Name=\"LocalAddresses\">*</Data>\n<Data Name=\"RemoteAddresses\">LocalSubnet</Data>\n<Data Name=\"RemoteMachineAuthorizationList\"></Data>\n<Data Name=\"RemoteUserAuthorizationList\"></Data>\n<Data Name=\"EmbeddedContext\">@FirewallAPI.dll,-31252</Data>\n<Data Name=\"Flags\">0</Data>\n<Data Name=\"Active\">0</Data>\n<Data Name=\"EdgeTraversal\">0</Data>\n<Data Name=\"LooseSourceMapped\">0</Data>\n<Data Name=\"SecurityOptions\">0</Data>\n<Data Name=\"ModifyingUser\">S-1-5-18</Data>\n<Data Name=\"ModifyingApplication\">C:\\Windows\\System32\\svchost.exe</Data>\n<Data Name=\"SchemaVersion\">522</Data>\n<Data Name=\"RuleStatus\">65536</Data>\n</EventData>\n</Event>\n"
  },
  {
    "EventID": 2005,
    "Timestamp": "2014-01-25 01:27:34.402657+00:00",
    "Computer": "IACIS-HDD-2014",
    "Channel": "Microsoft-Windows-Windows Firewall With Advanced Security/Firewall",
    "Level": "Information",
    "EventData": {
      "RuleId": "{0E004AD3-53F6-487A-B96B-8AF071D67F61}",
      "RuleName": "Windows Media Player Network Sharing Service (UPnP-In)",
      "Origin": "1",
      "ApplicationPath": "System",
      "ServiceName": "",
      "Direction": "1",
      "Protocol": "6",
      "LocalPorts": "2869",
      "RemotePorts": "*",
      "Action": "3",
      "Profiles": "2",
      "LocalAddresses": "*",
      "RemoteAddresses": "LocalSubnet",
      "RemoteMachineAuthorizationList": "",
      "RemoteUserAuthorizationList": "",
      "EmbeddedContext": "@FirewallAPI.dll,-31252",
      "Flags": "1",
      "Active": "1",
      "EdgeTraversal": "0",
      "LooseSourceMapped": "0",
      "SecurityOptions": "0",
      "ModifyingUser": "S-1-5-18",
      "ModifyingApplication": "C:\\Windows\\System32\\svchost.exe",
      "SchemaVersion": "522",
      "RuleStatus": "65536"
    },
    "RawXml": "<Event xmlns=\"http://schemas.microsoft.com/win/2004/08/events/event\"><System><Provider Name=\"Microsoft-Windows-Windows Firewall With Advanced Security\" Guid=\"{d1bc9aff-2abf-4d71-9146-ecb2a986eb85}\"></Provider>\n<EventID Qualifiers=\"\">2005</EventID>\n<Version>0</Version>\n<Level>4</Level>\n<Task>0</Task>\n<Opcode>0</Opcode>\n<Keywords>0x8000020000000000</Keywords>\n<TimeCreated SystemTime=\"2014-01-25 01:27:34.402657+00:00\"></TimeCreated>\n<EventRecordID>100</EventRecordID>\n<Correlation ActivityID=\"\" RelatedActivityID=\"\"></Correlation>\n<Execution ProcessID=\"1268\" ThreadID=\"1284\"></Execution>\n<Channel>Microsoft-Windows-Windows Firewall With Advanced Security/Firewall</Channel>\n<Computer>IACIS-HDD-2014</Computer>\n<Security UserID=\"S-1-5-19\"></Security>\n</System>\n<EventData><Data Name=\"RuleId\">{0E004AD3-53F6-487A-B96B-8AF071D67F61}</Data>\n<Data Name=\"RuleName\">Windows Media Player Network Sharing Service (UPnP-In)</Data>\n<Data Name=\"Origin\">1</Data>\n<Data Name=\"ApplicationPath\">System</Data>\n<Data Name=\"ServiceName\"></Data>\n<Data Name=\"Direction\">1</Data>\n<Data Name=\"Protocol\">6</Data>\n<Data Name=\"LocalPorts\">2869</Data>\n<Data Name=\"RemotePorts\">*</Data>\n<Data Name=\"Action\">3</Data>\n<Data Name=\"Profiles\">2</Data>\n<Data Name=\"LocalAddresses\">*</Data>\n<Data Name=\"RemoteAddresses\">LocalSubnet</Data>\n<Data Name=\"RemoteMachineAuthorizationList\"></Data>\n<Data Name=\"RemoteUserAuthorizationList\"></Data>\n<Data Name=\"EmbeddedContext\">@FirewallAPI.dll,-31252</Data>\n<Data Name=\"Flags\">1</Data>\n<Data Name=\"Active\">1</Data>\n<Data Name=\"EdgeTraversal\">0</Data>\n<Data Name=\"LooseSourceMapped\">0</Data>\n<Data Name=\"SecurityOptions\">0</Data>\n<Data Name=\"ModifyingUser\">S-1-5-18</Data>\n<Data Name=\"ModifyingApplication\">C:\\Windows\\System32\\svchost.exe</Data>\n<Data Name=\"SchemaVersion\">522</Data>\n<Data Name=\"RuleStatus\">65536</Data>\n</EventData>\n</Event>\n"
  },
  {
    "EventID": 2005,
    "Timestamp": "2014-01-25 01:27:34.402657+00:00",
    "Computer": "IACIS-HDD-2014",
    "Channel": "Microsoft-Windows-Windows Firewall With Advanced Security/Firewall",
    "Level": "Information",
    "EventData": {
      "RuleId": "WMPNSS-UPnPHost-Out-TCP",
      "RuleName": "Windows Media Player Network Sharing Service (UPnP-Out)",
      "Origin": "1",
      "ApplicationPath": "System",
      "ServiceName": "",
      "Direction": "2",
      "Protocol": "6",
      "LocalPorts": "*",
      "RemotePorts": "*",
      "Action": "3",
      "Profiles": "5",
      "LocalAddresses": "*",
      "RemoteAddresses": "LocalSubnet",
      "RemoteMachineAuthorizationList": "",
      "RemoteUserAuthorizationList": "",
      "EmbeddedContext": "@FirewallAPI.dll,-31252",
      "Flags": "0",
      "Active": "0",
      "EdgeTraversal": "0",
      "LooseSourceMapped": "0",
      "SecurityOptions": "0",
      "ModifyingUser": "S-1-5-18",
      "ModifyingApplication": "C:\\Windows\\System32\\svchost.exe",
      "SchemaVersion": "522",
      "RuleStatus": "65536"
    },
    "RawXml": "<Event xmlns=\"http://schemas.microsoft.com/win/2004/08/events/event\"><System><Provider Name=\"Microsoft-Windows-Windows Firewall With Advanced Security\" Guid=\"{d1bc9aff-2abf-4d71-9146-ecb2a986eb85}\"></Provider>\n<EventID Qualifiers=\"\">2005</EventID>\n<Version>0</Version>\n<Level>4</Level>\n<Task>0</Task>\n<Opcode>0</Opcode>\n<Keywords>0x8000020000000000</Keywords>\n<TimeCreated SystemTime=\"2014-01-25 01:27:34.402657+00:00\"></TimeCreated>\n<EventRecordID>101</EventRecordID>\n<Correlation ActivityID=\"\" RelatedActivityID=\"\"></Correlation>\n<Execution ProcessID=\"1268\" ThreadID=\"1060\"></Execution>\n<Channel>Microsoft-Windows-Windows Firewall With Advanced Security/Firewall</Channel>\n<Computer>IACIS-HDD-2014</Computer>\n<Security UserID=\"S-1-5-19\"></Security>\n</System>\n<EventData><Data Name=\"RuleId\">WMPNSS-UPnPHost-Out-TCP</Data>\n<Data Name=\"RuleName\">Windows Media Player Network Sharing Service (UPnP-Out)</Data>\n<Data Name=\"Origin\">1</Data>\n<Data Name=\"ApplicationPath\">System</Data>\n<Data Name=\"ServiceName\"></Data>\n<Data Name=\"Direction\">2</Data>\n<Data Name=\"Protocol\">6</Data>\n<Data Name=\"LocalPorts\">*</Data>\n<Data Name=\"RemotePorts\">*</Data>\n<Data Name=\"Action\">3</Data>\n<Data Name=\"Profiles\">5</Data>\n<Data Name=\"LocalAddresses\">*</Data>\n<Data Name=\"RemoteAddresses\">LocalSubnet</Data>\n<Data Name=\"RemoteMachineAuthorizationList\"></Data>\n<Data Name=\"RemoteUserAuthorizationList\"></Data>\n<Data Name=\"EmbeddedContext\">@FirewallAPI.dll,-31252</Data>\n<Data Name=\"Flags\">0</Data>\n<Data Name=\"Active\">0</Data>\n<Data Name=\"EdgeTraversal\">0</Data>\n<Data Name=\"LooseSourceMapped\">0</Data>\n<Data Name=\"SecurityOptions\">0</Data>\n<Data Name=\"ModifyingUser\">S-1-5-18</Data>\n<Data Name=\"ModifyingApplication\">C:\\Windows\\System32\\svchost.exe</Data>\n<Data Name=\"SchemaVersion\">522</Data>\n<Data Name=\"RuleStatus\">65536</Data>\n</EventData>\n</Event>\n"
  },
  {
    "EventID": 2004,
    "Timestamp": "2014-01-25 01:27:34.402657+00:00",
    "Computer": "IACIS-HDD-2014",
    "Channel": "Microsoft-Windows-Windows Firewall With Advanced Security/Firewall",
    "Level": "Information",
    "EventData": {
      "RuleId": "{69BF5E7E-5C4B-4D8F-AD28-2D6E839DDC83}",
      "RuleName": "Windows Media Player Network Sharing Service (UPnP-Out)",
      "Origin": "1",
      "ApplicationPath": "System",
      "ServiceName": "",
      "Direction": "2",
      "Protocol": "6",
      "LocalPorts": "*",
      "RemotePorts": "*",
      "Action": "3",
      "Profiles": "2",
      "LocalAddresses": "*",
      "RemoteAddresses": "LocalSubnet",
      "RemoteMachineAuthorizationList": "",
      "RemoteUserAuthorizationList": "",
      "EmbeddedContext": "@FirewallAPI.dll,-31252",
      "Flags": "0",
      "Active": "0",
      "EdgeTraversal": "0",
      "LooseSourceMapped": "0",
      "SecurityOptions": "0",
      "ModifyingUser": "S-1-5-18",
      "ModifyingApplication": "C:\\Windows\\System32\\svchost.exe",
      "SchemaVersion": "522",
      "RuleStatus": "65536"
    },
    "RawXml": "<Event xmlns=\"http://schemas.microsoft.com/win/2004/08/events/event\"><System><Provider Name=\"Microsoft-Windows-Windows Firewall With Advanced Security\" Guid=\"{d1bc9aff-2abf-4d71-9146-ecb2a986eb85}\"></Provider>\n<EventID Qualifiers=\"\">2004</EventID>\n<Version>0</Version>\n<Level>4</Level>\n<Task>0</Task>\n<Opcode>0</Opcode>\n<Keywords>0x8000020000000000</Keywords>\n<TimeCreated SystemTime=\"2014-01-25 01:27:34.402657+00:00\"></TimeCreated>\n<EventRecordID>102</EventRecordID>\n<Correlation ActivityID=\"\" RelatedActivityID=\"\"></Correlation>\n<Execution ProcessID=\"1268\" ThreadID=\"2528\"></Execution>\n<Channel>Microsoft-Windows-Windows Firewall With Advanced Security/Firewall</Channel>\n<Computer>IACIS-HDD-2014</Computer>\n<Security UserID=\"S-1-5-19\"></Security>\n</System>\n<EventData><Data Name=\"RuleId\">{69BF5E7E-5C4B-4D8F-AD28-2D6E839DDC83}</Data>\n<Data Name=\"RuleName\">Windows Media Player Network Sharing Service (UPnP-Out)</Data>\n<Data Name=\"Origin\">1</Data>\n<Data Name=\"ApplicationPath\">System</Data>\n<Data Name=\"ServiceName\"></Data>\n<Data Name=\"Direction\">2</Data>\n<Data Name=\"Protocol\">6</Data>\n<Data Name=\"LocalPorts\">*</Data>\n<Data Name=\"RemotePorts\">*</Data>\n<Data Name=\"Action\">3</Data>\n<Data Name=\"Profiles\">2</Data>\n<Data Name=\"LocalAddresses\">*</Data>\n<Data Name=\"RemoteAddresses\">LocalSubnet</Data>\n<Data Name=\"RemoteMachineAuthorizationList\"></Data>\n<Data Name=\"RemoteUserAuthorizationList\"></Data>\n<Data Name=\"EmbeddedContext\">@FirewallAPI.dll,-31252</Data>\n<Data Name=\"Flags\">0</Data>\n<Data Name=\"Active\">0</Data>\n<Data Name=\"EdgeTraversal\">0</Data>\n<Data Name=\"LooseSourceMapped\">0</Data>\n<Data Name=\"SecurityOptions\">0</Data>\n<Data Name=\"ModifyingUser\">S-1-5-18</Data>\n<Data Name=\"ModifyingApplication\">C:\\Windows\\System32\\svchost.exe</Data>\n<Data Name=\"SchemaVersion\">522</Data>\n<Data Name=\"RuleStatus\">65536</Data>\n</EventData>\n</Event>\n"
  },
  {
    "EventID": 2005,
    "Timestamp": "2014-01-25 01:27:34.402657+00:00",
    "Computer": "IACIS-HDD-2014",
    "Channel": "Microsoft-Windows-Windows Firewall With Advanced Security/Firewall",
    "Level": "Information",
    "EventData": {
      "RuleId": "{69BF5E7E-5C4B-4D8F-AD28-2D6E839DDC83}",
      "RuleName": "Windows Media Player Network Sharing Service (UPnP-Out)",
      "Origin": "1",
      "ApplicationPath": "System",
      "ServiceName": "",
      "Direction": "2",
      "Protocol": "6",
      "LocalPorts": "*",
      "RemotePorts": "*",
      "Action": "3",
      "Profiles": "2",
      "LocalAddresses": "*",
      "RemoteAddresses": "LocalSubnet",
      "RemoteMachineAuthorizationList": "",
      "RemoteUserAuthorizationList": "",
      "EmbeddedContext": "@FirewallAPI.dll,-31252",
      "Flags": "1",
      "Active": "1",
      "EdgeTraversal": "0",
      "LooseSourceMapped": "0",
      "SecurityOptions": "0",
      "ModifyingUser": "S-1-5-18",
      "ModifyingApplication": "C:\\Windows\\System32\\svchost.exe",
      "SchemaVersion": "522",
      "RuleStatus": "65536"
    },
    "RawXml": "<Event xmlns=\"http://schemas.microsoft.com/win/2004/08/events/event\"><System><Provider Name=\"Microsoft-Windows-Windows Firewall With Advanced Security\" Guid=\"{d1bc9aff-2abf-4d71-9146-ecb2a986eb85}\"></Provider>\n<EventID Qualifiers=\"\">2005</EventID>\n<Version>0</Version>\n<Level>4</Level>\n<Task>0</Task>\n<Opcode>0</Opcode>\n<Keywords>0x8000020000000000</Keywords>\n<TimeCreated SystemTime=\"2014-01-25 01:27:34.402657+00:00\"></TimeCreated>\n<EventRecordID>103</EventRecordID>\n<Correlation ActivityID=\"\" RelatedActivityID=\"\"></Correlation>\n<Execution ProcessID=\"1268\" ThreadID=\"2528\"></Execution>\n<Channel>Microsoft-Windows-Windows Firewall With Advanced Security/Firewall</Channel>\n<Computer>IACIS-HDD-2014</Computer>\n<Security UserID=\"S-1-5-19\"></Security>\n</System>\n<EventData><Data Name=\"RuleId\">{69BF5E7E-5C4B-4D8F-AD28-2D6E839DDC83}</Data>\n<Data Name=\"RuleName\">Windows Media Player Network Sharing Service (UPnP-Out)</Data>\n<Data Name=\"Origin\">1</Data>\n<Data Name=\"ApplicationPath\">System</Data>\n<Data Name=\"ServiceName\"></Data>\n<Data Name=\"Direction\">2</Data>\n<Data Name=\"Protocol\">6</Data>\n<Data Name=\"LocalPorts\">*</Data>\n<Data Name=\"RemotePorts\">*</Data>\n<Data Name=\"Action\">3</Data>\n<Data Name=\"Profiles\">2</Data>\n<Data Name=\"LocalAddresses\">*</Data>\n<Data Name=\"RemoteAddresses\">LocalSubnet</Data>\n<Data Name=\"RemoteMachineAuthorizationList\"></Data>\n<Data Name=\"RemoteUserAuthorizationList\"></Data>\n<Data Name=\"EmbeddedContext\">@FirewallAPI.dll,-31252</Data>\n<Data Name=\"Flags\">1</Data>\n<Data Name=\"Active\">1</Data>\n<Data Name=\"EdgeTraversal\">0</Data>\n<Data Name=\"LooseSourceMapped\">0</Data>\n<Data Name=\"SecurityOptions\">0</Data>\n<Data Name=\"ModifyingUser\">S-1-5-18</Data>\n<Data Name=\"ModifyingApplication\">C:\\Windows\\System32\\svchost.exe</Data>\n<Data Name=\"SchemaVersion\">522</Data>\n<Data Name=\"RuleStatus\">65536</Data>\n</EventData>\n</Event>\n"
  },
  {
    "EventID": 2005,
    "Timestamp": "2014-01-25 01:27:34.402657+00:00",
    "Computer": "IACIS-HDD-2014",
    "Channel": "Microsoft-Windows-Windows Firewall With Advanced Security/Firewall",
    "Level": "Information",
    "EventData": {
      "RuleId": "WMPNSS-HTTPSTR-In-TCP",
      "RuleName": "Windows Media Player Network Sharing Service (HTTP-Streaming-In)",
      "Origin": "1",
      "ApplicationPath": "System",
      "ServiceName": "",
      "Direction": "1",
      "Protocol": "6",
      "LocalPorts": "10243",
      "RemotePorts": "*",
      "Action": "3",
      "Profiles": "4",
      "LocalAddresses": "*",
      "RemoteAddresses": "LocalSubnet",
      "RemoteMachineAuthorizationList": "",
      "RemoteUserAuthorizationList": "",
      "EmbeddedContext": "@FirewallAPI.dll,-31252",
      "Flags": "0",
      "Active": "0",
      "EdgeTraversal": "0",
      "LooseSourceMapped": "0",
      "SecurityOptions": "0",
      "ModifyingUser": "S-1-5-18",
      "ModifyingApplication": "C:\\Windows\\System32\\svchost.exe",
      "SchemaVersion": "522",
      "RuleStatus": "65536"
    },
    "RawXml": "<Event xmlns=\"http://schemas.microsoft.com/win/2004/08/events/event\"><System><Provider Name=\"Microsoft-Windows-Windows Firewall With Advanced Security\" Guid=\"{d1bc9aff-2abf-4d71-9146-ecb2a986eb85}\"></Provider>\n<EventID Qualifiers=\"\">2005</EventID>\n<Version>0</Version>\n<Level>4</Level>\n<Task>0</Task>\n<Opcode>0</Opcode>\n<Keywords>0x8000020000000000</Keywords>\n<TimeCreated SystemTime=\"2014-01-25 01:27:34.402657+00:00\"></TimeCreated>\n<EventRecordID>104</EventRecordID>\n<Correlation ActivityID=\"\" RelatedActivityID=\"\"></Correlation>\n<Execution ProcessID=\"1268\" ThreadID=\"1668\"></Execution>\n<Channel>Microsoft-Windows-Windows Firewall With Advanced Security/Firewall</Channel>\n<Computer>IACIS-HDD-2014</Computer>\n<Security UserID=\"S-1-5-19\"></Security>\n</System>\n<EventData><Data Name=\"RuleId\">WMPNSS-HTTPSTR-In-TCP</Data>\n<Data Name=\"RuleName\">Windows Media Player Network Sharing Service (HTTP-Streaming-In)</Data>\n<Data Name=\"Origin\">1</Data>\n<Data Name=\"ApplicationPath\">System</Data>\n<Data Name=\"ServiceName\"></Data>\n<Data Name=\"Direction\">1</Data>\n<Data Name=\"Protocol\">6</Data>\n<Data Name=\"LocalPorts\">10243</Data>\n<Data Name=\"RemotePorts\">*</Data>\n<Data Name=\"Action\">3</Data>\n<Data Name=\"Profiles\">4</Data>\n<Data Name=\"LocalAddresses\">*</Data>\n<Data Name=\"RemoteAddresses\">LocalSubnet</Data>\n<Data Name=\"RemoteMachineAuthorizationList\"></Data>\n<Data Name=\"RemoteUserAuthorizationList\"></Data>\n<Data Name=\"EmbeddedContext\">@FirewallAPI.dll,-31252</Data>\n<Data Name=\"Flags\">0</Data>\n<Data Name=\"Active\">0</Data>\n<Data Name=\"EdgeTraversal\">0</Data>\n<Data Name=\"LooseSourceMapped\">0</Data>\n<Data Name=\"SecurityOptions\">0</Data>\n<Data Name=\"ModifyingUser\">S-1-5-18</Data>\n<Data Name=\"ModifyingApplication\">C:\\Windows\\System32\\svchost.exe</Data>\n<Data Name=\"SchemaVersion\">522</Data>\n<Data Name=\"RuleStatus\">65536</Data>\n</EventData>\n</Event>\n"
  },
  {
    "EventID": 2004,
    "Timestamp": "2014-01-25 01:27:34.402657+00:00",
    "Computer": "IACIS-HDD-2014",
    "Channel": "Microsoft-Windows-Windows Firewall With Advanced Security/Firewall",
    "Level": "Information",
    "EventData": {
      "RuleId": "{04D3502E-A0A9-48EE-BE09-AF7E4E954EF1}",
      "RuleName": "Windows Media Player Network Sharing Service (HTTP-Streaming-In)",
      "Origin": "1",
      "ApplicationPath": "System",
      "ServiceName": "",
      "Direction": "1",
      "Protocol": "6",
      "LocalPorts": "10243",
      "RemotePorts": "*",
      "Action": "3",
      "Profiles": "2",
      "LocalAddresses": "*",
      "RemoteAddresses": "LocalSubnet",
      "RemoteMachineAuthorizationList": "",
      "RemoteUserAuthorizationList": "",
      "EmbeddedContext": "@FirewallAPI.dll,-31252",
      "Flags": "0",
      "Active": "0",
      "EdgeTraversal": "0",
      "LooseSourceMapped": "0",
      "SecurityOptions": "0",
      "ModifyingUser": "S-1-5-18",
      "ModifyingApplication": "C:\\Windows\\System32\\svchost.exe",
      "SchemaVersion": "522",
      "RuleStatus": "65536"
    },
    "RawXml": "<Event xmlns=\"http://schemas.microsoft.com/win/2004/08/events/event\"><System><Provider Name=\"Microsoft-Windows-Windows Firewall With Advanced Security\" Guid=\"{d1bc9aff-2abf-4d71-9146-ecb2a986eb85}\"></Provider>\n<EventID Qualifiers=\"\">2004</EventID>\n<Version>0</Version>\n<Level>4</Level>\n<Task>0</Task>\n<Opcode>0</Opcode>\n<Keywords>0x8000020000000000</Keywords>\n<TimeCreated SystemTime=\"2014-01-25 01:27:34.402657+00:00\"></TimeCreated>\n<EventRecordID>105</EventRecordID>\n<Correlation ActivityID=\"\" RelatedActivityID=\"\"></Correlation>\n<Execution ProcessID=\"1268\" ThreadID=\"1668\"></Execution>\n<Channel>Microsoft-Windows-Windows Firewall With Advanced Security/Firewall</Channel>\n<Computer>IACIS-HDD-2014</Computer>\n<Security UserID=\"S-1-5-19\"></Security>\n</System>\n<EventData><Data Name=\"RuleId\">{04D3502E-A0A9-48EE-BE09-AF7E4E954EF1}</Data>\n<Data Name=\"RuleName\">Windows Media Player Network Sharing Service (HTTP-Streaming-In)</Data>\n<Data Name=\"Origin\">1</Data>\n<Data Name=\"ApplicationPath\">System</Data>\n<Data Name=\"ServiceName\"></Data>\n<Data Name=\"Direction\">1</Data>\n<Data Name=\"Protocol\">6</Data>\n<Data Name=\"LocalPorts\">10243</Data>\n<Data Name=\"RemotePorts\">*</Data>\n<Data Name=\"Action\">3</Data>\n<Data Name=\"Profiles\">2</Data>\n<Data Name=\"LocalAddresses\">*</Data>\n<Data Name=\"RemoteAddresses\">LocalSubnet</Data>\n<Data Name=\"RemoteMachineAuthorizationList\"></Data>\n<Data Name=\"RemoteUserAuthorizationList\"></Data>\n<Data Name=\"EmbeddedContext\">@FirewallAPI.dll,-31252</Data>\n<Data Name=\"Flags\">0</Data>\n<Data Name=\"Active\">0</Data>\n<Data Name=\"EdgeTraversal\">0</Data>\n<Data Name=\"LooseSourceMapped\">0</Data>\n<Data Name=\"SecurityOptions\">0</Data>\n<Data Name=\"ModifyingUser\">S-1-5-18</Data>\n<Data Name=\"ModifyingApplication\">C:\\Windows\\System32\\svchost.exe</Data>\n<Data Name=\"SchemaVersion\">522</Data>\n<Data Name=\"RuleStatus\">65536</Data>\n</EventData>\n</Event>\n"
  },
  {
    "EventID": 2005,
    "Timestamp": "2014-01-25 01:27:34.402657+00:00",
    "Computer": "IACIS-HDD-2014",
    "Channel": "Microsoft-Windows-Windows Firewall With Advanced Security/Firewall",
    "Level": "Information",
    "EventData": {
      "RuleId": "{04D3502E-A0A9-48EE-BE09-AF7E4E954EF1}",
      "RuleName": "Windows Media Player Network Sharing Service (HTTP-Streaming-In)",
      "Origin": "1",
      "ApplicationPath": "System",
      "ServiceName": "",
      "Direction": "1",
      "Protocol": "6",
      "LocalPorts": "10243",
      "RemotePorts": "*",
      "Action": "3",
      "Profiles": "2",
      "LocalAddresses": "*",
      "RemoteAddresses": "LocalSubnet",
      "RemoteMachineAuthorizationList": "",
      "RemoteUserAuthorizationList": "",
      "EmbeddedContext": "@FirewallAPI.dll,-31252",
      "Flags": "1",
      "Active": "1",
      "EdgeTraversal": "0",
      "LooseSourceMapped": "0",
      "SecurityOptions": "0",
      "ModifyingUser": "S-1-5-18",
      "ModifyingApplication": "C:\\Windows\\System32\\svchost.exe",
      "SchemaVersion": "522",
      "RuleStatus": "65536"
    },
    "RawXml": "<Event xmlns=\"http://schemas.microsoft.com/win/2004/08/events/event\"><System><Provider Name=\"Microsoft-Windows-Windows Firewall With Advanced Security\" Guid=\"{d1bc9aff-2abf-4d71-9146-ecb2a986eb85}\"></Provider>\n<EventID Qualifiers=\"\">2005</EventID>\n<Version>0</Version>\n<Level>4</Level>\n<Task>0</Task>\n<Opcode>0</Opcode>\n<Keywords>0x8000020000000000</Keywords>\n<TimeCreated SystemTime=\"2014-01-25 01:27:34.402657+00:00\"></TimeCreated>\n<EventRecordID>106</EventRecordID>\n<Correlation ActivityID=\"\" RelatedActivityID=\"\"></Correlation>\n<Execution ProcessID=\"1268\" ThreadID=\"2528\"></Execution>\n<Channel>Microsoft-Windows-Windows Firewall With Advanced Security/Firewall</Channel>\n<Computer>IACIS-HDD-2014</Computer>\n<Security UserID=\"S-1-5-19\"></Security>\n</System>\n<EventData><Data Name=\"RuleId\">{04D3502E-A0A9-48EE-BE09-AF7E4E954EF1}</Data>\n<Data Name=\"RuleName\">Windows Media Player Network Sharing Service (HTTP-Streaming-In)</Data>\n<Data Name=\"Origin\">1</Data>\n<Data Name=\"ApplicationPath\">System</Data>\n<Data Name=\"ServiceName\"></Data>\n<Data Name=\"Direction\">1</Data>\n<Data Name=\"Protocol\">6</Data>\n<Data Name=\"LocalPorts\">10243</Data>\n<Data Name=\"RemotePorts\">*</Data>\n<Data Name=\"Action\">3</Data>\n<Data Name=\"Profiles\">2</Data>\n<Data Name=\"LocalAddresses\">*</Data>\n<Data Name=\"RemoteAddresses\">LocalSubnet</Data>\n<Data Name=\"RemoteMachineAuthorizationList\"></Data>\n<Data Name=\"RemoteUserAuthorizationList\"></Data>\n<Data Name=\"EmbeddedContext\">@FirewallAPI.dll,-31252</Data>\n<Data Name=\"Flags\">1</Data>\n<Data Name=\"Active\">1</Data>\n<Data Name=\"EdgeTraversal\">0</Data>\n<Data Name=\"LooseSourceMapped\">0</Data>\n<Data Name=\"SecurityOptions\">0</Data>\n<Data Name=\"ModifyingUser\">S-1-5-18</Data>\n<Data Name=\"ModifyingApplication\">C:\\Windows\\System32\\svchost.exe</Data>\n<Data Name=\"SchemaVersion\">522</Data>\n<Data Name=\"RuleStatus\">65536</Data>\n</EventData>\n</Event>\n"
  },
  {
    "EventID": 2005,
    "Timestamp": "2014-01-25 01:27:34.402657+00:00",
    "Computer": "IACIS-HDD-2014",
    "Channel": "Microsoft-Windows-Windows Firewall With Advanced Security/Firewall",
    "Level": "Information",
    "EventData": {
      "RuleId": "WMPNSS-HTTPSTR-Out-TCP",
      "RuleName": "Windows Media Player Network Sharing Service (HTTP-Streaming-Out)",
      "Origin": "1",
      "ApplicationPath": "System",
      "ServiceName": "",
      "Direction": "2",
      "Protocol": "6",
      "LocalPorts": "*",
      "RemotePorts": "10243",
      "Action": "3",
      "Profiles": "4",
      "LocalAddresses": "*",
      "RemoteAddresses": "LocalSubnet",
      "RemoteMachineAuthorizationList": "",
      "RemoteUserAuthorizationList": "",
      "EmbeddedContext": "@FirewallAPI.dll,-31252",
      "Flags": "0",
      "Active": "0",
      "EdgeTraversal": "0",
      "LooseSourceMapped": "0",
      "SecurityOptions": "0",
      "ModifyingUser": "S-1-5-18",
      "ModifyingApplication": "C:\\Windows\\System32\\svchost.exe",
      "SchemaVersion": "522",
      "RuleStatus": "65536"
    },
    "RawXml": "<Event xmlns=\"http://schemas.microsoft.com/win/2004/08/events/event\"><System><Provider Name=\"Microsoft-Windows-Windows Firewall With Advanced Security\" Guid=\"{d1bc9aff-2abf-4d71-9146-ecb2a986eb85}\"></Provider>\n<EventID Qualifiers=\"\">2005</EventID>\n<Version>0</Version>\n<Level>4</Level>\n<Task>0</Task>\n<Opcode>0</Opcode>\n<Keywords>0x8000020000000000</Keywords>\n<TimeCreated SystemTime=\"2014-01-25 01:27:34.402657+00:00\"></TimeCreated>\n<EventRecordID>107</EventRecordID>\n<Correlation ActivityID=\"\" RelatedActivityID=\"\"></Correlation>\n<Execution ProcessID=\"1268\" ThreadID=\"2528\"></Execution>\n<Channel>Microsoft-Windows-Windows Firewall With Advanced Security/Firewall</Channel>\n<Computer>IACIS-HDD-2014</Computer>\n<Security UserID=\"S-1-5-19\"></Security>\n</System>\n<EventData><Data Name=\"RuleId\">WMPNSS-HTTPSTR-Out-TCP</Data>\n<Data Name=\"RuleName\">Windows Media Player Network Sharing Service (HTTP-Streaming-Out)</Data>\n<Data Name=\"Origin\">1</Data>\n<Data Name=\"ApplicationPath\">System</Data>\n<Data Name=\"ServiceName\"></Data>\n<Data Name=\"Direction\">2</Data>\n<Data Name=\"Protocol\">6</Data>\n<Data Name=\"LocalPorts\">*</Data>\n<Data Name=\"RemotePorts\">10243</Data>\n<Data Name=\"Action\">3</Data>\n<Data Name=\"Profiles\">4</Data>\n<Data Name=\"LocalAddresses\">*</Data>\n<Data Name=\"RemoteAddresses\">LocalSubnet</Data>\n<Data Name=\"RemoteMachineAuthorizationList\"></Data>\n<Data Name=\"RemoteUserAuthorizationList\"></Data>\n<Data Name=\"EmbeddedContext\">@FirewallAPI.dll,-31252</Data>\n<Data Name=\"Flags\">0</Data>\n<Data Name=\"Active\">0</Data>\n<Data Name=\"EdgeTraversal\">0</Data>\n<Data Name=\"LooseSourceMapped\">0</Data>\n<Data Name=\"SecurityOptions\">0</Data>\n<Data Name=\"ModifyingUser\">S-1-5-18</Data>\n<Data Name=\"ModifyingApplication\">C:\\Windows\\System32\\svchost.exe</Data>\n<Data Name=\"SchemaVersion\">522</Data>\n<Data Name=\"RuleStatus\">65536</Data>\n</EventData>\n</Event>\n"
  },
  {
    "EventID": 2004,
    "Timestamp": "2014-01-25 01:27:34.402657+00:00",
    "Computer": "IACIS-HDD-2014",
    "Channel": "Microsoft-Windows-Windows Firewall With Advanced Security/Firewall",
    "Level": "Information",
    "EventData": {
      "RuleId": "{B4FE1BA1-FC45-4A4E-8E60-D3763E51CE8D}",
      "RuleName": "Windows Media Player Network Sharing Service (HTTP-Streaming-Out)",
      "Origin": "1",
      "ApplicationPath": "System",
      "ServiceName": "",
      "Direction": "2",
      "Protocol": "6",
      "LocalPorts": "*",
      "RemotePorts": "10243",
      "Action": "3",
      "Profiles": "2",
      "LocalAddresses": "*",
      "RemoteAddresses": "LocalSubnet",
      "RemoteMachineAuthorizationList": "",
      "RemoteUserAuthorizationList": "",
      "EmbeddedContext": "@FirewallAPI.dll,-31252",
      "Flags": "0",
      "Active": "0",
      "EdgeTraversal": "0",
      "LooseSourceMapped": "0",
      "SecurityOptions": "0",
      "ModifyingUser": "S-1-5-18",
      "ModifyingApplication": "C:\\Windows\\System32\\svchost.exe",
      "SchemaVersion": "522",
      "RuleStatus": "65536"
    },
    "RawXml": "<Event xmlns=\"http://schemas.microsoft.com/win/2004/08/events/event\"><System><Provider Name=\"Microsoft-Windows-Windows Firewall With Advanced Security\" Guid=\"{d1bc9aff-2abf-4d71-9146-ecb2a986eb85}\"></Provider>\n<EventID Qualifiers=\"\">2004</EventID>\n<Version>0</Version>\n<Level>4</Level>\n<Task>0</Task>\n<Opcode>0</Opcode>\n<Keywords>0x8000020000000000</Keywords>\n<TimeCreated SystemTime=\"2014-01-25 01:27:34.402657+00:00\"></TimeCreated>\n<EventRecordID>108</EventRecordID>\n<Correlation ActivityID=\"\" RelatedActivityID=\"\"></Correlation>\n<Execution ProcessID=\"1268\" ThreadID=\"2528\"></Execution>\n<Channel>Microsoft-Windows-Windows Firewall With Advanced Security/Firewall</Channel>\n<Computer>IACIS-HDD-2014</Computer>\n<Security UserID=\"S-1-5-19\"></Security>\n</System>\n<EventData><Data Name=\"RuleId\">{B4FE1BA1-FC45-4A4E-8E60-D3763E51CE8D}</Data>\n<Data Name=\"RuleName\">Windows Media Player Network Sharing Service (HTTP-Streaming-Out)</Data>\n<Data Name=\"Origin\">1</Data>\n<Data Name=\"ApplicationPath\">System</Data>\n<Data Name=\"ServiceName\"></Data>\n<Data Name=\"Direction\">2</Data>\n<Data Name=\"Protocol\">6</Data>\n<Data Name=\"LocalPorts\">*</Data>\n<Data Name=\"RemotePorts\">10243</Data>\n<Data Name=\"Action\">3</Data>\n<Data Name=\"Profiles\">2</Data>\n<Data Name=\"LocalAddresses\">*</Data>\n<Data Name=\"RemoteAddresses\">LocalSubnet</Data>\n<Data Name=\"RemoteMachineAuthorizationList\"></Data>\n<Data Name=\"RemoteUserAuthorizationList\"></Data>\n<Data Name=\"EmbeddedContext\">@FirewallAPI.dll,-31252</Data>\n<Data Name=\"Flags\">0</Data>\n<Data Name=\"Active\">0</Data>\n<Data Name=\"EdgeTraversal\">0</Data>\n<Data Name=\"LooseSourceMapped\">0</Data>\n<Data Name=\"SecurityOptions\">0</Data>\n<Data Name=\"ModifyingUser\">S-1-5-18</Data>\n<Data Name=\"ModifyingApplication\">C:\\Windows\\System32\\svchost.exe</Data>\n<Data Name=\"SchemaVersion\">522</Data>\n<Data Name=\"RuleStatus\">65536</Data>\n</EventData>\n</Event>\n"
  },
  {
    "EventID": 2005,
    "Timestamp": "2014-01-25 01:27:34.402657+00:00",
    "Computer": "IACIS-HDD-2014",
    "Channel": "Microsoft-Windows-Windows Firewall With Advanced Security/Firewall",
    "Level": "Information",
    "EventData": {
      "RuleId": "{B4FE1BA1-FC45-4A4E-8E60-D3763E51CE8D}",
      "RuleName": "Windows Media Player Network Sharing Service (HTTP-Streaming-Out)",
      "Origin": "1",
      "ApplicationPath": "System",
      "ServiceName": "",
      "Direction": "2",
      "Protocol": "6",
      "LocalPorts": "*",
      "RemotePorts": "10243",
      "Action": "3",
      "Profiles": "2",
      "LocalAddresses": "*",
      "RemoteAddresses": "LocalSubnet",
      "RemoteMachineAuthorizationList": "",
      "RemoteUserAuthorizationList": "",
      "EmbeddedContext": "@FirewallAPI.dll,-31252",
      "Flags": "1",
      "Active": "1",
      "EdgeTraversal": "0",
      "LooseSourceMapped": "0",
      "SecurityOptions": "0",
      "ModifyingUser": "S-1-5-18",
      "ModifyingApplication": "C:\\Windows\\System32\\svchost.exe",
      "SchemaVersion": "522",
      "RuleStatus": "65536"
    },
    "RawXml": "<Event xmlns=\"http://schemas.microsoft.com/win/2004/08/events/event\"><System><Provider Name=\"Microsoft-Windows-Windows Firewall With Advanced Security\" Guid=\"{d1bc9aff-2abf-4d71-9146-ecb2a986eb85}\"></Provider>\n<EventID Qualifiers=\"\">2005</EventID>\n<Version>0</Version>\n<Level>4</Level>\n<Task>0</Task>\n<Opcode>0</Opcode>\n<Keywords>0x8000020000000000</Keywords>\n<TimeCreated SystemTime=\"2014-01-25 01:27:34.402657+00:00\"></TimeCreated>\n<EventRecordID>109</EventRecordID>\n<Correlation ActivityID=\"\" RelatedActivityID=\"\"></Correlation>\n<Execution ProcessID=\"1268\" ThreadID=\"2528\"></Execution>\n<Channel>Microsoft-Windows-Windows Firewall With Advanced Security/Firewall</Channel>\n<Computer>IACIS-HDD-2014</Computer>\n<Security UserID=\"S-1-5-19\"></Security>\n</System>\n<EventData><Data Name=\"RuleId\">{B4FE1BA1-FC45-4A4E-8E60-D3763E51CE8D}</Data>\n<Data Name=\"RuleName\">Windows Media Player Network Sharing Service (HTTP-Streaming-Out)</Data>\n<Data Name=\"Origin\">1</Data>\n<Data Name=\"ApplicationPath\">System</Data>\n<Data Name=\"ServiceName\"></Data>\n<Data Name=\"Direction\">2</Data>\n<Data Name=\"Protocol\">6</Data>\n<Data Name=\"LocalPorts\">*</Data>\n<Data Name=\"RemotePorts\">10243</Data>\n<Data Name=\"Action\">3</Data>\n<Data Name=\"Profiles\">2</Data>\n<Data Name=\"LocalAddresses\">*</Data>\n<Data Name=\"RemoteAddresses\">LocalSubnet</Data>\n<Data Name=\"RemoteMachineAuthorizationList\"></Data>\n<Data Name=\"RemoteUserAuthorizationList\"></Data>\n<Data Name=\"EmbeddedContext\">@FirewallAPI.dll,-31252</Data>\n<Data Name=\"Flags\">1</Data>\n<Data Name=\"Active\">1</Data>\n<Data Name=\"EdgeTraversal\">0</Data>\n<Data Name=\"LooseSourceMapped\">0</Data>\n<Data Name=\"SecurityOptions\">0</Data>\n<Data Name=\"ModifyingUser\">S-1-5-18</Data>\n<Data Name=\"ModifyingApplication\">C:\\Windows\\System32\\svchost.exe</Data>\n<Data Name=\"SchemaVersion\">522</Data>\n<Data Name=\"RuleStatus\">65536</Data>\n</EventData>\n</Event>\n"
  },
  {
    "EventID": 2005,
    "Timestamp": "2014-01-25 01:27:34.402657+00:00",
    "Computer": "IACIS-HDD-2014",
    "Channel": "Microsoft-Windows-Windows Firewall With Advanced Security/Firewall",
    "Level": "Information",
    "EventData": {
      "RuleId": "WMPNSS-WMP-In-UDP",
      "RuleName": "Windows Media Player Network Sharing Service (Streaming-UDP-In)",
      "Origin": "1",
      "ApplicationPath": "C:\\Program Files\\Windows Media Player\\wmplayer.exe",
      "ServiceName": "",
      "Direction": "1",
      "Protocol": "17",
      "LocalPorts": "*",
      "RemotePorts": "*",
      "Action": "3",
      "Profiles": "4",
      "LocalAddresses": "*",
      "RemoteAddresses": "LocalSubnet",
      "RemoteMachineAuthorizationList": "",
      "RemoteUserAuthorizationList": "",
      "EmbeddedContext": "@FirewallAPI.dll,-31252",
      "Flags": "0",
      "Active": "0",
      "EdgeTraversal": "0",
      "LooseSourceMapped": "0",
      "SecurityOptions": "0",
      "ModifyingUser": "S-1-5-18",
      "ModifyingApplication": "C:\\Windows\\System32\\svchost.exe",
      "SchemaVersion": "522",
      "RuleStatus": "65536"
    },
    "RawXml": "<Event xmlns=\"http://schemas.microsoft.com/win/2004/08/events/event\"><System><Provider Name=\"Microsoft-Windows-Windows Firewall With Advanced Security\" Guid=\"{d1bc9aff-2abf-4d71-9146-ecb2a986eb85}\"></Provider>\n<EventID Qualifiers=\"\">2005</EventID>\n<Version>0</Version>\n<Level>4</Level>\n<Task>0</Task>\n<Opcode>0</Opcode>\n<Keywords>0x8000020000000000</Keywords>\n<TimeCreated SystemTime=\"2014-01-25 01:27:34.402657+00:00\"></TimeCreated>\n<EventRecordID>110</EventRecordID>\n<Correlation ActivityID=\"\" RelatedActivityID=\"\"></Correlation>\n<Execution ProcessID=\"1268\" ThreadID=\"1060\"></Execution>\n<Channel>Microsoft-Windows-Windows Firewall With Advanced Security/Firewall</Channel>\n<Computer>IACIS-HDD-2014</Computer>\n<Security UserID=\"S-1-5-19\"></Security>\n</System>\n<EventData><Data Name=\"RuleId\">WMPNSS-WMP-In-UDP</Data>\n<Data Name=\"RuleName\">Windows Media Player Network Sharing Service (Streaming-UDP-In)</Data>\n<Data Name=\"Origin\">1</Data>\n<Data Name=\"ApplicationPath\">C:\\Program Files\\Windows Media Player\\wmplayer.exe</Data>\n<Data Name=\"ServiceName\"></Data>\n<Data Name=\"Direction\">1</Data>\n<Data Name=\"Protocol\">17</Data>\n<Data Name=\"LocalPorts\">*</Data>\n<Data Name=\"RemotePorts\">*</Data>\n<Data Name=\"Action\">3</Data>\n<Data Name=\"Profiles\">4</Data>\n<Data Name=\"LocalAddresses\">*</Data>\n<Data Name=\"RemoteAddresses\">LocalSubnet</Data>\n<Data Name=\"RemoteMachineAuthorizationList\"></Data>\n<Data Name=\"RemoteUserAuthorizationList\"></Data>\n<Data Name=\"EmbeddedContext\">@FirewallAPI.dll,-31252</Data>\n<Data Name=\"Flags\">0</Data>\n<Data Name=\"Active\">0</Data>\n<Data Name=\"EdgeTraversal\">0</Data>\n<Data Name=\"LooseSourceMapped\">0</Data>\n<Data Name=\"SecurityOptions\">0</Data>\n<Data Name=\"ModifyingUser\">S-1-5-18</Data>\n<Data Name=\"ModifyingApplication\">C:\\Windows\\System32\\svchost.exe</Data>\n<Data Name=\"SchemaVersion\">522</Data>\n<Data Name=\"RuleStatus\">65536</Data>\n</EventData>\n</Event>\n"
  },
  {
    "EventID": 2004,
    "Timestamp": "2014-01-25 01:27:34.402657+00:00",
    "Computer": "IACIS-HDD-2014",
    "Channel": "Microsoft-Windows-Windows Firewall With Advanced Security/Firewall",
    "Level": "Information",
    "EventData": {
      "RuleId": "{23853355-6B17-4442-8E98-23648F1C12FD}",
      "RuleName": "Windows Media Player Network Sharing Service (Streaming-UDP-In)",
      "Origin": "1",
      "ApplicationPath": "C:\\Program Files\\Windows Media Player\\wmplayer.exe",
      "ServiceName": "",
      "Direction": "1",
      "Protocol": "17",
      "LocalPorts": "*",
      "RemotePorts": "*",
      "Action": "3",
      "Profiles": "2",
      "LocalAddresses": "*",
      "RemoteAddresses": "LocalSubnet",
      "RemoteMachineAuthorizationList": "",
      "RemoteUserAuthorizationList": "",
      "EmbeddedContext": "@FirewallAPI.dll,-31252",
      "Flags": "0",
      "Active": "0",
      "EdgeTraversal": "0",
      "LooseSourceMapped": "0",
      "SecurityOptions": "0",
      "ModifyingUser": "S-1-5-18",
      "ModifyingApplication": "C:\\Windows\\System32\\svchost.exe",
      "SchemaVersion": "522",
      "RuleStatus": "65536"
    },
    "RawXml": "<Event xmlns=\"http://schemas.microsoft.com/win/2004/08/events/event\"><System><Provider Name=\"Microsoft-Windows-Windows Firewall With Advanced Security\" Guid=\"{d1bc9aff-2abf-4d71-9146-ecb2a986eb85}\"></Provider>\n<EventID Qualifiers=\"\">2004</EventID>\n<Version>0</Version>\n<Level>4</Level>\n<Task>0</Task>\n<Opcode>0</Opcode>\n<Keywords>0x8000020000000000</Keywords>\n<TimeCreated SystemTime=\"2014-01-25 01:27:34.402657+00:00\"></TimeCreated>\n<EventRecordID>111</EventRecordID>\n<Correlation ActivityID=\"\" RelatedActivityID=\"\"></Correlation>\n<Execution ProcessID=\"1268\" ThreadID=\"1668\"></Execution>\n<Channel>Microsoft-Windows-Windows Firewall With Advanced Security/Firewall</Channel>\n<Computer>IACIS-HDD-2014</Computer>\n<Security UserID=\"S-1-5-19\"></Security>\n</System>\n<EventData><Data Name=\"RuleId\">{23853355-6B17-4442-8E98-23648F1C12FD}</Data>\n<Data Name=\"RuleName\">Windows Media Player Network Sharing Service (Streaming-UDP-In)</Data>\n<Data Name=\"Origin\">1</Data>\n<Data Name=\"ApplicationPath\">C:\\Program Files\\Windows Media Player\\wmplayer.exe</Data>\n<Data Name=\"ServiceName\"></Data>\n<Data Name=\"Direction\">1</Data>\n<Data Name=\"Protocol\">17</Data>\n<Data Name=\"LocalPorts\">*</Data>\n<Data Name=\"RemotePorts\">*</Data>\n<Data Name=\"Action\">3</Data>\n<Data Name=\"Profiles\">2</Data>\n<Data Name=\"LocalAddresses\">*</Data>\n<Data Name=\"RemoteAddresses\">LocalSubnet</Data>\n<Data Name=\"RemoteMachineAuthorizationList\"></Data>\n<Data Name=\"RemoteUserAuthorizationList\"></Data>\n<Data Name=\"EmbeddedContext\">@FirewallAPI.dll,-31252</Data>\n<Data Name=\"Flags\">0</Data>\n<Data Name=\"Active\">0</Data>\n<Data Name=\"EdgeTraversal\">0</Data>\n<Data Name=\"LooseSourceMapped\">0</Data>\n<Data Name=\"SecurityOptions\">0</Data>\n<Data Name=\"ModifyingUser\">S-1-5-18</Data>\n<Data Name=\"ModifyingApplication\">C:\\Windows\\System32\\svchost.exe</Data>\n<Data Name=\"SchemaVersion\">522</Data>\n<Data Name=\"RuleStatus\">65536</Data>\n</EventData>\n</Event>\n"
  },
  {
    "EventID": 2005,
    "Timestamp": "2014-01-25 01:27:34.418257+00:00",
    "Computer": "IACIS-HDD-2014",
    "Channel": "Microsoft-Windows-Windows Firewall With Advanced Security/Firewall",
    "Level": "Information",
    "EventData": {
      "RuleId": "{23853355-6B17-4442-8E98-23648F1C12FD}",
      "RuleName": "Windows Media Player Network Sharing Service (Streaming-UDP-In)",
      "Origin": "1",
      "ApplicationPath": "C:\\Program Files\\Windows Media Player\\wmplayer.exe",
      "ServiceName": "",
      "Direction": "1",
      "Protocol": "17",
      "LocalPorts": "*",
      "RemotePorts": "*",
      "Action": "3",
      "Profiles": "2",
      "LocalAddresses": "*",
      "RemoteAddresses": "LocalSubnet",
      "RemoteMachineAuthorizationList": "",
      "RemoteUserAuthorizationList": "",
      "EmbeddedContext": "@FirewallAPI.dll,-31252",
      "Flags": "1",
      "Active": "1",
      "EdgeTraversal": "0",
      "LooseSourceMapped": "0",
      "SecurityOptions": "0",
      "ModifyingUser": "S-1-5-18",
      "ModifyingApplication": "C:\\Windows\\System32\\svchost.exe",
      "SchemaVersion": "522",
      "RuleStatus": "65536"
    },
    "RawXml": "<Event xmlns=\"http://schemas.microsoft.com/win/2004/08/events/event\"><System><Provider Name=\"Microsoft-Windows-Windows Firewall With Advanced Security\" Guid=\"{d1bc9aff-2abf-4d71-9146-ecb2a986eb85}\"></Provider>\n<EventID Qualifiers=\"\">2005</EventID>\n<Version>0</Version>\n<Level>4</Level>\n<Task>0</Task>\n<Opcode>0</Opcode>\n<Keywords>0x8000020000000000</Keywords>\n<TimeCreated SystemTime=\"2014-01-25 01:27:34.418257+00:00\"></TimeCreated>\n<EventRecordID>112</EventRecordID>\n<Correlation ActivityID=\"\" RelatedActivityID=\"\"></Correlation>\n<Execution ProcessID=\"1268\" ThreadID=\"1060\"></Execution>\n<Channel>Microsoft-Windows-Windows Firewall With Advanced Security/Firewall</Channel>\n<Computer>IACIS-HDD-2014</Computer>\n<Security UserID=\"S-1-5-19\"></Security>\n</System>\n<EventData><Data Name=\"RuleId\">{23853355-6B17-4442-8E98-23648F1C12FD}</Data>\n<Data Name=\"RuleName\">Windows Media Player Network Sharing Service (Streaming-UDP-In)</Data>\n<Data Name=\"Origin\">1</Data>\n<Data Name=\"ApplicationPath\">C:\\Program Files\\Windows Media Player\\wmplayer.exe</Data>\n<Data Name=\"ServiceName\"></Data>\n<Data Name=\"Direction\">1</Data>\n<Data Name=\"Protocol\">17</Data>\n<Data Name=\"LocalPorts\">*</Data>\n<Data Name=\"RemotePorts\">*</Data>\n<Data Name=\"Action\">3</Data>\n<Data Name=\"Profiles\">2</Data>\n<Data Name=\"LocalAddresses\">*</Data>\n<Data Name=\"RemoteAddresses\">LocalSubnet</Data>\n<Data Name=\"RemoteMachineAuthorizationList\"></Data>\n<Data Name=\"RemoteUserAuthorizationList\"></Data>\n<Data Name=\"EmbeddedContext\">@FirewallAPI.dll,-31252</Data>\n<Data Name=\"Flags\">1</Data>\n<Data Name=\"Active\">1</Data>\n<Data Name=\"EdgeTraversal\">0</Data>\n<Data Name=\"LooseSourceMapped\">0</Data>\n<Data Name=\"SecurityOptions\">0</Data>\n<Data Name=\"ModifyingUser\">S-1-5-18</Data>\n<Data Name=\"ModifyingApplication\">C:\\Windows\\System32\\svchost.exe</Data>\n<Data Name=\"SchemaVersion\">522</Data>\n<Data Name=\"RuleStatus\">65536</Data>\n</EventData>\n</Event>\n"
  },
  {
    "EventID": 2005,
    "Timestamp": "2014-01-25 01:27:34.418257+00:00",
    "Computer": "IACIS-HDD-2014",
    "Channel": "Microsoft-Windows-Windows Firewall With Advanced Security/Firewall",
    "Level": "Information",
    "EventData": {
      "RuleId": "WMPNSS-WMP-Out-UDP",
      "RuleName": "Windows Media Player Network Sharing Service (Streaming-UDP-Out)",
      "Origin": "1",
      "ApplicationPath": "C:\\Program Files\\Windows Media Player\\wmplayer.exe",
      "ServiceName": "",
      "Direction": "2",
      "Protocol": "17",
      "LocalPorts": "*",
      "RemotePorts": "*",
      "Action": "3",
      "Profiles": "4",
      "LocalAddresses": "*",
      "RemoteAddresses": "LocalSubnet",
      "RemoteMachineAuthorizationList": "",
      "RemoteUserAuthorizationList": "",
      "EmbeddedContext": "@FirewallAPI.dll,-31252",
      "Flags": "0",
      "Active": "0",
      "EdgeTraversal": "0",
      "LooseSourceMapped": "0",
      "SecurityOptions": "0",
      "ModifyingUser": "S-1-5-18",
      "ModifyingApplication": "C:\\Windows\\System32\\svchost.exe",
      "SchemaVersion": "522",
      "RuleStatus": "65536"
    },
    "RawXml": "<Event xmlns=\"http://schemas.microsoft.com/win/2004/08/events/event\"><System><Provider Name=\"Microsoft-Windows-Windows Firewall With Advanced Security\" Guid=\"{d1bc9aff-2abf-4d71-9146-ecb2a986eb85}\"></Provider>\n<EventID Qualifiers=\"\">2005</EventID>\n<Version>0</Version>\n<Level>4</Level>\n<Task>0</Task>\n<Opcode>0</Opcode>\n<Keywords>0x8000020000000000</Keywords>\n<TimeCreated SystemTime=\"2014-01-25 01:27:34.418257+00:00\"></TimeCreated>\n<EventRecordID>113</EventRecordID>\n<Correlation ActivityID=\"\" RelatedActivityID=\"\"></Correlation>\n<Execution ProcessID=\"1268\" ThreadID=\"1668\"></Execution>\n<Channel>Microsoft-Windows-Windows Firewall With Advanced Security/Firewall</Channel>\n<Computer>IACIS-HDD-2014</Computer>\n<Security UserID=\"S-1-5-19\"></Security>\n</System>\n<EventData><Data Name=\"RuleId\">WMPNSS-WMP-Out-UDP</Data>\n<Data Name=\"RuleName\">Windows Media Player Network Sharing Service (Streaming-UDP-Out)</Data>\n<Data Name=\"Origin\">1</Data>\n<Data Name=\"ApplicationPath\">C:\\Program Files\\Windows Media Player\\wmplayer.exe</Data>\n<Data Name=\"ServiceName\"></Data>\n<Data Name=\"Direction\">2</Data>\n<Data Name=\"Protocol\">17</Data>\n<Data Name=\"LocalPorts\">*</Data>\n<Data Name=\"RemotePorts\">*</Data>\n<Data Name=\"Action\">3</Data>\n<Data Name=\"Profiles\">4</Data>\n<Data Name=\"LocalAddresses\">*</Data>\n<Data Name=\"RemoteAddresses\">LocalSubnet</Data>\n<Data Name=\"RemoteMachineAuthorizationList\"></Data>\n<Data Name=\"RemoteUserAuthorizationList\"></Data>\n<Data Name=\"EmbeddedContext\">@FirewallAPI.dll,-31252</Data>\n<Data Name=\"Flags\">0</Data>\n<Data Name=\"Active\">0</Data>\n<Data Name=\"EdgeTraversal\">0</Data>\n<Data Name=\"LooseSourceMapped\">0</Data>\n<Data Name=\"SecurityOptions\">0</Data>\n<Data Name=\"ModifyingUser\">S-1-5-18</Data>\n<Data Name=\"ModifyingApplication\">C:\\Windows\\System32\\svchost.exe</Data>\n<Data Name=\"SchemaVersion\">522</Data>\n<Data Name=\"RuleStatus\">65536</Data>\n</EventData>\n</Event>\n"
  },
