  {
    "EventID": 125,
    "Timestamp": "2014-01-25 08:08:43.351311+00:00",
    "Computer": "IACIS-HDD-2014",
    "Channel": "Microsoft-Windows-Diagnosis-DPS/Operational",
    "Level": "Information",
    "EventData": {
      "ScenarioId": "{739ff6cf-5033-428c-9e2f-582096482dd5}",
      "InstanceId": "{fc818823-f6ba-4ec3-9a43-951ee3974a83}",
      "OriginalActivityId": "{00000000-0000-0000-0000-000000000000}",
      "DiagnosticModuleImageName": "%windir%\\system32\\radarrs.dll",
      "DiagnosticModuleId": "{5ee64afb-398d-4edb-af71-3b830219abf7}"
    },
    "RawXml": "<Event xmlns=\"http://schemas.microsoft.com/win/2004/08/events/event\"><System><Provider Name=\"Microsoft-Windows-Diagnosis-DPS\" Guid=\"{6bba3851-2c7e-4dea-8f54-31e5afd029e3}\"></Provider>\n<EventID Qualifiers=\"\">125</EventID>\n<Version>0</Version>\n<Level>4</Level>\n<Task>1</Task>\n<Opcode>17</Opcode>\n<Keywords>0x4000000800000000</Keywords>\n<TimeCreated SystemTime=\"2014-01-25 08:08:43.351311+00:00\"></TimeCreated>\n<EventRecordID>131</EventRecordID>\n<Correlation ActivityID=\"{fc818823-f6ba-4ec3-9a43-951ee3974a83}\" RelatedActivityID=\"\"></Correlation>\n<Execution ProcessID=\"1268\" ThreadID=\"840\"></Execution>\n<Channel>Microsoft-Windows-Diagnosis-DPS/Operational</Channel>\n<Computer>IACIS-HDD-2014</Computer>\n<Security UserID=\"S-1-5-19\"></Security>\n</System>\n<EventData><Data Name=\"ScenarioId\">{739ff6cf-5033-428c-9e2f-582096482dd5}</Data>\n<Data Name=\"InstanceId\">{fc818823-f6ba-4ec3-9a43-951ee3974a83}</Data>\n<Data Name=\"OriginalActivityId\">{00000000-0000-0000-0000-000000000000}</Data>\n<Data Name=\"DiagnosticModuleImageName\">%windir%\\system32\\radarrs.dll</Data>\n<Data Name=\"DiagnosticModuleId\">{5ee64afb-398d-4edb-af71-3b830219abf7}</Data>\n</EventData>\n</Event>\n"
  },
  {
    "EventID": 130,
    "Timestamp": "2014-01-25 08:08:43.647711+00:00",
    "Computer": "IACIS-HDD-2014",
    "Channel": "Microsoft-Windows-Diagnosis-DPS/Operational",
    "Level": "Information",
    "EventData": {
      "ScenarioId": "{739ff6cf-5033-428c-9e2f-582096482dd5}",
      "InstanceId": "{fc818823-f6ba-4ec3-9a43-951ee3974a83}",
      "OriginalActivityId": "{00000000-0000-0000-0000-000000000000}",
      "DiagnosticModuleImageName": "%windir%\\system32\\radarrs.dll",
      "DiagnosticModuleId": "{5ee64afb-398d-4edb-af71-3b830219abf7}"
    },
    "RawXml": "<Event xmlns=\"http://schemas.microsoft.com/win/2004/08/events/event\"><System><Provider Name=\"Microsoft-Windows-Diagnosis-DPS\" Guid=\"{6bba3851-2c7e-4dea-8f54-31e5afd029e3}\"></Provider>\n<EventID Qualifiers=\"\">130</EventID>\n<Version>0</Version>\n<Level>4</Level>\n<Task>1</Task>\n<Opcode>19</Opcode>\n<Keywords>0x4000000800000000</Keywords>\n<TimeCreated SystemTime=\"2014-01-25 08:08:43.647711+00:00\"></TimeCreated>\n<EventRecordID>132</EventRecordID>\n<Correlation ActivityID=\"{fc818823-f6ba-4ec3-9a43-951ee3974a83}\" RelatedActivityID=\"\"></Correlation>\n<Execution ProcessID=\"1268\" ThreadID=\"840\"></Execution>\n<Channel>Microsoft-Windows-Diagnosis-DPS/Operational</Channel>\n<Computer>IACIS-HDD-2014</Computer>\n<Security UserID=\"S-1-5-19\"></Security>\n</System>\n<EventData><Data Name=\"ScenarioId\">{739ff6cf-5033-428c-9e2f-582096482dd5}</Data>\n<Data Name=\"InstanceId\">{fc818823-f6ba-4ec3-9a43-951ee3974a83}</Data>\n<Data Name=\"OriginalActivityId\">{00000000-0000-0000-0000-000000000000}</Data>\n<Data Name=\"DiagnosticModuleImageName\">%windir%\\system32\\radarrs.dll</Data>\n<Data Name=\"DiagnosticModuleId\">{5ee64afb-398d-4edb-af71-3b830219abf7}</Data>\n</EventData>\n</Event>\n"
  },
  {
    "EventID": 100,
    "Timestamp": "2014-01-25 08:13:42.201036+00:00",
    "Computer": "IACIS-HDD-2014",
    "Channel": "Microsoft-Windows-Diagnosis-DPS/Operational",
    "Level": "Information",
    "EventData": {
      "ScenarioId": "{739ff6cf-5033-428c-9e2f-582096482dd5}",
      "InstanceId": "{6d770586-7864-4214-a76e-58864e41d1c0}",
      "OriginalActivityId": "{00000000-0000-0000-0000-000000000000}",
      "DiagnosticModuleImageName": "%windir%\\system32\\radardt.dll",
      "DiagnosticModuleId": "{c0f51d84-11b9-4e74-b083-99f11ba2db0a}"
    },
    "RawXml": "<Event xmlns=\"http://schemas.microsoft.com/win/2004/08/events/event\"><System><Provider Name=\"Microsoft-Windows-Diagnosis-DPS\" Guid=\"{6bba3851-2c7e-4dea-8f54-31e5afd029e3}\"></Provider>\n<EventID Qualifiers=\"\">100</EventID>\n<Version>0</Version>\n<Level>4</Level>\n<Task>1</Task>\n<Opcode>12</Opcode>\n<Keywords>0x4000000800000000</Keywords>\n<TimeCreated SystemTime=\"2014-01-25 08:13:42.201036+00:00\"></TimeCreated>\n<EventRecordID>133</EventRecordID>\n<Correlation ActivityID=\"{6d770586-7864-4214-a76e-58864e41d1c0}\" RelatedActivityID=\"\"></Correlation>\n<Execution ProcessID=\"1268\" ThreadID=\"1636\"></Execution>\n<Channel>Microsoft-Windows-Diagnosis-DPS/Operational</Channel>\n<Computer>IACIS-HDD-2014</Computer>\n<Security UserID=\"S-1-5-19\"></Security>\n</System>\n<EventData><Data Name=\"ScenarioId\">{739ff6cf-5033-428c-9e2f-582096482dd5}</Data>\n<Data Name=\"InstanceId\">{6d770586-7864-4214-a76e-58864e41d1c0}</Data>\n<Data Name=\"OriginalActivityId\">{00000000-0000-0000-0000-000000000000}</Data>\n<Data Name=\"DiagnosticModuleImageName\">%windir%\\system32\\radardt.dll</Data>\n<Data Name=\"DiagnosticModuleId\">{c0f51d84-11b9-4e74-b083-99f11ba2db0a}</Data>\n</EventData>\n</Event>\n"
  },
  {
    "EventID": 105,
    "Timestamp": "2014-01-25 08:13:42.201036+00:00",
    "Computer": "IACIS-HDD-2014",
    "Channel": "Microsoft-Windows-Diagnosis-DPS/Operational",
    "Level": "Information",
    "EventData": {
      "ScenarioId": "{739ff6cf-5033-428c-9e2f-582096482dd5}",
      "InstanceId": "{6d770586-7864-4214-a76e-58864e41d1c0}",
      "OriginalActivityId": "{00000000-0000-0000-0000-000000000000}",
      "DiagnosticModuleImageName": "%windir%\\system32\\radardt.dll",
      "DiagnosticModuleId": "{c0f51d84-11b9-4e74-b083-99f11ba2db0a}"
    },
    "RawXml": "<Event xmlns=\"http://schemas.microsoft.com/win/2004/08/events/event\"><System><Provider Name=\"Microsoft-Windows-Diagnosis-DPS\" Guid=\"{6bba3851-2c7e-4dea-8f54-31e5afd029e3}\"></Provider>\n<EventID Qualifiers=\"\">105</EventID>\n<Version>0</Version>\n<Level>4</Level>\n<Task>1</Task>\n<Opcode>13</Opcode>\n<Keywords>0x4000000800000000</Keywords>\n<TimeCreated SystemTime=\"2014-01-25 08:13:42.201036+00:00\"></TimeCreated>\n<EventRecordID>134</EventRecordID>\n<Correlation ActivityID=\"{6d770586-7864-4214-a76e-58864e41d1c0}\" RelatedActivityID=\"\"></Correlation>\n<Execution ProcessID=\"1268\" ThreadID=\"1636\"></Execution>\n<Channel>Microsoft-Windows-Diagnosis-DPS/Operational</Channel>\n<Computer>IACIS-HDD-2014</Computer>\n<Security UserID=\"S-1-5-19\"></Security>\n</System>\n<EventData><Data Name=\"ScenarioId\">{739ff6cf-5033-428c-9e2f-582096482dd5}</Data>\n<Data Name=\"InstanceId\">{6d770586-7864-4214-a76e-58864e41d1c0}</Data>\n<Data Name=\"OriginalActivityId\">{00000000-0000-0000-0000-000000000000}</Data>\n<Data Name=\"DiagnosticModuleImageName\">%windir%\\system32\\radardt.dll</Data>\n<Data Name=\"DiagnosticModuleId\">{c0f51d84-11b9-4e74-b083-99f11ba2db0a}</Data>\n</EventData>\n</Event>\n"
  },
  {
    "EventID": 115,
    "Timestamp": "2014-01-25 08:13:43.137037+00:00",
    "Computer": "IACIS-HDD-2014",
    "Channel": "Microsoft-Windows-Diagnosis-DPS/Operational",
    "Level": "Information",
    "EventData": {
      "ScenarioId": "{739ff6cf-5033-428c-9e2f-582096482dd5}",
      "InstanceId": "{6d770586-7864-4214-a76e-58864e41d1c0}",
      "OriginalActivityId": "{00000000-0000-0000-0000-000000000000}",
      "DiagnosticModuleImageName": "%windir%\\system32\\radardt.dll",
      "ResolutionId": "{5ee64afb-398d-4edb-af71-3b830219abf7}",
      "ResolutionSID": "S-1-5-21-1171287513-3642516788-2358256967-1001",
      "ResolutionSessionId": "1",
      "ResolutionExpirationDate": "0001-01-01 00:00:00",
      "DiagnosticModuleId": "{c0f51d84-11b9-4e74-b083-99f11ba2db0a}"
    },
    "RawXml": "<Event xmlns=\"http://schemas.microsoft.com/win/2004/08/events/event\"><System><Provider Name=\"Microsoft-Windows-Diagnosis-DPS\" Guid=\"{6bba3851-2c7e-4dea-8f54-31e5afd029e3}\"></Provider>\n<EventID Qualifiers=\"\">115</EventID>\n<Version>0</Version>\n<Level>4</Level>\n<Task>1</Task>\n<Opcode>15</Opcode>\n<Keywords>0x4000000800000000</Keywords>\n<TimeCreated SystemTime=\"2014-01-25 08:13:43.137037+00:00\"></TimeCreated>\n<EventRecordID>135</EventRecordID>\n<Correlation ActivityID=\"{6d770586-7864-4214-a76e-58864e41d1c0}\" RelatedActivityID=\"\"></Correlation>\n<Execution ProcessID=\"1268\" ThreadID=\"1636\"></Execution>\n<Channel>Microsoft-Windows-Diagnosis-DPS/Operational</Channel>\n<Computer>IACIS-HDD-2014</Computer>\n<Security UserID=\"S-1-5-19\"></Security>\n</System>\n<EventData><Data Name=\"ScenarioId\">{739ff6cf-5033-428c-9e2f-582096482dd5}</Data>\n<Data Name=\"InstanceId\">{6d770586-7864-4214-a76e-58864e41d1c0}</Data>\n<Data Name=\"OriginalActivityId\">{00000000-0000-0000-0000-000000000000}</Data>\n<Data Name=\"DiagnosticModuleImageName\">%windir%\\system32\\radardt.dll</Data>\n<Data Name=\"ResolutionId\">{5ee64afb-398d-4edb-af71-3b830219abf7}</Data>\n<Data Name=\"ResolutionSID\">S-1-5-21-1171287513-3642516788-2358256967-1001</Data>\n<Data Name=\"ResolutionSessionId\">1</Data>\n<Data Name=\"ResolutionExpirationDate\">0001-01-01 00:00:00</Data>\n<Data Name=\"DiagnosticModuleId\">{c0f51d84-11b9-4e74-b083-99f11ba2db0a}</Data>\n</EventData>\n</Event>\n"
  },
  {
    "EventID": 125,
    "Timestamp": "2014-01-25 08:13:43.152637+00:00",
    "Computer": "IACIS-HDD-2014",
    "Channel": "Microsoft-Windows-Diagnosis-DPS/Operational",
    "Level": "Information",
    "EventData": {
      "ScenarioId": "{739ff6cf-5033-428c-9e2f-582096482dd5}",
      "InstanceId": "{6d770586-7864-4214-a76e-58864e41d1c0}",
      "OriginalActivityId": "{00000000-0000-0000-0000-000000000000}",
      "DiagnosticModuleImageName": "%windir%\\system32\\radarrs.dll",
      "DiagnosticModuleId": "{5ee64afb-398d-4edb-af71-3b830219abf7}"
    },
    "RawXml": "<Event xmlns=\"http://schemas.microsoft.com/win/2004/08/events/event\"><System><Provider Name=\"Microsoft-Windows-Diagnosis-DPS\" Guid=\"{6bba3851-2c7e-4dea-8f54-31e5afd029e3}\"></Provider>\n<EventID Qualifiers=\"\">125</EventID>\n<Version>0</Version>\n<Level>4</Level>\n<Task>1</Task>\n<Opcode>17</Opcode>\n<Keywords>0x4000000800000000</Keywords>\n<TimeCreated SystemTime=\"2014-01-25 08:13:43.152637+00:00\"></TimeCreated>\n<EventRecordID>136</EventRecordID>\n<Correlation ActivityID=\"{6d770586-7864-4214-a76e-58864e41d1c0}\" RelatedActivityID=\"\"></Correlation>\n<Execution ProcessID=\"1268\" ThreadID=\"1636\"></Execution>\n<Channel>Microsoft-Windows-Diagnosis-DPS/Operational</Channel>\n<Computer>IACIS-HDD-2014</Computer>\n<Security UserID=\"S-1-5-19\"></Security>\n</System>\n<EventData><Data Name=\"ScenarioId\">{739ff6cf-5033-428c-9e2f-582096482dd5}</Data>\n<Data Name=\"InstanceId\">{6d770586-7864-4214-a76e-58864e41d1c0}</Data>\n<Data Name=\"OriginalActivityId\">{00000000-0000-0000-0000-000000000000}</Data>\n<Data Name=\"DiagnosticModuleImageName\">%windir%\\system32\\radarrs.dll</Data>\n<Data Name=\"DiagnosticModuleId\">{5ee64afb-398d-4edb-af71-3b830219abf7}</Data>\n</EventData>\n</Event>\n"
  },
  {
    "EventID": 130,
    "Timestamp": "2014-01-25 08:13:43.480238+00:00",
    "Computer": "IACIS-HDD-2014",
    "Channel": "Microsoft-Windows-Diagnosis-DPS/Operational",
    "Level": "Information",
    "EventData": {
      "ScenarioId": "{739ff6cf-5033-428c-9e2f-582096482dd5}",
      "InstanceId": "{6d770586-7864-4214-a76e-58864e41d1c0}",
      "OriginalActivityId": "{00000000-0000-0000-0000-000000000000}",
      "DiagnosticModuleImageName": "%windir%\\system32\\radarrs.dll",
      "DiagnosticModuleId": "{5ee64afb-398d-4edb-af71-3b830219abf7}"
    },
    "RawXml": "<Event xmlns=\"http://schemas.microsoft.com/win/2004/08/events/event\"><System><Provider Name=\"Microsoft-Windows-Diagnosis-DPS\" Guid=\"{6bba3851-2c7e-4dea-8f54-31e5afd029e3}\"></Provider>\n<EventID Qualifiers=\"\">130</EventID>\n<Version>0</Version>\n<Level>4</Level>\n<Task>1</Task>\n<Opcode>19</Opcode>\n<Keywords>0x4000000800000000</Keywords>\n<TimeCreated SystemTime=\"2014-01-25 08:13:43.480238+00:00\"></TimeCreated>\n<EventRecordID>137</EventRecordID>\n<Correlation ActivityID=\"{6d770586-7864-4214-a76e-58864e41d1c0}\" RelatedActivityID=\"\"></Correlation>\n<Execution ProcessID=\"1268\" ThreadID=\"1636\"></Execution>\n<Channel>Microsoft-Windows-Diagnosis-DPS/Operational</Channel>\n<Computer>IACIS-HDD-2014</Computer>\n<Security UserID=\"S-1-5-19\"></Security>\n</System>\n<EventData><Data Name=\"ScenarioId\">{739ff6cf-5033-428c-9e2f-582096482dd5}</Data>\n<Data Name=\"InstanceId\">{6d770586-7864-4214-a76e-58864e41d1c0}</Data>\n<Data Name=\"OriginalActivityId\">{00000000-0000-0000-0000-000000000000}</Data>\n<Data Name=\"DiagnosticModuleImageName\">%windir%\\system32\\radarrs.dll</Data>\n<Data Name=\"DiagnosticModuleId\">{5ee64afb-398d-4edb-af71-3b830219abf7}</Data>\n</EventData>\n</Event>\n"
  },
  {
    "EventID": 100,
    "Timestamp": "2014-01-25 08:18:42.329962+00:00",
    "Computer": "IACIS-HDD-2014",
    "Channel": "Microsoft-Windows-Diagnosis-DPS/Operational",
    "Level": "Information",
    "EventData": {
      "ScenarioId": "{739ff6cf-5033-428c-9e2f-582096482dd5}",
      "InstanceId": "{69572f99-5370-4777-bd6f-2b5d5252cc55}",
      "OriginalActivityId": "{00000000-0000-0000-0000-000000000000}",
      "DiagnosticModuleImageName": "%windir%\\system32\\radardt.dll",
      "DiagnosticModuleId": "{c0f51d84-11b9-4e74-b083-99f11ba2db0a}"
    },
    "RawXml": "<Event xmlns=\"http://schemas.microsoft.com/win/2004/08/events/event\"><System><Provider Name=\"Microsoft-Windows-Diagnosis-DPS\" Guid=\"{6bba3851-2c7e-4dea-8f54-31e5afd029e3}\"></Provider>\n<EventID Qualifiers=\"\">100</EventID>\n<Version>0</Version>\n<Level>4</Level>\n<Task>1</Task>\n<Opcode>12</Opcode>\n<Keywords>0x4000000800000000</Keywords>\n<TimeCreated SystemTime=\"2014-01-25 08:18:42.329962+00:00\"></TimeCreated>\n<EventRecordID>138</EventRecordID>\n<Correlation ActivityID=\"{69572f99-5370-4777-bd6f-2b5d5252cc55}\" RelatedActivityID=\"\"></Correlation>\n<Execution ProcessID=\"1268\" ThreadID=\"2612\"></Execution>\n<Channel>Microsoft-Windows-Diagnosis-DPS/Operational</Channel>\n<Computer>IACIS-HDD-2014</Computer>\n<Security UserID=\"S-1-5-19\"></Security>\n</System>\n<EventData><Data Name=\"ScenarioId\">{739ff6cf-5033-428c-9e2f-582096482dd5}</Data>\n<Data Name=\"InstanceId\">{69572f99-5370-4777-bd6f-2b5d5252cc55}</Data>\n<Data Name=\"OriginalActivityId\">{00000000-0000-0000-0000-000000000000}</Data>\n<Data Name=\"DiagnosticModuleImageName\">%windir%\\system32\\radardt.dll</Data>\n<Data Name=\"DiagnosticModuleId\">{c0f51d84-11b9-4e74-b083-99f11ba2db0a}</Data>\n</EventData>\n</Event>\n"
  },
  {
    "EventID": 105,
    "Timestamp": "2014-01-25 08:18:42.329962+00:00",
    "Computer": "IACIS-HDD-2014",
    "Channel": "Microsoft-Windows-Diagnosis-DPS/Operational",
    "Level": "Information",
    "EventData": {
      "ScenarioId": "{739ff6cf-5033-428c-9e2f-582096482dd5}",
      "InstanceId": "{69572f99-5370-4777-bd6f-2b5d5252cc55}",
      "OriginalActivityId": "{00000000-0000-0000-0000-000000000000}",
      "DiagnosticModuleImageName": "%windir%\\system32\\radardt.dll",
      "DiagnosticModuleId": "{c0f51d84-11b9-4e74-b083-99f11ba2db0a}"
    },
    "RawXml": "<Event xmlns=\"http://schemas.microsoft.com/win/2004/08/events/event\"><System><Provider Name=\"Microsoft-Windows-Diagnosis-DPS\" Guid=\"{6bba3851-2c7e-4dea-8f54-31e5afd029e3}\"></Provider>\n<EventID Qualifiers=\"\">105</EventID>\n<Version>0</Version>\n<Level>4</Level>\n<Task>1</Task>\n<Opcode>13</Opcode>\n<Keywords>0x4000000800000000</Keywords>\n<TimeCreated SystemTime=\"2014-01-25 08:18:42.329962+00:00\"></TimeCreated>\n<EventRecordID>139</EventRecordID>\n<Correlation ActivityID=\"{69572f99-5370-4777-bd6f-2b5d5252cc55}\" RelatedActivityID=\"\"></Correlation>\n<Execution ProcessID=\"1268\" ThreadID=\"2612\"></Execution>\n<Channel>Microsoft-Windows-Diagnosis-DPS/Operational</Channel>\n<Computer>IACIS-HDD-2014</Computer>\n<Security UserID=\"S-1-5-19\"></Security>\n</System>\n<EventData><Data Name=\"ScenarioId\">{739ff6cf-5033-428c-9e2f-582096482dd5}</Data>\n<Data Name=\"InstanceId\">{69572f99-5370-4777-bd6f-2b5d5252cc55}</Data>\n<Data Name=\"OriginalActivityId\">{00000000-0000-0000-0000-000000000000}</Data>\n<Data Name=\"DiagnosticModuleImageName\">%windir%\\system32\\radardt.dll</Data>\n<Data Name=\"DiagnosticModuleId\">{c0f51d84-11b9-4e74-b083-99f11ba2db0a}</Data>\n</EventData>\n</Event>\n"
  },
  {
    "EventID": 115,
    "Timestamp": "2014-01-25 08:18:44.248766+00:00",
    "Computer": "IACIS-HDD-2014",
    "Channel": "Microsoft-Windows-Diagnosis-DPS/Operational",
    "Level": "Information",
    "EventData": {
      "ScenarioId": "{739ff6cf-5033-428c-9e2f-582096482dd5}",
      "InstanceId": "{69572f99-5370-4777-bd6f-2b5d5252cc55}",
      "OriginalActivityId": "{00000000-0000-0000-0000-000000000000}",
      "DiagnosticModuleImageName": "%windir%\\system32\\radardt.dll",
      "ResolutionId": "{5ee64afb-398d-4edb-af71-3b830219abf7}",
      "ResolutionSID": "S-1-5-21-1171287513-3642516788-2358256967-1001",
      "ResolutionSessionId": "1",
      "ResolutionExpirationDate": "0001-01-01 00:00:00",
      "DiagnosticModuleId": "{c0f51d84-11b9-4e74-b083-99f11ba2db0a}"
    },
    "RawXml": "<Event xmlns=\"http://schemas.microsoft.com/win/2004/08/events/event\"><System><Provider Name=\"Microsoft-Windows-Diagnosis-DPS\" Guid=\"{6bba3851-2c7e-4dea-8f54-31e5afd029e3}\"></Provider>\n<EventID Qualifiers=\"\">115</EventID>\n<Version>0</Version>\n<Level>4</Level>\n<Task>1</Task>\n<Opcode>15</Opcode>\n<Keywords>0x4000000800000000</Keywords>\n<TimeCreated SystemTime=\"2014-01-25 08:18:44.248766+00:00\"></TimeCreated>\n<EventRecordID>140</EventRecordID>\n<Correlation ActivityID=\"{69572f99-5370-4777-bd6f-2b5d5252cc55}\" RelatedActivityID=\"\"></Correlation>\n<Execution ProcessID=\"1268\" ThreadID=\"2612\"></Execution>\n<Channel>Microsoft-Windows-Diagnosis-DPS/Operational</Channel>\n<Computer>IACIS-HDD-2014</Computer>\n<Security UserID=\"S-1-5-19\"></Security>\n</System>\n<EventData><Data Name=\"ScenarioId\">{739ff6cf-5033-428c-9e2f-582096482dd5}</Data>\n<Data Name=\"InstanceId\">{69572f99-5370-4777-bd6f-2b5d5252cc55}</Data>\n<Data Name=\"OriginalActivityId\">{00000000-0000-0000-0000-000000000000}</Data>\n<Data Name=\"DiagnosticModuleImageName\">%windir%\\system32\\radardt.dll</Data>\n<Data Name=\"ResolutionId\">{5ee64afb-398d-4edb-af71-3b830219abf7}</Data>\n<Data Name=\"ResolutionSID\">S-1-5-21-1171287513-3642516788-2358256967-1001</Data>\n<Data Name=\"ResolutionSessionId\">1</Data>\n<Data Name=\"ResolutionExpirationDate\">0001-01-01 00:00:00</Data>\n<Data Name=\"DiagnosticModuleId\">{c0f51d84-11b9-4e74-b083-99f11ba2db0a}</Data>\n</EventData>\n</Event>\n"
  },
  {
    "EventID": 125,
    "Timestamp": "2014-01-25 08:18:44.264366+00:00",
    "Computer": "IACIS-HDD-2014",
    "Channel": "Microsoft-Windows-Diagnosis-DPS/Operational",
    "Level": "Information",
    "EventData": {
      "ScenarioId": "{739ff6cf-5033-428c-9e2f-582096482dd5}",
      "InstanceId": "{69572f99-5370-4777-bd6f-2b5d5252cc55}",
      "OriginalActivityId": "{00000000-0000-0000-0000-000000000000}",
      "DiagnosticModuleImageName": "%windir%\\system32\\radarrs.dll",
      "DiagnosticModuleId": "{5ee64afb-398d-4edb-af71-3b830219abf7}"
    },
    "RawXml": "<Event xmlns=\"http://schemas.microsoft.com/win/2004/08/events/event\"><System><Provider Name=\"Microsoft-Windows-Diagnosis-DPS\" Guid=\"{6bba3851-2c7e-4dea-8f54-31e5afd029e3}\"></Provider>\n<EventID Qualifiers=\"\">125</EventID>\n<Version>0</Version>\n<Level>4</Level>\n<Task>1</Task>\n<Opcode>17</Opcode>\n<Keywords>0x4000000800000000</Keywords>\n<TimeCreated SystemTime=\"2014-01-25 08:18:44.264366+00:00\"></TimeCreated>\n<EventRecordID>141</EventRecordID>\n<Correlation ActivityID=\"{69572f99-5370-4777-bd6f-2b5d5252cc55}\" RelatedActivityID=\"\"></Correlation>\n<Execution ProcessID=\"1268\" ThreadID=\"2612\"></Execution>\n<Channel>Microsoft-Windows-Diagnosis-DPS/Operational</Channel>\n<Computer>IACIS-HDD-2014</Computer>\n<Security UserID=\"S-1-5-19\"></Security>\n</System>\n<EventData><Data Name=\"ScenarioId\">{739ff6cf-5033-428c-9e2f-582096482dd5}</Data>\n<Data Name=\"InstanceId\">{69572f99-5370-4777-bd6f-2b5d5252cc55}</Data>\n<Data Name=\"OriginalActivityId\">{00000000-0000-0000-0000-000000000000}</Data>\n<Data Name=\"DiagnosticModuleImageName\">%windir%\\system32\\radarrs.dll</Data>\n<Data Name=\"DiagnosticModuleId\">{5ee64afb-398d-4edb-af71-3b830219abf7}</Data>\n</EventData>\n</Event>\n"
  },
  {
    "EventID": 130,
    "Timestamp": "2014-01-25 08:18:44.467165+00:00",
    "Computer": "IACIS-HDD-2014",
    "Channel": "Microsoft-Windows-Diagnosis-DPS/Operational",
    "Level": "Information",
    "EventData": {
      "ScenarioId": "{739ff6cf-5033-428c-9e2f-582096482dd5}",
      "InstanceId": "{69572f99-5370-4777-bd6f-2b5d5252cc55}",
      "OriginalActivityId": "{00000000-0000-0000-0000-000000000000}",
      "DiagnosticModuleImageName": "%windir%\\system32\\radarrs.dll",
      "DiagnosticModuleId": "{5ee64afb-398d-4edb-af71-3b830219abf7}"
    },
    "RawXml": "<Event xmlns=\"http://schemas.microsoft.com/win/2004/08/events/event\"><System><Provider Name=\"Microsoft-Windows-Diagnosis-DPS\" Guid=\"{6bba3851-2c7e-4dea-8f54-31e5afd029e3}\"></Provider>\n<EventID Qualifiers=\"\">130</EventID>\n<Version>0</Version>\n<Level>4</Level>\n<Task>1</Task>\n<Opcode>19</Opcode>\n<Keywords>0x4000000800000000</Keywords>\n<TimeCreated SystemTime=\"2014-01-25 08:18:44.467165+00:00\"></TimeCreated>\n<EventRecordID>142</EventRecordID>\n<Correlation ActivityID=\"{69572f99-5370-4777-bd6f-2b5d5252cc55}\" RelatedActivityID=\"\"></Correlation>\n<Execution ProcessID=\"1268\" ThreadID=\"2612\"></Execution>\n<Channel>Microsoft-Windows-Diagnosis-DPS/Operational</Channel>\n<Computer>IACIS-HDD-2014</Computer>\n<Security UserID=\"S-1-5-19\"></Security>\n</System>\n<EventData><Data Name=\"ScenarioId\">{739ff6cf-5033-428c-9e2f-582096482dd5}</Data>\n<Data Name=\"InstanceId\">{69572f99-5370-4777-bd6f-2b5d5252cc55}</Data>\n<Data Name=\"OriginalActivityId\">{00000000-0000-0000-0000-000000000000}</Data>\n<Data Name=\"DiagnosticModuleImageName\">%windir%\\system32\\radarrs.dll</Data>\n<Data Name=\"DiagnosticModuleId\">{5ee64afb-398d-4edb-af71-3b830219abf7}</Data>\n</EventData>\n</Event>\n"
  },
  {
    "EventID": 100,
    "Timestamp": "2014-01-25 08:23:42.224890+00:00",
    "Computer": "IACIS-HDD-2014",
    "Channel": "Microsoft-Windows-Diagnosis-DPS/Operational",
    "Level": "Information",
    "EventData": {
      "ScenarioId": "{739ff6cf-5033-428c-9e2f-582096482dd5}",
      "InstanceId": "{cce32c3a-595a-49a1-85ee-76d6206e690f}",
      "OriginalActivityId": "{00000000-0000-0000-0000-000000000000}",
      "DiagnosticModuleImageName": "%windir%\\system32\\radardt.dll",
      "DiagnosticModuleId": "{c0f51d84-11b9-4e74-b083-99f11ba2db0a}"
    },
    "RawXml": "<Event xmlns=\"http://schemas.microsoft.com/win/2004/08/events/event\"><System><Provider Name=\"Microsoft-Windows-Diagnosis-DPS\" Guid=\"{6bba3851-2c7e-4dea-8f54-31e5afd029e3}\"></Provider>\n<EventID Qualifiers=\"\">100</EventID>\n<Version>0</Version>\n<Level>4</Level>\n<Task>1</Task>\n<Opcode>12</Opcode>\n<Keywords>0x4000000800000000</Keywords>\n<TimeCreated SystemTime=\"2014-01-25 08:23:42.224890+00:00\"></TimeCreated>\n<EventRecordID>143</EventRecordID>\n<Correlation ActivityID=\"{cce32c3a-595a-49a1-85ee-76d6206e690f}\" RelatedActivityID=\"\"></Correlation>\n<Execution ProcessID=\"1268\" ThreadID=\"604\"></Execution>\n<Channel>Microsoft-Windows-Diagnosis-DPS/Operational</Channel>\n<Computer>IACIS-HDD-2014</Computer>\n<Security UserID=\"S-1-5-19\"></Security>\n</System>\n<EventData><Data Name=\"ScenarioId\">{739ff6cf-5033-428c-9e2f-582096482dd5}</Data>\n<Data Name=\"InstanceId\">{cce32c3a-595a-49a1-85ee-76d6206e690f}</Data>\n<Data Name=\"OriginalActivityId\">{00000000-0000-0000-0000-000000000000}</Data>\n<Data Name=\"DiagnosticModuleImageName\">%windir%\\system32\\radardt.dll</Data>\n<Data Name=\"DiagnosticModuleId\">{c0f51d84-11b9-4e74-b083-99f11ba2db0a}</Data>\n</EventData>\n</Event>\n"
  },
  {
    "EventID": 105,
    "Timestamp": "2014-01-25 08:23:42.224890+00:00",
    "Computer": "IACIS-HDD-2014",
    "Channel": "Microsoft-Windows-Diagnosis-DPS/Operational",
    "Level": "Information",
    "EventData": {
      "ScenarioId": "{739ff6cf-5033-428c-9e2f-582096482dd5}",
      "InstanceId": "{cce32c3a-595a-49a1-85ee-76d6206e690f}",
      "OriginalActivityId": "{00000000-0000-0000-0000-000000000000}",
      "DiagnosticModuleImageName": "%windir%\\system32\\radardt.dll",
      "DiagnosticModuleId": "{c0f51d84-11b9-4e74-b083-99f11ba2db0a}"
    },
    "RawXml": "<Event xmlns=\"http://schemas.microsoft.com/win/2004/08/events/event\"><System><Provider Name=\"Microsoft-Windows-Diagnosis-DPS\" Guid=\"{6bba3851-2c7e-4dea-8f54-31e5afd029e3}\"></Provider>\n<EventID Qualifiers=\"\">105</EventID>\n<Version>0</Version>\n<Level>4</Level>\n<Task>1</Task>\n<Opcode>13</Opcode>\n<Keywords>0x4000000800000000</Keywords>\n<TimeCreated SystemTime=\"2014-01-25 08:23:42.224890+00:00\"></TimeCreated>\n<EventRecordID>144</EventRecordID>\n<Correlation ActivityID=\"{cce32c3a-595a-49a1-85ee-76d6206e690f}\" RelatedActivityID=\"\"></Correlation>\n<Execution ProcessID=\"1268\" ThreadID=\"604\"></Execution>\n<Channel>Microsoft-Windows-Diagnosis-DPS/Operational</Channel>\n<Computer>IACIS-HDD-2014</Computer>\n<Security UserID=\"S-1-5-19\"></Security>\n</System>\n<EventData><Data Name=\"ScenarioId\">{739ff6cf-5033-428c-9e2f-582096482dd5}</Data>\n<Data Name=\"InstanceId\">{cce32c3a-595a-49a1-85ee-76d6206e690f}</Data>\n<Data Name=\"OriginalActivityId\">{00000000-0000-0000-0000-000000000000}</Data>\n<Data Name=\"DiagnosticModuleImageName\">%windir%\\system32\\radardt.dll</Data>\n<Data Name=\"DiagnosticModuleId\">{c0f51d84-11b9-4e74-b083-99f11ba2db0a}</Data>\n</EventData>\n</Event>\n"
  },
  {
    "EventID": 115,
    "Timestamp": "2014-01-25 08:23:44.611694+00:00",
    "Computer": "IACIS-HDD-2014",
    "Channel": "Microsoft-Windows-Diagnosis-DPS/Operational",
    "Level": "Information",
    "EventData": {
      "ScenarioId": "{739ff6cf-5033-428c-9e2f-582096482dd5}",
      "InstanceId": "{cce32c3a-595a-49a1-85ee-76d6206e690f}",
      "OriginalActivityId": "{00000000-0000-0000-0000-000000000000}",
      "DiagnosticModuleImageName": "%windir%\\system32\\radardt.dll",
      "ResolutionId": "{5ee64afb-398d-4edb-af71-3b830219abf7}",
      "ResolutionSID": "S-1-5-21-1171287513-3642516788-2358256967-1001",
      "ResolutionSessionId": "1",
      "ResolutionExpirationDate": "0001-01-01 00:00:00",
      "DiagnosticModuleId": "{c0f51d84-11b9-4e74-b083-99f11ba2db0a}"
    },
    "RawXml": "<Event xmlns=\"http://schemas.microsoft.com/win/2004/08/events/event\"><System><Provider Name=\"Microsoft-Windows-Diagnosis-DPS\" Guid=\"{6bba3851-2c7e-4dea-8f54-31e5afd029e3}\"></Provider>\n<EventID Qualifiers=\"\">115</EventID>\n<Version>0</Version>\n<Level>4</Level>\n<Task>1</Task>\n<Opcode>15</Opcode>\n<Keywords>0x4000000800000000</Keywords>\n<TimeCreated SystemTime=\"2014-01-25 08:23:44.611694+00:00\"></TimeCreated>\n<EventRecordID>145</EventRecordID>\n<Correlation ActivityID=\"{cce32c3a-595a-49a1-85ee-76d6206e690f}\" RelatedActivityID=\"\"></Correlation>\n<Execution ProcessID=\"1268\" ThreadID=\"604\"></Execution>\n<Channel>Microsoft-Windows-Diagnosis-DPS/Operational</Channel>\n<Computer>IACIS-HDD-2014</Computer>\n<Security UserID=\"S-1-5-19\"></Security>\n</System>\n<EventData><Data Name=\"ScenarioId\">{739ff6cf-5033-428c-9e2f-582096482dd5}</Data>\n<Data Name=\"InstanceId\">{cce32c3a-595a-49a1-85ee-76d6206e690f}</Data>\n<Data Name=\"OriginalActivityId\">{00000000-0000-0000-0000-000000000000}</Data>\n<Data Name=\"DiagnosticModuleImageName\">%windir%\\system32\\radardt.dll</Data>\n<Data Name=\"ResolutionId\">{5ee64afb-398d-4edb-af71-3b830219abf7}</Data>\n<Data Name=\"ResolutionSID\">S-1-5-21-1171287513-3642516788-2358256967-1001</Data>\n<Data Name=\"ResolutionSessionId\">1</Data>\n<Data Name=\"ResolutionExpirationDate\">0001-01-01 00:00:00</Data>\n<Data Name=\"DiagnosticModuleId\">{c0f51d84-11b9-4e74-b083-99f11ba2db0a}</Data>\n</EventData>\n</Event>\n"
  },
  {
    "EventID": 125,
    "Timestamp": "2014-01-25 08:23:44.674093+00:00",
    "Computer": "IACIS-HDD-2014",
    "Channel": "Microsoft-Windows-Diagnosis-DPS/Operational",
    "Level": "Information",
    "EventData": {
      "ScenarioId": "{739ff6cf-5033-428c-9e2f-582096482dd5}",
      "InstanceId": "{cce32c3a-595a-49a1-85ee-76d6206e690f}",
      "OriginalActivityId": "{00000000-0000-0000-0000-000000000000}",
      "DiagnosticModuleImageName": "%windir%\\system32\\radarrs.dll",
      "DiagnosticModuleId": "{5ee64afb-398d-4edb-af71-3b830219abf7}"
    },
    "RawXml": "<Event xmlns=\"http://schemas.microsoft.com/win/2004/08/events/event\"><System><Provider Name=\"Microsoft-Windows-Diagnosis-DPS\" Guid=\"{6bba3851-2c7e-4dea-8f54-31e5afd029e3}\"></Provider>\n<EventID Qualifiers=\"\">125</EventID>\n<Version>0</Version>\n<Level>4</Level>\n<Task>1</Task>\n<Opcode>17</Opcode>\n<Keywords>0x4000000800000000</Keywords>\n<TimeCreated SystemTime=\"2014-01-25 08:23:44.674093+00:00\"></TimeCreated>\n<EventRecordID>146</EventRecordID>\n<Correlation ActivityID=\"{cce32c3a-595a-49a1-85ee-76d6206e690f}\" RelatedActivityID=\"\"></Correlation>\n<Execution ProcessID=\"1268\" ThreadID=\"604\"></Execution>\n<Channel>Microsoft-Windows-Diagnosis-DPS/Operational</Channel>\n<Computer>IACIS-HDD-2014</Computer>\n<Security UserID=\"S-1-5-19\"></Security>\n</System>\n<EventData><Data Name=\"ScenarioId\">{739ff6cf-5033-428c-9e2f-582096482dd5}</Data>\n<Data Name=\"InstanceId\">{cce32c3a-595a-49a1-85ee-76d6206e690f}</Data>\n<Data Name=\"OriginalActivityId\">{00000000-0000-0000-0000-000000000000}</Data>\n<Data Name=\"DiagnosticModuleImageName\">%windir%\\system32\\radarrs.dll</Data>\n<Data Name=\"DiagnosticModuleId\">{5ee64afb-398d-4edb-af71-3b830219abf7}</Data>\n</EventData>\n</Event>\n"
  },
  {
    "EventID": 130,
    "Timestamp": "2014-01-25 08:23:45.048494+00:00",
    "Computer": "IACIS-HDD-2014",
    "Channel": "Microsoft-Windows-Diagnosis-DPS/Operational",
    "Level": "Information",
    "EventData": {
      "ScenarioId": "{739ff6cf-5033-428c-9e2f-582096482dd5}",
      "InstanceId": "{cce32c3a-595a-49a1-85ee-76d6206e690f}",
      "OriginalActivityId": "{00000000-0000-0000-0000-000000000000}",
      "DiagnosticModuleImageName": "%windir%\\system32\\radarrs.dll",
      "DiagnosticModuleId": "{5ee64afb-398d-4edb-af71-3b830219abf7}"
    },
    "RawXml": "<Event xmlns=\"http://schemas.microsoft.com/win/2004/08/events/event\"><System><Provider Name=\"Microsoft-Windows-Diagnosis-DPS\" Guid=\"{6bba3851-2c7e-4dea-8f54-31e5afd029e3}\"></Provider>\n<EventID Qualifiers=\"\">130</EventID>\n<Version>0</Version>\n<Level>4</Level>\n<Task>1</Task>\n<Opcode>19</Opcode>\n<Keywords>0x4000000800000000</Keywords>\n<TimeCreated SystemTime=\"2014-01-25 08:23:45.048494+00:00\"></TimeCreated>\n<EventRecordID>147</EventRecordID>\n<Correlation ActivityID=\"{cce32c3a-595a-49a1-85ee-76d6206e690f}\" RelatedActivityID=\"\"></Correlation>\n<Execution ProcessID=\"1268\" ThreadID=\"604\"></Execution>\n<Channel>Microsoft-Windows-Diagnosis-DPS/Operational</Channel>\n<Computer>IACIS-HDD-2014</Computer>\n<Security UserID=\"S-1-5-19\"></Security>\n</System>\n<EventData><Data Name=\"ScenarioId\">{739ff6cf-5033-428c-9e2f-582096482dd5}</Data>\n<Data Name=\"InstanceId\">{cce32c3a-595a-49a1-85ee-76d6206e690f}</Data>\n<Data Name=\"OriginalActivityId\">{00000000-0000-0000-0000-000000000000}</Data>\n<Data Name=\"DiagnosticModuleImageName\">%windir%\\system32\\radarrs.dll</Data>\n<Data Name=\"DiagnosticModuleId\">{5ee64afb-398d-4edb-af71-3b830219abf7}</Data>\n</EventData>\n</Event>\n"
  },
  {
    "EventID": 100,
    "Timestamp": "2014-01-25 08:28:42.400618+00:00",
    "Computer": "IACIS-HDD-2014",
    "Channel": "Microsoft-Windows-Diagnosis-DPS/Operational",
    "Level": "Information",
    "EventData": {
      "ScenarioId": "{739ff6cf-5033-428c-9e2f-582096482dd5}",
      "InstanceId": "{d7423c13-a117-4564-9fbd-25066acfb7c4}",
      "OriginalActivityId": "{00000000-0000-0000-0000-000000000000}",
      "DiagnosticModuleImageName": "%windir%\\system32\\radardt.dll",
      "DiagnosticModuleId": "{c0f51d84-11b9-4e74-b083-99f11ba2db0a}"
    },
    "RawXml": "<Event xmlns=\"http://schemas.microsoft.com/win/2004/08/events/event\"><System><Provider Name=\"Microsoft-Windows-Diagnosis-DPS\" Guid=\"{6bba3851-2c7e-4dea-8f54-31e5afd029e3}\"></Provider>\n<EventID Qualifiers=\"\">100</EventID>\n<Version>0</Version>\n<Level>4</Level>\n<Task>1</Task>\n<Opcode>12</Opcode>\n<Keywords>0x4000000800000000</Keywords>\n<TimeCreated SystemTime=\"2014-01-25 08:28:42.400618+00:00\"></TimeCreated>\n<EventRecordID>148</EventRecordID>\n<Correlation ActivityID=\"{d7423c13-a117-4564-9fbd-25066acfb7c4}\" RelatedActivityID=\"\"></Correlation>\n<Execution ProcessID=\"1268\" ThreadID=\"2748\"></Execution>\n<Channel>Microsoft-Windows-Diagnosis-DPS/Operational</Channel>\n<Computer>IACIS-HDD-2014</Computer>\n<Security UserID=\"S-1-5-19\"></Security>\n</System>\n<EventData><Data Name=\"ScenarioId\">{739ff6cf-5033-428c-9e2f-582096482dd5}</Data>\n<Data Name=\"InstanceId\">{d7423c13-a117-4564-9fbd-25066acfb7c4}</Data>\n<Data Name=\"OriginalActivityId\">{00000000-0000-0000-0000-000000000000}</Data>\n<Data Name=\"DiagnosticModuleImageName\">%windir%\\system32\\radardt.dll</Data>\n<Data Name=\"DiagnosticModuleId\">{c0f51d84-11b9-4e74-b083-99f11ba2db0a}</Data>\n</EventData>\n</Event>\n"
  },
  {
    "EventID": 105,
    "Timestamp": "2014-01-25 08:28:42.400618+00:00",
    "Computer": "IACIS-HDD-2014",
    "Channel": "Microsoft-Windows-Diagnosis-DPS/Operational",
    "Level": "Information",
    "EventData": {
      "ScenarioId": "{739ff6cf-5033-428c-9e2f-582096482dd5}",
      "InstanceId": "{d7423c13-a117-4564-9fbd-25066acfb7c4}",
      "OriginalActivityId": "{00000000-0000-0000-0000-000000000000}",
      "DiagnosticModuleImageName": "%windir%\\system32\\radardt.dll",
      "DiagnosticModuleId": "{c0f51d84-11b9-4e74-b083-99f11ba2db0a}"
    },
    "RawXml": "<Event xmlns=\"http://schemas.microsoft.com/win/2004/08/events/event\"><System><Provider Name=\"Microsoft-Windows-Diagnosis-DPS\" Guid=\"{6bba3851-2c7e-4dea-8f54-31e5afd029e3}\"></Provider>\n<EventID Qualifiers=\"\">105</EventID>\n<Version>0</Version>\n<Level>4</Level>\n<Task>1</Task>\n<Opcode>13</Opcode>\n<Keywords>0x4000000800000000</Keywords>\n<TimeCreated SystemTime=\"2014-01-25 08:28:42.400618+00:00\"></TimeCreated>\n<EventRecordID>149</EventRecordID>\n<Correlation ActivityID=\"{d7423c13-a117-4564-9fbd-25066acfb7c4}\" RelatedActivityID=\"\"></Correlation>\n<Execution ProcessID=\"1268\" ThreadID=\"2748\"></Execution>\n<Channel>Microsoft-Windows-Diagnosis-DPS/Operational</Channel>\n<Computer>IACIS-HDD-2014</Computer>\n<Security UserID=\"S-1-5-19\"></Security>\n</System>\n<EventData><Data Name=\"ScenarioId\">{739ff6cf-5033-428c-9e2f-582096482dd5}</Data>\n<Data Name=\"InstanceId\">{d7423c13-a117-4564-9fbd-25066acfb7c4}</Data>\n<Data Name=\"OriginalActivityId\">{00000000-0000-0000-0000-000000000000}</Data>\n<Data Name=\"DiagnosticModuleImageName\">%windir%\\system32\\radardt.dll</Data>\n<Data Name=\"DiagnosticModuleId\">{c0f51d84-11b9-4e74-b083-99f11ba2db0a}</Data>\n</EventData>\n</Event>\n"
  },
  {
    "EventID": 115,
    "Timestamp": "2014-01-25 08:28:44.147820+00:00",
    "Computer": "IACIS-HDD-2014",
    "Channel": "Microsoft-Windows-Diagnosis-DPS/Operational",
    "Level": "Information",
    "EventData": {
      "ScenarioId": "{739ff6cf-5033-428c-9e2f-582096482dd5}",
      "InstanceId": "{d7423c13-a117-4564-9fbd-25066acfb7c4}",
      "OriginalActivityId": "{00000000-0000-0000-0000-000000000000}",
      "DiagnosticModuleImageName": "%windir%\\system32\\radardt.dll",
      "ResolutionId": "{5ee64afb-398d-4edb-af71-3b830219abf7}",
      "ResolutionSID": "S-1-5-21-1171287513-3642516788-2358256967-1001",
      "ResolutionSessionId": "1",
      "ResolutionExpirationDate": "0001-01-01 00:00:00",
      "DiagnosticModuleId": "{c0f51d84-11b9-4e74-b083-99f11ba2db0a}"
    },
    "RawXml": "<Event xmlns=\"http://schemas.microsoft.com/win/2004/08/events/event\"><System><Provider Name=\"Microsoft-Windows-Diagnosis-DPS\" Guid=\"{6bba3851-2c7e-4dea-8f54-31e5afd029e3}\"></Provider>\n<EventID Qualifiers=\"\">115</EventID>\n<Version>0</Version>\n<Level>4</Level>\n<Task>1</Task>\n<Opcode>15</Opcode>\n<Keywords>0x4000000800000000</Keywords>\n<TimeCreated SystemTime=\"2014-01-25 08:28:44.147820+00:00\"></TimeCreated>\n<EventRecordID>150</EventRecordID>\n<Correlation ActivityID=\"{d7423c13-a117-4564-9fbd-25066acfb7c4}\" RelatedActivityID=\"\"></Correlation>\n<Execution ProcessID=\"1268\" ThreadID=\"2748\"></Execution>\n<Channel>Microsoft-Windows-Diagnosis-DPS/Operational</Channel>\n<Computer>IACIS-HDD-2014</Computer>\n<Security UserID=\"S-1-5-19\"></Security>\n</System>\n<EventData><Data Name=\"ScenarioId\">{739ff6cf-5033-428c-9e2f-582096482dd5}</Data>\n<Data Name=\"InstanceId\">{d7423c13-a117-4564-9fbd-25066acfb7c4}</Data>\n<Data Name=\"OriginalActivityId\">{00000000-0000-0000-0000-000000000000}</Data>\n<Data Name=\"DiagnosticModuleImageName\">%windir%\\system32\\radardt.dll</Data>\n<Data Name=\"ResolutionId\">{5ee64afb-398d-4edb-af71-3b830219abf7}</Data>\n<Data Name=\"ResolutionSID\">S-1-5-21-1171287513-3642516788-2358256967-1001</Data>\n<Data Name=\"ResolutionSessionId\">1</Data>\n<Data Name=\"ResolutionExpirationDate\">0001-01-01 00:00:00</Data>\n<Data Name=\"DiagnosticModuleId\">{c0f51d84-11b9-4e74-b083-99f11ba2db0a}</Data>\n</EventData>\n</Event>\n"
  },
  {
    "EventID": 125,
    "Timestamp": "2014-01-25 08:28:44.241421+00:00",
    "Computer": "IACIS-HDD-2014",
    "Channel": "Microsoft-Windows-Diagnosis-DPS/Operational",
    "Level": "Information",
    "EventData": {
      "ScenarioId": "{739ff6cf-5033-428c-9e2f-582096482dd5}",
      "InstanceId": "{d7423c13-a117-4564-9fbd-25066acfb7c4}",
      "OriginalActivityId": "{00000000-0000-0000-0000-000000000000}",
      "DiagnosticModuleImageName": "%windir%\\system32\\radarrs.dll",
      "DiagnosticModuleId": "{5ee64afb-398d-4edb-af71-3b830219abf7}"
    },
    "RawXml": "<Event xmlns=\"http://schemas.microsoft.com/win/2004/08/events/event\"><System><Provider Name=\"Microsoft-Windows-Diagnosis-DPS\" Guid=\"{6bba3851-2c7e-4dea-8f54-31e5afd029e3}\"></Provider>\n<EventID Qualifiers=\"\">125</EventID>\n<Version>0</Version>\n<Level>4</Level>\n<Task>1</Task>\n<Opcode>17</Opcode>\n<Keywords>0x4000000800000000</Keywords>\n<TimeCreated SystemTime=\"2014-01-25 08:28:44.241421+00:00\"></TimeCreated>\n<EventRecordID>151</EventRecordID>\n<Correlation ActivityID=\"{d7423c13-a117-4564-9fbd-25066acfb7c4}\" RelatedActivityID=\"\"></Correlation>\n<Execution ProcessID=\"1268\" ThreadID=\"2748\"></Execution>\n<Channel>Microsoft-Windows-Diagnosis-DPS/Operational</Channel>\n<Computer>IACIS-HDD-2014</Computer>\n<Security UserID=\"S-1-5-19\"></Security>\n</System>\n<EventData><Data Name=\"ScenarioId\">{739ff6cf-5033-428c-9e2f-582096482dd5}</Data>\n<Data Name=\"InstanceId\">{d7423c13-a117-4564-9fbd-25066acfb7c4}</Data>\n<Data Name=\"OriginalActivityId\">{00000000-0000-0000-0000-000000000000}</Data>\n<Data Name=\"DiagnosticModuleImageName\">%windir%\\system32\\radarrs.dll</Data>\n<Data Name=\"DiagnosticModuleId\">{5ee64afb-398d-4edb-af71-3b830219abf7}</Data>\n</EventData>\n</Event>\n"
  },
  {
    "EventID": 130,
    "Timestamp": "2014-01-25 08:28:44.600220+00:00",
    "Computer": "IACIS-HDD-2014",
    "Channel": "Microsoft-Windows-Diagnosis-DPS/Operational",
    "Level": "Information",
    "EventData": {
      "ScenarioId": "{739ff6cf-5033-428c-9e2f-582096482dd5}",
      "InstanceId": "{d7423c13-a117-4564-9fbd-25066acfb7c4}",
      "OriginalActivityId": "{00000000-0000-0000-0000-000000000000}",
      "DiagnosticModuleImageName": "%windir%\\system32\\radarrs.dll",
      "DiagnosticModuleId": "{5ee64afb-398d-4edb-af71-3b830219abf7}"
    },
    "RawXml": "<Event xmlns=\"http://schemas.microsoft.com/win/2004/08/events/event\"><System><Provider Name=\"Microsoft-Windows-Diagnosis-DPS\" Guid=\"{6bba3851-2c7e-4dea-8f54-31e5afd029e3}\"></Provider>\n<EventID Qualifiers=\"\">130</EventID>\n<Version>0</Version>\n<Level>4</Level>\n<Task>1</Task>\n<Opcode>19</Opcode>\n<Keywords>0x4000000800000000</Keywords>\n<TimeCreated SystemTime=\"2014-01-25 08:28:44.600220+00:00\"></TimeCreated>\n<EventRecordID>152</EventRecordID>\n<Correlation ActivityID=\"{d7423c13-a117-4564-9fbd-25066acfb7c4}\" RelatedActivityID=\"\"></Correlation>\n<Execution ProcessID=\"1268\" ThreadID=\"2748\"></Execution>\n<Channel>Microsoft-Windows-Diagnosis-DPS/Operational</Channel>\n<Computer>IACIS-HDD-2014</Computer>\n<Security UserID=\"S-1-5-19\"></Security>\n</System>\n<EventData><Data Name=\"ScenarioId\">{739ff6cf-5033-428c-9e2f-582096482dd5}</Data>\n<Data Name=\"InstanceId\">{d7423c13-a117-4564-9fbd-25066acfb7c4}</Data>\n<Data Name=\"OriginalActivityId\">{00000000-0000-0000-0000-000000000000}</Data>\n<Data Name=\"DiagnosticModuleImageName\">%windir%\\system32\\radarrs.dll</Data>\n<Data Name=\"DiagnosticModuleId\">{5ee64afb-398d-4edb-af71-3b830219abf7}</Data>\n</EventData>\n</Event>\n"
  },
  {
    "EventID": 100,
    "Timestamp": "2014-01-25 08:33:42.373543+00:00",
    "Computer": "IACIS-HDD-2014",
    "Channel": "Microsoft-Windows-Diagnosis-DPS/Operational",
    "Level": "Information",
    "EventData": {
      "ScenarioId": "{739ff6cf-5033-428c-9e2f-582096482dd5}",
      "InstanceId": "{67fa4766-32d9-46a5-b64b-62c3ba052a32}",
      "OriginalActivityId": "{00000000-0000-0000-0000-000000000000}",
      "DiagnosticModuleImageName": "%windir%\\system32\\radardt.dll",
      "DiagnosticModuleId": "{c0f51d84-11b9-4e74-b083-99f11ba2db0a}"
    },
    "RawXml": "<Event xmlns=\"http://schemas.microsoft.com/win/2004/08/events/event\"><System><Provider Name=\"Microsoft-Windows-Diagnosis-DPS\" Guid=\"{6bba3851-2c7e-4dea-8f54-31e5afd029e3}\"></Provider>\n<EventID Qualifiers=\"\">100</EventID>\n<Version>0</Version>\n<Level>4</Level>\n<Task>1</Task>\n<Opcode>12</Opcode>\n<Keywords>0x4000000800000000</Keywords>\n<TimeCreated SystemTime=\"2014-01-25 08:33:42.373543+00:00\"></TimeCreated>\n<EventRecordID>153</EventRecordID>\n<Correlation ActivityID=\"{67fa4766-32d9-46a5-b64b-62c3ba052a32}\" RelatedActivityID=\"\"></Correlation>\n<Execution ProcessID=\"1268\" ThreadID=\"2060\"></Execution>\n<Channel>Microsoft-Windows-Diagnosis-DPS/Operational</Channel>\n<Computer>IACIS-HDD-2014</Computer>\n<Security UserID=\"S-1-5-19\"></Security>\n</System>\n<EventData><Data Name=\"ScenarioId\">{739ff6cf-5033-428c-9e2f-582096482dd5}</Data>\n<Data Name=\"InstanceId\">{67fa4766-32d9-46a5-b64b-62c3ba052a32}</Data>\n<Data Name=\"OriginalActivityId\">{00000000-0000-0000-0000-000000000000}</Data>\n<Data Name=\"DiagnosticModuleImageName\">%windir%\\system32\\radardt.dll</Data>\n<Data Name=\"DiagnosticModuleId\">{c0f51d84-11b9-4e74-b083-99f11ba2db0a}</Data>\n</EventData>\n</Event>\n"
  },
  {
    "EventID": 105,
    "Timestamp": "2014-01-25 08:33:42.373543+00:00",
    "Computer": "IACIS-HDD-2014",
    "Channel": "Microsoft-Windows-Diagnosis-DPS/Operational",
    "Level": "Information",
    "EventData": {
      "ScenarioId": "{739ff6cf-5033-428c-9e2f-582096482dd5}",
      "InstanceId": "{67fa4766-32d9-46a5-b64b-62c3ba052a32}",
      "OriginalActivityId": "{00000000-0000-0000-0000-000000000000}",
      "DiagnosticModuleImageName": "%windir%\\system32\\radardt.dll",
      "DiagnosticModuleId": "{c0f51d84-11b9-4e74-b083-99f11ba2db0a}"
    },
    "RawXml": "<Event xmlns=\"http://schemas.microsoft.com/win/2004/08/events/event\"><System><Provider Name=\"Microsoft-Windows-Diagnosis-DPS\" Guid=\"{6bba3851-2c7e-4dea-8f54-31e5afd029e3}\"></Provider>\n<EventID Qualifiers=\"\">105</EventID>\n<Version>0</Version>\n<Level>4</Level>\n<Task>1</Task>\n<Opcode>13</Opcode>\n<Keywords>0x4000000800000000</Keywords>\n<TimeCreated SystemTime=\"2014-01-25 08:33:42.373543+00:00\"></TimeCreated>\n<EventRecordID>154</EventRecordID>\n<Correlation ActivityID=\"{67fa4766-32d9-46a5-b64b-62c3ba052a32}\" RelatedActivityID=\"\"></Correlation>\n<Execution ProcessID=\"1268\" ThreadID=\"2060\"></Execution>\n<Channel>Microsoft-Windows-Diagnosis-DPS/Operational</Channel>\n<Computer>IACIS-HDD-2014</Computer>\n<Security UserID=\"S-1-5-19\"></Security>\n</System>\n<EventData><Data Name=\"ScenarioId\">{739ff6cf-5033-428c-9e2f-582096482dd5}</Data>\n<Data Name=\"InstanceId\">{67fa4766-32d9-46a5-b64b-62c3ba052a32}</Data>\n<Data Name=\"OriginalActivityId\">{00000000-0000-0000-0000-000000000000}</Data>\n<Data Name=\"DiagnosticModuleImageName\">%windir%\\system32\\radardt.dll</Data>\n<Data Name=\"DiagnosticModuleId\">{c0f51d84-11b9-4e74-b083-99f11ba2db0a}</Data>\n</EventData>\n</Event>\n"
  },
  {
    "EventID": 115,
    "Timestamp": "2014-01-25 08:33:43.964746+00:00",
    "Computer": "IACIS-HDD-2014",
    "Channel": "Microsoft-Windows-Diagnosis-DPS/Operational",
    "Level": "Information",
    "EventData": {
      "ScenarioId": "{739ff6cf-5033-428c-9e2f-582096482dd5}",
      "InstanceId": "{67fa4766-32d9-46a5-b64b-62c3ba052a32}",
      "OriginalActivityId": "{00000000-0000-0000-0000-000000000000}",
      "DiagnosticModuleImageName": "%windir%\\system32\\radardt.dll",
      "ResolutionId": "{5ee64afb-398d-4edb-af71-3b830219abf7}",
      "ResolutionSID": "S-1-5-21-1171287513-3642516788-2358256967-1001",
      "ResolutionSessionId": "1",
      "ResolutionExpirationDate": "0001-01-01 00:00:00",
      "DiagnosticModuleId": "{c0f51d84-11b9-4e74-b083-99f11ba2db0a}"
    },
    "RawXml": "<Event xmlns=\"http://schemas.microsoft.com/win/2004/08/events/event\"><System><Provider Name=\"Microsoft-Windows-Diagnosis-DPS\" Guid=\"{6bba3851-2c7e-4dea-8f54-31e5afd029e3}\"></Provider>\n<EventID Qualifiers=\"\">115</EventID>\n<Version>0</Version>\n<Level>4</Level>\n<Task>1</Task>\n<Opcode>15</Opcode>\n<Keywords>0x4000000800000000</Keywords>\n<TimeCreated SystemTime=\"2014-01-25 08:33:43.964746+00:00\"></TimeCreated>\n<EventRecordID>155</EventRecordID>\n<Correlation ActivityID=\"{67fa4766-32d9-46a5-b64b-62c3ba052a32}\" RelatedActivityID=\"\"></Correlation>\n<Execution ProcessID=\"1268\" ThreadID=\"2060\"></Execution>\n<Channel>Microsoft-Windows-Diagnosis-DPS/Operational</Channel>\n<Computer>IACIS-HDD-2014</Computer>\n<Security UserID=\"S-1-5-19\"></Security>\n</System>\n<EventData><Data Name=\"ScenarioId\">{739ff6cf-5033-428c-9e2f-582096482dd5}</Data>\n<Data Name=\"InstanceId\">{67fa4766-32d9-46a5-b64b-62c3ba052a32}</Data>\n<Data Name=\"OriginalActivityId\">{00000000-0000-0000-0000-000000000000}</Data>\n<Data Name=\"DiagnosticModuleImageName\">%windir%\\system32\\radardt.dll</Data>\n<Data Name=\"ResolutionId\">{5ee64afb-398d-4edb-af71-3b830219abf7}</Data>\n<Data Name=\"ResolutionSID\">S-1-5-21-1171287513-3642516788-2358256967-1001</Data>\n<Data Name=\"ResolutionSessionId\">1</Data>\n<Data Name=\"ResolutionExpirationDate\">0001-01-01 00:00:00</Data>\n<Data Name=\"DiagnosticModuleId\">{c0f51d84-11b9-4e74-b083-99f11ba2db0a}</Data>\n</EventData>\n</Event>\n"
  },
  {
    "EventID": 125,
    "Timestamp": "2014-01-25 08:33:43.964746+00:00",
    "Computer": "IACIS-HDD-2014",
    "Channel": "Microsoft-Windows-Diagnosis-DPS/Operational",
    "Level": "Information",
    "EventData": {
      "ScenarioId": "{739ff6cf-5033-428c-9e2f-582096482dd5}",
      "InstanceId": "{67fa4766-32d9-46a5-b64b-62c3ba052a32}",
      "OriginalActivityId": "{00000000-0000-0000-0000-000000000000}",
      "DiagnosticModuleImageName": "%windir%\\system32\\radarrs.dll",
      "DiagnosticModuleId": "{5ee64afb-398d-4edb-af71-3b830219abf7}"
    },
    "RawXml": "<Event xmlns=\"http://schemas.microsoft.com/win/2004/08/events/event\"><System><Provider Name=\"Microsoft-Windows-Diagnosis-DPS\" Guid=\"{6bba3851-2c7e-4dea-8f54-31e5afd029e3}\"></Provider>\n<EventID Qualifiers=\"\">125</EventID>\n<Version>0</Version>\n<Level>4</Level>\n<Task>1</Task>\n<Opcode>17</Opcode>\n<Keywords>0x4000000800000000</Keywords>\n<TimeCreated SystemTime=\"2014-01-25 08:33:43.964746+00:00\"></TimeCreated>\n<EventRecordID>156</EventRecordID>\n<Correlation ActivityID=\"{67fa4766-32d9-46a5-b64b-62c3ba052a32}\" RelatedActivityID=\"\"></Correlation>\n<Execution ProcessID=\"1268\" ThreadID=\"2060\"></Execution>\n<Channel>Microsoft-Windows-Diagnosis-DPS/Operational</Channel>\n<Computer>IACIS-HDD-2014</Computer>\n<Security UserID=\"S-1-5-19\"></Security>\n</System>\n<EventData><Data Name=\"ScenarioId\">{739ff6cf-5033-428c-9e2f-582096482dd5}</Data>\n<Data Name=\"InstanceId\">{67fa4766-32d9-46a5-b64b-62c3ba052a32}</Data>\n<Data Name=\"OriginalActivityId\">{00000000-0000-0000-0000-000000000000}</Data>\n<Data Name=\"DiagnosticModuleImageName\">%windir%\\system32\\radarrs.dll</Data>\n<Data Name=\"DiagnosticModuleId\">{5ee64afb-398d-4edb-af71-3b830219abf7}</Data>\n</EventData>\n</Event>\n"
  },
