  {
    "EventID": 100,
    "Timestamp": "2014-02-10 14:52:27.135372+00:00",
    "Computer": "IACIS-HDD-2014",
    "Channel": "Microsoft-Windows-Diagnostics-Performance/Operational",
    "Level": "Critical",
    "EventData": {
      "BootTsVersion": "2",
      "BootStartTime": "2014-02-10 14:49:26.702799+00:00",
      "BootEndTime": "2014-02-10 14:52:23.923367+00:00",
      "SystemBootInstance": "17",
      "UserBootInstance": "1",
      "BootTime": "101600",
      "MainPathBootTime": "22100",
      "BootKernelInitTime": "26",
      "BootDriverInitTime": "600",
      "BootDevicesInitTime": "2483",
      "BootPrefetchInitTime": "38284",
      "BootPrefetchBytes": "164446208",
      "BootAutoChkTime": "0",
      "BootSmssInitTime": "5379",
      "BootCriticalServicesInitTime": "4421",
      "BootUserProfileProcessingTime": "465",
      "BootMachineProfileProcessingTime": "5",
      "BootExplorerInitTime": "1891",
      "BootNumStartupApps": "3",
      "BootPostBootTime": "79500",
      "BootIsRebootAfterInstall": "False",
      "BootRootCauseStepImprovementBits": "0",
      "BootRootCauseGradualImprovementBits": "0",
      "BootRootCauseStepDegradationBits": "0",
      "BootRootCauseGradualDegradationBits": "0",
      "BootIsDegradation": "False",
      "BootIsStepDegradation": "False",
      "BootIsGradualDegradation": "False",
      "BootImprovementDelta": "0",
      "BootDegradationDelta": "0",
      "BootIsRootCauseIdentified": "False",
      "OSLoaderDuration": "2918",
      "BootPNPInitStartTimeMS": "26",
      "BootPNPInitDuration": "2520",
      "OtherKernelInitDuration": "1126",
      "SystemPNPInitStartTimeMS": "3596",
      "SystemPNPInitDuration": "563",
      "SessionInitStartTimeMS": "4210",
      "Session0InitDuration": "868",
      "Session1InitDuration": "162",
      "SessionInitOtherDuration": "4348",
      "WinLogonStartTimeMS": "9590",
      "OtherLogonInitActivityDuration": "10146",
      "UserLogonWaitDuration": "66273"
    },
    "RawXml": "<Event xmlns=\"http://schemas.microsoft.com/win/2004/08/events/event\"><System><Provider Name=\"Microsoft-Windows-Diagnostics-Performance\" Guid=\"{cfc18ec0-96b1-4eba-961b-622caee05b0a}\"></Provider>\n<EventID Qualifiers=\"\">100</EventID>\n<Version>2</Version>\n<Level>1</Level>\n<Task>4002</Task>\n<Opcode>34</Opcode>\n<Keywords>0x8000000000010000</Keywords>\n<TimeCreated SystemTime=\"2014-02-10 14:52:27.135372+00:00\"></TimeCreated>\n<EventRecordID>49</EventRecordID>\n<Correlation ActivityID=\"{02ab4c40-f800-0000-2c5c-814b6f26cf01}\" RelatedActivityID=\"\"></Correlation>\n<Execution ProcessID=\"1320\" ThreadID=\"2460\"></Execution>\n<Channel>Microsoft-Windows-Diagnostics-Performance/Operational</Channel>\n<Computer>IACIS-HDD-2014</Computer>\n<Security UserID=\"S-1-5-19\"></Security>\n</System>\n<EventData><Data Name=\"BootTsVersion\">2</Data>\n<Data Name=\"BootStartTime\">2014-02-10 14:49:26.702799+00:00</Data>\n<Data Name=\"BootEndTime\">2014-02-10 14:52:23.923367+00:00</Data>\n<Data Name=\"SystemBootInstance\">17</Data>\n<Data Name=\"UserBootInstance\">1</Data>\n<Data Name=\"BootTime\">101600</Data>\n<Data Name=\"MainPathBootTime\">22100</Data>\n<Data Name=\"BootKernelInitTime\">26</Data>\n<Data Name=\"BootDriverInitTime\">600</Data>\n<Data Name=\"BootDevicesInitTime\">2483</Data>\n<Data Name=\"BootPrefetchInitTime\">38284</Data>\n<Data Name=\"BootPrefetchBytes\">164446208</Data>\n<Data Name=\"BootAutoChkTime\">0</Data>\n<Data Name=\"BootSmssInitTime\">5379</Data>\n<Data Name=\"BootCriticalServicesInitTime\">4421</Data>\n<Data Name=\"BootUserProfileProcessingTime\">465</Data>\n<Data Name=\"BootMachineProfileProcessingTime\">5</Data>\n<Data Name=\"BootExplorerInitTime\">1891</Data>\n<Data Name=\"BootNumStartupApps\">3</Data>\n<Data Name=\"BootPostBootTime\">79500</Data>\n<Data Name=\"BootIsRebootAfterInstall\">False</Data>\n<Data Name=\"BootRootCauseStepImprovementBits\">0</Data>\n<Data Name=\"BootRootCauseGradualImprovementBits\">0</Data>\n<Data Name=\"BootRootCauseStepDegradationBits\">0</Data>\n<Data Name=\"BootRootCauseGradualDegradationBits\">0</Data>\n<Data Name=\"BootIsDegradation\">False</Data>\n<Data Name=\"BootIsStepDegradation\">False</Data>\n<Data Name=\"BootIsGradualDegradation\">False</Data>\n<Data Name=\"BootImprovementDelta\">0</Data>\n<Data Name=\"BootDegradationDelta\">0</Data>\n<Data Name=\"BootIsRootCauseIdentified\">False</Data>\n<Data Name=\"OSLoaderDuration\">2918</Data>\n<Data Name=\"BootPNPInitStartTimeMS\">26</Data>\n<Data Name=\"BootPNPInitDuration\">2520</Data>\n<Data Name=\"OtherKernelInitDuration\">1126</Data>\n<Data Name=\"SystemPNPInitStartTimeMS\">3596</Data>\n<Data Name=\"SystemPNPInitDuration\">563</Data>\n<Data Name=\"SessionInitStartTimeMS\">4210</Data>\n<Data Name=\"Session0InitDuration\">868</Data>\n<Data Name=\"Session1InitDuration\">162</Data>\n<Data Name=\"SessionInitOtherDuration\">4348</Data>\n<Data Name=\"WinLogonStartTimeMS\">9590</Data>\n<Data Name=\"OtherLogonInitActivityDuration\">10146</Data>\n<Data Name=\"UserLogonWaitDuration\">66273</Data>\n</EventData>\n</Event>\n"
  },
  {
    "EventID": 100,
    "Timestamp": "2014-02-11 13:26:52.163622+00:00",
    "Computer": "IACIS-HDD-2014",
    "Channel": "Microsoft-Windows-Diagnostics-Performance/Operational",
    "Level": "Error",
    "EventData": {
      "BootTsVersion": "2",
      "BootStartTime": "2014-02-11 13:24:21.702799+00:00",
      "BootEndTime": "2014-02-11 13:26:48.918818+00:00",
      "SystemBootInstance": "18",
      "UserBootInstance": "2",
      "BootTime": "55547",
      "MainPathBootTime": "21147",
      "BootKernelInitTime": "26",
      "BootDriverInitTime": "542",
      "BootDevicesInitTime": "2565",
      "BootPrefetchInitTime": "34202",
      "BootPrefetchBytes": "176218112",
      "BootAutoChkTime": "0",
      "BootSmssInitTime": "5271",
      "BootCriticalServicesInitTime": "3326",
      "BootUserProfileProcessingTime": "456",
      "BootMachineProfileProcessingTime": "0",
      "BootExplorerInitTime": "2489",
      "BootNumStartupApps": "3",
      "BootPostBootTime": "34400",
      "BootIsRebootAfterInstall": "False",
      "BootRootCauseStepImprovementBits": "0",
      "BootRootCauseGradualImprovementBits": "0",
      "BootRootCauseStepDegradationBits": "9437248",
      "BootRootCauseGradualDegradationBits": "9437696",
      "BootIsDegradation": "True",
      "BootIsStepDegradation": "True",
      "BootIsGradualDegradation": "True",
      "BootImprovementDelta": "0",
      "BootDegradationDelta": "10345",
      "BootIsRootCauseIdentified": "True",
      "OSLoaderDuration": "2896",
      "BootPNPInitStartTimeMS": "26",
      "BootPNPInitDuration": "2601",
      "OtherKernelInitDuration": "1320",
      "SystemPNPInitStartTimeMS": "3870",
      "SystemPNPInitDuration": "505",
      "SessionInitStartTimeMS": "4427",
      "Session0InitDuration": "901",
      "Session1InitDuration": "133",
      "SessionInitOtherDuration": "4236",
      "WinLogonStartTimeMS": "9699",
      "OtherLogonInitActivityDuration": "8501",
      "UserLogonWaitDuration": "37695"
    },
    "RawXml": "<Event xmlns=\"http://schemas.microsoft.com/win/2004/08/events/event\"><System><Provider Name=\"Microsoft-Windows-Diagnostics-Performance\" Guid=\"{cfc18ec0-96b1-4eba-961b-622caee05b0a}\"></Provider>\n<EventID Qualifiers=\"\">100</EventID>\n<Version>2</Version>\n<Level>2</Level>\n<Task>4002</Task>\n<Opcode>34</Opcode>\n<Keywords>0x8000000000010000</Keywords>\n<TimeCreated SystemTime=\"2014-02-11 13:26:52.163622+00:00\"></TimeCreated>\n<EventRecordID>50</EventRecordID>\n<Correlation ActivityID=\"{02ac1c48-f800-0001-aeed-19932c27cf01}\" RelatedActivityID=\"\"></Correlation>\n<Execution ProcessID=\"1332\" ThreadID=\"1576\"></Execution>\n<Channel>Microsoft-Windows-Diagnostics-Performance/Operational</Channel>\n<Computer>IACIS-HDD-2014</Computer>\n<Security UserID=\"S-1-5-19\"></Security>\n</System>\n<EventData><Data Name=\"BootTsVersion\">2</Data>\n<Data Name=\"BootStartTime\">2014-02-11 13:24:21.702799+00:00</Data>\n<Data Name=\"BootEndTime\">2014-02-11 13:26:48.918818+00:00</Data>\n<Data Name=\"SystemBootInstance\">18</Data>\n<Data Name=\"UserBootInstance\">2</Data>\n<Data Name=\"BootTime\">55547</Data>\n<Data Name=\"MainPathBootTime\">21147</Data>\n<Data Name=\"BootKernelInitTime\">26</Data>\n<Data Name=\"BootDriverInitTime\">542</Data>\n<Data Name=\"BootDevicesInitTime\">2565</Data>\n<Data Name=\"BootPrefetchInitTime\">34202</Data>\n<Data Name=\"BootPrefetchBytes\">176218112</Data>\n<Data Name=\"BootAutoChkTime\">0</Data>\n<Data Name=\"BootSmssInitTime\">5271</Data>\n<Data Name=\"BootCriticalServicesInitTime\">3326</Data>\n<Data Name=\"BootUserProfileProcessingTime\">456</Data>\n<Data Name=\"BootMachineProfileProcessingTime\">0</Data>\n<Data Name=\"BootExplorerInitTime\">2489</Data>\n<Data Name=\"BootNumStartupApps\">3</Data>\n<Data Name=\"BootPostBootTime\">34400</Data>\n<Data Name=\"BootIsRebootAfterInstall\">False</Data>\n<Data Name=\"BootRootCauseStepImprovementBits\">0</Data>\n<Data Name=\"BootRootCauseGradualImprovementBits\">0</Data>\n<Data Name=\"BootRootCauseStepDegradationBits\">9437248</Data>\n<Data Name=\"BootRootCauseGradualDegradationBits\">9437696</Data>\n<Data Name=\"BootIsDegradation\">True</Data>\n<Data Name=\"BootIsStepDegradation\">True</Data>\n<Data Name=\"BootIsGradualDegradation\">True</Data>\n<Data Name=\"BootImprovementDelta\">0</Data>\n<Data Name=\"BootDegradationDelta\">10345</Data>\n<Data Name=\"BootIsRootCauseIdentified\">True</Data>\n<Data Name=\"OSLoaderDuration\">2896</Data>\n<Data Name=\"BootPNPInitStartTimeMS\">26</Data>\n<Data Name=\"BootPNPInitDuration\">2601</Data>\n<Data Name=\"OtherKernelInitDuration\">1320</Data>\n<Data Name=\"SystemPNPInitStartTimeMS\">3870</Data>\n<Data Name=\"SystemPNPInitDuration\">505</Data>\n<Data Name=\"SessionInitStartTimeMS\">4427</Data>\n<Data Name=\"Session0InitDuration\">901</Data>\n<Data Name=\"Session1InitDuration\">133</Data>\n<Data Name=\"SessionInitOtherDuration\">4236</Data>\n<Data Name=\"WinLogonStartTimeMS\">9699</Data>\n<Data Name=\"OtherLogonInitActivityDuration\">8501</Data>\n<Data Name=\"UserLogonWaitDuration\">37695</Data>\n</EventData>\n</Event>\n"
  },
  {
    "EventID": 101,
    "Timestamp": "2014-02-11 13:26:52.163622+00:00",
    "Computer": "IACIS-HDD-2014",
    "Channel": "Microsoft-Windows-Diagnostics-Performance/Operational",
    "Level": "Warning",
    "EventData": {
      "StartTime": "2014-02-11 13:24:21.702799+00:00",
      "NameLength": "12",
      "Name": "KeePass.exe",
      "FriendlyNameLength": "8",
      "FriendlyName": "KeePass",
      "VersionLength": "9",
      "Version": "2.24.0.0",
      "TotalTime": "6082",
      "DegradationTime": "1082",
      "PathLength": "59",
      "Path": "C:\\Program Files (x86)\\KeePass Password Safe 2\\KeePass.exe",
      "ProductNameLength": "8",
      "ProductName": "KeePass",
      "CompanyNameLength": "15",
      "CompanyName": "Dominik Reichl"
    },
    "RawXml": "<Event xmlns=\"http://schemas.microsoft.com/win/2004/08/events/event\"><System><Provider Name=\"Microsoft-Windows-Diagnostics-Performance\" Guid=\"{cfc18ec0-96b1-4eba-961b-622caee05b0a}\"></Provider>\n<EventID Qualifiers=\"\">101</EventID>\n<Version>1</Version>\n<Level>3</Level>\n<Task>4002</Task>\n<Opcode>33</Opcode>\n<Keywords>0x8000000000010000</Keywords>\n<TimeCreated SystemTime=\"2014-02-11 13:26:52.163622+00:00\"></TimeCreated>\n<EventRecordID>51</EventRecordID>\n<Correlation ActivityID=\"{02ac1c48-f800-0001-aeed-19932c27cf01}\" RelatedActivityID=\"\"></Correlation>\n<Execution ProcessID=\"1332\" ThreadID=\"1576\"></Execution>\n<Channel>Microsoft-Windows-Diagnostics-Performance/Operational</Channel>\n<Computer>IACIS-HDD-2014</Computer>\n<Security UserID=\"S-1-5-19\"></Security>\n</System>\n<EventData><Data Name=\"StartTime\">2014-02-11 13:24:21.702799+00:00</Data>\n<Data Name=\"NameLength\">12</Data>\n<Data Name=\"Name\">KeePass.exe</Data>\n<Data Name=\"FriendlyNameLength\">8</Data>\n<Data Name=\"FriendlyName\">KeePass</Data>\n<Data Name=\"VersionLength\">9</Data>\n<Data Name=\"Version\">2.24.0.0</Data>\n<Data Name=\"TotalTime\">6082</Data>\n<Data Name=\"DegradationTime\">1082</Data>\n<Data Name=\"PathLength\">59</Data>\n<Data Name=\"Path\">C:\\Program Files (x86)\\KeePass Password Safe 2\\KeePass.exe</Data>\n<Data Name=\"ProductNameLength\">8</Data>\n<Data Name=\"ProductName\">KeePass</Data>\n<Data Name=\"CompanyNameLength\">15</Data>\n<Data Name=\"CompanyName\">Dominik Reichl</Data>\n</EventData>\n</Event>\n"
  },
  {
    "EventID": 101,
    "Timestamp": "2014-02-11 13:26:52.163622+00:00",
    "Computer": "IACIS-HDD-2014",
    "Channel": "Microsoft-Windows-Diagnostics-Performance/Operational",
    "Level": "Warning",
    "EventData": {
      "StartTime": "2014-02-11 13:24:21.702799+00:00",
      "NameLength": "12",
      "Name": "svchost.exe",
      "FriendlyNameLength": "34",
      "FriendlyName": "Host Process for Windows Services",
      "VersionLength": "38",
      "Version": "6.1.7600.16385 (win7_rtm.090713-1255)",
      "TotalTime": "5092",
      "DegradationTime": "92",
      "PathLength": "32",
      "Path": "C:\\Windows\\System32\\svchost.exe",
      "ProductNameLength": "37",
      "ProductName": "Microsoft® Windows® Operating System",
      "CompanyNameLength": "22",
      "CompanyName": "Microsoft Corporation"
    },
    "RawXml": "<Event xmlns=\"http://schemas.microsoft.com/win/2004/08/events/event\"><System><Provider Name=\"Microsoft-Windows-Diagnostics-Performance\" Guid=\"{cfc18ec0-96b1-4eba-961b-622caee05b0a}\"></Provider>\n<EventID Qualifiers=\"\">101</EventID>\n<Version>1</Version>\n<Level>3</Level>\n<Task>4002</Task>\n<Opcode>33</Opcode>\n<Keywords>0x8000000000010000</Keywords>\n<TimeCreated SystemTime=\"2014-02-11 13:26:52.163622+00:00\"></TimeCreated>\n<EventRecordID>52</EventRecordID>\n<Correlation ActivityID=\"{02ac1c48-f800-0001-aeed-19932c27cf01}\" RelatedActivityID=\"\"></Correlation>\n<Execution ProcessID=\"1332\" ThreadID=\"1576\"></Execution>\n<Channel>Microsoft-Windows-Diagnostics-Performance/Operational</Channel>\n<Computer>IACIS-HDD-2014</Computer>\n<Security UserID=\"S-1-5-19\"></Security>\n</System>\n<EventData><Data Name=\"StartTime\">2014-02-11 13:24:21.702799+00:00</Data>\n<Data Name=\"NameLength\">12</Data>\n<Data Name=\"Name\">svchost.exe</Data>\n<Data Name=\"FriendlyNameLength\">34</Data>\n<Data Name=\"FriendlyName\">Host Process for Windows Services</Data>\n<Data Name=\"VersionLength\">38</Data>\n<Data Name=\"Version\">6.1.7600.16385 (win7_rtm.090713-1255)</Data>\n<Data Name=\"TotalTime\">5092</Data>\n<Data Name=\"DegradationTime\">92</Data>\n<Data Name=\"PathLength\">32</Data>\n<Data Name=\"Path\">C:\\Windows\\System32\\svchost.exe</Data>\n<Data Name=\"ProductNameLength\">37</Data>\n<Data Name=\"ProductName\">Microsoft&#174; Windows&#174; Operating System</Data>\n<Data Name=\"CompanyNameLength\">22</Data>\n<Data Name=\"CompanyName\">Microsoft Corporation</Data>\n</EventData>\n</Event>\n"
  },
  {
    "EventID": 106,
    "Timestamp": "2014-02-11 13:26:52.163622+00:00",
    "Computer": "IACIS-HDD-2014",
    "Channel": "Microsoft-Windows-Diagnostics-Performance/Operational",
    "Level": "Error",
    "EventData": {
      "StartTime": "2014-02-11 13:24:21.702799+00:00",
      "NameLength": "23",
      "Name": "BackgroundPrefetchTime",
      "TotalTime": "34202",
      "DegradationTime": "8003"
    },
    "RawXml": "<Event xmlns=\"http://schemas.microsoft.com/win/2004/08/events/event\"><System><Provider Name=\"Microsoft-Windows-Diagnostics-Performance\" Guid=\"{cfc18ec0-96b1-4eba-961b-622caee05b0a}\"></Provider>\n<EventID Qualifiers=\"\">106</EventID>\n<Version>1</Version>\n<Level>2</Level>\n<Task>4002</Task>\n<Opcode>33</Opcode>\n<Keywords>0x8000000000010000</Keywords>\n<TimeCreated SystemTime=\"2014-02-11 13:26:52.163622+00:00\"></TimeCreated>\n<EventRecordID>53</EventRecordID>\n<Correlation ActivityID=\"{02ac1c48-f800-0001-aeed-19932c27cf01}\" RelatedActivityID=\"\"></Correlation>\n<Execution ProcessID=\"1332\" ThreadID=\"1576\"></Execution>\n<Channel>Microsoft-Windows-Diagnostics-Performance/Operational</Channel>\n<Computer>IACIS-HDD-2014</Computer>\n<Security UserID=\"S-1-5-19\"></Security>\n</System>\n<EventData><Data Name=\"StartTime\">2014-02-11 13:24:21.702799+00:00</Data>\n<Data Name=\"NameLength\">23</Data>\n<Data Name=\"Name\">BackgroundPrefetchTime</Data>\n<Data Name=\"TotalTime\">34202</Data>\n<Data Name=\"DegradationTime\">8003</Data>\n</EventData>\n</Event>\n"
  },
  {
    "EventID": 100,
    "Timestamp": "2014-02-11 17:43:31.904274+00:00",
    "Computer": "IACIS-HDD-2014",
    "Channel": "Microsoft-Windows-Diagnostics-Performance/Operational",
    "Level": "Error",
    "EventData": {
      "BootTsVersion": "2",
      "BootStartTime": "2014-02-11 17:41:02.656000+00:00",
      "BootEndTime": "2014-02-11 17:43:27.910667+00:00",
      "SystemBootInstance": "19",
      "UserBootInstance": "3",
      "BootTime": "72392",
      "MainPathBootTime": "39292",
      "BootKernelInitTime": "26",
      "BootDriverInitTime": "582",
      "BootDevicesInitTime": "2485",
      "BootPrefetchInitTime": "34128",
      "BootPrefetchBytes": "175853568",
      "BootAutoChkTime": "0",
      "BootSmssInitTime": "11889",
      "BootCriticalServicesInitTime": "634",
      "BootUserProfileProcessingTime": "567",
      "BootMachineProfileProcessingTime": "3512",
      "BootExplorerInitTime": "4135",
      "BootNumStartupApps": "4",
      "BootPostBootTime": "33100",
      "BootIsRebootAfterInstall": "False",
      "BootRootCauseStepImprovementBits": "0",
      "BootRootCauseGradualImprovementBits": "0",
      "BootRootCauseStepDegradationBits": "13631488",
      "BootRootCauseGradualDegradationBits": "13631488",
      "BootIsDegradation": "True",
      "BootIsStepDegradation": "True",
      "BootIsGradualDegradation": "True",
      "BootImprovementDelta": "0",
      "BootDegradationDelta": "10802",
      "BootIsRootCauseIdentified": "True",
      "OSLoaderDuration": "2930",
      "BootPNPInitStartTimeMS": "26",
      "BootPNPInitDuration": "2523",
      "OtherKernelInitDuration": "1434",
      "SystemPNPInitStartTimeMS": "3877",
      "SystemPNPInitDuration": "545",
      "SessionInitStartTimeMS": "4503",
      "Session0InitDuration": "6862",
      "Session1InitDuration": "641",
      "SessionInitOtherDuration": "4385",
      "WinLogonStartTimeMS": "16392",
      "OtherLogonInitActivityDuration": "14685",
      "UserLogonWaitDuration": "18984"
    },
    "RawXml": "<Event xmlns=\"http://schemas.microsoft.com/win/2004/08/events/event\"><System><Provider Name=\"Microsoft-Windows-Diagnostics-Performance\" Guid=\"{cfc18ec0-96b1-4eba-961b-622caee05b0a}\"></Provider>\n<EventID Qualifiers=\"\">100</EventID>\n<Version>2</Version>\n<Level>2</Level>\n<Task>4002</Task>\n<Opcode>34</Opcode>\n<Keywords>0x8000000000010000</Keywords>\n<TimeCreated SystemTime=\"2014-02-11 17:43:31.904274+00:00\"></TimeCreated>\n<EventRecordID>54</EventRecordID>\n<Correlation ActivityID=\"{02af9c40-f800-0000-0fe4-c86e5027cf01}\" RelatedActivityID=\"\"></Correlation>\n<Execution ProcessID=\"1328\" ThreadID=\"1340\"></Execution>\n<Channel>Microsoft-Windows-Diagnostics-Performance/Operational</Channel>\n<Computer>IACIS-HDD-2014</Computer>\n<Security UserID=\"S-1-5-19\"></Security>\n</System>\n<EventData><Data Name=\"BootTsVersion\">2</Data>\n<Data Name=\"BootStartTime\">2014-02-11 17:41:02.656000+00:00</Data>\n<Data Name=\"BootEndTime\">2014-02-11 17:43:27.910667+00:00</Data>\n<Data Name=\"SystemBootInstance\">19</Data>\n<Data Name=\"UserBootInstance\">3</Data>\n<Data Name=\"BootTime\">72392</Data>\n<Data Name=\"MainPathBootTime\">39292</Data>\n<Data Name=\"BootKernelInitTime\">26</Data>\n<Data Name=\"BootDriverInitTime\">582</Data>\n<Data Name=\"BootDevicesInitTime\">2485</Data>\n<Data Name=\"BootPrefetchInitTime\">34128</Data>\n<Data Name=\"BootPrefetchBytes\">175853568</Data>\n<Data Name=\"BootAutoChkTime\">0</Data>\n<Data Name=\"BootSmssInitTime\">11889</Data>\n<Data Name=\"BootCriticalServicesInitTime\">634</Data>\n<Data Name=\"BootUserProfileProcessingTime\">567</Data>\n<Data Name=\"BootMachineProfileProcessingTime\">3512</Data>\n<Data Name=\"BootExplorerInitTime\">4135</Data>\n<Data Name=\"BootNumStartupApps\">4</Data>\n<Data Name=\"BootPostBootTime\">33100</Data>\n<Data Name=\"BootIsRebootAfterInstall\">False</Data>\n<Data Name=\"BootRootCauseStepImprovementBits\">0</Data>\n<Data Name=\"BootRootCauseGradualImprovementBits\">0</Data>\n<Data Name=\"BootRootCauseStepDegradationBits\">13631488</Data>\n<Data Name=\"BootRootCauseGradualDegradationBits\">13631488</Data>\n<Data Name=\"BootIsDegradation\">True</Data>\n<Data Name=\"BootIsStepDegradation\">True</Data>\n<Data Name=\"BootIsGradualDegradation\">True</Data>\n<Data Name=\"BootImprovementDelta\">0</Data>\n<Data Name=\"BootDegradationDelta\">10802</Data>\n<Data Name=\"BootIsRootCauseIdentified\">True</Data>\n<Data Name=\"OSLoaderDuration\">2930</Data>\n<Data Name=\"BootPNPInitStartTimeMS\">26</Data>\n<Data Name=\"BootPNPInitDuration\">2523</Data>\n<Data Name=\"OtherKernelInitDuration\">1434</Data>\n<Data Name=\"SystemPNPInitStartTimeMS\">3877</Data>\n<Data Name=\"SystemPNPInitDuration\">545</Data>\n<Data Name=\"SessionInitStartTimeMS\">4503</Data>\n<Data Name=\"Session0InitDuration\">6862</Data>\n<Data Name=\"Session1InitDuration\">641</Data>\n<Data Name=\"SessionInitOtherDuration\">4385</Data>\n<Data Name=\"WinLogonStartTimeMS\">16392</Data>\n<Data Name=\"OtherLogonInitActivityDuration\">14685</Data>\n<Data Name=\"UserLogonWaitDuration\">18984</Data>\n</EventData>\n</Event>\n"
  },
  {
    "EventID": 200,
    "Timestamp": "2014-02-11 17:52:28.468843+00:00",
    "Computer": "IACIS-HDD-2014",
    "Channel": "Microsoft-Windows-Diagnostics-Performance/Operational",
    "Level": "Warning",
    "EventData": {
      "ShutdownTsVersion": "1",
      "ShutdownStartTime": "2014-02-11 17:49:37.723982+00:00",
      "ShutdownEndTime": "2014-02-11 17:49:49.631742+00:00",
      "ShutdownTime": "11907",
      "ShutdownUserSessionTime": "3337",
      "ShutdownUserPolicyTime": "43",
      "ShutdownUserProfilesTime": "515",
      "ShutdownSystemSessionsTime": "3358",
      "ShutdownPreShutdownNotificationsTime": "227",
      "ShutdownServicesTime": "2863",
      "ShutdownKernelTime": "5211",
      "ShutdownRootCauseStepImprovementBits": "0",
      "ShutdownRootCauseGradualImprovementBits": "0",
      "ShutdownRootCauseStepDegradationBits": "0",
      "ShutdownRootCauseGradualDegradationBits": "0",
      "ShutdownIsDegradation": "False",
      "ShutdownTimeChange": "0"
    },
    "RawXml": "<Event xmlns=\"http://schemas.microsoft.com/win/2004/08/events/event\"><System><Provider Name=\"Microsoft-Windows-Diagnostics-Performance\" Guid=\"{cfc18ec0-96b1-4eba-961b-622caee05b0a}\"></Provider>\n<EventID Qualifiers=\"\">200</EventID>\n<Version>1</Version>\n<Level>3</Level>\n<Task>4007</Task>\n<Opcode>40</Opcode>\n<Keywords>0x8000000000010000</Keywords>\n<TimeCreated SystemTime=\"2014-02-11 17:52:28.468843+00:00\"></TimeCreated>\n<EventRecordID>55</EventRecordID>\n<Correlation ActivityID=\"{02b09c48-f800-0001-0c68-cdb75127cf01}\" RelatedActivityID=\"\"></Correlation>\n<Execution ProcessID=\"1320\" ThreadID=\"1116\"></Execution>\n<Channel>Microsoft-Windows-Diagnostics-Performance/Operational</Channel>\n<Computer>IACIS-HDD-2014</Computer>\n<Security UserID=\"S-1-5-19\"></Security>\n</System>\n<EventData><Data Name=\"ShutdownTsVersion\">1</Data>\n<Data Name=\"ShutdownStartTime\">2014-02-11 17:49:37.723982+00:00</Data>\n<Data Name=\"ShutdownEndTime\">2014-02-11 17:49:49.631742+00:00</Data>\n<Data Name=\"ShutdownTime\">11907</Data>\n<Data Name=\"ShutdownUserSessionTime\">3337</Data>\n<Data Name=\"ShutdownUserPolicyTime\">43</Data>\n<Data Name=\"ShutdownUserProfilesTime\">515</Data>\n<Data Name=\"ShutdownSystemSessionsTime\">3358</Data>\n<Data Name=\"ShutdownPreShutdownNotificationsTime\">227</Data>\n<Data Name=\"ShutdownServicesTime\">2863</Data>\n<Data Name=\"ShutdownKernelTime\">5211</Data>\n<Data Name=\"ShutdownRootCauseStepImprovementBits\">0</Data>\n<Data Name=\"ShutdownRootCauseGradualImprovementBits\">0</Data>\n<Data Name=\"ShutdownRootCauseStepDegradationBits\">0</Data>\n<Data Name=\"ShutdownRootCauseGradualDegradationBits\">0</Data>\n<Data Name=\"ShutdownIsDegradation\">False</Data>\n<Data Name=\"ShutdownTimeChange\">0</Data>\n</EventData>\n</Event>\n"
  },
  {
    "EventID": 100,
    "Timestamp": "2014-02-11 17:52:28.640444+00:00",
    "Computer": "IACIS-HDD-2014",
    "Channel": "Microsoft-Windows-Diagnostics-Performance/Operational",
    "Level": "Warning",
    "EventData": {
      "BootTsVersion": "2",
      "BootStartTime": "2014-02-11 17:50:14.656000+00:00",
      "BootEndTime": "2014-02-11 17:52:25.910439+00:00",
      "SystemBootInstance": "20",
      "UserBootInstance": "4",
      "BootTime": "47175",
      "MainPathBootTime": "22375",
      "BootKernelInitTime": "26",
      "BootDriverInitTime": "548",
      "BootDevicesInitTime": "2475",
      "BootPrefetchInitTime": "39402",
      "BootPrefetchBytes": "214413312",
      "BootAutoChkTime": "0",
      "BootSmssInitTime": "5746",
      "BootCriticalServicesInitTime": "3653",
      "BootUserProfileProcessingTime": "755",
      "BootMachineProfileProcessingTime": "8",
      "BootExplorerInitTime": "2592",
      "BootNumStartupApps": "4",
      "BootPostBootTime": "24800",
      "BootIsRebootAfterInstall": "False",
      "BootRootCauseStepImprovementBits": "0",
      "BootRootCauseGradualImprovementBits": "0",
      "BootRootCauseStepDegradationBits": "9437184",
      "BootRootCauseGradualDegradationBits": "0",
      "BootIsDegradation": "True",
      "BootIsStepDegradation": "True",
      "BootIsGradualDegradation": "False",
      "BootImprovementDelta": "0",
      "BootDegradationDelta": "1147",
      "BootIsRootCauseIdentified": "True",
      "OSLoaderDuration": "2863",
      "BootPNPInitStartTimeMS": "26",
      "BootPNPInitDuration": "2510",
      "OtherKernelInitDuration": "1500",
      "SystemPNPInitStartTimeMS": "3946",
      "SystemPNPInitDuration": "513",
      "SessionInitStartTimeMS": "4524",
      "Session0InitDuration": "1017",
      "Session1InitDuration": "166",
      "SessionInitOtherDuration": "4562",
      "WinLogonStartTimeMS": "10270",
      "OtherLogonInitActivityDuration": "8748",
      "UserLogonWaitDuration": "20612"
    },
    "RawXml": "<Event xmlns=\"http://schemas.microsoft.com/win/2004/08/events/event\"><System><Provider Name=\"Microsoft-Windows-Diagnostics-Performance\" Guid=\"{cfc18ec0-96b1-4eba-961b-622caee05b0a}\"></Provider>\n<EventID Qualifiers=\"\">100</EventID>\n<Version>2</Version>\n<Level>3</Level>\n<Task>4002</Task>\n<Opcode>34</Opcode>\n<Keywords>0x8000000000010000</Keywords>\n<TimeCreated SystemTime=\"2014-02-11 17:52:28.640444+00:00\"></TimeCreated>\n<EventRecordID>56</EventRecordID>\n<Correlation ActivityID=\"{02b09c40-f800-0000-0b68-cdb75127cf01}\" RelatedActivityID=\"\"></Correlation>\n<Execution ProcessID=\"1320\" ThreadID=\"1336\"></Execution>\n<Channel>Microsoft-Windows-Diagnostics-Performance/Operational</Channel>\n<Computer>IACIS-HDD-2014</Computer>\n<Security UserID=\"S-1-5-19\"></Security>\n</System>\n<EventData><Data Name=\"BootTsVersion\">2</Data>\n<Data Name=\"BootStartTime\">2014-02-11 17:50:14.656000+00:00</Data>\n<Data Name=\"BootEndTime\">2014-02-11 17:52:25.910439+00:00</Data>\n<Data Name=\"SystemBootInstance\">20</Data>\n<Data Name=\"UserBootInstance\">4</Data>\n<Data Name=\"BootTime\">47175</Data>\n<Data Name=\"MainPathBootTime\">22375</Data>\n<Data Name=\"BootKernelInitTime\">26</Data>\n<Data Name=\"BootDriverInitTime\">548</Data>\n<Data Name=\"BootDevicesInitTime\">2475</Data>\n<Data Name=\"BootPrefetchInitTime\">39402</Data>\n<Data Name=\"BootPrefetchBytes\">214413312</Data>\n<Data Name=\"BootAutoChkTime\">0</Data>\n<Data Name=\"BootSmssInitTime\">5746</Data>\n<Data Name=\"BootCriticalServicesInitTime\">3653</Data>\n<Data Name=\"BootUserProfileProcessingTime\">755</Data>\n<Data Name=\"BootMachineProfileProcessingTime\">8</Data>\n<Data Name=\"BootExplorerInitTime\">2592</Data>\n<Data Name=\"BootNumStartupApps\">4</Data>\n<Data Name=\"BootPostBootTime\">24800</Data>\n<Data Name=\"BootIsRebootAfterInstall\">False</Data>\n<Data Name=\"BootRootCauseStepImprovementBits\">0</Data>\n<Data Name=\"BootRootCauseGradualImprovementBits\">0</Data>\n<Data Name=\"BootRootCauseStepDegradationBits\">9437184</Data>\n<Data Name=\"BootRootCauseGradualDegradationBits\">0</Data>\n<Data Name=\"BootIsDegradation\">True</Data>\n<Data Name=\"BootIsStepDegradation\">True</Data>\n<Data Name=\"BootIsGradualDegradation\">False</Data>\n<Data Name=\"BootImprovementDelta\">0</Data>\n<Data Name=\"BootDegradationDelta\">1147</Data>\n<Data Name=\"BootIsRootCauseIdentified\">True</Data>\n<Data Name=\"OSLoaderDuration\">2863</Data>\n<Data Name=\"BootPNPInitStartTimeMS\">26</Data>\n<Data Name=\"BootPNPInitDuration\">2510</Data>\n<Data Name=\"OtherKernelInitDuration\">1500</Data>\n<Data Name=\"SystemPNPInitStartTimeMS\">3946</Data>\n<Data Name=\"SystemPNPInitDuration\">513</Data>\n<Data Name=\"SessionInitStartTimeMS\">4524</Data>\n<Data Name=\"Session0InitDuration\">1017</Data>\n<Data Name=\"Session1InitDuration\">166</Data>\n<Data Name=\"SessionInitOtherDuration\">4562</Data>\n<Data Name=\"WinLogonStartTimeMS\">10270</Data>\n<Data Name=\"OtherLogonInitActivityDuration\">8748</Data>\n<Data Name=\"UserLogonWaitDuration\">20612</Data>\n</EventData>\n</Event>\n"
  },
  {
    "EventID": 103,
    "Timestamp": "2014-02-11 17:52:28.640444+00:00",
    "Computer": "IACIS-HDD-2014",
    "Channel": "Microsoft-Windows-Diagnostics-Performance/Operational",
    "Level": "Warning",
    "EventData": {
      "StartTime": "2014-02-11 17:50:14.656000+00:00",
      "NameLength": "11",
      "Name": "cscservice",
      "FriendlyNameLength": "16",
      "FriendlyName": "CSC Service DLL",
      "VersionLength": "38",
      "Version": "6.1.7600.16385 (win7_rtm.090713-1255)",
      "TotalTime": "828",
      "DegradationTime": "851",
      "PathLength": "31",
      "Path": "C:\\Windows\\System32\\cscsvc.dll",
      "ProductNameLength": "37",
      "ProductName": "Microsoft® Windows® Operating System",
      "CompanyNameLength": "22",
      "CompanyName": "Microsoft Corporation"
    },
    "RawXml": "<Event xmlns=\"http://schemas.microsoft.com/win/2004/08/events/event\"><System><Provider Name=\"Microsoft-Windows-Diagnostics-Performance\" Guid=\"{cfc18ec0-96b1-4eba-961b-622caee05b0a}\"></Provider>\n<EventID Qualifiers=\"\">103</EventID>\n<Version>1</Version>\n<Level>3</Level>\n<Task>4002</Task>\n<Opcode>33</Opcode>\n<Keywords>0x8000000000010000</Keywords>\n<TimeCreated SystemTime=\"2014-02-11 17:52:28.640444+00:00\"></TimeCreated>\n<EventRecordID>57</EventRecordID>\n<Correlation ActivityID=\"{02b09c40-f800-0000-0b68-cdb75127cf01}\" RelatedActivityID=\"\"></Correlation>\n<Execution ProcessID=\"1320\" ThreadID=\"1336\"></Execution>\n<Channel>Microsoft-Windows-Diagnostics-Performance/Operational</Channel>\n<Computer>IACIS-HDD-2014</Computer>\n<Security UserID=\"S-1-5-19\"></Security>\n</System>\n<EventData><Data Name=\"StartTime\">2014-02-11 17:50:14.656000+00:00</Data>\n<Data Name=\"NameLength\">11</Data>\n<Data Name=\"Name\">cscservice</Data>\n<Data Name=\"FriendlyNameLength\">16</Data>\n<Data Name=\"FriendlyName\">CSC Service DLL</Data>\n<Data Name=\"VersionLength\">38</Data>\n<Data Name=\"Version\">6.1.7600.16385 (win7_rtm.090713-1255)</Data>\n<Data Name=\"TotalTime\">828</Data>\n<Data Name=\"DegradationTime\">851</Data>\n<Data Name=\"PathLength\">31</Data>\n<Data Name=\"Path\">C:\\Windows\\System32\\cscsvc.dll</Data>\n<Data Name=\"ProductNameLength\">37</Data>\n<Data Name=\"ProductName\">Microsoft&#174; Windows&#174; Operating System</Data>\n<Data Name=\"CompanyNameLength\">22</Data>\n<Data Name=\"CompanyName\">Microsoft Corporation</Data>\n</EventData>\n</Event>\n"
  },
  {
    "EventID": 103,
    "Timestamp": "2014-02-11 17:52:28.640444+00:00",
    "Computer": "IACIS-HDD-2014",
    "Channel": "Microsoft-Windows-Diagnostics-Performance/Operational",
    "Level": "Warning",
    "EventData": {
      "StartTime": "2014-02-11 17:50:14.656000+00:00",
      "NameLength": "6",
      "Name": "gpsvc",
      "FriendlyNameLength": "20",
      "FriendlyName": "Group Policy Client",
      "VersionLength": "38",
      "Version": "6.1.7600.16385 (win7_rtm.090713-1255)",
      "TotalTime": "633",
      "DegradationTime": "553",
      "PathLength": "30",
      "Path": "C:\\Windows\\System32\\gpsvc.dll",
      "ProductNameLength": "37",
      "ProductName": "Microsoft® Windows® Operating System",
      "CompanyNameLength": "22",
      "CompanyName": "Microsoft Corporation"
    },
    "RawXml": "<Event xmlns=\"http://schemas.microsoft.com/win/2004/08/events/event\"><System><Provider Name=\"Microsoft-Windows-Diagnostics-Performance\" Guid=\"{cfc18ec0-96b1-4eba-961b-622caee05b0a}\"></Provider>\n<EventID Qualifiers=\"\">103</EventID>\n<Version>1</Version>\n<Level>3</Level>\n<Task>4002</Task>\n<Opcode>33</Opcode>\n<Keywords>0x8000000000010000</Keywords>\n<TimeCreated SystemTime=\"2014-02-11 17:52:28.640444+00:00\"></TimeCreated>\n<EventRecordID>58</EventRecordID>\n<Correlation ActivityID=\"{02b09c40-f800-0000-0b68-cdb75127cf01}\" RelatedActivityID=\"\"></Correlation>\n<Execution ProcessID=\"1320\" ThreadID=\"1336\"></Execution>\n<Channel>Microsoft-Windows-Diagnostics-Performance/Operational</Channel>\n<Computer>IACIS-HDD-2014</Computer>\n<Security UserID=\"S-1-5-19\"></Security>\n</System>\n<EventData><Data Name=\"StartTime\">2014-02-11 17:50:14.656000+00:00</Data>\n<Data Name=\"NameLength\">6</Data>\n<Data Name=\"Name\">gpsvc</Data>\n<Data Name=\"FriendlyNameLength\">20</Data>\n<Data Name=\"FriendlyName\">Group Policy Client</Data>\n<Data Name=\"VersionLength\">38</Data>\n<Data Name=\"Version\">6.1.7600.16385 (win7_rtm.090713-1255)</Data>\n<Data Name=\"TotalTime\">633</Data>\n<Data Name=\"DegradationTime\">553</Data>\n<Data Name=\"PathLength\">30</Data>\n<Data Name=\"Path\">C:\\Windows\\System32\\gpsvc.dll</Data>\n<Data Name=\"ProductNameLength\">37</Data>\n<Data Name=\"ProductName\">Microsoft&#174; Windows&#174; Operating System</Data>\n<Data Name=\"CompanyNameLength\">22</Data>\n<Data Name=\"CompanyName\">Microsoft Corporation</Data>\n</EventData>\n</Event>\n"
  },
  {
    "EventID": 103,
    "Timestamp": "2014-02-11 17:52:28.640444+00:00",
    "Computer": "IACIS-HDD-2014",
    "Channel": "Microsoft-Windows-Diagnostics-Performance/Operational",
    "Level": "Warning",
    "EventData": {
      "StartTime": "2014-02-11 17:50:14.656000+00:00",
      "NameLength": "8",
      "Name": "profsvc",
      "FriendlyNameLength": "8",
      "FriendlyName": "ProfSvc",
      "VersionLength": "38",
      "Version": "6.1.7600.16385 (win7_rtm.090713-1255)",
      "TotalTime": "639",
      "DegradationTime": "546",
      "PathLength": "32",
      "Path": "C:\\Windows\\system32\\profsvc.dll",
      "ProductNameLength": "37",
      "ProductName": "Microsoft® Windows® Operating System",
      "CompanyNameLength": "22",
      "CompanyName": "Microsoft Corporation"
    },
    "RawXml": "<Event xmlns=\"http://schemas.microsoft.com/win/2004/08/events/event\"><System><Provider Name=\"Microsoft-Windows-Diagnostics-Performance\" Guid=\"{cfc18ec0-96b1-4eba-961b-622caee05b0a}\"></Provider>\n<EventID Qualifiers=\"\">103</EventID>\n<Version>1</Version>\n<Level>3</Level>\n<Task>4002</Task>\n<Opcode>33</Opcode>\n<Keywords>0x8000000000010000</Keywords>\n<TimeCreated SystemTime=\"2014-02-11 17:52:28.640444+00:00\"></TimeCreated>\n<EventRecordID>59</EventRecordID>\n<Correlation ActivityID=\"{02b09c40-f800-0000-0b68-cdb75127cf01}\" RelatedActivityID=\"\"></Correlation>\n<Execution ProcessID=\"1320\" ThreadID=\"1336\"></Execution>\n<Channel>Microsoft-Windows-Diagnostics-Performance/Operational</Channel>\n<Computer>IACIS-HDD-2014</Computer>\n<Security UserID=\"S-1-5-19\"></Security>\n</System>\n<EventData><Data Name=\"StartTime\">2014-02-11 17:50:14.656000+00:00</Data>\n<Data Name=\"NameLength\">8</Data>\n<Data Name=\"Name\">profsvc</Data>\n<Data Name=\"FriendlyNameLength\">8</Data>\n<Data Name=\"FriendlyName\">ProfSvc</Data>\n<Data Name=\"VersionLength\">38</Data>\n<Data Name=\"Version\">6.1.7600.16385 (win7_rtm.090713-1255)</Data>\n<Data Name=\"TotalTime\">639</Data>\n<Data Name=\"DegradationTime\">546</Data>\n<Data Name=\"PathLength\">32</Data>\n<Data Name=\"Path\">C:\\Windows\\system32\\profsvc.dll</Data>\n<Data Name=\"ProductNameLength\">37</Data>\n<Data Name=\"ProductName\">Microsoft&#174; Windows&#174; Operating System</Data>\n<Data Name=\"CompanyNameLength\">22</Data>\n<Data Name=\"CompanyName\">Microsoft Corporation</Data>\n</EventData>\n</Event>\n"
  },
  {
    "EventID": 103,
    "Timestamp": "2014-02-11 17:52:28.640444+00:00",
    "Computer": "IACIS-HDD-2014",
    "Channel": "Microsoft-Windows-Diagnostics-Performance/Operational",
    "Level": "Warning",
    "EventData": {
      "StartTime": "2014-02-11 17:50:14.656000+00:00",
      "NameLength": "7",
      "Name": "themes",
      "FriendlyNameLength": "32",
      "FriendlyName": "Windows Shell Theme Service Dll",
      "VersionLength": "38",
      "Version": "6.1.7600.16385 (win7_rtm.090713-1255)",
      "TotalTime": "593",
      "DegradationTime": "488",
      "PathLength": "37",
      "Path": "C:\\Windows\\system32\\themeservice.dll",
      "ProductNameLength": "37",
      "ProductName": "Microsoft® Windows® Operating System",
      "CompanyNameLength": "22",
      "CompanyName": "Microsoft Corporation"
    },
    "RawXml": "<Event xmlns=\"http://schemas.microsoft.com/win/2004/08/events/event\"><System><Provider Name=\"Microsoft-Windows-Diagnostics-Performance\" Guid=\"{cfc18ec0-96b1-4eba-961b-622caee05b0a}\"></Provider>\n<EventID Qualifiers=\"\">103</EventID>\n<Version>1</Version>\n<Level>3</Level>\n<Task>4002</Task>\n<Opcode>33</Opcode>\n<Keywords>0x8000000000010000</Keywords>\n<TimeCreated SystemTime=\"2014-02-11 17:52:28.640444+00:00\"></TimeCreated>\n<EventRecordID>60</EventRecordID>\n<Correlation ActivityID=\"{02b09c40-f800-0000-0b68-cdb75127cf01}\" RelatedActivityID=\"\"></Correlation>\n<Execution ProcessID=\"1320\" ThreadID=\"1336\"></Execution>\n<Channel>Microsoft-Windows-Diagnostics-Performance/Operational</Channel>\n<Computer>IACIS-HDD-2014</Computer>\n<Security UserID=\"S-1-5-19\"></Security>\n</System>\n<EventData><Data Name=\"StartTime\">2014-02-11 17:50:14.656000+00:00</Data>\n<Data Name=\"NameLength\">7</Data>\n<Data Name=\"Name\">themes</Data>\n<Data Name=\"FriendlyNameLength\">32</Data>\n<Data Name=\"FriendlyName\">Windows Shell Theme Service Dll</Data>\n<Data Name=\"VersionLength\">38</Data>\n<Data Name=\"Version\">6.1.7600.16385 (win7_rtm.090713-1255)</Data>\n<Data Name=\"TotalTime\">593</Data>\n<Data Name=\"DegradationTime\">488</Data>\n<Data Name=\"PathLength\">37</Data>\n<Data Name=\"Path\">C:\\Windows\\system32\\themeservice.dll</Data>\n<Data Name=\"ProductNameLength\">37</Data>\n<Data Name=\"ProductName\">Microsoft&#174; Windows&#174; Operating System</Data>\n<Data Name=\"CompanyNameLength\">22</Data>\n<Data Name=\"CompanyName\">Microsoft Corporation</Data>\n</EventData>\n</Event>\n"
  },
  {
    "EventID": 100,
    "Timestamp": "2014-02-16 19:10:48.673992+00:00",
    "Computer": "IACIS-HDD-2014",
    "Channel": "Microsoft-Windows-Diagnostics-Performance/Operational",
    "Level": "Warning",
    "EventData": {
      "BootTsVersion": "2",
      "BootStartTime": "2014-02-16 18:59:37.702799+00:00",
      "BootEndTime": "2014-02-16 19:10:43.900385+00:00",
      "SystemBootInstance": "21",
      "UserBootInstance": "5",
      "BootTime": "35677",
      "MainPathBootTime": "21277",
      "BootKernelInitTime": "26",
      "BootDriverInitTime": "607",
      "BootDevicesInitTime": "2496",
      "BootPrefetchInitTime": "44574",
      "BootPrefetchBytes": "233517056",
      "BootAutoChkTime": "0",
      "BootSmssInitTime": "5924",
      "BootCriticalServicesInitTime": "615",
      "BootUserProfileProcessingTime": "449",
      "BootMachineProfileProcessingTime": "4",
      "BootExplorerInitTime": "1898",
      "BootNumStartupApps": "4",
      "BootPostBootTime": "14400",
      "BootIsRebootAfterInstall": "False",
      "BootRootCauseStepImprovementBits": "0",
      "BootRootCauseGradualImprovementBits": "0",
      "BootRootCauseStepDegradationBits": "0",
      "BootRootCauseGradualDegradationBits": "0",
      "BootIsDegradation": "False",
      "BootIsStepDegradation": "False",
      "BootIsGradualDegradation": "False",
      "BootImprovementDelta": "0",
      "BootDegradationDelta": "0",
      "BootIsRootCauseIdentified": "False",
      "OSLoaderDuration": "2952",
      "BootPNPInitStartTimeMS": "26",
      "BootPNPInitDuration": "2532",
      "OtherKernelInitDuration": "1453",
      "SystemPNPInitStartTimeMS": "3887",
      "SystemPNPInitDuration": "571",
      "SessionInitStartTimeMS": "4557",
      "Session0InitDuration": "1086",
      "Session1InitDuration": "210",
      "SessionInitOtherDuration": "4626",
      "WinLogonStartTimeMS": "10481",
      "OtherLogonInitActivityDuration": "8444",
      "UserLogonWaitDuration": "561684"
    },
    "RawXml": "<Event xmlns=\"http://schemas.microsoft.com/win/2004/08/events/event\"><System><Provider Name=\"Microsoft-Windows-Diagnostics-Performance\" Guid=\"{cfc18ec0-96b1-4eba-961b-622caee05b0a}\"></Provider>\n<EventID Qualifiers=\"\">100</EventID>\n<Version>2</Version>\n<Level>3</Level>\n<Task>4002</Task>\n<Opcode>34</Opcode>\n<Keywords>0x8000000000010000</Keywords>\n<TimeCreated SystemTime=\"2014-02-16 19:10:48.673992+00:00\"></TimeCreated>\n<EventRecordID>61</EventRecordID>\n<Correlation ActivityID=\"{02ab6c40-f800-0000-acaf-3c3d492bcf01}\" RelatedActivityID=\"\"></Correlation>\n<Execution ProcessID=\"1324\" ThreadID=\"2640\"></Execution>\n<Channel>Microsoft-Windows-Diagnostics-Performance/Operational</Channel>\n<Computer>IACIS-HDD-2014</Computer>\n<Security UserID=\"S-1-5-19\"></Security>\n</System>\n<EventData><Data Name=\"BootTsVersion\">2</Data>\n<Data Name=\"BootStartTime\">2014-02-16 18:59:37.702799+00:00</Data>\n<Data Name=\"BootEndTime\">2014-02-16 19:10:43.900385+00:00</Data>\n<Data Name=\"SystemBootInstance\">21</Data>\n<Data Name=\"UserBootInstance\">5</Data>\n<Data Name=\"BootTime\">35677</Data>\n<Data Name=\"MainPathBootTime\">21277</Data>\n<Data Name=\"BootKernelInitTime\">26</Data>\n<Data Name=\"BootDriverInitTime\">607</Data>\n<Data Name=\"BootDevicesInitTime\">2496</Data>\n<Data Name=\"BootPrefetchInitTime\">44574</Data>\n<Data Name=\"BootPrefetchBytes\">233517056</Data>\n<Data Name=\"BootAutoChkTime\">0</Data>\n<Data Name=\"BootSmssInitTime\">5924</Data>\n<Data Name=\"BootCriticalServicesInitTime\">615</Data>\n<Data Name=\"BootUserProfileProcessingTime\">449</Data>\n<Data Name=\"BootMachineProfileProcessingTime\">4</Data>\n<Data Name=\"BootExplorerInitTime\">1898</Data>\n<Data Name=\"BootNumStartupApps\">4</Data>\n<Data Name=\"BootPostBootTime\">14400</Data>\n<Data Name=\"BootIsRebootAfterInstall\">False</Data>\n<Data Name=\"BootRootCauseStepImprovementBits\">0</Data>\n<Data Name=\"BootRootCauseGradualImprovementBits\">0</Data>\n<Data Name=\"BootRootCauseStepDegradationBits\">0</Data>\n<Data Name=\"BootRootCauseGradualDegradationBits\">0</Data>\n<Data Name=\"BootIsDegradation\">False</Data>\n<Data Name=\"BootIsStepDegradation\">False</Data>\n<Data Name=\"BootIsGradualDegradation\">False</Data>\n<Data Name=\"BootImprovementDelta\">0</Data>\n<Data Name=\"BootDegradationDelta\">0</Data>\n<Data Name=\"BootIsRootCauseIdentified\">False</Data>\n<Data Name=\"OSLoaderDuration\">2952</Data>\n<Data Name=\"BootPNPInitStartTimeMS\">26</Data>\n<Data Name=\"BootPNPInitDuration\">2532</Data>\n<Data Name=\"OtherKernelInitDuration\">1453</Data>\n<Data Name=\"SystemPNPInitStartTimeMS\">3887</Data>\n<Data Name=\"SystemPNPInitDuration\">571</Data>\n<Data Name=\"SessionInitStartTimeMS\">4557</Data>\n<Data Name=\"Session0InitDuration\">1086</Data>\n<Data Name=\"Session1InitDuration\">210</Data>\n<Data Name=\"SessionInitOtherDuration\">4626</Data>\n<Data Name=\"WinLogonStartTimeMS\">10481</Data>\n<Data Name=\"OtherLogonInitActivityDuration\">8444</Data>\n<Data Name=\"UserLogonWaitDuration\">561684</Data>\n</EventData>\n</Event>\n"
  },
  {
    "EventID": 103,
    "Timestamp": "2014-02-16 19:10:48.673992+00:00",
    "Computer": "IACIS-HDD-2014",
    "Channel": "Microsoft-Windows-Diagnostics-Performance/Operational",
    "Level": "Warning",
    "EventData": {
      "StartTime": "2014-02-16 18:59:37.702799+00:00",
      "NameLength": "21",
      "Name": "audioendpointbuilder",
      "FriendlyNameLength": "22",
      "FriendlyName": "Windows Audio Service",
      "VersionLength": "38",
      "Version": "6.1.7600.16385 (win7_rtm.090713-1255)",
      "TotalTime": "303",
      "DegradationTime": "64",
      "PathLength": "33",
      "Path": "C:\\Windows\\System32\\Audiosrv.dll",
      "ProductNameLength": "37",
      "ProductName": "Microsoft® Windows® Operating System",
      "CompanyNameLength": "22",
      "CompanyName": "Microsoft Corporation"
    },
    "RawXml": "<Event xmlns=\"http://schemas.microsoft.com/win/2004/08/events/event\"><System><Provider Name=\"Microsoft-Windows-Diagnostics-Performance\" Guid=\"{cfc18ec0-96b1-4eba-961b-622caee05b0a}\"></Provider>\n<EventID Qualifiers=\"\">103</EventID>\n<Version>1</Version>\n<Level>3</Level>\n<Task>4002</Task>\n<Opcode>33</Opcode>\n<Keywords>0x8000000000010000</Keywords>\n<TimeCreated SystemTime=\"2014-02-16 19:10:48.673992+00:00\"></TimeCreated>\n<EventRecordID>62</EventRecordID>\n<Correlation ActivityID=\"{02ab6c40-f800-0000-acaf-3c3d492bcf01}\" RelatedActivityID=\"\"></Correlation>\n<Execution ProcessID=\"1324\" ThreadID=\"2640\"></Execution>\n<Channel>Microsoft-Windows-Diagnostics-Performance/Operational</Channel>\n<Computer>IACIS-HDD-2014</Computer>\n<Security UserID=\"S-1-5-19\"></Security>\n</System>\n<EventData><Data Name=\"StartTime\">2014-02-16 18:59:37.702799+00:00</Data>\n<Data Name=\"NameLength\">21</Data>\n<Data Name=\"Name\">audioendpointbuilder</Data>\n<Data Name=\"FriendlyNameLength\">22</Data>\n<Data Name=\"FriendlyName\">Windows Audio Service</Data>\n<Data Name=\"VersionLength\">38</Data>\n<Data Name=\"Version\">6.1.7600.16385 (win7_rtm.090713-1255)</Data>\n<Data Name=\"TotalTime\">303</Data>\n<Data Name=\"DegradationTime\">64</Data>\n<Data Name=\"PathLength\">33</Data>\n<Data Name=\"Path\">C:\\Windows\\System32\\Audiosrv.dll</Data>\n<Data Name=\"ProductNameLength\">37</Data>\n<Data Name=\"ProductName\">Microsoft&#174; Windows&#174; Operating System</Data>\n<Data Name=\"CompanyNameLength\">22</Data>\n<Data Name=\"CompanyName\">Microsoft Corporation</Data>\n</EventData>\n</Event>\n"
  },
  {
    "EventID": 200,
    "Timestamp": "2014-02-16 21:52:52.488852+00:00",
    "Computer": "IACIS-HDD-2014",
    "Channel": "Microsoft-Windows-Diagnostics-Performance/Operational",
    "Level": "Warning",
    "EventData": {
      "ShutdownTsVersion": "1",
      "ShutdownStartTime": "2014-02-16 21:05:28.964132+00:00",
      "ShutdownEndTime": "2014-02-16 21:05:51.640759+00:00",
      "ShutdownTime": "22676",
      "ShutdownUserSessionTime": "4353",
      "ShutdownUserPolicyTime": "37",
      "ShutdownUserProfilesTime": "736",
      "ShutdownSystemSessionsTime": "6189",
      "ShutdownPreShutdownNotificationsTime": "628",
      "ShutdownServicesTime": "4995",
      "ShutdownKernelTime": "12133",
      "ShutdownRootCauseStepImprovementBits": "0",
      "ShutdownRootCauseGradualImprovementBits": "0",
      "ShutdownRootCauseStepDegradationBits": "130",
      "ShutdownRootCauseGradualDegradationBits": "130",
      "ShutdownIsDegradation": "True",
      "ShutdownTimeChange": "0"
    },
    "RawXml": "<Event xmlns=\"http://schemas.microsoft.com/win/2004/08/events/event\"><System><Provider Name=\"Microsoft-Windows-Diagnostics-Performance\" Guid=\"{cfc18ec0-96b1-4eba-961b-622caee05b0a}\"></Provider>\n<EventID Qualifiers=\"\">200</EventID>\n<Version>1</Version>\n<Level>3</Level>\n<Task>4007</Task>\n<Opcode>40</Opcode>\n<Keywords>0x8000000000010000</Keywords>\n<TimeCreated SystemTime=\"2014-02-16 21:52:52.488852+00:00\"></TimeCreated>\n<EventRecordID>63</EventRecordID>\n<Correlation ActivityID=\"{02b13c40-f800-0000-aabd-e71b612bcf01}\" RelatedActivityID=\"\"></Correlation>\n<Execution ProcessID=\"1340\" ThreadID=\"1420\"></Execution>\n<Channel>Microsoft-Windows-Diagnostics-Performance/Operational</Channel>\n<Computer>IACIS-HDD-2014</Computer>\n<Security UserID=\"S-1-5-19\"></Security>\n</System>\n<EventData><Data Name=\"ShutdownTsVersion\">1</Data>\n<Data Name=\"ShutdownStartTime\">2014-02-16 21:05:28.964132+00:00</Data>\n<Data Name=\"ShutdownEndTime\">2014-02-16 21:05:51.640759+00:00</Data>\n<Data Name=\"ShutdownTime\">22676</Data>\n<Data Name=\"ShutdownUserSessionTime\">4353</Data>\n<Data Name=\"ShutdownUserPolicyTime\">37</Data>\n<Data Name=\"ShutdownUserProfilesTime\">736</Data>\n<Data Name=\"ShutdownSystemSessionsTime\">6189</Data>\n<Data Name=\"ShutdownPreShutdownNotificationsTime\">628</Data>\n<Data Name=\"ShutdownServicesTime\">4995</Data>\n<Data Name=\"ShutdownKernelTime\">12133</Data>\n<Data Name=\"ShutdownRootCauseStepImprovementBits\">0</Data>\n<Data Name=\"ShutdownRootCauseGradualImprovementBits\">0</Data>\n<Data Name=\"ShutdownRootCauseStepDegradationBits\">130</Data>\n<Data Name=\"ShutdownRootCauseGradualDegradationBits\">130</Data>\n<Data Name=\"ShutdownIsDegradation\">True</Data>\n<Data Name=\"ShutdownTimeChange\">0</Data>\n</EventData>\n</Event>\n"
  },
