  {
    "EventID": 59,
    "Timestamp": "2014-01-25 01:50:28.010248+00:00",
    "Computer": "IACIS-HDD-2014",
    "Channel": "Microsoft-Windows-Bits-Client/Operational",
    "Level": "Information",
    "EventData": {
      "transferId": "{243e2998-b3b9-45d7-ab58-6c8c5af8a46f}",
      "name": "WU Client Download",
      "Id": "{43fe9b4e-4782-497e-bc44-c648b5c433ae}",
      "url": "http://download.windowsupdate.com/msdownload/update/software/secu/2011/07/windows6.1-kb2560656-x64_6a6d4e8f4c10074df5fce34affac1699464289f4.psf",
      "peer": "",
      "fileTime": "2011-07-20 01:22:07+00:00",
      "fileLength": "7992129",
      "bytesTotal": "32075",
      "bytesTransferred": "0",
      "bytesTransferredFromPeer": "0"
    },
    "RawXml": "<Event xmlns=\"http://schemas.microsoft.com/win/2004/08/events/event\"><System><Provider Name=\"Microsoft-Windows-Bits-Client\" Guid=\"{ef1cc15b-46c1-414e-bb95-e76b077bd51e}\"></Provider>\n<EventID Qualifiers=\"\">59</EventID>\n<Version>1</Version>\n<Level>4</Level>\n<Task>0</Task>\n<Opcode>1</Opcode>\n<Keywords>0x4000000000000000</Keywords>\n<TimeCreated SystemTime=\"2014-01-25 01:50:28.010248+00:00\"></TimeCreated>\n<EventRecordID>1157</EventRecordID>\n<Correlation ActivityID=\"{243e2998-b3b9-45d7-ab58-6c8c5af8a46f}\" RelatedActivityID=\"\"></Correlation>\n<Execution ProcessID=\"888\" ThreadID=\"2952\"></Execution>\n<Channel>Microsoft-Windows-Bits-Client/Operational</Channel>\n<Computer>IACIS-HDD-2014</Computer>\n<Security UserID=\"S-1-5-18\"></Security>\n</System>\n<EventData><Data Name=\"transferId\">{243e2998-b3b9-45d7-ab58-6c8c5af8a46f}</Data>\n<Data Name=\"name\">WU Client Download</Data>\n<Data Name=\"Id\">{43fe9b4e-4782-497e-bc44-c648b5c433ae}</Data>\n<Data Name=\"url\">http://download.windowsupdate.com/msdownload/update/software/secu/2011/07/windows6.1-kb2560656-x64_6a6d4e8f4c10074df5fce34affac1699464289f4.psf</Data>\n<Data Name=\"peer\"></Data>\n<Data Name=\"fileTime\">2011-07-20 01:22:07+00:00</Data>\n<Data Name=\"fileLength\">7992129</Data>\n<Data Name=\"bytesTotal\">32075</Data>\n<Data Name=\"bytesTransferred\">0</Data>\n<Data Name=\"bytesTransferredFromPeer\">0</Data>\n</EventData>\n</Event>\n"
  },
  {
    "EventID": 59,
    "Timestamp": "2014-01-25 01:50:28.025848+00:00",
    "Computer": "IACIS-HDD-2014",
    "Channel": "Microsoft-Windows-Bits-Client/Operational",
    "Level": "Information",
    "EventData": {
      "transferId": "{3f8aff99-3ab2-4665-beb9-d734cded8dc2}",
      "name": "WU Client Download",
      "Id": "{1813591b-6b72-49d3-83ba-7fa7ba6ccc59}",
      "url": "http://download.windowsupdate.com/msdownload/update/software/secu/2013/01/windows6.1-kb2789645-x64_c6d7e083f9100baa942f576375b50bf3a7ecd36e.psf",
      "peer": "",
      "fileTime": "2013-01-23 23:40:26+00:00",
      "fileLength": "53291871",
      "bytesTotal": "172822",
      "bytesTransferred": "0",
      "bytesTransferredFromPeer": "0"
    },
    "RawXml": "<Event xmlns=\"http://schemas.microsoft.com/win/2004/08/events/event\"><System><Provider Name=\"Microsoft-Windows-Bits-Client\" Guid=\"{ef1cc15b-46c1-414e-bb95-e76b077bd51e}\"></Provider>\n<EventID Qualifiers=\"\">59</EventID>\n<Version>1</Version>\n<Level>4</Level>\n<Task>0</Task>\n<Opcode>1</Opcode>\n<Keywords>0x4000000000000000</Keywords>\n<TimeCreated SystemTime=\"2014-01-25 01:50:28.025848+00:00\"></TimeCreated>\n<EventRecordID>1158</EventRecordID>\n<Correlation ActivityID=\"{3f8aff99-3ab2-4665-beb9-d734cded8dc2}\" RelatedActivityID=\"\"></Correlation>\n<Execution ProcessID=\"888\" ThreadID=\"2952\"></Execution>\n<Channel>Microsoft-Windows-Bits-Client/Operational</Channel>\n<Computer>IACIS-HDD-2014</Computer>\n<Security UserID=\"S-1-5-18\"></Security>\n</System>\n<EventData><Data Name=\"transferId\">{3f8aff99-3ab2-4665-beb9-d734cded8dc2}</Data>\n<Data Name=\"name\">WU Client Download</Data>\n<Data Name=\"Id\">{1813591b-6b72-49d3-83ba-7fa7ba6ccc59}</Data>\n<Data Name=\"url\">http://download.windowsupdate.com/msdownload/update/software/secu/2013/01/windows6.1-kb2789645-x64_c6d7e083f9100baa942f576375b50bf3a7ecd36e.psf</Data>\n<Data Name=\"peer\"></Data>\n<Data Name=\"fileTime\">2013-01-23 23:40:26+00:00</Data>\n<Data Name=\"fileLength\">53291871</Data>\n<Data Name=\"bytesTotal\">172822</Data>\n<Data Name=\"bytesTransferred\">0</Data>\n<Data Name=\"bytesTransferredFromPeer\">0</Data>\n</EventData>\n</Event>\n"
  },
  {
    "EventID": 59,
    "Timestamp": "2014-01-25 01:50:28.041449+00:00",
    "Computer": "IACIS-HDD-2014",
    "Channel": "Microsoft-Windows-Bits-Client/Operational",
    "Level": "Information",
    "EventData": {
      "transferId": "{b4e76350-5b1e-4189-b47e-3bed7bd6bfb2}",
      "name": "WU Client Download",
      "Id": "{3eff1077-e981-4ef6-97de-be60a3ddb757}",
      "url": "http://download.windowsupdate.com/msdownload/update/software/crup/2011/06/windows6.1-kb2552343-x64_f16917787e5718b8a3f2c29ba79449284a8b4a84.psf",
      "peer": "",
      "fileTime": "2011-06-23 00:26:49+00:00",
      "fileLength": "7996566",
      "bytesTotal": "16259",
      "bytesTransferred": "0",
      "bytesTransferredFromPeer": "0"
    },
    "RawXml": "<Event xmlns=\"http://schemas.microsoft.com/win/2004/08/events/event\"><System><Provider Name=\"Microsoft-Windows-Bits-Client\" Guid=\"{ef1cc15b-46c1-414e-bb95-e76b077bd51e}\"></Provider>\n<EventID Qualifiers=\"\">59</EventID>\n<Version>1</Version>\n<Level>4</Level>\n<Task>0</Task>\n<Opcode>1</Opcode>\n<Keywords>0x4000000000000000</Keywords>\n<TimeCreated SystemTime=\"2014-01-25 01:50:28.041449+00:00\"></TimeCreated>\n<EventRecordID>1159</EventRecordID>\n<Correlation ActivityID=\"{b4e76350-5b1e-4189-b47e-3bed7bd6bfb2}\" RelatedActivityID=\"\"></Correlation>\n<Execution ProcessID=\"888\" ThreadID=\"2952\"></Execution>\n<Channel>Microsoft-Windows-Bits-Client/Operational</Channel>\n<Computer>IACIS-HDD-2014</Computer>\n<Security UserID=\"S-1-5-18\"></Security>\n</System>\n<EventData><Data Name=\"transferId\">{b4e76350-5b1e-4189-b47e-3bed7bd6bfb2}</Data>\n<Data Name=\"name\">WU Client Download</Data>\n<Data Name=\"Id\">{3eff1077-e981-4ef6-97de-be60a3ddb757}</Data>\n<Data Name=\"url\">http://download.windowsupdate.com/msdownload/update/software/crup/2011/06/windows6.1-kb2552343-x64_f16917787e5718b8a3f2c29ba79449284a8b4a84.psf</Data>\n<Data Name=\"peer\"></Data>\n<Data Name=\"fileTime\">2011-06-23 00:26:49+00:00</Data>\n<Data Name=\"fileLength\">7996566</Data>\n<Data Name=\"bytesTotal\">16259</Data>\n<Data Name=\"bytesTransferred\">0</Data>\n<Data Name=\"bytesTransferredFromPeer\">0</Data>\n</EventData>\n</Event>\n"
  },
  {
    "EventID": 59,
    "Timestamp": "2014-01-25 01:50:28.057049+00:00",
    "Computer": "IACIS-HDD-2014",
    "Channel": "Microsoft-Windows-Bits-Client/Operational",
    "Level": "Information",
    "EventData": {
      "transferId": "{97b2357e-96ec-4b68-83fb-38df5385df65}",
      "name": "WU Client Download",
      "Id": "{b5ec7e27-7979-46ff-8573-9808e13fccb5}",
      "url": "http://download.windowsupdate.com/msdownload/update/software/crup/2013/08/windows6.1-kb2868116-x64_0d60eaf9c967a138f90f9e7926c3190e9e2d6808.psf",
      "peer": "",
      "fileTime": "2013-08-29 06:46:26+00:00",
      "fileLength": "101651460",
      "bytesTotal": "220535",
      "bytesTransferred": "0",
      "bytesTransferredFromPeer": "0"
    },
    "RawXml": "<Event xmlns=\"http://schemas.microsoft.com/win/2004/08/events/event\"><System><Provider Name=\"Microsoft-Windows-Bits-Client\" Guid=\"{ef1cc15b-46c1-414e-bb95-e76b077bd51e}\"></Provider>\n<EventID Qualifiers=\"\">59</EventID>\n<Version>1</Version>\n<Level>4</Level>\n<Task>0</Task>\n<Opcode>1</Opcode>\n<Keywords>0x4000000000000000</Keywords>\n<TimeCreated SystemTime=\"2014-01-25 01:50:28.057049+00:00\"></TimeCreated>\n<EventRecordID>1160</EventRecordID>\n<Correlation ActivityID=\"{97b2357e-96ec-4b68-83fb-38df5385df65}\" RelatedActivityID=\"\"></Correlation>\n<Execution ProcessID=\"888\" ThreadID=\"2952\"></Execution>\n<Channel>Microsoft-Windows-Bits-Client/Operational</Channel>\n<Computer>IACIS-HDD-2014</Computer>\n<Security UserID=\"S-1-5-18\"></Security>\n</System>\n<EventData><Data Name=\"transferId\">{97b2357e-96ec-4b68-83fb-38df5385df65}</Data>\n<Data Name=\"name\">WU Client Download</Data>\n<Data Name=\"Id\">{b5ec7e27-7979-46ff-8573-9808e13fccb5}</Data>\n<Data Name=\"url\">http://download.windowsupdate.com/msdownload/update/software/crup/2013/08/windows6.1-kb2868116-x64_0d60eaf9c967a138f90f9e7926c3190e9e2d6808.psf</Data>\n<Data Name=\"peer\"></Data>\n<Data Name=\"fileTime\">2013-08-29 06:46:26+00:00</Data>\n<Data Name=\"fileLength\">101651460</Data>\n<Data Name=\"bytesTotal\">220535</Data>\n<Data Name=\"bytesTransferred\">0</Data>\n<Data Name=\"bytesTransferredFromPeer\">0</Data>\n</EventData>\n</Event>\n"
  },
  {
    "EventID": 59,
    "Timestamp": "2014-01-25 01:50:28.072649+00:00",
    "Computer": "IACIS-HDD-2014",
    "Channel": "Microsoft-Windows-Bits-Client/Operational",
    "Level": "Information",
    "EventData": {
      "transferId": "{bcc06e94-4014-466f-8530-19dbd9136277}",
      "name": "WU Client Download",
      "Id": "{9b5a477b-5456-4a00-8762-5dba45428dfc}",
      "url": "http://download.windowsupdate.com/msdownload/update/software/secu/2013/10/windows6.1-kb2868626-x64_ebf98c31817abe08bae8fcc4dc41afb2ebe313a5.psf",
      "peer": "",
      "fileTime": "2013-10-22 18:47:11+00:00",
      "fileLength": "23308073",
      "bytesTotal": "131288",
      "bytesTransferred": "0",
      "bytesTransferredFromPeer": "0"
    },
    "RawXml": "<Event xmlns=\"http://schemas.microsoft.com/win/2004/08/events/event\"><System><Provider Name=\"Microsoft-Windows-Bits-Client\" Guid=\"{ef1cc15b-46c1-414e-bb95-e76b077bd51e}\"></Provider>\n<EventID Qualifiers=\"\">59</EventID>\n<Version>1</Version>\n<Level>4</Level>\n<Task>0</Task>\n<Opcode>1</Opcode>\n<Keywords>0x4000000000000000</Keywords>\n<TimeCreated SystemTime=\"2014-01-25 01:50:28.072649+00:00\"></TimeCreated>\n<EventRecordID>1161</EventRecordID>\n<Correlation ActivityID=\"{bcc06e94-4014-466f-8530-19dbd9136277}\" RelatedActivityID=\"\"></Correlation>\n<Execution ProcessID=\"888\" ThreadID=\"2952\"></Execution>\n<Channel>Microsoft-Windows-Bits-Client/Operational</Channel>\n<Computer>IACIS-HDD-2014</Computer>\n<Security UserID=\"S-1-5-18\"></Security>\n</System>\n<EventData><Data Name=\"transferId\">{bcc06e94-4014-466f-8530-19dbd9136277}</Data>\n<Data Name=\"name\">WU Client Download</Data>\n<Data Name=\"Id\">{9b5a477b-5456-4a00-8762-5dba45428dfc}</Data>\n<Data Name=\"url\">http://download.windowsupdate.com/msdownload/update/software/secu/2013/10/windows6.1-kb2868626-x64_ebf98c31817abe08bae8fcc4dc41afb2ebe313a5.psf</Data>\n<Data Name=\"peer\"></Data>\n<Data Name=\"fileTime\">2013-10-22 18:47:11+00:00</Data>\n<Data Name=\"fileLength\">23308073</Data>\n<Data Name=\"bytesTotal\">131288</Data>\n<Data Name=\"bytesTransferred\">0</Data>\n<Data Name=\"bytesTransferredFromPeer\">0</Data>\n</EventData>\n</Event>\n"
  },
  {
    "EventID": 59,
    "Timestamp": "2014-01-25 01:50:28.088249+00:00",
    "Computer": "IACIS-HDD-2014",
    "Channel": "Microsoft-Windows-Bits-Client/Operational",
    "Level": "Information",
    "EventData": {
      "transferId": "{a8c794fd-51b6-4132-8b15-04b86f781163}",
      "name": "WU Client Download",
      "Id": "{0968459e-0a9a-4bc9-ad10-259656cf672e}",
      "url": "http://download.windowsupdate.com/msdownload/update/software/secu/2011/12/windows6.1-kb2656356-x64_a36cfdc3f2a82cad59459b6e6992409ddc697ab1.psf",
      "peer": "",
      "fileTime": "2011-12-28 07:59:03+00:00",
      "fileLength": "56685580",
      "bytesTotal": "1093826",
      "bytesTransferred": "0",
      "bytesTransferredFromPeer": "0"
    },
    "RawXml": "<Event xmlns=\"http://schemas.microsoft.com/win/2004/08/events/event\"><System><Provider Name=\"Microsoft-Windows-Bits-Client\" Guid=\"{ef1cc15b-46c1-414e-bb95-e76b077bd51e}\"></Provider>\n<EventID Qualifiers=\"\">59</EventID>\n<Version>1</Version>\n<Level>4</Level>\n<Task>0</Task>\n<Opcode>1</Opcode>\n<Keywords>0x4000000000000000</Keywords>\n<TimeCreated SystemTime=\"2014-01-25 01:50:28.088249+00:00\"></TimeCreated>\n<EventRecordID>1162</EventRecordID>\n<Correlation ActivityID=\"{a8c794fd-51b6-4132-8b15-04b86f781163}\" RelatedActivityID=\"\"></Correlation>\n<Execution ProcessID=\"888\" ThreadID=\"2952\"></Execution>\n<Channel>Microsoft-Windows-Bits-Client/Operational</Channel>\n<Computer>IACIS-HDD-2014</Computer>\n<Security UserID=\"S-1-5-18\"></Security>\n</System>\n<EventData><Data Name=\"transferId\">{a8c794fd-51b6-4132-8b15-04b86f781163}</Data>\n<Data Name=\"name\">WU Client Download</Data>\n<Data Name=\"Id\">{0968459e-0a9a-4bc9-ad10-259656cf672e}</Data>\n<Data Name=\"url\">http://download.windowsupdate.com/msdownload/update/software/secu/2011/12/windows6.1-kb2656356-x64_a36cfdc3f2a82cad59459b6e6992409ddc697ab1.psf</Data>\n<Data Name=\"peer\"></Data>\n<Data Name=\"fileTime\">2011-12-28 07:59:03+00:00</Data>\n<Data Name=\"fileLength\">56685580</Data>\n<Data Name=\"bytesTotal\">1093826</Data>\n<Data Name=\"bytesTransferred\">0</Data>\n<Data Name=\"bytesTransferredFromPeer\">0</Data>\n</EventData>\n</Event>\n"
  },
  {
    "EventID": 59,
    "Timestamp": "2014-01-25 01:50:28.103849+00:00",
    "Computer": "IACIS-HDD-2014",
    "Channel": "Microsoft-Windows-Bits-Client/Operational",
    "Level": "Information",
    "EventData": {
      "transferId": "{d24e68ff-7600-4737-a6d4-596021c6da99}",
      "name": "WU Client Download",
      "Id": "{37f3b8a7-756c-4207-a632-c0034695988e}",
      "url": "http://download.windowsupdate.com/msdownload/update/software/secu/2013/03/windows6.1-kb2813347-x64_3a75680ceaf99803b14b2c2e991c79661e4fa53f.psf",
      "peer": "",
      "fileTime": "2013-03-21 01:35:21+00:00",
      "fileLength": "71233106",
      "bytesTotal": "90911",
      "bytesTransferred": "0",
      "bytesTransferredFromPeer": "0"
    },
    "RawXml": "<Event xmlns=\"http://schemas.microsoft.com/win/2004/08/events/event\"><System><Provider Name=\"Microsoft-Windows-Bits-Client\" Guid=\"{ef1cc15b-46c1-414e-bb95-e76b077bd51e}\"></Provider>\n<EventID Qualifiers=\"\">59</EventID>\n<Version>1</Version>\n<Level>4</Level>\n<Task>0</Task>\n<Opcode>1</Opcode>\n<Keywords>0x4000000000000000</Keywords>\n<TimeCreated SystemTime=\"2014-01-25 01:50:28.103849+00:00\"></TimeCreated>\n<EventRecordID>1163</EventRecordID>\n<Correlation ActivityID=\"{d24e68ff-7600-4737-a6d4-596021c6da99}\" RelatedActivityID=\"\"></Correlation>\n<Execution ProcessID=\"888\" ThreadID=\"2952\"></Execution>\n<Channel>Microsoft-Windows-Bits-Client/Operational</Channel>\n<Computer>IACIS-HDD-2014</Computer>\n<Security UserID=\"S-1-5-18\"></Security>\n</System>\n<EventData><Data Name=\"transferId\">{d24e68ff-7600-4737-a6d4-596021c6da99}</Data>\n<Data Name=\"name\">WU Client Download</Data>\n<Data Name=\"Id\">{37f3b8a7-756c-4207-a632-c0034695988e}</Data>\n<Data Name=\"url\">http://download.windowsupdate.com/msdownload/update/software/secu/2013/03/windows6.1-kb2813347-x64_3a75680ceaf99803b14b2c2e991c79661e4fa53f.psf</Data>\n<Data Name=\"peer\"></Data>\n<Data Name=\"fileTime\">2013-03-21 01:35:21+00:00</Data>\n<Data Name=\"fileLength\">71233106</Data>\n<Data Name=\"bytesTotal\">90911</Data>\n<Data Name=\"bytesTransferred\">0</Data>\n<Data Name=\"bytesTransferredFromPeer\">0</Data>\n</EventData>\n</Event>\n"
  },
  {
    "EventID": 59,
    "Timestamp": "2014-01-25 01:50:28.119450+00:00",
    "Computer": "IACIS-HDD-2014",
    "Channel": "Microsoft-Windows-Bits-Client/Operational",
    "Level": "Information",
    "EventData": {
      "transferId": "{365665c7-ee2e-4a96-a7d1-61d9820c737a}",
      "name": "WU Client Download",
      "Id": "{29ed4ab1-feb0-49dd-8bf1-440659dc7836}",
      "url": "http://download.windowsupdate.com/msdownload/update/software/secu/2013/07/windows6.1-kb2862966-x64_2f66864c50ae9725a8005f3dba903777d4f5faa2.psf",
      "peer": "",
      "fileTime": "2013-07-24 00:52:28+00:00",
      "fileLength": "26300885",
      "bytesTotal": "146687",
      "bytesTransferred": "0",
      "bytesTransferredFromPeer": "0"
    },
    "RawXml": "<Event xmlns=\"http://schemas.microsoft.com/win/2004/08/events/event\"><System><Provider Name=\"Microsoft-Windows-Bits-Client\" Guid=\"{ef1cc15b-46c1-414e-bb95-e76b077bd51e}\"></Provider>\n<EventID Qualifiers=\"\">59</EventID>\n<Version>1</Version>\n<Level>4</Level>\n<Task>0</Task>\n<Opcode>1</Opcode>\n<Keywords>0x4000000000000000</Keywords>\n<TimeCreated SystemTime=\"2014-01-25 01:50:28.119450+00:00\"></TimeCreated>\n<EventRecordID>1164</EventRecordID>\n<Correlation ActivityID=\"{365665c7-ee2e-4a96-a7d1-61d9820c737a}\" RelatedActivityID=\"\"></Correlation>\n<Execution ProcessID=\"888\" ThreadID=\"2952\"></Execution>\n<Channel>Microsoft-Windows-Bits-Client/Operational</Channel>\n<Computer>IACIS-HDD-2014</Computer>\n<Security UserID=\"S-1-5-18\"></Security>\n</System>\n<EventData><Data Name=\"transferId\">{365665c7-ee2e-4a96-a7d1-61d9820c737a}</Data>\n<Data Name=\"name\">WU Client Download</Data>\n<Data Name=\"Id\">{29ed4ab1-feb0-49dd-8bf1-440659dc7836}</Data>\n<Data Name=\"url\">http://download.windowsupdate.com/msdownload/update/software/secu/2013/07/windows6.1-kb2862966-x64_2f66864c50ae9725a8005f3dba903777d4f5faa2.psf</Data>\n<Data Name=\"peer\"></Data>\n<Data Name=\"fileTime\">2013-07-24 00:52:28+00:00</Data>\n<Data Name=\"fileLength\">26300885</Data>\n<Data Name=\"bytesTotal\">146687</Data>\n<Data Name=\"bytesTransferred\">0</Data>\n<Data Name=\"bytesTransferredFromPeer\">0</Data>\n</EventData>\n</Event>\n"
  },
  {
    "EventID": 59,
    "Timestamp": "2014-01-25 01:50:28.135050+00:00",
    "Computer": "IACIS-HDD-2014",
    "Channel": "Microsoft-Windows-Bits-Client/Operational",
    "Level": "Information",
    "EventData": {
      "transferId": "{accf9122-3c5c-4b44-820e-c718b7b3d163}",
      "name": "WU Client Download",
      "Id": "{1501d201-f52b-41f2-acd8-3e5cee775088}",
      "url": "http://download.windowsupdate.com/msdownload/update/software/secu/2013/07/windows6.1-kb2844286-v2-x64_5fafecd91360b7745ef9e8bd6fe93bf14db4f0d4.psf",
      "peer": "",
      "fileTime": "2013-07-31 21:55:30+00:00",
      "fileLength": "24342302",
      "bytesTotal": "428890",
      "bytesTransferred": "0",
      "bytesTransferredFromPeer": "0"
    },
    "RawXml": "<Event xmlns=\"http://schemas.microsoft.com/win/2004/08/events/event\"><System><Provider Name=\"Microsoft-Windows-Bits-Client\" Guid=\"{ef1cc15b-46c1-414e-bb95-e76b077bd51e}\"></Provider>\n<EventID Qualifiers=\"\">59</EventID>\n<Version>1</Version>\n<Level>4</Level>\n<Task>0</Task>\n<Opcode>1</Opcode>\n<Keywords>0x4000000000000000</Keywords>\n<TimeCreated SystemTime=\"2014-01-25 01:50:28.135050+00:00\"></TimeCreated>\n<EventRecordID>1165</EventRecordID>\n<Correlation ActivityID=\"{accf9122-3c5c-4b44-820e-c718b7b3d163}\" RelatedActivityID=\"\"></Correlation>\n<Execution ProcessID=\"888\" ThreadID=\"2952\"></Execution>\n<Channel>Microsoft-Windows-Bits-Client/Operational</Channel>\n<Computer>IACIS-HDD-2014</Computer>\n<Security UserID=\"S-1-5-18\"></Security>\n</System>\n<EventData><Data Name=\"transferId\">{accf9122-3c5c-4b44-820e-c718b7b3d163}</Data>\n<Data Name=\"name\">WU Client Download</Data>\n<Data Name=\"Id\">{1501d201-f52b-41f2-acd8-3e5cee775088}</Data>\n<Data Name=\"url\">http://download.windowsupdate.com/msdownload/update/software/secu/2013/07/windows6.1-kb2844286-v2-x64_5fafecd91360b7745ef9e8bd6fe93bf14db4f0d4.psf</Data>\n<Data Name=\"peer\"></Data>\n<Data Name=\"fileTime\">2013-07-31 21:55:30+00:00</Data>\n<Data Name=\"fileLength\">24342302</Data>\n<Data Name=\"bytesTotal\">428890</Data>\n<Data Name=\"bytesTransferred\">0</Data>\n<Data Name=\"bytesTransferredFromPeer\">0</Data>\n</EventData>\n</Event>\n"
  },
  {
    "EventID": 59,
    "Timestamp": "2014-01-25 01:50:28.150648+00:00",
    "Computer": "IACIS-HDD-2014",
    "Channel": "Microsoft-Windows-Bits-Client/Operational",
    "Level": "Information",
    "EventData": {
      "transferId": "{6635bfe4-19d5-4c51-acfa-2f46dcabe9ab}",
      "name": "WU Client Download",
      "Id": "{903e34e7-3cb0-4caa-97a2-7b79b44847e5}",
      "url": "http://download.windowsupdate.com/msdownload/update/software/uprl/2013/12/windows6.1-kb2904266-x64_326d8f6a871e7e809dd26895a3f233087f8194cb.psf",
      "peer": "",
      "fileTime": "2013-12-04 21:27:33+00:00",
      "fileLength": "2426485",
      "bytesTotal": "2341",
      "bytesTransferred": "0",
      "bytesTransferredFromPeer": "0"
    },
    "RawXml": "<Event xmlns=\"http://schemas.microsoft.com/win/2004/08/events/event\"><System><Provider Name=\"Microsoft-Windows-Bits-Client\" Guid=\"{ef1cc15b-46c1-414e-bb95-e76b077bd51e}\"></Provider>\n<EventID Qualifiers=\"\">59</EventID>\n<Version>1</Version>\n<Level>4</Level>\n<Task>0</Task>\n<Opcode>1</Opcode>\n<Keywords>0x4000000000000000</Keywords>\n<TimeCreated SystemTime=\"2014-01-25 01:50:28.150648+00:00\"></TimeCreated>\n<EventRecordID>1166</EventRecordID>\n<Correlation ActivityID=\"{6635bfe4-19d5-4c51-acfa-2f46dcabe9ab}\" RelatedActivityID=\"\"></Correlation>\n<Execution ProcessID=\"888\" ThreadID=\"2952\"></Execution>\n<Channel>Microsoft-Windows-Bits-Client/Operational</Channel>\n<Computer>IACIS-HDD-2014</Computer>\n<Security UserID=\"S-1-5-18\"></Security>\n</System>\n<EventData><Data Name=\"transferId\">{6635bfe4-19d5-4c51-acfa-2f46dcabe9ab}</Data>\n<Data Name=\"name\">WU Client Download</Data>\n<Data Name=\"Id\">{903e34e7-3cb0-4caa-97a2-7b79b44847e5}</Data>\n<Data Name=\"url\">http://download.windowsupdate.com/msdownload/update/software/uprl/2013/12/windows6.1-kb2904266-x64_326d8f6a871e7e809dd26895a3f233087f8194cb.psf</Data>\n<Data Name=\"peer\"></Data>\n<Data Name=\"fileTime\">2013-12-04 21:27:33+00:00</Data>\n<Data Name=\"fileLength\">2426485</Data>\n<Data Name=\"bytesTotal\">2341</Data>\n<Data Name=\"bytesTransferred\">0</Data>\n<Data Name=\"bytesTransferredFromPeer\">0</Data>\n</EventData>\n</Event>\n"
  },
  {
    "EventID": 59,
    "Timestamp": "2014-01-25 01:50:28.166248+00:00",
    "Computer": "IACIS-HDD-2014",
    "Channel": "Microsoft-Windows-Bits-Client/Operational",
    "Level": "Information",
    "EventData": {
      "transferId": "{a00c1957-a74c-4f3a-9e2a-48164ebe339c}",
      "name": "WU Client Download",
      "Id": "{625a99d1-55f6-4e73-9528-3b9900da679c}",
      "url": "http://download.windowsupdate.com/msdownload/update/software/crup/2013/05/windows6.1-kb2798162-x64_3fcaa17449cfb4157c98f29168857882f71ddf75.psf",
      "peer": "",
      "fileTime": "2013-05-06 22:40:52+00:00",
      "fileLength": "113216081",
      "bytesTotal": "284864",
      "bytesTransferred": "0",
      "bytesTransferredFromPeer": "0"
    },
    "RawXml": "<Event xmlns=\"http://schemas.microsoft.com/win/2004/08/events/event\"><System><Provider Name=\"Microsoft-Windows-Bits-Client\" Guid=\"{ef1cc15b-46c1-414e-bb95-e76b077bd51e}\"></Provider>\n<EventID Qualifiers=\"\">59</EventID>\n<Version>1</Version>\n<Level>4</Level>\n<Task>0</Task>\n<Opcode>1</Opcode>\n<Keywords>0x4000000000000000</Keywords>\n<TimeCreated SystemTime=\"2014-01-25 01:50:28.166248+00:00\"></TimeCreated>\n<EventRecordID>1167</EventRecordID>\n<Correlation ActivityID=\"{a00c1957-a74c-4f3a-9e2a-48164ebe339c}\" RelatedActivityID=\"\"></Correlation>\n<Execution ProcessID=\"888\" ThreadID=\"2952\"></Execution>\n<Channel>Microsoft-Windows-Bits-Client/Operational</Channel>\n<Computer>IACIS-HDD-2014</Computer>\n<Security UserID=\"S-1-5-18\"></Security>\n</System>\n<EventData><Data Name=\"transferId\">{a00c1957-a74c-4f3a-9e2a-48164ebe339c}</Data>\n<Data Name=\"name\">WU Client Download</Data>\n<Data Name=\"Id\">{625a99d1-55f6-4e73-9528-3b9900da679c}</Data>\n<Data Name=\"url\">http://download.windowsupdate.com/msdownload/update/software/crup/2013/05/windows6.1-kb2798162-x64_3fcaa17449cfb4157c98f29168857882f71ddf75.psf</Data>\n<Data Name=\"peer\"></Data>\n<Data Name=\"fileTime\">2013-05-06 22:40:52+00:00</Data>\n<Data Name=\"fileLength\">113216081</Data>\n<Data Name=\"bytesTotal\">284864</Data>\n<Data Name=\"bytesTransferred\">0</Data>\n<Data Name=\"bytesTransferredFromPeer\">0</Data>\n</EventData>\n</Event>\n"
  },
  {
    "EventID": 59,
    "Timestamp": "2014-01-25 01:50:28.181849+00:00",
    "Computer": "IACIS-HDD-2014",
    "Channel": "Microsoft-Windows-Bits-Client/Operational",
    "Level": "Information",
    "EventData": {
      "transferId": "{4f8ea27d-2701-4694-b819-6e8bf55af8c1}",
      "name": "WU Client Download",
      "Id": "{597af9a1-2fe6-40ef-9b5c-6485d3789b26}",
      "url": "http://download.windowsupdate.com/msdownload/update/software/secu/2012/10/windows6.1-kb2758857-x64_34f2ef52c0343937eaf53c4785f11eca4ff79482.psf",
      "peer": "",
      "fileTime": "2012-10-23 21:11:00+00:00",
      "fileLength": "100138578",
      "bytesTotal": "124475",
      "bytesTransferred": "0",
      "bytesTransferredFromPeer": "0"
    },
    "RawXml": "<Event xmlns=\"http://schemas.microsoft.com/win/2004/08/events/event\"><System><Provider Name=\"Microsoft-Windows-Bits-Client\" Guid=\"{ef1cc15b-46c1-414e-bb95-e76b077bd51e}\"></Provider>\n<EventID Qualifiers=\"\">59</EventID>\n<Version>1</Version>\n<Level>4</Level>\n<Task>0</Task>\n<Opcode>1</Opcode>\n<Keywords>0x4000000000000000</Keywords>\n<TimeCreated SystemTime=\"2014-01-25 01:50:28.181849+00:00\"></TimeCreated>\n<EventRecordID>1168</EventRecordID>\n<Correlation ActivityID=\"{4f8ea27d-2701-4694-b819-6e8bf55af8c1}\" RelatedActivityID=\"\"></Correlation>\n<Execution ProcessID=\"888\" ThreadID=\"2952\"></Execution>\n<Channel>Microsoft-Windows-Bits-Client/Operational</Channel>\n<Computer>IACIS-HDD-2014</Computer>\n<Security UserID=\"S-1-5-18\"></Security>\n</System>\n<EventData><Data Name=\"transferId\">{4f8ea27d-2701-4694-b819-6e8bf55af8c1}</Data>\n<Data Name=\"name\">WU Client Download</Data>\n<Data Name=\"Id\">{597af9a1-2fe6-40ef-9b5c-6485d3789b26}</Data>\n<Data Name=\"url\">http://download.windowsupdate.com/msdownload/update/software/secu/2012/10/windows6.1-kb2758857-x64_34f2ef52c0343937eaf53c4785f11eca4ff79482.psf</Data>\n<Data Name=\"peer\"></Data>\n<Data Name=\"fileTime\">2012-10-23 21:11:00+00:00</Data>\n<Data Name=\"fileLength\">100138578</Data>\n<Data Name=\"bytesTotal\">124475</Data>\n<Data Name=\"bytesTransferred\">0</Data>\n<Data Name=\"bytesTransferredFromPeer\">0</Data>\n</EventData>\n</Event>\n"
  },
  {
    "EventID": 60,
    "Timestamp": "2014-01-25 01:50:28.181849+00:00",
    "Computer": "IACIS-HDD-2014",
    "Channel": "Microsoft-Windows-Bits-Client/Operational",
    "Level": "Information",
    "EventData": {
      "transferId": "{d97a061e-a8c4-4499-a819-83894a807c41}",
      "name": "WU Client Download",
      "Id": "{a72ab03a-7685-4934-82e8-c4e6a8262bd4}",
      "url": "http://download.windowsupdate.com/msdownload/update/software/secu/2013/09/windows6.1-kb2884256-x64_508c818af61cdd90c0077761440b236534a76e82.psf",
      "peer": "",
      "hr": "0",
      "fileTime": "2013-09-18 00:26:14+00:00",
      "fileLength": "392177",
      "bytesTotal": "1856",
      "bytesTransferred": "1856",
      "proxy": "",
      "peerProtocolFlags": "0",
      "bytesTransferredFromPeer": "0",
      "AdditionalInfoHr": "0",
      "PeerContextInfo": "0",
      "bandwidthLimit": "18446744073709551615",
      "ignoreBandwidthLimitsOnLan": "False"
    },
    "RawXml": "<Event xmlns=\"http://schemas.microsoft.com/win/2004/08/events/event\"><System><Provider Name=\"Microsoft-Windows-Bits-Client\" Guid=\"{ef1cc15b-46c1-414e-bb95-e76b077bd51e}\"></Provider>\n<EventID Qualifiers=\"\">60</EventID>\n<Version>1</Version>\n<Level>4</Level>\n<Task>0</Task>\n<Opcode>2</Opcode>\n<Keywords>0x4000000000000000</Keywords>\n<TimeCreated SystemTime=\"2014-01-25 01:50:28.181849+00:00\"></TimeCreated>\n<EventRecordID>1169</EventRecordID>\n<Correlation ActivityID=\"{d97a061e-a8c4-4499-a819-83894a807c41}\" RelatedActivityID=\"\"></Correlation>\n<Execution ProcessID=\"888\" ThreadID=\"1016\"></Execution>\n<Channel>Microsoft-Windows-Bits-Client/Operational</Channel>\n<Computer>IACIS-HDD-2014</Computer>\n<Security UserID=\"S-1-5-18\"></Security>\n</System>\n<EventData><Data Name=\"transferId\">{d97a061e-a8c4-4499-a819-83894a807c41}</Data>\n<Data Name=\"name\">WU Client Download</Data>\n<Data Name=\"Id\">{a72ab03a-7685-4934-82e8-c4e6a8262bd4}</Data>\n<Data Name=\"url\">http://download.windowsupdate.com/msdownload/update/software/secu/2013/09/windows6.1-kb2884256-x64_508c818af61cdd90c0077761440b236534a76e82.psf</Data>\n<Data Name=\"peer\"></Data>\n<Data Name=\"hr\">0</Data>\n<Data Name=\"fileTime\">2013-09-18 00:26:14+00:00</Data>\n<Data Name=\"fileLength\">392177</Data>\n<Data Name=\"bytesTotal\">1856</Data>\n<Data Name=\"bytesTransferred\">1856</Data>\n<Data Name=\"proxy\"></Data>\n<Data Name=\"peerProtocolFlags\">0</Data>\n<Data Name=\"bytesTransferredFromPeer\">0</Data>\n<Data Name=\"AdditionalInfoHr\">0</Data>\n<Data Name=\"PeerContextInfo\">0</Data>\n<Data Name=\"bandwidthLimit\">18446744073709551615</Data>\n<Data Name=\"ignoreBandwidthLimitsOnLan\">False</Data>\n</EventData>\n</Event>\n"
  },
  {
    "EventID": 60,
    "Timestamp": "2014-01-25 01:50:28.228649+00:00",
    "Computer": "IACIS-HDD-2014",
    "Channel": "Microsoft-Windows-Bits-Client/Operational",
    "Level": "Information",
    "EventData": {
      "transferId": "{d4abb195-e765-492a-873f-dc7d3f76ec3a}",
      "name": "WU Client Download",
      "Id": "{d22b9d46-5f21-462a-aa31-d9b10a913cd5}",
      "url": "http://download.windowsupdate.com/msdownload/update/software/secu/2011/11/windows6.1-kb2631813-x64_ce8f94315e2e99d232c189a28a0e4bfb1834b6a3.psf",
      "peer": "",
      "hr": "0",
      "fileTime": "2011-11-22 19:00:12+00:00",
      "fileLength": "38737171",
      "bytesTotal": "34759",
      "bytesTransferred": "34759",
      "proxy": "",
      "peerProtocolFlags": "0",
      "bytesTransferredFromPeer": "0",
      "AdditionalInfoHr": "0",
      "PeerContextInfo": "0",
      "bandwidthLimit": "18446744073709551615",
      "ignoreBandwidthLimitsOnLan": "False"
    },
    "RawXml": "<Event xmlns=\"http://schemas.microsoft.com/win/2004/08/events/event\"><System><Provider Name=\"Microsoft-Windows-Bits-Client\" Guid=\"{ef1cc15b-46c1-414e-bb95-e76b077bd51e}\"></Provider>\n<EventID Qualifiers=\"\">60</EventID>\n<Version>1</Version>\n<Level>4</Level>\n<Task>0</Task>\n<Opcode>2</Opcode>\n<Keywords>0x4000000000000000</Keywords>\n<TimeCreated SystemTime=\"2014-01-25 01:50:28.228649+00:00\"></TimeCreated>\n<EventRecordID>1170</EventRecordID>\n<Correlation ActivityID=\"{d4abb195-e765-492a-873f-dc7d3f76ec3a}\" RelatedActivityID=\"\"></Correlation>\n<Execution ProcessID=\"888\" ThreadID=\"2560\"></Execution>\n<Channel>Microsoft-Windows-Bits-Client/Operational</Channel>\n<Computer>IACIS-HDD-2014</Computer>\n<Security UserID=\"S-1-5-18\"></Security>\n</System>\n<EventData><Data Name=\"transferId\">{d4abb195-e765-492a-873f-dc7d3f76ec3a}</Data>\n<Data Name=\"name\">WU Client Download</Data>\n<Data Name=\"Id\">{d22b9d46-5f21-462a-aa31-d9b10a913cd5}</Data>\n<Data Name=\"url\">http://download.windowsupdate.com/msdownload/update/software/secu/2011/11/windows6.1-kb2631813-x64_ce8f94315e2e99d232c189a28a0e4bfb1834b6a3.psf</Data>\n<Data Name=\"peer\"></Data>\n<Data Name=\"hr\">0</Data>\n<Data Name=\"fileTime\">2011-11-22 19:00:12+00:00</Data>\n<Data Name=\"fileLength\">38737171</Data>\n<Data Name=\"bytesTotal\">34759</Data>\n<Data Name=\"bytesTransferred\">34759</Data>\n<Data Name=\"proxy\"></Data>\n<Data Name=\"peerProtocolFlags\">0</Data>\n<Data Name=\"bytesTransferredFromPeer\">0</Data>\n<Data Name=\"AdditionalInfoHr\">0</Data>\n<Data Name=\"PeerContextInfo\">0</Data>\n<Data Name=\"bandwidthLimit\">18446744073709551615</Data>\n<Data Name=\"ignoreBandwidthLimitsOnLan\">False</Data>\n</EventData>\n</Event>\n"
  },
  {
    "EventID": 60,
    "Timestamp": "2014-01-25 01:50:28.259850+00:00",
    "Computer": "IACIS-HDD-2014",
    "Channel": "Microsoft-Windows-Bits-Client/Operational",
    "Level": "Information",
    "EventData": {
      "transferId": "{8668e6ec-5ac8-48e2-bcba-bc373dda884b}",
      "name": "WU Client Download",
      "Id": "{c1742cb3-c4bc-44d7-a8b7-fb943ad5fabf}",
      "url": "http://download.windowsupdate.com/msdownload/update/software/secu/2013/10/windows6.1-kb2893294-x64_ffa0570f41c53268330d368ccec50546ada65fd9.psf",
      "peer": "",
      "hr": "0",
      "fileTime": "2013-10-22 18:48:12+00:00",
      "fileLength": "1976474",
      "bytesTotal": "15337",
      "bytesTransferred": "15337",
      "proxy": "",
      "peerProtocolFlags": "0",
      "bytesTransferredFromPeer": "0",
      "AdditionalInfoHr": "0",
      "PeerContextInfo": "0",
      "bandwidthLimit": "18446744073709551615",
      "ignoreBandwidthLimitsOnLan": "False"
    },
    "RawXml": "<Event xmlns=\"http://schemas.microsoft.com/win/2004/08/events/event\"><System><Provider Name=\"Microsoft-Windows-Bits-Client\" Guid=\"{ef1cc15b-46c1-414e-bb95-e76b077bd51e}\"></Provider>\n<EventID Qualifiers=\"\">60</EventID>\n<Version>1</Version>\n<Level>4</Level>\n<Task>0</Task>\n<Opcode>2</Opcode>\n<Keywords>0x4000000000000000</Keywords>\n<TimeCreated SystemTime=\"2014-01-25 01:50:28.259850+00:00\"></TimeCreated>\n<EventRecordID>1171</EventRecordID>\n<Correlation ActivityID=\"{8668e6ec-5ac8-48e2-bcba-bc373dda884b}\" RelatedActivityID=\"\"></Correlation>\n<Execution ProcessID=\"888\" ThreadID=\"2884\"></Execution>\n<Channel>Microsoft-Windows-Bits-Client/Operational</Channel>\n<Computer>IACIS-HDD-2014</Computer>\n<Security UserID=\"S-1-5-18\"></Security>\n</System>\n<EventData><Data Name=\"transferId\">{8668e6ec-5ac8-48e2-bcba-bc373dda884b}</Data>\n<Data Name=\"name\">WU Client Download</Data>\n<Data Name=\"Id\">{c1742cb3-c4bc-44d7-a8b7-fb943ad5fabf}</Data>\n<Data Name=\"url\">http://download.windowsupdate.com/msdownload/update/software/secu/2013/10/windows6.1-kb2893294-x64_ffa0570f41c53268330d368ccec50546ada65fd9.psf</Data>\n<Data Name=\"peer\"></Data>\n<Data Name=\"hr\">0</Data>\n<Data Name=\"fileTime\">2013-10-22 18:48:12+00:00</Data>\n<Data Name=\"fileLength\">1976474</Data>\n<Data Name=\"bytesTotal\">15337</Data>\n<Data Name=\"bytesTransferred\">15337</Data>\n<Data Name=\"proxy\"></Data>\n<Data Name=\"peerProtocolFlags\">0</Data>\n<Data Name=\"bytesTransferredFromPeer\">0</Data>\n<Data Name=\"AdditionalInfoHr\">0</Data>\n<Data Name=\"PeerContextInfo\">0</Data>\n<Data Name=\"bandwidthLimit\">18446744073709551615</Data>\n<Data Name=\"ignoreBandwidthLimitsOnLan\">False</Data>\n</EventData>\n</Event>\n"
  },
  {
    "EventID": 60,
    "Timestamp": "2014-01-25 01:50:28.291050+00:00",
    "Computer": "IACIS-HDD-2014",
    "Channel": "Microsoft-Windows-Bits-Client/Operational",
    "Level": "Information",
    "EventData": {
      "transferId": "{58509c6b-18fd-499f-b539-c49b24f540b2}",
      "name": "WU Client Download",
      "Id": "{57ff7092-3b46-43c7-98d0-4eca3cb2cb4c}",
      "url": "http://download.windowsupdate.com/msdownload/update/software/secu/2013/10/windows6.1-kb2875783-x64_8bb190964c08eb6ab4f45bfbc6c7feb000347c18.psf",
      "peer": "",
      "hr": "0",
      "fileTime": "2013-10-11 08:13:16+00:00",
      "fileLength": "655896",
      "bytesTotal": "22330",
      "bytesTransferred": "22330",
      "proxy": "",
      "peerProtocolFlags": "0",
      "bytesTransferredFromPeer": "0",
      "AdditionalInfoHr": "0",
      "PeerContextInfo": "0",
      "bandwidthLimit": "18446744073709551615",
      "ignoreBandwidthLimitsOnLan": "False"
    },
    "RawXml": "<Event xmlns=\"http://schemas.microsoft.com/win/2004/08/events/event\"><System><Provider Name=\"Microsoft-Windows-Bits-Client\" Guid=\"{ef1cc15b-46c1-414e-bb95-e76b077bd51e}\"></Provider>\n<EventID Qualifiers=\"\">60</EventID>\n<Version>1</Version>\n<Level>4</Level>\n<Task>0</Task>\n<Opcode>2</Opcode>\n<Keywords>0x4000000000000000</Keywords>\n<TimeCreated SystemTime=\"2014-01-25 01:50:28.291050+00:00\"></TimeCreated>\n<EventRecordID>1172</EventRecordID>\n<Correlation ActivityID=\"{58509c6b-18fd-499f-b539-c49b24f540b2}\" RelatedActivityID=\"\"></Correlation>\n<Execution ProcessID=\"888\" ThreadID=\"2748\"></Execution>\n<Channel>Microsoft-Windows-Bits-Client/Operational</Channel>\n<Computer>IACIS-HDD-2014</Computer>\n<Security UserID=\"S-1-5-18\"></Security>\n</System>\n<EventData><Data Name=\"transferId\">{58509c6b-18fd-499f-b539-c49b24f540b2}</Data>\n<Data Name=\"name\">WU Client Download</Data>\n<Data Name=\"Id\">{57ff7092-3b46-43c7-98d0-4eca3cb2cb4c}</Data>\n<Data Name=\"url\">http://download.windowsupdate.com/msdownload/update/software/secu/2013/10/windows6.1-kb2875783-x64_8bb190964c08eb6ab4f45bfbc6c7feb000347c18.psf</Data>\n<Data Name=\"peer\"></Data>\n<Data Name=\"hr\">0</Data>\n<Data Name=\"fileTime\">2013-10-11 08:13:16+00:00</Data>\n<Data Name=\"fileLength\">655896</Data>\n<Data Name=\"bytesTotal\">22330</Data>\n<Data Name=\"bytesTransferred\">22330</Data>\n<Data Name=\"proxy\"></Data>\n<Data Name=\"peerProtocolFlags\">0</Data>\n<Data Name=\"bytesTransferredFromPeer\">0</Data>\n<Data Name=\"AdditionalInfoHr\">0</Data>\n<Data Name=\"PeerContextInfo\">0</Data>\n<Data Name=\"bandwidthLimit\">18446744073709551615</Data>\n<Data Name=\"ignoreBandwidthLimitsOnLan\">False</Data>\n</EventData>\n</Event>\n"
  },
  {
    "EventID": 60,
    "Timestamp": "2014-01-25 01:50:28.337849+00:00",
    "Computer": "IACIS-HDD-2014",
    "Channel": "Microsoft-Windows-Bits-Client/Operational",
    "Level": "Information",
    "EventData": {
      "transferId": "{2dc12f3a-6c10-43a4-80b8-1e117ef9d41d}",
      "name": "WU Client Download",
      "Id": "{176ec22e-4a2e-4e67-b9a3-20f7d96e0639}",
      "url": "http://download.windowsupdate.com/msdownload/update/software/secu/2012/06/windows6.1-kb2691442-x64_a655471e91e05d8e7405ba51a291f1991a61fd51.psf",
      "peer": "",
      "hr": "0",
      "fileTime": "2012-06-19 20:34:20+00:00",
      "fileLength": "152753335",
      "bytesTotal": "199274",
      "bytesTransferred": "199274",
      "proxy": "",
      "peerProtocolFlags": "0",
      "bytesTransferredFromPeer": "0",
      "AdditionalInfoHr": "0",
      "PeerContextInfo": "0",
      "bandwidthLimit": "18446744073709551615",
      "ignoreBandwidthLimitsOnLan": "False"
    },
    "RawXml": "<Event xmlns=\"http://schemas.microsoft.com/win/2004/08/events/event\"><System><Provider Name=\"Microsoft-Windows-Bits-Client\" Guid=\"{ef1cc15b-46c1-414e-bb95-e76b077bd51e}\"></Provider>\n<EventID Qualifiers=\"\">60</EventID>\n<Version>1</Version>\n<Level>4</Level>\n<Task>0</Task>\n<Opcode>2</Opcode>\n<Keywords>0x4000000000000000</Keywords>\n<TimeCreated SystemTime=\"2014-01-25 01:50:28.337849+00:00\"></TimeCreated>\n<EventRecordID>1173</EventRecordID>\n<Correlation ActivityID=\"{2dc12f3a-6c10-43a4-80b8-1e117ef9d41d}\" RelatedActivityID=\"\"></Correlation>\n<Execution ProcessID=\"888\" ThreadID=\"1528\"></Execution>\n<Channel>Microsoft-Windows-Bits-Client/Operational</Channel>\n<Computer>IACIS-HDD-2014</Computer>\n<Security UserID=\"S-1-5-18\"></Security>\n</System>\n<EventData><Data Name=\"transferId\">{2dc12f3a-6c10-43a4-80b8-1e117ef9d41d}</Data>\n<Data Name=\"name\">WU Client Download</Data>\n<Data Name=\"Id\">{176ec22e-4a2e-4e67-b9a3-20f7d96e0639}</Data>\n<Data Name=\"url\">http://download.windowsupdate.com/msdownload/update/software/secu/2012/06/windows6.1-kb2691442-x64_a655471e91e05d8e7405ba51a291f1991a61fd51.psf</Data>\n<Data Name=\"peer\"></Data>\n<Data Name=\"hr\">0</Data>\n<Data Name=\"fileTime\">2012-06-19 20:34:20+00:00</Data>\n<Data Name=\"fileLength\">152753335</Data>\n<Data Name=\"bytesTotal\">199274</Data>\n<Data Name=\"bytesTransferred\">199274</Data>\n<Data Name=\"proxy\"></Data>\n<Data Name=\"peerProtocolFlags\">0</Data>\n<Data Name=\"bytesTransferredFromPeer\">0</Data>\n<Data Name=\"AdditionalInfoHr\">0</Data>\n<Data Name=\"PeerContextInfo\">0</Data>\n<Data Name=\"bandwidthLimit\">18446744073709551615</Data>\n<Data Name=\"ignoreBandwidthLimitsOnLan\">False</Data>\n</EventData>\n</Event>\n"
  },
  {
    "EventID": 60,
    "Timestamp": "2014-01-25 01:50:28.384649+00:00",
    "Computer": "IACIS-HDD-2014",
    "Channel": "Microsoft-Windows-Bits-Client/Operational",
    "Level": "Information",
    "EventData": {
      "transferId": "{3fe015e9-fa96-48be-872c-caeed0ff0bde}",
      "name": "WU Client Download",
      "Id": "{2fb135fc-24cc-40ea-aec4-d1d071390813}",
      "url": "http://download.windowsupdate.com/msdownload/update/software/secu/2013/07/windows6.1-kb2864058-x64_d2e0b31ccbd2a28de2152fc78decdf60af96ebd1.psf",
      "peer": "",
      "hr": "0",
      "fileTime": "2013-07-23 21:05:37+00:00",
      "fileLength": "9282433",
      "bytesTotal": "4805",
      "bytesTransferred": "4805",
      "proxy": "",
      "peerProtocolFlags": "0",
      "bytesTransferredFromPeer": "0",
      "AdditionalInfoHr": "0",
      "PeerContextInfo": "0",
      "bandwidthLimit": "18446744073709551615",
      "ignoreBandwidthLimitsOnLan": "False"
    },
    "RawXml": "<Event xmlns=\"http://schemas.microsoft.com/win/2004/08/events/event\"><System><Provider Name=\"Microsoft-Windows-Bits-Client\" Guid=\"{ef1cc15b-46c1-414e-bb95-e76b077bd51e}\"></Provider>\n<EventID Qualifiers=\"\">60</EventID>\n<Version>1</Version>\n<Level>4</Level>\n<Task>0</Task>\n<Opcode>2</Opcode>\n<Keywords>0x4000000000000000</Keywords>\n<TimeCreated SystemTime=\"2014-01-25 01:50:28.384649+00:00\"></TimeCreated>\n<EventRecordID>1174</EventRecordID>\n<Correlation ActivityID=\"{3fe015e9-fa96-48be-872c-caeed0ff0bde}\" RelatedActivityID=\"\"></Correlation>\n<Execution ProcessID=\"888\" ThreadID=\"2088\"></Execution>\n<Channel>Microsoft-Windows-Bits-Client/Operational</Channel>\n<Computer>IACIS-HDD-2014</Computer>\n<Security UserID=\"S-1-5-18\"></Security>\n</System>\n<EventData><Data Name=\"transferId\">{3fe015e9-fa96-48be-872c-caeed0ff0bde}</Data>\n<Data Name=\"name\">WU Client Download</Data>\n<Data Name=\"Id\">{2fb135fc-24cc-40ea-aec4-d1d071390813}</Data>\n<Data Name=\"url\">http://download.windowsupdate.com/msdownload/update/software/secu/2013/07/windows6.1-kb2864058-x64_d2e0b31ccbd2a28de2152fc78decdf60af96ebd1.psf</Data>\n<Data Name=\"peer\"></Data>\n<Data Name=\"hr\">0</Data>\n<Data Name=\"fileTime\">2013-07-23 21:05:37+00:00</Data>\n<Data Name=\"fileLength\">9282433</Data>\n<Data Name=\"bytesTotal\">4805</Data>\n<Data Name=\"bytesTransferred\">4805</Data>\n<Data Name=\"proxy\"></Data>\n<Data Name=\"peerProtocolFlags\">0</Data>\n<Data Name=\"bytesTransferredFromPeer\">0</Data>\n<Data Name=\"AdditionalInfoHr\">0</Data>\n<Data Name=\"PeerContextInfo\">0</Data>\n<Data Name=\"bandwidthLimit\">18446744073709551615</Data>\n<Data Name=\"ignoreBandwidthLimitsOnLan\">False</Data>\n</EventData>\n</Event>\n"
  },
  {
    "EventID": 60,
    "Timestamp": "2014-01-25 01:50:28.400249+00:00",
    "Computer": "IACIS-HDD-2014",
    "Channel": "Microsoft-Windows-Bits-Client/Operational",
    "Level": "Information",
    "EventData": {
      "transferId": "{ca627ff3-6bb7-4f1a-a981-cace7f34fc1f}",
      "name": "WU Client Download",
      "Id": "{c5b77d12-eef6-41e3-9989-780466c570db}",
      "url": "http://download.windowsupdate.com/msdownload/update/software/secu/2011/07/windows6.1-kb2536276-v2-x64_05e4952f21e3df34ba78e4de9c9afe7588ea78ba.psf",
      "peer": "",
      "hr": "0",
      "fileTime": "2011-07-20 01:21:09+00:00",
      "fileLength": "4579544",
      "bytesTotal": "23109",
      "bytesTransferred": "23109",
      "proxy": "",
      "peerProtocolFlags": "0",
      "bytesTransferredFromPeer": "0",
      "AdditionalInfoHr": "0",
      "PeerContextInfo": "0",
      "bandwidthLimit": "18446744073709551615",
      "ignoreBandwidthLimitsOnLan": "False"
    },
    "RawXml": "<Event xmlns=\"http://schemas.microsoft.com/win/2004/08/events/event\"><System><Provider Name=\"Microsoft-Windows-Bits-Client\" Guid=\"{ef1cc15b-46c1-414e-bb95-e76b077bd51e}\"></Provider>\n<EventID Qualifiers=\"\">60</EventID>\n<Version>1</Version>\n<Level>4</Level>\n<Task>0</Task>\n<Opcode>2</Opcode>\n<Keywords>0x4000000000000000</Keywords>\n<TimeCreated SystemTime=\"2014-01-25 01:50:28.400249+00:00\"></TimeCreated>\n<EventRecordID>1175</EventRecordID>\n<Correlation ActivityID=\"{ca627ff3-6bb7-4f1a-a981-cace7f34fc1f}\" RelatedActivityID=\"\"></Correlation>\n<Execution ProcessID=\"888\" ThreadID=\"2592\"></Execution>\n<Channel>Microsoft-Windows-Bits-Client/Operational</Channel>\n<Computer>IACIS-HDD-2014</Computer>\n<Security UserID=\"S-1-5-18\"></Security>\n</System>\n<EventData><Data Name=\"transferId\">{ca627ff3-6bb7-4f1a-a981-cace7f34fc1f}</Data>\n<Data Name=\"name\">WU Client Download</Data>\n<Data Name=\"Id\">{c5b77d12-eef6-41e3-9989-780466c570db}</Data>\n<Data Name=\"url\">http://download.windowsupdate.com/msdownload/update/software/secu/2011/07/windows6.1-kb2536276-v2-x64_05e4952f21e3df34ba78e4de9c9afe7588ea78ba.psf</Data>\n<Data Name=\"peer\"></Data>\n<Data Name=\"hr\">0</Data>\n<Data Name=\"fileTime\">2011-07-20 01:21:09+00:00</Data>\n<Data Name=\"fileLength\">4579544</Data>\n<Data Name=\"bytesTotal\">23109</Data>\n<Data Name=\"bytesTransferred\">23109</Data>\n<Data Name=\"proxy\"></Data>\n<Data Name=\"peerProtocolFlags\">0</Data>\n<Data Name=\"bytesTransferredFromPeer\">0</Data>\n<Data Name=\"AdditionalInfoHr\">0</Data>\n<Data Name=\"PeerContextInfo\">0</Data>\n<Data Name=\"bandwidthLimit\">18446744073709551615</Data>\n<Data Name=\"ignoreBandwidthLimitsOnLan\">False</Data>\n</EventData>\n</Event>\n"
  },
  {
    "EventID": 60,
    "Timestamp": "2014-01-25 01:50:28.447048+00:00",
    "Computer": "IACIS-HDD-2014",
    "Channel": "Microsoft-Windows-Bits-Client/Operational",
    "Level": "Information",
    "EventData": {
      "transferId": "{05cd4004-19ea-4a77-894f-97a47e578b58}",
      "name": "WU Client Download",
      "Id": "{fc274541-23e6-433d-a823-df87dd83d066}",
      "url": "http://download.windowsupdate.com/msdownload/update/software/secu/2011/08/windows6.1-kb2570947-x64_654a77cdec5167cbda7d017de907d492ea2251f2.psf",
      "peer": "",
      "hr": "0",
      "fileTime": "2011-08-30 08:46:30+00:00",
      "fileLength": "5084198",
      "bytesTotal": "25123",
      "bytesTransferred": "25123",
      "proxy": "",
      "peerProtocolFlags": "0",
      "bytesTransferredFromPeer": "0",
      "AdditionalInfoHr": "0",
      "PeerContextInfo": "0",
      "bandwidthLimit": "18446744073709551615",
      "ignoreBandwidthLimitsOnLan": "False"
    },
    "RawXml": "<Event xmlns=\"http://schemas.microsoft.com/win/2004/08/events/event\"><System><Provider Name=\"Microsoft-Windows-Bits-Client\" Guid=\"{ef1cc15b-46c1-414e-bb95-e76b077bd51e}\"></Provider>\n<EventID Qualifiers=\"\">60</EventID>\n<Version>1</Version>\n<Level>4</Level>\n<Task>0</Task>\n<Opcode>2</Opcode>\n<Keywords>0x4000000000000000</Keywords>\n<TimeCreated SystemTime=\"2014-01-25 01:50:28.447048+00:00\"></TimeCreated>\n<EventRecordID>1176</EventRecordID>\n<Correlation ActivityID=\"{05cd4004-19ea-4a77-894f-97a47e578b58}\" RelatedActivityID=\"\"></Correlation>\n<Execution ProcessID=\"888\" ThreadID=\"1348\"></Execution>\n<Channel>Microsoft-Windows-Bits-Client/Operational</Channel>\n<Computer>IACIS-HDD-2014</Computer>\n<Security UserID=\"S-1-5-18\"></Security>\n</System>\n<EventData><Data Name=\"transferId\">{05cd4004-19ea-4a77-894f-97a47e578b58}</Data>\n<Data Name=\"name\">WU Client Download</Data>\n<Data Name=\"Id\">{fc274541-23e6-433d-a823-df87dd83d066}</Data>\n<Data Name=\"url\">http://download.windowsupdate.com/msdownload/update/software/secu/2011/08/windows6.1-kb2570947-x64_654a77cdec5167cbda7d017de907d492ea2251f2.psf</Data>\n<Data Name=\"peer\"></Data>\n<Data Name=\"hr\">0</Data>\n<Data Name=\"fileTime\">2011-08-30 08:46:30+00:00</Data>\n<Data Name=\"fileLength\">5084198</Data>\n<Data Name=\"bytesTotal\">25123</Data>\n<Data Name=\"bytesTransferred\">25123</Data>\n<Data Name=\"proxy\"></Data>\n<Data Name=\"peerProtocolFlags\">0</Data>\n<Data Name=\"bytesTransferredFromPeer\">0</Data>\n<Data Name=\"AdditionalInfoHr\">0</Data>\n<Data Name=\"PeerContextInfo\">0</Data>\n<Data Name=\"bandwidthLimit\">18446744073709551615</Data>\n<Data Name=\"ignoreBandwidthLimitsOnLan\">False</Data>\n</EventData>\n</Event>\n"
  },
