  {
    "EventID": 100,
    "Timestamp": "2014-02-07 12:34:43.636662+00:00",
    "Computer": "IACIS-HDD-2014",
    "Channel": "Microsoft-Windows-Diagnosis-DPS/Operational",
    "Level": "Information",
    "EventData": {
      "ScenarioId": "{2698178d-fdad-40ae-9d3c-1371703adc5b}",
      "InstanceId": "{4b0b9de3-fe4e-486c-bee1-ddb3350e19a5}",
      "OriginalActivityId": "{2698178d-fdad-40ae-9d3c-1371703adc5b}",
      "DiagnosticModuleImageName": "%SystemRoot%\\system32\\diagperf.dll",
      "DiagnosticModuleId": "{15fba3b8-a37a-4f91-bdba-fbb98fe804bf}"
    },
    "RawXml": "<Event xmlns=\"http://schemas.microsoft.com/win/2004/08/events/event\"><System><Provider Name=\"Microsoft-Windows-Diagnosis-DPS\" Guid=\"{6bba3851-2c7e-4dea-8f54-31e5afd029e3}\"></Provider>\n<EventID Qualifiers=\"\">100</EventID>\n<Version>0</Version>\n<Level>4</Level>\n<Task>1</Task>\n<Opcode>12</Opcode>\n<Keywords>0x4000000800000000</Keywords>\n<TimeCreated SystemTime=\"2014-02-07 12:34:43.636662+00:00\"></TimeCreated>\n<EventRecordID>238</EventRecordID>\n<Correlation ActivityID=\"{4b0b9de3-fe4e-486c-bee1-ddb3350e19a5}\" RelatedActivityID=\"\"></Correlation>\n<Execution ProcessID=\"1336\" ThreadID=\"1956\"></Execution>\n<Channel>Microsoft-Windows-Diagnosis-DPS/Operational</Channel>\n<Computer>IACIS-HDD-2014</Computer>\n<Security UserID=\"S-1-5-19\"></Security>\n</System>\n<EventData><Data Name=\"ScenarioId\">{2698178d-fdad-40ae-9d3c-1371703adc5b}</Data>\n<Data Name=\"InstanceId\">{4b0b9de3-fe4e-486c-bee1-ddb3350e19a5}</Data>\n<Data Name=\"OriginalActivityId\">{2698178d-fdad-40ae-9d3c-1371703adc5b}</Data>\n<Data Name=\"DiagnosticModuleImageName\">%SystemRoot%\\system32\\diagperf.dll</Data>\n<Data Name=\"DiagnosticModuleId\">{15fba3b8-a37a-4f91-bdba-fbb98fe804bf}</Data>\n</EventData>\n</Event>\n"
  },
  {
    "EventID": 105,
    "Timestamp": "2014-02-07 12:34:43.636662+00:00",
    "Computer": "IACIS-HDD-2014",
    "Channel": "Microsoft-Windows-Diagnosis-DPS/Operational",
    "Level": "Information",
    "EventData": {
      "ScenarioId": "{2698178d-fdad-40ae-9d3c-1371703adc5b}",
      "InstanceId": "{4b0b9de3-fe4e-486c-bee1-ddb3350e19a5}",
      "OriginalActivityId": "{2698178d-fdad-40ae-9d3c-1371703adc5b}",
      "DiagnosticModuleImageName": "%SystemRoot%\\system32\\diagperf.dll",
      "DiagnosticModuleId": "{15fba3b8-a37a-4f91-bdba-fbb98fe804bf}"
    },
    "RawXml": "<Event xmlns=\"http://schemas.microsoft.com/win/2004/08/events/event\"><System><Provider Name=\"Microsoft-Windows-Diagnosis-DPS\" Guid=\"{6bba3851-2c7e-4dea-8f54-31e5afd029e3}\"></Provider>\n<EventID Qualifiers=\"\">105</EventID>\n<Version>0</Version>\n<Level>4</Level>\n<Task>1</Task>\n<Opcode>13</Opcode>\n<Keywords>0x4000000800000000</Keywords>\n<TimeCreated SystemTime=\"2014-02-07 12:34:43.636662+00:00\"></TimeCreated>\n<EventRecordID>239</EventRecordID>\n<Correlation ActivityID=\"{4b0b9de3-fe4e-486c-bee1-ddb3350e19a5}\" RelatedActivityID=\"\"></Correlation>\n<Execution ProcessID=\"1336\" ThreadID=\"1956\"></Execution>\n<Channel>Microsoft-Windows-Diagnosis-DPS/Operational</Channel>\n<Computer>IACIS-HDD-2014</Computer>\n<Security UserID=\"S-1-5-19\"></Security>\n</System>\n<EventData><Data Name=\"ScenarioId\">{2698178d-fdad-40ae-9d3c-1371703adc5b}</Data>\n<Data Name=\"InstanceId\">{4b0b9de3-fe4e-486c-bee1-ddb3350e19a5}</Data>\n<Data Name=\"OriginalActivityId\">{2698178d-fdad-40ae-9d3c-1371703adc5b}</Data>\n<Data Name=\"DiagnosticModuleImageName\">%SystemRoot%\\system32\\diagperf.dll</Data>\n<Data Name=\"DiagnosticModuleId\">{15fba3b8-a37a-4f91-bdba-fbb98fe804bf}</Data>\n</EventData>\n</Event>\n"
  },
  {
    "EventID": 100,
    "Timestamp": "2014-02-07 12:37:11.826126+00:00",
    "Computer": "IACIS-HDD-2014",
    "Channel": "Microsoft-Windows-Diagnosis-DPS/Operational",
    "Level": "Information",
    "EventData": {
      "ScenarioId": "{86432a0b-3c7d-4ddf-a89c-172faa90485d}",
      "InstanceId": "{e6a925b0-4305-45fb-86c5-5f664539db93}",
      "OriginalActivityId": "{86432a0b-3c7d-4ddf-a89c-172faa90485d}",
      "DiagnosticModuleImageName": "%SystemRoot%\\system32\\diagperf.dll",
      "DiagnosticModuleId": "{c8544339-5be9-4f25-862e-485f1b1a6935}"
    },
    "RawXml": "<Event xmlns=\"http://schemas.microsoft.com/win/2004/08/events/event\"><System><Provider Name=\"Microsoft-Windows-Diagnosis-DPS\" Guid=\"{6bba3851-2c7e-4dea-8f54-31e5afd029e3}\"></Provider>\n<EventID Qualifiers=\"\">100</EventID>\n<Version>0</Version>\n<Level>4</Level>\n<Task>1</Task>\n<Opcode>12</Opcode>\n<Keywords>0x4000000800000000</Keywords>\n<TimeCreated SystemTime=\"2014-02-07 12:37:11.826126+00:00\"></TimeCreated>\n<EventRecordID>240</EventRecordID>\n<Correlation ActivityID=\"{e6a925b0-4305-45fb-86c5-5f664539db93}\" RelatedActivityID=\"\"></Correlation>\n<Execution ProcessID=\"1336\" ThreadID=\"1948\"></Execution>\n<Channel>Microsoft-Windows-Diagnosis-DPS/Operational</Channel>\n<Computer>IACIS-HDD-2014</Computer>\n<Security UserID=\"S-1-5-19\"></Security>\n</System>\n<EventData><Data Name=\"ScenarioId\">{86432a0b-3c7d-4ddf-a89c-172faa90485d}</Data>\n<Data Name=\"InstanceId\">{e6a925b0-4305-45fb-86c5-5f664539db93}</Data>\n<Data Name=\"OriginalActivityId\">{86432a0b-3c7d-4ddf-a89c-172faa90485d}</Data>\n<Data Name=\"DiagnosticModuleImageName\">%SystemRoot%\\system32\\diagperf.dll</Data>\n<Data Name=\"DiagnosticModuleId\">{c8544339-5be9-4f25-862e-485f1b1a6935}</Data>\n</EventData>\n</Event>\n"
  },
  {
    "EventID": 105,
    "Timestamp": "2014-02-07 12:37:11.826126+00:00",
    "Computer": "IACIS-HDD-2014",
    "Channel": "Microsoft-Windows-Diagnosis-DPS/Operational",
    "Level": "Information",
    "EventData": {
      "ScenarioId": "{86432a0b-3c7d-4ddf-a89c-172faa90485d}",
      "InstanceId": "{e6a925b0-4305-45fb-86c5-5f664539db93}",
      "OriginalActivityId": "{86432a0b-3c7d-4ddf-a89c-172faa90485d}",
      "DiagnosticModuleImageName": "%SystemRoot%\\system32\\diagperf.dll",
      "DiagnosticModuleId": "{c8544339-5be9-4f25-862e-485f1b1a6935}"
    },
    "RawXml": "<Event xmlns=\"http://schemas.microsoft.com/win/2004/08/events/event\"><System><Provider Name=\"Microsoft-Windows-Diagnosis-DPS\" Guid=\"{6bba3851-2c7e-4dea-8f54-31e5afd029e3}\"></Provider>\n<EventID Qualifiers=\"\">105</EventID>\n<Version>0</Version>\n<Level>4</Level>\n<Task>1</Task>\n<Opcode>13</Opcode>\n<Keywords>0x4000000800000000</Keywords>\n<TimeCreated SystemTime=\"2014-02-07 12:37:11.826126+00:00\"></TimeCreated>\n<EventRecordID>241</EventRecordID>\n<Correlation ActivityID=\"{e6a925b0-4305-45fb-86c5-5f664539db93}\" RelatedActivityID=\"\"></Correlation>\n<Execution ProcessID=\"1336\" ThreadID=\"1948\"></Execution>\n<Channel>Microsoft-Windows-Diagnosis-DPS/Operational</Channel>\n<Computer>IACIS-HDD-2014</Computer>\n<Security UserID=\"S-1-5-19\"></Security>\n</System>\n<EventData><Data Name=\"ScenarioId\">{86432a0b-3c7d-4ddf-a89c-172faa90485d}</Data>\n<Data Name=\"InstanceId\">{e6a925b0-4305-45fb-86c5-5f664539db93}</Data>\n<Data Name=\"OriginalActivityId\">{86432a0b-3c7d-4ddf-a89c-172faa90485d}</Data>\n<Data Name=\"DiagnosticModuleImageName\">%SystemRoot%\\system32\\diagperf.dll</Data>\n<Data Name=\"DiagnosticModuleId\">{c8544339-5be9-4f25-862e-485f1b1a6935}</Data>\n</EventData>\n</Event>\n"
  },
  {
    "EventID": 110,
    "Timestamp": "2014-02-07 12:37:13.464128+00:00",
    "Computer": "IACIS-HDD-2014",
    "Channel": "Microsoft-Windows-Diagnosis-DPS/Operational",
    "Level": "Information",
    "EventData": {
      "ScenarioId": "{86432a0b-3c7d-4ddf-a89c-172faa90485d}",
      "InstanceId": "{e6a925b0-4305-45fb-86c5-5f664539db93}",
      "OriginalActivityId": "{86432a0b-3c7d-4ddf-a89c-172faa90485d}",
      "DiagnosticModuleImageName": "%SystemRoot%\\system32\\diagperf.dll",
      "DiagnosticModuleId": "{c8544339-5be9-4f25-862e-485f1b1a6935}"
    },
    "RawXml": "<Event xmlns=\"http://schemas.microsoft.com/win/2004/08/events/event\"><System><Provider Name=\"Microsoft-Windows-Diagnosis-DPS\" Guid=\"{6bba3851-2c7e-4dea-8f54-31e5afd029e3}\"></Provider>\n<EventID Qualifiers=\"\">110</EventID>\n<Version>0</Version>\n<Level>4</Level>\n<Task>1</Task>\n<Opcode>14</Opcode>\n<Keywords>0x4000000800000000</Keywords>\n<TimeCreated SystemTime=\"2014-02-07 12:37:13.464128+00:00\"></TimeCreated>\n<EventRecordID>242</EventRecordID>\n<Correlation ActivityID=\"{e6a925b0-4305-45fb-86c5-5f664539db93}\" RelatedActivityID=\"\"></Correlation>\n<Execution ProcessID=\"1336\" ThreadID=\"1948\"></Execution>\n<Channel>Microsoft-Windows-Diagnosis-DPS/Operational</Channel>\n<Computer>IACIS-HDD-2014</Computer>\n<Security UserID=\"S-1-5-19\"></Security>\n</System>\n<EventData><Data Name=\"ScenarioId\">{86432a0b-3c7d-4ddf-a89c-172faa90485d}</Data>\n<Data Name=\"InstanceId\">{e6a925b0-4305-45fb-86c5-5f664539db93}</Data>\n<Data Name=\"OriginalActivityId\">{86432a0b-3c7d-4ddf-a89c-172faa90485d}</Data>\n<Data Name=\"DiagnosticModuleImageName\">%SystemRoot%\\system32\\diagperf.dll</Data>\n<Data Name=\"DiagnosticModuleId\">{c8544339-5be9-4f25-862e-485f1b1a6935}</Data>\n</EventData>\n</Event>\n"
  },
  {
    "EventID": 110,
    "Timestamp": "2014-02-07 12:37:14.119331+00:00",
    "Computer": "IACIS-HDD-2014",
    "Channel": "Microsoft-Windows-Diagnosis-DPS/Operational",
    "Level": "Information",
    "EventData": {
      "ScenarioId": "{2698178d-fdad-40ae-9d3c-1371703adc5b}",
      "InstanceId": "{4b0b9de3-fe4e-486c-bee1-ddb3350e19a5}",
      "OriginalActivityId": "{2698178d-fdad-40ae-9d3c-1371703adc5b}",
      "DiagnosticModuleImageName": "%SystemRoot%\\system32\\diagperf.dll",
      "DiagnosticModuleId": "{15fba3b8-a37a-4f91-bdba-fbb98fe804bf}"
    },
    "RawXml": "<Event xmlns=\"http://schemas.microsoft.com/win/2004/08/events/event\"><System><Provider Name=\"Microsoft-Windows-Diagnosis-DPS\" Guid=\"{6bba3851-2c7e-4dea-8f54-31e5afd029e3}\"></Provider>\n<EventID Qualifiers=\"\">110</EventID>\n<Version>0</Version>\n<Level>4</Level>\n<Task>1</Task>\n<Opcode>14</Opcode>\n<Keywords>0x4000000800000000</Keywords>\n<TimeCreated SystemTime=\"2014-02-07 12:37:14.119331+00:00\"></TimeCreated>\n<EventRecordID>243</EventRecordID>\n<Correlation ActivityID=\"{4b0b9de3-fe4e-486c-bee1-ddb3350e19a5}\" RelatedActivityID=\"\"></Correlation>\n<Execution ProcessID=\"1336\" ThreadID=\"1948\"></Execution>\n<Channel>Microsoft-Windows-Diagnosis-DPS/Operational</Channel>\n<Computer>IACIS-HDD-2014</Computer>\n<Security UserID=\"S-1-5-19\"></Security>\n</System>\n<EventData><Data Name=\"ScenarioId\">{2698178d-fdad-40ae-9d3c-1371703adc5b}</Data>\n<Data Name=\"InstanceId\">{4b0b9de3-fe4e-486c-bee1-ddb3350e19a5}</Data>\n<Data Name=\"OriginalActivityId\">{2698178d-fdad-40ae-9d3c-1371703adc5b}</Data>\n<Data Name=\"DiagnosticModuleImageName\">%SystemRoot%\\system32\\diagperf.dll</Data>\n<Data Name=\"DiagnosticModuleId\">{15fba3b8-a37a-4f91-bdba-fbb98fe804bf}</Data>\n</EventData>\n</Event>\n"
  },
  {
    "EventID": 100,
    "Timestamp": "2014-02-07 14:21:28.049519+00:00",
    "Computer": "IACIS-HDD-2014",
    "Channel": "Microsoft-Windows-Diagnosis-DPS/Operational",
    "Level": "Information",
    "EventData": {
      "ScenarioId": "{3af8b24a-c441-4fa4-8c5c-bed591bfa867}",
      "InstanceId": "{6841335f-fbaa-4b1a-a21d-9e40f5fc8eb0}",
      "OriginalActivityId": "{00000000-0000-0000-0000-000000000000}",
      "DiagnosticModuleImageName": "%windir%\\system32\\radardt.dll",
      "DiagnosticModuleId": "{e4cd2e3e-3852-4952-b76b-23bb8e35d344}"
    },
    "RawXml": "<Event xmlns=\"http://schemas.microsoft.com/win/2004/08/events/event\"><System><Provider Name=\"Microsoft-Windows-Diagnosis-DPS\" Guid=\"{6bba3851-2c7e-4dea-8f54-31e5afd029e3}\"></Provider>\n<EventID Qualifiers=\"\">100</EventID>\n<Version>0</Version>\n<Level>4</Level>\n<Task>1</Task>\n<Opcode>12</Opcode>\n<Keywords>0x4000000800000000</Keywords>\n<TimeCreated SystemTime=\"2014-02-07 14:21:28.049519+00:00\"></TimeCreated>\n<EventRecordID>244</EventRecordID>\n<Correlation ActivityID=\"{6841335f-fbaa-4b1a-a21d-9e40f5fc8eb0}\" RelatedActivityID=\"\"></Correlation>\n<Execution ProcessID=\"1336\" ThreadID=\"2416\"></Execution>\n<Channel>Microsoft-Windows-Diagnosis-DPS/Operational</Channel>\n<Computer>IACIS-HDD-2014</Computer>\n<Security UserID=\"S-1-5-19\"></Security>\n</System>\n<EventData><Data Name=\"ScenarioId\">{3af8b24a-c441-4fa4-8c5c-bed591bfa867}</Data>\n<Data Name=\"InstanceId\">{6841335f-fbaa-4b1a-a21d-9e40f5fc8eb0}</Data>\n<Data Name=\"OriginalActivityId\">{00000000-0000-0000-0000-000000000000}</Data>\n<Data Name=\"DiagnosticModuleImageName\">%windir%\\system32\\radardt.dll</Data>\n<Data Name=\"DiagnosticModuleId\">{e4cd2e3e-3852-4952-b76b-23bb8e35d344}</Data>\n</EventData>\n</Event>\n"
  },
  {
    "EventID": 105,
    "Timestamp": "2014-02-07 14:21:28.049519+00:00",
    "Computer": "IACIS-HDD-2014",
    "Channel": "Microsoft-Windows-Diagnosis-DPS/Operational",
    "Level": "Information",
    "EventData": {
      "ScenarioId": "{3af8b24a-c441-4fa4-8c5c-bed591bfa867}",
      "InstanceId": "{6841335f-fbaa-4b1a-a21d-9e40f5fc8eb0}",
      "OriginalActivityId": "{00000000-0000-0000-0000-000000000000}",
      "DiagnosticModuleImageName": "%windir%\\system32\\radardt.dll",
      "DiagnosticModuleId": "{e4cd2e3e-3852-4952-b76b-23bb8e35d344}"
    },
    "RawXml": "<Event xmlns=\"http://schemas.microsoft.com/win/2004/08/events/event\"><System><Provider Name=\"Microsoft-Windows-Diagnosis-DPS\" Guid=\"{6bba3851-2c7e-4dea-8f54-31e5afd029e3}\"></Provider>\n<EventID Qualifiers=\"\">105</EventID>\n<Version>0</Version>\n<Level>4</Level>\n<Task>1</Task>\n<Opcode>13</Opcode>\n<Keywords>0x4000000800000000</Keywords>\n<TimeCreated SystemTime=\"2014-02-07 14:21:28.049519+00:00\"></TimeCreated>\n<EventRecordID>245</EventRecordID>\n<Correlation ActivityID=\"{6841335f-fbaa-4b1a-a21d-9e40f5fc8eb0}\" RelatedActivityID=\"\"></Correlation>\n<Execution ProcessID=\"1336\" ThreadID=\"2416\"></Execution>\n<Channel>Microsoft-Windows-Diagnosis-DPS/Operational</Channel>\n<Computer>IACIS-HDD-2014</Computer>\n<Security UserID=\"S-1-5-19\"></Security>\n</System>\n<EventData><Data Name=\"ScenarioId\">{3af8b24a-c441-4fa4-8c5c-bed591bfa867}</Data>\n<Data Name=\"InstanceId\">{6841335f-fbaa-4b1a-a21d-9e40f5fc8eb0}</Data>\n<Data Name=\"OriginalActivityId\">{00000000-0000-0000-0000-000000000000}</Data>\n<Data Name=\"DiagnosticModuleImageName\">%windir%\\system32\\radardt.dll</Data>\n<Data Name=\"DiagnosticModuleId\">{e4cd2e3e-3852-4952-b76b-23bb8e35d344}</Data>\n</EventData>\n</Event>\n"
  },
  {
    "EventID": 100,
    "Timestamp": "2014-02-07 14:27:01.807806+00:00",
    "Computer": "IACIS-HDD-2014",
    "Channel": "Microsoft-Windows-Diagnosis-DPS/Operational",
    "Level": "Information",
    "EventData": {
      "ScenarioId": "{3af8b24a-c441-4fa4-8c5c-bed591bfa867}",
      "InstanceId": "{9f139603-67bf-439f-b44c-f952592289a2}",
      "OriginalActivityId": "{00000000-0000-0000-0000-000000000000}",
      "DiagnosticModuleImageName": "%windir%\\system32\\radardt.dll",
      "DiagnosticModuleId": "{e4cd2e3e-3852-4952-b76b-23bb8e35d344}"
    },
    "RawXml": "<Event xmlns=\"http://schemas.microsoft.com/win/2004/08/events/event\"><System><Provider Name=\"Microsoft-Windows-Diagnosis-DPS\" Guid=\"{6bba3851-2c7e-4dea-8f54-31e5afd029e3}\"></Provider>\n<EventID Qualifiers=\"\">100</EventID>\n<Version>0</Version>\n<Level>4</Level>\n<Task>1</Task>\n<Opcode>12</Opcode>\n<Keywords>0x4000000800000000</Keywords>\n<TimeCreated SystemTime=\"2014-02-07 14:27:01.807806+00:00\"></TimeCreated>\n<EventRecordID>246</EventRecordID>\n<Correlation ActivityID=\"{9f139603-67bf-439f-b44c-f952592289a2}\" RelatedActivityID=\"\"></Correlation>\n<Execution ProcessID=\"1336\" ThreadID=\"2416\"></Execution>\n<Channel>Microsoft-Windows-Diagnosis-DPS/Operational</Channel>\n<Computer>IACIS-HDD-2014</Computer>\n<Security UserID=\"S-1-5-19\"></Security>\n</System>\n<EventData><Data Name=\"ScenarioId\">{3af8b24a-c441-4fa4-8c5c-bed591bfa867}</Data>\n<Data Name=\"InstanceId\">{9f139603-67bf-439f-b44c-f952592289a2}</Data>\n<Data Name=\"OriginalActivityId\">{00000000-0000-0000-0000-000000000000}</Data>\n<Data Name=\"DiagnosticModuleImageName\">%windir%\\system32\\radardt.dll</Data>\n<Data Name=\"DiagnosticModuleId\">{e4cd2e3e-3852-4952-b76b-23bb8e35d344}</Data>\n</EventData>\n</Event>\n"
  },
  {
    "EventID": 105,
    "Timestamp": "2014-02-07 14:27:01.807806+00:00",
    "Computer": "IACIS-HDD-2014",
    "Channel": "Microsoft-Windows-Diagnosis-DPS/Operational",
    "Level": "Information",
    "EventData": {
      "ScenarioId": "{3af8b24a-c441-4fa4-8c5c-bed591bfa867}",
      "InstanceId": "{9f139603-67bf-439f-b44c-f952592289a2}",
      "OriginalActivityId": "{00000000-0000-0000-0000-000000000000}",
      "DiagnosticModuleImageName": "%windir%\\system32\\radardt.dll",
      "DiagnosticModuleId": "{e4cd2e3e-3852-4952-b76b-23bb8e35d344}"
    },
    "RawXml": "<Event xmlns=\"http://schemas.microsoft.com/win/2004/08/events/event\"><System><Provider Name=\"Microsoft-Windows-Diagnosis-DPS\" Guid=\"{6bba3851-2c7e-4dea-8f54-31e5afd029e3}\"></Provider>\n<EventID Qualifiers=\"\">105</EventID>\n<Version>0</Version>\n<Level>4</Level>\n<Task>1</Task>\n<Opcode>13</Opcode>\n<Keywords>0x4000000800000000</Keywords>\n<TimeCreated SystemTime=\"2014-02-07 14:27:01.807806+00:00\"></TimeCreated>\n<EventRecordID>247</EventRecordID>\n<Correlation ActivityID=\"{9f139603-67bf-439f-b44c-f952592289a2}\" RelatedActivityID=\"\"></Correlation>\n<Execution ProcessID=\"1336\" ThreadID=\"2416\"></Execution>\n<Channel>Microsoft-Windows-Diagnosis-DPS/Operational</Channel>\n<Computer>IACIS-HDD-2014</Computer>\n<Security UserID=\"S-1-5-19\"></Security>\n</System>\n<EventData><Data Name=\"ScenarioId\">{3af8b24a-c441-4fa4-8c5c-bed591bfa867}</Data>\n<Data Name=\"InstanceId\">{9f139603-67bf-439f-b44c-f952592289a2}</Data>\n<Data Name=\"OriginalActivityId\">{00000000-0000-0000-0000-000000000000}</Data>\n<Data Name=\"DiagnosticModuleImageName\">%windir%\\system32\\radardt.dll</Data>\n<Data Name=\"DiagnosticModuleId\">{e4cd2e3e-3852-4952-b76b-23bb8e35d344}</Data>\n</EventData>\n</Event>\n"
  },
  {
    "EventID": 100,
    "Timestamp": "2014-02-07 15:10:39.814837+00:00",
    "Computer": "IACIS-HDD-2014",
    "Channel": "Microsoft-Windows-Diagnosis-DPS/Operational",
    "Level": "Information",
    "EventData": {
      "ScenarioId": "{3af8b24a-c441-4fa4-8c5c-bed591bfa867}",
      "InstanceId": "{30829b21-74c8-43b0-b907-900e6d551fe1}",
      "OriginalActivityId": "{00000000-0000-0000-0000-000000000000}",
      "DiagnosticModuleImageName": "%windir%\\system32\\radardt.dll",
      "DiagnosticModuleId": "{e4cd2e3e-3852-4952-b76b-23bb8e35d344}"
    },
    "RawXml": "<Event xmlns=\"http://schemas.microsoft.com/win/2004/08/events/event\"><System><Provider Name=\"Microsoft-Windows-Diagnosis-DPS\" Guid=\"{6bba3851-2c7e-4dea-8f54-31e5afd029e3}\"></Provider>\n<EventID Qualifiers=\"\">100</EventID>\n<Version>0</Version>\n<Level>4</Level>\n<Task>1</Task>\n<Opcode>12</Opcode>\n<Keywords>0x4000000800000000</Keywords>\n<TimeCreated SystemTime=\"2014-02-07 15:10:39.814837+00:00\"></TimeCreated>\n<EventRecordID>248</EventRecordID>\n<Correlation ActivityID=\"{30829b21-74c8-43b0-b907-900e6d551fe1}\" RelatedActivityID=\"\"></Correlation>\n<Execution ProcessID=\"1336\" ThreadID=\"1508\"></Execution>\n<Channel>Microsoft-Windows-Diagnosis-DPS/Operational</Channel>\n<Computer>IACIS-HDD-2014</Computer>\n<Security UserID=\"S-1-5-19\"></Security>\n</System>\n<EventData><Data Name=\"ScenarioId\">{3af8b24a-c441-4fa4-8c5c-bed591bfa867}</Data>\n<Data Name=\"InstanceId\">{30829b21-74c8-43b0-b907-900e6d551fe1}</Data>\n<Data Name=\"OriginalActivityId\">{00000000-0000-0000-0000-000000000000}</Data>\n<Data Name=\"DiagnosticModuleImageName\">%windir%\\system32\\radardt.dll</Data>\n<Data Name=\"DiagnosticModuleId\">{e4cd2e3e-3852-4952-b76b-23bb8e35d344}</Data>\n</EventData>\n</Event>\n"
  },
  {
    "EventID": 105,
    "Timestamp": "2014-02-07 15:10:39.814837+00:00",
    "Computer": "IACIS-HDD-2014",
    "Channel": "Microsoft-Windows-Diagnosis-DPS/Operational",
    "Level": "Information",
    "EventData": {
      "ScenarioId": "{3af8b24a-c441-4fa4-8c5c-bed591bfa867}",
      "InstanceId": "{30829b21-74c8-43b0-b907-900e6d551fe1}",
      "OriginalActivityId": "{00000000-0000-0000-0000-000000000000}",
      "DiagnosticModuleImageName": "%windir%\\system32\\radardt.dll",
      "DiagnosticModuleId": "{e4cd2e3e-3852-4952-b76b-23bb8e35d344}"
    },
    "RawXml": "<Event xmlns=\"http://schemas.microsoft.com/win/2004/08/events/event\"><System><Provider Name=\"Microsoft-Windows-Diagnosis-DPS\" Guid=\"{6bba3851-2c7e-4dea-8f54-31e5afd029e3}\"></Provider>\n<EventID Qualifiers=\"\">105</EventID>\n<Version>0</Version>\n<Level>4</Level>\n<Task>1</Task>\n<Opcode>13</Opcode>\n<Keywords>0x4000000800000000</Keywords>\n<TimeCreated SystemTime=\"2014-02-07 15:10:39.814837+00:00\"></TimeCreated>\n<EventRecordID>249</EventRecordID>\n<Correlation ActivityID=\"{30829b21-74c8-43b0-b907-900e6d551fe1}\" RelatedActivityID=\"\"></Correlation>\n<Execution ProcessID=\"1336\" ThreadID=\"1508\"></Execution>\n<Channel>Microsoft-Windows-Diagnosis-DPS/Operational</Channel>\n<Computer>IACIS-HDD-2014</Computer>\n<Security UserID=\"S-1-5-19\"></Security>\n</System>\n<EventData><Data Name=\"ScenarioId\">{3af8b24a-c441-4fa4-8c5c-bed591bfa867}</Data>\n<Data Name=\"InstanceId\">{30829b21-74c8-43b0-b907-900e6d551fe1}</Data>\n<Data Name=\"OriginalActivityId\">{00000000-0000-0000-0000-000000000000}</Data>\n<Data Name=\"DiagnosticModuleImageName\">%windir%\\system32\\radardt.dll</Data>\n<Data Name=\"DiagnosticModuleId\">{e4cd2e3e-3852-4952-b76b-23bb8e35d344}</Data>\n</EventData>\n</Event>\n"
  },
  {
    "EventID": 100,
    "Timestamp": "2014-02-07 16:51:55.255667+00:00",
    "Computer": "IACIS-HDD-2014",
    "Channel": "Microsoft-Windows-Diagnosis-DPS/Operational",
    "Level": "Information",
    "EventData": {
      "ScenarioId": "{2698178d-fdad-40ae-9d3c-1371703adc5b}",
      "InstanceId": "{a57b3f4f-e5c9-45f0-8e7e-d4d981f94721}",
      "OriginalActivityId": "{2698178d-fdad-40ae-9d3c-1371703adc5b}",
      "DiagnosticModuleImageName": "%SystemRoot%\\system32\\diagperf.dll",
      "DiagnosticModuleId": "{15fba3b8-a37a-4f91-bdba-fbb98fe804bf}"
    },
    "RawXml": "<Event xmlns=\"http://schemas.microsoft.com/win/2004/08/events/event\"><System><Provider Name=\"Microsoft-Windows-Diagnosis-DPS\" Guid=\"{6bba3851-2c7e-4dea-8f54-31e5afd029e3}\"></Provider>\n<EventID Qualifiers=\"\">100</EventID>\n<Version>0</Version>\n<Level>4</Level>\n<Task>1</Task>\n<Opcode>12</Opcode>\n<Keywords>0x4000000800000000</Keywords>\n<TimeCreated SystemTime=\"2014-02-07 16:51:55.255667+00:00\"></TimeCreated>\n<EventRecordID>250</EventRecordID>\n<Correlation ActivityID=\"{a57b3f4f-e5c9-45f0-8e7e-d4d981f94721}\" RelatedActivityID=\"\"></Correlation>\n<Execution ProcessID=\"1244\" ThreadID=\"1796\"></Execution>\n<Channel>Microsoft-Windows-Diagnosis-DPS/Operational</Channel>\n<Computer>IACIS-HDD-2014</Computer>\n<Security UserID=\"S-1-5-19\"></Security>\n</System>\n<EventData><Data Name=\"ScenarioId\">{2698178d-fdad-40ae-9d3c-1371703adc5b}</Data>\n<Data Name=\"InstanceId\">{a57b3f4f-e5c9-45f0-8e7e-d4d981f94721}</Data>\n<Data Name=\"OriginalActivityId\">{2698178d-fdad-40ae-9d3c-1371703adc5b}</Data>\n<Data Name=\"DiagnosticModuleImageName\">%SystemRoot%\\system32\\diagperf.dll</Data>\n<Data Name=\"DiagnosticModuleId\">{15fba3b8-a37a-4f91-bdba-fbb98fe804bf}</Data>\n</EventData>\n</Event>\n"
  },
  {
    "EventID": 105,
    "Timestamp": "2014-02-07 16:51:55.255667+00:00",
    "Computer": "IACIS-HDD-2014",
    "Channel": "Microsoft-Windows-Diagnosis-DPS/Operational",
    "Level": "Information",
    "EventData": {
      "ScenarioId": "{2698178d-fdad-40ae-9d3c-1371703adc5b}",
      "InstanceId": "{a57b3f4f-e5c9-45f0-8e7e-d4d981f94721}",
      "OriginalActivityId": "{2698178d-fdad-40ae-9d3c-1371703adc5b}",
      "DiagnosticModuleImageName": "%SystemRoot%\\system32\\diagperf.dll",
      "DiagnosticModuleId": "{15fba3b8-a37a-4f91-bdba-fbb98fe804bf}"
    },
    "RawXml": "<Event xmlns=\"http://schemas.microsoft.com/win/2004/08/events/event\"><System><Provider Name=\"Microsoft-Windows-Diagnosis-DPS\" Guid=\"{6bba3851-2c7e-4dea-8f54-31e5afd029e3}\"></Provider>\n<EventID Qualifiers=\"\">105</EventID>\n<Version>0</Version>\n<Level>4</Level>\n<Task>1</Task>\n<Opcode>13</Opcode>\n<Keywords>0x4000000800000000</Keywords>\n<TimeCreated SystemTime=\"2014-02-07 16:51:55.255667+00:00\"></TimeCreated>\n<EventRecordID>251</EventRecordID>\n<Correlation ActivityID=\"{a57b3f4f-e5c9-45f0-8e7e-d4d981f94721}\" RelatedActivityID=\"\"></Correlation>\n<Execution ProcessID=\"1244\" ThreadID=\"1796\"></Execution>\n<Channel>Microsoft-Windows-Diagnosis-DPS/Operational</Channel>\n<Computer>IACIS-HDD-2014</Computer>\n<Security UserID=\"S-1-5-19\"></Security>\n</System>\n<EventData><Data Name=\"ScenarioId\">{2698178d-fdad-40ae-9d3c-1371703adc5b}</Data>\n<Data Name=\"InstanceId\">{a57b3f4f-e5c9-45f0-8e7e-d4d981f94721}</Data>\n<Data Name=\"OriginalActivityId\">{2698178d-fdad-40ae-9d3c-1371703adc5b}</Data>\n<Data Name=\"DiagnosticModuleImageName\">%SystemRoot%\\system32\\diagperf.dll</Data>\n<Data Name=\"DiagnosticModuleId\">{15fba3b8-a37a-4f91-bdba-fbb98fe804bf}</Data>\n</EventData>\n</Event>\n"
  },
  {
    "EventID": 100,
    "Timestamp": "2014-02-10 14:49:52.807848+00:00",
    "Computer": "IACIS-HDD-2014",
    "Channel": "Microsoft-Windows-Diagnosis-DPS/Operational",
    "Level": "Information",
    "EventData": {
      "ScenarioId": "{2698178d-fdad-40ae-9d3c-1371703adc5b}",
      "InstanceId": "{5f45b962-5bf1-4e1c-b78a-058443cd361b}",
      "OriginalActivityId": "{2698178d-fdad-40ae-9d3c-1371703adc5b}",
      "DiagnosticModuleImageName": "%SystemRoot%\\system32\\diagperf.dll",
      "DiagnosticModuleId": "{15fba3b8-a37a-4f91-bdba-fbb98fe804bf}"
    },
    "RawXml": "<Event xmlns=\"http://schemas.microsoft.com/win/2004/08/events/event\"><System><Provider Name=\"Microsoft-Windows-Diagnosis-DPS\" Guid=\"{6bba3851-2c7e-4dea-8f54-31e5afd029e3}\"></Provider>\n<EventID Qualifiers=\"\">100</EventID>\n<Version>0</Version>\n<Level>4</Level>\n<Task>1</Task>\n<Opcode>12</Opcode>\n<Keywords>0x4000000800000000</Keywords>\n<TimeCreated SystemTime=\"2014-02-10 14:49:52.807848+00:00\"></TimeCreated>\n<EventRecordID>252</EventRecordID>\n<Correlation ActivityID=\"{5f45b962-5bf1-4e1c-b78a-058443cd361b}\" RelatedActivityID=\"\"></Correlation>\n<Execution ProcessID=\"1320\" ThreadID=\"1228\"></Execution>\n<Channel>Microsoft-Windows-Diagnosis-DPS/Operational</Channel>\n<Computer>IACIS-HDD-2014</Computer>\n<Security UserID=\"S-1-5-19\"></Security>\n</System>\n<EventData><Data Name=\"ScenarioId\">{2698178d-fdad-40ae-9d3c-1371703adc5b}</Data>\n<Data Name=\"InstanceId\">{5f45b962-5bf1-4e1c-b78a-058443cd361b}</Data>\n<Data Name=\"OriginalActivityId\">{2698178d-fdad-40ae-9d3c-1371703adc5b}</Data>\n<Data Name=\"DiagnosticModuleImageName\">%SystemRoot%\\system32\\diagperf.dll</Data>\n<Data Name=\"DiagnosticModuleId\">{15fba3b8-a37a-4f91-bdba-fbb98fe804bf}</Data>\n</EventData>\n</Event>\n"
  },
  {
    "EventID": 105,
    "Timestamp": "2014-02-10 14:49:52.807848+00:00",
    "Computer": "IACIS-HDD-2014",
    "Channel": "Microsoft-Windows-Diagnosis-DPS/Operational",
    "Level": "Information",
    "EventData": {
      "ScenarioId": "{2698178d-fdad-40ae-9d3c-1371703adc5b}",
      "InstanceId": "{5f45b962-5bf1-4e1c-b78a-058443cd361b}",
      "OriginalActivityId": "{2698178d-fdad-40ae-9d3c-1371703adc5b}",
      "DiagnosticModuleImageName": "%SystemRoot%\\system32\\diagperf.dll",
      "DiagnosticModuleId": "{15fba3b8-a37a-4f91-bdba-fbb98fe804bf}"
    },
    "RawXml": "<Event xmlns=\"http://schemas.microsoft.com/win/2004/08/events/event\"><System><Provider Name=\"Microsoft-Windows-Diagnosis-DPS\" Guid=\"{6bba3851-2c7e-4dea-8f54-31e5afd029e3}\"></Provider>\n<EventID Qualifiers=\"\">105</EventID>\n<Version>0</Version>\n<Level>4</Level>\n<Task>1</Task>\n<Opcode>13</Opcode>\n<Keywords>0x4000000800000000</Keywords>\n<TimeCreated SystemTime=\"2014-02-10 14:49:52.807848+00:00\"></TimeCreated>\n<EventRecordID>253</EventRecordID>\n<Correlation ActivityID=\"{5f45b962-5bf1-4e1c-b78a-058443cd361b}\" RelatedActivityID=\"\"></Correlation>\n<Execution ProcessID=\"1320\" ThreadID=\"1228\"></Execution>\n<Channel>Microsoft-Windows-Diagnosis-DPS/Operational</Channel>\n<Computer>IACIS-HDD-2014</Computer>\n<Security UserID=\"S-1-5-19\"></Security>\n</System>\n<EventData><Data Name=\"ScenarioId\">{2698178d-fdad-40ae-9d3c-1371703adc5b}</Data>\n<Data Name=\"InstanceId\">{5f45b962-5bf1-4e1c-b78a-058443cd361b}</Data>\n<Data Name=\"OriginalActivityId\">{2698178d-fdad-40ae-9d3c-1371703adc5b}</Data>\n<Data Name=\"DiagnosticModuleImageName\">%SystemRoot%\\system32\\diagperf.dll</Data>\n<Data Name=\"DiagnosticModuleId\">{15fba3b8-a37a-4f91-bdba-fbb98fe804bf}</Data>\n</EventData>\n</Event>\n"
  },
  {
    "EventID": 100,
    "Timestamp": "2014-02-10 14:52:25.885370+00:00",
    "Computer": "IACIS-HDD-2014",
    "Channel": "Microsoft-Windows-Diagnosis-DPS/Operational",
    "Level": "Information",
    "EventData": {
      "ScenarioId": "{86432a0b-3c7d-4ddf-a89c-172faa90485d}",
      "InstanceId": "{592d6fa0-1b25-468b-ac46-6b38e5a58478}",
      "OriginalActivityId": "{86432a0b-3c7d-4ddf-a89c-172faa90485d}",
      "DiagnosticModuleImageName": "%SystemRoot%\\system32\\diagperf.dll",
      "DiagnosticModuleId": "{c8544339-5be9-4f25-862e-485f1b1a6935}"
    },
    "RawXml": "<Event xmlns=\"http://schemas.microsoft.com/win/2004/08/events/event\"><System><Provider Name=\"Microsoft-Windows-Diagnosis-DPS\" Guid=\"{6bba3851-2c7e-4dea-8f54-31e5afd029e3}\"></Provider>\n<EventID Qualifiers=\"\">100</EventID>\n<Version>0</Version>\n<Level>4</Level>\n<Task>1</Task>\n<Opcode>12</Opcode>\n<Keywords>0x4000000800000000</Keywords>\n<TimeCreated SystemTime=\"2014-02-10 14:52:25.885370+00:00\"></TimeCreated>\n<EventRecordID>254</EventRecordID>\n<Correlation ActivityID=\"{592d6fa0-1b25-468b-ac46-6b38e5a58478}\" RelatedActivityID=\"\"></Correlation>\n<Execution ProcessID=\"1320\" ThreadID=\"1340\"></Execution>\n<Channel>Microsoft-Windows-Diagnosis-DPS/Operational</Channel>\n<Computer>IACIS-HDD-2014</Computer>\n<Security UserID=\"S-1-5-19\"></Security>\n</System>\n<EventData><Data Name=\"ScenarioId\">{86432a0b-3c7d-4ddf-a89c-172faa90485d}</Data>\n<Data Name=\"InstanceId\">{592d6fa0-1b25-468b-ac46-6b38e5a58478}</Data>\n<Data Name=\"OriginalActivityId\">{86432a0b-3c7d-4ddf-a89c-172faa90485d}</Data>\n<Data Name=\"DiagnosticModuleImageName\">%SystemRoot%\\system32\\diagperf.dll</Data>\n<Data Name=\"DiagnosticModuleId\">{c8544339-5be9-4f25-862e-485f1b1a6935}</Data>\n</EventData>\n</Event>\n"
  },
  {
    "EventID": 105,
    "Timestamp": "2014-02-10 14:52:25.885370+00:00",
    "Computer": "IACIS-HDD-2014",
    "Channel": "Microsoft-Windows-Diagnosis-DPS/Operational",
    "Level": "Information",
    "EventData": {
      "ScenarioId": "{86432a0b-3c7d-4ddf-a89c-172faa90485d}",
      "InstanceId": "{592d6fa0-1b25-468b-ac46-6b38e5a58478}",
      "OriginalActivityId": "{86432a0b-3c7d-4ddf-a89c-172faa90485d}",
      "DiagnosticModuleImageName": "%SystemRoot%\\system32\\diagperf.dll",
      "DiagnosticModuleId": "{c8544339-5be9-4f25-862e-485f1b1a6935}"
    },
    "RawXml": "<Event xmlns=\"http://schemas.microsoft.com/win/2004/08/events/event\"><System><Provider Name=\"Microsoft-Windows-Diagnosis-DPS\" Guid=\"{6bba3851-2c7e-4dea-8f54-31e5afd029e3}\"></Provider>\n<EventID Qualifiers=\"\">105</EventID>\n<Version>0</Version>\n<Level>4</Level>\n<Task>1</Task>\n<Opcode>13</Opcode>\n<Keywords>0x4000000800000000</Keywords>\n<TimeCreated SystemTime=\"2014-02-10 14:52:25.885370+00:00\"></TimeCreated>\n<EventRecordID>255</EventRecordID>\n<Correlation ActivityID=\"{592d6fa0-1b25-468b-ac46-6b38e5a58478}\" RelatedActivityID=\"\"></Correlation>\n<Execution ProcessID=\"1320\" ThreadID=\"1340\"></Execution>\n<Channel>Microsoft-Windows-Diagnosis-DPS/Operational</Channel>\n<Computer>IACIS-HDD-2014</Computer>\n<Security UserID=\"S-1-5-19\"></Security>\n</System>\n<EventData><Data Name=\"ScenarioId\">{86432a0b-3c7d-4ddf-a89c-172faa90485d}</Data>\n<Data Name=\"InstanceId\">{592d6fa0-1b25-468b-ac46-6b38e5a58478}</Data>\n<Data Name=\"OriginalActivityId\">{86432a0b-3c7d-4ddf-a89c-172faa90485d}</Data>\n<Data Name=\"DiagnosticModuleImageName\">%SystemRoot%\\system32\\diagperf.dll</Data>\n<Data Name=\"DiagnosticModuleId\">{c8544339-5be9-4f25-862e-485f1b1a6935}</Data>\n</EventData>\n</Event>\n"
  },
  {
    "EventID": 110,
    "Timestamp": "2014-02-10 14:52:27.005373+00:00",
    "Computer": "IACIS-HDD-2014",
    "Channel": "Microsoft-Windows-Diagnosis-DPS/Operational",
    "Level": "Information",
    "EventData": {
      "ScenarioId": "{2698178d-fdad-40ae-9d3c-1371703adc5b}",
      "InstanceId": "{5f45b962-5bf1-4e1c-b78a-058443cd361b}",
      "OriginalActivityId": "{2698178d-fdad-40ae-9d3c-1371703adc5b}",
      "DiagnosticModuleImageName": "%SystemRoot%\\system32\\diagperf.dll",
      "DiagnosticModuleId": "{15fba3b8-a37a-4f91-bdba-fbb98fe804bf}"
    },
    "RawXml": "<Event xmlns=\"http://schemas.microsoft.com/win/2004/08/events/event\"><System><Provider Name=\"Microsoft-Windows-Diagnosis-DPS\" Guid=\"{6bba3851-2c7e-4dea-8f54-31e5afd029e3}\"></Provider>\n<EventID Qualifiers=\"\">110</EventID>\n<Version>0</Version>\n<Level>4</Level>\n<Task>1</Task>\n<Opcode>14</Opcode>\n<Keywords>0x4000000800000000</Keywords>\n<TimeCreated SystemTime=\"2014-02-10 14:52:27.005373+00:00\"></TimeCreated>\n<EventRecordID>256</EventRecordID>\n<Correlation ActivityID=\"{5f45b962-5bf1-4e1c-b78a-058443cd361b}\" RelatedActivityID=\"\"></Correlation>\n<Execution ProcessID=\"1320\" ThreadID=\"1340\"></Execution>\n<Channel>Microsoft-Windows-Diagnosis-DPS/Operational</Channel>\n<Computer>IACIS-HDD-2014</Computer>\n<Security UserID=\"S-1-5-19\"></Security>\n</System>\n<EventData><Data Name=\"ScenarioId\">{2698178d-fdad-40ae-9d3c-1371703adc5b}</Data>\n<Data Name=\"InstanceId\">{5f45b962-5bf1-4e1c-b78a-058443cd361b}</Data>\n<Data Name=\"OriginalActivityId\">{2698178d-fdad-40ae-9d3c-1371703adc5b}</Data>\n<Data Name=\"DiagnosticModuleImageName\">%SystemRoot%\\system32\\diagperf.dll</Data>\n<Data Name=\"DiagnosticModuleId\">{15fba3b8-a37a-4f91-bdba-fbb98fe804bf}</Data>\n</EventData>\n</Event>\n"
  },
  {
    "EventID": 110,
    "Timestamp": "2014-02-10 14:52:27.145372+00:00",
    "Computer": "IACIS-HDD-2014",
    "Channel": "Microsoft-Windows-Diagnosis-DPS/Operational",
    "Level": "Information",
    "EventData": {
      "ScenarioId": "{86432a0b-3c7d-4ddf-a89c-172faa90485d}",
      "InstanceId": "{592d6fa0-1b25-468b-ac46-6b38e5a58478}",
      "OriginalActivityId": "{86432a0b-3c7d-4ddf-a89c-172faa90485d}",
      "DiagnosticModuleImageName": "%SystemRoot%\\system32\\diagperf.dll",
      "DiagnosticModuleId": "{c8544339-5be9-4f25-862e-485f1b1a6935}"
    },
    "RawXml": "<Event xmlns=\"http://schemas.microsoft.com/win/2004/08/events/event\"><System><Provider Name=\"Microsoft-Windows-Diagnosis-DPS\" Guid=\"{6bba3851-2c7e-4dea-8f54-31e5afd029e3}\"></Provider>\n<EventID Qualifiers=\"\">110</EventID>\n<Version>0</Version>\n<Level>4</Level>\n<Task>1</Task>\n<Opcode>14</Opcode>\n<Keywords>0x4000000800000000</Keywords>\n<TimeCreated SystemTime=\"2014-02-10 14:52:27.145372+00:00\"></TimeCreated>\n<EventRecordID>257</EventRecordID>\n<Correlation ActivityID=\"{592d6fa0-1b25-468b-ac46-6b38e5a58478}\" RelatedActivityID=\"\"></Correlation>\n<Execution ProcessID=\"1320\" ThreadID=\"1340\"></Execution>\n<Channel>Microsoft-Windows-Diagnosis-DPS/Operational</Channel>\n<Computer>IACIS-HDD-2014</Computer>\n<Security UserID=\"S-1-5-19\"></Security>\n</System>\n<EventData><Data Name=\"ScenarioId\">{86432a0b-3c7d-4ddf-a89c-172faa90485d}</Data>\n<Data Name=\"InstanceId\">{592d6fa0-1b25-468b-ac46-6b38e5a58478}</Data>\n<Data Name=\"OriginalActivityId\">{86432a0b-3c7d-4ddf-a89c-172faa90485d}</Data>\n<Data Name=\"DiagnosticModuleImageName\">%SystemRoot%\\system32\\diagperf.dll</Data>\n<Data Name=\"DiagnosticModuleId\">{c8544339-5be9-4f25-862e-485f1b1a6935}</Data>\n</EventData>\n</Event>\n"
  },
  {
    "EventID": 100,
    "Timestamp": "2014-02-11 13:24:45.718054+00:00",
    "Computer": "IACIS-HDD-2014",
    "Channel": "Microsoft-Windows-Diagnosis-DPS/Operational",
    "Level": "Information",
    "EventData": {
      "ScenarioId": "{2698178d-fdad-40ae-9d3c-1371703adc5b}",
      "InstanceId": "{109a75d1-2b70-48ad-9a10-bfedd5167063}",
      "OriginalActivityId": "{2698178d-fdad-40ae-9d3c-1371703adc5b}",
      "DiagnosticModuleImageName": "%SystemRoot%\\system32\\diagperf.dll",
      "DiagnosticModuleId": "{15fba3b8-a37a-4f91-bdba-fbb98fe804bf}"
    },
    "RawXml": "<Event xmlns=\"http://schemas.microsoft.com/win/2004/08/events/event\"><System><Provider Name=\"Microsoft-Windows-Diagnosis-DPS\" Guid=\"{6bba3851-2c7e-4dea-8f54-31e5afd029e3}\"></Provider>\n<EventID Qualifiers=\"\">100</EventID>\n<Version>0</Version>\n<Level>4</Level>\n<Task>1</Task>\n<Opcode>12</Opcode>\n<Keywords>0x4000000800000000</Keywords>\n<TimeCreated SystemTime=\"2014-02-11 13:24:45.718054+00:00\"></TimeCreated>\n<EventRecordID>258</EventRecordID>\n<Correlation ActivityID=\"{109a75d1-2b70-48ad-9a10-bfedd5167063}\" RelatedActivityID=\"\"></Correlation>\n<Execution ProcessID=\"1332\" ThreadID=\"1952\"></Execution>\n<Channel>Microsoft-Windows-Diagnosis-DPS/Operational</Channel>\n<Computer>IACIS-HDD-2014</Computer>\n<Security UserID=\"S-1-5-19\"></Security>\n</System>\n<EventData><Data Name=\"ScenarioId\">{2698178d-fdad-40ae-9d3c-1371703adc5b}</Data>\n<Data Name=\"InstanceId\">{109a75d1-2b70-48ad-9a10-bfedd5167063}</Data>\n<Data Name=\"OriginalActivityId\">{2698178d-fdad-40ae-9d3c-1371703adc5b}</Data>\n<Data Name=\"DiagnosticModuleImageName\">%SystemRoot%\\system32\\diagperf.dll</Data>\n<Data Name=\"DiagnosticModuleId\">{15fba3b8-a37a-4f91-bdba-fbb98fe804bf}</Data>\n</EventData>\n</Event>\n"
  },
  {
    "EventID": 105,
    "Timestamp": "2014-02-11 13:24:45.718054+00:00",
    "Computer": "IACIS-HDD-2014",
    "Channel": "Microsoft-Windows-Diagnosis-DPS/Operational",
    "Level": "Information",
    "EventData": {
      "ScenarioId": "{2698178d-fdad-40ae-9d3c-1371703adc5b}",
      "InstanceId": "{109a75d1-2b70-48ad-9a10-bfedd5167063}",
      "OriginalActivityId": "{2698178d-fdad-40ae-9d3c-1371703adc5b}",
      "DiagnosticModuleImageName": "%SystemRoot%\\system32\\diagperf.dll",
      "DiagnosticModuleId": "{15fba3b8-a37a-4f91-bdba-fbb98fe804bf}"
    },
    "RawXml": "<Event xmlns=\"http://schemas.microsoft.com/win/2004/08/events/event\"><System><Provider Name=\"Microsoft-Windows-Diagnosis-DPS\" Guid=\"{6bba3851-2c7e-4dea-8f54-31e5afd029e3}\"></Provider>\n<EventID Qualifiers=\"\">105</EventID>\n<Version>0</Version>\n<Level>4</Level>\n<Task>1</Task>\n<Opcode>13</Opcode>\n<Keywords>0x4000000800000000</Keywords>\n<TimeCreated SystemTime=\"2014-02-11 13:24:45.718054+00:00\"></TimeCreated>\n<EventRecordID>259</EventRecordID>\n<Correlation ActivityID=\"{109a75d1-2b70-48ad-9a10-bfedd5167063}\" RelatedActivityID=\"\"></Correlation>\n<Execution ProcessID=\"1332\" ThreadID=\"1952\"></Execution>\n<Channel>Microsoft-Windows-Diagnosis-DPS/Operational</Channel>\n<Computer>IACIS-HDD-2014</Computer>\n<Security UserID=\"S-1-5-19\"></Security>\n</System>\n<EventData><Data Name=\"ScenarioId\">{2698178d-fdad-40ae-9d3c-1371703adc5b}</Data>\n<Data Name=\"InstanceId\">{109a75d1-2b70-48ad-9a10-bfedd5167063}</Data>\n<Data Name=\"OriginalActivityId\">{2698178d-fdad-40ae-9d3c-1371703adc5b}</Data>\n<Data Name=\"DiagnosticModuleImageName\">%SystemRoot%\\system32\\diagperf.dll</Data>\n<Data Name=\"DiagnosticModuleId\">{15fba3b8-a37a-4f91-bdba-fbb98fe804bf}</Data>\n</EventData>\n</Event>\n"
  },
  {
    "EventID": 100,
    "Timestamp": "2014-02-11 13:26:50.837620+00:00",
    "Computer": "IACIS-HDD-2014",
    "Channel": "Microsoft-Windows-Diagnosis-DPS/Operational",
    "Level": "Information",
    "EventData": {
      "ScenarioId": "{86432a0b-3c7d-4ddf-a89c-172faa90485d}",
      "InstanceId": "{949d3a79-1e82-43ea-8f3f-ab2fe875e119}",
      "OriginalActivityId": "{86432a0b-3c7d-4ddf-a89c-172faa90485d}",
      "DiagnosticModuleImageName": "%SystemRoot%\\system32\\diagperf.dll",
      "DiagnosticModuleId": "{c8544339-5be9-4f25-862e-485f1b1a6935}"
    },
    "RawXml": "<Event xmlns=\"http://schemas.microsoft.com/win/2004/08/events/event\"><System><Provider Name=\"Microsoft-Windows-Diagnosis-DPS\" Guid=\"{6bba3851-2c7e-4dea-8f54-31e5afd029e3}\"></Provider>\n<EventID Qualifiers=\"\">100</EventID>\n<Version>0</Version>\n<Level>4</Level>\n<Task>1</Task>\n<Opcode>12</Opcode>\n<Keywords>0x4000000800000000</Keywords>\n<TimeCreated SystemTime=\"2014-02-11 13:26:50.837620+00:00\"></TimeCreated>\n<EventRecordID>260</EventRecordID>\n<Correlation ActivityID=\"{949d3a79-1e82-43ea-8f3f-ab2fe875e119}\" RelatedActivityID=\"\"></Correlation>\n<Execution ProcessID=\"1332\" ThreadID=\"1576\"></Execution>\n<Channel>Microsoft-Windows-Diagnosis-DPS/Operational</Channel>\n<Computer>IACIS-HDD-2014</Computer>\n<Security UserID=\"S-1-5-19\"></Security>\n</System>\n<EventData><Data Name=\"ScenarioId\">{86432a0b-3c7d-4ddf-a89c-172faa90485d}</Data>\n<Data Name=\"InstanceId\">{949d3a79-1e82-43ea-8f3f-ab2fe875e119}</Data>\n<Data Name=\"OriginalActivityId\">{86432a0b-3c7d-4ddf-a89c-172faa90485d}</Data>\n<Data Name=\"DiagnosticModuleImageName\">%SystemRoot%\\system32\\diagperf.dll</Data>\n<Data Name=\"DiagnosticModuleId\">{c8544339-5be9-4f25-862e-485f1b1a6935}</Data>\n</EventData>\n</Event>\n"
  },
  {
    "EventID": 105,
    "Timestamp": "2014-02-11 13:26:50.837620+00:00",
    "Computer": "IACIS-HDD-2014",
    "Channel": "Microsoft-Windows-Diagnosis-DPS/Operational",
    "Level": "Information",
    "EventData": {
      "ScenarioId": "{86432a0b-3c7d-4ddf-a89c-172faa90485d}",
      "InstanceId": "{949d3a79-1e82-43ea-8f3f-ab2fe875e119}",
      "OriginalActivityId": "{86432a0b-3c7d-4ddf-a89c-172faa90485d}",
      "DiagnosticModuleImageName": "%SystemRoot%\\system32\\diagperf.dll",
      "DiagnosticModuleId": "{c8544339-5be9-4f25-862e-485f1b1a6935}"
    },
    "RawXml": "<Event xmlns=\"http://schemas.microsoft.com/win/2004/08/events/event\"><System><Provider Name=\"Microsoft-Windows-Diagnosis-DPS\" Guid=\"{6bba3851-2c7e-4dea-8f54-31e5afd029e3}\"></Provider>\n<EventID Qualifiers=\"\">105</EventID>\n<Version>0</Version>\n<Level>4</Level>\n<Task>1</Task>\n<Opcode>13</Opcode>\n<Keywords>0x4000000800000000</Keywords>\n<TimeCreated SystemTime=\"2014-02-11 13:26:50.837620+00:00\"></TimeCreated>\n<EventRecordID>261</EventRecordID>\n<Correlation ActivityID=\"{949d3a79-1e82-43ea-8f3f-ab2fe875e119}\" RelatedActivityID=\"\"></Correlation>\n<Execution ProcessID=\"1332\" ThreadID=\"1576\"></Execution>\n<Channel>Microsoft-Windows-Diagnosis-DPS/Operational</Channel>\n<Computer>IACIS-HDD-2014</Computer>\n<Security UserID=\"S-1-5-19\"></Security>\n</System>\n<EventData><Data Name=\"ScenarioId\">{86432a0b-3c7d-4ddf-a89c-172faa90485d}</Data>\n<Data Name=\"InstanceId\">{949d3a79-1e82-43ea-8f3f-ab2fe875e119}</Data>\n<Data Name=\"OriginalActivityId\">{86432a0b-3c7d-4ddf-a89c-172faa90485d}</Data>\n<Data Name=\"DiagnosticModuleImageName\">%SystemRoot%\\system32\\diagperf.dll</Data>\n<Data Name=\"DiagnosticModuleId\">{c8544339-5be9-4f25-862e-485f1b1a6935}</Data>\n</EventData>\n</Event>\n"
  },
  {
    "EventID": 110,
    "Timestamp": "2014-02-11 13:26:52.179222+00:00",
    "Computer": "IACIS-HDD-2014",
    "Channel": "Microsoft-Windows-Diagnosis-DPS/Operational",
    "Level": "Information",
    "EventData": {
      "ScenarioId": "{86432a0b-3c7d-4ddf-a89c-172faa90485d}",
      "InstanceId": "{949d3a79-1e82-43ea-8f3f-ab2fe875e119}",
      "OriginalActivityId": "{86432a0b-3c7d-4ddf-a89c-172faa90485d}",
      "DiagnosticModuleImageName": "%SystemRoot%\\system32\\diagperf.dll",
      "DiagnosticModuleId": "{c8544339-5be9-4f25-862e-485f1b1a6935}"
    },
    "RawXml": "<Event xmlns=\"http://schemas.microsoft.com/win/2004/08/events/event\"><System><Provider Name=\"Microsoft-Windows-Diagnosis-DPS\" Guid=\"{6bba3851-2c7e-4dea-8f54-31e5afd029e3}\"></Provider>\n<EventID Qualifiers=\"\">110</EventID>\n<Version>0</Version>\n<Level>4</Level>\n<Task>1</Task>\n<Opcode>14</Opcode>\n<Keywords>0x4000000800000000</Keywords>\n<TimeCreated SystemTime=\"2014-02-11 13:26:52.179222+00:00\"></TimeCreated>\n<EventRecordID>262</EventRecordID>\n<Correlation ActivityID=\"{949d3a79-1e82-43ea-8f3f-ab2fe875e119}\" RelatedActivityID=\"\"></Correlation>\n<Execution ProcessID=\"1332\" ThreadID=\"1348\"></Execution>\n<Channel>Microsoft-Windows-Diagnosis-DPS/Operational</Channel>\n<Computer>IACIS-HDD-2014</Computer>\n<Security UserID=\"S-1-5-19\"></Security>\n</System>\n<EventData><Data Name=\"ScenarioId\">{86432a0b-3c7d-4ddf-a89c-172faa90485d}</Data>\n<Data Name=\"InstanceId\">{949d3a79-1e82-43ea-8f3f-ab2fe875e119}</Data>\n<Data Name=\"OriginalActivityId\">{86432a0b-3c7d-4ddf-a89c-172faa90485d}</Data>\n<Data Name=\"DiagnosticModuleImageName\">%SystemRoot%\\system32\\diagperf.dll</Data>\n<Data Name=\"DiagnosticModuleId\">{c8544339-5be9-4f25-862e-485f1b1a6935}</Data>\n</EventData>\n</Event>\n"
  },
  {
    "EventID": 100,
    "Timestamp": "2014-02-11 17:41:42.435080+00:00",
    "Computer": "IACIS-HDD-2014",
    "Channel": "Microsoft-Windows-Diagnosis-DPS/Operational",
    "Level": "Information",
    "EventData": {
      "ScenarioId": "{2698178d-fdad-40ae-9d3c-1371703adc5b}",
      "InstanceId": "{ea8be767-4557-437b-ad5f-48d594907460}",
      "OriginalActivityId": "{2698178d-fdad-40ae-9d3c-1371703adc5b}",
      "DiagnosticModuleImageName": "%SystemRoot%\\system32\\diagperf.dll",
      "DiagnosticModuleId": "{15fba3b8-a37a-4f91-bdba-fbb98fe804bf}"
    },
    "RawXml": "<Event xmlns=\"http://schemas.microsoft.com/win/2004/08/events/event\"><System><Provider Name=\"Microsoft-Windows-Diagnosis-DPS\" Guid=\"{6bba3851-2c7e-4dea-8f54-31e5afd029e3}\"></Provider>\n<EventID Qualifiers=\"\">100</EventID>\n<Version>0</Version>\n<Level>4</Level>\n<Task>1</Task>\n<Opcode>12</Opcode>\n<Keywords>0x4000000800000000</Keywords>\n<TimeCreated SystemTime=\"2014-02-11 17:41:42.435080+00:00\"></TimeCreated>\n<EventRecordID>263</EventRecordID>\n<Correlation ActivityID=\"{ea8be767-4557-437b-ad5f-48d594907460}\" RelatedActivityID=\"\"></Correlation>\n<Execution ProcessID=\"1328\" ThreadID=\"1892\"></Execution>\n<Channel>Microsoft-Windows-Diagnosis-DPS/Operational</Channel>\n<Computer>IACIS-HDD-2014</Computer>\n<Security UserID=\"S-1-5-19\"></Security>\n</System>\n<EventData><Data Name=\"ScenarioId\">{2698178d-fdad-40ae-9d3c-1371703adc5b}</Data>\n<Data Name=\"InstanceId\">{ea8be767-4557-437b-ad5f-48d594907460}</Data>\n<Data Name=\"OriginalActivityId\">{2698178d-fdad-40ae-9d3c-1371703adc5b}</Data>\n<Data Name=\"DiagnosticModuleImageName\">%SystemRoot%\\system32\\diagperf.dll</Data>\n<Data Name=\"DiagnosticModuleId\">{15fba3b8-a37a-4f91-bdba-fbb98fe804bf}</Data>\n</EventData>\n</Event>\n"
  },
  {
    "EventID": 105,
    "Timestamp": "2014-02-11 17:41:42.435080+00:00",
    "Computer": "IACIS-HDD-2014",
    "Channel": "Microsoft-Windows-Diagnosis-DPS/Operational",
    "Level": "Information",
    "EventData": {
      "ScenarioId": "{2698178d-fdad-40ae-9d3c-1371703adc5b}",
      "InstanceId": "{ea8be767-4557-437b-ad5f-48d594907460}",
      "OriginalActivityId": "{2698178d-fdad-40ae-9d3c-1371703adc5b}",
      "DiagnosticModuleImageName": "%SystemRoot%\\system32\\diagperf.dll",
      "DiagnosticModuleId": "{15fba3b8-a37a-4f91-bdba-fbb98fe804bf}"
    },
    "RawXml": "<Event xmlns=\"http://schemas.microsoft.com/win/2004/08/events/event\"><System><Provider Name=\"Microsoft-Windows-Diagnosis-DPS\" Guid=\"{6bba3851-2c7e-4dea-8f54-31e5afd029e3}\"></Provider>\n<EventID Qualifiers=\"\">105</EventID>\n<Version>0</Version>\n<Level>4</Level>\n<Task>1</Task>\n<Opcode>13</Opcode>\n<Keywords>0x4000000800000000</Keywords>\n<TimeCreated SystemTime=\"2014-02-11 17:41:42.435080+00:00\"></TimeCreated>\n<EventRecordID>264</EventRecordID>\n<Correlation ActivityID=\"{ea8be767-4557-437b-ad5f-48d594907460}\" RelatedActivityID=\"\"></Correlation>\n<Execution ProcessID=\"1328\" ThreadID=\"1892\"></Execution>\n<Channel>Microsoft-Windows-Diagnosis-DPS/Operational</Channel>\n<Computer>IACIS-HDD-2014</Computer>\n<Security UserID=\"S-1-5-19\"></Security>\n</System>\n<EventData><Data Name=\"ScenarioId\">{2698178d-fdad-40ae-9d3c-1371703adc5b}</Data>\n<Data Name=\"InstanceId\">{ea8be767-4557-437b-ad5f-48d594907460}</Data>\n<Data Name=\"OriginalActivityId\">{2698178d-fdad-40ae-9d3c-1371703adc5b}</Data>\n<Data Name=\"DiagnosticModuleImageName\">%SystemRoot%\\system32\\diagperf.dll</Data>\n<Data Name=\"DiagnosticModuleId\">{15fba3b8-a37a-4f91-bdba-fbb98fe804bf}</Data>\n</EventData>\n</Event>\n"
  },
