[
  {
    "EventID": 101,
    "Timestamp": "2010-11-21 03:58:31.420773+00:00",
    "Computer": "37L4247F27-25",
    "Channel": "Microsoft-Windows-Windows Defender/WHC",
    "Level": "LogAlways",
    "EventData": {
      "hc_stateid": "2"
    },
    "RawXml": "<Event xmlns=\"http://schemas.microsoft.com/win/2004/08/events/event\"><System><Provider Name=\"Microsoft-Windows-Windows Defender\" Guid=\"{11cd958a-c507-4ef3-b3f2-5fd9dfbd2c78}\"></Provider>\n<EventID Qualifiers=\"\">101</EventID>\n<Version>0</Version>\n<Level>0</Level>\n<Task>0</Task>\n<Opcode>0</Opcode>\n<Keywords>0x4000000000000000</Keywords>\n<TimeCreated SystemTime=\"2010-11-21 03:58:31.420773+00:00\"></TimeCreated>\n<EventRecordID>1</EventRecordID>\n<Correlation ActivityID=\"\" RelatedActivityID=\"\"></Correlation>\n<Execution ProcessID=\"2272\" ThreadID=\"752\"></Execution>\n<Channel>Microsoft-Windows-Windows Defender/WHC</Channel>\n<Computer>37L4247F27-25</Computer>\n<Security UserID=\"S-1-5-18\"></Security>\n</System>\n<EventData><Data Name=\"hc_stateid\">2</Data>\n</EventData>\n</Event>\n"
  },
  {
    "EventID": 101,
    "Timestamp": "2014-01-25 04:21:53.202343+00:00",
    "Computer": "37L4247F27-25",
    "Channel": "Microsoft-Windows-Windows Defender/WHC",
    "Level": "LogAlways",
    "EventData": {
      "hc_stateid": "10"
    },
    "RawXml": "<Event xmlns=\"http://schemas.microsoft.com/win/2004/08/events/event\"><System><Provider Name=\"Microsoft-Windows-Windows Defender\" Guid=\"{11cd958a-c507-4ef3-b3f2-5fd9dfbd2c78}\"></Provider>\n<EventID Qualifiers=\"\">101</EventID>\n<Version>0</Version>\n<Level>0</Level>\n<Task>0</Task>\n<Opcode>0</Opcode>\n<Keywords>0x4000000000000000</Keywords>\n<TimeCreated SystemTime=\"2014-01-25 04:21:53.202343+00:00\"></TimeCreated>\n<EventRecordID>2</EventRecordID>\n<Correlation ActivityID=\"\" RelatedActivityID=\"\"></Correlation>\n<Execution ProcessID=\"1940\" ThreadID=\"1936\"></Execution>\n<Channel>Microsoft-Windows-Windows Defender/WHC</Channel>\n<Computer>37L4247F27-25</Computer>\n<Security UserID=\"S-1-5-18\"></Security>\n</System>\n<EventData><Data Name=\"hc_stateid\">10</Data>\n</EventData>\n</Event>\n"
  },
  {
    "EventID": 101,
    "Timestamp": "2014-01-25 04:22:13.263979+00:00",
    "Computer": "IACIS-HDD-2014",
    "Channel": "Microsoft-Windows-Windows Defender/WHC",
    "Level": "LogAlways",
    "EventData": {
      "hc_stateid": "10"
    },
    "RawXml": "<Event xmlns=\"http://schemas.microsoft.com/win/2004/08/events/event\"><System><Provider Name=\"Microsoft-Windows-Windows Defender\" Guid=\"{11cd958a-c507-4ef3-b3f2-5fd9dfbd2c78}\"></Provider>\n<EventID Qualifiers=\"\">101</EventID>\n<Version>0</Version>\n<Level>0</Level>\n<Task>0</Task>\n<Opcode>0</Opcode>\n<Keywords>0x4000000000000000</Keywords>\n<TimeCreated SystemTime=\"2014-01-25 04:22:13.263979+00:00\"></TimeCreated>\n<EventRecordID>3</EventRecordID>\n<Correlation ActivityID=\"\" RelatedActivityID=\"\"></Correlation>\n<Execution ProcessID=\"1940\" ThreadID=\"1168\"></Execution>\n<Channel>Microsoft-Windows-Windows Defender/WHC</Channel>\n<Computer>IACIS-HDD-2014</Computer>\n<Security UserID=\"S-1-5-18\"></Security>\n</System>\n<EventData><Data Name=\"hc_stateid\">10</Data>\n</EventData>\n</Event>\n"
  },
  {
    "EventID": 101,
    "Timestamp": "2014-01-25 04:22:13.513578+00:00",
    "Computer": "IACIS-HDD-2014",
    "Channel": "Microsoft-Windows-Windows Defender/WHC",
    "Level": "LogAlways",
    "EventData": {
      "hc_stateid": "2"
    },
    "RawXml": "<Event xmlns=\"http://schemas.microsoft.com/win/2004/08/events/event\"><System><Provider Name=\"Microsoft-Windows-Windows Defender\" Guid=\"{11cd958a-c507-4ef3-b3f2-5fd9dfbd2c78}\"></Provider>\n<EventID Qualifiers=\"\">101</EventID>\n<Version>0</Version>\n<Level>0</Level>\n<Task>0</Task>\n<Opcode>0</Opcode>\n<Keywords>0x4000000000000000</Keywords>\n<TimeCreated SystemTime=\"2014-01-25 04:22:13.513578+00:00\"></TimeCreated>\n<EventRecordID>4</EventRecordID>\n<Correlation ActivityID=\"\" RelatedActivityID=\"\"></Correlation>\n<Execution ProcessID=\"1940\" ThreadID=\"1936\"></Execution>\n<Channel>Microsoft-Windows-Windows Defender/WHC</Channel>\n<Computer>IACIS-HDD-2014</Computer>\n<Security UserID=\"S-1-5-18\"></Security>\n</System>\n<EventData><Data Name=\"hc_stateid\">2</Data>\n</EventData>\n</Event>\n"
  },
  {
    "EventID": 101,
    "Timestamp": "2014-01-25 04:26:51.097624+00:00",
    "Computer": "IACIS-HDD-2014",
    "Channel": "Microsoft-Windows-Windows Defender/WHC",
    "Level": "LogAlways",
    "EventData": {
      "hc_stateid": "10"
    },
    "RawXml": "<Event xmlns=\"http://schemas.microsoft.com/win/2004/08/events/event\"><System><Provider Name=\"Microsoft-Windows-Windows Defender\" Guid=\"{11cd958a-c507-4ef3-b3f2-5fd9dfbd2c78}\"></Provider>\n<EventID Qualifiers=\"\">101</EventID>\n<Version>0</Version>\n<Level>0</Level>\n<Task>0</Task>\n<Opcode>0</Opcode>\n<Keywords>0x4000000000000000</Keywords>\n<TimeCreated SystemTime=\"2014-01-25 04:26:51.097624+00:00\"></TimeCreated>\n<EventRecordID>5</EventRecordID>\n<Correlation ActivityID=\"\" RelatedActivityID=\"\"></Correlation>\n<Execution ProcessID=\"1768\" ThreadID=\"1780\"></Execution>\n<Channel>Microsoft-Windows-Windows Defender/WHC</Channel>\n<Computer>IACIS-HDD-2014</Computer>\n<Security UserID=\"S-1-5-18\"></Security>\n</System>\n<EventData><Data Name=\"hc_stateid\">10</Data>\n</EventData>\n</Event>\n"
  },
  {
    "EventID": 101,
    "Timestamp": "2014-01-25 01:29:01.521236+00:00",
    "Computer": "IACIS-HDD-2014",
    "Channel": "Microsoft-Windows-Windows Defender/WHC",
    "Level": "LogAlways",
    "EventData": {
      "hc_stateid": "10"
    },
    "RawXml": "<Event xmlns=\"http://schemas.microsoft.com/win/2004/08/events/event\"><System><Provider Name=\"Microsoft-Windows-Windows Defender\" Guid=\"{11cd958a-c507-4ef3-b3f2-5fd9dfbd2c78}\"></Provider>\n<EventID Qualifiers=\"\">101</EventID>\n<Version>0</Version>\n<Level>0</Level>\n<Task>0</Task>\n<Opcode>0</Opcode>\n<Keywords>0x4000000000000000</Keywords>\n<TimeCreated SystemTime=\"2014-01-25 01:29:01.521236+00:00\"></TimeCreated>\n<EventRecordID>6</EventRecordID>\n<Correlation ActivityID=\"\" RelatedActivityID=\"\"></Correlation>\n<Execution ProcessID=\"1768\" ThreadID=\"2248\"></Execution>\n<Channel>Microsoft-Windows-Windows Defender/WHC</Channel>\n<Computer>IACIS-HDD-2014</Computer>\n<Security UserID=\"S-1-5-18\"></Security>\n</System>\n<EventData><Data Name=\"hc_stateid\">10</Data>\n</EventData>\n</Event>\n"
  },
  {
    "EventID": 101,
    "Timestamp": "2014-01-25 13:34:24.784113+00:00",
    "Computer": "IACIS-HDD-2014",
    "Channel": "Microsoft-Windows-Windows Defender/WHC",
    "Level": "LogAlways",
    "EventData": {
      "hc_stateid": "10"
    },
    "RawXml": "<Event xmlns=\"http://schemas.microsoft.com/win/2004/08/events/event\"><System><Provider Name=\"Microsoft-Windows-Windows Defender\" Guid=\"{11cd958a-c507-4ef3-b3f2-5fd9dfbd2c78}\"></Provider>\n<EventID Qualifiers=\"\">101</EventID>\n<Version>0</Version>\n<Level>0</Level>\n<Task>0</Task>\n<Opcode>0</Opcode>\n<Keywords>0x4000000000000000</Keywords>\n<TimeCreated SystemTime=\"2014-01-25 13:34:24.784113+00:00\"></TimeCreated>\n<EventRecordID>7</EventRecordID>\n<Correlation ActivityID=\"\" RelatedActivityID=\"\"></Correlation>\n<Execution ProcessID=\"1632\" ThreadID=\"1168\"></Execution>\n<Channel>Microsoft-Windows-Windows Defender/WHC</Channel>\n<Computer>IACIS-HDD-2014</Computer>\n<Security UserID=\"S-1-5-18\"></Security>\n</System>\n<EventData><Data Name=\"hc_stateid\">10</Data>\n</EventData>\n</Event>\n"
  },
  {
    "EventID": 101,
    "Timestamp": "2014-01-25 13:35:02.785778+00:00",
    "Computer": "IACIS-HDD-2014",
    "Channel": "Microsoft-Windows-Windows Defender/WHC",
    "Level": "LogAlways",
    "EventData": {
      "hc_stateid": "10"
    },
    "RawXml": "<Event xmlns=\"http://schemas.microsoft.com/win/2004/08/events/event\"><System><Provider Name=\"Microsoft-Windows-Windows Defender\" Guid=\"{11cd958a-c507-4ef3-b3f2-5fd9dfbd2c78}\"></Provider>\n<EventID Qualifiers=\"\">101</EventID>\n<Version>0</Version>\n<Level>0</Level>\n<Task>0</Task>\n<Opcode>0</Opcode>\n<Keywords>0x4000000000000000</Keywords>\n<TimeCreated SystemTime=\"2014-01-25 13:35:02.785778+00:00\"></TimeCreated>\n<EventRecordID>8</EventRecordID>\n<Correlation ActivityID=\"\" RelatedActivityID=\"\"></Correlation>\n<Execution ProcessID=\"1632\" ThreadID=\"1288\"></Execution>\n<Channel>Microsoft-Windows-Windows Defender/WHC</Channel>\n<Computer>IACIS-HDD-2014</Computer>\n<Security UserID=\"S-1-5-18\"></Security>\n</System>\n<EventData><Data Name=\"hc_stateid\">10</Data>\n</EventData>\n</Event>\n"
  },
  {
    "EventID": 101,
    "Timestamp": "2014-01-25 13:55:18.165464+00:00",
    "Computer": "IACIS-HDD-2014",
    "Channel": "Microsoft-Windows-Windows Defender/WHC",
    "Level": "LogAlways",
    "EventData": {
      "hc_stateid": "10"
    },
    "RawXml": "<Event xmlns=\"http://schemas.microsoft.com/win/2004/08/events/event\"><System><Provider Name=\"Microsoft-Windows-Windows Defender\" Guid=\"{11cd958a-c507-4ef3-b3f2-5fd9dfbd2c78}\"></Provider>\n<EventID Qualifiers=\"\">101</EventID>\n<Version>0</Version>\n<Level>0</Level>\n<Task>0</Task>\n<Opcode>0</Opcode>\n<Keywords>0x4000000000000000</Keywords>\n<TimeCreated SystemTime=\"2014-01-25 13:55:18.165464+00:00\"></TimeCreated>\n<EventRecordID>9</EventRecordID>\n<Correlation ActivityID=\"\" RelatedActivityID=\"\"></Correlation>\n<Execution ProcessID=\"2860\" ThreadID=\"3000\"></Execution>\n<Channel>Microsoft-Windows-Windows Defender/WHC</Channel>\n<Computer>IACIS-HDD-2014</Computer>\n<Security UserID=\"S-1-5-18\"></Security>\n</System>\n<EventData><Data Name=\"hc_stateid\">10</Data>\n</EventData>\n</Event>\n"
  },
  {
    "EventID": 101,
    "Timestamp": "2014-01-25 13:55:23.656675+00:00",
    "Computer": "IACIS-HDD-2014",
    "Channel": "Microsoft-Windows-Windows Defender/WHC",
    "Level": "LogAlways",
    "EventData": {
      "hc_stateid": "10"
    },
    "RawXml": "<Event xmlns=\"http://schemas.microsoft.com/win/2004/08/events/event\"><System><Provider Name=\"Microsoft-Windows-Windows Defender\" Guid=\"{11cd958a-c507-4ef3-b3f2-5fd9dfbd2c78}\"></Provider>\n<EventID Qualifiers=\"\">101</EventID>\n<Version>0</Version>\n<Level>0</Level>\n<Task>0</Task>\n<Opcode>0</Opcode>\n<Keywords>0x4000000000000000</Keywords>\n<TimeCreated SystemTime=\"2014-01-25 13:55:23.656675+00:00\"></TimeCreated>\n<EventRecordID>10</EventRecordID>\n<Correlation ActivityID=\"\" RelatedActivityID=\"\"></Correlation>\n<Execution ProcessID=\"2860\" ThreadID=\"2856\"></Execution>\n<Channel>Microsoft-Windows-Windows Defender/WHC</Channel>\n<Computer>IACIS-HDD-2014</Computer>\n<Security UserID=\"S-1-5-18\"></Security>\n</System>\n<EventData><Data Name=\"hc_stateid\">10</Data>\n</EventData>\n</Event>\n"
  },
  {
    "EventID": 101,
    "Timestamp": "2014-01-25 14:38:06.517784+00:00",
    "Computer": "IACIS-HDD-2014",
    "Channel": "Microsoft-Windows-Windows Defender/WHC",
    "Level": "LogAlways",
    "EventData": {
      "hc_stateid": "1"
    },
    "RawXml": "<Event xmlns=\"http://schemas.microsoft.com/win/2004/08/events/event\"><System><Provider Name=\"Microsoft-Windows-Windows Defender\" Guid=\"{11cd958a-c507-4ef3-b3f2-5fd9dfbd2c78}\"></Provider>\n<EventID Qualifiers=\"\">101</EventID>\n<Version>0</Version>\n<Level>0</Level>\n<Task>0</Task>\n<Opcode>0</Opcode>\n<Keywords>0x4000000000000000</Keywords>\n<TimeCreated SystemTime=\"2014-01-25 14:38:06.517784+00:00\"></TimeCreated>\n<EventRecordID>11</EventRecordID>\n<Correlation ActivityID=\"\" RelatedActivityID=\"\"></Correlation>\n<Execution ProcessID=\"2860\" ThreadID=\"2384\"></Execution>\n<Channel>Microsoft-Windows-Windows Defender/WHC</Channel>\n<Computer>IACIS-HDD-2014</Computer>\n<Security UserID=\"S-1-5-18\"></Security>\n</System>\n<EventData><Data Name=\"hc_stateid\">1</Data>\n</EventData>\n</Event>\n"
  }
]