  {
    "EventID": 42,
    "Timestamp": "2014-01-25 15:29:51.179592+00:00",
    "Computer": "IACIS-HDD-2014",
    "Channel": "Microsoft-Windows-WindowsUpdateClient/Operational",
    "Level": "Information",
    "EventData": {
      "hc_stateid": "0",
      "restartDate": "",
      "restartTime": ""
    },
    "RawXml": "<Event xmlns=\"http://schemas.microsoft.com/win/2004/08/events/event\"><System><Provider Name=\"Microsoft-Windows-WindowsUpdateClient\" Guid=\"{945a8954-c147-4acd-923f-40c45405a658}\"></Provider>\n<EventID Qualifiers=\"\">42</EventID>\n<Version>0</Version>\n<Level>4</Level>\n<Task>2</Task>\n<Opcode>18</Opcode>\n<Keywords>0x4000000000000480</Keywords>\n<TimeCreated SystemTime=\"2014-01-25 15:29:51.179592+00:00\"></TimeCreated>\n<EventRecordID>358</EventRecordID>\n<Correlation ActivityID=\"\" RelatedActivityID=\"\"></Correlation>\n<Execution ProcessID=\"976\" ThreadID=\"2356\"></Execution>\n<Channel>Microsoft-Windows-WindowsUpdateClient/Operational</Channel>\n<Computer>IACIS-HDD-2014</Computer>\n<Security UserID=\"S-1-5-18\"></Security>\n</System>\n<EventData><Data Name=\"hc_stateid\">0</Data>\n<Data Name=\"restartDate\"></Data>\n<Data Name=\"restartTime\"></Data>\n</EventData>\n</Event>\n"
  },
  {
    "EventID": 42,
    "Timestamp": "2014-01-25 15:29:51.179592+00:00",
    "Computer": "IACIS-HDD-2014",
    "Channel": "Microsoft-Windows-WindowsUpdateClient/Operational",
    "Level": "Information",
    "EventData": {
      "hc_stateid": "0",
      "restartDate": "",
      "restartTime": ""
    },
    "RawXml": "<Event xmlns=\"http://schemas.microsoft.com/win/2004/08/events/event\"><System><Provider Name=\"Microsoft-Windows-WindowsUpdateClient\" Guid=\"{945a8954-c147-4acd-923f-40c45405a658}\"></Provider>\n<EventID Qualifiers=\"\">42</EventID>\n<Version>0</Version>\n<Level>4</Level>\n<Task>2</Task>\n<Opcode>18</Opcode>\n<Keywords>0x4000000000000480</Keywords>\n<TimeCreated SystemTime=\"2014-01-25 15:29:51.179592+00:00\"></TimeCreated>\n<EventRecordID>359</EventRecordID>\n<Correlation ActivityID=\"\" RelatedActivityID=\"\"></Correlation>\n<Execution ProcessID=\"976\" ThreadID=\"2356\"></Execution>\n<Channel>Microsoft-Windows-WindowsUpdateClient/Operational</Channel>\n<Computer>IACIS-HDD-2014</Computer>\n<Security UserID=\"S-1-5-18\"></Security>\n</System>\n<EventData><Data Name=\"hc_stateid\">0</Data>\n<Data Name=\"restartDate\"></Data>\n<Data Name=\"restartTime\"></Data>\n</EventData>\n</Event>\n"
  },
  {
    "EventID": 42,
    "Timestamp": "2014-01-25 15:29:51.179592+00:00",
    "Computer": "IACIS-HDD-2014",
    "Channel": "Microsoft-Windows-WindowsUpdateClient/Operational",
    "Level": "Information",
    "EventData": {
      "hc_stateid": "0",
      "restartDate": "",
      "restartTime": ""
    },
    "RawXml": "<Event xmlns=\"http://schemas.microsoft.com/win/2004/08/events/event\"><System><Provider Name=\"Microsoft-Windows-WindowsUpdateClient\" Guid=\"{945a8954-c147-4acd-923f-40c45405a658}\"></Provider>\n<EventID Qualifiers=\"\">42</EventID>\n<Version>0</Version>\n<Level>4</Level>\n<Task>2</Task>\n<Opcode>18</Opcode>\n<Keywords>0x4000000000000480</Keywords>\n<TimeCreated SystemTime=\"2014-01-25 15:29:51.179592+00:00\"></TimeCreated>\n<EventRecordID>360</EventRecordID>\n<Correlation ActivityID=\"\" RelatedActivityID=\"\"></Correlation>\n<Execution ProcessID=\"976\" ThreadID=\"2356\"></Execution>\n<Channel>Microsoft-Windows-WindowsUpdateClient/Operational</Channel>\n<Computer>IACIS-HDD-2014</Computer>\n<Security UserID=\"S-1-5-18\"></Security>\n</System>\n<EventData><Data Name=\"hc_stateid\">0</Data>\n<Data Name=\"restartDate\"></Data>\n<Data Name=\"restartTime\"></Data>\n</EventData>\n</Event>\n"
  },
  {
    "EventID": 42,
    "Timestamp": "2014-01-25 15:29:51.179592+00:00",
    "Computer": "IACIS-HDD-2014",
    "Channel": "Microsoft-Windows-WindowsUpdateClient/Operational",
    "Level": "Information",
    "EventData": {
      "hc_stateid": "0",
      "restartDate": "",
      "restartTime": ""
    },
    "RawXml": "<Event xmlns=\"http://schemas.microsoft.com/win/2004/08/events/event\"><System><Provider Name=\"Microsoft-Windows-WindowsUpdateClient\" Guid=\"{945a8954-c147-4acd-923f-40c45405a658}\"></Provider>\n<EventID Qualifiers=\"\">42</EventID>\n<Version>0</Version>\n<Level>4</Level>\n<Task>2</Task>\n<Opcode>18</Opcode>\n<Keywords>0x4000000000000480</Keywords>\n<TimeCreated SystemTime=\"2014-01-25 15:29:51.179592+00:00\"></TimeCreated>\n<EventRecordID>361</EventRecordID>\n<Correlation ActivityID=\"\" RelatedActivityID=\"\"></Correlation>\n<Execution ProcessID=\"976\" ThreadID=\"2356\"></Execution>\n<Channel>Microsoft-Windows-WindowsUpdateClient/Operational</Channel>\n<Computer>IACIS-HDD-2014</Computer>\n<Security UserID=\"S-1-5-18\"></Security>\n</System>\n<EventData><Data Name=\"hc_stateid\">0</Data>\n<Data Name=\"restartDate\"></Data>\n<Data Name=\"restartTime\"></Data>\n</EventData>\n</Event>\n"
  },
  {
    "EventID": 42,
    "Timestamp": "2014-01-25 16:45:14.374416+00:00",
    "Computer": "IACIS-HDD-2014",
    "Channel": "Microsoft-Windows-WindowsUpdateClient/Operational",
    "Level": "Information",
    "EventData": {
      "hc_stateid": "0",
      "restartDate": "",
      "restartTime": ""
    },
    "RawXml": "<Event xmlns=\"http://schemas.microsoft.com/win/2004/08/events/event\"><System><Provider Name=\"Microsoft-Windows-WindowsUpdateClient\" Guid=\"{945a8954-c147-4acd-923f-40c45405a658}\"></Provider>\n<EventID Qualifiers=\"\">42</EventID>\n<Version>0</Version>\n<Level>4</Level>\n<Task>2</Task>\n<Opcode>18</Opcode>\n<Keywords>0x4000000000000480</Keywords>\n<TimeCreated SystemTime=\"2014-01-25 16:45:14.374416+00:00\"></TimeCreated>\n<EventRecordID>362</EventRecordID>\n<Correlation ActivityID=\"\" RelatedActivityID=\"\"></Correlation>\n<Execution ProcessID=\"976\" ThreadID=\"3028\"></Execution>\n<Channel>Microsoft-Windows-WindowsUpdateClient/Operational</Channel>\n<Computer>IACIS-HDD-2014</Computer>\n<Security UserID=\"S-1-5-18\"></Security>\n</System>\n<EventData><Data Name=\"hc_stateid\">0</Data>\n<Data Name=\"restartDate\"></Data>\n<Data Name=\"restartTime\"></Data>\n</EventData>\n</Event>\n"
  },
  {
    "EventID": 39,
    "Timestamp": "2014-01-25 16:45:14.374416+00:00",
    "Computer": "IACIS-HDD-2014",
    "Channel": "Microsoft-Windows-WindowsUpdateClient/Operational",
    "Level": "Information",
    "EventData": {},
    "RawXml": "<Event xmlns=\"http://schemas.microsoft.com/win/2004/08/events/event\"><System><Provider Name=\"Microsoft-Windows-WindowsUpdateClient\" Guid=\"{945a8954-c147-4acd-923f-40c45405a658}\"></Provider>\n<EventID Qualifiers=\"\">39</EventID>\n<Version>0</Version>\n<Level>4</Level>\n<Task>1</Task>\n<Opcode>17</Opcode>\n<Keywords>0x4000000000000280</Keywords>\n<TimeCreated SystemTime=\"2014-01-25 16:45:14.374416+00:00\"></TimeCreated>\n<EventRecordID>363</EventRecordID>\n<Correlation ActivityID=\"\" RelatedActivityID=\"\"></Correlation>\n<Execution ProcessID=\"976\" ThreadID=\"3028\"></Execution>\n<Channel>Microsoft-Windows-WindowsUpdateClient/Operational</Channel>\n<Computer>IACIS-HDD-2014</Computer>\n<Security UserID=\"S-1-5-18\"></Security>\n</System>\n<EventData></EventData>\n</Event>\n"
  },
  {
    "EventID": 42,
    "Timestamp": "2014-01-25 18:22:45.272396+00:00",
    "Computer": "IACIS-HDD-2014",
    "Channel": "Microsoft-Windows-WindowsUpdateClient/Operational",
    "Level": "Information",
    "EventData": {
      "hc_stateid": "0",
      "restartDate": "",
      "restartTime": ""
    },
    "RawXml": "<Event xmlns=\"http://schemas.microsoft.com/win/2004/08/events/event\"><System><Provider Name=\"Microsoft-Windows-WindowsUpdateClient\" Guid=\"{945a8954-c147-4acd-923f-40c45405a658}\"></Provider>\n<EventID Qualifiers=\"\">42</EventID>\n<Version>0</Version>\n<Level>4</Level>\n<Task>2</Task>\n<Opcode>18</Opcode>\n<Keywords>0x4000000000000480</Keywords>\n<TimeCreated SystemTime=\"2014-01-25 18:22:45.272396+00:00\"></TimeCreated>\n<EventRecordID>364</EventRecordID>\n<Correlation ActivityID=\"\" RelatedActivityID=\"\"></Correlation>\n<Execution ProcessID=\"992\" ThreadID=\"2200\"></Execution>\n<Channel>Microsoft-Windows-WindowsUpdateClient/Operational</Channel>\n<Computer>IACIS-HDD-2014</Computer>\n<Security UserID=\"S-1-5-18\"></Security>\n</System>\n<EventData><Data Name=\"hc_stateid\">0</Data>\n<Data Name=\"restartDate\"></Data>\n<Data Name=\"restartTime\"></Data>\n</EventData>\n</Event>\n"
  },
  {
    "EventID": 42,
    "Timestamp": "2014-01-25 18:22:45.272396+00:00",
    "Computer": "IACIS-HDD-2014",
    "Channel": "Microsoft-Windows-WindowsUpdateClient/Operational",
    "Level": "Information",
    "EventData": {
      "hc_stateid": "0",
      "restartDate": "",
      "restartTime": ""
    },
    "RawXml": "<Event xmlns=\"http://schemas.microsoft.com/win/2004/08/events/event\"><System><Provider Name=\"Microsoft-Windows-WindowsUpdateClient\" Guid=\"{945a8954-c147-4acd-923f-40c45405a658}\"></Provider>\n<EventID Qualifiers=\"\">42</EventID>\n<Version>0</Version>\n<Level>4</Level>\n<Task>2</Task>\n<Opcode>18</Opcode>\n<Keywords>0x4000000000000480</Keywords>\n<TimeCreated SystemTime=\"2014-01-25 18:22:45.272396+00:00\"></TimeCreated>\n<EventRecordID>365</EventRecordID>\n<Correlation ActivityID=\"\" RelatedActivityID=\"\"></Correlation>\n<Execution ProcessID=\"992\" ThreadID=\"2200\"></Execution>\n<Channel>Microsoft-Windows-WindowsUpdateClient/Operational</Channel>\n<Computer>IACIS-HDD-2014</Computer>\n<Security UserID=\"S-1-5-18\"></Security>\n</System>\n<EventData><Data Name=\"hc_stateid\">0</Data>\n<Data Name=\"restartDate\"></Data>\n<Data Name=\"restartTime\"></Data>\n</EventData>\n</Event>\n"
  },
  {
    "EventID": 42,
    "Timestamp": "2014-01-25 18:22:45.272396+00:00",
    "Computer": "IACIS-HDD-2014",
    "Channel": "Microsoft-Windows-WindowsUpdateClient/Operational",
    "Level": "Information",
    "EventData": {
      "hc_stateid": "0",
      "restartDate": "",
      "restartTime": ""
    },
    "RawXml": "<Event xmlns=\"http://schemas.microsoft.com/win/2004/08/events/event\"><System><Provider Name=\"Microsoft-Windows-WindowsUpdateClient\" Guid=\"{945a8954-c147-4acd-923f-40c45405a658}\"></Provider>\n<EventID Qualifiers=\"\">42</EventID>\n<Version>0</Version>\n<Level>4</Level>\n<Task>2</Task>\n<Opcode>18</Opcode>\n<Keywords>0x4000000000000480</Keywords>\n<TimeCreated SystemTime=\"2014-01-25 18:22:45.272396+00:00\"></TimeCreated>\n<EventRecordID>366</EventRecordID>\n<Correlation ActivityID=\"\" RelatedActivityID=\"\"></Correlation>\n<Execution ProcessID=\"992\" ThreadID=\"2200\"></Execution>\n<Channel>Microsoft-Windows-WindowsUpdateClient/Operational</Channel>\n<Computer>IACIS-HDD-2014</Computer>\n<Security UserID=\"S-1-5-18\"></Security>\n</System>\n<EventData><Data Name=\"hc_stateid\">0</Data>\n<Data Name=\"restartDate\"></Data>\n<Data Name=\"restartTime\"></Data>\n</EventData>\n</Event>\n"
  },
  {
    "EventID": 29,
    "Timestamp": "2014-01-25 18:22:45.272396+00:00",
    "Computer": "IACIS-HDD-2014",
    "Channel": "Microsoft-Windows-WindowsUpdateClient/Operational",
    "Level": "Warning",
    "EventData": {},
    "RawXml": "<Event xmlns=\"http://schemas.microsoft.com/win/2004/08/events/event\"><System><Provider Name=\"Microsoft-Windows-WindowsUpdateClient\" Guid=\"{945a8954-c147-4acd-923f-40c45405a658}\"></Provider>\n<EventID Qualifiers=\"\">29</EventID>\n<Version>0</Version>\n<Level>3</Level>\n<Task>1</Task>\n<Opcode>17</Opcode>\n<Keywords>0x4000000000000001</Keywords>\n<TimeCreated SystemTime=\"2014-01-25 18:22:45.272396+00:00\"></TimeCreated>\n<EventRecordID>367</EventRecordID>\n<Correlation ActivityID=\"\" RelatedActivityID=\"\"></Correlation>\n<Execution ProcessID=\"992\" ThreadID=\"2200\"></Execution>\n<Channel>Microsoft-Windows-WindowsUpdateClient/Operational</Channel>\n<Computer>IACIS-HDD-2014</Computer>\n<Security UserID=\"S-1-5-18\"></Security>\n</System>\n<EventData></EventData>\n</Event>\n"
  },
  {
    "EventID": 42,
    "Timestamp": "2014-01-25 18:22:45.272396+00:00",
    "Computer": "IACIS-HDD-2014",
    "Channel": "Microsoft-Windows-WindowsUpdateClient/Operational",
    "Level": "Information",
    "EventData": {
      "hc_stateid": "0",
      "restartDate": "",
      "restartTime": ""
    },
    "RawXml": "<Event xmlns=\"http://schemas.microsoft.com/win/2004/08/events/event\"><System><Provider Name=\"Microsoft-Windows-WindowsUpdateClient\" Guid=\"{945a8954-c147-4acd-923f-40c45405a658}\"></Provider>\n<EventID Qualifiers=\"\">42</EventID>\n<Version>0</Version>\n<Level>4</Level>\n<Task>2</Task>\n<Opcode>18</Opcode>\n<Keywords>0x4000000000000480</Keywords>\n<TimeCreated SystemTime=\"2014-01-25 18:22:45.272396+00:00\"></TimeCreated>\n<EventRecordID>368</EventRecordID>\n<Correlation ActivityID=\"\" RelatedActivityID=\"\"></Correlation>\n<Execution ProcessID=\"992\" ThreadID=\"2200\"></Execution>\n<Channel>Microsoft-Windows-WindowsUpdateClient/Operational</Channel>\n<Computer>IACIS-HDD-2014</Computer>\n<Security UserID=\"S-1-5-18\"></Security>\n</System>\n<EventData><Data Name=\"hc_stateid\">0</Data>\n<Data Name=\"restartDate\"></Data>\n<Data Name=\"restartTime\"></Data>\n</EventData>\n</Event>\n"
  },
  {
    "EventID": 42,
    "Timestamp": "2014-01-25 18:22:45.272396+00:00",
    "Computer": "IACIS-HDD-2014",
    "Channel": "Microsoft-Windows-WindowsUpdateClient/Operational",
    "Level": "Information",
    "EventData": {
      "hc_stateid": "0",
      "restartDate": "",
      "restartTime": ""
    },
    "RawXml": "<Event xmlns=\"http://schemas.microsoft.com/win/2004/08/events/event\"><System><Provider Name=\"Microsoft-Windows-WindowsUpdateClient\" Guid=\"{945a8954-c147-4acd-923f-40c45405a658}\"></Provider>\n<EventID Qualifiers=\"\">42</EventID>\n<Version>0</Version>\n<Level>4</Level>\n<Task>2</Task>\n<Opcode>18</Opcode>\n<Keywords>0x4000000000000480</Keywords>\n<TimeCreated SystemTime=\"2014-01-25 18:22:45.272396+00:00\"></TimeCreated>\n<EventRecordID>369</EventRecordID>\n<Correlation ActivityID=\"\" RelatedActivityID=\"\"></Correlation>\n<Execution ProcessID=\"992\" ThreadID=\"2200\"></Execution>\n<Channel>Microsoft-Windows-WindowsUpdateClient/Operational</Channel>\n<Computer>IACIS-HDD-2014</Computer>\n<Security UserID=\"S-1-5-18\"></Security>\n</System>\n<EventData><Data Name=\"hc_stateid\">0</Data>\n<Data Name=\"restartDate\"></Data>\n<Data Name=\"restartTime\"></Data>\n</EventData>\n</Event>\n"
  },
  {
    "EventID": 42,
    "Timestamp": "2014-01-25 18:22:45.272396+00:00",
    "Computer": "IACIS-HDD-2014",
    "Channel": "Microsoft-Windows-WindowsUpdateClient/Operational",
    "Level": "Information",
    "EventData": {
      "hc_stateid": "0",
      "restartDate": "",
      "restartTime": ""
    },
    "RawXml": "<Event xmlns=\"http://schemas.microsoft.com/win/2004/08/events/event\"><System><Provider Name=\"Microsoft-Windows-WindowsUpdateClient\" Guid=\"{945a8954-c147-4acd-923f-40c45405a658}\"></Provider>\n<EventID Qualifiers=\"\">42</EventID>\n<Version>0</Version>\n<Level>4</Level>\n<Task>2</Task>\n<Opcode>18</Opcode>\n<Keywords>0x4000000000000480</Keywords>\n<TimeCreated SystemTime=\"2014-01-25 18:22:45.272396+00:00\"></TimeCreated>\n<EventRecordID>370</EventRecordID>\n<Correlation ActivityID=\"\" RelatedActivityID=\"\"></Correlation>\n<Execution ProcessID=\"992\" ThreadID=\"2200\"></Execution>\n<Channel>Microsoft-Windows-WindowsUpdateClient/Operational</Channel>\n<Computer>IACIS-HDD-2014</Computer>\n<Security UserID=\"S-1-5-18\"></Security>\n</System>\n<EventData><Data Name=\"hc_stateid\">0</Data>\n<Data Name=\"restartDate\"></Data>\n<Data Name=\"restartTime\"></Data>\n</EventData>\n</Event>\n"
  },
  {
    "EventID": 42,
    "Timestamp": "2014-01-25 18:30:48.319248+00:00",
    "Computer": "IACIS-HDD-2014",
    "Channel": "Microsoft-Windows-WindowsUpdateClient/Operational",
    "Level": "Information",
    "EventData": {
      "hc_stateid": "0",
      "restartDate": "",
      "restartTime": ""
    },
    "RawXml": "<Event xmlns=\"http://schemas.microsoft.com/win/2004/08/events/event\"><System><Provider Name=\"Microsoft-Windows-WindowsUpdateClient\" Guid=\"{945a8954-c147-4acd-923f-40c45405a658}\"></Provider>\n<EventID Qualifiers=\"\">42</EventID>\n<Version>0</Version>\n<Level>4</Level>\n<Task>2</Task>\n<Opcode>18</Opcode>\n<Keywords>0x4000000000000480</Keywords>\n<TimeCreated SystemTime=\"2014-01-25 18:30:48.319248+00:00\"></TimeCreated>\n<EventRecordID>371</EventRecordID>\n<Correlation ActivityID=\"\" RelatedActivityID=\"\"></Correlation>\n<Execution ProcessID=\"992\" ThreadID=\"3024\"></Execution>\n<Channel>Microsoft-Windows-WindowsUpdateClient/Operational</Channel>\n<Computer>IACIS-HDD-2014</Computer>\n<Security UserID=\"S-1-5-18\"></Security>\n</System>\n<EventData><Data Name=\"hc_stateid\">0</Data>\n<Data Name=\"restartDate\"></Data>\n<Data Name=\"restartTime\"></Data>\n</EventData>\n</Event>\n"
  },
  {
    "EventID": 39,
    "Timestamp": "2014-01-25 18:30:48.319248+00:00",
    "Computer": "IACIS-HDD-2014",
    "Channel": "Microsoft-Windows-WindowsUpdateClient/Operational",
    "Level": "Information",
    "EventData": {},
    "RawXml": "<Event xmlns=\"http://schemas.microsoft.com/win/2004/08/events/event\"><System><Provider Name=\"Microsoft-Windows-WindowsUpdateClient\" Guid=\"{945a8954-c147-4acd-923f-40c45405a658}\"></Provider>\n<EventID Qualifiers=\"\">39</EventID>\n<Version>0</Version>\n<Level>4</Level>\n<Task>1</Task>\n<Opcode>17</Opcode>\n<Keywords>0x4000000000000280</Keywords>\n<TimeCreated SystemTime=\"2014-01-25 18:30:48.319248+00:00\"></TimeCreated>\n<EventRecordID>372</EventRecordID>\n<Correlation ActivityID=\"\" RelatedActivityID=\"\"></Correlation>\n<Execution ProcessID=\"992\" ThreadID=\"3024\"></Execution>\n<Channel>Microsoft-Windows-WindowsUpdateClient/Operational</Channel>\n<Computer>IACIS-HDD-2014</Computer>\n<Security UserID=\"S-1-5-18\"></Security>\n</System>\n<EventData></EventData>\n</Event>\n"
  },
  {
    "EventID": 42,
    "Timestamp": "2014-01-29 12:34:08.652912+00:00",
    "Computer": "IACIS-HDD-2014",
    "Channel": "Microsoft-Windows-WindowsUpdateClient/Operational",
    "Level": "Information",
    "EventData": {
      "hc_stateid": "0",
      "restartDate": "",
      "restartTime": ""
    },
    "RawXml": "<Event xmlns=\"http://schemas.microsoft.com/win/2004/08/events/event\"><System><Provider Name=\"Microsoft-Windows-WindowsUpdateClient\" Guid=\"{945a8954-c147-4acd-923f-40c45405a658}\"></Provider>\n<EventID Qualifiers=\"\">42</EventID>\n<Version>0</Version>\n<Level>4</Level>\n<Task>2</Task>\n<Opcode>18</Opcode>\n<Keywords>0x4000000000000480</Keywords>\n<TimeCreated SystemTime=\"2014-01-29 12:34:08.652912+00:00\"></TimeCreated>\n<EventRecordID>373</EventRecordID>\n<Correlation ActivityID=\"\" RelatedActivityID=\"\"></Correlation>\n<Execution ProcessID=\"972\" ThreadID=\"2416\"></Execution>\n<Channel>Microsoft-Windows-WindowsUpdateClient/Operational</Channel>\n<Computer>IACIS-HDD-2014</Computer>\n<Security UserID=\"S-1-5-18\"></Security>\n</System>\n<EventData><Data Name=\"hc_stateid\">0</Data>\n<Data Name=\"restartDate\"></Data>\n<Data Name=\"restartTime\"></Data>\n</EventData>\n</Event>\n"
  },
  {
    "EventID": 42,
    "Timestamp": "2014-01-29 12:34:08.652912+00:00",
    "Computer": "IACIS-HDD-2014",
    "Channel": "Microsoft-Windows-WindowsUpdateClient/Operational",
    "Level": "Information",
    "EventData": {
      "hc_stateid": "0",
      "restartDate": "",
      "restartTime": ""
    },
    "RawXml": "<Event xmlns=\"http://schemas.microsoft.com/win/2004/08/events/event\"><System><Provider Name=\"Microsoft-Windows-WindowsUpdateClient\" Guid=\"{945a8954-c147-4acd-923f-40c45405a658}\"></Provider>\n<EventID Qualifiers=\"\">42</EventID>\n<Version>0</Version>\n<Level>4</Level>\n<Task>2</Task>\n<Opcode>18</Opcode>\n<Keywords>0x4000000000000480</Keywords>\n<TimeCreated SystemTime=\"2014-01-29 12:34:08.652912+00:00\"></TimeCreated>\n<EventRecordID>374</EventRecordID>\n<Correlation ActivityID=\"\" RelatedActivityID=\"\"></Correlation>\n<Execution ProcessID=\"972\" ThreadID=\"2416\"></Execution>\n<Channel>Microsoft-Windows-WindowsUpdateClient/Operational</Channel>\n<Computer>IACIS-HDD-2014</Computer>\n<Security UserID=\"S-1-5-18\"></Security>\n</System>\n<EventData><Data Name=\"hc_stateid\">0</Data>\n<Data Name=\"restartDate\"></Data>\n<Data Name=\"restartTime\"></Data>\n</EventData>\n</Event>\n"
  },
  {
    "EventID": 30,
    "Timestamp": "2014-01-29 12:34:08.652912+00:00",
    "Computer": "IACIS-HDD-2014",
    "Channel": "Microsoft-Windows-WindowsUpdateClient/Operational",
    "Level": "Information",
    "EventData": {},
    "RawXml": "<Event xmlns=\"http://schemas.microsoft.com/win/2004/08/events/event\"><System><Provider Name=\"Microsoft-Windows-WindowsUpdateClient\" Guid=\"{945a8954-c147-4acd-923f-40c45405a658}\"></Provider>\n<EventID Qualifiers=\"\">30</EventID>\n<Version>0</Version>\n<Level>4</Level>\n<Task>1</Task>\n<Opcode>17</Opcode>\n<Keywords>0x4000000000000001</Keywords>\n<TimeCreated SystemTime=\"2014-01-29 12:34:08.652912+00:00\"></TimeCreated>\n<EventRecordID>375</EventRecordID>\n<Correlation ActivityID=\"\" RelatedActivityID=\"\"></Correlation>\n<Execution ProcessID=\"972\" ThreadID=\"2416\"></Execution>\n<Channel>Microsoft-Windows-WindowsUpdateClient/Operational</Channel>\n<Computer>IACIS-HDD-2014</Computer>\n<Security UserID=\"S-1-5-18\"></Security>\n</System>\n<EventData></EventData>\n</Event>\n"
  },
  {
    "EventID": 42,
    "Timestamp": "2014-01-29 12:34:08.684111+00:00",
    "Computer": "IACIS-HDD-2014",
    "Channel": "Microsoft-Windows-WindowsUpdateClient/Operational",
    "Level": "Information",
    "EventData": {
      "hc_stateid": "0",
      "restartDate": "",
      "restartTime": ""
    },
    "RawXml": "<Event xmlns=\"http://schemas.microsoft.com/win/2004/08/events/event\"><System><Provider Name=\"Microsoft-Windows-WindowsUpdateClient\" Guid=\"{945a8954-c147-4acd-923f-40c45405a658}\"></Provider>\n<EventID Qualifiers=\"\">42</EventID>\n<Version>0</Version>\n<Level>4</Level>\n<Task>2</Task>\n<Opcode>18</Opcode>\n<Keywords>0x4000000000000480</Keywords>\n<TimeCreated SystemTime=\"2014-01-29 12:34:08.684111+00:00\"></TimeCreated>\n<EventRecordID>376</EventRecordID>\n<Correlation ActivityID=\"\" RelatedActivityID=\"\"></Correlation>\n<Execution ProcessID=\"972\" ThreadID=\"2416\"></Execution>\n<Channel>Microsoft-Windows-WindowsUpdateClient/Operational</Channel>\n<Computer>IACIS-HDD-2014</Computer>\n<Security UserID=\"S-1-5-18\"></Security>\n</System>\n<EventData><Data Name=\"hc_stateid\">0</Data>\n<Data Name=\"restartDate\"></Data>\n<Data Name=\"restartTime\"></Data>\n</EventData>\n</Event>\n"
  },
  {
    "EventID": 26,
    "Timestamp": "2014-01-29 12:34:08.715311+00:00",
    "Computer": "IACIS-HDD-2014",
    "Channel": "Microsoft-Windows-WindowsUpdateClient/Operational",
    "Level": "Information",
    "EventData": {},
    "RawXml": "<Event xmlns=\"http://schemas.microsoft.com/win/2004/08/events/event\"><System><Provider Name=\"Microsoft-Windows-WindowsUpdateClient\" Guid=\"{945a8954-c147-4acd-923f-40c45405a658}\"></Provider>\n<EventID Qualifiers=\"\">26</EventID>\n<Version>0</Version>\n<Level>4</Level>\n<Task>1</Task>\n<Opcode>11</Opcode>\n<Keywords>0x4000000000000012</Keywords>\n<TimeCreated SystemTime=\"2014-01-29 12:34:08.715311+00:00\"></TimeCreated>\n<EventRecordID>377</EventRecordID>\n<Correlation ActivityID=\"\" RelatedActivityID=\"\"></Correlation>\n<Execution ProcessID=\"972\" ThreadID=\"2416\"></Execution>\n<Channel>Microsoft-Windows-WindowsUpdateClient/Operational</Channel>\n<Computer>IACIS-HDD-2014</Computer>\n<Security UserID=\"S-1-5-18\"></Security>\n</System>\n<UserData><updateCount xmlns:auto-ns3=\"http://schemas.microsoft.com/win/2004/08/events\" xmlns=\"http://manifests.microsoft.com/win/2004/08/windows/eventlog\">90</updateCount>\n</UserData>\n</Event>\n"
  },
  {
    "EventID": 40,
    "Timestamp": "2014-01-29 12:34:08.715311+00:00",
    "Computer": "IACIS-HDD-2014",
    "Channel": "Microsoft-Windows-WindowsUpdateClient/Operational",
    "Level": "Information",
    "EventData": {
      "updateGuid": "{4f9af231-5723-4a52-9293-015d4e5d4cdf}",
      "updateRevisionNumber": "103"
    },
    "RawXml": "<Event xmlns=\"http://schemas.microsoft.com/win/2004/08/events/event\"><System><Provider Name=\"Microsoft-Windows-WindowsUpdateClient\" Guid=\"{945a8954-c147-4acd-923f-40c45405a658}\"></Provider>\n<EventID Qualifiers=\"\">40</EventID>\n<Version>0</Version>\n<Level>4</Level>\n<Task>1</Task>\n<Opcode>17</Opcode>\n<Keywords>0x4000000000000002</Keywords>\n<TimeCreated SystemTime=\"2014-01-29 12:34:08.715311+00:00\"></TimeCreated>\n<EventRecordID>378</EventRecordID>\n<Correlation ActivityID=\"\" RelatedActivityID=\"\"></Correlation>\n<Execution ProcessID=\"972\" ThreadID=\"2416\"></Execution>\n<Channel>Microsoft-Windows-WindowsUpdateClient/Operational</Channel>\n<Computer>IACIS-HDD-2014</Computer>\n<Security UserID=\"S-1-5-18\"></Security>\n</System>\n<EventData><Data Name=\"updateGuid\">{4f9af231-5723-4a52-9293-015d4e5d4cdf}</Data>\n<Data Name=\"updateRevisionNumber\">103</Data>\n</EventData>\n</Event>\n"
  },
  {
    "EventID": 40,
    "Timestamp": "2014-01-29 12:34:08.715311+00:00",
    "Computer": "IACIS-HDD-2014",
    "Channel": "Microsoft-Windows-WindowsUpdateClient/Operational",
    "Level": "Information",
    "EventData": {
      "updateGuid": "{7363544a-fcb9-45c7-8be3-0cc41d915671}",
      "updateRevisionNumber": "103"
    },
    "RawXml": "<Event xmlns=\"http://schemas.microsoft.com/win/2004/08/events/event\"><System><Provider Name=\"Microsoft-Windows-WindowsUpdateClient\" Guid=\"{945a8954-c147-4acd-923f-40c45405a658}\"></Provider>\n<EventID Qualifiers=\"\">40</EventID>\n<Version>0</Version>\n<Level>4</Level>\n<Task>1</Task>\n<Opcode>17</Opcode>\n<Keywords>0x4000000000000002</Keywords>\n<TimeCreated SystemTime=\"2014-01-29 12:34:08.715311+00:00\"></TimeCreated>\n<EventRecordID>379</EventRecordID>\n<Correlation ActivityID=\"\" RelatedActivityID=\"\"></Correlation>\n<Execution ProcessID=\"972\" ThreadID=\"2416\"></Execution>\n<Channel>Microsoft-Windows-WindowsUpdateClient/Operational</Channel>\n<Computer>IACIS-HDD-2014</Computer>\n<Security UserID=\"S-1-5-18\"></Security>\n</System>\n<EventData><Data Name=\"updateGuid\">{7363544a-fcb9-45c7-8be3-0cc41d915671}</Data>\n<Data Name=\"updateRevisionNumber\">103</Data>\n</EventData>\n</Event>\n"
  },
  {
    "EventID": 40,
    "Timestamp": "2014-01-29 12:34:08.715311+00:00",
    "Computer": "IACIS-HDD-2014",
    "Channel": "Microsoft-Windows-WindowsUpdateClient/Operational",
    "Level": "Information",
    "EventData": {
      "updateGuid": "{a8f9826c-d3fb-479b-bc98-2019c447fb2a}",
      "updateRevisionNumber": "103"
    },
    "RawXml": "<Event xmlns=\"http://schemas.microsoft.com/win/2004/08/events/event\"><System><Provider Name=\"Microsoft-Windows-WindowsUpdateClient\" Guid=\"{945a8954-c147-4acd-923f-40c45405a658}\"></Provider>\n<EventID Qualifiers=\"\">40</EventID>\n<Version>0</Version>\n<Level>4</Level>\n<Task>1</Task>\n<Opcode>17</Opcode>\n<Keywords>0x4000000000000002</Keywords>\n<TimeCreated SystemTime=\"2014-01-29 12:34:08.715311+00:00\"></TimeCreated>\n<EventRecordID>380</EventRecordID>\n<Correlation ActivityID=\"\" RelatedActivityID=\"\"></Correlation>\n<Execution ProcessID=\"972\" ThreadID=\"2416\"></Execution>\n<Channel>Microsoft-Windows-WindowsUpdateClient/Operational</Channel>\n<Computer>IACIS-HDD-2014</Computer>\n<Security UserID=\"S-1-5-18\"></Security>\n</System>\n<EventData><Data Name=\"updateGuid\">{a8f9826c-d3fb-479b-bc98-2019c447fb2a}</Data>\n<Data Name=\"updateRevisionNumber\">103</Data>\n</EventData>\n</Event>\n"
  },
  {
    "EventID": 40,
    "Timestamp": "2014-01-29 12:34:08.715311+00:00",
    "Computer": "IACIS-HDD-2014",
    "Channel": "Microsoft-Windows-WindowsUpdateClient/Operational",
    "Level": "Information",
    "EventData": {
      "updateGuid": "{40281aed-f5e1-4cf2-b933-247a7b569465}",
      "updateRevisionNumber": "103"
    },
    "RawXml": "<Event xmlns=\"http://schemas.microsoft.com/win/2004/08/events/event\"><System><Provider Name=\"Microsoft-Windows-WindowsUpdateClient\" Guid=\"{945a8954-c147-4acd-923f-40c45405a658}\"></Provider>\n<EventID Qualifiers=\"\">40</EventID>\n<Version>0</Version>\n<Level>4</Level>\n<Task>1</Task>\n<Opcode>17</Opcode>\n<Keywords>0x4000000000000002</Keywords>\n<TimeCreated SystemTime=\"2014-01-29 12:34:08.715311+00:00\"></TimeCreated>\n<EventRecordID>381</EventRecordID>\n<Correlation ActivityID=\"\" RelatedActivityID=\"\"></Correlation>\n<Execution ProcessID=\"972\" ThreadID=\"2416\"></Execution>\n<Channel>Microsoft-Windows-WindowsUpdateClient/Operational</Channel>\n<Computer>IACIS-HDD-2014</Computer>\n<Security UserID=\"S-1-5-18\"></Security>\n</System>\n<EventData><Data Name=\"updateGuid\">{40281aed-f5e1-4cf2-b933-247a7b569465}</Data>\n<Data Name=\"updateRevisionNumber\">103</Data>\n</EventData>\n</Event>\n"
  },
  {
    "EventID": 40,
    "Timestamp": "2014-01-29 12:34:08.715311+00:00",
    "Computer": "IACIS-HDD-2014",
    "Channel": "Microsoft-Windows-WindowsUpdateClient/Operational",
    "Level": "Information",
    "EventData": {
      "updateGuid": "{0a573204-a128-4b59-a9d7-2c94347b6d65}",
      "updateRevisionNumber": "103"
    },
    "RawXml": "<Event xmlns=\"http://schemas.microsoft.com/win/2004/08/events/event\"><System><Provider Name=\"Microsoft-Windows-WindowsUpdateClient\" Guid=\"{945a8954-c147-4acd-923f-40c45405a658}\"></Provider>\n<EventID Qualifiers=\"\">40</EventID>\n<Version>0</Version>\n<Level>4</Level>\n<Task>1</Task>\n<Opcode>17</Opcode>\n<Keywords>0x4000000000000002</Keywords>\n<TimeCreated SystemTime=\"2014-01-29 12:34:08.715311+00:00\"></TimeCreated>\n<EventRecordID>382</EventRecordID>\n<Correlation ActivityID=\"\" RelatedActivityID=\"\"></Correlation>\n<Execution ProcessID=\"972\" ThreadID=\"2416\"></Execution>\n<Channel>Microsoft-Windows-WindowsUpdateClient/Operational</Channel>\n<Computer>IACIS-HDD-2014</Computer>\n<Security UserID=\"S-1-5-18\"></Security>\n</System>\n<EventData><Data Name=\"updateGuid\">{0a573204-a128-4b59-a9d7-2c94347b6d65}</Data>\n<Data Name=\"updateRevisionNumber\">103</Data>\n</EventData>\n</Event>\n"
  },
  {
    "EventID": 40,
    "Timestamp": "2014-01-29 12:34:08.715311+00:00",
    "Computer": "IACIS-HDD-2014",
    "Channel": "Microsoft-Windows-WindowsUpdateClient/Operational",
    "Level": "Information",
    "EventData": {
      "updateGuid": "{9e928520-32a2-45cb-8be1-30524f9dca22}",
      "updateRevisionNumber": "103"
    },
    "RawXml": "<Event xmlns=\"http://schemas.microsoft.com/win/2004/08/events/event\"><System><Provider Name=\"Microsoft-Windows-WindowsUpdateClient\" Guid=\"{945a8954-c147-4acd-923f-40c45405a658}\"></Provider>\n<EventID Qualifiers=\"\">40</EventID>\n<Version>0</Version>\n<Level>4</Level>\n<Task>1</Task>\n<Opcode>17</Opcode>\n<Keywords>0x4000000000000002</Keywords>\n<TimeCreated SystemTime=\"2014-01-29 12:34:08.715311+00:00\"></TimeCreated>\n<EventRecordID>383</EventRecordID>\n<Correlation ActivityID=\"\" RelatedActivityID=\"\"></Correlation>\n<Execution ProcessID=\"972\" ThreadID=\"2416\"></Execution>\n<Channel>Microsoft-Windows-WindowsUpdateClient/Operational</Channel>\n<Computer>IACIS-HDD-2014</Computer>\n<Security UserID=\"S-1-5-18\"></Security>\n</System>\n<EventData><Data Name=\"updateGuid\">{9e928520-32a2-45cb-8be1-30524f9dca22}</Data>\n<Data Name=\"updateRevisionNumber\">103</Data>\n</EventData>\n</Event>\n"
  },
  {
    "EventID": 40,
    "Timestamp": "2014-01-29 12:34:08.715311+00:00",
    "Computer": "IACIS-HDD-2014",
    "Channel": "Microsoft-Windows-WindowsUpdateClient/Operational",
    "Level": "Information",
    "EventData": {
      "updateGuid": "{85a1454b-5b3c-4419-8be4-36d2e1a5efea}",
      "updateRevisionNumber": "103"
    },
    "RawXml": "<Event xmlns=\"http://schemas.microsoft.com/win/2004/08/events/event\"><System><Provider Name=\"Microsoft-Windows-WindowsUpdateClient\" Guid=\"{945a8954-c147-4acd-923f-40c45405a658}\"></Provider>\n<EventID Qualifiers=\"\">40</EventID>\n<Version>0</Version>\n<Level>4</Level>\n<Task>1</Task>\n<Opcode>17</Opcode>\n<Keywords>0x4000000000000002</Keywords>\n<TimeCreated SystemTime=\"2014-01-29 12:34:08.715311+00:00\"></TimeCreated>\n<EventRecordID>384</EventRecordID>\n<Correlation ActivityID=\"\" RelatedActivityID=\"\"></Correlation>\n<Execution ProcessID=\"972\" ThreadID=\"2416\"></Execution>\n<Channel>Microsoft-Windows-WindowsUpdateClient/Operational</Channel>\n<Computer>IACIS-HDD-2014</Computer>\n<Security UserID=\"S-1-5-18\"></Security>\n</System>\n<EventData><Data Name=\"updateGuid\">{85a1454b-5b3c-4419-8be4-36d2e1a5efea}</Data>\n<Data Name=\"updateRevisionNumber\">103</Data>\n</EventData>\n</Event>\n"
  },
  {
    "EventID": 40,
    "Timestamp": "2014-01-29 12:34:08.715311+00:00",
    "Computer": "IACIS-HDD-2014",
    "Channel": "Microsoft-Windows-WindowsUpdateClient/Operational",
    "Level": "Information",
    "EventData": {
      "updateGuid": "{e51eee53-3f0e-4036-9e9c-379ee8d5d2ae}",
      "updateRevisionNumber": "103"
    },
    "RawXml": "<Event xmlns=\"http://schemas.microsoft.com/win/2004/08/events/event\"><System><Provider Name=\"Microsoft-Windows-WindowsUpdateClient\" Guid=\"{945a8954-c147-4acd-923f-40c45405a658}\"></Provider>\n<EventID Qualifiers=\"\">40</EventID>\n<Version>0</Version>\n<Level>4</Level>\n<Task>1</Task>\n<Opcode>17</Opcode>\n<Keywords>0x4000000000000002</Keywords>\n<TimeCreated SystemTime=\"2014-01-29 12:34:08.715311+00:00\"></TimeCreated>\n<EventRecordID>385</EventRecordID>\n<Correlation ActivityID=\"\" RelatedActivityID=\"\"></Correlation>\n<Execution ProcessID=\"972\" ThreadID=\"2416\"></Execution>\n<Channel>Microsoft-Windows-WindowsUpdateClient/Operational</Channel>\n<Computer>IACIS-HDD-2014</Computer>\n<Security UserID=\"S-1-5-18\"></Security>\n</System>\n<EventData><Data Name=\"updateGuid\">{e51eee53-3f0e-4036-9e9c-379ee8d5d2ae}</Data>\n<Data Name=\"updateRevisionNumber\">103</Data>\n</EventData>\n</Event>\n"
  },
  {
    "EventID": 40,
    "Timestamp": "2014-01-29 12:34:08.715311+00:00",
    "Computer": "IACIS-HDD-2014",
    "Channel": "Microsoft-Windows-WindowsUpdateClient/Operational",
    "Level": "Information",
    "EventData": {
      "updateGuid": "{80aef0a5-249c-45a5-8df1-3b8f6fe7098f}",
      "updateRevisionNumber": "103"
    },
    "RawXml": "<Event xmlns=\"http://schemas.microsoft.com/win/2004/08/events/event\"><System><Provider Name=\"Microsoft-Windows-WindowsUpdateClient\" Guid=\"{945a8954-c147-4acd-923f-40c45405a658}\"></Provider>\n<EventID Qualifiers=\"\">40</EventID>\n<Version>0</Version>\n<Level>4</Level>\n<Task>1</Task>\n<Opcode>17</Opcode>\n<Keywords>0x4000000000000002</Keywords>\n<TimeCreated SystemTime=\"2014-01-29 12:34:08.715311+00:00\"></TimeCreated>\n<EventRecordID>386</EventRecordID>\n<Correlation ActivityID=\"\" RelatedActivityID=\"\"></Correlation>\n<Execution ProcessID=\"972\" ThreadID=\"2416\"></Execution>\n<Channel>Microsoft-Windows-WindowsUpdateClient/Operational</Channel>\n<Computer>IACIS-HDD-2014</Computer>\n<Security UserID=\"S-1-5-18\"></Security>\n</System>\n<EventData><Data Name=\"updateGuid\">{80aef0a5-249c-45a5-8df1-3b8f6fe7098f}</Data>\n<Data Name=\"updateRevisionNumber\">103</Data>\n</EventData>\n</Event>\n"
  },
  {
    "EventID": 40,
    "Timestamp": "2014-01-29 12:34:08.715311+00:00",
    "Computer": "IACIS-HDD-2014",
    "Channel": "Microsoft-Windows-WindowsUpdateClient/Operational",
    "Level": "Information",
    "EventData": {
      "updateGuid": "{cdaa29e4-7dd7-49e5-8d96-50b907f1d999}",
      "updateRevisionNumber": "103"
    },
    "RawXml": "<Event xmlns=\"http://schemas.microsoft.com/win/2004/08/events/event\"><System><Provider Name=\"Microsoft-Windows-WindowsUpdateClient\" Guid=\"{945a8954-c147-4acd-923f-40c45405a658}\"></Provider>\n<EventID Qualifiers=\"\">40</EventID>\n<Version>0</Version>\n<Level>4</Level>\n<Task>1</Task>\n<Opcode>17</Opcode>\n<Keywords>0x4000000000000002</Keywords>\n<TimeCreated SystemTime=\"2014-01-29 12:34:08.715311+00:00\"></TimeCreated>\n<EventRecordID>387</EventRecordID>\n<Correlation ActivityID=\"\" RelatedActivityID=\"\"></Correlation>\n<Execution ProcessID=\"972\" ThreadID=\"2416\"></Execution>\n<Channel>Microsoft-Windows-WindowsUpdateClient/Operational</Channel>\n<Computer>IACIS-HDD-2014</Computer>\n<Security UserID=\"S-1-5-18\"></Security>\n</System>\n<EventData><Data Name=\"updateGuid\">{cdaa29e4-7dd7-49e5-8d96-50b907f1d999}</Data>\n<Data Name=\"updateRevisionNumber\">103</Data>\n</EventData>\n</Event>\n"
  },
  {
    "EventID": 40,
    "Timestamp": "2014-01-29 12:34:08.715311+00:00",
    "Computer": "IACIS-HDD-2014",
    "Channel": "Microsoft-Windows-WindowsUpdateClient/Operational",
    "Level": "Information",
    "EventData": {
      "updateGuid": "{0ca1e71f-4cda-4f63-8775-5720a2185895}",
      "updateRevisionNumber": "103"
    },
    "RawXml": "<Event xmlns=\"http://schemas.microsoft.com/win/2004/08/events/event\"><System><Provider Name=\"Microsoft-Windows-WindowsUpdateClient\" Guid=\"{945a8954-c147-4acd-923f-40c45405a658}\"></Provider>\n<EventID Qualifiers=\"\">40</EventID>\n<Version>0</Version>\n<Level>4</Level>\n<Task>1</Task>\n<Opcode>17</Opcode>\n<Keywords>0x4000000000000002</Keywords>\n<TimeCreated SystemTime=\"2014-01-29 12:34:08.715311+00:00\"></TimeCreated>\n<EventRecordID>388</EventRecordID>\n<Correlation ActivityID=\"\" RelatedActivityID=\"\"></Correlation>\n<Execution ProcessID=\"972\" ThreadID=\"2416\"></Execution>\n<Channel>Microsoft-Windows-WindowsUpdateClient/Operational</Channel>\n<Computer>IACIS-HDD-2014</Computer>\n<Security UserID=\"S-1-5-18\"></Security>\n</System>\n<EventData><Data Name=\"updateGuid\">{0ca1e71f-4cda-4f63-8775-5720a2185895}</Data>\n<Data Name=\"updateRevisionNumber\">103</Data>\n</EventData>\n</Event>\n"
  },
  {
    "EventID": 40,
    "Timestamp": "2014-01-29 12:34:08.715311+00:00",
    "Computer": "IACIS-HDD-2014",
    "Channel": "Microsoft-Windows-WindowsUpdateClient/Operational",
    "Level": "Information",
    "EventData": {
      "updateGuid": "{87d29669-5fe2-49d9-bdb7-5b36168988ad}",
      "updateRevisionNumber": "103"
    },
    "RawXml": "<Event xmlns=\"http://schemas.microsoft.com/win/2004/08/events/event\"><System><Provider Name=\"Microsoft-Windows-WindowsUpdateClient\" Guid=\"{945a8954-c147-4acd-923f-40c45405a658}\"></Provider>\n<EventID Qualifiers=\"\">40</EventID>\n<Version>0</Version>\n<Level>4</Level>\n<Task>1</Task>\n<Opcode>17</Opcode>\n<Keywords>0x4000000000000002</Keywords>\n<TimeCreated SystemTime=\"2014-01-29 12:34:08.715311+00:00\"></TimeCreated>\n<EventRecordID>389</EventRecordID>\n<Correlation ActivityID=\"\" RelatedActivityID=\"\"></Correlation>\n<Execution ProcessID=\"972\" ThreadID=\"2416\"></Execution>\n<Channel>Microsoft-Windows-WindowsUpdateClient/Operational</Channel>\n<Computer>IACIS-HDD-2014</Computer>\n<Security UserID=\"S-1-5-18\"></Security>\n</System>\n<EventData><Data Name=\"updateGuid\">{87d29669-5fe2-49d9-bdb7-5b36168988ad}</Data>\n<Data Name=\"updateRevisionNumber\">103</Data>\n</EventData>\n</Event>\n"
  },
  {
    "EventID": 40,
    "Timestamp": "2014-01-29 12:34:08.715311+00:00",
    "Computer": "IACIS-HDD-2014",
    "Channel": "Microsoft-Windows-WindowsUpdateClient/Operational",
    "Level": "Information",
    "EventData": {
      "updateGuid": "{b8581264-5b75-4ddd-964e-6b46d2847e10}",
      "updateRevisionNumber": "103"
    },
    "RawXml": "<Event xmlns=\"http://schemas.microsoft.com/win/2004/08/events/event\"><System><Provider Name=\"Microsoft-Windows-WindowsUpdateClient\" Guid=\"{945a8954-c147-4acd-923f-40c45405a658}\"></Provider>\n<EventID Qualifiers=\"\">40</EventID>\n<Version>0</Version>\n<Level>4</Level>\n<Task>1</Task>\n<Opcode>17</Opcode>\n<Keywords>0x4000000000000002</Keywords>\n<TimeCreated SystemTime=\"2014-01-29 12:34:08.715311+00:00\"></TimeCreated>\n<EventRecordID>390</EventRecordID>\n<Correlation ActivityID=\"\" RelatedActivityID=\"\"></Correlation>\n<Execution ProcessID=\"972\" ThreadID=\"2416\"></Execution>\n<Channel>Microsoft-Windows-WindowsUpdateClient/Operational</Channel>\n<Computer>IACIS-HDD-2014</Computer>\n<Security UserID=\"S-1-5-18\"></Security>\n</System>\n<EventData><Data Name=\"updateGuid\">{b8581264-5b75-4ddd-964e-6b46d2847e10}</Data>\n<Data Name=\"updateRevisionNumber\">103</Data>\n</EventData>\n</Event>\n"
  },
  {
    "EventID": 40,
    "Timestamp": "2014-01-29 12:34:08.715311+00:00",
    "Computer": "IACIS-HDD-2014",
    "Channel": "Microsoft-Windows-WindowsUpdateClient/Operational",
    "Level": "Information",
    "EventData": {
      "updateGuid": "{b57b109c-58c6-410a-87ab-6ef7422826ed}",
      "updateRevisionNumber": "103"
    },
    "RawXml": "<Event xmlns=\"http://schemas.microsoft.com/win/2004/08/events/event\"><System><Provider Name=\"Microsoft-Windows-WindowsUpdateClient\" Guid=\"{945a8954-c147-4acd-923f-40c45405a658}\"></Provider>\n<EventID Qualifiers=\"\">40</EventID>\n<Version>0</Version>\n<Level>4</Level>\n<Task>1</Task>\n<Opcode>17</Opcode>\n<Keywords>0x4000000000000002</Keywords>\n<TimeCreated SystemTime=\"2014-01-29 12:34:08.715311+00:00\"></TimeCreated>\n<EventRecordID>391</EventRecordID>\n<Correlation ActivityID=\"\" RelatedActivityID=\"\"></Correlation>\n<Execution ProcessID=\"972\" ThreadID=\"2416\"></Execution>\n<Channel>Microsoft-Windows-WindowsUpdateClient/Operational</Channel>\n<Computer>IACIS-HDD-2014</Computer>\n<Security UserID=\"S-1-5-18\"></Security>\n</System>\n<EventData><Data Name=\"updateGuid\">{b57b109c-58c6-410a-87ab-6ef7422826ed}</Data>\n<Data Name=\"updateRevisionNumber\">103</Data>\n</EventData>\n</Event>\n"
  },
  {
    "EventID": 40,
    "Timestamp": "2014-01-29 12:34:08.715311+00:00",
    "Computer": "IACIS-HDD-2014",
    "Channel": "Microsoft-Windows-WindowsUpdateClient/Operational",
    "Level": "Information",
    "EventData": {
      "updateGuid": "{951000a7-8631-414c-9fbd-70b1b30c2e6f}",
      "updateRevisionNumber": "103"
    },
    "RawXml": "<Event xmlns=\"http://schemas.microsoft.com/win/2004/08/events/event\"><System><Provider Name=\"Microsoft-Windows-WindowsUpdateClient\" Guid=\"{945a8954-c147-4acd-923f-40c45405a658}\"></Provider>\n<EventID Qualifiers=\"\">40</EventID>\n<Version>0</Version>\n<Level>4</Level>\n<Task>1</Task>\n<Opcode>17</Opcode>\n<Keywords>0x4000000000000002</Keywords>\n<TimeCreated SystemTime=\"2014-01-29 12:34:08.715311+00:00\"></TimeCreated>\n<EventRecordID>392</EventRecordID>\n<Correlation ActivityID=\"\" RelatedActivityID=\"\"></Correlation>\n<Execution ProcessID=\"972\" ThreadID=\"2416\"></Execution>\n<Channel>Microsoft-Windows-WindowsUpdateClient/Operational</Channel>\n<Computer>IACIS-HDD-2014</Computer>\n<Security UserID=\"S-1-5-18\"></Security>\n</System>\n<EventData><Data Name=\"updateGuid\">{951000a7-8631-414c-9fbd-70b1b30c2e6f}</Data>\n<Data Name=\"updateRevisionNumber\">103</Data>\n</EventData>\n</Event>\n"
  },
  {
    "EventID": 40,
    "Timestamp": "2014-01-29 12:34:08.715311+00:00",
    "Computer": "IACIS-HDD-2014",
    "Channel": "Microsoft-Windows-WindowsUpdateClient/Operational",
    "Level": "Information",
    "EventData": {
      "updateGuid": "{0ca5d635-1450-4bf9-98ad-88673c9cc19d}",
      "updateRevisionNumber": "103"
    },
    "RawXml": "<Event xmlns=\"http://schemas.microsoft.com/win/2004/08/events/event\"><System><Provider Name=\"Microsoft-Windows-WindowsUpdateClient\" Guid=\"{945a8954-c147-4acd-923f-40c45405a658}\"></Provider>\n<EventID Qualifiers=\"\">40</EventID>\n<Version>0</Version>\n<Level>4</Level>\n<Task>1</Task>\n<Opcode>17</Opcode>\n<Keywords>0x4000000000000002</Keywords>\n<TimeCreated SystemTime=\"2014-01-29 12:34:08.715311+00:00\"></TimeCreated>\n<EventRecordID>393</EventRecordID>\n<Correlation ActivityID=\"\" RelatedActivityID=\"\"></Correlation>\n<Execution ProcessID=\"972\" ThreadID=\"2416\"></Execution>\n<Channel>Microsoft-Windows-WindowsUpdateClient/Operational</Channel>\n<Computer>IACIS-HDD-2014</Computer>\n<Security UserID=\"S-1-5-18\"></Security>\n</System>\n<EventData><Data Name=\"updateGuid\">{0ca5d635-1450-4bf9-98ad-88673c9cc19d}</Data>\n<Data Name=\"updateRevisionNumber\">103</Data>\n</EventData>\n</Event>\n"
  },
  {
    "EventID": 40,
    "Timestamp": "2014-01-29 12:34:08.715311+00:00",
    "Computer": "IACIS-HDD-2014",
    "Channel": "Microsoft-Windows-WindowsUpdateClient/Operational",
    "Level": "Information",
    "EventData": {
      "updateGuid": "{0338b2cb-ee95-4e8e-bb9c-9019b1ac3d5e}",
      "updateRevisionNumber": "103"
    },
    "RawXml": "<Event xmlns=\"http://schemas.microsoft.com/win/2004/08/events/event\"><System><Provider Name=\"Microsoft-Windows-WindowsUpdateClient\" Guid=\"{945a8954-c147-4acd-923f-40c45405a658}\"></Provider>\n<EventID Qualifiers=\"\">40</EventID>\n<Version>0</Version>\n<Level>4</Level>\n<Task>1</Task>\n<Opcode>17</Opcode>\n<Keywords>0x4000000000000002</Keywords>\n<TimeCreated SystemTime=\"2014-01-29 12:34:08.715311+00:00\"></TimeCreated>\n<EventRecordID>394</EventRecordID>\n<Correlation ActivityID=\"\" RelatedActivityID=\"\"></Correlation>\n<Execution ProcessID=\"972\" ThreadID=\"2416\"></Execution>\n<Channel>Microsoft-Windows-WindowsUpdateClient/Operational</Channel>\n<Computer>IACIS-HDD-2014</Computer>\n<Security UserID=\"S-1-5-18\"></Security>\n</System>\n<EventData><Data Name=\"updateGuid\">{0338b2cb-ee95-4e8e-bb9c-9019b1ac3d5e}</Data>\n<Data Name=\"updateRevisionNumber\">103</Data>\n</EventData>\n</Event>\n"
  },
  {
    "EventID": 40,
    "Timestamp": "2014-01-29 12:34:08.715311+00:00",
    "Computer": "IACIS-HDD-2014",
    "Channel": "Microsoft-Windows-WindowsUpdateClient/Operational",
    "Level": "Information",
    "EventData": {
      "updateGuid": "{3990251b-0690-4bbc-b59f-904d0a912b36}",
      "updateRevisionNumber": "103"
    },
    "RawXml": "<Event xmlns=\"http://schemas.microsoft.com/win/2004/08/events/event\"><System><Provider Name=\"Microsoft-Windows-WindowsUpdateClient\" Guid=\"{945a8954-c147-4acd-923f-40c45405a658}\"></Provider>\n<EventID Qualifiers=\"\">40</EventID>\n<Version>0</Version>\n<Level>4</Level>\n<Task>1</Task>\n<Opcode>17</Opcode>\n<Keywords>0x4000000000000002</Keywords>\n<TimeCreated SystemTime=\"2014-01-29 12:34:08.715311+00:00\"></TimeCreated>\n<EventRecordID>395</EventRecordID>\n<Correlation ActivityID=\"\" RelatedActivityID=\"\"></Correlation>\n<Execution ProcessID=\"972\" ThreadID=\"2416\"></Execution>\n<Channel>Microsoft-Windows-WindowsUpdateClient/Operational</Channel>\n<Computer>IACIS-HDD-2014</Computer>\n<Security UserID=\"S-1-5-18\"></Security>\n</System>\n<EventData><Data Name=\"updateGuid\">{3990251b-0690-4bbc-b59f-904d0a912b36}</Data>\n<Data Name=\"updateRevisionNumber\">103</Data>\n</EventData>\n</Event>\n"
  },
  {
    "EventID": 40,
    "Timestamp": "2014-01-29 12:34:08.715311+00:00",
    "Computer": "IACIS-HDD-2014",
    "Channel": "Microsoft-Windows-WindowsUpdateClient/Operational",
    "Level": "Information",
    "EventData": {
      "updateGuid": "{98ec768a-b7b8-4dd8-92e1-98421c0d3552}",
      "updateRevisionNumber": "103"
    },
    "RawXml": "<Event xmlns=\"http://schemas.microsoft.com/win/2004/08/events/event\"><System><Provider Name=\"Microsoft-Windows-WindowsUpdateClient\" Guid=\"{945a8954-c147-4acd-923f-40c45405a658}\"></Provider>\n<EventID Qualifiers=\"\">40</EventID>\n<Version>0</Version>\n<Level>4</Level>\n<Task>1</Task>\n<Opcode>17</Opcode>\n<Keywords>0x4000000000000002</Keywords>\n<TimeCreated SystemTime=\"2014-01-29 12:34:08.715311+00:00\"></TimeCreated>\n<EventRecordID>396</EventRecordID>\n<Correlation ActivityID=\"\" RelatedActivityID=\"\"></Correlation>\n<Execution ProcessID=\"972\" ThreadID=\"2416\"></Execution>\n<Channel>Microsoft-Windows-WindowsUpdateClient/Operational</Channel>\n<Computer>IACIS-HDD-2014</Computer>\n<Security UserID=\"S-1-5-18\"></Security>\n</System>\n<EventData><Data Name=\"updateGuid\">{98ec768a-b7b8-4dd8-92e1-98421c0d3552}</Data>\n<Data Name=\"updateRevisionNumber\">103</Data>\n</EventData>\n</Event>\n"
  },
  {
    "EventID": 40,
    "Timestamp": "2014-01-29 12:34:08.715311+00:00",
    "Computer": "IACIS-HDD-2014",
    "Channel": "Microsoft-Windows-WindowsUpdateClient/Operational",
    "Level": "Information",
    "EventData": {
      "updateGuid": "{5fc10007-56ac-4bb1-b7c3-9fa41b339359}",
      "updateRevisionNumber": "103"
    },
    "RawXml": "<Event xmlns=\"http://schemas.microsoft.com/win/2004/08/events/event\"><System><Provider Name=\"Microsoft-Windows-WindowsUpdateClient\" Guid=\"{945a8954-c147-4acd-923f-40c45405a658}\"></Provider>\n<EventID Qualifiers=\"\">40</EventID>\n<Version>0</Version>\n<Level>4</Level>\n<Task>1</Task>\n<Opcode>17</Opcode>\n<Keywords>0x4000000000000002</Keywords>\n<TimeCreated SystemTime=\"2014-01-29 12:34:08.715311+00:00\"></TimeCreated>\n<EventRecordID>397</EventRecordID>\n<Correlation ActivityID=\"\" RelatedActivityID=\"\"></Correlation>\n<Execution ProcessID=\"972\" ThreadID=\"2416\"></Execution>\n<Channel>Microsoft-Windows-WindowsUpdateClient/Operational</Channel>\n<Computer>IACIS-HDD-2014</Computer>\n<Security UserID=\"S-1-5-18\"></Security>\n</System>\n<EventData><Data Name=\"updateGuid\">{5fc10007-56ac-4bb1-b7c3-9fa41b339359}</Data>\n<Data Name=\"updateRevisionNumber\">103</Data>\n</EventData>\n</Event>\n"
  },
