  {
    "EventID": 5325,
    "Timestamp": "2014-02-16 22:47:26.377611+00:00",
    "Computer": "IACIS-HDD-2014",
    "Channel": "Microsoft-Windows-GroupPolicy/Operational",
    "Level": "Information",
    "EventData": {
      "NotificationType": "0"
    },
    "RawXml": "<Event xmlns=\"http://schemas.microsoft.com/win/2004/08/events/event\"><System><Provider Name=\"Microsoft-Windows-GroupPolicy\" Guid=\"{aea1b4fa-97d1-45f2-a64c-4d69fffd92c9}\"></Provider>\n<EventID Qualifiers=\"\">5325</EventID>\n<Version>0</Version>\n<Level>4</Level>\n<Task>0</Task>\n<Opcode>0</Opcode>\n<Keywords>0x4000000000000000</Keywords>\n<TimeCreated SystemTime=\"2014-02-16 22:47:26.377611+00:00\"></TimeCreated>\n<EventRecordID>982</EventRecordID>\n<Correlation ActivityID=\"\" RelatedActivityID=\"\"></Correlation>\n<Execution ProcessID=\"988\" ThreadID=\"992\"></Execution>\n<Channel>Microsoft-Windows-GroupPolicy/Operational</Channel>\n<Computer>IACIS-HDD-2014</Computer>\n<Security UserID=\"S-1-5-18\"></Security>\n</System>\n<EventData><Data Name=\"NotificationType\">0</Data>\n</EventData>\n</Event>\n"
  },
  {
    "EventID": 5324,
    "Timestamp": "2014-02-19 13:30:23.505629+00:00",
    "Computer": "IACIS-HDD-2014",
    "Channel": "Microsoft-Windows-GroupPolicy/Operational",
    "Level": "Information",
    "EventData": {
      "NotificationType": "0",
      "SessionId": "1"
    },
    "RawXml": "<Event xmlns=\"http://schemas.microsoft.com/win/2004/08/events/event\"><System><Provider Name=\"Microsoft-Windows-GroupPolicy\" Guid=\"{aea1b4fa-97d1-45f2-a64c-4d69fffd92c9}\"></Provider>\n<EventID Qualifiers=\"\">5324</EventID>\n<Version>0</Version>\n<Level>4</Level>\n<Task>0</Task>\n<Opcode>0</Opcode>\n<Keywords>0x4000000000000000</Keywords>\n<TimeCreated SystemTime=\"2014-02-19 13:30:23.505629+00:00\"></TimeCreated>\n<EventRecordID>983</EventRecordID>\n<Correlation ActivityID=\"\" RelatedActivityID=\"\"></Correlation>\n<Execution ProcessID=\"960\" ThreadID=\"972\"></Execution>\n<Channel>Microsoft-Windows-GroupPolicy/Operational</Channel>\n<Computer>IACIS-HDD-2014</Computer>\n<Security UserID=\"S-1-5-18\"></Security>\n</System>\n<EventData><Data Name=\"NotificationType\">0</Data>\n<Data Name=\"SessionId\">1</Data>\n</EventData>\n</Event>\n"
  },
  {
    "EventID": 5320,
    "Timestamp": "2014-02-19 13:30:23.521229+00:00",
    "Computer": "IACIS-HDD-2014",
    "Channel": "Microsoft-Windows-GroupPolicy/Operational",
    "Level": "Information",
    "EventData": {
      "InfoDescription": "%%4168"
    },
    "RawXml": "<Event xmlns=\"http://schemas.microsoft.com/win/2004/08/events/event\"><System><Provider Name=\"Microsoft-Windows-GroupPolicy\" Guid=\"{aea1b4fa-97d1-45f2-a64c-4d69fffd92c9}\"></Provider>\n<EventID Qualifiers=\"\">5320</EventID>\n<Version>0</Version>\n<Level>4</Level>\n<Task>0</Task>\n<Opcode>0</Opcode>\n<Keywords>0x4000000000000000</Keywords>\n<TimeCreated SystemTime=\"2014-02-19 13:30:23.521229+00:00\"></TimeCreated>\n<EventRecordID>984</EventRecordID>\n<Correlation ActivityID=\"\" RelatedActivityID=\"\"></Correlation>\n<Execution ProcessID=\"960\" ThreadID=\"972\"></Execution>\n<Channel>Microsoft-Windows-GroupPolicy/Operational</Channel>\n<Computer>IACIS-HDD-2014</Computer>\n<Security UserID=\"S-1-5-18\"></Security>\n</System>\n<EventData><Data Name=\"InfoDescription\">%%4168</Data>\n</EventData>\n</Event>\n"
  },
  {
    "EventID": 5320,
    "Timestamp": "2014-02-19 13:30:23.521229+00:00",
    "Computer": "IACIS-HDD-2014",
    "Channel": "Microsoft-Windows-GroupPolicy/Operational",
    "Level": "Information",
    "EventData": {
      "InfoDescription": "%%4160"
    },
    "RawXml": "<Event xmlns=\"http://schemas.microsoft.com/win/2004/08/events/event\"><System><Provider Name=\"Microsoft-Windows-GroupPolicy\" Guid=\"{aea1b4fa-97d1-45f2-a64c-4d69fffd92c9}\"></Provider>\n<EventID Qualifiers=\"\">5320</EventID>\n<Version>0</Version>\n<Level>4</Level>\n<Task>0</Task>\n<Opcode>0</Opcode>\n<Keywords>0x4000000000000000</Keywords>\n<TimeCreated SystemTime=\"2014-02-19 13:30:23.521229+00:00\"></TimeCreated>\n<EventRecordID>985</EventRecordID>\n<Correlation ActivityID=\"\" RelatedActivityID=\"\"></Correlation>\n<Execution ProcessID=\"960\" ThreadID=\"972\"></Execution>\n<Channel>Microsoft-Windows-GroupPolicy/Operational</Channel>\n<Computer>IACIS-HDD-2014</Computer>\n<Security UserID=\"S-1-5-18\"></Security>\n</System>\n<EventData><Data Name=\"InfoDescription\">%%4160</Data>\n</EventData>\n</Event>\n"
  },
  {
    "EventID": 5320,
    "Timestamp": "2014-02-19 13:30:23.521229+00:00",
    "Computer": "IACIS-HDD-2014",
    "Channel": "Microsoft-Windows-GroupPolicy/Operational",
    "Level": "Information",
    "EventData": {
      "InfoDescription": "%%4166"
    },
    "RawXml": "<Event xmlns=\"http://schemas.microsoft.com/win/2004/08/events/event\"><System><Provider Name=\"Microsoft-Windows-GroupPolicy\" Guid=\"{aea1b4fa-97d1-45f2-a64c-4d69fffd92c9}\"></Provider>\n<EventID Qualifiers=\"\">5320</EventID>\n<Version>0</Version>\n<Level>4</Level>\n<Task>0</Task>\n<Opcode>0</Opcode>\n<Keywords>0x4000000000000000</Keywords>\n<TimeCreated SystemTime=\"2014-02-19 13:30:23.521229+00:00\"></TimeCreated>\n<EventRecordID>986</EventRecordID>\n<Correlation ActivityID=\"\" RelatedActivityID=\"\"></Correlation>\n<Execution ProcessID=\"960\" ThreadID=\"972\"></Execution>\n<Channel>Microsoft-Windows-GroupPolicy/Operational</Channel>\n<Computer>IACIS-HDD-2014</Computer>\n<Security UserID=\"S-1-5-18\"></Security>\n</System>\n<EventData><Data Name=\"InfoDescription\">%%4166</Data>\n</EventData>\n</Event>\n"
  },
  {
    "EventID": 5321,
    "Timestamp": "2014-02-19 13:30:23.521229+00:00",
    "Computer": "IACIS-HDD-2014",
    "Channel": "Microsoft-Windows-GroupPolicy/Operational",
    "Level": "Information",
    "EventData": {
      "InfoDescription": "%%4167",
      "OperationParameter1": "2fbb8e66-c424-454b-9496-ab7db2984570"
    },
    "RawXml": "<Event xmlns=\"http://schemas.microsoft.com/win/2004/08/events/event\"><System><Provider Name=\"Microsoft-Windows-GroupPolicy\" Guid=\"{aea1b4fa-97d1-45f2-a64c-4d69fffd92c9}\"></Provider>\n<EventID Qualifiers=\"\">5321</EventID>\n<Version>0</Version>\n<Level>4</Level>\n<Task>0</Task>\n<Opcode>0</Opcode>\n<Keywords>0x4000000000000000</Keywords>\n<TimeCreated SystemTime=\"2014-02-19 13:30:23.521229+00:00\"></TimeCreated>\n<EventRecordID>987</EventRecordID>\n<Correlation ActivityID=\"\" RelatedActivityID=\"\"></Correlation>\n<Execution ProcessID=\"960\" ThreadID=\"972\"></Execution>\n<Channel>Microsoft-Windows-GroupPolicy/Operational</Channel>\n<Computer>IACIS-HDD-2014</Computer>\n<Security UserID=\"S-1-5-18\"></Security>\n</System>\n<EventData><Data Name=\"InfoDescription\">%%4167</Data>\n<Data Name=\"OperationParameter1\">2fbb8e66-c424-454b-9496-ab7db2984570</Data>\n</EventData>\n</Event>\n"
  },
  {
    "EventID": 4000,
    "Timestamp": "2014-02-19 13:30:23.630428+00:00",
    "Computer": "IACIS-HDD-2014",
    "Channel": "Microsoft-Windows-GroupPolicy/Operational",
    "Level": "Information",
    "EventData": {
      "PolicyActivityId": "{43f3a89d-df31-452e-b25b-dac6a6ba3446}",
      "PrincipalSamName": "WORKGROUP\\IACIS-HDD-2014$",
      "IsMachine": "1",
      "IsDomainJoined": "False",
      "IsBackgroundProcessing": "False",
      "IsAsyncProcessing": "True",
      "IsServiceRestart": "False",
      "ReasonForSyncProcessing": "0"
    },
    "RawXml": "<Event xmlns=\"http://schemas.microsoft.com/win/2004/08/events/event\"><System><Provider Name=\"Microsoft-Windows-GroupPolicy\" Guid=\"{aea1b4fa-97d1-45f2-a64c-4d69fffd92c9}\"></Provider>\n<EventID Qualifiers=\"\">4000</EventID>\n<Version>1</Version>\n<Level>4</Level>\n<Task>0</Task>\n<Opcode>1</Opcode>\n<Keywords>0x4000000000000000</Keywords>\n<TimeCreated SystemTime=\"2014-02-19 13:30:23.630428+00:00\"></TimeCreated>\n<EventRecordID>988</EventRecordID>\n<Correlation ActivityID=\"{43f3a89d-df31-452e-b25b-dac6a6ba3446}\" RelatedActivityID=\"\"></Correlation>\n<Execution ProcessID=\"960\" ThreadID=\"576\"></Execution>\n<Channel>Microsoft-Windows-GroupPolicy/Operational</Channel>\n<Computer>IACIS-HDD-2014</Computer>\n<Security UserID=\"S-1-5-18\"></Security>\n</System>\n<EventData><Data Name=\"PolicyActivityId\">{43f3a89d-df31-452e-b25b-dac6a6ba3446}</Data>\n<Data Name=\"PrincipalSamName\">WORKGROUP\\IACIS-HDD-2014$</Data>\n<Data Name=\"IsMachine\">1</Data>\n<Data Name=\"IsDomainJoined\">False</Data>\n<Data Name=\"IsBackgroundProcessing\">False</Data>\n<Data Name=\"IsAsyncProcessing\">True</Data>\n<Data Name=\"IsServiceRestart\">False</Data>\n<Data Name=\"ReasonForSyncProcessing\">0</Data>\n</EventData>\n</Event>\n"
  },
  {
    "EventID": 5311,
    "Timestamp": "2014-02-19 13:30:23.630428+00:00",
    "Computer": "IACIS-HDD-2014",
    "Channel": "Microsoft-Windows-GroupPolicy/Operational",
    "Level": "Information",
    "EventData": {
      "PolicyProcessingMode": "0"
    },
    "RawXml": "<Event xmlns=\"http://schemas.microsoft.com/win/2004/08/events/event\"><System><Provider Name=\"Microsoft-Windows-GroupPolicy\" Guid=\"{aea1b4fa-97d1-45f2-a64c-4d69fffd92c9}\"></Provider>\n<EventID Qualifiers=\"\">5311</EventID>\n<Version>0</Version>\n<Level>4</Level>\n<Task>0</Task>\n<Opcode>0</Opcode>\n<Keywords>0x4000000000000000</Keywords>\n<TimeCreated SystemTime=\"2014-02-19 13:30:23.630428+00:00\"></TimeCreated>\n<EventRecordID>989</EventRecordID>\n<Correlation ActivityID=\"{43f3a89d-df31-452e-b25b-dac6a6ba3446}\" RelatedActivityID=\"\"></Correlation>\n<Execution ProcessID=\"960\" ThreadID=\"576\"></Execution>\n<Channel>Microsoft-Windows-GroupPolicy/Operational</Channel>\n<Computer>IACIS-HDD-2014</Computer>\n<Security UserID=\"S-1-5-18\"></Security>\n</System>\n<EventData><Data Name=\"PolicyProcessingMode\">0</Data>\n</EventData>\n</Event>\n"
  },
  {
    "EventID": 5312,
    "Timestamp": "2014-02-19 13:30:23.630428+00:00",
    "Computer": "IACIS-HDD-2014",
    "Channel": "Microsoft-Windows-GroupPolicy/Operational",
    "Level": "Information",
    "EventData": {
      "DescriptionString": "None",
      "GPOInfoList": ""
    },
    "RawXml": "<Event xmlns=\"http://schemas.microsoft.com/win/2004/08/events/event\"><System><Provider Name=\"Microsoft-Windows-GroupPolicy\" Guid=\"{aea1b4fa-97d1-45f2-a64c-4d69fffd92c9}\"></Provider>\n<EventID Qualifiers=\"\">5312</EventID>\n<Version>0</Version>\n<Level>4</Level>\n<Task>0</Task>\n<Opcode>0</Opcode>\n<Keywords>0x4000000000000000</Keywords>\n<TimeCreated SystemTime=\"2014-02-19 13:30:23.630428+00:00\"></TimeCreated>\n<EventRecordID>990</EventRecordID>\n<Correlation ActivityID=\"{43f3a89d-df31-452e-b25b-dac6a6ba3446}\" RelatedActivityID=\"\"></Correlation>\n<Execution ProcessID=\"960\" ThreadID=\"576\"></Execution>\n<Channel>Microsoft-Windows-GroupPolicy/Operational</Channel>\n<Computer>IACIS-HDD-2014</Computer>\n<Security UserID=\"S-1-5-18\"></Security>\n</System>\n<EventData><Data Name=\"DescriptionString\">None</Data>\n<Data Name=\"GPOInfoList\"></Data>\n</EventData>\n</Event>\n"
  },
  {
    "EventID": 5313,
    "Timestamp": "2014-02-19 13:30:23.630428+00:00",
    "Computer": "IACIS-HDD-2014",
    "Channel": "Microsoft-Windows-GroupPolicy/Operational",
    "Level": "Information",
    "EventData": {
      "DescriptionString": "Local Group Policy\n\tNot Applied (Empty)\n",
      "GPOInfoList": "<GPO ID=\"Local Group Policy\"><Name>Local Group Policy</Name><Version>0</Version><SOM>Local</SOM><FSPath>C:\\Windows\\System32\\GroupPolicy\\Machine</FSPath><Reason>NOTAPPLIED-EMPTY</Reason></GPO>"
    },
    "RawXml": "<Event xmlns=\"http://schemas.microsoft.com/win/2004/08/events/event\"><System><Provider Name=\"Microsoft-Windows-GroupPolicy\" Guid=\"{aea1b4fa-97d1-45f2-a64c-4d69fffd92c9}\"></Provider>\n<EventID Qualifiers=\"\">5313</EventID>\n<Version>0</Version>\n<Level>4</Level>\n<Task>0</Task>\n<Opcode>0</Opcode>\n<Keywords>0x4000000000000000</Keywords>\n<TimeCreated SystemTime=\"2014-02-19 13:30:23.630428+00:00\"></TimeCreated>\n<EventRecordID>991</EventRecordID>\n<Correlation ActivityID=\"{43f3a89d-df31-452e-b25b-dac6a6ba3446}\" RelatedActivityID=\"\"></Correlation>\n<Execution ProcessID=\"960\" ThreadID=\"576\"></Execution>\n<Channel>Microsoft-Windows-GroupPolicy/Operational</Channel>\n<Computer>IACIS-HDD-2014</Computer>\n<Security UserID=\"S-1-5-18\"></Security>\n</System>\n<EventData><Data Name=\"DescriptionString\">Local Group Policy\n\tNot Applied (Empty)\n</Data>\n<Data Name=\"GPOInfoList\">&lt;GPO ID=\"Local Group Policy\"&gt;&lt;Name&gt;Local Group Policy&lt;/Name&gt;&lt;Version&gt;0&lt;/Version&gt;&lt;SOM&gt;Local&lt;/SOM&gt;&lt;FSPath&gt;C:\\Windows\\System32\\GroupPolicy\\Machine&lt;/FSPath&gt;&lt;Reason&gt;NOTAPPLIED-EMPTY&lt;/Reason&gt;&lt;/GPO&gt;</Data>\n</EventData>\n</Event>\n"
  },
  {
    "EventID": 5320,
    "Timestamp": "2014-02-19 13:30:23.630428+00:00",
    "Computer": "IACIS-HDD-2014",
    "Channel": "Microsoft-Windows-GroupPolicy/Operational",
    "Level": "Information",
    "EventData": {
      "InfoDescription": "%%4161"
    },
    "RawXml": "<Event xmlns=\"http://schemas.microsoft.com/win/2004/08/events/event\"><System><Provider Name=\"Microsoft-Windows-GroupPolicy\" Guid=\"{aea1b4fa-97d1-45f2-a64c-4d69fffd92c9}\"></Provider>\n<EventID Qualifiers=\"\">5320</EventID>\n<Version>0</Version>\n<Level>4</Level>\n<Task>0</Task>\n<Opcode>0</Opcode>\n<Keywords>0x4000000000000000</Keywords>\n<TimeCreated SystemTime=\"2014-02-19 13:30:23.630428+00:00\"></TimeCreated>\n<EventRecordID>992</EventRecordID>\n<Correlation ActivityID=\"{43f3a89d-df31-452e-b25b-dac6a6ba3446}\" RelatedActivityID=\"\"></Correlation>\n<Execution ProcessID=\"960\" ThreadID=\"576\"></Execution>\n<Channel>Microsoft-Windows-GroupPolicy/Operational</Channel>\n<Computer>IACIS-HDD-2014</Computer>\n<Security UserID=\"S-1-5-18\"></Security>\n</System>\n<EventData><Data Name=\"InfoDescription\">%%4161</Data>\n</EventData>\n</Event>\n"
  },
  {
    "EventID": 5320,
    "Timestamp": "2014-02-19 13:30:23.630428+00:00",
    "Computer": "IACIS-HDD-2014",
    "Channel": "Microsoft-Windows-GroupPolicy/Operational",
    "Level": "Information",
    "EventData": {
      "InfoDescription": "%%4163"
    },
    "RawXml": "<Event xmlns=\"http://schemas.microsoft.com/win/2004/08/events/event\"><System><Provider Name=\"Microsoft-Windows-GroupPolicy\" Guid=\"{aea1b4fa-97d1-45f2-a64c-4d69fffd92c9}\"></Provider>\n<EventID Qualifiers=\"\">5320</EventID>\n<Version>0</Version>\n<Level>4</Level>\n<Task>0</Task>\n<Opcode>0</Opcode>\n<Keywords>0x4000000000000000</Keywords>\n<TimeCreated SystemTime=\"2014-02-19 13:30:23.630428+00:00\"></TimeCreated>\n<EventRecordID>993</EventRecordID>\n<Correlation ActivityID=\"{43f3a89d-df31-452e-b25b-dac6a6ba3446}\" RelatedActivityID=\"\"></Correlation>\n<Execution ProcessID=\"960\" ThreadID=\"576\"></Execution>\n<Channel>Microsoft-Windows-GroupPolicy/Operational</Channel>\n<Computer>IACIS-HDD-2014</Computer>\n<Security UserID=\"S-1-5-18\"></Security>\n</System>\n<EventData><Data Name=\"InfoDescription\">%%4163</Data>\n</EventData>\n</Event>\n"
  },
  {
    "EventID": 5320,
    "Timestamp": "2014-02-19 13:30:23.630428+00:00",
    "Computer": "IACIS-HDD-2014",
    "Channel": "Microsoft-Windows-GroupPolicy/Operational",
    "Level": "Information",
    "EventData": {
      "InfoDescription": "%%4165"
    },
    "RawXml": "<Event xmlns=\"http://schemas.microsoft.com/win/2004/08/events/event\"><System><Provider Name=\"Microsoft-Windows-GroupPolicy\" Guid=\"{aea1b4fa-97d1-45f2-a64c-4d69fffd92c9}\"></Provider>\n<EventID Qualifiers=\"\">5320</EventID>\n<Version>0</Version>\n<Level>4</Level>\n<Task>0</Task>\n<Opcode>0</Opcode>\n<Keywords>0x4000000000000000</Keywords>\n<TimeCreated SystemTime=\"2014-02-19 13:30:23.630428+00:00\"></TimeCreated>\n<EventRecordID>994</EventRecordID>\n<Correlation ActivityID=\"{43f3a89d-df31-452e-b25b-dac6a6ba3446}\" RelatedActivityID=\"\"></Correlation>\n<Execution ProcessID=\"960\" ThreadID=\"576\"></Execution>\n<Channel>Microsoft-Windows-GroupPolicy/Operational</Channel>\n<Computer>IACIS-HDD-2014</Computer>\n<Security UserID=\"S-1-5-18\"></Security>\n</System>\n<EventData><Data Name=\"InfoDescription\">%%4165</Data>\n</EventData>\n</Event>\n"
  },
  {
    "EventID": 8000,
    "Timestamp": "2014-02-19 13:30:23.630428+00:00",
    "Computer": "IACIS-HDD-2014",
    "Channel": "Microsoft-Windows-GroupPolicy/Operational",
    "Level": "Information",
    "EventData": {
      "PolicyElaspedTimeInSeconds": "0",
      "ErrorCode": "0",
      "PrincipalSamName": "WORKGROUP\\IACIS-HDD-2014$",
      "IsMachine": "1",
      "IsConnectivityFailure": "False"
    },
    "RawXml": "<Event xmlns=\"http://schemas.microsoft.com/win/2004/08/events/event\"><System><Provider Name=\"Microsoft-Windows-GroupPolicy\" Guid=\"{aea1b4fa-97d1-45f2-a64c-4d69fffd92c9}\"></Provider>\n<EventID Qualifiers=\"\">8000</EventID>\n<Version>1</Version>\n<Level>4</Level>\n<Task>0</Task>\n<Opcode>2</Opcode>\n<Keywords>0x4000000000000000</Keywords>\n<TimeCreated SystemTime=\"2014-02-19 13:30:23.630428+00:00\"></TimeCreated>\n<EventRecordID>995</EventRecordID>\n<Correlation ActivityID=\"{43f3a89d-df31-452e-b25b-dac6a6ba3446}\" RelatedActivityID=\"\"></Correlation>\n<Execution ProcessID=\"960\" ThreadID=\"576\"></Execution>\n<Channel>Microsoft-Windows-GroupPolicy/Operational</Channel>\n<Computer>IACIS-HDD-2014</Computer>\n<Security UserID=\"S-1-5-18\"></Security>\n</System>\n<EventData><Data Name=\"PolicyElaspedTimeInSeconds\">0</Data>\n<Data Name=\"ErrorCode\">0</Data>\n<Data Name=\"PrincipalSamName\">WORKGROUP\\IACIS-HDD-2014$</Data>\n<Data Name=\"IsMachine\">1</Data>\n<Data Name=\"IsConnectivityFailure\">False</Data>\n</EventData>\n</Event>\n"
  },
  {
    "EventID": 5315,
    "Timestamp": "2014-02-19 13:30:23.630428+00:00",
    "Computer": "IACIS-HDD-2014",
    "Channel": "Microsoft-Windows-GroupPolicy/Operational",
    "Level": "Information",
    "EventData": {
      "PrincipalSamName": "WORKGROUP\\IACIS-HDD-2014$",
      "NextPolicyApplicationTime": "99",
      "NextPolicyApplicationTimeUnit": "%%4100"
    },
    "RawXml": "<Event xmlns=\"http://schemas.microsoft.com/win/2004/08/events/event\"><System><Provider Name=\"Microsoft-Windows-GroupPolicy\" Guid=\"{aea1b4fa-97d1-45f2-a64c-4d69fffd92c9}\"></Provider>\n<EventID Qualifiers=\"\">5315</EventID>\n<Version>0</Version>\n<Level>4</Level>\n<Task>0</Task>\n<Opcode>0</Opcode>\n<Keywords>0x4000000000000000</Keywords>\n<TimeCreated SystemTime=\"2014-02-19 13:30:23.630428+00:00\"></TimeCreated>\n<EventRecordID>996</EventRecordID>\n<Correlation ActivityID=\"\" RelatedActivityID=\"\"></Correlation>\n<Execution ProcessID=\"960\" ThreadID=\"1036\"></Execution>\n<Channel>Microsoft-Windows-GroupPolicy/Operational</Channel>\n<Computer>IACIS-HDD-2014</Computer>\n<Security UserID=\"S-1-5-18\"></Security>\n</System>\n<EventData><Data Name=\"PrincipalSamName\">WORKGROUP\\IACIS-HDD-2014$</Data>\n<Data Name=\"NextPolicyApplicationTime\">99</Data>\n<Data Name=\"NextPolicyApplicationTimeUnit\">%%4100</Data>\n</EventData>\n</Event>\n"
  },
  {
    "EventID": 5324,
    "Timestamp": "2014-02-19 13:30:58.546124+00:00",
    "Computer": "IACIS-HDD-2014",
    "Channel": "Microsoft-Windows-GroupPolicy/Operational",
    "Level": "Information",
    "EventData": {
      "NotificationType": "1",
      "SessionId": "1"
    },
    "RawXml": "<Event xmlns=\"http://schemas.microsoft.com/win/2004/08/events/event\"><System><Provider Name=\"Microsoft-Windows-GroupPolicy\" Guid=\"{aea1b4fa-97d1-45f2-a64c-4d69fffd92c9}\"></Provider>\n<EventID Qualifiers=\"\">5324</EventID>\n<Version>0</Version>\n<Level>4</Level>\n<Task>0</Task>\n<Opcode>0</Opcode>\n<Keywords>0x4000000000000000</Keywords>\n<TimeCreated SystemTime=\"2014-02-19 13:30:58.546124+00:00\"></TimeCreated>\n<EventRecordID>997</EventRecordID>\n<Correlation ActivityID=\"\" RelatedActivityID=\"\"></Correlation>\n<Execution ProcessID=\"960\" ThreadID=\"1592\"></Execution>\n<Channel>Microsoft-Windows-GroupPolicy/Operational</Channel>\n<Computer>IACIS-HDD-2014</Computer>\n<Security UserID=\"S-1-5-18\"></Security>\n</System>\n<EventData><Data Name=\"NotificationType\">1</Data>\n<Data Name=\"SessionId\">1</Data>\n</EventData>\n</Event>\n"
  },
  {
    "EventID": 4001,
    "Timestamp": "2014-02-19 13:30:58.546124+00:00",
    "Computer": "IACIS-HDD-2014",
    "Channel": "Microsoft-Windows-GroupPolicy/Operational",
    "Level": "Information",
    "EventData": {
      "PolicyActivityId": "{c54d9c1c-b04a-4645-9985-8bea85b4845e}",
      "PrincipalSamName": "IACIS-HDD-2014\\Jimmy Wilson",
      "IsMachine": "0",
      "IsDomainJoined": "False",
      "IsBackgroundProcessing": "False",
      "IsAsyncProcessing": "True",
      "IsServiceRestart": "False",
      "ReasonForSyncProcessing": "0"
    },
    "RawXml": "<Event xmlns=\"http://schemas.microsoft.com/win/2004/08/events/event\"><System><Provider Name=\"Microsoft-Windows-GroupPolicy\" Guid=\"{aea1b4fa-97d1-45f2-a64c-4d69fffd92c9}\"></Provider>\n<EventID Qualifiers=\"\">4001</EventID>\n<Version>1</Version>\n<Level>4</Level>\n<Task>0</Task>\n<Opcode>1</Opcode>\n<Keywords>0x4000000000000000</Keywords>\n<TimeCreated SystemTime=\"2014-02-19 13:30:58.546124+00:00\"></TimeCreated>\n<EventRecordID>998</EventRecordID>\n<Correlation ActivityID=\"{c54d9c1c-b04a-4645-9985-8bea85b4845e}\" RelatedActivityID=\"\"></Correlation>\n<Execution ProcessID=\"960\" ThreadID=\"2516\"></Execution>\n<Channel>Microsoft-Windows-GroupPolicy/Operational</Channel>\n<Computer>IACIS-HDD-2014</Computer>\n<Security UserID=\"S-1-5-18\"></Security>\n</System>\n<EventData><Data Name=\"PolicyActivityId\">{c54d9c1c-b04a-4645-9985-8bea85b4845e}</Data>\n<Data Name=\"PrincipalSamName\">IACIS-HDD-2014\\Jimmy Wilson</Data>\n<Data Name=\"IsMachine\">0</Data>\n<Data Name=\"IsDomainJoined\">False</Data>\n<Data Name=\"IsBackgroundProcessing\">False</Data>\n<Data Name=\"IsAsyncProcessing\">True</Data>\n<Data Name=\"IsServiceRestart\">False</Data>\n<Data Name=\"ReasonForSyncProcessing\">0</Data>\n</EventData>\n</Event>\n"
  },
  {
    "EventID": 5311,
    "Timestamp": "2014-02-19 13:30:58.546124+00:00",
    "Computer": "IACIS-HDD-2014",
    "Channel": "Microsoft-Windows-GroupPolicy/Operational",
    "Level": "Information",
    "EventData": {
      "PolicyProcessingMode": "0"
    },
    "RawXml": "<Event xmlns=\"http://schemas.microsoft.com/win/2004/08/events/event\"><System><Provider Name=\"Microsoft-Windows-GroupPolicy\" Guid=\"{aea1b4fa-97d1-45f2-a64c-4d69fffd92c9}\"></Provider>\n<EventID Qualifiers=\"\">5311</EventID>\n<Version>0</Version>\n<Level>4</Level>\n<Task>0</Task>\n<Opcode>0</Opcode>\n<Keywords>0x4000000000000000</Keywords>\n<TimeCreated SystemTime=\"2014-02-19 13:30:58.546124+00:00\"></TimeCreated>\n<EventRecordID>999</EventRecordID>\n<Correlation ActivityID=\"{c54d9c1c-b04a-4645-9985-8bea85b4845e}\" RelatedActivityID=\"\"></Correlation>\n<Execution ProcessID=\"960\" ThreadID=\"2516\"></Execution>\n<Channel>Microsoft-Windows-GroupPolicy/Operational</Channel>\n<Computer>IACIS-HDD-2014</Computer>\n<Security UserID=\"S-1-5-21-1171287513-3642516788-2358256967-1004\"></Security>\n</System>\n<EventData><Data Name=\"PolicyProcessingMode\">0</Data>\n</EventData>\n</Event>\n"
  },
  {
    "EventID": 5312,
    "Timestamp": "2014-02-19 13:30:58.546124+00:00",
    "Computer": "IACIS-HDD-2014",
    "Channel": "Microsoft-Windows-GroupPolicy/Operational",
    "Level": "Information",
    "EventData": {
      "DescriptionString": "None",
      "GPOInfoList": ""
    },
    "RawXml": "<Event xmlns=\"http://schemas.microsoft.com/win/2004/08/events/event\"><System><Provider Name=\"Microsoft-Windows-GroupPolicy\" Guid=\"{aea1b4fa-97d1-45f2-a64c-4d69fffd92c9}\"></Provider>\n<EventID Qualifiers=\"\">5312</EventID>\n<Version>0</Version>\n<Level>4</Level>\n<Task>0</Task>\n<Opcode>0</Opcode>\n<Keywords>0x4000000000000000</Keywords>\n<TimeCreated SystemTime=\"2014-02-19 13:30:58.546124+00:00\"></TimeCreated>\n<EventRecordID>1000</EventRecordID>\n<Correlation ActivityID=\"{c54d9c1c-b04a-4645-9985-8bea85b4845e}\" RelatedActivityID=\"\"></Correlation>\n<Execution ProcessID=\"960\" ThreadID=\"2516\"></Execution>\n<Channel>Microsoft-Windows-GroupPolicy/Operational</Channel>\n<Computer>IACIS-HDD-2014</Computer>\n<Security UserID=\"S-1-5-18\"></Security>\n</System>\n<EventData><Data Name=\"DescriptionString\">None</Data>\n<Data Name=\"GPOInfoList\"></Data>\n</EventData>\n</Event>\n"
  },
  {
    "EventID": 5313,
    "Timestamp": "2014-02-19 13:30:58.546124+00:00",
    "Computer": "IACIS-HDD-2014",
    "Channel": "Microsoft-Windows-GroupPolicy/Operational",
    "Level": "Information",
    "EventData": {
      "DescriptionString": "Local Group Policy\n\tNot Applied (Empty)\n",
      "GPOInfoList": "<GPO ID=\"Local Group Policy\"><Name>Local Group Policy</Name><Version>0</Version><SOM>Local</SOM><FSPath>C:\\Windows\\System32\\GroupPolicy\\User</FSPath><Reason>NOTAPPLIED-EMPTY</Reason></GPO>"
    },
    "RawXml": "<Event xmlns=\"http://schemas.microsoft.com/win/2004/08/events/event\"><System><Provider Name=\"Microsoft-Windows-GroupPolicy\" Guid=\"{aea1b4fa-97d1-45f2-a64c-4d69fffd92c9}\"></Provider>\n<EventID Qualifiers=\"\">5313</EventID>\n<Version>0</Version>\n<Level>4</Level>\n<Task>0</Task>\n<Opcode>0</Opcode>\n<Keywords>0x4000000000000000</Keywords>\n<TimeCreated SystemTime=\"2014-02-19 13:30:58.546124+00:00\"></TimeCreated>\n<EventRecordID>1001</EventRecordID>\n<Correlation ActivityID=\"{c54d9c1c-b04a-4645-9985-8bea85b4845e}\" RelatedActivityID=\"\"></Correlation>\n<Execution ProcessID=\"960\" ThreadID=\"2516\"></Execution>\n<Channel>Microsoft-Windows-GroupPolicy/Operational</Channel>\n<Computer>IACIS-HDD-2014</Computer>\n<Security UserID=\"S-1-5-18\"></Security>\n</System>\n<EventData><Data Name=\"DescriptionString\">Local Group Policy\n\tNot Applied (Empty)\n</Data>\n<Data Name=\"GPOInfoList\">&lt;GPO ID=\"Local Group Policy\"&gt;&lt;Name&gt;Local Group Policy&lt;/Name&gt;&lt;Version&gt;0&lt;/Version&gt;&lt;SOM&gt;Local&lt;/SOM&gt;&lt;FSPath&gt;C:\\Windows\\System32\\GroupPolicy\\User&lt;/FSPath&gt;&lt;Reason&gt;NOTAPPLIED-EMPTY&lt;/Reason&gt;&lt;/GPO&gt;</Data>\n</EventData>\n</Event>\n"
  },
  {
    "EventID": 5320,
    "Timestamp": "2014-02-19 13:30:58.546124+00:00",
    "Computer": "IACIS-HDD-2014",
    "Channel": "Microsoft-Windows-GroupPolicy/Operational",
    "Level": "Information",
    "EventData": {
      "InfoDescription": "%%4161"
    },
    "RawXml": "<Event xmlns=\"http://schemas.microsoft.com/win/2004/08/events/event\"><System><Provider Name=\"Microsoft-Windows-GroupPolicy\" Guid=\"{aea1b4fa-97d1-45f2-a64c-4d69fffd92c9}\"></Provider>\n<EventID Qualifiers=\"\">5320</EventID>\n<Version>0</Version>\n<Level>4</Level>\n<Task>0</Task>\n<Opcode>0</Opcode>\n<Keywords>0x4000000000000000</Keywords>\n<TimeCreated SystemTime=\"2014-02-19 13:30:58.546124+00:00\"></TimeCreated>\n<EventRecordID>1002</EventRecordID>\n<Correlation ActivityID=\"{c54d9c1c-b04a-4645-9985-8bea85b4845e}\" RelatedActivityID=\"\"></Correlation>\n<Execution ProcessID=\"960\" ThreadID=\"2516\"></Execution>\n<Channel>Microsoft-Windows-GroupPolicy/Operational</Channel>\n<Computer>IACIS-HDD-2014</Computer>\n<Security UserID=\"S-1-5-18\"></Security>\n</System>\n<EventData><Data Name=\"InfoDescription\">%%4161</Data>\n</EventData>\n</Event>\n"
  },
  {
    "EventID": 5320,
    "Timestamp": "2014-02-19 13:30:58.546124+00:00",
    "Computer": "IACIS-HDD-2014",
    "Channel": "Microsoft-Windows-GroupPolicy/Operational",
    "Level": "Information",
    "EventData": {
      "InfoDescription": "%%4163"
    },
    "RawXml": "<Event xmlns=\"http://schemas.microsoft.com/win/2004/08/events/event\"><System><Provider Name=\"Microsoft-Windows-GroupPolicy\" Guid=\"{aea1b4fa-97d1-45f2-a64c-4d69fffd92c9}\"></Provider>\n<EventID Qualifiers=\"\">5320</EventID>\n<Version>0</Version>\n<Level>4</Level>\n<Task>0</Task>\n<Opcode>0</Opcode>\n<Keywords>0x4000000000000000</Keywords>\n<TimeCreated SystemTime=\"2014-02-19 13:30:58.546124+00:00\"></TimeCreated>\n<EventRecordID>1003</EventRecordID>\n<Correlation ActivityID=\"{c54d9c1c-b04a-4645-9985-8bea85b4845e}\" RelatedActivityID=\"\"></Correlation>\n<Execution ProcessID=\"960\" ThreadID=\"2516\"></Execution>\n<Channel>Microsoft-Windows-GroupPolicy/Operational</Channel>\n<Computer>IACIS-HDD-2014</Computer>\n<Security UserID=\"S-1-5-18\"></Security>\n</System>\n<EventData><Data Name=\"InfoDescription\">%%4163</Data>\n</EventData>\n</Event>\n"
  },
  {
    "EventID": 5320,
    "Timestamp": "2014-02-19 13:30:58.546124+00:00",
    "Computer": "IACIS-HDD-2014",
    "Channel": "Microsoft-Windows-GroupPolicy/Operational",
    "Level": "Information",
    "EventData": {
      "InfoDescription": "%%4165"
    },
    "RawXml": "<Event xmlns=\"http://schemas.microsoft.com/win/2004/08/events/event\"><System><Provider Name=\"Microsoft-Windows-GroupPolicy\" Guid=\"{aea1b4fa-97d1-45f2-a64c-4d69fffd92c9}\"></Provider>\n<EventID Qualifiers=\"\">5320</EventID>\n<Version>0</Version>\n<Level>4</Level>\n<Task>0</Task>\n<Opcode>0</Opcode>\n<Keywords>0x4000000000000000</Keywords>\n<TimeCreated SystemTime=\"2014-02-19 13:30:58.546124+00:00\"></TimeCreated>\n<EventRecordID>1004</EventRecordID>\n<Correlation ActivityID=\"{c54d9c1c-b04a-4645-9985-8bea85b4845e}\" RelatedActivityID=\"\"></Correlation>\n<Execution ProcessID=\"960\" ThreadID=\"2516\"></Execution>\n<Channel>Microsoft-Windows-GroupPolicy/Operational</Channel>\n<Computer>IACIS-HDD-2014</Computer>\n<Security UserID=\"S-1-5-18\"></Security>\n</System>\n<EventData><Data Name=\"InfoDescription\">%%4165</Data>\n</EventData>\n</Event>\n"
  },
  {
    "EventID": 8001,
    "Timestamp": "2014-02-19 13:30:58.546124+00:00",
    "Computer": "IACIS-HDD-2014",
    "Channel": "Microsoft-Windows-GroupPolicy/Operational",
    "Level": "Information",
    "EventData": {
      "PolicyElaspedTimeInSeconds": "0",
      "ErrorCode": "0",
      "PrincipalSamName": "IACIS-HDD-2014\\Jimmy Wilson",
      "IsMachine": "0",
      "IsConnectivityFailure": "False"
    },
    "RawXml": "<Event xmlns=\"http://schemas.microsoft.com/win/2004/08/events/event\"><System><Provider Name=\"Microsoft-Windows-GroupPolicy\" Guid=\"{aea1b4fa-97d1-45f2-a64c-4d69fffd92c9}\"></Provider>\n<EventID Qualifiers=\"\">8001</EventID>\n<Version>1</Version>\n<Level>4</Level>\n<Task>0</Task>\n<Opcode>2</Opcode>\n<Keywords>0x4000000000000000</Keywords>\n<TimeCreated SystemTime=\"2014-02-19 13:30:58.546124+00:00\"></TimeCreated>\n<EventRecordID>1005</EventRecordID>\n<Correlation ActivityID=\"{c54d9c1c-b04a-4645-9985-8bea85b4845e}\" RelatedActivityID=\"\"></Correlation>\n<Execution ProcessID=\"960\" ThreadID=\"2516\"></Execution>\n<Channel>Microsoft-Windows-GroupPolicy/Operational</Channel>\n<Computer>IACIS-HDD-2014</Computer>\n<Security UserID=\"S-1-5-18\"></Security>\n</System>\n<EventData><Data Name=\"PolicyElaspedTimeInSeconds\">0</Data>\n<Data Name=\"ErrorCode\">0</Data>\n<Data Name=\"PrincipalSamName\">IACIS-HDD-2014\\Jimmy Wilson</Data>\n<Data Name=\"IsMachine\">0</Data>\n<Data Name=\"IsConnectivityFailure\">False</Data>\n</EventData>\n</Event>\n"
  },
  {
    "EventID": 5315,
    "Timestamp": "2014-02-19 13:30:58.561722+00:00",
    "Computer": "IACIS-HDD-2014",
    "Channel": "Microsoft-Windows-GroupPolicy/Operational",
    "Level": "Information",
    "EventData": {
      "PrincipalSamName": "IACIS-HDD-2014\\Jimmy Wilson",
      "NextPolicyApplicationTime": "93",
      "NextPolicyApplicationTimeUnit": "%%4100"
    },
    "RawXml": "<Event xmlns=\"http://schemas.microsoft.com/win/2004/08/events/event\"><System><Provider Name=\"Microsoft-Windows-GroupPolicy\" Guid=\"{aea1b4fa-97d1-45f2-a64c-4d69fffd92c9}\"></Provider>\n<EventID Qualifiers=\"\">5315</EventID>\n<Version>0</Version>\n<Level>4</Level>\n<Task>0</Task>\n<Opcode>0</Opcode>\n<Keywords>0x4000000000000000</Keywords>\n<TimeCreated SystemTime=\"2014-02-19 13:30:58.561722+00:00\"></TimeCreated>\n<EventRecordID>1006</EventRecordID>\n<Correlation ActivityID=\"\" RelatedActivityID=\"\"></Correlation>\n<Execution ProcessID=\"960\" ThreadID=\"2528\"></Execution>\n<Channel>Microsoft-Windows-GroupPolicy/Operational</Channel>\n<Computer>IACIS-HDD-2014</Computer>\n<Security UserID=\"S-1-5-18\"></Security>\n</System>\n<EventData><Data Name=\"PrincipalSamName\">IACIS-HDD-2014\\Jimmy Wilson</Data>\n<Data Name=\"NextPolicyApplicationTime\">93</Data>\n<Data Name=\"NextPolicyApplicationTimeUnit\">%%4100</Data>\n</EventData>\n</Event>\n"
  },
  {
    "EventID": 5324,
    "Timestamp": "2014-02-19 13:30:58.592922+00:00",
    "Computer": "IACIS-HDD-2014",
    "Channel": "Microsoft-Windows-GroupPolicy/Operational",
    "Level": "Information",
    "EventData": {
      "NotificationType": "3",
      "SessionId": "1"
    },
    "RawXml": "<Event xmlns=\"http://schemas.microsoft.com/win/2004/08/events/event\"><System><Provider Name=\"Microsoft-Windows-GroupPolicy\" Guid=\"{aea1b4fa-97d1-45f2-a64c-4d69fffd92c9}\"></Provider>\n<EventID Qualifiers=\"\">5324</EventID>\n<Version>0</Version>\n<Level>4</Level>\n<Task>0</Task>\n<Opcode>0</Opcode>\n<Keywords>0x4000000000000000</Keywords>\n<TimeCreated SystemTime=\"2014-02-19 13:30:58.592922+00:00\"></TimeCreated>\n<EventRecordID>1007</EventRecordID>\n<Correlation ActivityID=\"{02b15c48-f800-0001-8532-9cb4762dcf01}\" RelatedActivityID=\"\"></Correlation>\n<Execution ProcessID=\"960\" ThreadID=\"1172\"></Execution>\n<Channel>Microsoft-Windows-GroupPolicy/Operational</Channel>\n<Computer>IACIS-HDD-2014</Computer>\n<Security UserID=\"S-1-5-18\"></Security>\n</System>\n<EventData><Data Name=\"NotificationType\">3</Data>\n<Data Name=\"SessionId\">1</Data>\n</EventData>\n</Event>\n"
  },
  {
    "EventID": 5324,
    "Timestamp": "2014-02-19 13:49:34.228094+00:00",
    "Computer": "IACIS-HDD-2014",
    "Channel": "Microsoft-Windows-GroupPolicy/Operational",
    "Level": "Information",
    "EventData": {
      "NotificationType": "4",
      "SessionId": "1"
    },
    "RawXml": "<Event xmlns=\"http://schemas.microsoft.com/win/2004/08/events/event\"><System><Provider Name=\"Microsoft-Windows-GroupPolicy\" Guid=\"{aea1b4fa-97d1-45f2-a64c-4d69fffd92c9}\"></Provider>\n<EventID Qualifiers=\"\">5324</EventID>\n<Version>0</Version>\n<Level>4</Level>\n<Task>0</Task>\n<Opcode>0</Opcode>\n<Keywords>0x4000000000000000</Keywords>\n<TimeCreated SystemTime=\"2014-02-19 13:49:34.228094+00:00\"></TimeCreated>\n<EventRecordID>1008</EventRecordID>\n<Correlation ActivityID=\"\" RelatedActivityID=\"\"></Correlation>\n<Execution ProcessID=\"960\" ThreadID=\"3192\"></Execution>\n<Channel>Microsoft-Windows-GroupPolicy/Operational</Channel>\n<Computer>IACIS-HDD-2014</Computer>\n<Security UserID=\"S-1-5-18\"></Security>\n</System>\n<EventData><Data Name=\"NotificationType\">4</Data>\n<Data Name=\"SessionId\">1</Data>\n</EventData>\n</Event>\n"
  },
  {
    "EventID": 5324,
    "Timestamp": "2014-02-19 13:49:35.538498+00:00",
    "Computer": "IACIS-HDD-2014",
    "Channel": "Microsoft-Windows-GroupPolicy/Operational",
    "Level": "Information",
    "EventData": {
      "NotificationType": "2",
      "SessionId": "1"
    },
    "RawXml": "<Event xmlns=\"http://schemas.microsoft.com/win/2004/08/events/event\"><System><Provider Name=\"Microsoft-Windows-GroupPolicy\" Guid=\"{aea1b4fa-97d1-45f2-a64c-4d69fffd92c9}\"></Provider>\n<EventID Qualifiers=\"\">5324</EventID>\n<Version>0</Version>\n<Level>4</Level>\n<Task>0</Task>\n<Opcode>0</Opcode>\n<Keywords>0x4000000000000000</Keywords>\n<TimeCreated SystemTime=\"2014-02-19 13:49:35.538498+00:00\"></TimeCreated>\n<EventRecordID>1009</EventRecordID>\n<Correlation ActivityID=\"\" RelatedActivityID=\"\"></Correlation>\n<Execution ProcessID=\"960\" ThreadID=\"2124\"></Execution>\n<Channel>Microsoft-Windows-GroupPolicy/Operational</Channel>\n<Computer>IACIS-HDD-2014</Computer>\n<Security UserID=\"S-1-5-18\"></Security>\n</System>\n<EventData><Data Name=\"NotificationType\">2</Data>\n<Data Name=\"SessionId\">1</Data>\n</EventData>\n</Event>\n"
  },
  {
    "EventID": 4006,
    "Timestamp": "2014-02-19 15:09:23.982506+00:00",
    "Computer": "IACIS-HDD-2014",
    "Channel": "Microsoft-Windows-GroupPolicy/Operational",
    "Level": "Information",
    "EventData": {
      "PolicyActivityId": "{e4809d5c-fc9e-4dd8-b226-4525c14f28d7}",
      "PrincipalSamName": "WORKGROUP\\IACIS-HDD-2014$",
      "IsMachine": "1",
      "IsDomainJoined": "False",
      "IsBackgroundProcessing": "True",
      "IsAsyncProcessing": "False",
      "IsServiceRestart": "False",
      "ReasonForSyncProcessing": "0"
    },
    "RawXml": "<Event xmlns=\"http://schemas.microsoft.com/win/2004/08/events/event\"><System><Provider Name=\"Microsoft-Windows-GroupPolicy\" Guid=\"{aea1b4fa-97d1-45f2-a64c-4d69fffd92c9}\"></Provider>\n<EventID Qualifiers=\"\">4006</EventID>\n<Version>1</Version>\n<Level>4</Level>\n<Task>0</Task>\n<Opcode>1</Opcode>\n<Keywords>0x4000000000000000</Keywords>\n<TimeCreated SystemTime=\"2014-02-19 15:09:23.982506+00:00\"></TimeCreated>\n<EventRecordID>1010</EventRecordID>\n<Correlation ActivityID=\"{e4809d5c-fc9e-4dd8-b226-4525c14f28d7}\" RelatedActivityID=\"\"></Correlation>\n<Execution ProcessID=\"960\" ThreadID=\"1036\"></Execution>\n<Channel>Microsoft-Windows-GroupPolicy/Operational</Channel>\n<Computer>IACIS-HDD-2014</Computer>\n<Security UserID=\"S-1-5-18\"></Security>\n</System>\n<EventData><Data Name=\"PolicyActivityId\">{e4809d5c-fc9e-4dd8-b226-4525c14f28d7}</Data>\n<Data Name=\"PrincipalSamName\">WORKGROUP\\IACIS-HDD-2014$</Data>\n<Data Name=\"IsMachine\">1</Data>\n<Data Name=\"IsDomainJoined\">False</Data>\n<Data Name=\"IsBackgroundProcessing\">True</Data>\n<Data Name=\"IsAsyncProcessing\">False</Data>\n<Data Name=\"IsServiceRestart\">False</Data>\n<Data Name=\"ReasonForSyncProcessing\">0</Data>\n</EventData>\n</Event>\n"
  },
  {
    "EventID": 5311,
    "Timestamp": "2014-02-19 15:09:23.982506+00:00",
    "Computer": "IACIS-HDD-2014",
    "Channel": "Microsoft-Windows-GroupPolicy/Operational",
    "Level": "Information",
    "EventData": {
      "PolicyProcessingMode": "0"
    },
    "RawXml": "<Event xmlns=\"http://schemas.microsoft.com/win/2004/08/events/event\"><System><Provider Name=\"Microsoft-Windows-GroupPolicy\" Guid=\"{aea1b4fa-97d1-45f2-a64c-4d69fffd92c9}\"></Provider>\n<EventID Qualifiers=\"\">5311</EventID>\n<Version>0</Version>\n<Level>4</Level>\n<Task>0</Task>\n<Opcode>0</Opcode>\n<Keywords>0x4000000000000000</Keywords>\n<TimeCreated SystemTime=\"2014-02-19 15:09:23.982506+00:00\"></TimeCreated>\n<EventRecordID>1011</EventRecordID>\n<Correlation ActivityID=\"{e4809d5c-fc9e-4dd8-b226-4525c14f28d7}\" RelatedActivityID=\"\"></Correlation>\n<Execution ProcessID=\"960\" ThreadID=\"1036\"></Execution>\n<Channel>Microsoft-Windows-GroupPolicy/Operational</Channel>\n<Computer>IACIS-HDD-2014</Computer>\n<Security UserID=\"S-1-5-18\"></Security>\n</System>\n<EventData><Data Name=\"PolicyProcessingMode\">0</Data>\n</EventData>\n</Event>\n"
  },
  {
    "EventID": 5312,
    "Timestamp": "2014-02-19 15:09:23.982506+00:00",
    "Computer": "IACIS-HDD-2014",
    "Channel": "Microsoft-Windows-GroupPolicy/Operational",
    "Level": "Information",
    "EventData": {
      "DescriptionString": "None",
      "GPOInfoList": ""
    },
    "RawXml": "<Event xmlns=\"http://schemas.microsoft.com/win/2004/08/events/event\"><System><Provider Name=\"Microsoft-Windows-GroupPolicy\" Guid=\"{aea1b4fa-97d1-45f2-a64c-4d69fffd92c9}\"></Provider>\n<EventID Qualifiers=\"\">5312</EventID>\n<Version>0</Version>\n<Level>4</Level>\n<Task>0</Task>\n<Opcode>0</Opcode>\n<Keywords>0x4000000000000000</Keywords>\n<TimeCreated SystemTime=\"2014-02-19 15:09:23.982506+00:00\"></TimeCreated>\n<EventRecordID>1012</EventRecordID>\n<Correlation ActivityID=\"{e4809d5c-fc9e-4dd8-b226-4525c14f28d7}\" RelatedActivityID=\"\"></Correlation>\n<Execution ProcessID=\"960\" ThreadID=\"1036\"></Execution>\n<Channel>Microsoft-Windows-GroupPolicy/Operational</Channel>\n<Computer>IACIS-HDD-2014</Computer>\n<Security UserID=\"S-1-5-18\"></Security>\n</System>\n<EventData><Data Name=\"DescriptionString\">None</Data>\n<Data Name=\"GPOInfoList\"></Data>\n</EventData>\n</Event>\n"
  },
  {
    "EventID": 5313,
    "Timestamp": "2014-02-19 15:09:23.982506+00:00",
    "Computer": "IACIS-HDD-2014",
    "Channel": "Microsoft-Windows-GroupPolicy/Operational",
    "Level": "Information",
    "EventData": {
      "DescriptionString": "Local Group Policy\n\tNot Applied (Empty)\n",
      "GPOInfoList": "<GPO ID=\"Local Group Policy\"><Name>Local Group Policy</Name><Version>0</Version><SOM>Local</SOM><FSPath>C:\\Windows\\System32\\GroupPolicy\\Machine</FSPath><Reason>NOTAPPLIED-EMPTY</Reason></GPO>"
    },
    "RawXml": "<Event xmlns=\"http://schemas.microsoft.com/win/2004/08/events/event\"><System><Provider Name=\"Microsoft-Windows-GroupPolicy\" Guid=\"{aea1b4fa-97d1-45f2-a64c-4d69fffd92c9}\"></Provider>\n<EventID Qualifiers=\"\">5313</EventID>\n<Version>0</Version>\n<Level>4</Level>\n<Task>0</Task>\n<Opcode>0</Opcode>\n<Keywords>0x4000000000000000</Keywords>\n<TimeCreated SystemTime=\"2014-02-19 15:09:23.982506+00:00\"></TimeCreated>\n<EventRecordID>1013</EventRecordID>\n<Correlation ActivityID=\"{e4809d5c-fc9e-4dd8-b226-4525c14f28d7}\" RelatedActivityID=\"\"></Correlation>\n<Execution ProcessID=\"960\" ThreadID=\"1036\"></Execution>\n<Channel>Microsoft-Windows-GroupPolicy/Operational</Channel>\n<Computer>IACIS-HDD-2014</Computer>\n<Security UserID=\"S-1-5-18\"></Security>\n</System>\n<EventData><Data Name=\"DescriptionString\">Local Group Policy\n\tNot Applied (Empty)\n</Data>\n<Data Name=\"GPOInfoList\">&lt;GPO ID=\"Local Group Policy\"&gt;&lt;Name&gt;Local Group Policy&lt;/Name&gt;&lt;Version&gt;0&lt;/Version&gt;&lt;SOM&gt;Local&lt;/SOM&gt;&lt;FSPath&gt;C:\\Windows\\System32\\GroupPolicy\\Machine&lt;/FSPath&gt;&lt;Reason&gt;NOTAPPLIED-EMPTY&lt;/Reason&gt;&lt;/GPO&gt;</Data>\n</EventData>\n</Event>\n"
  },
  {
    "EventID": 5320,
    "Timestamp": "2014-02-19 15:09:23.982506+00:00",
    "Computer": "IACIS-HDD-2014",
    "Channel": "Microsoft-Windows-GroupPolicy/Operational",
    "Level": "Information",
    "EventData": {
      "InfoDescription": "%%4161"
    },
    "RawXml": "<Event xmlns=\"http://schemas.microsoft.com/win/2004/08/events/event\"><System><Provider Name=\"Microsoft-Windows-GroupPolicy\" Guid=\"{aea1b4fa-97d1-45f2-a64c-4d69fffd92c9}\"></Provider>\n<EventID Qualifiers=\"\">5320</EventID>\n<Version>0</Version>\n<Level>4</Level>\n<Task>0</Task>\n<Opcode>0</Opcode>\n<Keywords>0x4000000000000000</Keywords>\n<TimeCreated SystemTime=\"2014-02-19 15:09:23.982506+00:00\"></TimeCreated>\n<EventRecordID>1014</EventRecordID>\n<Correlation ActivityID=\"{e4809d5c-fc9e-4dd8-b226-4525c14f28d7}\" RelatedActivityID=\"\"></Correlation>\n<Execution ProcessID=\"960\" ThreadID=\"1036\"></Execution>\n<Channel>Microsoft-Windows-GroupPolicy/Operational</Channel>\n<Computer>IACIS-HDD-2014</Computer>\n<Security UserID=\"S-1-5-18\"></Security>\n</System>\n<EventData><Data Name=\"InfoDescription\">%%4161</Data>\n</EventData>\n</Event>\n"
  },
  {
    "EventID": 5320,
    "Timestamp": "2014-02-19 15:09:23.982506+00:00",
    "Computer": "IACIS-HDD-2014",
    "Channel": "Microsoft-Windows-GroupPolicy/Operational",
    "Level": "Information",
    "EventData": {
      "InfoDescription": "%%4163"
    },
    "RawXml": "<Event xmlns=\"http://schemas.microsoft.com/win/2004/08/events/event\"><System><Provider Name=\"Microsoft-Windows-GroupPolicy\" Guid=\"{aea1b4fa-97d1-45f2-a64c-4d69fffd92c9}\"></Provider>\n<EventID Qualifiers=\"\">5320</EventID>\n<Version>0</Version>\n<Level>4</Level>\n<Task>0</Task>\n<Opcode>0</Opcode>\n<Keywords>0x4000000000000000</Keywords>\n<TimeCreated SystemTime=\"2014-02-19 15:09:23.982506+00:00\"></TimeCreated>\n<EventRecordID>1015</EventRecordID>\n<Correlation ActivityID=\"{e4809d5c-fc9e-4dd8-b226-4525c14f28d7}\" RelatedActivityID=\"\"></Correlation>\n<Execution ProcessID=\"960\" ThreadID=\"1036\"></Execution>\n<Channel>Microsoft-Windows-GroupPolicy/Operational</Channel>\n<Computer>IACIS-HDD-2014</Computer>\n<Security UserID=\"S-1-5-18\"></Security>\n</System>\n<EventData><Data Name=\"InfoDescription\">%%4163</Data>\n</EventData>\n</Event>\n"
  },
  {
    "EventID": 5320,
    "Timestamp": "2014-02-19 15:09:23.982506+00:00",
    "Computer": "IACIS-HDD-2014",
    "Channel": "Microsoft-Windows-GroupPolicy/Operational",
    "Level": "Information",
    "EventData": {
      "InfoDescription": "%%4165"
    },
    "RawXml": "<Event xmlns=\"http://schemas.microsoft.com/win/2004/08/events/event\"><System><Provider Name=\"Microsoft-Windows-GroupPolicy\" Guid=\"{aea1b4fa-97d1-45f2-a64c-4d69fffd92c9}\"></Provider>\n<EventID Qualifiers=\"\">5320</EventID>\n<Version>0</Version>\n<Level>4</Level>\n<Task>0</Task>\n<Opcode>0</Opcode>\n<Keywords>0x4000000000000000</Keywords>\n<TimeCreated SystemTime=\"2014-02-19 15:09:23.982506+00:00\"></TimeCreated>\n<EventRecordID>1016</EventRecordID>\n<Correlation ActivityID=\"{e4809d5c-fc9e-4dd8-b226-4525c14f28d7}\" RelatedActivityID=\"\"></Correlation>\n<Execution ProcessID=\"960\" ThreadID=\"1036\"></Execution>\n<Channel>Microsoft-Windows-GroupPolicy/Operational</Channel>\n<Computer>IACIS-HDD-2014</Computer>\n<Security UserID=\"S-1-5-18\"></Security>\n</System>\n<EventData><Data Name=\"InfoDescription\">%%4165</Data>\n</EventData>\n</Event>\n"
  },
  {
    "EventID": 8006,
    "Timestamp": "2014-02-19 15:09:23.998106+00:00",
    "Computer": "IACIS-HDD-2014",
    "Channel": "Microsoft-Windows-GroupPolicy/Operational",
    "Level": "Information",
    "EventData": {
      "PolicyElaspedTimeInSeconds": "0",
      "ErrorCode": "0",
      "PrincipalSamName": "WORKGROUP\\IACIS-HDD-2014$",
      "IsMachine": "1",
      "IsConnectivityFailure": "False"
    },
    "RawXml": "<Event xmlns=\"http://schemas.microsoft.com/win/2004/08/events/event\"><System><Provider Name=\"Microsoft-Windows-GroupPolicy\" Guid=\"{aea1b4fa-97d1-45f2-a64c-4d69fffd92c9}\"></Provider>\n<EventID Qualifiers=\"\">8006</EventID>\n<Version>1</Version>\n<Level>4</Level>\n<Task>0</Task>\n<Opcode>2</Opcode>\n<Keywords>0x4000000000000000</Keywords>\n<TimeCreated SystemTime=\"2014-02-19 15:09:23.998106+00:00\"></TimeCreated>\n<EventRecordID>1017</EventRecordID>\n<Correlation ActivityID=\"{e4809d5c-fc9e-4dd8-b226-4525c14f28d7}\" RelatedActivityID=\"\"></Correlation>\n<Execution ProcessID=\"960\" ThreadID=\"1036\"></Execution>\n<Channel>Microsoft-Windows-GroupPolicy/Operational</Channel>\n<Computer>IACIS-HDD-2014</Computer>\n<Security UserID=\"S-1-5-18\"></Security>\n</System>\n<EventData><Data Name=\"PolicyElaspedTimeInSeconds\">0</Data>\n<Data Name=\"ErrorCode\">0</Data>\n<Data Name=\"PrincipalSamName\">WORKGROUP\\IACIS-HDD-2014$</Data>\n<Data Name=\"IsMachine\">1</Data>\n<Data Name=\"IsConnectivityFailure\">False</Data>\n</EventData>\n</Event>\n"
  },
  {
    "EventID": 5315,
    "Timestamp": "2014-02-19 15:09:24.029308+00:00",
    "Computer": "IACIS-HDD-2014",
    "Channel": "Microsoft-Windows-GroupPolicy/Operational",
    "Level": "Information",
    "EventData": {
      "PrincipalSamName": "WORKGROUP\\IACIS-HDD-2014$",
      "NextPolicyApplicationTime": "118",
      "NextPolicyApplicationTimeUnit": "%%4100"
    },
    "RawXml": "<Event xmlns=\"http://schemas.microsoft.com/win/2004/08/events/event\"><System><Provider Name=\"Microsoft-Windows-GroupPolicy\" Guid=\"{aea1b4fa-97d1-45f2-a64c-4d69fffd92c9}\"></Provider>\n<EventID Qualifiers=\"\">5315</EventID>\n<Version>0</Version>\n<Level>4</Level>\n<Task>0</Task>\n<Opcode>0</Opcode>\n<Keywords>0x4000000000000000</Keywords>\n<TimeCreated SystemTime=\"2014-02-19 15:09:24.029308+00:00\"></TimeCreated>\n<EventRecordID>1018</EventRecordID>\n<Correlation ActivityID=\"{e4809d5c-fc9e-4dd8-b226-4525c14f28d7}\" RelatedActivityID=\"\"></Correlation>\n<Execution ProcessID=\"960\" ThreadID=\"1036\"></Execution>\n<Channel>Microsoft-Windows-GroupPolicy/Operational</Channel>\n<Computer>IACIS-HDD-2014</Computer>\n<Security UserID=\"S-1-5-18\"></Security>\n</System>\n<EventData><Data Name=\"PrincipalSamName\">WORKGROUP\\IACIS-HDD-2014$</Data>\n<Data Name=\"NextPolicyApplicationTime\">118</Data>\n<Data Name=\"NextPolicyApplicationTimeUnit\">%%4100</Data>\n</EventData>\n</Event>\n"
  },
  {
    "EventID": 4006,
    "Timestamp": "2014-02-19 17:07:24.039343+00:00",
    "Computer": "IACIS-HDD-2014",
    "Channel": "Microsoft-Windows-GroupPolicy/Operational",
    "Level": "Information",
    "EventData": {
      "PolicyActivityId": "{b4fbbf53-5d3e-4a80-962b-c3f43458ee55}",
      "PrincipalSamName": "WORKGROUP\\IACIS-HDD-2014$",
      "IsMachine": "1",
      "IsDomainJoined": "False",
      "IsBackgroundProcessing": "True",
      "IsAsyncProcessing": "False",
      "IsServiceRestart": "False",
      "ReasonForSyncProcessing": "0"
    },
    "RawXml": "<Event xmlns=\"http://schemas.microsoft.com/win/2004/08/events/event\"><System><Provider Name=\"Microsoft-Windows-GroupPolicy\" Guid=\"{aea1b4fa-97d1-45f2-a64c-4d69fffd92c9}\"></Provider>\n<EventID Qualifiers=\"\">4006</EventID>\n<Version>1</Version>\n<Level>4</Level>\n<Task>0</Task>\n<Opcode>1</Opcode>\n<Keywords>0x4000000000000000</Keywords>\n<TimeCreated SystemTime=\"2014-02-19 17:07:24.039343+00:00\"></TimeCreated>\n<EventRecordID>1019</EventRecordID>\n<Correlation ActivityID=\"{b4fbbf53-5d3e-4a80-962b-c3f43458ee55}\" RelatedActivityID=\"\"></Correlation>\n<Execution ProcessID=\"960\" ThreadID=\"1036\"></Execution>\n<Channel>Microsoft-Windows-GroupPolicy/Operational</Channel>\n<Computer>IACIS-HDD-2014</Computer>\n<Security UserID=\"S-1-5-18\"></Security>\n</System>\n<EventData><Data Name=\"PolicyActivityId\">{b4fbbf53-5d3e-4a80-962b-c3f43458ee55}</Data>\n<Data Name=\"PrincipalSamName\">WORKGROUP\\IACIS-HDD-2014$</Data>\n<Data Name=\"IsMachine\">1</Data>\n<Data Name=\"IsDomainJoined\">False</Data>\n<Data Name=\"IsBackgroundProcessing\">True</Data>\n<Data Name=\"IsAsyncProcessing\">False</Data>\n<Data Name=\"IsServiceRestart\">False</Data>\n<Data Name=\"ReasonForSyncProcessing\">0</Data>\n</EventData>\n</Event>\n"
  },
