  {
    "EventID": 5313,
    "Timestamp": "2014-02-07 14:07:38.237263+00:00",
    "Computer": "IACIS-HDD-2014",
    "Channel": "Microsoft-Windows-GroupPolicy/Operational",
    "Level": "Information",
    "EventData": {
      "DescriptionString": "Local Group Policy\n\tNot Applied (Empty)\n",
      "GPOInfoList": "<GPO ID=\"Local Group Policy\"><Name>Local Group Policy</Name><Version>0</Version><SOM>Local</SOM><FSPath>C:\\Windows\\System32\\GroupPolicy\\Machine</FSPath><Reason>NOTAPPLIED-EMPTY</Reason></GPO>"
    },
    "RawXml": "<Event xmlns=\"http://schemas.microsoft.com/win/2004/08/events/event\"><System><Provider Name=\"Microsoft-Windows-GroupPolicy\" Guid=\"{aea1b4fa-97d1-45f2-a64c-4d69fffd92c9}\"></Provider>\n<EventID Qualifiers=\"\">5313</EventID>\n<Version>0</Version>\n<Level>4</Level>\n<Task>0</Task>\n<Opcode>0</Opcode>\n<Keywords>0x4000000000000000</Keywords>\n<TimeCreated SystemTime=\"2014-02-07 14:07:38.237263+00:00\"></TimeCreated>\n<EventRecordID>641</EventRecordID>\n<Correlation ActivityID=\"{95b9a57c-f012-44aa-b6a2-d5b75c1b491f}\" RelatedActivityID=\"\"></Correlation>\n<Execution ProcessID=\"964\" ThreadID=\"1040\"></Execution>\n<Channel>Microsoft-Windows-GroupPolicy/Operational</Channel>\n<Computer>IACIS-HDD-2014</Computer>\n<Security UserID=\"S-1-5-18\"></Security>\n</System>\n<EventData><Data Name=\"DescriptionString\">Local Group Policy\n\tNot Applied (Empty)\n</Data>\n<Data Name=\"GPOInfoList\">&lt;GPO ID=\"Local Group Policy\"&gt;&lt;Name&gt;Local Group Policy&lt;/Name&gt;&lt;Version&gt;0&lt;/Version&gt;&lt;SOM&gt;Local&lt;/SOM&gt;&lt;FSPath&gt;C:\\Windows\\System32\\GroupPolicy\\Machine&lt;/FSPath&gt;&lt;Reason&gt;NOTAPPLIED-EMPTY&lt;/Reason&gt;&lt;/GPO&gt;</Data>\n</EventData>\n</Event>\n"
  },
  {
    "EventID": 5320,
    "Timestamp": "2014-02-07 14:07:38.237263+00:00",
    "Computer": "IACIS-HDD-2014",
    "Channel": "Microsoft-Windows-GroupPolicy/Operational",
    "Level": "Information",
    "EventData": {
      "InfoDescription": "%%4161"
    },
    "RawXml": "<Event xmlns=\"http://schemas.microsoft.com/win/2004/08/events/event\"><System><Provider Name=\"Microsoft-Windows-GroupPolicy\" Guid=\"{aea1b4fa-97d1-45f2-a64c-4d69fffd92c9}\"></Provider>\n<EventID Qualifiers=\"\">5320</EventID>\n<Version>0</Version>\n<Level>4</Level>\n<Task>0</Task>\n<Opcode>0</Opcode>\n<Keywords>0x4000000000000000</Keywords>\n<TimeCreated SystemTime=\"2014-02-07 14:07:38.237263+00:00\"></TimeCreated>\n<EventRecordID>642</EventRecordID>\n<Correlation ActivityID=\"{95b9a57c-f012-44aa-b6a2-d5b75c1b491f}\" RelatedActivityID=\"\"></Correlation>\n<Execution ProcessID=\"964\" ThreadID=\"1040\"></Execution>\n<Channel>Microsoft-Windows-GroupPolicy/Operational</Channel>\n<Computer>IACIS-HDD-2014</Computer>\n<Security UserID=\"S-1-5-18\"></Security>\n</System>\n<EventData><Data Name=\"InfoDescription\">%%4161</Data>\n</EventData>\n</Event>\n"
  },
  {
    "EventID": 5320,
    "Timestamp": "2014-02-07 14:07:38.237263+00:00",
    "Computer": "IACIS-HDD-2014",
    "Channel": "Microsoft-Windows-GroupPolicy/Operational",
    "Level": "Information",
    "EventData": {
      "InfoDescription": "%%4163"
    },
    "RawXml": "<Event xmlns=\"http://schemas.microsoft.com/win/2004/08/events/event\"><System><Provider Name=\"Microsoft-Windows-GroupPolicy\" Guid=\"{aea1b4fa-97d1-45f2-a64c-4d69fffd92c9}\"></Provider>\n<EventID Qualifiers=\"\">5320</EventID>\n<Version>0</Version>\n<Level>4</Level>\n<Task>0</Task>\n<Opcode>0</Opcode>\n<Keywords>0x4000000000000000</Keywords>\n<TimeCreated SystemTime=\"2014-02-07 14:07:38.237263+00:00\"></TimeCreated>\n<EventRecordID>643</EventRecordID>\n<Correlation ActivityID=\"{95b9a57c-f012-44aa-b6a2-d5b75c1b491f}\" RelatedActivityID=\"\"></Correlation>\n<Execution ProcessID=\"964\" ThreadID=\"1040\"></Execution>\n<Channel>Microsoft-Windows-GroupPolicy/Operational</Channel>\n<Computer>IACIS-HDD-2014</Computer>\n<Security UserID=\"S-1-5-18\"></Security>\n</System>\n<EventData><Data Name=\"InfoDescription\">%%4163</Data>\n</EventData>\n</Event>\n"
  },
  {
    "EventID": 5320,
    "Timestamp": "2014-02-07 14:07:38.237263+00:00",
    "Computer": "IACIS-HDD-2014",
    "Channel": "Microsoft-Windows-GroupPolicy/Operational",
    "Level": "Information",
    "EventData": {
      "InfoDescription": "%%4165"
    },
    "RawXml": "<Event xmlns=\"http://schemas.microsoft.com/win/2004/08/events/event\"><System><Provider Name=\"Microsoft-Windows-GroupPolicy\" Guid=\"{aea1b4fa-97d1-45f2-a64c-4d69fffd92c9}\"></Provider>\n<EventID Qualifiers=\"\">5320</EventID>\n<Version>0</Version>\n<Level>4</Level>\n<Task>0</Task>\n<Opcode>0</Opcode>\n<Keywords>0x4000000000000000</Keywords>\n<TimeCreated SystemTime=\"2014-02-07 14:07:38.237263+00:00\"></TimeCreated>\n<EventRecordID>644</EventRecordID>\n<Correlation ActivityID=\"{95b9a57c-f012-44aa-b6a2-d5b75c1b491f}\" RelatedActivityID=\"\"></Correlation>\n<Execution ProcessID=\"964\" ThreadID=\"1040\"></Execution>\n<Channel>Microsoft-Windows-GroupPolicy/Operational</Channel>\n<Computer>IACIS-HDD-2014</Computer>\n<Security UserID=\"S-1-5-18\"></Security>\n</System>\n<EventData><Data Name=\"InfoDescription\">%%4165</Data>\n</EventData>\n</Event>\n"
  },
  {
    "EventID": 8006,
    "Timestamp": "2014-02-07 14:07:38.237263+00:00",
    "Computer": "IACIS-HDD-2014",
    "Channel": "Microsoft-Windows-GroupPolicy/Operational",
    "Level": "Information",
    "EventData": {
      "PolicyElaspedTimeInSeconds": "0",
      "ErrorCode": "0",
      "PrincipalSamName": "WORKGROUP\\IACIS-HDD-2014$",
      "IsMachine": "1",
      "IsConnectivityFailure": "False"
    },
    "RawXml": "<Event xmlns=\"http://schemas.microsoft.com/win/2004/08/events/event\"><System><Provider Name=\"Microsoft-Windows-GroupPolicy\" Guid=\"{aea1b4fa-97d1-45f2-a64c-4d69fffd92c9}\"></Provider>\n<EventID Qualifiers=\"\">8006</EventID>\n<Version>1</Version>\n<Level>4</Level>\n<Task>0</Task>\n<Opcode>2</Opcode>\n<Keywords>0x4000000000000000</Keywords>\n<TimeCreated SystemTime=\"2014-02-07 14:07:38.237263+00:00\"></TimeCreated>\n<EventRecordID>645</EventRecordID>\n<Correlation ActivityID=\"{95b9a57c-f012-44aa-b6a2-d5b75c1b491f}\" RelatedActivityID=\"\"></Correlation>\n<Execution ProcessID=\"964\" ThreadID=\"1040\"></Execution>\n<Channel>Microsoft-Windows-GroupPolicy/Operational</Channel>\n<Computer>IACIS-HDD-2014</Computer>\n<Security UserID=\"S-1-5-18\"></Security>\n</System>\n<EventData><Data Name=\"PolicyElaspedTimeInSeconds\">0</Data>\n<Data Name=\"ErrorCode\">0</Data>\n<Data Name=\"PrincipalSamName\">WORKGROUP\\IACIS-HDD-2014$</Data>\n<Data Name=\"IsMachine\">1</Data>\n<Data Name=\"IsConnectivityFailure\">False</Data>\n</EventData>\n</Event>\n"
  },
  {
    "EventID": 5315,
    "Timestamp": "2014-02-07 14:07:38.315262+00:00",
    "Computer": "IACIS-HDD-2014",
    "Channel": "Microsoft-Windows-GroupPolicy/Operational",
    "Level": "Information",
    "EventData": {
      "PrincipalSamName": "WORKGROUP\\IACIS-HDD-2014$",
      "NextPolicyApplicationTime": "113",
      "NextPolicyApplicationTimeUnit": "%%4100"
    },
    "RawXml": "<Event xmlns=\"http://schemas.microsoft.com/win/2004/08/events/event\"><System><Provider Name=\"Microsoft-Windows-GroupPolicy\" Guid=\"{aea1b4fa-97d1-45f2-a64c-4d69fffd92c9}\"></Provider>\n<EventID Qualifiers=\"\">5315</EventID>\n<Version>0</Version>\n<Level>4</Level>\n<Task>0</Task>\n<Opcode>0</Opcode>\n<Keywords>0x4000000000000000</Keywords>\n<TimeCreated SystemTime=\"2014-02-07 14:07:38.315262+00:00\"></TimeCreated>\n<EventRecordID>646</EventRecordID>\n<Correlation ActivityID=\"{95b9a57c-f012-44aa-b6a2-d5b75c1b491f}\" RelatedActivityID=\"\"></Correlation>\n<Execution ProcessID=\"964\" ThreadID=\"1040\"></Execution>\n<Channel>Microsoft-Windows-GroupPolicy/Operational</Channel>\n<Computer>IACIS-HDD-2014</Computer>\n<Security UserID=\"S-1-5-18\"></Security>\n</System>\n<EventData><Data Name=\"PrincipalSamName\">WORKGROUP\\IACIS-HDD-2014$</Data>\n<Data Name=\"NextPolicyApplicationTime\">113</Data>\n<Data Name=\"NextPolicyApplicationTimeUnit\">%%4100</Data>\n</EventData>\n</Event>\n"
  },
  {
    "EventID": 5324,
    "Timestamp": "2014-02-07 14:21:27.253918+00:00",
    "Computer": "IACIS-HDD-2014",
    "Channel": "Microsoft-Windows-GroupPolicy/Operational",
    "Level": "Information",
    "EventData": {
      "NotificationType": "1",
      "SessionId": "2"
    },
    "RawXml": "<Event xmlns=\"http://schemas.microsoft.com/win/2004/08/events/event\"><System><Provider Name=\"Microsoft-Windows-GroupPolicy\" Guid=\"{aea1b4fa-97d1-45f2-a64c-4d69fffd92c9}\"></Provider>\n<EventID Qualifiers=\"\">5324</EventID>\n<Version>0</Version>\n<Level>4</Level>\n<Task>0</Task>\n<Opcode>0</Opcode>\n<Keywords>0x4000000000000000</Keywords>\n<TimeCreated SystemTime=\"2014-02-07 14:21:27.253918+00:00\"></TimeCreated>\n<EventRecordID>647</EventRecordID>\n<Correlation ActivityID=\"\" RelatedActivityID=\"\"></Correlation>\n<Execution ProcessID=\"964\" ThreadID=\"1544\"></Execution>\n<Channel>Microsoft-Windows-GroupPolicy/Operational</Channel>\n<Computer>IACIS-HDD-2014</Computer>\n<Security UserID=\"S-1-5-18\"></Security>\n</System>\n<EventData><Data Name=\"NotificationType\">1</Data>\n<Data Name=\"SessionId\">2</Data>\n</EventData>\n</Event>\n"
  },
  {
    "EventID": 4001,
    "Timestamp": "2014-02-07 14:21:27.253918+00:00",
    "Computer": "IACIS-HDD-2014",
    "Channel": "Microsoft-Windows-GroupPolicy/Operational",
    "Level": "Information",
    "EventData": {
      "PolicyActivityId": "{d7619f3f-c672-4849-950e-a78c91d24d64}",
      "PrincipalSamName": "IACIS-HDD-2014\\Sgt. Joe T. Nameless",
      "IsMachine": "0",
      "IsDomainJoined": "False",
      "IsBackgroundProcessing": "False",
      "IsAsyncProcessing": "True",
      "IsServiceRestart": "False",
      "ReasonForSyncProcessing": "0"
    },
    "RawXml": "<Event xmlns=\"http://schemas.microsoft.com/win/2004/08/events/event\"><System><Provider Name=\"Microsoft-Windows-GroupPolicy\" Guid=\"{aea1b4fa-97d1-45f2-a64c-4d69fffd92c9}\"></Provider>\n<EventID Qualifiers=\"\">4001</EventID>\n<Version>1</Version>\n<Level>4</Level>\n<Task>0</Task>\n<Opcode>1</Opcode>\n<Keywords>0x4000000000000000</Keywords>\n<TimeCreated SystemTime=\"2014-02-07 14:21:27.253918+00:00\"></TimeCreated>\n<EventRecordID>648</EventRecordID>\n<Correlation ActivityID=\"{d7619f3f-c672-4849-950e-a78c91d24d64}\" RelatedActivityID=\"\"></Correlation>\n<Execution ProcessID=\"964\" ThreadID=\"3976\"></Execution>\n<Channel>Microsoft-Windows-GroupPolicy/Operational</Channel>\n<Computer>IACIS-HDD-2014</Computer>\n<Security UserID=\"S-1-5-18\"></Security>\n</System>\n<EventData><Data Name=\"PolicyActivityId\">{d7619f3f-c672-4849-950e-a78c91d24d64}</Data>\n<Data Name=\"PrincipalSamName\">IACIS-HDD-2014\\Sgt. Joe T. Nameless</Data>\n<Data Name=\"IsMachine\">0</Data>\n<Data Name=\"IsDomainJoined\">False</Data>\n<Data Name=\"IsBackgroundProcessing\">False</Data>\n<Data Name=\"IsAsyncProcessing\">True</Data>\n<Data Name=\"IsServiceRestart\">False</Data>\n<Data Name=\"ReasonForSyncProcessing\">0</Data>\n</EventData>\n</Event>\n"
  },
  {
    "EventID": 5311,
    "Timestamp": "2014-02-07 14:21:27.253918+00:00",
    "Computer": "IACIS-HDD-2014",
    "Channel": "Microsoft-Windows-GroupPolicy/Operational",
    "Level": "Information",
    "EventData": {
      "PolicyProcessingMode": "0"
    },
    "RawXml": "<Event xmlns=\"http://schemas.microsoft.com/win/2004/08/events/event\"><System><Provider Name=\"Microsoft-Windows-GroupPolicy\" Guid=\"{aea1b4fa-97d1-45f2-a64c-4d69fffd92c9}\"></Provider>\n<EventID Qualifiers=\"\">5311</EventID>\n<Version>0</Version>\n<Level>4</Level>\n<Task>0</Task>\n<Opcode>0</Opcode>\n<Keywords>0x4000000000000000</Keywords>\n<TimeCreated SystemTime=\"2014-02-07 14:21:27.253918+00:00\"></TimeCreated>\n<EventRecordID>649</EventRecordID>\n<Correlation ActivityID=\"{d7619f3f-c672-4849-950e-a78c91d24d64}\" RelatedActivityID=\"\"></Correlation>\n<Execution ProcessID=\"964\" ThreadID=\"3976\"></Execution>\n<Channel>Microsoft-Windows-GroupPolicy/Operational</Channel>\n<Computer>IACIS-HDD-2014</Computer>\n<Security UserID=\"S-1-5-21-1171287513-3642516788-2358256967-1003\"></Security>\n</System>\n<EventData><Data Name=\"PolicyProcessingMode\">0</Data>\n</EventData>\n</Event>\n"
  },
  {
    "EventID": 5312,
    "Timestamp": "2014-02-07 14:21:27.253918+00:00",
    "Computer": "IACIS-HDD-2014",
    "Channel": "Microsoft-Windows-GroupPolicy/Operational",
    "Level": "Information",
    "EventData": {
      "DescriptionString": "None",
      "GPOInfoList": ""
    },
    "RawXml": "<Event xmlns=\"http://schemas.microsoft.com/win/2004/08/events/event\"><System><Provider Name=\"Microsoft-Windows-GroupPolicy\" Guid=\"{aea1b4fa-97d1-45f2-a64c-4d69fffd92c9}\"></Provider>\n<EventID Qualifiers=\"\">5312</EventID>\n<Version>0</Version>\n<Level>4</Level>\n<Task>0</Task>\n<Opcode>0</Opcode>\n<Keywords>0x4000000000000000</Keywords>\n<TimeCreated SystemTime=\"2014-02-07 14:21:27.253918+00:00\"></TimeCreated>\n<EventRecordID>650</EventRecordID>\n<Correlation ActivityID=\"{d7619f3f-c672-4849-950e-a78c91d24d64}\" RelatedActivityID=\"\"></Correlation>\n<Execution ProcessID=\"964\" ThreadID=\"3976\"></Execution>\n<Channel>Microsoft-Windows-GroupPolicy/Operational</Channel>\n<Computer>IACIS-HDD-2014</Computer>\n<Security UserID=\"S-1-5-18\"></Security>\n</System>\n<EventData><Data Name=\"DescriptionString\">None</Data>\n<Data Name=\"GPOInfoList\"></Data>\n</EventData>\n</Event>\n"
  },
  {
    "EventID": 5313,
    "Timestamp": "2014-02-07 14:21:27.253918+00:00",
    "Computer": "IACIS-HDD-2014",
    "Channel": "Microsoft-Windows-GroupPolicy/Operational",
    "Level": "Information",
    "EventData": {
      "DescriptionString": "Local Group Policy\n\tNot Applied (Empty)\n",
      "GPOInfoList": "<GPO ID=\"Local Group Policy\"><Name>Local Group Policy</Name><Version>0</Version><SOM>Local</SOM><FSPath>C:\\Windows\\System32\\GroupPolicy\\User</FSPath><Reason>NOTAPPLIED-EMPTY</Reason></GPO>"
    },
    "RawXml": "<Event xmlns=\"http://schemas.microsoft.com/win/2004/08/events/event\"><System><Provider Name=\"Microsoft-Windows-GroupPolicy\" Guid=\"{aea1b4fa-97d1-45f2-a64c-4d69fffd92c9}\"></Provider>\n<EventID Qualifiers=\"\">5313</EventID>\n<Version>0</Version>\n<Level>4</Level>\n<Task>0</Task>\n<Opcode>0</Opcode>\n<Keywords>0x4000000000000000</Keywords>\n<TimeCreated SystemTime=\"2014-02-07 14:21:27.253918+00:00\"></TimeCreated>\n<EventRecordID>651</EventRecordID>\n<Correlation ActivityID=\"{d7619f3f-c672-4849-950e-a78c91d24d64}\" RelatedActivityID=\"\"></Correlation>\n<Execution ProcessID=\"964\" ThreadID=\"3976\"></Execution>\n<Channel>Microsoft-Windows-GroupPolicy/Operational</Channel>\n<Computer>IACIS-HDD-2014</Computer>\n<Security UserID=\"S-1-5-18\"></Security>\n</System>\n<EventData><Data Name=\"DescriptionString\">Local Group Policy\n\tNot Applied (Empty)\n</Data>\n<Data Name=\"GPOInfoList\">&lt;GPO ID=\"Local Group Policy\"&gt;&lt;Name&gt;Local Group Policy&lt;/Name&gt;&lt;Version&gt;0&lt;/Version&gt;&lt;SOM&gt;Local&lt;/SOM&gt;&lt;FSPath&gt;C:\\Windows\\System32\\GroupPolicy\\User&lt;/FSPath&gt;&lt;Reason&gt;NOTAPPLIED-EMPTY&lt;/Reason&gt;&lt;/GPO&gt;</Data>\n</EventData>\n</Event>\n"
  },
  {
    "EventID": 5320,
    "Timestamp": "2014-02-07 14:21:27.269518+00:00",
    "Computer": "IACIS-HDD-2014",
    "Channel": "Microsoft-Windows-GroupPolicy/Operational",
    "Level": "Information",
    "EventData": {
      "InfoDescription": "%%4161"
    },
    "RawXml": "<Event xmlns=\"http://schemas.microsoft.com/win/2004/08/events/event\"><System><Provider Name=\"Microsoft-Windows-GroupPolicy\" Guid=\"{aea1b4fa-97d1-45f2-a64c-4d69fffd92c9}\"></Provider>\n<EventID Qualifiers=\"\">5320</EventID>\n<Version>0</Version>\n<Level>4</Level>\n<Task>0</Task>\n<Opcode>0</Opcode>\n<Keywords>0x4000000000000000</Keywords>\n<TimeCreated SystemTime=\"2014-02-07 14:21:27.269518+00:00\"></TimeCreated>\n<EventRecordID>652</EventRecordID>\n<Correlation ActivityID=\"{d7619f3f-c672-4849-950e-a78c91d24d64}\" RelatedActivityID=\"\"></Correlation>\n<Execution ProcessID=\"964\" ThreadID=\"3976\"></Execution>\n<Channel>Microsoft-Windows-GroupPolicy/Operational</Channel>\n<Computer>IACIS-HDD-2014</Computer>\n<Security UserID=\"S-1-5-18\"></Security>\n</System>\n<EventData><Data Name=\"InfoDescription\">%%4161</Data>\n</EventData>\n</Event>\n"
  },
  {
    "EventID": 5320,
    "Timestamp": "2014-02-07 14:21:27.269518+00:00",
    "Computer": "IACIS-HDD-2014",
    "Channel": "Microsoft-Windows-GroupPolicy/Operational",
    "Level": "Information",
    "EventData": {
      "InfoDescription": "%%4163"
    },
    "RawXml": "<Event xmlns=\"http://schemas.microsoft.com/win/2004/08/events/event\"><System><Provider Name=\"Microsoft-Windows-GroupPolicy\" Guid=\"{aea1b4fa-97d1-45f2-a64c-4d69fffd92c9}\"></Provider>\n<EventID Qualifiers=\"\">5320</EventID>\n<Version>0</Version>\n<Level>4</Level>\n<Task>0</Task>\n<Opcode>0</Opcode>\n<Keywords>0x4000000000000000</Keywords>\n<TimeCreated SystemTime=\"2014-02-07 14:21:27.269518+00:00\"></TimeCreated>\n<EventRecordID>653</EventRecordID>\n<Correlation ActivityID=\"{d7619f3f-c672-4849-950e-a78c91d24d64}\" RelatedActivityID=\"\"></Correlation>\n<Execution ProcessID=\"964\" ThreadID=\"3976\"></Execution>\n<Channel>Microsoft-Windows-GroupPolicy/Operational</Channel>\n<Computer>IACIS-HDD-2014</Computer>\n<Security UserID=\"S-1-5-18\"></Security>\n</System>\n<EventData><Data Name=\"InfoDescription\">%%4163</Data>\n</EventData>\n</Event>\n"
  },
  {
    "EventID": 5320,
    "Timestamp": "2014-02-07 14:21:27.269518+00:00",
    "Computer": "IACIS-HDD-2014",
    "Channel": "Microsoft-Windows-GroupPolicy/Operational",
    "Level": "Information",
    "EventData": {
      "InfoDescription": "%%4165"
    },
    "RawXml": "<Event xmlns=\"http://schemas.microsoft.com/win/2004/08/events/event\"><System><Provider Name=\"Microsoft-Windows-GroupPolicy\" Guid=\"{aea1b4fa-97d1-45f2-a64c-4d69fffd92c9}\"></Provider>\n<EventID Qualifiers=\"\">5320</EventID>\n<Version>0</Version>\n<Level>4</Level>\n<Task>0</Task>\n<Opcode>0</Opcode>\n<Keywords>0x4000000000000000</Keywords>\n<TimeCreated SystemTime=\"2014-02-07 14:21:27.269518+00:00\"></TimeCreated>\n<EventRecordID>654</EventRecordID>\n<Correlation ActivityID=\"{d7619f3f-c672-4849-950e-a78c91d24d64}\" RelatedActivityID=\"\"></Correlation>\n<Execution ProcessID=\"964\" ThreadID=\"3976\"></Execution>\n<Channel>Microsoft-Windows-GroupPolicy/Operational</Channel>\n<Computer>IACIS-HDD-2014</Computer>\n<Security UserID=\"S-1-5-18\"></Security>\n</System>\n<EventData><Data Name=\"InfoDescription\">%%4165</Data>\n</EventData>\n</Event>\n"
  },
  {
    "EventID": 8001,
    "Timestamp": "2014-02-07 14:21:27.269518+00:00",
    "Computer": "IACIS-HDD-2014",
    "Channel": "Microsoft-Windows-GroupPolicy/Operational",
    "Level": "Information",
    "EventData": {
      "PolicyElaspedTimeInSeconds": "0",
      "ErrorCode": "0",
      "PrincipalSamName": "IACIS-HDD-2014\\Sgt. Joe T. Nameless",
      "IsMachine": "0",
      "IsConnectivityFailure": "False"
    },
    "RawXml": "<Event xmlns=\"http://schemas.microsoft.com/win/2004/08/events/event\"><System><Provider Name=\"Microsoft-Windows-GroupPolicy\" Guid=\"{aea1b4fa-97d1-45f2-a64c-4d69fffd92c9}\"></Provider>\n<EventID Qualifiers=\"\">8001</EventID>\n<Version>1</Version>\n<Level>4</Level>\n<Task>0</Task>\n<Opcode>2</Opcode>\n<Keywords>0x4000000000000000</Keywords>\n<TimeCreated SystemTime=\"2014-02-07 14:21:27.269518+00:00\"></TimeCreated>\n<EventRecordID>655</EventRecordID>\n<Correlation ActivityID=\"{d7619f3f-c672-4849-950e-a78c91d24d64}\" RelatedActivityID=\"\"></Correlation>\n<Execution ProcessID=\"964\" ThreadID=\"3976\"></Execution>\n<Channel>Microsoft-Windows-GroupPolicy/Operational</Channel>\n<Computer>IACIS-HDD-2014</Computer>\n<Security UserID=\"S-1-5-18\"></Security>\n</System>\n<EventData><Data Name=\"PolicyElaspedTimeInSeconds\">0</Data>\n<Data Name=\"ErrorCode\">0</Data>\n<Data Name=\"PrincipalSamName\">IACIS-HDD-2014\\Sgt. Joe T. Nameless</Data>\n<Data Name=\"IsMachine\">0</Data>\n<Data Name=\"IsConnectivityFailure\">False</Data>\n</EventData>\n</Event>\n"
  },
  {
    "EventID": 5315,
    "Timestamp": "2014-02-07 14:21:27.285118+00:00",
    "Computer": "IACIS-HDD-2014",
    "Channel": "Microsoft-Windows-GroupPolicy/Operational",
    "Level": "Information",
    "EventData": {
      "PrincipalSamName": "IACIS-HDD-2014\\Sgt. Joe T. Nameless",
      "NextPolicyApplicationTime": "112",
      "NextPolicyApplicationTimeUnit": "%%4100"
    },
    "RawXml": "<Event xmlns=\"http://schemas.microsoft.com/win/2004/08/events/event\"><System><Provider Name=\"Microsoft-Windows-GroupPolicy\" Guid=\"{aea1b4fa-97d1-45f2-a64c-4d69fffd92c9}\"></Provider>\n<EventID Qualifiers=\"\">5315</EventID>\n<Version>0</Version>\n<Level>4</Level>\n<Task>0</Task>\n<Opcode>0</Opcode>\n<Keywords>0x4000000000000000</Keywords>\n<TimeCreated SystemTime=\"2014-02-07 14:21:27.285118+00:00\"></TimeCreated>\n<EventRecordID>656</EventRecordID>\n<Correlation ActivityID=\"\" RelatedActivityID=\"\"></Correlation>\n<Execution ProcessID=\"964\" ThreadID=\"1852\"></Execution>\n<Channel>Microsoft-Windows-GroupPolicy/Operational</Channel>\n<Computer>IACIS-HDD-2014</Computer>\n<Security UserID=\"S-1-5-18\"></Security>\n</System>\n<EventData><Data Name=\"PrincipalSamName\">IACIS-HDD-2014\\Sgt. Joe T. Nameless</Data>\n<Data Name=\"NextPolicyApplicationTime\">112</Data>\n<Data Name=\"NextPolicyApplicationTimeUnit\">%%4100</Data>\n</EventData>\n</Event>\n"
  },
  {
    "EventID": 5324,
    "Timestamp": "2014-02-07 14:21:27.285118+00:00",
    "Computer": "IACIS-HDD-2014",
    "Channel": "Microsoft-Windows-GroupPolicy/Operational",
    "Level": "Information",
    "EventData": {
      "NotificationType": "3",
      "SessionId": "2"
    },
    "RawXml": "<Event xmlns=\"http://schemas.microsoft.com/win/2004/08/events/event\"><System><Provider Name=\"Microsoft-Windows-GroupPolicy\" Guid=\"{aea1b4fa-97d1-45f2-a64c-4d69fffd92c9}\"></Provider>\n<EventID Qualifiers=\"\">5324</EventID>\n<Version>0</Version>\n<Level>4</Level>\n<Task>0</Task>\n<Opcode>0</Opcode>\n<Keywords>0x4000000000000000</Keywords>\n<TimeCreated SystemTime=\"2014-02-07 14:21:27.285118+00:00\"></TimeCreated>\n<EventRecordID>657</EventRecordID>\n<Correlation ActivityID=\"\" RelatedActivityID=\"\"></Correlation>\n<Execution ProcessID=\"964\" ThreadID=\"3428\"></Execution>\n<Channel>Microsoft-Windows-GroupPolicy/Operational</Channel>\n<Computer>IACIS-HDD-2014</Computer>\n<Security UserID=\"S-1-5-18\"></Security>\n</System>\n<EventData><Data Name=\"NotificationType\">3</Data>\n<Data Name=\"SessionId\">2</Data>\n</EventData>\n</Event>\n"
  },
  {
    "EventID": 5324,
    "Timestamp": "2014-02-07 14:25:07.693605+00:00",
    "Computer": "IACIS-HDD-2014",
    "Channel": "Microsoft-Windows-GroupPolicy/Operational",
    "Level": "Information",
    "EventData": {
      "NotificationType": "4",
      "SessionId": "2"
    },
    "RawXml": "<Event xmlns=\"http://schemas.microsoft.com/win/2004/08/events/event\"><System><Provider Name=\"Microsoft-Windows-GroupPolicy\" Guid=\"{aea1b4fa-97d1-45f2-a64c-4d69fffd92c9}\"></Provider>\n<EventID Qualifiers=\"\">5324</EventID>\n<Version>0</Version>\n<Level>4</Level>\n<Task>0</Task>\n<Opcode>0</Opcode>\n<Keywords>0x4000000000000000</Keywords>\n<TimeCreated SystemTime=\"2014-02-07 14:25:07.693605+00:00\"></TimeCreated>\n<EventRecordID>658</EventRecordID>\n<Correlation ActivityID=\"\" RelatedActivityID=\"\"></Correlation>\n<Execution ProcessID=\"964\" ThreadID=\"3656\"></Execution>\n<Channel>Microsoft-Windows-GroupPolicy/Operational</Channel>\n<Computer>IACIS-HDD-2014</Computer>\n<Security UserID=\"S-1-5-18\"></Security>\n</System>\n<EventData><Data Name=\"NotificationType\">4</Data>\n<Data Name=\"SessionId\">2</Data>\n</EventData>\n</Event>\n"
  },
  {
    "EventID": 5324,
    "Timestamp": "2014-02-07 14:25:08.348808+00:00",
    "Computer": "IACIS-HDD-2014",
    "Channel": "Microsoft-Windows-GroupPolicy/Operational",
    "Level": "Information",
    "EventData": {
      "NotificationType": "2",
      "SessionId": "2"
    },
    "RawXml": "<Event xmlns=\"http://schemas.microsoft.com/win/2004/08/events/event\"><System><Provider Name=\"Microsoft-Windows-GroupPolicy\" Guid=\"{aea1b4fa-97d1-45f2-a64c-4d69fffd92c9}\"></Provider>\n<EventID Qualifiers=\"\">5324</EventID>\n<Version>0</Version>\n<Level>4</Level>\n<Task>0</Task>\n<Opcode>0</Opcode>\n<Keywords>0x4000000000000000</Keywords>\n<TimeCreated SystemTime=\"2014-02-07 14:25:08.348808+00:00\"></TimeCreated>\n<EventRecordID>659</EventRecordID>\n<Correlation ActivityID=\"\" RelatedActivityID=\"\"></Correlation>\n<Execution ProcessID=\"964\" ThreadID=\"3656\"></Execution>\n<Channel>Microsoft-Windows-GroupPolicy/Operational</Channel>\n<Computer>IACIS-HDD-2014</Computer>\n<Security UserID=\"S-1-5-18\"></Security>\n</System>\n<EventData><Data Name=\"NotificationType\">2</Data>\n<Data Name=\"SessionId\">2</Data>\n</EventData>\n</Event>\n"
  },
  {
    "EventID": 5324,
    "Timestamp": "2014-02-07 14:27:00.965405+00:00",
    "Computer": "IACIS-HDD-2014",
    "Channel": "Microsoft-Windows-GroupPolicy/Operational",
    "Level": "Information",
    "EventData": {
      "NotificationType": "1",
      "SessionId": "1"
    },
    "RawXml": "<Event xmlns=\"http://schemas.microsoft.com/win/2004/08/events/event\"><System><Provider Name=\"Microsoft-Windows-GroupPolicy\" Guid=\"{aea1b4fa-97d1-45f2-a64c-4d69fffd92c9}\"></Provider>\n<EventID Qualifiers=\"\">5324</EventID>\n<Version>0</Version>\n<Level>4</Level>\n<Task>0</Task>\n<Opcode>0</Opcode>\n<Keywords>0x4000000000000000</Keywords>\n<TimeCreated SystemTime=\"2014-02-07 14:27:00.965405+00:00\"></TimeCreated>\n<EventRecordID>660</EventRecordID>\n<Correlation ActivityID=\"\" RelatedActivityID=\"\"></Correlation>\n<Execution ProcessID=\"964\" ThreadID=\"3656\"></Execution>\n<Channel>Microsoft-Windows-GroupPolicy/Operational</Channel>\n<Computer>IACIS-HDD-2014</Computer>\n<Security UserID=\"S-1-5-18\"></Security>\n</System>\n<EventData><Data Name=\"NotificationType\">1</Data>\n<Data Name=\"SessionId\">1</Data>\n</EventData>\n</Event>\n"
  },
  {
    "EventID": 4001,
    "Timestamp": "2014-02-07 14:27:00.965405+00:00",
    "Computer": "IACIS-HDD-2014",
    "Channel": "Microsoft-Windows-GroupPolicy/Operational",
    "Level": "Information",
    "EventData": {
      "PolicyActivityId": "{b3884172-aca2-4c1f-851b-50f1113048a6}",
      "PrincipalSamName": "IACIS-HDD-2014\\Sgt. Joe T. Nameless",
      "IsMachine": "0",
      "IsDomainJoined": "False",
      "IsBackgroundProcessing": "False",
      "IsAsyncProcessing": "True",
      "IsServiceRestart": "False",
      "ReasonForSyncProcessing": "0"
    },
    "RawXml": "<Event xmlns=\"http://schemas.microsoft.com/win/2004/08/events/event\"><System><Provider Name=\"Microsoft-Windows-GroupPolicy\" Guid=\"{aea1b4fa-97d1-45f2-a64c-4d69fffd92c9}\"></Provider>\n<EventID Qualifiers=\"\">4001</EventID>\n<Version>1</Version>\n<Level>4</Level>\n<Task>0</Task>\n<Opcode>1</Opcode>\n<Keywords>0x4000000000000000</Keywords>\n<TimeCreated SystemTime=\"2014-02-07 14:27:00.965405+00:00\"></TimeCreated>\n<EventRecordID>661</EventRecordID>\n<Correlation ActivityID=\"{b3884172-aca2-4c1f-851b-50f1113048a6}\" RelatedActivityID=\"\"></Correlation>\n<Execution ProcessID=\"964\" ThreadID=\"420\"></Execution>\n<Channel>Microsoft-Windows-GroupPolicy/Operational</Channel>\n<Computer>IACIS-HDD-2014</Computer>\n<Security UserID=\"S-1-5-18\"></Security>\n</System>\n<EventData><Data Name=\"PolicyActivityId\">{b3884172-aca2-4c1f-851b-50f1113048a6}</Data>\n<Data Name=\"PrincipalSamName\">IACIS-HDD-2014\\Sgt. Joe T. Nameless</Data>\n<Data Name=\"IsMachine\">0</Data>\n<Data Name=\"IsDomainJoined\">False</Data>\n<Data Name=\"IsBackgroundProcessing\">False</Data>\n<Data Name=\"IsAsyncProcessing\">True</Data>\n<Data Name=\"IsServiceRestart\">False</Data>\n<Data Name=\"ReasonForSyncProcessing\">0</Data>\n</EventData>\n</Event>\n"
  },
  {
    "EventID": 5311,
    "Timestamp": "2014-02-07 14:27:00.981005+00:00",
    "Computer": "IACIS-HDD-2014",
    "Channel": "Microsoft-Windows-GroupPolicy/Operational",
    "Level": "Information",
    "EventData": {
      "PolicyProcessingMode": "0"
    },
    "RawXml": "<Event xmlns=\"http://schemas.microsoft.com/win/2004/08/events/event\"><System><Provider Name=\"Microsoft-Windows-GroupPolicy\" Guid=\"{aea1b4fa-97d1-45f2-a64c-4d69fffd92c9}\"></Provider>\n<EventID Qualifiers=\"\">5311</EventID>\n<Version>0</Version>\n<Level>4</Level>\n<Task>0</Task>\n<Opcode>0</Opcode>\n<Keywords>0x4000000000000000</Keywords>\n<TimeCreated SystemTime=\"2014-02-07 14:27:00.981005+00:00\"></TimeCreated>\n<EventRecordID>662</EventRecordID>\n<Correlation ActivityID=\"{b3884172-aca2-4c1f-851b-50f1113048a6}\" RelatedActivityID=\"\"></Correlation>\n<Execution ProcessID=\"964\" ThreadID=\"420\"></Execution>\n<Channel>Microsoft-Windows-GroupPolicy/Operational</Channel>\n<Computer>IACIS-HDD-2014</Computer>\n<Security UserID=\"S-1-5-21-1171287513-3642516788-2358256967-1003\"></Security>\n</System>\n<EventData><Data Name=\"PolicyProcessingMode\">0</Data>\n</EventData>\n</Event>\n"
  },
  {
    "EventID": 5312,
    "Timestamp": "2014-02-07 14:27:00.981005+00:00",
    "Computer": "IACIS-HDD-2014",
    "Channel": "Microsoft-Windows-GroupPolicy/Operational",
    "Level": "Information",
    "EventData": {
      "DescriptionString": "None",
      "GPOInfoList": ""
    },
    "RawXml": "<Event xmlns=\"http://schemas.microsoft.com/win/2004/08/events/event\"><System><Provider Name=\"Microsoft-Windows-GroupPolicy\" Guid=\"{aea1b4fa-97d1-45f2-a64c-4d69fffd92c9}\"></Provider>\n<EventID Qualifiers=\"\">5312</EventID>\n<Version>0</Version>\n<Level>4</Level>\n<Task>0</Task>\n<Opcode>0</Opcode>\n<Keywords>0x4000000000000000</Keywords>\n<TimeCreated SystemTime=\"2014-02-07 14:27:00.981005+00:00\"></TimeCreated>\n<EventRecordID>663</EventRecordID>\n<Correlation ActivityID=\"{b3884172-aca2-4c1f-851b-50f1113048a6}\" RelatedActivityID=\"\"></Correlation>\n<Execution ProcessID=\"964\" ThreadID=\"420\"></Execution>\n<Channel>Microsoft-Windows-GroupPolicy/Operational</Channel>\n<Computer>IACIS-HDD-2014</Computer>\n<Security UserID=\"S-1-5-18\"></Security>\n</System>\n<EventData><Data Name=\"DescriptionString\">None</Data>\n<Data Name=\"GPOInfoList\"></Data>\n</EventData>\n</Event>\n"
  },
  {
    "EventID": 5313,
    "Timestamp": "2014-02-07 14:27:00.981005+00:00",
    "Computer": "IACIS-HDD-2014",
    "Channel": "Microsoft-Windows-GroupPolicy/Operational",
    "Level": "Information",
    "EventData": {
      "DescriptionString": "Local Group Policy\n\tNot Applied (Empty)\n",
      "GPOInfoList": "<GPO ID=\"Local Group Policy\"><Name>Local Group Policy</Name><Version>0</Version><SOM>Local</SOM><FSPath>C:\\Windows\\System32\\GroupPolicy\\User</FSPath><Reason>NOTAPPLIED-EMPTY</Reason></GPO>"
    },
    "RawXml": "<Event xmlns=\"http://schemas.microsoft.com/win/2004/08/events/event\"><System><Provider Name=\"Microsoft-Windows-GroupPolicy\" Guid=\"{aea1b4fa-97d1-45f2-a64c-4d69fffd92c9}\"></Provider>\n<EventID Qualifiers=\"\">5313</EventID>\n<Version>0</Version>\n<Level>4</Level>\n<Task>0</Task>\n<Opcode>0</Opcode>\n<Keywords>0x4000000000000000</Keywords>\n<TimeCreated SystemTime=\"2014-02-07 14:27:00.981005+00:00\"></TimeCreated>\n<EventRecordID>664</EventRecordID>\n<Correlation ActivityID=\"{b3884172-aca2-4c1f-851b-50f1113048a6}\" RelatedActivityID=\"\"></Correlation>\n<Execution ProcessID=\"964\" ThreadID=\"420\"></Execution>\n<Channel>Microsoft-Windows-GroupPolicy/Operational</Channel>\n<Computer>IACIS-HDD-2014</Computer>\n<Security UserID=\"S-1-5-18\"></Security>\n</System>\n<EventData><Data Name=\"DescriptionString\">Local Group Policy\n\tNot Applied (Empty)\n</Data>\n<Data Name=\"GPOInfoList\">&lt;GPO ID=\"Local Group Policy\"&gt;&lt;Name&gt;Local Group Policy&lt;/Name&gt;&lt;Version&gt;0&lt;/Version&gt;&lt;SOM&gt;Local&lt;/SOM&gt;&lt;FSPath&gt;C:\\Windows\\System32\\GroupPolicy\\User&lt;/FSPath&gt;&lt;Reason&gt;NOTAPPLIED-EMPTY&lt;/Reason&gt;&lt;/GPO&gt;</Data>\n</EventData>\n</Event>\n"
  },
  {
    "EventID": 5320,
    "Timestamp": "2014-02-07 14:27:00.981005+00:00",
    "Computer": "IACIS-HDD-2014",
    "Channel": "Microsoft-Windows-GroupPolicy/Operational",
    "Level": "Information",
    "EventData": {
      "InfoDescription": "%%4161"
    },
    "RawXml": "<Event xmlns=\"http://schemas.microsoft.com/win/2004/08/events/event\"><System><Provider Name=\"Microsoft-Windows-GroupPolicy\" Guid=\"{aea1b4fa-97d1-45f2-a64c-4d69fffd92c9}\"></Provider>\n<EventID Qualifiers=\"\">5320</EventID>\n<Version>0</Version>\n<Level>4</Level>\n<Task>0</Task>\n<Opcode>0</Opcode>\n<Keywords>0x4000000000000000</Keywords>\n<TimeCreated SystemTime=\"2014-02-07 14:27:00.981005+00:00\"></TimeCreated>\n<EventRecordID>665</EventRecordID>\n<Correlation ActivityID=\"{b3884172-aca2-4c1f-851b-50f1113048a6}\" RelatedActivityID=\"\"></Correlation>\n<Execution ProcessID=\"964\" ThreadID=\"420\"></Execution>\n<Channel>Microsoft-Windows-GroupPolicy/Operational</Channel>\n<Computer>IACIS-HDD-2014</Computer>\n<Security UserID=\"S-1-5-18\"></Security>\n</System>\n<EventData><Data Name=\"InfoDescription\">%%4161</Data>\n</EventData>\n</Event>\n"
  },
  {
    "EventID": 5320,
    "Timestamp": "2014-02-07 14:27:00.981005+00:00",
    "Computer": "IACIS-HDD-2014",
    "Channel": "Microsoft-Windows-GroupPolicy/Operational",
    "Level": "Information",
    "EventData": {
      "InfoDescription": "%%4163"
    },
    "RawXml": "<Event xmlns=\"http://schemas.microsoft.com/win/2004/08/events/event\"><System><Provider Name=\"Microsoft-Windows-GroupPolicy\" Guid=\"{aea1b4fa-97d1-45f2-a64c-4d69fffd92c9}\"></Provider>\n<EventID Qualifiers=\"\">5320</EventID>\n<Version>0</Version>\n<Level>4</Level>\n<Task>0</Task>\n<Opcode>0</Opcode>\n<Keywords>0x4000000000000000</Keywords>\n<TimeCreated SystemTime=\"2014-02-07 14:27:00.981005+00:00\"></TimeCreated>\n<EventRecordID>666</EventRecordID>\n<Correlation ActivityID=\"{b3884172-aca2-4c1f-851b-50f1113048a6}\" RelatedActivityID=\"\"></Correlation>\n<Execution ProcessID=\"964\" ThreadID=\"420\"></Execution>\n<Channel>Microsoft-Windows-GroupPolicy/Operational</Channel>\n<Computer>IACIS-HDD-2014</Computer>\n<Security UserID=\"S-1-5-18\"></Security>\n</System>\n<EventData><Data Name=\"InfoDescription\">%%4163</Data>\n</EventData>\n</Event>\n"
  },
  {
    "EventID": 5320,
    "Timestamp": "2014-02-07 14:27:00.981005+00:00",
    "Computer": "IACIS-HDD-2014",
    "Channel": "Microsoft-Windows-GroupPolicy/Operational",
    "Level": "Information",
    "EventData": {
      "InfoDescription": "%%4165"
    },
    "RawXml": "<Event xmlns=\"http://schemas.microsoft.com/win/2004/08/events/event\"><System><Provider Name=\"Microsoft-Windows-GroupPolicy\" Guid=\"{aea1b4fa-97d1-45f2-a64c-4d69fffd92c9}\"></Provider>\n<EventID Qualifiers=\"\">5320</EventID>\n<Version>0</Version>\n<Level>4</Level>\n<Task>0</Task>\n<Opcode>0</Opcode>\n<Keywords>0x4000000000000000</Keywords>\n<TimeCreated SystemTime=\"2014-02-07 14:27:00.981005+00:00\"></TimeCreated>\n<EventRecordID>667</EventRecordID>\n<Correlation ActivityID=\"{b3884172-aca2-4c1f-851b-50f1113048a6}\" RelatedActivityID=\"\"></Correlation>\n<Execution ProcessID=\"964\" ThreadID=\"420\"></Execution>\n<Channel>Microsoft-Windows-GroupPolicy/Operational</Channel>\n<Computer>IACIS-HDD-2014</Computer>\n<Security UserID=\"S-1-5-18\"></Security>\n</System>\n<EventData><Data Name=\"InfoDescription\">%%4165</Data>\n</EventData>\n</Event>\n"
  },
  {
    "EventID": 8001,
    "Timestamp": "2014-02-07 14:27:00.981005+00:00",
    "Computer": "IACIS-HDD-2014",
    "Channel": "Microsoft-Windows-GroupPolicy/Operational",
    "Level": "Information",
    "EventData": {
      "PolicyElaspedTimeInSeconds": "0",
      "ErrorCode": "0",
      "PrincipalSamName": "IACIS-HDD-2014\\Sgt. Joe T. Nameless",
      "IsMachine": "0",
      "IsConnectivityFailure": "False"
    },
    "RawXml": "<Event xmlns=\"http://schemas.microsoft.com/win/2004/08/events/event\"><System><Provider Name=\"Microsoft-Windows-GroupPolicy\" Guid=\"{aea1b4fa-97d1-45f2-a64c-4d69fffd92c9}\"></Provider>\n<EventID Qualifiers=\"\">8001</EventID>\n<Version>1</Version>\n<Level>4</Level>\n<Task>0</Task>\n<Opcode>2</Opcode>\n<Keywords>0x4000000000000000</Keywords>\n<TimeCreated SystemTime=\"2014-02-07 14:27:00.981005+00:00\"></TimeCreated>\n<EventRecordID>668</EventRecordID>\n<Correlation ActivityID=\"{b3884172-aca2-4c1f-851b-50f1113048a6}\" RelatedActivityID=\"\"></Correlation>\n<Execution ProcessID=\"964\" ThreadID=\"420\"></Execution>\n<Channel>Microsoft-Windows-GroupPolicy/Operational</Channel>\n<Computer>IACIS-HDD-2014</Computer>\n<Security UserID=\"S-1-5-18\"></Security>\n</System>\n<EventData><Data Name=\"PolicyElaspedTimeInSeconds\">0</Data>\n<Data Name=\"ErrorCode\">0</Data>\n<Data Name=\"PrincipalSamName\">IACIS-HDD-2014\\Sgt. Joe T. Nameless</Data>\n<Data Name=\"IsMachine\">0</Data>\n<Data Name=\"IsConnectivityFailure\">False</Data>\n</EventData>\n</Event>\n"
  },
  {
    "EventID": 5315,
    "Timestamp": "2014-02-07 14:27:00.981005+00:00",
    "Computer": "IACIS-HDD-2014",
    "Channel": "Microsoft-Windows-GroupPolicy/Operational",
    "Level": "Information",
    "EventData": {
      "PrincipalSamName": "IACIS-HDD-2014\\Sgt. Joe T. Nameless",
      "NextPolicyApplicationTime": "93",
      "NextPolicyApplicationTimeUnit": "%%4100"
    },
    "RawXml": "<Event xmlns=\"http://schemas.microsoft.com/win/2004/08/events/event\"><System><Provider Name=\"Microsoft-Windows-GroupPolicy\" Guid=\"{aea1b4fa-97d1-45f2-a64c-4d69fffd92c9}\"></Provider>\n<EventID Qualifiers=\"\">5315</EventID>\n<Version>0</Version>\n<Level>4</Level>\n<Task>0</Task>\n<Opcode>0</Opcode>\n<Keywords>0x4000000000000000</Keywords>\n<TimeCreated SystemTime=\"2014-02-07 14:27:00.981005+00:00\"></TimeCreated>\n<EventRecordID>669</EventRecordID>\n<Correlation ActivityID=\"\" RelatedActivityID=\"\"></Correlation>\n<Execution ProcessID=\"964\" ThreadID=\"2268\"></Execution>\n<Channel>Microsoft-Windows-GroupPolicy/Operational</Channel>\n<Computer>IACIS-HDD-2014</Computer>\n<Security UserID=\"S-1-5-18\"></Security>\n</System>\n<EventData><Data Name=\"PrincipalSamName\">IACIS-HDD-2014\\Sgt. Joe T. Nameless</Data>\n<Data Name=\"NextPolicyApplicationTime\">93</Data>\n<Data Name=\"NextPolicyApplicationTimeUnit\">%%4100</Data>\n</EventData>\n</Event>\n"
  },
  {
    "EventID": 5324,
    "Timestamp": "2014-02-07 14:27:01.012205+00:00",
    "Computer": "IACIS-HDD-2014",
    "Channel": "Microsoft-Windows-GroupPolicy/Operational",
    "Level": "Information",
    "EventData": {
      "NotificationType": "3",
      "SessionId": "1"
    },
    "RawXml": "<Event xmlns=\"http://schemas.microsoft.com/win/2004/08/events/event\"><System><Provider Name=\"Microsoft-Windows-GroupPolicy\" Guid=\"{aea1b4fa-97d1-45f2-a64c-4d69fffd92c9}\"></Provider>\n<EventID Qualifiers=\"\">5324</EventID>\n<Version>0</Version>\n<Level>4</Level>\n<Task>0</Task>\n<Opcode>0</Opcode>\n<Keywords>0x4000000000000000</Keywords>\n<TimeCreated SystemTime=\"2014-02-07 14:27:01.012205+00:00\"></TimeCreated>\n<EventRecordID>670</EventRecordID>\n<Correlation ActivityID=\"\" RelatedActivityID=\"\"></Correlation>\n<Execution ProcessID=\"964\" ThreadID=\"3200\"></Execution>\n<Channel>Microsoft-Windows-GroupPolicy/Operational</Channel>\n<Computer>IACIS-HDD-2014</Computer>\n<Security UserID=\"S-1-5-18\"></Security>\n</System>\n<EventData><Data Name=\"NotificationType\">3</Data>\n<Data Name=\"SessionId\">1</Data>\n</EventData>\n</Event>\n"
  },
  {
    "EventID": 5324,
    "Timestamp": "2014-02-07 14:37:26.973736+00:00",
    "Computer": "IACIS-HDD-2014",
    "Channel": "Microsoft-Windows-GroupPolicy/Operational",
    "Level": "Information",
    "EventData": {
      "NotificationType": "4",
      "SessionId": "1"
    },
    "RawXml": "<Event xmlns=\"http://schemas.microsoft.com/win/2004/08/events/event\"><System><Provider Name=\"Microsoft-Windows-GroupPolicy\" Guid=\"{aea1b4fa-97d1-45f2-a64c-4d69fffd92c9}\"></Provider>\n<EventID Qualifiers=\"\">5324</EventID>\n<Version>0</Version>\n<Level>4</Level>\n<Task>0</Task>\n<Opcode>0</Opcode>\n<Keywords>0x4000000000000000</Keywords>\n<TimeCreated SystemTime=\"2014-02-07 14:37:26.973736+00:00\"></TimeCreated>\n<EventRecordID>671</EventRecordID>\n<Correlation ActivityID=\"\" RelatedActivityID=\"\"></Correlation>\n<Execution ProcessID=\"964\" ThreadID=\"3144\"></Execution>\n<Channel>Microsoft-Windows-GroupPolicy/Operational</Channel>\n<Computer>IACIS-HDD-2014</Computer>\n<Security UserID=\"S-1-5-18\"></Security>\n</System>\n<EventData><Data Name=\"NotificationType\">4</Data>\n<Data Name=\"SessionId\">1</Data>\n</EventData>\n</Event>\n"
  },
  {
    "EventID": 5324,
    "Timestamp": "2014-02-07 14:37:27.644537+00:00",
    "Computer": "IACIS-HDD-2014",
    "Channel": "Microsoft-Windows-GroupPolicy/Operational",
    "Level": "Information",
    "EventData": {
      "NotificationType": "2",
      "SessionId": "1"
    },
    "RawXml": "<Event xmlns=\"http://schemas.microsoft.com/win/2004/08/events/event\"><System><Provider Name=\"Microsoft-Windows-GroupPolicy\" Guid=\"{aea1b4fa-97d1-45f2-a64c-4d69fffd92c9}\"></Provider>\n<EventID Qualifiers=\"\">5324</EventID>\n<Version>0</Version>\n<Level>4</Level>\n<Task>0</Task>\n<Opcode>0</Opcode>\n<Keywords>0x4000000000000000</Keywords>\n<TimeCreated SystemTime=\"2014-02-07 14:37:27.644537+00:00\"></TimeCreated>\n<EventRecordID>672</EventRecordID>\n<Correlation ActivityID=\"\" RelatedActivityID=\"\"></Correlation>\n<Execution ProcessID=\"964\" ThreadID=\"1268\"></Execution>\n<Channel>Microsoft-Windows-GroupPolicy/Operational</Channel>\n<Computer>IACIS-HDD-2014</Computer>\n<Security UserID=\"S-1-5-18\"></Security>\n</System>\n<EventData><Data Name=\"NotificationType\">2</Data>\n<Data Name=\"SessionId\">1</Data>\n</EventData>\n</Event>\n"
  },
  {
    "EventID": 5324,
    "Timestamp": "2014-02-07 15:10:38.769634+00:00",
    "Computer": "IACIS-HDD-2014",
    "Channel": "Microsoft-Windows-GroupPolicy/Operational",
    "Level": "Information",
    "EventData": {
      "NotificationType": "1",
      "SessionId": "2"
    },
    "RawXml": "<Event xmlns=\"http://schemas.microsoft.com/win/2004/08/events/event\"><System><Provider Name=\"Microsoft-Windows-GroupPolicy\" Guid=\"{aea1b4fa-97d1-45f2-a64c-4d69fffd92c9}\"></Provider>\n<EventID Qualifiers=\"\">5324</EventID>\n<Version>0</Version>\n<Level>4</Level>\n<Task>0</Task>\n<Opcode>0</Opcode>\n<Keywords>0x4000000000000000</Keywords>\n<TimeCreated SystemTime=\"2014-02-07 15:10:38.769634+00:00\"></TimeCreated>\n<EventRecordID>673</EventRecordID>\n<Correlation ActivityID=\"\" RelatedActivityID=\"\"></Correlation>\n<Execution ProcessID=\"964\" ThreadID=\"3692\"></Execution>\n<Channel>Microsoft-Windows-GroupPolicy/Operational</Channel>\n<Computer>IACIS-HDD-2014</Computer>\n<Security UserID=\"S-1-5-18\"></Security>\n</System>\n<EventData><Data Name=\"NotificationType\">1</Data>\n<Data Name=\"SessionId\">2</Data>\n</EventData>\n</Event>\n"
  },
  {
    "EventID": 4001,
    "Timestamp": "2014-02-07 15:10:38.769634+00:00",
    "Computer": "IACIS-HDD-2014",
    "Channel": "Microsoft-Windows-GroupPolicy/Operational",
    "Level": "Information",
    "EventData": {
      "PolicyActivityId": "{082a3356-c161-45be-9e8e-5166e30526b6}",
      "PrincipalSamName": "IACIS-HDD-2014\\Sgt. Joe T. Nameless",
      "IsMachine": "0",
      "IsDomainJoined": "False",
      "IsBackgroundProcessing": "False",
      "IsAsyncProcessing": "True",
      "IsServiceRestart": "False",
      "ReasonForSyncProcessing": "0"
    },
    "RawXml": "<Event xmlns=\"http://schemas.microsoft.com/win/2004/08/events/event\"><System><Provider Name=\"Microsoft-Windows-GroupPolicy\" Guid=\"{aea1b4fa-97d1-45f2-a64c-4d69fffd92c9}\"></Provider>\n<EventID Qualifiers=\"\">4001</EventID>\n<Version>1</Version>\n<Level>4</Level>\n<Task>0</Task>\n<Opcode>1</Opcode>\n<Keywords>0x4000000000000000</Keywords>\n<TimeCreated SystemTime=\"2014-02-07 15:10:38.769634+00:00\"></TimeCreated>\n<EventRecordID>674</EventRecordID>\n<Correlation ActivityID=\"{082a3356-c161-45be-9e8e-5166e30526b6}\" RelatedActivityID=\"\"></Correlation>\n<Execution ProcessID=\"964\" ThreadID=\"3248\"></Execution>\n<Channel>Microsoft-Windows-GroupPolicy/Operational</Channel>\n<Computer>IACIS-HDD-2014</Computer>\n<Security UserID=\"S-1-5-18\"></Security>\n</System>\n<EventData><Data Name=\"PolicyActivityId\">{082a3356-c161-45be-9e8e-5166e30526b6}</Data>\n<Data Name=\"PrincipalSamName\">IACIS-HDD-2014\\Sgt. Joe T. Nameless</Data>\n<Data Name=\"IsMachine\">0</Data>\n<Data Name=\"IsDomainJoined\">False</Data>\n<Data Name=\"IsBackgroundProcessing\">False</Data>\n<Data Name=\"IsAsyncProcessing\">True</Data>\n<Data Name=\"IsServiceRestart\">False</Data>\n<Data Name=\"ReasonForSyncProcessing\">0</Data>\n</EventData>\n</Event>\n"
  },
  {
    "EventID": 5311,
    "Timestamp": "2014-02-07 15:10:38.785234+00:00",
    "Computer": "IACIS-HDD-2014",
    "Channel": "Microsoft-Windows-GroupPolicy/Operational",
    "Level": "Information",
    "EventData": {
      "PolicyProcessingMode": "0"
    },
    "RawXml": "<Event xmlns=\"http://schemas.microsoft.com/win/2004/08/events/event\"><System><Provider Name=\"Microsoft-Windows-GroupPolicy\" Guid=\"{aea1b4fa-97d1-45f2-a64c-4d69fffd92c9}\"></Provider>\n<EventID Qualifiers=\"\">5311</EventID>\n<Version>0</Version>\n<Level>4</Level>\n<Task>0</Task>\n<Opcode>0</Opcode>\n<Keywords>0x4000000000000000</Keywords>\n<TimeCreated SystemTime=\"2014-02-07 15:10:38.785234+00:00\"></TimeCreated>\n<EventRecordID>675</EventRecordID>\n<Correlation ActivityID=\"{082a3356-c161-45be-9e8e-5166e30526b6}\" RelatedActivityID=\"\"></Correlation>\n<Execution ProcessID=\"964\" ThreadID=\"3248\"></Execution>\n<Channel>Microsoft-Windows-GroupPolicy/Operational</Channel>\n<Computer>IACIS-HDD-2014</Computer>\n<Security UserID=\"S-1-5-21-1171287513-3642516788-2358256967-1003\"></Security>\n</System>\n<EventData><Data Name=\"PolicyProcessingMode\">0</Data>\n</EventData>\n</Event>\n"
  },
  {
    "EventID": 5312,
    "Timestamp": "2014-02-07 15:10:38.785234+00:00",
    "Computer": "IACIS-HDD-2014",
    "Channel": "Microsoft-Windows-GroupPolicy/Operational",
    "Level": "Information",
    "EventData": {
      "DescriptionString": "None",
      "GPOInfoList": ""
    },
    "RawXml": "<Event xmlns=\"http://schemas.microsoft.com/win/2004/08/events/event\"><System><Provider Name=\"Microsoft-Windows-GroupPolicy\" Guid=\"{aea1b4fa-97d1-45f2-a64c-4d69fffd92c9}\"></Provider>\n<EventID Qualifiers=\"\">5312</EventID>\n<Version>0</Version>\n<Level>4</Level>\n<Task>0</Task>\n<Opcode>0</Opcode>\n<Keywords>0x4000000000000000</Keywords>\n<TimeCreated SystemTime=\"2014-02-07 15:10:38.785234+00:00\"></TimeCreated>\n<EventRecordID>676</EventRecordID>\n<Correlation ActivityID=\"{082a3356-c161-45be-9e8e-5166e30526b6}\" RelatedActivityID=\"\"></Correlation>\n<Execution ProcessID=\"964\" ThreadID=\"3248\"></Execution>\n<Channel>Microsoft-Windows-GroupPolicy/Operational</Channel>\n<Computer>IACIS-HDD-2014</Computer>\n<Security UserID=\"S-1-5-18\"></Security>\n</System>\n<EventData><Data Name=\"DescriptionString\">None</Data>\n<Data Name=\"GPOInfoList\"></Data>\n</EventData>\n</Event>\n"
  },
  {
    "EventID": 5313,
    "Timestamp": "2014-02-07 15:10:38.785234+00:00",
    "Computer": "IACIS-HDD-2014",
    "Channel": "Microsoft-Windows-GroupPolicy/Operational",
    "Level": "Information",
    "EventData": {
      "DescriptionString": "Local Group Policy\n\tNot Applied (Empty)\n",
      "GPOInfoList": "<GPO ID=\"Local Group Policy\"><Name>Local Group Policy</Name><Version>0</Version><SOM>Local</SOM><FSPath>C:\\Windows\\System32\\GroupPolicy\\User</FSPath><Reason>NOTAPPLIED-EMPTY</Reason></GPO>"
    },
    "RawXml": "<Event xmlns=\"http://schemas.microsoft.com/win/2004/08/events/event\"><System><Provider Name=\"Microsoft-Windows-GroupPolicy\" Guid=\"{aea1b4fa-97d1-45f2-a64c-4d69fffd92c9}\"></Provider>\n<EventID Qualifiers=\"\">5313</EventID>\n<Version>0</Version>\n<Level>4</Level>\n<Task>0</Task>\n<Opcode>0</Opcode>\n<Keywords>0x4000000000000000</Keywords>\n<TimeCreated SystemTime=\"2014-02-07 15:10:38.785234+00:00\"></TimeCreated>\n<EventRecordID>677</EventRecordID>\n<Correlation ActivityID=\"{082a3356-c161-45be-9e8e-5166e30526b6}\" RelatedActivityID=\"\"></Correlation>\n<Execution ProcessID=\"964\" ThreadID=\"3248\"></Execution>\n<Channel>Microsoft-Windows-GroupPolicy/Operational</Channel>\n<Computer>IACIS-HDD-2014</Computer>\n<Security UserID=\"S-1-5-18\"></Security>\n</System>\n<EventData><Data Name=\"DescriptionString\">Local Group Policy\n\tNot Applied (Empty)\n</Data>\n<Data Name=\"GPOInfoList\">&lt;GPO ID=\"Local Group Policy\"&gt;&lt;Name&gt;Local Group Policy&lt;/Name&gt;&lt;Version&gt;0&lt;/Version&gt;&lt;SOM&gt;Local&lt;/SOM&gt;&lt;FSPath&gt;C:\\Windows\\System32\\GroupPolicy\\User&lt;/FSPath&gt;&lt;Reason&gt;NOTAPPLIED-EMPTY&lt;/Reason&gt;&lt;/GPO&gt;</Data>\n</EventData>\n</Event>\n"
  },
