  {
    "EventID": 100,
    "Timestamp": "2014-02-16 21:52:52.598051+00:00",
    "Computer": "IACIS-HDD-2014",
    "Channel": "Microsoft-Windows-Diagnostics-Performance/Operational",
    "Level": "Warning",
    "EventData": {
      "BootTsVersion": "2",
      "BootStartTime": "2014-02-16 21:50:29.702799+00:00",
      "BootEndTime": "2014-02-16 21:52:49.914846+00:00",
      "SystemBootInstance": "22",
      "UserBootInstance": "6",
      "BootTime": "43077",
      "MainPathBootTime": "20277",
      "BootKernelInitTime": "26",
      "BootDriverInitTime": "550",
      "BootDevicesInitTime": "2889",
      "BootPrefetchInitTime": "43236",
      "BootPrefetchBytes": "227930112",
      "BootAutoChkTime": "0",
      "BootSmssInitTime": "5791",
      "BootCriticalServicesInitTime": "2536",
      "BootUserProfileProcessingTime": "293",
      "BootMachineProfileProcessingTime": "1",
      "BootExplorerInitTime": "1823",
      "BootNumStartupApps": "4",
      "BootPostBootTime": "22800",
      "BootIsRebootAfterInstall": "False",
      "BootRootCauseStepImprovementBits": "0",
      "BootRootCauseGradualImprovementBits": "0",
      "BootRootCauseStepDegradationBits": "128",
      "BootRootCauseGradualDegradationBits": "0",
      "BootIsDegradation": "False",
      "BootIsStepDegradation": "False",
      "BootIsGradualDegradation": "False",
      "BootImprovementDelta": "0",
      "BootDegradationDelta": "0",
      "BootIsRootCauseIdentified": "True",
      "OSLoaderDuration": "2952",
      "BootPNPInitStartTimeMS": "26",
      "BootPNPInitDuration": "2925",
      "OtherKernelInitDuration": "910",
      "SystemPNPInitStartTimeMS": "3706",
      "SystemPNPInitDuration": "514",
      "SessionInitStartTimeMS": "4350",
      "Session0InitDuration": "920",
      "Session1InitDuration": "176",
      "SessionInitOtherDuration": "4694",
      "WinLogonStartTimeMS": "10141",
      "OtherLogonInitActivityDuration": "8018",
      "UserLogonWaitDuration": "29664"
    },
    "RawXml": "<Event xmlns=\"http://schemas.microsoft.com/win/2004/08/events/event\"><System><Provider Name=\"Microsoft-Windows-Diagnostics-Performance\" Guid=\"{cfc18ec0-96b1-4eba-961b-622caee05b0a}\"></Provider>\n<EventID Qualifiers=\"\">100</EventID>\n<Version>2</Version>\n<Level>3</Level>\n<Task>4002</Task>\n<Opcode>34</Opcode>\n<Keywords>0x8000000000010000</Keywords>\n<TimeCreated SystemTime=\"2014-02-16 21:52:52.598051+00:00\"></TimeCreated>\n<EventRecordID>64</EventRecordID>\n<Correlation ActivityID=\"{02b13c48-f800-0001-afbd-e71b612bcf01}\" RelatedActivityID=\"\"></Correlation>\n<Execution ProcessID=\"1340\" ThreadID=\"1356\"></Execution>\n<Channel>Microsoft-Windows-Diagnostics-Performance/Operational</Channel>\n<Computer>IACIS-HDD-2014</Computer>\n<Security UserID=\"S-1-5-19\"></Security>\n</System>\n<EventData><Data Name=\"BootTsVersion\">2</Data>\n<Data Name=\"BootStartTime\">2014-02-16 21:50:29.702799+00:00</Data>\n<Data Name=\"BootEndTime\">2014-02-16 21:52:49.914846+00:00</Data>\n<Data Name=\"SystemBootInstance\">22</Data>\n<Data Name=\"UserBootInstance\">6</Data>\n<Data Name=\"BootTime\">43077</Data>\n<Data Name=\"MainPathBootTime\">20277</Data>\n<Data Name=\"BootKernelInitTime\">26</Data>\n<Data Name=\"BootDriverInitTime\">550</Data>\n<Data Name=\"BootDevicesInitTime\">2889</Data>\n<Data Name=\"BootPrefetchInitTime\">43236</Data>\n<Data Name=\"BootPrefetchBytes\">227930112</Data>\n<Data Name=\"BootAutoChkTime\">0</Data>\n<Data Name=\"BootSmssInitTime\">5791</Data>\n<Data Name=\"BootCriticalServicesInitTime\">2536</Data>\n<Data Name=\"BootUserProfileProcessingTime\">293</Data>\n<Data Name=\"BootMachineProfileProcessingTime\">1</Data>\n<Data Name=\"BootExplorerInitTime\">1823</Data>\n<Data Name=\"BootNumStartupApps\">4</Data>\n<Data Name=\"BootPostBootTime\">22800</Data>\n<Data Name=\"BootIsRebootAfterInstall\">False</Data>\n<Data Name=\"BootRootCauseStepImprovementBits\">0</Data>\n<Data Name=\"BootRootCauseGradualImprovementBits\">0</Data>\n<Data Name=\"BootRootCauseStepDegradationBits\">128</Data>\n<Data Name=\"BootRootCauseGradualDegradationBits\">0</Data>\n<Data Name=\"BootIsDegradation\">False</Data>\n<Data Name=\"BootIsStepDegradation\">False</Data>\n<Data Name=\"BootIsGradualDegradation\">False</Data>\n<Data Name=\"BootImprovementDelta\">0</Data>\n<Data Name=\"BootDegradationDelta\">0</Data>\n<Data Name=\"BootIsRootCauseIdentified\">True</Data>\n<Data Name=\"OSLoaderDuration\">2952</Data>\n<Data Name=\"BootPNPInitStartTimeMS\">26</Data>\n<Data Name=\"BootPNPInitDuration\">2925</Data>\n<Data Name=\"OtherKernelInitDuration\">910</Data>\n<Data Name=\"SystemPNPInitStartTimeMS\">3706</Data>\n<Data Name=\"SystemPNPInitDuration\">514</Data>\n<Data Name=\"SessionInitStartTimeMS\">4350</Data>\n<Data Name=\"Session0InitDuration\">920</Data>\n<Data Name=\"Session1InitDuration\">176</Data>\n<Data Name=\"SessionInitOtherDuration\">4694</Data>\n<Data Name=\"WinLogonStartTimeMS\">10141</Data>\n<Data Name=\"OtherLogonInitActivityDuration\">8018</Data>\n<Data Name=\"UserLogonWaitDuration\">29664</Data>\n</EventData>\n</Event>\n"
  },
  {
    "EventID": 200,
    "Timestamp": "2014-02-16 22:41:25.518976+00:00",
    "Computer": "IACIS-HDD-2014",
    "Channel": "Microsoft-Windows-Diagnostics-Performance/Operational",
    "Level": "Warning",
    "EventData": {
      "ShutdownTsVersion": "1",
      "ShutdownStartTime": "2014-02-16 21:59:11.960831+00:00",
      "ShutdownEndTime": "2014-02-16 21:59:23.389137+00:00",
      "ShutdownTime": "11428",
      "ShutdownUserSessionTime": "3371",
      "ShutdownUserPolicyTime": "11",
      "ShutdownUserProfilesTime": "601",
      "ShutdownSystemSessionsTime": "2614",
      "ShutdownPreShutdownNotificationsTime": "207",
      "ShutdownServicesTime": "2230",
      "ShutdownKernelTime": "5442",
      "ShutdownRootCauseStepImprovementBits": "0",
      "ShutdownRootCauseGradualImprovementBits": "0",
      "ShutdownRootCauseStepDegradationBits": "0",
      "ShutdownRootCauseGradualDegradationBits": "0",
      "ShutdownIsDegradation": "False",
      "ShutdownTimeChange": "0"
    },
    "RawXml": "<Event xmlns=\"http://schemas.microsoft.com/win/2004/08/events/event\"><System><Provider Name=\"Microsoft-Windows-Diagnostics-Performance\" Guid=\"{cfc18ec0-96b1-4eba-961b-622caee05b0a}\"></Provider>\n<EventID Qualifiers=\"\">200</EventID>\n<Version>1</Version>\n<Level>3</Level>\n<Task>4007</Task>\n<Opcode>40</Opcode>\n<Keywords>0x8000000000010000</Keywords>\n<TimeCreated SystemTime=\"2014-02-16 22:41:25.518976+00:00\"></TimeCreated>\n<EventRecordID>65</EventRecordID>\n<Correlation ActivityID=\"{02b0ac40-f800-0000-2cd9-eaee672bcf01}\" RelatedActivityID=\"\"></Correlation>\n<Execution ProcessID=\"1336\" ThreadID=\"1220\"></Execution>\n<Channel>Microsoft-Windows-Diagnostics-Performance/Operational</Channel>\n<Computer>IACIS-HDD-2014</Computer>\n<Security UserID=\"S-1-5-19\"></Security>\n</System>\n<EventData><Data Name=\"ShutdownTsVersion\">1</Data>\n<Data Name=\"ShutdownStartTime\">2014-02-16 21:59:11.960831+00:00</Data>\n<Data Name=\"ShutdownEndTime\">2014-02-16 21:59:23.389137+00:00</Data>\n<Data Name=\"ShutdownTime\">11428</Data>\n<Data Name=\"ShutdownUserSessionTime\">3371</Data>\n<Data Name=\"ShutdownUserPolicyTime\">11</Data>\n<Data Name=\"ShutdownUserProfilesTime\">601</Data>\n<Data Name=\"ShutdownSystemSessionsTime\">2614</Data>\n<Data Name=\"ShutdownPreShutdownNotificationsTime\">207</Data>\n<Data Name=\"ShutdownServicesTime\">2230</Data>\n<Data Name=\"ShutdownKernelTime\">5442</Data>\n<Data Name=\"ShutdownRootCauseStepImprovementBits\">0</Data>\n<Data Name=\"ShutdownRootCauseGradualImprovementBits\">0</Data>\n<Data Name=\"ShutdownRootCauseStepDegradationBits\">0</Data>\n<Data Name=\"ShutdownRootCauseGradualDegradationBits\">0</Data>\n<Data Name=\"ShutdownIsDegradation\">False</Data>\n<Data Name=\"ShutdownTimeChange\">0</Data>\n</EventData>\n</Event>\n"
  },
  {
    "EventID": 100,
    "Timestamp": "2014-02-16 22:41:25.737377+00:00",
    "Computer": "IACIS-HDD-2014",
    "Channel": "Microsoft-Windows-Diagnostics-Performance/Operational",
    "Level": "Warning",
    "EventData": {
      "BootTsVersion": "2",
      "BootStartTime": "2014-02-16 22:39:20.702799+00:00",
      "BootEndTime": "2014-02-16 22:41:22.913773+00:00",
      "SystemBootInstance": "23",
      "UserBootInstance": "7",
      "BootTime": "38932",
      "MainPathBootTime": "23632",
      "BootKernelInitTime": "26",
      "BootDriverInitTime": "550",
      "BootDevicesInitTime": "2530",
      "BootPrefetchInitTime": "48721",
      "BootPrefetchBytes": "263872512",
      "BootAutoChkTime": "0",
      "BootSmssInitTime": "5551",
      "BootCriticalServicesInitTime": "1761",
      "BootUserProfileProcessingTime": "4999",
      "BootMachineProfileProcessingTime": "0",
      "BootExplorerInitTime": "1589",
      "BootNumStartupApps": "4",
      "BootPostBootTime": "15300",
      "BootIsRebootAfterInstall": "False",
      "BootRootCauseStepImprovementBits": "9437696",
      "BootRootCauseGradualImprovementBits": "512",
      "BootRootCauseStepDegradationBits": "2097152",
      "BootRootCauseGradualDegradationBits": "0",
      "BootIsDegradation": "False",
      "BootIsStepDegradation": "False",
      "BootIsGradualDegradation": "False",
      "BootImprovementDelta": "12428",
      "BootDegradationDelta": "0",
      "BootIsRootCauseIdentified": "True",
      "OSLoaderDuration": "2918",
      "BootPNPInitStartTimeMS": "26",
      "BootPNPInitDuration": "2565",
      "OtherKernelInitDuration": "1432",
      "SystemPNPInitStartTimeMS": "3868",
      "SystemPNPInitDuration": "514",
      "SessionInitStartTimeMS": "4513",
      "Session0InitDuration": "874",
      "Session1InitDuration": "135",
      "SessionInitOtherDuration": "4541",
      "WinLogonStartTimeMS": "10064",
      "OtherLogonInitActivityDuration": "6978",
      "UserLogonWaitDuration": "9424"
    },
    "RawXml": "<Event xmlns=\"http://schemas.microsoft.com/win/2004/08/events/event\"><System><Provider Name=\"Microsoft-Windows-Diagnostics-Performance\" Guid=\"{cfc18ec0-96b1-4eba-961b-622caee05b0a}\"></Provider>\n<EventID Qualifiers=\"\">100</EventID>\n<Version>2</Version>\n<Level>3</Level>\n<Task>4002</Task>\n<Opcode>34</Opcode>\n<Keywords>0x8000000000010000</Keywords>\n<TimeCreated SystemTime=\"2014-02-16 22:41:25.737377+00:00\"></TimeCreated>\n<EventRecordID>66</EventRecordID>\n<Correlation ActivityID=\"{02b0ac40-f800-0000-2dd9-eaee672bcf01}\" RelatedActivityID=\"\"></Correlation>\n<Execution ProcessID=\"1336\" ThreadID=\"2248\"></Execution>\n<Channel>Microsoft-Windows-Diagnostics-Performance/Operational</Channel>\n<Computer>IACIS-HDD-2014</Computer>\n<Security UserID=\"S-1-5-19\"></Security>\n</System>\n<EventData><Data Name=\"BootTsVersion\">2</Data>\n<Data Name=\"BootStartTime\">2014-02-16 22:39:20.702799+00:00</Data>\n<Data Name=\"BootEndTime\">2014-02-16 22:41:22.913773+00:00</Data>\n<Data Name=\"SystemBootInstance\">23</Data>\n<Data Name=\"UserBootInstance\">7</Data>\n<Data Name=\"BootTime\">38932</Data>\n<Data Name=\"MainPathBootTime\">23632</Data>\n<Data Name=\"BootKernelInitTime\">26</Data>\n<Data Name=\"BootDriverInitTime\">550</Data>\n<Data Name=\"BootDevicesInitTime\">2530</Data>\n<Data Name=\"BootPrefetchInitTime\">48721</Data>\n<Data Name=\"BootPrefetchBytes\">263872512</Data>\n<Data Name=\"BootAutoChkTime\">0</Data>\n<Data Name=\"BootSmssInitTime\">5551</Data>\n<Data Name=\"BootCriticalServicesInitTime\">1761</Data>\n<Data Name=\"BootUserProfileProcessingTime\">4999</Data>\n<Data Name=\"BootMachineProfileProcessingTime\">0</Data>\n<Data Name=\"BootExplorerInitTime\">1589</Data>\n<Data Name=\"BootNumStartupApps\">4</Data>\n<Data Name=\"BootPostBootTime\">15300</Data>\n<Data Name=\"BootIsRebootAfterInstall\">False</Data>\n<Data Name=\"BootRootCauseStepImprovementBits\">9437696</Data>\n<Data Name=\"BootRootCauseGradualImprovementBits\">512</Data>\n<Data Name=\"BootRootCauseStepDegradationBits\">2097152</Data>\n<Data Name=\"BootRootCauseGradualDegradationBits\">0</Data>\n<Data Name=\"BootIsDegradation\">False</Data>\n<Data Name=\"BootIsStepDegradation\">False</Data>\n<Data Name=\"BootIsGradualDegradation\">False</Data>\n<Data Name=\"BootImprovementDelta\">12428</Data>\n<Data Name=\"BootDegradationDelta\">0</Data>\n<Data Name=\"BootIsRootCauseIdentified\">True</Data>\n<Data Name=\"OSLoaderDuration\">2918</Data>\n<Data Name=\"BootPNPInitStartTimeMS\">26</Data>\n<Data Name=\"BootPNPInitDuration\">2565</Data>\n<Data Name=\"OtherKernelInitDuration\">1432</Data>\n<Data Name=\"SystemPNPInitStartTimeMS\">3868</Data>\n<Data Name=\"SystemPNPInitDuration\">514</Data>\n<Data Name=\"SessionInitStartTimeMS\">4513</Data>\n<Data Name=\"Session0InitDuration\">874</Data>\n<Data Name=\"Session1InitDuration\">135</Data>\n<Data Name=\"SessionInitOtherDuration\">4541</Data>\n<Data Name=\"WinLogonStartTimeMS\">10064</Data>\n<Data Name=\"OtherLogonInitActivityDuration\">6978</Data>\n<Data Name=\"UserLogonWaitDuration\">9424</Data>\n</EventData>\n</Event>\n"
  },
  {
    "EventID": 108,
    "Timestamp": "2014-02-16 22:41:25.737377+00:00",
    "Computer": "IACIS-HDD-2014",
    "Channel": "Microsoft-Windows-Diagnostics-Performance/Operational",
    "Level": "Warning",
    "EventData": {
      "StartTime": "2014-02-16 22:39:20.702799+00:00",
      "NameLength": "13",
      "Name": "PreShellInit",
      "TotalTime": "4999",
      "DegradationTime": "999"
    },
    "RawXml": "<Event xmlns=\"http://schemas.microsoft.com/win/2004/08/events/event\"><System><Provider Name=\"Microsoft-Windows-Diagnostics-Performance\" Guid=\"{cfc18ec0-96b1-4eba-961b-622caee05b0a}\"></Provider>\n<EventID Qualifiers=\"\">108</EventID>\n<Version>1</Version>\n<Level>3</Level>\n<Task>4002</Task>\n<Opcode>33</Opcode>\n<Keywords>0x8000000000010000</Keywords>\n<TimeCreated SystemTime=\"2014-02-16 22:41:25.737377+00:00\"></TimeCreated>\n<EventRecordID>67</EventRecordID>\n<Correlation ActivityID=\"{02b0ac40-f800-0000-2dd9-eaee672bcf01}\" RelatedActivityID=\"\"></Correlation>\n<Execution ProcessID=\"1336\" ThreadID=\"2248\"></Execution>\n<Channel>Microsoft-Windows-Diagnostics-Performance/Operational</Channel>\n<Computer>IACIS-HDD-2014</Computer>\n<Security UserID=\"S-1-5-19\"></Security>\n</System>\n<EventData><Data Name=\"StartTime\">2014-02-16 22:39:20.702799+00:00</Data>\n<Data Name=\"NameLength\">13</Data>\n<Data Name=\"Name\">PreShellInit</Data>\n<Data Name=\"TotalTime\">4999</Data>\n<Data Name=\"DegradationTime\">999</Data>\n</EventData>\n</Event>\n"
  },
  {
    "EventID": 100,
    "Timestamp": "2014-02-19 13:32:32.942699+00:00",
    "Computer": "IACIS-HDD-2014",
    "Channel": "Microsoft-Windows-Diagnostics-Performance/Operational",
    "Level": "Warning",
    "EventData": {
      "BootTsVersion": "2",
      "BootStartTime": "2014-02-19 13:30:07.656000+00:00",
      "BootEndTime": "2014-02-19 13:32:29.916294+00:00",
      "SystemBootInstance": "24",
      "UserBootInstance": "8",
      "BootTime": "35968",
      "MainPathBootTime": "17568",
      "BootKernelInitTime": "26",
      "BootDriverInitTime": "559",
      "BootDevicesInitTime": "2528",
      "BootPrefetchInitTime": "50744",
      "BootPrefetchBytes": "263942144",
      "BootAutoChkTime": "0",
      "BootSmssInitTime": "5668",
      "BootCriticalServicesInitTime": "2220",
      "BootUserProfileProcessingTime": "285",
      "BootMachineProfileProcessingTime": "2487",
      "BootExplorerInitTime": "1424",
      "BootNumStartupApps": "4",
      "BootPostBootTime": "18400",
      "BootIsRebootAfterInstall": "False",
      "BootRootCauseStepImprovementBits": "0",
      "BootRootCauseGradualImprovementBits": "0",
      "BootRootCauseStepDegradationBits": "64",
      "BootRootCauseGradualDegradationBits": "0",
      "BootIsDegradation": "False",
      "BootIsStepDegradation": "False",
      "BootIsGradualDegradation": "False",
      "BootImprovementDelta": "0",
      "BootDegradationDelta": "0",
      "BootIsRootCauseIdentified": "True",
      "OSLoaderDuration": "2908",
      "BootPNPInitStartTimeMS": "26",
      "BootPNPInitDuration": "2566",
      "OtherKernelInitDuration": "1458",
      "SystemPNPInitStartTimeMS": "3918",
      "SystemPNPInitDuration": "522",
      "SessionInitStartTimeMS": "4546",
      "Session0InitDuration": "824",
      "Session1InitDuration": "188",
      "SessionInitOtherDuration": "4655",
      "WinLogonStartTimeMS": "10215",
      "OtherLogonInitActivityDuration": "3155",
      "UserLogonWaitDuration": "34804"
    },
    "RawXml": "<Event xmlns=\"http://schemas.microsoft.com/win/2004/08/events/event\"><System><Provider Name=\"Microsoft-Windows-Diagnostics-Performance\" Guid=\"{cfc18ec0-96b1-4eba-961b-622caee05b0a}\"></Provider>\n<EventID Qualifiers=\"\">100</EventID>\n<Version>2</Version>\n<Level>3</Level>\n<Task>4002</Task>\n<Opcode>34</Opcode>\n<Keywords>0x8000000000010000</Keywords>\n<TimeCreated SystemTime=\"2014-02-19 13:32:32.942699+00:00\"></TimeCreated>\n<EventRecordID>68</EventRecordID>\n<Correlation ActivityID=\"{02b15c48-f800-0001-8c32-9cb4762dcf01}\" RelatedActivityID=\"\"></Correlation>\n<Execution ProcessID=\"1352\" ThreadID=\"1524\"></Execution>\n<Channel>Microsoft-Windows-Diagnostics-Performance/Operational</Channel>\n<Computer>IACIS-HDD-2014</Computer>\n<Security UserID=\"S-1-5-19\"></Security>\n</System>\n<EventData><Data Name=\"BootTsVersion\">2</Data>\n<Data Name=\"BootStartTime\">2014-02-19 13:30:07.656000+00:00</Data>\n<Data Name=\"BootEndTime\">2014-02-19 13:32:29.916294+00:00</Data>\n<Data Name=\"SystemBootInstance\">24</Data>\n<Data Name=\"UserBootInstance\">8</Data>\n<Data Name=\"BootTime\">35968</Data>\n<Data Name=\"MainPathBootTime\">17568</Data>\n<Data Name=\"BootKernelInitTime\">26</Data>\n<Data Name=\"BootDriverInitTime\">559</Data>\n<Data Name=\"BootDevicesInitTime\">2528</Data>\n<Data Name=\"BootPrefetchInitTime\">50744</Data>\n<Data Name=\"BootPrefetchBytes\">263942144</Data>\n<Data Name=\"BootAutoChkTime\">0</Data>\n<Data Name=\"BootSmssInitTime\">5668</Data>\n<Data Name=\"BootCriticalServicesInitTime\">2220</Data>\n<Data Name=\"BootUserProfileProcessingTime\">285</Data>\n<Data Name=\"BootMachineProfileProcessingTime\">2487</Data>\n<Data Name=\"BootExplorerInitTime\">1424</Data>\n<Data Name=\"BootNumStartupApps\">4</Data>\n<Data Name=\"BootPostBootTime\">18400</Data>\n<Data Name=\"BootIsRebootAfterInstall\">False</Data>\n<Data Name=\"BootRootCauseStepImprovementBits\">0</Data>\n<Data Name=\"BootRootCauseGradualImprovementBits\">0</Data>\n<Data Name=\"BootRootCauseStepDegradationBits\">64</Data>\n<Data Name=\"BootRootCauseGradualDegradationBits\">0</Data>\n<Data Name=\"BootIsDegradation\">False</Data>\n<Data Name=\"BootIsStepDegradation\">False</Data>\n<Data Name=\"BootIsGradualDegradation\">False</Data>\n<Data Name=\"BootImprovementDelta\">0</Data>\n<Data Name=\"BootDegradationDelta\">0</Data>\n<Data Name=\"BootIsRootCauseIdentified\">True</Data>\n<Data Name=\"OSLoaderDuration\">2908</Data>\n<Data Name=\"BootPNPInitStartTimeMS\">26</Data>\n<Data Name=\"BootPNPInitDuration\">2566</Data>\n<Data Name=\"OtherKernelInitDuration\">1458</Data>\n<Data Name=\"SystemPNPInitStartTimeMS\">3918</Data>\n<Data Name=\"SystemPNPInitDuration\">522</Data>\n<Data Name=\"SessionInitStartTimeMS\">4546</Data>\n<Data Name=\"Session0InitDuration\">824</Data>\n<Data Name=\"Session1InitDuration\">188</Data>\n<Data Name=\"SessionInitOtherDuration\">4655</Data>\n<Data Name=\"WinLogonStartTimeMS\">10215</Data>\n<Data Name=\"OtherLogonInitActivityDuration\">3155</Data>\n<Data Name=\"UserLogonWaitDuration\">34804</Data>\n</EventData>\n</Event>\n"
  },
  {
    "EventID": 106,
    "Timestamp": "2014-02-19 13:32:32.942699+00:00",
    "Computer": "IACIS-HDD-2014",
    "Channel": "Microsoft-Windows-Diagnostics-Performance/Operational",
    "Level": "Critical",
    "EventData": {
      "StartTime": "2014-02-19 13:30:07.656000+00:00",
      "NameLength": "23",
      "Name": "BackgroundPrefetchTime",
      "TotalTime": "50744",
      "DegradationTime": "10446"
    },
    "RawXml": "<Event xmlns=\"http://schemas.microsoft.com/win/2004/08/events/event\"><System><Provider Name=\"Microsoft-Windows-Diagnostics-Performance\" Guid=\"{cfc18ec0-96b1-4eba-961b-622caee05b0a}\"></Provider>\n<EventID Qualifiers=\"\">106</EventID>\n<Version>1</Version>\n<Level>1</Level>\n<Task>4002</Task>\n<Opcode>33</Opcode>\n<Keywords>0x8000000000010000</Keywords>\n<TimeCreated SystemTime=\"2014-02-19 13:32:32.942699+00:00\"></TimeCreated>\n<EventRecordID>69</EventRecordID>\n<Correlation ActivityID=\"{02b15c48-f800-0001-8c32-9cb4762dcf01}\" RelatedActivityID=\"\"></Correlation>\n<Execution ProcessID=\"1352\" ThreadID=\"1524\"></Execution>\n<Channel>Microsoft-Windows-Diagnostics-Performance/Operational</Channel>\n<Computer>IACIS-HDD-2014</Computer>\n<Security UserID=\"S-1-5-19\"></Security>\n</System>\n<EventData><Data Name=\"StartTime\">2014-02-19 13:30:07.656000+00:00</Data>\n<Data Name=\"NameLength\">23</Data>\n<Data Name=\"Name\">BackgroundPrefetchTime</Data>\n<Data Name=\"TotalTime\">50744</Data>\n<Data Name=\"DegradationTime\">10446</Data>\n</EventData>\n</Event>\n"
  },
  {
    "EventID": 100,
    "Timestamp": "2014-02-20 14:32:01.269655+00:00",
    "Computer": "IACIS-HDD-2014",
    "Channel": "Microsoft-Windows-Diagnostics-Performance/Operational",
    "Level": "Warning",
    "EventData": {
      "BootTsVersion": "2",
      "BootStartTime": "2014-02-20 14:22:00.718399+00:00",
      "BootEndTime": "2014-02-20 14:31:57.931252+00:00",
      "SystemBootInstance": "25",
      "UserBootInstance": "6",
      "BootTime": "33565",
      "MainPathBootTime": "18565",
      "BootKernelInitTime": "26",
      "BootDriverInitTime": "603",
      "BootDevicesInitTime": "2504",
      "BootPrefetchInitTime": "49991",
      "BootPrefetchBytes": "258392064",
      "BootAutoChkTime": "0",
      "BootSmssInitTime": "5380",
      "BootCriticalServicesInitTime": "2980",
      "BootUserProfileProcessingTime": "315",
      "BootMachineProfileProcessingTime": "2412",
      "BootExplorerInitTime": "2080",
      "BootNumStartupApps": "4",
      "BootPostBootTime": "15000",
      "BootIsRebootAfterInstall": "False",
      "BootRootCauseStepImprovementBits": "0",
      "BootRootCauseGradualImprovementBits": "0",
      "BootRootCauseStepDegradationBits": "0",
      "BootRootCauseGradualDegradationBits": "0",
      "BootIsDegradation": "False",
      "BootIsStepDegradation": "False",
      "BootIsGradualDegradation": "False",
      "BootImprovementDelta": "0",
      "BootDegradationDelta": "0",
      "BootIsRootCauseIdentified": "False",
      "OSLoaderDuration": "2963",
      "BootPNPInitStartTimeMS": "26",
      "BootPNPInitDuration": "2540",
      "OtherKernelInitDuration": "1246",
      "SystemPNPInitStartTimeMS": "3729",
      "SystemPNPInitDuration": "567",
      "SessionInitStartTimeMS": "4354",
      "Session0InitDuration": "700",
      "Session1InitDuration": "140",
      "SessionInitOtherDuration": "4538",
      "WinLogonStartTimeMS": "9734",
      "OtherLogonInitActivityDuration": "4022",
      "UserLogonWaitDuration": "489118"
    },
    "RawXml": "<Event xmlns=\"http://schemas.microsoft.com/win/2004/08/events/event\"><System><Provider Name=\"Microsoft-Windows-Diagnostics-Performance\" Guid=\"{cfc18ec0-96b1-4eba-961b-622caee05b0a}\"></Provider>\n<EventID Qualifiers=\"\">100</EventID>\n<Version>2</Version>\n<Level>3</Level>\n<Task>4002</Task>\n<Opcode>34</Opcode>\n<Keywords>0x8000000000010000</Keywords>\n<TimeCreated SystemTime=\"2014-02-20 14:32:01.269655+00:00\"></TimeCreated>\n<EventRecordID>70</EventRecordID>\n<Correlation ActivityID=\"{02ac0c48-f800-0001-8892-8d1e472ecf01}\" RelatedActivityID=\"\"></Correlation>\n<Execution ProcessID=\"1312\" ThreadID=\"1284\"></Execution>\n<Channel>Microsoft-Windows-Diagnostics-Performance/Operational</Channel>\n<Computer>IACIS-HDD-2014</Computer>\n<Security UserID=\"S-1-5-19\"></Security>\n</System>\n<EventData><Data Name=\"BootTsVersion\">2</Data>\n<Data Name=\"BootStartTime\">2014-02-20 14:22:00.718399+00:00</Data>\n<Data Name=\"BootEndTime\">2014-02-20 14:31:57.931252+00:00</Data>\n<Data Name=\"SystemBootInstance\">25</Data>\n<Data Name=\"UserBootInstance\">6</Data>\n<Data Name=\"BootTime\">33565</Data>\n<Data Name=\"MainPathBootTime\">18565</Data>\n<Data Name=\"BootKernelInitTime\">26</Data>\n<Data Name=\"BootDriverInitTime\">603</Data>\n<Data Name=\"BootDevicesInitTime\">2504</Data>\n<Data Name=\"BootPrefetchInitTime\">49991</Data>\n<Data Name=\"BootPrefetchBytes\">258392064</Data>\n<Data Name=\"BootAutoChkTime\">0</Data>\n<Data Name=\"BootSmssInitTime\">5380</Data>\n<Data Name=\"BootCriticalServicesInitTime\">2980</Data>\n<Data Name=\"BootUserProfileProcessingTime\">315</Data>\n<Data Name=\"BootMachineProfileProcessingTime\">2412</Data>\n<Data Name=\"BootExplorerInitTime\">2080</Data>\n<Data Name=\"BootNumStartupApps\">4</Data>\n<Data Name=\"BootPostBootTime\">15000</Data>\n<Data Name=\"BootIsRebootAfterInstall\">False</Data>\n<Data Name=\"BootRootCauseStepImprovementBits\">0</Data>\n<Data Name=\"BootRootCauseGradualImprovementBits\">0</Data>\n<Data Name=\"BootRootCauseStepDegradationBits\">0</Data>\n<Data Name=\"BootRootCauseGradualDegradationBits\">0</Data>\n<Data Name=\"BootIsDegradation\">False</Data>\n<Data Name=\"BootIsStepDegradation\">False</Data>\n<Data Name=\"BootIsGradualDegradation\">False</Data>\n<Data Name=\"BootImprovementDelta\">0</Data>\n<Data Name=\"BootDegradationDelta\">0</Data>\n<Data Name=\"BootIsRootCauseIdentified\">False</Data>\n<Data Name=\"OSLoaderDuration\">2963</Data>\n<Data Name=\"BootPNPInitStartTimeMS\">26</Data>\n<Data Name=\"BootPNPInitDuration\">2540</Data>\n<Data Name=\"OtherKernelInitDuration\">1246</Data>\n<Data Name=\"SystemPNPInitStartTimeMS\">3729</Data>\n<Data Name=\"SystemPNPInitDuration\">567</Data>\n<Data Name=\"SessionInitStartTimeMS\">4354</Data>\n<Data Name=\"Session0InitDuration\">700</Data>\n<Data Name=\"Session1InitDuration\">140</Data>\n<Data Name=\"SessionInitOtherDuration\">4538</Data>\n<Data Name=\"WinLogonStartTimeMS\">9734</Data>\n<Data Name=\"OtherLogonInitActivityDuration\">4022</Data>\n<Data Name=\"UserLogonWaitDuration\">489118</Data>\n</EventData>\n</Event>\n"
  }
]