  {
    "EventID": 2004,
    "Timestamp": "2014-01-25 04:21:50.363138+00:00",
    "Computer": "37L4247F27-25",
    "Channel": "Microsoft-Windows-Windows Firewall With Advanced Security/Firewall",
    "Level": "Information",
    "EventData": {
      "RuleId": "NetPres-WSD-Out-UDP",
      "RuleName": "Connect to a Network Projector (WSD-Out)",
      "Origin": "1",
      "ApplicationPath": "C:\\Windows\\system32\\netproj.exe",
      "ServiceName": "",
      "Direction": "2",
      "Protocol": "17",
      "LocalPorts": "*",
      "RemotePorts": "3702",
      "Action": "3",
      "Profiles": "2147483647",
      "LocalAddresses": "*",
      "RemoteAddresses": "LocalSubnet",
      "RemoteMachineAuthorizationList": "",
      "RemoteUserAuthorizationList": "",
      "EmbeddedContext": "@FirewallAPI.dll,-31752",
      "Flags": "0",
      "Active": "0",
      "EdgeTraversal": "0",
      "LooseSourceMapped": "0",
      "SecurityOptions": "0",
      "ModifyingUser": "S-1-5-18",
      "ModifyingApplication": "C:\\Windows\\System32\\oobe\\Setup.exe",
      "SchemaVersion": "522",
      "RuleStatus": "65536"
    },
    "RawXml": "<Event xmlns=\"http://schemas.microsoft.com/win/2004/08/events/event\"><System><Provider Name=\"Microsoft-Windows-Windows Firewall With Advanced Security\" Guid=\"{d1bc9aff-2abf-4d71-9146-ecb2a986eb85}\"></Provider>\n<EventID Qualifiers=\"\">2004</EventID>\n<Version>0</Version>\n<Level>4</Level>\n<Task>0</Task>\n<Opcode>0</Opcode>\n<Keywords>0x8000020000000000</Keywords>\n<TimeCreated SystemTime=\"2014-01-25 04:21:50.363138+00:00\"></TimeCreated>\n<EventRecordID>18</EventRecordID>\n<Correlation ActivityID=\"\" RelatedActivityID=\"\"></Correlation>\n<Execution ProcessID=\"732\" ThreadID=\"1036\"></Execution>\n<Channel>Microsoft-Windows-Windows Firewall With Advanced Security/Firewall</Channel>\n<Computer>37L4247F27-25</Computer>\n<Security UserID=\"S-1-5-19\"></Security>\n</System>\n<EventData><Data Name=\"RuleId\">NetPres-WSD-Out-UDP</Data>\n<Data Name=\"RuleName\">Connect to a Network Projector (WSD-Out)</Data>\n<Data Name=\"Origin\">1</Data>\n<Data Name=\"ApplicationPath\">C:\\Windows\\system32\\netproj.exe</Data>\n<Data Name=\"ServiceName\"></Data>\n<Data Name=\"Direction\">2</Data>\n<Data Name=\"Protocol\">17</Data>\n<Data Name=\"LocalPorts\">*</Data>\n<Data Name=\"RemotePorts\">3702</Data>\n<Data Name=\"Action\">3</Data>\n<Data Name=\"Profiles\">2147483647</Data>\n<Data Name=\"LocalAddresses\">*</Data>\n<Data Name=\"RemoteAddresses\">LocalSubnet</Data>\n<Data Name=\"RemoteMachineAuthorizationList\"></Data>\n<Data Name=\"RemoteUserAuthorizationList\"></Data>\n<Data Name=\"EmbeddedContext\">@FirewallAPI.dll,-31752</Data>\n<Data Name=\"Flags\">0</Data>\n<Data Name=\"Active\">0</Data>\n<Data Name=\"EdgeTraversal\">0</Data>\n<Data Name=\"LooseSourceMapped\">0</Data>\n<Data Name=\"SecurityOptions\">0</Data>\n<Data Name=\"ModifyingUser\">S-1-5-18</Data>\n<Data Name=\"ModifyingApplication\">C:\\Windows\\System32\\oobe\\Setup.exe</Data>\n<Data Name=\"SchemaVersion\">522</Data>\n<Data Name=\"RuleStatus\">65536</Data>\n</EventData>\n</Event>\n"
  },
  {
    "EventID": 2004,
    "Timestamp": "2014-01-25 04:21:50.378738+00:00",
    "Computer": "37L4247F27-25",
    "Channel": "Microsoft-Windows-Windows Firewall With Advanced Security/Firewall",
    "Level": "Information",
    "EventData": {
      "RuleId": "NetPres-In-TCP",
      "RuleName": "Connect to a Network Projector (TCP-In)",
      "Origin": "1",
      "ApplicationPath": "C:\\Windows\\system32\\netproj.exe",
      "ServiceName": "",
      "Direction": "1",
      "Protocol": "6",
      "LocalPorts": "*",
      "RemotePorts": "*",
      "Action": "3",
      "Profiles": "6",
      "LocalAddresses": "*",
      "RemoteAddresses": "LocalSubnet",
      "RemoteMachineAuthorizationList": "",
      "RemoteUserAuthorizationList": "",
      "EmbeddedContext": "@FirewallAPI.dll,-31752",
      "Flags": "0",
      "Active": "0",
      "EdgeTraversal": "0",
      "LooseSourceMapped": "0",
      "SecurityOptions": "0",
      "ModifyingUser": "S-1-5-18",
      "ModifyingApplication": "C:\\Windows\\System32\\oobe\\Setup.exe",
      "SchemaVersion": "522",
      "RuleStatus": "65536"
    },
    "RawXml": "<Event xmlns=\"http://schemas.microsoft.com/win/2004/08/events/event\"><System><Provider Name=\"Microsoft-Windows-Windows Firewall With Advanced Security\" Guid=\"{d1bc9aff-2abf-4d71-9146-ecb2a986eb85}\"></Provider>\n<EventID Qualifiers=\"\">2004</EventID>\n<Version>0</Version>\n<Level>4</Level>\n<Task>0</Task>\n<Opcode>0</Opcode>\n<Keywords>0x8000020000000000</Keywords>\n<TimeCreated SystemTime=\"2014-01-25 04:21:50.378738+00:00\"></TimeCreated>\n<EventRecordID>19</EventRecordID>\n<Correlation ActivityID=\"\" RelatedActivityID=\"\"></Correlation>\n<Execution ProcessID=\"732\" ThreadID=\"1036\"></Execution>\n<Channel>Microsoft-Windows-Windows Firewall With Advanced Security/Firewall</Channel>\n<Computer>37L4247F27-25</Computer>\n<Security UserID=\"S-1-5-19\"></Security>\n</System>\n<EventData><Data Name=\"RuleId\">NetPres-In-TCP</Data>\n<Data Name=\"RuleName\">Connect to a Network Projector (TCP-In)</Data>\n<Data Name=\"Origin\">1</Data>\n<Data Name=\"ApplicationPath\">C:\\Windows\\system32\\netproj.exe</Data>\n<Data Name=\"ServiceName\"></Data>\n<Data Name=\"Direction\">1</Data>\n<Data Name=\"Protocol\">6</Data>\n<Data Name=\"LocalPorts\">*</Data>\n<Data Name=\"RemotePorts\">*</Data>\n<Data Name=\"Action\">3</Data>\n<Data Name=\"Profiles\">6</Data>\n<Data Name=\"LocalAddresses\">*</Data>\n<Data Name=\"RemoteAddresses\">LocalSubnet</Data>\n<Data Name=\"RemoteMachineAuthorizationList\"></Data>\n<Data Name=\"RemoteUserAuthorizationList\"></Data>\n<Data Name=\"EmbeddedContext\">@FirewallAPI.dll,-31752</Data>\n<Data Name=\"Flags\">0</Data>\n<Data Name=\"Active\">0</Data>\n<Data Name=\"EdgeTraversal\">0</Data>\n<Data Name=\"LooseSourceMapped\">0</Data>\n<Data Name=\"SecurityOptions\">0</Data>\n<Data Name=\"ModifyingUser\">S-1-5-18</Data>\n<Data Name=\"ModifyingApplication\">C:\\Windows\\System32\\oobe\\Setup.exe</Data>\n<Data Name=\"SchemaVersion\">522</Data>\n<Data Name=\"RuleStatus\">65536</Data>\n</EventData>\n</Event>\n"
  },
  {
    "EventID": 2004,
    "Timestamp": "2014-01-25 04:21:50.378738+00:00",
    "Computer": "37L4247F27-25",
    "Channel": "Microsoft-Windows-Windows Firewall With Advanced Security/Firewall",
    "Level": "Information",
    "EventData": {
      "RuleId": "NetPres-Out-TCP",
      "RuleName": "Connect to a Network Projector (TCP-Out)",
      "Origin": "1",
      "ApplicationPath": "C:\\Windows\\system32\\netproj.exe",
      "ServiceName": "",
      "Direction": "2",
      "Protocol": "6",
      "LocalPorts": "*",
      "RemotePorts": "*",
      "Action": "3",
      "Profiles": "6",
      "LocalAddresses": "*",
      "RemoteAddresses": "LocalSubnet",
      "RemoteMachineAuthorizationList": "",
      "RemoteUserAuthorizationList": "",
      "EmbeddedContext": "@FirewallAPI.dll,-31752",
      "Flags": "0",
      "Active": "0",
      "EdgeTraversal": "0",
      "LooseSourceMapped": "0",
      "SecurityOptions": "0",
      "ModifyingUser": "S-1-5-18",
      "ModifyingApplication": "C:\\Windows\\System32\\oobe\\Setup.exe",
      "SchemaVersion": "522",
      "RuleStatus": "65536"
    },
    "RawXml": "<Event xmlns=\"http://schemas.microsoft.com/win/2004/08/events/event\"><System><Provider Name=\"Microsoft-Windows-Windows Firewall With Advanced Security\" Guid=\"{d1bc9aff-2abf-4d71-9146-ecb2a986eb85}\"></Provider>\n<EventID Qualifiers=\"\">2004</EventID>\n<Version>0</Version>\n<Level>4</Level>\n<Task>0</Task>\n<Opcode>0</Opcode>\n<Keywords>0x8000020000000000</Keywords>\n<TimeCreated SystemTime=\"2014-01-25 04:21:50.378738+00:00\"></TimeCreated>\n<EventRecordID>20</EventRecordID>\n<Correlation ActivityID=\"\" RelatedActivityID=\"\"></Correlation>\n<Execution ProcessID=\"732\" ThreadID=\"1036\"></Execution>\n<Channel>Microsoft-Windows-Windows Firewall With Advanced Security/Firewall</Channel>\n<Computer>37L4247F27-25</Computer>\n<Security UserID=\"S-1-5-19\"></Security>\n</System>\n<EventData><Data Name=\"RuleId\">NetPres-Out-TCP</Data>\n<Data Name=\"RuleName\">Connect to a Network Projector (TCP-Out)</Data>\n<Data Name=\"Origin\">1</Data>\n<Data Name=\"ApplicationPath\">C:\\Windows\\system32\\netproj.exe</Data>\n<Data Name=\"ServiceName\"></Data>\n<Data Name=\"Direction\">2</Data>\n<Data Name=\"Protocol\">6</Data>\n<Data Name=\"LocalPorts\">*</Data>\n<Data Name=\"RemotePorts\">*</Data>\n<Data Name=\"Action\">3</Data>\n<Data Name=\"Profiles\">6</Data>\n<Data Name=\"LocalAddresses\">*</Data>\n<Data Name=\"RemoteAddresses\">LocalSubnet</Data>\n<Data Name=\"RemoteMachineAuthorizationList\"></Data>\n<Data Name=\"RemoteUserAuthorizationList\"></Data>\n<Data Name=\"EmbeddedContext\">@FirewallAPI.dll,-31752</Data>\n<Data Name=\"Flags\">0</Data>\n<Data Name=\"Active\">0</Data>\n<Data Name=\"EdgeTraversal\">0</Data>\n<Data Name=\"LooseSourceMapped\">0</Data>\n<Data Name=\"SecurityOptions\">0</Data>\n<Data Name=\"ModifyingUser\">S-1-5-18</Data>\n<Data Name=\"ModifyingApplication\">C:\\Windows\\System32\\oobe\\Setup.exe</Data>\n<Data Name=\"SchemaVersion\">522</Data>\n<Data Name=\"RuleStatus\">65536</Data>\n</EventData>\n</Event>\n"
  },
  {
    "EventID": 2004,
    "Timestamp": "2014-01-25 04:21:50.394339+00:00",
    "Computer": "37L4247F27-25",
    "Channel": "Microsoft-Windows-Windows Firewall With Advanced Security/Firewall",
    "Level": "Information",
    "EventData": {
      "RuleId": "NetPres-WSDEVNT-In-TCP",
      "RuleName": "Connect to a Network Projector (WSD Events-In)",
      "Origin": "1",
      "ApplicationPath": "System",
      "ServiceName": "",
      "Direction": "1",
      "Protocol": "6",
      "LocalPorts": "5357",
      "RemotePorts": "*",
      "Action": "3",
      "Profiles": "6",
      "LocalAddresses": "*",
      "RemoteAddresses": "LocalSubnet",
      "RemoteMachineAuthorizationList": "",
      "RemoteUserAuthorizationList": "",
      "EmbeddedContext": "@FirewallAPI.dll,-31752",
      "Flags": "0",
      "Active": "0",
      "EdgeTraversal": "0",
      "LooseSourceMapped": "0",
      "SecurityOptions": "0",
      "ModifyingUser": "S-1-5-18",
      "ModifyingApplication": "C:\\Windows\\System32\\oobe\\Setup.exe",
      "SchemaVersion": "522",
      "RuleStatus": "65536"
    },
    "RawXml": "<Event xmlns=\"http://schemas.microsoft.com/win/2004/08/events/event\"><System><Provider Name=\"Microsoft-Windows-Windows Firewall With Advanced Security\" Guid=\"{d1bc9aff-2abf-4d71-9146-ecb2a986eb85}\"></Provider>\n<EventID Qualifiers=\"\">2004</EventID>\n<Version>0</Version>\n<Level>4</Level>\n<Task>0</Task>\n<Opcode>0</Opcode>\n<Keywords>0x8000020000000000</Keywords>\n<TimeCreated SystemTime=\"2014-01-25 04:21:50.394339+00:00\"></TimeCreated>\n<EventRecordID>21</EventRecordID>\n<Correlation ActivityID=\"\" RelatedActivityID=\"\"></Correlation>\n<Execution ProcessID=\"732\" ThreadID=\"1036\"></Execution>\n<Channel>Microsoft-Windows-Windows Firewall With Advanced Security/Firewall</Channel>\n<Computer>37L4247F27-25</Computer>\n<Security UserID=\"S-1-5-19\"></Security>\n</System>\n<EventData><Data Name=\"RuleId\">NetPres-WSDEVNT-In-TCP</Data>\n<Data Name=\"RuleName\">Connect to a Network Projector (WSD Events-In)</Data>\n<Data Name=\"Origin\">1</Data>\n<Data Name=\"ApplicationPath\">System</Data>\n<Data Name=\"ServiceName\"></Data>\n<Data Name=\"Direction\">1</Data>\n<Data Name=\"Protocol\">6</Data>\n<Data Name=\"LocalPorts\">5357</Data>\n<Data Name=\"RemotePorts\">*</Data>\n<Data Name=\"Action\">3</Data>\n<Data Name=\"Profiles\">6</Data>\n<Data Name=\"LocalAddresses\">*</Data>\n<Data Name=\"RemoteAddresses\">LocalSubnet</Data>\n<Data Name=\"RemoteMachineAuthorizationList\"></Data>\n<Data Name=\"RemoteUserAuthorizationList\"></Data>\n<Data Name=\"EmbeddedContext\">@FirewallAPI.dll,-31752</Data>\n<Data Name=\"Flags\">0</Data>\n<Data Name=\"Active\">0</Data>\n<Data Name=\"EdgeTraversal\">0</Data>\n<Data Name=\"LooseSourceMapped\">0</Data>\n<Data Name=\"SecurityOptions\">0</Data>\n<Data Name=\"ModifyingUser\">S-1-5-18</Data>\n<Data Name=\"ModifyingApplication\">C:\\Windows\\System32\\oobe\\Setup.exe</Data>\n<Data Name=\"SchemaVersion\">522</Data>\n<Data Name=\"RuleStatus\">65536</Data>\n</EventData>\n</Event>\n"
  },
  {
    "EventID": 2004,
    "Timestamp": "2014-01-25 04:21:50.394339+00:00",
    "Computer": "37L4247F27-25",
    "Channel": "Microsoft-Windows-Windows Firewall With Advanced Security/Firewall",
    "Level": "Information",
    "EventData": {
      "RuleId": "NetPres-WSDEVNT-Out-TCP",
      "RuleName": "Connect to a Network Projector (WSD Events-Out)",
      "Origin": "1",
      "ApplicationPath": "System",
      "ServiceName": "",
      "Direction": "2",
      "Protocol": "6",
      "LocalPorts": "*",
      "RemotePorts": "5357",
      "Action": "3",
      "Profiles": "6",
      "LocalAddresses": "*",
      "RemoteAddresses": "LocalSubnet",
      "RemoteMachineAuthorizationList": "",
      "RemoteUserAuthorizationList": "",
      "EmbeddedContext": "@FirewallAPI.dll,-31752",
      "Flags": "0",
      "Active": "0",
      "EdgeTraversal": "0",
      "LooseSourceMapped": "0",
      "SecurityOptions": "0",
      "ModifyingUser": "S-1-5-18",
      "ModifyingApplication": "C:\\Windows\\System32\\oobe\\Setup.exe",
      "SchemaVersion": "522",
      "RuleStatus": "65536"
    },
    "RawXml": "<Event xmlns=\"http://schemas.microsoft.com/win/2004/08/events/event\"><System><Provider Name=\"Microsoft-Windows-Windows Firewall With Advanced Security\" Guid=\"{d1bc9aff-2abf-4d71-9146-ecb2a986eb85}\"></Provider>\n<EventID Qualifiers=\"\">2004</EventID>\n<Version>0</Version>\n<Level>4</Level>\n<Task>0</Task>\n<Opcode>0</Opcode>\n<Keywords>0x8000020000000000</Keywords>\n<TimeCreated SystemTime=\"2014-01-25 04:21:50.394339+00:00\"></TimeCreated>\n<EventRecordID>22</EventRecordID>\n<Correlation ActivityID=\"\" RelatedActivityID=\"\"></Correlation>\n<Execution ProcessID=\"732\" ThreadID=\"1036\"></Execution>\n<Channel>Microsoft-Windows-Windows Firewall With Advanced Security/Firewall</Channel>\n<Computer>37L4247F27-25</Computer>\n<Security UserID=\"S-1-5-19\"></Security>\n</System>\n<EventData><Data Name=\"RuleId\">NetPres-WSDEVNT-Out-TCP</Data>\n<Data Name=\"RuleName\">Connect to a Network Projector (WSD Events-Out)</Data>\n<Data Name=\"Origin\">1</Data>\n<Data Name=\"ApplicationPath\">System</Data>\n<Data Name=\"ServiceName\"></Data>\n<Data Name=\"Direction\">2</Data>\n<Data Name=\"Protocol\">6</Data>\n<Data Name=\"LocalPorts\">*</Data>\n<Data Name=\"RemotePorts\">5357</Data>\n<Data Name=\"Action\">3</Data>\n<Data Name=\"Profiles\">6</Data>\n<Data Name=\"LocalAddresses\">*</Data>\n<Data Name=\"RemoteAddresses\">LocalSubnet</Data>\n<Data Name=\"RemoteMachineAuthorizationList\"></Data>\n<Data Name=\"RemoteUserAuthorizationList\"></Data>\n<Data Name=\"EmbeddedContext\">@FirewallAPI.dll,-31752</Data>\n<Data Name=\"Flags\">0</Data>\n<Data Name=\"Active\">0</Data>\n<Data Name=\"EdgeTraversal\">0</Data>\n<Data Name=\"LooseSourceMapped\">0</Data>\n<Data Name=\"SecurityOptions\">0</Data>\n<Data Name=\"ModifyingUser\">S-1-5-18</Data>\n<Data Name=\"ModifyingApplication\">C:\\Windows\\System32\\oobe\\Setup.exe</Data>\n<Data Name=\"SchemaVersion\">522</Data>\n<Data Name=\"RuleStatus\">65536</Data>\n</EventData>\n</Event>\n"
  },
  {
    "EventID": 2004,
    "Timestamp": "2014-01-25 04:21:50.394339+00:00",
    "Computer": "37L4247F27-25",
    "Channel": "Microsoft-Windows-Windows Firewall With Advanced Security/Firewall",
    "Level": "Information",
    "EventData": {
      "RuleId": "NetPres-WSDEVNTS-In-TCP",
      "RuleName": "Connect to a Network Projector (WSD EventsSecure-In)",
      "Origin": "1",
      "ApplicationPath": "System",
      "ServiceName": "",
      "Direction": "1",
      "Protocol": "6",
      "LocalPorts": "5358",
      "RemotePorts": "*",
      "Action": "3",
      "Profiles": "6",
      "LocalAddresses": "*",
      "RemoteAddresses": "LocalSubnet",
      "RemoteMachineAuthorizationList": "",
      "RemoteUserAuthorizationList": "",
      "EmbeddedContext": "@FirewallAPI.dll,-31752",
      "Flags": "0",
      "Active": "0",
      "EdgeTraversal": "0",
      "LooseSourceMapped": "0",
      "SecurityOptions": "0",
      "ModifyingUser": "S-1-5-18",
      "ModifyingApplication": "C:\\Windows\\System32\\oobe\\Setup.exe",
      "SchemaVersion": "522",
      "RuleStatus": "65536"
    },
    "RawXml": "<Event xmlns=\"http://schemas.microsoft.com/win/2004/08/events/event\"><System><Provider Name=\"Microsoft-Windows-Windows Firewall With Advanced Security\" Guid=\"{d1bc9aff-2abf-4d71-9146-ecb2a986eb85}\"></Provider>\n<EventID Qualifiers=\"\">2004</EventID>\n<Version>0</Version>\n<Level>4</Level>\n<Task>0</Task>\n<Opcode>0</Opcode>\n<Keywords>0x8000020000000000</Keywords>\n<TimeCreated SystemTime=\"2014-01-25 04:21:50.394339+00:00\"></TimeCreated>\n<EventRecordID>23</EventRecordID>\n<Correlation ActivityID=\"\" RelatedActivityID=\"\"></Correlation>\n<Execution ProcessID=\"732\" ThreadID=\"1036\"></Execution>\n<Channel>Microsoft-Windows-Windows Firewall With Advanced Security/Firewall</Channel>\n<Computer>37L4247F27-25</Computer>\n<Security UserID=\"S-1-5-19\"></Security>\n</System>\n<EventData><Data Name=\"RuleId\">NetPres-WSDEVNTS-In-TCP</Data>\n<Data Name=\"RuleName\">Connect to a Network Projector (WSD EventsSecure-In)</Data>\n<Data Name=\"Origin\">1</Data>\n<Data Name=\"ApplicationPath\">System</Data>\n<Data Name=\"ServiceName\"></Data>\n<Data Name=\"Direction\">1</Data>\n<Data Name=\"Protocol\">6</Data>\n<Data Name=\"LocalPorts\">5358</Data>\n<Data Name=\"RemotePorts\">*</Data>\n<Data Name=\"Action\">3</Data>\n<Data Name=\"Profiles\">6</Data>\n<Data Name=\"LocalAddresses\">*</Data>\n<Data Name=\"RemoteAddresses\">LocalSubnet</Data>\n<Data Name=\"RemoteMachineAuthorizationList\"></Data>\n<Data Name=\"RemoteUserAuthorizationList\"></Data>\n<Data Name=\"EmbeddedContext\">@FirewallAPI.dll,-31752</Data>\n<Data Name=\"Flags\">0</Data>\n<Data Name=\"Active\">0</Data>\n<Data Name=\"EdgeTraversal\">0</Data>\n<Data Name=\"LooseSourceMapped\">0</Data>\n<Data Name=\"SecurityOptions\">0</Data>\n<Data Name=\"ModifyingUser\">S-1-5-18</Data>\n<Data Name=\"ModifyingApplication\">C:\\Windows\\System32\\oobe\\Setup.exe</Data>\n<Data Name=\"SchemaVersion\">522</Data>\n<Data Name=\"RuleStatus\">65536</Data>\n</EventData>\n</Event>\n"
  },
  {
    "EventID": 2004,
    "Timestamp": "2014-01-25 04:21:50.409939+00:00",
    "Computer": "37L4247F27-25",
    "Channel": "Microsoft-Windows-Windows Firewall With Advanced Security/Firewall",
    "Level": "Information",
    "EventData": {
      "RuleId": "NetPres-WSDEVNTS-Out-TCP",
      "RuleName": "Connect to a Network Projector (WSD EventsSecure-Out)",
      "Origin": "1",
      "ApplicationPath": "System",
      "ServiceName": "",
      "Direction": "2",
      "Protocol": "6",
      "LocalPorts": "*",
      "RemotePorts": "5358",
      "Action": "3",
      "Profiles": "6",
      "LocalAddresses": "*",
      "RemoteAddresses": "LocalSubnet",
      "RemoteMachineAuthorizationList": "",
      "RemoteUserAuthorizationList": "",
      "EmbeddedContext": "@FirewallAPI.dll,-31752",
      "Flags": "0",
      "Active": "0",
      "EdgeTraversal": "0",
      "LooseSourceMapped": "0",
      "SecurityOptions": "0",
      "ModifyingUser": "S-1-5-18",
      "ModifyingApplication": "C:\\Windows\\System32\\oobe\\Setup.exe",
      "SchemaVersion": "522",
      "RuleStatus": "65536"
    },
    "RawXml": "<Event xmlns=\"http://schemas.microsoft.com/win/2004/08/events/event\"><System><Provider Name=\"Microsoft-Windows-Windows Firewall With Advanced Security\" Guid=\"{d1bc9aff-2abf-4d71-9146-ecb2a986eb85}\"></Provider>\n<EventID Qualifiers=\"\">2004</EventID>\n<Version>0</Version>\n<Level>4</Level>\n<Task>0</Task>\n<Opcode>0</Opcode>\n<Keywords>0x8000020000000000</Keywords>\n<TimeCreated SystemTime=\"2014-01-25 04:21:50.409939+00:00\"></TimeCreated>\n<EventRecordID>24</EventRecordID>\n<Correlation ActivityID=\"\" RelatedActivityID=\"\"></Correlation>\n<Execution ProcessID=\"732\" ThreadID=\"1036\"></Execution>\n<Channel>Microsoft-Windows-Windows Firewall With Advanced Security/Firewall</Channel>\n<Computer>37L4247F27-25</Computer>\n<Security UserID=\"S-1-5-19\"></Security>\n</System>\n<EventData><Data Name=\"RuleId\">NetPres-WSDEVNTS-Out-TCP</Data>\n<Data Name=\"RuleName\">Connect to a Network Projector (WSD EventsSecure-Out)</Data>\n<Data Name=\"Origin\">1</Data>\n<Data Name=\"ApplicationPath\">System</Data>\n<Data Name=\"ServiceName\"></Data>\n<Data Name=\"Direction\">2</Data>\n<Data Name=\"Protocol\">6</Data>\n<Data Name=\"LocalPorts\">*</Data>\n<Data Name=\"RemotePorts\">5358</Data>\n<Data Name=\"Action\">3</Data>\n<Data Name=\"Profiles\">6</Data>\n<Data Name=\"LocalAddresses\">*</Data>\n<Data Name=\"RemoteAddresses\">LocalSubnet</Data>\n<Data Name=\"RemoteMachineAuthorizationList\"></Data>\n<Data Name=\"RemoteUserAuthorizationList\"></Data>\n<Data Name=\"EmbeddedContext\">@FirewallAPI.dll,-31752</Data>\n<Data Name=\"Flags\">0</Data>\n<Data Name=\"Active\">0</Data>\n<Data Name=\"EdgeTraversal\">0</Data>\n<Data Name=\"LooseSourceMapped\">0</Data>\n<Data Name=\"SecurityOptions\">0</Data>\n<Data Name=\"ModifyingUser\">S-1-5-18</Data>\n<Data Name=\"ModifyingApplication\">C:\\Windows\\System32\\oobe\\Setup.exe</Data>\n<Data Name=\"SchemaVersion\">522</Data>\n<Data Name=\"RuleStatus\">65536</Data>\n</EventData>\n</Event>\n"
  },
  {
    "EventID": 2004,
    "Timestamp": "2014-01-25 04:21:50.425539+00:00",
    "Computer": "37L4247F27-25",
    "Channel": "Microsoft-Windows-Windows Firewall With Advanced Security/Firewall",
    "Level": "Information",
    "EventData": {
      "RuleId": "WPDMTP-Out-TCP-NoScope",
      "RuleName": "Wireless Portable Devices (TCP-Out)",
      "Origin": "1",
      "ApplicationPath": "C:\\Windows\\system32\\wudfhost.exe",
      "ServiceName": "",
      "Direction": "2",
      "Protocol": "6",
      "LocalPorts": "*",
      "RemotePorts": "*",
      "Action": "3",
      "Profiles": "1",
      "LocalAddresses": "*",
      "RemoteAddresses": "*",
      "RemoteMachineAuthorizationList": "",
      "RemoteUserAuthorizationList": "",
      "EmbeddedContext": "@FirewallAPI.dll,-30502",
      "Flags": "0",
      "Active": "0",
      "EdgeTraversal": "0",
      "LooseSourceMapped": "0",
      "SecurityOptions": "0",
      "ModifyingUser": "S-1-5-18",
      "ModifyingApplication": "C:\\Windows\\System32\\oobe\\Setup.exe",
      "SchemaVersion": "522",
      "RuleStatus": "65536"
    },
    "RawXml": "<Event xmlns=\"http://schemas.microsoft.com/win/2004/08/events/event\"><System><Provider Name=\"Microsoft-Windows-Windows Firewall With Advanced Security\" Guid=\"{d1bc9aff-2abf-4d71-9146-ecb2a986eb85}\"></Provider>\n<EventID Qualifiers=\"\">2004</EventID>\n<Version>0</Version>\n<Level>4</Level>\n<Task>0</Task>\n<Opcode>0</Opcode>\n<Keywords>0x8000020000000000</Keywords>\n<TimeCreated SystemTime=\"2014-01-25 04:21:50.425539+00:00\"></TimeCreated>\n<EventRecordID>25</EventRecordID>\n<Correlation ActivityID=\"\" RelatedActivityID=\"\"></Correlation>\n<Execution ProcessID=\"732\" ThreadID=\"1036\"></Execution>\n<Channel>Microsoft-Windows-Windows Firewall With Advanced Security/Firewall</Channel>\n<Computer>37L4247F27-25</Computer>\n<Security UserID=\"S-1-5-19\"></Security>\n</System>\n<EventData><Data Name=\"RuleId\">WPDMTP-Out-TCP-NoScope</Data>\n<Data Name=\"RuleName\">Wireless Portable Devices (TCP-Out)</Data>\n<Data Name=\"Origin\">1</Data>\n<Data Name=\"ApplicationPath\">C:\\Windows\\system32\\wudfhost.exe</Data>\n<Data Name=\"ServiceName\"></Data>\n<Data Name=\"Direction\">2</Data>\n<Data Name=\"Protocol\">6</Data>\n<Data Name=\"LocalPorts\">*</Data>\n<Data Name=\"RemotePorts\">*</Data>\n<Data Name=\"Action\">3</Data>\n<Data Name=\"Profiles\">1</Data>\n<Data Name=\"LocalAddresses\">*</Data>\n<Data Name=\"RemoteAddresses\">*</Data>\n<Data Name=\"RemoteMachineAuthorizationList\"></Data>\n<Data Name=\"RemoteUserAuthorizationList\"></Data>\n<Data Name=\"EmbeddedContext\">@FirewallAPI.dll,-30502</Data>\n<Data Name=\"Flags\">0</Data>\n<Data Name=\"Active\">0</Data>\n<Data Name=\"EdgeTraversal\">0</Data>\n<Data Name=\"LooseSourceMapped\">0</Data>\n<Data Name=\"SecurityOptions\">0</Data>\n<Data Name=\"ModifyingUser\">S-1-5-18</Data>\n<Data Name=\"ModifyingApplication\">C:\\Windows\\System32\\oobe\\Setup.exe</Data>\n<Data Name=\"SchemaVersion\">522</Data>\n<Data Name=\"RuleStatus\">65536</Data>\n</EventData>\n</Event>\n"
  },
  {
    "EventID": 2004,
    "Timestamp": "2014-01-25 04:21:50.425539+00:00",
    "Computer": "37L4247F27-25",
    "Channel": "Microsoft-Windows-Windows Firewall With Advanced Security/Firewall",
    "Level": "Information",
    "EventData": {
      "RuleId": "WPDMTP-Out-TCP",
      "RuleName": "Wireless Portable Devices (TCP-Out)",
      "Origin": "1",
      "ApplicationPath": "C:\\Windows\\system32\\wudfhost.exe",
      "ServiceName": "",
      "Direction": "2",
      "Protocol": "6",
      "LocalPorts": "*",
      "RemotePorts": "*",
      "Action": "3",
      "Profiles": "6",
      "LocalAddresses": "*",
      "RemoteAddresses": "LocalSubnet",
      "RemoteMachineAuthorizationList": "",
      "RemoteUserAuthorizationList": "",
      "EmbeddedContext": "@FirewallAPI.dll,-30502",
      "Flags": "0",
      "Active": "0",
      "EdgeTraversal": "0",
      "LooseSourceMapped": "0",
      "SecurityOptions": "0",
      "ModifyingUser": "S-1-5-18",
      "ModifyingApplication": "C:\\Windows\\System32\\oobe\\Setup.exe",
      "SchemaVersion": "522",
      "RuleStatus": "65536"
    },
    "RawXml": "<Event xmlns=\"http://schemas.microsoft.com/win/2004/08/events/event\"><System><Provider Name=\"Microsoft-Windows-Windows Firewall With Advanced Security\" Guid=\"{d1bc9aff-2abf-4d71-9146-ecb2a986eb85}\"></Provider>\n<EventID Qualifiers=\"\">2004</EventID>\n<Version>0</Version>\n<Level>4</Level>\n<Task>0</Task>\n<Opcode>0</Opcode>\n<Keywords>0x8000020000000000</Keywords>\n<TimeCreated SystemTime=\"2014-01-25 04:21:50.425539+00:00\"></TimeCreated>\n<EventRecordID>26</EventRecordID>\n<Correlation ActivityID=\"\" RelatedActivityID=\"\"></Correlation>\n<Execution ProcessID=\"732\" ThreadID=\"1036\"></Execution>\n<Channel>Microsoft-Windows-Windows Firewall With Advanced Security/Firewall</Channel>\n<Computer>37L4247F27-25</Computer>\n<Security UserID=\"S-1-5-19\"></Security>\n</System>\n<EventData><Data Name=\"RuleId\">WPDMTP-Out-TCP</Data>\n<Data Name=\"RuleName\">Wireless Portable Devices (TCP-Out)</Data>\n<Data Name=\"Origin\">1</Data>\n<Data Name=\"ApplicationPath\">C:\\Windows\\system32\\wudfhost.exe</Data>\n<Data Name=\"ServiceName\"></Data>\n<Data Name=\"Direction\">2</Data>\n<Data Name=\"Protocol\">6</Data>\n<Data Name=\"LocalPorts\">*</Data>\n<Data Name=\"RemotePorts\">*</Data>\n<Data Name=\"Action\">3</Data>\n<Data Name=\"Profiles\">6</Data>\n<Data Name=\"LocalAddresses\">*</Data>\n<Data Name=\"RemoteAddresses\">LocalSubnet</Data>\n<Data Name=\"RemoteMachineAuthorizationList\"></Data>\n<Data Name=\"RemoteUserAuthorizationList\"></Data>\n<Data Name=\"EmbeddedContext\">@FirewallAPI.dll,-30502</Data>\n<Data Name=\"Flags\">0</Data>\n<Data Name=\"Active\">0</Data>\n<Data Name=\"EdgeTraversal\">0</Data>\n<Data Name=\"LooseSourceMapped\">0</Data>\n<Data Name=\"SecurityOptions\">0</Data>\n<Data Name=\"ModifyingUser\">S-1-5-18</Data>\n<Data Name=\"ModifyingApplication\">C:\\Windows\\System32\\oobe\\Setup.exe</Data>\n<Data Name=\"SchemaVersion\">522</Data>\n<Data Name=\"RuleStatus\">65536</Data>\n</EventData>\n</Event>\n"
  },
  {
    "EventID": 2004,
    "Timestamp": "2014-01-25 04:21:50.441139+00:00",
    "Computer": "37L4247F27-25",
    "Channel": "Microsoft-Windows-Windows Firewall With Advanced Security/Firewall",
    "Level": "Information",
    "EventData": {
      "RuleId": "WPDMTP-SSDPSrv-In-UDP",
      "RuleName": "Wireless Portable Devices (SSDP-In)",
      "Origin": "1",
      "ApplicationPath": "C:\\Windows\\system32\\svchost.exe",
      "ServiceName": "Ssdpsrv",
      "Direction": "1",
      "Protocol": "17",
      "LocalPorts": "1900",
      "RemotePorts": "*",
      "Action": "3",
      "Profiles": "2147483647",
      "LocalAddresses": "*",
      "RemoteAddresses": "LocalSubnet",
      "RemoteMachineAuthorizationList": "",
      "RemoteUserAuthorizationList": "",
      "EmbeddedContext": "@FirewallAPI.dll,-30502",
      "Flags": "0",
      "Active": "0",
      "EdgeTraversal": "0",
      "LooseSourceMapped": "0",
      "SecurityOptions": "0",
      "ModifyingUser": "S-1-5-18",
      "ModifyingApplication": "C:\\Windows\\System32\\oobe\\Setup.exe",
      "SchemaVersion": "522",
      "RuleStatus": "65536"
    },
    "RawXml": "<Event xmlns=\"http://schemas.microsoft.com/win/2004/08/events/event\"><System><Provider Name=\"Microsoft-Windows-Windows Firewall With Advanced Security\" Guid=\"{d1bc9aff-2abf-4d71-9146-ecb2a986eb85}\"></Provider>\n<EventID Qualifiers=\"\">2004</EventID>\n<Version>0</Version>\n<Level>4</Level>\n<Task>0</Task>\n<Opcode>0</Opcode>\n<Keywords>0x8000020000000000</Keywords>\n<TimeCreated SystemTime=\"2014-01-25 04:21:50.441139+00:00\"></TimeCreated>\n<EventRecordID>27</EventRecordID>\n<Correlation ActivityID=\"\" RelatedActivityID=\"\"></Correlation>\n<Execution ProcessID=\"732\" ThreadID=\"1036\"></Execution>\n<Channel>Microsoft-Windows-Windows Firewall With Advanced Security/Firewall</Channel>\n<Computer>37L4247F27-25</Computer>\n<Security UserID=\"S-1-5-19\"></Security>\n</System>\n<EventData><Data Name=\"RuleId\">WPDMTP-SSDPSrv-In-UDP</Data>\n<Data Name=\"RuleName\">Wireless Portable Devices (SSDP-In)</Data>\n<Data Name=\"Origin\">1</Data>\n<Data Name=\"ApplicationPath\">C:\\Windows\\system32\\svchost.exe</Data>\n<Data Name=\"ServiceName\">Ssdpsrv</Data>\n<Data Name=\"Direction\">1</Data>\n<Data Name=\"Protocol\">17</Data>\n<Data Name=\"LocalPorts\">1900</Data>\n<Data Name=\"RemotePorts\">*</Data>\n<Data Name=\"Action\">3</Data>\n<Data Name=\"Profiles\">2147483647</Data>\n<Data Name=\"LocalAddresses\">*</Data>\n<Data Name=\"RemoteAddresses\">LocalSubnet</Data>\n<Data Name=\"RemoteMachineAuthorizationList\"></Data>\n<Data Name=\"RemoteUserAuthorizationList\"></Data>\n<Data Name=\"EmbeddedContext\">@FirewallAPI.dll,-30502</Data>\n<Data Name=\"Flags\">0</Data>\n<Data Name=\"Active\">0</Data>\n<Data Name=\"EdgeTraversal\">0</Data>\n<Data Name=\"LooseSourceMapped\">0</Data>\n<Data Name=\"SecurityOptions\">0</Data>\n<Data Name=\"ModifyingUser\">S-1-5-18</Data>\n<Data Name=\"ModifyingApplication\">C:\\Windows\\System32\\oobe\\Setup.exe</Data>\n<Data Name=\"SchemaVersion\">522</Data>\n<Data Name=\"RuleStatus\">65536</Data>\n</EventData>\n</Event>\n"
  },
  {
    "EventID": 2004,
    "Timestamp": "2014-01-25 04:21:50.441139+00:00",
    "Computer": "37L4247F27-25",
    "Channel": "Microsoft-Windows-Windows Firewall With Advanced Security/Firewall",
    "Level": "Information",
    "EventData": {
      "RuleId": "WPDMTP-SSDPSrv-Out-UDP",
      "RuleName": "Wireless Portable Devices (SSDP-Out)",
      "Origin": "1",
      "ApplicationPath": "C:\\Windows\\system32\\svchost.exe",
      "ServiceName": "Ssdpsrv",
      "Direction": "2",
      "Protocol": "17",
      "LocalPorts": "*",
      "RemotePorts": "1900",
      "Action": "3",
      "Profiles": "2147483647",
      "LocalAddresses": "*",
      "RemoteAddresses": "LocalSubnet",
      "RemoteMachineAuthorizationList": "",
      "RemoteUserAuthorizationList": "",
      "EmbeddedContext": "@FirewallAPI.dll,-30502",
      "Flags": "0",
      "Active": "0",
      "EdgeTraversal": "0",
      "LooseSourceMapped": "0",
      "SecurityOptions": "0",
      "ModifyingUser": "S-1-5-18",
      "ModifyingApplication": "C:\\Windows\\System32\\oobe\\Setup.exe",
      "SchemaVersion": "522",
      "RuleStatus": "65536"
    },
    "RawXml": "<Event xmlns=\"http://schemas.microsoft.com/win/2004/08/events/event\"><System><Provider Name=\"Microsoft-Windows-Windows Firewall With Advanced Security\" Guid=\"{d1bc9aff-2abf-4d71-9146-ecb2a986eb85}\"></Provider>\n<EventID Qualifiers=\"\">2004</EventID>\n<Version>0</Version>\n<Level>4</Level>\n<Task>0</Task>\n<Opcode>0</Opcode>\n<Keywords>0x8000020000000000</Keywords>\n<TimeCreated SystemTime=\"2014-01-25 04:21:50.441139+00:00\"></TimeCreated>\n<EventRecordID>28</EventRecordID>\n<Correlation ActivityID=\"\" RelatedActivityID=\"\"></Correlation>\n<Execution ProcessID=\"732\" ThreadID=\"1036\"></Execution>\n<Channel>Microsoft-Windows-Windows Firewall With Advanced Security/Firewall</Channel>\n<Computer>37L4247F27-25</Computer>\n<Security UserID=\"S-1-5-19\"></Security>\n</System>\n<EventData><Data Name=\"RuleId\">WPDMTP-SSDPSrv-Out-UDP</Data>\n<Data Name=\"RuleName\">Wireless Portable Devices (SSDP-Out)</Data>\n<Data Name=\"Origin\">1</Data>\n<Data Name=\"ApplicationPath\">C:\\Windows\\system32\\svchost.exe</Data>\n<Data Name=\"ServiceName\">Ssdpsrv</Data>\n<Data Name=\"Direction\">2</Data>\n<Data Name=\"Protocol\">17</Data>\n<Data Name=\"LocalPorts\">*</Data>\n<Data Name=\"RemotePorts\">1900</Data>\n<Data Name=\"Action\">3</Data>\n<Data Name=\"Profiles\">2147483647</Data>\n<Data Name=\"LocalAddresses\">*</Data>\n<Data Name=\"RemoteAddresses\">LocalSubnet</Data>\n<Data Name=\"RemoteMachineAuthorizationList\"></Data>\n<Data Name=\"RemoteUserAuthorizationList\"></Data>\n<Data Name=\"EmbeddedContext\">@FirewallAPI.dll,-30502</Data>\n<Data Name=\"Flags\">0</Data>\n<Data Name=\"Active\">0</Data>\n<Data Name=\"EdgeTraversal\">0</Data>\n<Data Name=\"LooseSourceMapped\">0</Data>\n<Data Name=\"SecurityOptions\">0</Data>\n<Data Name=\"ModifyingUser\">S-1-5-18</Data>\n<Data Name=\"ModifyingApplication\">C:\\Windows\\System32\\oobe\\Setup.exe</Data>\n<Data Name=\"SchemaVersion\">522</Data>\n<Data Name=\"RuleStatus\">65536</Data>\n</EventData>\n</Event>\n"
  },
  {
    "EventID": 2004,
    "Timestamp": "2014-01-25 04:21:50.441139+00:00",
    "Computer": "37L4247F27-25",
    "Channel": "Microsoft-Windows-Windows Firewall With Advanced Security/Firewall",
    "Level": "Information",
    "EventData": {
      "RuleId": "WPDMTP-UPnPHost-In-TCP",
      "RuleName": "Wireless Portable Devices (UPnP-In)",
      "Origin": "1",
      "ApplicationPath": "System",
      "ServiceName": "",
      "Direction": "1",
      "Protocol": "6",
      "LocalPorts": "2869",
      "RemotePorts": "*",
      "Action": "3",
      "Profiles": "2147483647",
      "LocalAddresses": "*",
      "RemoteAddresses": "LocalSubnet",
      "RemoteMachineAuthorizationList": "",
      "RemoteUserAuthorizationList": "",
      "EmbeddedContext": "@FirewallAPI.dll,-30502",
      "Flags": "0",
      "Active": "0",
      "EdgeTraversal": "0",
      "LooseSourceMapped": "0",
      "SecurityOptions": "0",
      "ModifyingUser": "S-1-5-18",
      "ModifyingApplication": "C:\\Windows\\System32\\oobe\\Setup.exe",
      "SchemaVersion": "522",
      "RuleStatus": "65536"
    },
    "RawXml": "<Event xmlns=\"http://schemas.microsoft.com/win/2004/08/events/event\"><System><Provider Name=\"Microsoft-Windows-Windows Firewall With Advanced Security\" Guid=\"{d1bc9aff-2abf-4d71-9146-ecb2a986eb85}\"></Provider>\n<EventID Qualifiers=\"\">2004</EventID>\n<Version>0</Version>\n<Level>4</Level>\n<Task>0</Task>\n<Opcode>0</Opcode>\n<Keywords>0x8000020000000000</Keywords>\n<TimeCreated SystemTime=\"2014-01-25 04:21:50.441139+00:00\"></TimeCreated>\n<EventRecordID>29</EventRecordID>\n<Correlation ActivityID=\"\" RelatedActivityID=\"\"></Correlation>\n<Execution ProcessID=\"732\" ThreadID=\"1444\"></Execution>\n<Channel>Microsoft-Windows-Windows Firewall With Advanced Security/Firewall</Channel>\n<Computer>37L4247F27-25</Computer>\n<Security UserID=\"S-1-5-19\"></Security>\n</System>\n<EventData><Data Name=\"RuleId\">WPDMTP-UPnPHost-In-TCP</Data>\n<Data Name=\"RuleName\">Wireless Portable Devices (UPnP-In)</Data>\n<Data Name=\"Origin\">1</Data>\n<Data Name=\"ApplicationPath\">System</Data>\n<Data Name=\"ServiceName\"></Data>\n<Data Name=\"Direction\">1</Data>\n<Data Name=\"Protocol\">6</Data>\n<Data Name=\"LocalPorts\">2869</Data>\n<Data Name=\"RemotePorts\">*</Data>\n<Data Name=\"Action\">3</Data>\n<Data Name=\"Profiles\">2147483647</Data>\n<Data Name=\"LocalAddresses\">*</Data>\n<Data Name=\"RemoteAddresses\">LocalSubnet</Data>\n<Data Name=\"RemoteMachineAuthorizationList\"></Data>\n<Data Name=\"RemoteUserAuthorizationList\"></Data>\n<Data Name=\"EmbeddedContext\">@FirewallAPI.dll,-30502</Data>\n<Data Name=\"Flags\">0</Data>\n<Data Name=\"Active\">0</Data>\n<Data Name=\"EdgeTraversal\">0</Data>\n<Data Name=\"LooseSourceMapped\">0</Data>\n<Data Name=\"SecurityOptions\">0</Data>\n<Data Name=\"ModifyingUser\">S-1-5-18</Data>\n<Data Name=\"ModifyingApplication\">C:\\Windows\\System32\\oobe\\Setup.exe</Data>\n<Data Name=\"SchemaVersion\">522</Data>\n<Data Name=\"RuleStatus\">65536</Data>\n</EventData>\n</Event>\n"
  },
  {
    "EventID": 2004,
    "Timestamp": "2014-01-25 04:21:50.456739+00:00",
    "Computer": "37L4247F27-25",
    "Channel": "Microsoft-Windows-Windows Firewall With Advanced Security/Firewall",
    "Level": "Information",
    "EventData": {
      "RuleId": "WPDMTP-UPnPHost-Out-TCP",
      "RuleName": "Wireless Portable Devices (UPnP-Out)",
      "Origin": "1",
      "ApplicationPath": "C:\\Windows\\system32\\svchost.exe",
      "ServiceName": "fdphost",
      "Direction": "2",
      "Protocol": "6",
      "LocalPorts": "*",
      "RemotePorts": "*",
      "Action": "3",
      "Profiles": "2147483647",
      "LocalAddresses": "*",
      "RemoteAddresses": "LocalSubnet",
      "RemoteMachineAuthorizationList": "",
      "RemoteUserAuthorizationList": "",
      "EmbeddedContext": "@FirewallAPI.dll,-30502",
      "Flags": "0",
      "Active": "0",
      "EdgeTraversal": "0",
      "LooseSourceMapped": "0",
      "SecurityOptions": "0",
      "ModifyingUser": "S-1-5-18",
      "ModifyingApplication": "C:\\Windows\\System32\\oobe\\Setup.exe",
      "SchemaVersion": "522",
      "RuleStatus": "65536"
    },
    "RawXml": "<Event xmlns=\"http://schemas.microsoft.com/win/2004/08/events/event\"><System><Provider Name=\"Microsoft-Windows-Windows Firewall With Advanced Security\" Guid=\"{d1bc9aff-2abf-4d71-9146-ecb2a986eb85}\"></Provider>\n<EventID Qualifiers=\"\">2004</EventID>\n<Version>0</Version>\n<Level>4</Level>\n<Task>0</Task>\n<Opcode>0</Opcode>\n<Keywords>0x8000020000000000</Keywords>\n<TimeCreated SystemTime=\"2014-01-25 04:21:50.456739+00:00\"></TimeCreated>\n<EventRecordID>30</EventRecordID>\n<Correlation ActivityID=\"\" RelatedActivityID=\"\"></Correlation>\n<Execution ProcessID=\"732\" ThreadID=\"1444\"></Execution>\n<Channel>Microsoft-Windows-Windows Firewall With Advanced Security/Firewall</Channel>\n<Computer>37L4247F27-25</Computer>\n<Security UserID=\"S-1-5-19\"></Security>\n</System>\n<EventData><Data Name=\"RuleId\">WPDMTP-UPnPHost-Out-TCP</Data>\n<Data Name=\"RuleName\">Wireless Portable Devices (UPnP-Out)</Data>\n<Data Name=\"Origin\">1</Data>\n<Data Name=\"ApplicationPath\">C:\\Windows\\system32\\svchost.exe</Data>\n<Data Name=\"ServiceName\">fdphost</Data>\n<Data Name=\"Direction\">2</Data>\n<Data Name=\"Protocol\">6</Data>\n<Data Name=\"LocalPorts\">*</Data>\n<Data Name=\"RemotePorts\">*</Data>\n<Data Name=\"Action\">3</Data>\n<Data Name=\"Profiles\">2147483647</Data>\n<Data Name=\"LocalAddresses\">*</Data>\n<Data Name=\"RemoteAddresses\">LocalSubnet</Data>\n<Data Name=\"RemoteMachineAuthorizationList\"></Data>\n<Data Name=\"RemoteUserAuthorizationList\"></Data>\n<Data Name=\"EmbeddedContext\">@FirewallAPI.dll,-30502</Data>\n<Data Name=\"Flags\">0</Data>\n<Data Name=\"Active\">0</Data>\n<Data Name=\"EdgeTraversal\">0</Data>\n<Data Name=\"LooseSourceMapped\">0</Data>\n<Data Name=\"SecurityOptions\">0</Data>\n<Data Name=\"ModifyingUser\">S-1-5-18</Data>\n<Data Name=\"ModifyingApplication\">C:\\Windows\\System32\\oobe\\Setup.exe</Data>\n<Data Name=\"SchemaVersion\">522</Data>\n<Data Name=\"RuleStatus\">65536</Data>\n</EventData>\n</Event>\n"
  },
  {
    "EventID": 2004,
    "Timestamp": "2014-01-25 04:21:50.456739+00:00",
    "Computer": "37L4247F27-25",
    "Channel": "Microsoft-Windows-Windows Firewall With Advanced Security/Firewall",
    "Level": "Information",
    "EventData": {
      "RuleId": "WPDMTP-UPnP-Out-TCP",
      "RuleName": "Wireless Portable Devices (UPnPHost-Out)",
      "Origin": "1",
      "ApplicationPath": "C:\\Windows\\system32\\svchost.exe",
      "ServiceName": "upnphost",
      "Direction": "2",
      "Protocol": "6",
      "LocalPorts": "*",
      "RemotePorts": "*",
      "Action": "3",
      "Profiles": "2147483647",
      "LocalAddresses": "*",
      "RemoteAddresses": "LocalSubnet",
      "RemoteMachineAuthorizationList": "",
      "RemoteUserAuthorizationList": "",
      "EmbeddedContext": "@FirewallAPI.dll,-30502",
      "Flags": "0",
      "Active": "0",
      "EdgeTraversal": "0",
      "LooseSourceMapped": "0",
      "SecurityOptions": "0",
      "ModifyingUser": "S-1-5-18",
      "ModifyingApplication": "C:\\Windows\\System32\\oobe\\Setup.exe",
      "SchemaVersion": "522",
      "RuleStatus": "65536"
    },
    "RawXml": "<Event xmlns=\"http://schemas.microsoft.com/win/2004/08/events/event\"><System><Provider Name=\"Microsoft-Windows-Windows Firewall With Advanced Security\" Guid=\"{d1bc9aff-2abf-4d71-9146-ecb2a986eb85}\"></Provider>\n<EventID Qualifiers=\"\">2004</EventID>\n<Version>0</Version>\n<Level>4</Level>\n<Task>0</Task>\n<Opcode>0</Opcode>\n<Keywords>0x8000020000000000</Keywords>\n<TimeCreated SystemTime=\"2014-01-25 04:21:50.456739+00:00\"></TimeCreated>\n<EventRecordID>31</EventRecordID>\n<Correlation ActivityID=\"\" RelatedActivityID=\"\"></Correlation>\n<Execution ProcessID=\"732\" ThreadID=\"1444\"></Execution>\n<Channel>Microsoft-Windows-Windows Firewall With Advanced Security/Firewall</Channel>\n<Computer>37L4247F27-25</Computer>\n<Security UserID=\"S-1-5-19\"></Security>\n</System>\n<EventData><Data Name=\"RuleId\">WPDMTP-UPnP-Out-TCP</Data>\n<Data Name=\"RuleName\">Wireless Portable Devices (UPnPHost-Out)</Data>\n<Data Name=\"Origin\">1</Data>\n<Data Name=\"ApplicationPath\">C:\\Windows\\system32\\svchost.exe</Data>\n<Data Name=\"ServiceName\">upnphost</Data>\n<Data Name=\"Direction\">2</Data>\n<Data Name=\"Protocol\">6</Data>\n<Data Name=\"LocalPorts\">*</Data>\n<Data Name=\"RemotePorts\">*</Data>\n<Data Name=\"Action\">3</Data>\n<Data Name=\"Profiles\">2147483647</Data>\n<Data Name=\"LocalAddresses\">*</Data>\n<Data Name=\"RemoteAddresses\">LocalSubnet</Data>\n<Data Name=\"RemoteMachineAuthorizationList\"></Data>\n<Data Name=\"RemoteUserAuthorizationList\"></Data>\n<Data Name=\"EmbeddedContext\">@FirewallAPI.dll,-30502</Data>\n<Data Name=\"Flags\">0</Data>\n<Data Name=\"Active\">0</Data>\n<Data Name=\"EdgeTraversal\">0</Data>\n<Data Name=\"LooseSourceMapped\">0</Data>\n<Data Name=\"SecurityOptions\">0</Data>\n<Data Name=\"ModifyingUser\">S-1-5-18</Data>\n<Data Name=\"ModifyingApplication\">C:\\Windows\\System32\\oobe\\Setup.exe</Data>\n<Data Name=\"SchemaVersion\">522</Data>\n<Data Name=\"RuleStatus\">65536</Data>\n</EventData>\n</Event>\n"
  },
  {
    "EventID": 2004,
    "Timestamp": "2014-01-25 04:21:50.472338+00:00",
    "Computer": "37L4247F27-25",
    "Channel": "Microsoft-Windows-Windows Firewall With Advanced Security/Firewall",
    "Level": "Information",
    "EventData": {
      "RuleId": "MCX-SSDPSrv-In-UDP",
      "RuleName": "Media Center Extenders - SSDP (UDP-In)",
      "Origin": "1",
      "ApplicationPath": "C:\\Windows\\system32\\svchost.exe",
      "ServiceName": "Ssdpsrv",
      "Direction": "1",
      "Protocol": "17",
      "LocalPorts": "1900",
      "RemotePorts": "*",
      "Action": "3",
      "Profiles": "2147483647",
      "LocalAddresses": "*",
      "RemoteAddresses": "LocalSubnet",
      "RemoteMachineAuthorizationList": "",
      "RemoteUserAuthorizationList": "",
      "EmbeddedContext": "@FirewallAPI.dll,-30752",
      "Flags": "0",
      "Active": "0",
      "EdgeTraversal": "0",
      "LooseSourceMapped": "0",
      "SecurityOptions": "0",
      "ModifyingUser": "S-1-5-18",
      "ModifyingApplication": "C:\\Windows\\System32\\oobe\\Setup.exe",
      "SchemaVersion": "522",
      "RuleStatus": "65536"
    },
    "RawXml": "<Event xmlns=\"http://schemas.microsoft.com/win/2004/08/events/event\"><System><Provider Name=\"Microsoft-Windows-Windows Firewall With Advanced Security\" Guid=\"{d1bc9aff-2abf-4d71-9146-ecb2a986eb85}\"></Provider>\n<EventID Qualifiers=\"\">2004</EventID>\n<Version>0</Version>\n<Level>4</Level>\n<Task>0</Task>\n<Opcode>0</Opcode>\n<Keywords>0x8000020000000000</Keywords>\n<TimeCreated SystemTime=\"2014-01-25 04:21:50.472338+00:00\"></TimeCreated>\n<EventRecordID>32</EventRecordID>\n<Correlation ActivityID=\"\" RelatedActivityID=\"\"></Correlation>\n<Execution ProcessID=\"732\" ThreadID=\"1444\"></Execution>\n<Channel>Microsoft-Windows-Windows Firewall With Advanced Security/Firewall</Channel>\n<Computer>37L4247F27-25</Computer>\n<Security UserID=\"S-1-5-19\"></Security>\n</System>\n<EventData><Data Name=\"RuleId\">MCX-SSDPSrv-In-UDP</Data>\n<Data Name=\"RuleName\">Media Center Extenders - SSDP (UDP-In)</Data>\n<Data Name=\"Origin\">1</Data>\n<Data Name=\"ApplicationPath\">C:\\Windows\\system32\\svchost.exe</Data>\n<Data Name=\"ServiceName\">Ssdpsrv</Data>\n<Data Name=\"Direction\">1</Data>\n<Data Name=\"Protocol\">17</Data>\n<Data Name=\"LocalPorts\">1900</Data>\n<Data Name=\"RemotePorts\">*</Data>\n<Data Name=\"Action\">3</Data>\n<Data Name=\"Profiles\">2147483647</Data>\n<Data Name=\"LocalAddresses\">*</Data>\n<Data Name=\"RemoteAddresses\">LocalSubnet</Data>\n<Data Name=\"RemoteMachineAuthorizationList\"></Data>\n<Data Name=\"RemoteUserAuthorizationList\"></Data>\n<Data Name=\"EmbeddedContext\">@FirewallAPI.dll,-30752</Data>\n<Data Name=\"Flags\">0</Data>\n<Data Name=\"Active\">0</Data>\n<Data Name=\"EdgeTraversal\">0</Data>\n<Data Name=\"LooseSourceMapped\">0</Data>\n<Data Name=\"SecurityOptions\">0</Data>\n<Data Name=\"ModifyingUser\">S-1-5-18</Data>\n<Data Name=\"ModifyingApplication\">C:\\Windows\\System32\\oobe\\Setup.exe</Data>\n<Data Name=\"SchemaVersion\">522</Data>\n<Data Name=\"RuleStatus\">65536</Data>\n</EventData>\n</Event>\n"
  },
  {
    "EventID": 2004,
    "Timestamp": "2014-01-25 04:21:50.487938+00:00",
    "Computer": "37L4247F27-25",
    "Channel": "Microsoft-Windows-Windows Firewall With Advanced Security/Firewall",
    "Level": "Information",
    "EventData": {
      "RuleId": "MCX-SSDPSrv-Out-UDP",
      "RuleName": "Media Center Extenders - SSDP (UDP-Out)",
      "Origin": "1",
      "ApplicationPath": "C:\\Windows\\system32\\svchost.exe",
      "ServiceName": "Ssdpsrv",
      "Direction": "2",
      "Protocol": "17",
      "LocalPorts": "*",
      "RemotePorts": "1900",
      "Action": "3",
      "Profiles": "2147483647",
      "LocalAddresses": "*",
      "RemoteAddresses": "LocalSubnet",
      "RemoteMachineAuthorizationList": "",
      "RemoteUserAuthorizationList": "",
      "EmbeddedContext": "@FirewallAPI.dll,-30752",
      "Flags": "0",
      "Active": "0",
      "EdgeTraversal": "0",
      "LooseSourceMapped": "0",
      "SecurityOptions": "0",
      "ModifyingUser": "S-1-5-18",
      "ModifyingApplication": "C:\\Windows\\System32\\oobe\\Setup.exe",
      "SchemaVersion": "522",
      "RuleStatus": "65536"
    },
    "RawXml": "<Event xmlns=\"http://schemas.microsoft.com/win/2004/08/events/event\"><System><Provider Name=\"Microsoft-Windows-Windows Firewall With Advanced Security\" Guid=\"{d1bc9aff-2abf-4d71-9146-ecb2a986eb85}\"></Provider>\n<EventID Qualifiers=\"\">2004</EventID>\n<Version>0</Version>\n<Level>4</Level>\n<Task>0</Task>\n<Opcode>0</Opcode>\n<Keywords>0x8000020000000000</Keywords>\n<TimeCreated SystemTime=\"2014-01-25 04:21:50.487938+00:00\"></TimeCreated>\n<EventRecordID>33</EventRecordID>\n<Correlation ActivityID=\"\" RelatedActivityID=\"\"></Correlation>\n<Execution ProcessID=\"732\" ThreadID=\"1444\"></Execution>\n<Channel>Microsoft-Windows-Windows Firewall With Advanced Security/Firewall</Channel>\n<Computer>37L4247F27-25</Computer>\n<Security UserID=\"S-1-5-19\"></Security>\n</System>\n<EventData><Data Name=\"RuleId\">MCX-SSDPSrv-Out-UDP</Data>\n<Data Name=\"RuleName\">Media Center Extenders - SSDP (UDP-Out)</Data>\n<Data Name=\"Origin\">1</Data>\n<Data Name=\"ApplicationPath\">C:\\Windows\\system32\\svchost.exe</Data>\n<Data Name=\"ServiceName\">Ssdpsrv</Data>\n<Data Name=\"Direction\">2</Data>\n<Data Name=\"Protocol\">17</Data>\n<Data Name=\"LocalPorts\">*</Data>\n<Data Name=\"RemotePorts\">1900</Data>\n<Data Name=\"Action\">3</Data>\n<Data Name=\"Profiles\">2147483647</Data>\n<Data Name=\"LocalAddresses\">*</Data>\n<Data Name=\"RemoteAddresses\">LocalSubnet</Data>\n<Data Name=\"RemoteMachineAuthorizationList\"></Data>\n<Data Name=\"RemoteUserAuthorizationList\"></Data>\n<Data Name=\"EmbeddedContext\">@FirewallAPI.dll,-30752</Data>\n<Data Name=\"Flags\">0</Data>\n<Data Name=\"Active\">0</Data>\n<Data Name=\"EdgeTraversal\">0</Data>\n<Data Name=\"LooseSourceMapped\">0</Data>\n<Data Name=\"SecurityOptions\">0</Data>\n<Data Name=\"ModifyingUser\">S-1-5-18</Data>\n<Data Name=\"ModifyingApplication\">C:\\Windows\\System32\\oobe\\Setup.exe</Data>\n<Data Name=\"SchemaVersion\">522</Data>\n<Data Name=\"RuleStatus\">65536</Data>\n</EventData>\n</Event>\n"
  },
