[
  {
    "EventID": 900,
    "Timestamp": "2014-01-25 16:17:52.481133+00:00",
    "Computer": "IACIS-HDD-2014",
    "Channel": "Microsoft-Windows-Application-Experience/Program-Inventory",
    "Level": "Information",
    "EventData": {},
    "RawXml": "<Event xmlns=\"http://schemas.microsoft.com/win/2004/08/events/event\"><System><Provider Name=\"Microsoft-Windows-Application-Experience\" Guid=\"{eef54e71-0661-422d-9a98-82fd4940b820}\"></Provider>\n<EventID Qualifiers=\"\">900</EventID>\n<Version>0</Version>\n<Level>4</Level>\n<Task>0</Task>\n<Opcode>0</Opcode>\n<Keywords>0x0800000000000000</Keywords>\n<TimeCreated SystemTime=\"2014-01-25 16:17:52.481133+00:00\"></TimeCreated>\n<EventRecordID>1</EventRecordID>\n<Correlation ActivityID=\"\" RelatedActivityID=\"\"></Correlation>\n<Execution ProcessID=\"2952\" ThreadID=\"1944\"></Execution>\n<Channel>Microsoft-Windows-Application-Experience/Program-Inventory</Channel>\n<Computer>IACIS-HDD-2014</Computer>\n<Security UserID=\"S-1-5-18\"></Security>\n</System>\n<UserData><IEAddOnChangeInfoEvent xmlns:auto-ns2=\"http://schemas.microsoft.com/win/2004/08/events\" xmlns=\"http://www.microsoft.com/Windows/Diagnosis/PDU/events\"><Name>XML HTTP</Name>\n<Type>ActiveX</Type>\n<Publisher>Microsoft Corporation</Publisher>\n<CLSID>{f6d90f16-9c73-11d3-b32e-00c04f990bb4}</CLSID>\n<FileName>msxml3.dll</FileName>\n<FileID>0000d9f90bf62d40aa4daf347814253f6c4e9f9365e7</FileID>\n<Language>0</Language>\n<FileVersion>8.110.7601.17988</FileVersion>\n</IEAddOnChangeInfoEvent>\n</UserData>\n</Event>\n"
  },
  {
    "EventID": 900,
    "Timestamp": "2014-01-25 16:17:52.481133+00:00",
    "Computer": "IACIS-HDD-2014",
    "Channel": "Microsoft-Windows-Application-Experience/Program-Inventory",
    "Level": "Information",
    "EventData": {},
    "RawXml": "<Event xmlns=\"http://schemas.microsoft.com/win/2004/08/events/event\"><System><Provider Name=\"Microsoft-Windows-Application-Experience\" Guid=\"{eef54e71-0661-422d-9a98-82fd4940b820}\"></Provider>\n<EventID Qualifiers=\"\">900</EventID>\n<Version>0</Version>\n<Level>4</Level>\n<Task>0</Task>\n<Opcode>0</Opcode>\n<Keywords>0x0800000000000000</Keywords>\n<TimeCreated SystemTime=\"2014-01-25 16:17:52.481133+00:00\"></TimeCreated>\n<EventRecordID>2</EventRecordID>\n<Correlation ActivityID=\"\" RelatedActivityID=\"\"></Correlation>\n<Execution ProcessID=\"2952\" ThreadID=\"1944\"></Execution>\n<Channel>Microsoft-Windows-Application-Experience/Program-Inventory</Channel>\n<Computer>IACIS-HDD-2014</Computer>\n<Security UserID=\"S-1-5-18\"></Security>\n</System>\n<UserData><IEAddOnChangeInfoEvent xmlns:auto-ns2=\"http://schemas.microsoft.com/win/2004/08/events\" xmlns=\"http://www.microsoft.com/Windows/Diagnosis/PDU/events\"><Name>XML Data Source Object</Name>\n<Type>ActiveX</Type>\n<Publisher>Microsoft Corporation</Publisher>\n<CLSID>{f6d90f14-9c73-11d3-b32e-00c04f990bb4}</CLSID>\n<FileName>msxml3.dll</FileName>\n<FileID>0000d9f90bf62d40aa4daf347814253f6c4e9f9365e7</FileID>\n<Language>0</Language>\n<FileVersion>8.110.7601.17988</FileVersion>\n</IEAddOnChangeInfoEvent>\n</UserData>\n</Event>\n"
  },
  {
    "EventID": 900,
    "Timestamp": "2014-01-25 16:17:52.481133+00:00",
    "Computer": "IACIS-HDD-2014",
    "Channel": "Microsoft-Windows-Application-Experience/Program-Inventory",
    "Level": "Information",
    "EventData": {},
    "RawXml": "<Event xmlns=\"http://schemas.microsoft.com/win/2004/08/events/event\"><System><Provider Name=\"Microsoft-Windows-Application-Experience\" Guid=\"{eef54e71-0661-422d-9a98-82fd4940b820}\"></Provider>\n<EventID Qualifiers=\"\">900</EventID>\n<Version>0</Version>\n<Level>4</Level>\n<Task>0</Task>\n<Opcode>0</Opcode>\n<Keywords>0x0800000000000000</Keywords>\n<TimeCreated SystemTime=\"2014-01-25 16:17:52.481133+00:00\"></TimeCreated>\n<EventRecordID>3</EventRecordID>\n<Correlation ActivityID=\"\" RelatedActivityID=\"\"></Correlation>\n<Execution ProcessID=\"2952\" ThreadID=\"1944\"></Execution>\n<Channel>Microsoft-Windows-Application-Experience/Program-Inventory</Channel>\n<Computer>IACIS-HDD-2014</Computer>\n<Security UserID=\"S-1-5-18\"></Security>\n</System>\n<UserData><IEAddOnChangeInfoEvent xmlns:auto-ns2=\"http://schemas.microsoft.com/win/2004/08/events\" xmlns=\"http://www.microsoft.com/Windows/Diagnosis/PDU/events\"><Name>Free Threaded XML DOM Document</Name>\n<Type>ActiveX</Type>\n<Publisher>Microsoft Corporation</Publisher>\n<CLSID>{f6d90f12-9c73-11d3-b32e-00c04f990bb4}</CLSID>\n<FileName>msxml3.dll</FileName>\n<FileID>0000d9f90bf62d40aa4daf347814253f6c4e9f9365e7</FileID>\n<Language>0</Language>\n<FileVersion>8.110.7601.17988</FileVersion>\n</IEAddOnChangeInfoEvent>\n</UserData>\n</Event>\n"
  },
  {
    "EventID": 900,
    "Timestamp": "2014-01-25 16:17:52.481133+00:00",
    "Computer": "IACIS-HDD-2014",
    "Channel": "Microsoft-Windows-Application-Experience/Program-Inventory",
    "Level": "Information",
    "EventData": {},
    "RawXml": "<Event xmlns=\"http://schemas.microsoft.com/win/2004/08/events/event\"><System><Provider Name=\"Microsoft-Windows-Application-Experience\" Guid=\"{eef54e71-0661-422d-9a98-82fd4940b820}\"></Provider>\n<EventID Qualifiers=\"\">900</EventID>\n<Version>0</Version>\n<Level>4</Level>\n<Task>0</Task>\n<Opcode>0</Opcode>\n<Keywords>0x0800000000000000</Keywords>\n<TimeCreated SystemTime=\"2014-01-25 16:17:52.481133+00:00\"></TimeCreated>\n<EventRecordID>4</EventRecordID>\n<Correlation ActivityID=\"\" RelatedActivityID=\"\"></Correlation>\n<Execution ProcessID=\"2952\" ThreadID=\"1944\"></Execution>\n<Channel>Microsoft-Windows-Application-Experience/Program-Inventory</Channel>\n<Computer>IACIS-HDD-2014</Computer>\n<Security UserID=\"S-1-5-18\"></Security>\n</System>\n<UserData><IEAddOnChangeInfoEvent xmlns:auto-ns2=\"http://schemas.microsoft.com/win/2004/08/events\" xmlns=\"http://www.microsoft.com/Windows/Diagnosis/PDU/events\"><Name>XML DOM Document</Name>\n<Type>ActiveX</Type>\n<Publisher>Microsoft Corporation</Publisher>\n<CLSID>{f6d90f11-9c73-11d3-b32e-00c04f990bb4}</CLSID>\n<FileName>msxml3.dll</FileName>\n<FileID>0000d9f90bf62d40aa4daf347814253f6c4e9f9365e7</FileID>\n<Language>0</Language>\n<FileVersion>8.110.7601.17988</FileVersion>\n</IEAddOnChangeInfoEvent>\n</UserData>\n</Event>\n"
  },
  {
    "EventID": 900,
    "Timestamp": "2014-01-25 16:17:52.481133+00:00",
    "Computer": "IACIS-HDD-2014",
    "Channel": "Microsoft-Windows-Application-Experience/Program-Inventory",
    "Level": "Information",
    "EventData": {},
    "RawXml": "<Event xmlns=\"http://schemas.microsoft.com/win/2004/08/events/event\"><System><Provider Name=\"Microsoft-Windows-Application-Experience\" Guid=\"{eef54e71-0661-422d-9a98-82fd4940b820}\"></Provider>\n<EventID Qualifiers=\"\">900</EventID>\n<Version>0</Version>\n<Level>4</Level>\n<Task>0</Task>\n<Opcode>0</Opcode>\n<Keywords>0x0800000000000000</Keywords>\n<TimeCreated SystemTime=\"2014-01-25 16:17:52.481133+00:00\"></TimeCreated>\n<EventRecordID>5</EventRecordID>\n<Correlation ActivityID=\"\" RelatedActivityID=\"\"></Correlation>\n<Execution ProcessID=\"2952\" ThreadID=\"1944\"></Execution>\n<Channel>Microsoft-Windows-Application-Experience/Program-Inventory</Channel>\n<Computer>IACIS-HDD-2014</Computer>\n<Security UserID=\"S-1-5-18\"></Security>\n</System>\n<UserData><IEAddOnChangeInfoEvent xmlns:auto-ns2=\"http://schemas.microsoft.com/win/2004/08/events\" xmlns=\"http://www.microsoft.com/Windows/Diagnosis/PDU/events\"><Name>XML Data Source Object 3.0</Name>\n<Type>ActiveX</Type>\n<Publisher>Microsoft Corporation</Publisher>\n<CLSID>{f5078f39-c551-11d3-89b9-0000f81fe221}</CLSID>\n<FileName>msxml3.dll</FileName>\n<FileID>0000d9f90bf62d40aa4daf347814253f6c4e9f9365e7</FileID>\n<Language>0</Language>\n<FileVersion>8.110.7601.17988</FileVersion>\n</IEAddOnChangeInfoEvent>\n</UserData>\n</Event>\n"
  },
  {
    "EventID": 900,
    "Timestamp": "2014-01-25 16:17:52.496733+00:00",
    "Computer": "IACIS-HDD-2014",
    "Channel": "Microsoft-Windows-Application-Experience/Program-Inventory",
    "Level": "Information",
    "EventData": {},
    "RawXml": "<Event xmlns=\"http://schemas.microsoft.com/win/2004/08/events/event\"><System><Provider Name=\"Microsoft-Windows-Application-Experience\" Guid=\"{eef54e71-0661-422d-9a98-82fd4940b820}\"></Provider>\n<EventID Qualifiers=\"\">900</EventID>\n<Version>0</Version>\n<Level>4</Level>\n<Task>0</Task>\n<Opcode>0</Opcode>\n<Keywords>0x0800000000000000</Keywords>\n<TimeCreated SystemTime=\"2014-01-25 16:17:52.496733+00:00\"></TimeCreated>\n<EventRecordID>6</EventRecordID>\n<Correlation ActivityID=\"\" RelatedActivityID=\"\"></Correlation>\n<Execution ProcessID=\"2952\" ThreadID=\"1944\"></Execution>\n<Channel>Microsoft-Windows-Application-Experience/Program-Inventory</Channel>\n<Computer>IACIS-HDD-2014</Computer>\n<Security UserID=\"S-1-5-18\"></Security>\n</System>\n<UserData><IEAddOnChangeInfoEvent xmlns:auto-ns2=\"http://schemas.microsoft.com/win/2004/08/events\" xmlns=\"http://www.microsoft.com/Windows/Diagnosis/PDU/events\"><Name>XSL Template 3.0</Name>\n<Type>ActiveX</Type>\n<Publisher>Microsoft Corporation</Publisher>\n<CLSID>{f5078f36-c551-11d3-89b9-0000f81fe221}</CLSID>\n<FileName>msxml3.dll</FileName>\n<FileID>0000d9f90bf62d40aa4daf347814253f6c4e9f9365e7</FileID>\n<Language>0</Language>\n<FileVersion>8.110.7601.17988</FileVersion>\n</IEAddOnChangeInfoEvent>\n</UserData>\n</Event>\n"
  },
  {
    "EventID": 900,
    "Timestamp": "2014-01-25 16:17:52.496733+00:00",
    "Computer": "IACIS-HDD-2014",
    "Channel": "Microsoft-Windows-Application-Experience/Program-Inventory",
    "Level": "Information",
    "EventData": {},
    "RawXml": "<Event xmlns=\"http://schemas.microsoft.com/win/2004/08/events/event\"><System><Provider Name=\"Microsoft-Windows-Application-Experience\" Guid=\"{eef54e71-0661-422d-9a98-82fd4940b820}\"></Provider>\n<EventID Qualifiers=\"\">900</EventID>\n<Version>0</Version>\n<Level>4</Level>\n<Task>0</Task>\n<Opcode>0</Opcode>\n<Keywords>0x0800000000000000</Keywords>\n<TimeCreated SystemTime=\"2014-01-25 16:17:52.496733+00:00\"></TimeCreated>\n<EventRecordID>7</EventRecordID>\n<Correlation ActivityID=\"\" RelatedActivityID=\"\"></Correlation>\n<Execution ProcessID=\"2952\" ThreadID=\"1944\"></Execution>\n<Channel>Microsoft-Windows-Application-Experience/Program-Inventory</Channel>\n<Computer>IACIS-HDD-2014</Computer>\n<Security UserID=\"S-1-5-18\"></Security>\n</System>\n<UserData><IEAddOnChangeInfoEvent xmlns:auto-ns2=\"http://schemas.microsoft.com/win/2004/08/events\" xmlns=\"http://www.microsoft.com/Windows/Diagnosis/PDU/events\"><Name>XML HTTP 3.0</Name>\n<Type>ActiveX</Type>\n<Publisher>Microsoft Corporation</Publisher>\n<CLSID>{f5078f35-c551-11d3-89b9-0000f81fe221}</CLSID>\n<FileName>msxml3.dll</FileName>\n<FileID>0000d9f90bf62d40aa4daf347814253f6c4e9f9365e7</FileID>\n<Language>0</Language>\n<FileVersion>8.110.7601.17988</FileVersion>\n</IEAddOnChangeInfoEvent>\n</UserData>\n</Event>\n"
  },
  {
    "EventID": 900,
    "Timestamp": "2014-01-25 16:17:52.496733+00:00",
    "Computer": "IACIS-HDD-2014",
    "Channel": "Microsoft-Windows-Application-Experience/Program-Inventory",
    "Level": "Information",
    "EventData": {},
    "RawXml": "<Event xmlns=\"http://schemas.microsoft.com/win/2004/08/events/event\"><System><Provider Name=\"Microsoft-Windows-Application-Experience\" Guid=\"{eef54e71-0661-422d-9a98-82fd4940b820}\"></Provider>\n<EventID Qualifiers=\"\">900</EventID>\n<Version>0</Version>\n<Level>4</Level>\n<Task>0</Task>\n<Opcode>0</Opcode>\n<Keywords>0x0800000000000000</Keywords>\n<TimeCreated SystemTime=\"2014-01-25 16:17:52.496733+00:00\"></TimeCreated>\n<EventRecordID>8</EventRecordID>\n<Correlation ActivityID=\"\" RelatedActivityID=\"\"></Correlation>\n<Execution ProcessID=\"2952\" ThreadID=\"1944\"></Execution>\n<Channel>Microsoft-Windows-Application-Experience/Program-Inventory</Channel>\n<Computer>IACIS-HDD-2014</Computer>\n<Security UserID=\"S-1-5-18\"></Security>\n</System>\n<UserData><IEAddOnChangeInfoEvent xmlns:auto-ns2=\"http://schemas.microsoft.com/win/2004/08/events\" xmlns=\"http://www.microsoft.com/Windows/Diagnosis/PDU/events\"><Name>XML Schema Cache 3.0</Name>\n<Type>ActiveX</Type>\n<Publisher>Microsoft Corporation</Publisher>\n<CLSID>{f5078f34-c551-11d3-89b9-0000f81fe221}</CLSID>\n<FileName>msxml3.dll</FileName>\n<FileID>0000d9f90bf62d40aa4daf347814253f6c4e9f9365e7</FileID>\n<Language>0</Language>\n<FileVersion>8.110.7601.17988</FileVersion>\n</IEAddOnChangeInfoEvent>\n</UserData>\n</Event>\n"
  },
  {
    "EventID": 900,
    "Timestamp": "2014-01-25 16:17:52.496733+00:00",
    "Computer": "IACIS-HDD-2014",
    "Channel": "Microsoft-Windows-Application-Experience/Program-Inventory",
    "Level": "Information",
    "EventData": {},
    "RawXml": "<Event xmlns=\"http://schemas.microsoft.com/win/2004/08/events/event\"><System><Provider Name=\"Microsoft-Windows-Application-Experience\" Guid=\"{eef54e71-0661-422d-9a98-82fd4940b820}\"></Provider>\n<EventID Qualifiers=\"\">900</EventID>\n<Version>0</Version>\n<Level>4</Level>\n<Task>0</Task>\n<Opcode>0</Opcode>\n<Keywords>0x0800000000000000</Keywords>\n<TimeCreated SystemTime=\"2014-01-25 16:17:52.496733+00:00\"></TimeCreated>\n<EventRecordID>9</EventRecordID>\n<Correlation ActivityID=\"\" RelatedActivityID=\"\"></Correlation>\n<Execution ProcessID=\"2952\" ThreadID=\"1944\"></Execution>\n<Channel>Microsoft-Windows-Application-Experience/Program-Inventory</Channel>\n<Computer>IACIS-HDD-2014</Computer>\n<Security UserID=\"S-1-5-18\"></Security>\n</System>\n<UserData><IEAddOnChangeInfoEvent xmlns:auto-ns2=\"http://schemas.microsoft.com/win/2004/08/events\" xmlns=\"http://www.microsoft.com/Windows/Diagnosis/PDU/events\"><Name>Free Threaded XML DOM Document 3.0</Name>\n<Type>ActiveX</Type>\n<Publisher>Microsoft Corporation</Publisher>\n<CLSID>{f5078f33-c551-11d3-89b9-0000f81fe221}</CLSID>\n<FileName>msxml3.dll</FileName>\n<FileID>0000d9f90bf62d40aa4daf347814253f6c4e9f9365e7</FileID>\n<Language>0</Language>\n<FileVersion>8.110.7601.17988</FileVersion>\n</IEAddOnChangeInfoEvent>\n</UserData>\n</Event>\n"
  },
  {
    "EventID": 900,
    "Timestamp": "2014-01-25 16:17:52.496733+00:00",
    "Computer": "IACIS-HDD-2014",
    "Channel": "Microsoft-Windows-Application-Experience/Program-Inventory",
    "Level": "Information",
    "EventData": {},
    "RawXml": "<Event xmlns=\"http://schemas.microsoft.com/win/2004/08/events/event\"><System><Provider Name=\"Microsoft-Windows-Application-Experience\" Guid=\"{eef54e71-0661-422d-9a98-82fd4940b820}\"></Provider>\n<EventID Qualifiers=\"\">900</EventID>\n<Version>0</Version>\n<Level>4</Level>\n<Task>0</Task>\n<Opcode>0</Opcode>\n<Keywords>0x0800000000000000</Keywords>\n<TimeCreated SystemTime=\"2014-01-25 16:17:52.496733+00:00\"></TimeCreated>\n<EventRecordID>10</EventRecordID>\n<Correlation ActivityID=\"\" RelatedActivityID=\"\"></Correlation>\n<Execution ProcessID=\"2952\" ThreadID=\"1944\"></Execution>\n<Channel>Microsoft-Windows-Application-Experience/Program-Inventory</Channel>\n<Computer>IACIS-HDD-2014</Computer>\n<Security UserID=\"S-1-5-18\"></Security>\n</System>\n<UserData><IEAddOnChangeInfoEvent xmlns:auto-ns2=\"http://schemas.microsoft.com/win/2004/08/events\" xmlns=\"http://www.microsoft.com/Windows/Diagnosis/PDU/events\"><Name>XML DOM Document 3.0</Name>\n<Type>ActiveX</Type>\n<Publisher>Microsoft Corporation</Publisher>\n<CLSID>{f5078f32-c551-11d3-89b9-0000f81fe221}</CLSID>\n<FileName>msxml3.dll</FileName>\n<FileID>0000d9f90bf62d40aa4daf347814253f6c4e9f9365e7</FileID>\n<Language>0</Language>\n<FileVersion>8.110.7601.17988</FileVersion>\n</IEAddOnChangeInfoEvent>\n</UserData>\n</Event>\n"
  },
  {
    "EventID": 900,
    "Timestamp": "2014-01-25 16:17:52.496733+00:00",
    "Computer": "IACIS-HDD-2014",
    "Channel": "Microsoft-Windows-Application-Experience/Program-Inventory",
    "Level": "Information",
    "EventData": {},
    "RawXml": "<Event xmlns=\"http://schemas.microsoft.com/win/2004/08/events/event\"><System><Provider Name=\"Microsoft-Windows-Application-Experience\" Guid=\"{eef54e71-0661-422d-9a98-82fd4940b820}\"></Provider>\n<EventID Qualifiers=\"\">900</EventID>\n<Version>0</Version>\n<Level>4</Level>\n<Task>0</Task>\n<Opcode>0</Opcode>\n<Keywords>0x0800000000000000</Keywords>\n<TimeCreated SystemTime=\"2014-01-25 16:17:52.496733+00:00\"></TimeCreated>\n<EventRecordID>11</EventRecordID>\n<Correlation ActivityID=\"\" RelatedActivityID=\"\"></Correlation>\n<Execution ProcessID=\"2952\" ThreadID=\"1944\"></Execution>\n<Channel>Microsoft-Windows-Application-Experience/Program-Inventory</Channel>\n<Computer>IACIS-HDD-2014</Computer>\n<Security UserID=\"S-1-5-18\"></Security>\n</System>\n<UserData><IEAddOnChangeInfoEvent xmlns:auto-ns2=\"http://schemas.microsoft.com/win/2004/08/events\" xmlns=\"http://www.microsoft.com/Windows/Diagnosis/PDU/events\"><Name>Scripting.Dictionary</Name>\n<Type>ActiveX</Type>\n<Publisher>Microsoft Corporation</Publisher>\n<CLSID>{ee09b103-97e0-11cf-978f-00a02463e06f}</CLSID>\n<FileName>scrrun.dll</FileName>\n<FileID>0000d396653abb32997fb6e3702d74d21bb855581d80</FileID>\n<Language>1033</Language>\n<FileVersion>5.8.7600.16385</FileVersion>\n</IEAddOnChangeInfoEvent>\n</UserData>\n</Event>\n"
  },
  {
    "EventID": 900,
    "Timestamp": "2014-01-25 16:17:52.496733+00:00",
    "Computer": "IACIS-HDD-2014",
    "Channel": "Microsoft-Windows-Application-Experience/Program-Inventory",
    "Level": "Information",
    "EventData": {},
    "RawXml": "<Event xmlns=\"http://schemas.microsoft.com/win/2004/08/events/event\"><System><Provider Name=\"Microsoft-Windows-Application-Experience\" Guid=\"{eef54e71-0661-422d-9a98-82fd4940b820}\"></Provider>\n<EventID Qualifiers=\"\">900</EventID>\n<Version>0</Version>\n<Level>4</Level>\n<Task>0</Task>\n<Opcode>0</Opcode>\n<Keywords>0x0800000000000000</Keywords>\n<TimeCreated SystemTime=\"2014-01-25 16:17:52.496733+00:00\"></TimeCreated>\n<EventRecordID>12</EventRecordID>\n<Correlation ActivityID=\"\" RelatedActivityID=\"\"></Correlation>\n<Execution ProcessID=\"2952\" ThreadID=\"1944\"></Execution>\n<Channel>Microsoft-Windows-Application-Experience/Program-Inventory</Channel>\n<Computer>IACIS-HDD-2014</Computer>\n<Security UserID=\"S-1-5-18\"></Security>\n</System>\n<UserData><IEAddOnChangeInfoEvent xmlns:auto-ns2=\"http://schemas.microsoft.com/win/2004/08/events\" xmlns=\"http://www.microsoft.com/Windows/Diagnosis/PDU/events\"><Name>OleInstall Class</Name>\n<Type>ActiveX</Type>\n<Publisher>Microsoft Corporation</Publisher>\n<CLSID>{c3701884-b39b-11d1-9d68-00c04fc30df6}</CLSID>\n<FileName>oleprn.dll</FileName>\n<FileID>0000dbe7e379e77aa93c26456a787169d70a1cd7bb37</FileID>\n<Language>1033</Language>\n<FileVersion>6.1.7600.16385(win7_rtm.090713-1255)</FileVersion>\n</IEAddOnChangeInfoEvent>\n</UserData>\n</Event>\n"
  },
  {
    "EventID": 900,
    "Timestamp": "2014-01-25 16:17:52.496733+00:00",
    "Computer": "IACIS-HDD-2014",
    "Channel": "Microsoft-Windows-Application-Experience/Program-Inventory",
    "Level": "Information",
    "EventData": {},
    "RawXml": "<Event xmlns=\"http://schemas.microsoft.com/win/2004/08/events/event\"><System><Provider Name=\"Microsoft-Windows-Application-Experience\" Guid=\"{eef54e71-0661-422d-9a98-82fd4940b820}\"></Provider>\n<EventID Qualifiers=\"\">900</EventID>\n<Version>0</Version>\n<Level>4</Level>\n<Task>0</Task>\n<Opcode>0</Opcode>\n<Keywords>0x0800000000000000</Keywords>\n<TimeCreated SystemTime=\"2014-01-25 16:17:52.496733+00:00\"></TimeCreated>\n<EventRecordID>13</EventRecordID>\n<Correlation ActivityID=\"\" RelatedActivityID=\"\"></Correlation>\n<Execution ProcessID=\"2952\" ThreadID=\"1944\"></Execution>\n<Channel>Microsoft-Windows-Application-Experience/Program-Inventory</Channel>\n<Computer>IACIS-HDD-2014</Computer>\n<Security UserID=\"S-1-5-18\"></Security>\n</System>\n<UserData><IEAddOnChangeInfoEvent xmlns:auto-ns2=\"http://schemas.microsoft.com/win/2004/08/events\" xmlns=\"http://www.microsoft.com/Windows/Diagnosis/PDU/events\"><Name>RMGetLicense Class</Name>\n<Type>ActiveX</Type>\n<Publisher>Microsoft Corporation</Publisher>\n<CLSID>{a9fc132b-096d-460b-b7d5-1db0fae0c062}</CLSID>\n<FileName>msnetobj.dll</FileName>\n<FileID>0000d53f369d595d97213da95e643a414d6aa6a0e6b2</FileID>\n<Language>1033</Language>\n<FileVersion>11.0.7601.17514</FileVersion>\n</IEAddOnChangeInfoEvent>\n</UserData>\n</Event>\n"
  },
  {
    "EventID": 900,
    "Timestamp": "2014-01-25 16:17:52.496733+00:00",
    "Computer": "IACIS-HDD-2014",
    "Channel": "Microsoft-Windows-Application-Experience/Program-Inventory",
    "Level": "Information",
    "EventData": {},
    "RawXml": "<Event xmlns=\"http://schemas.microsoft.com/win/2004/08/events/event\"><System><Provider Name=\"Microsoft-Windows-Application-Experience\" Guid=\"{eef54e71-0661-422d-9a98-82fd4940b820}\"></Provider>\n<EventID Qualifiers=\"\">900</EventID>\n<Version>0</Version>\n<Level>4</Level>\n<Task>0</Task>\n<Opcode>0</Opcode>\n<Keywords>0x0800000000000000</Keywords>\n<TimeCreated SystemTime=\"2014-01-25 16:17:52.496733+00:00\"></TimeCreated>\n<EventRecordID>14</EventRecordID>\n<Correlation ActivityID=\"\" RelatedActivityID=\"\"></Correlation>\n<Execution ProcessID=\"2952\" ThreadID=\"1944\"></Execution>\n<Channel>Microsoft-Windows-Application-Experience/Program-Inventory</Channel>\n<Computer>IACIS-HDD-2014</Computer>\n<Security UserID=\"S-1-5-18\"></Security>\n</System>\n<UserData><IEAddOnChangeInfoEvent xmlns:auto-ns2=\"http://schemas.microsoft.com/win/2004/08/events\" xmlns=\"http://www.microsoft.com/Windows/Diagnosis/PDU/events\"><Name>prturl Class</Name>\n<Type>ActiveX</Type>\n<Publisher>Microsoft Corporation</Publisher>\n<CLSID>{92337a8c-e11d-11d0-be48-00c04fc30df6}</CLSID>\n<FileName>oleprn.dll</FileName>\n<FileID>0000dbe7e379e77aa93c26456a787169d70a1cd7bb37</FileID>\n<Language>1033</Language>\n<FileVersion>6.1.7600.16385(win7_rtm.090713-1255)</FileVersion>\n</IEAddOnChangeInfoEvent>\n</UserData>\n</Event>\n"
  },
  {
    "EventID": 900,
    "Timestamp": "2014-01-25 16:17:52.496733+00:00",
    "Computer": "IACIS-HDD-2014",
    "Channel": "Microsoft-Windows-Application-Experience/Program-Inventory",
    "Level": "Information",
    "EventData": {},
    "RawXml": "<Event xmlns=\"http://schemas.microsoft.com/win/2004/08/events/event\"><System><Provider Name=\"Microsoft-Windows-Application-Experience\" Guid=\"{eef54e71-0661-422d-9a98-82fd4940b820}\"></Provider>\n<EventID Qualifiers=\"\">900</EventID>\n<Version>0</Version>\n<Level>4</Level>\n<Task>0</Task>\n<Opcode>0</Opcode>\n<Keywords>0x0800000000000000</Keywords>\n<TimeCreated SystemTime=\"2014-01-25 16:17:52.496733+00:00\"></TimeCreated>\n<EventRecordID>15</EventRecordID>\n<Correlation ActivityID=\"\" RelatedActivityID=\"\"></Correlation>\n<Execution ProcessID=\"2952\" ThreadID=\"1944\"></Execution>\n<Channel>Microsoft-Windows-Application-Experience/Program-Inventory</Channel>\n<Computer>IACIS-HDD-2014</Computer>\n<Security UserID=\"S-1-5-18\"></Security>\n</System>\n<UserData><IEAddOnChangeInfoEvent xmlns:auto-ns2=\"http://schemas.microsoft.com/win/2004/08/events\" xmlns=\"http://www.microsoft.com/Windows/Diagnosis/PDU/events\"><Name>Registration Control</Name>\n<Type>ActiveX</Type>\n<Publisher>Microsoft Corporation</Publisher>\n<CLSID>{8e4062d9-fe1b-4b9e-aa16-5e8eef68f48e}</CLSID>\n<FileName>RegCtrl.dll</FileName>\n<FileID>0000fbfb589af1f264af88b879f8aaf16475d499e737</FileID>\n<Language>1033</Language>\n<FileVersion>6.1.7600.16385(win7_rtm.090713-1255)</FileVersion>\n</IEAddOnChangeInfoEvent>\n</UserData>\n</Event>\n"
  },
  {
    "EventID": 900,
    "Timestamp": "2014-01-25 16:17:52.496733+00:00",
    "Computer": "IACIS-HDD-2014",
    "Channel": "Microsoft-Windows-Application-Experience/Program-Inventory",
    "Level": "Information",
    "EventData": {},
    "RawXml": "<Event xmlns=\"http://schemas.microsoft.com/win/2004/08/events/event\"><System><Provider Name=\"Microsoft-Windows-Application-Experience\" Guid=\"{eef54e71-0661-422d-9a98-82fd4940b820}\"></Provider>\n<EventID Qualifiers=\"\">900</EventID>\n<Version>0</Version>\n<Level>4</Level>\n<Task>0</Task>\n<Opcode>0</Opcode>\n<Keywords>0x0800000000000000</Keywords>\n<TimeCreated SystemTime=\"2014-01-25 16:17:52.496733+00:00\"></TimeCreated>\n<EventRecordID>16</EventRecordID>\n<Correlation ActivityID=\"\" RelatedActivityID=\"\"></Correlation>\n<Execution ProcessID=\"2952\" ThreadID=\"1944\"></Execution>\n<Channel>Microsoft-Windows-Application-Experience/Program-Inventory</Channel>\n<Computer>IACIS-HDD-2014</Computer>\n<Security UserID=\"S-1-5-18\"></Security>\n</System>\n<UserData><IEAddOnChangeInfoEvent xmlns:auto-ns2=\"http://schemas.microsoft.com/win/2004/08/events\" xmlns=\"http://www.microsoft.com/Windows/Diagnosis/PDU/events\"><Name>XML HTTP 6.0</Name>\n<Type>ActiveX</Type>\n<Publisher>Microsoft Corporation</Publisher>\n<CLSID>{88d96a0a-f192-11d4-a65f-0040963251e5}</CLSID>\n<FileName>msxml6.dll</FileName>\n<FileID>00001e925c68b59374b28450e52c35fa4a3dd32ac320</FileID>\n<Language>0</Language>\n<FileVersion>6.30.7601.17988</FileVersion>\n</IEAddOnChangeInfoEvent>\n</UserData>\n</Event>\n"
  },
  {
    "EventID": 900,
    "Timestamp": "2014-01-25 16:17:52.496733+00:00",
    "Computer": "IACIS-HDD-2014",
    "Channel": "Microsoft-Windows-Application-Experience/Program-Inventory",
    "Level": "Information",
    "EventData": {},
    "RawXml": "<Event xmlns=\"http://schemas.microsoft.com/win/2004/08/events/event\"><System><Provider Name=\"Microsoft-Windows-Application-Experience\" Guid=\"{eef54e71-0661-422d-9a98-82fd4940b820}\"></Provider>\n<EventID Qualifiers=\"\">900</EventID>\n<Version>0</Version>\n<Level>4</Level>\n<Task>0</Task>\n<Opcode>0</Opcode>\n<Keywords>0x0800000000000000</Keywords>\n<TimeCreated SystemTime=\"2014-01-25 16:17:52.496733+00:00\"></TimeCreated>\n<EventRecordID>17</EventRecordID>\n<Correlation ActivityID=\"\" RelatedActivityID=\"\"></Correlation>\n<Execution ProcessID=\"2952\" ThreadID=\"1944\"></Execution>\n<Channel>Microsoft-Windows-Application-Experience/Program-Inventory</Channel>\n<Computer>IACIS-HDD-2014</Computer>\n<Security UserID=\"S-1-5-18\"></Security>\n</System>\n<UserData><IEAddOnChangeInfoEvent xmlns:auto-ns2=\"http://schemas.microsoft.com/win/2004/08/events\" xmlns=\"http://www.microsoft.com/Windows/Diagnosis/PDU/events\"><Name>XSL Template 6.0</Name>\n<Type>ActiveX</Type>\n<Publisher>Microsoft Corporation</Publisher>\n<CLSID>{88d96a08-f192-11d4-a65f-0040963251e5}</CLSID>\n<FileName>msxml6.dll</FileName>\n<FileID>00001e925c68b59374b28450e52c35fa4a3dd32ac320</FileID>\n<Language>0</Language>\n<FileVersion>6.30.7601.17988</FileVersion>\n</IEAddOnChangeInfoEvent>\n</UserData>\n</Event>\n"
  },
  {
    "EventID": 900,
    "Timestamp": "2014-01-25 16:17:52.496733+00:00",
    "Computer": "IACIS-HDD-2014",
    "Channel": "Microsoft-Windows-Application-Experience/Program-Inventory",
    "Level": "Information",
    "EventData": {},
    "RawXml": "<Event xmlns=\"http://schemas.microsoft.com/win/2004/08/events/event\"><System><Provider Name=\"Microsoft-Windows-Application-Experience\" Guid=\"{eef54e71-0661-422d-9a98-82fd4940b820}\"></Provider>\n<EventID Qualifiers=\"\">900</EventID>\n<Version>0</Version>\n<Level>4</Level>\n<Task>0</Task>\n<Opcode>0</Opcode>\n<Keywords>0x0800000000000000</Keywords>\n<TimeCreated SystemTime=\"2014-01-25 16:17:52.496733+00:00\"></TimeCreated>\n<EventRecordID>18</EventRecordID>\n<Correlation ActivityID=\"\" RelatedActivityID=\"\"></Correlation>\n<Execution ProcessID=\"2952\" ThreadID=\"1944\"></Execution>\n<Channel>Microsoft-Windows-Application-Experience/Program-Inventory</Channel>\n<Computer>IACIS-HDD-2014</Computer>\n<Security UserID=\"S-1-5-18\"></Security>\n</System>\n<UserData><IEAddOnChangeInfoEvent xmlns:auto-ns2=\"http://schemas.microsoft.com/win/2004/08/events\" xmlns=\"http://www.microsoft.com/Windows/Diagnosis/PDU/events\"><Name>XML Schema Cache 6.0</Name>\n<Type>ActiveX</Type>\n<Publisher>Microsoft Corporation</Publisher>\n<CLSID>{88d96a07-f192-11d4-a65f-0040963251e5}</CLSID>\n<FileName>msxml6.dll</FileName>\n<FileID>00001e925c68b59374b28450e52c35fa4a3dd32ac320</FileID>\n<Language>0</Language>\n<FileVersion>6.30.7601.17988</FileVersion>\n</IEAddOnChangeInfoEvent>\n</UserData>\n</Event>\n"
  },
  {
    "EventID": 900,
    "Timestamp": "2014-01-25 16:17:52.496733+00:00",
    "Computer": "IACIS-HDD-2014",
    "Channel": "Microsoft-Windows-Application-Experience/Program-Inventory",
    "Level": "Information",
    "EventData": {},
    "RawXml": "<Event xmlns=\"http://schemas.microsoft.com/win/2004/08/events/event\"><System><Provider Name=\"Microsoft-Windows-Application-Experience\" Guid=\"{eef54e71-0661-422d-9a98-82fd4940b820}\"></Provider>\n<EventID Qualifiers=\"\">900</EventID>\n<Version>0</Version>\n<Level>4</Level>\n<Task>0</Task>\n<Opcode>0</Opcode>\n<Keywords>0x0800000000000000</Keywords>\n<TimeCreated SystemTime=\"2014-01-25 16:17:52.496733+00:00\"></TimeCreated>\n<EventRecordID>19</EventRecordID>\n<Correlation ActivityID=\"\" RelatedActivityID=\"\"></Correlation>\n<Execution ProcessID=\"2952\" ThreadID=\"1944\"></Execution>\n<Channel>Microsoft-Windows-Application-Experience/Program-Inventory</Channel>\n<Computer>IACIS-HDD-2014</Computer>\n<Security UserID=\"S-1-5-18\"></Security>\n</System>\n<UserData><IEAddOnChangeInfoEvent xmlns:auto-ns2=\"http://schemas.microsoft.com/win/2004/08/events\" xmlns=\"http://www.microsoft.com/Windows/Diagnosis/PDU/events\"><Name>Free Threaded XML DOM Document 6.0</Name>\n<Type>ActiveX</Type>\n<Publisher>Microsoft Corporation</Publisher>\n<CLSID>{88d96a06-f192-11d4-a65f-0040963251e5}</CLSID>\n<FileName>msxml6.dll</FileName>\n<FileID>00001e925c68b59374b28450e52c35fa4a3dd32ac320</FileID>\n<Language>0</Language>\n<FileVersion>6.30.7601.17988</FileVersion>\n</IEAddOnChangeInfoEvent>\n</UserData>\n</Event>\n"
  },
  {
    "EventID": 900,
    "Timestamp": "2014-01-25 16:17:52.496733+00:00",
    "Computer": "IACIS-HDD-2014",
    "Channel": "Microsoft-Windows-Application-Experience/Program-Inventory",
    "Level": "Information",
    "EventData": {},
    "RawXml": "<Event xmlns=\"http://schemas.microsoft.com/win/2004/08/events/event\"><System><Provider Name=\"Microsoft-Windows-Application-Experience\" Guid=\"{eef54e71-0661-422d-9a98-82fd4940b820}\"></Provider>\n<EventID Qualifiers=\"\">900</EventID>\n<Version>0</Version>\n<Level>4</Level>\n<Task>0</Task>\n<Opcode>0</Opcode>\n<Keywords>0x0800000000000000</Keywords>\n<TimeCreated SystemTime=\"2014-01-25 16:17:52.496733+00:00\"></TimeCreated>\n<EventRecordID>20</EventRecordID>\n<Correlation ActivityID=\"\" RelatedActivityID=\"\"></Correlation>\n<Execution ProcessID=\"2952\" ThreadID=\"1944\"></Execution>\n<Channel>Microsoft-Windows-Application-Experience/Program-Inventory</Channel>\n<Computer>IACIS-HDD-2014</Computer>\n<Security UserID=\"S-1-5-18\"></Security>\n</System>\n<UserData><IEAddOnChangeInfoEvent xmlns:auto-ns2=\"http://schemas.microsoft.com/win/2004/08/events\" xmlns=\"http://www.microsoft.com/Windows/Diagnosis/PDU/events\"><Name>XML DOM Document 6.0</Name>\n<Type>ActiveX</Type>\n<Publisher>Microsoft Corporation</Publisher>\n<CLSID>{88d96a05-f192-11d4-a65f-0040963251e5}</CLSID>\n<FileName>msxml6.dll</FileName>\n<FileID>00001e925c68b59374b28450e52c35fa4a3dd32ac320</FileID>\n<Language>0</Language>\n<FileVersion>6.30.7601.17988</FileVersion>\n</IEAddOnChangeInfoEvent>\n</UserData>\n</Event>\n"
  },
  {
    "EventID": 900,
    "Timestamp": "2014-01-25 16:17:52.496733+00:00",
    "Computer": "IACIS-HDD-2014",
    "Channel": "Microsoft-Windows-Application-Experience/Program-Inventory",
    "Level": "Information",
    "EventData": {},
    "RawXml": "<Event xmlns=\"http://schemas.microsoft.com/win/2004/08/events/event\"><System><Provider Name=\"Microsoft-Windows-Application-Experience\" Guid=\"{eef54e71-0661-422d-9a98-82fd4940b820}\"></Provider>\n<EventID Qualifiers=\"\">900</EventID>\n<Version>0</Version>\n<Level>4</Level>\n<Task>0</Task>\n<Opcode>0</Opcode>\n<Keywords>0x0800000000000000</Keywords>\n<TimeCreated SystemTime=\"2014-01-25 16:17:52.496733+00:00\"></TimeCreated>\n<EventRecordID>21</EventRecordID>\n<Correlation ActivityID=\"\" RelatedActivityID=\"\"></Correlation>\n<Execution ProcessID=\"2952\" ThreadID=\"1944\"></Execution>\n<Channel>Microsoft-Windows-Application-Experience/Program-Inventory</Channel>\n<Computer>IACIS-HDD-2014</Computer>\n<Security UserID=\"S-1-5-18\"></Security>\n</System>\n<UserData><IEAddOnChangeInfoEvent xmlns:auto-ns2=\"http://schemas.microsoft.com/win/2004/08/events\" xmlns=\"http://www.microsoft.com/Windows/Diagnosis/PDU/events\"><Name>X509 Machine Enrollment Factory</Name>\n<Type>ActiveX</Type>\n<Publisher>Microsoft Corporation</Publisher>\n<CLSID>{884e2051-217d-11da-b2a4-000e7bbb2b09}</CLSID>\n<FileName>CertEnroll.dll</FileName>\n<FileID>0000cee23e7afce68bc02ed0912a3dab110528be66cb</FileID>\n<Language>1033</Language>\n<FileVersion>6.1.7600.16385(win7_rtm.090713-1255)</FileVersion>\n</IEAddOnChangeInfoEvent>\n</UserData>\n</Event>\n"
  },
  {
    "EventID": 900,
    "Timestamp": "2014-01-25 16:17:52.496733+00:00",
    "Computer": "IACIS-HDD-2014",
    "Channel": "Microsoft-Windows-Application-Experience/Program-Inventory",
    "Level": "Information",
    "EventData": {},
    "RawXml": "<Event xmlns=\"http://schemas.microsoft.com/win/2004/08/events/event\"><System><Provider Name=\"Microsoft-Windows-Application-Experience\" Guid=\"{eef54e71-0661-422d-9a98-82fd4940b820}\"></Provider>\n<EventID Qualifiers=\"\">900</EventID>\n<Version>0</Version>\n<Level>4</Level>\n<Task>0</Task>\n<Opcode>0</Opcode>\n<Keywords>0x0800000000000000</Keywords>\n<TimeCreated SystemTime=\"2014-01-25 16:17:52.496733+00:00\"></TimeCreated>\n<EventRecordID>22</EventRecordID>\n<Correlation ActivityID=\"\" RelatedActivityID=\"\"></Correlation>\n<Execution ProcessID=\"2952\" ThreadID=\"1944\"></Execution>\n<Channel>Microsoft-Windows-Application-Experience/Program-Inventory</Channel>\n<Computer>IACIS-HDD-2014</Computer>\n<Security UserID=\"S-1-5-18\"></Security>\n</System>\n<UserData><IEAddOnChangeInfoEvent xmlns:auto-ns2=\"http://schemas.microsoft.com/win/2004/08/events\" xmlns=\"http://www.microsoft.com/Windows/Diagnosis/PDU/events\"><Name>X509 Enrollment WebClassFactory</Name>\n<Type>ActiveX</Type>\n<Publisher>Microsoft Corporation</Publisher>\n<CLSID>{884e2049-217d-11da-b2a4-000e7bbb2b09}</CLSID>\n<FileName>CertEnrollCtrl.exe</FileName>\n<FileID>0000c6f773d69ed859ae48a767e439dd24dca9cbc45e</FileID>\n<Language>1033</Language>\n<FileVersion>6.1.7600.16385(win7_rtm.090713-1255)</FileVersion>\n</IEAddOnChangeInfoEvent>\n</UserData>\n</Event>\n"
  },
  {
    "EventID": 900,
    "Timestamp": "2014-01-25 16:17:52.496733+00:00",
    "Computer": "IACIS-HDD-2014",
    "Channel": "Microsoft-Windows-Application-Experience/Program-Inventory",
    "Level": "Information",
    "EventData": {},
    "RawXml": "<Event xmlns=\"http://schemas.microsoft.com/win/2004/08/events/event\"><System><Provider Name=\"Microsoft-Windows-Application-Experience\" Guid=\"{eef54e71-0661-422d-9a98-82fd4940b820}\"></Provider>\n<EventID Qualifiers=\"\">900</EventID>\n<Version>0</Version>\n<Level>4</Level>\n<Task>0</Task>\n<Opcode>0</Opcode>\n<Keywords>0x0800000000000000</Keywords>\n<TimeCreated SystemTime=\"2014-01-25 16:17:52.496733+00:00\"></TimeCreated>\n<EventRecordID>23</EventRecordID>\n<Correlation ActivityID=\"\" RelatedActivityID=\"\"></Correlation>\n<Execution ProcessID=\"2952\" ThreadID=\"1944\"></Execution>\n<Channel>Microsoft-Windows-Application-Experience/Program-Inventory</Channel>\n<Computer>IACIS-HDD-2014</Computer>\n<Security UserID=\"S-1-5-18\"></Security>\n</System>\n<UserData><IEAddOnChangeInfoEvent xmlns:auto-ns2=\"http://schemas.microsoft.com/win/2004/08/events\" xmlns=\"http://www.microsoft.com/Windows/Diagnosis/PDU/events\"><Name>Windows Media Services DRM Storage object</Name>\n<Type>ActiveX</Type>\n<Publisher>Microsoft Corporation</Publisher>\n<CLSID>{760c4b83-e211-11d2-bf3e-00805fbe84a6}</CLSID>\n<FileName>msnetobj.dll</FileName>\n<FileID>0000d53f369d595d97213da95e643a414d6aa6a0e6b2</FileID>\n<Language>1033</Language>\n<FileVersion>11.0.7601.17514</FileVersion>\n</IEAddOnChangeInfoEvent>\n</UserData>\n</Event>\n"
  },
  {
    "EventID": 900,
    "Timestamp": "2014-01-25 16:17:52.496733+00:00",
    "Computer": "IACIS-HDD-2014",
    "Channel": "Microsoft-Windows-Application-Experience/Program-Inventory",
    "Level": "Information",
    "EventData": {},
    "RawXml": "<Event xmlns=\"http://schemas.microsoft.com/win/2004/08/events/event\"><System><Provider Name=\"Microsoft-Windows-Application-Experience\" Guid=\"{eef54e71-0661-422d-9a98-82fd4940b820}\"></Provider>\n<EventID Qualifiers=\"\">900</EventID>\n<Version>0</Version>\n<Level>4</Level>\n<Task>0</Task>\n<Opcode>0</Opcode>\n<Keywords>0x0800000000000000</Keywords>\n<TimeCreated SystemTime=\"2014-01-25 16:17:52.496733+00:00\"></TimeCreated>\n<EventRecordID>24</EventRecordID>\n<Correlation ActivityID=\"\" RelatedActivityID=\"\"></Correlation>\n<Execution ProcessID=\"2952\" ThreadID=\"1944\"></Execution>\n<Channel>Microsoft-Windows-Application-Experience/Program-Inventory</Channel>\n<Computer>IACIS-HDD-2014</Computer>\n<Security UserID=\"S-1-5-18\"></Security>\n</System>\n<UserData><IEAddOnChangeInfoEvent xmlns:auto-ns2=\"http://schemas.microsoft.com/win/2004/08/events\" xmlns=\"http://www.microsoft.com/Windows/Diagnosis/PDU/events\"><Name>Windows Media Player</Name>\n<Type>ActiveX</Type>\n<Publisher>Microsoft Corporation</Publisher>\n<CLSID>{6bf52a52-394a-11d3-b153-00c04f79faa6}</CLSID>\n<FileName>wmp.dll</FileName>\n<FileID>00006d08eb142d0fc76f05c332194eacf28ca635016b</FileID>\n<Language>1033</Language>\n<FileVersion>12.0.7601.17514(win7sp1_rtm.101119-1850)</FileVersion>\n</IEAddOnChangeInfoEvent>\n</UserData>\n</Event>\n"
  },
  {
    "EventID": 900,
    "Timestamp": "2014-01-25 16:17:52.496733+00:00",
    "Computer": "IACIS-HDD-2014",
    "Channel": "Microsoft-Windows-Application-Experience/Program-Inventory",
    "Level": "Information",
    "EventData": {},
    "RawXml": "<Event xmlns=\"http://schemas.microsoft.com/win/2004/08/events/event\"><System><Provider Name=\"Microsoft-Windows-Application-Experience\" Guid=\"{eef54e71-0661-422d-9a98-82fd4940b820}\"></Provider>\n<EventID Qualifiers=\"\">900</EventID>\n<Version>0</Version>\n<Level>4</Level>\n<Task>0</Task>\n<Opcode>0</Opcode>\n<Keywords>0x0800000000000000</Keywords>\n<TimeCreated SystemTime=\"2014-01-25 16:17:52.496733+00:00\"></TimeCreated>\n<EventRecordID>25</EventRecordID>\n<Correlation ActivityID=\"\" RelatedActivityID=\"\"></Correlation>\n<Execution ProcessID=\"2952\" ThreadID=\"1944\"></Execution>\n<Channel>Microsoft-Windows-Application-Experience/Program-Inventory</Channel>\n<Computer>IACIS-HDD-2014</Computer>\n<Security UserID=\"S-1-5-18\"></Security>\n</System>\n<UserData><IEAddOnChangeInfoEvent xmlns:auto-ns2=\"http://schemas.microsoft.com/win/2004/08/events\" xmlns=\"http://www.microsoft.com/Windows/Diagnosis/PDU/events\"><Name>OleCvt Class</Name>\n<Type>ActiveX</Type>\n<Publisher>Microsoft Corporation</Publisher>\n<CLSID>{65303443-ad66-11d1-9d65-00c04fc30df6}</CLSID>\n<FileName>oleprn.dll</FileName>\n<FileID>0000dbe7e379e77aa93c26456a787169d70a1cd7bb37</FileID>\n<Language>1033</Language>\n<FileVersion>6.1.7600.16385(win7_rtm.090713-1255)</FileVersion>\n</IEAddOnChangeInfoEvent>\n</UserData>\n</Event>\n"
  },
  {
    "EventID": 900,
    "Timestamp": "2014-01-25 16:17:52.496733+00:00",
    "Computer": "IACIS-HDD-2014",
    "Channel": "Microsoft-Windows-Application-Experience/Program-Inventory",
    "Level": "Information",
    "EventData": {},
    "RawXml": "<Event xmlns=\"http://schemas.microsoft.com/win/2004/08/events/event\"><System><Provider Name=\"Microsoft-Windows-Application-Experience\" Guid=\"{eef54e71-0661-422d-9a98-82fd4940b820}\"></Provider>\n<EventID Qualifiers=\"\">900</EventID>\n<Version>0</Version>\n<Level>4</Level>\n<Task>0</Task>\n<Opcode>0</Opcode>\n<Keywords>0x0800000000000000</Keywords>\n<TimeCreated SystemTime=\"2014-01-25 16:17:52.496733+00:00\"></TimeCreated>\n<EventRecordID>26</EventRecordID>\n<Correlation ActivityID=\"\" RelatedActivityID=\"\"></Correlation>\n<Execution ProcessID=\"2952\" ThreadID=\"1944\"></Execution>\n<Channel>Microsoft-Windows-Application-Experience/Program-Inventory</Channel>\n<Computer>IACIS-HDD-2014</Computer>\n<Security UserID=\"S-1-5-18\"></Security>\n</System>\n<UserData><IEAddOnChangeInfoEvent xmlns:auto-ns2=\"http://schemas.microsoft.com/win/2004/08/events\" xmlns=\"http://www.microsoft.com/Windows/Diagnosis/PDU/events\"><Name>Microsoft Shell UI Helper</Name>\n<Type>ActiveX</Type>\n<Publisher>Microsoft Corporation</Publisher>\n<CLSID>{64ab4bb7-111e-11d1-8f79-00c04fc2fbe1}</CLSID>\n<FileName>ieframe.dll</FileName>\n<FileID>000097eac55ab4453e21e300852c95daa83ae27a3f12</FileID>\n<Language>1033</Language>\n<FileVersion>11.00.9600.16428(winblue_gdr.131013-1700)</FileVersion>\n</IEAddOnChangeInfoEvent>\n</UserData>\n</Event>\n"
  },
  {
    "EventID": 900,
    "Timestamp": "2014-01-25 16:17:52.496733+00:00",
    "Computer": "IACIS-HDD-2014",
    "Channel": "Microsoft-Windows-Application-Experience/Program-Inventory",
    "Level": "Information",
    "EventData": {},
    "RawXml": "<Event xmlns=\"http://schemas.microsoft.com/win/2004/08/events/event\"><System><Provider Name=\"Microsoft-Windows-Application-Experience\" Guid=\"{eef54e71-0661-422d-9a98-82fd4940b820}\"></Provider>\n<EventID Qualifiers=\"\">900</EventID>\n<Version>0</Version>\n<Level>4</Level>\n<Task>0</Task>\n<Opcode>0</Opcode>\n<Keywords>0x0800000000000000</Keywords>\n<TimeCreated SystemTime=\"2014-01-25 16:17:52.496733+00:00\"></TimeCreated>\n<EventRecordID>27</EventRecordID>\n<Correlation ActivityID=\"\" RelatedActivityID=\"\"></Correlation>\n<Execution ProcessID=\"2952\" ThreadID=\"1944\"></Execution>\n<Channel>Microsoft-Windows-Application-Experience/Program-Inventory</Channel>\n<Computer>IACIS-HDD-2014</Computer>\n<Security UserID=\"S-1-5-18\"></Security>\n</System>\n<UserData><IEAddOnChangeInfoEvent xmlns:auto-ns2=\"http://schemas.microsoft.com/win/2004/08/events\" xmlns=\"http://www.microsoft.com/Windows/Diagnosis/PDU/events\"><Name>OleSNMP Class</Name>\n<Type>ActiveX</Type>\n<Publisher>Microsoft Corporation</Publisher>\n<CLSID>{4f664f91-ff01-11d0-8aed-00c04fd7b597}</CLSID>\n<FileName>oleprn.dll</FileName>\n<FileID>0000dbe7e379e77aa93c26456a787169d70a1cd7bb37</FileID>\n<Language>1033</Language>\n<FileVersion>6.1.7600.16385(win7_rtm.090713-1255)</FileVersion>\n</IEAddOnChangeInfoEvent>\n</UserData>\n</Event>\n"
  },
  {
    "EventID": 900,
    "Timestamp": "2014-01-25 16:17:52.496733+00:00",
    "Computer": "IACIS-HDD-2014",
    "Channel": "Microsoft-Windows-Application-Experience/Program-Inventory",
    "Level": "Information",
    "EventData": {},
    "RawXml": "<Event xmlns=\"http://schemas.microsoft.com/win/2004/08/events/event\"><System><Provider Name=\"Microsoft-Windows-Application-Experience\" Guid=\"{eef54e71-0661-422d-9a98-82fd4940b820}\"></Provider>\n<EventID Qualifiers=\"\">900</EventID>\n<Version>0</Version>\n<Level>4</Level>\n<Task>0</Task>\n<Opcode>0</Opcode>\n<Keywords>0x0800000000000000</Keywords>\n<TimeCreated SystemTime=\"2014-01-25 16:17:52.496733+00:00\"></TimeCreated>\n<EventRecordID>28</EventRecordID>\n<Correlation ActivityID=\"\" RelatedActivityID=\"\"></Correlation>\n<Execution ProcessID=\"2952\" ThreadID=\"1944\"></Execution>\n<Channel>Microsoft-Windows-Application-Experience/Program-Inventory</Channel>\n<Computer>IACIS-HDD-2014</Computer>\n<Security UserID=\"S-1-5-18\"></Security>\n</System>\n<UserData><IEAddOnChangeInfoEvent xmlns:auto-ns2=\"http://schemas.microsoft.com/win/2004/08/events\" xmlns=\"http://www.microsoft.com/Windows/Diagnosis/PDU/events\"><Name>DSPrintQueue Class</Name>\n<Type>ActiveX</Type>\n<Publisher>Microsoft Corporation</Publisher>\n<CLSID>{435899c9-44ab-11d1-af00-080036234103}</CLSID>\n<FileName>oleprn.dll</FileName>\n<FileID>0000dbe7e379e77aa93c26456a787169d70a1cd7bb37</FileID>\n<Language>1033</Language>\n<FileVersion>6.1.7600.16385(win7_rtm.090713-1255)</FileVersion>\n</IEAddOnChangeInfoEvent>\n</UserData>\n</Event>\n"
  },
  {
    "EventID": 900,
    "Timestamp": "2014-01-25 16:17:52.496733+00:00",
    "Computer": "IACIS-HDD-2014",
    "Channel": "Microsoft-Windows-Application-Experience/Program-Inventory",
    "Level": "Information",
    "EventData": {},
    "RawXml": "<Event xmlns=\"http://schemas.microsoft.com/win/2004/08/events/event\"><System><Provider Name=\"Microsoft-Windows-Application-Experience\" Guid=\"{eef54e71-0661-422d-9a98-82fd4940b820}\"></Provider>\n<EventID Qualifiers=\"\">900</EventID>\n<Version>0</Version>\n<Level>4</Level>\n<Task>0</Task>\n<Opcode>0</Opcode>\n<Keywords>0x0800000000000000</Keywords>\n<TimeCreated SystemTime=\"2014-01-25 16:17:52.496733+00:00\"></TimeCreated>\n<EventRecordID>29</EventRecordID>\n<Correlation ActivityID=\"\" RelatedActivityID=\"\"></Correlation>\n<Execution ProcessID=\"2952\" ThreadID=\"1944\"></Execution>\n<Channel>Microsoft-Windows-Application-Experience/Program-Inventory</Channel>\n<Computer>IACIS-HDD-2014</Computer>\n<Security UserID=\"S-1-5-18\"></Security>\n</System>\n<UserData><IEAddOnChangeInfoEvent xmlns:auto-ns2=\"http://schemas.microsoft.com/win/2004/08/events\" xmlns=\"http://www.microsoft.com/Windows/Diagnosis/PDU/events\"><Name>oleprn Class</Name>\n<Type>ActiveX</Type>\n<Publisher>Microsoft Corporation</Publisher>\n<CLSID>{3e4d4f1c-2aee-11d1-9d3d-00c04fc30df6}</CLSID>\n<FileName>oleprn.dll</FileName>\n<FileID>0000dbe7e379e77aa93c26456a787169d70a1cd7bb37</FileID>\n<Language>1033</Language>\n<FileVersion>6.1.7600.16385(win7_rtm.090713-1255)</FileVersion>\n</IEAddOnChangeInfoEvent>\n</UserData>\n</Event>\n"
  },
  {
    "EventID": 900,
    "Timestamp": "2014-01-25 16:17:52.496733+00:00",
    "Computer": "IACIS-HDD-2014",
    "Channel": "Microsoft-Windows-Application-Experience/Program-Inventory",
    "Level": "Information",
    "EventData": {},
    "RawXml": "<Event xmlns=\"http://schemas.microsoft.com/win/2004/08/events/event\"><System><Provider Name=\"Microsoft-Windows-Application-Experience\" Guid=\"{eef54e71-0661-422d-9a98-82fd4940b820}\"></Provider>\n<EventID Qualifiers=\"\">900</EventID>\n<Version>0</Version>\n<Level>4</Level>\n<Task>0</Task>\n<Opcode>0</Opcode>\n<Keywords>0x0800000000000000</Keywords>\n<TimeCreated SystemTime=\"2014-01-25 16:17:52.496733+00:00\"></TimeCreated>\n<EventRecordID>30</EventRecordID>\n<Correlation ActivityID=\"\" RelatedActivityID=\"\"></Correlation>\n<Execution ProcessID=\"2952\" ThreadID=\"1944\"></Execution>\n<Channel>Microsoft-Windows-Application-Experience/Program-Inventory</Channel>\n<Computer>IACIS-HDD-2014</Computer>\n<Security UserID=\"S-1-5-18\"></Security>\n</System>\n<UserData><IEAddOnChangeInfoEvent xmlns:auto-ns2=\"http://schemas.microsoft.com/win/2004/08/events\" xmlns=\"http://www.microsoft.com/Windows/Diagnosis/PDU/events\"><Name>XML Schema Cache</Name>\n<Type>ActiveX</Type>\n<Publisher>Microsoft Corporation</Publisher>\n<CLSID>{373984c9-b845-449b-91e7-45ac83036ade}</CLSID>\n<FileName>msxml3.dll</FileName>\n<FileID>0000d9f90bf62d40aa4daf347814253f6c4e9f9365e7</FileID>\n<Language>0</Language>\n<FileVersion>8.110.7601.17988</FileVersion>\n</IEAddOnChangeInfoEvent>\n</UserData>\n</Event>\n"
  },
  {
    "EventID": 900,
    "Timestamp": "2014-01-25 16:17:52.496733+00:00",
    "Computer": "IACIS-HDD-2014",
    "Channel": "Microsoft-Windows-Application-Experience/Program-Inventory",
    "Level": "Information",
    "EventData": {},
    "RawXml": "<Event xmlns=\"http://schemas.microsoft.com/win/2004/08/events/event\"><System><Provider Name=\"Microsoft-Windows-Application-Experience\" Guid=\"{eef54e71-0661-422d-9a98-82fd4940b820}\"></Provider>\n<EventID Qualifiers=\"\">900</EventID>\n<Version>0</Version>\n<Level>4</Level>\n<Task>0</Task>\n<Opcode>0</Opcode>\n<Keywords>0x0800000000000000</Keywords>\n<TimeCreated SystemTime=\"2014-01-25 16:17:52.496733+00:00\"></TimeCreated>\n<EventRecordID>31</EventRecordID>\n<Correlation ActivityID=\"\" RelatedActivityID=\"\"></Correlation>\n<Execution ProcessID=\"2952\" ThreadID=\"1944\"></Execution>\n<Channel>Microsoft-Windows-Application-Experience/Program-Inventory</Channel>\n<Computer>IACIS-HDD-2014</Computer>\n<Security UserID=\"S-1-5-18\"></Security>\n</System>\n<UserData><IEAddOnChangeInfoEvent xmlns:auto-ns2=\"http://schemas.microsoft.com/win/2004/08/events\" xmlns=\"http://www.microsoft.com/Windows/Diagnosis/PDU/events\"><Name>Tabular Data Control</Name>\n<Type>ActiveX</Type>\n<Publisher>Microsoft Corporation</Publisher>\n<CLSID>{333c7bc4-460f-11d0-bc04-0080c7055a83}</CLSID>\n<FileName>tdc.ocx</FileName>\n<FileID>0000c169fb5eb2118b3f01bcee4825ebc90fbc6073e4</FileID>\n<Language>1033</Language>\n<FileVersion>11.00.9600.16428(winblue_gdr.131013-1700)</FileVersion>\n</IEAddOnChangeInfoEvent>\n</UserData>\n</Event>\n"
  },
