  {
    "EventID": 1002,
    "Timestamp": "2014-02-16 22:42:56.857138+00:00",
    "Computer": "IACIS-HDD-2014",
    "Channel": "Microsoft-Windows-Known Folders API Service",
    "Level": "Warning",
    "EventData": {
      "hrError": "0x80070002",
      "FolderId": "{625b53c3-ab48-4ec1-ba1f-a1ef4146fc19}",
      "Path": "C:\\Windows\\system32\\config\\systemprofile\\AppData\\Roaming\\Microsoft\\Windows\\Start Menu"
    },
    "RawXml": "<Event xmlns=\"http://schemas.microsoft.com/win/2004/08/events/event\"><System><Provider Name=\"Microsoft-Windows-KnownFolders\" Guid=\"{8939299f-2315-4c5c-9b91-abb86aa0627d}\"></Provider>\n<EventID Qualifiers=\"\">1002</EventID>\n<Version>0</Version>\n<Level>3</Level>\n<Task>0</Task>\n<Opcode>0</Opcode>\n<Keywords>0x8000000000000000</Keywords>\n<TimeCreated SystemTime=\"2014-02-16 22:42:56.857138+00:00\"></TimeCreated>\n<EventRecordID>106</EventRecordID>\n<Correlation ActivityID=\"\" RelatedActivityID=\"\"></Correlation>\n<Execution ProcessID=\"3020\" ThreadID=\"1236\"></Execution>\n<Channel>Microsoft-Windows-Known Folders API Service</Channel>\n<Computer>IACIS-HDD-2014</Computer>\n<Security UserID=\"S-1-5-18\"></Security>\n</System>\n<EventData><Data Name=\"hrError\">0x80070002</Data>\n<Data Name=\"FolderId\">{625b53c3-ab48-4ec1-ba1f-a1ef4146fc19}</Data>\n<Data Name=\"Path\">C:\\Windows\\system32\\config\\systemprofile\\AppData\\Roaming\\Microsoft\\Windows\\Start Menu</Data>\n</EventData>\n</Event>\n"
  },
  {
    "EventID": 1002,
    "Timestamp": "2014-02-16 22:42:56.857138+00:00",
    "Computer": "IACIS-HDD-2014",
    "Channel": "Microsoft-Windows-Known Folders API Service",
    "Level": "Warning",
    "EventData": {
      "hrError": "0x80070002",
      "FolderId": "{fdd39ad0-238f-46af-adb4-6c85480369c7}",
      "Path": "C:\\Windows\\system32\\config\\systemprofile\\Documents"
    },
    "RawXml": "<Event xmlns=\"http://schemas.microsoft.com/win/2004/08/events/event\"><System><Provider Name=\"Microsoft-Windows-KnownFolders\" Guid=\"{8939299f-2315-4c5c-9b91-abb86aa0627d}\"></Provider>\n<EventID Qualifiers=\"\">1002</EventID>\n<Version>0</Version>\n<Level>3</Level>\n<Task>0</Task>\n<Opcode>0</Opcode>\n<Keywords>0x8000000000000000</Keywords>\n<TimeCreated SystemTime=\"2014-02-16 22:42:56.857138+00:00\"></TimeCreated>\n<EventRecordID>107</EventRecordID>\n<Correlation ActivityID=\"\" RelatedActivityID=\"\"></Correlation>\n<Execution ProcessID=\"3020\" ThreadID=\"1236\"></Execution>\n<Channel>Microsoft-Windows-Known Folders API Service</Channel>\n<Computer>IACIS-HDD-2014</Computer>\n<Security UserID=\"S-1-5-18\"></Security>\n</System>\n<EventData><Data Name=\"hrError\">0x80070002</Data>\n<Data Name=\"FolderId\">{fdd39ad0-238f-46af-adb4-6c85480369c7}</Data>\n<Data Name=\"Path\">C:\\Windows\\system32\\config\\systemprofile\\Documents</Data>\n</EventData>\n</Event>\n"
  },
  {
    "EventID": 1002,
    "Timestamp": "2014-02-16 22:42:56.857138+00:00",
    "Computer": "IACIS-HDD-2014",
    "Channel": "Microsoft-Windows-Known Folders API Service",
    "Level": "Warning",
    "EventData": {
      "hrError": "0x80070002",
      "FolderId": "{b4bfcc3a-db2c-424c-b029-7fe99a87c641}",
      "Path": "C:\\Windows\\system32\\config\\systemprofile\\Desktop"
    },
    "RawXml": "<Event xmlns=\"http://schemas.microsoft.com/win/2004/08/events/event\"><System><Provider Name=\"Microsoft-Windows-KnownFolders\" Guid=\"{8939299f-2315-4c5c-9b91-abb86aa0627d}\"></Provider>\n<EventID Qualifiers=\"\">1002</EventID>\n<Version>0</Version>\n<Level>3</Level>\n<Task>0</Task>\n<Opcode>0</Opcode>\n<Keywords>0x8000000000000000</Keywords>\n<TimeCreated SystemTime=\"2014-02-16 22:42:56.857138+00:00\"></TimeCreated>\n<EventRecordID>108</EventRecordID>\n<Correlation ActivityID=\"\" RelatedActivityID=\"\"></Correlation>\n<Execution ProcessID=\"3020\" ThreadID=\"1236\"></Execution>\n<Channel>Microsoft-Windows-Known Folders API Service</Channel>\n<Computer>IACIS-HDD-2014</Computer>\n<Security UserID=\"S-1-5-18\"></Security>\n</System>\n<EventData><Data Name=\"hrError\">0x80070002</Data>\n<Data Name=\"FolderId\">{b4bfcc3a-db2c-424c-b029-7fe99a87c641}</Data>\n<Data Name=\"Path\">C:\\Windows\\system32\\config\\systemprofile\\Desktop</Data>\n</EventData>\n</Event>\n"
  },
  {
    "EventID": 1002,
    "Timestamp": "2014-02-19 13:34:03.391659+00:00",
    "Computer": "IACIS-HDD-2014",
    "Channel": "Microsoft-Windows-Known Folders API Service",
    "Level": "Warning",
    "EventData": {
      "hrError": "0x80070002",
      "FolderId": "{1777f761-68ad-4d8a-87bd-30b759fa33dd}",
      "Path": "C:\\Windows\\system32\\config\\systemprofile\\Favorites"
    },
    "RawXml": "<Event xmlns=\"http://schemas.microsoft.com/win/2004/08/events/event\"><System><Provider Name=\"Microsoft-Windows-KnownFolders\" Guid=\"{8939299f-2315-4c5c-9b91-abb86aa0627d}\"></Provider>\n<EventID Qualifiers=\"\">1002</EventID>\n<Version>0</Version>\n<Level>3</Level>\n<Task>0</Task>\n<Opcode>0</Opcode>\n<Keywords>0x8000000000000000</Keywords>\n<TimeCreated SystemTime=\"2014-02-19 13:34:03.391659+00:00\"></TimeCreated>\n<EventRecordID>109</EventRecordID>\n<Correlation ActivityID=\"\" RelatedActivityID=\"\"></Correlation>\n<Execution ProcessID=\"2988\" ThreadID=\"1516\"></Execution>\n<Channel>Microsoft-Windows-Known Folders API Service</Channel>\n<Computer>IACIS-HDD-2014</Computer>\n<Security UserID=\"S-1-5-18\"></Security>\n</System>\n<EventData><Data Name=\"hrError\">0x80070002</Data>\n<Data Name=\"FolderId\">{1777f761-68ad-4d8a-87bd-30b759fa33dd}</Data>\n<Data Name=\"Path\">C:\\Windows\\system32\\config\\systemprofile\\Favorites</Data>\n</EventData>\n</Event>\n"
  },
  {
    "EventID": 1002,
    "Timestamp": "2014-02-19 13:34:03.391659+00:00",
    "Computer": "IACIS-HDD-2014",
    "Channel": "Microsoft-Windows-Known Folders API Service",
    "Level": "Warning",
    "EventData": {
      "hrError": "0x80070002",
      "FolderId": "{625b53c3-ab48-4ec1-ba1f-a1ef4146fc19}",
      "Path": "C:\\Windows\\system32\\config\\systemprofile\\AppData\\Roaming\\Microsoft\\Windows\\Start Menu"
    },
    "RawXml": "<Event xmlns=\"http://schemas.microsoft.com/win/2004/08/events/event\"><System><Provider Name=\"Microsoft-Windows-KnownFolders\" Guid=\"{8939299f-2315-4c5c-9b91-abb86aa0627d}\"></Provider>\n<EventID Qualifiers=\"\">1002</EventID>\n<Version>0</Version>\n<Level>3</Level>\n<Task>0</Task>\n<Opcode>0</Opcode>\n<Keywords>0x8000000000000000</Keywords>\n<TimeCreated SystemTime=\"2014-02-19 13:34:03.391659+00:00\"></TimeCreated>\n<EventRecordID>110</EventRecordID>\n<Correlation ActivityID=\"\" RelatedActivityID=\"\"></Correlation>\n<Execution ProcessID=\"2988\" ThreadID=\"1516\"></Execution>\n<Channel>Microsoft-Windows-Known Folders API Service</Channel>\n<Computer>IACIS-HDD-2014</Computer>\n<Security UserID=\"S-1-5-18\"></Security>\n</System>\n<EventData><Data Name=\"hrError\">0x80070002</Data>\n<Data Name=\"FolderId\">{625b53c3-ab48-4ec1-ba1f-a1ef4146fc19}</Data>\n<Data Name=\"Path\">C:\\Windows\\system32\\config\\systemprofile\\AppData\\Roaming\\Microsoft\\Windows\\Start Menu</Data>\n</EventData>\n</Event>\n"
  },
  {
    "EventID": 1002,
    "Timestamp": "2014-02-19 13:34:03.391659+00:00",
    "Computer": "IACIS-HDD-2014",
    "Channel": "Microsoft-Windows-Known Folders API Service",
    "Level": "Warning",
    "EventData": {
      "hrError": "0x80070002",
      "FolderId": "{fdd39ad0-238f-46af-adb4-6c85480369c7}",
      "Path": "C:\\Windows\\system32\\config\\systemprofile\\Documents"
    },
    "RawXml": "<Event xmlns=\"http://schemas.microsoft.com/win/2004/08/events/event\"><System><Provider Name=\"Microsoft-Windows-KnownFolders\" Guid=\"{8939299f-2315-4c5c-9b91-abb86aa0627d}\"></Provider>\n<EventID Qualifiers=\"\">1002</EventID>\n<Version>0</Version>\n<Level>3</Level>\n<Task>0</Task>\n<Opcode>0</Opcode>\n<Keywords>0x8000000000000000</Keywords>\n<TimeCreated SystemTime=\"2014-02-19 13:34:03.391659+00:00\"></TimeCreated>\n<EventRecordID>111</EventRecordID>\n<Correlation ActivityID=\"\" RelatedActivityID=\"\"></Correlation>\n<Execution ProcessID=\"2988\" ThreadID=\"1516\"></Execution>\n<Channel>Microsoft-Windows-Known Folders API Service</Channel>\n<Computer>IACIS-HDD-2014</Computer>\n<Security UserID=\"S-1-5-18\"></Security>\n</System>\n<EventData><Data Name=\"hrError\">0x80070002</Data>\n<Data Name=\"FolderId\">{fdd39ad0-238f-46af-adb4-6c85480369c7}</Data>\n<Data Name=\"Path\">C:\\Windows\\system32\\config\\systemprofile\\Documents</Data>\n</EventData>\n</Event>\n"
  },
  {
    "EventID": 1002,
    "Timestamp": "2014-02-19 13:34:03.391659+00:00",
    "Computer": "IACIS-HDD-2014",
    "Channel": "Microsoft-Windows-Known Folders API Service",
    "Level": "Warning",
    "EventData": {
      "hrError": "0x80070002",
      "FolderId": "{b4bfcc3a-db2c-424c-b029-7fe99a87c641}",
      "Path": "C:\\Windows\\system32\\config\\systemprofile\\Desktop"
    },
    "RawXml": "<Event xmlns=\"http://schemas.microsoft.com/win/2004/08/events/event\"><System><Provider Name=\"Microsoft-Windows-KnownFolders\" Guid=\"{8939299f-2315-4c5c-9b91-abb86aa0627d}\"></Provider>\n<EventID Qualifiers=\"\">1002</EventID>\n<Version>0</Version>\n<Level>3</Level>\n<Task>0</Task>\n<Opcode>0</Opcode>\n<Keywords>0x8000000000000000</Keywords>\n<TimeCreated SystemTime=\"2014-02-19 13:34:03.391659+00:00\"></TimeCreated>\n<EventRecordID>112</EventRecordID>\n<Correlation ActivityID=\"\" RelatedActivityID=\"\"></Correlation>\n<Execution ProcessID=\"2988\" ThreadID=\"1516\"></Execution>\n<Channel>Microsoft-Windows-Known Folders API Service</Channel>\n<Computer>IACIS-HDD-2014</Computer>\n<Security UserID=\"S-1-5-18\"></Security>\n</System>\n<EventData><Data Name=\"hrError\">0x80070002</Data>\n<Data Name=\"FolderId\">{b4bfcc3a-db2c-424c-b029-7fe99a87c641}</Data>\n<Data Name=\"Path\">C:\\Windows\\system32\\config\\systemprofile\\Desktop</Data>\n</EventData>\n</Event>\n"
  },
  {
    "EventID": 1002,
    "Timestamp": "2014-02-20 14:30:34.907906+00:00",
    "Computer": "IACIS-HDD-2014",
    "Channel": "Microsoft-Windows-Known Folders API Service",
    "Level": "Warning",
    "EventData": {
      "hrError": "0x80070002",
      "FolderId": "{1777f761-68ad-4d8a-87bd-30b759fa33dd}",
      "Path": "C:\\Windows\\system32\\config\\systemprofile\\Favorites"
    },
    "RawXml": "<Event xmlns=\"http://schemas.microsoft.com/win/2004/08/events/event\"><System><Provider Name=\"Microsoft-Windows-KnownFolders\" Guid=\"{8939299f-2315-4c5c-9b91-abb86aa0627d}\"></Provider>\n<EventID Qualifiers=\"\">1002</EventID>\n<Version>0</Version>\n<Level>3</Level>\n<Task>0</Task>\n<Opcode>0</Opcode>\n<Keywords>0x8000000000000000</Keywords>\n<TimeCreated SystemTime=\"2014-02-20 14:30:34.907906+00:00\"></TimeCreated>\n<EventRecordID>113</EventRecordID>\n<Correlation ActivityID=\"\" RelatedActivityID=\"\"></Correlation>\n<Execution ProcessID=\"2772\" ThreadID=\"3008\"></Execution>\n<Channel>Microsoft-Windows-Known Folders API Service</Channel>\n<Computer>IACIS-HDD-2014</Computer>\n<Security UserID=\"S-1-5-18\"></Security>\n</System>\n<EventData><Data Name=\"hrError\">0x80070002</Data>\n<Data Name=\"FolderId\">{1777f761-68ad-4d8a-87bd-30b759fa33dd}</Data>\n<Data Name=\"Path\">C:\\Windows\\system32\\config\\systemprofile\\Favorites</Data>\n</EventData>\n</Event>\n"
  },
  {
    "EventID": 1002,
    "Timestamp": "2014-02-20 14:30:34.923506+00:00",
    "Computer": "IACIS-HDD-2014",
    "Channel": "Microsoft-Windows-Known Folders API Service",
    "Level": "Warning",
    "EventData": {
      "hrError": "0x80070002",
      "FolderId": "{625b53c3-ab48-4ec1-ba1f-a1ef4146fc19}",
      "Path": "C:\\Windows\\system32\\config\\systemprofile\\AppData\\Roaming\\Microsoft\\Windows\\Start Menu"
    },
    "RawXml": "<Event xmlns=\"http://schemas.microsoft.com/win/2004/08/events/event\"><System><Provider Name=\"Microsoft-Windows-KnownFolders\" Guid=\"{8939299f-2315-4c5c-9b91-abb86aa0627d}\"></Provider>\n<EventID Qualifiers=\"\">1002</EventID>\n<Version>0</Version>\n<Level>3</Level>\n<Task>0</Task>\n<Opcode>0</Opcode>\n<Keywords>0x8000000000000000</Keywords>\n<TimeCreated SystemTime=\"2014-02-20 14:30:34.923506+00:00\"></TimeCreated>\n<EventRecordID>114</EventRecordID>\n<Correlation ActivityID=\"\" RelatedActivityID=\"\"></Correlation>\n<Execution ProcessID=\"2772\" ThreadID=\"3008\"></Execution>\n<Channel>Microsoft-Windows-Known Folders API Service</Channel>\n<Computer>IACIS-HDD-2014</Computer>\n<Security UserID=\"S-1-5-18\"></Security>\n</System>\n<EventData><Data Name=\"hrError\">0x80070002</Data>\n<Data Name=\"FolderId\">{625b53c3-ab48-4ec1-ba1f-a1ef4146fc19}</Data>\n<Data Name=\"Path\">C:\\Windows\\system32\\config\\systemprofile\\AppData\\Roaming\\Microsoft\\Windows\\Start Menu</Data>\n</EventData>\n</Event>\n"
  },
  {
    "EventID": 1002,
    "Timestamp": "2014-02-20 14:30:34.923506+00:00",
    "Computer": "IACIS-HDD-2014",
    "Channel": "Microsoft-Windows-Known Folders API Service",
    "Level": "Warning",
    "EventData": {
      "hrError": "0x80070002",
      "FolderId": "{fdd39ad0-238f-46af-adb4-6c85480369c7}",
      "Path": "C:\\Windows\\system32\\config\\systemprofile\\Documents"
    },
    "RawXml": "<Event xmlns=\"http://schemas.microsoft.com/win/2004/08/events/event\"><System><Provider Name=\"Microsoft-Windows-KnownFolders\" Guid=\"{8939299f-2315-4c5c-9b91-abb86aa0627d}\"></Provider>\n<EventID Qualifiers=\"\">1002</EventID>\n<Version>0</Version>\n<Level>3</Level>\n<Task>0</Task>\n<Opcode>0</Opcode>\n<Keywords>0x8000000000000000</Keywords>\n<TimeCreated SystemTime=\"2014-02-20 14:30:34.923506+00:00\"></TimeCreated>\n<EventRecordID>115</EventRecordID>\n<Correlation ActivityID=\"\" RelatedActivityID=\"\"></Correlation>\n<Execution ProcessID=\"2772\" ThreadID=\"3008\"></Execution>\n<Channel>Microsoft-Windows-Known Folders API Service</Channel>\n<Computer>IACIS-HDD-2014</Computer>\n<Security UserID=\"S-1-5-18\"></Security>\n</System>\n<EventData><Data Name=\"hrError\">0x80070002</Data>\n<Data Name=\"FolderId\">{fdd39ad0-238f-46af-adb4-6c85480369c7}</Data>\n<Data Name=\"Path\">C:\\Windows\\system32\\config\\systemprofile\\Documents</Data>\n</EventData>\n</Event>\n"
  },
  {
    "EventID": 1002,
    "Timestamp": "2014-02-20 14:30:34.923506+00:00",
    "Computer": "IACIS-HDD-2014",
    "Channel": "Microsoft-Windows-Known Folders API Service",
    "Level": "Warning",
    "EventData": {
      "hrError": "0x80070002",
      "FolderId": "{b4bfcc3a-db2c-424c-b029-7fe99a87c641}",
      "Path": "C:\\Windows\\system32\\config\\systemprofile\\Desktop"
    },
    "RawXml": "<Event xmlns=\"http://schemas.microsoft.com/win/2004/08/events/event\"><System><Provider Name=\"Microsoft-Windows-KnownFolders\" Guid=\"{8939299f-2315-4c5c-9b91-abb86aa0627d}\"></Provider>\n<EventID Qualifiers=\"\">1002</EventID>\n<Version>0</Version>\n<Level>3</Level>\n<Task>0</Task>\n<Opcode>0</Opcode>\n<Keywords>0x8000000000000000</Keywords>\n<TimeCreated SystemTime=\"2014-02-20 14:30:34.923506+00:00\"></TimeCreated>\n<EventRecordID>116</EventRecordID>\n<Correlation ActivityID=\"\" RelatedActivityID=\"\"></Correlation>\n<Execution ProcessID=\"2772\" ThreadID=\"3008\"></Execution>\n<Channel>Microsoft-Windows-Known Folders API Service</Channel>\n<Computer>IACIS-HDD-2014</Computer>\n<Security UserID=\"S-1-5-18\"></Security>\n</System>\n<EventData><Data Name=\"hrError\">0x80070002</Data>\n<Data Name=\"FolderId\">{b4bfcc3a-db2c-424c-b029-7fe99a87c641}</Data>\n<Data Name=\"Path\">C:\\Windows\\system32\\config\\systemprofile\\Desktop</Data>\n</EventData>\n</Event>\n"
  }
]