[
  {
    "EventID": 100,
    "Timestamp": "2014-01-25 04:19:42.177713+00:00",
    "Computer": "37L4247F27-25",
    "Channel": "Microsoft-Windows-Diagnosis-DPS/Operational",
    "Level": "Information",
    "EventData": {
      "ScenarioId": "{2698178d-fdad-40ae-9d3c-1371703adc5b}",
      "InstanceId": "{48ac0883-e13a-47bf-86fc-38852bd21ad7}",
      "OriginalActivityId": "{2698178d-fdad-40ae-9d3c-1371703adc5b}",
      "DiagnosticModuleImageName": "%SystemRoot%\\system32\\diagperf.dll",
      "DiagnosticModuleId": "{15fba3b8-a37a-4f91-bdba-fbb98fe804bf}"
    },
    "RawXml": "<Event xmlns=\"http://schemas.microsoft.com/win/2004/08/events/event\"><System><Provider Name=\"Microsoft-Windows-Diagnosis-DPS\" Guid=\"{6bba3851-2c7e-4dea-8f54-31e5afd029e3}\"></Provider>\n<EventID Qualifiers=\"\">100</EventID>\n<Version>0</Version>\n<Level>4</Level>\n<Task>1</Task>\n<Opcode>12</Opcode>\n<Keywords>0x4000000800000000</Keywords>\n<TimeCreated SystemTime=\"2014-01-25 04:19:42.177713+00:00\"></TimeCreated>\n<EventRecordID>1</EventRecordID>\n<Correlation ActivityID=\"{48ac0883-e13a-47bf-86fc-38852bd21ad7}\" RelatedActivityID=\"\"></Correlation>\n<Execution ProcessID=\"732\" ThreadID=\"1040\"></Execution>\n<Channel>Microsoft-Windows-Diagnosis-DPS/Operational</Channel>\n<Computer>37L4247F27-25</Computer>\n<Security UserID=\"S-1-5-19\"></Security>\n</System>\n<EventData><Data Name=\"ScenarioId\">{2698178d-fdad-40ae-9d3c-1371703adc5b}</Data>\n<Data Name=\"InstanceId\">{48ac0883-e13a-47bf-86fc-38852bd21ad7}</Data>\n<Data Name=\"OriginalActivityId\">{2698178d-fdad-40ae-9d3c-1371703adc5b}</Data>\n<Data Name=\"DiagnosticModuleImageName\">%SystemRoot%\\system32\\diagperf.dll</Data>\n<Data Name=\"DiagnosticModuleId\">{15fba3b8-a37a-4f91-bdba-fbb98fe804bf}</Data>\n</EventData>\n</Event>\n"
  },
  {
    "EventID": 105,
    "Timestamp": "2014-01-25 04:19:42.177713+00:00",
    "Computer": "37L4247F27-25",
    "Channel": "Microsoft-Windows-Diagnosis-DPS/Operational",
    "Level": "Information",
    "EventData": {
      "ScenarioId": "{2698178d-fdad-40ae-9d3c-1371703adc5b}",
      "InstanceId": "{48ac0883-e13a-47bf-86fc-38852bd21ad7}",
      "OriginalActivityId": "{2698178d-fdad-40ae-9d3c-1371703adc5b}",
      "DiagnosticModuleImageName": "%SystemRoot%\\system32\\diagperf.dll",
      "DiagnosticModuleId": "{15fba3b8-a37a-4f91-bdba-fbb98fe804bf}"
    },
    "RawXml": "<Event xmlns=\"http://schemas.microsoft.com/win/2004/08/events/event\"><System><Provider Name=\"Microsoft-Windows-Diagnosis-DPS\" Guid=\"{6bba3851-2c7e-4dea-8f54-31e5afd029e3}\"></Provider>\n<EventID Qualifiers=\"\">105</EventID>\n<Version>0</Version>\n<Level>4</Level>\n<Task>1</Task>\n<Opcode>13</Opcode>\n<Keywords>0x4000000800000000</Keywords>\n<TimeCreated SystemTime=\"2014-01-25 04:19:42.177713+00:00\"></TimeCreated>\n<EventRecordID>2</EventRecordID>\n<Correlation ActivityID=\"{48ac0883-e13a-47bf-86fc-38852bd21ad7}\" RelatedActivityID=\"\"></Correlation>\n<Execution ProcessID=\"732\" ThreadID=\"1040\"></Execution>\n<Channel>Microsoft-Windows-Diagnosis-DPS/Operational</Channel>\n<Computer>37L4247F27-25</Computer>\n<Security UserID=\"S-1-5-19\"></Security>\n</System>\n<EventData><Data Name=\"ScenarioId\">{2698178d-fdad-40ae-9d3c-1371703adc5b}</Data>\n<Data Name=\"InstanceId\">{48ac0883-e13a-47bf-86fc-38852bd21ad7}</Data>\n<Data Name=\"OriginalActivityId\">{2698178d-fdad-40ae-9d3c-1371703adc5b}</Data>\n<Data Name=\"DiagnosticModuleImageName\">%SystemRoot%\\system32\\diagperf.dll</Data>\n<Data Name=\"DiagnosticModuleId\">{15fba3b8-a37a-4f91-bdba-fbb98fe804bf}</Data>\n</EventData>\n</Event>\n"
  },
  {
    "EventID": 100,
    "Timestamp": "2014-01-25 04:24:47.202206+00:00",
    "Computer": "IACIS-HDD-2014",
    "Channel": "Microsoft-Windows-Diagnosis-DPS/Operational",
    "Level": "Information",
    "EventData": {
      "ScenarioId": "{2698178d-fdad-40ae-9d3c-1371703adc5b}",
      "InstanceId": "{458f9ea1-65f0-44ae-894c-e9268370bae0}",
      "OriginalActivityId": "{2698178d-fdad-40ae-9d3c-1371703adc5b}",
      "DiagnosticModuleImageName": "%SystemRoot%\\system32\\diagperf.dll",
      "DiagnosticModuleId": "{15fba3b8-a37a-4f91-bdba-fbb98fe804bf}"
    },
    "RawXml": "<Event xmlns=\"http://schemas.microsoft.com/win/2004/08/events/event\"><System><Provider Name=\"Microsoft-Windows-Diagnosis-DPS\" Guid=\"{6bba3851-2c7e-4dea-8f54-31e5afd029e3}\"></Provider>\n<EventID Qualifiers=\"\">100</EventID>\n<Version>0</Version>\n<Level>4</Level>\n<Task>1</Task>\n<Opcode>12</Opcode>\n<Keywords>0x4000000800000000</Keywords>\n<TimeCreated SystemTime=\"2014-01-25 04:24:47.202206+00:00\"></TimeCreated>\n<EventRecordID>3</EventRecordID>\n<Correlation ActivityID=\"{458f9ea1-65f0-44ae-894c-e9268370bae0}\" RelatedActivityID=\"\"></Correlation>\n<Execution ProcessID=\"1268\" ThreadID=\"1456\"></Execution>\n<Channel>Microsoft-Windows-Diagnosis-DPS/Operational</Channel>\n<Computer>IACIS-HDD-2014</Computer>\n<Security UserID=\"S-1-5-19\"></Security>\n</System>\n<EventData><Data Name=\"ScenarioId\">{2698178d-fdad-40ae-9d3c-1371703adc5b}</Data>\n<Data Name=\"InstanceId\">{458f9ea1-65f0-44ae-894c-e9268370bae0}</Data>\n<Data Name=\"OriginalActivityId\">{2698178d-fdad-40ae-9d3c-1371703adc5b}</Data>\n<Data Name=\"DiagnosticModuleImageName\">%SystemRoot%\\system32\\diagperf.dll</Data>\n<Data Name=\"DiagnosticModuleId\">{15fba3b8-a37a-4f91-bdba-fbb98fe804bf}</Data>\n</EventData>\n</Event>\n"
  },
  {
    "EventID": 105,
    "Timestamp": "2014-01-25 04:24:47.202206+00:00",
    "Computer": "IACIS-HDD-2014",
    "Channel": "Microsoft-Windows-Diagnosis-DPS/Operational",
    "Level": "Information",
    "EventData": {
      "ScenarioId": "{2698178d-fdad-40ae-9d3c-1371703adc5b}",
      "InstanceId": "{458f9ea1-65f0-44ae-894c-e9268370bae0}",
      "OriginalActivityId": "{2698178d-fdad-40ae-9d3c-1371703adc5b}",
      "DiagnosticModuleImageName": "%SystemRoot%\\system32\\diagperf.dll",
      "DiagnosticModuleId": "{15fba3b8-a37a-4f91-bdba-fbb98fe804bf}"
    },
    "RawXml": "<Event xmlns=\"http://schemas.microsoft.com/win/2004/08/events/event\"><System><Provider Name=\"Microsoft-Windows-Diagnosis-DPS\" Guid=\"{6bba3851-2c7e-4dea-8f54-31e5afd029e3}\"></Provider>\n<EventID Qualifiers=\"\">105</EventID>\n<Version>0</Version>\n<Level>4</Level>\n<Task>1</Task>\n<Opcode>13</Opcode>\n<Keywords>0x4000000800000000</Keywords>\n<TimeCreated SystemTime=\"2014-01-25 04:24:47.202206+00:00\"></TimeCreated>\n<EventRecordID>4</EventRecordID>\n<Correlation ActivityID=\"{458f9ea1-65f0-44ae-894c-e9268370bae0}\" RelatedActivityID=\"\"></Correlation>\n<Execution ProcessID=\"1268\" ThreadID=\"1456\"></Execution>\n<Channel>Microsoft-Windows-Diagnosis-DPS/Operational</Channel>\n<Computer>IACIS-HDD-2014</Computer>\n<Security UserID=\"S-1-5-19\"></Security>\n</System>\n<EventData><Data Name=\"ScenarioId\">{2698178d-fdad-40ae-9d3c-1371703adc5b}</Data>\n<Data Name=\"InstanceId\">{458f9ea1-65f0-44ae-894c-e9268370bae0}</Data>\n<Data Name=\"OriginalActivityId\">{2698178d-fdad-40ae-9d3c-1371703adc5b}</Data>\n<Data Name=\"DiagnosticModuleImageName\">%SystemRoot%\\system32\\diagperf.dll</Data>\n<Data Name=\"DiagnosticModuleId\">{15fba3b8-a37a-4f91-bdba-fbb98fe804bf}</Data>\n</EventData>\n</Event>\n"
  },
  {
    "EventID": 100,
    "Timestamp": "2014-01-25 01:29:31.676088+00:00",
    "Computer": "IACIS-HDD-2014",
    "Channel": "Microsoft-Windows-Diagnosis-DPS/Operational",
    "Level": "Information",
    "EventData": {
      "ScenarioId": "{86432a0b-3c7d-4ddf-a89c-172faa90485d}",
      "InstanceId": "{c30ddc0b-d531-48f8-b80a-d7cbf3b9fac5}",
      "OriginalActivityId": "{86432a0b-3c7d-4ddf-a89c-172faa90485d}",
      "DiagnosticModuleImageName": "%SystemRoot%\\system32\\diagperf.dll",
      "DiagnosticModuleId": "{c8544339-5be9-4f25-862e-485f1b1a6935}"
    },
    "RawXml": "<Event xmlns=\"http://schemas.microsoft.com/win/2004/08/events/event\"><System><Provider Name=\"Microsoft-Windows-Diagnosis-DPS\" Guid=\"{6bba3851-2c7e-4dea-8f54-31e5afd029e3}\"></Provider>\n<EventID Qualifiers=\"\">100</EventID>\n<Version>0</Version>\n<Level>4</Level>\n<Task>1</Task>\n<Opcode>12</Opcode>\n<Keywords>0x4000000800000000</Keywords>\n<TimeCreated SystemTime=\"2014-01-25 01:29:31.676088+00:00\"></TimeCreated>\n<EventRecordID>5</EventRecordID>\n<Correlation ActivityID=\"{c30ddc0b-d531-48f8-b80a-d7cbf3b9fac5}\" RelatedActivityID=\"\"></Correlation>\n<Execution ProcessID=\"1268\" ThreadID=\"3060\"></Execution>\n<Channel>Microsoft-Windows-Diagnosis-DPS/Operational</Channel>\n<Computer>IACIS-HDD-2014</Computer>\n<Security UserID=\"S-1-5-19\"></Security>\n</System>\n<EventData><Data Name=\"ScenarioId\">{86432a0b-3c7d-4ddf-a89c-172faa90485d}</Data>\n<Data Name=\"InstanceId\">{c30ddc0b-d531-48f8-b80a-d7cbf3b9fac5}</Data>\n<Data Name=\"OriginalActivityId\">{86432a0b-3c7d-4ddf-a89c-172faa90485d}</Data>\n<Data Name=\"DiagnosticModuleImageName\">%SystemRoot%\\system32\\diagperf.dll</Data>\n<Data Name=\"DiagnosticModuleId\">{c8544339-5be9-4f25-862e-485f1b1a6935}</Data>\n</EventData>\n</Event>\n"
  },
  {
    "EventID": 105,
    "Timestamp": "2014-01-25 01:29:31.676088+00:00",
    "Computer": "IACIS-HDD-2014",
    "Channel": "Microsoft-Windows-Diagnosis-DPS/Operational",
    "Level": "Information",
    "EventData": {
      "ScenarioId": "{86432a0b-3c7d-4ddf-a89c-172faa90485d}",
      "InstanceId": "{c30ddc0b-d531-48f8-b80a-d7cbf3b9fac5}",
      "OriginalActivityId": "{86432a0b-3c7d-4ddf-a89c-172faa90485d}",
      "DiagnosticModuleImageName": "%SystemRoot%\\system32\\diagperf.dll",
      "DiagnosticModuleId": "{c8544339-5be9-4f25-862e-485f1b1a6935}"
    },
    "RawXml": "<Event xmlns=\"http://schemas.microsoft.com/win/2004/08/events/event\"><System><Provider Name=\"Microsoft-Windows-Diagnosis-DPS\" Guid=\"{6bba3851-2c7e-4dea-8f54-31e5afd029e3}\"></Provider>\n<EventID Qualifiers=\"\">105</EventID>\n<Version>0</Version>\n<Level>4</Level>\n<Task>1</Task>\n<Opcode>13</Opcode>\n<Keywords>0x4000000800000000</Keywords>\n<TimeCreated SystemTime=\"2014-01-25 01:29:31.676088+00:00\"></TimeCreated>\n<EventRecordID>6</EventRecordID>\n<Correlation ActivityID=\"{c30ddc0b-d531-48f8-b80a-d7cbf3b9fac5}\" RelatedActivityID=\"\"></Correlation>\n<Execution ProcessID=\"1268\" ThreadID=\"3060\"></Execution>\n<Channel>Microsoft-Windows-Diagnosis-DPS/Operational</Channel>\n<Computer>IACIS-HDD-2014</Computer>\n<Security UserID=\"S-1-5-19\"></Security>\n</System>\n<EventData><Data Name=\"ScenarioId\">{86432a0b-3c7d-4ddf-a89c-172faa90485d}</Data>\n<Data Name=\"InstanceId\">{c30ddc0b-d531-48f8-b80a-d7cbf3b9fac5}</Data>\n<Data Name=\"OriginalActivityId\">{86432a0b-3c7d-4ddf-a89c-172faa90485d}</Data>\n<Data Name=\"DiagnosticModuleImageName\">%SystemRoot%\\system32\\diagperf.dll</Data>\n<Data Name=\"DiagnosticModuleId\">{c8544339-5be9-4f25-862e-485f1b1a6935}</Data>\n</EventData>\n</Event>\n"
  },
  {
    "EventID": 110,
    "Timestamp": "2014-01-25 01:29:32.612091+00:00",
    "Computer": "IACIS-HDD-2014",
    "Channel": "Microsoft-Windows-Diagnosis-DPS/Operational",
    "Level": "Information",
    "EventData": {
      "ScenarioId": "{2698178d-fdad-40ae-9d3c-1371703adc5b}",
      "InstanceId": "{458f9ea1-65f0-44ae-894c-e9268370bae0}",
      "OriginalActivityId": "{2698178d-fdad-40ae-9d3c-1371703adc5b}",
      "DiagnosticModuleImageName": "%SystemRoot%\\system32\\diagperf.dll",
      "DiagnosticModuleId": "{15fba3b8-a37a-4f91-bdba-fbb98fe804bf}"
    },
    "RawXml": "<Event xmlns=\"http://schemas.microsoft.com/win/2004/08/events/event\"><System><Provider Name=\"Microsoft-Windows-Diagnosis-DPS\" Guid=\"{6bba3851-2c7e-4dea-8f54-31e5afd029e3}\"></Provider>\n<EventID Qualifiers=\"\">110</EventID>\n<Version>0</Version>\n<Level>4</Level>\n<Task>1</Task>\n<Opcode>14</Opcode>\n<Keywords>0x4000000800000000</Keywords>\n<TimeCreated SystemTime=\"2014-01-25 01:29:32.612091+00:00\"></TimeCreated>\n<EventRecordID>7</EventRecordID>\n<Correlation ActivityID=\"{458f9ea1-65f0-44ae-894c-e9268370bae0}\" RelatedActivityID=\"\"></Correlation>\n<Execution ProcessID=\"1268\" ThreadID=\"3060\"></Execution>\n<Channel>Microsoft-Windows-Diagnosis-DPS/Operational</Channel>\n<Computer>IACIS-HDD-2014</Computer>\n<Security UserID=\"S-1-5-19\"></Security>\n</System>\n<EventData><Data Name=\"ScenarioId\">{2698178d-fdad-40ae-9d3c-1371703adc5b}</Data>\n<Data Name=\"InstanceId\">{458f9ea1-65f0-44ae-894c-e9268370bae0}</Data>\n<Data Name=\"OriginalActivityId\">{2698178d-fdad-40ae-9d3c-1371703adc5b}</Data>\n<Data Name=\"DiagnosticModuleImageName\">%SystemRoot%\\system32\\diagperf.dll</Data>\n<Data Name=\"DiagnosticModuleId\">{15fba3b8-a37a-4f91-bdba-fbb98fe804bf}</Data>\n</EventData>\n</Event>\n"
  },
  {
    "EventID": 110,
    "Timestamp": "2014-01-25 01:29:32.674490+00:00",
    "Computer": "IACIS-HDD-2014",
    "Channel": "Microsoft-Windows-Diagnosis-DPS/Operational",
    "Level": "Information",
    "EventData": {
      "ScenarioId": "{86432a0b-3c7d-4ddf-a89c-172faa90485d}",
      "InstanceId": "{c30ddc0b-d531-48f8-b80a-d7cbf3b9fac5}",
      "OriginalActivityId": "{86432a0b-3c7d-4ddf-a89c-172faa90485d}",
      "DiagnosticModuleImageName": "%SystemRoot%\\system32\\diagperf.dll",
      "DiagnosticModuleId": "{c8544339-5be9-4f25-862e-485f1b1a6935}"
    },
    "RawXml": "<Event xmlns=\"http://schemas.microsoft.com/win/2004/08/events/event\"><System><Provider Name=\"Microsoft-Windows-Diagnosis-DPS\" Guid=\"{6bba3851-2c7e-4dea-8f54-31e5afd029e3}\"></Provider>\n<EventID Qualifiers=\"\">110</EventID>\n<Version>0</Version>\n<Level>4</Level>\n<Task>1</Task>\n<Opcode>14</Opcode>\n<Keywords>0x4000000800000000</Keywords>\n<TimeCreated SystemTime=\"2014-01-25 01:29:32.674490+00:00\"></TimeCreated>\n<EventRecordID>8</EventRecordID>\n<Correlation ActivityID=\"{c30ddc0b-d531-48f8-b80a-d7cbf3b9fac5}\" RelatedActivityID=\"\"></Correlation>\n<Execution ProcessID=\"1268\" ThreadID=\"3060\"></Execution>\n<Channel>Microsoft-Windows-Diagnosis-DPS/Operational</Channel>\n<Computer>IACIS-HDD-2014</Computer>\n<Security UserID=\"S-1-5-19\"></Security>\n</System>\n<EventData><Data Name=\"ScenarioId\">{86432a0b-3c7d-4ddf-a89c-172faa90485d}</Data>\n<Data Name=\"InstanceId\">{c30ddc0b-d531-48f8-b80a-d7cbf3b9fac5}</Data>\n<Data Name=\"OriginalActivityId\">{86432a0b-3c7d-4ddf-a89c-172faa90485d}</Data>\n<Data Name=\"DiagnosticModuleImageName\">%SystemRoot%\\system32\\diagperf.dll</Data>\n<Data Name=\"DiagnosticModuleId\">{c8544339-5be9-4f25-862e-485f1b1a6935}</Data>\n</EventData>\n</Event>\n"
  },
  {
    "EventID": 100,
    "Timestamp": "2014-01-25 01:39:42.816315+00:00",
    "Computer": "IACIS-HDD-2014",
    "Channel": "Microsoft-Windows-Diagnosis-DPS/Operational",
    "Level": "Information",
    "EventData": {
      "ScenarioId": "{180b3a99-8c39-4f12-b631-2031998efe45}",
      "InstanceId": "{aee9cfed-81dd-40b2-bdf1-d12977c8c8dc}",
      "OriginalActivityId": "{00000000-0000-0000-0000-000000000000}",
      "DiagnosticModuleImageName": "%windir%\\system32\\radardt.dll",
      "DiagnosticModuleId": "{45de1ea9-10bc-4f96-9b21-4b6b83dbf476}"
    },
    "RawXml": "<Event xmlns=\"http://schemas.microsoft.com/win/2004/08/events/event\"><System><Provider Name=\"Microsoft-Windows-Diagnosis-DPS\" Guid=\"{6bba3851-2c7e-4dea-8f54-31e5afd029e3}\"></Provider>\n<EventID Qualifiers=\"\">100</EventID>\n<Version>0</Version>\n<Level>4</Level>\n<Task>1</Task>\n<Opcode>12</Opcode>\n<Keywords>0x4000000800000000</Keywords>\n<TimeCreated SystemTime=\"2014-01-25 01:39:42.816315+00:00\"></TimeCreated>\n<EventRecordID>9</EventRecordID>\n<Correlation ActivityID=\"{aee9cfed-81dd-40b2-bdf1-d12977c8c8dc}\" RelatedActivityID=\"\"></Correlation>\n<Execution ProcessID=\"1268\" ThreadID=\"1548\"></Execution>\n<Channel>Microsoft-Windows-Diagnosis-DPS/Operational</Channel>\n<Computer>IACIS-HDD-2014</Computer>\n<Security UserID=\"S-1-5-19\"></Security>\n</System>\n<EventData><Data Name=\"ScenarioId\">{180b3a99-8c39-4f12-b631-2031998efe45}</Data>\n<Data Name=\"InstanceId\">{aee9cfed-81dd-40b2-bdf1-d12977c8c8dc}</Data>\n<Data Name=\"OriginalActivityId\">{00000000-0000-0000-0000-000000000000}</Data>\n<Data Name=\"DiagnosticModuleImageName\">%windir%\\system32\\radardt.dll</Data>\n<Data Name=\"DiagnosticModuleId\">{45de1ea9-10bc-4f96-9b21-4b6b83dbf476}</Data>\n</EventData>\n</Event>\n"
  },
  {
    "EventID": 105,
    "Timestamp": "2014-01-25 01:39:42.816315+00:00",
    "Computer": "IACIS-HDD-2014",
    "Channel": "Microsoft-Windows-Diagnosis-DPS/Operational",
    "Level": "Information",
    "EventData": {
      "ScenarioId": "{180b3a99-8c39-4f12-b631-2031998efe45}",
      "InstanceId": "{aee9cfed-81dd-40b2-bdf1-d12977c8c8dc}",
      "OriginalActivityId": "{00000000-0000-0000-0000-000000000000}",
      "DiagnosticModuleImageName": "%windir%\\system32\\radardt.dll",
      "DiagnosticModuleId": "{45de1ea9-10bc-4f96-9b21-4b6b83dbf476}"
    },
    "RawXml": "<Event xmlns=\"http://schemas.microsoft.com/win/2004/08/events/event\"><System><Provider Name=\"Microsoft-Windows-Diagnosis-DPS\" Guid=\"{6bba3851-2c7e-4dea-8f54-31e5afd029e3}\"></Provider>\n<EventID Qualifiers=\"\">105</EventID>\n<Version>0</Version>\n<Level>4</Level>\n<Task>1</Task>\n<Opcode>13</Opcode>\n<Keywords>0x4000000800000000</Keywords>\n<TimeCreated SystemTime=\"2014-01-25 01:39:42.816315+00:00\"></TimeCreated>\n<EventRecordID>10</EventRecordID>\n<Correlation ActivityID=\"{aee9cfed-81dd-40b2-bdf1-d12977c8c8dc}\" RelatedActivityID=\"\"></Correlation>\n<Execution ProcessID=\"1268\" ThreadID=\"1548\"></Execution>\n<Channel>Microsoft-Windows-Diagnosis-DPS/Operational</Channel>\n<Computer>IACIS-HDD-2014</Computer>\n<Security UserID=\"S-1-5-19\"></Security>\n</System>\n<EventData><Data Name=\"ScenarioId\">{180b3a99-8c39-4f12-b631-2031998efe45}</Data>\n<Data Name=\"InstanceId\">{aee9cfed-81dd-40b2-bdf1-d12977c8c8dc}</Data>\n<Data Name=\"OriginalActivityId\">{00000000-0000-0000-0000-000000000000}</Data>\n<Data Name=\"DiagnosticModuleImageName\">%windir%\\system32\\radardt.dll</Data>\n<Data Name=\"DiagnosticModuleId\">{45de1ea9-10bc-4f96-9b21-4b6b83dbf476}</Data>\n</EventData>\n</Event>\n"
  },
  {
    "EventID": 115,
    "Timestamp": "2014-01-25 01:39:43.132317+00:00",
    "Computer": "IACIS-HDD-2014",
    "Channel": "Microsoft-Windows-Diagnosis-DPS/Operational",
    "Level": "Information",
    "EventData": {
      "ScenarioId": "{180b3a99-8c39-4f12-b631-2031998efe45}",
      "InstanceId": "{aee9cfed-81dd-40b2-bdf1-d12977c8c8dc}",
      "OriginalActivityId": "{00000000-0000-0000-0000-000000000000}",
      "DiagnosticModuleImageName": "%windir%\\system32\\radardt.dll",
      "ResolutionId": "{5ee64afb-398d-4edb-af71-3b830219abf7}",
      "ResolutionSID": "S-1-5-21-1171287513-3642516788-2358256967-1001",
      "ResolutionSessionId": "1",
      "ResolutionExpirationDate": "0001-01-01 00:00:00",
      "DiagnosticModuleId": "{45de1ea9-10bc-4f96-9b21-4b6b83dbf476}"
    },
    "RawXml": "<Event xmlns=\"http://schemas.microsoft.com/win/2004/08/events/event\"><System><Provider Name=\"Microsoft-Windows-Diagnosis-DPS\" Guid=\"{6bba3851-2c7e-4dea-8f54-31e5afd029e3}\"></Provider>\n<EventID Qualifiers=\"\">115</EventID>\n<Version>0</Version>\n<Level>4</Level>\n<Task>1</Task>\n<Opcode>15</Opcode>\n<Keywords>0x4000000800000000</Keywords>\n<TimeCreated SystemTime=\"2014-01-25 01:39:43.132317+00:00\"></TimeCreated>\n<EventRecordID>11</EventRecordID>\n<Correlation ActivityID=\"{aee9cfed-81dd-40b2-bdf1-d12977c8c8dc}\" RelatedActivityID=\"\"></Correlation>\n<Execution ProcessID=\"1268\" ThreadID=\"1548\"></Execution>\n<Channel>Microsoft-Windows-Diagnosis-DPS/Operational</Channel>\n<Computer>IACIS-HDD-2014</Computer>\n<Security UserID=\"S-1-5-19\"></Security>\n</System>\n<EventData><Data Name=\"ScenarioId\">{180b3a99-8c39-4f12-b631-2031998efe45}</Data>\n<Data Name=\"InstanceId\">{aee9cfed-81dd-40b2-bdf1-d12977c8c8dc}</Data>\n<Data Name=\"OriginalActivityId\">{00000000-0000-0000-0000-000000000000}</Data>\n<Data Name=\"DiagnosticModuleImageName\">%windir%\\system32\\radardt.dll</Data>\n<Data Name=\"ResolutionId\">{5ee64afb-398d-4edb-af71-3b830219abf7}</Data>\n<Data Name=\"ResolutionSID\">S-1-5-21-1171287513-3642516788-2358256967-1001</Data>\n<Data Name=\"ResolutionSessionId\">1</Data>\n<Data Name=\"ResolutionExpirationDate\">0001-01-01 00:00:00</Data>\n<Data Name=\"DiagnosticModuleId\">{45de1ea9-10bc-4f96-9b21-4b6b83dbf476}</Data>\n</EventData>\n</Event>\n"
  },
  {
    "EventID": 125,
    "Timestamp": "2014-01-25 01:39:46.158722+00:00",
    "Computer": "IACIS-HDD-2014",
    "Channel": "Microsoft-Windows-Diagnosis-DPS/Operational",
    "Level": "Information",
    "EventData": {
      "ScenarioId": "{180b3a99-8c39-4f12-b631-2031998efe45}",
      "InstanceId": "{aee9cfed-81dd-40b2-bdf1-d12977c8c8dc}",
      "OriginalActivityId": "{00000000-0000-0000-0000-000000000000}",
      "DiagnosticModuleImageName": "%windir%\\system32\\radarrs.dll",
      "DiagnosticModuleId": "{5ee64afb-398d-4edb-af71-3b830219abf7}"
    },
    "RawXml": "<Event xmlns=\"http://schemas.microsoft.com/win/2004/08/events/event\"><System><Provider Name=\"Microsoft-Windows-Diagnosis-DPS\" Guid=\"{6bba3851-2c7e-4dea-8f54-31e5afd029e3}\"></Provider>\n<EventID Qualifiers=\"\">125</EventID>\n<Version>0</Version>\n<Level>4</Level>\n<Task>1</Task>\n<Opcode>17</Opcode>\n<Keywords>0x4000000800000000</Keywords>\n<TimeCreated SystemTime=\"2014-01-25 01:39:46.158722+00:00\"></TimeCreated>\n<EventRecordID>12</EventRecordID>\n<Correlation ActivityID=\"{aee9cfed-81dd-40b2-bdf1-d12977c8c8dc}\" RelatedActivityID=\"\"></Correlation>\n<Execution ProcessID=\"1268\" ThreadID=\"1548\"></Execution>\n<Channel>Microsoft-Windows-Diagnosis-DPS/Operational</Channel>\n<Computer>IACIS-HDD-2014</Computer>\n<Security UserID=\"S-1-5-19\"></Security>\n</System>\n<EventData><Data Name=\"ScenarioId\">{180b3a99-8c39-4f12-b631-2031998efe45}</Data>\n<Data Name=\"InstanceId\">{aee9cfed-81dd-40b2-bdf1-d12977c8c8dc}</Data>\n<Data Name=\"OriginalActivityId\">{00000000-0000-0000-0000-000000000000}</Data>\n<Data Name=\"DiagnosticModuleImageName\">%windir%\\system32\\radarrs.dll</Data>\n<Data Name=\"DiagnosticModuleId\">{5ee64afb-398d-4edb-af71-3b830219abf7}</Data>\n</EventData>\n</Event>\n"
  },
  {
    "EventID": 130,
    "Timestamp": "2014-01-25 01:39:46.439522+00:00",
    "Computer": "IACIS-HDD-2014",
    "Channel": "Microsoft-Windows-Diagnosis-DPS/Operational",
    "Level": "Information",
    "EventData": {
      "ScenarioId": "{180b3a99-8c39-4f12-b631-2031998efe45}",
      "InstanceId": "{aee9cfed-81dd-40b2-bdf1-d12977c8c8dc}",
      "OriginalActivityId": "{00000000-0000-0000-0000-000000000000}",
      "DiagnosticModuleImageName": "%windir%\\system32\\radarrs.dll",
      "DiagnosticModuleId": "{5ee64afb-398d-4edb-af71-3b830219abf7}"
    },
    "RawXml": "<Event xmlns=\"http://schemas.microsoft.com/win/2004/08/events/event\"><System><Provider Name=\"Microsoft-Windows-Diagnosis-DPS\" Guid=\"{6bba3851-2c7e-4dea-8f54-31e5afd029e3}\"></Provider>\n<EventID Qualifiers=\"\">130</EventID>\n<Version>0</Version>\n<Level>4</Level>\n<Task>1</Task>\n<Opcode>19</Opcode>\n<Keywords>0x4000000800000000</Keywords>\n<TimeCreated SystemTime=\"2014-01-25 01:39:46.439522+00:00\"></TimeCreated>\n<EventRecordID>13</EventRecordID>\n<Correlation ActivityID=\"{aee9cfed-81dd-40b2-bdf1-d12977c8c8dc}\" RelatedActivityID=\"\"></Correlation>\n<Execution ProcessID=\"1268\" ThreadID=\"1548\"></Execution>\n<Channel>Microsoft-Windows-Diagnosis-DPS/Operational</Channel>\n<Computer>IACIS-HDD-2014</Computer>\n<Security UserID=\"S-1-5-19\"></Security>\n</System>\n<EventData><Data Name=\"ScenarioId\">{180b3a99-8c39-4f12-b631-2031998efe45}</Data>\n<Data Name=\"InstanceId\">{aee9cfed-81dd-40b2-bdf1-d12977c8c8dc}</Data>\n<Data Name=\"OriginalActivityId\">{00000000-0000-0000-0000-000000000000}</Data>\n<Data Name=\"DiagnosticModuleImageName\">%windir%\\system32\\radarrs.dll</Data>\n<Data Name=\"DiagnosticModuleId\">{5ee64afb-398d-4edb-af71-3b830219abf7}</Data>\n</EventData>\n</Event>\n"
  },
  {
    "EventID": 100,
    "Timestamp": "2014-01-25 02:14:59.467234+00:00",
    "Computer": "IACIS-HDD-2014",
    "Channel": "Microsoft-Windows-Diagnosis-DPS/Operational",
    "Level": "Information",
    "EventData": {
      "ScenarioId": "{739ff6cf-5033-428c-9e2f-582096482dd5}",
      "InstanceId": "{83da2d79-3dce-4108-9048-f05d1df7f597}",
      "OriginalActivityId": "{00000000-0000-0000-0000-000000000000}",
      "DiagnosticModuleImageName": "%windir%\\system32\\radardt.dll",
      "DiagnosticModuleId": "{c0f51d84-11b9-4e74-b083-99f11ba2db0a}"
    },
    "RawXml": "<Event xmlns=\"http://schemas.microsoft.com/win/2004/08/events/event\"><System><Provider Name=\"Microsoft-Windows-Diagnosis-DPS\" Guid=\"{6bba3851-2c7e-4dea-8f54-31e5afd029e3}\"></Provider>\n<EventID Qualifiers=\"\">100</EventID>\n<Version>0</Version>\n<Level>4</Level>\n<Task>1</Task>\n<Opcode>12</Opcode>\n<Keywords>0x4000000800000000</Keywords>\n<TimeCreated SystemTime=\"2014-01-25 02:14:59.467234+00:00\"></TimeCreated>\n<EventRecordID>14</EventRecordID>\n<Correlation ActivityID=\"{83da2d79-3dce-4108-9048-f05d1df7f597}\" RelatedActivityID=\"\"></Correlation>\n<Execution ProcessID=\"1268\" ThreadID=\"1752\"></Execution>\n<Channel>Microsoft-Windows-Diagnosis-DPS/Operational</Channel>\n<Computer>IACIS-HDD-2014</Computer>\n<Security UserID=\"S-1-5-19\"></Security>\n</System>\n<EventData><Data Name=\"ScenarioId\">{739ff6cf-5033-428c-9e2f-582096482dd5}</Data>\n<Data Name=\"InstanceId\">{83da2d79-3dce-4108-9048-f05d1df7f597}</Data>\n<Data Name=\"OriginalActivityId\">{00000000-0000-0000-0000-000000000000}</Data>\n<Data Name=\"DiagnosticModuleImageName\">%windir%\\system32\\radardt.dll</Data>\n<Data Name=\"DiagnosticModuleId\">{c0f51d84-11b9-4e74-b083-99f11ba2db0a}</Data>\n</EventData>\n</Event>\n"
  },
  {
    "EventID": 105,
    "Timestamp": "2014-01-25 02:14:59.467234+00:00",
    "Computer": "IACIS-HDD-2014",
    "Channel": "Microsoft-Windows-Diagnosis-DPS/Operational",
    "Level": "Information",
    "EventData": {
      "ScenarioId": "{739ff6cf-5033-428c-9e2f-582096482dd5}",
      "InstanceId": "{83da2d79-3dce-4108-9048-f05d1df7f597}",
      "OriginalActivityId": "{00000000-0000-0000-0000-000000000000}",
      "DiagnosticModuleImageName": "%windir%\\system32\\radardt.dll",
      "DiagnosticModuleId": "{c0f51d84-11b9-4e74-b083-99f11ba2db0a}"
    },
    "RawXml": "<Event xmlns=\"http://schemas.microsoft.com/win/2004/08/events/event\"><System><Provider Name=\"Microsoft-Windows-Diagnosis-DPS\" Guid=\"{6bba3851-2c7e-4dea-8f54-31e5afd029e3}\"></Provider>\n<EventID Qualifiers=\"\">105</EventID>\n<Version>0</Version>\n<Level>4</Level>\n<Task>1</Task>\n<Opcode>13</Opcode>\n<Keywords>0x4000000800000000</Keywords>\n<TimeCreated SystemTime=\"2014-01-25 02:14:59.467234+00:00\"></TimeCreated>\n<EventRecordID>15</EventRecordID>\n<Correlation ActivityID=\"{83da2d79-3dce-4108-9048-f05d1df7f597}\" RelatedActivityID=\"\"></Correlation>\n<Execution ProcessID=\"1268\" ThreadID=\"1752\"></Execution>\n<Channel>Microsoft-Windows-Diagnosis-DPS/Operational</Channel>\n<Computer>IACIS-HDD-2014</Computer>\n<Security UserID=\"S-1-5-19\"></Security>\n</System>\n<EventData><Data Name=\"ScenarioId\">{739ff6cf-5033-428c-9e2f-582096482dd5}</Data>\n<Data Name=\"InstanceId\">{83da2d79-3dce-4108-9048-f05d1df7f597}</Data>\n<Data Name=\"OriginalActivityId\">{00000000-0000-0000-0000-000000000000}</Data>\n<Data Name=\"DiagnosticModuleImageName\">%windir%\\system32\\radardt.dll</Data>\n<Data Name=\"DiagnosticModuleId\">{c0f51d84-11b9-4e74-b083-99f11ba2db0a}</Data>\n</EventData>\n</Event>\n"
  },
  {
    "EventID": 115,
    "Timestamp": "2014-01-25 02:14:59.732433+00:00",
    "Computer": "IACIS-HDD-2014",
    "Channel": "Microsoft-Windows-Diagnosis-DPS/Operational",
    "Level": "Information",
    "EventData": {
      "ScenarioId": "{739ff6cf-5033-428c-9e2f-582096482dd5}",
      "InstanceId": "{83da2d79-3dce-4108-9048-f05d1df7f597}",
      "OriginalActivityId": "{00000000-0000-0000-0000-000000000000}",
      "DiagnosticModuleImageName": "%windir%\\system32\\radardt.dll",
      "ResolutionId": "{5ee64afb-398d-4edb-af71-3b830219abf7}",
      "ResolutionSID": "S-1-5-21-1171287513-3642516788-2358256967-1001",
      "ResolutionSessionId": "1",
      "ResolutionExpirationDate": "0001-01-01 00:00:00",
      "DiagnosticModuleId": "{c0f51d84-11b9-4e74-b083-99f11ba2db0a}"
    },
    "RawXml": "<Event xmlns=\"http://schemas.microsoft.com/win/2004/08/events/event\"><System><Provider Name=\"Microsoft-Windows-Diagnosis-DPS\" Guid=\"{6bba3851-2c7e-4dea-8f54-31e5afd029e3}\"></Provider>\n<EventID Qualifiers=\"\">115</EventID>\n<Version>0</Version>\n<Level>4</Level>\n<Task>1</Task>\n<Opcode>15</Opcode>\n<Keywords>0x4000000800000000</Keywords>\n<TimeCreated SystemTime=\"2014-01-25 02:14:59.732433+00:00\"></TimeCreated>\n<EventRecordID>16</EventRecordID>\n<Correlation ActivityID=\"{83da2d79-3dce-4108-9048-f05d1df7f597}\" RelatedActivityID=\"\"></Correlation>\n<Execution ProcessID=\"1268\" ThreadID=\"1752\"></Execution>\n<Channel>Microsoft-Windows-Diagnosis-DPS/Operational</Channel>\n<Computer>IACIS-HDD-2014</Computer>\n<Security UserID=\"S-1-5-19\"></Security>\n</System>\n<EventData><Data Name=\"ScenarioId\">{739ff6cf-5033-428c-9e2f-582096482dd5}</Data>\n<Data Name=\"InstanceId\">{83da2d79-3dce-4108-9048-f05d1df7f597}</Data>\n<Data Name=\"OriginalActivityId\">{00000000-0000-0000-0000-000000000000}</Data>\n<Data Name=\"DiagnosticModuleImageName\">%windir%\\system32\\radardt.dll</Data>\n<Data Name=\"ResolutionId\">{5ee64afb-398d-4edb-af71-3b830219abf7}</Data>\n<Data Name=\"ResolutionSID\">S-1-5-21-1171287513-3642516788-2358256967-1001</Data>\n<Data Name=\"ResolutionSessionId\">1</Data>\n<Data Name=\"ResolutionExpirationDate\">0001-01-01 00:00:00</Data>\n<Data Name=\"DiagnosticModuleId\">{c0f51d84-11b9-4e74-b083-99f11ba2db0a}</Data>\n</EventData>\n</Event>\n"
  },
  {
    "EventID": 125,
    "Timestamp": "2014-01-25 02:14:59.732433+00:00",
    "Computer": "IACIS-HDD-2014",
    "Channel": "Microsoft-Windows-Diagnosis-DPS/Operational",
    "Level": "Information",
    "EventData": {
      "ScenarioId": "{739ff6cf-5033-428c-9e2f-582096482dd5}",
      "InstanceId": "{83da2d79-3dce-4108-9048-f05d1df7f597}",
      "OriginalActivityId": "{00000000-0000-0000-0000-000000000000}",
      "DiagnosticModuleImageName": "%windir%\\system32\\radarrs.dll",
      "DiagnosticModuleId": "{5ee64afb-398d-4edb-af71-3b830219abf7}"
    },
    "RawXml": "<Event xmlns=\"http://schemas.microsoft.com/win/2004/08/events/event\"><System><Provider Name=\"Microsoft-Windows-Diagnosis-DPS\" Guid=\"{6bba3851-2c7e-4dea-8f54-31e5afd029e3}\"></Provider>\n<EventID Qualifiers=\"\">125</EventID>\n<Version>0</Version>\n<Level>4</Level>\n<Task>1</Task>\n<Opcode>17</Opcode>\n<Keywords>0x4000000800000000</Keywords>\n<TimeCreated SystemTime=\"2014-01-25 02:14:59.732433+00:00\"></TimeCreated>\n<EventRecordID>17</EventRecordID>\n<Correlation ActivityID=\"{83da2d79-3dce-4108-9048-f05d1df7f597}\" RelatedActivityID=\"\"></Correlation>\n<Execution ProcessID=\"1268\" ThreadID=\"1752\"></Execution>\n<Channel>Microsoft-Windows-Diagnosis-DPS/Operational</Channel>\n<Computer>IACIS-HDD-2014</Computer>\n<Security UserID=\"S-1-5-19\"></Security>\n</System>\n<EventData><Data Name=\"ScenarioId\">{739ff6cf-5033-428c-9e2f-582096482dd5}</Data>\n<Data Name=\"InstanceId\">{83da2d79-3dce-4108-9048-f05d1df7f597}</Data>\n<Data Name=\"OriginalActivityId\">{00000000-0000-0000-0000-000000000000}</Data>\n<Data Name=\"DiagnosticModuleImageName\">%windir%\\system32\\radarrs.dll</Data>\n<Data Name=\"DiagnosticModuleId\">{5ee64afb-398d-4edb-af71-3b830219abf7}</Data>\n</EventData>\n</Event>\n"
  },
  {
    "EventID": 130,
    "Timestamp": "2014-01-25 02:15:00.153635+00:00",
    "Computer": "IACIS-HDD-2014",
    "Channel": "Microsoft-Windows-Diagnosis-DPS/Operational",
    "Level": "Information",
    "EventData": {
      "ScenarioId": "{739ff6cf-5033-428c-9e2f-582096482dd5}",
      "InstanceId": "{83da2d79-3dce-4108-9048-f05d1df7f597}",
      "OriginalActivityId": "{00000000-0000-0000-0000-000000000000}",
      "DiagnosticModuleImageName": "%windir%\\system32\\radarrs.dll",
      "DiagnosticModuleId": "{5ee64afb-398d-4edb-af71-3b830219abf7}"
    },
    "RawXml": "<Event xmlns=\"http://schemas.microsoft.com/win/2004/08/events/event\"><System><Provider Name=\"Microsoft-Windows-Diagnosis-DPS\" Guid=\"{6bba3851-2c7e-4dea-8f54-31e5afd029e3}\"></Provider>\n<EventID Qualifiers=\"\">130</EventID>\n<Version>0</Version>\n<Level>4</Level>\n<Task>1</Task>\n<Opcode>19</Opcode>\n<Keywords>0x4000000800000000</Keywords>\n<TimeCreated SystemTime=\"2014-01-25 02:15:00.153635+00:00\"></TimeCreated>\n<EventRecordID>18</EventRecordID>\n<Correlation ActivityID=\"{83da2d79-3dce-4108-9048-f05d1df7f597}\" RelatedActivityID=\"\"></Correlation>\n<Execution ProcessID=\"1268\" ThreadID=\"1752\"></Execution>\n<Channel>Microsoft-Windows-Diagnosis-DPS/Operational</Channel>\n<Computer>IACIS-HDD-2014</Computer>\n<Security UserID=\"S-1-5-19\"></Security>\n</System>\n<EventData><Data Name=\"ScenarioId\">{739ff6cf-5033-428c-9e2f-582096482dd5}</Data>\n<Data Name=\"InstanceId\">{83da2d79-3dce-4108-9048-f05d1df7f597}</Data>\n<Data Name=\"OriginalActivityId\">{00000000-0000-0000-0000-000000000000}</Data>\n<Data Name=\"DiagnosticModuleImageName\">%windir%\\system32\\radarrs.dll</Data>\n<Data Name=\"DiagnosticModuleId\">{5ee64afb-398d-4edb-af71-3b830219abf7}</Data>\n</EventData>\n</Event>\n"
  },
  {
    "EventID": 100,
    "Timestamp": "2014-01-25 06:16:46.743914+00:00",
    "Computer": "IACIS-HDD-2014",
    "Channel": "Microsoft-Windows-Diagnosis-DPS/Operational",
    "Level": "Information",
    "EventData": {
      "ScenarioId": "{739ff6cf-5033-428c-9e2f-582096482dd5}",
      "InstanceId": "{8bcabc2e-c291-499b-ae94-003529beeef2}",
      "OriginalActivityId": "{00000000-0000-0000-0000-000000000000}",
      "DiagnosticModuleImageName": "%windir%\\system32\\radardt.dll",
      "DiagnosticModuleId": "{c0f51d84-11b9-4e74-b083-99f11ba2db0a}"
    },
    "RawXml": "<Event xmlns=\"http://schemas.microsoft.com/win/2004/08/events/event\"><System><Provider Name=\"Microsoft-Windows-Diagnosis-DPS\" Guid=\"{6bba3851-2c7e-4dea-8f54-31e5afd029e3}\"></Provider>\n<EventID Qualifiers=\"\">100</EventID>\n<Version>0</Version>\n<Level>4</Level>\n<Task>1</Task>\n<Opcode>12</Opcode>\n<Keywords>0x4000000800000000</Keywords>\n<TimeCreated SystemTime=\"2014-01-25 06:16:46.743914+00:00\"></TimeCreated>\n<EventRecordID>19</EventRecordID>\n<Correlation ActivityID=\"{8bcabc2e-c291-499b-ae94-003529beeef2}\" RelatedActivityID=\"\"></Correlation>\n<Execution ProcessID=\"1268\" ThreadID=\"1616\"></Execution>\n<Channel>Microsoft-Windows-Diagnosis-DPS/Operational</Channel>\n<Computer>IACIS-HDD-2014</Computer>\n<Security UserID=\"S-1-5-19\"></Security>\n</System>\n<EventData><Data Name=\"ScenarioId\">{739ff6cf-5033-428c-9e2f-582096482dd5}</Data>\n<Data Name=\"InstanceId\">{8bcabc2e-c291-499b-ae94-003529beeef2}</Data>\n<Data Name=\"OriginalActivityId\">{00000000-0000-0000-0000-000000000000}</Data>\n<Data Name=\"DiagnosticModuleImageName\">%windir%\\system32\\radardt.dll</Data>\n<Data Name=\"DiagnosticModuleId\">{c0f51d84-11b9-4e74-b083-99f11ba2db0a}</Data>\n</EventData>\n</Event>\n"
  },
  {
    "EventID": 105,
    "Timestamp": "2014-01-25 06:16:46.743914+00:00",
    "Computer": "IACIS-HDD-2014",
    "Channel": "Microsoft-Windows-Diagnosis-DPS/Operational",
    "Level": "Information",
    "EventData": {
      "ScenarioId": "{739ff6cf-5033-428c-9e2f-582096482dd5}",
      "InstanceId": "{8bcabc2e-c291-499b-ae94-003529beeef2}",
      "OriginalActivityId": "{00000000-0000-0000-0000-000000000000}",
      "DiagnosticModuleImageName": "%windir%\\system32\\radardt.dll",
      "DiagnosticModuleId": "{c0f51d84-11b9-4e74-b083-99f11ba2db0a}"
    },
    "RawXml": "<Event xmlns=\"http://schemas.microsoft.com/win/2004/08/events/event\"><System><Provider Name=\"Microsoft-Windows-Diagnosis-DPS\" Guid=\"{6bba3851-2c7e-4dea-8f54-31e5afd029e3}\"></Provider>\n<EventID Qualifiers=\"\">105</EventID>\n<Version>0</Version>\n<Level>4</Level>\n<Task>1</Task>\n<Opcode>13</Opcode>\n<Keywords>0x4000000800000000</Keywords>\n<TimeCreated SystemTime=\"2014-01-25 06:16:46.743914+00:00\"></TimeCreated>\n<EventRecordID>20</EventRecordID>\n<Correlation ActivityID=\"{8bcabc2e-c291-499b-ae94-003529beeef2}\" RelatedActivityID=\"\"></Correlation>\n<Execution ProcessID=\"1268\" ThreadID=\"1616\"></Execution>\n<Channel>Microsoft-Windows-Diagnosis-DPS/Operational</Channel>\n<Computer>IACIS-HDD-2014</Computer>\n<Security UserID=\"S-1-5-19\"></Security>\n</System>\n<EventData><Data Name=\"ScenarioId\">{739ff6cf-5033-428c-9e2f-582096482dd5}</Data>\n<Data Name=\"InstanceId\">{8bcabc2e-c291-499b-ae94-003529beeef2}</Data>\n<Data Name=\"OriginalActivityId\">{00000000-0000-0000-0000-000000000000}</Data>\n<Data Name=\"DiagnosticModuleImageName\">%windir%\\system32\\radardt.dll</Data>\n<Data Name=\"DiagnosticModuleId\">{c0f51d84-11b9-4e74-b083-99f11ba2db0a}</Data>\n</EventData>\n</Event>\n"
  },
  {
    "EventID": 115,
    "Timestamp": "2014-01-25 06:16:50.285120+00:00",
    "Computer": "IACIS-HDD-2014",
    "Channel": "Microsoft-Windows-Diagnosis-DPS/Operational",
    "Level": "Information",
    "EventData": {
      "ScenarioId": "{739ff6cf-5033-428c-9e2f-582096482dd5}",
      "InstanceId": "{8bcabc2e-c291-499b-ae94-003529beeef2}",
      "OriginalActivityId": "{00000000-0000-0000-0000-000000000000}",
      "DiagnosticModuleImageName": "%windir%\\system32\\radardt.dll",
      "ResolutionId": "{5ee64afb-398d-4edb-af71-3b830219abf7}",
      "ResolutionSID": "S-1-5-21-1171287513-3642516788-2358256967-1001",
      "ResolutionSessionId": "1",
      "ResolutionExpirationDate": "0001-01-01 00:00:00",
      "DiagnosticModuleId": "{c0f51d84-11b9-4e74-b083-99f11ba2db0a}"
    },
    "RawXml": "<Event xmlns=\"http://schemas.microsoft.com/win/2004/08/events/event\"><System><Provider Name=\"Microsoft-Windows-Diagnosis-DPS\" Guid=\"{6bba3851-2c7e-4dea-8f54-31e5afd029e3}\"></Provider>\n<EventID Qualifiers=\"\">115</EventID>\n<Version>0</Version>\n<Level>4</Level>\n<Task>1</Task>\n<Opcode>15</Opcode>\n<Keywords>0x4000000800000000</Keywords>\n<TimeCreated SystemTime=\"2014-01-25 06:16:50.285120+00:00\"></TimeCreated>\n<EventRecordID>21</EventRecordID>\n<Correlation ActivityID=\"{8bcabc2e-c291-499b-ae94-003529beeef2}\" RelatedActivityID=\"\"></Correlation>\n<Execution ProcessID=\"1268\" ThreadID=\"1616\"></Execution>\n<Channel>Microsoft-Windows-Diagnosis-DPS/Operational</Channel>\n<Computer>IACIS-HDD-2014</Computer>\n<Security UserID=\"S-1-5-19\"></Security>\n</System>\n<EventData><Data Name=\"ScenarioId\">{739ff6cf-5033-428c-9e2f-582096482dd5}</Data>\n<Data Name=\"InstanceId\">{8bcabc2e-c291-499b-ae94-003529beeef2}</Data>\n<Data Name=\"OriginalActivityId\">{00000000-0000-0000-0000-000000000000}</Data>\n<Data Name=\"DiagnosticModuleImageName\">%windir%\\system32\\radardt.dll</Data>\n<Data Name=\"ResolutionId\">{5ee64afb-398d-4edb-af71-3b830219abf7}</Data>\n<Data Name=\"ResolutionSID\">S-1-5-21-1171287513-3642516788-2358256967-1001</Data>\n<Data Name=\"ResolutionSessionId\">1</Data>\n<Data Name=\"ResolutionExpirationDate\">0001-01-01 00:00:00</Data>\n<Data Name=\"DiagnosticModuleId\">{c0f51d84-11b9-4e74-b083-99f11ba2db0a}</Data>\n</EventData>\n</Event>\n"
  },
  {
    "EventID": 125,
    "Timestamp": "2014-01-25 06:16:50.363119+00:00",
    "Computer": "IACIS-HDD-2014",
    "Channel": "Microsoft-Windows-Diagnosis-DPS/Operational",
    "Level": "Information",
    "EventData": {
      "ScenarioId": "{739ff6cf-5033-428c-9e2f-582096482dd5}",
      "InstanceId": "{8bcabc2e-c291-499b-ae94-003529beeef2}",
      "OriginalActivityId": "{00000000-0000-0000-0000-000000000000}",
      "DiagnosticModuleImageName": "%windir%\\system32\\radarrs.dll",
      "DiagnosticModuleId": "{5ee64afb-398d-4edb-af71-3b830219abf7}"
    },
    "RawXml": "<Event xmlns=\"http://schemas.microsoft.com/win/2004/08/events/event\"><System><Provider Name=\"Microsoft-Windows-Diagnosis-DPS\" Guid=\"{6bba3851-2c7e-4dea-8f54-31e5afd029e3}\"></Provider>\n<EventID Qualifiers=\"\">125</EventID>\n<Version>0</Version>\n<Level>4</Level>\n<Task>1</Task>\n<Opcode>17</Opcode>\n<Keywords>0x4000000800000000</Keywords>\n<TimeCreated SystemTime=\"2014-01-25 06:16:50.363119+00:00\"></TimeCreated>\n<EventRecordID>22</EventRecordID>\n<Correlation ActivityID=\"{8bcabc2e-c291-499b-ae94-003529beeef2}\" RelatedActivityID=\"\"></Correlation>\n<Execution ProcessID=\"1268\" ThreadID=\"1616\"></Execution>\n<Channel>Microsoft-Windows-Diagnosis-DPS/Operational</Channel>\n<Computer>IACIS-HDD-2014</Computer>\n<Security UserID=\"S-1-5-19\"></Security>\n</System>\n<EventData><Data Name=\"ScenarioId\">{739ff6cf-5033-428c-9e2f-582096482dd5}</Data>\n<Data Name=\"InstanceId\">{8bcabc2e-c291-499b-ae94-003529beeef2}</Data>\n<Data Name=\"OriginalActivityId\">{00000000-0000-0000-0000-000000000000}</Data>\n<Data Name=\"DiagnosticModuleImageName\">%windir%\\system32\\radarrs.dll</Data>\n<Data Name=\"DiagnosticModuleId\">{5ee64afb-398d-4edb-af71-3b830219abf7}</Data>\n</EventData>\n</Event>\n"
  },
  {
    "EventID": 130,
    "Timestamp": "2014-01-25 06:16:51.330320+00:00",
    "Computer": "IACIS-HDD-2014",
    "Channel": "Microsoft-Windows-Diagnosis-DPS/Operational",
    "Level": "Information",
    "EventData": {
      "ScenarioId": "{739ff6cf-5033-428c-9e2f-582096482dd5}",
      "InstanceId": "{8bcabc2e-c291-499b-ae94-003529beeef2}",
      "OriginalActivityId": "{00000000-0000-0000-0000-000000000000}",
      "DiagnosticModuleImageName": "%windir%\\system32\\radarrs.dll",
      "DiagnosticModuleId": "{5ee64afb-398d-4edb-af71-3b830219abf7}"
    },
    "RawXml": "<Event xmlns=\"http://schemas.microsoft.com/win/2004/08/events/event\"><System><Provider Name=\"Microsoft-Windows-Diagnosis-DPS\" Guid=\"{6bba3851-2c7e-4dea-8f54-31e5afd029e3}\"></Provider>\n<EventID Qualifiers=\"\">130</EventID>\n<Version>0</Version>\n<Level>4</Level>\n<Task>1</Task>\n<Opcode>19</Opcode>\n<Keywords>0x4000000800000000</Keywords>\n<TimeCreated SystemTime=\"2014-01-25 06:16:51.330320+00:00\"></TimeCreated>\n<EventRecordID>23</EventRecordID>\n<Correlation ActivityID=\"{8bcabc2e-c291-499b-ae94-003529beeef2}\" RelatedActivityID=\"\"></Correlation>\n<Execution ProcessID=\"1268\" ThreadID=\"1616\"></Execution>\n<Channel>Microsoft-Windows-Diagnosis-DPS/Operational</Channel>\n<Computer>IACIS-HDD-2014</Computer>\n<Security UserID=\"S-1-5-19\"></Security>\n</System>\n<EventData><Data Name=\"ScenarioId\">{739ff6cf-5033-428c-9e2f-582096482dd5}</Data>\n<Data Name=\"InstanceId\">{8bcabc2e-c291-499b-ae94-003529beeef2}</Data>\n<Data Name=\"OriginalActivityId\">{00000000-0000-0000-0000-000000000000}</Data>\n<Data Name=\"DiagnosticModuleImageName\">%windir%\\system32\\radarrs.dll</Data>\n<Data Name=\"DiagnosticModuleId\">{5ee64afb-398d-4edb-af71-3b830219abf7}</Data>\n</EventData>\n</Event>\n"
  },
  {
    "EventID": 100,
    "Timestamp": "2014-01-25 06:22:55.731361+00:00",
    "Computer": "IACIS-HDD-2014",
    "Channel": "Microsoft-Windows-Diagnosis-DPS/Operational",
    "Level": "Information",
    "EventData": {
      "ScenarioId": "{739ff6cf-5033-428c-9e2f-582096482dd5}",
      "InstanceId": "{96bf6da0-04d8-48b8-8def-fec70e1c3eae}",
      "OriginalActivityId": "{00000000-0000-0000-0000-000000000000}",
      "DiagnosticModuleImageName": "%windir%\\system32\\radardt.dll",
      "DiagnosticModuleId": "{c0f51d84-11b9-4e74-b083-99f11ba2db0a}"
    },
    "RawXml": "<Event xmlns=\"http://schemas.microsoft.com/win/2004/08/events/event\"><System><Provider Name=\"Microsoft-Windows-Diagnosis-DPS\" Guid=\"{6bba3851-2c7e-4dea-8f54-31e5afd029e3}\"></Provider>\n<EventID Qualifiers=\"\">100</EventID>\n<Version>0</Version>\n<Level>4</Level>\n<Task>1</Task>\n<Opcode>12</Opcode>\n<Keywords>0x4000000800000000</Keywords>\n<TimeCreated SystemTime=\"2014-01-25 06:22:55.731361+00:00\"></TimeCreated>\n<EventRecordID>24</EventRecordID>\n<Correlation ActivityID=\"{96bf6da0-04d8-48b8-8def-fec70e1c3eae}\" RelatedActivityID=\"\"></Correlation>\n<Execution ProcessID=\"1268\" ThreadID=\"1060\"></Execution>\n<Channel>Microsoft-Windows-Diagnosis-DPS/Operational</Channel>\n<Computer>IACIS-HDD-2014</Computer>\n<Security UserID=\"S-1-5-19\"></Security>\n</System>\n<EventData><Data Name=\"ScenarioId\">{739ff6cf-5033-428c-9e2f-582096482dd5}</Data>\n<Data Name=\"InstanceId\">{96bf6da0-04d8-48b8-8def-fec70e1c3eae}</Data>\n<Data Name=\"OriginalActivityId\">{00000000-0000-0000-0000-000000000000}</Data>\n<Data Name=\"DiagnosticModuleImageName\">%windir%\\system32\\radardt.dll</Data>\n<Data Name=\"DiagnosticModuleId\">{c0f51d84-11b9-4e74-b083-99f11ba2db0a}</Data>\n</EventData>\n</Event>\n"
  },
  {
    "EventID": 105,
    "Timestamp": "2014-01-25 06:22:57.915365+00:00",
    "Computer": "IACIS-HDD-2014",
    "Channel": "Microsoft-Windows-Diagnosis-DPS/Operational",
    "Level": "Information",
    "EventData": {
      "ScenarioId": "{739ff6cf-5033-428c-9e2f-582096482dd5}",
      "InstanceId": "{96bf6da0-04d8-48b8-8def-fec70e1c3eae}",
      "OriginalActivityId": "{00000000-0000-0000-0000-000000000000}",
      "DiagnosticModuleImageName": "%windir%\\system32\\radardt.dll",
      "DiagnosticModuleId": "{c0f51d84-11b9-4e74-b083-99f11ba2db0a}"
    },
    "RawXml": "<Event xmlns=\"http://schemas.microsoft.com/win/2004/08/events/event\"><System><Provider Name=\"Microsoft-Windows-Diagnosis-DPS\" Guid=\"{6bba3851-2c7e-4dea-8f54-31e5afd029e3}\"></Provider>\n<EventID Qualifiers=\"\">105</EventID>\n<Version>0</Version>\n<Level>4</Level>\n<Task>1</Task>\n<Opcode>13</Opcode>\n<Keywords>0x4000000800000000</Keywords>\n<TimeCreated SystemTime=\"2014-01-25 06:22:57.915365+00:00\"></TimeCreated>\n<EventRecordID>25</EventRecordID>\n<Correlation ActivityID=\"{96bf6da0-04d8-48b8-8def-fec70e1c3eae}\" RelatedActivityID=\"\"></Correlation>\n<Execution ProcessID=\"1268\" ThreadID=\"1060\"></Execution>\n<Channel>Microsoft-Windows-Diagnosis-DPS/Operational</Channel>\n<Computer>IACIS-HDD-2014</Computer>\n<Security UserID=\"S-1-5-19\"></Security>\n</System>\n<EventData><Data Name=\"ScenarioId\">{739ff6cf-5033-428c-9e2f-582096482dd5}</Data>\n<Data Name=\"InstanceId\">{96bf6da0-04d8-48b8-8def-fec70e1c3eae}</Data>\n<Data Name=\"OriginalActivityId\">{00000000-0000-0000-0000-000000000000}</Data>\n<Data Name=\"DiagnosticModuleImageName\">%windir%\\system32\\radardt.dll</Data>\n<Data Name=\"DiagnosticModuleId\">{c0f51d84-11b9-4e74-b083-99f11ba2db0a}</Data>\n</EventData>\n</Event>\n"
  },
  {
    "EventID": 115,
    "Timestamp": "2014-01-25 06:25:32.589638+00:00",
    "Computer": "IACIS-HDD-2014",
    "Channel": "Microsoft-Windows-Diagnosis-DPS/Operational",
    "Level": "Information",
    "EventData": {
      "ScenarioId": "{739ff6cf-5033-428c-9e2f-582096482dd5}",
      "InstanceId": "{96bf6da0-04d8-48b8-8def-fec70e1c3eae}",
      "OriginalActivityId": "{00000000-0000-0000-0000-000000000000}",
      "DiagnosticModuleImageName": "%windir%\\system32\\radardt.dll",
      "ResolutionId": "{5ee64afb-398d-4edb-af71-3b830219abf7}",
      "ResolutionSID": "S-1-5-21-1171287513-3642516788-2358256967-1001",
      "ResolutionSessionId": "1",
      "ResolutionExpirationDate": "0001-01-01 00:00:00",
      "DiagnosticModuleId": "{c0f51d84-11b9-4e74-b083-99f11ba2db0a}"
    },
    "RawXml": "<Event xmlns=\"http://schemas.microsoft.com/win/2004/08/events/event\"><System><Provider Name=\"Microsoft-Windows-Diagnosis-DPS\" Guid=\"{6bba3851-2c7e-4dea-8f54-31e5afd029e3}\"></Provider>\n<EventID Qualifiers=\"\">115</EventID>\n<Version>0</Version>\n<Level>4</Level>\n<Task>1</Task>\n<Opcode>15</Opcode>\n<Keywords>0x4000000800000000</Keywords>\n<TimeCreated SystemTime=\"2014-01-25 06:25:32.589638+00:00\"></TimeCreated>\n<EventRecordID>26</EventRecordID>\n<Correlation ActivityID=\"{96bf6da0-04d8-48b8-8def-fec70e1c3eae}\" RelatedActivityID=\"\"></Correlation>\n<Execution ProcessID=\"1268\" ThreadID=\"2560\"></Execution>\n<Channel>Microsoft-Windows-Diagnosis-DPS/Operational</Channel>\n<Computer>IACIS-HDD-2014</Computer>\n<Security UserID=\"S-1-5-19\"></Security>\n</System>\n<EventData><Data Name=\"ScenarioId\">{739ff6cf-5033-428c-9e2f-582096482dd5}</Data>\n<Data Name=\"InstanceId\">{96bf6da0-04d8-48b8-8def-fec70e1c3eae}</Data>\n<Data Name=\"OriginalActivityId\">{00000000-0000-0000-0000-000000000000}</Data>\n<Data Name=\"DiagnosticModuleImageName\">%windir%\\system32\\radardt.dll</Data>\n<Data Name=\"ResolutionId\">{5ee64afb-398d-4edb-af71-3b830219abf7}</Data>\n<Data Name=\"ResolutionSID\">S-1-5-21-1171287513-3642516788-2358256967-1001</Data>\n<Data Name=\"ResolutionSessionId\">1</Data>\n<Data Name=\"ResolutionExpirationDate\">0001-01-01 00:00:00</Data>\n<Data Name=\"DiagnosticModuleId\">{c0f51d84-11b9-4e74-b083-99f11ba2db0a}</Data>\n</EventData>\n</Event>\n"
  },
