  {
    "EventID": 1016,
    "Timestamp": "2014-02-11 17:42:37.350979+00:00",
    "Computer": "IACIS-HDD-2014",
    "Channel": "Microsoft-Windows-ReadyBoost/Operational",
    "Level": "Information",
    "EventData": {
      "BootPlanTimestamp": "2014-02-11 12:42:32.920572+00:00",
      "ErrorCode": "0",
      "Duration (ms)": "4431",
      "Reason": "0"
    },
    "RawXml": "<Event xmlns=\"http://schemas.microsoft.com/win/2004/08/events/event\"><System><Provider Name=\"Microsoft-Windows-ReadyBoost\" Guid=\"{e6307a09-292c-497e-aad6-498f68e2b619}\"></Provider>\n<EventID Qualifiers=\"\">1016</EventID>\n<Version>1</Version>\n<Level>4</Level>\n<Task>1016</Task>\n<Opcode>0</Opcode>\n<Keywords>0x8000000000002000</Keywords>\n<TimeCreated SystemTime=\"2014-02-11 17:42:37.350979+00:00\"></TimeCreated>\n<EventRecordID>71</EventRecordID>\n<Correlation ActivityID=\"\" RelatedActivityID=\"\"></Correlation>\n<Execution ProcessID=\"924\" ThreadID=\"2876\"></Execution>\n<Channel>Microsoft-Windows-ReadyBoost/Operational</Channel>\n<Computer>IACIS-HDD-2014</Computer>\n<Security UserID=\"S-1-5-18\"></Security>\n</System>\n<EventData><Data Name=\"BootPlanTimestamp\">2014-02-11 12:42:32.920572+00:00</Data>\n<Data Name=\"ErrorCode\">0</Data>\n<Data Name=\"Duration (ms)\">4431</Data>\n<Data Name=\"Reason\">0</Data>\n</EventData>\n</Event>\n"
  },
  {
    "EventID": 1015,
    "Timestamp": "2014-02-11 17:51:34.243151+00:00",
    "Computer": "IACIS-HDD-2014",
    "Channel": "Microsoft-Windows-ReadyBoost/Operational",
    "Level": "Information",
    "EventData": {
      "RB_IoReadBytes": "331921920",
      "RB_CacheHitBytes": "193160704",
      "RB_PrefetchBytes": "214413312",
      "RB_CacheHitPercentage": "0.7502218016206305",
      "RB_IoReadCount": "16907",
      "RB_CacheHitCount": "12684",
      "RB_PrefetchReadCount": "5904",
      "RB_PrefetchDiskTimeUs": "39402728"
    },
    "RawXml": "<Event xmlns=\"http://schemas.microsoft.com/win/2004/08/events/event\"><System><Provider Name=\"Microsoft-Windows-ReadyBoost\" Guid=\"{e6307a09-292c-497e-aad6-498f68e2b619}\"></Provider>\n<EventID Qualifiers=\"\">1015</EventID>\n<Version>1</Version>\n<Level>4</Level>\n<Task>1016</Task>\n<Opcode>0</Opcode>\n<Keywords>0x8000000000002000</Keywords>\n<TimeCreated SystemTime=\"2014-02-11 17:51:34.243151+00:00\"></TimeCreated>\n<EventRecordID>72</EventRecordID>\n<Correlation ActivityID=\"\" RelatedActivityID=\"\"></Correlation>\n<Execution ProcessID=\"908\" ThreadID=\"3160\"></Execution>\n<Channel>Microsoft-Windows-ReadyBoost/Operational</Channel>\n<Computer>IACIS-HDD-2014</Computer>\n<Security UserID=\"S-1-5-18\"></Security>\n</System>\n<EventData><Data Name=\"RB_IoReadBytes\">331921920</Data>\n<Data Name=\"RB_CacheHitBytes\">193160704</Data>\n<Data Name=\"RB_PrefetchBytes\">214413312</Data>\n<Data Name=\"RB_CacheHitPercentage\">0.7502218016206305</Data>\n<Data Name=\"RB_IoReadCount\">16907</Data>\n<Data Name=\"RB_CacheHitCount\">12684</Data>\n<Data Name=\"RB_PrefetchReadCount\">5904</Data>\n<Data Name=\"RB_PrefetchDiskTimeUs\">39402728</Data>\n</EventData>\n</Event>\n"
  },
  {
    "EventID": 1016,
    "Timestamp": "2014-02-11 17:51:35.849951+00:00",
    "Computer": "IACIS-HDD-2014",
    "Channel": "Microsoft-Windows-ReadyBoost/Operational",
    "Level": "Information",
    "EventData": {
      "BootPlanTimestamp": "2014-02-11 12:51:30.452341+00:00",
      "ErrorCode": "0",
      "Duration (ms)": "5397",
      "Reason": "0"
    },
    "RawXml": "<Event xmlns=\"http://schemas.microsoft.com/win/2004/08/events/event\"><System><Provider Name=\"Microsoft-Windows-ReadyBoost\" Guid=\"{e6307a09-292c-497e-aad6-498f68e2b619}\"></Provider>\n<EventID Qualifiers=\"\">1016</EventID>\n<Version>1</Version>\n<Level>4</Level>\n<Task>1016</Task>\n<Opcode>0</Opcode>\n<Keywords>0x8000000000002000</Keywords>\n<TimeCreated SystemTime=\"2014-02-11 17:51:35.849951+00:00\"></TimeCreated>\n<EventRecordID>73</EventRecordID>\n<Correlation ActivityID=\"\" RelatedActivityID=\"\"></Correlation>\n<Execution ProcessID=\"908\" ThreadID=\"3160\"></Execution>\n<Channel>Microsoft-Windows-ReadyBoost/Operational</Channel>\n<Computer>IACIS-HDD-2014</Computer>\n<Security UserID=\"S-1-5-18\"></Security>\n</System>\n<EventData><Data Name=\"BootPlanTimestamp\">2014-02-11 12:51:30.452341+00:00</Data>\n<Data Name=\"ErrorCode\">0</Data>\n<Data Name=\"Duration (ms)\">5397</Data>\n<Data Name=\"Reason\">0</Data>\n</EventData>\n</Event>\n"
  },
  {
    "EventID": 1015,
    "Timestamp": "2014-02-16 19:00:58.511148+00:00",
    "Computer": "IACIS-HDD-2014",
    "Channel": "Microsoft-Windows-ReadyBoost/Operational",
    "Level": "Information",
    "EventData": {
      "RB_IoReadBytes": "262413824",
      "RB_CacheHitBytes": "161235968",
      "RB_PrefetchBytes": "233517056",
      "RB_CacheHitPercentage": "0.8507221750212405",
      "RB_IoReadCount": "11770",
      "RB_CacheHitCount": "10013",
      "RB_PrefetchReadCount": "6448",
      "RB_PrefetchDiskTimeUs": "44574502"
    },
    "RawXml": "<Event xmlns=\"http://schemas.microsoft.com/win/2004/08/events/event\"><System><Provider Name=\"Microsoft-Windows-ReadyBoost\" Guid=\"{e6307a09-292c-497e-aad6-498f68e2b619}\"></Provider>\n<EventID Qualifiers=\"\">1015</EventID>\n<Version>1</Version>\n<Level>4</Level>\n<Task>1016</Task>\n<Opcode>0</Opcode>\n<Keywords>0x8000000000002000</Keywords>\n<TimeCreated SystemTime=\"2014-02-16 19:00:58.511148+00:00\"></TimeCreated>\n<EventRecordID>74</EventRecordID>\n<Correlation ActivityID=\"\" RelatedActivityID=\"\"></Correlation>\n<Execution ProcessID=\"908\" ThreadID=\"2504\"></Execution>\n<Channel>Microsoft-Windows-ReadyBoost/Operational</Channel>\n<Computer>IACIS-HDD-2014</Computer>\n<Security UserID=\"S-1-5-18\"></Security>\n</System>\n<EventData><Data Name=\"RB_IoReadBytes\">262413824</Data>\n<Data Name=\"RB_CacheHitBytes\">161235968</Data>\n<Data Name=\"RB_PrefetchBytes\">233517056</Data>\n<Data Name=\"RB_CacheHitPercentage\">0.8507221750212405</Data>\n<Data Name=\"RB_IoReadCount\">11770</Data>\n<Data Name=\"RB_CacheHitCount\">10013</Data>\n<Data Name=\"RB_PrefetchReadCount\">6448</Data>\n<Data Name=\"RB_PrefetchDiskTimeUs\">44574502</Data>\n</EventData>\n</Event>\n"
  },
  {
    "EventID": 1016,
    "Timestamp": "2014-02-16 19:00:59.946352+00:00",
    "Computer": "IACIS-HDD-2014",
    "Channel": "Microsoft-Windows-ReadyBoost/Operational",
    "Level": "Information",
    "EventData": {
      "BootPlanTimestamp": "2014-02-16 14:00:54.439541+00:00",
      "ErrorCode": "0",
      "Duration (ms)": "5507",
      "Reason": "0"
    },
    "RawXml": "<Event xmlns=\"http://schemas.microsoft.com/win/2004/08/events/event\"><System><Provider Name=\"Microsoft-Windows-ReadyBoost\" Guid=\"{e6307a09-292c-497e-aad6-498f68e2b619}\"></Provider>\n<EventID Qualifiers=\"\">1016</EventID>\n<Version>1</Version>\n<Level>4</Level>\n<Task>1016</Task>\n<Opcode>0</Opcode>\n<Keywords>0x8000000000002000</Keywords>\n<TimeCreated SystemTime=\"2014-02-16 19:00:59.946352+00:00\"></TimeCreated>\n<EventRecordID>75</EventRecordID>\n<Correlation ActivityID=\"\" RelatedActivityID=\"\"></Correlation>\n<Execution ProcessID=\"908\" ThreadID=\"2504\"></Execution>\n<Channel>Microsoft-Windows-ReadyBoost/Operational</Channel>\n<Computer>IACIS-HDD-2014</Computer>\n<Security UserID=\"S-1-5-18\"></Security>\n</System>\n<EventData><Data Name=\"BootPlanTimestamp\">2014-02-16 14:00:54.439541+00:00</Data>\n<Data Name=\"ErrorCode\">0</Data>\n<Data Name=\"Duration (ms)\">5507</Data>\n<Data Name=\"Reason\">0</Data>\n</EventData>\n</Event>\n"
  },
  {
    "EventID": 1016,
    "Timestamp": "2014-02-16 19:13:25.251469+00:00",
    "Computer": "IACIS-HDD-2014",
    "Channel": "Microsoft-Windows-ReadyBoost/Operational",
    "Level": "Information",
    "EventData": {
      "BootPlanTimestamp": "2014-02-16 14:13:20.805460+00:00",
      "ErrorCode": "0",
      "Duration (ms)": "4446",
      "Reason": "1"
    },
    "RawXml": "<Event xmlns=\"http://schemas.microsoft.com/win/2004/08/events/event\"><System><Provider Name=\"Microsoft-Windows-ReadyBoost\" Guid=\"{e6307a09-292c-497e-aad6-498f68e2b619}\"></Provider>\n<EventID Qualifiers=\"\">1016</EventID>\n<Version>1</Version>\n<Level>4</Level>\n<Task>1016</Task>\n<Opcode>0</Opcode>\n<Keywords>0x8000000000002000</Keywords>\n<TimeCreated SystemTime=\"2014-02-16 19:13:25.251469+00:00\"></TimeCreated>\n<EventRecordID>76</EventRecordID>\n<Correlation ActivityID=\"\" RelatedActivityID=\"\"></Correlation>\n<Execution ProcessID=\"908\" ThreadID=\"3356\"></Execution>\n<Channel>Microsoft-Windows-ReadyBoost/Operational</Channel>\n<Computer>IACIS-HDD-2014</Computer>\n<Security UserID=\"S-1-5-18\"></Security>\n</System>\n<EventData><Data Name=\"BootPlanTimestamp\">2014-02-16 14:13:20.805460+00:00</Data>\n<Data Name=\"ErrorCode\">0</Data>\n<Data Name=\"Duration (ms)\">4446</Data>\n<Data Name=\"Reason\">1</Data>\n</EventData>\n</Event>\n"
  },
  {
    "EventID": 1016,
    "Timestamp": "2014-02-16 19:31:37.323786+00:00",
    "Computer": "IACIS-HDD-2014",
    "Channel": "Microsoft-Windows-ReadyBoost/Operational",
    "Level": "Information",
    "EventData": {
      "BootPlanTimestamp": "2014-02-16 14:31:35.810583+00:00",
      "ErrorCode": "0",
      "Duration (ms)": "1513",
      "Reason": "1"
    },
    "RawXml": "<Event xmlns=\"http://schemas.microsoft.com/win/2004/08/events/event\"><System><Provider Name=\"Microsoft-Windows-ReadyBoost\" Guid=\"{e6307a09-292c-497e-aad6-498f68e2b619}\"></Provider>\n<EventID Qualifiers=\"\">1016</EventID>\n<Version>1</Version>\n<Level>4</Level>\n<Task>1016</Task>\n<Opcode>0</Opcode>\n<Keywords>0x8000000000002000</Keywords>\n<TimeCreated SystemTime=\"2014-02-16 19:31:37.323786+00:00\"></TimeCreated>\n<EventRecordID>77</EventRecordID>\n<Correlation ActivityID=\"\" RelatedActivityID=\"\"></Correlation>\n<Execution ProcessID=\"908\" ThreadID=\"3156\"></Execution>\n<Channel>Microsoft-Windows-ReadyBoost/Operational</Channel>\n<Computer>IACIS-HDD-2014</Computer>\n<Security UserID=\"S-1-5-18\"></Security>\n</System>\n<EventData><Data Name=\"BootPlanTimestamp\">2014-02-16 14:31:35.810583+00:00</Data>\n<Data Name=\"ErrorCode\">0</Data>\n<Data Name=\"Duration (ms)\">1513</Data>\n<Data Name=\"Reason\">1</Data>\n</EventData>\n</Event>\n"
  },
  {
    "EventID": 1016,
    "Timestamp": "2014-02-16 19:55:34.304710+00:00",
    "Computer": "IACIS-HDD-2014",
    "Channel": "Microsoft-Windows-ReadyBoost/Operational",
    "Level": "Information",
    "EventData": {
      "BootPlanTimestamp": "2014-02-16 14:55:31.808706+00:00",
      "ErrorCode": "0",
      "Duration (ms)": "2496",
      "Reason": "1"
    },
    "RawXml": "<Event xmlns=\"http://schemas.microsoft.com/win/2004/08/events/event\"><System><Provider Name=\"Microsoft-Windows-ReadyBoost\" Guid=\"{e6307a09-292c-497e-aad6-498f68e2b619}\"></Provider>\n<EventID Qualifiers=\"\">1016</EventID>\n<Version>1</Version>\n<Level>4</Level>\n<Task>1016</Task>\n<Opcode>0</Opcode>\n<Keywords>0x8000000000002000</Keywords>\n<TimeCreated SystemTime=\"2014-02-16 19:55:34.304710+00:00\"></TimeCreated>\n<EventRecordID>78</EventRecordID>\n<Correlation ActivityID=\"\" RelatedActivityID=\"\"></Correlation>\n<Execution ProcessID=\"908\" ThreadID=\"3892\"></Execution>\n<Channel>Microsoft-Windows-ReadyBoost/Operational</Channel>\n<Computer>IACIS-HDD-2014</Computer>\n<Security UserID=\"S-1-5-18\"></Security>\n</System>\n<EventData><Data Name=\"BootPlanTimestamp\">2014-02-16 14:55:31.808706+00:00</Data>\n<Data Name=\"ErrorCode\">0</Data>\n<Data Name=\"Duration (ms)\">2496</Data>\n<Data Name=\"Reason\">1</Data>\n</EventData>\n</Event>\n"
  },
  {
    "EventID": 1016,
    "Timestamp": "2014-02-16 20:00:08.319191+00:00",
    "Computer": "IACIS-HDD-2014",
    "Channel": "Microsoft-Windows-ReadyBoost/Operational",
    "Level": "Information",
    "EventData": {
      "BootPlanTimestamp": "2014-02-16 15:00:06.103989+00:00",
      "ErrorCode": "0",
      "Duration (ms)": "2216",
      "Reason": "1"
    },
    "RawXml": "<Event xmlns=\"http://schemas.microsoft.com/win/2004/08/events/event\"><System><Provider Name=\"Microsoft-Windows-ReadyBoost\" Guid=\"{e6307a09-292c-497e-aad6-498f68e2b619}\"></Provider>\n<EventID Qualifiers=\"\">1016</EventID>\n<Version>1</Version>\n<Level>4</Level>\n<Task>1016</Task>\n<Opcode>0</Opcode>\n<Keywords>0x8000000000002000</Keywords>\n<TimeCreated SystemTime=\"2014-02-16 20:00:08.319191+00:00\"></TimeCreated>\n<EventRecordID>79</EventRecordID>\n<Correlation ActivityID=\"\" RelatedActivityID=\"\"></Correlation>\n<Execution ProcessID=\"908\" ThreadID=\"2692\"></Execution>\n<Channel>Microsoft-Windows-ReadyBoost/Operational</Channel>\n<Computer>IACIS-HDD-2014</Computer>\n<Security UserID=\"S-1-5-18\"></Security>\n</System>\n<EventData><Data Name=\"BootPlanTimestamp\">2014-02-16 15:00:06.103989+00:00</Data>\n<Data Name=\"ErrorCode\">0</Data>\n<Data Name=\"Duration (ms)\">2216</Data>\n<Data Name=\"Reason\">1</Data>\n</EventData>\n</Event>\n"
  },
  {
    "EventID": 1016,
    "Timestamp": "2014-02-16 20:03:11.915915+00:00",
    "Computer": "IACIS-HDD-2014",
    "Channel": "Microsoft-Windows-ReadyBoost/Operational",
    "Level": "Information",
    "EventData": {
      "BootPlanTimestamp": "2014-02-16 15:03:09.794310+00:00",
      "ErrorCode": "0",
      "Duration (ms)": "2121",
      "Reason": "1"
    },
    "RawXml": "<Event xmlns=\"http://schemas.microsoft.com/win/2004/08/events/event\"><System><Provider Name=\"Microsoft-Windows-ReadyBoost\" Guid=\"{e6307a09-292c-497e-aad6-498f68e2b619}\"></Provider>\n<EventID Qualifiers=\"\">1016</EventID>\n<Version>1</Version>\n<Level>4</Level>\n<Task>1016</Task>\n<Opcode>0</Opcode>\n<Keywords>0x8000000000002000</Keywords>\n<TimeCreated SystemTime=\"2014-02-16 20:03:11.915915+00:00\"></TimeCreated>\n<EventRecordID>80</EventRecordID>\n<Correlation ActivityID=\"\" RelatedActivityID=\"\"></Correlation>\n<Execution ProcessID=\"908\" ThreadID=\"2192\"></Execution>\n<Channel>Microsoft-Windows-ReadyBoost/Operational</Channel>\n<Computer>IACIS-HDD-2014</Computer>\n<Security UserID=\"S-1-5-18\"></Security>\n</System>\n<EventData><Data Name=\"BootPlanTimestamp\">2014-02-16 15:03:09.794310+00:00</Data>\n<Data Name=\"ErrorCode\">0</Data>\n<Data Name=\"Duration (ms)\">2121</Data>\n<Data Name=\"Reason\">1</Data>\n</EventData>\n</Event>\n"
  },
  {
    "EventID": 1015,
    "Timestamp": "2014-02-16 21:51:48.825138+00:00",
    "Computer": "IACIS-HDD-2014",
    "Channel": "Microsoft-Windows-ReadyBoost/Operational",
    "Level": "Information",
    "EventData": {
      "RB_IoReadBytes": "333097472",
      "RB_CacheHitBytes": "205692416",
      "RB_PrefetchBytes": "227930112",
      "RB_CacheHitPercentage": "0.7957383841373188",
      "RB_IoReadCount": "16895",
      "RB_CacheHitCount": "13444",
      "RB_PrefetchReadCount": "6433",
      "RB_PrefetchDiskTimeUs": "43236187"
    },
    "RawXml": "<Event xmlns=\"http://schemas.microsoft.com/win/2004/08/events/event\"><System><Provider Name=\"Microsoft-Windows-ReadyBoost\" Guid=\"{e6307a09-292c-497e-aad6-498f68e2b619}\"></Provider>\n<EventID Qualifiers=\"\">1015</EventID>\n<Version>1</Version>\n<Level>4</Level>\n<Task>1016</Task>\n<Opcode>0</Opcode>\n<Keywords>0x8000000000002000</Keywords>\n<TimeCreated SystemTime=\"2014-02-16 21:51:48.825138+00:00\"></TimeCreated>\n<EventRecordID>81</EventRecordID>\n<Correlation ActivityID=\"\" RelatedActivityID=\"\"></Correlation>\n<Execution ProcessID=\"908\" ThreadID=\"3084\"></Execution>\n<Channel>Microsoft-Windows-ReadyBoost/Operational</Channel>\n<Computer>IACIS-HDD-2014</Computer>\n<Security UserID=\"S-1-5-18\"></Security>\n</System>\n<EventData><Data Name=\"RB_IoReadBytes\">333097472</Data>\n<Data Name=\"RB_CacheHitBytes\">205692416</Data>\n<Data Name=\"RB_PrefetchBytes\">227930112</Data>\n<Data Name=\"RB_CacheHitPercentage\">0.7957383841373188</Data>\n<Data Name=\"RB_IoReadCount\">16895</Data>\n<Data Name=\"RB_CacheHitCount\">13444</Data>\n<Data Name=\"RB_PrefetchReadCount\">6433</Data>\n<Data Name=\"RB_PrefetchDiskTimeUs\">43236187</Data>\n</EventData>\n</Event>\n"
  },
  {
    "EventID": 1016,
    "Timestamp": "2014-02-16 21:51:51.321144+00:00",
    "Computer": "IACIS-HDD-2014",
    "Channel": "Microsoft-Windows-ReadyBoost/Operational",
    "Level": "Information",
    "EventData": {
      "BootPlanTimestamp": "2014-02-16 16:51:45.985933+00:00",
      "ErrorCode": "0",
      "Duration (ms)": "5335",
      "Reason": "0"
    },
    "RawXml": "<Event xmlns=\"http://schemas.microsoft.com/win/2004/08/events/event\"><System><Provider Name=\"Microsoft-Windows-ReadyBoost\" Guid=\"{e6307a09-292c-497e-aad6-498f68e2b619}\"></Provider>\n<EventID Qualifiers=\"\">1016</EventID>\n<Version>1</Version>\n<Level>4</Level>\n<Task>1016</Task>\n<Opcode>0</Opcode>\n<Keywords>0x8000000000002000</Keywords>\n<TimeCreated SystemTime=\"2014-02-16 21:51:51.321144+00:00\"></TimeCreated>\n<EventRecordID>82</EventRecordID>\n<Correlation ActivityID=\"\" RelatedActivityID=\"\"></Correlation>\n<Execution ProcessID=\"908\" ThreadID=\"3084\"></Execution>\n<Channel>Microsoft-Windows-ReadyBoost/Operational</Channel>\n<Computer>IACIS-HDD-2014</Computer>\n<Security UserID=\"S-1-5-18\"></Security>\n</System>\n<EventData><Data Name=\"BootPlanTimestamp\">2014-02-16 16:51:45.985933+00:00</Data>\n<Data Name=\"ErrorCode\">0</Data>\n<Data Name=\"Duration (ms)\">5335</Data>\n<Data Name=\"Reason\">0</Data>\n</EventData>\n</Event>\n"
  },
  {
    "EventID": 1015,
    "Timestamp": "2014-02-16 22:41:03.507338+00:00",
    "Computer": "IACIS-HDD-2014",
    "Channel": "Microsoft-Windows-ReadyBoost/Operational",
    "Level": "Information",
    "EventData": {
      "RB_IoReadBytes": "340485632",
      "RB_CacheHitBytes": "241273344",
      "RB_PrefetchBytes": "263872512",
      "RB_CacheHitPercentage": "0.9226991738401987",
      "RB_IoReadCount": "17309",
      "RB_CacheHitCount": "15971",
      "RB_PrefetchReadCount": "7120",
      "RB_PrefetchDiskTimeUs": "48721719"
    },
    "RawXml": "<Event xmlns=\"http://schemas.microsoft.com/win/2004/08/events/event\"><System><Provider Name=\"Microsoft-Windows-ReadyBoost\" Guid=\"{e6307a09-292c-497e-aad6-498f68e2b619}\"></Provider>\n<EventID Qualifiers=\"\">1015</EventID>\n<Version>1</Version>\n<Level>4</Level>\n<Task>1016</Task>\n<Opcode>0</Opcode>\n<Keywords>0x8000000000002000</Keywords>\n<TimeCreated SystemTime=\"2014-02-16 22:41:03.507338+00:00\"></TimeCreated>\n<EventRecordID>83</EventRecordID>\n<Correlation ActivityID=\"\" RelatedActivityID=\"\"></Correlation>\n<Execution ProcessID=\"908\" ThreadID=\"3424\"></Execution>\n<Channel>Microsoft-Windows-ReadyBoost/Operational</Channel>\n<Computer>IACIS-HDD-2014</Computer>\n<Security UserID=\"S-1-5-18\"></Security>\n</System>\n<EventData><Data Name=\"RB_IoReadBytes\">340485632</Data>\n<Data Name=\"RB_CacheHitBytes\">241273344</Data>\n<Data Name=\"RB_PrefetchBytes\">263872512</Data>\n<Data Name=\"RB_CacheHitPercentage\">0.9226991738401987</Data>\n<Data Name=\"RB_IoReadCount\">17309</Data>\n<Data Name=\"RB_CacheHitCount\">15971</Data>\n<Data Name=\"RB_PrefetchReadCount\">7120</Data>\n<Data Name=\"RB_PrefetchDiskTimeUs\">48721719</Data>\n</EventData>\n</Event>\n"
  },
  {
    "EventID": 1016,
    "Timestamp": "2014-02-16 22:41:05.816141+00:00",
    "Computer": "IACIS-HDD-2014",
    "Channel": "Microsoft-Windows-ReadyBoost/Operational",
    "Level": "Information",
    "EventData": {
      "BootPlanTimestamp": "2014-02-16 17:40:35.939287+00:00",
      "ErrorCode": "0",
      "Duration (ms)": "29874",
      "Reason": "0"
    },
    "RawXml": "<Event xmlns=\"http://schemas.microsoft.com/win/2004/08/events/event\"><System><Provider Name=\"Microsoft-Windows-ReadyBoost\" Guid=\"{e6307a09-292c-497e-aad6-498f68e2b619}\"></Provider>\n<EventID Qualifiers=\"\">1016</EventID>\n<Version>1</Version>\n<Level>4</Level>\n<Task>1016</Task>\n<Opcode>0</Opcode>\n<Keywords>0x8000000000002000</Keywords>\n<TimeCreated SystemTime=\"2014-02-16 22:41:05.816141+00:00\"></TimeCreated>\n<EventRecordID>84</EventRecordID>\n<Correlation ActivityID=\"\" RelatedActivityID=\"\"></Correlation>\n<Execution ProcessID=\"908\" ThreadID=\"3424\"></Execution>\n<Channel>Microsoft-Windows-ReadyBoost/Operational</Channel>\n<Computer>IACIS-HDD-2014</Computer>\n<Security UserID=\"S-1-5-18\"></Security>\n</System>\n<EventData><Data Name=\"BootPlanTimestamp\">2014-02-16 17:40:35.939287+00:00</Data>\n<Data Name=\"ErrorCode\">0</Data>\n<Data Name=\"Duration (ms)\">29874</Data>\n<Data Name=\"Reason\">0</Data>\n</EventData>\n</Event>\n"
  },
  {
    "EventID": 1015,
    "Timestamp": "2014-02-19 13:31:25.768982+00:00",
    "Computer": "IACIS-HDD-2014",
    "Channel": "Microsoft-Windows-ReadyBoost/Operational",
    "Level": "Information",
    "EventData": {
      "RB_IoReadBytes": "339876352",
      "RB_CacheHitBytes": "243628544",
      "RB_PrefetchBytes": "263942144",
      "RB_CacheHitPercentage": "0.911791486455725",
      "RB_IoReadCount": "17572",
      "RB_CacheHitCount": "16022",
      "RB_PrefetchReadCount": "7172",
      "RB_PrefetchDiskTimeUs": "50744909"
    },
    "RawXml": "<Event xmlns=\"http://schemas.microsoft.com/win/2004/08/events/event\"><System><Provider Name=\"Microsoft-Windows-ReadyBoost\" Guid=\"{e6307a09-292c-497e-aad6-498f68e2b619}\"></Provider>\n<EventID Qualifiers=\"\">1015</EventID>\n<Version>1</Version>\n<Level>4</Level>\n<Task>1016</Task>\n<Opcode>0</Opcode>\n<Keywords>0x8000000000002000</Keywords>\n<TimeCreated SystemTime=\"2014-02-19 13:31:25.768982+00:00\"></TimeCreated>\n<EventRecordID>85</EventRecordID>\n<Correlation ActivityID=\"\" RelatedActivityID=\"\"></Correlation>\n<Execution ProcessID=\"912\" ThreadID=\"3168\"></Execution>\n<Channel>Microsoft-Windows-ReadyBoost/Operational</Channel>\n<Computer>IACIS-HDD-2014</Computer>\n<Security UserID=\"S-1-5-18\"></Security>\n</System>\n<EventData><Data Name=\"RB_IoReadBytes\">339876352</Data>\n<Data Name=\"RB_CacheHitBytes\">243628544</Data>\n<Data Name=\"RB_PrefetchBytes\">263942144</Data>\n<Data Name=\"RB_CacheHitPercentage\">0.911791486455725</Data>\n<Data Name=\"RB_IoReadCount\">17572</Data>\n<Data Name=\"RB_CacheHitCount\">16022</Data>\n<Data Name=\"RB_PrefetchReadCount\">7172</Data>\n<Data Name=\"RB_PrefetchDiskTimeUs\">50744909</Data>\n</EventData>\n</Event>\n"
  },
  {
    "EventID": 1016,
    "Timestamp": "2014-02-19 13:31:27.781385+00:00",
    "Computer": "IACIS-HDD-2014",
    "Channel": "Microsoft-Windows-ReadyBoost/Operational",
    "Level": "Information",
    "EventData": {
      "BootPlanTimestamp": "2014-02-19 08:31:22.929777+00:00",
      "ErrorCode": "0",
      "Duration (ms)": "4851",
      "Reason": "0"
    },
    "RawXml": "<Event xmlns=\"http://schemas.microsoft.com/win/2004/08/events/event\"><System><Provider Name=\"Microsoft-Windows-ReadyBoost\" Guid=\"{e6307a09-292c-497e-aad6-498f68e2b619}\"></Provider>\n<EventID Qualifiers=\"\">1016</EventID>\n<Version>1</Version>\n<Level>4</Level>\n<Task>1016</Task>\n<Opcode>0</Opcode>\n<Keywords>0x8000000000002000</Keywords>\n<TimeCreated SystemTime=\"2014-02-19 13:31:27.781385+00:00\"></TimeCreated>\n<EventRecordID>86</EventRecordID>\n<Correlation ActivityID=\"\" RelatedActivityID=\"\"></Correlation>\n<Execution ProcessID=\"912\" ThreadID=\"3168\"></Execution>\n<Channel>Microsoft-Windows-ReadyBoost/Operational</Channel>\n<Computer>IACIS-HDD-2014</Computer>\n<Security UserID=\"S-1-5-18\"></Security>\n</System>\n<EventData><Data Name=\"BootPlanTimestamp\">2014-02-19 08:31:22.929777+00:00</Data>\n<Data Name=\"ErrorCode\">0</Data>\n<Data Name=\"Duration (ms)\">4851</Data>\n<Data Name=\"Reason\">0</Data>\n</EventData>\n</Event>\n"
  },
  {
    "EventID": 1016,
    "Timestamp": "2014-02-19 14:13:23.331005+00:00",
    "Computer": "IACIS-HDD-2014",
    "Channel": "Microsoft-Windows-ReadyBoost/Operational",
    "Level": "Information",
    "EventData": {
      "BootPlanTimestamp": "2014-02-19 09:13:20.819401+00:00",
      "ErrorCode": "0",
      "Duration (ms)": "2512",
      "Reason": "1"
    },
    "RawXml": "<Event xmlns=\"http://schemas.microsoft.com/win/2004/08/events/event\"><System><Provider Name=\"Microsoft-Windows-ReadyBoost\" Guid=\"{e6307a09-292c-497e-aad6-498f68e2b619}\"></Provider>\n<EventID Qualifiers=\"\">1016</EventID>\n<Version>1</Version>\n<Level>4</Level>\n<Task>1016</Task>\n<Opcode>0</Opcode>\n<Keywords>0x8000000000002000</Keywords>\n<TimeCreated SystemTime=\"2014-02-19 14:13:23.331005+00:00\"></TimeCreated>\n<EventRecordID>87</EventRecordID>\n<Correlation ActivityID=\"\" RelatedActivityID=\"\"></Correlation>\n<Execution ProcessID=\"912\" ThreadID=\"2840\"></Execution>\n<Channel>Microsoft-Windows-ReadyBoost/Operational</Channel>\n<Computer>IACIS-HDD-2014</Computer>\n<Security UserID=\"S-1-5-18\"></Security>\n</System>\n<EventData><Data Name=\"BootPlanTimestamp\">2014-02-19 09:13:20.819401+00:00</Data>\n<Data Name=\"ErrorCode\">0</Data>\n<Data Name=\"Duration (ms)\">2512</Data>\n<Data Name=\"Reason\">1</Data>\n</EventData>\n</Event>\n"
  },
  {
    "EventID": 1016,
    "Timestamp": "2014-02-19 14:16:26.366125+00:00",
    "Computer": "IACIS-HDD-2014",
    "Channel": "Microsoft-Windows-ReadyBoost/Operational",
    "Level": "Information",
    "EventData": {
      "BootPlanTimestamp": "2014-02-19 09:16:23.823320+00:00",
      "ErrorCode": "0",
      "Duration (ms)": "2543",
      "Reason": "1"
    },
    "RawXml": "<Event xmlns=\"http://schemas.microsoft.com/win/2004/08/events/event\"><System><Provider Name=\"Microsoft-Windows-ReadyBoost\" Guid=\"{e6307a09-292c-497e-aad6-498f68e2b619}\"></Provider>\n<EventID Qualifiers=\"\">1016</EventID>\n<Version>1</Version>\n<Level>4</Level>\n<Task>1016</Task>\n<Opcode>0</Opcode>\n<Keywords>0x8000000000002000</Keywords>\n<TimeCreated SystemTime=\"2014-02-19 14:16:26.366125+00:00\"></TimeCreated>\n<EventRecordID>88</EventRecordID>\n<Correlation ActivityID=\"\" RelatedActivityID=\"\"></Correlation>\n<Execution ProcessID=\"912\" ThreadID=\"2252\"></Execution>\n<Channel>Microsoft-Windows-ReadyBoost/Operational</Channel>\n<Computer>IACIS-HDD-2014</Computer>\n<Security UserID=\"S-1-5-18\"></Security>\n</System>\n<EventData><Data Name=\"BootPlanTimestamp\">2014-02-19 09:16:23.823320+00:00</Data>\n<Data Name=\"ErrorCode\">0</Data>\n<Data Name=\"Duration (ms)\">2543</Data>\n<Data Name=\"Reason\">1</Data>\n</EventData>\n</Event>\n"
  },
  {
    "EventID": 1015,
    "Timestamp": "2014-02-20 14:23:18.338337+00:00",
    "Computer": "IACIS-HDD-2014",
    "Channel": "Microsoft-Windows-ReadyBoost/Operational",
    "Level": "Information",
    "EventData": {
      "RB_IoReadBytes": "276558848",
      "RB_CacheHitBytes": "161485824",
      "RB_PrefetchBytes": "258392064",
      "RB_CacheHitPercentage": "0.8982045929018789",
      "RB_IoReadCount": "11975",
      "RB_CacheHitCount": "10756",
      "RB_PrefetchReadCount": "7031",
      "RB_PrefetchDiskTimeUs": "49991817"
    },
    "RawXml": "<Event xmlns=\"http://schemas.microsoft.com/win/2004/08/events/event\"><System><Provider Name=\"Microsoft-Windows-ReadyBoost\" Guid=\"{e6307a09-292c-497e-aad6-498f68e2b619}\"></Provider>\n<EventID Qualifiers=\"\">1015</EventID>\n<Version>1</Version>\n<Level>4</Level>\n<Task>1016</Task>\n<Opcode>0</Opcode>\n<Keywords>0x8000000000002000</Keywords>\n<TimeCreated SystemTime=\"2014-02-20 14:23:18.338337+00:00\"></TimeCreated>\n<EventRecordID>89</EventRecordID>\n<Correlation ActivityID=\"\" RelatedActivityID=\"\"></Correlation>\n<Execution ProcessID=\"912\" ThreadID=\"2312\"></Execution>\n<Channel>Microsoft-Windows-ReadyBoost/Operational</Channel>\n<Computer>IACIS-HDD-2014</Computer>\n<Security UserID=\"S-1-5-18\"></Security>\n</System>\n<EventData><Data Name=\"RB_IoReadBytes\">276558848</Data>\n<Data Name=\"RB_CacheHitBytes\">161485824</Data>\n<Data Name=\"RB_PrefetchBytes\">258392064</Data>\n<Data Name=\"RB_CacheHitPercentage\">0.8982045929018789</Data>\n<Data Name=\"RB_IoReadCount\">11975</Data>\n<Data Name=\"RB_CacheHitCount\">10756</Data>\n<Data Name=\"RB_PrefetchReadCount\">7031</Data>\n<Data Name=\"RB_PrefetchDiskTimeUs\">49991817</Data>\n</EventData>\n</Event>\n"
  },
  {
    "EventID": 1016,
    "Timestamp": "2014-02-20 14:23:20.288340+00:00",
    "Computer": "IACIS-HDD-2014",
    "Channel": "Microsoft-Windows-ReadyBoost/Operational",
    "Level": "Information",
    "EventData": {
      "BootPlanTimestamp": "2014-02-20 09:23:15.436731+00:00",
      "ErrorCode": "0",
      "Duration (ms)": "4851",
      "Reason": "0"
    },
    "RawXml": "<Event xmlns=\"http://schemas.microsoft.com/win/2004/08/events/event\"><System><Provider Name=\"Microsoft-Windows-ReadyBoost\" Guid=\"{e6307a09-292c-497e-aad6-498f68e2b619}\"></Provider>\n<EventID Qualifiers=\"\">1016</EventID>\n<Version>1</Version>\n<Level>4</Level>\n<Task>1016</Task>\n<Opcode>0</Opcode>\n<Keywords>0x8000000000002000</Keywords>\n<TimeCreated SystemTime=\"2014-02-20 14:23:20.288340+00:00\"></TimeCreated>\n<EventRecordID>90</EventRecordID>\n<Correlation ActivityID=\"\" RelatedActivityID=\"\"></Correlation>\n<Execution ProcessID=\"912\" ThreadID=\"2312\"></Execution>\n<Channel>Microsoft-Windows-ReadyBoost/Operational</Channel>\n<Computer>IACIS-HDD-2014</Computer>\n<Security UserID=\"S-1-5-18\"></Security>\n</System>\n<EventData><Data Name=\"BootPlanTimestamp\">2014-02-20 09:23:15.436731+00:00</Data>\n<Data Name=\"ErrorCode\">0</Data>\n<Data Name=\"Duration (ms)\">4851</Data>\n<Data Name=\"Reason\">0</Data>\n</EventData>\n</Event>\n"
  },
  {
    "EventID": 1016,
    "Timestamp": "2014-02-20 15:25:32.222502+00:00",
    "Computer": "IACIS-HDD-2014",
    "Channel": "Microsoft-Windows-ReadyBoost/Operational",
    "Level": "Information",
    "EventData": {
      "BootPlanTimestamp": "2014-02-20 10:25:29.820097+00:00",
      "ErrorCode": "0",
      "Duration (ms)": "2402",
      "Reason": "1"
    },
    "RawXml": "<Event xmlns=\"http://schemas.microsoft.com/win/2004/08/events/event\"><System><Provider Name=\"Microsoft-Windows-ReadyBoost\" Guid=\"{e6307a09-292c-497e-aad6-498f68e2b619}\"></Provider>\n<EventID Qualifiers=\"\">1016</EventID>\n<Version>1</Version>\n<Level>4</Level>\n<Task>1016</Task>\n<Opcode>0</Opcode>\n<Keywords>0x8000000000002000</Keywords>\n<TimeCreated SystemTime=\"2014-02-20 15:25:32.222502+00:00\"></TimeCreated>\n<EventRecordID>91</EventRecordID>\n<Correlation ActivityID=\"\" RelatedActivityID=\"\"></Correlation>\n<Execution ProcessID=\"912\" ThreadID=\"1672\"></Execution>\n<Channel>Microsoft-Windows-ReadyBoost/Operational</Channel>\n<Computer>IACIS-HDD-2014</Computer>\n<Security UserID=\"S-1-5-18\"></Security>\n</System>\n<EventData><Data Name=\"BootPlanTimestamp\">2014-02-20 10:25:29.820097+00:00</Data>\n<Data Name=\"ErrorCode\">0</Data>\n<Data Name=\"Duration (ms)\">2402</Data>\n<Data Name=\"Reason\">1</Data>\n</EventData>\n</Event>\n"
  }
]