[
  {
    "EventID": 100,
    "Timestamp": "2014-01-25 13:34:11.758089+00:00",
    "Computer": "IACIS-HDD-2014",
    "Channel": "Microsoft-Windows-Diagnostics-Performance/Operational",
    "Level": "Error",
    "EventData": {
      "BootTsVersion": "2",
      "BootStartTime": "2014-01-25 13:31:25.640400+00:00",
      "BootEndTime": "2014-01-25 13:34:09.090485+00:00",
      "SystemBootInstance": "6",
      "UserBootInstance": "1",
      "BootTime": "89594",
      "MainPathBootTime": "76694",
      "BootKernelInitTime": "26",
      "BootDriverInitTime": "17862",
      "BootDevicesInitTime": "2664",
      "BootPrefetchInitTime": "87936",
      "BootPrefetchBytes": "629080064",
      "BootAutoChkTime": "0",
      "BootSmssInitTime": "14958",
      "BootCriticalServicesInitTime": "830",
      "BootUserProfileProcessingTime": "450",
      "BootMachineProfileProcessingTime": "0",
      "BootExplorerInitTime": "13669",
      "BootNumStartupApps": "10",
      "BootPostBootTime": "12900",
      "BootIsRebootAfterInstall": "False",
      "BootRootCauseStepImprovementBits": "0",
      "BootRootCauseGradualImprovementBits": "0",
      "BootRootCauseStepDegradationBits": "0",
      "BootRootCauseGradualDegradationBits": "0",
      "BootIsDegradation": "False",
      "BootIsStepDegradation": "False",
      "BootIsGradualDegradation": "False",
      "BootImprovementDelta": "0",
      "BootDegradationDelta": "0",
      "BootIsRootCauseIdentified": "False",
      "OSLoaderDuration": "3410",
      "BootPNPInitStartTimeMS": "26",
      "BootPNPInitDuration": "2697",
      "OtherKernelInitDuration": "2162",
      "SystemPNPInitStartTimeMS": "4742",
      "SystemPNPInitDuration": "17828",
      "SessionInitStartTimeMS": "22688",
      "Session0InitDuration": "502",
      "Session1InitDuration": "119",
      "SessionInitOtherDuration": "14336",
      "WinLogonStartTimeMS": "37646",
      "OtherLogonInitActivityDuration": "24926",
      "UserLogonWaitDuration": "8690"
    },
    "RawXml": "<Event xmlns=\"http://schemas.microsoft.com/win/2004/08/events/event\"><System><Provider Name=\"Microsoft-Windows-Diagnostics-Performance\" Guid=\"{cfc18ec0-96b1-4eba-961b-622caee05b0a}\"></Provider>\n<EventID Qualifiers=\"\">100</EventID>\n<Version>2</Version>\n<Level>2</Level>\n<Task>4002</Task>\n<Opcode>34</Opcode>\n<Keywords>0x8000000000010000</Keywords>\n<TimeCreated SystemTime=\"2014-01-25 13:34:11.758089+00:00\"></TimeCreated>\n<EventRecordID>1</EventRecordID>\n<Correlation ActivityID=\"{02ac7c48-f800-0001-26ec-c3bed119cf01}\" RelatedActivityID=\"\"></Correlation>\n<Execution ProcessID=\"1188\" ThreadID=\"1628\"></Execution>\n<Channel>Microsoft-Windows-Diagnostics-Performance/Operational</Channel>\n<Computer>IACIS-HDD-2014</Computer>\n<Security UserID=\"S-1-5-19\"></Security>\n</System>\n<EventData><Data Name=\"BootTsVersion\">2</Data>\n<Data Name=\"BootStartTime\">2014-01-25 13:31:25.640400+00:00</Data>\n<Data Name=\"BootEndTime\">2014-01-25 13:34:09.090485+00:00</Data>\n<Data Name=\"SystemBootInstance\">6</Data>\n<Data Name=\"UserBootInstance\">1</Data>\n<Data Name=\"BootTime\">89594</Data>\n<Data Name=\"MainPathBootTime\">76694</Data>\n<Data Name=\"BootKernelInitTime\">26</Data>\n<Data Name=\"BootDriverInitTime\">17862</Data>\n<Data Name=\"BootDevicesInitTime\">2664</Data>\n<Data Name=\"BootPrefetchInitTime\">87936</Data>\n<Data Name=\"BootPrefetchBytes\">629080064</Data>\n<Data Name=\"BootAutoChkTime\">0</Data>\n<Data Name=\"BootSmssInitTime\">14958</Data>\n<Data Name=\"BootCriticalServicesInitTime\">830</Data>\n<Data Name=\"BootUserProfileProcessingTime\">450</Data>\n<Data Name=\"BootMachineProfileProcessingTime\">0</Data>\n<Data Name=\"BootExplorerInitTime\">13669</Data>\n<Data Name=\"BootNumStartupApps\">10</Data>\n<Data Name=\"BootPostBootTime\">12900</Data>\n<Data Name=\"BootIsRebootAfterInstall\">False</Data>\n<Data Name=\"BootRootCauseStepImprovementBits\">0</Data>\n<Data Name=\"BootRootCauseGradualImprovementBits\">0</Data>\n<Data Name=\"BootRootCauseStepDegradationBits\">0</Data>\n<Data Name=\"BootRootCauseGradualDegradationBits\">0</Data>\n<Data Name=\"BootIsDegradation\">False</Data>\n<Data Name=\"BootIsStepDegradation\">False</Data>\n<Data Name=\"BootIsGradualDegradation\">False</Data>\n<Data Name=\"BootImprovementDelta\">0</Data>\n<Data Name=\"BootDegradationDelta\">0</Data>\n<Data Name=\"BootIsRootCauseIdentified\">False</Data>\n<Data Name=\"OSLoaderDuration\">3410</Data>\n<Data Name=\"BootPNPInitStartTimeMS\">26</Data>\n<Data Name=\"BootPNPInitDuration\">2697</Data>\n<Data Name=\"OtherKernelInitDuration\">2162</Data>\n<Data Name=\"SystemPNPInitStartTimeMS\">4742</Data>\n<Data Name=\"SystemPNPInitDuration\">17828</Data>\n<Data Name=\"SessionInitStartTimeMS\">22688</Data>\n<Data Name=\"Session0InitDuration\">502</Data>\n<Data Name=\"Session1InitDuration\">119</Data>\n<Data Name=\"SessionInitOtherDuration\">14336</Data>\n<Data Name=\"WinLogonStartTimeMS\">37646</Data>\n<Data Name=\"OtherLogonInitActivityDuration\">24926</Data>\n<Data Name=\"UserLogonWaitDuration\">8690</Data>\n</EventData>\n</Event>\n"
  },
  {
    "EventID": 102,
    "Timestamp": "2014-01-25 13:34:11.758089+00:00",
    "Computer": "IACIS-HDD-2014",
    "Channel": "Microsoft-Windows-Diagnostics-Performance/Operational",
    "Level": "Warning",
    "EventData": {
      "StartTime": "2014-01-25 13:31:25.640400+00:00",
      "NameLength": "4",
      "Name": "AFD",
      "FriendlyNameLength": "38",
      "FriendlyName": "Ancillary Function Driver for WinSock",
      "VersionLength": "38",
      "Version": "6.1.7600.16385 (win7_rtm.090713-1255)",
      "TotalTime": "16361",
      "DegradationTime": "14861",
      "PathLength": "36",
      "Path": "C:\\Windows\\system32\\drivers\\afd.sys",
      "ProductNameLength": "37",
      "ProductName": "Microsoft® Windows® Operating System",
      "CompanyNameLength": "22",
      "CompanyName": "Microsoft Corporation"
    },
    "RawXml": "<Event xmlns=\"http://schemas.microsoft.com/win/2004/08/events/event\"><System><Provider Name=\"Microsoft-Windows-Diagnostics-Performance\" Guid=\"{cfc18ec0-96b1-4eba-961b-622caee05b0a}\"></Provider>\n<EventID Qualifiers=\"\">102</EventID>\n<Version>1</Version>\n<Level>3</Level>\n<Task>4002</Task>\n<Opcode>33</Opcode>\n<Keywords>0x8000000000010000</Keywords>\n<TimeCreated SystemTime=\"2014-01-25 13:34:11.758089+00:00\"></TimeCreated>\n<EventRecordID>2</EventRecordID>\n<Correlation ActivityID=\"{02ac7c48-f800-0001-26ec-c3bed119cf01}\" RelatedActivityID=\"\"></Correlation>\n<Execution ProcessID=\"1188\" ThreadID=\"1628\"></Execution>\n<Channel>Microsoft-Windows-Diagnostics-Performance/Operational</Channel>\n<Computer>IACIS-HDD-2014</Computer>\n<Security UserID=\"S-1-5-19\"></Security>\n</System>\n<EventData><Data Name=\"StartTime\">2014-01-25 13:31:25.640400+00:00</Data>\n<Data Name=\"NameLength\">4</Data>\n<Data Name=\"Name\">AFD</Data>\n<Data Name=\"FriendlyNameLength\">38</Data>\n<Data Name=\"FriendlyName\">Ancillary Function Driver for WinSock</Data>\n<Data Name=\"VersionLength\">38</Data>\n<Data Name=\"Version\">6.1.7600.16385 (win7_rtm.090713-1255)</Data>\n<Data Name=\"TotalTime\">16361</Data>\n<Data Name=\"DegradationTime\">14861</Data>\n<Data Name=\"PathLength\">36</Data>\n<Data Name=\"Path\">C:\\Windows\\system32\\drivers\\afd.sys</Data>\n<Data Name=\"ProductNameLength\">37</Data>\n<Data Name=\"ProductName\">Microsoft&#174; Windows&#174; Operating System</Data>\n<Data Name=\"CompanyNameLength\">22</Data>\n<Data Name=\"CompanyName\">Microsoft Corporation</Data>\n</EventData>\n</Event>\n"
  },
  {
    "EventID": 100,
    "Timestamp": "2014-01-25 13:55:09.179852+00:00",
    "Computer": "IACIS-HDD-2014",
    "Channel": "Microsoft-Windows-Diagnostics-Performance/Operational",
    "Level": "Error",
    "EventData": {
      "BootTsVersion": "2",
      "BootStartTime": "2014-01-25 13:52:45.640400+00:00",
      "BootEndTime": "2014-01-25 13:55:05.919445+00:00",
      "SystemBootInstance": "7",
      "UserBootInstance": "2",
      "BootTime": "98888",
      "MainPathBootTime": "45588",
      "BootKernelInitTime": "27",
      "BootDriverInitTime": "493",
      "BootDevicesInitTime": "2441",
      "BootPrefetchInitTime": "70798",
      "BootPrefetchBytes": "278810624",
      "BootAutoChkTime": "0",
      "BootSmssInitTime": "13779",
      "BootCriticalServicesInitTime": "508",
      "BootUserProfileProcessingTime": "922",
      "BootMachineProfileProcessingTime": "0",
      "BootExplorerInitTime": "3892",
      "BootNumStartupApps": "0",
      "BootPostBootTime": "53300",
      "BootIsRebootAfterInstall": "False",
      "BootRootCauseStepImprovementBits": "0",
      "BootRootCauseGradualImprovementBits": "0",
      "BootRootCauseStepDegradationBits": "13631488",
      "BootRootCauseGradualDegradationBits": "13631488",
      "BootIsDegradation": "True",
      "BootIsStepDegradation": "True",
      "BootIsGradualDegradation": "True",
      "BootImprovementDelta": "0",
      "BootDegradationDelta": "31115",
      "BootIsRootCauseIdentified": "True",
      "OSLoaderDuration": "3431",
      "BootPNPInitStartTimeMS": "27",
      "BootPNPInitDuration": "2474",
      "OtherKernelInitDuration": "2930",
      "SystemPNPInitStartTimeMS": "5328",
      "SystemPNPInitDuration": "460",
      "SessionInitStartTimeMS": "5865",
      "Session0InitDuration": "6056",
      "Session1InitDuration": "143",
      "SessionInitOtherDuration": "7579",
      "WinLogonStartTimeMS": "19644",
      "OtherLogonInitActivityDuration": "21128",
      "UserLogonWaitDuration": "7200"
    },
    "RawXml": "<Event xmlns=\"http://schemas.microsoft.com/win/2004/08/events/event\"><System><Provider Name=\"Microsoft-Windows-Diagnostics-Performance\" Guid=\"{cfc18ec0-96b1-4eba-961b-622caee05b0a}\"></Provider>\n<EventID Qualifiers=\"\">100</EventID>\n<Version>2</Version>\n<Level>2</Level>\n<Task>4002</Task>\n<Opcode>34</Opcode>\n<Keywords>0x8000000000010000</Keywords>\n<TimeCreated SystemTime=\"2014-01-25 13:55:09.179852+00:00\"></TimeCreated>\n<EventRecordID>3</EventRecordID>\n<Correlation ActivityID=\"{02aafc48-f800-0001-2c6c-b4b9d419cf01}\" RelatedActivityID=\"\"></Correlation>\n<Execution ProcessID=\"1204\" ThreadID=\"1648\"></Execution>\n<Channel>Microsoft-Windows-Diagnostics-Performance/Operational</Channel>\n<Computer>IACIS-HDD-2014</Computer>\n<Security UserID=\"S-1-5-19\"></Security>\n</System>\n<EventData><Data Name=\"BootTsVersion\">2</Data>\n<Data Name=\"BootStartTime\">2014-01-25 13:52:45.640400+00:00</Data>\n<Data Name=\"BootEndTime\">2014-01-25 13:55:05.919445+00:00</Data>\n<Data Name=\"SystemBootInstance\">7</Data>\n<Data Name=\"UserBootInstance\">2</Data>\n<Data Name=\"BootTime\">98888</Data>\n<Data Name=\"MainPathBootTime\">45588</Data>\n<Data Name=\"BootKernelInitTime\">27</Data>\n<Data Name=\"BootDriverInitTime\">493</Data>\n<Data Name=\"BootDevicesInitTime\">2441</Data>\n<Data Name=\"BootPrefetchInitTime\">70798</Data>\n<Data Name=\"BootPrefetchBytes\">278810624</Data>\n<Data Name=\"BootAutoChkTime\">0</Data>\n<Data Name=\"BootSmssInitTime\">13779</Data>\n<Data Name=\"BootCriticalServicesInitTime\">508</Data>\n<Data Name=\"BootUserProfileProcessingTime\">922</Data>\n<Data Name=\"BootMachineProfileProcessingTime\">0</Data>\n<Data Name=\"BootExplorerInitTime\">3892</Data>\n<Data Name=\"BootNumStartupApps\">0</Data>\n<Data Name=\"BootPostBootTime\">53300</Data>\n<Data Name=\"BootIsRebootAfterInstall\">False</Data>\n<Data Name=\"BootRootCauseStepImprovementBits\">0</Data>\n<Data Name=\"BootRootCauseGradualImprovementBits\">0</Data>\n<Data Name=\"BootRootCauseStepDegradationBits\">13631488</Data>\n<Data Name=\"BootRootCauseGradualDegradationBits\">13631488</Data>\n<Data Name=\"BootIsDegradation\">True</Data>\n<Data Name=\"BootIsStepDegradation\">True</Data>\n<Data Name=\"BootIsGradualDegradation\">True</Data>\n<Data Name=\"BootImprovementDelta\">0</Data>\n<Data Name=\"BootDegradationDelta\">31115</Data>\n<Data Name=\"BootIsRootCauseIdentified\">True</Data>\n<Data Name=\"OSLoaderDuration\">3431</Data>\n<Data Name=\"BootPNPInitStartTimeMS\">27</Data>\n<Data Name=\"BootPNPInitDuration\">2474</Data>\n<Data Name=\"OtherKernelInitDuration\">2930</Data>\n<Data Name=\"SystemPNPInitStartTimeMS\">5328</Data>\n<Data Name=\"SystemPNPInitDuration\">460</Data>\n<Data Name=\"SessionInitStartTimeMS\">5865</Data>\n<Data Name=\"Session0InitDuration\">6056</Data>\n<Data Name=\"Session1InitDuration\">143</Data>\n<Data Name=\"SessionInitOtherDuration\">7579</Data>\n<Data Name=\"WinLogonStartTimeMS\">19644</Data>\n<Data Name=\"OtherLogonInitActivityDuration\">21128</Data>\n<Data Name=\"UserLogonWaitDuration\">7200</Data>\n</EventData>\n</Event>\n"
  },
  {
    "EventID": 101,
    "Timestamp": "2014-01-25 13:55:09.179852+00:00",
    "Computer": "IACIS-HDD-2014",
    "Channel": "Microsoft-Windows-Diagnostics-Performance/Operational",
    "Level": "Warning",
    "EventData": {
      "StartTime": "2014-01-25 13:52:45.640400+00:00",
      "NameLength": "8",
      "Name": "mmc.exe",
      "FriendlyNameLength": "29",
      "FriendlyName": "Microsoft Management Console",
      "VersionLength": "38",
      "Version": "6.1.7600.16385 (win7_rtm.090713-1255)",
      "TotalTime": "5793",
      "DegradationTime": "793",
      "PathLength": "28",
      "Path": "C:\\Windows\\System32\\mmc.exe",
      "ProductNameLength": "37",
      "ProductName": "Microsoft® Windows® Operating System",
      "CompanyNameLength": "22",
      "CompanyName": "Microsoft Corporation"
    },
    "RawXml": "<Event xmlns=\"http://schemas.microsoft.com/win/2004/08/events/event\"><System><Provider Name=\"Microsoft-Windows-Diagnostics-Performance\" Guid=\"{cfc18ec0-96b1-4eba-961b-622caee05b0a}\"></Provider>\n<EventID Qualifiers=\"\">101</EventID>\n<Version>1</Version>\n<Level>3</Level>\n<Task>4002</Task>\n<Opcode>33</Opcode>\n<Keywords>0x8000000000010000</Keywords>\n<TimeCreated SystemTime=\"2014-01-25 13:55:09.179852+00:00\"></TimeCreated>\n<EventRecordID>4</EventRecordID>\n<Correlation ActivityID=\"{02aafc48-f800-0001-2c6c-b4b9d419cf01}\" RelatedActivityID=\"\"></Correlation>\n<Execution ProcessID=\"1204\" ThreadID=\"1648\"></Execution>\n<Channel>Microsoft-Windows-Diagnostics-Performance/Operational</Channel>\n<Computer>IACIS-HDD-2014</Computer>\n<Security UserID=\"S-1-5-19\"></Security>\n</System>\n<EventData><Data Name=\"StartTime\">2014-01-25 13:52:45.640400+00:00</Data>\n<Data Name=\"NameLength\">8</Data>\n<Data Name=\"Name\">mmc.exe</Data>\n<Data Name=\"FriendlyNameLength\">29</Data>\n<Data Name=\"FriendlyName\">Microsoft Management Console</Data>\n<Data Name=\"VersionLength\">38</Data>\n<Data Name=\"Version\">6.1.7600.16385 (win7_rtm.090713-1255)</Data>\n<Data Name=\"TotalTime\">5793</Data>\n<Data Name=\"DegradationTime\">793</Data>\n<Data Name=\"PathLength\">28</Data>\n<Data Name=\"Path\">C:\\Windows\\System32\\mmc.exe</Data>\n<Data Name=\"ProductNameLength\">37</Data>\n<Data Name=\"ProductName\">Microsoft&#174; Windows&#174; Operating System</Data>\n<Data Name=\"CompanyNameLength\">22</Data>\n<Data Name=\"CompanyName\">Microsoft Corporation</Data>\n</EventData>\n</Event>\n"
  },
  {
    "EventID": 200,
    "Timestamp": "2014-01-25 13:55:09.476250+00:00",
    "Computer": "IACIS-HDD-2014",
    "Channel": "Microsoft-Windows-Diagnostics-Performance/Operational",
    "Level": "Critical",
    "EventData": {
      "ShutdownTsVersion": "1",
      "ShutdownStartTime": "2014-01-25 13:49:44.627214+00:00",
      "ShutdownEndTime": "2014-01-25 13:52:24.524010+00:00",
      "ShutdownTime": "159896",
      "ShutdownUserSessionTime": "9702",
      "ShutdownUserPolicyTime": "410",
      "ShutdownUserProfilesTime": "46",
      "ShutdownSystemSessionsTime": "141290",
      "ShutdownPreShutdownNotificationsTime": "135480",
      "ShutdownServicesTime": "5005",
      "ShutdownKernelTime": "8903",
      "ShutdownRootCauseStepImprovementBits": "0",
      "ShutdownRootCauseGradualImprovementBits": "0",
      "ShutdownRootCauseStepDegradationBits": "467",
      "ShutdownRootCauseGradualDegradationBits": "0",
      "ShutdownIsDegradation": "True",
      "ShutdownTimeChange": "144146"
    },
    "RawXml": "<Event xmlns=\"http://schemas.microsoft.com/win/2004/08/events/event\"><System><Provider Name=\"Microsoft-Windows-Diagnostics-Performance\" Guid=\"{cfc18ec0-96b1-4eba-961b-622caee05b0a}\"></Provider>\n<EventID Qualifiers=\"\">200</EventID>\n<Version>1</Version>\n<Level>1</Level>\n<Task>4007</Task>\n<Opcode>40</Opcode>\n<Keywords>0x8000000000010000</Keywords>\n<TimeCreated SystemTime=\"2014-01-25 13:55:09.476250+00:00\"></TimeCreated>\n<EventRecordID>5</EventRecordID>\n<Correlation ActivityID=\"{02aafc40-f800-0000-2a6c-b4b9d419cf01}\" RelatedActivityID=\"\"></Correlation>\n<Execution ProcessID=\"1204\" ThreadID=\"1752\"></Execution>\n<Channel>Microsoft-Windows-Diagnostics-Performance/Operational</Channel>\n<Computer>IACIS-HDD-2014</Computer>\n<Security UserID=\"S-1-5-19\"></Security>\n</System>\n<EventData><Data Name=\"ShutdownTsVersion\">1</Data>\n<Data Name=\"ShutdownStartTime\">2014-01-25 13:49:44.627214+00:00</Data>\n<Data Name=\"ShutdownEndTime\">2014-01-25 13:52:24.524010+00:00</Data>\n<Data Name=\"ShutdownTime\">159896</Data>\n<Data Name=\"ShutdownUserSessionTime\">9702</Data>\n<Data Name=\"ShutdownUserPolicyTime\">410</Data>\n<Data Name=\"ShutdownUserProfilesTime\">46</Data>\n<Data Name=\"ShutdownSystemSessionsTime\">141290</Data>\n<Data Name=\"ShutdownPreShutdownNotificationsTime\">135480</Data>\n<Data Name=\"ShutdownServicesTime\">5005</Data>\n<Data Name=\"ShutdownKernelTime\">8903</Data>\n<Data Name=\"ShutdownRootCauseStepImprovementBits\">0</Data>\n<Data Name=\"ShutdownRootCauseGradualImprovementBits\">0</Data>\n<Data Name=\"ShutdownRootCauseStepDegradationBits\">467</Data>\n<Data Name=\"ShutdownRootCauseGradualDegradationBits\">0</Data>\n<Data Name=\"ShutdownIsDegradation\">True</Data>\n<Data Name=\"ShutdownTimeChange\">144146</Data>\n</EventData>\n</Event>\n"
  },
  {
    "EventID": 203,
    "Timestamp": "2014-01-25 13:55:09.476250+00:00",
    "Computer": "IACIS-HDD-2014",
    "Channel": "Microsoft-Windows-Diagnostics-Performance/Operational",
    "Level": "Error",
    "EventData": {
      "StartTime": "2014-01-25 13:49:44.627214+00:00",
      "NameLength": "7",
      "Name": "p2psvc",
      "FriendlyNameLength": "22",
      "FriendlyName": "Peer-to-Peer Services",
      "VersionLength": "38",
      "Version": "6.1.7600.16385 (win7_rtm.090713-1255)",
      "TotalTime": "6692",
      "DegradationTime": "2692",
      "PathLength": "31",
      "Path": "C:\\Windows\\system32\\p2psvc.dll",
      "ProductNameLength": "37",
      "ProductName": "Microsoft® Windows® Operating System",
      "CompanyNameLength": "22",
      "CompanyName": "Microsoft Corporation"
    },
    "RawXml": "<Event xmlns=\"http://schemas.microsoft.com/win/2004/08/events/event\"><System><Provider Name=\"Microsoft-Windows-Diagnostics-Performance\" Guid=\"{cfc18ec0-96b1-4eba-961b-622caee05b0a}\"></Provider>\n<EventID Qualifiers=\"\">203</EventID>\n<Version>1</Version>\n<Level>2</Level>\n<Task>4007</Task>\n<Opcode>41</Opcode>\n<Keywords>0x8000000000010000</Keywords>\n<TimeCreated SystemTime=\"2014-01-25 13:55:09.476250+00:00\"></TimeCreated>\n<EventRecordID>6</EventRecordID>\n<Correlation ActivityID=\"{02aafc40-f800-0000-2a6c-b4b9d419cf01}\" RelatedActivityID=\"\"></Correlation>\n<Execution ProcessID=\"1204\" ThreadID=\"1752\"></Execution>\n<Channel>Microsoft-Windows-Diagnostics-Performance/Operational</Channel>\n<Computer>IACIS-HDD-2014</Computer>\n<Security UserID=\"S-1-5-19\"></Security>\n</System>\n<EventData><Data Name=\"StartTime\">2014-01-25 13:49:44.627214+00:00</Data>\n<Data Name=\"NameLength\">7</Data>\n<Data Name=\"Name\">p2psvc</Data>\n<Data Name=\"FriendlyNameLength\">22</Data>\n<Data Name=\"FriendlyName\">Peer-to-Peer Services</Data>\n<Data Name=\"VersionLength\">38</Data>\n<Data Name=\"Version\">6.1.7600.16385 (win7_rtm.090713-1255)</Data>\n<Data Name=\"TotalTime\">6692</Data>\n<Data Name=\"DegradationTime\">2692</Data>\n<Data Name=\"PathLength\">31</Data>\n<Data Name=\"Path\">C:\\Windows\\system32\\p2psvc.dll</Data>\n<Data Name=\"ProductNameLength\">37</Data>\n<Data Name=\"ProductName\">Microsoft&#174; Windows&#174; Operating System</Data>\n<Data Name=\"CompanyNameLength\">22</Data>\n<Data Name=\"CompanyName\">Microsoft Corporation</Data>\n</EventData>\n</Event>\n"
  },
  {
    "EventID": 203,
    "Timestamp": "2014-01-25 13:55:09.476250+00:00",
    "Computer": "IACIS-HDD-2014",
    "Channel": "Microsoft-Windows-Diagnostics-Performance/Operational",
    "Level": "Error",
    "EventData": {
      "StartTime": "2014-01-25 13:49:44.627214+00:00",
      "NameLength": "8",
      "Name": "PNRPsvc",
      "FriendlyNameLength": "17",
      "FriendlyName": "PNRP Service Dll",
      "VersionLength": "38",
      "Version": "6.1.7600.16385 (win7_rtm.090713-1255)",
      "TotalTime": "6487",
      "DegradationTime": "2487",
      "PathLength": "32",
      "Path": "C:\\Windows\\system32\\pnrpsvc.dll",
      "ProductNameLength": "37",
      "ProductName": "Microsoft® Windows® Operating System",
      "CompanyNameLength": "22",
      "CompanyName": "Microsoft Corporation"
    },
    "RawXml": "<Event xmlns=\"http://schemas.microsoft.com/win/2004/08/events/event\"><System><Provider Name=\"Microsoft-Windows-Diagnostics-Performance\" Guid=\"{cfc18ec0-96b1-4eba-961b-622caee05b0a}\"></Provider>\n<EventID Qualifiers=\"\">203</EventID>\n<Version>1</Version>\n<Level>2</Level>\n<Task>4007</Task>\n<Opcode>41</Opcode>\n<Keywords>0x8000000000010000</Keywords>\n<TimeCreated SystemTime=\"2014-01-25 13:55:09.476250+00:00\"></TimeCreated>\n<EventRecordID>7</EventRecordID>\n<Correlation ActivityID=\"{02aafc40-f800-0000-2a6c-b4b9d419cf01}\" RelatedActivityID=\"\"></Correlation>\n<Execution ProcessID=\"1204\" ThreadID=\"1752\"></Execution>\n<Channel>Microsoft-Windows-Diagnostics-Performance/Operational</Channel>\n<Computer>IACIS-HDD-2014</Computer>\n<Security UserID=\"S-1-5-19\"></Security>\n</System>\n<EventData><Data Name=\"StartTime\">2014-01-25 13:49:44.627214+00:00</Data>\n<Data Name=\"NameLength\">8</Data>\n<Data Name=\"Name\">PNRPsvc</Data>\n<Data Name=\"FriendlyNameLength\">17</Data>\n<Data Name=\"FriendlyName\">PNRP Service Dll</Data>\n<Data Name=\"VersionLength\">38</Data>\n<Data Name=\"Version\">6.1.7600.16385 (win7_rtm.090713-1255)</Data>\n<Data Name=\"TotalTime\">6487</Data>\n<Data Name=\"DegradationTime\">2487</Data>\n<Data Name=\"PathLength\">32</Data>\n<Data Name=\"Path\">C:\\Windows\\system32\\pnrpsvc.dll</Data>\n<Data Name=\"ProductNameLength\">37</Data>\n<Data Name=\"ProductName\">Microsoft&#174; Windows&#174; Operating System</Data>\n<Data Name=\"CompanyNameLength\">22</Data>\n<Data Name=\"CompanyName\">Microsoft Corporation</Data>\n</EventData>\n</Event>\n"
  },
  {
    "EventID": 203,
    "Timestamp": "2014-01-25 13:55:09.476250+00:00",
    "Computer": "IACIS-HDD-2014",
    "Channel": "Microsoft-Windows-Diagnostics-Performance/Operational",
    "Level": "Error",
    "EventData": {
      "StartTime": "2014-01-25 13:49:44.627214+00:00",
      "NameLength": "9",
      "Name": "CryptSvc",
      "FriendlyNameLength": "23",
      "FriendlyName": "Cryptographic Services",
      "VersionLength": "38",
      "Version": "6.1.7600.16385 (win7_rtm.090713-1255)",
      "TotalTime": "6304",
      "DegradationTime": "2304",
      "PathLength": "33",
      "Path": "C:\\Windows\\system32\\cryptsvc.dll",
      "ProductNameLength": "37",
      "ProductName": "Microsoft® Windows® Operating System",
      "CompanyNameLength": "22",
      "CompanyName": "Microsoft Corporation"
    },
    "RawXml": "<Event xmlns=\"http://schemas.microsoft.com/win/2004/08/events/event\"><System><Provider Name=\"Microsoft-Windows-Diagnostics-Performance\" Guid=\"{cfc18ec0-96b1-4eba-961b-622caee05b0a}\"></Provider>\n<EventID Qualifiers=\"\">203</EventID>\n<Version>1</Version>\n<Level>2</Level>\n<Task>4007</Task>\n<Opcode>41</Opcode>\n<Keywords>0x8000000000010000</Keywords>\n<TimeCreated SystemTime=\"2014-01-25 13:55:09.476250+00:00\"></TimeCreated>\n<EventRecordID>8</EventRecordID>\n<Correlation ActivityID=\"{02aafc40-f800-0000-2a6c-b4b9d419cf01}\" RelatedActivityID=\"\"></Correlation>\n<Execution ProcessID=\"1204\" ThreadID=\"1752\"></Execution>\n<Channel>Microsoft-Windows-Diagnostics-Performance/Operational</Channel>\n<Computer>IACIS-HDD-2014</Computer>\n<Security UserID=\"S-1-5-19\"></Security>\n</System>\n<EventData><Data Name=\"StartTime\">2014-01-25 13:49:44.627214+00:00</Data>\n<Data Name=\"NameLength\">9</Data>\n<Data Name=\"Name\">CryptSvc</Data>\n<Data Name=\"FriendlyNameLength\">23</Data>\n<Data Name=\"FriendlyName\">Cryptographic Services</Data>\n<Data Name=\"VersionLength\">38</Data>\n<Data Name=\"Version\">6.1.7600.16385 (win7_rtm.090713-1255)</Data>\n<Data Name=\"TotalTime\">6304</Data>\n<Data Name=\"DegradationTime\">2304</Data>\n<Data Name=\"PathLength\">33</Data>\n<Data Name=\"Path\">C:\\Windows\\system32\\cryptsvc.dll</Data>\n<Data Name=\"ProductNameLength\">37</Data>\n<Data Name=\"ProductName\">Microsoft&#174; Windows&#174; Operating System</Data>\n<Data Name=\"CompanyNameLength\">22</Data>\n<Data Name=\"CompanyName\">Microsoft Corporation</Data>\n</EventData>\n</Event>\n"
  },
  {
    "EventID": 203,
    "Timestamp": "2014-01-25 13:55:09.476250+00:00",
    "Computer": "IACIS-HDD-2014",
    "Channel": "Microsoft-Windows-Diagnostics-Performance/Operational",
    "Level": "Error",
    "EventData": {
      "StartTime": "2014-01-25 13:49:44.627214+00:00",
      "NameLength": "7",
      "Name": "sppsvc",
      "FriendlyNameLength": "47",
      "FriendlyName": "Microsoft Software Protection Platform Service",
      "VersionLength": "38",
      "Version": "6.1.7600.16385 (win7_rtm.090713-1255)",
      "TotalTime": "6175",
      "DegradationTime": "2175",
      "PathLength": "31",
      "Path": "C:\\Windows\\system32\\sppsvc.exe",
      "ProductNameLength": "37",
      "ProductName": "Microsoft® Windows® Operating System",
      "CompanyNameLength": "22",
      "CompanyName": "Microsoft Corporation"
    },
    "RawXml": "<Event xmlns=\"http://schemas.microsoft.com/win/2004/08/events/event\"><System><Provider Name=\"Microsoft-Windows-Diagnostics-Performance\" Guid=\"{cfc18ec0-96b1-4eba-961b-622caee05b0a}\"></Provider>\n<EventID Qualifiers=\"\">203</EventID>\n<Version>1</Version>\n<Level>2</Level>\n<Task>4007</Task>\n<Opcode>41</Opcode>\n<Keywords>0x8000000000010000</Keywords>\n<TimeCreated SystemTime=\"2014-01-25 13:55:09.476250+00:00\"></TimeCreated>\n<EventRecordID>9</EventRecordID>\n<Correlation ActivityID=\"{02aafc40-f800-0000-2a6c-b4b9d419cf01}\" RelatedActivityID=\"\"></Correlation>\n<Execution ProcessID=\"1204\" ThreadID=\"1752\"></Execution>\n<Channel>Microsoft-Windows-Diagnostics-Performance/Operational</Channel>\n<Computer>IACIS-HDD-2014</Computer>\n<Security UserID=\"S-1-5-19\"></Security>\n</System>\n<EventData><Data Name=\"StartTime\">2014-01-25 13:49:44.627214+00:00</Data>\n<Data Name=\"NameLength\">7</Data>\n<Data Name=\"Name\">sppsvc</Data>\n<Data Name=\"FriendlyNameLength\">47</Data>\n<Data Name=\"FriendlyName\">Microsoft Software Protection Platform Service</Data>\n<Data Name=\"VersionLength\">38</Data>\n<Data Name=\"Version\">6.1.7600.16385 (win7_rtm.090713-1255)</Data>\n<Data Name=\"TotalTime\">6175</Data>\n<Data Name=\"DegradationTime\">2175</Data>\n<Data Name=\"PathLength\">31</Data>\n<Data Name=\"Path\">C:\\Windows\\system32\\sppsvc.exe</Data>\n<Data Name=\"ProductNameLength\">37</Data>\n<Data Name=\"ProductName\">Microsoft&#174; Windows&#174; Operating System</Data>\n<Data Name=\"CompanyNameLength\">22</Data>\n<Data Name=\"CompanyName\">Microsoft Corporation</Data>\n</EventData>\n</Event>\n"
  },
  {
    "EventID": 203,
    "Timestamp": "2014-01-25 13:55:09.476250+00:00",
    "Computer": "IACIS-HDD-2014",
    "Channel": "Microsoft-Windows-Diagnostics-Performance/Operational",
    "Level": "Error",
    "EventData": {
      "StartTime": "2014-01-25 13:49:44.627214+00:00",
      "NameLength": "9",
      "Name": "eventlog",
      "FriendlyNameLength": "0",
      "FriendlyName": "",
      "VersionLength": "0",
      "Version": "",
      "TotalTime": "5505",
      "DegradationTime": "1505",
      "PathLength": "0",
      "Path": "",
      "ProductNameLength": "0",
      "ProductName": "",
      "CompanyNameLength": "0",
      "CompanyName": ""
    },
    "RawXml": "<Event xmlns=\"http://schemas.microsoft.com/win/2004/08/events/event\"><System><Provider Name=\"Microsoft-Windows-Diagnostics-Performance\" Guid=\"{cfc18ec0-96b1-4eba-961b-622caee05b0a}\"></Provider>\n<EventID Qualifiers=\"\">203</EventID>\n<Version>1</Version>\n<Level>2</Level>\n<Task>4007</Task>\n<Opcode>41</Opcode>\n<Keywords>0x8000000000010000</Keywords>\n<TimeCreated SystemTime=\"2014-01-25 13:55:09.476250+00:00\"></TimeCreated>\n<EventRecordID>10</EventRecordID>\n<Correlation ActivityID=\"{02aafc40-f800-0000-2a6c-b4b9d419cf01}\" RelatedActivityID=\"\"></Correlation>\n<Execution ProcessID=\"1204\" ThreadID=\"1752\"></Execution>\n<Channel>Microsoft-Windows-Diagnostics-Performance/Operational</Channel>\n<Computer>IACIS-HDD-2014</Computer>\n<Security UserID=\"S-1-5-19\"></Security>\n</System>\n<EventData><Data Name=\"StartTime\">2014-01-25 13:49:44.627214+00:00</Data>\n<Data Name=\"NameLength\">9</Data>\n<Data Name=\"Name\">eventlog</Data>\n<Data Name=\"FriendlyNameLength\">0</Data>\n<Data Name=\"FriendlyName\"></Data>\n<Data Name=\"VersionLength\">0</Data>\n<Data Name=\"Version\"></Data>\n<Data Name=\"TotalTime\">5505</Data>\n<Data Name=\"DegradationTime\">1505</Data>\n<Data Name=\"PathLength\">0</Data>\n<Data Name=\"Path\"></Data>\n<Data Name=\"ProductNameLength\">0</Data>\n<Data Name=\"ProductName\"></Data>\n<Data Name=\"CompanyNameLength\">0</Data>\n<Data Name=\"CompanyName\"></Data>\n</EventData>\n</Event>\n"
  },
  {
    "EventID": 200,
    "Timestamp": "2014-01-25 15:27:24.700134+00:00",
    "Computer": "IACIS-HDD-2014",
    "Channel": "Microsoft-Windows-Diagnostics-Performance/Operational",
    "Level": "Critical",
    "EventData": {
      "ShutdownTsVersion": "1",
      "ShutdownStartTime": "2014-01-25 14:49:19.541515+00:00",
      "ShutdownEndTime": "2014-01-25 14:51:28.852358+00:00",
      "ShutdownTime": "129310",
      "ShutdownUserSessionTime": "49576",
      "ShutdownUserPolicyTime": "454",
      "ShutdownUserProfilesTime": "528",
      "ShutdownSystemSessionsTime": "62567",
      "ShutdownPreShutdownNotificationsTime": "53762",
      "ShutdownServicesTime": "4996",
      "ShutdownKernelTime": "17166",
      "ShutdownRootCauseStepImprovementBits": "0",
      "ShutdownRootCauseGradualImprovementBits": "0",
      "ShutdownRootCauseStepDegradationBits": "4",
      "ShutdownRootCauseGradualDegradationBits": "0",
      "ShutdownIsDegradation": "True",
      "ShutdownTimeChange": "0"
    },
    "RawXml": "<Event xmlns=\"http://schemas.microsoft.com/win/2004/08/events/event\"><System><Provider Name=\"Microsoft-Windows-Diagnostics-Performance\" Guid=\"{cfc18ec0-96b1-4eba-961b-622caee05b0a}\"></Provider>\n<EventID Qualifiers=\"\">200</EventID>\n<Version>1</Version>\n<Level>1</Level>\n<Task>4007</Task>\n<Opcode>40</Opcode>\n<Keywords>0x8000000000010000</Keywords>\n<TimeCreated SystemTime=\"2014-01-25 15:27:24.700134+00:00\"></TimeCreated>\n<EventRecordID>11</EventRecordID>\n<Correlation ActivityID=\"{02ac8c40-f800-0000-06e6-de96e119cf01}\" RelatedActivityID=\"\"></Correlation>\n<Execution ProcessID=\"1268\" ThreadID=\"1664\"></Execution>\n<Channel>Microsoft-Windows-Diagnostics-Performance/Operational</Channel>\n<Computer>IACIS-HDD-2014</Computer>\n<Security UserID=\"S-1-5-19\"></Security>\n</System>\n<EventData><Data Name=\"ShutdownTsVersion\">1</Data>\n<Data Name=\"ShutdownStartTime\">2014-01-25 14:49:19.541515+00:00</Data>\n<Data Name=\"ShutdownEndTime\">2014-01-25 14:51:28.852358+00:00</Data>\n<Data Name=\"ShutdownTime\">129310</Data>\n<Data Name=\"ShutdownUserSessionTime\">49576</Data>\n<Data Name=\"ShutdownUserPolicyTime\">454</Data>\n<Data Name=\"ShutdownUserProfilesTime\">528</Data>\n<Data Name=\"ShutdownSystemSessionsTime\">62567</Data>\n<Data Name=\"ShutdownPreShutdownNotificationsTime\">53762</Data>\n<Data Name=\"ShutdownServicesTime\">4996</Data>\n<Data Name=\"ShutdownKernelTime\">17166</Data>\n<Data Name=\"ShutdownRootCauseStepImprovementBits\">0</Data>\n<Data Name=\"ShutdownRootCauseGradualImprovementBits\">0</Data>\n<Data Name=\"ShutdownRootCauseStepDegradationBits\">4</Data>\n<Data Name=\"ShutdownRootCauseGradualDegradationBits\">0</Data>\n<Data Name=\"ShutdownIsDegradation\">True</Data>\n<Data Name=\"ShutdownTimeChange\">0</Data>\n</EventData>\n</Event>\n"
  },
  {
    "EventID": 201,
    "Timestamp": "2014-01-25 15:27:24.700134+00:00",
    "Computer": "IACIS-HDD-2014",
    "Channel": "Microsoft-Windows-Diagnostics-Performance/Operational",
    "Level": "Warning",
    "EventData": {
      "StartTime": "2014-01-25 14:49:19.541515+00:00",
      "NameLength": "13",
      "Name": "explorer.exe",
      "FriendlyNameLength": "17",
      "FriendlyName": "Windows Explorer",
      "VersionLength": "38",
      "Version": "6.1.7600.16385 (win7_rtm.090713-1255)",
      "TotalTime": "9374",
      "DegradationTime": "7874",
      "PathLength": "24",
      "Path": "C:\\Windows\\explorer.exe",
      "ProductNameLength": "37",
      "ProductName": "Microsoft® Windows® Operating System",
      "CompanyNameLength": "22",
      "CompanyName": "Microsoft Corporation"
    },
    "RawXml": "<Event xmlns=\"http://schemas.microsoft.com/win/2004/08/events/event\"><System><Provider Name=\"Microsoft-Windows-Diagnostics-Performance\" Guid=\"{cfc18ec0-96b1-4eba-961b-622caee05b0a}\"></Provider>\n<EventID Qualifiers=\"\">201</EventID>\n<Version>1</Version>\n<Level>3</Level>\n<Task>4007</Task>\n<Opcode>41</Opcode>\n<Keywords>0x8000000000010000</Keywords>\n<TimeCreated SystemTime=\"2014-01-25 15:27:24.700134+00:00\"></TimeCreated>\n<EventRecordID>12</EventRecordID>\n<Correlation ActivityID=\"{02ac8c40-f800-0000-06e6-de96e119cf01}\" RelatedActivityID=\"\"></Correlation>\n<Execution ProcessID=\"1268\" ThreadID=\"1664\"></Execution>\n<Channel>Microsoft-Windows-Diagnostics-Performance/Operational</Channel>\n<Computer>IACIS-HDD-2014</Computer>\n<Security UserID=\"S-1-5-19\"></Security>\n</System>\n<EventData><Data Name=\"StartTime\">2014-01-25 14:49:19.541515+00:00</Data>\n<Data Name=\"NameLength\">13</Data>\n<Data Name=\"Name\">explorer.exe</Data>\n<Data Name=\"FriendlyNameLength\">17</Data>\n<Data Name=\"FriendlyName\">Windows Explorer</Data>\n<Data Name=\"VersionLength\">38</Data>\n<Data Name=\"Version\">6.1.7600.16385 (win7_rtm.090713-1255)</Data>\n<Data Name=\"TotalTime\">9374</Data>\n<Data Name=\"DegradationTime\">7874</Data>\n<Data Name=\"PathLength\">24</Data>\n<Data Name=\"Path\">C:\\Windows\\explorer.exe</Data>\n<Data Name=\"ProductNameLength\">37</Data>\n<Data Name=\"ProductName\">Microsoft&#174; Windows&#174; Operating System</Data>\n<Data Name=\"CompanyNameLength\">22</Data>\n<Data Name=\"CompanyName\">Microsoft Corporation</Data>\n</EventData>\n</Event>\n"
  },
  {
    "EventID": 201,
    "Timestamp": "2014-01-25 15:27:24.700134+00:00",
    "Computer": "IACIS-HDD-2014",
    "Channel": "Microsoft-Windows-Diagnostics-Performance/Operational",
    "Level": "Warning",
    "EventData": {
      "StartTime": "2014-01-25 14:49:19.541515+00:00",
      "NameLength": "13",
      "Name": "taskhost.exe",
      "FriendlyNameLength": "31",
      "FriendlyName": "Host Process for Windows Tasks",
      "VersionLength": "38",
      "Version": "6.1.7600.16385 (win7_rtm.090713-1255)",
      "TotalTime": "5855",
      "DegradationTime": "4355",
      "PathLength": "33",
      "Path": "C:\\Windows\\System32\\taskhost.exe",
      "ProductNameLength": "37",
      "ProductName": "Microsoft® Windows® Operating System",
      "CompanyNameLength": "22",
      "CompanyName": "Microsoft Corporation"
    },
    "RawXml": "<Event xmlns=\"http://schemas.microsoft.com/win/2004/08/events/event\"><System><Provider Name=\"Microsoft-Windows-Diagnostics-Performance\" Guid=\"{cfc18ec0-96b1-4eba-961b-622caee05b0a}\"></Provider>\n<EventID Qualifiers=\"\">201</EventID>\n<Version>1</Version>\n<Level>3</Level>\n<Task>4007</Task>\n<Opcode>41</Opcode>\n<Keywords>0x8000000000010000</Keywords>\n<TimeCreated SystemTime=\"2014-01-25 15:27:24.700134+00:00\"></TimeCreated>\n<EventRecordID>13</EventRecordID>\n<Correlation ActivityID=\"{02ac8c40-f800-0000-06e6-de96e119cf01}\" RelatedActivityID=\"\"></Correlation>\n<Execution ProcessID=\"1268\" ThreadID=\"1664\"></Execution>\n<Channel>Microsoft-Windows-Diagnostics-Performance/Operational</Channel>\n<Computer>IACIS-HDD-2014</Computer>\n<Security UserID=\"S-1-5-19\"></Security>\n</System>\n<EventData><Data Name=\"StartTime\">2014-01-25 14:49:19.541515+00:00</Data>\n<Data Name=\"NameLength\">13</Data>\n<Data Name=\"Name\">taskhost.exe</Data>\n<Data Name=\"FriendlyNameLength\">31</Data>\n<Data Name=\"FriendlyName\">Host Process for Windows Tasks</Data>\n<Data Name=\"VersionLength\">38</Data>\n<Data Name=\"Version\">6.1.7600.16385 (win7_rtm.090713-1255)</Data>\n<Data Name=\"TotalTime\">5855</Data>\n<Data Name=\"DegradationTime\">4355</Data>\n<Data Name=\"PathLength\">33</Data>\n<Data Name=\"Path\">C:\\Windows\\System32\\taskhost.exe</Data>\n<Data Name=\"ProductNameLength\">37</Data>\n<Data Name=\"ProductName\">Microsoft&#174; Windows&#174; Operating System</Data>\n<Data Name=\"CompanyNameLength\">22</Data>\n<Data Name=\"CompanyName\">Microsoft Corporation</Data>\n</EventData>\n</Event>\n"
  },
  {
    "EventID": 201,
    "Timestamp": "2014-01-25 15:27:24.700134+00:00",
    "Computer": "IACIS-HDD-2014",
    "Channel": "Microsoft-Windows-Diagnostics-Performance/Operational",
    "Level": "Warning",
    "EventData": {
      "StartTime": "2014-01-25 14:49:19.541515+00:00",
      "NameLength": "12",
      "Name": "msseces.exe",
      "FriendlyNameLength": "41",
      "FriendlyName": "Microsoft Security Client User Interface",
      "VersionLength": "11",
      "Version": "4.4.0304.0",
      "TotalTime": "2280",
      "DegradationTime": "780",
      "PathLength": "55",
      "Path": "C:\\Program Files\\Microsoft Security Client\\msseces.exe",
      "ProductNameLength": "26",
      "ProductName": "Microsoft Security Client",
      "CompanyNameLength": "22",
      "CompanyName": "Microsoft Corporation"
    },
    "RawXml": "<Event xmlns=\"http://schemas.microsoft.com/win/2004/08/events/event\"><System><Provider Name=\"Microsoft-Windows-Diagnostics-Performance\" Guid=\"{cfc18ec0-96b1-4eba-961b-622caee05b0a}\"></Provider>\n<EventID Qualifiers=\"\">201</EventID>\n<Version>1</Version>\n<Level>3</Level>\n<Task>4007</Task>\n<Opcode>41</Opcode>\n<Keywords>0x8000000000010000</Keywords>\n<TimeCreated SystemTime=\"2014-01-25 15:27:24.700134+00:00\"></TimeCreated>\n<EventRecordID>14</EventRecordID>\n<Correlation ActivityID=\"{02ac8c40-f800-0000-06e6-de96e119cf01}\" RelatedActivityID=\"\"></Correlation>\n<Execution ProcessID=\"1268\" ThreadID=\"1664\"></Execution>\n<Channel>Microsoft-Windows-Diagnostics-Performance/Operational</Channel>\n<Computer>IACIS-HDD-2014</Computer>\n<Security UserID=\"S-1-5-19\"></Security>\n</System>\n<EventData><Data Name=\"StartTime\">2014-01-25 14:49:19.541515+00:00</Data>\n<Data Name=\"NameLength\">12</Data>\n<Data Name=\"Name\">msseces.exe</Data>\n<Data Name=\"FriendlyNameLength\">41</Data>\n<Data Name=\"FriendlyName\">Microsoft Security Client User Interface</Data>\n<Data Name=\"VersionLength\">11</Data>\n<Data Name=\"Version\">4.4.0304.0</Data>\n<Data Name=\"TotalTime\">2280</Data>\n<Data Name=\"DegradationTime\">780</Data>\n<Data Name=\"PathLength\">55</Data>\n<Data Name=\"Path\">C:\\Program Files\\Microsoft Security Client\\msseces.exe</Data>\n<Data Name=\"ProductNameLength\">26</Data>\n<Data Name=\"ProductName\">Microsoft Security Client</Data>\n<Data Name=\"CompanyNameLength\">22</Data>\n<Data Name=\"CompanyName\">Microsoft Corporation</Data>\n</EventData>\n</Event>\n"
  },
  {
    "EventID": 203,
    "Timestamp": "2014-01-25 15:27:24.700134+00:00",
    "Computer": "IACIS-HDD-2014",
    "Channel": "Microsoft-Windows-Diagnostics-Performance/Operational",
    "Level": "Warning",
    "EventData": {
      "StartTime": "2014-01-25 14:49:19.541515+00:00",
      "NameLength": "8",
      "Name": "Winmgmt",
      "FriendlyNameLength": "4",
      "FriendlyName": "WMI",
      "VersionLength": "38",
      "Version": "6.1.7600.16385 (win7_rtm.090713-1255)",
      "TotalTime": "6168",
      "DegradationTime": "2168",
      "PathLength": "36",
      "Path": "C:\\Windows\\system32\\wbem\\WMIsvc.dll",
      "ProductNameLength": "37",
      "ProductName": "Microsoft® Windows® Operating System",
      "CompanyNameLength": "22",
      "CompanyName": "Microsoft Corporation"
    },
    "RawXml": "<Event xmlns=\"http://schemas.microsoft.com/win/2004/08/events/event\"><System><Provider Name=\"Microsoft-Windows-Diagnostics-Performance\" Guid=\"{cfc18ec0-96b1-4eba-961b-622caee05b0a}\"></Provider>\n<EventID Qualifiers=\"\">203</EventID>\n<Version>1</Version>\n<Level>3</Level>\n<Task>4007</Task>\n<Opcode>41</Opcode>\n<Keywords>0x8000000000010000</Keywords>\n<TimeCreated SystemTime=\"2014-01-25 15:27:24.700134+00:00\"></TimeCreated>\n<EventRecordID>15</EventRecordID>\n<Correlation ActivityID=\"{02ac8c40-f800-0000-06e6-de96e119cf01}\" RelatedActivityID=\"\"></Correlation>\n<Execution ProcessID=\"1268\" ThreadID=\"1664\"></Execution>\n<Channel>Microsoft-Windows-Diagnostics-Performance/Operational</Channel>\n<Computer>IACIS-HDD-2014</Computer>\n<Security UserID=\"S-1-5-19\"></Security>\n</System>\n<EventData><Data Name=\"StartTime\">2014-01-25 14:49:19.541515+00:00</Data>\n<Data Name=\"NameLength\">8</Data>\n<Data Name=\"Name\">Winmgmt</Data>\n<Data Name=\"FriendlyNameLength\">4</Data>\n<Data Name=\"FriendlyName\">WMI</Data>\n<Data Name=\"VersionLength\">38</Data>\n<Data Name=\"Version\">6.1.7600.16385 (win7_rtm.090713-1255)</Data>\n<Data Name=\"TotalTime\">6168</Data>\n<Data Name=\"DegradationTime\">2168</Data>\n<Data Name=\"PathLength\">36</Data>\n<Data Name=\"Path\">C:\\Windows\\system32\\wbem\\WMIsvc.dll</Data>\n<Data Name=\"ProductNameLength\">37</Data>\n<Data Name=\"ProductName\">Microsoft&#174; Windows&#174; Operating System</Data>\n<Data Name=\"CompanyNameLength\">22</Data>\n<Data Name=\"CompanyName\">Microsoft Corporation</Data>\n</EventData>\n</Event>\n"
  },
  {
    "EventID": 203,
    "Timestamp": "2014-01-25 15:27:24.700134+00:00",
    "Computer": "IACIS-HDD-2014",
    "Channel": "Microsoft-Windows-Diagnostics-Performance/Operational",
    "Level": "Warning",
    "EventData": {
      "StartTime": "2014-01-25 14:49:19.541515+00:00",
      "NameLength": "9",
      "Name": "upnphost",
      "FriendlyNameLength": "17",
      "FriendlyName": "UPnP Device Host",
      "VersionLength": "38",
      "Version": "6.1.7600.16385 (win7_rtm.090713-1255)",
      "TotalTime": "4005",
      "DegradationTime": "5",
      "PathLength": "33",
      "Path": "C:\\Windows\\System32\\upnphost.dll",
      "ProductNameLength": "37",
      "ProductName": "Microsoft® Windows® Operating System",
      "CompanyNameLength": "22",
      "CompanyName": "Microsoft Corporation"
    },
    "RawXml": "<Event xmlns=\"http://schemas.microsoft.com/win/2004/08/events/event\"><System><Provider Name=\"Microsoft-Windows-Diagnostics-Performance\" Guid=\"{cfc18ec0-96b1-4eba-961b-622caee05b0a}\"></Provider>\n<EventID Qualifiers=\"\">203</EventID>\n<Version>1</Version>\n<Level>3</Level>\n<Task>4007</Task>\n<Opcode>41</Opcode>\n<Keywords>0x8000000000010000</Keywords>\n<TimeCreated SystemTime=\"2014-01-25 15:27:24.700134+00:00\"></TimeCreated>\n<EventRecordID>16</EventRecordID>\n<Correlation ActivityID=\"{02ac8c40-f800-0000-06e6-de96e119cf01}\" RelatedActivityID=\"\"></Correlation>\n<Execution ProcessID=\"1268\" ThreadID=\"1664\"></Execution>\n<Channel>Microsoft-Windows-Diagnostics-Performance/Operational</Channel>\n<Computer>IACIS-HDD-2014</Computer>\n<Security UserID=\"S-1-5-19\"></Security>\n</System>\n<EventData><Data Name=\"StartTime\">2014-01-25 14:49:19.541515+00:00</Data>\n<Data Name=\"NameLength\">9</Data>\n<Data Name=\"Name\">upnphost</Data>\n<Data Name=\"FriendlyNameLength\">17</Data>\n<Data Name=\"FriendlyName\">UPnP Device Host</Data>\n<Data Name=\"VersionLength\">38</Data>\n<Data Name=\"Version\">6.1.7600.16385 (win7_rtm.090713-1255)</Data>\n<Data Name=\"TotalTime\">4005</Data>\n<Data Name=\"DegradationTime\">5</Data>\n<Data Name=\"PathLength\">33</Data>\n<Data Name=\"Path\">C:\\Windows\\System32\\upnphost.dll</Data>\n<Data Name=\"ProductNameLength\">37</Data>\n<Data Name=\"ProductName\">Microsoft&#174; Windows&#174; Operating System</Data>\n<Data Name=\"CompanyNameLength\">22</Data>\n<Data Name=\"CompanyName\">Microsoft Corporation</Data>\n</EventData>\n</Event>\n"
  },
  {
    "EventID": 100,
    "Timestamp": "2014-01-25 15:27:24.809334+00:00",
    "Computer": "IACIS-HDD-2014",
    "Channel": "Microsoft-Windows-Diagnostics-Performance/Operational",
    "Level": "Warning",
    "EventData": {
      "BootTsVersion": "2",
      "BootStartTime": "2014-01-25 15:24:50.656000+00:00",
      "BootEndTime": "2014-01-25 15:27:22.032530+00:00",
      "SystemBootInstance": "8",
      "UserBootInstance": "3",
      "BootTime": "64963",
      "MainPathBootTime": "49463",
      "BootKernelInitTime": "26",
      "BootDriverInitTime": "441",
      "BootDevicesInitTime": "2531",
      "BootPrefetchInitTime": "54445",
      "BootPrefetchBytes": "205258752",
      "BootAutoChkTime": "0",
      "BootSmssInitTime": "19831",
      "BootCriticalServicesInitTime": "615",
      "BootUserProfileProcessingTime": "364",
      "BootMachineProfileProcessingTime": "0",
      "BootExplorerInitTime": "1327",
      "BootNumStartupApps": "1",
      "BootPostBootTime": "15500",
      "BootIsRebootAfterInstall": "False",
      "BootRootCauseStepImprovementBits": "2304",
      "BootRootCauseGradualImprovementBits": "0",
      "BootRootCauseStepDegradationBits": "64",
      "BootRootCauseGradualDegradationBits": "0",
      "BootIsDegradation": "False",
      "BootIsStepDegradation": "False",
      "BootIsGradualDegradation": "False",
      "BootImprovementDelta": "0",
      "BootDegradationDelta": "0",
      "BootIsRootCauseIdentified": "True",
      "OSLoaderDuration": "3521",
      "BootPNPInitStartTimeMS": "26",
      "BootPNPInitDuration": "2566",
      "OtherKernelInitDuration": "2899",
      "SystemPNPInitStartTimeMS": "5445",
      "SystemPNPInitDuration": "406",
      "SessionInitStartTimeMS": "5872",
      "Session0InitDuration": "276",
      "Session1InitDuration": "149",
      "SessionInitOtherDuration": "19405",
      "WinLogonStartTimeMS": "25704",
      "OtherLogonInitActivityDuration": "22066",
      "UserLogonWaitDuration": "12105"
    },
    "RawXml": "<Event xmlns=\"http://schemas.microsoft.com/win/2004/08/events/event\"><System><Provider Name=\"Microsoft-Windows-Diagnostics-Performance\" Guid=\"{cfc18ec0-96b1-4eba-961b-622caee05b0a}\"></Provider>\n<EventID Qualifiers=\"\">100</EventID>\n<Version>2</Version>\n<Level>3</Level>\n<Task>4002</Task>\n<Opcode>34</Opcode>\n<Keywords>0x8000000000010000</Keywords>\n<TimeCreated SystemTime=\"2014-01-25 15:27:24.809334+00:00\"></TimeCreated>\n<EventRecordID>17</EventRecordID>\n<Correlation ActivityID=\"{02ac8c48-f800-0001-06e6-de96e119cf01}\" RelatedActivityID=\"\"></Correlation>\n<Execution ProcessID=\"1268\" ThreadID=\"2772\"></Execution>\n<Channel>Microsoft-Windows-Diagnostics-Performance/Operational</Channel>\n<Computer>IACIS-HDD-2014</Computer>\n<Security UserID=\"S-1-5-19\"></Security>\n</System>\n<EventData><Data Name=\"BootTsVersion\">2</Data>\n<Data Name=\"BootStartTime\">2014-01-25 15:24:50.656000+00:00</Data>\n<Data Name=\"BootEndTime\">2014-01-25 15:27:22.032530+00:00</Data>\n<Data Name=\"SystemBootInstance\">8</Data>\n<Data Name=\"UserBootInstance\">3</Data>\n<Data Name=\"BootTime\">64963</Data>\n<Data Name=\"MainPathBootTime\">49463</Data>\n<Data Name=\"BootKernelInitTime\">26</Data>\n<Data Name=\"BootDriverInitTime\">441</Data>\n<Data Name=\"BootDevicesInitTime\">2531</Data>\n<Data Name=\"BootPrefetchInitTime\">54445</Data>\n<Data Name=\"BootPrefetchBytes\">205258752</Data>\n<Data Name=\"BootAutoChkTime\">0</Data>\n<Data Name=\"BootSmssInitTime\">19831</Data>\n<Data Name=\"BootCriticalServicesInitTime\">615</Data>\n<Data Name=\"BootUserProfileProcessingTime\">364</Data>\n<Data Name=\"BootMachineProfileProcessingTime\">0</Data>\n<Data Name=\"BootExplorerInitTime\">1327</Data>\n<Data Name=\"BootNumStartupApps\">1</Data>\n<Data Name=\"BootPostBootTime\">15500</Data>\n<Data Name=\"BootIsRebootAfterInstall\">False</Data>\n<Data Name=\"BootRootCauseStepImprovementBits\">2304</Data>\n<Data Name=\"BootRootCauseGradualImprovementBits\">0</Data>\n<Data Name=\"BootRootCauseStepDegradationBits\">64</Data>\n<Data Name=\"BootRootCauseGradualDegradationBits\">0</Data>\n<Data Name=\"BootIsDegradation\">False</Data>\n<Data Name=\"BootIsStepDegradation\">False</Data>\n<Data Name=\"BootIsGradualDegradation\">False</Data>\n<Data Name=\"BootImprovementDelta\">0</Data>\n<Data Name=\"BootDegradationDelta\">0</Data>\n<Data Name=\"BootIsRootCauseIdentified\">True</Data>\n<Data Name=\"OSLoaderDuration\">3521</Data>\n<Data Name=\"BootPNPInitStartTimeMS\">26</Data>\n<Data Name=\"BootPNPInitDuration\">2566</Data>\n<Data Name=\"OtherKernelInitDuration\">2899</Data>\n<Data Name=\"SystemPNPInitStartTimeMS\">5445</Data>\n<Data Name=\"SystemPNPInitDuration\">406</Data>\n<Data Name=\"SessionInitStartTimeMS\">5872</Data>\n<Data Name=\"Session0InitDuration\">276</Data>\n<Data Name=\"Session1InitDuration\">149</Data>\n<Data Name=\"SessionInitOtherDuration\">19405</Data>\n<Data Name=\"WinLogonStartTimeMS\">25704</Data>\n<Data Name=\"OtherLogonInitActivityDuration\">22066</Data>\n<Data Name=\"UserLogonWaitDuration\">12105</Data>\n</EventData>\n</Event>\n"
  },
