  {
    "EventID": 60,
    "Timestamp": "2014-02-05 13:37:27.363970+00:00",
    "Computer": "IACIS-HDD-2014",
    "Channel": "Microsoft-Windows-Bits-Client/Operational",
    "Level": "Information",
    "EventData": {
      "transferId": "{c65822a4-23e4-443a-9861-6a1047575a4a}",
      "name": "WU Client Download",
      "Id": "{1dcb007a-bc01-4033-b8ab-406835f09b79}",
      "url": "http://au.download.windowsupdate.com/msdownload/update/software/secu/2012/10/msipatchregfix-amd64_5011cb29b096fb674a4795ee8fc2f7fdad33863a.exe",
      "peer": "",
      "hr": "0",
      "fileTime": "2012-10-23 23:15:41+00:00",
      "fileLength": "173608",
      "bytesTotal": "173608",
      "bytesTransferred": "173608",
      "proxy": "",
      "peerProtocolFlags": "0",
      "bytesTransferredFromPeer": "0",
      "AdditionalInfoHr": "0",
      "PeerContextInfo": "0",
      "bandwidthLimit": "18446744073709551615",
      "ignoreBandwidthLimitsOnLan": "False"
    },
    "RawXml": "<Event xmlns=\"http://schemas.microsoft.com/win/2004/08/events/event\"><System><Provider Name=\"Microsoft-Windows-Bits-Client\" Guid=\"{ef1cc15b-46c1-414e-bb95-e76b077bd51e}\"></Provider>\n<EventID Qualifiers=\"\">60</EventID>\n<Version>1</Version>\n<Level>4</Level>\n<Task>0</Task>\n<Opcode>2</Opcode>\n<Keywords>0x4000000000000000</Keywords>\n<TimeCreated SystemTime=\"2014-02-05 13:37:27.363970+00:00\"></TimeCreated>\n<EventRecordID>1685</EventRecordID>\n<Correlation ActivityID=\"{c65822a4-23e4-443a-9861-6a1047575a4a}\" RelatedActivityID=\"\"></Correlation>\n<Execution ProcessID=\"1000\" ThreadID=\"2424\"></Execution>\n<Channel>Microsoft-Windows-Bits-Client/Operational</Channel>\n<Computer>IACIS-HDD-2014</Computer>\n<Security UserID=\"S-1-5-18\"></Security>\n</System>\n<EventData><Data Name=\"transferId\">{c65822a4-23e4-443a-9861-6a1047575a4a}</Data>\n<Data Name=\"name\">WU Client Download</Data>\n<Data Name=\"Id\">{1dcb007a-bc01-4033-b8ab-406835f09b79}</Data>\n<Data Name=\"url\">http://au.download.windowsupdate.com/msdownload/update/software/secu/2012/10/msipatchregfix-amd64_5011cb29b096fb674a4795ee8fc2f7fdad33863a.exe</Data>\n<Data Name=\"peer\"></Data>\n<Data Name=\"hr\">0</Data>\n<Data Name=\"fileTime\">2012-10-23 23:15:41+00:00</Data>\n<Data Name=\"fileLength\">173608</Data>\n<Data Name=\"bytesTotal\">173608</Data>\n<Data Name=\"bytesTransferred\">173608</Data>\n<Data Name=\"proxy\"></Data>\n<Data Name=\"peerProtocolFlags\">0</Data>\n<Data Name=\"bytesTransferredFromPeer\">0</Data>\n<Data Name=\"AdditionalInfoHr\">0</Data>\n<Data Name=\"PeerContextInfo\">0</Data>\n<Data Name=\"bandwidthLimit\">18446744073709551615</Data>\n<Data Name=\"ignoreBandwidthLimitsOnLan\">False</Data>\n</EventData>\n</Event>\n"
  },
  {
    "EventID": 59,
    "Timestamp": "2014-02-05 13:37:28.393572+00:00",
    "Computer": "IACIS-HDD-2014",
    "Channel": "Microsoft-Windows-Bits-Client/Operational",
    "Level": "Information",
    "EventData": {
      "transferId": "{8663b79f-5581-49bd-93aa-038e904900af}",
      "name": "WU Client Download",
      "Id": "{5a901469-bfd2-4e11-9a88-e76bf97c4d95}",
      "url": "http://au.download.windowsupdate.com/msdownload/update/software/secu/2012/10/ndp40-kb2729449-x64_01da0787554f4526e9814300aa34310fc50614cf.exe",
      "peer": "",
      "fileTime": "2012-10-23 23:15:55+00:00",
      "fileLength": "26263520",
      "bytesTotal": "26263520",
      "bytesTransferred": "0",
      "bytesTransferredFromPeer": "0"
    },
    "RawXml": "<Event xmlns=\"http://schemas.microsoft.com/win/2004/08/events/event\"><System><Provider Name=\"Microsoft-Windows-Bits-Client\" Guid=\"{ef1cc15b-46c1-414e-bb95-e76b077bd51e}\"></Provider>\n<EventID Qualifiers=\"\">59</EventID>\n<Version>1</Version>\n<Level>4</Level>\n<Task>0</Task>\n<Opcode>1</Opcode>\n<Keywords>0x4000000000000000</Keywords>\n<TimeCreated SystemTime=\"2014-02-05 13:37:28.393572+00:00\"></TimeCreated>\n<EventRecordID>1686</EventRecordID>\n<Correlation ActivityID=\"{8663b79f-5581-49bd-93aa-038e904900af}\" RelatedActivityID=\"\"></Correlation>\n<Execution ProcessID=\"1000\" ThreadID=\"2784\"></Execution>\n<Channel>Microsoft-Windows-Bits-Client/Operational</Channel>\n<Computer>IACIS-HDD-2014</Computer>\n<Security UserID=\"S-1-5-18\"></Security>\n</System>\n<EventData><Data Name=\"transferId\">{8663b79f-5581-49bd-93aa-038e904900af}</Data>\n<Data Name=\"name\">WU Client Download</Data>\n<Data Name=\"Id\">{5a901469-bfd2-4e11-9a88-e76bf97c4d95}</Data>\n<Data Name=\"url\">http://au.download.windowsupdate.com/msdownload/update/software/secu/2012/10/ndp40-kb2729449-x64_01da0787554f4526e9814300aa34310fc50614cf.exe</Data>\n<Data Name=\"peer\"></Data>\n<Data Name=\"fileTime\">2012-10-23 23:15:55+00:00</Data>\n<Data Name=\"fileLength\">26263520</Data>\n<Data Name=\"bytesTotal\">26263520</Data>\n<Data Name=\"bytesTransferred\">0</Data>\n<Data Name=\"bytesTransferredFromPeer\">0</Data>\n</EventData>\n</Event>\n"
  },
  {
    "EventID": 4,
    "Timestamp": "2014-02-05 13:37:28.643171+00:00",
    "Computer": "IACIS-HDD-2014",
    "Channel": "Microsoft-Windows-Bits-Client/Operational",
    "Level": "Information",
    "EventData": {
      "User": "NT AUTHORITY\\SYSTEM",
      "jobTitle": "WU Client Download",
      "jobId": "{1dcb007a-bc01-4033-b8ab-406835f09b79}",
      "jobOwner": "NT AUTHORITY\\SYSTEM",
      "fileCount": "1",
      "bytesTransferred": "173608",
      "bytesTransferredFromPeer": "0"
    },
    "RawXml": "<Event xmlns=\"http://schemas.microsoft.com/win/2004/08/events/event\"><System><Provider Name=\"Microsoft-Windows-Bits-Client\" Guid=\"{ef1cc15b-46c1-414e-bb95-e76b077bd51e}\"></Provider>\n<EventID Qualifiers=\"\">4</EventID>\n<Version>1</Version>\n<Level>4</Level>\n<Task>0</Task>\n<Opcode>0</Opcode>\n<Keywords>0x4000000000000000</Keywords>\n<TimeCreated SystemTime=\"2014-02-05 13:37:28.643171+00:00\"></TimeCreated>\n<EventRecordID>1687</EventRecordID>\n<Correlation ActivityID=\"\" RelatedActivityID=\"\"></Correlation>\n<Execution ProcessID=\"1000\" ThreadID=\"2608\"></Execution>\n<Channel>Microsoft-Windows-Bits-Client/Operational</Channel>\n<Computer>IACIS-HDD-2014</Computer>\n<Security UserID=\"S-1-5-18\"></Security>\n</System>\n<EventData><Data Name=\"User\">NT AUTHORITY\\SYSTEM</Data>\n<Data Name=\"jobTitle\">WU Client Download</Data>\n<Data Name=\"jobId\">{1dcb007a-bc01-4033-b8ab-406835f09b79}</Data>\n<Data Name=\"jobOwner\">NT AUTHORITY\\SYSTEM</Data>\n<Data Name=\"fileCount\">1</Data>\n<Data Name=\"bytesTransferred\">173608</Data>\n<Data Name=\"bytesTransferredFromPeer\">0</Data>\n</EventData>\n</Event>\n"
  },
  {
    "EventID": 60,
    "Timestamp": "2014-02-05 13:37:59.361227+00:00",
    "Computer": "IACIS-HDD-2014",
    "Channel": "Microsoft-Windows-Bits-Client/Operational",
    "Level": "Information",
    "EventData": {
      "transferId": "{8663b79f-5581-49bd-93aa-038e904900af}",
      "name": "WU Client Download",
      "Id": "{5a901469-bfd2-4e11-9a88-e76bf97c4d95}",
      "url": "http://au.download.windowsupdate.com/msdownload/update/software/secu/2012/10/ndp40-kb2729449-x64_01da0787554f4526e9814300aa34310fc50614cf.exe",
      "peer": "",
      "hr": "0",
      "fileTime": "2012-10-23 23:15:55+00:00",
      "fileLength": "26263520",
      "bytesTotal": "26263520",
      "bytesTransferred": "26263520",
      "proxy": "",
      "peerProtocolFlags": "0",
      "bytesTransferredFromPeer": "0",
      "AdditionalInfoHr": "0",
      "PeerContextInfo": "0",
      "bandwidthLimit": "18446744073709551615",
      "ignoreBandwidthLimitsOnLan": "False"
    },
    "RawXml": "<Event xmlns=\"http://schemas.microsoft.com/win/2004/08/events/event\"><System><Provider Name=\"Microsoft-Windows-Bits-Client\" Guid=\"{ef1cc15b-46c1-414e-bb95-e76b077bd51e}\"></Provider>\n<EventID Qualifiers=\"\">60</EventID>\n<Version>1</Version>\n<Level>4</Level>\n<Task>0</Task>\n<Opcode>2</Opcode>\n<Keywords>0x4000000000000000</Keywords>\n<TimeCreated SystemTime=\"2014-02-05 13:37:59.361227+00:00\"></TimeCreated>\n<EventRecordID>1688</EventRecordID>\n<Correlation ActivityID=\"{8663b79f-5581-49bd-93aa-038e904900af}\" RelatedActivityID=\"\"></Correlation>\n<Execution ProcessID=\"1000\" ThreadID=\"2424\"></Execution>\n<Channel>Microsoft-Windows-Bits-Client/Operational</Channel>\n<Computer>IACIS-HDD-2014</Computer>\n<Security UserID=\"S-1-5-18\"></Security>\n</System>\n<EventData><Data Name=\"transferId\">{8663b79f-5581-49bd-93aa-038e904900af}</Data>\n<Data Name=\"name\">WU Client Download</Data>\n<Data Name=\"Id\">{5a901469-bfd2-4e11-9a88-e76bf97c4d95}</Data>\n<Data Name=\"url\">http://au.download.windowsupdate.com/msdownload/update/software/secu/2012/10/ndp40-kb2729449-x64_01da0787554f4526e9814300aa34310fc50614cf.exe</Data>\n<Data Name=\"peer\"></Data>\n<Data Name=\"hr\">0</Data>\n<Data Name=\"fileTime\">2012-10-23 23:15:55+00:00</Data>\n<Data Name=\"fileLength\">26263520</Data>\n<Data Name=\"bytesTotal\">26263520</Data>\n<Data Name=\"bytesTransferred\">26263520</Data>\n<Data Name=\"proxy\"></Data>\n<Data Name=\"peerProtocolFlags\">0</Data>\n<Data Name=\"bytesTransferredFromPeer\">0</Data>\n<Data Name=\"AdditionalInfoHr\">0</Data>\n<Data Name=\"PeerContextInfo\">0</Data>\n<Data Name=\"bandwidthLimit\">18446744073709551615</Data>\n<Data Name=\"ignoreBandwidthLimitsOnLan\">False</Data>\n</EventData>\n</Event>\n"
  },
  {
    "EventID": 59,
    "Timestamp": "2014-02-05 13:37:59.642027+00:00",
    "Computer": "IACIS-HDD-2014",
    "Channel": "Microsoft-Windows-Bits-Client/Operational",
    "Level": "Information",
    "EventData": {
      "transferId": "{add0ee21-9445-4f2b-a633-f47ded16bd5f}",
      "name": "WU Client Download",
      "Id": "{0af8ec53-ef28-45e3-b85e-b082b58c73f4}",
      "url": "http://au.download.windowsupdate.com/msdownload/update/software/secu/2012/10/msipatchregfix-amd64_5011cb29b096fb674a4795ee8fc2f7fdad33863a.exe",
      "peer": "",
      "fileTime": "2012-10-23 23:15:41+00:00",
      "fileLength": "173608",
      "bytesTotal": "173608",
      "bytesTransferred": "0",
      "bytesTransferredFromPeer": "0"
    },
    "RawXml": "<Event xmlns=\"http://schemas.microsoft.com/win/2004/08/events/event\"><System><Provider Name=\"Microsoft-Windows-Bits-Client\" Guid=\"{ef1cc15b-46c1-414e-bb95-e76b077bd51e}\"></Provider>\n<EventID Qualifiers=\"\">59</EventID>\n<Version>1</Version>\n<Level>4</Level>\n<Task>0</Task>\n<Opcode>1</Opcode>\n<Keywords>0x4000000000000000</Keywords>\n<TimeCreated SystemTime=\"2014-02-05 13:37:59.642027+00:00\"></TimeCreated>\n<EventRecordID>1689</EventRecordID>\n<Correlation ActivityID=\"{add0ee21-9445-4f2b-a633-f47ded16bd5f}\" RelatedActivityID=\"\"></Correlation>\n<Execution ProcessID=\"1000\" ThreadID=\"2608\"></Execution>\n<Channel>Microsoft-Windows-Bits-Client/Operational</Channel>\n<Computer>IACIS-HDD-2014</Computer>\n<Security UserID=\"S-1-5-18\"></Security>\n</System>\n<EventData><Data Name=\"transferId\">{add0ee21-9445-4f2b-a633-f47ded16bd5f}</Data>\n<Data Name=\"name\">WU Client Download</Data>\n<Data Name=\"Id\">{0af8ec53-ef28-45e3-b85e-b082b58c73f4}</Data>\n<Data Name=\"url\">http://au.download.windowsupdate.com/msdownload/update/software/secu/2012/10/msipatchregfix-amd64_5011cb29b096fb674a4795ee8fc2f7fdad33863a.exe</Data>\n<Data Name=\"peer\"></Data>\n<Data Name=\"fileTime\">2012-10-23 23:15:41+00:00</Data>\n<Data Name=\"fileLength\">173608</Data>\n<Data Name=\"bytesTotal\">173608</Data>\n<Data Name=\"bytesTransferred\">0</Data>\n<Data Name=\"bytesTransferredFromPeer\">0</Data>\n</EventData>\n</Event>\n"
  },
  {
    "EventID": 4,
    "Timestamp": "2014-02-05 13:37:59.673227+00:00",
    "Computer": "IACIS-HDD-2014",
    "Channel": "Microsoft-Windows-Bits-Client/Operational",
    "Level": "Information",
    "EventData": {
      "User": "NT AUTHORITY\\SYSTEM",
      "jobTitle": "WU Client Download",
      "jobId": "{5a901469-bfd2-4e11-9a88-e76bf97c4d95}",
      "jobOwner": "NT AUTHORITY\\SYSTEM",
      "fileCount": "1",
      "bytesTransferred": "26263520",
      "bytesTransferredFromPeer": "0"
    },
    "RawXml": "<Event xmlns=\"http://schemas.microsoft.com/win/2004/08/events/event\"><System><Provider Name=\"Microsoft-Windows-Bits-Client\" Guid=\"{ef1cc15b-46c1-414e-bb95-e76b077bd51e}\"></Provider>\n<EventID Qualifiers=\"\">4</EventID>\n<Version>1</Version>\n<Level>4</Level>\n<Task>0</Task>\n<Opcode>0</Opcode>\n<Keywords>0x4000000000000000</Keywords>\n<TimeCreated SystemTime=\"2014-02-05 13:37:59.673227+00:00\"></TimeCreated>\n<EventRecordID>1690</EventRecordID>\n<Correlation ActivityID=\"\" RelatedActivityID=\"\"></Correlation>\n<Execution ProcessID=\"1000\" ThreadID=\"2608\"></Execution>\n<Channel>Microsoft-Windows-Bits-Client/Operational</Channel>\n<Computer>IACIS-HDD-2014</Computer>\n<Security UserID=\"S-1-5-18\"></Security>\n</System>\n<EventData><Data Name=\"User\">NT AUTHORITY\\SYSTEM</Data>\n<Data Name=\"jobTitle\">WU Client Download</Data>\n<Data Name=\"jobId\">{5a901469-bfd2-4e11-9a88-e76bf97c4d95}</Data>\n<Data Name=\"jobOwner\">NT AUTHORITY\\SYSTEM</Data>\n<Data Name=\"fileCount\">1</Data>\n<Data Name=\"bytesTransferred\">26263520</Data>\n<Data Name=\"bytesTransferredFromPeer\">0</Data>\n</EventData>\n</Event>\n"
  },
  {
    "EventID": 60,
    "Timestamp": "2014-02-05 13:38:00.110027+00:00",
    "Computer": "IACIS-HDD-2014",
    "Channel": "Microsoft-Windows-Bits-Client/Operational",
    "Level": "Information",
    "EventData": {
      "transferId": "{add0ee21-9445-4f2b-a633-f47ded16bd5f}",
      "name": "WU Client Download",
      "Id": "{0af8ec53-ef28-45e3-b85e-b082b58c73f4}",
      "url": "http://au.download.windowsupdate.com/msdownload/update/software/secu/2012/10/msipatchregfix-amd64_5011cb29b096fb674a4795ee8fc2f7fdad33863a.exe",
      "peer": "",
      "hr": "0",
      "fileTime": "2012-10-23 23:15:41+00:00",
      "fileLength": "173608",
      "bytesTotal": "173608",
      "bytesTransferred": "173608",
      "proxy": "",
      "peerProtocolFlags": "0",
      "bytesTransferredFromPeer": "0",
      "AdditionalInfoHr": "0",
      "PeerContextInfo": "0",
      "bandwidthLimit": "18446744073709551615",
      "ignoreBandwidthLimitsOnLan": "False"
    },
    "RawXml": "<Event xmlns=\"http://schemas.microsoft.com/win/2004/08/events/event\"><System><Provider Name=\"Microsoft-Windows-Bits-Client\" Guid=\"{ef1cc15b-46c1-414e-bb95-e76b077bd51e}\"></Provider>\n<EventID Qualifiers=\"\">60</EventID>\n<Version>1</Version>\n<Level>4</Level>\n<Task>0</Task>\n<Opcode>2</Opcode>\n<Keywords>0x4000000000000000</Keywords>\n<TimeCreated SystemTime=\"2014-02-05 13:38:00.110027+00:00\"></TimeCreated>\n<EventRecordID>1691</EventRecordID>\n<Correlation ActivityID=\"{add0ee21-9445-4f2b-a633-f47ded16bd5f}\" RelatedActivityID=\"\"></Correlation>\n<Execution ProcessID=\"1000\" ThreadID=\"208\"></Execution>\n<Channel>Microsoft-Windows-Bits-Client/Operational</Channel>\n<Computer>IACIS-HDD-2014</Computer>\n<Security UserID=\"S-1-5-18\"></Security>\n</System>\n<EventData><Data Name=\"transferId\">{add0ee21-9445-4f2b-a633-f47ded16bd5f}</Data>\n<Data Name=\"name\">WU Client Download</Data>\n<Data Name=\"Id\">{0af8ec53-ef28-45e3-b85e-b082b58c73f4}</Data>\n<Data Name=\"url\">http://au.download.windowsupdate.com/msdownload/update/software/secu/2012/10/msipatchregfix-amd64_5011cb29b096fb674a4795ee8fc2f7fdad33863a.exe</Data>\n<Data Name=\"peer\"></Data>\n<Data Name=\"hr\">0</Data>\n<Data Name=\"fileTime\">2012-10-23 23:15:41+00:00</Data>\n<Data Name=\"fileLength\">173608</Data>\n<Data Name=\"bytesTotal\">173608</Data>\n<Data Name=\"bytesTransferred\">173608</Data>\n<Data Name=\"proxy\"></Data>\n<Data Name=\"peerProtocolFlags\">0</Data>\n<Data Name=\"bytesTransferredFromPeer\">0</Data>\n<Data Name=\"AdditionalInfoHr\">0</Data>\n<Data Name=\"PeerContextInfo\">0</Data>\n<Data Name=\"bandwidthLimit\">18446744073709551615</Data>\n<Data Name=\"ignoreBandwidthLimitsOnLan\">False</Data>\n</EventData>\n</Event>\n"
  },
  {
    "EventID": 59,
    "Timestamp": "2014-02-05 13:38:01.623230+00:00",
    "Computer": "IACIS-HDD-2014",
    "Channel": "Microsoft-Windows-Bits-Client/Operational",
    "Level": "Information",
    "EventData": {
      "transferId": "{5c1a08fe-346d-4c19-98e2-2633d28f0169}",
      "name": "WU Client Download",
      "Id": "{9fd8e337-a945-4db2-9766-909b8cce7245}",
      "url": "http://au.download.windowsupdate.com/msdownload/update/software/secu/2013/07/ndp40-kb2840628-v2-x64_d07dbc837ba227b3493b0a2170ecfb3a03ee4369.exe",
      "peer": "",
      "fileTime": "2013-07-31 21:47:39+00:00",
      "fileLength": "18157704",
      "bytesTotal": "18157704",
      "bytesTransferred": "0",
      "bytesTransferredFromPeer": "0"
    },
    "RawXml": "<Event xmlns=\"http://schemas.microsoft.com/win/2004/08/events/event\"><System><Provider Name=\"Microsoft-Windows-Bits-Client\" Guid=\"{ef1cc15b-46c1-414e-bb95-e76b077bd51e}\"></Provider>\n<EventID Qualifiers=\"\">59</EventID>\n<Version>1</Version>\n<Level>4</Level>\n<Task>0</Task>\n<Opcode>1</Opcode>\n<Keywords>0x4000000000000000</Keywords>\n<TimeCreated SystemTime=\"2014-02-05 13:38:01.623230+00:00\"></TimeCreated>\n<EventRecordID>1692</EventRecordID>\n<Correlation ActivityID=\"{5c1a08fe-346d-4c19-98e2-2633d28f0169}\" RelatedActivityID=\"\"></Correlation>\n<Execution ProcessID=\"1000\" ThreadID=\"2608\"></Execution>\n<Channel>Microsoft-Windows-Bits-Client/Operational</Channel>\n<Computer>IACIS-HDD-2014</Computer>\n<Security UserID=\"S-1-5-18\"></Security>\n</System>\n<EventData><Data Name=\"transferId\">{5c1a08fe-346d-4c19-98e2-2633d28f0169}</Data>\n<Data Name=\"name\">WU Client Download</Data>\n<Data Name=\"Id\">{9fd8e337-a945-4db2-9766-909b8cce7245}</Data>\n<Data Name=\"url\">http://au.download.windowsupdate.com/msdownload/update/software/secu/2013/07/ndp40-kb2840628-v2-x64_d07dbc837ba227b3493b0a2170ecfb3a03ee4369.exe</Data>\n<Data Name=\"peer\"></Data>\n<Data Name=\"fileTime\">2013-07-31 21:47:39+00:00</Data>\n<Data Name=\"fileLength\">18157704</Data>\n<Data Name=\"bytesTotal\">18157704</Data>\n<Data Name=\"bytesTransferred\">0</Data>\n<Data Name=\"bytesTransferredFromPeer\">0</Data>\n</EventData>\n</Event>\n"
  },
  {
    "EventID": 4,
    "Timestamp": "2014-02-05 13:38:01.732430+00:00",
    "Computer": "IACIS-HDD-2014",
    "Channel": "Microsoft-Windows-Bits-Client/Operational",
    "Level": "Information",
    "EventData": {
      "User": "NT AUTHORITY\\SYSTEM",
      "jobTitle": "WU Client Download",
      "jobId": "{0af8ec53-ef28-45e3-b85e-b082b58c73f4}",
      "jobOwner": "NT AUTHORITY\\SYSTEM",
      "fileCount": "1",
      "bytesTransferred": "173608",
      "bytesTransferredFromPeer": "0"
    },
    "RawXml": "<Event xmlns=\"http://schemas.microsoft.com/win/2004/08/events/event\"><System><Provider Name=\"Microsoft-Windows-Bits-Client\" Guid=\"{ef1cc15b-46c1-414e-bb95-e76b077bd51e}\"></Provider>\n<EventID Qualifiers=\"\">4</EventID>\n<Version>1</Version>\n<Level>4</Level>\n<Task>0</Task>\n<Opcode>0</Opcode>\n<Keywords>0x4000000000000000</Keywords>\n<TimeCreated SystemTime=\"2014-02-05 13:38:01.732430+00:00\"></TimeCreated>\n<EventRecordID>1693</EventRecordID>\n<Correlation ActivityID=\"\" RelatedActivityID=\"\"></Correlation>\n<Execution ProcessID=\"1000\" ThreadID=\"2780\"></Execution>\n<Channel>Microsoft-Windows-Bits-Client/Operational</Channel>\n<Computer>IACIS-HDD-2014</Computer>\n<Security UserID=\"S-1-5-18\"></Security>\n</System>\n<EventData><Data Name=\"User\">NT AUTHORITY\\SYSTEM</Data>\n<Data Name=\"jobTitle\">WU Client Download</Data>\n<Data Name=\"jobId\">{0af8ec53-ef28-45e3-b85e-b082b58c73f4}</Data>\n<Data Name=\"jobOwner\">NT AUTHORITY\\SYSTEM</Data>\n<Data Name=\"fileCount\">1</Data>\n<Data Name=\"bytesTransferred\">173608</Data>\n<Data Name=\"bytesTransferredFromPeer\">0</Data>\n</EventData>\n</Event>\n"
  },
  {
    "EventID": 60,
    "Timestamp": "2014-02-05 13:38:40.192499+00:00",
    "Computer": "IACIS-HDD-2014",
    "Channel": "Microsoft-Windows-Bits-Client/Operational",
    "Level": "Information",
    "EventData": {
      "transferId": "{5c1a08fe-346d-4c19-98e2-2633d28f0169}",
      "name": "WU Client Download",
      "Id": "{9fd8e337-a945-4db2-9766-909b8cce7245}",
      "url": "http://au.download.windowsupdate.com/msdownload/update/software/secu/2013/07/ndp40-kb2840628-v2-x64_d07dbc837ba227b3493b0a2170ecfb3a03ee4369.exe",
      "peer": "",
      "hr": "0",
      "fileTime": "2013-07-31 21:47:39+00:00",
      "fileLength": "18157704",
      "bytesTotal": "18157704",
      "bytesTransferred": "18157704",
      "proxy": "",
      "peerProtocolFlags": "0",
      "bytesTransferredFromPeer": "0",
      "AdditionalInfoHr": "0",
      "PeerContextInfo": "0",
      "bandwidthLimit": "18446744073709551615",
      "ignoreBandwidthLimitsOnLan": "False"
    },
    "RawXml": "<Event xmlns=\"http://schemas.microsoft.com/win/2004/08/events/event\"><System><Provider Name=\"Microsoft-Windows-Bits-Client\" Guid=\"{ef1cc15b-46c1-414e-bb95-e76b077bd51e}\"></Provider>\n<EventID Qualifiers=\"\">60</EventID>\n<Version>1</Version>\n<Level>4</Level>\n<Task>0</Task>\n<Opcode>2</Opcode>\n<Keywords>0x4000000000000000</Keywords>\n<TimeCreated SystemTime=\"2014-02-05 13:38:40.192499+00:00\"></TimeCreated>\n<EventRecordID>1694</EventRecordID>\n<Correlation ActivityID=\"{5c1a08fe-346d-4c19-98e2-2633d28f0169}\" RelatedActivityID=\"\"></Correlation>\n<Execution ProcessID=\"1000\" ThreadID=\"2980\"></Execution>\n<Channel>Microsoft-Windows-Bits-Client/Operational</Channel>\n<Computer>IACIS-HDD-2014</Computer>\n<Security UserID=\"S-1-5-18\"></Security>\n</System>\n<EventData><Data Name=\"transferId\">{5c1a08fe-346d-4c19-98e2-2633d28f0169}</Data>\n<Data Name=\"name\">WU Client Download</Data>\n<Data Name=\"Id\">{9fd8e337-a945-4db2-9766-909b8cce7245}</Data>\n<Data Name=\"url\">http://au.download.windowsupdate.com/msdownload/update/software/secu/2013/07/ndp40-kb2840628-v2-x64_d07dbc837ba227b3493b0a2170ecfb3a03ee4369.exe</Data>\n<Data Name=\"peer\"></Data>\n<Data Name=\"hr\">0</Data>\n<Data Name=\"fileTime\">2013-07-31 21:47:39+00:00</Data>\n<Data Name=\"fileLength\">18157704</Data>\n<Data Name=\"bytesTotal\">18157704</Data>\n<Data Name=\"bytesTransferred\">18157704</Data>\n<Data Name=\"proxy\"></Data>\n<Data Name=\"peerProtocolFlags\">0</Data>\n<Data Name=\"bytesTransferredFromPeer\">0</Data>\n<Data Name=\"AdditionalInfoHr\">0</Data>\n<Data Name=\"PeerContextInfo\">0</Data>\n<Data Name=\"bandwidthLimit\">18446744073709551615</Data>\n<Data Name=\"ignoreBandwidthLimitsOnLan\">False</Data>\n</EventData>\n</Event>\n"
  },
  {
    "EventID": 59,
    "Timestamp": "2014-02-05 13:38:40.457699+00:00",
    "Computer": "IACIS-HDD-2014",
    "Channel": "Microsoft-Windows-Bits-Client/Operational",
    "Level": "Information",
    "EventData": {
      "transferId": "{e579191c-d06f-42de-b833-a6cb05092d80}",
      "name": "WU Client Download",
      "Id": "{1286068e-ec19-46e7-a247-c8243c52a340}",
      "url": "http://au.download.windowsupdate.com/msdownload/update/software/secu/2012/10/msipatchregfix-amd64_5011cb29b096fb674a4795ee8fc2f7fdad33863a.exe",
      "peer": "",
      "fileTime": "2012-10-23 23:15:41+00:00",
      "fileLength": "173608",
      "bytesTotal": "173608",
      "bytesTransferred": "0",
      "bytesTransferredFromPeer": "0"
    },
    "RawXml": "<Event xmlns=\"http://schemas.microsoft.com/win/2004/08/events/event\"><System><Provider Name=\"Microsoft-Windows-Bits-Client\" Guid=\"{ef1cc15b-46c1-414e-bb95-e76b077bd51e}\"></Provider>\n<EventID Qualifiers=\"\">59</EventID>\n<Version>1</Version>\n<Level>4</Level>\n<Task>0</Task>\n<Opcode>1</Opcode>\n<Keywords>0x4000000000000000</Keywords>\n<TimeCreated SystemTime=\"2014-02-05 13:38:40.457699+00:00\"></TimeCreated>\n<EventRecordID>1695</EventRecordID>\n<Correlation ActivityID=\"{e579191c-d06f-42de-b833-a6cb05092d80}\" RelatedActivityID=\"\"></Correlation>\n<Execution ProcessID=\"1000\" ThreadID=\"2608\"></Execution>\n<Channel>Microsoft-Windows-Bits-Client/Operational</Channel>\n<Computer>IACIS-HDD-2014</Computer>\n<Security UserID=\"S-1-5-18\"></Security>\n</System>\n<EventData><Data Name=\"transferId\">{e579191c-d06f-42de-b833-a6cb05092d80}</Data>\n<Data Name=\"name\">WU Client Download</Data>\n<Data Name=\"Id\">{1286068e-ec19-46e7-a247-c8243c52a340}</Data>\n<Data Name=\"url\">http://au.download.windowsupdate.com/msdownload/update/software/secu/2012/10/msipatchregfix-amd64_5011cb29b096fb674a4795ee8fc2f7fdad33863a.exe</Data>\n<Data Name=\"peer\"></Data>\n<Data Name=\"fileTime\">2012-10-23 23:15:41+00:00</Data>\n<Data Name=\"fileLength\">173608</Data>\n<Data Name=\"bytesTotal\">173608</Data>\n<Data Name=\"bytesTransferred\">0</Data>\n<Data Name=\"bytesTransferredFromPeer\">0</Data>\n</EventData>\n</Event>\n"
  },
  {
    "EventID": 4,
    "Timestamp": "2014-02-05 13:38:40.457699+00:00",
    "Computer": "IACIS-HDD-2014",
    "Channel": "Microsoft-Windows-Bits-Client/Operational",
    "Level": "Information",
    "EventData": {
      "User": "NT AUTHORITY\\SYSTEM",
      "jobTitle": "WU Client Download",
      "jobId": "{9fd8e337-a945-4db2-9766-909b8cce7245}",
      "jobOwner": "NT AUTHORITY\\SYSTEM",
      "fileCount": "1",
      "bytesTransferred": "18157704",
      "bytesTransferredFromPeer": "0"
    },
    "RawXml": "<Event xmlns=\"http://schemas.microsoft.com/win/2004/08/events/event\"><System><Provider Name=\"Microsoft-Windows-Bits-Client\" Guid=\"{ef1cc15b-46c1-414e-bb95-e76b077bd51e}\"></Provider>\n<EventID Qualifiers=\"\">4</EventID>\n<Version>1</Version>\n<Level>4</Level>\n<Task>0</Task>\n<Opcode>0</Opcode>\n<Keywords>0x4000000000000000</Keywords>\n<TimeCreated SystemTime=\"2014-02-05 13:38:40.457699+00:00\"></TimeCreated>\n<EventRecordID>1696</EventRecordID>\n<Correlation ActivityID=\"\" RelatedActivityID=\"\"></Correlation>\n<Execution ProcessID=\"1000\" ThreadID=\"2780\"></Execution>\n<Channel>Microsoft-Windows-Bits-Client/Operational</Channel>\n<Computer>IACIS-HDD-2014</Computer>\n<Security UserID=\"S-1-5-18\"></Security>\n</System>\n<EventData><Data Name=\"User\">NT AUTHORITY\\SYSTEM</Data>\n<Data Name=\"jobTitle\">WU Client Download</Data>\n<Data Name=\"jobId\">{9fd8e337-a945-4db2-9766-909b8cce7245}</Data>\n<Data Name=\"jobOwner\">NT AUTHORITY\\SYSTEM</Data>\n<Data Name=\"fileCount\">1</Data>\n<Data Name=\"bytesTransferred\">18157704</Data>\n<Data Name=\"bytesTransferredFromPeer\">0</Data>\n</EventData>\n</Event>\n"
  },
  {
    "EventID": 60,
    "Timestamp": "2014-02-05 13:38:41.346901+00:00",
    "Computer": "IACIS-HDD-2014",
    "Channel": "Microsoft-Windows-Bits-Client/Operational",
    "Level": "Information",
    "EventData": {
      "transferId": "{e579191c-d06f-42de-b833-a6cb05092d80}",
      "name": "WU Client Download",
      "Id": "{1286068e-ec19-46e7-a247-c8243c52a340}",
      "url": "http://au.download.windowsupdate.com/msdownload/update/software/secu/2012/10/msipatchregfix-amd64_5011cb29b096fb674a4795ee8fc2f7fdad33863a.exe",
      "peer": "",
      "hr": "0",
      "fileTime": "2012-10-23 23:15:41+00:00",
      "fileLength": "173608",
      "bytesTotal": "173608",
      "bytesTransferred": "173608",
      "proxy": "",
      "peerProtocolFlags": "0",
      "bytesTransferredFromPeer": "0",
      "AdditionalInfoHr": "0",
      "PeerContextInfo": "0",
      "bandwidthLimit": "18446744073709551615",
      "ignoreBandwidthLimitsOnLan": "False"
    },
    "RawXml": "<Event xmlns=\"http://schemas.microsoft.com/win/2004/08/events/event\"><System><Provider Name=\"Microsoft-Windows-Bits-Client\" Guid=\"{ef1cc15b-46c1-414e-bb95-e76b077bd51e}\"></Provider>\n<EventID Qualifiers=\"\">60</EventID>\n<Version>1</Version>\n<Level>4</Level>\n<Task>0</Task>\n<Opcode>2</Opcode>\n<Keywords>0x4000000000000000</Keywords>\n<TimeCreated SystemTime=\"2014-02-05 13:38:41.346901+00:00\"></TimeCreated>\n<EventRecordID>1697</EventRecordID>\n<Correlation ActivityID=\"{e579191c-d06f-42de-b833-a6cb05092d80}\" RelatedActivityID=\"\"></Correlation>\n<Execution ProcessID=\"1000\" ThreadID=\"2976\"></Execution>\n<Channel>Microsoft-Windows-Bits-Client/Operational</Channel>\n<Computer>IACIS-HDD-2014</Computer>\n<Security UserID=\"S-1-5-18\"></Security>\n</System>\n<EventData><Data Name=\"transferId\">{e579191c-d06f-42de-b833-a6cb05092d80}</Data>\n<Data Name=\"name\">WU Client Download</Data>\n<Data Name=\"Id\">{1286068e-ec19-46e7-a247-c8243c52a340}</Data>\n<Data Name=\"url\">http://au.download.windowsupdate.com/msdownload/update/software/secu/2012/10/msipatchregfix-amd64_5011cb29b096fb674a4795ee8fc2f7fdad33863a.exe</Data>\n<Data Name=\"peer\"></Data>\n<Data Name=\"hr\">0</Data>\n<Data Name=\"fileTime\">2012-10-23 23:15:41+00:00</Data>\n<Data Name=\"fileLength\">173608</Data>\n<Data Name=\"bytesTotal\">173608</Data>\n<Data Name=\"bytesTransferred\">173608</Data>\n<Data Name=\"proxy\"></Data>\n<Data Name=\"peerProtocolFlags\">0</Data>\n<Data Name=\"bytesTransferredFromPeer\">0</Data>\n<Data Name=\"AdditionalInfoHr\">0</Data>\n<Data Name=\"PeerContextInfo\">0</Data>\n<Data Name=\"bandwidthLimit\">18446744073709551615</Data>\n<Data Name=\"ignoreBandwidthLimitsOnLan\">False</Data>\n</EventData>\n</Event>\n"
  },
  {
    "EventID": 4,
    "Timestamp": "2014-02-05 13:38:41.440502+00:00",
    "Computer": "IACIS-HDD-2014",
    "Channel": "Microsoft-Windows-Bits-Client/Operational",
    "Level": "Information",
    "EventData": {
      "User": "NT AUTHORITY\\SYSTEM",
      "jobTitle": "WU Client Download",
      "jobId": "{1286068e-ec19-46e7-a247-c8243c52a340}",
      "jobOwner": "NT AUTHORITY\\SYSTEM",
      "fileCount": "1",
      "bytesTransferred": "173608",
      "bytesTransferredFromPeer": "0"
    },
    "RawXml": "<Event xmlns=\"http://schemas.microsoft.com/win/2004/08/events/event\"><System><Provider Name=\"Microsoft-Windows-Bits-Client\" Guid=\"{ef1cc15b-46c1-414e-bb95-e76b077bd51e}\"></Provider>\n<EventID Qualifiers=\"\">4</EventID>\n<Version>1</Version>\n<Level>4</Level>\n<Task>0</Task>\n<Opcode>0</Opcode>\n<Keywords>0x4000000000000000</Keywords>\n<TimeCreated SystemTime=\"2014-02-05 13:38:41.440502+00:00\"></TimeCreated>\n<EventRecordID>1698</EventRecordID>\n<Correlation ActivityID=\"\" RelatedActivityID=\"\"></Correlation>\n<Execution ProcessID=\"1000\" ThreadID=\"2780\"></Execution>\n<Channel>Microsoft-Windows-Bits-Client/Operational</Channel>\n<Computer>IACIS-HDD-2014</Computer>\n<Security UserID=\"S-1-5-18\"></Security>\n</System>\n<EventData><Data Name=\"User\">NT AUTHORITY\\SYSTEM</Data>\n<Data Name=\"jobTitle\">WU Client Download</Data>\n<Data Name=\"jobId\">{1286068e-ec19-46e7-a247-c8243c52a340}</Data>\n<Data Name=\"jobOwner\">NT AUTHORITY\\SYSTEM</Data>\n<Data Name=\"fileCount\">1</Data>\n<Data Name=\"bytesTransferred\">173608</Data>\n<Data Name=\"bytesTransferredFromPeer\">0</Data>\n</EventData>\n</Event>\n"
  },
  {
    "EventID": 59,
    "Timestamp": "2014-02-05 13:38:41.627703+00:00",
    "Computer": "IACIS-HDD-2014",
    "Channel": "Microsoft-Windows-Bits-Client/Operational",
    "Level": "Information",
    "EventData": {
      "transferId": "{fe1c25a4-79db-4f09-b7d3-0e173e98b495}",
      "name": "WU Client Download",
      "Id": "{e1afb638-a3e5-4db3-a2a0-46e593c651e2}",
      "url": "http://au.download.windowsupdate.com/msdownload/update/software/secu/2013/01/ndp40-kb2789642-x64_ea048475842cd169fd371ab3ae75d386ddfcba83.exe",
      "peer": "",
      "fileTime": "2013-01-22 00:24:15+00:00",
      "fileLength": "4256248",
      "bytesTotal": "4256248",
      "bytesTransferred": "0",
      "bytesTransferredFromPeer": "0"
    },
    "RawXml": "<Event xmlns=\"http://schemas.microsoft.com/win/2004/08/events/event\"><System><Provider Name=\"Microsoft-Windows-Bits-Client\" Guid=\"{ef1cc15b-46c1-414e-bb95-e76b077bd51e}\"></Provider>\n<EventID Qualifiers=\"\">59</EventID>\n<Version>1</Version>\n<Level>4</Level>\n<Task>0</Task>\n<Opcode>1</Opcode>\n<Keywords>0x4000000000000000</Keywords>\n<TimeCreated SystemTime=\"2014-02-05 13:38:41.627703+00:00\"></TimeCreated>\n<EventRecordID>1699</EventRecordID>\n<Correlation ActivityID=\"{fe1c25a4-79db-4f09-b7d3-0e173e98b495}\" RelatedActivityID=\"\"></Correlation>\n<Execution ProcessID=\"1000\" ThreadID=\"2608\"></Execution>\n<Channel>Microsoft-Windows-Bits-Client/Operational</Channel>\n<Computer>IACIS-HDD-2014</Computer>\n<Security UserID=\"S-1-5-18\"></Security>\n</System>\n<EventData><Data Name=\"transferId\">{fe1c25a4-79db-4f09-b7d3-0e173e98b495}</Data>\n<Data Name=\"name\">WU Client Download</Data>\n<Data Name=\"Id\">{e1afb638-a3e5-4db3-a2a0-46e593c651e2}</Data>\n<Data Name=\"url\">http://au.download.windowsupdate.com/msdownload/update/software/secu/2013/01/ndp40-kb2789642-x64_ea048475842cd169fd371ab3ae75d386ddfcba83.exe</Data>\n<Data Name=\"peer\"></Data>\n<Data Name=\"fileTime\">2013-01-22 00:24:15+00:00</Data>\n<Data Name=\"fileLength\">4256248</Data>\n<Data Name=\"bytesTotal\">4256248</Data>\n<Data Name=\"bytesTransferred\">0</Data>\n<Data Name=\"bytesTransferredFromPeer\">0</Data>\n</EventData>\n</Event>\n"
  },
  {
    "EventID": 60,
    "Timestamp": "2014-02-05 13:38:54.372925+00:00",
    "Computer": "IACIS-HDD-2014",
    "Channel": "Microsoft-Windows-Bits-Client/Operational",
    "Level": "Information",
    "EventData": {
      "transferId": "{fe1c25a4-79db-4f09-b7d3-0e173e98b495}",
      "name": "WU Client Download",
      "Id": "{e1afb638-a3e5-4db3-a2a0-46e593c651e2}",
      "url": "http://au.download.windowsupdate.com/msdownload/update/software/secu/2013/01/ndp40-kb2789642-x64_ea048475842cd169fd371ab3ae75d386ddfcba83.exe",
      "peer": "",
      "hr": "0",
      "fileTime": "2013-01-22 00:24:15+00:00",
      "fileLength": "4256248",
      "bytesTotal": "4256248",
      "bytesTransferred": "4256248",
      "proxy": "",
      "peerProtocolFlags": "0",
      "bytesTransferredFromPeer": "0",
      "AdditionalInfoHr": "0",
      "PeerContextInfo": "0",
      "bandwidthLimit": "18446744073709551615",
      "ignoreBandwidthLimitsOnLan": "False"
    },
    "RawXml": "<Event xmlns=\"http://schemas.microsoft.com/win/2004/08/events/event\"><System><Provider Name=\"Microsoft-Windows-Bits-Client\" Guid=\"{ef1cc15b-46c1-414e-bb95-e76b077bd51e}\"></Provider>\n<EventID Qualifiers=\"\">60</EventID>\n<Version>1</Version>\n<Level>4</Level>\n<Task>0</Task>\n<Opcode>2</Opcode>\n<Keywords>0x4000000000000000</Keywords>\n<TimeCreated SystemTime=\"2014-02-05 13:38:54.372925+00:00\"></TimeCreated>\n<EventRecordID>1700</EventRecordID>\n<Correlation ActivityID=\"{fe1c25a4-79db-4f09-b7d3-0e173e98b495}\" RelatedActivityID=\"\"></Correlation>\n<Execution ProcessID=\"1000\" ThreadID=\"2612\"></Execution>\n<Channel>Microsoft-Windows-Bits-Client/Operational</Channel>\n<Computer>IACIS-HDD-2014</Computer>\n<Security UserID=\"S-1-5-18\"></Security>\n</System>\n<EventData><Data Name=\"transferId\">{fe1c25a4-79db-4f09-b7d3-0e173e98b495}</Data>\n<Data Name=\"name\">WU Client Download</Data>\n<Data Name=\"Id\">{e1afb638-a3e5-4db3-a2a0-46e593c651e2}</Data>\n<Data Name=\"url\">http://au.download.windowsupdate.com/msdownload/update/software/secu/2013/01/ndp40-kb2789642-x64_ea048475842cd169fd371ab3ae75d386ddfcba83.exe</Data>\n<Data Name=\"peer\"></Data>\n<Data Name=\"hr\">0</Data>\n<Data Name=\"fileTime\">2013-01-22 00:24:15+00:00</Data>\n<Data Name=\"fileLength\">4256248</Data>\n<Data Name=\"bytesTotal\">4256248</Data>\n<Data Name=\"bytesTransferred\">4256248</Data>\n<Data Name=\"proxy\"></Data>\n<Data Name=\"peerProtocolFlags\">0</Data>\n<Data Name=\"bytesTransferredFromPeer\">0</Data>\n<Data Name=\"AdditionalInfoHr\">0</Data>\n<Data Name=\"PeerContextInfo\">0</Data>\n<Data Name=\"bandwidthLimit\">18446744073709551615</Data>\n<Data Name=\"ignoreBandwidthLimitsOnLan\">False</Data>\n</EventData>\n</Event>\n"
  },
  {
    "EventID": 59,
    "Timestamp": "2014-02-05 13:38:54.575724+00:00",
    "Computer": "IACIS-HDD-2014",
    "Channel": "Microsoft-Windows-Bits-Client/Operational",
    "Level": "Information",
    "EventData": {
      "transferId": "{c130d302-4527-4975-8a1b-bb677d591fc5}",
      "name": "WU Client Download",
      "Id": "{30cb3ac4-3224-45d4-80b9-9e2fc1a12479}",
      "url": "http://au.download.windowsupdate.com/msdownload/update/software/secu/2012/10/msipatchregfix-amd64_5011cb29b096fb674a4795ee8fc2f7fdad33863a.exe",
      "peer": "",
      "fileTime": "2012-10-23 23:15:41+00:00",
      "fileLength": "173608",
      "bytesTotal": "173608",
      "bytesTransferred": "0",
      "bytesTransferredFromPeer": "0"
    },
    "RawXml": "<Event xmlns=\"http://schemas.microsoft.com/win/2004/08/events/event\"><System><Provider Name=\"Microsoft-Windows-Bits-Client\" Guid=\"{ef1cc15b-46c1-414e-bb95-e76b077bd51e}\"></Provider>\n<EventID Qualifiers=\"\">59</EventID>\n<Version>1</Version>\n<Level>4</Level>\n<Task>0</Task>\n<Opcode>1</Opcode>\n<Keywords>0x4000000000000000</Keywords>\n<TimeCreated SystemTime=\"2014-02-05 13:38:54.575724+00:00\"></TimeCreated>\n<EventRecordID>1701</EventRecordID>\n<Correlation ActivityID=\"{c130d302-4527-4975-8a1b-bb677d591fc5}\" RelatedActivityID=\"\"></Correlation>\n<Execution ProcessID=\"1000\" ThreadID=\"2780\"></Execution>\n<Channel>Microsoft-Windows-Bits-Client/Operational</Channel>\n<Computer>IACIS-HDD-2014</Computer>\n<Security UserID=\"S-1-5-18\"></Security>\n</System>\n<EventData><Data Name=\"transferId\">{c130d302-4527-4975-8a1b-bb677d591fc5}</Data>\n<Data Name=\"name\">WU Client Download</Data>\n<Data Name=\"Id\">{30cb3ac4-3224-45d4-80b9-9e2fc1a12479}</Data>\n<Data Name=\"url\">http://au.download.windowsupdate.com/msdownload/update/software/secu/2012/10/msipatchregfix-amd64_5011cb29b096fb674a4795ee8fc2f7fdad33863a.exe</Data>\n<Data Name=\"peer\"></Data>\n<Data Name=\"fileTime\">2012-10-23 23:15:41+00:00</Data>\n<Data Name=\"fileLength\">173608</Data>\n<Data Name=\"bytesTotal\">173608</Data>\n<Data Name=\"bytesTransferred\">0</Data>\n<Data Name=\"bytesTransferredFromPeer\">0</Data>\n</EventData>\n</Event>\n"
  },
  {
    "EventID": 4,
    "Timestamp": "2014-02-05 13:38:54.575724+00:00",
    "Computer": "IACIS-HDD-2014",
    "Channel": "Microsoft-Windows-Bits-Client/Operational",
    "Level": "Information",
    "EventData": {
      "User": "NT AUTHORITY\\SYSTEM",
      "jobTitle": "WU Client Download",
      "jobId": "{e1afb638-a3e5-4db3-a2a0-46e593c651e2}",
      "jobOwner": "NT AUTHORITY\\SYSTEM",
      "fileCount": "1",
      "bytesTransferred": "4256248",
      "bytesTransferredFromPeer": "0"
    },
    "RawXml": "<Event xmlns=\"http://schemas.microsoft.com/win/2004/08/events/event\"><System><Provider Name=\"Microsoft-Windows-Bits-Client\" Guid=\"{ef1cc15b-46c1-414e-bb95-e76b077bd51e}\"></Provider>\n<EventID Qualifiers=\"\">4</EventID>\n<Version>1</Version>\n<Level>4</Level>\n<Task>0</Task>\n<Opcode>0</Opcode>\n<Keywords>0x4000000000000000</Keywords>\n<TimeCreated SystemTime=\"2014-02-05 13:38:54.575724+00:00\"></TimeCreated>\n<EventRecordID>1702</EventRecordID>\n<Correlation ActivityID=\"\" RelatedActivityID=\"\"></Correlation>\n<Execution ProcessID=\"1000\" ThreadID=\"2608\"></Execution>\n<Channel>Microsoft-Windows-Bits-Client/Operational</Channel>\n<Computer>IACIS-HDD-2014</Computer>\n<Security UserID=\"S-1-5-18\"></Security>\n</System>\n<EventData><Data Name=\"User\">NT AUTHORITY\\SYSTEM</Data>\n<Data Name=\"jobTitle\">WU Client Download</Data>\n<Data Name=\"jobId\">{e1afb638-a3e5-4db3-a2a0-46e593c651e2}</Data>\n<Data Name=\"jobOwner\">NT AUTHORITY\\SYSTEM</Data>\n<Data Name=\"fileCount\">1</Data>\n<Data Name=\"bytesTransferred\">4256248</Data>\n<Data Name=\"bytesTransferredFromPeer\">0</Data>\n</EventData>\n</Event>\n"
  },
  {
    "EventID": 60,
    "Timestamp": "2014-02-05 13:38:55.246527+00:00",
    "Computer": "IACIS-HDD-2014",
    "Channel": "Microsoft-Windows-Bits-Client/Operational",
    "Level": "Information",
    "EventData": {
      "transferId": "{c130d302-4527-4975-8a1b-bb677d591fc5}",
      "name": "WU Client Download",
      "Id": "{30cb3ac4-3224-45d4-80b9-9e2fc1a12479}",
      "url": "http://au.download.windowsupdate.com/msdownload/update/software/secu/2012/10/msipatchregfix-amd64_5011cb29b096fb674a4795ee8fc2f7fdad33863a.exe",
      "peer": "",
      "hr": "0",
      "fileTime": "2012-10-23 23:15:41+00:00",
      "fileLength": "173608",
      "bytesTotal": "173608",
      "bytesTransferred": "173608",
      "proxy": "",
      "peerProtocolFlags": "0",
      "bytesTransferredFromPeer": "0",
      "AdditionalInfoHr": "0",
      "PeerContextInfo": "0",
      "bandwidthLimit": "18446744073709551615",
      "ignoreBandwidthLimitsOnLan": "False"
    },
    "RawXml": "<Event xmlns=\"http://schemas.microsoft.com/win/2004/08/events/event\"><System><Provider Name=\"Microsoft-Windows-Bits-Client\" Guid=\"{ef1cc15b-46c1-414e-bb95-e76b077bd51e}\"></Provider>\n<EventID Qualifiers=\"\">60</EventID>\n<Version>1</Version>\n<Level>4</Level>\n<Task>0</Task>\n<Opcode>2</Opcode>\n<Keywords>0x4000000000000000</Keywords>\n<TimeCreated SystemTime=\"2014-02-05 13:38:55.246527+00:00\"></TimeCreated>\n<EventRecordID>1703</EventRecordID>\n<Correlation ActivityID=\"{c130d302-4527-4975-8a1b-bb677d591fc5}\" RelatedActivityID=\"\"></Correlation>\n<Execution ProcessID=\"1000\" ThreadID=\"2612\"></Execution>\n<Channel>Microsoft-Windows-Bits-Client/Operational</Channel>\n<Computer>IACIS-HDD-2014</Computer>\n<Security UserID=\"S-1-5-18\"></Security>\n</System>\n<EventData><Data Name=\"transferId\">{c130d302-4527-4975-8a1b-bb677d591fc5}</Data>\n<Data Name=\"name\">WU Client Download</Data>\n<Data Name=\"Id\">{30cb3ac4-3224-45d4-80b9-9e2fc1a12479}</Data>\n<Data Name=\"url\">http://au.download.windowsupdate.com/msdownload/update/software/secu/2012/10/msipatchregfix-amd64_5011cb29b096fb674a4795ee8fc2f7fdad33863a.exe</Data>\n<Data Name=\"peer\"></Data>\n<Data Name=\"hr\">0</Data>\n<Data Name=\"fileTime\">2012-10-23 23:15:41+00:00</Data>\n<Data Name=\"fileLength\">173608</Data>\n<Data Name=\"bytesTotal\">173608</Data>\n<Data Name=\"bytesTransferred\">173608</Data>\n<Data Name=\"proxy\"></Data>\n<Data Name=\"peerProtocolFlags\">0</Data>\n<Data Name=\"bytesTransferredFromPeer\">0</Data>\n<Data Name=\"AdditionalInfoHr\">0</Data>\n<Data Name=\"PeerContextInfo\">0</Data>\n<Data Name=\"bandwidthLimit\">18446744073709551615</Data>\n<Data Name=\"ignoreBandwidthLimitsOnLan\">False</Data>\n</EventData>\n</Event>\n"
  },
  {
    "EventID": 59,
    "Timestamp": "2014-02-05 13:38:55.480526+00:00",
    "Computer": "IACIS-HDD-2014",
    "Channel": "Microsoft-Windows-Bits-Client/Operational",
    "Level": "Information",
    "EventData": {
      "transferId": "{1cd8d19f-290f-49f4-be42-ae6448e9e3bc}",
      "name": "WU Client Download",
      "Id": "{32da68e3-0886-440e-8da3-6f47f977583b}",
      "url": "http://au.download.windowsupdate.com/msdownload/update/software/secu/2012/10/ndp40-kb2737019-x64_00de162f645e62c56ebca48f2cb128c4f5516681.exe",
      "peer": "",
      "fileTime": "2012-10-24 20:38:16+00:00",
      "fileLength": "16049632",
      "bytesTotal": "16049632",
      "bytesTransferred": "0",
      "bytesTransferredFromPeer": "0"
    },
    "RawXml": "<Event xmlns=\"http://schemas.microsoft.com/win/2004/08/events/event\"><System><Provider Name=\"Microsoft-Windows-Bits-Client\" Guid=\"{ef1cc15b-46c1-414e-bb95-e76b077bd51e}\"></Provider>\n<EventID Qualifiers=\"\">59</EventID>\n<Version>1</Version>\n<Level>4</Level>\n<Task>0</Task>\n<Opcode>1</Opcode>\n<Keywords>0x4000000000000000</Keywords>\n<TimeCreated SystemTime=\"2014-02-05 13:38:55.480526+00:00\"></TimeCreated>\n<EventRecordID>1704</EventRecordID>\n<Correlation ActivityID=\"{1cd8d19f-290f-49f4-be42-ae6448e9e3bc}\" RelatedActivityID=\"\"></Correlation>\n<Execution ProcessID=\"1000\" ThreadID=\"2608\"></Execution>\n<Channel>Microsoft-Windows-Bits-Client/Operational</Channel>\n<Computer>IACIS-HDD-2014</Computer>\n<Security UserID=\"S-1-5-18\"></Security>\n</System>\n<EventData><Data Name=\"transferId\">{1cd8d19f-290f-49f4-be42-ae6448e9e3bc}</Data>\n<Data Name=\"name\">WU Client Download</Data>\n<Data Name=\"Id\">{32da68e3-0886-440e-8da3-6f47f977583b}</Data>\n<Data Name=\"url\">http://au.download.windowsupdate.com/msdownload/update/software/secu/2012/10/ndp40-kb2737019-x64_00de162f645e62c56ebca48f2cb128c4f5516681.exe</Data>\n<Data Name=\"peer\"></Data>\n<Data Name=\"fileTime\">2012-10-24 20:38:16+00:00</Data>\n<Data Name=\"fileLength\">16049632</Data>\n<Data Name=\"bytesTotal\">16049632</Data>\n<Data Name=\"bytesTransferred\">0</Data>\n<Data Name=\"bytesTransferredFromPeer\">0</Data>\n</EventData>\n</Event>\n"
  },
  {
    "EventID": 4,
    "Timestamp": "2014-02-05 13:38:55.480526+00:00",
    "Computer": "IACIS-HDD-2014",
    "Channel": "Microsoft-Windows-Bits-Client/Operational",
    "Level": "Information",
    "EventData": {
      "User": "NT AUTHORITY\\SYSTEM",
      "jobTitle": "WU Client Download",
      "jobId": "{30cb3ac4-3224-45d4-80b9-9e2fc1a12479}",
      "jobOwner": "NT AUTHORITY\\SYSTEM",
      "fileCount": "1",
      "bytesTransferred": "173608",
      "bytesTransferredFromPeer": "0"
    },
    "RawXml": "<Event xmlns=\"http://schemas.microsoft.com/win/2004/08/events/event\"><System><Provider Name=\"Microsoft-Windows-Bits-Client\" Guid=\"{ef1cc15b-46c1-414e-bb95-e76b077bd51e}\"></Provider>\n<EventID Qualifiers=\"\">4</EventID>\n<Version>1</Version>\n<Level>4</Level>\n<Task>0</Task>\n<Opcode>0</Opcode>\n<Keywords>0x4000000000000000</Keywords>\n<TimeCreated SystemTime=\"2014-02-05 13:38:55.480526+00:00\"></TimeCreated>\n<EventRecordID>1705</EventRecordID>\n<Correlation ActivityID=\"\" RelatedActivityID=\"\"></Correlation>\n<Execution ProcessID=\"1000\" ThreadID=\"2608\"></Execution>\n<Channel>Microsoft-Windows-Bits-Client/Operational</Channel>\n<Computer>IACIS-HDD-2014</Computer>\n<Security UserID=\"S-1-5-18\"></Security>\n</System>\n<EventData><Data Name=\"User\">NT AUTHORITY\\SYSTEM</Data>\n<Data Name=\"jobTitle\">WU Client Download</Data>\n<Data Name=\"jobId\">{30cb3ac4-3224-45d4-80b9-9e2fc1a12479}</Data>\n<Data Name=\"jobOwner\">NT AUTHORITY\\SYSTEM</Data>\n<Data Name=\"fileCount\">1</Data>\n<Data Name=\"bytesTransferred\">173608</Data>\n<Data Name=\"bytesTransferredFromPeer\">0</Data>\n</EventData>\n</Event>\n"
  },
  {
    "EventID": 60,
    "Timestamp": "2014-02-05 13:39:28.412184+00:00",
    "Computer": "IACIS-HDD-2014",
    "Channel": "Microsoft-Windows-Bits-Client/Operational",
    "Level": "Information",
    "EventData": {
      "transferId": "{1cd8d19f-290f-49f4-be42-ae6448e9e3bc}",
      "name": "WU Client Download",
      "Id": "{32da68e3-0886-440e-8da3-6f47f977583b}",
      "url": "http://au.download.windowsupdate.com/msdownload/update/software/secu/2012/10/ndp40-kb2737019-x64_00de162f645e62c56ebca48f2cb128c4f5516681.exe",
      "peer": "",
      "hr": "0",
      "fileTime": "2012-10-24 20:38:16+00:00",
      "fileLength": "16049632",
      "bytesTotal": "16049632",
      "bytesTransferred": "16049632",
      "proxy": "",
      "peerProtocolFlags": "0",
      "bytesTransferredFromPeer": "0",
      "AdditionalInfoHr": "0",
      "PeerContextInfo": "0",
      "bandwidthLimit": "18446744073709551615",
      "ignoreBandwidthLimitsOnLan": "False"
    },
    "RawXml": "<Event xmlns=\"http://schemas.microsoft.com/win/2004/08/events/event\"><System><Provider Name=\"Microsoft-Windows-Bits-Client\" Guid=\"{ef1cc15b-46c1-414e-bb95-e76b077bd51e}\"></Provider>\n<EventID Qualifiers=\"\">60</EventID>\n<Version>1</Version>\n<Level>4</Level>\n<Task>0</Task>\n<Opcode>2</Opcode>\n<Keywords>0x4000000000000000</Keywords>\n<TimeCreated SystemTime=\"2014-02-05 13:39:28.412184+00:00\"></TimeCreated>\n<EventRecordID>1706</EventRecordID>\n<Correlation ActivityID=\"{1cd8d19f-290f-49f4-be42-ae6448e9e3bc}\" RelatedActivityID=\"\"></Correlation>\n<Execution ProcessID=\"1000\" ThreadID=\"2976\"></Execution>\n<Channel>Microsoft-Windows-Bits-Client/Operational</Channel>\n<Computer>IACIS-HDD-2014</Computer>\n<Security UserID=\"S-1-5-18\"></Security>\n</System>\n<EventData><Data Name=\"transferId\">{1cd8d19f-290f-49f4-be42-ae6448e9e3bc}</Data>\n<Data Name=\"name\">WU Client Download</Data>\n<Data Name=\"Id\">{32da68e3-0886-440e-8da3-6f47f977583b}</Data>\n<Data Name=\"url\">http://au.download.windowsupdate.com/msdownload/update/software/secu/2012/10/ndp40-kb2737019-x64_00de162f645e62c56ebca48f2cb128c4f5516681.exe</Data>\n<Data Name=\"peer\"></Data>\n<Data Name=\"hr\">0</Data>\n<Data Name=\"fileTime\">2012-10-24 20:38:16+00:00</Data>\n<Data Name=\"fileLength\">16049632</Data>\n<Data Name=\"bytesTotal\">16049632</Data>\n<Data Name=\"bytesTransferred\">16049632</Data>\n<Data Name=\"proxy\"></Data>\n<Data Name=\"peerProtocolFlags\">0</Data>\n<Data Name=\"bytesTransferredFromPeer\">0</Data>\n<Data Name=\"AdditionalInfoHr\">0</Data>\n<Data Name=\"PeerContextInfo\">0</Data>\n<Data Name=\"bandwidthLimit\">18446744073709551615</Data>\n<Data Name=\"ignoreBandwidthLimitsOnLan\">False</Data>\n</EventData>\n</Event>\n"
  },
