  {
    "EventID": 101,
    "Timestamp": "2014-02-05 13:38:56.463327+00:00",
    "Computer": "IACIS-HDD-2014",
    "Channel": "Microsoft-Windows-Diagnostics-Performance/Operational",
    "Level": "Warning",
    "EventData": {
      "StartTime": "2014-02-05 13:30:11.687199+00:00",
      "NameLength": "13",
      "Name": "explorer.exe",
      "FriendlyNameLength": "17",
      "FriendlyName": "Windows Explorer",
      "VersionLength": "38",
      "Version": "6.1.7600.16385 (win7_rtm.090713-1255)",
      "TotalTime": "12816",
      "DegradationTime": "5316",
      "PathLength": "24",
      "Path": "C:\\Windows\\explorer.exe",
      "ProductNameLength": "37",
      "ProductName": "Microsoft® Windows® Operating System",
      "CompanyNameLength": "22",
      "CompanyName": "Microsoft Corporation"
    },
    "RawXml": "<Event xmlns=\"http://schemas.microsoft.com/win/2004/08/events/event\"><System><Provider Name=\"Microsoft-Windows-Diagnostics-Performance\" Guid=\"{cfc18ec0-96b1-4eba-961b-622caee05b0a}\"></Provider>\n<EventID Qualifiers=\"\">101</EventID>\n<Version>1</Version>\n<Level>3</Level>\n<Task>4002</Task>\n<Opcode>33</Opcode>\n<Keywords>0x8000000000010000</Keywords>\n<TimeCreated SystemTime=\"2014-02-05 13:38:56.463327+00:00\"></TimeCreated>\n<EventRecordID>33</EventRecordID>\n<Correlation ActivityID=\"{02afbc48-f800-0001-4ccf-3a657622cf01}\" RelatedActivityID=\"\"></Correlation>\n<Execution ProcessID=\"1284\" ThreadID=\"2476\"></Execution>\n<Channel>Microsoft-Windows-Diagnostics-Performance/Operational</Channel>\n<Computer>IACIS-HDD-2014</Computer>\n<Security UserID=\"S-1-5-19\"></Security>\n</System>\n<EventData><Data Name=\"StartTime\">2014-02-05 13:30:11.687199+00:00</Data>\n<Data Name=\"NameLength\">13</Data>\n<Data Name=\"Name\">explorer.exe</Data>\n<Data Name=\"FriendlyNameLength\">17</Data>\n<Data Name=\"FriendlyName\">Windows Explorer</Data>\n<Data Name=\"VersionLength\">38</Data>\n<Data Name=\"Version\">6.1.7600.16385 (win7_rtm.090713-1255)</Data>\n<Data Name=\"TotalTime\">12816</Data>\n<Data Name=\"DegradationTime\">5316</Data>\n<Data Name=\"PathLength\">24</Data>\n<Data Name=\"Path\">C:\\Windows\\explorer.exe</Data>\n<Data Name=\"ProductNameLength\">37</Data>\n<Data Name=\"ProductName\">Microsoft&#174; Windows&#174; Operating System</Data>\n<Data Name=\"CompanyNameLength\">22</Data>\n<Data Name=\"CompanyName\">Microsoft Corporation</Data>\n</EventData>\n</Event>\n"
  },
  {
    "EventID": 101,
    "Timestamp": "2014-02-05 13:38:56.463327+00:00",
    "Computer": "IACIS-HDD-2014",
    "Channel": "Microsoft-Windows-Diagnostics-Performance/Operational",
    "Level": "Warning",
    "EventData": {
      "StartTime": "2014-02-05 13:30:11.687199+00:00",
      "NameLength": "12",
      "Name": "KeePass.exe",
      "FriendlyNameLength": "8",
      "FriendlyName": "KeePass",
      "VersionLength": "9",
      "Version": "2.24.0.0",
      "TotalTime": "7818",
      "DegradationTime": "2818",
      "PathLength": "59",
      "Path": "C:\\Program Files (x86)\\KeePass Password Safe 2\\KeePass.exe",
      "ProductNameLength": "8",
      "ProductName": "KeePass",
      "CompanyNameLength": "15",
      "CompanyName": "Dominik Reichl"
    },
    "RawXml": "<Event xmlns=\"http://schemas.microsoft.com/win/2004/08/events/event\"><System><Provider Name=\"Microsoft-Windows-Diagnostics-Performance\" Guid=\"{cfc18ec0-96b1-4eba-961b-622caee05b0a}\"></Provider>\n<EventID Qualifiers=\"\">101</EventID>\n<Version>1</Version>\n<Level>3</Level>\n<Task>4002</Task>\n<Opcode>33</Opcode>\n<Keywords>0x8000000000010000</Keywords>\n<TimeCreated SystemTime=\"2014-02-05 13:38:56.463327+00:00\"></TimeCreated>\n<EventRecordID>34</EventRecordID>\n<Correlation ActivityID=\"{02afbc48-f800-0001-4ccf-3a657622cf01}\" RelatedActivityID=\"\"></Correlation>\n<Execution ProcessID=\"1284\" ThreadID=\"2476\"></Execution>\n<Channel>Microsoft-Windows-Diagnostics-Performance/Operational</Channel>\n<Computer>IACIS-HDD-2014</Computer>\n<Security UserID=\"S-1-5-19\"></Security>\n</System>\n<EventData><Data Name=\"StartTime\">2014-02-05 13:30:11.687199+00:00</Data>\n<Data Name=\"NameLength\">12</Data>\n<Data Name=\"Name\">KeePass.exe</Data>\n<Data Name=\"FriendlyNameLength\">8</Data>\n<Data Name=\"FriendlyName\">KeePass</Data>\n<Data Name=\"VersionLength\">9</Data>\n<Data Name=\"Version\">2.24.0.0</Data>\n<Data Name=\"TotalTime\">7818</Data>\n<Data Name=\"DegradationTime\">2818</Data>\n<Data Name=\"PathLength\">59</Data>\n<Data Name=\"Path\">C:\\Program Files (x86)\\KeePass Password Safe 2\\KeePass.exe</Data>\n<Data Name=\"ProductNameLength\">8</Data>\n<Data Name=\"ProductName\">KeePass</Data>\n<Data Name=\"CompanyNameLength\">15</Data>\n<Data Name=\"CompanyName\">Dominik Reichl</Data>\n</EventData>\n</Event>\n"
  },
  {
    "EventID": 101,
    "Timestamp": "2014-02-05 13:38:56.463327+00:00",
    "Computer": "IACIS-HDD-2014",
    "Channel": "Microsoft-Windows-Diagnostics-Performance/Operational",
    "Level": "Warning",
    "EventData": {
      "StartTime": "2014-02-05 13:30:11.687199+00:00",
      "NameLength": "12",
      "Name": "svchost.exe",
      "FriendlyNameLength": "34",
      "FriendlyName": "Host Process for Windows Services",
      "VersionLength": "38",
      "Version": "6.1.7600.16385 (win7_rtm.090713-1255)",
      "TotalTime": "2804",
      "DegradationTime": "1804",
      "PathLength": "32",
      "Path": "C:\\Windows\\System32\\svchost.exe",
      "ProductNameLength": "37",
      "ProductName": "Microsoft® Windows® Operating System",
      "CompanyNameLength": "22",
      "CompanyName": "Microsoft Corporation"
    },
    "RawXml": "<Event xmlns=\"http://schemas.microsoft.com/win/2004/08/events/event\"><System><Provider Name=\"Microsoft-Windows-Diagnostics-Performance\" Guid=\"{cfc18ec0-96b1-4eba-961b-622caee05b0a}\"></Provider>\n<EventID Qualifiers=\"\">101</EventID>\n<Version>1</Version>\n<Level>3</Level>\n<Task>4002</Task>\n<Opcode>33</Opcode>\n<Keywords>0x8000000000010000</Keywords>\n<TimeCreated SystemTime=\"2014-02-05 13:38:56.463327+00:00\"></TimeCreated>\n<EventRecordID>35</EventRecordID>\n<Correlation ActivityID=\"{02afbc48-f800-0001-4ccf-3a657622cf01}\" RelatedActivityID=\"\"></Correlation>\n<Execution ProcessID=\"1284\" ThreadID=\"2476\"></Execution>\n<Channel>Microsoft-Windows-Diagnostics-Performance/Operational</Channel>\n<Computer>IACIS-HDD-2014</Computer>\n<Security UserID=\"S-1-5-19\"></Security>\n</System>\n<EventData><Data Name=\"StartTime\">2014-02-05 13:30:11.687199+00:00</Data>\n<Data Name=\"NameLength\">12</Data>\n<Data Name=\"Name\">svchost.exe</Data>\n<Data Name=\"FriendlyNameLength\">34</Data>\n<Data Name=\"FriendlyName\">Host Process for Windows Services</Data>\n<Data Name=\"VersionLength\">38</Data>\n<Data Name=\"Version\">6.1.7600.16385 (win7_rtm.090713-1255)</Data>\n<Data Name=\"TotalTime\">2804</Data>\n<Data Name=\"DegradationTime\">1804</Data>\n<Data Name=\"PathLength\">32</Data>\n<Data Name=\"Path\">C:\\Windows\\System32\\svchost.exe</Data>\n<Data Name=\"ProductNameLength\">37</Data>\n<Data Name=\"ProductName\">Microsoft&#174; Windows&#174; Operating System</Data>\n<Data Name=\"CompanyNameLength\">22</Data>\n<Data Name=\"CompanyName\">Microsoft Corporation</Data>\n</EventData>\n</Event>\n"
  },
  {
    "EventID": 101,
    "Timestamp": "2014-02-05 13:38:56.463327+00:00",
    "Computer": "IACIS-HDD-2014",
    "Channel": "Microsoft-Windows-Diagnostics-Performance/Operational",
    "Level": "Warning",
    "EventData": {
      "StartTime": "2014-02-05 13:30:11.687199+00:00",
      "NameLength": "13",
      "Name": "taskhost.exe",
      "FriendlyNameLength": "31",
      "FriendlyName": "Host Process for Windows Tasks",
      "VersionLength": "38",
      "Version": "6.1.7600.16385 (win7_rtm.090713-1255)",
      "TotalTime": "1074",
      "DegradationTime": "74",
      "PathLength": "33",
      "Path": "C:\\Windows\\System32\\taskhost.exe",
      "ProductNameLength": "37",
      "ProductName": "Microsoft® Windows® Operating System",
      "CompanyNameLength": "22",
      "CompanyName": "Microsoft Corporation"
    },
    "RawXml": "<Event xmlns=\"http://schemas.microsoft.com/win/2004/08/events/event\"><System><Provider Name=\"Microsoft-Windows-Diagnostics-Performance\" Guid=\"{cfc18ec0-96b1-4eba-961b-622caee05b0a}\"></Provider>\n<EventID Qualifiers=\"\">101</EventID>\n<Version>1</Version>\n<Level>3</Level>\n<Task>4002</Task>\n<Opcode>33</Opcode>\n<Keywords>0x8000000000010000</Keywords>\n<TimeCreated SystemTime=\"2014-02-05 13:38:56.463327+00:00\"></TimeCreated>\n<EventRecordID>36</EventRecordID>\n<Correlation ActivityID=\"{02afbc48-f800-0001-4ccf-3a657622cf01}\" RelatedActivityID=\"\"></Correlation>\n<Execution ProcessID=\"1284\" ThreadID=\"2476\"></Execution>\n<Channel>Microsoft-Windows-Diagnostics-Performance/Operational</Channel>\n<Computer>IACIS-HDD-2014</Computer>\n<Security UserID=\"S-1-5-19\"></Security>\n</System>\n<EventData><Data Name=\"StartTime\">2014-02-05 13:30:11.687199+00:00</Data>\n<Data Name=\"NameLength\">13</Data>\n<Data Name=\"Name\">taskhost.exe</Data>\n<Data Name=\"FriendlyNameLength\">31</Data>\n<Data Name=\"FriendlyName\">Host Process for Windows Tasks</Data>\n<Data Name=\"VersionLength\">38</Data>\n<Data Name=\"Version\">6.1.7600.16385 (win7_rtm.090713-1255)</Data>\n<Data Name=\"TotalTime\">1074</Data>\n<Data Name=\"DegradationTime\">74</Data>\n<Data Name=\"PathLength\">33</Data>\n<Data Name=\"Path\">C:\\Windows\\System32\\taskhost.exe</Data>\n<Data Name=\"ProductNameLength\">37</Data>\n<Data Name=\"ProductName\">Microsoft&#174; Windows&#174; Operating System</Data>\n<Data Name=\"CompanyNameLength\">22</Data>\n<Data Name=\"CompanyName\">Microsoft Corporation</Data>\n</EventData>\n</Event>\n"
  },
  {
    "EventID": 108,
    "Timestamp": "2014-02-05 13:38:56.478928+00:00",
    "Computer": "IACIS-HDD-2014",
    "Channel": "Microsoft-Windows-Diagnostics-Performance/Operational",
    "Level": "Warning",
    "EventData": {
      "StartTime": "2014-02-05 13:30:11.687199+00:00",
      "NameLength": "13",
      "Name": "PreShellInit",
      "TotalTime": "8244",
      "DegradationTime": "4244"
    },
    "RawXml": "<Event xmlns=\"http://schemas.microsoft.com/win/2004/08/events/event\"><System><Provider Name=\"Microsoft-Windows-Diagnostics-Performance\" Guid=\"{cfc18ec0-96b1-4eba-961b-622caee05b0a}\"></Provider>\n<EventID Qualifiers=\"\">108</EventID>\n<Version>1</Version>\n<Level>3</Level>\n<Task>4002</Task>\n<Opcode>33</Opcode>\n<Keywords>0x8000000000010000</Keywords>\n<TimeCreated SystemTime=\"2014-02-05 13:38:56.478928+00:00\"></TimeCreated>\n<EventRecordID>37</EventRecordID>\n<Correlation ActivityID=\"{02afbc48-f800-0001-4ccf-3a657622cf01}\" RelatedActivityID=\"\"></Correlation>\n<Execution ProcessID=\"1284\" ThreadID=\"2476\"></Execution>\n<Channel>Microsoft-Windows-Diagnostics-Performance/Operational</Channel>\n<Computer>IACIS-HDD-2014</Computer>\n<Security UserID=\"S-1-5-19\"></Security>\n</System>\n<EventData><Data Name=\"StartTime\">2014-02-05 13:30:11.687199+00:00</Data>\n<Data Name=\"NameLength\">13</Data>\n<Data Name=\"Name\">PreShellInit</Data>\n<Data Name=\"TotalTime\">8244</Data>\n<Data Name=\"DegradationTime\">4244</Data>\n</EventData>\n</Event>\n"
  },
  {
    "EventID": 100,
    "Timestamp": "2014-02-06 11:23:53.995808+00:00",
    "Computer": "IACIS-HDD-2014",
    "Channel": "Microsoft-Windows-Diagnostics-Performance/Operational",
    "Level": "Error",
    "EventData": {
      "BootTsVersion": "2",
      "BootStartTime": "2014-02-06 11:20:12.702799+00:00",
      "BootEndTime": "2014-02-06 11:23:51.031803+00:00",
      "SystemBootInstance": "14",
      "UserBootInstance": "4",
      "BootTime": "65053",
      "MainPathBootTime": "23853",
      "BootKernelInitTime": "26",
      "BootDriverInitTime": "669",
      "BootDevicesInitTime": "2292",
      "BootPrefetchInitTime": "28330",
      "BootPrefetchBytes": "152010752",
      "BootAutoChkTime": "0",
      "BootSmssInitTime": "5256",
      "BootCriticalServicesInitTime": "601",
      "BootUserProfileProcessingTime": "1106",
      "BootMachineProfileProcessingTime": "1455",
      "BootExplorerInitTime": "3554",
      "BootNumStartupApps": "2",
      "BootPostBootTime": "41200",
      "BootIsRebootAfterInstall": "False",
      "BootRootCauseStepImprovementBits": "1",
      "BootRootCauseGradualImprovementBits": "1",
      "BootRootCauseStepDegradationBits": "13631488",
      "BootRootCauseGradualDegradationBits": "0",
      "BootIsDegradation": "False",
      "BootIsStepDegradation": "False",
      "BootIsGradualDegradation": "False",
      "BootImprovementDelta": "25361",
      "BootDegradationDelta": "0",
      "BootIsRootCauseIdentified": "True",
      "OSLoaderDuration": "2897",
      "BootPNPInitStartTimeMS": "26",
      "BootPNPInitDuration": "2331",
      "OtherKernelInitDuration": "1163",
      "SystemPNPInitStartTimeMS": "3420",
      "SystemPNPInitDuration": "630",
      "SessionInitStartTimeMS": "4124",
      "Session0InitDuration": "907",
      "Session1InitDuration": "400",
      "SessionInitOtherDuration": "3948",
      "WinLogonStartTimeMS": "9381",
      "OtherLogonInitActivityDuration": "8355",
      "UserLogonWaitDuration": "106182"
    },
    "RawXml": "<Event xmlns=\"http://schemas.microsoft.com/win/2004/08/events/event\"><System><Provider Name=\"Microsoft-Windows-Diagnostics-Performance\" Guid=\"{cfc18ec0-96b1-4eba-961b-622caee05b0a}\"></Provider>\n<EventID Qualifiers=\"\">100</EventID>\n<Version>2</Version>\n<Level>2</Level>\n<Task>4002</Task>\n<Opcode>34</Opcode>\n<Keywords>0x8000000000010000</Keywords>\n<TimeCreated SystemTime=\"2014-02-06 11:23:53.995808+00:00\"></TimeCreated>\n<EventRecordID>38</EventRecordID>\n<Correlation ActivityID=\"{02b0fc40-f800-0000-2afb-15672d23cf01}\" RelatedActivityID=\"\"></Correlation>\n<Execution ProcessID=\"1252\" ThreadID=\"2012\"></Execution>\n<Channel>Microsoft-Windows-Diagnostics-Performance/Operational</Channel>\n<Computer>IACIS-HDD-2014</Computer>\n<Security UserID=\"S-1-5-19\"></Security>\n</System>\n<EventData><Data Name=\"BootTsVersion\">2</Data>\n<Data Name=\"BootStartTime\">2014-02-06 11:20:12.702799+00:00</Data>\n<Data Name=\"BootEndTime\">2014-02-06 11:23:51.031803+00:00</Data>\n<Data Name=\"SystemBootInstance\">14</Data>\n<Data Name=\"UserBootInstance\">4</Data>\n<Data Name=\"BootTime\">65053</Data>\n<Data Name=\"MainPathBootTime\">23853</Data>\n<Data Name=\"BootKernelInitTime\">26</Data>\n<Data Name=\"BootDriverInitTime\">669</Data>\n<Data Name=\"BootDevicesInitTime\">2292</Data>\n<Data Name=\"BootPrefetchInitTime\">28330</Data>\n<Data Name=\"BootPrefetchBytes\">152010752</Data>\n<Data Name=\"BootAutoChkTime\">0</Data>\n<Data Name=\"BootSmssInitTime\">5256</Data>\n<Data Name=\"BootCriticalServicesInitTime\">601</Data>\n<Data Name=\"BootUserProfileProcessingTime\">1106</Data>\n<Data Name=\"BootMachineProfileProcessingTime\">1455</Data>\n<Data Name=\"BootExplorerInitTime\">3554</Data>\n<Data Name=\"BootNumStartupApps\">2</Data>\n<Data Name=\"BootPostBootTime\">41200</Data>\n<Data Name=\"BootIsRebootAfterInstall\">False</Data>\n<Data Name=\"BootRootCauseStepImprovementBits\">1</Data>\n<Data Name=\"BootRootCauseGradualImprovementBits\">1</Data>\n<Data Name=\"BootRootCauseStepDegradationBits\">13631488</Data>\n<Data Name=\"BootRootCauseGradualDegradationBits\">0</Data>\n<Data Name=\"BootIsDegradation\">False</Data>\n<Data Name=\"BootIsStepDegradation\">False</Data>\n<Data Name=\"BootIsGradualDegradation\">False</Data>\n<Data Name=\"BootImprovementDelta\">25361</Data>\n<Data Name=\"BootDegradationDelta\">0</Data>\n<Data Name=\"BootIsRootCauseIdentified\">True</Data>\n<Data Name=\"OSLoaderDuration\">2897</Data>\n<Data Name=\"BootPNPInitStartTimeMS\">26</Data>\n<Data Name=\"BootPNPInitDuration\">2331</Data>\n<Data Name=\"OtherKernelInitDuration\">1163</Data>\n<Data Name=\"SystemPNPInitStartTimeMS\">3420</Data>\n<Data Name=\"SystemPNPInitDuration\">630</Data>\n<Data Name=\"SessionInitStartTimeMS\">4124</Data>\n<Data Name=\"Session0InitDuration\">907</Data>\n<Data Name=\"Session1InitDuration\">400</Data>\n<Data Name=\"SessionInitOtherDuration\">3948</Data>\n<Data Name=\"WinLogonStartTimeMS\">9381</Data>\n<Data Name=\"OtherLogonInitActivityDuration\">8355</Data>\n<Data Name=\"UserLogonWaitDuration\">106182</Data>\n</EventData>\n</Event>\n"
  },
  {
    "EventID": 101,
    "Timestamp": "2014-02-06 11:23:53.995808+00:00",
    "Computer": "IACIS-HDD-2014",
    "Channel": "Microsoft-Windows-Diagnostics-Performance/Operational",
    "Level": "Warning",
    "EventData": {
      "StartTime": "2014-02-06 11:20:12.702799+00:00",
      "NameLength": "12",
      "Name": "KeePass.exe",
      "FriendlyNameLength": "8",
      "FriendlyName": "KeePass",
      "VersionLength": "9",
      "Version": "2.24.0.0",
      "TotalTime": "8486",
      "DegradationTime": "3486",
      "PathLength": "59",
      "Path": "C:\\Program Files (x86)\\KeePass Password Safe 2\\KeePass.exe",
      "ProductNameLength": "8",
      "ProductName": "KeePass",
      "CompanyNameLength": "15",
      "CompanyName": "Dominik Reichl"
    },
    "RawXml": "<Event xmlns=\"http://schemas.microsoft.com/win/2004/08/events/event\"><System><Provider Name=\"Microsoft-Windows-Diagnostics-Performance\" Guid=\"{cfc18ec0-96b1-4eba-961b-622caee05b0a}\"></Provider>\n<EventID Qualifiers=\"\">101</EventID>\n<Version>1</Version>\n<Level>3</Level>\n<Task>4002</Task>\n<Opcode>33</Opcode>\n<Keywords>0x8000000000010000</Keywords>\n<TimeCreated SystemTime=\"2014-02-06 11:23:53.995808+00:00\"></TimeCreated>\n<EventRecordID>39</EventRecordID>\n<Correlation ActivityID=\"{02b0fc40-f800-0000-2afb-15672d23cf01}\" RelatedActivityID=\"\"></Correlation>\n<Execution ProcessID=\"1252\" ThreadID=\"2012\"></Execution>\n<Channel>Microsoft-Windows-Diagnostics-Performance/Operational</Channel>\n<Computer>IACIS-HDD-2014</Computer>\n<Security UserID=\"S-1-5-19\"></Security>\n</System>\n<EventData><Data Name=\"StartTime\">2014-02-06 11:20:12.702799+00:00</Data>\n<Data Name=\"NameLength\">12</Data>\n<Data Name=\"Name\">KeePass.exe</Data>\n<Data Name=\"FriendlyNameLength\">8</Data>\n<Data Name=\"FriendlyName\">KeePass</Data>\n<Data Name=\"VersionLength\">9</Data>\n<Data Name=\"Version\">2.24.0.0</Data>\n<Data Name=\"TotalTime\">8486</Data>\n<Data Name=\"DegradationTime\">3486</Data>\n<Data Name=\"PathLength\">59</Data>\n<Data Name=\"Path\">C:\\Program Files (x86)\\KeePass Password Safe 2\\KeePass.exe</Data>\n<Data Name=\"ProductNameLength\">8</Data>\n<Data Name=\"ProductName\">KeePass</Data>\n<Data Name=\"CompanyNameLength\">15</Data>\n<Data Name=\"CompanyName\">Dominik Reichl</Data>\n</EventData>\n</Event>\n"
  },
  {
    "EventID": 101,
    "Timestamp": "2014-02-06 11:23:53.995808+00:00",
    "Computer": "IACIS-HDD-2014",
    "Channel": "Microsoft-Windows-Diagnostics-Performance/Operational",
    "Level": "Warning",
    "EventData": {
      "StartTime": "2014-02-06 11:20:12.702799+00:00",
      "NameLength": "13",
      "Name": "explorer.exe",
      "FriendlyNameLength": "17",
      "FriendlyName": "Windows Explorer",
      "VersionLength": "38",
      "Version": "6.1.7600.16385 (win7_rtm.090713-1255)",
      "TotalTime": "6848",
      "DegradationTime": "1848",
      "PathLength": "24",
      "Path": "C:\\Windows\\explorer.exe",
      "ProductNameLength": "37",
      "ProductName": "Microsoft® Windows® Operating System",
      "CompanyNameLength": "22",
      "CompanyName": "Microsoft Corporation"
    },
    "RawXml": "<Event xmlns=\"http://schemas.microsoft.com/win/2004/08/events/event\"><System><Provider Name=\"Microsoft-Windows-Diagnostics-Performance\" Guid=\"{cfc18ec0-96b1-4eba-961b-622caee05b0a}\"></Provider>\n<EventID Qualifiers=\"\">101</EventID>\n<Version>1</Version>\n<Level>3</Level>\n<Task>4002</Task>\n<Opcode>33</Opcode>\n<Keywords>0x8000000000010000</Keywords>\n<TimeCreated SystemTime=\"2014-02-06 11:23:53.995808+00:00\"></TimeCreated>\n<EventRecordID>40</EventRecordID>\n<Correlation ActivityID=\"{02b0fc40-f800-0000-2afb-15672d23cf01}\" RelatedActivityID=\"\"></Correlation>\n<Execution ProcessID=\"1252\" ThreadID=\"2012\"></Execution>\n<Channel>Microsoft-Windows-Diagnostics-Performance/Operational</Channel>\n<Computer>IACIS-HDD-2014</Computer>\n<Security UserID=\"S-1-5-19\"></Security>\n</System>\n<EventData><Data Name=\"StartTime\">2014-02-06 11:20:12.702799+00:00</Data>\n<Data Name=\"NameLength\">13</Data>\n<Data Name=\"Name\">explorer.exe</Data>\n<Data Name=\"FriendlyNameLength\">17</Data>\n<Data Name=\"FriendlyName\">Windows Explorer</Data>\n<Data Name=\"VersionLength\">38</Data>\n<Data Name=\"Version\">6.1.7600.16385 (win7_rtm.090713-1255)</Data>\n<Data Name=\"TotalTime\">6848</Data>\n<Data Name=\"DegradationTime\">1848</Data>\n<Data Name=\"PathLength\">24</Data>\n<Data Name=\"Path\">C:\\Windows\\explorer.exe</Data>\n<Data Name=\"ProductNameLength\">37</Data>\n<Data Name=\"ProductName\">Microsoft&#174; Windows&#174; Operating System</Data>\n<Data Name=\"CompanyNameLength\">22</Data>\n<Data Name=\"CompanyName\">Microsoft Corporation</Data>\n</EventData>\n</Event>\n"
  },
  {
    "EventID": 100,
    "Timestamp": "2014-02-06 18:56:16.984865+00:00",
    "Computer": "IACIS-HDD-2014",
    "Channel": "Microsoft-Windows-Diagnostics-Performance/Operational",
    "Level": "Critical",
    "EventData": {
      "BootTsVersion": "2",
      "BootStartTime": "2014-02-06 18:53:52.702799+00:00",
      "BootEndTime": "2014-02-06 18:56:13.927259+00:00",
      "SystemBootInstance": "15",
      "UserBootInstance": "5",
      "BootTime": "105334",
      "MainPathBootTime": "23734",
      "BootKernelInitTime": "26",
      "BootDriverInitTime": "580",
      "BootDevicesInitTime": "2476",
      "BootPrefetchInitTime": "31004",
      "BootPrefetchBytes": "154025984",
      "BootAutoChkTime": "0",
      "BootSmssInitTime": "5368",
      "BootCriticalServicesInitTime": "4166",
      "BootUserProfileProcessingTime": "572",
      "BootMachineProfileProcessingTime": "2",
      "BootExplorerInitTime": "3573",
      "BootNumStartupApps": "3",
      "BootPostBootTime": "81600",
      "BootIsRebootAfterInstall": "False",
      "BootRootCauseStepImprovementBits": "0",
      "BootRootCauseGradualImprovementBits": "0",
      "BootRootCauseStepDegradationBits": "0",
      "BootRootCauseGradualDegradationBits": "0",
      "BootIsDegradation": "False",
      "BootIsStepDegradation": "False",
      "BootIsGradualDegradation": "False",
      "BootImprovementDelta": "0",
      "BootDegradationDelta": "0",
      "BootIsRootCauseIdentified": "False",
      "OSLoaderDuration": "2852",
      "BootPNPInitStartTimeMS": "26",
      "BootPNPInitDuration": "2513",
      "OtherKernelInitDuration": "1281",
      "SystemPNPInitStartTimeMS": "3702",
      "SystemPNPInitDuration": "543",
      "SessionInitStartTimeMS": "4339",
      "Session0InitDuration": "923",
      "Session1InitDuration": "174",
      "SessionInitOtherDuration": "4270",
      "WinLogonStartTimeMS": "9707",
      "OtherLogonInitActivityDuration": "9880",
      "UserLogonWaitDuration": "29041"
    },
    "RawXml": "<Event xmlns=\"http://schemas.microsoft.com/win/2004/08/events/event\"><System><Provider Name=\"Microsoft-Windows-Diagnostics-Performance\" Guid=\"{cfc18ec0-96b1-4eba-961b-622caee05b0a}\"></Provider>\n<EventID Qualifiers=\"\">100</EventID>\n<Version>2</Version>\n<Level>1</Level>\n<Task>4002</Task>\n<Opcode>34</Opcode>\n<Keywords>0x8000000000010000</Keywords>\n<TimeCreated SystemTime=\"2014-02-06 18:56:16.984865+00:00\"></TimeCreated>\n<EventRecordID>41</EventRecordID>\n<Correlation ActivityID=\"{02b09c40-f800-0000-2c5d-78c76c23cf01}\" RelatedActivityID=\"\"></Correlation>\n<Execution ProcessID=\"1328\" ThreadID=\"1956\"></Execution>\n<Channel>Microsoft-Windows-Diagnostics-Performance/Operational</Channel>\n<Computer>IACIS-HDD-2014</Computer>\n<Security UserID=\"S-1-5-19\"></Security>\n</System>\n<EventData><Data Name=\"BootTsVersion\">2</Data>\n<Data Name=\"BootStartTime\">2014-02-06 18:53:52.702799+00:00</Data>\n<Data Name=\"BootEndTime\">2014-02-06 18:56:13.927259+00:00</Data>\n<Data Name=\"SystemBootInstance\">15</Data>\n<Data Name=\"UserBootInstance\">5</Data>\n<Data Name=\"BootTime\">105334</Data>\n<Data Name=\"MainPathBootTime\">23734</Data>\n<Data Name=\"BootKernelInitTime\">26</Data>\n<Data Name=\"BootDriverInitTime\">580</Data>\n<Data Name=\"BootDevicesInitTime\">2476</Data>\n<Data Name=\"BootPrefetchInitTime\">31004</Data>\n<Data Name=\"BootPrefetchBytes\">154025984</Data>\n<Data Name=\"BootAutoChkTime\">0</Data>\n<Data Name=\"BootSmssInitTime\">5368</Data>\n<Data Name=\"BootCriticalServicesInitTime\">4166</Data>\n<Data Name=\"BootUserProfileProcessingTime\">572</Data>\n<Data Name=\"BootMachineProfileProcessingTime\">2</Data>\n<Data Name=\"BootExplorerInitTime\">3573</Data>\n<Data Name=\"BootNumStartupApps\">3</Data>\n<Data Name=\"BootPostBootTime\">81600</Data>\n<Data Name=\"BootIsRebootAfterInstall\">False</Data>\n<Data Name=\"BootRootCauseStepImprovementBits\">0</Data>\n<Data Name=\"BootRootCauseGradualImprovementBits\">0</Data>\n<Data Name=\"BootRootCauseStepDegradationBits\">0</Data>\n<Data Name=\"BootRootCauseGradualDegradationBits\">0</Data>\n<Data Name=\"BootIsDegradation\">False</Data>\n<Data Name=\"BootIsStepDegradation\">False</Data>\n<Data Name=\"BootIsGradualDegradation\">False</Data>\n<Data Name=\"BootImprovementDelta\">0</Data>\n<Data Name=\"BootDegradationDelta\">0</Data>\n<Data Name=\"BootIsRootCauseIdentified\">False</Data>\n<Data Name=\"OSLoaderDuration\">2852</Data>\n<Data Name=\"BootPNPInitStartTimeMS\">26</Data>\n<Data Name=\"BootPNPInitDuration\">2513</Data>\n<Data Name=\"OtherKernelInitDuration\">1281</Data>\n<Data Name=\"SystemPNPInitStartTimeMS\">3702</Data>\n<Data Name=\"SystemPNPInitDuration\">543</Data>\n<Data Name=\"SessionInitStartTimeMS\">4339</Data>\n<Data Name=\"Session0InitDuration\">923</Data>\n<Data Name=\"Session1InitDuration\">174</Data>\n<Data Name=\"SessionInitOtherDuration\">4270</Data>\n<Data Name=\"WinLogonStartTimeMS\">9707</Data>\n<Data Name=\"OtherLogonInitActivityDuration\">9880</Data>\n<Data Name=\"UserLogonWaitDuration\">29041</Data>\n</EventData>\n</Event>\n"
  },
  {
    "EventID": 101,
    "Timestamp": "2014-02-06 18:56:16.984865+00:00",
    "Computer": "IACIS-HDD-2014",
    "Channel": "Microsoft-Windows-Diagnostics-Performance/Operational",
    "Level": "Warning",
    "EventData": {
      "StartTime": "2014-02-06 18:53:52.702799+00:00",
      "NameLength": "11",
      "Name": "wlmail.exe",
      "FriendlyNameLength": "18",
      "FriendlyName": "Windows Live Mail",
      "VersionLength": "15",
      "Version": "16.4.3508.0205",
      "TotalTime": "26188",
      "DegradationTime": "21188",
      "PathLength": "52",
      "Path": "C:\\Program Files (x86)\\Windows Live\\Mail\\wlmail.exe",
      "ProductNameLength": "18",
      "ProductName": "Windows Live Mail",
      "CompanyNameLength": "22",
      "CompanyName": "Microsoft Corporation"
    },
    "RawXml": "<Event xmlns=\"http://schemas.microsoft.com/win/2004/08/events/event\"><System><Provider Name=\"Microsoft-Windows-Diagnostics-Performance\" Guid=\"{cfc18ec0-96b1-4eba-961b-622caee05b0a}\"></Provider>\n<EventID Qualifiers=\"\">101</EventID>\n<Version>1</Version>\n<Level>3</Level>\n<Task>4002</Task>\n<Opcode>33</Opcode>\n<Keywords>0x8000000000010000</Keywords>\n<TimeCreated SystemTime=\"2014-02-06 18:56:16.984865+00:00\"></TimeCreated>\n<EventRecordID>42</EventRecordID>\n<Correlation ActivityID=\"{02b09c40-f800-0000-2c5d-78c76c23cf01}\" RelatedActivityID=\"\"></Correlation>\n<Execution ProcessID=\"1328\" ThreadID=\"1956\"></Execution>\n<Channel>Microsoft-Windows-Diagnostics-Performance/Operational</Channel>\n<Computer>IACIS-HDD-2014</Computer>\n<Security UserID=\"S-1-5-19\"></Security>\n</System>\n<EventData><Data Name=\"StartTime\">2014-02-06 18:53:52.702799+00:00</Data>\n<Data Name=\"NameLength\">11</Data>\n<Data Name=\"Name\">wlmail.exe</Data>\n<Data Name=\"FriendlyNameLength\">18</Data>\n<Data Name=\"FriendlyName\">Windows Live Mail</Data>\n<Data Name=\"VersionLength\">15</Data>\n<Data Name=\"Version\">16.4.3508.0205</Data>\n<Data Name=\"TotalTime\">26188</Data>\n<Data Name=\"DegradationTime\">21188</Data>\n<Data Name=\"PathLength\">52</Data>\n<Data Name=\"Path\">C:\\Program Files (x86)\\Windows Live\\Mail\\wlmail.exe</Data>\n<Data Name=\"ProductNameLength\">18</Data>\n<Data Name=\"ProductName\">Windows Live Mail</Data>\n<Data Name=\"CompanyNameLength\">22</Data>\n<Data Name=\"CompanyName\">Microsoft Corporation</Data>\n</EventData>\n</Event>\n"
  },
  {
    "EventID": 101,
    "Timestamp": "2014-02-06 18:56:16.984865+00:00",
    "Computer": "IACIS-HDD-2014",
    "Channel": "Microsoft-Windows-Diagnostics-Performance/Operational",
    "Level": "Warning",
    "EventData": {
      "StartTime": "2014-02-06 18:53:52.702799+00:00",
      "NameLength": "12",
      "Name": "KeePass.exe",
      "FriendlyNameLength": "8",
      "FriendlyName": "KeePass",
      "VersionLength": "9",
      "Version": "2.24.0.0",
      "TotalTime": "9267",
      "DegradationTime": "4267",
      "PathLength": "59",
      "Path": "C:\\Program Files (x86)\\KeePass Password Safe 2\\KeePass.exe",
      "ProductNameLength": "8",
      "ProductName": "KeePass",
      "CompanyNameLength": "15",
      "CompanyName": "Dominik Reichl"
    },
    "RawXml": "<Event xmlns=\"http://schemas.microsoft.com/win/2004/08/events/event\"><System><Provider Name=\"Microsoft-Windows-Diagnostics-Performance\" Guid=\"{cfc18ec0-96b1-4eba-961b-622caee05b0a}\"></Provider>\n<EventID Qualifiers=\"\">101</EventID>\n<Version>1</Version>\n<Level>3</Level>\n<Task>4002</Task>\n<Opcode>33</Opcode>\n<Keywords>0x8000000000010000</Keywords>\n<TimeCreated SystemTime=\"2014-02-06 18:56:16.984865+00:00\"></TimeCreated>\n<EventRecordID>43</EventRecordID>\n<Correlation ActivityID=\"{02b09c40-f800-0000-2c5d-78c76c23cf01}\" RelatedActivityID=\"\"></Correlation>\n<Execution ProcessID=\"1328\" ThreadID=\"1956\"></Execution>\n<Channel>Microsoft-Windows-Diagnostics-Performance/Operational</Channel>\n<Computer>IACIS-HDD-2014</Computer>\n<Security UserID=\"S-1-5-19\"></Security>\n</System>\n<EventData><Data Name=\"StartTime\">2014-02-06 18:53:52.702799+00:00</Data>\n<Data Name=\"NameLength\">12</Data>\n<Data Name=\"Name\">KeePass.exe</Data>\n<Data Name=\"FriendlyNameLength\">8</Data>\n<Data Name=\"FriendlyName\">KeePass</Data>\n<Data Name=\"VersionLength\">9</Data>\n<Data Name=\"Version\">2.24.0.0</Data>\n<Data Name=\"TotalTime\">9267</Data>\n<Data Name=\"DegradationTime\">4267</Data>\n<Data Name=\"PathLength\">59</Data>\n<Data Name=\"Path\">C:\\Program Files (x86)\\KeePass Password Safe 2\\KeePass.exe</Data>\n<Data Name=\"ProductNameLength\">8</Data>\n<Data Name=\"ProductName\">KeePass</Data>\n<Data Name=\"CompanyNameLength\">15</Data>\n<Data Name=\"CompanyName\">Dominik Reichl</Data>\n</EventData>\n</Event>\n"
  },
  {
    "EventID": 100,
    "Timestamp": "2014-02-07 12:37:13.448528+00:00",
    "Computer": "IACIS-HDD-2014",
    "Channel": "Microsoft-Windows-Diagnostics-Performance/Operational",
    "Level": "Error",
    "EventData": {
      "BootTsVersion": "2",
      "BootStartTime": "2014-02-07 12:34:19.687199+00:00",
      "BootEndTime": "2014-02-07 12:37:09.922922+00:00",
      "SystemBootInstance": "16",
      "UserBootInstance": "6",
      "BootTime": "55816",
      "MainPathBootTime": "20616",
      "BootKernelInitTime": "26",
      "BootDriverInitTime": "604",
      "BootDevicesInitTime": "2450",
      "BootPrefetchInitTime": "33872",
      "BootPrefetchBytes": "169734144",
      "BootAutoChkTime": "0",
      "BootSmssInitTime": "5657",
      "BootCriticalServicesInitTime": "4486",
      "BootUserProfileProcessingTime": "627",
      "BootMachineProfileProcessingTime": "28",
      "BootExplorerInitTime": "1560",
      "BootNumStartupApps": "3",
      "BootPostBootTime": "35200",
      "BootIsRebootAfterInstall": "False",
      "BootRootCauseStepImprovementBits": "0",
      "BootRootCauseGradualImprovementBits": "0",
      "BootRootCauseStepDegradationBits": "0",
      "BootRootCauseGradualDegradationBits": "0",
      "BootIsDegradation": "False",
      "BootIsStepDegradation": "False",
      "BootIsGradualDegradation": "False",
      "BootImprovementDelta": "0",
      "BootDegradationDelta": "0",
      "BootIsRootCauseIdentified": "False",
      "OSLoaderDuration": "2852",
      "BootPNPInitStartTimeMS": "26",
      "BootPNPInitDuration": "2487",
      "OtherKernelInitDuration": "1124",
      "SystemPNPInitStartTimeMS": "3520",
      "SystemPNPInitDuration": "567",
      "SessionInitStartTimeMS": "4179",
      "Session0InitDuration": "919",
      "Session1InitDuration": "169",
      "SessionInitOtherDuration": "4568",
      "WinLogonStartTimeMS": "9836",
      "OtherLogonInitActivityDuration": "8563",
      "UserLogonWaitDuration": "59605"
    },
    "RawXml": "<Event xmlns=\"http://schemas.microsoft.com/win/2004/08/events/event\"><System><Provider Name=\"Microsoft-Windows-Diagnostics-Performance\" Guid=\"{cfc18ec0-96b1-4eba-961b-622caee05b0a}\"></Provider>\n<EventID Qualifiers=\"\">100</EventID>\n<Version>2</Version>\n<Level>2</Level>\n<Task>4002</Task>\n<Opcode>34</Opcode>\n<Keywords>0x8000000000010000</Keywords>\n<TimeCreated SystemTime=\"2014-02-07 12:37:13.448528+00:00\"></TimeCreated>\n<EventRecordID>44</EventRecordID>\n<Correlation ActivityID=\"{02b0ac48-f800-0001-4db3-1bec0024cf01}\" RelatedActivityID=\"\"></Correlation>\n<Execution ProcessID=\"1336\" ThreadID=\"1984\"></Execution>\n<Channel>Microsoft-Windows-Diagnostics-Performance/Operational</Channel>\n<Computer>IACIS-HDD-2014</Computer>\n<Security UserID=\"S-1-5-19\"></Security>\n</System>\n<EventData><Data Name=\"BootTsVersion\">2</Data>\n<Data Name=\"BootStartTime\">2014-02-07 12:34:19.687199+00:00</Data>\n<Data Name=\"BootEndTime\">2014-02-07 12:37:09.922922+00:00</Data>\n<Data Name=\"SystemBootInstance\">16</Data>\n<Data Name=\"UserBootInstance\">6</Data>\n<Data Name=\"BootTime\">55816</Data>\n<Data Name=\"MainPathBootTime\">20616</Data>\n<Data Name=\"BootKernelInitTime\">26</Data>\n<Data Name=\"BootDriverInitTime\">604</Data>\n<Data Name=\"BootDevicesInitTime\">2450</Data>\n<Data Name=\"BootPrefetchInitTime\">33872</Data>\n<Data Name=\"BootPrefetchBytes\">169734144</Data>\n<Data Name=\"BootAutoChkTime\">0</Data>\n<Data Name=\"BootSmssInitTime\">5657</Data>\n<Data Name=\"BootCriticalServicesInitTime\">4486</Data>\n<Data Name=\"BootUserProfileProcessingTime\">627</Data>\n<Data Name=\"BootMachineProfileProcessingTime\">28</Data>\n<Data Name=\"BootExplorerInitTime\">1560</Data>\n<Data Name=\"BootNumStartupApps\">3</Data>\n<Data Name=\"BootPostBootTime\">35200</Data>\n<Data Name=\"BootIsRebootAfterInstall\">False</Data>\n<Data Name=\"BootRootCauseStepImprovementBits\">0</Data>\n<Data Name=\"BootRootCauseGradualImprovementBits\">0</Data>\n<Data Name=\"BootRootCauseStepDegradationBits\">0</Data>\n<Data Name=\"BootRootCauseGradualDegradationBits\">0</Data>\n<Data Name=\"BootIsDegradation\">False</Data>\n<Data Name=\"BootIsStepDegradation\">False</Data>\n<Data Name=\"BootIsGradualDegradation\">False</Data>\n<Data Name=\"BootImprovementDelta\">0</Data>\n<Data Name=\"BootDegradationDelta\">0</Data>\n<Data Name=\"BootIsRootCauseIdentified\">False</Data>\n<Data Name=\"OSLoaderDuration\">2852</Data>\n<Data Name=\"BootPNPInitStartTimeMS\">26</Data>\n<Data Name=\"BootPNPInitDuration\">2487</Data>\n<Data Name=\"OtherKernelInitDuration\">1124</Data>\n<Data Name=\"SystemPNPInitStartTimeMS\">3520</Data>\n<Data Name=\"SystemPNPInitDuration\">567</Data>\n<Data Name=\"SessionInitStartTimeMS\">4179</Data>\n<Data Name=\"Session0InitDuration\">919</Data>\n<Data Name=\"Session1InitDuration\">169</Data>\n<Data Name=\"SessionInitOtherDuration\">4568</Data>\n<Data Name=\"WinLogonStartTimeMS\">9836</Data>\n<Data Name=\"OtherLogonInitActivityDuration\">8563</Data>\n<Data Name=\"UserLogonWaitDuration\">59605</Data>\n</EventData>\n</Event>\n"
  },
  {
    "EventID": 200,
    "Timestamp": "2014-02-07 12:37:14.119331+00:00",
    "Computer": "IACIS-HDD-2014",
    "Channel": "Microsoft-Windows-Diagnostics-Performance/Operational",
    "Level": "Warning",
    "EventData": {
      "ShutdownTsVersion": "1",
      "ShutdownStartTime": "2014-02-06 18:57:16.930859+00:00",
      "ShutdownEndTime": "2014-02-06 18:57:32.515398+00:00",
      "ShutdownTime": "15584",
      "ShutdownUserSessionTime": "7267",
      "ShutdownUserPolicyTime": "11",
      "ShutdownUserProfilesTime": "3",
      "ShutdownSystemSessionsTime": "2353",
      "ShutdownPreShutdownNotificationsTime": "403",
      "ShutdownServicesTime": "1764",
      "ShutdownKernelTime": "5963",
      "ShutdownRootCauseStepImprovementBits": "128",
      "ShutdownRootCauseGradualImprovementBits": "128",
      "ShutdownRootCauseStepDegradationBits": "0",
      "ShutdownRootCauseGradualDegradationBits": "0",
      "ShutdownIsDegradation": "False",
      "ShutdownTimeChange": "0"
    },
    "RawXml": "<Event xmlns=\"http://schemas.microsoft.com/win/2004/08/events/event\"><System><Provider Name=\"Microsoft-Windows-Diagnostics-Performance\" Guid=\"{cfc18ec0-96b1-4eba-961b-622caee05b0a}\"></Provider>\n<EventID Qualifiers=\"\">200</EventID>\n<Version>1</Version>\n<Level>3</Level>\n<Task>4007</Task>\n<Opcode>40</Opcode>\n<Keywords>0x8000000000010000</Keywords>\n<TimeCreated SystemTime=\"2014-02-07 12:37:14.119331+00:00\"></TimeCreated>\n<EventRecordID>45</EventRecordID>\n<Correlation ActivityID=\"{02b0ac40-f800-0000-4cb3-1bec0024cf01}\" RelatedActivityID=\"\"></Correlation>\n<Execution ProcessID=\"1336\" ThreadID=\"1956\"></Execution>\n<Channel>Microsoft-Windows-Diagnostics-Performance/Operational</Channel>\n<Computer>IACIS-HDD-2014</Computer>\n<Security UserID=\"S-1-5-19\"></Security>\n</System>\n<EventData><Data Name=\"ShutdownTsVersion\">1</Data>\n<Data Name=\"ShutdownStartTime\">2014-02-06 18:57:16.930859+00:00</Data>\n<Data Name=\"ShutdownEndTime\">2014-02-06 18:57:32.515398+00:00</Data>\n<Data Name=\"ShutdownTime\">15584</Data>\n<Data Name=\"ShutdownUserSessionTime\">7267</Data>\n<Data Name=\"ShutdownUserPolicyTime\">11</Data>\n<Data Name=\"ShutdownUserProfilesTime\">3</Data>\n<Data Name=\"ShutdownSystemSessionsTime\">2353</Data>\n<Data Name=\"ShutdownPreShutdownNotificationsTime\">403</Data>\n<Data Name=\"ShutdownServicesTime\">1764</Data>\n<Data Name=\"ShutdownKernelTime\">5963</Data>\n<Data Name=\"ShutdownRootCauseStepImprovementBits\">128</Data>\n<Data Name=\"ShutdownRootCauseGradualImprovementBits\">128</Data>\n<Data Name=\"ShutdownRootCauseStepDegradationBits\">0</Data>\n<Data Name=\"ShutdownRootCauseGradualDegradationBits\">0</Data>\n<Data Name=\"ShutdownIsDegradation\">False</Data>\n<Data Name=\"ShutdownTimeChange\">0</Data>\n</EventData>\n</Event>\n"
  },
  {
    "EventID": 201,
    "Timestamp": "2014-02-07 12:37:14.119331+00:00",
    "Computer": "IACIS-HDD-2014",
    "Channel": "Microsoft-Windows-Diagnostics-Performance/Operational",
    "Level": "Warning",
    "EventData": {
      "StartTime": "2014-02-06 18:57:16.930859+00:00",
      "NameLength": "11",
      "Name": "wlmail.exe",
      "FriendlyNameLength": "18",
      "FriendlyName": "Windows Live Mail",
      "VersionLength": "15",
      "Version": "16.4.3508.0205",
      "TotalTime": "4084",
      "DegradationTime": "2584",
      "PathLength": "52",
      "Path": "C:\\Program Files (x86)\\Windows Live\\Mail\\wlmail.exe",
      "ProductNameLength": "18",
      "ProductName": "Windows Live Mail",
      "CompanyNameLength": "22",
      "CompanyName": "Microsoft Corporation"
    },
    "RawXml": "<Event xmlns=\"http://schemas.microsoft.com/win/2004/08/events/event\"><System><Provider Name=\"Microsoft-Windows-Diagnostics-Performance\" Guid=\"{cfc18ec0-96b1-4eba-961b-622caee05b0a}\"></Provider>\n<EventID Qualifiers=\"\">201</EventID>\n<Version>1</Version>\n<Level>3</Level>\n<Task>4007</Task>\n<Opcode>41</Opcode>\n<Keywords>0x8000000000010000</Keywords>\n<TimeCreated SystemTime=\"2014-02-07 12:37:14.119331+00:00\"></TimeCreated>\n<EventRecordID>46</EventRecordID>\n<Correlation ActivityID=\"{02b0ac40-f800-0000-4cb3-1bec0024cf01}\" RelatedActivityID=\"\"></Correlation>\n<Execution ProcessID=\"1336\" ThreadID=\"1956\"></Execution>\n<Channel>Microsoft-Windows-Diagnostics-Performance/Operational</Channel>\n<Computer>IACIS-HDD-2014</Computer>\n<Security UserID=\"S-1-5-19\"></Security>\n</System>\n<EventData><Data Name=\"StartTime\">2014-02-06 18:57:16.930859+00:00</Data>\n<Data Name=\"NameLength\">11</Data>\n<Data Name=\"Name\">wlmail.exe</Data>\n<Data Name=\"FriendlyNameLength\">18</Data>\n<Data Name=\"FriendlyName\">Windows Live Mail</Data>\n<Data Name=\"VersionLength\">15</Data>\n<Data Name=\"Version\">16.4.3508.0205</Data>\n<Data Name=\"TotalTime\">4084</Data>\n<Data Name=\"DegradationTime\">2584</Data>\n<Data Name=\"PathLength\">52</Data>\n<Data Name=\"Path\">C:\\Program Files (x86)\\Windows Live\\Mail\\wlmail.exe</Data>\n<Data Name=\"ProductNameLength\">18</Data>\n<Data Name=\"ProductName\">Windows Live Mail</Data>\n<Data Name=\"CompanyNameLength\">22</Data>\n<Data Name=\"CompanyName\">Microsoft Corporation</Data>\n</EventData>\n</Event>\n"
  },
  {
    "EventID": 200,
    "Timestamp": "2014-02-10 14:52:26.995373+00:00",
    "Computer": "IACIS-HDD-2014",
    "Channel": "Microsoft-Windows-Diagnostics-Performance/Operational",
    "Level": "Warning",
    "EventData": {
      "ShutdownTsVersion": "1",
      "ShutdownStartTime": "2014-02-07 17:35:54.145281+00:00",
      "ShutdownEndTime": "2014-02-07 17:36:15.592543+00:00",
      "ShutdownTime": "21447",
      "ShutdownUserSessionTime": "3674",
      "ShutdownUserPolicyTime": "1",
      "ShutdownUserProfilesTime": "502",
      "ShutdownSystemSessionsTime": "6801",
      "ShutdownPreShutdownNotificationsTime": "913",
      "ShutdownServicesTime": "4993",
      "ShutdownKernelTime": "10971",
      "ShutdownRootCauseStepImprovementBits": "0",
      "ShutdownRootCauseGradualImprovementBits": "0",
      "ShutdownRootCauseStepDegradationBits": "0",
      "ShutdownRootCauseGradualDegradationBits": "0",
      "ShutdownIsDegradation": "False",
      "ShutdownTimeChange": "0"
    },
    "RawXml": "<Event xmlns=\"http://schemas.microsoft.com/win/2004/08/events/event\"><System><Provider Name=\"Microsoft-Windows-Diagnostics-Performance\" Guid=\"{cfc18ec0-96b1-4eba-961b-622caee05b0a}\"></Provider>\n<EventID Qualifiers=\"\">200</EventID>\n<Version>1</Version>\n<Level>3</Level>\n<Task>4007</Task>\n<Opcode>40</Opcode>\n<Keywords>0x8000000000010000</Keywords>\n<TimeCreated SystemTime=\"2014-02-10 14:52:26.995373+00:00\"></TimeCreated>\n<EventRecordID>47</EventRecordID>\n<Correlation ActivityID=\"{02ab4c48-f800-0001-2c5c-814b6f26cf01}\" RelatedActivityID=\"\"></Correlation>\n<Execution ProcessID=\"1320\" ThreadID=\"1228\"></Execution>\n<Channel>Microsoft-Windows-Diagnostics-Performance/Operational</Channel>\n<Computer>IACIS-HDD-2014</Computer>\n<Security UserID=\"S-1-5-19\"></Security>\n</System>\n<EventData><Data Name=\"ShutdownTsVersion\">1</Data>\n<Data Name=\"ShutdownStartTime\">2014-02-07 17:35:54.145281+00:00</Data>\n<Data Name=\"ShutdownEndTime\">2014-02-07 17:36:15.592543+00:00</Data>\n<Data Name=\"ShutdownTime\">21447</Data>\n<Data Name=\"ShutdownUserSessionTime\">3674</Data>\n<Data Name=\"ShutdownUserPolicyTime\">1</Data>\n<Data Name=\"ShutdownUserProfilesTime\">502</Data>\n<Data Name=\"ShutdownSystemSessionsTime\">6801</Data>\n<Data Name=\"ShutdownPreShutdownNotificationsTime\">913</Data>\n<Data Name=\"ShutdownServicesTime\">4993</Data>\n<Data Name=\"ShutdownKernelTime\">10971</Data>\n<Data Name=\"ShutdownRootCauseStepImprovementBits\">0</Data>\n<Data Name=\"ShutdownRootCauseGradualImprovementBits\">0</Data>\n<Data Name=\"ShutdownRootCauseStepDegradationBits\">0</Data>\n<Data Name=\"ShutdownRootCauseGradualDegradationBits\">0</Data>\n<Data Name=\"ShutdownIsDegradation\">False</Data>\n<Data Name=\"ShutdownTimeChange\">0</Data>\n</EventData>\n</Event>\n"
  },
  {
    "EventID": 203,
    "Timestamp": "2014-02-10 14:52:26.995373+00:00",
    "Computer": "IACIS-HDD-2014",
    "Channel": "Microsoft-Windows-Diagnostics-Performance/Operational",
    "Level": "Error",
    "EventData": {
      "StartTime": "2014-02-07 17:35:54.145281+00:00",
      "NameLength": "8",
      "Name": "PNRPsvc",
      "FriendlyNameLength": "17",
      "FriendlyName": "PNRP Service Dll",
      "VersionLength": "38",
      "Version": "6.1.7600.16385 (win7_rtm.090713-1255)",
      "TotalTime": "7696",
      "DegradationTime": "3696",
      "PathLength": "32",
      "Path": "C:\\Windows\\system32\\pnrpsvc.dll",
      "ProductNameLength": "37",
      "ProductName": "Microsoft® Windows® Operating System",
      "CompanyNameLength": "22",
      "CompanyName": "Microsoft Corporation"
    },
    "RawXml": "<Event xmlns=\"http://schemas.microsoft.com/win/2004/08/events/event\"><System><Provider Name=\"Microsoft-Windows-Diagnostics-Performance\" Guid=\"{cfc18ec0-96b1-4eba-961b-622caee05b0a}\"></Provider>\n<EventID Qualifiers=\"\">203</EventID>\n<Version>1</Version>\n<Level>2</Level>\n<Task>4007</Task>\n<Opcode>41</Opcode>\n<Keywords>0x8000000000010000</Keywords>\n<TimeCreated SystemTime=\"2014-02-10 14:52:26.995373+00:00\"></TimeCreated>\n<EventRecordID>48</EventRecordID>\n<Correlation ActivityID=\"{02ab4c48-f800-0001-2c5c-814b6f26cf01}\" RelatedActivityID=\"\"></Correlation>\n<Execution ProcessID=\"1320\" ThreadID=\"1228\"></Execution>\n<Channel>Microsoft-Windows-Diagnostics-Performance/Operational</Channel>\n<Computer>IACIS-HDD-2014</Computer>\n<Security UserID=\"S-1-5-19\"></Security>\n</System>\n<EventData><Data Name=\"StartTime\">2014-02-07 17:35:54.145281+00:00</Data>\n<Data Name=\"NameLength\">8</Data>\n<Data Name=\"Name\">PNRPsvc</Data>\n<Data Name=\"FriendlyNameLength\">17</Data>\n<Data Name=\"FriendlyName\">PNRP Service Dll</Data>\n<Data Name=\"VersionLength\">38</Data>\n<Data Name=\"Version\">6.1.7600.16385 (win7_rtm.090713-1255)</Data>\n<Data Name=\"TotalTime\">7696</Data>\n<Data Name=\"DegradationTime\">3696</Data>\n<Data Name=\"PathLength\">32</Data>\n<Data Name=\"Path\">C:\\Windows\\system32\\pnrpsvc.dll</Data>\n<Data Name=\"ProductNameLength\">37</Data>\n<Data Name=\"ProductName\">Microsoft&#174; Windows&#174; Operating System</Data>\n<Data Name=\"CompanyNameLength\">22</Data>\n<Data Name=\"CompanyName\">Microsoft Corporation</Data>\n</EventData>\n</Event>\n"
  },
