  {
    "EventID": 2004,
    "Timestamp": "2014-02-04 15:06:00.186928+00:00",
    "Computer": "IACIS-HDD-2014",
    "Channel": "Microsoft-Windows-Windows Firewall With Advanced Security/Firewall",
    "Level": "Information",
    "EventData": {
      "RuleId": "{619FC6B3-CDB4-4DB5-B925-077E32E209DA}",
      "RuleName": "Windows Communication Foundation Net.TCP Listener Adapter (TCP-In)",
      "Origin": "1",
      "ApplicationPath": "C:\\Windows\\Microsoft.NET\\Framework64\\v4.0.30319\\SMSvcHost.exe",
      "ServiceName": "NetTcpActivator",
      "Direction": "1",
      "Protocol": "6",
      "LocalPorts": "808",
      "RemotePorts": "*",
      "Action": "3",
      "Profiles": "2147483647",
      "LocalAddresses": "*",
      "RemoteAddresses": "*",
      "RemoteMachineAuthorizationList": "",
      "RemoteUserAuthorizationList": "",
      "EmbeddedContext": "@C:\\Windows\\Microsoft.NET\\Framework64\\v4.0.30319\\\\ServiceModelEvents.dll,-2002",
      "Flags": "0",
      "Active": "0",
      "EdgeTraversal": "0",
      "LooseSourceMapped": "0",
      "SecurityOptions": "0",
      "ModifyingUser": "S-1-5-18",
      "ModifyingApplication": "C:\\Windows\\Microsoft.NET\\Framework64\\v4.0.30319\\ServiceModelReg.exe",
      "SchemaVersion": "522",
      "RuleStatus": "65536"
    },
    "RawXml": "<Event xmlns=\"http://schemas.microsoft.com/win/2004/08/events/event\"><System><Provider Name=\"Microsoft-Windows-Windows Firewall With Advanced Security\" Guid=\"{d1bc9aff-2abf-4d71-9146-ecb2a986eb85}\"></Provider>\n<EventID Qualifiers=\"\">2004</EventID>\n<Version>0</Version>\n<Level>4</Level>\n<Task>0</Task>\n<Opcode>0</Opcode>\n<Keywords>0x8000020000000000</Keywords>\n<TimeCreated SystemTime=\"2014-02-04 15:06:00.186928+00:00\"></TimeCreated>\n<EventRecordID>231</EventRecordID>\n<Correlation ActivityID=\"\" RelatedActivityID=\"\"></Correlation>\n<Execution ProcessID=\"1340\" ThreadID=\"3720\"></Execution>\n<Channel>Microsoft-Windows-Windows Firewall With Advanced Security/Firewall</Channel>\n<Computer>IACIS-HDD-2014</Computer>\n<Security UserID=\"S-1-5-19\"></Security>\n</System>\n<EventData><Data Name=\"RuleId\">{619FC6B3-CDB4-4DB5-B925-077E32E209DA}</Data>\n<Data Name=\"RuleName\">Windows Communication Foundation Net.TCP Listener Adapter (TCP-In)</Data>\n<Data Name=\"Origin\">1</Data>\n<Data Name=\"ApplicationPath\">C:\\Windows\\Microsoft.NET\\Framework64\\v4.0.30319\\SMSvcHost.exe</Data>\n<Data Name=\"ServiceName\">NetTcpActivator</Data>\n<Data Name=\"Direction\">1</Data>\n<Data Name=\"Protocol\">6</Data>\n<Data Name=\"LocalPorts\">808</Data>\n<Data Name=\"RemotePorts\">*</Data>\n<Data Name=\"Action\">3</Data>\n<Data Name=\"Profiles\">2147483647</Data>\n<Data Name=\"LocalAddresses\">*</Data>\n<Data Name=\"RemoteAddresses\">*</Data>\n<Data Name=\"RemoteMachineAuthorizationList\"></Data>\n<Data Name=\"RemoteUserAuthorizationList\"></Data>\n<Data Name=\"EmbeddedContext\">@C:\\Windows\\Microsoft.NET\\Framework64\\v4.0.30319\\\\ServiceModelEvents.dll,-2002</Data>\n<Data Name=\"Flags\">0</Data>\n<Data Name=\"Active\">0</Data>\n<Data Name=\"EdgeTraversal\">0</Data>\n<Data Name=\"LooseSourceMapped\">0</Data>\n<Data Name=\"SecurityOptions\">0</Data>\n<Data Name=\"ModifyingUser\">S-1-5-18</Data>\n<Data Name=\"ModifyingApplication\">C:\\Windows\\Microsoft.NET\\Framework64\\v4.0.30319\\ServiceModelReg.exe</Data>\n<Data Name=\"SchemaVersion\">522</Data>\n<Data Name=\"RuleStatus\">65536</Data>\n</EventData>\n</Event>\n"
  },
  {
    "EventID": 2004,
    "Timestamp": "2014-02-04 15:11:54.953888+00:00",
    "Computer": "IACIS-HDD-2014",
    "Channel": "Microsoft-Windows-Windows Firewall With Advanced Security/Firewall",
    "Level": "Information",
    "EventData": {
      "RuleId": "{71775FCE-FAF1-4930-B84D-F0C500ED91F3}",
      "RuleName": "Windows Live Communications Platform",
      "Origin": "1",
      "ApplicationPath": "C:\\Program Files (x86)\\Windows Live\\Contacts\\wlcomm.exe",
      "ServiceName": "",
      "Direction": "1",
      "Protocol": "256",
      "LocalPorts": "",
      "RemotePorts": "",
      "Action": "3",
      "Profiles": "2147483647",
      "LocalAddresses": "*",
      "RemoteAddresses": "*",
      "RemoteMachineAuthorizationList": "",
      "RemoteUserAuthorizationList": "",
      "EmbeddedContext": "",
      "Flags": "9",
      "Active": "1",
      "EdgeTraversal": "1",
      "LooseSourceMapped": "0",
      "SecurityOptions": "0",
      "ModifyingUser": "S-1-5-18",
      "ModifyingApplication": "C:\\Windows\\SysWOW64\\msiexec.exe",
      "SchemaVersion": "522",
      "RuleStatus": "65536"
    },
    "RawXml": "<Event xmlns=\"http://schemas.microsoft.com/win/2004/08/events/event\"><System><Provider Name=\"Microsoft-Windows-Windows Firewall With Advanced Security\" Guid=\"{d1bc9aff-2abf-4d71-9146-ecb2a986eb85}\"></Provider>\n<EventID Qualifiers=\"\">2004</EventID>\n<Version>0</Version>\n<Level>4</Level>\n<Task>0</Task>\n<Opcode>0</Opcode>\n<Keywords>0x8000020000000000</Keywords>\n<TimeCreated SystemTime=\"2014-02-04 15:11:54.953888+00:00\"></TimeCreated>\n<EventRecordID>232</EventRecordID>\n<Correlation ActivityID=\"\" RelatedActivityID=\"\"></Correlation>\n<Execution ProcessID=\"1340\" ThreadID=\"2476\"></Execution>\n<Channel>Microsoft-Windows-Windows Firewall With Advanced Security/Firewall</Channel>\n<Computer>IACIS-HDD-2014</Computer>\n<Security UserID=\"S-1-5-19\"></Security>\n</System>\n<EventData><Data Name=\"RuleId\">{71775FCE-FAF1-4930-B84D-F0C500ED91F3}</Data>\n<Data Name=\"RuleName\">Windows Live Communications Platform</Data>\n<Data Name=\"Origin\">1</Data>\n<Data Name=\"ApplicationPath\">C:\\Program Files (x86)\\Windows Live\\Contacts\\wlcomm.exe</Data>\n<Data Name=\"ServiceName\"></Data>\n<Data Name=\"Direction\">1</Data>\n<Data Name=\"Protocol\">256</Data>\n<Data Name=\"LocalPorts\"></Data>\n<Data Name=\"RemotePorts\"></Data>\n<Data Name=\"Action\">3</Data>\n<Data Name=\"Profiles\">2147483647</Data>\n<Data Name=\"LocalAddresses\">*</Data>\n<Data Name=\"RemoteAddresses\">*</Data>\n<Data Name=\"RemoteMachineAuthorizationList\"></Data>\n<Data Name=\"RemoteUserAuthorizationList\"></Data>\n<Data Name=\"EmbeddedContext\"></Data>\n<Data Name=\"Flags\">9</Data>\n<Data Name=\"Active\">1</Data>\n<Data Name=\"EdgeTraversal\">1</Data>\n<Data Name=\"LooseSourceMapped\">0</Data>\n<Data Name=\"SecurityOptions\">0</Data>\n<Data Name=\"ModifyingUser\">S-1-5-18</Data>\n<Data Name=\"ModifyingApplication\">C:\\Windows\\SysWOW64\\msiexec.exe</Data>\n<Data Name=\"SchemaVersion\">522</Data>\n<Data Name=\"RuleStatus\">65536</Data>\n</EventData>\n</Event>\n"
  },
  {
    "EventID": 2004,
    "Timestamp": "2014-02-04 15:11:55.303888+00:00",
    "Computer": "IACIS-HDD-2014",
    "Channel": "Microsoft-Windows-Windows Firewall With Advanced Security/Firewall",
    "Level": "Information",
    "EventData": {
      "RuleId": "{EFE013C2-F5E9-4602-A5B3-CCB18D335E91}",
      "RuleName": "Windows Live Communications Platform (UPnP)",
      "Origin": "1",
      "ApplicationPath": "",
      "ServiceName": "",
      "Direction": "1",
      "Protocol": "6",
      "LocalPorts": "2869",
      "RemotePorts": "*",
      "Action": "3",
      "Profiles": "2147483647",
      "LocalAddresses": "*",
      "RemoteAddresses": "LocalSubnet",
      "RemoteMachineAuthorizationList": "",
      "RemoteUserAuthorizationList": "",
      "EmbeddedContext": "",
      "Flags": "1",
      "Active": "1",
      "EdgeTraversal": "0",
      "LooseSourceMapped": "0",
      "SecurityOptions": "0",
      "ModifyingUser": "S-1-5-18",
      "ModifyingApplication": "C:\\Windows\\SysWOW64\\msiexec.exe",
      "SchemaVersion": "522",
      "RuleStatus": "65536"
    },
    "RawXml": "<Event xmlns=\"http://schemas.microsoft.com/win/2004/08/events/event\"><System><Provider Name=\"Microsoft-Windows-Windows Firewall With Advanced Security\" Guid=\"{d1bc9aff-2abf-4d71-9146-ecb2a986eb85}\"></Provider>\n<EventID Qualifiers=\"\">2004</EventID>\n<Version>0</Version>\n<Level>4</Level>\n<Task>0</Task>\n<Opcode>0</Opcode>\n<Keywords>0x8000020000000000</Keywords>\n<TimeCreated SystemTime=\"2014-02-04 15:11:55.303888+00:00\"></TimeCreated>\n<EventRecordID>233</EventRecordID>\n<Correlation ActivityID=\"\" RelatedActivityID=\"\"></Correlation>\n<Execution ProcessID=\"1340\" ThreadID=\"2124\"></Execution>\n<Channel>Microsoft-Windows-Windows Firewall With Advanced Security/Firewall</Channel>\n<Computer>IACIS-HDD-2014</Computer>\n<Security UserID=\"S-1-5-19\"></Security>\n</System>\n<EventData><Data Name=\"RuleId\">{EFE013C2-F5E9-4602-A5B3-CCB18D335E91}</Data>\n<Data Name=\"RuleName\">Windows Live Communications Platform (UPnP)</Data>\n<Data Name=\"Origin\">1</Data>\n<Data Name=\"ApplicationPath\"></Data>\n<Data Name=\"ServiceName\"></Data>\n<Data Name=\"Direction\">1</Data>\n<Data Name=\"Protocol\">6</Data>\n<Data Name=\"LocalPorts\">2869</Data>\n<Data Name=\"RemotePorts\">*</Data>\n<Data Name=\"Action\">3</Data>\n<Data Name=\"Profiles\">2147483647</Data>\n<Data Name=\"LocalAddresses\">*</Data>\n<Data Name=\"RemoteAddresses\">LocalSubnet</Data>\n<Data Name=\"RemoteMachineAuthorizationList\"></Data>\n<Data Name=\"RemoteUserAuthorizationList\"></Data>\n<Data Name=\"EmbeddedContext\"></Data>\n<Data Name=\"Flags\">1</Data>\n<Data Name=\"Active\">1</Data>\n<Data Name=\"EdgeTraversal\">0</Data>\n<Data Name=\"LooseSourceMapped\">0</Data>\n<Data Name=\"SecurityOptions\">0</Data>\n<Data Name=\"ModifyingUser\">S-1-5-18</Data>\n<Data Name=\"ModifyingApplication\">C:\\Windows\\SysWOW64\\msiexec.exe</Data>\n<Data Name=\"SchemaVersion\">522</Data>\n<Data Name=\"RuleStatus\">65536</Data>\n</EventData>\n</Event>\n"
  },
  {
    "EventID": 2004,
    "Timestamp": "2014-02-04 15:11:55.443888+00:00",
    "Computer": "IACIS-HDD-2014",
    "Channel": "Microsoft-Windows-Windows Firewall With Advanced Security/Firewall",
    "Level": "Information",
    "EventData": {
      "RuleId": "{2B9B4C09-E55F-4EFA-BF93-672F9495A11C}",
      "RuleName": "Windows Live Communications Platform (SSDP)",
      "Origin": "1",
      "ApplicationPath": "",
      "ServiceName": "",
      "Direction": "1",
      "Protocol": "17",
      "LocalPorts": "1900",
      "RemotePorts": "*",
      "Action": "3",
      "Profiles": "2147483647",
      "LocalAddresses": "*",
      "RemoteAddresses": "LocalSubnet",
      "RemoteMachineAuthorizationList": "",
      "RemoteUserAuthorizationList": "",
      "EmbeddedContext": "",
      "Flags": "1",
      "Active": "1",
      "EdgeTraversal": "0",
      "LooseSourceMapped": "0",
      "SecurityOptions": "0",
      "ModifyingUser": "S-1-5-18",
      "ModifyingApplication": "C:\\Windows\\SysWOW64\\msiexec.exe",
      "SchemaVersion": "522",
      "RuleStatus": "65536"
    },
    "RawXml": "<Event xmlns=\"http://schemas.microsoft.com/win/2004/08/events/event\"><System><Provider Name=\"Microsoft-Windows-Windows Firewall With Advanced Security\" Guid=\"{d1bc9aff-2abf-4d71-9146-ecb2a986eb85}\"></Provider>\n<EventID Qualifiers=\"\">2004</EventID>\n<Version>0</Version>\n<Level>4</Level>\n<Task>0</Task>\n<Opcode>0</Opcode>\n<Keywords>0x8000020000000000</Keywords>\n<TimeCreated SystemTime=\"2014-02-04 15:11:55.443888+00:00\"></TimeCreated>\n<EventRecordID>234</EventRecordID>\n<Correlation ActivityID=\"\" RelatedActivityID=\"\"></Correlation>\n<Execution ProcessID=\"1340\" ThreadID=\"2476\"></Execution>\n<Channel>Microsoft-Windows-Windows Firewall With Advanced Security/Firewall</Channel>\n<Computer>IACIS-HDD-2014</Computer>\n<Security UserID=\"S-1-5-19\"></Security>\n</System>\n<EventData><Data Name=\"RuleId\">{2B9B4C09-E55F-4EFA-BF93-672F9495A11C}</Data>\n<Data Name=\"RuleName\">Windows Live Communications Platform (SSDP)</Data>\n<Data Name=\"Origin\">1</Data>\n<Data Name=\"ApplicationPath\"></Data>\n<Data Name=\"ServiceName\"></Data>\n<Data Name=\"Direction\">1</Data>\n<Data Name=\"Protocol\">17</Data>\n<Data Name=\"LocalPorts\">1900</Data>\n<Data Name=\"RemotePorts\">*</Data>\n<Data Name=\"Action\">3</Data>\n<Data Name=\"Profiles\">2147483647</Data>\n<Data Name=\"LocalAddresses\">*</Data>\n<Data Name=\"RemoteAddresses\">LocalSubnet</Data>\n<Data Name=\"RemoteMachineAuthorizationList\"></Data>\n<Data Name=\"RemoteUserAuthorizationList\"></Data>\n<Data Name=\"EmbeddedContext\"></Data>\n<Data Name=\"Flags\">1</Data>\n<Data Name=\"Active\">1</Data>\n<Data Name=\"EdgeTraversal\">0</Data>\n<Data Name=\"LooseSourceMapped\">0</Data>\n<Data Name=\"SecurityOptions\">0</Data>\n<Data Name=\"ModifyingUser\">S-1-5-18</Data>\n<Data Name=\"ModifyingApplication\">C:\\Windows\\SysWOW64\\msiexec.exe</Data>\n<Data Name=\"SchemaVersion\">522</Data>\n<Data Name=\"RuleStatus\">65536</Data>\n</EventData>\n</Event>\n"
  },
  {
    "EventID": 2002,
    "Timestamp": "2014-02-04 19:18:33.021336+00:00",
    "Computer": "IACIS-HDD-2014",
    "Channel": "Microsoft-Windows-Windows Firewall With Advanced Security/Firewall",
    "Level": "Information",
    "EventData": {
      "SettingType": "2",
      "SettingValueSize": "4",
      "SettingValue": "BAAAAA==",
      "SettingValueDisplay": "Public",
      "Origin": "1",
      "ModifyingUser": "S-1-5-80-3088073201-1464728630-1879813800-1107566885-823218052",
      "ModifyingApplication": ""
    },
    "RawXml": "<Event xmlns=\"http://schemas.microsoft.com/win/2004/08/events/event\"><System><Provider Name=\"Microsoft-Windows-Windows Firewall With Advanced Security\" Guid=\"{d1bc9aff-2abf-4d71-9146-ecb2a986eb85}\"></Provider>\n<EventID Qualifiers=\"\">2002</EventID>\n<Version>0</Version>\n<Level>4</Level>\n<Task>0</Task>\n<Opcode>0</Opcode>\n<Keywords>0x8000000000000000</Keywords>\n<TimeCreated SystemTime=\"2014-02-04 19:18:33.021336+00:00\"></TimeCreated>\n<EventRecordID>235</EventRecordID>\n<Correlation ActivityID=\"\" RelatedActivityID=\"\"></Correlation>\n<Execution ProcessID=\"1340\" ThreadID=\"2884\"></Execution>\n<Channel>Microsoft-Windows-Windows Firewall With Advanced Security/Firewall</Channel>\n<Computer>IACIS-HDD-2014</Computer>\n<Security UserID=\"S-1-5-19\"></Security>\n</System>\n<EventData><Data Name=\"SettingType\">2</Data>\n<Data Name=\"SettingValueSize\">4</Data>\n<Data Name=\"SettingValue\">BAAAAA==</Data>\n<Data Name=\"SettingValueDisplay\">Public</Data>\n<Data Name=\"Origin\">1</Data>\n<Data Name=\"ModifyingUser\">S-1-5-80-3088073201-1464728630-1879813800-1107566885-823218052</Data>\n<Data Name=\"ModifyingApplication\"></Data>\n</EventData>\n</Event>\n"
  },
  {
    "EventID": 2010,
    "Timestamp": "2014-02-04 19:18:33.021336+00:00",
    "Computer": "IACIS-HDD-2014",
    "Channel": "Microsoft-Windows-Windows Firewall With Advanced Security/Firewall",
    "Level": "Information",
    "EventData": {
      "InterfaceGuid": "{78a289b4-f8b9-43c7-8bba-f96e0bbc2185}",
      "InterfaceName": "ethernet_6",
      "OldProfile": "2",
      "NewProfile": "2147483649"
    },
    "RawXml": "<Event xmlns=\"http://schemas.microsoft.com/win/2004/08/events/event\"><System><Provider Name=\"Microsoft-Windows-Windows Firewall With Advanced Security\" Guid=\"{d1bc9aff-2abf-4d71-9146-ecb2a986eb85}\"></Provider>\n<EventID Qualifiers=\"\">2010</EventID>\n<Version>0</Version>\n<Level>4</Level>\n<Task>0</Task>\n<Opcode>0</Opcode>\n<Keywords>0x8000000000000000</Keywords>\n<TimeCreated SystemTime=\"2014-02-04 19:18:33.021336+00:00\"></TimeCreated>\n<EventRecordID>236</EventRecordID>\n<Correlation ActivityID=\"\" RelatedActivityID=\"\"></Correlation>\n<Execution ProcessID=\"1340\" ThreadID=\"2884\"></Execution>\n<Channel>Microsoft-Windows-Windows Firewall With Advanced Security/Firewall</Channel>\n<Computer>IACIS-HDD-2014</Computer>\n<Security UserID=\"S-1-5-19\"></Security>\n</System>\n<EventData><Data Name=\"InterfaceGuid\">{78a289b4-f8b9-43c7-8bba-f96e0bbc2185}</Data>\n<Data Name=\"InterfaceName\">ethernet_6</Data>\n<Data Name=\"OldProfile\">2</Data>\n<Data Name=\"NewProfile\">2147483649</Data>\n</EventData>\n</Event>\n"
  },
  {
    "EventID": 2010,
    "Timestamp": "2014-02-05 13:30:39.204853+00:00",
    "Computer": "IACIS-HDD-2014",
    "Channel": "Microsoft-Windows-Windows Firewall With Advanced Security/Firewall",
    "Level": "Information",
    "EventData": {
      "InterfaceGuid": "{78a289b4-f8b9-43c7-8bba-f96e0bbc2185}",
      "InterfaceName": "ethernet_6",
      "OldProfile": "2147483649",
      "NewProfile": "4"
    },
    "RawXml": "<Event xmlns=\"http://schemas.microsoft.com/win/2004/08/events/event\"><System><Provider Name=\"Microsoft-Windows-Windows Firewall With Advanced Security\" Guid=\"{d1bc9aff-2abf-4d71-9146-ecb2a986eb85}\"></Provider>\n<EventID Qualifiers=\"\">2010</EventID>\n<Version>0</Version>\n<Level>4</Level>\n<Task>0</Task>\n<Opcode>0</Opcode>\n<Keywords>0x8000000000000000</Keywords>\n<TimeCreated SystemTime=\"2014-02-05 13:30:39.204853+00:00\"></TimeCreated>\n<EventRecordID>237</EventRecordID>\n<Correlation ActivityID=\"\" RelatedActivityID=\"\"></Correlation>\n<Execution ProcessID=\"1284\" ThreadID=\"1852\"></Execution>\n<Channel>Microsoft-Windows-Windows Firewall With Advanced Security/Firewall</Channel>\n<Computer>IACIS-HDD-2014</Computer>\n<Security UserID=\"S-1-5-19\"></Security>\n</System>\n<EventData><Data Name=\"InterfaceGuid\">{78a289b4-f8b9-43c7-8bba-f96e0bbc2185}</Data>\n<Data Name=\"InterfaceName\">ethernet_6</Data>\n<Data Name=\"OldProfile\">2147483649</Data>\n<Data Name=\"NewProfile\">4</Data>\n</EventData>\n</Event>\n"
  },
  {
    "EventID": 2002,
    "Timestamp": "2014-02-05 13:30:39.688454+00:00",
    "Computer": "IACIS-HDD-2014",
    "Channel": "Microsoft-Windows-Windows Firewall With Advanced Security/Firewall",
    "Level": "Information",
    "EventData": {
      "SettingType": "2",
      "SettingValueSize": "4",
      "SettingValue": "BgAAAA==",
      "SettingValueDisplay": "Private,Public",
      "Origin": "1",
      "ModifyingUser": "S-1-5-80-3088073201-1464728630-1879813800-1107566885-823218052",
      "ModifyingApplication": ""
    },
    "RawXml": "<Event xmlns=\"http://schemas.microsoft.com/win/2004/08/events/event\"><System><Provider Name=\"Microsoft-Windows-Windows Firewall With Advanced Security\" Guid=\"{d1bc9aff-2abf-4d71-9146-ecb2a986eb85}\"></Provider>\n<EventID Qualifiers=\"\">2002</EventID>\n<Version>0</Version>\n<Level>4</Level>\n<Task>0</Task>\n<Opcode>0</Opcode>\n<Keywords>0x8000000000000000</Keywords>\n<TimeCreated SystemTime=\"2014-02-05 13:30:39.688454+00:00\"></TimeCreated>\n<EventRecordID>238</EventRecordID>\n<Correlation ActivityID=\"\" RelatedActivityID=\"\"></Correlation>\n<Execution ProcessID=\"1284\" ThreadID=\"1852\"></Execution>\n<Channel>Microsoft-Windows-Windows Firewall With Advanced Security/Firewall</Channel>\n<Computer>IACIS-HDD-2014</Computer>\n<Security UserID=\"S-1-5-19\"></Security>\n</System>\n<EventData><Data Name=\"SettingType\">2</Data>\n<Data Name=\"SettingValueSize\">4</Data>\n<Data Name=\"SettingValue\">BgAAAA==</Data>\n<Data Name=\"SettingValueDisplay\">Private,Public</Data>\n<Data Name=\"Origin\">1</Data>\n<Data Name=\"ModifyingUser\">S-1-5-80-3088073201-1464728630-1879813800-1107566885-823218052</Data>\n<Data Name=\"ModifyingApplication\"></Data>\n</EventData>\n</Event>\n"
  },
  {
    "EventID": 2010,
    "Timestamp": "2014-02-05 13:30:39.688454+00:00",
    "Computer": "IACIS-HDD-2014",
    "Channel": "Microsoft-Windows-Windows Firewall With Advanced Security/Firewall",
    "Level": "Information",
    "EventData": {
      "InterfaceGuid": "{78a289b4-f8b9-43c7-8bba-f96e0bbc2185}",
      "InterfaceName": "ethernet_6",
      "OldProfile": "2147483649",
      "NewProfile": "2"
    },
    "RawXml": "<Event xmlns=\"http://schemas.microsoft.com/win/2004/08/events/event\"><System><Provider Name=\"Microsoft-Windows-Windows Firewall With Advanced Security\" Guid=\"{d1bc9aff-2abf-4d71-9146-ecb2a986eb85}\"></Provider>\n<EventID Qualifiers=\"\">2010</EventID>\n<Version>0</Version>\n<Level>4</Level>\n<Task>0</Task>\n<Opcode>0</Opcode>\n<Keywords>0x8000000000000000</Keywords>\n<TimeCreated SystemTime=\"2014-02-05 13:30:39.688454+00:00\"></TimeCreated>\n<EventRecordID>239</EventRecordID>\n<Correlation ActivityID=\"\" RelatedActivityID=\"\"></Correlation>\n<Execution ProcessID=\"1284\" ThreadID=\"1852\"></Execution>\n<Channel>Microsoft-Windows-Windows Firewall With Advanced Security/Firewall</Channel>\n<Computer>IACIS-HDD-2014</Computer>\n<Security UserID=\"S-1-5-19\"></Security>\n</System>\n<EventData><Data Name=\"InterfaceGuid\">{78a289b4-f8b9-43c7-8bba-f96e0bbc2185}</Data>\n<Data Name=\"InterfaceName\">ethernet_6</Data>\n<Data Name=\"OldProfile\">2147483649</Data>\n<Data Name=\"NewProfile\">2</Data>\n</EventData>\n</Event>\n"
  },
  {
    "EventID": 2002,
    "Timestamp": "2014-02-05 13:30:39.735254+00:00",
    "Computer": "IACIS-HDD-2014",
    "Channel": "Microsoft-Windows-Windows Firewall With Advanced Security/Firewall",
    "Level": "Information",
    "EventData": {
      "SettingType": "2",
      "SettingValueSize": "4",
      "SettingValue": "AgAAAA==",
      "SettingValueDisplay": "Private",
      "Origin": "1",
      "ModifyingUser": "S-1-5-80-3088073201-1464728630-1879813800-1107566885-823218052",
      "ModifyingApplication": ""
    },
    "RawXml": "<Event xmlns=\"http://schemas.microsoft.com/win/2004/08/events/event\"><System><Provider Name=\"Microsoft-Windows-Windows Firewall With Advanced Security\" Guid=\"{d1bc9aff-2abf-4d71-9146-ecb2a986eb85}\"></Provider>\n<EventID Qualifiers=\"\">2002</EventID>\n<Version>0</Version>\n<Level>4</Level>\n<Task>0</Task>\n<Opcode>0</Opcode>\n<Keywords>0x8000000000000000</Keywords>\n<TimeCreated SystemTime=\"2014-02-05 13:30:39.735254+00:00\"></TimeCreated>\n<EventRecordID>240</EventRecordID>\n<Correlation ActivityID=\"\" RelatedActivityID=\"\"></Correlation>\n<Execution ProcessID=\"1284\" ThreadID=\"1868\"></Execution>\n<Channel>Microsoft-Windows-Windows Firewall With Advanced Security/Firewall</Channel>\n<Computer>IACIS-HDD-2014</Computer>\n<Security UserID=\"S-1-5-19\"></Security>\n</System>\n<EventData><Data Name=\"SettingType\">2</Data>\n<Data Name=\"SettingValueSize\">4</Data>\n<Data Name=\"SettingValue\">AgAAAA==</Data>\n<Data Name=\"SettingValueDisplay\">Private</Data>\n<Data Name=\"Origin\">1</Data>\n<Data Name=\"ModifyingUser\">S-1-5-80-3088073201-1464728630-1879813800-1107566885-823218052</Data>\n<Data Name=\"ModifyingApplication\"></Data>\n</EventData>\n</Event>\n"
  },
  {
    "EventID": 2010,
    "Timestamp": "2014-02-05 13:30:39.735254+00:00",
    "Computer": "IACIS-HDD-2014",
    "Channel": "Microsoft-Windows-Windows Firewall With Advanced Security/Firewall",
    "Level": "Information",
    "EventData": {
      "InterfaceGuid": "{78a289b4-f8b9-43c7-8bba-f96e0bbc2185}",
      "InterfaceName": "ethernet_6",
      "OldProfile": "4",
      "NewProfile": "2147483649"
    },
    "RawXml": "<Event xmlns=\"http://schemas.microsoft.com/win/2004/08/events/event\"><System><Provider Name=\"Microsoft-Windows-Windows Firewall With Advanced Security\" Guid=\"{d1bc9aff-2abf-4d71-9146-ecb2a986eb85}\"></Provider>\n<EventID Qualifiers=\"\">2010</EventID>\n<Version>0</Version>\n<Level>4</Level>\n<Task>0</Task>\n<Opcode>0</Opcode>\n<Keywords>0x8000000000000000</Keywords>\n<TimeCreated SystemTime=\"2014-02-05 13:30:39.735254+00:00\"></TimeCreated>\n<EventRecordID>241</EventRecordID>\n<Correlation ActivityID=\"\" RelatedActivityID=\"\"></Correlation>\n<Execution ProcessID=\"1284\" ThreadID=\"1868\"></Execution>\n<Channel>Microsoft-Windows-Windows Firewall With Advanced Security/Firewall</Channel>\n<Computer>IACIS-HDD-2014</Computer>\n<Security UserID=\"S-1-5-19\"></Security>\n</System>\n<EventData><Data Name=\"InterfaceGuid\">{78a289b4-f8b9-43c7-8bba-f96e0bbc2185}</Data>\n<Data Name=\"InterfaceName\">ethernet_6</Data>\n<Data Name=\"OldProfile\">4</Data>\n<Data Name=\"NewProfile\">2147483649</Data>\n</EventData>\n</Event>\n"
  },
  {
    "EventID": 2011,
    "Timestamp": "2014-02-05 13:30:42.184458+00:00",
    "Computer": "IACIS-HDD-2014",
    "Channel": "Microsoft-Windows-Windows Firewall With Advanced Security/Firewall",
    "Level": "Information",
    "EventData": {
      "ReasonCode": "1",
      "ApplicationPath": "C:\\windows\\system32\\lsass.exe",
      "IPVersion": "0",
      "Protocol": "6",
      "Port": "49156",
      "ProcessId": "512",
      "ModifyingUser": "S-1-5-18"
    },
    "RawXml": "<Event xmlns=\"http://schemas.microsoft.com/win/2004/08/events/event\"><System><Provider Name=\"Microsoft-Windows-Windows Firewall With Advanced Security\" Guid=\"{d1bc9aff-2abf-4d71-9146-ecb2a986eb85}\"></Provider>\n<EventID Qualifiers=\"\">2011</EventID>\n<Version>0</Version>\n<Level>4</Level>\n<Task>0</Task>\n<Opcode>0</Opcode>\n<Keywords>0x8000000000000000</Keywords>\n<TimeCreated SystemTime=\"2014-02-05 13:30:42.184458+00:00\"></TimeCreated>\n<EventRecordID>242</EventRecordID>\n<Correlation ActivityID=\"\" RelatedActivityID=\"\"></Correlation>\n<Execution ProcessID=\"1284\" ThreadID=\"1336\"></Execution>\n<Channel>Microsoft-Windows-Windows Firewall With Advanced Security/Firewall</Channel>\n<Computer>IACIS-HDD-2014</Computer>\n<Security UserID=\"S-1-5-19\"></Security>\n</System>\n<EventData><Data Name=\"ReasonCode\">1</Data>\n<Data Name=\"ApplicationPath\">C:\\windows\\system32\\lsass.exe</Data>\n<Data Name=\"IPVersion\">0</Data>\n<Data Name=\"Protocol\">6</Data>\n<Data Name=\"Port\">49156</Data>\n<Data Name=\"ProcessId\">512</Data>\n<Data Name=\"ModifyingUser\">S-1-5-18</Data>\n</EventData>\n</Event>\n"
  },
  {
    "EventID": 2005,
    "Timestamp": "2014-02-05 13:47:11.550198+00:00",
    "Computer": "IACIS-HDD-2014",
    "Channel": "Microsoft-Windows-Windows Firewall With Advanced Security/Firewall",
    "Level": "Information",
    "EventData": {
      "RuleId": "{619FC6B3-CDB4-4DB5-B925-077E32E209DA}",
      "RuleName": "Windows Communication Foundation Net.TCP Listener Adapter (TCP-In)",
      "Origin": "1",
      "ApplicationPath": "C:\\Windows\\Microsoft.NET\\Framework64\\v4.0.30319\\SMSvcHost.exe",
      "ServiceName": "NetTcpActivator",
      "Direction": "1",
      "Protocol": "6",
      "LocalPorts": "808",
      "RemotePorts": "*",
      "Action": "3",
      "Profiles": "2147483647",
      "LocalAddresses": "*",
      "RemoteAddresses": "*",
      "RemoteMachineAuthorizationList": "",
      "RemoteUserAuthorizationList": "",
      "EmbeddedContext": "@C:\\Windows\\Microsoft.NET\\Framework64\\v4.0.30319\\\\ServiceModelEvents.dll,-2002",
      "Flags": "0",
      "Active": "0",
      "EdgeTraversal": "0",
      "LooseSourceMapped": "0",
      "SecurityOptions": "0",
      "ModifyingUser": "S-1-5-18",
      "ModifyingApplication": "C:\\Windows\\Microsoft.NET\\Framework64\\v4.0.30319\\ServiceModelReg.exe",
      "SchemaVersion": "522",
      "RuleStatus": "65536"
    },
    "RawXml": "<Event xmlns=\"http://schemas.microsoft.com/win/2004/08/events/event\"><System><Provider Name=\"Microsoft-Windows-Windows Firewall With Advanced Security\" Guid=\"{d1bc9aff-2abf-4d71-9146-ecb2a986eb85}\"></Provider>\n<EventID Qualifiers=\"\">2005</EventID>\n<Version>0</Version>\n<Level>4</Level>\n<Task>0</Task>\n<Opcode>0</Opcode>\n<Keywords>0x8000020000000000</Keywords>\n<TimeCreated SystemTime=\"2014-02-05 13:47:11.550198+00:00\"></TimeCreated>\n<EventRecordID>243</EventRecordID>\n<Correlation ActivityID=\"\" RelatedActivityID=\"\"></Correlation>\n<Execution ProcessID=\"1284\" ThreadID=\"3776\"></Execution>\n<Channel>Microsoft-Windows-Windows Firewall With Advanced Security/Firewall</Channel>\n<Computer>IACIS-HDD-2014</Computer>\n<Security UserID=\"S-1-5-19\"></Security>\n</System>\n<EventData><Data Name=\"RuleId\">{619FC6B3-CDB4-4DB5-B925-077E32E209DA}</Data>\n<Data Name=\"RuleName\">Windows Communication Foundation Net.TCP Listener Adapter (TCP-In)</Data>\n<Data Name=\"Origin\">1</Data>\n<Data Name=\"ApplicationPath\">C:\\Windows\\Microsoft.NET\\Framework64\\v4.0.30319\\SMSvcHost.exe</Data>\n<Data Name=\"ServiceName\">NetTcpActivator</Data>\n<Data Name=\"Direction\">1</Data>\n<Data Name=\"Protocol\">6</Data>\n<Data Name=\"LocalPorts\">808</Data>\n<Data Name=\"RemotePorts\">*</Data>\n<Data Name=\"Action\">3</Data>\n<Data Name=\"Profiles\">2147483647</Data>\n<Data Name=\"LocalAddresses\">*</Data>\n<Data Name=\"RemoteAddresses\">*</Data>\n<Data Name=\"RemoteMachineAuthorizationList\"></Data>\n<Data Name=\"RemoteUserAuthorizationList\"></Data>\n<Data Name=\"EmbeddedContext\">@C:\\Windows\\Microsoft.NET\\Framework64\\v4.0.30319\\\\ServiceModelEvents.dll,-2002</Data>\n<Data Name=\"Flags\">0</Data>\n<Data Name=\"Active\">0</Data>\n<Data Name=\"EdgeTraversal\">0</Data>\n<Data Name=\"LooseSourceMapped\">0</Data>\n<Data Name=\"SecurityOptions\">0</Data>\n<Data Name=\"ModifyingUser\">S-1-5-18</Data>\n<Data Name=\"ModifyingApplication\">C:\\Windows\\Microsoft.NET\\Framework64\\v4.0.30319\\ServiceModelReg.exe</Data>\n<Data Name=\"SchemaVersion\">522</Data>\n<Data Name=\"RuleStatus\">65536</Data>\n</EventData>\n</Event>\n"
  },
  {
    "EventID": 2005,
    "Timestamp": "2014-02-05 13:47:11.550198+00:00",
    "Computer": "IACIS-HDD-2014",
    "Channel": "Microsoft-Windows-Windows Firewall With Advanced Security/Firewall",
    "Level": "Information",
    "EventData": {
      "RuleId": "{619FC6B3-CDB4-4DB5-B925-077E32E209DA}",
      "RuleName": "Windows Communication Foundation Net.TCP Listener Adapter (TCP-In)",
      "Origin": "1",
      "ApplicationPath": "C:\\Windows\\Microsoft.NET\\Framework64\\v4.0.30319\\SMSvcHost.exe",
      "ServiceName": "NetTcpActivator",
      "Direction": "1",
      "Protocol": "6",
      "LocalPorts": "808",
      "RemotePorts": "*",
      "Action": "3",
      "Profiles": "2147483647",
      "LocalAddresses": "*",
      "RemoteAddresses": "*",
      "RemoteMachineAuthorizationList": "",
      "RemoteUserAuthorizationList": "",
      "EmbeddedContext": "@C:\\Windows\\Microsoft.NET\\Framework64\\v4.0.30319\\\\ServiceModelEvents.dll,-2002",
      "Flags": "0",
      "Active": "0",
      "EdgeTraversal": "0",
      "LooseSourceMapped": "0",
      "SecurityOptions": "0",
      "ModifyingUser": "S-1-5-18",
      "ModifyingApplication": "C:\\Windows\\Microsoft.NET\\Framework64\\v4.0.30319\\ServiceModelReg.exe",
      "SchemaVersion": "522",
      "RuleStatus": "65536"
    },
    "RawXml": "<Event xmlns=\"http://schemas.microsoft.com/win/2004/08/events/event\"><System><Provider Name=\"Microsoft-Windows-Windows Firewall With Advanced Security\" Guid=\"{d1bc9aff-2abf-4d71-9146-ecb2a986eb85}\"></Provider>\n<EventID Qualifiers=\"\">2005</EventID>\n<Version>0</Version>\n<Level>4</Level>\n<Task>0</Task>\n<Opcode>0</Opcode>\n<Keywords>0x8000020000000000</Keywords>\n<TimeCreated SystemTime=\"2014-02-05 13:47:11.550198+00:00\"></TimeCreated>\n<EventRecordID>244</EventRecordID>\n<Correlation ActivityID=\"\" RelatedActivityID=\"\"></Correlation>\n<Execution ProcessID=\"1284\" ThreadID=\"3776\"></Execution>\n<Channel>Microsoft-Windows-Windows Firewall With Advanced Security/Firewall</Channel>\n<Computer>IACIS-HDD-2014</Computer>\n<Security UserID=\"S-1-5-19\"></Security>\n</System>\n<EventData><Data Name=\"RuleId\">{619FC6B3-CDB4-4DB5-B925-077E32E209DA}</Data>\n<Data Name=\"RuleName\">Windows Communication Foundation Net.TCP Listener Adapter (TCP-In)</Data>\n<Data Name=\"Origin\">1</Data>\n<Data Name=\"ApplicationPath\">C:\\Windows\\Microsoft.NET\\Framework64\\v4.0.30319\\SMSvcHost.exe</Data>\n<Data Name=\"ServiceName\">NetTcpActivator</Data>\n<Data Name=\"Direction\">1</Data>\n<Data Name=\"Protocol\">6</Data>\n<Data Name=\"LocalPorts\">808</Data>\n<Data Name=\"RemotePorts\">*</Data>\n<Data Name=\"Action\">3</Data>\n<Data Name=\"Profiles\">2147483647</Data>\n<Data Name=\"LocalAddresses\">*</Data>\n<Data Name=\"RemoteAddresses\">*</Data>\n<Data Name=\"RemoteMachineAuthorizationList\"></Data>\n<Data Name=\"RemoteUserAuthorizationList\"></Data>\n<Data Name=\"EmbeddedContext\">@C:\\Windows\\Microsoft.NET\\Framework64\\v4.0.30319\\\\ServiceModelEvents.dll,-2002</Data>\n<Data Name=\"Flags\">0</Data>\n<Data Name=\"Active\">0</Data>\n<Data Name=\"EdgeTraversal\">0</Data>\n<Data Name=\"LooseSourceMapped\">0</Data>\n<Data Name=\"SecurityOptions\">0</Data>\n<Data Name=\"ModifyingUser\">S-1-5-18</Data>\n<Data Name=\"ModifyingApplication\">C:\\Windows\\Microsoft.NET\\Framework64\\v4.0.30319\\ServiceModelReg.exe</Data>\n<Data Name=\"SchemaVersion\">522</Data>\n<Data Name=\"RuleStatus\">65536</Data>\n</EventData>\n</Event>\n"
  },
  {
    "EventID": 2005,
    "Timestamp": "2014-02-05 13:47:11.550198+00:00",
    "Computer": "IACIS-HDD-2014",
    "Channel": "Microsoft-Windows-Windows Firewall With Advanced Security/Firewall",
    "Level": "Information",
    "EventData": {
      "RuleId": "{619FC6B3-CDB4-4DB5-B925-077E32E209DA}",
      "RuleName": "Windows Communication Foundation Net.TCP Listener Adapter (TCP-In)",
      "Origin": "1",
      "ApplicationPath": "C:\\Windows\\Microsoft.NET\\Framework64\\v4.0.30319\\SMSvcHost.exe",
      "ServiceName": "NetTcpActivator",
      "Direction": "1",
      "Protocol": "6",
      "LocalPorts": "808",
      "RemotePorts": "*",
      "Action": "3",
      "Profiles": "2147483647",
      "LocalAddresses": "*",
      "RemoteAddresses": "*",
      "RemoteMachineAuthorizationList": "",
      "RemoteUserAuthorizationList": "",
      "EmbeddedContext": "@C:\\Windows\\Microsoft.NET\\Framework64\\v4.0.30319\\\\ServiceModelEvents.dll,-2002",
      "Flags": "0",
      "Active": "0",
      "EdgeTraversal": "0",
      "LooseSourceMapped": "0",
      "SecurityOptions": "0",
      "ModifyingUser": "S-1-5-18",
      "ModifyingApplication": "C:\\Windows\\Microsoft.NET\\Framework64\\v4.0.30319\\ServiceModelReg.exe",
      "SchemaVersion": "522",
      "RuleStatus": "65536"
    },
    "RawXml": "<Event xmlns=\"http://schemas.microsoft.com/win/2004/08/events/event\"><System><Provider Name=\"Microsoft-Windows-Windows Firewall With Advanced Security\" Guid=\"{d1bc9aff-2abf-4d71-9146-ecb2a986eb85}\"></Provider>\n<EventID Qualifiers=\"\">2005</EventID>\n<Version>0</Version>\n<Level>4</Level>\n<Task>0</Task>\n<Opcode>0</Opcode>\n<Keywords>0x8000020000000000</Keywords>\n<TimeCreated SystemTime=\"2014-02-05 13:47:11.550198+00:00\"></TimeCreated>\n<EventRecordID>245</EventRecordID>\n<Correlation ActivityID=\"\" RelatedActivityID=\"\"></Correlation>\n<Execution ProcessID=\"1284\" ThreadID=\"3776\"></Execution>\n<Channel>Microsoft-Windows-Windows Firewall With Advanced Security/Firewall</Channel>\n<Computer>IACIS-HDD-2014</Computer>\n<Security UserID=\"S-1-5-19\"></Security>\n</System>\n<EventData><Data Name=\"RuleId\">{619FC6B3-CDB4-4DB5-B925-077E32E209DA}</Data>\n<Data Name=\"RuleName\">Windows Communication Foundation Net.TCP Listener Adapter (TCP-In)</Data>\n<Data Name=\"Origin\">1</Data>\n<Data Name=\"ApplicationPath\">C:\\Windows\\Microsoft.NET\\Framework64\\v4.0.30319\\SMSvcHost.exe</Data>\n<Data Name=\"ServiceName\">NetTcpActivator</Data>\n<Data Name=\"Direction\">1</Data>\n<Data Name=\"Protocol\">6</Data>\n<Data Name=\"LocalPorts\">808</Data>\n<Data Name=\"RemotePorts\">*</Data>\n<Data Name=\"Action\">3</Data>\n<Data Name=\"Profiles\">2147483647</Data>\n<Data Name=\"LocalAddresses\">*</Data>\n<Data Name=\"RemoteAddresses\">*</Data>\n<Data Name=\"RemoteMachineAuthorizationList\"></Data>\n<Data Name=\"RemoteUserAuthorizationList\"></Data>\n<Data Name=\"EmbeddedContext\">@C:\\Windows\\Microsoft.NET\\Framework64\\v4.0.30319\\\\ServiceModelEvents.dll,-2002</Data>\n<Data Name=\"Flags\">0</Data>\n<Data Name=\"Active\">0</Data>\n<Data Name=\"EdgeTraversal\">0</Data>\n<Data Name=\"LooseSourceMapped\">0</Data>\n<Data Name=\"SecurityOptions\">0</Data>\n<Data Name=\"ModifyingUser\">S-1-5-18</Data>\n<Data Name=\"ModifyingApplication\">C:\\Windows\\Microsoft.NET\\Framework64\\v4.0.30319\\ServiceModelReg.exe</Data>\n<Data Name=\"SchemaVersion\">522</Data>\n<Data Name=\"RuleStatus\">65536</Data>\n</EventData>\n</Event>\n"
  },
  {
    "EventID": 2005,
    "Timestamp": "2014-02-05 13:47:11.550198+00:00",
    "Computer": "IACIS-HDD-2014",
    "Channel": "Microsoft-Windows-Windows Firewall With Advanced Security/Firewall",
    "Level": "Information",
    "EventData": {
      "RuleId": "{619FC6B3-CDB4-4DB5-B925-077E32E209DA}",
      "RuleName": "Windows Communication Foundation Net.TCP Listener Adapter (TCP-In)",
      "Origin": "1",
      "ApplicationPath": "C:\\Windows\\Microsoft.NET\\Framework64\\v4.0.30319\\SMSvcHost.exe",
      "ServiceName": "NetTcpActivator",
      "Direction": "1",
      "Protocol": "6",
      "LocalPorts": "808",
      "RemotePorts": "*",
      "Action": "3",
      "Profiles": "2147483647",
      "LocalAddresses": "*",
      "RemoteAddresses": "*",
      "RemoteMachineAuthorizationList": "",
      "RemoteUserAuthorizationList": "",
      "EmbeddedContext": "@C:\\Windows\\Microsoft.NET\\Framework64\\v4.0.30319\\\\ServiceModelEvents.dll,-2002",
      "Flags": "0",
      "Active": "0",
      "EdgeTraversal": "0",
      "LooseSourceMapped": "0",
      "SecurityOptions": "0",
      "ModifyingUser": "S-1-5-18",
      "ModifyingApplication": "C:\\Windows\\Microsoft.NET\\Framework64\\v4.0.30319\\ServiceModelReg.exe",
      "SchemaVersion": "522",
      "RuleStatus": "65536"
    },
    "RawXml": "<Event xmlns=\"http://schemas.microsoft.com/win/2004/08/events/event\"><System><Provider Name=\"Microsoft-Windows-Windows Firewall With Advanced Security\" Guid=\"{d1bc9aff-2abf-4d71-9146-ecb2a986eb85}\"></Provider>\n<EventID Qualifiers=\"\">2005</EventID>\n<Version>0</Version>\n<Level>4</Level>\n<Task>0</Task>\n<Opcode>0</Opcode>\n<Keywords>0x8000020000000000</Keywords>\n<TimeCreated SystemTime=\"2014-02-05 13:47:11.550198+00:00\"></TimeCreated>\n<EventRecordID>246</EventRecordID>\n<Correlation ActivityID=\"\" RelatedActivityID=\"\"></Correlation>\n<Execution ProcessID=\"1284\" ThreadID=\"3776\"></Execution>\n<Channel>Microsoft-Windows-Windows Firewall With Advanced Security/Firewall</Channel>\n<Computer>IACIS-HDD-2014</Computer>\n<Security UserID=\"S-1-5-19\"></Security>\n</System>\n<EventData><Data Name=\"RuleId\">{619FC6B3-CDB4-4DB5-B925-077E32E209DA}</Data>\n<Data Name=\"RuleName\">Windows Communication Foundation Net.TCP Listener Adapter (TCP-In)</Data>\n<Data Name=\"Origin\">1</Data>\n<Data Name=\"ApplicationPath\">C:\\Windows\\Microsoft.NET\\Framework64\\v4.0.30319\\SMSvcHost.exe</Data>\n<Data Name=\"ServiceName\">NetTcpActivator</Data>\n<Data Name=\"Direction\">1</Data>\n<Data Name=\"Protocol\">6</Data>\n<Data Name=\"LocalPorts\">808</Data>\n<Data Name=\"RemotePorts\">*</Data>\n<Data Name=\"Action\">3</Data>\n<Data Name=\"Profiles\">2147483647</Data>\n<Data Name=\"LocalAddresses\">*</Data>\n<Data Name=\"RemoteAddresses\">*</Data>\n<Data Name=\"RemoteMachineAuthorizationList\"></Data>\n<Data Name=\"RemoteUserAuthorizationList\"></Data>\n<Data Name=\"EmbeddedContext\">@C:\\Windows\\Microsoft.NET\\Framework64\\v4.0.30319\\\\ServiceModelEvents.dll,-2002</Data>\n<Data Name=\"Flags\">0</Data>\n<Data Name=\"Active\">0</Data>\n<Data Name=\"EdgeTraversal\">0</Data>\n<Data Name=\"LooseSourceMapped\">0</Data>\n<Data Name=\"SecurityOptions\">0</Data>\n<Data Name=\"ModifyingUser\">S-1-5-18</Data>\n<Data Name=\"ModifyingApplication\">C:\\Windows\\Microsoft.NET\\Framework64\\v4.0.30319\\ServiceModelReg.exe</Data>\n<Data Name=\"SchemaVersion\">522</Data>\n<Data Name=\"RuleStatus\">65536</Data>\n</EventData>\n</Event>\n"
  },
  {
    "EventID": 2005,
    "Timestamp": "2014-02-05 13:47:11.565798+00:00",
    "Computer": "IACIS-HDD-2014",
    "Channel": "Microsoft-Windows-Windows Firewall With Advanced Security/Firewall",
    "Level": "Information",
    "EventData": {
      "RuleId": "{619FC6B3-CDB4-4DB5-B925-077E32E209DA}",
      "RuleName": "Windows Communication Foundation Net.TCP Listener Adapter (TCP-In)",
      "Origin": "1",
      "ApplicationPath": "C:\\Windows\\Microsoft.NET\\Framework64\\v4.0.30319\\SMSvcHost.exe",
      "ServiceName": "NetTcpActivator",
      "Direction": "1",
      "Protocol": "6",
      "LocalPorts": "808",
      "RemotePorts": "*",
      "Action": "3",
      "Profiles": "2147483647",
      "LocalAddresses": "*",
      "RemoteAddresses": "*",
      "RemoteMachineAuthorizationList": "",
      "RemoteUserAuthorizationList": "",
      "EmbeddedContext": "@C:\\Windows\\Microsoft.NET\\Framework64\\v4.0.30319\\\\ServiceModelEvents.dll,-2002",
      "Flags": "0",
      "Active": "0",
      "EdgeTraversal": "0",
      "LooseSourceMapped": "0",
      "SecurityOptions": "0",
      "ModifyingUser": "S-1-5-18",
      "ModifyingApplication": "C:\\Windows\\Microsoft.NET\\Framework64\\v4.0.30319\\ServiceModelReg.exe",
      "SchemaVersion": "522",
      "RuleStatus": "65536"
    },
    "RawXml": "<Event xmlns=\"http://schemas.microsoft.com/win/2004/08/events/event\"><System><Provider Name=\"Microsoft-Windows-Windows Firewall With Advanced Security\" Guid=\"{d1bc9aff-2abf-4d71-9146-ecb2a986eb85}\"></Provider>\n<EventID Qualifiers=\"\">2005</EventID>\n<Version>0</Version>\n<Level>4</Level>\n<Task>0</Task>\n<Opcode>0</Opcode>\n<Keywords>0x8000020000000000</Keywords>\n<TimeCreated SystemTime=\"2014-02-05 13:47:11.565798+00:00\"></TimeCreated>\n<EventRecordID>247</EventRecordID>\n<Correlation ActivityID=\"\" RelatedActivityID=\"\"></Correlation>\n<Execution ProcessID=\"1284\" ThreadID=\"3776\"></Execution>\n<Channel>Microsoft-Windows-Windows Firewall With Advanced Security/Firewall</Channel>\n<Computer>IACIS-HDD-2014</Computer>\n<Security UserID=\"S-1-5-19\"></Security>\n</System>\n<EventData><Data Name=\"RuleId\">{619FC6B3-CDB4-4DB5-B925-077E32E209DA}</Data>\n<Data Name=\"RuleName\">Windows Communication Foundation Net.TCP Listener Adapter (TCP-In)</Data>\n<Data Name=\"Origin\">1</Data>\n<Data Name=\"ApplicationPath\">C:\\Windows\\Microsoft.NET\\Framework64\\v4.0.30319\\SMSvcHost.exe</Data>\n<Data Name=\"ServiceName\">NetTcpActivator</Data>\n<Data Name=\"Direction\">1</Data>\n<Data Name=\"Protocol\">6</Data>\n<Data Name=\"LocalPorts\">808</Data>\n<Data Name=\"RemotePorts\">*</Data>\n<Data Name=\"Action\">3</Data>\n<Data Name=\"Profiles\">2147483647</Data>\n<Data Name=\"LocalAddresses\">*</Data>\n<Data Name=\"RemoteAddresses\">*</Data>\n<Data Name=\"RemoteMachineAuthorizationList\"></Data>\n<Data Name=\"RemoteUserAuthorizationList\"></Data>\n<Data Name=\"EmbeddedContext\">@C:\\Windows\\Microsoft.NET\\Framework64\\v4.0.30319\\\\ServiceModelEvents.dll,-2002</Data>\n<Data Name=\"Flags\">0</Data>\n<Data Name=\"Active\">0</Data>\n<Data Name=\"EdgeTraversal\">0</Data>\n<Data Name=\"LooseSourceMapped\">0</Data>\n<Data Name=\"SecurityOptions\">0</Data>\n<Data Name=\"ModifyingUser\">S-1-5-18</Data>\n<Data Name=\"ModifyingApplication\">C:\\Windows\\Microsoft.NET\\Framework64\\v4.0.30319\\ServiceModelReg.exe</Data>\n<Data Name=\"SchemaVersion\">522</Data>\n<Data Name=\"RuleStatus\">65536</Data>\n</EventData>\n</Event>\n"
  },
  {
    "EventID": 2005,
    "Timestamp": "2014-02-05 13:47:11.565798+00:00",
    "Computer": "IACIS-HDD-2014",
    "Channel": "Microsoft-Windows-Windows Firewall With Advanced Security/Firewall",
    "Level": "Information",
    "EventData": {
      "RuleId": "{619FC6B3-CDB4-4DB5-B925-077E32E209DA}",
      "RuleName": "Windows Communication Foundation Net.TCP Listener Adapter (TCP-In)",
      "Origin": "1",
      "ApplicationPath": "C:\\Windows\\Microsoft.NET\\Framework64\\v4.0.30319\\SMSvcHost.exe",
      "ServiceName": "NetTcpActivator",
      "Direction": "1",
      "Protocol": "6",
      "LocalPorts": "808",
      "RemotePorts": "*",
      "Action": "3",
      "Profiles": "2147483647",
      "LocalAddresses": "*",
      "RemoteAddresses": "*",
      "RemoteMachineAuthorizationList": "",
      "RemoteUserAuthorizationList": "",
      "EmbeddedContext": "@C:\\Windows\\Microsoft.NET\\Framework64\\v4.0.30319\\\\ServiceModelEvents.dll,-2002",
      "Flags": "0",
      "Active": "0",
      "EdgeTraversal": "0",
      "LooseSourceMapped": "0",
      "SecurityOptions": "0",
      "ModifyingUser": "S-1-5-18",
      "ModifyingApplication": "C:\\Windows\\Microsoft.NET\\Framework64\\v4.0.30319\\ServiceModelReg.exe",
      "SchemaVersion": "522",
      "RuleStatus": "65536"
    },
    "RawXml": "<Event xmlns=\"http://schemas.microsoft.com/win/2004/08/events/event\"><System><Provider Name=\"Microsoft-Windows-Windows Firewall With Advanced Security\" Guid=\"{d1bc9aff-2abf-4d71-9146-ecb2a986eb85}\"></Provider>\n<EventID Qualifiers=\"\">2005</EventID>\n<Version>0</Version>\n<Level>4</Level>\n<Task>0</Task>\n<Opcode>0</Opcode>\n<Keywords>0x8000020000000000</Keywords>\n<TimeCreated SystemTime=\"2014-02-05 13:47:11.565798+00:00\"></TimeCreated>\n<EventRecordID>248</EventRecordID>\n<Correlation ActivityID=\"\" RelatedActivityID=\"\"></Correlation>\n<Execution ProcessID=\"1284\" ThreadID=\"3776\"></Execution>\n<Channel>Microsoft-Windows-Windows Firewall With Advanced Security/Firewall</Channel>\n<Computer>IACIS-HDD-2014</Computer>\n<Security UserID=\"S-1-5-19\"></Security>\n</System>\n<EventData><Data Name=\"RuleId\">{619FC6B3-CDB4-4DB5-B925-077E32E209DA}</Data>\n<Data Name=\"RuleName\">Windows Communication Foundation Net.TCP Listener Adapter (TCP-In)</Data>\n<Data Name=\"Origin\">1</Data>\n<Data Name=\"ApplicationPath\">C:\\Windows\\Microsoft.NET\\Framework64\\v4.0.30319\\SMSvcHost.exe</Data>\n<Data Name=\"ServiceName\">NetTcpActivator</Data>\n<Data Name=\"Direction\">1</Data>\n<Data Name=\"Protocol\">6</Data>\n<Data Name=\"LocalPorts\">808</Data>\n<Data Name=\"RemotePorts\">*</Data>\n<Data Name=\"Action\">3</Data>\n<Data Name=\"Profiles\">2147483647</Data>\n<Data Name=\"LocalAddresses\">*</Data>\n<Data Name=\"RemoteAddresses\">*</Data>\n<Data Name=\"RemoteMachineAuthorizationList\"></Data>\n<Data Name=\"RemoteUserAuthorizationList\"></Data>\n<Data Name=\"EmbeddedContext\">@C:\\Windows\\Microsoft.NET\\Framework64\\v4.0.30319\\\\ServiceModelEvents.dll,-2002</Data>\n<Data Name=\"Flags\">0</Data>\n<Data Name=\"Active\">0</Data>\n<Data Name=\"EdgeTraversal\">0</Data>\n<Data Name=\"LooseSourceMapped\">0</Data>\n<Data Name=\"SecurityOptions\">0</Data>\n<Data Name=\"ModifyingUser\">S-1-5-18</Data>\n<Data Name=\"ModifyingApplication\">C:\\Windows\\Microsoft.NET\\Framework64\\v4.0.30319\\ServiceModelReg.exe</Data>\n<Data Name=\"SchemaVersion\">522</Data>\n<Data Name=\"RuleStatus\">65536</Data>\n</EventData>\n</Event>\n"
  },
  {
    "EventID": 2005,
    "Timestamp": "2014-02-05 13:47:11.612598+00:00",
    "Computer": "IACIS-HDD-2014",
    "Channel": "Microsoft-Windows-Windows Firewall With Advanced Security/Firewall",
    "Level": "Information",
    "EventData": {
      "RuleId": "{619FC6B3-CDB4-4DB5-B925-077E32E209DA}",
      "RuleName": "Windows Communication Foundation Net.TCP Listener Adapter (TCP-In)",
      "Origin": "1",
      "ApplicationPath": "C:\\Windows\\Microsoft.NET\\Framework64\\v4.0.30319\\SMSvcHost.exe",
      "ServiceName": "NetTcpActivator",
      "Direction": "1",
      "Protocol": "6",
      "LocalPorts": "808",
      "RemotePorts": "*",
      "Action": "3",
      "Profiles": "2147483647",
      "LocalAddresses": "*",
      "RemoteAddresses": "*",
      "RemoteMachineAuthorizationList": "",
      "RemoteUserAuthorizationList": "",
      "EmbeddedContext": "@C:\\Windows\\Microsoft.NET\\Framework64\\v4.0.30319\\\\ServiceModelEvents.dll,-2002",
      "Flags": "0",
      "Active": "0",
      "EdgeTraversal": "0",
      "LooseSourceMapped": "0",
      "SecurityOptions": "0",
      "ModifyingUser": "S-1-5-18",
      "ModifyingApplication": "C:\\Windows\\Microsoft.NET\\Framework64\\v4.0.30319\\ServiceModelReg.exe",
      "SchemaVersion": "522",
      "RuleStatus": "65536"
    },
    "RawXml": "<Event xmlns=\"http://schemas.microsoft.com/win/2004/08/events/event\"><System><Provider Name=\"Microsoft-Windows-Windows Firewall With Advanced Security\" Guid=\"{d1bc9aff-2abf-4d71-9146-ecb2a986eb85}\"></Provider>\n<EventID Qualifiers=\"\">2005</EventID>\n<Version>0</Version>\n<Level>4</Level>\n<Task>0</Task>\n<Opcode>0</Opcode>\n<Keywords>0x8000020000000000</Keywords>\n<TimeCreated SystemTime=\"2014-02-05 13:47:11.612598+00:00\"></TimeCreated>\n<EventRecordID>249</EventRecordID>\n<Correlation ActivityID=\"\" RelatedActivityID=\"\"></Correlation>\n<Execution ProcessID=\"1284\" ThreadID=\"3776\"></Execution>\n<Channel>Microsoft-Windows-Windows Firewall With Advanced Security/Firewall</Channel>\n<Computer>IACIS-HDD-2014</Computer>\n<Security UserID=\"S-1-5-19\"></Security>\n</System>\n<EventData><Data Name=\"RuleId\">{619FC6B3-CDB4-4DB5-B925-077E32E209DA}</Data>\n<Data Name=\"RuleName\">Windows Communication Foundation Net.TCP Listener Adapter (TCP-In)</Data>\n<Data Name=\"Origin\">1</Data>\n<Data Name=\"ApplicationPath\">C:\\Windows\\Microsoft.NET\\Framework64\\v4.0.30319\\SMSvcHost.exe</Data>\n<Data Name=\"ServiceName\">NetTcpActivator</Data>\n<Data Name=\"Direction\">1</Data>\n<Data Name=\"Protocol\">6</Data>\n<Data Name=\"LocalPorts\">808</Data>\n<Data Name=\"RemotePorts\">*</Data>\n<Data Name=\"Action\">3</Data>\n<Data Name=\"Profiles\">2147483647</Data>\n<Data Name=\"LocalAddresses\">*</Data>\n<Data Name=\"RemoteAddresses\">*</Data>\n<Data Name=\"RemoteMachineAuthorizationList\"></Data>\n<Data Name=\"RemoteUserAuthorizationList\"></Data>\n<Data Name=\"EmbeddedContext\">@C:\\Windows\\Microsoft.NET\\Framework64\\v4.0.30319\\\\ServiceModelEvents.dll,-2002</Data>\n<Data Name=\"Flags\">0</Data>\n<Data Name=\"Active\">0</Data>\n<Data Name=\"EdgeTraversal\">0</Data>\n<Data Name=\"LooseSourceMapped\">0</Data>\n<Data Name=\"SecurityOptions\">0</Data>\n<Data Name=\"ModifyingUser\">S-1-5-18</Data>\n<Data Name=\"ModifyingApplication\">C:\\Windows\\Microsoft.NET\\Framework64\\v4.0.30319\\ServiceModelReg.exe</Data>\n<Data Name=\"SchemaVersion\">522</Data>\n<Data Name=\"RuleStatus\">65536</Data>\n</EventData>\n</Event>\n"
  },
