  {
    "EventID": 41,
    "Timestamp": "2014-01-25 01:50:31.177053+00:00",
    "Computer": "IACIS-HDD-2014",
    "Channel": "Microsoft-Windows-WindowsUpdateClient/Operational",
    "Level": "Information",
    "EventData": {
      "updateGuid": "{6e03d226-b005-4be7-8254-7c1760886bfd}",
      "updateRevisionNumber": "102"
    },
    "RawXml": "<Event xmlns=\"http://schemas.microsoft.com/win/2004/08/events/event\"><System><Provider Name=\"Microsoft-Windows-WindowsUpdateClient\" Guid=\"{945a8954-c147-4acd-923f-40c45405a658}\"></Provider>\n<EventID Qualifiers=\"\">41</EventID>\n<Version>0</Version>\n<Level>4</Level>\n<Task>1</Task>\n<Opcode>12</Opcode>\n<Keywords>0x4000000000000014</Keywords>\n<TimeCreated SystemTime=\"2014-01-25 01:50:31.177053+00:00\"></TimeCreated>\n<EventRecordID>236</EventRecordID>\n<Correlation ActivityID=\"\" RelatedActivityID=\"\"></Correlation>\n<Execution ProcessID=\"888\" ThreadID=\"1216\"></Execution>\n<Channel>Microsoft-Windows-WindowsUpdateClient/Operational</Channel>\n<Computer>IACIS-HDD-2014</Computer>\n<Security UserID=\"S-1-5-18\"></Security>\n</System>\n<EventData><Data Name=\"updateGuid\">{6e03d226-b005-4be7-8254-7c1760886bfd}</Data>\n<Data Name=\"updateRevisionNumber\">102</Data>\n</EventData>\n</Event>\n"
  },
  {
    "EventID": 41,
    "Timestamp": "2014-01-25 01:50:31.177053+00:00",
    "Computer": "IACIS-HDD-2014",
    "Channel": "Microsoft-Windows-WindowsUpdateClient/Operational",
    "Level": "Information",
    "EventData": {
      "updateGuid": "{af347830-f2ba-44fb-9429-539921038509}",
      "updateRevisionNumber": "201"
    },
    "RawXml": "<Event xmlns=\"http://schemas.microsoft.com/win/2004/08/events/event\"><System><Provider Name=\"Microsoft-Windows-WindowsUpdateClient\" Guid=\"{945a8954-c147-4acd-923f-40c45405a658}\"></Provider>\n<EventID Qualifiers=\"\">41</EventID>\n<Version>0</Version>\n<Level>4</Level>\n<Task>1</Task>\n<Opcode>12</Opcode>\n<Keywords>0x4000000000000014</Keywords>\n<TimeCreated SystemTime=\"2014-01-25 01:50:31.177053+00:00\"></TimeCreated>\n<EventRecordID>237</EventRecordID>\n<Correlation ActivityID=\"\" RelatedActivityID=\"\"></Correlation>\n<Execution ProcessID=\"888\" ThreadID=\"1216\"></Execution>\n<Channel>Microsoft-Windows-WindowsUpdateClient/Operational</Channel>\n<Computer>IACIS-HDD-2014</Computer>\n<Security UserID=\"S-1-5-18\"></Security>\n</System>\n<EventData><Data Name=\"updateGuid\">{af347830-f2ba-44fb-9429-539921038509}</Data>\n<Data Name=\"updateRevisionNumber\">201</Data>\n</EventData>\n</Event>\n"
  },
  {
    "EventID": 41,
    "Timestamp": "2014-01-25 01:50:33.361059+00:00",
    "Computer": "IACIS-HDD-2014",
    "Channel": "Microsoft-Windows-WindowsUpdateClient/Operational",
    "Level": "Information",
    "EventData": {
      "updateGuid": "{6d435d48-e94b-4c1f-af51-e57cf310271e}",
      "updateRevisionNumber": "202"
    },
    "RawXml": "<Event xmlns=\"http://schemas.microsoft.com/win/2004/08/events/event\"><System><Provider Name=\"Microsoft-Windows-WindowsUpdateClient\" Guid=\"{945a8954-c147-4acd-923f-40c45405a658}\"></Provider>\n<EventID Qualifiers=\"\">41</EventID>\n<Version>0</Version>\n<Level>4</Level>\n<Task>1</Task>\n<Opcode>12</Opcode>\n<Keywords>0x4000000000000014</Keywords>\n<TimeCreated SystemTime=\"2014-01-25 01:50:33.361059+00:00\"></TimeCreated>\n<EventRecordID>238</EventRecordID>\n<Correlation ActivityID=\"\" RelatedActivityID=\"\"></Correlation>\n<Execution ProcessID=\"888\" ThreadID=\"1216\"></Execution>\n<Channel>Microsoft-Windows-WindowsUpdateClient/Operational</Channel>\n<Computer>IACIS-HDD-2014</Computer>\n<Security UserID=\"S-1-5-18\"></Security>\n</System>\n<EventData><Data Name=\"updateGuid\">{6d435d48-e94b-4c1f-af51-e57cf310271e}</Data>\n<Data Name=\"updateRevisionNumber\">202</Data>\n</EventData>\n</Event>\n"
  },
  {
    "EventID": 41,
    "Timestamp": "2014-01-25 01:50:33.361059+00:00",
    "Computer": "IACIS-HDD-2014",
    "Channel": "Microsoft-Windows-WindowsUpdateClient/Operational",
    "Level": "Information",
    "EventData": {
      "updateGuid": "{e0840035-6b21-4554-a6e9-2ffebc99d9aa}",
      "updateRevisionNumber": "201"
    },
    "RawXml": "<Event xmlns=\"http://schemas.microsoft.com/win/2004/08/events/event\"><System><Provider Name=\"Microsoft-Windows-WindowsUpdateClient\" Guid=\"{945a8954-c147-4acd-923f-40c45405a658}\"></Provider>\n<EventID Qualifiers=\"\">41</EventID>\n<Version>0</Version>\n<Level>4</Level>\n<Task>1</Task>\n<Opcode>12</Opcode>\n<Keywords>0x4000000000000014</Keywords>\n<TimeCreated SystemTime=\"2014-01-25 01:50:33.361059+00:00\"></TimeCreated>\n<EventRecordID>239</EventRecordID>\n<Correlation ActivityID=\"\" RelatedActivityID=\"\"></Correlation>\n<Execution ProcessID=\"888\" ThreadID=\"1216\"></Execution>\n<Channel>Microsoft-Windows-WindowsUpdateClient/Operational</Channel>\n<Computer>IACIS-HDD-2014</Computer>\n<Security UserID=\"S-1-5-18\"></Security>\n</System>\n<EventData><Data Name=\"updateGuid\">{e0840035-6b21-4554-a6e9-2ffebc99d9aa}</Data>\n<Data Name=\"updateRevisionNumber\">201</Data>\n</EventData>\n</Event>\n"
  },
  {
    "EventID": 41,
    "Timestamp": "2014-01-25 01:50:33.361059+00:00",
    "Computer": "IACIS-HDD-2014",
    "Channel": "Microsoft-Windows-WindowsUpdateClient/Operational",
    "Level": "Information",
    "EventData": {
      "updateGuid": "{1ee0304a-549a-4a2a-9505-9b58e1ac6625}",
      "updateRevisionNumber": "105"
    },
    "RawXml": "<Event xmlns=\"http://schemas.microsoft.com/win/2004/08/events/event\"><System><Provider Name=\"Microsoft-Windows-WindowsUpdateClient\" Guid=\"{945a8954-c147-4acd-923f-40c45405a658}\"></Provider>\n<EventID Qualifiers=\"\">41</EventID>\n<Version>0</Version>\n<Level>4</Level>\n<Task>1</Task>\n<Opcode>12</Opcode>\n<Keywords>0x4000000000000014</Keywords>\n<TimeCreated SystemTime=\"2014-01-25 01:50:33.361059+00:00\"></TimeCreated>\n<EventRecordID>240</EventRecordID>\n<Correlation ActivityID=\"\" RelatedActivityID=\"\"></Correlation>\n<Execution ProcessID=\"888\" ThreadID=\"1216\"></Execution>\n<Channel>Microsoft-Windows-WindowsUpdateClient/Operational</Channel>\n<Computer>IACIS-HDD-2014</Computer>\n<Security UserID=\"S-1-5-18\"></Security>\n</System>\n<EventData><Data Name=\"updateGuid\">{1ee0304a-549a-4a2a-9505-9b58e1ac6625}</Data>\n<Data Name=\"updateRevisionNumber\">105</Data>\n</EventData>\n</Event>\n"
  },
  {
    "EventID": 41,
    "Timestamp": "2014-01-25 01:50:33.361059+00:00",
    "Computer": "IACIS-HDD-2014",
    "Channel": "Microsoft-Windows-WindowsUpdateClient/Operational",
    "Level": "Information",
    "EventData": {
      "updateGuid": "{62498940-d04d-4769-af9a-f4cec3a927d4}",
      "updateRevisionNumber": "104"
    },
    "RawXml": "<Event xmlns=\"http://schemas.microsoft.com/win/2004/08/events/event\"><System><Provider Name=\"Microsoft-Windows-WindowsUpdateClient\" Guid=\"{945a8954-c147-4acd-923f-40c45405a658}\"></Provider>\n<EventID Qualifiers=\"\">41</EventID>\n<Version>0</Version>\n<Level>4</Level>\n<Task>1</Task>\n<Opcode>12</Opcode>\n<Keywords>0x4000000000000014</Keywords>\n<TimeCreated SystemTime=\"2014-01-25 01:50:33.361059+00:00\"></TimeCreated>\n<EventRecordID>241</EventRecordID>\n<Correlation ActivityID=\"\" RelatedActivityID=\"\"></Correlation>\n<Execution ProcessID=\"888\" ThreadID=\"1216\"></Execution>\n<Channel>Microsoft-Windows-WindowsUpdateClient/Operational</Channel>\n<Computer>IACIS-HDD-2014</Computer>\n<Security UserID=\"S-1-5-18\"></Security>\n</System>\n<EventData><Data Name=\"updateGuid\">{62498940-d04d-4769-af9a-f4cec3a927d4}</Data>\n<Data Name=\"updateRevisionNumber\">104</Data>\n</EventData>\n</Event>\n"
  },
  {
    "EventID": 41,
    "Timestamp": "2014-01-25 01:50:35.513863+00:00",
    "Computer": "IACIS-HDD-2014",
    "Channel": "Microsoft-Windows-WindowsUpdateClient/Operational",
    "Level": "Information",
    "EventData": {
      "updateGuid": "{defbde73-65c3-4271-a949-9b77a1a65ef1}",
      "updateRevisionNumber": "201"
    },
    "RawXml": "<Event xmlns=\"http://schemas.microsoft.com/win/2004/08/events/event\"><System><Provider Name=\"Microsoft-Windows-WindowsUpdateClient\" Guid=\"{945a8954-c147-4acd-923f-40c45405a658}\"></Provider>\n<EventID Qualifiers=\"\">41</EventID>\n<Version>0</Version>\n<Level>4</Level>\n<Task>1</Task>\n<Opcode>12</Opcode>\n<Keywords>0x4000000000000014</Keywords>\n<TimeCreated SystemTime=\"2014-01-25 01:50:35.513863+00:00\"></TimeCreated>\n<EventRecordID>242</EventRecordID>\n<Correlation ActivityID=\"\" RelatedActivityID=\"\"></Correlation>\n<Execution ProcessID=\"888\" ThreadID=\"1216\"></Execution>\n<Channel>Microsoft-Windows-WindowsUpdateClient/Operational</Channel>\n<Computer>IACIS-HDD-2014</Computer>\n<Security UserID=\"S-1-5-18\"></Security>\n</System>\n<EventData><Data Name=\"updateGuid\">{defbde73-65c3-4271-a949-9b77a1a65ef1}</Data>\n<Data Name=\"updateRevisionNumber\">201</Data>\n</EventData>\n</Event>\n"
  },
  {
    "EventID": 41,
    "Timestamp": "2014-01-25 01:50:35.513863+00:00",
    "Computer": "IACIS-HDD-2014",
    "Channel": "Microsoft-Windows-WindowsUpdateClient/Operational",
    "Level": "Information",
    "EventData": {
      "updateGuid": "{d0fbac2f-d08f-4a7b-a826-92b1c5ae0bc5}",
      "updateRevisionNumber": "200"
    },
    "RawXml": "<Event xmlns=\"http://schemas.microsoft.com/win/2004/08/events/event\"><System><Provider Name=\"Microsoft-Windows-WindowsUpdateClient\" Guid=\"{945a8954-c147-4acd-923f-40c45405a658}\"></Provider>\n<EventID Qualifiers=\"\">41</EventID>\n<Version>0</Version>\n<Level>4</Level>\n<Task>1</Task>\n<Opcode>12</Opcode>\n<Keywords>0x4000000000000014</Keywords>\n<TimeCreated SystemTime=\"2014-01-25 01:50:35.513863+00:00\"></TimeCreated>\n<EventRecordID>243</EventRecordID>\n<Correlation ActivityID=\"\" RelatedActivityID=\"\"></Correlation>\n<Execution ProcessID=\"888\" ThreadID=\"1216\"></Execution>\n<Channel>Microsoft-Windows-WindowsUpdateClient/Operational</Channel>\n<Computer>IACIS-HDD-2014</Computer>\n<Security UserID=\"S-1-5-18\"></Security>\n</System>\n<EventData><Data Name=\"updateGuid\">{d0fbac2f-d08f-4a7b-a826-92b1c5ae0bc5}</Data>\n<Data Name=\"updateRevisionNumber\">200</Data>\n</EventData>\n</Event>\n"
  },
  {
    "EventID": 41,
    "Timestamp": "2014-01-25 01:50:35.513863+00:00",
    "Computer": "IACIS-HDD-2014",
    "Channel": "Microsoft-Windows-WindowsUpdateClient/Operational",
    "Level": "Information",
    "EventData": {
      "updateGuid": "{4e77d891-084e-440d-95bc-42b26c1f7077}",
      "updateRevisionNumber": "103"
    },
    "RawXml": "<Event xmlns=\"http://schemas.microsoft.com/win/2004/08/events/event\"><System><Provider Name=\"Microsoft-Windows-WindowsUpdateClient\" Guid=\"{945a8954-c147-4acd-923f-40c45405a658}\"></Provider>\n<EventID Qualifiers=\"\">41</EventID>\n<Version>0</Version>\n<Level>4</Level>\n<Task>1</Task>\n<Opcode>12</Opcode>\n<Keywords>0x4000000000000014</Keywords>\n<TimeCreated SystemTime=\"2014-01-25 01:50:35.513863+00:00\"></TimeCreated>\n<EventRecordID>244</EventRecordID>\n<Correlation ActivityID=\"\" RelatedActivityID=\"\"></Correlation>\n<Execution ProcessID=\"888\" ThreadID=\"1216\"></Execution>\n<Channel>Microsoft-Windows-WindowsUpdateClient/Operational</Channel>\n<Computer>IACIS-HDD-2014</Computer>\n<Security UserID=\"S-1-5-18\"></Security>\n</System>\n<EventData><Data Name=\"updateGuid\">{4e77d891-084e-440d-95bc-42b26c1f7077}</Data>\n<Data Name=\"updateRevisionNumber\">103</Data>\n</EventData>\n</Event>\n"
  },
  {
    "EventID": 41,
    "Timestamp": "2014-01-25 01:50:39.959869+00:00",
    "Computer": "IACIS-HDD-2014",
    "Channel": "Microsoft-Windows-WindowsUpdateClient/Operational",
    "Level": "Information",
    "EventData": {
      "updateGuid": "{4fe82c74-00f4-47f9-b4d4-3914b9d50213}",
      "updateRevisionNumber": "201"
    },
    "RawXml": "<Event xmlns=\"http://schemas.microsoft.com/win/2004/08/events/event\"><System><Provider Name=\"Microsoft-Windows-WindowsUpdateClient\" Guid=\"{945a8954-c147-4acd-923f-40c45405a658}\"></Provider>\n<EventID Qualifiers=\"\">41</EventID>\n<Version>0</Version>\n<Level>4</Level>\n<Task>1</Task>\n<Opcode>12</Opcode>\n<Keywords>0x4000000000000014</Keywords>\n<TimeCreated SystemTime=\"2014-01-25 01:50:39.959869+00:00\"></TimeCreated>\n<EventRecordID>245</EventRecordID>\n<Correlation ActivityID=\"\" RelatedActivityID=\"\"></Correlation>\n<Execution ProcessID=\"888\" ThreadID=\"1216\"></Execution>\n<Channel>Microsoft-Windows-WindowsUpdateClient/Operational</Channel>\n<Computer>IACIS-HDD-2014</Computer>\n<Security UserID=\"S-1-5-18\"></Security>\n</System>\n<EventData><Data Name=\"updateGuid\">{4fe82c74-00f4-47f9-b4d4-3914b9d50213}</Data>\n<Data Name=\"updateRevisionNumber\">201</Data>\n</EventData>\n</Event>\n"
  },
  {
    "EventID": 41,
    "Timestamp": "2014-01-25 01:50:39.959869+00:00",
    "Computer": "IACIS-HDD-2014",
    "Channel": "Microsoft-Windows-WindowsUpdateClient/Operational",
    "Level": "Information",
    "EventData": {
      "updateGuid": "{35dcb297-873a-45af-bb19-e8b18aedd5bb}",
      "updateRevisionNumber": "202"
    },
    "RawXml": "<Event xmlns=\"http://schemas.microsoft.com/win/2004/08/events/event\"><System><Provider Name=\"Microsoft-Windows-WindowsUpdateClient\" Guid=\"{945a8954-c147-4acd-923f-40c45405a658}\"></Provider>\n<EventID Qualifiers=\"\">41</EventID>\n<Version>0</Version>\n<Level>4</Level>\n<Task>1</Task>\n<Opcode>12</Opcode>\n<Keywords>0x4000000000000014</Keywords>\n<TimeCreated SystemTime=\"2014-01-25 01:50:39.959869+00:00\"></TimeCreated>\n<EventRecordID>246</EventRecordID>\n<Correlation ActivityID=\"\" RelatedActivityID=\"\"></Correlation>\n<Execution ProcessID=\"888\" ThreadID=\"1216\"></Execution>\n<Channel>Microsoft-Windows-WindowsUpdateClient/Operational</Channel>\n<Computer>IACIS-HDD-2014</Computer>\n<Security UserID=\"S-1-5-18\"></Security>\n</System>\n<EventData><Data Name=\"updateGuid\">{35dcb297-873a-45af-bb19-e8b18aedd5bb}</Data>\n<Data Name=\"updateRevisionNumber\">202</Data>\n</EventData>\n</Event>\n"
  },
  {
    "EventID": 41,
    "Timestamp": "2014-01-25 01:50:39.959869+00:00",
    "Computer": "IACIS-HDD-2014",
    "Channel": "Microsoft-Windows-WindowsUpdateClient/Operational",
    "Level": "Information",
    "EventData": {
      "updateGuid": "{fbc9a192-a1d6-4008-8ea6-cd497b8b8668}",
      "updateRevisionNumber": "201"
    },
    "RawXml": "<Event xmlns=\"http://schemas.microsoft.com/win/2004/08/events/event\"><System><Provider Name=\"Microsoft-Windows-WindowsUpdateClient\" Guid=\"{945a8954-c147-4acd-923f-40c45405a658}\"></Provider>\n<EventID Qualifiers=\"\">41</EventID>\n<Version>0</Version>\n<Level>4</Level>\n<Task>1</Task>\n<Opcode>12</Opcode>\n<Keywords>0x4000000000000014</Keywords>\n<TimeCreated SystemTime=\"2014-01-25 01:50:39.959869+00:00\"></TimeCreated>\n<EventRecordID>247</EventRecordID>\n<Correlation ActivityID=\"\" RelatedActivityID=\"\"></Correlation>\n<Execution ProcessID=\"888\" ThreadID=\"1216\"></Execution>\n<Channel>Microsoft-Windows-WindowsUpdateClient/Operational</Channel>\n<Computer>IACIS-HDD-2014</Computer>\n<Security UserID=\"S-1-5-18\"></Security>\n</System>\n<EventData><Data Name=\"updateGuid\">{fbc9a192-a1d6-4008-8ea6-cd497b8b8668}</Data>\n<Data Name=\"updateRevisionNumber\">201</Data>\n</EventData>\n</Event>\n"
  },
  {
    "EventID": 41,
    "Timestamp": "2014-01-25 01:50:42.440275+00:00",
    "Computer": "IACIS-HDD-2014",
    "Channel": "Microsoft-Windows-WindowsUpdateClient/Operational",
    "Level": "Information",
    "EventData": {
      "updateGuid": "{5fc16654-0e03-40ca-a39e-5187b26c378e}",
      "updateRevisionNumber": "102"
    },
    "RawXml": "<Event xmlns=\"http://schemas.microsoft.com/win/2004/08/events/event\"><System><Provider Name=\"Microsoft-Windows-WindowsUpdateClient\" Guid=\"{945a8954-c147-4acd-923f-40c45405a658}\"></Provider>\n<EventID Qualifiers=\"\">41</EventID>\n<Version>0</Version>\n<Level>4</Level>\n<Task>1</Task>\n<Opcode>12</Opcode>\n<Keywords>0x4000000000000014</Keywords>\n<TimeCreated SystemTime=\"2014-01-25 01:50:42.440275+00:00\"></TimeCreated>\n<EventRecordID>248</EventRecordID>\n<Correlation ActivityID=\"\" RelatedActivityID=\"\"></Correlation>\n<Execution ProcessID=\"888\" ThreadID=\"1216\"></Execution>\n<Channel>Microsoft-Windows-WindowsUpdateClient/Operational</Channel>\n<Computer>IACIS-HDD-2014</Computer>\n<Security UserID=\"S-1-5-18\"></Security>\n</System>\n<EventData><Data Name=\"updateGuid\">{5fc16654-0e03-40ca-a39e-5187b26c378e}</Data>\n<Data Name=\"updateRevisionNumber\">102</Data>\n</EventData>\n</Event>\n"
  },
  {
    "EventID": 41,
    "Timestamp": "2014-01-25 01:50:42.440275+00:00",
    "Computer": "IACIS-HDD-2014",
    "Channel": "Microsoft-Windows-WindowsUpdateClient/Operational",
    "Level": "Information",
    "EventData": {
      "updateGuid": "{f76f5a9c-8325-4256-a632-654f153704b4}",
      "updateRevisionNumber": "101"
    },
    "RawXml": "<Event xmlns=\"http://schemas.microsoft.com/win/2004/08/events/event\"><System><Provider Name=\"Microsoft-Windows-WindowsUpdateClient\" Guid=\"{945a8954-c147-4acd-923f-40c45405a658}\"></Provider>\n<EventID Qualifiers=\"\">41</EventID>\n<Version>0</Version>\n<Level>4</Level>\n<Task>1</Task>\n<Opcode>12</Opcode>\n<Keywords>0x4000000000000014</Keywords>\n<TimeCreated SystemTime=\"2014-01-25 01:50:42.440275+00:00\"></TimeCreated>\n<EventRecordID>249</EventRecordID>\n<Correlation ActivityID=\"\" RelatedActivityID=\"\"></Correlation>\n<Execution ProcessID=\"888\" ThreadID=\"1216\"></Execution>\n<Channel>Microsoft-Windows-WindowsUpdateClient/Operational</Channel>\n<Computer>IACIS-HDD-2014</Computer>\n<Security UserID=\"S-1-5-18\"></Security>\n</System>\n<EventData><Data Name=\"updateGuid\">{f76f5a9c-8325-4256-a632-654f153704b4}</Data>\n<Data Name=\"updateRevisionNumber\">101</Data>\n</EventData>\n</Event>\n"
  },
  {
    "EventID": 41,
    "Timestamp": "2014-01-25 01:50:42.440275+00:00",
    "Computer": "IACIS-HDD-2014",
    "Channel": "Microsoft-Windows-WindowsUpdateClient/Operational",
    "Level": "Information",
    "EventData": {
      "updateGuid": "{d9858572-346c-4749-b360-82ed28a3461e}",
      "updateRevisionNumber": "201"
    },
    "RawXml": "<Event xmlns=\"http://schemas.microsoft.com/win/2004/08/events/event\"><System><Provider Name=\"Microsoft-Windows-WindowsUpdateClient\" Guid=\"{945a8954-c147-4acd-923f-40c45405a658}\"></Provider>\n<EventID Qualifiers=\"\">41</EventID>\n<Version>0</Version>\n<Level>4</Level>\n<Task>1</Task>\n<Opcode>12</Opcode>\n<Keywords>0x4000000000000014</Keywords>\n<TimeCreated SystemTime=\"2014-01-25 01:50:42.440275+00:00\"></TimeCreated>\n<EventRecordID>250</EventRecordID>\n<Correlation ActivityID=\"\" RelatedActivityID=\"\"></Correlation>\n<Execution ProcessID=\"888\" ThreadID=\"1216\"></Execution>\n<Channel>Microsoft-Windows-WindowsUpdateClient/Operational</Channel>\n<Computer>IACIS-HDD-2014</Computer>\n<Security UserID=\"S-1-5-18\"></Security>\n</System>\n<EventData><Data Name=\"updateGuid\">{d9858572-346c-4749-b360-82ed28a3461e}</Data>\n<Data Name=\"updateRevisionNumber\">201</Data>\n</EventData>\n</Event>\n"
  },
  {
    "EventID": 41,
    "Timestamp": "2014-01-25 01:50:42.440275+00:00",
    "Computer": "IACIS-HDD-2014",
    "Channel": "Microsoft-Windows-WindowsUpdateClient/Operational",
    "Level": "Information",
    "EventData": {
      "updateGuid": "{14025d5d-b168-4d57-9567-30eaac8b0b23}",
      "updateRevisionNumber": "102"
    },
    "RawXml": "<Event xmlns=\"http://schemas.microsoft.com/win/2004/08/events/event\"><System><Provider Name=\"Microsoft-Windows-WindowsUpdateClient\" Guid=\"{945a8954-c147-4acd-923f-40c45405a658}\"></Provider>\n<EventID Qualifiers=\"\">41</EventID>\n<Version>0</Version>\n<Level>4</Level>\n<Task>1</Task>\n<Opcode>12</Opcode>\n<Keywords>0x4000000000000014</Keywords>\n<TimeCreated SystemTime=\"2014-01-25 01:50:42.440275+00:00\"></TimeCreated>\n<EventRecordID>251</EventRecordID>\n<Correlation ActivityID=\"\" RelatedActivityID=\"\"></Correlation>\n<Execution ProcessID=\"888\" ThreadID=\"1216\"></Execution>\n<Channel>Microsoft-Windows-WindowsUpdateClient/Operational</Channel>\n<Computer>IACIS-HDD-2014</Computer>\n<Security UserID=\"S-1-5-18\"></Security>\n</System>\n<EventData><Data Name=\"updateGuid\">{14025d5d-b168-4d57-9567-30eaac8b0b23}</Data>\n<Data Name=\"updateRevisionNumber\">102</Data>\n</EventData>\n</Event>\n"
  },
  {
    "EventID": 41,
    "Timestamp": "2014-01-25 01:50:45.591480+00:00",
    "Computer": "IACIS-HDD-2014",
    "Channel": "Microsoft-Windows-WindowsUpdateClient/Operational",
    "Level": "Information",
    "EventData": {
      "updateGuid": "{0993607d-5cbf-4546-9515-28629b29d53e}",
      "updateRevisionNumber": "204"
    },
    "RawXml": "<Event xmlns=\"http://schemas.microsoft.com/win/2004/08/events/event\"><System><Provider Name=\"Microsoft-Windows-WindowsUpdateClient\" Guid=\"{945a8954-c147-4acd-923f-40c45405a658}\"></Provider>\n<EventID Qualifiers=\"\">41</EventID>\n<Version>0</Version>\n<Level>4</Level>\n<Task>1</Task>\n<Opcode>12</Opcode>\n<Keywords>0x4000000000000014</Keywords>\n<TimeCreated SystemTime=\"2014-01-25 01:50:45.591480+00:00\"></TimeCreated>\n<EventRecordID>252</EventRecordID>\n<Correlation ActivityID=\"\" RelatedActivityID=\"\"></Correlation>\n<Execution ProcessID=\"888\" ThreadID=\"1216\"></Execution>\n<Channel>Microsoft-Windows-WindowsUpdateClient/Operational</Channel>\n<Computer>IACIS-HDD-2014</Computer>\n<Security UserID=\"S-1-5-18\"></Security>\n</System>\n<EventData><Data Name=\"updateGuid\">{0993607d-5cbf-4546-9515-28629b29d53e}</Data>\n<Data Name=\"updateRevisionNumber\">204</Data>\n</EventData>\n</Event>\n"
  },
  {
    "EventID": 41,
    "Timestamp": "2014-01-25 01:50:45.591480+00:00",
    "Computer": "IACIS-HDD-2014",
    "Channel": "Microsoft-Windows-WindowsUpdateClient/Operational",
    "Level": "Information",
    "EventData": {
      "updateGuid": "{894ef255-f2cc-4fce-95b6-6ee441d2bc08}",
      "updateRevisionNumber": "102"
    },
    "RawXml": "<Event xmlns=\"http://schemas.microsoft.com/win/2004/08/events/event\"><System><Provider Name=\"Microsoft-Windows-WindowsUpdateClient\" Guid=\"{945a8954-c147-4acd-923f-40c45405a658}\"></Provider>\n<EventID Qualifiers=\"\">41</EventID>\n<Version>0</Version>\n<Level>4</Level>\n<Task>1</Task>\n<Opcode>12</Opcode>\n<Keywords>0x4000000000000014</Keywords>\n<TimeCreated SystemTime=\"2014-01-25 01:50:45.591480+00:00\"></TimeCreated>\n<EventRecordID>253</EventRecordID>\n<Correlation ActivityID=\"\" RelatedActivityID=\"\"></Correlation>\n<Execution ProcessID=\"888\" ThreadID=\"1216\"></Execution>\n<Channel>Microsoft-Windows-WindowsUpdateClient/Operational</Channel>\n<Computer>IACIS-HDD-2014</Computer>\n<Security UserID=\"S-1-5-18\"></Security>\n</System>\n<EventData><Data Name=\"updateGuid\">{894ef255-f2cc-4fce-95b6-6ee441d2bc08}</Data>\n<Data Name=\"updateRevisionNumber\">102</Data>\n</EventData>\n</Event>\n"
  },
  {
    "EventID": 41,
    "Timestamp": "2014-01-25 01:50:45.591480+00:00",
    "Computer": "IACIS-HDD-2014",
    "Channel": "Microsoft-Windows-WindowsUpdateClient/Operational",
    "Level": "Information",
    "EventData": {
      "updateGuid": "{48beef41-9d2d-4e72-9a61-59f98b12c07a}",
      "updateRevisionNumber": "204"
    },
    "RawXml": "<Event xmlns=\"http://schemas.microsoft.com/win/2004/08/events/event\"><System><Provider Name=\"Microsoft-Windows-WindowsUpdateClient\" Guid=\"{945a8954-c147-4acd-923f-40c45405a658}\"></Provider>\n<EventID Qualifiers=\"\">41</EventID>\n<Version>0</Version>\n<Level>4</Level>\n<Task>1</Task>\n<Opcode>12</Opcode>\n<Keywords>0x4000000000000014</Keywords>\n<TimeCreated SystemTime=\"2014-01-25 01:50:45.591480+00:00\"></TimeCreated>\n<EventRecordID>254</EventRecordID>\n<Correlation ActivityID=\"\" RelatedActivityID=\"\"></Correlation>\n<Execution ProcessID=\"888\" ThreadID=\"1216\"></Execution>\n<Channel>Microsoft-Windows-WindowsUpdateClient/Operational</Channel>\n<Computer>IACIS-HDD-2014</Computer>\n<Security UserID=\"S-1-5-18\"></Security>\n</System>\n<EventData><Data Name=\"updateGuid\">{48beef41-9d2d-4e72-9a61-59f98b12c07a}</Data>\n<Data Name=\"updateRevisionNumber\">204</Data>\n</EventData>\n</Event>\n"
  },
  {
    "EventID": 41,
    "Timestamp": "2014-01-25 01:50:50.786289+00:00",
    "Computer": "IACIS-HDD-2014",
    "Channel": "Microsoft-Windows-WindowsUpdateClient/Operational",
    "Level": "Information",
    "EventData": {
      "updateGuid": "{98fbcfa2-190c-4d27-aa94-a3618faf95a4}",
      "updateRevisionNumber": "202"
    },
    "RawXml": "<Event xmlns=\"http://schemas.microsoft.com/win/2004/08/events/event\"><System><Provider Name=\"Microsoft-Windows-WindowsUpdateClient\" Guid=\"{945a8954-c147-4acd-923f-40c45405a658}\"></Provider>\n<EventID Qualifiers=\"\">41</EventID>\n<Version>0</Version>\n<Level>4</Level>\n<Task>1</Task>\n<Opcode>12</Opcode>\n<Keywords>0x4000000000000014</Keywords>\n<TimeCreated SystemTime=\"2014-01-25 01:50:50.786289+00:00\"></TimeCreated>\n<EventRecordID>255</EventRecordID>\n<Correlation ActivityID=\"\" RelatedActivityID=\"\"></Correlation>\n<Execution ProcessID=\"888\" ThreadID=\"1216\"></Execution>\n<Channel>Microsoft-Windows-WindowsUpdateClient/Operational</Channel>\n<Computer>IACIS-HDD-2014</Computer>\n<Security UserID=\"S-1-5-18\"></Security>\n</System>\n<EventData><Data Name=\"updateGuid\">{98fbcfa2-190c-4d27-aa94-a3618faf95a4}</Data>\n<Data Name=\"updateRevisionNumber\">202</Data>\n</EventData>\n</Event>\n"
  },
  {
    "EventID": 41,
    "Timestamp": "2014-01-25 01:50:50.786289+00:00",
    "Computer": "IACIS-HDD-2014",
    "Channel": "Microsoft-Windows-WindowsUpdateClient/Operational",
    "Level": "Information",
    "EventData": {
      "updateGuid": "{a852aa7e-1bbf-4179-83e2-7dc334db174b}",
      "updateRevisionNumber": "201"
    },
    "RawXml": "<Event xmlns=\"http://schemas.microsoft.com/win/2004/08/events/event\"><System><Provider Name=\"Microsoft-Windows-WindowsUpdateClient\" Guid=\"{945a8954-c147-4acd-923f-40c45405a658}\"></Provider>\n<EventID Qualifiers=\"\">41</EventID>\n<Version>0</Version>\n<Level>4</Level>\n<Task>1</Task>\n<Opcode>12</Opcode>\n<Keywords>0x4000000000000014</Keywords>\n<TimeCreated SystemTime=\"2014-01-25 01:50:50.786289+00:00\"></TimeCreated>\n<EventRecordID>256</EventRecordID>\n<Correlation ActivityID=\"\" RelatedActivityID=\"\"></Correlation>\n<Execution ProcessID=\"888\" ThreadID=\"1216\"></Execution>\n<Channel>Microsoft-Windows-WindowsUpdateClient/Operational</Channel>\n<Computer>IACIS-HDD-2014</Computer>\n<Security UserID=\"S-1-5-18\"></Security>\n</System>\n<EventData><Data Name=\"updateGuid\">{a852aa7e-1bbf-4179-83e2-7dc334db174b}</Data>\n<Data Name=\"updateRevisionNumber\">201</Data>\n</EventData>\n</Event>\n"
  },
  {
    "EventID": 41,
    "Timestamp": "2014-01-25 01:50:53.001492+00:00",
    "Computer": "IACIS-HDD-2014",
    "Channel": "Microsoft-Windows-WindowsUpdateClient/Operational",
    "Level": "Information",
    "EventData": {
      "updateGuid": "{fe133824-41af-4f69-b146-b8eb6a6505c0}",
      "updateRevisionNumber": "201"
    },
    "RawXml": "<Event xmlns=\"http://schemas.microsoft.com/win/2004/08/events/event\"><System><Provider Name=\"Microsoft-Windows-WindowsUpdateClient\" Guid=\"{945a8954-c147-4acd-923f-40c45405a658}\"></Provider>\n<EventID Qualifiers=\"\">41</EventID>\n<Version>0</Version>\n<Level>4</Level>\n<Task>1</Task>\n<Opcode>12</Opcode>\n<Keywords>0x4000000000000014</Keywords>\n<TimeCreated SystemTime=\"2014-01-25 01:50:53.001492+00:00\"></TimeCreated>\n<EventRecordID>257</EventRecordID>\n<Correlation ActivityID=\"\" RelatedActivityID=\"\"></Correlation>\n<Execution ProcessID=\"888\" ThreadID=\"1216\"></Execution>\n<Channel>Microsoft-Windows-WindowsUpdateClient/Operational</Channel>\n<Computer>IACIS-HDD-2014</Computer>\n<Security UserID=\"S-1-5-18\"></Security>\n</System>\n<EventData><Data Name=\"updateGuid\">{fe133824-41af-4f69-b146-b8eb6a6505c0}</Data>\n<Data Name=\"updateRevisionNumber\">201</Data>\n</EventData>\n</Event>\n"
  },
  {
    "EventID": 41,
    "Timestamp": "2014-01-25 01:50:53.001492+00:00",
    "Computer": "IACIS-HDD-2014",
    "Channel": "Microsoft-Windows-WindowsUpdateClient/Operational",
    "Level": "Information",
    "EventData": {
      "updateGuid": "{903e9d9e-30a9-4156-be04-754188c23840}",
      "updateRevisionNumber": "201"
    },
    "RawXml": "<Event xmlns=\"http://schemas.microsoft.com/win/2004/08/events/event\"><System><Provider Name=\"Microsoft-Windows-WindowsUpdateClient\" Guid=\"{945a8954-c147-4acd-923f-40c45405a658}\"></Provider>\n<EventID Qualifiers=\"\">41</EventID>\n<Version>0</Version>\n<Level>4</Level>\n<Task>1</Task>\n<Opcode>12</Opcode>\n<Keywords>0x4000000000000014</Keywords>\n<TimeCreated SystemTime=\"2014-01-25 01:50:53.001492+00:00\"></TimeCreated>\n<EventRecordID>258</EventRecordID>\n<Correlation ActivityID=\"\" RelatedActivityID=\"\"></Correlation>\n<Execution ProcessID=\"888\" ThreadID=\"1216\"></Execution>\n<Channel>Microsoft-Windows-WindowsUpdateClient/Operational</Channel>\n<Computer>IACIS-HDD-2014</Computer>\n<Security UserID=\"S-1-5-18\"></Security>\n</System>\n<EventData><Data Name=\"updateGuid\">{903e9d9e-30a9-4156-be04-754188c23840}</Data>\n<Data Name=\"updateRevisionNumber\">201</Data>\n</EventData>\n</Event>\n"
  },
  {
    "EventID": 41,
    "Timestamp": "2014-01-25 01:50:53.001492+00:00",
    "Computer": "IACIS-HDD-2014",
    "Channel": "Microsoft-Windows-WindowsUpdateClient/Operational",
    "Level": "Information",
    "EventData": {
      "updateGuid": "{2908bf3e-e6d4-4789-9908-e03a0a29ae8e}",
      "updateRevisionNumber": "201"
    },
    "RawXml": "<Event xmlns=\"http://schemas.microsoft.com/win/2004/08/events/event\"><System><Provider Name=\"Microsoft-Windows-WindowsUpdateClient\" Guid=\"{945a8954-c147-4acd-923f-40c45405a658}\"></Provider>\n<EventID Qualifiers=\"\">41</EventID>\n<Version>0</Version>\n<Level>4</Level>\n<Task>1</Task>\n<Opcode>12</Opcode>\n<Keywords>0x4000000000000014</Keywords>\n<TimeCreated SystemTime=\"2014-01-25 01:50:53.001492+00:00\"></TimeCreated>\n<EventRecordID>259</EventRecordID>\n<Correlation ActivityID=\"\" RelatedActivityID=\"\"></Correlation>\n<Execution ProcessID=\"888\" ThreadID=\"1216\"></Execution>\n<Channel>Microsoft-Windows-WindowsUpdateClient/Operational</Channel>\n<Computer>IACIS-HDD-2014</Computer>\n<Security UserID=\"S-1-5-18\"></Security>\n</System>\n<EventData><Data Name=\"updateGuid\">{2908bf3e-e6d4-4789-9908-e03a0a29ae8e}</Data>\n<Data Name=\"updateRevisionNumber\">201</Data>\n</EventData>\n</Event>\n"
  },
  {
    "EventID": 41,
    "Timestamp": "2014-01-25 01:50:53.001492+00:00",
    "Computer": "IACIS-HDD-2014",
    "Channel": "Microsoft-Windows-WindowsUpdateClient/Operational",
    "Level": "Information",
    "EventData": {
      "updateGuid": "{ddb30279-d5f2-4505-851e-3689abfb80a0}",
      "updateRevisionNumber": "102"
    },
    "RawXml": "<Event xmlns=\"http://schemas.microsoft.com/win/2004/08/events/event\"><System><Provider Name=\"Microsoft-Windows-WindowsUpdateClient\" Guid=\"{945a8954-c147-4acd-923f-40c45405a658}\"></Provider>\n<EventID Qualifiers=\"\">41</EventID>\n<Version>0</Version>\n<Level>4</Level>\n<Task>1</Task>\n<Opcode>12</Opcode>\n<Keywords>0x4000000000000014</Keywords>\n<TimeCreated SystemTime=\"2014-01-25 01:50:53.001492+00:00\"></TimeCreated>\n<EventRecordID>260</EventRecordID>\n<Correlation ActivityID=\"\" RelatedActivityID=\"\"></Correlation>\n<Execution ProcessID=\"888\" ThreadID=\"1216\"></Execution>\n<Channel>Microsoft-Windows-WindowsUpdateClient/Operational</Channel>\n<Computer>IACIS-HDD-2014</Computer>\n<Security UserID=\"S-1-5-18\"></Security>\n</System>\n<EventData><Data Name=\"updateGuid\">{ddb30279-d5f2-4505-851e-3689abfb80a0}</Data>\n<Data Name=\"updateRevisionNumber\">102</Data>\n</EventData>\n</Event>\n"
  },
  {
    "EventID": 41,
    "Timestamp": "2014-01-25 01:50:58.945103+00:00",
    "Computer": "IACIS-HDD-2014",
    "Channel": "Microsoft-Windows-WindowsUpdateClient/Operational",
    "Level": "Information",
    "EventData": {
      "updateGuid": "{ac11237f-c458-424b-80b4-ec98e47bc062}",
      "updateRevisionNumber": "205"
    },
    "RawXml": "<Event xmlns=\"http://schemas.microsoft.com/win/2004/08/events/event\"><System><Provider Name=\"Microsoft-Windows-WindowsUpdateClient\" Guid=\"{945a8954-c147-4acd-923f-40c45405a658}\"></Provider>\n<EventID Qualifiers=\"\">41</EventID>\n<Version>0</Version>\n<Level>4</Level>\n<Task>1</Task>\n<Opcode>12</Opcode>\n<Keywords>0x4000000000000014</Keywords>\n<TimeCreated SystemTime=\"2014-01-25 01:50:58.945103+00:00\"></TimeCreated>\n<EventRecordID>261</EventRecordID>\n<Correlation ActivityID=\"\" RelatedActivityID=\"\"></Correlation>\n<Execution ProcessID=\"888\" ThreadID=\"1216\"></Execution>\n<Channel>Microsoft-Windows-WindowsUpdateClient/Operational</Channel>\n<Computer>IACIS-HDD-2014</Computer>\n<Security UserID=\"S-1-5-18\"></Security>\n</System>\n<EventData><Data Name=\"updateGuid\">{ac11237f-c458-424b-80b4-ec98e47bc062}</Data>\n<Data Name=\"updateRevisionNumber\">205</Data>\n</EventData>\n</Event>\n"
  },
  {
    "EventID": 41,
    "Timestamp": "2014-01-25 01:50:58.945103+00:00",
    "Computer": "IACIS-HDD-2014",
    "Channel": "Microsoft-Windows-WindowsUpdateClient/Operational",
    "Level": "Information",
    "EventData": {
      "updateGuid": "{323c1088-f359-4ac5-bed5-622252e71409}",
      "updateRevisionNumber": "204"
    },
    "RawXml": "<Event xmlns=\"http://schemas.microsoft.com/win/2004/08/events/event\"><System><Provider Name=\"Microsoft-Windows-WindowsUpdateClient\" Guid=\"{945a8954-c147-4acd-923f-40c45405a658}\"></Provider>\n<EventID Qualifiers=\"\">41</EventID>\n<Version>0</Version>\n<Level>4</Level>\n<Task>1</Task>\n<Opcode>12</Opcode>\n<Keywords>0x4000000000000014</Keywords>\n<TimeCreated SystemTime=\"2014-01-25 01:50:58.945103+00:00\"></TimeCreated>\n<EventRecordID>262</EventRecordID>\n<Correlation ActivityID=\"\" RelatedActivityID=\"\"></Correlation>\n<Execution ProcessID=\"888\" ThreadID=\"1216\"></Execution>\n<Channel>Microsoft-Windows-WindowsUpdateClient/Operational</Channel>\n<Computer>IACIS-HDD-2014</Computer>\n<Security UserID=\"S-1-5-18\"></Security>\n</System>\n<EventData><Data Name=\"updateGuid\">{323c1088-f359-4ac5-bed5-622252e71409}</Data>\n<Data Name=\"updateRevisionNumber\">204</Data>\n</EventData>\n</Event>\n"
  },
  {
    "EventID": 41,
    "Timestamp": "2014-01-25 01:51:03.952711+00:00",
    "Computer": "IACIS-HDD-2014",
    "Channel": "Microsoft-Windows-WindowsUpdateClient/Operational",
    "Level": "Information",
    "EventData": {
      "updateGuid": "{34c01b9a-89a8-447e-b71b-22b688794908}",
      "updateRevisionNumber": "201"
    },
    "RawXml": "<Event xmlns=\"http://schemas.microsoft.com/win/2004/08/events/event\"><System><Provider Name=\"Microsoft-Windows-WindowsUpdateClient\" Guid=\"{945a8954-c147-4acd-923f-40c45405a658}\"></Provider>\n<EventID Qualifiers=\"\">41</EventID>\n<Version>0</Version>\n<Level>4</Level>\n<Task>1</Task>\n<Opcode>12</Opcode>\n<Keywords>0x4000000000000014</Keywords>\n<TimeCreated SystemTime=\"2014-01-25 01:51:03.952711+00:00\"></TimeCreated>\n<EventRecordID>263</EventRecordID>\n<Correlation ActivityID=\"\" RelatedActivityID=\"\"></Correlation>\n<Execution ProcessID=\"888\" ThreadID=\"1216\"></Execution>\n<Channel>Microsoft-Windows-WindowsUpdateClient/Operational</Channel>\n<Computer>IACIS-HDD-2014</Computer>\n<Security UserID=\"S-1-5-18\"></Security>\n</System>\n<EventData><Data Name=\"updateGuid\">{34c01b9a-89a8-447e-b71b-22b688794908}</Data>\n<Data Name=\"updateRevisionNumber\">201</Data>\n</EventData>\n</Event>\n"
  },
  {
    "EventID": 41,
    "Timestamp": "2014-01-25 01:51:03.952711+00:00",
    "Computer": "IACIS-HDD-2014",
    "Channel": "Microsoft-Windows-WindowsUpdateClient/Operational",
    "Level": "Information",
    "EventData": {
      "updateGuid": "{c499223d-2f22-4626-bbe5-f5a35e7a5854}",
      "updateRevisionNumber": "204"
    },
    "RawXml": "<Event xmlns=\"http://schemas.microsoft.com/win/2004/08/events/event\"><System><Provider Name=\"Microsoft-Windows-WindowsUpdateClient\" Guid=\"{945a8954-c147-4acd-923f-40c45405a658}\"></Provider>\n<EventID Qualifiers=\"\">41</EventID>\n<Version>0</Version>\n<Level>4</Level>\n<Task>1</Task>\n<Opcode>12</Opcode>\n<Keywords>0x4000000000000014</Keywords>\n<TimeCreated SystemTime=\"2014-01-25 01:51:03.952711+00:00\"></TimeCreated>\n<EventRecordID>264</EventRecordID>\n<Correlation ActivityID=\"\" RelatedActivityID=\"\"></Correlation>\n<Execution ProcessID=\"888\" ThreadID=\"1216\"></Execution>\n<Channel>Microsoft-Windows-WindowsUpdateClient/Operational</Channel>\n<Computer>IACIS-HDD-2014</Computer>\n<Security UserID=\"S-1-5-18\"></Security>\n</System>\n<EventData><Data Name=\"updateGuid\">{c499223d-2f22-4626-bbe5-f5a35e7a5854}</Data>\n<Data Name=\"updateRevisionNumber\">204</Data>\n</EventData>\n</Event>\n"
  },
  {
    "EventID": 41,
    "Timestamp": "2014-01-25 01:51:09.771523+00:00",
    "Computer": "IACIS-HDD-2014",
    "Channel": "Microsoft-Windows-WindowsUpdateClient/Operational",
    "Level": "Information",
    "EventData": {
      "updateGuid": "{f244dda6-731b-4a10-af01-494340da86f3}",
      "updateRevisionNumber": "106"
    },
    "RawXml": "<Event xmlns=\"http://schemas.microsoft.com/win/2004/08/events/event\"><System><Provider Name=\"Microsoft-Windows-WindowsUpdateClient\" Guid=\"{945a8954-c147-4acd-923f-40c45405a658}\"></Provider>\n<EventID Qualifiers=\"\">41</EventID>\n<Version>0</Version>\n<Level>4</Level>\n<Task>1</Task>\n<Opcode>12</Opcode>\n<Keywords>0x4000000000000014</Keywords>\n<TimeCreated SystemTime=\"2014-01-25 01:51:09.771523+00:00\"></TimeCreated>\n<EventRecordID>265</EventRecordID>\n<Correlation ActivityID=\"\" RelatedActivityID=\"\"></Correlation>\n<Execution ProcessID=\"888\" ThreadID=\"1216\"></Execution>\n<Channel>Microsoft-Windows-WindowsUpdateClient/Operational</Channel>\n<Computer>IACIS-HDD-2014</Computer>\n<Security UserID=\"S-1-5-18\"></Security>\n</System>\n<EventData><Data Name=\"updateGuid\">{f244dda6-731b-4a10-af01-494340da86f3}</Data>\n<Data Name=\"updateRevisionNumber\">106</Data>\n</EventData>\n</Event>\n"
  },
  {
    "EventID": 41,
    "Timestamp": "2014-01-25 01:51:09.771523+00:00",
    "Computer": "IACIS-HDD-2014",
    "Channel": "Microsoft-Windows-WindowsUpdateClient/Operational",
    "Level": "Information",
    "EventData": {
      "updateGuid": "{17a5424c-4c70-4bb4-8f83-66dabe5e7ca2}",
      "updateRevisionNumber": "201"
    },
    "RawXml": "<Event xmlns=\"http://schemas.microsoft.com/win/2004/08/events/event\"><System><Provider Name=\"Microsoft-Windows-WindowsUpdateClient\" Guid=\"{945a8954-c147-4acd-923f-40c45405a658}\"></Provider>\n<EventID Qualifiers=\"\">41</EventID>\n<Version>0</Version>\n<Level>4</Level>\n<Task>1</Task>\n<Opcode>12</Opcode>\n<Keywords>0x4000000000000014</Keywords>\n<TimeCreated SystemTime=\"2014-01-25 01:51:09.771523+00:00\"></TimeCreated>\n<EventRecordID>266</EventRecordID>\n<Correlation ActivityID=\"\" RelatedActivityID=\"\"></Correlation>\n<Execution ProcessID=\"888\" ThreadID=\"1216\"></Execution>\n<Channel>Microsoft-Windows-WindowsUpdateClient/Operational</Channel>\n<Computer>IACIS-HDD-2014</Computer>\n<Security UserID=\"S-1-5-18\"></Security>\n</System>\n<EventData><Data Name=\"updateGuid\">{17a5424c-4c70-4bb4-8f83-66dabe5e7ca2}</Data>\n<Data Name=\"updateRevisionNumber\">201</Data>\n</EventData>\n</Event>\n"
  },
  {
    "EventID": 41,
    "Timestamp": "2014-01-25 01:51:09.771523+00:00",
    "Computer": "IACIS-HDD-2014",
    "Channel": "Microsoft-Windows-WindowsUpdateClient/Operational",
    "Level": "Information",
    "EventData": {
      "updateGuid": "{4f8c4893-b382-49e5-95fa-7fdb45a60712}",
      "updateRevisionNumber": "200"
    },
    "RawXml": "<Event xmlns=\"http://schemas.microsoft.com/win/2004/08/events/event\"><System><Provider Name=\"Microsoft-Windows-WindowsUpdateClient\" Guid=\"{945a8954-c147-4acd-923f-40c45405a658}\"></Provider>\n<EventID Qualifiers=\"\">41</EventID>\n<Version>0</Version>\n<Level>4</Level>\n<Task>1</Task>\n<Opcode>12</Opcode>\n<Keywords>0x4000000000000014</Keywords>\n<TimeCreated SystemTime=\"2014-01-25 01:51:09.771523+00:00\"></TimeCreated>\n<EventRecordID>267</EventRecordID>\n<Correlation ActivityID=\"\" RelatedActivityID=\"\"></Correlation>\n<Execution ProcessID=\"888\" ThreadID=\"1216\"></Execution>\n<Channel>Microsoft-Windows-WindowsUpdateClient/Operational</Channel>\n<Computer>IACIS-HDD-2014</Computer>\n<Security UserID=\"S-1-5-18\"></Security>\n</System>\n<EventData><Data Name=\"updateGuid\">{4f8c4893-b382-49e5-95fa-7fdb45a60712}</Data>\n<Data Name=\"updateRevisionNumber\">200</Data>\n</EventData>\n</Event>\n"
  },
  {
    "EventID": 41,
    "Timestamp": "2014-01-25 01:51:14.357931+00:00",
    "Computer": "IACIS-HDD-2014",
    "Channel": "Microsoft-Windows-WindowsUpdateClient/Operational",
    "Level": "Information",
    "EventData": {
      "updateGuid": "{556c6688-5534-4cb7-99d1-a6fe2e197e16}",
      "updateRevisionNumber": "205"
    },
    "RawXml": "<Event xmlns=\"http://schemas.microsoft.com/win/2004/08/events/event\"><System><Provider Name=\"Microsoft-Windows-WindowsUpdateClient\" Guid=\"{945a8954-c147-4acd-923f-40c45405a658}\"></Provider>\n<EventID Qualifiers=\"\">41</EventID>\n<Version>0</Version>\n<Level>4</Level>\n<Task>1</Task>\n<Opcode>12</Opcode>\n<Keywords>0x4000000000000014</Keywords>\n<TimeCreated SystemTime=\"2014-01-25 01:51:14.357931+00:00\"></TimeCreated>\n<EventRecordID>268</EventRecordID>\n<Correlation ActivityID=\"\" RelatedActivityID=\"\"></Correlation>\n<Execution ProcessID=\"888\" ThreadID=\"1216\"></Execution>\n<Channel>Microsoft-Windows-WindowsUpdateClient/Operational</Channel>\n<Computer>IACIS-HDD-2014</Computer>\n<Security UserID=\"S-1-5-18\"></Security>\n</System>\n<EventData><Data Name=\"updateGuid\">{556c6688-5534-4cb7-99d1-a6fe2e197e16}</Data>\n<Data Name=\"updateRevisionNumber\">205</Data>\n</EventData>\n</Event>\n"
  },
  {
    "EventID": 41,
    "Timestamp": "2014-01-25 01:51:14.357931+00:00",
    "Computer": "IACIS-HDD-2014",
    "Channel": "Microsoft-Windows-WindowsUpdateClient/Operational",
    "Level": "Information",
    "EventData": {
      "updateGuid": "{bcbb3f8f-80b6-4b04-84b5-4d28b1e5dcc6}",
      "updateRevisionNumber": "108"
    },
    "RawXml": "<Event xmlns=\"http://schemas.microsoft.com/win/2004/08/events/event\"><System><Provider Name=\"Microsoft-Windows-WindowsUpdateClient\" Guid=\"{945a8954-c147-4acd-923f-40c45405a658}\"></Provider>\n<EventID Qualifiers=\"\">41</EventID>\n<Version>0</Version>\n<Level>4</Level>\n<Task>1</Task>\n<Opcode>12</Opcode>\n<Keywords>0x4000000000000014</Keywords>\n<TimeCreated SystemTime=\"2014-01-25 01:51:14.357931+00:00\"></TimeCreated>\n<EventRecordID>269</EventRecordID>\n<Correlation ActivityID=\"\" RelatedActivityID=\"\"></Correlation>\n<Execution ProcessID=\"888\" ThreadID=\"1216\"></Execution>\n<Channel>Microsoft-Windows-WindowsUpdateClient/Operational</Channel>\n<Computer>IACIS-HDD-2014</Computer>\n<Security UserID=\"S-1-5-18\"></Security>\n</System>\n<EventData><Data Name=\"updateGuid\">{bcbb3f8f-80b6-4b04-84b5-4d28b1e5dcc6}</Data>\n<Data Name=\"updateRevisionNumber\">108</Data>\n</EventData>\n</Event>\n"
  },
  {
    "EventID": 41,
    "Timestamp": "2014-01-25 01:51:22.064342+00:00",
    "Computer": "IACIS-HDD-2014",
    "Channel": "Microsoft-Windows-WindowsUpdateClient/Operational",
    "Level": "Information",
    "EventData": {
      "updateGuid": "{d9899193-8ebd-4a93-9418-4229c7c213ac}",
      "updateRevisionNumber": "202"
    },
    "RawXml": "<Event xmlns=\"http://schemas.microsoft.com/win/2004/08/events/event\"><System><Provider Name=\"Microsoft-Windows-WindowsUpdateClient\" Guid=\"{945a8954-c147-4acd-923f-40c45405a658}\"></Provider>\n<EventID Qualifiers=\"\">41</EventID>\n<Version>0</Version>\n<Level>4</Level>\n<Task>1</Task>\n<Opcode>12</Opcode>\n<Keywords>0x4000000000000014</Keywords>\n<TimeCreated SystemTime=\"2014-01-25 01:51:22.064342+00:00\"></TimeCreated>\n<EventRecordID>270</EventRecordID>\n<Correlation ActivityID=\"\" RelatedActivityID=\"\"></Correlation>\n<Execution ProcessID=\"888\" ThreadID=\"1216\"></Execution>\n<Channel>Microsoft-Windows-WindowsUpdateClient/Operational</Channel>\n<Computer>IACIS-HDD-2014</Computer>\n<Security UserID=\"S-1-5-18\"></Security>\n</System>\n<EventData><Data Name=\"updateGuid\">{d9899193-8ebd-4a93-9418-4229c7c213ac}</Data>\n<Data Name=\"updateRevisionNumber\">202</Data>\n</EventData>\n</Event>\n"
  },
  {
    "EventID": 41,
    "Timestamp": "2014-01-25 01:51:31.439959+00:00",
    "Computer": "IACIS-HDD-2014",
    "Channel": "Microsoft-Windows-WindowsUpdateClient/Operational",
    "Level": "Information",
    "EventData": {
      "updateGuid": "{81a49d2c-314b-4a5a-bb6c-9d52a2707735}",
      "updateRevisionNumber": "201"
    },
    "RawXml": "<Event xmlns=\"http://schemas.microsoft.com/win/2004/08/events/event\"><System><Provider Name=\"Microsoft-Windows-WindowsUpdateClient\" Guid=\"{945a8954-c147-4acd-923f-40c45405a658}\"></Provider>\n<EventID Qualifiers=\"\">41</EventID>\n<Version>0</Version>\n<Level>4</Level>\n<Task>1</Task>\n<Opcode>12</Opcode>\n<Keywords>0x4000000000000014</Keywords>\n<TimeCreated SystemTime=\"2014-01-25 01:51:31.439959+00:00\"></TimeCreated>\n<EventRecordID>271</EventRecordID>\n<Correlation ActivityID=\"\" RelatedActivityID=\"\"></Correlation>\n<Execution ProcessID=\"888\" ThreadID=\"1216\"></Execution>\n<Channel>Microsoft-Windows-WindowsUpdateClient/Operational</Channel>\n<Computer>IACIS-HDD-2014</Computer>\n<Security UserID=\"S-1-5-18\"></Security>\n</System>\n<EventData><Data Name=\"updateGuid\">{81a49d2c-314b-4a5a-bb6c-9d52a2707735}</Data>\n<Data Name=\"updateRevisionNumber\">201</Data>\n</EventData>\n</Event>\n"
  },
  {
    "EventID": 41,
    "Timestamp": "2014-01-25 01:51:31.439959+00:00",
    "Computer": "IACIS-HDD-2014",
    "Channel": "Microsoft-Windows-WindowsUpdateClient/Operational",
    "Level": "Information",
    "EventData": {
      "updateGuid": "{2c69bb59-05c0-4dd6-9a01-e639f16cbcb2}",
      "updateRevisionNumber": "201"
    },
    "RawXml": "<Event xmlns=\"http://schemas.microsoft.com/win/2004/08/events/event\"><System><Provider Name=\"Microsoft-Windows-WindowsUpdateClient\" Guid=\"{945a8954-c147-4acd-923f-40c45405a658}\"></Provider>\n<EventID Qualifiers=\"\">41</EventID>\n<Version>0</Version>\n<Level>4</Level>\n<Task>1</Task>\n<Opcode>12</Opcode>\n<Keywords>0x4000000000000014</Keywords>\n<TimeCreated SystemTime=\"2014-01-25 01:51:31.439959+00:00\"></TimeCreated>\n<EventRecordID>272</EventRecordID>\n<Correlation ActivityID=\"\" RelatedActivityID=\"\"></Correlation>\n<Execution ProcessID=\"888\" ThreadID=\"1216\"></Execution>\n<Channel>Microsoft-Windows-WindowsUpdateClient/Operational</Channel>\n<Computer>IACIS-HDD-2014</Computer>\n<Security UserID=\"S-1-5-18\"></Security>\n</System>\n<EventData><Data Name=\"updateGuid\">{2c69bb59-05c0-4dd6-9a01-e639f16cbcb2}</Data>\n<Data Name=\"updateRevisionNumber\">201</Data>\n</EventData>\n</Event>\n"
  },
  {
    "EventID": 41,
    "Timestamp": "2014-01-25 01:51:40.472376+00:00",
    "Computer": "IACIS-HDD-2014",
    "Channel": "Microsoft-Windows-WindowsUpdateClient/Operational",
    "Level": "Information",
    "EventData": {
      "updateGuid": "{3732354d-3dae-4e71-b82c-61a12c300f72}",
      "updateRevisionNumber": "201"
    },
    "RawXml": "<Event xmlns=\"http://schemas.microsoft.com/win/2004/08/events/event\"><System><Provider Name=\"Microsoft-Windows-WindowsUpdateClient\" Guid=\"{945a8954-c147-4acd-923f-40c45405a658}\"></Provider>\n<EventID Qualifiers=\"\">41</EventID>\n<Version>0</Version>\n<Level>4</Level>\n<Task>1</Task>\n<Opcode>12</Opcode>\n<Keywords>0x4000000000000014</Keywords>\n<TimeCreated SystemTime=\"2014-01-25 01:51:40.472376+00:00\"></TimeCreated>\n<EventRecordID>273</EventRecordID>\n<Correlation ActivityID=\"\" RelatedActivityID=\"\"></Correlation>\n<Execution ProcessID=\"888\" ThreadID=\"1216\"></Execution>\n<Channel>Microsoft-Windows-WindowsUpdateClient/Operational</Channel>\n<Computer>IACIS-HDD-2014</Computer>\n<Security UserID=\"S-1-5-18\"></Security>\n</System>\n<EventData><Data Name=\"updateGuid\">{3732354d-3dae-4e71-b82c-61a12c300f72}</Data>\n<Data Name=\"updateRevisionNumber\">201</Data>\n</EventData>\n</Event>\n"
  },
  {
    "EventID": 41,
    "Timestamp": "2014-01-25 01:51:40.472376+00:00",
    "Computer": "IACIS-HDD-2014",
    "Channel": "Microsoft-Windows-WindowsUpdateClient/Operational",
    "Level": "Information",
    "EventData": {
      "updateGuid": "{3739a53e-845d-4945-9a5f-f5ce38afcb56}",
      "updateRevisionNumber": "102"
    },
    "RawXml": "<Event xmlns=\"http://schemas.microsoft.com/win/2004/08/events/event\"><System><Provider Name=\"Microsoft-Windows-WindowsUpdateClient\" Guid=\"{945a8954-c147-4acd-923f-40c45405a658}\"></Provider>\n<EventID Qualifiers=\"\">41</EventID>\n<Version>0</Version>\n<Level>4</Level>\n<Task>1</Task>\n<Opcode>12</Opcode>\n<Keywords>0x4000000000000014</Keywords>\n<TimeCreated SystemTime=\"2014-01-25 01:51:40.472376+00:00\"></TimeCreated>\n<EventRecordID>274</EventRecordID>\n<Correlation ActivityID=\"\" RelatedActivityID=\"\"></Correlation>\n<Execution ProcessID=\"888\" ThreadID=\"1216\"></Execution>\n<Channel>Microsoft-Windows-WindowsUpdateClient/Operational</Channel>\n<Computer>IACIS-HDD-2014</Computer>\n<Security UserID=\"S-1-5-18\"></Security>\n</System>\n<EventData><Data Name=\"updateGuid\">{3739a53e-845d-4945-9a5f-f5ce38afcb56}</Data>\n<Data Name=\"updateRevisionNumber\">102</Data>\n</EventData>\n</Event>\n"
  },
