  {
    "EventID": 2003,
    "Timestamp": "2014-02-11 18:39:03.549355+00:00",
    "Computer": "IACIS-HDD-2014",
    "Channel": "Microsoft-Windows-DriverFrameworks-UserMode/Operational",
    "Level": "Information",
    "EventData": {},
    "RawXml": "<Event xmlns=\"http://schemas.microsoft.com/win/2004/08/events/event\"><System><Provider Name=\"Microsoft-Windows-DriverFrameworks-UserMode\" Guid=\"{2e35aaeb-857f-4beb-a418-2e6c0e54d988}\"></Provider>\n<EventID Qualifiers=\"\">2003</EventID>\n<Version>1</Version>\n<Level>4</Level>\n<Task>33</Task>\n<Opcode>1</Opcode>\n<Keywords>0x8000000000000000</Keywords>\n<TimeCreated SystemTime=\"2014-02-11 18:39:03.549355+00:00\"></TimeCreated>\n<EventRecordID>433</EventRecordID>\n<Correlation ActivityID=\"\" RelatedActivityID=\"\"></Correlation>\n<Execution ProcessID=\"3216\" ThreadID=\"804\"></Execution>\n<Channel>Microsoft-Windows-DriverFrameworks-UserMode/Operational</Channel>\n<Computer>IACIS-HDD-2014</Computer>\n<Security UserID=\"S-1-5-19\"></Security>\n</System>\n<UserData><UMDFHostDeviceArrivalBegin instance=\"WPDBUSENUMROOT\\UMB\\2&amp;37C186B&amp;0&amp;STORAGE#VOLUME#_??_USBSTOR#DISK&amp;VEN_KINGSTON&amp;PROD_DATATRAVELER_2.0&amp;REV_1.00#0019E001EA2D5A891A040057&amp;0#\" lifetime=\"{2febd489-e441-40fc-9a07-1229d780fdb4}\" xmlns:auto-ns2=\"http://schemas.microsoft.com/win/2004/08/events\" xmlns=\"http://www.microsoft.com/DriverFrameworks/UserMode/Event\"></UMDFHostDeviceArrivalBegin>\n</UserData>\n</Event>\n"
  },
  {
    "EventID": 2010,
    "Timestamp": "2014-02-11 18:39:03.549355+00:00",
    "Computer": "IACIS-HDD-2014",
    "Channel": "Microsoft-Windows-DriverFrameworks-UserMode/Operational",
    "Level": "Information",
    "EventData": {},
    "RawXml": "<Event xmlns=\"http://schemas.microsoft.com/win/2004/08/events/event\"><System><Provider Name=\"Microsoft-Windows-DriverFrameworks-UserMode\" Guid=\"{2e35aaeb-857f-4beb-a418-2e6c0e54d988}\"></Provider>\n<EventID Qualifiers=\"\">2010</EventID>\n<Version>1</Version>\n<Level>4</Level>\n<Task>33</Task>\n<Opcode>2</Opcode>\n<Keywords>0x8000000000000000</Keywords>\n<TimeCreated SystemTime=\"2014-02-11 18:39:03.549355+00:00\"></TimeCreated>\n<EventRecordID>434</EventRecordID>\n<Correlation ActivityID=\"\" RelatedActivityID=\"\"></Correlation>\n<Execution ProcessID=\"3216\" ThreadID=\"804\"></Execution>\n<Channel>Microsoft-Windows-DriverFrameworks-UserMode/Operational</Channel>\n<Computer>IACIS-HDD-2014</Computer>\n<Security UserID=\"S-1-5-19\"></Security>\n</System>\n<UserData><UMDFHostDeviceArrivalEnd instance=\"WPDBUSENUMROOT\\UMB\\2&amp;37C186B&amp;0&amp;STORAGE#VOLUME#_??_USBSTOR#DISK&amp;VEN_KINGSTON&amp;PROD_DATATRAVELER_2.0&amp;REV_1.00#0019E001EA2D5A891A040057&amp;0#\" lifetime=\"{2febd489-e441-40fc-9a07-1229d780fdb4}\" xmlns:auto-ns2=\"http://schemas.microsoft.com/win/2004/08/events\" xmlns=\"http://www.microsoft.com/DriverFrameworks/UserMode/Event\"><FinalStatus>0</FinalStatus>\n</UMDFHostDeviceArrivalEnd>\n</UserData>\n</Event>\n"
  },
  {
    "EventID": 2004,
    "Timestamp": "2014-02-11 18:39:03.549355+00:00",
    "Computer": "IACIS-HDD-2014",
    "Channel": "Microsoft-Windows-DriverFrameworks-UserMode/Operational",
    "Level": "Verbose",
    "EventData": {},
    "RawXml": "<Event xmlns=\"http://schemas.microsoft.com/win/2004/08/events/event\"><System><Provider Name=\"Microsoft-Windows-DriverFrameworks-UserMode\" Guid=\"{2e35aaeb-857f-4beb-a418-2e6c0e54d988}\"></Provider>\n<EventID Qualifiers=\"\">2004</EventID>\n<Version>1</Version>\n<Level>5</Level>\n<Task>33</Task>\n<Opcode>1</Opcode>\n<Keywords>0x8000000000000000</Keywords>\n<TimeCreated SystemTime=\"2014-02-11 18:39:03.549355+00:00\"></TimeCreated>\n<EventRecordID>435</EventRecordID>\n<Correlation ActivityID=\"\" RelatedActivityID=\"\"></Correlation>\n<Execution ProcessID=\"3216\" ThreadID=\"804\"></Execution>\n<Channel>Microsoft-Windows-DriverFrameworks-UserMode/Operational</Channel>\n<Computer>IACIS-HDD-2014</Computer>\n<Security UserID=\"S-1-5-19\"></Security>\n</System>\n<UserData><UMDFHostAddDeviceBegin instance=\"WPDBUSENUMROOT\\UMB\\2&amp;37C186B&amp;0&amp;STORAGE#VOLUME#_??_USBSTOR#DISK&amp;VEN_KINGSTON&amp;PROD_DATATRAVELER_2.0&amp;REV_1.00#0019E001EA2D5A891A040057&amp;0#\" lifetime=\"{2febd489-e441-40fc-9a07-1229d780fdb4}\" xmlns:auto-ns2=\"http://schemas.microsoft.com/win/2004/08/events\" xmlns=\"http://www.microsoft.com/DriverFrameworks/UserMode/Event\"><Level>0</Level>\n<Service>WpdFs</Service>\n<DriverClsid>{112de495-ac4c-46f8-b663-6a4266c53313}</DriverClsid>\n</UMDFHostAddDeviceBegin>\n</UserData>\n</Event>\n"
  },
  {
    "EventID": 2005,
    "Timestamp": "2014-02-11 18:39:03.549355+00:00",
    "Computer": "IACIS-HDD-2014",
    "Channel": "Microsoft-Windows-DriverFrameworks-UserMode/Operational",
    "Level": "Verbose",
    "EventData": {},
    "RawXml": "<Event xmlns=\"http://schemas.microsoft.com/win/2004/08/events/event\"><System><Provider Name=\"Microsoft-Windows-DriverFrameworks-UserMode\" Guid=\"{2e35aaeb-857f-4beb-a418-2e6c0e54d988}\"></Provider>\n<EventID Qualifiers=\"\">2005</EventID>\n<Version>1</Version>\n<Level>5</Level>\n<Task>33</Task>\n<Opcode>0</Opcode>\n<Keywords>0x8000000000000000</Keywords>\n<TimeCreated SystemTime=\"2014-02-11 18:39:03.549355+00:00\"></TimeCreated>\n<EventRecordID>436</EventRecordID>\n<Correlation ActivityID=\"\" RelatedActivityID=\"\"></Correlation>\n<Execution ProcessID=\"3216\" ThreadID=\"804\"></Execution>\n<Channel>Microsoft-Windows-DriverFrameworks-UserMode/Operational</Channel>\n<Computer>IACIS-HDD-2014</Computer>\n<Security UserID=\"S-1-5-19\"></Security>\n</System>\n<UserData><UMDFHostModuleLoad instance=\"WPDBUSENUMROOT\\UMB\\2&amp;37C186B&amp;0&amp;STORAGE#VOLUME#_??_USBSTOR#DISK&amp;VEN_KINGSTON&amp;PROD_DATATRAVELER_2.0&amp;REV_1.00#0019E001EA2D5A891A040057&amp;0#\" lifetime=\"{2febd489-e441-40fc-9a07-1229d780fdb4}\" xmlns:auto-ns2=\"http://schemas.microsoft.com/win/2004/08/events\" xmlns=\"http://www.microsoft.com/DriverFrameworks/UserMode/Event\"><ModulePath>C:\\Windows\\system32\\WUDFx.dll</ModulePath>\n<CompanyName>Microsoft Corporation</CompanyName>\n<FileDescription>WDF:UMDF Framework Library</FileDescription>\n<FileVersion>6.1.7601.17514 (win7sp1_rtm.101119-1850)</FileVersion>\n</UMDFHostModuleLoad>\n</UserData>\n</Event>\n"
  },
  {
    "EventID": 2005,
    "Timestamp": "2014-02-11 18:39:04.048555+00:00",
    "Computer": "IACIS-HDD-2014",
    "Channel": "Microsoft-Windows-DriverFrameworks-UserMode/Operational",
    "Level": "Verbose",
    "EventData": {},
    "RawXml": "<Event xmlns=\"http://schemas.microsoft.com/win/2004/08/events/event\"><System><Provider Name=\"Microsoft-Windows-DriverFrameworks-UserMode\" Guid=\"{2e35aaeb-857f-4beb-a418-2e6c0e54d988}\"></Provider>\n<EventID Qualifiers=\"\">2005</EventID>\n<Version>1</Version>\n<Level>5</Level>\n<Task>33</Task>\n<Opcode>0</Opcode>\n<Keywords>0x8000000000000000</Keywords>\n<TimeCreated SystemTime=\"2014-02-11 18:39:04.048555+00:00\"></TimeCreated>\n<EventRecordID>437</EventRecordID>\n<Correlation ActivityID=\"\" RelatedActivityID=\"\"></Correlation>\n<Execution ProcessID=\"3216\" ThreadID=\"804\"></Execution>\n<Channel>Microsoft-Windows-DriverFrameworks-UserMode/Operational</Channel>\n<Computer>IACIS-HDD-2014</Computer>\n<Security UserID=\"S-1-5-19\"></Security>\n</System>\n<UserData><UMDFHostModuleLoad instance=\"WPDBUSENUMROOT\\UMB\\2&amp;37C186B&amp;0&amp;STORAGE#VOLUME#_??_USBSTOR#DISK&amp;VEN_KINGSTON&amp;PROD_DATATRAVELER_2.0&amp;REV_1.00#0019E001EA2D5A891A040057&amp;0#\" lifetime=\"{2febd489-e441-40fc-9a07-1229d780fdb4}\" xmlns:auto-ns2=\"http://schemas.microsoft.com/win/2004/08/events\" xmlns=\"http://www.microsoft.com/DriverFrameworks/UserMode/Event\"><ModulePath>C:\\Windows\\System32\\drivers\\UMDF\\WpdFs.dll</ModulePath>\n<CompanyName>Microsoft Corporation</CompanyName>\n<FileDescription>Windows Portable Device File System Driver</FileDescription>\n<FileVersion>6.1.7600.16385 (win7_rtm.090713-1255)</FileVersion>\n</UMDFHostModuleLoad>\n</UserData>\n</Event>\n"
  },
  {
    "EventID": 2005,
    "Timestamp": "2014-02-11 18:39:04.048555+00:00",
    "Computer": "IACIS-HDD-2014",
    "Channel": "Microsoft-Windows-DriverFrameworks-UserMode/Operational",
    "Level": "Verbose",
    "EventData": {},
    "RawXml": "<Event xmlns=\"http://schemas.microsoft.com/win/2004/08/events/event\"><System><Provider Name=\"Microsoft-Windows-DriverFrameworks-UserMode\" Guid=\"{2e35aaeb-857f-4beb-a418-2e6c0e54d988}\"></Provider>\n<EventID Qualifiers=\"\">2005</EventID>\n<Version>1</Version>\n<Level>5</Level>\n<Task>33</Task>\n<Opcode>0</Opcode>\n<Keywords>0x8000000000000000</Keywords>\n<TimeCreated SystemTime=\"2014-02-11 18:39:04.048555+00:00\"></TimeCreated>\n<EventRecordID>438</EventRecordID>\n<Correlation ActivityID=\"\" RelatedActivityID=\"\"></Correlation>\n<Execution ProcessID=\"3216\" ThreadID=\"804\"></Execution>\n<Channel>Microsoft-Windows-DriverFrameworks-UserMode/Operational</Channel>\n<Computer>IACIS-HDD-2014</Computer>\n<Security UserID=\"S-1-5-19\"></Security>\n</System>\n<UserData><UMDFHostModuleLoad instance=\"WPDBUSENUMROOT\\UMB\\2&amp;37C186B&amp;0&amp;STORAGE#VOLUME#_??_USBSTOR#DISK&amp;VEN_KINGSTON&amp;PROD_DATATRAVELER_2.0&amp;REV_1.00#0019E001EA2D5A891A040057&amp;0#\" lifetime=\"{2febd489-e441-40fc-9a07-1229d780fdb4}\" xmlns:auto-ns2=\"http://schemas.microsoft.com/win/2004/08/events\" xmlns=\"http://www.microsoft.com/DriverFrameworks/UserMode/Event\"><ModulePath>C:\\Windows\\system32\\wmvcore.dll</ModulePath>\n<CompanyName>Microsoft Corporation</CompanyName>\n<FileDescription>Windows Media Playback/Authoring DLL</FileDescription>\n<FileVersion>12.0.7601.17514 (win7sp1_rtm.101119-1850)</FileVersion>\n</UMDFHostModuleLoad>\n</UserData>\n</Event>\n"
  },
  {
    "EventID": 2005,
    "Timestamp": "2014-02-11 18:39:04.048555+00:00",
    "Computer": "IACIS-HDD-2014",
    "Channel": "Microsoft-Windows-DriverFrameworks-UserMode/Operational",
    "Level": "Verbose",
    "EventData": {},
    "RawXml": "<Event xmlns=\"http://schemas.microsoft.com/win/2004/08/events/event\"><System><Provider Name=\"Microsoft-Windows-DriverFrameworks-UserMode\" Guid=\"{2e35aaeb-857f-4beb-a418-2e6c0e54d988}\"></Provider>\n<EventID Qualifiers=\"\">2005</EventID>\n<Version>1</Version>\n<Level>5</Level>\n<Task>33</Task>\n<Opcode>0</Opcode>\n<Keywords>0x8000000000000000</Keywords>\n<TimeCreated SystemTime=\"2014-02-11 18:39:04.048555+00:00\"></TimeCreated>\n<EventRecordID>439</EventRecordID>\n<Correlation ActivityID=\"\" RelatedActivityID=\"\"></Correlation>\n<Execution ProcessID=\"3216\" ThreadID=\"804\"></Execution>\n<Channel>Microsoft-Windows-DriverFrameworks-UserMode/Operational</Channel>\n<Computer>IACIS-HDD-2014</Computer>\n<Security UserID=\"S-1-5-19\"></Security>\n</System>\n<UserData><UMDFHostModuleLoad instance=\"WPDBUSENUMROOT\\UMB\\2&amp;37C186B&amp;0&amp;STORAGE#VOLUME#_??_USBSTOR#DISK&amp;VEN_KINGSTON&amp;PROD_DATATRAVELER_2.0&amp;REV_1.00#0019E001EA2D5A891A040057&amp;0#\" lifetime=\"{2febd489-e441-40fc-9a07-1229d780fdb4}\" xmlns:auto-ns2=\"http://schemas.microsoft.com/win/2004/08/events\" xmlns=\"http://www.microsoft.com/DriverFrameworks/UserMode/Event\"><ModulePath>C:\\Windows\\system32\\WMASF.DLL</ModulePath>\n<CompanyName>Microsoft Corporation</CompanyName>\n<FileDescription>Windows Media ASF DLL</FileDescription>\n<FileVersion>12.0.7600.16385 (win7_rtm.090713-1255)</FileVersion>\n</UMDFHostModuleLoad>\n</UserData>\n</Event>\n"
  },
  {
    "EventID": 2005,
    "Timestamp": "2014-02-11 18:39:04.048555+00:00",
    "Computer": "IACIS-HDD-2014",
    "Channel": "Microsoft-Windows-DriverFrameworks-UserMode/Operational",
    "Level": "Verbose",
    "EventData": {},
    "RawXml": "<Event xmlns=\"http://schemas.microsoft.com/win/2004/08/events/event\"><System><Provider Name=\"Microsoft-Windows-DriverFrameworks-UserMode\" Guid=\"{2e35aaeb-857f-4beb-a418-2e6c0e54d988}\"></Provider>\n<EventID Qualifiers=\"\">2005</EventID>\n<Version>1</Version>\n<Level>5</Level>\n<Task>33</Task>\n<Opcode>0</Opcode>\n<Keywords>0x8000000000000000</Keywords>\n<TimeCreated SystemTime=\"2014-02-11 18:39:04.048555+00:00\"></TimeCreated>\n<EventRecordID>440</EventRecordID>\n<Correlation ActivityID=\"\" RelatedActivityID=\"\"></Correlation>\n<Execution ProcessID=\"3216\" ThreadID=\"804\"></Execution>\n<Channel>Microsoft-Windows-DriverFrameworks-UserMode/Operational</Channel>\n<Computer>IACIS-HDD-2014</Computer>\n<Security UserID=\"S-1-5-19\"></Security>\n</System>\n<UserData><UMDFHostModuleLoad instance=\"WPDBUSENUMROOT\\UMB\\2&amp;37C186B&amp;0&amp;STORAGE#VOLUME#_??_USBSTOR#DISK&amp;VEN_KINGSTON&amp;PROD_DATATRAVELER_2.0&amp;REV_1.00#0019E001EA2D5A891A040057&amp;0#\" lifetime=\"{2febd489-e441-40fc-9a07-1229d780fdb4}\" xmlns:auto-ns2=\"http://schemas.microsoft.com/win/2004/08/events\" xmlns=\"http://www.microsoft.com/DriverFrameworks/UserMode/Event\"><ModulePath>C:\\Windows\\WinSxS\\amd64_microsoft.windows.gdiplus_6595b64144ccf1df_1.1.7601.18120_none_2b25b14c71ebf230\\gdiplus.dll</ModulePath>\n<CompanyName>Microsoft Corporation</CompanyName>\n<FileDescription>Microsoft GDI+</FileDescription>\n<FileVersion>6.1.7601.18120 (win7sp1_gdr.130402-1532)</FileVersion>\n</UMDFHostModuleLoad>\n</UserData>\n</Event>\n"
  },
  {
    "EventID": 2006,
    "Timestamp": "2014-02-11 18:39:04.048555+00:00",
    "Computer": "IACIS-HDD-2014",
    "Channel": "Microsoft-Windows-DriverFrameworks-UserMode/Operational",
    "Level": "Verbose",
    "EventData": {},
    "RawXml": "<Event xmlns=\"http://schemas.microsoft.com/win/2004/08/events/event\"><System><Provider Name=\"Microsoft-Windows-DriverFrameworks-UserMode\" Guid=\"{2e35aaeb-857f-4beb-a418-2e6c0e54d988}\"></Provider>\n<EventID Qualifiers=\"\">2006</EventID>\n<Version>1</Version>\n<Level>5</Level>\n<Task>33</Task>\n<Opcode>2</Opcode>\n<Keywords>0x8000000000000000</Keywords>\n<TimeCreated SystemTime=\"2014-02-11 18:39:04.048555+00:00\"></TimeCreated>\n<EventRecordID>441</EventRecordID>\n<Correlation ActivityID=\"\" RelatedActivityID=\"\"></Correlation>\n<Execution ProcessID=\"3216\" ThreadID=\"804\"></Execution>\n<Channel>Microsoft-Windows-DriverFrameworks-UserMode/Operational</Channel>\n<Computer>IACIS-HDD-2014</Computer>\n<Security UserID=\"S-1-5-19\"></Security>\n</System>\n<UserData><UMDFHostAddDeviceEnd instance=\"WPDBUSENUMROOT\\UMB\\2&amp;37C186B&amp;0&amp;STORAGE#VOLUME#_??_USBSTOR#DISK&amp;VEN_KINGSTON&amp;PROD_DATATRAVELER_2.0&amp;REV_1.00#0019E001EA2D5A891A040057&amp;0#\" lifetime=\"{2febd489-e441-40fc-9a07-1229d780fdb4}\" xmlns:auto-ns2=\"http://schemas.microsoft.com/win/2004/08/events\" xmlns=\"http://www.microsoft.com/DriverFrameworks/UserMode/Event\"><Level>0</Level>\n<FinalStatus>0</FinalStatus>\n</UMDFHostAddDeviceEnd>\n</UserData>\n</Event>\n"
  },
  {
    "EventID": 2100,
    "Timestamp": "2014-02-11 18:39:04.048555+00:00",
    "Computer": "IACIS-HDD-2014",
    "Channel": "Microsoft-Windows-DriverFrameworks-UserMode/Operational",
    "Level": "Information",
    "EventData": {},
    "RawXml": "<Event xmlns=\"http://schemas.microsoft.com/win/2004/08/events/event\"><System><Provider Name=\"Microsoft-Windows-DriverFrameworks-UserMode\" Guid=\"{2e35aaeb-857f-4beb-a418-2e6c0e54d988}\"></Provider>\n<EventID Qualifiers=\"\">2100</EventID>\n<Version>1</Version>\n<Level>4</Level>\n<Task>37</Task>\n<Opcode>1</Opcode>\n<Keywords>0x8000000000000000</Keywords>\n<TimeCreated SystemTime=\"2014-02-11 18:39:04.048555+00:00\"></TimeCreated>\n<EventRecordID>442</EventRecordID>\n<Correlation ActivityID=\"\" RelatedActivityID=\"\"></Correlation>\n<Execution ProcessID=\"3216\" ThreadID=\"804\"></Execution>\n<Channel>Microsoft-Windows-DriverFrameworks-UserMode/Operational</Channel>\n<Computer>IACIS-HDD-2014</Computer>\n<Security UserID=\"S-1-5-19\"></Security>\n</System>\n<UserData><UMDFHostDeviceRequest instance=\"WPDBUSENUMROOT\\UMB\\2&amp;37C186B&amp;0&amp;STORAGE#VOLUME#_??_USBSTOR#DISK&amp;VEN_KINGSTON&amp;PROD_DATATRAVELER_2.0&amp;REV_1.00#0019E001EA2D5A891A040057&amp;0#\" lifetime=\"{2febd489-e441-40fc-9a07-1229d780fdb4}\" xmlns:auto-ns2=\"http://schemas.microsoft.com/win/2004/08/events\" xmlns=\"http://www.microsoft.com/DriverFrameworks/UserMode/Event\"><Request major=\"27\" minor=\"0\"><Argument>0x0000000000000000</Argument>\n<Argument>0x0000000000000000</Argument>\n<Argument>0x0000000000000000</Argument>\n<Argument>0x0000000000000000</Argument>\n</Request>\n<Status>3221225659</Status>\n</UMDFHostDeviceRequest>\n</UserData>\n</Event>\n"
  },
  {
    "EventID": 2105,
    "Timestamp": "2014-02-11 18:39:04.048555+00:00",
    "Computer": "IACIS-HDD-2014",
    "Channel": "Microsoft-Windows-DriverFrameworks-UserMode/Operational",
    "Level": "Information",
    "EventData": {},
    "RawXml": "<Event xmlns=\"http://schemas.microsoft.com/win/2004/08/events/event\"><System><Provider Name=\"Microsoft-Windows-DriverFrameworks-UserMode\" Guid=\"{2e35aaeb-857f-4beb-a418-2e6c0e54d988}\"></Provider>\n<EventID Qualifiers=\"\">2105</EventID>\n<Version>1</Version>\n<Level>4</Level>\n<Task>37</Task>\n<Opcode>1</Opcode>\n<Keywords>0x8000000000000000</Keywords>\n<TimeCreated SystemTime=\"2014-02-11 18:39:04.048555+00:00\"></TimeCreated>\n<EventRecordID>443</EventRecordID>\n<Correlation ActivityID=\"\" RelatedActivityID=\"\"></Correlation>\n<Execution ProcessID=\"3216\" ThreadID=\"804\"></Execution>\n<Channel>Microsoft-Windows-DriverFrameworks-UserMode/Operational</Channel>\n<Computer>IACIS-HDD-2014</Computer>\n<Security UserID=\"S-1-5-19\"></Security>\n</System>\n<UserData><UMDFHostDeviceRequest instance=\"WPDBUSENUMROOT\\UMB\\2&amp;37C186B&amp;0&amp;STORAGE#VOLUME#_??_USBSTOR#DISK&amp;VEN_KINGSTON&amp;PROD_DATATRAVELER_2.0&amp;REV_1.00#0019E001EA2D5A891A040057&amp;0#\" lifetime=\"{2febd489-e441-40fc-9a07-1229d780fdb4}\" xmlns:auto-ns2=\"http://schemas.microsoft.com/win/2004/08/events\" xmlns=\"http://www.microsoft.com/DriverFrameworks/UserMode/Event\"><Request major=\"27\" minor=\"0\"><Argument>0x0000000000000000</Argument>\n<Argument>0x0000000000000000</Argument>\n<Argument>0x0000000000000000</Argument>\n<Argument>0x0000000000000000</Argument>\n</Request>\n<Status>3221225659</Status>\n</UMDFHostDeviceRequest>\n</UserData>\n</Event>\n"
  },
  {
    "EventID": 2106,
    "Timestamp": "2014-02-11 18:39:04.048555+00:00",
    "Computer": "IACIS-HDD-2014",
    "Channel": "Microsoft-Windows-DriverFrameworks-UserMode/Operational",
    "Level": "Information",
    "EventData": {},
    "RawXml": "<Event xmlns=\"http://schemas.microsoft.com/win/2004/08/events/event\"><System><Provider Name=\"Microsoft-Windows-DriverFrameworks-UserMode\" Guid=\"{2e35aaeb-857f-4beb-a418-2e6c0e54d988}\"></Provider>\n<EventID Qualifiers=\"\">2106</EventID>\n<Version>1</Version>\n<Level>4</Level>\n<Task>37</Task>\n<Opcode>1</Opcode>\n<Keywords>0x8000000000000000</Keywords>\n<TimeCreated SystemTime=\"2014-02-11 18:39:04.048555+00:00\"></TimeCreated>\n<EventRecordID>444</EventRecordID>\n<Correlation ActivityID=\"\" RelatedActivityID=\"\"></Correlation>\n<Execution ProcessID=\"3216\" ThreadID=\"804\"></Execution>\n<Channel>Microsoft-Windows-DriverFrameworks-UserMode/Operational</Channel>\n<Computer>IACIS-HDD-2014</Computer>\n<Security UserID=\"S-1-5-19\"></Security>\n</System>\n<UserData><UMDFHostDeviceRequest instance=\"WPDBUSENUMROOT\\UMB\\2&amp;37C186B&amp;0&amp;STORAGE#VOLUME#_??_USBSTOR#DISK&amp;VEN_KINGSTON&amp;PROD_DATATRAVELER_2.0&amp;REV_1.00#0019E001EA2D5A891A040057&amp;0#\" lifetime=\"{2febd489-e441-40fc-9a07-1229d780fdb4}\" xmlns:auto-ns2=\"http://schemas.microsoft.com/win/2004/08/events\" xmlns=\"http://www.microsoft.com/DriverFrameworks/UserMode/Event\"><Request major=\"27\" minor=\"0\"><Argument>0x0000000000000000</Argument>\n<Argument>0x0000000000000000</Argument>\n<Argument>0x0000000000000000</Argument>\n<Argument>0x0000000000000000</Argument>\n</Request>\n<Status>0</Status>\n</UMDFHostDeviceRequest>\n</UserData>\n</Event>\n"
  },
  {
    "EventID": 2101,
    "Timestamp": "2014-02-11 18:39:04.173355+00:00",
    "Computer": "IACIS-HDD-2014",
    "Channel": "Microsoft-Windows-DriverFrameworks-UserMode/Operational",
    "Level": "Information",
    "EventData": {},
    "RawXml": "<Event xmlns=\"http://schemas.microsoft.com/win/2004/08/events/event\"><System><Provider Name=\"Microsoft-Windows-DriverFrameworks-UserMode\" Guid=\"{2e35aaeb-857f-4beb-a418-2e6c0e54d988}\"></Provider>\n<EventID Qualifiers=\"\">2101</EventID>\n<Version>1</Version>\n<Level>4</Level>\n<Task>37</Task>\n<Opcode>2</Opcode>\n<Keywords>0x8000000000000000</Keywords>\n<TimeCreated SystemTime=\"2014-02-11 18:39:04.173355+00:00\"></TimeCreated>\n<EventRecordID>445</EventRecordID>\n<Correlation ActivityID=\"\" RelatedActivityID=\"\"></Correlation>\n<Execution ProcessID=\"3216\" ThreadID=\"804\"></Execution>\n<Channel>Microsoft-Windows-DriverFrameworks-UserMode/Operational</Channel>\n<Computer>IACIS-HDD-2014</Computer>\n<Security UserID=\"S-1-5-19\"></Security>\n</System>\n<UserData><UMDFHostDeviceRequest instance=\"WPDBUSENUMROOT\\UMB\\2&amp;37C186B&amp;0&amp;STORAGE#VOLUME#_??_USBSTOR#DISK&amp;VEN_KINGSTON&amp;PROD_DATATRAVELER_2.0&amp;REV_1.00#0019E001EA2D5A891A040057&amp;0#\" lifetime=\"{2febd489-e441-40fc-9a07-1229d780fdb4}\" xmlns:auto-ns2=\"http://schemas.microsoft.com/win/2004/08/events\" xmlns=\"http://www.microsoft.com/DriverFrameworks/UserMode/Event\"><Request major=\"27\" minor=\"0\"><Argument>0x0000000000000000</Argument>\n<Argument>0x000000000000001b</Argument>\n<Argument>0x0000000000000000</Argument>\n<Argument>0x0000000000000000</Argument>\n</Request>\n<Status>0</Status>\n</UMDFHostDeviceRequest>\n</UserData>\n</Event>\n"
  },
  {
    "EventID": 2100,
    "Timestamp": "2014-02-11 18:39:04.173355+00:00",
    "Computer": "IACIS-HDD-2014",
    "Channel": "Microsoft-Windows-DriverFrameworks-UserMode/Operational",
    "Level": "Information",
    "EventData": {},
    "RawXml": "<Event xmlns=\"http://schemas.microsoft.com/win/2004/08/events/event\"><System><Provider Name=\"Microsoft-Windows-DriverFrameworks-UserMode\" Guid=\"{2e35aaeb-857f-4beb-a418-2e6c0e54d988}\"></Provider>\n<EventID Qualifiers=\"\">2100</EventID>\n<Version>1</Version>\n<Level>4</Level>\n<Task>37</Task>\n<Opcode>1</Opcode>\n<Keywords>0x8000000000000000</Keywords>\n<TimeCreated SystemTime=\"2014-02-11 18:39:04.173355+00:00\"></TimeCreated>\n<EventRecordID>446</EventRecordID>\n<Correlation ActivityID=\"\" RelatedActivityID=\"\"></Correlation>\n<Execution ProcessID=\"3216\" ThreadID=\"2508\"></Execution>\n<Channel>Microsoft-Windows-DriverFrameworks-UserMode/Operational</Channel>\n<Computer>IACIS-HDD-2014</Computer>\n<Security UserID=\"S-1-5-19\"></Security>\n</System>\n<UserData><UMDFHostDeviceRequest instance=\"WPDBUSENUMROOT\\UMB\\2&amp;37C186B&amp;0&amp;STORAGE#VOLUME#_??_USBSTOR#DISK&amp;VEN_KINGSTON&amp;PROD_DATATRAVELER_2.0&amp;REV_1.00#0019E001EA2D5A891A040057&amp;0#\" lifetime=\"{2febd489-e441-40fc-9a07-1229d780fdb4}\" xmlns:auto-ns2=\"http://schemas.microsoft.com/win/2004/08/events\" xmlns=\"http://www.microsoft.com/DriverFrameworks/UserMode/Event\"><Request major=\"27\" minor=\"9\"><Argument>0x0000000000010040</Argument>\n<Argument>0xffffffffffffffff</Argument>\n<Argument>0x0000000000000000</Argument>\n<Argument>0x0000000000000000</Argument>\n</Request>\n<Status>3221225659</Status>\n</UMDFHostDeviceRequest>\n</UserData>\n</Event>\n"
  },
  {
    "EventID": 2105,
    "Timestamp": "2014-02-11 18:39:04.173355+00:00",
    "Computer": "IACIS-HDD-2014",
    "Channel": "Microsoft-Windows-DriverFrameworks-UserMode/Operational",
    "Level": "Information",
    "EventData": {},
    "RawXml": "<Event xmlns=\"http://schemas.microsoft.com/win/2004/08/events/event\"><System><Provider Name=\"Microsoft-Windows-DriverFrameworks-UserMode\" Guid=\"{2e35aaeb-857f-4beb-a418-2e6c0e54d988}\"></Provider>\n<EventID Qualifiers=\"\">2105</EventID>\n<Version>1</Version>\n<Level>4</Level>\n<Task>37</Task>\n<Opcode>1</Opcode>\n<Keywords>0x8000000000000000</Keywords>\n<TimeCreated SystemTime=\"2014-02-11 18:39:04.173355+00:00\"></TimeCreated>\n<EventRecordID>447</EventRecordID>\n<Correlation ActivityID=\"\" RelatedActivityID=\"\"></Correlation>\n<Execution ProcessID=\"3216\" ThreadID=\"2508\"></Execution>\n<Channel>Microsoft-Windows-DriverFrameworks-UserMode/Operational</Channel>\n<Computer>IACIS-HDD-2014</Computer>\n<Security UserID=\"S-1-5-19\"></Security>\n</System>\n<UserData><UMDFHostDeviceRequest instance=\"WPDBUSENUMROOT\\UMB\\2&amp;37C186B&amp;0&amp;STORAGE#VOLUME#_??_USBSTOR#DISK&amp;VEN_KINGSTON&amp;PROD_DATATRAVELER_2.0&amp;REV_1.00#0019E001EA2D5A891A040057&amp;0#\" lifetime=\"{2febd489-e441-40fc-9a07-1229d780fdb4}\" xmlns:auto-ns2=\"http://schemas.microsoft.com/win/2004/08/events\" xmlns=\"http://www.microsoft.com/DriverFrameworks/UserMode/Event\"><Request major=\"27\" minor=\"9\"><Argument>0x0000000000010040</Argument>\n<Argument>0xffffffffffffffff</Argument>\n<Argument>0x0000000000000000</Argument>\n<Argument>0x0000000000000000</Argument>\n</Request>\n<Status>3221225659</Status>\n</UMDFHostDeviceRequest>\n</UserData>\n</Event>\n"
  },
  {
    "EventID": 2106,
    "Timestamp": "2014-02-11 18:39:04.173355+00:00",
    "Computer": "IACIS-HDD-2014",
    "Channel": "Microsoft-Windows-DriverFrameworks-UserMode/Operational",
    "Level": "Information",
    "EventData": {},
    "RawXml": "<Event xmlns=\"http://schemas.microsoft.com/win/2004/08/events/event\"><System><Provider Name=\"Microsoft-Windows-DriverFrameworks-UserMode\" Guid=\"{2e35aaeb-857f-4beb-a418-2e6c0e54d988}\"></Provider>\n<EventID Qualifiers=\"\">2106</EventID>\n<Version>1</Version>\n<Level>4</Level>\n<Task>37</Task>\n<Opcode>1</Opcode>\n<Keywords>0x8000000000000000</Keywords>\n<TimeCreated SystemTime=\"2014-02-11 18:39:04.173355+00:00\"></TimeCreated>\n<EventRecordID>448</EventRecordID>\n<Correlation ActivityID=\"\" RelatedActivityID=\"\"></Correlation>\n<Execution ProcessID=\"3216\" ThreadID=\"2508\"></Execution>\n<Channel>Microsoft-Windows-DriverFrameworks-UserMode/Operational</Channel>\n<Computer>IACIS-HDD-2014</Computer>\n<Security UserID=\"S-1-5-19\"></Security>\n</System>\n<UserData><UMDFHostDeviceRequest instance=\"WPDBUSENUMROOT\\UMB\\2&amp;37C186B&amp;0&amp;STORAGE#VOLUME#_??_USBSTOR#DISK&amp;VEN_KINGSTON&amp;PROD_DATATRAVELER_2.0&amp;REV_1.00#0019E001EA2D5A891A040057&amp;0#\" lifetime=\"{2febd489-e441-40fc-9a07-1229d780fdb4}\" xmlns:auto-ns2=\"http://schemas.microsoft.com/win/2004/08/events\" xmlns=\"http://www.microsoft.com/DriverFrameworks/UserMode/Event\"><Request major=\"27\" minor=\"9\"><Argument>0x0000000000010040</Argument>\n<Argument>0xffffffffffffffff</Argument>\n<Argument>0x0000000000000000</Argument>\n<Argument>0x0000000000000000</Argument>\n</Request>\n<Status>0</Status>\n</UMDFHostDeviceRequest>\n</UserData>\n</Event>\n"
  },
  {
    "EventID": 2101,
    "Timestamp": "2014-02-11 18:39:04.173355+00:00",
    "Computer": "IACIS-HDD-2014",
    "Channel": "Microsoft-Windows-DriverFrameworks-UserMode/Operational",
    "Level": "Information",
    "EventData": {},
    "RawXml": "<Event xmlns=\"http://schemas.microsoft.com/win/2004/08/events/event\"><System><Provider Name=\"Microsoft-Windows-DriverFrameworks-UserMode\" Guid=\"{2e35aaeb-857f-4beb-a418-2e6c0e54d988}\"></Provider>\n<EventID Qualifiers=\"\">2101</EventID>\n<Version>1</Version>\n<Level>4</Level>\n<Task>37</Task>\n<Opcode>2</Opcode>\n<Keywords>0x8000000000000000</Keywords>\n<TimeCreated SystemTime=\"2014-02-11 18:39:04.173355+00:00\"></TimeCreated>\n<EventRecordID>449</EventRecordID>\n<Correlation ActivityID=\"\" RelatedActivityID=\"\"></Correlation>\n<Execution ProcessID=\"3216\" ThreadID=\"2508\"></Execution>\n<Channel>Microsoft-Windows-DriverFrameworks-UserMode/Operational</Channel>\n<Computer>IACIS-HDD-2014</Computer>\n<Security UserID=\"S-1-5-19\"></Security>\n</System>\n<UserData><UMDFHostDeviceRequest instance=\"WPDBUSENUMROOT\\UMB\\2&amp;37C186B&amp;0&amp;STORAGE#VOLUME#_??_USBSTOR#DISK&amp;VEN_KINGSTON&amp;PROD_DATATRAVELER_2.0&amp;REV_1.00#0019E001EA2D5A891A040057&amp;0#\" lifetime=\"{2febd489-e441-40fc-9a07-1229d780fdb4}\" xmlns:auto-ns2=\"http://schemas.microsoft.com/win/2004/08/events\" xmlns=\"http://www.microsoft.com/DriverFrameworks/UserMode/Event\"><Request major=\"27\" minor=\"9\"><Argument>0x00000a9100010040</Argument>\n<Argument>0xffffffffffffffff</Argument>\n<Argument>0x0000000200000000</Argument>\n<Argument>0x0000000300000002</Argument>\n</Request>\n<Status>0</Status>\n</UMDFHostDeviceRequest>\n</UserData>\n</Event>\n"
  },
  {
    "EventID": 2100,
    "Timestamp": "2014-02-11 18:39:04.173355+00:00",
    "Computer": "IACIS-HDD-2014",
    "Channel": "Microsoft-Windows-DriverFrameworks-UserMode/Operational",
    "Level": "Information",
    "EventData": {},
    "RawXml": "<Event xmlns=\"http://schemas.microsoft.com/win/2004/08/events/event\"><System><Provider Name=\"Microsoft-Windows-DriverFrameworks-UserMode\" Guid=\"{2e35aaeb-857f-4beb-a418-2e6c0e54d988}\"></Provider>\n<EventID Qualifiers=\"\">2100</EventID>\n<Version>1</Version>\n<Level>4</Level>\n<Task>37</Task>\n<Opcode>1</Opcode>\n<Keywords>0x8000000000000000</Keywords>\n<TimeCreated SystemTime=\"2014-02-11 18:39:04.173355+00:00\"></TimeCreated>\n<EventRecordID>450</EventRecordID>\n<Correlation ActivityID=\"\" RelatedActivityID=\"\"></Correlation>\n<Execution ProcessID=\"3216\" ThreadID=\"804\"></Execution>\n<Channel>Microsoft-Windows-DriverFrameworks-UserMode/Operational</Channel>\n<Computer>IACIS-HDD-2014</Computer>\n<Security UserID=\"S-1-5-19\"></Security>\n</System>\n<UserData><UMDFHostDeviceRequest instance=\"WPDBUSENUMROOT\\UMB\\2&amp;37C186B&amp;0&amp;STORAGE#VOLUME#_??_USBSTOR#DISK&amp;VEN_KINGSTON&amp;PROD_DATATRAVELER_2.0&amp;REV_1.00#0019E001EA2D5A891A040057&amp;0#\" lifetime=\"{2febd489-e441-40fc-9a07-1229d780fdb4}\" xmlns:auto-ns2=\"http://schemas.microsoft.com/win/2004/08/events\" xmlns=\"http://www.microsoft.com/DriverFrameworks/UserMode/Event\"><Request major=\"27\" minor=\"20\"><Argument>0x0000000000000000</Argument>\n<Argument>0x0000000000000000</Argument>\n<Argument>0x0000000000000000</Argument>\n<Argument>0x0000000000000000</Argument>\n</Request>\n<Status>3221225659</Status>\n</UMDFHostDeviceRequest>\n</UserData>\n</Event>\n"
  },
  {
    "EventID": 2105,
    "Timestamp": "2014-02-11 18:39:04.173355+00:00",
    "Computer": "IACIS-HDD-2014",
    "Channel": "Microsoft-Windows-DriverFrameworks-UserMode/Operational",
    "Level": "Information",
    "EventData": {},
    "RawXml": "<Event xmlns=\"http://schemas.microsoft.com/win/2004/08/events/event\"><System><Provider Name=\"Microsoft-Windows-DriverFrameworks-UserMode\" Guid=\"{2e35aaeb-857f-4beb-a418-2e6c0e54d988}\"></Provider>\n<EventID Qualifiers=\"\">2105</EventID>\n<Version>1</Version>\n<Level>4</Level>\n<Task>37</Task>\n<Opcode>1</Opcode>\n<Keywords>0x8000000000000000</Keywords>\n<TimeCreated SystemTime=\"2014-02-11 18:39:04.173355+00:00\"></TimeCreated>\n<EventRecordID>451</EventRecordID>\n<Correlation ActivityID=\"\" RelatedActivityID=\"\"></Correlation>\n<Execution ProcessID=\"3216\" ThreadID=\"804\"></Execution>\n<Channel>Microsoft-Windows-DriverFrameworks-UserMode/Operational</Channel>\n<Computer>IACIS-HDD-2014</Computer>\n<Security UserID=\"S-1-5-19\"></Security>\n</System>\n<UserData><UMDFHostDeviceRequest instance=\"WPDBUSENUMROOT\\UMB\\2&amp;37C186B&amp;0&amp;STORAGE#VOLUME#_??_USBSTOR#DISK&amp;VEN_KINGSTON&amp;PROD_DATATRAVELER_2.0&amp;REV_1.00#0019E001EA2D5A891A040057&amp;0#\" lifetime=\"{2febd489-e441-40fc-9a07-1229d780fdb4}\" xmlns:auto-ns2=\"http://schemas.microsoft.com/win/2004/08/events\" xmlns=\"http://www.microsoft.com/DriverFrameworks/UserMode/Event\"><Request major=\"27\" minor=\"20\"><Argument>0x0000000000000000</Argument>\n<Argument>0x0000000000000000</Argument>\n<Argument>0x0000000000000000</Argument>\n<Argument>0x0000000000000000</Argument>\n</Request>\n<Status>3221225659</Status>\n</UMDFHostDeviceRequest>\n</UserData>\n</Event>\n"
  },
  {
    "EventID": 2106,
    "Timestamp": "2014-02-11 18:39:04.173355+00:00",
    "Computer": "IACIS-HDD-2014",
    "Channel": "Microsoft-Windows-DriverFrameworks-UserMode/Operational",
    "Level": "Information",
    "EventData": {},
    "RawXml": "<Event xmlns=\"http://schemas.microsoft.com/win/2004/08/events/event\"><System><Provider Name=\"Microsoft-Windows-DriverFrameworks-UserMode\" Guid=\"{2e35aaeb-857f-4beb-a418-2e6c0e54d988}\"></Provider>\n<EventID Qualifiers=\"\">2106</EventID>\n<Version>1</Version>\n<Level>4</Level>\n<Task>37</Task>\n<Opcode>1</Opcode>\n<Keywords>0x8000000000000000</Keywords>\n<TimeCreated SystemTime=\"2014-02-11 18:39:04.173355+00:00\"></TimeCreated>\n<EventRecordID>452</EventRecordID>\n<Correlation ActivityID=\"\" RelatedActivityID=\"\"></Correlation>\n<Execution ProcessID=\"3216\" ThreadID=\"804\"></Execution>\n<Channel>Microsoft-Windows-DriverFrameworks-UserMode/Operational</Channel>\n<Computer>IACIS-HDD-2014</Computer>\n<Security UserID=\"S-1-5-19\"></Security>\n</System>\n<UserData><UMDFHostDeviceRequest instance=\"WPDBUSENUMROOT\\UMB\\2&amp;37C186B&amp;0&amp;STORAGE#VOLUME#_??_USBSTOR#DISK&amp;VEN_KINGSTON&amp;PROD_DATATRAVELER_2.0&amp;REV_1.00#0019E001EA2D5A891A040057&amp;0#\" lifetime=\"{2febd489-e441-40fc-9a07-1229d780fdb4}\" xmlns:auto-ns2=\"http://schemas.microsoft.com/win/2004/08/events\" xmlns=\"http://www.microsoft.com/DriverFrameworks/UserMode/Event\"><Request major=\"27\" minor=\"20\"><Argument>0x0000000000000000</Argument>\n<Argument>0x0000000000000000</Argument>\n<Argument>0x0000000000000000</Argument>\n<Argument>0x0000000000000000</Argument>\n</Request>\n<Status>0</Status>\n</UMDFHostDeviceRequest>\n</UserData>\n</Event>\n"
  },
  {
    "EventID": 2101,
    "Timestamp": "2014-02-11 18:39:04.173355+00:00",
    "Computer": "IACIS-HDD-2014",
    "Channel": "Microsoft-Windows-DriverFrameworks-UserMode/Operational",
    "Level": "Information",
    "EventData": {},
    "RawXml": "<Event xmlns=\"http://schemas.microsoft.com/win/2004/08/events/event\"><System><Provider Name=\"Microsoft-Windows-DriverFrameworks-UserMode\" Guid=\"{2e35aaeb-857f-4beb-a418-2e6c0e54d988}\"></Provider>\n<EventID Qualifiers=\"\">2101</EventID>\n<Version>1</Version>\n<Level>4</Level>\n<Task>37</Task>\n<Opcode>2</Opcode>\n<Keywords>0x8000000000000000</Keywords>\n<TimeCreated SystemTime=\"2014-02-11 18:39:04.173355+00:00\"></TimeCreated>\n<EventRecordID>453</EventRecordID>\n<Correlation ActivityID=\"\" RelatedActivityID=\"\"></Correlation>\n<Execution ProcessID=\"3216\" ThreadID=\"804\"></Execution>\n<Channel>Microsoft-Windows-DriverFrameworks-UserMode/Operational</Channel>\n<Computer>IACIS-HDD-2014</Computer>\n<Security UserID=\"S-1-5-19\"></Security>\n</System>\n<UserData><UMDFHostDeviceRequest instance=\"WPDBUSENUMROOT\\UMB\\2&amp;37C186B&amp;0&amp;STORAGE#VOLUME#_??_USBSTOR#DISK&amp;VEN_KINGSTON&amp;PROD_DATATRAVELER_2.0&amp;REV_1.00#0019E001EA2D5A891A040057&amp;0#\" lifetime=\"{2febd489-e441-40fc-9a07-1229d780fdb4}\" xmlns:auto-ns2=\"http://schemas.microsoft.com/win/2004/08/events\" xmlns=\"http://www.microsoft.com/DriverFrameworks/UserMode/Event\"><Request major=\"27\" minor=\"20\"><Argument>0x0000000000000000</Argument>\n<Argument>0x000000000000141b</Argument>\n<Argument>0x0000000000000000</Argument>\n<Argument>0x0000000000000000</Argument>\n</Request>\n<Status>0</Status>\n</UMDFHostDeviceRequest>\n</UserData>\n</Event>\n"
  },
  {
    "EventID": 2100,
    "Timestamp": "2014-02-11 18:39:48.061033+00:00",
    "Computer": "IACIS-HDD-2014",
    "Channel": "Microsoft-Windows-DriverFrameworks-UserMode/Operational",
    "Level": "Information",
    "EventData": {},
    "RawXml": "<Event xmlns=\"http://schemas.microsoft.com/win/2004/08/events/event\"><System><Provider Name=\"Microsoft-Windows-DriverFrameworks-UserMode\" Guid=\"{2e35aaeb-857f-4beb-a418-2e6c0e54d988}\"></Provider>\n<EventID Qualifiers=\"\">2100</EventID>\n<Version>1</Version>\n<Level>4</Level>\n<Task>37</Task>\n<Opcode>1</Opcode>\n<Keywords>0x8000000000000000</Keywords>\n<TimeCreated SystemTime=\"2014-02-11 18:39:48.061033+00:00\"></TimeCreated>\n<EventRecordID>454</EventRecordID>\n<Correlation ActivityID=\"\" RelatedActivityID=\"\"></Correlation>\n<Execution ProcessID=\"3216\" ThreadID=\"804\"></Execution>\n<Channel>Microsoft-Windows-DriverFrameworks-UserMode/Operational</Channel>\n<Computer>IACIS-HDD-2014</Computer>\n<Security UserID=\"S-1-5-19\"></Security>\n</System>\n<UserData><UMDFHostDeviceRequest instance=\"WPDBUSENUMROOT\\UMB\\2&amp;37C186B&amp;0&amp;STORAGE#VOLUME#_??_USBSTOR#DISK&amp;VEN_KINGSTON&amp;PROD_DATATRAVELER_2.0&amp;REV_1.00#0019E001EA2D5A891A040057&amp;0#\" lifetime=\"{2febd489-e441-40fc-9a07-1229d780fdb4}\" xmlns:auto-ns2=\"http://schemas.microsoft.com/win/2004/08/events\" xmlns=\"http://www.microsoft.com/DriverFrameworks/UserMode/Event\"><Request major=\"27\" minor=\"23\"><Argument>0x0000000000000000</Argument>\n<Argument>0x0000000000000000</Argument>\n<Argument>0x0000000000000000</Argument>\n<Argument>0x0000000000000000</Argument>\n</Request>\n<Status>3221225659</Status>\n</UMDFHostDeviceRequest>\n</UserData>\n</Event>\n"
  },
  {
    "EventID": 2102,
    "Timestamp": "2014-02-11 18:39:48.061033+00:00",
    "Computer": "IACIS-HDD-2014",
    "Channel": "Microsoft-Windows-DriverFrameworks-UserMode/Operational",
    "Level": "Information",
    "EventData": {},
    "RawXml": "<Event xmlns=\"http://schemas.microsoft.com/win/2004/08/events/event\"><System><Provider Name=\"Microsoft-Windows-DriverFrameworks-UserMode\" Guid=\"{2e35aaeb-857f-4beb-a418-2e6c0e54d988}\"></Provider>\n<EventID Qualifiers=\"\">2102</EventID>\n<Version>1</Version>\n<Level>4</Level>\n<Task>37</Task>\n<Opcode>2</Opcode>\n<Keywords>0x8000000000000000</Keywords>\n<TimeCreated SystemTime=\"2014-02-11 18:39:48.061033+00:00\"></TimeCreated>\n<EventRecordID>455</EventRecordID>\n<Correlation ActivityID=\"\" RelatedActivityID=\"\"></Correlation>\n<Execution ProcessID=\"3216\" ThreadID=\"804\"></Execution>\n<Channel>Microsoft-Windows-DriverFrameworks-UserMode/Operational</Channel>\n<Computer>IACIS-HDD-2014</Computer>\n<Security UserID=\"S-1-5-19\"></Security>\n</System>\n<UserData><UMDFHostDeviceRequest instance=\"WPDBUSENUMROOT\\UMB\\2&amp;37C186B&amp;0&amp;STORAGE#VOLUME#_??_USBSTOR#DISK&amp;VEN_KINGSTON&amp;PROD_DATATRAVELER_2.0&amp;REV_1.00#0019E001EA2D5A891A040057&amp;0#\" lifetime=\"{2febd489-e441-40fc-9a07-1229d780fdb4}\" xmlns:auto-ns2=\"http://schemas.microsoft.com/win/2004/08/events\" xmlns=\"http://www.microsoft.com/DriverFrameworks/UserMode/Event\"><Request major=\"27\" minor=\"23\"><Argument>0x0000000000000000</Argument>\n<Argument>0x0000000000000000</Argument>\n<Argument>0x0000000000000000</Argument>\n<Argument>0x0000000000000000</Argument>\n</Request>\n<Status>3221225659</Status>\n</UMDFHostDeviceRequest>\n</UserData>\n</Event>\n"
  },
  {
    "EventID": 2100,
    "Timestamp": "2014-02-11 18:39:48.061033+00:00",
    "Computer": "IACIS-HDD-2014",
    "Channel": "Microsoft-Windows-DriverFrameworks-UserMode/Operational",
    "Level": "Information",
    "EventData": {},
    "RawXml": "<Event xmlns=\"http://schemas.microsoft.com/win/2004/08/events/event\"><System><Provider Name=\"Microsoft-Windows-DriverFrameworks-UserMode\" Guid=\"{2e35aaeb-857f-4beb-a418-2e6c0e54d988}\"></Provider>\n<EventID Qualifiers=\"\">2100</EventID>\n<Version>1</Version>\n<Level>4</Level>\n<Task>37</Task>\n<Opcode>1</Opcode>\n<Keywords>0x8000000000000000</Keywords>\n<TimeCreated SystemTime=\"2014-02-11 18:39:48.061033+00:00\"></TimeCreated>\n<EventRecordID>456</EventRecordID>\n<Correlation ActivityID=\"\" RelatedActivityID=\"\"></Correlation>\n<Execution ProcessID=\"3216\" ThreadID=\"804\"></Execution>\n<Channel>Microsoft-Windows-DriverFrameworks-UserMode/Operational</Channel>\n<Computer>IACIS-HDD-2014</Computer>\n<Security UserID=\"S-1-5-19\"></Security>\n</System>\n<UserData><UMDFHostDeviceRequest instance=\"WPDBUSENUMROOT\\UMB\\2&amp;37C186B&amp;0&amp;STORAGE#VOLUME#_??_USBSTOR#DISK&amp;VEN_KINGSTON&amp;PROD_DATATRAVELER_2.0&amp;REV_1.00#0019E001EA2D5A891A040057&amp;0#\" lifetime=\"{2febd489-e441-40fc-9a07-1229d780fdb4}\" xmlns:auto-ns2=\"http://schemas.microsoft.com/win/2004/08/events\" xmlns=\"http://www.microsoft.com/DriverFrameworks/UserMode/Event\"><Request major=\"27\" minor=\"2\"><Argument>0x0000000000000000</Argument>\n<Argument>0x0000000000000000</Argument>\n<Argument>0x0000000000000000</Argument>\n<Argument>0x0000000000000000</Argument>\n</Request>\n<Status>3221225659</Status>\n</UMDFHostDeviceRequest>\n</UserData>\n</Event>\n"
  },
  {
    "EventID": 2102,
    "Timestamp": "2014-02-11 18:39:48.061033+00:00",
    "Computer": "IACIS-HDD-2014",
    "Channel": "Microsoft-Windows-DriverFrameworks-UserMode/Operational",
    "Level": "Information",
    "EventData": {},
    "RawXml": "<Event xmlns=\"http://schemas.microsoft.com/win/2004/08/events/event\"><System><Provider Name=\"Microsoft-Windows-DriverFrameworks-UserMode\" Guid=\"{2e35aaeb-857f-4beb-a418-2e6c0e54d988}\"></Provider>\n<EventID Qualifiers=\"\">2102</EventID>\n<Version>1</Version>\n<Level>4</Level>\n<Task>37</Task>\n<Opcode>2</Opcode>\n<Keywords>0x8000000000000000</Keywords>\n<TimeCreated SystemTime=\"2014-02-11 18:39:48.061033+00:00\"></TimeCreated>\n<EventRecordID>457</EventRecordID>\n<Correlation ActivityID=\"\" RelatedActivityID=\"\"></Correlation>\n<Execution ProcessID=\"3216\" ThreadID=\"804\"></Execution>\n<Channel>Microsoft-Windows-DriverFrameworks-UserMode/Operational</Channel>\n<Computer>IACIS-HDD-2014</Computer>\n<Security UserID=\"S-1-5-19\"></Security>\n</System>\n<UserData><UMDFHostDeviceRequest instance=\"WPDBUSENUMROOT\\UMB\\2&amp;37C186B&amp;0&amp;STORAGE#VOLUME#_??_USBSTOR#DISK&amp;VEN_KINGSTON&amp;PROD_DATATRAVELER_2.0&amp;REV_1.00#0019E001EA2D5A891A040057&amp;0#\" lifetime=\"{2febd489-e441-40fc-9a07-1229d780fdb4}\" xmlns:auto-ns2=\"http://schemas.microsoft.com/win/2004/08/events\" xmlns=\"http://www.microsoft.com/DriverFrameworks/UserMode/Event\"><Request major=\"27\" minor=\"2\"><Argument>0x0000000000000000</Argument>\n<Argument>0x0000000000000000</Argument>\n<Argument>0x0000000000000000</Argument>\n<Argument>0x0000000000000000</Argument>\n</Request>\n<Status>3221225659</Status>\n</UMDFHostDeviceRequest>\n</UserData>\n</Event>\n"
  },
  {
    "EventID": 1006,
    "Timestamp": "2014-02-11 18:39:48.061033+00:00",
    "Computer": "IACIS-HDD-2014",
    "Channel": "Microsoft-Windows-DriverFrameworks-UserMode/Operational",
    "Level": "Information",
    "EventData": {},
    "RawXml": "<Event xmlns=\"http://schemas.microsoft.com/win/2004/08/events/event\"><System><Provider Name=\"Microsoft-Windows-DriverFrameworks-UserMode\" Guid=\"{2e35aaeb-857f-4beb-a418-2e6c0e54d988}\"></Provider>\n<EventID Qualifiers=\"\">1006</EventID>\n<Version>1</Version>\n<Level>4</Level>\n<Task>18</Task>\n<Opcode>1</Opcode>\n<Keywords>0x8000000000000000</Keywords>\n<TimeCreated SystemTime=\"2014-02-11 18:39:48.061033+00:00\"></TimeCreated>\n<EventRecordID>458</EventRecordID>\n<Correlation ActivityID=\"\" RelatedActivityID=\"\"></Correlation>\n<Execution ProcessID=\"908\" ThreadID=\"252\"></Execution>\n<Channel>Microsoft-Windows-DriverFrameworks-UserMode/Operational</Channel>\n<Computer>IACIS-HDD-2014</Computer>\n<Security UserID=\"S-1-5-18\"></Security>\n</System>\n<UserData><UMDFDriverManagerHostShutdown lifetime=\"{2febd489-e441-40fc-9a07-1229d780fdb4}\" xmlns:auto-ns2=\"http://schemas.microsoft.com/win/2004/08/events\" xmlns=\"http://www.microsoft.com/DriverFrameworks/UserMode/Event\"></UMDFDriverManagerHostShutdown>\n</UserData>\n</Event>\n"
  },
  {
    "EventID": 2900,
    "Timestamp": "2014-02-11 18:39:48.061033+00:00",
    "Computer": "IACIS-HDD-2014",
    "Channel": "Microsoft-Windows-DriverFrameworks-UserMode/Operational",
    "Level": "Information",
    "EventData": {},
    "RawXml": "<Event xmlns=\"http://schemas.microsoft.com/win/2004/08/events/event\"><System><Provider Name=\"Microsoft-Windows-DriverFrameworks-UserMode\" Guid=\"{2e35aaeb-857f-4beb-a418-2e6c0e54d988}\"></Provider>\n<EventID Qualifiers=\"\">2900</EventID>\n<Version>1</Version>\n<Level>4</Level>\n<Task>41</Task>\n<Opcode>1</Opcode>\n<Keywords>0x8000000000000000</Keywords>\n<TimeCreated SystemTime=\"2014-02-11 18:39:48.061033+00:00\"></TimeCreated>\n<EventRecordID>459</EventRecordID>\n<Correlation ActivityID=\"\" RelatedActivityID=\"\"></Correlation>\n<Execution ProcessID=\"3216\" ThreadID=\"804\"></Execution>\n<Channel>Microsoft-Windows-DriverFrameworks-UserMode/Operational</Channel>\n<Computer>IACIS-HDD-2014</Computer>\n<Security UserID=\"S-1-5-19\"></Security>\n</System>\n<UserData><UMDFHostShutdown lifetime=\"{2febd489-e441-40fc-9a07-1229d780fdb4}\" xmlns:auto-ns2=\"http://schemas.microsoft.com/win/2004/08/events\" xmlns=\"http://www.microsoft.com/DriverFrameworks/UserMode/Event\"></UMDFHostShutdown>\n</UserData>\n</Event>\n"
  },
  {
    "EventID": 2901,
    "Timestamp": "2014-02-11 18:39:48.061033+00:00",
    "Computer": "IACIS-HDD-2014",
    "Channel": "Microsoft-Windows-DriverFrameworks-UserMode/Operational",
    "Level": "Information",
    "EventData": {},
    "RawXml": "<Event xmlns=\"http://schemas.microsoft.com/win/2004/08/events/event\"><System><Provider Name=\"Microsoft-Windows-DriverFrameworks-UserMode\" Guid=\"{2e35aaeb-857f-4beb-a418-2e6c0e54d988}\"></Provider>\n<EventID Qualifiers=\"\">2901</EventID>\n<Version>1</Version>\n<Level>4</Level>\n<Task>41</Task>\n<Opcode>2</Opcode>\n<Keywords>0x8000000000000000</Keywords>\n<TimeCreated SystemTime=\"2014-02-11 18:39:48.061033+00:00\"></TimeCreated>\n<EventRecordID>460</EventRecordID>\n<Correlation ActivityID=\"\" RelatedActivityID=\"\"></Correlation>\n<Execution ProcessID=\"3216\" ThreadID=\"1388\"></Execution>\n<Channel>Microsoft-Windows-DriverFrameworks-UserMode/Operational</Channel>\n<Computer>IACIS-HDD-2014</Computer>\n<Security UserID=\"S-1-5-19\"></Security>\n</System>\n<UserData><UMDFHostShutdown lifetime=\"{2febd489-e441-40fc-9a07-1229d780fdb4}\" xmlns:auto-ns2=\"http://schemas.microsoft.com/win/2004/08/events\" xmlns=\"http://www.microsoft.com/DriverFrameworks/UserMode/Event\"></UMDFHostShutdown>\n</UserData>\n</Event>\n"
  },
  {
    "EventID": 1008,
    "Timestamp": "2014-02-11 18:39:48.061033+00:00",
    "Computer": "IACIS-HDD-2014",
    "Channel": "Microsoft-Windows-DriverFrameworks-UserMode/Operational",
    "Level": "Information",
    "EventData": {},
    "RawXml": "<Event xmlns=\"http://schemas.microsoft.com/win/2004/08/events/event\"><System><Provider Name=\"Microsoft-Windows-DriverFrameworks-UserMode\" Guid=\"{2e35aaeb-857f-4beb-a418-2e6c0e54d988}\"></Provider>\n<EventID Qualifiers=\"\">1008</EventID>\n<Version>1</Version>\n<Level>4</Level>\n<Task>18</Task>\n<Opcode>2</Opcode>\n<Keywords>0x8000000000000000</Keywords>\n<TimeCreated SystemTime=\"2014-02-11 18:39:48.061033+00:00\"></TimeCreated>\n<EventRecordID>461</EventRecordID>\n<Correlation ActivityID=\"\" RelatedActivityID=\"\"></Correlation>\n<Execution ProcessID=\"908\" ThreadID=\"252\"></Execution>\n<Channel>Microsoft-Windows-DriverFrameworks-UserMode/Operational</Channel>\n<Computer>IACIS-HDD-2014</Computer>\n<Security UserID=\"S-1-5-18\"></Security>\n</System>\n<UserData><UMDFDriverManagerHostShutdown lifetime=\"{2febd489-e441-40fc-9a07-1229d780fdb4}\" xmlns:auto-ns2=\"http://schemas.microsoft.com/win/2004/08/events\" xmlns=\"http://www.microsoft.com/DriverFrameworks/UserMode/Event\"><TerminateStatus>0</TerminateStatus>\n<ExitCode>0</ExitCode>\n</UMDFDriverManagerHostShutdown>\n</UserData>\n</Event>\n"
  },
  {
    "EventID": 1000,
    "Timestamp": "2014-02-16 18:59:54.301228+00:00",
    "Computer": "IACIS-HDD-2014",
    "Channel": "Microsoft-Windows-DriverFrameworks-UserMode/Operational",
    "Level": "Information",
    "EventData": {},
    "RawXml": "<Event xmlns=\"http://schemas.microsoft.com/win/2004/08/events/event\"><System><Provider Name=\"Microsoft-Windows-DriverFrameworks-UserMode\" Guid=\"{2e35aaeb-857f-4beb-a418-2e6c0e54d988}\"></Provider>\n<EventID Qualifiers=\"\">1000</EventID>\n<Version>1</Version>\n<Level>4</Level>\n<Task>16</Task>\n<Opcode>1</Opcode>\n<Keywords>0x8000000000000000</Keywords>\n<TimeCreated SystemTime=\"2014-02-16 18:59:54.301228+00:00\"></TimeCreated>\n<EventRecordID>462</EventRecordID>\n<Correlation ActivityID=\"\" RelatedActivityID=\"\"></Correlation>\n<Execution ProcessID=\"908\" ThreadID=\"304\"></Execution>\n<Channel>Microsoft-Windows-DriverFrameworks-UserMode/Operational</Channel>\n<Computer>IACIS-HDD-2014</Computer>\n<Security UserID=\"S-1-5-18\"></Security>\n</System>\n<UserData><UMDFDriverManagerStart xmlns:auto-ns2=\"http://schemas.microsoft.com/win/2004/08/events\" xmlns=\"http://www.microsoft.com/DriverFrameworks/UserMode/Event\"><Version>6.1.7601.17514. (win7sp1_rtm.101119-1850)</Version>\n</UMDFDriverManagerStart>\n</UserData>\n</Event>\n"
  },
  {
    "EventID": 1000,
    "Timestamp": "2014-02-16 21:50:46.036028+00:00",
    "Computer": "IACIS-HDD-2014",
    "Channel": "Microsoft-Windows-DriverFrameworks-UserMode/Operational",
    "Level": "Information",
    "EventData": {},
    "RawXml": "<Event xmlns=\"http://schemas.microsoft.com/win/2004/08/events/event\"><System><Provider Name=\"Microsoft-Windows-DriverFrameworks-UserMode\" Guid=\"{2e35aaeb-857f-4beb-a418-2e6c0e54d988}\"></Provider>\n<EventID Qualifiers=\"\">1000</EventID>\n<Version>1</Version>\n<Level>4</Level>\n<Task>16</Task>\n<Opcode>1</Opcode>\n<Keywords>0x8000000000000000</Keywords>\n<TimeCreated SystemTime=\"2014-02-16 21:50:46.036028+00:00\"></TimeCreated>\n<EventRecordID>463</EventRecordID>\n<Correlation ActivityID=\"\" RelatedActivityID=\"\"></Correlation>\n<Execution ProcessID=\"908\" ThreadID=\"252\"></Execution>\n<Channel>Microsoft-Windows-DriverFrameworks-UserMode/Operational</Channel>\n<Computer>IACIS-HDD-2014</Computer>\n<Security UserID=\"S-1-5-18\"></Security>\n</System>\n<UserData><UMDFDriverManagerStart xmlns:auto-ns2=\"http://schemas.microsoft.com/win/2004/08/events\" xmlns=\"http://www.microsoft.com/DriverFrameworks/UserMode/Event\"><Version>6.1.7601.17514. (win7sp1_rtm.101119-1850)</Version>\n</UMDFDriverManagerStart>\n</UserData>\n</Event>\n"
  },
