  {
    "EventID": 2002,
    "Timestamp": "2014-02-11 13:24:46.575459+00:00",
    "Computer": "IACIS-HDD-2014",
    "Channel": "Microsoft-Windows-Windows Firewall With Advanced Security/Firewall",
    "Level": "Information",
    "EventData": {
      "SettingType": "2",
      "SettingValueSize": "4",
      "SettingValue": "AgAAAA==",
      "SettingValueDisplay": "Private",
      "Origin": "1",
      "ModifyingUser": "S-1-5-80-3088073201-1464728630-1879813800-1107566885-823218052",
      "ModifyingApplication": ""
    },
    "RawXml": "<Event xmlns=\"http://schemas.microsoft.com/win/2004/08/events/event\"><System><Provider Name=\"Microsoft-Windows-Windows Firewall With Advanced Security\" Guid=\"{d1bc9aff-2abf-4d71-9146-ecb2a986eb85}\"></Provider>\n<EventID Qualifiers=\"\">2002</EventID>\n<Version>0</Version>\n<Level>4</Level>\n<Task>0</Task>\n<Opcode>0</Opcode>\n<Keywords>0x8000000000000000</Keywords>\n<TimeCreated SystemTime=\"2014-02-11 13:24:46.575459+00:00\"></TimeCreated>\n<EventRecordID>308</EventRecordID>\n<Correlation ActivityID=\"\" RelatedActivityID=\"\"></Correlation>\n<Execution ProcessID=\"1332\" ThreadID=\"1948\"></Execution>\n<Channel>Microsoft-Windows-Windows Firewall With Advanced Security/Firewall</Channel>\n<Computer>IACIS-HDD-2014</Computer>\n<Security UserID=\"S-1-5-19\"></Security>\n</System>\n<EventData><Data Name=\"SettingType\">2</Data>\n<Data Name=\"SettingValueSize\">4</Data>\n<Data Name=\"SettingValue\">AgAAAA==</Data>\n<Data Name=\"SettingValueDisplay\">Private</Data>\n<Data Name=\"Origin\">1</Data>\n<Data Name=\"ModifyingUser\">S-1-5-80-3088073201-1464728630-1879813800-1107566885-823218052</Data>\n<Data Name=\"ModifyingApplication\"></Data>\n</EventData>\n</Event>\n"
  },
  {
    "EventID": 2010,
    "Timestamp": "2014-02-11 13:24:46.575459+00:00",
    "Computer": "IACIS-HDD-2014",
    "Channel": "Microsoft-Windows-Windows Firewall With Advanced Security/Firewall",
    "Level": "Information",
    "EventData": {
      "InterfaceGuid": "{78a289b4-f8b9-43c7-8bba-f96e0bbc2185}",
      "InterfaceName": "ethernet_6",
      "OldProfile": "4",
      "NewProfile": "2"
    },
    "RawXml": "<Event xmlns=\"http://schemas.microsoft.com/win/2004/08/events/event\"><System><Provider Name=\"Microsoft-Windows-Windows Firewall With Advanced Security\" Guid=\"{d1bc9aff-2abf-4d71-9146-ecb2a986eb85}\"></Provider>\n<EventID Qualifiers=\"\">2010</EventID>\n<Version>0</Version>\n<Level>4</Level>\n<Task>0</Task>\n<Opcode>0</Opcode>\n<Keywords>0x8000000000000000</Keywords>\n<TimeCreated SystemTime=\"2014-02-11 13:24:46.575459+00:00\"></TimeCreated>\n<EventRecordID>309</EventRecordID>\n<Correlation ActivityID=\"\" RelatedActivityID=\"\"></Correlation>\n<Execution ProcessID=\"1332\" ThreadID=\"1948\"></Execution>\n<Channel>Microsoft-Windows-Windows Firewall With Advanced Security/Firewall</Channel>\n<Computer>IACIS-HDD-2014</Computer>\n<Security UserID=\"S-1-5-19\"></Security>\n</System>\n<EventData><Data Name=\"InterfaceGuid\">{78a289b4-f8b9-43c7-8bba-f96e0bbc2185}</Data>\n<Data Name=\"InterfaceName\">ethernet_6</Data>\n<Data Name=\"OldProfile\">4</Data>\n<Data Name=\"NewProfile\">2</Data>\n</EventData>\n</Event>\n"
  },
  {
    "EventID": 2002,
    "Timestamp": "2014-02-11 17:40:27.527515+00:00",
    "Computer": "IACIS-HDD-2014",
    "Channel": "Microsoft-Windows-Windows Firewall With Advanced Security/Firewall",
    "Level": "Information",
    "EventData": {
      "SettingType": "2",
      "SettingValueSize": "4",
      "SettingValue": "BAAAAA==",
      "SettingValueDisplay": "Public",
      "Origin": "1",
      "ModifyingUser": "S-1-5-80-3088073201-1464728630-1879813800-1107566885-823218052",
      "ModifyingApplication": ""
    },
    "RawXml": "<Event xmlns=\"http://schemas.microsoft.com/win/2004/08/events/event\"><System><Provider Name=\"Microsoft-Windows-Windows Firewall With Advanced Security\" Guid=\"{d1bc9aff-2abf-4d71-9146-ecb2a986eb85}\"></Provider>\n<EventID Qualifiers=\"\">2002</EventID>\n<Version>0</Version>\n<Level>4</Level>\n<Task>0</Task>\n<Opcode>0</Opcode>\n<Keywords>0x8000000000000000</Keywords>\n<TimeCreated SystemTime=\"2014-02-11 17:40:27.527515+00:00\"></TimeCreated>\n<EventRecordID>310</EventRecordID>\n<Correlation ActivityID=\"\" RelatedActivityID=\"\"></Correlation>\n<Execution ProcessID=\"1332\" ThreadID=\"3320\"></Execution>\n<Channel>Microsoft-Windows-Windows Firewall With Advanced Security/Firewall</Channel>\n<Computer>IACIS-HDD-2014</Computer>\n<Security UserID=\"S-1-5-19\"></Security>\n</System>\n<EventData><Data Name=\"SettingType\">2</Data>\n<Data Name=\"SettingValueSize\">4</Data>\n<Data Name=\"SettingValue\">BAAAAA==</Data>\n<Data Name=\"SettingValueDisplay\">Public</Data>\n<Data Name=\"Origin\">1</Data>\n<Data Name=\"ModifyingUser\">S-1-5-80-3088073201-1464728630-1879813800-1107566885-823218052</Data>\n<Data Name=\"ModifyingApplication\"></Data>\n</EventData>\n</Event>\n"
  },
  {
    "EventID": 2010,
    "Timestamp": "2014-02-11 17:40:27.527515+00:00",
    "Computer": "IACIS-HDD-2014",
    "Channel": "Microsoft-Windows-Windows Firewall With Advanced Security/Firewall",
    "Level": "Information",
    "EventData": {
      "InterfaceGuid": "{78a289b4-f8b9-43c7-8bba-f96e0bbc2185}",
      "InterfaceName": "ethernet_6",
      "OldProfile": "2",
      "NewProfile": "4"
    },
    "RawXml": "<Event xmlns=\"http://schemas.microsoft.com/win/2004/08/events/event\"><System><Provider Name=\"Microsoft-Windows-Windows Firewall With Advanced Security\" Guid=\"{d1bc9aff-2abf-4d71-9146-ecb2a986eb85}\"></Provider>\n<EventID Qualifiers=\"\">2010</EventID>\n<Version>0</Version>\n<Level>4</Level>\n<Task>0</Task>\n<Opcode>0</Opcode>\n<Keywords>0x8000000000000000</Keywords>\n<TimeCreated SystemTime=\"2014-02-11 17:40:27.527515+00:00\"></TimeCreated>\n<EventRecordID>311</EventRecordID>\n<Correlation ActivityID=\"\" RelatedActivityID=\"\"></Correlation>\n<Execution ProcessID=\"1332\" ThreadID=\"3320\"></Execution>\n<Channel>Microsoft-Windows-Windows Firewall With Advanced Security/Firewall</Channel>\n<Computer>IACIS-HDD-2014</Computer>\n<Security UserID=\"S-1-5-19\"></Security>\n</System>\n<EventData><Data Name=\"InterfaceGuid\">{78a289b4-f8b9-43c7-8bba-f96e0bbc2185}</Data>\n<Data Name=\"InterfaceName\">ethernet_6</Data>\n<Data Name=\"OldProfile\">2</Data>\n<Data Name=\"NewProfile\">4</Data>\n</EventData>\n</Event>\n"
  },
  {
    "EventID": 2010,
    "Timestamp": "2014-02-11 17:41:42.532682+00:00",
    "Computer": "IACIS-HDD-2014",
    "Channel": "Microsoft-Windows-Windows Firewall With Advanced Security/Firewall",
    "Level": "Information",
    "EventData": {
      "InterfaceGuid": "{78a289b4-f8b9-43c7-8bba-f96e0bbc2185}",
      "InterfaceName": "ethernet_6",
      "OldProfile": "2147483649",
      "NewProfile": "4"
    },
    "RawXml": "<Event xmlns=\"http://schemas.microsoft.com/win/2004/08/events/event\"><System><Provider Name=\"Microsoft-Windows-Windows Firewall With Advanced Security\" Guid=\"{d1bc9aff-2abf-4d71-9146-ecb2a986eb85}\"></Provider>\n<EventID Qualifiers=\"\">2010</EventID>\n<Version>0</Version>\n<Level>4</Level>\n<Task>0</Task>\n<Opcode>0</Opcode>\n<Keywords>0x8000000000000000</Keywords>\n<TimeCreated SystemTime=\"2014-02-11 17:41:42.532682+00:00\"></TimeCreated>\n<EventRecordID>312</EventRecordID>\n<Correlation ActivityID=\"\" RelatedActivityID=\"\"></Correlation>\n<Execution ProcessID=\"1328\" ThreadID=\"2012\"></Execution>\n<Channel>Microsoft-Windows-Windows Firewall With Advanced Security/Firewall</Channel>\n<Computer>IACIS-HDD-2014</Computer>\n<Security UserID=\"S-1-5-19\"></Security>\n</System>\n<EventData><Data Name=\"InterfaceGuid\">{78a289b4-f8b9-43c7-8bba-f96e0bbc2185}</Data>\n<Data Name=\"InterfaceName\">ethernet_6</Data>\n<Data Name=\"OldProfile\">2147483649</Data>\n<Data Name=\"NewProfile\">4</Data>\n</EventData>\n</Event>\n"
  },
  {
    "EventID": 2002,
    "Timestamp": "2014-02-11 17:41:43.047483+00:00",
    "Computer": "IACIS-HDD-2014",
    "Channel": "Microsoft-Windows-Windows Firewall With Advanced Security/Firewall",
    "Level": "Information",
    "EventData": {
      "SettingType": "2",
      "SettingValueSize": "4",
      "SettingValue": "BgAAAA==",
      "SettingValueDisplay": "Private,Public",
      "Origin": "1",
      "ModifyingUser": "S-1-5-80-3088073201-1464728630-1879813800-1107566885-823218052",
      "ModifyingApplication": ""
    },
    "RawXml": "<Event xmlns=\"http://schemas.microsoft.com/win/2004/08/events/event\"><System><Provider Name=\"Microsoft-Windows-Windows Firewall With Advanced Security\" Guid=\"{d1bc9aff-2abf-4d71-9146-ecb2a986eb85}\"></Provider>\n<EventID Qualifiers=\"\">2002</EventID>\n<Version>0</Version>\n<Level>4</Level>\n<Task>0</Task>\n<Opcode>0</Opcode>\n<Keywords>0x8000000000000000</Keywords>\n<TimeCreated SystemTime=\"2014-02-11 17:41:43.047483+00:00\"></TimeCreated>\n<EventRecordID>313</EventRecordID>\n<Correlation ActivityID=\"\" RelatedActivityID=\"\"></Correlation>\n<Execution ProcessID=\"1328\" ThreadID=\"2012\"></Execution>\n<Channel>Microsoft-Windows-Windows Firewall With Advanced Security/Firewall</Channel>\n<Computer>IACIS-HDD-2014</Computer>\n<Security UserID=\"S-1-5-19\"></Security>\n</System>\n<EventData><Data Name=\"SettingType\">2</Data>\n<Data Name=\"SettingValueSize\">4</Data>\n<Data Name=\"SettingValue\">BgAAAA==</Data>\n<Data Name=\"SettingValueDisplay\">Private,Public</Data>\n<Data Name=\"Origin\">1</Data>\n<Data Name=\"ModifyingUser\">S-1-5-80-3088073201-1464728630-1879813800-1107566885-823218052</Data>\n<Data Name=\"ModifyingApplication\"></Data>\n</EventData>\n</Event>\n"
  },
  {
    "EventID": 2010,
    "Timestamp": "2014-02-11 17:41:43.047483+00:00",
    "Computer": "IACIS-HDD-2014",
    "Channel": "Microsoft-Windows-Windows Firewall With Advanced Security/Firewall",
    "Level": "Information",
    "EventData": {
      "InterfaceGuid": "{78a289b4-f8b9-43c7-8bba-f96e0bbc2185}",
      "InterfaceName": "ethernet_6",
      "OldProfile": "2147483649",
      "NewProfile": "2"
    },
    "RawXml": "<Event xmlns=\"http://schemas.microsoft.com/win/2004/08/events/event\"><System><Provider Name=\"Microsoft-Windows-Windows Firewall With Advanced Security\" Guid=\"{d1bc9aff-2abf-4d71-9146-ecb2a986eb85}\"></Provider>\n<EventID Qualifiers=\"\">2010</EventID>\n<Version>0</Version>\n<Level>4</Level>\n<Task>0</Task>\n<Opcode>0</Opcode>\n<Keywords>0x8000000000000000</Keywords>\n<TimeCreated SystemTime=\"2014-02-11 17:41:43.047483+00:00\"></TimeCreated>\n<EventRecordID>314</EventRecordID>\n<Correlation ActivityID=\"\" RelatedActivityID=\"\"></Correlation>\n<Execution ProcessID=\"1328\" ThreadID=\"2012\"></Execution>\n<Channel>Microsoft-Windows-Windows Firewall With Advanced Security/Firewall</Channel>\n<Computer>IACIS-HDD-2014</Computer>\n<Security UserID=\"S-1-5-19\"></Security>\n</System>\n<EventData><Data Name=\"InterfaceGuid\">{78a289b4-f8b9-43c7-8bba-f96e0bbc2185}</Data>\n<Data Name=\"InterfaceName\">ethernet_6</Data>\n<Data Name=\"OldProfile\">2147483649</Data>\n<Data Name=\"NewProfile\">2</Data>\n</EventData>\n</Event>\n"
  },
  {
    "EventID": 2002,
    "Timestamp": "2014-02-11 17:41:43.094284+00:00",
    "Computer": "IACIS-HDD-2014",
    "Channel": "Microsoft-Windows-Windows Firewall With Advanced Security/Firewall",
    "Level": "Information",
    "EventData": {
      "SettingType": "2",
      "SettingValueSize": "4",
      "SettingValue": "AgAAAA==",
      "SettingValueDisplay": "Private",
      "Origin": "1",
      "ModifyingUser": "S-1-5-80-3088073201-1464728630-1879813800-1107566885-823218052",
      "ModifyingApplication": ""
    },
    "RawXml": "<Event xmlns=\"http://schemas.microsoft.com/win/2004/08/events/event\"><System><Provider Name=\"Microsoft-Windows-Windows Firewall With Advanced Security\" Guid=\"{d1bc9aff-2abf-4d71-9146-ecb2a986eb85}\"></Provider>\n<EventID Qualifiers=\"\">2002</EventID>\n<Version>0</Version>\n<Level>4</Level>\n<Task>0</Task>\n<Opcode>0</Opcode>\n<Keywords>0x8000000000000000</Keywords>\n<TimeCreated SystemTime=\"2014-02-11 17:41:43.094284+00:00\"></TimeCreated>\n<EventRecordID>315</EventRecordID>\n<Correlation ActivityID=\"\" RelatedActivityID=\"\"></Correlation>\n<Execution ProcessID=\"1328\" ThreadID=\"2004\"></Execution>\n<Channel>Microsoft-Windows-Windows Firewall With Advanced Security/Firewall</Channel>\n<Computer>IACIS-HDD-2014</Computer>\n<Security UserID=\"S-1-5-19\"></Security>\n</System>\n<EventData><Data Name=\"SettingType\">2</Data>\n<Data Name=\"SettingValueSize\">4</Data>\n<Data Name=\"SettingValue\">AgAAAA==</Data>\n<Data Name=\"SettingValueDisplay\">Private</Data>\n<Data Name=\"Origin\">1</Data>\n<Data Name=\"ModifyingUser\">S-1-5-80-3088073201-1464728630-1879813800-1107566885-823218052</Data>\n<Data Name=\"ModifyingApplication\"></Data>\n</EventData>\n</Event>\n"
  },
  {
    "EventID": 2010,
    "Timestamp": "2014-02-11 17:41:43.094284+00:00",
    "Computer": "IACIS-HDD-2014",
    "Channel": "Microsoft-Windows-Windows Firewall With Advanced Security/Firewall",
    "Level": "Information",
    "EventData": {
      "InterfaceGuid": "{78a289b4-f8b9-43c7-8bba-f96e0bbc2185}",
      "InterfaceName": "ethernet_6",
      "OldProfile": "4",
      "NewProfile": "2147483649"
    },
    "RawXml": "<Event xmlns=\"http://schemas.microsoft.com/win/2004/08/events/event\"><System><Provider Name=\"Microsoft-Windows-Windows Firewall With Advanced Security\" Guid=\"{d1bc9aff-2abf-4d71-9146-ecb2a986eb85}\"></Provider>\n<EventID Qualifiers=\"\">2010</EventID>\n<Version>0</Version>\n<Level>4</Level>\n<Task>0</Task>\n<Opcode>0</Opcode>\n<Keywords>0x8000000000000000</Keywords>\n<TimeCreated SystemTime=\"2014-02-11 17:41:43.094284+00:00\"></TimeCreated>\n<EventRecordID>316</EventRecordID>\n<Correlation ActivityID=\"\" RelatedActivityID=\"\"></Correlation>\n<Execution ProcessID=\"1328\" ThreadID=\"2004\"></Execution>\n<Channel>Microsoft-Windows-Windows Firewall With Advanced Security/Firewall</Channel>\n<Computer>IACIS-HDD-2014</Computer>\n<Security UserID=\"S-1-5-19\"></Security>\n</System>\n<EventData><Data Name=\"InterfaceGuid\">{78a289b4-f8b9-43c7-8bba-f96e0bbc2185}</Data>\n<Data Name=\"InterfaceName\">ethernet_6</Data>\n<Data Name=\"OldProfile\">4</Data>\n<Data Name=\"NewProfile\">2147483649</Data>\n</EventData>\n</Event>\n"
  },
  {
    "EventID": 2011,
    "Timestamp": "2014-02-11 17:41:43.109884+00:00",
    "Computer": "IACIS-HDD-2014",
    "Channel": "Microsoft-Windows-Windows Firewall With Advanced Security/Firewall",
    "Level": "Information",
    "EventData": {
      "ReasonCode": "1",
      "ApplicationPath": "C:\\windows\\system32\\lsass.exe",
      "IPVersion": "1",
      "Protocol": "6",
      "Port": "49156",
      "ProcessId": "512",
      "ModifyingUser": "S-1-5-18"
    },
    "RawXml": "<Event xmlns=\"http://schemas.microsoft.com/win/2004/08/events/event\"><System><Provider Name=\"Microsoft-Windows-Windows Firewall With Advanced Security\" Guid=\"{d1bc9aff-2abf-4d71-9146-ecb2a986eb85}\"></Provider>\n<EventID Qualifiers=\"\">2011</EventID>\n<Version>0</Version>\n<Level>4</Level>\n<Task>0</Task>\n<Opcode>0</Opcode>\n<Keywords>0x8000000000000000</Keywords>\n<TimeCreated SystemTime=\"2014-02-11 17:41:43.109884+00:00\"></TimeCreated>\n<EventRecordID>317</EventRecordID>\n<Correlation ActivityID=\"\" RelatedActivityID=\"\"></Correlation>\n<Execution ProcessID=\"1328\" ThreadID=\"1376\"></Execution>\n<Channel>Microsoft-Windows-Windows Firewall With Advanced Security/Firewall</Channel>\n<Computer>IACIS-HDD-2014</Computer>\n<Security UserID=\"S-1-5-19\"></Security>\n</System>\n<EventData><Data Name=\"ReasonCode\">1</Data>\n<Data Name=\"ApplicationPath\">C:\\windows\\system32\\lsass.exe</Data>\n<Data Name=\"IPVersion\">1</Data>\n<Data Name=\"Protocol\">6</Data>\n<Data Name=\"Port\">49156</Data>\n<Data Name=\"ProcessId\">512</Data>\n<Data Name=\"ModifyingUser\">S-1-5-18</Data>\n</EventData>\n</Event>\n"
  },
  {
    "EventID": 2002,
    "Timestamp": "2014-02-11 17:49:42.611729+00:00",
    "Computer": "IACIS-HDD-2014",
    "Channel": "Microsoft-Windows-Windows Firewall With Advanced Security/Firewall",
    "Level": "Information",
    "EventData": {
      "SettingType": "2",
      "SettingValueSize": "4",
      "SettingValue": "BAAAAA==",
      "SettingValueDisplay": "Public",
      "Origin": "1",
      "ModifyingUser": "S-1-5-80-3088073201-1464728630-1879813800-1107566885-823218052",
      "ModifyingApplication": ""
    },
    "RawXml": "<Event xmlns=\"http://schemas.microsoft.com/win/2004/08/events/event\"><System><Provider Name=\"Microsoft-Windows-Windows Firewall With Advanced Security\" Guid=\"{d1bc9aff-2abf-4d71-9146-ecb2a986eb85}\"></Provider>\n<EventID Qualifiers=\"\">2002</EventID>\n<Version>0</Version>\n<Level>4</Level>\n<Task>0</Task>\n<Opcode>0</Opcode>\n<Keywords>0x8000000000000000</Keywords>\n<TimeCreated SystemTime=\"2014-02-11 17:49:42.611729+00:00\"></TimeCreated>\n<EventRecordID>318</EventRecordID>\n<Correlation ActivityID=\"\" RelatedActivityID=\"\"></Correlation>\n<Execution ProcessID=\"1328\" ThreadID=\"2540\"></Execution>\n<Channel>Microsoft-Windows-Windows Firewall With Advanced Security/Firewall</Channel>\n<Computer>IACIS-HDD-2014</Computer>\n<Security UserID=\"S-1-5-19\"></Security>\n</System>\n<EventData><Data Name=\"SettingType\">2</Data>\n<Data Name=\"SettingValueSize\">4</Data>\n<Data Name=\"SettingValue\">BAAAAA==</Data>\n<Data Name=\"SettingValueDisplay\">Public</Data>\n<Data Name=\"Origin\">1</Data>\n<Data Name=\"ModifyingUser\">S-1-5-80-3088073201-1464728630-1879813800-1107566885-823218052</Data>\n<Data Name=\"ModifyingApplication\"></Data>\n</EventData>\n</Event>\n"
  },
  {
    "EventID": 2010,
    "Timestamp": "2014-02-11 17:49:42.611729+00:00",
    "Computer": "IACIS-HDD-2014",
    "Channel": "Microsoft-Windows-Windows Firewall With Advanced Security/Firewall",
    "Level": "Information",
    "EventData": {
      "InterfaceGuid": "{78a289b4-f8b9-43c7-8bba-f96e0bbc2185}",
      "InterfaceName": "ethernet_6",
      "OldProfile": "2",
      "NewProfile": "4"
    },
    "RawXml": "<Event xmlns=\"http://schemas.microsoft.com/win/2004/08/events/event\"><System><Provider Name=\"Microsoft-Windows-Windows Firewall With Advanced Security\" Guid=\"{d1bc9aff-2abf-4d71-9146-ecb2a986eb85}\"></Provider>\n<EventID Qualifiers=\"\">2010</EventID>\n<Version>0</Version>\n<Level>4</Level>\n<Task>0</Task>\n<Opcode>0</Opcode>\n<Keywords>0x8000000000000000</Keywords>\n<TimeCreated SystemTime=\"2014-02-11 17:49:42.611729+00:00\"></TimeCreated>\n<EventRecordID>319</EventRecordID>\n<Correlation ActivityID=\"\" RelatedActivityID=\"\"></Correlation>\n<Execution ProcessID=\"1328\" ThreadID=\"2540\"></Execution>\n<Channel>Microsoft-Windows-Windows Firewall With Advanced Security/Firewall</Channel>\n<Computer>IACIS-HDD-2014</Computer>\n<Security UserID=\"S-1-5-19\"></Security>\n</System>\n<EventData><Data Name=\"InterfaceGuid\">{78a289b4-f8b9-43c7-8bba-f96e0bbc2185}</Data>\n<Data Name=\"InterfaceName\">ethernet_6</Data>\n<Data Name=\"OldProfile\">2</Data>\n<Data Name=\"NewProfile\">4</Data>\n</EventData>\n</Event>\n"
  },
  {
    "EventID": 2010,
    "Timestamp": "2014-02-11 17:50:41.276257+00:00",
    "Computer": "IACIS-HDD-2014",
    "Channel": "Microsoft-Windows-Windows Firewall With Advanced Security/Firewall",
    "Level": "Information",
    "EventData": {
      "InterfaceGuid": "{78a289b4-f8b9-43c7-8bba-f96e0bbc2185}",
      "InterfaceName": "ethernet_6",
      "OldProfile": "2147483649",
      "NewProfile": "4"
    },
    "RawXml": "<Event xmlns=\"http://schemas.microsoft.com/win/2004/08/events/event\"><System><Provider Name=\"Microsoft-Windows-Windows Firewall With Advanced Security\" Guid=\"{d1bc9aff-2abf-4d71-9146-ecb2a986eb85}\"></Provider>\n<EventID Qualifiers=\"\">2010</EventID>\n<Version>0</Version>\n<Level>4</Level>\n<Task>0</Task>\n<Opcode>0</Opcode>\n<Keywords>0x8000000000000000</Keywords>\n<TimeCreated SystemTime=\"2014-02-11 17:50:41.276257+00:00\"></TimeCreated>\n<EventRecordID>320</EventRecordID>\n<Correlation ActivityID=\"\" RelatedActivityID=\"\"></Correlation>\n<Execution ProcessID=\"1320\" ThreadID=\"1692\"></Execution>\n<Channel>Microsoft-Windows-Windows Firewall With Advanced Security/Firewall</Channel>\n<Computer>IACIS-HDD-2014</Computer>\n<Security UserID=\"S-1-5-19\"></Security>\n</System>\n<EventData><Data Name=\"InterfaceGuid\">{78a289b4-f8b9-43c7-8bba-f96e0bbc2185}</Data>\n<Data Name=\"InterfaceName\">ethernet_6</Data>\n<Data Name=\"OldProfile\">2147483649</Data>\n<Data Name=\"NewProfile\">4</Data>\n</EventData>\n</Event>\n"
  },
  {
    "EventID": 2002,
    "Timestamp": "2014-02-11 17:50:41.588257+00:00",
    "Computer": "IACIS-HDD-2014",
    "Channel": "Microsoft-Windows-Windows Firewall With Advanced Security/Firewall",
    "Level": "Information",
    "EventData": {
      "SettingType": "2",
      "SettingValueSize": "4",
      "SettingValue": "BgAAAA==",
      "SettingValueDisplay": "Private,Public",
      "Origin": "1",
      "ModifyingUser": "S-1-5-80-3088073201-1464728630-1879813800-1107566885-823218052",
      "ModifyingApplication": ""
    },
    "RawXml": "<Event xmlns=\"http://schemas.microsoft.com/win/2004/08/events/event\"><System><Provider Name=\"Microsoft-Windows-Windows Firewall With Advanced Security\" Guid=\"{d1bc9aff-2abf-4d71-9146-ecb2a986eb85}\"></Provider>\n<EventID Qualifiers=\"\">2002</EventID>\n<Version>0</Version>\n<Level>4</Level>\n<Task>0</Task>\n<Opcode>0</Opcode>\n<Keywords>0x8000000000000000</Keywords>\n<TimeCreated SystemTime=\"2014-02-11 17:50:41.588257+00:00\"></TimeCreated>\n<EventRecordID>321</EventRecordID>\n<Correlation ActivityID=\"\" RelatedActivityID=\"\"></Correlation>\n<Execution ProcessID=\"1320\" ThreadID=\"1944\"></Execution>\n<Channel>Microsoft-Windows-Windows Firewall With Advanced Security/Firewall</Channel>\n<Computer>IACIS-HDD-2014</Computer>\n<Security UserID=\"S-1-5-19\"></Security>\n</System>\n<EventData><Data Name=\"SettingType\">2</Data>\n<Data Name=\"SettingValueSize\">4</Data>\n<Data Name=\"SettingValue\">BgAAAA==</Data>\n<Data Name=\"SettingValueDisplay\">Private,Public</Data>\n<Data Name=\"Origin\">1</Data>\n<Data Name=\"ModifyingUser\">S-1-5-80-3088073201-1464728630-1879813800-1107566885-823218052</Data>\n<Data Name=\"ModifyingApplication\"></Data>\n</EventData>\n</Event>\n"
  },
  {
    "EventID": 2010,
    "Timestamp": "2014-02-11 17:50:41.588257+00:00",
    "Computer": "IACIS-HDD-2014",
    "Channel": "Microsoft-Windows-Windows Firewall With Advanced Security/Firewall",
    "Level": "Information",
    "EventData": {
      "InterfaceGuid": "{78a289b4-f8b9-43c7-8bba-f96e0bbc2185}",
      "InterfaceName": "ethernet_6",
      "OldProfile": "2147483649",
      "NewProfile": "2"
    },
    "RawXml": "<Event xmlns=\"http://schemas.microsoft.com/win/2004/08/events/event\"><System><Provider Name=\"Microsoft-Windows-Windows Firewall With Advanced Security\" Guid=\"{d1bc9aff-2abf-4d71-9146-ecb2a986eb85}\"></Provider>\n<EventID Qualifiers=\"\">2010</EventID>\n<Version>0</Version>\n<Level>4</Level>\n<Task>0</Task>\n<Opcode>0</Opcode>\n<Keywords>0x8000000000000000</Keywords>\n<TimeCreated SystemTime=\"2014-02-11 17:50:41.588257+00:00\"></TimeCreated>\n<EventRecordID>322</EventRecordID>\n<Correlation ActivityID=\"\" RelatedActivityID=\"\"></Correlation>\n<Execution ProcessID=\"1320\" ThreadID=\"1944\"></Execution>\n<Channel>Microsoft-Windows-Windows Firewall With Advanced Security/Firewall</Channel>\n<Computer>IACIS-HDD-2014</Computer>\n<Security UserID=\"S-1-5-19\"></Security>\n</System>\n<EventData><Data Name=\"InterfaceGuid\">{78a289b4-f8b9-43c7-8bba-f96e0bbc2185}</Data>\n<Data Name=\"InterfaceName\">ethernet_6</Data>\n<Data Name=\"OldProfile\">2147483649</Data>\n<Data Name=\"NewProfile\">2</Data>\n</EventData>\n</Event>\n"
  },
  {
    "EventID": 2002,
    "Timestamp": "2014-02-11 17:50:41.635057+00:00",
    "Computer": "IACIS-HDD-2014",
    "Channel": "Microsoft-Windows-Windows Firewall With Advanced Security/Firewall",
    "Level": "Information",
    "EventData": {
      "SettingType": "2",
      "SettingValueSize": "4",
      "SettingValue": "AgAAAA==",
      "SettingValueDisplay": "Private",
      "Origin": "1",
      "ModifyingUser": "S-1-5-80-3088073201-1464728630-1879813800-1107566885-823218052",
      "ModifyingApplication": ""
    },
    "RawXml": "<Event xmlns=\"http://schemas.microsoft.com/win/2004/08/events/event\"><System><Provider Name=\"Microsoft-Windows-Windows Firewall With Advanced Security\" Guid=\"{d1bc9aff-2abf-4d71-9146-ecb2a986eb85}\"></Provider>\n<EventID Qualifiers=\"\">2002</EventID>\n<Version>0</Version>\n<Level>4</Level>\n<Task>0</Task>\n<Opcode>0</Opcode>\n<Keywords>0x8000000000000000</Keywords>\n<TimeCreated SystemTime=\"2014-02-11 17:50:41.635057+00:00\"></TimeCreated>\n<EventRecordID>323</EventRecordID>\n<Correlation ActivityID=\"\" RelatedActivityID=\"\"></Correlation>\n<Execution ProcessID=\"1320\" ThreadID=\"1692\"></Execution>\n<Channel>Microsoft-Windows-Windows Firewall With Advanced Security/Firewall</Channel>\n<Computer>IACIS-HDD-2014</Computer>\n<Security UserID=\"S-1-5-19\"></Security>\n</System>\n<EventData><Data Name=\"SettingType\">2</Data>\n<Data Name=\"SettingValueSize\">4</Data>\n<Data Name=\"SettingValue\">AgAAAA==</Data>\n<Data Name=\"SettingValueDisplay\">Private</Data>\n<Data Name=\"Origin\">1</Data>\n<Data Name=\"ModifyingUser\">S-1-5-80-3088073201-1464728630-1879813800-1107566885-823218052</Data>\n<Data Name=\"ModifyingApplication\"></Data>\n</EventData>\n</Event>\n"
  },
  {
    "EventID": 2010,
    "Timestamp": "2014-02-11 17:50:41.635057+00:00",
    "Computer": "IACIS-HDD-2014",
    "Channel": "Microsoft-Windows-Windows Firewall With Advanced Security/Firewall",
    "Level": "Information",
    "EventData": {
      "InterfaceGuid": "{78a289b4-f8b9-43c7-8bba-f96e0bbc2185}",
      "InterfaceName": "ethernet_6",
      "OldProfile": "4",
      "NewProfile": "2147483649"
    },
    "RawXml": "<Event xmlns=\"http://schemas.microsoft.com/win/2004/08/events/event\"><System><Provider Name=\"Microsoft-Windows-Windows Firewall With Advanced Security\" Guid=\"{d1bc9aff-2abf-4d71-9146-ecb2a986eb85}\"></Provider>\n<EventID Qualifiers=\"\">2010</EventID>\n<Version>0</Version>\n<Level>4</Level>\n<Task>0</Task>\n<Opcode>0</Opcode>\n<Keywords>0x8000000000000000</Keywords>\n<TimeCreated SystemTime=\"2014-02-11 17:50:41.635057+00:00\"></TimeCreated>\n<EventRecordID>324</EventRecordID>\n<Correlation ActivityID=\"\" RelatedActivityID=\"\"></Correlation>\n<Execution ProcessID=\"1320\" ThreadID=\"1692\"></Execution>\n<Channel>Microsoft-Windows-Windows Firewall With Advanced Security/Firewall</Channel>\n<Computer>IACIS-HDD-2014</Computer>\n<Security UserID=\"S-1-5-19\"></Security>\n</System>\n<EventData><Data Name=\"InterfaceGuid\">{78a289b4-f8b9-43c7-8bba-f96e0bbc2185}</Data>\n<Data Name=\"InterfaceName\">ethernet_6</Data>\n<Data Name=\"OldProfile\">4</Data>\n<Data Name=\"NewProfile\">2147483649</Data>\n</EventData>\n</Event>\n"
  },
  {
    "EventID": 2002,
    "Timestamp": "2014-02-11 19:09:00.982111+00:00",
    "Computer": "IACIS-HDD-2014",
    "Channel": "Microsoft-Windows-Windows Firewall With Advanced Security/Firewall",
    "Level": "Information",
    "EventData": {
      "SettingType": "2",
      "SettingValueSize": "4",
      "SettingValue": "BAAAAA==",
      "SettingValueDisplay": "Public",
      "Origin": "1",
      "ModifyingUser": "S-1-5-80-3088073201-1464728630-1879813800-1107566885-823218052",
      "ModifyingApplication": ""
    },
    "RawXml": "<Event xmlns=\"http://schemas.microsoft.com/win/2004/08/events/event\"><System><Provider Name=\"Microsoft-Windows-Windows Firewall With Advanced Security\" Guid=\"{d1bc9aff-2abf-4d71-9146-ecb2a986eb85}\"></Provider>\n<EventID Qualifiers=\"\">2002</EventID>\n<Version>0</Version>\n<Level>4</Level>\n<Task>0</Task>\n<Opcode>0</Opcode>\n<Keywords>0x8000000000000000</Keywords>\n<TimeCreated SystemTime=\"2014-02-11 19:09:00.982111+00:00\"></TimeCreated>\n<EventRecordID>325</EventRecordID>\n<Correlation ActivityID=\"\" RelatedActivityID=\"\"></Correlation>\n<Execution ProcessID=\"1320\" ThreadID=\"4072\"></Execution>\n<Channel>Microsoft-Windows-Windows Firewall With Advanced Security/Firewall</Channel>\n<Computer>IACIS-HDD-2014</Computer>\n<Security UserID=\"S-1-5-19\"></Security>\n</System>\n<EventData><Data Name=\"SettingType\">2</Data>\n<Data Name=\"SettingValueSize\">4</Data>\n<Data Name=\"SettingValue\">BAAAAA==</Data>\n<Data Name=\"SettingValueDisplay\">Public</Data>\n<Data Name=\"Origin\">1</Data>\n<Data Name=\"ModifyingUser\">S-1-5-80-3088073201-1464728630-1879813800-1107566885-823218052</Data>\n<Data Name=\"ModifyingApplication\"></Data>\n</EventData>\n</Event>\n"
  },
  {
    "EventID": 2010,
    "Timestamp": "2014-02-11 19:09:00.982111+00:00",
    "Computer": "IACIS-HDD-2014",
    "Channel": "Microsoft-Windows-Windows Firewall With Advanced Security/Firewall",
    "Level": "Information",
    "EventData": {
      "InterfaceGuid": "{78a289b4-f8b9-43c7-8bba-f96e0bbc2185}",
      "InterfaceName": "ethernet_6",
      "OldProfile": "2",
      "NewProfile": "4"
    },
    "RawXml": "<Event xmlns=\"http://schemas.microsoft.com/win/2004/08/events/event\"><System><Provider Name=\"Microsoft-Windows-Windows Firewall With Advanced Security\" Guid=\"{d1bc9aff-2abf-4d71-9146-ecb2a986eb85}\"></Provider>\n<EventID Qualifiers=\"\">2010</EventID>\n<Version>0</Version>\n<Level>4</Level>\n<Task>0</Task>\n<Opcode>0</Opcode>\n<Keywords>0x8000000000000000</Keywords>\n<TimeCreated SystemTime=\"2014-02-11 19:09:00.982111+00:00\"></TimeCreated>\n<EventRecordID>326</EventRecordID>\n<Correlation ActivityID=\"\" RelatedActivityID=\"\"></Correlation>\n<Execution ProcessID=\"1320\" ThreadID=\"4072\"></Execution>\n<Channel>Microsoft-Windows-Windows Firewall With Advanced Security/Firewall</Channel>\n<Computer>IACIS-HDD-2014</Computer>\n<Security UserID=\"S-1-5-19\"></Security>\n</System>\n<EventData><Data Name=\"InterfaceGuid\">{78a289b4-f8b9-43c7-8bba-f96e0bbc2185}</Data>\n<Data Name=\"InterfaceName\">ethernet_6</Data>\n<Data Name=\"OldProfile\">2</Data>\n<Data Name=\"NewProfile\">4</Data>\n</EventData>\n</Event>\n"
  },
  {
    "EventID": 2010,
    "Timestamp": "2014-02-16 19:00:03.786253+00:00",
    "Computer": "IACIS-HDD-2014",
    "Channel": "Microsoft-Windows-Windows Firewall With Advanced Security/Firewall",
    "Level": "Information",
    "EventData": {
      "InterfaceGuid": "{78a289b4-f8b9-43c7-8bba-f96e0bbc2185}",
      "InterfaceName": "ethernet_6",
      "OldProfile": "2147483649",
      "NewProfile": "4"
    },
    "RawXml": "<Event xmlns=\"http://schemas.microsoft.com/win/2004/08/events/event\"><System><Provider Name=\"Microsoft-Windows-Windows Firewall With Advanced Security\" Guid=\"{d1bc9aff-2abf-4d71-9146-ecb2a986eb85}\"></Provider>\n<EventID Qualifiers=\"\">2010</EventID>\n<Version>0</Version>\n<Level>4</Level>\n<Task>0</Task>\n<Opcode>0</Opcode>\n<Keywords>0x8000000000000000</Keywords>\n<TimeCreated SystemTime=\"2014-02-16 19:00:03.786253+00:00\"></TimeCreated>\n<EventRecordID>327</EventRecordID>\n<Correlation ActivityID=\"\" RelatedActivityID=\"\"></Correlation>\n<Execution ProcessID=\"1324\" ThreadID=\"1504\"></Execution>\n<Channel>Microsoft-Windows-Windows Firewall With Advanced Security/Firewall</Channel>\n<Computer>IACIS-HDD-2014</Computer>\n<Security UserID=\"S-1-5-19\"></Security>\n</System>\n<EventData><Data Name=\"InterfaceGuid\">{78a289b4-f8b9-43c7-8bba-f96e0bbc2185}</Data>\n<Data Name=\"InterfaceName\">ethernet_6</Data>\n<Data Name=\"OldProfile\">2147483649</Data>\n<Data Name=\"NewProfile\">4</Data>\n</EventData>\n</Event>\n"
  },
  {
    "EventID": 2002,
    "Timestamp": "2014-02-16 19:00:04.238651+00:00",
    "Computer": "IACIS-HDD-2014",
    "Channel": "Microsoft-Windows-Windows Firewall With Advanced Security/Firewall",
    "Level": "Information",
    "EventData": {
      "SettingType": "2",
      "SettingValueSize": "4",
      "SettingValue": "BgAAAA==",
      "SettingValueDisplay": "Private,Public",
      "Origin": "1",
      "ModifyingUser": "S-1-5-80-3088073201-1464728630-1879813800-1107566885-823218052",
      "ModifyingApplication": ""
    },
    "RawXml": "<Event xmlns=\"http://schemas.microsoft.com/win/2004/08/events/event\"><System><Provider Name=\"Microsoft-Windows-Windows Firewall With Advanced Security\" Guid=\"{d1bc9aff-2abf-4d71-9146-ecb2a986eb85}\"></Provider>\n<EventID Qualifiers=\"\">2002</EventID>\n<Version>0</Version>\n<Level>4</Level>\n<Task>0</Task>\n<Opcode>0</Opcode>\n<Keywords>0x8000000000000000</Keywords>\n<TimeCreated SystemTime=\"2014-02-16 19:00:04.238651+00:00\"></TimeCreated>\n<EventRecordID>328</EventRecordID>\n<Correlation ActivityID=\"\" RelatedActivityID=\"\"></Correlation>\n<Execution ProcessID=\"1324\" ThreadID=\"1340\"></Execution>\n<Channel>Microsoft-Windows-Windows Firewall With Advanced Security/Firewall</Channel>\n<Computer>IACIS-HDD-2014</Computer>\n<Security UserID=\"S-1-5-19\"></Security>\n</System>\n<EventData><Data Name=\"SettingType\">2</Data>\n<Data Name=\"SettingValueSize\">4</Data>\n<Data Name=\"SettingValue\">BgAAAA==</Data>\n<Data Name=\"SettingValueDisplay\">Private,Public</Data>\n<Data Name=\"Origin\">1</Data>\n<Data Name=\"ModifyingUser\">S-1-5-80-3088073201-1464728630-1879813800-1107566885-823218052</Data>\n<Data Name=\"ModifyingApplication\"></Data>\n</EventData>\n</Event>\n"
  },
  {
    "EventID": 2010,
    "Timestamp": "2014-02-16 19:00:04.238651+00:00",
    "Computer": "IACIS-HDD-2014",
    "Channel": "Microsoft-Windows-Windows Firewall With Advanced Security/Firewall",
    "Level": "Information",
    "EventData": {
      "InterfaceGuid": "{78a289b4-f8b9-43c7-8bba-f96e0bbc2185}",
      "InterfaceName": "ethernet_6",
      "OldProfile": "2147483649",
      "NewProfile": "2"
    },
    "RawXml": "<Event xmlns=\"http://schemas.microsoft.com/win/2004/08/events/event\"><System><Provider Name=\"Microsoft-Windows-Windows Firewall With Advanced Security\" Guid=\"{d1bc9aff-2abf-4d71-9146-ecb2a986eb85}\"></Provider>\n<EventID Qualifiers=\"\">2010</EventID>\n<Version>0</Version>\n<Level>4</Level>\n<Task>0</Task>\n<Opcode>0</Opcode>\n<Keywords>0x8000000000000000</Keywords>\n<TimeCreated SystemTime=\"2014-02-16 19:00:04.238651+00:00\"></TimeCreated>\n<EventRecordID>329</EventRecordID>\n<Correlation ActivityID=\"\" RelatedActivityID=\"\"></Correlation>\n<Execution ProcessID=\"1324\" ThreadID=\"1340\"></Execution>\n<Channel>Microsoft-Windows-Windows Firewall With Advanced Security/Firewall</Channel>\n<Computer>IACIS-HDD-2014</Computer>\n<Security UserID=\"S-1-5-19\"></Security>\n</System>\n<EventData><Data Name=\"InterfaceGuid\">{78a289b4-f8b9-43c7-8bba-f96e0bbc2185}</Data>\n<Data Name=\"InterfaceName\">ethernet_6</Data>\n<Data Name=\"OldProfile\">2147483649</Data>\n<Data Name=\"NewProfile\">2</Data>\n</EventData>\n</Event>\n"
  },
  {
    "EventID": 2002,
    "Timestamp": "2014-02-16 19:00:04.285452+00:00",
    "Computer": "IACIS-HDD-2014",
    "Channel": "Microsoft-Windows-Windows Firewall With Advanced Security/Firewall",
    "Level": "Information",
    "EventData": {
      "SettingType": "2",
      "SettingValueSize": "4",
      "SettingValue": "AgAAAA==",
      "SettingValueDisplay": "Private",
      "Origin": "1",
      "ModifyingUser": "S-1-5-80-3088073201-1464728630-1879813800-1107566885-823218052",
      "ModifyingApplication": ""
    },
    "RawXml": "<Event xmlns=\"http://schemas.microsoft.com/win/2004/08/events/event\"><System><Provider Name=\"Microsoft-Windows-Windows Firewall With Advanced Security\" Guid=\"{d1bc9aff-2abf-4d71-9146-ecb2a986eb85}\"></Provider>\n<EventID Qualifiers=\"\">2002</EventID>\n<Version>0</Version>\n<Level>4</Level>\n<Task>0</Task>\n<Opcode>0</Opcode>\n<Keywords>0x8000000000000000</Keywords>\n<TimeCreated SystemTime=\"2014-02-16 19:00:04.285452+00:00\"></TimeCreated>\n<EventRecordID>330</EventRecordID>\n<Correlation ActivityID=\"\" RelatedActivityID=\"\"></Correlation>\n<Execution ProcessID=\"1324\" ThreadID=\"1900\"></Execution>\n<Channel>Microsoft-Windows-Windows Firewall With Advanced Security/Firewall</Channel>\n<Computer>IACIS-HDD-2014</Computer>\n<Security UserID=\"S-1-5-19\"></Security>\n</System>\n<EventData><Data Name=\"SettingType\">2</Data>\n<Data Name=\"SettingValueSize\">4</Data>\n<Data Name=\"SettingValue\">AgAAAA==</Data>\n<Data Name=\"SettingValueDisplay\">Private</Data>\n<Data Name=\"Origin\">1</Data>\n<Data Name=\"ModifyingUser\">S-1-5-80-3088073201-1464728630-1879813800-1107566885-823218052</Data>\n<Data Name=\"ModifyingApplication\"></Data>\n</EventData>\n</Event>\n"
  },
  {
    "EventID": 2010,
    "Timestamp": "2014-02-16 19:00:04.285452+00:00",
    "Computer": "IACIS-HDD-2014",
    "Channel": "Microsoft-Windows-Windows Firewall With Advanced Security/Firewall",
    "Level": "Information",
    "EventData": {
      "InterfaceGuid": "{78a289b4-f8b9-43c7-8bba-f96e0bbc2185}",
      "InterfaceName": "ethernet_6",
      "OldProfile": "4",
      "NewProfile": "2147483649"
    },
    "RawXml": "<Event xmlns=\"http://schemas.microsoft.com/win/2004/08/events/event\"><System><Provider Name=\"Microsoft-Windows-Windows Firewall With Advanced Security\" Guid=\"{d1bc9aff-2abf-4d71-9146-ecb2a986eb85}\"></Provider>\n<EventID Qualifiers=\"\">2010</EventID>\n<Version>0</Version>\n<Level>4</Level>\n<Task>0</Task>\n<Opcode>0</Opcode>\n<Keywords>0x8000000000000000</Keywords>\n<TimeCreated SystemTime=\"2014-02-16 19:00:04.285452+00:00\"></TimeCreated>\n<EventRecordID>331</EventRecordID>\n<Correlation ActivityID=\"\" RelatedActivityID=\"\"></Correlation>\n<Execution ProcessID=\"1324\" ThreadID=\"1900\"></Execution>\n<Channel>Microsoft-Windows-Windows Firewall With Advanced Security/Firewall</Channel>\n<Computer>IACIS-HDD-2014</Computer>\n<Security UserID=\"S-1-5-19\"></Security>\n</System>\n<EventData><Data Name=\"InterfaceGuid\">{78a289b4-f8b9-43c7-8bba-f96e0bbc2185}</Data>\n<Data Name=\"InterfaceName\">ethernet_6</Data>\n<Data Name=\"OldProfile\">4</Data>\n<Data Name=\"NewProfile\">2147483649</Data>\n</EventData>\n</Event>\n"
  },
  {
    "EventID": 2002,
    "Timestamp": "2014-02-16 21:05:35.580091+00:00",
    "Computer": "IACIS-HDD-2014",
    "Channel": "Microsoft-Windows-Windows Firewall With Advanced Security/Firewall",
    "Level": "Information",
    "EventData": {
      "SettingType": "2",
      "SettingValueSize": "4",
      "SettingValue": "BAAAAA==",
      "SettingValueDisplay": "Public",
      "Origin": "1",
      "ModifyingUser": "S-1-5-80-3088073201-1464728630-1879813800-1107566885-823218052",
      "ModifyingApplication": ""
    },
    "RawXml": "<Event xmlns=\"http://schemas.microsoft.com/win/2004/08/events/event\"><System><Provider Name=\"Microsoft-Windows-Windows Firewall With Advanced Security\" Guid=\"{d1bc9aff-2abf-4d71-9146-ecb2a986eb85}\"></Provider>\n<EventID Qualifiers=\"\">2002</EventID>\n<Version>0</Version>\n<Level>4</Level>\n<Task>0</Task>\n<Opcode>0</Opcode>\n<Keywords>0x8000000000000000</Keywords>\n<TimeCreated SystemTime=\"2014-02-16 21:05:35.580091+00:00\"></TimeCreated>\n<EventRecordID>332</EventRecordID>\n<Correlation ActivityID=\"\" RelatedActivityID=\"\"></Correlation>\n<Execution ProcessID=\"1324\" ThreadID=\"3316\"></Execution>\n<Channel>Microsoft-Windows-Windows Firewall With Advanced Security/Firewall</Channel>\n<Computer>IACIS-HDD-2014</Computer>\n<Security UserID=\"S-1-5-19\"></Security>\n</System>\n<EventData><Data Name=\"SettingType\">2</Data>\n<Data Name=\"SettingValueSize\">4</Data>\n<Data Name=\"SettingValue\">BAAAAA==</Data>\n<Data Name=\"SettingValueDisplay\">Public</Data>\n<Data Name=\"Origin\">1</Data>\n<Data Name=\"ModifyingUser\">S-1-5-80-3088073201-1464728630-1879813800-1107566885-823218052</Data>\n<Data Name=\"ModifyingApplication\"></Data>\n</EventData>\n</Event>\n"
  },
  {
    "EventID": 2010,
    "Timestamp": "2014-02-16 21:05:35.580091+00:00",
    "Computer": "IACIS-HDD-2014",
    "Channel": "Microsoft-Windows-Windows Firewall With Advanced Security/Firewall",
    "Level": "Information",
    "EventData": {
      "InterfaceGuid": "{78a289b4-f8b9-43c7-8bba-f96e0bbc2185}",
      "InterfaceName": "ethernet_6",
      "OldProfile": "2",
      "NewProfile": "4"
    },
    "RawXml": "<Event xmlns=\"http://schemas.microsoft.com/win/2004/08/events/event\"><System><Provider Name=\"Microsoft-Windows-Windows Firewall With Advanced Security\" Guid=\"{d1bc9aff-2abf-4d71-9146-ecb2a986eb85}\"></Provider>\n<EventID Qualifiers=\"\">2010</EventID>\n<Version>0</Version>\n<Level>4</Level>\n<Task>0</Task>\n<Opcode>0</Opcode>\n<Keywords>0x8000000000000000</Keywords>\n<TimeCreated SystemTime=\"2014-02-16 21:05:35.580091+00:00\"></TimeCreated>\n<EventRecordID>333</EventRecordID>\n<Correlation ActivityID=\"\" RelatedActivityID=\"\"></Correlation>\n<Execution ProcessID=\"1324\" ThreadID=\"3316\"></Execution>\n<Channel>Microsoft-Windows-Windows Firewall With Advanced Security/Firewall</Channel>\n<Computer>IACIS-HDD-2014</Computer>\n<Security UserID=\"S-1-5-19\"></Security>\n</System>\n<EventData><Data Name=\"InterfaceGuid\">{78a289b4-f8b9-43c7-8bba-f96e0bbc2185}</Data>\n<Data Name=\"InterfaceName\">ethernet_6</Data>\n<Data Name=\"OldProfile\">2</Data>\n<Data Name=\"NewProfile\">4</Data>\n</EventData>\n</Event>\n"
  },
  {
    "EventID": 2010,
    "Timestamp": "2014-02-16 21:50:55.837046+00:00",
    "Computer": "IACIS-HDD-2014",
    "Channel": "Microsoft-Windows-Windows Firewall With Advanced Security/Firewall",
    "Level": "Information",
    "EventData": {
      "InterfaceGuid": "{78a289b4-f8b9-43c7-8bba-f96e0bbc2185}",
      "InterfaceName": "ethernet_6",
      "OldProfile": "2147483649",
      "NewProfile": "4"
    },
    "RawXml": "<Event xmlns=\"http://schemas.microsoft.com/win/2004/08/events/event\"><System><Provider Name=\"Microsoft-Windows-Windows Firewall With Advanced Security\" Guid=\"{d1bc9aff-2abf-4d71-9146-ecb2a986eb85}\"></Provider>\n<EventID Qualifiers=\"\">2010</EventID>\n<Version>0</Version>\n<Level>4</Level>\n<Task>0</Task>\n<Opcode>0</Opcode>\n<Keywords>0x8000000000000000</Keywords>\n<TimeCreated SystemTime=\"2014-02-16 21:50:55.837046+00:00\"></TimeCreated>\n<EventRecordID>334</EventRecordID>\n<Correlation ActivityID=\"\" RelatedActivityID=\"\"></Correlation>\n<Execution ProcessID=\"1340\" ThreadID=\"1012\"></Execution>\n<Channel>Microsoft-Windows-Windows Firewall With Advanced Security/Firewall</Channel>\n<Computer>IACIS-HDD-2014</Computer>\n<Security UserID=\"S-1-5-19\"></Security>\n</System>\n<EventData><Data Name=\"InterfaceGuid\">{78a289b4-f8b9-43c7-8bba-f96e0bbc2185}</Data>\n<Data Name=\"InterfaceName\">ethernet_6</Data>\n<Data Name=\"OldProfile\">2147483649</Data>\n<Data Name=\"NewProfile\">4</Data>\n</EventData>\n</Event>\n"
  },
  {
    "EventID": 2002,
    "Timestamp": "2014-02-16 21:50:56.258245+00:00",
    "Computer": "IACIS-HDD-2014",
    "Channel": "Microsoft-Windows-Windows Firewall With Advanced Security/Firewall",
    "Level": "Information",
    "EventData": {
      "SettingType": "2",
      "SettingValueSize": "4",
      "SettingValue": "BgAAAA==",
      "SettingValueDisplay": "Private,Public",
      "Origin": "1",
      "ModifyingUser": "S-1-5-80-3088073201-1464728630-1879813800-1107566885-823218052",
      "ModifyingApplication": ""
    },
    "RawXml": "<Event xmlns=\"http://schemas.microsoft.com/win/2004/08/events/event\"><System><Provider Name=\"Microsoft-Windows-Windows Firewall With Advanced Security\" Guid=\"{d1bc9aff-2abf-4d71-9146-ecb2a986eb85}\"></Provider>\n<EventID Qualifiers=\"\">2002</EventID>\n<Version>0</Version>\n<Level>4</Level>\n<Task>0</Task>\n<Opcode>0</Opcode>\n<Keywords>0x8000000000000000</Keywords>\n<TimeCreated SystemTime=\"2014-02-16 21:50:56.258245+00:00\"></TimeCreated>\n<EventRecordID>335</EventRecordID>\n<Correlation ActivityID=\"\" RelatedActivityID=\"\"></Correlation>\n<Execution ProcessID=\"1340\" ThreadID=\"1356\"></Execution>\n<Channel>Microsoft-Windows-Windows Firewall With Advanced Security/Firewall</Channel>\n<Computer>IACIS-HDD-2014</Computer>\n<Security UserID=\"S-1-5-19\"></Security>\n</System>\n<EventData><Data Name=\"SettingType\">2</Data>\n<Data Name=\"SettingValueSize\">4</Data>\n<Data Name=\"SettingValue\">BgAAAA==</Data>\n<Data Name=\"SettingValueDisplay\">Private,Public</Data>\n<Data Name=\"Origin\">1</Data>\n<Data Name=\"ModifyingUser\">S-1-5-80-3088073201-1464728630-1879813800-1107566885-823218052</Data>\n<Data Name=\"ModifyingApplication\"></Data>\n</EventData>\n</Event>\n"
  },
  {
    "EventID": 2010,
    "Timestamp": "2014-02-16 21:50:56.258245+00:00",
    "Computer": "IACIS-HDD-2014",
    "Channel": "Microsoft-Windows-Windows Firewall With Advanced Security/Firewall",
    "Level": "Information",
    "EventData": {
      "InterfaceGuid": "{78a289b4-f8b9-43c7-8bba-f96e0bbc2185}",
      "InterfaceName": "ethernet_6",
      "OldProfile": "2147483649",
      "NewProfile": "2"
    },
    "RawXml": "<Event xmlns=\"http://schemas.microsoft.com/win/2004/08/events/event\"><System><Provider Name=\"Microsoft-Windows-Windows Firewall With Advanced Security\" Guid=\"{d1bc9aff-2abf-4d71-9146-ecb2a986eb85}\"></Provider>\n<EventID Qualifiers=\"\">2010</EventID>\n<Version>0</Version>\n<Level>4</Level>\n<Task>0</Task>\n<Opcode>0</Opcode>\n<Keywords>0x8000000000000000</Keywords>\n<TimeCreated SystemTime=\"2014-02-16 21:50:56.258245+00:00\"></TimeCreated>\n<EventRecordID>336</EventRecordID>\n<Correlation ActivityID=\"\" RelatedActivityID=\"\"></Correlation>\n<Execution ProcessID=\"1340\" ThreadID=\"1356\"></Execution>\n<Channel>Microsoft-Windows-Windows Firewall With Advanced Security/Firewall</Channel>\n<Computer>IACIS-HDD-2014</Computer>\n<Security UserID=\"S-1-5-19\"></Security>\n</System>\n<EventData><Data Name=\"InterfaceGuid\">{78a289b4-f8b9-43c7-8bba-f96e0bbc2185}</Data>\n<Data Name=\"InterfaceName\">ethernet_6</Data>\n<Data Name=\"OldProfile\">2147483649</Data>\n<Data Name=\"NewProfile\">2</Data>\n</EventData>\n</Event>\n"
  },
  {
    "EventID": 2002,
    "Timestamp": "2014-02-16 21:50:56.305046+00:00",
    "Computer": "IACIS-HDD-2014",
    "Channel": "Microsoft-Windows-Windows Firewall With Advanced Security/Firewall",
    "Level": "Information",
    "EventData": {
      "SettingType": "2",
      "SettingValueSize": "4",
      "SettingValue": "AgAAAA==",
      "SettingValueDisplay": "Private",
      "Origin": "1",
      "ModifyingUser": "S-1-5-80-3088073201-1464728630-1879813800-1107566885-823218052",
      "ModifyingApplication": ""
    },
    "RawXml": "<Event xmlns=\"http://schemas.microsoft.com/win/2004/08/events/event\"><System><Provider Name=\"Microsoft-Windows-Windows Firewall With Advanced Security\" Guid=\"{d1bc9aff-2abf-4d71-9146-ecb2a986eb85}\"></Provider>\n<EventID Qualifiers=\"\">2002</EventID>\n<Version>0</Version>\n<Level>4</Level>\n<Task>0</Task>\n<Opcode>0</Opcode>\n<Keywords>0x8000000000000000</Keywords>\n<TimeCreated SystemTime=\"2014-02-16 21:50:56.305046+00:00\"></TimeCreated>\n<EventRecordID>337</EventRecordID>\n<Correlation ActivityID=\"\" RelatedActivityID=\"\"></Correlation>\n<Execution ProcessID=\"1340\" ThreadID=\"1360\"></Execution>\n<Channel>Microsoft-Windows-Windows Firewall With Advanced Security/Firewall</Channel>\n<Computer>IACIS-HDD-2014</Computer>\n<Security UserID=\"S-1-5-19\"></Security>\n</System>\n<EventData><Data Name=\"SettingType\">2</Data>\n<Data Name=\"SettingValueSize\">4</Data>\n<Data Name=\"SettingValue\">AgAAAA==</Data>\n<Data Name=\"SettingValueDisplay\">Private</Data>\n<Data Name=\"Origin\">1</Data>\n<Data Name=\"ModifyingUser\">S-1-5-80-3088073201-1464728630-1879813800-1107566885-823218052</Data>\n<Data Name=\"ModifyingApplication\"></Data>\n</EventData>\n</Event>\n"
  },
  {
    "EventID": 2010,
    "Timestamp": "2014-02-16 21:50:56.305046+00:00",
    "Computer": "IACIS-HDD-2014",
    "Channel": "Microsoft-Windows-Windows Firewall With Advanced Security/Firewall",
    "Level": "Information",
    "EventData": {
      "InterfaceGuid": "{78a289b4-f8b9-43c7-8bba-f96e0bbc2185}",
      "InterfaceName": "ethernet_6",
      "OldProfile": "4",
      "NewProfile": "2147483649"
    },
    "RawXml": "<Event xmlns=\"http://schemas.microsoft.com/win/2004/08/events/event\"><System><Provider Name=\"Microsoft-Windows-Windows Firewall With Advanced Security\" Guid=\"{d1bc9aff-2abf-4d71-9146-ecb2a986eb85}\"></Provider>\n<EventID Qualifiers=\"\">2010</EventID>\n<Version>0</Version>\n<Level>4</Level>\n<Task>0</Task>\n<Opcode>0</Opcode>\n<Keywords>0x8000000000000000</Keywords>\n<TimeCreated SystemTime=\"2014-02-16 21:50:56.305046+00:00\"></TimeCreated>\n<EventRecordID>338</EventRecordID>\n<Correlation ActivityID=\"\" RelatedActivityID=\"\"></Correlation>\n<Execution ProcessID=\"1340\" ThreadID=\"1360\"></Execution>\n<Channel>Microsoft-Windows-Windows Firewall With Advanced Security/Firewall</Channel>\n<Computer>IACIS-HDD-2014</Computer>\n<Security UserID=\"S-1-5-19\"></Security>\n</System>\n<EventData><Data Name=\"InterfaceGuid\">{78a289b4-f8b9-43c7-8bba-f96e0bbc2185}</Data>\n<Data Name=\"InterfaceName\">ethernet_6</Data>\n<Data Name=\"OldProfile\">4</Data>\n<Data Name=\"NewProfile\">2147483649</Data>\n</EventData>\n</Event>\n"
  },
