  {
    "EventID": 10000,
    "Timestamp": "2014-02-16 21:50:55.821445+00:00",
    "Computer": "IACIS-HDD-2014",
    "Channel": "Microsoft-Windows-NetworkProfile/Operational",
    "Level": "Information",
    "EventData": {
      "Name": "Identifying...",
      "Description": "Identifying...",
      "Guid": "{bfdcb970-a618-4606-8d46-ae27f48a207f}",
      "Type": "0",
      "State": "1",
      "Category": "0"
    },
    "RawXml": "<Event xmlns=\"http://schemas.microsoft.com/win/2004/08/events/event\"><System><Provider Name=\"Microsoft-Windows-NetworkProfile\" Guid=\"{fbcfac3f-8459-419f-8e48-1f0b49cdb85e}\"></Provider>\n<EventID Qualifiers=\"\">10000</EventID>\n<Version>0</Version>\n<Level>4</Level>\n<Task>0</Task>\n<Opcode>0</Opcode>\n<Keywords>0x4000200000000000</Keywords>\n<TimeCreated SystemTime=\"2014-02-16 21:50:55.821445+00:00\"></TimeCreated>\n<EventRecordID>145</EventRecordID>\n<Correlation ActivityID=\"\" RelatedActivityID=\"\"></Correlation>\n<Execution ProcessID=\"936\" ThreadID=\"2040\"></Execution>\n<Channel>Microsoft-Windows-NetworkProfile/Operational</Channel>\n<Computer>IACIS-HDD-2014</Computer>\n<Security UserID=\"S-1-5-19\"></Security>\n</System>\n<EventData><Data Name=\"Name\">Identifying...</Data>\n<Data Name=\"Description\">Identifying...</Data>\n<Data Name=\"Guid\">{bfdcb970-a618-4606-8d46-ae27f48a207f}</Data>\n<Data Name=\"Type\">0</Data>\n<Data Name=\"State\">1</Data>\n<Data Name=\"Category\">0</Data>\n</EventData>\n</Event>\n"
  },
  {
    "EventID": 4002,
    "Timestamp": "2014-02-16 21:50:56.211447+00:00",
    "Computer": "IACIS-HDD-2014",
    "Channel": "Microsoft-Windows-NetworkProfile/Operational",
    "Level": "Information",
    "EventData": {
      "InterfaceGuid": "{78a289b4-f8b9-43c7-8bba-f96e0bbc2185}",
      "CurrentOrNextState": "1"
    },
    "RawXml": "<Event xmlns=\"http://schemas.microsoft.com/win/2004/08/events/event\"><System><Provider Name=\"Microsoft-Windows-NetworkProfile\" Guid=\"{fbcfac3f-8459-419f-8e48-1f0b49cdb85e}\"></Provider>\n<EventID Qualifiers=\"\">4002</EventID>\n<Version>0</Version>\n<Level>4</Level>\n<Task>1</Task>\n<Opcode>2</Opcode>\n<Keywords>0x4001200000000000</Keywords>\n<TimeCreated SystemTime=\"2014-02-16 21:50:56.211447+00:00\"></TimeCreated>\n<EventRecordID>146</EventRecordID>\n<Correlation ActivityID=\"\" RelatedActivityID=\"\"></Correlation>\n<Execution ProcessID=\"936\" ThreadID=\"952\"></Execution>\n<Channel>Microsoft-Windows-NetworkProfile/Operational</Channel>\n<Computer>IACIS-HDD-2014</Computer>\n<Security UserID=\"S-1-5-19\"></Security>\n</System>\n<EventData><Data Name=\"InterfaceGuid\">{78a289b4-f8b9-43c7-8bba-f96e0bbc2185}</Data>\n<Data Name=\"CurrentOrNextState\">1</Data>\n</EventData>\n</Event>\n"
  },
  {
    "EventID": 10000,
    "Timestamp": "2014-02-16 21:50:56.211447+00:00",
    "Computer": "IACIS-HDD-2014",
    "Channel": "Microsoft-Windows-NetworkProfile/Operational",
    "Level": "Information",
    "EventData": {
      "Name": "Network  2",
      "Description": "Network",
      "Guid": "{a18bd810-8272-4622-bd4b-b3bae106b941}",
      "Type": "0",
      "State": "5",
      "Category": "1"
    },
    "RawXml": "<Event xmlns=\"http://schemas.microsoft.com/win/2004/08/events/event\"><System><Provider Name=\"Microsoft-Windows-NetworkProfile\" Guid=\"{fbcfac3f-8459-419f-8e48-1f0b49cdb85e}\"></Provider>\n<EventID Qualifiers=\"\">10000</EventID>\n<Version>0</Version>\n<Level>4</Level>\n<Task>0</Task>\n<Opcode>0</Opcode>\n<Keywords>0x4000200000000000</Keywords>\n<TimeCreated SystemTime=\"2014-02-16 21:50:56.211447+00:00\"></TimeCreated>\n<EventRecordID>147</EventRecordID>\n<Correlation ActivityID=\"\" RelatedActivityID=\"\"></Correlation>\n<Execution ProcessID=\"936\" ThreadID=\"2040\"></Execution>\n<Channel>Microsoft-Windows-NetworkProfile/Operational</Channel>\n<Computer>IACIS-HDD-2014</Computer>\n<Security UserID=\"S-1-5-19\"></Security>\n</System>\n<EventData><Data Name=\"Name\">Network  2</Data>\n<Data Name=\"Description\">Network</Data>\n<Data Name=\"Guid\">{a18bd810-8272-4622-bd4b-b3bae106b941}</Data>\n<Data Name=\"Type\">0</Data>\n<Data Name=\"State\">5</Data>\n<Data Name=\"Category\">1</Data>\n</EventData>\n</Event>\n"
  },
  {
    "EventID": 4001,
    "Timestamp": "2014-02-16 21:59:16.571926+00:00",
    "Computer": "IACIS-HDD-2014",
    "Channel": "Microsoft-Windows-NetworkProfile/Operational",
    "Level": "Information",
    "EventData": {
      "InterfaceGuid": "{78a289b4-f8b9-43c7-8bba-f96e0bbc2185}",
      "CurrentOrNextState": "0"
    },
    "RawXml": "<Event xmlns=\"http://schemas.microsoft.com/win/2004/08/events/event\"><System><Provider Name=\"Microsoft-Windows-NetworkProfile\" Guid=\"{fbcfac3f-8459-419f-8e48-1f0b49cdb85e}\"></Provider>\n<EventID Qualifiers=\"\">4001</EventID>\n<Version>0</Version>\n<Level>4</Level>\n<Task>1</Task>\n<Opcode>1</Opcode>\n<Keywords>0x4000200000000000</Keywords>\n<TimeCreated SystemTime=\"2014-02-16 21:59:16.571926+00:00\"></TimeCreated>\n<EventRecordID>148</EventRecordID>\n<Correlation ActivityID=\"\" RelatedActivityID=\"\"></Correlation>\n<Execution ProcessID=\"936\" ThreadID=\"3956\"></Execution>\n<Channel>Microsoft-Windows-NetworkProfile/Operational</Channel>\n<Computer>IACIS-HDD-2014</Computer>\n<Security UserID=\"S-1-5-19\"></Security>\n</System>\n<EventData><Data Name=\"InterfaceGuid\">{78a289b4-f8b9-43c7-8bba-f96e0bbc2185}</Data>\n<Data Name=\"CurrentOrNextState\">0</Data>\n</EventData>\n</Event>\n"
  },
  {
    "EventID": 10000,
    "Timestamp": "2014-02-16 21:59:16.618727+00:00",
    "Computer": "IACIS-HDD-2014",
    "Channel": "Microsoft-Windows-NetworkProfile/Operational",
    "Level": "Information",
    "EventData": {
      "Name": "Identifying...",
      "Description": "Identifying...",
      "Guid": "{bfdcb970-a618-4606-8d46-ae27f48a207f}",
      "Type": "0",
      "State": "9",
      "Category": "0"
    },
    "RawXml": "<Event xmlns=\"http://schemas.microsoft.com/win/2004/08/events/event\"><System><Provider Name=\"Microsoft-Windows-NetworkProfile\" Guid=\"{fbcfac3f-8459-419f-8e48-1f0b49cdb85e}\"></Provider>\n<EventID Qualifiers=\"\">10000</EventID>\n<Version>0</Version>\n<Level>4</Level>\n<Task>0</Task>\n<Opcode>0</Opcode>\n<Keywords>0x4000200000000000</Keywords>\n<TimeCreated SystemTime=\"2014-02-16 21:59:16.618727+00:00\"></TimeCreated>\n<EventRecordID>149</EventRecordID>\n<Correlation ActivityID=\"\" RelatedActivityID=\"\"></Correlation>\n<Execution ProcessID=\"936\" ThreadID=\"2040\"></Execution>\n<Channel>Microsoft-Windows-NetworkProfile/Operational</Channel>\n<Computer>IACIS-HDD-2014</Computer>\n<Security UserID=\"S-1-5-19\"></Security>\n</System>\n<EventData><Data Name=\"Name\">Identifying...</Data>\n<Data Name=\"Description\">Identifying...</Data>\n<Data Name=\"Guid\">{bfdcb970-a618-4606-8d46-ae27f48a207f}</Data>\n<Data Name=\"Type\">0</Data>\n<Data Name=\"State\">9</Data>\n<Data Name=\"Category\">0</Data>\n</EventData>\n</Event>\n"
  },
  {
    "EventID": 10001,
    "Timestamp": "2014-02-16 21:59:16.618727+00:00",
    "Computer": "IACIS-HDD-2014",
    "Channel": "Microsoft-Windows-NetworkProfile/Operational",
    "Level": "Information",
    "EventData": {
      "Name": "Network  2",
      "Description": "Network",
      "Guid": "{a18bd810-8272-4622-bd4b-b3bae106b941}",
      "Type": "0",
      "State": "2",
      "Category": "1"
    },
    "RawXml": "<Event xmlns=\"http://schemas.microsoft.com/win/2004/08/events/event\"><System><Provider Name=\"Microsoft-Windows-NetworkProfile\" Guid=\"{fbcfac3f-8459-419f-8e48-1f0b49cdb85e}\"></Provider>\n<EventID Qualifiers=\"\">10001</EventID>\n<Version>0</Version>\n<Level>4</Level>\n<Task>0</Task>\n<Opcode>0</Opcode>\n<Keywords>0x4000200000000000</Keywords>\n<TimeCreated SystemTime=\"2014-02-16 21:59:16.618727+00:00\"></TimeCreated>\n<EventRecordID>150</EventRecordID>\n<Correlation ActivityID=\"\" RelatedActivityID=\"\"></Correlation>\n<Execution ProcessID=\"936\" ThreadID=\"2040\"></Execution>\n<Channel>Microsoft-Windows-NetworkProfile/Operational</Channel>\n<Computer>IACIS-HDD-2014</Computer>\n<Security UserID=\"S-1-5-19\"></Security>\n</System>\n<EventData><Data Name=\"Name\">Network  2</Data>\n<Data Name=\"Description\">Network</Data>\n<Data Name=\"Guid\">{a18bd810-8272-4622-bd4b-b3bae106b941}</Data>\n<Data Name=\"Type\">0</Data>\n<Data Name=\"State\">2</Data>\n<Data Name=\"Category\">1</Data>\n</EventData>\n</Event>\n"
  },
  {
    "EventID": 4001,
    "Timestamp": "2014-02-16 22:39:45.505657+00:00",
    "Computer": "IACIS-HDD-2014",
    "Channel": "Microsoft-Windows-NetworkProfile/Operational",
    "Level": "Information",
    "EventData": {
      "InterfaceGuid": "{78a289b4-f8b9-43c7-8bba-f96e0bbc2185}",
      "CurrentOrNextState": "0"
    },
    "RawXml": "<Event xmlns=\"http://schemas.microsoft.com/win/2004/08/events/event\"><System><Provider Name=\"Microsoft-Windows-NetworkProfile\" Guid=\"{fbcfac3f-8459-419f-8e48-1f0b49cdb85e}\"></Provider>\n<EventID Qualifiers=\"\">4001</EventID>\n<Version>0</Version>\n<Level>4</Level>\n<Task>1</Task>\n<Opcode>1</Opcode>\n<Keywords>0x4000200000000000</Keywords>\n<TimeCreated SystemTime=\"2014-02-16 22:39:45.505657+00:00\"></TimeCreated>\n<EventRecordID>151</EventRecordID>\n<Correlation ActivityID=\"\" RelatedActivityID=\"\"></Correlation>\n<Execution ProcessID=\"936\" ThreadID=\"1356\"></Execution>\n<Channel>Microsoft-Windows-NetworkProfile/Operational</Channel>\n<Computer>IACIS-HDD-2014</Computer>\n<Security UserID=\"S-1-5-19\"></Security>\n</System>\n<EventData><Data Name=\"InterfaceGuid\">{78a289b4-f8b9-43c7-8bba-f96e0bbc2185}</Data>\n<Data Name=\"CurrentOrNextState\">0</Data>\n</EventData>\n</Event>\n"
  },
  {
    "EventID": 10000,
    "Timestamp": "2014-02-16 22:39:45.536659+00:00",
    "Computer": "IACIS-HDD-2014",
    "Channel": "Microsoft-Windows-NetworkProfile/Operational",
    "Level": "Information",
    "EventData": {
      "Name": "Identifying...",
      "Description": "Identifying...",
      "Guid": "{d4f692f9-7437-40d7-b9a5-e6b8d3c1a6c4}",
      "Type": "0",
      "State": "1",
      "Category": "0"
    },
    "RawXml": "<Event xmlns=\"http://schemas.microsoft.com/win/2004/08/events/event\"><System><Provider Name=\"Microsoft-Windows-NetworkProfile\" Guid=\"{fbcfac3f-8459-419f-8e48-1f0b49cdb85e}\"></Provider>\n<EventID Qualifiers=\"\">10000</EventID>\n<Version>0</Version>\n<Level>4</Level>\n<Task>0</Task>\n<Opcode>0</Opcode>\n<Keywords>0x4000200000000000</Keywords>\n<TimeCreated SystemTime=\"2014-02-16 22:39:45.536659+00:00\"></TimeCreated>\n<EventRecordID>152</EventRecordID>\n<Correlation ActivityID=\"\" RelatedActivityID=\"\"></Correlation>\n<Execution ProcessID=\"936\" ThreadID=\"964\"></Execution>\n<Channel>Microsoft-Windows-NetworkProfile/Operational</Channel>\n<Computer>IACIS-HDD-2014</Computer>\n<Security UserID=\"S-1-5-19\"></Security>\n</System>\n<EventData><Data Name=\"Name\">Identifying...</Data>\n<Data Name=\"Description\">Identifying...</Data>\n<Data Name=\"Guid\">{d4f692f9-7437-40d7-b9a5-e6b8d3c1a6c4}</Data>\n<Data Name=\"Type\">0</Data>\n<Data Name=\"State\">1</Data>\n<Data Name=\"Category\">0</Data>\n</EventData>\n</Event>\n"
  },
  {
    "EventID": 4002,
    "Timestamp": "2014-02-16 22:39:46.115063+00:00",
    "Computer": "IACIS-HDD-2014",
    "Channel": "Microsoft-Windows-NetworkProfile/Operational",
    "Level": "Information",
    "EventData": {
      "InterfaceGuid": "{78a289b4-f8b9-43c7-8bba-f96e0bbc2185}",
      "CurrentOrNextState": "1"
    },
    "RawXml": "<Event xmlns=\"http://schemas.microsoft.com/win/2004/08/events/event\"><System><Provider Name=\"Microsoft-Windows-NetworkProfile\" Guid=\"{fbcfac3f-8459-419f-8e48-1f0b49cdb85e}\"></Provider>\n<EventID Qualifiers=\"\">4002</EventID>\n<Version>0</Version>\n<Level>4</Level>\n<Task>1</Task>\n<Opcode>2</Opcode>\n<Keywords>0x4001200000000000</Keywords>\n<TimeCreated SystemTime=\"2014-02-16 22:39:46.115063+00:00\"></TimeCreated>\n<EventRecordID>153</EventRecordID>\n<Correlation ActivityID=\"\" RelatedActivityID=\"\"></Correlation>\n<Execution ProcessID=\"936\" ThreadID=\"1388\"></Execution>\n<Channel>Microsoft-Windows-NetworkProfile/Operational</Channel>\n<Computer>IACIS-HDD-2014</Computer>\n<Security UserID=\"S-1-5-19\"></Security>\n</System>\n<EventData><Data Name=\"InterfaceGuid\">{78a289b4-f8b9-43c7-8bba-f96e0bbc2185}</Data>\n<Data Name=\"CurrentOrNextState\">1</Data>\n</EventData>\n</Event>\n"
  },
  {
    "EventID": 10000,
    "Timestamp": "2014-02-16 22:39:46.115063+00:00",
    "Computer": "IACIS-HDD-2014",
    "Channel": "Microsoft-Windows-NetworkProfile/Operational",
    "Level": "Information",
    "EventData": {
      "Name": "Network  2",
      "Description": "Network",
      "Guid": "{a18bd810-8272-4622-bd4b-b3bae106b941}",
      "Type": "0",
      "State": "5",
      "Category": "1"
    },
    "RawXml": "<Event xmlns=\"http://schemas.microsoft.com/win/2004/08/events/event\"><System><Provider Name=\"Microsoft-Windows-NetworkProfile\" Guid=\"{fbcfac3f-8459-419f-8e48-1f0b49cdb85e}\"></Provider>\n<EventID Qualifiers=\"\">10000</EventID>\n<Version>0</Version>\n<Level>4</Level>\n<Task>0</Task>\n<Opcode>0</Opcode>\n<Keywords>0x4000200000000000</Keywords>\n<TimeCreated SystemTime=\"2014-02-16 22:39:46.115063+00:00\"></TimeCreated>\n<EventRecordID>154</EventRecordID>\n<Correlation ActivityID=\"\" RelatedActivityID=\"\"></Correlation>\n<Execution ProcessID=\"936\" ThreadID=\"964\"></Execution>\n<Channel>Microsoft-Windows-NetworkProfile/Operational</Channel>\n<Computer>IACIS-HDD-2014</Computer>\n<Security UserID=\"S-1-5-19\"></Security>\n</System>\n<EventData><Data Name=\"Name\">Network  2</Data>\n<Data Name=\"Description\">Network</Data>\n<Data Name=\"Guid\">{a18bd810-8272-4622-bd4b-b3bae106b941}</Data>\n<Data Name=\"Type\">0</Data>\n<Data Name=\"State\">5</Data>\n<Data Name=\"Category\">1</Data>\n</EventData>\n</Event>\n"
  },
  {
    "EventID": 10001,
    "Timestamp": "2014-02-16 22:47:27.532013+00:00",
    "Computer": "IACIS-HDD-2014",
    "Channel": "Microsoft-Windows-NetworkProfile/Operational",
    "Level": "Information",
    "EventData": {
      "Name": "Network  2",
      "Description": "Network",
      "Guid": "{a18bd810-8272-4622-bd4b-b3bae106b941}",
      "Type": "0",
      "State": "2",
      "Category": "1"
    },
    "RawXml": "<Event xmlns=\"http://schemas.microsoft.com/win/2004/08/events/event\"><System><Provider Name=\"Microsoft-Windows-NetworkProfile\" Guid=\"{fbcfac3f-8459-419f-8e48-1f0b49cdb85e}\"></Provider>\n<EventID Qualifiers=\"\">10001</EventID>\n<Version>0</Version>\n<Level>4</Level>\n<Task>0</Task>\n<Opcode>0</Opcode>\n<Keywords>0x4000200000000000</Keywords>\n<TimeCreated SystemTime=\"2014-02-16 22:47:27.532013+00:00\"></TimeCreated>\n<EventRecordID>155</EventRecordID>\n<Correlation ActivityID=\"\" RelatedActivityID=\"\"></Correlation>\n<Execution ProcessID=\"936\" ThreadID=\"964\"></Execution>\n<Channel>Microsoft-Windows-NetworkProfile/Operational</Channel>\n<Computer>IACIS-HDD-2014</Computer>\n<Security UserID=\"S-1-5-19\"></Security>\n</System>\n<EventData><Data Name=\"Name\">Network  2</Data>\n<Data Name=\"Description\">Network</Data>\n<Data Name=\"Guid\">{a18bd810-8272-4622-bd4b-b3bae106b941}</Data>\n<Data Name=\"Type\">0</Data>\n<Data Name=\"State\">2</Data>\n<Data Name=\"Category\">1</Data>\n</EventData>\n</Event>\n"
  },
  {
    "EventID": 4001,
    "Timestamp": "2014-02-16 22:47:27.563211+00:00",
    "Computer": "IACIS-HDD-2014",
    "Channel": "Microsoft-Windows-NetworkProfile/Operational",
    "Level": "Information",
    "EventData": {
      "InterfaceGuid": "{78a289b4-f8b9-43c7-8bba-f96e0bbc2185}",
      "CurrentOrNextState": "0"
    },
    "RawXml": "<Event xmlns=\"http://schemas.microsoft.com/win/2004/08/events/event\"><System><Provider Name=\"Microsoft-Windows-NetworkProfile\" Guid=\"{fbcfac3f-8459-419f-8e48-1f0b49cdb85e}\"></Provider>\n<EventID Qualifiers=\"\">4001</EventID>\n<Version>0</Version>\n<Level>4</Level>\n<Task>1</Task>\n<Opcode>1</Opcode>\n<Keywords>0x4000200000000000</Keywords>\n<TimeCreated SystemTime=\"2014-02-16 22:47:27.563211+00:00\"></TimeCreated>\n<EventRecordID>156</EventRecordID>\n<Correlation ActivityID=\"\" RelatedActivityID=\"\"></Correlation>\n<Execution ProcessID=\"936\" ThreadID=\"2192\"></Execution>\n<Channel>Microsoft-Windows-NetworkProfile/Operational</Channel>\n<Computer>IACIS-HDD-2014</Computer>\n<Security UserID=\"S-1-5-19\"></Security>\n</System>\n<EventData><Data Name=\"InterfaceGuid\">{78a289b4-f8b9-43c7-8bba-f96e0bbc2185}</Data>\n<Data Name=\"CurrentOrNextState\">0</Data>\n</EventData>\n</Event>\n"
  },
  {
    "EventID": 10000,
    "Timestamp": "2014-02-16 22:47:27.578812+00:00",
    "Computer": "IACIS-HDD-2014",
    "Channel": "Microsoft-Windows-NetworkProfile/Operational",
    "Level": "Information",
    "EventData": {
      "Name": "Identifying...",
      "Description": "Identifying...",
      "Guid": "{d4f692f9-7437-40d7-b9a5-e6b8d3c1a6c4}",
      "Type": "0",
      "State": "9",
      "Category": "0"
    },
    "RawXml": "<Event xmlns=\"http://schemas.microsoft.com/win/2004/08/events/event\"><System><Provider Name=\"Microsoft-Windows-NetworkProfile\" Guid=\"{fbcfac3f-8459-419f-8e48-1f0b49cdb85e}\"></Provider>\n<EventID Qualifiers=\"\">10000</EventID>\n<Version>0</Version>\n<Level>4</Level>\n<Task>0</Task>\n<Opcode>0</Opcode>\n<Keywords>0x4000200000000000</Keywords>\n<TimeCreated SystemTime=\"2014-02-16 22:47:27.578812+00:00\"></TimeCreated>\n<EventRecordID>157</EventRecordID>\n<Correlation ActivityID=\"\" RelatedActivityID=\"\"></Correlation>\n<Execution ProcessID=\"936\" ThreadID=\"964\"></Execution>\n<Channel>Microsoft-Windows-NetworkProfile/Operational</Channel>\n<Computer>IACIS-HDD-2014</Computer>\n<Security UserID=\"S-1-5-19\"></Security>\n</System>\n<EventData><Data Name=\"Name\">Identifying...</Data>\n<Data Name=\"Description\">Identifying...</Data>\n<Data Name=\"Guid\">{d4f692f9-7437-40d7-b9a5-e6b8d3c1a6c4}</Data>\n<Data Name=\"Type\">0</Data>\n<Data Name=\"State\">9</Data>\n<Data Name=\"Category\">0</Data>\n</EventData>\n</Event>\n"
  },
  {
    "EventID": 4001,
    "Timestamp": "2014-02-19 13:30:32.548073+00:00",
    "Computer": "IACIS-HDD-2014",
    "Channel": "Microsoft-Windows-NetworkProfile/Operational",
    "Level": "Information",
    "EventData": {
      "InterfaceGuid": "{78a289b4-f8b9-43c7-8bba-f96e0bbc2185}",
      "CurrentOrNextState": "0"
    },
    "RawXml": "<Event xmlns=\"http://schemas.microsoft.com/win/2004/08/events/event\"><System><Provider Name=\"Microsoft-Windows-NetworkProfile\" Guid=\"{fbcfac3f-8459-419f-8e48-1f0b49cdb85e}\"></Provider>\n<EventID Qualifiers=\"\">4001</EventID>\n<Version>0</Version>\n<Level>4</Level>\n<Task>1</Task>\n<Opcode>1</Opcode>\n<Keywords>0x4000200000000000</Keywords>\n<TimeCreated SystemTime=\"2014-02-19 13:30:32.548073+00:00\"></TimeCreated>\n<EventRecordID>158</EventRecordID>\n<Correlation ActivityID=\"\" RelatedActivityID=\"\"></Correlation>\n<Execution ProcessID=\"936\" ThreadID=\"788\"></Execution>\n<Channel>Microsoft-Windows-NetworkProfile/Operational</Channel>\n<Computer>IACIS-HDD-2014</Computer>\n<Security UserID=\"S-1-5-19\"></Security>\n</System>\n<EventData><Data Name=\"InterfaceGuid\">{78a289b4-f8b9-43c7-8bba-f96e0bbc2185}</Data>\n<Data Name=\"CurrentOrNextState\">0</Data>\n</EventData>\n</Event>\n"
  },
  {
    "EventID": 10000,
    "Timestamp": "2014-02-19 13:30:32.559072+00:00",
    "Computer": "IACIS-HDD-2014",
    "Channel": "Microsoft-Windows-NetworkProfile/Operational",
    "Level": "Information",
    "EventData": {
      "Name": "Identifying...",
      "Description": "Identifying...",
      "Guid": "{cd2cabce-ace5-4043-8bb3-8d2110d46977}",
      "Type": "0",
      "State": "1",
      "Category": "0"
    },
    "RawXml": "<Event xmlns=\"http://schemas.microsoft.com/win/2004/08/events/event\"><System><Provider Name=\"Microsoft-Windows-NetworkProfile\" Guid=\"{fbcfac3f-8459-419f-8e48-1f0b49cdb85e}\"></Provider>\n<EventID Qualifiers=\"\">10000</EventID>\n<Version>0</Version>\n<Level>4</Level>\n<Task>0</Task>\n<Opcode>0</Opcode>\n<Keywords>0x4000200000000000</Keywords>\n<TimeCreated SystemTime=\"2014-02-19 13:30:32.559072+00:00\"></TimeCreated>\n<EventRecordID>159</EventRecordID>\n<Correlation ActivityID=\"\" RelatedActivityID=\"\"></Correlation>\n<Execution ProcessID=\"936\" ThreadID=\"1008\"></Execution>\n<Channel>Microsoft-Windows-NetworkProfile/Operational</Channel>\n<Computer>IACIS-HDD-2014</Computer>\n<Security UserID=\"S-1-5-19\"></Security>\n</System>\n<EventData><Data Name=\"Name\">Identifying...</Data>\n<Data Name=\"Description\">Identifying...</Data>\n<Data Name=\"Guid\">{cd2cabce-ace5-4043-8bb3-8d2110d46977}</Data>\n<Data Name=\"Type\">0</Data>\n<Data Name=\"State\">1</Data>\n<Data Name=\"Category\">0</Data>\n</EventData>\n</Event>\n"
  },
  {
    "EventID": 4002,
    "Timestamp": "2014-02-19 13:30:33.149279+00:00",
    "Computer": "IACIS-HDD-2014",
    "Channel": "Microsoft-Windows-NetworkProfile/Operational",
    "Level": "Information",
    "EventData": {
      "InterfaceGuid": "{78a289b4-f8b9-43c7-8bba-f96e0bbc2185}",
      "CurrentOrNextState": "1"
    },
    "RawXml": "<Event xmlns=\"http://schemas.microsoft.com/win/2004/08/events/event\"><System><Provider Name=\"Microsoft-Windows-NetworkProfile\" Guid=\"{fbcfac3f-8459-419f-8e48-1f0b49cdb85e}\"></Provider>\n<EventID Qualifiers=\"\">4002</EventID>\n<Version>0</Version>\n<Level>4</Level>\n<Task>1</Task>\n<Opcode>2</Opcode>\n<Keywords>0x4001200000000000</Keywords>\n<TimeCreated SystemTime=\"2014-02-19 13:30:33.149279+00:00\"></TimeCreated>\n<EventRecordID>160</EventRecordID>\n<Correlation ActivityID=\"\" RelatedActivityID=\"\"></Correlation>\n<Execution ProcessID=\"936\" ThreadID=\"1012\"></Execution>\n<Channel>Microsoft-Windows-NetworkProfile/Operational</Channel>\n<Computer>IACIS-HDD-2014</Computer>\n<Security UserID=\"S-1-5-19\"></Security>\n</System>\n<EventData><Data Name=\"InterfaceGuid\">{78a289b4-f8b9-43c7-8bba-f96e0bbc2185}</Data>\n<Data Name=\"CurrentOrNextState\">1</Data>\n</EventData>\n</Event>\n"
  },
  {
    "EventID": 10000,
    "Timestamp": "2014-02-19 13:30:33.149279+00:00",
    "Computer": "IACIS-HDD-2014",
    "Channel": "Microsoft-Windows-NetworkProfile/Operational",
    "Level": "Information",
    "EventData": {
      "Name": "Network  2",
      "Description": "Network",
      "Guid": "{a18bd810-8272-4622-bd4b-b3bae106b941}",
      "Type": "0",
      "State": "5",
      "Category": "1"
    },
    "RawXml": "<Event xmlns=\"http://schemas.microsoft.com/win/2004/08/events/event\"><System><Provider Name=\"Microsoft-Windows-NetworkProfile\" Guid=\"{fbcfac3f-8459-419f-8e48-1f0b49cdb85e}\"></Provider>\n<EventID Qualifiers=\"\">10000</EventID>\n<Version>0</Version>\n<Level>4</Level>\n<Task>0</Task>\n<Opcode>0</Opcode>\n<Keywords>0x4000200000000000</Keywords>\n<TimeCreated SystemTime=\"2014-02-19 13:30:33.149279+00:00\"></TimeCreated>\n<EventRecordID>161</EventRecordID>\n<Correlation ActivityID=\"\" RelatedActivityID=\"\"></Correlation>\n<Execution ProcessID=\"936\" ThreadID=\"1008\"></Execution>\n<Channel>Microsoft-Windows-NetworkProfile/Operational</Channel>\n<Computer>IACIS-HDD-2014</Computer>\n<Security UserID=\"S-1-5-19\"></Security>\n</System>\n<EventData><Data Name=\"Name\">Network  2</Data>\n<Data Name=\"Description\">Network</Data>\n<Data Name=\"Guid\">{a18bd810-8272-4622-bd4b-b3bae106b941}</Data>\n<Data Name=\"Type\">0</Data>\n<Data Name=\"State\">5</Data>\n<Data Name=\"Category\">1</Data>\n</EventData>\n</Event>\n"
  },
  {
    "EventID": 4001,
    "Timestamp": "2014-02-19 18:17:24.654945+00:00",
    "Computer": "IACIS-HDD-2014",
    "Channel": "Microsoft-Windows-NetworkProfile/Operational",
    "Level": "Information",
    "EventData": {
      "InterfaceGuid": "{78a289b4-f8b9-43c7-8bba-f96e0bbc2185}",
      "CurrentOrNextState": "0"
    },
    "RawXml": "<Event xmlns=\"http://schemas.microsoft.com/win/2004/08/events/event\"><System><Provider Name=\"Microsoft-Windows-NetworkProfile\" Guid=\"{fbcfac3f-8459-419f-8e48-1f0b49cdb85e}\"></Provider>\n<EventID Qualifiers=\"\">4001</EventID>\n<Version>0</Version>\n<Level>4</Level>\n<Task>1</Task>\n<Opcode>1</Opcode>\n<Keywords>0x4000200000000000</Keywords>\n<TimeCreated SystemTime=\"2014-02-19 18:17:24.654945+00:00\"></TimeCreated>\n<EventRecordID>162</EventRecordID>\n<Correlation ActivityID=\"\" RelatedActivityID=\"\"></Correlation>\n<Execution ProcessID=\"936\" ThreadID=\"2456\"></Execution>\n<Channel>Microsoft-Windows-NetworkProfile/Operational</Channel>\n<Computer>IACIS-HDD-2014</Computer>\n<Security UserID=\"S-1-5-19\"></Security>\n</System>\n<EventData><Data Name=\"InterfaceGuid\">{78a289b4-f8b9-43c7-8bba-f96e0bbc2185}</Data>\n<Data Name=\"CurrentOrNextState\">0</Data>\n</EventData>\n</Event>\n"
  },
  {
    "EventID": 10001,
    "Timestamp": "2014-02-19 18:17:26.105747+00:00",
    "Computer": "IACIS-HDD-2014",
    "Channel": "Microsoft-Windows-NetworkProfile/Operational",
    "Level": "Information",
    "EventData": {
      "Name": "Network  2",
      "Description": "Network",
      "Guid": "{a18bd810-8272-4622-bd4b-b3bae106b941}",
      "Type": "0",
      "State": "2",
      "Category": "1"
    },
    "RawXml": "<Event xmlns=\"http://schemas.microsoft.com/win/2004/08/events/event\"><System><Provider Name=\"Microsoft-Windows-NetworkProfile\" Guid=\"{fbcfac3f-8459-419f-8e48-1f0b49cdb85e}\"></Provider>\n<EventID Qualifiers=\"\">10001</EventID>\n<Version>0</Version>\n<Level>4</Level>\n<Task>0</Task>\n<Opcode>0</Opcode>\n<Keywords>0x4000200000000000</Keywords>\n<TimeCreated SystemTime=\"2014-02-19 18:17:26.105747+00:00\"></TimeCreated>\n<EventRecordID>163</EventRecordID>\n<Correlation ActivityID=\"\" RelatedActivityID=\"\"></Correlation>\n<Execution ProcessID=\"936\" ThreadID=\"1008\"></Execution>\n<Channel>Microsoft-Windows-NetworkProfile/Operational</Channel>\n<Computer>IACIS-HDD-2014</Computer>\n<Security UserID=\"S-1-5-19\"></Security>\n</System>\n<EventData><Data Name=\"Name\">Network  2</Data>\n<Data Name=\"Description\">Network</Data>\n<Data Name=\"Guid\">{a18bd810-8272-4622-bd4b-b3bae106b941}</Data>\n<Data Name=\"Type\">0</Data>\n<Data Name=\"State\">2</Data>\n<Data Name=\"Category\">1</Data>\n</EventData>\n</Event>\n"
  },
  {
    "EventID": 10000,
    "Timestamp": "2014-02-19 18:17:26.854548+00:00",
    "Computer": "IACIS-HDD-2014",
    "Channel": "Microsoft-Windows-NetworkProfile/Operational",
    "Level": "Information",
    "EventData": {
      "Name": "Identifying...",
      "Description": "Identifying...",
      "Guid": "{cd2cabce-ace5-4043-8bb3-8d2110d46977}",
      "Type": "0",
      "State": "9",
      "Category": "0"
    },
    "RawXml": "<Event xmlns=\"http://schemas.microsoft.com/win/2004/08/events/event\"><System><Provider Name=\"Microsoft-Windows-NetworkProfile\" Guid=\"{fbcfac3f-8459-419f-8e48-1f0b49cdb85e}\"></Provider>\n<EventID Qualifiers=\"\">10000</EventID>\n<Version>0</Version>\n<Level>4</Level>\n<Task>0</Task>\n<Opcode>0</Opcode>\n<Keywords>0x4000200000000000</Keywords>\n<TimeCreated SystemTime=\"2014-02-19 18:17:26.854548+00:00\"></TimeCreated>\n<EventRecordID>164</EventRecordID>\n<Correlation ActivityID=\"\" RelatedActivityID=\"\"></Correlation>\n<Execution ProcessID=\"936\" ThreadID=\"1008\"></Execution>\n<Channel>Microsoft-Windows-NetworkProfile/Operational</Channel>\n<Computer>IACIS-HDD-2014</Computer>\n<Security UserID=\"S-1-5-19\"></Security>\n</System>\n<EventData><Data Name=\"Name\">Identifying...</Data>\n<Data Name=\"Description\">Identifying...</Data>\n<Data Name=\"Guid\">{cd2cabce-ace5-4043-8bb3-8d2110d46977}</Data>\n<Data Name=\"Type\">0</Data>\n<Data Name=\"State\">9</Data>\n<Data Name=\"Category\">0</Data>\n</EventData>\n</Event>\n"
  }
]