[
  {
    "EventID": 1002,
    "Timestamp": "2014-01-25 04:20:25.764191+00:00",
    "Computer": "37L4247F27-25",
    "Channel": "Microsoft-Windows-Known Folders API Service",
    "Level": "Warning",
    "EventData": {
      "hrError": "0x80070002",
      "FolderId": "{fdd39ad0-238f-46af-adb4-6c85480369c7}",
      "Path": "C:\\Windows\\system32\\config\\systemprofile\\Documents"
    },
    "RawXml": "<Event xmlns=\"http://schemas.microsoft.com/win/2004/08/events/event\"><System><Provider Name=\"Microsoft-Windows-KnownFolders\" Guid=\"{8939299f-2315-4c5c-9b91-abb86aa0627d}\"></Provider>\n<EventID Qualifiers=\"\">1002</EventID>\n<Version>0</Version>\n<Level>3</Level>\n<Task>0</Task>\n<Opcode>0</Opcode>\n<Keywords>0x8000000000000000</Keywords>\n<TimeCreated SystemTime=\"2014-01-25 04:20:25.764191+00:00\"></TimeCreated>\n<EventRecordID>1</EventRecordID>\n<Correlation ActivityID=\"\" RelatedActivityID=\"\"></Correlation>\n<Execution ProcessID=\"2024\" ThreadID=\"2044\"></Execution>\n<Channel>Microsoft-Windows-Known Folders API Service</Channel>\n<Computer>37L4247F27-25</Computer>\n<Security UserID=\"S-1-5-18\"></Security>\n</System>\n<EventData><Data Name=\"hrError\">0x80070002</Data>\n<Data Name=\"FolderId\">{fdd39ad0-238f-46af-adb4-6c85480369c7}</Data>\n<Data Name=\"Path\">C:\\Windows\\system32\\config\\systemprofile\\Documents</Data>\n</EventData>\n</Event>\n"
  },
  {
    "EventID": 1002,
    "Timestamp": "2014-01-25 04:20:33.860603+00:00",
    "Computer": "37L4247F27-25",
    "Channel": "Microsoft-Windows-Known Folders API Service",
    "Level": "Warning",
    "EventData": {
      "hrError": "0x80070002",
      "FolderId": "{fdd39ad0-238f-46af-adb4-6c85480369c7}",
      "Path": "C:\\Windows\\system32\\config\\systemprofile\\Documents"
    },
    "RawXml": "<Event xmlns=\"http://schemas.microsoft.com/win/2004/08/events/event\"><System><Provider Name=\"Microsoft-Windows-KnownFolders\" Guid=\"{8939299f-2315-4c5c-9b91-abb86aa0627d}\"></Provider>\n<EventID Qualifiers=\"\">1002</EventID>\n<Version>0</Version>\n<Level>3</Level>\n<Task>0</Task>\n<Opcode>0</Opcode>\n<Keywords>0x8000000000000000</Keywords>\n<TimeCreated SystemTime=\"2014-01-25 04:20:33.860603+00:00\"></TimeCreated>\n<EventRecordID>2</EventRecordID>\n<Correlation ActivityID=\"\" RelatedActivityID=\"\"></Correlation>\n<Execution ProcessID=\"1880\" ThreadID=\"1604\"></Execution>\n<Channel>Microsoft-Windows-Known Folders API Service</Channel>\n<Computer>37L4247F27-25</Computer>\n<Security UserID=\"S-1-5-18\"></Security>\n</System>\n<EventData><Data Name=\"hrError\">0x80070002</Data>\n<Data Name=\"FolderId\">{fdd39ad0-238f-46af-adb4-6c85480369c7}</Data>\n<Data Name=\"Path\">C:\\Windows\\system32\\config\\systemprofile\\Documents</Data>\n</EventData>\n</Event>\n"
  },
  {
    "EventID": 1002,
    "Timestamp": "2014-01-25 04:20:39.102213+00:00",
    "Computer": "37L4247F27-25",
    "Channel": "Microsoft-Windows-Known Folders API Service",
    "Level": "Warning",
    "EventData": {
      "hrError": "0x80070002",
      "FolderId": "{fdd39ad0-238f-46af-adb4-6c85480369c7}",
      "Path": "C:\\Windows\\system32\\config\\systemprofile\\Documents"
    },
    "RawXml": "<Event xmlns=\"http://schemas.microsoft.com/win/2004/08/events/event\"><System><Provider Name=\"Microsoft-Windows-KnownFolders\" Guid=\"{8939299f-2315-4c5c-9b91-abb86aa0627d}\"></Provider>\n<EventID Qualifiers=\"\">1002</EventID>\n<Version>0</Version>\n<Level>3</Level>\n<Task>0</Task>\n<Opcode>0</Opcode>\n<Keywords>0x8000000000000000</Keywords>\n<TimeCreated SystemTime=\"2014-01-25 04:20:39.102213+00:00\"></TimeCreated>\n<EventRecordID>3</EventRecordID>\n<Correlation ActivityID=\"\" RelatedActivityID=\"\"></Correlation>\n<Execution ProcessID=\"1932\" ThreadID=\"1864\"></Execution>\n<Channel>Microsoft-Windows-Known Folders API Service</Channel>\n<Computer>37L4247F27-25</Computer>\n<Security UserID=\"S-1-5-18\"></Security>\n</System>\n<EventData><Data Name=\"hrError\">0x80070002</Data>\n<Data Name=\"FolderId\">{fdd39ad0-238f-46af-adb4-6c85480369c7}</Data>\n<Data Name=\"Path\">C:\\Windows\\system32\\config\\systemprofile\\Documents</Data>\n</EventData>\n</Event>\n"
  },
  {
    "EventID": 1002,
    "Timestamp": "2014-01-25 04:20:43.017820+00:00",
    "Computer": "37L4247F27-25",
    "Channel": "Microsoft-Windows-Known Folders API Service",
    "Level": "Warning",
    "EventData": {
      "hrError": "0x80070002",
      "FolderId": "{fdd39ad0-238f-46af-adb4-6c85480369c7}",
      "Path": "C:\\Windows\\system32\\config\\systemprofile\\Documents"
    },
    "RawXml": "<Event xmlns=\"http://schemas.microsoft.com/win/2004/08/events/event\"><System><Provider Name=\"Microsoft-Windows-KnownFolders\" Guid=\"{8939299f-2315-4c5c-9b91-abb86aa0627d}\"></Provider>\n<EventID Qualifiers=\"\">1002</EventID>\n<Version>0</Version>\n<Level>3</Level>\n<Task>0</Task>\n<Opcode>0</Opcode>\n<Keywords>0x8000000000000000</Keywords>\n<TimeCreated SystemTime=\"2014-01-25 04:20:43.017820+00:00\"></TimeCreated>\n<EventRecordID>4</EventRecordID>\n<Correlation ActivityID=\"\" RelatedActivityID=\"\"></Correlation>\n<Execution ProcessID=\"2000\" ThreadID=\"1928\"></Execution>\n<Channel>Microsoft-Windows-Known Folders API Service</Channel>\n<Computer>37L4247F27-25</Computer>\n<Security UserID=\"S-1-5-18\"></Security>\n</System>\n<EventData><Data Name=\"hrError\">0x80070002</Data>\n<Data Name=\"FolderId\">{fdd39ad0-238f-46af-adb4-6c85480369c7}</Data>\n<Data Name=\"Path\">C:\\Windows\\system32\\config\\systemprofile\\Documents</Data>\n</EventData>\n</Event>\n"
  },
  {
    "EventID": 1002,
    "Timestamp": "2014-01-25 04:20:52.128237+00:00",
    "Computer": "37L4247F27-25",
    "Channel": "Microsoft-Windows-Known Folders API Service",
    "Level": "Warning",
    "EventData": {
      "hrError": "0x80070002",
      "FolderId": "{fdd39ad0-238f-46af-adb4-6c85480369c7}",
      "Path": "C:\\Windows\\system32\\config\\systemprofile\\Documents"
    },
    "RawXml": "<Event xmlns=\"http://schemas.microsoft.com/win/2004/08/events/event\"><System><Provider Name=\"Microsoft-Windows-KnownFolders\" Guid=\"{8939299f-2315-4c5c-9b91-abb86aa0627d}\"></Provider>\n<EventID Qualifiers=\"\">1002</EventID>\n<Version>0</Version>\n<Level>3</Level>\n<Task>0</Task>\n<Opcode>0</Opcode>\n<Keywords>0x8000000000000000</Keywords>\n<TimeCreated SystemTime=\"2014-01-25 04:20:52.128237+00:00\"></TimeCreated>\n<EventRecordID>5</EventRecordID>\n<Correlation ActivityID=\"\" RelatedActivityID=\"\"></Correlation>\n<Execution ProcessID=\"1652\" ThreadID=\"244\"></Execution>\n<Channel>Microsoft-Windows-Known Folders API Service</Channel>\n<Computer>37L4247F27-25</Computer>\n<Security UserID=\"S-1-5-18\"></Security>\n</System>\n<EventData><Data Name=\"hrError\">0x80070002</Data>\n<Data Name=\"FolderId\">{fdd39ad0-238f-46af-adb4-6c85480369c7}</Data>\n<Data Name=\"Path\">C:\\Windows\\system32\\config\\systemprofile\\Documents</Data>\n</EventData>\n</Event>\n"
  },
  {
    "EventID": 1002,
    "Timestamp": "2014-01-25 01:27:38.661465+00:00",
    "Computer": "IACIS-HDD-2014",
    "Channel": "Microsoft-Windows-Known Folders API Service",
    "Level": "Warning",
    "EventData": {
      "hrError": "0x80070002",
      "FolderId": "{1b3ea5dc-b587-4786-b4ef-bd1dc332aeae}",
      "Path": "C:\\Windows\\system32\\config\\systemprofile\\AppData\\Roaming\\Microsoft\\Windows\\Libraries"
    },
    "RawXml": "<Event xmlns=\"http://schemas.microsoft.com/win/2004/08/events/event\"><System><Provider Name=\"Microsoft-Windows-KnownFolders\" Guid=\"{8939299f-2315-4c5c-9b91-abb86aa0627d}\"></Provider>\n<EventID Qualifiers=\"\">1002</EventID>\n<Version>0</Version>\n<Level>3</Level>\n<Task>0</Task>\n<Opcode>0</Opcode>\n<Keywords>0x8000000000000000</Keywords>\n<TimeCreated SystemTime=\"2014-01-25 01:27:38.661465+00:00\"></TimeCreated>\n<EventRecordID>6</EventRecordID>\n<Correlation ActivityID=\"\" RelatedActivityID=\"\"></Correlation>\n<Execution ProcessID=\"864\" ThreadID=\"1016\"></Execution>\n<Channel>Microsoft-Windows-Known Folders API Service</Channel>\n<Computer>IACIS-HDD-2014</Computer>\n<Security UserID=\"S-1-5-18\"></Security>\n</System>\n<EventData><Data Name=\"hrError\">0x80070002</Data>\n<Data Name=\"FolderId\">{1b3ea5dc-b587-4786-b4ef-bd1dc332aeae}</Data>\n<Data Name=\"Path\">C:\\Windows\\system32\\config\\systemprofile\\AppData\\Roaming\\Microsoft\\Windows\\Libraries</Data>\n</EventData>\n</Event>\n"
  },
  {
    "EventID": 1002,
    "Timestamp": "2014-01-25 01:27:39.129465+00:00",
    "Computer": "IACIS-HDD-2014",
    "Channel": "Microsoft-Windows-Known Folders API Service",
    "Level": "Warning",
    "EventData": {
      "hrError": "0x80070002",
      "FolderId": "{b4bfcc3a-db2c-424c-b029-7fe99a87c641}",
      "Path": "C:\\Windows\\system32\\config\\systemprofile\\Desktop"
    },
    "RawXml": "<Event xmlns=\"http://schemas.microsoft.com/win/2004/08/events/event\"><System><Provider Name=\"Microsoft-Windows-KnownFolders\" Guid=\"{8939299f-2315-4c5c-9b91-abb86aa0627d}\"></Provider>\n<EventID Qualifiers=\"\">1002</EventID>\n<Version>0</Version>\n<Level>3</Level>\n<Task>0</Task>\n<Opcode>0</Opcode>\n<Keywords>0x8000000000000000</Keywords>\n<TimeCreated SystemTime=\"2014-01-25 01:27:39.129465+00:00\"></TimeCreated>\n<EventRecordID>7</EventRecordID>\n<Correlation ActivityID=\"\" RelatedActivityID=\"\"></Correlation>\n<Execution ProcessID=\"864\" ThreadID=\"1016\"></Execution>\n<Channel>Microsoft-Windows-Known Folders API Service</Channel>\n<Computer>IACIS-HDD-2014</Computer>\n<Security UserID=\"S-1-5-18\"></Security>\n</System>\n<EventData><Data Name=\"hrError\">0x80070002</Data>\n<Data Name=\"FolderId\">{b4bfcc3a-db2c-424c-b029-7fe99a87c641}</Data>\n<Data Name=\"Path\">C:\\Windows\\system32\\config\\systemprofile\\Desktop</Data>\n</EventData>\n</Event>\n"
  },
  {
    "EventID": 1002,
    "Timestamp": "2014-01-25 01:28:02.303532+00:00",
    "Computer": "IACIS-HDD-2014",
    "Channel": "Microsoft-Windows-Known Folders API Service",
    "Level": "Warning",
    "EventData": {
      "hrError": "0x80070003",
      "FolderId": "{7b0db17d-9cd2-4a93-9733-46cc89022e7c}",
      "Path": "C:\\Users\\BillyBob\\AppData\\Roaming\\Microsoft\\Windows\\Libraries\\Documents.library-ms"
    },
    "RawXml": "<Event xmlns=\"http://schemas.microsoft.com/win/2004/08/events/event\"><System><Provider Name=\"Microsoft-Windows-KnownFolders\" Guid=\"{8939299f-2315-4c5c-9b91-abb86aa0627d}\"></Provider>\n<EventID Qualifiers=\"\">1002</EventID>\n<Version>0</Version>\n<Level>3</Level>\n<Task>0</Task>\n<Opcode>0</Opcode>\n<Keywords>0x8000000000000000</Keywords>\n<TimeCreated SystemTime=\"2014-01-25 01:28:02.303532+00:00\"></TimeCreated>\n<EventRecordID>8</EventRecordID>\n<Correlation ActivityID=\"\" RelatedActivityID=\"\"></Correlation>\n<Execution ProcessID=\"2860\" ThreadID=\"2428\"></Execution>\n<Channel>Microsoft-Windows-Known Folders API Service</Channel>\n<Computer>IACIS-HDD-2014</Computer>\n<Security UserID=\"S-1-5-21-1171287513-3642516788-2358256967-1001\"></Security>\n</System>\n<EventData><Data Name=\"hrError\">0x80070003</Data>\n<Data Name=\"FolderId\">{7b0db17d-9cd2-4a93-9733-46cc89022e7c}</Data>\n<Data Name=\"Path\">C:\\Users\\BillyBob\\AppData\\Roaming\\Microsoft\\Windows\\Libraries\\Documents.library-ms</Data>\n</EventData>\n</Event>\n"
  },
  {
    "EventID": 1002,
    "Timestamp": "2014-01-25 01:31:56.151943+00:00",
    "Computer": "IACIS-HDD-2014",
    "Channel": "Microsoft-Windows-Known Folders API Service",
    "Level": "Warning",
    "EventData": {
      "hrError": "0x80070002",
      "FolderId": "{1777f761-68ad-4d8a-87bd-30b759fa33dd}",
      "Path": "C:\\Windows\\system32\\config\\systemprofile\\Favorites"
    },
    "RawXml": "<Event xmlns=\"http://schemas.microsoft.com/win/2004/08/events/event\"><System><Provider Name=\"Microsoft-Windows-KnownFolders\" Guid=\"{8939299f-2315-4c5c-9b91-abb86aa0627d}\"></Provider>\n<EventID Qualifiers=\"\">1002</EventID>\n<Version>0</Version>\n<Level>3</Level>\n<Task>0</Task>\n<Opcode>0</Opcode>\n<Keywords>0x8000000000000000</Keywords>\n<TimeCreated SystemTime=\"2014-01-25 01:31:56.151943+00:00\"></TimeCreated>\n<EventRecordID>9</EventRecordID>\n<Correlation ActivityID=\"\" RelatedActivityID=\"\"></Correlation>\n<Execution ProcessID=\"1676\" ThreadID=\"976\"></Execution>\n<Channel>Microsoft-Windows-Known Folders API Service</Channel>\n<Computer>IACIS-HDD-2014</Computer>\n<Security UserID=\"S-1-5-18\"></Security>\n</System>\n<EventData><Data Name=\"hrError\">0x80070002</Data>\n<Data Name=\"FolderId\">{1777f761-68ad-4d8a-87bd-30b759fa33dd}</Data>\n<Data Name=\"Path\">C:\\Windows\\system32\\config\\systemprofile\\Favorites</Data>\n</EventData>\n</Event>\n"
  },
  {
    "EventID": 1002,
    "Timestamp": "2014-01-25 01:31:56.151943+00:00",
    "Computer": "IACIS-HDD-2014",
    "Channel": "Microsoft-Windows-Known Folders API Service",
    "Level": "Warning",
    "EventData": {
      "hrError": "0x80070002",
      "FolderId": "{625b53c3-ab48-4ec1-ba1f-a1ef4146fc19}",
      "Path": "C:\\Windows\\system32\\config\\systemprofile\\AppData\\Roaming\\Microsoft\\Windows\\Start Menu"
    },
    "RawXml": "<Event xmlns=\"http://schemas.microsoft.com/win/2004/08/events/event\"><System><Provider Name=\"Microsoft-Windows-KnownFolders\" Guid=\"{8939299f-2315-4c5c-9b91-abb86aa0627d}\"></Provider>\n<EventID Qualifiers=\"\">1002</EventID>\n<Version>0</Version>\n<Level>3</Level>\n<Task>0</Task>\n<Opcode>0</Opcode>\n<Keywords>0x8000000000000000</Keywords>\n<TimeCreated SystemTime=\"2014-01-25 01:31:56.151943+00:00\"></TimeCreated>\n<EventRecordID>10</EventRecordID>\n<Correlation ActivityID=\"\" RelatedActivityID=\"\"></Correlation>\n<Execution ProcessID=\"1676\" ThreadID=\"976\"></Execution>\n<Channel>Microsoft-Windows-Known Folders API Service</Channel>\n<Computer>IACIS-HDD-2014</Computer>\n<Security UserID=\"S-1-5-18\"></Security>\n</System>\n<EventData><Data Name=\"hrError\">0x80070002</Data>\n<Data Name=\"FolderId\">{625b53c3-ab48-4ec1-ba1f-a1ef4146fc19}</Data>\n<Data Name=\"Path\">C:\\Windows\\system32\\config\\systemprofile\\AppData\\Roaming\\Microsoft\\Windows\\Start Menu</Data>\n</EventData>\n</Event>\n"
  },
  {
    "EventID": 1002,
    "Timestamp": "2014-01-25 01:31:56.151943+00:00",
    "Computer": "IACIS-HDD-2014",
    "Channel": "Microsoft-Windows-Known Folders API Service",
    "Level": "Warning",
    "EventData": {
      "hrError": "0x80070002",
      "FolderId": "{fdd39ad0-238f-46af-adb4-6c85480369c7}",
      "Path": "C:\\Windows\\system32\\config\\systemprofile\\Documents"
    },
    "RawXml": "<Event xmlns=\"http://schemas.microsoft.com/win/2004/08/events/event\"><System><Provider Name=\"Microsoft-Windows-KnownFolders\" Guid=\"{8939299f-2315-4c5c-9b91-abb86aa0627d}\"></Provider>\n<EventID Qualifiers=\"\">1002</EventID>\n<Version>0</Version>\n<Level>3</Level>\n<Task>0</Task>\n<Opcode>0</Opcode>\n<Keywords>0x8000000000000000</Keywords>\n<TimeCreated SystemTime=\"2014-01-25 01:31:56.151943+00:00\"></TimeCreated>\n<EventRecordID>11</EventRecordID>\n<Correlation ActivityID=\"\" RelatedActivityID=\"\"></Correlation>\n<Execution ProcessID=\"1676\" ThreadID=\"976\"></Execution>\n<Channel>Microsoft-Windows-Known Folders API Service</Channel>\n<Computer>IACIS-HDD-2014</Computer>\n<Security UserID=\"S-1-5-18\"></Security>\n</System>\n<EventData><Data Name=\"hrError\">0x80070002</Data>\n<Data Name=\"FolderId\">{fdd39ad0-238f-46af-adb4-6c85480369c7}</Data>\n<Data Name=\"Path\">C:\\Windows\\system32\\config\\systemprofile\\Documents</Data>\n</EventData>\n</Event>\n"
  },
  {
    "EventID": 1002,
    "Timestamp": "2014-01-25 01:31:56.151943+00:00",
    "Computer": "IACIS-HDD-2014",
    "Channel": "Microsoft-Windows-Known Folders API Service",
    "Level": "Warning",
    "EventData": {
      "hrError": "0x80070002",
      "FolderId": "{b4bfcc3a-db2c-424c-b029-7fe99a87c641}",
      "Path": "C:\\Windows\\system32\\config\\systemprofile\\Desktop"
    },
    "RawXml": "<Event xmlns=\"http://schemas.microsoft.com/win/2004/08/events/event\"><System><Provider Name=\"Microsoft-Windows-KnownFolders\" Guid=\"{8939299f-2315-4c5c-9b91-abb86aa0627d}\"></Provider>\n<EventID Qualifiers=\"\">1002</EventID>\n<Version>0</Version>\n<Level>3</Level>\n<Task>0</Task>\n<Opcode>0</Opcode>\n<Keywords>0x8000000000000000</Keywords>\n<TimeCreated SystemTime=\"2014-01-25 01:31:56.151943+00:00\"></TimeCreated>\n<EventRecordID>12</EventRecordID>\n<Correlation ActivityID=\"\" RelatedActivityID=\"\"></Correlation>\n<Execution ProcessID=\"1676\" ThreadID=\"976\"></Execution>\n<Channel>Microsoft-Windows-Known Folders API Service</Channel>\n<Computer>IACIS-HDD-2014</Computer>\n<Security UserID=\"S-1-5-18\"></Security>\n</System>\n<EventData><Data Name=\"hrError\">0x80070002</Data>\n<Data Name=\"FolderId\">{b4bfcc3a-db2c-424c-b029-7fe99a87c641}</Data>\n<Data Name=\"Path\">C:\\Windows\\system32\\config\\systemprofile\\Desktop</Data>\n</EventData>\n</Event>\n"
  },
  {
    "EventID": 1002,
    "Timestamp": "2014-01-25 01:33:45.076487+00:00",
    "Computer": "IACIS-HDD-2014",
    "Channel": "Microsoft-Windows-Known Folders API Service",
    "Level": "Warning",
    "EventData": {
      "hrError": "0x80070002",
      "FolderId": "{b4bfcc3a-db2c-424c-b029-7fe99a87c641}",
      "Path": "C:\\Windows\\system32\\config\\systemprofile\\Desktop"
    },
    "RawXml": "<Event xmlns=\"http://schemas.microsoft.com/win/2004/08/events/event\"><System><Provider Name=\"Microsoft-Windows-KnownFolders\" Guid=\"{8939299f-2315-4c5c-9b91-abb86aa0627d}\"></Provider>\n<EventID Qualifiers=\"\">1002</EventID>\n<Version>0</Version>\n<Level>3</Level>\n<Task>0</Task>\n<Opcode>0</Opcode>\n<Keywords>0x8000000000000000</Keywords>\n<TimeCreated SystemTime=\"2014-01-25 01:33:45.076487+00:00\"></TimeCreated>\n<EventRecordID>13</EventRecordID>\n<Correlation ActivityID=\"\" RelatedActivityID=\"\"></Correlation>\n<Execution ProcessID=\"2904\" ThreadID=\"1752\"></Execution>\n<Channel>Microsoft-Windows-Known Folders API Service</Channel>\n<Computer>IACIS-HDD-2014</Computer>\n<Security UserID=\"S-1-5-18\"></Security>\n</System>\n<EventData><Data Name=\"hrError\">0x80070002</Data>\n<Data Name=\"FolderId\">{b4bfcc3a-db2c-424c-b029-7fe99a87c641}</Data>\n<Data Name=\"Path\">C:\\Windows\\system32\\config\\systemprofile\\Desktop</Data>\n</EventData>\n</Event>\n"
  },
  {
    "EventID": 1002,
    "Timestamp": "2014-01-25 01:33:56.651707+00:00",
    "Computer": "IACIS-HDD-2014",
    "Channel": "Microsoft-Windows-Known Folders API Service",
    "Level": "Warning",
    "EventData": {
      "hrError": "0x80070002",
      "FolderId": "{ae50c081-ebd2-438a-8655-8a092e34987a}",
      "Path": "C:\\Windows\\system32\\config\\systemprofile\\AppData\\Roaming\\Microsoft\\Windows\\Recent"
    },
    "RawXml": "<Event xmlns=\"http://schemas.microsoft.com/win/2004/08/events/event\"><System><Provider Name=\"Microsoft-Windows-KnownFolders\" Guid=\"{8939299f-2315-4c5c-9b91-abb86aa0627d}\"></Provider>\n<EventID Qualifiers=\"\">1002</EventID>\n<Version>0</Version>\n<Level>3</Level>\n<Task>0</Task>\n<Opcode>0</Opcode>\n<Keywords>0x8000000000000000</Keywords>\n<TimeCreated SystemTime=\"2014-01-25 01:33:56.651707+00:00\"></TimeCreated>\n<EventRecordID>14</EventRecordID>\n<Correlation ActivityID=\"\" RelatedActivityID=\"\"></Correlation>\n<Execution ProcessID=\"2904\" ThreadID=\"1752\"></Execution>\n<Channel>Microsoft-Windows-Known Folders API Service</Channel>\n<Computer>IACIS-HDD-2014</Computer>\n<Security UserID=\"S-1-5-18\"></Security>\n</System>\n<EventData><Data Name=\"hrError\">0x80070002</Data>\n<Data Name=\"FolderId\">{ae50c081-ebd2-438a-8655-8a092e34987a}</Data>\n<Data Name=\"Path\">C:\\Windows\\system32\\config\\systemprofile\\AppData\\Roaming\\Microsoft\\Windows\\Recent</Data>\n</EventData>\n</Event>\n"
  },
  {
    "EventID": 1002,
    "Timestamp": "2014-01-25 01:36:09.127138+00:00",
    "Computer": "IACIS-HDD-2014",
    "Channel": "Microsoft-Windows-Known Folders API Service",
    "Level": "Warning",
    "EventData": {
      "hrError": "0x80070002",
      "FolderId": "{4c5c32ff-bb9d-43b0-b5b4-2d72e54eaaa4}",
      "Path": "C:\\Windows\\system32\\config\\systemprofile\\Saved Games"
    },
    "RawXml": "<Event xmlns=\"http://schemas.microsoft.com/win/2004/08/events/event\"><System><Provider Name=\"Microsoft-Windows-KnownFolders\" Guid=\"{8939299f-2315-4c5c-9b91-abb86aa0627d}\"></Provider>\n<EventID Qualifiers=\"\">1002</EventID>\n<Version>0</Version>\n<Level>3</Level>\n<Task>0</Task>\n<Opcode>0</Opcode>\n<Keywords>0x8000000000000000</Keywords>\n<TimeCreated SystemTime=\"2014-01-25 01:36:09.127138+00:00\"></TimeCreated>\n<EventRecordID>15</EventRecordID>\n<Correlation ActivityID=\"\" RelatedActivityID=\"\"></Correlation>\n<Execution ProcessID=\"2904\" ThreadID=\"2200\"></Execution>\n<Channel>Microsoft-Windows-Known Folders API Service</Channel>\n<Computer>IACIS-HDD-2014</Computer>\n<Security UserID=\"S-1-5-18\"></Security>\n</System>\n<EventData><Data Name=\"hrError\">0x80070002</Data>\n<Data Name=\"FolderId\">{4c5c32ff-bb9d-43b0-b5b4-2d72e54eaaa4}</Data>\n<Data Name=\"Path\">C:\\Windows\\system32\\config\\systemprofile\\Saved Games</Data>\n</EventData>\n</Event>\n"
  },
  {
    "EventID": 1002,
    "Timestamp": "2014-01-25 02:07:33.493649+00:00",
    "Computer": "IACIS-HDD-2014",
    "Channel": "Microsoft-Windows-Known Folders API Service",
    "Level": "Warning",
    "EventData": {
      "hrError": "0x80070002",
      "FolderId": "{fdd39ad0-238f-46af-adb4-6c85480369c7}",
      "Path": "C:\\Windows\\system32\\config\\systemprofile\\Documents"
    },
    "RawXml": "<Event xmlns=\"http://schemas.microsoft.com/win/2004/08/events/event\"><System><Provider Name=\"Microsoft-Windows-KnownFolders\" Guid=\"{8939299f-2315-4c5c-9b91-abb86aa0627d}\"></Provider>\n<EventID Qualifiers=\"\">1002</EventID>\n<Version>0</Version>\n<Level>3</Level>\n<Task>0</Task>\n<Opcode>0</Opcode>\n<Keywords>0x8000000000000000</Keywords>\n<TimeCreated SystemTime=\"2014-01-25 02:07:33.493649+00:00\"></TimeCreated>\n<EventRecordID>16</EventRecordID>\n<Correlation ActivityID=\"\" RelatedActivityID=\"\"></Correlation>\n<Execution ProcessID=\"820\" ThreadID=\"3056\"></Execution>\n<Channel>Microsoft-Windows-Known Folders API Service</Channel>\n<Computer>IACIS-HDD-2014</Computer>\n<Security UserID=\"S-1-5-18\"></Security>\n</System>\n<EventData><Data Name=\"hrError\">0x80070002</Data>\n<Data Name=\"FolderId\">{fdd39ad0-238f-46af-adb4-6c85480369c7}</Data>\n<Data Name=\"Path\">C:\\Windows\\system32\\config\\systemprofile\\Documents</Data>\n</EventData>\n</Event>\n"
  },
  {
    "EventID": 1002,
    "Timestamp": "2014-01-25 13:29:28.855089+00:00",
    "Computer": "IACIS-HDD-2014",
    "Channel": "Microsoft-Windows-Known Folders API Service",
    "Level": "Warning",
    "EventData": {
      "hrError": "0x80070002",
      "FolderId": "{fdd39ad0-238f-46af-adb4-6c85480369c7}",
      "Path": "C:\\Windows\\system32\\config\\systemprofile\\Documents"
    },
    "RawXml": "<Event xmlns=\"http://schemas.microsoft.com/win/2004/08/events/event\"><System><Provider Name=\"Microsoft-Windows-KnownFolders\" Guid=\"{8939299f-2315-4c5c-9b91-abb86aa0627d}\"></Provider>\n<EventID Qualifiers=\"\">1002</EventID>\n<Version>0</Version>\n<Level>3</Level>\n<Task>0</Task>\n<Opcode>0</Opcode>\n<Keywords>0x8000000000000000</Keywords>\n<TimeCreated SystemTime=\"2014-01-25 13:29:28.855089+00:00\"></TimeCreated>\n<EventRecordID>17</EventRecordID>\n<Correlation ActivityID=\"\" RelatedActivityID=\"\"></Correlation>\n<Execution ProcessID=\"1740\" ThreadID=\"1748\"></Execution>\n<Channel>Microsoft-Windows-Known Folders API Service</Channel>\n<Computer>IACIS-HDD-2014</Computer>\n<Security UserID=\"S-1-5-18\"></Security>\n</System>\n<EventData><Data Name=\"hrError\">0x80070002</Data>\n<Data Name=\"FolderId\">{fdd39ad0-238f-46af-adb4-6c85480369c7}</Data>\n<Data Name=\"Path\">C:\\Windows\\system32\\config\\systemprofile\\Documents</Data>\n</EventData>\n</Event>\n"
  },
  {
    "EventID": 1002,
    "Timestamp": "2014-01-25 13:29:34.377499+00:00",
    "Computer": "IACIS-HDD-2014",
    "Channel": "Microsoft-Windows-Known Folders API Service",
    "Level": "Warning",
    "EventData": {
      "hrError": "0x80070002",
      "FolderId": "{fdd39ad0-238f-46af-adb4-6c85480369c7}",
      "Path": "C:\\Windows\\system32\\config\\systemprofile\\Documents"
    },
    "RawXml": "<Event xmlns=\"http://schemas.microsoft.com/win/2004/08/events/event\"><System><Provider Name=\"Microsoft-Windows-KnownFolders\" Guid=\"{8939299f-2315-4c5c-9b91-abb86aa0627d}\"></Provider>\n<EventID Qualifiers=\"\">1002</EventID>\n<Version>0</Version>\n<Level>3</Level>\n<Task>0</Task>\n<Opcode>0</Opcode>\n<Keywords>0x8000000000000000</Keywords>\n<TimeCreated SystemTime=\"2014-01-25 13:29:34.377499+00:00\"></TimeCreated>\n<EventRecordID>18</EventRecordID>\n<Correlation ActivityID=\"\" RelatedActivityID=\"\"></Correlation>\n<Execution ProcessID=\"1704\" ThreadID=\"1736\"></Execution>\n<Channel>Microsoft-Windows-Known Folders API Service</Channel>\n<Computer>IACIS-HDD-2014</Computer>\n<Security UserID=\"S-1-5-18\"></Security>\n</System>\n<EventData><Data Name=\"hrError\">0x80070002</Data>\n<Data Name=\"FolderId\">{fdd39ad0-238f-46af-adb4-6c85480369c7}</Data>\n<Data Name=\"Path\">C:\\Windows\\system32\\config\\systemprofile\\Documents</Data>\n</EventData>\n</Event>\n"
  },
  {
    "EventID": 1002,
    "Timestamp": "2014-01-25 13:29:38.105907+00:00",
    "Computer": "IACIS-HDD-2014",
    "Channel": "Microsoft-Windows-Known Folders API Service",
    "Level": "Warning",
    "EventData": {
      "hrError": "0x80070002",
      "FolderId": "{fdd39ad0-238f-46af-adb4-6c85480369c7}",
      "Path": "C:\\Windows\\system32\\config\\systemprofile\\Documents"
    },
    "RawXml": "<Event xmlns=\"http://schemas.microsoft.com/win/2004/08/events/event\"><System><Provider Name=\"Microsoft-Windows-KnownFolders\" Guid=\"{8939299f-2315-4c5c-9b91-abb86aa0627d}\"></Provider>\n<EventID Qualifiers=\"\">1002</EventID>\n<Version>0</Version>\n<Level>3</Level>\n<Task>0</Task>\n<Opcode>0</Opcode>\n<Keywords>0x8000000000000000</Keywords>\n<TimeCreated SystemTime=\"2014-01-25 13:29:38.105907+00:00\"></TimeCreated>\n<EventRecordID>19</EventRecordID>\n<Correlation ActivityID=\"\" RelatedActivityID=\"\"></Correlation>\n<Execution ProcessID=\"1884\" ThreadID=\"1896\"></Execution>\n<Channel>Microsoft-Windows-Known Folders API Service</Channel>\n<Computer>IACIS-HDD-2014</Computer>\n<Security UserID=\"S-1-5-18\"></Security>\n</System>\n<EventData><Data Name=\"hrError\">0x80070002</Data>\n<Data Name=\"FolderId\">{fdd39ad0-238f-46af-adb4-6c85480369c7}</Data>\n<Data Name=\"Path\">C:\\Windows\\system32\\config\\systemprofile\\Documents</Data>\n</EventData>\n</Event>\n"
  },
  {
    "EventID": 1002,
    "Timestamp": "2014-01-25 13:37:27.803633+00:00",
    "Computer": "IACIS-HDD-2014",
    "Channel": "Microsoft-Windows-Known Folders API Service",
    "Level": "Warning",
    "EventData": {
      "hrError": "0x80070002",
      "FolderId": "{1777f761-68ad-4d8a-87bd-30b759fa33dd}",
      "Path": "C:\\Windows\\system32\\config\\systemprofile\\Favorites"
    },
    "RawXml": "<Event xmlns=\"http://schemas.microsoft.com/win/2004/08/events/event\"><System><Provider Name=\"Microsoft-Windows-KnownFolders\" Guid=\"{8939299f-2315-4c5c-9b91-abb86aa0627d}\"></Provider>\n<EventID Qualifiers=\"\">1002</EventID>\n<Version>0</Version>\n<Level>3</Level>\n<Task>0</Task>\n<Opcode>0</Opcode>\n<Keywords>0x8000000000000000</Keywords>\n<TimeCreated SystemTime=\"2014-01-25 13:37:27.803633+00:00\"></TimeCreated>\n<EventRecordID>20</EventRecordID>\n<Correlation ActivityID=\"\" RelatedActivityID=\"\"></Correlation>\n<Execution ProcessID=\"1220\" ThreadID=\"1700\"></Execution>\n<Channel>Microsoft-Windows-Known Folders API Service</Channel>\n<Computer>IACIS-HDD-2014</Computer>\n<Security UserID=\"S-1-5-18\"></Security>\n</System>\n<EventData><Data Name=\"hrError\">0x80070002</Data>\n<Data Name=\"FolderId\">{1777f761-68ad-4d8a-87bd-30b759fa33dd}</Data>\n<Data Name=\"Path\">C:\\Windows\\system32\\config\\systemprofile\\Favorites</Data>\n</EventData>\n</Event>\n"
  },
  {
    "EventID": 1002,
    "Timestamp": "2014-01-25 13:37:27.819233+00:00",
    "Computer": "IACIS-HDD-2014",
    "Channel": "Microsoft-Windows-Known Folders API Service",
    "Level": "Warning",
    "EventData": {
      "hrError": "0x80070002",
      "FolderId": "{625b53c3-ab48-4ec1-ba1f-a1ef4146fc19}",
      "Path": "C:\\Windows\\system32\\config\\systemprofile\\AppData\\Roaming\\Microsoft\\Windows\\Start Menu"
    },
    "RawXml": "<Event xmlns=\"http://schemas.microsoft.com/win/2004/08/events/event\"><System><Provider Name=\"Microsoft-Windows-KnownFolders\" Guid=\"{8939299f-2315-4c5c-9b91-abb86aa0627d}\"></Provider>\n<EventID Qualifiers=\"\">1002</EventID>\n<Version>0</Version>\n<Level>3</Level>\n<Task>0</Task>\n<Opcode>0</Opcode>\n<Keywords>0x8000000000000000</Keywords>\n<TimeCreated SystemTime=\"2014-01-25 13:37:27.819233+00:00\"></TimeCreated>\n<EventRecordID>21</EventRecordID>\n<Correlation ActivityID=\"\" RelatedActivityID=\"\"></Correlation>\n<Execution ProcessID=\"1220\" ThreadID=\"1700\"></Execution>\n<Channel>Microsoft-Windows-Known Folders API Service</Channel>\n<Computer>IACIS-HDD-2014</Computer>\n<Security UserID=\"S-1-5-18\"></Security>\n</System>\n<EventData><Data Name=\"hrError\">0x80070002</Data>\n<Data Name=\"FolderId\">{625b53c3-ab48-4ec1-ba1f-a1ef4146fc19}</Data>\n<Data Name=\"Path\">C:\\Windows\\system32\\config\\systemprofile\\AppData\\Roaming\\Microsoft\\Windows\\Start Menu</Data>\n</EventData>\n</Event>\n"
  },
  {
    "EventID": 1002,
    "Timestamp": "2014-01-25 13:37:27.819233+00:00",
    "Computer": "IACIS-HDD-2014",
    "Channel": "Microsoft-Windows-Known Folders API Service",
    "Level": "Warning",
    "EventData": {
      "hrError": "0x80070002",
      "FolderId": "{fdd39ad0-238f-46af-adb4-6c85480369c7}",
      "Path": "C:\\Windows\\system32\\config\\systemprofile\\Documents"
    },
    "RawXml": "<Event xmlns=\"http://schemas.microsoft.com/win/2004/08/events/event\"><System><Provider Name=\"Microsoft-Windows-KnownFolders\" Guid=\"{8939299f-2315-4c5c-9b91-abb86aa0627d}\"></Provider>\n<EventID Qualifiers=\"\">1002</EventID>\n<Version>0</Version>\n<Level>3</Level>\n<Task>0</Task>\n<Opcode>0</Opcode>\n<Keywords>0x8000000000000000</Keywords>\n<TimeCreated SystemTime=\"2014-01-25 13:37:27.819233+00:00\"></TimeCreated>\n<EventRecordID>22</EventRecordID>\n<Correlation ActivityID=\"\" RelatedActivityID=\"\"></Correlation>\n<Execution ProcessID=\"1220\" ThreadID=\"1700\"></Execution>\n<Channel>Microsoft-Windows-Known Folders API Service</Channel>\n<Computer>IACIS-HDD-2014</Computer>\n<Security UserID=\"S-1-5-18\"></Security>\n</System>\n<EventData><Data Name=\"hrError\">0x80070002</Data>\n<Data Name=\"FolderId\">{fdd39ad0-238f-46af-adb4-6c85480369c7}</Data>\n<Data Name=\"Path\">C:\\Windows\\system32\\config\\systemprofile\\Documents</Data>\n</EventData>\n</Event>\n"
  },
  {
    "EventID": 1002,
    "Timestamp": "2014-01-25 13:37:27.866035+00:00",
    "Computer": "IACIS-HDD-2014",
    "Channel": "Microsoft-Windows-Known Folders API Service",
    "Level": "Warning",
    "EventData": {
      "hrError": "0x80070002",
      "FolderId": "{b4bfcc3a-db2c-424c-b029-7fe99a87c641}",
      "Path": "C:\\Windows\\system32\\config\\systemprofile\\Desktop"
    },
    "RawXml": "<Event xmlns=\"http://schemas.microsoft.com/win/2004/08/events/event\"><System><Provider Name=\"Microsoft-Windows-KnownFolders\" Guid=\"{8939299f-2315-4c5c-9b91-abb86aa0627d}\"></Provider>\n<EventID Qualifiers=\"\">1002</EventID>\n<Version>0</Version>\n<Level>3</Level>\n<Task>0</Task>\n<Opcode>0</Opcode>\n<Keywords>0x8000000000000000</Keywords>\n<TimeCreated SystemTime=\"2014-01-25 13:37:27.866035+00:00\"></TimeCreated>\n<EventRecordID>23</EventRecordID>\n<Correlation ActivityID=\"\" RelatedActivityID=\"\"></Correlation>\n<Execution ProcessID=\"1220\" ThreadID=\"1700\"></Execution>\n<Channel>Microsoft-Windows-Known Folders API Service</Channel>\n<Computer>IACIS-HDD-2014</Computer>\n<Security UserID=\"S-1-5-18\"></Security>\n</System>\n<EventData><Data Name=\"hrError\">0x80070002</Data>\n<Data Name=\"FolderId\">{b4bfcc3a-db2c-424c-b029-7fe99a87c641}</Data>\n<Data Name=\"Path\">C:\\Windows\\system32\\config\\systemprofile\\Desktop</Data>\n</EventData>\n</Event>\n"
  },
  {
    "EventID": 1002,
    "Timestamp": "2014-01-25 13:37:45.774864+00:00",
    "Computer": "IACIS-HDD-2014",
    "Channel": "Microsoft-Windows-Known Folders API Service",
    "Level": "Warning",
    "EventData": {
      "hrError": "0x80070002",
      "FolderId": "{b4bfcc3a-db2c-424c-b029-7fe99a87c641}",
      "Path": "C:\\Windows\\system32\\config\\systemprofile\\Desktop"
    },
    "RawXml": "<Event xmlns=\"http://schemas.microsoft.com/win/2004/08/events/event\"><System><Provider Name=\"Microsoft-Windows-KnownFolders\" Guid=\"{8939299f-2315-4c5c-9b91-abb86aa0627d}\"></Provider>\n<EventID Qualifiers=\"\">1002</EventID>\n<Version>0</Version>\n<Level>3</Level>\n<Task>0</Task>\n<Opcode>0</Opcode>\n<Keywords>0x8000000000000000</Keywords>\n<TimeCreated SystemTime=\"2014-01-25 13:37:45.774864+00:00\"></TimeCreated>\n<EventRecordID>24</EventRecordID>\n<Correlation ActivityID=\"\" RelatedActivityID=\"\"></Correlation>\n<Execution ProcessID=\"1652\" ThreadID=\"2236\"></Execution>\n<Channel>Microsoft-Windows-Known Folders API Service</Channel>\n<Computer>IACIS-HDD-2014</Computer>\n<Security UserID=\"S-1-5-18\"></Security>\n</System>\n<EventData><Data Name=\"hrError\">0x80070002</Data>\n<Data Name=\"FolderId\">{b4bfcc3a-db2c-424c-b029-7fe99a87c641}</Data>\n<Data Name=\"Path\">C:\\Windows\\system32\\config\\systemprofile\\Desktop</Data>\n</EventData>\n</Event>\n"
  },
  {
    "EventID": 1002,
    "Timestamp": "2014-01-25 13:37:52.014875+00:00",
    "Computer": "IACIS-HDD-2014",
    "Channel": "Microsoft-Windows-Known Folders API Service",
    "Level": "Warning",
    "EventData": {
      "hrError": "0x80070002",
      "FolderId": "{ae50c081-ebd2-438a-8655-8a092e34987a}",
      "Path": "C:\\Windows\\system32\\config\\systemprofile\\AppData\\Roaming\\Microsoft\\Windows\\Recent"
    },
    "RawXml": "<Event xmlns=\"http://schemas.microsoft.com/win/2004/08/events/event\"><System><Provider Name=\"Microsoft-Windows-KnownFolders\" Guid=\"{8939299f-2315-4c5c-9b91-abb86aa0627d}\"></Provider>\n<EventID Qualifiers=\"\">1002</EventID>\n<Version>0</Version>\n<Level>3</Level>\n<Task>0</Task>\n<Opcode>0</Opcode>\n<Keywords>0x8000000000000000</Keywords>\n<TimeCreated SystemTime=\"2014-01-25 13:37:52.014875+00:00\"></TimeCreated>\n<EventRecordID>25</EventRecordID>\n<Correlation ActivityID=\"\" RelatedActivityID=\"\"></Correlation>\n<Execution ProcessID=\"1652\" ThreadID=\"2236\"></Execution>\n<Channel>Microsoft-Windows-Known Folders API Service</Channel>\n<Computer>IACIS-HDD-2014</Computer>\n<Security UserID=\"S-1-5-18\"></Security>\n</System>\n<EventData><Data Name=\"hrError\">0x80070002</Data>\n<Data Name=\"FolderId\">{ae50c081-ebd2-438a-8655-8a092e34987a}</Data>\n<Data Name=\"Path\">C:\\Windows\\system32\\config\\systemprofile\\AppData\\Roaming\\Microsoft\\Windows\\Recent</Data>\n</EventData>\n</Event>\n"
  },
  {
    "EventID": 1002,
    "Timestamp": "2014-01-25 13:56:51.968430+00:00",
    "Computer": "IACIS-HDD-2014",
    "Channel": "Microsoft-Windows-Known Folders API Service",
    "Level": "Warning",
    "EventData": {
      "hrError": "0x80070002",
      "FolderId": "{1777f761-68ad-4d8a-87bd-30b759fa33dd}",
      "Path": "C:\\Windows\\system32\\config\\systemprofile\\Favorites"
    },
    "RawXml": "<Event xmlns=\"http://schemas.microsoft.com/win/2004/08/events/event\"><System><Provider Name=\"Microsoft-Windows-KnownFolders\" Guid=\"{8939299f-2315-4c5c-9b91-abb86aa0627d}\"></Provider>\n<EventID Qualifiers=\"\">1002</EventID>\n<Version>0</Version>\n<Level>3</Level>\n<Task>0</Task>\n<Opcode>0</Opcode>\n<Keywords>0x8000000000000000</Keywords>\n<TimeCreated SystemTime=\"2014-01-25 13:56:51.968430+00:00\"></TimeCreated>\n<EventRecordID>26</EventRecordID>\n<Correlation ActivityID=\"\" RelatedActivityID=\"\"></Correlation>\n<Execution ProcessID=\"1000\" ThreadID=\"2072\"></Execution>\n<Channel>Microsoft-Windows-Known Folders API Service</Channel>\n<Computer>IACIS-HDD-2014</Computer>\n<Security UserID=\"S-1-5-18\"></Security>\n</System>\n<EventData><Data Name=\"hrError\">0x80070002</Data>\n<Data Name=\"FolderId\">{1777f761-68ad-4d8a-87bd-30b759fa33dd}</Data>\n<Data Name=\"Path\">C:\\Windows\\system32\\config\\systemprofile\\Favorites</Data>\n</EventData>\n</Event>\n"
  },
  {
    "EventID": 1002,
    "Timestamp": "2014-01-25 13:56:51.968430+00:00",
    "Computer": "IACIS-HDD-2014",
    "Channel": "Microsoft-Windows-Known Folders API Service",
    "Level": "Warning",
    "EventData": {
      "hrError": "0x80070002",
      "FolderId": "{625b53c3-ab48-4ec1-ba1f-a1ef4146fc19}",
      "Path": "C:\\Windows\\system32\\config\\systemprofile\\AppData\\Roaming\\Microsoft\\Windows\\Start Menu"
    },
    "RawXml": "<Event xmlns=\"http://schemas.microsoft.com/win/2004/08/events/event\"><System><Provider Name=\"Microsoft-Windows-KnownFolders\" Guid=\"{8939299f-2315-4c5c-9b91-abb86aa0627d}\"></Provider>\n<EventID Qualifiers=\"\">1002</EventID>\n<Version>0</Version>\n<Level>3</Level>\n<Task>0</Task>\n<Opcode>0</Opcode>\n<Keywords>0x8000000000000000</Keywords>\n<TimeCreated SystemTime=\"2014-01-25 13:56:51.968430+00:00\"></TimeCreated>\n<EventRecordID>27</EventRecordID>\n<Correlation ActivityID=\"\" RelatedActivityID=\"\"></Correlation>\n<Execution ProcessID=\"1000\" ThreadID=\"2072\"></Execution>\n<Channel>Microsoft-Windows-Known Folders API Service</Channel>\n<Computer>IACIS-HDD-2014</Computer>\n<Security UserID=\"S-1-5-18\"></Security>\n</System>\n<EventData><Data Name=\"hrError\">0x80070002</Data>\n<Data Name=\"FolderId\">{625b53c3-ab48-4ec1-ba1f-a1ef4146fc19}</Data>\n<Data Name=\"Path\">C:\\Windows\\system32\\config\\systemprofile\\AppData\\Roaming\\Microsoft\\Windows\\Start Menu</Data>\n</EventData>\n</Event>\n"
  },
  {
    "EventID": 1002,
    "Timestamp": "2014-01-25 13:56:51.968430+00:00",
    "Computer": "IACIS-HDD-2014",
    "Channel": "Microsoft-Windows-Known Folders API Service",
    "Level": "Warning",
    "EventData": {
      "hrError": "0x80070002",
      "FolderId": "{fdd39ad0-238f-46af-adb4-6c85480369c7}",
      "Path": "C:\\Windows\\system32\\config\\systemprofile\\Documents"
    },
    "RawXml": "<Event xmlns=\"http://schemas.microsoft.com/win/2004/08/events/event\"><System><Provider Name=\"Microsoft-Windows-KnownFolders\" Guid=\"{8939299f-2315-4c5c-9b91-abb86aa0627d}\"></Provider>\n<EventID Qualifiers=\"\">1002</EventID>\n<Version>0</Version>\n<Level>3</Level>\n<Task>0</Task>\n<Opcode>0</Opcode>\n<Keywords>0x8000000000000000</Keywords>\n<TimeCreated SystemTime=\"2014-01-25 13:56:51.968430+00:00\"></TimeCreated>\n<EventRecordID>28</EventRecordID>\n<Correlation ActivityID=\"\" RelatedActivityID=\"\"></Correlation>\n<Execution ProcessID=\"1000\" ThreadID=\"2072\"></Execution>\n<Channel>Microsoft-Windows-Known Folders API Service</Channel>\n<Computer>IACIS-HDD-2014</Computer>\n<Security UserID=\"S-1-5-18\"></Security>\n</System>\n<EventData><Data Name=\"hrError\">0x80070002</Data>\n<Data Name=\"FolderId\">{fdd39ad0-238f-46af-adb4-6c85480369c7}</Data>\n<Data Name=\"Path\">C:\\Windows\\system32\\config\\systemprofile\\Documents</Data>\n</EventData>\n</Event>\n"
  },
  {
    "EventID": 1002,
    "Timestamp": "2014-01-25 13:56:51.968430+00:00",
    "Computer": "IACIS-HDD-2014",
    "Channel": "Microsoft-Windows-Known Folders API Service",
    "Level": "Warning",
    "EventData": {
      "hrError": "0x80070002",
      "FolderId": "{b4bfcc3a-db2c-424c-b029-7fe99a87c641}",
      "Path": "C:\\Windows\\system32\\config\\systemprofile\\Desktop"
    },
    "RawXml": "<Event xmlns=\"http://schemas.microsoft.com/win/2004/08/events/event\"><System><Provider Name=\"Microsoft-Windows-KnownFolders\" Guid=\"{8939299f-2315-4c5c-9b91-abb86aa0627d}\"></Provider>\n<EventID Qualifiers=\"\">1002</EventID>\n<Version>0</Version>\n<Level>3</Level>\n<Task>0</Task>\n<Opcode>0</Opcode>\n<Keywords>0x8000000000000000</Keywords>\n<TimeCreated SystemTime=\"2014-01-25 13:56:51.968430+00:00\"></TimeCreated>\n<EventRecordID>29</EventRecordID>\n<Correlation ActivityID=\"\" RelatedActivityID=\"\"></Correlation>\n<Execution ProcessID=\"1000\" ThreadID=\"2072\"></Execution>\n<Channel>Microsoft-Windows-Known Folders API Service</Channel>\n<Computer>IACIS-HDD-2014</Computer>\n<Security UserID=\"S-1-5-18\"></Security>\n</System>\n<EventData><Data Name=\"hrError\">0x80070002</Data>\n<Data Name=\"FolderId\">{b4bfcc3a-db2c-424c-b029-7fe99a87c641}</Data>\n<Data Name=\"Path\">C:\\Windows\\system32\\config\\systemprofile\\Desktop</Data>\n</EventData>\n</Event>\n"
  },
  {
    "EventID": 1002,
    "Timestamp": "2014-01-25 15:29:08.497915+00:00",
    "Computer": "IACIS-HDD-2014",
    "Channel": "Microsoft-Windows-Known Folders API Service",
    "Level": "Warning",
    "EventData": {
      "hrError": "0x80070002",
      "FolderId": "{1777f761-68ad-4d8a-87bd-30b759fa33dd}",
      "Path": "C:\\Windows\\system32\\config\\systemprofile\\Favorites"
    },
    "RawXml": "<Event xmlns=\"http://schemas.microsoft.com/win/2004/08/events/event\"><System><Provider Name=\"Microsoft-Windows-KnownFolders\" Guid=\"{8939299f-2315-4c5c-9b91-abb86aa0627d}\"></Provider>\n<EventID Qualifiers=\"\">1002</EventID>\n<Version>0</Version>\n<Level>3</Level>\n<Task>0</Task>\n<Opcode>0</Opcode>\n<Keywords>0x8000000000000000</Keywords>\n<TimeCreated SystemTime=\"2014-01-25 15:29:08.497915+00:00\"></TimeCreated>\n<EventRecordID>30</EventRecordID>\n<Correlation ActivityID=\"\" RelatedActivityID=\"\"></Correlation>\n<Execution ProcessID=\"2108\" ThreadID=\"2196\"></Execution>\n<Channel>Microsoft-Windows-Known Folders API Service</Channel>\n<Computer>IACIS-HDD-2014</Computer>\n<Security UserID=\"S-1-5-18\"></Security>\n</System>\n<EventData><Data Name=\"hrError\">0x80070002</Data>\n<Data Name=\"FolderId\">{1777f761-68ad-4d8a-87bd-30b759fa33dd}</Data>\n<Data Name=\"Path\">C:\\Windows\\system32\\config\\systemprofile\\Favorites</Data>\n</EventData>\n</Event>\n"
  },
  {
    "EventID": 1002,
    "Timestamp": "2014-01-25 15:29:08.497915+00:00",
    "Computer": "IACIS-HDD-2014",
    "Channel": "Microsoft-Windows-Known Folders API Service",
    "Level": "Warning",
    "EventData": {
      "hrError": "0x80070002",
      "FolderId": "{625b53c3-ab48-4ec1-ba1f-a1ef4146fc19}",
      "Path": "C:\\Windows\\system32\\config\\systemprofile\\AppData\\Roaming\\Microsoft\\Windows\\Start Menu"
    },
    "RawXml": "<Event xmlns=\"http://schemas.microsoft.com/win/2004/08/events/event\"><System><Provider Name=\"Microsoft-Windows-KnownFolders\" Guid=\"{8939299f-2315-4c5c-9b91-abb86aa0627d}\"></Provider>\n<EventID Qualifiers=\"\">1002</EventID>\n<Version>0</Version>\n<Level>3</Level>\n<Task>0</Task>\n<Opcode>0</Opcode>\n<Keywords>0x8000000000000000</Keywords>\n<TimeCreated SystemTime=\"2014-01-25 15:29:08.497915+00:00\"></TimeCreated>\n<EventRecordID>31</EventRecordID>\n<Correlation ActivityID=\"\" RelatedActivityID=\"\"></Correlation>\n<Execution ProcessID=\"2108\" ThreadID=\"2196\"></Execution>\n<Channel>Microsoft-Windows-Known Folders API Service</Channel>\n<Computer>IACIS-HDD-2014</Computer>\n<Security UserID=\"S-1-5-18\"></Security>\n</System>\n<EventData><Data Name=\"hrError\">0x80070002</Data>\n<Data Name=\"FolderId\">{625b53c3-ab48-4ec1-ba1f-a1ef4146fc19}</Data>\n<Data Name=\"Path\">C:\\Windows\\system32\\config\\systemprofile\\AppData\\Roaming\\Microsoft\\Windows\\Start Menu</Data>\n</EventData>\n</Event>\n"
  },
  {
    "EventID": 1002,
    "Timestamp": "2014-01-25 15:29:08.497915+00:00",
    "Computer": "IACIS-HDD-2014",
    "Channel": "Microsoft-Windows-Known Folders API Service",
    "Level": "Warning",
    "EventData": {
      "hrError": "0x80070002",
      "FolderId": "{fdd39ad0-238f-46af-adb4-6c85480369c7}",
      "Path": "C:\\Windows\\system32\\config\\systemprofile\\Documents"
    },
    "RawXml": "<Event xmlns=\"http://schemas.microsoft.com/win/2004/08/events/event\"><System><Provider Name=\"Microsoft-Windows-KnownFolders\" Guid=\"{8939299f-2315-4c5c-9b91-abb86aa0627d}\"></Provider>\n<EventID Qualifiers=\"\">1002</EventID>\n<Version>0</Version>\n<Level>3</Level>\n<Task>0</Task>\n<Opcode>0</Opcode>\n<Keywords>0x8000000000000000</Keywords>\n<TimeCreated SystemTime=\"2014-01-25 15:29:08.497915+00:00\"></TimeCreated>\n<EventRecordID>32</EventRecordID>\n<Correlation ActivityID=\"\" RelatedActivityID=\"\"></Correlation>\n<Execution ProcessID=\"2108\" ThreadID=\"2196\"></Execution>\n<Channel>Microsoft-Windows-Known Folders API Service</Channel>\n<Computer>IACIS-HDD-2014</Computer>\n<Security UserID=\"S-1-5-18\"></Security>\n</System>\n<EventData><Data Name=\"hrError\">0x80070002</Data>\n<Data Name=\"FolderId\">{fdd39ad0-238f-46af-adb4-6c85480369c7}</Data>\n<Data Name=\"Path\">C:\\Windows\\system32\\config\\systemprofile\\Documents</Data>\n</EventData>\n</Event>\n"
  },
  {
    "EventID": 1002,
    "Timestamp": "2014-01-25 15:29:08.497915+00:00",
    "Computer": "IACIS-HDD-2014",
    "Channel": "Microsoft-Windows-Known Folders API Service",
    "Level": "Warning",
    "EventData": {
      "hrError": "0x80070002",
      "FolderId": "{b4bfcc3a-db2c-424c-b029-7fe99a87c641}",
      "Path": "C:\\Windows\\system32\\config\\systemprofile\\Desktop"
    },
    "RawXml": "<Event xmlns=\"http://schemas.microsoft.com/win/2004/08/events/event\"><System><Provider Name=\"Microsoft-Windows-KnownFolders\" Guid=\"{8939299f-2315-4c5c-9b91-abb86aa0627d}\"></Provider>\n<EventID Qualifiers=\"\">1002</EventID>\n<Version>0</Version>\n<Level>3</Level>\n<Task>0</Task>\n<Opcode>0</Opcode>\n<Keywords>0x8000000000000000</Keywords>\n<TimeCreated SystemTime=\"2014-01-25 15:29:08.497915+00:00\"></TimeCreated>\n<EventRecordID>33</EventRecordID>\n<Correlation ActivityID=\"\" RelatedActivityID=\"\"></Correlation>\n<Execution ProcessID=\"2108\" ThreadID=\"2196\"></Execution>\n<Channel>Microsoft-Windows-Known Folders API Service</Channel>\n<Computer>IACIS-HDD-2014</Computer>\n<Security UserID=\"S-1-5-18\"></Security>\n</System>\n<EventData><Data Name=\"hrError\">0x80070002</Data>\n<Data Name=\"FolderId\">{b4bfcc3a-db2c-424c-b029-7fe99a87c641}</Data>\n<Data Name=\"Path\">C:\\Windows\\system32\\config\\systemprofile\\Desktop</Data>\n</EventData>\n</Event>\n"
  },
  {
    "EventID": 1002,
    "Timestamp": "2014-01-25 16:18:06.567957+00:00",
    "Computer": "IACIS-HDD-2014",
    "Channel": "Microsoft-Windows-Known Folders API Service",
    "Level": "Warning",
    "EventData": {
      "hrError": "0x80070002",
      "FolderId": "{4c5c32ff-bb9d-43b0-b5b4-2d72e54eaaa4}",
      "Path": "C:\\Windows\\system32\\config\\systemprofile\\Saved Games"
    },
    "RawXml": "<Event xmlns=\"http://schemas.microsoft.com/win/2004/08/events/event\"><System><Provider Name=\"Microsoft-Windows-KnownFolders\" Guid=\"{8939299f-2315-4c5c-9b91-abb86aa0627d}\"></Provider>\n<EventID Qualifiers=\"\">1002</EventID>\n<Version>0</Version>\n<Level>3</Level>\n<Task>0</Task>\n<Opcode>0</Opcode>\n<Keywords>0x8000000000000000</Keywords>\n<TimeCreated SystemTime=\"2014-01-25 16:18:06.567957+00:00\"></TimeCreated>\n<EventRecordID>34</EventRecordID>\n<Correlation ActivityID=\"\" RelatedActivityID=\"\"></Correlation>\n<Execution ProcessID=\"1836\" ThreadID=\"2724\"></Execution>\n<Channel>Microsoft-Windows-Known Folders API Service</Channel>\n<Computer>IACIS-HDD-2014</Computer>\n<Security UserID=\"S-1-5-18\"></Security>\n</System>\n<EventData><Data Name=\"hrError\">0x80070002</Data>\n<Data Name=\"FolderId\">{4c5c32ff-bb9d-43b0-b5b4-2d72e54eaaa4}</Data>\n<Data Name=\"Path\">C:\\Windows\\system32\\config\\systemprofile\\Saved Games</Data>\n</EventData>\n</Event>\n"
  },
  {
    "EventID": 1002,
    "Timestamp": "2014-01-25 18:23:01.777225+00:00",
    "Computer": "IACIS-HDD-2014",
    "Channel": "Microsoft-Windows-Known Folders API Service",
    "Level": "Warning",
    "EventData": {
      "hrError": "0x80070002",
      "FolderId": "{1777f761-68ad-4d8a-87bd-30b759fa33dd}",
      "Path": "C:\\Windows\\system32\\config\\systemprofile\\Favorites"
    },
    "RawXml": "<Event xmlns=\"http://schemas.microsoft.com/win/2004/08/events/event\"><System><Provider Name=\"Microsoft-Windows-KnownFolders\" Guid=\"{8939299f-2315-4c5c-9b91-abb86aa0627d}\"></Provider>\n<EventID Qualifiers=\"\">1002</EventID>\n<Version>0</Version>\n<Level>3</Level>\n<Task>0</Task>\n<Opcode>0</Opcode>\n<Keywords>0x8000000000000000</Keywords>\n<TimeCreated SystemTime=\"2014-01-25 18:23:01.777225+00:00\"></TimeCreated>\n<EventRecordID>35</EventRecordID>\n<Correlation ActivityID=\"\" RelatedActivityID=\"\"></Correlation>\n<Execution ProcessID=\"1520\" ThreadID=\"792\"></Execution>\n<Channel>Microsoft-Windows-Known Folders API Service</Channel>\n<Computer>IACIS-HDD-2014</Computer>\n<Security UserID=\"S-1-5-18\"></Security>\n</System>\n<EventData><Data Name=\"hrError\">0x80070002</Data>\n<Data Name=\"FolderId\">{1777f761-68ad-4d8a-87bd-30b759fa33dd}</Data>\n<Data Name=\"Path\">C:\\Windows\\system32\\config\\systemprofile\\Favorites</Data>\n</EventData>\n</Event>\n"
  },
