  {
    "EventID": 59,
    "Timestamp": "2014-02-05 13:39:28.599384+00:00",
    "Computer": "IACIS-HDD-2014",
    "Channel": "Microsoft-Windows-Bits-Client/Operational",
    "Level": "Information",
    "EventData": {
      "transferId": "{faed21f1-20bc-43d3-b418-cfbc9af22270}",
      "name": "WU Client Download",
      "Id": "{22ad992d-bcea-4002-9554-8df21c175b9a}",
      "url": "http://au.download.windowsupdate.com/msdownload/update/software/secu/2012/10/msipatchregfix-amd64_5011cb29b096fb674a4795ee8fc2f7fdad33863a.exe",
      "peer": "",
      "fileTime": "2012-10-23 23:15:41+00:00",
      "fileLength": "173608",
      "bytesTotal": "173608",
      "bytesTransferred": "0",
      "bytesTransferredFromPeer": "0"
    },
    "RawXml": "<Event xmlns=\"http://schemas.microsoft.com/win/2004/08/events/event\"><System><Provider Name=\"Microsoft-Windows-Bits-Client\" Guid=\"{ef1cc15b-46c1-414e-bb95-e76b077bd51e}\"></Provider>\n<EventID Qualifiers=\"\">59</EventID>\n<Version>1</Version>\n<Level>4</Level>\n<Task>0</Task>\n<Opcode>1</Opcode>\n<Keywords>0x4000000000000000</Keywords>\n<TimeCreated SystemTime=\"2014-02-05 13:39:28.599384+00:00\"></TimeCreated>\n<EventRecordID>1707</EventRecordID>\n<Correlation ActivityID=\"{faed21f1-20bc-43d3-b418-cfbc9af22270}\" RelatedActivityID=\"\"></Correlation>\n<Execution ProcessID=\"1000\" ThreadID=\"3884\"></Execution>\n<Channel>Microsoft-Windows-Bits-Client/Operational</Channel>\n<Computer>IACIS-HDD-2014</Computer>\n<Security UserID=\"S-1-5-18\"></Security>\n</System>\n<EventData><Data Name=\"transferId\">{faed21f1-20bc-43d3-b418-cfbc9af22270}</Data>\n<Data Name=\"name\">WU Client Download</Data>\n<Data Name=\"Id\">{22ad992d-bcea-4002-9554-8df21c175b9a}</Data>\n<Data Name=\"url\">http://au.download.windowsupdate.com/msdownload/update/software/secu/2012/10/msipatchregfix-amd64_5011cb29b096fb674a4795ee8fc2f7fdad33863a.exe</Data>\n<Data Name=\"peer\"></Data>\n<Data Name=\"fileTime\">2012-10-23 23:15:41+00:00</Data>\n<Data Name=\"fileLength\">173608</Data>\n<Data Name=\"bytesTotal\">173608</Data>\n<Data Name=\"bytesTransferred\">0</Data>\n<Data Name=\"bytesTransferredFromPeer\">0</Data>\n</EventData>\n</Event>\n"
  },
  {
    "EventID": 4,
    "Timestamp": "2014-02-05 13:39:28.739784+00:00",
    "Computer": "IACIS-HDD-2014",
    "Channel": "Microsoft-Windows-Bits-Client/Operational",
    "Level": "Information",
    "EventData": {
      "User": "NT AUTHORITY\\SYSTEM",
      "jobTitle": "WU Client Download",
      "jobId": "{32da68e3-0886-440e-8da3-6f47f977583b}",
      "jobOwner": "NT AUTHORITY\\SYSTEM",
      "fileCount": "1",
      "bytesTransferred": "16049632",
      "bytesTransferredFromPeer": "0"
    },
    "RawXml": "<Event xmlns=\"http://schemas.microsoft.com/win/2004/08/events/event\"><System><Provider Name=\"Microsoft-Windows-Bits-Client\" Guid=\"{ef1cc15b-46c1-414e-bb95-e76b077bd51e}\"></Provider>\n<EventID Qualifiers=\"\">4</EventID>\n<Version>1</Version>\n<Level>4</Level>\n<Task>0</Task>\n<Opcode>0</Opcode>\n<Keywords>0x4000000000000000</Keywords>\n<TimeCreated SystemTime=\"2014-02-05 13:39:28.739784+00:00\"></TimeCreated>\n<EventRecordID>1708</EventRecordID>\n<Correlation ActivityID=\"\" RelatedActivityID=\"\"></Correlation>\n<Execution ProcessID=\"1000\" ThreadID=\"2620\"></Execution>\n<Channel>Microsoft-Windows-Bits-Client/Operational</Channel>\n<Computer>IACIS-HDD-2014</Computer>\n<Security UserID=\"S-1-5-18\"></Security>\n</System>\n<EventData><Data Name=\"User\">NT AUTHORITY\\SYSTEM</Data>\n<Data Name=\"jobTitle\">WU Client Download</Data>\n<Data Name=\"jobId\">{32da68e3-0886-440e-8da3-6f47f977583b}</Data>\n<Data Name=\"jobOwner\">NT AUTHORITY\\SYSTEM</Data>\n<Data Name=\"fileCount\">1</Data>\n<Data Name=\"bytesTransferred\">16049632</Data>\n<Data Name=\"bytesTransferredFromPeer\">0</Data>\n</EventData>\n</Event>\n"
  },
  {
    "EventID": 60,
    "Timestamp": "2014-02-05 13:39:29.254585+00:00",
    "Computer": "IACIS-HDD-2014",
    "Channel": "Microsoft-Windows-Bits-Client/Operational",
    "Level": "Information",
    "EventData": {
      "transferId": "{faed21f1-20bc-43d3-b418-cfbc9af22270}",
      "name": "WU Client Download",
      "Id": "{22ad992d-bcea-4002-9554-8df21c175b9a}",
      "url": "http://au.download.windowsupdate.com/msdownload/update/software/secu/2012/10/msipatchregfix-amd64_5011cb29b096fb674a4795ee8fc2f7fdad33863a.exe",
      "peer": "",
      "hr": "0",
      "fileTime": "2012-10-23 23:15:41+00:00",
      "fileLength": "173608",
      "bytesTotal": "173608",
      "bytesTransferred": "173608",
      "proxy": "",
      "peerProtocolFlags": "0",
      "bytesTransferredFromPeer": "0",
      "AdditionalInfoHr": "0",
      "PeerContextInfo": "0",
      "bandwidthLimit": "18446744073709551615",
      "ignoreBandwidthLimitsOnLan": "False"
    },
    "RawXml": "<Event xmlns=\"http://schemas.microsoft.com/win/2004/08/events/event\"><System><Provider Name=\"Microsoft-Windows-Bits-Client\" Guid=\"{ef1cc15b-46c1-414e-bb95-e76b077bd51e}\"></Provider>\n<EventID Qualifiers=\"\">60</EventID>\n<Version>1</Version>\n<Level>4</Level>\n<Task>0</Task>\n<Opcode>2</Opcode>\n<Keywords>0x4000000000000000</Keywords>\n<TimeCreated SystemTime=\"2014-02-05 13:39:29.254585+00:00\"></TimeCreated>\n<EventRecordID>1709</EventRecordID>\n<Correlation ActivityID=\"{faed21f1-20bc-43d3-b418-cfbc9af22270}\" RelatedActivityID=\"\"></Correlation>\n<Execution ProcessID=\"1000\" ThreadID=\"2980\"></Execution>\n<Channel>Microsoft-Windows-Bits-Client/Operational</Channel>\n<Computer>IACIS-HDD-2014</Computer>\n<Security UserID=\"S-1-5-18\"></Security>\n</System>\n<EventData><Data Name=\"transferId\">{faed21f1-20bc-43d3-b418-cfbc9af22270}</Data>\n<Data Name=\"name\">WU Client Download</Data>\n<Data Name=\"Id\">{22ad992d-bcea-4002-9554-8df21c175b9a}</Data>\n<Data Name=\"url\">http://au.download.windowsupdate.com/msdownload/update/software/secu/2012/10/msipatchregfix-amd64_5011cb29b096fb674a4795ee8fc2f7fdad33863a.exe</Data>\n<Data Name=\"peer\"></Data>\n<Data Name=\"hr\">0</Data>\n<Data Name=\"fileTime\">2012-10-23 23:15:41+00:00</Data>\n<Data Name=\"fileLength\">173608</Data>\n<Data Name=\"bytesTotal\">173608</Data>\n<Data Name=\"bytesTransferred\">173608</Data>\n<Data Name=\"proxy\"></Data>\n<Data Name=\"peerProtocolFlags\">0</Data>\n<Data Name=\"bytesTransferredFromPeer\">0</Data>\n<Data Name=\"AdditionalInfoHr\">0</Data>\n<Data Name=\"PeerContextInfo\">0</Data>\n<Data Name=\"bandwidthLimit\">18446744073709551615</Data>\n<Data Name=\"ignoreBandwidthLimitsOnLan\">False</Data>\n</EventData>\n</Event>\n"
  },
  {
    "EventID": 4,
    "Timestamp": "2014-02-05 13:39:29.379385+00:00",
    "Computer": "IACIS-HDD-2014",
    "Channel": "Microsoft-Windows-Bits-Client/Operational",
    "Level": "Information",
    "EventData": {
      "User": "NT AUTHORITY\\SYSTEM",
      "jobTitle": "WU Client Download",
      "jobId": "{22ad992d-bcea-4002-9554-8df21c175b9a}",
      "jobOwner": "NT AUTHORITY\\SYSTEM",
      "fileCount": "1",
      "bytesTransferred": "173608",
      "bytesTransferredFromPeer": "0"
    },
    "RawXml": "<Event xmlns=\"http://schemas.microsoft.com/win/2004/08/events/event\"><System><Provider Name=\"Microsoft-Windows-Bits-Client\" Guid=\"{ef1cc15b-46c1-414e-bb95-e76b077bd51e}\"></Provider>\n<EventID Qualifiers=\"\">4</EventID>\n<Version>1</Version>\n<Level>4</Level>\n<Task>0</Task>\n<Opcode>0</Opcode>\n<Keywords>0x4000000000000000</Keywords>\n<TimeCreated SystemTime=\"2014-02-05 13:39:29.379385+00:00\"></TimeCreated>\n<EventRecordID>1710</EventRecordID>\n<Correlation ActivityID=\"\" RelatedActivityID=\"\"></Correlation>\n<Execution ProcessID=\"1000\" ThreadID=\"2608\"></Execution>\n<Channel>Microsoft-Windows-Bits-Client/Operational</Channel>\n<Computer>IACIS-HDD-2014</Computer>\n<Security UserID=\"S-1-5-18\"></Security>\n</System>\n<EventData><Data Name=\"User\">NT AUTHORITY\\SYSTEM</Data>\n<Data Name=\"jobTitle\">WU Client Download</Data>\n<Data Name=\"jobId\">{22ad992d-bcea-4002-9554-8df21c175b9a}</Data>\n<Data Name=\"jobOwner\">NT AUTHORITY\\SYSTEM</Data>\n<Data Name=\"fileCount\">1</Data>\n<Data Name=\"bytesTransferred\">173608</Data>\n<Data Name=\"bytesTransferredFromPeer\">0</Data>\n</EventData>\n</Event>\n"
  },
  {
    "EventID": 59,
    "Timestamp": "2014-02-05 13:39:29.550985+00:00",
    "Computer": "IACIS-HDD-2014",
    "Channel": "Microsoft-Windows-Bits-Client/Operational",
    "Level": "Information",
    "EventData": {
      "transferId": "{34c17a7b-50dd-4476-9149-0d72036b016c}",
      "name": "WU Client Download",
      "Id": "{af82bd87-532d-40a1-b3e6-7a558f4871a5}",
      "url": "http://au.download.windowsupdate.com/msdownload/update/software/secu/2012/12/ndp40-kb2742595-x64_accf0a336e7ba49d629c10fd80b4e03547ea7e3d.exe",
      "peer": "",
      "fileTime": "2012-12-10 17:26:31+00:00",
      "fileLength": "13309984",
      "bytesTotal": "13309984",
      "bytesTransferred": "0",
      "bytesTransferredFromPeer": "0"
    },
    "RawXml": "<Event xmlns=\"http://schemas.microsoft.com/win/2004/08/events/event\"><System><Provider Name=\"Microsoft-Windows-Bits-Client\" Guid=\"{ef1cc15b-46c1-414e-bb95-e76b077bd51e}\"></Provider>\n<EventID Qualifiers=\"\">59</EventID>\n<Version>1</Version>\n<Level>4</Level>\n<Task>0</Task>\n<Opcode>1</Opcode>\n<Keywords>0x4000000000000000</Keywords>\n<TimeCreated SystemTime=\"2014-02-05 13:39:29.550985+00:00\"></TimeCreated>\n<EventRecordID>1711</EventRecordID>\n<Correlation ActivityID=\"{34c17a7b-50dd-4476-9149-0d72036b016c}\" RelatedActivityID=\"\"></Correlation>\n<Execution ProcessID=\"1000\" ThreadID=\"2620\"></Execution>\n<Channel>Microsoft-Windows-Bits-Client/Operational</Channel>\n<Computer>IACIS-HDD-2014</Computer>\n<Security UserID=\"S-1-5-18\"></Security>\n</System>\n<EventData><Data Name=\"transferId\">{34c17a7b-50dd-4476-9149-0d72036b016c}</Data>\n<Data Name=\"name\">WU Client Download</Data>\n<Data Name=\"Id\">{af82bd87-532d-40a1-b3e6-7a558f4871a5}</Data>\n<Data Name=\"url\">http://au.download.windowsupdate.com/msdownload/update/software/secu/2012/12/ndp40-kb2742595-x64_accf0a336e7ba49d629c10fd80b4e03547ea7e3d.exe</Data>\n<Data Name=\"peer\"></Data>\n<Data Name=\"fileTime\">2012-12-10 17:26:31+00:00</Data>\n<Data Name=\"fileLength\">13309984</Data>\n<Data Name=\"bytesTotal\">13309984</Data>\n<Data Name=\"bytesTransferred\">0</Data>\n<Data Name=\"bytesTransferredFromPeer\">0</Data>\n</EventData>\n</Event>\n"
  },
  {
    "EventID": 60,
    "Timestamp": "2014-02-05 13:39:49.113420+00:00",
    "Computer": "IACIS-HDD-2014",
    "Channel": "Microsoft-Windows-Bits-Client/Operational",
    "Level": "Information",
    "EventData": {
      "transferId": "{34c17a7b-50dd-4476-9149-0d72036b016c}",
      "name": "WU Client Download",
      "Id": "{af82bd87-532d-40a1-b3e6-7a558f4871a5}",
      "url": "http://au.download.windowsupdate.com/msdownload/update/software/secu/2012/12/ndp40-kb2742595-x64_accf0a336e7ba49d629c10fd80b4e03547ea7e3d.exe",
      "peer": "",
      "hr": "0",
      "fileTime": "2012-12-10 17:26:31+00:00",
      "fileLength": "13309984",
      "bytesTotal": "13309984",
      "bytesTransferred": "13309984",
      "proxy": "",
      "peerProtocolFlags": "0",
      "bytesTransferredFromPeer": "0",
      "AdditionalInfoHr": "0",
      "PeerContextInfo": "0",
      "bandwidthLimit": "18446744073709551615",
      "ignoreBandwidthLimitsOnLan": "False"
    },
    "RawXml": "<Event xmlns=\"http://schemas.microsoft.com/win/2004/08/events/event\"><System><Provider Name=\"Microsoft-Windows-Bits-Client\" Guid=\"{ef1cc15b-46c1-414e-bb95-e76b077bd51e}\"></Provider>\n<EventID Qualifiers=\"\">60</EventID>\n<Version>1</Version>\n<Level>4</Level>\n<Task>0</Task>\n<Opcode>2</Opcode>\n<Keywords>0x4000000000000000</Keywords>\n<TimeCreated SystemTime=\"2014-02-05 13:39:49.113420+00:00\"></TimeCreated>\n<EventRecordID>1712</EventRecordID>\n<Correlation ActivityID=\"{34c17a7b-50dd-4476-9149-0d72036b016c}\" RelatedActivityID=\"\"></Correlation>\n<Execution ProcessID=\"1000\" ThreadID=\"2900\"></Execution>\n<Channel>Microsoft-Windows-Bits-Client/Operational</Channel>\n<Computer>IACIS-HDD-2014</Computer>\n<Security UserID=\"S-1-5-18\"></Security>\n</System>\n<EventData><Data Name=\"transferId\">{34c17a7b-50dd-4476-9149-0d72036b016c}</Data>\n<Data Name=\"name\">WU Client Download</Data>\n<Data Name=\"Id\">{af82bd87-532d-40a1-b3e6-7a558f4871a5}</Data>\n<Data Name=\"url\">http://au.download.windowsupdate.com/msdownload/update/software/secu/2012/12/ndp40-kb2742595-x64_accf0a336e7ba49d629c10fd80b4e03547ea7e3d.exe</Data>\n<Data Name=\"peer\"></Data>\n<Data Name=\"hr\">0</Data>\n<Data Name=\"fileTime\">2012-12-10 17:26:31+00:00</Data>\n<Data Name=\"fileLength\">13309984</Data>\n<Data Name=\"bytesTotal\">13309984</Data>\n<Data Name=\"bytesTransferred\">13309984</Data>\n<Data Name=\"proxy\"></Data>\n<Data Name=\"peerProtocolFlags\">0</Data>\n<Data Name=\"bytesTransferredFromPeer\">0</Data>\n<Data Name=\"AdditionalInfoHr\">0</Data>\n<Data Name=\"PeerContextInfo\">0</Data>\n<Data Name=\"bandwidthLimit\">18446744073709551615</Data>\n<Data Name=\"ignoreBandwidthLimitsOnLan\">False</Data>\n</EventData>\n</Event>\n"
  },
  {
    "EventID": 4,
    "Timestamp": "2014-02-05 13:39:49.238220+00:00",
    "Computer": "IACIS-HDD-2014",
    "Channel": "Microsoft-Windows-Bits-Client/Operational",
    "Level": "Information",
    "EventData": {
      "User": "NT AUTHORITY\\SYSTEM",
      "jobTitle": "WU Client Download",
      "jobId": "{af82bd87-532d-40a1-b3e6-7a558f4871a5}",
      "jobOwner": "NT AUTHORITY\\SYSTEM",
      "fileCount": "1",
      "bytesTransferred": "13309984",
      "bytesTransferredFromPeer": "0"
    },
    "RawXml": "<Event xmlns=\"http://schemas.microsoft.com/win/2004/08/events/event\"><System><Provider Name=\"Microsoft-Windows-Bits-Client\" Guid=\"{ef1cc15b-46c1-414e-bb95-e76b077bd51e}\"></Provider>\n<EventID Qualifiers=\"\">4</EventID>\n<Version>1</Version>\n<Level>4</Level>\n<Task>0</Task>\n<Opcode>0</Opcode>\n<Keywords>0x4000000000000000</Keywords>\n<TimeCreated SystemTime=\"2014-02-05 13:39:49.238220+00:00\"></TimeCreated>\n<EventRecordID>1713</EventRecordID>\n<Correlation ActivityID=\"\" RelatedActivityID=\"\"></Correlation>\n<Execution ProcessID=\"1000\" ThreadID=\"2608\"></Execution>\n<Channel>Microsoft-Windows-Bits-Client/Operational</Channel>\n<Computer>IACIS-HDD-2014</Computer>\n<Security UserID=\"S-1-5-18\"></Security>\n</System>\n<EventData><Data Name=\"User\">NT AUTHORITY\\SYSTEM</Data>\n<Data Name=\"jobTitle\">WU Client Download</Data>\n<Data Name=\"jobId\">{af82bd87-532d-40a1-b3e6-7a558f4871a5}</Data>\n<Data Name=\"jobOwner\">NT AUTHORITY\\SYSTEM</Data>\n<Data Name=\"fileCount\">1</Data>\n<Data Name=\"bytesTransferred\">13309984</Data>\n<Data Name=\"bytesTransferredFromPeer\">0</Data>\n</EventData>\n</Event>\n"
  },
  {
    "EventID": 3,
    "Timestamp": "2014-02-05 14:36:45.449732+00:00",
    "Computer": "IACIS-HDD-2014",
    "Channel": "Microsoft-Windows-Bits-Client/Operational",
    "Level": "Information",
    "EventData": {
      "string": "ShortCatalog",
      "string2": "IACIS-HDD-2014\\Sgt. Joe T. Nameless",
      "string3": ""
    },
    "RawXml": "<Event xmlns=\"http://schemas.microsoft.com/win/2004/08/events/event\"><System><Provider Name=\"Microsoft-Windows-Bits-Client\" Guid=\"{ef1cc15b-46c1-414e-bb95-e76b077bd51e}\"></Provider>\n<EventID Qualifiers=\"\">3</EventID>\n<Version>0</Version>\n<Level>4</Level>\n<Task>0</Task>\n<Opcode>0</Opcode>\n<Keywords>0x4000000000000000</Keywords>\n<TimeCreated SystemTime=\"2014-02-05 14:36:45.449732+00:00\"></TimeCreated>\n<EventRecordID>1714</EventRecordID>\n<Correlation ActivityID=\"{02afbc40-f800-0000-47cf-3a657622cf01}\" RelatedActivityID=\"\"></Correlation>\n<Execution ProcessID=\"1000\" ThreadID=\"3216\"></Execution>\n<Channel>Microsoft-Windows-Bits-Client/Operational</Channel>\n<Computer>IACIS-HDD-2014</Computer>\n<Security UserID=\"S-1-5-18\"></Security>\n</System>\n<EventData><Data Name=\"string\">ShortCatalog</Data>\n<Data Name=\"string2\">IACIS-HDD-2014\\Sgt. Joe T. Nameless</Data>\n<Data Name=\"string3\"></Data>\n</EventData>\n</Event>\n"
  },
  {
    "EventID": 59,
    "Timestamp": "2014-02-05 14:36:46.760134+00:00",
    "Computer": "IACIS-HDD-2014",
    "Channel": "Microsoft-Windows-Bits-Client/Operational",
    "Level": "Information",
    "EventData": {
      "transferId": "{45357590-4d5c-4bb2-89c2-6e2ae9e05dce}",
      "name": "ShortCatalog",
      "Id": "{228aa135-9d5e-41d7-87cc-ce31db0c7a35}",
      "url": "http://g.live.com/1reupdate/short?!/~Live.ConfigServer.SuiteUpdate/~/~/~/~/~op-GetShortCatalog-ship/~ts-14020514/~l-en/config.xml",
      "peer": "",
      "fileTime": "0001-01-01 00:00:00",
      "fileLength": "3796",
      "bytesTotal": "3796",
      "bytesTransferred": "0",
      "bytesTransferredFromPeer": "0"
    },
    "RawXml": "<Event xmlns=\"http://schemas.microsoft.com/win/2004/08/events/event\"><System><Provider Name=\"Microsoft-Windows-Bits-Client\" Guid=\"{ef1cc15b-46c1-414e-bb95-e76b077bd51e}\"></Provider>\n<EventID Qualifiers=\"\">59</EventID>\n<Version>1</Version>\n<Level>4</Level>\n<Task>0</Task>\n<Opcode>1</Opcode>\n<Keywords>0x4000000000000000</Keywords>\n<TimeCreated SystemTime=\"2014-02-05 14:36:46.760134+00:00\"></TimeCreated>\n<EventRecordID>1715</EventRecordID>\n<Correlation ActivityID=\"{45357590-4d5c-4bb2-89c2-6e2ae9e05dce}\" RelatedActivityID=\"\"></Correlation>\n<Execution ProcessID=\"1000\" ThreadID=\"3896\"></Execution>\n<Channel>Microsoft-Windows-Bits-Client/Operational</Channel>\n<Computer>IACIS-HDD-2014</Computer>\n<Security UserID=\"S-1-5-18\"></Security>\n</System>\n<EventData><Data Name=\"transferId\">{45357590-4d5c-4bb2-89c2-6e2ae9e05dce}</Data>\n<Data Name=\"name\">ShortCatalog</Data>\n<Data Name=\"Id\">{228aa135-9d5e-41d7-87cc-ce31db0c7a35}</Data>\n<Data Name=\"url\">http://g.live.com/1reupdate/short?!/~Live.ConfigServer.SuiteUpdate/~/~/~/~/~op-GetShortCatalog-ship/~ts-14020514/~l-en/config.xml</Data>\n<Data Name=\"peer\"></Data>\n<Data Name=\"fileTime\">0001-01-01 00:00:00</Data>\n<Data Name=\"fileLength\">3796</Data>\n<Data Name=\"bytesTotal\">3796</Data>\n<Data Name=\"bytesTransferred\">0</Data>\n<Data Name=\"bytesTransferredFromPeer\">0</Data>\n</EventData>\n</Event>\n"
  },
  {
    "EventID": 60,
    "Timestamp": "2014-02-05 14:36:47.134533+00:00",
    "Computer": "IACIS-HDD-2014",
    "Channel": "Microsoft-Windows-Bits-Client/Operational",
    "Level": "Information",
    "EventData": {
      "transferId": "{45357590-4d5c-4bb2-89c2-6e2ae9e05dce}",
      "name": "ShortCatalog",
      "Id": "{228aa135-9d5e-41d7-87cc-ce31db0c7a35}",
      "url": "http://g.live.com/1reupdate/short?!/~Live.ConfigServer.SuiteUpdate/~/~/~/~/~op-GetShortCatalog-ship/~ts-14020514/~l-en/config.xml",
      "peer": "",
      "hr": "0",
      "fileTime": "0001-01-01 00:00:00",
      "fileLength": "3796",
      "bytesTotal": "3796",
      "bytesTransferred": "3796",
      "proxy": "",
      "peerProtocolFlags": "0",
      "bytesTransferredFromPeer": "0",
      "AdditionalInfoHr": "0",
      "PeerContextInfo": "0",
      "bandwidthLimit": "18446744073709551615",
      "ignoreBandwidthLimitsOnLan": "False"
    },
    "RawXml": "<Event xmlns=\"http://schemas.microsoft.com/win/2004/08/events/event\"><System><Provider Name=\"Microsoft-Windows-Bits-Client\" Guid=\"{ef1cc15b-46c1-414e-bb95-e76b077bd51e}\"></Provider>\n<EventID Qualifiers=\"\">60</EventID>\n<Version>1</Version>\n<Level>4</Level>\n<Task>0</Task>\n<Opcode>2</Opcode>\n<Keywords>0x4000000000000000</Keywords>\n<TimeCreated SystemTime=\"2014-02-05 14:36:47.134533+00:00\"></TimeCreated>\n<EventRecordID>1716</EventRecordID>\n<Correlation ActivityID=\"{45357590-4d5c-4bb2-89c2-6e2ae9e05dce}\" RelatedActivityID=\"\"></Correlation>\n<Execution ProcessID=\"1000\" ThreadID=\"820\"></Execution>\n<Channel>Microsoft-Windows-Bits-Client/Operational</Channel>\n<Computer>IACIS-HDD-2014</Computer>\n<Security UserID=\"S-1-5-18\"></Security>\n</System>\n<EventData><Data Name=\"transferId\">{45357590-4d5c-4bb2-89c2-6e2ae9e05dce}</Data>\n<Data Name=\"name\">ShortCatalog</Data>\n<Data Name=\"Id\">{228aa135-9d5e-41d7-87cc-ce31db0c7a35}</Data>\n<Data Name=\"url\">http://g.live.com/1reupdate/short?!/~Live.ConfigServer.SuiteUpdate/~/~/~/~/~op-GetShortCatalog-ship/~ts-14020514/~l-en/config.xml</Data>\n<Data Name=\"peer\"></Data>\n<Data Name=\"hr\">0</Data>\n<Data Name=\"fileTime\">0001-01-01 00:00:00</Data>\n<Data Name=\"fileLength\">3796</Data>\n<Data Name=\"bytesTotal\">3796</Data>\n<Data Name=\"bytesTransferred\">3796</Data>\n<Data Name=\"proxy\"></Data>\n<Data Name=\"peerProtocolFlags\">0</Data>\n<Data Name=\"bytesTransferredFromPeer\">0</Data>\n<Data Name=\"AdditionalInfoHr\">0</Data>\n<Data Name=\"PeerContextInfo\">0</Data>\n<Data Name=\"bandwidthLimit\">18446744073709551615</Data>\n<Data Name=\"ignoreBandwidthLimitsOnLan\">False</Data>\n</EventData>\n</Event>\n"
  },
  {
    "EventID": 4,
    "Timestamp": "2014-02-05 14:36:47.165733+00:00",
    "Computer": "IACIS-HDD-2014",
    "Channel": "Microsoft-Windows-Bits-Client/Operational",
    "Level": "Information",
    "EventData": {
      "User": "IACIS-HDD-2014\\Sgt. Joe T. Nameless",
      "jobTitle": "ShortCatalog",
      "jobId": "{228aa135-9d5e-41d7-87cc-ce31db0c7a35}",
      "jobOwner": "IACIS-HDD-2014\\Sgt. Joe T. Nameless",
      "fileCount": "1",
      "bytesTransferred": "3796",
      "bytesTransferredFromPeer": "0"
    },
    "RawXml": "<Event xmlns=\"http://schemas.microsoft.com/win/2004/08/events/event\"><System><Provider Name=\"Microsoft-Windows-Bits-Client\" Guid=\"{ef1cc15b-46c1-414e-bb95-e76b077bd51e}\"></Provider>\n<EventID Qualifiers=\"\">4</EventID>\n<Version>1</Version>\n<Level>4</Level>\n<Task>0</Task>\n<Opcode>0</Opcode>\n<Keywords>0x4000000000000000</Keywords>\n<TimeCreated SystemTime=\"2014-02-05 14:36:47.165733+00:00\"></TimeCreated>\n<EventRecordID>1717</EventRecordID>\n<Correlation ActivityID=\"{02afbc40-f800-0000-47cf-3a657622cf01}\" RelatedActivityID=\"\"></Correlation>\n<Execution ProcessID=\"1000\" ThreadID=\"820\"></Execution>\n<Channel>Microsoft-Windows-Bits-Client/Operational</Channel>\n<Computer>IACIS-HDD-2014</Computer>\n<Security UserID=\"S-1-5-18\"></Security>\n</System>\n<EventData><Data Name=\"User\">IACIS-HDD-2014\\Sgt. Joe T. Nameless</Data>\n<Data Name=\"jobTitle\">ShortCatalog</Data>\n<Data Name=\"jobId\">{228aa135-9d5e-41d7-87cc-ce31db0c7a35}</Data>\n<Data Name=\"jobOwner\">IACIS-HDD-2014\\Sgt. Joe T. Nameless</Data>\n<Data Name=\"fileCount\">1</Data>\n<Data Name=\"bytesTransferred\">3796</Data>\n<Data Name=\"bytesTransferredFromPeer\">0</Data>\n</EventData>\n</Event>\n"
  },
  {
    "EventID": 306,
    "Timestamp": "2014-02-06 11:31:00.598156+00:00",
    "Computer": "IACIS-HDD-2014",
    "Channel": "Microsoft-Windows-Bits-Client/Operational",
    "Level": "Verbose",
    "EventData": {},
    "RawXml": "<Event xmlns=\"http://schemas.microsoft.com/win/2004/08/events/event\"><System><Provider Name=\"Microsoft-Windows-Bits-Client\" Guid=\"{ef1cc15b-46c1-414e-bb95-e76b077bd51e}\"></Provider>\n<EventID Qualifiers=\"\">306</EventID>\n<Version>0</Version>\n<Level>5</Level>\n<Task>0</Task>\n<Opcode>0</Opcode>\n<Keywords>0x4000000000000000</Keywords>\n<TimeCreated SystemTime=\"2014-02-06 11:31:00.598156+00:00\"></TimeCreated>\n<EventRecordID>1718</EventRecordID>\n<Correlation ActivityID=\"\" RelatedActivityID=\"\"></Correlation>\n<Execution ProcessID=\"960\" ThreadID=\"4036\"></Execution>\n<Channel>Microsoft-Windows-Bits-Client/Operational</Channel>\n<Computer>IACIS-HDD-2014</Computer>\n<Security UserID=\"S-1-5-18\"></Security>\n</System>\n<EventData></EventData>\n</Event>\n"
  },
  {
    "EventID": 3,
    "Timestamp": "2014-02-06 11:31:00.722956+00:00",
    "Computer": "IACIS-HDD-2014",
    "Channel": "Microsoft-Windows-Bits-Client/Operational",
    "Level": "Information",
    "EventData": {
      "string": "WU Client Download",
      "string2": "NT AUTHORITY\\SYSTEM",
      "string3": ""
    },
    "RawXml": "<Event xmlns=\"http://schemas.microsoft.com/win/2004/08/events/event\"><System><Provider Name=\"Microsoft-Windows-Bits-Client\" Guid=\"{ef1cc15b-46c1-414e-bb95-e76b077bd51e}\"></Provider>\n<EventID Qualifiers=\"\">3</EventID>\n<Version>0</Version>\n<Level>4</Level>\n<Task>0</Task>\n<Opcode>0</Opcode>\n<Keywords>0x4000000000000000</Keywords>\n<TimeCreated SystemTime=\"2014-02-06 11:31:00.722956+00:00\"></TimeCreated>\n<EventRecordID>1719</EventRecordID>\n<Correlation ActivityID=\"\" RelatedActivityID=\"\"></Correlation>\n<Execution ProcessID=\"960\" ThreadID=\"3580\"></Execution>\n<Channel>Microsoft-Windows-Bits-Client/Operational</Channel>\n<Computer>IACIS-HDD-2014</Computer>\n<Security UserID=\"S-1-5-18\"></Security>\n</System>\n<EventData><Data Name=\"string\">WU Client Download</Data>\n<Data Name=\"string2\">NT AUTHORITY\\SYSTEM</Data>\n<Data Name=\"string3\"></Data>\n</EventData>\n</Event>\n"
  },
  {
    "EventID": 310,
    "Timestamp": "2014-02-06 11:31:11.190575+00:00",
    "Computer": "IACIS-HDD-2014",
    "Channel": "Microsoft-Windows-Bits-Client/Operational",
    "Level": "Warning",
    "EventData": {
      "ErrorCode": "2147942450"
    },
    "RawXml": "<Event xmlns=\"http://schemas.microsoft.com/win/2004/08/events/event\"><System><Provider Name=\"Microsoft-Windows-Bits-Client\" Guid=\"{ef1cc15b-46c1-414e-bb95-e76b077bd51e}\"></Provider>\n<EventID Qualifiers=\"\">310</EventID>\n<Version>0</Version>\n<Level>3</Level>\n<Task>0</Task>\n<Opcode>0</Opcode>\n<Keywords>0x4000000000000000</Keywords>\n<TimeCreated SystemTime=\"2014-02-06 11:31:11.190575+00:00\"></TimeCreated>\n<EventRecordID>1720</EventRecordID>\n<Correlation ActivityID=\"\" RelatedActivityID=\"\"></Correlation>\n<Execution ProcessID=\"960\" ThreadID=\"2652\"></Execution>\n<Channel>Microsoft-Windows-Bits-Client/Operational</Channel>\n<Computer>IACIS-HDD-2014</Computer>\n<Security UserID=\"S-1-5-18\"></Security>\n</System>\n<EventData><Data Name=\"ErrorCode\">2147942450</Data>\n</EventData>\n</Event>\n"
  },
  {
    "EventID": 59,
    "Timestamp": "2014-02-06 11:31:11.206175+00:00",
    "Computer": "IACIS-HDD-2014",
    "Channel": "Microsoft-Windows-Bits-Client/Operational",
    "Level": "Information",
    "EventData": {
      "transferId": "{fcf96ad6-0802-4794-9c44-5dbb947b8208}",
      "name": "WU Client Download",
      "Id": "{dc604ca2-b78a-4fc7-ba40-a2c4a075c2ce}",
      "url": "http://download.windowsupdate.com/msdownload/update/software/defu/2014/02/am_delta_patch_1.165.3298.0_97c8caa1858dac4bb4e8dfaa1b59feba14d59422.exe",
      "peer": "",
      "fileTime": "2014-02-06 08:29:27+00:00",
      "fileLength": "1154328",
      "bytesTotal": "1154328",
      "bytesTransferred": "0",
      "bytesTransferredFromPeer": "0"
    },
    "RawXml": "<Event xmlns=\"http://schemas.microsoft.com/win/2004/08/events/event\"><System><Provider Name=\"Microsoft-Windows-Bits-Client\" Guid=\"{ef1cc15b-46c1-414e-bb95-e76b077bd51e}\"></Provider>\n<EventID Qualifiers=\"\">59</EventID>\n<Version>1</Version>\n<Level>4</Level>\n<Task>0</Task>\n<Opcode>1</Opcode>\n<Keywords>0x4000000000000000</Keywords>\n<TimeCreated SystemTime=\"2014-02-06 11:31:11.206175+00:00\"></TimeCreated>\n<EventRecordID>1721</EventRecordID>\n<Correlation ActivityID=\"{fcf96ad6-0802-4794-9c44-5dbb947b8208}\" RelatedActivityID=\"\"></Correlation>\n<Execution ProcessID=\"960\" ThreadID=\"2652\"></Execution>\n<Channel>Microsoft-Windows-Bits-Client/Operational</Channel>\n<Computer>IACIS-HDD-2014</Computer>\n<Security UserID=\"S-1-5-18\"></Security>\n</System>\n<EventData><Data Name=\"transferId\">{fcf96ad6-0802-4794-9c44-5dbb947b8208}</Data>\n<Data Name=\"name\">WU Client Download</Data>\n<Data Name=\"Id\">{dc604ca2-b78a-4fc7-ba40-a2c4a075c2ce}</Data>\n<Data Name=\"url\">http://download.windowsupdate.com/msdownload/update/software/defu/2014/02/am_delta_patch_1.165.3298.0_97c8caa1858dac4bb4e8dfaa1b59feba14d59422.exe</Data>\n<Data Name=\"peer\"></Data>\n<Data Name=\"fileTime\">2014-02-06 08:29:27+00:00</Data>\n<Data Name=\"fileLength\">1154328</Data>\n<Data Name=\"bytesTotal\">1154328</Data>\n<Data Name=\"bytesTransferred\">0</Data>\n<Data Name=\"bytesTransferredFromPeer\">0</Data>\n</EventData>\n</Event>\n"
  },
  {
    "EventID": 60,
    "Timestamp": "2014-02-06 11:31:49.941042+00:00",
    "Computer": "IACIS-HDD-2014",
    "Channel": "Microsoft-Windows-Bits-Client/Operational",
    "Level": "Information",
    "EventData": {
      "transferId": "{fcf96ad6-0802-4794-9c44-5dbb947b8208}",
      "name": "WU Client Download",
      "Id": "{dc604ca2-b78a-4fc7-ba40-a2c4a075c2ce}",
      "url": "http://download.windowsupdate.com/msdownload/update/software/defu/2014/02/am_delta_patch_1.165.3298.0_97c8caa1858dac4bb4e8dfaa1b59feba14d59422.exe",
      "peer": "",
      "hr": "0",
      "fileTime": "2014-02-06 08:29:27+00:00",
      "fileLength": "1154328",
      "bytesTotal": "1154328",
      "bytesTransferred": "1154328",
      "proxy": "",
      "peerProtocolFlags": "0",
      "bytesTransferredFromPeer": "0",
      "AdditionalInfoHr": "0",
      "PeerContextInfo": "0",
      "bandwidthLimit": "18446744073709551615",
      "ignoreBandwidthLimitsOnLan": "False"
    },
    "RawXml": "<Event xmlns=\"http://schemas.microsoft.com/win/2004/08/events/event\"><System><Provider Name=\"Microsoft-Windows-Bits-Client\" Guid=\"{ef1cc15b-46c1-414e-bb95-e76b077bd51e}\"></Provider>\n<EventID Qualifiers=\"\">60</EventID>\n<Version>1</Version>\n<Level>4</Level>\n<Task>0</Task>\n<Opcode>2</Opcode>\n<Keywords>0x4000000000000000</Keywords>\n<TimeCreated SystemTime=\"2014-02-06 11:31:49.941042+00:00\"></TimeCreated>\n<EventRecordID>1722</EventRecordID>\n<Correlation ActivityID=\"{fcf96ad6-0802-4794-9c44-5dbb947b8208}\" RelatedActivityID=\"\"></Correlation>\n<Execution ProcessID=\"960\" ThreadID=\"3572\"></Execution>\n<Channel>Microsoft-Windows-Bits-Client/Operational</Channel>\n<Computer>IACIS-HDD-2014</Computer>\n<Security UserID=\"S-1-5-18\"></Security>\n</System>\n<EventData><Data Name=\"transferId\">{fcf96ad6-0802-4794-9c44-5dbb947b8208}</Data>\n<Data Name=\"name\">WU Client Download</Data>\n<Data Name=\"Id\">{dc604ca2-b78a-4fc7-ba40-a2c4a075c2ce}</Data>\n<Data Name=\"url\">http://download.windowsupdate.com/msdownload/update/software/defu/2014/02/am_delta_patch_1.165.3298.0_97c8caa1858dac4bb4e8dfaa1b59feba14d59422.exe</Data>\n<Data Name=\"peer\"></Data>\n<Data Name=\"hr\">0</Data>\n<Data Name=\"fileTime\">2014-02-06 08:29:27+00:00</Data>\n<Data Name=\"fileLength\">1154328</Data>\n<Data Name=\"bytesTotal\">1154328</Data>\n<Data Name=\"bytesTransferred\">1154328</Data>\n<Data Name=\"proxy\"></Data>\n<Data Name=\"peerProtocolFlags\">0</Data>\n<Data Name=\"bytesTransferredFromPeer\">0</Data>\n<Data Name=\"AdditionalInfoHr\">0</Data>\n<Data Name=\"PeerContextInfo\">0</Data>\n<Data Name=\"bandwidthLimit\">18446744073709551615</Data>\n<Data Name=\"ignoreBandwidthLimitsOnLan\">False</Data>\n</EventData>\n</Event>\n"
  },
  {
    "EventID": 4,
    "Timestamp": "2014-02-06 11:31:50.003445+00:00",
    "Computer": "IACIS-HDD-2014",
    "Channel": "Microsoft-Windows-Bits-Client/Operational",
    "Level": "Information",
    "EventData": {
      "User": "NT AUTHORITY\\SYSTEM",
      "jobTitle": "WU Client Download",
      "jobId": "{dc604ca2-b78a-4fc7-ba40-a2c4a075c2ce}",
      "jobOwner": "NT AUTHORITY\\SYSTEM",
      "fileCount": "1",
      "bytesTransferred": "1154328",
      "bytesTransferredFromPeer": "0"
    },
    "RawXml": "<Event xmlns=\"http://schemas.microsoft.com/win/2004/08/events/event\"><System><Provider Name=\"Microsoft-Windows-Bits-Client\" Guid=\"{ef1cc15b-46c1-414e-bb95-e76b077bd51e}\"></Provider>\n<EventID Qualifiers=\"\">4</EventID>\n<Version>1</Version>\n<Level>4</Level>\n<Task>0</Task>\n<Opcode>0</Opcode>\n<Keywords>0x4000000000000000</Keywords>\n<TimeCreated SystemTime=\"2014-02-06 11:31:50.003445+00:00\"></TimeCreated>\n<EventRecordID>1723</EventRecordID>\n<Correlation ActivityID=\"\" RelatedActivityID=\"\"></Correlation>\n<Execution ProcessID=\"960\" ThreadID=\"2652\"></Execution>\n<Channel>Microsoft-Windows-Bits-Client/Operational</Channel>\n<Computer>IACIS-HDD-2014</Computer>\n<Security UserID=\"S-1-5-18\"></Security>\n</System>\n<EventData><Data Name=\"User\">NT AUTHORITY\\SYSTEM</Data>\n<Data Name=\"jobTitle\">WU Client Download</Data>\n<Data Name=\"jobId\">{dc604ca2-b78a-4fc7-ba40-a2c4a075c2ce}</Data>\n<Data Name=\"jobOwner\">NT AUTHORITY\\SYSTEM</Data>\n<Data Name=\"fileCount\">1</Data>\n<Data Name=\"bytesTransferred\">1154328</Data>\n<Data Name=\"bytesTransferredFromPeer\">0</Data>\n</EventData>\n</Event>\n"
  },
  {
    "EventID": 3,
    "Timestamp": "2014-02-06 11:38:58.978197+00:00",
    "Computer": "IACIS-HDD-2014",
    "Channel": "Microsoft-Windows-Bits-Client/Operational",
    "Level": "Information",
    "EventData": {
      "string": "ShortCatalog",
      "string2": "IACIS-HDD-2014\\Sgt. Joe T. Nameless",
      "string3": ""
    },
    "RawXml": "<Event xmlns=\"http://schemas.microsoft.com/win/2004/08/events/event\"><System><Provider Name=\"Microsoft-Windows-Bits-Client\" Guid=\"{ef1cc15b-46c1-414e-bb95-e76b077bd51e}\"></Provider>\n<EventID Qualifiers=\"\">3</EventID>\n<Version>0</Version>\n<Level>4</Level>\n<Task>0</Task>\n<Opcode>0</Opcode>\n<Keywords>0x4000000000000000</Keywords>\n<TimeCreated SystemTime=\"2014-02-06 11:38:58.978197+00:00\"></TimeCreated>\n<EventRecordID>1724</EventRecordID>\n<Correlation ActivityID=\"{02b0fc48-f800-0001-27fb-15672d23cf01}\" RelatedActivityID=\"\"></Correlation>\n<Execution ProcessID=\"960\" ThreadID=\"1552\"></Execution>\n<Channel>Microsoft-Windows-Bits-Client/Operational</Channel>\n<Computer>IACIS-HDD-2014</Computer>\n<Security UserID=\"S-1-5-18\"></Security>\n</System>\n<EventData><Data Name=\"string\">ShortCatalog</Data>\n<Data Name=\"string2\">IACIS-HDD-2014\\Sgt. Joe T. Nameless</Data>\n<Data Name=\"string3\"></Data>\n</EventData>\n</Event>\n"
  },
  {
    "EventID": 59,
    "Timestamp": "2014-02-06 11:39:00.428999+00:00",
    "Computer": "IACIS-HDD-2014",
    "Channel": "Microsoft-Windows-Bits-Client/Operational",
    "Level": "Information",
    "EventData": {
      "transferId": "{86cf0578-9ace-4902-aa88-af97d9a3b3d5}",
      "name": "ShortCatalog",
      "Id": "{297b9a50-ee82-461e-94bc-7ec2a02d0dfd}",
      "url": "http://g.live.com/1reupdate/short?!/~Live.ConfigServer.SuiteUpdate/~/~/~/~/~op-GetShortCatalog-ship/~ts-14020611/~l-en/config.xml",
      "peer": "",
      "fileTime": "0001-01-01 00:00:00",
      "fileLength": "3796",
      "bytesTotal": "3796",
      "bytesTransferred": "0",
      "bytesTransferredFromPeer": "0"
    },
    "RawXml": "<Event xmlns=\"http://schemas.microsoft.com/win/2004/08/events/event\"><System><Provider Name=\"Microsoft-Windows-Bits-Client\" Guid=\"{ef1cc15b-46c1-414e-bb95-e76b077bd51e}\"></Provider>\n<EventID Qualifiers=\"\">59</EventID>\n<Version>1</Version>\n<Level>4</Level>\n<Task>0</Task>\n<Opcode>1</Opcode>\n<Keywords>0x4000000000000000</Keywords>\n<TimeCreated SystemTime=\"2014-02-06 11:39:00.428999+00:00\"></TimeCreated>\n<EventRecordID>1725</EventRecordID>\n<Correlation ActivityID=\"{86cf0578-9ace-4902-aa88-af97d9a3b3d5}\" RelatedActivityID=\"\"></Correlation>\n<Execution ProcessID=\"960\" ThreadID=\"2164\"></Execution>\n<Channel>Microsoft-Windows-Bits-Client/Operational</Channel>\n<Computer>IACIS-HDD-2014</Computer>\n<Security UserID=\"S-1-5-18\"></Security>\n</System>\n<EventData><Data Name=\"transferId\">{86cf0578-9ace-4902-aa88-af97d9a3b3d5}</Data>\n<Data Name=\"name\">ShortCatalog</Data>\n<Data Name=\"Id\">{297b9a50-ee82-461e-94bc-7ec2a02d0dfd}</Data>\n<Data Name=\"url\">http://g.live.com/1reupdate/short?!/~Live.ConfigServer.SuiteUpdate/~/~/~/~/~op-GetShortCatalog-ship/~ts-14020611/~l-en/config.xml</Data>\n<Data Name=\"peer\"></Data>\n<Data Name=\"fileTime\">0001-01-01 00:00:00</Data>\n<Data Name=\"fileLength\">3796</Data>\n<Data Name=\"bytesTotal\">3796</Data>\n<Data Name=\"bytesTransferred\">0</Data>\n<Data Name=\"bytesTransferredFromPeer\">0</Data>\n</EventData>\n</Event>\n"
  },
  {
    "EventID": 60,
    "Timestamp": "2014-02-06 11:39:01.099800+00:00",
    "Computer": "IACIS-HDD-2014",
    "Channel": "Microsoft-Windows-Bits-Client/Operational",
    "Level": "Information",
    "EventData": {
      "transferId": "{86cf0578-9ace-4902-aa88-af97d9a3b3d5}",
      "name": "ShortCatalog",
      "Id": "{297b9a50-ee82-461e-94bc-7ec2a02d0dfd}",
      "url": "http://g.live.com/1reupdate/short?!/~Live.ConfigServer.SuiteUpdate/~/~/~/~/~op-GetShortCatalog-ship/~ts-14020611/~l-en/config.xml",
      "peer": "",
      "hr": "0",
      "fileTime": "0001-01-01 00:00:00",
      "fileLength": "3796",
      "bytesTotal": "3796",
      "bytesTransferred": "3796",
      "proxy": "",
      "peerProtocolFlags": "0",
      "bytesTransferredFromPeer": "0",
      "AdditionalInfoHr": "0",
      "PeerContextInfo": "0",
      "bandwidthLimit": "18446744073709551615",
      "ignoreBandwidthLimitsOnLan": "False"
    },
    "RawXml": "<Event xmlns=\"http://schemas.microsoft.com/win/2004/08/events/event\"><System><Provider Name=\"Microsoft-Windows-Bits-Client\" Guid=\"{ef1cc15b-46c1-414e-bb95-e76b077bd51e}\"></Provider>\n<EventID Qualifiers=\"\">60</EventID>\n<Version>1</Version>\n<Level>4</Level>\n<Task>0</Task>\n<Opcode>2</Opcode>\n<Keywords>0x4000000000000000</Keywords>\n<TimeCreated SystemTime=\"2014-02-06 11:39:01.099800+00:00\"></TimeCreated>\n<EventRecordID>1726</EventRecordID>\n<Correlation ActivityID=\"{86cf0578-9ace-4902-aa88-af97d9a3b3d5}\" RelatedActivityID=\"\"></Correlation>\n<Execution ProcessID=\"960\" ThreadID=\"2280\"></Execution>\n<Channel>Microsoft-Windows-Bits-Client/Operational</Channel>\n<Computer>IACIS-HDD-2014</Computer>\n<Security UserID=\"S-1-5-18\"></Security>\n</System>\n<EventData><Data Name=\"transferId\">{86cf0578-9ace-4902-aa88-af97d9a3b3d5}</Data>\n<Data Name=\"name\">ShortCatalog</Data>\n<Data Name=\"Id\">{297b9a50-ee82-461e-94bc-7ec2a02d0dfd}</Data>\n<Data Name=\"url\">http://g.live.com/1reupdate/short?!/~Live.ConfigServer.SuiteUpdate/~/~/~/~/~op-GetShortCatalog-ship/~ts-14020611/~l-en/config.xml</Data>\n<Data Name=\"peer\"></Data>\n<Data Name=\"hr\">0</Data>\n<Data Name=\"fileTime\">0001-01-01 00:00:00</Data>\n<Data Name=\"fileLength\">3796</Data>\n<Data Name=\"bytesTotal\">3796</Data>\n<Data Name=\"bytesTransferred\">3796</Data>\n<Data Name=\"proxy\"></Data>\n<Data Name=\"peerProtocolFlags\">0</Data>\n<Data Name=\"bytesTransferredFromPeer\">0</Data>\n<Data Name=\"AdditionalInfoHr\">0</Data>\n<Data Name=\"PeerContextInfo\">0</Data>\n<Data Name=\"bandwidthLimit\">18446744073709551615</Data>\n<Data Name=\"ignoreBandwidthLimitsOnLan\">False</Data>\n</EventData>\n</Event>\n"
  },
  {
    "EventID": 4,
    "Timestamp": "2014-02-06 11:39:01.115400+00:00",
    "Computer": "IACIS-HDD-2014",
    "Channel": "Microsoft-Windows-Bits-Client/Operational",
    "Level": "Information",
    "EventData": {
      "User": "IACIS-HDD-2014\\Sgt. Joe T. Nameless",
      "jobTitle": "ShortCatalog",
      "jobId": "{297b9a50-ee82-461e-94bc-7ec2a02d0dfd}",
      "jobOwner": "IACIS-HDD-2014\\Sgt. Joe T. Nameless",
      "fileCount": "1",
      "bytesTransferred": "3796",
      "bytesTransferredFromPeer": "0"
    },
    "RawXml": "<Event xmlns=\"http://schemas.microsoft.com/win/2004/08/events/event\"><System><Provider Name=\"Microsoft-Windows-Bits-Client\" Guid=\"{ef1cc15b-46c1-414e-bb95-e76b077bd51e}\"></Provider>\n<EventID Qualifiers=\"\">4</EventID>\n<Version>1</Version>\n<Level>4</Level>\n<Task>0</Task>\n<Opcode>0</Opcode>\n<Keywords>0x4000000000000000</Keywords>\n<TimeCreated SystemTime=\"2014-02-06 11:39:01.115400+00:00\"></TimeCreated>\n<EventRecordID>1727</EventRecordID>\n<Correlation ActivityID=\"{02b0fc48-f800-0001-27fb-15672d23cf01}\" RelatedActivityID=\"\"></Correlation>\n<Execution ProcessID=\"960\" ThreadID=\"2280\"></Execution>\n<Channel>Microsoft-Windows-Bits-Client/Operational</Channel>\n<Computer>IACIS-HDD-2014</Computer>\n<Security UserID=\"S-1-5-18\"></Security>\n</System>\n<EventData><Data Name=\"User\">IACIS-HDD-2014\\Sgt. Joe T. Nameless</Data>\n<Data Name=\"jobTitle\">ShortCatalog</Data>\n<Data Name=\"jobId\">{297b9a50-ee82-461e-94bc-7ec2a02d0dfd}</Data>\n<Data Name=\"jobOwner\">IACIS-HDD-2014\\Sgt. Joe T. Nameless</Data>\n<Data Name=\"fileCount\">1</Data>\n<Data Name=\"bytesTransferred\">3796</Data>\n<Data Name=\"bytesTransferredFromPeer\">0</Data>\n</EventData>\n</Event>\n"
  },
  {
    "EventID": 306,
    "Timestamp": "2014-02-07 12:37:12.138128+00:00",
    "Computer": "IACIS-HDD-2014",
    "Channel": "Microsoft-Windows-Bits-Client/Operational",
    "Level": "Verbose",
    "EventData": {},
    "RawXml": "<Event xmlns=\"http://schemas.microsoft.com/win/2004/08/events/event\"><System><Provider Name=\"Microsoft-Windows-Bits-Client\" Guid=\"{ef1cc15b-46c1-414e-bb95-e76b077bd51e}\"></Provider>\n<EventID Qualifiers=\"\">306</EventID>\n<Version>0</Version>\n<Level>5</Level>\n<Task>0</Task>\n<Opcode>0</Opcode>\n<Keywords>0x4000000000000000</Keywords>\n<TimeCreated SystemTime=\"2014-02-07 12:37:12.138128+00:00\"></TimeCreated>\n<EventRecordID>1728</EventRecordID>\n<Correlation ActivityID=\"\" RelatedActivityID=\"\"></Correlation>\n<Execution ProcessID=\"964\" ThreadID=\"3168\"></Execution>\n<Channel>Microsoft-Windows-Bits-Client/Operational</Channel>\n<Computer>IACIS-HDD-2014</Computer>\n<Security UserID=\"S-1-5-18\"></Security>\n</System>\n<EventData></EventData>\n</Event>\n"
  },
  {
    "EventID": 3,
    "Timestamp": "2014-02-07 12:37:13.292528+00:00",
    "Computer": "IACIS-HDD-2014",
    "Channel": "Microsoft-Windows-Bits-Client/Operational",
    "Level": "Information",
    "EventData": {
      "string": "ShortCatalog",
      "string2": "IACIS-HDD-2014\\Sgt. Joe T. Nameless",
      "string3": ""
    },
    "RawXml": "<Event xmlns=\"http://schemas.microsoft.com/win/2004/08/events/event\"><System><Provider Name=\"Microsoft-Windows-Bits-Client\" Guid=\"{ef1cc15b-46c1-414e-bb95-e76b077bd51e}\"></Provider>\n<EventID Qualifiers=\"\">3</EventID>\n<Version>0</Version>\n<Level>4</Level>\n<Task>0</Task>\n<Opcode>0</Opcode>\n<Keywords>0x4000000000000000</Keywords>\n<TimeCreated SystemTime=\"2014-02-07 12:37:13.292528+00:00\"></TimeCreated>\n<EventRecordID>1729</EventRecordID>\n<Correlation ActivityID=\"{02b0ac40-f800-0000-48b3-1bec0024cf01}\" RelatedActivityID=\"\"></Correlation>\n<Execution ProcessID=\"964\" ThreadID=\"2024\"></Execution>\n<Channel>Microsoft-Windows-Bits-Client/Operational</Channel>\n<Computer>IACIS-HDD-2014</Computer>\n<Security UserID=\"S-1-5-18\"></Security>\n</System>\n<EventData><Data Name=\"string\">ShortCatalog</Data>\n<Data Name=\"string2\">IACIS-HDD-2014\\Sgt. Joe T. Nameless</Data>\n<Data Name=\"string3\"></Data>\n</EventData>\n</Event>\n"
  },
  {
    "EventID": 310,
    "Timestamp": "2014-02-07 12:37:15.523333+00:00",
    "Computer": "IACIS-HDD-2014",
    "Channel": "Microsoft-Windows-Bits-Client/Operational",
    "Level": "Warning",
    "EventData": {
      "ErrorCode": "2147942450"
    },
    "RawXml": "<Event xmlns=\"http://schemas.microsoft.com/win/2004/08/events/event\"><System><Provider Name=\"Microsoft-Windows-Bits-Client\" Guid=\"{ef1cc15b-46c1-414e-bb95-e76b077bd51e}\"></Provider>\n<EventID Qualifiers=\"\">310</EventID>\n<Version>0</Version>\n<Level>3</Level>\n<Task>0</Task>\n<Opcode>0</Opcode>\n<Keywords>0x4000000000000000</Keywords>\n<TimeCreated SystemTime=\"2014-02-07 12:37:15.523333+00:00\"></TimeCreated>\n<EventRecordID>1730</EventRecordID>\n<Correlation ActivityID=\"\" RelatedActivityID=\"\"></Correlation>\n<Execution ProcessID=\"964\" ThreadID=\"3224\"></Execution>\n<Channel>Microsoft-Windows-Bits-Client/Operational</Channel>\n<Computer>IACIS-HDD-2014</Computer>\n<Security UserID=\"S-1-5-18\"></Security>\n</System>\n<EventData><Data Name=\"ErrorCode\">2147942450</Data>\n</EventData>\n</Event>\n"
  },
  {
    "EventID": 59,
    "Timestamp": "2014-02-07 12:37:15.538933+00:00",
    "Computer": "IACIS-HDD-2014",
    "Channel": "Microsoft-Windows-Bits-Client/Operational",
    "Level": "Information",
    "EventData": {
      "transferId": "{b0098b50-3636-461b-ae0c-19524a973424}",
      "name": "ShortCatalog",
      "Id": "{851782cf-24e6-43d9-a273-51ebf6fa7c75}",
      "url": "http://g.live.com/1reupdate/short?!/~Live.ConfigServer.SuiteUpdate/~/~/~/~/~op-GetShortCatalog-ship/~ts-14020712/~l-en/config.xml",
      "peer": "",
      "fileTime": "0001-01-01 00:00:00",
      "fileLength": "3796",
      "bytesTotal": "3796",
      "bytesTransferred": "0",
      "bytesTransferredFromPeer": "0"
    },
    "RawXml": "<Event xmlns=\"http://schemas.microsoft.com/win/2004/08/events/event\"><System><Provider Name=\"Microsoft-Windows-Bits-Client\" Guid=\"{ef1cc15b-46c1-414e-bb95-e76b077bd51e}\"></Provider>\n<EventID Qualifiers=\"\">59</EventID>\n<Version>1</Version>\n<Level>4</Level>\n<Task>0</Task>\n<Opcode>1</Opcode>\n<Keywords>0x4000000000000000</Keywords>\n<TimeCreated SystemTime=\"2014-02-07 12:37:15.538933+00:00\"></TimeCreated>\n<EventRecordID>1731</EventRecordID>\n<Correlation ActivityID=\"{b0098b50-3636-461b-ae0c-19524a973424}\" RelatedActivityID=\"\"></Correlation>\n<Execution ProcessID=\"964\" ThreadID=\"3224\"></Execution>\n<Channel>Microsoft-Windows-Bits-Client/Operational</Channel>\n<Computer>IACIS-HDD-2014</Computer>\n<Security UserID=\"S-1-5-18\"></Security>\n</System>\n<EventData><Data Name=\"transferId\">{b0098b50-3636-461b-ae0c-19524a973424}</Data>\n<Data Name=\"name\">ShortCatalog</Data>\n<Data Name=\"Id\">{851782cf-24e6-43d9-a273-51ebf6fa7c75}</Data>\n<Data Name=\"url\">http://g.live.com/1reupdate/short?!/~Live.ConfigServer.SuiteUpdate/~/~/~/~/~op-GetShortCatalog-ship/~ts-14020712/~l-en/config.xml</Data>\n<Data Name=\"peer\"></Data>\n<Data Name=\"fileTime\">0001-01-01 00:00:00</Data>\n<Data Name=\"fileLength\">3796</Data>\n<Data Name=\"bytesTotal\">3796</Data>\n<Data Name=\"bytesTransferred\">0</Data>\n<Data Name=\"bytesTransferredFromPeer\">0</Data>\n</EventData>\n</Event>\n"
  },
  {
    "EventID": 60,
    "Timestamp": "2014-02-07 12:37:16.006933+00:00",
    "Computer": "IACIS-HDD-2014",
    "Channel": "Microsoft-Windows-Bits-Client/Operational",
    "Level": "Information",
    "EventData": {
      "transferId": "{b0098b50-3636-461b-ae0c-19524a973424}",
      "name": "ShortCatalog",
      "Id": "{851782cf-24e6-43d9-a273-51ebf6fa7c75}",
      "url": "http://g.live.com/1reupdate/short?!/~Live.ConfigServer.SuiteUpdate/~/~/~/~/~op-GetShortCatalog-ship/~ts-14020712/~l-en/config.xml",
      "peer": "",
      "hr": "0",
      "fileTime": "0001-01-01 00:00:00",
      "fileLength": "3796",
      "bytesTotal": "3796",
      "bytesTransferred": "3796",
      "proxy": "",
      "peerProtocolFlags": "0",
      "bytesTransferredFromPeer": "0",
      "AdditionalInfoHr": "0",
      "PeerContextInfo": "0",
      "bandwidthLimit": "18446744073709551615",
      "ignoreBandwidthLimitsOnLan": "False"
    },
    "RawXml": "<Event xmlns=\"http://schemas.microsoft.com/win/2004/08/events/event\"><System><Provider Name=\"Microsoft-Windows-Bits-Client\" Guid=\"{ef1cc15b-46c1-414e-bb95-e76b077bd51e}\"></Provider>\n<EventID Qualifiers=\"\">60</EventID>\n<Version>1</Version>\n<Level>4</Level>\n<Task>0</Task>\n<Opcode>2</Opcode>\n<Keywords>0x4000000000000000</Keywords>\n<TimeCreated SystemTime=\"2014-02-07 12:37:16.006933+00:00\"></TimeCreated>\n<EventRecordID>1732</EventRecordID>\n<Correlation ActivityID=\"{b0098b50-3636-461b-ae0c-19524a973424}\" RelatedActivityID=\"\"></Correlation>\n<Execution ProcessID=\"964\" ThreadID=\"2004\"></Execution>\n<Channel>Microsoft-Windows-Bits-Client/Operational</Channel>\n<Computer>IACIS-HDD-2014</Computer>\n<Security UserID=\"S-1-5-18\"></Security>\n</System>\n<EventData><Data Name=\"transferId\">{b0098b50-3636-461b-ae0c-19524a973424}</Data>\n<Data Name=\"name\">ShortCatalog</Data>\n<Data Name=\"Id\">{851782cf-24e6-43d9-a273-51ebf6fa7c75}</Data>\n<Data Name=\"url\">http://g.live.com/1reupdate/short?!/~Live.ConfigServer.SuiteUpdate/~/~/~/~/~op-GetShortCatalog-ship/~ts-14020712/~l-en/config.xml</Data>\n<Data Name=\"peer\"></Data>\n<Data Name=\"hr\">0</Data>\n<Data Name=\"fileTime\">0001-01-01 00:00:00</Data>\n<Data Name=\"fileLength\">3796</Data>\n<Data Name=\"bytesTotal\">3796</Data>\n<Data Name=\"bytesTransferred\">3796</Data>\n<Data Name=\"proxy\"></Data>\n<Data Name=\"peerProtocolFlags\">0</Data>\n<Data Name=\"bytesTransferredFromPeer\">0</Data>\n<Data Name=\"AdditionalInfoHr\">0</Data>\n<Data Name=\"PeerContextInfo\">0</Data>\n<Data Name=\"bandwidthLimit\">18446744073709551615</Data>\n<Data Name=\"ignoreBandwidthLimitsOnLan\">False</Data>\n</EventData>\n</Event>\n"
  },
