  {
    "EventID": 2105,
    "Timestamp": "2014-02-11 14:42:27.330549+00:00",
    "Computer": "IACIS-HDD-2014",
    "Channel": "Microsoft-Windows-DriverFrameworks-UserMode/Operational",
    "Level": "Information",
    "EventData": {},
    "RawXml": "<Event xmlns=\"http://schemas.microsoft.com/win/2004/08/events/event\"><System><Provider Name=\"Microsoft-Windows-DriverFrameworks-UserMode\" Guid=\"{2e35aaeb-857f-4beb-a418-2e6c0e54d988}\"></Provider>\n<EventID Qualifiers=\"\">2105</EventID>\n<Version>1</Version>\n<Level>4</Level>\n<Task>37</Task>\n<Opcode>1</Opcode>\n<Keywords>0x8000000000000000</Keywords>\n<TimeCreated SystemTime=\"2014-02-11 14:42:27.330549+00:00\"></TimeCreated>\n<EventRecordID>371</EventRecordID>\n<Correlation ActivityID=\"\" RelatedActivityID=\"\"></Correlation>\n<Execution ProcessID=\"484\" ThreadID=\"2392\"></Execution>\n<Channel>Microsoft-Windows-DriverFrameworks-UserMode/Operational</Channel>\n<Computer>IACIS-HDD-2014</Computer>\n<Security UserID=\"S-1-5-19\"></Security>\n</System>\n<UserData><UMDFHostDeviceRequest instance=\"WPDBUSENUMROOT\\UMB\\2&amp;37C186B&amp;0&amp;STORAGE#VOLUME#_??_USBSTOR#DISK&amp;VEN_GENERIC&amp;PROD_STORAGE_DEVICE&amp;REV_9344#0301936251&amp;3#\" lifetime=\"{60ca36db-b330-4b96-af92-9e89c46c5a29}\" xmlns:auto-ns2=\"http://schemas.microsoft.com/win/2004/08/events\" xmlns=\"http://www.microsoft.com/DriverFrameworks/UserMode/Event\"><Request major=\"27\" minor=\"20\"><Argument>0x0000000000000000</Argument>\n<Argument>0x0000000000000000</Argument>\n<Argument>0x0000000000000000</Argument>\n<Argument>0x0000000000000000</Argument>\n</Request>\n<Status>3221225659</Status>\n</UMDFHostDeviceRequest>\n</UserData>\n</Event>\n"
  },
  {
    "EventID": 2106,
    "Timestamp": "2014-02-11 14:42:27.330549+00:00",
    "Computer": "IACIS-HDD-2014",
    "Channel": "Microsoft-Windows-DriverFrameworks-UserMode/Operational",
    "Level": "Information",
    "EventData": {},
    "RawXml": "<Event xmlns=\"http://schemas.microsoft.com/win/2004/08/events/event\"><System><Provider Name=\"Microsoft-Windows-DriverFrameworks-UserMode\" Guid=\"{2e35aaeb-857f-4beb-a418-2e6c0e54d988}\"></Provider>\n<EventID Qualifiers=\"\">2106</EventID>\n<Version>1</Version>\n<Level>4</Level>\n<Task>37</Task>\n<Opcode>1</Opcode>\n<Keywords>0x8000000000000000</Keywords>\n<TimeCreated SystemTime=\"2014-02-11 14:42:27.330549+00:00\"></TimeCreated>\n<EventRecordID>372</EventRecordID>\n<Correlation ActivityID=\"\" RelatedActivityID=\"\"></Correlation>\n<Execution ProcessID=\"484\" ThreadID=\"2392\"></Execution>\n<Channel>Microsoft-Windows-DriverFrameworks-UserMode/Operational</Channel>\n<Computer>IACIS-HDD-2014</Computer>\n<Security UserID=\"S-1-5-19\"></Security>\n</System>\n<UserData><UMDFHostDeviceRequest instance=\"WPDBUSENUMROOT\\UMB\\2&amp;37C186B&amp;0&amp;STORAGE#VOLUME#_??_USBSTOR#DISK&amp;VEN_GENERIC&amp;PROD_STORAGE_DEVICE&amp;REV_9344#0301936251&amp;3#\" lifetime=\"{60ca36db-b330-4b96-af92-9e89c46c5a29}\" xmlns:auto-ns2=\"http://schemas.microsoft.com/win/2004/08/events\" xmlns=\"http://www.microsoft.com/DriverFrameworks/UserMode/Event\"><Request major=\"27\" minor=\"20\"><Argument>0x0000000000000000</Argument>\n<Argument>0x0000000000000000</Argument>\n<Argument>0x0000000000000000</Argument>\n<Argument>0x0000000000000000</Argument>\n</Request>\n<Status>0</Status>\n</UMDFHostDeviceRequest>\n</UserData>\n</Event>\n"
  },
  {
    "EventID": 2101,
    "Timestamp": "2014-02-11 14:42:27.330549+00:00",
    "Computer": "IACIS-HDD-2014",
    "Channel": "Microsoft-Windows-DriverFrameworks-UserMode/Operational",
    "Level": "Information",
    "EventData": {},
    "RawXml": "<Event xmlns=\"http://schemas.microsoft.com/win/2004/08/events/event\"><System><Provider Name=\"Microsoft-Windows-DriverFrameworks-UserMode\" Guid=\"{2e35aaeb-857f-4beb-a418-2e6c0e54d988}\"></Provider>\n<EventID Qualifiers=\"\">2101</EventID>\n<Version>1</Version>\n<Level>4</Level>\n<Task>37</Task>\n<Opcode>2</Opcode>\n<Keywords>0x8000000000000000</Keywords>\n<TimeCreated SystemTime=\"2014-02-11 14:42:27.330549+00:00\"></TimeCreated>\n<EventRecordID>373</EventRecordID>\n<Correlation ActivityID=\"\" RelatedActivityID=\"\"></Correlation>\n<Execution ProcessID=\"484\" ThreadID=\"2392\"></Execution>\n<Channel>Microsoft-Windows-DriverFrameworks-UserMode/Operational</Channel>\n<Computer>IACIS-HDD-2014</Computer>\n<Security UserID=\"S-1-5-19\"></Security>\n</System>\n<UserData><UMDFHostDeviceRequest instance=\"WPDBUSENUMROOT\\UMB\\2&amp;37C186B&amp;0&amp;STORAGE#VOLUME#_??_USBSTOR#DISK&amp;VEN_GENERIC&amp;PROD_STORAGE_DEVICE&amp;REV_9344#0301936251&amp;3#\" lifetime=\"{60ca36db-b330-4b96-af92-9e89c46c5a29}\" xmlns:auto-ns2=\"http://schemas.microsoft.com/win/2004/08/events\" xmlns=\"http://www.microsoft.com/DriverFrameworks/UserMode/Event\"><Request major=\"27\" minor=\"20\"><Argument>0x0000000000000000</Argument>\n<Argument>0x000000000000141b</Argument>\n<Argument>0x0000000000000000</Argument>\n<Argument>0x0000000000000000</Argument>\n</Request>\n<Status>0</Status>\n</UMDFHostDeviceRequest>\n</UserData>\n</Event>\n"
  },
  {
    "EventID": 2100,
    "Timestamp": "2014-02-11 14:43:18.670238+00:00",
    "Computer": "IACIS-HDD-2014",
    "Channel": "Microsoft-Windows-DriverFrameworks-UserMode/Operational",
    "Level": "Information",
    "EventData": {},
    "RawXml": "<Event xmlns=\"http://schemas.microsoft.com/win/2004/08/events/event\"><System><Provider Name=\"Microsoft-Windows-DriverFrameworks-UserMode\" Guid=\"{2e35aaeb-857f-4beb-a418-2e6c0e54d988}\"></Provider>\n<EventID Qualifiers=\"\">2100</EventID>\n<Version>1</Version>\n<Level>4</Level>\n<Task>37</Task>\n<Opcode>1</Opcode>\n<Keywords>0x8000000000000000</Keywords>\n<TimeCreated SystemTime=\"2014-02-11 14:43:18.670238+00:00\"></TimeCreated>\n<EventRecordID>374</EventRecordID>\n<Correlation ActivityID=\"\" RelatedActivityID=\"\"></Correlation>\n<Execution ProcessID=\"484\" ThreadID=\"2392\"></Execution>\n<Channel>Microsoft-Windows-DriverFrameworks-UserMode/Operational</Channel>\n<Computer>IACIS-HDD-2014</Computer>\n<Security UserID=\"S-1-5-19\"></Security>\n</System>\n<UserData><UMDFHostDeviceRequest instance=\"WPDBUSENUMROOT\\UMB\\2&amp;37C186B&amp;0&amp;STORAGE#VOLUME#_??_USBSTOR#DISK&amp;VEN_GENERIC&amp;PROD_STORAGE_DEVICE&amp;REV_9344#0301936251&amp;0#\" lifetime=\"{60ca36db-b330-4b96-af92-9e89c46c5a29}\" xmlns:auto-ns2=\"http://schemas.microsoft.com/win/2004/08/events\" xmlns=\"http://www.microsoft.com/DriverFrameworks/UserMode/Event\"><Request major=\"27\" minor=\"23\"><Argument>0x0000000000000000</Argument>\n<Argument>0x0000000000000000</Argument>\n<Argument>0x0000000000000000</Argument>\n<Argument>0x0000000000000000</Argument>\n</Request>\n<Status>3221225659</Status>\n</UMDFHostDeviceRequest>\n</UserData>\n</Event>\n"
  },
  {
    "EventID": 2102,
    "Timestamp": "2014-02-11 14:43:18.670238+00:00",
    "Computer": "IACIS-HDD-2014",
    "Channel": "Microsoft-Windows-DriverFrameworks-UserMode/Operational",
    "Level": "Information",
    "EventData": {},
    "RawXml": "<Event xmlns=\"http://schemas.microsoft.com/win/2004/08/events/event\"><System><Provider Name=\"Microsoft-Windows-DriverFrameworks-UserMode\" Guid=\"{2e35aaeb-857f-4beb-a418-2e6c0e54d988}\"></Provider>\n<EventID Qualifiers=\"\">2102</EventID>\n<Version>1</Version>\n<Level>4</Level>\n<Task>37</Task>\n<Opcode>2</Opcode>\n<Keywords>0x8000000000000000</Keywords>\n<TimeCreated SystemTime=\"2014-02-11 14:43:18.670238+00:00\"></TimeCreated>\n<EventRecordID>375</EventRecordID>\n<Correlation ActivityID=\"\" RelatedActivityID=\"\"></Correlation>\n<Execution ProcessID=\"484\" ThreadID=\"2392\"></Execution>\n<Channel>Microsoft-Windows-DriverFrameworks-UserMode/Operational</Channel>\n<Computer>IACIS-HDD-2014</Computer>\n<Security UserID=\"S-1-5-19\"></Security>\n</System>\n<UserData><UMDFHostDeviceRequest instance=\"WPDBUSENUMROOT\\UMB\\2&amp;37C186B&amp;0&amp;STORAGE#VOLUME#_??_USBSTOR#DISK&amp;VEN_GENERIC&amp;PROD_STORAGE_DEVICE&amp;REV_9344#0301936251&amp;0#\" lifetime=\"{60ca36db-b330-4b96-af92-9e89c46c5a29}\" xmlns:auto-ns2=\"http://schemas.microsoft.com/win/2004/08/events\" xmlns=\"http://www.microsoft.com/DriverFrameworks/UserMode/Event\"><Request major=\"27\" minor=\"23\"><Argument>0x0000000000000000</Argument>\n<Argument>0x0000000000000000</Argument>\n<Argument>0x0000000000000000</Argument>\n<Argument>0x0000000000000000</Argument>\n</Request>\n<Status>3221225659</Status>\n</UMDFHostDeviceRequest>\n</UserData>\n</Event>\n"
  },
  {
    "EventID": 2100,
    "Timestamp": "2014-02-11 14:43:18.760239+00:00",
    "Computer": "IACIS-HDD-2014",
    "Channel": "Microsoft-Windows-DriverFrameworks-UserMode/Operational",
    "Level": "Information",
    "EventData": {},
    "RawXml": "<Event xmlns=\"http://schemas.microsoft.com/win/2004/08/events/event\"><System><Provider Name=\"Microsoft-Windows-DriverFrameworks-UserMode\" Guid=\"{2e35aaeb-857f-4beb-a418-2e6c0e54d988}\"></Provider>\n<EventID Qualifiers=\"\">2100</EventID>\n<Version>1</Version>\n<Level>4</Level>\n<Task>37</Task>\n<Opcode>1</Opcode>\n<Keywords>0x8000000000000000</Keywords>\n<TimeCreated SystemTime=\"2014-02-11 14:43:18.760239+00:00\"></TimeCreated>\n<EventRecordID>376</EventRecordID>\n<Correlation ActivityID=\"\" RelatedActivityID=\"\"></Correlation>\n<Execution ProcessID=\"484\" ThreadID=\"2392\"></Execution>\n<Channel>Microsoft-Windows-DriverFrameworks-UserMode/Operational</Channel>\n<Computer>IACIS-HDD-2014</Computer>\n<Security UserID=\"S-1-5-19\"></Security>\n</System>\n<UserData><UMDFHostDeviceRequest instance=\"WPDBUSENUMROOT\\UMB\\2&amp;37C186B&amp;0&amp;STORAGE#VOLUME#_??_USBSTOR#DISK&amp;VEN_GENERIC&amp;PROD_STORAGE_DEVICE&amp;REV_9344#0301936251&amp;0#\" lifetime=\"{60ca36db-b330-4b96-af92-9e89c46c5a29}\" xmlns:auto-ns2=\"http://schemas.microsoft.com/win/2004/08/events\" xmlns=\"http://www.microsoft.com/DriverFrameworks/UserMode/Event\"><Request major=\"27\" minor=\"2\"><Argument>0x0000000000000000</Argument>\n<Argument>0x0000000000000000</Argument>\n<Argument>0x0000000000000000</Argument>\n<Argument>0x0000000000000000</Argument>\n</Request>\n<Status>3221225659</Status>\n</UMDFHostDeviceRequest>\n</UserData>\n</Event>\n"
  },
  {
    "EventID": 2102,
    "Timestamp": "2014-02-11 14:43:18.760239+00:00",
    "Computer": "IACIS-HDD-2014",
    "Channel": "Microsoft-Windows-DriverFrameworks-UserMode/Operational",
    "Level": "Information",
    "EventData": {},
    "RawXml": "<Event xmlns=\"http://schemas.microsoft.com/win/2004/08/events/event\"><System><Provider Name=\"Microsoft-Windows-DriverFrameworks-UserMode\" Guid=\"{2e35aaeb-857f-4beb-a418-2e6c0e54d988}\"></Provider>\n<EventID Qualifiers=\"\">2102</EventID>\n<Version>1</Version>\n<Level>4</Level>\n<Task>37</Task>\n<Opcode>2</Opcode>\n<Keywords>0x8000000000000000</Keywords>\n<TimeCreated SystemTime=\"2014-02-11 14:43:18.760239+00:00\"></TimeCreated>\n<EventRecordID>377</EventRecordID>\n<Correlation ActivityID=\"\" RelatedActivityID=\"\"></Correlation>\n<Execution ProcessID=\"484\" ThreadID=\"2392\"></Execution>\n<Channel>Microsoft-Windows-DriverFrameworks-UserMode/Operational</Channel>\n<Computer>IACIS-HDD-2014</Computer>\n<Security UserID=\"S-1-5-19\"></Security>\n</System>\n<UserData><UMDFHostDeviceRequest instance=\"WPDBUSENUMROOT\\UMB\\2&amp;37C186B&amp;0&amp;STORAGE#VOLUME#_??_USBSTOR#DISK&amp;VEN_GENERIC&amp;PROD_STORAGE_DEVICE&amp;REV_9344#0301936251&amp;0#\" lifetime=\"{60ca36db-b330-4b96-af92-9e89c46c5a29}\" xmlns:auto-ns2=\"http://schemas.microsoft.com/win/2004/08/events\" xmlns=\"http://www.microsoft.com/DriverFrameworks/UserMode/Event\"><Request major=\"27\" minor=\"2\"><Argument>0x0000000000000000</Argument>\n<Argument>0x0000000000000000</Argument>\n<Argument>0x0000000000000000</Argument>\n<Argument>0x0000000000000000</Argument>\n</Request>\n<Status>3221225659</Status>\n</UMDFHostDeviceRequest>\n</UserData>\n</Event>\n"
  },
  {
    "EventID": 2100,
    "Timestamp": "2014-02-11 14:43:18.790239+00:00",
    "Computer": "IACIS-HDD-2014",
    "Channel": "Microsoft-Windows-DriverFrameworks-UserMode/Operational",
    "Level": "Information",
    "EventData": {},
    "RawXml": "<Event xmlns=\"http://schemas.microsoft.com/win/2004/08/events/event\"><System><Provider Name=\"Microsoft-Windows-DriverFrameworks-UserMode\" Guid=\"{2e35aaeb-857f-4beb-a418-2e6c0e54d988}\"></Provider>\n<EventID Qualifiers=\"\">2100</EventID>\n<Version>1</Version>\n<Level>4</Level>\n<Task>37</Task>\n<Opcode>1</Opcode>\n<Keywords>0x8000000000000000</Keywords>\n<TimeCreated SystemTime=\"2014-02-11 14:43:18.790239+00:00\"></TimeCreated>\n<EventRecordID>378</EventRecordID>\n<Correlation ActivityID=\"\" RelatedActivityID=\"\"></Correlation>\n<Execution ProcessID=\"484\" ThreadID=\"2392\"></Execution>\n<Channel>Microsoft-Windows-DriverFrameworks-UserMode/Operational</Channel>\n<Computer>IACIS-HDD-2014</Computer>\n<Security UserID=\"S-1-5-19\"></Security>\n</System>\n<UserData><UMDFHostDeviceRequest instance=\"WPDBUSENUMROOT\\UMB\\2&amp;37C186B&amp;0&amp;STORAGE#VOLUME#_??_USBSTOR#DISK&amp;VEN_GENERIC&amp;PROD_STORAGE_DEVICE&amp;REV_9344#0301936251&amp;1#\" lifetime=\"{60ca36db-b330-4b96-af92-9e89c46c5a29}\" xmlns:auto-ns2=\"http://schemas.microsoft.com/win/2004/08/events\" xmlns=\"http://www.microsoft.com/DriverFrameworks/UserMode/Event\"><Request major=\"27\" minor=\"23\"><Argument>0x0000000000000000</Argument>\n<Argument>0x0000000000000000</Argument>\n<Argument>0x0000000000000000</Argument>\n<Argument>0x0000000000000000</Argument>\n</Request>\n<Status>3221225659</Status>\n</UMDFHostDeviceRequest>\n</UserData>\n</Event>\n"
  },
  {
    "EventID": 2102,
    "Timestamp": "2014-02-11 14:43:18.790239+00:00",
    "Computer": "IACIS-HDD-2014",
    "Channel": "Microsoft-Windows-DriverFrameworks-UserMode/Operational",
    "Level": "Information",
    "EventData": {},
    "RawXml": "<Event xmlns=\"http://schemas.microsoft.com/win/2004/08/events/event\"><System><Provider Name=\"Microsoft-Windows-DriverFrameworks-UserMode\" Guid=\"{2e35aaeb-857f-4beb-a418-2e6c0e54d988}\"></Provider>\n<EventID Qualifiers=\"\">2102</EventID>\n<Version>1</Version>\n<Level>4</Level>\n<Task>37</Task>\n<Opcode>2</Opcode>\n<Keywords>0x8000000000000000</Keywords>\n<TimeCreated SystemTime=\"2014-02-11 14:43:18.790239+00:00\"></TimeCreated>\n<EventRecordID>379</EventRecordID>\n<Correlation ActivityID=\"\" RelatedActivityID=\"\"></Correlation>\n<Execution ProcessID=\"484\" ThreadID=\"2392\"></Execution>\n<Channel>Microsoft-Windows-DriverFrameworks-UserMode/Operational</Channel>\n<Computer>IACIS-HDD-2014</Computer>\n<Security UserID=\"S-1-5-19\"></Security>\n</System>\n<UserData><UMDFHostDeviceRequest instance=\"WPDBUSENUMROOT\\UMB\\2&amp;37C186B&amp;0&amp;STORAGE#VOLUME#_??_USBSTOR#DISK&amp;VEN_GENERIC&amp;PROD_STORAGE_DEVICE&amp;REV_9344#0301936251&amp;1#\" lifetime=\"{60ca36db-b330-4b96-af92-9e89c46c5a29}\" xmlns:auto-ns2=\"http://schemas.microsoft.com/win/2004/08/events\" xmlns=\"http://www.microsoft.com/DriverFrameworks/UserMode/Event\"><Request major=\"27\" minor=\"23\"><Argument>0x0000000000000000</Argument>\n<Argument>0x0000000000000000</Argument>\n<Argument>0x0000000000000000</Argument>\n<Argument>0x0000000000000000</Argument>\n</Request>\n<Status>3221225659</Status>\n</UMDFHostDeviceRequest>\n</UserData>\n</Event>\n"
  },
  {
    "EventID": 2100,
    "Timestamp": "2014-02-11 14:43:18.790239+00:00",
    "Computer": "IACIS-HDD-2014",
    "Channel": "Microsoft-Windows-DriverFrameworks-UserMode/Operational",
    "Level": "Information",
    "EventData": {},
    "RawXml": "<Event xmlns=\"http://schemas.microsoft.com/win/2004/08/events/event\"><System><Provider Name=\"Microsoft-Windows-DriverFrameworks-UserMode\" Guid=\"{2e35aaeb-857f-4beb-a418-2e6c0e54d988}\"></Provider>\n<EventID Qualifiers=\"\">2100</EventID>\n<Version>1</Version>\n<Level>4</Level>\n<Task>37</Task>\n<Opcode>1</Opcode>\n<Keywords>0x8000000000000000</Keywords>\n<TimeCreated SystemTime=\"2014-02-11 14:43:18.790239+00:00\"></TimeCreated>\n<EventRecordID>380</EventRecordID>\n<Correlation ActivityID=\"\" RelatedActivityID=\"\"></Correlation>\n<Execution ProcessID=\"484\" ThreadID=\"2392\"></Execution>\n<Channel>Microsoft-Windows-DriverFrameworks-UserMode/Operational</Channel>\n<Computer>IACIS-HDD-2014</Computer>\n<Security UserID=\"S-1-5-19\"></Security>\n</System>\n<UserData><UMDFHostDeviceRequest instance=\"WPDBUSENUMROOT\\UMB\\2&amp;37C186B&amp;0&amp;STORAGE#VOLUME#_??_USBSTOR#DISK&amp;VEN_GENERIC&amp;PROD_STORAGE_DEVICE&amp;REV_9344#0301936251&amp;1#\" lifetime=\"{60ca36db-b330-4b96-af92-9e89c46c5a29}\" xmlns:auto-ns2=\"http://schemas.microsoft.com/win/2004/08/events\" xmlns=\"http://www.microsoft.com/DriverFrameworks/UserMode/Event\"><Request major=\"27\" minor=\"2\"><Argument>0x0000000000000000</Argument>\n<Argument>0x0000000000000000</Argument>\n<Argument>0x0000000000000000</Argument>\n<Argument>0x0000000000000000</Argument>\n</Request>\n<Status>3221225659</Status>\n</UMDFHostDeviceRequest>\n</UserData>\n</Event>\n"
  },
  {
    "EventID": 2102,
    "Timestamp": "2014-02-11 14:43:18.790239+00:00",
    "Computer": "IACIS-HDD-2014",
    "Channel": "Microsoft-Windows-DriverFrameworks-UserMode/Operational",
    "Level": "Information",
    "EventData": {},
    "RawXml": "<Event xmlns=\"http://schemas.microsoft.com/win/2004/08/events/event\"><System><Provider Name=\"Microsoft-Windows-DriverFrameworks-UserMode\" Guid=\"{2e35aaeb-857f-4beb-a418-2e6c0e54d988}\"></Provider>\n<EventID Qualifiers=\"\">2102</EventID>\n<Version>1</Version>\n<Level>4</Level>\n<Task>37</Task>\n<Opcode>2</Opcode>\n<Keywords>0x8000000000000000</Keywords>\n<TimeCreated SystemTime=\"2014-02-11 14:43:18.790239+00:00\"></TimeCreated>\n<EventRecordID>381</EventRecordID>\n<Correlation ActivityID=\"\" RelatedActivityID=\"\"></Correlation>\n<Execution ProcessID=\"484\" ThreadID=\"2392\"></Execution>\n<Channel>Microsoft-Windows-DriverFrameworks-UserMode/Operational</Channel>\n<Computer>IACIS-HDD-2014</Computer>\n<Security UserID=\"S-1-5-19\"></Security>\n</System>\n<UserData><UMDFHostDeviceRequest instance=\"WPDBUSENUMROOT\\UMB\\2&amp;37C186B&amp;0&amp;STORAGE#VOLUME#_??_USBSTOR#DISK&amp;VEN_GENERIC&amp;PROD_STORAGE_DEVICE&amp;REV_9344#0301936251&amp;1#\" lifetime=\"{60ca36db-b330-4b96-af92-9e89c46c5a29}\" xmlns:auto-ns2=\"http://schemas.microsoft.com/win/2004/08/events\" xmlns=\"http://www.microsoft.com/DriverFrameworks/UserMode/Event\"><Request major=\"27\" minor=\"2\"><Argument>0x0000000000000000</Argument>\n<Argument>0x0000000000000000</Argument>\n<Argument>0x0000000000000000</Argument>\n<Argument>0x0000000000000000</Argument>\n</Request>\n<Status>3221225659</Status>\n</UMDFHostDeviceRequest>\n</UserData>\n</Event>\n"
  },
  {
    "EventID": 2100,
    "Timestamp": "2014-02-11 14:43:18.852243+00:00",
    "Computer": "IACIS-HDD-2014",
    "Channel": "Microsoft-Windows-DriverFrameworks-UserMode/Operational",
    "Level": "Information",
    "EventData": {},
    "RawXml": "<Event xmlns=\"http://schemas.microsoft.com/win/2004/08/events/event\"><System><Provider Name=\"Microsoft-Windows-DriverFrameworks-UserMode\" Guid=\"{2e35aaeb-857f-4beb-a418-2e6c0e54d988}\"></Provider>\n<EventID Qualifiers=\"\">2100</EventID>\n<Version>1</Version>\n<Level>4</Level>\n<Task>37</Task>\n<Opcode>1</Opcode>\n<Keywords>0x8000000000000000</Keywords>\n<TimeCreated SystemTime=\"2014-02-11 14:43:18.852243+00:00\"></TimeCreated>\n<EventRecordID>382</EventRecordID>\n<Correlation ActivityID=\"\" RelatedActivityID=\"\"></Correlation>\n<Execution ProcessID=\"484\" ThreadID=\"2392\"></Execution>\n<Channel>Microsoft-Windows-DriverFrameworks-UserMode/Operational</Channel>\n<Computer>IACIS-HDD-2014</Computer>\n<Security UserID=\"S-1-5-19\"></Security>\n</System>\n<UserData><UMDFHostDeviceRequest instance=\"WPDBUSENUMROOT\\UMB\\2&amp;37C186B&amp;0&amp;STORAGE#VOLUME#_??_USBSTOR#DISK&amp;VEN_GENERIC&amp;PROD_STORAGE_DEVICE&amp;REV_9344#0301936251&amp;2#\" lifetime=\"{60ca36db-b330-4b96-af92-9e89c46c5a29}\" xmlns:auto-ns2=\"http://schemas.microsoft.com/win/2004/08/events\" xmlns=\"http://www.microsoft.com/DriverFrameworks/UserMode/Event\"><Request major=\"27\" minor=\"23\"><Argument>0x0000000000000000</Argument>\n<Argument>0x0000000000000000</Argument>\n<Argument>0x0000000000000000</Argument>\n<Argument>0x0000000000000000</Argument>\n</Request>\n<Status>3221225659</Status>\n</UMDFHostDeviceRequest>\n</UserData>\n</Event>\n"
  },
  {
    "EventID": 2102,
    "Timestamp": "2014-02-11 14:43:18.853243+00:00",
    "Computer": "IACIS-HDD-2014",
    "Channel": "Microsoft-Windows-DriverFrameworks-UserMode/Operational",
    "Level": "Information",
    "EventData": {},
    "RawXml": "<Event xmlns=\"http://schemas.microsoft.com/win/2004/08/events/event\"><System><Provider Name=\"Microsoft-Windows-DriverFrameworks-UserMode\" Guid=\"{2e35aaeb-857f-4beb-a418-2e6c0e54d988}\"></Provider>\n<EventID Qualifiers=\"\">2102</EventID>\n<Version>1</Version>\n<Level>4</Level>\n<Task>37</Task>\n<Opcode>2</Opcode>\n<Keywords>0x8000000000000000</Keywords>\n<TimeCreated SystemTime=\"2014-02-11 14:43:18.853243+00:00\"></TimeCreated>\n<EventRecordID>383</EventRecordID>\n<Correlation ActivityID=\"\" RelatedActivityID=\"\"></Correlation>\n<Execution ProcessID=\"484\" ThreadID=\"2392\"></Execution>\n<Channel>Microsoft-Windows-DriverFrameworks-UserMode/Operational</Channel>\n<Computer>IACIS-HDD-2014</Computer>\n<Security UserID=\"S-1-5-19\"></Security>\n</System>\n<UserData><UMDFHostDeviceRequest instance=\"WPDBUSENUMROOT\\UMB\\2&amp;37C186B&amp;0&amp;STORAGE#VOLUME#_??_USBSTOR#DISK&amp;VEN_GENERIC&amp;PROD_STORAGE_DEVICE&amp;REV_9344#0301936251&amp;2#\" lifetime=\"{60ca36db-b330-4b96-af92-9e89c46c5a29}\" xmlns:auto-ns2=\"http://schemas.microsoft.com/win/2004/08/events\" xmlns=\"http://www.microsoft.com/DriverFrameworks/UserMode/Event\"><Request major=\"27\" minor=\"23\"><Argument>0x0000000000000000</Argument>\n<Argument>0x0000000000000000</Argument>\n<Argument>0x0000000000000000</Argument>\n<Argument>0x0000000000000000</Argument>\n</Request>\n<Status>3221225659</Status>\n</UMDFHostDeviceRequest>\n</UserData>\n</Event>\n"
  },
  {
    "EventID": 2100,
    "Timestamp": "2014-02-11 14:43:18.857243+00:00",
    "Computer": "IACIS-HDD-2014",
    "Channel": "Microsoft-Windows-DriverFrameworks-UserMode/Operational",
    "Level": "Information",
    "EventData": {},
    "RawXml": "<Event xmlns=\"http://schemas.microsoft.com/win/2004/08/events/event\"><System><Provider Name=\"Microsoft-Windows-DriverFrameworks-UserMode\" Guid=\"{2e35aaeb-857f-4beb-a418-2e6c0e54d988}\"></Provider>\n<EventID Qualifiers=\"\">2100</EventID>\n<Version>1</Version>\n<Level>4</Level>\n<Task>37</Task>\n<Opcode>1</Opcode>\n<Keywords>0x8000000000000000</Keywords>\n<TimeCreated SystemTime=\"2014-02-11 14:43:18.857243+00:00\"></TimeCreated>\n<EventRecordID>384</EventRecordID>\n<Correlation ActivityID=\"\" RelatedActivityID=\"\"></Correlation>\n<Execution ProcessID=\"484\" ThreadID=\"2392\"></Execution>\n<Channel>Microsoft-Windows-DriverFrameworks-UserMode/Operational</Channel>\n<Computer>IACIS-HDD-2014</Computer>\n<Security UserID=\"S-1-5-19\"></Security>\n</System>\n<UserData><UMDFHostDeviceRequest instance=\"WPDBUSENUMROOT\\UMB\\2&amp;37C186B&amp;0&amp;STORAGE#VOLUME#_??_USBSTOR#DISK&amp;VEN_GENERIC&amp;PROD_STORAGE_DEVICE&amp;REV_9344#0301936251&amp;2#\" lifetime=\"{60ca36db-b330-4b96-af92-9e89c46c5a29}\" xmlns:auto-ns2=\"http://schemas.microsoft.com/win/2004/08/events\" xmlns=\"http://www.microsoft.com/DriverFrameworks/UserMode/Event\"><Request major=\"27\" minor=\"2\"><Argument>0x0000000000000000</Argument>\n<Argument>0x0000000000000000</Argument>\n<Argument>0x0000000000000000</Argument>\n<Argument>0x0000000000000000</Argument>\n</Request>\n<Status>3221225659</Status>\n</UMDFHostDeviceRequest>\n</UserData>\n</Event>\n"
  },
  {
    "EventID": 2102,
    "Timestamp": "2014-02-11 14:43:18.858242+00:00",
    "Computer": "IACIS-HDD-2014",
    "Channel": "Microsoft-Windows-DriverFrameworks-UserMode/Operational",
    "Level": "Information",
    "EventData": {},
    "RawXml": "<Event xmlns=\"http://schemas.microsoft.com/win/2004/08/events/event\"><System><Provider Name=\"Microsoft-Windows-DriverFrameworks-UserMode\" Guid=\"{2e35aaeb-857f-4beb-a418-2e6c0e54d988}\"></Provider>\n<EventID Qualifiers=\"\">2102</EventID>\n<Version>1</Version>\n<Level>4</Level>\n<Task>37</Task>\n<Opcode>2</Opcode>\n<Keywords>0x8000000000000000</Keywords>\n<TimeCreated SystemTime=\"2014-02-11 14:43:18.858242+00:00\"></TimeCreated>\n<EventRecordID>385</EventRecordID>\n<Correlation ActivityID=\"\" RelatedActivityID=\"\"></Correlation>\n<Execution ProcessID=\"484\" ThreadID=\"2392\"></Execution>\n<Channel>Microsoft-Windows-DriverFrameworks-UserMode/Operational</Channel>\n<Computer>IACIS-HDD-2014</Computer>\n<Security UserID=\"S-1-5-19\"></Security>\n</System>\n<UserData><UMDFHostDeviceRequest instance=\"WPDBUSENUMROOT\\UMB\\2&amp;37C186B&amp;0&amp;STORAGE#VOLUME#_??_USBSTOR#DISK&amp;VEN_GENERIC&amp;PROD_STORAGE_DEVICE&amp;REV_9344#0301936251&amp;2#\" lifetime=\"{60ca36db-b330-4b96-af92-9e89c46c5a29}\" xmlns:auto-ns2=\"http://schemas.microsoft.com/win/2004/08/events\" xmlns=\"http://www.microsoft.com/DriverFrameworks/UserMode/Event\"><Request major=\"27\" minor=\"2\"><Argument>0x0000000000000000</Argument>\n<Argument>0x0000000000000000</Argument>\n<Argument>0x0000000000000000</Argument>\n<Argument>0x0000000000000000</Argument>\n</Request>\n<Status>3221225659</Status>\n</UMDFHostDeviceRequest>\n</UserData>\n</Event>\n"
  },
  {
    "EventID": 2100,
    "Timestamp": "2014-02-11 14:43:18.902246+00:00",
    "Computer": "IACIS-HDD-2014",
    "Channel": "Microsoft-Windows-DriverFrameworks-UserMode/Operational",
    "Level": "Information",
    "EventData": {},
    "RawXml": "<Event xmlns=\"http://schemas.microsoft.com/win/2004/08/events/event\"><System><Provider Name=\"Microsoft-Windows-DriverFrameworks-UserMode\" Guid=\"{2e35aaeb-857f-4beb-a418-2e6c0e54d988}\"></Provider>\n<EventID Qualifiers=\"\">2100</EventID>\n<Version>1</Version>\n<Level>4</Level>\n<Task>37</Task>\n<Opcode>1</Opcode>\n<Keywords>0x8000000000000000</Keywords>\n<TimeCreated SystemTime=\"2014-02-11 14:43:18.902246+00:00\"></TimeCreated>\n<EventRecordID>386</EventRecordID>\n<Correlation ActivityID=\"\" RelatedActivityID=\"\"></Correlation>\n<Execution ProcessID=\"484\" ThreadID=\"2392\"></Execution>\n<Channel>Microsoft-Windows-DriverFrameworks-UserMode/Operational</Channel>\n<Computer>IACIS-HDD-2014</Computer>\n<Security UserID=\"S-1-5-19\"></Security>\n</System>\n<UserData><UMDFHostDeviceRequest instance=\"WPDBUSENUMROOT\\UMB\\2&amp;37C186B&amp;0&amp;STORAGE#VOLUME#_??_USBSTOR#DISK&amp;VEN_GENERIC&amp;PROD_STORAGE_DEVICE&amp;REV_9344#0301936251&amp;3#\" lifetime=\"{60ca36db-b330-4b96-af92-9e89c46c5a29}\" xmlns:auto-ns2=\"http://schemas.microsoft.com/win/2004/08/events\" xmlns=\"http://www.microsoft.com/DriverFrameworks/UserMode/Event\"><Request major=\"27\" minor=\"23\"><Argument>0x0000000000000000</Argument>\n<Argument>0x0000000000000000</Argument>\n<Argument>0x0000000000000000</Argument>\n<Argument>0x0000000000000000</Argument>\n</Request>\n<Status>3221225659</Status>\n</UMDFHostDeviceRequest>\n</UserData>\n</Event>\n"
  },
  {
    "EventID": 2102,
    "Timestamp": "2014-02-11 14:43:18.902246+00:00",
    "Computer": "IACIS-HDD-2014",
    "Channel": "Microsoft-Windows-DriverFrameworks-UserMode/Operational",
    "Level": "Information",
    "EventData": {},
    "RawXml": "<Event xmlns=\"http://schemas.microsoft.com/win/2004/08/events/event\"><System><Provider Name=\"Microsoft-Windows-DriverFrameworks-UserMode\" Guid=\"{2e35aaeb-857f-4beb-a418-2e6c0e54d988}\"></Provider>\n<EventID Qualifiers=\"\">2102</EventID>\n<Version>1</Version>\n<Level>4</Level>\n<Task>37</Task>\n<Opcode>2</Opcode>\n<Keywords>0x8000000000000000</Keywords>\n<TimeCreated SystemTime=\"2014-02-11 14:43:18.902246+00:00\"></TimeCreated>\n<EventRecordID>387</EventRecordID>\n<Correlation ActivityID=\"\" RelatedActivityID=\"\"></Correlation>\n<Execution ProcessID=\"484\" ThreadID=\"2392\"></Execution>\n<Channel>Microsoft-Windows-DriverFrameworks-UserMode/Operational</Channel>\n<Computer>IACIS-HDD-2014</Computer>\n<Security UserID=\"S-1-5-19\"></Security>\n</System>\n<UserData><UMDFHostDeviceRequest instance=\"WPDBUSENUMROOT\\UMB\\2&amp;37C186B&amp;0&amp;STORAGE#VOLUME#_??_USBSTOR#DISK&amp;VEN_GENERIC&amp;PROD_STORAGE_DEVICE&amp;REV_9344#0301936251&amp;3#\" lifetime=\"{60ca36db-b330-4b96-af92-9e89c46c5a29}\" xmlns:auto-ns2=\"http://schemas.microsoft.com/win/2004/08/events\" xmlns=\"http://www.microsoft.com/DriverFrameworks/UserMode/Event\"><Request major=\"27\" minor=\"23\"><Argument>0x0000000000000000</Argument>\n<Argument>0x0000000000000000</Argument>\n<Argument>0x0000000000000000</Argument>\n<Argument>0x0000000000000000</Argument>\n</Request>\n<Status>3221225659</Status>\n</UMDFHostDeviceRequest>\n</UserData>\n</Event>\n"
  },
  {
    "EventID": 2100,
    "Timestamp": "2014-02-11 14:43:18.902246+00:00",
    "Computer": "IACIS-HDD-2014",
    "Channel": "Microsoft-Windows-DriverFrameworks-UserMode/Operational",
    "Level": "Information",
    "EventData": {},
    "RawXml": "<Event xmlns=\"http://schemas.microsoft.com/win/2004/08/events/event\"><System><Provider Name=\"Microsoft-Windows-DriverFrameworks-UserMode\" Guid=\"{2e35aaeb-857f-4beb-a418-2e6c0e54d988}\"></Provider>\n<EventID Qualifiers=\"\">2100</EventID>\n<Version>1</Version>\n<Level>4</Level>\n<Task>37</Task>\n<Opcode>1</Opcode>\n<Keywords>0x8000000000000000</Keywords>\n<TimeCreated SystemTime=\"2014-02-11 14:43:18.902246+00:00\"></TimeCreated>\n<EventRecordID>388</EventRecordID>\n<Correlation ActivityID=\"\" RelatedActivityID=\"\"></Correlation>\n<Execution ProcessID=\"484\" ThreadID=\"2392\"></Execution>\n<Channel>Microsoft-Windows-DriverFrameworks-UserMode/Operational</Channel>\n<Computer>IACIS-HDD-2014</Computer>\n<Security UserID=\"S-1-5-19\"></Security>\n</System>\n<UserData><UMDFHostDeviceRequest instance=\"WPDBUSENUMROOT\\UMB\\2&amp;37C186B&amp;0&amp;STORAGE#VOLUME#_??_USBSTOR#DISK&amp;VEN_GENERIC&amp;PROD_STORAGE_DEVICE&amp;REV_9344#0301936251&amp;3#\" lifetime=\"{60ca36db-b330-4b96-af92-9e89c46c5a29}\" xmlns:auto-ns2=\"http://schemas.microsoft.com/win/2004/08/events\" xmlns=\"http://www.microsoft.com/DriverFrameworks/UserMode/Event\"><Request major=\"27\" minor=\"2\"><Argument>0x0000000000000000</Argument>\n<Argument>0x0000000000000000</Argument>\n<Argument>0x0000000000000000</Argument>\n<Argument>0x0000000000000000</Argument>\n</Request>\n<Status>3221225659</Status>\n</UMDFHostDeviceRequest>\n</UserData>\n</Event>\n"
  },
  {
    "EventID": 2102,
    "Timestamp": "2014-02-11 14:43:18.902246+00:00",
    "Computer": "IACIS-HDD-2014",
    "Channel": "Microsoft-Windows-DriverFrameworks-UserMode/Operational",
    "Level": "Information",
    "EventData": {},
    "RawXml": "<Event xmlns=\"http://schemas.microsoft.com/win/2004/08/events/event\"><System><Provider Name=\"Microsoft-Windows-DriverFrameworks-UserMode\" Guid=\"{2e35aaeb-857f-4beb-a418-2e6c0e54d988}\"></Provider>\n<EventID Qualifiers=\"\">2102</EventID>\n<Version>1</Version>\n<Level>4</Level>\n<Task>37</Task>\n<Opcode>2</Opcode>\n<Keywords>0x8000000000000000</Keywords>\n<TimeCreated SystemTime=\"2014-02-11 14:43:18.902246+00:00\"></TimeCreated>\n<EventRecordID>389</EventRecordID>\n<Correlation ActivityID=\"\" RelatedActivityID=\"\"></Correlation>\n<Execution ProcessID=\"484\" ThreadID=\"2392\"></Execution>\n<Channel>Microsoft-Windows-DriverFrameworks-UserMode/Operational</Channel>\n<Computer>IACIS-HDD-2014</Computer>\n<Security UserID=\"S-1-5-19\"></Security>\n</System>\n<UserData><UMDFHostDeviceRequest instance=\"WPDBUSENUMROOT\\UMB\\2&amp;37C186B&amp;0&amp;STORAGE#VOLUME#_??_USBSTOR#DISK&amp;VEN_GENERIC&amp;PROD_STORAGE_DEVICE&amp;REV_9344#0301936251&amp;3#\" lifetime=\"{60ca36db-b330-4b96-af92-9e89c46c5a29}\" xmlns:auto-ns2=\"http://schemas.microsoft.com/win/2004/08/events\" xmlns=\"http://www.microsoft.com/DriverFrameworks/UserMode/Event\"><Request major=\"27\" minor=\"2\"><Argument>0x0000000000000000</Argument>\n<Argument>0x0000000000000000</Argument>\n<Argument>0x0000000000000000</Argument>\n<Argument>0x0000000000000000</Argument>\n</Request>\n<Status>3221225659</Status>\n</UMDFHostDeviceRequest>\n</UserData>\n</Event>\n"
  },
  {
    "EventID": 1006,
    "Timestamp": "2014-02-11 14:43:18.902246+00:00",
    "Computer": "IACIS-HDD-2014",
    "Channel": "Microsoft-Windows-DriverFrameworks-UserMode/Operational",
    "Level": "Information",
    "EventData": {},
    "RawXml": "<Event xmlns=\"http://schemas.microsoft.com/win/2004/08/events/event\"><System><Provider Name=\"Microsoft-Windows-DriverFrameworks-UserMode\" Guid=\"{2e35aaeb-857f-4beb-a418-2e6c0e54d988}\"></Provider>\n<EventID Qualifiers=\"\">1006</EventID>\n<Version>1</Version>\n<Level>4</Level>\n<Task>18</Task>\n<Opcode>1</Opcode>\n<Keywords>0x8000000000000000</Keywords>\n<TimeCreated SystemTime=\"2014-02-11 14:43:18.902246+00:00\"></TimeCreated>\n<EventRecordID>390</EventRecordID>\n<Correlation ActivityID=\"\" RelatedActivityID=\"\"></Correlation>\n<Execution ProcessID=\"912\" ThreadID=\"380\"></Execution>\n<Channel>Microsoft-Windows-DriverFrameworks-UserMode/Operational</Channel>\n<Computer>IACIS-HDD-2014</Computer>\n<Security UserID=\"S-1-5-18\"></Security>\n</System>\n<UserData><UMDFDriverManagerHostShutdown lifetime=\"{60ca36db-b330-4b96-af92-9e89c46c5a29}\" xmlns:auto-ns2=\"http://schemas.microsoft.com/win/2004/08/events\" xmlns=\"http://www.microsoft.com/DriverFrameworks/UserMode/Event\"></UMDFDriverManagerHostShutdown>\n</UserData>\n</Event>\n"
  },
  {
    "EventID": 2900,
    "Timestamp": "2014-02-11 14:43:18.902246+00:00",
    "Computer": "IACIS-HDD-2014",
    "Channel": "Microsoft-Windows-DriverFrameworks-UserMode/Operational",
    "Level": "Information",
    "EventData": {},
    "RawXml": "<Event xmlns=\"http://schemas.microsoft.com/win/2004/08/events/event\"><System><Provider Name=\"Microsoft-Windows-DriverFrameworks-UserMode\" Guid=\"{2e35aaeb-857f-4beb-a418-2e6c0e54d988}\"></Provider>\n<EventID Qualifiers=\"\">2900</EventID>\n<Version>1</Version>\n<Level>4</Level>\n<Task>41</Task>\n<Opcode>1</Opcode>\n<Keywords>0x8000000000000000</Keywords>\n<TimeCreated SystemTime=\"2014-02-11 14:43:18.902246+00:00\"></TimeCreated>\n<EventRecordID>391</EventRecordID>\n<Correlation ActivityID=\"\" RelatedActivityID=\"\"></Correlation>\n<Execution ProcessID=\"484\" ThreadID=\"2392\"></Execution>\n<Channel>Microsoft-Windows-DriverFrameworks-UserMode/Operational</Channel>\n<Computer>IACIS-HDD-2014</Computer>\n<Security UserID=\"S-1-5-19\"></Security>\n</System>\n<UserData><UMDFHostShutdown lifetime=\"{60ca36db-b330-4b96-af92-9e89c46c5a29}\" xmlns:auto-ns2=\"http://schemas.microsoft.com/win/2004/08/events\" xmlns=\"http://www.microsoft.com/DriverFrameworks/UserMode/Event\"></UMDFHostShutdown>\n</UserData>\n</Event>\n"
  },
  {
    "EventID": 2901,
    "Timestamp": "2014-02-11 14:43:18.912247+00:00",
    "Computer": "IACIS-HDD-2014",
    "Channel": "Microsoft-Windows-DriverFrameworks-UserMode/Operational",
    "Level": "Information",
    "EventData": {},
    "RawXml": "<Event xmlns=\"http://schemas.microsoft.com/win/2004/08/events/event\"><System><Provider Name=\"Microsoft-Windows-DriverFrameworks-UserMode\" Guid=\"{2e35aaeb-857f-4beb-a418-2e6c0e54d988}\"></Provider>\n<EventID Qualifiers=\"\">2901</EventID>\n<Version>1</Version>\n<Level>4</Level>\n<Task>41</Task>\n<Opcode>2</Opcode>\n<Keywords>0x8000000000000000</Keywords>\n<TimeCreated SystemTime=\"2014-02-11 14:43:18.912247+00:00\"></TimeCreated>\n<EventRecordID>392</EventRecordID>\n<Correlation ActivityID=\"\" RelatedActivityID=\"\"></Correlation>\n<Execution ProcessID=\"484\" ThreadID=\"2060\"></Execution>\n<Channel>Microsoft-Windows-DriverFrameworks-UserMode/Operational</Channel>\n<Computer>IACIS-HDD-2014</Computer>\n<Security UserID=\"S-1-5-19\"></Security>\n</System>\n<UserData><UMDFHostShutdown lifetime=\"{60ca36db-b330-4b96-af92-9e89c46c5a29}\" xmlns:auto-ns2=\"http://schemas.microsoft.com/win/2004/08/events\" xmlns=\"http://www.microsoft.com/DriverFrameworks/UserMode/Event\"></UMDFHostShutdown>\n</UserData>\n</Event>\n"
  },
  {
    "EventID": 1008,
    "Timestamp": "2014-02-11 14:43:18.912247+00:00",
    "Computer": "IACIS-HDD-2014",
    "Channel": "Microsoft-Windows-DriverFrameworks-UserMode/Operational",
    "Level": "Information",
    "EventData": {},
    "RawXml": "<Event xmlns=\"http://schemas.microsoft.com/win/2004/08/events/event\"><System><Provider Name=\"Microsoft-Windows-DriverFrameworks-UserMode\" Guid=\"{2e35aaeb-857f-4beb-a418-2e6c0e54d988}\"></Provider>\n<EventID Qualifiers=\"\">1008</EventID>\n<Version>1</Version>\n<Level>4</Level>\n<Task>18</Task>\n<Opcode>2</Opcode>\n<Keywords>0x8000000000000000</Keywords>\n<TimeCreated SystemTime=\"2014-02-11 14:43:18.912247+00:00\"></TimeCreated>\n<EventRecordID>393</EventRecordID>\n<Correlation ActivityID=\"\" RelatedActivityID=\"\"></Correlation>\n<Execution ProcessID=\"912\" ThreadID=\"380\"></Execution>\n<Channel>Microsoft-Windows-DriverFrameworks-UserMode/Operational</Channel>\n<Computer>IACIS-HDD-2014</Computer>\n<Security UserID=\"S-1-5-18\"></Security>\n</System>\n<UserData><UMDFDriverManagerHostShutdown lifetime=\"{60ca36db-b330-4b96-af92-9e89c46c5a29}\" xmlns:auto-ns2=\"http://schemas.microsoft.com/win/2004/08/events\" xmlns=\"http://www.microsoft.com/DriverFrameworks/UserMode/Event\"><TerminateStatus>0</TerminateStatus>\n<ExitCode>0</ExitCode>\n</UMDFDriverManagerHostShutdown>\n</UserData>\n</Event>\n"
  },
  {
    "EventID": 1003,
    "Timestamp": "2014-02-11 17:02:02.449467+00:00",
    "Computer": "IACIS-HDD-2014",
    "Channel": "Microsoft-Windows-DriverFrameworks-UserMode/Operational",
    "Level": "Information",
    "EventData": {},
    "RawXml": "<Event xmlns=\"http://schemas.microsoft.com/win/2004/08/events/event\"><System><Provider Name=\"Microsoft-Windows-DriverFrameworks-UserMode\" Guid=\"{2e35aaeb-857f-4beb-a418-2e6c0e54d988}\"></Provider>\n<EventID Qualifiers=\"\">1003</EventID>\n<Version>1</Version>\n<Level>4</Level>\n<Task>17</Task>\n<Opcode>1</Opcode>\n<Keywords>0x8000000000000000</Keywords>\n<TimeCreated SystemTime=\"2014-02-11 17:02:02.449467+00:00\"></TimeCreated>\n<EventRecordID>394</EventRecordID>\n<Correlation ActivityID=\"\" RelatedActivityID=\"\"></Correlation>\n<Execution ProcessID=\"912\" ThreadID=\"380\"></Execution>\n<Channel>Microsoft-Windows-DriverFrameworks-UserMode/Operational</Channel>\n<Computer>IACIS-HDD-2014</Computer>\n<Security UserID=\"S-1-5-18\"></Security>\n</System>\n<UserData><UMDFDriverManagerHostCreateStart lifetime=\"{fe668da2-1aff-4c31-9bc7-e85debed4377}\" xmlns:auto-ns2=\"http://schemas.microsoft.com/win/2004/08/events\" xmlns=\"http://www.microsoft.com/DriverFrameworks/UserMode/Event\"><HostGuid>{193a1820-d9ac-4997-8c55-be817523f6aa}</HostGuid>\n<DeviceInstanceId>WPDBUSENUMROOT.UMB.2&amp;37C186B&amp;0&amp;STORAGE#VOLUME#_??_USBSTOR#DISK&amp;VEN_KINGSTON&amp;PROD_DATATRAVELER_2.0&amp;REV_1.00#0019E001EA2D5A891A040057&amp;0#</DeviceInstanceId>\n</UMDFDriverManagerHostCreateStart>\n</UserData>\n</Event>\n"
  },
  {
    "EventID": 2000,
    "Timestamp": "2014-02-11 17:02:02.459467+00:00",
    "Computer": "IACIS-HDD-2014",
    "Channel": "Microsoft-Windows-DriverFrameworks-UserMode/Operational",
    "Level": "Information",
    "EventData": {},
    "RawXml": "<Event xmlns=\"http://schemas.microsoft.com/win/2004/08/events/event\"><System><Provider Name=\"Microsoft-Windows-DriverFrameworks-UserMode\" Guid=\"{2e35aaeb-857f-4beb-a418-2e6c0e54d988}\"></Provider>\n<EventID Qualifiers=\"\">2000</EventID>\n<Version>1</Version>\n<Level>4</Level>\n<Task>32</Task>\n<Opcode>1</Opcode>\n<Keywords>0x8000000000000000</Keywords>\n<TimeCreated SystemTime=\"2014-02-11 17:02:02.459467+00:00\"></TimeCreated>\n<EventRecordID>395</EventRecordID>\n<Correlation ActivityID=\"\" RelatedActivityID=\"\"></Correlation>\n<Execution ProcessID=\"3592\" ThreadID=\"3220\"></Execution>\n<Channel>Microsoft-Windows-DriverFrameworks-UserMode/Operational</Channel>\n<Computer>IACIS-HDD-2014</Computer>\n<Security UserID=\"S-1-5-19\"></Security>\n</System>\n<UserData><UMDFHostStartupBegin lifetime=\"{fe668da2-1aff-4c31-9bc7-e85debed4377}\" xmlns:auto-ns2=\"http://schemas.microsoft.com/win/2004/08/events\" xmlns=\"http://www.microsoft.com/DriverFrameworks/UserMode/Event\"></UMDFHostStartupBegin>\n</UserData>\n</Event>\n"
  },
  {
    "EventID": 2001,
    "Timestamp": "2014-02-11 17:02:02.459467+00:00",
    "Computer": "IACIS-HDD-2014",
    "Channel": "Microsoft-Windows-DriverFrameworks-UserMode/Operational",
    "Level": "Information",
    "EventData": {},
    "RawXml": "<Event xmlns=\"http://schemas.microsoft.com/win/2004/08/events/event\"><System><Provider Name=\"Microsoft-Windows-DriverFrameworks-UserMode\" Guid=\"{2e35aaeb-857f-4beb-a418-2e6c0e54d988}\"></Provider>\n<EventID Qualifiers=\"\">2001</EventID>\n<Version>1</Version>\n<Level>4</Level>\n<Task>32</Task>\n<Opcode>2</Opcode>\n<Keywords>0x8000000000000000</Keywords>\n<TimeCreated SystemTime=\"2014-02-11 17:02:02.459467+00:00\"></TimeCreated>\n<EventRecordID>396</EventRecordID>\n<Correlation ActivityID=\"\" RelatedActivityID=\"\"></Correlation>\n<Execution ProcessID=\"3592\" ThreadID=\"3220\"></Execution>\n<Channel>Microsoft-Windows-DriverFrameworks-UserMode/Operational</Channel>\n<Computer>IACIS-HDD-2014</Computer>\n<Security UserID=\"S-1-5-19\"></Security>\n</System>\n<UserData><UMDFHostStartupEnd lifetime=\"{fe668da2-1aff-4c31-9bc7-e85debed4377}\" xmlns:auto-ns2=\"http://schemas.microsoft.com/win/2004/08/events\" xmlns=\"http://www.microsoft.com/DriverFrameworks/UserMode/Event\"><FinalStatus>0</FinalStatus>\n</UMDFHostStartupEnd>\n</UserData>\n</Event>\n"
  },
  {
    "EventID": 1004,
    "Timestamp": "2014-02-11 17:02:02.485067+00:00",
    "Computer": "IACIS-HDD-2014",
    "Channel": "Microsoft-Windows-DriverFrameworks-UserMode/Operational",
    "Level": "Information",
    "EventData": {},
    "RawXml": "<Event xmlns=\"http://schemas.microsoft.com/win/2004/08/events/event\"><System><Provider Name=\"Microsoft-Windows-DriverFrameworks-UserMode\" Guid=\"{2e35aaeb-857f-4beb-a418-2e6c0e54d988}\"></Provider>\n<EventID Qualifiers=\"\">1004</EventID>\n<Version>1</Version>\n<Level>4</Level>\n<Task>17</Task>\n<Opcode>2</Opcode>\n<Keywords>0x8000000000000000</Keywords>\n<TimeCreated SystemTime=\"2014-02-11 17:02:02.485067+00:00\"></TimeCreated>\n<EventRecordID>397</EventRecordID>\n<Correlation ActivityID=\"\" RelatedActivityID=\"\"></Correlation>\n<Execution ProcessID=\"912\" ThreadID=\"380\"></Execution>\n<Channel>Microsoft-Windows-DriverFrameworks-UserMode/Operational</Channel>\n<Computer>IACIS-HDD-2014</Computer>\n<Security UserID=\"S-1-5-18\"></Security>\n</System>\n<UserData><UMDFDriverManagerHostCreateEnd lifetime=\"{fe668da2-1aff-4c31-9bc7-e85debed4377}\" xmlns:auto-ns2=\"http://schemas.microsoft.com/win/2004/08/events\" xmlns=\"http://www.microsoft.com/DriverFrameworks/UserMode/Event\"><FinalStatus>0</FinalStatus>\n</UMDFDriverManagerHostCreateEnd>\n</UserData>\n</Event>\n"
  },
  {
    "EventID": 2003,
    "Timestamp": "2014-02-11 17:02:02.485067+00:00",
    "Computer": "IACIS-HDD-2014",
    "Channel": "Microsoft-Windows-DriverFrameworks-UserMode/Operational",
    "Level": "Information",
    "EventData": {},
    "RawXml": "<Event xmlns=\"http://schemas.microsoft.com/win/2004/08/events/event\"><System><Provider Name=\"Microsoft-Windows-DriverFrameworks-UserMode\" Guid=\"{2e35aaeb-857f-4beb-a418-2e6c0e54d988}\"></Provider>\n<EventID Qualifiers=\"\">2003</EventID>\n<Version>1</Version>\n<Level>4</Level>\n<Task>33</Task>\n<Opcode>1</Opcode>\n<Keywords>0x8000000000000000</Keywords>\n<TimeCreated SystemTime=\"2014-02-11 17:02:02.485067+00:00\"></TimeCreated>\n<EventRecordID>398</EventRecordID>\n<Correlation ActivityID=\"\" RelatedActivityID=\"\"></Correlation>\n<Execution ProcessID=\"3592\" ThreadID=\"652\"></Execution>\n<Channel>Microsoft-Windows-DriverFrameworks-UserMode/Operational</Channel>\n<Computer>IACIS-HDD-2014</Computer>\n<Security UserID=\"S-1-5-19\"></Security>\n</System>\n<UserData><UMDFHostDeviceArrivalBegin instance=\"WPDBUSENUMROOT\\UMB\\2&amp;37C186B&amp;0&amp;STORAGE#VOLUME#_??_USBSTOR#DISK&amp;VEN_KINGSTON&amp;PROD_DATATRAVELER_2.0&amp;REV_1.00#0019E001EA2D5A891A040057&amp;0#\" lifetime=\"{fe668da2-1aff-4c31-9bc7-e85debed4377}\" xmlns:auto-ns2=\"http://schemas.microsoft.com/win/2004/08/events\" xmlns=\"http://www.microsoft.com/DriverFrameworks/UserMode/Event\"></UMDFHostDeviceArrivalBegin>\n</UserData>\n</Event>\n"
  },
  {
    "EventID": 2010,
    "Timestamp": "2014-02-11 17:02:02.485067+00:00",
    "Computer": "IACIS-HDD-2014",
    "Channel": "Microsoft-Windows-DriverFrameworks-UserMode/Operational",
    "Level": "Information",
    "EventData": {},
    "RawXml": "<Event xmlns=\"http://schemas.microsoft.com/win/2004/08/events/event\"><System><Provider Name=\"Microsoft-Windows-DriverFrameworks-UserMode\" Guid=\"{2e35aaeb-857f-4beb-a418-2e6c0e54d988}\"></Provider>\n<EventID Qualifiers=\"\">2010</EventID>\n<Version>1</Version>\n<Level>4</Level>\n<Task>33</Task>\n<Opcode>2</Opcode>\n<Keywords>0x8000000000000000</Keywords>\n<TimeCreated SystemTime=\"2014-02-11 17:02:02.485067+00:00\"></TimeCreated>\n<EventRecordID>399</EventRecordID>\n<Correlation ActivityID=\"\" RelatedActivityID=\"\"></Correlation>\n<Execution ProcessID=\"3592\" ThreadID=\"652\"></Execution>\n<Channel>Microsoft-Windows-DriverFrameworks-UserMode/Operational</Channel>\n<Computer>IACIS-HDD-2014</Computer>\n<Security UserID=\"S-1-5-19\"></Security>\n</System>\n<UserData><UMDFHostDeviceArrivalEnd instance=\"WPDBUSENUMROOT\\UMB\\2&amp;37C186B&amp;0&amp;STORAGE#VOLUME#_??_USBSTOR#DISK&amp;VEN_KINGSTON&amp;PROD_DATATRAVELER_2.0&amp;REV_1.00#0019E001EA2D5A891A040057&amp;0#\" lifetime=\"{fe668da2-1aff-4c31-9bc7-e85debed4377}\" xmlns:auto-ns2=\"http://schemas.microsoft.com/win/2004/08/events\" xmlns=\"http://www.microsoft.com/DriverFrameworks/UserMode/Event\"><FinalStatus>0</FinalStatus>\n</UMDFHostDeviceArrivalEnd>\n</UserData>\n</Event>\n"
  },
  {
    "EventID": 2004,
    "Timestamp": "2014-02-11 17:02:02.485067+00:00",
    "Computer": "IACIS-HDD-2014",
    "Channel": "Microsoft-Windows-DriverFrameworks-UserMode/Operational",
    "Level": "Verbose",
    "EventData": {},
    "RawXml": "<Event xmlns=\"http://schemas.microsoft.com/win/2004/08/events/event\"><System><Provider Name=\"Microsoft-Windows-DriverFrameworks-UserMode\" Guid=\"{2e35aaeb-857f-4beb-a418-2e6c0e54d988}\"></Provider>\n<EventID Qualifiers=\"\">2004</EventID>\n<Version>1</Version>\n<Level>5</Level>\n<Task>33</Task>\n<Opcode>1</Opcode>\n<Keywords>0x8000000000000000</Keywords>\n<TimeCreated SystemTime=\"2014-02-11 17:02:02.485067+00:00\"></TimeCreated>\n<EventRecordID>400</EventRecordID>\n<Correlation ActivityID=\"\" RelatedActivityID=\"\"></Correlation>\n<Execution ProcessID=\"3592\" ThreadID=\"652\"></Execution>\n<Channel>Microsoft-Windows-DriverFrameworks-UserMode/Operational</Channel>\n<Computer>IACIS-HDD-2014</Computer>\n<Security UserID=\"S-1-5-19\"></Security>\n</System>\n<UserData><UMDFHostAddDeviceBegin instance=\"WPDBUSENUMROOT\\UMB\\2&amp;37C186B&amp;0&amp;STORAGE#VOLUME#_??_USBSTOR#DISK&amp;VEN_KINGSTON&amp;PROD_DATATRAVELER_2.0&amp;REV_1.00#0019E001EA2D5A891A040057&amp;0#\" lifetime=\"{fe668da2-1aff-4c31-9bc7-e85debed4377}\" xmlns:auto-ns2=\"http://schemas.microsoft.com/win/2004/08/events\" xmlns=\"http://www.microsoft.com/DriverFrameworks/UserMode/Event\"><Level>0</Level>\n<Service>WpdFs</Service>\n<DriverClsid>{112de495-ac4c-46f8-b663-6a4266c53313}</DriverClsid>\n</UMDFHostAddDeviceBegin>\n</UserData>\n</Event>\n"
  },
  {
    "EventID": 2005,
    "Timestamp": "2014-02-11 17:02:02.485067+00:00",
    "Computer": "IACIS-HDD-2014",
    "Channel": "Microsoft-Windows-DriverFrameworks-UserMode/Operational",
    "Level": "Verbose",
    "EventData": {},
    "RawXml": "<Event xmlns=\"http://schemas.microsoft.com/win/2004/08/events/event\"><System><Provider Name=\"Microsoft-Windows-DriverFrameworks-UserMode\" Guid=\"{2e35aaeb-857f-4beb-a418-2e6c0e54d988}\"></Provider>\n<EventID Qualifiers=\"\">2005</EventID>\n<Version>1</Version>\n<Level>5</Level>\n<Task>33</Task>\n<Opcode>0</Opcode>\n<Keywords>0x8000000000000000</Keywords>\n<TimeCreated SystemTime=\"2014-02-11 17:02:02.485067+00:00\"></TimeCreated>\n<EventRecordID>401</EventRecordID>\n<Correlation ActivityID=\"\" RelatedActivityID=\"\"></Correlation>\n<Execution ProcessID=\"3592\" ThreadID=\"652\"></Execution>\n<Channel>Microsoft-Windows-DriverFrameworks-UserMode/Operational</Channel>\n<Computer>IACIS-HDD-2014</Computer>\n<Security UserID=\"S-1-5-19\"></Security>\n</System>\n<UserData><UMDFHostModuleLoad instance=\"WPDBUSENUMROOT\\UMB\\2&amp;37C186B&amp;0&amp;STORAGE#VOLUME#_??_USBSTOR#DISK&amp;VEN_KINGSTON&amp;PROD_DATATRAVELER_2.0&amp;REV_1.00#0019E001EA2D5A891A040057&amp;0#\" lifetime=\"{fe668da2-1aff-4c31-9bc7-e85debed4377}\" xmlns:auto-ns2=\"http://schemas.microsoft.com/win/2004/08/events\" xmlns=\"http://www.microsoft.com/DriverFrameworks/UserMode/Event\"><ModulePath>C:\\Windows\\system32\\WUDFx.dll</ModulePath>\n<CompanyName>Microsoft Corporation</CompanyName>\n<FileDescription>WDF:UMDF Framework Library</FileDescription>\n<FileVersion>6.1.7601.17514 (win7sp1_rtm.101119-1850)</FileVersion>\n</UMDFHostModuleLoad>\n</UserData>\n</Event>\n"
  },
