  {
    "EventID": 59,
    "Timestamp": "2014-01-25 01:50:15.124626+00:00",
    "Computer": "IACIS-HDD-2014",
    "Channel": "Microsoft-Windows-Bits-Client/Operational",
    "Level": "Information",
    "EventData": {
      "transferId": "{471a5629-7235-4621-a6b5-a6573d537c94}",
      "name": "WU Client Download",
      "Id": "{18dcc4b4-2ae0-4a03-be94-80e9de6f1b99}",
      "url": "http://download.windowsupdate.com/msdownload/update/software/secu/2013/09/windows6.1-kb2862335-x64_34d4e0c8a2cff4ee5ee7ca0d8d78661fd41c4f06.psf",
      "peer": "",
      "fileTime": "2013-09-09 16:24:51+00:00",
      "fileLength": "1579277",
      "bytesTotal": "5042",
      "bytesTransferred": "0",
      "bytesTransferredFromPeer": "0"
    },
    "RawXml": "<Event xmlns=\"http://schemas.microsoft.com/win/2004/08/events/event\"><System><Provider Name=\"Microsoft-Windows-Bits-Client\" Guid=\"{ef1cc15b-46c1-414e-bb95-e76b077bd51e}\"></Provider>\n<EventID Qualifiers=\"\">59</EventID>\n<Version>1</Version>\n<Level>4</Level>\n<Task>0</Task>\n<Opcode>1</Opcode>\n<Keywords>0x4000000000000000</Keywords>\n<TimeCreated SystemTime=\"2014-01-25 01:50:15.124626+00:00\"></TimeCreated>\n<EventRecordID>1074</EventRecordID>\n<Correlation ActivityID=\"{471a5629-7235-4621-a6b5-a6573d537c94}\" RelatedActivityID=\"\"></Correlation>\n<Execution ProcessID=\"888\" ThreadID=\"2740\"></Execution>\n<Channel>Microsoft-Windows-Bits-Client/Operational</Channel>\n<Computer>IACIS-HDD-2014</Computer>\n<Security UserID=\"S-1-5-18\"></Security>\n</System>\n<EventData><Data Name=\"transferId\">{471a5629-7235-4621-a6b5-a6573d537c94}</Data>\n<Data Name=\"name\">WU Client Download</Data>\n<Data Name=\"Id\">{18dcc4b4-2ae0-4a03-be94-80e9de6f1b99}</Data>\n<Data Name=\"url\">http://download.windowsupdate.com/msdownload/update/software/secu/2013/09/windows6.1-kb2862335-x64_34d4e0c8a2cff4ee5ee7ca0d8d78661fd41c4f06.psf</Data>\n<Data Name=\"peer\"></Data>\n<Data Name=\"fileTime\">2013-09-09 16:24:51+00:00</Data>\n<Data Name=\"fileLength\">1579277</Data>\n<Data Name=\"bytesTotal\">5042</Data>\n<Data Name=\"bytesTransferred\">0</Data>\n<Data Name=\"bytesTransferredFromPeer\">0</Data>\n</EventData>\n</Event>\n"
  },
  {
    "EventID": 59,
    "Timestamp": "2014-01-25 01:50:15.140226+00:00",
    "Computer": "IACIS-HDD-2014",
    "Channel": "Microsoft-Windows-Bits-Client/Operational",
    "Level": "Information",
    "EventData": {
      "transferId": "{7d98214a-fd5a-4b7a-a5a9-5788edc0e968}",
      "name": "WU Client Download",
      "Id": "{1febe155-afbe-4447-b806-d3a6024c726a}",
      "url": "http://download.windowsupdate.com/msdownload/update/software/secu/2013/08/windows6.1-kb2803821-v2-x64_a8af23e946eab35356a2987dc29d3837f199519f.psf",
      "peer": "",
      "fileTime": "2013-08-07 18:24:17+00:00",
      "fileLength": "14615273",
      "bytesTotal": "221123",
      "bytesTransferred": "0",
      "bytesTransferredFromPeer": "0"
    },
    "RawXml": "<Event xmlns=\"http://schemas.microsoft.com/win/2004/08/events/event\"><System><Provider Name=\"Microsoft-Windows-Bits-Client\" Guid=\"{ef1cc15b-46c1-414e-bb95-e76b077bd51e}\"></Provider>\n<EventID Qualifiers=\"\">59</EventID>\n<Version>1</Version>\n<Level>4</Level>\n<Task>0</Task>\n<Opcode>1</Opcode>\n<Keywords>0x4000000000000000</Keywords>\n<TimeCreated SystemTime=\"2014-01-25 01:50:15.140226+00:00\"></TimeCreated>\n<EventRecordID>1075</EventRecordID>\n<Correlation ActivityID=\"{7d98214a-fd5a-4b7a-a5a9-5788edc0e968}\" RelatedActivityID=\"\"></Correlation>\n<Execution ProcessID=\"888\" ThreadID=\"2740\"></Execution>\n<Channel>Microsoft-Windows-Bits-Client/Operational</Channel>\n<Computer>IACIS-HDD-2014</Computer>\n<Security UserID=\"S-1-5-18\"></Security>\n</System>\n<EventData><Data Name=\"transferId\">{7d98214a-fd5a-4b7a-a5a9-5788edc0e968}</Data>\n<Data Name=\"name\">WU Client Download</Data>\n<Data Name=\"Id\">{1febe155-afbe-4447-b806-d3a6024c726a}</Data>\n<Data Name=\"url\">http://download.windowsupdate.com/msdownload/update/software/secu/2013/08/windows6.1-kb2803821-v2-x64_a8af23e946eab35356a2987dc29d3837f199519f.psf</Data>\n<Data Name=\"peer\"></Data>\n<Data Name=\"fileTime\">2013-08-07 18:24:17+00:00</Data>\n<Data Name=\"fileLength\">14615273</Data>\n<Data Name=\"bytesTotal\">221123</Data>\n<Data Name=\"bytesTransferred\">0</Data>\n<Data Name=\"bytesTransferredFromPeer\">0</Data>\n</EventData>\n</Event>\n"
  },
  {
    "EventID": 59,
    "Timestamp": "2014-01-25 01:50:15.155827+00:00",
    "Computer": "IACIS-HDD-2014",
    "Channel": "Microsoft-Windows-Bits-Client/Operational",
    "Level": "Information",
    "EventData": {
      "transferId": "{e511ca9b-0031-4834-9765-676f2b16a742}",
      "name": "WU Client Download",
      "Id": "{49df4b89-b9db-43a8-b57c-db47b14ef0a0}",
      "url": "http://download.windowsupdate.com/msdownload/update/software/secu/2013/07/windows6.1-kb2849470-x64_59e18b74ee00c41f13c439caa67ac7e8dc73f686.psf",
      "peer": "",
      "fileTime": "2013-07-24 00:33:57+00:00",
      "fileLength": "13501652",
      "bytesTotal": "127557",
      "bytesTransferred": "0",
      "bytesTransferredFromPeer": "0"
    },
    "RawXml": "<Event xmlns=\"http://schemas.microsoft.com/win/2004/08/events/event\"><System><Provider Name=\"Microsoft-Windows-Bits-Client\" Guid=\"{ef1cc15b-46c1-414e-bb95-e76b077bd51e}\"></Provider>\n<EventID Qualifiers=\"\">59</EventID>\n<Version>1</Version>\n<Level>4</Level>\n<Task>0</Task>\n<Opcode>1</Opcode>\n<Keywords>0x4000000000000000</Keywords>\n<TimeCreated SystemTime=\"2014-01-25 01:50:15.155827+00:00\"></TimeCreated>\n<EventRecordID>1076</EventRecordID>\n<Correlation ActivityID=\"{e511ca9b-0031-4834-9765-676f2b16a742}\" RelatedActivityID=\"\"></Correlation>\n<Execution ProcessID=\"888\" ThreadID=\"2740\"></Execution>\n<Channel>Microsoft-Windows-Bits-Client/Operational</Channel>\n<Computer>IACIS-HDD-2014</Computer>\n<Security UserID=\"S-1-5-18\"></Security>\n</System>\n<EventData><Data Name=\"transferId\">{e511ca9b-0031-4834-9765-676f2b16a742}</Data>\n<Data Name=\"name\">WU Client Download</Data>\n<Data Name=\"Id\">{49df4b89-b9db-43a8-b57c-db47b14ef0a0}</Data>\n<Data Name=\"url\">http://download.windowsupdate.com/msdownload/update/software/secu/2013/07/windows6.1-kb2849470-x64_59e18b74ee00c41f13c439caa67ac7e8dc73f686.psf</Data>\n<Data Name=\"peer\"></Data>\n<Data Name=\"fileTime\">2013-07-24 00:33:57+00:00</Data>\n<Data Name=\"fileLength\">13501652</Data>\n<Data Name=\"bytesTotal\">127557</Data>\n<Data Name=\"bytesTransferred\">0</Data>\n<Data Name=\"bytesTransferredFromPeer\">0</Data>\n</EventData>\n</Event>\n"
  },
  {
    "EventID": 59,
    "Timestamp": "2014-01-25 01:50:15.171427+00:00",
    "Computer": "IACIS-HDD-2014",
    "Channel": "Microsoft-Windows-Bits-Client/Operational",
    "Level": "Information",
    "EventData": {
      "transferId": "{06591734-01c0-40cf-a4c5-5147dbfd61fa}",
      "name": "WU Client Download",
      "Id": "{0f8b5443-9fac-4277-92fa-f7409c51311f}",
      "url": "http://download.windowsupdate.com/msdownload/update/software/secu/2013/08/windows6.1-kb2863240-x64_364e54ef60bae1b55e2f5d95e21332f6f64a5228.psf",
      "peer": "",
      "fileTime": "2013-08-19 22:38:22+00:00",
      "fileLength": "2010041",
      "bytesTotal": "5771",
      "bytesTransferred": "0",
      "bytesTransferredFromPeer": "0"
    },
    "RawXml": "<Event xmlns=\"http://schemas.microsoft.com/win/2004/08/events/event\"><System><Provider Name=\"Microsoft-Windows-Bits-Client\" Guid=\"{ef1cc15b-46c1-414e-bb95-e76b077bd51e}\"></Provider>\n<EventID Qualifiers=\"\">59</EventID>\n<Version>1</Version>\n<Level>4</Level>\n<Task>0</Task>\n<Opcode>1</Opcode>\n<Keywords>0x4000000000000000</Keywords>\n<TimeCreated SystemTime=\"2014-01-25 01:50:15.171427+00:00\"></TimeCreated>\n<EventRecordID>1077</EventRecordID>\n<Correlation ActivityID=\"{06591734-01c0-40cf-a4c5-5147dbfd61fa}\" RelatedActivityID=\"\"></Correlation>\n<Execution ProcessID=\"888\" ThreadID=\"2740\"></Execution>\n<Channel>Microsoft-Windows-Bits-Client/Operational</Channel>\n<Computer>IACIS-HDD-2014</Computer>\n<Security UserID=\"S-1-5-18\"></Security>\n</System>\n<EventData><Data Name=\"transferId\">{06591734-01c0-40cf-a4c5-5147dbfd61fa}</Data>\n<Data Name=\"name\">WU Client Download</Data>\n<Data Name=\"Id\">{0f8b5443-9fac-4277-92fa-f7409c51311f}</Data>\n<Data Name=\"url\">http://download.windowsupdate.com/msdownload/update/software/secu/2013/08/windows6.1-kb2863240-x64_364e54ef60bae1b55e2f5d95e21332f6f64a5228.psf</Data>\n<Data Name=\"peer\"></Data>\n<Data Name=\"fileTime\">2013-08-19 22:38:22+00:00</Data>\n<Data Name=\"fileLength\">2010041</Data>\n<Data Name=\"bytesTotal\">5771</Data>\n<Data Name=\"bytesTransferred\">0</Data>\n<Data Name=\"bytesTransferredFromPeer\">0</Data>\n</EventData>\n</Event>\n"
  },
  {
    "EventID": 59,
    "Timestamp": "2014-01-25 01:50:15.187027+00:00",
    "Computer": "IACIS-HDD-2014",
    "Channel": "Microsoft-Windows-Bits-Client/Operational",
    "Level": "Information",
    "EventData": {
      "transferId": "{fc19ce24-4e58-441e-ba83-b8ff73637bc1}",
      "name": "WU Client Download",
      "Id": "{b88c9c67-8a6e-47b7-8f76-d4cbf7a52ccc}",
      "url": "http://download.windowsupdate.com/msdownload/update/software/secu/2013/12/windows6.1-kb2913602-x64_a6f80d1e782e5ab7de5eb63e8be5baa195ed0a67.psf",
      "peer": "",
      "fileTime": "2013-12-19 18:57:41+00:00",
      "fileLength": "3600858",
      "bytesTotal": "147687",
      "bytesTransferred": "0",
      "bytesTransferredFromPeer": "0"
    },
    "RawXml": "<Event xmlns=\"http://schemas.microsoft.com/win/2004/08/events/event\"><System><Provider Name=\"Microsoft-Windows-Bits-Client\" Guid=\"{ef1cc15b-46c1-414e-bb95-e76b077bd51e}\"></Provider>\n<EventID Qualifiers=\"\">59</EventID>\n<Version>1</Version>\n<Level>4</Level>\n<Task>0</Task>\n<Opcode>1</Opcode>\n<Keywords>0x4000000000000000</Keywords>\n<TimeCreated SystemTime=\"2014-01-25 01:50:15.187027+00:00\"></TimeCreated>\n<EventRecordID>1078</EventRecordID>\n<Correlation ActivityID=\"{fc19ce24-4e58-441e-ba83-b8ff73637bc1}\" RelatedActivityID=\"\"></Correlation>\n<Execution ProcessID=\"888\" ThreadID=\"2740\"></Execution>\n<Channel>Microsoft-Windows-Bits-Client/Operational</Channel>\n<Computer>IACIS-HDD-2014</Computer>\n<Security UserID=\"S-1-5-18\"></Security>\n</System>\n<EventData><Data Name=\"transferId\">{fc19ce24-4e58-441e-ba83-b8ff73637bc1}</Data>\n<Data Name=\"name\">WU Client Download</Data>\n<Data Name=\"Id\">{b88c9c67-8a6e-47b7-8f76-d4cbf7a52ccc}</Data>\n<Data Name=\"url\">http://download.windowsupdate.com/msdownload/update/software/secu/2013/12/windows6.1-kb2913602-x64_a6f80d1e782e5ab7de5eb63e8be5baa195ed0a67.psf</Data>\n<Data Name=\"peer\"></Data>\n<Data Name=\"fileTime\">2013-12-19 18:57:41+00:00</Data>\n<Data Name=\"fileLength\">3600858</Data>\n<Data Name=\"bytesTotal\">147687</Data>\n<Data Name=\"bytesTransferred\">0</Data>\n<Data Name=\"bytesTransferredFromPeer\">0</Data>\n</EventData>\n</Event>\n"
  },
  {
    "EventID": 59,
    "Timestamp": "2014-01-25 01:50:15.202627+00:00",
    "Computer": "IACIS-HDD-2014",
    "Channel": "Microsoft-Windows-Bits-Client/Operational",
    "Level": "Information",
    "EventData": {
      "transferId": "{492894d3-65a4-4bec-9645-27dbaf9767df}",
      "name": "WU Client Download",
      "Id": "{973c2b38-b30b-4097-b7be-fb2708960da6}",
      "url": "http://download.windowsupdate.com/msdownload/update/software/secu/2013/08/windows6.1-kb2872339-x64_42637f801ac4913ad6727b9b9f6df127748f1ba5.psf",
      "peer": "",
      "fileTime": "2013-08-19 20:15:37+00:00",
      "fileLength": "114449968",
      "bytesTotal": "619738",
      "bytesTransferred": "0",
      "bytesTransferredFromPeer": "0"
    },
    "RawXml": "<Event xmlns=\"http://schemas.microsoft.com/win/2004/08/events/event\"><System><Provider Name=\"Microsoft-Windows-Bits-Client\" Guid=\"{ef1cc15b-46c1-414e-bb95-e76b077bd51e}\"></Provider>\n<EventID Qualifiers=\"\">59</EventID>\n<Version>1</Version>\n<Level>4</Level>\n<Task>0</Task>\n<Opcode>1</Opcode>\n<Keywords>0x4000000000000000</Keywords>\n<TimeCreated SystemTime=\"2014-01-25 01:50:15.202627+00:00\"></TimeCreated>\n<EventRecordID>1079</EventRecordID>\n<Correlation ActivityID=\"{492894d3-65a4-4bec-9645-27dbaf9767df}\" RelatedActivityID=\"\"></Correlation>\n<Execution ProcessID=\"888\" ThreadID=\"2740\"></Execution>\n<Channel>Microsoft-Windows-Bits-Client/Operational</Channel>\n<Computer>IACIS-HDD-2014</Computer>\n<Security UserID=\"S-1-5-18\"></Security>\n</System>\n<EventData><Data Name=\"transferId\">{492894d3-65a4-4bec-9645-27dbaf9767df}</Data>\n<Data Name=\"name\">WU Client Download</Data>\n<Data Name=\"Id\">{973c2b38-b30b-4097-b7be-fb2708960da6}</Data>\n<Data Name=\"url\">http://download.windowsupdate.com/msdownload/update/software/secu/2013/08/windows6.1-kb2872339-x64_42637f801ac4913ad6727b9b9f6df127748f1ba5.psf</Data>\n<Data Name=\"peer\"></Data>\n<Data Name=\"fileTime\">2013-08-19 20:15:37+00:00</Data>\n<Data Name=\"fileLength\">114449968</Data>\n<Data Name=\"bytesTotal\">619738</Data>\n<Data Name=\"bytesTransferred\">0</Data>\n<Data Name=\"bytesTransferredFromPeer\">0</Data>\n</EventData>\n</Event>\n"
  },
  {
    "EventID": 59,
    "Timestamp": "2014-01-25 01:50:15.218227+00:00",
    "Computer": "IACIS-HDD-2014",
    "Channel": "Microsoft-Windows-Bits-Client/Operational",
    "Level": "Information",
    "EventData": {
      "transferId": "{0c1edeaf-3199-44e1-9a3c-fbd6f91f3eb5}",
      "name": "WU Client Download",
      "Id": "{9dda8553-27e0-4ea5-9094-31c443a127ae}",
      "url": "http://download.windowsupdate.com/msdownload/update/software/secu/2013/07/windows6.1-kb2864202-x64_676ee151d133630b17867b0d028a37bc9cbca8b4.psf",
      "peer": "",
      "fileTime": "2013-07-23 21:17:25+00:00",
      "fileLength": "3636107",
      "bytesTotal": "267891",
      "bytesTransferred": "0",
      "bytesTransferredFromPeer": "0"
    },
    "RawXml": "<Event xmlns=\"http://schemas.microsoft.com/win/2004/08/events/event\"><System><Provider Name=\"Microsoft-Windows-Bits-Client\" Guid=\"{ef1cc15b-46c1-414e-bb95-e76b077bd51e}\"></Provider>\n<EventID Qualifiers=\"\">59</EventID>\n<Version>1</Version>\n<Level>4</Level>\n<Task>0</Task>\n<Opcode>1</Opcode>\n<Keywords>0x4000000000000000</Keywords>\n<TimeCreated SystemTime=\"2014-01-25 01:50:15.218227+00:00\"></TimeCreated>\n<EventRecordID>1080</EventRecordID>\n<Correlation ActivityID=\"{0c1edeaf-3199-44e1-9a3c-fbd6f91f3eb5}\" RelatedActivityID=\"\"></Correlation>\n<Execution ProcessID=\"888\" ThreadID=\"2740\"></Execution>\n<Channel>Microsoft-Windows-Bits-Client/Operational</Channel>\n<Computer>IACIS-HDD-2014</Computer>\n<Security UserID=\"S-1-5-18\"></Security>\n</System>\n<EventData><Data Name=\"transferId\">{0c1edeaf-3199-44e1-9a3c-fbd6f91f3eb5}</Data>\n<Data Name=\"name\">WU Client Download</Data>\n<Data Name=\"Id\">{9dda8553-27e0-4ea5-9094-31c443a127ae}</Data>\n<Data Name=\"url\">http://download.windowsupdate.com/msdownload/update/software/secu/2013/07/windows6.1-kb2864202-x64_676ee151d133630b17867b0d028a37bc9cbca8b4.psf</Data>\n<Data Name=\"peer\"></Data>\n<Data Name=\"fileTime\">2013-07-23 21:17:25+00:00</Data>\n<Data Name=\"fileLength\">3636107</Data>\n<Data Name=\"bytesTotal\">267891</Data>\n<Data Name=\"bytesTransferred\">0</Data>\n<Data Name=\"bytesTransferredFromPeer\">0</Data>\n</EventData>\n</Event>\n"
  },
  {
    "EventID": 59,
    "Timestamp": "2014-01-25 01:50:15.233826+00:00",
    "Computer": "IACIS-HDD-2014",
    "Channel": "Microsoft-Windows-Bits-Client/Operational",
    "Level": "Information",
    "EventData": {
      "transferId": "{3a79a13f-42e6-467d-a401-18030ac55102}",
      "name": "WU Client Download",
      "Id": "{a9cfd331-e440-40ce-8d00-76c526a78047}",
      "url": "http://download.windowsupdate.com/msdownload/update/software/secu/2012/10/windows6.1-kb2729452-x64_6a1952c7f7fb6ae67b516ae9fb6ddf2ea0518afd.psf",
      "peer": "",
      "fileTime": "2012-10-23 20:14:15+00:00",
      "fileLength": "201362776",
      "bytesTotal": "4498202",
      "bytesTransferred": "0",
      "bytesTransferredFromPeer": "0"
    },
    "RawXml": "<Event xmlns=\"http://schemas.microsoft.com/win/2004/08/events/event\"><System><Provider Name=\"Microsoft-Windows-Bits-Client\" Guid=\"{ef1cc15b-46c1-414e-bb95-e76b077bd51e}\"></Provider>\n<EventID Qualifiers=\"\">59</EventID>\n<Version>1</Version>\n<Level>4</Level>\n<Task>0</Task>\n<Opcode>1</Opcode>\n<Keywords>0x4000000000000000</Keywords>\n<TimeCreated SystemTime=\"2014-01-25 01:50:15.233826+00:00\"></TimeCreated>\n<EventRecordID>1081</EventRecordID>\n<Correlation ActivityID=\"{3a79a13f-42e6-467d-a401-18030ac55102}\" RelatedActivityID=\"\"></Correlation>\n<Execution ProcessID=\"888\" ThreadID=\"2740\"></Execution>\n<Channel>Microsoft-Windows-Bits-Client/Operational</Channel>\n<Computer>IACIS-HDD-2014</Computer>\n<Security UserID=\"S-1-5-18\"></Security>\n</System>\n<EventData><Data Name=\"transferId\">{3a79a13f-42e6-467d-a401-18030ac55102}</Data>\n<Data Name=\"name\">WU Client Download</Data>\n<Data Name=\"Id\">{a9cfd331-e440-40ce-8d00-76c526a78047}</Data>\n<Data Name=\"url\">http://download.windowsupdate.com/msdownload/update/software/secu/2012/10/windows6.1-kb2729452-x64_6a1952c7f7fb6ae67b516ae9fb6ddf2ea0518afd.psf</Data>\n<Data Name=\"peer\"></Data>\n<Data Name=\"fileTime\">2012-10-23 20:14:15+00:00</Data>\n<Data Name=\"fileLength\">201362776</Data>\n<Data Name=\"bytesTotal\">4498202</Data>\n<Data Name=\"bytesTransferred\">0</Data>\n<Data Name=\"bytesTransferredFromPeer\">0</Data>\n</EventData>\n</Event>\n"
  },
  {
    "EventID": 59,
    "Timestamp": "2014-01-25 01:50:15.249426+00:00",
    "Computer": "IACIS-HDD-2014",
    "Channel": "Microsoft-Windows-Bits-Client/Operational",
    "Level": "Information",
    "EventData": {
      "transferId": "{ae2a5fa8-087d-4f47-bba9-b692d5394449}",
      "name": "WU Client Download",
      "Id": "{6fc41907-1269-4bd8-9681-143e157a3539}",
      "url": "http://download.windowsupdate.com/msdownload/update/software/secu/2013/11/windows6.1-kb2898785-x64_fb430c0a56663c0f923e643e9e272345c3d4cef7.psf",
      "peer": "",
      "fileTime": "2013-11-20 20:59:52+00:00",
      "fileLength": "265031619",
      "bytesTotal": "1141745",
      "bytesTransferred": "0",
      "bytesTransferredFromPeer": "0"
    },
    "RawXml": "<Event xmlns=\"http://schemas.microsoft.com/win/2004/08/events/event\"><System><Provider Name=\"Microsoft-Windows-Bits-Client\" Guid=\"{ef1cc15b-46c1-414e-bb95-e76b077bd51e}\"></Provider>\n<EventID Qualifiers=\"\">59</EventID>\n<Version>1</Version>\n<Level>4</Level>\n<Task>0</Task>\n<Opcode>1</Opcode>\n<Keywords>0x4000000000000000</Keywords>\n<TimeCreated SystemTime=\"2014-01-25 01:50:15.249426+00:00\"></TimeCreated>\n<EventRecordID>1082</EventRecordID>\n<Correlation ActivityID=\"{ae2a5fa8-087d-4f47-bba9-b692d5394449}\" RelatedActivityID=\"\"></Correlation>\n<Execution ProcessID=\"888\" ThreadID=\"2740\"></Execution>\n<Channel>Microsoft-Windows-Bits-Client/Operational</Channel>\n<Computer>IACIS-HDD-2014</Computer>\n<Security UserID=\"S-1-5-18\"></Security>\n</System>\n<EventData><Data Name=\"transferId\">{ae2a5fa8-087d-4f47-bba9-b692d5394449}</Data>\n<Data Name=\"name\">WU Client Download</Data>\n<Data Name=\"Id\">{6fc41907-1269-4bd8-9681-143e157a3539}</Data>\n<Data Name=\"url\">http://download.windowsupdate.com/msdownload/update/software/secu/2013/11/windows6.1-kb2898785-x64_fb430c0a56663c0f923e643e9e272345c3d4cef7.psf</Data>\n<Data Name=\"peer\"></Data>\n<Data Name=\"fileTime\">2013-11-20 20:59:52+00:00</Data>\n<Data Name=\"fileLength\">265031619</Data>\n<Data Name=\"bytesTotal\">1141745</Data>\n<Data Name=\"bytesTransferred\">0</Data>\n<Data Name=\"bytesTransferredFromPeer\">0</Data>\n</EventData>\n</Event>\n"
  },
  {
    "EventID": 59,
    "Timestamp": "2014-01-25 01:50:15.265026+00:00",
    "Computer": "IACIS-HDD-2014",
    "Channel": "Microsoft-Windows-Bits-Client/Operational",
    "Level": "Information",
    "EventData": {
      "transferId": "{52e54221-e418-4a1c-b551-851120e84edb}",
      "name": "WU Client Download",
      "Id": "{3e9900a0-3aa8-4b70-848d-d940d8e33fd0}",
      "url": "http://download.windowsupdate.com/msdownload/update/software/secu/2012/10/windows6.1-kb2727528-x64_fbdd4596681f2bf06c44e3e0b68f288ac82d1722.psf",
      "peer": "",
      "fileTime": "2012-10-24 20:47:34+00:00",
      "fileLength": "1307927",
      "bytesTotal": "3102",
      "bytesTransferred": "0",
      "bytesTransferredFromPeer": "0"
    },
    "RawXml": "<Event xmlns=\"http://schemas.microsoft.com/win/2004/08/events/event\"><System><Provider Name=\"Microsoft-Windows-Bits-Client\" Guid=\"{ef1cc15b-46c1-414e-bb95-e76b077bd51e}\"></Provider>\n<EventID Qualifiers=\"\">59</EventID>\n<Version>1</Version>\n<Level>4</Level>\n<Task>0</Task>\n<Opcode>1</Opcode>\n<Keywords>0x4000000000000000</Keywords>\n<TimeCreated SystemTime=\"2014-01-25 01:50:15.265026+00:00\"></TimeCreated>\n<EventRecordID>1083</EventRecordID>\n<Correlation ActivityID=\"{52e54221-e418-4a1c-b551-851120e84edb}\" RelatedActivityID=\"\"></Correlation>\n<Execution ProcessID=\"888\" ThreadID=\"2740\"></Execution>\n<Channel>Microsoft-Windows-Bits-Client/Operational</Channel>\n<Computer>IACIS-HDD-2014</Computer>\n<Security UserID=\"S-1-5-18\"></Security>\n</System>\n<EventData><Data Name=\"transferId\">{52e54221-e418-4a1c-b551-851120e84edb}</Data>\n<Data Name=\"name\">WU Client Download</Data>\n<Data Name=\"Id\">{3e9900a0-3aa8-4b70-848d-d940d8e33fd0}</Data>\n<Data Name=\"url\">http://download.windowsupdate.com/msdownload/update/software/secu/2012/10/windows6.1-kb2727528-x64_fbdd4596681f2bf06c44e3e0b68f288ac82d1722.psf</Data>\n<Data Name=\"peer\"></Data>\n<Data Name=\"fileTime\">2012-10-24 20:47:34+00:00</Data>\n<Data Name=\"fileLength\">1307927</Data>\n<Data Name=\"bytesTotal\">3102</Data>\n<Data Name=\"bytesTransferred\">0</Data>\n<Data Name=\"bytesTransferredFromPeer\">0</Data>\n</EventData>\n</Event>\n"
  },
  {
    "EventID": 59,
    "Timestamp": "2014-01-25 01:50:15.280626+00:00",
    "Computer": "IACIS-HDD-2014",
    "Channel": "Microsoft-Windows-Bits-Client/Operational",
    "Level": "Information",
    "EventData": {
      "transferId": "{b09454c8-af94-45d6-82e0-11cafa1138d4}",
      "name": "WU Client Download",
      "Id": "{4b699add-6f10-44fc-9d82-4c9795d36845}",
      "url": "http://download.windowsupdate.com/msdownload/update/software/secu/2011/03/windows6.1-kb2509553-x64_3cd4024668e5f505956b53ade86485ba322cb893.psf",
      "peer": "",
      "fileTime": "2011-03-16 20:00:19+00:00",
      "fileLength": "7163553",
      "bytesTotal": "13642",
      "bytesTransferred": "0",
      "bytesTransferredFromPeer": "0"
    },
    "RawXml": "<Event xmlns=\"http://schemas.microsoft.com/win/2004/08/events/event\"><System><Provider Name=\"Microsoft-Windows-Bits-Client\" Guid=\"{ef1cc15b-46c1-414e-bb95-e76b077bd51e}\"></Provider>\n<EventID Qualifiers=\"\">59</EventID>\n<Version>1</Version>\n<Level>4</Level>\n<Task>0</Task>\n<Opcode>1</Opcode>\n<Keywords>0x4000000000000000</Keywords>\n<TimeCreated SystemTime=\"2014-01-25 01:50:15.280626+00:00\"></TimeCreated>\n<EventRecordID>1084</EventRecordID>\n<Correlation ActivityID=\"{b09454c8-af94-45d6-82e0-11cafa1138d4}\" RelatedActivityID=\"\"></Correlation>\n<Execution ProcessID=\"888\" ThreadID=\"2740\"></Execution>\n<Channel>Microsoft-Windows-Bits-Client/Operational</Channel>\n<Computer>IACIS-HDD-2014</Computer>\n<Security UserID=\"S-1-5-18\"></Security>\n</System>\n<EventData><Data Name=\"transferId\">{b09454c8-af94-45d6-82e0-11cafa1138d4}</Data>\n<Data Name=\"name\">WU Client Download</Data>\n<Data Name=\"Id\">{4b699add-6f10-44fc-9d82-4c9795d36845}</Data>\n<Data Name=\"url\">http://download.windowsupdate.com/msdownload/update/software/secu/2011/03/windows6.1-kb2509553-x64_3cd4024668e5f505956b53ade86485ba322cb893.psf</Data>\n<Data Name=\"peer\"></Data>\n<Data Name=\"fileTime\">2011-03-16 20:00:19+00:00</Data>\n<Data Name=\"fileLength\">7163553</Data>\n<Data Name=\"bytesTotal\">13642</Data>\n<Data Name=\"bytesTransferred\">0</Data>\n<Data Name=\"bytesTransferredFromPeer\">0</Data>\n</EventData>\n</Event>\n"
  },
  {
    "EventID": 59,
    "Timestamp": "2014-01-25 01:50:15.296227+00:00",
    "Computer": "IACIS-HDD-2014",
    "Channel": "Microsoft-Windows-Bits-Client/Operational",
    "Level": "Information",
    "EventData": {
      "transferId": "{68eceb66-a876-4044-bafb-f0cbe1ec6bcd}",
      "name": "WU Client Download",
      "Id": "{1124291e-864e-4f4e-9dcd-d84070a07dbf}",
      "url": "http://download.windowsupdate.com/msdownload/update/software/secu/2012/12/windows6.1-kb2742599-x64_f89a680cd53a05216dea658036a3385eab4a2812.psf",
      "peer": "",
      "fileTime": "2012-12-10 17:40:51+00:00",
      "fileLength": "104757926",
      "bytesTotal": "815325",
      "bytesTransferred": "0",
      "bytesTransferredFromPeer": "0"
    },
    "RawXml": "<Event xmlns=\"http://schemas.microsoft.com/win/2004/08/events/event\"><System><Provider Name=\"Microsoft-Windows-Bits-Client\" Guid=\"{ef1cc15b-46c1-414e-bb95-e76b077bd51e}\"></Provider>\n<EventID Qualifiers=\"\">59</EventID>\n<Version>1</Version>\n<Level>4</Level>\n<Task>0</Task>\n<Opcode>1</Opcode>\n<Keywords>0x4000000000000000</Keywords>\n<TimeCreated SystemTime=\"2014-01-25 01:50:15.296227+00:00\"></TimeCreated>\n<EventRecordID>1085</EventRecordID>\n<Correlation ActivityID=\"{68eceb66-a876-4044-bafb-f0cbe1ec6bcd}\" RelatedActivityID=\"\"></Correlation>\n<Execution ProcessID=\"888\" ThreadID=\"2740\"></Execution>\n<Channel>Microsoft-Windows-Bits-Client/Operational</Channel>\n<Computer>IACIS-HDD-2014</Computer>\n<Security UserID=\"S-1-5-18\"></Security>\n</System>\n<EventData><Data Name=\"transferId\">{68eceb66-a876-4044-bafb-f0cbe1ec6bcd}</Data>\n<Data Name=\"name\">WU Client Download</Data>\n<Data Name=\"Id\">{1124291e-864e-4f4e-9dcd-d84070a07dbf}</Data>\n<Data Name=\"url\">http://download.windowsupdate.com/msdownload/update/software/secu/2012/12/windows6.1-kb2742599-x64_f89a680cd53a05216dea658036a3385eab4a2812.psf</Data>\n<Data Name=\"peer\"></Data>\n<Data Name=\"fileTime\">2012-12-10 17:40:51+00:00</Data>\n<Data Name=\"fileLength\">104757926</Data>\n<Data Name=\"bytesTotal\">815325</Data>\n<Data Name=\"bytesTransferred\">0</Data>\n<Data Name=\"bytesTransferredFromPeer\">0</Data>\n</EventData>\n</Event>\n"
  },
  {
    "EventID": 60,
    "Timestamp": "2014-01-25 01:50:15.436626+00:00",
    "Computer": "IACIS-HDD-2014",
    "Channel": "Microsoft-Windows-Bits-Client/Operational",
    "Level": "Information",
    "EventData": {
      "transferId": "{692698d6-a4cf-4117-bbf9-fd9f5dc6aba5}",
      "name": "WU Client Download",
      "Id": "{86a59cc5-1f82-44e6-8cc0-8ee9e633a76b}",
      "url": "http://download.windowsupdate.com/msdownload/update/software/crup/2011/06/windows6.1-kb2552343-x64_f16917787e5718b8a3f2c29ba79449284a8b4a84.psf",
      "peer": "",
      "hr": "0",
      "fileTime": "2011-06-23 00:26:49+00:00",
      "fileLength": "7996566",
      "bytesTotal": "16259",
      "bytesTransferred": "16259",
      "proxy": "",
      "peerProtocolFlags": "0",
      "bytesTransferredFromPeer": "0",
      "AdditionalInfoHr": "0",
      "PeerContextInfo": "0",
      "bandwidthLimit": "18446744073709551615",
      "ignoreBandwidthLimitsOnLan": "False"
    },
    "RawXml": "<Event xmlns=\"http://schemas.microsoft.com/win/2004/08/events/event\"><System><Provider Name=\"Microsoft-Windows-Bits-Client\" Guid=\"{ef1cc15b-46c1-414e-bb95-e76b077bd51e}\"></Provider>\n<EventID Qualifiers=\"\">60</EventID>\n<Version>1</Version>\n<Level>4</Level>\n<Task>0</Task>\n<Opcode>2</Opcode>\n<Keywords>0x4000000000000000</Keywords>\n<TimeCreated SystemTime=\"2014-01-25 01:50:15.436626+00:00\"></TimeCreated>\n<EventRecordID>1086</EventRecordID>\n<Correlation ActivityID=\"{692698d6-a4cf-4117-bbf9-fd9f5dc6aba5}\" RelatedActivityID=\"\"></Correlation>\n<Execution ProcessID=\"888\" ThreadID=\"2852\"></Execution>\n<Channel>Microsoft-Windows-Bits-Client/Operational</Channel>\n<Computer>IACIS-HDD-2014</Computer>\n<Security UserID=\"S-1-5-18\"></Security>\n</System>\n<EventData><Data Name=\"transferId\">{692698d6-a4cf-4117-bbf9-fd9f5dc6aba5}</Data>\n<Data Name=\"name\">WU Client Download</Data>\n<Data Name=\"Id\">{86a59cc5-1f82-44e6-8cc0-8ee9e633a76b}</Data>\n<Data Name=\"url\">http://download.windowsupdate.com/msdownload/update/software/crup/2011/06/windows6.1-kb2552343-x64_f16917787e5718b8a3f2c29ba79449284a8b4a84.psf</Data>\n<Data Name=\"peer\"></Data>\n<Data Name=\"hr\">0</Data>\n<Data Name=\"fileTime\">2011-06-23 00:26:49+00:00</Data>\n<Data Name=\"fileLength\">7996566</Data>\n<Data Name=\"bytesTotal\">16259</Data>\n<Data Name=\"bytesTransferred\">16259</Data>\n<Data Name=\"proxy\"></Data>\n<Data Name=\"peerProtocolFlags\">0</Data>\n<Data Name=\"bytesTransferredFromPeer\">0</Data>\n<Data Name=\"AdditionalInfoHr\">0</Data>\n<Data Name=\"PeerContextInfo\">0</Data>\n<Data Name=\"bandwidthLimit\">18446744073709551615</Data>\n<Data Name=\"ignoreBandwidthLimitsOnLan\">False</Data>\n</EventData>\n</Event>\n"
  },
  {
    "EventID": 60,
    "Timestamp": "2014-01-25 01:50:15.514627+00:00",
    "Computer": "IACIS-HDD-2014",
    "Channel": "Microsoft-Windows-Bits-Client/Operational",
    "Level": "Information",
    "EventData": {
      "transferId": "{a2fffd5c-75f5-498c-91a7-b6be90db0408}",
      "name": "WU Client Download",
      "Id": "{ae4c2671-0348-4fa7-8f10-752ea3c9d571}",
      "url": "http://download.windowsupdate.com/msdownload/update/software/crup/2013/01/windows6.1-kb2786081-x64_c57ec87d83ffe43e02366dec581f335863bfa74c.psf",
      "peer": "",
      "hr": "0",
      "fileTime": "2013-01-01 04:06:08+00:00",
      "fileLength": "116132",
      "bytesTotal": "1891",
      "bytesTransferred": "1891",
      "proxy": "",
      "peerProtocolFlags": "0",
      "bytesTransferredFromPeer": "0",
      "AdditionalInfoHr": "0",
      "PeerContextInfo": "0",
      "bandwidthLimit": "18446744073709551615",
      "ignoreBandwidthLimitsOnLan": "False"
    },
    "RawXml": "<Event xmlns=\"http://schemas.microsoft.com/win/2004/08/events/event\"><System><Provider Name=\"Microsoft-Windows-Bits-Client\" Guid=\"{ef1cc15b-46c1-414e-bb95-e76b077bd51e}\"></Provider>\n<EventID Qualifiers=\"\">60</EventID>\n<Version>1</Version>\n<Level>4</Level>\n<Task>0</Task>\n<Opcode>2</Opcode>\n<Keywords>0x4000000000000000</Keywords>\n<TimeCreated SystemTime=\"2014-01-25 01:50:15.514627+00:00\"></TimeCreated>\n<EventRecordID>1087</EventRecordID>\n<Correlation ActivityID=\"{a2fffd5c-75f5-498c-91a7-b6be90db0408}\" RelatedActivityID=\"\"></Correlation>\n<Execution ProcessID=\"888\" ThreadID=\"2756\"></Execution>\n<Channel>Microsoft-Windows-Bits-Client/Operational</Channel>\n<Computer>IACIS-HDD-2014</Computer>\n<Security UserID=\"S-1-5-18\"></Security>\n</System>\n<EventData><Data Name=\"transferId\">{a2fffd5c-75f5-498c-91a7-b6be90db0408}</Data>\n<Data Name=\"name\">WU Client Download</Data>\n<Data Name=\"Id\">{ae4c2671-0348-4fa7-8f10-752ea3c9d571}</Data>\n<Data Name=\"url\">http://download.windowsupdate.com/msdownload/update/software/crup/2013/01/windows6.1-kb2786081-x64_c57ec87d83ffe43e02366dec581f335863bfa74c.psf</Data>\n<Data Name=\"peer\"></Data>\n<Data Name=\"hr\">0</Data>\n<Data Name=\"fileTime\">2013-01-01 04:06:08+00:00</Data>\n<Data Name=\"fileLength\">116132</Data>\n<Data Name=\"bytesTotal\">1891</Data>\n<Data Name=\"bytesTransferred\">1891</Data>\n<Data Name=\"proxy\"></Data>\n<Data Name=\"peerProtocolFlags\">0</Data>\n<Data Name=\"bytesTransferredFromPeer\">0</Data>\n<Data Name=\"AdditionalInfoHr\">0</Data>\n<Data Name=\"PeerContextInfo\">0</Data>\n<Data Name=\"bandwidthLimit\">18446744073709551615</Data>\n<Data Name=\"ignoreBandwidthLimitsOnLan\">False</Data>\n</EventData>\n</Event>\n"
  },
  {
    "EventID": 60,
    "Timestamp": "2014-01-25 01:50:15.577026+00:00",
    "Computer": "IACIS-HDD-2014",
    "Channel": "Microsoft-Windows-Bits-Client/Operational",
    "Level": "Information",
    "EventData": {
      "transferId": "{ea495a9f-2b74-49b3-8c16-1cc9cd3278d0}",
      "name": "WU Client Download",
      "Id": "{b0c828fc-a08d-414d-a6fe-c3c8b4d5785c}",
      "url": "http://download.windowsupdate.com/msdownload/update/software/secu/2012/09/windows6.1-kb2743555-x64_613bc670f742dfffefd434ec6b31a900fdc81f11.psf",
      "peer": "",
      "hr": "0",
      "fileTime": "2012-09-21 05:06:42+00:00",
      "fileLength": "18104577",
      "bytesTotal": "58236",
      "bytesTransferred": "58236",
      "proxy": "",
      "peerProtocolFlags": "0",
      "bytesTransferredFromPeer": "0",
      "AdditionalInfoHr": "0",
      "PeerContextInfo": "0",
      "bandwidthLimit": "18446744073709551615",
      "ignoreBandwidthLimitsOnLan": "False"
    },
    "RawXml": "<Event xmlns=\"http://schemas.microsoft.com/win/2004/08/events/event\"><System><Provider Name=\"Microsoft-Windows-Bits-Client\" Guid=\"{ef1cc15b-46c1-414e-bb95-e76b077bd51e}\"></Provider>\n<EventID Qualifiers=\"\">60</EventID>\n<Version>1</Version>\n<Level>4</Level>\n<Task>0</Task>\n<Opcode>2</Opcode>\n<Keywords>0x4000000000000000</Keywords>\n<TimeCreated SystemTime=\"2014-01-25 01:50:15.577026+00:00\"></TimeCreated>\n<EventRecordID>1088</EventRecordID>\n<Correlation ActivityID=\"{ea495a9f-2b74-49b3-8c16-1cc9cd3278d0}\" RelatedActivityID=\"\"></Correlation>\n<Execution ProcessID=\"888\" ThreadID=\"2936\"></Execution>\n<Channel>Microsoft-Windows-Bits-Client/Operational</Channel>\n<Computer>IACIS-HDD-2014</Computer>\n<Security UserID=\"S-1-5-18\"></Security>\n</System>\n<EventData><Data Name=\"transferId\">{ea495a9f-2b74-49b3-8c16-1cc9cd3278d0}</Data>\n<Data Name=\"name\">WU Client Download</Data>\n<Data Name=\"Id\">{b0c828fc-a08d-414d-a6fe-c3c8b4d5785c}</Data>\n<Data Name=\"url\">http://download.windowsupdate.com/msdownload/update/software/secu/2012/09/windows6.1-kb2743555-x64_613bc670f742dfffefd434ec6b31a900fdc81f11.psf</Data>\n<Data Name=\"peer\"></Data>\n<Data Name=\"hr\">0</Data>\n<Data Name=\"fileTime\">2012-09-21 05:06:42+00:00</Data>\n<Data Name=\"fileLength\">18104577</Data>\n<Data Name=\"bytesTotal\">58236</Data>\n<Data Name=\"bytesTransferred\">58236</Data>\n<Data Name=\"proxy\"></Data>\n<Data Name=\"peerProtocolFlags\">0</Data>\n<Data Name=\"bytesTransferredFromPeer\">0</Data>\n<Data Name=\"AdditionalInfoHr\">0</Data>\n<Data Name=\"PeerContextInfo\">0</Data>\n<Data Name=\"bandwidthLimit\">18446744073709551615</Data>\n<Data Name=\"ignoreBandwidthLimitsOnLan\">False</Data>\n</EventData>\n</Event>\n"
  },
  {
    "EventID": 60,
    "Timestamp": "2014-01-25 01:50:15.623827+00:00",
    "Computer": "IACIS-HDD-2014",
    "Channel": "Microsoft-Windows-Bits-Client/Operational",
    "Level": "Information",
    "EventData": {
      "transferId": "{2b8d8d7d-d9d6-43e5-8cb1-5b1a6bb72c65}",
      "name": "WU Client Download",
      "Id": "{25b182c4-8403-4a5f-909f-db24b7a2bd48}",
      "url": "http://download.windowsupdate.com/msdownload/update/software/crup/2011/03/windows6.1-kb2506014-x64_0c57cb4a8c84d1931f8a80b419463819e5832532.psf",
      "peer": "",
      "hr": "0",
      "fileTime": "2011-03-16 01:08:37+00:00",
      "fileLength": "21492953",
      "bytesTotal": "37383",
      "bytesTransferred": "37383",
      "proxy": "",
      "peerProtocolFlags": "0",
      "bytesTransferredFromPeer": "0",
      "AdditionalInfoHr": "0",
      "PeerContextInfo": "0",
      "bandwidthLimit": "18446744073709551615",
      "ignoreBandwidthLimitsOnLan": "False"
    },
    "RawXml": "<Event xmlns=\"http://schemas.microsoft.com/win/2004/08/events/event\"><System><Provider Name=\"Microsoft-Windows-Bits-Client\" Guid=\"{ef1cc15b-46c1-414e-bb95-e76b077bd51e}\"></Provider>\n<EventID Qualifiers=\"\">60</EventID>\n<Version>1</Version>\n<Level>4</Level>\n<Task>0</Task>\n<Opcode>2</Opcode>\n<Keywords>0x4000000000000000</Keywords>\n<TimeCreated SystemTime=\"2014-01-25 01:50:15.623827+00:00\"></TimeCreated>\n<EventRecordID>1089</EventRecordID>\n<Correlation ActivityID=\"{2b8d8d7d-d9d6-43e5-8cb1-5b1a6bb72c65}\" RelatedActivityID=\"\"></Correlation>\n<Execution ProcessID=\"888\" ThreadID=\"1508\"></Execution>\n<Channel>Microsoft-Windows-Bits-Client/Operational</Channel>\n<Computer>IACIS-HDD-2014</Computer>\n<Security UserID=\"S-1-5-18\"></Security>\n</System>\n<EventData><Data Name=\"transferId\">{2b8d8d7d-d9d6-43e5-8cb1-5b1a6bb72c65}</Data>\n<Data Name=\"name\">WU Client Download</Data>\n<Data Name=\"Id\">{25b182c4-8403-4a5f-909f-db24b7a2bd48}</Data>\n<Data Name=\"url\">http://download.windowsupdate.com/msdownload/update/software/crup/2011/03/windows6.1-kb2506014-x64_0c57cb4a8c84d1931f8a80b419463819e5832532.psf</Data>\n<Data Name=\"peer\"></Data>\n<Data Name=\"hr\">0</Data>\n<Data Name=\"fileTime\">2011-03-16 01:08:37+00:00</Data>\n<Data Name=\"fileLength\">21492953</Data>\n<Data Name=\"bytesTotal\">37383</Data>\n<Data Name=\"bytesTransferred\">37383</Data>\n<Data Name=\"proxy\"></Data>\n<Data Name=\"peerProtocolFlags\">0</Data>\n<Data Name=\"bytesTransferredFromPeer\">0</Data>\n<Data Name=\"AdditionalInfoHr\">0</Data>\n<Data Name=\"PeerContextInfo\">0</Data>\n<Data Name=\"bandwidthLimit\">18446744073709551615</Data>\n<Data Name=\"ignoreBandwidthLimitsOnLan\">False</Data>\n</EventData>\n</Event>\n"
  },
  {
    "EventID": 60,
    "Timestamp": "2014-01-25 01:50:15.655027+00:00",
    "Computer": "IACIS-HDD-2014",
    "Channel": "Microsoft-Windows-Bits-Client/Operational",
    "Level": "Information",
    "EventData": {
      "transferId": "{35fe0f22-3ee6-45ac-be55-5be30ea7b4f6}",
      "name": "WU Client Download",
      "Id": "{d29f8b40-5fd6-4c06-811d-1d621b157f20}",
      "url": "http://download.windowsupdate.com/msdownload/update/software/secu/2013/10/windows6.1-kb2876331-x64_8dfcbb0201c1a2b899c72c3957d9f1e3e4c1af81.psf",
      "peer": "",
      "hr": "0",
      "fileTime": "2013-10-22 20:40:38+00:00",
      "fileLength": "3207245",
      "bytesTotal": "11207",
      "bytesTransferred": "11207",
      "proxy": "",
      "peerProtocolFlags": "0",
      "bytesTransferredFromPeer": "0",
      "AdditionalInfoHr": "0",
      "PeerContextInfo": "0",
      "bandwidthLimit": "18446744073709551615",
      "ignoreBandwidthLimitsOnLan": "False"
    },
    "RawXml": "<Event xmlns=\"http://schemas.microsoft.com/win/2004/08/events/event\"><System><Provider Name=\"Microsoft-Windows-Bits-Client\" Guid=\"{ef1cc15b-46c1-414e-bb95-e76b077bd51e}\"></Provider>\n<EventID Qualifiers=\"\">60</EventID>\n<Version>1</Version>\n<Level>4</Level>\n<Task>0</Task>\n<Opcode>2</Opcode>\n<Keywords>0x4000000000000000</Keywords>\n<TimeCreated SystemTime=\"2014-01-25 01:50:15.655027+00:00\"></TimeCreated>\n<EventRecordID>1090</EventRecordID>\n<Correlation ActivityID=\"{35fe0f22-3ee6-45ac-be55-5be30ea7b4f6}\" RelatedActivityID=\"\"></Correlation>\n<Execution ProcessID=\"888\" ThreadID=\"1204\"></Execution>\n<Channel>Microsoft-Windows-Bits-Client/Operational</Channel>\n<Computer>IACIS-HDD-2014</Computer>\n<Security UserID=\"S-1-5-18\"></Security>\n</System>\n<EventData><Data Name=\"transferId\">{35fe0f22-3ee6-45ac-be55-5be30ea7b4f6}</Data>\n<Data Name=\"name\">WU Client Download</Data>\n<Data Name=\"Id\">{d29f8b40-5fd6-4c06-811d-1d621b157f20}</Data>\n<Data Name=\"url\">http://download.windowsupdate.com/msdownload/update/software/secu/2013/10/windows6.1-kb2876331-x64_8dfcbb0201c1a2b899c72c3957d9f1e3e4c1af81.psf</Data>\n<Data Name=\"peer\"></Data>\n<Data Name=\"hr\">0</Data>\n<Data Name=\"fileTime\">2013-10-22 20:40:38+00:00</Data>\n<Data Name=\"fileLength\">3207245</Data>\n<Data Name=\"bytesTotal\">11207</Data>\n<Data Name=\"bytesTransferred\">11207</Data>\n<Data Name=\"proxy\"></Data>\n<Data Name=\"peerProtocolFlags\">0</Data>\n<Data Name=\"bytesTransferredFromPeer\">0</Data>\n<Data Name=\"AdditionalInfoHr\">0</Data>\n<Data Name=\"PeerContextInfo\">0</Data>\n<Data Name=\"bandwidthLimit\">18446744073709551615</Data>\n<Data Name=\"ignoreBandwidthLimitsOnLan\">False</Data>\n</EventData>\n</Event>\n"
  },
  {
    "EventID": 60,
    "Timestamp": "2014-01-25 01:50:15.686226+00:00",
    "Computer": "IACIS-HDD-2014",
    "Channel": "Microsoft-Windows-Bits-Client/Operational",
    "Level": "Information",
    "EventData": {
      "transferId": "{171ff4aa-dd26-4d6d-9c62-1339fa92ed82}",
      "name": "WU Client Download",
      "Id": "{fc13c806-6e8e-456d-a346-9ece294762cb}",
      "url": "http://download.windowsupdate.com/msdownload/update/software/secu/2013/11/windows6.1-kb2887069-x64_3eadb359c4af38fd2619c312f97085beced0a04f.psf",
      "peer": "",
      "hr": "0",
      "fileTime": "2013-11-20 01:05:12+00:00",
      "fileLength": "6572674",
      "bytesTotal": "2028",
      "bytesTransferred": "2028",
      "proxy": "",
      "peerProtocolFlags": "0",
      "bytesTransferredFromPeer": "0",
      "AdditionalInfoHr": "0",
      "PeerContextInfo": "0",
      "bandwidthLimit": "18446744073709551615",
      "ignoreBandwidthLimitsOnLan": "False"
    },
    "RawXml": "<Event xmlns=\"http://schemas.microsoft.com/win/2004/08/events/event\"><System><Provider Name=\"Microsoft-Windows-Bits-Client\" Guid=\"{ef1cc15b-46c1-414e-bb95-e76b077bd51e}\"></Provider>\n<EventID Qualifiers=\"\">60</EventID>\n<Version>1</Version>\n<Level>4</Level>\n<Task>0</Task>\n<Opcode>2</Opcode>\n<Keywords>0x4000000000000000</Keywords>\n<TimeCreated SystemTime=\"2014-01-25 01:50:15.686226+00:00\"></TimeCreated>\n<EventRecordID>1091</EventRecordID>\n<Correlation ActivityID=\"{171ff4aa-dd26-4d6d-9c62-1339fa92ed82}\" RelatedActivityID=\"\"></Correlation>\n<Execution ProcessID=\"888\" ThreadID=\"812\"></Execution>\n<Channel>Microsoft-Windows-Bits-Client/Operational</Channel>\n<Computer>IACIS-HDD-2014</Computer>\n<Security UserID=\"S-1-5-18\"></Security>\n</System>\n<EventData><Data Name=\"transferId\">{171ff4aa-dd26-4d6d-9c62-1339fa92ed82}</Data>\n<Data Name=\"name\">WU Client Download</Data>\n<Data Name=\"Id\">{fc13c806-6e8e-456d-a346-9ece294762cb}</Data>\n<Data Name=\"url\">http://download.windowsupdate.com/msdownload/update/software/secu/2013/11/windows6.1-kb2887069-x64_3eadb359c4af38fd2619c312f97085beced0a04f.psf</Data>\n<Data Name=\"peer\"></Data>\n<Data Name=\"hr\">0</Data>\n<Data Name=\"fileTime\">2013-11-20 01:05:12+00:00</Data>\n<Data Name=\"fileLength\">6572674</Data>\n<Data Name=\"bytesTotal\">2028</Data>\n<Data Name=\"bytesTransferred\">2028</Data>\n<Data Name=\"proxy\"></Data>\n<Data Name=\"peerProtocolFlags\">0</Data>\n<Data Name=\"bytesTransferredFromPeer\">0</Data>\n<Data Name=\"AdditionalInfoHr\">0</Data>\n<Data Name=\"PeerContextInfo\">0</Data>\n<Data Name=\"bandwidthLimit\">18446744073709551615</Data>\n<Data Name=\"ignoreBandwidthLimitsOnLan\">False</Data>\n</EventData>\n</Event>\n"
  },
  {
    "EventID": 60,
    "Timestamp": "2014-01-25 01:50:15.717426+00:00",
    "Computer": "IACIS-HDD-2014",
    "Channel": "Microsoft-Windows-Bits-Client/Operational",
    "Level": "Information",
    "EventData": {
      "transferId": "{118a93ad-2f9c-46a3-adcc-1a8b2f008b55}",
      "name": "WU Client Download",
      "Id": "{d0993c63-75e5-42f6-a1af-2bf0e1e71df0}",
      "url": "http://download.windowsupdate.com/msdownload/update/software/secu/2013/05/windows6.1-kb2839894-x64_c648faff524e13937955560f9dbeae91fd94bf96.psf",
      "peer": "",
      "hr": "0",
      "fileTime": "2013-05-22 04:45:35+00:00",
      "fileLength": "13059704",
      "bytesTotal": "37066",
      "bytesTransferred": "37066",
      "proxy": "",
      "peerProtocolFlags": "0",
      "bytesTransferredFromPeer": "0",
      "AdditionalInfoHr": "0",
      "PeerContextInfo": "0",
      "bandwidthLimit": "18446744073709551615",
      "ignoreBandwidthLimitsOnLan": "False"
    },
    "RawXml": "<Event xmlns=\"http://schemas.microsoft.com/win/2004/08/events/event\"><System><Provider Name=\"Microsoft-Windows-Bits-Client\" Guid=\"{ef1cc15b-46c1-414e-bb95-e76b077bd51e}\"></Provider>\n<EventID Qualifiers=\"\">60</EventID>\n<Version>1</Version>\n<Level>4</Level>\n<Task>0</Task>\n<Opcode>2</Opcode>\n<Keywords>0x4000000000000000</Keywords>\n<TimeCreated SystemTime=\"2014-01-25 01:50:15.717426+00:00\"></TimeCreated>\n<EventRecordID>1092</EventRecordID>\n<Correlation ActivityID=\"{118a93ad-2f9c-46a3-adcc-1a8b2f008b55}\" RelatedActivityID=\"\"></Correlation>\n<Execution ProcessID=\"888\" ThreadID=\"3056\"></Execution>\n<Channel>Microsoft-Windows-Bits-Client/Operational</Channel>\n<Computer>IACIS-HDD-2014</Computer>\n<Security UserID=\"S-1-5-18\"></Security>\n</System>\n<EventData><Data Name=\"transferId\">{118a93ad-2f9c-46a3-adcc-1a8b2f008b55}</Data>\n<Data Name=\"name\">WU Client Download</Data>\n<Data Name=\"Id\">{d0993c63-75e5-42f6-a1af-2bf0e1e71df0}</Data>\n<Data Name=\"url\">http://download.windowsupdate.com/msdownload/update/software/secu/2013/05/windows6.1-kb2839894-x64_c648faff524e13937955560f9dbeae91fd94bf96.psf</Data>\n<Data Name=\"peer\"></Data>\n<Data Name=\"hr\">0</Data>\n<Data Name=\"fileTime\">2013-05-22 04:45:35+00:00</Data>\n<Data Name=\"fileLength\">13059704</Data>\n<Data Name=\"bytesTotal\">37066</Data>\n<Data Name=\"bytesTransferred\">37066</Data>\n<Data Name=\"proxy\"></Data>\n<Data Name=\"peerProtocolFlags\">0</Data>\n<Data Name=\"bytesTransferredFromPeer\">0</Data>\n<Data Name=\"AdditionalInfoHr\">0</Data>\n<Data Name=\"PeerContextInfo\">0</Data>\n<Data Name=\"bandwidthLimit\">18446744073709551615</Data>\n<Data Name=\"ignoreBandwidthLimitsOnLan\">False</Data>\n</EventData>\n</Event>\n"
  },
  {
    "EventID": 60,
    "Timestamp": "2014-01-25 01:50:15.748627+00:00",
    "Computer": "IACIS-HDD-2014",
    "Channel": "Microsoft-Windows-Bits-Client/Operational",
    "Level": "Information",
    "EventData": {
      "transferId": "{8b0bc42d-c97e-4a77-9126-17c47c4e0b4d}",
      "name": "WU Client Download",
      "Id": "{f33b0f88-254b-4629-86c4-e34c7125ada5}",
      "url": "http://download.windowsupdate.com/msdownload/update/software/secu/2012/04/windows6.1-kb2690533-x64_e2efba20d2b96c54b008bec95b7e6a89a0dd1f7f.psf",
      "peer": "",
      "hr": "0",
      "fileTime": "2012-04-17 19:55:33+00:00",
      "fileLength": "494071",
      "bytesTotal": "5855",
      "bytesTransferred": "5855",
      "proxy": "",
      "peerProtocolFlags": "0",
      "bytesTransferredFromPeer": "0",
      "AdditionalInfoHr": "0",
      "PeerContextInfo": "0",
      "bandwidthLimit": "18446744073709551615",
      "ignoreBandwidthLimitsOnLan": "False"
    },
    "RawXml": "<Event xmlns=\"http://schemas.microsoft.com/win/2004/08/events/event\"><System><Provider Name=\"Microsoft-Windows-Bits-Client\" Guid=\"{ef1cc15b-46c1-414e-bb95-e76b077bd51e}\"></Provider>\n<EventID Qualifiers=\"\">60</EventID>\n<Version>1</Version>\n<Level>4</Level>\n<Task>0</Task>\n<Opcode>2</Opcode>\n<Keywords>0x4000000000000000</Keywords>\n<TimeCreated SystemTime=\"2014-01-25 01:50:15.748627+00:00\"></TimeCreated>\n<EventRecordID>1093</EventRecordID>\n<Correlation ActivityID=\"{8b0bc42d-c97e-4a77-9126-17c47c4e0b4d}\" RelatedActivityID=\"\"></Correlation>\n<Execution ProcessID=\"888\" ThreadID=\"800\"></Execution>\n<Channel>Microsoft-Windows-Bits-Client/Operational</Channel>\n<Computer>IACIS-HDD-2014</Computer>\n<Security UserID=\"S-1-5-18\"></Security>\n</System>\n<EventData><Data Name=\"transferId\">{8b0bc42d-c97e-4a77-9126-17c47c4e0b4d}</Data>\n<Data Name=\"name\">WU Client Download</Data>\n<Data Name=\"Id\">{f33b0f88-254b-4629-86c4-e34c7125ada5}</Data>\n<Data Name=\"url\">http://download.windowsupdate.com/msdownload/update/software/secu/2012/04/windows6.1-kb2690533-x64_e2efba20d2b96c54b008bec95b7e6a89a0dd1f7f.psf</Data>\n<Data Name=\"peer\"></Data>\n<Data Name=\"hr\">0</Data>\n<Data Name=\"fileTime\">2012-04-17 19:55:33+00:00</Data>\n<Data Name=\"fileLength\">494071</Data>\n<Data Name=\"bytesTotal\">5855</Data>\n<Data Name=\"bytesTransferred\">5855</Data>\n<Data Name=\"proxy\"></Data>\n<Data Name=\"peerProtocolFlags\">0</Data>\n<Data Name=\"bytesTransferredFromPeer\">0</Data>\n<Data Name=\"AdditionalInfoHr\">0</Data>\n<Data Name=\"PeerContextInfo\">0</Data>\n<Data Name=\"bandwidthLimit\">18446744073709551615</Data>\n<Data Name=\"ignoreBandwidthLimitsOnLan\">False</Data>\n</EventData>\n</Event>\n"
  },
