  {
    "EventID": 60,
    "Timestamp": "2014-01-25 01:38:32.023390+00:00",
    "Computer": "IACIS-HDD-2014",
    "Channel": "Microsoft-Windows-Bits-Client/Operational",
    "Level": "Information",
    "EventData": {
      "transferId": "{8f67b29e-3e08-4ad9-a221-9839fed87ffd}",
      "name": "WU Client Download",
      "Id": "{4b3f5281-fe24-4b52-b9b0-d0b1e906c366}",
      "url": "http://au.download.windowsupdate.com/msdownload/update/software/secu/2013/05/windows6.1-kb2839894-x64-express_144c0c18c0862df33aac7e11d92607e2fbc028dd.cab",
      "peer": "",
      "hr": "0",
      "fileTime": "2013-05-22 04:44:59+00:00",
      "fileLength": "43039",
      "bytesTotal": "43039",
      "bytesTransferred": "43039",
      "proxy": "",
      "peerProtocolFlags": "0",
      "bytesTransferredFromPeer": "0",
      "AdditionalInfoHr": "0",
      "PeerContextInfo": "0",
      "bandwidthLimit": "18446744073709551615",
      "ignoreBandwidthLimitsOnLan": "False"
    },
    "RawXml": "<Event xmlns=\"http://schemas.microsoft.com/win/2004/08/events/event\"><System><Provider Name=\"Microsoft-Windows-Bits-Client\" Guid=\"{ef1cc15b-46c1-414e-bb95-e76b077bd51e}\"></Provider>\n<EventID Qualifiers=\"\">60</EventID>\n<Version>1</Version>\n<Level>4</Level>\n<Task>0</Task>\n<Opcode>2</Opcode>\n<Keywords>0x4000000000000000</Keywords>\n<TimeCreated SystemTime=\"2014-01-25 01:38:32.023390+00:00\"></TimeCreated>\n<EventRecordID>525</EventRecordID>\n<Correlation ActivityID=\"{8f67b29e-3e08-4ad9-a221-9839fed87ffd}\" RelatedActivityID=\"\"></Correlation>\n<Execution ProcessID=\"888\" ThreadID=\"1040\"></Execution>\n<Channel>Microsoft-Windows-Bits-Client/Operational</Channel>\n<Computer>IACIS-HDD-2014</Computer>\n<Security UserID=\"S-1-5-18\"></Security>\n</System>\n<EventData><Data Name=\"transferId\">{8f67b29e-3e08-4ad9-a221-9839fed87ffd}</Data>\n<Data Name=\"name\">WU Client Download</Data>\n<Data Name=\"Id\">{4b3f5281-fe24-4b52-b9b0-d0b1e906c366}</Data>\n<Data Name=\"url\">http://au.download.windowsupdate.com/msdownload/update/software/secu/2013/05/windows6.1-kb2839894-x64-express_144c0c18c0862df33aac7e11d92607e2fbc028dd.cab</Data>\n<Data Name=\"peer\"></Data>\n<Data Name=\"hr\">0</Data>\n<Data Name=\"fileTime\">2013-05-22 04:44:59+00:00</Data>\n<Data Name=\"fileLength\">43039</Data>\n<Data Name=\"bytesTotal\">43039</Data>\n<Data Name=\"bytesTransferred\">43039</Data>\n<Data Name=\"proxy\"></Data>\n<Data Name=\"peerProtocolFlags\">0</Data>\n<Data Name=\"bytesTransferredFromPeer\">0</Data>\n<Data Name=\"AdditionalInfoHr\">0</Data>\n<Data Name=\"PeerContextInfo\">0</Data>\n<Data Name=\"bandwidthLimit\">18446744073709551615</Data>\n<Data Name=\"ignoreBandwidthLimitsOnLan\">False</Data>\n</EventData>\n</Event>\n"
  },
  {
    "EventID": 60,
    "Timestamp": "2014-01-25 01:38:32.085791+00:00",
    "Computer": "IACIS-HDD-2014",
    "Channel": "Microsoft-Windows-Bits-Client/Operational",
    "Level": "Information",
    "EventData": {
      "transferId": "{833e2a82-23a9-45c1-a730-a7f6a1998cc1}",
      "name": "WU Client Download",
      "Id": "{db7fdc4a-29b1-4e03-9c88-d31cd24bb354}",
      "url": "http://au.download.windowsupdate.com/msdownload/update/software/secu/2012/08/windows6.1-kb2706045-x64-express_05d91ac0051f076a43a428b87a3478a76f18a721.cab",
      "peer": "",
      "hr": "0",
      "fileTime": "2012-08-02 04:56:17+00:00",
      "fileLength": "82065",
      "bytesTotal": "82065",
      "bytesTransferred": "82065",
      "proxy": "",
      "peerProtocolFlags": "0",
      "bytesTransferredFromPeer": "0",
      "AdditionalInfoHr": "0",
      "PeerContextInfo": "0",
      "bandwidthLimit": "18446744073709551615",
      "ignoreBandwidthLimitsOnLan": "False"
    },
    "RawXml": "<Event xmlns=\"http://schemas.microsoft.com/win/2004/08/events/event\"><System><Provider Name=\"Microsoft-Windows-Bits-Client\" Guid=\"{ef1cc15b-46c1-414e-bb95-e76b077bd51e}\"></Provider>\n<EventID Qualifiers=\"\">60</EventID>\n<Version>1</Version>\n<Level>4</Level>\n<Task>0</Task>\n<Opcode>2</Opcode>\n<Keywords>0x4000000000000000</Keywords>\n<TimeCreated SystemTime=\"2014-01-25 01:38:32.085791+00:00\"></TimeCreated>\n<EventRecordID>526</EventRecordID>\n<Correlation ActivityID=\"{833e2a82-23a9-45c1-a730-a7f6a1998cc1}\" RelatedActivityID=\"\"></Correlation>\n<Execution ProcessID=\"888\" ThreadID=\"2612\"></Execution>\n<Channel>Microsoft-Windows-Bits-Client/Operational</Channel>\n<Computer>IACIS-HDD-2014</Computer>\n<Security UserID=\"S-1-5-18\"></Security>\n</System>\n<EventData><Data Name=\"transferId\">{833e2a82-23a9-45c1-a730-a7f6a1998cc1}</Data>\n<Data Name=\"name\">WU Client Download</Data>\n<Data Name=\"Id\">{db7fdc4a-29b1-4e03-9c88-d31cd24bb354}</Data>\n<Data Name=\"url\">http://au.download.windowsupdate.com/msdownload/update/software/secu/2012/08/windows6.1-kb2706045-x64-express_05d91ac0051f076a43a428b87a3478a76f18a721.cab</Data>\n<Data Name=\"peer\"></Data>\n<Data Name=\"hr\">0</Data>\n<Data Name=\"fileTime\">2012-08-02 04:56:17+00:00</Data>\n<Data Name=\"fileLength\">82065</Data>\n<Data Name=\"bytesTotal\">82065</Data>\n<Data Name=\"bytesTransferred\">82065</Data>\n<Data Name=\"proxy\"></Data>\n<Data Name=\"peerProtocolFlags\">0</Data>\n<Data Name=\"bytesTransferredFromPeer\">0</Data>\n<Data Name=\"AdditionalInfoHr\">0</Data>\n<Data Name=\"PeerContextInfo\">0</Data>\n<Data Name=\"bandwidthLimit\">18446744073709551615</Data>\n<Data Name=\"ignoreBandwidthLimitsOnLan\">False</Data>\n</EventData>\n</Event>\n"
  },
  {
    "EventID": 60,
    "Timestamp": "2014-01-25 01:38:32.179392+00:00",
    "Computer": "IACIS-HDD-2014",
    "Channel": "Microsoft-Windows-Bits-Client/Operational",
    "Level": "Information",
    "EventData": {
      "transferId": "{975e1719-3190-44b9-aa45-cd463560e6f4}",
      "name": "WU Client Download",
      "Id": "{dc20e066-bf95-4e4a-9d7b-1bb7cc523dc5}",
      "url": "http://au.download.windowsupdate.com/msdownload/update/software/secu/2013/10/windows6.1-kb2876331-x64-express_82cf7c4fe32be44c74da0c54cccbab762573bfd2.cab",
      "peer": "",
      "hr": "0",
      "fileTime": "2013-10-22 20:40:36+00:00",
      "fileLength": "50563",
      "bytesTotal": "50563",
      "bytesTransferred": "50563",
      "proxy": "",
      "peerProtocolFlags": "0",
      "bytesTransferredFromPeer": "0",
      "AdditionalInfoHr": "0",
      "PeerContextInfo": "0",
      "bandwidthLimit": "18446744073709551615",
      "ignoreBandwidthLimitsOnLan": "False"
    },
    "RawXml": "<Event xmlns=\"http://schemas.microsoft.com/win/2004/08/events/event\"><System><Provider Name=\"Microsoft-Windows-Bits-Client\" Guid=\"{ef1cc15b-46c1-414e-bb95-e76b077bd51e}\"></Provider>\n<EventID Qualifiers=\"\">60</EventID>\n<Version>1</Version>\n<Level>4</Level>\n<Task>0</Task>\n<Opcode>2</Opcode>\n<Keywords>0x4000000000000000</Keywords>\n<TimeCreated SystemTime=\"2014-01-25 01:38:32.179392+00:00\"></TimeCreated>\n<EventRecordID>527</EventRecordID>\n<Correlation ActivityID=\"{975e1719-3190-44b9-aa45-cd463560e6f4}\" RelatedActivityID=\"\"></Correlation>\n<Execution ProcessID=\"888\" ThreadID=\"1844\"></Execution>\n<Channel>Microsoft-Windows-Bits-Client/Operational</Channel>\n<Computer>IACIS-HDD-2014</Computer>\n<Security UserID=\"S-1-5-18\"></Security>\n</System>\n<EventData><Data Name=\"transferId\">{975e1719-3190-44b9-aa45-cd463560e6f4}</Data>\n<Data Name=\"name\">WU Client Download</Data>\n<Data Name=\"Id\">{dc20e066-bf95-4e4a-9d7b-1bb7cc523dc5}</Data>\n<Data Name=\"url\">http://au.download.windowsupdate.com/msdownload/update/software/secu/2013/10/windows6.1-kb2876331-x64-express_82cf7c4fe32be44c74da0c54cccbab762573bfd2.cab</Data>\n<Data Name=\"peer\"></Data>\n<Data Name=\"hr\">0</Data>\n<Data Name=\"fileTime\">2013-10-22 20:40:36+00:00</Data>\n<Data Name=\"fileLength\">50563</Data>\n<Data Name=\"bytesTotal\">50563</Data>\n<Data Name=\"bytesTransferred\">50563</Data>\n<Data Name=\"proxy\"></Data>\n<Data Name=\"peerProtocolFlags\">0</Data>\n<Data Name=\"bytesTransferredFromPeer\">0</Data>\n<Data Name=\"AdditionalInfoHr\">0</Data>\n<Data Name=\"PeerContextInfo\">0</Data>\n<Data Name=\"bandwidthLimit\">18446744073709551615</Data>\n<Data Name=\"ignoreBandwidthLimitsOnLan\">False</Data>\n</EventData>\n</Event>\n"
  },
  {
    "EventID": 60,
    "Timestamp": "2014-01-25 01:38:32.350992+00:00",
    "Computer": "IACIS-HDD-2014",
    "Channel": "Microsoft-Windows-Bits-Client/Operational",
    "Level": "Information",
    "EventData": {
      "transferId": "{efe0f0c4-03a2-42aa-be4e-7083ffccd7f7}",
      "name": "WU Client Download",
      "Id": "{238dbec7-a6af-4a51-b581-944b0cc0dfda}",
      "url": "http://au.download.windowsupdate.com/msdownload/update/software/crup/2011/03/windows6.1-kb2506014-x64-express_4d817fb78e5f10018885dfb358fe2648d7dde188.cab",
      "peer": "",
      "hr": "0",
      "fileTime": "2011-03-16 01:08:32+00:00",
      "fileLength": "79053",
      "bytesTotal": "79053",
      "bytesTransferred": "79053",
      "proxy": "",
      "peerProtocolFlags": "0",
      "bytesTransferredFromPeer": "0",
      "AdditionalInfoHr": "0",
      "PeerContextInfo": "0",
      "bandwidthLimit": "18446744073709551615",
      "ignoreBandwidthLimitsOnLan": "False"
    },
    "RawXml": "<Event xmlns=\"http://schemas.microsoft.com/win/2004/08/events/event\"><System><Provider Name=\"Microsoft-Windows-Bits-Client\" Guid=\"{ef1cc15b-46c1-414e-bb95-e76b077bd51e}\"></Provider>\n<EventID Qualifiers=\"\">60</EventID>\n<Version>1</Version>\n<Level>4</Level>\n<Task>0</Task>\n<Opcode>2</Opcode>\n<Keywords>0x4000000000000000</Keywords>\n<TimeCreated SystemTime=\"2014-01-25 01:38:32.350992+00:00\"></TimeCreated>\n<EventRecordID>528</EventRecordID>\n<Correlation ActivityID=\"{efe0f0c4-03a2-42aa-be4e-7083ffccd7f7}\" RelatedActivityID=\"\"></Correlation>\n<Execution ProcessID=\"888\" ThreadID=\"2212\"></Execution>\n<Channel>Microsoft-Windows-Bits-Client/Operational</Channel>\n<Computer>IACIS-HDD-2014</Computer>\n<Security UserID=\"S-1-5-18\"></Security>\n</System>\n<EventData><Data Name=\"transferId\">{efe0f0c4-03a2-42aa-be4e-7083ffccd7f7}</Data>\n<Data Name=\"name\">WU Client Download</Data>\n<Data Name=\"Id\">{238dbec7-a6af-4a51-b581-944b0cc0dfda}</Data>\n<Data Name=\"url\">http://au.download.windowsupdate.com/msdownload/update/software/crup/2011/03/windows6.1-kb2506014-x64-express_4d817fb78e5f10018885dfb358fe2648d7dde188.cab</Data>\n<Data Name=\"peer\"></Data>\n<Data Name=\"hr\">0</Data>\n<Data Name=\"fileTime\">2011-03-16 01:08:32+00:00</Data>\n<Data Name=\"fileLength\">79053</Data>\n<Data Name=\"bytesTotal\">79053</Data>\n<Data Name=\"bytesTransferred\">79053</Data>\n<Data Name=\"proxy\"></Data>\n<Data Name=\"peerProtocolFlags\">0</Data>\n<Data Name=\"bytesTransferredFromPeer\">0</Data>\n<Data Name=\"AdditionalInfoHr\">0</Data>\n<Data Name=\"PeerContextInfo\">0</Data>\n<Data Name=\"bandwidthLimit\">18446744073709551615</Data>\n<Data Name=\"ignoreBandwidthLimitsOnLan\">False</Data>\n</EventData>\n</Event>\n"
  },
  {
    "EventID": 60,
    "Timestamp": "2014-01-25 01:38:32.444592+00:00",
    "Computer": "IACIS-HDD-2014",
    "Channel": "Microsoft-Windows-Bits-Client/Operational",
    "Level": "Information",
    "EventData": {
      "transferId": "{22cace96-d980-449f-a291-adf4776494c9}",
      "name": "WU Client Download",
      "Id": "{a657db34-3681-4e0a-b956-72f065fa3f54}",
      "url": "http://au.download.windowsupdate.com/msdownload/update/software/uprl/2013/02/wu-windows6.1-kb2786081-x64_079abbb33fe6e49e5a68571e4fdcc1bac18f1e18.exe",
      "peer": "",
      "hr": "0",
      "fileTime": "2013-02-21 19:04:02+00:00",
      "fileLength": "98816",
      "bytesTotal": "98816",
      "bytesTransferred": "98816",
      "proxy": "",
      "peerProtocolFlags": "0",
      "bytesTransferredFromPeer": "0",
      "AdditionalInfoHr": "0",
      "PeerContextInfo": "0",
      "bandwidthLimit": "18446744073709551615",
      "ignoreBandwidthLimitsOnLan": "False"
    },
    "RawXml": "<Event xmlns=\"http://schemas.microsoft.com/win/2004/08/events/event\"><System><Provider Name=\"Microsoft-Windows-Bits-Client\" Guid=\"{ef1cc15b-46c1-414e-bb95-e76b077bd51e}\"></Provider>\n<EventID Qualifiers=\"\">60</EventID>\n<Version>1</Version>\n<Level>4</Level>\n<Task>0</Task>\n<Opcode>2</Opcode>\n<Keywords>0x4000000000000000</Keywords>\n<TimeCreated SystemTime=\"2014-01-25 01:38:32.444592+00:00\"></TimeCreated>\n<EventRecordID>529</EventRecordID>\n<Correlation ActivityID=\"{22cace96-d980-449f-a291-adf4776494c9}\" RelatedActivityID=\"\"></Correlation>\n<Execution ProcessID=\"888\" ThreadID=\"2132\"></Execution>\n<Channel>Microsoft-Windows-Bits-Client/Operational</Channel>\n<Computer>IACIS-HDD-2014</Computer>\n<Security UserID=\"S-1-5-18\"></Security>\n</System>\n<EventData><Data Name=\"transferId\">{22cace96-d980-449f-a291-adf4776494c9}</Data>\n<Data Name=\"name\">WU Client Download</Data>\n<Data Name=\"Id\">{a657db34-3681-4e0a-b956-72f065fa3f54}</Data>\n<Data Name=\"url\">http://au.download.windowsupdate.com/msdownload/update/software/uprl/2013/02/wu-windows6.1-kb2786081-x64_079abbb33fe6e49e5a68571e4fdcc1bac18f1e18.exe</Data>\n<Data Name=\"peer\"></Data>\n<Data Name=\"hr\">0</Data>\n<Data Name=\"fileTime\">2013-02-21 19:04:02+00:00</Data>\n<Data Name=\"fileLength\">98816</Data>\n<Data Name=\"bytesTotal\">98816</Data>\n<Data Name=\"bytesTransferred\">98816</Data>\n<Data Name=\"proxy\"></Data>\n<Data Name=\"peerProtocolFlags\">0</Data>\n<Data Name=\"bytesTransferredFromPeer\">0</Data>\n<Data Name=\"AdditionalInfoHr\">0</Data>\n<Data Name=\"PeerContextInfo\">0</Data>\n<Data Name=\"bandwidthLimit\">18446744073709551615</Data>\n<Data Name=\"ignoreBandwidthLimitsOnLan\">False</Data>\n</EventData>\n</Event>\n"
  },
  {
    "EventID": 60,
    "Timestamp": "2014-01-25 01:38:32.522591+00:00",
    "Computer": "IACIS-HDD-2014",
    "Channel": "Microsoft-Windows-Bits-Client/Operational",
    "Level": "Information",
    "EventData": {
      "transferId": "{01c8b2d6-c2c9-4dcf-a2ee-3b6bd0db4b40}",
      "name": "WU Client Download",
      "Id": "{92203ad4-378c-4433-bb3f-4e1915ff6c65}",
      "url": "http://au.download.windowsupdate.com/msdownload/update/software/uprl/2011/12/ie9postauprep_dd36b8bd31a143c9b41d1c60b8a389e02027417f.exe",
      "peer": "",
      "hr": "0",
      "fileTime": "2011-12-17 00:44:13+00:00",
      "fileLength": "17208",
      "bytesTotal": "17208",
      "bytesTransferred": "17208",
      "proxy": "",
      "peerProtocolFlags": "0",
      "bytesTransferredFromPeer": "0",
      "AdditionalInfoHr": "0",
      "PeerContextInfo": "0",
      "bandwidthLimit": "18446744073709551615",
      "ignoreBandwidthLimitsOnLan": "False"
    },
    "RawXml": "<Event xmlns=\"http://schemas.microsoft.com/win/2004/08/events/event\"><System><Provider Name=\"Microsoft-Windows-Bits-Client\" Guid=\"{ef1cc15b-46c1-414e-bb95-e76b077bd51e}\"></Provider>\n<EventID Qualifiers=\"\">60</EventID>\n<Version>1</Version>\n<Level>4</Level>\n<Task>0</Task>\n<Opcode>2</Opcode>\n<Keywords>0x4000000000000000</Keywords>\n<TimeCreated SystemTime=\"2014-01-25 01:38:32.522591+00:00\"></TimeCreated>\n<EventRecordID>530</EventRecordID>\n<Correlation ActivityID=\"{01c8b2d6-c2c9-4dcf-a2ee-3b6bd0db4b40}\" RelatedActivityID=\"\"></Correlation>\n<Execution ProcessID=\"888\" ThreadID=\"2288\"></Execution>\n<Channel>Microsoft-Windows-Bits-Client/Operational</Channel>\n<Computer>IACIS-HDD-2014</Computer>\n<Security UserID=\"S-1-5-18\"></Security>\n</System>\n<EventData><Data Name=\"transferId\">{01c8b2d6-c2c9-4dcf-a2ee-3b6bd0db4b40}</Data>\n<Data Name=\"name\">WU Client Download</Data>\n<Data Name=\"Id\">{92203ad4-378c-4433-bb3f-4e1915ff6c65}</Data>\n<Data Name=\"url\">http://au.download.windowsupdate.com/msdownload/update/software/uprl/2011/12/ie9postauprep_dd36b8bd31a143c9b41d1c60b8a389e02027417f.exe</Data>\n<Data Name=\"peer\"></Data>\n<Data Name=\"hr\">0</Data>\n<Data Name=\"fileTime\">2011-12-17 00:44:13+00:00</Data>\n<Data Name=\"fileLength\">17208</Data>\n<Data Name=\"bytesTotal\">17208</Data>\n<Data Name=\"bytesTransferred\">17208</Data>\n<Data Name=\"proxy\"></Data>\n<Data Name=\"peerProtocolFlags\">0</Data>\n<Data Name=\"bytesTransferredFromPeer\">0</Data>\n<Data Name=\"AdditionalInfoHr\">0</Data>\n<Data Name=\"PeerContextInfo\">0</Data>\n<Data Name=\"bandwidthLimit\">18446744073709551615</Data>\n<Data Name=\"ignoreBandwidthLimitsOnLan\">False</Data>\n</EventData>\n</Event>\n"
  },
  {
    "EventID": 60,
    "Timestamp": "2014-01-25 01:38:32.647392+00:00",
    "Computer": "IACIS-HDD-2014",
    "Channel": "Microsoft-Windows-Bits-Client/Operational",
    "Level": "Information",
    "EventData": {
      "transferId": "{b4a9805b-31aa-4eae-87b1-ee62c009584b}",
      "name": "WU Client Download",
      "Id": "{00f17695-570d-48a7-b257-0027a2ea6a34}",
      "url": "http://au.download.windowsupdate.com/msdownload/update/software/secu/2011/03/windows6.1-kb2511455-x64_18c6b97f6490d8b149a4a7357ed7309c6ae796de.psf",
      "peer": "",
      "hr": "0",
      "fileTime": "2011-03-16 01:04:59+00:00",
      "fileLength": "4076404",
      "bytesTotal": "6239",
      "bytesTransferred": "6239",
      "proxy": "",
      "peerProtocolFlags": "0",
      "bytesTransferredFromPeer": "0",
      "AdditionalInfoHr": "0",
      "PeerContextInfo": "0",
      "bandwidthLimit": "18446744073709551615",
      "ignoreBandwidthLimitsOnLan": "False"
    },
    "RawXml": "<Event xmlns=\"http://schemas.microsoft.com/win/2004/08/events/event\"><System><Provider Name=\"Microsoft-Windows-Bits-Client\" Guid=\"{ef1cc15b-46c1-414e-bb95-e76b077bd51e}\"></Provider>\n<EventID Qualifiers=\"\">60</EventID>\n<Version>1</Version>\n<Level>4</Level>\n<Task>0</Task>\n<Opcode>2</Opcode>\n<Keywords>0x4000000000000000</Keywords>\n<TimeCreated SystemTime=\"2014-01-25 01:38:32.647392+00:00\"></TimeCreated>\n<EventRecordID>531</EventRecordID>\n<Correlation ActivityID=\"{b4a9805b-31aa-4eae-87b1-ee62c009584b}\" RelatedActivityID=\"\"></Correlation>\n<Execution ProcessID=\"888\" ThreadID=\"2488\"></Execution>\n<Channel>Microsoft-Windows-Bits-Client/Operational</Channel>\n<Computer>IACIS-HDD-2014</Computer>\n<Security UserID=\"S-1-5-18\"></Security>\n</System>\n<EventData><Data Name=\"transferId\">{b4a9805b-31aa-4eae-87b1-ee62c009584b}</Data>\n<Data Name=\"name\">WU Client Download</Data>\n<Data Name=\"Id\">{00f17695-570d-48a7-b257-0027a2ea6a34}</Data>\n<Data Name=\"url\">http://au.download.windowsupdate.com/msdownload/update/software/secu/2011/03/windows6.1-kb2511455-x64_18c6b97f6490d8b149a4a7357ed7309c6ae796de.psf</Data>\n<Data Name=\"peer\"></Data>\n<Data Name=\"hr\">0</Data>\n<Data Name=\"fileTime\">2011-03-16 01:04:59+00:00</Data>\n<Data Name=\"fileLength\">4076404</Data>\n<Data Name=\"bytesTotal\">6239</Data>\n<Data Name=\"bytesTransferred\">6239</Data>\n<Data Name=\"proxy\"></Data>\n<Data Name=\"peerProtocolFlags\">0</Data>\n<Data Name=\"bytesTransferredFromPeer\">0</Data>\n<Data Name=\"AdditionalInfoHr\">0</Data>\n<Data Name=\"PeerContextInfo\">0</Data>\n<Data Name=\"bandwidthLimit\">18446744073709551615</Data>\n<Data Name=\"ignoreBandwidthLimitsOnLan\">False</Data>\n</EventData>\n</Event>\n"
  },
  {
    "EventID": 60,
    "Timestamp": "2014-01-25 01:38:32.725391+00:00",
    "Computer": "IACIS-HDD-2014",
    "Channel": "Microsoft-Windows-Bits-Client/Operational",
    "Level": "Information",
    "EventData": {
      "transferId": "{34ad30e7-6e09-4b2f-b017-7071dbbb1ae0}",
      "name": "WU Client Download",
      "Id": "{9b90acf5-8850-4f5d-ae23-cd746f0c83c2}",
      "url": "http://au.download.windowsupdate.com/msdownload/update/software/secu/2012/07/windows6.1-kb2712808-x64_b54ba72d09723876be04093cd51c3c4554b0dbfc.psf",
      "peer": "",
      "hr": "0",
      "fileTime": "2012-07-25 19:11:50+00:00",
      "fileLength": "19625643",
      "bytesTotal": "18890",
      "bytesTransferred": "18890",
      "proxy": "",
      "peerProtocolFlags": "0",
      "bytesTransferredFromPeer": "0",
      "AdditionalInfoHr": "0",
      "PeerContextInfo": "0",
      "bandwidthLimit": "18446744073709551615",
      "ignoreBandwidthLimitsOnLan": "False"
    },
    "RawXml": "<Event xmlns=\"http://schemas.microsoft.com/win/2004/08/events/event\"><System><Provider Name=\"Microsoft-Windows-Bits-Client\" Guid=\"{ef1cc15b-46c1-414e-bb95-e76b077bd51e}\"></Provider>\n<EventID Qualifiers=\"\">60</EventID>\n<Version>1</Version>\n<Level>4</Level>\n<Task>0</Task>\n<Opcode>2</Opcode>\n<Keywords>0x4000000000000000</Keywords>\n<TimeCreated SystemTime=\"2014-01-25 01:38:32.725391+00:00\"></TimeCreated>\n<EventRecordID>532</EventRecordID>\n<Correlation ActivityID=\"{34ad30e7-6e09-4b2f-b017-7071dbbb1ae0}\" RelatedActivityID=\"\"></Correlation>\n<Execution ProcessID=\"888\" ThreadID=\"3064\"></Execution>\n<Channel>Microsoft-Windows-Bits-Client/Operational</Channel>\n<Computer>IACIS-HDD-2014</Computer>\n<Security UserID=\"S-1-5-18\"></Security>\n</System>\n<EventData><Data Name=\"transferId\">{34ad30e7-6e09-4b2f-b017-7071dbbb1ae0}</Data>\n<Data Name=\"name\">WU Client Download</Data>\n<Data Name=\"Id\">{9b90acf5-8850-4f5d-ae23-cd746f0c83c2}</Data>\n<Data Name=\"url\">http://au.download.windowsupdate.com/msdownload/update/software/secu/2012/07/windows6.1-kb2712808-x64_b54ba72d09723876be04093cd51c3c4554b0dbfc.psf</Data>\n<Data Name=\"peer\"></Data>\n<Data Name=\"hr\">0</Data>\n<Data Name=\"fileTime\">2012-07-25 19:11:50+00:00</Data>\n<Data Name=\"fileLength\">19625643</Data>\n<Data Name=\"bytesTotal\">18890</Data>\n<Data Name=\"bytesTransferred\">18890</Data>\n<Data Name=\"proxy\"></Data>\n<Data Name=\"peerProtocolFlags\">0</Data>\n<Data Name=\"bytesTransferredFromPeer\">0</Data>\n<Data Name=\"AdditionalInfoHr\">0</Data>\n<Data Name=\"PeerContextInfo\">0</Data>\n<Data Name=\"bandwidthLimit\">18446744073709551615</Data>\n<Data Name=\"ignoreBandwidthLimitsOnLan\">False</Data>\n</EventData>\n</Event>\n"
  },
  {
    "EventID": 60,
    "Timestamp": "2014-01-25 01:38:32.772192+00:00",
    "Computer": "IACIS-HDD-2014",
    "Channel": "Microsoft-Windows-Bits-Client/Operational",
    "Level": "Information",
    "EventData": {
      "transferId": "{eb00be33-0967-4cdc-b01d-6fc06c38dc8d}",
      "name": "WU Client Download",
      "Id": "{20eb2bdc-e2f9-4f80-8ddf-87b2f65e57fb}",
      "url": "http://au.download.windowsupdate.com/msdownload/update/software/secu/2013/11/windows6.1-kb2892074-x64_6138db86cc359e3f4cd6321b340a0ef91d640b05.psf",
      "peer": "",
      "hr": "0",
      "fileTime": "2013-11-20 01:18:38+00:00",
      "fileLength": "7822575",
      "bytesTotal": "17056",
      "bytesTransferred": "17056",
      "proxy": "",
      "peerProtocolFlags": "0",
      "bytesTransferredFromPeer": "0",
      "AdditionalInfoHr": "0",
      "PeerContextInfo": "0",
      "bandwidthLimit": "18446744073709551615",
      "ignoreBandwidthLimitsOnLan": "False"
    },
    "RawXml": "<Event xmlns=\"http://schemas.microsoft.com/win/2004/08/events/event\"><System><Provider Name=\"Microsoft-Windows-Bits-Client\" Guid=\"{ef1cc15b-46c1-414e-bb95-e76b077bd51e}\"></Provider>\n<EventID Qualifiers=\"\">60</EventID>\n<Version>1</Version>\n<Level>4</Level>\n<Task>0</Task>\n<Opcode>2</Opcode>\n<Keywords>0x4000000000000000</Keywords>\n<TimeCreated SystemTime=\"2014-01-25 01:38:32.772192+00:00\"></TimeCreated>\n<EventRecordID>533</EventRecordID>\n<Correlation ActivityID=\"{eb00be33-0967-4cdc-b01d-6fc06c38dc8d}\" RelatedActivityID=\"\"></Correlation>\n<Execution ProcessID=\"888\" ThreadID=\"2964\"></Execution>\n<Channel>Microsoft-Windows-Bits-Client/Operational</Channel>\n<Computer>IACIS-HDD-2014</Computer>\n<Security UserID=\"S-1-5-18\"></Security>\n</System>\n<EventData><Data Name=\"transferId\">{eb00be33-0967-4cdc-b01d-6fc06c38dc8d}</Data>\n<Data Name=\"name\">WU Client Download</Data>\n<Data Name=\"Id\">{20eb2bdc-e2f9-4f80-8ddf-87b2f65e57fb}</Data>\n<Data Name=\"url\">http://au.download.windowsupdate.com/msdownload/update/software/secu/2013/11/windows6.1-kb2892074-x64_6138db86cc359e3f4cd6321b340a0ef91d640b05.psf</Data>\n<Data Name=\"peer\"></Data>\n<Data Name=\"hr\">0</Data>\n<Data Name=\"fileTime\">2013-11-20 01:18:38+00:00</Data>\n<Data Name=\"fileLength\">7822575</Data>\n<Data Name=\"bytesTotal\">17056</Data>\n<Data Name=\"bytesTransferred\">17056</Data>\n<Data Name=\"proxy\"></Data>\n<Data Name=\"peerProtocolFlags\">0</Data>\n<Data Name=\"bytesTransferredFromPeer\">0</Data>\n<Data Name=\"AdditionalInfoHr\">0</Data>\n<Data Name=\"PeerContextInfo\">0</Data>\n<Data Name=\"bandwidthLimit\">18446744073709551615</Data>\n<Data Name=\"ignoreBandwidthLimitsOnLan\">False</Data>\n</EventData>\n</Event>\n"
  },
  {
    "EventID": 60,
    "Timestamp": "2014-01-25 01:38:32.850191+00:00",
    "Computer": "IACIS-HDD-2014",
    "Channel": "Microsoft-Windows-Bits-Client/Operational",
    "Level": "Information",
    "EventData": {
      "transferId": "{94d452fe-c82e-4e4f-afb7-03f6831e3c18}",
      "name": "WU Client Download",
      "Id": "{558a6d10-dd42-47f1-b5ef-05cf4c38510d}",
      "url": "http://download.windowsupdate.com/msdownload/update/software/secu/2012/09/windows6.1-kb2705219-v2-x64_e63a0c0874117aa57547b4cd14a446aa303b7491.psf",
      "peer": "",
      "hr": "0",
      "fileTime": "2012-09-26 06:36:00+00:00",
      "fileLength": "3197682",
      "bytesTotal": "12538",
      "bytesTransferred": "12538",
      "proxy": "",
      "peerProtocolFlags": "0",
      "bytesTransferredFromPeer": "0",
      "AdditionalInfoHr": "0",
      "PeerContextInfo": "0",
      "bandwidthLimit": "18446744073709551615",
      "ignoreBandwidthLimitsOnLan": "False"
    },
    "RawXml": "<Event xmlns=\"http://schemas.microsoft.com/win/2004/08/events/event\"><System><Provider Name=\"Microsoft-Windows-Bits-Client\" Guid=\"{ef1cc15b-46c1-414e-bb95-e76b077bd51e}\"></Provider>\n<EventID Qualifiers=\"\">60</EventID>\n<Version>1</Version>\n<Level>4</Level>\n<Task>0</Task>\n<Opcode>2</Opcode>\n<Keywords>0x4000000000000000</Keywords>\n<TimeCreated SystemTime=\"2014-01-25 01:38:32.850191+00:00\"></TimeCreated>\n<EventRecordID>534</EventRecordID>\n<Correlation ActivityID=\"{94d452fe-c82e-4e4f-afb7-03f6831e3c18}\" RelatedActivityID=\"\"></Correlation>\n<Execution ProcessID=\"888\" ThreadID=\"1016\"></Execution>\n<Channel>Microsoft-Windows-Bits-Client/Operational</Channel>\n<Computer>IACIS-HDD-2014</Computer>\n<Security UserID=\"S-1-5-18\"></Security>\n</System>\n<EventData><Data Name=\"transferId\">{94d452fe-c82e-4e4f-afb7-03f6831e3c18}</Data>\n<Data Name=\"name\">WU Client Download</Data>\n<Data Name=\"Id\">{558a6d10-dd42-47f1-b5ef-05cf4c38510d}</Data>\n<Data Name=\"url\">http://download.windowsupdate.com/msdownload/update/software/secu/2012/09/windows6.1-kb2705219-v2-x64_e63a0c0874117aa57547b4cd14a446aa303b7491.psf</Data>\n<Data Name=\"peer\"></Data>\n<Data Name=\"hr\">0</Data>\n<Data Name=\"fileTime\">2012-09-26 06:36:00+00:00</Data>\n<Data Name=\"fileLength\">3197682</Data>\n<Data Name=\"bytesTotal\">12538</Data>\n<Data Name=\"bytesTransferred\">12538</Data>\n<Data Name=\"proxy\"></Data>\n<Data Name=\"peerProtocolFlags\">0</Data>\n<Data Name=\"bytesTransferredFromPeer\">0</Data>\n<Data Name=\"AdditionalInfoHr\">0</Data>\n<Data Name=\"PeerContextInfo\">0</Data>\n<Data Name=\"bandwidthLimit\">18446744073709551615</Data>\n<Data Name=\"ignoreBandwidthLimitsOnLan\">False</Data>\n</EventData>\n</Event>\n"
  },
  {
    "EventID": 60,
    "Timestamp": "2014-01-25 01:38:32.974991+00:00",
    "Computer": "IACIS-HDD-2014",
    "Channel": "Microsoft-Windows-Bits-Client/Operational",
    "Level": "Information",
    "EventData": {
      "transferId": "{01327357-0e55-450c-8ed1-02f8e2b41d6a}",
      "name": "WU Client Download",
      "Id": "{a5a9e5b0-e31c-4dfd-a9e9-050ad987dcb1}",
      "url": "http://au.download.windowsupdate.com/msdownload/update/software/secu/2012/01/windows6.1-kb2654428-x64_23e8331e1520a90b09a4e8bdc8b112f16aa5db28.psf",
      "peer": "",
      "hr": "0",
      "fileTime": "2012-01-25 21:38:17+00:00",
      "fileLength": "8481965",
      "bytesTotal": "22206",
      "bytesTransferred": "22206",
      "proxy": "",
      "peerProtocolFlags": "0",
      "bytesTransferredFromPeer": "0",
      "AdditionalInfoHr": "0",
      "PeerContextInfo": "0",
      "bandwidthLimit": "18446744073709551615",
      "ignoreBandwidthLimitsOnLan": "False"
    },
    "RawXml": "<Event xmlns=\"http://schemas.microsoft.com/win/2004/08/events/event\"><System><Provider Name=\"Microsoft-Windows-Bits-Client\" Guid=\"{ef1cc15b-46c1-414e-bb95-e76b077bd51e}\"></Provider>\n<EventID Qualifiers=\"\">60</EventID>\n<Version>1</Version>\n<Level>4</Level>\n<Task>0</Task>\n<Opcode>2</Opcode>\n<Keywords>0x4000000000000000</Keywords>\n<TimeCreated SystemTime=\"2014-01-25 01:38:32.974991+00:00\"></TimeCreated>\n<EventRecordID>535</EventRecordID>\n<Correlation ActivityID=\"{01327357-0e55-450c-8ed1-02f8e2b41d6a}\" RelatedActivityID=\"\"></Correlation>\n<Execution ProcessID=\"888\" ThreadID=\"2884\"></Execution>\n<Channel>Microsoft-Windows-Bits-Client/Operational</Channel>\n<Computer>IACIS-HDD-2014</Computer>\n<Security UserID=\"S-1-5-18\"></Security>\n</System>\n<EventData><Data Name=\"transferId\">{01327357-0e55-450c-8ed1-02f8e2b41d6a}</Data>\n<Data Name=\"name\">WU Client Download</Data>\n<Data Name=\"Id\">{a5a9e5b0-e31c-4dfd-a9e9-050ad987dcb1}</Data>\n<Data Name=\"url\">http://au.download.windowsupdate.com/msdownload/update/software/secu/2012/01/windows6.1-kb2654428-x64_23e8331e1520a90b09a4e8bdc8b112f16aa5db28.psf</Data>\n<Data Name=\"peer\"></Data>\n<Data Name=\"hr\">0</Data>\n<Data Name=\"fileTime\">2012-01-25 21:38:17+00:00</Data>\n<Data Name=\"fileLength\">8481965</Data>\n<Data Name=\"bytesTotal\">22206</Data>\n<Data Name=\"bytesTransferred\">22206</Data>\n<Data Name=\"proxy\"></Data>\n<Data Name=\"peerProtocolFlags\">0</Data>\n<Data Name=\"bytesTransferredFromPeer\">0</Data>\n<Data Name=\"AdditionalInfoHr\">0</Data>\n<Data Name=\"PeerContextInfo\">0</Data>\n<Data Name=\"bandwidthLimit\">18446744073709551615</Data>\n<Data Name=\"ignoreBandwidthLimitsOnLan\">False</Data>\n</EventData>\n</Event>\n"
  },
  {
    "EventID": 60,
    "Timestamp": "2014-01-25 01:38:33.037392+00:00",
    "Computer": "IACIS-HDD-2014",
    "Channel": "Microsoft-Windows-Bits-Client/Operational",
    "Level": "Information",
    "EventData": {
      "transferId": "{cf50cbbf-fa3e-49bc-af05-5749bbaf60b9}",
      "name": "WU Client Download",
      "Id": "{c104b4a5-3359-4fc9-a2f3-2991ffb10b99}",
      "url": "http://au.download.windowsupdate.com/msdownload/update/software/secu/2013/11/windows6.1-kb2887069-x64-express_0985d37bff91b80ff1b03d34a741d926ef5cbe40.cab",
      "peer": "",
      "hr": "0",
      "fileTime": "2013-11-20 01:05:09+00:00",
      "fileLength": "42059",
      "bytesTotal": "42059",
      "bytesTransferred": "42059",
      "proxy": "",
      "peerProtocolFlags": "0",
      "bytesTransferredFromPeer": "0",
      "AdditionalInfoHr": "0",
      "PeerContextInfo": "0",
      "bandwidthLimit": "18446744073709551615",
      "ignoreBandwidthLimitsOnLan": "False"
    },
    "RawXml": "<Event xmlns=\"http://schemas.microsoft.com/win/2004/08/events/event\"><System><Provider Name=\"Microsoft-Windows-Bits-Client\" Guid=\"{ef1cc15b-46c1-414e-bb95-e76b077bd51e}\"></Provider>\n<EventID Qualifiers=\"\">60</EventID>\n<Version>1</Version>\n<Level>4</Level>\n<Task>0</Task>\n<Opcode>2</Opcode>\n<Keywords>0x4000000000000000</Keywords>\n<TimeCreated SystemTime=\"2014-01-25 01:38:33.037392+00:00\"></TimeCreated>\n<EventRecordID>536</EventRecordID>\n<Correlation ActivityID=\"{cf50cbbf-fa3e-49bc-af05-5749bbaf60b9}\" RelatedActivityID=\"\"></Correlation>\n<Execution ProcessID=\"888\" ThreadID=\"2364\"></Execution>\n<Channel>Microsoft-Windows-Bits-Client/Operational</Channel>\n<Computer>IACIS-HDD-2014</Computer>\n<Security UserID=\"S-1-5-18\"></Security>\n</System>\n<EventData><Data Name=\"transferId\">{cf50cbbf-fa3e-49bc-af05-5749bbaf60b9}</Data>\n<Data Name=\"name\">WU Client Download</Data>\n<Data Name=\"Id\">{c104b4a5-3359-4fc9-a2f3-2991ffb10b99}</Data>\n<Data Name=\"url\">http://au.download.windowsupdate.com/msdownload/update/software/secu/2013/11/windows6.1-kb2887069-x64-express_0985d37bff91b80ff1b03d34a741d926ef5cbe40.cab</Data>\n<Data Name=\"peer\"></Data>\n<Data Name=\"hr\">0</Data>\n<Data Name=\"fileTime\">2013-11-20 01:05:09+00:00</Data>\n<Data Name=\"fileLength\">42059</Data>\n<Data Name=\"bytesTotal\">42059</Data>\n<Data Name=\"bytesTransferred\">42059</Data>\n<Data Name=\"proxy\"></Data>\n<Data Name=\"peerProtocolFlags\">0</Data>\n<Data Name=\"bytesTransferredFromPeer\">0</Data>\n<Data Name=\"AdditionalInfoHr\">0</Data>\n<Data Name=\"PeerContextInfo\">0</Data>\n<Data Name=\"bandwidthLimit\">18446744073709551615</Data>\n<Data Name=\"ignoreBandwidthLimitsOnLan\">False</Data>\n</EventData>\n</Event>\n"
  },
  {
    "EventID": 60,
    "Timestamp": "2014-01-25 01:38:33.068592+00:00",
    "Computer": "IACIS-HDD-2014",
    "Channel": "Microsoft-Windows-Bits-Client/Operational",
    "Level": "Information",
    "EventData": {
      "transferId": "{7a702527-e8e8-44c9-a1b7-20795bffde9a}",
      "name": "WU Client Download",
      "Id": "{8ef93bd2-953b-4f6a-998c-f7153c4a26f7}",
      "url": "http://au.download.windowsupdate.com/msdownload/update/software/secu/2011/05/windows6.1-kb2544893-x64_1f8f3188fae8ca5aad4596d19e7c2c573cd50ac7.psf",
      "peer": "",
      "hr": "0",
      "fileTime": "2011-05-25 03:29:03+00:00",
      "fileLength": "21929543",
      "bytesTotal": "24210",
      "bytesTransferred": "24210",
      "proxy": "",
      "peerProtocolFlags": "0",
      "bytesTransferredFromPeer": "0",
      "AdditionalInfoHr": "0",
      "PeerContextInfo": "0",
      "bandwidthLimit": "18446744073709551615",
      "ignoreBandwidthLimitsOnLan": "False"
    },
    "RawXml": "<Event xmlns=\"http://schemas.microsoft.com/win/2004/08/events/event\"><System><Provider Name=\"Microsoft-Windows-Bits-Client\" Guid=\"{ef1cc15b-46c1-414e-bb95-e76b077bd51e}\"></Provider>\n<EventID Qualifiers=\"\">60</EventID>\n<Version>1</Version>\n<Level>4</Level>\n<Task>0</Task>\n<Opcode>2</Opcode>\n<Keywords>0x4000000000000000</Keywords>\n<TimeCreated SystemTime=\"2014-01-25 01:38:33.068592+00:00\"></TimeCreated>\n<EventRecordID>537</EventRecordID>\n<Correlation ActivityID=\"{7a702527-e8e8-44c9-a1b7-20795bffde9a}\" RelatedActivityID=\"\"></Correlation>\n<Execution ProcessID=\"888\" ThreadID=\"1448\"></Execution>\n<Channel>Microsoft-Windows-Bits-Client/Operational</Channel>\n<Computer>IACIS-HDD-2014</Computer>\n<Security UserID=\"S-1-5-18\"></Security>\n</System>\n<EventData><Data Name=\"transferId\">{7a702527-e8e8-44c9-a1b7-20795bffde9a}</Data>\n<Data Name=\"name\">WU Client Download</Data>\n<Data Name=\"Id\">{8ef93bd2-953b-4f6a-998c-f7153c4a26f7}</Data>\n<Data Name=\"url\">http://au.download.windowsupdate.com/msdownload/update/software/secu/2011/05/windows6.1-kb2544893-x64_1f8f3188fae8ca5aad4596d19e7c2c573cd50ac7.psf</Data>\n<Data Name=\"peer\"></Data>\n<Data Name=\"hr\">0</Data>\n<Data Name=\"fileTime\">2011-05-25 03:29:03+00:00</Data>\n<Data Name=\"fileLength\">21929543</Data>\n<Data Name=\"bytesTotal\">24210</Data>\n<Data Name=\"bytesTransferred\">24210</Data>\n<Data Name=\"proxy\"></Data>\n<Data Name=\"peerProtocolFlags\">0</Data>\n<Data Name=\"bytesTransferredFromPeer\">0</Data>\n<Data Name=\"AdditionalInfoHr\">0</Data>\n<Data Name=\"PeerContextInfo\">0</Data>\n<Data Name=\"bandwidthLimit\">18446744073709551615</Data>\n<Data Name=\"ignoreBandwidthLimitsOnLan\">False</Data>\n</EventData>\n</Event>\n"
  },
  {
    "EventID": 60,
    "Timestamp": "2014-01-25 01:38:33.130993+00:00",
    "Computer": "IACIS-HDD-2014",
    "Channel": "Microsoft-Windows-Bits-Client/Operational",
    "Level": "Information",
    "EventData": {
      "transferId": "{0e6269cc-856f-419e-8b53-09250acef838}",
      "name": "WU Client Download",
      "Id": "{685e18da-386a-4bf8-a1d4-43495b2f38ad}",
      "url": "http://au.download.windowsupdate.com/msdownload/update/software/secu/2012/04/windows6.1-kb2690533-x64-express_e198a2b35ac8a9202ac004bcb58af37f639db042.cab",
      "peer": "",
      "hr": "0",
      "fileTime": "2012-04-17 19:55:33+00:00",
      "fileLength": "38561",
      "bytesTotal": "38561",
      "bytesTransferred": "38561",
      "proxy": "",
      "peerProtocolFlags": "0",
      "bytesTransferredFromPeer": "0",
      "AdditionalInfoHr": "0",
      "PeerContextInfo": "0",
      "bandwidthLimit": "18446744073709551615",
      "ignoreBandwidthLimitsOnLan": "False"
    },
    "RawXml": "<Event xmlns=\"http://schemas.microsoft.com/win/2004/08/events/event\"><System><Provider Name=\"Microsoft-Windows-Bits-Client\" Guid=\"{ef1cc15b-46c1-414e-bb95-e76b077bd51e}\"></Provider>\n<EventID Qualifiers=\"\">60</EventID>\n<Version>1</Version>\n<Level>4</Level>\n<Task>0</Task>\n<Opcode>2</Opcode>\n<Keywords>0x4000000000000000</Keywords>\n<TimeCreated SystemTime=\"2014-01-25 01:38:33.130993+00:00\"></TimeCreated>\n<EventRecordID>538</EventRecordID>\n<Correlation ActivityID=\"{0e6269cc-856f-419e-8b53-09250acef838}\" RelatedActivityID=\"\"></Correlation>\n<Execution ProcessID=\"888\" ThreadID=\"2612\"></Execution>\n<Channel>Microsoft-Windows-Bits-Client/Operational</Channel>\n<Computer>IACIS-HDD-2014</Computer>\n<Security UserID=\"S-1-5-18\"></Security>\n</System>\n<EventData><Data Name=\"transferId\">{0e6269cc-856f-419e-8b53-09250acef838}</Data>\n<Data Name=\"name\">WU Client Download</Data>\n<Data Name=\"Id\">{685e18da-386a-4bf8-a1d4-43495b2f38ad}</Data>\n<Data Name=\"url\">http://au.download.windowsupdate.com/msdownload/update/software/secu/2012/04/windows6.1-kb2690533-x64-express_e198a2b35ac8a9202ac004bcb58af37f639db042.cab</Data>\n<Data Name=\"peer\"></Data>\n<Data Name=\"hr\">0</Data>\n<Data Name=\"fileTime\">2012-04-17 19:55:33+00:00</Data>\n<Data Name=\"fileLength\">38561</Data>\n<Data Name=\"bytesTotal\">38561</Data>\n<Data Name=\"bytesTransferred\">38561</Data>\n<Data Name=\"proxy\"></Data>\n<Data Name=\"peerProtocolFlags\">0</Data>\n<Data Name=\"bytesTransferredFromPeer\">0</Data>\n<Data Name=\"AdditionalInfoHr\">0</Data>\n<Data Name=\"PeerContextInfo\">0</Data>\n<Data Name=\"bandwidthLimit\">18446744073709551615</Data>\n<Data Name=\"ignoreBandwidthLimitsOnLan\">False</Data>\n</EventData>\n</Event>\n"
  },
  {
    "EventID": 60,
    "Timestamp": "2014-01-25 01:38:33.193394+00:00",
    "Computer": "IACIS-HDD-2014",
    "Channel": "Microsoft-Windows-Bits-Client/Operational",
    "Level": "Information",
    "EventData": {
      "transferId": "{9a2fc942-5f98-44e3-a201-3f8353ce1381}",
      "name": "WU Client Download",
      "Id": "{f6a9d184-c1ed-4ebe-b597-1cdc61a98af6}",
      "url": "http://au.download.windowsupdate.com/msdownload/update/software/secu/2013/08/windows6.1-kb2876284-x64_817c6e406c29a00507593c3707f562595c59bf32.psf",
      "peer": "",
      "hr": "0",
      "fileTime": "2013-08-20 07:43:13+00:00",
      "fileLength": "6017855",
      "bytesTotal": "35423",
      "bytesTransferred": "35423",
      "proxy": "",
      "peerProtocolFlags": "0",
      "bytesTransferredFromPeer": "0",
      "AdditionalInfoHr": "0",
      "PeerContextInfo": "0",
      "bandwidthLimit": "18446744073709551615",
      "ignoreBandwidthLimitsOnLan": "False"
    },
    "RawXml": "<Event xmlns=\"http://schemas.microsoft.com/win/2004/08/events/event\"><System><Provider Name=\"Microsoft-Windows-Bits-Client\" Guid=\"{ef1cc15b-46c1-414e-bb95-e76b077bd51e}\"></Provider>\n<EventID Qualifiers=\"\">60</EventID>\n<Version>1</Version>\n<Level>4</Level>\n<Task>0</Task>\n<Opcode>2</Opcode>\n<Keywords>0x4000000000000000</Keywords>\n<TimeCreated SystemTime=\"2014-01-25 01:38:33.193394+00:00\"></TimeCreated>\n<EventRecordID>539</EventRecordID>\n<Correlation ActivityID=\"{9a2fc942-5f98-44e3-a201-3f8353ce1381}\" RelatedActivityID=\"\"></Correlation>\n<Execution ProcessID=\"888\" ThreadID=\"1972\"></Execution>\n<Channel>Microsoft-Windows-Bits-Client/Operational</Channel>\n<Computer>IACIS-HDD-2014</Computer>\n<Security UserID=\"S-1-5-18\"></Security>\n</System>\n<EventData><Data Name=\"transferId\">{9a2fc942-5f98-44e3-a201-3f8353ce1381}</Data>\n<Data Name=\"name\">WU Client Download</Data>\n<Data Name=\"Id\">{f6a9d184-c1ed-4ebe-b597-1cdc61a98af6}</Data>\n<Data Name=\"url\">http://au.download.windowsupdate.com/msdownload/update/software/secu/2013/08/windows6.1-kb2876284-x64_817c6e406c29a00507593c3707f562595c59bf32.psf</Data>\n<Data Name=\"peer\"></Data>\n<Data Name=\"hr\">0</Data>\n<Data Name=\"fileTime\">2013-08-20 07:43:13+00:00</Data>\n<Data Name=\"fileLength\">6017855</Data>\n<Data Name=\"bytesTotal\">35423</Data>\n<Data Name=\"bytesTransferred\">35423</Data>\n<Data Name=\"proxy\"></Data>\n<Data Name=\"peerProtocolFlags\">0</Data>\n<Data Name=\"bytesTransferredFromPeer\">0</Data>\n<Data Name=\"AdditionalInfoHr\">0</Data>\n<Data Name=\"PeerContextInfo\">0</Data>\n<Data Name=\"bandwidthLimit\">18446744073709551615</Data>\n<Data Name=\"ignoreBandwidthLimitsOnLan\">False</Data>\n</EventData>\n</Event>\n"
  },
  {
    "EventID": 60,
    "Timestamp": "2014-01-25 01:38:33.224592+00:00",
    "Computer": "IACIS-HDD-2014",
    "Channel": "Microsoft-Windows-Bits-Client/Operational",
    "Level": "Information",
    "EventData": {
      "transferId": "{f95be6ca-9c0b-44fc-a458-c11706dbecdb}",
      "name": "WU Client Download",
      "Id": "{cd384ad6-2daa-4f38-9221-71cac0b5837c}",
      "url": "http://au.download.windowsupdate.com/msdownload/update/software/secu/2013/06/windows6.1-kb2847927-x64-express_5b1137c3a4a4d2a4fa1ac7b5a7e48d5af16006f6.cab",
      "peer": "",
      "hr": "0",
      "fileTime": "2013-06-18 19:00:31+00:00",
      "fileLength": "64219",
      "bytesTotal": "64219",
      "bytesTransferred": "64219",
      "proxy": "",
      "peerProtocolFlags": "0",
      "bytesTransferredFromPeer": "0",
      "AdditionalInfoHr": "0",
      "PeerContextInfo": "0",
      "bandwidthLimit": "18446744073709551615",
      "ignoreBandwidthLimitsOnLan": "False"
    },
    "RawXml": "<Event xmlns=\"http://schemas.microsoft.com/win/2004/08/events/event\"><System><Provider Name=\"Microsoft-Windows-Bits-Client\" Guid=\"{ef1cc15b-46c1-414e-bb95-e76b077bd51e}\"></Provider>\n<EventID Qualifiers=\"\">60</EventID>\n<Version>1</Version>\n<Level>4</Level>\n<Task>0</Task>\n<Opcode>2</Opcode>\n<Keywords>0x4000000000000000</Keywords>\n<TimeCreated SystemTime=\"2014-01-25 01:38:33.224592+00:00\"></TimeCreated>\n<EventRecordID>540</EventRecordID>\n<Correlation ActivityID=\"{f95be6ca-9c0b-44fc-a458-c11706dbecdb}\" RelatedActivityID=\"\"></Correlation>\n<Execution ProcessID=\"888\" ThreadID=\"2212\"></Execution>\n<Channel>Microsoft-Windows-Bits-Client/Operational</Channel>\n<Computer>IACIS-HDD-2014</Computer>\n<Security UserID=\"S-1-5-18\"></Security>\n</System>\n<EventData><Data Name=\"transferId\">{f95be6ca-9c0b-44fc-a458-c11706dbecdb}</Data>\n<Data Name=\"name\">WU Client Download</Data>\n<Data Name=\"Id\">{cd384ad6-2daa-4f38-9221-71cac0b5837c}</Data>\n<Data Name=\"url\">http://au.download.windowsupdate.com/msdownload/update/software/secu/2013/06/windows6.1-kb2847927-x64-express_5b1137c3a4a4d2a4fa1ac7b5a7e48d5af16006f6.cab</Data>\n<Data Name=\"peer\"></Data>\n<Data Name=\"hr\">0</Data>\n<Data Name=\"fileTime\">2013-06-18 19:00:31+00:00</Data>\n<Data Name=\"fileLength\">64219</Data>\n<Data Name=\"bytesTotal\">64219</Data>\n<Data Name=\"bytesTransferred\">64219</Data>\n<Data Name=\"proxy\"></Data>\n<Data Name=\"peerProtocolFlags\">0</Data>\n<Data Name=\"bytesTransferredFromPeer\">0</Data>\n<Data Name=\"AdditionalInfoHr\">0</Data>\n<Data Name=\"PeerContextInfo\">0</Data>\n<Data Name=\"bandwidthLimit\">18446744073709551615</Data>\n<Data Name=\"ignoreBandwidthLimitsOnLan\">False</Data>\n</EventData>\n</Event>\n"
  },
  {
    "EventID": 60,
    "Timestamp": "2014-01-25 01:38:33.302593+00:00",
    "Computer": "IACIS-HDD-2014",
    "Channel": "Microsoft-Windows-Bits-Client/Operational",
    "Level": "Information",
    "EventData": {
      "transferId": "{340a1101-1d61-473d-903a-f98c980cef20}",
      "name": "WU Client Download",
      "Id": "{2441b7fa-717d-4fa8-bdbc-f3b31d041301}",
      "url": "http://au.download.windowsupdate.com/msdownload/update/software/secu/2013/08/windows6.1-kb2803821-v2-x64-express_033c39ec7049a323491e677f6d464cb83eabc558.cab",
      "peer": "",
      "hr": "0",
      "fileTime": "2013-08-07 18:24:12+00:00",
      "fileLength": "56703",
      "bytesTotal": "56703",
      "bytesTransferred": "56703",
      "proxy": "",
      "peerProtocolFlags": "0",
      "bytesTransferredFromPeer": "0",
      "AdditionalInfoHr": "0",
      "PeerContextInfo": "0",
      "bandwidthLimit": "18446744073709551615",
      "ignoreBandwidthLimitsOnLan": "False"
    },
    "RawXml": "<Event xmlns=\"http://schemas.microsoft.com/win/2004/08/events/event\"><System><Provider Name=\"Microsoft-Windows-Bits-Client\" Guid=\"{ef1cc15b-46c1-414e-bb95-e76b077bd51e}\"></Provider>\n<EventID Qualifiers=\"\">60</EventID>\n<Version>1</Version>\n<Level>4</Level>\n<Task>0</Task>\n<Opcode>2</Opcode>\n<Keywords>0x4000000000000000</Keywords>\n<TimeCreated SystemTime=\"2014-01-25 01:38:33.302593+00:00\"></TimeCreated>\n<EventRecordID>541</EventRecordID>\n<Correlation ActivityID=\"{340a1101-1d61-473d-903a-f98c980cef20}\" RelatedActivityID=\"\"></Correlation>\n<Execution ProcessID=\"888\" ThreadID=\"1456\"></Execution>\n<Channel>Microsoft-Windows-Bits-Client/Operational</Channel>\n<Computer>IACIS-HDD-2014</Computer>\n<Security UserID=\"S-1-5-18\"></Security>\n</System>\n<EventData><Data Name=\"transferId\">{340a1101-1d61-473d-903a-f98c980cef20}</Data>\n<Data Name=\"name\">WU Client Download</Data>\n<Data Name=\"Id\">{2441b7fa-717d-4fa8-bdbc-f3b31d041301}</Data>\n<Data Name=\"url\">http://au.download.windowsupdate.com/msdownload/update/software/secu/2013/08/windows6.1-kb2803821-v2-x64-express_033c39ec7049a323491e677f6d464cb83eabc558.cab</Data>\n<Data Name=\"peer\"></Data>\n<Data Name=\"hr\">0</Data>\n<Data Name=\"fileTime\">2013-08-07 18:24:12+00:00</Data>\n<Data Name=\"fileLength\">56703</Data>\n<Data Name=\"bytesTotal\">56703</Data>\n<Data Name=\"bytesTransferred\">56703</Data>\n<Data Name=\"proxy\"></Data>\n<Data Name=\"peerProtocolFlags\">0</Data>\n<Data Name=\"bytesTransferredFromPeer\">0</Data>\n<Data Name=\"AdditionalInfoHr\">0</Data>\n<Data Name=\"PeerContextInfo\">0</Data>\n<Data Name=\"bandwidthLimit\">18446744073709551615</Data>\n<Data Name=\"ignoreBandwidthLimitsOnLan\">False</Data>\n</EventData>\n</Event>\n"
  },
  {
    "EventID": 60,
    "Timestamp": "2014-01-25 01:38:33.364992+00:00",
    "Computer": "IACIS-HDD-2014",
    "Channel": "Microsoft-Windows-Bits-Client/Operational",
    "Level": "Information",
    "EventData": {
      "transferId": "{815570cf-2703-4a9b-b257-e8a50b4f9df0}",
      "name": "WU Client Download",
      "Id": "{5ba2dc3a-e0d5-42d6-b46e-cef764d59c21}",
      "url": "http://au.download.windowsupdate.com/msdownload/update/software/secu/2013/05/windows6.1-kb2834886-x64_160f6d4da8c1a1940c5c9580cb5038b7acdbf38c.psf",
      "peer": "",
      "hr": "0",
      "fileTime": "2013-05-22 21:16:53+00:00",
      "fileLength": "22892868",
      "bytesTotal": "37072",
      "bytesTransferred": "37072",
      "proxy": "",
      "peerProtocolFlags": "0",
      "bytesTransferredFromPeer": "0",
      "AdditionalInfoHr": "0",
      "PeerContextInfo": "0",
      "bandwidthLimit": "18446744073709551615",
      "ignoreBandwidthLimitsOnLan": "False"
    },
    "RawXml": "<Event xmlns=\"http://schemas.microsoft.com/win/2004/08/events/event\"><System><Provider Name=\"Microsoft-Windows-Bits-Client\" Guid=\"{ef1cc15b-46c1-414e-bb95-e76b077bd51e}\"></Provider>\n<EventID Qualifiers=\"\">60</EventID>\n<Version>1</Version>\n<Level>4</Level>\n<Task>0</Task>\n<Opcode>2</Opcode>\n<Keywords>0x4000000000000000</Keywords>\n<TimeCreated SystemTime=\"2014-01-25 01:38:33.364992+00:00\"></TimeCreated>\n<EventRecordID>542</EventRecordID>\n<Correlation ActivityID=\"{815570cf-2703-4a9b-b257-e8a50b4f9df0}\" RelatedActivityID=\"\"></Correlation>\n<Execution ProcessID=\"888\" ThreadID=\"2988\"></Execution>\n<Channel>Microsoft-Windows-Bits-Client/Operational</Channel>\n<Computer>IACIS-HDD-2014</Computer>\n<Security UserID=\"S-1-5-18\"></Security>\n</System>\n<EventData><Data Name=\"transferId\">{815570cf-2703-4a9b-b257-e8a50b4f9df0}</Data>\n<Data Name=\"name\">WU Client Download</Data>\n<Data Name=\"Id\">{5ba2dc3a-e0d5-42d6-b46e-cef764d59c21}</Data>\n<Data Name=\"url\">http://au.download.windowsupdate.com/msdownload/update/software/secu/2013/05/windows6.1-kb2834886-x64_160f6d4da8c1a1940c5c9580cb5038b7acdbf38c.psf</Data>\n<Data Name=\"peer\"></Data>\n<Data Name=\"hr\">0</Data>\n<Data Name=\"fileTime\">2013-05-22 21:16:53+00:00</Data>\n<Data Name=\"fileLength\">22892868</Data>\n<Data Name=\"bytesTotal\">37072</Data>\n<Data Name=\"bytesTransferred\">37072</Data>\n<Data Name=\"proxy\"></Data>\n<Data Name=\"peerProtocolFlags\">0</Data>\n<Data Name=\"bytesTransferredFromPeer\">0</Data>\n<Data Name=\"AdditionalInfoHr\">0</Data>\n<Data Name=\"PeerContextInfo\">0</Data>\n<Data Name=\"bandwidthLimit\">18446744073709551615</Data>\n<Data Name=\"ignoreBandwidthLimitsOnLan\">False</Data>\n</EventData>\n</Event>\n"
  },
