  {
    "EventID": 60,
    "Timestamp": "2014-01-25 01:38:37.202599+00:00",
    "Computer": "IACIS-HDD-2014",
    "Channel": "Microsoft-Windows-Bits-Client/Operational",
    "Level": "Information",
    "EventData": {
      "transferId": "{3d024797-e29b-4dd9-a573-9faf8f38c44a}",
      "name": "WU Client Download",
      "Id": "{d58f298a-b857-4b38-bfbc-3bc4b053ed51}",
      "url": "http://au.download.windowsupdate.com/msdownload/update/software/secu/2012/10/windows6.1-kb2727528-x64-express_360dc786046d1425fa104c409c121cac4d9615fc.cab",
      "peer": "",
      "hr": "0",
      "fileTime": "2012-10-24 20:47:32+00:00",
      "fileLength": "45173",
      "bytesTotal": "45173",
      "bytesTransferred": "45173",
      "proxy": "",
      "peerProtocolFlags": "0",
      "bytesTransferredFromPeer": "0",
      "AdditionalInfoHr": "0",
      "PeerContextInfo": "0",
      "bandwidthLimit": "18446744073709551615",
      "ignoreBandwidthLimitsOnLan": "False"
    },
    "RawXml": "<Event xmlns=\"http://schemas.microsoft.com/win/2004/08/events/event\"><System><Provider Name=\"Microsoft-Windows-Bits-Client\" Guid=\"{ef1cc15b-46c1-414e-bb95-e76b077bd51e}\"></Provider>\n<EventID Qualifiers=\"\">60</EventID>\n<Version>1</Version>\n<Level>4</Level>\n<Task>0</Task>\n<Opcode>2</Opcode>\n<Keywords>0x4000000000000000</Keywords>\n<TimeCreated SystemTime=\"2014-01-25 01:38:37.202599+00:00\"></TimeCreated>\n<EventRecordID>579</EventRecordID>\n<Correlation ActivityID=\"{3d024797-e29b-4dd9-a573-9faf8f38c44a}\" RelatedActivityID=\"\"></Correlation>\n<Execution ProcessID=\"888\" ThreadID=\"1448\"></Execution>\n<Channel>Microsoft-Windows-Bits-Client/Operational</Channel>\n<Computer>IACIS-HDD-2014</Computer>\n<Security UserID=\"S-1-5-18\"></Security>\n</System>\n<EventData><Data Name=\"transferId\">{3d024797-e29b-4dd9-a573-9faf8f38c44a}</Data>\n<Data Name=\"name\">WU Client Download</Data>\n<Data Name=\"Id\">{d58f298a-b857-4b38-bfbc-3bc4b053ed51}</Data>\n<Data Name=\"url\">http://au.download.windowsupdate.com/msdownload/update/software/secu/2012/10/windows6.1-kb2727528-x64-express_360dc786046d1425fa104c409c121cac4d9615fc.cab</Data>\n<Data Name=\"peer\"></Data>\n<Data Name=\"hr\">0</Data>\n<Data Name=\"fileTime\">2012-10-24 20:47:32+00:00</Data>\n<Data Name=\"fileLength\">45173</Data>\n<Data Name=\"bytesTotal\">45173</Data>\n<Data Name=\"bytesTransferred\">45173</Data>\n<Data Name=\"proxy\"></Data>\n<Data Name=\"peerProtocolFlags\">0</Data>\n<Data Name=\"bytesTransferredFromPeer\">0</Data>\n<Data Name=\"AdditionalInfoHr\">0</Data>\n<Data Name=\"PeerContextInfo\">0</Data>\n<Data Name=\"bandwidthLimit\">18446744073709551615</Data>\n<Data Name=\"ignoreBandwidthLimitsOnLan\">False</Data>\n</EventData>\n</Event>\n"
  },
  {
    "EventID": 60,
    "Timestamp": "2014-01-25 01:38:37.296200+00:00",
    "Computer": "IACIS-HDD-2014",
    "Channel": "Microsoft-Windows-Bits-Client/Operational",
    "Level": "Information",
    "EventData": {
      "transferId": "{6ddd7d44-1cca-4991-8c52-e212e62afa28}",
      "name": "WU Client Download",
      "Id": "{fd8d2623-bdbd-4683-8974-149d68888ba0}",
      "url": "http://au.download.windowsupdate.com/msdownload/update/software/secu/2012/10/windows6.1-kb2729452-x64-express_a8e41cd5ee6755b10bdea2e6e31105847f46f290.cab",
      "peer": "",
      "hr": "0",
      "fileTime": "2012-10-23 20:12:36+00:00",
      "fileLength": "335389",
      "bytesTotal": "335389",
      "bytesTransferred": "335389",
      "proxy": "",
      "peerProtocolFlags": "0",
      "bytesTransferredFromPeer": "0",
      "AdditionalInfoHr": "0",
      "PeerContextInfo": "0",
      "bandwidthLimit": "18446744073709551615",
      "ignoreBandwidthLimitsOnLan": "False"
    },
    "RawXml": "<Event xmlns=\"http://schemas.microsoft.com/win/2004/08/events/event\"><System><Provider Name=\"Microsoft-Windows-Bits-Client\" Guid=\"{ef1cc15b-46c1-414e-bb95-e76b077bd51e}\"></Provider>\n<EventID Qualifiers=\"\">60</EventID>\n<Version>1</Version>\n<Level>4</Level>\n<Task>0</Task>\n<Opcode>2</Opcode>\n<Keywords>0x4000000000000000</Keywords>\n<TimeCreated SystemTime=\"2014-01-25 01:38:37.296200+00:00\"></TimeCreated>\n<EventRecordID>580</EventRecordID>\n<Correlation ActivityID=\"{6ddd7d44-1cca-4991-8c52-e212e62afa28}\" RelatedActivityID=\"\"></Correlation>\n<Execution ProcessID=\"888\" ThreadID=\"1016\"></Execution>\n<Channel>Microsoft-Windows-Bits-Client/Operational</Channel>\n<Computer>IACIS-HDD-2014</Computer>\n<Security UserID=\"S-1-5-18\"></Security>\n</System>\n<EventData><Data Name=\"transferId\">{6ddd7d44-1cca-4991-8c52-e212e62afa28}</Data>\n<Data Name=\"name\">WU Client Download</Data>\n<Data Name=\"Id\">{fd8d2623-bdbd-4683-8974-149d68888ba0}</Data>\n<Data Name=\"url\">http://au.download.windowsupdate.com/msdownload/update/software/secu/2012/10/windows6.1-kb2729452-x64-express_a8e41cd5ee6755b10bdea2e6e31105847f46f290.cab</Data>\n<Data Name=\"peer\"></Data>\n<Data Name=\"hr\">0</Data>\n<Data Name=\"fileTime\">2012-10-23 20:12:36+00:00</Data>\n<Data Name=\"fileLength\">335389</Data>\n<Data Name=\"bytesTotal\">335389</Data>\n<Data Name=\"bytesTransferred\">335389</Data>\n<Data Name=\"proxy\"></Data>\n<Data Name=\"peerProtocolFlags\">0</Data>\n<Data Name=\"bytesTransferredFromPeer\">0</Data>\n<Data Name=\"AdditionalInfoHr\">0</Data>\n<Data Name=\"PeerContextInfo\">0</Data>\n<Data Name=\"bandwidthLimit\">18446744073709551615</Data>\n<Data Name=\"ignoreBandwidthLimitsOnLan\">False</Data>\n</EventData>\n</Event>\n"
  },
  {
    "EventID": 60,
    "Timestamp": "2014-01-25 01:38:37.358599+00:00",
    "Computer": "IACIS-HDD-2014",
    "Channel": "Microsoft-Windows-Bits-Client/Operational",
    "Level": "Information",
    "EventData": {
      "transferId": "{e9d5474f-1ce3-4f40-b700-3f4d61a45f28}",
      "name": "WU Client Download",
      "Id": "{c8e99538-1418-43e4-b06b-b4385c9d7cbf}",
      "url": "http://au.download.windowsupdate.com/msdownload/update/software/secu/2012/12/windows6.1-kb2742599-x64-express_2ca703120a0e0c1314855857d8a9975747905124.cab",
      "peer": "",
      "hr": "0",
      "fileTime": "2012-12-10 17:40:05+00:00",
      "fileLength": "502639",
      "bytesTotal": "502639",
      "bytesTransferred": "502639",
      "proxy": "",
      "peerProtocolFlags": "0",
      "bytesTransferredFromPeer": "0",
      "AdditionalInfoHr": "0",
      "PeerContextInfo": "0",
      "bandwidthLimit": "18446744073709551615",
      "ignoreBandwidthLimitsOnLan": "False"
    },
    "RawXml": "<Event xmlns=\"http://schemas.microsoft.com/win/2004/08/events/event\"><System><Provider Name=\"Microsoft-Windows-Bits-Client\" Guid=\"{ef1cc15b-46c1-414e-bb95-e76b077bd51e}\"></Provider>\n<EventID Qualifiers=\"\">60</EventID>\n<Version>1</Version>\n<Level>4</Level>\n<Task>0</Task>\n<Opcode>2</Opcode>\n<Keywords>0x4000000000000000</Keywords>\n<TimeCreated SystemTime=\"2014-01-25 01:38:37.358599+00:00\"></TimeCreated>\n<EventRecordID>581</EventRecordID>\n<Correlation ActivityID=\"{e9d5474f-1ce3-4f40-b700-3f4d61a45f28}\" RelatedActivityID=\"\"></Correlation>\n<Execution ProcessID=\"888\" ThreadID=\"2136\"></Execution>\n<Channel>Microsoft-Windows-Bits-Client/Operational</Channel>\n<Computer>IACIS-HDD-2014</Computer>\n<Security UserID=\"S-1-5-18\"></Security>\n</System>\n<EventData><Data Name=\"transferId\">{e9d5474f-1ce3-4f40-b700-3f4d61a45f28}</Data>\n<Data Name=\"name\">WU Client Download</Data>\n<Data Name=\"Id\">{c8e99538-1418-43e4-b06b-b4385c9d7cbf}</Data>\n<Data Name=\"url\">http://au.download.windowsupdate.com/msdownload/update/software/secu/2012/12/windows6.1-kb2742599-x64-express_2ca703120a0e0c1314855857d8a9975747905124.cab</Data>\n<Data Name=\"peer\"></Data>\n<Data Name=\"hr\">0</Data>\n<Data Name=\"fileTime\">2012-12-10 17:40:05+00:00</Data>\n<Data Name=\"fileLength\">502639</Data>\n<Data Name=\"bytesTotal\">502639</Data>\n<Data Name=\"bytesTransferred\">502639</Data>\n<Data Name=\"proxy\"></Data>\n<Data Name=\"peerProtocolFlags\">0</Data>\n<Data Name=\"bytesTransferredFromPeer\">0</Data>\n<Data Name=\"AdditionalInfoHr\">0</Data>\n<Data Name=\"PeerContextInfo\">0</Data>\n<Data Name=\"bandwidthLimit\">18446744073709551615</Data>\n<Data Name=\"ignoreBandwidthLimitsOnLan\">False</Data>\n</EventData>\n</Event>\n"
  },
  {
    "EventID": 60,
    "Timestamp": "2014-01-25 01:38:37.436600+00:00",
    "Computer": "IACIS-HDD-2014",
    "Channel": "Microsoft-Windows-Bits-Client/Operational",
    "Level": "Information",
    "EventData": {
      "transferId": "{e1b5dc30-ed68-43a6-a4a8-8175d1673c25}",
      "name": "WU Client Download",
      "Id": "{e8680570-0f26-459c-ad39-e57c57f6f364}",
      "url": "http://au.download.windowsupdate.com/msdownload/update/software/secu/2012/06/windows6.1-kb2691442-x64-express_bf19cdd4223fa8997ba05ec765989ab0a130019a.cab",
      "peer": "",
      "hr": "0",
      "fileTime": "2012-06-19 20:33:10+00:00",
      "fileLength": "475139",
      "bytesTotal": "475139",
      "bytesTransferred": "475139",
      "proxy": "",
      "peerProtocolFlags": "0",
      "bytesTransferredFromPeer": "0",
      "AdditionalInfoHr": "0",
      "PeerContextInfo": "0",
      "bandwidthLimit": "18446744073709551615",
      "ignoreBandwidthLimitsOnLan": "False"
    },
    "RawXml": "<Event xmlns=\"http://schemas.microsoft.com/win/2004/08/events/event\"><System><Provider Name=\"Microsoft-Windows-Bits-Client\" Guid=\"{ef1cc15b-46c1-414e-bb95-e76b077bd51e}\"></Provider>\n<EventID Qualifiers=\"\">60</EventID>\n<Version>1</Version>\n<Level>4</Level>\n<Task>0</Task>\n<Opcode>2</Opcode>\n<Keywords>0x4000000000000000</Keywords>\n<TimeCreated SystemTime=\"2014-01-25 01:38:37.436600+00:00\"></TimeCreated>\n<EventRecordID>582</EventRecordID>\n<Correlation ActivityID=\"{e1b5dc30-ed68-43a6-a4a8-8175d1673c25}\" RelatedActivityID=\"\"></Correlation>\n<Execution ProcessID=\"888\" ThreadID=\"2488\"></Execution>\n<Channel>Microsoft-Windows-Bits-Client/Operational</Channel>\n<Computer>IACIS-HDD-2014</Computer>\n<Security UserID=\"S-1-5-18\"></Security>\n</System>\n<EventData><Data Name=\"transferId\">{e1b5dc30-ed68-43a6-a4a8-8175d1673c25}</Data>\n<Data Name=\"name\">WU Client Download</Data>\n<Data Name=\"Id\">{e8680570-0f26-459c-ad39-e57c57f6f364}</Data>\n<Data Name=\"url\">http://au.download.windowsupdate.com/msdownload/update/software/secu/2012/06/windows6.1-kb2691442-x64-express_bf19cdd4223fa8997ba05ec765989ab0a130019a.cab</Data>\n<Data Name=\"peer\"></Data>\n<Data Name=\"hr\">0</Data>\n<Data Name=\"fileTime\">2012-06-19 20:33:10+00:00</Data>\n<Data Name=\"fileLength\">475139</Data>\n<Data Name=\"bytesTotal\">475139</Data>\n<Data Name=\"bytesTransferred\">475139</Data>\n<Data Name=\"proxy\"></Data>\n<Data Name=\"peerProtocolFlags\">0</Data>\n<Data Name=\"bytesTransferredFromPeer\">0</Data>\n<Data Name=\"AdditionalInfoHr\">0</Data>\n<Data Name=\"PeerContextInfo\">0</Data>\n<Data Name=\"bandwidthLimit\">18446744073709551615</Data>\n<Data Name=\"ignoreBandwidthLimitsOnLan\">False</Data>\n</EventData>\n</Event>\n"
  },
  {
    "EventID": 60,
    "Timestamp": "2014-01-25 01:38:37.670601+00:00",
    "Computer": "IACIS-HDD-2014",
    "Channel": "Microsoft-Windows-Bits-Client/Operational",
    "Level": "Information",
    "EventData": {
      "transferId": "{f2d95a31-fa69-4fde-901e-416dadb6d22f}",
      "name": "WU Client Download",
      "Id": "{9b66c0b7-a8bb-4200-8d7e-c712b4eed129}",
      "url": "http://au.download.windowsupdate.com/msdownload/update/software/secu/2012/03/windows6.1-kb2604115-x64-express_d0506da5ac4674f9f1361bfa7d0a0e2719dc9501.cab",
      "peer": "",
      "hr": "0",
      "fileTime": "2012-03-15 20:30:14+00:00",
      "fileLength": "370905",
      "bytesTotal": "370905",
      "bytesTransferred": "370905",
      "proxy": "",
      "peerProtocolFlags": "0",
      "bytesTransferredFromPeer": "0",
      "AdditionalInfoHr": "0",
      "PeerContextInfo": "0",
      "bandwidthLimit": "18446744073709551615",
      "ignoreBandwidthLimitsOnLan": "False"
    },
    "RawXml": "<Event xmlns=\"http://schemas.microsoft.com/win/2004/08/events/event\"><System><Provider Name=\"Microsoft-Windows-Bits-Client\" Guid=\"{ef1cc15b-46c1-414e-bb95-e76b077bd51e}\"></Provider>\n<EventID Qualifiers=\"\">60</EventID>\n<Version>1</Version>\n<Level>4</Level>\n<Task>0</Task>\n<Opcode>2</Opcode>\n<Keywords>0x4000000000000000</Keywords>\n<TimeCreated SystemTime=\"2014-01-25 01:38:37.670601+00:00\"></TimeCreated>\n<EventRecordID>583</EventRecordID>\n<Correlation ActivityID=\"{f2d95a31-fa69-4fde-901e-416dadb6d22f}\" RelatedActivityID=\"\"></Correlation>\n<Execution ProcessID=\"888\" ThreadID=\"2488\"></Execution>\n<Channel>Microsoft-Windows-Bits-Client/Operational</Channel>\n<Computer>IACIS-HDD-2014</Computer>\n<Security UserID=\"S-1-5-18\"></Security>\n</System>\n<EventData><Data Name=\"transferId\">{f2d95a31-fa69-4fde-901e-416dadb6d22f}</Data>\n<Data Name=\"name\">WU Client Download</Data>\n<Data Name=\"Id\">{9b66c0b7-a8bb-4200-8d7e-c712b4eed129}</Data>\n<Data Name=\"url\">http://au.download.windowsupdate.com/msdownload/update/software/secu/2012/03/windows6.1-kb2604115-x64-express_d0506da5ac4674f9f1361bfa7d0a0e2719dc9501.cab</Data>\n<Data Name=\"peer\"></Data>\n<Data Name=\"hr\">0</Data>\n<Data Name=\"fileTime\">2012-03-15 20:30:14+00:00</Data>\n<Data Name=\"fileLength\">370905</Data>\n<Data Name=\"bytesTotal\">370905</Data>\n<Data Name=\"bytesTransferred\">370905</Data>\n<Data Name=\"proxy\"></Data>\n<Data Name=\"peerProtocolFlags\">0</Data>\n<Data Name=\"bytesTransferredFromPeer\">0</Data>\n<Data Name=\"AdditionalInfoHr\">0</Data>\n<Data Name=\"PeerContextInfo\">0</Data>\n<Data Name=\"bandwidthLimit\">18446744073709551615</Data>\n<Data Name=\"ignoreBandwidthLimitsOnLan\">False</Data>\n</EventData>\n</Event>\n"
  },
  {
    "EventID": 59,
    "Timestamp": "2014-01-25 01:38:37.935801+00:00",
    "Computer": "IACIS-HDD-2014",
    "Channel": "Microsoft-Windows-Bits-Client/Operational",
    "Level": "Information",
    "EventData": {
      "transferId": "{977c772b-ce0b-4f92-ba21-c3fdb1ba7f79}",
      "name": "WU Client Download",
      "Id": "{1177e778-aea9-4b01-9d2e-c14133c16956}",
      "url": "http://au.download.windowsupdate.com/msdownload/update/software/secu/2013/11/windows6.1-kb2900986-x64_9e555e1b4de1446d09f65b28415ab1d836980933.cab",
      "peer": "",
      "fileTime": "2013-11-07 07:00:45+00:00",
      "fileLength": "41645",
      "bytesTotal": "41645",
      "bytesTransferred": "0",
      "bytesTransferredFromPeer": "0"
    },
    "RawXml": "<Event xmlns=\"http://schemas.microsoft.com/win/2004/08/events/event\"><System><Provider Name=\"Microsoft-Windows-Bits-Client\" Guid=\"{ef1cc15b-46c1-414e-bb95-e76b077bd51e}\"></Provider>\n<EventID Qualifiers=\"\">59</EventID>\n<Version>1</Version>\n<Level>4</Level>\n<Task>0</Task>\n<Opcode>1</Opcode>\n<Keywords>0x4000000000000000</Keywords>\n<TimeCreated SystemTime=\"2014-01-25 01:38:37.935801+00:00\"></TimeCreated>\n<EventRecordID>584</EventRecordID>\n<Correlation ActivityID=\"{977c772b-ce0b-4f92-ba21-c3fdb1ba7f79}\" RelatedActivityID=\"\"></Correlation>\n<Execution ProcessID=\"888\" ThreadID=\"2952\"></Execution>\n<Channel>Microsoft-Windows-Bits-Client/Operational</Channel>\n<Computer>IACIS-HDD-2014</Computer>\n<Security UserID=\"S-1-5-18\"></Security>\n</System>\n<EventData><Data Name=\"transferId\">{977c772b-ce0b-4f92-ba21-c3fdb1ba7f79}</Data>\n<Data Name=\"name\">WU Client Download</Data>\n<Data Name=\"Id\">{1177e778-aea9-4b01-9d2e-c14133c16956}</Data>\n<Data Name=\"url\">http://au.download.windowsupdate.com/msdownload/update/software/secu/2013/11/windows6.1-kb2900986-x64_9e555e1b4de1446d09f65b28415ab1d836980933.cab</Data>\n<Data Name=\"peer\"></Data>\n<Data Name=\"fileTime\">2013-11-07 07:00:45+00:00</Data>\n<Data Name=\"fileLength\">41645</Data>\n<Data Name=\"bytesTotal\">41645</Data>\n<Data Name=\"bytesTransferred\">0</Data>\n<Data Name=\"bytesTransferredFromPeer\">0</Data>\n</EventData>\n</Event>\n"
  },
  {
    "EventID": 59,
    "Timestamp": "2014-01-25 01:38:37.951401+00:00",
    "Computer": "IACIS-HDD-2014",
    "Channel": "Microsoft-Windows-Bits-Client/Operational",
    "Level": "Information",
    "EventData": {
      "transferId": "{8881b9e0-0c7f-4154-8209-203187cca223}",
      "name": "WU Client Download",
      "Id": "{5bc34b4d-8f75-43d5-a6a9-ed949af5ba10}",
      "url": "http://au.download.windowsupdate.com/msdownload/update/software/secu/2011/08/windows6.1-kb2570947-x64-express_163222668d017c7e3d5c96edca2f47183f6982f0.cab",
      "peer": "",
      "fileTime": "2011-08-30 08:46:29+00:00",
      "fileLength": "44517",
      "bytesTotal": "44517",
      "bytesTransferred": "0",
      "bytesTransferredFromPeer": "0"
    },
    "RawXml": "<Event xmlns=\"http://schemas.microsoft.com/win/2004/08/events/event\"><System><Provider Name=\"Microsoft-Windows-Bits-Client\" Guid=\"{ef1cc15b-46c1-414e-bb95-e76b077bd51e}\"></Provider>\n<EventID Qualifiers=\"\">59</EventID>\n<Version>1</Version>\n<Level>4</Level>\n<Task>0</Task>\n<Opcode>1</Opcode>\n<Keywords>0x4000000000000000</Keywords>\n<TimeCreated SystemTime=\"2014-01-25 01:38:37.951401+00:00\"></TimeCreated>\n<EventRecordID>585</EventRecordID>\n<Correlation ActivityID=\"{8881b9e0-0c7f-4154-8209-203187cca223}\" RelatedActivityID=\"\"></Correlation>\n<Execution ProcessID=\"888\" ThreadID=\"2952\"></Execution>\n<Channel>Microsoft-Windows-Bits-Client/Operational</Channel>\n<Computer>IACIS-HDD-2014</Computer>\n<Security UserID=\"S-1-5-18\"></Security>\n</System>\n<EventData><Data Name=\"transferId\">{8881b9e0-0c7f-4154-8209-203187cca223}</Data>\n<Data Name=\"name\">WU Client Download</Data>\n<Data Name=\"Id\">{5bc34b4d-8f75-43d5-a6a9-ed949af5ba10}</Data>\n<Data Name=\"url\">http://au.download.windowsupdate.com/msdownload/update/software/secu/2011/08/windows6.1-kb2570947-x64-express_163222668d017c7e3d5c96edca2f47183f6982f0.cab</Data>\n<Data Name=\"peer\"></Data>\n<Data Name=\"fileTime\">2011-08-30 08:46:29+00:00</Data>\n<Data Name=\"fileLength\">44517</Data>\n<Data Name=\"bytesTotal\">44517</Data>\n<Data Name=\"bytesTransferred\">0</Data>\n<Data Name=\"bytesTransferredFromPeer\">0</Data>\n</EventData>\n</Event>\n"
  },
  {
    "EventID": 59,
    "Timestamp": "2014-01-25 01:38:37.967001+00:00",
    "Computer": "IACIS-HDD-2014",
    "Channel": "Microsoft-Windows-Bits-Client/Operational",
    "Level": "Information",
    "EventData": {
      "transferId": "{16166e88-cfcc-406f-9e4c-4810d63abcb6}",
      "name": "WU Client Download",
      "Id": "{880cfd4b-56a9-4020-8971-feff4526c852}",
      "url": "http://au.download.windowsupdate.com/msdownload/update/software/secu/2013/10/windows6.1-kb2875783-x64-express_39bddaa1197cf69e7e63bdb2e3e01cded22325bf.cab",
      "peer": "",
      "fileTime": "2013-10-11 08:13:15+00:00",
      "fileLength": "45019",
      "bytesTotal": "45019",
      "bytesTransferred": "0",
      "bytesTransferredFromPeer": "0"
    },
    "RawXml": "<Event xmlns=\"http://schemas.microsoft.com/win/2004/08/events/event\"><System><Provider Name=\"Microsoft-Windows-Bits-Client\" Guid=\"{ef1cc15b-46c1-414e-bb95-e76b077bd51e}\"></Provider>\n<EventID Qualifiers=\"\">59</EventID>\n<Version>1</Version>\n<Level>4</Level>\n<Task>0</Task>\n<Opcode>1</Opcode>\n<Keywords>0x4000000000000000</Keywords>\n<TimeCreated SystemTime=\"2014-01-25 01:38:37.967001+00:00\"></TimeCreated>\n<EventRecordID>586</EventRecordID>\n<Correlation ActivityID=\"{16166e88-cfcc-406f-9e4c-4810d63abcb6}\" RelatedActivityID=\"\"></Correlation>\n<Execution ProcessID=\"888\" ThreadID=\"2952\"></Execution>\n<Channel>Microsoft-Windows-Bits-Client/Operational</Channel>\n<Computer>IACIS-HDD-2014</Computer>\n<Security UserID=\"S-1-5-18\"></Security>\n</System>\n<EventData><Data Name=\"transferId\">{16166e88-cfcc-406f-9e4c-4810d63abcb6}</Data>\n<Data Name=\"name\">WU Client Download</Data>\n<Data Name=\"Id\">{880cfd4b-56a9-4020-8971-feff4526c852}</Data>\n<Data Name=\"url\">http://au.download.windowsupdate.com/msdownload/update/software/secu/2013/10/windows6.1-kb2875783-x64-express_39bddaa1197cf69e7e63bdb2e3e01cded22325bf.cab</Data>\n<Data Name=\"peer\"></Data>\n<Data Name=\"fileTime\">2013-10-11 08:13:15+00:00</Data>\n<Data Name=\"fileLength\">45019</Data>\n<Data Name=\"bytesTotal\">45019</Data>\n<Data Name=\"bytesTransferred\">0</Data>\n<Data Name=\"bytesTransferredFromPeer\">0</Data>\n</EventData>\n</Event>\n"
  },
  {
    "EventID": 59,
    "Timestamp": "2014-01-25 01:38:37.982601+00:00",
    "Computer": "IACIS-HDD-2014",
    "Channel": "Microsoft-Windows-Bits-Client/Operational",
    "Level": "Information",
    "EventData": {
      "transferId": "{f741f900-5341-4bd4-97c3-e358acbcaf8c}",
      "name": "WU Client Download",
      "Id": "{5a0f852f-9886-4f43-9821-d50fd31b2357}",
      "url": "http://au.download.windowsupdate.com/msdownload/update/software/secu/2013/07/windows6.1-kb2844286-v2-x64-express_606aab14db6e63dd56a7ac3cd4e6b62172cc6e62.cab",
      "peer": "",
      "fileTime": "2013-07-31 21:55:23+00:00",
      "fileLength": "261079",
      "bytesTotal": "261079",
      "bytesTransferred": "0",
      "bytesTransferredFromPeer": "0"
    },
    "RawXml": "<Event xmlns=\"http://schemas.microsoft.com/win/2004/08/events/event\"><System><Provider Name=\"Microsoft-Windows-Bits-Client\" Guid=\"{ef1cc15b-46c1-414e-bb95-e76b077bd51e}\"></Provider>\n<EventID Qualifiers=\"\">59</EventID>\n<Version>1</Version>\n<Level>4</Level>\n<Task>0</Task>\n<Opcode>1</Opcode>\n<Keywords>0x4000000000000000</Keywords>\n<TimeCreated SystemTime=\"2014-01-25 01:38:37.982601+00:00\"></TimeCreated>\n<EventRecordID>587</EventRecordID>\n<Correlation ActivityID=\"{f741f900-5341-4bd4-97c3-e358acbcaf8c}\" RelatedActivityID=\"\"></Correlation>\n<Execution ProcessID=\"888\" ThreadID=\"2952\"></Execution>\n<Channel>Microsoft-Windows-Bits-Client/Operational</Channel>\n<Computer>IACIS-HDD-2014</Computer>\n<Security UserID=\"S-1-5-18\"></Security>\n</System>\n<EventData><Data Name=\"transferId\">{f741f900-5341-4bd4-97c3-e358acbcaf8c}</Data>\n<Data Name=\"name\">WU Client Download</Data>\n<Data Name=\"Id\">{5a0f852f-9886-4f43-9821-d50fd31b2357}</Data>\n<Data Name=\"url\">http://au.download.windowsupdate.com/msdownload/update/software/secu/2013/07/windows6.1-kb2844286-v2-x64-express_606aab14db6e63dd56a7ac3cd4e6b62172cc6e62.cab</Data>\n<Data Name=\"peer\"></Data>\n<Data Name=\"fileTime\">2013-07-31 21:55:23+00:00</Data>\n<Data Name=\"fileLength\">261079</Data>\n<Data Name=\"bytesTotal\">261079</Data>\n<Data Name=\"bytesTransferred\">0</Data>\n<Data Name=\"bytesTransferredFromPeer\">0</Data>\n</EventData>\n</Event>\n"
  },
  {
    "EventID": 59,
    "Timestamp": "2014-01-25 01:38:37.998201+00:00",
    "Computer": "IACIS-HDD-2014",
    "Channel": "Microsoft-Windows-Bits-Client/Operational",
    "Level": "Information",
    "EventData": {
      "transferId": "{ade91632-40bd-4228-bc76-11da9a276289}",
      "name": "WU Client Download",
      "Id": "{14e19172-c365-4cb5-931d-2b2f9b3c6f20}",
      "url": "http://au.download.windowsupdate.com/msdownload/update/software/secu/2013/09/windows6.1-kb2884256-x64-express_20a0dc141e7a3420610eda049e0639996e656443.cab",
      "peer": "",
      "fileTime": "2013-09-18 00:26:14+00:00",
      "fileLength": "44859",
      "bytesTotal": "44859",
      "bytesTransferred": "0",
      "bytesTransferredFromPeer": "0"
    },
    "RawXml": "<Event xmlns=\"http://schemas.microsoft.com/win/2004/08/events/event\"><System><Provider Name=\"Microsoft-Windows-Bits-Client\" Guid=\"{ef1cc15b-46c1-414e-bb95-e76b077bd51e}\"></Provider>\n<EventID Qualifiers=\"\">59</EventID>\n<Version>1</Version>\n<Level>4</Level>\n<Task>0</Task>\n<Opcode>1</Opcode>\n<Keywords>0x4000000000000000</Keywords>\n<TimeCreated SystemTime=\"2014-01-25 01:38:37.998201+00:00\"></TimeCreated>\n<EventRecordID>588</EventRecordID>\n<Correlation ActivityID=\"{ade91632-40bd-4228-bc76-11da9a276289}\" RelatedActivityID=\"\"></Correlation>\n<Execution ProcessID=\"888\" ThreadID=\"2952\"></Execution>\n<Channel>Microsoft-Windows-Bits-Client/Operational</Channel>\n<Computer>IACIS-HDD-2014</Computer>\n<Security UserID=\"S-1-5-18\"></Security>\n</System>\n<EventData><Data Name=\"transferId\">{ade91632-40bd-4228-bc76-11da9a276289}</Data>\n<Data Name=\"name\">WU Client Download</Data>\n<Data Name=\"Id\">{14e19172-c365-4cb5-931d-2b2f9b3c6f20}</Data>\n<Data Name=\"url\">http://au.download.windowsupdate.com/msdownload/update/software/secu/2013/09/windows6.1-kb2884256-x64-express_20a0dc141e7a3420610eda049e0639996e656443.cab</Data>\n<Data Name=\"peer\"></Data>\n<Data Name=\"fileTime\">2013-09-18 00:26:14+00:00</Data>\n<Data Name=\"fileLength\">44859</Data>\n<Data Name=\"bytesTotal\">44859</Data>\n<Data Name=\"bytesTransferred\">0</Data>\n<Data Name=\"bytesTransferredFromPeer\">0</Data>\n</EventData>\n</Event>\n"
  },
  {
    "EventID": 59,
    "Timestamp": "2014-01-25 01:38:38.013802+00:00",
    "Computer": "IACIS-HDD-2014",
    "Channel": "Microsoft-Windows-Bits-Client/Operational",
    "Level": "Information",
    "EventData": {
      "transferId": "{6bc98b08-4326-485a-94f2-cad5c1d076fa}",
      "name": "WU Client Download",
      "Id": "{ab5025d3-59ef-40ad-a63e-895604fe02b1}",
      "url": "http://au.download.windowsupdate.com/msdownload/update/software/uprl/2013/12/windows6.1-kb2904266-x64-express_a305c1508bc04e6d8e0b8c8d64af809e370a0156.cab",
      "peer": "",
      "fileTime": "2013-12-04 21:27:31+00:00",
      "fileLength": "619009",
      "bytesTotal": "619009",
      "bytesTransferred": "0",
      "bytesTransferredFromPeer": "0"
    },
    "RawXml": "<Event xmlns=\"http://schemas.microsoft.com/win/2004/08/events/event\"><System><Provider Name=\"Microsoft-Windows-Bits-Client\" Guid=\"{ef1cc15b-46c1-414e-bb95-e76b077bd51e}\"></Provider>\n<EventID Qualifiers=\"\">59</EventID>\n<Version>1</Version>\n<Level>4</Level>\n<Task>0</Task>\n<Opcode>1</Opcode>\n<Keywords>0x4000000000000000</Keywords>\n<TimeCreated SystemTime=\"2014-01-25 01:38:38.013802+00:00\"></TimeCreated>\n<EventRecordID>589</EventRecordID>\n<Correlation ActivityID=\"{6bc98b08-4326-485a-94f2-cad5c1d076fa}\" RelatedActivityID=\"\"></Correlation>\n<Execution ProcessID=\"888\" ThreadID=\"2952\"></Execution>\n<Channel>Microsoft-Windows-Bits-Client/Operational</Channel>\n<Computer>IACIS-HDD-2014</Computer>\n<Security UserID=\"S-1-5-18\"></Security>\n</System>\n<EventData><Data Name=\"transferId\">{6bc98b08-4326-485a-94f2-cad5c1d076fa}</Data>\n<Data Name=\"name\">WU Client Download</Data>\n<Data Name=\"Id\">{ab5025d3-59ef-40ad-a63e-895604fe02b1}</Data>\n<Data Name=\"url\">http://au.download.windowsupdate.com/msdownload/update/software/uprl/2013/12/windows6.1-kb2904266-x64-express_a305c1508bc04e6d8e0b8c8d64af809e370a0156.cab</Data>\n<Data Name=\"peer\"></Data>\n<Data Name=\"fileTime\">2013-12-04 21:27:31+00:00</Data>\n<Data Name=\"fileLength\">619009</Data>\n<Data Name=\"bytesTotal\">619009</Data>\n<Data Name=\"bytesTransferred\">0</Data>\n<Data Name=\"bytesTransferredFromPeer\">0</Data>\n</EventData>\n</Event>\n"
  },
  {
    "EventID": 59,
    "Timestamp": "2014-01-25 01:38:38.029402+00:00",
    "Computer": "IACIS-HDD-2014",
    "Channel": "Microsoft-Windows-Bits-Client/Operational",
    "Level": "Information",
    "EventData": {
      "transferId": "{f33e27f3-ff00-4020-8fa7-10ce10561674}",
      "name": "WU Client Download",
      "Id": "{521c120f-a741-4add-a70d-b78dc4ee9e99}",
      "url": "http://au.download.windowsupdate.com/msdownload/update/software/secu/2013/10/windows6.1-kb2893294-x64-express_14c1ca0dd9f7506140e4c0296370ec43eeabb8a5.cab",
      "peer": "",
      "fileTime": "2013-10-22 18:48:10+00:00",
      "fileLength": "49853",
      "bytesTotal": "49853",
      "bytesTransferred": "0",
      "bytesTransferredFromPeer": "0"
    },
    "RawXml": "<Event xmlns=\"http://schemas.microsoft.com/win/2004/08/events/event\"><System><Provider Name=\"Microsoft-Windows-Bits-Client\" Guid=\"{ef1cc15b-46c1-414e-bb95-e76b077bd51e}\"></Provider>\n<EventID Qualifiers=\"\">59</EventID>\n<Version>1</Version>\n<Level>4</Level>\n<Task>0</Task>\n<Opcode>1</Opcode>\n<Keywords>0x4000000000000000</Keywords>\n<TimeCreated SystemTime=\"2014-01-25 01:38:38.029402+00:00\"></TimeCreated>\n<EventRecordID>590</EventRecordID>\n<Correlation ActivityID=\"{f33e27f3-ff00-4020-8fa7-10ce10561674}\" RelatedActivityID=\"\"></Correlation>\n<Execution ProcessID=\"888\" ThreadID=\"2952\"></Execution>\n<Channel>Microsoft-Windows-Bits-Client/Operational</Channel>\n<Computer>IACIS-HDD-2014</Computer>\n<Security UserID=\"S-1-5-18\"></Security>\n</System>\n<EventData><Data Name=\"transferId\">{f33e27f3-ff00-4020-8fa7-10ce10561674}</Data>\n<Data Name=\"name\">WU Client Download</Data>\n<Data Name=\"Id\">{521c120f-a741-4add-a70d-b78dc4ee9e99}</Data>\n<Data Name=\"url\">http://au.download.windowsupdate.com/msdownload/update/software/secu/2013/10/windows6.1-kb2893294-x64-express_14c1ca0dd9f7506140e4c0296370ec43eeabb8a5.cab</Data>\n<Data Name=\"peer\"></Data>\n<Data Name=\"fileTime\">2013-10-22 18:48:10+00:00</Data>\n<Data Name=\"fileLength\">49853</Data>\n<Data Name=\"bytesTotal\">49853</Data>\n<Data Name=\"bytesTransferred\">0</Data>\n<Data Name=\"bytesTransferredFromPeer\">0</Data>\n</EventData>\n</Event>\n"
  },
  {
    "EventID": 59,
    "Timestamp": "2014-01-25 01:38:38.045000+00:00",
    "Computer": "IACIS-HDD-2014",
    "Channel": "Microsoft-Windows-Bits-Client/Operational",
    "Level": "Information",
    "EventData": {
      "transferId": "{d5698a38-f5f0-4b21-a2de-5b6bae71d656}",
      "name": "WU Client Download",
      "Id": "{780b9b79-7085-44e8-ad7b-3decce86ba71}",
      "url": "http://au.download.windowsupdate.com/msdownload/update/software/secu/2013/10/windows6.1-kb2868626-x64-express_c1a323d0e7c75c79ddf451f586dbb2d65047f5a6.cab",
      "peer": "",
      "fileTime": "2013-10-22 18:47:00+00:00",
      "fileLength": "628703",
      "bytesTotal": "628703",
      "bytesTransferred": "0",
      "bytesTransferredFromPeer": "0"
    },
    "RawXml": "<Event xmlns=\"http://schemas.microsoft.com/win/2004/08/events/event\"><System><Provider Name=\"Microsoft-Windows-Bits-Client\" Guid=\"{ef1cc15b-46c1-414e-bb95-e76b077bd51e}\"></Provider>\n<EventID Qualifiers=\"\">59</EventID>\n<Version>1</Version>\n<Level>4</Level>\n<Task>0</Task>\n<Opcode>1</Opcode>\n<Keywords>0x4000000000000000</Keywords>\n<TimeCreated SystemTime=\"2014-01-25 01:38:38.045000+00:00\"></TimeCreated>\n<EventRecordID>591</EventRecordID>\n<Correlation ActivityID=\"{d5698a38-f5f0-4b21-a2de-5b6bae71d656}\" RelatedActivityID=\"\"></Correlation>\n<Execution ProcessID=\"888\" ThreadID=\"2952\"></Execution>\n<Channel>Microsoft-Windows-Bits-Client/Operational</Channel>\n<Computer>IACIS-HDD-2014</Computer>\n<Security UserID=\"S-1-5-18\"></Security>\n</System>\n<EventData><Data Name=\"transferId\">{d5698a38-f5f0-4b21-a2de-5b6bae71d656}</Data>\n<Data Name=\"name\">WU Client Download</Data>\n<Data Name=\"Id\">{780b9b79-7085-44e8-ad7b-3decce86ba71}</Data>\n<Data Name=\"url\">http://au.download.windowsupdate.com/msdownload/update/software/secu/2013/10/windows6.1-kb2868626-x64-express_c1a323d0e7c75c79ddf451f586dbb2d65047f5a6.cab</Data>\n<Data Name=\"peer\"></Data>\n<Data Name=\"fileTime\">2013-10-22 18:47:00+00:00</Data>\n<Data Name=\"fileLength\">628703</Data>\n<Data Name=\"bytesTotal\">628703</Data>\n<Data Name=\"bytesTransferred\">0</Data>\n<Data Name=\"bytesTransferredFromPeer\">0</Data>\n</EventData>\n</Event>\n"
  },
  {
    "EventID": 59,
    "Timestamp": "2014-01-25 01:38:38.060600+00:00",
    "Computer": "IACIS-HDD-2014",
    "Channel": "Microsoft-Windows-Bits-Client/Operational",
    "Level": "Information",
    "EventData": {
      "transferId": "{72e8e421-b776-46eb-aaff-93e512967b1e}",
      "name": "WU Client Download",
      "Id": "{3263b0b9-e3e8-4665-a729-5847d554d8b4}",
      "url": "http://au.download.windowsupdate.com/msdownload/update/software/secu/2013/04/windows6.1-kb2840149-x64-express_bc545a8046b34ce8dcd7a3f6d4812cfeca8d8c79.cab",
      "peer": "",
      "fileTime": "2013-04-17 22:21:21+00:00",
      "fileLength": "48465",
      "bytesTotal": "48465",
      "bytesTransferred": "0",
      "bytesTransferredFromPeer": "0"
    },
    "RawXml": "<Event xmlns=\"http://schemas.microsoft.com/win/2004/08/events/event\"><System><Provider Name=\"Microsoft-Windows-Bits-Client\" Guid=\"{ef1cc15b-46c1-414e-bb95-e76b077bd51e}\"></Provider>\n<EventID Qualifiers=\"\">59</EventID>\n<Version>1</Version>\n<Level>4</Level>\n<Task>0</Task>\n<Opcode>1</Opcode>\n<Keywords>0x4000000000000000</Keywords>\n<TimeCreated SystemTime=\"2014-01-25 01:38:38.060600+00:00\"></TimeCreated>\n<EventRecordID>592</EventRecordID>\n<Correlation ActivityID=\"{72e8e421-b776-46eb-aaff-93e512967b1e}\" RelatedActivityID=\"\"></Correlation>\n<Execution ProcessID=\"888\" ThreadID=\"2952\"></Execution>\n<Channel>Microsoft-Windows-Bits-Client/Operational</Channel>\n<Computer>IACIS-HDD-2014</Computer>\n<Security UserID=\"S-1-5-18\"></Security>\n</System>\n<EventData><Data Name=\"transferId\">{72e8e421-b776-46eb-aaff-93e512967b1e}</Data>\n<Data Name=\"name\">WU Client Download</Data>\n<Data Name=\"Id\">{3263b0b9-e3e8-4665-a729-5847d554d8b4}</Data>\n<Data Name=\"url\">http://au.download.windowsupdate.com/msdownload/update/software/secu/2013/04/windows6.1-kb2840149-x64-express_bc545a8046b34ce8dcd7a3f6d4812cfeca8d8c79.cab</Data>\n<Data Name=\"peer\"></Data>\n<Data Name=\"fileTime\">2013-04-17 22:21:21+00:00</Data>\n<Data Name=\"fileLength\">48465</Data>\n<Data Name=\"bytesTotal\">48465</Data>\n<Data Name=\"bytesTransferred\">0</Data>\n<Data Name=\"bytesTransferredFromPeer\">0</Data>\n</EventData>\n</Event>\n"
  },
  {
    "EventID": 59,
    "Timestamp": "2014-01-25 01:38:38.091801+00:00",
    "Computer": "IACIS-HDD-2014",
    "Channel": "Microsoft-Windows-Bits-Client/Operational",
    "Level": "Information",
    "EventData": {
      "transferId": "{13788937-b11e-4ed3-b121-4c07f2997e18}",
      "name": "WU Client Download",
      "Id": "{4e17e60c-e2a7-4c42-8a95-39bbc89f32ca}",
      "url": "http://au.download.windowsupdate.com/msdownload/update/software/secu/2011/11/windows6.1-kb2585542-x64-express_7e36ebba7f2442e081b2f31e0eb41976fcba701c.cab",
      "peer": "",
      "fileTime": "2011-11-18 20:11:19+00:00",
      "fileLength": "120387",
      "bytesTotal": "120387",
      "bytesTransferred": "0",
      "bytesTransferredFromPeer": "0"
    },
    "RawXml": "<Event xmlns=\"http://schemas.microsoft.com/win/2004/08/events/event\"><System><Provider Name=\"Microsoft-Windows-Bits-Client\" Guid=\"{ef1cc15b-46c1-414e-bb95-e76b077bd51e}\"></Provider>\n<EventID Qualifiers=\"\">59</EventID>\n<Version>1</Version>\n<Level>4</Level>\n<Task>0</Task>\n<Opcode>1</Opcode>\n<Keywords>0x4000000000000000</Keywords>\n<TimeCreated SystemTime=\"2014-01-25 01:38:38.091801+00:00\"></TimeCreated>\n<EventRecordID>593</EventRecordID>\n<Correlation ActivityID=\"{13788937-b11e-4ed3-b121-4c07f2997e18}\" RelatedActivityID=\"\"></Correlation>\n<Execution ProcessID=\"888\" ThreadID=\"2952\"></Execution>\n<Channel>Microsoft-Windows-Bits-Client/Operational</Channel>\n<Computer>IACIS-HDD-2014</Computer>\n<Security UserID=\"S-1-5-18\"></Security>\n</System>\n<EventData><Data Name=\"transferId\">{13788937-b11e-4ed3-b121-4c07f2997e18}</Data>\n<Data Name=\"name\">WU Client Download</Data>\n<Data Name=\"Id\">{4e17e60c-e2a7-4c42-8a95-39bbc89f32ca}</Data>\n<Data Name=\"url\">http://au.download.windowsupdate.com/msdownload/update/software/secu/2011/11/windows6.1-kb2585542-x64-express_7e36ebba7f2442e081b2f31e0eb41976fcba701c.cab</Data>\n<Data Name=\"peer\"></Data>\n<Data Name=\"fileTime\">2011-11-18 20:11:19+00:00</Data>\n<Data Name=\"fileLength\">120387</Data>\n<Data Name=\"bytesTotal\">120387</Data>\n<Data Name=\"bytesTransferred\">0</Data>\n<Data Name=\"bytesTransferredFromPeer\">0</Data>\n</EventData>\n</Event>\n"
  },
  {
    "EventID": 59,
    "Timestamp": "2014-01-25 01:38:38.107401+00:00",
    "Computer": "IACIS-HDD-2014",
    "Channel": "Microsoft-Windows-Bits-Client/Operational",
    "Level": "Information",
    "EventData": {
      "transferId": "{2af1acfb-dd82-48c8-9603-a840c24ecc5a}",
      "name": "WU Client Download",
      "Id": "{32ed636a-b6ee-4263-86df-ed4e5edd3bfb}",
      "url": "http://au.download.windowsupdate.com/msdownload/update/software/secu/2011/07/windows6.1-kb2536276-v2-x64-express_6ec9b186a03c5f380b6f4e1d30310edb176a0d11.cab",
      "peer": "",
      "fileTime": "2011-07-20 01:21:08+00:00",
      "fileLength": "48999",
      "bytesTotal": "48999",
      "bytesTransferred": "0",
      "bytesTransferredFromPeer": "0"
    },
    "RawXml": "<Event xmlns=\"http://schemas.microsoft.com/win/2004/08/events/event\"><System><Provider Name=\"Microsoft-Windows-Bits-Client\" Guid=\"{ef1cc15b-46c1-414e-bb95-e76b077bd51e}\"></Provider>\n<EventID Qualifiers=\"\">59</EventID>\n<Version>1</Version>\n<Level>4</Level>\n<Task>0</Task>\n<Opcode>1</Opcode>\n<Keywords>0x4000000000000000</Keywords>\n<TimeCreated SystemTime=\"2014-01-25 01:38:38.107401+00:00\"></TimeCreated>\n<EventRecordID>594</EventRecordID>\n<Correlation ActivityID=\"{2af1acfb-dd82-48c8-9603-a840c24ecc5a}\" RelatedActivityID=\"\"></Correlation>\n<Execution ProcessID=\"888\" ThreadID=\"2952\"></Execution>\n<Channel>Microsoft-Windows-Bits-Client/Operational</Channel>\n<Computer>IACIS-HDD-2014</Computer>\n<Security UserID=\"S-1-5-18\"></Security>\n</System>\n<EventData><Data Name=\"transferId\">{2af1acfb-dd82-48c8-9603-a840c24ecc5a}</Data>\n<Data Name=\"name\">WU Client Download</Data>\n<Data Name=\"Id\">{32ed636a-b6ee-4263-86df-ed4e5edd3bfb}</Data>\n<Data Name=\"url\">http://au.download.windowsupdate.com/msdownload/update/software/secu/2011/07/windows6.1-kb2536276-v2-x64-express_6ec9b186a03c5f380b6f4e1d30310edb176a0d11.cab</Data>\n<Data Name=\"peer\"></Data>\n<Data Name=\"fileTime\">2011-07-20 01:21:08+00:00</Data>\n<Data Name=\"fileLength\">48999</Data>\n<Data Name=\"bytesTotal\">48999</Data>\n<Data Name=\"bytesTransferred\">0</Data>\n<Data Name=\"bytesTransferredFromPeer\">0</Data>\n</EventData>\n</Event>\n"
  },
  {
    "EventID": 59,
    "Timestamp": "2014-01-25 01:38:38.123001+00:00",
    "Computer": "IACIS-HDD-2014",
    "Channel": "Microsoft-Windows-Bits-Client/Operational",
    "Level": "Information",
    "EventData": {
      "transferId": "{0e012d64-718a-4034-9368-380cf2b95ada}",
      "name": "WU Client Download",
      "Id": "{1cd3d02c-9217-41fb-af4e-446e08c2a1ff}",
      "url": "http://au.download.windowsupdate.com/msdownload/update/software/crup/2013/05/windows6.1-kb2798162-x64-express_8b17856bcaecfabd6d061c0a3f17db543d89785a.cab",
      "peer": "",
      "fileTime": "2013-05-06 22:40:21+00:00",
      "fileLength": "1287355",
      "bytesTotal": "1287355",
      "bytesTransferred": "0",
      "bytesTransferredFromPeer": "0"
    },
    "RawXml": "<Event xmlns=\"http://schemas.microsoft.com/win/2004/08/events/event\"><System><Provider Name=\"Microsoft-Windows-Bits-Client\" Guid=\"{ef1cc15b-46c1-414e-bb95-e76b077bd51e}\"></Provider>\n<EventID Qualifiers=\"\">59</EventID>\n<Version>1</Version>\n<Level>4</Level>\n<Task>0</Task>\n<Opcode>1</Opcode>\n<Keywords>0x4000000000000000</Keywords>\n<TimeCreated SystemTime=\"2014-01-25 01:38:38.123001+00:00\"></TimeCreated>\n<EventRecordID>595</EventRecordID>\n<Correlation ActivityID=\"{0e012d64-718a-4034-9368-380cf2b95ada}\" RelatedActivityID=\"\"></Correlation>\n<Execution ProcessID=\"888\" ThreadID=\"2952\"></Execution>\n<Channel>Microsoft-Windows-Bits-Client/Operational</Channel>\n<Computer>IACIS-HDD-2014</Computer>\n<Security UserID=\"S-1-5-18\"></Security>\n</System>\n<EventData><Data Name=\"transferId\">{0e012d64-718a-4034-9368-380cf2b95ada}</Data>\n<Data Name=\"name\">WU Client Download</Data>\n<Data Name=\"Id\">{1cd3d02c-9217-41fb-af4e-446e08c2a1ff}</Data>\n<Data Name=\"url\">http://au.download.windowsupdate.com/msdownload/update/software/crup/2013/05/windows6.1-kb2798162-x64-express_8b17856bcaecfabd6d061c0a3f17db543d89785a.cab</Data>\n<Data Name=\"peer\"></Data>\n<Data Name=\"fileTime\">2013-05-06 22:40:21+00:00</Data>\n<Data Name=\"fileLength\">1287355</Data>\n<Data Name=\"bytesTotal\">1287355</Data>\n<Data Name=\"bytesTransferred\">0</Data>\n<Data Name=\"bytesTransferredFromPeer\">0</Data>\n</EventData>\n</Event>\n"
  },
  {
    "EventID": 59,
    "Timestamp": "2014-01-25 01:38:38.138601+00:00",
    "Computer": "IACIS-HDD-2014",
    "Channel": "Microsoft-Windows-Bits-Client/Operational",
    "Level": "Information",
    "EventData": {
      "transferId": "{8eb1b889-ba11-41fb-b0fa-9329f61cd347}",
      "name": "WU Client Download",
      "Id": "{68bbd9aa-72eb-4205-9ead-e3e573bfdbee}",
      "url": "http://au.download.windowsupdate.com/msdownload/update/software/secu/2011/11/windows6.1-kb2631813-x64-express_0dd020fb9aa23ccdf5e37ef39e004beea1608a11.cab",
      "peer": "",
      "fileTime": "2011-11-22 18:59:54+00:00",
      "fileLength": "72411",
      "bytesTotal": "72411",
      "bytesTransferred": "0",
      "bytesTransferredFromPeer": "0"
    },
    "RawXml": "<Event xmlns=\"http://schemas.microsoft.com/win/2004/08/events/event\"><System><Provider Name=\"Microsoft-Windows-Bits-Client\" Guid=\"{ef1cc15b-46c1-414e-bb95-e76b077bd51e}\"></Provider>\n<EventID Qualifiers=\"\">59</EventID>\n<Version>1</Version>\n<Level>4</Level>\n<Task>0</Task>\n<Opcode>1</Opcode>\n<Keywords>0x4000000000000000</Keywords>\n<TimeCreated SystemTime=\"2014-01-25 01:38:38.138601+00:00\"></TimeCreated>\n<EventRecordID>596</EventRecordID>\n<Correlation ActivityID=\"{8eb1b889-ba11-41fb-b0fa-9329f61cd347}\" RelatedActivityID=\"\"></Correlation>\n<Execution ProcessID=\"888\" ThreadID=\"2952\"></Execution>\n<Channel>Microsoft-Windows-Bits-Client/Operational</Channel>\n<Computer>IACIS-HDD-2014</Computer>\n<Security UserID=\"S-1-5-18\"></Security>\n</System>\n<EventData><Data Name=\"transferId\">{8eb1b889-ba11-41fb-b0fa-9329f61cd347}</Data>\n<Data Name=\"name\">WU Client Download</Data>\n<Data Name=\"Id\">{68bbd9aa-72eb-4205-9ead-e3e573bfdbee}</Data>\n<Data Name=\"url\">http://au.download.windowsupdate.com/msdownload/update/software/secu/2011/11/windows6.1-kb2631813-x64-express_0dd020fb9aa23ccdf5e37ef39e004beea1608a11.cab</Data>\n<Data Name=\"peer\"></Data>\n<Data Name=\"fileTime\">2011-11-22 18:59:54+00:00</Data>\n<Data Name=\"fileLength\">72411</Data>\n<Data Name=\"bytesTotal\">72411</Data>\n<Data Name=\"bytesTransferred\">0</Data>\n<Data Name=\"bytesTransferredFromPeer\">0</Data>\n</EventData>\n</Event>\n"
  },
  {
    "EventID": 59,
    "Timestamp": "2014-01-25 01:38:38.154202+00:00",
    "Computer": "IACIS-HDD-2014",
    "Channel": "Microsoft-Windows-Bits-Client/Operational",
    "Level": "Information",
    "EventData": {
      "transferId": "{352a1b40-9662-48d6-9b52-2a416f81f06d}",
      "name": "WU Client Download",
      "Id": "{14a9ff50-d357-4519-8168-59509f39de86}",
      "url": "http://au.download.windowsupdate.com/msdownload/update/software/secu/2013/06/windows6.1-kb2840631-x64-express_954f34d570c9ff6fa754edda1866f9e6b1e148e5.cab",
      "peer": "",
      "fileTime": "2013-06-20 01:15:57+00:00",
      "fileLength": "42009",
      "bytesTotal": "42009",
      "bytesTransferred": "0",
      "bytesTransferredFromPeer": "0"
    },
    "RawXml": "<Event xmlns=\"http://schemas.microsoft.com/win/2004/08/events/event\"><System><Provider Name=\"Microsoft-Windows-Bits-Client\" Guid=\"{ef1cc15b-46c1-414e-bb95-e76b077bd51e}\"></Provider>\n<EventID Qualifiers=\"\">59</EventID>\n<Version>1</Version>\n<Level>4</Level>\n<Task>0</Task>\n<Opcode>1</Opcode>\n<Keywords>0x4000000000000000</Keywords>\n<TimeCreated SystemTime=\"2014-01-25 01:38:38.154202+00:00\"></TimeCreated>\n<EventRecordID>597</EventRecordID>\n<Correlation ActivityID=\"{352a1b40-9662-48d6-9b52-2a416f81f06d}\" RelatedActivityID=\"\"></Correlation>\n<Execution ProcessID=\"888\" ThreadID=\"2952\"></Execution>\n<Channel>Microsoft-Windows-Bits-Client/Operational</Channel>\n<Computer>IACIS-HDD-2014</Computer>\n<Security UserID=\"S-1-5-18\"></Security>\n</System>\n<EventData><Data Name=\"transferId\">{352a1b40-9662-48d6-9b52-2a416f81f06d}</Data>\n<Data Name=\"name\">WU Client Download</Data>\n<Data Name=\"Id\">{14a9ff50-d357-4519-8168-59509f39de86}</Data>\n<Data Name=\"url\">http://au.download.windowsupdate.com/msdownload/update/software/secu/2013/06/windows6.1-kb2840631-x64-express_954f34d570c9ff6fa754edda1866f9e6b1e148e5.cab</Data>\n<Data Name=\"peer\"></Data>\n<Data Name=\"fileTime\">2013-06-20 01:15:57+00:00</Data>\n<Data Name=\"fileLength\">42009</Data>\n<Data Name=\"bytesTotal\">42009</Data>\n<Data Name=\"bytesTransferred\">0</Data>\n<Data Name=\"bytesTransferredFromPeer\">0</Data>\n</EventData>\n</Event>\n"
  },
  {
    "EventID": 59,
    "Timestamp": "2014-01-25 01:38:38.169802+00:00",
    "Computer": "IACIS-HDD-2014",
    "Channel": "Microsoft-Windows-Bits-Client/Operational",
    "Level": "Information",
    "EventData": {
      "transferId": "{4a184df3-3e4e-449c-be07-e40799140964}",
      "name": "WU Client Download",
      "Id": "{f38e9d4c-95aa-455e-9cbe-9079fe725314}",
      "url": "http://au.download.windowsupdate.com/msdownload/update/software/secu/2011/01/windows6.1-kb2479943-x64-express_341fed37bb5b354e2da3abc764f4b6a9e41e9ffa.cab",
      "peer": "",
      "fileTime": "2011-01-18 21:52:03+00:00",
      "fileLength": "80547",
      "bytesTotal": "80547",
      "bytesTransferred": "0",
      "bytesTransferredFromPeer": "0"
    },
    "RawXml": "<Event xmlns=\"http://schemas.microsoft.com/win/2004/08/events/event\"><System><Provider Name=\"Microsoft-Windows-Bits-Client\" Guid=\"{ef1cc15b-46c1-414e-bb95-e76b077bd51e}\"></Provider>\n<EventID Qualifiers=\"\">59</EventID>\n<Version>1</Version>\n<Level>4</Level>\n<Task>0</Task>\n<Opcode>1</Opcode>\n<Keywords>0x4000000000000000</Keywords>\n<TimeCreated SystemTime=\"2014-01-25 01:38:38.169802+00:00\"></TimeCreated>\n<EventRecordID>598</EventRecordID>\n<Correlation ActivityID=\"{4a184df3-3e4e-449c-be07-e40799140964}\" RelatedActivityID=\"\"></Correlation>\n<Execution ProcessID=\"888\" ThreadID=\"2952\"></Execution>\n<Channel>Microsoft-Windows-Bits-Client/Operational</Channel>\n<Computer>IACIS-HDD-2014</Computer>\n<Security UserID=\"S-1-5-18\"></Security>\n</System>\n<EventData><Data Name=\"transferId\">{4a184df3-3e4e-449c-be07-e40799140964}</Data>\n<Data Name=\"name\">WU Client Download</Data>\n<Data Name=\"Id\">{f38e9d4c-95aa-455e-9cbe-9079fe725314}</Data>\n<Data Name=\"url\">http://au.download.windowsupdate.com/msdownload/update/software/secu/2011/01/windows6.1-kb2479943-x64-express_341fed37bb5b354e2da3abc764f4b6a9e41e9ffa.cab</Data>\n<Data Name=\"peer\"></Data>\n<Data Name=\"fileTime\">2011-01-18 21:52:03+00:00</Data>\n<Data Name=\"fileLength\">80547</Data>\n<Data Name=\"bytesTotal\">80547</Data>\n<Data Name=\"bytesTransferred\">0</Data>\n<Data Name=\"bytesTransferredFromPeer\">0</Data>\n</EventData>\n</Event>\n"
  },
  {
    "EventID": 59,
    "Timestamp": "2014-01-25 01:38:38.185402+00:00",
    "Computer": "IACIS-HDD-2014",
    "Channel": "Microsoft-Windows-Bits-Client/Operational",
    "Level": "Information",
    "EventData": {
      "transferId": "{e1e8413b-2614-4533-acce-d4357cb02bce}",
      "name": "WU Client Download",
      "Id": "{11c3e4c1-d569-4dca-b9a6-1db318cb88c3}",
      "url": "http://au.download.windowsupdate.com/msdownload/update/software/crup/2012/06/windows6.1-kb2718704-x64_066c244939059e02b7dd59695bd94cbc6132cb1d.cab",
      "peer": "",
      "fileTime": "2012-06-02 01:25:45+00:00",
      "fileLength": "93211",
      "bytesTotal": "93211",
      "bytesTransferred": "0",
      "bytesTransferredFromPeer": "0"
    },
    "RawXml": "<Event xmlns=\"http://schemas.microsoft.com/win/2004/08/events/event\"><System><Provider Name=\"Microsoft-Windows-Bits-Client\" Guid=\"{ef1cc15b-46c1-414e-bb95-e76b077bd51e}\"></Provider>\n<EventID Qualifiers=\"\">59</EventID>\n<Version>1</Version>\n<Level>4</Level>\n<Task>0</Task>\n<Opcode>1</Opcode>\n<Keywords>0x4000000000000000</Keywords>\n<TimeCreated SystemTime=\"2014-01-25 01:38:38.185402+00:00\"></TimeCreated>\n<EventRecordID>599</EventRecordID>\n<Correlation ActivityID=\"{e1e8413b-2614-4533-acce-d4357cb02bce}\" RelatedActivityID=\"\"></Correlation>\n<Execution ProcessID=\"888\" ThreadID=\"2952\"></Execution>\n<Channel>Microsoft-Windows-Bits-Client/Operational</Channel>\n<Computer>IACIS-HDD-2014</Computer>\n<Security UserID=\"S-1-5-18\"></Security>\n</System>\n<EventData><Data Name=\"transferId\">{e1e8413b-2614-4533-acce-d4357cb02bce}</Data>\n<Data Name=\"name\">WU Client Download</Data>\n<Data Name=\"Id\">{11c3e4c1-d569-4dca-b9a6-1db318cb88c3}</Data>\n<Data Name=\"url\">http://au.download.windowsupdate.com/msdownload/update/software/crup/2012/06/windows6.1-kb2718704-x64_066c244939059e02b7dd59695bd94cbc6132cb1d.cab</Data>\n<Data Name=\"peer\"></Data>\n<Data Name=\"fileTime\">2012-06-02 01:25:45+00:00</Data>\n<Data Name=\"fileLength\">93211</Data>\n<Data Name=\"bytesTotal\">93211</Data>\n<Data Name=\"bytesTransferred\">0</Data>\n<Data Name=\"bytesTransferredFromPeer\">0</Data>\n</EventData>\n</Event>\n"
  },
