  {
    "EventID": 10001,
    "Timestamp": "2014-02-05 18:30:20.992718+00:00",
    "Computer": "IACIS-HDD-2014",
    "Channel": "Microsoft-Windows-NetworkProfile/Operational",
    "Level": "Information",
    "EventData": {
      "Name": "Network  2",
      "Description": "Network",
      "Guid": "{a18bd810-8272-4622-bd4b-b3bae106b941}",
      "Type": "0",
      "State": "2",
      "Category": "1"
    },
    "RawXml": "<Event xmlns=\"http://schemas.microsoft.com/win/2004/08/events/event\"><System><Provider Name=\"Microsoft-Windows-NetworkProfile\" Guid=\"{fbcfac3f-8459-419f-8e48-1f0b49cdb85e}\"></Provider>\n<EventID Qualifiers=\"\">10001</EventID>\n<Version>0</Version>\n<Level>4</Level>\n<Task>0</Task>\n<Opcode>0</Opcode>\n<Keywords>0x4000200000000000</Keywords>\n<TimeCreated SystemTime=\"2014-02-05 18:30:20.992718+00:00\"></TimeCreated>\n<EventRecordID>73</EventRecordID>\n<Correlation ActivityID=\"\" RelatedActivityID=\"\"></Correlation>\n<Execution ProcessID=\"964\" ThreadID=\"1828\"></Execution>\n<Channel>Microsoft-Windows-NetworkProfile/Operational</Channel>\n<Computer>IACIS-HDD-2014</Computer>\n<Security UserID=\"S-1-5-19\"></Security>\n</System>\n<EventData><Data Name=\"Name\">Network  2</Data>\n<Data Name=\"Description\">Network</Data>\n<Data Name=\"Guid\">{a18bd810-8272-4622-bd4b-b3bae106b941}</Data>\n<Data Name=\"Type\">0</Data>\n<Data Name=\"State\">2</Data>\n<Data Name=\"Category\">1</Data>\n</EventData>\n</Event>\n"
  },
  {
    "EventID": 4001,
    "Timestamp": "2014-02-05 18:30:21.055119+00:00",
    "Computer": "IACIS-HDD-2014",
    "Channel": "Microsoft-Windows-NetworkProfile/Operational",
    "Level": "Information",
    "EventData": {
      "InterfaceGuid": "{78a289b4-f8b9-43c7-8bba-f96e0bbc2185}",
      "CurrentOrNextState": "0"
    },
    "RawXml": "<Event xmlns=\"http://schemas.microsoft.com/win/2004/08/events/event\"><System><Provider Name=\"Microsoft-Windows-NetworkProfile\" Guid=\"{fbcfac3f-8459-419f-8e48-1f0b49cdb85e}\"></Provider>\n<EventID Qualifiers=\"\">4001</EventID>\n<Version>0</Version>\n<Level>4</Level>\n<Task>1</Task>\n<Opcode>1</Opcode>\n<Keywords>0x4000200000000000</Keywords>\n<TimeCreated SystemTime=\"2014-02-05 18:30:21.055119+00:00\"></TimeCreated>\n<EventRecordID>74</EventRecordID>\n<Correlation ActivityID=\"\" RelatedActivityID=\"\"></Correlation>\n<Execution ProcessID=\"964\" ThreadID=\"2892\"></Execution>\n<Channel>Microsoft-Windows-NetworkProfile/Operational</Channel>\n<Computer>IACIS-HDD-2014</Computer>\n<Security UserID=\"S-1-5-19\"></Security>\n</System>\n<EventData><Data Name=\"InterfaceGuid\">{78a289b4-f8b9-43c7-8bba-f96e0bbc2185}</Data>\n<Data Name=\"CurrentOrNextState\">0</Data>\n</EventData>\n</Event>\n"
  },
  {
    "EventID": 10000,
    "Timestamp": "2014-02-05 18:30:21.055119+00:00",
    "Computer": "IACIS-HDD-2014",
    "Channel": "Microsoft-Windows-NetworkProfile/Operational",
    "Level": "Information",
    "EventData": {
      "Name": "Identifying...",
      "Description": "Identifying...",
      "Guid": "{34d622b6-0750-455f-9784-d45243fc8193}",
      "Type": "0",
      "State": "9",
      "Category": "0"
    },
    "RawXml": "<Event xmlns=\"http://schemas.microsoft.com/win/2004/08/events/event\"><System><Provider Name=\"Microsoft-Windows-NetworkProfile\" Guid=\"{fbcfac3f-8459-419f-8e48-1f0b49cdb85e}\"></Provider>\n<EventID Qualifiers=\"\">10000</EventID>\n<Version>0</Version>\n<Level>4</Level>\n<Task>0</Task>\n<Opcode>0</Opcode>\n<Keywords>0x4000200000000000</Keywords>\n<TimeCreated SystemTime=\"2014-02-05 18:30:21.055119+00:00\"></TimeCreated>\n<EventRecordID>75</EventRecordID>\n<Correlation ActivityID=\"\" RelatedActivityID=\"\"></Correlation>\n<Execution ProcessID=\"964\" ThreadID=\"1828\"></Execution>\n<Channel>Microsoft-Windows-NetworkProfile/Operational</Channel>\n<Computer>IACIS-HDD-2014</Computer>\n<Security UserID=\"S-1-5-19\"></Security>\n</System>\n<EventData><Data Name=\"Name\">Identifying...</Data>\n<Data Name=\"Description\">Identifying...</Data>\n<Data Name=\"Guid\">{34d622b6-0750-455f-9784-d45243fc8193}</Data>\n<Data Name=\"Type\">0</Data>\n<Data Name=\"State\">9</Data>\n<Data Name=\"Category\">0</Data>\n</EventData>\n</Event>\n"
  },
  {
    "EventID": 4001,
    "Timestamp": "2014-02-06 11:20:38.561863+00:00",
    "Computer": "IACIS-HDD-2014",
    "Channel": "Microsoft-Windows-NetworkProfile/Operational",
    "Level": "Information",
    "EventData": {
      "InterfaceGuid": "{78a289b4-f8b9-43c7-8bba-f96e0bbc2185}",
      "CurrentOrNextState": "0"
    },
    "RawXml": "<Event xmlns=\"http://schemas.microsoft.com/win/2004/08/events/event\"><System><Provider Name=\"Microsoft-Windows-NetworkProfile\" Guid=\"{fbcfac3f-8459-419f-8e48-1f0b49cdb85e}\"></Provider>\n<EventID Qualifiers=\"\">4001</EventID>\n<Version>0</Version>\n<Level>4</Level>\n<Task>1</Task>\n<Opcode>1</Opcode>\n<Keywords>0x4000200000000000</Keywords>\n<TimeCreated SystemTime=\"2014-02-06 11:20:38.561863+00:00\"></TimeCreated>\n<EventRecordID>76</EventRecordID>\n<Correlation ActivityID=\"\" RelatedActivityID=\"\"></Correlation>\n<Execution ProcessID=\"928\" ThreadID=\"1840\"></Execution>\n<Channel>Microsoft-Windows-NetworkProfile/Operational</Channel>\n<Computer>IACIS-HDD-2014</Computer>\n<Security UserID=\"S-1-5-19\"></Security>\n</System>\n<EventData><Data Name=\"InterfaceGuid\">{78a289b4-f8b9-43c7-8bba-f96e0bbc2185}</Data>\n<Data Name=\"CurrentOrNextState\">0</Data>\n</EventData>\n</Event>\n"
  },
  {
    "EventID": 10000,
    "Timestamp": "2014-02-06 11:20:38.624264+00:00",
    "Computer": "IACIS-HDD-2014",
    "Channel": "Microsoft-Windows-NetworkProfile/Operational",
    "Level": "Information",
    "EventData": {
      "Name": "Identifying...",
      "Description": "Identifying...",
      "Guid": "{67e26bf5-b648-4b2d-bf0f-1a7a80c38257}",
      "Type": "0",
      "State": "1",
      "Category": "0"
    },
    "RawXml": "<Event xmlns=\"http://schemas.microsoft.com/win/2004/08/events/event\"><System><Provider Name=\"Microsoft-Windows-NetworkProfile\" Guid=\"{fbcfac3f-8459-419f-8e48-1f0b49cdb85e}\"></Provider>\n<EventID Qualifiers=\"\">10000</EventID>\n<Version>0</Version>\n<Level>4</Level>\n<Task>0</Task>\n<Opcode>0</Opcode>\n<Keywords>0x4000200000000000</Keywords>\n<TimeCreated SystemTime=\"2014-02-06 11:20:38.624264+00:00\"></TimeCreated>\n<EventRecordID>77</EventRecordID>\n<Correlation ActivityID=\"\" RelatedActivityID=\"\"></Correlation>\n<Execution ProcessID=\"928\" ThreadID=\"1860\"></Execution>\n<Channel>Microsoft-Windows-NetworkProfile/Operational</Channel>\n<Computer>IACIS-HDD-2014</Computer>\n<Security UserID=\"S-1-5-19\"></Security>\n</System>\n<EventData><Data Name=\"Name\">Identifying...</Data>\n<Data Name=\"Description\">Identifying...</Data>\n<Data Name=\"Guid\">{67e26bf5-b648-4b2d-bf0f-1a7a80c38257}</Data>\n<Data Name=\"Type\">0</Data>\n<Data Name=\"State\">1</Data>\n<Data Name=\"Category\">0</Data>\n</EventData>\n</Event>\n"
  },
  {
    "EventID": 4002,
    "Timestamp": "2014-02-06 11:20:38.811464+00:00",
    "Computer": "IACIS-HDD-2014",
    "Channel": "Microsoft-Windows-NetworkProfile/Operational",
    "Level": "Information",
    "EventData": {
      "InterfaceGuid": "{78a289b4-f8b9-43c7-8bba-f96e0bbc2185}",
      "CurrentOrNextState": "1"
    },
    "RawXml": "<Event xmlns=\"http://schemas.microsoft.com/win/2004/08/events/event\"><System><Provider Name=\"Microsoft-Windows-NetworkProfile\" Guid=\"{fbcfac3f-8459-419f-8e48-1f0b49cdb85e}\"></Provider>\n<EventID Qualifiers=\"\">4002</EventID>\n<Version>0</Version>\n<Level>4</Level>\n<Task>1</Task>\n<Opcode>2</Opcode>\n<Keywords>0x4001200000000000</Keywords>\n<TimeCreated SystemTime=\"2014-02-06 11:20:38.811464+00:00\"></TimeCreated>\n<EventRecordID>78</EventRecordID>\n<Correlation ActivityID=\"\" RelatedActivityID=\"\"></Correlation>\n<Execution ProcessID=\"928\" ThreadID=\"1868\"></Execution>\n<Channel>Microsoft-Windows-NetworkProfile/Operational</Channel>\n<Computer>IACIS-HDD-2014</Computer>\n<Security UserID=\"S-1-5-19\"></Security>\n</System>\n<EventData><Data Name=\"InterfaceGuid\">{78a289b4-f8b9-43c7-8bba-f96e0bbc2185}</Data>\n<Data Name=\"CurrentOrNextState\">1</Data>\n</EventData>\n</Event>\n"
  },
  {
    "EventID": 10000,
    "Timestamp": "2014-02-06 11:20:38.811464+00:00",
    "Computer": "IACIS-HDD-2014",
    "Channel": "Microsoft-Windows-NetworkProfile/Operational",
    "Level": "Information",
    "EventData": {
      "Name": "Network  2",
      "Description": "Network",
      "Guid": "{a18bd810-8272-4622-bd4b-b3bae106b941}",
      "Type": "0",
      "State": "5",
      "Category": "1"
    },
    "RawXml": "<Event xmlns=\"http://schemas.microsoft.com/win/2004/08/events/event\"><System><Provider Name=\"Microsoft-Windows-NetworkProfile\" Guid=\"{fbcfac3f-8459-419f-8e48-1f0b49cdb85e}\"></Provider>\n<EventID Qualifiers=\"\">10000</EventID>\n<Version>0</Version>\n<Level>4</Level>\n<Task>0</Task>\n<Opcode>0</Opcode>\n<Keywords>0x4000200000000000</Keywords>\n<TimeCreated SystemTime=\"2014-02-06 11:20:38.811464+00:00\"></TimeCreated>\n<EventRecordID>79</EventRecordID>\n<Correlation ActivityID=\"\" RelatedActivityID=\"\"></Correlation>\n<Execution ProcessID=\"928\" ThreadID=\"1860\"></Execution>\n<Channel>Microsoft-Windows-NetworkProfile/Operational</Channel>\n<Computer>IACIS-HDD-2014</Computer>\n<Security UserID=\"S-1-5-19\"></Security>\n</System>\n<EventData><Data Name=\"Name\">Network  2</Data>\n<Data Name=\"Description\">Network</Data>\n<Data Name=\"Guid\">{a18bd810-8272-4622-bd4b-b3bae106b941}</Data>\n<Data Name=\"Type\">0</Data>\n<Data Name=\"State\">5</Data>\n<Data Name=\"Category\">1</Data>\n</EventData>\n</Event>\n"
  },
  {
    "EventID": 10001,
    "Timestamp": "2014-02-06 12:00:52.235304+00:00",
    "Computer": "IACIS-HDD-2014",
    "Channel": "Microsoft-Windows-NetworkProfile/Operational",
    "Level": "Information",
    "EventData": {
      "Name": "Network  2",
      "Description": "Network",
      "Guid": "{a18bd810-8272-4622-bd4b-b3bae106b941}",
      "Type": "0",
      "State": "2",
      "Category": "1"
    },
    "RawXml": "<Event xmlns=\"http://schemas.microsoft.com/win/2004/08/events/event\"><System><Provider Name=\"Microsoft-Windows-NetworkProfile\" Guid=\"{fbcfac3f-8459-419f-8e48-1f0b49cdb85e}\"></Provider>\n<EventID Qualifiers=\"\">10001</EventID>\n<Version>0</Version>\n<Level>4</Level>\n<Task>0</Task>\n<Opcode>0</Opcode>\n<Keywords>0x4000200000000000</Keywords>\n<TimeCreated SystemTime=\"2014-02-06 12:00:52.235304+00:00\"></TimeCreated>\n<EventRecordID>80</EventRecordID>\n<Correlation ActivityID=\"\" RelatedActivityID=\"\"></Correlation>\n<Execution ProcessID=\"928\" ThreadID=\"1860\"></Execution>\n<Channel>Microsoft-Windows-NetworkProfile/Operational</Channel>\n<Computer>IACIS-HDD-2014</Computer>\n<Security UserID=\"S-1-5-19\"></Security>\n</System>\n<EventData><Data Name=\"Name\">Network  2</Data>\n<Data Name=\"Description\">Network</Data>\n<Data Name=\"Guid\">{a18bd810-8272-4622-bd4b-b3bae106b941}</Data>\n<Data Name=\"Type\">0</Data>\n<Data Name=\"State\">2</Data>\n<Data Name=\"Category\">1</Data>\n</EventData>\n</Event>\n"
  },
  {
    "EventID": 4001,
    "Timestamp": "2014-02-06 12:00:58.428514+00:00",
    "Computer": "IACIS-HDD-2014",
    "Channel": "Microsoft-Windows-NetworkProfile/Operational",
    "Level": "Information",
    "EventData": {
      "InterfaceGuid": "{78a289b4-f8b9-43c7-8bba-f96e0bbc2185}",
      "CurrentOrNextState": "0"
    },
    "RawXml": "<Event xmlns=\"http://schemas.microsoft.com/win/2004/08/events/event\"><System><Provider Name=\"Microsoft-Windows-NetworkProfile\" Guid=\"{fbcfac3f-8459-419f-8e48-1f0b49cdb85e}\"></Provider>\n<EventID Qualifiers=\"\">4001</EventID>\n<Version>0</Version>\n<Level>4</Level>\n<Task>1</Task>\n<Opcode>1</Opcode>\n<Keywords>0x4000200000000000</Keywords>\n<TimeCreated SystemTime=\"2014-02-06 12:00:58.428514+00:00\"></TimeCreated>\n<EventRecordID>81</EventRecordID>\n<Correlation ActivityID=\"\" RelatedActivityID=\"\"></Correlation>\n<Execution ProcessID=\"928\" ThreadID=\"3164\"></Execution>\n<Channel>Microsoft-Windows-NetworkProfile/Operational</Channel>\n<Computer>IACIS-HDD-2014</Computer>\n<Security UserID=\"S-1-5-19\"></Security>\n</System>\n<EventData><Data Name=\"InterfaceGuid\">{78a289b4-f8b9-43c7-8bba-f96e0bbc2185}</Data>\n<Data Name=\"CurrentOrNextState\">0</Data>\n</EventData>\n</Event>\n"
  },
  {
    "EventID": 10000,
    "Timestamp": "2014-02-06 12:00:58.522114+00:00",
    "Computer": "IACIS-HDD-2014",
    "Channel": "Microsoft-Windows-NetworkProfile/Operational",
    "Level": "Information",
    "EventData": {
      "Name": "Identifying...",
      "Description": "Identifying...",
      "Guid": "{67e26bf5-b648-4b2d-bf0f-1a7a80c38257}",
      "Type": "0",
      "State": "1",
      "Category": "0"
    },
    "RawXml": "<Event xmlns=\"http://schemas.microsoft.com/win/2004/08/events/event\"><System><Provider Name=\"Microsoft-Windows-NetworkProfile\" Guid=\"{fbcfac3f-8459-419f-8e48-1f0b49cdb85e}\"></Provider>\n<EventID Qualifiers=\"\">10000</EventID>\n<Version>0</Version>\n<Level>4</Level>\n<Task>0</Task>\n<Opcode>0</Opcode>\n<Keywords>0x4000200000000000</Keywords>\n<TimeCreated SystemTime=\"2014-02-06 12:00:58.522114+00:00\"></TimeCreated>\n<EventRecordID>82</EventRecordID>\n<Correlation ActivityID=\"\" RelatedActivityID=\"\"></Correlation>\n<Execution ProcessID=\"928\" ThreadID=\"1860\"></Execution>\n<Channel>Microsoft-Windows-NetworkProfile/Operational</Channel>\n<Computer>IACIS-HDD-2014</Computer>\n<Security UserID=\"S-1-5-19\"></Security>\n</System>\n<EventData><Data Name=\"Name\">Identifying...</Data>\n<Data Name=\"Description\">Identifying...</Data>\n<Data Name=\"Guid\">{67e26bf5-b648-4b2d-bf0f-1a7a80c38257}</Data>\n<Data Name=\"Type\">0</Data>\n<Data Name=\"State\">1</Data>\n<Data Name=\"Category\">0</Data>\n</EventData>\n</Event>\n"
  },
  {
    "EventID": 4002,
    "Timestamp": "2014-02-06 12:01:04.325325+00:00",
    "Computer": "IACIS-HDD-2014",
    "Channel": "Microsoft-Windows-NetworkProfile/Operational",
    "Level": "Information",
    "EventData": {
      "InterfaceGuid": "{78a289b4-f8b9-43c7-8bba-f96e0bbc2185}",
      "CurrentOrNextState": "1"
    },
    "RawXml": "<Event xmlns=\"http://schemas.microsoft.com/win/2004/08/events/event\"><System><Provider Name=\"Microsoft-Windows-NetworkProfile\" Guid=\"{fbcfac3f-8459-419f-8e48-1f0b49cdb85e}\"></Provider>\n<EventID Qualifiers=\"\">4002</EventID>\n<Version>0</Version>\n<Level>4</Level>\n<Task>1</Task>\n<Opcode>2</Opcode>\n<Keywords>0x4001200000000000</Keywords>\n<TimeCreated SystemTime=\"2014-02-06 12:01:04.325325+00:00\"></TimeCreated>\n<EventRecordID>83</EventRecordID>\n<Correlation ActivityID=\"\" RelatedActivityID=\"\"></Correlation>\n<Execution ProcessID=\"928\" ThreadID=\"3164\"></Execution>\n<Channel>Microsoft-Windows-NetworkProfile/Operational</Channel>\n<Computer>IACIS-HDD-2014</Computer>\n<Security UserID=\"S-1-5-19\"></Security>\n</System>\n<EventData><Data Name=\"InterfaceGuid\">{78a289b4-f8b9-43c7-8bba-f96e0bbc2185}</Data>\n<Data Name=\"CurrentOrNextState\">1</Data>\n</EventData>\n</Event>\n"
  },
  {
    "EventID": 10000,
    "Timestamp": "2014-02-06 12:01:04.465725+00:00",
    "Computer": "IACIS-HDD-2014",
    "Channel": "Microsoft-Windows-NetworkProfile/Operational",
    "Level": "Information",
    "EventData": {
      "Name": "Network  2",
      "Description": "Network",
      "Guid": "{a18bd810-8272-4622-bd4b-b3bae106b941}",
      "Type": "0",
      "State": "9",
      "Category": "1"
    },
    "RawXml": "<Event xmlns=\"http://schemas.microsoft.com/win/2004/08/events/event\"><System><Provider Name=\"Microsoft-Windows-NetworkProfile\" Guid=\"{fbcfac3f-8459-419f-8e48-1f0b49cdb85e}\"></Provider>\n<EventID Qualifiers=\"\">10000</EventID>\n<Version>0</Version>\n<Level>4</Level>\n<Task>0</Task>\n<Opcode>0</Opcode>\n<Keywords>0x4000200000000000</Keywords>\n<TimeCreated SystemTime=\"2014-02-06 12:01:04.465725+00:00\"></TimeCreated>\n<EventRecordID>84</EventRecordID>\n<Correlation ActivityID=\"\" RelatedActivityID=\"\"></Correlation>\n<Execution ProcessID=\"928\" ThreadID=\"1860\"></Execution>\n<Channel>Microsoft-Windows-NetworkProfile/Operational</Channel>\n<Computer>IACIS-HDD-2014</Computer>\n<Security UserID=\"S-1-5-19\"></Security>\n</System>\n<EventData><Data Name=\"Name\">Network  2</Data>\n<Data Name=\"Description\">Network</Data>\n<Data Name=\"Guid\">{a18bd810-8272-4622-bd4b-b3bae106b941}</Data>\n<Data Name=\"Type\">0</Data>\n<Data Name=\"State\">9</Data>\n<Data Name=\"Category\">1</Data>\n</EventData>\n</Event>\n"
  },
  {
    "EventID": 4001,
    "Timestamp": "2014-02-06 15:17:11.188902+00:00",
    "Computer": "IACIS-HDD-2014",
    "Channel": "Microsoft-Windows-NetworkProfile/Operational",
    "Level": "Information",
    "EventData": {
      "InterfaceGuid": "{78a289b4-f8b9-43c7-8bba-f96e0bbc2185}",
      "CurrentOrNextState": "0"
    },
    "RawXml": "<Event xmlns=\"http://schemas.microsoft.com/win/2004/08/events/event\"><System><Provider Name=\"Microsoft-Windows-NetworkProfile\" Guid=\"{fbcfac3f-8459-419f-8e48-1f0b49cdb85e}\"></Provider>\n<EventID Qualifiers=\"\">4001</EventID>\n<Version>0</Version>\n<Level>4</Level>\n<Task>1</Task>\n<Opcode>1</Opcode>\n<Keywords>0x4000200000000000</Keywords>\n<TimeCreated SystemTime=\"2014-02-06 15:17:11.188902+00:00\"></TimeCreated>\n<EventRecordID>85</EventRecordID>\n<Correlation ActivityID=\"\" RelatedActivityID=\"\"></Correlation>\n<Execution ProcessID=\"928\" ThreadID=\"3512\"></Execution>\n<Channel>Microsoft-Windows-NetworkProfile/Operational</Channel>\n<Computer>IACIS-HDD-2014</Computer>\n<Security UserID=\"S-1-5-19\"></Security>\n</System>\n<EventData><Data Name=\"InterfaceGuid\">{78a289b4-f8b9-43c7-8bba-f96e0bbc2185}</Data>\n<Data Name=\"CurrentOrNextState\">0</Data>\n</EventData>\n</Event>\n"
  },
  {
    "EventID": 10000,
    "Timestamp": "2014-02-06 15:17:11.688103+00:00",
    "Computer": "IACIS-HDD-2014",
    "Channel": "Microsoft-Windows-NetworkProfile/Operational",
    "Level": "Information",
    "EventData": {
      "Name": "Identifying...",
      "Description": "Identifying...",
      "Guid": "{67e26bf5-b648-4b2d-bf0f-1a7a80c38257}",
      "Type": "0",
      "State": "9",
      "Category": "0"
    },
    "RawXml": "<Event xmlns=\"http://schemas.microsoft.com/win/2004/08/events/event\"><System><Provider Name=\"Microsoft-Windows-NetworkProfile\" Guid=\"{fbcfac3f-8459-419f-8e48-1f0b49cdb85e}\"></Provider>\n<EventID Qualifiers=\"\">10000</EventID>\n<Version>0</Version>\n<Level>4</Level>\n<Task>0</Task>\n<Opcode>0</Opcode>\n<Keywords>0x4000200000000000</Keywords>\n<TimeCreated SystemTime=\"2014-02-06 15:17:11.688103+00:00\"></TimeCreated>\n<EventRecordID>86</EventRecordID>\n<Correlation ActivityID=\"\" RelatedActivityID=\"\"></Correlation>\n<Execution ProcessID=\"928\" ThreadID=\"1860\"></Execution>\n<Channel>Microsoft-Windows-NetworkProfile/Operational</Channel>\n<Computer>IACIS-HDD-2014</Computer>\n<Security UserID=\"S-1-5-19\"></Security>\n</System>\n<EventData><Data Name=\"Name\">Identifying...</Data>\n<Data Name=\"Description\">Identifying...</Data>\n<Data Name=\"Guid\">{67e26bf5-b648-4b2d-bf0f-1a7a80c38257}</Data>\n<Data Name=\"Type\">0</Data>\n<Data Name=\"State\">9</Data>\n<Data Name=\"Category\">0</Data>\n</EventData>\n</Event>\n"
  },
  {
    "EventID": 10001,
    "Timestamp": "2014-02-06 15:17:11.688103+00:00",
    "Computer": "IACIS-HDD-2014",
    "Channel": "Microsoft-Windows-NetworkProfile/Operational",
    "Level": "Information",
    "EventData": {
      "Name": "Network  2",
      "Description": "Network",
      "Guid": "{a18bd810-8272-4622-bd4b-b3bae106b941}",
      "Type": "0",
      "State": "2",
      "Category": "1"
    },
    "RawXml": "<Event xmlns=\"http://schemas.microsoft.com/win/2004/08/events/event\"><System><Provider Name=\"Microsoft-Windows-NetworkProfile\" Guid=\"{fbcfac3f-8459-419f-8e48-1f0b49cdb85e}\"></Provider>\n<EventID Qualifiers=\"\">10001</EventID>\n<Version>0</Version>\n<Level>4</Level>\n<Task>0</Task>\n<Opcode>0</Opcode>\n<Keywords>0x4000200000000000</Keywords>\n<TimeCreated SystemTime=\"2014-02-06 15:17:11.688103+00:00\"></TimeCreated>\n<EventRecordID>87</EventRecordID>\n<Correlation ActivityID=\"\" RelatedActivityID=\"\"></Correlation>\n<Execution ProcessID=\"928\" ThreadID=\"1860\"></Execution>\n<Channel>Microsoft-Windows-NetworkProfile/Operational</Channel>\n<Computer>IACIS-HDD-2014</Computer>\n<Security UserID=\"S-1-5-19\"></Security>\n</System>\n<EventData><Data Name=\"Name\">Network  2</Data>\n<Data Name=\"Description\">Network</Data>\n<Data Name=\"Guid\">{a18bd810-8272-4622-bd4b-b3bae106b941}</Data>\n<Data Name=\"Type\">0</Data>\n<Data Name=\"State\">2</Data>\n<Data Name=\"Category\">1</Data>\n</EventData>\n</Event>\n"
  },
  {
    "EventID": 4001,
    "Timestamp": "2014-02-06 18:54:17.579851+00:00",
    "Computer": "IACIS-HDD-2014",
    "Channel": "Microsoft-Windows-NetworkProfile/Operational",
    "Level": "Information",
    "EventData": {
      "InterfaceGuid": "{78a289b4-f8b9-43c7-8bba-f96e0bbc2185}",
      "CurrentOrNextState": "0"
    },
    "RawXml": "<Event xmlns=\"http://schemas.microsoft.com/win/2004/08/events/event\"><System><Provider Name=\"Microsoft-Windows-NetworkProfile\" Guid=\"{fbcfac3f-8459-419f-8e48-1f0b49cdb85e}\"></Provider>\n<EventID Qualifiers=\"\">4001</EventID>\n<Version>0</Version>\n<Level>4</Level>\n<Task>1</Task>\n<Opcode>1</Opcode>\n<Keywords>0x4000200000000000</Keywords>\n<TimeCreated SystemTime=\"2014-02-06 18:54:17.579851+00:00\"></TimeCreated>\n<EventRecordID>88</EventRecordID>\n<Correlation ActivityID=\"\" RelatedActivityID=\"\"></Correlation>\n<Execution ProcessID=\"932\" ThreadID=\"1868\"></Execution>\n<Channel>Microsoft-Windows-NetworkProfile/Operational</Channel>\n<Computer>IACIS-HDD-2014</Computer>\n<Security UserID=\"S-1-5-19\"></Security>\n</System>\n<EventData><Data Name=\"InterfaceGuid\">{78a289b4-f8b9-43c7-8bba-f96e0bbc2185}</Data>\n<Data Name=\"CurrentOrNextState\">0</Data>\n</EventData>\n</Event>\n"
  },
  {
    "EventID": 10000,
    "Timestamp": "2014-02-06 18:54:17.589851+00:00",
    "Computer": "IACIS-HDD-2014",
    "Channel": "Microsoft-Windows-NetworkProfile/Operational",
    "Level": "Information",
    "EventData": {
      "Name": "Identifying...",
      "Description": "Identifying...",
      "Guid": "{5020ec77-9012-4377-bd96-da9e86af2811}",
      "Type": "0",
      "State": "1",
      "Category": "0"
    },
    "RawXml": "<Event xmlns=\"http://schemas.microsoft.com/win/2004/08/events/event\"><System><Provider Name=\"Microsoft-Windows-NetworkProfile\" Guid=\"{fbcfac3f-8459-419f-8e48-1f0b49cdb85e}\"></Provider>\n<EventID Qualifiers=\"\">10000</EventID>\n<Version>0</Version>\n<Level>4</Level>\n<Task>0</Task>\n<Opcode>0</Opcode>\n<Keywords>0x4000200000000000</Keywords>\n<TimeCreated SystemTime=\"2014-02-06 18:54:17.589851+00:00\"></TimeCreated>\n<EventRecordID>89</EventRecordID>\n<Correlation ActivityID=\"\" RelatedActivityID=\"\"></Correlation>\n<Execution ProcessID=\"932\" ThreadID=\"1884\"></Execution>\n<Channel>Microsoft-Windows-NetworkProfile/Operational</Channel>\n<Computer>IACIS-HDD-2014</Computer>\n<Security UserID=\"S-1-5-19\"></Security>\n</System>\n<EventData><Data Name=\"Name\">Identifying...</Data>\n<Data Name=\"Description\">Identifying...</Data>\n<Data Name=\"Guid\">{5020ec77-9012-4377-bd96-da9e86af2811}</Data>\n<Data Name=\"Type\">0</Data>\n<Data Name=\"State\">1</Data>\n<Data Name=\"Category\">0</Data>\n</EventData>\n</Event>\n"
  },
  {
    "EventID": 4002,
    "Timestamp": "2014-02-06 18:54:18.267853+00:00",
    "Computer": "IACIS-HDD-2014",
    "Channel": "Microsoft-Windows-NetworkProfile/Operational",
    "Level": "Information",
    "EventData": {
      "InterfaceGuid": "{78a289b4-f8b9-43c7-8bba-f96e0bbc2185}",
      "CurrentOrNextState": "1"
    },
    "RawXml": "<Event xmlns=\"http://schemas.microsoft.com/win/2004/08/events/event\"><System><Provider Name=\"Microsoft-Windows-NetworkProfile\" Guid=\"{fbcfac3f-8459-419f-8e48-1f0b49cdb85e}\"></Provider>\n<EventID Qualifiers=\"\">4002</EventID>\n<Version>0</Version>\n<Level>4</Level>\n<Task>1</Task>\n<Opcode>2</Opcode>\n<Keywords>0x4001200000000000</Keywords>\n<TimeCreated SystemTime=\"2014-02-06 18:54:18.267853+00:00\"></TimeCreated>\n<EventRecordID>90</EventRecordID>\n<Correlation ActivityID=\"\" RelatedActivityID=\"\"></Correlation>\n<Execution ProcessID=\"932\" ThreadID=\"944\"></Execution>\n<Channel>Microsoft-Windows-NetworkProfile/Operational</Channel>\n<Computer>IACIS-HDD-2014</Computer>\n<Security UserID=\"S-1-5-19\"></Security>\n</System>\n<EventData><Data Name=\"InterfaceGuid\">{78a289b4-f8b9-43c7-8bba-f96e0bbc2185}</Data>\n<Data Name=\"CurrentOrNextState\">1</Data>\n</EventData>\n</Event>\n"
  },
  {
    "EventID": 10000,
    "Timestamp": "2014-02-06 18:54:18.548653+00:00",
    "Computer": "IACIS-HDD-2014",
    "Channel": "Microsoft-Windows-NetworkProfile/Operational",
    "Level": "Information",
    "EventData": {
      "Name": "Network  2",
      "Description": "Network",
      "Guid": "{a18bd810-8272-4622-bd4b-b3bae106b941}",
      "Type": "0",
      "State": "5",
      "Category": "1"
    },
    "RawXml": "<Event xmlns=\"http://schemas.microsoft.com/win/2004/08/events/event\"><System><Provider Name=\"Microsoft-Windows-NetworkProfile\" Guid=\"{fbcfac3f-8459-419f-8e48-1f0b49cdb85e}\"></Provider>\n<EventID Qualifiers=\"\">10000</EventID>\n<Version>0</Version>\n<Level>4</Level>\n<Task>0</Task>\n<Opcode>0</Opcode>\n<Keywords>0x4000200000000000</Keywords>\n<TimeCreated SystemTime=\"2014-02-06 18:54:18.548653+00:00\"></TimeCreated>\n<EventRecordID>91</EventRecordID>\n<Correlation ActivityID=\"\" RelatedActivityID=\"\"></Correlation>\n<Execution ProcessID=\"932\" ThreadID=\"1884\"></Execution>\n<Channel>Microsoft-Windows-NetworkProfile/Operational</Channel>\n<Computer>IACIS-HDD-2014</Computer>\n<Security UserID=\"S-1-5-19\"></Security>\n</System>\n<EventData><Data Name=\"Name\">Network  2</Data>\n<Data Name=\"Description\">Network</Data>\n<Data Name=\"Guid\">{a18bd810-8272-4622-bd4b-b3bae106b941}</Data>\n<Data Name=\"Type\">0</Data>\n<Data Name=\"State\">5</Data>\n<Data Name=\"Category\">1</Data>\n</EventData>\n</Event>\n"
  },
  {
    "EventID": 10001,
    "Timestamp": "2014-02-06 18:57:25.713785+00:00",
    "Computer": "IACIS-HDD-2014",
    "Channel": "Microsoft-Windows-NetworkProfile/Operational",
    "Level": "Information",
    "EventData": {
      "Name": "Network  2",
      "Description": "Network",
      "Guid": "{a18bd810-8272-4622-bd4b-b3bae106b941}",
      "Type": "0",
      "State": "2",
      "Category": "1"
    },
    "RawXml": "<Event xmlns=\"http://schemas.microsoft.com/win/2004/08/events/event\"><System><Provider Name=\"Microsoft-Windows-NetworkProfile\" Guid=\"{fbcfac3f-8459-419f-8e48-1f0b49cdb85e}\"></Provider>\n<EventID Qualifiers=\"\">10001</EventID>\n<Version>0</Version>\n<Level>4</Level>\n<Task>0</Task>\n<Opcode>0</Opcode>\n<Keywords>0x4000200000000000</Keywords>\n<TimeCreated SystemTime=\"2014-02-06 18:57:25.713785+00:00\"></TimeCreated>\n<EventRecordID>92</EventRecordID>\n<Correlation ActivityID=\"\" RelatedActivityID=\"\"></Correlation>\n<Execution ProcessID=\"932\" ThreadID=\"1884\"></Execution>\n<Channel>Microsoft-Windows-NetworkProfile/Operational</Channel>\n<Computer>IACIS-HDD-2014</Computer>\n<Security UserID=\"S-1-5-19\"></Security>\n</System>\n<EventData><Data Name=\"Name\">Network  2</Data>\n<Data Name=\"Description\">Network</Data>\n<Data Name=\"Guid\">{a18bd810-8272-4622-bd4b-b3bae106b941}</Data>\n<Data Name=\"Type\">0</Data>\n<Data Name=\"State\">2</Data>\n<Data Name=\"Category\">1</Data>\n</EventData>\n</Event>\n"
  },
  {
    "EventID": 4001,
    "Timestamp": "2014-02-06 18:57:25.760586+00:00",
    "Computer": "IACIS-HDD-2014",
    "Channel": "Microsoft-Windows-NetworkProfile/Operational",
    "Level": "Information",
    "EventData": {
      "InterfaceGuid": "{78a289b4-f8b9-43c7-8bba-f96e0bbc2185}",
      "CurrentOrNextState": "0"
    },
    "RawXml": "<Event xmlns=\"http://schemas.microsoft.com/win/2004/08/events/event\"><System><Provider Name=\"Microsoft-Windows-NetworkProfile\" Guid=\"{fbcfac3f-8459-419f-8e48-1f0b49cdb85e}\"></Provider>\n<EventID Qualifiers=\"\">4001</EventID>\n<Version>0</Version>\n<Level>4</Level>\n<Task>1</Task>\n<Opcode>1</Opcode>\n<Keywords>0x4000200000000000</Keywords>\n<TimeCreated SystemTime=\"2014-02-06 18:57:25.760586+00:00\"></TimeCreated>\n<EventRecordID>93</EventRecordID>\n<Correlation ActivityID=\"\" RelatedActivityID=\"\"></Correlation>\n<Execution ProcessID=\"932\" ThreadID=\"944\"></Execution>\n<Channel>Microsoft-Windows-NetworkProfile/Operational</Channel>\n<Computer>IACIS-HDD-2014</Computer>\n<Security UserID=\"S-1-5-19\"></Security>\n</System>\n<EventData><Data Name=\"InterfaceGuid\">{78a289b4-f8b9-43c7-8bba-f96e0bbc2185}</Data>\n<Data Name=\"CurrentOrNextState\">0</Data>\n</EventData>\n</Event>\n"
  },
  {
    "EventID": 10000,
    "Timestamp": "2014-02-06 18:57:25.838585+00:00",
    "Computer": "IACIS-HDD-2014",
    "Channel": "Microsoft-Windows-NetworkProfile/Operational",
    "Level": "Information",
    "EventData": {
      "Name": "Identifying...",
      "Description": "Identifying...",
      "Guid": "{5020ec77-9012-4377-bd96-da9e86af2811}",
      "Type": "0",
      "State": "9",
      "Category": "0"
    },
    "RawXml": "<Event xmlns=\"http://schemas.microsoft.com/win/2004/08/events/event\"><System><Provider Name=\"Microsoft-Windows-NetworkProfile\" Guid=\"{fbcfac3f-8459-419f-8e48-1f0b49cdb85e}\"></Provider>\n<EventID Qualifiers=\"\">10000</EventID>\n<Version>0</Version>\n<Level>4</Level>\n<Task>0</Task>\n<Opcode>0</Opcode>\n<Keywords>0x4000200000000000</Keywords>\n<TimeCreated SystemTime=\"2014-02-06 18:57:25.838585+00:00\"></TimeCreated>\n<EventRecordID>94</EventRecordID>\n<Correlation ActivityID=\"\" RelatedActivityID=\"\"></Correlation>\n<Execution ProcessID=\"932\" ThreadID=\"1884\"></Execution>\n<Channel>Microsoft-Windows-NetworkProfile/Operational</Channel>\n<Computer>IACIS-HDD-2014</Computer>\n<Security UserID=\"S-1-5-19\"></Security>\n</System>\n<EventData><Data Name=\"Name\">Identifying...</Data>\n<Data Name=\"Description\">Identifying...</Data>\n<Data Name=\"Guid\">{5020ec77-9012-4377-bd96-da9e86af2811}</Data>\n<Data Name=\"Type\">0</Data>\n<Data Name=\"State\">9</Data>\n<Data Name=\"Category\">0</Data>\n</EventData>\n</Event>\n"
  },
  {
    "EventID": 4001,
    "Timestamp": "2014-02-07 12:34:43.652662+00:00",
    "Computer": "IACIS-HDD-2014",
    "Channel": "Microsoft-Windows-NetworkProfile/Operational",
    "Level": "Information",
    "EventData": {
      "InterfaceGuid": "{78a289b4-f8b9-43c7-8bba-f96e0bbc2185}",
      "CurrentOrNextState": "0"
    },
    "RawXml": "<Event xmlns=\"http://schemas.microsoft.com/win/2004/08/events/event\"><System><Provider Name=\"Microsoft-Windows-NetworkProfile\" Guid=\"{fbcfac3f-8459-419f-8e48-1f0b49cdb85e}\"></Provider>\n<EventID Qualifiers=\"\">4001</EventID>\n<Version>0</Version>\n<Level>4</Level>\n<Task>1</Task>\n<Opcode>1</Opcode>\n<Keywords>0x4000200000000000</Keywords>\n<TimeCreated SystemTime=\"2014-02-07 12:34:43.652662+00:00\"></TimeCreated>\n<EventRecordID>95</EventRecordID>\n<Correlation ActivityID=\"\" RelatedActivityID=\"\"></Correlation>\n<Execution ProcessID=\"940\" ThreadID=\"1880\"></Execution>\n<Channel>Microsoft-Windows-NetworkProfile/Operational</Channel>\n<Computer>IACIS-HDD-2014</Computer>\n<Security UserID=\"S-1-5-19\"></Security>\n</System>\n<EventData><Data Name=\"InterfaceGuid\">{78a289b4-f8b9-43c7-8bba-f96e0bbc2185}</Data>\n<Data Name=\"CurrentOrNextState\">0</Data>\n</EventData>\n</Event>\n"
  },
  {
    "EventID": 10000,
    "Timestamp": "2014-02-07 12:34:43.665663+00:00",
    "Computer": "IACIS-HDD-2014",
    "Channel": "Microsoft-Windows-NetworkProfile/Operational",
    "Level": "Information",
    "EventData": {
      "Name": "Identifying...",
      "Description": "Identifying...",
      "Guid": "{1e5e7352-2089-4a6c-8f26-412d1158e37f}",
      "Type": "0",
      "State": "1",
      "Category": "0"
    },
    "RawXml": "<Event xmlns=\"http://schemas.microsoft.com/win/2004/08/events/event\"><System><Provider Name=\"Microsoft-Windows-NetworkProfile\" Guid=\"{fbcfac3f-8459-419f-8e48-1f0b49cdb85e}\"></Provider>\n<EventID Qualifiers=\"\">10000</EventID>\n<Version>0</Version>\n<Level>4</Level>\n<Task>0</Task>\n<Opcode>0</Opcode>\n<Keywords>0x4000200000000000</Keywords>\n<TimeCreated SystemTime=\"2014-02-07 12:34:43.665663+00:00\"></TimeCreated>\n<EventRecordID>96</EventRecordID>\n<Correlation ActivityID=\"\" RelatedActivityID=\"\"></Correlation>\n<Execution ProcessID=\"940\" ThreadID=\"1912\"></Execution>\n<Channel>Microsoft-Windows-NetworkProfile/Operational</Channel>\n<Computer>IACIS-HDD-2014</Computer>\n<Security UserID=\"S-1-5-19\"></Security>\n</System>\n<EventData><Data Name=\"Name\">Identifying...</Data>\n<Data Name=\"Description\">Identifying...</Data>\n<Data Name=\"Guid\">{1e5e7352-2089-4a6c-8f26-412d1158e37f}</Data>\n<Data Name=\"Type\">0</Data>\n<Data Name=\"State\">1</Data>\n<Data Name=\"Category\">0</Data>\n</EventData>\n</Event>\n"
  },
  {
    "EventID": 4002,
    "Timestamp": "2014-02-07 12:34:44.582668+00:00",
    "Computer": "IACIS-HDD-2014",
    "Channel": "Microsoft-Windows-NetworkProfile/Operational",
    "Level": "Information",
    "EventData": {
      "InterfaceGuid": "{78a289b4-f8b9-43c7-8bba-f96e0bbc2185}",
      "CurrentOrNextState": "1"
    },
    "RawXml": "<Event xmlns=\"http://schemas.microsoft.com/win/2004/08/events/event\"><System><Provider Name=\"Microsoft-Windows-NetworkProfile\" Guid=\"{fbcfac3f-8459-419f-8e48-1f0b49cdb85e}\"></Provider>\n<EventID Qualifiers=\"\">4002</EventID>\n<Version>0</Version>\n<Level>4</Level>\n<Task>1</Task>\n<Opcode>2</Opcode>\n<Keywords>0x4001200000000000</Keywords>\n<TimeCreated SystemTime=\"2014-02-07 12:34:44.582668+00:00\"></TimeCreated>\n<EventRecordID>97</EventRecordID>\n<Correlation ActivityID=\"\" RelatedActivityID=\"\"></Correlation>\n<Execution ProcessID=\"940\" ThreadID=\"1972\"></Execution>\n<Channel>Microsoft-Windows-NetworkProfile/Operational</Channel>\n<Computer>IACIS-HDD-2014</Computer>\n<Security UserID=\"S-1-5-19\"></Security>\n</System>\n<EventData><Data Name=\"InterfaceGuid\">{78a289b4-f8b9-43c7-8bba-f96e0bbc2185}</Data>\n<Data Name=\"CurrentOrNextState\">1</Data>\n</EventData>\n</Event>\n"
  },
  {
    "EventID": 10000,
    "Timestamp": "2014-02-07 12:34:44.582668+00:00",
    "Computer": "IACIS-HDD-2014",
    "Channel": "Microsoft-Windows-NetworkProfile/Operational",
    "Level": "Information",
    "EventData": {
      "Name": "Network  2",
      "Description": "Network",
      "Guid": "{a18bd810-8272-4622-bd4b-b3bae106b941}",
      "Type": "0",
      "State": "5",
      "Category": "1"
    },
    "RawXml": "<Event xmlns=\"http://schemas.microsoft.com/win/2004/08/events/event\"><System><Provider Name=\"Microsoft-Windows-NetworkProfile\" Guid=\"{fbcfac3f-8459-419f-8e48-1f0b49cdb85e}\"></Provider>\n<EventID Qualifiers=\"\">10000</EventID>\n<Version>0</Version>\n<Level>4</Level>\n<Task>0</Task>\n<Opcode>0</Opcode>\n<Keywords>0x4000200000000000</Keywords>\n<TimeCreated SystemTime=\"2014-02-07 12:34:44.582668+00:00\"></TimeCreated>\n<EventRecordID>98</EventRecordID>\n<Correlation ActivityID=\"\" RelatedActivityID=\"\"></Correlation>\n<Execution ProcessID=\"940\" ThreadID=\"1912\"></Execution>\n<Channel>Microsoft-Windows-NetworkProfile/Operational</Channel>\n<Computer>IACIS-HDD-2014</Computer>\n<Security UserID=\"S-1-5-19\"></Security>\n</System>\n<EventData><Data Name=\"Name\">Network  2</Data>\n<Data Name=\"Description\">Network</Data>\n<Data Name=\"Guid\">{a18bd810-8272-4622-bd4b-b3bae106b941}</Data>\n<Data Name=\"Type\">0</Data>\n<Data Name=\"State\">5</Data>\n<Data Name=\"Category\">1</Data>\n</EventData>\n</Event>\n"
  },
  {
    "EventID": 10001,
    "Timestamp": "2014-02-07 15:12:47.956661+00:00",
    "Computer": "IACIS-HDD-2014",
    "Channel": "Microsoft-Windows-NetworkProfile/Operational",
    "Level": "Information",
    "EventData": {
      "Name": "Network  2",
      "Description": "Network",
      "Guid": "{a18bd810-8272-4622-bd4b-b3bae106b941}",
      "Type": "0",
      "State": "2",
      "Category": "1"
    },
    "RawXml": "<Event xmlns=\"http://schemas.microsoft.com/win/2004/08/events/event\"><System><Provider Name=\"Microsoft-Windows-NetworkProfile\" Guid=\"{fbcfac3f-8459-419f-8e48-1f0b49cdb85e}\"></Provider>\n<EventID Qualifiers=\"\">10001</EventID>\n<Version>0</Version>\n<Level>4</Level>\n<Task>0</Task>\n<Opcode>0</Opcode>\n<Keywords>0x4000200000000000</Keywords>\n<TimeCreated SystemTime=\"2014-02-07 15:12:47.956661+00:00\"></TimeCreated>\n<EventRecordID>99</EventRecordID>\n<Correlation ActivityID=\"\" RelatedActivityID=\"\"></Correlation>\n<Execution ProcessID=\"940\" ThreadID=\"1912\"></Execution>\n<Channel>Microsoft-Windows-NetworkProfile/Operational</Channel>\n<Computer>IACIS-HDD-2014</Computer>\n<Security UserID=\"S-1-5-19\"></Security>\n</System>\n<EventData><Data Name=\"Name\">Network  2</Data>\n<Data Name=\"Description\">Network</Data>\n<Data Name=\"Guid\">{a18bd810-8272-4622-bd4b-b3bae106b941}</Data>\n<Data Name=\"Type\">0</Data>\n<Data Name=\"State\">2</Data>\n<Data Name=\"Category\">1</Data>\n</EventData>\n</Event>\n"
  },
  {
    "EventID": 4001,
    "Timestamp": "2014-02-07 15:12:48.253061+00:00",
    "Computer": "IACIS-HDD-2014",
    "Channel": "Microsoft-Windows-NetworkProfile/Operational",
    "Level": "Information",
    "EventData": {
      "InterfaceGuid": "{78a289b4-f8b9-43c7-8bba-f96e0bbc2185}",
      "CurrentOrNextState": "0"
    },
    "RawXml": "<Event xmlns=\"http://schemas.microsoft.com/win/2004/08/events/event\"><System><Provider Name=\"Microsoft-Windows-NetworkProfile\" Guid=\"{fbcfac3f-8459-419f-8e48-1f0b49cdb85e}\"></Provider>\n<EventID Qualifiers=\"\">4001</EventID>\n<Version>0</Version>\n<Level>4</Level>\n<Task>1</Task>\n<Opcode>1</Opcode>\n<Keywords>0x4000200000000000</Keywords>\n<TimeCreated SystemTime=\"2014-02-07 15:12:48.253061+00:00\"></TimeCreated>\n<EventRecordID>100</EventRecordID>\n<Correlation ActivityID=\"\" RelatedActivityID=\"\"></Correlation>\n<Execution ProcessID=\"940\" ThreadID=\"2208\"></Execution>\n<Channel>Microsoft-Windows-NetworkProfile/Operational</Channel>\n<Computer>IACIS-HDD-2014</Computer>\n<Security UserID=\"S-1-5-19\"></Security>\n</System>\n<EventData><Data Name=\"InterfaceGuid\">{78a289b4-f8b9-43c7-8bba-f96e0bbc2185}</Data>\n<Data Name=\"CurrentOrNextState\">0</Data>\n</EventData>\n</Event>\n"
  },
  {
    "EventID": 10000,
    "Timestamp": "2014-02-07 15:12:48.908264+00:00",
    "Computer": "IACIS-HDD-2014",
    "Channel": "Microsoft-Windows-NetworkProfile/Operational",
    "Level": "Information",
    "EventData": {
      "Name": "Identifying...",
      "Description": "Identifying...",
      "Guid": "{1e5e7352-2089-4a6c-8f26-412d1158e37f}",
      "Type": "0",
      "State": "9",
      "Category": "0"
    },
    "RawXml": "<Event xmlns=\"http://schemas.microsoft.com/win/2004/08/events/event\"><System><Provider Name=\"Microsoft-Windows-NetworkProfile\" Guid=\"{fbcfac3f-8459-419f-8e48-1f0b49cdb85e}\"></Provider>\n<EventID Qualifiers=\"\">10000</EventID>\n<Version>0</Version>\n<Level>4</Level>\n<Task>0</Task>\n<Opcode>0</Opcode>\n<Keywords>0x4000200000000000</Keywords>\n<TimeCreated SystemTime=\"2014-02-07 15:12:48.908264+00:00\"></TimeCreated>\n<EventRecordID>101</EventRecordID>\n<Correlation ActivityID=\"\" RelatedActivityID=\"\"></Correlation>\n<Execution ProcessID=\"940\" ThreadID=\"1912\"></Execution>\n<Channel>Microsoft-Windows-NetworkProfile/Operational</Channel>\n<Computer>IACIS-HDD-2014</Computer>\n<Security UserID=\"S-1-5-19\"></Security>\n</System>\n<EventData><Data Name=\"Name\">Identifying...</Data>\n<Data Name=\"Description\">Identifying...</Data>\n<Data Name=\"Guid\">{1e5e7352-2089-4a6c-8f26-412d1158e37f}</Data>\n<Data Name=\"Type\">0</Data>\n<Data Name=\"State\">9</Data>\n<Data Name=\"Category\">0</Data>\n</EventData>\n</Event>\n"
  },
  {
    "EventID": 4001,
    "Timestamp": "2014-02-07 16:51:55.235666+00:00",
    "Computer": "IACIS-HDD-2014",
    "Channel": "Microsoft-Windows-NetworkProfile/Operational",
    "Level": "Information",
    "EventData": {
      "InterfaceGuid": "{78a289b4-f8b9-43c7-8bba-f96e0bbc2185}",
      "CurrentOrNextState": "0"
    },
    "RawXml": "<Event xmlns=\"http://schemas.microsoft.com/win/2004/08/events/event\"><System><Provider Name=\"Microsoft-Windows-NetworkProfile\" Guid=\"{fbcfac3f-8459-419f-8e48-1f0b49cdb85e}\"></Provider>\n<EventID Qualifiers=\"\">4001</EventID>\n<Version>0</Version>\n<Level>4</Level>\n<Task>1</Task>\n<Opcode>1</Opcode>\n<Keywords>0x4000200000000000</Keywords>\n<TimeCreated SystemTime=\"2014-02-07 16:51:55.235666+00:00\"></TimeCreated>\n<EventRecordID>102</EventRecordID>\n<Correlation ActivityID=\"\" RelatedActivityID=\"\"></Correlation>\n<Execution ProcessID=\"920\" ThreadID=\"1752\"></Execution>\n<Channel>Microsoft-Windows-NetworkProfile/Operational</Channel>\n<Computer>IACIS-HDD-2014</Computer>\n<Security UserID=\"S-1-5-19\"></Security>\n</System>\n<EventData><Data Name=\"InterfaceGuid\">{78a289b4-f8b9-43c7-8bba-f96e0bbc2185}</Data>\n<Data Name=\"CurrentOrNextState\">0</Data>\n</EventData>\n</Event>\n"
  },
  {
    "EventID": 10000,
    "Timestamp": "2014-02-07 16:51:55.255667+00:00",
    "Computer": "IACIS-HDD-2014",
    "Channel": "Microsoft-Windows-NetworkProfile/Operational",
    "Level": "Information",
    "EventData": {
      "Name": "Identifying...",
      "Description": "Identifying...",
      "Guid": "{00c6a7bb-7f86-432f-8acc-e91e8e7491eb}",
      "Type": "0",
      "State": "1",
      "Category": "0"
    },
    "RawXml": "<Event xmlns=\"http://schemas.microsoft.com/win/2004/08/events/event\"><System><Provider Name=\"Microsoft-Windows-NetworkProfile\" Guid=\"{fbcfac3f-8459-419f-8e48-1f0b49cdb85e}\"></Provider>\n<EventID Qualifiers=\"\">10000</EventID>\n<Version>0</Version>\n<Level>4</Level>\n<Task>0</Task>\n<Opcode>0</Opcode>\n<Keywords>0x4000200000000000</Keywords>\n<TimeCreated SystemTime=\"2014-02-07 16:51:55.255667+00:00\"></TimeCreated>\n<EventRecordID>103</EventRecordID>\n<Correlation ActivityID=\"\" RelatedActivityID=\"\"></Correlation>\n<Execution ProcessID=\"920\" ThreadID=\"1768\"></Execution>\n<Channel>Microsoft-Windows-NetworkProfile/Operational</Channel>\n<Computer>IACIS-HDD-2014</Computer>\n<Security UserID=\"S-1-5-19\"></Security>\n</System>\n<EventData><Data Name=\"Name\">Identifying...</Data>\n<Data Name=\"Description\">Identifying...</Data>\n<Data Name=\"Guid\">{00c6a7bb-7f86-432f-8acc-e91e8e7491eb}</Data>\n<Data Name=\"Type\">0</Data>\n<Data Name=\"State\">1</Data>\n<Data Name=\"Category\">0</Data>\n</EventData>\n</Event>\n"
  },
  {
    "EventID": 4002,
    "Timestamp": "2014-02-07 16:51:56.167669+00:00",
    "Computer": "IACIS-HDD-2014",
    "Channel": "Microsoft-Windows-NetworkProfile/Operational",
    "Level": "Information",
    "EventData": {
      "InterfaceGuid": "{78a289b4-f8b9-43c7-8bba-f96e0bbc2185}",
      "CurrentOrNextState": "1"
    },
    "RawXml": "<Event xmlns=\"http://schemas.microsoft.com/win/2004/08/events/event\"><System><Provider Name=\"Microsoft-Windows-NetworkProfile\" Guid=\"{fbcfac3f-8459-419f-8e48-1f0b49cdb85e}\"></Provider>\n<EventID Qualifiers=\"\">4002</EventID>\n<Version>0</Version>\n<Level>4</Level>\n<Task>1</Task>\n<Opcode>2</Opcode>\n<Keywords>0x4001200000000000</Keywords>\n<TimeCreated SystemTime=\"2014-02-07 16:51:56.167669+00:00\"></TimeCreated>\n<EventRecordID>104</EventRecordID>\n<Correlation ActivityID=\"\" RelatedActivityID=\"\"></Correlation>\n<Execution ProcessID=\"920\" ThreadID=\"1104\"></Execution>\n<Channel>Microsoft-Windows-NetworkProfile/Operational</Channel>\n<Computer>IACIS-HDD-2014</Computer>\n<Security UserID=\"S-1-5-19\"></Security>\n</System>\n<EventData><Data Name=\"InterfaceGuid\">{78a289b4-f8b9-43c7-8bba-f96e0bbc2185}</Data>\n<Data Name=\"CurrentOrNextState\">1</Data>\n</EventData>\n</Event>\n"
  },
  {
    "EventID": 10000,
    "Timestamp": "2014-02-07 16:51:56.177670+00:00",
    "Computer": "IACIS-HDD-2014",
    "Channel": "Microsoft-Windows-NetworkProfile/Operational",
    "Level": "Information",
    "EventData": {
      "Name": "Network  2",
      "Description": "Network",
      "Guid": "{a18bd810-8272-4622-bd4b-b3bae106b941}",
      "Type": "0",
      "State": "5",
      "Category": "1"
    },
    "RawXml": "<Event xmlns=\"http://schemas.microsoft.com/win/2004/08/events/event\"><System><Provider Name=\"Microsoft-Windows-NetworkProfile\" Guid=\"{fbcfac3f-8459-419f-8e48-1f0b49cdb85e}\"></Provider>\n<EventID Qualifiers=\"\">10000</EventID>\n<Version>0</Version>\n<Level>4</Level>\n<Task>0</Task>\n<Opcode>0</Opcode>\n<Keywords>0x4000200000000000</Keywords>\n<TimeCreated SystemTime=\"2014-02-07 16:51:56.177670+00:00\"></TimeCreated>\n<EventRecordID>105</EventRecordID>\n<Correlation ActivityID=\"\" RelatedActivityID=\"\"></Correlation>\n<Execution ProcessID=\"920\" ThreadID=\"1768\"></Execution>\n<Channel>Microsoft-Windows-NetworkProfile/Operational</Channel>\n<Computer>IACIS-HDD-2014</Computer>\n<Security UserID=\"S-1-5-19\"></Security>\n</System>\n<EventData><Data Name=\"Name\">Network  2</Data>\n<Data Name=\"Description\">Network</Data>\n<Data Name=\"Guid\">{a18bd810-8272-4622-bd4b-b3bae106b941}</Data>\n<Data Name=\"Type\">0</Data>\n<Data Name=\"State\">5</Data>\n<Data Name=\"Category\">1</Data>\n</EventData>\n</Event>\n"
  },
  {
    "EventID": 4001,
    "Timestamp": "2014-02-07 17:36:01.958118+00:00",
    "Computer": "IACIS-HDD-2014",
    "Channel": "Microsoft-Windows-NetworkProfile/Operational",
    "Level": "Information",
    "EventData": {
      "InterfaceGuid": "{78a289b4-f8b9-43c7-8bba-f96e0bbc2185}",
      "CurrentOrNextState": "0"
    },
    "RawXml": "<Event xmlns=\"http://schemas.microsoft.com/win/2004/08/events/event\"><System><Provider Name=\"Microsoft-Windows-NetworkProfile\" Guid=\"{fbcfac3f-8459-419f-8e48-1f0b49cdb85e}\"></Provider>\n<EventID Qualifiers=\"\">4001</EventID>\n<Version>0</Version>\n<Level>4</Level>\n<Task>1</Task>\n<Opcode>1</Opcode>\n<Keywords>0x4000200000000000</Keywords>\n<TimeCreated SystemTime=\"2014-02-07 17:36:01.958118+00:00\"></TimeCreated>\n<EventRecordID>106</EventRecordID>\n<Correlation ActivityID=\"\" RelatedActivityID=\"\"></Correlation>\n<Execution ProcessID=\"920\" ThreadID=\"2504\"></Execution>\n<Channel>Microsoft-Windows-NetworkProfile/Operational</Channel>\n<Computer>IACIS-HDD-2014</Computer>\n<Security UserID=\"S-1-5-19\"></Security>\n</System>\n<EventData><Data Name=\"InterfaceGuid\">{78a289b4-f8b9-43c7-8bba-f96e0bbc2185}</Data>\n<Data Name=\"CurrentOrNextState\">0</Data>\n</EventData>\n</Event>\n"
  },
  {
    "EventID": 10001,
    "Timestamp": "2014-02-07 17:36:02.332518+00:00",
    "Computer": "IACIS-HDD-2014",
    "Channel": "Microsoft-Windows-NetworkProfile/Operational",
    "Level": "Information",
    "EventData": {
      "Name": "Network  2",
      "Description": "Network",
      "Guid": "{a18bd810-8272-4622-bd4b-b3bae106b941}",
      "Type": "0",
      "State": "2",
      "Category": "1"
    },
    "RawXml": "<Event xmlns=\"http://schemas.microsoft.com/win/2004/08/events/event\"><System><Provider Name=\"Microsoft-Windows-NetworkProfile\" Guid=\"{fbcfac3f-8459-419f-8e48-1f0b49cdb85e}\"></Provider>\n<EventID Qualifiers=\"\">10001</EventID>\n<Version>0</Version>\n<Level>4</Level>\n<Task>0</Task>\n<Opcode>0</Opcode>\n<Keywords>0x4000200000000000</Keywords>\n<TimeCreated SystemTime=\"2014-02-07 17:36:02.332518+00:00\"></TimeCreated>\n<EventRecordID>107</EventRecordID>\n<Correlation ActivityID=\"\" RelatedActivityID=\"\"></Correlation>\n<Execution ProcessID=\"920\" ThreadID=\"1768\"></Execution>\n<Channel>Microsoft-Windows-NetworkProfile/Operational</Channel>\n<Computer>IACIS-HDD-2014</Computer>\n<Security UserID=\"S-1-5-19\"></Security>\n</System>\n<EventData><Data Name=\"Name\">Network  2</Data>\n<Data Name=\"Description\">Network</Data>\n<Data Name=\"Guid\">{a18bd810-8272-4622-bd4b-b3bae106b941}</Data>\n<Data Name=\"Type\">0</Data>\n<Data Name=\"State\">2</Data>\n<Data Name=\"Category\">1</Data>\n</EventData>\n</Event>\n"
  },
  {
    "EventID": 10000,
    "Timestamp": "2014-02-07 17:36:02.597717+00:00",
    "Computer": "IACIS-HDD-2014",
    "Channel": "Microsoft-Windows-NetworkProfile/Operational",
    "Level": "Information",
    "EventData": {
      "Name": "Identifying...",
      "Description": "Identifying...",
      "Guid": "{00c6a7bb-7f86-432f-8acc-e91e8e7491eb}",
      "Type": "0",
      "State": "9",
      "Category": "0"
    },
    "RawXml": "<Event xmlns=\"http://schemas.microsoft.com/win/2004/08/events/event\"><System><Provider Name=\"Microsoft-Windows-NetworkProfile\" Guid=\"{fbcfac3f-8459-419f-8e48-1f0b49cdb85e}\"></Provider>\n<EventID Qualifiers=\"\">10000</EventID>\n<Version>0</Version>\n<Level>4</Level>\n<Task>0</Task>\n<Opcode>0</Opcode>\n<Keywords>0x4000200000000000</Keywords>\n<TimeCreated SystemTime=\"2014-02-07 17:36:02.597717+00:00\"></TimeCreated>\n<EventRecordID>108</EventRecordID>\n<Correlation ActivityID=\"\" RelatedActivityID=\"\"></Correlation>\n<Execution ProcessID=\"920\" ThreadID=\"1768\"></Execution>\n<Channel>Microsoft-Windows-NetworkProfile/Operational</Channel>\n<Computer>IACIS-HDD-2014</Computer>\n<Security UserID=\"S-1-5-19\"></Security>\n</System>\n<EventData><Data Name=\"Name\">Identifying...</Data>\n<Data Name=\"Description\">Identifying...</Data>\n<Data Name=\"Guid\">{00c6a7bb-7f86-432f-8acc-e91e8e7491eb}</Data>\n<Data Name=\"Type\">0</Data>\n<Data Name=\"State\">9</Data>\n<Data Name=\"Category\">0</Data>\n</EventData>\n</Event>\n"
  },
