[
  {
    "EventID": 3005,
    "Timestamp": "2014-01-25 04:19:34.096899+00:00",
    "Computer": "37L4247F27-25",
    "Channel": "Microsoft-Windows-BranchCacheSMB/Operational",
    "Level": "Information",
    "EventData": {},
    "RawXml": "<Event xmlns=\"http://schemas.microsoft.com/win/2004/08/events/event\"><System><Provider Name=\"Microsoft-Windows-BranchCacheSMB\" Guid=\"{4a933674-fb3d-4e8d-b01d-17ee14e91a3e}\"></Provider>\n<EventID Qualifiers=\"\">3005</EventID>\n<Version>0</Version>\n<Level>4</Level>\n<Task>0</Task>\n<Opcode>0</Opcode>\n<Keywords>0x8000000000000800</Keywords>\n<TimeCreated SystemTime=\"2014-01-25 04:19:34.096899+00:00\"></TimeCreated>\n<EventRecordID>1</EventRecordID>\n<Correlation ActivityID=\"\" RelatedActivityID=\"\"></Correlation>\n<Execution ProcessID=\"844\" ThreadID=\"856\"></Execution>\n<Channel>Microsoft-Windows-BranchCacheSMB/Operational</Channel>\n<Computer>37L4247F27-25</Computer>\n<Security UserID=\"S-1-5-18\"></Security>\n</System>\n<UserData><CounterSummary xmlns:auto-ns3=\"http://schemas.microsoft.com/win/2004/08/events\" xmlns=\"CounterSummaryNs\"><ServiceActiveTimeInSeconds>0</ServiceActiveTimeInSeconds>\n<SMBBranchCacheBytesRequested>0</SMBBranchCacheBytesRequested>\n<SMBBranchCacheBytesReceived>0</SMBBranchCacheBytesReceived>\n<SMBBranchCacheBytesPublished>0</SMBBranchCacheBytesPublished>\n<SMBBranchCacheBytesRequestedFromServer>0</SMBBranchCacheBytesRequestedFromServer>\n<SMBBranchCacheHashesRequested>0</SMBBranchCacheHashesRequested>\n<SMBBranchCacheHashesReceived>0</SMBBranchCacheHashesReceived>\n<SMBBranchCacheHashBytesReceived>0</SMBBranchCacheHashBytesReceived>\n<PrefetchOperationsQueued>0</PrefetchOperationsQueued>\n<PrefetchBytesReadFromCache>0</PrefetchBytesReadFromCache>\n<PrefetchBytesReadFromServer>0</PrefetchBytesReadFromServer>\n<ApplicationBytesReadFromCache>0</ApplicationBytesReadFromCache>\n<ApplicationBytesReadFromServer>0</ApplicationBytesReadFromServer>\n<ApplicationBytesReadFromServerNotCached>0</ApplicationBytesReadFromServerNotCached>\n</CounterSummary>\n</UserData>\n</Event>\n"
  },
  {
    "EventID": 3001,
    "Timestamp": "2014-01-25 04:19:35.188900+00:00",
    "Computer": "37L4247F27-25",
    "Channel": "Microsoft-Windows-BranchCacheSMB/Operational",
    "Level": "Information",
    "EventData": {},
    "RawXml": "<Event xmlns=\"http://schemas.microsoft.com/win/2004/08/events/event\"><System><Provider Name=\"Microsoft-Windows-BranchCacheSMB\" Guid=\"{4a933674-fb3d-4e8d-b01d-17ee14e91a3e}\"></Provider>\n<EventID Qualifiers=\"\">3001</EventID>\n<Version>0</Version>\n<Level>4</Level>\n<Task>0</Task>\n<Opcode>0</Opcode>\n<Keywords>0x8000000000000800</Keywords>\n<TimeCreated SystemTime=\"2014-01-25 04:19:35.188900+00:00\"></TimeCreated>\n<EventRecordID>2</EventRecordID>\n<Correlation ActivityID=\"\" RelatedActivityID=\"\"></Correlation>\n<Execution ProcessID=\"844\" ThreadID=\"976\"></Execution>\n<Channel>Microsoft-Windows-BranchCacheSMB/Operational</Channel>\n<Computer>37L4247F27-25</Computer>\n<Security UserID=\"S-1-5-18\"></Security>\n</System>\n<EventData></EventData>\n</Event>\n"
  },
  {
    "EventID": 3005,
    "Timestamp": "2014-01-25 04:24:39.916992+00:00",
    "Computer": "IACIS-HDD-2014",
    "Channel": "Microsoft-Windows-BranchCacheSMB/Operational",
    "Level": "Information",
    "EventData": {},
    "RawXml": "<Event xmlns=\"http://schemas.microsoft.com/win/2004/08/events/event\"><System><Provider Name=\"Microsoft-Windows-BranchCacheSMB\" Guid=\"{4a933674-fb3d-4e8d-b01d-17ee14e91a3e}\"></Provider>\n<EventID Qualifiers=\"\">3005</EventID>\n<Version>0</Version>\n<Level>4</Level>\n<Task>0</Task>\n<Opcode>0</Opcode>\n<Keywords>0x8000000000000800</Keywords>\n<TimeCreated SystemTime=\"2014-01-25 04:24:39.916992+00:00\"></TimeCreated>\n<EventRecordID>3</EventRecordID>\n<Correlation ActivityID=\"\" RelatedActivityID=\"\"></Correlation>\n<Execution ProcessID=\"864\" ThreadID=\"880\"></Execution>\n<Channel>Microsoft-Windows-BranchCacheSMB/Operational</Channel>\n<Computer>IACIS-HDD-2014</Computer>\n<Security UserID=\"S-1-5-18\"></Security>\n</System>\n<UserData><CounterSummary xmlns:auto-ns3=\"http://schemas.microsoft.com/win/2004/08/events\" xmlns=\"CounterSummaryNs\"><ServiceActiveTimeInSeconds>0</ServiceActiveTimeInSeconds>\n<SMBBranchCacheBytesRequested>0</SMBBranchCacheBytesRequested>\n<SMBBranchCacheBytesReceived>0</SMBBranchCacheBytesReceived>\n<SMBBranchCacheBytesPublished>0</SMBBranchCacheBytesPublished>\n<SMBBranchCacheBytesRequestedFromServer>0</SMBBranchCacheBytesRequestedFromServer>\n<SMBBranchCacheHashesRequested>0</SMBBranchCacheHashesRequested>\n<SMBBranchCacheHashesReceived>0</SMBBranchCacheHashesReceived>\n<SMBBranchCacheHashBytesReceived>0</SMBBranchCacheHashBytesReceived>\n<PrefetchOperationsQueued>0</PrefetchOperationsQueued>\n<PrefetchBytesReadFromCache>0</PrefetchBytesReadFromCache>\n<PrefetchBytesReadFromServer>0</PrefetchBytesReadFromServer>\n<ApplicationBytesReadFromCache>0</ApplicationBytesReadFromCache>\n<ApplicationBytesReadFromServer>0</ApplicationBytesReadFromServer>\n<ApplicationBytesReadFromServerNotCached>0</ApplicationBytesReadFromServerNotCached>\n</CounterSummary>\n</UserData>\n</Event>\n"
  },
  {
    "EventID": 3001,
    "Timestamp": "2014-01-25 04:24:40.977795+00:00",
    "Computer": "IACIS-HDD-2014",
    "Channel": "Microsoft-Windows-BranchCacheSMB/Operational",
    "Level": "Information",
    "EventData": {},
    "RawXml": "<Event xmlns=\"http://schemas.microsoft.com/win/2004/08/events/event\"><System><Provider Name=\"Microsoft-Windows-BranchCacheSMB\" Guid=\"{4a933674-fb3d-4e8d-b01d-17ee14e91a3e}\"></Provider>\n<EventID Qualifiers=\"\">3001</EventID>\n<Version>0</Version>\n<Level>4</Level>\n<Task>0</Task>\n<Opcode>0</Opcode>\n<Keywords>0x8000000000000800</Keywords>\n<TimeCreated SystemTime=\"2014-01-25 04:24:40.977795+00:00\"></TimeCreated>\n<EventRecordID>4</EventRecordID>\n<Correlation ActivityID=\"\" RelatedActivityID=\"\"></Correlation>\n<Execution ProcessID=\"864\" ThreadID=\"1108\"></Execution>\n<Channel>Microsoft-Windows-BranchCacheSMB/Operational</Channel>\n<Computer>IACIS-HDD-2014</Computer>\n<Security UserID=\"S-1-5-18\"></Security>\n</System>\n<EventData></EventData>\n</Event>\n"
  },
  {
    "EventID": 3005,
    "Timestamp": "2014-01-25 02:24:36.278246+00:00",
    "Computer": "IACIS-HDD-2014",
    "Channel": "Microsoft-Windows-BranchCacheSMB/Operational",
    "Level": "Information",
    "EventData": {},
    "RawXml": "<Event xmlns=\"http://schemas.microsoft.com/win/2004/08/events/event\"><System><Provider Name=\"Microsoft-Windows-BranchCacheSMB\" Guid=\"{4a933674-fb3d-4e8d-b01d-17ee14e91a3e}\"></Provider>\n<EventID Qualifiers=\"\">3005</EventID>\n<Version>0</Version>\n<Level>4</Level>\n<Task>0</Task>\n<Opcode>0</Opcode>\n<Keywords>0x8000000000000800</Keywords>\n<TimeCreated SystemTime=\"2014-01-25 02:24:36.278246+00:00\"></TimeCreated>\n<EventRecordID>5</EventRecordID>\n<Correlation ActivityID=\"\" RelatedActivityID=\"\"></Correlation>\n<Execution ProcessID=\"864\" ThreadID=\"2344\"></Execution>\n<Channel>Microsoft-Windows-BranchCacheSMB/Operational</Channel>\n<Computer>IACIS-HDD-2014</Computer>\n<Security UserID=\"S-1-5-18\"></Security>\n</System>\n<UserData><CounterSummary xmlns:auto-ns3=\"http://schemas.microsoft.com/win/2004/08/events\" xmlns=\"CounterSummaryNs\"><ServiceActiveTimeInSeconds>4294960093</ServiceActiveTimeInSeconds>\n<SMBBranchCacheBytesRequested>0</SMBBranchCacheBytesRequested>\n<SMBBranchCacheBytesReceived>0</SMBBranchCacheBytesReceived>\n<SMBBranchCacheBytesPublished>0</SMBBranchCacheBytesPublished>\n<SMBBranchCacheBytesRequestedFromServer>0</SMBBranchCacheBytesRequestedFromServer>\n<SMBBranchCacheHashesRequested>0</SMBBranchCacheHashesRequested>\n<SMBBranchCacheHashesReceived>0</SMBBranchCacheHashesReceived>\n<SMBBranchCacheHashBytesReceived>0</SMBBranchCacheHashBytesReceived>\n<PrefetchOperationsQueued>0</PrefetchOperationsQueued>\n<PrefetchBytesReadFromCache>0</PrefetchBytesReadFromCache>\n<PrefetchBytesReadFromServer>0</PrefetchBytesReadFromServer>\n<ApplicationBytesReadFromCache>0</ApplicationBytesReadFromCache>\n<ApplicationBytesReadFromServer>0</ApplicationBytesReadFromServer>\n<ApplicationBytesReadFromServerNotCached>0</ApplicationBytesReadFromServerNotCached>\n</CounterSummary>\n</UserData>\n</Event>\n"
  },
  {
    "EventID": 3005,
    "Timestamp": "2014-01-25 03:24:36.296570+00:00",
    "Computer": "IACIS-HDD-2014",
    "Channel": "Microsoft-Windows-BranchCacheSMB/Operational",
    "Level": "Information",
    "EventData": {},
    "RawXml": "<Event xmlns=\"http://schemas.microsoft.com/win/2004/08/events/event\"><System><Provider Name=\"Microsoft-Windows-BranchCacheSMB\" Guid=\"{4a933674-fb3d-4e8d-b01d-17ee14e91a3e}\"></Provider>\n<EventID Qualifiers=\"\">3005</EventID>\n<Version>0</Version>\n<Level>4</Level>\n<Task>0</Task>\n<Opcode>0</Opcode>\n<Keywords>0x8000000000000800</Keywords>\n<TimeCreated SystemTime=\"2014-01-25 03:24:36.296570+00:00\"></TimeCreated>\n<EventRecordID>6</EventRecordID>\n<Correlation ActivityID=\"\" RelatedActivityID=\"\"></Correlation>\n<Execution ProcessID=\"864\" ThreadID=\"876\"></Execution>\n<Channel>Microsoft-Windows-BranchCacheSMB/Operational</Channel>\n<Computer>IACIS-HDD-2014</Computer>\n<Security UserID=\"S-1-5-18\"></Security>\n</System>\n<UserData><CounterSummary xmlns:auto-ns3=\"http://schemas.microsoft.com/win/2004/08/events\" xmlns=\"CounterSummaryNs\"><ServiceActiveTimeInSeconds>4294963693</ServiceActiveTimeInSeconds>\n<SMBBranchCacheBytesRequested>0</SMBBranchCacheBytesRequested>\n<SMBBranchCacheBytesReceived>0</SMBBranchCacheBytesReceived>\n<SMBBranchCacheBytesPublished>0</SMBBranchCacheBytesPublished>\n<SMBBranchCacheBytesRequestedFromServer>0</SMBBranchCacheBytesRequestedFromServer>\n<SMBBranchCacheHashesRequested>0</SMBBranchCacheHashesRequested>\n<SMBBranchCacheHashesReceived>0</SMBBranchCacheHashesReceived>\n<SMBBranchCacheHashBytesReceived>0</SMBBranchCacheHashBytesReceived>\n<PrefetchOperationsQueued>0</PrefetchOperationsQueued>\n<PrefetchBytesReadFromCache>0</PrefetchBytesReadFromCache>\n<PrefetchBytesReadFromServer>0</PrefetchBytesReadFromServer>\n<ApplicationBytesReadFromCache>0</ApplicationBytesReadFromCache>\n<ApplicationBytesReadFromServer>0</ApplicationBytesReadFromServer>\n<ApplicationBytesReadFromServerNotCached>0</ApplicationBytesReadFromServerNotCached>\n</CounterSummary>\n</UserData>\n</Event>\n"
  },
  {
    "EventID": 3005,
    "Timestamp": "2014-01-25 04:24:36.361692+00:00",
    "Computer": "IACIS-HDD-2014",
    "Channel": "Microsoft-Windows-BranchCacheSMB/Operational",
    "Level": "Information",
    "EventData": {},
    "RawXml": "<Event xmlns=\"http://schemas.microsoft.com/win/2004/08/events/event\"><System><Provider Name=\"Microsoft-Windows-BranchCacheSMB\" Guid=\"{4a933674-fb3d-4e8d-b01d-17ee14e91a3e}\"></Provider>\n<EventID Qualifiers=\"\">3005</EventID>\n<Version>0</Version>\n<Level>4</Level>\n<Task>0</Task>\n<Opcode>0</Opcode>\n<Keywords>0x8000000000000800</Keywords>\n<TimeCreated SystemTime=\"2014-01-25 04:24:36.361692+00:00\"></TimeCreated>\n<EventRecordID>7</EventRecordID>\n<Correlation ActivityID=\"\" RelatedActivityID=\"\"></Correlation>\n<Execution ProcessID=\"864\" ThreadID=\"2432\"></Execution>\n<Channel>Microsoft-Windows-BranchCacheSMB/Operational</Channel>\n<Computer>IACIS-HDD-2014</Computer>\n<Security UserID=\"S-1-5-18\"></Security>\n</System>\n<UserData><CounterSummary xmlns:auto-ns3=\"http://schemas.microsoft.com/win/2004/08/events\" xmlns=\"CounterSummaryNs\"><ServiceActiveTimeInSeconds>4294967293</ServiceActiveTimeInSeconds>\n<SMBBranchCacheBytesRequested>0</SMBBranchCacheBytesRequested>\n<SMBBranchCacheBytesReceived>0</SMBBranchCacheBytesReceived>\n<SMBBranchCacheBytesPublished>0</SMBBranchCacheBytesPublished>\n<SMBBranchCacheBytesRequestedFromServer>0</SMBBranchCacheBytesRequestedFromServer>\n<SMBBranchCacheHashesRequested>0</SMBBranchCacheHashesRequested>\n<SMBBranchCacheHashesReceived>0</SMBBranchCacheHashesReceived>\n<SMBBranchCacheHashBytesReceived>0</SMBBranchCacheHashBytesReceived>\n<PrefetchOperationsQueued>0</PrefetchOperationsQueued>\n<PrefetchBytesReadFromCache>0</PrefetchBytesReadFromCache>\n<PrefetchBytesReadFromServer>0</PrefetchBytesReadFromServer>\n<ApplicationBytesReadFromCache>0</ApplicationBytesReadFromCache>\n<ApplicationBytesReadFromServer>0</ApplicationBytesReadFromServer>\n<ApplicationBytesReadFromServerNotCached>0</ApplicationBytesReadFromServerNotCached>\n</CounterSummary>\n</UserData>\n</Event>\n"
  },
  {
    "EventID": 3005,
    "Timestamp": "2014-01-25 05:24:36.426815+00:00",
    "Computer": "IACIS-HDD-2014",
    "Channel": "Microsoft-Windows-BranchCacheSMB/Operational",
    "Level": "Information",
    "EventData": {},
    "RawXml": "<Event xmlns=\"http://schemas.microsoft.com/win/2004/08/events/event\"><System><Provider Name=\"Microsoft-Windows-BranchCacheSMB\" Guid=\"{4a933674-fb3d-4e8d-b01d-17ee14e91a3e}\"></Provider>\n<EventID Qualifiers=\"\">3005</EventID>\n<Version>0</Version>\n<Level>4</Level>\n<Task>0</Task>\n<Opcode>0</Opcode>\n<Keywords>0x8000000000000800</Keywords>\n<TimeCreated SystemTime=\"2014-01-25 05:24:36.426815+00:00\"></TimeCreated>\n<EventRecordID>8</EventRecordID>\n<Correlation ActivityID=\"\" RelatedActivityID=\"\"></Correlation>\n<Execution ProcessID=\"864\" ThreadID=\"876\"></Execution>\n<Channel>Microsoft-Windows-BranchCacheSMB/Operational</Channel>\n<Computer>IACIS-HDD-2014</Computer>\n<Security UserID=\"S-1-5-18\"></Security>\n</System>\n<UserData><CounterSummary xmlns:auto-ns3=\"http://schemas.microsoft.com/win/2004/08/events\" xmlns=\"CounterSummaryNs\"><ServiceActiveTimeInSeconds>3597</ServiceActiveTimeInSeconds>\n<SMBBranchCacheBytesRequested>0</SMBBranchCacheBytesRequested>\n<SMBBranchCacheBytesReceived>0</SMBBranchCacheBytesReceived>\n<SMBBranchCacheBytesPublished>0</SMBBranchCacheBytesPublished>\n<SMBBranchCacheBytesRequestedFromServer>0</SMBBranchCacheBytesRequestedFromServer>\n<SMBBranchCacheHashesRequested>0</SMBBranchCacheHashesRequested>\n<SMBBranchCacheHashesReceived>0</SMBBranchCacheHashesReceived>\n<SMBBranchCacheHashBytesReceived>0</SMBBranchCacheHashBytesReceived>\n<PrefetchOperationsQueued>0</PrefetchOperationsQueued>\n<PrefetchBytesReadFromCache>0</PrefetchBytesReadFromCache>\n<PrefetchBytesReadFromServer>0</PrefetchBytesReadFromServer>\n<ApplicationBytesReadFromCache>0</ApplicationBytesReadFromCache>\n<ApplicationBytesReadFromServer>0</ApplicationBytesReadFromServer>\n<ApplicationBytesReadFromServerNotCached>0</ApplicationBytesReadFromServerNotCached>\n</CounterSummary>\n</UserData>\n</Event>\n"
  },
  {
    "EventID": 3005,
    "Timestamp": "2014-01-25 06:25:21.123617+00:00",
    "Computer": "IACIS-HDD-2014",
    "Channel": "Microsoft-Windows-BranchCacheSMB/Operational",
    "Level": "Information",
    "EventData": {},
    "RawXml": "<Event xmlns=\"http://schemas.microsoft.com/win/2004/08/events/event\"><System><Provider Name=\"Microsoft-Windows-BranchCacheSMB\" Guid=\"{4a933674-fb3d-4e8d-b01d-17ee14e91a3e}\"></Provider>\n<EventID Qualifiers=\"\">3005</EventID>\n<Version>0</Version>\n<Level>4</Level>\n<Task>0</Task>\n<Opcode>0</Opcode>\n<Keywords>0x8000000000000800</Keywords>\n<TimeCreated SystemTime=\"2014-01-25 06:25:21.123617+00:00\"></TimeCreated>\n<EventRecordID>9</EventRecordID>\n<Correlation ActivityID=\"\" RelatedActivityID=\"\"></Correlation>\n<Execution ProcessID=\"864\" ThreadID=\"308\"></Execution>\n<Channel>Microsoft-Windows-BranchCacheSMB/Operational</Channel>\n<Computer>IACIS-HDD-2014</Computer>\n<Security UserID=\"S-1-5-18\"></Security>\n</System>\n<UserData><CounterSummary xmlns:auto-ns3=\"http://schemas.microsoft.com/win/2004/08/events\" xmlns=\"CounterSummaryNs\"><ServiceActiveTimeInSeconds>7240</ServiceActiveTimeInSeconds>\n<SMBBranchCacheBytesRequested>0</SMBBranchCacheBytesRequested>\n<SMBBranchCacheBytesReceived>0</SMBBranchCacheBytesReceived>\n<SMBBranchCacheBytesPublished>0</SMBBranchCacheBytesPublished>\n<SMBBranchCacheBytesRequestedFromServer>0</SMBBranchCacheBytesRequestedFromServer>\n<SMBBranchCacheHashesRequested>0</SMBBranchCacheHashesRequested>\n<SMBBranchCacheHashesReceived>0</SMBBranchCacheHashesReceived>\n<SMBBranchCacheHashBytesReceived>0</SMBBranchCacheHashBytesReceived>\n<PrefetchOperationsQueued>0</PrefetchOperationsQueued>\n<PrefetchBytesReadFromCache>0</PrefetchBytesReadFromCache>\n<PrefetchBytesReadFromServer>0</PrefetchBytesReadFromServer>\n<ApplicationBytesReadFromCache>0</ApplicationBytesReadFromCache>\n<ApplicationBytesReadFromServer>0</ApplicationBytesReadFromServer>\n<ApplicationBytesReadFromServerNotCached>0</ApplicationBytesReadFromServerNotCached>\n</CounterSummary>\n</UserData>\n</Event>\n"
  },
  {
    "EventID": 3005,
    "Timestamp": "2014-01-25 07:24:37.711464+00:00",
    "Computer": "IACIS-HDD-2014",
    "Channel": "Microsoft-Windows-BranchCacheSMB/Operational",
    "Level": "Information",
    "EventData": {},
    "RawXml": "<Event xmlns=\"http://schemas.microsoft.com/win/2004/08/events/event\"><System><Provider Name=\"Microsoft-Windows-BranchCacheSMB\" Guid=\"{4a933674-fb3d-4e8d-b01d-17ee14e91a3e}\"></Provider>\n<EventID Qualifiers=\"\">3005</EventID>\n<Version>0</Version>\n<Level>4</Level>\n<Task>0</Task>\n<Opcode>0</Opcode>\n<Keywords>0x8000000000000800</Keywords>\n<TimeCreated SystemTime=\"2014-01-25 07:24:37.711464+00:00\"></TimeCreated>\n<EventRecordID>10</EventRecordID>\n<Correlation ActivityID=\"\" RelatedActivityID=\"\"></Correlation>\n<Execution ProcessID=\"864\" ThreadID=\"876\"></Execution>\n<Channel>Microsoft-Windows-BranchCacheSMB/Operational</Channel>\n<Computer>IACIS-HDD-2014</Computer>\n<Security UserID=\"S-1-5-18\"></Security>\n</System>\n<UserData><CounterSummary xmlns:auto-ns3=\"http://schemas.microsoft.com/win/2004/08/events\" xmlns=\"CounterSummaryNs\"><ServiceActiveTimeInSeconds>10798</ServiceActiveTimeInSeconds>\n<SMBBranchCacheBytesRequested>0</SMBBranchCacheBytesRequested>\n<SMBBranchCacheBytesReceived>0</SMBBranchCacheBytesReceived>\n<SMBBranchCacheBytesPublished>0</SMBBranchCacheBytesPublished>\n<SMBBranchCacheBytesRequestedFromServer>0</SMBBranchCacheBytesRequestedFromServer>\n<SMBBranchCacheHashesRequested>0</SMBBranchCacheHashesRequested>\n<SMBBranchCacheHashesReceived>0</SMBBranchCacheHashesReceived>\n<SMBBranchCacheHashBytesReceived>0</SMBBranchCacheHashBytesReceived>\n<PrefetchOperationsQueued>0</PrefetchOperationsQueued>\n<PrefetchBytesReadFromCache>0</PrefetchBytesReadFromCache>\n<PrefetchBytesReadFromServer>0</PrefetchBytesReadFromServer>\n<ApplicationBytesReadFromCache>0</ApplicationBytesReadFromCache>\n<ApplicationBytesReadFromServer>0</ApplicationBytesReadFromServer>\n<ApplicationBytesReadFromServerNotCached>0</ApplicationBytesReadFromServerNotCached>\n</CounterSummary>\n</UserData>\n</Event>\n"
  },
  {
    "EventID": 3005,
    "Timestamp": "2014-01-25 08:24:37.230587+00:00",
    "Computer": "IACIS-HDD-2014",
    "Channel": "Microsoft-Windows-BranchCacheSMB/Operational",
    "Level": "Information",
    "EventData": {},
    "RawXml": "<Event xmlns=\"http://schemas.microsoft.com/win/2004/08/events/event\"><System><Provider Name=\"Microsoft-Windows-BranchCacheSMB\" Guid=\"{4a933674-fb3d-4e8d-b01d-17ee14e91a3e}\"></Provider>\n<EventID Qualifiers=\"\">3005</EventID>\n<Version>0</Version>\n<Level>4</Level>\n<Task>0</Task>\n<Opcode>0</Opcode>\n<Keywords>0x8000000000000800</Keywords>\n<TimeCreated SystemTime=\"2014-01-25 08:24:37.230587+00:00\"></TimeCreated>\n<EventRecordID>11</EventRecordID>\n<Correlation ActivityID=\"\" RelatedActivityID=\"\"></Correlation>\n<Execution ProcessID=\"864\" ThreadID=\"1556\"></Execution>\n<Channel>Microsoft-Windows-BranchCacheSMB/Operational</Channel>\n<Computer>IACIS-HDD-2014</Computer>\n<Security UserID=\"S-1-5-18\"></Security>\n</System>\n<UserData><CounterSummary xmlns:auto-ns3=\"http://schemas.microsoft.com/win/2004/08/events\" xmlns=\"CounterSummaryNs\"><ServiceActiveTimeInSeconds>14397</ServiceActiveTimeInSeconds>\n<SMBBranchCacheBytesRequested>0</SMBBranchCacheBytesRequested>\n<SMBBranchCacheBytesReceived>0</SMBBranchCacheBytesReceived>\n<SMBBranchCacheBytesPublished>0</SMBBranchCacheBytesPublished>\n<SMBBranchCacheBytesRequestedFromServer>0</SMBBranchCacheBytesRequestedFromServer>\n<SMBBranchCacheHashesRequested>0</SMBBranchCacheHashesRequested>\n<SMBBranchCacheHashesReceived>0</SMBBranchCacheHashesReceived>\n<SMBBranchCacheHashBytesReceived>0</SMBBranchCacheHashBytesReceived>\n<PrefetchOperationsQueued>0</PrefetchOperationsQueued>\n<PrefetchBytesReadFromCache>0</PrefetchBytesReadFromCache>\n<PrefetchBytesReadFromServer>0</PrefetchBytesReadFromServer>\n<ApplicationBytesReadFromCache>0</ApplicationBytesReadFromCache>\n<ApplicationBytesReadFromServer>0</ApplicationBytesReadFromServer>\n<ApplicationBytesReadFromServerNotCached>0</ApplicationBytesReadFromServerNotCached>\n</CounterSummary>\n</UserData>\n</Event>\n"
  },
  {
    "EventID": 3005,
    "Timestamp": "2014-01-25 13:25:21.688866+00:00",
    "Computer": "IACIS-HDD-2014",
    "Channel": "Microsoft-Windows-BranchCacheSMB/Operational",
    "Level": "Information",
    "EventData": {},
    "RawXml": "<Event xmlns=\"http://schemas.microsoft.com/win/2004/08/events/event\"><System><Provider Name=\"Microsoft-Windows-BranchCacheSMB\" Guid=\"{4a933674-fb3d-4e8d-b01d-17ee14e91a3e}\"></Provider>\n<EventID Qualifiers=\"\">3005</EventID>\n<Version>0</Version>\n<Level>4</Level>\n<Task>0</Task>\n<Opcode>0</Opcode>\n<Keywords>0x8000000000000800</Keywords>\n<TimeCreated SystemTime=\"2014-01-25 13:25:21.688866+00:00\"></TimeCreated>\n<EventRecordID>12</EventRecordID>\n<Correlation ActivityID=\"\" RelatedActivityID=\"\"></Correlation>\n<Execution ProcessID=\"800\" ThreadID=\"952\"></Execution>\n<Channel>Microsoft-Windows-BranchCacheSMB/Operational</Channel>\n<Computer>IACIS-HDD-2014</Computer>\n<Security UserID=\"S-1-5-18\"></Security>\n</System>\n<UserData><CounterSummary xmlns:auto-ns3=\"http://schemas.microsoft.com/win/2004/08/events\" xmlns=\"CounterSummaryNs\"><ServiceActiveTimeInSeconds>0</ServiceActiveTimeInSeconds>\n<SMBBranchCacheBytesRequested>0</SMBBranchCacheBytesRequested>\n<SMBBranchCacheBytesReceived>0</SMBBranchCacheBytesReceived>\n<SMBBranchCacheBytesPublished>0</SMBBranchCacheBytesPublished>\n<SMBBranchCacheBytesRequestedFromServer>0</SMBBranchCacheBytesRequestedFromServer>\n<SMBBranchCacheHashesRequested>0</SMBBranchCacheHashesRequested>\n<SMBBranchCacheHashesReceived>0</SMBBranchCacheHashesReceived>\n<SMBBranchCacheHashBytesReceived>0</SMBBranchCacheHashBytesReceived>\n<PrefetchOperationsQueued>0</PrefetchOperationsQueued>\n<PrefetchBytesReadFromCache>0</PrefetchBytesReadFromCache>\n<PrefetchBytesReadFromServer>0</PrefetchBytesReadFromServer>\n<ApplicationBytesReadFromCache>0</ApplicationBytesReadFromCache>\n<ApplicationBytesReadFromServer>0</ApplicationBytesReadFromServer>\n<ApplicationBytesReadFromServerNotCached>0</ApplicationBytesReadFromServerNotCached>\n</CounterSummary>\n</UserData>\n</Event>\n"
  },
  {
    "EventID": 3001,
    "Timestamp": "2014-01-25 13:25:22.780869+00:00",
    "Computer": "IACIS-HDD-2014",
    "Channel": "Microsoft-Windows-BranchCacheSMB/Operational",
    "Level": "Information",
    "EventData": {},
    "RawXml": "<Event xmlns=\"http://schemas.microsoft.com/win/2004/08/events/event\"><System><Provider Name=\"Microsoft-Windows-BranchCacheSMB\" Guid=\"{4a933674-fb3d-4e8d-b01d-17ee14e91a3e}\"></Provider>\n<EventID Qualifiers=\"\">3001</EventID>\n<Version>0</Version>\n<Level>4</Level>\n<Task>0</Task>\n<Opcode>0</Opcode>\n<Keywords>0x8000000000000800</Keywords>\n<TimeCreated SystemTime=\"2014-01-25 13:25:22.780869+00:00\"></TimeCreated>\n<EventRecordID>13</EventRecordID>\n<Correlation ActivityID=\"\" RelatedActivityID=\"\"></Correlation>\n<Execution ProcessID=\"800\" ThreadID=\"984\"></Execution>\n<Channel>Microsoft-Windows-BranchCacheSMB/Operational</Channel>\n<Computer>IACIS-HDD-2014</Computer>\n<Security UserID=\"S-1-5-18\"></Security>\n</System>\n<EventData></EventData>\n</Event>\n"
  },
  {
    "EventID": 3005,
    "Timestamp": "2014-01-25 13:29:12.364462+00:00",
    "Computer": "IACIS-HDD-2014",
    "Channel": "Microsoft-Windows-BranchCacheSMB/Operational",
    "Level": "Information",
    "EventData": {},
    "RawXml": "<Event xmlns=\"http://schemas.microsoft.com/win/2004/08/events/event\"><System><Provider Name=\"Microsoft-Windows-BranchCacheSMB\" Guid=\"{4a933674-fb3d-4e8d-b01d-17ee14e91a3e}\"></Provider>\n<EventID Qualifiers=\"\">3005</EventID>\n<Version>0</Version>\n<Level>4</Level>\n<Task>0</Task>\n<Opcode>0</Opcode>\n<Keywords>0x8000000000000800</Keywords>\n<TimeCreated SystemTime=\"2014-01-25 13:29:12.364462+00:00\"></TimeCreated>\n<EventRecordID>14</EventRecordID>\n<Correlation ActivityID=\"\" RelatedActivityID=\"\"></Correlation>\n<Execution ProcessID=\"800\" ThreadID=\"812\"></Execution>\n<Channel>Microsoft-Windows-BranchCacheSMB/Operational</Channel>\n<Computer>IACIS-HDD-2014</Computer>\n<Security UserID=\"S-1-5-18\"></Security>\n</System>\n<UserData><CounterSummary xmlns:auto-ns3=\"http://schemas.microsoft.com/win/2004/08/events\" xmlns=\"CounterSummaryNs\"><ServiceActiveTimeInSeconds>0</ServiceActiveTimeInSeconds>\n<SMBBranchCacheBytesRequested>0</SMBBranchCacheBytesRequested>\n<SMBBranchCacheBytesReceived>0</SMBBranchCacheBytesReceived>\n<SMBBranchCacheBytesPublished>0</SMBBranchCacheBytesPublished>\n<SMBBranchCacheBytesRequestedFromServer>0</SMBBranchCacheBytesRequestedFromServer>\n<SMBBranchCacheHashesRequested>0</SMBBranchCacheHashesRequested>\n<SMBBranchCacheHashesReceived>0</SMBBranchCacheHashesReceived>\n<SMBBranchCacheHashBytesReceived>0</SMBBranchCacheHashBytesReceived>\n<PrefetchOperationsQueued>0</PrefetchOperationsQueued>\n<PrefetchBytesReadFromCache>0</PrefetchBytesReadFromCache>\n<PrefetchBytesReadFromServer>0</PrefetchBytesReadFromServer>\n<ApplicationBytesReadFromCache>0</ApplicationBytesReadFromCache>\n<ApplicationBytesReadFromServer>0</ApplicationBytesReadFromServer>\n<ApplicationBytesReadFromServerNotCached>0</ApplicationBytesReadFromServerNotCached>\n</CounterSummary>\n</UserData>\n</Event>\n"
  },
  {
    "EventID": 3001,
    "Timestamp": "2014-01-25 13:29:13.362864+00:00",
    "Computer": "IACIS-HDD-2014",
    "Channel": "Microsoft-Windows-BranchCacheSMB/Operational",
    "Level": "Information",
    "EventData": {},
    "RawXml": "<Event xmlns=\"http://schemas.microsoft.com/win/2004/08/events/event\"><System><Provider Name=\"Microsoft-Windows-BranchCacheSMB\" Guid=\"{4a933674-fb3d-4e8d-b01d-17ee14e91a3e}\"></Provider>\n<EventID Qualifiers=\"\">3001</EventID>\n<Version>0</Version>\n<Level>4</Level>\n<Task>0</Task>\n<Opcode>0</Opcode>\n<Keywords>0x8000000000000800</Keywords>\n<TimeCreated SystemTime=\"2014-01-25 13:29:13.362864+00:00\"></TimeCreated>\n<EventRecordID>15</EventRecordID>\n<Correlation ActivityID=\"\" RelatedActivityID=\"\"></Correlation>\n<Execution ProcessID=\"800\" ThreadID=\"1020\"></Execution>\n<Channel>Microsoft-Windows-BranchCacheSMB/Operational</Channel>\n<Computer>IACIS-HDD-2014</Computer>\n<Security UserID=\"S-1-5-18\"></Security>\n</System>\n<EventData></EventData>\n</Event>\n"
  },
  {
    "EventID": 3005,
    "Timestamp": "2014-01-25 13:32:05.342470+00:00",
    "Computer": "IACIS-HDD-2014",
    "Channel": "Microsoft-Windows-BranchCacheSMB/Operational",
    "Level": "Information",
    "EventData": {},
    "RawXml": "<Event xmlns=\"http://schemas.microsoft.com/win/2004/08/events/event\"><System><Provider Name=\"Microsoft-Windows-BranchCacheSMB\" Guid=\"{4a933674-fb3d-4e8d-b01d-17ee14e91a3e}\"></Provider>\n<EventID Qualifiers=\"\">3005</EventID>\n<Version>0</Version>\n<Level>4</Level>\n<Task>0</Task>\n<Opcode>0</Opcode>\n<Keywords>0x8000000000000800</Keywords>\n<TimeCreated SystemTime=\"2014-01-25 13:32:05.342470+00:00\"></TimeCreated>\n<EventRecordID>16</EventRecordID>\n<Correlation ActivityID=\"\" RelatedActivityID=\"\"></Correlation>\n<Execution ProcessID=\"808\" ThreadID=\"824\"></Execution>\n<Channel>Microsoft-Windows-BranchCacheSMB/Operational</Channel>\n<Computer>IACIS-HDD-2014</Computer>\n<Security UserID=\"S-1-5-18\"></Security>\n</System>\n<UserData><CounterSummary xmlns:auto-ns3=\"http://schemas.microsoft.com/win/2004/08/events\" xmlns=\"CounterSummaryNs\"><ServiceActiveTimeInSeconds>0</ServiceActiveTimeInSeconds>\n<SMBBranchCacheBytesRequested>0</SMBBranchCacheBytesRequested>\n<SMBBranchCacheBytesReceived>0</SMBBranchCacheBytesReceived>\n<SMBBranchCacheBytesPublished>0</SMBBranchCacheBytesPublished>\n<SMBBranchCacheBytesRequestedFromServer>0</SMBBranchCacheBytesRequestedFromServer>\n<SMBBranchCacheHashesRequested>0</SMBBranchCacheHashesRequested>\n<SMBBranchCacheHashesReceived>0</SMBBranchCacheHashesReceived>\n<SMBBranchCacheHashBytesReceived>0</SMBBranchCacheHashBytesReceived>\n<PrefetchOperationsQueued>0</PrefetchOperationsQueued>\n<PrefetchBytesReadFromCache>0</PrefetchBytesReadFromCache>\n<PrefetchBytesReadFromServer>0</PrefetchBytesReadFromServer>\n<ApplicationBytesReadFromCache>0</ApplicationBytesReadFromCache>\n<ApplicationBytesReadFromServer>0</ApplicationBytesReadFromServer>\n<ApplicationBytesReadFromServerNotCached>0</ApplicationBytesReadFromServerNotCached>\n</CounterSummary>\n</UserData>\n</Event>\n"
  },
  {
    "EventID": 3001,
    "Timestamp": "2014-01-25 13:32:06.340872+00:00",
    "Computer": "IACIS-HDD-2014",
    "Channel": "Microsoft-Windows-BranchCacheSMB/Operational",
    "Level": "Information",
    "EventData": {},
    "RawXml": "<Event xmlns=\"http://schemas.microsoft.com/win/2004/08/events/event\"><System><Provider Name=\"Microsoft-Windows-BranchCacheSMB\" Guid=\"{4a933674-fb3d-4e8d-b01d-17ee14e91a3e}\"></Provider>\n<EventID Qualifiers=\"\">3001</EventID>\n<Version>0</Version>\n<Level>4</Level>\n<Task>0</Task>\n<Opcode>0</Opcode>\n<Keywords>0x8000000000000800</Keywords>\n<TimeCreated SystemTime=\"2014-01-25 13:32:06.340872+00:00\"></TimeCreated>\n<EventRecordID>17</EventRecordID>\n<Correlation ActivityID=\"\" RelatedActivityID=\"\"></Correlation>\n<Execution ProcessID=\"808\" ThreadID=\"292\"></Execution>\n<Channel>Microsoft-Windows-BranchCacheSMB/Operational</Channel>\n<Computer>IACIS-HDD-2014</Computer>\n<Security UserID=\"S-1-5-18\"></Security>\n</System>\n<EventData></EventData>\n</Event>\n"
  },
  {
    "EventID": 3005,
    "Timestamp": "2014-01-25 13:53:08.837641+00:00",
    "Computer": "IACIS-HDD-2014",
    "Channel": "Microsoft-Windows-BranchCacheSMB/Operational",
    "Level": "Information",
    "EventData": {},
    "RawXml": "<Event xmlns=\"http://schemas.microsoft.com/win/2004/08/events/event\"><System><Provider Name=\"Microsoft-Windows-BranchCacheSMB\" Guid=\"{4a933674-fb3d-4e8d-b01d-17ee14e91a3e}\"></Provider>\n<EventID Qualifiers=\"\">3005</EventID>\n<Version>0</Version>\n<Level>4</Level>\n<Task>0</Task>\n<Opcode>0</Opcode>\n<Keywords>0x8000000000000800</Keywords>\n<TimeCreated SystemTime=\"2014-01-25 13:53:08.837641+00:00\"></TimeCreated>\n<EventRecordID>18</EventRecordID>\n<Correlation ActivityID=\"\" RelatedActivityID=\"\"></Correlation>\n<Execution ProcessID=\"808\" ThreadID=\"308\"></Execution>\n<Channel>Microsoft-Windows-BranchCacheSMB/Operational</Channel>\n<Computer>IACIS-HDD-2014</Computer>\n<Security UserID=\"S-1-5-18\"></Security>\n</System>\n<UserData><CounterSummary xmlns:auto-ns3=\"http://schemas.microsoft.com/win/2004/08/events\" xmlns=\"CounterSummaryNs\"><ServiceActiveTimeInSeconds>0</ServiceActiveTimeInSeconds>\n<SMBBranchCacheBytesRequested>0</SMBBranchCacheBytesRequested>\n<SMBBranchCacheBytesReceived>0</SMBBranchCacheBytesReceived>\n<SMBBranchCacheBytesPublished>0</SMBBranchCacheBytesPublished>\n<SMBBranchCacheBytesRequestedFromServer>0</SMBBranchCacheBytesRequestedFromServer>\n<SMBBranchCacheHashesRequested>0</SMBBranchCacheHashesRequested>\n<SMBBranchCacheHashesReceived>0</SMBBranchCacheHashesReceived>\n<SMBBranchCacheHashBytesReceived>0</SMBBranchCacheHashBytesReceived>\n<PrefetchOperationsQueued>0</PrefetchOperationsQueued>\n<PrefetchBytesReadFromCache>0</PrefetchBytesReadFromCache>\n<PrefetchBytesReadFromServer>0</PrefetchBytesReadFromServer>\n<ApplicationBytesReadFromCache>0</ApplicationBytesReadFromCache>\n<ApplicationBytesReadFromServer>0</ApplicationBytesReadFromServer>\n<ApplicationBytesReadFromServerNotCached>0</ApplicationBytesReadFromServerNotCached>\n</CounterSummary>\n</UserData>\n</Event>\n"
  },
  {
    "EventID": 3001,
    "Timestamp": "2014-01-25 13:53:09.836042+00:00",
    "Computer": "IACIS-HDD-2014",
    "Channel": "Microsoft-Windows-BranchCacheSMB/Operational",
    "Level": "Information",
    "EventData": {},
    "RawXml": "<Event xmlns=\"http://schemas.microsoft.com/win/2004/08/events/event\"><System><Provider Name=\"Microsoft-Windows-BranchCacheSMB\" Guid=\"{4a933674-fb3d-4e8d-b01d-17ee14e91a3e}\"></Provider>\n<EventID Qualifiers=\"\">3001</EventID>\n<Version>0</Version>\n<Level>4</Level>\n<Task>0</Task>\n<Opcode>0</Opcode>\n<Keywords>0x8000000000000800</Keywords>\n<TimeCreated SystemTime=\"2014-01-25 13:53:09.836042+00:00\"></TimeCreated>\n<EventRecordID>19</EventRecordID>\n<Correlation ActivityID=\"\" RelatedActivityID=\"\"></Correlation>\n<Execution ProcessID=\"808\" ThreadID=\"1020\"></Execution>\n<Channel>Microsoft-Windows-BranchCacheSMB/Operational</Channel>\n<Computer>IACIS-HDD-2014</Computer>\n<Security UserID=\"S-1-5-18\"></Security>\n</System>\n<EventData></EventData>\n</Event>\n"
  },
  {
    "EventID": 3005,
    "Timestamp": "2014-01-25 15:25:30.014868+00:00",
    "Computer": "IACIS-HDD-2014",
    "Channel": "Microsoft-Windows-BranchCacheSMB/Operational",
    "Level": "Information",
    "EventData": {},
    "RawXml": "<Event xmlns=\"http://schemas.microsoft.com/win/2004/08/events/event\"><System><Provider Name=\"Microsoft-Windows-BranchCacheSMB\" Guid=\"{4a933674-fb3d-4e8d-b01d-17ee14e91a3e}\"></Provider>\n<EventID Qualifiers=\"\">3005</EventID>\n<Version>0</Version>\n<Level>4</Level>\n<Task>0</Task>\n<Opcode>0</Opcode>\n<Keywords>0x8000000000000800</Keywords>\n<TimeCreated SystemTime=\"2014-01-25 15:25:30.014868+00:00\"></TimeCreated>\n<EventRecordID>20</EventRecordID>\n<Correlation ActivityID=\"\" RelatedActivityID=\"\"></Correlation>\n<Execution ProcessID=\"904\" ThreadID=\"920\"></Execution>\n<Channel>Microsoft-Windows-BranchCacheSMB/Operational</Channel>\n<Computer>IACIS-HDD-2014</Computer>\n<Security UserID=\"S-1-5-18\"></Security>\n</System>\n<UserData><CounterSummary xmlns:auto-ns3=\"http://schemas.microsoft.com/win/2004/08/events\" xmlns=\"CounterSummaryNs\"><ServiceActiveTimeInSeconds>1</ServiceActiveTimeInSeconds>\n<SMBBranchCacheBytesRequested>0</SMBBranchCacheBytesRequested>\n<SMBBranchCacheBytesReceived>0</SMBBranchCacheBytesReceived>\n<SMBBranchCacheBytesPublished>0</SMBBranchCacheBytesPublished>\n<SMBBranchCacheBytesRequestedFromServer>0</SMBBranchCacheBytesRequestedFromServer>\n<SMBBranchCacheHashesRequested>0</SMBBranchCacheHashesRequested>\n<SMBBranchCacheHashesReceived>0</SMBBranchCacheHashesReceived>\n<SMBBranchCacheHashBytesReceived>0</SMBBranchCacheHashBytesReceived>\n<PrefetchOperationsQueued>0</PrefetchOperationsQueued>\n<PrefetchBytesReadFromCache>0</PrefetchBytesReadFromCache>\n<PrefetchBytesReadFromServer>0</PrefetchBytesReadFromServer>\n<ApplicationBytesReadFromCache>0</ApplicationBytesReadFromCache>\n<ApplicationBytesReadFromServer>0</ApplicationBytesReadFromServer>\n<ApplicationBytesReadFromServerNotCached>0</ApplicationBytesReadFromServerNotCached>\n</CounterSummary>\n</UserData>\n</Event>\n"
  },
  {
    "EventID": 3001,
    "Timestamp": "2014-01-25 15:25:31.022871+00:00",
    "Computer": "IACIS-HDD-2014",
    "Channel": "Microsoft-Windows-BranchCacheSMB/Operational",
    "Level": "Information",
    "EventData": {},
    "RawXml": "<Event xmlns=\"http://schemas.microsoft.com/win/2004/08/events/event\"><System><Provider Name=\"Microsoft-Windows-BranchCacheSMB\" Guid=\"{4a933674-fb3d-4e8d-b01d-17ee14e91a3e}\"></Provider>\n<EventID Qualifiers=\"\">3001</EventID>\n<Version>0</Version>\n<Level>4</Level>\n<Task>0</Task>\n<Opcode>0</Opcode>\n<Keywords>0x8000000000000800</Keywords>\n<TimeCreated SystemTime=\"2014-01-25 15:25:31.022871+00:00\"></TimeCreated>\n<EventRecordID>21</EventRecordID>\n<Correlation ActivityID=\"\" RelatedActivityID=\"\"></Correlation>\n<Execution ProcessID=\"904\" ThreadID=\"396\"></Execution>\n<Channel>Microsoft-Windows-BranchCacheSMB/Operational</Channel>\n<Computer>IACIS-HDD-2014</Computer>\n<Security UserID=\"S-1-5-18\"></Security>\n</System>\n<EventData></EventData>\n</Event>\n"
  },
  {
    "EventID": 3005,
    "Timestamp": "2014-01-25 16:25:30.014336+00:00",
    "Computer": "IACIS-HDD-2014",
    "Channel": "Microsoft-Windows-BranchCacheSMB/Operational",
    "Level": "Information",
    "EventData": {},
    "RawXml": "<Event xmlns=\"http://schemas.microsoft.com/win/2004/08/events/event\"><System><Provider Name=\"Microsoft-Windows-BranchCacheSMB\" Guid=\"{4a933674-fb3d-4e8d-b01d-17ee14e91a3e}\"></Provider>\n<EventID Qualifiers=\"\">3005</EventID>\n<Version>0</Version>\n<Level>4</Level>\n<Task>0</Task>\n<Opcode>0</Opcode>\n<Keywords>0x8000000000000800</Keywords>\n<TimeCreated SystemTime=\"2014-01-25 16:25:30.014336+00:00\"></TimeCreated>\n<EventRecordID>22</EventRecordID>\n<Correlation ActivityID=\"\" RelatedActivityID=\"\"></Correlation>\n<Execution ProcessID=\"904\" ThreadID=\"1696\"></Execution>\n<Channel>Microsoft-Windows-BranchCacheSMB/Operational</Channel>\n<Computer>IACIS-HDD-2014</Computer>\n<Security UserID=\"S-1-5-18\"></Security>\n</System>\n<UserData><CounterSummary xmlns:auto-ns3=\"http://schemas.microsoft.com/win/2004/08/events\" xmlns=\"CounterSummaryNs\"><ServiceActiveTimeInSeconds>3601</ServiceActiveTimeInSeconds>\n<SMBBranchCacheBytesRequested>0</SMBBranchCacheBytesRequested>\n<SMBBranchCacheBytesReceived>0</SMBBranchCacheBytesReceived>\n<SMBBranchCacheBytesPublished>0</SMBBranchCacheBytesPublished>\n<SMBBranchCacheBytesRequestedFromServer>0</SMBBranchCacheBytesRequestedFromServer>\n<SMBBranchCacheHashesRequested>0</SMBBranchCacheHashesRequested>\n<SMBBranchCacheHashesReceived>0</SMBBranchCacheHashesReceived>\n<SMBBranchCacheHashBytesReceived>0</SMBBranchCacheHashBytesReceived>\n<PrefetchOperationsQueued>0</PrefetchOperationsQueued>\n<PrefetchBytesReadFromCache>0</PrefetchBytesReadFromCache>\n<PrefetchBytesReadFromServer>0</PrefetchBytesReadFromServer>\n<ApplicationBytesReadFromCache>0</ApplicationBytesReadFromCache>\n<ApplicationBytesReadFromServer>0</ApplicationBytesReadFromServer>\n<ApplicationBytesReadFromServerNotCached>0</ApplicationBytesReadFromServerNotCached>\n</CounterSummary>\n</UserData>\n</Event>\n"
  },
  {
    "EventID": 3005,
    "Timestamp": "2014-01-25 18:19:36.678444+00:00",
    "Computer": "IACIS-HDD-2014",
    "Channel": "Microsoft-Windows-BranchCacheSMB/Operational",
    "Level": "Information",
    "EventData": {},
    "RawXml": "<Event xmlns=\"http://schemas.microsoft.com/win/2004/08/events/event\"><System><Provider Name=\"Microsoft-Windows-BranchCacheSMB\" Guid=\"{4a933674-fb3d-4e8d-b01d-17ee14e91a3e}\"></Provider>\n<EventID Qualifiers=\"\">3005</EventID>\n<Version>0</Version>\n<Level>4</Level>\n<Task>0</Task>\n<Opcode>0</Opcode>\n<Keywords>0x8000000000000800</Keywords>\n<TimeCreated SystemTime=\"2014-01-25 18:19:36.678444+00:00\"></TimeCreated>\n<EventRecordID>23</EventRecordID>\n<Correlation ActivityID=\"\" RelatedActivityID=\"\"></Correlation>\n<Execution ProcessID=\"912\" ThreadID=\"728\"></Execution>\n<Channel>Microsoft-Windows-BranchCacheSMB/Operational</Channel>\n<Computer>IACIS-HDD-2014</Computer>\n<Security UserID=\"S-1-5-18\"></Security>\n</System>\n<UserData><CounterSummary xmlns:auto-ns3=\"http://schemas.microsoft.com/win/2004/08/events\" xmlns=\"CounterSummaryNs\"><ServiceActiveTimeInSeconds>0</ServiceActiveTimeInSeconds>\n<SMBBranchCacheBytesRequested>0</SMBBranchCacheBytesRequested>\n<SMBBranchCacheBytesReceived>0</SMBBranchCacheBytesReceived>\n<SMBBranchCacheBytesPublished>0</SMBBranchCacheBytesPublished>\n<SMBBranchCacheBytesRequestedFromServer>0</SMBBranchCacheBytesRequestedFromServer>\n<SMBBranchCacheHashesRequested>0</SMBBranchCacheHashesRequested>\n<SMBBranchCacheHashesReceived>0</SMBBranchCacheHashesReceived>\n<SMBBranchCacheHashBytesReceived>0</SMBBranchCacheHashBytesReceived>\n<PrefetchOperationsQueued>0</PrefetchOperationsQueued>\n<PrefetchBytesReadFromCache>0</PrefetchBytesReadFromCache>\n<PrefetchBytesReadFromServer>0</PrefetchBytesReadFromServer>\n<ApplicationBytesReadFromCache>0</ApplicationBytesReadFromCache>\n<ApplicationBytesReadFromServer>0</ApplicationBytesReadFromServer>\n<ApplicationBytesReadFromServerNotCached>0</ApplicationBytesReadFromServerNotCached>\n</CounterSummary>\n</UserData>\n</Event>\n"
  },
  {
    "EventID": 3001,
    "Timestamp": "2014-01-25 18:19:38.872448+00:00",
    "Computer": "IACIS-HDD-2014",
    "Channel": "Microsoft-Windows-BranchCacheSMB/Operational",
    "Level": "Information",
    "EventData": {},
    "RawXml": "<Event xmlns=\"http://schemas.microsoft.com/win/2004/08/events/event\"><System><Provider Name=\"Microsoft-Windows-BranchCacheSMB\" Guid=\"{4a933674-fb3d-4e8d-b01d-17ee14e91a3e}\"></Provider>\n<EventID Qualifiers=\"\">3001</EventID>\n<Version>0</Version>\n<Level>4</Level>\n<Task>0</Task>\n<Opcode>0</Opcode>\n<Keywords>0x8000000000000800</Keywords>\n<TimeCreated SystemTime=\"2014-01-25 18:19:38.872448+00:00\"></TimeCreated>\n<EventRecordID>24</EventRecordID>\n<Correlation ActivityID=\"\" RelatedActivityID=\"\"></Correlation>\n<Execution ProcessID=\"912\" ThreadID=\"392\"></Execution>\n<Channel>Microsoft-Windows-BranchCacheSMB/Operational</Channel>\n<Computer>IACIS-HDD-2014</Computer>\n<Security UserID=\"S-1-5-18\"></Security>\n</System>\n<EventData></EventData>\n</Event>\n"
  },
  {
    "EventID": 3005,
    "Timestamp": "2014-01-29 12:27:53.419636+00:00",
    "Computer": "IACIS-HDD-2014",
    "Channel": "Microsoft-Windows-BranchCacheSMB/Operational",
    "Level": "Information",
    "EventData": {},
    "RawXml": "<Event xmlns=\"http://schemas.microsoft.com/win/2004/08/events/event\"><System><Provider Name=\"Microsoft-Windows-BranchCacheSMB\" Guid=\"{4a933674-fb3d-4e8d-b01d-17ee14e91a3e}\"></Provider>\n<EventID Qualifiers=\"\">3005</EventID>\n<Version>0</Version>\n<Level>4</Level>\n<Task>0</Task>\n<Opcode>0</Opcode>\n<Keywords>0x8000000000000800</Keywords>\n<TimeCreated SystemTime=\"2014-01-29 12:27:53.419636+00:00\"></TimeCreated>\n<EventRecordID>25</EventRecordID>\n<Correlation ActivityID=\"\" RelatedActivityID=\"\"></Correlation>\n<Execution ProcessID=\"900\" ThreadID=\"920\"></Execution>\n<Channel>Microsoft-Windows-BranchCacheSMB/Operational</Channel>\n<Computer>IACIS-HDD-2014</Computer>\n<Security UserID=\"S-1-5-18\"></Security>\n</System>\n<UserData><CounterSummary xmlns:auto-ns3=\"http://schemas.microsoft.com/win/2004/08/events\" xmlns=\"CounterSummaryNs\"><ServiceActiveTimeInSeconds>0</ServiceActiveTimeInSeconds>\n<SMBBranchCacheBytesRequested>0</SMBBranchCacheBytesRequested>\n<SMBBranchCacheBytesReceived>0</SMBBranchCacheBytesReceived>\n<SMBBranchCacheBytesPublished>0</SMBBranchCacheBytesPublished>\n<SMBBranchCacheBytesRequestedFromServer>0</SMBBranchCacheBytesRequestedFromServer>\n<SMBBranchCacheHashesRequested>0</SMBBranchCacheHashesRequested>\n<SMBBranchCacheHashesReceived>0</SMBBranchCacheHashesReceived>\n<SMBBranchCacheHashBytesReceived>0</SMBBranchCacheHashBytesReceived>\n<PrefetchOperationsQueued>0</PrefetchOperationsQueued>\n<PrefetchBytesReadFromCache>0</PrefetchBytesReadFromCache>\n<PrefetchBytesReadFromServer>0</PrefetchBytesReadFromServer>\n<ApplicationBytesReadFromCache>0</ApplicationBytesReadFromCache>\n<ApplicationBytesReadFromServer>0</ApplicationBytesReadFromServer>\n<ApplicationBytesReadFromServerNotCached>0</ApplicationBytesReadFromServerNotCached>\n</CounterSummary>\n</UserData>\n</Event>\n"
  },
  {
    "EventID": 3001,
    "Timestamp": "2014-01-29 12:27:56.458851+00:00",
    "Computer": "IACIS-HDD-2014",
    "Channel": "Microsoft-Windows-BranchCacheSMB/Operational",
    "Level": "Information",
    "EventData": {},
    "RawXml": "<Event xmlns=\"http://schemas.microsoft.com/win/2004/08/events/event\"><System><Provider Name=\"Microsoft-Windows-BranchCacheSMB\" Guid=\"{4a933674-fb3d-4e8d-b01d-17ee14e91a3e}\"></Provider>\n<EventID Qualifiers=\"\">3001</EventID>\n<Version>0</Version>\n<Level>4</Level>\n<Task>0</Task>\n<Opcode>0</Opcode>\n<Keywords>0x8000000000000800</Keywords>\n<TimeCreated SystemTime=\"2014-01-29 12:27:56.458851+00:00\"></TimeCreated>\n<EventRecordID>26</EventRecordID>\n<Correlation ActivityID=\"\" RelatedActivityID=\"\"></Correlation>\n<Execution ProcessID=\"900\" ThreadID=\"344\"></Execution>\n<Channel>Microsoft-Windows-BranchCacheSMB/Operational</Channel>\n<Computer>IACIS-HDD-2014</Computer>\n<Security UserID=\"S-1-5-18\"></Security>\n</System>\n<EventData></EventData>\n</Event>\n"
  },
  {
    "EventID": 3005,
    "Timestamp": "2014-01-29 13:27:49.639153+00:00",
    "Computer": "IACIS-HDD-2014",
    "Channel": "Microsoft-Windows-BranchCacheSMB/Operational",
    "Level": "Information",
    "EventData": {},
    "RawXml": "<Event xmlns=\"http://schemas.microsoft.com/win/2004/08/events/event\"><System><Provider Name=\"Microsoft-Windows-BranchCacheSMB\" Guid=\"{4a933674-fb3d-4e8d-b01d-17ee14e91a3e}\"></Provider>\n<EventID Qualifiers=\"\">3005</EventID>\n<Version>0</Version>\n<Level>4</Level>\n<Task>0</Task>\n<Opcode>0</Opcode>\n<Keywords>0x8000000000000800</Keywords>\n<TimeCreated SystemTime=\"2014-01-29 13:27:49.639153+00:00\"></TimeCreated>\n<EventRecordID>27</EventRecordID>\n<Correlation ActivityID=\"\" RelatedActivityID=\"\"></Correlation>\n<Execution ProcessID=\"900\" ThreadID=\"3976\"></Execution>\n<Channel>Microsoft-Windows-BranchCacheSMB/Operational</Channel>\n<Computer>IACIS-HDD-2014</Computer>\n<Security UserID=\"S-1-5-18\"></Security>\n</System>\n<UserData><CounterSummary xmlns:auto-ns3=\"http://schemas.microsoft.com/win/2004/08/events\" xmlns=\"CounterSummaryNs\"><ServiceActiveTimeInSeconds>3596</ServiceActiveTimeInSeconds>\n<SMBBranchCacheBytesRequested>0</SMBBranchCacheBytesRequested>\n<SMBBranchCacheBytesReceived>0</SMBBranchCacheBytesReceived>\n<SMBBranchCacheBytesPublished>0</SMBBranchCacheBytesPublished>\n<SMBBranchCacheBytesRequestedFromServer>0</SMBBranchCacheBytesRequestedFromServer>\n<SMBBranchCacheHashesRequested>0</SMBBranchCacheHashesRequested>\n<SMBBranchCacheHashesReceived>0</SMBBranchCacheHashesReceived>\n<SMBBranchCacheHashBytesReceived>0</SMBBranchCacheHashBytesReceived>\n<PrefetchOperationsQueued>0</PrefetchOperationsQueued>\n<PrefetchBytesReadFromCache>0</PrefetchBytesReadFromCache>\n<PrefetchBytesReadFromServer>0</PrefetchBytesReadFromServer>\n<ApplicationBytesReadFromCache>0</ApplicationBytesReadFromCache>\n<ApplicationBytesReadFromServer>0</ApplicationBytesReadFromServer>\n<ApplicationBytesReadFromServerNotCached>0</ApplicationBytesReadFromServerNotCached>\n</CounterSummary>\n</UserData>\n</Event>\n"
  },
  {
    "EventID": 3005,
    "Timestamp": "2014-01-29 14:27:49.617882+00:00",
    "Computer": "IACIS-HDD-2014",
    "Channel": "Microsoft-Windows-BranchCacheSMB/Operational",
    "Level": "Information",
    "EventData": {},
    "RawXml": "<Event xmlns=\"http://schemas.microsoft.com/win/2004/08/events/event\"><System><Provider Name=\"Microsoft-Windows-BranchCacheSMB\" Guid=\"{4a933674-fb3d-4e8d-b01d-17ee14e91a3e}\"></Provider>\n<EventID Qualifiers=\"\">3005</EventID>\n<Version>0</Version>\n<Level>4</Level>\n<Task>0</Task>\n<Opcode>0</Opcode>\n<Keywords>0x8000000000000800</Keywords>\n<TimeCreated SystemTime=\"2014-01-29 14:27:49.617882+00:00\"></TimeCreated>\n<EventRecordID>28</EventRecordID>\n<Correlation ActivityID=\"\" RelatedActivityID=\"\"></Correlation>\n<Execution ProcessID=\"900\" ThreadID=\"3076\"></Execution>\n<Channel>Microsoft-Windows-BranchCacheSMB/Operational</Channel>\n<Computer>IACIS-HDD-2014</Computer>\n<Security UserID=\"S-1-5-18\"></Security>\n</System>\n<UserData><CounterSummary xmlns:auto-ns3=\"http://schemas.microsoft.com/win/2004/08/events\" xmlns=\"CounterSummaryNs\"><ServiceActiveTimeInSeconds>7196</ServiceActiveTimeInSeconds>\n<SMBBranchCacheBytesRequested>0</SMBBranchCacheBytesRequested>\n<SMBBranchCacheBytesReceived>0</SMBBranchCacheBytesReceived>\n<SMBBranchCacheBytesPublished>0</SMBBranchCacheBytesPublished>\n<SMBBranchCacheBytesRequestedFromServer>0</SMBBranchCacheBytesRequestedFromServer>\n<SMBBranchCacheHashesRequested>0</SMBBranchCacheHashesRequested>\n<SMBBranchCacheHashesReceived>0</SMBBranchCacheHashesReceived>\n<SMBBranchCacheHashBytesReceived>0</SMBBranchCacheHashBytesReceived>\n<PrefetchOperationsQueued>0</PrefetchOperationsQueued>\n<PrefetchBytesReadFromCache>0</PrefetchBytesReadFromCache>\n<PrefetchBytesReadFromServer>0</PrefetchBytesReadFromServer>\n<ApplicationBytesReadFromCache>0</ApplicationBytesReadFromCache>\n<ApplicationBytesReadFromServer>0</ApplicationBytesReadFromServer>\n<ApplicationBytesReadFromServerNotCached>0</ApplicationBytesReadFromServerNotCached>\n</CounterSummary>\n</UserData>\n</Event>\n"
  },
