  {
    "EventID": 60,
    "Timestamp": "2014-01-25 01:38:39.324203+00:00",
    "Computer": "IACIS-HDD-2014",
    "Channel": "Microsoft-Windows-Bits-Client/Operational",
    "Level": "Information",
    "EventData": {
      "transferId": "{2af1acfb-dd82-48c8-9603-a840c24ecc5a}",
      "name": "WU Client Download",
      "Id": "{32ed636a-b6ee-4263-86df-ed4e5edd3bfb}",
      "url": "http://au.download.windowsupdate.com/msdownload/update/software/secu/2011/07/windows6.1-kb2536276-v2-x64-express_6ec9b186a03c5f380b6f4e1d30310edb176a0d11.cab",
      "peer": "",
      "hr": "0",
      "fileTime": "2011-07-20 01:21:08+00:00",
      "fileLength": "48999",
      "bytesTotal": "48999",
      "bytesTransferred": "48999",
      "proxy": "",
      "peerProtocolFlags": "0",
      "bytesTransferredFromPeer": "0",
      "AdditionalInfoHr": "0",
      "PeerContextInfo": "0",
      "bandwidthLimit": "18446744073709551615",
      "ignoreBandwidthLimitsOnLan": "False"
    },
    "RawXml": "<Event xmlns=\"http://schemas.microsoft.com/win/2004/08/events/event\"><System><Provider Name=\"Microsoft-Windows-Bits-Client\" Guid=\"{ef1cc15b-46c1-414e-bb95-e76b077bd51e}\"></Provider>\n<EventID Qualifiers=\"\">60</EventID>\n<Version>1</Version>\n<Level>4</Level>\n<Task>0</Task>\n<Opcode>2</Opcode>\n<Keywords>0x4000000000000000</Keywords>\n<TimeCreated SystemTime=\"2014-01-25 01:38:39.324203+00:00\"></TimeCreated>\n<EventRecordID>620</EventRecordID>\n<Correlation ActivityID=\"{2af1acfb-dd82-48c8-9603-a840c24ecc5a}\" RelatedActivityID=\"\"></Correlation>\n<Execution ProcessID=\"888\" ThreadID=\"1448\"></Execution>\n<Channel>Microsoft-Windows-Bits-Client/Operational</Channel>\n<Computer>IACIS-HDD-2014</Computer>\n<Security UserID=\"S-1-5-18\"></Security>\n</System>\n<EventData><Data Name=\"transferId\">{2af1acfb-dd82-48c8-9603-a840c24ecc5a}</Data>\n<Data Name=\"name\">WU Client Download</Data>\n<Data Name=\"Id\">{32ed636a-b6ee-4263-86df-ed4e5edd3bfb}</Data>\n<Data Name=\"url\">http://au.download.windowsupdate.com/msdownload/update/software/secu/2011/07/windows6.1-kb2536276-v2-x64-express_6ec9b186a03c5f380b6f4e1d30310edb176a0d11.cab</Data>\n<Data Name=\"peer\"></Data>\n<Data Name=\"hr\">0</Data>\n<Data Name=\"fileTime\">2011-07-20 01:21:08+00:00</Data>\n<Data Name=\"fileLength\">48999</Data>\n<Data Name=\"bytesTotal\">48999</Data>\n<Data Name=\"bytesTransferred\">48999</Data>\n<Data Name=\"proxy\"></Data>\n<Data Name=\"peerProtocolFlags\">0</Data>\n<Data Name=\"bytesTransferredFromPeer\">0</Data>\n<Data Name=\"AdditionalInfoHr\">0</Data>\n<Data Name=\"PeerContextInfo\">0</Data>\n<Data Name=\"bandwidthLimit\">18446744073709551615</Data>\n<Data Name=\"ignoreBandwidthLimitsOnLan\">False</Data>\n</EventData>\n</Event>\n"
  },
  {
    "EventID": 60,
    "Timestamp": "2014-01-25 01:38:39.402203+00:00",
    "Computer": "IACIS-HDD-2014",
    "Channel": "Microsoft-Windows-Bits-Client/Operational",
    "Level": "Information",
    "EventData": {
      "transferId": "{f680a6a5-2edf-417b-ae14-f8fb58666ed8}",
      "name": "WU Client Download",
      "Id": "{281bfe82-7fc7-4445-84bc-ba7151b49857}",
      "url": "http://au.download.windowsupdate.com/msdownload/update/software/secu/2011/07/windows6.1-kb2560656-x64-express_3e0fc370447c16966af4d80a28c04a2e1516d08a.cab",
      "peer": "",
      "hr": "0",
      "fileTime": "2011-07-20 01:22:05+00:00",
      "fileLength": "96555",
      "bytesTotal": "96555",
      "bytesTransferred": "96555",
      "proxy": "",
      "peerProtocolFlags": "0",
      "bytesTransferredFromPeer": "0",
      "AdditionalInfoHr": "0",
      "PeerContextInfo": "0",
      "bandwidthLimit": "18446744073709551615",
      "ignoreBandwidthLimitsOnLan": "False"
    },
    "RawXml": "<Event xmlns=\"http://schemas.microsoft.com/win/2004/08/events/event\"><System><Provider Name=\"Microsoft-Windows-Bits-Client\" Guid=\"{ef1cc15b-46c1-414e-bb95-e76b077bd51e}\"></Provider>\n<EventID Qualifiers=\"\">60</EventID>\n<Version>1</Version>\n<Level>4</Level>\n<Task>0</Task>\n<Opcode>2</Opcode>\n<Keywords>0x4000000000000000</Keywords>\n<TimeCreated SystemTime=\"2014-01-25 01:38:39.402203+00:00\"></TimeCreated>\n<EventRecordID>621</EventRecordID>\n<Correlation ActivityID=\"{f680a6a5-2edf-417b-ae14-f8fb58666ed8}\" RelatedActivityID=\"\"></Correlation>\n<Execution ProcessID=\"888\" ThreadID=\"2364\"></Execution>\n<Channel>Microsoft-Windows-Bits-Client/Operational</Channel>\n<Computer>IACIS-HDD-2014</Computer>\n<Security UserID=\"S-1-5-18\"></Security>\n</System>\n<EventData><Data Name=\"transferId\">{f680a6a5-2edf-417b-ae14-f8fb58666ed8}</Data>\n<Data Name=\"name\">WU Client Download</Data>\n<Data Name=\"Id\">{281bfe82-7fc7-4445-84bc-ba7151b49857}</Data>\n<Data Name=\"url\">http://au.download.windowsupdate.com/msdownload/update/software/secu/2011/07/windows6.1-kb2560656-x64-express_3e0fc370447c16966af4d80a28c04a2e1516d08a.cab</Data>\n<Data Name=\"peer\"></Data>\n<Data Name=\"hr\">0</Data>\n<Data Name=\"fileTime\">2011-07-20 01:22:05+00:00</Data>\n<Data Name=\"fileLength\">96555</Data>\n<Data Name=\"bytesTotal\">96555</Data>\n<Data Name=\"bytesTransferred\">96555</Data>\n<Data Name=\"proxy\"></Data>\n<Data Name=\"peerProtocolFlags\">0</Data>\n<Data Name=\"bytesTransferredFromPeer\">0</Data>\n<Data Name=\"AdditionalInfoHr\">0</Data>\n<Data Name=\"PeerContextInfo\">0</Data>\n<Data Name=\"bandwidthLimit\">18446744073709551615</Data>\n<Data Name=\"ignoreBandwidthLimitsOnLan\">False</Data>\n</EventData>\n</Event>\n"
  },
  {
    "EventID": 3,
    "Timestamp": "2014-01-25 01:38:39.917004+00:00",
    "Computer": "IACIS-HDD-2014",
    "Channel": "Microsoft-Windows-Bits-Client/Operational",
    "Level": "Information",
    "EventData": {
      "string": "WU Client Download",
      "string2": "NT AUTHORITY\\SYSTEM",
      "string3": ""
    },
    "RawXml": "<Event xmlns=\"http://schemas.microsoft.com/win/2004/08/events/event\"><System><Provider Name=\"Microsoft-Windows-Bits-Client\" Guid=\"{ef1cc15b-46c1-414e-bb95-e76b077bd51e}\"></Provider>\n<EventID Qualifiers=\"\">3</EventID>\n<Version>0</Version>\n<Level>4</Level>\n<Task>0</Task>\n<Opcode>0</Opcode>\n<Keywords>0x4000000000000000</Keywords>\n<TimeCreated SystemTime=\"2014-01-25 01:38:39.917004+00:00\"></TimeCreated>\n<EventRecordID>622</EventRecordID>\n<Correlation ActivityID=\"\" RelatedActivityID=\"\"></Correlation>\n<Execution ProcessID=\"888\" ThreadID=\"2740\"></Execution>\n<Channel>Microsoft-Windows-Bits-Client/Operational</Channel>\n<Computer>IACIS-HDD-2014</Computer>\n<Security UserID=\"S-1-5-18\"></Security>\n</System>\n<EventData><Data Name=\"string\">WU Client Download</Data>\n<Data Name=\"string2\">NT AUTHORITY\\SYSTEM</Data>\n<Data Name=\"string3\"></Data>\n</EventData>\n</Event>\n"
  },
  {
    "EventID": 60,
    "Timestamp": "2014-01-25 01:38:40.026205+00:00",
    "Computer": "IACIS-HDD-2014",
    "Channel": "Microsoft-Windows-Bits-Client/Operational",
    "Level": "Information",
    "EventData": {
      "transferId": "{f741f900-5341-4bd4-97c3-e358acbcaf8c}",
      "name": "WU Client Download",
      "Id": "{5a0f852f-9886-4f43-9821-d50fd31b2357}",
      "url": "http://au.download.windowsupdate.com/msdownload/update/software/secu/2013/07/windows6.1-kb2844286-v2-x64-express_606aab14db6e63dd56a7ac3cd4e6b62172cc6e62.cab",
      "peer": "",
      "hr": "0",
      "fileTime": "2013-07-31 21:55:23+00:00",
      "fileLength": "261079",
      "bytesTotal": "261079",
      "bytesTransferred": "261079",
      "proxy": "",
      "peerProtocolFlags": "0",
      "bytesTransferredFromPeer": "0",
      "AdditionalInfoHr": "0",
      "PeerContextInfo": "0",
      "bandwidthLimit": "18446744073709551615",
      "ignoreBandwidthLimitsOnLan": "False"
    },
    "RawXml": "<Event xmlns=\"http://schemas.microsoft.com/win/2004/08/events/event\"><System><Provider Name=\"Microsoft-Windows-Bits-Client\" Guid=\"{ef1cc15b-46c1-414e-bb95-e76b077bd51e}\"></Provider>\n<EventID Qualifiers=\"\">60</EventID>\n<Version>1</Version>\n<Level>4</Level>\n<Task>0</Task>\n<Opcode>2</Opcode>\n<Keywords>0x4000000000000000</Keywords>\n<TimeCreated SystemTime=\"2014-01-25 01:38:40.026205+00:00\"></TimeCreated>\n<EventRecordID>623</EventRecordID>\n<Correlation ActivityID=\"{f741f900-5341-4bd4-97c3-e358acbcaf8c}\" RelatedActivityID=\"\"></Correlation>\n<Execution ProcessID=\"888\" ThreadID=\"1016\"></Execution>\n<Channel>Microsoft-Windows-Bits-Client/Operational</Channel>\n<Computer>IACIS-HDD-2014</Computer>\n<Security UserID=\"S-1-5-18\"></Security>\n</System>\n<EventData><Data Name=\"transferId\">{f741f900-5341-4bd4-97c3-e358acbcaf8c}</Data>\n<Data Name=\"name\">WU Client Download</Data>\n<Data Name=\"Id\">{5a0f852f-9886-4f43-9821-d50fd31b2357}</Data>\n<Data Name=\"url\">http://au.download.windowsupdate.com/msdownload/update/software/secu/2013/07/windows6.1-kb2844286-v2-x64-express_606aab14db6e63dd56a7ac3cd4e6b62172cc6e62.cab</Data>\n<Data Name=\"peer\"></Data>\n<Data Name=\"hr\">0</Data>\n<Data Name=\"fileTime\">2013-07-31 21:55:23+00:00</Data>\n<Data Name=\"fileLength\">261079</Data>\n<Data Name=\"bytesTotal\">261079</Data>\n<Data Name=\"bytesTransferred\">261079</Data>\n<Data Name=\"proxy\"></Data>\n<Data Name=\"peerProtocolFlags\">0</Data>\n<Data Name=\"bytesTransferredFromPeer\">0</Data>\n<Data Name=\"AdditionalInfoHr\">0</Data>\n<Data Name=\"PeerContextInfo\">0</Data>\n<Data Name=\"bandwidthLimit\">18446744073709551615</Data>\n<Data Name=\"ignoreBandwidthLimitsOnLan\">False</Data>\n</EventData>\n</Event>\n"
  },
  {
    "EventID": 60,
    "Timestamp": "2014-01-25 01:38:40.275805+00:00",
    "Computer": "IACIS-HDD-2014",
    "Channel": "Microsoft-Windows-Bits-Client/Operational",
    "Level": "Information",
    "EventData": {
      "transferId": "{734685f6-6209-456a-8c73-37137184bdd5}",
      "name": "WU Client Download",
      "Id": "{5da94fdf-cbde-4c1a-8d1c-0f6b09ecf4a5}",
      "url": "http://au.download.windowsupdate.com/msdownload/update/software/secu/2013/07/windows6.1-kb2864058-x64-express_d051e709f8e7665860e2d278b6caac08dc9425d0.cab",
      "peer": "",
      "hr": "0",
      "fileTime": "2013-07-23 21:05:33+00:00",
      "fileLength": "62295",
      "bytesTotal": "62295",
      "bytesTransferred": "62295",
      "proxy": "",
      "peerProtocolFlags": "0",
      "bytesTransferredFromPeer": "0",
      "AdditionalInfoHr": "0",
      "PeerContextInfo": "0",
      "bandwidthLimit": "18446744073709551615",
      "ignoreBandwidthLimitsOnLan": "False"
    },
    "RawXml": "<Event xmlns=\"http://schemas.microsoft.com/win/2004/08/events/event\"><System><Provider Name=\"Microsoft-Windows-Bits-Client\" Guid=\"{ef1cc15b-46c1-414e-bb95-e76b077bd51e}\"></Provider>\n<EventID Qualifiers=\"\">60</EventID>\n<Version>1</Version>\n<Level>4</Level>\n<Task>0</Task>\n<Opcode>2</Opcode>\n<Keywords>0x4000000000000000</Keywords>\n<TimeCreated SystemTime=\"2014-01-25 01:38:40.275805+00:00\"></TimeCreated>\n<EventRecordID>624</EventRecordID>\n<Correlation ActivityID=\"{734685f6-6209-456a-8c73-37137184bdd5}\" RelatedActivityID=\"\"></Correlation>\n<Execution ProcessID=\"888\" ThreadID=\"1448\"></Execution>\n<Channel>Microsoft-Windows-Bits-Client/Operational</Channel>\n<Computer>IACIS-HDD-2014</Computer>\n<Security UserID=\"S-1-5-18\"></Security>\n</System>\n<EventData><Data Name=\"transferId\">{734685f6-6209-456a-8c73-37137184bdd5}</Data>\n<Data Name=\"name\">WU Client Download</Data>\n<Data Name=\"Id\">{5da94fdf-cbde-4c1a-8d1c-0f6b09ecf4a5}</Data>\n<Data Name=\"url\">http://au.download.windowsupdate.com/msdownload/update/software/secu/2013/07/windows6.1-kb2864058-x64-express_d051e709f8e7665860e2d278b6caac08dc9425d0.cab</Data>\n<Data Name=\"peer\"></Data>\n<Data Name=\"hr\">0</Data>\n<Data Name=\"fileTime\">2013-07-23 21:05:33+00:00</Data>\n<Data Name=\"fileLength\">62295</Data>\n<Data Name=\"bytesTotal\">62295</Data>\n<Data Name=\"bytesTransferred\">62295</Data>\n<Data Name=\"proxy\"></Data>\n<Data Name=\"peerProtocolFlags\">0</Data>\n<Data Name=\"bytesTransferredFromPeer\">0</Data>\n<Data Name=\"AdditionalInfoHr\">0</Data>\n<Data Name=\"PeerContextInfo\">0</Data>\n<Data Name=\"bandwidthLimit\">18446744073709551615</Data>\n<Data Name=\"ignoreBandwidthLimitsOnLan\">False</Data>\n</EventData>\n</Event>\n"
  },
  {
    "EventID": 60,
    "Timestamp": "2014-01-25 01:38:40.369404+00:00",
    "Computer": "IACIS-HDD-2014",
    "Channel": "Microsoft-Windows-Bits-Client/Operational",
    "Level": "Information",
    "EventData": {
      "transferId": "{13788937-b11e-4ed3-b121-4c07f2997e18}",
      "name": "WU Client Download",
      "Id": "{4e17e60c-e2a7-4c42-8a95-39bbc89f32ca}",
      "url": "http://au.download.windowsupdate.com/msdownload/update/software/secu/2011/11/windows6.1-kb2585542-x64-express_7e36ebba7f2442e081b2f31e0eb41976fcba701c.cab",
      "peer": "",
      "hr": "0",
      "fileTime": "2011-11-18 20:11:19+00:00",
      "fileLength": "120387",
      "bytesTotal": "120387",
      "bytesTransferred": "120387",
      "proxy": "",
      "peerProtocolFlags": "0",
      "bytesTransferredFromPeer": "0",
      "AdditionalInfoHr": "0",
      "PeerContextInfo": "0",
      "bandwidthLimit": "18446744073709551615",
      "ignoreBandwidthLimitsOnLan": "False"
    },
    "RawXml": "<Event xmlns=\"http://schemas.microsoft.com/win/2004/08/events/event\"><System><Provider Name=\"Microsoft-Windows-Bits-Client\" Guid=\"{ef1cc15b-46c1-414e-bb95-e76b077bd51e}\"></Provider>\n<EventID Qualifiers=\"\">60</EventID>\n<Version>1</Version>\n<Level>4</Level>\n<Task>0</Task>\n<Opcode>2</Opcode>\n<Keywords>0x4000000000000000</Keywords>\n<TimeCreated SystemTime=\"2014-01-25 01:38:40.369404+00:00\"></TimeCreated>\n<EventRecordID>625</EventRecordID>\n<Correlation ActivityID=\"{13788937-b11e-4ed3-b121-4c07f2997e18}\" RelatedActivityID=\"\"></Correlation>\n<Execution ProcessID=\"888\" ThreadID=\"2972\"></Execution>\n<Channel>Microsoft-Windows-Bits-Client/Operational</Channel>\n<Computer>IACIS-HDD-2014</Computer>\n<Security UserID=\"S-1-5-18\"></Security>\n</System>\n<EventData><Data Name=\"transferId\">{13788937-b11e-4ed3-b121-4c07f2997e18}</Data>\n<Data Name=\"name\">WU Client Download</Data>\n<Data Name=\"Id\">{4e17e60c-e2a7-4c42-8a95-39bbc89f32ca}</Data>\n<Data Name=\"url\">http://au.download.windowsupdate.com/msdownload/update/software/secu/2011/11/windows6.1-kb2585542-x64-express_7e36ebba7f2442e081b2f31e0eb41976fcba701c.cab</Data>\n<Data Name=\"peer\"></Data>\n<Data Name=\"hr\">0</Data>\n<Data Name=\"fileTime\">2011-11-18 20:11:19+00:00</Data>\n<Data Name=\"fileLength\">120387</Data>\n<Data Name=\"bytesTotal\">120387</Data>\n<Data Name=\"bytesTransferred\">120387</Data>\n<Data Name=\"proxy\"></Data>\n<Data Name=\"peerProtocolFlags\">0</Data>\n<Data Name=\"bytesTransferredFromPeer\">0</Data>\n<Data Name=\"AdditionalInfoHr\">0</Data>\n<Data Name=\"PeerContextInfo\">0</Data>\n<Data Name=\"bandwidthLimit\">18446744073709551615</Data>\n<Data Name=\"ignoreBandwidthLimitsOnLan\">False</Data>\n</EventData>\n</Event>\n"
  },
  {
    "EventID": 60,
    "Timestamp": "2014-01-25 01:38:40.541006+00:00",
    "Computer": "IACIS-HDD-2014",
    "Channel": "Microsoft-Windows-Bits-Client/Operational",
    "Level": "Information",
    "EventData": {
      "transferId": "{60307982-a210-4364-bef6-2d6d56d5f681}",
      "name": "WU Client Download",
      "Id": "{d81ff6fa-5ae2-4602-b216-16dfe9d1bc52}",
      "url": "http://au.download.windowsupdate.com/msdownload/update/software/secu/2012/12/windows6.1-kb2756921-x64-express_da63a4cf7eaa8c3106d13b01d89c382df6081615.cab",
      "peer": "",
      "hr": "0",
      "fileTime": "2012-12-10 23:59:13+00:00",
      "fileLength": "427394",
      "bytesTotal": "427394",
      "bytesTransferred": "427394",
      "proxy": "",
      "peerProtocolFlags": "0",
      "bytesTransferredFromPeer": "0",
      "AdditionalInfoHr": "0",
      "PeerContextInfo": "0",
      "bandwidthLimit": "18446744073709551615",
      "ignoreBandwidthLimitsOnLan": "False"
    },
    "RawXml": "<Event xmlns=\"http://schemas.microsoft.com/win/2004/08/events/event\"><System><Provider Name=\"Microsoft-Windows-Bits-Client\" Guid=\"{ef1cc15b-46c1-414e-bb95-e76b077bd51e}\"></Provider>\n<EventID Qualifiers=\"\">60</EventID>\n<Version>1</Version>\n<Level>4</Level>\n<Task>0</Task>\n<Opcode>2</Opcode>\n<Keywords>0x4000000000000000</Keywords>\n<TimeCreated SystemTime=\"2014-01-25 01:38:40.541006+00:00\"></TimeCreated>\n<EventRecordID>626</EventRecordID>\n<Correlation ActivityID=\"{60307982-a210-4364-bef6-2d6d56d5f681}\" RelatedActivityID=\"\"></Correlation>\n<Execution ProcessID=\"888\" ThreadID=\"2364\"></Execution>\n<Channel>Microsoft-Windows-Bits-Client/Operational</Channel>\n<Computer>IACIS-HDD-2014</Computer>\n<Security UserID=\"S-1-5-18\"></Security>\n</System>\n<EventData><Data Name=\"transferId\">{60307982-a210-4364-bef6-2d6d56d5f681}</Data>\n<Data Name=\"name\">WU Client Download</Data>\n<Data Name=\"Id\">{d81ff6fa-5ae2-4602-b216-16dfe9d1bc52}</Data>\n<Data Name=\"url\">http://au.download.windowsupdate.com/msdownload/update/software/secu/2012/12/windows6.1-kb2756921-x64-express_da63a4cf7eaa8c3106d13b01d89c382df6081615.cab</Data>\n<Data Name=\"peer\"></Data>\n<Data Name=\"hr\">0</Data>\n<Data Name=\"fileTime\">2012-12-10 23:59:13+00:00</Data>\n<Data Name=\"fileLength\">427394</Data>\n<Data Name=\"bytesTotal\">427394</Data>\n<Data Name=\"bytesTransferred\">427394</Data>\n<Data Name=\"proxy\"></Data>\n<Data Name=\"peerProtocolFlags\">0</Data>\n<Data Name=\"bytesTransferredFromPeer\">0</Data>\n<Data Name=\"AdditionalInfoHr\">0</Data>\n<Data Name=\"PeerContextInfo\">0</Data>\n<Data Name=\"bandwidthLimit\">18446744073709551615</Data>\n<Data Name=\"ignoreBandwidthLimitsOnLan\">False</Data>\n</EventData>\n</Event>\n"
  },
  {
    "EventID": 4,
    "Timestamp": "2014-01-25 01:38:40.697006+00:00",
    "Computer": "IACIS-HDD-2014",
    "Channel": "Microsoft-Windows-Bits-Client/Operational",
    "Level": "Information",
    "EventData": {
      "User": "NT AUTHORITY\\SYSTEM",
      "jobTitle": "WU Client Download",
      "jobId": "{9b90acf5-8850-4f5d-ae23-cd746f0c83c2}",
      "jobOwner": "NT AUTHORITY\\SYSTEM",
      "fileCount": "1",
      "bytesTransferred": "18890",
      "bytesTransferredFromPeer": "0"
    },
    "RawXml": "<Event xmlns=\"http://schemas.microsoft.com/win/2004/08/events/event\"><System><Provider Name=\"Microsoft-Windows-Bits-Client\" Guid=\"{ef1cc15b-46c1-414e-bb95-e76b077bd51e}\"></Provider>\n<EventID Qualifiers=\"\">4</EventID>\n<Version>1</Version>\n<Level>4</Level>\n<Task>0</Task>\n<Opcode>0</Opcode>\n<Keywords>0x4000000000000000</Keywords>\n<TimeCreated SystemTime=\"2014-01-25 01:38:40.697006+00:00\"></TimeCreated>\n<EventRecordID>627</EventRecordID>\n<Correlation ActivityID=\"\" RelatedActivityID=\"\"></Correlation>\n<Execution ProcessID=\"888\" ThreadID=\"2740\"></Execution>\n<Channel>Microsoft-Windows-Bits-Client/Operational</Channel>\n<Computer>IACIS-HDD-2014</Computer>\n<Security UserID=\"S-1-5-18\"></Security>\n</System>\n<EventData><Data Name=\"User\">NT AUTHORITY\\SYSTEM</Data>\n<Data Name=\"jobTitle\">WU Client Download</Data>\n<Data Name=\"jobId\">{9b90acf5-8850-4f5d-ae23-cd746f0c83c2}</Data>\n<Data Name=\"jobOwner\">NT AUTHORITY\\SYSTEM</Data>\n<Data Name=\"fileCount\">1</Data>\n<Data Name=\"bytesTransferred\">18890</Data>\n<Data Name=\"bytesTransferredFromPeer\">0</Data>\n</EventData>\n</Event>\n"
  },
  {
    "EventID": 60,
    "Timestamp": "2014-01-25 01:38:40.884205+00:00",
    "Computer": "IACIS-HDD-2014",
    "Channel": "Microsoft-Windows-Bits-Client/Operational",
    "Level": "Information",
    "EventData": {
      "transferId": "{d26a813a-2dcb-467b-b55b-073bc3af8f19}",
      "name": "WU Client Download",
      "Id": "{dfce6e28-bc3e-4bce-b069-49c12395e297}",
      "url": "http://au.download.windowsupdate.com/msdownload/update/software/crup/2011/06/windows6.1-kb2552343-x64-express_96351042efe2fe68a465d0b2d5ff5dadd812b4fb.cab",
      "peer": "",
      "hr": "0",
      "fileTime": "2011-06-23 00:26:47+00:00",
      "fileLength": "65061",
      "bytesTotal": "65061",
      "bytesTransferred": "65061",
      "proxy": "",
      "peerProtocolFlags": "0",
      "bytesTransferredFromPeer": "0",
      "AdditionalInfoHr": "0",
      "PeerContextInfo": "0",
      "bandwidthLimit": "18446744073709551615",
      "ignoreBandwidthLimitsOnLan": "False"
    },
    "RawXml": "<Event xmlns=\"http://schemas.microsoft.com/win/2004/08/events/event\"><System><Provider Name=\"Microsoft-Windows-Bits-Client\" Guid=\"{ef1cc15b-46c1-414e-bb95-e76b077bd51e}\"></Provider>\n<EventID Qualifiers=\"\">60</EventID>\n<Version>1</Version>\n<Level>4</Level>\n<Task>0</Task>\n<Opcode>2</Opcode>\n<Keywords>0x4000000000000000</Keywords>\n<TimeCreated SystemTime=\"2014-01-25 01:38:40.884205+00:00\"></TimeCreated>\n<EventRecordID>628</EventRecordID>\n<Correlation ActivityID=\"{d26a813a-2dcb-467b-b55b-073bc3af8f19}\" RelatedActivityID=\"\"></Correlation>\n<Execution ProcessID=\"888\" ThreadID=\"2364\"></Execution>\n<Channel>Microsoft-Windows-Bits-Client/Operational</Channel>\n<Computer>IACIS-HDD-2014</Computer>\n<Security UserID=\"S-1-5-18\"></Security>\n</System>\n<EventData><Data Name=\"transferId\">{d26a813a-2dcb-467b-b55b-073bc3af8f19}</Data>\n<Data Name=\"name\">WU Client Download</Data>\n<Data Name=\"Id\">{dfce6e28-bc3e-4bce-b069-49c12395e297}</Data>\n<Data Name=\"url\">http://au.download.windowsupdate.com/msdownload/update/software/crup/2011/06/windows6.1-kb2552343-x64-express_96351042efe2fe68a465d0b2d5ff5dadd812b4fb.cab</Data>\n<Data Name=\"peer\"></Data>\n<Data Name=\"hr\">0</Data>\n<Data Name=\"fileTime\">2011-06-23 00:26:47+00:00</Data>\n<Data Name=\"fileLength\">65061</Data>\n<Data Name=\"bytesTotal\">65061</Data>\n<Data Name=\"bytesTransferred\">65061</Data>\n<Data Name=\"proxy\"></Data>\n<Data Name=\"peerProtocolFlags\">0</Data>\n<Data Name=\"bytesTransferredFromPeer\">0</Data>\n<Data Name=\"AdditionalInfoHr\">0</Data>\n<Data Name=\"PeerContextInfo\">0</Data>\n<Data Name=\"bandwidthLimit\">18446744073709551615</Data>\n<Data Name=\"ignoreBandwidthLimitsOnLan\">False</Data>\n</EventData>\n</Event>\n"
  },
  {
    "EventID": 3,
    "Timestamp": "2014-01-25 01:38:41.180605+00:00",
    "Computer": "IACIS-HDD-2014",
    "Channel": "Microsoft-Windows-Bits-Client/Operational",
    "Level": "Information",
    "EventData": {
      "string": "WU Client Download",
      "string2": "NT AUTHORITY\\SYSTEM",
      "string3": ""
    },
    "RawXml": "<Event xmlns=\"http://schemas.microsoft.com/win/2004/08/events/event\"><System><Provider Name=\"Microsoft-Windows-Bits-Client\" Guid=\"{ef1cc15b-46c1-414e-bb95-e76b077bd51e}\"></Provider>\n<EventID Qualifiers=\"\">3</EventID>\n<Version>0</Version>\n<Level>4</Level>\n<Task>0</Task>\n<Opcode>0</Opcode>\n<Keywords>0x4000000000000000</Keywords>\n<TimeCreated SystemTime=\"2014-01-25 01:38:41.180605+00:00\"></TimeCreated>\n<EventRecordID>629</EventRecordID>\n<Correlation ActivityID=\"\" RelatedActivityID=\"\"></Correlation>\n<Execution ProcessID=\"888\" ThreadID=\"2740\"></Execution>\n<Channel>Microsoft-Windows-Bits-Client/Operational</Channel>\n<Computer>IACIS-HDD-2014</Computer>\n<Security UserID=\"S-1-5-18\"></Security>\n</System>\n<EventData><Data Name=\"string\">WU Client Download</Data>\n<Data Name=\"string2\">NT AUTHORITY\\SYSTEM</Data>\n<Data Name=\"string3\"></Data>\n</EventData>\n</Event>\n"
  },
  {
    "EventID": 5,
    "Timestamp": "2014-01-25 01:38:41.180605+00:00",
    "Computer": "IACIS-HDD-2014",
    "Channel": "Microsoft-Windows-Bits-Client/Operational",
    "Level": "Information",
    "EventData": {
      "User": "NT AUTHORITY\\SYSTEM",
      "jobTitle": "WU Client Download",
      "jobId": "{a48d9a6c-68b0-4112-b556-cdd1f3197777}",
      "jobOwner": "NT AUTHORITY\\SYSTEM",
      "fileCount": "0"
    },
    "RawXml": "<Event xmlns=\"http://schemas.microsoft.com/win/2004/08/events/event\"><System><Provider Name=\"Microsoft-Windows-Bits-Client\" Guid=\"{ef1cc15b-46c1-414e-bb95-e76b077bd51e}\"></Provider>\n<EventID Qualifiers=\"\">5</EventID>\n<Version>0</Version>\n<Level>4</Level>\n<Task>0</Task>\n<Opcode>0</Opcode>\n<Keywords>0x4000000000000000</Keywords>\n<TimeCreated SystemTime=\"2014-01-25 01:38:41.180605+00:00\"></TimeCreated>\n<EventRecordID>630</EventRecordID>\n<Correlation ActivityID=\"\" RelatedActivityID=\"\"></Correlation>\n<Execution ProcessID=\"888\" ThreadID=\"2740\"></Execution>\n<Channel>Microsoft-Windows-Bits-Client/Operational</Channel>\n<Computer>IACIS-HDD-2014</Computer>\n<Security UserID=\"S-1-5-18\"></Security>\n</System>\n<EventData><Data Name=\"User\">NT AUTHORITY\\SYSTEM</Data>\n<Data Name=\"jobTitle\">WU Client Download</Data>\n<Data Name=\"jobId\">{a48d9a6c-68b0-4112-b556-cdd1f3197777}</Data>\n<Data Name=\"jobOwner\">NT AUTHORITY\\SYSTEM</Data>\n<Data Name=\"fileCount\">0</Data>\n</EventData>\n</Event>\n"
  },
  {
    "EventID": 60,
    "Timestamp": "2014-01-25 01:38:41.383408+00:00",
    "Computer": "IACIS-HDD-2014",
    "Channel": "Microsoft-Windows-Bits-Client/Operational",
    "Level": "Information",
    "EventData": {
      "transferId": "{b07c2baa-af60-45ef-bed6-31a8ad9479b3}",
      "name": "WU Client Download",
      "Id": "{ba60af34-8ab7-42ab-ade2-bf6cb6282561}",
      "url": "http://au.download.windowsupdate.com/msdownload/update/software/secu/2011/12/windows6.1-kb2656356-x64-express_135c18d02a6e49e9f1951c920cd6a555af596a9e.cab",
      "peer": "",
      "hr": "0",
      "fileTime": "2011-12-28 07:58:42+00:00",
      "fileLength": "193673",
      "bytesTotal": "193673",
      "bytesTransferred": "193673",
      "proxy": "",
      "peerProtocolFlags": "0",
      "bytesTransferredFromPeer": "0",
      "AdditionalInfoHr": "0",
      "PeerContextInfo": "0",
      "bandwidthLimit": "18446744073709551615",
      "ignoreBandwidthLimitsOnLan": "False"
    },
    "RawXml": "<Event xmlns=\"http://schemas.microsoft.com/win/2004/08/events/event\"><System><Provider Name=\"Microsoft-Windows-Bits-Client\" Guid=\"{ef1cc15b-46c1-414e-bb95-e76b077bd51e}\"></Provider>\n<EventID Qualifiers=\"\">60</EventID>\n<Version>1</Version>\n<Level>4</Level>\n<Task>0</Task>\n<Opcode>2</Opcode>\n<Keywords>0x4000000000000000</Keywords>\n<TimeCreated SystemTime=\"2014-01-25 01:38:41.383408+00:00\"></TimeCreated>\n<EventRecordID>631</EventRecordID>\n<Correlation ActivityID=\"{b07c2baa-af60-45ef-bed6-31a8ad9479b3}\" RelatedActivityID=\"\"></Correlation>\n<Execution ProcessID=\"888\" ThreadID=\"1016\"></Execution>\n<Channel>Microsoft-Windows-Bits-Client/Operational</Channel>\n<Computer>IACIS-HDD-2014</Computer>\n<Security UserID=\"S-1-5-18\"></Security>\n</System>\n<EventData><Data Name=\"transferId\">{b07c2baa-af60-45ef-bed6-31a8ad9479b3}</Data>\n<Data Name=\"name\">WU Client Download</Data>\n<Data Name=\"Id\">{ba60af34-8ab7-42ab-ade2-bf6cb6282561}</Data>\n<Data Name=\"url\">http://au.download.windowsupdate.com/msdownload/update/software/secu/2011/12/windows6.1-kb2656356-x64-express_135c18d02a6e49e9f1951c920cd6a555af596a9e.cab</Data>\n<Data Name=\"peer\"></Data>\n<Data Name=\"hr\">0</Data>\n<Data Name=\"fileTime\">2011-12-28 07:58:42+00:00</Data>\n<Data Name=\"fileLength\">193673</Data>\n<Data Name=\"bytesTotal\">193673</Data>\n<Data Name=\"bytesTransferred\">193673</Data>\n<Data Name=\"proxy\"></Data>\n<Data Name=\"peerProtocolFlags\">0</Data>\n<Data Name=\"bytesTransferredFromPeer\">0</Data>\n<Data Name=\"AdditionalInfoHr\">0</Data>\n<Data Name=\"PeerContextInfo\">0</Data>\n<Data Name=\"bandwidthLimit\">18446744073709551615</Data>\n<Data Name=\"ignoreBandwidthLimitsOnLan\">False</Data>\n</EventData>\n</Event>\n"
  },
  {
    "EventID": 60,
    "Timestamp": "2014-01-25 01:38:41.492607+00:00",
    "Computer": "IACIS-HDD-2014",
    "Channel": "Microsoft-Windows-Bits-Client/Operational",
    "Level": "Information",
    "EventData": {
      "transferId": "{fabcead9-9f29-4076-96bf-42c4e0727688}",
      "name": "WU Client Download",
      "Id": "{74b44ccf-f948-4216-bae8-ab2b0610518c}",
      "url": "http://au.download.windowsupdate.com/msdownload/update/software/secu/2013/01/windows6.1-kb2789645-x64-express_909e1ca281e908b52c558f2b5d97316a039b7215.cab",
      "peer": "",
      "hr": "0",
      "fileTime": "2013-01-23 23:40:01+00:00",
      "fileLength": "267771",
      "bytesTotal": "267771",
      "bytesTransferred": "267771",
      "proxy": "",
      "peerProtocolFlags": "0",
      "bytesTransferredFromPeer": "0",
      "AdditionalInfoHr": "0",
      "PeerContextInfo": "0",
      "bandwidthLimit": "18446744073709551615",
      "ignoreBandwidthLimitsOnLan": "False"
    },
    "RawXml": "<Event xmlns=\"http://schemas.microsoft.com/win/2004/08/events/event\"><System><Provider Name=\"Microsoft-Windows-Bits-Client\" Guid=\"{ef1cc15b-46c1-414e-bb95-e76b077bd51e}\"></Provider>\n<EventID Qualifiers=\"\">60</EventID>\n<Version>1</Version>\n<Level>4</Level>\n<Task>0</Task>\n<Opcode>2</Opcode>\n<Keywords>0x4000000000000000</Keywords>\n<TimeCreated SystemTime=\"2014-01-25 01:38:41.492607+00:00\"></TimeCreated>\n<EventRecordID>632</EventRecordID>\n<Correlation ActivityID=\"{fabcead9-9f29-4076-96bf-42c4e0727688}\" RelatedActivityID=\"\"></Correlation>\n<Execution ProcessID=\"888\" ThreadID=\"2488\"></Execution>\n<Channel>Microsoft-Windows-Bits-Client/Operational</Channel>\n<Computer>IACIS-HDD-2014</Computer>\n<Security UserID=\"S-1-5-18\"></Security>\n</System>\n<EventData><Data Name=\"transferId\">{fabcead9-9f29-4076-96bf-42c4e0727688}</Data>\n<Data Name=\"name\">WU Client Download</Data>\n<Data Name=\"Id\">{74b44ccf-f948-4216-bae8-ab2b0610518c}</Data>\n<Data Name=\"url\">http://au.download.windowsupdate.com/msdownload/update/software/secu/2013/01/windows6.1-kb2789645-x64-express_909e1ca281e908b52c558f2b5d97316a039b7215.cab</Data>\n<Data Name=\"peer\"></Data>\n<Data Name=\"hr\">0</Data>\n<Data Name=\"fileTime\">2013-01-23 23:40:01+00:00</Data>\n<Data Name=\"fileLength\">267771</Data>\n<Data Name=\"bytesTotal\">267771</Data>\n<Data Name=\"bytesTransferred\">267771</Data>\n<Data Name=\"proxy\"></Data>\n<Data Name=\"peerProtocolFlags\">0</Data>\n<Data Name=\"bytesTransferredFromPeer\">0</Data>\n<Data Name=\"AdditionalInfoHr\">0</Data>\n<Data Name=\"PeerContextInfo\">0</Data>\n<Data Name=\"bandwidthLimit\">18446744073709551615</Data>\n<Data Name=\"ignoreBandwidthLimitsOnLan\">False</Data>\n</EventData>\n</Event>\n"
  },
  {
    "EventID": 60,
    "Timestamp": "2014-01-25 01:38:41.679808+00:00",
    "Computer": "IACIS-HDD-2014",
    "Channel": "Microsoft-Windows-Bits-Client/Operational",
    "Level": "Information",
    "EventData": {
      "transferId": "{977c772b-ce0b-4f92-ba21-c3fdb1ba7f79}",
      "name": "WU Client Download",
      "Id": "{1177e778-aea9-4b01-9d2e-c14133c16956}",
      "url": "http://au.download.windowsupdate.com/msdownload/update/software/secu/2013/11/windows6.1-kb2900986-x64_9e555e1b4de1446d09f65b28415ab1d836980933.cab",
      "peer": "",
      "hr": "0",
      "fileTime": "2013-11-07 07:00:45+00:00",
      "fileLength": "41645",
      "bytesTotal": "41645",
      "bytesTransferred": "41645",
      "proxy": "",
      "peerProtocolFlags": "0",
      "bytesTransferredFromPeer": "0",
      "AdditionalInfoHr": "0",
      "PeerContextInfo": "0",
      "bandwidthLimit": "18446744073709551615",
      "ignoreBandwidthLimitsOnLan": "False"
    },
    "RawXml": "<Event xmlns=\"http://schemas.microsoft.com/win/2004/08/events/event\"><System><Provider Name=\"Microsoft-Windows-Bits-Client\" Guid=\"{ef1cc15b-46c1-414e-bb95-e76b077bd51e}\"></Provider>\n<EventID Qualifiers=\"\">60</EventID>\n<Version>1</Version>\n<Level>4</Level>\n<Task>0</Task>\n<Opcode>2</Opcode>\n<Keywords>0x4000000000000000</Keywords>\n<TimeCreated SystemTime=\"2014-01-25 01:38:41.679808+00:00\"></TimeCreated>\n<EventRecordID>633</EventRecordID>\n<Correlation ActivityID=\"{977c772b-ce0b-4f92-ba21-c3fdb1ba7f79}\" RelatedActivityID=\"\"></Correlation>\n<Execution ProcessID=\"888\" ThreadID=\"2364\"></Execution>\n<Channel>Microsoft-Windows-Bits-Client/Operational</Channel>\n<Computer>IACIS-HDD-2014</Computer>\n<Security UserID=\"S-1-5-18\"></Security>\n</System>\n<EventData><Data Name=\"transferId\">{977c772b-ce0b-4f92-ba21-c3fdb1ba7f79}</Data>\n<Data Name=\"name\">WU Client Download</Data>\n<Data Name=\"Id\">{1177e778-aea9-4b01-9d2e-c14133c16956}</Data>\n<Data Name=\"url\">http://au.download.windowsupdate.com/msdownload/update/software/secu/2013/11/windows6.1-kb2900986-x64_9e555e1b4de1446d09f65b28415ab1d836980933.cab</Data>\n<Data Name=\"peer\"></Data>\n<Data Name=\"hr\">0</Data>\n<Data Name=\"fileTime\">2013-11-07 07:00:45+00:00</Data>\n<Data Name=\"fileLength\">41645</Data>\n<Data Name=\"bytesTotal\">41645</Data>\n<Data Name=\"bytesTransferred\">41645</Data>\n<Data Name=\"proxy\"></Data>\n<Data Name=\"peerProtocolFlags\">0</Data>\n<Data Name=\"bytesTransferredFromPeer\">0</Data>\n<Data Name=\"AdditionalInfoHr\">0</Data>\n<Data Name=\"PeerContextInfo\">0</Data>\n<Data Name=\"bandwidthLimit\">18446744073709551615</Data>\n<Data Name=\"ignoreBandwidthLimitsOnLan\">False</Data>\n</EventData>\n</Event>\n"
  },
  {
    "EventID": 60,
    "Timestamp": "2014-01-25 01:38:41.835808+00:00",
    "Computer": "IACIS-HDD-2014",
    "Channel": "Microsoft-Windows-Bits-Client/Operational",
    "Level": "Information",
    "EventData": {
      "transferId": "{e1e8413b-2614-4533-acce-d4357cb02bce}",
      "name": "WU Client Download",
      "Id": "{11c3e4c1-d569-4dca-b9a6-1db318cb88c3}",
      "url": "http://au.download.windowsupdate.com/msdownload/update/software/crup/2012/06/windows6.1-kb2718704-x64_066c244939059e02b7dd59695bd94cbc6132cb1d.cab",
      "peer": "",
      "hr": "0",
      "fileTime": "2012-06-02 01:25:45+00:00",
      "fileLength": "93211",
      "bytesTotal": "93211",
      "bytesTransferred": "93211",
      "proxy": "",
      "peerProtocolFlags": "0",
      "bytesTransferredFromPeer": "0",
      "AdditionalInfoHr": "0",
      "PeerContextInfo": "0",
      "bandwidthLimit": "18446744073709551615",
      "ignoreBandwidthLimitsOnLan": "False"
    },
    "RawXml": "<Event xmlns=\"http://schemas.microsoft.com/win/2004/08/events/event\"><System><Provider Name=\"Microsoft-Windows-Bits-Client\" Guid=\"{ef1cc15b-46c1-414e-bb95-e76b077bd51e}\"></Provider>\n<EventID Qualifiers=\"\">60</EventID>\n<Version>1</Version>\n<Level>4</Level>\n<Task>0</Task>\n<Opcode>2</Opcode>\n<Keywords>0x4000000000000000</Keywords>\n<TimeCreated SystemTime=\"2014-01-25 01:38:41.835808+00:00\"></TimeCreated>\n<EventRecordID>634</EventRecordID>\n<Correlation ActivityID=\"{e1e8413b-2614-4533-acce-d4357cb02bce}\" RelatedActivityID=\"\"></Correlation>\n<Execution ProcessID=\"888\" ThreadID=\"1448\"></Execution>\n<Channel>Microsoft-Windows-Bits-Client/Operational</Channel>\n<Computer>IACIS-HDD-2014</Computer>\n<Security UserID=\"S-1-5-18\"></Security>\n</System>\n<EventData><Data Name=\"transferId\">{e1e8413b-2614-4533-acce-d4357cb02bce}</Data>\n<Data Name=\"name\">WU Client Download</Data>\n<Data Name=\"Id\">{11c3e4c1-d569-4dca-b9a6-1db318cb88c3}</Data>\n<Data Name=\"url\">http://au.download.windowsupdate.com/msdownload/update/software/crup/2012/06/windows6.1-kb2718704-x64_066c244939059e02b7dd59695bd94cbc6132cb1d.cab</Data>\n<Data Name=\"peer\"></Data>\n<Data Name=\"hr\">0</Data>\n<Data Name=\"fileTime\">2012-06-02 01:25:45+00:00</Data>\n<Data Name=\"fileLength\">93211</Data>\n<Data Name=\"bytesTotal\">93211</Data>\n<Data Name=\"bytesTransferred\">93211</Data>\n<Data Name=\"proxy\"></Data>\n<Data Name=\"peerProtocolFlags\">0</Data>\n<Data Name=\"bytesTransferredFromPeer\">0</Data>\n<Data Name=\"AdditionalInfoHr\">0</Data>\n<Data Name=\"PeerContextInfo\">0</Data>\n<Data Name=\"bandwidthLimit\">18446744073709551615</Data>\n<Data Name=\"ignoreBandwidthLimitsOnLan\">False</Data>\n</EventData>\n</Event>\n"
  },
  {
    "EventID": 60,
    "Timestamp": "2014-01-25 01:38:42.054207+00:00",
    "Computer": "IACIS-HDD-2014",
    "Channel": "Microsoft-Windows-Bits-Client/Operational",
    "Level": "Information",
    "EventData": {
      "transferId": "{5b4eec3b-0801-4719-8399-510c17ce102d}",
      "name": "WU Client Download",
      "Id": "{88a099c1-6666-40d9-8eac-7743261d5b5f}",
      "url": "http://au.download.windowsupdate.com/msdownload/update/software/crup/2013/08/windows6.1-kb2868116-x64-express_40cac2c2eecd92294efa5e70a883a98ee4024f37.cab",
      "peer": "",
      "hr": "0",
      "fileTime": "2013-08-29 06:45:53+00:00",
      "fileLength": "648823",
      "bytesTotal": "648823",
      "bytesTransferred": "648823",
      "proxy": "",
      "peerProtocolFlags": "0",
      "bytesTransferredFromPeer": "0",
      "AdditionalInfoHr": "0",
      "PeerContextInfo": "0",
      "bandwidthLimit": "18446744073709551615",
      "ignoreBandwidthLimitsOnLan": "False"
    },
    "RawXml": "<Event xmlns=\"http://schemas.microsoft.com/win/2004/08/events/event\"><System><Provider Name=\"Microsoft-Windows-Bits-Client\" Guid=\"{ef1cc15b-46c1-414e-bb95-e76b077bd51e}\"></Provider>\n<EventID Qualifiers=\"\">60</EventID>\n<Version>1</Version>\n<Level>4</Level>\n<Task>0</Task>\n<Opcode>2</Opcode>\n<Keywords>0x4000000000000000</Keywords>\n<TimeCreated SystemTime=\"2014-01-25 01:38:42.054207+00:00\"></TimeCreated>\n<EventRecordID>635</EventRecordID>\n<Correlation ActivityID=\"{5b4eec3b-0801-4719-8399-510c17ce102d}\" RelatedActivityID=\"\"></Correlation>\n<Execution ProcessID=\"888\" ThreadID=\"2364\"></Execution>\n<Channel>Microsoft-Windows-Bits-Client/Operational</Channel>\n<Computer>IACIS-HDD-2014</Computer>\n<Security UserID=\"S-1-5-18\"></Security>\n</System>\n<EventData><Data Name=\"transferId\">{5b4eec3b-0801-4719-8399-510c17ce102d}</Data>\n<Data Name=\"name\">WU Client Download</Data>\n<Data Name=\"Id\">{88a099c1-6666-40d9-8eac-7743261d5b5f}</Data>\n<Data Name=\"url\">http://au.download.windowsupdate.com/msdownload/update/software/crup/2013/08/windows6.1-kb2868116-x64-express_40cac2c2eecd92294efa5e70a883a98ee4024f37.cab</Data>\n<Data Name=\"peer\"></Data>\n<Data Name=\"hr\">0</Data>\n<Data Name=\"fileTime\">2013-08-29 06:45:53+00:00</Data>\n<Data Name=\"fileLength\">648823</Data>\n<Data Name=\"bytesTotal\">648823</Data>\n<Data Name=\"bytesTransferred\">648823</Data>\n<Data Name=\"proxy\"></Data>\n<Data Name=\"peerProtocolFlags\">0</Data>\n<Data Name=\"bytesTransferredFromPeer\">0</Data>\n<Data Name=\"AdditionalInfoHr\">0</Data>\n<Data Name=\"PeerContextInfo\">0</Data>\n<Data Name=\"bandwidthLimit\">18446744073709551615</Data>\n<Data Name=\"ignoreBandwidthLimitsOnLan\">False</Data>\n</EventData>\n</Event>\n"
  },
  {
    "EventID": 60,
    "Timestamp": "2014-01-25 01:38:42.584608+00:00",
    "Computer": "IACIS-HDD-2014",
    "Channel": "Microsoft-Windows-Bits-Client/Operational",
    "Level": "Information",
    "EventData": {
      "transferId": "{d5698a38-f5f0-4b21-a2de-5b6bae71d656}",
      "name": "WU Client Download",
      "Id": "{780b9b79-7085-44e8-ad7b-3decce86ba71}",
      "url": "http://au.download.windowsupdate.com/msdownload/update/software/secu/2013/10/windows6.1-kb2868626-x64-express_c1a323d0e7c75c79ddf451f586dbb2d65047f5a6.cab",
      "peer": "",
      "hr": "0",
      "fileTime": "2013-10-22 18:47:00+00:00",
      "fileLength": "628703",
      "bytesTotal": "628703",
      "bytesTransferred": "628703",
      "proxy": "",
      "peerProtocolFlags": "0",
      "bytesTransferredFromPeer": "0",
      "AdditionalInfoHr": "0",
      "PeerContextInfo": "0",
      "bandwidthLimit": "18446744073709551615",
      "ignoreBandwidthLimitsOnLan": "False"
    },
    "RawXml": "<Event xmlns=\"http://schemas.microsoft.com/win/2004/08/events/event\"><System><Provider Name=\"Microsoft-Windows-Bits-Client\" Guid=\"{ef1cc15b-46c1-414e-bb95-e76b077bd51e}\"></Provider>\n<EventID Qualifiers=\"\">60</EventID>\n<Version>1</Version>\n<Level>4</Level>\n<Task>0</Task>\n<Opcode>2</Opcode>\n<Keywords>0x4000000000000000</Keywords>\n<TimeCreated SystemTime=\"2014-01-25 01:38:42.584608+00:00\"></TimeCreated>\n<EventRecordID>636</EventRecordID>\n<Correlation ActivityID=\"{d5698a38-f5f0-4b21-a2de-5b6bae71d656}\" RelatedActivityID=\"\"></Correlation>\n<Execution ProcessID=\"888\" ThreadID=\"1016\"></Execution>\n<Channel>Microsoft-Windows-Bits-Client/Operational</Channel>\n<Computer>IACIS-HDD-2014</Computer>\n<Security UserID=\"S-1-5-18\"></Security>\n</System>\n<EventData><Data Name=\"transferId\">{d5698a38-f5f0-4b21-a2de-5b6bae71d656}</Data>\n<Data Name=\"name\">WU Client Download</Data>\n<Data Name=\"Id\">{780b9b79-7085-44e8-ad7b-3decce86ba71}</Data>\n<Data Name=\"url\">http://au.download.windowsupdate.com/msdownload/update/software/secu/2013/10/windows6.1-kb2868626-x64-express_c1a323d0e7c75c79ddf451f586dbb2d65047f5a6.cab</Data>\n<Data Name=\"peer\"></Data>\n<Data Name=\"hr\">0</Data>\n<Data Name=\"fileTime\">2013-10-22 18:47:00+00:00</Data>\n<Data Name=\"fileLength\">628703</Data>\n<Data Name=\"bytesTotal\">628703</Data>\n<Data Name=\"bytesTransferred\">628703</Data>\n<Data Name=\"proxy\"></Data>\n<Data Name=\"peerProtocolFlags\">0</Data>\n<Data Name=\"bytesTransferredFromPeer\">0</Data>\n<Data Name=\"AdditionalInfoHr\">0</Data>\n<Data Name=\"PeerContextInfo\">0</Data>\n<Data Name=\"bandwidthLimit\">18446744073709551615</Data>\n<Data Name=\"ignoreBandwidthLimitsOnLan\">False</Data>\n</EventData>\n</Event>\n"
  },
  {
    "EventID": 60,
    "Timestamp": "2014-01-25 01:38:42.896608+00:00",
    "Computer": "IACIS-HDD-2014",
    "Channel": "Microsoft-Windows-Bits-Client/Operational",
    "Level": "Information",
    "EventData": {
      "transferId": "{7f4af5ae-dbdd-4a9d-b759-534f59adfd23}",
      "name": "WU Client Download",
      "Id": "{ca11e290-f45e-463a-865d-3ec6cad0afef}",
      "url": "http://au.download.windowsupdate.com/msdownload/update/software/uprl/2013/02/wu-windows6.1-kb2764916-en_f9a7217920cca209fc09466c889df6d2a9de05d9.exe",
      "peer": "",
      "hr": "0",
      "fileTime": "2013-02-21 19:05:07+00:00",
      "fileLength": "866320",
      "bytesTotal": "866320",
      "bytesTransferred": "866320",
      "proxy": "",
      "peerProtocolFlags": "0",
      "bytesTransferredFromPeer": "0",
      "AdditionalInfoHr": "0",
      "PeerContextInfo": "0",
      "bandwidthLimit": "18446744073709551615",
      "ignoreBandwidthLimitsOnLan": "False"
    },
    "RawXml": "<Event xmlns=\"http://schemas.microsoft.com/win/2004/08/events/event\"><System><Provider Name=\"Microsoft-Windows-Bits-Client\" Guid=\"{ef1cc15b-46c1-414e-bb95-e76b077bd51e}\"></Provider>\n<EventID Qualifiers=\"\">60</EventID>\n<Version>1</Version>\n<Level>4</Level>\n<Task>0</Task>\n<Opcode>2</Opcode>\n<Keywords>0x4000000000000000</Keywords>\n<TimeCreated SystemTime=\"2014-01-25 01:38:42.896608+00:00\"></TimeCreated>\n<EventRecordID>637</EventRecordID>\n<Correlation ActivityID=\"{7f4af5ae-dbdd-4a9d-b759-534f59adfd23}\" RelatedActivityID=\"\"></Correlation>\n<Execution ProcessID=\"888\" ThreadID=\"1016\"></Execution>\n<Channel>Microsoft-Windows-Bits-Client/Operational</Channel>\n<Computer>IACIS-HDD-2014</Computer>\n<Security UserID=\"S-1-5-18\"></Security>\n</System>\n<EventData><Data Name=\"transferId\">{7f4af5ae-dbdd-4a9d-b759-534f59adfd23}</Data>\n<Data Name=\"name\">WU Client Download</Data>\n<Data Name=\"Id\">{ca11e290-f45e-463a-865d-3ec6cad0afef}</Data>\n<Data Name=\"url\">http://au.download.windowsupdate.com/msdownload/update/software/uprl/2013/02/wu-windows6.1-kb2764916-en_f9a7217920cca209fc09466c889df6d2a9de05d9.exe</Data>\n<Data Name=\"peer\"></Data>\n<Data Name=\"hr\">0</Data>\n<Data Name=\"fileTime\">2013-02-21 19:05:07+00:00</Data>\n<Data Name=\"fileLength\">866320</Data>\n<Data Name=\"bytesTotal\">866320</Data>\n<Data Name=\"bytesTransferred\">866320</Data>\n<Data Name=\"proxy\"></Data>\n<Data Name=\"peerProtocolFlags\">0</Data>\n<Data Name=\"bytesTransferredFromPeer\">0</Data>\n<Data Name=\"AdditionalInfoHr\">0</Data>\n<Data Name=\"PeerContextInfo\">0</Data>\n<Data Name=\"bandwidthLimit\">18446744073709551615</Data>\n<Data Name=\"ignoreBandwidthLimitsOnLan\">False</Data>\n</EventData>\n</Event>\n"
  },
  {
    "EventID": 4,
    "Timestamp": "2014-01-25 01:38:43.193010+00:00",
    "Computer": "IACIS-HDD-2014",
    "Channel": "Microsoft-Windows-Bits-Client/Operational",
    "Level": "Information",
    "EventData": {
      "User": "NT AUTHORITY\\SYSTEM",
      "jobTitle": "WU Client Download",
      "jobId": "{81a15722-5ffe-49ea-a505-4db223e849ab}",
      "jobOwner": "NT AUTHORITY\\SYSTEM",
      "fileCount": "1",
      "bytesTransferred": "386417",
      "bytesTransferredFromPeer": "0"
    },
    "RawXml": "<Event xmlns=\"http://schemas.microsoft.com/win/2004/08/events/event\"><System><Provider Name=\"Microsoft-Windows-Bits-Client\" Guid=\"{ef1cc15b-46c1-414e-bb95-e76b077bd51e}\"></Provider>\n<EventID Qualifiers=\"\">4</EventID>\n<Version>1</Version>\n<Level>4</Level>\n<Task>0</Task>\n<Opcode>0</Opcode>\n<Keywords>0x4000000000000000</Keywords>\n<TimeCreated SystemTime=\"2014-01-25 01:38:43.193010+00:00\"></TimeCreated>\n<EventRecordID>638</EventRecordID>\n<Correlation ActivityID=\"\" RelatedActivityID=\"\"></Correlation>\n<Execution ProcessID=\"888\" ThreadID=\"2804\"></Execution>\n<Channel>Microsoft-Windows-Bits-Client/Operational</Channel>\n<Computer>IACIS-HDD-2014</Computer>\n<Security UserID=\"S-1-5-18\"></Security>\n</System>\n<EventData><Data Name=\"User\">NT AUTHORITY\\SYSTEM</Data>\n<Data Name=\"jobTitle\">WU Client Download</Data>\n<Data Name=\"jobId\">{81a15722-5ffe-49ea-a505-4db223e849ab}</Data>\n<Data Name=\"jobOwner\">NT AUTHORITY\\SYSTEM</Data>\n<Data Name=\"fileCount\">1</Data>\n<Data Name=\"bytesTransferred\">386417</Data>\n<Data Name=\"bytesTransferredFromPeer\">0</Data>\n</EventData>\n</Event>\n"
  },
  {
    "EventID": 3,
    "Timestamp": "2014-01-25 01:38:43.583010+00:00",
    "Computer": "IACIS-HDD-2014",
    "Channel": "Microsoft-Windows-Bits-Client/Operational",
    "Level": "Information",
    "EventData": {
      "string": "WU Client Download",
      "string2": "NT AUTHORITY\\SYSTEM",
      "string3": ""
    },
    "RawXml": "<Event xmlns=\"http://schemas.microsoft.com/win/2004/08/events/event\"><System><Provider Name=\"Microsoft-Windows-Bits-Client\" Guid=\"{ef1cc15b-46c1-414e-bb95-e76b077bd51e}\"></Provider>\n<EventID Qualifiers=\"\">3</EventID>\n<Version>0</Version>\n<Level>4</Level>\n<Task>0</Task>\n<Opcode>0</Opcode>\n<Keywords>0x4000000000000000</Keywords>\n<TimeCreated SystemTime=\"2014-01-25 01:38:43.583010+00:00\"></TimeCreated>\n<EventRecordID>639</EventRecordID>\n<Correlation ActivityID=\"\" RelatedActivityID=\"\"></Correlation>\n<Execution ProcessID=\"888\" ThreadID=\"2804\"></Execution>\n<Channel>Microsoft-Windows-Bits-Client/Operational</Channel>\n<Computer>IACIS-HDD-2014</Computer>\n<Security UserID=\"S-1-5-18\"></Security>\n</System>\n<EventData><Data Name=\"string\">WU Client Download</Data>\n<Data Name=\"string2\">NT AUTHORITY\\SYSTEM</Data>\n<Data Name=\"string3\"></Data>\n</EventData>\n</Event>\n"
  },
  {
    "EventID": 5,
    "Timestamp": "2014-01-25 01:38:43.598610+00:00",
    "Computer": "IACIS-HDD-2014",
    "Channel": "Microsoft-Windows-Bits-Client/Operational",
    "Level": "Information",
    "EventData": {
      "User": "NT AUTHORITY\\SYSTEM",
      "jobTitle": "WU Client Download",
      "jobId": "{278ccb10-7996-4d11-b1c0-099d56c56c5d}",
      "jobOwner": "NT AUTHORITY\\SYSTEM",
      "fileCount": "0"
    },
    "RawXml": "<Event xmlns=\"http://schemas.microsoft.com/win/2004/08/events/event\"><System><Provider Name=\"Microsoft-Windows-Bits-Client\" Guid=\"{ef1cc15b-46c1-414e-bb95-e76b077bd51e}\"></Provider>\n<EventID Qualifiers=\"\">5</EventID>\n<Version>0</Version>\n<Level>4</Level>\n<Task>0</Task>\n<Opcode>0</Opcode>\n<Keywords>0x4000000000000000</Keywords>\n<TimeCreated SystemTime=\"2014-01-25 01:38:43.598610+00:00\"></TimeCreated>\n<EventRecordID>640</EventRecordID>\n<Correlation ActivityID=\"\" RelatedActivityID=\"\"></Correlation>\n<Execution ProcessID=\"888\" ThreadID=\"2804\"></Execution>\n<Channel>Microsoft-Windows-Bits-Client/Operational</Channel>\n<Computer>IACIS-HDD-2014</Computer>\n<Security UserID=\"S-1-5-18\"></Security>\n</System>\n<EventData><Data Name=\"User\">NT AUTHORITY\\SYSTEM</Data>\n<Data Name=\"jobTitle\">WU Client Download</Data>\n<Data Name=\"jobId\">{278ccb10-7996-4d11-b1c0-099d56c56c5d}</Data>\n<Data Name=\"jobOwner\">NT AUTHORITY\\SYSTEM</Data>\n<Data Name=\"fileCount\">0</Data>\n</EventData>\n</Event>\n"
  },
  {
    "EventID": 4,
    "Timestamp": "2014-01-25 01:38:43.832611+00:00",
    "Computer": "IACIS-HDD-2014",
    "Channel": "Microsoft-Windows-Bits-Client/Operational",
    "Level": "Information",
    "EventData": {
      "User": "NT AUTHORITY\\SYSTEM",
      "jobTitle": "WU Client Download",
      "jobId": "{558a6d10-dd42-47f1-b5ef-05cf4c38510d}",
      "jobOwner": "NT AUTHORITY\\SYSTEM",
      "fileCount": "1",
      "bytesTransferred": "12538",
      "bytesTransferredFromPeer": "0"
    },
    "RawXml": "<Event xmlns=\"http://schemas.microsoft.com/win/2004/08/events/event\"><System><Provider Name=\"Microsoft-Windows-Bits-Client\" Guid=\"{ef1cc15b-46c1-414e-bb95-e76b077bd51e}\"></Provider>\n<EventID Qualifiers=\"\">4</EventID>\n<Version>1</Version>\n<Level>4</Level>\n<Task>0</Task>\n<Opcode>0</Opcode>\n<Keywords>0x4000000000000000</Keywords>\n<TimeCreated SystemTime=\"2014-01-25 01:38:43.832611+00:00\"></TimeCreated>\n<EventRecordID>641</EventRecordID>\n<Correlation ActivityID=\"\" RelatedActivityID=\"\"></Correlation>\n<Execution ProcessID=\"888\" ThreadID=\"2804\"></Execution>\n<Channel>Microsoft-Windows-Bits-Client/Operational</Channel>\n<Computer>IACIS-HDD-2014</Computer>\n<Security UserID=\"S-1-5-18\"></Security>\n</System>\n<EventData><Data Name=\"User\">NT AUTHORITY\\SYSTEM</Data>\n<Data Name=\"jobTitle\">WU Client Download</Data>\n<Data Name=\"jobId\">{558a6d10-dd42-47f1-b5ef-05cf4c38510d}</Data>\n<Data Name=\"jobOwner\">NT AUTHORITY\\SYSTEM</Data>\n<Data Name=\"fileCount\">1</Data>\n<Data Name=\"bytesTransferred\">12538</Data>\n<Data Name=\"bytesTransferredFromPeer\">0</Data>\n</EventData>\n</Event>\n"
  },
