[
  {
    "EventID": 100,
    "Timestamp": "2014-01-25 01:32:50.674040+00:00",
    "Computer": "IACIS-HDD-2014",
    "Channel": "Microsoft-Windows-WindowsBackup/ActionCenter",
    "Level": "Information",
    "EventData": {
      "hc_stateid": "1",
      "pwszTimeStamp": ""
    },
    "RawXml": "<Event xmlns=\"http://schemas.microsoft.com/win/2004/08/events/event\"><System><Provider Name=\"Microsoft-Windows-WindowsBackup\" Guid=\"{01979c6a-42fa-414c-b8aa-eee2c8202018}\"></Provider>\n<EventID Qualifiers=\"\">100</EventID>\n<Version>0</Version>\n<Level>4</Level>\n<Task>0</Task>\n<Opcode>0</Opcode>\n<Keywords>0x8000000000000000</Keywords>\n<TimeCreated SystemTime=\"2014-01-25 01:32:50.674040+00:00\"></TimeCreated>\n<EventRecordID>1</EventRecordID>\n<Correlation ActivityID=\"\" RelatedActivityID=\"\"></Correlation>\n<Execution ProcessID=\"2932\" ThreadID=\"1400\"></Execution>\n<Channel>Microsoft-Windows-WindowsBackup/ActionCenter</Channel>\n<Computer>IACIS-HDD-2014</Computer>\n<Security UserID=\"S-1-5-19\"></Security>\n</System>\n<EventData><Data Name=\"hc_stateid\">1</Data>\n<Data Name=\"pwszTimeStamp\"></Data>\n</EventData>\n</Event>\n"
  },
  {
    "EventID": 100,
    "Timestamp": "2014-01-25 15:33:36.811588+00:00",
    "Computer": "IACIS-HDD-2014",
    "Channel": "Microsoft-Windows-WindowsBackup/ActionCenter",
    "Level": "Information",
    "EventData": {
      "hc_stateid": "1",
      "pwszTimeStamp": ""
    },
    "RawXml": "<Event xmlns=\"http://schemas.microsoft.com/win/2004/08/events/event\"><System><Provider Name=\"Microsoft-Windows-WindowsBackup\" Guid=\"{01979c6a-42fa-414c-b8aa-eee2c8202018}\"></Provider>\n<EventID Qualifiers=\"\">100</EventID>\n<Version>0</Version>\n<Level>4</Level>\n<Task>0</Task>\n<Opcode>0</Opcode>\n<Keywords>0x8000000000000000</Keywords>\n<TimeCreated SystemTime=\"2014-01-25 15:33:36.811588+00:00\"></TimeCreated>\n<EventRecordID>2</EventRecordID>\n<Correlation ActivityID=\"\" RelatedActivityID=\"\"></Correlation>\n<Execution ProcessID=\"360\" ThreadID=\"1844\"></Execution>\n<Channel>Microsoft-Windows-WindowsBackup/ActionCenter</Channel>\n<Computer>IACIS-HDD-2014</Computer>\n<Security UserID=\"S-1-5-19\"></Security>\n</System>\n<EventData><Data Name=\"hc_stateid\">1</Data>\n<Data Name=\"pwszTimeStamp\"></Data>\n</EventData>\n</Event>\n"
  },
  {
    "EventID": 100,
    "Timestamp": "2014-01-29 12:31:01.877426+00:00",
    "Computer": "IACIS-HDD-2014",
    "Channel": "Microsoft-Windows-WindowsBackup/ActionCenter",
    "Level": "Information",
    "EventData": {
      "hc_stateid": "1",
      "pwszTimeStamp": ""
    },
    "RawXml": "<Event xmlns=\"http://schemas.microsoft.com/win/2004/08/events/event\"><System><Provider Name=\"Microsoft-Windows-WindowsBackup\" Guid=\"{01979c6a-42fa-414c-b8aa-eee2c8202018}\"></Provider>\n<EventID Qualifiers=\"\">100</EventID>\n<Version>0</Version>\n<Level>4</Level>\n<Task>0</Task>\n<Opcode>0</Opcode>\n<Keywords>0x8000000000000000</Keywords>\n<TimeCreated SystemTime=\"2014-01-29 12:31:01.877426+00:00\"></TimeCreated>\n<EventRecordID>3</EventRecordID>\n<Correlation ActivityID=\"\" RelatedActivityID=\"\"></Correlation>\n<Execution ProcessID=\"2428\" ThreadID=\"2432\"></Execution>\n<Channel>Microsoft-Windows-WindowsBackup/ActionCenter</Channel>\n<Computer>IACIS-HDD-2014</Computer>\n<Security UserID=\"S-1-5-19\"></Security>\n</System>\n<EventData><Data Name=\"hc_stateid\">1</Data>\n<Data Name=\"pwszTimeStamp\"></Data>\n</EventData>\n</Event>\n"
  },
  {
    "EventID": 100,
    "Timestamp": "2014-01-29 15:00:02.523678+00:00",
    "Computer": "IACIS-HDD-2014",
    "Channel": "Microsoft-Windows-WindowsBackup/ActionCenter",
    "Level": "Information",
    "EventData": {
      "hc_stateid": "1",
      "pwszTimeStamp": ""
    },
    "RawXml": "<Event xmlns=\"http://schemas.microsoft.com/win/2004/08/events/event\"><System><Provider Name=\"Microsoft-Windows-WindowsBackup\" Guid=\"{01979c6a-42fa-414c-b8aa-eee2c8202018}\"></Provider>\n<EventID Qualifiers=\"\">100</EventID>\n<Version>0</Version>\n<Level>4</Level>\n<Task>0</Task>\n<Opcode>0</Opcode>\n<Keywords>0x8000000000000000</Keywords>\n<TimeCreated SystemTime=\"2014-01-29 15:00:02.523678+00:00\"></TimeCreated>\n<EventRecordID>4</EventRecordID>\n<Correlation ActivityID=\"\" RelatedActivityID=\"\"></Correlation>\n<Execution ProcessID=\"1920\" ThreadID=\"2464\"></Execution>\n<Channel>Microsoft-Windows-WindowsBackup/ActionCenter</Channel>\n<Computer>IACIS-HDD-2014</Computer>\n<Security UserID=\"S-1-5-19\"></Security>\n</System>\n<EventData><Data Name=\"hc_stateid\">1</Data>\n<Data Name=\"pwszTimeStamp\"></Data>\n</EventData>\n</Event>\n"
  },
  {
    "EventID": 100,
    "Timestamp": "2014-02-03 12:05:34.670116+00:00",
    "Computer": "IACIS-HDD-2014",
    "Channel": "Microsoft-Windows-WindowsBackup/ActionCenter",
    "Level": "Information",
    "EventData": {
      "hc_stateid": "1",
      "pwszTimeStamp": ""
    },
    "RawXml": "<Event xmlns=\"http://schemas.microsoft.com/win/2004/08/events/event\"><System><Provider Name=\"Microsoft-Windows-WindowsBackup\" Guid=\"{01979c6a-42fa-414c-b8aa-eee2c8202018}\"></Provider>\n<EventID Qualifiers=\"\">100</EventID>\n<Version>0</Version>\n<Level>4</Level>\n<Task>0</Task>\n<Opcode>0</Opcode>\n<Keywords>0x8000000000000000</Keywords>\n<TimeCreated SystemTime=\"2014-02-03 12:05:34.670116+00:00\"></TimeCreated>\n<EventRecordID>5</EventRecordID>\n<Correlation ActivityID=\"\" RelatedActivityID=\"\"></Correlation>\n<Execution ProcessID=\"2216\" ThreadID=\"1320\"></Execution>\n<Channel>Microsoft-Windows-WindowsBackup/ActionCenter</Channel>\n<Computer>IACIS-HDD-2014</Computer>\n<Security UserID=\"S-1-5-19\"></Security>\n</System>\n<EventData><Data Name=\"hc_stateid\">1</Data>\n<Data Name=\"pwszTimeStamp\"></Data>\n</EventData>\n</Event>\n"
  },
  {
    "EventID": 100,
    "Timestamp": "2014-02-03 15:00:00.886171+00:00",
    "Computer": "IACIS-HDD-2014",
    "Channel": "Microsoft-Windows-WindowsBackup/ActionCenter",
    "Level": "Information",
    "EventData": {
      "hc_stateid": "1",
      "pwszTimeStamp": ""
    },
    "RawXml": "<Event xmlns=\"http://schemas.microsoft.com/win/2004/08/events/event\"><System><Provider Name=\"Microsoft-Windows-WindowsBackup\" Guid=\"{01979c6a-42fa-414c-b8aa-eee2c8202018}\"></Provider>\n<EventID Qualifiers=\"\">100</EventID>\n<Version>0</Version>\n<Level>4</Level>\n<Task>0</Task>\n<Opcode>0</Opcode>\n<Keywords>0x8000000000000000</Keywords>\n<TimeCreated SystemTime=\"2014-02-03 15:00:00.886171+00:00\"></TimeCreated>\n<EventRecordID>6</EventRecordID>\n<Correlation ActivityID=\"\" RelatedActivityID=\"\"></Correlation>\n<Execution ProcessID=\"2452\" ThreadID=\"4072\"></Execution>\n<Channel>Microsoft-Windows-WindowsBackup/ActionCenter</Channel>\n<Computer>IACIS-HDD-2014</Computer>\n<Security UserID=\"S-1-5-19\"></Security>\n</System>\n<EventData><Data Name=\"hc_stateid\">1</Data>\n<Data Name=\"pwszTimeStamp\"></Data>\n</EventData>\n</Event>\n"
  },
  {
    "EventID": 100,
    "Timestamp": "2014-02-04 15:00:50.601423+00:00",
    "Computer": "IACIS-HDD-2014",
    "Channel": "Microsoft-Windows-WindowsBackup/ActionCenter",
    "Level": "Information",
    "EventData": {
      "hc_stateid": "1",
      "pwszTimeStamp": ""
    },
    "RawXml": "<Event xmlns=\"http://schemas.microsoft.com/win/2004/08/events/event\"><System><Provider Name=\"Microsoft-Windows-WindowsBackup\" Guid=\"{01979c6a-42fa-414c-b8aa-eee2c8202018}\"></Provider>\n<EventID Qualifiers=\"\">100</EventID>\n<Version>0</Version>\n<Level>4</Level>\n<Task>0</Task>\n<Opcode>0</Opcode>\n<Keywords>0x8000000000000000</Keywords>\n<TimeCreated SystemTime=\"2014-02-04 15:00:50.601423+00:00\"></TimeCreated>\n<EventRecordID>7</EventRecordID>\n<Correlation ActivityID=\"\" RelatedActivityID=\"\"></Correlation>\n<Execution ProcessID=\"1444\" ThreadID=\"1700\"></Execution>\n<Channel>Microsoft-Windows-WindowsBackup/ActionCenter</Channel>\n<Computer>IACIS-HDD-2014</Computer>\n<Security UserID=\"S-1-5-19\"></Security>\n</System>\n<EventData><Data Name=\"hc_stateid\">1</Data>\n<Data Name=\"pwszTimeStamp\"></Data>\n</EventData>\n</Event>\n"
  },
  {
    "EventID": 100,
    "Timestamp": "2014-02-05 15:00:00.699383+00:00",
    "Computer": "IACIS-HDD-2014",
    "Channel": "Microsoft-Windows-WindowsBackup/ActionCenter",
    "Level": "Information",
    "EventData": {
      "hc_stateid": "1",
      "pwszTimeStamp": ""
    },
    "RawXml": "<Event xmlns=\"http://schemas.microsoft.com/win/2004/08/events/event\"><System><Provider Name=\"Microsoft-Windows-WindowsBackup\" Guid=\"{01979c6a-42fa-414c-b8aa-eee2c8202018}\"></Provider>\n<EventID Qualifiers=\"\">100</EventID>\n<Version>0</Version>\n<Level>4</Level>\n<Task>0</Task>\n<Opcode>0</Opcode>\n<Keywords>0x8000000000000000</Keywords>\n<TimeCreated SystemTime=\"2014-02-05 15:00:00.699383+00:00\"></TimeCreated>\n<EventRecordID>8</EventRecordID>\n<Correlation ActivityID=\"\" RelatedActivityID=\"\"></Correlation>\n<Execution ProcessID=\"3268\" ThreadID=\"3360\"></Execution>\n<Channel>Microsoft-Windows-WindowsBackup/ActionCenter</Channel>\n<Computer>IACIS-HDD-2014</Computer>\n<Security UserID=\"S-1-5-19\"></Security>\n</System>\n<EventData><Data Name=\"hc_stateid\">1</Data>\n<Data Name=\"pwszTimeStamp\"></Data>\n</EventData>\n</Event>\n"
  },
  {
    "EventID": 100,
    "Timestamp": "2014-02-06 15:00:00.838293+00:00",
    "Computer": "IACIS-HDD-2014",
    "Channel": "Microsoft-Windows-WindowsBackup/ActionCenter",
    "Level": "Information",
    "EventData": {
      "hc_stateid": "1",
      "pwszTimeStamp": ""
    },
    "RawXml": "<Event xmlns=\"http://schemas.microsoft.com/win/2004/08/events/event\"><System><Provider Name=\"Microsoft-Windows-WindowsBackup\" Guid=\"{01979c6a-42fa-414c-b8aa-eee2c8202018}\"></Provider>\n<EventID Qualifiers=\"\">100</EventID>\n<Version>0</Version>\n<Level>4</Level>\n<Task>0</Task>\n<Opcode>0</Opcode>\n<Keywords>0x8000000000000000</Keywords>\n<TimeCreated SystemTime=\"2014-02-06 15:00:00.838293+00:00\"></TimeCreated>\n<EventRecordID>9</EventRecordID>\n<Correlation ActivityID=\"\" RelatedActivityID=\"\"></Correlation>\n<Execution ProcessID=\"2988\" ThreadID=\"784\"></Execution>\n<Channel>Microsoft-Windows-WindowsBackup/ActionCenter</Channel>\n<Computer>IACIS-HDD-2014</Computer>\n<Security UserID=\"S-1-5-19\"></Security>\n</System>\n<EventData><Data Name=\"hc_stateid\">1</Data>\n<Data Name=\"pwszTimeStamp\"></Data>\n</EventData>\n</Event>\n"
  },
  {
    "EventID": 100,
    "Timestamp": "2014-02-07 15:00:01.071714+00:00",
    "Computer": "IACIS-HDD-2014",
    "Channel": "Microsoft-Windows-WindowsBackup/ActionCenter",
    "Level": "Information",
    "EventData": {
      "hc_stateid": "1",
      "pwszTimeStamp": ""
    },
    "RawXml": "<Event xmlns=\"http://schemas.microsoft.com/win/2004/08/events/event\"><System><Provider Name=\"Microsoft-Windows-WindowsBackup\" Guid=\"{01979c6a-42fa-414c-b8aa-eee2c8202018}\"></Provider>\n<EventID Qualifiers=\"\">100</EventID>\n<Version>0</Version>\n<Level>4</Level>\n<Task>0</Task>\n<Opcode>0</Opcode>\n<Keywords>0x8000000000000000</Keywords>\n<TimeCreated SystemTime=\"2014-02-07 15:00:01.071714+00:00\"></TimeCreated>\n<EventRecordID>10</EventRecordID>\n<Correlation ActivityID=\"\" RelatedActivityID=\"\"></Correlation>\n<Execution ProcessID=\"2580\" ThreadID=\"3788\"></Execution>\n<Channel>Microsoft-Windows-WindowsBackup/ActionCenter</Channel>\n<Computer>IACIS-HDD-2014</Computer>\n<Security UserID=\"S-1-5-19\"></Security>\n</System>\n<EventData><Data Name=\"hc_stateid\">1</Data>\n<Data Name=\"pwszTimeStamp\"></Data>\n</EventData>\n</Event>\n"
  },
  {
    "EventID": 100,
    "Timestamp": "2014-02-10 14:57:51.442064+00:00",
    "Computer": "IACIS-HDD-2014",
    "Channel": "Microsoft-Windows-WindowsBackup/ActionCenter",
    "Level": "Information",
    "EventData": {
      "hc_stateid": "1",
      "pwszTimeStamp": ""
    },
    "RawXml": "<Event xmlns=\"http://schemas.microsoft.com/win/2004/08/events/event\"><System><Provider Name=\"Microsoft-Windows-WindowsBackup\" Guid=\"{01979c6a-42fa-414c-b8aa-eee2c8202018}\"></Provider>\n<EventID Qualifiers=\"\">100</EventID>\n<Version>0</Version>\n<Level>4</Level>\n<Task>0</Task>\n<Opcode>0</Opcode>\n<Keywords>0x8000000000000000</Keywords>\n<TimeCreated SystemTime=\"2014-02-10 14:57:51.442064+00:00\"></TimeCreated>\n<EventRecordID>11</EventRecordID>\n<Correlation ActivityID=\"\" RelatedActivityID=\"\"></Correlation>\n<Execution ProcessID=\"3956\" ThreadID=\"3980\"></Execution>\n<Channel>Microsoft-Windows-WindowsBackup/ActionCenter</Channel>\n<Computer>IACIS-HDD-2014</Computer>\n<Security UserID=\"S-1-5-19\"></Security>\n</System>\n<EventData><Data Name=\"hc_stateid\">1</Data>\n<Data Name=\"pwszTimeStamp\"></Data>\n</EventData>\n</Event>\n"
  },
  {
    "EventID": 100,
    "Timestamp": "2014-02-10 15:00:54.514708+00:00",
    "Computer": "IACIS-HDD-2014",
    "Channel": "Microsoft-Windows-WindowsBackup/ActionCenter",
    "Level": "Information",
    "EventData": {
      "hc_stateid": "1",
      "pwszTimeStamp": ""
    },
    "RawXml": "<Event xmlns=\"http://schemas.microsoft.com/win/2004/08/events/event\"><System><Provider Name=\"Microsoft-Windows-WindowsBackup\" Guid=\"{01979c6a-42fa-414c-b8aa-eee2c8202018}\"></Provider>\n<EventID Qualifiers=\"\">100</EventID>\n<Version>0</Version>\n<Level>4</Level>\n<Task>0</Task>\n<Opcode>0</Opcode>\n<Keywords>0x8000000000000000</Keywords>\n<TimeCreated SystemTime=\"2014-02-10 15:00:54.514708+00:00\"></TimeCreated>\n<EventRecordID>12</EventRecordID>\n<Correlation ActivityID=\"\" RelatedActivityID=\"\"></Correlation>\n<Execution ProcessID=\"2656\" ThreadID=\"780\"></Execution>\n<Channel>Microsoft-Windows-WindowsBackup/ActionCenter</Channel>\n<Computer>IACIS-HDD-2014</Computer>\n<Security UserID=\"S-1-5-19\"></Security>\n</System>\n<EventData><Data Name=\"hc_stateid\">1</Data>\n<Data Name=\"pwszTimeStamp\"></Data>\n</EventData>\n</Event>\n"
  },
  {
    "EventID": 100,
    "Timestamp": "2014-02-11 15:00:00.845205+00:00",
    "Computer": "IACIS-HDD-2014",
    "Channel": "Microsoft-Windows-WindowsBackup/ActionCenter",
    "Level": "Information",
    "EventData": {
      "hc_stateid": "1",
      "pwszTimeStamp": ""
    },
    "RawXml": "<Event xmlns=\"http://schemas.microsoft.com/win/2004/08/events/event\"><System><Provider Name=\"Microsoft-Windows-WindowsBackup\" Guid=\"{01979c6a-42fa-414c-b8aa-eee2c8202018}\"></Provider>\n<EventID Qualifiers=\"\">100</EventID>\n<Version>0</Version>\n<Level>4</Level>\n<Task>0</Task>\n<Opcode>0</Opcode>\n<Keywords>0x8000000000000000</Keywords>\n<TimeCreated SystemTime=\"2014-02-11 15:00:00.845205+00:00\"></TimeCreated>\n<EventRecordID>13</EventRecordID>\n<Correlation ActivityID=\"\" RelatedActivityID=\"\"></Correlation>\n<Execution ProcessID=\"2356\" ThreadID=\"1804\"></Execution>\n<Channel>Microsoft-Windows-WindowsBackup/ActionCenter</Channel>\n<Computer>IACIS-HDD-2014</Computer>\n<Security UserID=\"S-1-5-19\"></Security>\n</System>\n<EventData><Data Name=\"hc_stateid\">1</Data>\n<Data Name=\"pwszTimeStamp\"></Data>\n</EventData>\n</Event>\n"
  },
  {
    "EventID": 100,
    "Timestamp": "2014-02-16 19:05:02.089975+00:00",
    "Computer": "IACIS-HDD-2014",
    "Channel": "Microsoft-Windows-WindowsBackup/ActionCenter",
    "Level": "Information",
    "EventData": {
      "hc_stateid": "1",
      "pwszTimeStamp": ""
    },
    "RawXml": "<Event xmlns=\"http://schemas.microsoft.com/win/2004/08/events/event\"><System><Provider Name=\"Microsoft-Windows-WindowsBackup\" Guid=\"{01979c6a-42fa-414c-b8aa-eee2c8202018}\"></Provider>\n<EventID Qualifiers=\"\">100</EventID>\n<Version>0</Version>\n<Level>4</Level>\n<Task>0</Task>\n<Opcode>0</Opcode>\n<Keywords>0x8000000000000000</Keywords>\n<TimeCreated SystemTime=\"2014-02-16 19:05:02.089975+00:00\"></TimeCreated>\n<EventRecordID>14</EventRecordID>\n<Correlation ActivityID=\"\" RelatedActivityID=\"\"></Correlation>\n<Execution ProcessID=\"516\" ThreadID=\"1648\"></Execution>\n<Channel>Microsoft-Windows-WindowsBackup/ActionCenter</Channel>\n<Computer>IACIS-HDD-2014</Computer>\n<Security UserID=\"S-1-5-19\"></Security>\n</System>\n<EventData><Data Name=\"hc_stateid\">1</Data>\n<Data Name=\"pwszTimeStamp\"></Data>\n</EventData>\n</Event>\n"
  },
  {
    "EventID": 100,
    "Timestamp": "2014-02-19 13:35:30.783012+00:00",
    "Computer": "IACIS-HDD-2014",
    "Channel": "Microsoft-Windows-WindowsBackup/ActionCenter",
    "Level": "Information",
    "EventData": {
      "hc_stateid": "1",
      "pwszTimeStamp": ""
    },
    "RawXml": "<Event xmlns=\"http://schemas.microsoft.com/win/2004/08/events/event\"><System><Provider Name=\"Microsoft-Windows-WindowsBackup\" Guid=\"{01979c6a-42fa-414c-b8aa-eee2c8202018}\"></Provider>\n<EventID Qualifiers=\"\">100</EventID>\n<Version>0</Version>\n<Level>4</Level>\n<Task>0</Task>\n<Opcode>0</Opcode>\n<Keywords>0x8000000000000000</Keywords>\n<TimeCreated SystemTime=\"2014-02-19 13:35:30.783012+00:00\"></TimeCreated>\n<EventRecordID>15</EventRecordID>\n<Correlation ActivityID=\"\" RelatedActivityID=\"\"></Correlation>\n<Execution ProcessID=\"176\" ThreadID=\"1820\"></Execution>\n<Channel>Microsoft-Windows-WindowsBackup/ActionCenter</Channel>\n<Computer>IACIS-HDD-2014</Computer>\n<Security UserID=\"S-1-5-19\"></Security>\n</System>\n<EventData><Data Name=\"hc_stateid\">1</Data>\n<Data Name=\"pwszTimeStamp\"></Data>\n</EventData>\n</Event>\n"
  },
  {
    "EventID": 100,
    "Timestamp": "2014-02-19 15:00:01.133520+00:00",
    "Computer": "IACIS-HDD-2014",
    "Channel": "Microsoft-Windows-WindowsBackup/ActionCenter",
    "Level": "Information",
    "EventData": {
      "hc_stateid": "1",
      "pwszTimeStamp": ""
    },
    "RawXml": "<Event xmlns=\"http://schemas.microsoft.com/win/2004/08/events/event\"><System><Provider Name=\"Microsoft-Windows-WindowsBackup\" Guid=\"{01979c6a-42fa-414c-b8aa-eee2c8202018}\"></Provider>\n<EventID Qualifiers=\"\">100</EventID>\n<Version>0</Version>\n<Level>4</Level>\n<Task>0</Task>\n<Opcode>0</Opcode>\n<Keywords>0x8000000000000000</Keywords>\n<TimeCreated SystemTime=\"2014-02-19 15:00:01.133520+00:00\"></TimeCreated>\n<EventRecordID>16</EventRecordID>\n<Correlation ActivityID=\"\" RelatedActivityID=\"\"></Correlation>\n<Execution ProcessID=\"3616\" ThreadID=\"204\"></Execution>\n<Channel>Microsoft-Windows-WindowsBackup/ActionCenter</Channel>\n<Computer>IACIS-HDD-2014</Computer>\n<Security UserID=\"S-1-5-19\"></Security>\n</System>\n<EventData><Data Name=\"hc_stateid\">1</Data>\n<Data Name=\"pwszTimeStamp\"></Data>\n</EventData>\n</Event>\n"
  },
  {
    "EventID": 100,
    "Timestamp": "2014-02-20 15:00:01.064213+00:00",
    "Computer": "IACIS-HDD-2014",
    "Channel": "Microsoft-Windows-WindowsBackup/ActionCenter",
    "Level": "Information",
    "EventData": {
      "hc_stateid": "1",
      "pwszTimeStamp": ""
    },
    "RawXml": "<Event xmlns=\"http://schemas.microsoft.com/win/2004/08/events/event\"><System><Provider Name=\"Microsoft-Windows-WindowsBackup\" Guid=\"{01979c6a-42fa-414c-b8aa-eee2c8202018}\"></Provider>\n<EventID Qualifiers=\"\">100</EventID>\n<Version>0</Version>\n<Level>4</Level>\n<Task>0</Task>\n<Opcode>0</Opcode>\n<Keywords>0x8000000000000000</Keywords>\n<TimeCreated SystemTime=\"2014-02-20 15:00:01.064213+00:00\"></TimeCreated>\n<EventRecordID>17</EventRecordID>\n<Correlation ActivityID=\"\" RelatedActivityID=\"\"></Correlation>\n<Execution ProcessID=\"1644\" ThreadID=\"2256\"></Execution>\n<Channel>Microsoft-Windows-WindowsBackup/ActionCenter</Channel>\n<Computer>IACIS-HDD-2014</Computer>\n<Security UserID=\"S-1-5-19\"></Security>\n</System>\n<EventData><Data Name=\"hc_stateid\">1</Data>\n<Data Name=\"pwszTimeStamp\"></Data>\n</EventData>\n</Event>\n"
  }
]