  {
    "EventID": 105,
    "Timestamp": "2014-01-25 07:18:40.221235+00:00",
    "Computer": "IACIS-HDD-2014",
    "Channel": "Microsoft-Windows-Diagnosis-DPS/Operational",
    "Level": "Information",
    "EventData": {
      "ScenarioId": "{739ff6cf-5033-428c-9e2f-582096482dd5}",
      "InstanceId": "{fac703f0-26fb-4bcc-8e5e-1a7e2f7dabab}",
      "OriginalActivityId": "{00000000-0000-0000-0000-000000000000}",
      "DiagnosticModuleImageName": "%windir%\\system32\\radardt.dll",
      "DiagnosticModuleId": "{c0f51d84-11b9-4e74-b083-99f11ba2db0a}"
    },
    "RawXml": "<Event xmlns=\"http://schemas.microsoft.com/win/2004/08/events/event\"><System><Provider Name=\"Microsoft-Windows-Diagnosis-DPS\" Guid=\"{6bba3851-2c7e-4dea-8f54-31e5afd029e3}\"></Provider>\n<EventID Qualifiers=\"\">105</EventID>\n<Version>0</Version>\n<Level>4</Level>\n<Task>1</Task>\n<Opcode>13</Opcode>\n<Keywords>0x4000000800000000</Keywords>\n<TimeCreated SystemTime=\"2014-01-25 07:18:40.221235+00:00\"></TimeCreated>\n<EventRecordID>79</EventRecordID>\n<Correlation ActivityID=\"{fac703f0-26fb-4bcc-8e5e-1a7e2f7dabab}\" RelatedActivityID=\"\"></Correlation>\n<Execution ProcessID=\"1268\" ThreadID=\"2536\"></Execution>\n<Channel>Microsoft-Windows-Diagnosis-DPS/Operational</Channel>\n<Computer>IACIS-HDD-2014</Computer>\n<Security UserID=\"S-1-5-19\"></Security>\n</System>\n<EventData><Data Name=\"ScenarioId\">{739ff6cf-5033-428c-9e2f-582096482dd5}</Data>\n<Data Name=\"InstanceId\">{fac703f0-26fb-4bcc-8e5e-1a7e2f7dabab}</Data>\n<Data Name=\"OriginalActivityId\">{00000000-0000-0000-0000-000000000000}</Data>\n<Data Name=\"DiagnosticModuleImageName\">%windir%\\system32\\radardt.dll</Data>\n<Data Name=\"DiagnosticModuleId\">{c0f51d84-11b9-4e74-b083-99f11ba2db0a}</Data>\n</EventData>\n</Event>\n"
  },
  {
    "EventID": 115,
    "Timestamp": "2014-01-25 07:18:42.062040+00:00",
    "Computer": "IACIS-HDD-2014",
    "Channel": "Microsoft-Windows-Diagnosis-DPS/Operational",
    "Level": "Information",
    "EventData": {
      "ScenarioId": "{739ff6cf-5033-428c-9e2f-582096482dd5}",
      "InstanceId": "{fac703f0-26fb-4bcc-8e5e-1a7e2f7dabab}",
      "OriginalActivityId": "{00000000-0000-0000-0000-000000000000}",
      "DiagnosticModuleImageName": "%windir%\\system32\\radardt.dll",
      "ResolutionId": "{5ee64afb-398d-4edb-af71-3b830219abf7}",
      "ResolutionSID": "S-1-5-21-1171287513-3642516788-2358256967-1001",
      "ResolutionSessionId": "1",
      "ResolutionExpirationDate": "0001-01-01 00:00:00",
      "DiagnosticModuleId": "{c0f51d84-11b9-4e74-b083-99f11ba2db0a}"
    },
    "RawXml": "<Event xmlns=\"http://schemas.microsoft.com/win/2004/08/events/event\"><System><Provider Name=\"Microsoft-Windows-Diagnosis-DPS\" Guid=\"{6bba3851-2c7e-4dea-8f54-31e5afd029e3}\"></Provider>\n<EventID Qualifiers=\"\">115</EventID>\n<Version>0</Version>\n<Level>4</Level>\n<Task>1</Task>\n<Opcode>15</Opcode>\n<Keywords>0x4000000800000000</Keywords>\n<TimeCreated SystemTime=\"2014-01-25 07:18:42.062040+00:00\"></TimeCreated>\n<EventRecordID>80</EventRecordID>\n<Correlation ActivityID=\"{fac703f0-26fb-4bcc-8e5e-1a7e2f7dabab}\" RelatedActivityID=\"\"></Correlation>\n<Execution ProcessID=\"1268\" ThreadID=\"2536\"></Execution>\n<Channel>Microsoft-Windows-Diagnosis-DPS/Operational</Channel>\n<Computer>IACIS-HDD-2014</Computer>\n<Security UserID=\"S-1-5-19\"></Security>\n</System>\n<EventData><Data Name=\"ScenarioId\">{739ff6cf-5033-428c-9e2f-582096482dd5}</Data>\n<Data Name=\"InstanceId\">{fac703f0-26fb-4bcc-8e5e-1a7e2f7dabab}</Data>\n<Data Name=\"OriginalActivityId\">{00000000-0000-0000-0000-000000000000}</Data>\n<Data Name=\"DiagnosticModuleImageName\">%windir%\\system32\\radardt.dll</Data>\n<Data Name=\"ResolutionId\">{5ee64afb-398d-4edb-af71-3b830219abf7}</Data>\n<Data Name=\"ResolutionSID\">S-1-5-21-1171287513-3642516788-2358256967-1001</Data>\n<Data Name=\"ResolutionSessionId\">1</Data>\n<Data Name=\"ResolutionExpirationDate\">0001-01-01 00:00:00</Data>\n<Data Name=\"DiagnosticModuleId\">{c0f51d84-11b9-4e74-b083-99f11ba2db0a}</Data>\n</EventData>\n</Event>\n"
  },
  {
    "EventID": 125,
    "Timestamp": "2014-01-25 07:18:42.062040+00:00",
    "Computer": "IACIS-HDD-2014",
    "Channel": "Microsoft-Windows-Diagnosis-DPS/Operational",
    "Level": "Information",
    "EventData": {
      "ScenarioId": "{739ff6cf-5033-428c-9e2f-582096482dd5}",
      "InstanceId": "{fac703f0-26fb-4bcc-8e5e-1a7e2f7dabab}",
      "OriginalActivityId": "{00000000-0000-0000-0000-000000000000}",
      "DiagnosticModuleImageName": "%windir%\\system32\\radarrs.dll",
      "DiagnosticModuleId": "{5ee64afb-398d-4edb-af71-3b830219abf7}"
    },
    "RawXml": "<Event xmlns=\"http://schemas.microsoft.com/win/2004/08/events/event\"><System><Provider Name=\"Microsoft-Windows-Diagnosis-DPS\" Guid=\"{6bba3851-2c7e-4dea-8f54-31e5afd029e3}\"></Provider>\n<EventID Qualifiers=\"\">125</EventID>\n<Version>0</Version>\n<Level>4</Level>\n<Task>1</Task>\n<Opcode>17</Opcode>\n<Keywords>0x4000000800000000</Keywords>\n<TimeCreated SystemTime=\"2014-01-25 07:18:42.062040+00:00\"></TimeCreated>\n<EventRecordID>81</EventRecordID>\n<Correlation ActivityID=\"{fac703f0-26fb-4bcc-8e5e-1a7e2f7dabab}\" RelatedActivityID=\"\"></Correlation>\n<Execution ProcessID=\"1268\" ThreadID=\"2536\"></Execution>\n<Channel>Microsoft-Windows-Diagnosis-DPS/Operational</Channel>\n<Computer>IACIS-HDD-2014</Computer>\n<Security UserID=\"S-1-5-19\"></Security>\n</System>\n<EventData><Data Name=\"ScenarioId\">{739ff6cf-5033-428c-9e2f-582096482dd5}</Data>\n<Data Name=\"InstanceId\">{fac703f0-26fb-4bcc-8e5e-1a7e2f7dabab}</Data>\n<Data Name=\"OriginalActivityId\">{00000000-0000-0000-0000-000000000000}</Data>\n<Data Name=\"DiagnosticModuleImageName\">%windir%\\system32\\radarrs.dll</Data>\n<Data Name=\"DiagnosticModuleId\">{5ee64afb-398d-4edb-af71-3b830219abf7}</Data>\n</EventData>\n</Event>\n"
  },
  {
    "EventID": 130,
    "Timestamp": "2014-01-25 07:18:42.420839+00:00",
    "Computer": "IACIS-HDD-2014",
    "Channel": "Microsoft-Windows-Diagnosis-DPS/Operational",
    "Level": "Information",
    "EventData": {
      "ScenarioId": "{739ff6cf-5033-428c-9e2f-582096482dd5}",
      "InstanceId": "{fac703f0-26fb-4bcc-8e5e-1a7e2f7dabab}",
      "OriginalActivityId": "{00000000-0000-0000-0000-000000000000}",
      "DiagnosticModuleImageName": "%windir%\\system32\\radarrs.dll",
      "DiagnosticModuleId": "{5ee64afb-398d-4edb-af71-3b830219abf7}"
    },
    "RawXml": "<Event xmlns=\"http://schemas.microsoft.com/win/2004/08/events/event\"><System><Provider Name=\"Microsoft-Windows-Diagnosis-DPS\" Guid=\"{6bba3851-2c7e-4dea-8f54-31e5afd029e3}\"></Provider>\n<EventID Qualifiers=\"\">130</EventID>\n<Version>0</Version>\n<Level>4</Level>\n<Task>1</Task>\n<Opcode>19</Opcode>\n<Keywords>0x4000000800000000</Keywords>\n<TimeCreated SystemTime=\"2014-01-25 07:18:42.420839+00:00\"></TimeCreated>\n<EventRecordID>82</EventRecordID>\n<Correlation ActivityID=\"{fac703f0-26fb-4bcc-8e5e-1a7e2f7dabab}\" RelatedActivityID=\"\"></Correlation>\n<Execution ProcessID=\"1268\" ThreadID=\"2536\"></Execution>\n<Channel>Microsoft-Windows-Diagnosis-DPS/Operational</Channel>\n<Computer>IACIS-HDD-2014</Computer>\n<Security UserID=\"S-1-5-19\"></Security>\n</System>\n<EventData><Data Name=\"ScenarioId\">{739ff6cf-5033-428c-9e2f-582096482dd5}</Data>\n<Data Name=\"InstanceId\">{fac703f0-26fb-4bcc-8e5e-1a7e2f7dabab}</Data>\n<Data Name=\"OriginalActivityId\">{00000000-0000-0000-0000-000000000000}</Data>\n<Data Name=\"DiagnosticModuleImageName\">%windir%\\system32\\radarrs.dll</Data>\n<Data Name=\"DiagnosticModuleId\">{5ee64afb-398d-4edb-af71-3b830219abf7}</Data>\n</EventData>\n</Event>\n"
  },
  {
    "EventID": 100,
    "Timestamp": "2014-01-25 07:23:40.225363+00:00",
    "Computer": "IACIS-HDD-2014",
    "Channel": "Microsoft-Windows-Diagnosis-DPS/Operational",
    "Level": "Information",
    "EventData": {
      "ScenarioId": "{739ff6cf-5033-428c-9e2f-582096482dd5}",
      "InstanceId": "{cf1f6bed-5e23-48f4-9867-727d9b013e02}",
      "OriginalActivityId": "{00000000-0000-0000-0000-000000000000}",
      "DiagnosticModuleImageName": "%windir%\\system32\\radardt.dll",
      "DiagnosticModuleId": "{c0f51d84-11b9-4e74-b083-99f11ba2db0a}"
    },
    "RawXml": "<Event xmlns=\"http://schemas.microsoft.com/win/2004/08/events/event\"><System><Provider Name=\"Microsoft-Windows-Diagnosis-DPS\" Guid=\"{6bba3851-2c7e-4dea-8f54-31e5afd029e3}\"></Provider>\n<EventID Qualifiers=\"\">100</EventID>\n<Version>0</Version>\n<Level>4</Level>\n<Task>1</Task>\n<Opcode>12</Opcode>\n<Keywords>0x4000000800000000</Keywords>\n<TimeCreated SystemTime=\"2014-01-25 07:23:40.225363+00:00\"></TimeCreated>\n<EventRecordID>83</EventRecordID>\n<Correlation ActivityID=\"{cf1f6bed-5e23-48f4-9867-727d9b013e02}\" RelatedActivityID=\"\"></Correlation>\n<Execution ProcessID=\"1268\" ThreadID=\"1496\"></Execution>\n<Channel>Microsoft-Windows-Diagnosis-DPS/Operational</Channel>\n<Computer>IACIS-HDD-2014</Computer>\n<Security UserID=\"S-1-5-19\"></Security>\n</System>\n<EventData><Data Name=\"ScenarioId\">{739ff6cf-5033-428c-9e2f-582096482dd5}</Data>\n<Data Name=\"InstanceId\">{cf1f6bed-5e23-48f4-9867-727d9b013e02}</Data>\n<Data Name=\"OriginalActivityId\">{00000000-0000-0000-0000-000000000000}</Data>\n<Data Name=\"DiagnosticModuleImageName\">%windir%\\system32\\radardt.dll</Data>\n<Data Name=\"DiagnosticModuleId\">{c0f51d84-11b9-4e74-b083-99f11ba2db0a}</Data>\n</EventData>\n</Event>\n"
  },
  {
    "EventID": 105,
    "Timestamp": "2014-01-25 07:23:40.225363+00:00",
    "Computer": "IACIS-HDD-2014",
    "Channel": "Microsoft-Windows-Diagnosis-DPS/Operational",
    "Level": "Information",
    "EventData": {
      "ScenarioId": "{739ff6cf-5033-428c-9e2f-582096482dd5}",
      "InstanceId": "{cf1f6bed-5e23-48f4-9867-727d9b013e02}",
      "OriginalActivityId": "{00000000-0000-0000-0000-000000000000}",
      "DiagnosticModuleImageName": "%windir%\\system32\\radardt.dll",
      "DiagnosticModuleId": "{c0f51d84-11b9-4e74-b083-99f11ba2db0a}"
    },
    "RawXml": "<Event xmlns=\"http://schemas.microsoft.com/win/2004/08/events/event\"><System><Provider Name=\"Microsoft-Windows-Diagnosis-DPS\" Guid=\"{6bba3851-2c7e-4dea-8f54-31e5afd029e3}\"></Provider>\n<EventID Qualifiers=\"\">105</EventID>\n<Version>0</Version>\n<Level>4</Level>\n<Task>1</Task>\n<Opcode>13</Opcode>\n<Keywords>0x4000000800000000</Keywords>\n<TimeCreated SystemTime=\"2014-01-25 07:23:40.225363+00:00\"></TimeCreated>\n<EventRecordID>84</EventRecordID>\n<Correlation ActivityID=\"{cf1f6bed-5e23-48f4-9867-727d9b013e02}\" RelatedActivityID=\"\"></Correlation>\n<Execution ProcessID=\"1268\" ThreadID=\"1496\"></Execution>\n<Channel>Microsoft-Windows-Diagnosis-DPS/Operational</Channel>\n<Computer>IACIS-HDD-2014</Computer>\n<Security UserID=\"S-1-5-19\"></Security>\n</System>\n<EventData><Data Name=\"ScenarioId\">{739ff6cf-5033-428c-9e2f-582096482dd5}</Data>\n<Data Name=\"InstanceId\">{cf1f6bed-5e23-48f4-9867-727d9b013e02}</Data>\n<Data Name=\"OriginalActivityId\">{00000000-0000-0000-0000-000000000000}</Data>\n<Data Name=\"DiagnosticModuleImageName\">%windir%\\system32\\radardt.dll</Data>\n<Data Name=\"DiagnosticModuleId\">{c0f51d84-11b9-4e74-b083-99f11ba2db0a}</Data>\n</EventData>\n</Event>\n"
  },
  {
    "EventID": 115,
    "Timestamp": "2014-01-25 07:23:41.988165+00:00",
    "Computer": "IACIS-HDD-2014",
    "Channel": "Microsoft-Windows-Diagnosis-DPS/Operational",
    "Level": "Information",
    "EventData": {
      "ScenarioId": "{739ff6cf-5033-428c-9e2f-582096482dd5}",
      "InstanceId": "{cf1f6bed-5e23-48f4-9867-727d9b013e02}",
      "OriginalActivityId": "{00000000-0000-0000-0000-000000000000}",
      "DiagnosticModuleImageName": "%windir%\\system32\\radardt.dll",
      "ResolutionId": "{5ee64afb-398d-4edb-af71-3b830219abf7}",
      "ResolutionSID": "S-1-5-21-1171287513-3642516788-2358256967-1001",
      "ResolutionSessionId": "1",
      "ResolutionExpirationDate": "0001-01-01 00:00:00",
      "DiagnosticModuleId": "{c0f51d84-11b9-4e74-b083-99f11ba2db0a}"
    },
    "RawXml": "<Event xmlns=\"http://schemas.microsoft.com/win/2004/08/events/event\"><System><Provider Name=\"Microsoft-Windows-Diagnosis-DPS\" Guid=\"{6bba3851-2c7e-4dea-8f54-31e5afd029e3}\"></Provider>\n<EventID Qualifiers=\"\">115</EventID>\n<Version>0</Version>\n<Level>4</Level>\n<Task>1</Task>\n<Opcode>15</Opcode>\n<Keywords>0x4000000800000000</Keywords>\n<TimeCreated SystemTime=\"2014-01-25 07:23:41.988165+00:00\"></TimeCreated>\n<EventRecordID>85</EventRecordID>\n<Correlation ActivityID=\"{cf1f6bed-5e23-48f4-9867-727d9b013e02}\" RelatedActivityID=\"\"></Correlation>\n<Execution ProcessID=\"1268\" ThreadID=\"1496\"></Execution>\n<Channel>Microsoft-Windows-Diagnosis-DPS/Operational</Channel>\n<Computer>IACIS-HDD-2014</Computer>\n<Security UserID=\"S-1-5-19\"></Security>\n</System>\n<EventData><Data Name=\"ScenarioId\">{739ff6cf-5033-428c-9e2f-582096482dd5}</Data>\n<Data Name=\"InstanceId\">{cf1f6bed-5e23-48f4-9867-727d9b013e02}</Data>\n<Data Name=\"OriginalActivityId\">{00000000-0000-0000-0000-000000000000}</Data>\n<Data Name=\"DiagnosticModuleImageName\">%windir%\\system32\\radardt.dll</Data>\n<Data Name=\"ResolutionId\">{5ee64afb-398d-4edb-af71-3b830219abf7}</Data>\n<Data Name=\"ResolutionSID\">S-1-5-21-1171287513-3642516788-2358256967-1001</Data>\n<Data Name=\"ResolutionSessionId\">1</Data>\n<Data Name=\"ResolutionExpirationDate\">0001-01-01 00:00:00</Data>\n<Data Name=\"DiagnosticModuleId\">{c0f51d84-11b9-4e74-b083-99f11ba2db0a}</Data>\n</EventData>\n</Event>\n"
  },
  {
    "EventID": 125,
    "Timestamp": "2014-01-25 07:23:42.003765+00:00",
    "Computer": "IACIS-HDD-2014",
    "Channel": "Microsoft-Windows-Diagnosis-DPS/Operational",
    "Level": "Information",
    "EventData": {
      "ScenarioId": "{739ff6cf-5033-428c-9e2f-582096482dd5}",
      "InstanceId": "{cf1f6bed-5e23-48f4-9867-727d9b013e02}",
      "OriginalActivityId": "{00000000-0000-0000-0000-000000000000}",
      "DiagnosticModuleImageName": "%windir%\\system32\\radarrs.dll",
      "DiagnosticModuleId": "{5ee64afb-398d-4edb-af71-3b830219abf7}"
    },
    "RawXml": "<Event xmlns=\"http://schemas.microsoft.com/win/2004/08/events/event\"><System><Provider Name=\"Microsoft-Windows-Diagnosis-DPS\" Guid=\"{6bba3851-2c7e-4dea-8f54-31e5afd029e3}\"></Provider>\n<EventID Qualifiers=\"\">125</EventID>\n<Version>0</Version>\n<Level>4</Level>\n<Task>1</Task>\n<Opcode>17</Opcode>\n<Keywords>0x4000000800000000</Keywords>\n<TimeCreated SystemTime=\"2014-01-25 07:23:42.003765+00:00\"></TimeCreated>\n<EventRecordID>86</EventRecordID>\n<Correlation ActivityID=\"{cf1f6bed-5e23-48f4-9867-727d9b013e02}\" RelatedActivityID=\"\"></Correlation>\n<Execution ProcessID=\"1268\" ThreadID=\"1496\"></Execution>\n<Channel>Microsoft-Windows-Diagnosis-DPS/Operational</Channel>\n<Computer>IACIS-HDD-2014</Computer>\n<Security UserID=\"S-1-5-19\"></Security>\n</System>\n<EventData><Data Name=\"ScenarioId\">{739ff6cf-5033-428c-9e2f-582096482dd5}</Data>\n<Data Name=\"InstanceId\">{cf1f6bed-5e23-48f4-9867-727d9b013e02}</Data>\n<Data Name=\"OriginalActivityId\">{00000000-0000-0000-0000-000000000000}</Data>\n<Data Name=\"DiagnosticModuleImageName\">%windir%\\system32\\radarrs.dll</Data>\n<Data Name=\"DiagnosticModuleId\">{5ee64afb-398d-4edb-af71-3b830219abf7}</Data>\n</EventData>\n</Event>\n"
  },
  {
    "EventID": 130,
    "Timestamp": "2014-01-25 07:23:42.331366+00:00",
    "Computer": "IACIS-HDD-2014",
    "Channel": "Microsoft-Windows-Diagnosis-DPS/Operational",
    "Level": "Information",
    "EventData": {
      "ScenarioId": "{739ff6cf-5033-428c-9e2f-582096482dd5}",
      "InstanceId": "{cf1f6bed-5e23-48f4-9867-727d9b013e02}",
      "OriginalActivityId": "{00000000-0000-0000-0000-000000000000}",
      "DiagnosticModuleImageName": "%windir%\\system32\\radarrs.dll",
      "DiagnosticModuleId": "{5ee64afb-398d-4edb-af71-3b830219abf7}"
    },
    "RawXml": "<Event xmlns=\"http://schemas.microsoft.com/win/2004/08/events/event\"><System><Provider Name=\"Microsoft-Windows-Diagnosis-DPS\" Guid=\"{6bba3851-2c7e-4dea-8f54-31e5afd029e3}\"></Provider>\n<EventID Qualifiers=\"\">130</EventID>\n<Version>0</Version>\n<Level>4</Level>\n<Task>1</Task>\n<Opcode>19</Opcode>\n<Keywords>0x4000000800000000</Keywords>\n<TimeCreated SystemTime=\"2014-01-25 07:23:42.331366+00:00\"></TimeCreated>\n<EventRecordID>87</EventRecordID>\n<Correlation ActivityID=\"{cf1f6bed-5e23-48f4-9867-727d9b013e02}\" RelatedActivityID=\"\"></Correlation>\n<Execution ProcessID=\"1268\" ThreadID=\"1496\"></Execution>\n<Channel>Microsoft-Windows-Diagnosis-DPS/Operational</Channel>\n<Computer>IACIS-HDD-2014</Computer>\n<Security UserID=\"S-1-5-19\"></Security>\n</System>\n<EventData><Data Name=\"ScenarioId\">{739ff6cf-5033-428c-9e2f-582096482dd5}</Data>\n<Data Name=\"InstanceId\">{cf1f6bed-5e23-48f4-9867-727d9b013e02}</Data>\n<Data Name=\"OriginalActivityId\">{00000000-0000-0000-0000-000000000000}</Data>\n<Data Name=\"DiagnosticModuleImageName\">%windir%\\system32\\radarrs.dll</Data>\n<Data Name=\"DiagnosticModuleId\">{5ee64afb-398d-4edb-af71-3b830219abf7}</Data>\n</EventData>\n</Event>\n"
  },
  {
    "EventID": 100,
    "Timestamp": "2014-01-25 07:28:40.229490+00:00",
    "Computer": "IACIS-HDD-2014",
    "Channel": "Microsoft-Windows-Diagnosis-DPS/Operational",
    "Level": "Information",
    "EventData": {
      "ScenarioId": "{739ff6cf-5033-428c-9e2f-582096482dd5}",
      "InstanceId": "{7be8f615-4993-4cb8-993e-c6da36d50721}",
      "OriginalActivityId": "{00000000-0000-0000-0000-000000000000}",
      "DiagnosticModuleImageName": "%windir%\\system32\\radardt.dll",
      "DiagnosticModuleId": "{c0f51d84-11b9-4e74-b083-99f11ba2db0a}"
    },
    "RawXml": "<Event xmlns=\"http://schemas.microsoft.com/win/2004/08/events/event\"><System><Provider Name=\"Microsoft-Windows-Diagnosis-DPS\" Guid=\"{6bba3851-2c7e-4dea-8f54-31e5afd029e3}\"></Provider>\n<EventID Qualifiers=\"\">100</EventID>\n<Version>0</Version>\n<Level>4</Level>\n<Task>1</Task>\n<Opcode>12</Opcode>\n<Keywords>0x4000000800000000</Keywords>\n<TimeCreated SystemTime=\"2014-01-25 07:28:40.229490+00:00\"></TimeCreated>\n<EventRecordID>88</EventRecordID>\n<Correlation ActivityID=\"{7be8f615-4993-4cb8-993e-c6da36d50721}\" RelatedActivityID=\"\"></Correlation>\n<Execution ProcessID=\"1268\" ThreadID=\"1252\"></Execution>\n<Channel>Microsoft-Windows-Diagnosis-DPS/Operational</Channel>\n<Computer>IACIS-HDD-2014</Computer>\n<Security UserID=\"S-1-5-19\"></Security>\n</System>\n<EventData><Data Name=\"ScenarioId\">{739ff6cf-5033-428c-9e2f-582096482dd5}</Data>\n<Data Name=\"InstanceId\">{7be8f615-4993-4cb8-993e-c6da36d50721}</Data>\n<Data Name=\"OriginalActivityId\">{00000000-0000-0000-0000-000000000000}</Data>\n<Data Name=\"DiagnosticModuleImageName\">%windir%\\system32\\radardt.dll</Data>\n<Data Name=\"DiagnosticModuleId\">{c0f51d84-11b9-4e74-b083-99f11ba2db0a}</Data>\n</EventData>\n</Event>\n"
  },
  {
    "EventID": 105,
    "Timestamp": "2014-01-25 07:28:40.229490+00:00",
    "Computer": "IACIS-HDD-2014",
    "Channel": "Microsoft-Windows-Diagnosis-DPS/Operational",
    "Level": "Information",
    "EventData": {
      "ScenarioId": "{739ff6cf-5033-428c-9e2f-582096482dd5}",
      "InstanceId": "{7be8f615-4993-4cb8-993e-c6da36d50721}",
      "OriginalActivityId": "{00000000-0000-0000-0000-000000000000}",
      "DiagnosticModuleImageName": "%windir%\\system32\\radardt.dll",
      "DiagnosticModuleId": "{c0f51d84-11b9-4e74-b083-99f11ba2db0a}"
    },
    "RawXml": "<Event xmlns=\"http://schemas.microsoft.com/win/2004/08/events/event\"><System><Provider Name=\"Microsoft-Windows-Diagnosis-DPS\" Guid=\"{6bba3851-2c7e-4dea-8f54-31e5afd029e3}\"></Provider>\n<EventID Qualifiers=\"\">105</EventID>\n<Version>0</Version>\n<Level>4</Level>\n<Task>1</Task>\n<Opcode>13</Opcode>\n<Keywords>0x4000000800000000</Keywords>\n<TimeCreated SystemTime=\"2014-01-25 07:28:40.229490+00:00\"></TimeCreated>\n<EventRecordID>89</EventRecordID>\n<Correlation ActivityID=\"{7be8f615-4993-4cb8-993e-c6da36d50721}\" RelatedActivityID=\"\"></Correlation>\n<Execution ProcessID=\"1268\" ThreadID=\"1252\"></Execution>\n<Channel>Microsoft-Windows-Diagnosis-DPS/Operational</Channel>\n<Computer>IACIS-HDD-2014</Computer>\n<Security UserID=\"S-1-5-19\"></Security>\n</System>\n<EventData><Data Name=\"ScenarioId\">{739ff6cf-5033-428c-9e2f-582096482dd5}</Data>\n<Data Name=\"InstanceId\">{7be8f615-4993-4cb8-993e-c6da36d50721}</Data>\n<Data Name=\"OriginalActivityId\">{00000000-0000-0000-0000-000000000000}</Data>\n<Data Name=\"DiagnosticModuleImageName\">%windir%\\system32\\radardt.dll</Data>\n<Data Name=\"DiagnosticModuleId\">{c0f51d84-11b9-4e74-b083-99f11ba2db0a}</Data>\n</EventData>\n</Event>\n"
  },
  {
    "EventID": 115,
    "Timestamp": "2014-01-25 07:28:42.039093+00:00",
    "Computer": "IACIS-HDD-2014",
    "Channel": "Microsoft-Windows-Diagnosis-DPS/Operational",
    "Level": "Information",
    "EventData": {
      "ScenarioId": "{739ff6cf-5033-428c-9e2f-582096482dd5}",
      "InstanceId": "{7be8f615-4993-4cb8-993e-c6da36d50721}",
      "OriginalActivityId": "{00000000-0000-0000-0000-000000000000}",
      "DiagnosticModuleImageName": "%windir%\\system32\\radardt.dll",
      "ResolutionId": "{5ee64afb-398d-4edb-af71-3b830219abf7}",
      "ResolutionSID": "S-1-5-21-1171287513-3642516788-2358256967-1001",
      "ResolutionSessionId": "1",
      "ResolutionExpirationDate": "0001-01-01 00:00:00",
      "DiagnosticModuleId": "{c0f51d84-11b9-4e74-b083-99f11ba2db0a}"
    },
    "RawXml": "<Event xmlns=\"http://schemas.microsoft.com/win/2004/08/events/event\"><System><Provider Name=\"Microsoft-Windows-Diagnosis-DPS\" Guid=\"{6bba3851-2c7e-4dea-8f54-31e5afd029e3}\"></Provider>\n<EventID Qualifiers=\"\">115</EventID>\n<Version>0</Version>\n<Level>4</Level>\n<Task>1</Task>\n<Opcode>15</Opcode>\n<Keywords>0x4000000800000000</Keywords>\n<TimeCreated SystemTime=\"2014-01-25 07:28:42.039093+00:00\"></TimeCreated>\n<EventRecordID>90</EventRecordID>\n<Correlation ActivityID=\"{7be8f615-4993-4cb8-993e-c6da36d50721}\" RelatedActivityID=\"\"></Correlation>\n<Execution ProcessID=\"1268\" ThreadID=\"1252\"></Execution>\n<Channel>Microsoft-Windows-Diagnosis-DPS/Operational</Channel>\n<Computer>IACIS-HDD-2014</Computer>\n<Security UserID=\"S-1-5-19\"></Security>\n</System>\n<EventData><Data Name=\"ScenarioId\">{739ff6cf-5033-428c-9e2f-582096482dd5}</Data>\n<Data Name=\"InstanceId\">{7be8f615-4993-4cb8-993e-c6da36d50721}</Data>\n<Data Name=\"OriginalActivityId\">{00000000-0000-0000-0000-000000000000}</Data>\n<Data Name=\"DiagnosticModuleImageName\">%windir%\\system32\\radardt.dll</Data>\n<Data Name=\"ResolutionId\">{5ee64afb-398d-4edb-af71-3b830219abf7}</Data>\n<Data Name=\"ResolutionSID\">S-1-5-21-1171287513-3642516788-2358256967-1001</Data>\n<Data Name=\"ResolutionSessionId\">1</Data>\n<Data Name=\"ResolutionExpirationDate\">0001-01-01 00:00:00</Data>\n<Data Name=\"DiagnosticModuleId\">{c0f51d84-11b9-4e74-b083-99f11ba2db0a}</Data>\n</EventData>\n</Event>\n"
  },
  {
    "EventID": 125,
    "Timestamp": "2014-01-25 07:28:42.054693+00:00",
    "Computer": "IACIS-HDD-2014",
    "Channel": "Microsoft-Windows-Diagnosis-DPS/Operational",
    "Level": "Information",
    "EventData": {
      "ScenarioId": "{739ff6cf-5033-428c-9e2f-582096482dd5}",
      "InstanceId": "{7be8f615-4993-4cb8-993e-c6da36d50721}",
      "OriginalActivityId": "{00000000-0000-0000-0000-000000000000}",
      "DiagnosticModuleImageName": "%windir%\\system32\\radarrs.dll",
      "DiagnosticModuleId": "{5ee64afb-398d-4edb-af71-3b830219abf7}"
    },
    "RawXml": "<Event xmlns=\"http://schemas.microsoft.com/win/2004/08/events/event\"><System><Provider Name=\"Microsoft-Windows-Diagnosis-DPS\" Guid=\"{6bba3851-2c7e-4dea-8f54-31e5afd029e3}\"></Provider>\n<EventID Qualifiers=\"\">125</EventID>\n<Version>0</Version>\n<Level>4</Level>\n<Task>1</Task>\n<Opcode>17</Opcode>\n<Keywords>0x4000000800000000</Keywords>\n<TimeCreated SystemTime=\"2014-01-25 07:28:42.054693+00:00\"></TimeCreated>\n<EventRecordID>91</EventRecordID>\n<Correlation ActivityID=\"{7be8f615-4993-4cb8-993e-c6da36d50721}\" RelatedActivityID=\"\"></Correlation>\n<Execution ProcessID=\"1268\" ThreadID=\"1252\"></Execution>\n<Channel>Microsoft-Windows-Diagnosis-DPS/Operational</Channel>\n<Computer>IACIS-HDD-2014</Computer>\n<Security UserID=\"S-1-5-19\"></Security>\n</System>\n<EventData><Data Name=\"ScenarioId\">{739ff6cf-5033-428c-9e2f-582096482dd5}</Data>\n<Data Name=\"InstanceId\">{7be8f615-4993-4cb8-993e-c6da36d50721}</Data>\n<Data Name=\"OriginalActivityId\">{00000000-0000-0000-0000-000000000000}</Data>\n<Data Name=\"DiagnosticModuleImageName\">%windir%\\system32\\radarrs.dll</Data>\n<Data Name=\"DiagnosticModuleId\">{5ee64afb-398d-4edb-af71-3b830219abf7}</Data>\n</EventData>\n</Event>\n"
  },
  {
    "EventID": 130,
    "Timestamp": "2014-01-25 07:28:42.475893+00:00",
    "Computer": "IACIS-HDD-2014",
    "Channel": "Microsoft-Windows-Diagnosis-DPS/Operational",
    "Level": "Information",
    "EventData": {
      "ScenarioId": "{739ff6cf-5033-428c-9e2f-582096482dd5}",
      "InstanceId": "{7be8f615-4993-4cb8-993e-c6da36d50721}",
      "OriginalActivityId": "{00000000-0000-0000-0000-000000000000}",
      "DiagnosticModuleImageName": "%windir%\\system32\\radarrs.dll",
      "DiagnosticModuleId": "{5ee64afb-398d-4edb-af71-3b830219abf7}"
    },
    "RawXml": "<Event xmlns=\"http://schemas.microsoft.com/win/2004/08/events/event\"><System><Provider Name=\"Microsoft-Windows-Diagnosis-DPS\" Guid=\"{6bba3851-2c7e-4dea-8f54-31e5afd029e3}\"></Provider>\n<EventID Qualifiers=\"\">130</EventID>\n<Version>0</Version>\n<Level>4</Level>\n<Task>1</Task>\n<Opcode>19</Opcode>\n<Keywords>0x4000000800000000</Keywords>\n<TimeCreated SystemTime=\"2014-01-25 07:28:42.475893+00:00\"></TimeCreated>\n<EventRecordID>92</EventRecordID>\n<Correlation ActivityID=\"{7be8f615-4993-4cb8-993e-c6da36d50721}\" RelatedActivityID=\"\"></Correlation>\n<Execution ProcessID=\"1268\" ThreadID=\"1252\"></Execution>\n<Channel>Microsoft-Windows-Diagnosis-DPS/Operational</Channel>\n<Computer>IACIS-HDD-2014</Computer>\n<Security UserID=\"S-1-5-19\"></Security>\n</System>\n<EventData><Data Name=\"ScenarioId\">{739ff6cf-5033-428c-9e2f-582096482dd5}</Data>\n<Data Name=\"InstanceId\">{7be8f615-4993-4cb8-993e-c6da36d50721}</Data>\n<Data Name=\"OriginalActivityId\">{00000000-0000-0000-0000-000000000000}</Data>\n<Data Name=\"DiagnosticModuleImageName\">%windir%\\system32\\radarrs.dll</Data>\n<Data Name=\"DiagnosticModuleId\">{5ee64afb-398d-4edb-af71-3b830219abf7}</Data>\n</EventData>\n</Event>\n"
  },
  {
    "EventID": 100,
    "Timestamp": "2014-01-25 07:33:40.218018+00:00",
    "Computer": "IACIS-HDD-2014",
    "Channel": "Microsoft-Windows-Diagnosis-DPS/Operational",
    "Level": "Information",
    "EventData": {
      "ScenarioId": "{739ff6cf-5033-428c-9e2f-582096482dd5}",
      "InstanceId": "{42a9bf04-4bb8-4ab6-bbdb-44d9c5f6d3ed}",
      "OriginalActivityId": "{00000000-0000-0000-0000-000000000000}",
      "DiagnosticModuleImageName": "%windir%\\system32\\radardt.dll",
      "DiagnosticModuleId": "{c0f51d84-11b9-4e74-b083-99f11ba2db0a}"
    },
    "RawXml": "<Event xmlns=\"http://schemas.microsoft.com/win/2004/08/events/event\"><System><Provider Name=\"Microsoft-Windows-Diagnosis-DPS\" Guid=\"{6bba3851-2c7e-4dea-8f54-31e5afd029e3}\"></Provider>\n<EventID Qualifiers=\"\">100</EventID>\n<Version>0</Version>\n<Level>4</Level>\n<Task>1</Task>\n<Opcode>12</Opcode>\n<Keywords>0x4000000800000000</Keywords>\n<TimeCreated SystemTime=\"2014-01-25 07:33:40.218018+00:00\"></TimeCreated>\n<EventRecordID>93</EventRecordID>\n<Correlation ActivityID=\"{42a9bf04-4bb8-4ab6-bbdb-44d9c5f6d3ed}\" RelatedActivityID=\"\"></Correlation>\n<Execution ProcessID=\"1268\" ThreadID=\"2536\"></Execution>\n<Channel>Microsoft-Windows-Diagnosis-DPS/Operational</Channel>\n<Computer>IACIS-HDD-2014</Computer>\n<Security UserID=\"S-1-5-19\"></Security>\n</System>\n<EventData><Data Name=\"ScenarioId\">{739ff6cf-5033-428c-9e2f-582096482dd5}</Data>\n<Data Name=\"InstanceId\">{42a9bf04-4bb8-4ab6-bbdb-44d9c5f6d3ed}</Data>\n<Data Name=\"OriginalActivityId\">{00000000-0000-0000-0000-000000000000}</Data>\n<Data Name=\"DiagnosticModuleImageName\">%windir%\\system32\\radardt.dll</Data>\n<Data Name=\"DiagnosticModuleId\">{c0f51d84-11b9-4e74-b083-99f11ba2db0a}</Data>\n</EventData>\n</Event>\n"
  },
  {
    "EventID": 105,
    "Timestamp": "2014-01-25 07:33:40.218018+00:00",
    "Computer": "IACIS-HDD-2014",
    "Channel": "Microsoft-Windows-Diagnosis-DPS/Operational",
    "Level": "Information",
    "EventData": {
      "ScenarioId": "{739ff6cf-5033-428c-9e2f-582096482dd5}",
      "InstanceId": "{42a9bf04-4bb8-4ab6-bbdb-44d9c5f6d3ed}",
      "OriginalActivityId": "{00000000-0000-0000-0000-000000000000}",
      "DiagnosticModuleImageName": "%windir%\\system32\\radardt.dll",
      "DiagnosticModuleId": "{c0f51d84-11b9-4e74-b083-99f11ba2db0a}"
    },
    "RawXml": "<Event xmlns=\"http://schemas.microsoft.com/win/2004/08/events/event\"><System><Provider Name=\"Microsoft-Windows-Diagnosis-DPS\" Guid=\"{6bba3851-2c7e-4dea-8f54-31e5afd029e3}\"></Provider>\n<EventID Qualifiers=\"\">105</EventID>\n<Version>0</Version>\n<Level>4</Level>\n<Task>1</Task>\n<Opcode>13</Opcode>\n<Keywords>0x4000000800000000</Keywords>\n<TimeCreated SystemTime=\"2014-01-25 07:33:40.218018+00:00\"></TimeCreated>\n<EventRecordID>94</EventRecordID>\n<Correlation ActivityID=\"{42a9bf04-4bb8-4ab6-bbdb-44d9c5f6d3ed}\" RelatedActivityID=\"\"></Correlation>\n<Execution ProcessID=\"1268\" ThreadID=\"2536\"></Execution>\n<Channel>Microsoft-Windows-Diagnosis-DPS/Operational</Channel>\n<Computer>IACIS-HDD-2014</Computer>\n<Security UserID=\"S-1-5-19\"></Security>\n</System>\n<EventData><Data Name=\"ScenarioId\">{739ff6cf-5033-428c-9e2f-582096482dd5}</Data>\n<Data Name=\"InstanceId\">{42a9bf04-4bb8-4ab6-bbdb-44d9c5f6d3ed}</Data>\n<Data Name=\"OriginalActivityId\">{00000000-0000-0000-0000-000000000000}</Data>\n<Data Name=\"DiagnosticModuleImageName\">%windir%\\system32\\radardt.dll</Data>\n<Data Name=\"DiagnosticModuleId\">{c0f51d84-11b9-4e74-b083-99f11ba2db0a}</Data>\n</EventData>\n</Event>\n"
  },
  {
    "EventID": 115,
    "Timestamp": "2014-01-25 07:33:41.512819+00:00",
    "Computer": "IACIS-HDD-2014",
    "Channel": "Microsoft-Windows-Diagnosis-DPS/Operational",
    "Level": "Information",
    "EventData": {
      "ScenarioId": "{739ff6cf-5033-428c-9e2f-582096482dd5}",
      "InstanceId": "{42a9bf04-4bb8-4ab6-bbdb-44d9c5f6d3ed}",
      "OriginalActivityId": "{00000000-0000-0000-0000-000000000000}",
      "DiagnosticModuleImageName": "%windir%\\system32\\radardt.dll",
      "ResolutionId": "{5ee64afb-398d-4edb-af71-3b830219abf7}",
      "ResolutionSID": "S-1-5-21-1171287513-3642516788-2358256967-1001",
      "ResolutionSessionId": "1",
      "ResolutionExpirationDate": "0001-01-01 00:00:00",
      "DiagnosticModuleId": "{c0f51d84-11b9-4e74-b083-99f11ba2db0a}"
    },
    "RawXml": "<Event xmlns=\"http://schemas.microsoft.com/win/2004/08/events/event\"><System><Provider Name=\"Microsoft-Windows-Diagnosis-DPS\" Guid=\"{6bba3851-2c7e-4dea-8f54-31e5afd029e3}\"></Provider>\n<EventID Qualifiers=\"\">115</EventID>\n<Version>0</Version>\n<Level>4</Level>\n<Task>1</Task>\n<Opcode>15</Opcode>\n<Keywords>0x4000000800000000</Keywords>\n<TimeCreated SystemTime=\"2014-01-25 07:33:41.512819+00:00\"></TimeCreated>\n<EventRecordID>95</EventRecordID>\n<Correlation ActivityID=\"{42a9bf04-4bb8-4ab6-bbdb-44d9c5f6d3ed}\" RelatedActivityID=\"\"></Correlation>\n<Execution ProcessID=\"1268\" ThreadID=\"2536\"></Execution>\n<Channel>Microsoft-Windows-Diagnosis-DPS/Operational</Channel>\n<Computer>IACIS-HDD-2014</Computer>\n<Security UserID=\"S-1-5-19\"></Security>\n</System>\n<EventData><Data Name=\"ScenarioId\">{739ff6cf-5033-428c-9e2f-582096482dd5}</Data>\n<Data Name=\"InstanceId\">{42a9bf04-4bb8-4ab6-bbdb-44d9c5f6d3ed}</Data>\n<Data Name=\"OriginalActivityId\">{00000000-0000-0000-0000-000000000000}</Data>\n<Data Name=\"DiagnosticModuleImageName\">%windir%\\system32\\radardt.dll</Data>\n<Data Name=\"ResolutionId\">{5ee64afb-398d-4edb-af71-3b830219abf7}</Data>\n<Data Name=\"ResolutionSID\">S-1-5-21-1171287513-3642516788-2358256967-1001</Data>\n<Data Name=\"ResolutionSessionId\">1</Data>\n<Data Name=\"ResolutionExpirationDate\">0001-01-01 00:00:00</Data>\n<Data Name=\"DiagnosticModuleId\">{c0f51d84-11b9-4e74-b083-99f11ba2db0a}</Data>\n</EventData>\n</Event>\n"
  },
  {
    "EventID": 125,
    "Timestamp": "2014-01-25 07:33:41.512819+00:00",
    "Computer": "IACIS-HDD-2014",
    "Channel": "Microsoft-Windows-Diagnosis-DPS/Operational",
    "Level": "Information",
    "EventData": {
      "ScenarioId": "{739ff6cf-5033-428c-9e2f-582096482dd5}",
      "InstanceId": "{42a9bf04-4bb8-4ab6-bbdb-44d9c5f6d3ed}",
      "OriginalActivityId": "{00000000-0000-0000-0000-000000000000}",
      "DiagnosticModuleImageName": "%windir%\\system32\\radarrs.dll",
      "DiagnosticModuleId": "{5ee64afb-398d-4edb-af71-3b830219abf7}"
    },
    "RawXml": "<Event xmlns=\"http://schemas.microsoft.com/win/2004/08/events/event\"><System><Provider Name=\"Microsoft-Windows-Diagnosis-DPS\" Guid=\"{6bba3851-2c7e-4dea-8f54-31e5afd029e3}\"></Provider>\n<EventID Qualifiers=\"\">125</EventID>\n<Version>0</Version>\n<Level>4</Level>\n<Task>1</Task>\n<Opcode>17</Opcode>\n<Keywords>0x4000000800000000</Keywords>\n<TimeCreated SystemTime=\"2014-01-25 07:33:41.512819+00:00\"></TimeCreated>\n<EventRecordID>96</EventRecordID>\n<Correlation ActivityID=\"{42a9bf04-4bb8-4ab6-bbdb-44d9c5f6d3ed}\" RelatedActivityID=\"\"></Correlation>\n<Execution ProcessID=\"1268\" ThreadID=\"2536\"></Execution>\n<Channel>Microsoft-Windows-Diagnosis-DPS/Operational</Channel>\n<Computer>IACIS-HDD-2014</Computer>\n<Security UserID=\"S-1-5-19\"></Security>\n</System>\n<EventData><Data Name=\"ScenarioId\">{739ff6cf-5033-428c-9e2f-582096482dd5}</Data>\n<Data Name=\"InstanceId\">{42a9bf04-4bb8-4ab6-bbdb-44d9c5f6d3ed}</Data>\n<Data Name=\"OriginalActivityId\">{00000000-0000-0000-0000-000000000000}</Data>\n<Data Name=\"DiagnosticModuleImageName\">%windir%\\system32\\radarrs.dll</Data>\n<Data Name=\"DiagnosticModuleId\">{5ee64afb-398d-4edb-af71-3b830219abf7}</Data>\n</EventData>\n</Event>\n"
  },
  {
    "EventID": 130,
    "Timestamp": "2014-01-25 07:33:41.809219+00:00",
    "Computer": "IACIS-HDD-2014",
    "Channel": "Microsoft-Windows-Diagnosis-DPS/Operational",
    "Level": "Information",
    "EventData": {
      "ScenarioId": "{739ff6cf-5033-428c-9e2f-582096482dd5}",
      "InstanceId": "{42a9bf04-4bb8-4ab6-bbdb-44d9c5f6d3ed}",
      "OriginalActivityId": "{00000000-0000-0000-0000-000000000000}",
      "DiagnosticModuleImageName": "%windir%\\system32\\radarrs.dll",
      "DiagnosticModuleId": "{5ee64afb-398d-4edb-af71-3b830219abf7}"
    },
    "RawXml": "<Event xmlns=\"http://schemas.microsoft.com/win/2004/08/events/event\"><System><Provider Name=\"Microsoft-Windows-Diagnosis-DPS\" Guid=\"{6bba3851-2c7e-4dea-8f54-31e5afd029e3}\"></Provider>\n<EventID Qualifiers=\"\">130</EventID>\n<Version>0</Version>\n<Level>4</Level>\n<Task>1</Task>\n<Opcode>19</Opcode>\n<Keywords>0x4000000800000000</Keywords>\n<TimeCreated SystemTime=\"2014-01-25 07:33:41.809219+00:00\"></TimeCreated>\n<EventRecordID>97</EventRecordID>\n<Correlation ActivityID=\"{42a9bf04-4bb8-4ab6-bbdb-44d9c5f6d3ed}\" RelatedActivityID=\"\"></Correlation>\n<Execution ProcessID=\"1268\" ThreadID=\"2536\"></Execution>\n<Channel>Microsoft-Windows-Diagnosis-DPS/Operational</Channel>\n<Computer>IACIS-HDD-2014</Computer>\n<Security UserID=\"S-1-5-19\"></Security>\n</System>\n<EventData><Data Name=\"ScenarioId\">{739ff6cf-5033-428c-9e2f-582096482dd5}</Data>\n<Data Name=\"InstanceId\">{42a9bf04-4bb8-4ab6-bbdb-44d9c5f6d3ed}</Data>\n<Data Name=\"OriginalActivityId\">{00000000-0000-0000-0000-000000000000}</Data>\n<Data Name=\"DiagnosticModuleImageName\">%windir%\\system32\\radarrs.dll</Data>\n<Data Name=\"DiagnosticModuleId\">{5ee64afb-398d-4edb-af71-3b830219abf7}</Data>\n</EventData>\n</Event>\n"
  },
  {
    "EventID": 100,
    "Timestamp": "2014-01-25 07:38:40.190943+00:00",
    "Computer": "IACIS-HDD-2014",
    "Channel": "Microsoft-Windows-Diagnosis-DPS/Operational",
    "Level": "Information",
    "EventData": {
      "ScenarioId": "{739ff6cf-5033-428c-9e2f-582096482dd5}",
      "InstanceId": "{6dc0763b-50d2-4e99-9f20-f27174dab055}",
      "OriginalActivityId": "{00000000-0000-0000-0000-000000000000}",
      "DiagnosticModuleImageName": "%windir%\\system32\\radardt.dll",
      "DiagnosticModuleId": "{c0f51d84-11b9-4e74-b083-99f11ba2db0a}"
    },
    "RawXml": "<Event xmlns=\"http://schemas.microsoft.com/win/2004/08/events/event\"><System><Provider Name=\"Microsoft-Windows-Diagnosis-DPS\" Guid=\"{6bba3851-2c7e-4dea-8f54-31e5afd029e3}\"></Provider>\n<EventID Qualifiers=\"\">100</EventID>\n<Version>0</Version>\n<Level>4</Level>\n<Task>1</Task>\n<Opcode>12</Opcode>\n<Keywords>0x4000000800000000</Keywords>\n<TimeCreated SystemTime=\"2014-01-25 07:38:40.190943+00:00\"></TimeCreated>\n<EventRecordID>98</EventRecordID>\n<Correlation ActivityID=\"{6dc0763b-50d2-4e99-9f20-f27174dab055}\" RelatedActivityID=\"\"></Correlation>\n<Execution ProcessID=\"1268\" ThreadID=\"2508\"></Execution>\n<Channel>Microsoft-Windows-Diagnosis-DPS/Operational</Channel>\n<Computer>IACIS-HDD-2014</Computer>\n<Security UserID=\"S-1-5-19\"></Security>\n</System>\n<EventData><Data Name=\"ScenarioId\">{739ff6cf-5033-428c-9e2f-582096482dd5}</Data>\n<Data Name=\"InstanceId\">{6dc0763b-50d2-4e99-9f20-f27174dab055}</Data>\n<Data Name=\"OriginalActivityId\">{00000000-0000-0000-0000-000000000000}</Data>\n<Data Name=\"DiagnosticModuleImageName\">%windir%\\system32\\radardt.dll</Data>\n<Data Name=\"DiagnosticModuleId\">{c0f51d84-11b9-4e74-b083-99f11ba2db0a}</Data>\n</EventData>\n</Event>\n"
  },
  {
    "EventID": 105,
    "Timestamp": "2014-01-25 07:38:40.190943+00:00",
    "Computer": "IACIS-HDD-2014",
    "Channel": "Microsoft-Windows-Diagnosis-DPS/Operational",
    "Level": "Information",
    "EventData": {
      "ScenarioId": "{739ff6cf-5033-428c-9e2f-582096482dd5}",
      "InstanceId": "{6dc0763b-50d2-4e99-9f20-f27174dab055}",
      "OriginalActivityId": "{00000000-0000-0000-0000-000000000000}",
      "DiagnosticModuleImageName": "%windir%\\system32\\radardt.dll",
      "DiagnosticModuleId": "{c0f51d84-11b9-4e74-b083-99f11ba2db0a}"
    },
    "RawXml": "<Event xmlns=\"http://schemas.microsoft.com/win/2004/08/events/event\"><System><Provider Name=\"Microsoft-Windows-Diagnosis-DPS\" Guid=\"{6bba3851-2c7e-4dea-8f54-31e5afd029e3}\"></Provider>\n<EventID Qualifiers=\"\">105</EventID>\n<Version>0</Version>\n<Level>4</Level>\n<Task>1</Task>\n<Opcode>13</Opcode>\n<Keywords>0x4000000800000000</Keywords>\n<TimeCreated SystemTime=\"2014-01-25 07:38:40.190943+00:00\"></TimeCreated>\n<EventRecordID>99</EventRecordID>\n<Correlation ActivityID=\"{6dc0763b-50d2-4e99-9f20-f27174dab055}\" RelatedActivityID=\"\"></Correlation>\n<Execution ProcessID=\"1268\" ThreadID=\"2508\"></Execution>\n<Channel>Microsoft-Windows-Diagnosis-DPS/Operational</Channel>\n<Computer>IACIS-HDD-2014</Computer>\n<Security UserID=\"S-1-5-19\"></Security>\n</System>\n<EventData><Data Name=\"ScenarioId\">{739ff6cf-5033-428c-9e2f-582096482dd5}</Data>\n<Data Name=\"InstanceId\">{6dc0763b-50d2-4e99-9f20-f27174dab055}</Data>\n<Data Name=\"OriginalActivityId\">{00000000-0000-0000-0000-000000000000}</Data>\n<Data Name=\"DiagnosticModuleImageName\">%windir%\\system32\\radardt.dll</Data>\n<Data Name=\"DiagnosticModuleId\">{c0f51d84-11b9-4e74-b083-99f11ba2db0a}</Data>\n</EventData>\n</Event>\n"
  },
  {
    "EventID": 115,
    "Timestamp": "2014-01-25 07:38:41.688547+00:00",
    "Computer": "IACIS-HDD-2014",
    "Channel": "Microsoft-Windows-Diagnosis-DPS/Operational",
    "Level": "Information",
    "EventData": {
      "ScenarioId": "{739ff6cf-5033-428c-9e2f-582096482dd5}",
      "InstanceId": "{6dc0763b-50d2-4e99-9f20-f27174dab055}",
      "OriginalActivityId": "{00000000-0000-0000-0000-000000000000}",
      "DiagnosticModuleImageName": "%windir%\\system32\\radardt.dll",
      "ResolutionId": "{5ee64afb-398d-4edb-af71-3b830219abf7}",
      "ResolutionSID": "S-1-5-21-1171287513-3642516788-2358256967-1001",
      "ResolutionSessionId": "1",
      "ResolutionExpirationDate": "0001-01-01 00:00:00",
      "DiagnosticModuleId": "{c0f51d84-11b9-4e74-b083-99f11ba2db0a}"
    },
    "RawXml": "<Event xmlns=\"http://schemas.microsoft.com/win/2004/08/events/event\"><System><Provider Name=\"Microsoft-Windows-Diagnosis-DPS\" Guid=\"{6bba3851-2c7e-4dea-8f54-31e5afd029e3}\"></Provider>\n<EventID Qualifiers=\"\">115</EventID>\n<Version>0</Version>\n<Level>4</Level>\n<Task>1</Task>\n<Opcode>15</Opcode>\n<Keywords>0x4000000800000000</Keywords>\n<TimeCreated SystemTime=\"2014-01-25 07:38:41.688547+00:00\"></TimeCreated>\n<EventRecordID>100</EventRecordID>\n<Correlation ActivityID=\"{6dc0763b-50d2-4e99-9f20-f27174dab055}\" RelatedActivityID=\"\"></Correlation>\n<Execution ProcessID=\"1268\" ThreadID=\"2508\"></Execution>\n<Channel>Microsoft-Windows-Diagnosis-DPS/Operational</Channel>\n<Computer>IACIS-HDD-2014</Computer>\n<Security UserID=\"S-1-5-19\"></Security>\n</System>\n<EventData><Data Name=\"ScenarioId\">{739ff6cf-5033-428c-9e2f-582096482dd5}</Data>\n<Data Name=\"InstanceId\">{6dc0763b-50d2-4e99-9f20-f27174dab055}</Data>\n<Data Name=\"OriginalActivityId\">{00000000-0000-0000-0000-000000000000}</Data>\n<Data Name=\"DiagnosticModuleImageName\">%windir%\\system32\\radardt.dll</Data>\n<Data Name=\"ResolutionId\">{5ee64afb-398d-4edb-af71-3b830219abf7}</Data>\n<Data Name=\"ResolutionSID\">S-1-5-21-1171287513-3642516788-2358256967-1001</Data>\n<Data Name=\"ResolutionSessionId\">1</Data>\n<Data Name=\"ResolutionExpirationDate\">0001-01-01 00:00:00</Data>\n<Data Name=\"DiagnosticModuleId\">{c0f51d84-11b9-4e74-b083-99f11ba2db0a}</Data>\n</EventData>\n</Event>\n"
  },
  {
    "EventID": 125,
    "Timestamp": "2014-01-25 07:38:41.688547+00:00",
    "Computer": "IACIS-HDD-2014",
    "Channel": "Microsoft-Windows-Diagnosis-DPS/Operational",
    "Level": "Information",
    "EventData": {
      "ScenarioId": "{739ff6cf-5033-428c-9e2f-582096482dd5}",
      "InstanceId": "{6dc0763b-50d2-4e99-9f20-f27174dab055}",
      "OriginalActivityId": "{00000000-0000-0000-0000-000000000000}",
      "DiagnosticModuleImageName": "%windir%\\system32\\radarrs.dll",
      "DiagnosticModuleId": "{5ee64afb-398d-4edb-af71-3b830219abf7}"
    },
    "RawXml": "<Event xmlns=\"http://schemas.microsoft.com/win/2004/08/events/event\"><System><Provider Name=\"Microsoft-Windows-Diagnosis-DPS\" Guid=\"{6bba3851-2c7e-4dea-8f54-31e5afd029e3}\"></Provider>\n<EventID Qualifiers=\"\">125</EventID>\n<Version>0</Version>\n<Level>4</Level>\n<Task>1</Task>\n<Opcode>17</Opcode>\n<Keywords>0x4000000800000000</Keywords>\n<TimeCreated SystemTime=\"2014-01-25 07:38:41.688547+00:00\"></TimeCreated>\n<EventRecordID>101</EventRecordID>\n<Correlation ActivityID=\"{6dc0763b-50d2-4e99-9f20-f27174dab055}\" RelatedActivityID=\"\"></Correlation>\n<Execution ProcessID=\"1268\" ThreadID=\"2508\"></Execution>\n<Channel>Microsoft-Windows-Diagnosis-DPS/Operational</Channel>\n<Computer>IACIS-HDD-2014</Computer>\n<Security UserID=\"S-1-5-19\"></Security>\n</System>\n<EventData><Data Name=\"ScenarioId\">{739ff6cf-5033-428c-9e2f-582096482dd5}</Data>\n<Data Name=\"InstanceId\">{6dc0763b-50d2-4e99-9f20-f27174dab055}</Data>\n<Data Name=\"OriginalActivityId\">{00000000-0000-0000-0000-000000000000}</Data>\n<Data Name=\"DiagnosticModuleImageName\">%windir%\\system32\\radarrs.dll</Data>\n<Data Name=\"DiagnosticModuleId\">{5ee64afb-398d-4edb-af71-3b830219abf7}</Data>\n</EventData>\n</Event>\n"
  },
  {
    "EventID": 130,
    "Timestamp": "2014-01-25 07:38:41.953747+00:00",
    "Computer": "IACIS-HDD-2014",
    "Channel": "Microsoft-Windows-Diagnosis-DPS/Operational",
    "Level": "Information",
    "EventData": {
      "ScenarioId": "{739ff6cf-5033-428c-9e2f-582096482dd5}",
      "InstanceId": "{6dc0763b-50d2-4e99-9f20-f27174dab055}",
      "OriginalActivityId": "{00000000-0000-0000-0000-000000000000}",
      "DiagnosticModuleImageName": "%windir%\\system32\\radarrs.dll",
      "DiagnosticModuleId": "{5ee64afb-398d-4edb-af71-3b830219abf7}"
    },
    "RawXml": "<Event xmlns=\"http://schemas.microsoft.com/win/2004/08/events/event\"><System><Provider Name=\"Microsoft-Windows-Diagnosis-DPS\" Guid=\"{6bba3851-2c7e-4dea-8f54-31e5afd029e3}\"></Provider>\n<EventID Qualifiers=\"\">130</EventID>\n<Version>0</Version>\n<Level>4</Level>\n<Task>1</Task>\n<Opcode>19</Opcode>\n<Keywords>0x4000000800000000</Keywords>\n<TimeCreated SystemTime=\"2014-01-25 07:38:41.953747+00:00\"></TimeCreated>\n<EventRecordID>102</EventRecordID>\n<Correlation ActivityID=\"{6dc0763b-50d2-4e99-9f20-f27174dab055}\" RelatedActivityID=\"\"></Correlation>\n<Execution ProcessID=\"1268\" ThreadID=\"2508\"></Execution>\n<Channel>Microsoft-Windows-Diagnosis-DPS/Operational</Channel>\n<Computer>IACIS-HDD-2014</Computer>\n<Security UserID=\"S-1-5-19\"></Security>\n</System>\n<EventData><Data Name=\"ScenarioId\">{739ff6cf-5033-428c-9e2f-582096482dd5}</Data>\n<Data Name=\"InstanceId\">{6dc0763b-50d2-4e99-9f20-f27174dab055}</Data>\n<Data Name=\"OriginalActivityId\">{00000000-0000-0000-0000-000000000000}</Data>\n<Data Name=\"DiagnosticModuleImageName\">%windir%\\system32\\radarrs.dll</Data>\n<Data Name=\"DiagnosticModuleId\">{5ee64afb-398d-4edb-af71-3b830219abf7}</Data>\n</EventData>\n</Event>\n"
  },
  {
    "EventID": 100,
    "Timestamp": "2014-01-25 07:43:40.241871+00:00",
    "Computer": "IACIS-HDD-2014",
    "Channel": "Microsoft-Windows-Diagnosis-DPS/Operational",
    "Level": "Information",
    "EventData": {
      "ScenarioId": "{739ff6cf-5033-428c-9e2f-582096482dd5}",
      "InstanceId": "{1b2d52bb-2ec8-4770-a605-3a2a56ed5149}",
      "OriginalActivityId": "{00000000-0000-0000-0000-000000000000}",
      "DiagnosticModuleImageName": "%windir%\\system32\\radardt.dll",
      "DiagnosticModuleId": "{c0f51d84-11b9-4e74-b083-99f11ba2db0a}"
    },
    "RawXml": "<Event xmlns=\"http://schemas.microsoft.com/win/2004/08/events/event\"><System><Provider Name=\"Microsoft-Windows-Diagnosis-DPS\" Guid=\"{6bba3851-2c7e-4dea-8f54-31e5afd029e3}\"></Provider>\n<EventID Qualifiers=\"\">100</EventID>\n<Version>0</Version>\n<Level>4</Level>\n<Task>1</Task>\n<Opcode>12</Opcode>\n<Keywords>0x4000000800000000</Keywords>\n<TimeCreated SystemTime=\"2014-01-25 07:43:40.241871+00:00\"></TimeCreated>\n<EventRecordID>103</EventRecordID>\n<Correlation ActivityID=\"{1b2d52bb-2ec8-4770-a605-3a2a56ed5149}\" RelatedActivityID=\"\"></Correlation>\n<Execution ProcessID=\"1268\" ThreadID=\"604\"></Execution>\n<Channel>Microsoft-Windows-Diagnosis-DPS/Operational</Channel>\n<Computer>IACIS-HDD-2014</Computer>\n<Security UserID=\"S-1-5-19\"></Security>\n</System>\n<EventData><Data Name=\"ScenarioId\">{739ff6cf-5033-428c-9e2f-582096482dd5}</Data>\n<Data Name=\"InstanceId\">{1b2d52bb-2ec8-4770-a605-3a2a56ed5149}</Data>\n<Data Name=\"OriginalActivityId\">{00000000-0000-0000-0000-000000000000}</Data>\n<Data Name=\"DiagnosticModuleImageName\">%windir%\\system32\\radardt.dll</Data>\n<Data Name=\"DiagnosticModuleId\">{c0f51d84-11b9-4e74-b083-99f11ba2db0a}</Data>\n</EventData>\n</Event>\n"
  },
  {
    "EventID": 105,
    "Timestamp": "2014-01-25 07:43:40.241871+00:00",
    "Computer": "IACIS-HDD-2014",
    "Channel": "Microsoft-Windows-Diagnosis-DPS/Operational",
    "Level": "Information",
    "EventData": {
      "ScenarioId": "{739ff6cf-5033-428c-9e2f-582096482dd5}",
      "InstanceId": "{1b2d52bb-2ec8-4770-a605-3a2a56ed5149}",
      "OriginalActivityId": "{00000000-0000-0000-0000-000000000000}",
      "DiagnosticModuleImageName": "%windir%\\system32\\radardt.dll",
      "DiagnosticModuleId": "{c0f51d84-11b9-4e74-b083-99f11ba2db0a}"
    },
    "RawXml": "<Event xmlns=\"http://schemas.microsoft.com/win/2004/08/events/event\"><System><Provider Name=\"Microsoft-Windows-Diagnosis-DPS\" Guid=\"{6bba3851-2c7e-4dea-8f54-31e5afd029e3}\"></Provider>\n<EventID Qualifiers=\"\">105</EventID>\n<Version>0</Version>\n<Level>4</Level>\n<Task>1</Task>\n<Opcode>13</Opcode>\n<Keywords>0x4000000800000000</Keywords>\n<TimeCreated SystemTime=\"2014-01-25 07:43:40.241871+00:00\"></TimeCreated>\n<EventRecordID>104</EventRecordID>\n<Correlation ActivityID=\"{1b2d52bb-2ec8-4770-a605-3a2a56ed5149}\" RelatedActivityID=\"\"></Correlation>\n<Execution ProcessID=\"1268\" ThreadID=\"604\"></Execution>\n<Channel>Microsoft-Windows-Diagnosis-DPS/Operational</Channel>\n<Computer>IACIS-HDD-2014</Computer>\n<Security UserID=\"S-1-5-19\"></Security>\n</System>\n<EventData><Data Name=\"ScenarioId\">{739ff6cf-5033-428c-9e2f-582096482dd5}</Data>\n<Data Name=\"InstanceId\">{1b2d52bb-2ec8-4770-a605-3a2a56ed5149}</Data>\n<Data Name=\"OriginalActivityId\">{00000000-0000-0000-0000-000000000000}</Data>\n<Data Name=\"DiagnosticModuleImageName\">%windir%\\system32\\radardt.dll</Data>\n<Data Name=\"DiagnosticModuleId\">{c0f51d84-11b9-4e74-b083-99f11ba2db0a}</Data>\n</EventData>\n</Event>\n"
  },
