[
  {
    "EventID": 1006,
    "Timestamp": "2014-01-25 04:20:54.702242+00:00",
    "Computer": "37L4247F27-25",
    "Channel": "Microsoft-Windows-Dhcpv6-Client/Admin",
    "Level": "Information",
    "EventData": {
      "InterfaceId": "17",
      "Flag1": "True",
      "Flag2": "True"
    },
    "RawXml": "<Event xmlns=\"http://schemas.microsoft.com/win/2004/08/events/event\"><System><Provider Name=\"Microsoft-Windows-DHCPv6-Client\" Guid=\"{6a1f2b00-6a90-4c38-95a5-5cab3b056778}\"></Provider>\n<EventID Qualifiers=\"\">1006</EventID>\n<Version>0</Version>\n<Level>4</Level>\n<Task>1</Task>\n<Opcode>13</Opcode>\n<Keywords>0x8000000000000000</Keywords>\n<TimeCreated SystemTime=\"2014-01-25 04:20:54.702242+00:00\"></TimeCreated>\n<EventRecordID>1</EventRecordID>\n<Correlation ActivityID=\"\" RelatedActivityID=\"\"></Correlation>\n<Execution ProcessID=\"812\" ThreadID=\"828\"></Execution>\n<Channel>Microsoft-Windows-Dhcpv6-Client/Admin</Channel>\n<Computer>37L4247F27-25</Computer>\n<Security UserID=\"S-1-5-19\"></Security>\n</System>\n<EventData><Data Name=\"InterfaceId\">17</Data>\n<Data Name=\"Flag1\">True</Data>\n<Data Name=\"Flag2\">True</Data>\n</EventData>\n</Event>\n"
  },
  {
    "EventID": 1006,
    "Timestamp": "2014-01-25 13:39:24.117437+00:00",
    "Computer": "IACIS-HDD-2014",
    "Channel": "Microsoft-Windows-Dhcpv6-Client/Admin",
    "Level": "Information",
    "EventData": {
      "InterfaceId": "12",
      "Flag1": "True",
      "Flag2": "True"
    },
    "RawXml": "<Event xmlns=\"http://schemas.microsoft.com/win/2004/08/events/event\"><System><Provider Name=\"Microsoft-Windows-DHCPv6-Client\" Guid=\"{6a1f2b00-6a90-4c38-95a5-5cab3b056778}\"></Provider>\n<EventID Qualifiers=\"\">1006</EventID>\n<Version>0</Version>\n<Level>4</Level>\n<Task>1</Task>\n<Opcode>13</Opcode>\n<Keywords>0x8000000000000000</Keywords>\n<TimeCreated SystemTime=\"2014-01-25 13:39:24.117437+00:00\"></TimeCreated>\n<EventRecordID>2</EventRecordID>\n<Correlation ActivityID=\"\" RelatedActivityID=\"\"></Correlation>\n<Execution ProcessID=\"744\" ThreadID=\"2092\"></Execution>\n<Channel>Microsoft-Windows-Dhcpv6-Client/Admin</Channel>\n<Computer>IACIS-HDD-2014</Computer>\n<Security UserID=\"S-1-5-19\"></Security>\n</System>\n<EventData><Data Name=\"InterfaceId\">12</Data>\n<Data Name=\"Flag1\">True</Data>\n<Data Name=\"Flag2\">True</Data>\n</EventData>\n</Event>\n"
  },
  {
    "EventID": 1006,
    "Timestamp": "2014-02-04 14:11:44.182468+00:00",
    "Computer": "IACIS-HDD-2014",
    "Channel": "Microsoft-Windows-Dhcpv6-Client/Admin",
    "Level": "Information",
    "EventData": {
      "InterfaceId": "12",
      "Flag1": "True",
      "Flag2": "True"
    },
    "RawXml": "<Event xmlns=\"http://schemas.microsoft.com/win/2004/08/events/event\"><System><Provider Name=\"Microsoft-Windows-DHCPv6-Client\" Guid=\"{6a1f2b00-6a90-4c38-95a5-5cab3b056778}\"></Provider>\n<EventID Qualifiers=\"\">1006</EventID>\n<Version>0</Version>\n<Level>4</Level>\n<Task>1</Task>\n<Opcode>13</Opcode>\n<Keywords>0x8000000000000000</Keywords>\n<TimeCreated SystemTime=\"2014-02-04 14:11:44.182468+00:00\"></TimeCreated>\n<EventRecordID>3</EventRecordID>\n<Correlation ActivityID=\"\" RelatedActivityID=\"\"></Correlation>\n<Execution ProcessID=\"872\" ThreadID=\"896\"></Execution>\n<Channel>Microsoft-Windows-Dhcpv6-Client/Admin</Channel>\n<Computer>IACIS-HDD-2014</Computer>\n<Security UserID=\"S-1-5-19\"></Security>\n</System>\n<EventData><Data Name=\"InterfaceId\">12</Data>\n<Data Name=\"Flag1\">True</Data>\n<Data Name=\"Flag2\">True</Data>\n</EventData>\n</Event>\n"
  },
  {
    "EventID": 1006,
    "Timestamp": "2014-02-05 18:19:09.665138+00:00",
    "Computer": "IACIS-HDD-2014",
    "Channel": "Microsoft-Windows-Dhcpv6-Client/Admin",
    "Level": "Information",
    "EventData": {
      "InterfaceId": "14",
      "Flag1": "False",
      "Flag2": "False"
    },
    "RawXml": "<Event xmlns=\"http://schemas.microsoft.com/win/2004/08/events/event\"><System><Provider Name=\"Microsoft-Windows-DHCPv6-Client\" Guid=\"{6a1f2b00-6a90-4c38-95a5-5cab3b056778}\"></Provider>\n<EventID Qualifiers=\"\">1006</EventID>\n<Version>0</Version>\n<Level>4</Level>\n<Task>1</Task>\n<Opcode>13</Opcode>\n<Keywords>0x8000000000000000</Keywords>\n<TimeCreated SystemTime=\"2014-02-05 18:19:09.665138+00:00\"></TimeCreated>\n<EventRecordID>4</EventRecordID>\n<Correlation ActivityID=\"\" RelatedActivityID=\"\"></Correlation>\n<Execution ProcessID=\"896\" ThreadID=\"3568\"></Execution>\n<Channel>Microsoft-Windows-Dhcpv6-Client/Admin</Channel>\n<Computer>IACIS-HDD-2014</Computer>\n<Security UserID=\"S-1-5-19\"></Security>\n</System>\n<EventData><Data Name=\"InterfaceId\">14</Data>\n<Data Name=\"Flag1\">False</Data>\n<Data Name=\"Flag2\">False</Data>\n</EventData>\n</Event>\n"
  },
  {
    "EventID": 1006,
    "Timestamp": "2014-02-05 18:21:08.646547+00:00",
    "Computer": "IACIS-HDD-2014",
    "Channel": "Microsoft-Windows-Dhcpv6-Client/Admin",
    "Level": "Information",
    "EventData": {
      "InterfaceId": "14",
      "Flag1": "False",
      "Flag2": "False"
    },
    "RawXml": "<Event xmlns=\"http://schemas.microsoft.com/win/2004/08/events/event\"><System><Provider Name=\"Microsoft-Windows-DHCPv6-Client\" Guid=\"{6a1f2b00-6a90-4c38-95a5-5cab3b056778}\"></Provider>\n<EventID Qualifiers=\"\">1006</EventID>\n<Version>0</Version>\n<Level>4</Level>\n<Task>1</Task>\n<Opcode>13</Opcode>\n<Keywords>0x8000000000000000</Keywords>\n<TimeCreated SystemTime=\"2014-02-05 18:21:08.646547+00:00\"></TimeCreated>\n<EventRecordID>5</EventRecordID>\n<Correlation ActivityID=\"\" RelatedActivityID=\"\"></Correlation>\n<Execution ProcessID=\"896\" ThreadID=\"3300\"></Execution>\n<Channel>Microsoft-Windows-Dhcpv6-Client/Admin</Channel>\n<Computer>IACIS-HDD-2014</Computer>\n<Security UserID=\"S-1-5-19\"></Security>\n</System>\n<EventData><Data Name=\"InterfaceId\">14</Data>\n<Data Name=\"Flag1\">False</Data>\n<Data Name=\"Flag2\">False</Data>\n</EventData>\n</Event>\n"
  }
]