  {
    "EventID": 40,
    "Timestamp": "2014-02-04 14:20:08.654184+00:00",
    "Computer": "IACIS-HDD-2014",
    "Channel": "Microsoft-Windows-WindowsUpdateClient/Operational",
    "Level": "Information",
    "EventData": {
      "updateGuid": "{c1ad53e9-745c-4c1f-af05-dec1bc6e0266}",
      "updateRevisionNumber": "102"
    },
    "RawXml": "<Event xmlns=\"http://schemas.microsoft.com/win/2004/08/events/event\"><System><Provider Name=\"Microsoft-Windows-WindowsUpdateClient\" Guid=\"{945a8954-c147-4acd-923f-40c45405a658}\"></Provider>\n<EventID Qualifiers=\"\">40</EventID>\n<Version>0</Version>\n<Level>4</Level>\n<Task>1</Task>\n<Opcode>17</Opcode>\n<Keywords>0x4000000000000002</Keywords>\n<TimeCreated SystemTime=\"2014-02-04 14:20:08.654184+00:00\"></TimeCreated>\n<EventRecordID>634</EventRecordID>\n<Correlation ActivityID=\"\" RelatedActivityID=\"\"></Correlation>\n<Execution ProcessID=\"988\" ThreadID=\"2912\"></Execution>\n<Channel>Microsoft-Windows-WindowsUpdateClient/Operational</Channel>\n<Computer>IACIS-HDD-2014</Computer>\n<Security UserID=\"S-1-5-18\"></Security>\n</System>\n<EventData><Data Name=\"updateGuid\">{c1ad53e9-745c-4c1f-af05-dec1bc6e0266}</Data>\n<Data Name=\"updateRevisionNumber\">102</Data>\n</EventData>\n</Event>\n"
  },
  {
    "EventID": 40,
    "Timestamp": "2014-02-04 14:20:08.654184+00:00",
    "Computer": "IACIS-HDD-2014",
    "Channel": "Microsoft-Windows-WindowsUpdateClient/Operational",
    "Level": "Information",
    "EventData": {
      "updateGuid": "{aae5e2c7-3498-4f43-af66-aec06a59713f}",
      "updateRevisionNumber": "102"
    },
    "RawXml": "<Event xmlns=\"http://schemas.microsoft.com/win/2004/08/events/event\"><System><Provider Name=\"Microsoft-Windows-WindowsUpdateClient\" Guid=\"{945a8954-c147-4acd-923f-40c45405a658}\"></Provider>\n<EventID Qualifiers=\"\">40</EventID>\n<Version>0</Version>\n<Level>4</Level>\n<Task>1</Task>\n<Opcode>17</Opcode>\n<Keywords>0x4000000000000002</Keywords>\n<TimeCreated SystemTime=\"2014-02-04 14:20:08.654184+00:00\"></TimeCreated>\n<EventRecordID>635</EventRecordID>\n<Correlation ActivityID=\"\" RelatedActivityID=\"\"></Correlation>\n<Execution ProcessID=\"988\" ThreadID=\"2912\"></Execution>\n<Channel>Microsoft-Windows-WindowsUpdateClient/Operational</Channel>\n<Computer>IACIS-HDD-2014</Computer>\n<Security UserID=\"S-1-5-18\"></Security>\n</System>\n<EventData><Data Name=\"updateGuid\">{aae5e2c7-3498-4f43-af66-aec06a59713f}</Data>\n<Data Name=\"updateRevisionNumber\">102</Data>\n</EventData>\n</Event>\n"
  },
  {
    "EventID": 40,
    "Timestamp": "2014-02-04 14:20:08.654184+00:00",
    "Computer": "IACIS-HDD-2014",
    "Channel": "Microsoft-Windows-WindowsUpdateClient/Operational",
    "Level": "Information",
    "EventData": {
      "updateGuid": "{0dee1148-12c0-40ae-a64d-aab260186c20}",
      "updateRevisionNumber": "101"
    },
    "RawXml": "<Event xmlns=\"http://schemas.microsoft.com/win/2004/08/events/event\"><System><Provider Name=\"Microsoft-Windows-WindowsUpdateClient\" Guid=\"{945a8954-c147-4acd-923f-40c45405a658}\"></Provider>\n<EventID Qualifiers=\"\">40</EventID>\n<Version>0</Version>\n<Level>4</Level>\n<Task>1</Task>\n<Opcode>17</Opcode>\n<Keywords>0x4000000000000002</Keywords>\n<TimeCreated SystemTime=\"2014-02-04 14:20:08.654184+00:00\"></TimeCreated>\n<EventRecordID>636</EventRecordID>\n<Correlation ActivityID=\"\" RelatedActivityID=\"\"></Correlation>\n<Execution ProcessID=\"988\" ThreadID=\"2912\"></Execution>\n<Channel>Microsoft-Windows-WindowsUpdateClient/Operational</Channel>\n<Computer>IACIS-HDD-2014</Computer>\n<Security UserID=\"S-1-5-18\"></Security>\n</System>\n<EventData><Data Name=\"updateGuid\">{0dee1148-12c0-40ae-a64d-aab260186c20}</Data>\n<Data Name=\"updateRevisionNumber\">101</Data>\n</EventData>\n</Event>\n"
  },
  {
    "EventID": 40,
    "Timestamp": "2014-02-04 14:20:08.654184+00:00",
    "Computer": "IACIS-HDD-2014",
    "Channel": "Microsoft-Windows-WindowsUpdateClient/Operational",
    "Level": "Information",
    "EventData": {
      "updateGuid": "{9a6ada7b-27ff-40d7-a77e-403f6b4ddea7}",
      "updateRevisionNumber": "101"
    },
    "RawXml": "<Event xmlns=\"http://schemas.microsoft.com/win/2004/08/events/event\"><System><Provider Name=\"Microsoft-Windows-WindowsUpdateClient\" Guid=\"{945a8954-c147-4acd-923f-40c45405a658}\"></Provider>\n<EventID Qualifiers=\"\">40</EventID>\n<Version>0</Version>\n<Level>4</Level>\n<Task>1</Task>\n<Opcode>17</Opcode>\n<Keywords>0x4000000000000002</Keywords>\n<TimeCreated SystemTime=\"2014-02-04 14:20:08.654184+00:00\"></TimeCreated>\n<EventRecordID>637</EventRecordID>\n<Correlation ActivityID=\"\" RelatedActivityID=\"\"></Correlation>\n<Execution ProcessID=\"988\" ThreadID=\"2912\"></Execution>\n<Channel>Microsoft-Windows-WindowsUpdateClient/Operational</Channel>\n<Computer>IACIS-HDD-2014</Computer>\n<Security UserID=\"S-1-5-18\"></Security>\n</System>\n<EventData><Data Name=\"updateGuid\">{9a6ada7b-27ff-40d7-a77e-403f6b4ddea7}</Data>\n<Data Name=\"updateRevisionNumber\">101</Data>\n</EventData>\n</Event>\n"
  },
  {
    "EventID": 40,
    "Timestamp": "2014-02-04 14:20:08.654184+00:00",
    "Computer": "IACIS-HDD-2014",
    "Channel": "Microsoft-Windows-WindowsUpdateClient/Operational",
    "Level": "Information",
    "EventData": {
      "updateGuid": "{3f08eed3-8fc3-4253-8fa9-f301430c4b24}",
      "updateRevisionNumber": "102"
    },
    "RawXml": "<Event xmlns=\"http://schemas.microsoft.com/win/2004/08/events/event\"><System><Provider Name=\"Microsoft-Windows-WindowsUpdateClient\" Guid=\"{945a8954-c147-4acd-923f-40c45405a658}\"></Provider>\n<EventID Qualifiers=\"\">40</EventID>\n<Version>0</Version>\n<Level>4</Level>\n<Task>1</Task>\n<Opcode>17</Opcode>\n<Keywords>0x4000000000000002</Keywords>\n<TimeCreated SystemTime=\"2014-02-04 14:20:08.654184+00:00\"></TimeCreated>\n<EventRecordID>638</EventRecordID>\n<Correlation ActivityID=\"\" RelatedActivityID=\"\"></Correlation>\n<Execution ProcessID=\"988\" ThreadID=\"2912\"></Execution>\n<Channel>Microsoft-Windows-WindowsUpdateClient/Operational</Channel>\n<Computer>IACIS-HDD-2014</Computer>\n<Security UserID=\"S-1-5-18\"></Security>\n</System>\n<EventData><Data Name=\"updateGuid\">{3f08eed3-8fc3-4253-8fa9-f301430c4b24}</Data>\n<Data Name=\"updateRevisionNumber\">102</Data>\n</EventData>\n</Event>\n"
  },
  {
    "EventID": 40,
    "Timestamp": "2014-02-04 14:20:08.654184+00:00",
    "Computer": "IACIS-HDD-2014",
    "Channel": "Microsoft-Windows-WindowsUpdateClient/Operational",
    "Level": "Information",
    "EventData": {
      "updateGuid": "{159c1695-cd85-4095-9576-3e52f3ccc04d}",
      "updateRevisionNumber": "104"
    },
    "RawXml": "<Event xmlns=\"http://schemas.microsoft.com/win/2004/08/events/event\"><System><Provider Name=\"Microsoft-Windows-WindowsUpdateClient\" Guid=\"{945a8954-c147-4acd-923f-40c45405a658}\"></Provider>\n<EventID Qualifiers=\"\">40</EventID>\n<Version>0</Version>\n<Level>4</Level>\n<Task>1</Task>\n<Opcode>17</Opcode>\n<Keywords>0x4000000000000002</Keywords>\n<TimeCreated SystemTime=\"2014-02-04 14:20:08.654184+00:00\"></TimeCreated>\n<EventRecordID>639</EventRecordID>\n<Correlation ActivityID=\"\" RelatedActivityID=\"\"></Correlation>\n<Execution ProcessID=\"988\" ThreadID=\"2912\"></Execution>\n<Channel>Microsoft-Windows-WindowsUpdateClient/Operational</Channel>\n<Computer>IACIS-HDD-2014</Computer>\n<Security UserID=\"S-1-5-18\"></Security>\n</System>\n<EventData><Data Name=\"updateGuid\">{159c1695-cd85-4095-9576-3e52f3ccc04d}</Data>\n<Data Name=\"updateRevisionNumber\">104</Data>\n</EventData>\n</Event>\n"
  },
  {
    "EventID": 40,
    "Timestamp": "2014-02-04 14:20:08.654184+00:00",
    "Computer": "IACIS-HDD-2014",
    "Channel": "Microsoft-Windows-WindowsUpdateClient/Operational",
    "Level": "Information",
    "EventData": {
      "updateGuid": "{8fbcc365-84e0-4799-be4d-db8c7eea3f01}",
      "updateRevisionNumber": "200"
    },
    "RawXml": "<Event xmlns=\"http://schemas.microsoft.com/win/2004/08/events/event\"><System><Provider Name=\"Microsoft-Windows-WindowsUpdateClient\" Guid=\"{945a8954-c147-4acd-923f-40c45405a658}\"></Provider>\n<EventID Qualifiers=\"\">40</EventID>\n<Version>0</Version>\n<Level>4</Level>\n<Task>1</Task>\n<Opcode>17</Opcode>\n<Keywords>0x4000000000000002</Keywords>\n<TimeCreated SystemTime=\"2014-02-04 14:20:08.654184+00:00\"></TimeCreated>\n<EventRecordID>640</EventRecordID>\n<Correlation ActivityID=\"\" RelatedActivityID=\"\"></Correlation>\n<Execution ProcessID=\"988\" ThreadID=\"2912\"></Execution>\n<Channel>Microsoft-Windows-WindowsUpdateClient/Operational</Channel>\n<Computer>IACIS-HDD-2014</Computer>\n<Security UserID=\"S-1-5-18\"></Security>\n</System>\n<EventData><Data Name=\"updateGuid\">{8fbcc365-84e0-4799-be4d-db8c7eea3f01}</Data>\n<Data Name=\"updateRevisionNumber\">200</Data>\n</EventData>\n</Event>\n"
  },
  {
    "EventID": 40,
    "Timestamp": "2014-02-04 14:20:08.654184+00:00",
    "Computer": "IACIS-HDD-2014",
    "Channel": "Microsoft-Windows-WindowsUpdateClient/Operational",
    "Level": "Information",
    "EventData": {
      "updateGuid": "{7da7f340-baed-4f38-baef-9409f65f08ad}",
      "updateRevisionNumber": "201"
    },
    "RawXml": "<Event xmlns=\"http://schemas.microsoft.com/win/2004/08/events/event\"><System><Provider Name=\"Microsoft-Windows-WindowsUpdateClient\" Guid=\"{945a8954-c147-4acd-923f-40c45405a658}\"></Provider>\n<EventID Qualifiers=\"\">40</EventID>\n<Version>0</Version>\n<Level>4</Level>\n<Task>1</Task>\n<Opcode>17</Opcode>\n<Keywords>0x4000000000000002</Keywords>\n<TimeCreated SystemTime=\"2014-02-04 14:20:08.654184+00:00\"></TimeCreated>\n<EventRecordID>641</EventRecordID>\n<Correlation ActivityID=\"\" RelatedActivityID=\"\"></Correlation>\n<Execution ProcessID=\"988\" ThreadID=\"2912\"></Execution>\n<Channel>Microsoft-Windows-WindowsUpdateClient/Operational</Channel>\n<Computer>IACIS-HDD-2014</Computer>\n<Security UserID=\"S-1-5-18\"></Security>\n</System>\n<EventData><Data Name=\"updateGuid\">{7da7f340-baed-4f38-baef-9409f65f08ad}</Data>\n<Data Name=\"updateRevisionNumber\">201</Data>\n</EventData>\n</Event>\n"
  },
  {
    "EventID": 40,
    "Timestamp": "2014-02-04 14:20:08.654184+00:00",
    "Computer": "IACIS-HDD-2014",
    "Channel": "Microsoft-Windows-WindowsUpdateClient/Operational",
    "Level": "Information",
    "EventData": {
      "updateGuid": "{fc7e731b-f4c9-44af-aaa8-952a614b4a64}",
      "updateRevisionNumber": "201"
    },
    "RawXml": "<Event xmlns=\"http://schemas.microsoft.com/win/2004/08/events/event\"><System><Provider Name=\"Microsoft-Windows-WindowsUpdateClient\" Guid=\"{945a8954-c147-4acd-923f-40c45405a658}\"></Provider>\n<EventID Qualifiers=\"\">40</EventID>\n<Version>0</Version>\n<Level>4</Level>\n<Task>1</Task>\n<Opcode>17</Opcode>\n<Keywords>0x4000000000000002</Keywords>\n<TimeCreated SystemTime=\"2014-02-04 14:20:08.654184+00:00\"></TimeCreated>\n<EventRecordID>642</EventRecordID>\n<Correlation ActivityID=\"\" RelatedActivityID=\"\"></Correlation>\n<Execution ProcessID=\"988\" ThreadID=\"2912\"></Execution>\n<Channel>Microsoft-Windows-WindowsUpdateClient/Operational</Channel>\n<Computer>IACIS-HDD-2014</Computer>\n<Security UserID=\"S-1-5-18\"></Security>\n</System>\n<EventData><Data Name=\"updateGuid\">{fc7e731b-f4c9-44af-aaa8-952a614b4a64}</Data>\n<Data Name=\"updateRevisionNumber\">201</Data>\n</EventData>\n</Event>\n"
  },
  {
    "EventID": 40,
    "Timestamp": "2014-02-04 14:20:08.654184+00:00",
    "Computer": "IACIS-HDD-2014",
    "Channel": "Microsoft-Windows-WindowsUpdateClient/Operational",
    "Level": "Information",
    "EventData": {
      "updateGuid": "{82d6547e-9f9c-47d8-8040-6a43e5a18c9e}",
      "updateRevisionNumber": "200"
    },
    "RawXml": "<Event xmlns=\"http://schemas.microsoft.com/win/2004/08/events/event\"><System><Provider Name=\"Microsoft-Windows-WindowsUpdateClient\" Guid=\"{945a8954-c147-4acd-923f-40c45405a658}\"></Provider>\n<EventID Qualifiers=\"\">40</EventID>\n<Version>0</Version>\n<Level>4</Level>\n<Task>1</Task>\n<Opcode>17</Opcode>\n<Keywords>0x4000000000000002</Keywords>\n<TimeCreated SystemTime=\"2014-02-04 14:20:08.654184+00:00\"></TimeCreated>\n<EventRecordID>643</EventRecordID>\n<Correlation ActivityID=\"\" RelatedActivityID=\"\"></Correlation>\n<Execution ProcessID=\"988\" ThreadID=\"2912\"></Execution>\n<Channel>Microsoft-Windows-WindowsUpdateClient/Operational</Channel>\n<Computer>IACIS-HDD-2014</Computer>\n<Security UserID=\"S-1-5-18\"></Security>\n</System>\n<EventData><Data Name=\"updateGuid\">{82d6547e-9f9c-47d8-8040-6a43e5a18c9e}</Data>\n<Data Name=\"updateRevisionNumber\">200</Data>\n</EventData>\n</Event>\n"
  },
  {
    "EventID": 40,
    "Timestamp": "2014-02-04 14:20:08.654184+00:00",
    "Computer": "IACIS-HDD-2014",
    "Channel": "Microsoft-Windows-WindowsUpdateClient/Operational",
    "Level": "Information",
    "EventData": {
      "updateGuid": "{a13356e5-6224-44e0-9020-9a3c924da131}",
      "updateRevisionNumber": "200"
    },
    "RawXml": "<Event xmlns=\"http://schemas.microsoft.com/win/2004/08/events/event\"><System><Provider Name=\"Microsoft-Windows-WindowsUpdateClient\" Guid=\"{945a8954-c147-4acd-923f-40c45405a658}\"></Provider>\n<EventID Qualifiers=\"\">40</EventID>\n<Version>0</Version>\n<Level>4</Level>\n<Task>1</Task>\n<Opcode>17</Opcode>\n<Keywords>0x4000000000000002</Keywords>\n<TimeCreated SystemTime=\"2014-02-04 14:20:08.654184+00:00\"></TimeCreated>\n<EventRecordID>644</EventRecordID>\n<Correlation ActivityID=\"\" RelatedActivityID=\"\"></Correlation>\n<Execution ProcessID=\"988\" ThreadID=\"2912\"></Execution>\n<Channel>Microsoft-Windows-WindowsUpdateClient/Operational</Channel>\n<Computer>IACIS-HDD-2014</Computer>\n<Security UserID=\"S-1-5-18\"></Security>\n</System>\n<EventData><Data Name=\"updateGuid\">{a13356e5-6224-44e0-9020-9a3c924da131}</Data>\n<Data Name=\"updateRevisionNumber\">200</Data>\n</EventData>\n</Event>\n"
  },
  {
    "EventID": 40,
    "Timestamp": "2014-02-04 14:20:08.654184+00:00",
    "Computer": "IACIS-HDD-2014",
    "Channel": "Microsoft-Windows-WindowsUpdateClient/Operational",
    "Level": "Information",
    "EventData": {
      "updateGuid": "{f61b102e-ce91-4086-94d0-fb199d7ce5ee}",
      "updateRevisionNumber": "200"
    },
    "RawXml": "<Event xmlns=\"http://schemas.microsoft.com/win/2004/08/events/event\"><System><Provider Name=\"Microsoft-Windows-WindowsUpdateClient\" Guid=\"{945a8954-c147-4acd-923f-40c45405a658}\"></Provider>\n<EventID Qualifiers=\"\">40</EventID>\n<Version>0</Version>\n<Level>4</Level>\n<Task>1</Task>\n<Opcode>17</Opcode>\n<Keywords>0x4000000000000002</Keywords>\n<TimeCreated SystemTime=\"2014-02-04 14:20:08.654184+00:00\"></TimeCreated>\n<EventRecordID>645</EventRecordID>\n<Correlation ActivityID=\"\" RelatedActivityID=\"\"></Correlation>\n<Execution ProcessID=\"988\" ThreadID=\"2912\"></Execution>\n<Channel>Microsoft-Windows-WindowsUpdateClient/Operational</Channel>\n<Computer>IACIS-HDD-2014</Computer>\n<Security UserID=\"S-1-5-18\"></Security>\n</System>\n<EventData><Data Name=\"updateGuid\">{f61b102e-ce91-4086-94d0-fb199d7ce5ee}</Data>\n<Data Name=\"updateRevisionNumber\">200</Data>\n</EventData>\n</Event>\n"
  },
  {
    "EventID": 40,
    "Timestamp": "2014-02-04 14:20:08.654184+00:00",
    "Computer": "IACIS-HDD-2014",
    "Channel": "Microsoft-Windows-WindowsUpdateClient/Operational",
    "Level": "Information",
    "EventData": {
      "updateGuid": "{a25841a9-c405-493e-96ca-996b42f622d4}",
      "updateRevisionNumber": "201"
    },
    "RawXml": "<Event xmlns=\"http://schemas.microsoft.com/win/2004/08/events/event\"><System><Provider Name=\"Microsoft-Windows-WindowsUpdateClient\" Guid=\"{945a8954-c147-4acd-923f-40c45405a658}\"></Provider>\n<EventID Qualifiers=\"\">40</EventID>\n<Version>0</Version>\n<Level>4</Level>\n<Task>1</Task>\n<Opcode>17</Opcode>\n<Keywords>0x4000000000000002</Keywords>\n<TimeCreated SystemTime=\"2014-02-04 14:20:08.654184+00:00\"></TimeCreated>\n<EventRecordID>646</EventRecordID>\n<Correlation ActivityID=\"\" RelatedActivityID=\"\"></Correlation>\n<Execution ProcessID=\"988\" ThreadID=\"2912\"></Execution>\n<Channel>Microsoft-Windows-WindowsUpdateClient/Operational</Channel>\n<Computer>IACIS-HDD-2014</Computer>\n<Security UserID=\"S-1-5-18\"></Security>\n</System>\n<EventData><Data Name=\"updateGuid\">{a25841a9-c405-493e-96ca-996b42f622d4}</Data>\n<Data Name=\"updateRevisionNumber\">201</Data>\n</EventData>\n</Event>\n"
  },
  {
    "EventID": 40,
    "Timestamp": "2014-02-04 14:20:08.654184+00:00",
    "Computer": "IACIS-HDD-2014",
    "Channel": "Microsoft-Windows-WindowsUpdateClient/Operational",
    "Level": "Information",
    "EventData": {
      "updateGuid": "{df5dbc4a-03bc-42b7-8595-1734615d523b}",
      "updateRevisionNumber": "200"
    },
    "RawXml": "<Event xmlns=\"http://schemas.microsoft.com/win/2004/08/events/event\"><System><Provider Name=\"Microsoft-Windows-WindowsUpdateClient\" Guid=\"{945a8954-c147-4acd-923f-40c45405a658}\"></Provider>\n<EventID Qualifiers=\"\">40</EventID>\n<Version>0</Version>\n<Level>4</Level>\n<Task>1</Task>\n<Opcode>17</Opcode>\n<Keywords>0x4000000000000002</Keywords>\n<TimeCreated SystemTime=\"2014-02-04 14:20:08.654184+00:00\"></TimeCreated>\n<EventRecordID>647</EventRecordID>\n<Correlation ActivityID=\"\" RelatedActivityID=\"\"></Correlation>\n<Execution ProcessID=\"988\" ThreadID=\"2912\"></Execution>\n<Channel>Microsoft-Windows-WindowsUpdateClient/Operational</Channel>\n<Computer>IACIS-HDD-2014</Computer>\n<Security UserID=\"S-1-5-18\"></Security>\n</System>\n<EventData><Data Name=\"updateGuid\">{df5dbc4a-03bc-42b7-8595-1734615d523b}</Data>\n<Data Name=\"updateRevisionNumber\">200</Data>\n</EventData>\n</Event>\n"
  },
  {
    "EventID": 40,
    "Timestamp": "2014-02-04 14:20:08.654184+00:00",
    "Computer": "IACIS-HDD-2014",
    "Channel": "Microsoft-Windows-WindowsUpdateClient/Operational",
    "Level": "Information",
    "EventData": {
      "updateGuid": "{49ddec56-93f2-48e7-98af-ecd54526d34c}",
      "updateRevisionNumber": "200"
    },
    "RawXml": "<Event xmlns=\"http://schemas.microsoft.com/win/2004/08/events/event\"><System><Provider Name=\"Microsoft-Windows-WindowsUpdateClient\" Guid=\"{945a8954-c147-4acd-923f-40c45405a658}\"></Provider>\n<EventID Qualifiers=\"\">40</EventID>\n<Version>0</Version>\n<Level>4</Level>\n<Task>1</Task>\n<Opcode>17</Opcode>\n<Keywords>0x4000000000000002</Keywords>\n<TimeCreated SystemTime=\"2014-02-04 14:20:08.654184+00:00\"></TimeCreated>\n<EventRecordID>648</EventRecordID>\n<Correlation ActivityID=\"\" RelatedActivityID=\"\"></Correlation>\n<Execution ProcessID=\"988\" ThreadID=\"2912\"></Execution>\n<Channel>Microsoft-Windows-WindowsUpdateClient/Operational</Channel>\n<Computer>IACIS-HDD-2014</Computer>\n<Security UserID=\"S-1-5-18\"></Security>\n</System>\n<EventData><Data Name=\"updateGuid\">{49ddec56-93f2-48e7-98af-ecd54526d34c}</Data>\n<Data Name=\"updateRevisionNumber\">200</Data>\n</EventData>\n</Event>\n"
  },
  {
    "EventID": 40,
    "Timestamp": "2014-02-04 14:20:08.654184+00:00",
    "Computer": "IACIS-HDD-2014",
    "Channel": "Microsoft-Windows-WindowsUpdateClient/Operational",
    "Level": "Information",
    "EventData": {
      "updateGuid": "{9e40eb5c-184a-494d-be46-8b140386179b}",
      "updateRevisionNumber": "200"
    },
    "RawXml": "<Event xmlns=\"http://schemas.microsoft.com/win/2004/08/events/event\"><System><Provider Name=\"Microsoft-Windows-WindowsUpdateClient\" Guid=\"{945a8954-c147-4acd-923f-40c45405a658}\"></Provider>\n<EventID Qualifiers=\"\">40</EventID>\n<Version>0</Version>\n<Level>4</Level>\n<Task>1</Task>\n<Opcode>17</Opcode>\n<Keywords>0x4000000000000002</Keywords>\n<TimeCreated SystemTime=\"2014-02-04 14:20:08.654184+00:00\"></TimeCreated>\n<EventRecordID>649</EventRecordID>\n<Correlation ActivityID=\"\" RelatedActivityID=\"\"></Correlation>\n<Execution ProcessID=\"988\" ThreadID=\"2912\"></Execution>\n<Channel>Microsoft-Windows-WindowsUpdateClient/Operational</Channel>\n<Computer>IACIS-HDD-2014</Computer>\n<Security UserID=\"S-1-5-18\"></Security>\n</System>\n<EventData><Data Name=\"updateGuid\">{9e40eb5c-184a-494d-be46-8b140386179b}</Data>\n<Data Name=\"updateRevisionNumber\">200</Data>\n</EventData>\n</Event>\n"
  },
  {
    "EventID": 40,
    "Timestamp": "2014-02-04 14:20:08.654184+00:00",
    "Computer": "IACIS-HDD-2014",
    "Channel": "Microsoft-Windows-WindowsUpdateClient/Operational",
    "Level": "Information",
    "EventData": {
      "updateGuid": "{1d83b446-7758-4e62-99d9-1f0ef2d3189b}",
      "updateRevisionNumber": "200"
    },
    "RawXml": "<Event xmlns=\"http://schemas.microsoft.com/win/2004/08/events/event\"><System><Provider Name=\"Microsoft-Windows-WindowsUpdateClient\" Guid=\"{945a8954-c147-4acd-923f-40c45405a658}\"></Provider>\n<EventID Qualifiers=\"\">40</EventID>\n<Version>0</Version>\n<Level>4</Level>\n<Task>1</Task>\n<Opcode>17</Opcode>\n<Keywords>0x4000000000000002</Keywords>\n<TimeCreated SystemTime=\"2014-02-04 14:20:08.654184+00:00\"></TimeCreated>\n<EventRecordID>650</EventRecordID>\n<Correlation ActivityID=\"\" RelatedActivityID=\"\"></Correlation>\n<Execution ProcessID=\"988\" ThreadID=\"2912\"></Execution>\n<Channel>Microsoft-Windows-WindowsUpdateClient/Operational</Channel>\n<Computer>IACIS-HDD-2014</Computer>\n<Security UserID=\"S-1-5-18\"></Security>\n</System>\n<EventData><Data Name=\"updateGuid\">{1d83b446-7758-4e62-99d9-1f0ef2d3189b}</Data>\n<Data Name=\"updateRevisionNumber\">200</Data>\n</EventData>\n</Event>\n"
  },
  {
    "EventID": 40,
    "Timestamp": "2014-02-04 14:20:08.654184+00:00",
    "Computer": "IACIS-HDD-2014",
    "Channel": "Microsoft-Windows-WindowsUpdateClient/Operational",
    "Level": "Information",
    "EventData": {
      "updateGuid": "{11795953-6e73-4fb3-95ab-660fb21d9ca2}",
      "updateRevisionNumber": "201"
    },
    "RawXml": "<Event xmlns=\"http://schemas.microsoft.com/win/2004/08/events/event\"><System><Provider Name=\"Microsoft-Windows-WindowsUpdateClient\" Guid=\"{945a8954-c147-4acd-923f-40c45405a658}\"></Provider>\n<EventID Qualifiers=\"\">40</EventID>\n<Version>0</Version>\n<Level>4</Level>\n<Task>1</Task>\n<Opcode>17</Opcode>\n<Keywords>0x4000000000000002</Keywords>\n<TimeCreated SystemTime=\"2014-02-04 14:20:08.654184+00:00\"></TimeCreated>\n<EventRecordID>651</EventRecordID>\n<Correlation ActivityID=\"\" RelatedActivityID=\"\"></Correlation>\n<Execution ProcessID=\"988\" ThreadID=\"2912\"></Execution>\n<Channel>Microsoft-Windows-WindowsUpdateClient/Operational</Channel>\n<Computer>IACIS-HDD-2014</Computer>\n<Security UserID=\"S-1-5-18\"></Security>\n</System>\n<EventData><Data Name=\"updateGuid\">{11795953-6e73-4fb3-95ab-660fb21d9ca2}</Data>\n<Data Name=\"updateRevisionNumber\">201</Data>\n</EventData>\n</Event>\n"
  },
  {
    "EventID": 40,
    "Timestamp": "2014-02-04 14:20:08.654184+00:00",
    "Computer": "IACIS-HDD-2014",
    "Channel": "Microsoft-Windows-WindowsUpdateClient/Operational",
    "Level": "Information",
    "EventData": {
      "updateGuid": "{754e411c-178e-434e-9080-fef42e5a8062}",
      "updateRevisionNumber": "201"
    },
    "RawXml": "<Event xmlns=\"http://schemas.microsoft.com/win/2004/08/events/event\"><System><Provider Name=\"Microsoft-Windows-WindowsUpdateClient\" Guid=\"{945a8954-c147-4acd-923f-40c45405a658}\"></Provider>\n<EventID Qualifiers=\"\">40</EventID>\n<Version>0</Version>\n<Level>4</Level>\n<Task>1</Task>\n<Opcode>17</Opcode>\n<Keywords>0x4000000000000002</Keywords>\n<TimeCreated SystemTime=\"2014-02-04 14:20:08.654184+00:00\"></TimeCreated>\n<EventRecordID>652</EventRecordID>\n<Correlation ActivityID=\"\" RelatedActivityID=\"\"></Correlation>\n<Execution ProcessID=\"988\" ThreadID=\"2912\"></Execution>\n<Channel>Microsoft-Windows-WindowsUpdateClient/Operational</Channel>\n<Computer>IACIS-HDD-2014</Computer>\n<Security UserID=\"S-1-5-18\"></Security>\n</System>\n<EventData><Data Name=\"updateGuid\">{754e411c-178e-434e-9080-fef42e5a8062}</Data>\n<Data Name=\"updateRevisionNumber\">201</Data>\n</EventData>\n</Event>\n"
  },
  {
    "EventID": 40,
    "Timestamp": "2014-02-04 14:20:08.654184+00:00",
    "Computer": "IACIS-HDD-2014",
    "Channel": "Microsoft-Windows-WindowsUpdateClient/Operational",
    "Level": "Information",
    "EventData": {
      "updateGuid": "{3a136f0e-cab0-4fa3-adee-349e667261c0}",
      "updateRevisionNumber": "200"
    },
    "RawXml": "<Event xmlns=\"http://schemas.microsoft.com/win/2004/08/events/event\"><System><Provider Name=\"Microsoft-Windows-WindowsUpdateClient\" Guid=\"{945a8954-c147-4acd-923f-40c45405a658}\"></Provider>\n<EventID Qualifiers=\"\">40</EventID>\n<Version>0</Version>\n<Level>4</Level>\n<Task>1</Task>\n<Opcode>17</Opcode>\n<Keywords>0x4000000000000002</Keywords>\n<TimeCreated SystemTime=\"2014-02-04 14:20:08.654184+00:00\"></TimeCreated>\n<EventRecordID>653</EventRecordID>\n<Correlation ActivityID=\"\" RelatedActivityID=\"\"></Correlation>\n<Execution ProcessID=\"988\" ThreadID=\"2912\"></Execution>\n<Channel>Microsoft-Windows-WindowsUpdateClient/Operational</Channel>\n<Computer>IACIS-HDD-2014</Computer>\n<Security UserID=\"S-1-5-18\"></Security>\n</System>\n<EventData><Data Name=\"updateGuid\">{3a136f0e-cab0-4fa3-adee-349e667261c0}</Data>\n<Data Name=\"updateRevisionNumber\">200</Data>\n</EventData>\n</Event>\n"
  },
  {
    "EventID": 40,
    "Timestamp": "2014-02-04 14:20:08.654184+00:00",
    "Computer": "IACIS-HDD-2014",
    "Channel": "Microsoft-Windows-WindowsUpdateClient/Operational",
    "Level": "Information",
    "EventData": {
      "updateGuid": "{67ec57de-47a3-4db2-8b0f-03c86317c812}",
      "updateRevisionNumber": "200"
    },
    "RawXml": "<Event xmlns=\"http://schemas.microsoft.com/win/2004/08/events/event\"><System><Provider Name=\"Microsoft-Windows-WindowsUpdateClient\" Guid=\"{945a8954-c147-4acd-923f-40c45405a658}\"></Provider>\n<EventID Qualifiers=\"\">40</EventID>\n<Version>0</Version>\n<Level>4</Level>\n<Task>1</Task>\n<Opcode>17</Opcode>\n<Keywords>0x4000000000000002</Keywords>\n<TimeCreated SystemTime=\"2014-02-04 14:20:08.654184+00:00\"></TimeCreated>\n<EventRecordID>654</EventRecordID>\n<Correlation ActivityID=\"\" RelatedActivityID=\"\"></Correlation>\n<Execution ProcessID=\"988\" ThreadID=\"2912\"></Execution>\n<Channel>Microsoft-Windows-WindowsUpdateClient/Operational</Channel>\n<Computer>IACIS-HDD-2014</Computer>\n<Security UserID=\"S-1-5-18\"></Security>\n</System>\n<EventData><Data Name=\"updateGuid\">{67ec57de-47a3-4db2-8b0f-03c86317c812}</Data>\n<Data Name=\"updateRevisionNumber\">200</Data>\n</EventData>\n</Event>\n"
  },
  {
    "EventID": 40,
    "Timestamp": "2014-02-04 14:20:08.654184+00:00",
    "Computer": "IACIS-HDD-2014",
    "Channel": "Microsoft-Windows-WindowsUpdateClient/Operational",
    "Level": "Information",
    "EventData": {
      "updateGuid": "{926154c9-115a-47c5-b6d1-f1db661fbcf0}",
      "updateRevisionNumber": "200"
    },
    "RawXml": "<Event xmlns=\"http://schemas.microsoft.com/win/2004/08/events/event\"><System><Provider Name=\"Microsoft-Windows-WindowsUpdateClient\" Guid=\"{945a8954-c147-4acd-923f-40c45405a658}\"></Provider>\n<EventID Qualifiers=\"\">40</EventID>\n<Version>0</Version>\n<Level>4</Level>\n<Task>1</Task>\n<Opcode>17</Opcode>\n<Keywords>0x4000000000000002</Keywords>\n<TimeCreated SystemTime=\"2014-02-04 14:20:08.654184+00:00\"></TimeCreated>\n<EventRecordID>655</EventRecordID>\n<Correlation ActivityID=\"\" RelatedActivityID=\"\"></Correlation>\n<Execution ProcessID=\"988\" ThreadID=\"2912\"></Execution>\n<Channel>Microsoft-Windows-WindowsUpdateClient/Operational</Channel>\n<Computer>IACIS-HDD-2014</Computer>\n<Security UserID=\"S-1-5-18\"></Security>\n</System>\n<EventData><Data Name=\"updateGuid\">{926154c9-115a-47c5-b6d1-f1db661fbcf0}</Data>\n<Data Name=\"updateRevisionNumber\">200</Data>\n</EventData>\n</Event>\n"
  },
  {
    "EventID": 40,
    "Timestamp": "2014-02-04 14:20:08.654184+00:00",
    "Computer": "IACIS-HDD-2014",
    "Channel": "Microsoft-Windows-WindowsUpdateClient/Operational",
    "Level": "Information",
    "EventData": {
      "updateGuid": "{653a43f1-4f82-47d4-9faf-de2adf996cd9}",
      "updateRevisionNumber": "201"
    },
    "RawXml": "<Event xmlns=\"http://schemas.microsoft.com/win/2004/08/events/event\"><System><Provider Name=\"Microsoft-Windows-WindowsUpdateClient\" Guid=\"{945a8954-c147-4acd-923f-40c45405a658}\"></Provider>\n<EventID Qualifiers=\"\">40</EventID>\n<Version>0</Version>\n<Level>4</Level>\n<Task>1</Task>\n<Opcode>17</Opcode>\n<Keywords>0x4000000000000002</Keywords>\n<TimeCreated SystemTime=\"2014-02-04 14:20:08.654184+00:00\"></TimeCreated>\n<EventRecordID>656</EventRecordID>\n<Correlation ActivityID=\"\" RelatedActivityID=\"\"></Correlation>\n<Execution ProcessID=\"988\" ThreadID=\"2912\"></Execution>\n<Channel>Microsoft-Windows-WindowsUpdateClient/Operational</Channel>\n<Computer>IACIS-HDD-2014</Computer>\n<Security UserID=\"S-1-5-18\"></Security>\n</System>\n<EventData><Data Name=\"updateGuid\">{653a43f1-4f82-47d4-9faf-de2adf996cd9}</Data>\n<Data Name=\"updateRevisionNumber\">201</Data>\n</EventData>\n</Event>\n"
  },
  {
    "EventID": 40,
    "Timestamp": "2014-02-04 14:20:08.654184+00:00",
    "Computer": "IACIS-HDD-2014",
    "Channel": "Microsoft-Windows-WindowsUpdateClient/Operational",
    "Level": "Information",
    "EventData": {
      "updateGuid": "{21cd110b-059d-471f-851c-ae015a8166a8}",
      "updateRevisionNumber": "200"
    },
    "RawXml": "<Event xmlns=\"http://schemas.microsoft.com/win/2004/08/events/event\"><System><Provider Name=\"Microsoft-Windows-WindowsUpdateClient\" Guid=\"{945a8954-c147-4acd-923f-40c45405a658}\"></Provider>\n<EventID Qualifiers=\"\">40</EventID>\n<Version>0</Version>\n<Level>4</Level>\n<Task>1</Task>\n<Opcode>17</Opcode>\n<Keywords>0x4000000000000002</Keywords>\n<TimeCreated SystemTime=\"2014-02-04 14:20:08.654184+00:00\"></TimeCreated>\n<EventRecordID>657</EventRecordID>\n<Correlation ActivityID=\"\" RelatedActivityID=\"\"></Correlation>\n<Execution ProcessID=\"988\" ThreadID=\"2912\"></Execution>\n<Channel>Microsoft-Windows-WindowsUpdateClient/Operational</Channel>\n<Computer>IACIS-HDD-2014</Computer>\n<Security UserID=\"S-1-5-18\"></Security>\n</System>\n<EventData><Data Name=\"updateGuid\">{21cd110b-059d-471f-851c-ae015a8166a8}</Data>\n<Data Name=\"updateRevisionNumber\">200</Data>\n</EventData>\n</Event>\n"
  },
  {
    "EventID": 40,
    "Timestamp": "2014-02-04 14:20:08.654184+00:00",
    "Computer": "IACIS-HDD-2014",
    "Channel": "Microsoft-Windows-WindowsUpdateClient/Operational",
    "Level": "Information",
    "EventData": {
      "updateGuid": "{fe52491c-800e-496b-bfce-4eaeab19b35a}",
      "updateRevisionNumber": "200"
    },
    "RawXml": "<Event xmlns=\"http://schemas.microsoft.com/win/2004/08/events/event\"><System><Provider Name=\"Microsoft-Windows-WindowsUpdateClient\" Guid=\"{945a8954-c147-4acd-923f-40c45405a658}\"></Provider>\n<EventID Qualifiers=\"\">40</EventID>\n<Version>0</Version>\n<Level>4</Level>\n<Task>1</Task>\n<Opcode>17</Opcode>\n<Keywords>0x4000000000000002</Keywords>\n<TimeCreated SystemTime=\"2014-02-04 14:20:08.654184+00:00\"></TimeCreated>\n<EventRecordID>658</EventRecordID>\n<Correlation ActivityID=\"\" RelatedActivityID=\"\"></Correlation>\n<Execution ProcessID=\"988\" ThreadID=\"2912\"></Execution>\n<Channel>Microsoft-Windows-WindowsUpdateClient/Operational</Channel>\n<Computer>IACIS-HDD-2014</Computer>\n<Security UserID=\"S-1-5-18\"></Security>\n</System>\n<EventData><Data Name=\"updateGuid\">{fe52491c-800e-496b-bfce-4eaeab19b35a}</Data>\n<Data Name=\"updateRevisionNumber\">200</Data>\n</EventData>\n</Event>\n"
  },
  {
    "EventID": 40,
    "Timestamp": "2014-02-04 14:20:08.654184+00:00",
    "Computer": "IACIS-HDD-2014",
    "Channel": "Microsoft-Windows-WindowsUpdateClient/Operational",
    "Level": "Information",
    "EventData": {
      "updateGuid": "{cd82f337-895d-4f5a-9c8b-640a1478fca0}",
      "updateRevisionNumber": "200"
    },
    "RawXml": "<Event xmlns=\"http://schemas.microsoft.com/win/2004/08/events/event\"><System><Provider Name=\"Microsoft-Windows-WindowsUpdateClient\" Guid=\"{945a8954-c147-4acd-923f-40c45405a658}\"></Provider>\n<EventID Qualifiers=\"\">40</EventID>\n<Version>0</Version>\n<Level>4</Level>\n<Task>1</Task>\n<Opcode>17</Opcode>\n<Keywords>0x4000000000000002</Keywords>\n<TimeCreated SystemTime=\"2014-02-04 14:20:08.654184+00:00\"></TimeCreated>\n<EventRecordID>659</EventRecordID>\n<Correlation ActivityID=\"\" RelatedActivityID=\"\"></Correlation>\n<Execution ProcessID=\"988\" ThreadID=\"2912\"></Execution>\n<Channel>Microsoft-Windows-WindowsUpdateClient/Operational</Channel>\n<Computer>IACIS-HDD-2014</Computer>\n<Security UserID=\"S-1-5-18\"></Security>\n</System>\n<EventData><Data Name=\"updateGuid\">{cd82f337-895d-4f5a-9c8b-640a1478fca0}</Data>\n<Data Name=\"updateRevisionNumber\">200</Data>\n</EventData>\n</Event>\n"
  },
  {
    "EventID": 40,
    "Timestamp": "2014-02-04 14:20:08.654184+00:00",
    "Computer": "IACIS-HDD-2014",
    "Channel": "Microsoft-Windows-WindowsUpdateClient/Operational",
    "Level": "Information",
    "EventData": {
      "updateGuid": "{d72afba3-193d-4374-b91d-6af4db6d0d45}",
      "updateRevisionNumber": "200"
    },
    "RawXml": "<Event xmlns=\"http://schemas.microsoft.com/win/2004/08/events/event\"><System><Provider Name=\"Microsoft-Windows-WindowsUpdateClient\" Guid=\"{945a8954-c147-4acd-923f-40c45405a658}\"></Provider>\n<EventID Qualifiers=\"\">40</EventID>\n<Version>0</Version>\n<Level>4</Level>\n<Task>1</Task>\n<Opcode>17</Opcode>\n<Keywords>0x4000000000000002</Keywords>\n<TimeCreated SystemTime=\"2014-02-04 14:20:08.654184+00:00\"></TimeCreated>\n<EventRecordID>660</EventRecordID>\n<Correlation ActivityID=\"\" RelatedActivityID=\"\"></Correlation>\n<Execution ProcessID=\"988\" ThreadID=\"2912\"></Execution>\n<Channel>Microsoft-Windows-WindowsUpdateClient/Operational</Channel>\n<Computer>IACIS-HDD-2014</Computer>\n<Security UserID=\"S-1-5-18\"></Security>\n</System>\n<EventData><Data Name=\"updateGuid\">{d72afba3-193d-4374-b91d-6af4db6d0d45}</Data>\n<Data Name=\"updateRevisionNumber\">200</Data>\n</EventData>\n</Event>\n"
  },
  {
    "EventID": 40,
    "Timestamp": "2014-02-04 14:20:08.654184+00:00",
    "Computer": "IACIS-HDD-2014",
    "Channel": "Microsoft-Windows-WindowsUpdateClient/Operational",
    "Level": "Information",
    "EventData": {
      "updateGuid": "{f58c530f-53f1-46af-b1eb-d04f3fe61e2c}",
      "updateRevisionNumber": "200"
    },
    "RawXml": "<Event xmlns=\"http://schemas.microsoft.com/win/2004/08/events/event\"><System><Provider Name=\"Microsoft-Windows-WindowsUpdateClient\" Guid=\"{945a8954-c147-4acd-923f-40c45405a658}\"></Provider>\n<EventID Qualifiers=\"\">40</EventID>\n<Version>0</Version>\n<Level>4</Level>\n<Task>1</Task>\n<Opcode>17</Opcode>\n<Keywords>0x4000000000000002</Keywords>\n<TimeCreated SystemTime=\"2014-02-04 14:20:08.654184+00:00\"></TimeCreated>\n<EventRecordID>661</EventRecordID>\n<Correlation ActivityID=\"\" RelatedActivityID=\"\"></Correlation>\n<Execution ProcessID=\"988\" ThreadID=\"2912\"></Execution>\n<Channel>Microsoft-Windows-WindowsUpdateClient/Operational</Channel>\n<Computer>IACIS-HDD-2014</Computer>\n<Security UserID=\"S-1-5-18\"></Security>\n</System>\n<EventData><Data Name=\"updateGuid\">{f58c530f-53f1-46af-b1eb-d04f3fe61e2c}</Data>\n<Data Name=\"updateRevisionNumber\">200</Data>\n</EventData>\n</Event>\n"
  },
  {
    "EventID": 40,
    "Timestamp": "2014-02-04 14:20:08.654184+00:00",
    "Computer": "IACIS-HDD-2014",
    "Channel": "Microsoft-Windows-WindowsUpdateClient/Operational",
    "Level": "Information",
    "EventData": {
      "updateGuid": "{94fdbc91-8954-4f4f-b82f-44b02752d74a}",
      "updateRevisionNumber": "205"
    },
    "RawXml": "<Event xmlns=\"http://schemas.microsoft.com/win/2004/08/events/event\"><System><Provider Name=\"Microsoft-Windows-WindowsUpdateClient\" Guid=\"{945a8954-c147-4acd-923f-40c45405a658}\"></Provider>\n<EventID Qualifiers=\"\">40</EventID>\n<Version>0</Version>\n<Level>4</Level>\n<Task>1</Task>\n<Opcode>17</Opcode>\n<Keywords>0x4000000000000002</Keywords>\n<TimeCreated SystemTime=\"2014-02-04 14:20:08.654184+00:00\"></TimeCreated>\n<EventRecordID>662</EventRecordID>\n<Correlation ActivityID=\"\" RelatedActivityID=\"\"></Correlation>\n<Execution ProcessID=\"988\" ThreadID=\"2912\"></Execution>\n<Channel>Microsoft-Windows-WindowsUpdateClient/Operational</Channel>\n<Computer>IACIS-HDD-2014</Computer>\n<Security UserID=\"S-1-5-18\"></Security>\n</System>\n<EventData><Data Name=\"updateGuid\">{94fdbc91-8954-4f4f-b82f-44b02752d74a}</Data>\n<Data Name=\"updateRevisionNumber\">205</Data>\n</EventData>\n</Event>\n"
  },
  {
    "EventID": 40,
    "Timestamp": "2014-02-04 14:20:08.654184+00:00",
    "Computer": "IACIS-HDD-2014",
    "Channel": "Microsoft-Windows-WindowsUpdateClient/Operational",
    "Level": "Information",
    "EventData": {
      "updateGuid": "{d30e6b99-5ca6-49d4-83c5-7543236d341b}",
      "updateRevisionNumber": "204"
    },
    "RawXml": "<Event xmlns=\"http://schemas.microsoft.com/win/2004/08/events/event\"><System><Provider Name=\"Microsoft-Windows-WindowsUpdateClient\" Guid=\"{945a8954-c147-4acd-923f-40c45405a658}\"></Provider>\n<EventID Qualifiers=\"\">40</EventID>\n<Version>0</Version>\n<Level>4</Level>\n<Task>1</Task>\n<Opcode>17</Opcode>\n<Keywords>0x4000000000000002</Keywords>\n<TimeCreated SystemTime=\"2014-02-04 14:20:08.654184+00:00\"></TimeCreated>\n<EventRecordID>663</EventRecordID>\n<Correlation ActivityID=\"\" RelatedActivityID=\"\"></Correlation>\n<Execution ProcessID=\"988\" ThreadID=\"2912\"></Execution>\n<Channel>Microsoft-Windows-WindowsUpdateClient/Operational</Channel>\n<Computer>IACIS-HDD-2014</Computer>\n<Security UserID=\"S-1-5-18\"></Security>\n</System>\n<EventData><Data Name=\"updateGuid\">{d30e6b99-5ca6-49d4-83c5-7543236d341b}</Data>\n<Data Name=\"updateRevisionNumber\">204</Data>\n</EventData>\n</Event>\n"
  },
  {
    "EventID": 40,
    "Timestamp": "2014-02-04 14:20:08.654184+00:00",
    "Computer": "IACIS-HDD-2014",
    "Channel": "Microsoft-Windows-WindowsUpdateClient/Operational",
    "Level": "Information",
    "EventData": {
      "updateGuid": "{ea3d7a07-b377-4451-8976-df2f5ca98f0e}",
      "updateRevisionNumber": "200"
    },
    "RawXml": "<Event xmlns=\"http://schemas.microsoft.com/win/2004/08/events/event\"><System><Provider Name=\"Microsoft-Windows-WindowsUpdateClient\" Guid=\"{945a8954-c147-4acd-923f-40c45405a658}\"></Provider>\n<EventID Qualifiers=\"\">40</EventID>\n<Version>0</Version>\n<Level>4</Level>\n<Task>1</Task>\n<Opcode>17</Opcode>\n<Keywords>0x4000000000000002</Keywords>\n<TimeCreated SystemTime=\"2014-02-04 14:20:08.654184+00:00\"></TimeCreated>\n<EventRecordID>664</EventRecordID>\n<Correlation ActivityID=\"\" RelatedActivityID=\"\"></Correlation>\n<Execution ProcessID=\"988\" ThreadID=\"2912\"></Execution>\n<Channel>Microsoft-Windows-WindowsUpdateClient/Operational</Channel>\n<Computer>IACIS-HDD-2014</Computer>\n<Security UserID=\"S-1-5-18\"></Security>\n</System>\n<EventData><Data Name=\"updateGuid\">{ea3d7a07-b377-4451-8976-df2f5ca98f0e}</Data>\n<Data Name=\"updateRevisionNumber\">200</Data>\n</EventData>\n</Event>\n"
  },
  {
    "EventID": 40,
    "Timestamp": "2014-02-04 14:20:08.654184+00:00",
    "Computer": "IACIS-HDD-2014",
    "Channel": "Microsoft-Windows-WindowsUpdateClient/Operational",
    "Level": "Information",
    "EventData": {
      "updateGuid": "{acf78076-4eb1-4aa2-b7a8-1fd495789486}",
      "updateRevisionNumber": "200"
    },
    "RawXml": "<Event xmlns=\"http://schemas.microsoft.com/win/2004/08/events/event\"><System><Provider Name=\"Microsoft-Windows-WindowsUpdateClient\" Guid=\"{945a8954-c147-4acd-923f-40c45405a658}\"></Provider>\n<EventID Qualifiers=\"\">40</EventID>\n<Version>0</Version>\n<Level>4</Level>\n<Task>1</Task>\n<Opcode>17</Opcode>\n<Keywords>0x4000000000000002</Keywords>\n<TimeCreated SystemTime=\"2014-02-04 14:20:08.654184+00:00\"></TimeCreated>\n<EventRecordID>665</EventRecordID>\n<Correlation ActivityID=\"\" RelatedActivityID=\"\"></Correlation>\n<Execution ProcessID=\"988\" ThreadID=\"2912\"></Execution>\n<Channel>Microsoft-Windows-WindowsUpdateClient/Operational</Channel>\n<Computer>IACIS-HDD-2014</Computer>\n<Security UserID=\"S-1-5-18\"></Security>\n</System>\n<EventData><Data Name=\"updateGuid\">{acf78076-4eb1-4aa2-b7a8-1fd495789486}</Data>\n<Data Name=\"updateRevisionNumber\">200</Data>\n</EventData>\n</Event>\n"
  },
  {
    "EventID": 40,
    "Timestamp": "2014-02-04 14:20:08.654184+00:00",
    "Computer": "IACIS-HDD-2014",
    "Channel": "Microsoft-Windows-WindowsUpdateClient/Operational",
    "Level": "Information",
    "EventData": {
      "updateGuid": "{f0d4b227-1a67-4392-9333-f19e13002b5c}",
      "updateRevisionNumber": "201"
    },
    "RawXml": "<Event xmlns=\"http://schemas.microsoft.com/win/2004/08/events/event\"><System><Provider Name=\"Microsoft-Windows-WindowsUpdateClient\" Guid=\"{945a8954-c147-4acd-923f-40c45405a658}\"></Provider>\n<EventID Qualifiers=\"\">40</EventID>\n<Version>0</Version>\n<Level>4</Level>\n<Task>1</Task>\n<Opcode>17</Opcode>\n<Keywords>0x4000000000000002</Keywords>\n<TimeCreated SystemTime=\"2014-02-04 14:20:08.654184+00:00\"></TimeCreated>\n<EventRecordID>666</EventRecordID>\n<Correlation ActivityID=\"\" RelatedActivityID=\"\"></Correlation>\n<Execution ProcessID=\"988\" ThreadID=\"2912\"></Execution>\n<Channel>Microsoft-Windows-WindowsUpdateClient/Operational</Channel>\n<Computer>IACIS-HDD-2014</Computer>\n<Security UserID=\"S-1-5-18\"></Security>\n</System>\n<EventData><Data Name=\"updateGuid\">{f0d4b227-1a67-4392-9333-f19e13002b5c}</Data>\n<Data Name=\"updateRevisionNumber\">201</Data>\n</EventData>\n</Event>\n"
  },
  {
    "EventID": 40,
    "Timestamp": "2014-02-04 14:20:08.654184+00:00",
    "Computer": "IACIS-HDD-2014",
    "Channel": "Microsoft-Windows-WindowsUpdateClient/Operational",
    "Level": "Information",
    "EventData": {
      "updateGuid": "{6e5fe89e-960b-442b-a5fd-6f1e1db0ab05}",
      "updateRevisionNumber": "201"
    },
    "RawXml": "<Event xmlns=\"http://schemas.microsoft.com/win/2004/08/events/event\"><System><Provider Name=\"Microsoft-Windows-WindowsUpdateClient\" Guid=\"{945a8954-c147-4acd-923f-40c45405a658}\"></Provider>\n<EventID Qualifiers=\"\">40</EventID>\n<Version>0</Version>\n<Level>4</Level>\n<Task>1</Task>\n<Opcode>17</Opcode>\n<Keywords>0x4000000000000002</Keywords>\n<TimeCreated SystemTime=\"2014-02-04 14:20:08.654184+00:00\"></TimeCreated>\n<EventRecordID>667</EventRecordID>\n<Correlation ActivityID=\"\" RelatedActivityID=\"\"></Correlation>\n<Execution ProcessID=\"988\" ThreadID=\"2912\"></Execution>\n<Channel>Microsoft-Windows-WindowsUpdateClient/Operational</Channel>\n<Computer>IACIS-HDD-2014</Computer>\n<Security UserID=\"S-1-5-18\"></Security>\n</System>\n<EventData><Data Name=\"updateGuid\">{6e5fe89e-960b-442b-a5fd-6f1e1db0ab05}</Data>\n<Data Name=\"updateRevisionNumber\">201</Data>\n</EventData>\n</Event>\n"
  },
  {
    "EventID": 40,
    "Timestamp": "2014-02-04 14:20:08.778984+00:00",
    "Computer": "IACIS-HDD-2014",
    "Channel": "Microsoft-Windows-WindowsUpdateClient/Operational",
    "Level": "Information",
    "EventData": {
      "updateGuid": "{400d135f-03e5-45b5-a44b-16ef70722c4f}",
      "updateRevisionNumber": "201"
    },
    "RawXml": "<Event xmlns=\"http://schemas.microsoft.com/win/2004/08/events/event\"><System><Provider Name=\"Microsoft-Windows-WindowsUpdateClient\" Guid=\"{945a8954-c147-4acd-923f-40c45405a658}\"></Provider>\n<EventID Qualifiers=\"\">40</EventID>\n<Version>0</Version>\n<Level>4</Level>\n<Task>1</Task>\n<Opcode>17</Opcode>\n<Keywords>0x4000000000000002</Keywords>\n<TimeCreated SystemTime=\"2014-02-04 14:20:08.778984+00:00\"></TimeCreated>\n<EventRecordID>668</EventRecordID>\n<Correlation ActivityID=\"\" RelatedActivityID=\"\"></Correlation>\n<Execution ProcessID=\"988\" ThreadID=\"2912\"></Execution>\n<Channel>Microsoft-Windows-WindowsUpdateClient/Operational</Channel>\n<Computer>IACIS-HDD-2014</Computer>\n<Security UserID=\"S-1-5-18\"></Security>\n</System>\n<EventData><Data Name=\"updateGuid\">{400d135f-03e5-45b5-a44b-16ef70722c4f}</Data>\n<Data Name=\"updateRevisionNumber\">201</Data>\n</EventData>\n</Event>\n"
  },
  {
    "EventID": 40,
    "Timestamp": "2014-02-04 14:20:08.778984+00:00",
    "Computer": "IACIS-HDD-2014",
    "Channel": "Microsoft-Windows-WindowsUpdateClient/Operational",
    "Level": "Information",
    "EventData": {
      "updateGuid": "{5eb03bea-4f70-4136-9529-3ba5015aee9a}",
      "updateRevisionNumber": "200"
    },
    "RawXml": "<Event xmlns=\"http://schemas.microsoft.com/win/2004/08/events/event\"><System><Provider Name=\"Microsoft-Windows-WindowsUpdateClient\" Guid=\"{945a8954-c147-4acd-923f-40c45405a658}\"></Provider>\n<EventID Qualifiers=\"\">40</EventID>\n<Version>0</Version>\n<Level>4</Level>\n<Task>1</Task>\n<Opcode>17</Opcode>\n<Keywords>0x4000000000000002</Keywords>\n<TimeCreated SystemTime=\"2014-02-04 14:20:08.778984+00:00\"></TimeCreated>\n<EventRecordID>669</EventRecordID>\n<Correlation ActivityID=\"\" RelatedActivityID=\"\"></Correlation>\n<Execution ProcessID=\"988\" ThreadID=\"2912\"></Execution>\n<Channel>Microsoft-Windows-WindowsUpdateClient/Operational</Channel>\n<Computer>IACIS-HDD-2014</Computer>\n<Security UserID=\"S-1-5-18\"></Security>\n</System>\n<EventData><Data Name=\"updateGuid\">{5eb03bea-4f70-4136-9529-3ba5015aee9a}</Data>\n<Data Name=\"updateRevisionNumber\">200</Data>\n</EventData>\n</Event>\n"
  },
  {
    "EventID": 40,
    "Timestamp": "2014-02-04 14:20:08.778984+00:00",
    "Computer": "IACIS-HDD-2014",
    "Channel": "Microsoft-Windows-WindowsUpdateClient/Operational",
    "Level": "Information",
    "EventData": {
      "updateGuid": "{3d76be38-4ab5-4a4e-8914-e4c86034b978}",
      "updateRevisionNumber": "200"
    },
    "RawXml": "<Event xmlns=\"http://schemas.microsoft.com/win/2004/08/events/event\"><System><Provider Name=\"Microsoft-Windows-WindowsUpdateClient\" Guid=\"{945a8954-c147-4acd-923f-40c45405a658}\"></Provider>\n<EventID Qualifiers=\"\">40</EventID>\n<Version>0</Version>\n<Level>4</Level>\n<Task>1</Task>\n<Opcode>17</Opcode>\n<Keywords>0x4000000000000002</Keywords>\n<TimeCreated SystemTime=\"2014-02-04 14:20:08.778984+00:00\"></TimeCreated>\n<EventRecordID>670</EventRecordID>\n<Correlation ActivityID=\"\" RelatedActivityID=\"\"></Correlation>\n<Execution ProcessID=\"988\" ThreadID=\"2912\"></Execution>\n<Channel>Microsoft-Windows-WindowsUpdateClient/Operational</Channel>\n<Computer>IACIS-HDD-2014</Computer>\n<Security UserID=\"S-1-5-18\"></Security>\n</System>\n<EventData><Data Name=\"updateGuid\">{3d76be38-4ab5-4a4e-8914-e4c86034b978}</Data>\n<Data Name=\"updateRevisionNumber\">200</Data>\n</EventData>\n</Event>\n"
  },
  {
    "EventID": 40,
    "Timestamp": "2014-02-04 14:20:08.778984+00:00",
    "Computer": "IACIS-HDD-2014",
    "Channel": "Microsoft-Windows-WindowsUpdateClient/Operational",
    "Level": "Information",
    "EventData": {
      "updateGuid": "{8886aac9-057f-4577-9e89-036c5ed4e2b0}",
      "updateRevisionNumber": "200"
    },
    "RawXml": "<Event xmlns=\"http://schemas.microsoft.com/win/2004/08/events/event\"><System><Provider Name=\"Microsoft-Windows-WindowsUpdateClient\" Guid=\"{945a8954-c147-4acd-923f-40c45405a658}\"></Provider>\n<EventID Qualifiers=\"\">40</EventID>\n<Version>0</Version>\n<Level>4</Level>\n<Task>1</Task>\n<Opcode>17</Opcode>\n<Keywords>0x4000000000000002</Keywords>\n<TimeCreated SystemTime=\"2014-02-04 14:20:08.778984+00:00\"></TimeCreated>\n<EventRecordID>671</EventRecordID>\n<Correlation ActivityID=\"\" RelatedActivityID=\"\"></Correlation>\n<Execution ProcessID=\"988\" ThreadID=\"2912\"></Execution>\n<Channel>Microsoft-Windows-WindowsUpdateClient/Operational</Channel>\n<Computer>IACIS-HDD-2014</Computer>\n<Security UserID=\"S-1-5-18\"></Security>\n</System>\n<EventData><Data Name=\"updateGuid\">{8886aac9-057f-4577-9e89-036c5ed4e2b0}</Data>\n<Data Name=\"updateRevisionNumber\">200</Data>\n</EventData>\n</Event>\n"
  },
  {
    "EventID": 40,
    "Timestamp": "2014-02-04 14:20:08.778984+00:00",
    "Computer": "IACIS-HDD-2014",
    "Channel": "Microsoft-Windows-WindowsUpdateClient/Operational",
    "Level": "Information",
    "EventData": {
      "updateGuid": "{5c0c8df7-26da-494c-bcc3-9b471b730ed2}",
      "updateRevisionNumber": "200"
    },
    "RawXml": "<Event xmlns=\"http://schemas.microsoft.com/win/2004/08/events/event\"><System><Provider Name=\"Microsoft-Windows-WindowsUpdateClient\" Guid=\"{945a8954-c147-4acd-923f-40c45405a658}\"></Provider>\n<EventID Qualifiers=\"\">40</EventID>\n<Version>0</Version>\n<Level>4</Level>\n<Task>1</Task>\n<Opcode>17</Opcode>\n<Keywords>0x4000000000000002</Keywords>\n<TimeCreated SystemTime=\"2014-02-04 14:20:08.778984+00:00\"></TimeCreated>\n<EventRecordID>672</EventRecordID>\n<Correlation ActivityID=\"\" RelatedActivityID=\"\"></Correlation>\n<Execution ProcessID=\"988\" ThreadID=\"2912\"></Execution>\n<Channel>Microsoft-Windows-WindowsUpdateClient/Operational</Channel>\n<Computer>IACIS-HDD-2014</Computer>\n<Security UserID=\"S-1-5-18\"></Security>\n</System>\n<EventData><Data Name=\"updateGuid\">{5c0c8df7-26da-494c-bcc3-9b471b730ed2}</Data>\n<Data Name=\"updateRevisionNumber\">200</Data>\n</EventData>\n</Event>\n"
  },
