  {
    "EventID": 59,
    "Timestamp": "2014-01-25 01:38:31.570990+00:00",
    "Computer": "IACIS-HDD-2014",
    "Channel": "Microsoft-Windows-Bits-Client/Operational",
    "Level": "Information",
    "EventData": {
      "transferId": "{cf50cbbf-fa3e-49bc-af05-5749bbaf60b9}",
      "name": "WU Client Download",
      "Id": "{c104b4a5-3359-4fc9-a2f3-2991ffb10b99}",
      "url": "http://au.download.windowsupdate.com/msdownload/update/software/secu/2013/11/windows6.1-kb2887069-x64-express_0985d37bff91b80ff1b03d34a741d926ef5cbe40.cab",
      "peer": "",
      "fileTime": "2013-11-20 01:05:09+00:00",
      "fileLength": "42059",
      "bytesTotal": "42059",
      "bytesTransferred": "0",
      "bytesTransferredFromPeer": "0"
    },
    "RawXml": "<Event xmlns=\"http://schemas.microsoft.com/win/2004/08/events/event\"><System><Provider Name=\"Microsoft-Windows-Bits-Client\" Guid=\"{ef1cc15b-46c1-414e-bb95-e76b077bd51e}\"></Provider>\n<EventID Qualifiers=\"\">59</EventID>\n<Version>1</Version>\n<Level>4</Level>\n<Task>0</Task>\n<Opcode>1</Opcode>\n<Keywords>0x4000000000000000</Keywords>\n<TimeCreated SystemTime=\"2014-01-25 01:38:31.570990+00:00\"></TimeCreated>\n<EventRecordID>504</EventRecordID>\n<Correlation ActivityID=\"{cf50cbbf-fa3e-49bc-af05-5749bbaf60b9}\" RelatedActivityID=\"\"></Correlation>\n<Execution ProcessID=\"888\" ThreadID=\"2952\"></Execution>\n<Channel>Microsoft-Windows-Bits-Client/Operational</Channel>\n<Computer>IACIS-HDD-2014</Computer>\n<Security UserID=\"S-1-5-18\"></Security>\n</System>\n<EventData><Data Name=\"transferId\">{cf50cbbf-fa3e-49bc-af05-5749bbaf60b9}</Data>\n<Data Name=\"name\">WU Client Download</Data>\n<Data Name=\"Id\">{c104b4a5-3359-4fc9-a2f3-2991ffb10b99}</Data>\n<Data Name=\"url\">http://au.download.windowsupdate.com/msdownload/update/software/secu/2013/11/windows6.1-kb2887069-x64-express_0985d37bff91b80ff1b03d34a741d926ef5cbe40.cab</Data>\n<Data Name=\"peer\"></Data>\n<Data Name=\"fileTime\">2013-11-20 01:05:09+00:00</Data>\n<Data Name=\"fileLength\">42059</Data>\n<Data Name=\"bytesTotal\">42059</Data>\n<Data Name=\"bytesTransferred\">0</Data>\n<Data Name=\"bytesTransferredFromPeer\">0</Data>\n</EventData>\n</Event>\n"
  },
  {
    "EventID": 59,
    "Timestamp": "2014-01-25 01:38:31.602190+00:00",
    "Computer": "IACIS-HDD-2014",
    "Channel": "Microsoft-Windows-Bits-Client/Operational",
    "Level": "Information",
    "EventData": {
      "transferId": "{3bd8cbad-d7ff-4513-9c9c-e16b88ee9dba}",
      "name": "WU Client Download",
      "Id": "{103cb8d5-380f-46c7-aa12-5219f73e2dd0}",
      "url": "http://au.download.windowsupdate.com/msdownload/update/software/secu/2013/10/windows6.1-kb2862152-x64_ee61fdd084a4b198e7fdcfc37b34aa5d3b869973.psf",
      "peer": "",
      "fileTime": "2013-10-22 18:46:44+00:00",
      "fileLength": "11475671",
      "bytesTotal": "62565",
      "bytesTransferred": "0",
      "bytesTransferredFromPeer": "0"
    },
    "RawXml": "<Event xmlns=\"http://schemas.microsoft.com/win/2004/08/events/event\"><System><Provider Name=\"Microsoft-Windows-Bits-Client\" Guid=\"{ef1cc15b-46c1-414e-bb95-e76b077bd51e}\"></Provider>\n<EventID Qualifiers=\"\">59</EventID>\n<Version>1</Version>\n<Level>4</Level>\n<Task>0</Task>\n<Opcode>1</Opcode>\n<Keywords>0x4000000000000000</Keywords>\n<TimeCreated SystemTime=\"2014-01-25 01:38:31.602190+00:00\"></TimeCreated>\n<EventRecordID>505</EventRecordID>\n<Correlation ActivityID=\"{3bd8cbad-d7ff-4513-9c9c-e16b88ee9dba}\" RelatedActivityID=\"\"></Correlation>\n<Execution ProcessID=\"888\" ThreadID=\"2952\"></Execution>\n<Channel>Microsoft-Windows-Bits-Client/Operational</Channel>\n<Computer>IACIS-HDD-2014</Computer>\n<Security UserID=\"S-1-5-18\"></Security>\n</System>\n<EventData><Data Name=\"transferId\">{3bd8cbad-d7ff-4513-9c9c-e16b88ee9dba}</Data>\n<Data Name=\"name\">WU Client Download</Data>\n<Data Name=\"Id\">{103cb8d5-380f-46c7-aa12-5219f73e2dd0}</Data>\n<Data Name=\"url\">http://au.download.windowsupdate.com/msdownload/update/software/secu/2013/10/windows6.1-kb2862152-x64_ee61fdd084a4b198e7fdcfc37b34aa5d3b869973.psf</Data>\n<Data Name=\"peer\"></Data>\n<Data Name=\"fileTime\">2013-10-22 18:46:44+00:00</Data>\n<Data Name=\"fileLength\">11475671</Data>\n<Data Name=\"bytesTotal\">62565</Data>\n<Data Name=\"bytesTransferred\">0</Data>\n<Data Name=\"bytesTransferredFromPeer\">0</Data>\n</EventData>\n</Event>\n"
  },
  {
    "EventID": 59,
    "Timestamp": "2014-01-25 01:38:31.617790+00:00",
    "Computer": "IACIS-HDD-2014",
    "Channel": "Microsoft-Windows-Bits-Client/Operational",
    "Level": "Information",
    "EventData": {
      "transferId": "{3dbd11e1-e751-48ad-acdb-a28aa3c155ff}",
      "name": "WU Client Download",
      "Id": "{0070c079-3dc1-4013-845a-72e098913410}",
      "url": "http://au.download.windowsupdate.com/msdownload/update/software/secu/2012/06/windows6.1-kb2698365-x64_e0a284254cbfc02326ac49f3bed23caadc8fd3ca.psf",
      "peer": "",
      "fileTime": "2012-06-18 17:10:01+00:00",
      "fileLength": "57482484",
      "bytesTotal": "163659",
      "bytesTransferred": "0",
      "bytesTransferredFromPeer": "0"
    },
    "RawXml": "<Event xmlns=\"http://schemas.microsoft.com/win/2004/08/events/event\"><System><Provider Name=\"Microsoft-Windows-Bits-Client\" Guid=\"{ef1cc15b-46c1-414e-bb95-e76b077bd51e}\"></Provider>\n<EventID Qualifiers=\"\">59</EventID>\n<Version>1</Version>\n<Level>4</Level>\n<Task>0</Task>\n<Opcode>1</Opcode>\n<Keywords>0x4000000000000000</Keywords>\n<TimeCreated SystemTime=\"2014-01-25 01:38:31.617790+00:00\"></TimeCreated>\n<EventRecordID>506</EventRecordID>\n<Correlation ActivityID=\"{3dbd11e1-e751-48ad-acdb-a28aa3c155ff}\" RelatedActivityID=\"\"></Correlation>\n<Execution ProcessID=\"888\" ThreadID=\"2952\"></Execution>\n<Channel>Microsoft-Windows-Bits-Client/Operational</Channel>\n<Computer>IACIS-HDD-2014</Computer>\n<Security UserID=\"S-1-5-18\"></Security>\n</System>\n<EventData><Data Name=\"transferId\">{3dbd11e1-e751-48ad-acdb-a28aa3c155ff}</Data>\n<Data Name=\"name\">WU Client Download</Data>\n<Data Name=\"Id\">{0070c079-3dc1-4013-845a-72e098913410}</Data>\n<Data Name=\"url\">http://au.download.windowsupdate.com/msdownload/update/software/secu/2012/06/windows6.1-kb2698365-x64_e0a284254cbfc02326ac49f3bed23caadc8fd3ca.psf</Data>\n<Data Name=\"peer\"></Data>\n<Data Name=\"fileTime\">2012-06-18 17:10:01+00:00</Data>\n<Data Name=\"fileLength\">57482484</Data>\n<Data Name=\"bytesTotal\">163659</Data>\n<Data Name=\"bytesTransferred\">0</Data>\n<Data Name=\"bytesTransferredFromPeer\">0</Data>\n</EventData>\n</Event>\n"
  },
  {
    "EventID": 59,
    "Timestamp": "2014-01-25 01:38:31.633390+00:00",
    "Computer": "IACIS-HDD-2014",
    "Channel": "Microsoft-Windows-Bits-Client/Operational",
    "Level": "Information",
    "EventData": {
      "transferId": "{b9f69edc-3408-4e72-acaa-e20f7e12c2b3}",
      "name": "WU Client Download",
      "Id": "{9c4e590b-03a4-41f5-8d32-267ca52c8c07}",
      "url": "http://au.download.windowsupdate.com/msdownload/update/software/secu/2012/12/windows6.1-kb2736422-x64_0b924cb9256300d8abe2ac1d00df3764039bf6f5.psf",
      "peer": "",
      "fileTime": "2012-12-10 20:11:14+00:00",
      "fileLength": "5734587",
      "bytesTotal": "114319",
      "bytesTransferred": "0",
      "bytesTransferredFromPeer": "0"
    },
    "RawXml": "<Event xmlns=\"http://schemas.microsoft.com/win/2004/08/events/event\"><System><Provider Name=\"Microsoft-Windows-Bits-Client\" Guid=\"{ef1cc15b-46c1-414e-bb95-e76b077bd51e}\"></Provider>\n<EventID Qualifiers=\"\">59</EventID>\n<Version>1</Version>\n<Level>4</Level>\n<Task>0</Task>\n<Opcode>1</Opcode>\n<Keywords>0x4000000000000000</Keywords>\n<TimeCreated SystemTime=\"2014-01-25 01:38:31.633390+00:00\"></TimeCreated>\n<EventRecordID>507</EventRecordID>\n<Correlation ActivityID=\"{b9f69edc-3408-4e72-acaa-e20f7e12c2b3}\" RelatedActivityID=\"\"></Correlation>\n<Execution ProcessID=\"888\" ThreadID=\"2952\"></Execution>\n<Channel>Microsoft-Windows-Bits-Client/Operational</Channel>\n<Computer>IACIS-HDD-2014</Computer>\n<Security UserID=\"S-1-5-18\"></Security>\n</System>\n<EventData><Data Name=\"transferId\">{b9f69edc-3408-4e72-acaa-e20f7e12c2b3}</Data>\n<Data Name=\"name\">WU Client Download</Data>\n<Data Name=\"Id\">{9c4e590b-03a4-41f5-8d32-267ca52c8c07}</Data>\n<Data Name=\"url\">http://au.download.windowsupdate.com/msdownload/update/software/secu/2012/12/windows6.1-kb2736422-x64_0b924cb9256300d8abe2ac1d00df3764039bf6f5.psf</Data>\n<Data Name=\"peer\"></Data>\n<Data Name=\"fileTime\">2012-12-10 20:11:14+00:00</Data>\n<Data Name=\"fileLength\">5734587</Data>\n<Data Name=\"bytesTotal\">114319</Data>\n<Data Name=\"bytesTransferred\">0</Data>\n<Data Name=\"bytesTransferredFromPeer\">0</Data>\n</EventData>\n</Event>\n"
  },
  {
    "EventID": 59,
    "Timestamp": "2014-01-25 01:38:31.648991+00:00",
    "Computer": "IACIS-HDD-2014",
    "Channel": "Microsoft-Windows-Bits-Client/Operational",
    "Level": "Information",
    "EventData": {
      "transferId": "{815570cf-2703-4a9b-b257-e8a50b4f9df0}",
      "name": "WU Client Download",
      "Id": "{5ba2dc3a-e0d5-42d6-b46e-cef764d59c21}",
      "url": "http://au.download.windowsupdate.com/msdownload/update/software/secu/2013/05/windows6.1-kb2834886-x64_160f6d4da8c1a1940c5c9580cb5038b7acdbf38c.psf",
      "peer": "",
      "fileTime": "2013-05-22 21:16:53+00:00",
      "fileLength": "22892868",
      "bytesTotal": "37072",
      "bytesTransferred": "0",
      "bytesTransferredFromPeer": "0"
    },
    "RawXml": "<Event xmlns=\"http://schemas.microsoft.com/win/2004/08/events/event\"><System><Provider Name=\"Microsoft-Windows-Bits-Client\" Guid=\"{ef1cc15b-46c1-414e-bb95-e76b077bd51e}\"></Provider>\n<EventID Qualifiers=\"\">59</EventID>\n<Version>1</Version>\n<Level>4</Level>\n<Task>0</Task>\n<Opcode>1</Opcode>\n<Keywords>0x4000000000000000</Keywords>\n<TimeCreated SystemTime=\"2014-01-25 01:38:31.648991+00:00\"></TimeCreated>\n<EventRecordID>508</EventRecordID>\n<Correlation ActivityID=\"{815570cf-2703-4a9b-b257-e8a50b4f9df0}\" RelatedActivityID=\"\"></Correlation>\n<Execution ProcessID=\"888\" ThreadID=\"2952\"></Execution>\n<Channel>Microsoft-Windows-Bits-Client/Operational</Channel>\n<Computer>IACIS-HDD-2014</Computer>\n<Security UserID=\"S-1-5-18\"></Security>\n</System>\n<EventData><Data Name=\"transferId\">{815570cf-2703-4a9b-b257-e8a50b4f9df0}</Data>\n<Data Name=\"name\">WU Client Download</Data>\n<Data Name=\"Id\">{5ba2dc3a-e0d5-42d6-b46e-cef764d59c21}</Data>\n<Data Name=\"url\">http://au.download.windowsupdate.com/msdownload/update/software/secu/2013/05/windows6.1-kb2834886-x64_160f6d4da8c1a1940c5c9580cb5038b7acdbf38c.psf</Data>\n<Data Name=\"peer\"></Data>\n<Data Name=\"fileTime\">2013-05-22 21:16:53+00:00</Data>\n<Data Name=\"fileLength\">22892868</Data>\n<Data Name=\"bytesTotal\">37072</Data>\n<Data Name=\"bytesTransferred\">0</Data>\n<Data Name=\"bytesTransferredFromPeer\">0</Data>\n</EventData>\n</Event>\n"
  },
  {
    "EventID": 59,
    "Timestamp": "2014-01-25 01:38:31.664589+00:00",
    "Computer": "IACIS-HDD-2014",
    "Channel": "Microsoft-Windows-Bits-Client/Operational",
    "Level": "Information",
    "EventData": {
      "transferId": "{cc60625a-766f-46c8-8bc9-80d2b0735807}",
      "name": "WU Client Download",
      "Id": "{dcbb633b-2e02-4f36-8e15-77e52b403150}",
      "url": "http://au.download.windowsupdate.com/msdownload/update/software/secu/2013/05/windows6.1-kb2832414-x64_d34fcbfd6827cd802a01bacd1b88dacde6629c17.psf",
      "peer": "",
      "fileTime": "2013-05-22 04:23:21+00:00",
      "fileLength": "129819871",
      "bytesTotal": "2919589",
      "bytesTransferred": "0",
      "bytesTransferredFromPeer": "0"
    },
    "RawXml": "<Event xmlns=\"http://schemas.microsoft.com/win/2004/08/events/event\"><System><Provider Name=\"Microsoft-Windows-Bits-Client\" Guid=\"{ef1cc15b-46c1-414e-bb95-e76b077bd51e}\"></Provider>\n<EventID Qualifiers=\"\">59</EventID>\n<Version>1</Version>\n<Level>4</Level>\n<Task>0</Task>\n<Opcode>1</Opcode>\n<Keywords>0x4000000000000000</Keywords>\n<TimeCreated SystemTime=\"2014-01-25 01:38:31.664589+00:00\"></TimeCreated>\n<EventRecordID>509</EventRecordID>\n<Correlation ActivityID=\"{cc60625a-766f-46c8-8bc9-80d2b0735807}\" RelatedActivityID=\"\"></Correlation>\n<Execution ProcessID=\"888\" ThreadID=\"2952\"></Execution>\n<Channel>Microsoft-Windows-Bits-Client/Operational</Channel>\n<Computer>IACIS-HDD-2014</Computer>\n<Security UserID=\"S-1-5-18\"></Security>\n</System>\n<EventData><Data Name=\"transferId\">{cc60625a-766f-46c8-8bc9-80d2b0735807}</Data>\n<Data Name=\"name\">WU Client Download</Data>\n<Data Name=\"Id\">{dcbb633b-2e02-4f36-8e15-77e52b403150}</Data>\n<Data Name=\"url\">http://au.download.windowsupdate.com/msdownload/update/software/secu/2013/05/windows6.1-kb2832414-x64_d34fcbfd6827cd802a01bacd1b88dacde6629c17.psf</Data>\n<Data Name=\"peer\"></Data>\n<Data Name=\"fileTime\">2013-05-22 04:23:21+00:00</Data>\n<Data Name=\"fileLength\">129819871</Data>\n<Data Name=\"bytesTotal\">2919589</Data>\n<Data Name=\"bytesTransferred\">0</Data>\n<Data Name=\"bytesTransferredFromPeer\">0</Data>\n</EventData>\n</Event>\n"
  },
  {
    "EventID": 59,
    "Timestamp": "2014-01-25 01:38:31.680189+00:00",
    "Computer": "IACIS-HDD-2014",
    "Channel": "Microsoft-Windows-Bits-Client/Operational",
    "Level": "Information",
    "EventData": {
      "transferId": "{9a2fc942-5f98-44e3-a201-3f8353ce1381}",
      "name": "WU Client Download",
      "Id": "{f6a9d184-c1ed-4ebe-b597-1cdc61a98af6}",
      "url": "http://au.download.windowsupdate.com/msdownload/update/software/secu/2013/08/windows6.1-kb2876284-x64_817c6e406c29a00507593c3707f562595c59bf32.psf",
      "peer": "",
      "fileTime": "2013-08-20 07:43:13+00:00",
      "fileLength": "6017855",
      "bytesTotal": "35423",
      "bytesTransferred": "0",
      "bytesTransferredFromPeer": "0"
    },
    "RawXml": "<Event xmlns=\"http://schemas.microsoft.com/win/2004/08/events/event\"><System><Provider Name=\"Microsoft-Windows-Bits-Client\" Guid=\"{ef1cc15b-46c1-414e-bb95-e76b077bd51e}\"></Provider>\n<EventID Qualifiers=\"\">59</EventID>\n<Version>1</Version>\n<Level>4</Level>\n<Task>0</Task>\n<Opcode>1</Opcode>\n<Keywords>0x4000000000000000</Keywords>\n<TimeCreated SystemTime=\"2014-01-25 01:38:31.680189+00:00\"></TimeCreated>\n<EventRecordID>510</EventRecordID>\n<Correlation ActivityID=\"{9a2fc942-5f98-44e3-a201-3f8353ce1381}\" RelatedActivityID=\"\"></Correlation>\n<Execution ProcessID=\"888\" ThreadID=\"2952\"></Execution>\n<Channel>Microsoft-Windows-Bits-Client/Operational</Channel>\n<Computer>IACIS-HDD-2014</Computer>\n<Security UserID=\"S-1-5-18\"></Security>\n</System>\n<EventData><Data Name=\"transferId\">{9a2fc942-5f98-44e3-a201-3f8353ce1381}</Data>\n<Data Name=\"name\">WU Client Download</Data>\n<Data Name=\"Id\">{f6a9d184-c1ed-4ebe-b597-1cdc61a98af6}</Data>\n<Data Name=\"url\">http://au.download.windowsupdate.com/msdownload/update/software/secu/2013/08/windows6.1-kb2876284-x64_817c6e406c29a00507593c3707f562595c59bf32.psf</Data>\n<Data Name=\"peer\"></Data>\n<Data Name=\"fileTime\">2013-08-20 07:43:13+00:00</Data>\n<Data Name=\"fileLength\">6017855</Data>\n<Data Name=\"bytesTotal\">35423</Data>\n<Data Name=\"bytesTransferred\">0</Data>\n<Data Name=\"bytesTransferredFromPeer\">0</Data>\n</EventData>\n</Event>\n"
  },
  {
    "EventID": 59,
    "Timestamp": "2014-01-25 01:38:31.695789+00:00",
    "Computer": "IACIS-HDD-2014",
    "Channel": "Microsoft-Windows-Bits-Client/Operational",
    "Level": "Information",
    "EventData": {
      "transferId": "{78a6e537-0cbf-4f20-8051-769bb81886fc}",
      "name": "WU Client Download",
      "Id": "{ec6b91e5-cc99-433e-bd32-50dc0088ad34}",
      "url": "http://au.download.windowsupdate.com/msdownload/update/software/secu/2011/11/windows6.1-kb2619339-x64_1cd9e68240835a6f89aa93b1784b232b6133a73e.psf",
      "peer": "",
      "fileTime": "2011-11-22 19:03:59+00:00",
      "fileLength": "15665787",
      "bytesTotal": "153921",
      "bytesTransferred": "0",
      "bytesTransferredFromPeer": "0"
    },
    "RawXml": "<Event xmlns=\"http://schemas.microsoft.com/win/2004/08/events/event\"><System><Provider Name=\"Microsoft-Windows-Bits-Client\" Guid=\"{ef1cc15b-46c1-414e-bb95-e76b077bd51e}\"></Provider>\n<EventID Qualifiers=\"\">59</EventID>\n<Version>1</Version>\n<Level>4</Level>\n<Task>0</Task>\n<Opcode>1</Opcode>\n<Keywords>0x4000000000000000</Keywords>\n<TimeCreated SystemTime=\"2014-01-25 01:38:31.695789+00:00\"></TimeCreated>\n<EventRecordID>511</EventRecordID>\n<Correlation ActivityID=\"{78a6e537-0cbf-4f20-8051-769bb81886fc}\" RelatedActivityID=\"\"></Correlation>\n<Execution ProcessID=\"888\" ThreadID=\"2952\"></Execution>\n<Channel>Microsoft-Windows-Bits-Client/Operational</Channel>\n<Computer>IACIS-HDD-2014</Computer>\n<Security UserID=\"S-1-5-18\"></Security>\n</System>\n<EventData><Data Name=\"transferId\">{78a6e537-0cbf-4f20-8051-769bb81886fc}</Data>\n<Data Name=\"name\">WU Client Download</Data>\n<Data Name=\"Id\">{ec6b91e5-cc99-433e-bd32-50dc0088ad34}</Data>\n<Data Name=\"url\">http://au.download.windowsupdate.com/msdownload/update/software/secu/2011/11/windows6.1-kb2619339-x64_1cd9e68240835a6f89aa93b1784b232b6133a73e.psf</Data>\n<Data Name=\"peer\"></Data>\n<Data Name=\"fileTime\">2011-11-22 19:03:59+00:00</Data>\n<Data Name=\"fileLength\">15665787</Data>\n<Data Name=\"bytesTotal\">153921</Data>\n<Data Name=\"bytesTransferred\">0</Data>\n<Data Name=\"bytesTransferredFromPeer\">0</Data>\n</EventData>\n</Event>\n"
  },
  {
    "EventID": 59,
    "Timestamp": "2014-01-25 01:38:31.711390+00:00",
    "Computer": "IACIS-HDD-2014",
    "Channel": "Microsoft-Windows-Bits-Client/Operational",
    "Level": "Information",
    "EventData": {
      "transferId": "{d32e13cc-6d3a-4b1f-a73b-a1bf226d62b2}",
      "name": "WU Client Download",
      "Id": "{84baa1de-3c15-4118-bcd1-834fb4cabfc5}",
      "url": "http://au.download.windowsupdate.com/msdownload/update/software/secu/2011/09/windows6.1-kb2564958-x64_901809de32afe5b6fdca2cd0aba1dc02fb456d51.psf",
      "peer": "",
      "fileTime": "2011-09-20 18:34:29+00:00",
      "fileLength": "21498436",
      "bytesTotal": "26362",
      "bytesTransferred": "0",
      "bytesTransferredFromPeer": "0"
    },
    "RawXml": "<Event xmlns=\"http://schemas.microsoft.com/win/2004/08/events/event\"><System><Provider Name=\"Microsoft-Windows-Bits-Client\" Guid=\"{ef1cc15b-46c1-414e-bb95-e76b077bd51e}\"></Provider>\n<EventID Qualifiers=\"\">59</EventID>\n<Version>1</Version>\n<Level>4</Level>\n<Task>0</Task>\n<Opcode>1</Opcode>\n<Keywords>0x4000000000000000</Keywords>\n<TimeCreated SystemTime=\"2014-01-25 01:38:31.711390+00:00\"></TimeCreated>\n<EventRecordID>512</EventRecordID>\n<Correlation ActivityID=\"{d32e13cc-6d3a-4b1f-a73b-a1bf226d62b2}\" RelatedActivityID=\"\"></Correlation>\n<Execution ProcessID=\"888\" ThreadID=\"2952\"></Execution>\n<Channel>Microsoft-Windows-Bits-Client/Operational</Channel>\n<Computer>IACIS-HDD-2014</Computer>\n<Security UserID=\"S-1-5-18\"></Security>\n</System>\n<EventData><Data Name=\"transferId\">{d32e13cc-6d3a-4b1f-a73b-a1bf226d62b2}</Data>\n<Data Name=\"name\">WU Client Download</Data>\n<Data Name=\"Id\">{84baa1de-3c15-4118-bcd1-834fb4cabfc5}</Data>\n<Data Name=\"url\">http://au.download.windowsupdate.com/msdownload/update/software/secu/2011/09/windows6.1-kb2564958-x64_901809de32afe5b6fdca2cd0aba1dc02fb456d51.psf</Data>\n<Data Name=\"peer\"></Data>\n<Data Name=\"fileTime\">2011-09-20 18:34:29+00:00</Data>\n<Data Name=\"fileLength\">21498436</Data>\n<Data Name=\"bytesTotal\">26362</Data>\n<Data Name=\"bytesTransferred\">0</Data>\n<Data Name=\"bytesTransferredFromPeer\">0</Data>\n</EventData>\n</Event>\n"
  },
  {
    "EventID": 59,
    "Timestamp": "2014-01-25 01:38:31.726990+00:00",
    "Computer": "IACIS-HDD-2014",
    "Channel": "Microsoft-Windows-Bits-Client/Operational",
    "Level": "Information",
    "EventData": {
      "transferId": "{b4a9805b-31aa-4eae-87b1-ee62c009584b}",
      "name": "WU Client Download",
      "Id": "{00f17695-570d-48a7-b257-0027a2ea6a34}",
      "url": "http://au.download.windowsupdate.com/msdownload/update/software/secu/2011/03/windows6.1-kb2511455-x64_18c6b97f6490d8b149a4a7357ed7309c6ae796de.psf",
      "peer": "",
      "fileTime": "2011-03-16 01:04:59+00:00",
      "fileLength": "4076404",
      "bytesTotal": "6239",
      "bytesTransferred": "0",
      "bytesTransferredFromPeer": "0"
    },
    "RawXml": "<Event xmlns=\"http://schemas.microsoft.com/win/2004/08/events/event\"><System><Provider Name=\"Microsoft-Windows-Bits-Client\" Guid=\"{ef1cc15b-46c1-414e-bb95-e76b077bd51e}\"></Provider>\n<EventID Qualifiers=\"\">59</EventID>\n<Version>1</Version>\n<Level>4</Level>\n<Task>0</Task>\n<Opcode>1</Opcode>\n<Keywords>0x4000000000000000</Keywords>\n<TimeCreated SystemTime=\"2014-01-25 01:38:31.726990+00:00\"></TimeCreated>\n<EventRecordID>513</EventRecordID>\n<Correlation ActivityID=\"{b4a9805b-31aa-4eae-87b1-ee62c009584b}\" RelatedActivityID=\"\"></Correlation>\n<Execution ProcessID=\"888\" ThreadID=\"2952\"></Execution>\n<Channel>Microsoft-Windows-Bits-Client/Operational</Channel>\n<Computer>IACIS-HDD-2014</Computer>\n<Security UserID=\"S-1-5-18\"></Security>\n</System>\n<EventData><Data Name=\"transferId\">{b4a9805b-31aa-4eae-87b1-ee62c009584b}</Data>\n<Data Name=\"name\">WU Client Download</Data>\n<Data Name=\"Id\">{00f17695-570d-48a7-b257-0027a2ea6a34}</Data>\n<Data Name=\"url\">http://au.download.windowsupdate.com/msdownload/update/software/secu/2011/03/windows6.1-kb2511455-x64_18c6b97f6490d8b149a4a7357ed7309c6ae796de.psf</Data>\n<Data Name=\"peer\"></Data>\n<Data Name=\"fileTime\">2011-03-16 01:04:59+00:00</Data>\n<Data Name=\"fileLength\">4076404</Data>\n<Data Name=\"bytesTotal\">6239</Data>\n<Data Name=\"bytesTransferred\">0</Data>\n<Data Name=\"bytesTransferredFromPeer\">0</Data>\n</EventData>\n</Event>\n"
  },
  {
    "EventID": 59,
    "Timestamp": "2014-01-25 01:38:31.742590+00:00",
    "Computer": "IACIS-HDD-2014",
    "Channel": "Microsoft-Windows-Bits-Client/Operational",
    "Level": "Information",
    "EventData": {
      "transferId": "{34ad30e7-6e09-4b2f-b017-7071dbbb1ae0}",
      "name": "WU Client Download",
      "Id": "{9b90acf5-8850-4f5d-ae23-cd746f0c83c2}",
      "url": "http://au.download.windowsupdate.com/msdownload/update/software/secu/2012/07/windows6.1-kb2712808-x64_b54ba72d09723876be04093cd51c3c4554b0dbfc.psf",
      "peer": "",
      "fileTime": "2012-07-25 19:11:50+00:00",
      "fileLength": "19625643",
      "bytesTotal": "18890",
      "bytesTransferred": "0",
      "bytesTransferredFromPeer": "0"
    },
    "RawXml": "<Event xmlns=\"http://schemas.microsoft.com/win/2004/08/events/event\"><System><Provider Name=\"Microsoft-Windows-Bits-Client\" Guid=\"{ef1cc15b-46c1-414e-bb95-e76b077bd51e}\"></Provider>\n<EventID Qualifiers=\"\">59</EventID>\n<Version>1</Version>\n<Level>4</Level>\n<Task>0</Task>\n<Opcode>1</Opcode>\n<Keywords>0x4000000000000000</Keywords>\n<TimeCreated SystemTime=\"2014-01-25 01:38:31.742590+00:00\"></TimeCreated>\n<EventRecordID>514</EventRecordID>\n<Correlation ActivityID=\"{34ad30e7-6e09-4b2f-b017-7071dbbb1ae0}\" RelatedActivityID=\"\"></Correlation>\n<Execution ProcessID=\"888\" ThreadID=\"2952\"></Execution>\n<Channel>Microsoft-Windows-Bits-Client/Operational</Channel>\n<Computer>IACIS-HDD-2014</Computer>\n<Security UserID=\"S-1-5-18\"></Security>\n</System>\n<EventData><Data Name=\"transferId\">{34ad30e7-6e09-4b2f-b017-7071dbbb1ae0}</Data>\n<Data Name=\"name\">WU Client Download</Data>\n<Data Name=\"Id\">{9b90acf5-8850-4f5d-ae23-cd746f0c83c2}</Data>\n<Data Name=\"url\">http://au.download.windowsupdate.com/msdownload/update/software/secu/2012/07/windows6.1-kb2712808-x64_b54ba72d09723876be04093cd51c3c4554b0dbfc.psf</Data>\n<Data Name=\"peer\"></Data>\n<Data Name=\"fileTime\">2012-07-25 19:11:50+00:00</Data>\n<Data Name=\"fileLength\">19625643</Data>\n<Data Name=\"bytesTotal\">18890</Data>\n<Data Name=\"bytesTransferred\">0</Data>\n<Data Name=\"bytesTransferredFromPeer\">0</Data>\n</EventData>\n</Event>\n"
  },
  {
    "EventID": 59,
    "Timestamp": "2014-01-25 01:38:31.758190+00:00",
    "Computer": "IACIS-HDD-2014",
    "Channel": "Microsoft-Windows-Bits-Client/Operational",
    "Level": "Information",
    "EventData": {
      "transferId": "{eb00be33-0967-4cdc-b01d-6fc06c38dc8d}",
      "name": "WU Client Download",
      "Id": "{20eb2bdc-e2f9-4f80-8ddf-87b2f65e57fb}",
      "url": "http://au.download.windowsupdate.com/msdownload/update/software/secu/2013/11/windows6.1-kb2892074-x64_6138db86cc359e3f4cd6321b340a0ef91d640b05.psf",
      "peer": "",
      "fileTime": "2013-11-20 01:18:38+00:00",
      "fileLength": "7822575",
      "bytesTotal": "17056",
      "bytesTransferred": "0",
      "bytesTransferredFromPeer": "0"
    },
    "RawXml": "<Event xmlns=\"http://schemas.microsoft.com/win/2004/08/events/event\"><System><Provider Name=\"Microsoft-Windows-Bits-Client\" Guid=\"{ef1cc15b-46c1-414e-bb95-e76b077bd51e}\"></Provider>\n<EventID Qualifiers=\"\">59</EventID>\n<Version>1</Version>\n<Level>4</Level>\n<Task>0</Task>\n<Opcode>1</Opcode>\n<Keywords>0x4000000000000000</Keywords>\n<TimeCreated SystemTime=\"2014-01-25 01:38:31.758190+00:00\"></TimeCreated>\n<EventRecordID>515</EventRecordID>\n<Correlation ActivityID=\"{eb00be33-0967-4cdc-b01d-6fc06c38dc8d}\" RelatedActivityID=\"\"></Correlation>\n<Execution ProcessID=\"888\" ThreadID=\"2952\"></Execution>\n<Channel>Microsoft-Windows-Bits-Client/Operational</Channel>\n<Computer>IACIS-HDD-2014</Computer>\n<Security UserID=\"S-1-5-18\"></Security>\n</System>\n<EventData><Data Name=\"transferId\">{eb00be33-0967-4cdc-b01d-6fc06c38dc8d}</Data>\n<Data Name=\"name\">WU Client Download</Data>\n<Data Name=\"Id\">{20eb2bdc-e2f9-4f80-8ddf-87b2f65e57fb}</Data>\n<Data Name=\"url\">http://au.download.windowsupdate.com/msdownload/update/software/secu/2013/11/windows6.1-kb2892074-x64_6138db86cc359e3f4cd6321b340a0ef91d640b05.psf</Data>\n<Data Name=\"peer\"></Data>\n<Data Name=\"fileTime\">2013-11-20 01:18:38+00:00</Data>\n<Data Name=\"fileLength\">7822575</Data>\n<Data Name=\"bytesTotal\">17056</Data>\n<Data Name=\"bytesTransferred\">0</Data>\n<Data Name=\"bytesTransferredFromPeer\">0</Data>\n</EventData>\n</Event>\n"
  },
  {
    "EventID": 59,
    "Timestamp": "2014-01-25 01:38:31.773790+00:00",
    "Computer": "IACIS-HDD-2014",
    "Channel": "Microsoft-Windows-Bits-Client/Operational",
    "Level": "Information",
    "EventData": {
      "transferId": "{624be0fd-ca81-42ef-8202-682810830cad}",
      "name": "WU Client Download",
      "Id": "{b8665756-7d32-4728-9a28-089999d66405}",
      "url": "http://au.download.windowsupdate.com/msdownload/update/software/secu/2013/09/windows6.1-kb2855844-x64_cf7f1424c25a75027aed0c46934aa4fc9c0db4cc.psf",
      "peer": "",
      "fileTime": "2013-09-17 21:09:40+00:00",
      "fileLength": "17703663",
      "bytesTotal": "151159",
      "bytesTransferred": "0",
      "bytesTransferredFromPeer": "0"
    },
    "RawXml": "<Event xmlns=\"http://schemas.microsoft.com/win/2004/08/events/event\"><System><Provider Name=\"Microsoft-Windows-Bits-Client\" Guid=\"{ef1cc15b-46c1-414e-bb95-e76b077bd51e}\"></Provider>\n<EventID Qualifiers=\"\">59</EventID>\n<Version>1</Version>\n<Level>4</Level>\n<Task>0</Task>\n<Opcode>1</Opcode>\n<Keywords>0x4000000000000000</Keywords>\n<TimeCreated SystemTime=\"2014-01-25 01:38:31.773790+00:00\"></TimeCreated>\n<EventRecordID>516</EventRecordID>\n<Correlation ActivityID=\"{624be0fd-ca81-42ef-8202-682810830cad}\" RelatedActivityID=\"\"></Correlation>\n<Execution ProcessID=\"888\" ThreadID=\"2952\"></Execution>\n<Channel>Microsoft-Windows-Bits-Client/Operational</Channel>\n<Computer>IACIS-HDD-2014</Computer>\n<Security UserID=\"S-1-5-18\"></Security>\n</System>\n<EventData><Data Name=\"transferId\">{624be0fd-ca81-42ef-8202-682810830cad}</Data>\n<Data Name=\"name\">WU Client Download</Data>\n<Data Name=\"Id\">{b8665756-7d32-4728-9a28-089999d66405}</Data>\n<Data Name=\"url\">http://au.download.windowsupdate.com/msdownload/update/software/secu/2013/09/windows6.1-kb2855844-x64_cf7f1424c25a75027aed0c46934aa4fc9c0db4cc.psf</Data>\n<Data Name=\"peer\"></Data>\n<Data Name=\"fileTime\">2013-09-17 21:09:40+00:00</Data>\n<Data Name=\"fileLength\">17703663</Data>\n<Data Name=\"bytesTotal\">151159</Data>\n<Data Name=\"bytesTransferred\">0</Data>\n<Data Name=\"bytesTransferredFromPeer\">0</Data>\n</EventData>\n</Event>\n"
  },
  {
    "EventID": 59,
    "Timestamp": "2014-01-25 01:38:31.789391+00:00",
    "Computer": "IACIS-HDD-2014",
    "Channel": "Microsoft-Windows-Bits-Client/Operational",
    "Level": "Information",
    "EventData": {
      "transferId": "{b437bbbb-5b5e-4811-887d-d5d18fefbfbc}",
      "name": "WU Client Download",
      "Id": "{73a0542c-1e1b-4b77-a223-18c64f001533}",
      "url": "http://au.download.windowsupdate.com/msdownload/update/software/secu/2013/05/windows6.1-kb2813430-x64_c6b25c32a059874e89f6197c35aa12b75a7dd6d4.psf",
      "peer": "",
      "fileTime": "2013-05-21 23:51:29+00:00",
      "fileLength": "39737574",
      "bytesTotal": "259611",
      "bytesTransferred": "0",
      "bytesTransferredFromPeer": "0"
    },
    "RawXml": "<Event xmlns=\"http://schemas.microsoft.com/win/2004/08/events/event\"><System><Provider Name=\"Microsoft-Windows-Bits-Client\" Guid=\"{ef1cc15b-46c1-414e-bb95-e76b077bd51e}\"></Provider>\n<EventID Qualifiers=\"\">59</EventID>\n<Version>1</Version>\n<Level>4</Level>\n<Task>0</Task>\n<Opcode>1</Opcode>\n<Keywords>0x4000000000000000</Keywords>\n<TimeCreated SystemTime=\"2014-01-25 01:38:31.789391+00:00\"></TimeCreated>\n<EventRecordID>517</EventRecordID>\n<Correlation ActivityID=\"{b437bbbb-5b5e-4811-887d-d5d18fefbfbc}\" RelatedActivityID=\"\"></Correlation>\n<Execution ProcessID=\"888\" ThreadID=\"2952\"></Execution>\n<Channel>Microsoft-Windows-Bits-Client/Operational</Channel>\n<Computer>IACIS-HDD-2014</Computer>\n<Security UserID=\"S-1-5-18\"></Security>\n</System>\n<EventData><Data Name=\"transferId\">{b437bbbb-5b5e-4811-887d-d5d18fefbfbc}</Data>\n<Data Name=\"name\">WU Client Download</Data>\n<Data Name=\"Id\">{73a0542c-1e1b-4b77-a223-18c64f001533}</Data>\n<Data Name=\"url\">http://au.download.windowsupdate.com/msdownload/update/software/secu/2013/05/windows6.1-kb2813430-x64_c6b25c32a059874e89f6197c35aa12b75a7dd6d4.psf</Data>\n<Data Name=\"peer\"></Data>\n<Data Name=\"fileTime\">2013-05-21 23:51:29+00:00</Data>\n<Data Name=\"fileLength\">39737574</Data>\n<Data Name=\"bytesTotal\">259611</Data>\n<Data Name=\"bytesTransferred\">0</Data>\n<Data Name=\"bytesTransferredFromPeer\">0</Data>\n</EventData>\n</Event>\n"
  },
  {
    "EventID": 59,
    "Timestamp": "2014-01-25 01:38:31.804989+00:00",
    "Computer": "IACIS-HDD-2014",
    "Channel": "Microsoft-Windows-Bits-Client/Operational",
    "Level": "Information",
    "EventData": {
      "transferId": "{01327357-0e55-450c-8ed1-02f8e2b41d6a}",
      "name": "WU Client Download",
      "Id": "{a5a9e5b0-e31c-4dfd-a9e9-050ad987dcb1}",
      "url": "http://au.download.windowsupdate.com/msdownload/update/software/secu/2012/01/windows6.1-kb2654428-x64_23e8331e1520a90b09a4e8bdc8b112f16aa5db28.psf",
      "peer": "",
      "fileTime": "2012-01-25 21:38:17+00:00",
      "fileLength": "8481965",
      "bytesTotal": "22206",
      "bytesTransferred": "0",
      "bytesTransferredFromPeer": "0"
    },
    "RawXml": "<Event xmlns=\"http://schemas.microsoft.com/win/2004/08/events/event\"><System><Provider Name=\"Microsoft-Windows-Bits-Client\" Guid=\"{ef1cc15b-46c1-414e-bb95-e76b077bd51e}\"></Provider>\n<EventID Qualifiers=\"\">59</EventID>\n<Version>1</Version>\n<Level>4</Level>\n<Task>0</Task>\n<Opcode>1</Opcode>\n<Keywords>0x4000000000000000</Keywords>\n<TimeCreated SystemTime=\"2014-01-25 01:38:31.804989+00:00\"></TimeCreated>\n<EventRecordID>518</EventRecordID>\n<Correlation ActivityID=\"{01327357-0e55-450c-8ed1-02f8e2b41d6a}\" RelatedActivityID=\"\"></Correlation>\n<Execution ProcessID=\"888\" ThreadID=\"2952\"></Execution>\n<Channel>Microsoft-Windows-Bits-Client/Operational</Channel>\n<Computer>IACIS-HDD-2014</Computer>\n<Security UserID=\"S-1-5-18\"></Security>\n</System>\n<EventData><Data Name=\"transferId\">{01327357-0e55-450c-8ed1-02f8e2b41d6a}</Data>\n<Data Name=\"name\">WU Client Download</Data>\n<Data Name=\"Id\">{a5a9e5b0-e31c-4dfd-a9e9-050ad987dcb1}</Data>\n<Data Name=\"url\">http://au.download.windowsupdate.com/msdownload/update/software/secu/2012/01/windows6.1-kb2654428-x64_23e8331e1520a90b09a4e8bdc8b112f16aa5db28.psf</Data>\n<Data Name=\"peer\"></Data>\n<Data Name=\"fileTime\">2012-01-25 21:38:17+00:00</Data>\n<Data Name=\"fileLength\">8481965</Data>\n<Data Name=\"bytesTotal\">22206</Data>\n<Data Name=\"bytesTransferred\">0</Data>\n<Data Name=\"bytesTransferredFromPeer\">0</Data>\n</EventData>\n</Event>\n"
  },
  {
    "EventID": 59,
    "Timestamp": "2014-01-25 01:38:31.820589+00:00",
    "Computer": "IACIS-HDD-2014",
    "Channel": "Microsoft-Windows-Bits-Client/Operational",
    "Level": "Information",
    "EventData": {
      "transferId": "{7a702527-e8e8-44c9-a1b7-20795bffde9a}",
      "name": "WU Client Download",
      "Id": "{8ef93bd2-953b-4f6a-998c-f7153c4a26f7}",
      "url": "http://au.download.windowsupdate.com/msdownload/update/software/secu/2011/05/windows6.1-kb2544893-x64_1f8f3188fae8ca5aad4596d19e7c2c573cd50ac7.psf",
      "peer": "",
      "fileTime": "2011-05-25 03:29:03+00:00",
      "fileLength": "21929543",
      "bytesTotal": "24210",
      "bytesTransferred": "0",
      "bytesTransferredFromPeer": "0"
    },
    "RawXml": "<Event xmlns=\"http://schemas.microsoft.com/win/2004/08/events/event\"><System><Provider Name=\"Microsoft-Windows-Bits-Client\" Guid=\"{ef1cc15b-46c1-414e-bb95-e76b077bd51e}\"></Provider>\n<EventID Qualifiers=\"\">59</EventID>\n<Version>1</Version>\n<Level>4</Level>\n<Task>0</Task>\n<Opcode>1</Opcode>\n<Keywords>0x4000000000000000</Keywords>\n<TimeCreated SystemTime=\"2014-01-25 01:38:31.820589+00:00\"></TimeCreated>\n<EventRecordID>519</EventRecordID>\n<Correlation ActivityID=\"{7a702527-e8e8-44c9-a1b7-20795bffde9a}\" RelatedActivityID=\"\"></Correlation>\n<Execution ProcessID=\"888\" ThreadID=\"2952\"></Execution>\n<Channel>Microsoft-Windows-Bits-Client/Operational</Channel>\n<Computer>IACIS-HDD-2014</Computer>\n<Security UserID=\"S-1-5-18\"></Security>\n</System>\n<EventData><Data Name=\"transferId\">{7a702527-e8e8-44c9-a1b7-20795bffde9a}</Data>\n<Data Name=\"name\">WU Client Download</Data>\n<Data Name=\"Id\">{8ef93bd2-953b-4f6a-998c-f7153c4a26f7}</Data>\n<Data Name=\"url\">http://au.download.windowsupdate.com/msdownload/update/software/secu/2011/05/windows6.1-kb2544893-x64_1f8f3188fae8ca5aad4596d19e7c2c573cd50ac7.psf</Data>\n<Data Name=\"peer\"></Data>\n<Data Name=\"fileTime\">2011-05-25 03:29:03+00:00</Data>\n<Data Name=\"fileLength\">21929543</Data>\n<Data Name=\"bytesTotal\">24210</Data>\n<Data Name=\"bytesTransferred\">0</Data>\n<Data Name=\"bytesTransferredFromPeer\">0</Data>\n</EventData>\n</Event>\n"
  },
  {
    "EventID": 59,
    "Timestamp": "2014-01-25 01:38:31.836189+00:00",
    "Computer": "IACIS-HDD-2014",
    "Channel": "Microsoft-Windows-Bits-Client/Operational",
    "Level": "Information",
    "EventData": {
      "transferId": "{c3bdaa8f-3e24-4f56-84f4-15bd27d138bd}",
      "name": "WU Client Download",
      "Id": "{e167ee76-b015-4b73-9911-d740a8fd6d6f}",
      "url": "http://au.download.windowsupdate.com/msdownload/update/software/secu/2011/03/windows6.1-kb2491683-x64_1b01b2d53f4b4224fcb51993054a2a4667a6ca2f.psf",
      "peer": "",
      "fileTime": "2011-03-16 00:35:57+00:00",
      "fileLength": "9915924",
      "bytesTotal": "12747",
      "bytesTransferred": "0",
      "bytesTransferredFromPeer": "0"
    },
    "RawXml": "<Event xmlns=\"http://schemas.microsoft.com/win/2004/08/events/event\"><System><Provider Name=\"Microsoft-Windows-Bits-Client\" Guid=\"{ef1cc15b-46c1-414e-bb95-e76b077bd51e}\"></Provider>\n<EventID Qualifiers=\"\">59</EventID>\n<Version>1</Version>\n<Level>4</Level>\n<Task>0</Task>\n<Opcode>1</Opcode>\n<Keywords>0x4000000000000000</Keywords>\n<TimeCreated SystemTime=\"2014-01-25 01:38:31.836189+00:00\"></TimeCreated>\n<EventRecordID>520</EventRecordID>\n<Correlation ActivityID=\"{c3bdaa8f-3e24-4f56-84f4-15bd27d138bd}\" RelatedActivityID=\"\"></Correlation>\n<Execution ProcessID=\"888\" ThreadID=\"2952\"></Execution>\n<Channel>Microsoft-Windows-Bits-Client/Operational</Channel>\n<Computer>IACIS-HDD-2014</Computer>\n<Security UserID=\"S-1-5-18\"></Security>\n</System>\n<EventData><Data Name=\"transferId\">{c3bdaa8f-3e24-4f56-84f4-15bd27d138bd}</Data>\n<Data Name=\"name\">WU Client Download</Data>\n<Data Name=\"Id\">{e167ee76-b015-4b73-9911-d740a8fd6d6f}</Data>\n<Data Name=\"url\">http://au.download.windowsupdate.com/msdownload/update/software/secu/2011/03/windows6.1-kb2491683-x64_1b01b2d53f4b4224fcb51993054a2a4667a6ca2f.psf</Data>\n<Data Name=\"peer\"></Data>\n<Data Name=\"fileTime\">2011-03-16 00:35:57+00:00</Data>\n<Data Name=\"fileLength\">9915924</Data>\n<Data Name=\"bytesTotal\">12747</Data>\n<Data Name=\"bytesTransferred\">0</Data>\n<Data Name=\"bytesTransferredFromPeer\">0</Data>\n</EventData>\n</Event>\n"
  },
  {
    "EventID": 59,
    "Timestamp": "2014-01-25 01:38:31.851789+00:00",
    "Computer": "IACIS-HDD-2014",
    "Channel": "Microsoft-Windows-Bits-Client/Operational",
    "Level": "Information",
    "EventData": {
      "transferId": "{94d452fe-c82e-4e4f-afb7-03f6831e3c18}",
      "name": "WU Client Download",
      "Id": "{558a6d10-dd42-47f1-b5ef-05cf4c38510d}",
      "url": "http://download.windowsupdate.com/msdownload/update/software/secu/2012/09/windows6.1-kb2705219-v2-x64_e63a0c0874117aa57547b4cd14a446aa303b7491.psf",
      "peer": "",
      "fileTime": "2012-09-26 06:36:00+00:00",
      "fileLength": "3197682",
      "bytesTotal": "12538",
      "bytesTransferred": "0",
      "bytesTransferredFromPeer": "0"
    },
    "RawXml": "<Event xmlns=\"http://schemas.microsoft.com/win/2004/08/events/event\"><System><Provider Name=\"Microsoft-Windows-Bits-Client\" Guid=\"{ef1cc15b-46c1-414e-bb95-e76b077bd51e}\"></Provider>\n<EventID Qualifiers=\"\">59</EventID>\n<Version>1</Version>\n<Level>4</Level>\n<Task>0</Task>\n<Opcode>1</Opcode>\n<Keywords>0x4000000000000000</Keywords>\n<TimeCreated SystemTime=\"2014-01-25 01:38:31.851789+00:00\"></TimeCreated>\n<EventRecordID>521</EventRecordID>\n<Correlation ActivityID=\"{94d452fe-c82e-4e4f-afb7-03f6831e3c18}\" RelatedActivityID=\"\"></Correlation>\n<Execution ProcessID=\"888\" ThreadID=\"2952\"></Execution>\n<Channel>Microsoft-Windows-Bits-Client/Operational</Channel>\n<Computer>IACIS-HDD-2014</Computer>\n<Security UserID=\"S-1-5-18\"></Security>\n</System>\n<EventData><Data Name=\"transferId\">{94d452fe-c82e-4e4f-afb7-03f6831e3c18}</Data>\n<Data Name=\"name\">WU Client Download</Data>\n<Data Name=\"Id\">{558a6d10-dd42-47f1-b5ef-05cf4c38510d}</Data>\n<Data Name=\"url\">http://download.windowsupdate.com/msdownload/update/software/secu/2012/09/windows6.1-kb2705219-v2-x64_e63a0c0874117aa57547b4cd14a446aa303b7491.psf</Data>\n<Data Name=\"peer\"></Data>\n<Data Name=\"fileTime\">2012-09-26 06:36:00+00:00</Data>\n<Data Name=\"fileLength\">3197682</Data>\n<Data Name=\"bytesTotal\">12538</Data>\n<Data Name=\"bytesTransferred\">0</Data>\n<Data Name=\"bytesTransferredFromPeer\">0</Data>\n</EventData>\n</Event>\n"
  },
  {
    "EventID": 60,
    "Timestamp": "2014-01-25 01:38:31.851789+00:00",
    "Computer": "IACIS-HDD-2014",
    "Channel": "Microsoft-Windows-Bits-Client/Operational",
    "Level": "Information",
    "EventData": {
      "transferId": "{cf96d7f3-d3a6-44d3-9fe3-5c3ecacd481d}",
      "name": "WU Client Download",
      "Id": "{e5ce664e-4de8-479a-867f-78f53447aa89}",
      "url": "http://au.download.windowsupdate.com/msdownload/update/software/crup/2011/06/windows6.1-kb2552343-x64-express_96351042efe2fe68a465d0b2d5ff5dadd812b4fb.cab",
      "peer": "",
      "hr": "0",
      "fileTime": "2011-06-23 00:26:47+00:00",
      "fileLength": "65061",
      "bytesTotal": "65061",
      "bytesTransferred": "65061",
      "proxy": "",
      "peerProtocolFlags": "0",
      "bytesTransferredFromPeer": "0",
      "AdditionalInfoHr": "0",
      "PeerContextInfo": "0",
      "bandwidthLimit": "18446744073709551615",
      "ignoreBandwidthLimitsOnLan": "False"
    },
    "RawXml": "<Event xmlns=\"http://schemas.microsoft.com/win/2004/08/events/event\"><System><Provider Name=\"Microsoft-Windows-Bits-Client\" Guid=\"{ef1cc15b-46c1-414e-bb95-e76b077bd51e}\"></Provider>\n<EventID Qualifiers=\"\">60</EventID>\n<Version>1</Version>\n<Level>4</Level>\n<Task>0</Task>\n<Opcode>2</Opcode>\n<Keywords>0x4000000000000000</Keywords>\n<TimeCreated SystemTime=\"2014-01-25 01:38:31.851789+00:00\"></TimeCreated>\n<EventRecordID>522</EventRecordID>\n<Correlation ActivityID=\"{cf96d7f3-d3a6-44d3-9fe3-5c3ecacd481d}\" RelatedActivityID=\"\"></Correlation>\n<Execution ProcessID=\"888\" ThreadID=\"2364\"></Execution>\n<Channel>Microsoft-Windows-Bits-Client/Operational</Channel>\n<Computer>IACIS-HDD-2014</Computer>\n<Security UserID=\"S-1-5-18\"></Security>\n</System>\n<EventData><Data Name=\"transferId\">{cf96d7f3-d3a6-44d3-9fe3-5c3ecacd481d}</Data>\n<Data Name=\"name\">WU Client Download</Data>\n<Data Name=\"Id\">{e5ce664e-4de8-479a-867f-78f53447aa89}</Data>\n<Data Name=\"url\">http://au.download.windowsupdate.com/msdownload/update/software/crup/2011/06/windows6.1-kb2552343-x64-express_96351042efe2fe68a465d0b2d5ff5dadd812b4fb.cab</Data>\n<Data Name=\"peer\"></Data>\n<Data Name=\"hr\">0</Data>\n<Data Name=\"fileTime\">2011-06-23 00:26:47+00:00</Data>\n<Data Name=\"fileLength\">65061</Data>\n<Data Name=\"bytesTotal\">65061</Data>\n<Data Name=\"bytesTransferred\">65061</Data>\n<Data Name=\"proxy\"></Data>\n<Data Name=\"peerProtocolFlags\">0</Data>\n<Data Name=\"bytesTransferredFromPeer\">0</Data>\n<Data Name=\"AdditionalInfoHr\">0</Data>\n<Data Name=\"PeerContextInfo\">0</Data>\n<Data Name=\"bandwidthLimit\">18446744073709551615</Data>\n<Data Name=\"ignoreBandwidthLimitsOnLan\">False</Data>\n</EventData>\n</Event>\n"
  },
  {
    "EventID": 60,
    "Timestamp": "2014-01-25 01:38:31.914190+00:00",
    "Computer": "IACIS-HDD-2014",
    "Channel": "Microsoft-Windows-Bits-Client/Operational",
    "Level": "Information",
    "EventData": {
      "transferId": "{3ae133c5-c152-442f-bd3e-665a85f6d0d2}",
      "name": "WU Client Download",
      "Id": "{87a0c0e2-b4fd-400c-9217-838e3a9ae955}",
      "url": "http://au.download.windowsupdate.com/msdownload/update/software/crup/2013/01/windows6.1-kb2786081-x64-express_a41f40aa2e2a091e158b70ea096a247460aacece.cab",
      "peer": "",
      "hr": "0",
      "fileTime": "2013-01-01 04:06:08+00:00",
      "fileLength": "32835",
      "bytesTotal": "32835",
      "bytesTransferred": "32835",
      "proxy": "",
      "peerProtocolFlags": "0",
      "bytesTransferredFromPeer": "0",
      "AdditionalInfoHr": "0",
      "PeerContextInfo": "0",
      "bandwidthLimit": "18446744073709551615",
      "ignoreBandwidthLimitsOnLan": "False"
    },
    "RawXml": "<Event xmlns=\"http://schemas.microsoft.com/win/2004/08/events/event\"><System><Provider Name=\"Microsoft-Windows-Bits-Client\" Guid=\"{ef1cc15b-46c1-414e-bb95-e76b077bd51e}\"></Provider>\n<EventID Qualifiers=\"\">60</EventID>\n<Version>1</Version>\n<Level>4</Level>\n<Task>0</Task>\n<Opcode>2</Opcode>\n<Keywords>0x4000000000000000</Keywords>\n<TimeCreated SystemTime=\"2014-01-25 01:38:31.914190+00:00\"></TimeCreated>\n<EventRecordID>523</EventRecordID>\n<Correlation ActivityID=\"{3ae133c5-c152-442f-bd3e-665a85f6d0d2}\" RelatedActivityID=\"\"></Correlation>\n<Execution ProcessID=\"888\" ThreadID=\"820\"></Execution>\n<Channel>Microsoft-Windows-Bits-Client/Operational</Channel>\n<Computer>IACIS-HDD-2014</Computer>\n<Security UserID=\"S-1-5-18\"></Security>\n</System>\n<EventData><Data Name=\"transferId\">{3ae133c5-c152-442f-bd3e-665a85f6d0d2}</Data>\n<Data Name=\"name\">WU Client Download</Data>\n<Data Name=\"Id\">{87a0c0e2-b4fd-400c-9217-838e3a9ae955}</Data>\n<Data Name=\"url\">http://au.download.windowsupdate.com/msdownload/update/software/crup/2013/01/windows6.1-kb2786081-x64-express_a41f40aa2e2a091e158b70ea096a247460aacece.cab</Data>\n<Data Name=\"peer\"></Data>\n<Data Name=\"hr\">0</Data>\n<Data Name=\"fileTime\">2013-01-01 04:06:08+00:00</Data>\n<Data Name=\"fileLength\">32835</Data>\n<Data Name=\"bytesTotal\">32835</Data>\n<Data Name=\"bytesTransferred\">32835</Data>\n<Data Name=\"proxy\"></Data>\n<Data Name=\"peerProtocolFlags\">0</Data>\n<Data Name=\"bytesTransferredFromPeer\">0</Data>\n<Data Name=\"AdditionalInfoHr\">0</Data>\n<Data Name=\"PeerContextInfo\">0</Data>\n<Data Name=\"bandwidthLimit\">18446744073709551615</Data>\n<Data Name=\"ignoreBandwidthLimitsOnLan\">False</Data>\n</EventData>\n</Event>\n"
  },
  {
    "EventID": 60,
    "Timestamp": "2014-01-25 01:38:31.960989+00:00",
    "Computer": "IACIS-HDD-2014",
    "Channel": "Microsoft-Windows-Bits-Client/Operational",
    "Level": "Information",
    "EventData": {
      "transferId": "{96a5eed0-8472-4f05-9aa7-e8bbf4d18b16}",
      "name": "WU Client Download",
      "Id": "{9f105281-a2db-4ade-b74d-3805ce004d2b}",
      "url": "http://au.download.windowsupdate.com/msdownload/update/software/secu/2012/09/windows6.1-kb2743555-x64-express_a959415808024c1ea421ac53b91dbb9f54243637.cab",
      "peer": "",
      "hr": "0",
      "fileTime": "2012-09-21 05:06:31+00:00",
      "fileLength": "57407",
      "bytesTotal": "57407",
      "bytesTransferred": "57407",
      "proxy": "",
      "peerProtocolFlags": "0",
      "bytesTransferredFromPeer": "0",
      "AdditionalInfoHr": "0",
      "PeerContextInfo": "0",
      "bandwidthLimit": "18446744073709551615",
      "ignoreBandwidthLimitsOnLan": "False"
    },
    "RawXml": "<Event xmlns=\"http://schemas.microsoft.com/win/2004/08/events/event\"><System><Provider Name=\"Microsoft-Windows-Bits-Client\" Guid=\"{ef1cc15b-46c1-414e-bb95-e76b077bd51e}\"></Provider>\n<EventID Qualifiers=\"\">60</EventID>\n<Version>1</Version>\n<Level>4</Level>\n<Task>0</Task>\n<Opcode>2</Opcode>\n<Keywords>0x4000000000000000</Keywords>\n<TimeCreated SystemTime=\"2014-01-25 01:38:31.960989+00:00\"></TimeCreated>\n<EventRecordID>524</EventRecordID>\n<Correlation ActivityID=\"{96a5eed0-8472-4f05-9aa7-e8bbf4d18b16}\" RelatedActivityID=\"\"></Correlation>\n<Execution ProcessID=\"888\" ThreadID=\"1448\"></Execution>\n<Channel>Microsoft-Windows-Bits-Client/Operational</Channel>\n<Computer>IACIS-HDD-2014</Computer>\n<Security UserID=\"S-1-5-18\"></Security>\n</System>\n<EventData><Data Name=\"transferId\">{96a5eed0-8472-4f05-9aa7-e8bbf4d18b16}</Data>\n<Data Name=\"name\">WU Client Download</Data>\n<Data Name=\"Id\">{9f105281-a2db-4ade-b74d-3805ce004d2b}</Data>\n<Data Name=\"url\">http://au.download.windowsupdate.com/msdownload/update/software/secu/2012/09/windows6.1-kb2743555-x64-express_a959415808024c1ea421ac53b91dbb9f54243637.cab</Data>\n<Data Name=\"peer\"></Data>\n<Data Name=\"hr\">0</Data>\n<Data Name=\"fileTime\">2012-09-21 05:06:31+00:00</Data>\n<Data Name=\"fileLength\">57407</Data>\n<Data Name=\"bytesTotal\">57407</Data>\n<Data Name=\"bytesTransferred\">57407</Data>\n<Data Name=\"proxy\"></Data>\n<Data Name=\"peerProtocolFlags\">0</Data>\n<Data Name=\"bytesTransferredFromPeer\">0</Data>\n<Data Name=\"AdditionalInfoHr\">0</Data>\n<Data Name=\"PeerContextInfo\">0</Data>\n<Data Name=\"bandwidthLimit\">18446744073709551615</Data>\n<Data Name=\"ignoreBandwidthLimitsOnLan\">False</Data>\n</EventData>\n</Event>\n"
  },
