  {
    "EventID": 9,
    "Timestamp": "2014-01-25 16:14:37.600712+00:00",
    "Computer": "IACIS-HDD-2014",
    "Channel": "Microsoft-Windows-WindowsSystemAssessmentTool/Operational",
    "Level": "Information",
    "EventData": {
      "PhaseID": "50",
      "DescriptionSize": "28",
      "Description": "Gather Graphics information"
    },
    "RawXml": "<Event xmlns=\"http://schemas.microsoft.com/win/2004/08/events/event\"><System><Provider Name=\"Microsoft-Windows-WindowsSystemAssessmentTool\" Guid=\"{11a75546-3234-465e-bec8-2d301cb501ac}\"></Provider>\n<EventID Qualifiers=\"\">9</EventID>\n<Version>0</Version>\n<Level>4</Level>\n<Task>1</Task>\n<Opcode>0</Opcode>\n<Keywords>0x8000000000000000</Keywords>\n<TimeCreated SystemTime=\"2014-01-25 16:14:37.600712+00:00\"></TimeCreated>\n<EventRecordID>41</EventRecordID>\n<Correlation ActivityID=\"\" RelatedActivityID=\"\"></Correlation>\n<Execution ProcessID=\"2608\" ThreadID=\"2732\"></Execution>\n<Channel>Microsoft-Windows-WindowsSystemAssessmentTool/Operational</Channel>\n<Computer>IACIS-HDD-2014</Computer>\n<Security UserID=\"S-1-5-21-1171287513-3642516788-2358256967-1001\"></Security>\n</System>\n<EventData><Data Name=\"PhaseID\">50</Data>\n<Data Name=\"DescriptionSize\">28</Data>\n<Data Name=\"Description\">Gather Graphics information</Data>\n</EventData>\n</Event>\n"
  },
  {
    "EventID": 9,
    "Timestamp": "2014-01-25 16:14:37.600712+00:00",
    "Computer": "IACIS-HDD-2014",
    "Channel": "Microsoft-Windows-WindowsSystemAssessmentTool/Operational",
    "Level": "Information",
    "EventData": {
      "PhaseID": "60",
      "DescriptionSize": "27",
      "Description": "Gather Monitor information"
    },
    "RawXml": "<Event xmlns=\"http://schemas.microsoft.com/win/2004/08/events/event\"><System><Provider Name=\"Microsoft-Windows-WindowsSystemAssessmentTool\" Guid=\"{11a75546-3234-465e-bec8-2d301cb501ac}\"></Provider>\n<EventID Qualifiers=\"\">9</EventID>\n<Version>0</Version>\n<Level>4</Level>\n<Task>1</Task>\n<Opcode>0</Opcode>\n<Keywords>0x8000000000000000</Keywords>\n<TimeCreated SystemTime=\"2014-01-25 16:14:37.600712+00:00\"></TimeCreated>\n<EventRecordID>42</EventRecordID>\n<Correlation ActivityID=\"\" RelatedActivityID=\"\"></Correlation>\n<Execution ProcessID=\"2608\" ThreadID=\"2732\"></Execution>\n<Channel>Microsoft-Windows-WindowsSystemAssessmentTool/Operational</Channel>\n<Computer>IACIS-HDD-2014</Computer>\n<Security UserID=\"S-1-5-21-1171287513-3642516788-2358256967-1001\"></Security>\n</System>\n<EventData><Data Name=\"PhaseID\">60</Data>\n<Data Name=\"DescriptionSize\">27</Data>\n<Data Name=\"Description\">Gather Monitor information</Data>\n</EventData>\n</Event>\n"
  },
  {
    "EventID": 10,
    "Timestamp": "2014-01-25 16:14:37.600712+00:00",
    "Computer": "IACIS-HDD-2014",
    "Channel": "Microsoft-Windows-WindowsSystemAssessmentTool/Operational",
    "Level": "Information",
    "EventData": {
      "PhaseID": "60"
    },
    "RawXml": "<Event xmlns=\"http://schemas.microsoft.com/win/2004/08/events/event\"><System><Provider Name=\"Microsoft-Windows-WindowsSystemAssessmentTool\" Guid=\"{11a75546-3234-465e-bec8-2d301cb501ac}\"></Provider>\n<EventID Qualifiers=\"\">10</EventID>\n<Version>0</Version>\n<Level>4</Level>\n<Task>1</Task>\n<Opcode>0</Opcode>\n<Keywords>0x8000000000000000</Keywords>\n<TimeCreated SystemTime=\"2014-01-25 16:14:37.600712+00:00\"></TimeCreated>\n<EventRecordID>43</EventRecordID>\n<Correlation ActivityID=\"\" RelatedActivityID=\"\"></Correlation>\n<Execution ProcessID=\"2608\" ThreadID=\"2732\"></Execution>\n<Channel>Microsoft-Windows-WindowsSystemAssessmentTool/Operational</Channel>\n<Computer>IACIS-HDD-2014</Computer>\n<Security UserID=\"S-1-5-21-1171287513-3642516788-2358256967-1001\"></Security>\n</System>\n<EventData><Data Name=\"PhaseID\">60</Data>\n</EventData>\n</Event>\n"
  },
  {
    "EventID": 9,
    "Timestamp": "2014-01-25 16:14:37.600712+00:00",
    "Computer": "IACIS-HDD-2014",
    "Channel": "Microsoft-Windows-WindowsSystemAssessmentTool/Operational",
    "Level": "Information",
    "EventData": {
      "PhaseID": "70",
      "DescriptionSize": "17",
      "Description": "Initializing DX9"
    },
    "RawXml": "<Event xmlns=\"http://schemas.microsoft.com/win/2004/08/events/event\"><System><Provider Name=\"Microsoft-Windows-WindowsSystemAssessmentTool\" Guid=\"{11a75546-3234-465e-bec8-2d301cb501ac}\"></Provider>\n<EventID Qualifiers=\"\">9</EventID>\n<Version>0</Version>\n<Level>4</Level>\n<Task>1</Task>\n<Opcode>0</Opcode>\n<Keywords>0x8000000000000000</Keywords>\n<TimeCreated SystemTime=\"2014-01-25 16:14:37.600712+00:00\"></TimeCreated>\n<EventRecordID>44</EventRecordID>\n<Correlation ActivityID=\"\" RelatedActivityID=\"\"></Correlation>\n<Execution ProcessID=\"2608\" ThreadID=\"2732\"></Execution>\n<Channel>Microsoft-Windows-WindowsSystemAssessmentTool/Operational</Channel>\n<Computer>IACIS-HDD-2014</Computer>\n<Security UserID=\"S-1-5-21-1171287513-3642516788-2358256967-1001\"></Security>\n</System>\n<EventData><Data Name=\"PhaseID\">70</Data>\n<Data Name=\"DescriptionSize\">17</Data>\n<Data Name=\"Description\">Initializing DX9</Data>\n</EventData>\n</Event>\n"
  },
  {
    "EventID": 10,
    "Timestamp": "2014-01-25 16:14:37.600712+00:00",
    "Computer": "IACIS-HDD-2014",
    "Channel": "Microsoft-Windows-WindowsSystemAssessmentTool/Operational",
    "Level": "Information",
    "EventData": {
      "PhaseID": "70"
    },
    "RawXml": "<Event xmlns=\"http://schemas.microsoft.com/win/2004/08/events/event\"><System><Provider Name=\"Microsoft-Windows-WindowsSystemAssessmentTool\" Guid=\"{11a75546-3234-465e-bec8-2d301cb501ac}\"></Provider>\n<EventID Qualifiers=\"\">10</EventID>\n<Version>0</Version>\n<Level>4</Level>\n<Task>1</Task>\n<Opcode>0</Opcode>\n<Keywords>0x8000000000000000</Keywords>\n<TimeCreated SystemTime=\"2014-01-25 16:14:37.600712+00:00\"></TimeCreated>\n<EventRecordID>45</EventRecordID>\n<Correlation ActivityID=\"\" RelatedActivityID=\"\"></Correlation>\n<Execution ProcessID=\"2608\" ThreadID=\"2732\"></Execution>\n<Channel>Microsoft-Windows-WindowsSystemAssessmentTool/Operational</Channel>\n<Computer>IACIS-HDD-2014</Computer>\n<Security UserID=\"S-1-5-21-1171287513-3642516788-2358256967-1001\"></Security>\n</System>\n<EventData><Data Name=\"PhaseID\">70</Data>\n</EventData>\n</Event>\n"
  },
  {
    "EventID": 9,
    "Timestamp": "2014-01-25 16:14:37.600712+00:00",
    "Computer": "IACIS-HDD-2014",
    "Channel": "Microsoft-Windows-WindowsSystemAssessmentTool/Operational",
    "Level": "Information",
    "EventData": {
      "PhaseID": "80",
      "DescriptionSize": "28",
      "Description": "Get DX9 Device capabilities"
    },
    "RawXml": "<Event xmlns=\"http://schemas.microsoft.com/win/2004/08/events/event\"><System><Provider Name=\"Microsoft-Windows-WindowsSystemAssessmentTool\" Guid=\"{11a75546-3234-465e-bec8-2d301cb501ac}\"></Provider>\n<EventID Qualifiers=\"\">9</EventID>\n<Version>0</Version>\n<Level>4</Level>\n<Task>1</Task>\n<Opcode>0</Opcode>\n<Keywords>0x8000000000000000</Keywords>\n<TimeCreated SystemTime=\"2014-01-25 16:14:37.600712+00:00\"></TimeCreated>\n<EventRecordID>46</EventRecordID>\n<Correlation ActivityID=\"\" RelatedActivityID=\"\"></Correlation>\n<Execution ProcessID=\"2608\" ThreadID=\"2732\"></Execution>\n<Channel>Microsoft-Windows-WindowsSystemAssessmentTool/Operational</Channel>\n<Computer>IACIS-HDD-2014</Computer>\n<Security UserID=\"S-1-5-21-1171287513-3642516788-2358256967-1001\"></Security>\n</System>\n<EventData><Data Name=\"PhaseID\">80</Data>\n<Data Name=\"DescriptionSize\">28</Data>\n<Data Name=\"Description\">Get DX9 Device capabilities</Data>\n</EventData>\n</Event>\n"
  },
  {
    "EventID": 10,
    "Timestamp": "2014-01-25 16:14:37.881512+00:00",
    "Computer": "IACIS-HDD-2014",
    "Channel": "Microsoft-Windows-WindowsSystemAssessmentTool/Operational",
    "Level": "Information",
    "EventData": {
      "PhaseID": "80"
    },
    "RawXml": "<Event xmlns=\"http://schemas.microsoft.com/win/2004/08/events/event\"><System><Provider Name=\"Microsoft-Windows-WindowsSystemAssessmentTool\" Guid=\"{11a75546-3234-465e-bec8-2d301cb501ac}\"></Provider>\n<EventID Qualifiers=\"\">10</EventID>\n<Version>0</Version>\n<Level>4</Level>\n<Task>1</Task>\n<Opcode>0</Opcode>\n<Keywords>0x8000000000000000</Keywords>\n<TimeCreated SystemTime=\"2014-01-25 16:14:37.881512+00:00\"></TimeCreated>\n<EventRecordID>47</EventRecordID>\n<Correlation ActivityID=\"\" RelatedActivityID=\"\"></Correlation>\n<Execution ProcessID=\"2608\" ThreadID=\"2732\"></Execution>\n<Channel>Microsoft-Windows-WindowsSystemAssessmentTool/Operational</Channel>\n<Computer>IACIS-HDD-2014</Computer>\n<Security UserID=\"S-1-5-21-1171287513-3642516788-2358256967-1001\"></Security>\n</System>\n<EventData><Data Name=\"PhaseID\">80</Data>\n</EventData>\n</Event>\n"
  },
  {
    "EventID": 9,
    "Timestamp": "2014-01-25 16:14:37.881512+00:00",
    "Computer": "IACIS-HDD-2014",
    "Channel": "Microsoft-Windows-WindowsSystemAssessmentTool/Operational",
    "Level": "Information",
    "EventData": {
      "PhaseID": "90",
      "DescriptionSize": "24",
      "Description": "Get Adapter Description"
    },
    "RawXml": "<Event xmlns=\"http://schemas.microsoft.com/win/2004/08/events/event\"><System><Provider Name=\"Microsoft-Windows-WindowsSystemAssessmentTool\" Guid=\"{11a75546-3234-465e-bec8-2d301cb501ac}\"></Provider>\n<EventID Qualifiers=\"\">9</EventID>\n<Version>0</Version>\n<Level>4</Level>\n<Task>1</Task>\n<Opcode>0</Opcode>\n<Keywords>0x8000000000000000</Keywords>\n<TimeCreated SystemTime=\"2014-01-25 16:14:37.881512+00:00\"></TimeCreated>\n<EventRecordID>48</EventRecordID>\n<Correlation ActivityID=\"\" RelatedActivityID=\"\"></Correlation>\n<Execution ProcessID=\"2608\" ThreadID=\"2732\"></Execution>\n<Channel>Microsoft-Windows-WindowsSystemAssessmentTool/Operational</Channel>\n<Computer>IACIS-HDD-2014</Computer>\n<Security UserID=\"S-1-5-21-1171287513-3642516788-2358256967-1001\"></Security>\n</System>\n<EventData><Data Name=\"PhaseID\">90</Data>\n<Data Name=\"DescriptionSize\">24</Data>\n<Data Name=\"Description\">Get Adapter Description</Data>\n</EventData>\n</Event>\n"
  },
  {
    "EventID": 10,
    "Timestamp": "2014-01-25 16:14:37.928312+00:00",
    "Computer": "IACIS-HDD-2014",
    "Channel": "Microsoft-Windows-WindowsSystemAssessmentTool/Operational",
    "Level": "Information",
    "EventData": {
      "PhaseID": "90"
    },
    "RawXml": "<Event xmlns=\"http://schemas.microsoft.com/win/2004/08/events/event\"><System><Provider Name=\"Microsoft-Windows-WindowsSystemAssessmentTool\" Guid=\"{11a75546-3234-465e-bec8-2d301cb501ac}\"></Provider>\n<EventID Qualifiers=\"\">10</EventID>\n<Version>0</Version>\n<Level>4</Level>\n<Task>1</Task>\n<Opcode>0</Opcode>\n<Keywords>0x8000000000000000</Keywords>\n<TimeCreated SystemTime=\"2014-01-25 16:14:37.928312+00:00\"></TimeCreated>\n<EventRecordID>49</EventRecordID>\n<Correlation ActivityID=\"\" RelatedActivityID=\"\"></Correlation>\n<Execution ProcessID=\"2608\" ThreadID=\"2732\"></Execution>\n<Channel>Microsoft-Windows-WindowsSystemAssessmentTool/Operational</Channel>\n<Computer>IACIS-HDD-2014</Computer>\n<Security UserID=\"S-1-5-21-1171287513-3642516788-2358256967-1001\"></Security>\n</System>\n<EventData><Data Name=\"PhaseID\">90</Data>\n</EventData>\n</Event>\n"
  },
  {
    "EventID": 10,
    "Timestamp": "2014-01-25 16:14:37.928312+00:00",
    "Computer": "IACIS-HDD-2014",
    "Channel": "Microsoft-Windows-WindowsSystemAssessmentTool/Operational",
    "Level": "Information",
    "EventData": {
      "PhaseID": "50"
    },
    "RawXml": "<Event xmlns=\"http://schemas.microsoft.com/win/2004/08/events/event\"><System><Provider Name=\"Microsoft-Windows-WindowsSystemAssessmentTool\" Guid=\"{11a75546-3234-465e-bec8-2d301cb501ac}\"></Provider>\n<EventID Qualifiers=\"\">10</EventID>\n<Version>0</Version>\n<Level>4</Level>\n<Task>1</Task>\n<Opcode>0</Opcode>\n<Keywords>0x8000000000000000</Keywords>\n<TimeCreated SystemTime=\"2014-01-25 16:14:37.928312+00:00\"></TimeCreated>\n<EventRecordID>50</EventRecordID>\n<Correlation ActivityID=\"\" RelatedActivityID=\"\"></Correlation>\n<Execution ProcessID=\"2608\" ThreadID=\"2732\"></Execution>\n<Channel>Microsoft-Windows-WindowsSystemAssessmentTool/Operational</Channel>\n<Computer>IACIS-HDD-2014</Computer>\n<Security UserID=\"S-1-5-21-1171287513-3642516788-2358256967-1001\"></Security>\n</System>\n<EventData><Data Name=\"PhaseID\">50</Data>\n</EventData>\n</Event>\n"
  },
  {
    "EventID": 10,
    "Timestamp": "2014-01-25 16:14:37.928312+00:00",
    "Computer": "IACIS-HDD-2014",
    "Channel": "Microsoft-Windows-WindowsSystemAssessmentTool/Operational",
    "Level": "Information",
    "EventData": {
      "PhaseID": "30"
    },
    "RawXml": "<Event xmlns=\"http://schemas.microsoft.com/win/2004/08/events/event\"><System><Provider Name=\"Microsoft-Windows-WindowsSystemAssessmentTool\" Guid=\"{11a75546-3234-465e-bec8-2d301cb501ac}\"></Provider>\n<EventID Qualifiers=\"\">10</EventID>\n<Version>0</Version>\n<Level>4</Level>\n<Task>1</Task>\n<Opcode>0</Opcode>\n<Keywords>0x8000000000000000</Keywords>\n<TimeCreated SystemTime=\"2014-01-25 16:14:37.928312+00:00\"></TimeCreated>\n<EventRecordID>51</EventRecordID>\n<Correlation ActivityID=\"\" RelatedActivityID=\"\"></Correlation>\n<Execution ProcessID=\"2608\" ThreadID=\"2732\"></Execution>\n<Channel>Microsoft-Windows-WindowsSystemAssessmentTool/Operational</Channel>\n<Computer>IACIS-HDD-2014</Computer>\n<Security UserID=\"S-1-5-21-1171287513-3642516788-2358256967-1001\"></Security>\n</System>\n<EventData><Data Name=\"PhaseID\">30</Data>\n</EventData>\n</Event>\n"
  },
  {
    "EventID": 10,
    "Timestamp": "2014-01-25 16:14:38.021912+00:00",
    "Computer": "IACIS-HDD-2014",
    "Channel": "Microsoft-Windows-WindowsSystemAssessmentTool/Operational",
    "Level": "Information",
    "EventData": {
      "PhaseID": "10"
    },
    "RawXml": "<Event xmlns=\"http://schemas.microsoft.com/win/2004/08/events/event\"><System><Provider Name=\"Microsoft-Windows-WindowsSystemAssessmentTool\" Guid=\"{11a75546-3234-465e-bec8-2d301cb501ac}\"></Provider>\n<EventID Qualifiers=\"\">10</EventID>\n<Version>0</Version>\n<Level>4</Level>\n<Task>1</Task>\n<Opcode>0</Opcode>\n<Keywords>0x8000000000000000</Keywords>\n<TimeCreated SystemTime=\"2014-01-25 16:14:38.021912+00:00\"></TimeCreated>\n<EventRecordID>52</EventRecordID>\n<Correlation ActivityID=\"\" RelatedActivityID=\"\"></Correlation>\n<Execution ProcessID=\"2608\" ThreadID=\"2732\"></Execution>\n<Channel>Microsoft-Windows-WindowsSystemAssessmentTool/Operational</Channel>\n<Computer>IACIS-HDD-2014</Computer>\n<Security UserID=\"S-1-5-21-1171287513-3642516788-2358256967-1001\"></Security>\n</System>\n<EventData><Data Name=\"PhaseID\">10</Data>\n</EventData>\n</Event>\n"
  },
  {
    "EventID": 9,
    "Timestamp": "2014-01-25 16:14:38.021912+00:00",
    "Computer": "IACIS-HDD-2014",
    "Channel": "Microsoft-Windows-WindowsSystemAssessmentTool/Operational",
    "Level": "Information",
    "EventData": {
      "PhaseID": "1001",
      "DescriptionSize": "27",
      "Description": "Run Assessment, features, "
    },
    "RawXml": "<Event xmlns=\"http://schemas.microsoft.com/win/2004/08/events/event\"><System><Provider Name=\"Microsoft-Windows-WindowsSystemAssessmentTool\" Guid=\"{11a75546-3234-465e-bec8-2d301cb501ac}\"></Provider>\n<EventID Qualifiers=\"\">9</EventID>\n<Version>0</Version>\n<Level>4</Level>\n<Task>1</Task>\n<Opcode>0</Opcode>\n<Keywords>0x8000000000000000</Keywords>\n<TimeCreated SystemTime=\"2014-01-25 16:14:38.021912+00:00\"></TimeCreated>\n<EventRecordID>53</EventRecordID>\n<Correlation ActivityID=\"\" RelatedActivityID=\"\"></Correlation>\n<Execution ProcessID=\"2608\" ThreadID=\"2732\"></Execution>\n<Channel>Microsoft-Windows-WindowsSystemAssessmentTool/Operational</Channel>\n<Computer>IACIS-HDD-2014</Computer>\n<Security UserID=\"S-1-5-21-1171287513-3642516788-2358256967-1001\"></Security>\n</System>\n<EventData><Data Name=\"PhaseID\">1001</Data>\n<Data Name=\"DescriptionSize\">27</Data>\n<Data Name=\"Description\">Run Assessment, features, </Data>\n</EventData>\n</Event>\n"
  },
  {
    "EventID": 9,
    "Timestamp": "2014-01-25 16:14:38.131111+00:00",
    "Computer": "IACIS-HDD-2014",
    "Channel": "Microsoft-Windows-WindowsSystemAssessmentTool/Operational",
    "Level": "Information",
    "EventData": {
      "PhaseID": "120",
      "DescriptionSize": "33",
      "Description": "Get graphics adapter information"
    },
    "RawXml": "<Event xmlns=\"http://schemas.microsoft.com/win/2004/08/events/event\"><System><Provider Name=\"Microsoft-Windows-WindowsSystemAssessmentTool\" Guid=\"{11a75546-3234-465e-bec8-2d301cb501ac}\"></Provider>\n<EventID Qualifiers=\"\">9</EventID>\n<Version>0</Version>\n<Level>4</Level>\n<Task>1</Task>\n<Opcode>0</Opcode>\n<Keywords>0x8000000000000000</Keywords>\n<TimeCreated SystemTime=\"2014-01-25 16:14:38.131111+00:00\"></TimeCreated>\n<EventRecordID>54</EventRecordID>\n<Correlation ActivityID=\"\" RelatedActivityID=\"\"></Correlation>\n<Execution ProcessID=\"2608\" ThreadID=\"2732\"></Execution>\n<Channel>Microsoft-Windows-WindowsSystemAssessmentTool/Operational</Channel>\n<Computer>IACIS-HDD-2014</Computer>\n<Security UserID=\"S-1-5-21-1171287513-3642516788-2358256967-1001\"></Security>\n</System>\n<EventData><Data Name=\"PhaseID\">120</Data>\n<Data Name=\"DescriptionSize\">33</Data>\n<Data Name=\"Description\">Get graphics adapter information</Data>\n</EventData>\n</Event>\n"
  },
  {
    "EventID": 10,
    "Timestamp": "2014-01-25 16:14:38.224710+00:00",
    "Computer": "IACIS-HDD-2014",
    "Channel": "Microsoft-Windows-WindowsSystemAssessmentTool/Operational",
    "Level": "Information",
    "EventData": {
      "PhaseID": "120"
    },
    "RawXml": "<Event xmlns=\"http://schemas.microsoft.com/win/2004/08/events/event\"><System><Provider Name=\"Microsoft-Windows-WindowsSystemAssessmentTool\" Guid=\"{11a75546-3234-465e-bec8-2d301cb501ac}\"></Provider>\n<EventID Qualifiers=\"\">10</EventID>\n<Version>0</Version>\n<Level>4</Level>\n<Task>1</Task>\n<Opcode>0</Opcode>\n<Keywords>0x8000000000000000</Keywords>\n<TimeCreated SystemTime=\"2014-01-25 16:14:38.224710+00:00\"></TimeCreated>\n<EventRecordID>55</EventRecordID>\n<Correlation ActivityID=\"\" RelatedActivityID=\"\"></Correlation>\n<Execution ProcessID=\"2608\" ThreadID=\"2732\"></Execution>\n<Channel>Microsoft-Windows-WindowsSystemAssessmentTool/Operational</Channel>\n<Computer>IACIS-HDD-2014</Computer>\n<Security UserID=\"S-1-5-21-1171287513-3642516788-2358256967-1001\"></Security>\n</System>\n<EventData><Data Name=\"PhaseID\">120</Data>\n</EventData>\n</Event>\n"
  },
  {
    "EventID": 10,
    "Timestamp": "2014-01-25 16:14:38.271513+00:00",
    "Computer": "IACIS-HDD-2014",
    "Channel": "Microsoft-Windows-WindowsSystemAssessmentTool/Operational",
    "Level": "Information",
    "EventData": {
      "PhaseID": "1001"
    },
    "RawXml": "<Event xmlns=\"http://schemas.microsoft.com/win/2004/08/events/event\"><System><Provider Name=\"Microsoft-Windows-WindowsSystemAssessmentTool\" Guid=\"{11a75546-3234-465e-bec8-2d301cb501ac}\"></Provider>\n<EventID Qualifiers=\"\">10</EventID>\n<Version>0</Version>\n<Level>4</Level>\n<Task>1</Task>\n<Opcode>0</Opcode>\n<Keywords>0x8000000000000000</Keywords>\n<TimeCreated SystemTime=\"2014-01-25 16:14:38.271513+00:00\"></TimeCreated>\n<EventRecordID>56</EventRecordID>\n<Correlation ActivityID=\"\" RelatedActivityID=\"\"></Correlation>\n<Execution ProcessID=\"2608\" ThreadID=\"2732\"></Execution>\n<Channel>Microsoft-Windows-WindowsSystemAssessmentTool/Operational</Channel>\n<Computer>IACIS-HDD-2014</Computer>\n<Security UserID=\"S-1-5-21-1171287513-3642516788-2358256967-1001\"></Security>\n</System>\n<EventData><Data Name=\"PhaseID\">1001</Data>\n</EventData>\n</Event>\n"
  },
  {
    "EventID": 9,
    "Timestamp": "2014-01-25 16:14:38.271513+00:00",
    "Computer": "IACIS-HDD-2014",
    "Channel": "Microsoft-Windows-WindowsSystemAssessmentTool/Operational",
    "Level": "Information",
    "EventData": {
      "PhaseID": "1006",
      "DescriptionSize": "179",
      "Description": "Run Assessment, d3d, -aname Batch -time 5 -fbc 10 -disp off -animate 10 -width 1280 -height 1024 -totalobj 300 -batchcnt C(10) -objs C(26) -rendertotex 6 -rtdelta 3 -texpobj C(1)"
    },
    "RawXml": "<Event xmlns=\"http://schemas.microsoft.com/win/2004/08/events/event\"><System><Provider Name=\"Microsoft-Windows-WindowsSystemAssessmentTool\" Guid=\"{11a75546-3234-465e-bec8-2d301cb501ac}\"></Provider>\n<EventID Qualifiers=\"\">9</EventID>\n<Version>0</Version>\n<Level>4</Level>\n<Task>1</Task>\n<Opcode>0</Opcode>\n<Keywords>0x8000000000000000</Keywords>\n<TimeCreated SystemTime=\"2014-01-25 16:14:38.271513+00:00\"></TimeCreated>\n<EventRecordID>57</EventRecordID>\n<Correlation ActivityID=\"\" RelatedActivityID=\"\"></Correlation>\n<Execution ProcessID=\"2608\" ThreadID=\"2732\"></Execution>\n<Channel>Microsoft-Windows-WindowsSystemAssessmentTool/Operational</Channel>\n<Computer>IACIS-HDD-2014</Computer>\n<Security UserID=\"S-1-5-21-1171287513-3642516788-2358256967-1001\"></Security>\n</System>\n<EventData><Data Name=\"PhaseID\">1006</Data>\n<Data Name=\"DescriptionSize\">179</Data>\n<Data Name=\"Description\">Run Assessment, d3d, -aname Batch -time 5 -fbc 10 -disp off -animate 10 -width 1280 -height 1024 -totalobj 300 -batchcnt C(10) -objs C(26) -rendertotex 6 -rtdelta 3 -texpobj C(1)</Data>\n</EventData>\n</Event>\n"
  },
  {
    "EventID": 10,
    "Timestamp": "2014-01-25 16:14:45.353924+00:00",
    "Computer": "IACIS-HDD-2014",
    "Channel": "Microsoft-Windows-WindowsSystemAssessmentTool/Operational",
    "Level": "Information",
    "EventData": {
      "PhaseID": "1006"
    },
    "RawXml": "<Event xmlns=\"http://schemas.microsoft.com/win/2004/08/events/event\"><System><Provider Name=\"Microsoft-Windows-WindowsSystemAssessmentTool\" Guid=\"{11a75546-3234-465e-bec8-2d301cb501ac}\"></Provider>\n<EventID Qualifiers=\"\">10</EventID>\n<Version>0</Version>\n<Level>4</Level>\n<Task>1</Task>\n<Opcode>0</Opcode>\n<Keywords>0x8000000000000000</Keywords>\n<TimeCreated SystemTime=\"2014-01-25 16:14:45.353924+00:00\"></TimeCreated>\n<EventRecordID>58</EventRecordID>\n<Correlation ActivityID=\"\" RelatedActivityID=\"\"></Correlation>\n<Execution ProcessID=\"2608\" ThreadID=\"2732\"></Execution>\n<Channel>Microsoft-Windows-WindowsSystemAssessmentTool/Operational</Channel>\n<Computer>IACIS-HDD-2014</Computer>\n<Security UserID=\"S-1-5-21-1171287513-3642516788-2358256967-1001\"></Security>\n</System>\n<EventData><Data Name=\"PhaseID\">1006</Data>\n</EventData>\n</Event>\n"
  },
  {
    "EventID": 9,
    "Timestamp": "2014-01-25 16:14:45.353924+00:00",
    "Computer": "IACIS-HDD-2014",
    "Channel": "Microsoft-Windows-WindowsSystemAssessmentTool/Operational",
    "Level": "Information",
    "EventData": {
      "PhaseID": "1006",
      "DescriptionSize": "179",
      "Description": "Run Assessment, d3d, -aname Alpha -time 5 -fbc 10 -disp off -animate 10 -width 1280 -height 1024 -totalobj 300 -batchcnt C(75) -objs C(26) -rendertotex 6 -rtdelta 3 -texpobj C(1)"
    },
    "RawXml": "<Event xmlns=\"http://schemas.microsoft.com/win/2004/08/events/event\"><System><Provider Name=\"Microsoft-Windows-WindowsSystemAssessmentTool\" Guid=\"{11a75546-3234-465e-bec8-2d301cb501ac}\"></Provider>\n<EventID Qualifiers=\"\">9</EventID>\n<Version>0</Version>\n<Level>4</Level>\n<Task>1</Task>\n<Opcode>0</Opcode>\n<Keywords>0x8000000000000000</Keywords>\n<TimeCreated SystemTime=\"2014-01-25 16:14:45.353924+00:00\"></TimeCreated>\n<EventRecordID>59</EventRecordID>\n<Correlation ActivityID=\"\" RelatedActivityID=\"\"></Correlation>\n<Execution ProcessID=\"2608\" ThreadID=\"2732\"></Execution>\n<Channel>Microsoft-Windows-WindowsSystemAssessmentTool/Operational</Channel>\n<Computer>IACIS-HDD-2014</Computer>\n<Security UserID=\"S-1-5-21-1171287513-3642516788-2358256967-1001\"></Security>\n</System>\n<EventData><Data Name=\"PhaseID\">1006</Data>\n<Data Name=\"DescriptionSize\">179</Data>\n<Data Name=\"Description\">Run Assessment, d3d, -aname Alpha -time 5 -fbc 10 -disp off -animate 10 -width 1280 -height 1024 -totalobj 300 -batchcnt C(75) -objs C(26) -rendertotex 6 -rtdelta 3 -texpobj C(1)</Data>\n</EventData>\n</Event>\n"
  },
  {
    "EventID": 10,
    "Timestamp": "2014-01-25 16:14:46.508327+00:00",
    "Computer": "IACIS-HDD-2014",
    "Channel": "Microsoft-Windows-WindowsSystemAssessmentTool/Operational",
    "Level": "Information",
    "EventData": {
      "PhaseID": "1006"
    },
    "RawXml": "<Event xmlns=\"http://schemas.microsoft.com/win/2004/08/events/event\"><System><Provider Name=\"Microsoft-Windows-WindowsSystemAssessmentTool\" Guid=\"{11a75546-3234-465e-bec8-2d301cb501ac}\"></Provider>\n<EventID Qualifiers=\"\">10</EventID>\n<Version>0</Version>\n<Level>4</Level>\n<Task>1</Task>\n<Opcode>0</Opcode>\n<Keywords>0x8000000000000000</Keywords>\n<TimeCreated SystemTime=\"2014-01-25 16:14:46.508327+00:00\"></TimeCreated>\n<EventRecordID>60</EventRecordID>\n<Correlation ActivityID=\"\" RelatedActivityID=\"\"></Correlation>\n<Execution ProcessID=\"2608\" ThreadID=\"2732\"></Execution>\n<Channel>Microsoft-Windows-WindowsSystemAssessmentTool/Operational</Channel>\n<Computer>IACIS-HDD-2014</Computer>\n<Security UserID=\"S-1-5-21-1171287513-3642516788-2358256967-1001\"></Security>\n</System>\n<EventData><Data Name=\"PhaseID\">1006</Data>\n</EventData>\n</Event>\n"
  },
  {
    "EventID": 9,
    "Timestamp": "2014-01-25 16:14:46.508327+00:00",
    "Computer": "IACIS-HDD-2014",
    "Channel": "Microsoft-Windows-WindowsSystemAssessmentTool/Operational",
    "Level": "Information",
    "EventData": {
      "PhaseID": "1006",
      "DescriptionSize": "211",
      "Description": "Run Assessment, d3d, -aname Tex -time 5 -fbc 10 -disp off -animate 10 -width 1280 -height 1024 -totalobj 500 -batchcnt C(125) -objs C(20) -noalpha -texshader -totaltex 10 -texpobj C(4) -rendertotex 6 -rtdelta 3"
    },
    "RawXml": "<Event xmlns=\"http://schemas.microsoft.com/win/2004/08/events/event\"><System><Provider Name=\"Microsoft-Windows-WindowsSystemAssessmentTool\" Guid=\"{11a75546-3234-465e-bec8-2d301cb501ac}\"></Provider>\n<EventID Qualifiers=\"\">9</EventID>\n<Version>0</Version>\n<Level>4</Level>\n<Task>1</Task>\n<Opcode>0</Opcode>\n<Keywords>0x8000000000000000</Keywords>\n<TimeCreated SystemTime=\"2014-01-25 16:14:46.508327+00:00\"></TimeCreated>\n<EventRecordID>61</EventRecordID>\n<Correlation ActivityID=\"\" RelatedActivityID=\"\"></Correlation>\n<Execution ProcessID=\"2608\" ThreadID=\"2732\"></Execution>\n<Channel>Microsoft-Windows-WindowsSystemAssessmentTool/Operational</Channel>\n<Computer>IACIS-HDD-2014</Computer>\n<Security UserID=\"S-1-5-21-1171287513-3642516788-2358256967-1001\"></Security>\n</System>\n<EventData><Data Name=\"PhaseID\">1006</Data>\n<Data Name=\"DescriptionSize\">211</Data>\n<Data Name=\"Description\">Run Assessment, d3d, -aname Tex -time 5 -fbc 10 -disp off -animate 10 -width 1280 -height 1024 -totalobj 500 -batchcnt C(125) -objs C(20) -noalpha -texshader -totaltex 10 -texpobj C(4) -rendertotex 6 -rtdelta 3</Data>\n</EventData>\n</Event>\n"
  },
  {
    "EventID": 10,
    "Timestamp": "2014-01-25 16:14:47.537930+00:00",
    "Computer": "IACIS-HDD-2014",
    "Channel": "Microsoft-Windows-WindowsSystemAssessmentTool/Operational",
    "Level": "Information",
    "EventData": {
      "PhaseID": "1006"
    },
    "RawXml": "<Event xmlns=\"http://schemas.microsoft.com/win/2004/08/events/event\"><System><Provider Name=\"Microsoft-Windows-WindowsSystemAssessmentTool\" Guid=\"{11a75546-3234-465e-bec8-2d301cb501ac}\"></Provider>\n<EventID Qualifiers=\"\">10</EventID>\n<Version>0</Version>\n<Level>4</Level>\n<Task>1</Task>\n<Opcode>0</Opcode>\n<Keywords>0x8000000000000000</Keywords>\n<TimeCreated SystemTime=\"2014-01-25 16:14:47.537930+00:00\"></TimeCreated>\n<EventRecordID>62</EventRecordID>\n<Correlation ActivityID=\"\" RelatedActivityID=\"\"></Correlation>\n<Execution ProcessID=\"2608\" ThreadID=\"2732\"></Execution>\n<Channel>Microsoft-Windows-WindowsSystemAssessmentTool/Operational</Channel>\n<Computer>IACIS-HDD-2014</Computer>\n<Security UserID=\"S-1-5-21-1171287513-3642516788-2358256967-1001\"></Security>\n</System>\n<EventData><Data Name=\"PhaseID\">1006</Data>\n</EventData>\n</Event>\n"
  },
  {
    "EventID": 9,
    "Timestamp": "2014-01-25 16:14:47.537930+00:00",
    "Computer": "IACIS-HDD-2014",
    "Channel": "Microsoft-Windows-WindowsSystemAssessmentTool/Operational",
    "Level": "Information",
    "EventData": {
      "PhaseID": "1006",
      "DescriptionSize": "211",
      "Description": "Run Assessment, d3d, -aname ALU -time 5 -fbc 10 -disp off -animate 10 -width 1280 -height 1024 -totalobj 500 -batchcnt C(125) -objs C(20) -noalpha -alushader -totaltex 10 -texpobj C(1) -rendertotex 6 -rtdelta 3"
    },
    "RawXml": "<Event xmlns=\"http://schemas.microsoft.com/win/2004/08/events/event\"><System><Provider Name=\"Microsoft-Windows-WindowsSystemAssessmentTool\" Guid=\"{11a75546-3234-465e-bec8-2d301cb501ac}\"></Provider>\n<EventID Qualifiers=\"\">9</EventID>\n<Version>0</Version>\n<Level>4</Level>\n<Task>1</Task>\n<Opcode>0</Opcode>\n<Keywords>0x8000000000000000</Keywords>\n<TimeCreated SystemTime=\"2014-01-25 16:14:47.537930+00:00\"></TimeCreated>\n<EventRecordID>63</EventRecordID>\n<Correlation ActivityID=\"\" RelatedActivityID=\"\"></Correlation>\n<Execution ProcessID=\"2608\" ThreadID=\"2732\"></Execution>\n<Channel>Microsoft-Windows-WindowsSystemAssessmentTool/Operational</Channel>\n<Computer>IACIS-HDD-2014</Computer>\n<Security UserID=\"S-1-5-21-1171287513-3642516788-2358256967-1001\"></Security>\n</System>\n<EventData><Data Name=\"PhaseID\">1006</Data>\n<Data Name=\"DescriptionSize\">211</Data>\n<Data Name=\"Description\">Run Assessment, d3d, -aname ALU -time 5 -fbc 10 -disp off -animate 10 -width 1280 -height 1024 -totalobj 500 -batchcnt C(125) -objs C(20) -noalpha -alushader -totaltex 10 -texpobj C(1) -rendertotex 6 -rtdelta 3</Data>\n</EventData>\n</Event>\n"
  },
  {
    "EventID": 10,
    "Timestamp": "2014-01-25 16:14:48.629930+00:00",
    "Computer": "IACIS-HDD-2014",
    "Channel": "Microsoft-Windows-WindowsSystemAssessmentTool/Operational",
    "Level": "Information",
    "EventData": {
      "PhaseID": "1006"
    },
    "RawXml": "<Event xmlns=\"http://schemas.microsoft.com/win/2004/08/events/event\"><System><Provider Name=\"Microsoft-Windows-WindowsSystemAssessmentTool\" Guid=\"{11a75546-3234-465e-bec8-2d301cb501ac}\"></Provider>\n<EventID Qualifiers=\"\">10</EventID>\n<Version>0</Version>\n<Level>4</Level>\n<Task>1</Task>\n<Opcode>0</Opcode>\n<Keywords>0x8000000000000000</Keywords>\n<TimeCreated SystemTime=\"2014-01-25 16:14:48.629930+00:00\"></TimeCreated>\n<EventRecordID>64</EventRecordID>\n<Correlation ActivityID=\"\" RelatedActivityID=\"\"></Correlation>\n<Execution ProcessID=\"2608\" ThreadID=\"2732\"></Execution>\n<Channel>Microsoft-Windows-WindowsSystemAssessmentTool/Operational</Channel>\n<Computer>IACIS-HDD-2014</Computer>\n<Security UserID=\"S-1-5-21-1171287513-3642516788-2358256967-1001\"></Security>\n</System>\n<EventData><Data Name=\"PhaseID\">1006</Data>\n</EventData>\n</Event>\n"
  },
  {
    "EventID": 9,
    "Timestamp": "2014-01-25 16:14:48.629930+00:00",
    "Computer": "IACIS-HDD-2014",
    "Channel": "Microsoft-Windows-WindowsSystemAssessmentTool/Operational",
    "Level": "Information",
    "EventData": {
      "PhaseID": "1006",
      "DescriptionSize": "186",
      "Description": "Run Assessment, d3d, -dx10  -aname Batch -time 5 -fbc 10 -disp off -animate 10 -width 1280 -height 1024 -totalobj 300 -batchcnt C(10) -objs C(26) -rendertotex 6 -rtdelta 3 -texpobj C(1)"
    },
    "RawXml": "<Event xmlns=\"http://schemas.microsoft.com/win/2004/08/events/event\"><System><Provider Name=\"Microsoft-Windows-WindowsSystemAssessmentTool\" Guid=\"{11a75546-3234-465e-bec8-2d301cb501ac}\"></Provider>\n<EventID Qualifiers=\"\">9</EventID>\n<Version>0</Version>\n<Level>4</Level>\n<Task>1</Task>\n<Opcode>0</Opcode>\n<Keywords>0x8000000000000000</Keywords>\n<TimeCreated SystemTime=\"2014-01-25 16:14:48.629930+00:00\"></TimeCreated>\n<EventRecordID>65</EventRecordID>\n<Correlation ActivityID=\"\" RelatedActivityID=\"\"></Correlation>\n<Execution ProcessID=\"2608\" ThreadID=\"2732\"></Execution>\n<Channel>Microsoft-Windows-WindowsSystemAssessmentTool/Operational</Channel>\n<Computer>IACIS-HDD-2014</Computer>\n<Security UserID=\"S-1-5-21-1171287513-3642516788-2358256967-1001\"></Security>\n</System>\n<EventData><Data Name=\"PhaseID\">1006</Data>\n<Data Name=\"DescriptionSize\">186</Data>\n<Data Name=\"Description\">Run Assessment, d3d, -dx10  -aname Batch -time 5 -fbc 10 -disp off -animate 10 -width 1280 -height 1024 -totalobj 300 -batchcnt C(10) -objs C(26) -rendertotex 6 -rtdelta 3 -texpobj C(1)</Data>\n</EventData>\n</Event>\n"
  },
  {
    "EventID": 10,
    "Timestamp": "2014-01-25 16:14:48.629930+00:00",
    "Computer": "IACIS-HDD-2014",
    "Channel": "Microsoft-Windows-WindowsSystemAssessmentTool/Operational",
    "Level": "Information",
    "EventData": {
      "PhaseID": "1006"
    },
    "RawXml": "<Event xmlns=\"http://schemas.microsoft.com/win/2004/08/events/event\"><System><Provider Name=\"Microsoft-Windows-WindowsSystemAssessmentTool\" Guid=\"{11a75546-3234-465e-bec8-2d301cb501ac}\"></Provider>\n<EventID Qualifiers=\"\">10</EventID>\n<Version>0</Version>\n<Level>4</Level>\n<Task>1</Task>\n<Opcode>0</Opcode>\n<Keywords>0x8000000000000000</Keywords>\n<TimeCreated SystemTime=\"2014-01-25 16:14:48.629930+00:00\"></TimeCreated>\n<EventRecordID>66</EventRecordID>\n<Correlation ActivityID=\"\" RelatedActivityID=\"\"></Correlation>\n<Execution ProcessID=\"2608\" ThreadID=\"2732\"></Execution>\n<Channel>Microsoft-Windows-WindowsSystemAssessmentTool/Operational</Channel>\n<Computer>IACIS-HDD-2014</Computer>\n<Security UserID=\"S-1-5-21-1171287513-3642516788-2358256967-1001\"></Security>\n</System>\n<EventData><Data Name=\"PhaseID\">1006</Data>\n</EventData>\n</Event>\n"
  },
  {
    "EventID": 9,
    "Timestamp": "2014-01-25 16:14:48.629930+00:00",
    "Computer": "IACIS-HDD-2014",
    "Channel": "Microsoft-Windows-WindowsSystemAssessmentTool/Operational",
    "Level": "Information",
    "EventData": {
      "PhaseID": "1006",
      "DescriptionSize": "186",
      "Description": "Run Assessment, d3d, -dx10  -aname Alpha -time 5 -fbc 10 -disp off -animate 10 -width 1280 -height 1024 -totalobj 300 -batchcnt C(75) -objs C(26) -rendertotex 6 -rtdelta 3 -texpobj C(1)"
    },
    "RawXml": "<Event xmlns=\"http://schemas.microsoft.com/win/2004/08/events/event\"><System><Provider Name=\"Microsoft-Windows-WindowsSystemAssessmentTool\" Guid=\"{11a75546-3234-465e-bec8-2d301cb501ac}\"></Provider>\n<EventID Qualifiers=\"\">9</EventID>\n<Version>0</Version>\n<Level>4</Level>\n<Task>1</Task>\n<Opcode>0</Opcode>\n<Keywords>0x8000000000000000</Keywords>\n<TimeCreated SystemTime=\"2014-01-25 16:14:48.629930+00:00\"></TimeCreated>\n<EventRecordID>67</EventRecordID>\n<Correlation ActivityID=\"\" RelatedActivityID=\"\"></Correlation>\n<Execution ProcessID=\"2608\" ThreadID=\"2732\"></Execution>\n<Channel>Microsoft-Windows-WindowsSystemAssessmentTool/Operational</Channel>\n<Computer>IACIS-HDD-2014</Computer>\n<Security UserID=\"S-1-5-21-1171287513-3642516788-2358256967-1001\"></Security>\n</System>\n<EventData><Data Name=\"PhaseID\">1006</Data>\n<Data Name=\"DescriptionSize\">186</Data>\n<Data Name=\"Description\">Run Assessment, d3d, -dx10  -aname Alpha -time 5 -fbc 10 -disp off -animate 10 -width 1280 -height 1024 -totalobj 300 -batchcnt C(75) -objs C(26) -rendertotex 6 -rtdelta 3 -texpobj C(1)</Data>\n</EventData>\n</Event>\n"
  },
  {
    "EventID": 10,
    "Timestamp": "2014-01-25 16:14:48.629930+00:00",
    "Computer": "IACIS-HDD-2014",
    "Channel": "Microsoft-Windows-WindowsSystemAssessmentTool/Operational",
    "Level": "Information",
    "EventData": {
      "PhaseID": "1006"
    },
    "RawXml": "<Event xmlns=\"http://schemas.microsoft.com/win/2004/08/events/event\"><System><Provider Name=\"Microsoft-Windows-WindowsSystemAssessmentTool\" Guid=\"{11a75546-3234-465e-bec8-2d301cb501ac}\"></Provider>\n<EventID Qualifiers=\"\">10</EventID>\n<Version>0</Version>\n<Level>4</Level>\n<Task>1</Task>\n<Opcode>0</Opcode>\n<Keywords>0x8000000000000000</Keywords>\n<TimeCreated SystemTime=\"2014-01-25 16:14:48.629930+00:00\"></TimeCreated>\n<EventRecordID>68</EventRecordID>\n<Correlation ActivityID=\"\" RelatedActivityID=\"\"></Correlation>\n<Execution ProcessID=\"2608\" ThreadID=\"2732\"></Execution>\n<Channel>Microsoft-Windows-WindowsSystemAssessmentTool/Operational</Channel>\n<Computer>IACIS-HDD-2014</Computer>\n<Security UserID=\"S-1-5-21-1171287513-3642516788-2358256967-1001\"></Security>\n</System>\n<EventData><Data Name=\"PhaseID\">1006</Data>\n</EventData>\n</Event>\n"
  },
  {
    "EventID": 9,
    "Timestamp": "2014-01-25 16:14:48.629930+00:00",
    "Computer": "IACIS-HDD-2014",
    "Channel": "Microsoft-Windows-WindowsSystemAssessmentTool/Operational",
    "Level": "Information",
    "EventData": {
      "PhaseID": "1006",
      "DescriptionSize": "218",
      "Description": "Run Assessment, d3d, -dx10  -aname Tex -time 5 -fbc 10 -disp off -animate 10 -width 1280 -height 1024 -totalobj 500 -batchcnt C(125) -objs C(20) -noalpha -texshader -totaltex 10 -texpobj C(4) -rendertotex 6 -rtdelta 3"
    },
    "RawXml": "<Event xmlns=\"http://schemas.microsoft.com/win/2004/08/events/event\"><System><Provider Name=\"Microsoft-Windows-WindowsSystemAssessmentTool\" Guid=\"{11a75546-3234-465e-bec8-2d301cb501ac}\"></Provider>\n<EventID Qualifiers=\"\">9</EventID>\n<Version>0</Version>\n<Level>4</Level>\n<Task>1</Task>\n<Opcode>0</Opcode>\n<Keywords>0x8000000000000000</Keywords>\n<TimeCreated SystemTime=\"2014-01-25 16:14:48.629930+00:00\"></TimeCreated>\n<EventRecordID>69</EventRecordID>\n<Correlation ActivityID=\"\" RelatedActivityID=\"\"></Correlation>\n<Execution ProcessID=\"2608\" ThreadID=\"2732\"></Execution>\n<Channel>Microsoft-Windows-WindowsSystemAssessmentTool/Operational</Channel>\n<Computer>IACIS-HDD-2014</Computer>\n<Security UserID=\"S-1-5-21-1171287513-3642516788-2358256967-1001\"></Security>\n</System>\n<EventData><Data Name=\"PhaseID\">1006</Data>\n<Data Name=\"DescriptionSize\">218</Data>\n<Data Name=\"Description\">Run Assessment, d3d, -dx10  -aname Tex -time 5 -fbc 10 -disp off -animate 10 -width 1280 -height 1024 -totalobj 500 -batchcnt C(125) -objs C(20) -noalpha -texshader -totaltex 10 -texpobj C(4) -rendertotex 6 -rtdelta 3</Data>\n</EventData>\n</Event>\n"
  },
  {
    "EventID": 10,
    "Timestamp": "2014-01-25 16:14:48.629930+00:00",
    "Computer": "IACIS-HDD-2014",
    "Channel": "Microsoft-Windows-WindowsSystemAssessmentTool/Operational",
    "Level": "Information",
    "EventData": {
      "PhaseID": "1006"
    },
    "RawXml": "<Event xmlns=\"http://schemas.microsoft.com/win/2004/08/events/event\"><System><Provider Name=\"Microsoft-Windows-WindowsSystemAssessmentTool\" Guid=\"{11a75546-3234-465e-bec8-2d301cb501ac}\"></Provider>\n<EventID Qualifiers=\"\">10</EventID>\n<Version>0</Version>\n<Level>4</Level>\n<Task>1</Task>\n<Opcode>0</Opcode>\n<Keywords>0x8000000000000000</Keywords>\n<TimeCreated SystemTime=\"2014-01-25 16:14:48.629930+00:00\"></TimeCreated>\n<EventRecordID>70</EventRecordID>\n<Correlation ActivityID=\"\" RelatedActivityID=\"\"></Correlation>\n<Execution ProcessID=\"2608\" ThreadID=\"2732\"></Execution>\n<Channel>Microsoft-Windows-WindowsSystemAssessmentTool/Operational</Channel>\n<Computer>IACIS-HDD-2014</Computer>\n<Security UserID=\"S-1-5-21-1171287513-3642516788-2358256967-1001\"></Security>\n</System>\n<EventData><Data Name=\"PhaseID\">1006</Data>\n</EventData>\n</Event>\n"
  },
  {
    "EventID": 9,
    "Timestamp": "2014-01-25 16:14:48.629930+00:00",
    "Computer": "IACIS-HDD-2014",
    "Channel": "Microsoft-Windows-WindowsSystemAssessmentTool/Operational",
    "Level": "Information",
    "EventData": {
      "PhaseID": "1006",
      "DescriptionSize": "218",
      "Description": "Run Assessment, d3d, -dx10  -aname ALU -time 5 -fbc 10 -disp off -animate 10 -width 1280 -height 1024 -totalobj 500 -batchcnt C(125) -objs C(20) -noalpha -alushader -totaltex 10 -texpobj C(1) -rendertotex 6 -rtdelta 3"
    },
    "RawXml": "<Event xmlns=\"http://schemas.microsoft.com/win/2004/08/events/event\"><System><Provider Name=\"Microsoft-Windows-WindowsSystemAssessmentTool\" Guid=\"{11a75546-3234-465e-bec8-2d301cb501ac}\"></Provider>\n<EventID Qualifiers=\"\">9</EventID>\n<Version>0</Version>\n<Level>4</Level>\n<Task>1</Task>\n<Opcode>0</Opcode>\n<Keywords>0x8000000000000000</Keywords>\n<TimeCreated SystemTime=\"2014-01-25 16:14:48.629930+00:00\"></TimeCreated>\n<EventRecordID>71</EventRecordID>\n<Correlation ActivityID=\"\" RelatedActivityID=\"\"></Correlation>\n<Execution ProcessID=\"2608\" ThreadID=\"2732\"></Execution>\n<Channel>Microsoft-Windows-WindowsSystemAssessmentTool/Operational</Channel>\n<Computer>IACIS-HDD-2014</Computer>\n<Security UserID=\"S-1-5-21-1171287513-3642516788-2358256967-1001\"></Security>\n</System>\n<EventData><Data Name=\"PhaseID\">1006</Data>\n<Data Name=\"DescriptionSize\">218</Data>\n<Data Name=\"Description\">Run Assessment, d3d, -dx10  -aname ALU -time 5 -fbc 10 -disp off -animate 10 -width 1280 -height 1024 -totalobj 500 -batchcnt C(125) -objs C(20) -noalpha -alushader -totaltex 10 -texpobj C(1) -rendertotex 6 -rtdelta 3</Data>\n</EventData>\n</Event>\n"
  },
  {
    "EventID": 10,
    "Timestamp": "2014-01-25 16:14:48.645531+00:00",
    "Computer": "IACIS-HDD-2014",
    "Channel": "Microsoft-Windows-WindowsSystemAssessmentTool/Operational",
    "Level": "Information",
    "EventData": {
      "PhaseID": "1006"
    },
    "RawXml": "<Event xmlns=\"http://schemas.microsoft.com/win/2004/08/events/event\"><System><Provider Name=\"Microsoft-Windows-WindowsSystemAssessmentTool\" Guid=\"{11a75546-3234-465e-bec8-2d301cb501ac}\"></Provider>\n<EventID Qualifiers=\"\">10</EventID>\n<Version>0</Version>\n<Level>4</Level>\n<Task>1</Task>\n<Opcode>0</Opcode>\n<Keywords>0x8000000000000000</Keywords>\n<TimeCreated SystemTime=\"2014-01-25 16:14:48.645531+00:00\"></TimeCreated>\n<EventRecordID>72</EventRecordID>\n<Correlation ActivityID=\"\" RelatedActivityID=\"\"></Correlation>\n<Execution ProcessID=\"2608\" ThreadID=\"2732\"></Execution>\n<Channel>Microsoft-Windows-WindowsSystemAssessmentTool/Operational</Channel>\n<Computer>IACIS-HDD-2014</Computer>\n<Security UserID=\"S-1-5-21-1171287513-3642516788-2358256967-1001\"></Security>\n</System>\n<EventData><Data Name=\"PhaseID\">1006</Data>\n</EventData>\n</Event>\n"
  },
  {
    "EventID": 9,
    "Timestamp": "2014-01-25 16:14:48.645531+00:00",
    "Computer": "IACIS-HDD-2014",
    "Channel": "Microsoft-Windows-WindowsSystemAssessmentTool/Operational",
    "Level": "Information",
    "EventData": {
      "PhaseID": "1006",
      "DescriptionSize": "271",
      "Description": "Run Assessment, d3d, -dx10  -aname GeomF4 -time 7 -fbc 10 -disp off -animate 10 -width 1280 -height 1024 -totalobj 150;200;241 -batchcnt C(50);C(200);C(300) -objs C(12);C(26);C(45) -noalpha -geomf4shader -texpobj C(0) -rendertotex 6 -rtdelta 3 -tierframes 60 -tiertime 1"
    },
    "RawXml": "<Event xmlns=\"http://schemas.microsoft.com/win/2004/08/events/event\"><System><Provider Name=\"Microsoft-Windows-WindowsSystemAssessmentTool\" Guid=\"{11a75546-3234-465e-bec8-2d301cb501ac}\"></Provider>\n<EventID Qualifiers=\"\">9</EventID>\n<Version>0</Version>\n<Level>4</Level>\n<Task>1</Task>\n<Opcode>0</Opcode>\n<Keywords>0x8000000000000000</Keywords>\n<TimeCreated SystemTime=\"2014-01-25 16:14:48.645531+00:00\"></TimeCreated>\n<EventRecordID>73</EventRecordID>\n<Correlation ActivityID=\"\" RelatedActivityID=\"\"></Correlation>\n<Execution ProcessID=\"2608\" ThreadID=\"2732\"></Execution>\n<Channel>Microsoft-Windows-WindowsSystemAssessmentTool/Operational</Channel>\n<Computer>IACIS-HDD-2014</Computer>\n<Security UserID=\"S-1-5-21-1171287513-3642516788-2358256967-1001\"></Security>\n</System>\n<EventData><Data Name=\"PhaseID\">1006</Data>\n<Data Name=\"DescriptionSize\">271</Data>\n<Data Name=\"Description\">Run Assessment, d3d, -dx10  -aname GeomF4 -time 7 -fbc 10 -disp off -animate 10 -width 1280 -height 1024 -totalobj 150;200;241 -batchcnt C(50);C(200);C(300) -objs C(12);C(26);C(45) -noalpha -geomf4shader -texpobj C(0) -rendertotex 6 -rtdelta 3 -tierframes 60 -tiertime 1</Data>\n</EventData>\n</Event>\n"
  },
  {
    "EventID": 10,
    "Timestamp": "2014-01-25 16:14:48.692331+00:00",
    "Computer": "IACIS-HDD-2014",
    "Channel": "Microsoft-Windows-WindowsSystemAssessmentTool/Operational",
    "Level": "Information",
    "EventData": {
      "PhaseID": "1006"
    },
    "RawXml": "<Event xmlns=\"http://schemas.microsoft.com/win/2004/08/events/event\"><System><Provider Name=\"Microsoft-Windows-WindowsSystemAssessmentTool\" Guid=\"{11a75546-3234-465e-bec8-2d301cb501ac}\"></Provider>\n<EventID Qualifiers=\"\">10</EventID>\n<Version>0</Version>\n<Level>4</Level>\n<Task>1</Task>\n<Opcode>0</Opcode>\n<Keywords>0x8000000000000000</Keywords>\n<TimeCreated SystemTime=\"2014-01-25 16:14:48.692331+00:00\"></TimeCreated>\n<EventRecordID>74</EventRecordID>\n<Correlation ActivityID=\"\" RelatedActivityID=\"\"></Correlation>\n<Execution ProcessID=\"2608\" ThreadID=\"2732\"></Execution>\n<Channel>Microsoft-Windows-WindowsSystemAssessmentTool/Operational</Channel>\n<Computer>IACIS-HDD-2014</Computer>\n<Security UserID=\"S-1-5-21-1171287513-3642516788-2358256967-1001\"></Security>\n</System>\n<EventData><Data Name=\"PhaseID\">1006</Data>\n</EventData>\n</Event>\n"
  },
  {
    "EventID": 9,
    "Timestamp": "2014-01-25 16:14:48.692331+00:00",
    "Computer": "IACIS-HDD-2014",
    "Channel": "Microsoft-Windows-WindowsSystemAssessmentTool/Operational",
    "Level": "Information",
    "EventData": {
      "PhaseID": "1006",
      "DescriptionSize": "269",
      "Description": "Run Assessment, d3d, -dx10  -aname GeomV8 -time 7 -fbc 10 -disp off -animate 10 -width 1280 -height 1024 -totalobj 75;100;120 -batchcnt C(25);C(100);C(150) -objs C(8);C(17);C(29) -noalpha -geomv8shader -texpobj C(0) -rendertotex 6 -rtdelta 3 -tierframes 60 -tiertime 1"
    },
    "RawXml": "<Event xmlns=\"http://schemas.microsoft.com/win/2004/08/events/event\"><System><Provider Name=\"Microsoft-Windows-WindowsSystemAssessmentTool\" Guid=\"{11a75546-3234-465e-bec8-2d301cb501ac}\"></Provider>\n<EventID Qualifiers=\"\">9</EventID>\n<Version>0</Version>\n<Level>4</Level>\n<Task>1</Task>\n<Opcode>0</Opcode>\n<Keywords>0x8000000000000000</Keywords>\n<TimeCreated SystemTime=\"2014-01-25 16:14:48.692331+00:00\"></TimeCreated>\n<EventRecordID>75</EventRecordID>\n<Correlation ActivityID=\"\" RelatedActivityID=\"\"></Correlation>\n<Execution ProcessID=\"2608\" ThreadID=\"2732\"></Execution>\n<Channel>Microsoft-Windows-WindowsSystemAssessmentTool/Operational</Channel>\n<Computer>IACIS-HDD-2014</Computer>\n<Security UserID=\"S-1-5-21-1171287513-3642516788-2358256967-1001\"></Security>\n</System>\n<EventData><Data Name=\"PhaseID\">1006</Data>\n<Data Name=\"DescriptionSize\">269</Data>\n<Data Name=\"Description\">Run Assessment, d3d, -dx10  -aname GeomV8 -time 7 -fbc 10 -disp off -animate 10 -width 1280 -height 1024 -totalobj 75;100;120 -batchcnt C(25);C(100);C(150) -objs C(8);C(17);C(29) -noalpha -geomv8shader -texpobj C(0) -rendertotex 6 -rtdelta 3 -tierframes 60 -tiertime 1</Data>\n</EventData>\n</Event>\n"
  },
  {
    "EventID": 10,
    "Timestamp": "2014-01-25 16:14:48.707932+00:00",
    "Computer": "IACIS-HDD-2014",
    "Channel": "Microsoft-Windows-WindowsSystemAssessmentTool/Operational",
    "Level": "Information",
    "EventData": {
      "PhaseID": "1006"
    },
    "RawXml": "<Event xmlns=\"http://schemas.microsoft.com/win/2004/08/events/event\"><System><Provider Name=\"Microsoft-Windows-WindowsSystemAssessmentTool\" Guid=\"{11a75546-3234-465e-bec8-2d301cb501ac}\"></Provider>\n<EventID Qualifiers=\"\">10</EventID>\n<Version>0</Version>\n<Level>4</Level>\n<Task>1</Task>\n<Opcode>0</Opcode>\n<Keywords>0x8000000000000000</Keywords>\n<TimeCreated SystemTime=\"2014-01-25 16:14:48.707932+00:00\"></TimeCreated>\n<EventRecordID>76</EventRecordID>\n<Correlation ActivityID=\"\" RelatedActivityID=\"\"></Correlation>\n<Execution ProcessID=\"2608\" ThreadID=\"2732\"></Execution>\n<Channel>Microsoft-Windows-WindowsSystemAssessmentTool/Operational</Channel>\n<Computer>IACIS-HDD-2014</Computer>\n<Security UserID=\"S-1-5-21-1171287513-3642516788-2358256967-1001\"></Security>\n</System>\n<EventData><Data Name=\"PhaseID\">1006</Data>\n</EventData>\n</Event>\n"
  },
