[
  {
    "EventID": 4000,
    "Timestamp": "2014-01-25 16:24:33.511036+00:00",
    "Computer": "IACIS-HDD-2014",
    "Channel": "Microsoft-Windows-LanguagePackSetup/Operational",
    "Level": "Information",
    "EventData": {},
    "RawXml": "<Event xmlns=\"http://schemas.microsoft.com/win/2004/08/events/event\"><System><Provider Name=\"Microsoft-Windows-LanguagePackSetup\" Guid=\"{7237fff9-a08a-4804-9c79-4a8704b70b87}\"></Provider>\n<EventID Qualifiers=\"\">4000</EventID>\n<Version>0</Version>\n<Level>4</Level>\n<Task>35</Task>\n<Opcode>1</Opcode>\n<Keywords>0x4000000000000000</Keywords>\n<TimeCreated SystemTime=\"2014-01-25 16:24:33.511036+00:00\"></TimeCreated>\n<EventRecordID>1</EventRecordID>\n<Correlation ActivityID=\"\" RelatedActivityID=\"\"></Correlation>\n<Execution ProcessID=\"2224\" ThreadID=\"712\"></Execution>\n<Channel>Microsoft-Windows-LanguagePackSetup/Operational</Channel>\n<Computer>IACIS-HDD-2014</Computer>\n<Security UserID=\"S-1-5-18\"></Security>\n</System>\n<EventData></EventData>\n</Event>\n"
  },
  {
    "EventID": 4001,
    "Timestamp": "2014-01-25 16:24:33.511036+00:00",
    "Computer": "IACIS-HDD-2014",
    "Channel": "Microsoft-Windows-LanguagePackSetup/Operational",
    "Level": "Information",
    "EventData": {},
    "RawXml": "<Event xmlns=\"http://schemas.microsoft.com/win/2004/08/events/event\"><System><Provider Name=\"Microsoft-Windows-LanguagePackSetup\" Guid=\"{7237fff9-a08a-4804-9c79-4a8704b70b87}\"></Provider>\n<EventID Qualifiers=\"\">4001</EventID>\n<Version>0</Version>\n<Level>4</Level>\n<Task>35</Task>\n<Opcode>2</Opcode>\n<Keywords>0x4000000000000000</Keywords>\n<TimeCreated SystemTime=\"2014-01-25 16:24:33.511036+00:00\"></TimeCreated>\n<EventRecordID>2</EventRecordID>\n<Correlation ActivityID=\"\" RelatedActivityID=\"\"></Correlation>\n<Execution ProcessID=\"2224\" ThreadID=\"712\"></Execution>\n<Channel>Microsoft-Windows-LanguagePackSetup/Operational</Channel>\n<Computer>IACIS-HDD-2014</Computer>\n<Security UserID=\"S-1-5-18\"></Security>\n</System>\n<EventData></EventData>\n</Event>\n"
  },
  {
    "EventID": 4000,
    "Timestamp": "2014-01-29 14:33:22.974869+00:00",
    "Computer": "IACIS-HDD-2014",
    "Channel": "Microsoft-Windows-LanguagePackSetup/Operational",
    "Level": "Information",
    "EventData": {},
    "RawXml": "<Event xmlns=\"http://schemas.microsoft.com/win/2004/08/events/event\"><System><Provider Name=\"Microsoft-Windows-LanguagePackSetup\" Guid=\"{7237fff9-a08a-4804-9c79-4a8704b70b87}\"></Provider>\n<EventID Qualifiers=\"\">4000</EventID>\n<Version>0</Version>\n<Level>4</Level>\n<Task>35</Task>\n<Opcode>1</Opcode>\n<Keywords>0x4000000000000000</Keywords>\n<TimeCreated SystemTime=\"2014-01-29 14:33:22.974869+00:00\"></TimeCreated>\n<EventRecordID>3</EventRecordID>\n<Correlation ActivityID=\"\" RelatedActivityID=\"\"></Correlation>\n<Execution ProcessID=\"2912\" ThreadID=\"2032\"></Execution>\n<Channel>Microsoft-Windows-LanguagePackSetup/Operational</Channel>\n<Computer>IACIS-HDD-2014</Computer>\n<Security UserID=\"S-1-5-18\"></Security>\n</System>\n<EventData></EventData>\n</Event>\n"
  },
  {
    "EventID": 4001,
    "Timestamp": "2014-01-29 14:33:22.974869+00:00",
    "Computer": "IACIS-HDD-2014",
    "Channel": "Microsoft-Windows-LanguagePackSetup/Operational",
    "Level": "Information",
    "EventData": {},
    "RawXml": "<Event xmlns=\"http://schemas.microsoft.com/win/2004/08/events/event\"><System><Provider Name=\"Microsoft-Windows-LanguagePackSetup\" Guid=\"{7237fff9-a08a-4804-9c79-4a8704b70b87}\"></Provider>\n<EventID Qualifiers=\"\">4001</EventID>\n<Version>0</Version>\n<Level>4</Level>\n<Task>35</Task>\n<Opcode>2</Opcode>\n<Keywords>0x4000000000000000</Keywords>\n<TimeCreated SystemTime=\"2014-01-29 14:33:22.974869+00:00\"></TimeCreated>\n<EventRecordID>4</EventRecordID>\n<Correlation ActivityID=\"\" RelatedActivityID=\"\"></Correlation>\n<Execution ProcessID=\"2912\" ThreadID=\"2032\"></Execution>\n<Channel>Microsoft-Windows-LanguagePackSetup/Operational</Channel>\n<Computer>IACIS-HDD-2014</Computer>\n<Security UserID=\"S-1-5-18\"></Security>\n</System>\n<EventData></EventData>\n</Event>\n"
  },
  {
    "EventID": 4000,
    "Timestamp": "2014-02-03 13:57:27.441578+00:00",
    "Computer": "IACIS-HDD-2014",
    "Channel": "Microsoft-Windows-LanguagePackSetup/Operational",
    "Level": "Information",
    "EventData": {},
    "RawXml": "<Event xmlns=\"http://schemas.microsoft.com/win/2004/08/events/event\"><System><Provider Name=\"Microsoft-Windows-LanguagePackSetup\" Guid=\"{7237fff9-a08a-4804-9c79-4a8704b70b87}\"></Provider>\n<EventID Qualifiers=\"\">4000</EventID>\n<Version>0</Version>\n<Level>4</Level>\n<Task>35</Task>\n<Opcode>1</Opcode>\n<Keywords>0x4000000000000000</Keywords>\n<TimeCreated SystemTime=\"2014-02-03 13:57:27.441578+00:00\"></TimeCreated>\n<EventRecordID>5</EventRecordID>\n<Correlation ActivityID=\"\" RelatedActivityID=\"\"></Correlation>\n<Execution ProcessID=\"2044\" ThreadID=\"1960\"></Execution>\n<Channel>Microsoft-Windows-LanguagePackSetup/Operational</Channel>\n<Computer>IACIS-HDD-2014</Computer>\n<Security UserID=\"S-1-5-18\"></Security>\n</System>\n<EventData></EventData>\n</Event>\n"
  },
  {
    "EventID": 4001,
    "Timestamp": "2014-02-03 13:57:37.690796+00:00",
    "Computer": "IACIS-HDD-2014",
    "Channel": "Microsoft-Windows-LanguagePackSetup/Operational",
    "Level": "Information",
    "EventData": {},
    "RawXml": "<Event xmlns=\"http://schemas.microsoft.com/win/2004/08/events/event\"><System><Provider Name=\"Microsoft-Windows-LanguagePackSetup\" Guid=\"{7237fff9-a08a-4804-9c79-4a8704b70b87}\"></Provider>\n<EventID Qualifiers=\"\">4001</EventID>\n<Version>0</Version>\n<Level>4</Level>\n<Task>35</Task>\n<Opcode>2</Opcode>\n<Keywords>0x4000000000000000</Keywords>\n<TimeCreated SystemTime=\"2014-02-03 13:57:37.690796+00:00\"></TimeCreated>\n<EventRecordID>6</EventRecordID>\n<Correlation ActivityID=\"\" RelatedActivityID=\"\"></Correlation>\n<Execution ProcessID=\"2044\" ThreadID=\"1960\"></Execution>\n<Channel>Microsoft-Windows-LanguagePackSetup/Operational</Channel>\n<Computer>IACIS-HDD-2014</Computer>\n<Security UserID=\"S-1-5-18\"></Security>\n</System>\n<EventData></EventData>\n</Event>\n"
  },
  {
    "EventID": 4000,
    "Timestamp": "2014-02-05 17:02:18.522650+00:00",
    "Computer": "IACIS-HDD-2014",
    "Channel": "Microsoft-Windows-LanguagePackSetup/Operational",
    "Level": "Information",
    "EventData": {},
    "RawXml": "<Event xmlns=\"http://schemas.microsoft.com/win/2004/08/events/event\"><System><Provider Name=\"Microsoft-Windows-LanguagePackSetup\" Guid=\"{7237fff9-a08a-4804-9c79-4a8704b70b87}\"></Provider>\n<EventID Qualifiers=\"\">4000</EventID>\n<Version>0</Version>\n<Level>4</Level>\n<Task>35</Task>\n<Opcode>1</Opcode>\n<Keywords>0x4000000000000000</Keywords>\n<TimeCreated SystemTime=\"2014-02-05 17:02:18.522650+00:00\"></TimeCreated>\n<EventRecordID>7</EventRecordID>\n<Correlation ActivityID=\"\" RelatedActivityID=\"\"></Correlation>\n<Execution ProcessID=\"3108\" ThreadID=\"3556\"></Execution>\n<Channel>Microsoft-Windows-LanguagePackSetup/Operational</Channel>\n<Computer>IACIS-HDD-2014</Computer>\n<Security UserID=\"S-1-5-18\"></Security>\n</System>\n<EventData></EventData>\n</Event>\n"
  },
  {
    "EventID": 4001,
    "Timestamp": "2014-02-05 17:02:18.569448+00:00",
    "Computer": "IACIS-HDD-2014",
    "Channel": "Microsoft-Windows-LanguagePackSetup/Operational",
    "Level": "Information",
    "EventData": {},
    "RawXml": "<Event xmlns=\"http://schemas.microsoft.com/win/2004/08/events/event\"><System><Provider Name=\"Microsoft-Windows-LanguagePackSetup\" Guid=\"{7237fff9-a08a-4804-9c79-4a8704b70b87}\"></Provider>\n<EventID Qualifiers=\"\">4001</EventID>\n<Version>0</Version>\n<Level>4</Level>\n<Task>35</Task>\n<Opcode>2</Opcode>\n<Keywords>0x4000000000000000</Keywords>\n<TimeCreated SystemTime=\"2014-02-05 17:02:18.569448+00:00\"></TimeCreated>\n<EventRecordID>8</EventRecordID>\n<Correlation ActivityID=\"\" RelatedActivityID=\"\"></Correlation>\n<Execution ProcessID=\"3108\" ThreadID=\"3556\"></Execution>\n<Channel>Microsoft-Windows-LanguagePackSetup/Operational</Channel>\n<Computer>IACIS-HDD-2014</Computer>\n<Security UserID=\"S-1-5-18\"></Security>\n</System>\n<EventData></EventData>\n</Event>\n"
  },
  {
    "EventID": 4000,
    "Timestamp": "2014-02-06 13:46:22.317730+00:00",
    "Computer": "IACIS-HDD-2014",
    "Channel": "Microsoft-Windows-LanguagePackSetup/Operational",
    "Level": "Information",
    "EventData": {},
    "RawXml": "<Event xmlns=\"http://schemas.microsoft.com/win/2004/08/events/event\"><System><Provider Name=\"Microsoft-Windows-LanguagePackSetup\" Guid=\"{7237fff9-a08a-4804-9c79-4a8704b70b87}\"></Provider>\n<EventID Qualifiers=\"\">4000</EventID>\n<Version>0</Version>\n<Level>4</Level>\n<Task>35</Task>\n<Opcode>1</Opcode>\n<Keywords>0x4000000000000000</Keywords>\n<TimeCreated SystemTime=\"2014-02-06 13:46:22.317730+00:00\"></TimeCreated>\n<EventRecordID>9</EventRecordID>\n<Correlation ActivityID=\"\" RelatedActivityID=\"\"></Correlation>\n<Execution ProcessID=\"2740\" ThreadID=\"3116\"></Execution>\n<Channel>Microsoft-Windows-LanguagePackSetup/Operational</Channel>\n<Computer>IACIS-HDD-2014</Computer>\n<Security UserID=\"S-1-5-18\"></Security>\n</System>\n<EventData></EventData>\n</Event>\n"
  },
  {
    "EventID": 4001,
    "Timestamp": "2014-02-06 13:46:22.317730+00:00",
    "Computer": "IACIS-HDD-2014",
    "Channel": "Microsoft-Windows-LanguagePackSetup/Operational",
    "Level": "Information",
    "EventData": {},
    "RawXml": "<Event xmlns=\"http://schemas.microsoft.com/win/2004/08/events/event\"><System><Provider Name=\"Microsoft-Windows-LanguagePackSetup\" Guid=\"{7237fff9-a08a-4804-9c79-4a8704b70b87}\"></Provider>\n<EventID Qualifiers=\"\">4001</EventID>\n<Version>0</Version>\n<Level>4</Level>\n<Task>35</Task>\n<Opcode>2</Opcode>\n<Keywords>0x4000000000000000</Keywords>\n<TimeCreated SystemTime=\"2014-02-06 13:46:22.317730+00:00\"></TimeCreated>\n<EventRecordID>10</EventRecordID>\n<Correlation ActivityID=\"\" RelatedActivityID=\"\"></Correlation>\n<Execution ProcessID=\"2740\" ThreadID=\"3116\"></Execution>\n<Channel>Microsoft-Windows-LanguagePackSetup/Operational</Channel>\n<Computer>IACIS-HDD-2014</Computer>\n<Security UserID=\"S-1-5-18\"></Security>\n</System>\n<EventData></EventData>\n</Event>\n"
  },
  {
    "EventID": 4000,
    "Timestamp": "2014-02-07 13:16:21.592255+00:00",
    "Computer": "IACIS-HDD-2014",
    "Channel": "Microsoft-Windows-LanguagePackSetup/Operational",
    "Level": "Information",
    "EventData": {},
    "RawXml": "<Event xmlns=\"http://schemas.microsoft.com/win/2004/08/events/event\"><System><Provider Name=\"Microsoft-Windows-LanguagePackSetup\" Guid=\"{7237fff9-a08a-4804-9c79-4a8704b70b87}\"></Provider>\n<EventID Qualifiers=\"\">4000</EventID>\n<Version>0</Version>\n<Level>4</Level>\n<Task>35</Task>\n<Opcode>1</Opcode>\n<Keywords>0x4000000000000000</Keywords>\n<TimeCreated SystemTime=\"2014-02-07 13:16:21.592255+00:00\"></TimeCreated>\n<EventRecordID>11</EventRecordID>\n<Correlation ActivityID=\"\" RelatedActivityID=\"\"></Correlation>\n<Execution ProcessID=\"1692\" ThreadID=\"4084\"></Execution>\n<Channel>Microsoft-Windows-LanguagePackSetup/Operational</Channel>\n<Computer>IACIS-HDD-2014</Computer>\n<Security UserID=\"S-1-5-18\"></Security>\n</System>\n<EventData></EventData>\n</Event>\n"
  },
  {
    "EventID": 4001,
    "Timestamp": "2014-02-07 13:16:21.592255+00:00",
    "Computer": "IACIS-HDD-2014",
    "Channel": "Microsoft-Windows-LanguagePackSetup/Operational",
    "Level": "Information",
    "EventData": {},
    "RawXml": "<Event xmlns=\"http://schemas.microsoft.com/win/2004/08/events/event\"><System><Provider Name=\"Microsoft-Windows-LanguagePackSetup\" Guid=\"{7237fff9-a08a-4804-9c79-4a8704b70b87}\"></Provider>\n<EventID Qualifiers=\"\">4001</EventID>\n<Version>0</Version>\n<Level>4</Level>\n<Task>35</Task>\n<Opcode>2</Opcode>\n<Keywords>0x4000000000000000</Keywords>\n<TimeCreated SystemTime=\"2014-02-07 13:16:21.592255+00:00\"></TimeCreated>\n<EventRecordID>12</EventRecordID>\n<Correlation ActivityID=\"\" RelatedActivityID=\"\"></Correlation>\n<Execution ProcessID=\"1692\" ThreadID=\"4084\"></Execution>\n<Channel>Microsoft-Windows-LanguagePackSetup/Operational</Channel>\n<Computer>IACIS-HDD-2014</Computer>\n<Security UserID=\"S-1-5-18\"></Security>\n</System>\n<EventData></EventData>\n</Event>\n"
  },
  {
    "EventID": 4000,
    "Timestamp": "2014-02-07 17:28:22.362909+00:00",
    "Computer": "IACIS-HDD-2014",
    "Channel": "Microsoft-Windows-LanguagePackSetup/Operational",
    "Level": "Information",
    "EventData": {},
    "RawXml": "<Event xmlns=\"http://schemas.microsoft.com/win/2004/08/events/event\"><System><Provider Name=\"Microsoft-Windows-LanguagePackSetup\" Guid=\"{7237fff9-a08a-4804-9c79-4a8704b70b87}\"></Provider>\n<EventID Qualifiers=\"\">4000</EventID>\n<Version>0</Version>\n<Level>4</Level>\n<Task>35</Task>\n<Opcode>1</Opcode>\n<Keywords>0x4000000000000000</Keywords>\n<TimeCreated SystemTime=\"2014-02-07 17:28:22.362909+00:00\"></TimeCreated>\n<EventRecordID>13</EventRecordID>\n<Correlation ActivityID=\"\" RelatedActivityID=\"\"></Correlation>\n<Execution ProcessID=\"2100\" ThreadID=\"684\"></Execution>\n<Channel>Microsoft-Windows-LanguagePackSetup/Operational</Channel>\n<Computer>IACIS-HDD-2014</Computer>\n<Security UserID=\"S-1-5-18\"></Security>\n</System>\n<EventData></EventData>\n</Event>\n"
  },
  {
    "EventID": 4001,
    "Timestamp": "2014-02-07 17:28:22.362909+00:00",
    "Computer": "IACIS-HDD-2014",
    "Channel": "Microsoft-Windows-LanguagePackSetup/Operational",
    "Level": "Information",
    "EventData": {},
    "RawXml": "<Event xmlns=\"http://schemas.microsoft.com/win/2004/08/events/event\"><System><Provider Name=\"Microsoft-Windows-LanguagePackSetup\" Guid=\"{7237fff9-a08a-4804-9c79-4a8704b70b87}\"></Provider>\n<EventID Qualifiers=\"\">4001</EventID>\n<Version>0</Version>\n<Level>4</Level>\n<Task>35</Task>\n<Opcode>2</Opcode>\n<Keywords>0x4000000000000000</Keywords>\n<TimeCreated SystemTime=\"2014-02-07 17:28:22.362909+00:00\"></TimeCreated>\n<EventRecordID>14</EventRecordID>\n<Correlation ActivityID=\"\" RelatedActivityID=\"\"></Correlation>\n<Execution ProcessID=\"2100\" ThreadID=\"684\"></Execution>\n<Channel>Microsoft-Windows-LanguagePackSetup/Operational</Channel>\n<Computer>IACIS-HDD-2014</Computer>\n<Security UserID=\"S-1-5-18\"></Security>\n</System>\n<EventData></EventData>\n</Event>\n"
  },
  {
    "EventID": 4000,
    "Timestamp": "2014-02-10 15:50:12.004202+00:00",
    "Computer": "IACIS-HDD-2014",
    "Channel": "Microsoft-Windows-LanguagePackSetup/Operational",
    "Level": "Information",
    "EventData": {},
    "RawXml": "<Event xmlns=\"http://schemas.microsoft.com/win/2004/08/events/event\"><System><Provider Name=\"Microsoft-Windows-LanguagePackSetup\" Guid=\"{7237fff9-a08a-4804-9c79-4a8704b70b87}\"></Provider>\n<EventID Qualifiers=\"\">4000</EventID>\n<Version>0</Version>\n<Level>4</Level>\n<Task>35</Task>\n<Opcode>1</Opcode>\n<Keywords>0x4000000000000000</Keywords>\n<TimeCreated SystemTime=\"2014-02-10 15:50:12.004202+00:00\"></TimeCreated>\n<EventRecordID>15</EventRecordID>\n<Correlation ActivityID=\"\" RelatedActivityID=\"\"></Correlation>\n<Execution ProcessID=\"3060\" ThreadID=\"2880\"></Execution>\n<Channel>Microsoft-Windows-LanguagePackSetup/Operational</Channel>\n<Computer>IACIS-HDD-2014</Computer>\n<Security UserID=\"S-1-5-18\"></Security>\n</System>\n<EventData></EventData>\n</Event>\n"
  },
  {
    "EventID": 4001,
    "Timestamp": "2014-02-10 15:50:12.004202+00:00",
    "Computer": "IACIS-HDD-2014",
    "Channel": "Microsoft-Windows-LanguagePackSetup/Operational",
    "Level": "Information",
    "EventData": {},
    "RawXml": "<Event xmlns=\"http://schemas.microsoft.com/win/2004/08/events/event\"><System><Provider Name=\"Microsoft-Windows-LanguagePackSetup\" Guid=\"{7237fff9-a08a-4804-9c79-4a8704b70b87}\"></Provider>\n<EventID Qualifiers=\"\">4001</EventID>\n<Version>0</Version>\n<Level>4</Level>\n<Task>35</Task>\n<Opcode>2</Opcode>\n<Keywords>0x4000000000000000</Keywords>\n<TimeCreated SystemTime=\"2014-02-10 15:50:12.004202+00:00\"></TimeCreated>\n<EventRecordID>16</EventRecordID>\n<Correlation ActivityID=\"\" RelatedActivityID=\"\"></Correlation>\n<Execution ProcessID=\"3060\" ThreadID=\"2880\"></Execution>\n<Channel>Microsoft-Windows-LanguagePackSetup/Operational</Channel>\n<Computer>IACIS-HDD-2014</Computer>\n<Security UserID=\"S-1-5-18\"></Security>\n</System>\n<EventData></EventData>\n</Event>\n"
  },
  {
    "EventID": 4000,
    "Timestamp": "2014-02-11 15:19:49.130491+00:00",
    "Computer": "IACIS-HDD-2014",
    "Channel": "Microsoft-Windows-LanguagePackSetup/Operational",
    "Level": "Information",
    "EventData": {},
    "RawXml": "<Event xmlns=\"http://schemas.microsoft.com/win/2004/08/events/event\"><System><Provider Name=\"Microsoft-Windows-LanguagePackSetup\" Guid=\"{7237fff9-a08a-4804-9c79-4a8704b70b87}\"></Provider>\n<EventID Qualifiers=\"\">4000</EventID>\n<Version>0</Version>\n<Level>4</Level>\n<Task>35</Task>\n<Opcode>1</Opcode>\n<Keywords>0x4000000000000000</Keywords>\n<TimeCreated SystemTime=\"2014-02-11 15:19:49.130491+00:00\"></TimeCreated>\n<EventRecordID>17</EventRecordID>\n<Correlation ActivityID=\"\" RelatedActivityID=\"\"></Correlation>\n<Execution ProcessID=\"608\" ThreadID=\"4008\"></Execution>\n<Channel>Microsoft-Windows-LanguagePackSetup/Operational</Channel>\n<Computer>IACIS-HDD-2014</Computer>\n<Security UserID=\"S-1-5-18\"></Security>\n</System>\n<EventData></EventData>\n</Event>\n"
  },
  {
    "EventID": 4001,
    "Timestamp": "2014-02-11 15:19:49.130491+00:00",
    "Computer": "IACIS-HDD-2014",
    "Channel": "Microsoft-Windows-LanguagePackSetup/Operational",
    "Level": "Information",
    "EventData": {},
    "RawXml": "<Event xmlns=\"http://schemas.microsoft.com/win/2004/08/events/event\"><System><Provider Name=\"Microsoft-Windows-LanguagePackSetup\" Guid=\"{7237fff9-a08a-4804-9c79-4a8704b70b87}\"></Provider>\n<EventID Qualifiers=\"\">4001</EventID>\n<Version>0</Version>\n<Level>4</Level>\n<Task>35</Task>\n<Opcode>2</Opcode>\n<Keywords>0x4000000000000000</Keywords>\n<TimeCreated SystemTime=\"2014-02-11 15:19:49.130491+00:00\"></TimeCreated>\n<EventRecordID>18</EventRecordID>\n<Correlation ActivityID=\"\" RelatedActivityID=\"\"></Correlation>\n<Execution ProcessID=\"608\" ThreadID=\"4008\"></Execution>\n<Channel>Microsoft-Windows-LanguagePackSetup/Operational</Channel>\n<Computer>IACIS-HDD-2014</Computer>\n<Security UserID=\"S-1-5-18\"></Security>\n</System>\n<EventData></EventData>\n</Event>\n"
  },
  {
    "EventID": 4000,
    "Timestamp": "2014-02-11 18:28:51.895479+00:00",
    "Computer": "IACIS-HDD-2014",
    "Channel": "Microsoft-Windows-LanguagePackSetup/Operational",
    "Level": "Information",
    "EventData": {},
    "RawXml": "<Event xmlns=\"http://schemas.microsoft.com/win/2004/08/events/event\"><System><Provider Name=\"Microsoft-Windows-LanguagePackSetup\" Guid=\"{7237fff9-a08a-4804-9c79-4a8704b70b87}\"></Provider>\n<EventID Qualifiers=\"\">4000</EventID>\n<Version>0</Version>\n<Level>4</Level>\n<Task>35</Task>\n<Opcode>1</Opcode>\n<Keywords>0x4000000000000000</Keywords>\n<TimeCreated SystemTime=\"2014-02-11 18:28:51.895479+00:00\"></TimeCreated>\n<EventRecordID>19</EventRecordID>\n<Correlation ActivityID=\"\" RelatedActivityID=\"\"></Correlation>\n<Execution ProcessID=\"624\" ThreadID=\"772\"></Execution>\n<Channel>Microsoft-Windows-LanguagePackSetup/Operational</Channel>\n<Computer>IACIS-HDD-2014</Computer>\n<Security UserID=\"S-1-5-18\"></Security>\n</System>\n<EventData></EventData>\n</Event>\n"
  },
  {
    "EventID": 4001,
    "Timestamp": "2014-02-11 18:28:51.895479+00:00",
    "Computer": "IACIS-HDD-2014",
    "Channel": "Microsoft-Windows-LanguagePackSetup/Operational",
    "Level": "Information",
    "EventData": {},
    "RawXml": "<Event xmlns=\"http://schemas.microsoft.com/win/2004/08/events/event\"><System><Provider Name=\"Microsoft-Windows-LanguagePackSetup\" Guid=\"{7237fff9-a08a-4804-9c79-4a8704b70b87}\"></Provider>\n<EventID Qualifiers=\"\">4001</EventID>\n<Version>0</Version>\n<Level>4</Level>\n<Task>35</Task>\n<Opcode>2</Opcode>\n<Keywords>0x4000000000000000</Keywords>\n<TimeCreated SystemTime=\"2014-02-11 18:28:51.895479+00:00\"></TimeCreated>\n<EventRecordID>20</EventRecordID>\n<Correlation ActivityID=\"\" RelatedActivityID=\"\"></Correlation>\n<Execution ProcessID=\"624\" ThreadID=\"772\"></Execution>\n<Channel>Microsoft-Windows-LanguagePackSetup/Operational</Channel>\n<Computer>IACIS-HDD-2014</Computer>\n<Security UserID=\"S-1-5-18\"></Security>\n</System>\n<EventData></EventData>\n</Event>\n"
  },
  {
    "EventID": 4000,
    "Timestamp": "2014-02-16 20:00:53.325270+00:00",
    "Computer": "IACIS-HDD-2014",
    "Channel": "Microsoft-Windows-LanguagePackSetup/Operational",
    "Level": "Information",
    "EventData": {},
    "RawXml": "<Event xmlns=\"http://schemas.microsoft.com/win/2004/08/events/event\"><System><Provider Name=\"Microsoft-Windows-LanguagePackSetup\" Guid=\"{7237fff9-a08a-4804-9c79-4a8704b70b87}\"></Provider>\n<EventID Qualifiers=\"\">4000</EventID>\n<Version>0</Version>\n<Level>4</Level>\n<Task>35</Task>\n<Opcode>1</Opcode>\n<Keywords>0x4000000000000000</Keywords>\n<TimeCreated SystemTime=\"2014-02-16 20:00:53.325270+00:00\"></TimeCreated>\n<EventRecordID>21</EventRecordID>\n<Correlation ActivityID=\"\" RelatedActivityID=\"\"></Correlation>\n<Execution ProcessID=\"1480\" ThreadID=\"2712\"></Execution>\n<Channel>Microsoft-Windows-LanguagePackSetup/Operational</Channel>\n<Computer>IACIS-HDD-2014</Computer>\n<Security UserID=\"S-1-5-18\"></Security>\n</System>\n<EventData></EventData>\n</Event>\n"
  },
  {
    "EventID": 4001,
    "Timestamp": "2014-02-16 20:00:53.325270+00:00",
    "Computer": "IACIS-HDD-2014",
    "Channel": "Microsoft-Windows-LanguagePackSetup/Operational",
    "Level": "Information",
    "EventData": {},
    "RawXml": "<Event xmlns=\"http://schemas.microsoft.com/win/2004/08/events/event\"><System><Provider Name=\"Microsoft-Windows-LanguagePackSetup\" Guid=\"{7237fff9-a08a-4804-9c79-4a8704b70b87}\"></Provider>\n<EventID Qualifiers=\"\">4001</EventID>\n<Version>0</Version>\n<Level>4</Level>\n<Task>35</Task>\n<Opcode>2</Opcode>\n<Keywords>0x4000000000000000</Keywords>\n<TimeCreated SystemTime=\"2014-02-16 20:00:53.325270+00:00\"></TimeCreated>\n<EventRecordID>22</EventRecordID>\n<Correlation ActivityID=\"\" RelatedActivityID=\"\"></Correlation>\n<Execution ProcessID=\"1480\" ThreadID=\"2712\"></Execution>\n<Channel>Microsoft-Windows-LanguagePackSetup/Operational</Channel>\n<Computer>IACIS-HDD-2014</Computer>\n<Security UserID=\"S-1-5-18\"></Security>\n</System>\n<EventData></EventData>\n</Event>\n"
  },
  {
    "EventID": 4000,
    "Timestamp": "2014-02-19 14:14:09.397886+00:00",
    "Computer": "IACIS-HDD-2014",
    "Channel": "Microsoft-Windows-LanguagePackSetup/Operational",
    "Level": "Information",
    "EventData": {},
    "RawXml": "<Event xmlns=\"http://schemas.microsoft.com/win/2004/08/events/event\"><System><Provider Name=\"Microsoft-Windows-LanguagePackSetup\" Guid=\"{7237fff9-a08a-4804-9c79-4a8704b70b87}\"></Provider>\n<EventID Qualifiers=\"\">4000</EventID>\n<Version>0</Version>\n<Level>4</Level>\n<Task>35</Task>\n<Opcode>1</Opcode>\n<Keywords>0x4000000000000000</Keywords>\n<TimeCreated SystemTime=\"2014-02-19 14:14:09.397886+00:00\"></TimeCreated>\n<EventRecordID>23</EventRecordID>\n<Correlation ActivityID=\"\" RelatedActivityID=\"\"></Correlation>\n<Execution ProcessID=\"1576\" ThreadID=\"816\"></Execution>\n<Channel>Microsoft-Windows-LanguagePackSetup/Operational</Channel>\n<Computer>IACIS-HDD-2014</Computer>\n<Security UserID=\"S-1-5-18\"></Security>\n</System>\n<EventData></EventData>\n</Event>\n"
  },
  {
    "EventID": 4001,
    "Timestamp": "2014-02-19 14:14:09.397886+00:00",
    "Computer": "IACIS-HDD-2014",
    "Channel": "Microsoft-Windows-LanguagePackSetup/Operational",
    "Level": "Information",
    "EventData": {},
    "RawXml": "<Event xmlns=\"http://schemas.microsoft.com/win/2004/08/events/event\"><System><Provider Name=\"Microsoft-Windows-LanguagePackSetup\" Guid=\"{7237fff9-a08a-4804-9c79-4a8704b70b87}\"></Provider>\n<EventID Qualifiers=\"\">4001</EventID>\n<Version>0</Version>\n<Level>4</Level>\n<Task>35</Task>\n<Opcode>2</Opcode>\n<Keywords>0x4000000000000000</Keywords>\n<TimeCreated SystemTime=\"2014-02-19 14:14:09.397886+00:00\"></TimeCreated>\n<EventRecordID>24</EventRecordID>\n<Correlation ActivityID=\"\" RelatedActivityID=\"\"></Correlation>\n<Execution ProcessID=\"1576\" ThreadID=\"816\"></Execution>\n<Channel>Microsoft-Windows-LanguagePackSetup/Operational</Channel>\n<Computer>IACIS-HDD-2014</Computer>\n<Security UserID=\"S-1-5-18\"></Security>\n</System>\n<EventData></EventData>\n</Event>\n"
  },
  {
    "EventID": 4000,
    "Timestamp": "2014-02-20 15:29:38.156935+00:00",
    "Computer": "IACIS-HDD-2014",
    "Channel": "Microsoft-Windows-LanguagePackSetup/Operational",
    "Level": "Information",
    "EventData": {},
    "RawXml": "<Event xmlns=\"http://schemas.microsoft.com/win/2004/08/events/event\"><System><Provider Name=\"Microsoft-Windows-LanguagePackSetup\" Guid=\"{7237fff9-a08a-4804-9c79-4a8704b70b87}\"></Provider>\n<EventID Qualifiers=\"\">4000</EventID>\n<Version>0</Version>\n<Level>4</Level>\n<Task>35</Task>\n<Opcode>1</Opcode>\n<Keywords>0x4000000000000000</Keywords>\n<TimeCreated SystemTime=\"2014-02-20 15:29:38.156935+00:00\"></TimeCreated>\n<EventRecordID>25</EventRecordID>\n<Correlation ActivityID=\"\" RelatedActivityID=\"\"></Correlation>\n<Execution ProcessID=\"1648\" ThreadID=\"1532\"></Execution>\n<Channel>Microsoft-Windows-LanguagePackSetup/Operational</Channel>\n<Computer>IACIS-HDD-2014</Computer>\n<Security UserID=\"S-1-5-18\"></Security>\n</System>\n<EventData></EventData>\n</Event>\n"
  },
  {
    "EventID": 4001,
    "Timestamp": "2014-02-20 15:29:38.156935+00:00",
    "Computer": "IACIS-HDD-2014",
    "Channel": "Microsoft-Windows-LanguagePackSetup/Operational",
    "Level": "Information",
    "EventData": {},
    "RawXml": "<Event xmlns=\"http://schemas.microsoft.com/win/2004/08/events/event\"><System><Provider Name=\"Microsoft-Windows-LanguagePackSetup\" Guid=\"{7237fff9-a08a-4804-9c79-4a8704b70b87}\"></Provider>\n<EventID Qualifiers=\"\">4001</EventID>\n<Version>0</Version>\n<Level>4</Level>\n<Task>35</Task>\n<Opcode>2</Opcode>\n<Keywords>0x4000000000000000</Keywords>\n<TimeCreated SystemTime=\"2014-02-20 15:29:38.156935+00:00\"></TimeCreated>\n<EventRecordID>26</EventRecordID>\n<Correlation ActivityID=\"\" RelatedActivityID=\"\"></Correlation>\n<Execution ProcessID=\"1648\" ThreadID=\"1532\"></Execution>\n<Channel>Microsoft-Windows-LanguagePackSetup/Operational</Channel>\n<Computer>IACIS-HDD-2014</Computer>\n<Security UserID=\"S-1-5-18\"></Security>\n</System>\n<EventData></EventData>\n</Event>\n"
  }
]