  {
    "EventID": 130,
    "Timestamp": "2014-01-25 08:33:44.401546+00:00",
    "Computer": "IACIS-HDD-2014",
    "Channel": "Microsoft-Windows-Diagnosis-DPS/Operational",
    "Level": "Information",
    "EventData": {
      "ScenarioId": "{739ff6cf-5033-428c-9e2f-582096482dd5}",
      "InstanceId": "{67fa4766-32d9-46a5-b64b-62c3ba052a32}",
      "OriginalActivityId": "{00000000-0000-0000-0000-000000000000}",
      "DiagnosticModuleImageName": "%windir%\\system32\\radarrs.dll",
      "DiagnosticModuleId": "{5ee64afb-398d-4edb-af71-3b830219abf7}"
    },
    "RawXml": "<Event xmlns=\"http://schemas.microsoft.com/win/2004/08/events/event\"><System><Provider Name=\"Microsoft-Windows-Diagnosis-DPS\" Guid=\"{6bba3851-2c7e-4dea-8f54-31e5afd029e3}\"></Provider>\n<EventID Qualifiers=\"\">130</EventID>\n<Version>0</Version>\n<Level>4</Level>\n<Task>1</Task>\n<Opcode>19</Opcode>\n<Keywords>0x4000000800000000</Keywords>\n<TimeCreated SystemTime=\"2014-01-25 08:33:44.401546+00:00\"></TimeCreated>\n<EventRecordID>157</EventRecordID>\n<Correlation ActivityID=\"{67fa4766-32d9-46a5-b64b-62c3ba052a32}\" RelatedActivityID=\"\"></Correlation>\n<Execution ProcessID=\"1268\" ThreadID=\"2060\"></Execution>\n<Channel>Microsoft-Windows-Diagnosis-DPS/Operational</Channel>\n<Computer>IACIS-HDD-2014</Computer>\n<Security UserID=\"S-1-5-19\"></Security>\n</System>\n<EventData><Data Name=\"ScenarioId\">{739ff6cf-5033-428c-9e2f-582096482dd5}</Data>\n<Data Name=\"InstanceId\">{67fa4766-32d9-46a5-b64b-62c3ba052a32}</Data>\n<Data Name=\"OriginalActivityId\">{00000000-0000-0000-0000-000000000000}</Data>\n<Data Name=\"DiagnosticModuleImageName\">%windir%\\system32\\radarrs.dll</Data>\n<Data Name=\"DiagnosticModuleId\">{5ee64afb-398d-4edb-af71-3b830219abf7}</Data>\n</EventData>\n</Event>\n"
  },
  {
    "EventID": 100,
    "Timestamp": "2014-01-25 08:38:42.299669+00:00",
    "Computer": "IACIS-HDD-2014",
    "Channel": "Microsoft-Windows-Diagnosis-DPS/Operational",
    "Level": "Information",
    "EventData": {
      "ScenarioId": "{739ff6cf-5033-428c-9e2f-582096482dd5}",
      "InstanceId": "{3b7e22cd-9122-465a-a217-08f7c513b3de}",
      "OriginalActivityId": "{00000000-0000-0000-0000-000000000000}",
      "DiagnosticModuleImageName": "%windir%\\system32\\radardt.dll",
      "DiagnosticModuleId": "{c0f51d84-11b9-4e74-b083-99f11ba2db0a}"
    },
    "RawXml": "<Event xmlns=\"http://schemas.microsoft.com/win/2004/08/events/event\"><System><Provider Name=\"Microsoft-Windows-Diagnosis-DPS\" Guid=\"{6bba3851-2c7e-4dea-8f54-31e5afd029e3}\"></Provider>\n<EventID Qualifiers=\"\">100</EventID>\n<Version>0</Version>\n<Level>4</Level>\n<Task>1</Task>\n<Opcode>12</Opcode>\n<Keywords>0x4000000800000000</Keywords>\n<TimeCreated SystemTime=\"2014-01-25 08:38:42.299669+00:00\"></TimeCreated>\n<EventRecordID>158</EventRecordID>\n<Correlation ActivityID=\"{3b7e22cd-9122-465a-a217-08f7c513b3de}\" RelatedActivityID=\"\"></Correlation>\n<Execution ProcessID=\"1268\" ThreadID=\"2936\"></Execution>\n<Channel>Microsoft-Windows-Diagnosis-DPS/Operational</Channel>\n<Computer>IACIS-HDD-2014</Computer>\n<Security UserID=\"S-1-5-19\"></Security>\n</System>\n<EventData><Data Name=\"ScenarioId\">{739ff6cf-5033-428c-9e2f-582096482dd5}</Data>\n<Data Name=\"InstanceId\">{3b7e22cd-9122-465a-a217-08f7c513b3de}</Data>\n<Data Name=\"OriginalActivityId\">{00000000-0000-0000-0000-000000000000}</Data>\n<Data Name=\"DiagnosticModuleImageName\">%windir%\\system32\\radardt.dll</Data>\n<Data Name=\"DiagnosticModuleId\">{c0f51d84-11b9-4e74-b083-99f11ba2db0a}</Data>\n</EventData>\n</Event>\n"
  },
  {
    "EventID": 105,
    "Timestamp": "2014-01-25 08:38:42.299669+00:00",
    "Computer": "IACIS-HDD-2014",
    "Channel": "Microsoft-Windows-Diagnosis-DPS/Operational",
    "Level": "Information",
    "EventData": {
      "ScenarioId": "{739ff6cf-5033-428c-9e2f-582096482dd5}",
      "InstanceId": "{3b7e22cd-9122-465a-a217-08f7c513b3de}",
      "OriginalActivityId": "{00000000-0000-0000-0000-000000000000}",
      "DiagnosticModuleImageName": "%windir%\\system32\\radardt.dll",
      "DiagnosticModuleId": "{c0f51d84-11b9-4e74-b083-99f11ba2db0a}"
    },
    "RawXml": "<Event xmlns=\"http://schemas.microsoft.com/win/2004/08/events/event\"><System><Provider Name=\"Microsoft-Windows-Diagnosis-DPS\" Guid=\"{6bba3851-2c7e-4dea-8f54-31e5afd029e3}\"></Provider>\n<EventID Qualifiers=\"\">105</EventID>\n<Version>0</Version>\n<Level>4</Level>\n<Task>1</Task>\n<Opcode>13</Opcode>\n<Keywords>0x4000000800000000</Keywords>\n<TimeCreated SystemTime=\"2014-01-25 08:38:42.299669+00:00\"></TimeCreated>\n<EventRecordID>159</EventRecordID>\n<Correlation ActivityID=\"{3b7e22cd-9122-465a-a217-08f7c513b3de}\" RelatedActivityID=\"\"></Correlation>\n<Execution ProcessID=\"1268\" ThreadID=\"2936\"></Execution>\n<Channel>Microsoft-Windows-Diagnosis-DPS/Operational</Channel>\n<Computer>IACIS-HDD-2014</Computer>\n<Security UserID=\"S-1-5-19\"></Security>\n</System>\n<EventData><Data Name=\"ScenarioId\">{739ff6cf-5033-428c-9e2f-582096482dd5}</Data>\n<Data Name=\"InstanceId\">{3b7e22cd-9122-465a-a217-08f7c513b3de}</Data>\n<Data Name=\"OriginalActivityId\">{00000000-0000-0000-0000-000000000000}</Data>\n<Data Name=\"DiagnosticModuleImageName\">%windir%\\system32\\radardt.dll</Data>\n<Data Name=\"DiagnosticModuleId\">{c0f51d84-11b9-4e74-b083-99f11ba2db0a}</Data>\n</EventData>\n</Event>\n"
  },
  {
    "EventID": 115,
    "Timestamp": "2014-01-25 08:38:43.875273+00:00",
    "Computer": "IACIS-HDD-2014",
    "Channel": "Microsoft-Windows-Diagnosis-DPS/Operational",
    "Level": "Information",
    "EventData": {
      "ScenarioId": "{739ff6cf-5033-428c-9e2f-582096482dd5}",
      "InstanceId": "{3b7e22cd-9122-465a-a217-08f7c513b3de}",
      "OriginalActivityId": "{00000000-0000-0000-0000-000000000000}",
      "DiagnosticModuleImageName": "%windir%\\system32\\radardt.dll",
      "ResolutionId": "{5ee64afb-398d-4edb-af71-3b830219abf7}",
      "ResolutionSID": "S-1-5-21-1171287513-3642516788-2358256967-1001",
      "ResolutionSessionId": "1",
      "ResolutionExpirationDate": "0001-01-01 00:00:00",
      "DiagnosticModuleId": "{c0f51d84-11b9-4e74-b083-99f11ba2db0a}"
    },
    "RawXml": "<Event xmlns=\"http://schemas.microsoft.com/win/2004/08/events/event\"><System><Provider Name=\"Microsoft-Windows-Diagnosis-DPS\" Guid=\"{6bba3851-2c7e-4dea-8f54-31e5afd029e3}\"></Provider>\n<EventID Qualifiers=\"\">115</EventID>\n<Version>0</Version>\n<Level>4</Level>\n<Task>1</Task>\n<Opcode>15</Opcode>\n<Keywords>0x4000000800000000</Keywords>\n<TimeCreated SystemTime=\"2014-01-25 08:38:43.875273+00:00\"></TimeCreated>\n<EventRecordID>160</EventRecordID>\n<Correlation ActivityID=\"{3b7e22cd-9122-465a-a217-08f7c513b3de}\" RelatedActivityID=\"\"></Correlation>\n<Execution ProcessID=\"1268\" ThreadID=\"2936\"></Execution>\n<Channel>Microsoft-Windows-Diagnosis-DPS/Operational</Channel>\n<Computer>IACIS-HDD-2014</Computer>\n<Security UserID=\"S-1-5-19\"></Security>\n</System>\n<EventData><Data Name=\"ScenarioId\">{739ff6cf-5033-428c-9e2f-582096482dd5}</Data>\n<Data Name=\"InstanceId\">{3b7e22cd-9122-465a-a217-08f7c513b3de}</Data>\n<Data Name=\"OriginalActivityId\">{00000000-0000-0000-0000-000000000000}</Data>\n<Data Name=\"DiagnosticModuleImageName\">%windir%\\system32\\radardt.dll</Data>\n<Data Name=\"ResolutionId\">{5ee64afb-398d-4edb-af71-3b830219abf7}</Data>\n<Data Name=\"ResolutionSID\">S-1-5-21-1171287513-3642516788-2358256967-1001</Data>\n<Data Name=\"ResolutionSessionId\">1</Data>\n<Data Name=\"ResolutionExpirationDate\">0001-01-01 00:00:00</Data>\n<Data Name=\"DiagnosticModuleId\">{c0f51d84-11b9-4e74-b083-99f11ba2db0a}</Data>\n</EventData>\n</Event>\n"
  },
  {
    "EventID": 125,
    "Timestamp": "2014-01-25 08:38:43.922073+00:00",
    "Computer": "IACIS-HDD-2014",
    "Channel": "Microsoft-Windows-Diagnosis-DPS/Operational",
    "Level": "Information",
    "EventData": {
      "ScenarioId": "{739ff6cf-5033-428c-9e2f-582096482dd5}",
      "InstanceId": "{3b7e22cd-9122-465a-a217-08f7c513b3de}",
      "OriginalActivityId": "{00000000-0000-0000-0000-000000000000}",
      "DiagnosticModuleImageName": "%windir%\\system32\\radarrs.dll",
      "DiagnosticModuleId": "{5ee64afb-398d-4edb-af71-3b830219abf7}"
    },
    "RawXml": "<Event xmlns=\"http://schemas.microsoft.com/win/2004/08/events/event\"><System><Provider Name=\"Microsoft-Windows-Diagnosis-DPS\" Guid=\"{6bba3851-2c7e-4dea-8f54-31e5afd029e3}\"></Provider>\n<EventID Qualifiers=\"\">125</EventID>\n<Version>0</Version>\n<Level>4</Level>\n<Task>1</Task>\n<Opcode>17</Opcode>\n<Keywords>0x4000000800000000</Keywords>\n<TimeCreated SystemTime=\"2014-01-25 08:38:43.922073+00:00\"></TimeCreated>\n<EventRecordID>161</EventRecordID>\n<Correlation ActivityID=\"{3b7e22cd-9122-465a-a217-08f7c513b3de}\" RelatedActivityID=\"\"></Correlation>\n<Execution ProcessID=\"1268\" ThreadID=\"2936\"></Execution>\n<Channel>Microsoft-Windows-Diagnosis-DPS/Operational</Channel>\n<Computer>IACIS-HDD-2014</Computer>\n<Security UserID=\"S-1-5-19\"></Security>\n</System>\n<EventData><Data Name=\"ScenarioId\">{739ff6cf-5033-428c-9e2f-582096482dd5}</Data>\n<Data Name=\"InstanceId\">{3b7e22cd-9122-465a-a217-08f7c513b3de}</Data>\n<Data Name=\"OriginalActivityId\">{00000000-0000-0000-0000-000000000000}</Data>\n<Data Name=\"DiagnosticModuleImageName\">%windir%\\system32\\radarrs.dll</Data>\n<Data Name=\"DiagnosticModuleId\">{5ee64afb-398d-4edb-af71-3b830219abf7}</Data>\n</EventData>\n</Event>\n"
  },
  {
    "EventID": 130,
    "Timestamp": "2014-01-25 08:38:44.327675+00:00",
    "Computer": "IACIS-HDD-2014",
    "Channel": "Microsoft-Windows-Diagnosis-DPS/Operational",
    "Level": "Information",
    "EventData": {
      "ScenarioId": "{739ff6cf-5033-428c-9e2f-582096482dd5}",
      "InstanceId": "{3b7e22cd-9122-465a-a217-08f7c513b3de}",
      "OriginalActivityId": "{00000000-0000-0000-0000-000000000000}",
      "DiagnosticModuleImageName": "%windir%\\system32\\radarrs.dll",
      "DiagnosticModuleId": "{5ee64afb-398d-4edb-af71-3b830219abf7}"
    },
    "RawXml": "<Event xmlns=\"http://schemas.microsoft.com/win/2004/08/events/event\"><System><Provider Name=\"Microsoft-Windows-Diagnosis-DPS\" Guid=\"{6bba3851-2c7e-4dea-8f54-31e5afd029e3}\"></Provider>\n<EventID Qualifiers=\"\">130</EventID>\n<Version>0</Version>\n<Level>4</Level>\n<Task>1</Task>\n<Opcode>19</Opcode>\n<Keywords>0x4000000800000000</Keywords>\n<TimeCreated SystemTime=\"2014-01-25 08:38:44.327675+00:00\"></TimeCreated>\n<EventRecordID>162</EventRecordID>\n<Correlation ActivityID=\"{3b7e22cd-9122-465a-a217-08f7c513b3de}\" RelatedActivityID=\"\"></Correlation>\n<Execution ProcessID=\"1268\" ThreadID=\"2936\"></Execution>\n<Channel>Microsoft-Windows-Diagnosis-DPS/Operational</Channel>\n<Computer>IACIS-HDD-2014</Computer>\n<Security UserID=\"S-1-5-19\"></Security>\n</System>\n<EventData><Data Name=\"ScenarioId\">{739ff6cf-5033-428c-9e2f-582096482dd5}</Data>\n<Data Name=\"InstanceId\">{3b7e22cd-9122-465a-a217-08f7c513b3de}</Data>\n<Data Name=\"OriginalActivityId\">{00000000-0000-0000-0000-000000000000}</Data>\n<Data Name=\"DiagnosticModuleImageName\">%windir%\\system32\\radarrs.dll</Data>\n<Data Name=\"DiagnosticModuleId\">{5ee64afb-398d-4edb-af71-3b830219abf7}</Data>\n</EventData>\n</Event>\n"
  },
  {
    "EventID": 130,
    "Timestamp": "2014-01-25 08:39:54.777397+00:00",
    "Computer": "IACIS-HDD-2014",
    "Channel": "Microsoft-Windows-Diagnosis-DPS/Operational",
    "Level": "Information",
    "EventData": {
      "ScenarioId": "{739ff6cf-5033-428c-9e2f-582096482dd5}",
      "InstanceId": "{96bf6da0-04d8-48b8-8def-fec70e1c3eae}",
      "OriginalActivityId": "{00000000-0000-0000-0000-000000000000}",
      "DiagnosticModuleImageName": "%windir%\\system32\\radarrs.dll",
      "DiagnosticModuleId": "{5ee64afb-398d-4edb-af71-3b830219abf7}"
    },
    "RawXml": "<Event xmlns=\"http://schemas.microsoft.com/win/2004/08/events/event\"><System><Provider Name=\"Microsoft-Windows-Diagnosis-DPS\" Guid=\"{6bba3851-2c7e-4dea-8f54-31e5afd029e3}\"></Provider>\n<EventID Qualifiers=\"\">130</EventID>\n<Version>0</Version>\n<Level>4</Level>\n<Task>1</Task>\n<Opcode>19</Opcode>\n<Keywords>0x4000000800000000</Keywords>\n<TimeCreated SystemTime=\"2014-01-25 08:39:54.777397+00:00\"></TimeCreated>\n<EventRecordID>163</EventRecordID>\n<Correlation ActivityID=\"{96bf6da0-04d8-48b8-8def-fec70e1c3eae}\" RelatedActivityID=\"\"></Correlation>\n<Execution ProcessID=\"1268\" ThreadID=\"1900\"></Execution>\n<Channel>Microsoft-Windows-Diagnosis-DPS/Operational</Channel>\n<Computer>IACIS-HDD-2014</Computer>\n<Security UserID=\"S-1-5-19\"></Security>\n</System>\n<EventData><Data Name=\"ScenarioId\">{739ff6cf-5033-428c-9e2f-582096482dd5}</Data>\n<Data Name=\"InstanceId\">{96bf6da0-04d8-48b8-8def-fec70e1c3eae}</Data>\n<Data Name=\"OriginalActivityId\">{00000000-0000-0000-0000-000000000000}</Data>\n<Data Name=\"DiagnosticModuleImageName\">%windir%\\system32\\radarrs.dll</Data>\n<Data Name=\"DiagnosticModuleId\">{5ee64afb-398d-4edb-af71-3b830219abf7}</Data>\n</EventData>\n</Event>\n"
  },
  {
    "EventID": 100,
    "Timestamp": "2014-01-25 08:54:20.102518+00:00",
    "Computer": "IACIS-HDD-2014",
    "Channel": "Microsoft-Windows-Diagnosis-DPS/Operational",
    "Level": "Information",
    "EventData": {
      "ScenarioId": "{739ff6cf-5033-428c-9e2f-582096482dd5}",
      "InstanceId": "{4a6eb4ad-64ef-4756-b26f-d551f45a44fb}",
      "OriginalActivityId": "{00000000-0000-0000-0000-000000000000}",
      "DiagnosticModuleImageName": "%windir%\\system32\\radardt.dll",
      "DiagnosticModuleId": "{c0f51d84-11b9-4e74-b083-99f11ba2db0a}"
    },
    "RawXml": "<Event xmlns=\"http://schemas.microsoft.com/win/2004/08/events/event\"><System><Provider Name=\"Microsoft-Windows-Diagnosis-DPS\" Guid=\"{6bba3851-2c7e-4dea-8f54-31e5afd029e3}\"></Provider>\n<EventID Qualifiers=\"\">100</EventID>\n<Version>0</Version>\n<Level>4</Level>\n<Task>1</Task>\n<Opcode>12</Opcode>\n<Keywords>0x4000000800000000</Keywords>\n<TimeCreated SystemTime=\"2014-01-25 08:54:20.102518+00:00\"></TimeCreated>\n<EventRecordID>164</EventRecordID>\n<Correlation ActivityID=\"{4a6eb4ad-64ef-4756-b26f-d551f45a44fb}\" RelatedActivityID=\"\"></Correlation>\n<Execution ProcessID=\"1268\" ThreadID=\"1432\"></Execution>\n<Channel>Microsoft-Windows-Diagnosis-DPS/Operational</Channel>\n<Computer>IACIS-HDD-2014</Computer>\n<Security UserID=\"S-1-5-19\"></Security>\n</System>\n<EventData><Data Name=\"ScenarioId\">{739ff6cf-5033-428c-9e2f-582096482dd5}</Data>\n<Data Name=\"InstanceId\">{4a6eb4ad-64ef-4756-b26f-d551f45a44fb}</Data>\n<Data Name=\"OriginalActivityId\">{00000000-0000-0000-0000-000000000000}</Data>\n<Data Name=\"DiagnosticModuleImageName\">%windir%\\system32\\radardt.dll</Data>\n<Data Name=\"DiagnosticModuleId\">{c0f51d84-11b9-4e74-b083-99f11ba2db0a}</Data>\n</EventData>\n</Event>\n"
  },
  {
    "EventID": 105,
    "Timestamp": "2014-01-25 08:54:20.102518+00:00",
    "Computer": "IACIS-HDD-2014",
    "Channel": "Microsoft-Windows-Diagnosis-DPS/Operational",
    "Level": "Information",
    "EventData": {
      "ScenarioId": "{739ff6cf-5033-428c-9e2f-582096482dd5}",
      "InstanceId": "{4a6eb4ad-64ef-4756-b26f-d551f45a44fb}",
      "OriginalActivityId": "{00000000-0000-0000-0000-000000000000}",
      "DiagnosticModuleImageName": "%windir%\\system32\\radardt.dll",
      "DiagnosticModuleId": "{c0f51d84-11b9-4e74-b083-99f11ba2db0a}"
    },
    "RawXml": "<Event xmlns=\"http://schemas.microsoft.com/win/2004/08/events/event\"><System><Provider Name=\"Microsoft-Windows-Diagnosis-DPS\" Guid=\"{6bba3851-2c7e-4dea-8f54-31e5afd029e3}\"></Provider>\n<EventID Qualifiers=\"\">105</EventID>\n<Version>0</Version>\n<Level>4</Level>\n<Task>1</Task>\n<Opcode>13</Opcode>\n<Keywords>0x4000000800000000</Keywords>\n<TimeCreated SystemTime=\"2014-01-25 08:54:20.102518+00:00\"></TimeCreated>\n<EventRecordID>165</EventRecordID>\n<Correlation ActivityID=\"{4a6eb4ad-64ef-4756-b26f-d551f45a44fb}\" RelatedActivityID=\"\"></Correlation>\n<Execution ProcessID=\"1268\" ThreadID=\"1432\"></Execution>\n<Channel>Microsoft-Windows-Diagnosis-DPS/Operational</Channel>\n<Computer>IACIS-HDD-2014</Computer>\n<Security UserID=\"S-1-5-19\"></Security>\n</System>\n<EventData><Data Name=\"ScenarioId\">{739ff6cf-5033-428c-9e2f-582096482dd5}</Data>\n<Data Name=\"InstanceId\">{4a6eb4ad-64ef-4756-b26f-d551f45a44fb}</Data>\n<Data Name=\"OriginalActivityId\">{00000000-0000-0000-0000-000000000000}</Data>\n<Data Name=\"DiagnosticModuleImageName\">%windir%\\system32\\radardt.dll</Data>\n<Data Name=\"DiagnosticModuleId\">{c0f51d84-11b9-4e74-b083-99f11ba2db0a}</Data>\n</EventData>\n</Event>\n"
  },
  {
    "EventID": 115,
    "Timestamp": "2014-01-25 08:54:20.102518+00:00",
    "Computer": "IACIS-HDD-2014",
    "Channel": "Microsoft-Windows-Diagnosis-DPS/Operational",
    "Level": "Information",
    "EventData": {
      "ScenarioId": "{739ff6cf-5033-428c-9e2f-582096482dd5}",
      "InstanceId": "{4a6eb4ad-64ef-4756-b26f-d551f45a44fb}",
      "OriginalActivityId": "{00000000-0000-0000-0000-000000000000}",
      "DiagnosticModuleImageName": "%windir%\\system32\\radardt.dll",
      "ResolutionId": "{5ee64afb-398d-4edb-af71-3b830219abf7}",
      "ResolutionSID": "S-1-5-21-1171287513-3642516788-2358256967-1001",
      "ResolutionSessionId": "4294967295",
      "ResolutionExpirationDate": "0001-01-01 00:00:00",
      "DiagnosticModuleId": "{c0f51d84-11b9-4e74-b083-99f11ba2db0a}"
    },
    "RawXml": "<Event xmlns=\"http://schemas.microsoft.com/win/2004/08/events/event\"><System><Provider Name=\"Microsoft-Windows-Diagnosis-DPS\" Guid=\"{6bba3851-2c7e-4dea-8f54-31e5afd029e3}\"></Provider>\n<EventID Qualifiers=\"\">115</EventID>\n<Version>0</Version>\n<Level>4</Level>\n<Task>1</Task>\n<Opcode>15</Opcode>\n<Keywords>0x4000000800000000</Keywords>\n<TimeCreated SystemTime=\"2014-01-25 08:54:20.102518+00:00\"></TimeCreated>\n<EventRecordID>166</EventRecordID>\n<Correlation ActivityID=\"{4a6eb4ad-64ef-4756-b26f-d551f45a44fb}\" RelatedActivityID=\"\"></Correlation>\n<Execution ProcessID=\"1268\" ThreadID=\"1432\"></Execution>\n<Channel>Microsoft-Windows-Diagnosis-DPS/Operational</Channel>\n<Computer>IACIS-HDD-2014</Computer>\n<Security UserID=\"S-1-5-19\"></Security>\n</System>\n<EventData><Data Name=\"ScenarioId\">{739ff6cf-5033-428c-9e2f-582096482dd5}</Data>\n<Data Name=\"InstanceId\">{4a6eb4ad-64ef-4756-b26f-d551f45a44fb}</Data>\n<Data Name=\"OriginalActivityId\">{00000000-0000-0000-0000-000000000000}</Data>\n<Data Name=\"DiagnosticModuleImageName\">%windir%\\system32\\radardt.dll</Data>\n<Data Name=\"ResolutionId\">{5ee64afb-398d-4edb-af71-3b830219abf7}</Data>\n<Data Name=\"ResolutionSID\">S-1-5-21-1171287513-3642516788-2358256967-1001</Data>\n<Data Name=\"ResolutionSessionId\">4294967295</Data>\n<Data Name=\"ResolutionExpirationDate\">0001-01-01 00:00:00</Data>\n<Data Name=\"DiagnosticModuleId\">{c0f51d84-11b9-4e74-b083-99f11ba2db0a}</Data>\n</EventData>\n</Event>\n"
  },
  {
    "EventID": 135,
    "Timestamp": "2014-01-25 08:54:24.298925+00:00",
    "Computer": "IACIS-HDD-2014",
    "Channel": "Microsoft-Windows-Diagnosis-DPS/Operational",
    "Level": "Error",
    "EventData": {
      "ScenarioId": "{739ff6cf-5033-428c-9e2f-582096482dd5}",
      "InstanceId": "{4a6eb4ad-64ef-4756-b26f-d551f45a44fb}",
      "OriginalActivityId": "{00000000-0000-0000-0000-000000000000}",
      "StatusCode": "2147942487",
      "DiagnosticModuleImageName": "%windir%\\system32\\radardt.dll",
      "DiagnosticModuleId": "{c0f51d84-11b9-4e74-b083-99f11ba2db0a}"
    },
    "RawXml": "<Event xmlns=\"http://schemas.microsoft.com/win/2004/08/events/event\"><System><Provider Name=\"Microsoft-Windows-Diagnosis-DPS\" Guid=\"{6bba3851-2c7e-4dea-8f54-31e5afd029e3}\"></Provider>\n<EventID Qualifiers=\"\">135</EventID>\n<Version>0</Version>\n<Level>2</Level>\n<Task>1</Task>\n<Opcode>20</Opcode>\n<Keywords>0x4000000800000000</Keywords>\n<TimeCreated SystemTime=\"2014-01-25 08:54:24.298925+00:00\"></TimeCreated>\n<EventRecordID>167</EventRecordID>\n<Correlation ActivityID=\"{4a6eb4ad-64ef-4756-b26f-d551f45a44fb}\" RelatedActivityID=\"\"></Correlation>\n<Execution ProcessID=\"1268\" ThreadID=\"1432\"></Execution>\n<Channel>Microsoft-Windows-Diagnosis-DPS/Operational</Channel>\n<Computer>IACIS-HDD-2014</Computer>\n<Security UserID=\"S-1-5-19\"></Security>\n</System>\n<EventData><Data Name=\"ScenarioId\">{739ff6cf-5033-428c-9e2f-582096482dd5}</Data>\n<Data Name=\"InstanceId\">{4a6eb4ad-64ef-4756-b26f-d551f45a44fb}</Data>\n<Data Name=\"OriginalActivityId\">{00000000-0000-0000-0000-000000000000}</Data>\n<Data Name=\"StatusCode\">2147942487</Data>\n<Data Name=\"DiagnosticModuleImageName\">%windir%\\system32\\radardt.dll</Data>\n<Data Name=\"DiagnosticModuleId\">{c0f51d84-11b9-4e74-b083-99f11ba2db0a}</Data>\n</EventData>\n</Event>\n"
  },
  {
    "EventID": 100,
    "Timestamp": "2014-01-25 13:25:36.023891+00:00",
    "Computer": "IACIS-HDD-2014",
    "Channel": "Microsoft-Windows-Diagnosis-DPS/Operational",
    "Level": "Information",
    "EventData": {
      "ScenarioId": "{2698178d-fdad-40ae-9d3c-1371703adc5b}",
      "InstanceId": "{4d963e16-5274-4abd-ad20-bc2b3c7cc19b}",
      "OriginalActivityId": "{2698178d-fdad-40ae-9d3c-1371703adc5b}",
      "DiagnosticModuleImageName": "%SystemRoot%\\system32\\diagperf.dll",
      "DiagnosticModuleId": "{15fba3b8-a37a-4f91-bdba-fbb98fe804bf}"
    },
    "RawXml": "<Event xmlns=\"http://schemas.microsoft.com/win/2004/08/events/event\"><System><Provider Name=\"Microsoft-Windows-Diagnosis-DPS\" Guid=\"{6bba3851-2c7e-4dea-8f54-31e5afd029e3}\"></Provider>\n<EventID Qualifiers=\"\">100</EventID>\n<Version>0</Version>\n<Level>4</Level>\n<Task>1</Task>\n<Opcode>12</Opcode>\n<Keywords>0x4000000800000000</Keywords>\n<TimeCreated SystemTime=\"2014-01-25 13:25:36.023891+00:00\"></TimeCreated>\n<EventRecordID>168</EventRecordID>\n<Correlation ActivityID=\"{4d963e16-5274-4abd-ad20-bc2b3c7cc19b}\" RelatedActivityID=\"\"></Correlation>\n<Execution ProcessID=\"1204\" ThreadID=\"1216\"></Execution>\n<Channel>Microsoft-Windows-Diagnosis-DPS/Operational</Channel>\n<Computer>IACIS-HDD-2014</Computer>\n<Security UserID=\"S-1-5-19\"></Security>\n</System>\n<EventData><Data Name=\"ScenarioId\">{2698178d-fdad-40ae-9d3c-1371703adc5b}</Data>\n<Data Name=\"InstanceId\">{4d963e16-5274-4abd-ad20-bc2b3c7cc19b}</Data>\n<Data Name=\"OriginalActivityId\">{2698178d-fdad-40ae-9d3c-1371703adc5b}</Data>\n<Data Name=\"DiagnosticModuleImageName\">%SystemRoot%\\system32\\diagperf.dll</Data>\n<Data Name=\"DiagnosticModuleId\">{15fba3b8-a37a-4f91-bdba-fbb98fe804bf}</Data>\n</EventData>\n</Event>\n"
  },
  {
    "EventID": 105,
    "Timestamp": "2014-01-25 13:25:36.023891+00:00",
    "Computer": "IACIS-HDD-2014",
    "Channel": "Microsoft-Windows-Diagnosis-DPS/Operational",
    "Level": "Information",
    "EventData": {
      "ScenarioId": "{2698178d-fdad-40ae-9d3c-1371703adc5b}",
      "InstanceId": "{4d963e16-5274-4abd-ad20-bc2b3c7cc19b}",
      "OriginalActivityId": "{2698178d-fdad-40ae-9d3c-1371703adc5b}",
      "DiagnosticModuleImageName": "%SystemRoot%\\system32\\diagperf.dll",
      "DiagnosticModuleId": "{15fba3b8-a37a-4f91-bdba-fbb98fe804bf}"
    },
    "RawXml": "<Event xmlns=\"http://schemas.microsoft.com/win/2004/08/events/event\"><System><Provider Name=\"Microsoft-Windows-Diagnosis-DPS\" Guid=\"{6bba3851-2c7e-4dea-8f54-31e5afd029e3}\"></Provider>\n<EventID Qualifiers=\"\">105</EventID>\n<Version>0</Version>\n<Level>4</Level>\n<Task>1</Task>\n<Opcode>13</Opcode>\n<Keywords>0x4000000800000000</Keywords>\n<TimeCreated SystemTime=\"2014-01-25 13:25:36.023891+00:00\"></TimeCreated>\n<EventRecordID>169</EventRecordID>\n<Correlation ActivityID=\"{4d963e16-5274-4abd-ad20-bc2b3c7cc19b}\" RelatedActivityID=\"\"></Correlation>\n<Execution ProcessID=\"1204\" ThreadID=\"1216\"></Execution>\n<Channel>Microsoft-Windows-Diagnosis-DPS/Operational</Channel>\n<Computer>IACIS-HDD-2014</Computer>\n<Security UserID=\"S-1-5-19\"></Security>\n</System>\n<EventData><Data Name=\"ScenarioId\">{2698178d-fdad-40ae-9d3c-1371703adc5b}</Data>\n<Data Name=\"InstanceId\">{4d963e16-5274-4abd-ad20-bc2b3c7cc19b}</Data>\n<Data Name=\"OriginalActivityId\">{2698178d-fdad-40ae-9d3c-1371703adc5b}</Data>\n<Data Name=\"DiagnosticModuleImageName\">%SystemRoot%\\system32\\diagperf.dll</Data>\n<Data Name=\"DiagnosticModuleId\">{15fba3b8-a37a-4f91-bdba-fbb98fe804bf}</Data>\n</EventData>\n</Event>\n"
  },
  {
    "EventID": 100,
    "Timestamp": "2014-01-25 13:29:26.327887+00:00",
    "Computer": "IACIS-HDD-2014",
    "Channel": "Microsoft-Windows-Diagnosis-DPS/Operational",
    "Level": "Information",
    "EventData": {
      "ScenarioId": "{2698178d-fdad-40ae-9d3c-1371703adc5b}",
      "InstanceId": "{84456b0e-f2e8-4738-8edb-85776c56ba35}",
      "OriginalActivityId": "{2698178d-fdad-40ae-9d3c-1371703adc5b}",
      "DiagnosticModuleImageName": "%SystemRoot%\\system32\\diagperf.dll",
      "DiagnosticModuleId": "{15fba3b8-a37a-4f91-bdba-fbb98fe804bf}"
    },
    "RawXml": "<Event xmlns=\"http://schemas.microsoft.com/win/2004/08/events/event\"><System><Provider Name=\"Microsoft-Windows-Diagnosis-DPS\" Guid=\"{6bba3851-2c7e-4dea-8f54-31e5afd029e3}\"></Provider>\n<EventID Qualifiers=\"\">100</EventID>\n<Version>0</Version>\n<Level>4</Level>\n<Task>1</Task>\n<Opcode>12</Opcode>\n<Keywords>0x4000000800000000</Keywords>\n<TimeCreated SystemTime=\"2014-01-25 13:29:26.327887+00:00\"></TimeCreated>\n<EventRecordID>170</EventRecordID>\n<Correlation ActivityID=\"{84456b0e-f2e8-4738-8edb-85776c56ba35}\" RelatedActivityID=\"\"></Correlation>\n<Execution ProcessID=\"1224\" ThreadID=\"1448\"></Execution>\n<Channel>Microsoft-Windows-Diagnosis-DPS/Operational</Channel>\n<Computer>IACIS-HDD-2014</Computer>\n<Security UserID=\"S-1-5-19\"></Security>\n</System>\n<EventData><Data Name=\"ScenarioId\">{2698178d-fdad-40ae-9d3c-1371703adc5b}</Data>\n<Data Name=\"InstanceId\">{84456b0e-f2e8-4738-8edb-85776c56ba35}</Data>\n<Data Name=\"OriginalActivityId\">{2698178d-fdad-40ae-9d3c-1371703adc5b}</Data>\n<Data Name=\"DiagnosticModuleImageName\">%SystemRoot%\\system32\\diagperf.dll</Data>\n<Data Name=\"DiagnosticModuleId\">{15fba3b8-a37a-4f91-bdba-fbb98fe804bf}</Data>\n</EventData>\n</Event>\n"
  },
  {
    "EventID": 105,
    "Timestamp": "2014-01-25 13:29:26.327887+00:00",
    "Computer": "IACIS-HDD-2014",
    "Channel": "Microsoft-Windows-Diagnosis-DPS/Operational",
    "Level": "Information",
    "EventData": {
      "ScenarioId": "{2698178d-fdad-40ae-9d3c-1371703adc5b}",
      "InstanceId": "{84456b0e-f2e8-4738-8edb-85776c56ba35}",
      "OriginalActivityId": "{2698178d-fdad-40ae-9d3c-1371703adc5b}",
      "DiagnosticModuleImageName": "%SystemRoot%\\system32\\diagperf.dll",
      "DiagnosticModuleId": "{15fba3b8-a37a-4f91-bdba-fbb98fe804bf}"
    },
    "RawXml": "<Event xmlns=\"http://schemas.microsoft.com/win/2004/08/events/event\"><System><Provider Name=\"Microsoft-Windows-Diagnosis-DPS\" Guid=\"{6bba3851-2c7e-4dea-8f54-31e5afd029e3}\"></Provider>\n<EventID Qualifiers=\"\">105</EventID>\n<Version>0</Version>\n<Level>4</Level>\n<Task>1</Task>\n<Opcode>13</Opcode>\n<Keywords>0x4000000800000000</Keywords>\n<TimeCreated SystemTime=\"2014-01-25 13:29:26.327887+00:00\"></TimeCreated>\n<EventRecordID>171</EventRecordID>\n<Correlation ActivityID=\"{84456b0e-f2e8-4738-8edb-85776c56ba35}\" RelatedActivityID=\"\"></Correlation>\n<Execution ProcessID=\"1224\" ThreadID=\"1448\"></Execution>\n<Channel>Microsoft-Windows-Diagnosis-DPS/Operational</Channel>\n<Computer>IACIS-HDD-2014</Computer>\n<Security UserID=\"S-1-5-19\"></Security>\n</System>\n<EventData><Data Name=\"ScenarioId\">{2698178d-fdad-40ae-9d3c-1371703adc5b}</Data>\n<Data Name=\"InstanceId\">{84456b0e-f2e8-4738-8edb-85776c56ba35}</Data>\n<Data Name=\"OriginalActivityId\">{2698178d-fdad-40ae-9d3c-1371703adc5b}</Data>\n<Data Name=\"DiagnosticModuleImageName\">%SystemRoot%\\system32\\diagperf.dll</Data>\n<Data Name=\"DiagnosticModuleId\">{15fba3b8-a37a-4f91-bdba-fbb98fe804bf}</Data>\n</EventData>\n</Event>\n"
  },
  {
    "EventID": 100,
    "Timestamp": "2014-01-25 13:32:16.884687+00:00",
    "Computer": "IACIS-HDD-2014",
    "Channel": "Microsoft-Windows-Diagnosis-DPS/Operational",
    "Level": "Information",
    "EventData": {
      "ScenarioId": "{2698178d-fdad-40ae-9d3c-1371703adc5b}",
      "InstanceId": "{1db3ed58-bbf5-4fa6-ad71-f40e63ae1b59}",
      "OriginalActivityId": "{2698178d-fdad-40ae-9d3c-1371703adc5b}",
      "DiagnosticModuleImageName": "%SystemRoot%\\system32\\diagperf.dll",
      "DiagnosticModuleId": "{15fba3b8-a37a-4f91-bdba-fbb98fe804bf}"
    },
    "RawXml": "<Event xmlns=\"http://schemas.microsoft.com/win/2004/08/events/event\"><System><Provider Name=\"Microsoft-Windows-Diagnosis-DPS\" Guid=\"{6bba3851-2c7e-4dea-8f54-31e5afd029e3}\"></Provider>\n<EventID Qualifiers=\"\">100</EventID>\n<Version>0</Version>\n<Level>4</Level>\n<Task>1</Task>\n<Opcode>12</Opcode>\n<Keywords>0x4000000800000000</Keywords>\n<TimeCreated SystemTime=\"2014-01-25 13:32:16.884687+00:00\"></TimeCreated>\n<EventRecordID>172</EventRecordID>\n<Correlation ActivityID=\"{1db3ed58-bbf5-4fa6-ad71-f40e63ae1b59}\" RelatedActivityID=\"\"></Correlation>\n<Execution ProcessID=\"1188\" ThreadID=\"1200\"></Execution>\n<Channel>Microsoft-Windows-Diagnosis-DPS/Operational</Channel>\n<Computer>IACIS-HDD-2014</Computer>\n<Security UserID=\"S-1-5-19\"></Security>\n</System>\n<EventData><Data Name=\"ScenarioId\">{2698178d-fdad-40ae-9d3c-1371703adc5b}</Data>\n<Data Name=\"InstanceId\">{1db3ed58-bbf5-4fa6-ad71-f40e63ae1b59}</Data>\n<Data Name=\"OriginalActivityId\">{2698178d-fdad-40ae-9d3c-1371703adc5b}</Data>\n<Data Name=\"DiagnosticModuleImageName\">%SystemRoot%\\system32\\diagperf.dll</Data>\n<Data Name=\"DiagnosticModuleId\">{15fba3b8-a37a-4f91-bdba-fbb98fe804bf}</Data>\n</EventData>\n</Event>\n"
  },
  {
    "EventID": 105,
    "Timestamp": "2014-01-25 13:32:16.884687+00:00",
    "Computer": "IACIS-HDD-2014",
    "Channel": "Microsoft-Windows-Diagnosis-DPS/Operational",
    "Level": "Information",
    "EventData": {
      "ScenarioId": "{2698178d-fdad-40ae-9d3c-1371703adc5b}",
      "InstanceId": "{1db3ed58-bbf5-4fa6-ad71-f40e63ae1b59}",
      "OriginalActivityId": "{2698178d-fdad-40ae-9d3c-1371703adc5b}",
      "DiagnosticModuleImageName": "%SystemRoot%\\system32\\diagperf.dll",
      "DiagnosticModuleId": "{15fba3b8-a37a-4f91-bdba-fbb98fe804bf}"
    },
    "RawXml": "<Event xmlns=\"http://schemas.microsoft.com/win/2004/08/events/event\"><System><Provider Name=\"Microsoft-Windows-Diagnosis-DPS\" Guid=\"{6bba3851-2c7e-4dea-8f54-31e5afd029e3}\"></Provider>\n<EventID Qualifiers=\"\">105</EventID>\n<Version>0</Version>\n<Level>4</Level>\n<Task>1</Task>\n<Opcode>13</Opcode>\n<Keywords>0x4000000800000000</Keywords>\n<TimeCreated SystemTime=\"2014-01-25 13:32:16.884687+00:00\"></TimeCreated>\n<EventRecordID>173</EventRecordID>\n<Correlation ActivityID=\"{1db3ed58-bbf5-4fa6-ad71-f40e63ae1b59}\" RelatedActivityID=\"\"></Correlation>\n<Execution ProcessID=\"1188\" ThreadID=\"1200\"></Execution>\n<Channel>Microsoft-Windows-Diagnosis-DPS/Operational</Channel>\n<Computer>IACIS-HDD-2014</Computer>\n<Security UserID=\"S-1-5-19\"></Security>\n</System>\n<EventData><Data Name=\"ScenarioId\">{2698178d-fdad-40ae-9d3c-1371703adc5b}</Data>\n<Data Name=\"InstanceId\">{1db3ed58-bbf5-4fa6-ad71-f40e63ae1b59}</Data>\n<Data Name=\"OriginalActivityId\">{2698178d-fdad-40ae-9d3c-1371703adc5b}</Data>\n<Data Name=\"DiagnosticModuleImageName\">%SystemRoot%\\system32\\diagperf.dll</Data>\n<Data Name=\"DiagnosticModuleId\">{15fba3b8-a37a-4f91-bdba-fbb98fe804bf}</Data>\n</EventData>\n</Event>\n"
  },
  {
    "EventID": 100,
    "Timestamp": "2014-01-25 13:34:10.837687+00:00",
    "Computer": "IACIS-HDD-2014",
    "Channel": "Microsoft-Windows-Diagnosis-DPS/Operational",
    "Level": "Information",
    "EventData": {
      "ScenarioId": "{86432a0b-3c7d-4ddf-a89c-172faa90485d}",
      "InstanceId": "{e65c93c1-d66b-4b65-9e18-4a7ab1535aac}",
      "OriginalActivityId": "{86432a0b-3c7d-4ddf-a89c-172faa90485d}",
      "DiagnosticModuleImageName": "%SystemRoot%\\system32\\diagperf.dll",
      "DiagnosticModuleId": "{c8544339-5be9-4f25-862e-485f1b1a6935}"
    },
    "RawXml": "<Event xmlns=\"http://schemas.microsoft.com/win/2004/08/events/event\"><System><Provider Name=\"Microsoft-Windows-Diagnosis-DPS\" Guid=\"{6bba3851-2c7e-4dea-8f54-31e5afd029e3}\"></Provider>\n<EventID Qualifiers=\"\">100</EventID>\n<Version>0</Version>\n<Level>4</Level>\n<Task>1</Task>\n<Opcode>12</Opcode>\n<Keywords>0x4000000800000000</Keywords>\n<TimeCreated SystemTime=\"2014-01-25 13:34:10.837687+00:00\"></TimeCreated>\n<EventRecordID>174</EventRecordID>\n<Correlation ActivityID=\"{e65c93c1-d66b-4b65-9e18-4a7ab1535aac}\" RelatedActivityID=\"\"></Correlation>\n<Execution ProcessID=\"1188\" ThreadID=\"1540\"></Execution>\n<Channel>Microsoft-Windows-Diagnosis-DPS/Operational</Channel>\n<Computer>IACIS-HDD-2014</Computer>\n<Security UserID=\"S-1-5-19\"></Security>\n</System>\n<EventData><Data Name=\"ScenarioId\">{86432a0b-3c7d-4ddf-a89c-172faa90485d}</Data>\n<Data Name=\"InstanceId\">{e65c93c1-d66b-4b65-9e18-4a7ab1535aac}</Data>\n<Data Name=\"OriginalActivityId\">{86432a0b-3c7d-4ddf-a89c-172faa90485d}</Data>\n<Data Name=\"DiagnosticModuleImageName\">%SystemRoot%\\system32\\diagperf.dll</Data>\n<Data Name=\"DiagnosticModuleId\">{c8544339-5be9-4f25-862e-485f1b1a6935}</Data>\n</EventData>\n</Event>\n"
  },
  {
    "EventID": 105,
    "Timestamp": "2014-01-25 13:34:10.837687+00:00",
    "Computer": "IACIS-HDD-2014",
    "Channel": "Microsoft-Windows-Diagnosis-DPS/Operational",
    "Level": "Information",
    "EventData": {
      "ScenarioId": "{86432a0b-3c7d-4ddf-a89c-172faa90485d}",
      "InstanceId": "{e65c93c1-d66b-4b65-9e18-4a7ab1535aac}",
      "OriginalActivityId": "{86432a0b-3c7d-4ddf-a89c-172faa90485d}",
      "DiagnosticModuleImageName": "%SystemRoot%\\system32\\diagperf.dll",
      "DiagnosticModuleId": "{c8544339-5be9-4f25-862e-485f1b1a6935}"
    },
    "RawXml": "<Event xmlns=\"http://schemas.microsoft.com/win/2004/08/events/event\"><System><Provider Name=\"Microsoft-Windows-Diagnosis-DPS\" Guid=\"{6bba3851-2c7e-4dea-8f54-31e5afd029e3}\"></Provider>\n<EventID Qualifiers=\"\">105</EventID>\n<Version>0</Version>\n<Level>4</Level>\n<Task>1</Task>\n<Opcode>13</Opcode>\n<Keywords>0x4000000800000000</Keywords>\n<TimeCreated SystemTime=\"2014-01-25 13:34:10.837687+00:00\"></TimeCreated>\n<EventRecordID>175</EventRecordID>\n<Correlation ActivityID=\"{e65c93c1-d66b-4b65-9e18-4a7ab1535aac}\" RelatedActivityID=\"\"></Correlation>\n<Execution ProcessID=\"1188\" ThreadID=\"1540\"></Execution>\n<Channel>Microsoft-Windows-Diagnosis-DPS/Operational</Channel>\n<Computer>IACIS-HDD-2014</Computer>\n<Security UserID=\"S-1-5-19\"></Security>\n</System>\n<EventData><Data Name=\"ScenarioId\">{86432a0b-3c7d-4ddf-a89c-172faa90485d}</Data>\n<Data Name=\"InstanceId\">{e65c93c1-d66b-4b65-9e18-4a7ab1535aac}</Data>\n<Data Name=\"OriginalActivityId\">{86432a0b-3c7d-4ddf-a89c-172faa90485d}</Data>\n<Data Name=\"DiagnosticModuleImageName\">%SystemRoot%\\system32\\diagperf.dll</Data>\n<Data Name=\"DiagnosticModuleId\">{c8544339-5be9-4f25-862e-485f1b1a6935}</Data>\n</EventData>\n</Event>\n"
  },
  {
    "EventID": 110,
    "Timestamp": "2014-01-25 13:34:11.789289+00:00",
    "Computer": "IACIS-HDD-2014",
    "Channel": "Microsoft-Windows-Diagnosis-DPS/Operational",
    "Level": "Information",
    "EventData": {
      "ScenarioId": "{86432a0b-3c7d-4ddf-a89c-172faa90485d}",
      "InstanceId": "{e65c93c1-d66b-4b65-9e18-4a7ab1535aac}",
      "OriginalActivityId": "{86432a0b-3c7d-4ddf-a89c-172faa90485d}",
      "DiagnosticModuleImageName": "%SystemRoot%\\system32\\diagperf.dll",
      "DiagnosticModuleId": "{c8544339-5be9-4f25-862e-485f1b1a6935}"
    },
    "RawXml": "<Event xmlns=\"http://schemas.microsoft.com/win/2004/08/events/event\"><System><Provider Name=\"Microsoft-Windows-Diagnosis-DPS\" Guid=\"{6bba3851-2c7e-4dea-8f54-31e5afd029e3}\"></Provider>\n<EventID Qualifiers=\"\">110</EventID>\n<Version>0</Version>\n<Level>4</Level>\n<Task>1</Task>\n<Opcode>14</Opcode>\n<Keywords>0x4000000800000000</Keywords>\n<TimeCreated SystemTime=\"2014-01-25 13:34:11.789289+00:00\"></TimeCreated>\n<EventRecordID>176</EventRecordID>\n<Correlation ActivityID=\"{e65c93c1-d66b-4b65-9e18-4a7ab1535aac}\" RelatedActivityID=\"\"></Correlation>\n<Execution ProcessID=\"1188\" ThreadID=\"1200\"></Execution>\n<Channel>Microsoft-Windows-Diagnosis-DPS/Operational</Channel>\n<Computer>IACIS-HDD-2014</Computer>\n<Security UserID=\"S-1-5-19\"></Security>\n</System>\n<EventData><Data Name=\"ScenarioId\">{86432a0b-3c7d-4ddf-a89c-172faa90485d}</Data>\n<Data Name=\"InstanceId\">{e65c93c1-d66b-4b65-9e18-4a7ab1535aac}</Data>\n<Data Name=\"OriginalActivityId\">{86432a0b-3c7d-4ddf-a89c-172faa90485d}</Data>\n<Data Name=\"DiagnosticModuleImageName\">%SystemRoot%\\system32\\diagperf.dll</Data>\n<Data Name=\"DiagnosticModuleId\">{c8544339-5be9-4f25-862e-485f1b1a6935}</Data>\n</EventData>\n</Event>\n"
  },
  {
    "EventID": 100,
    "Timestamp": "2014-01-25 13:53:19.559458+00:00",
    "Computer": "IACIS-HDD-2014",
    "Channel": "Microsoft-Windows-Diagnosis-DPS/Operational",
    "Level": "Information",
    "EventData": {
      "ScenarioId": "{2698178d-fdad-40ae-9d3c-1371703adc5b}",
      "InstanceId": "{e57d6c6c-9953-4163-9251-59070a397d5a}",
      "OriginalActivityId": "{2698178d-fdad-40ae-9d3c-1371703adc5b}",
      "DiagnosticModuleImageName": "%SystemRoot%\\system32\\diagperf.dll",
      "DiagnosticModuleId": "{15fba3b8-a37a-4f91-bdba-fbb98fe804bf}"
    },
    "RawXml": "<Event xmlns=\"http://schemas.microsoft.com/win/2004/08/events/event\"><System><Provider Name=\"Microsoft-Windows-Diagnosis-DPS\" Guid=\"{6bba3851-2c7e-4dea-8f54-31e5afd029e3}\"></Provider>\n<EventID Qualifiers=\"\">100</EventID>\n<Version>0</Version>\n<Level>4</Level>\n<Task>1</Task>\n<Opcode>12</Opcode>\n<Keywords>0x4000000800000000</Keywords>\n<TimeCreated SystemTime=\"2014-01-25 13:53:19.559458+00:00\"></TimeCreated>\n<EventRecordID>177</EventRecordID>\n<Correlation ActivityID=\"{e57d6c6c-9953-4163-9251-59070a397d5a}\" RelatedActivityID=\"\"></Correlation>\n<Execution ProcessID=\"1204\" ThreadID=\"1752\"></Execution>\n<Channel>Microsoft-Windows-Diagnosis-DPS/Operational</Channel>\n<Computer>IACIS-HDD-2014</Computer>\n<Security UserID=\"S-1-5-19\"></Security>\n</System>\n<EventData><Data Name=\"ScenarioId\">{2698178d-fdad-40ae-9d3c-1371703adc5b}</Data>\n<Data Name=\"InstanceId\">{e57d6c6c-9953-4163-9251-59070a397d5a}</Data>\n<Data Name=\"OriginalActivityId\">{2698178d-fdad-40ae-9d3c-1371703adc5b}</Data>\n<Data Name=\"DiagnosticModuleImageName\">%SystemRoot%\\system32\\diagperf.dll</Data>\n<Data Name=\"DiagnosticModuleId\">{15fba3b8-a37a-4f91-bdba-fbb98fe804bf}</Data>\n</EventData>\n</Event>\n"
  },
  {
    "EventID": 105,
    "Timestamp": "2014-01-25 13:53:19.559458+00:00",
    "Computer": "IACIS-HDD-2014",
    "Channel": "Microsoft-Windows-Diagnosis-DPS/Operational",
    "Level": "Information",
    "EventData": {
      "ScenarioId": "{2698178d-fdad-40ae-9d3c-1371703adc5b}",
      "InstanceId": "{e57d6c6c-9953-4163-9251-59070a397d5a}",
      "OriginalActivityId": "{2698178d-fdad-40ae-9d3c-1371703adc5b}",
      "DiagnosticModuleImageName": "%SystemRoot%\\system32\\diagperf.dll",
      "DiagnosticModuleId": "{15fba3b8-a37a-4f91-bdba-fbb98fe804bf}"
    },
    "RawXml": "<Event xmlns=\"http://schemas.microsoft.com/win/2004/08/events/event\"><System><Provider Name=\"Microsoft-Windows-Diagnosis-DPS\" Guid=\"{6bba3851-2c7e-4dea-8f54-31e5afd029e3}\"></Provider>\n<EventID Qualifiers=\"\">105</EventID>\n<Version>0</Version>\n<Level>4</Level>\n<Task>1</Task>\n<Opcode>13</Opcode>\n<Keywords>0x4000000800000000</Keywords>\n<TimeCreated SystemTime=\"2014-01-25 13:53:19.559458+00:00\"></TimeCreated>\n<EventRecordID>178</EventRecordID>\n<Correlation ActivityID=\"{e57d6c6c-9953-4163-9251-59070a397d5a}\" RelatedActivityID=\"\"></Correlation>\n<Execution ProcessID=\"1204\" ThreadID=\"1752\"></Execution>\n<Channel>Microsoft-Windows-Diagnosis-DPS/Operational</Channel>\n<Computer>IACIS-HDD-2014</Computer>\n<Security UserID=\"S-1-5-19\"></Security>\n</System>\n<EventData><Data Name=\"ScenarioId\">{2698178d-fdad-40ae-9d3c-1371703adc5b}</Data>\n<Data Name=\"InstanceId\">{e57d6c6c-9953-4163-9251-59070a397d5a}</Data>\n<Data Name=\"OriginalActivityId\">{2698178d-fdad-40ae-9d3c-1371703adc5b}</Data>\n<Data Name=\"DiagnosticModuleImageName\">%SystemRoot%\\system32\\diagperf.dll</Data>\n<Data Name=\"DiagnosticModuleId\">{15fba3b8-a37a-4f91-bdba-fbb98fe804bf}</Data>\n</EventData>\n</Event>\n"
  },
  {
    "EventID": 100,
    "Timestamp": "2014-01-25 13:55:07.838247+00:00",
    "Computer": "IACIS-HDD-2014",
    "Channel": "Microsoft-Windows-Diagnosis-DPS/Operational",
    "Level": "Information",
    "EventData": {
      "ScenarioId": "{86432a0b-3c7d-4ddf-a89c-172faa90485d}",
      "InstanceId": "{ec897690-2e8d-4d4e-8da2-6942ee510be3}",
      "OriginalActivityId": "{86432a0b-3c7d-4ddf-a89c-172faa90485d}",
      "DiagnosticModuleImageName": "%SystemRoot%\\system32\\diagperf.dll",
      "DiagnosticModuleId": "{c8544339-5be9-4f25-862e-485f1b1a6935}"
    },
    "RawXml": "<Event xmlns=\"http://schemas.microsoft.com/win/2004/08/events/event\"><System><Provider Name=\"Microsoft-Windows-Diagnosis-DPS\" Guid=\"{6bba3851-2c7e-4dea-8f54-31e5afd029e3}\"></Provider>\n<EventID Qualifiers=\"\">100</EventID>\n<Version>0</Version>\n<Level>4</Level>\n<Task>1</Task>\n<Opcode>12</Opcode>\n<Keywords>0x4000000800000000</Keywords>\n<TimeCreated SystemTime=\"2014-01-25 13:55:07.838247+00:00\"></TimeCreated>\n<EventRecordID>179</EventRecordID>\n<Correlation ActivityID=\"{ec897690-2e8d-4d4e-8da2-6942ee510be3}\" RelatedActivityID=\"\"></Correlation>\n<Execution ProcessID=\"1204\" ThreadID=\"1748\"></Execution>\n<Channel>Microsoft-Windows-Diagnosis-DPS/Operational</Channel>\n<Computer>IACIS-HDD-2014</Computer>\n<Security UserID=\"S-1-5-19\"></Security>\n</System>\n<EventData><Data Name=\"ScenarioId\">{86432a0b-3c7d-4ddf-a89c-172faa90485d}</Data>\n<Data Name=\"InstanceId\">{ec897690-2e8d-4d4e-8da2-6942ee510be3}</Data>\n<Data Name=\"OriginalActivityId\">{86432a0b-3c7d-4ddf-a89c-172faa90485d}</Data>\n<Data Name=\"DiagnosticModuleImageName\">%SystemRoot%\\system32\\diagperf.dll</Data>\n<Data Name=\"DiagnosticModuleId\">{c8544339-5be9-4f25-862e-485f1b1a6935}</Data>\n</EventData>\n</Event>\n"
  },
  {
    "EventID": 105,
    "Timestamp": "2014-01-25 13:55:07.838247+00:00",
    "Computer": "IACIS-HDD-2014",
    "Channel": "Microsoft-Windows-Diagnosis-DPS/Operational",
    "Level": "Information",
    "EventData": {
      "ScenarioId": "{86432a0b-3c7d-4ddf-a89c-172faa90485d}",
      "InstanceId": "{ec897690-2e8d-4d4e-8da2-6942ee510be3}",
      "OriginalActivityId": "{86432a0b-3c7d-4ddf-a89c-172faa90485d}",
      "DiagnosticModuleImageName": "%SystemRoot%\\system32\\diagperf.dll",
      "DiagnosticModuleId": "{c8544339-5be9-4f25-862e-485f1b1a6935}"
    },
    "RawXml": "<Event xmlns=\"http://schemas.microsoft.com/win/2004/08/events/event\"><System><Provider Name=\"Microsoft-Windows-Diagnosis-DPS\" Guid=\"{6bba3851-2c7e-4dea-8f54-31e5afd029e3}\"></Provider>\n<EventID Qualifiers=\"\">105</EventID>\n<Version>0</Version>\n<Level>4</Level>\n<Task>1</Task>\n<Opcode>13</Opcode>\n<Keywords>0x4000000800000000</Keywords>\n<TimeCreated SystemTime=\"2014-01-25 13:55:07.838247+00:00\"></TimeCreated>\n<EventRecordID>180</EventRecordID>\n<Correlation ActivityID=\"{ec897690-2e8d-4d4e-8da2-6942ee510be3}\" RelatedActivityID=\"\"></Correlation>\n<Execution ProcessID=\"1204\" ThreadID=\"1748\"></Execution>\n<Channel>Microsoft-Windows-Diagnosis-DPS/Operational</Channel>\n<Computer>IACIS-HDD-2014</Computer>\n<Security UserID=\"S-1-5-19\"></Security>\n</System>\n<EventData><Data Name=\"ScenarioId\">{86432a0b-3c7d-4ddf-a89c-172faa90485d}</Data>\n<Data Name=\"InstanceId\">{ec897690-2e8d-4d4e-8da2-6942ee510be3}</Data>\n<Data Name=\"OriginalActivityId\">{86432a0b-3c7d-4ddf-a89c-172faa90485d}</Data>\n<Data Name=\"DiagnosticModuleImageName\">%SystemRoot%\\system32\\diagperf.dll</Data>\n<Data Name=\"DiagnosticModuleId\">{c8544339-5be9-4f25-862e-485f1b1a6935}</Data>\n</EventData>\n</Event>\n"
  },
  {
    "EventID": 110,
    "Timestamp": "2014-01-25 13:55:09.195450+00:00",
    "Computer": "IACIS-HDD-2014",
    "Channel": "Microsoft-Windows-Diagnosis-DPS/Operational",
    "Level": "Information",
    "EventData": {
      "ScenarioId": "{86432a0b-3c7d-4ddf-a89c-172faa90485d}",
      "InstanceId": "{ec897690-2e8d-4d4e-8da2-6942ee510be3}",
      "OriginalActivityId": "{86432a0b-3c7d-4ddf-a89c-172faa90485d}",
      "DiagnosticModuleImageName": "%SystemRoot%\\system32\\diagperf.dll",
      "DiagnosticModuleId": "{c8544339-5be9-4f25-862e-485f1b1a6935}"
    },
    "RawXml": "<Event xmlns=\"http://schemas.microsoft.com/win/2004/08/events/event\"><System><Provider Name=\"Microsoft-Windows-Diagnosis-DPS\" Guid=\"{6bba3851-2c7e-4dea-8f54-31e5afd029e3}\"></Provider>\n<EventID Qualifiers=\"\">110</EventID>\n<Version>0</Version>\n<Level>4</Level>\n<Task>1</Task>\n<Opcode>14</Opcode>\n<Keywords>0x4000000800000000</Keywords>\n<TimeCreated SystemTime=\"2014-01-25 13:55:09.195450+00:00\"></TimeCreated>\n<EventRecordID>181</EventRecordID>\n<Correlation ActivityID=\"{ec897690-2e8d-4d4e-8da2-6942ee510be3}\" RelatedActivityID=\"\"></Correlation>\n<Execution ProcessID=\"1204\" ThreadID=\"1648\"></Execution>\n<Channel>Microsoft-Windows-Diagnosis-DPS/Operational</Channel>\n<Computer>IACIS-HDD-2014</Computer>\n<Security UserID=\"S-1-5-19\"></Security>\n</System>\n<EventData><Data Name=\"ScenarioId\">{86432a0b-3c7d-4ddf-a89c-172faa90485d}</Data>\n<Data Name=\"InstanceId\">{ec897690-2e8d-4d4e-8da2-6942ee510be3}</Data>\n<Data Name=\"OriginalActivityId\">{86432a0b-3c7d-4ddf-a89c-172faa90485d}</Data>\n<Data Name=\"DiagnosticModuleImageName\">%SystemRoot%\\system32\\diagperf.dll</Data>\n<Data Name=\"DiagnosticModuleId\">{c8544339-5be9-4f25-862e-485f1b1a6935}</Data>\n</EventData>\n</Event>\n"
  },
  {
    "EventID": 110,
    "Timestamp": "2014-01-25 13:55:09.476250+00:00",
    "Computer": "IACIS-HDD-2014",
    "Channel": "Microsoft-Windows-Diagnosis-DPS/Operational",
    "Level": "Information",
    "EventData": {
      "ScenarioId": "{2698178d-fdad-40ae-9d3c-1371703adc5b}",
      "InstanceId": "{e57d6c6c-9953-4163-9251-59070a397d5a}",
      "OriginalActivityId": "{2698178d-fdad-40ae-9d3c-1371703adc5b}",
      "DiagnosticModuleImageName": "%SystemRoot%\\system32\\diagperf.dll",
      "DiagnosticModuleId": "{15fba3b8-a37a-4f91-bdba-fbb98fe804bf}"
    },
    "RawXml": "<Event xmlns=\"http://schemas.microsoft.com/win/2004/08/events/event\"><System><Provider Name=\"Microsoft-Windows-Diagnosis-DPS\" Guid=\"{6bba3851-2c7e-4dea-8f54-31e5afd029e3}\"></Provider>\n<EventID Qualifiers=\"\">110</EventID>\n<Version>0</Version>\n<Level>4</Level>\n<Task>1</Task>\n<Opcode>14</Opcode>\n<Keywords>0x4000000800000000</Keywords>\n<TimeCreated SystemTime=\"2014-01-25 13:55:09.476250+00:00\"></TimeCreated>\n<EventRecordID>182</EventRecordID>\n<Correlation ActivityID=\"{e57d6c6c-9953-4163-9251-59070a397d5a}\" RelatedActivityID=\"\"></Correlation>\n<Execution ProcessID=\"1204\" ThreadID=\"1648\"></Execution>\n<Channel>Microsoft-Windows-Diagnosis-DPS/Operational</Channel>\n<Computer>IACIS-HDD-2014</Computer>\n<Security UserID=\"S-1-5-19\"></Security>\n</System>\n<EventData><Data Name=\"ScenarioId\">{2698178d-fdad-40ae-9d3c-1371703adc5b}</Data>\n<Data Name=\"InstanceId\">{e57d6c6c-9953-4163-9251-59070a397d5a}</Data>\n<Data Name=\"OriginalActivityId\">{2698178d-fdad-40ae-9d3c-1371703adc5b}</Data>\n<Data Name=\"DiagnosticModuleImageName\">%SystemRoot%\\system32\\diagperf.dll</Data>\n<Data Name=\"DiagnosticModuleId\">{15fba3b8-a37a-4f91-bdba-fbb98fe804bf}</Data>\n</EventData>\n</Event>\n"
  },
  {
    "EventID": 100,
    "Timestamp": "2014-01-25 14:38:18.323805+00:00",
    "Computer": "IACIS-HDD-2014",
    "Channel": "Microsoft-Windows-Diagnosis-DPS/Operational",
    "Level": "Information",
    "EventData": {
      "ScenarioId": "{180b3a99-8c39-4f12-b631-2031998efe45}",
      "InstanceId": "{f68ceb0e-005b-46ce-ac04-822d94aa7996}",
      "OriginalActivityId": "{00000000-0000-0000-0000-000000000000}",
      "DiagnosticModuleImageName": "%windir%\\system32\\radardt.dll",
      "DiagnosticModuleId": "{45de1ea9-10bc-4f96-9b21-4b6b83dbf476}"
    },
    "RawXml": "<Event xmlns=\"http://schemas.microsoft.com/win/2004/08/events/event\"><System><Provider Name=\"Microsoft-Windows-Diagnosis-DPS\" Guid=\"{6bba3851-2c7e-4dea-8f54-31e5afd029e3}\"></Provider>\n<EventID Qualifiers=\"\">100</EventID>\n<Version>0</Version>\n<Level>4</Level>\n<Task>1</Task>\n<Opcode>12</Opcode>\n<Keywords>0x4000000800000000</Keywords>\n<TimeCreated SystemTime=\"2014-01-25 14:38:18.323805+00:00\"></TimeCreated>\n<EventRecordID>183</EventRecordID>\n<Correlation ActivityID=\"{f68ceb0e-005b-46ce-ac04-822d94aa7996}\" RelatedActivityID=\"\"></Correlation>\n<Execution ProcessID=\"1204\" ThreadID=\"2940\"></Execution>\n<Channel>Microsoft-Windows-Diagnosis-DPS/Operational</Channel>\n<Computer>IACIS-HDD-2014</Computer>\n<Security UserID=\"S-1-5-19\"></Security>\n</System>\n<EventData><Data Name=\"ScenarioId\">{180b3a99-8c39-4f12-b631-2031998efe45}</Data>\n<Data Name=\"InstanceId\">{f68ceb0e-005b-46ce-ac04-822d94aa7996}</Data>\n<Data Name=\"OriginalActivityId\">{00000000-0000-0000-0000-000000000000}</Data>\n<Data Name=\"DiagnosticModuleImageName\">%windir%\\system32\\radardt.dll</Data>\n<Data Name=\"DiagnosticModuleId\">{45de1ea9-10bc-4f96-9b21-4b6b83dbf476}</Data>\n</EventData>\n</Event>\n"
  },
