[
  {
    "EventID": 1,
    "Timestamp": "2014-01-25 04:23:26.550064+00:00",
    "Computer": "IACIS-HDD-2014",
    "Channel": "Microsoft-Windows-WindowsSystemAssessmentTool/Operational",
    "Level": "LogAlways",
    "EventData": {
      "StartTimeOfDay": "2014-01-25 04:23:26.550064+00:00"
    },
    "RawXml": "<Event xmlns=\"http://schemas.microsoft.com/win/2004/08/events/event\"><System><Provider Name=\"Microsoft-Windows-WindowsSystemAssessmentTool\" Guid=\"{11a75546-3234-465e-bec8-2d301cb501ac}\"></Provider>\n<EventID Qualifiers=\"\">1</EventID>\n<Version>0</Version>\n<Level>0</Level>\n<Task>1</Task>\n<Opcode>1</Opcode>\n<Keywords>0x8000000000000000</Keywords>\n<TimeCreated SystemTime=\"2014-01-25 04:23:26.550064+00:00\"></TimeCreated>\n<EventRecordID>1</EventRecordID>\n<Correlation ActivityID=\"\" RelatedActivityID=\"\"></Correlation>\n<Execution ProcessID=\"764\" ThreadID=\"768\"></Execution>\n<Channel>Microsoft-Windows-WindowsSystemAssessmentTool/Operational</Channel>\n<Computer>IACIS-HDD-2014</Computer>\n<Security UserID=\"S-1-5-18\"></Security>\n</System>\n<EventData><Data Name=\"StartTimeOfDay\">2014-01-25 04:23:26.550064+00:00</Data>\n</EventData>\n</Event>\n"
  },
  {
    "EventID": 9,
    "Timestamp": "2014-01-25 04:23:26.550064+00:00",
    "Computer": "IACIS-HDD-2014",
    "Channel": "Microsoft-Windows-WindowsSystemAssessmentTool/Operational",
    "Level": "Information",
    "EventData": {
      "PhaseID": "10",
      "DescriptionSize": "25",
      "Description": "Application Intializaton"
    },
    "RawXml": "<Event xmlns=\"http://schemas.microsoft.com/win/2004/08/events/event\"><System><Provider Name=\"Microsoft-Windows-WindowsSystemAssessmentTool\" Guid=\"{11a75546-3234-465e-bec8-2d301cb501ac}\"></Provider>\n<EventID Qualifiers=\"\">9</EventID>\n<Version>0</Version>\n<Level>4</Level>\n<Task>1</Task>\n<Opcode>0</Opcode>\n<Keywords>0x8000000000000000</Keywords>\n<TimeCreated SystemTime=\"2014-01-25 04:23:26.550064+00:00\"></TimeCreated>\n<EventRecordID>2</EventRecordID>\n<Correlation ActivityID=\"\" RelatedActivityID=\"\"></Correlation>\n<Execution ProcessID=\"764\" ThreadID=\"768\"></Execution>\n<Channel>Microsoft-Windows-WindowsSystemAssessmentTool/Operational</Channel>\n<Computer>IACIS-HDD-2014</Computer>\n<Security UserID=\"S-1-5-18\"></Security>\n</System>\n<EventData><Data Name=\"PhaseID\">10</Data>\n<Data Name=\"DescriptionSize\">25</Data>\n<Data Name=\"Description\">Application Intializaton</Data>\n</EventData>\n</Event>\n"
  },
  {
    "EventID": 2,
    "Timestamp": "2014-01-25 04:23:26.971266+00:00",
    "Computer": "IACIS-HDD-2014",
    "Channel": "Microsoft-Windows-WindowsSystemAssessmentTool/Operational",
    "Level": "LogAlways",
    "EventData": {
      "CommandLineSize": "139",
      "CommandLine": "\"C:\\Windows\\system32\\winsat.exe\" moobe -cancelevent 041f4889-0645-4033-b94c-0299e82f9d57 -moobegoevent 0193ebbf-a6b4-446c-835e-60a36bc7333a"
    },
    "RawXml": "<Event xmlns=\"http://schemas.microsoft.com/win/2004/08/events/event\"><System><Provider Name=\"Microsoft-Windows-WindowsSystemAssessmentTool\" Guid=\"{11a75546-3234-465e-bec8-2d301cb501ac}\"></Provider>\n<EventID Qualifiers=\"\">2</EventID>\n<Version>0</Version>\n<Level>0</Level>\n<Task>1</Task>\n<Opcode>0</Opcode>\n<Keywords>0x8000000000000000</Keywords>\n<TimeCreated SystemTime=\"2014-01-25 04:23:26.971266+00:00\"></TimeCreated>\n<EventRecordID>3</EventRecordID>\n<Correlation ActivityID=\"\" RelatedActivityID=\"\"></Correlation>\n<Execution ProcessID=\"764\" ThreadID=\"768\"></Execution>\n<Channel>Microsoft-Windows-WindowsSystemAssessmentTool/Operational</Channel>\n<Computer>IACIS-HDD-2014</Computer>\n<Security UserID=\"S-1-5-18\"></Security>\n</System>\n<EventData><Data Name=\"CommandLineSize\">139</Data>\n<Data Name=\"CommandLine\">\"C:\\Windows\\system32\\winsat.exe\" moobe -cancelevent 041f4889-0645-4033-b94c-0299e82f9d57 -moobegoevent 0193ebbf-a6b4-446c-835e-60a36bc7333a</Data>\n</EventData>\n</Event>\n"
  },
  {
    "EventID": 9,
    "Timestamp": "2014-01-25 04:23:27.220865+00:00",
    "Computer": "IACIS-HDD-2014",
    "Channel": "Microsoft-Windows-WindowsSystemAssessmentTool/Operational",
    "Level": "Information",
    "EventData": {
      "PhaseID": "20",
      "DescriptionSize": "23",
      "Description": "Modify system policies"
    },
    "RawXml": "<Event xmlns=\"http://schemas.microsoft.com/win/2004/08/events/event\"><System><Provider Name=\"Microsoft-Windows-WindowsSystemAssessmentTool\" Guid=\"{11a75546-3234-465e-bec8-2d301cb501ac}\"></Provider>\n<EventID Qualifiers=\"\">9</EventID>\n<Version>0</Version>\n<Level>4</Level>\n<Task>1</Task>\n<Opcode>0</Opcode>\n<Keywords>0x8000000000000000</Keywords>\n<TimeCreated SystemTime=\"2014-01-25 04:23:27.220865+00:00\"></TimeCreated>\n<EventRecordID>4</EventRecordID>\n<Correlation ActivityID=\"\" RelatedActivityID=\"\"></Correlation>\n<Execution ProcessID=\"764\" ThreadID=\"768\"></Execution>\n<Channel>Microsoft-Windows-WindowsSystemAssessmentTool/Operational</Channel>\n<Computer>IACIS-HDD-2014</Computer>\n<Security UserID=\"S-1-5-18\"></Security>\n</System>\n<EventData><Data Name=\"PhaseID\">20</Data>\n<Data Name=\"DescriptionSize\">23</Data>\n<Data Name=\"Description\">Modify system policies</Data>\n</EventData>\n</Event>\n"
  },
  {
    "EventID": 10,
    "Timestamp": "2014-01-25 04:23:31.495274+00:00",
    "Computer": "IACIS-HDD-2014",
    "Channel": "Microsoft-Windows-WindowsSystemAssessmentTool/Operational",
    "Level": "Information",
    "EventData": {
      "PhaseID": "20"
    },
    "RawXml": "<Event xmlns=\"http://schemas.microsoft.com/win/2004/08/events/event\"><System><Provider Name=\"Microsoft-Windows-WindowsSystemAssessmentTool\" Guid=\"{11a75546-3234-465e-bec8-2d301cb501ac}\"></Provider>\n<EventID Qualifiers=\"\">10</EventID>\n<Version>0</Version>\n<Level>4</Level>\n<Task>1</Task>\n<Opcode>0</Opcode>\n<Keywords>0x8000000000000000</Keywords>\n<TimeCreated SystemTime=\"2014-01-25 04:23:31.495274+00:00\"></TimeCreated>\n<EventRecordID>5</EventRecordID>\n<Correlation ActivityID=\"\" RelatedActivityID=\"\"></Correlation>\n<Execution ProcessID=\"764\" ThreadID=\"768\"></Execution>\n<Channel>Microsoft-Windows-WindowsSystemAssessmentTool/Operational</Channel>\n<Computer>IACIS-HDD-2014</Computer>\n<Security UserID=\"S-1-5-18\"></Security>\n</System>\n<EventData><Data Name=\"PhaseID\">20</Data>\n</EventData>\n</Event>\n"
  },
  {
    "EventID": 9,
    "Timestamp": "2014-01-25 04:23:31.495274+00:00",
    "Computer": "IACIS-HDD-2014",
    "Channel": "Microsoft-Windows-WindowsSystemAssessmentTool/Operational",
    "Level": "Information",
    "EventData": {
      "PhaseID": "30",
      "DescriptionSize": "19",
      "Description": "Gathering Key Info"
    },
    "RawXml": "<Event xmlns=\"http://schemas.microsoft.com/win/2004/08/events/event\"><System><Provider Name=\"Microsoft-Windows-WindowsSystemAssessmentTool\" Guid=\"{11a75546-3234-465e-bec8-2d301cb501ac}\"></Provider>\n<EventID Qualifiers=\"\">9</EventID>\n<Version>0</Version>\n<Level>4</Level>\n<Task>1</Task>\n<Opcode>0</Opcode>\n<Keywords>0x8000000000000000</Keywords>\n<TimeCreated SystemTime=\"2014-01-25 04:23:31.495274+00:00\"></TimeCreated>\n<EventRecordID>6</EventRecordID>\n<Correlation ActivityID=\"\" RelatedActivityID=\"\"></Correlation>\n<Execution ProcessID=\"764\" ThreadID=\"768\"></Execution>\n<Channel>Microsoft-Windows-WindowsSystemAssessmentTool/Operational</Channel>\n<Computer>IACIS-HDD-2014</Computer>\n<Security UserID=\"S-1-5-18\"></Security>\n</System>\n<EventData><Data Name=\"PhaseID\">30</Data>\n<Data Name=\"DescriptionSize\">19</Data>\n<Data Name=\"Description\">Gathering Key Info</Data>\n</EventData>\n</Event>\n"
  },
  {
    "EventID": 9,
    "Timestamp": "2014-01-25 04:23:31.495274+00:00",
    "Computer": "IACIS-HDD-2014",
    "Channel": "Microsoft-Windows-WindowsSystemAssessmentTool/Operational",
    "Level": "Information",
    "EventData": {
      "PhaseID": "40",
      "DescriptionSize": "23",
      "Description": "Gather CPU information"
    },
    "RawXml": "<Event xmlns=\"http://schemas.microsoft.com/win/2004/08/events/event\"><System><Provider Name=\"Microsoft-Windows-WindowsSystemAssessmentTool\" Guid=\"{11a75546-3234-465e-bec8-2d301cb501ac}\"></Provider>\n<EventID Qualifiers=\"\">9</EventID>\n<Version>0</Version>\n<Level>4</Level>\n<Task>1</Task>\n<Opcode>0</Opcode>\n<Keywords>0x8000000000000000</Keywords>\n<TimeCreated SystemTime=\"2014-01-25 04:23:31.495274+00:00\"></TimeCreated>\n<EventRecordID>7</EventRecordID>\n<Correlation ActivityID=\"\" RelatedActivityID=\"\"></Correlation>\n<Execution ProcessID=\"764\" ThreadID=\"768\"></Execution>\n<Channel>Microsoft-Windows-WindowsSystemAssessmentTool/Operational</Channel>\n<Computer>IACIS-HDD-2014</Computer>\n<Security UserID=\"S-1-5-18\"></Security>\n</System>\n<EventData><Data Name=\"PhaseID\">40</Data>\n<Data Name=\"DescriptionSize\">23</Data>\n<Data Name=\"Description\">Gather CPU information</Data>\n</EventData>\n</Event>\n"
  },
  {
    "EventID": 10,
    "Timestamp": "2014-01-25 04:23:31.495274+00:00",
    "Computer": "IACIS-HDD-2014",
    "Channel": "Microsoft-Windows-WindowsSystemAssessmentTool/Operational",
    "Level": "Information",
    "EventData": {
      "PhaseID": "40"
    },
    "RawXml": "<Event xmlns=\"http://schemas.microsoft.com/win/2004/08/events/event\"><System><Provider Name=\"Microsoft-Windows-WindowsSystemAssessmentTool\" Guid=\"{11a75546-3234-465e-bec8-2d301cb501ac}\"></Provider>\n<EventID Qualifiers=\"\">10</EventID>\n<Version>0</Version>\n<Level>4</Level>\n<Task>1</Task>\n<Opcode>0</Opcode>\n<Keywords>0x8000000000000000</Keywords>\n<TimeCreated SystemTime=\"2014-01-25 04:23:31.495274+00:00\"></TimeCreated>\n<EventRecordID>8</EventRecordID>\n<Correlation ActivityID=\"\" RelatedActivityID=\"\"></Correlation>\n<Execution ProcessID=\"764\" ThreadID=\"768\"></Execution>\n<Channel>Microsoft-Windows-WindowsSystemAssessmentTool/Operational</Channel>\n<Computer>IACIS-HDD-2014</Computer>\n<Security UserID=\"S-1-5-18\"></Security>\n</System>\n<EventData><Data Name=\"PhaseID\">40</Data>\n</EventData>\n</Event>\n"
  },
  {
    "EventID": 9,
    "Timestamp": "2014-01-25 04:23:31.495274+00:00",
    "Computer": "IACIS-HDD-2014",
    "Channel": "Microsoft-Windows-WindowsSystemAssessmentTool/Operational",
    "Level": "Information",
    "EventData": {
      "PhaseID": "50",
      "DescriptionSize": "28",
      "Description": "Gather Graphics information"
    },
    "RawXml": "<Event xmlns=\"http://schemas.microsoft.com/win/2004/08/events/event\"><System><Provider Name=\"Microsoft-Windows-WindowsSystemAssessmentTool\" Guid=\"{11a75546-3234-465e-bec8-2d301cb501ac}\"></Provider>\n<EventID Qualifiers=\"\">9</EventID>\n<Version>0</Version>\n<Level>4</Level>\n<Task>1</Task>\n<Opcode>0</Opcode>\n<Keywords>0x8000000000000000</Keywords>\n<TimeCreated SystemTime=\"2014-01-25 04:23:31.495274+00:00\"></TimeCreated>\n<EventRecordID>9</EventRecordID>\n<Correlation ActivityID=\"\" RelatedActivityID=\"\"></Correlation>\n<Execution ProcessID=\"764\" ThreadID=\"768\"></Execution>\n<Channel>Microsoft-Windows-WindowsSystemAssessmentTool/Operational</Channel>\n<Computer>IACIS-HDD-2014</Computer>\n<Security UserID=\"S-1-5-18\"></Security>\n</System>\n<EventData><Data Name=\"PhaseID\">50</Data>\n<Data Name=\"DescriptionSize\">28</Data>\n<Data Name=\"Description\">Gather Graphics information</Data>\n</EventData>\n</Event>\n"
  },
  {
    "EventID": 9,
    "Timestamp": "2014-01-25 04:23:31.495274+00:00",
    "Computer": "IACIS-HDD-2014",
    "Channel": "Microsoft-Windows-WindowsSystemAssessmentTool/Operational",
    "Level": "Information",
    "EventData": {
      "PhaseID": "60",
      "DescriptionSize": "27",
      "Description": "Gather Monitor information"
    },
    "RawXml": "<Event xmlns=\"http://schemas.microsoft.com/win/2004/08/events/event\"><System><Provider Name=\"Microsoft-Windows-WindowsSystemAssessmentTool\" Guid=\"{11a75546-3234-465e-bec8-2d301cb501ac}\"></Provider>\n<EventID Qualifiers=\"\">9</EventID>\n<Version>0</Version>\n<Level>4</Level>\n<Task>1</Task>\n<Opcode>0</Opcode>\n<Keywords>0x8000000000000000</Keywords>\n<TimeCreated SystemTime=\"2014-01-25 04:23:31.495274+00:00\"></TimeCreated>\n<EventRecordID>10</EventRecordID>\n<Correlation ActivityID=\"\" RelatedActivityID=\"\"></Correlation>\n<Execution ProcessID=\"764\" ThreadID=\"768\"></Execution>\n<Channel>Microsoft-Windows-WindowsSystemAssessmentTool/Operational</Channel>\n<Computer>IACIS-HDD-2014</Computer>\n<Security UserID=\"S-1-5-18\"></Security>\n</System>\n<EventData><Data Name=\"PhaseID\">60</Data>\n<Data Name=\"DescriptionSize\">27</Data>\n<Data Name=\"Description\">Gather Monitor information</Data>\n</EventData>\n</Event>\n"
  },
  {
    "EventID": 10,
    "Timestamp": "2014-01-25 04:23:31.495274+00:00",
    "Computer": "IACIS-HDD-2014",
    "Channel": "Microsoft-Windows-WindowsSystemAssessmentTool/Operational",
    "Level": "Information",
    "EventData": {
      "PhaseID": "60"
    },
    "RawXml": "<Event xmlns=\"http://schemas.microsoft.com/win/2004/08/events/event\"><System><Provider Name=\"Microsoft-Windows-WindowsSystemAssessmentTool\" Guid=\"{11a75546-3234-465e-bec8-2d301cb501ac}\"></Provider>\n<EventID Qualifiers=\"\">10</EventID>\n<Version>0</Version>\n<Level>4</Level>\n<Task>1</Task>\n<Opcode>0</Opcode>\n<Keywords>0x8000000000000000</Keywords>\n<TimeCreated SystemTime=\"2014-01-25 04:23:31.495274+00:00\"></TimeCreated>\n<EventRecordID>11</EventRecordID>\n<Correlation ActivityID=\"\" RelatedActivityID=\"\"></Correlation>\n<Execution ProcessID=\"764\" ThreadID=\"768\"></Execution>\n<Channel>Microsoft-Windows-WindowsSystemAssessmentTool/Operational</Channel>\n<Computer>IACIS-HDD-2014</Computer>\n<Security UserID=\"S-1-5-18\"></Security>\n</System>\n<EventData><Data Name=\"PhaseID\">60</Data>\n</EventData>\n</Event>\n"
  },
  {
    "EventID": 9,
    "Timestamp": "2014-01-25 04:23:31.495274+00:00",
    "Computer": "IACIS-HDD-2014",
    "Channel": "Microsoft-Windows-WindowsSystemAssessmentTool/Operational",
    "Level": "Information",
    "EventData": {
      "PhaseID": "70",
      "DescriptionSize": "17",
      "Description": "Initializing DX9"
    },
    "RawXml": "<Event xmlns=\"http://schemas.microsoft.com/win/2004/08/events/event\"><System><Provider Name=\"Microsoft-Windows-WindowsSystemAssessmentTool\" Guid=\"{11a75546-3234-465e-bec8-2d301cb501ac}\"></Provider>\n<EventID Qualifiers=\"\">9</EventID>\n<Version>0</Version>\n<Level>4</Level>\n<Task>1</Task>\n<Opcode>0</Opcode>\n<Keywords>0x8000000000000000</Keywords>\n<TimeCreated SystemTime=\"2014-01-25 04:23:31.495274+00:00\"></TimeCreated>\n<EventRecordID>12</EventRecordID>\n<Correlation ActivityID=\"\" RelatedActivityID=\"\"></Correlation>\n<Execution ProcessID=\"764\" ThreadID=\"768\"></Execution>\n<Channel>Microsoft-Windows-WindowsSystemAssessmentTool/Operational</Channel>\n<Computer>IACIS-HDD-2014</Computer>\n<Security UserID=\"S-1-5-18\"></Security>\n</System>\n<EventData><Data Name=\"PhaseID\">70</Data>\n<Data Name=\"DescriptionSize\">17</Data>\n<Data Name=\"Description\">Initializing DX9</Data>\n</EventData>\n</Event>\n"
  },
  {
    "EventID": 10,
    "Timestamp": "2014-01-25 04:23:31.495274+00:00",
    "Computer": "IACIS-HDD-2014",
    "Channel": "Microsoft-Windows-WindowsSystemAssessmentTool/Operational",
    "Level": "Information",
    "EventData": {
      "PhaseID": "70"
    },
    "RawXml": "<Event xmlns=\"http://schemas.microsoft.com/win/2004/08/events/event\"><System><Provider Name=\"Microsoft-Windows-WindowsSystemAssessmentTool\" Guid=\"{11a75546-3234-465e-bec8-2d301cb501ac}\"></Provider>\n<EventID Qualifiers=\"\">10</EventID>\n<Version>0</Version>\n<Level>4</Level>\n<Task>1</Task>\n<Opcode>0</Opcode>\n<Keywords>0x8000000000000000</Keywords>\n<TimeCreated SystemTime=\"2014-01-25 04:23:31.495274+00:00\"></TimeCreated>\n<EventRecordID>13</EventRecordID>\n<Correlation ActivityID=\"\" RelatedActivityID=\"\"></Correlation>\n<Execution ProcessID=\"764\" ThreadID=\"768\"></Execution>\n<Channel>Microsoft-Windows-WindowsSystemAssessmentTool/Operational</Channel>\n<Computer>IACIS-HDD-2014</Computer>\n<Security UserID=\"S-1-5-18\"></Security>\n</System>\n<EventData><Data Name=\"PhaseID\">70</Data>\n</EventData>\n</Event>\n"
  },
  {
    "EventID": 9,
    "Timestamp": "2014-01-25 04:23:31.495274+00:00",
    "Computer": "IACIS-HDD-2014",
    "Channel": "Microsoft-Windows-WindowsSystemAssessmentTool/Operational",
    "Level": "Information",
    "EventData": {
      "PhaseID": "80",
      "DescriptionSize": "28",
      "Description": "Get DX9 Device capabilities"
    },
    "RawXml": "<Event xmlns=\"http://schemas.microsoft.com/win/2004/08/events/event\"><System><Provider Name=\"Microsoft-Windows-WindowsSystemAssessmentTool\" Guid=\"{11a75546-3234-465e-bec8-2d301cb501ac}\"></Provider>\n<EventID Qualifiers=\"\">9</EventID>\n<Version>0</Version>\n<Level>4</Level>\n<Task>1</Task>\n<Opcode>0</Opcode>\n<Keywords>0x8000000000000000</Keywords>\n<TimeCreated SystemTime=\"2014-01-25 04:23:31.495274+00:00\"></TimeCreated>\n<EventRecordID>14</EventRecordID>\n<Correlation ActivityID=\"\" RelatedActivityID=\"\"></Correlation>\n<Execution ProcessID=\"764\" ThreadID=\"768\"></Execution>\n<Channel>Microsoft-Windows-WindowsSystemAssessmentTool/Operational</Channel>\n<Computer>IACIS-HDD-2014</Computer>\n<Security UserID=\"S-1-5-18\"></Security>\n</System>\n<EventData><Data Name=\"PhaseID\">80</Data>\n<Data Name=\"DescriptionSize\">28</Data>\n<Data Name=\"Description\">Get DX9 Device capabilities</Data>\n</EventData>\n</Event>\n"
  },
  {
    "EventID": 10,
    "Timestamp": "2014-01-25 04:23:31.542072+00:00",
    "Computer": "IACIS-HDD-2014",
    "Channel": "Microsoft-Windows-WindowsSystemAssessmentTool/Operational",
    "Level": "Information",
    "EventData": {
      "PhaseID": "80"
    },
    "RawXml": "<Event xmlns=\"http://schemas.microsoft.com/win/2004/08/events/event\"><System><Provider Name=\"Microsoft-Windows-WindowsSystemAssessmentTool\" Guid=\"{11a75546-3234-465e-bec8-2d301cb501ac}\"></Provider>\n<EventID Qualifiers=\"\">10</EventID>\n<Version>0</Version>\n<Level>4</Level>\n<Task>1</Task>\n<Opcode>0</Opcode>\n<Keywords>0x8000000000000000</Keywords>\n<TimeCreated SystemTime=\"2014-01-25 04:23:31.542072+00:00\"></TimeCreated>\n<EventRecordID>15</EventRecordID>\n<Correlation ActivityID=\"\" RelatedActivityID=\"\"></Correlation>\n<Execution ProcessID=\"764\" ThreadID=\"768\"></Execution>\n<Channel>Microsoft-Windows-WindowsSystemAssessmentTool/Operational</Channel>\n<Computer>IACIS-HDD-2014</Computer>\n<Security UserID=\"S-1-5-18\"></Security>\n</System>\n<EventData><Data Name=\"PhaseID\">80</Data>\n</EventData>\n</Event>\n"
  },
  {
    "EventID": 9,
    "Timestamp": "2014-01-25 04:23:31.542072+00:00",
    "Computer": "IACIS-HDD-2014",
    "Channel": "Microsoft-Windows-WindowsSystemAssessmentTool/Operational",
    "Level": "Information",
    "EventData": {
      "PhaseID": "90",
      "DescriptionSize": "24",
      "Description": "Get Adapter Description"
    },
    "RawXml": "<Event xmlns=\"http://schemas.microsoft.com/win/2004/08/events/event\"><System><Provider Name=\"Microsoft-Windows-WindowsSystemAssessmentTool\" Guid=\"{11a75546-3234-465e-bec8-2d301cb501ac}\"></Provider>\n<EventID Qualifiers=\"\">9</EventID>\n<Version>0</Version>\n<Level>4</Level>\n<Task>1</Task>\n<Opcode>0</Opcode>\n<Keywords>0x8000000000000000</Keywords>\n<TimeCreated SystemTime=\"2014-01-25 04:23:31.542072+00:00\"></TimeCreated>\n<EventRecordID>16</EventRecordID>\n<Correlation ActivityID=\"\" RelatedActivityID=\"\"></Correlation>\n<Execution ProcessID=\"764\" ThreadID=\"768\"></Execution>\n<Channel>Microsoft-Windows-WindowsSystemAssessmentTool/Operational</Channel>\n<Computer>IACIS-HDD-2014</Computer>\n<Security UserID=\"S-1-5-18\"></Security>\n</System>\n<EventData><Data Name=\"PhaseID\">90</Data>\n<Data Name=\"DescriptionSize\">24</Data>\n<Data Name=\"Description\">Get Adapter Description</Data>\n</EventData>\n</Event>\n"
  },
  {
    "EventID": 10,
    "Timestamp": "2014-01-25 04:23:31.557673+00:00",
    "Computer": "IACIS-HDD-2014",
    "Channel": "Microsoft-Windows-WindowsSystemAssessmentTool/Operational",
    "Level": "Information",
    "EventData": {
      "PhaseID": "90"
    },
    "RawXml": "<Event xmlns=\"http://schemas.microsoft.com/win/2004/08/events/event\"><System><Provider Name=\"Microsoft-Windows-WindowsSystemAssessmentTool\" Guid=\"{11a75546-3234-465e-bec8-2d301cb501ac}\"></Provider>\n<EventID Qualifiers=\"\">10</EventID>\n<Version>0</Version>\n<Level>4</Level>\n<Task>1</Task>\n<Opcode>0</Opcode>\n<Keywords>0x8000000000000000</Keywords>\n<TimeCreated SystemTime=\"2014-01-25 04:23:31.557673+00:00\"></TimeCreated>\n<EventRecordID>17</EventRecordID>\n<Correlation ActivityID=\"\" RelatedActivityID=\"\"></Correlation>\n<Execution ProcessID=\"764\" ThreadID=\"768\"></Execution>\n<Channel>Microsoft-Windows-WindowsSystemAssessmentTool/Operational</Channel>\n<Computer>IACIS-HDD-2014</Computer>\n<Security UserID=\"S-1-5-18\"></Security>\n</System>\n<EventData><Data Name=\"PhaseID\">90</Data>\n</EventData>\n</Event>\n"
  },
  {
    "EventID": 10,
    "Timestamp": "2014-01-25 04:23:31.557673+00:00",
    "Computer": "IACIS-HDD-2014",
    "Channel": "Microsoft-Windows-WindowsSystemAssessmentTool/Operational",
    "Level": "Information",
    "EventData": {
      "PhaseID": "50"
    },
    "RawXml": "<Event xmlns=\"http://schemas.microsoft.com/win/2004/08/events/event\"><System><Provider Name=\"Microsoft-Windows-WindowsSystemAssessmentTool\" Guid=\"{11a75546-3234-465e-bec8-2d301cb501ac}\"></Provider>\n<EventID Qualifiers=\"\">10</EventID>\n<Version>0</Version>\n<Level>4</Level>\n<Task>1</Task>\n<Opcode>0</Opcode>\n<Keywords>0x8000000000000000</Keywords>\n<TimeCreated SystemTime=\"2014-01-25 04:23:31.557673+00:00\"></TimeCreated>\n<EventRecordID>18</EventRecordID>\n<Correlation ActivityID=\"\" RelatedActivityID=\"\"></Correlation>\n<Execution ProcessID=\"764\" ThreadID=\"768\"></Execution>\n<Channel>Microsoft-Windows-WindowsSystemAssessmentTool/Operational</Channel>\n<Computer>IACIS-HDD-2014</Computer>\n<Security UserID=\"S-1-5-18\"></Security>\n</System>\n<EventData><Data Name=\"PhaseID\">50</Data>\n</EventData>\n</Event>\n"
  },
  {
    "EventID": 10,
    "Timestamp": "2014-01-25 04:23:31.557673+00:00",
    "Computer": "IACIS-HDD-2014",
    "Channel": "Microsoft-Windows-WindowsSystemAssessmentTool/Operational",
    "Level": "Information",
    "EventData": {
      "PhaseID": "30"
    },
    "RawXml": "<Event xmlns=\"http://schemas.microsoft.com/win/2004/08/events/event\"><System><Provider Name=\"Microsoft-Windows-WindowsSystemAssessmentTool\" Guid=\"{11a75546-3234-465e-bec8-2d301cb501ac}\"></Provider>\n<EventID Qualifiers=\"\">10</EventID>\n<Version>0</Version>\n<Level>4</Level>\n<Task>1</Task>\n<Opcode>0</Opcode>\n<Keywords>0x8000000000000000</Keywords>\n<TimeCreated SystemTime=\"2014-01-25 04:23:31.557673+00:00\"></TimeCreated>\n<EventRecordID>19</EventRecordID>\n<Correlation ActivityID=\"\" RelatedActivityID=\"\"></Correlation>\n<Execution ProcessID=\"764\" ThreadID=\"768\"></Execution>\n<Channel>Microsoft-Windows-WindowsSystemAssessmentTool/Operational</Channel>\n<Computer>IACIS-HDD-2014</Computer>\n<Security UserID=\"S-1-5-18\"></Security>\n</System>\n<EventData><Data Name=\"PhaseID\">30</Data>\n</EventData>\n</Event>\n"
  },
  {
    "EventID": 10,
    "Timestamp": "2014-01-25 04:23:31.573273+00:00",
    "Computer": "IACIS-HDD-2014",
    "Channel": "Microsoft-Windows-WindowsSystemAssessmentTool/Operational",
    "Level": "Information",
    "EventData": {
      "PhaseID": "10"
    },
    "RawXml": "<Event xmlns=\"http://schemas.microsoft.com/win/2004/08/events/event\"><System><Provider Name=\"Microsoft-Windows-WindowsSystemAssessmentTool\" Guid=\"{11a75546-3234-465e-bec8-2d301cb501ac}\"></Provider>\n<EventID Qualifiers=\"\">10</EventID>\n<Version>0</Version>\n<Level>4</Level>\n<Task>1</Task>\n<Opcode>0</Opcode>\n<Keywords>0x8000000000000000</Keywords>\n<TimeCreated SystemTime=\"2014-01-25 04:23:31.573273+00:00\"></TimeCreated>\n<EventRecordID>20</EventRecordID>\n<Correlation ActivityID=\"\" RelatedActivityID=\"\"></Correlation>\n<Execution ProcessID=\"764\" ThreadID=\"768\"></Execution>\n<Channel>Microsoft-Windows-WindowsSystemAssessmentTool/Operational</Channel>\n<Computer>IACIS-HDD-2014</Computer>\n<Security UserID=\"S-1-5-18\"></Security>\n</System>\n<EventData><Data Name=\"PhaseID\">10</Data>\n</EventData>\n</Event>\n"
  },
  {
    "EventID": 9,
    "Timestamp": "2014-01-25 04:23:31.573273+00:00",
    "Computer": "IACIS-HDD-2014",
    "Channel": "Microsoft-Windows-WindowsSystemAssessmentTool/Operational",
    "Level": "Information",
    "EventData": {
      "PhaseID": "1001",
      "DescriptionSize": "27",
      "Description": "Run Assessment, features, "
    },
    "RawXml": "<Event xmlns=\"http://schemas.microsoft.com/win/2004/08/events/event\"><System><Provider Name=\"Microsoft-Windows-WindowsSystemAssessmentTool\" Guid=\"{11a75546-3234-465e-bec8-2d301cb501ac}\"></Provider>\n<EventID Qualifiers=\"\">9</EventID>\n<Version>0</Version>\n<Level>4</Level>\n<Task>1</Task>\n<Opcode>0</Opcode>\n<Keywords>0x8000000000000000</Keywords>\n<TimeCreated SystemTime=\"2014-01-25 04:23:31.573273+00:00\"></TimeCreated>\n<EventRecordID>21</EventRecordID>\n<Correlation ActivityID=\"\" RelatedActivityID=\"\"></Correlation>\n<Execution ProcessID=\"764\" ThreadID=\"768\"></Execution>\n<Channel>Microsoft-Windows-WindowsSystemAssessmentTool/Operational</Channel>\n<Computer>IACIS-HDD-2014</Computer>\n<Security UserID=\"S-1-5-18\"></Security>\n</System>\n<EventData><Data Name=\"PhaseID\">1001</Data>\n<Data Name=\"DescriptionSize\">27</Data>\n<Data Name=\"Description\">Run Assessment, features, </Data>\n</EventData>\n</Event>\n"
  },
  {
    "EventID": 9,
    "Timestamp": "2014-01-25 04:23:31.698072+00:00",
    "Computer": "IACIS-HDD-2014",
    "Channel": "Microsoft-Windows-WindowsSystemAssessmentTool/Operational",
    "Level": "Information",
    "EventData": {
      "PhaseID": "120",
      "DescriptionSize": "33",
      "Description": "Get graphics adapter information"
    },
    "RawXml": "<Event xmlns=\"http://schemas.microsoft.com/win/2004/08/events/event\"><System><Provider Name=\"Microsoft-Windows-WindowsSystemAssessmentTool\" Guid=\"{11a75546-3234-465e-bec8-2d301cb501ac}\"></Provider>\n<EventID Qualifiers=\"\">9</EventID>\n<Version>0</Version>\n<Level>4</Level>\n<Task>1</Task>\n<Opcode>0</Opcode>\n<Keywords>0x8000000000000000</Keywords>\n<TimeCreated SystemTime=\"2014-01-25 04:23:31.698072+00:00\"></TimeCreated>\n<EventRecordID>22</EventRecordID>\n<Correlation ActivityID=\"\" RelatedActivityID=\"\"></Correlation>\n<Execution ProcessID=\"764\" ThreadID=\"768\"></Execution>\n<Channel>Microsoft-Windows-WindowsSystemAssessmentTool/Operational</Channel>\n<Computer>IACIS-HDD-2014</Computer>\n<Security UserID=\"S-1-5-18\"></Security>\n</System>\n<EventData><Data Name=\"PhaseID\">120</Data>\n<Data Name=\"DescriptionSize\">33</Data>\n<Data Name=\"Description\">Get graphics adapter information</Data>\n</EventData>\n</Event>\n"
  },
  {
    "EventID": 10,
    "Timestamp": "2014-01-25 04:23:33.117676+00:00",
    "Computer": "IACIS-HDD-2014",
    "Channel": "Microsoft-Windows-WindowsSystemAssessmentTool/Operational",
    "Level": "Information",
    "EventData": {
      "PhaseID": "120"
    },
    "RawXml": "<Event xmlns=\"http://schemas.microsoft.com/win/2004/08/events/event\"><System><Provider Name=\"Microsoft-Windows-WindowsSystemAssessmentTool\" Guid=\"{11a75546-3234-465e-bec8-2d301cb501ac}\"></Provider>\n<EventID Qualifiers=\"\">10</EventID>\n<Version>0</Version>\n<Level>4</Level>\n<Task>1</Task>\n<Opcode>0</Opcode>\n<Keywords>0x8000000000000000</Keywords>\n<TimeCreated SystemTime=\"2014-01-25 04:23:33.117676+00:00\"></TimeCreated>\n<EventRecordID>23</EventRecordID>\n<Correlation ActivityID=\"\" RelatedActivityID=\"\"></Correlation>\n<Execution ProcessID=\"764\" ThreadID=\"768\"></Execution>\n<Channel>Microsoft-Windows-WindowsSystemAssessmentTool/Operational</Channel>\n<Computer>IACIS-HDD-2014</Computer>\n<Security UserID=\"S-1-5-18\"></Security>\n</System>\n<EventData><Data Name=\"PhaseID\">120</Data>\n</EventData>\n</Event>\n"
  },
  {
    "EventID": 10,
    "Timestamp": "2014-01-25 04:23:33.180077+00:00",
    "Computer": "IACIS-HDD-2014",
    "Channel": "Microsoft-Windows-WindowsSystemAssessmentTool/Operational",
    "Level": "Information",
    "EventData": {
      "PhaseID": "1001"
    },
    "RawXml": "<Event xmlns=\"http://schemas.microsoft.com/win/2004/08/events/event\"><System><Provider Name=\"Microsoft-Windows-WindowsSystemAssessmentTool\" Guid=\"{11a75546-3234-465e-bec8-2d301cb501ac}\"></Provider>\n<EventID Qualifiers=\"\">10</EventID>\n<Version>0</Version>\n<Level>4</Level>\n<Task>1</Task>\n<Opcode>0</Opcode>\n<Keywords>0x8000000000000000</Keywords>\n<TimeCreated SystemTime=\"2014-01-25 04:23:33.180077+00:00\"></TimeCreated>\n<EventRecordID>24</EventRecordID>\n<Correlation ActivityID=\"\" RelatedActivityID=\"\"></Correlation>\n<Execution ProcessID=\"764\" ThreadID=\"768\"></Execution>\n<Channel>Microsoft-Windows-WindowsSystemAssessmentTool/Operational</Channel>\n<Computer>IACIS-HDD-2014</Computer>\n<Security UserID=\"S-1-5-18\"></Security>\n</System>\n<EventData><Data Name=\"PhaseID\">1001</Data>\n</EventData>\n</Event>\n"
  },
  {
    "EventID": 9,
    "Timestamp": "2014-01-25 04:23:33.180077+00:00",
    "Computer": "IACIS-HDD-2014",
    "Channel": "Microsoft-Windows-WindowsSystemAssessmentTool/Operational",
    "Level": "Information",
    "EventData": {
      "PhaseID": "1005",
      "DescriptionSize": "166",
      "Description": "Run Assessment, dwm, -aname DWM -time 10 -fbc 10 -disp off -normalw 12 -width 1280 -height 1024 -winwidth C(1144) -winheight C(915) -rendertotex 6 -rtdelta 3 -nolock"
    },
    "RawXml": "<Event xmlns=\"http://schemas.microsoft.com/win/2004/08/events/event\"><System><Provider Name=\"Microsoft-Windows-WindowsSystemAssessmentTool\" Guid=\"{11a75546-3234-465e-bec8-2d301cb501ac}\"></Provider>\n<EventID Qualifiers=\"\">9</EventID>\n<Version>0</Version>\n<Level>4</Level>\n<Task>1</Task>\n<Opcode>0</Opcode>\n<Keywords>0x8000000000000000</Keywords>\n<TimeCreated SystemTime=\"2014-01-25 04:23:33.180077+00:00\"></TimeCreated>\n<EventRecordID>25</EventRecordID>\n<Correlation ActivityID=\"\" RelatedActivityID=\"\"></Correlation>\n<Execution ProcessID=\"764\" ThreadID=\"768\"></Execution>\n<Channel>Microsoft-Windows-WindowsSystemAssessmentTool/Operational</Channel>\n<Computer>IACIS-HDD-2014</Computer>\n<Security UserID=\"S-1-5-18\"></Security>\n</System>\n<EventData><Data Name=\"PhaseID\">1005</Data>\n<Data Name=\"DescriptionSize\">166</Data>\n<Data Name=\"Description\">Run Assessment, dwm, -aname DWM -time 10 -fbc 10 -disp off -normalw 12 -width 1280 -height 1024 -winwidth C(1144) -winheight C(915) -rendertotex 6 -rtdelta 3 -nolock</Data>\n</EventData>\n</Event>\n"
  },
  {
    "EventID": 10,
    "Timestamp": "2014-01-25 04:23:33.866478+00:00",
    "Computer": "IACIS-HDD-2014",
    "Channel": "Microsoft-Windows-WindowsSystemAssessmentTool/Operational",
    "Level": "Information",
    "EventData": {
      "PhaseID": "1005"
    },
    "RawXml": "<Event xmlns=\"http://schemas.microsoft.com/win/2004/08/events/event\"><System><Provider Name=\"Microsoft-Windows-WindowsSystemAssessmentTool\" Guid=\"{11a75546-3234-465e-bec8-2d301cb501ac}\"></Provider>\n<EventID Qualifiers=\"\">10</EventID>\n<Version>0</Version>\n<Level>4</Level>\n<Task>1</Task>\n<Opcode>0</Opcode>\n<Keywords>0x8000000000000000</Keywords>\n<TimeCreated SystemTime=\"2014-01-25 04:23:33.866478+00:00\"></TimeCreated>\n<EventRecordID>26</EventRecordID>\n<Correlation ActivityID=\"\" RelatedActivityID=\"\"></Correlation>\n<Execution ProcessID=\"764\" ThreadID=\"768\"></Execution>\n<Channel>Microsoft-Windows-WindowsSystemAssessmentTool/Operational</Channel>\n<Computer>IACIS-HDD-2014</Computer>\n<Security UserID=\"S-1-5-18\"></Security>\n</System>\n<EventData><Data Name=\"PhaseID\">1005</Data>\n</EventData>\n</Event>\n"
  },
  {
    "EventID": 9,
    "Timestamp": "2014-01-25 04:23:33.866478+00:00",
    "Computer": "IACIS-HDD-2014",
    "Channel": "Microsoft-Windows-WindowsSystemAssessmentTool/Operational",
    "Level": "Information",
    "EventData": {
      "PhaseID": "130",
      "DescriptionSize": "16",
      "Description": "Process Results"
    },
    "RawXml": "<Event xmlns=\"http://schemas.microsoft.com/win/2004/08/events/event\"><System><Provider Name=\"Microsoft-Windows-WindowsSystemAssessmentTool\" Guid=\"{11a75546-3234-465e-bec8-2d301cb501ac}\"></Provider>\n<EventID Qualifiers=\"\">9</EventID>\n<Version>0</Version>\n<Level>4</Level>\n<Task>1</Task>\n<Opcode>0</Opcode>\n<Keywords>0x8000000000000000</Keywords>\n<TimeCreated SystemTime=\"2014-01-25 04:23:33.866478+00:00\"></TimeCreated>\n<EventRecordID>27</EventRecordID>\n<Correlation ActivityID=\"\" RelatedActivityID=\"\"></Correlation>\n<Execution ProcessID=\"764\" ThreadID=\"768\"></Execution>\n<Channel>Microsoft-Windows-WindowsSystemAssessmentTool/Operational</Channel>\n<Computer>IACIS-HDD-2014</Computer>\n<Security UserID=\"S-1-5-18\"></Security>\n</System>\n<EventData><Data Name=\"PhaseID\">130</Data>\n<Data Name=\"DescriptionSize\">16</Data>\n<Data Name=\"Description\">Process Results</Data>\n</EventData>\n</Event>\n"
  },
  {
    "EventID": 10,
    "Timestamp": "2014-01-25 04:23:34.194078+00:00",
    "Computer": "IACIS-HDD-2014",
    "Channel": "Microsoft-Windows-WindowsSystemAssessmentTool/Operational",
    "Level": "Information",
    "EventData": {
      "PhaseID": "130"
    },
    "RawXml": "<Event xmlns=\"http://schemas.microsoft.com/win/2004/08/events/event\"><System><Provider Name=\"Microsoft-Windows-WindowsSystemAssessmentTool\" Guid=\"{11a75546-3234-465e-bec8-2d301cb501ac}\"></Provider>\n<EventID Qualifiers=\"\">10</EventID>\n<Version>0</Version>\n<Level>4</Level>\n<Task>1</Task>\n<Opcode>0</Opcode>\n<Keywords>0x8000000000000000</Keywords>\n<TimeCreated SystemTime=\"2014-01-25 04:23:34.194078+00:00\"></TimeCreated>\n<EventRecordID>28</EventRecordID>\n<Correlation ActivityID=\"\" RelatedActivityID=\"\"></Correlation>\n<Execution ProcessID=\"764\" ThreadID=\"768\"></Execution>\n<Channel>Microsoft-Windows-WindowsSystemAssessmentTool/Operational</Channel>\n<Computer>IACIS-HDD-2014</Computer>\n<Security UserID=\"S-1-5-18\"></Security>\n</System>\n<EventData><Data Name=\"PhaseID\">130</Data>\n</EventData>\n</Event>\n"
  },
  {
    "EventID": 9,
    "Timestamp": "2014-01-25 04:23:34.194078+00:00",
    "Computer": "IACIS-HDD-2014",
    "Channel": "Microsoft-Windows-WindowsSystemAssessmentTool/Operational",
    "Level": "Information",
    "EventData": {
      "PhaseID": "150",
      "DescriptionSize": "17",
      "Description": "Cleanup and exit"
    },
    "RawXml": "<Event xmlns=\"http://schemas.microsoft.com/win/2004/08/events/event\"><System><Provider Name=\"Microsoft-Windows-WindowsSystemAssessmentTool\" Guid=\"{11a75546-3234-465e-bec8-2d301cb501ac}\"></Provider>\n<EventID Qualifiers=\"\">9</EventID>\n<Version>0</Version>\n<Level>4</Level>\n<Task>1</Task>\n<Opcode>0</Opcode>\n<Keywords>0x8000000000000000</Keywords>\n<TimeCreated SystemTime=\"2014-01-25 04:23:34.194078+00:00\"></TimeCreated>\n<EventRecordID>29</EventRecordID>\n<Correlation ActivityID=\"\" RelatedActivityID=\"\"></Correlation>\n<Execution ProcessID=\"764\" ThreadID=\"768\"></Execution>\n<Channel>Microsoft-Windows-WindowsSystemAssessmentTool/Operational</Channel>\n<Computer>IACIS-HDD-2014</Computer>\n<Security UserID=\"S-1-5-18\"></Security>\n</System>\n<EventData><Data Name=\"PhaseID\">150</Data>\n<Data Name=\"DescriptionSize\">17</Data>\n<Data Name=\"Description\">Cleanup and exit</Data>\n</EventData>\n</Event>\n"
  },
  {
    "EventID": 9,
    "Timestamp": "2014-01-25 04:23:34.459278+00:00",
    "Computer": "IACIS-HDD-2014",
    "Channel": "Microsoft-Windows-WindowsSystemAssessmentTool/Operational",
    "Level": "Information",
    "EventData": {
      "PhaseID": "140",
      "DescriptionSize": "24",
      "Description": "Restore system policies"
    },
    "RawXml": "<Event xmlns=\"http://schemas.microsoft.com/win/2004/08/events/event\"><System><Provider Name=\"Microsoft-Windows-WindowsSystemAssessmentTool\" Guid=\"{11a75546-3234-465e-bec8-2d301cb501ac}\"></Provider>\n<EventID Qualifiers=\"\">9</EventID>\n<Version>0</Version>\n<Level>4</Level>\n<Task>1</Task>\n<Opcode>0</Opcode>\n<Keywords>0x8000000000000000</Keywords>\n<TimeCreated SystemTime=\"2014-01-25 04:23:34.459278+00:00\"></TimeCreated>\n<EventRecordID>30</EventRecordID>\n<Correlation ActivityID=\"\" RelatedActivityID=\"\"></Correlation>\n<Execution ProcessID=\"764\" ThreadID=\"768\"></Execution>\n<Channel>Microsoft-Windows-WindowsSystemAssessmentTool/Operational</Channel>\n<Computer>IACIS-HDD-2014</Computer>\n<Security UserID=\"S-1-5-18\"></Security>\n</System>\n<EventData><Data Name=\"PhaseID\">140</Data>\n<Data Name=\"DescriptionSize\">24</Data>\n<Data Name=\"Description\">Restore system policies</Data>\n</EventData>\n</Event>\n"
  },
  {
    "EventID": 10,
    "Timestamp": "2014-01-25 04:23:34.708879+00:00",
    "Computer": "IACIS-HDD-2014",
    "Channel": "Microsoft-Windows-WindowsSystemAssessmentTool/Operational",
    "Level": "Information",
    "EventData": {
      "PhaseID": "140"
    },
    "RawXml": "<Event xmlns=\"http://schemas.microsoft.com/win/2004/08/events/event\"><System><Provider Name=\"Microsoft-Windows-WindowsSystemAssessmentTool\" Guid=\"{11a75546-3234-465e-bec8-2d301cb501ac}\"></Provider>\n<EventID Qualifiers=\"\">10</EventID>\n<Version>0</Version>\n<Level>4</Level>\n<Task>1</Task>\n<Opcode>0</Opcode>\n<Keywords>0x8000000000000000</Keywords>\n<TimeCreated SystemTime=\"2014-01-25 04:23:34.708879+00:00\"></TimeCreated>\n<EventRecordID>31</EventRecordID>\n<Correlation ActivityID=\"\" RelatedActivityID=\"\"></Correlation>\n<Execution ProcessID=\"764\" ThreadID=\"768\"></Execution>\n<Channel>Microsoft-Windows-WindowsSystemAssessmentTool/Operational</Channel>\n<Computer>IACIS-HDD-2014</Computer>\n<Security UserID=\"S-1-5-18\"></Security>\n</System>\n<EventData><Data Name=\"PhaseID\">140</Data>\n</EventData>\n</Event>\n"
  },
  {
    "EventID": 3,
    "Timestamp": "2014-01-25 04:23:34.708879+00:00",
    "Computer": "IACIS-HDD-2014",
    "Channel": "Microsoft-Windows-WindowsSystemAssessmentTool/Operational",
    "Level": "LogAlways",
    "EventData": {
      "ExitCode": "0"
    },
    "RawXml": "<Event xmlns=\"http://schemas.microsoft.com/win/2004/08/events/event\"><System><Provider Name=\"Microsoft-Windows-WindowsSystemAssessmentTool\" Guid=\"{11a75546-3234-465e-bec8-2d301cb501ac}\"></Provider>\n<EventID Qualifiers=\"\">3</EventID>\n<Version>0</Version>\n<Level>0</Level>\n<Task>1</Task>\n<Opcode>2</Opcode>\n<Keywords>0x8000000000000000</Keywords>\n<TimeCreated SystemTime=\"2014-01-25 04:23:34.708879+00:00\"></TimeCreated>\n<EventRecordID>32</EventRecordID>\n<Correlation ActivityID=\"\" RelatedActivityID=\"\"></Correlation>\n<Execution ProcessID=\"764\" ThreadID=\"768\"></Execution>\n<Channel>Microsoft-Windows-WindowsSystemAssessmentTool/Operational</Channel>\n<Computer>IACIS-HDD-2014</Computer>\n<Security UserID=\"S-1-5-18\"></Security>\n</System>\n<EventData><Data Name=\"ExitCode\">0</Data>\n</EventData>\n</Event>\n"
  },
  {
    "EventID": 1,
    "Timestamp": "2014-01-25 16:14:34.511906+00:00",
    "Computer": "IACIS-HDD-2014",
    "Channel": "Microsoft-Windows-WindowsSystemAssessmentTool/Operational",
    "Level": "LogAlways",
    "EventData": {
      "StartTimeOfDay": "2014-01-25 16:14:34.511906+00:00"
    },
    "RawXml": "<Event xmlns=\"http://schemas.microsoft.com/win/2004/08/events/event\"><System><Provider Name=\"Microsoft-Windows-WindowsSystemAssessmentTool\" Guid=\"{11a75546-3234-465e-bec8-2d301cb501ac}\"></Provider>\n<EventID Qualifiers=\"\">1</EventID>\n<Version>0</Version>\n<Level>0</Level>\n<Task>1</Task>\n<Opcode>1</Opcode>\n<Keywords>0x8000000000000000</Keywords>\n<TimeCreated SystemTime=\"2014-01-25 16:14:34.511906+00:00\"></TimeCreated>\n<EventRecordID>33</EventRecordID>\n<Correlation ActivityID=\"\" RelatedActivityID=\"\"></Correlation>\n<Execution ProcessID=\"2608\" ThreadID=\"2732\"></Execution>\n<Channel>Microsoft-Windows-WindowsSystemAssessmentTool/Operational</Channel>\n<Computer>IACIS-HDD-2014</Computer>\n<Security UserID=\"S-1-5-21-1171287513-3642516788-2358256967-1001\"></Security>\n</System>\n<EventData><Data Name=\"StartTimeOfDay\">2014-01-25 16:14:34.511906+00:00</Data>\n</EventData>\n</Event>\n"
  },
  {
    "EventID": 9,
    "Timestamp": "2014-01-25 16:14:34.511906+00:00",
    "Computer": "IACIS-HDD-2014",
    "Channel": "Microsoft-Windows-WindowsSystemAssessmentTool/Operational",
    "Level": "Information",
    "EventData": {
      "PhaseID": "10",
      "DescriptionSize": "25",
      "Description": "Application Intializaton"
    },
    "RawXml": "<Event xmlns=\"http://schemas.microsoft.com/win/2004/08/events/event\"><System><Provider Name=\"Microsoft-Windows-WindowsSystemAssessmentTool\" Guid=\"{11a75546-3234-465e-bec8-2d301cb501ac}\"></Provider>\n<EventID Qualifiers=\"\">9</EventID>\n<Version>0</Version>\n<Level>4</Level>\n<Task>1</Task>\n<Opcode>0</Opcode>\n<Keywords>0x8000000000000000</Keywords>\n<TimeCreated SystemTime=\"2014-01-25 16:14:34.511906+00:00\"></TimeCreated>\n<EventRecordID>34</EventRecordID>\n<Correlation ActivityID=\"\" RelatedActivityID=\"\"></Correlation>\n<Execution ProcessID=\"2608\" ThreadID=\"2732\"></Execution>\n<Channel>Microsoft-Windows-WindowsSystemAssessmentTool/Operational</Channel>\n<Computer>IACIS-HDD-2014</Computer>\n<Security UserID=\"S-1-5-21-1171287513-3642516788-2358256967-1001\"></Security>\n</System>\n<EventData><Data Name=\"PhaseID\">10</Data>\n<Data Name=\"DescriptionSize\">25</Data>\n<Data Name=\"Description\">Application Intializaton</Data>\n</EventData>\n</Event>\n"
  },
  {
    "EventID": 2,
    "Timestamp": "2014-01-25 16:14:34.964306+00:00",
    "Computer": "IACIS-HDD-2014",
    "Channel": "Microsoft-Windows-WindowsSystemAssessmentTool/Operational",
    "Level": "LogAlways",
    "EventData": {
      "CommandLineSize": "92",
      "CommandLine": "C:\\Windows\\system32\\winsat.exe formal -log -cancelevent e3b274fa-534c-46aa-9a4f-9b41a452f5dc"
    },
    "RawXml": "<Event xmlns=\"http://schemas.microsoft.com/win/2004/08/events/event\"><System><Provider Name=\"Microsoft-Windows-WindowsSystemAssessmentTool\" Guid=\"{11a75546-3234-465e-bec8-2d301cb501ac}\"></Provider>\n<EventID Qualifiers=\"\">2</EventID>\n<Version>0</Version>\n<Level>0</Level>\n<Task>1</Task>\n<Opcode>0</Opcode>\n<Keywords>0x8000000000000000</Keywords>\n<TimeCreated SystemTime=\"2014-01-25 16:14:34.964306+00:00\"></TimeCreated>\n<EventRecordID>35</EventRecordID>\n<Correlation ActivityID=\"\" RelatedActivityID=\"\"></Correlation>\n<Execution ProcessID=\"2608\" ThreadID=\"2732\"></Execution>\n<Channel>Microsoft-Windows-WindowsSystemAssessmentTool/Operational</Channel>\n<Computer>IACIS-HDD-2014</Computer>\n<Security UserID=\"S-1-5-21-1171287513-3642516788-2358256967-1001\"></Security>\n</System>\n<EventData><Data Name=\"CommandLineSize\">92</Data>\n<Data Name=\"CommandLine\">C:\\Windows\\system32\\winsat.exe formal -log -cancelevent e3b274fa-534c-46aa-9a4f-9b41a452f5dc</Data>\n</EventData>\n</Event>\n"
  },
  {
    "EventID": 9,
    "Timestamp": "2014-01-25 16:14:36.071909+00:00",
    "Computer": "IACIS-HDD-2014",
    "Channel": "Microsoft-Windows-WindowsSystemAssessmentTool/Operational",
    "Level": "Information",
    "EventData": {
      "PhaseID": "20",
      "DescriptionSize": "23",
      "Description": "Modify system policies"
    },
    "RawXml": "<Event xmlns=\"http://schemas.microsoft.com/win/2004/08/events/event\"><System><Provider Name=\"Microsoft-Windows-WindowsSystemAssessmentTool\" Guid=\"{11a75546-3234-465e-bec8-2d301cb501ac}\"></Provider>\n<EventID Qualifiers=\"\">9</EventID>\n<Version>0</Version>\n<Level>4</Level>\n<Task>1</Task>\n<Opcode>0</Opcode>\n<Keywords>0x8000000000000000</Keywords>\n<TimeCreated SystemTime=\"2014-01-25 16:14:36.071909+00:00\"></TimeCreated>\n<EventRecordID>36</EventRecordID>\n<Correlation ActivityID=\"\" RelatedActivityID=\"\"></Correlation>\n<Execution ProcessID=\"2608\" ThreadID=\"2732\"></Execution>\n<Channel>Microsoft-Windows-WindowsSystemAssessmentTool/Operational</Channel>\n<Computer>IACIS-HDD-2014</Computer>\n<Security UserID=\"S-1-5-21-1171287513-3642516788-2358256967-1001\"></Security>\n</System>\n<EventData><Data Name=\"PhaseID\">20</Data>\n<Data Name=\"DescriptionSize\">23</Data>\n<Data Name=\"Description\">Modify system policies</Data>\n</EventData>\n</Event>\n"
  },
  {
    "EventID": 10,
    "Timestamp": "2014-01-25 16:14:37.070311+00:00",
    "Computer": "IACIS-HDD-2014",
    "Channel": "Microsoft-Windows-WindowsSystemAssessmentTool/Operational",
    "Level": "Information",
    "EventData": {
      "PhaseID": "20"
    },
    "RawXml": "<Event xmlns=\"http://schemas.microsoft.com/win/2004/08/events/event\"><System><Provider Name=\"Microsoft-Windows-WindowsSystemAssessmentTool\" Guid=\"{11a75546-3234-465e-bec8-2d301cb501ac}\"></Provider>\n<EventID Qualifiers=\"\">10</EventID>\n<Version>0</Version>\n<Level>4</Level>\n<Task>1</Task>\n<Opcode>0</Opcode>\n<Keywords>0x8000000000000000</Keywords>\n<TimeCreated SystemTime=\"2014-01-25 16:14:37.070311+00:00\"></TimeCreated>\n<EventRecordID>37</EventRecordID>\n<Correlation ActivityID=\"\" RelatedActivityID=\"\"></Correlation>\n<Execution ProcessID=\"2608\" ThreadID=\"2732\"></Execution>\n<Channel>Microsoft-Windows-WindowsSystemAssessmentTool/Operational</Channel>\n<Computer>IACIS-HDD-2014</Computer>\n<Security UserID=\"S-1-5-21-1171287513-3642516788-2358256967-1001\"></Security>\n</System>\n<EventData><Data Name=\"PhaseID\">20</Data>\n</EventData>\n</Event>\n"
  },
  {
    "EventID": 9,
    "Timestamp": "2014-01-25 16:14:37.070311+00:00",
    "Computer": "IACIS-HDD-2014",
    "Channel": "Microsoft-Windows-WindowsSystemAssessmentTool/Operational",
    "Level": "Information",
    "EventData": {
      "PhaseID": "30",
      "DescriptionSize": "19",
      "Description": "Gathering Key Info"
    },
    "RawXml": "<Event xmlns=\"http://schemas.microsoft.com/win/2004/08/events/event\"><System><Provider Name=\"Microsoft-Windows-WindowsSystemAssessmentTool\" Guid=\"{11a75546-3234-465e-bec8-2d301cb501ac}\"></Provider>\n<EventID Qualifiers=\"\">9</EventID>\n<Version>0</Version>\n<Level>4</Level>\n<Task>1</Task>\n<Opcode>0</Opcode>\n<Keywords>0x8000000000000000</Keywords>\n<TimeCreated SystemTime=\"2014-01-25 16:14:37.070311+00:00\"></TimeCreated>\n<EventRecordID>38</EventRecordID>\n<Correlation ActivityID=\"\" RelatedActivityID=\"\"></Correlation>\n<Execution ProcessID=\"2608\" ThreadID=\"2732\"></Execution>\n<Channel>Microsoft-Windows-WindowsSystemAssessmentTool/Operational</Channel>\n<Computer>IACIS-HDD-2014</Computer>\n<Security UserID=\"S-1-5-21-1171287513-3642516788-2358256967-1001\"></Security>\n</System>\n<EventData><Data Name=\"PhaseID\">30</Data>\n<Data Name=\"DescriptionSize\">19</Data>\n<Data Name=\"Description\">Gathering Key Info</Data>\n</EventData>\n</Event>\n"
  },
  {
    "EventID": 9,
    "Timestamp": "2014-01-25 16:14:37.070311+00:00",
    "Computer": "IACIS-HDD-2014",
    "Channel": "Microsoft-Windows-WindowsSystemAssessmentTool/Operational",
    "Level": "Information",
    "EventData": {
      "PhaseID": "40",
      "DescriptionSize": "23",
      "Description": "Gather CPU information"
    },
    "RawXml": "<Event xmlns=\"http://schemas.microsoft.com/win/2004/08/events/event\"><System><Provider Name=\"Microsoft-Windows-WindowsSystemAssessmentTool\" Guid=\"{11a75546-3234-465e-bec8-2d301cb501ac}\"></Provider>\n<EventID Qualifiers=\"\">9</EventID>\n<Version>0</Version>\n<Level>4</Level>\n<Task>1</Task>\n<Opcode>0</Opcode>\n<Keywords>0x8000000000000000</Keywords>\n<TimeCreated SystemTime=\"2014-01-25 16:14:37.070311+00:00\"></TimeCreated>\n<EventRecordID>39</EventRecordID>\n<Correlation ActivityID=\"\" RelatedActivityID=\"\"></Correlation>\n<Execution ProcessID=\"2608\" ThreadID=\"2732\"></Execution>\n<Channel>Microsoft-Windows-WindowsSystemAssessmentTool/Operational</Channel>\n<Computer>IACIS-HDD-2014</Computer>\n<Security UserID=\"S-1-5-21-1171287513-3642516788-2358256967-1001\"></Security>\n</System>\n<EventData><Data Name=\"PhaseID\">40</Data>\n<Data Name=\"DescriptionSize\">23</Data>\n<Data Name=\"Description\">Gather CPU information</Data>\n</EventData>\n</Event>\n"
  },
  {
    "EventID": 10,
    "Timestamp": "2014-01-25 16:14:37.600712+00:00",
    "Computer": "IACIS-HDD-2014",
    "Channel": "Microsoft-Windows-WindowsSystemAssessmentTool/Operational",
    "Level": "Information",
    "EventData": {
      "PhaseID": "40"
    },
    "RawXml": "<Event xmlns=\"http://schemas.microsoft.com/win/2004/08/events/event\"><System><Provider Name=\"Microsoft-Windows-WindowsSystemAssessmentTool\" Guid=\"{11a75546-3234-465e-bec8-2d301cb501ac}\"></Provider>\n<EventID Qualifiers=\"\">10</EventID>\n<Version>0</Version>\n<Level>4</Level>\n<Task>1</Task>\n<Opcode>0</Opcode>\n<Keywords>0x8000000000000000</Keywords>\n<TimeCreated SystemTime=\"2014-01-25 16:14:37.600712+00:00\"></TimeCreated>\n<EventRecordID>40</EventRecordID>\n<Correlation ActivityID=\"\" RelatedActivityID=\"\"></Correlation>\n<Execution ProcessID=\"2608\" ThreadID=\"2732\"></Execution>\n<Channel>Microsoft-Windows-WindowsSystemAssessmentTool/Operational</Channel>\n<Computer>IACIS-HDD-2014</Computer>\n<Security UserID=\"S-1-5-21-1171287513-3642516788-2358256967-1001\"></Security>\n</System>\n<EventData><Data Name=\"PhaseID\">40</Data>\n</EventData>\n</Event>\n"
  },
