  {
    "EventID": 10000,
    "Timestamp": "2014-02-03 12:00:47.343271+00:00",
    "Computer": "IACIS-HDD-2014",
    "Channel": "Microsoft-Windows-NetworkProfile/Operational",
    "Level": "Information",
    "EventData": {
      "Name": "Identifying...",
      "Description": "Identifying...",
      "Guid": "{ce141720-1001-4ef0-b6c2-aa36ffb403fd}",
      "Type": "0",
      "State": "1",
      "Category": "0"
    },
    "RawXml": "<Event xmlns=\"http://schemas.microsoft.com/win/2004/08/events/event\"><System><Provider Name=\"Microsoft-Windows-NetworkProfile\" Guid=\"{fbcfac3f-8459-419f-8e48-1f0b49cdb85e}\"></Provider>\n<EventID Qualifiers=\"\">10000</EventID>\n<Version>0</Version>\n<Level>4</Level>\n<Task>0</Task>\n<Opcode>0</Opcode>\n<Keywords>0x4000200000000000</Keywords>\n<TimeCreated SystemTime=\"2014-02-03 12:00:47.343271+00:00\"></TimeCreated>\n<EventRecordID>37</EventRecordID>\n<Correlation ActivityID=\"\" RelatedActivityID=\"\"></Correlation>\n<Execution ProcessID=\"932\" ThreadID=\"1728\"></Execution>\n<Channel>Microsoft-Windows-NetworkProfile/Operational</Channel>\n<Computer>IACIS-HDD-2014</Computer>\n<Security UserID=\"S-1-5-19\"></Security>\n</System>\n<EventData><Data Name=\"Name\">Identifying...</Data>\n<Data Name=\"Description\">Identifying...</Data>\n<Data Name=\"Guid\">{ce141720-1001-4ef0-b6c2-aa36ffb403fd}</Data>\n<Data Name=\"Type\">0</Data>\n<Data Name=\"State\">1</Data>\n<Data Name=\"Category\">0</Data>\n</EventData>\n</Event>\n"
  },
  {
    "EventID": 4001,
    "Timestamp": "2014-02-03 12:00:55.113085+00:00",
    "Computer": "IACIS-HDD-2014",
    "Channel": "Microsoft-Windows-NetworkProfile/Operational",
    "Level": "Information",
    "EventData": {
      "InterfaceGuid": "{78a289b4-f8b9-43c7-8bba-f96e0bbc2185}",
      "CurrentOrNextState": "0"
    },
    "RawXml": "<Event xmlns=\"http://schemas.microsoft.com/win/2004/08/events/event\"><System><Provider Name=\"Microsoft-Windows-NetworkProfile\" Guid=\"{fbcfac3f-8459-419f-8e48-1f0b49cdb85e}\"></Provider>\n<EventID Qualifiers=\"\">4001</EventID>\n<Version>0</Version>\n<Level>4</Level>\n<Task>1</Task>\n<Opcode>1</Opcode>\n<Keywords>0x4000200000000000</Keywords>\n<TimeCreated SystemTime=\"2014-02-03 12:00:55.113085+00:00\"></TimeCreated>\n<EventRecordID>38</EventRecordID>\n<Correlation ActivityID=\"\" RelatedActivityID=\"\"></Correlation>\n<Execution ProcessID=\"932\" ThreadID=\"968\"></Execution>\n<Channel>Microsoft-Windows-NetworkProfile/Operational</Channel>\n<Computer>IACIS-HDD-2014</Computer>\n<Security UserID=\"S-1-5-19\"></Security>\n</System>\n<EventData><Data Name=\"InterfaceGuid\">{78a289b4-f8b9-43c7-8bba-f96e0bbc2185}</Data>\n<Data Name=\"CurrentOrNextState\">0</Data>\n</EventData>\n</Event>\n"
  },
  {
    "EventID": 10000,
    "Timestamp": "2014-02-03 12:00:55.113085+00:00",
    "Computer": "IACIS-HDD-2014",
    "Channel": "Microsoft-Windows-NetworkProfile/Operational",
    "Level": "Information",
    "EventData": {
      "Name": "Identifying...",
      "Description": "Identifying...",
      "Guid": "{ce141720-1001-4ef0-b6c2-aa36ffb403fd}",
      "Type": "0",
      "State": "1",
      "Category": "0"
    },
    "RawXml": "<Event xmlns=\"http://schemas.microsoft.com/win/2004/08/events/event\"><System><Provider Name=\"Microsoft-Windows-NetworkProfile\" Guid=\"{fbcfac3f-8459-419f-8e48-1f0b49cdb85e}\"></Provider>\n<EventID Qualifiers=\"\">10000</EventID>\n<Version>0</Version>\n<Level>4</Level>\n<Task>0</Task>\n<Opcode>0</Opcode>\n<Keywords>0x4000200000000000</Keywords>\n<TimeCreated SystemTime=\"2014-02-03 12:00:55.113085+00:00\"></TimeCreated>\n<EventRecordID>39</EventRecordID>\n<Correlation ActivityID=\"\" RelatedActivityID=\"\"></Correlation>\n<Execution ProcessID=\"932\" ThreadID=\"1728\"></Execution>\n<Channel>Microsoft-Windows-NetworkProfile/Operational</Channel>\n<Computer>IACIS-HDD-2014</Computer>\n<Security UserID=\"S-1-5-19\"></Security>\n</System>\n<EventData><Data Name=\"Name\">Identifying...</Data>\n<Data Name=\"Description\">Identifying...</Data>\n<Data Name=\"Guid\">{ce141720-1001-4ef0-b6c2-aa36ffb403fd}</Data>\n<Data Name=\"Type\">0</Data>\n<Data Name=\"State\">1</Data>\n<Data Name=\"Category\">0</Data>\n</EventData>\n</Event>\n"
  },
  {
    "EventID": 4002,
    "Timestamp": "2014-02-03 12:01:08.513508+00:00",
    "Computer": "IACIS-HDD-2014",
    "Channel": "Microsoft-Windows-NetworkProfile/Operational",
    "Level": "Information",
    "EventData": {
      "InterfaceGuid": "{78a289b4-f8b9-43c7-8bba-f96e0bbc2185}",
      "CurrentOrNextState": "1"
    },
    "RawXml": "<Event xmlns=\"http://schemas.microsoft.com/win/2004/08/events/event\"><System><Provider Name=\"Microsoft-Windows-NetworkProfile\" Guid=\"{fbcfac3f-8459-419f-8e48-1f0b49cdb85e}\"></Provider>\n<EventID Qualifiers=\"\">4002</EventID>\n<Version>0</Version>\n<Level>4</Level>\n<Task>1</Task>\n<Opcode>2</Opcode>\n<Keywords>0x4001200000000000</Keywords>\n<TimeCreated SystemTime=\"2014-02-03 12:01:08.513508+00:00\"></TimeCreated>\n<EventRecordID>40</EventRecordID>\n<Correlation ActivityID=\"\" RelatedActivityID=\"\"></Correlation>\n<Execution ProcessID=\"932\" ThreadID=\"964\"></Execution>\n<Channel>Microsoft-Windows-NetworkProfile/Operational</Channel>\n<Computer>IACIS-HDD-2014</Computer>\n<Security UserID=\"S-1-5-19\"></Security>\n</System>\n<EventData><Data Name=\"InterfaceGuid\">{78a289b4-f8b9-43c7-8bba-f96e0bbc2185}</Data>\n<Data Name=\"CurrentOrNextState\">1</Data>\n</EventData>\n</Event>\n"
  },
  {
    "EventID": 10000,
    "Timestamp": "2014-02-03 12:01:08.575909+00:00",
    "Computer": "IACIS-HDD-2014",
    "Channel": "Microsoft-Windows-NetworkProfile/Operational",
    "Level": "Information",
    "EventData": {
      "Name": "Network  2",
      "Description": "Network",
      "Guid": "{a18bd810-8272-4622-bd4b-b3bae106b941}",
      "Type": "0",
      "State": "5",
      "Category": "1"
    },
    "RawXml": "<Event xmlns=\"http://schemas.microsoft.com/win/2004/08/events/event\"><System><Provider Name=\"Microsoft-Windows-NetworkProfile\" Guid=\"{fbcfac3f-8459-419f-8e48-1f0b49cdb85e}\"></Provider>\n<EventID Qualifiers=\"\">10000</EventID>\n<Version>0</Version>\n<Level>4</Level>\n<Task>0</Task>\n<Opcode>0</Opcode>\n<Keywords>0x4000200000000000</Keywords>\n<TimeCreated SystemTime=\"2014-02-03 12:01:08.575909+00:00\"></TimeCreated>\n<EventRecordID>41</EventRecordID>\n<Correlation ActivityID=\"\" RelatedActivityID=\"\"></Correlation>\n<Execution ProcessID=\"932\" ThreadID=\"1728\"></Execution>\n<Channel>Microsoft-Windows-NetworkProfile/Operational</Channel>\n<Computer>IACIS-HDD-2014</Computer>\n<Security UserID=\"S-1-5-19\"></Security>\n</System>\n<EventData><Data Name=\"Name\">Network  2</Data>\n<Data Name=\"Description\">Network</Data>\n<Data Name=\"Guid\">{a18bd810-8272-4622-bd4b-b3bae106b941}</Data>\n<Data Name=\"Type\">0</Data>\n<Data Name=\"State\">5</Data>\n<Data Name=\"Category\">1</Data>\n</EventData>\n</Event>\n"
  },
  {
    "EventID": 10001,
    "Timestamp": "2014-02-03 12:01:11.103113+00:00",
    "Computer": "IACIS-HDD-2014",
    "Channel": "Microsoft-Windows-NetworkProfile/Operational",
    "Level": "Information",
    "EventData": {
      "Name": "Network  2",
      "Description": "Network",
      "Guid": "{a18bd810-8272-4622-bd4b-b3bae106b941}",
      "Type": "0",
      "State": "2",
      "Category": "1"
    },
    "RawXml": "<Event xmlns=\"http://schemas.microsoft.com/win/2004/08/events/event\"><System><Provider Name=\"Microsoft-Windows-NetworkProfile\" Guid=\"{fbcfac3f-8459-419f-8e48-1f0b49cdb85e}\"></Provider>\n<EventID Qualifiers=\"\">10001</EventID>\n<Version>0</Version>\n<Level>4</Level>\n<Task>0</Task>\n<Opcode>0</Opcode>\n<Keywords>0x4000200000000000</Keywords>\n<TimeCreated SystemTime=\"2014-02-03 12:01:11.103113+00:00\"></TimeCreated>\n<EventRecordID>42</EventRecordID>\n<Correlation ActivityID=\"\" RelatedActivityID=\"\"></Correlation>\n<Execution ProcessID=\"932\" ThreadID=\"1728\"></Execution>\n<Channel>Microsoft-Windows-NetworkProfile/Operational</Channel>\n<Computer>IACIS-HDD-2014</Computer>\n<Security UserID=\"S-1-5-19\"></Security>\n</System>\n<EventData><Data Name=\"Name\">Network  2</Data>\n<Data Name=\"Description\">Network</Data>\n<Data Name=\"Guid\">{a18bd810-8272-4622-bd4b-b3bae106b941}</Data>\n<Data Name=\"Type\">0</Data>\n<Data Name=\"State\">2</Data>\n<Data Name=\"Category\">1</Data>\n</EventData>\n</Event>\n"
  },
  {
    "EventID": 4001,
    "Timestamp": "2014-02-03 12:01:11.103113+00:00",
    "Computer": "IACIS-HDD-2014",
    "Channel": "Microsoft-Windows-NetworkProfile/Operational",
    "Level": "Information",
    "EventData": {
      "InterfaceGuid": "{78a289b4-f8b9-43c7-8bba-f96e0bbc2185}",
      "CurrentOrNextState": "0"
    },
    "RawXml": "<Event xmlns=\"http://schemas.microsoft.com/win/2004/08/events/event\"><System><Provider Name=\"Microsoft-Windows-NetworkProfile\" Guid=\"{fbcfac3f-8459-419f-8e48-1f0b49cdb85e}\"></Provider>\n<EventID Qualifiers=\"\">4001</EventID>\n<Version>0</Version>\n<Level>4</Level>\n<Task>1</Task>\n<Opcode>1</Opcode>\n<Keywords>0x4000200000000000</Keywords>\n<TimeCreated SystemTime=\"2014-02-03 12:01:11.103113+00:00\"></TimeCreated>\n<EventRecordID>43</EventRecordID>\n<Correlation ActivityID=\"\" RelatedActivityID=\"\"></Correlation>\n<Execution ProcessID=\"932\" ThreadID=\"964\"></Execution>\n<Channel>Microsoft-Windows-NetworkProfile/Operational</Channel>\n<Computer>IACIS-HDD-2014</Computer>\n<Security UserID=\"S-1-5-19\"></Security>\n</System>\n<EventData><Data Name=\"InterfaceGuid\">{78a289b4-f8b9-43c7-8bba-f96e0bbc2185}</Data>\n<Data Name=\"CurrentOrNextState\">0</Data>\n</EventData>\n</Event>\n"
  },
  {
    "EventID": 10000,
    "Timestamp": "2014-02-03 12:01:11.103113+00:00",
    "Computer": "IACIS-HDD-2014",
    "Channel": "Microsoft-Windows-NetworkProfile/Operational",
    "Level": "Information",
    "EventData": {
      "Name": "Identifying...",
      "Description": "Identifying...",
      "Guid": "{ce141720-1001-4ef0-b6c2-aa36ffb403fd}",
      "Type": "0",
      "State": "5",
      "Category": "0"
    },
    "RawXml": "<Event xmlns=\"http://schemas.microsoft.com/win/2004/08/events/event\"><System><Provider Name=\"Microsoft-Windows-NetworkProfile\" Guid=\"{fbcfac3f-8459-419f-8e48-1f0b49cdb85e}\"></Provider>\n<EventID Qualifiers=\"\">10000</EventID>\n<Version>0</Version>\n<Level>4</Level>\n<Task>0</Task>\n<Opcode>0</Opcode>\n<Keywords>0x4000200000000000</Keywords>\n<TimeCreated SystemTime=\"2014-02-03 12:01:11.103113+00:00\"></TimeCreated>\n<EventRecordID>44</EventRecordID>\n<Correlation ActivityID=\"\" RelatedActivityID=\"\"></Correlation>\n<Execution ProcessID=\"932\" ThreadID=\"1728\"></Execution>\n<Channel>Microsoft-Windows-NetworkProfile/Operational</Channel>\n<Computer>IACIS-HDD-2014</Computer>\n<Security UserID=\"S-1-5-19\"></Security>\n</System>\n<EventData><Data Name=\"Name\">Identifying...</Data>\n<Data Name=\"Description\">Identifying...</Data>\n<Data Name=\"Guid\">{ce141720-1001-4ef0-b6c2-aa36ffb403fd}</Data>\n<Data Name=\"Type\">0</Data>\n<Data Name=\"State\">5</Data>\n<Data Name=\"Category\">0</Data>\n</EventData>\n</Event>\n"
  },
  {
    "EventID": 4001,
    "Timestamp": "2014-02-03 12:02:04.030869+00:00",
    "Computer": "IACIS-HDD-2014",
    "Channel": "Microsoft-Windows-NetworkProfile/Operational",
    "Level": "Information",
    "EventData": {
      "InterfaceGuid": "{78a289b4-f8b9-43c7-8bba-f96e0bbc2185}",
      "CurrentOrNextState": "0"
    },
    "RawXml": "<Event xmlns=\"http://schemas.microsoft.com/win/2004/08/events/event\"><System><Provider Name=\"Microsoft-Windows-NetworkProfile\" Guid=\"{fbcfac3f-8459-419f-8e48-1f0b49cdb85e}\"></Provider>\n<EventID Qualifiers=\"\">4001</EventID>\n<Version>0</Version>\n<Level>4</Level>\n<Task>1</Task>\n<Opcode>1</Opcode>\n<Keywords>0x4000200000000000</Keywords>\n<TimeCreated SystemTime=\"2014-02-03 12:02:04.030869+00:00\"></TimeCreated>\n<EventRecordID>45</EventRecordID>\n<Correlation ActivityID=\"\" RelatedActivityID=\"\"></Correlation>\n<Execution ProcessID=\"940\" ThreadID=\"1748\"></Execution>\n<Channel>Microsoft-Windows-NetworkProfile/Operational</Channel>\n<Computer>IACIS-HDD-2014</Computer>\n<Security UserID=\"S-1-5-19\"></Security>\n</System>\n<EventData><Data Name=\"InterfaceGuid\">{78a289b4-f8b9-43c7-8bba-f96e0bbc2185}</Data>\n<Data Name=\"CurrentOrNextState\">0</Data>\n</EventData>\n</Event>\n"
  },
  {
    "EventID": 10000,
    "Timestamp": "2014-02-03 12:02:04.170868+00:00",
    "Computer": "IACIS-HDD-2014",
    "Channel": "Microsoft-Windows-NetworkProfile/Operational",
    "Level": "Information",
    "EventData": {
      "Name": "Identifying...",
      "Description": "Identifying...",
      "Guid": "{34219325-1b9b-4b49-ac6b-b51bf0368e2b}",
      "Type": "0",
      "State": "1",
      "Category": "0"
    },
    "RawXml": "<Event xmlns=\"http://schemas.microsoft.com/win/2004/08/events/event\"><System><Provider Name=\"Microsoft-Windows-NetworkProfile\" Guid=\"{fbcfac3f-8459-419f-8e48-1f0b49cdb85e}\"></Provider>\n<EventID Qualifiers=\"\">10000</EventID>\n<Version>0</Version>\n<Level>4</Level>\n<Task>0</Task>\n<Opcode>0</Opcode>\n<Keywords>0x4000200000000000</Keywords>\n<TimeCreated SystemTime=\"2014-02-03 12:02:04.170868+00:00\"></TimeCreated>\n<EventRecordID>46</EventRecordID>\n<Correlation ActivityID=\"\" RelatedActivityID=\"\"></Correlation>\n<Execution ProcessID=\"940\" ThreadID=\"1716\"></Execution>\n<Channel>Microsoft-Windows-NetworkProfile/Operational</Channel>\n<Computer>IACIS-HDD-2014</Computer>\n<Security UserID=\"S-1-5-19\"></Security>\n</System>\n<EventData><Data Name=\"Name\">Identifying...</Data>\n<Data Name=\"Description\">Identifying...</Data>\n<Data Name=\"Guid\">{34219325-1b9b-4b49-ac6b-b51bf0368e2b}</Data>\n<Data Name=\"Type\">0</Data>\n<Data Name=\"State\">1</Data>\n<Data Name=\"Category\">0</Data>\n</EventData>\n</Event>\n"
  },
  {
    "EventID": 4002,
    "Timestamp": "2014-02-03 12:02:06.969475+00:00",
    "Computer": "IACIS-HDD-2014",
    "Channel": "Microsoft-Windows-NetworkProfile/Operational",
    "Level": "Information",
    "EventData": {
      "InterfaceGuid": "{78a289b4-f8b9-43c7-8bba-f96e0bbc2185}",
      "CurrentOrNextState": "1"
    },
    "RawXml": "<Event xmlns=\"http://schemas.microsoft.com/win/2004/08/events/event\"><System><Provider Name=\"Microsoft-Windows-NetworkProfile\" Guid=\"{fbcfac3f-8459-419f-8e48-1f0b49cdb85e}\"></Provider>\n<EventID Qualifiers=\"\">4002</EventID>\n<Version>0</Version>\n<Level>4</Level>\n<Task>1</Task>\n<Opcode>2</Opcode>\n<Keywords>0x4001200000000000</Keywords>\n<TimeCreated SystemTime=\"2014-02-03 12:02:06.969475+00:00\"></TimeCreated>\n<EventRecordID>47</EventRecordID>\n<Correlation ActivityID=\"\" RelatedActivityID=\"\"></Correlation>\n<Execution ProcessID=\"940\" ThreadID=\"960\"></Execution>\n<Channel>Microsoft-Windows-NetworkProfile/Operational</Channel>\n<Computer>IACIS-HDD-2014</Computer>\n<Security UserID=\"S-1-5-19\"></Security>\n</System>\n<EventData><Data Name=\"InterfaceGuid\">{78a289b4-f8b9-43c7-8bba-f96e0bbc2185}</Data>\n<Data Name=\"CurrentOrNextState\">1</Data>\n</EventData>\n</Event>\n"
  },
  {
    "EventID": 10000,
    "Timestamp": "2014-02-03 12:02:07.000675+00:00",
    "Computer": "IACIS-HDD-2014",
    "Channel": "Microsoft-Windows-NetworkProfile/Operational",
    "Level": "Information",
    "EventData": {
      "Name": "Network  2",
      "Description": "Network",
      "Guid": "{a18bd810-8272-4622-bd4b-b3bae106b941}",
      "Type": "0",
      "State": "5",
      "Category": "1"
    },
    "RawXml": "<Event xmlns=\"http://schemas.microsoft.com/win/2004/08/events/event\"><System><Provider Name=\"Microsoft-Windows-NetworkProfile\" Guid=\"{fbcfac3f-8459-419f-8e48-1f0b49cdb85e}\"></Provider>\n<EventID Qualifiers=\"\">10000</EventID>\n<Version>0</Version>\n<Level>4</Level>\n<Task>0</Task>\n<Opcode>0</Opcode>\n<Keywords>0x4000200000000000</Keywords>\n<TimeCreated SystemTime=\"2014-02-03 12:02:07.000675+00:00\"></TimeCreated>\n<EventRecordID>48</EventRecordID>\n<Correlation ActivityID=\"\" RelatedActivityID=\"\"></Correlation>\n<Execution ProcessID=\"940\" ThreadID=\"1716\"></Execution>\n<Channel>Microsoft-Windows-NetworkProfile/Operational</Channel>\n<Computer>IACIS-HDD-2014</Computer>\n<Security UserID=\"S-1-5-19\"></Security>\n</System>\n<EventData><Data Name=\"Name\">Network  2</Data>\n<Data Name=\"Description\">Network</Data>\n<Data Name=\"Guid\">{a18bd810-8272-4622-bd4b-b3bae106b941}</Data>\n<Data Name=\"Type\">0</Data>\n<Data Name=\"State\">5</Data>\n<Data Name=\"Category\">1</Data>\n</EventData>\n</Event>\n"
  },
  {
    "EventID": 4001,
    "Timestamp": "2014-02-03 18:01:23.977694+00:00",
    "Computer": "IACIS-HDD-2014",
    "Channel": "Microsoft-Windows-NetworkProfile/Operational",
    "Level": "Information",
    "EventData": {
      "InterfaceGuid": "{78a289b4-f8b9-43c7-8bba-f96e0bbc2185}",
      "CurrentOrNextState": "0"
    },
    "RawXml": "<Event xmlns=\"http://schemas.microsoft.com/win/2004/08/events/event\"><System><Provider Name=\"Microsoft-Windows-NetworkProfile\" Guid=\"{fbcfac3f-8459-419f-8e48-1f0b49cdb85e}\"></Provider>\n<EventID Qualifiers=\"\">4001</EventID>\n<Version>0</Version>\n<Level>4</Level>\n<Task>1</Task>\n<Opcode>1</Opcode>\n<Keywords>0x4000200000000000</Keywords>\n<TimeCreated SystemTime=\"2014-02-03 18:01:23.977694+00:00\"></TimeCreated>\n<EventRecordID>49</EventRecordID>\n<Correlation ActivityID=\"\" RelatedActivityID=\"\"></Correlation>\n<Execution ProcessID=\"940\" ThreadID=\"3276\"></Execution>\n<Channel>Microsoft-Windows-NetworkProfile/Operational</Channel>\n<Computer>IACIS-HDD-2014</Computer>\n<Security UserID=\"S-1-5-19\"></Security>\n</System>\n<EventData><Data Name=\"InterfaceGuid\">{78a289b4-f8b9-43c7-8bba-f96e0bbc2185}</Data>\n<Data Name=\"CurrentOrNextState\">0</Data>\n</EventData>\n</Event>\n"
  },
  {
    "EventID": 10001,
    "Timestamp": "2014-02-03 18:01:24.055695+00:00",
    "Computer": "IACIS-HDD-2014",
    "Channel": "Microsoft-Windows-NetworkProfile/Operational",
    "Level": "Information",
    "EventData": {
      "Name": "Network  2",
      "Description": "Network",
      "Guid": "{a18bd810-8272-4622-bd4b-b3bae106b941}",
      "Type": "0",
      "State": "2",
      "Category": "1"
    },
    "RawXml": "<Event xmlns=\"http://schemas.microsoft.com/win/2004/08/events/event\"><System><Provider Name=\"Microsoft-Windows-NetworkProfile\" Guid=\"{fbcfac3f-8459-419f-8e48-1f0b49cdb85e}\"></Provider>\n<EventID Qualifiers=\"\">10001</EventID>\n<Version>0</Version>\n<Level>4</Level>\n<Task>0</Task>\n<Opcode>0</Opcode>\n<Keywords>0x4000200000000000</Keywords>\n<TimeCreated SystemTime=\"2014-02-03 18:01:24.055695+00:00\"></TimeCreated>\n<EventRecordID>50</EventRecordID>\n<Correlation ActivityID=\"\" RelatedActivityID=\"\"></Correlation>\n<Execution ProcessID=\"940\" ThreadID=\"1716\"></Execution>\n<Channel>Microsoft-Windows-NetworkProfile/Operational</Channel>\n<Computer>IACIS-HDD-2014</Computer>\n<Security UserID=\"S-1-5-19\"></Security>\n</System>\n<EventData><Data Name=\"Name\">Network  2</Data>\n<Data Name=\"Description\">Network</Data>\n<Data Name=\"Guid\">{a18bd810-8272-4622-bd4b-b3bae106b941}</Data>\n<Data Name=\"Type\">0</Data>\n<Data Name=\"State\">2</Data>\n<Data Name=\"Category\">1</Data>\n</EventData>\n</Event>\n"
  },
  {
    "EventID": 10000,
    "Timestamp": "2014-02-03 18:01:24.320894+00:00",
    "Computer": "IACIS-HDD-2014",
    "Channel": "Microsoft-Windows-NetworkProfile/Operational",
    "Level": "Information",
    "EventData": {
      "Name": "Identifying...",
      "Description": "Identifying...",
      "Guid": "{34219325-1b9b-4b49-ac6b-b51bf0368e2b}",
      "Type": "0",
      "State": "9",
      "Category": "0"
    },
    "RawXml": "<Event xmlns=\"http://schemas.microsoft.com/win/2004/08/events/event\"><System><Provider Name=\"Microsoft-Windows-NetworkProfile\" Guid=\"{fbcfac3f-8459-419f-8e48-1f0b49cdb85e}\"></Provider>\n<EventID Qualifiers=\"\">10000</EventID>\n<Version>0</Version>\n<Level>4</Level>\n<Task>0</Task>\n<Opcode>0</Opcode>\n<Keywords>0x4000200000000000</Keywords>\n<TimeCreated SystemTime=\"2014-02-03 18:01:24.320894+00:00\"></TimeCreated>\n<EventRecordID>51</EventRecordID>\n<Correlation ActivityID=\"\" RelatedActivityID=\"\"></Correlation>\n<Execution ProcessID=\"940\" ThreadID=\"1716\"></Execution>\n<Channel>Microsoft-Windows-NetworkProfile/Operational</Channel>\n<Computer>IACIS-HDD-2014</Computer>\n<Security UserID=\"S-1-5-19\"></Security>\n</System>\n<EventData><Data Name=\"Name\">Identifying...</Data>\n<Data Name=\"Description\">Identifying...</Data>\n<Data Name=\"Guid\">{34219325-1b9b-4b49-ac6b-b51bf0368e2b}</Data>\n<Data Name=\"Type\">0</Data>\n<Data Name=\"State\">9</Data>\n<Data Name=\"Category\">0</Data>\n</EventData>\n</Event>\n"
  },
  {
    "EventID": 4001,
    "Timestamp": "2014-02-04 14:11:45.470499+00:00",
    "Computer": "IACIS-HDD-2014",
    "Channel": "Microsoft-Windows-NetworkProfile/Operational",
    "Level": "Information",
    "EventData": {
      "InterfaceGuid": "{78a289b4-f8b9-43c7-8bba-f96e0bbc2185}",
      "CurrentOrNextState": "0"
    },
    "RawXml": "<Event xmlns=\"http://schemas.microsoft.com/win/2004/08/events/event\"><System><Provider Name=\"Microsoft-Windows-NetworkProfile\" Guid=\"{fbcfac3f-8459-419f-8e48-1f0b49cdb85e}\"></Provider>\n<EventID Qualifiers=\"\">4001</EventID>\n<Version>0</Version>\n<Level>4</Level>\n<Task>1</Task>\n<Opcode>1</Opcode>\n<Keywords>0x4000200000000000</Keywords>\n<TimeCreated SystemTime=\"2014-02-04 14:11:45.470499+00:00\"></TimeCreated>\n<EventRecordID>52</EventRecordID>\n<Correlation ActivityID=\"\" RelatedActivityID=\"\"></Correlation>\n<Execution ProcessID=\"936\" ThreadID=\"972\"></Execution>\n<Channel>Microsoft-Windows-NetworkProfile/Operational</Channel>\n<Computer>IACIS-HDD-2014</Computer>\n<Security UserID=\"S-1-5-19\"></Security>\n</System>\n<EventData><Data Name=\"InterfaceGuid\">{78a289b4-f8b9-43c7-8bba-f96e0bbc2185}</Data>\n<Data Name=\"CurrentOrNextState\">0</Data>\n</EventData>\n</Event>\n"
  },
  {
    "EventID": 10000,
    "Timestamp": "2014-02-04 14:11:45.490499+00:00",
    "Computer": "IACIS-HDD-2014",
    "Channel": "Microsoft-Windows-NetworkProfile/Operational",
    "Level": "Information",
    "EventData": {
      "Name": "Identifying...",
      "Description": "Identifying...",
      "Guid": "{2876db95-f10e-4fc3-a437-7431a6639999}",
      "Type": "0",
      "State": "1",
      "Category": "0"
    },
    "RawXml": "<Event xmlns=\"http://schemas.microsoft.com/win/2004/08/events/event\"><System><Provider Name=\"Microsoft-Windows-NetworkProfile\" Guid=\"{fbcfac3f-8459-419f-8e48-1f0b49cdb85e}\"></Provider>\n<EventID Qualifiers=\"\">10000</EventID>\n<Version>0</Version>\n<Level>4</Level>\n<Task>0</Task>\n<Opcode>0</Opcode>\n<Keywords>0x4000200000000000</Keywords>\n<TimeCreated SystemTime=\"2014-02-04 14:11:45.490499+00:00\"></TimeCreated>\n<EventRecordID>53</EventRecordID>\n<Correlation ActivityID=\"\" RelatedActivityID=\"\"></Correlation>\n<Execution ProcessID=\"936\" ThreadID=\"1732\"></Execution>\n<Channel>Microsoft-Windows-NetworkProfile/Operational</Channel>\n<Computer>IACIS-HDD-2014</Computer>\n<Security UserID=\"S-1-5-19\"></Security>\n</System>\n<EventData><Data Name=\"Name\">Identifying...</Data>\n<Data Name=\"Description\">Identifying...</Data>\n<Data Name=\"Guid\">{2876db95-f10e-4fc3-a437-7431a6639999}</Data>\n<Data Name=\"Type\">0</Data>\n<Data Name=\"State\">1</Data>\n<Data Name=\"Category\">0</Data>\n</EventData>\n</Event>\n"
  },
  {
    "EventID": 4002,
    "Timestamp": "2014-02-04 14:11:46.720501+00:00",
    "Computer": "IACIS-HDD-2014",
    "Channel": "Microsoft-Windows-NetworkProfile/Operational",
    "Level": "Information",
    "EventData": {
      "InterfaceGuid": "{78a289b4-f8b9-43c7-8bba-f96e0bbc2185}",
      "CurrentOrNextState": "1"
    },
    "RawXml": "<Event xmlns=\"http://schemas.microsoft.com/win/2004/08/events/event\"><System><Provider Name=\"Microsoft-Windows-NetworkProfile\" Guid=\"{fbcfac3f-8459-419f-8e48-1f0b49cdb85e}\"></Provider>\n<EventID Qualifiers=\"\">4002</EventID>\n<Version>0</Version>\n<Level>4</Level>\n<Task>1</Task>\n<Opcode>2</Opcode>\n<Keywords>0x4001200000000000</Keywords>\n<TimeCreated SystemTime=\"2014-02-04 14:11:46.720501+00:00\"></TimeCreated>\n<EventRecordID>54</EventRecordID>\n<Correlation ActivityID=\"\" RelatedActivityID=\"\"></Correlation>\n<Execution ProcessID=\"936\" ThreadID=\"972\"></Execution>\n<Channel>Microsoft-Windows-NetworkProfile/Operational</Channel>\n<Computer>IACIS-HDD-2014</Computer>\n<Security UserID=\"S-1-5-19\"></Security>\n</System>\n<EventData><Data Name=\"InterfaceGuid\">{78a289b4-f8b9-43c7-8bba-f96e0bbc2185}</Data>\n<Data Name=\"CurrentOrNextState\">1</Data>\n</EventData>\n</Event>\n"
  },
  {
    "EventID": 10000,
    "Timestamp": "2014-02-04 14:11:46.730499+00:00",
    "Computer": "IACIS-HDD-2014",
    "Channel": "Microsoft-Windows-NetworkProfile/Operational",
    "Level": "Information",
    "EventData": {
      "Name": "Network  2",
      "Description": "Network",
      "Guid": "{a18bd810-8272-4622-bd4b-b3bae106b941}",
      "Type": "0",
      "State": "5",
      "Category": "1"
    },
    "RawXml": "<Event xmlns=\"http://schemas.microsoft.com/win/2004/08/events/event\"><System><Provider Name=\"Microsoft-Windows-NetworkProfile\" Guid=\"{fbcfac3f-8459-419f-8e48-1f0b49cdb85e}\"></Provider>\n<EventID Qualifiers=\"\">10000</EventID>\n<Version>0</Version>\n<Level>4</Level>\n<Task>0</Task>\n<Opcode>0</Opcode>\n<Keywords>0x4000200000000000</Keywords>\n<TimeCreated SystemTime=\"2014-02-04 14:11:46.730499+00:00\"></TimeCreated>\n<EventRecordID>55</EventRecordID>\n<Correlation ActivityID=\"\" RelatedActivityID=\"\"></Correlation>\n<Execution ProcessID=\"936\" ThreadID=\"1732\"></Execution>\n<Channel>Microsoft-Windows-NetworkProfile/Operational</Channel>\n<Computer>IACIS-HDD-2014</Computer>\n<Security UserID=\"S-1-5-19\"></Security>\n</System>\n<EventData><Data Name=\"Name\">Network  2</Data>\n<Data Name=\"Description\">Network</Data>\n<Data Name=\"Guid\">{a18bd810-8272-4622-bd4b-b3bae106b941}</Data>\n<Data Name=\"Type\">0</Data>\n<Data Name=\"State\">5</Data>\n<Data Name=\"Category\">1</Data>\n</EventData>\n</Event>\n"
  },
  {
    "EventID": 10001,
    "Timestamp": "2014-02-04 19:18:29.558128+00:00",
    "Computer": "IACIS-HDD-2014",
    "Channel": "Microsoft-Windows-NetworkProfile/Operational",
    "Level": "Information",
    "EventData": {
      "Name": "Network  2",
      "Description": "Network",
      "Guid": "{a18bd810-8272-4622-bd4b-b3bae106b941}",
      "Type": "0",
      "State": "2",
      "Category": "1"
    },
    "RawXml": "<Event xmlns=\"http://schemas.microsoft.com/win/2004/08/events/event\"><System><Provider Name=\"Microsoft-Windows-NetworkProfile\" Guid=\"{fbcfac3f-8459-419f-8e48-1f0b49cdb85e}\"></Provider>\n<EventID Qualifiers=\"\">10001</EventID>\n<Version>0</Version>\n<Level>4</Level>\n<Task>0</Task>\n<Opcode>0</Opcode>\n<Keywords>0x4000200000000000</Keywords>\n<TimeCreated SystemTime=\"2014-02-04 19:18:29.558128+00:00\"></TimeCreated>\n<EventRecordID>56</EventRecordID>\n<Correlation ActivityID=\"\" RelatedActivityID=\"\"></Correlation>\n<Execution ProcessID=\"936\" ThreadID=\"1732\"></Execution>\n<Channel>Microsoft-Windows-NetworkProfile/Operational</Channel>\n<Computer>IACIS-HDD-2014</Computer>\n<Security UserID=\"S-1-5-19\"></Security>\n</System>\n<EventData><Data Name=\"Name\">Network  2</Data>\n<Data Name=\"Description\">Network</Data>\n<Data Name=\"Guid\">{a18bd810-8272-4622-bd4b-b3bae106b941}</Data>\n<Data Name=\"Type\">0</Data>\n<Data Name=\"State\">2</Data>\n<Data Name=\"Category\">1</Data>\n</EventData>\n</Event>\n"
  },
  {
    "EventID": 4001,
    "Timestamp": "2014-02-05 13:30:39.134453+00:00",
    "Computer": "IACIS-HDD-2014",
    "Channel": "Microsoft-Windows-NetworkProfile/Operational",
    "Level": "Information",
    "EventData": {
      "InterfaceGuid": "{78a289b4-f8b9-43c7-8bba-f96e0bbc2185}",
      "CurrentOrNextState": "0"
    },
    "RawXml": "<Event xmlns=\"http://schemas.microsoft.com/win/2004/08/events/event\"><System><Provider Name=\"Microsoft-Windows-NetworkProfile\" Guid=\"{fbcfac3f-8459-419f-8e48-1f0b49cdb85e}\"></Provider>\n<EventID Qualifiers=\"\">4001</EventID>\n<Version>0</Version>\n<Level>4</Level>\n<Task>1</Task>\n<Opcode>1</Opcode>\n<Keywords>0x4000200000000000</Keywords>\n<TimeCreated SystemTime=\"2014-02-05 13:30:39.134453+00:00\"></TimeCreated>\n<EventRecordID>57</EventRecordID>\n<Correlation ActivityID=\"\" RelatedActivityID=\"\"></Correlation>\n<Execution ProcessID=\"964\" ThreadID=\"1796\"></Execution>\n<Channel>Microsoft-Windows-NetworkProfile/Operational</Channel>\n<Computer>IACIS-HDD-2014</Computer>\n<Security UserID=\"S-1-5-19\"></Security>\n</System>\n<EventData><Data Name=\"InterfaceGuid\">{78a289b4-f8b9-43c7-8bba-f96e0bbc2185}</Data>\n<Data Name=\"CurrentOrNextState\">0</Data>\n</EventData>\n</Event>\n"
  },
  {
    "EventID": 10000,
    "Timestamp": "2014-02-05 13:30:39.172651+00:00",
    "Computer": "IACIS-HDD-2014",
    "Channel": "Microsoft-Windows-NetworkProfile/Operational",
    "Level": "Information",
    "EventData": {
      "Name": "Identifying...",
      "Description": "Identifying...",
      "Guid": "{34d622b6-0750-455f-9784-d45243fc8193}",
      "Type": "0",
      "State": "1",
      "Category": "0"
    },
    "RawXml": "<Event xmlns=\"http://schemas.microsoft.com/win/2004/08/events/event\"><System><Provider Name=\"Microsoft-Windows-NetworkProfile\" Guid=\"{fbcfac3f-8459-419f-8e48-1f0b49cdb85e}\"></Provider>\n<EventID Qualifiers=\"\">10000</EventID>\n<Version>0</Version>\n<Level>4</Level>\n<Task>0</Task>\n<Opcode>0</Opcode>\n<Keywords>0x4000200000000000</Keywords>\n<TimeCreated SystemTime=\"2014-02-05 13:30:39.172651+00:00\"></TimeCreated>\n<EventRecordID>58</EventRecordID>\n<Correlation ActivityID=\"\" RelatedActivityID=\"\"></Correlation>\n<Execution ProcessID=\"964\" ThreadID=\"1828\"></Execution>\n<Channel>Microsoft-Windows-NetworkProfile/Operational</Channel>\n<Computer>IACIS-HDD-2014</Computer>\n<Security UserID=\"S-1-5-19\"></Security>\n</System>\n<EventData><Data Name=\"Name\">Identifying...</Data>\n<Data Name=\"Description\">Identifying...</Data>\n<Data Name=\"Guid\">{34d622b6-0750-455f-9784-d45243fc8193}</Data>\n<Data Name=\"Type\">0</Data>\n<Data Name=\"State\">1</Data>\n<Data Name=\"Category\">0</Data>\n</EventData>\n</Event>\n"
  },
  {
    "EventID": 4002,
    "Timestamp": "2014-02-05 13:30:39.641653+00:00",
    "Computer": "IACIS-HDD-2014",
    "Channel": "Microsoft-Windows-NetworkProfile/Operational",
    "Level": "Information",
    "EventData": {
      "InterfaceGuid": "{78a289b4-f8b9-43c7-8bba-f96e0bbc2185}",
      "CurrentOrNextState": "1"
    },
    "RawXml": "<Event xmlns=\"http://schemas.microsoft.com/win/2004/08/events/event\"><System><Provider Name=\"Microsoft-Windows-NetworkProfile\" Guid=\"{fbcfac3f-8459-419f-8e48-1f0b49cdb85e}\"></Provider>\n<EventID Qualifiers=\"\">4002</EventID>\n<Version>0</Version>\n<Level>4</Level>\n<Task>1</Task>\n<Opcode>2</Opcode>\n<Keywords>0x4001200000000000</Keywords>\n<TimeCreated SystemTime=\"2014-02-05 13:30:39.641653+00:00\"></TimeCreated>\n<EventRecordID>59</EventRecordID>\n<Correlation ActivityID=\"\" RelatedActivityID=\"\"></Correlation>\n<Execution ProcessID=\"964\" ThreadID=\"1432\"></Execution>\n<Channel>Microsoft-Windows-NetworkProfile/Operational</Channel>\n<Computer>IACIS-HDD-2014</Computer>\n<Security UserID=\"S-1-5-19\"></Security>\n</System>\n<EventData><Data Name=\"InterfaceGuid\">{78a289b4-f8b9-43c7-8bba-f96e0bbc2185}</Data>\n<Data Name=\"CurrentOrNextState\">1</Data>\n</EventData>\n</Event>\n"
  },
  {
    "EventID": 10000,
    "Timestamp": "2014-02-05 13:30:39.641653+00:00",
    "Computer": "IACIS-HDD-2014",
    "Channel": "Microsoft-Windows-NetworkProfile/Operational",
    "Level": "Information",
    "EventData": {
      "Name": "Network  2",
      "Description": "Network",
      "Guid": "{a18bd810-8272-4622-bd4b-b3bae106b941}",
      "Type": "0",
      "State": "5",
      "Category": "1"
    },
    "RawXml": "<Event xmlns=\"http://schemas.microsoft.com/win/2004/08/events/event\"><System><Provider Name=\"Microsoft-Windows-NetworkProfile\" Guid=\"{fbcfac3f-8459-419f-8e48-1f0b49cdb85e}\"></Provider>\n<EventID Qualifiers=\"\">10000</EventID>\n<Version>0</Version>\n<Level>4</Level>\n<Task>0</Task>\n<Opcode>0</Opcode>\n<Keywords>0x4000200000000000</Keywords>\n<TimeCreated SystemTime=\"2014-02-05 13:30:39.641653+00:00\"></TimeCreated>\n<EventRecordID>60</EventRecordID>\n<Correlation ActivityID=\"\" RelatedActivityID=\"\"></Correlation>\n<Execution ProcessID=\"964\" ThreadID=\"1828\"></Execution>\n<Channel>Microsoft-Windows-NetworkProfile/Operational</Channel>\n<Computer>IACIS-HDD-2014</Computer>\n<Security UserID=\"S-1-5-19\"></Security>\n</System>\n<EventData><Data Name=\"Name\">Network  2</Data>\n<Data Name=\"Description\">Network</Data>\n<Data Name=\"Guid\">{a18bd810-8272-4622-bd4b-b3bae106b941}</Data>\n<Data Name=\"Type\">0</Data>\n<Data Name=\"State\">5</Data>\n<Data Name=\"Category\">1</Data>\n</EventData>\n</Event>\n"
  },
  {
    "EventID": 10001,
    "Timestamp": "2014-02-05 18:18:04.129423+00:00",
    "Computer": "IACIS-HDD-2014",
    "Channel": "Microsoft-Windows-NetworkProfile/Operational",
    "Level": "Information",
    "EventData": {
      "Name": "Network  2",
      "Description": "Network",
      "Guid": "{a18bd810-8272-4622-bd4b-b3bae106b941}",
      "Type": "0",
      "State": "2",
      "Category": "1"
    },
    "RawXml": "<Event xmlns=\"http://schemas.microsoft.com/win/2004/08/events/event\"><System><Provider Name=\"Microsoft-Windows-NetworkProfile\" Guid=\"{fbcfac3f-8459-419f-8e48-1f0b49cdb85e}\"></Provider>\n<EventID Qualifiers=\"\">10001</EventID>\n<Version>0</Version>\n<Level>4</Level>\n<Task>0</Task>\n<Opcode>0</Opcode>\n<Keywords>0x4000200000000000</Keywords>\n<TimeCreated SystemTime=\"2014-02-05 18:18:04.129423+00:00\"></TimeCreated>\n<EventRecordID>61</EventRecordID>\n<Correlation ActivityID=\"\" RelatedActivityID=\"\"></Correlation>\n<Execution ProcessID=\"964\" ThreadID=\"1828\"></Execution>\n<Channel>Microsoft-Windows-NetworkProfile/Operational</Channel>\n<Computer>IACIS-HDD-2014</Computer>\n<Security UserID=\"S-1-5-19\"></Security>\n</System>\n<EventData><Data Name=\"Name\">Network  2</Data>\n<Data Name=\"Description\">Network</Data>\n<Data Name=\"Guid\">{a18bd810-8272-4622-bd4b-b3bae106b941}</Data>\n<Data Name=\"Type\">0</Data>\n<Data Name=\"State\">2</Data>\n<Data Name=\"Category\">1</Data>\n</EventData>\n</Event>\n"
  },
  {
    "EventID": 4001,
    "Timestamp": "2014-02-05 18:18:12.475439+00:00",
    "Computer": "IACIS-HDD-2014",
    "Channel": "Microsoft-Windows-NetworkProfile/Operational",
    "Level": "Information",
    "EventData": {
      "InterfaceGuid": "{78a289b4-f8b9-43c7-8bba-f96e0bbc2185}",
      "CurrentOrNextState": "0"
    },
    "RawXml": "<Event xmlns=\"http://schemas.microsoft.com/win/2004/08/events/event\"><System><Provider Name=\"Microsoft-Windows-NetworkProfile\" Guid=\"{fbcfac3f-8459-419f-8e48-1f0b49cdb85e}\"></Provider>\n<EventID Qualifiers=\"\">4001</EventID>\n<Version>0</Version>\n<Level>4</Level>\n<Task>1</Task>\n<Opcode>1</Opcode>\n<Keywords>0x4000200000000000</Keywords>\n<TimeCreated SystemTime=\"2014-02-05 18:18:12.475439+00:00\"></TimeCreated>\n<EventRecordID>62</EventRecordID>\n<Correlation ActivityID=\"\" RelatedActivityID=\"\"></Correlation>\n<Execution ProcessID=\"964\" ThreadID=\"2736\"></Execution>\n<Channel>Microsoft-Windows-NetworkProfile/Operational</Channel>\n<Computer>IACIS-HDD-2014</Computer>\n<Security UserID=\"S-1-5-19\"></Security>\n</System>\n<EventData><Data Name=\"InterfaceGuid\">{78a289b4-f8b9-43c7-8bba-f96e0bbc2185}</Data>\n<Data Name=\"CurrentOrNextState\">0</Data>\n</EventData>\n</Event>\n"
  },
  {
    "EventID": 10000,
    "Timestamp": "2014-02-05 18:18:12.615839+00:00",
    "Computer": "IACIS-HDD-2014",
    "Channel": "Microsoft-Windows-NetworkProfile/Operational",
    "Level": "Information",
    "EventData": {
      "Name": "Identifying...",
      "Description": "Identifying...",
      "Guid": "{34d622b6-0750-455f-9784-d45243fc8193}",
      "Type": "0",
      "State": "1",
      "Category": "0"
    },
    "RawXml": "<Event xmlns=\"http://schemas.microsoft.com/win/2004/08/events/event\"><System><Provider Name=\"Microsoft-Windows-NetworkProfile\" Guid=\"{fbcfac3f-8459-419f-8e48-1f0b49cdb85e}\"></Provider>\n<EventID Qualifiers=\"\">10000</EventID>\n<Version>0</Version>\n<Level>4</Level>\n<Task>0</Task>\n<Opcode>0</Opcode>\n<Keywords>0x4000200000000000</Keywords>\n<TimeCreated SystemTime=\"2014-02-05 18:18:12.615839+00:00\"></TimeCreated>\n<EventRecordID>63</EventRecordID>\n<Correlation ActivityID=\"\" RelatedActivityID=\"\"></Correlation>\n<Execution ProcessID=\"964\" ThreadID=\"1828\"></Execution>\n<Channel>Microsoft-Windows-NetworkProfile/Operational</Channel>\n<Computer>IACIS-HDD-2014</Computer>\n<Security UserID=\"S-1-5-19\"></Security>\n</System>\n<EventData><Data Name=\"Name\">Identifying...</Data>\n<Data Name=\"Description\">Identifying...</Data>\n<Data Name=\"Guid\">{34d622b6-0750-455f-9784-d45243fc8193}</Data>\n<Data Name=\"Type\">0</Data>\n<Data Name=\"State\">1</Data>\n<Data Name=\"Category\">0</Data>\n</EventData>\n</Event>\n"
  },
  {
    "EventID": 4001,
    "Timestamp": "2014-02-05 18:19:04.907131+00:00",
    "Computer": "IACIS-HDD-2014",
    "Channel": "Microsoft-Windows-NetworkProfile/Operational",
    "Level": "Information",
    "EventData": {
      "InterfaceGuid": "{78a289b4-f8b9-43c7-8bba-f96e0bbc2185}",
      "CurrentOrNextState": "0"
    },
    "RawXml": "<Event xmlns=\"http://schemas.microsoft.com/win/2004/08/events/event\"><System><Provider Name=\"Microsoft-Windows-NetworkProfile\" Guid=\"{fbcfac3f-8459-419f-8e48-1f0b49cdb85e}\"></Provider>\n<EventID Qualifiers=\"\">4001</EventID>\n<Version>0</Version>\n<Level>4</Level>\n<Task>1</Task>\n<Opcode>1</Opcode>\n<Keywords>0x4000200000000000</Keywords>\n<TimeCreated SystemTime=\"2014-02-05 18:19:04.907131+00:00\"></TimeCreated>\n<EventRecordID>64</EventRecordID>\n<Correlation ActivityID=\"\" RelatedActivityID=\"\"></Correlation>\n<Execution ProcessID=\"964\" ThreadID=\"3664\"></Execution>\n<Channel>Microsoft-Windows-NetworkProfile/Operational</Channel>\n<Computer>IACIS-HDD-2014</Computer>\n<Security UserID=\"S-1-5-19\"></Security>\n</System>\n<EventData><Data Name=\"InterfaceGuid\">{78a289b4-f8b9-43c7-8bba-f96e0bbc2185}</Data>\n<Data Name=\"CurrentOrNextState\">0</Data>\n</EventData>\n</Event>\n"
  },
  {
    "EventID": 10000,
    "Timestamp": "2014-02-05 18:19:04.985130+00:00",
    "Computer": "IACIS-HDD-2014",
    "Channel": "Microsoft-Windows-NetworkProfile/Operational",
    "Level": "Information",
    "EventData": {
      "Name": "Identifying...",
      "Description": "Identifying...",
      "Guid": "{34d622b6-0750-455f-9784-d45243fc8193}",
      "Type": "0",
      "State": "1",
      "Category": "0"
    },
    "RawXml": "<Event xmlns=\"http://schemas.microsoft.com/win/2004/08/events/event\"><System><Provider Name=\"Microsoft-Windows-NetworkProfile\" Guid=\"{fbcfac3f-8459-419f-8e48-1f0b49cdb85e}\"></Provider>\n<EventID Qualifiers=\"\">10000</EventID>\n<Version>0</Version>\n<Level>4</Level>\n<Task>0</Task>\n<Opcode>0</Opcode>\n<Keywords>0x4000200000000000</Keywords>\n<TimeCreated SystemTime=\"2014-02-05 18:19:04.985130+00:00\"></TimeCreated>\n<EventRecordID>65</EventRecordID>\n<Correlation ActivityID=\"\" RelatedActivityID=\"\"></Correlation>\n<Execution ProcessID=\"964\" ThreadID=\"1828\"></Execution>\n<Channel>Microsoft-Windows-NetworkProfile/Operational</Channel>\n<Computer>IACIS-HDD-2014</Computer>\n<Security UserID=\"S-1-5-19\"></Security>\n</System>\n<EventData><Data Name=\"Name\">Identifying...</Data>\n<Data Name=\"Description\">Identifying...</Data>\n<Data Name=\"Guid\">{34d622b6-0750-455f-9784-d45243fc8193}</Data>\n<Data Name=\"Type\">0</Data>\n<Data Name=\"State\">1</Data>\n<Data Name=\"Category\">0</Data>\n</EventData>\n</Event>\n"
  },
  {
    "EventID": 4002,
    "Timestamp": "2014-02-05 18:19:09.680738+00:00",
    "Computer": "IACIS-HDD-2014",
    "Channel": "Microsoft-Windows-NetworkProfile/Operational",
    "Level": "Information",
    "EventData": {
      "InterfaceGuid": "{78a289b4-f8b9-43c7-8bba-f96e0bbc2185}",
      "CurrentOrNextState": "1"
    },
    "RawXml": "<Event xmlns=\"http://schemas.microsoft.com/win/2004/08/events/event\"><System><Provider Name=\"Microsoft-Windows-NetworkProfile\" Guid=\"{fbcfac3f-8459-419f-8e48-1f0b49cdb85e}\"></Provider>\n<EventID Qualifiers=\"\">4002</EventID>\n<Version>0</Version>\n<Level>4</Level>\n<Task>1</Task>\n<Opcode>2</Opcode>\n<Keywords>0x4001200000000000</Keywords>\n<TimeCreated SystemTime=\"2014-02-05 18:19:09.680738+00:00\"></TimeCreated>\n<EventRecordID>66</EventRecordID>\n<Correlation ActivityID=\"\" RelatedActivityID=\"\"></Correlation>\n<Execution ProcessID=\"964\" ThreadID=\"3664\"></Execution>\n<Channel>Microsoft-Windows-NetworkProfile/Operational</Channel>\n<Computer>IACIS-HDD-2014</Computer>\n<Security UserID=\"S-1-5-19\"></Security>\n</System>\n<EventData><Data Name=\"InterfaceGuid\">{78a289b4-f8b9-43c7-8bba-f96e0bbc2185}</Data>\n<Data Name=\"CurrentOrNextState\">1</Data>\n</EventData>\n</Event>\n"
  },
  {
    "EventID": 10000,
    "Timestamp": "2014-02-05 18:19:09.758739+00:00",
    "Computer": "IACIS-HDD-2014",
    "Channel": "Microsoft-Windows-NetworkProfile/Operational",
    "Level": "Information",
    "EventData": {
      "Name": "Network  2",
      "Description": "Network",
      "Guid": "{a18bd810-8272-4622-bd4b-b3bae106b941}",
      "Type": "0",
      "State": "9",
      "Category": "1"
    },
    "RawXml": "<Event xmlns=\"http://schemas.microsoft.com/win/2004/08/events/event\"><System><Provider Name=\"Microsoft-Windows-NetworkProfile\" Guid=\"{fbcfac3f-8459-419f-8e48-1f0b49cdb85e}\"></Provider>\n<EventID Qualifiers=\"\">10000</EventID>\n<Version>0</Version>\n<Level>4</Level>\n<Task>0</Task>\n<Opcode>0</Opcode>\n<Keywords>0x4000200000000000</Keywords>\n<TimeCreated SystemTime=\"2014-02-05 18:19:09.758739+00:00\"></TimeCreated>\n<EventRecordID>67</EventRecordID>\n<Correlation ActivityID=\"\" RelatedActivityID=\"\"></Correlation>\n<Execution ProcessID=\"964\" ThreadID=\"1828\"></Execution>\n<Channel>Microsoft-Windows-NetworkProfile/Operational</Channel>\n<Computer>IACIS-HDD-2014</Computer>\n<Security UserID=\"S-1-5-19\"></Security>\n</System>\n<EventData><Data Name=\"Name\">Network  2</Data>\n<Data Name=\"Description\">Network</Data>\n<Data Name=\"Guid\">{a18bd810-8272-4622-bd4b-b3bae106b941}</Data>\n<Data Name=\"Type\">0</Data>\n<Data Name=\"State\">9</Data>\n<Data Name=\"Category\">1</Data>\n</EventData>\n</Event>\n"
  },
  {
    "EventID": 10001,
    "Timestamp": "2014-02-05 18:20:57.695330+00:00",
    "Computer": "IACIS-HDD-2014",
    "Channel": "Microsoft-Windows-NetworkProfile/Operational",
    "Level": "Information",
    "EventData": {
      "Name": "Network  2",
      "Description": "Network",
      "Guid": "{a18bd810-8272-4622-bd4b-b3bae106b941}",
      "Type": "0",
      "State": "2",
      "Category": "1"
    },
    "RawXml": "<Event xmlns=\"http://schemas.microsoft.com/win/2004/08/events/event\"><System><Provider Name=\"Microsoft-Windows-NetworkProfile\" Guid=\"{fbcfac3f-8459-419f-8e48-1f0b49cdb85e}\"></Provider>\n<EventID Qualifiers=\"\">10001</EventID>\n<Version>0</Version>\n<Level>4</Level>\n<Task>0</Task>\n<Opcode>0</Opcode>\n<Keywords>0x4000200000000000</Keywords>\n<TimeCreated SystemTime=\"2014-02-05 18:20:57.695330+00:00\"></TimeCreated>\n<EventRecordID>68</EventRecordID>\n<Correlation ActivityID=\"\" RelatedActivityID=\"\"></Correlation>\n<Execution ProcessID=\"964\" ThreadID=\"1828\"></Execution>\n<Channel>Microsoft-Windows-NetworkProfile/Operational</Channel>\n<Computer>IACIS-HDD-2014</Computer>\n<Security UserID=\"S-1-5-19\"></Security>\n</System>\n<EventData><Data Name=\"Name\">Network  2</Data>\n<Data Name=\"Description\">Network</Data>\n<Data Name=\"Guid\">{a18bd810-8272-4622-bd4b-b3bae106b941}</Data>\n<Data Name=\"Type\">0</Data>\n<Data Name=\"State\">2</Data>\n<Data Name=\"Category\">1</Data>\n</EventData>\n</Event>\n"
  },
  {
    "EventID": 4001,
    "Timestamp": "2014-02-05 18:21:04.559340+00:00",
    "Computer": "IACIS-HDD-2014",
    "Channel": "Microsoft-Windows-NetworkProfile/Operational",
    "Level": "Information",
    "EventData": {
      "InterfaceGuid": "{78a289b4-f8b9-43c7-8bba-f96e0bbc2185}",
      "CurrentOrNextState": "0"
    },
    "RawXml": "<Event xmlns=\"http://schemas.microsoft.com/win/2004/08/events/event\"><System><Provider Name=\"Microsoft-Windows-NetworkProfile\" Guid=\"{fbcfac3f-8459-419f-8e48-1f0b49cdb85e}\"></Provider>\n<EventID Qualifiers=\"\">4001</EventID>\n<Version>0</Version>\n<Level>4</Level>\n<Task>1</Task>\n<Opcode>1</Opcode>\n<Keywords>0x4000200000000000</Keywords>\n<TimeCreated SystemTime=\"2014-02-05 18:21:04.559340+00:00\"></TimeCreated>\n<EventRecordID>69</EventRecordID>\n<Correlation ActivityID=\"\" RelatedActivityID=\"\"></Correlation>\n<Execution ProcessID=\"964\" ThreadID=\"3424\"></Execution>\n<Channel>Microsoft-Windows-NetworkProfile/Operational</Channel>\n<Computer>IACIS-HDD-2014</Computer>\n<Security UserID=\"S-1-5-19\"></Security>\n</System>\n<EventData><Data Name=\"InterfaceGuid\">{78a289b4-f8b9-43c7-8bba-f96e0bbc2185}</Data>\n<Data Name=\"CurrentOrNextState\">0</Data>\n</EventData>\n</Event>\n"
  },
  {
    "EventID": 10000,
    "Timestamp": "2014-02-05 18:21:04.637341+00:00",
    "Computer": "IACIS-HDD-2014",
    "Channel": "Microsoft-Windows-NetworkProfile/Operational",
    "Level": "Information",
    "EventData": {
      "Name": "Identifying...",
      "Description": "Identifying...",
      "Guid": "{34d622b6-0750-455f-9784-d45243fc8193}",
      "Type": "0",
      "State": "1",
      "Category": "0"
    },
    "RawXml": "<Event xmlns=\"http://schemas.microsoft.com/win/2004/08/events/event\"><System><Provider Name=\"Microsoft-Windows-NetworkProfile\" Guid=\"{fbcfac3f-8459-419f-8e48-1f0b49cdb85e}\"></Provider>\n<EventID Qualifiers=\"\">10000</EventID>\n<Version>0</Version>\n<Level>4</Level>\n<Task>0</Task>\n<Opcode>0</Opcode>\n<Keywords>0x4000200000000000</Keywords>\n<TimeCreated SystemTime=\"2014-02-05 18:21:04.637341+00:00\"></TimeCreated>\n<EventRecordID>70</EventRecordID>\n<Correlation ActivityID=\"\" RelatedActivityID=\"\"></Correlation>\n<Execution ProcessID=\"964\" ThreadID=\"1828\"></Execution>\n<Channel>Microsoft-Windows-NetworkProfile/Operational</Channel>\n<Computer>IACIS-HDD-2014</Computer>\n<Security UserID=\"S-1-5-19\"></Security>\n</System>\n<EventData><Data Name=\"Name\">Identifying...</Data>\n<Data Name=\"Description\">Identifying...</Data>\n<Data Name=\"Guid\">{34d622b6-0750-455f-9784-d45243fc8193}</Data>\n<Data Name=\"Type\">0</Data>\n<Data Name=\"State\">1</Data>\n<Data Name=\"Category\">0</Data>\n</EventData>\n</Event>\n"
  },
  {
    "EventID": 4002,
    "Timestamp": "2014-02-05 18:21:15.182959+00:00",
    "Computer": "IACIS-HDD-2014",
    "Channel": "Microsoft-Windows-NetworkProfile/Operational",
    "Level": "Information",
    "EventData": {
      "InterfaceGuid": "{78a289b4-f8b9-43c7-8bba-f96e0bbc2185}",
      "CurrentOrNextState": "1"
    },
    "RawXml": "<Event xmlns=\"http://schemas.microsoft.com/win/2004/08/events/event\"><System><Provider Name=\"Microsoft-Windows-NetworkProfile\" Guid=\"{fbcfac3f-8459-419f-8e48-1f0b49cdb85e}\"></Provider>\n<EventID Qualifiers=\"\">4002</EventID>\n<Version>0</Version>\n<Level>4</Level>\n<Task>1</Task>\n<Opcode>2</Opcode>\n<Keywords>0x4001200000000000</Keywords>\n<TimeCreated SystemTime=\"2014-02-05 18:21:15.182959+00:00\"></TimeCreated>\n<EventRecordID>71</EventRecordID>\n<Correlation ActivityID=\"\" RelatedActivityID=\"\"></Correlation>\n<Execution ProcessID=\"964\" ThreadID=\"3424\"></Execution>\n<Channel>Microsoft-Windows-NetworkProfile/Operational</Channel>\n<Computer>IACIS-HDD-2014</Computer>\n<Security UserID=\"S-1-5-19\"></Security>\n</System>\n<EventData><Data Name=\"InterfaceGuid\">{78a289b4-f8b9-43c7-8bba-f96e0bbc2185}</Data>\n<Data Name=\"CurrentOrNextState\">1</Data>\n</EventData>\n</Event>\n"
  },
  {
    "EventID": 10000,
    "Timestamp": "2014-02-05 18:21:15.323359+00:00",
    "Computer": "IACIS-HDD-2014",
    "Channel": "Microsoft-Windows-NetworkProfile/Operational",
    "Level": "Information",
    "EventData": {
      "Name": "Network  2",
      "Description": "Network",
      "Guid": "{a18bd810-8272-4622-bd4b-b3bae106b941}",
      "Type": "0",
      "State": "5",
      "Category": "1"
    },
    "RawXml": "<Event xmlns=\"http://schemas.microsoft.com/win/2004/08/events/event\"><System><Provider Name=\"Microsoft-Windows-NetworkProfile\" Guid=\"{fbcfac3f-8459-419f-8e48-1f0b49cdb85e}\"></Provider>\n<EventID Qualifiers=\"\">10000</EventID>\n<Version>0</Version>\n<Level>4</Level>\n<Task>0</Task>\n<Opcode>0</Opcode>\n<Keywords>0x4000200000000000</Keywords>\n<TimeCreated SystemTime=\"2014-02-05 18:21:15.323359+00:00\"></TimeCreated>\n<EventRecordID>72</EventRecordID>\n<Correlation ActivityID=\"\" RelatedActivityID=\"\"></Correlation>\n<Execution ProcessID=\"964\" ThreadID=\"1828\"></Execution>\n<Channel>Microsoft-Windows-NetworkProfile/Operational</Channel>\n<Computer>IACIS-HDD-2014</Computer>\n<Security UserID=\"S-1-5-19\"></Security>\n</System>\n<EventData><Data Name=\"Name\">Network  2</Data>\n<Data Name=\"Description\">Network</Data>\n<Data Name=\"Guid\">{a18bd810-8272-4622-bd4b-b3bae106b941}</Data>\n<Data Name=\"Type\">0</Data>\n<Data Name=\"State\">5</Data>\n<Data Name=\"Category\">1</Data>\n</EventData>\n</Event>\n"
  },
