  {
    "EventID": 59,
    "Timestamp": "2014-01-25 01:50:14.765825+00:00",
    "Computer": "IACIS-HDD-2014",
    "Channel": "Microsoft-Windows-Bits-Client/Operational",
    "Level": "Information",
    "EventData": {
      "transferId": "{171ff4aa-dd26-4d6d-9c62-1339fa92ed82}",
      "name": "WU Client Download",
      "Id": "{fc13c806-6e8e-456d-a346-9ece294762cb}",
      "url": "http://download.windowsupdate.com/msdownload/update/software/secu/2013/11/windows6.1-kb2887069-x64_3eadb359c4af38fd2619c312f97085beced0a04f.psf",
      "peer": "",
      "fileTime": "2013-11-20 01:05:12+00:00",
      "fileLength": "6572674",
      "bytesTotal": "2028",
      "bytesTransferred": "0",
      "bytesTransferredFromPeer": "0"
    },
    "RawXml": "<Event xmlns=\"http://schemas.microsoft.com/win/2004/08/events/event\"><System><Provider Name=\"Microsoft-Windows-Bits-Client\" Guid=\"{ef1cc15b-46c1-414e-bb95-e76b077bd51e}\"></Provider>\n<EventID Qualifiers=\"\">59</EventID>\n<Version>1</Version>\n<Level>4</Level>\n<Task>0</Task>\n<Opcode>1</Opcode>\n<Keywords>0x4000000000000000</Keywords>\n<TimeCreated SystemTime=\"2014-01-25 01:50:14.765825+00:00\"></TimeCreated>\n<EventRecordID>1052</EventRecordID>\n<Correlation ActivityID=\"{171ff4aa-dd26-4d6d-9c62-1339fa92ed82}\" RelatedActivityID=\"\"></Correlation>\n<Execution ProcessID=\"888\" ThreadID=\"2740\"></Execution>\n<Channel>Microsoft-Windows-Bits-Client/Operational</Channel>\n<Computer>IACIS-HDD-2014</Computer>\n<Security UserID=\"S-1-5-18\"></Security>\n</System>\n<EventData><Data Name=\"transferId\">{171ff4aa-dd26-4d6d-9c62-1339fa92ed82}</Data>\n<Data Name=\"name\">WU Client Download</Data>\n<Data Name=\"Id\">{fc13c806-6e8e-456d-a346-9ece294762cb}</Data>\n<Data Name=\"url\">http://download.windowsupdate.com/msdownload/update/software/secu/2013/11/windows6.1-kb2887069-x64_3eadb359c4af38fd2619c312f97085beced0a04f.psf</Data>\n<Data Name=\"peer\"></Data>\n<Data Name=\"fileTime\">2013-11-20 01:05:12+00:00</Data>\n<Data Name=\"fileLength\">6572674</Data>\n<Data Name=\"bytesTotal\">2028</Data>\n<Data Name=\"bytesTransferred\">0</Data>\n<Data Name=\"bytesTransferredFromPeer\">0</Data>\n</EventData>\n</Event>\n"
  },
  {
    "EventID": 59,
    "Timestamp": "2014-01-25 01:50:14.781425+00:00",
    "Computer": "IACIS-HDD-2014",
    "Channel": "Microsoft-Windows-Bits-Client/Operational",
    "Level": "Information",
    "EventData": {
      "transferId": "{8b0bc42d-c97e-4a77-9126-17c47c4e0b4d}",
      "name": "WU Client Download",
      "Id": "{f33b0f88-254b-4629-86c4-e34c7125ada5}",
      "url": "http://download.windowsupdate.com/msdownload/update/software/secu/2012/04/windows6.1-kb2690533-x64_e2efba20d2b96c54b008bec95b7e6a89a0dd1f7f.psf",
      "peer": "",
      "fileTime": "2012-04-17 19:55:33+00:00",
      "fileLength": "494071",
      "bytesTotal": "5855",
      "bytesTransferred": "0",
      "bytesTransferredFromPeer": "0"
    },
    "RawXml": "<Event xmlns=\"http://schemas.microsoft.com/win/2004/08/events/event\"><System><Provider Name=\"Microsoft-Windows-Bits-Client\" Guid=\"{ef1cc15b-46c1-414e-bb95-e76b077bd51e}\"></Provider>\n<EventID Qualifiers=\"\">59</EventID>\n<Version>1</Version>\n<Level>4</Level>\n<Task>0</Task>\n<Opcode>1</Opcode>\n<Keywords>0x4000000000000000</Keywords>\n<TimeCreated SystemTime=\"2014-01-25 01:50:14.781425+00:00\"></TimeCreated>\n<EventRecordID>1053</EventRecordID>\n<Correlation ActivityID=\"{8b0bc42d-c97e-4a77-9126-17c47c4e0b4d}\" RelatedActivityID=\"\"></Correlation>\n<Execution ProcessID=\"888\" ThreadID=\"2740\"></Execution>\n<Channel>Microsoft-Windows-Bits-Client/Operational</Channel>\n<Computer>IACIS-HDD-2014</Computer>\n<Security UserID=\"S-1-5-18\"></Security>\n</System>\n<EventData><Data Name=\"transferId\">{8b0bc42d-c97e-4a77-9126-17c47c4e0b4d}</Data>\n<Data Name=\"name\">WU Client Download</Data>\n<Data Name=\"Id\">{f33b0f88-254b-4629-86c4-e34c7125ada5}</Data>\n<Data Name=\"url\">http://download.windowsupdate.com/msdownload/update/software/secu/2012/04/windows6.1-kb2690533-x64_e2efba20d2b96c54b008bec95b7e6a89a0dd1f7f.psf</Data>\n<Data Name=\"peer\"></Data>\n<Data Name=\"fileTime\">2012-04-17 19:55:33+00:00</Data>\n<Data Name=\"fileLength\">494071</Data>\n<Data Name=\"bytesTotal\">5855</Data>\n<Data Name=\"bytesTransferred\">0</Data>\n<Data Name=\"bytesTransferredFromPeer\">0</Data>\n</EventData>\n</Event>\n"
  },
  {
    "EventID": 59,
    "Timestamp": "2014-01-25 01:50:14.797026+00:00",
    "Computer": "IACIS-HDD-2014",
    "Channel": "Microsoft-Windows-Bits-Client/Operational",
    "Level": "Information",
    "EventData": {
      "transferId": "{f3deb2a8-79e0-4511-93a1-b53946a4287b}",
      "name": "WU Client Download",
      "Id": "{cb74f789-27fe-49a6-884c-513e5c4a591f}",
      "url": "http://download.windowsupdate.com/msdownload/update/software/secu/2013/06/windows6.1-kb2847927-x64_6dfc8718853c1b7b0099960521822d156f28c4ef.psf",
      "peer": "",
      "fileTime": "2013-06-18 19:00:36+00:00",
      "fileLength": "18935592",
      "bytesTotal": "26653",
      "bytesTransferred": "0",
      "bytesTransferredFromPeer": "0"
    },
    "RawXml": "<Event xmlns=\"http://schemas.microsoft.com/win/2004/08/events/event\"><System><Provider Name=\"Microsoft-Windows-Bits-Client\" Guid=\"{ef1cc15b-46c1-414e-bb95-e76b077bd51e}\"></Provider>\n<EventID Qualifiers=\"\">59</EventID>\n<Version>1</Version>\n<Level>4</Level>\n<Task>0</Task>\n<Opcode>1</Opcode>\n<Keywords>0x4000000000000000</Keywords>\n<TimeCreated SystemTime=\"2014-01-25 01:50:14.797026+00:00\"></TimeCreated>\n<EventRecordID>1054</EventRecordID>\n<Correlation ActivityID=\"{f3deb2a8-79e0-4511-93a1-b53946a4287b}\" RelatedActivityID=\"\"></Correlation>\n<Execution ProcessID=\"888\" ThreadID=\"2740\"></Execution>\n<Channel>Microsoft-Windows-Bits-Client/Operational</Channel>\n<Computer>IACIS-HDD-2014</Computer>\n<Security UserID=\"S-1-5-18\"></Security>\n</System>\n<EventData><Data Name=\"transferId\">{f3deb2a8-79e0-4511-93a1-b53946a4287b}</Data>\n<Data Name=\"name\">WU Client Download</Data>\n<Data Name=\"Id\">{cb74f789-27fe-49a6-884c-513e5c4a591f}</Data>\n<Data Name=\"url\">http://download.windowsupdate.com/msdownload/update/software/secu/2013/06/windows6.1-kb2847927-x64_6dfc8718853c1b7b0099960521822d156f28c4ef.psf</Data>\n<Data Name=\"peer\"></Data>\n<Data Name=\"fileTime\">2013-06-18 19:00:36+00:00</Data>\n<Data Name=\"fileLength\">18935592</Data>\n<Data Name=\"bytesTotal\">26653</Data>\n<Data Name=\"bytesTransferred\">0</Data>\n<Data Name=\"bytesTransferredFromPeer\">0</Data>\n</EventData>\n</Event>\n"
  },
  {
    "EventID": 59,
    "Timestamp": "2014-01-25 01:50:14.812626+00:00",
    "Computer": "IACIS-HDD-2014",
    "Channel": "Microsoft-Windows-Bits-Client/Operational",
    "Level": "Information",
    "EventData": {
      "transferId": "{00f8c13b-17f1-4ff2-8dfc-15d6caa48b22}",
      "name": "WU Client Download",
      "Id": "{e4e81e1a-6041-4647-88d3-bf398bb1c070}",
      "url": "http://download.windowsupdate.com/msdownload/update/software/secu/2013/08/windows6.1-kb2861698-x64_c8d38d2ff23b240537b699da8d050cb90bc054d5.psf",
      "peer": "",
      "fileTime": "2013-08-20 07:37:40+00:00",
      "fileLength": "6326804",
      "bytesTotal": "92086",
      "bytesTransferred": "0",
      "bytesTransferredFromPeer": "0"
    },
    "RawXml": "<Event xmlns=\"http://schemas.microsoft.com/win/2004/08/events/event\"><System><Provider Name=\"Microsoft-Windows-Bits-Client\" Guid=\"{ef1cc15b-46c1-414e-bb95-e76b077bd51e}\"></Provider>\n<EventID Qualifiers=\"\">59</EventID>\n<Version>1</Version>\n<Level>4</Level>\n<Task>0</Task>\n<Opcode>1</Opcode>\n<Keywords>0x4000000000000000</Keywords>\n<TimeCreated SystemTime=\"2014-01-25 01:50:14.812626+00:00\"></TimeCreated>\n<EventRecordID>1055</EventRecordID>\n<Correlation ActivityID=\"{00f8c13b-17f1-4ff2-8dfc-15d6caa48b22}\" RelatedActivityID=\"\"></Correlation>\n<Execution ProcessID=\"888\" ThreadID=\"2740\"></Execution>\n<Channel>Microsoft-Windows-Bits-Client/Operational</Channel>\n<Computer>IACIS-HDD-2014</Computer>\n<Security UserID=\"S-1-5-18\"></Security>\n</System>\n<EventData><Data Name=\"transferId\">{00f8c13b-17f1-4ff2-8dfc-15d6caa48b22}</Data>\n<Data Name=\"name\">WU Client Download</Data>\n<Data Name=\"Id\">{e4e81e1a-6041-4647-88d3-bf398bb1c070}</Data>\n<Data Name=\"url\">http://download.windowsupdate.com/msdownload/update/software/secu/2013/08/windows6.1-kb2861698-x64_c8d38d2ff23b240537b699da8d050cb90bc054d5.psf</Data>\n<Data Name=\"peer\"></Data>\n<Data Name=\"fileTime\">2013-08-20 07:37:40+00:00</Data>\n<Data Name=\"fileLength\">6326804</Data>\n<Data Name=\"bytesTotal\">92086</Data>\n<Data Name=\"bytesTransferred\">0</Data>\n<Data Name=\"bytesTransferredFromPeer\">0</Data>\n</EventData>\n</Event>\n"
  },
  {
    "EventID": 59,
    "Timestamp": "2014-01-25 01:50:14.828224+00:00",
    "Computer": "IACIS-HDD-2014",
    "Channel": "Microsoft-Windows-Bits-Client/Operational",
    "Level": "Information",
    "EventData": {
      "transferId": "{215bbc09-a4a3-42c8-8a1c-2b84b0841efd}",
      "name": "WU Client Download",
      "Id": "{983c3d13-e07f-445d-89cb-c70c9ea92c17}",
      "url": "http://download.windowsupdate.com/msdownload/update/software/secu/2013/06/windows6.1-kb2845187-x64_ef3d35e23e485a0839f24263e9cfc0efe0dc83b1.psf",
      "peer": "",
      "fileTime": "2013-06-19 01:58:41+00:00",
      "fileLength": "4111592",
      "bytesTotal": "3410",
      "bytesTransferred": "0",
      "bytesTransferredFromPeer": "0"
    },
    "RawXml": "<Event xmlns=\"http://schemas.microsoft.com/win/2004/08/events/event\"><System><Provider Name=\"Microsoft-Windows-Bits-Client\" Guid=\"{ef1cc15b-46c1-414e-bb95-e76b077bd51e}\"></Provider>\n<EventID Qualifiers=\"\">59</EventID>\n<Version>1</Version>\n<Level>4</Level>\n<Task>0</Task>\n<Opcode>1</Opcode>\n<Keywords>0x4000000000000000</Keywords>\n<TimeCreated SystemTime=\"2014-01-25 01:50:14.828224+00:00\"></TimeCreated>\n<EventRecordID>1056</EventRecordID>\n<Correlation ActivityID=\"{215bbc09-a4a3-42c8-8a1c-2b84b0841efd}\" RelatedActivityID=\"\"></Correlation>\n<Execution ProcessID=\"888\" ThreadID=\"2740\"></Execution>\n<Channel>Microsoft-Windows-Bits-Client/Operational</Channel>\n<Computer>IACIS-HDD-2014</Computer>\n<Security UserID=\"S-1-5-18\"></Security>\n</System>\n<EventData><Data Name=\"transferId\">{215bbc09-a4a3-42c8-8a1c-2b84b0841efd}</Data>\n<Data Name=\"name\">WU Client Download</Data>\n<Data Name=\"Id\">{983c3d13-e07f-445d-89cb-c70c9ea92c17}</Data>\n<Data Name=\"url\">http://download.windowsupdate.com/msdownload/update/software/secu/2013/06/windows6.1-kb2845187-x64_ef3d35e23e485a0839f24263e9cfc0efe0dc83b1.psf</Data>\n<Data Name=\"peer\"></Data>\n<Data Name=\"fileTime\">2013-06-19 01:58:41+00:00</Data>\n<Data Name=\"fileLength\">4111592</Data>\n<Data Name=\"bytesTotal\">3410</Data>\n<Data Name=\"bytesTransferred\">0</Data>\n<Data Name=\"bytesTransferredFromPeer\">0</Data>\n</EventData>\n</Event>\n"
  },
  {
    "EventID": 59,
    "Timestamp": "2014-01-25 01:50:14.843824+00:00",
    "Computer": "IACIS-HDD-2014",
    "Channel": "Microsoft-Windows-Bits-Client/Operational",
    "Level": "Information",
    "EventData": {
      "transferId": "{72a0980c-77eb-42df-870c-2230298ca0da}",
      "name": "WU Client Download",
      "Id": "{e3b7ba4e-2138-41f8-9f1d-34675beab629}",
      "url": "http://download.windowsupdate.com/msdownload/update/software/secu/2011/03/windows6.1-kb2506212-x64_e9d5fd1f4e2ad662b0ee19e920c2a3cc5701daed.psf",
      "peer": "",
      "fileTime": "2011-03-16 01:10:49+00:00",
      "fileLength": "21493607",
      "bytesTotal": "152109",
      "bytesTransferred": "0",
      "bytesTransferredFromPeer": "0"
    },
    "RawXml": "<Event xmlns=\"http://schemas.microsoft.com/win/2004/08/events/event\"><System><Provider Name=\"Microsoft-Windows-Bits-Client\" Guid=\"{ef1cc15b-46c1-414e-bb95-e76b077bd51e}\"></Provider>\n<EventID Qualifiers=\"\">59</EventID>\n<Version>1</Version>\n<Level>4</Level>\n<Task>0</Task>\n<Opcode>1</Opcode>\n<Keywords>0x4000000000000000</Keywords>\n<TimeCreated SystemTime=\"2014-01-25 01:50:14.843824+00:00\"></TimeCreated>\n<EventRecordID>1057</EventRecordID>\n<Correlation ActivityID=\"{72a0980c-77eb-42df-870c-2230298ca0da}\" RelatedActivityID=\"\"></Correlation>\n<Execution ProcessID=\"888\" ThreadID=\"2740\"></Execution>\n<Channel>Microsoft-Windows-Bits-Client/Operational</Channel>\n<Computer>IACIS-HDD-2014</Computer>\n<Security UserID=\"S-1-5-18\"></Security>\n</System>\n<EventData><Data Name=\"transferId\">{72a0980c-77eb-42df-870c-2230298ca0da}</Data>\n<Data Name=\"name\">WU Client Download</Data>\n<Data Name=\"Id\">{e3b7ba4e-2138-41f8-9f1d-34675beab629}</Data>\n<Data Name=\"url\">http://download.windowsupdate.com/msdownload/update/software/secu/2011/03/windows6.1-kb2506212-x64_e9d5fd1f4e2ad662b0ee19e920c2a3cc5701daed.psf</Data>\n<Data Name=\"peer\"></Data>\n<Data Name=\"fileTime\">2011-03-16 01:10:49+00:00</Data>\n<Data Name=\"fileLength\">21493607</Data>\n<Data Name=\"bytesTotal\">152109</Data>\n<Data Name=\"bytesTransferred\">0</Data>\n<Data Name=\"bytesTransferredFromPeer\">0</Data>\n</EventData>\n</Event>\n"
  },
  {
    "EventID": 59,
    "Timestamp": "2014-01-25 01:50:14.859425+00:00",
    "Computer": "IACIS-HDD-2014",
    "Channel": "Microsoft-Windows-Bits-Client/Operational",
    "Level": "Information",
    "EventData": {
      "transferId": "{691237a6-68f5-4943-9939-d31932acad59}",
      "name": "WU Client Download",
      "Id": "{6dffae1c-ed79-44a6-bb56-31a2aac0f9cd}",
      "url": "http://download.windowsupdate.com/msdownload/update/software/secu/2013/09/windows6.1-kb2847311-x64_3aa7fda613a2e104f2aa8c0ebcbc93e0ba8f5997.psf",
      "peer": "",
      "fileTime": "2013-09-18 00:04:12+00:00",
      "fileLength": "7860490",
      "bytesTotal": "62732",
      "bytesTransferred": "0",
      "bytesTransferredFromPeer": "0"
    },
    "RawXml": "<Event xmlns=\"http://schemas.microsoft.com/win/2004/08/events/event\"><System><Provider Name=\"Microsoft-Windows-Bits-Client\" Guid=\"{ef1cc15b-46c1-414e-bb95-e76b077bd51e}\"></Provider>\n<EventID Qualifiers=\"\">59</EventID>\n<Version>1</Version>\n<Level>4</Level>\n<Task>0</Task>\n<Opcode>1</Opcode>\n<Keywords>0x4000000000000000</Keywords>\n<TimeCreated SystemTime=\"2014-01-25 01:50:14.859425+00:00\"></TimeCreated>\n<EventRecordID>1058</EventRecordID>\n<Correlation ActivityID=\"{691237a6-68f5-4943-9939-d31932acad59}\" RelatedActivityID=\"\"></Correlation>\n<Execution ProcessID=\"888\" ThreadID=\"2740\"></Execution>\n<Channel>Microsoft-Windows-Bits-Client/Operational</Channel>\n<Computer>IACIS-HDD-2014</Computer>\n<Security UserID=\"S-1-5-18\"></Security>\n</System>\n<EventData><Data Name=\"transferId\">{691237a6-68f5-4943-9939-d31932acad59}</Data>\n<Data Name=\"name\">WU Client Download</Data>\n<Data Name=\"Id\">{6dffae1c-ed79-44a6-bb56-31a2aac0f9cd}</Data>\n<Data Name=\"url\">http://download.windowsupdate.com/msdownload/update/software/secu/2013/09/windows6.1-kb2847311-x64_3aa7fda613a2e104f2aa8c0ebcbc93e0ba8f5997.psf</Data>\n<Data Name=\"peer\"></Data>\n<Data Name=\"fileTime\">2013-09-18 00:04:12+00:00</Data>\n<Data Name=\"fileLength\">7860490</Data>\n<Data Name=\"bytesTotal\">62732</Data>\n<Data Name=\"bytesTransferred\">0</Data>\n<Data Name=\"bytesTransferredFromPeer\">0</Data>\n</EventData>\n</Event>\n"
  },
  {
    "EventID": 59,
    "Timestamp": "2014-01-25 01:50:14.875025+00:00",
    "Computer": "IACIS-HDD-2014",
    "Channel": "Microsoft-Windows-Bits-Client/Operational",
    "Level": "Information",
    "EventData": {
      "transferId": "{47369e3f-9d83-4b68-aaff-444b38be208f}",
      "name": "WU Client Download",
      "Id": "{126b46c9-1ba9-4ccb-9bd4-31bbb799f178}",
      "url": "http://download.windowsupdate.com/msdownload/update/software/secu/2012/12/windows6.1-kb2757638-x64_437827ecd5c230b03dcf5e82575122bf3d2043f7.psf",
      "peer": "",
      "fileTime": "2012-12-10 17:04:58+00:00",
      "fileLength": "67377094",
      "bytesTotal": "192420",
      "bytesTransferred": "0",
      "bytesTransferredFromPeer": "0"
    },
    "RawXml": "<Event xmlns=\"http://schemas.microsoft.com/win/2004/08/events/event\"><System><Provider Name=\"Microsoft-Windows-Bits-Client\" Guid=\"{ef1cc15b-46c1-414e-bb95-e76b077bd51e}\"></Provider>\n<EventID Qualifiers=\"\">59</EventID>\n<Version>1</Version>\n<Level>4</Level>\n<Task>0</Task>\n<Opcode>1</Opcode>\n<Keywords>0x4000000000000000</Keywords>\n<TimeCreated SystemTime=\"2014-01-25 01:50:14.875025+00:00\"></TimeCreated>\n<EventRecordID>1059</EventRecordID>\n<Correlation ActivityID=\"{47369e3f-9d83-4b68-aaff-444b38be208f}\" RelatedActivityID=\"\"></Correlation>\n<Execution ProcessID=\"888\" ThreadID=\"2740\"></Execution>\n<Channel>Microsoft-Windows-Bits-Client/Operational</Channel>\n<Computer>IACIS-HDD-2014</Computer>\n<Security UserID=\"S-1-5-18\"></Security>\n</System>\n<EventData><Data Name=\"transferId\">{47369e3f-9d83-4b68-aaff-444b38be208f}</Data>\n<Data Name=\"name\">WU Client Download</Data>\n<Data Name=\"Id\">{126b46c9-1ba9-4ccb-9bd4-31bbb799f178}</Data>\n<Data Name=\"url\">http://download.windowsupdate.com/msdownload/update/software/secu/2012/12/windows6.1-kb2757638-x64_437827ecd5c230b03dcf5e82575122bf3d2043f7.psf</Data>\n<Data Name=\"peer\"></Data>\n<Data Name=\"fileTime\">2012-12-10 17:04:58+00:00</Data>\n<Data Name=\"fileLength\">67377094</Data>\n<Data Name=\"bytesTotal\">192420</Data>\n<Data Name=\"bytesTransferred\">0</Data>\n<Data Name=\"bytesTransferredFromPeer\">0</Data>\n</EventData>\n</Event>\n"
  },
  {
    "EventID": 59,
    "Timestamp": "2014-01-25 01:50:14.890625+00:00",
    "Computer": "IACIS-HDD-2014",
    "Channel": "Microsoft-Windows-Bits-Client/Operational",
    "Level": "Information",
    "EventData": {
      "transferId": "{9b6d7248-f881-46c2-8e78-e970f7081f90}",
      "name": "WU Client Download",
      "Id": "{52562ae1-deed-40d4-b1ae-3182ba8b9f8c}",
      "url": "http://download.windowsupdate.com/msdownload/update/software/secu/2012/05/windows6.1-kb2667402-v2-x64_77b18af95f5745f6a59afa1aa0b317247390b3a6.psf",
      "peer": "",
      "fileTime": "2012-05-23 23:24:28+00:00",
      "fileLength": "1294233",
      "bytesTotal": "6556",
      "bytesTransferred": "0",
      "bytesTransferredFromPeer": "0"
    },
    "RawXml": "<Event xmlns=\"http://schemas.microsoft.com/win/2004/08/events/event\"><System><Provider Name=\"Microsoft-Windows-Bits-Client\" Guid=\"{ef1cc15b-46c1-414e-bb95-e76b077bd51e}\"></Provider>\n<EventID Qualifiers=\"\">59</EventID>\n<Version>1</Version>\n<Level>4</Level>\n<Task>0</Task>\n<Opcode>1</Opcode>\n<Keywords>0x4000000000000000</Keywords>\n<TimeCreated SystemTime=\"2014-01-25 01:50:14.890625+00:00\"></TimeCreated>\n<EventRecordID>1060</EventRecordID>\n<Correlation ActivityID=\"{9b6d7248-f881-46c2-8e78-e970f7081f90}\" RelatedActivityID=\"\"></Correlation>\n<Execution ProcessID=\"888\" ThreadID=\"2740\"></Execution>\n<Channel>Microsoft-Windows-Bits-Client/Operational</Channel>\n<Computer>IACIS-HDD-2014</Computer>\n<Security UserID=\"S-1-5-18\"></Security>\n</System>\n<EventData><Data Name=\"transferId\">{9b6d7248-f881-46c2-8e78-e970f7081f90}</Data>\n<Data Name=\"name\">WU Client Download</Data>\n<Data Name=\"Id\">{52562ae1-deed-40d4-b1ae-3182ba8b9f8c}</Data>\n<Data Name=\"url\">http://download.windowsupdate.com/msdownload/update/software/secu/2012/05/windows6.1-kb2667402-v2-x64_77b18af95f5745f6a59afa1aa0b317247390b3a6.psf</Data>\n<Data Name=\"peer\"></Data>\n<Data Name=\"fileTime\">2012-05-23 23:24:28+00:00</Data>\n<Data Name=\"fileLength\">1294233</Data>\n<Data Name=\"bytesTotal\">6556</Data>\n<Data Name=\"bytesTransferred\">0</Data>\n<Data Name=\"bytesTransferredFromPeer\">0</Data>\n</EventData>\n</Event>\n"
  },
  {
    "EventID": 59,
    "Timestamp": "2014-01-25 01:50:14.906225+00:00",
    "Computer": "IACIS-HDD-2014",
    "Channel": "Microsoft-Windows-Bits-Client/Operational",
    "Level": "Information",
    "EventData": {
      "transferId": "{dbf7b08c-7b2b-4f74-8369-eb3660b89b18}",
      "name": "WU Client Download",
      "Id": "{d10b4f85-0f28-4067-8153-e45c7db4868c}",
      "url": "http://download.windowsupdate.com/msdownload/update/software/secu/2012/04/windows6.1-kb2676562-x64_01929ae0d75ebbf37338cb5f2fe6fce2c23716a6.psf",
      "peer": "",
      "fileTime": "2012-04-09 19:33:58+00:00",
      "fileLength": "155012898",
      "bytesTotal": "330158",
      "bytesTransferred": "0",
      "bytesTransferredFromPeer": "0"
    },
    "RawXml": "<Event xmlns=\"http://schemas.microsoft.com/win/2004/08/events/event\"><System><Provider Name=\"Microsoft-Windows-Bits-Client\" Guid=\"{ef1cc15b-46c1-414e-bb95-e76b077bd51e}\"></Provider>\n<EventID Qualifiers=\"\">59</EventID>\n<Version>1</Version>\n<Level>4</Level>\n<Task>0</Task>\n<Opcode>1</Opcode>\n<Keywords>0x4000000000000000</Keywords>\n<TimeCreated SystemTime=\"2014-01-25 01:50:14.906225+00:00\"></TimeCreated>\n<EventRecordID>1061</EventRecordID>\n<Correlation ActivityID=\"{dbf7b08c-7b2b-4f74-8369-eb3660b89b18}\" RelatedActivityID=\"\"></Correlation>\n<Execution ProcessID=\"888\" ThreadID=\"2740\"></Execution>\n<Channel>Microsoft-Windows-Bits-Client/Operational</Channel>\n<Computer>IACIS-HDD-2014</Computer>\n<Security UserID=\"S-1-5-18\"></Security>\n</System>\n<EventData><Data Name=\"transferId\">{dbf7b08c-7b2b-4f74-8369-eb3660b89b18}</Data>\n<Data Name=\"name\">WU Client Download</Data>\n<Data Name=\"Id\">{d10b4f85-0f28-4067-8153-e45c7db4868c}</Data>\n<Data Name=\"url\">http://download.windowsupdate.com/msdownload/update/software/secu/2012/04/windows6.1-kb2676562-x64_01929ae0d75ebbf37338cb5f2fe6fce2c23716a6.psf</Data>\n<Data Name=\"peer\"></Data>\n<Data Name=\"fileTime\">2012-04-09 19:33:58+00:00</Data>\n<Data Name=\"fileLength\">155012898</Data>\n<Data Name=\"bytesTotal\">330158</Data>\n<Data Name=\"bytesTransferred\">0</Data>\n<Data Name=\"bytesTransferredFromPeer\">0</Data>\n</EventData>\n</Event>\n"
  },
  {
    "EventID": 59,
    "Timestamp": "2014-01-25 01:50:14.921825+00:00",
    "Computer": "IACIS-HDD-2014",
    "Channel": "Microsoft-Windows-Bits-Client/Operational",
    "Level": "Information",
    "EventData": {
      "transferId": "{0f2de7fd-02d2-49d1-9937-8d960be28e1a}",
      "name": "WU Client Download",
      "Id": "{d92087a7-40f3-4fd7-ad4d-6bdc59e7e462}",
      "url": "http://download.windowsupdate.com/msdownload/update/software/secu/2012/11/windows6.1-kb2770660-x64_f3f9666d34e14ee20a729b40a28a59e290907815.psf",
      "peer": "",
      "fileTime": "2012-11-20 05:40:02+00:00",
      "fileLength": "7512807",
      "bytesTotal": "1852",
      "bytesTransferred": "0",
      "bytesTransferredFromPeer": "0"
    },
    "RawXml": "<Event xmlns=\"http://schemas.microsoft.com/win/2004/08/events/event\"><System><Provider Name=\"Microsoft-Windows-Bits-Client\" Guid=\"{ef1cc15b-46c1-414e-bb95-e76b077bd51e}\"></Provider>\n<EventID Qualifiers=\"\">59</EventID>\n<Version>1</Version>\n<Level>4</Level>\n<Task>0</Task>\n<Opcode>1</Opcode>\n<Keywords>0x4000000000000000</Keywords>\n<TimeCreated SystemTime=\"2014-01-25 01:50:14.921825+00:00\"></TimeCreated>\n<EventRecordID>1062</EventRecordID>\n<Correlation ActivityID=\"{0f2de7fd-02d2-49d1-9937-8d960be28e1a}\" RelatedActivityID=\"\"></Correlation>\n<Execution ProcessID=\"888\" ThreadID=\"2740\"></Execution>\n<Channel>Microsoft-Windows-Bits-Client/Operational</Channel>\n<Computer>IACIS-HDD-2014</Computer>\n<Security UserID=\"S-1-5-18\"></Security>\n</System>\n<EventData><Data Name=\"transferId\">{0f2de7fd-02d2-49d1-9937-8d960be28e1a}</Data>\n<Data Name=\"name\">WU Client Download</Data>\n<Data Name=\"Id\">{d92087a7-40f3-4fd7-ad4d-6bdc59e7e462}</Data>\n<Data Name=\"url\">http://download.windowsupdate.com/msdownload/update/software/secu/2012/11/windows6.1-kb2770660-x64_f3f9666d34e14ee20a729b40a28a59e290907815.psf</Data>\n<Data Name=\"peer\"></Data>\n<Data Name=\"fileTime\">2012-11-20 05:40:02+00:00</Data>\n<Data Name=\"fileLength\">7512807</Data>\n<Data Name=\"bytesTotal\">1852</Data>\n<Data Name=\"bytesTransferred\">0</Data>\n<Data Name=\"bytesTransferredFromPeer\">0</Data>\n</EventData>\n</Event>\n"
  },
  {
    "EventID": 59,
    "Timestamp": "2014-01-25 01:50:14.937426+00:00",
    "Computer": "IACIS-HDD-2014",
    "Channel": "Microsoft-Windows-Bits-Client/Operational",
    "Level": "Information",
    "EventData": {
      "transferId": "{ea2de895-7313-48d3-ba2b-6ccce468f2ba}",
      "name": "WU Client Download",
      "Id": "{9e96784d-19b9-4bfe-9676-3b997b5b4ced}",
      "url": "http://download.windowsupdate.com/msdownload/update/software/secu/2012/05/windows6.1-kb2685939-x64_87a3833a2a601f0a2f8c81e9a9ac6325e8d13d2d.psf",
      "peer": "",
      "fileTime": "2012-05-31 04:15:27+00:00",
      "fileLength": "6177542",
      "bytesTotal": "23552",
      "bytesTransferred": "0",
      "bytesTransferredFromPeer": "0"
    },
    "RawXml": "<Event xmlns=\"http://schemas.microsoft.com/win/2004/08/events/event\"><System><Provider Name=\"Microsoft-Windows-Bits-Client\" Guid=\"{ef1cc15b-46c1-414e-bb95-e76b077bd51e}\"></Provider>\n<EventID Qualifiers=\"\">59</EventID>\n<Version>1</Version>\n<Level>4</Level>\n<Task>0</Task>\n<Opcode>1</Opcode>\n<Keywords>0x4000000000000000</Keywords>\n<TimeCreated SystemTime=\"2014-01-25 01:50:14.937426+00:00\"></TimeCreated>\n<EventRecordID>1063</EventRecordID>\n<Correlation ActivityID=\"{ea2de895-7313-48d3-ba2b-6ccce468f2ba}\" RelatedActivityID=\"\"></Correlation>\n<Execution ProcessID=\"888\" ThreadID=\"2740\"></Execution>\n<Channel>Microsoft-Windows-Bits-Client/Operational</Channel>\n<Computer>IACIS-HDD-2014</Computer>\n<Security UserID=\"S-1-5-18\"></Security>\n</System>\n<EventData><Data Name=\"transferId\">{ea2de895-7313-48d3-ba2b-6ccce468f2ba}</Data>\n<Data Name=\"name\">WU Client Download</Data>\n<Data Name=\"Id\">{9e96784d-19b9-4bfe-9676-3b997b5b4ced}</Data>\n<Data Name=\"url\">http://download.windowsupdate.com/msdownload/update/software/secu/2012/05/windows6.1-kb2685939-x64_87a3833a2a601f0a2f8c81e9a9ac6325e8d13d2d.psf</Data>\n<Data Name=\"peer\"></Data>\n<Data Name=\"fileTime\">2012-05-31 04:15:27+00:00</Data>\n<Data Name=\"fileLength\">6177542</Data>\n<Data Name=\"bytesTotal\">23552</Data>\n<Data Name=\"bytesTransferred\">0</Data>\n<Data Name=\"bytesTransferredFromPeer\">0</Data>\n</EventData>\n</Event>\n"
  },
  {
    "EventID": 59,
    "Timestamp": "2014-01-25 01:50:14.953026+00:00",
    "Computer": "IACIS-HDD-2014",
    "Channel": "Microsoft-Windows-Bits-Client/Operational",
    "Level": "Information",
    "EventData": {
      "transferId": "{6f4bdcc0-d66d-4ba4-8506-2aee555a6eaf}",
      "name": "WU Client Download",
      "Id": "{acb4800c-05e4-4ed6-837b-7b06d2cdc465}",
      "url": "http://download.windowsupdate.com/msdownload/update/software/secu/2013/12/windows6.1-kb2862330-v2-x64_beb4077f1fb7a36b5bf30326a6000c1e4be73ca5.psf",
      "peer": "",
      "fileTime": "2013-12-04 21:10:56+00:00",
      "fileLength": "3847018",
      "bytesTotal": "15599",
      "bytesTransferred": "0",
      "bytesTransferredFromPeer": "0"
    },
    "RawXml": "<Event xmlns=\"http://schemas.microsoft.com/win/2004/08/events/event\"><System><Provider Name=\"Microsoft-Windows-Bits-Client\" Guid=\"{ef1cc15b-46c1-414e-bb95-e76b077bd51e}\"></Provider>\n<EventID Qualifiers=\"\">59</EventID>\n<Version>1</Version>\n<Level>4</Level>\n<Task>0</Task>\n<Opcode>1</Opcode>\n<Keywords>0x4000000000000000</Keywords>\n<TimeCreated SystemTime=\"2014-01-25 01:50:14.953026+00:00\"></TimeCreated>\n<EventRecordID>1064</EventRecordID>\n<Correlation ActivityID=\"{6f4bdcc0-d66d-4ba4-8506-2aee555a6eaf}\" RelatedActivityID=\"\"></Correlation>\n<Execution ProcessID=\"888\" ThreadID=\"2740\"></Execution>\n<Channel>Microsoft-Windows-Bits-Client/Operational</Channel>\n<Computer>IACIS-HDD-2014</Computer>\n<Security UserID=\"S-1-5-18\"></Security>\n</System>\n<EventData><Data Name=\"transferId\">{6f4bdcc0-d66d-4ba4-8506-2aee555a6eaf}</Data>\n<Data Name=\"name\">WU Client Download</Data>\n<Data Name=\"Id\">{acb4800c-05e4-4ed6-837b-7b06d2cdc465}</Data>\n<Data Name=\"url\">http://download.windowsupdate.com/msdownload/update/software/secu/2013/12/windows6.1-kb2862330-v2-x64_beb4077f1fb7a36b5bf30326a6000c1e4be73ca5.psf</Data>\n<Data Name=\"peer\"></Data>\n<Data Name=\"fileTime\">2013-12-04 21:10:56+00:00</Data>\n<Data Name=\"fileLength\">3847018</Data>\n<Data Name=\"bytesTotal\">15599</Data>\n<Data Name=\"bytesTransferred\">0</Data>\n<Data Name=\"bytesTransferredFromPeer\">0</Data>\n</EventData>\n</Event>\n"
  },
  {
    "EventID": 59,
    "Timestamp": "2014-01-25 01:50:14.968624+00:00",
    "Computer": "IACIS-HDD-2014",
    "Channel": "Microsoft-Windows-Bits-Client/Operational",
    "Level": "Information",
    "EventData": {
      "transferId": "{d92ddb32-bd68-4e93-b1c6-53a2d1fea7f5}",
      "name": "WU Client Download",
      "Id": "{4347a176-a7d6-4939-b3fc-885475678320}",
      "url": "http://download.windowsupdate.com/msdownload/update/software/secu/2013/07/windows6.1-kb2868038-x64_f43c6f9662e00bede34fa3430dd7bc2167854cc5.psf",
      "peer": "",
      "fileTime": "2013-07-22 23:37:34+00:00",
      "fileLength": "2050969",
      "bytesTotal": "6165",
      "bytesTransferred": "0",
      "bytesTransferredFromPeer": "0"
    },
    "RawXml": "<Event xmlns=\"http://schemas.microsoft.com/win/2004/08/events/event\"><System><Provider Name=\"Microsoft-Windows-Bits-Client\" Guid=\"{ef1cc15b-46c1-414e-bb95-e76b077bd51e}\"></Provider>\n<EventID Qualifiers=\"\">59</EventID>\n<Version>1</Version>\n<Level>4</Level>\n<Task>0</Task>\n<Opcode>1</Opcode>\n<Keywords>0x4000000000000000</Keywords>\n<TimeCreated SystemTime=\"2014-01-25 01:50:14.968624+00:00\"></TimeCreated>\n<EventRecordID>1065</EventRecordID>\n<Correlation ActivityID=\"{d92ddb32-bd68-4e93-b1c6-53a2d1fea7f5}\" RelatedActivityID=\"\"></Correlation>\n<Execution ProcessID=\"888\" ThreadID=\"2740\"></Execution>\n<Channel>Microsoft-Windows-Bits-Client/Operational</Channel>\n<Computer>IACIS-HDD-2014</Computer>\n<Security UserID=\"S-1-5-18\"></Security>\n</System>\n<EventData><Data Name=\"transferId\">{d92ddb32-bd68-4e93-b1c6-53a2d1fea7f5}</Data>\n<Data Name=\"name\">WU Client Download</Data>\n<Data Name=\"Id\">{4347a176-a7d6-4939-b3fc-885475678320}</Data>\n<Data Name=\"url\">http://download.windowsupdate.com/msdownload/update/software/secu/2013/07/windows6.1-kb2868038-x64_f43c6f9662e00bede34fa3430dd7bc2167854cc5.psf</Data>\n<Data Name=\"peer\"></Data>\n<Data Name=\"fileTime\">2013-07-22 23:37:34+00:00</Data>\n<Data Name=\"fileLength\">2050969</Data>\n<Data Name=\"bytesTotal\">6165</Data>\n<Data Name=\"bytesTransferred\">0</Data>\n<Data Name=\"bytesTransferredFromPeer\">0</Data>\n</EventData>\n</Event>\n"
  },
  {
    "EventID": 59,
    "Timestamp": "2014-01-25 01:50:14.984224+00:00",
    "Computer": "IACIS-HDD-2014",
    "Channel": "Microsoft-Windows-Bits-Client/Operational",
    "Level": "Information",
    "EventData": {
      "transferId": "{010632c7-1c4a-4a46-b4f2-ceb30af76618}",
      "name": "WU Client Download",
      "Id": "{ef78c9b7-8de0-4a90-aba2-cd3073327b61}",
      "url": "http://download.windowsupdate.com/msdownload/update/software/secu/2013/02/windows6.1-kb2807986-x64_a46756af5226d3c19213489a67b4e9a656f29294.psf",
      "peer": "",
      "fileTime": "2013-02-20 08:53:38+00:00",
      "fileLength": "714010",
      "bytesTotal": "4080",
      "bytesTransferred": "0",
      "bytesTransferredFromPeer": "0"
    },
    "RawXml": "<Event xmlns=\"http://schemas.microsoft.com/win/2004/08/events/event\"><System><Provider Name=\"Microsoft-Windows-Bits-Client\" Guid=\"{ef1cc15b-46c1-414e-bb95-e76b077bd51e}\"></Provider>\n<EventID Qualifiers=\"\">59</EventID>\n<Version>1</Version>\n<Level>4</Level>\n<Task>0</Task>\n<Opcode>1</Opcode>\n<Keywords>0x4000000000000000</Keywords>\n<TimeCreated SystemTime=\"2014-01-25 01:50:14.984224+00:00\"></TimeCreated>\n<EventRecordID>1066</EventRecordID>\n<Correlation ActivityID=\"{010632c7-1c4a-4a46-b4f2-ceb30af76618}\" RelatedActivityID=\"\"></Correlation>\n<Execution ProcessID=\"888\" ThreadID=\"2740\"></Execution>\n<Channel>Microsoft-Windows-Bits-Client/Operational</Channel>\n<Computer>IACIS-HDD-2014</Computer>\n<Security UserID=\"S-1-5-18\"></Security>\n</System>\n<EventData><Data Name=\"transferId\">{010632c7-1c4a-4a46-b4f2-ceb30af76618}</Data>\n<Data Name=\"name\">WU Client Download</Data>\n<Data Name=\"Id\">{ef78c9b7-8de0-4a90-aba2-cd3073327b61}</Data>\n<Data Name=\"url\">http://download.windowsupdate.com/msdownload/update/software/secu/2013/02/windows6.1-kb2807986-x64_a46756af5226d3c19213489a67b4e9a656f29294.psf</Data>\n<Data Name=\"peer\"></Data>\n<Data Name=\"fileTime\">2013-02-20 08:53:38+00:00</Data>\n<Data Name=\"fileLength\">714010</Data>\n<Data Name=\"bytesTotal\">4080</Data>\n<Data Name=\"bytesTransferred\">0</Data>\n<Data Name=\"bytesTransferredFromPeer\">0</Data>\n</EventData>\n</Event>\n"
  },
  {
    "EventID": 59,
    "Timestamp": "2014-01-25 01:50:14.999825+00:00",
    "Computer": "IACIS-HDD-2014",
    "Channel": "Microsoft-Windows-Bits-Client/Operational",
    "Level": "Information",
    "EventData": {
      "transferId": "{7171a057-3614-48e7-ac6c-87733848dd8e}",
      "name": "WU Client Download",
      "Id": "{27419148-a2e3-4add-a464-5b8cd2e86993}",
      "url": "http://download.windowsupdate.com/msdownload/update/software/secu/2011/05/windows6.1-kb2536275-x64_35887e700d78c7ce2c65a0a41a5ed399397d6f28.psf",
      "peer": "",
      "fileTime": "2011-05-25 03:09:31+00:00",
      "fileLength": "9170532",
      "bytesTotal": "125625",
      "bytesTransferred": "0",
      "bytesTransferredFromPeer": "0"
    },
    "RawXml": "<Event xmlns=\"http://schemas.microsoft.com/win/2004/08/events/event\"><System><Provider Name=\"Microsoft-Windows-Bits-Client\" Guid=\"{ef1cc15b-46c1-414e-bb95-e76b077bd51e}\"></Provider>\n<EventID Qualifiers=\"\">59</EventID>\n<Version>1</Version>\n<Level>4</Level>\n<Task>0</Task>\n<Opcode>1</Opcode>\n<Keywords>0x4000000000000000</Keywords>\n<TimeCreated SystemTime=\"2014-01-25 01:50:14.999825+00:00\"></TimeCreated>\n<EventRecordID>1067</EventRecordID>\n<Correlation ActivityID=\"{7171a057-3614-48e7-ac6c-87733848dd8e}\" RelatedActivityID=\"\"></Correlation>\n<Execution ProcessID=\"888\" ThreadID=\"2740\"></Execution>\n<Channel>Microsoft-Windows-Bits-Client/Operational</Channel>\n<Computer>IACIS-HDD-2014</Computer>\n<Security UserID=\"S-1-5-18\"></Security>\n</System>\n<EventData><Data Name=\"transferId\">{7171a057-3614-48e7-ac6c-87733848dd8e}</Data>\n<Data Name=\"name\">WU Client Download</Data>\n<Data Name=\"Id\">{27419148-a2e3-4add-a464-5b8cd2e86993}</Data>\n<Data Name=\"url\">http://download.windowsupdate.com/msdownload/update/software/secu/2011/05/windows6.1-kb2536275-x64_35887e700d78c7ce2c65a0a41a5ed399397d6f28.psf</Data>\n<Data Name=\"peer\"></Data>\n<Data Name=\"fileTime\">2011-05-25 03:09:31+00:00</Data>\n<Data Name=\"fileLength\">9170532</Data>\n<Data Name=\"bytesTotal\">125625</Data>\n<Data Name=\"bytesTransferred\">0</Data>\n<Data Name=\"bytesTransferredFromPeer\">0</Data>\n</EventData>\n</Event>\n"
  },
  {
    "EventID": 59,
    "Timestamp": "2014-01-25 01:50:15.031025+00:00",
    "Computer": "IACIS-HDD-2014",
    "Channel": "Microsoft-Windows-Bits-Client/Operational",
    "Level": "Information",
    "EventData": {
      "transferId": "{e845d904-8d73-453f-9d16-5cd902bfb4dc}",
      "name": "WU Client Download",
      "Id": "{b2e8c897-4a38-430b-9172-85f52dfb00dc}",
      "url": "http://download.windowsupdate.com/msdownload/update/software/secu/2012/06/windows6.1-kb2655992-x64_b9558713631fac325df06e70fdfe79c1030c7d55.psf",
      "peer": "",
      "fileTime": "2012-06-07 19:24:01+00:00",
      "fileLength": "28037601",
      "bytesTotal": "95599",
      "bytesTransferred": "0",
      "bytesTransferredFromPeer": "0"
    },
    "RawXml": "<Event xmlns=\"http://schemas.microsoft.com/win/2004/08/events/event\"><System><Provider Name=\"Microsoft-Windows-Bits-Client\" Guid=\"{ef1cc15b-46c1-414e-bb95-e76b077bd51e}\"></Provider>\n<EventID Qualifiers=\"\">59</EventID>\n<Version>1</Version>\n<Level>4</Level>\n<Task>0</Task>\n<Opcode>1</Opcode>\n<Keywords>0x4000000000000000</Keywords>\n<TimeCreated SystemTime=\"2014-01-25 01:50:15.031025+00:00\"></TimeCreated>\n<EventRecordID>1068</EventRecordID>\n<Correlation ActivityID=\"{e845d904-8d73-453f-9d16-5cd902bfb4dc}\" RelatedActivityID=\"\"></Correlation>\n<Execution ProcessID=\"888\" ThreadID=\"2740\"></Execution>\n<Channel>Microsoft-Windows-Bits-Client/Operational</Channel>\n<Computer>IACIS-HDD-2014</Computer>\n<Security UserID=\"S-1-5-18\"></Security>\n</System>\n<EventData><Data Name=\"transferId\">{e845d904-8d73-453f-9d16-5cd902bfb4dc}</Data>\n<Data Name=\"name\">WU Client Download</Data>\n<Data Name=\"Id\">{b2e8c897-4a38-430b-9172-85f52dfb00dc}</Data>\n<Data Name=\"url\">http://download.windowsupdate.com/msdownload/update/software/secu/2012/06/windows6.1-kb2655992-x64_b9558713631fac325df06e70fdfe79c1030c7d55.psf</Data>\n<Data Name=\"peer\"></Data>\n<Data Name=\"fileTime\">2012-06-07 19:24:01+00:00</Data>\n<Data Name=\"fileLength\">28037601</Data>\n<Data Name=\"bytesTotal\">95599</Data>\n<Data Name=\"bytesTransferred\">0</Data>\n<Data Name=\"bytesTransferredFromPeer\">0</Data>\n</EventData>\n</Event>\n"
  },
  {
    "EventID": 59,
    "Timestamp": "2014-01-25 01:50:15.046625+00:00",
    "Computer": "IACIS-HDD-2014",
    "Channel": "Microsoft-Windows-Bits-Client/Operational",
    "Level": "Information",
    "EventData": {
      "transferId": "{4369fbb2-db9b-47bf-84cc-b1d44820a67a}",
      "name": "WU Client Download",
      "Id": "{52ecb00d-0030-4531-92a9-f3e2699d0c1f}",
      "url": "http://download.windowsupdate.com/msdownload/update/software/secu/2013/05/windows6.1-kb2833946-x64_345c7768386631853ca537fd6d0e29845d9217ba.psf",
      "peer": "",
      "fileTime": "2013-05-22 16:44:32+00:00",
      "fileLength": "181763351",
      "bytesTotal": "4701972",
      "bytesTransferred": "0",
      "bytesTransferredFromPeer": "0"
    },
    "RawXml": "<Event xmlns=\"http://schemas.microsoft.com/win/2004/08/events/event\"><System><Provider Name=\"Microsoft-Windows-Bits-Client\" Guid=\"{ef1cc15b-46c1-414e-bb95-e76b077bd51e}\"></Provider>\n<EventID Qualifiers=\"\">59</EventID>\n<Version>1</Version>\n<Level>4</Level>\n<Task>0</Task>\n<Opcode>1</Opcode>\n<Keywords>0x4000000000000000</Keywords>\n<TimeCreated SystemTime=\"2014-01-25 01:50:15.046625+00:00\"></TimeCreated>\n<EventRecordID>1069</EventRecordID>\n<Correlation ActivityID=\"{4369fbb2-db9b-47bf-84cc-b1d44820a67a}\" RelatedActivityID=\"\"></Correlation>\n<Execution ProcessID=\"888\" ThreadID=\"2740\"></Execution>\n<Channel>Microsoft-Windows-Bits-Client/Operational</Channel>\n<Computer>IACIS-HDD-2014</Computer>\n<Security UserID=\"S-1-5-18\"></Security>\n</System>\n<EventData><Data Name=\"transferId\">{4369fbb2-db9b-47bf-84cc-b1d44820a67a}</Data>\n<Data Name=\"name\">WU Client Download</Data>\n<Data Name=\"Id\">{52ecb00d-0030-4531-92a9-f3e2699d0c1f}</Data>\n<Data Name=\"url\">http://download.windowsupdate.com/msdownload/update/software/secu/2013/05/windows6.1-kb2833946-x64_345c7768386631853ca537fd6d0e29845d9217ba.psf</Data>\n<Data Name=\"peer\"></Data>\n<Data Name=\"fileTime\">2013-05-22 16:44:32+00:00</Data>\n<Data Name=\"fileLength\">181763351</Data>\n<Data Name=\"bytesTotal\">4701972</Data>\n<Data Name=\"bytesTransferred\">0</Data>\n<Data Name=\"bytesTransferredFromPeer\">0</Data>\n</EventData>\n</Event>\n"
  },
  {
    "EventID": 59,
    "Timestamp": "2014-01-25 01:50:15.062225+00:00",
    "Computer": "IACIS-HDD-2014",
    "Channel": "Microsoft-Windows-Bits-Client/Operational",
    "Level": "Information",
    "EventData": {
      "transferId": "{97a6c7b2-f0b3-4a8c-b4cd-1cfc34628369}",
      "name": "WU Client Download",
      "Id": "{c5e23dbb-90ad-4e63-b9d5-61ae56f5c1a8}",
      "url": "http://download.windowsupdate.com/msdownload/update/software/secu/2012/12/windows6.1-kb2785220-x64_ffcc8580b3d69d82e43d6a98f5f810614e5117a8.psf",
      "peer": "",
      "fileTime": "2012-12-10 18:01:30+00:00",
      "fileLength": "5707488",
      "bytesTotal": "19589",
      "bytesTransferred": "0",
      "bytesTransferredFromPeer": "0"
    },
    "RawXml": "<Event xmlns=\"http://schemas.microsoft.com/win/2004/08/events/event\"><System><Provider Name=\"Microsoft-Windows-Bits-Client\" Guid=\"{ef1cc15b-46c1-414e-bb95-e76b077bd51e}\"></Provider>\n<EventID Qualifiers=\"\">59</EventID>\n<Version>1</Version>\n<Level>4</Level>\n<Task>0</Task>\n<Opcode>1</Opcode>\n<Keywords>0x4000000000000000</Keywords>\n<TimeCreated SystemTime=\"2014-01-25 01:50:15.062225+00:00\"></TimeCreated>\n<EventRecordID>1070</EventRecordID>\n<Correlation ActivityID=\"{97a6c7b2-f0b3-4a8c-b4cd-1cfc34628369}\" RelatedActivityID=\"\"></Correlation>\n<Execution ProcessID=\"888\" ThreadID=\"2740\"></Execution>\n<Channel>Microsoft-Windows-Bits-Client/Operational</Channel>\n<Computer>IACIS-HDD-2014</Computer>\n<Security UserID=\"S-1-5-18\"></Security>\n</System>\n<EventData><Data Name=\"transferId\">{97a6c7b2-f0b3-4a8c-b4cd-1cfc34628369}</Data>\n<Data Name=\"name\">WU Client Download</Data>\n<Data Name=\"Id\">{c5e23dbb-90ad-4e63-b9d5-61ae56f5c1a8}</Data>\n<Data Name=\"url\">http://download.windowsupdate.com/msdownload/update/software/secu/2012/12/windows6.1-kb2785220-x64_ffcc8580b3d69d82e43d6a98f5f810614e5117a8.psf</Data>\n<Data Name=\"peer\"></Data>\n<Data Name=\"fileTime\">2012-12-10 18:01:30+00:00</Data>\n<Data Name=\"fileLength\">5707488</Data>\n<Data Name=\"bytesTotal\">19589</Data>\n<Data Name=\"bytesTransferred\">0</Data>\n<Data Name=\"bytesTransferredFromPeer\">0</Data>\n</EventData>\n</Event>\n"
  },
  {
    "EventID": 59,
    "Timestamp": "2014-01-25 01:50:15.077827+00:00",
    "Computer": "IACIS-HDD-2014",
    "Channel": "Microsoft-Windows-Bits-Client/Operational",
    "Level": "Information",
    "EventData": {
      "transferId": "{d51b7352-0c80-46f0-8581-bb56a890144d}",
      "name": "WU Client Download",
      "Id": "{c4195f24-484e-4e80-a544-185ae0f04460}",
      "url": "http://download.windowsupdate.com/msdownload/update/software/secu/2013/10/windows6.1-kb2868725-x64_7e4128efc98896686d10ef3ae1815a05800d2975.psf",
      "peer": "",
      "fileTime": "2013-10-22 18:47:53+00:00",
      "fileLength": "22150215",
      "bytesTotal": "192589",
      "bytesTransferred": "0",
      "bytesTransferredFromPeer": "0"
    },
    "RawXml": "<Event xmlns=\"http://schemas.microsoft.com/win/2004/08/events/event\"><System><Provider Name=\"Microsoft-Windows-Bits-Client\" Guid=\"{ef1cc15b-46c1-414e-bb95-e76b077bd51e}\"></Provider>\n<EventID Qualifiers=\"\">59</EventID>\n<Version>1</Version>\n<Level>4</Level>\n<Task>0</Task>\n<Opcode>1</Opcode>\n<Keywords>0x4000000000000000</Keywords>\n<TimeCreated SystemTime=\"2014-01-25 01:50:15.077827+00:00\"></TimeCreated>\n<EventRecordID>1071</EventRecordID>\n<Correlation ActivityID=\"{d51b7352-0c80-46f0-8581-bb56a890144d}\" RelatedActivityID=\"\"></Correlation>\n<Execution ProcessID=\"888\" ThreadID=\"2740\"></Execution>\n<Channel>Microsoft-Windows-Bits-Client/Operational</Channel>\n<Computer>IACIS-HDD-2014</Computer>\n<Security UserID=\"S-1-5-18\"></Security>\n</System>\n<EventData><Data Name=\"transferId\">{d51b7352-0c80-46f0-8581-bb56a890144d}</Data>\n<Data Name=\"name\">WU Client Download</Data>\n<Data Name=\"Id\">{c4195f24-484e-4e80-a544-185ae0f04460}</Data>\n<Data Name=\"url\">http://download.windowsupdate.com/msdownload/update/software/secu/2013/10/windows6.1-kb2868725-x64_7e4128efc98896686d10ef3ae1815a05800d2975.psf</Data>\n<Data Name=\"peer\"></Data>\n<Data Name=\"fileTime\">2013-10-22 18:47:53+00:00</Data>\n<Data Name=\"fileLength\">22150215</Data>\n<Data Name=\"bytesTotal\">192589</Data>\n<Data Name=\"bytesTransferred\">0</Data>\n<Data Name=\"bytesTransferredFromPeer\">0</Data>\n</EventData>\n</Event>\n"
  },
  {
    "EventID": 59,
    "Timestamp": "2014-01-25 01:50:15.093426+00:00",
    "Computer": "IACIS-HDD-2014",
    "Channel": "Microsoft-Windows-Bits-Client/Operational",
    "Level": "Information",
    "EventData": {
      "transferId": "{f915e0af-4f64-437d-97ed-106cf6665ab0}",
      "name": "WU Client Download",
      "Id": "{2c57fa40-1b39-4186-82b2-6364b6478e0c}",
      "url": "http://download.windowsupdate.com/msdownload/update/software/secu/2011/09/windows6.1-kb2579686-x64_1026f937305786e0d469cd40a79593844fad0793.psf",
      "peer": "",
      "fileTime": "2011-09-16 20:07:01+00:00",
      "fileLength": "17844154",
      "bytesTotal": "31995",
      "bytesTransferred": "0",
      "bytesTransferredFromPeer": "0"
    },
    "RawXml": "<Event xmlns=\"http://schemas.microsoft.com/win/2004/08/events/event\"><System><Provider Name=\"Microsoft-Windows-Bits-Client\" Guid=\"{ef1cc15b-46c1-414e-bb95-e76b077bd51e}\"></Provider>\n<EventID Qualifiers=\"\">59</EventID>\n<Version>1</Version>\n<Level>4</Level>\n<Task>0</Task>\n<Opcode>1</Opcode>\n<Keywords>0x4000000000000000</Keywords>\n<TimeCreated SystemTime=\"2014-01-25 01:50:15.093426+00:00\"></TimeCreated>\n<EventRecordID>1072</EventRecordID>\n<Correlation ActivityID=\"{f915e0af-4f64-437d-97ed-106cf6665ab0}\" RelatedActivityID=\"\"></Correlation>\n<Execution ProcessID=\"888\" ThreadID=\"2740\"></Execution>\n<Channel>Microsoft-Windows-Bits-Client/Operational</Channel>\n<Computer>IACIS-HDD-2014</Computer>\n<Security UserID=\"S-1-5-18\"></Security>\n</System>\n<EventData><Data Name=\"transferId\">{f915e0af-4f64-437d-97ed-106cf6665ab0}</Data>\n<Data Name=\"name\">WU Client Download</Data>\n<Data Name=\"Id\">{2c57fa40-1b39-4186-82b2-6364b6478e0c}</Data>\n<Data Name=\"url\">http://download.windowsupdate.com/msdownload/update/software/secu/2011/09/windows6.1-kb2579686-x64_1026f937305786e0d469cd40a79593844fad0793.psf</Data>\n<Data Name=\"peer\"></Data>\n<Data Name=\"fileTime\">2011-09-16 20:07:01+00:00</Data>\n<Data Name=\"fileLength\">17844154</Data>\n<Data Name=\"bytesTotal\">31995</Data>\n<Data Name=\"bytesTransferred\">0</Data>\n<Data Name=\"bytesTransferredFromPeer\">0</Data>\n</EventData>\n</Event>\n"
  },
  {
    "EventID": 59,
    "Timestamp": "2014-01-25 01:50:15.109026+00:00",
    "Computer": "IACIS-HDD-2014",
    "Channel": "Microsoft-Windows-Bits-Client/Operational",
    "Level": "Information",
    "EventData": {
      "transferId": "{165f24cb-eac6-41ff-bbc6-4cd0cb455bf8}",
      "name": "WU Client Download",
      "Id": "{7d56af7b-cc05-4058-9bf1-0ac3e31cc73c}",
      "url": "http://download.windowsupdate.com/msdownload/update/software/secu/2013/07/windows6.1-kb2861855-x64_575255470ce150e90aeff95472cefdb91d1e663c.psf",
      "peer": "",
      "fileTime": "2013-07-24 00:57:44+00:00",
      "fileLength": "5354867",
      "bytesTotal": "19639",
      "bytesTransferred": "0",
      "bytesTransferredFromPeer": "0"
    },
    "RawXml": "<Event xmlns=\"http://schemas.microsoft.com/win/2004/08/events/event\"><System><Provider Name=\"Microsoft-Windows-Bits-Client\" Guid=\"{ef1cc15b-46c1-414e-bb95-e76b077bd51e}\"></Provider>\n<EventID Qualifiers=\"\">59</EventID>\n<Version>1</Version>\n<Level>4</Level>\n<Task>0</Task>\n<Opcode>1</Opcode>\n<Keywords>0x4000000000000000</Keywords>\n<TimeCreated SystemTime=\"2014-01-25 01:50:15.109026+00:00\"></TimeCreated>\n<EventRecordID>1073</EventRecordID>\n<Correlation ActivityID=\"{165f24cb-eac6-41ff-bbc6-4cd0cb455bf8}\" RelatedActivityID=\"\"></Correlation>\n<Execution ProcessID=\"888\" ThreadID=\"2740\"></Execution>\n<Channel>Microsoft-Windows-Bits-Client/Operational</Channel>\n<Computer>IACIS-HDD-2014</Computer>\n<Security UserID=\"S-1-5-18\"></Security>\n</System>\n<EventData><Data Name=\"transferId\">{165f24cb-eac6-41ff-bbc6-4cd0cb455bf8}</Data>\n<Data Name=\"name\">WU Client Download</Data>\n<Data Name=\"Id\">{7d56af7b-cc05-4058-9bf1-0ac3e31cc73c}</Data>\n<Data Name=\"url\">http://download.windowsupdate.com/msdownload/update/software/secu/2013/07/windows6.1-kb2861855-x64_575255470ce150e90aeff95472cefdb91d1e663c.psf</Data>\n<Data Name=\"peer\"></Data>\n<Data Name=\"fileTime\">2013-07-24 00:57:44+00:00</Data>\n<Data Name=\"fileLength\">5354867</Data>\n<Data Name=\"bytesTotal\">19639</Data>\n<Data Name=\"bytesTransferred\">0</Data>\n<Data Name=\"bytesTransferredFromPeer\">0</Data>\n</EventData>\n</Event>\n"
  },
