[
  {
    "EventID": 4001,
    "Timestamp": "2014-01-25 04:20:43.080219+00:00",
    "Computer": "37L4247F27-25",
    "Channel": "Microsoft-Windows-NetworkProfile/Operational",
    "Level": "Information",
    "EventData": {
      "InterfaceGuid": "{78a289b4-f8b9-43c7-8bba-f96e0bbc2185}",
      "CurrentOrNextState": "0"
    },
    "RawXml": "<Event xmlns=\"http://schemas.microsoft.com/win/2004/08/events/event\"><System><Provider Name=\"Microsoft-Windows-NetworkProfile\" Guid=\"{fbcfac3f-8459-419f-8e48-1f0b49cdb85e}\"></Provider>\n<EventID Qualifiers=\"\">4001</EventID>\n<Version>0</Version>\n<Level>4</Level>\n<Task>1</Task>\n<Opcode>1</Opcode>\n<Keywords>0x4000200000000000</Keywords>\n<TimeCreated SystemTime=\"2014-01-25 04:20:43.080219+00:00\"></TimeCreated>\n<EventRecordID>1</EventRecordID>\n<Correlation ActivityID=\"\" RelatedActivityID=\"\"></Correlation>\n<Execution ProcessID=\"1004\" ThreadID=\"1552\"></Execution>\n<Channel>Microsoft-Windows-NetworkProfile/Operational</Channel>\n<Computer>37L4247F27-25</Computer>\n<Security UserID=\"S-1-5-19\"></Security>\n</System>\n<EventData><Data Name=\"InterfaceGuid\">{78a289b4-f8b9-43c7-8bba-f96e0bbc2185}</Data>\n<Data Name=\"CurrentOrNextState\">0</Data>\n</EventData>\n</Event>\n"
  },
  {
    "EventID": 10000,
    "Timestamp": "2014-01-25 04:20:43.080219+00:00",
    "Computer": "37L4247F27-25",
    "Channel": "Microsoft-Windows-NetworkProfile/Operational",
    "Level": "Information",
    "EventData": {
      "Name": "Identifying...",
      "Description": "Identifying...",
      "Guid": "{d5ce8e5d-d602-4565-b483-b984d927a69b}",
      "Type": "0",
      "State": "1",
      "Category": "0"
    },
    "RawXml": "<Event xmlns=\"http://schemas.microsoft.com/win/2004/08/events/event\"><System><Provider Name=\"Microsoft-Windows-NetworkProfile\" Guid=\"{fbcfac3f-8459-419f-8e48-1f0b49cdb85e}\"></Provider>\n<EventID Qualifiers=\"\">10000</EventID>\n<Version>0</Version>\n<Level>4</Level>\n<Task>0</Task>\n<Opcode>0</Opcode>\n<Keywords>0x4000200000000000</Keywords>\n<TimeCreated SystemTime=\"2014-01-25 04:20:43.080219+00:00\"></TimeCreated>\n<EventRecordID>2</EventRecordID>\n<Correlation ActivityID=\"\" RelatedActivityID=\"\"></Correlation>\n<Execution ProcessID=\"1004\" ThreadID=\"1556\"></Execution>\n<Channel>Microsoft-Windows-NetworkProfile/Operational</Channel>\n<Computer>37L4247F27-25</Computer>\n<Security UserID=\"S-1-5-19\"></Security>\n</System>\n<EventData><Data Name=\"Name\">Identifying...</Data>\n<Data Name=\"Description\">Identifying...</Data>\n<Data Name=\"Guid\">{d5ce8e5d-d602-4565-b483-b984d927a69b}</Data>\n<Data Name=\"Type\">0</Data>\n<Data Name=\"State\">1</Data>\n<Data Name=\"Category\">0</Data>\n</EventData>\n</Event>\n"
  },
  {
    "EventID": 4002,
    "Timestamp": "2014-01-25 04:20:44.203423+00:00",
    "Computer": "37L4247F27-25",
    "Channel": "Microsoft-Windows-NetworkProfile/Operational",
    "Level": "Information",
    "EventData": {
      "InterfaceGuid": "{78a289b4-f8b9-43c7-8bba-f96e0bbc2185}",
      "CurrentOrNextState": "1"
    },
    "RawXml": "<Event xmlns=\"http://schemas.microsoft.com/win/2004/08/events/event\"><System><Provider Name=\"Microsoft-Windows-NetworkProfile\" Guid=\"{fbcfac3f-8459-419f-8e48-1f0b49cdb85e}\"></Provider>\n<EventID Qualifiers=\"\">4002</EventID>\n<Version>0</Version>\n<Level>4</Level>\n<Task>1</Task>\n<Opcode>2</Opcode>\n<Keywords>0x4001200000000000</Keywords>\n<TimeCreated SystemTime=\"2014-01-25 04:20:44.203423+00:00\"></TimeCreated>\n<EventRecordID>3</EventRecordID>\n<Correlation ActivityID=\"\" RelatedActivityID=\"\"></Correlation>\n<Execution ProcessID=\"1004\" ThreadID=\"1016\"></Execution>\n<Channel>Microsoft-Windows-NetworkProfile/Operational</Channel>\n<Computer>37L4247F27-25</Computer>\n<Security UserID=\"S-1-5-19\"></Security>\n</System>\n<EventData><Data Name=\"InterfaceGuid\">{78a289b4-f8b9-43c7-8bba-f96e0bbc2185}</Data>\n<Data Name=\"CurrentOrNextState\">1</Data>\n</EventData>\n</Event>\n"
  },
  {
    "EventID": 10000,
    "Timestamp": "2014-01-25 04:20:44.234621+00:00",
    "Computer": "37L4247F27-25",
    "Channel": "Microsoft-Windows-NetworkProfile/Operational",
    "Level": "Information",
    "EventData": {
      "Name": "Network",
      "Description": "Network",
      "Guid": "{212ef057-fd0a-47b4-89ad-841d049b413b}",
      "Type": "0",
      "State": "5",
      "Category": "0"
    },
    "RawXml": "<Event xmlns=\"http://schemas.microsoft.com/win/2004/08/events/event\"><System><Provider Name=\"Microsoft-Windows-NetworkProfile\" Guid=\"{fbcfac3f-8459-419f-8e48-1f0b49cdb85e}\"></Provider>\n<EventID Qualifiers=\"\">10000</EventID>\n<Version>0</Version>\n<Level>4</Level>\n<Task>0</Task>\n<Opcode>0</Opcode>\n<Keywords>0x4000200000000000</Keywords>\n<TimeCreated SystemTime=\"2014-01-25 04:20:44.234621+00:00\"></TimeCreated>\n<EventRecordID>4</EventRecordID>\n<Correlation ActivityID=\"\" RelatedActivityID=\"\"></Correlation>\n<Execution ProcessID=\"1004\" ThreadID=\"1556\"></Execution>\n<Channel>Microsoft-Windows-NetworkProfile/Operational</Channel>\n<Computer>37L4247F27-25</Computer>\n<Security UserID=\"S-1-5-19\"></Security>\n</System>\n<EventData><Data Name=\"Name\">Network</Data>\n<Data Name=\"Description\">Network</Data>\n<Data Name=\"Guid\">{212ef057-fd0a-47b4-89ad-841d049b413b}</Data>\n<Data Name=\"Type\">0</Data>\n<Data Name=\"State\">5</Data>\n<Data Name=\"Category\">0</Data>\n</EventData>\n</Event>\n"
  },
  {
    "EventID": 10001,
    "Timestamp": "2014-01-25 04:22:12.000378+00:00",
    "Computer": "IACIS-HDD-2014",
    "Channel": "Microsoft-Windows-NetworkProfile/Operational",
    "Level": "Information",
    "EventData": {
      "Name": "Network",
      "Description": "Network",
      "Guid": "{212ef057-fd0a-47b4-89ad-841d049b413b}",
      "Type": "0",
      "State": "2",
      "Category": "0"
    },
    "RawXml": "<Event xmlns=\"http://schemas.microsoft.com/win/2004/08/events/event\"><System><Provider Name=\"Microsoft-Windows-NetworkProfile\" Guid=\"{fbcfac3f-8459-419f-8e48-1f0b49cdb85e}\"></Provider>\n<EventID Qualifiers=\"\">10001</EventID>\n<Version>0</Version>\n<Level>4</Level>\n<Task>0</Task>\n<Opcode>0</Opcode>\n<Keywords>0x4000200000000000</Keywords>\n<TimeCreated SystemTime=\"2014-01-25 04:22:12.000378+00:00\"></TimeCreated>\n<EventRecordID>5</EventRecordID>\n<Correlation ActivityID=\"\" RelatedActivityID=\"\"></Correlation>\n<Execution ProcessID=\"1004\" ThreadID=\"1556\"></Execution>\n<Channel>Microsoft-Windows-NetworkProfile/Operational</Channel>\n<Computer>IACIS-HDD-2014</Computer>\n<Security UserID=\"S-1-5-19\"></Security>\n</System>\n<EventData><Data Name=\"Name\">Network</Data>\n<Data Name=\"Description\">Network</Data>\n<Data Name=\"Guid\">{212ef057-fd0a-47b4-89ad-841d049b413b}</Data>\n<Data Name=\"Type\">0</Data>\n<Data Name=\"State\">2</Data>\n<Data Name=\"Category\">0</Data>\n</EventData>\n</Event>\n"
  },
  {
    "EventID": 4001,
    "Timestamp": "2014-01-25 04:22:12.000378+00:00",
    "Computer": "IACIS-HDD-2014",
    "Channel": "Microsoft-Windows-NetworkProfile/Operational",
    "Level": "Information",
    "EventData": {
      "InterfaceGuid": "{78a289b4-f8b9-43c7-8bba-f96e0bbc2185}",
      "CurrentOrNextState": "0"
    },
    "RawXml": "<Event xmlns=\"http://schemas.microsoft.com/win/2004/08/events/event\"><System><Provider Name=\"Microsoft-Windows-NetworkProfile\" Guid=\"{fbcfac3f-8459-419f-8e48-1f0b49cdb85e}\"></Provider>\n<EventID Qualifiers=\"\">4001</EventID>\n<Version>0</Version>\n<Level>4</Level>\n<Task>1</Task>\n<Opcode>1</Opcode>\n<Keywords>0x4000200000000000</Keywords>\n<TimeCreated SystemTime=\"2014-01-25 04:22:12.000378+00:00\"></TimeCreated>\n<EventRecordID>6</EventRecordID>\n<Correlation ActivityID=\"\" RelatedActivityID=\"\"></Correlation>\n<Execution ProcessID=\"1004\" ThreadID=\"704\"></Execution>\n<Channel>Microsoft-Windows-NetworkProfile/Operational</Channel>\n<Computer>IACIS-HDD-2014</Computer>\n<Security UserID=\"S-1-5-19\"></Security>\n</System>\n<EventData><Data Name=\"InterfaceGuid\">{78a289b4-f8b9-43c7-8bba-f96e0bbc2185}</Data>\n<Data Name=\"CurrentOrNextState\">0</Data>\n</EventData>\n</Event>\n"
  },
  {
    "EventID": 10000,
    "Timestamp": "2014-01-25 04:22:12.000378+00:00",
    "Computer": "IACIS-HDD-2014",
    "Channel": "Microsoft-Windows-NetworkProfile/Operational",
    "Level": "Information",
    "EventData": {
      "Name": "Identifying...",
      "Description": "Identifying...",
      "Guid": "{d5ce8e5d-d602-4565-b483-b984d927a69b}",
      "Type": "0",
      "State": "9",
      "Category": "0"
    },
    "RawXml": "<Event xmlns=\"http://schemas.microsoft.com/win/2004/08/events/event\"><System><Provider Name=\"Microsoft-Windows-NetworkProfile\" Guid=\"{fbcfac3f-8459-419f-8e48-1f0b49cdb85e}\"></Provider>\n<EventID Qualifiers=\"\">10000</EventID>\n<Version>0</Version>\n<Level>4</Level>\n<Task>0</Task>\n<Opcode>0</Opcode>\n<Keywords>0x4000200000000000</Keywords>\n<TimeCreated SystemTime=\"2014-01-25 04:22:12.000378+00:00\"></TimeCreated>\n<EventRecordID>7</EventRecordID>\n<Correlation ActivityID=\"\" RelatedActivityID=\"\"></Correlation>\n<Execution ProcessID=\"1004\" ThreadID=\"1556\"></Execution>\n<Channel>Microsoft-Windows-NetworkProfile/Operational</Channel>\n<Computer>IACIS-HDD-2014</Computer>\n<Security UserID=\"S-1-5-19\"></Security>\n</System>\n<EventData><Data Name=\"Name\">Identifying...</Data>\n<Data Name=\"Description\">Identifying...</Data>\n<Data Name=\"Guid\">{d5ce8e5d-d602-4565-b483-b984d927a69b}</Data>\n<Data Name=\"Type\">0</Data>\n<Data Name=\"State\">9</Data>\n<Data Name=\"Category\">0</Data>\n</EventData>\n</Event>\n"
  },
  {
    "EventID": 4001,
    "Timestamp": "2014-01-25 04:24:36.344587+00:00",
    "Computer": "IACIS-HDD-2014",
    "Channel": "Microsoft-Windows-NetworkProfile/Operational",
    "Level": "Information",
    "EventData": {
      "InterfaceGuid": "{78a289b4-f8b9-43c7-8bba-f96e0bbc2185}",
      "CurrentOrNextState": "0"
    },
    "RawXml": "<Event xmlns=\"http://schemas.microsoft.com/win/2004/08/events/event\"><System><Provider Name=\"Microsoft-Windows-NetworkProfile\" Guid=\"{fbcfac3f-8459-419f-8e48-1f0b49cdb85e}\"></Provider>\n<EventID Qualifiers=\"\">4001</EventID>\n<Version>0</Version>\n<Level>4</Level>\n<Task>1</Task>\n<Opcode>1</Opcode>\n<Keywords>0x4000200000000000</Keywords>\n<TimeCreated SystemTime=\"2014-01-25 04:24:36.344587+00:00\"></TimeCreated>\n<EventRecordID>8</EventRecordID>\n<Correlation ActivityID=\"\" RelatedActivityID=\"\"></Correlation>\n<Execution ProcessID=\"792\" ThreadID=\"240\"></Execution>\n<Channel>Microsoft-Windows-NetworkProfile/Operational</Channel>\n<Computer>IACIS-HDD-2014</Computer>\n<Security UserID=\"S-1-5-19\"></Security>\n</System>\n<EventData><Data Name=\"InterfaceGuid\">{78a289b4-f8b9-43c7-8bba-f96e0bbc2185}</Data>\n<Data Name=\"CurrentOrNextState\">0</Data>\n</EventData>\n</Event>\n"
  },
  {
    "EventID": 10000,
    "Timestamp": "2014-01-25 04:24:36.360188+00:00",
    "Computer": "IACIS-HDD-2014",
    "Channel": "Microsoft-Windows-NetworkProfile/Operational",
    "Level": "Information",
    "EventData": {
      "Name": "Identifying...",
      "Description": "Identifying...",
      "Guid": "{5a0e25b0-038a-4943-8dd8-ab1df23b5016}",
      "Type": "0",
      "State": "1",
      "Category": "0"
    },
    "RawXml": "<Event xmlns=\"http://schemas.microsoft.com/win/2004/08/events/event\"><System><Provider Name=\"Microsoft-Windows-NetworkProfile\" Guid=\"{fbcfac3f-8459-419f-8e48-1f0b49cdb85e}\"></Provider>\n<EventID Qualifiers=\"\">10000</EventID>\n<Version>0</Version>\n<Level>4</Level>\n<Task>0</Task>\n<Opcode>0</Opcode>\n<Keywords>0x4000200000000000</Keywords>\n<TimeCreated SystemTime=\"2014-01-25 04:24:36.360188+00:00\"></TimeCreated>\n<EventRecordID>9</EventRecordID>\n<Correlation ActivityID=\"\" RelatedActivityID=\"\"></Correlation>\n<Execution ProcessID=\"792\" ThreadID=\"288\"></Execution>\n<Channel>Microsoft-Windows-NetworkProfile/Operational</Channel>\n<Computer>IACIS-HDD-2014</Computer>\n<Security UserID=\"S-1-5-19\"></Security>\n</System>\n<EventData><Data Name=\"Name\">Identifying...</Data>\n<Data Name=\"Description\">Identifying...</Data>\n<Data Name=\"Guid\">{5a0e25b0-038a-4943-8dd8-ab1df23b5016}</Data>\n<Data Name=\"Type\">0</Data>\n<Data Name=\"State\">1</Data>\n<Data Name=\"Category\">0</Data>\n</EventData>\n</Event>\n"
  },
  {
    "EventID": 4002,
    "Timestamp": "2014-01-25 04:24:45.158602+00:00",
    "Computer": "IACIS-HDD-2014",
    "Channel": "Microsoft-Windows-NetworkProfile/Operational",
    "Level": "Information",
    "EventData": {
      "InterfaceGuid": "{78a289b4-f8b9-43c7-8bba-f96e0bbc2185}",
      "CurrentOrNextState": "1"
    },
    "RawXml": "<Event xmlns=\"http://schemas.microsoft.com/win/2004/08/events/event\"><System><Provider Name=\"Microsoft-Windows-NetworkProfile\" Guid=\"{fbcfac3f-8459-419f-8e48-1f0b49cdb85e}\"></Provider>\n<EventID Qualifiers=\"\">4002</EventID>\n<Version>0</Version>\n<Level>4</Level>\n<Task>1</Task>\n<Opcode>2</Opcode>\n<Keywords>0x4001200000000000</Keywords>\n<TimeCreated SystemTime=\"2014-01-25 04:24:45.158602+00:00\"></TimeCreated>\n<EventRecordID>10</EventRecordID>\n<Correlation ActivityID=\"\" RelatedActivityID=\"\"></Correlation>\n<Execution ProcessID=\"792\" ThreadID=\"768\"></Execution>\n<Channel>Microsoft-Windows-NetworkProfile/Operational</Channel>\n<Computer>IACIS-HDD-2014</Computer>\n<Security UserID=\"S-1-5-19\"></Security>\n</System>\n<EventData><Data Name=\"InterfaceGuid\">{78a289b4-f8b9-43c7-8bba-f96e0bbc2185}</Data>\n<Data Name=\"CurrentOrNextState\">1</Data>\n</EventData>\n</Event>\n"
  },
  {
    "EventID": 10000,
    "Timestamp": "2014-01-25 04:24:45.189802+00:00",
    "Computer": "IACIS-HDD-2014",
    "Channel": "Microsoft-Windows-NetworkProfile/Operational",
    "Level": "Information",
    "EventData": {
      "Name": "Network",
      "Description": "Network",
      "Guid": "{212ef057-fd0a-47b4-89ad-841d049b413b}",
      "Type": "0",
      "State": "5",
      "Category": "0"
    },
    "RawXml": "<Event xmlns=\"http://schemas.microsoft.com/win/2004/08/events/event\"><System><Provider Name=\"Microsoft-Windows-NetworkProfile\" Guid=\"{fbcfac3f-8459-419f-8e48-1f0b49cdb85e}\"></Provider>\n<EventID Qualifiers=\"\">10000</EventID>\n<Version>0</Version>\n<Level>4</Level>\n<Task>0</Task>\n<Opcode>0</Opcode>\n<Keywords>0x4000200000000000</Keywords>\n<TimeCreated SystemTime=\"2014-01-25 04:24:45.189802+00:00\"></TimeCreated>\n<EventRecordID>11</EventRecordID>\n<Correlation ActivityID=\"\" RelatedActivityID=\"\"></Correlation>\n<Execution ProcessID=\"792\" ThreadID=\"288\"></Execution>\n<Channel>Microsoft-Windows-NetworkProfile/Operational</Channel>\n<Computer>IACIS-HDD-2014</Computer>\n<Security UserID=\"S-1-5-19\"></Security>\n</System>\n<EventData><Data Name=\"Name\">Network</Data>\n<Data Name=\"Description\">Network</Data>\n<Data Name=\"Guid\">{212ef057-fd0a-47b4-89ad-841d049b413b}</Data>\n<Data Name=\"Type\">0</Data>\n<Data Name=\"State\">5</Data>\n<Data Name=\"Category\">0</Data>\n</EventData>\n</Event>\n"
  },
  {
    "EventID": 10002,
    "Timestamp": "2014-01-25 01:27:16.618626+00:00",
    "Computer": "IACIS-HDD-2014",
    "Channel": "Microsoft-Windows-NetworkProfile/Operational",
    "Level": "Information",
    "EventData": {
      "Name": "Network",
      "Description": "Network",
      "Guid": "{212ef057-fd0a-47b4-89ad-841d049b413b}",
      "Type": "0",
      "State": "9",
      "Category": "1"
    },
    "RawXml": "<Event xmlns=\"http://schemas.microsoft.com/win/2004/08/events/event\"><System><Provider Name=\"Microsoft-Windows-NetworkProfile\" Guid=\"{fbcfac3f-8459-419f-8e48-1f0b49cdb85e}\"></Provider>\n<EventID Qualifiers=\"\">10002</EventID>\n<Version>0</Version>\n<Level>4</Level>\n<Task>0</Task>\n<Opcode>0</Opcode>\n<Keywords>0x4000200000000000</Keywords>\n<TimeCreated SystemTime=\"2014-01-25 01:27:16.618626+00:00\"></TimeCreated>\n<EventRecordID>12</EventRecordID>\n<Correlation ActivityID=\"\" RelatedActivityID=\"\"></Correlation>\n<Execution ProcessID=\"792\" ThreadID=\"288\"></Execution>\n<Channel>Microsoft-Windows-NetworkProfile/Operational</Channel>\n<Computer>IACIS-HDD-2014</Computer>\n<Security UserID=\"S-1-5-19\"></Security>\n</System>\n<EventData><Data Name=\"Name\">Network</Data>\n<Data Name=\"Description\">Network</Data>\n<Data Name=\"Guid\">{212ef057-fd0a-47b4-89ad-841d049b413b}</Data>\n<Data Name=\"Type\">0</Data>\n<Data Name=\"State\">9</Data>\n<Data Name=\"Category\">1</Data>\n</EventData>\n</Event>\n"
  },
  {
    "EventID": 10001,
    "Timestamp": "2014-01-25 02:16:52.895033+00:00",
    "Computer": "IACIS-HDD-2014",
    "Channel": "Microsoft-Windows-NetworkProfile/Operational",
    "Level": "Information",
    "EventData": {
      "Name": "Network",
      "Description": "Network",
      "Guid": "{212ef057-fd0a-47b4-89ad-841d049b413b}",
      "Type": "0",
      "State": "2",
      "Category": "1"
    },
    "RawXml": "<Event xmlns=\"http://schemas.microsoft.com/win/2004/08/events/event\"><System><Provider Name=\"Microsoft-Windows-NetworkProfile\" Guid=\"{fbcfac3f-8459-419f-8e48-1f0b49cdb85e}\"></Provider>\n<EventID Qualifiers=\"\">10001</EventID>\n<Version>0</Version>\n<Level>4</Level>\n<Task>0</Task>\n<Opcode>0</Opcode>\n<Keywords>0x4000200000000000</Keywords>\n<TimeCreated SystemTime=\"2014-01-25 02:16:52.895033+00:00\"></TimeCreated>\n<EventRecordID>13</EventRecordID>\n<Correlation ActivityID=\"\" RelatedActivityID=\"\"></Correlation>\n<Execution ProcessID=\"792\" ThreadID=\"288\"></Execution>\n<Channel>Microsoft-Windows-NetworkProfile/Operational</Channel>\n<Computer>IACIS-HDD-2014</Computer>\n<Security UserID=\"S-1-5-19\"></Security>\n</System>\n<EventData><Data Name=\"Name\">Network</Data>\n<Data Name=\"Description\">Network</Data>\n<Data Name=\"Guid\">{212ef057-fd0a-47b4-89ad-841d049b413b}</Data>\n<Data Name=\"Type\">0</Data>\n<Data Name=\"State\">2</Data>\n<Data Name=\"Category\">1</Data>\n</EventData>\n</Event>\n"
  },
  {
    "EventID": 4001,
    "Timestamp": "2014-01-25 13:39:07.862209+00:00",
    "Computer": "IACIS-HDD-2014",
    "Channel": "Microsoft-Windows-NetworkProfile/Operational",
    "Level": "Information",
    "EventData": {
      "InterfaceGuid": "{78a289b4-f8b9-43c7-8bba-f96e0bbc2185}",
      "CurrentOrNextState": "0"
    },
    "RawXml": "<Event xmlns=\"http://schemas.microsoft.com/win/2004/08/events/event\"><System><Provider Name=\"Microsoft-Windows-NetworkProfile\" Guid=\"{fbcfac3f-8459-419f-8e48-1f0b49cdb85e}\"></Provider>\n<EventID Qualifiers=\"\">4001</EventID>\n<Version>0</Version>\n<Level>4</Level>\n<Task>1</Task>\n<Opcode>1</Opcode>\n<Keywords>0x4000200000000000</Keywords>\n<TimeCreated SystemTime=\"2014-01-25 13:39:07.862209+00:00\"></TimeCreated>\n<EventRecordID>14</EventRecordID>\n<Correlation ActivityID=\"\" RelatedActivityID=\"\"></Correlation>\n<Execution ProcessID=\"832\" ThreadID=\"2532\"></Execution>\n<Channel>Microsoft-Windows-NetworkProfile/Operational</Channel>\n<Computer>IACIS-HDD-2014</Computer>\n<Security UserID=\"S-1-5-19\"></Security>\n</System>\n<EventData><Data Name=\"InterfaceGuid\">{78a289b4-f8b9-43c7-8bba-f96e0bbc2185}</Data>\n<Data Name=\"CurrentOrNextState\">0</Data>\n</EventData>\n</Event>\n"
  },
  {
    "EventID": 10000,
    "Timestamp": "2014-01-25 13:39:08.642210+00:00",
    "Computer": "IACIS-HDD-2014",
    "Channel": "Microsoft-Windows-NetworkProfile/Operational",
    "Level": "Information",
    "EventData": {
      "Name": "Identifying...",
      "Description": "Identifying...",
      "Guid": "{a8afe00e-bec9-492a-8110-c62c4c358bda}",
      "Type": "0",
      "State": "1",
      "Category": "0"
    },
    "RawXml": "<Event xmlns=\"http://schemas.microsoft.com/win/2004/08/events/event\"><System><Provider Name=\"Microsoft-Windows-NetworkProfile\" Guid=\"{fbcfac3f-8459-419f-8e48-1f0b49cdb85e}\"></Provider>\n<EventID Qualifiers=\"\">10000</EventID>\n<Version>0</Version>\n<Level>4</Level>\n<Task>0</Task>\n<Opcode>0</Opcode>\n<Keywords>0x4000200000000000</Keywords>\n<TimeCreated SystemTime=\"2014-01-25 13:39:08.642210+00:00\"></TimeCreated>\n<EventRecordID>15</EventRecordID>\n<Correlation ActivityID=\"\" RelatedActivityID=\"\"></Correlation>\n<Execution ProcessID=\"832\" ThreadID=\"1636\"></Execution>\n<Channel>Microsoft-Windows-NetworkProfile/Operational</Channel>\n<Computer>IACIS-HDD-2014</Computer>\n<Security UserID=\"S-1-5-19\"></Security>\n</System>\n<EventData><Data Name=\"Name\">Identifying...</Data>\n<Data Name=\"Description\">Identifying...</Data>\n<Data Name=\"Guid\">{a8afe00e-bec9-492a-8110-c62c4c358bda}</Data>\n<Data Name=\"Type\">0</Data>\n<Data Name=\"State\">1</Data>\n<Data Name=\"Category\">0</Data>\n</EventData>\n</Event>\n"
  },
  {
    "EventID": 4001,
    "Timestamp": "2014-01-25 13:39:12.589018+00:00",
    "Computer": "IACIS-HDD-2014",
    "Channel": "Microsoft-Windows-NetworkProfile/Operational",
    "Level": "Information",
    "EventData": {
      "InterfaceGuid": "{78a289b4-f8b9-43c7-8bba-f96e0bbc2185}",
      "CurrentOrNextState": "0"
    },
    "RawXml": "<Event xmlns=\"http://schemas.microsoft.com/win/2004/08/events/event\"><System><Provider Name=\"Microsoft-Windows-NetworkProfile\" Guid=\"{fbcfac3f-8459-419f-8e48-1f0b49cdb85e}\"></Provider>\n<EventID Qualifiers=\"\">4001</EventID>\n<Version>0</Version>\n<Level>4</Level>\n<Task>1</Task>\n<Opcode>1</Opcode>\n<Keywords>0x4000200000000000</Keywords>\n<TimeCreated SystemTime=\"2014-01-25 13:39:12.589018+00:00\"></TimeCreated>\n<EventRecordID>16</EventRecordID>\n<Correlation ActivityID=\"\" RelatedActivityID=\"\"></Correlation>\n<Execution ProcessID=\"832\" ThreadID=\"2520\"></Execution>\n<Channel>Microsoft-Windows-NetworkProfile/Operational</Channel>\n<Computer>IACIS-HDD-2014</Computer>\n<Security UserID=\"S-1-5-19\"></Security>\n</System>\n<EventData><Data Name=\"InterfaceGuid\">{78a289b4-f8b9-43c7-8bba-f96e0bbc2185}</Data>\n<Data Name=\"CurrentOrNextState\">0</Data>\n</EventData>\n</Event>\n"
  },
  {
    "EventID": 10000,
    "Timestamp": "2014-01-25 13:39:12.620216+00:00",
    "Computer": "IACIS-HDD-2014",
    "Channel": "Microsoft-Windows-NetworkProfile/Operational",
    "Level": "Information",
    "EventData": {
      "Name": "Identifying...",
      "Description": "Identifying...",
      "Guid": "{a8afe00e-bec9-492a-8110-c62c4c358bda}",
      "Type": "0",
      "State": "1",
      "Category": "0"
    },
    "RawXml": "<Event xmlns=\"http://schemas.microsoft.com/win/2004/08/events/event\"><System><Provider Name=\"Microsoft-Windows-NetworkProfile\" Guid=\"{fbcfac3f-8459-419f-8e48-1f0b49cdb85e}\"></Provider>\n<EventID Qualifiers=\"\">10000</EventID>\n<Version>0</Version>\n<Level>4</Level>\n<Task>0</Task>\n<Opcode>0</Opcode>\n<Keywords>0x4000200000000000</Keywords>\n<TimeCreated SystemTime=\"2014-01-25 13:39:12.620216+00:00\"></TimeCreated>\n<EventRecordID>17</EventRecordID>\n<Correlation ActivityID=\"\" RelatedActivityID=\"\"></Correlation>\n<Execution ProcessID=\"832\" ThreadID=\"1636\"></Execution>\n<Channel>Microsoft-Windows-NetworkProfile/Operational</Channel>\n<Computer>IACIS-HDD-2014</Computer>\n<Security UserID=\"S-1-5-19\"></Security>\n</System>\n<EventData><Data Name=\"Name\">Identifying...</Data>\n<Data Name=\"Description\">Identifying...</Data>\n<Data Name=\"Guid\">{a8afe00e-bec9-492a-8110-c62c4c358bda}</Data>\n<Data Name=\"Type\">0</Data>\n<Data Name=\"State\">1</Data>\n<Data Name=\"Category\">0</Data>\n</EventData>\n</Event>\n"
  },
  {
    "EventID": 4002,
    "Timestamp": "2014-01-25 13:39:25.677441+00:00",
    "Computer": "IACIS-HDD-2014",
    "Channel": "Microsoft-Windows-NetworkProfile/Operational",
    "Level": "Information",
    "EventData": {
      "InterfaceGuid": "{78a289b4-f8b9-43c7-8bba-f96e0bbc2185}",
      "CurrentOrNextState": "1"
    },
    "RawXml": "<Event xmlns=\"http://schemas.microsoft.com/win/2004/08/events/event\"><System><Provider Name=\"Microsoft-Windows-NetworkProfile\" Guid=\"{fbcfac3f-8459-419f-8e48-1f0b49cdb85e}\"></Provider>\n<EventID Qualifiers=\"\">4002</EventID>\n<Version>0</Version>\n<Level>4</Level>\n<Task>1</Task>\n<Opcode>2</Opcode>\n<Keywords>0x4001200000000000</Keywords>\n<TimeCreated SystemTime=\"2014-01-25 13:39:25.677441+00:00\"></TimeCreated>\n<EventRecordID>18</EventRecordID>\n<Correlation ActivityID=\"\" RelatedActivityID=\"\"></Correlation>\n<Execution ProcessID=\"832\" ThreadID=\"2520\"></Execution>\n<Channel>Microsoft-Windows-NetworkProfile/Operational</Channel>\n<Computer>IACIS-HDD-2014</Computer>\n<Security UserID=\"S-1-5-19\"></Security>\n</System>\n<EventData><Data Name=\"InterfaceGuid\">{78a289b4-f8b9-43c7-8bba-f96e0bbc2185}</Data>\n<Data Name=\"CurrentOrNextState\">1</Data>\n</EventData>\n</Event>\n"
  },
  {
    "EventID": 10000,
    "Timestamp": "2014-01-25 13:39:26.114241+00:00",
    "Computer": "IACIS-HDD-2014",
    "Channel": "Microsoft-Windows-NetworkProfile/Operational",
    "Level": "Information",
    "EventData": {
      "Name": "Network",
      "Description": "Network",
      "Guid": "{212ef057-fd0a-47b4-89ad-841d049b413b}",
      "Type": "0",
      "State": "1",
      "Category": "1"
    },
    "RawXml": "<Event xmlns=\"http://schemas.microsoft.com/win/2004/08/events/event\"><System><Provider Name=\"Microsoft-Windows-NetworkProfile\" Guid=\"{fbcfac3f-8459-419f-8e48-1f0b49cdb85e}\"></Provider>\n<EventID Qualifiers=\"\">10000</EventID>\n<Version>0</Version>\n<Level>4</Level>\n<Task>0</Task>\n<Opcode>0</Opcode>\n<Keywords>0x4000200000000000</Keywords>\n<TimeCreated SystemTime=\"2014-01-25 13:39:26.114241+00:00\"></TimeCreated>\n<EventRecordID>19</EventRecordID>\n<Correlation ActivityID=\"\" RelatedActivityID=\"\"></Correlation>\n<Execution ProcessID=\"832\" ThreadID=\"1636\"></Execution>\n<Channel>Microsoft-Windows-NetworkProfile/Operational</Channel>\n<Computer>IACIS-HDD-2014</Computer>\n<Security UserID=\"S-1-5-19\"></Security>\n</System>\n<EventData><Data Name=\"Name\">Network</Data>\n<Data Name=\"Description\">Network</Data>\n<Data Name=\"Guid\">{212ef057-fd0a-47b4-89ad-841d049b413b}</Data>\n<Data Name=\"Type\">0</Data>\n<Data Name=\"State\">1</Data>\n<Data Name=\"Category\">1</Data>\n</EventData>\n</Event>\n"
  },
  {
    "EventID": 4001,
    "Timestamp": "2014-01-25 13:52:13.245190+00:00",
    "Computer": "IACIS-HDD-2014",
    "Channel": "Microsoft-Windows-NetworkProfile/Operational",
    "Level": "Information",
    "EventData": {
      "InterfaceGuid": "{78a289b4-f8b9-43c7-8bba-f96e0bbc2185}",
      "CurrentOrNextState": "0"
    },
    "RawXml": "<Event xmlns=\"http://schemas.microsoft.com/win/2004/08/events/event\"><System><Provider Name=\"Microsoft-Windows-NetworkProfile\" Guid=\"{fbcfac3f-8459-419f-8e48-1f0b49cdb85e}\"></Provider>\n<EventID Qualifiers=\"\">4001</EventID>\n<Version>0</Version>\n<Level>4</Level>\n<Task>1</Task>\n<Opcode>1</Opcode>\n<Keywords>0x4000200000000000</Keywords>\n<TimeCreated SystemTime=\"2014-01-25 13:52:13.245190+00:00\"></TimeCreated>\n<EventRecordID>20</EventRecordID>\n<Correlation ActivityID=\"\" RelatedActivityID=\"\"></Correlation>\n<Execution ProcessID=\"832\" ThreadID=\"2688\"></Execution>\n<Channel>Microsoft-Windows-NetworkProfile/Operational</Channel>\n<Computer>IACIS-HDD-2014</Computer>\n<Security UserID=\"S-1-5-19\"></Security>\n</System>\n<EventData><Data Name=\"InterfaceGuid\">{78a289b4-f8b9-43c7-8bba-f96e0bbc2185}</Data>\n<Data Name=\"CurrentOrNextState\">0</Data>\n</EventData>\n</Event>\n"
  },
  {
    "EventID": 10000,
    "Timestamp": "2014-01-25 13:52:13.791189+00:00",
    "Computer": "IACIS-HDD-2014",
    "Channel": "Microsoft-Windows-NetworkProfile/Operational",
    "Level": "Information",
    "EventData": {
      "Name": "Identifying...",
      "Description": "Identifying...",
      "Guid": "{a8afe00e-bec9-492a-8110-c62c4c358bda}",
      "Type": "0",
      "State": "25",
      "Category": "0"
    },
    "RawXml": "<Event xmlns=\"http://schemas.microsoft.com/win/2004/08/events/event\"><System><Provider Name=\"Microsoft-Windows-NetworkProfile\" Guid=\"{fbcfac3f-8459-419f-8e48-1f0b49cdb85e}\"></Provider>\n<EventID Qualifiers=\"\">10000</EventID>\n<Version>0</Version>\n<Level>4</Level>\n<Task>0</Task>\n<Opcode>0</Opcode>\n<Keywords>0x4000200000000000</Keywords>\n<TimeCreated SystemTime=\"2014-01-25 13:52:13.791189+00:00\"></TimeCreated>\n<EventRecordID>21</EventRecordID>\n<Correlation ActivityID=\"\" RelatedActivityID=\"\"></Correlation>\n<Execution ProcessID=\"832\" ThreadID=\"1636\"></Execution>\n<Channel>Microsoft-Windows-NetworkProfile/Operational</Channel>\n<Computer>IACIS-HDD-2014</Computer>\n<Security UserID=\"S-1-5-19\"></Security>\n</System>\n<EventData><Data Name=\"Name\">Identifying...</Data>\n<Data Name=\"Description\">Identifying...</Data>\n<Data Name=\"Guid\">{a8afe00e-bec9-492a-8110-c62c4c358bda}</Data>\n<Data Name=\"Type\">0</Data>\n<Data Name=\"State\">25</Data>\n<Data Name=\"Category\">0</Data>\n</EventData>\n</Event>\n"
  },
  {
    "EventID": 10001,
    "Timestamp": "2014-01-25 13:52:13.791189+00:00",
    "Computer": "IACIS-HDD-2014",
    "Channel": "Microsoft-Windows-NetworkProfile/Operational",
    "Level": "Information",
    "EventData": {
      "Name": "Network",
      "Description": "Network",
      "Guid": "{212ef057-fd0a-47b4-89ad-841d049b413b}",
      "Type": "0",
      "State": "2",
      "Category": "1"
    },
    "RawXml": "<Event xmlns=\"http://schemas.microsoft.com/win/2004/08/events/event\"><System><Provider Name=\"Microsoft-Windows-NetworkProfile\" Guid=\"{fbcfac3f-8459-419f-8e48-1f0b49cdb85e}\"></Provider>\n<EventID Qualifiers=\"\">10001</EventID>\n<Version>0</Version>\n<Level>4</Level>\n<Task>0</Task>\n<Opcode>0</Opcode>\n<Keywords>0x4000200000000000</Keywords>\n<TimeCreated SystemTime=\"2014-01-25 13:52:13.791189+00:00\"></TimeCreated>\n<EventRecordID>22</EventRecordID>\n<Correlation ActivityID=\"\" RelatedActivityID=\"\"></Correlation>\n<Execution ProcessID=\"832\" ThreadID=\"1636\"></Execution>\n<Channel>Microsoft-Windows-NetworkProfile/Operational</Channel>\n<Computer>IACIS-HDD-2014</Computer>\n<Security UserID=\"S-1-5-19\"></Security>\n</System>\n<EventData><Data Name=\"Name\">Network</Data>\n<Data Name=\"Description\">Network</Data>\n<Data Name=\"Guid\">{212ef057-fd0a-47b4-89ad-841d049b413b}</Data>\n<Data Name=\"Type\">0</Data>\n<Data Name=\"State\">2</Data>\n<Data Name=\"Category\">1</Data>\n</EventData>\n</Event>\n"
  },
  {
    "EventID": 4001,
    "Timestamp": "2014-01-25 13:53:22.476662+00:00",
    "Computer": "IACIS-HDD-2014",
    "Channel": "Microsoft-Windows-NetworkProfile/Operational",
    "Level": "Information",
    "EventData": {
      "InterfaceGuid": "{78a289b4-f8b9-43c7-8bba-f96e0bbc2185}",
      "CurrentOrNextState": "0"
    },
    "RawXml": "<Event xmlns=\"http://schemas.microsoft.com/win/2004/08/events/event\"><System><Provider Name=\"Microsoft-Windows-NetworkProfile\" Guid=\"{fbcfac3f-8459-419f-8e48-1f0b49cdb85e}\"></Provider>\n<EventID Qualifiers=\"\">4001</EventID>\n<Version>0</Version>\n<Level>4</Level>\n<Task>1</Task>\n<Opcode>1</Opcode>\n<Keywords>0x4000200000000000</Keywords>\n<TimeCreated SystemTime=\"2014-01-25 13:53:22.476662+00:00\"></TimeCreated>\n<EventRecordID>23</EventRecordID>\n<Correlation ActivityID=\"\" RelatedActivityID=\"\"></Correlation>\n<Execution ProcessID=\"840\" ThreadID=\"1644\"></Execution>\n<Channel>Microsoft-Windows-NetworkProfile/Operational</Channel>\n<Computer>IACIS-HDD-2014</Computer>\n<Security UserID=\"S-1-5-19\"></Security>\n</System>\n<EventData><Data Name=\"InterfaceGuid\">{78a289b4-f8b9-43c7-8bba-f96e0bbc2185}</Data>\n<Data Name=\"CurrentOrNextState\">0</Data>\n</EventData>\n</Event>\n"
  },
  {
    "EventID": 10000,
    "Timestamp": "2014-01-25 13:53:22.554663+00:00",
    "Computer": "IACIS-HDD-2014",
    "Channel": "Microsoft-Windows-NetworkProfile/Operational",
    "Level": "Information",
    "EventData": {
      "Name": "Identifying...",
      "Description": "Identifying...",
      "Guid": "{7acac0ea-3edb-4842-a31d-2fc3c7fb0fd1}",
      "Type": "0",
      "State": "1",
      "Category": "0"
    },
    "RawXml": "<Event xmlns=\"http://schemas.microsoft.com/win/2004/08/events/event\"><System><Provider Name=\"Microsoft-Windows-NetworkProfile\" Guid=\"{fbcfac3f-8459-419f-8e48-1f0b49cdb85e}\"></Provider>\n<EventID Qualifiers=\"\">10000</EventID>\n<Version>0</Version>\n<Level>4</Level>\n<Task>0</Task>\n<Opcode>0</Opcode>\n<Keywords>0x4000200000000000</Keywords>\n<TimeCreated SystemTime=\"2014-01-25 13:53:22.554663+00:00\"></TimeCreated>\n<EventRecordID>24</EventRecordID>\n<Correlation ActivityID=\"\" RelatedActivityID=\"\"></Correlation>\n<Execution ProcessID=\"840\" ThreadID=\"1840\"></Execution>\n<Channel>Microsoft-Windows-NetworkProfile/Operational</Channel>\n<Computer>IACIS-HDD-2014</Computer>\n<Security UserID=\"S-1-5-19\"></Security>\n</System>\n<EventData><Data Name=\"Name\">Identifying...</Data>\n<Data Name=\"Description\">Identifying...</Data>\n<Data Name=\"Guid\">{7acac0ea-3edb-4842-a31d-2fc3c7fb0fd1}</Data>\n<Data Name=\"Type\">0</Data>\n<Data Name=\"State\">1</Data>\n<Data Name=\"Category\">0</Data>\n</EventData>\n</Event>\n"
  },
  {
    "EventID": 4002,
    "Timestamp": "2014-01-25 13:53:23.007063+00:00",
    "Computer": "IACIS-HDD-2014",
    "Channel": "Microsoft-Windows-NetworkProfile/Operational",
    "Level": "Information",
    "EventData": {
      "InterfaceGuid": "{78a289b4-f8b9-43c7-8bba-f96e0bbc2185}",
      "CurrentOrNextState": "1"
    },
    "RawXml": "<Event xmlns=\"http://schemas.microsoft.com/win/2004/08/events/event\"><System><Provider Name=\"Microsoft-Windows-NetworkProfile\" Guid=\"{fbcfac3f-8459-419f-8e48-1f0b49cdb85e}\"></Provider>\n<EventID Qualifiers=\"\">4002</EventID>\n<Version>0</Version>\n<Level>4</Level>\n<Task>1</Task>\n<Opcode>2</Opcode>\n<Keywords>0x4001200000000000</Keywords>\n<TimeCreated SystemTime=\"2014-01-25 13:53:23.007063+00:00\"></TimeCreated>\n<EventRecordID>25</EventRecordID>\n<Correlation ActivityID=\"\" RelatedActivityID=\"\"></Correlation>\n<Execution ProcessID=\"840\" ThreadID=\"1444\"></Execution>\n<Channel>Microsoft-Windows-NetworkProfile/Operational</Channel>\n<Computer>IACIS-HDD-2014</Computer>\n<Security UserID=\"S-1-5-19\"></Security>\n</System>\n<EventData><Data Name=\"InterfaceGuid\">{78a289b4-f8b9-43c7-8bba-f96e0bbc2185}</Data>\n<Data Name=\"CurrentOrNextState\">1</Data>\n</EventData>\n</Event>\n"
  },
  {
    "EventID": 10000,
    "Timestamp": "2014-01-25 13:53:23.100664+00:00",
    "Computer": "IACIS-HDD-2014",
    "Channel": "Microsoft-Windows-NetworkProfile/Operational",
    "Level": "Information",
    "EventData": {
      "Name": "Network",
      "Description": "Network",
      "Guid": "{212ef057-fd0a-47b4-89ad-841d049b413b}",
      "Type": "0",
      "State": "5",
      "Category": "1"
    },
    "RawXml": "<Event xmlns=\"http://schemas.microsoft.com/win/2004/08/events/event\"><System><Provider Name=\"Microsoft-Windows-NetworkProfile\" Guid=\"{fbcfac3f-8459-419f-8e48-1f0b49cdb85e}\"></Provider>\n<EventID Qualifiers=\"\">10000</EventID>\n<Version>0</Version>\n<Level>4</Level>\n<Task>0</Task>\n<Opcode>0</Opcode>\n<Keywords>0x4000200000000000</Keywords>\n<TimeCreated SystemTime=\"2014-01-25 13:53:23.100664+00:00\"></TimeCreated>\n<EventRecordID>26</EventRecordID>\n<Correlation ActivityID=\"\" RelatedActivityID=\"\"></Correlation>\n<Execution ProcessID=\"840\" ThreadID=\"1840\"></Execution>\n<Channel>Microsoft-Windows-NetworkProfile/Operational</Channel>\n<Computer>IACIS-HDD-2014</Computer>\n<Security UserID=\"S-1-5-19\"></Security>\n</System>\n<EventData><Data Name=\"Name\">Network</Data>\n<Data Name=\"Description\">Network</Data>\n<Data Name=\"Guid\">{212ef057-fd0a-47b4-89ad-841d049b413b}</Data>\n<Data Name=\"Type\">0</Data>\n<Data Name=\"State\">5</Data>\n<Data Name=\"Category\">1</Data>\n</EventData>\n</Event>\n"
  },
  {
    "EventID": 10001,
    "Timestamp": "2014-01-25 14:50:40.601475+00:00",
    "Computer": "IACIS-HDD-2014",
    "Channel": "Microsoft-Windows-NetworkProfile/Operational",
    "Level": "Information",
    "EventData": {
      "Name": "Network",
      "Description": "Network",
      "Guid": "{212ef057-fd0a-47b4-89ad-841d049b413b}",
      "Type": "0",
      "State": "2",
      "Category": "1"
    },
    "RawXml": "<Event xmlns=\"http://schemas.microsoft.com/win/2004/08/events/event\"><System><Provider Name=\"Microsoft-Windows-NetworkProfile\" Guid=\"{fbcfac3f-8459-419f-8e48-1f0b49cdb85e}\"></Provider>\n<EventID Qualifiers=\"\">10001</EventID>\n<Version>0</Version>\n<Level>4</Level>\n<Task>0</Task>\n<Opcode>0</Opcode>\n<Keywords>0x4000200000000000</Keywords>\n<TimeCreated SystemTime=\"2014-01-25 14:50:40.601475+00:00\"></TimeCreated>\n<EventRecordID>27</EventRecordID>\n<Correlation ActivityID=\"\" RelatedActivityID=\"\"></Correlation>\n<Execution ProcessID=\"840\" ThreadID=\"1840\"></Execution>\n<Channel>Microsoft-Windows-NetworkProfile/Operational</Channel>\n<Computer>IACIS-HDD-2014</Computer>\n<Security UserID=\"S-1-5-19\"></Security>\n</System>\n<EventData><Data Name=\"Name\">Network</Data>\n<Data Name=\"Description\">Network</Data>\n<Data Name=\"Guid\">{212ef057-fd0a-47b4-89ad-841d049b413b}</Data>\n<Data Name=\"Type\">0</Data>\n<Data Name=\"State\">2</Data>\n<Data Name=\"Category\">1</Data>\n</EventData>\n</Event>\n"
  },
  {
    "EventID": 4001,
    "Timestamp": "2014-01-29 12:27:58.002903+00:00",
    "Computer": "IACIS-HDD-2014",
    "Channel": "Microsoft-Windows-NetworkProfile/Operational",
    "Level": "Information",
    "EventData": {
      "InterfaceGuid": "{78a289b4-f8b9-43c7-8bba-f96e0bbc2185}",
      "CurrentOrNextState": "0"
    },
    "RawXml": "<Event xmlns=\"http://schemas.microsoft.com/win/2004/08/events/event\"><System><Provider Name=\"Microsoft-Windows-NetworkProfile\" Guid=\"{fbcfac3f-8459-419f-8e48-1f0b49cdb85e}\"></Provider>\n<EventID Qualifiers=\"\">4001</EventID>\n<Version>0</Version>\n<Level>4</Level>\n<Task>1</Task>\n<Opcode>1</Opcode>\n<Keywords>0x4000200000000000</Keywords>\n<TimeCreated SystemTime=\"2014-01-29 12:27:58.002903+00:00\"></TimeCreated>\n<EventRecordID>28</EventRecordID>\n<Correlation ActivityID=\"\" RelatedActivityID=\"\"></Correlation>\n<Execution ProcessID=\"928\" ThreadID=\"1588\"></Execution>\n<Channel>Microsoft-Windows-NetworkProfile/Operational</Channel>\n<Computer>IACIS-HDD-2014</Computer>\n<Security UserID=\"S-1-5-19\"></Security>\n</System>\n<EventData><Data Name=\"InterfaceGuid\">{78a289b4-f8b9-43c7-8bba-f96e0bbc2185}</Data>\n<Data Name=\"CurrentOrNextState\">0</Data>\n</EventData>\n</Event>\n"
  },
  {
    "EventID": 10000,
    "Timestamp": "2014-01-29 12:27:58.052904+00:00",
    "Computer": "IACIS-HDD-2014",
    "Channel": "Microsoft-Windows-NetworkProfile/Operational",
    "Level": "Information",
    "EventData": {
      "Name": "Identifying...",
      "Description": "Identifying...",
      "Guid": "{006536e0-1090-45a4-bd35-68db330b257b}",
      "Type": "0",
      "State": "1",
      "Category": "0"
    },
    "RawXml": "<Event xmlns=\"http://schemas.microsoft.com/win/2004/08/events/event\"><System><Provider Name=\"Microsoft-Windows-NetworkProfile\" Guid=\"{fbcfac3f-8459-419f-8e48-1f0b49cdb85e}\"></Provider>\n<EventID Qualifiers=\"\">10000</EventID>\n<Version>0</Version>\n<Level>4</Level>\n<Task>0</Task>\n<Opcode>0</Opcode>\n<Keywords>0x4000200000000000</Keywords>\n<TimeCreated SystemTime=\"2014-01-29 12:27:58.052904+00:00\"></TimeCreated>\n<EventRecordID>29</EventRecordID>\n<Correlation ActivityID=\"\" RelatedActivityID=\"\"></Correlation>\n<Execution ProcessID=\"928\" ThreadID=\"1660\"></Execution>\n<Channel>Microsoft-Windows-NetworkProfile/Operational</Channel>\n<Computer>IACIS-HDD-2014</Computer>\n<Security UserID=\"S-1-5-19\"></Security>\n</System>\n<EventData><Data Name=\"Name\">Identifying...</Data>\n<Data Name=\"Description\">Identifying...</Data>\n<Data Name=\"Guid\">{006536e0-1090-45a4-bd35-68db330b257b}</Data>\n<Data Name=\"Type\">0</Data>\n<Data Name=\"State\">1</Data>\n<Data Name=\"Category\">0</Data>\n</EventData>\n</Event>\n"
  },
  {
    "EventID": 4002,
    "Timestamp": "2014-01-29 12:28:00.554909+00:00",
    "Computer": "IACIS-HDD-2014",
    "Channel": "Microsoft-Windows-NetworkProfile/Operational",
    "Level": "Information",
    "EventData": {
      "InterfaceGuid": "{78a289b4-f8b9-43c7-8bba-f96e0bbc2185}",
      "CurrentOrNextState": "1"
    },
    "RawXml": "<Event xmlns=\"http://schemas.microsoft.com/win/2004/08/events/event\"><System><Provider Name=\"Microsoft-Windows-NetworkProfile\" Guid=\"{fbcfac3f-8459-419f-8e48-1f0b49cdb85e}\"></Provider>\n<EventID Qualifiers=\"\">4002</EventID>\n<Version>0</Version>\n<Level>4</Level>\n<Task>1</Task>\n<Opcode>2</Opcode>\n<Keywords>0x4001200000000000</Keywords>\n<TimeCreated SystemTime=\"2014-01-29 12:28:00.554909+00:00\"></TimeCreated>\n<EventRecordID>30</EventRecordID>\n<Correlation ActivityID=\"\" RelatedActivityID=\"\"></Correlation>\n<Execution ProcessID=\"928\" ThreadID=\"960\"></Execution>\n<Channel>Microsoft-Windows-NetworkProfile/Operational</Channel>\n<Computer>IACIS-HDD-2014</Computer>\n<Security UserID=\"S-1-5-19\"></Security>\n</System>\n<EventData><Data Name=\"InterfaceGuid\">{78a289b4-f8b9-43c7-8bba-f96e0bbc2185}</Data>\n<Data Name=\"CurrentOrNextState\">1</Data>\n</EventData>\n</Event>\n"
  },
  {
    "EventID": 10000,
    "Timestamp": "2014-01-29 12:28:00.594908+00:00",
    "Computer": "IACIS-HDD-2014",
    "Channel": "Microsoft-Windows-NetworkProfile/Operational",
    "Level": "Information",
    "EventData": {
      "Name": "Network  2",
      "Description": "Network",
      "Guid": "{a18bd810-8272-4622-bd4b-b3bae106b941}",
      "Type": "0",
      "State": "5",
      "Category": "0"
    },
    "RawXml": "<Event xmlns=\"http://schemas.microsoft.com/win/2004/08/events/event\"><System><Provider Name=\"Microsoft-Windows-NetworkProfile\" Guid=\"{fbcfac3f-8459-419f-8e48-1f0b49cdb85e}\"></Provider>\n<EventID Qualifiers=\"\">10000</EventID>\n<Version>0</Version>\n<Level>4</Level>\n<Task>0</Task>\n<Opcode>0</Opcode>\n<Keywords>0x4000200000000000</Keywords>\n<TimeCreated SystemTime=\"2014-01-29 12:28:00.594908+00:00\"></TimeCreated>\n<EventRecordID>31</EventRecordID>\n<Correlation ActivityID=\"\" RelatedActivityID=\"\"></Correlation>\n<Execution ProcessID=\"928\" ThreadID=\"1660\"></Execution>\n<Channel>Microsoft-Windows-NetworkProfile/Operational</Channel>\n<Computer>IACIS-HDD-2014</Computer>\n<Security UserID=\"S-1-5-19\"></Security>\n</System>\n<EventData><Data Name=\"Name\">Network  2</Data>\n<Data Name=\"Description\">Network</Data>\n<Data Name=\"Guid\">{a18bd810-8272-4622-bd4b-b3bae106b941}</Data>\n<Data Name=\"Type\">0</Data>\n<Data Name=\"State\">5</Data>\n<Data Name=\"Category\">0</Data>\n</EventData>\n</Event>\n"
  },
  {
    "EventID": 10002,
    "Timestamp": "2014-01-29 12:32:37.330351+00:00",
    "Computer": "IACIS-HDD-2014",
    "Channel": "Microsoft-Windows-NetworkProfile/Operational",
    "Level": "Information",
    "EventData": {
      "Name": "Network  2",
      "Description": "Network",
      "Guid": "{a18bd810-8272-4622-bd4b-b3bae106b941}",
      "Type": "0",
      "State": "9",
      "Category": "1"
    },
    "RawXml": "<Event xmlns=\"http://schemas.microsoft.com/win/2004/08/events/event\"><System><Provider Name=\"Microsoft-Windows-NetworkProfile\" Guid=\"{fbcfac3f-8459-419f-8e48-1f0b49cdb85e}\"></Provider>\n<EventID Qualifiers=\"\">10002</EventID>\n<Version>0</Version>\n<Level>4</Level>\n<Task>0</Task>\n<Opcode>0</Opcode>\n<Keywords>0x4000200000000000</Keywords>\n<TimeCreated SystemTime=\"2014-01-29 12:32:37.330351+00:00\"></TimeCreated>\n<EventRecordID>32</EventRecordID>\n<Correlation ActivityID=\"\" RelatedActivityID=\"\"></Correlation>\n<Execution ProcessID=\"928\" ThreadID=\"1660\"></Execution>\n<Channel>Microsoft-Windows-NetworkProfile/Operational</Channel>\n<Computer>IACIS-HDD-2014</Computer>\n<Security UserID=\"S-1-5-19\"></Security>\n</System>\n<EventData><Data Name=\"Name\">Network  2</Data>\n<Data Name=\"Description\">Network</Data>\n<Data Name=\"Guid\">{a18bd810-8272-4622-bd4b-b3bae106b941}</Data>\n<Data Name=\"Type\">0</Data>\n<Data Name=\"State\">9</Data>\n<Data Name=\"Category\">1</Data>\n</EventData>\n</Event>\n"
  },
  {
    "EventID": 10001,
    "Timestamp": "2014-01-29 15:38:02.350082+00:00",
    "Computer": "IACIS-HDD-2014",
    "Channel": "Microsoft-Windows-NetworkProfile/Operational",
    "Level": "Information",
    "EventData": {
      "Name": "Network  2",
      "Description": "Network",
      "Guid": "{a18bd810-8272-4622-bd4b-b3bae106b941}",
      "Type": "0",
      "State": "2",
      "Category": "1"
    },
    "RawXml": "<Event xmlns=\"http://schemas.microsoft.com/win/2004/08/events/event\"><System><Provider Name=\"Microsoft-Windows-NetworkProfile\" Guid=\"{fbcfac3f-8459-419f-8e48-1f0b49cdb85e}\"></Provider>\n<EventID Qualifiers=\"\">10001</EventID>\n<Version>0</Version>\n<Level>4</Level>\n<Task>0</Task>\n<Opcode>0</Opcode>\n<Keywords>0x4000200000000000</Keywords>\n<TimeCreated SystemTime=\"2014-01-29 15:38:02.350082+00:00\"></TimeCreated>\n<EventRecordID>33</EventRecordID>\n<Correlation ActivityID=\"\" RelatedActivityID=\"\"></Correlation>\n<Execution ProcessID=\"928\" ThreadID=\"1660\"></Execution>\n<Channel>Microsoft-Windows-NetworkProfile/Operational</Channel>\n<Computer>IACIS-HDD-2014</Computer>\n<Security UserID=\"S-1-5-19\"></Security>\n</System>\n<EventData><Data Name=\"Name\">Network  2</Data>\n<Data Name=\"Description\">Network</Data>\n<Data Name=\"Guid\">{a18bd810-8272-4622-bd4b-b3bae106b941}</Data>\n<Data Name=\"Type\">0</Data>\n<Data Name=\"State\">2</Data>\n<Data Name=\"Category\">1</Data>\n</EventData>\n</Event>\n"
  },
  {
    "EventID": 4001,
    "Timestamp": "2014-01-29 15:38:03.551285+00:00",
    "Computer": "IACIS-HDD-2014",
    "Channel": "Microsoft-Windows-NetworkProfile/Operational",
    "Level": "Information",
    "EventData": {
      "InterfaceGuid": "{78a289b4-f8b9-43c7-8bba-f96e0bbc2185}",
      "CurrentOrNextState": "0"
    },
    "RawXml": "<Event xmlns=\"http://schemas.microsoft.com/win/2004/08/events/event\"><System><Provider Name=\"Microsoft-Windows-NetworkProfile\" Guid=\"{fbcfac3f-8459-419f-8e48-1f0b49cdb85e}\"></Provider>\n<EventID Qualifiers=\"\">4001</EventID>\n<Version>0</Version>\n<Level>4</Level>\n<Task>1</Task>\n<Opcode>1</Opcode>\n<Keywords>0x4000200000000000</Keywords>\n<TimeCreated SystemTime=\"2014-01-29 15:38:03.551285+00:00\"></TimeCreated>\n<EventRecordID>34</EventRecordID>\n<Correlation ActivityID=\"\" RelatedActivityID=\"\"></Correlation>\n<Execution ProcessID=\"928\" ThreadID=\"1700\"></Execution>\n<Channel>Microsoft-Windows-NetworkProfile/Operational</Channel>\n<Computer>IACIS-HDD-2014</Computer>\n<Security UserID=\"S-1-5-19\"></Security>\n</System>\n<EventData><Data Name=\"InterfaceGuid\">{78a289b4-f8b9-43c7-8bba-f96e0bbc2185}</Data>\n<Data Name=\"CurrentOrNextState\">0</Data>\n</EventData>\n</Event>\n"
  },
  {
    "EventID": 10000,
    "Timestamp": "2014-01-29 15:38:03.800884+00:00",
    "Computer": "IACIS-HDD-2014",
    "Channel": "Microsoft-Windows-NetworkProfile/Operational",
    "Level": "Information",
    "EventData": {
      "Name": "Identifying...",
      "Description": "Identifying...",
      "Guid": "{006536e0-1090-45a4-bd35-68db330b257b}",
      "Type": "0",
      "State": "9",
      "Category": "0"
    },
    "RawXml": "<Event xmlns=\"http://schemas.microsoft.com/win/2004/08/events/event\"><System><Provider Name=\"Microsoft-Windows-NetworkProfile\" Guid=\"{fbcfac3f-8459-419f-8e48-1f0b49cdb85e}\"></Provider>\n<EventID Qualifiers=\"\">10000</EventID>\n<Version>0</Version>\n<Level>4</Level>\n<Task>0</Task>\n<Opcode>0</Opcode>\n<Keywords>0x4000200000000000</Keywords>\n<TimeCreated SystemTime=\"2014-01-29 15:38:03.800884+00:00\"></TimeCreated>\n<EventRecordID>35</EventRecordID>\n<Correlation ActivityID=\"\" RelatedActivityID=\"\"></Correlation>\n<Execution ProcessID=\"928\" ThreadID=\"1660\"></Execution>\n<Channel>Microsoft-Windows-NetworkProfile/Operational</Channel>\n<Computer>IACIS-HDD-2014</Computer>\n<Security UserID=\"S-1-5-19\"></Security>\n</System>\n<EventData><Data Name=\"Name\">Identifying...</Data>\n<Data Name=\"Description\">Identifying...</Data>\n<Data Name=\"Guid\">{006536e0-1090-45a4-bd35-68db330b257b}</Data>\n<Data Name=\"Type\">0</Data>\n<Data Name=\"State\">9</Data>\n<Data Name=\"Category\">0</Data>\n</EventData>\n</Event>\n"
  },
  {
    "EventID": 4001,
    "Timestamp": "2014-02-03 12:00:47.173271+00:00",
    "Computer": "IACIS-HDD-2014",
    "Channel": "Microsoft-Windows-NetworkProfile/Operational",
    "Level": "Information",
    "EventData": {
      "InterfaceGuid": "{78a289b4-f8b9-43c7-8bba-f96e0bbc2185}",
      "CurrentOrNextState": "0"
    },
    "RawXml": "<Event xmlns=\"http://schemas.microsoft.com/win/2004/08/events/event\"><System><Provider Name=\"Microsoft-Windows-NetworkProfile\" Guid=\"{fbcfac3f-8459-419f-8e48-1f0b49cdb85e}\"></Provider>\n<EventID Qualifiers=\"\">4001</EventID>\n<Version>0</Version>\n<Level>4</Level>\n<Task>1</Task>\n<Opcode>1</Opcode>\n<Keywords>0x4000200000000000</Keywords>\n<TimeCreated SystemTime=\"2014-02-03 12:00:47.173271+00:00\"></TimeCreated>\n<EventRecordID>36</EventRecordID>\n<Correlation ActivityID=\"\" RelatedActivityID=\"\"></Correlation>\n<Execution ProcessID=\"932\" ThreadID=\"964\"></Execution>\n<Channel>Microsoft-Windows-NetworkProfile/Operational</Channel>\n<Computer>IACIS-HDD-2014</Computer>\n<Security UserID=\"S-1-5-19\"></Security>\n</System>\n<EventData><Data Name=\"InterfaceGuid\">{78a289b4-f8b9-43c7-8bba-f96e0bbc2185}</Data>\n<Data Name=\"CurrentOrNextState\">0</Data>\n</EventData>\n</Event>\n"
  },
