  {
    "EventID": 3005,
    "Timestamp": "2014-02-06 12:20:31.838461+00:00",
    "Computer": "IACIS-HDD-2014",
    "Channel": "Microsoft-Windows-BranchCacheSMB/Operational",
    "Level": "Information",
    "EventData": {},
    "RawXml": "<Event xmlns=\"http://schemas.microsoft.com/win/2004/08/events/event\"><System><Provider Name=\"Microsoft-Windows-BranchCacheSMB\" Guid=\"{4a933674-fb3d-4e8d-b01d-17ee14e91a3e}\"></Provider>\n<EventID Qualifiers=\"\">3005</EventID>\n<Version>0</Version>\n<Level>4</Level>\n<Task>0</Task>\n<Opcode>0</Opcode>\n<Keywords>0x8000000000000800</Keywords>\n<TimeCreated SystemTime=\"2014-02-06 12:20:31.838461+00:00\"></TimeCreated>\n<EventRecordID>55</EventRecordID>\n<Correlation ActivityID=\"\" RelatedActivityID=\"\"></Correlation>\n<Execution ProcessID=\"888\" ThreadID=\"3700\"></Execution>\n<Channel>Microsoft-Windows-BranchCacheSMB/Operational</Channel>\n<Computer>IACIS-HDD-2014</Computer>\n<Security UserID=\"S-1-5-18\"></Security>\n</System>\n<UserData><CounterSummary xmlns:auto-ns3=\"http://schemas.microsoft.com/win/2004/08/events\" xmlns=\"CounterSummaryNs\"><ServiceActiveTimeInSeconds>3600</ServiceActiveTimeInSeconds>\n<SMBBranchCacheBytesRequested>0</SMBBranchCacheBytesRequested>\n<SMBBranchCacheBytesReceived>0</SMBBranchCacheBytesReceived>\n<SMBBranchCacheBytesPublished>0</SMBBranchCacheBytesPublished>\n<SMBBranchCacheBytesRequestedFromServer>0</SMBBranchCacheBytesRequestedFromServer>\n<SMBBranchCacheHashesRequested>0</SMBBranchCacheHashesRequested>\n<SMBBranchCacheHashesReceived>0</SMBBranchCacheHashesReceived>\n<SMBBranchCacheHashBytesReceived>0</SMBBranchCacheHashBytesReceived>\n<PrefetchOperationsQueued>0</PrefetchOperationsQueued>\n<PrefetchBytesReadFromCache>0</PrefetchBytesReadFromCache>\n<PrefetchBytesReadFromServer>0</PrefetchBytesReadFromServer>\n<ApplicationBytesReadFromCache>0</ApplicationBytesReadFromCache>\n<ApplicationBytesReadFromServer>0</ApplicationBytesReadFromServer>\n<ApplicationBytesReadFromServerNotCached>0</ApplicationBytesReadFromServerNotCached>\n</CounterSummary>\n</UserData>\n</Event>\n"
  },
  {
    "EventID": 3005,
    "Timestamp": "2014-02-06 13:20:31.854208+00:00",
    "Computer": "IACIS-HDD-2014",
    "Channel": "Microsoft-Windows-BranchCacheSMB/Operational",
    "Level": "Information",
    "EventData": {},
    "RawXml": "<Event xmlns=\"http://schemas.microsoft.com/win/2004/08/events/event\"><System><Provider Name=\"Microsoft-Windows-BranchCacheSMB\" Guid=\"{4a933674-fb3d-4e8d-b01d-17ee14e91a3e}\"></Provider>\n<EventID Qualifiers=\"\">3005</EventID>\n<Version>0</Version>\n<Level>4</Level>\n<Task>0</Task>\n<Opcode>0</Opcode>\n<Keywords>0x8000000000000800</Keywords>\n<TimeCreated SystemTime=\"2014-02-06 13:20:31.854208+00:00\"></TimeCreated>\n<EventRecordID>56</EventRecordID>\n<Correlation ActivityID=\"\" RelatedActivityID=\"\"></Correlation>\n<Execution ProcessID=\"888\" ThreadID=\"1036\"></Execution>\n<Channel>Microsoft-Windows-BranchCacheSMB/Operational</Channel>\n<Computer>IACIS-HDD-2014</Computer>\n<Security UserID=\"S-1-5-18\"></Security>\n</System>\n<UserData><CounterSummary xmlns:auto-ns3=\"http://schemas.microsoft.com/win/2004/08/events\" xmlns=\"CounterSummaryNs\"><ServiceActiveTimeInSeconds>7200</ServiceActiveTimeInSeconds>\n<SMBBranchCacheBytesRequested>0</SMBBranchCacheBytesRequested>\n<SMBBranchCacheBytesReceived>0</SMBBranchCacheBytesReceived>\n<SMBBranchCacheBytesPublished>0</SMBBranchCacheBytesPublished>\n<SMBBranchCacheBytesRequestedFromServer>0</SMBBranchCacheBytesRequestedFromServer>\n<SMBBranchCacheHashesRequested>0</SMBBranchCacheHashesRequested>\n<SMBBranchCacheHashesReceived>0</SMBBranchCacheHashesReceived>\n<SMBBranchCacheHashBytesReceived>0</SMBBranchCacheHashBytesReceived>\n<PrefetchOperationsQueued>0</PrefetchOperationsQueued>\n<PrefetchBytesReadFromCache>0</PrefetchBytesReadFromCache>\n<PrefetchBytesReadFromServer>0</PrefetchBytesReadFromServer>\n<ApplicationBytesReadFromCache>0</ApplicationBytesReadFromCache>\n<ApplicationBytesReadFromServer>0</ApplicationBytesReadFromServer>\n<ApplicationBytesReadFromServerNotCached>0</ApplicationBytesReadFromServerNotCached>\n</CounterSummary>\n</UserData>\n</Event>\n"
  },
  {
    "EventID": 3005,
    "Timestamp": "2014-02-06 14:20:31.831331+00:00",
    "Computer": "IACIS-HDD-2014",
    "Channel": "Microsoft-Windows-BranchCacheSMB/Operational",
    "Level": "Information",
    "EventData": {},
    "RawXml": "<Event xmlns=\"http://schemas.microsoft.com/win/2004/08/events/event\"><System><Provider Name=\"Microsoft-Windows-BranchCacheSMB\" Guid=\"{4a933674-fb3d-4e8d-b01d-17ee14e91a3e}\"></Provider>\n<EventID Qualifiers=\"\">3005</EventID>\n<Version>0</Version>\n<Level>4</Level>\n<Task>0</Task>\n<Opcode>0</Opcode>\n<Keywords>0x8000000000000800</Keywords>\n<TimeCreated SystemTime=\"2014-02-06 14:20:31.831331+00:00\"></TimeCreated>\n<EventRecordID>57</EventRecordID>\n<Correlation ActivityID=\"\" RelatedActivityID=\"\"></Correlation>\n<Execution ProcessID=\"888\" ThreadID=\"504\"></Execution>\n<Channel>Microsoft-Windows-BranchCacheSMB/Operational</Channel>\n<Computer>IACIS-HDD-2014</Computer>\n<Security UserID=\"S-1-5-18\"></Security>\n</System>\n<UserData><CounterSummary xmlns:auto-ns3=\"http://schemas.microsoft.com/win/2004/08/events\" xmlns=\"CounterSummaryNs\"><ServiceActiveTimeInSeconds>10800</ServiceActiveTimeInSeconds>\n<SMBBranchCacheBytesRequested>0</SMBBranchCacheBytesRequested>\n<SMBBranchCacheBytesReceived>0</SMBBranchCacheBytesReceived>\n<SMBBranchCacheBytesPublished>0</SMBBranchCacheBytesPublished>\n<SMBBranchCacheBytesRequestedFromServer>0</SMBBranchCacheBytesRequestedFromServer>\n<SMBBranchCacheHashesRequested>0</SMBBranchCacheHashesRequested>\n<SMBBranchCacheHashesReceived>0</SMBBranchCacheHashesReceived>\n<SMBBranchCacheHashBytesReceived>0</SMBBranchCacheHashBytesReceived>\n<PrefetchOperationsQueued>0</PrefetchOperationsQueued>\n<PrefetchBytesReadFromCache>0</PrefetchBytesReadFromCache>\n<PrefetchBytesReadFromServer>0</PrefetchBytesReadFromServer>\n<ApplicationBytesReadFromCache>0</ApplicationBytesReadFromCache>\n<ApplicationBytesReadFromServer>0</ApplicationBytesReadFromServer>\n<ApplicationBytesReadFromServerNotCached>0</ApplicationBytesReadFromServerNotCached>\n</CounterSummary>\n</UserData>\n</Event>\n"
  },
  {
    "EventID": 3005,
    "Timestamp": "2014-02-06 18:54:11.422832+00:00",
    "Computer": "IACIS-HDD-2014",
    "Channel": "Microsoft-Windows-BranchCacheSMB/Operational",
    "Level": "Information",
    "EventData": {},
    "RawXml": "<Event xmlns=\"http://schemas.microsoft.com/win/2004/08/events/event\"><System><Provider Name=\"Microsoft-Windows-BranchCacheSMB\" Guid=\"{4a933674-fb3d-4e8d-b01d-17ee14e91a3e}\"></Provider>\n<EventID Qualifiers=\"\">3005</EventID>\n<Version>0</Version>\n<Level>4</Level>\n<Task>0</Task>\n<Opcode>0</Opcode>\n<Keywords>0x8000000000000800</Keywords>\n<TimeCreated SystemTime=\"2014-02-06 18:54:11.422832+00:00\"></TimeCreated>\n<EventRecordID>58</EventRecordID>\n<Correlation ActivityID=\"\" RelatedActivityID=\"\"></Correlation>\n<Execution ProcessID=\"904\" ThreadID=\"920\"></Execution>\n<Channel>Microsoft-Windows-BranchCacheSMB/Operational</Channel>\n<Computer>IACIS-HDD-2014</Computer>\n<Security UserID=\"S-1-5-18\"></Security>\n</System>\n<UserData><CounterSummary xmlns:auto-ns3=\"http://schemas.microsoft.com/win/2004/08/events\" xmlns=\"CounterSummaryNs\"><ServiceActiveTimeInSeconds>0</ServiceActiveTimeInSeconds>\n<SMBBranchCacheBytesRequested>0</SMBBranchCacheBytesRequested>\n<SMBBranchCacheBytesReceived>0</SMBBranchCacheBytesReceived>\n<SMBBranchCacheBytesPublished>0</SMBBranchCacheBytesPublished>\n<SMBBranchCacheBytesRequestedFromServer>0</SMBBranchCacheBytesRequestedFromServer>\n<SMBBranchCacheHashesRequested>0</SMBBranchCacheHashesRequested>\n<SMBBranchCacheHashesReceived>0</SMBBranchCacheHashesReceived>\n<SMBBranchCacheHashBytesReceived>0</SMBBranchCacheHashBytesReceived>\n<PrefetchOperationsQueued>0</PrefetchOperationsQueued>\n<PrefetchBytesReadFromCache>0</PrefetchBytesReadFromCache>\n<PrefetchBytesReadFromServer>0</PrefetchBytesReadFromServer>\n<ApplicationBytesReadFromCache>0</ApplicationBytesReadFromCache>\n<ApplicationBytesReadFromServer>0</ApplicationBytesReadFromServer>\n<ApplicationBytesReadFromServerNotCached>0</ApplicationBytesReadFromServerNotCached>\n</CounterSummary>\n</UserData>\n</Event>\n"
  },
  {
    "EventID": 3001,
    "Timestamp": "2014-02-06 18:54:13.844843+00:00",
    "Computer": "IACIS-HDD-2014",
    "Channel": "Microsoft-Windows-BranchCacheSMB/Operational",
    "Level": "Information",
    "EventData": {},
    "RawXml": "<Event xmlns=\"http://schemas.microsoft.com/win/2004/08/events/event\"><System><Provider Name=\"Microsoft-Windows-BranchCacheSMB\" Guid=\"{4a933674-fb3d-4e8d-b01d-17ee14e91a3e}\"></Provider>\n<EventID Qualifiers=\"\">3001</EventID>\n<Version>0</Version>\n<Level>4</Level>\n<Task>0</Task>\n<Opcode>0</Opcode>\n<Keywords>0x8000000000000800</Keywords>\n<TimeCreated SystemTime=\"2014-02-06 18:54:13.844843+00:00\"></TimeCreated>\n<EventRecordID>59</EventRecordID>\n<Correlation ActivityID=\"\" RelatedActivityID=\"\"></Correlation>\n<Execution ProcessID=\"904\" ThreadID=\"364\"></Execution>\n<Channel>Microsoft-Windows-BranchCacheSMB/Operational</Channel>\n<Computer>IACIS-HDD-2014</Computer>\n<Security UserID=\"S-1-5-18\"></Security>\n</System>\n<EventData></EventData>\n</Event>\n"
  },
  {
    "EventID": 3005,
    "Timestamp": "2014-02-07 12:34:38.142031+00:00",
    "Computer": "IACIS-HDD-2014",
    "Channel": "Microsoft-Windows-BranchCacheSMB/Operational",
    "Level": "Information",
    "EventData": {},
    "RawXml": "<Event xmlns=\"http://schemas.microsoft.com/win/2004/08/events/event\"><System><Provider Name=\"Microsoft-Windows-BranchCacheSMB\" Guid=\"{4a933674-fb3d-4e8d-b01d-17ee14e91a3e}\"></Provider>\n<EventID Qualifiers=\"\">3005</EventID>\n<Version>0</Version>\n<Level>4</Level>\n<Task>0</Task>\n<Opcode>0</Opcode>\n<Keywords>0x8000000000000800</Keywords>\n<TimeCreated SystemTime=\"2014-02-07 12:34:38.142031+00:00\"></TimeCreated>\n<EventRecordID>60</EventRecordID>\n<Correlation ActivityID=\"\" RelatedActivityID=\"\"></Correlation>\n<Execution ProcessID=\"912\" ThreadID=\"712\"></Execution>\n<Channel>Microsoft-Windows-BranchCacheSMB/Operational</Channel>\n<Computer>IACIS-HDD-2014</Computer>\n<Security UserID=\"S-1-5-18\"></Security>\n</System>\n<UserData><CounterSummary xmlns:auto-ns3=\"http://schemas.microsoft.com/win/2004/08/events\" xmlns=\"CounterSummaryNs\"><ServiceActiveTimeInSeconds>0</ServiceActiveTimeInSeconds>\n<SMBBranchCacheBytesRequested>0</SMBBranchCacheBytesRequested>\n<SMBBranchCacheBytesReceived>0</SMBBranchCacheBytesReceived>\n<SMBBranchCacheBytesPublished>0</SMBBranchCacheBytesPublished>\n<SMBBranchCacheBytesRequestedFromServer>0</SMBBranchCacheBytesRequestedFromServer>\n<SMBBranchCacheHashesRequested>0</SMBBranchCacheHashesRequested>\n<SMBBranchCacheHashesReceived>0</SMBBranchCacheHashesReceived>\n<SMBBranchCacheHashBytesReceived>0</SMBBranchCacheHashBytesReceived>\n<PrefetchOperationsQueued>0</PrefetchOperationsQueued>\n<PrefetchBytesReadFromCache>0</PrefetchBytesReadFromCache>\n<PrefetchBytesReadFromServer>0</PrefetchBytesReadFromServer>\n<ApplicationBytesReadFromCache>0</ApplicationBytesReadFromCache>\n<ApplicationBytesReadFromServer>0</ApplicationBytesReadFromServer>\n<ApplicationBytesReadFromServerNotCached>0</ApplicationBytesReadFromServerNotCached>\n</CounterSummary>\n</UserData>\n</Event>\n"
  },
  {
    "EventID": 3001,
    "Timestamp": "2014-02-07 12:34:39.156034+00:00",
    "Computer": "IACIS-HDD-2014",
    "Channel": "Microsoft-Windows-BranchCacheSMB/Operational",
    "Level": "Information",
    "EventData": {},
    "RawXml": "<Event xmlns=\"http://schemas.microsoft.com/win/2004/08/events/event\"><System><Provider Name=\"Microsoft-Windows-BranchCacheSMB\" Guid=\"{4a933674-fb3d-4e8d-b01d-17ee14e91a3e}\"></Provider>\n<EventID Qualifiers=\"\">3001</EventID>\n<Version>0</Version>\n<Level>4</Level>\n<Task>0</Task>\n<Opcode>0</Opcode>\n<Keywords>0x8000000000000800</Keywords>\n<TimeCreated SystemTime=\"2014-02-07 12:34:39.156034+00:00\"></TimeCreated>\n<EventRecordID>61</EventRecordID>\n<Correlation ActivityID=\"\" RelatedActivityID=\"\"></Correlation>\n<Execution ProcessID=\"912\" ThreadID=\"424\"></Execution>\n<Channel>Microsoft-Windows-BranchCacheSMB/Operational</Channel>\n<Computer>IACIS-HDD-2014</Computer>\n<Security UserID=\"S-1-5-18\"></Security>\n</System>\n<EventData></EventData>\n</Event>\n"
  },
  {
    "EventID": 3005,
    "Timestamp": "2014-02-07 13:34:38.476982+00:00",
    "Computer": "IACIS-HDD-2014",
    "Channel": "Microsoft-Windows-BranchCacheSMB/Operational",
    "Level": "Information",
    "EventData": {},
    "RawXml": "<Event xmlns=\"http://schemas.microsoft.com/win/2004/08/events/event\"><System><Provider Name=\"Microsoft-Windows-BranchCacheSMB\" Guid=\"{4a933674-fb3d-4e8d-b01d-17ee14e91a3e}\"></Provider>\n<EventID Qualifiers=\"\">3005</EventID>\n<Version>0</Version>\n<Level>4</Level>\n<Task>0</Task>\n<Opcode>0</Opcode>\n<Keywords>0x8000000000000800</Keywords>\n<TimeCreated SystemTime=\"2014-02-07 13:34:38.476982+00:00\"></TimeCreated>\n<EventRecordID>62</EventRecordID>\n<Correlation ActivityID=\"\" RelatedActivityID=\"\"></Correlation>\n<Execution ProcessID=\"912\" ThreadID=\"4076\"></Execution>\n<Channel>Microsoft-Windows-BranchCacheSMB/Operational</Channel>\n<Computer>IACIS-HDD-2014</Computer>\n<Security UserID=\"S-1-5-18\"></Security>\n</System>\n<UserData><CounterSummary xmlns:auto-ns3=\"http://schemas.microsoft.com/win/2004/08/events\" xmlns=\"CounterSummaryNs\"><ServiceActiveTimeInSeconds>3600</ServiceActiveTimeInSeconds>\n<SMBBranchCacheBytesRequested>0</SMBBranchCacheBytesRequested>\n<SMBBranchCacheBytesReceived>0</SMBBranchCacheBytesReceived>\n<SMBBranchCacheBytesPublished>0</SMBBranchCacheBytesPublished>\n<SMBBranchCacheBytesRequestedFromServer>0</SMBBranchCacheBytesRequestedFromServer>\n<SMBBranchCacheHashesRequested>0</SMBBranchCacheHashesRequested>\n<SMBBranchCacheHashesReceived>0</SMBBranchCacheHashesReceived>\n<SMBBranchCacheHashBytesReceived>0</SMBBranchCacheHashBytesReceived>\n<PrefetchOperationsQueued>0</PrefetchOperationsQueued>\n<PrefetchBytesReadFromCache>0</PrefetchBytesReadFromCache>\n<PrefetchBytesReadFromServer>0</PrefetchBytesReadFromServer>\n<ApplicationBytesReadFromCache>0</ApplicationBytesReadFromCache>\n<ApplicationBytesReadFromServer>0</ApplicationBytesReadFromServer>\n<ApplicationBytesReadFromServerNotCached>0</ApplicationBytesReadFromServerNotCached>\n</CounterSummary>\n</UserData>\n</Event>\n"
  },
  {
    "EventID": 3005,
    "Timestamp": "2014-02-07 14:34:38.154858+00:00",
    "Computer": "IACIS-HDD-2014",
    "Channel": "Microsoft-Windows-BranchCacheSMB/Operational",
    "Level": "Information",
    "EventData": {},
    "RawXml": "<Event xmlns=\"http://schemas.microsoft.com/win/2004/08/events/event\"><System><Provider Name=\"Microsoft-Windows-BranchCacheSMB\" Guid=\"{4a933674-fb3d-4e8d-b01d-17ee14e91a3e}\"></Provider>\n<EventID Qualifiers=\"\">3005</EventID>\n<Version>0</Version>\n<Level>4</Level>\n<Task>0</Task>\n<Opcode>0</Opcode>\n<Keywords>0x8000000000000800</Keywords>\n<TimeCreated SystemTime=\"2014-02-07 14:34:38.154858+00:00\"></TimeCreated>\n<EventRecordID>63</EventRecordID>\n<Correlation ActivityID=\"\" RelatedActivityID=\"\"></Correlation>\n<Execution ProcessID=\"912\" ThreadID=\"452\"></Execution>\n<Channel>Microsoft-Windows-BranchCacheSMB/Operational</Channel>\n<Computer>IACIS-HDD-2014</Computer>\n<Security UserID=\"S-1-5-18\"></Security>\n</System>\n<UserData><CounterSummary xmlns:auto-ns3=\"http://schemas.microsoft.com/win/2004/08/events\" xmlns=\"CounterSummaryNs\"><ServiceActiveTimeInSeconds>7200</ServiceActiveTimeInSeconds>\n<SMBBranchCacheBytesRequested>0</SMBBranchCacheBytesRequested>\n<SMBBranchCacheBytesReceived>0</SMBBranchCacheBytesReceived>\n<SMBBranchCacheBytesPublished>0</SMBBranchCacheBytesPublished>\n<SMBBranchCacheBytesRequestedFromServer>0</SMBBranchCacheBytesRequestedFromServer>\n<SMBBranchCacheHashesRequested>0</SMBBranchCacheHashesRequested>\n<SMBBranchCacheHashesReceived>0</SMBBranchCacheHashesReceived>\n<SMBBranchCacheHashBytesReceived>0</SMBBranchCacheHashBytesReceived>\n<PrefetchOperationsQueued>0</PrefetchOperationsQueued>\n<PrefetchBytesReadFromCache>0</PrefetchBytesReadFromCache>\n<PrefetchBytesReadFromServer>0</PrefetchBytesReadFromServer>\n<ApplicationBytesReadFromCache>0</ApplicationBytesReadFromCache>\n<ApplicationBytesReadFromServer>0</ApplicationBytesReadFromServer>\n<ApplicationBytesReadFromServerNotCached>0</ApplicationBytesReadFromServerNotCached>\n</CounterSummary>\n</UserData>\n</Event>\n"
  },
  {
    "EventID": 3005,
    "Timestamp": "2014-02-07 16:51:51.134041+00:00",
    "Computer": "IACIS-HDD-2014",
    "Channel": "Microsoft-Windows-BranchCacheSMB/Operational",
    "Level": "Information",
    "EventData": {},
    "RawXml": "<Event xmlns=\"http://schemas.microsoft.com/win/2004/08/events/event\"><System><Provider Name=\"Microsoft-Windows-BranchCacheSMB\" Guid=\"{4a933674-fb3d-4e8d-b01d-17ee14e91a3e}\"></Provider>\n<EventID Qualifiers=\"\">3005</EventID>\n<Version>0</Version>\n<Level>4</Level>\n<Task>0</Task>\n<Opcode>0</Opcode>\n<Keywords>0x8000000000000800</Keywords>\n<TimeCreated SystemTime=\"2014-02-07 16:51:51.134041+00:00\"></TimeCreated>\n<EventRecordID>64</EventRecordID>\n<Correlation ActivityID=\"\" RelatedActivityID=\"\"></Correlation>\n<Execution ProcessID=\"888\" ThreadID=\"904\"></Execution>\n<Channel>Microsoft-Windows-BranchCacheSMB/Operational</Channel>\n<Computer>IACIS-HDD-2014</Computer>\n<Security UserID=\"S-1-5-18\"></Security>\n</System>\n<UserData><CounterSummary xmlns:auto-ns3=\"http://schemas.microsoft.com/win/2004/08/events\" xmlns=\"CounterSummaryNs\"><ServiceActiveTimeInSeconds>0</ServiceActiveTimeInSeconds>\n<SMBBranchCacheBytesRequested>0</SMBBranchCacheBytesRequested>\n<SMBBranchCacheBytesReceived>0</SMBBranchCacheBytesReceived>\n<SMBBranchCacheBytesPublished>0</SMBBranchCacheBytesPublished>\n<SMBBranchCacheBytesRequestedFromServer>0</SMBBranchCacheBytesRequestedFromServer>\n<SMBBranchCacheHashesRequested>0</SMBBranchCacheHashesRequested>\n<SMBBranchCacheHashesReceived>0</SMBBranchCacheHashesReceived>\n<SMBBranchCacheHashBytesReceived>0</SMBBranchCacheHashBytesReceived>\n<PrefetchOperationsQueued>0</PrefetchOperationsQueued>\n<PrefetchBytesReadFromCache>0</PrefetchBytesReadFromCache>\n<PrefetchBytesReadFromServer>0</PrefetchBytesReadFromServer>\n<ApplicationBytesReadFromCache>0</ApplicationBytesReadFromCache>\n<ApplicationBytesReadFromServer>0</ApplicationBytesReadFromServer>\n<ApplicationBytesReadFromServerNotCached>0</ApplicationBytesReadFromServerNotCached>\n</CounterSummary>\n</UserData>\n</Event>\n"
  },
  {
    "EventID": 3001,
    "Timestamp": "2014-02-07 16:51:52.325644+00:00",
    "Computer": "IACIS-HDD-2014",
    "Channel": "Microsoft-Windows-BranchCacheSMB/Operational",
    "Level": "Information",
    "EventData": {},
    "RawXml": "<Event xmlns=\"http://schemas.microsoft.com/win/2004/08/events/event\"><System><Provider Name=\"Microsoft-Windows-BranchCacheSMB\" Guid=\"{4a933674-fb3d-4e8d-b01d-17ee14e91a3e}\"></Provider>\n<EventID Qualifiers=\"\">3001</EventID>\n<Version>0</Version>\n<Level>4</Level>\n<Task>0</Task>\n<Opcode>0</Opcode>\n<Keywords>0x8000000000000800</Keywords>\n<TimeCreated SystemTime=\"2014-02-07 16:51:52.325644+00:00\"></TimeCreated>\n<EventRecordID>65</EventRecordID>\n<Correlation ActivityID=\"\" RelatedActivityID=\"\"></Correlation>\n<Execution ProcessID=\"888\" ThreadID=\"316\"></Execution>\n<Channel>Microsoft-Windows-BranchCacheSMB/Operational</Channel>\n<Computer>IACIS-HDD-2014</Computer>\n<Security UserID=\"S-1-5-18\"></Security>\n</System>\n<EventData></EventData>\n</Event>\n"
  },
  {
    "EventID": 3005,
    "Timestamp": "2014-02-10 14:49:43.628830+00:00",
    "Computer": "IACIS-HDD-2014",
    "Channel": "Microsoft-Windows-BranchCacheSMB/Operational",
    "Level": "Information",
    "EventData": {},
    "RawXml": "<Event xmlns=\"http://schemas.microsoft.com/win/2004/08/events/event\"><System><Provider Name=\"Microsoft-Windows-BranchCacheSMB\" Guid=\"{4a933674-fb3d-4e8d-b01d-17ee14e91a3e}\"></Provider>\n<EventID Qualifiers=\"\">3005</EventID>\n<Version>0</Version>\n<Level>4</Level>\n<Task>0</Task>\n<Opcode>0</Opcode>\n<Keywords>0x8000000000000800</Keywords>\n<TimeCreated SystemTime=\"2014-02-10 14:49:43.628830+00:00\"></TimeCreated>\n<EventRecordID>66</EventRecordID>\n<Correlation ActivityID=\"\" RelatedActivityID=\"\"></Correlation>\n<Execution ProcessID=\"904\" ThreadID=\"920\"></Execution>\n<Channel>Microsoft-Windows-BranchCacheSMB/Operational</Channel>\n<Computer>IACIS-HDD-2014</Computer>\n<Security UserID=\"S-1-5-18\"></Security>\n</System>\n<UserData><CounterSummary xmlns:auto-ns3=\"http://schemas.microsoft.com/win/2004/08/events\" xmlns=\"CounterSummaryNs\"><ServiceActiveTimeInSeconds>0</ServiceActiveTimeInSeconds>\n<SMBBranchCacheBytesRequested>0</SMBBranchCacheBytesRequested>\n<SMBBranchCacheBytesReceived>0</SMBBranchCacheBytesReceived>\n<SMBBranchCacheBytesPublished>0</SMBBranchCacheBytesPublished>\n<SMBBranchCacheBytesRequestedFromServer>0</SMBBranchCacheBytesRequestedFromServer>\n<SMBBranchCacheHashesRequested>0</SMBBranchCacheHashesRequested>\n<SMBBranchCacheHashesReceived>0</SMBBranchCacheHashesReceived>\n<SMBBranchCacheHashBytesReceived>0</SMBBranchCacheHashBytesReceived>\n<PrefetchOperationsQueued>0</PrefetchOperationsQueued>\n<PrefetchBytesReadFromCache>0</PrefetchBytesReadFromCache>\n<PrefetchBytesReadFromServer>0</PrefetchBytesReadFromServer>\n<ApplicationBytesReadFromCache>0</ApplicationBytesReadFromCache>\n<ApplicationBytesReadFromServer>0</ApplicationBytesReadFromServer>\n<ApplicationBytesReadFromServerNotCached>0</ApplicationBytesReadFromServerNotCached>\n</CounterSummary>\n</UserData>\n</Event>\n"
  },
  {
    "EventID": 3001,
    "Timestamp": "2014-02-10 14:49:48.146837+00:00",
    "Computer": "IACIS-HDD-2014",
    "Channel": "Microsoft-Windows-BranchCacheSMB/Operational",
    "Level": "Information",
    "EventData": {},
    "RawXml": "<Event xmlns=\"http://schemas.microsoft.com/win/2004/08/events/event\"><System><Provider Name=\"Microsoft-Windows-BranchCacheSMB\" Guid=\"{4a933674-fb3d-4e8d-b01d-17ee14e91a3e}\"></Provider>\n<EventID Qualifiers=\"\">3001</EventID>\n<Version>0</Version>\n<Level>4</Level>\n<Task>0</Task>\n<Opcode>0</Opcode>\n<Keywords>0x8000000000000800</Keywords>\n<TimeCreated SystemTime=\"2014-02-10 14:49:48.146837+00:00\"></TimeCreated>\n<EventRecordID>67</EventRecordID>\n<Correlation ActivityID=\"\" RelatedActivityID=\"\"></Correlation>\n<Execution ProcessID=\"904\" ThreadID=\"348\"></Execution>\n<Channel>Microsoft-Windows-BranchCacheSMB/Operational</Channel>\n<Computer>IACIS-HDD-2014</Computer>\n<Security UserID=\"S-1-5-18\"></Security>\n</System>\n<EventData></EventData>\n</Event>\n"
  },
  {
    "EventID": 3005,
    "Timestamp": "2014-02-10 15:49:36.264538+00:00",
    "Computer": "IACIS-HDD-2014",
    "Channel": "Microsoft-Windows-BranchCacheSMB/Operational",
    "Level": "Information",
    "EventData": {},
    "RawXml": "<Event xmlns=\"http://schemas.microsoft.com/win/2004/08/events/event\"><System><Provider Name=\"Microsoft-Windows-BranchCacheSMB\" Guid=\"{4a933674-fb3d-4e8d-b01d-17ee14e91a3e}\"></Provider>\n<EventID Qualifiers=\"\">3005</EventID>\n<Version>0</Version>\n<Level>4</Level>\n<Task>0</Task>\n<Opcode>0</Opcode>\n<Keywords>0x8000000000000800</Keywords>\n<TimeCreated SystemTime=\"2014-02-10 15:49:36.264538+00:00\"></TimeCreated>\n<EventRecordID>68</EventRecordID>\n<Correlation ActivityID=\"\" RelatedActivityID=\"\"></Correlation>\n<Execution ProcessID=\"904\" ThreadID=\"1488\"></Execution>\n<Channel>Microsoft-Windows-BranchCacheSMB/Operational</Channel>\n<Computer>IACIS-HDD-2014</Computer>\n<Security UserID=\"S-1-5-18\"></Security>\n</System>\n<UserData><CounterSummary xmlns:auto-ns3=\"http://schemas.microsoft.com/win/2004/08/events\" xmlns=\"CounterSummaryNs\"><ServiceActiveTimeInSeconds>3593</ServiceActiveTimeInSeconds>\n<SMBBranchCacheBytesRequested>0</SMBBranchCacheBytesRequested>\n<SMBBranchCacheBytesReceived>0</SMBBranchCacheBytesReceived>\n<SMBBranchCacheBytesPublished>0</SMBBranchCacheBytesPublished>\n<SMBBranchCacheBytesRequestedFromServer>0</SMBBranchCacheBytesRequestedFromServer>\n<SMBBranchCacheHashesRequested>0</SMBBranchCacheHashesRequested>\n<SMBBranchCacheHashesReceived>0</SMBBranchCacheHashesReceived>\n<SMBBranchCacheHashBytesReceived>0</SMBBranchCacheHashBytesReceived>\n<PrefetchOperationsQueued>0</PrefetchOperationsQueued>\n<PrefetchBytesReadFromCache>0</PrefetchBytesReadFromCache>\n<PrefetchBytesReadFromServer>0</PrefetchBytesReadFromServer>\n<ApplicationBytesReadFromCache>0</ApplicationBytesReadFromCache>\n<ApplicationBytesReadFromServer>0</ApplicationBytesReadFromServer>\n<ApplicationBytesReadFromServerNotCached>0</ApplicationBytesReadFromServerNotCached>\n</CounterSummary>\n</UserData>\n</Event>\n"
  },
  {
    "EventID": 3005,
    "Timestamp": "2014-02-10 16:49:36.267262+00:00",
    "Computer": "IACIS-HDD-2014",
    "Channel": "Microsoft-Windows-BranchCacheSMB/Operational",
    "Level": "Information",
    "EventData": {},
    "RawXml": "<Event xmlns=\"http://schemas.microsoft.com/win/2004/08/events/event\"><System><Provider Name=\"Microsoft-Windows-BranchCacheSMB\" Guid=\"{4a933674-fb3d-4e8d-b01d-17ee14e91a3e}\"></Provider>\n<EventID Qualifiers=\"\">3005</EventID>\n<Version>0</Version>\n<Level>4</Level>\n<Task>0</Task>\n<Opcode>0</Opcode>\n<Keywords>0x8000000000000800</Keywords>\n<TimeCreated SystemTime=\"2014-02-10 16:49:36.267262+00:00\"></TimeCreated>\n<EventRecordID>69</EventRecordID>\n<Correlation ActivityID=\"\" RelatedActivityID=\"\"></Correlation>\n<Execution ProcessID=\"904\" ThreadID=\"920\"></Execution>\n<Channel>Microsoft-Windows-BranchCacheSMB/Operational</Channel>\n<Computer>IACIS-HDD-2014</Computer>\n<Security UserID=\"S-1-5-18\"></Security>\n</System>\n<UserData><CounterSummary xmlns:auto-ns3=\"http://schemas.microsoft.com/win/2004/08/events\" xmlns=\"CounterSummaryNs\"><ServiceActiveTimeInSeconds>7193</ServiceActiveTimeInSeconds>\n<SMBBranchCacheBytesRequested>0</SMBBranchCacheBytesRequested>\n<SMBBranchCacheBytesReceived>0</SMBBranchCacheBytesReceived>\n<SMBBranchCacheBytesPublished>0</SMBBranchCacheBytesPublished>\n<SMBBranchCacheBytesRequestedFromServer>0</SMBBranchCacheBytesRequestedFromServer>\n<SMBBranchCacheHashesRequested>0</SMBBranchCacheHashesRequested>\n<SMBBranchCacheHashesReceived>0</SMBBranchCacheHashesReceived>\n<SMBBranchCacheHashBytesReceived>0</SMBBranchCacheHashBytesReceived>\n<PrefetchOperationsQueued>0</PrefetchOperationsQueued>\n<PrefetchBytesReadFromCache>0</PrefetchBytesReadFromCache>\n<PrefetchBytesReadFromServer>0</PrefetchBytesReadFromServer>\n<ApplicationBytesReadFromCache>0</ApplicationBytesReadFromCache>\n<ApplicationBytesReadFromServer>0</ApplicationBytesReadFromServer>\n<ApplicationBytesReadFromServerNotCached>0</ApplicationBytesReadFromServerNotCached>\n</CounterSummary>\n</UserData>\n</Event>\n"
  },
  {
    "EventID": 3005,
    "Timestamp": "2014-02-10 17:49:36.269985+00:00",
    "Computer": "IACIS-HDD-2014",
    "Channel": "Microsoft-Windows-BranchCacheSMB/Operational",
    "Level": "Information",
    "EventData": {},
    "RawXml": "<Event xmlns=\"http://schemas.microsoft.com/win/2004/08/events/event\"><System><Provider Name=\"Microsoft-Windows-BranchCacheSMB\" Guid=\"{4a933674-fb3d-4e8d-b01d-17ee14e91a3e}\"></Provider>\n<EventID Qualifiers=\"\">3005</EventID>\n<Version>0</Version>\n<Level>4</Level>\n<Task>0</Task>\n<Opcode>0</Opcode>\n<Keywords>0x8000000000000800</Keywords>\n<TimeCreated SystemTime=\"2014-02-10 17:49:36.269985+00:00\"></TimeCreated>\n<EventRecordID>70</EventRecordID>\n<Correlation ActivityID=\"\" RelatedActivityID=\"\"></Correlation>\n<Execution ProcessID=\"904\" ThreadID=\"2744\"></Execution>\n<Channel>Microsoft-Windows-BranchCacheSMB/Operational</Channel>\n<Computer>IACIS-HDD-2014</Computer>\n<Security UserID=\"S-1-5-18\"></Security>\n</System>\n<UserData><CounterSummary xmlns:auto-ns3=\"http://schemas.microsoft.com/win/2004/08/events\" xmlns=\"CounterSummaryNs\"><ServiceActiveTimeInSeconds>10793</ServiceActiveTimeInSeconds>\n<SMBBranchCacheBytesRequested>0</SMBBranchCacheBytesRequested>\n<SMBBranchCacheBytesReceived>0</SMBBranchCacheBytesReceived>\n<SMBBranchCacheBytesPublished>0</SMBBranchCacheBytesPublished>\n<SMBBranchCacheBytesRequestedFromServer>0</SMBBranchCacheBytesRequestedFromServer>\n<SMBBranchCacheHashesRequested>0</SMBBranchCacheHashesRequested>\n<SMBBranchCacheHashesReceived>0</SMBBranchCacheHashesReceived>\n<SMBBranchCacheHashBytesReceived>0</SMBBranchCacheHashBytesReceived>\n<PrefetchOperationsQueued>0</PrefetchOperationsQueued>\n<PrefetchBytesReadFromCache>0</PrefetchBytesReadFromCache>\n<PrefetchBytesReadFromServer>0</PrefetchBytesReadFromServer>\n<ApplicationBytesReadFromCache>0</ApplicationBytesReadFromCache>\n<ApplicationBytesReadFromServer>0</ApplicationBytesReadFromServer>\n<ApplicationBytesReadFromServerNotCached>0</ApplicationBytesReadFromServerNotCached>\n</CounterSummary>\n</UserData>\n</Event>\n"
  },
  {
    "EventID": 3005,
    "Timestamp": "2014-02-11 13:24:37.958029+00:00",
    "Computer": "IACIS-HDD-2014",
    "Channel": "Microsoft-Windows-BranchCacheSMB/Operational",
    "Level": "Information",
    "EventData": {},
    "RawXml": "<Event xmlns=\"http://schemas.microsoft.com/win/2004/08/events/event\"><System><Provider Name=\"Microsoft-Windows-BranchCacheSMB\" Guid=\"{4a933674-fb3d-4e8d-b01d-17ee14e91a3e}\"></Provider>\n<EventID Qualifiers=\"\">3005</EventID>\n<Version>0</Version>\n<Level>4</Level>\n<Task>0</Task>\n<Opcode>0</Opcode>\n<Keywords>0x8000000000000800</Keywords>\n<TimeCreated SystemTime=\"2014-02-11 13:24:37.958029+00:00\"></TimeCreated>\n<EventRecordID>71</EventRecordID>\n<Correlation ActivityID=\"\" RelatedActivityID=\"\"></Correlation>\n<Execution ProcessID=\"912\" ThreadID=\"716\"></Execution>\n<Channel>Microsoft-Windows-BranchCacheSMB/Operational</Channel>\n<Computer>IACIS-HDD-2014</Computer>\n<Security UserID=\"S-1-5-18\"></Security>\n</System>\n<UserData><CounterSummary xmlns:auto-ns3=\"http://schemas.microsoft.com/win/2004/08/events\" xmlns=\"CounterSummaryNs\"><ServiceActiveTimeInSeconds>0</ServiceActiveTimeInSeconds>\n<SMBBranchCacheBytesRequested>0</SMBBranchCacheBytesRequested>\n<SMBBranchCacheBytesReceived>0</SMBBranchCacheBytesReceived>\n<SMBBranchCacheBytesPublished>0</SMBBranchCacheBytesPublished>\n<SMBBranchCacheBytesRequestedFromServer>0</SMBBranchCacheBytesRequestedFromServer>\n<SMBBranchCacheHashesRequested>0</SMBBranchCacheHashesRequested>\n<SMBBranchCacheHashesReceived>0</SMBBranchCacheHashesReceived>\n<SMBBranchCacheHashBytesReceived>0</SMBBranchCacheHashBytesReceived>\n<PrefetchOperationsQueued>0</PrefetchOperationsQueued>\n<PrefetchBytesReadFromCache>0</PrefetchBytesReadFromCache>\n<PrefetchBytesReadFromServer>0</PrefetchBytesReadFromServer>\n<ApplicationBytesReadFromCache>0</ApplicationBytesReadFromCache>\n<ApplicationBytesReadFromServer>0</ApplicationBytesReadFromServer>\n<ApplicationBytesReadFromServerNotCached>0</ApplicationBytesReadFromServerNotCached>\n</CounterSummary>\n</UserData>\n</Event>\n"
  },
  {
    "EventID": 3001,
    "Timestamp": "2014-02-11 13:24:40.064032+00:00",
    "Computer": "IACIS-HDD-2014",
    "Channel": "Microsoft-Windows-BranchCacheSMB/Operational",
    "Level": "Information",
    "EventData": {},
    "RawXml": "<Event xmlns=\"http://schemas.microsoft.com/win/2004/08/events/event\"><System><Provider Name=\"Microsoft-Windows-BranchCacheSMB\" Guid=\"{4a933674-fb3d-4e8d-b01d-17ee14e91a3e}\"></Provider>\n<EventID Qualifiers=\"\">3001</EventID>\n<Version>0</Version>\n<Level>4</Level>\n<Task>0</Task>\n<Opcode>0</Opcode>\n<Keywords>0x8000000000000800</Keywords>\n<TimeCreated SystemTime=\"2014-02-11 13:24:40.064032+00:00\"></TimeCreated>\n<EventRecordID>72</EventRecordID>\n<Correlation ActivityID=\"\" RelatedActivityID=\"\"></Correlation>\n<Execution ProcessID=\"912\" ThreadID=\"364\"></Execution>\n<Channel>Microsoft-Windows-BranchCacheSMB/Operational</Channel>\n<Computer>IACIS-HDD-2014</Computer>\n<Security UserID=\"S-1-5-18\"></Security>\n</System>\n<EventData></EventData>\n</Event>\n"
  },
  {
    "EventID": 3005,
    "Timestamp": "2014-02-11 14:24:37.968855+00:00",
    "Computer": "IACIS-HDD-2014",
    "Channel": "Microsoft-Windows-BranchCacheSMB/Operational",
    "Level": "Information",
    "EventData": {},
    "RawXml": "<Event xmlns=\"http://schemas.microsoft.com/win/2004/08/events/event\"><System><Provider Name=\"Microsoft-Windows-BranchCacheSMB\" Guid=\"{4a933674-fb3d-4e8d-b01d-17ee14e91a3e}\"></Provider>\n<EventID Qualifiers=\"\">3005</EventID>\n<Version>0</Version>\n<Level>4</Level>\n<Task>0</Task>\n<Opcode>0</Opcode>\n<Keywords>0x8000000000000800</Keywords>\n<TimeCreated SystemTime=\"2014-02-11 14:24:37.968855+00:00\"></TimeCreated>\n<EventRecordID>73</EventRecordID>\n<Correlation ActivityID=\"\" RelatedActivityID=\"\"></Correlation>\n<Execution ProcessID=\"912\" ThreadID=\"3724\"></Execution>\n<Channel>Microsoft-Windows-BranchCacheSMB/Operational</Channel>\n<Computer>IACIS-HDD-2014</Computer>\n<Security UserID=\"S-1-5-18\"></Security>\n</System>\n<UserData><CounterSummary xmlns:auto-ns3=\"http://schemas.microsoft.com/win/2004/08/events\" xmlns=\"CounterSummaryNs\"><ServiceActiveTimeInSeconds>3600</ServiceActiveTimeInSeconds>\n<SMBBranchCacheBytesRequested>0</SMBBranchCacheBytesRequested>\n<SMBBranchCacheBytesReceived>0</SMBBranchCacheBytesReceived>\n<SMBBranchCacheBytesPublished>0</SMBBranchCacheBytesPublished>\n<SMBBranchCacheBytesRequestedFromServer>0</SMBBranchCacheBytesRequestedFromServer>\n<SMBBranchCacheHashesRequested>0</SMBBranchCacheHashesRequested>\n<SMBBranchCacheHashesReceived>0</SMBBranchCacheHashesReceived>\n<SMBBranchCacheHashBytesReceived>0</SMBBranchCacheHashBytesReceived>\n<PrefetchOperationsQueued>0</PrefetchOperationsQueued>\n<PrefetchBytesReadFromCache>0</PrefetchBytesReadFromCache>\n<PrefetchBytesReadFromServer>0</PrefetchBytesReadFromServer>\n<ApplicationBytesReadFromCache>0</ApplicationBytesReadFromCache>\n<ApplicationBytesReadFromServer>0</ApplicationBytesReadFromServer>\n<ApplicationBytesReadFromServerNotCached>0</ApplicationBytesReadFromServerNotCached>\n</CounterSummary>\n</UserData>\n</Event>\n"
  },
  {
    "EventID": 3005,
    "Timestamp": "2014-02-11 15:24:37.949400+00:00",
    "Computer": "IACIS-HDD-2014",
    "Channel": "Microsoft-Windows-BranchCacheSMB/Operational",
    "Level": "Information",
    "EventData": {},
    "RawXml": "<Event xmlns=\"http://schemas.microsoft.com/win/2004/08/events/event\"><System><Provider Name=\"Microsoft-Windows-BranchCacheSMB\" Guid=\"{4a933674-fb3d-4e8d-b01d-17ee14e91a3e}\"></Provider>\n<EventID Qualifiers=\"\">3005</EventID>\n<Version>0</Version>\n<Level>4</Level>\n<Task>0</Task>\n<Opcode>0</Opcode>\n<Keywords>0x8000000000000800</Keywords>\n<TimeCreated SystemTime=\"2014-02-11 15:24:37.949400+00:00\"></TimeCreated>\n<EventRecordID>74</EventRecordID>\n<Correlation ActivityID=\"\" RelatedActivityID=\"\"></Correlation>\n<Execution ProcessID=\"912\" ThreadID=\"1676\"></Execution>\n<Channel>Microsoft-Windows-BranchCacheSMB/Operational</Channel>\n<Computer>IACIS-HDD-2014</Computer>\n<Security UserID=\"S-1-5-18\"></Security>\n</System>\n<UserData><CounterSummary xmlns:auto-ns3=\"http://schemas.microsoft.com/win/2004/08/events\" xmlns=\"CounterSummaryNs\"><ServiceActiveTimeInSeconds>7200</ServiceActiveTimeInSeconds>\n<SMBBranchCacheBytesRequested>0</SMBBranchCacheBytesRequested>\n<SMBBranchCacheBytesReceived>0</SMBBranchCacheBytesReceived>\n<SMBBranchCacheBytesPublished>0</SMBBranchCacheBytesPublished>\n<SMBBranchCacheBytesRequestedFromServer>0</SMBBranchCacheBytesRequestedFromServer>\n<SMBBranchCacheHashesRequested>0</SMBBranchCacheHashesRequested>\n<SMBBranchCacheHashesReceived>0</SMBBranchCacheHashesReceived>\n<SMBBranchCacheHashBytesReceived>0</SMBBranchCacheHashBytesReceived>\n<PrefetchOperationsQueued>0</PrefetchOperationsQueued>\n<PrefetchBytesReadFromCache>0</PrefetchBytesReadFromCache>\n<PrefetchBytesReadFromServer>0</PrefetchBytesReadFromServer>\n<ApplicationBytesReadFromCache>0</ApplicationBytesReadFromCache>\n<ApplicationBytesReadFromServer>0</ApplicationBytesReadFromServer>\n<ApplicationBytesReadFromServerNotCached>0</ApplicationBytesReadFromServerNotCached>\n</CounterSummary>\n</UserData>\n</Event>\n"
  },
  {
    "EventID": 3005,
    "Timestamp": "2014-02-11 16:24:37.954325+00:00",
    "Computer": "IACIS-HDD-2014",
    "Channel": "Microsoft-Windows-BranchCacheSMB/Operational",
    "Level": "Information",
    "EventData": {},
    "RawXml": "<Event xmlns=\"http://schemas.microsoft.com/win/2004/08/events/event\"><System><Provider Name=\"Microsoft-Windows-BranchCacheSMB\" Guid=\"{4a933674-fb3d-4e8d-b01d-17ee14e91a3e}\"></Provider>\n<EventID Qualifiers=\"\">3005</EventID>\n<Version>0</Version>\n<Level>4</Level>\n<Task>0</Task>\n<Opcode>0</Opcode>\n<Keywords>0x8000000000000800</Keywords>\n<TimeCreated SystemTime=\"2014-02-11 16:24:37.954325+00:00\"></TimeCreated>\n<EventRecordID>75</EventRecordID>\n<Correlation ActivityID=\"\" RelatedActivityID=\"\"></Correlation>\n<Execution ProcessID=\"912\" ThreadID=\"880\"></Execution>\n<Channel>Microsoft-Windows-BranchCacheSMB/Operational</Channel>\n<Computer>IACIS-HDD-2014</Computer>\n<Security UserID=\"S-1-5-18\"></Security>\n</System>\n<UserData><CounterSummary xmlns:auto-ns3=\"http://schemas.microsoft.com/win/2004/08/events\" xmlns=\"CounterSummaryNs\"><ServiceActiveTimeInSeconds>10800</ServiceActiveTimeInSeconds>\n<SMBBranchCacheBytesRequested>0</SMBBranchCacheBytesRequested>\n<SMBBranchCacheBytesReceived>0</SMBBranchCacheBytesReceived>\n<SMBBranchCacheBytesPublished>0</SMBBranchCacheBytesPublished>\n<SMBBranchCacheBytesRequestedFromServer>0</SMBBranchCacheBytesRequestedFromServer>\n<SMBBranchCacheHashesRequested>0</SMBBranchCacheHashesRequested>\n<SMBBranchCacheHashesReceived>0</SMBBranchCacheHashesReceived>\n<SMBBranchCacheHashBytesReceived>0</SMBBranchCacheHashBytesReceived>\n<PrefetchOperationsQueued>0</PrefetchOperationsQueued>\n<PrefetchBytesReadFromCache>0</PrefetchBytesReadFromCache>\n<PrefetchBytesReadFromServer>0</PrefetchBytesReadFromServer>\n<ApplicationBytesReadFromCache>0</ApplicationBytesReadFromCache>\n<ApplicationBytesReadFromServer>0</ApplicationBytesReadFromServer>\n<ApplicationBytesReadFromServerNotCached>0</ApplicationBytesReadFromServerNotCached>\n</CounterSummary>\n</UserData>\n</Event>\n"
  },
  {
    "EventID": 3005,
    "Timestamp": "2014-02-11 17:24:37.972248+00:00",
    "Computer": "IACIS-HDD-2014",
    "Channel": "Microsoft-Windows-BranchCacheSMB/Operational",
    "Level": "Information",
    "EventData": {},
    "RawXml": "<Event xmlns=\"http://schemas.microsoft.com/win/2004/08/events/event\"><System><Provider Name=\"Microsoft-Windows-BranchCacheSMB\" Guid=\"{4a933674-fb3d-4e8d-b01d-17ee14e91a3e}\"></Provider>\n<EventID Qualifiers=\"\">3005</EventID>\n<Version>0</Version>\n<Level>4</Level>\n<Task>0</Task>\n<Opcode>0</Opcode>\n<Keywords>0x8000000000000800</Keywords>\n<TimeCreated SystemTime=\"2014-02-11 17:24:37.972248+00:00\"></TimeCreated>\n<EventRecordID>76</EventRecordID>\n<Correlation ActivityID=\"\" RelatedActivityID=\"\"></Correlation>\n<Execution ProcessID=\"912\" ThreadID=\"3812\"></Execution>\n<Channel>Microsoft-Windows-BranchCacheSMB/Operational</Channel>\n<Computer>IACIS-HDD-2014</Computer>\n<Security UserID=\"S-1-5-18\"></Security>\n</System>\n<UserData><CounterSummary xmlns:auto-ns3=\"http://schemas.microsoft.com/win/2004/08/events\" xmlns=\"CounterSummaryNs\"><ServiceActiveTimeInSeconds>14400</ServiceActiveTimeInSeconds>\n<SMBBranchCacheBytesRequested>0</SMBBranchCacheBytesRequested>\n<SMBBranchCacheBytesReceived>0</SMBBranchCacheBytesReceived>\n<SMBBranchCacheBytesPublished>0</SMBBranchCacheBytesPublished>\n<SMBBranchCacheBytesRequestedFromServer>0</SMBBranchCacheBytesRequestedFromServer>\n<SMBBranchCacheHashesRequested>0</SMBBranchCacheHashesRequested>\n<SMBBranchCacheHashesReceived>0</SMBBranchCacheHashesReceived>\n<SMBBranchCacheHashBytesReceived>0</SMBBranchCacheHashBytesReceived>\n<PrefetchOperationsQueued>0</PrefetchOperationsQueued>\n<PrefetchBytesReadFromCache>0</PrefetchBytesReadFromCache>\n<PrefetchBytesReadFromServer>0</PrefetchBytesReadFromServer>\n<ApplicationBytesReadFromCache>0</ApplicationBytesReadFromCache>\n<ApplicationBytesReadFromServer>0</ApplicationBytesReadFromServer>\n<ApplicationBytesReadFromServerNotCached>0</ApplicationBytesReadFromServerNotCached>\n</CounterSummary>\n</UserData>\n</Event>\n"
  },
  {
    "EventID": 3005,
    "Timestamp": "2014-02-11 17:41:37.147659+00:00",
    "Computer": "IACIS-HDD-2014",
    "Channel": "Microsoft-Windows-BranchCacheSMB/Operational",
    "Level": "Information",
    "EventData": {},
    "RawXml": "<Event xmlns=\"http://schemas.microsoft.com/win/2004/08/events/event\"><System><Provider Name=\"Microsoft-Windows-BranchCacheSMB\" Guid=\"{4a933674-fb3d-4e8d-b01d-17ee14e91a3e}\"></Provider>\n<EventID Qualifiers=\"\">3005</EventID>\n<Version>0</Version>\n<Level>4</Level>\n<Task>0</Task>\n<Opcode>0</Opcode>\n<Keywords>0x8000000000000800</Keywords>\n<TimeCreated SystemTime=\"2014-02-11 17:41:37.147659+00:00\"></TimeCreated>\n<EventRecordID>77</EventRecordID>\n<Correlation ActivityID=\"\" RelatedActivityID=\"\"></Correlation>\n<Execution ProcessID=\"924\" ThreadID=\"940\"></Execution>\n<Channel>Microsoft-Windows-BranchCacheSMB/Operational</Channel>\n<Computer>IACIS-HDD-2014</Computer>\n<Security UserID=\"S-1-5-18\"></Security>\n</System>\n<UserData><CounterSummary xmlns:auto-ns3=\"http://schemas.microsoft.com/win/2004/08/events\" xmlns=\"CounterSummaryNs\"><ServiceActiveTimeInSeconds>0</ServiceActiveTimeInSeconds>\n<SMBBranchCacheBytesRequested>0</SMBBranchCacheBytesRequested>\n<SMBBranchCacheBytesReceived>0</SMBBranchCacheBytesReceived>\n<SMBBranchCacheBytesPublished>0</SMBBranchCacheBytesPublished>\n<SMBBranchCacheBytesRequestedFromServer>0</SMBBranchCacheBytesRequestedFromServer>\n<SMBBranchCacheHashesRequested>0</SMBBranchCacheHashesRequested>\n<SMBBranchCacheHashesReceived>0</SMBBranchCacheHashesReceived>\n<SMBBranchCacheHashBytesReceived>0</SMBBranchCacheHashBytesReceived>\n<PrefetchOperationsQueued>0</PrefetchOperationsQueued>\n<PrefetchBytesReadFromCache>0</PrefetchBytesReadFromCache>\n<PrefetchBytesReadFromServer>0</PrefetchBytesReadFromServer>\n<ApplicationBytesReadFromCache>0</ApplicationBytesReadFromCache>\n<ApplicationBytesReadFromServer>0</ApplicationBytesReadFromServer>\n<ApplicationBytesReadFromServerNotCached>0</ApplicationBytesReadFromServerNotCached>\n</CounterSummary>\n</UserData>\n</Event>\n"
  },
  {
    "EventID": 3001,
    "Timestamp": "2014-02-11 17:41:38.155064+00:00",
    "Computer": "IACIS-HDD-2014",
    "Channel": "Microsoft-Windows-BranchCacheSMB/Operational",
    "Level": "Information",
    "EventData": {},
    "RawXml": "<Event xmlns=\"http://schemas.microsoft.com/win/2004/08/events/event\"><System><Provider Name=\"Microsoft-Windows-BranchCacheSMB\" Guid=\"{4a933674-fb3d-4e8d-b01d-17ee14e91a3e}\"></Provider>\n<EventID Qualifiers=\"\">3001</EventID>\n<Version>0</Version>\n<Level>4</Level>\n<Task>0</Task>\n<Opcode>0</Opcode>\n<Keywords>0x8000000000000800</Keywords>\n<TimeCreated SystemTime=\"2014-02-11 17:41:38.155064+00:00\"></TimeCreated>\n<EventRecordID>78</EventRecordID>\n<Correlation ActivityID=\"\" RelatedActivityID=\"\"></Correlation>\n<Execution ProcessID=\"924\" ThreadID=\"312\"></Execution>\n<Channel>Microsoft-Windows-BranchCacheSMB/Operational</Channel>\n<Computer>IACIS-HDD-2014</Computer>\n<Security UserID=\"S-1-5-18\"></Security>\n</System>\n<EventData></EventData>\n</Event>\n"
  },
  {
    "EventID": 3005,
    "Timestamp": "2014-02-11 17:50:31.441629+00:00",
    "Computer": "IACIS-HDD-2014",
    "Channel": "Microsoft-Windows-BranchCacheSMB/Operational",
    "Level": "Information",
    "EventData": {},
    "RawXml": "<Event xmlns=\"http://schemas.microsoft.com/win/2004/08/events/event\"><System><Provider Name=\"Microsoft-Windows-BranchCacheSMB\" Guid=\"{4a933674-fb3d-4e8d-b01d-17ee14e91a3e}\"></Provider>\n<EventID Qualifiers=\"\">3005</EventID>\n<Version>0</Version>\n<Level>4</Level>\n<Task>0</Task>\n<Opcode>0</Opcode>\n<Keywords>0x8000000000000800</Keywords>\n<TimeCreated SystemTime=\"2014-02-11 17:50:31.441629+00:00\"></TimeCreated>\n<EventRecordID>79</EventRecordID>\n<Correlation ActivityID=\"\" RelatedActivityID=\"\"></Correlation>\n<Execution ProcessID=\"908\" ThreadID=\"632\"></Execution>\n<Channel>Microsoft-Windows-BranchCacheSMB/Operational</Channel>\n<Computer>IACIS-HDD-2014</Computer>\n<Security UserID=\"S-1-5-18\"></Security>\n</System>\n<UserData><CounterSummary xmlns:auto-ns3=\"http://schemas.microsoft.com/win/2004/08/events\" xmlns=\"CounterSummaryNs\"><ServiceActiveTimeInSeconds>0</ServiceActiveTimeInSeconds>\n<SMBBranchCacheBytesRequested>0</SMBBranchCacheBytesRequested>\n<SMBBranchCacheBytesReceived>0</SMBBranchCacheBytesReceived>\n<SMBBranchCacheBytesPublished>0</SMBBranchCacheBytesPublished>\n<SMBBranchCacheBytesRequestedFromServer>0</SMBBranchCacheBytesRequestedFromServer>\n<SMBBranchCacheHashesRequested>0</SMBBranchCacheHashesRequested>\n<SMBBranchCacheHashesReceived>0</SMBBranchCacheHashesReceived>\n<SMBBranchCacheHashBytesReceived>0</SMBBranchCacheHashBytesReceived>\n<PrefetchOperationsQueued>0</PrefetchOperationsQueued>\n<PrefetchBytesReadFromCache>0</PrefetchBytesReadFromCache>\n<PrefetchBytesReadFromServer>0</PrefetchBytesReadFromServer>\n<ApplicationBytesReadFromCache>0</ApplicationBytesReadFromCache>\n<ApplicationBytesReadFromServer>0</ApplicationBytesReadFromServer>\n<ApplicationBytesReadFromServerNotCached>0</ApplicationBytesReadFromServerNotCached>\n</CounterSummary>\n</UserData>\n</Event>\n"
  },
  {
    "EventID": 3001,
    "Timestamp": "2014-02-11 17:50:32.564831+00:00",
    "Computer": "IACIS-HDD-2014",
    "Channel": "Microsoft-Windows-BranchCacheSMB/Operational",
    "Level": "Information",
    "EventData": {},
    "RawXml": "<Event xmlns=\"http://schemas.microsoft.com/win/2004/08/events/event\"><System><Provider Name=\"Microsoft-Windows-BranchCacheSMB\" Guid=\"{4a933674-fb3d-4e8d-b01d-17ee14e91a3e}\"></Provider>\n<EventID Qualifiers=\"\">3001</EventID>\n<Version>0</Version>\n<Level>4</Level>\n<Task>0</Task>\n<Opcode>0</Opcode>\n<Keywords>0x8000000000000800</Keywords>\n<TimeCreated SystemTime=\"2014-02-11 17:50:32.564831+00:00\"></TimeCreated>\n<EventRecordID>80</EventRecordID>\n<Correlation ActivityID=\"\" RelatedActivityID=\"\"></Correlation>\n<Execution ProcessID=\"908\" ThreadID=\"360\"></Execution>\n<Channel>Microsoft-Windows-BranchCacheSMB/Operational</Channel>\n<Computer>IACIS-HDD-2014</Computer>\n<Security UserID=\"S-1-5-18\"></Security>\n</System>\n<EventData></EventData>\n</Event>\n"
  },
  {
    "EventID": 3005,
    "Timestamp": "2014-02-11 18:50:31.456963+00:00",
    "Computer": "IACIS-HDD-2014",
    "Channel": "Microsoft-Windows-BranchCacheSMB/Operational",
    "Level": "Information",
    "EventData": {},
    "RawXml": "<Event xmlns=\"http://schemas.microsoft.com/win/2004/08/events/event\"><System><Provider Name=\"Microsoft-Windows-BranchCacheSMB\" Guid=\"{4a933674-fb3d-4e8d-b01d-17ee14e91a3e}\"></Provider>\n<EventID Qualifiers=\"\">3005</EventID>\n<Version>0</Version>\n<Level>4</Level>\n<Task>0</Task>\n<Opcode>0</Opcode>\n<Keywords>0x8000000000000800</Keywords>\n<TimeCreated SystemTime=\"2014-02-11 18:50:31.456963+00:00\"></TimeCreated>\n<EventRecordID>81</EventRecordID>\n<Correlation ActivityID=\"\" RelatedActivityID=\"\"></Correlation>\n<Execution ProcessID=\"908\" ThreadID=\"3688\"></Execution>\n<Channel>Microsoft-Windows-BranchCacheSMB/Operational</Channel>\n<Computer>IACIS-HDD-2014</Computer>\n<Security UserID=\"S-1-5-18\"></Security>\n</System>\n<UserData><CounterSummary xmlns:auto-ns3=\"http://schemas.microsoft.com/win/2004/08/events\" xmlns=\"CounterSummaryNs\"><ServiceActiveTimeInSeconds>3600</ServiceActiveTimeInSeconds>\n<SMBBranchCacheBytesRequested>0</SMBBranchCacheBytesRequested>\n<SMBBranchCacheBytesReceived>0</SMBBranchCacheBytesReceived>\n<SMBBranchCacheBytesPublished>0</SMBBranchCacheBytesPublished>\n<SMBBranchCacheBytesRequestedFromServer>0</SMBBranchCacheBytesRequestedFromServer>\n<SMBBranchCacheHashesRequested>0</SMBBranchCacheHashesRequested>\n<SMBBranchCacheHashesReceived>0</SMBBranchCacheHashesReceived>\n<SMBBranchCacheHashBytesReceived>0</SMBBranchCacheHashBytesReceived>\n<PrefetchOperationsQueued>0</PrefetchOperationsQueued>\n<PrefetchBytesReadFromCache>0</PrefetchBytesReadFromCache>\n<PrefetchBytesReadFromServer>0</PrefetchBytesReadFromServer>\n<ApplicationBytesReadFromCache>0</ApplicationBytesReadFromCache>\n<ApplicationBytesReadFromServer>0</ApplicationBytesReadFromServer>\n<ApplicationBytesReadFromServerNotCached>0</ApplicationBytesReadFromServerNotCached>\n</CounterSummary>\n</UserData>\n</Event>\n"
  },
