  {
    "EventID": 59,
    "Timestamp": "2014-01-25 01:46:05.087387+00:00",
    "Computer": "IACIS-HDD-2014",
    "Channel": "Microsoft-Windows-Bits-Client/Operational",
    "Level": "Information",
    "EventData": {
      "transferId": "{9c64d073-d3c1-404d-9abd-c329b6c9e6e1}",
      "name": "WU Client Download",
      "Id": "{fc874006-a519-4575-9e7d-dd49ae4dce49}",
      "url": "http://download.windowsupdate.com/msdownload/update/software/secu/2013/09/windows6.1-kb2861191-x64_242a46bfc753d1d490719f9d1be6fbc75f4cc395.psf",
      "peer": "",
      "fileTime": "2013-09-17 21:03:24+00:00",
      "fileLength": "970990",
      "bytesTotal": "15158",
      "bytesTransferred": "0",
      "bytesTransferredFromPeer": "0"
    },
    "RawXml": "<Event xmlns=\"http://schemas.microsoft.com/win/2004/08/events/event\"><System><Provider Name=\"Microsoft-Windows-Bits-Client\" Guid=\"{ef1cc15b-46c1-414e-bb95-e76b077bd51e}\"></Provider>\n<EventID Qualifiers=\"\">59</EventID>\n<Version>1</Version>\n<Level>4</Level>\n<Task>0</Task>\n<Opcode>1</Opcode>\n<Keywords>0x4000000000000000</Keywords>\n<TimeCreated SystemTime=\"2014-01-25 01:46:05.087387+00:00\"></TimeCreated>\n<EventRecordID>898</EventRecordID>\n<Correlation ActivityID=\"{9c64d073-d3c1-404d-9abd-c329b6c9e6e1}\" RelatedActivityID=\"\"></Correlation>\n<Execution ProcessID=\"888\" ThreadID=\"2804\"></Execution>\n<Channel>Microsoft-Windows-Bits-Client/Operational</Channel>\n<Computer>IACIS-HDD-2014</Computer>\n<Security UserID=\"S-1-5-18\"></Security>\n</System>\n<EventData><Data Name=\"transferId\">{9c64d073-d3c1-404d-9abd-c329b6c9e6e1}</Data>\n<Data Name=\"name\">WU Client Download</Data>\n<Data Name=\"Id\">{fc874006-a519-4575-9e7d-dd49ae4dce49}</Data>\n<Data Name=\"url\">http://download.windowsupdate.com/msdownload/update/software/secu/2013/09/windows6.1-kb2861191-x64_242a46bfc753d1d490719f9d1be6fbc75f4cc395.psf</Data>\n<Data Name=\"peer\"></Data>\n<Data Name=\"fileTime\">2013-09-17 21:03:24+00:00</Data>\n<Data Name=\"fileLength\">970990</Data>\n<Data Name=\"bytesTotal\">15158</Data>\n<Data Name=\"bytesTransferred\">0</Data>\n<Data Name=\"bytesTransferredFromPeer\">0</Data>\n</EventData>\n</Event>\n"
  },
  {
    "EventID": 59,
    "Timestamp": "2014-01-25 01:46:05.102987+00:00",
    "Computer": "IACIS-HDD-2014",
    "Channel": "Microsoft-Windows-Bits-Client/Operational",
    "Level": "Information",
    "EventData": {
      "transferId": "{9563381a-8f1b-4159-b7c5-f88b112c3420}",
      "name": "WU Client Download",
      "Id": "{60f47384-5628-4aed-8a43-8ae961c2e75e}",
      "url": "http://download.windowsupdate.com/msdownload/update/software/secu/2011/11/windows6.1-kb2584146-x64_19ae41195c22ff8f4a71e6f2ce37e875f235639b.psf",
      "peer": "",
      "fileTime": "2011-11-22 19:12:25+00:00",
      "fileLength": "812929",
      "bytesTotal": "8620",
      "bytesTransferred": "0",
      "bytesTransferredFromPeer": "0"
    },
    "RawXml": "<Event xmlns=\"http://schemas.microsoft.com/win/2004/08/events/event\"><System><Provider Name=\"Microsoft-Windows-Bits-Client\" Guid=\"{ef1cc15b-46c1-414e-bb95-e76b077bd51e}\"></Provider>\n<EventID Qualifiers=\"\">59</EventID>\n<Version>1</Version>\n<Level>4</Level>\n<Task>0</Task>\n<Opcode>1</Opcode>\n<Keywords>0x4000000000000000</Keywords>\n<TimeCreated SystemTime=\"2014-01-25 01:46:05.102987+00:00\"></TimeCreated>\n<EventRecordID>899</EventRecordID>\n<Correlation ActivityID=\"{9563381a-8f1b-4159-b7c5-f88b112c3420}\" RelatedActivityID=\"\"></Correlation>\n<Execution ProcessID=\"888\" ThreadID=\"2804\"></Execution>\n<Channel>Microsoft-Windows-Bits-Client/Operational</Channel>\n<Computer>IACIS-HDD-2014</Computer>\n<Security UserID=\"S-1-5-18\"></Security>\n</System>\n<EventData><Data Name=\"transferId\">{9563381a-8f1b-4159-b7c5-f88b112c3420}</Data>\n<Data Name=\"name\">WU Client Download</Data>\n<Data Name=\"Id\">{60f47384-5628-4aed-8a43-8ae961c2e75e}</Data>\n<Data Name=\"url\">http://download.windowsupdate.com/msdownload/update/software/secu/2011/11/windows6.1-kb2584146-x64_19ae41195c22ff8f4a71e6f2ce37e875f235639b.psf</Data>\n<Data Name=\"peer\"></Data>\n<Data Name=\"fileTime\">2011-11-22 19:12:25+00:00</Data>\n<Data Name=\"fileLength\">812929</Data>\n<Data Name=\"bytesTotal\">8620</Data>\n<Data Name=\"bytesTransferred\">0</Data>\n<Data Name=\"bytesTransferredFromPeer\">0</Data>\n</EventData>\n</Event>\n"
  },
  {
    "EventID": 4,
    "Timestamp": "2014-01-25 01:46:05.196587+00:00",
    "Computer": "IACIS-HDD-2014",
    "Channel": "Microsoft-Windows-Bits-Client/Operational",
    "Level": "Information",
    "EventData": {
      "User": "NT AUTHORITY\\SYSTEM",
      "jobTitle": "WU Client Download",
      "jobId": "{e8680570-0f26-459c-ad39-e57c57f6f364}",
      "jobOwner": "NT AUTHORITY\\SYSTEM",
      "fileCount": "1",
      "bytesTransferred": "475139",
      "bytesTransferredFromPeer": "0"
    },
    "RawXml": "<Event xmlns=\"http://schemas.microsoft.com/win/2004/08/events/event\"><System><Provider Name=\"Microsoft-Windows-Bits-Client\" Guid=\"{ef1cc15b-46c1-414e-bb95-e76b077bd51e}\"></Provider>\n<EventID Qualifiers=\"\">4</EventID>\n<Version>1</Version>\n<Level>4</Level>\n<Task>0</Task>\n<Opcode>0</Opcode>\n<Keywords>0x4000000000000000</Keywords>\n<TimeCreated SystemTime=\"2014-01-25 01:46:05.196587+00:00\"></TimeCreated>\n<EventRecordID>900</EventRecordID>\n<Correlation ActivityID=\"\" RelatedActivityID=\"\"></Correlation>\n<Execution ProcessID=\"888\" ThreadID=\"2888\"></Execution>\n<Channel>Microsoft-Windows-Bits-Client/Operational</Channel>\n<Computer>IACIS-HDD-2014</Computer>\n<Security UserID=\"S-1-5-18\"></Security>\n</System>\n<EventData><Data Name=\"User\">NT AUTHORITY\\SYSTEM</Data>\n<Data Name=\"jobTitle\">WU Client Download</Data>\n<Data Name=\"jobId\">{e8680570-0f26-459c-ad39-e57c57f6f364}</Data>\n<Data Name=\"jobOwner\">NT AUTHORITY\\SYSTEM</Data>\n<Data Name=\"fileCount\">1</Data>\n<Data Name=\"bytesTransferred\">475139</Data>\n<Data Name=\"bytesTransferredFromPeer\">0</Data>\n</EventData>\n</Event>\n"
  },
  {
    "EventID": 60,
    "Timestamp": "2014-01-25 01:46:05.243387+00:00",
    "Computer": "IACIS-HDD-2014",
    "Channel": "Microsoft-Windows-Bits-Client/Operational",
    "Level": "Information",
    "EventData": {
      "transferId": "{11c9ff4c-9d67-4230-8ae5-3b6093372aaf}",
      "name": "WU Client Download",
      "Id": "{eb8cb20c-00b3-4f1a-8b1f-631beb6e5994}",
      "url": "http://au.download.windowsupdate.com/msdownload/update/software/uprl/2013/10/wu-windows6.1-kb2786081-x64_2aad289276a4421b53711a4099047303e758bdd6.exe",
      "peer": "",
      "hr": "0",
      "fileTime": "2013-10-31 21:06:42+00:00",
      "fileLength": "103120",
      "bytesTotal": "103120",
      "bytesTransferred": "103120",
      "proxy": "",
      "peerProtocolFlags": "0",
      "bytesTransferredFromPeer": "0",
      "AdditionalInfoHr": "0",
      "PeerContextInfo": "0",
      "bandwidthLimit": "18446744073709551615",
      "ignoreBandwidthLimitsOnLan": "False"
    },
    "RawXml": "<Event xmlns=\"http://schemas.microsoft.com/win/2004/08/events/event\"><System><Provider Name=\"Microsoft-Windows-Bits-Client\" Guid=\"{ef1cc15b-46c1-414e-bb95-e76b077bd51e}\"></Provider>\n<EventID Qualifiers=\"\">60</EventID>\n<Version>1</Version>\n<Level>4</Level>\n<Task>0</Task>\n<Opcode>2</Opcode>\n<Keywords>0x4000000000000000</Keywords>\n<TimeCreated SystemTime=\"2014-01-25 01:46:05.243387+00:00\"></TimeCreated>\n<EventRecordID>901</EventRecordID>\n<Correlation ActivityID=\"{11c9ff4c-9d67-4230-8ae5-3b6093372aaf}\" RelatedActivityID=\"\"></Correlation>\n<Execution ProcessID=\"888\" ThreadID=\"988\"></Execution>\n<Channel>Microsoft-Windows-Bits-Client/Operational</Channel>\n<Computer>IACIS-HDD-2014</Computer>\n<Security UserID=\"S-1-5-18\"></Security>\n</System>\n<EventData><Data Name=\"transferId\">{11c9ff4c-9d67-4230-8ae5-3b6093372aaf}</Data>\n<Data Name=\"name\">WU Client Download</Data>\n<Data Name=\"Id\">{eb8cb20c-00b3-4f1a-8b1f-631beb6e5994}</Data>\n<Data Name=\"url\">http://au.download.windowsupdate.com/msdownload/update/software/uprl/2013/10/wu-windows6.1-kb2786081-x64_2aad289276a4421b53711a4099047303e758bdd6.exe</Data>\n<Data Name=\"peer\"></Data>\n<Data Name=\"hr\">0</Data>\n<Data Name=\"fileTime\">2013-10-31 21:06:42+00:00</Data>\n<Data Name=\"fileLength\">103120</Data>\n<Data Name=\"bytesTotal\">103120</Data>\n<Data Name=\"bytesTransferred\">103120</Data>\n<Data Name=\"proxy\"></Data>\n<Data Name=\"peerProtocolFlags\">0</Data>\n<Data Name=\"bytesTransferredFromPeer\">0</Data>\n<Data Name=\"AdditionalInfoHr\">0</Data>\n<Data Name=\"PeerContextInfo\">0</Data>\n<Data Name=\"bandwidthLimit\">18446744073709551615</Data>\n<Data Name=\"ignoreBandwidthLimitsOnLan\">False</Data>\n</EventData>\n</Event>\n"
  },
  {
    "EventID": 60,
    "Timestamp": "2014-01-25 01:46:05.290186+00:00",
    "Computer": "IACIS-HDD-2014",
    "Channel": "Microsoft-Windows-Bits-Client/Operational",
    "Level": "Information",
    "EventData": {
      "transferId": "{9c64d073-d3c1-404d-9abd-c329b6c9e6e1}",
      "name": "WU Client Download",
      "Id": "{fc874006-a519-4575-9e7d-dd49ae4dce49}",
      "url": "http://download.windowsupdate.com/msdownload/update/software/secu/2013/09/windows6.1-kb2861191-x64_242a46bfc753d1d490719f9d1be6fbc75f4cc395.psf",
      "peer": "",
      "hr": "0",
      "fileTime": "2013-09-17 21:03:24+00:00",
      "fileLength": "970990",
      "bytesTotal": "15158",
      "bytesTransferred": "15158",
      "proxy": "",
      "peerProtocolFlags": "0",
      "bytesTransferredFromPeer": "0",
      "AdditionalInfoHr": "0",
      "PeerContextInfo": "0",
      "bandwidthLimit": "18446744073709551615",
      "ignoreBandwidthLimitsOnLan": "False"
    },
    "RawXml": "<Event xmlns=\"http://schemas.microsoft.com/win/2004/08/events/event\"><System><Provider Name=\"Microsoft-Windows-Bits-Client\" Guid=\"{ef1cc15b-46c1-414e-bb95-e76b077bd51e}\"></Provider>\n<EventID Qualifiers=\"\">60</EventID>\n<Version>1</Version>\n<Level>4</Level>\n<Task>0</Task>\n<Opcode>2</Opcode>\n<Keywords>0x4000000000000000</Keywords>\n<TimeCreated SystemTime=\"2014-01-25 01:46:05.290186+00:00\"></TimeCreated>\n<EventRecordID>902</EventRecordID>\n<Correlation ActivityID=\"{9c64d073-d3c1-404d-9abd-c329b6c9e6e1}\" RelatedActivityID=\"\"></Correlation>\n<Execution ProcessID=\"888\" ThreadID=\"620\"></Execution>\n<Channel>Microsoft-Windows-Bits-Client/Operational</Channel>\n<Computer>IACIS-HDD-2014</Computer>\n<Security UserID=\"S-1-5-18\"></Security>\n</System>\n<EventData><Data Name=\"transferId\">{9c64d073-d3c1-404d-9abd-c329b6c9e6e1}</Data>\n<Data Name=\"name\">WU Client Download</Data>\n<Data Name=\"Id\">{fc874006-a519-4575-9e7d-dd49ae4dce49}</Data>\n<Data Name=\"url\">http://download.windowsupdate.com/msdownload/update/software/secu/2013/09/windows6.1-kb2861191-x64_242a46bfc753d1d490719f9d1be6fbc75f4cc395.psf</Data>\n<Data Name=\"peer\"></Data>\n<Data Name=\"hr\">0</Data>\n<Data Name=\"fileTime\">2013-09-17 21:03:24+00:00</Data>\n<Data Name=\"fileLength\">970990</Data>\n<Data Name=\"bytesTotal\">15158</Data>\n<Data Name=\"bytesTransferred\">15158</Data>\n<Data Name=\"proxy\"></Data>\n<Data Name=\"peerProtocolFlags\">0</Data>\n<Data Name=\"bytesTransferredFromPeer\">0</Data>\n<Data Name=\"AdditionalInfoHr\">0</Data>\n<Data Name=\"PeerContextInfo\">0</Data>\n<Data Name=\"bandwidthLimit\">18446744073709551615</Data>\n<Data Name=\"ignoreBandwidthLimitsOnLan\">False</Data>\n</EventData>\n</Event>\n"
  },
  {
    "EventID": 60,
    "Timestamp": "2014-01-25 01:46:05.321386+00:00",
    "Computer": "IACIS-HDD-2014",
    "Channel": "Microsoft-Windows-Bits-Client/Operational",
    "Level": "Information",
    "EventData": {
      "transferId": "{9563381a-8f1b-4159-b7c5-f88b112c3420}",
      "name": "WU Client Download",
      "Id": "{60f47384-5628-4aed-8a43-8ae961c2e75e}",
      "url": "http://download.windowsupdate.com/msdownload/update/software/secu/2011/11/windows6.1-kb2584146-x64_19ae41195c22ff8f4a71e6f2ce37e875f235639b.psf",
      "peer": "",
      "hr": "0",
      "fileTime": "2011-11-22 19:12:25+00:00",
      "fileLength": "812929",
      "bytesTotal": "8620",
      "bytesTransferred": "8620",
      "proxy": "",
      "peerProtocolFlags": "0",
      "bytesTransferredFromPeer": "0",
      "AdditionalInfoHr": "0",
      "PeerContextInfo": "0",
      "bandwidthLimit": "18446744073709551615",
      "ignoreBandwidthLimitsOnLan": "False"
    },
    "RawXml": "<Event xmlns=\"http://schemas.microsoft.com/win/2004/08/events/event\"><System><Provider Name=\"Microsoft-Windows-Bits-Client\" Guid=\"{ef1cc15b-46c1-414e-bb95-e76b077bd51e}\"></Provider>\n<EventID Qualifiers=\"\">60</EventID>\n<Version>1</Version>\n<Level>4</Level>\n<Task>0</Task>\n<Opcode>2</Opcode>\n<Keywords>0x4000000000000000</Keywords>\n<TimeCreated SystemTime=\"2014-01-25 01:46:05.321386+00:00\"></TimeCreated>\n<EventRecordID>903</EventRecordID>\n<Correlation ActivityID=\"{9563381a-8f1b-4159-b7c5-f88b112c3420}\" RelatedActivityID=\"\"></Correlation>\n<Execution ProcessID=\"888\" ThreadID=\"1876\"></Execution>\n<Channel>Microsoft-Windows-Bits-Client/Operational</Channel>\n<Computer>IACIS-HDD-2014</Computer>\n<Security UserID=\"S-1-5-18\"></Security>\n</System>\n<EventData><Data Name=\"transferId\">{9563381a-8f1b-4159-b7c5-f88b112c3420}</Data>\n<Data Name=\"name\">WU Client Download</Data>\n<Data Name=\"Id\">{60f47384-5628-4aed-8a43-8ae961c2e75e}</Data>\n<Data Name=\"url\">http://download.windowsupdate.com/msdownload/update/software/secu/2011/11/windows6.1-kb2584146-x64_19ae41195c22ff8f4a71e6f2ce37e875f235639b.psf</Data>\n<Data Name=\"peer\"></Data>\n<Data Name=\"hr\">0</Data>\n<Data Name=\"fileTime\">2011-11-22 19:12:25+00:00</Data>\n<Data Name=\"fileLength\">812929</Data>\n<Data Name=\"bytesTotal\">8620</Data>\n<Data Name=\"bytesTransferred\">8620</Data>\n<Data Name=\"proxy\"></Data>\n<Data Name=\"peerProtocolFlags\">0</Data>\n<Data Name=\"bytesTransferredFromPeer\">0</Data>\n<Data Name=\"AdditionalInfoHr\">0</Data>\n<Data Name=\"PeerContextInfo\">0</Data>\n<Data Name=\"bandwidthLimit\">18446744073709551615</Data>\n<Data Name=\"ignoreBandwidthLimitsOnLan\">False</Data>\n</EventData>\n</Event>\n"
  },
  {
    "EventID": 3,
    "Timestamp": "2014-01-25 01:46:05.524189+00:00",
    "Computer": "IACIS-HDD-2014",
    "Channel": "Microsoft-Windows-Bits-Client/Operational",
    "Level": "Information",
    "EventData": {
      "string": "WU Client Download",
      "string2": "NT AUTHORITY\\SYSTEM",
      "string3": ""
    },
    "RawXml": "<Event xmlns=\"http://schemas.microsoft.com/win/2004/08/events/event\"><System><Provider Name=\"Microsoft-Windows-Bits-Client\" Guid=\"{ef1cc15b-46c1-414e-bb95-e76b077bd51e}\"></Provider>\n<EventID Qualifiers=\"\">3</EventID>\n<Version>0</Version>\n<Level>4</Level>\n<Task>0</Task>\n<Opcode>0</Opcode>\n<Keywords>0x4000000000000000</Keywords>\n<TimeCreated SystemTime=\"2014-01-25 01:46:05.524189+00:00\"></TimeCreated>\n<EventRecordID>904</EventRecordID>\n<Correlation ActivityID=\"\" RelatedActivityID=\"\"></Correlation>\n<Execution ProcessID=\"888\" ThreadID=\"2888\"></Execution>\n<Channel>Microsoft-Windows-Bits-Client/Operational</Channel>\n<Computer>IACIS-HDD-2014</Computer>\n<Security UserID=\"S-1-5-18\"></Security>\n</System>\n<EventData><Data Name=\"string\">WU Client Download</Data>\n<Data Name=\"string2\">NT AUTHORITY\\SYSTEM</Data>\n<Data Name=\"string3\"></Data>\n</EventData>\n</Event>\n"
  },
  {
    "EventID": 5,
    "Timestamp": "2014-01-25 01:46:05.524189+00:00",
    "Computer": "IACIS-HDD-2014",
    "Channel": "Microsoft-Windows-Bits-Client/Operational",
    "Level": "Information",
    "EventData": {
      "User": "NT AUTHORITY\\SYSTEM",
      "jobTitle": "WU Client Download",
      "jobId": "{15b5859e-c036-4618-ad33-ec06980db32e}",
      "jobOwner": "NT AUTHORITY\\SYSTEM",
      "fileCount": "0"
    },
    "RawXml": "<Event xmlns=\"http://schemas.microsoft.com/win/2004/08/events/event\"><System><Provider Name=\"Microsoft-Windows-Bits-Client\" Guid=\"{ef1cc15b-46c1-414e-bb95-e76b077bd51e}\"></Provider>\n<EventID Qualifiers=\"\">5</EventID>\n<Version>0</Version>\n<Level>4</Level>\n<Task>0</Task>\n<Opcode>0</Opcode>\n<Keywords>0x4000000000000000</Keywords>\n<TimeCreated SystemTime=\"2014-01-25 01:46:05.524189+00:00\"></TimeCreated>\n<EventRecordID>905</EventRecordID>\n<Correlation ActivityID=\"\" RelatedActivityID=\"\"></Correlation>\n<Execution ProcessID=\"888\" ThreadID=\"2888\"></Execution>\n<Channel>Microsoft-Windows-Bits-Client/Operational</Channel>\n<Computer>IACIS-HDD-2014</Computer>\n<Security UserID=\"S-1-5-18\"></Security>\n</System>\n<EventData><Data Name=\"User\">NT AUTHORITY\\SYSTEM</Data>\n<Data Name=\"jobTitle\">WU Client Download</Data>\n<Data Name=\"jobId\">{15b5859e-c036-4618-ad33-ec06980db32e}</Data>\n<Data Name=\"jobOwner\">NT AUTHORITY\\SYSTEM</Data>\n<Data Name=\"fileCount\">0</Data>\n</EventData>\n</Event>\n"
  },
  {
    "EventID": 60,
    "Timestamp": "2014-01-25 01:46:06.865789+00:00",
    "Computer": "IACIS-HDD-2014",
    "Channel": "Microsoft-Windows-Bits-Client/Operational",
    "Level": "Information",
    "EventData": {
      "transferId": "{23f359f3-d1bc-4bbf-b083-510212929218}",
      "name": "WU Client Download",
      "Id": "{17bb556f-1a2e-4e9e-b429-2afca86ca82f}",
      "url": "http://download.windowsupdate.com/msdownload/update/software/secu/2013/07/windows6.1-kb2868623-x64_f61fd2c6a14e28217936499067acd3fe08bee5c5.psf",
      "peer": "",
      "hr": "0",
      "fileTime": "2013-07-22 23:33:02+00:00",
      "fileLength": "11868929",
      "bytesTotal": "271365",
      "bytesTransferred": "271365",
      "proxy": "",
      "peerProtocolFlags": "0",
      "bytesTransferredFromPeer": "0",
      "AdditionalInfoHr": "0",
      "PeerContextInfo": "0",
      "bandwidthLimit": "18446744073709551615",
      "ignoreBandwidthLimitsOnLan": "False"
    },
    "RawXml": "<Event xmlns=\"http://schemas.microsoft.com/win/2004/08/events/event\"><System><Provider Name=\"Microsoft-Windows-Bits-Client\" Guid=\"{ef1cc15b-46c1-414e-bb95-e76b077bd51e}\"></Provider>\n<EventID Qualifiers=\"\">60</EventID>\n<Version>1</Version>\n<Level>4</Level>\n<Task>0</Task>\n<Opcode>2</Opcode>\n<Keywords>0x4000000000000000</Keywords>\n<TimeCreated SystemTime=\"2014-01-25 01:46:06.865789+00:00\"></TimeCreated>\n<EventRecordID>906</EventRecordID>\n<Correlation ActivityID=\"{23f359f3-d1bc-4bbf-b083-510212929218}\" RelatedActivityID=\"\"></Correlation>\n<Execution ProcessID=\"888\" ThreadID=\"2852\"></Execution>\n<Channel>Microsoft-Windows-Bits-Client/Operational</Channel>\n<Computer>IACIS-HDD-2014</Computer>\n<Security UserID=\"S-1-5-18\"></Security>\n</System>\n<EventData><Data Name=\"transferId\">{23f359f3-d1bc-4bbf-b083-510212929218}</Data>\n<Data Name=\"name\">WU Client Download</Data>\n<Data Name=\"Id\">{17bb556f-1a2e-4e9e-b429-2afca86ca82f}</Data>\n<Data Name=\"url\">http://download.windowsupdate.com/msdownload/update/software/secu/2013/07/windows6.1-kb2868623-x64_f61fd2c6a14e28217936499067acd3fe08bee5c5.psf</Data>\n<Data Name=\"peer\"></Data>\n<Data Name=\"hr\">0</Data>\n<Data Name=\"fileTime\">2013-07-22 23:33:02+00:00</Data>\n<Data Name=\"fileLength\">11868929</Data>\n<Data Name=\"bytesTotal\">271365</Data>\n<Data Name=\"bytesTransferred\">271365</Data>\n<Data Name=\"proxy\"></Data>\n<Data Name=\"peerProtocolFlags\">0</Data>\n<Data Name=\"bytesTransferredFromPeer\">0</Data>\n<Data Name=\"AdditionalInfoHr\">0</Data>\n<Data Name=\"PeerContextInfo\">0</Data>\n<Data Name=\"bandwidthLimit\">18446744073709551615</Data>\n<Data Name=\"ignoreBandwidthLimitsOnLan\">False</Data>\n</EventData>\n</Event>\n"
  },
  {
    "EventID": 60,
    "Timestamp": "2014-01-25 01:46:07.099791+00:00",
    "Computer": "IACIS-HDD-2014",
    "Channel": "Microsoft-Windows-Bits-Client/Operational",
    "Level": "Information",
    "EventData": {
      "transferId": "{9dd3a765-ff1c-476f-b7e9-06763538134b}",
      "name": "WU Client Download",
      "Id": "{18f590a0-a1ef-486a-9152-63a34371d4a5}",
      "url": "http://au.download.windowsupdate.com/msdownload/update/software/uprl/2013/10/wu-windows6.1-kb2849697-en_9a730a45cf46569e724367869b879e38b53b2c87.exe",
      "peer": "",
      "hr": "0",
      "fileTime": "2013-10-23 19:14:48+00:00",
      "fileLength": "319696",
      "bytesTotal": "319696",
      "bytesTransferred": "319696",
      "proxy": "",
      "peerProtocolFlags": "0",
      "bytesTransferredFromPeer": "0",
      "AdditionalInfoHr": "0",
      "PeerContextInfo": "0",
      "bandwidthLimit": "18446744073709551615",
      "ignoreBandwidthLimitsOnLan": "False"
    },
    "RawXml": "<Event xmlns=\"http://schemas.microsoft.com/win/2004/08/events/event\"><System><Provider Name=\"Microsoft-Windows-Bits-Client\" Guid=\"{ef1cc15b-46c1-414e-bb95-e76b077bd51e}\"></Provider>\n<EventID Qualifiers=\"\">60</EventID>\n<Version>1</Version>\n<Level>4</Level>\n<Task>0</Task>\n<Opcode>2</Opcode>\n<Keywords>0x4000000000000000</Keywords>\n<TimeCreated SystemTime=\"2014-01-25 01:46:07.099791+00:00\"></TimeCreated>\n<EventRecordID>907</EventRecordID>\n<Correlation ActivityID=\"{9dd3a765-ff1c-476f-b7e9-06763538134b}\" RelatedActivityID=\"\"></Correlation>\n<Execution ProcessID=\"888\" ThreadID=\"2572\"></Execution>\n<Channel>Microsoft-Windows-Bits-Client/Operational</Channel>\n<Computer>IACIS-HDD-2014</Computer>\n<Security UserID=\"S-1-5-18\"></Security>\n</System>\n<EventData><Data Name=\"transferId\">{9dd3a765-ff1c-476f-b7e9-06763538134b}</Data>\n<Data Name=\"name\">WU Client Download</Data>\n<Data Name=\"Id\">{18f590a0-a1ef-486a-9152-63a34371d4a5}</Data>\n<Data Name=\"url\">http://au.download.windowsupdate.com/msdownload/update/software/uprl/2013/10/wu-windows6.1-kb2849697-en_9a730a45cf46569e724367869b879e38b53b2c87.exe</Data>\n<Data Name=\"peer\"></Data>\n<Data Name=\"hr\">0</Data>\n<Data Name=\"fileTime\">2013-10-23 19:14:48+00:00</Data>\n<Data Name=\"fileLength\">319696</Data>\n<Data Name=\"bytesTotal\">319696</Data>\n<Data Name=\"bytesTransferred\">319696</Data>\n<Data Name=\"proxy\"></Data>\n<Data Name=\"peerProtocolFlags\">0</Data>\n<Data Name=\"bytesTransferredFromPeer\">0</Data>\n<Data Name=\"AdditionalInfoHr\">0</Data>\n<Data Name=\"PeerContextInfo\">0</Data>\n<Data Name=\"bandwidthLimit\">18446744073709551615</Data>\n<Data Name=\"ignoreBandwidthLimitsOnLan\">False</Data>\n</EventData>\n</Event>\n"
  },
  {
    "EventID": 60,
    "Timestamp": "2014-01-25 01:46:08.238592+00:00",
    "Computer": "IACIS-HDD-2014",
    "Channel": "Microsoft-Windows-Bits-Client/Operational",
    "Level": "Information",
    "EventData": {
      "transferId": "{6d87b4c2-6948-47a6-a088-f0538c180824}",
      "name": "WU Client Download",
      "Id": "{91419f61-a013-4813-a0f8-e5fb4dc39089}",
      "url": "http://au.download.windowsupdate.com/msdownload/update/software/uprl/2013/10/wu-windows6.1-kb2849696-en_1dc82bd81de2f08bdc513dbb2f6d58c9a4e7306a.exe",
      "peer": "",
      "hr": "0",
      "fileTime": "2013-10-23 19:14:07+00:00",
      "fileLength": "869584",
      "bytesTotal": "869584",
      "bytesTransferred": "869584",
      "proxy": "",
      "peerProtocolFlags": "0",
      "bytesTransferredFromPeer": "0",
      "AdditionalInfoHr": "0",
      "PeerContextInfo": "0",
      "bandwidthLimit": "18446744073709551615",
      "ignoreBandwidthLimitsOnLan": "False"
    },
    "RawXml": "<Event xmlns=\"http://schemas.microsoft.com/win/2004/08/events/event\"><System><Provider Name=\"Microsoft-Windows-Bits-Client\" Guid=\"{ef1cc15b-46c1-414e-bb95-e76b077bd51e}\"></Provider>\n<EventID Qualifiers=\"\">60</EventID>\n<Version>1</Version>\n<Level>4</Level>\n<Task>0</Task>\n<Opcode>2</Opcode>\n<Keywords>0x4000000000000000</Keywords>\n<TimeCreated SystemTime=\"2014-01-25 01:46:08.238592+00:00\"></TimeCreated>\n<EventRecordID>908</EventRecordID>\n<Correlation ActivityID=\"{6d87b4c2-6948-47a6-a088-f0538c180824}\" RelatedActivityID=\"\"></Correlation>\n<Execution ProcessID=\"888\" ThreadID=\"2572\"></Execution>\n<Channel>Microsoft-Windows-Bits-Client/Operational</Channel>\n<Computer>IACIS-HDD-2014</Computer>\n<Security UserID=\"S-1-5-18\"></Security>\n</System>\n<EventData><Data Name=\"transferId\">{6d87b4c2-6948-47a6-a088-f0538c180824}</Data>\n<Data Name=\"name\">WU Client Download</Data>\n<Data Name=\"Id\">{91419f61-a013-4813-a0f8-e5fb4dc39089}</Data>\n<Data Name=\"url\">http://au.download.windowsupdate.com/msdownload/update/software/uprl/2013/10/wu-windows6.1-kb2849696-en_1dc82bd81de2f08bdc513dbb2f6d58c9a4e7306a.exe</Data>\n<Data Name=\"peer\"></Data>\n<Data Name=\"hr\">0</Data>\n<Data Name=\"fileTime\">2013-10-23 19:14:07+00:00</Data>\n<Data Name=\"fileLength\">869584</Data>\n<Data Name=\"bytesTotal\">869584</Data>\n<Data Name=\"bytesTransferred\">869584</Data>\n<Data Name=\"proxy\"></Data>\n<Data Name=\"peerProtocolFlags\">0</Data>\n<Data Name=\"bytesTransferredFromPeer\">0</Data>\n<Data Name=\"AdditionalInfoHr\">0</Data>\n<Data Name=\"PeerContextInfo\">0</Data>\n<Data Name=\"bandwidthLimit\">18446744073709551615</Data>\n<Data Name=\"ignoreBandwidthLimitsOnLan\">False</Data>\n</EventData>\n</Event>\n"
  },
  {
    "EventID": 60,
    "Timestamp": "2014-01-25 01:46:11.202599+00:00",
    "Computer": "IACIS-HDD-2014",
    "Channel": "Microsoft-Windows-Bits-Client/Operational",
    "Level": "Information",
    "EventData": {
      "transferId": "{8ab8a6b2-66c3-48ff-a71e-4a6b7caf8e48}",
      "name": "WU Client Download",
      "Id": "{4cf9376c-f9ea-4da6-9e6f-083a75cc93b4}",
      "url": "http://au.download.windowsupdate.com/msdownload/update/software/uprl/2013/10/wu-windows6.1-kb2834140-v2-x64_96194289302f7934eb49afa7e65395fbf419b98f.exe",
      "peer": "",
      "hr": "0",
      "fileTime": "2013-10-31 21:06:43+00:00",
      "fileLength": "872144",
      "bytesTotal": "872144",
      "bytesTransferred": "872144",
      "proxy": "",
      "peerProtocolFlags": "0",
      "bytesTransferredFromPeer": "0",
      "AdditionalInfoHr": "0",
      "PeerContextInfo": "0",
      "bandwidthLimit": "18446744073709551615",
      "ignoreBandwidthLimitsOnLan": "False"
    },
    "RawXml": "<Event xmlns=\"http://schemas.microsoft.com/win/2004/08/events/event\"><System><Provider Name=\"Microsoft-Windows-Bits-Client\" Guid=\"{ef1cc15b-46c1-414e-bb95-e76b077bd51e}\"></Provider>\n<EventID Qualifiers=\"\">60</EventID>\n<Version>1</Version>\n<Level>4</Level>\n<Task>0</Task>\n<Opcode>2</Opcode>\n<Keywords>0x4000000000000000</Keywords>\n<TimeCreated SystemTime=\"2014-01-25 01:46:11.202599+00:00\"></TimeCreated>\n<EventRecordID>909</EventRecordID>\n<Correlation ActivityID=\"{8ab8a6b2-66c3-48ff-a71e-4a6b7caf8e48}\" RelatedActivityID=\"\"></Correlation>\n<Execution ProcessID=\"888\" ThreadID=\"2572\"></Execution>\n<Channel>Microsoft-Windows-Bits-Client/Operational</Channel>\n<Computer>IACIS-HDD-2014</Computer>\n<Security UserID=\"S-1-5-18\"></Security>\n</System>\n<EventData><Data Name=\"transferId\">{8ab8a6b2-66c3-48ff-a71e-4a6b7caf8e48}</Data>\n<Data Name=\"name\">WU Client Download</Data>\n<Data Name=\"Id\">{4cf9376c-f9ea-4da6-9e6f-083a75cc93b4}</Data>\n<Data Name=\"url\">http://au.download.windowsupdate.com/msdownload/update/software/uprl/2013/10/wu-windows6.1-kb2834140-v2-x64_96194289302f7934eb49afa7e65395fbf419b98f.exe</Data>\n<Data Name=\"peer\"></Data>\n<Data Name=\"hr\">0</Data>\n<Data Name=\"fileTime\">2013-10-31 21:06:43+00:00</Data>\n<Data Name=\"fileLength\">872144</Data>\n<Data Name=\"bytesTotal\">872144</Data>\n<Data Name=\"bytesTransferred\">872144</Data>\n<Data Name=\"proxy\"></Data>\n<Data Name=\"peerProtocolFlags\">0</Data>\n<Data Name=\"bytesTransferredFromPeer\">0</Data>\n<Data Name=\"AdditionalInfoHr\">0</Data>\n<Data Name=\"PeerContextInfo\">0</Data>\n<Data Name=\"bandwidthLimit\">18446744073709551615</Data>\n<Data Name=\"ignoreBandwidthLimitsOnLan\">False</Data>\n</EventData>\n</Event>\n"
  },
  {
    "EventID": 3,
    "Timestamp": "2014-01-25 01:46:13.745403+00:00",
    "Computer": "IACIS-HDD-2014",
    "Channel": "Microsoft-Windows-Bits-Client/Operational",
    "Level": "Information",
    "EventData": {
      "string": "WU Client Download",
      "string2": "NT AUTHORITY\\SYSTEM",
      "string3": ""
    },
    "RawXml": "<Event xmlns=\"http://schemas.microsoft.com/win/2004/08/events/event\"><System><Provider Name=\"Microsoft-Windows-Bits-Client\" Guid=\"{ef1cc15b-46c1-414e-bb95-e76b077bd51e}\"></Provider>\n<EventID Qualifiers=\"\">3</EventID>\n<Version>0</Version>\n<Level>4</Level>\n<Task>0</Task>\n<Opcode>0</Opcode>\n<Keywords>0x4000000000000000</Keywords>\n<TimeCreated SystemTime=\"2014-01-25 01:46:13.745403+00:00\"></TimeCreated>\n<EventRecordID>910</EventRecordID>\n<Correlation ActivityID=\"\" RelatedActivityID=\"\"></Correlation>\n<Execution ProcessID=\"888\" ThreadID=\"2888\"></Execution>\n<Channel>Microsoft-Windows-Bits-Client/Operational</Channel>\n<Computer>IACIS-HDD-2014</Computer>\n<Security UserID=\"S-1-5-18\"></Security>\n</System>\n<EventData><Data Name=\"string\">WU Client Download</Data>\n<Data Name=\"string2\">NT AUTHORITY\\SYSTEM</Data>\n<Data Name=\"string3\"></Data>\n</EventData>\n</Event>\n"
  },
  {
    "EventID": 60,
    "Timestamp": "2014-01-25 01:46:13.807802+00:00",
    "Computer": "IACIS-HDD-2014",
    "Channel": "Microsoft-Windows-Bits-Client/Operational",
    "Level": "Information",
    "EventData": {
      "transferId": "{bcc40c80-117f-4741-86f5-e875b466c0f6}",
      "name": "WU Client Download",
      "Id": "{3fd0a731-e4fb-4b68-ab45-3f17a6a0236d}",
      "url": "http://au.download.windowsupdate.com/msdownload/update/software/uprl/2013/10/wu-windows6.1-kb2533623-x64_40b1d8701721bb016179d2fe1b42fb36594e4f86.exe",
      "peer": "",
      "hr": "0",
      "fileTime": "2013-10-31 21:05:15+00:00",
      "fileLength": "2201296",
      "bytesTotal": "2201296",
      "bytesTransferred": "2201296",
      "proxy": "",
      "peerProtocolFlags": "0",
      "bytesTransferredFromPeer": "0",
      "AdditionalInfoHr": "0",
      "PeerContextInfo": "0",
      "bandwidthLimit": "18446744073709551615",
      "ignoreBandwidthLimitsOnLan": "False"
    },
    "RawXml": "<Event xmlns=\"http://schemas.microsoft.com/win/2004/08/events/event\"><System><Provider Name=\"Microsoft-Windows-Bits-Client\" Guid=\"{ef1cc15b-46c1-414e-bb95-e76b077bd51e}\"></Provider>\n<EventID Qualifiers=\"\">60</EventID>\n<Version>1</Version>\n<Level>4</Level>\n<Task>0</Task>\n<Opcode>2</Opcode>\n<Keywords>0x4000000000000000</Keywords>\n<TimeCreated SystemTime=\"2014-01-25 01:46:13.807802+00:00\"></TimeCreated>\n<EventRecordID>911</EventRecordID>\n<Correlation ActivityID=\"{bcc40c80-117f-4741-86f5-e875b466c0f6}\" RelatedActivityID=\"\"></Correlation>\n<Execution ProcessID=\"888\" ThreadID=\"2572\"></Execution>\n<Channel>Microsoft-Windows-Bits-Client/Operational</Channel>\n<Computer>IACIS-HDD-2014</Computer>\n<Security UserID=\"S-1-5-18\"></Security>\n</System>\n<EventData><Data Name=\"transferId\">{bcc40c80-117f-4741-86f5-e875b466c0f6}</Data>\n<Data Name=\"name\">WU Client Download</Data>\n<Data Name=\"Id\">{3fd0a731-e4fb-4b68-ab45-3f17a6a0236d}</Data>\n<Data Name=\"url\">http://au.download.windowsupdate.com/msdownload/update/software/uprl/2013/10/wu-windows6.1-kb2533623-x64_40b1d8701721bb016179d2fe1b42fb36594e4f86.exe</Data>\n<Data Name=\"peer\"></Data>\n<Data Name=\"hr\">0</Data>\n<Data Name=\"fileTime\">2013-10-31 21:05:15+00:00</Data>\n<Data Name=\"fileLength\">2201296</Data>\n<Data Name=\"bytesTotal\">2201296</Data>\n<Data Name=\"bytesTransferred\">2201296</Data>\n<Data Name=\"proxy\"></Data>\n<Data Name=\"peerProtocolFlags\">0</Data>\n<Data Name=\"bytesTransferredFromPeer\">0</Data>\n<Data Name=\"AdditionalInfoHr\">0</Data>\n<Data Name=\"PeerContextInfo\">0</Data>\n<Data Name=\"bandwidthLimit\">18446744073709551615</Data>\n<Data Name=\"ignoreBandwidthLimitsOnLan\">False</Data>\n</EventData>\n</Event>\n"
  },
  {
    "EventID": 4,
    "Timestamp": "2014-01-25 01:46:14.010603+00:00",
    "Computer": "IACIS-HDD-2014",
    "Channel": "Microsoft-Windows-Bits-Client/Operational",
    "Level": "Information",
    "EventData": {
      "User": "NT AUTHORITY\\SYSTEM",
      "jobTitle": "WU Client Download",
      "jobId": "{033539c7-f0e5-400f-9f7c-c5759567bc19}",
      "jobOwner": "NT AUTHORITY\\SYSTEM",
      "fileCount": "1",
      "bytesTransferred": "60633",
      "bytesTransferredFromPeer": "0"
    },
    "RawXml": "<Event xmlns=\"http://schemas.microsoft.com/win/2004/08/events/event\"><System><Provider Name=\"Microsoft-Windows-Bits-Client\" Guid=\"{ef1cc15b-46c1-414e-bb95-e76b077bd51e}\"></Provider>\n<EventID Qualifiers=\"\">4</EventID>\n<Version>1</Version>\n<Level>4</Level>\n<Task>0</Task>\n<Opcode>0</Opcode>\n<Keywords>0x4000000000000000</Keywords>\n<TimeCreated SystemTime=\"2014-01-25 01:46:14.010603+00:00\"></TimeCreated>\n<EventRecordID>912</EventRecordID>\n<Correlation ActivityID=\"\" RelatedActivityID=\"\"></Correlation>\n<Execution ProcessID=\"888\" ThreadID=\"2888\"></Execution>\n<Channel>Microsoft-Windows-Bits-Client/Operational</Channel>\n<Computer>IACIS-HDD-2014</Computer>\n<Security UserID=\"S-1-5-18\"></Security>\n</System>\n<EventData><Data Name=\"User\">NT AUTHORITY\\SYSTEM</Data>\n<Data Name=\"jobTitle\">WU Client Download</Data>\n<Data Name=\"jobId\">{033539c7-f0e5-400f-9f7c-c5759567bc19}</Data>\n<Data Name=\"jobOwner\">NT AUTHORITY\\SYSTEM</Data>\n<Data Name=\"fileCount\">1</Data>\n<Data Name=\"bytesTransferred\">60633</Data>\n<Data Name=\"bytesTransferredFromPeer\">0</Data>\n</EventData>\n</Event>\n"
  },
  {
    "EventID": 3,
    "Timestamp": "2014-01-25 01:46:14.275803+00:00",
    "Computer": "IACIS-HDD-2014",
    "Channel": "Microsoft-Windows-Bits-Client/Operational",
    "Level": "Information",
    "EventData": {
      "string": "WU Client Download",
      "string2": "NT AUTHORITY\\SYSTEM",
      "string3": ""
    },
    "RawXml": "<Event xmlns=\"http://schemas.microsoft.com/win/2004/08/events/event\"><System><Provider Name=\"Microsoft-Windows-Bits-Client\" Guid=\"{ef1cc15b-46c1-414e-bb95-e76b077bd51e}\"></Provider>\n<EventID Qualifiers=\"\">3</EventID>\n<Version>0</Version>\n<Level>4</Level>\n<Task>0</Task>\n<Opcode>0</Opcode>\n<Keywords>0x4000000000000000</Keywords>\n<TimeCreated SystemTime=\"2014-01-25 01:46:14.275803+00:00\"></TimeCreated>\n<EventRecordID>913</EventRecordID>\n<Correlation ActivityID=\"\" RelatedActivityID=\"\"></Correlation>\n<Execution ProcessID=\"888\" ThreadID=\"2888\"></Execution>\n<Channel>Microsoft-Windows-Bits-Client/Operational</Channel>\n<Computer>IACIS-HDD-2014</Computer>\n<Security UserID=\"S-1-5-18\"></Security>\n</System>\n<EventData><Data Name=\"string\">WU Client Download</Data>\n<Data Name=\"string2\">NT AUTHORITY\\SYSTEM</Data>\n<Data Name=\"string3\"></Data>\n</EventData>\n</Event>\n"
  },
  {
    "EventID": 5,
    "Timestamp": "2014-01-25 01:46:14.275803+00:00",
    "Computer": "IACIS-HDD-2014",
    "Channel": "Microsoft-Windows-Bits-Client/Operational",
    "Level": "Information",
    "EventData": {
      "User": "NT AUTHORITY\\SYSTEM",
      "jobTitle": "WU Client Download",
      "jobId": "{70424f57-917f-4af7-bd17-b72e73e64230}",
      "jobOwner": "NT AUTHORITY\\SYSTEM",
      "fileCount": "0"
    },
    "RawXml": "<Event xmlns=\"http://schemas.microsoft.com/win/2004/08/events/event\"><System><Provider Name=\"Microsoft-Windows-Bits-Client\" Guid=\"{ef1cc15b-46c1-414e-bb95-e76b077bd51e}\"></Provider>\n<EventID Qualifiers=\"\">5</EventID>\n<Version>0</Version>\n<Level>4</Level>\n<Task>0</Task>\n<Opcode>0</Opcode>\n<Keywords>0x4000000000000000</Keywords>\n<TimeCreated SystemTime=\"2014-01-25 01:46:14.275803+00:00\"></TimeCreated>\n<EventRecordID>914</EventRecordID>\n<Correlation ActivityID=\"\" RelatedActivityID=\"\"></Correlation>\n<Execution ProcessID=\"888\" ThreadID=\"2888\"></Execution>\n<Channel>Microsoft-Windows-Bits-Client/Operational</Channel>\n<Computer>IACIS-HDD-2014</Computer>\n<Security UserID=\"S-1-5-18\"></Security>\n</System>\n<EventData><Data Name=\"User\">NT AUTHORITY\\SYSTEM</Data>\n<Data Name=\"jobTitle\">WU Client Download</Data>\n<Data Name=\"jobId\">{70424f57-917f-4af7-bd17-b72e73e64230}</Data>\n<Data Name=\"jobOwner\">NT AUTHORITY\\SYSTEM</Data>\n<Data Name=\"fileCount\">0</Data>\n</EventData>\n</Event>\n"
  },
  {
    "EventID": 60,
    "Timestamp": "2014-01-25 01:46:14.712605+00:00",
    "Computer": "IACIS-HDD-2014",
    "Channel": "Microsoft-Windows-Bits-Client/Operational",
    "Level": "Information",
    "EventData": {
      "transferId": "{cf2b3697-72a8-4bf3-b2fb-a896acc88096}",
      "name": "WU Client Download",
      "Id": "{7ef73e5f-a92e-4a41-8d5e-504fbe54533a}",
      "url": "http://au.download.windowsupdate.com/msdownload/update/software/uprl/2013/10/wu-windows6.1-kb2729094-v2-x64_84f5f8244e32350f2b211f5c6e03e94154abeafc.exe",
      "peer": "",
      "hr": "0",
      "fileTime": "2013-10-31 21:06:36+00:00",
      "fileLength": "1533136",
      "bytesTotal": "1533136",
      "bytesTransferred": "1533136",
      "proxy": "",
      "peerProtocolFlags": "0",
      "bytesTransferredFromPeer": "0",
      "AdditionalInfoHr": "0",
      "PeerContextInfo": "0",
      "bandwidthLimit": "18446744073709551615",
      "ignoreBandwidthLimitsOnLan": "False"
    },
    "RawXml": "<Event xmlns=\"http://schemas.microsoft.com/win/2004/08/events/event\"><System><Provider Name=\"Microsoft-Windows-Bits-Client\" Guid=\"{ef1cc15b-46c1-414e-bb95-e76b077bd51e}\"></Provider>\n<EventID Qualifiers=\"\">60</EventID>\n<Version>1</Version>\n<Level>4</Level>\n<Task>0</Task>\n<Opcode>2</Opcode>\n<Keywords>0x4000000000000000</Keywords>\n<TimeCreated SystemTime=\"2014-01-25 01:46:14.712605+00:00\"></TimeCreated>\n<EventRecordID>915</EventRecordID>\n<Correlation ActivityID=\"{cf2b3697-72a8-4bf3-b2fb-a896acc88096}\" RelatedActivityID=\"\"></Correlation>\n<Execution ProcessID=\"888\" ThreadID=\"2572\"></Execution>\n<Channel>Microsoft-Windows-Bits-Client/Operational</Channel>\n<Computer>IACIS-HDD-2014</Computer>\n<Security UserID=\"S-1-5-18\"></Security>\n</System>\n<EventData><Data Name=\"transferId\">{cf2b3697-72a8-4bf3-b2fb-a896acc88096}</Data>\n<Data Name=\"name\">WU Client Download</Data>\n<Data Name=\"Id\">{7ef73e5f-a92e-4a41-8d5e-504fbe54533a}</Data>\n<Data Name=\"url\">http://au.download.windowsupdate.com/msdownload/update/software/uprl/2013/10/wu-windows6.1-kb2729094-v2-x64_84f5f8244e32350f2b211f5c6e03e94154abeafc.exe</Data>\n<Data Name=\"peer\"></Data>\n<Data Name=\"hr\">0</Data>\n<Data Name=\"fileTime\">2013-10-31 21:06:36+00:00</Data>\n<Data Name=\"fileLength\">1533136</Data>\n<Data Name=\"bytesTotal\">1533136</Data>\n<Data Name=\"bytesTransferred\">1533136</Data>\n<Data Name=\"proxy\"></Data>\n<Data Name=\"peerProtocolFlags\">0</Data>\n<Data Name=\"bytesTransferredFromPeer\">0</Data>\n<Data Name=\"AdditionalInfoHr\">0</Data>\n<Data Name=\"PeerContextInfo\">0</Data>\n<Data Name=\"bandwidthLimit\">18446744073709551615</Data>\n<Data Name=\"ignoreBandwidthLimitsOnLan\">False</Data>\n</EventData>\n</Event>\n"
  },
  {
    "EventID": 60,
    "Timestamp": "2014-01-25 01:46:16.366205+00:00",
    "Computer": "IACIS-HDD-2014",
    "Channel": "Microsoft-Windows-Bits-Client/Operational",
    "Level": "Information",
    "EventData": {
      "transferId": "{3f278208-0c95-44bd-8c27-d1f0b5ec3e31}",
      "name": "WU Client Download",
      "Id": "{35661d4a-2c4a-4a44-bb93-7dd1f64c048b}",
      "url": "http://au.download.windowsupdate.com/msdownload/update/software/uprl/2013/11/wu-windows6.1-kb2888049-x64_ca3421cb93d78c14a94694692f63155c8639befc.exe",
      "peer": "",
      "hr": "0",
      "fileTime": "2013-11-02 01:11:30+00:00",
      "fileLength": "1909456",
      "bytesTotal": "1909456",
      "bytesTransferred": "1909456",
      "proxy": "",
      "peerProtocolFlags": "0",
      "bytesTransferredFromPeer": "0",
      "AdditionalInfoHr": "0",
      "PeerContextInfo": "0",
      "bandwidthLimit": "18446744073709551615",
      "ignoreBandwidthLimitsOnLan": "False"
    },
    "RawXml": "<Event xmlns=\"http://schemas.microsoft.com/win/2004/08/events/event\"><System><Provider Name=\"Microsoft-Windows-Bits-Client\" Guid=\"{ef1cc15b-46c1-414e-bb95-e76b077bd51e}\"></Provider>\n<EventID Qualifiers=\"\">60</EventID>\n<Version>1</Version>\n<Level>4</Level>\n<Task>0</Task>\n<Opcode>2</Opcode>\n<Keywords>0x4000000000000000</Keywords>\n<TimeCreated SystemTime=\"2014-01-25 01:46:16.366205+00:00\"></TimeCreated>\n<EventRecordID>916</EventRecordID>\n<Correlation ActivityID=\"{3f278208-0c95-44bd-8c27-d1f0b5ec3e31}\" RelatedActivityID=\"\"></Correlation>\n<Execution ProcessID=\"888\" ThreadID=\"1204\"></Execution>\n<Channel>Microsoft-Windows-Bits-Client/Operational</Channel>\n<Computer>IACIS-HDD-2014</Computer>\n<Security UserID=\"S-1-5-18\"></Security>\n</System>\n<EventData><Data Name=\"transferId\">{3f278208-0c95-44bd-8c27-d1f0b5ec3e31}</Data>\n<Data Name=\"name\">WU Client Download</Data>\n<Data Name=\"Id\">{35661d4a-2c4a-4a44-bb93-7dd1f64c048b}</Data>\n<Data Name=\"url\">http://au.download.windowsupdate.com/msdownload/update/software/uprl/2013/11/wu-windows6.1-kb2888049-x64_ca3421cb93d78c14a94694692f63155c8639befc.exe</Data>\n<Data Name=\"peer\"></Data>\n<Data Name=\"hr\">0</Data>\n<Data Name=\"fileTime\">2013-11-02 01:11:30+00:00</Data>\n<Data Name=\"fileLength\">1909456</Data>\n<Data Name=\"bytesTotal\">1909456</Data>\n<Data Name=\"bytesTransferred\">1909456</Data>\n<Data Name=\"proxy\"></Data>\n<Data Name=\"peerProtocolFlags\">0</Data>\n<Data Name=\"bytesTransferredFromPeer\">0</Data>\n<Data Name=\"AdditionalInfoHr\">0</Data>\n<Data Name=\"PeerContextInfo\">0</Data>\n<Data Name=\"bandwidthLimit\">18446744073709551615</Data>\n<Data Name=\"ignoreBandwidthLimitsOnLan\">False</Data>\n</EventData>\n</Event>\n"
  },
  {
    "EventID": 60,
    "Timestamp": "2014-01-25 01:46:20.999414+00:00",
    "Computer": "IACIS-HDD-2014",
    "Channel": "Microsoft-Windows-Bits-Client/Operational",
    "Level": "Information",
    "EventData": {
      "transferId": "{9457d27d-c805-4a68-9cef-01c42c22c9ea}",
      "name": "WU Client Download",
      "Id": "{b0b06b8b-d698-4de1-a621-16824b8041c6}",
      "url": "http://au.download.windowsupdate.com/msdownload/update/software/uprl/2013/10/wu-windows6.1-kb2731771-x64_8db36032d0f3afac353aaa52de2257619dfe338b.exe",
      "peer": "",
      "hr": "0",
      "fileTime": "2013-10-31 21:06:41+00:00",
      "fileLength": "6551760",
      "bytesTotal": "6551760",
      "bytesTransferred": "6551760",
      "proxy": "",
      "peerProtocolFlags": "0",
      "bytesTransferredFromPeer": "0",
      "AdditionalInfoHr": "0",
      "PeerContextInfo": "0",
      "bandwidthLimit": "18446744073709551615",
      "ignoreBandwidthLimitsOnLan": "False"
    },
    "RawXml": "<Event xmlns=\"http://schemas.microsoft.com/win/2004/08/events/event\"><System><Provider Name=\"Microsoft-Windows-Bits-Client\" Guid=\"{ef1cc15b-46c1-414e-bb95-e76b077bd51e}\"></Provider>\n<EventID Qualifiers=\"\">60</EventID>\n<Version>1</Version>\n<Level>4</Level>\n<Task>0</Task>\n<Opcode>2</Opcode>\n<Keywords>0x4000000000000000</Keywords>\n<TimeCreated SystemTime=\"2014-01-25 01:46:20.999414+00:00\"></TimeCreated>\n<EventRecordID>917</EventRecordID>\n<Correlation ActivityID=\"{9457d27d-c805-4a68-9cef-01c42c22c9ea}\" RelatedActivityID=\"\"></Correlation>\n<Execution ProcessID=\"888\" ThreadID=\"2756\"></Execution>\n<Channel>Microsoft-Windows-Bits-Client/Operational</Channel>\n<Computer>IACIS-HDD-2014</Computer>\n<Security UserID=\"S-1-5-18\"></Security>\n</System>\n<EventData><Data Name=\"transferId\">{9457d27d-c805-4a68-9cef-01c42c22c9ea}</Data>\n<Data Name=\"name\">WU Client Download</Data>\n<Data Name=\"Id\">{b0b06b8b-d698-4de1-a621-16824b8041c6}</Data>\n<Data Name=\"url\">http://au.download.windowsupdate.com/msdownload/update/software/uprl/2013/10/wu-windows6.1-kb2731771-x64_8db36032d0f3afac353aaa52de2257619dfe338b.exe</Data>\n<Data Name=\"peer\"></Data>\n<Data Name=\"hr\">0</Data>\n<Data Name=\"fileTime\">2013-10-31 21:06:41+00:00</Data>\n<Data Name=\"fileLength\">6551760</Data>\n<Data Name=\"bytesTotal\">6551760</Data>\n<Data Name=\"bytesTransferred\">6551760</Data>\n<Data Name=\"proxy\"></Data>\n<Data Name=\"peerProtocolFlags\">0</Data>\n<Data Name=\"bytesTransferredFromPeer\">0</Data>\n<Data Name=\"AdditionalInfoHr\">0</Data>\n<Data Name=\"PeerContextInfo\">0</Data>\n<Data Name=\"bandwidthLimit\">18446744073709551615</Data>\n<Data Name=\"ignoreBandwidthLimitsOnLan\">False</Data>\n</EventData>\n</Event>\n"
  },
  {
    "EventID": 3,
    "Timestamp": "2014-01-25 01:46:22.325417+00:00",
    "Computer": "IACIS-HDD-2014",
    "Channel": "Microsoft-Windows-Bits-Client/Operational",
    "Level": "Information",
    "EventData": {
      "string": "WU Client Download",
      "string2": "NT AUTHORITY\\SYSTEM",
      "string3": ""
    },
    "RawXml": "<Event xmlns=\"http://schemas.microsoft.com/win/2004/08/events/event\"><System><Provider Name=\"Microsoft-Windows-Bits-Client\" Guid=\"{ef1cc15b-46c1-414e-bb95-e76b077bd51e}\"></Provider>\n<EventID Qualifiers=\"\">3</EventID>\n<Version>0</Version>\n<Level>4</Level>\n<Task>0</Task>\n<Opcode>0</Opcode>\n<Keywords>0x4000000000000000</Keywords>\n<TimeCreated SystemTime=\"2014-01-25 01:46:22.325417+00:00\"></TimeCreated>\n<EventRecordID>918</EventRecordID>\n<Correlation ActivityID=\"\" RelatedActivityID=\"\"></Correlation>\n<Execution ProcessID=\"888\" ThreadID=\"2888\"></Execution>\n<Channel>Microsoft-Windows-Bits-Client/Operational</Channel>\n<Computer>IACIS-HDD-2014</Computer>\n<Security UserID=\"S-1-5-18\"></Security>\n</System>\n<EventData><Data Name=\"string\">WU Client Download</Data>\n<Data Name=\"string2\">NT AUTHORITY\\SYSTEM</Data>\n<Data Name=\"string3\"></Data>\n</EventData>\n</Event>\n"
  },
  {
    "EventID": 4,
    "Timestamp": "2014-01-25 01:46:22.512617+00:00",
    "Computer": "IACIS-HDD-2014",
    "Channel": "Microsoft-Windows-Bits-Client/Operational",
    "Level": "Information",
    "EventData": {
      "User": "NT AUTHORITY\\SYSTEM",
      "jobTitle": "WU Client Download",
      "jobId": "{f38e9d4c-95aa-455e-9cbe-9079fe725314}",
      "jobOwner": "NT AUTHORITY\\SYSTEM",
      "fileCount": "1",
      "bytesTransferred": "80547",
      "bytesTransferredFromPeer": "0"
    },
    "RawXml": "<Event xmlns=\"http://schemas.microsoft.com/win/2004/08/events/event\"><System><Provider Name=\"Microsoft-Windows-Bits-Client\" Guid=\"{ef1cc15b-46c1-414e-bb95-e76b077bd51e}\"></Provider>\n<EventID Qualifiers=\"\">4</EventID>\n<Version>1</Version>\n<Level>4</Level>\n<Task>0</Task>\n<Opcode>0</Opcode>\n<Keywords>0x4000000000000000</Keywords>\n<TimeCreated SystemTime=\"2014-01-25 01:46:22.512617+00:00\"></TimeCreated>\n<EventRecordID>919</EventRecordID>\n<Correlation ActivityID=\"\" RelatedActivityID=\"\"></Correlation>\n<Execution ProcessID=\"888\" ThreadID=\"2888\"></Execution>\n<Channel>Microsoft-Windows-Bits-Client/Operational</Channel>\n<Computer>IACIS-HDD-2014</Computer>\n<Security UserID=\"S-1-5-18\"></Security>\n</System>\n<EventData><Data Name=\"User\">NT AUTHORITY\\SYSTEM</Data>\n<Data Name=\"jobTitle\">WU Client Download</Data>\n<Data Name=\"jobId\">{f38e9d4c-95aa-455e-9cbe-9079fe725314}</Data>\n<Data Name=\"jobOwner\">NT AUTHORITY\\SYSTEM</Data>\n<Data Name=\"fileCount\">1</Data>\n<Data Name=\"bytesTransferred\">80547</Data>\n<Data Name=\"bytesTransferredFromPeer\">0</Data>\n</EventData>\n</Event>\n"
  },
  {
    "EventID": 60,
    "Timestamp": "2014-01-25 01:46:22.621817+00:00",
    "Computer": "IACIS-HDD-2014",
    "Channel": "Microsoft-Windows-Bits-Client/Operational",
    "Level": "Information",
    "EventData": {
      "transferId": "{d7a9f576-2256-41cc-abaa-59c036df0da2}",
      "name": "WU Client Download",
      "Id": "{887dee98-fbf5-47cd-81d9-8a13455621c0}",
      "url": "http://au.download.windowsupdate.com/msdownload/update/software/uprl/2013/10/wu-windows6.1-kb2639308-x64_4b951aca78481f8ddb822fcdb0b506f2bddf6ea5.exe",
      "peer": "",
      "hr": "0",
      "fileTime": "2013-10-31 21:06:24+00:00",
      "fileLength": "5190352",
      "bytesTotal": "5190352",
      "bytesTransferred": "5190352",
      "proxy": "",
      "peerProtocolFlags": "0",
      "bytesTransferredFromPeer": "0",
      "AdditionalInfoHr": "0",
      "PeerContextInfo": "0",
      "bandwidthLimit": "18446744073709551615",
      "ignoreBandwidthLimitsOnLan": "False"
    },
    "RawXml": "<Event xmlns=\"http://schemas.microsoft.com/win/2004/08/events/event\"><System><Provider Name=\"Microsoft-Windows-Bits-Client\" Guid=\"{ef1cc15b-46c1-414e-bb95-e76b077bd51e}\"></Provider>\n<EventID Qualifiers=\"\">60</EventID>\n<Version>1</Version>\n<Level>4</Level>\n<Task>0</Task>\n<Opcode>2</Opcode>\n<Keywords>0x4000000000000000</Keywords>\n<TimeCreated SystemTime=\"2014-01-25 01:46:22.621817+00:00\"></TimeCreated>\n<EventRecordID>920</EventRecordID>\n<Correlation ActivityID=\"{d7a9f576-2256-41cc-abaa-59c036df0da2}\" RelatedActivityID=\"\"></Correlation>\n<Execution ProcessID=\"888\" ThreadID=\"2756\"></Execution>\n<Channel>Microsoft-Windows-Bits-Client/Operational</Channel>\n<Computer>IACIS-HDD-2014</Computer>\n<Security UserID=\"S-1-5-18\"></Security>\n</System>\n<EventData><Data Name=\"transferId\">{d7a9f576-2256-41cc-abaa-59c036df0da2}</Data>\n<Data Name=\"name\">WU Client Download</Data>\n<Data Name=\"Id\">{887dee98-fbf5-47cd-81d9-8a13455621c0}</Data>\n<Data Name=\"url\">http://au.download.windowsupdate.com/msdownload/update/software/uprl/2013/10/wu-windows6.1-kb2639308-x64_4b951aca78481f8ddb822fcdb0b506f2bddf6ea5.exe</Data>\n<Data Name=\"peer\"></Data>\n<Data Name=\"hr\">0</Data>\n<Data Name=\"fileTime\">2013-10-31 21:06:24+00:00</Data>\n<Data Name=\"fileLength\">5190352</Data>\n<Data Name=\"bytesTotal\">5190352</Data>\n<Data Name=\"bytesTransferred\">5190352</Data>\n<Data Name=\"proxy\"></Data>\n<Data Name=\"peerProtocolFlags\">0</Data>\n<Data Name=\"bytesTransferredFromPeer\">0</Data>\n<Data Name=\"AdditionalInfoHr\">0</Data>\n<Data Name=\"PeerContextInfo\">0</Data>\n<Data Name=\"bandwidthLimit\">18446744073709551615</Data>\n<Data Name=\"ignoreBandwidthLimitsOnLan\">False</Data>\n</EventData>\n</Event>\n"
  },
