  {
    "EventID": 903,
    "Timestamp": "2014-02-05 16:55:43.685957+00:00",
    "Computer": "IACIS-HDD-2014",
    "Channel": "Microsoft-Windows-Application-Experience/Program-Inventory",
    "Level": "Information",
    "EventData": {},
    "RawXml": "<Event xmlns=\"http://schemas.microsoft.com/win/2004/08/events/event\"><System><Provider Name=\"Microsoft-Windows-Application-Experience\" Guid=\"{eef54e71-0661-422d-9a98-82fd4940b820}\"></Provider>\n<EventID Qualifiers=\"\">903</EventID>\n<Version>0</Version>\n<Level>4</Level>\n<Task>0</Task>\n<Opcode>0</Opcode>\n<Keywords>0x0800000000000000</Keywords>\n<TimeCreated SystemTime=\"2014-02-05 16:55:43.685957+00:00\"></TimeCreated>\n<EventRecordID>62</EventRecordID>\n<Correlation ActivityID=\"\" RelatedActivityID=\"\"></Correlation>\n<Execution ProcessID=\"1952\" ThreadID=\"3280\"></Execution>\n<Channel>Microsoft-Windows-Application-Experience/Program-Inventory</Channel>\n<Computer>IACIS-HDD-2014</Computer>\n<Security UserID=\"S-1-5-18\"></Security>\n</System>\n<UserData><ProgramChangeInfoEvent xmlns:auto-ns2=\"http://schemas.microsoft.com/win/2004/08/events\" xmlns=\"http://www.microsoft.com/Windows/Diagnosis/PDU/events\"><Name>Security Update for Microsoft .NET Framework 4 Extended (KB2858302v2)</Name>\n<Version>2</Version>\n<Publisher>Microsoft Corporation</Publisher>\n<Language></Language>\n<Source>AddRemoveProgram</Source>\n<ProgramID>0000efcfbe3195f081a4d6ead7118238b4840000ffff</ProgramID>\n<FileInstanceID>0000da39a3ee5e6b4b0d3255bfef95601890afd80709</FileInstanceID>\n</ProgramChangeInfoEvent>\n</UserData>\n</Event>\n"
  },
  {
    "EventID": 903,
    "Timestamp": "2014-02-05 16:55:43.685957+00:00",
    "Computer": "IACIS-HDD-2014",
    "Channel": "Microsoft-Windows-Application-Experience/Program-Inventory",
    "Level": "Information",
    "EventData": {},
    "RawXml": "<Event xmlns=\"http://schemas.microsoft.com/win/2004/08/events/event\"><System><Provider Name=\"Microsoft-Windows-Application-Experience\" Guid=\"{eef54e71-0661-422d-9a98-82fd4940b820}\"></Provider>\n<EventID Qualifiers=\"\">903</EventID>\n<Version>0</Version>\n<Level>4</Level>\n<Task>0</Task>\n<Opcode>0</Opcode>\n<Keywords>0x0800000000000000</Keywords>\n<TimeCreated SystemTime=\"2014-02-05 16:55:43.685957+00:00\"></TimeCreated>\n<EventRecordID>63</EventRecordID>\n<Correlation ActivityID=\"\" RelatedActivityID=\"\"></Correlation>\n<Execution ProcessID=\"1952\" ThreadID=\"3280\"></Execution>\n<Channel>Microsoft-Windows-Application-Experience/Program-Inventory</Channel>\n<Computer>IACIS-HDD-2014</Computer>\n<Security UserID=\"S-1-5-18\"></Security>\n</System>\n<UserData><ProgramChangeInfoEvent xmlns:auto-ns2=\"http://schemas.microsoft.com/win/2004/08/events\" xmlns=\"http://www.microsoft.com/Windows/Diagnosis/PDU/events\"><Name>Security Update for Microsoft .NET Framework 4 Extended (KB2742595)</Name>\n<Version>1</Version>\n<Publisher>Microsoft Corporation</Publisher>\n<Language></Language>\n<Source>AddRemoveProgram</Source>\n<ProgramID>00001f74415bd748ff8f733c7458823b27480000ffff</ProgramID>\n<FileInstanceID>0000da39a3ee5e6b4b0d3255bfef95601890afd80709</FileInstanceID>\n</ProgramChangeInfoEvent>\n</UserData>\n</Event>\n"
  },
  {
    "EventID": 903,
    "Timestamp": "2014-02-05 16:55:43.685957+00:00",
    "Computer": "IACIS-HDD-2014",
    "Channel": "Microsoft-Windows-Application-Experience/Program-Inventory",
    "Level": "Information",
    "EventData": {},
    "RawXml": "<Event xmlns=\"http://schemas.microsoft.com/win/2004/08/events/event\"><System><Provider Name=\"Microsoft-Windows-Application-Experience\" Guid=\"{eef54e71-0661-422d-9a98-82fd4940b820}\"></Provider>\n<EventID Qualifiers=\"\">903</EventID>\n<Version>0</Version>\n<Level>4</Level>\n<Task>0</Task>\n<Opcode>0</Opcode>\n<Keywords>0x0800000000000000</Keywords>\n<TimeCreated SystemTime=\"2014-02-05 16:55:43.685957+00:00\"></TimeCreated>\n<EventRecordID>64</EventRecordID>\n<Correlation ActivityID=\"\" RelatedActivityID=\"\"></Correlation>\n<Execution ProcessID=\"1952\" ThreadID=\"3280\"></Execution>\n<Channel>Microsoft-Windows-Application-Experience/Program-Inventory</Channel>\n<Computer>IACIS-HDD-2014</Computer>\n<Security UserID=\"S-1-5-18\"></Security>\n</System>\n<UserData><ProgramChangeInfoEvent xmlns:auto-ns2=\"http://schemas.microsoft.com/win/2004/08/events\" xmlns=\"http://www.microsoft.com/Windows/Diagnosis/PDU/events\"><Name>Security Update for Microsoft .NET Framework 4 Extended (KB2736428)</Name>\n<Version>1</Version>\n<Publisher>Microsoft Corporation</Publisher>\n<Language></Language>\n<Source>AddRemoveProgram</Source>\n<ProgramID>000057ec638bc9271ebc1b668647caabbb480000ffff</ProgramID>\n<FileInstanceID>0000da39a3ee5e6b4b0d3255bfef95601890afd80709</FileInstanceID>\n</ProgramChangeInfoEvent>\n</UserData>\n</Event>\n"
  },
  {
    "EventID": 903,
    "Timestamp": "2014-02-05 16:55:43.685957+00:00",
    "Computer": "IACIS-HDD-2014",
    "Channel": "Microsoft-Windows-Application-Experience/Program-Inventory",
    "Level": "Information",
    "EventData": {},
    "RawXml": "<Event xmlns=\"http://schemas.microsoft.com/win/2004/08/events/event\"><System><Provider Name=\"Microsoft-Windows-Application-Experience\" Guid=\"{eef54e71-0661-422d-9a98-82fd4940b820}\"></Provider>\n<EventID Qualifiers=\"\">903</EventID>\n<Version>0</Version>\n<Level>4</Level>\n<Task>0</Task>\n<Opcode>0</Opcode>\n<Keywords>0x0800000000000000</Keywords>\n<TimeCreated SystemTime=\"2014-02-05 16:55:43.685957+00:00\"></TimeCreated>\n<EventRecordID>65</EventRecordID>\n<Correlation ActivityID=\"\" RelatedActivityID=\"\"></Correlation>\n<Execution ProcessID=\"1952\" ThreadID=\"3280\"></Execution>\n<Channel>Microsoft-Windows-Application-Experience/Program-Inventory</Channel>\n<Computer>IACIS-HDD-2014</Computer>\n<Security UserID=\"S-1-5-18\"></Security>\n</System>\n<UserData><ProgramChangeInfoEvent xmlns:auto-ns2=\"http://schemas.microsoft.com/win/2004/08/events\" xmlns=\"http://www.microsoft.com/Windows/Diagnosis/PDU/events\"><Name>Security Update for Microsoft .NET Framework 4 Extended (KB2487367)</Name>\n<Version>1</Version>\n<Publisher>Microsoft Corporation</Publisher>\n<Language></Language>\n<Source>AddRemoveProgram</Source>\n<ProgramID>000050b1a6ea01747e3e3ae11b7911e581070000ffff</ProgramID>\n<FileInstanceID>0000da39a3ee5e6b4b0d3255bfef95601890afd80709</FileInstanceID>\n</ProgramChangeInfoEvent>\n</UserData>\n</Event>\n"
  },
  {
    "EventID": 905,
    "Timestamp": "2014-02-05 16:55:43.685957+00:00",
    "Computer": "IACIS-HDD-2014",
    "Channel": "Microsoft-Windows-Application-Experience/Program-Inventory",
    "Level": "Information",
    "EventData": {},
    "RawXml": "<Event xmlns=\"http://schemas.microsoft.com/win/2004/08/events/event\"><System><Provider Name=\"Microsoft-Windows-Application-Experience\" Guid=\"{eef54e71-0661-422d-9a98-82fd4940b820}\"></Provider>\n<EventID Qualifiers=\"\">905</EventID>\n<Version>0</Version>\n<Level>4</Level>\n<Task>0</Task>\n<Opcode>0</Opcode>\n<Keywords>0x0800000000000000</Keywords>\n<TimeCreated SystemTime=\"2014-02-05 16:55:43.685957+00:00\"></TimeCreated>\n<EventRecordID>66</EventRecordID>\n<Correlation ActivityID=\"\" RelatedActivityID=\"\"></Correlation>\n<Execution ProcessID=\"1952\" ThreadID=\"3280\"></Execution>\n<Channel>Microsoft-Windows-Application-Experience/Program-Inventory</Channel>\n<Computer>IACIS-HDD-2014</Computer>\n<Security UserID=\"S-1-5-18\"></Security>\n</System>\n<UserData><ProgramChangeInfoEvent xmlns:auto-ns2=\"http://schemas.microsoft.com/win/2004/08/events\" xmlns=\"http://www.microsoft.com/Windows/Diagnosis/PDU/events\"><Name>Microsoft .NET Framework 4 Extended</Name>\n<Version>4.0.30319</Version>\n<Publisher>Microsoft Corporation</Publisher>\n<Language></Language>\n<Source>AddRemoveProgram</Source>\n<ProgramID>0000b466d18157d97df3301c665be82d3b960000ffff</ProgramID>\n<FileInstanceID>0000b0645d8aa89466212f0ad06b6b75d468c5e28513</FileInstanceID>\n<OldFileInstanceID>0000f0ffb67f2d479a55fcb3e859d914f59b61df7438</OldFileInstanceID>\n</ProgramChangeInfoEvent>\n</UserData>\n</Event>\n"
  },
  {
    "EventID": 905,
    "Timestamp": "2014-02-05 16:55:43.685957+00:00",
    "Computer": "IACIS-HDD-2014",
    "Channel": "Microsoft-Windows-Application-Experience/Program-Inventory",
    "Level": "Information",
    "EventData": {},
    "RawXml": "<Event xmlns=\"http://schemas.microsoft.com/win/2004/08/events/event\"><System><Provider Name=\"Microsoft-Windows-Application-Experience\" Guid=\"{eef54e71-0661-422d-9a98-82fd4940b820}\"></Provider>\n<EventID Qualifiers=\"\">905</EventID>\n<Version>0</Version>\n<Level>4</Level>\n<Task>0</Task>\n<Opcode>0</Opcode>\n<Keywords>0x0800000000000000</Keywords>\n<TimeCreated SystemTime=\"2014-02-05 16:55:43.685957+00:00\"></TimeCreated>\n<EventRecordID>67</EventRecordID>\n<Correlation ActivityID=\"\" RelatedActivityID=\"\"></Correlation>\n<Execution ProcessID=\"1952\" ThreadID=\"3280\"></Execution>\n<Channel>Microsoft-Windows-Application-Experience/Program-Inventory</Channel>\n<Computer>IACIS-HDD-2014</Computer>\n<Security UserID=\"S-1-5-18\"></Security>\n</System>\n<UserData><ProgramChangeInfoEvent xmlns:auto-ns2=\"http://schemas.microsoft.com/win/2004/08/events\" xmlns=\"http://www.microsoft.com/Windows/Diagnosis/PDU/events\"><Name>Microsoft .NET Framework 4 Client Profile</Name>\n<Version>4.0.30319</Version>\n<Publisher>Microsoft Corporation</Publisher>\n<Language></Language>\n<Source>AddRemoveProgram</Source>\n<ProgramID>0000d2ebf46831d2cb329af767293eb20cfd0000ffff</ProgramID>\n<FileInstanceID>00002131006867f56d133f28349271a55c2735793ade</FileInstanceID>\n<OldFileInstanceID>0000cb4043a7cdb4e55854ba0fc46a83275efb34943b</OldFileInstanceID>\n</ProgramChangeInfoEvent>\n</UserData>\n</Event>\n"
  },
  {
    "EventID": 800,
    "Timestamp": "2014-02-05 16:55:44.840359+00:00",
    "Computer": "IACIS-HDD-2014",
    "Channel": "Microsoft-Windows-Application-Experience/Program-Inventory",
    "Level": "Information",
    "EventData": {},
    "RawXml": "<Event xmlns=\"http://schemas.microsoft.com/win/2004/08/events/event\"><System><Provider Name=\"Microsoft-Windows-Application-Experience\" Guid=\"{eef54e71-0661-422d-9a98-82fd4940b820}\"></Provider>\n<EventID Qualifiers=\"\">800</EventID>\n<Version>0</Version>\n<Level>4</Level>\n<Task>0</Task>\n<Opcode>0</Opcode>\n<Keywords>0x0800000000000000</Keywords>\n<TimeCreated SystemTime=\"2014-02-05 16:55:44.840359+00:00\"></TimeCreated>\n<EventRecordID>68</EventRecordID>\n<Correlation ActivityID=\"\" RelatedActivityID=\"\"></Correlation>\n<Execution ProcessID=\"1952\" ThreadID=\"3280\"></Execution>\n<Channel>Microsoft-Windows-Application-Experience/Program-Inventory</Channel>\n<Computer>IACIS-HDD-2014</Computer>\n<Security UserID=\"S-1-5-18\"></Security>\n</System>\n<UserData><SessionInfoEvent xmlns:auto-ns2=\"http://schemas.microsoft.com/win/2004/08/events\" xmlns=\"http://www.microsoft.com/Windows/Diagnosis/PDU/events\"><StartTime>2014-02-05 16:55:19.661913+00:00</StartTime>\n<StopTime>2014-02-05 16:55:44.840359+00:00</StopTime>\n<ExitCode>223</ExitCode>\n<NumNewPrograms>13</NumNewPrograms>\n<NumRemovedPrograms>0</NumRemovedPrograms>\n<NumUpdatedPrograms>2</NumUpdatedPrograms>\n<NumInstalledPrograms>21</NumInstalledPrograms>\n<NumNewOrphans>4</NumNewOrphans>\n<NumNewAddOns>0</NumNewAddOns>\n<NumRemovedAddOns>0</NumRemovedAddOns>\n<NumUpdatedAddOns>0</NumUpdatedAddOns>\n<NumInstalledAddOns>38</NumInstalledAddOns>\n<NumNewInstallations>0</NumNewInstallations>\n</SessionInfoEvent>\n</UserData>\n</Event>\n"
  },
  {
    "EventID": 903,
    "Timestamp": "2014-02-06 12:07:21.455986+00:00",
    "Computer": "IACIS-HDD-2014",
    "Channel": "Microsoft-Windows-Application-Experience/Program-Inventory",
    "Level": "Information",
    "EventData": {},
    "RawXml": "<Event xmlns=\"http://schemas.microsoft.com/win/2004/08/events/event\"><System><Provider Name=\"Microsoft-Windows-Application-Experience\" Guid=\"{eef54e71-0661-422d-9a98-82fd4940b820}\"></Provider>\n<EventID Qualifiers=\"\">903</EventID>\n<Version>0</Version>\n<Level>4</Level>\n<Task>0</Task>\n<Opcode>0</Opcode>\n<Keywords>0x0800000000000000</Keywords>\n<TimeCreated SystemTime=\"2014-02-06 12:07:21.455986+00:00\"></TimeCreated>\n<EventRecordID>69</EventRecordID>\n<Correlation ActivityID=\"\" RelatedActivityID=\"\"></Correlation>\n<Execution ProcessID=\"3056\" ThreadID=\"3248\"></Execution>\n<Channel>Microsoft-Windows-Application-Experience/Program-Inventory</Channel>\n<Computer>IACIS-HDD-2014</Computer>\n<Security UserID=\"S-1-5-18\"></Security>\n</System>\n<UserData><ProgramChangeInfoEvent xmlns:auto-ns2=\"http://schemas.microsoft.com/win/2004/08/events\" xmlns=\"http://www.microsoft.com/Windows/Diagnosis/PDU/events\"><Name>Mozilla Maintenance Service</Name>\n<Version>27.0</Version>\n<Publisher>Mozilla</Publisher>\n<Language></Language>\n<Source>AddRemoveProgram</Source>\n<ProgramID>000062a9b5cbd360e24f0bb0aeec8dfed82c0000ffff</ProgramID>\n<FileInstanceID>0000b63915a04b6a290eccfd6b13bccf056aa398116d</FileInstanceID>\n</ProgramChangeInfoEvent>\n</UserData>\n</Event>\n"
  },
  {
    "EventID": 903,
    "Timestamp": "2014-02-06 12:07:21.455986+00:00",
    "Computer": "IACIS-HDD-2014",
    "Channel": "Microsoft-Windows-Application-Experience/Program-Inventory",
    "Level": "Information",
    "EventData": {},
    "RawXml": "<Event xmlns=\"http://schemas.microsoft.com/win/2004/08/events/event\"><System><Provider Name=\"Microsoft-Windows-Application-Experience\" Guid=\"{eef54e71-0661-422d-9a98-82fd4940b820}\"></Provider>\n<EventID Qualifiers=\"\">903</EventID>\n<Version>0</Version>\n<Level>4</Level>\n<Task>0</Task>\n<Opcode>0</Opcode>\n<Keywords>0x0800000000000000</Keywords>\n<TimeCreated SystemTime=\"2014-02-06 12:07:21.455986+00:00\"></TimeCreated>\n<EventRecordID>70</EventRecordID>\n<Correlation ActivityID=\"\" RelatedActivityID=\"\"></Correlation>\n<Execution ProcessID=\"3056\" ThreadID=\"3248\"></Execution>\n<Channel>Microsoft-Windows-Application-Experience/Program-Inventory</Channel>\n<Computer>IACIS-HDD-2014</Computer>\n<Security UserID=\"S-1-5-18\"></Security>\n</System>\n<UserData><ProgramChangeInfoEvent xmlns:auto-ns2=\"http://schemas.microsoft.com/win/2004/08/events\" xmlns=\"http://www.microsoft.com/Windows/Diagnosis/PDU/events\"><Name>Mozilla Firefox 27.0 (x86 en-US)</Name>\n<Version>27.0</Version>\n<Publisher>Mozilla</Publisher>\n<Language></Language>\n<Source>AddRemoveProgram</Source>\n<ProgramID>0000fd8ef21441af64a9dfc7bc9bd367b6320000ffff</ProgramID>\n<FileInstanceID>0000c55a23da38e832bb7fc3f9a887a2ffb3be334a3f</FileInstanceID>\n</ProgramChangeInfoEvent>\n</UserData>\n</Event>\n"
  },
  {
    "EventID": 800,
    "Timestamp": "2014-02-06 12:07:24.731993+00:00",
    "Computer": "IACIS-HDD-2014",
    "Channel": "Microsoft-Windows-Application-Experience/Program-Inventory",
    "Level": "Information",
    "EventData": {},
    "RawXml": "<Event xmlns=\"http://schemas.microsoft.com/win/2004/08/events/event\"><System><Provider Name=\"Microsoft-Windows-Application-Experience\" Guid=\"{eef54e71-0661-422d-9a98-82fd4940b820}\"></Provider>\n<EventID Qualifiers=\"\">800</EventID>\n<Version>0</Version>\n<Level>4</Level>\n<Task>0</Task>\n<Opcode>0</Opcode>\n<Keywords>0x0800000000000000</Keywords>\n<TimeCreated SystemTime=\"2014-02-06 12:07:24.731993+00:00\"></TimeCreated>\n<EventRecordID>71</EventRecordID>\n<Correlation ActivityID=\"\" RelatedActivityID=\"\"></Correlation>\n<Execution ProcessID=\"3056\" ThreadID=\"3248\"></Execution>\n<Channel>Microsoft-Windows-Application-Experience/Program-Inventory</Channel>\n<Computer>IACIS-HDD-2014</Computer>\n<Security UserID=\"S-1-5-18\"></Security>\n</System>\n<UserData><SessionInfoEvent xmlns:auto-ns2=\"http://schemas.microsoft.com/win/2004/08/events\" xmlns=\"http://www.microsoft.com/Windows/Diagnosis/PDU/events\"><StartTime>2014-02-06 12:07:00.489550+00:00</StartTime>\n<StopTime>2014-02-06 12:07:24.731993+00:00</StopTime>\n<ExitCode>223</ExitCode>\n<NumNewPrograms>2</NumNewPrograms>\n<NumRemovedPrograms>0</NumRemovedPrograms>\n<NumUpdatedPrograms>0</NumUpdatedPrograms>\n<NumInstalledPrograms>23</NumInstalledPrograms>\n<NumNewOrphans>2</NumNewOrphans>\n<NumNewAddOns>0</NumNewAddOns>\n<NumRemovedAddOns>0</NumRemovedAddOns>\n<NumUpdatedAddOns>0</NumUpdatedAddOns>\n<NumInstalledAddOns>38</NumInstalledAddOns>\n<NumNewInstallations>0</NumNewInstallations>\n</SessionInfoEvent>\n</UserData>\n</Event>\n"
  },
  {
    "EventID": 800,
    "Timestamp": "2014-02-07 13:09:43.541956+00:00",
    "Computer": "IACIS-HDD-2014",
    "Channel": "Microsoft-Windows-Application-Experience/Program-Inventory",
    "Level": "Information",
    "EventData": {},
    "RawXml": "<Event xmlns=\"http://schemas.microsoft.com/win/2004/08/events/event\"><System><Provider Name=\"Microsoft-Windows-Application-Experience\" Guid=\"{eef54e71-0661-422d-9a98-82fd4940b820}\"></Provider>\n<EventID Qualifiers=\"\">800</EventID>\n<Version>0</Version>\n<Level>4</Level>\n<Task>0</Task>\n<Opcode>0</Opcode>\n<Keywords>0x0800000000000000</Keywords>\n<TimeCreated SystemTime=\"2014-02-07 13:09:43.541956+00:00\"></TimeCreated>\n<EventRecordID>72</EventRecordID>\n<Correlation ActivityID=\"\" RelatedActivityID=\"\"></Correlation>\n<Execution ProcessID=\"3892\" ThreadID=\"1520\"></Execution>\n<Channel>Microsoft-Windows-Application-Experience/Program-Inventory</Channel>\n<Computer>IACIS-HDD-2014</Computer>\n<Security UserID=\"S-1-5-18\"></Security>\n</System>\n<UserData><SessionInfoEvent xmlns:auto-ns2=\"http://schemas.microsoft.com/win/2004/08/events\" xmlns=\"http://www.microsoft.com/Windows/Diagnosis/PDU/events\"><StartTime>2014-02-07 13:09:21.639519+00:00</StartTime>\n<StopTime>2014-02-07 13:09:43.541956+00:00</StopTime>\n<ExitCode>223</ExitCode>\n<NumNewPrograms>0</NumNewPrograms>\n<NumRemovedPrograms>0</NumRemovedPrograms>\n<NumUpdatedPrograms>0</NumUpdatedPrograms>\n<NumInstalledPrograms>23</NumInstalledPrograms>\n<NumNewOrphans>2</NumNewOrphans>\n<NumNewAddOns>0</NumNewAddOns>\n<NumRemovedAddOns>0</NumRemovedAddOns>\n<NumUpdatedAddOns>0</NumUpdatedAddOns>\n<NumInstalledAddOns>38</NumInstalledAddOns>\n<NumNewInstallations>0</NumNewInstallations>\n</SessionInfoEvent>\n</UserData>\n</Event>\n"
  },
  {
    "EventID": 900,
    "Timestamp": "2014-02-10 15:43:48.025127+00:00",
    "Computer": "IACIS-HDD-2014",
    "Channel": "Microsoft-Windows-Application-Experience/Program-Inventory",
    "Level": "Information",
    "EventData": {},
    "RawXml": "<Event xmlns=\"http://schemas.microsoft.com/win/2004/08/events/event\"><System><Provider Name=\"Microsoft-Windows-Application-Experience\" Guid=\"{eef54e71-0661-422d-9a98-82fd4940b820}\"></Provider>\n<EventID Qualifiers=\"\">900</EventID>\n<Version>0</Version>\n<Level>4</Level>\n<Task>0</Task>\n<Opcode>0</Opcode>\n<Keywords>0x0800000000000000</Keywords>\n<TimeCreated SystemTime=\"2014-02-10 15:43:48.025127+00:00\"></TimeCreated>\n<EventRecordID>73</EventRecordID>\n<Correlation ActivityID=\"\" RelatedActivityID=\"\"></Correlation>\n<Execution ProcessID=\"3448\" ThreadID=\"2464\"></Execution>\n<Channel>Microsoft-Windows-Application-Experience/Program-Inventory</Channel>\n<Computer>IACIS-HDD-2014</Computer>\n<Security UserID=\"S-1-5-18\"></Security>\n</System>\n<UserData><IEAddOnChangeInfoEvent xmlns:auto-ns2=\"http://schemas.microsoft.com/win/2004/08/events\" xmlns=\"http://www.microsoft.com/Windows/Diagnosis/PDU/events\"><Name>Adobe PDF Reader</Name>\n<Type>ActiveX</Type>\n<Publisher>Adobe Systems, Inc.</Publisher>\n<CLSID>{ca8a9780-280d-11cf-a24d-444553540000}</CLSID>\n<FileName>AcroPDF.dll</FileName>\n<FileID>0000cca330b84aea8e289cdf572cab1c69956f9aeaa6</FileID>\n<Language>1033</Language>\n<FileVersion>11.0.06.70</FileVersion>\n</IEAddOnChangeInfoEvent>\n</UserData>\n</Event>\n"
  },
  {
    "EventID": 904,
    "Timestamp": "2014-02-10 15:43:48.025127+00:00",
    "Computer": "IACIS-HDD-2014",
    "Channel": "Microsoft-Windows-Application-Experience/Program-Inventory",
    "Level": "Information",
    "EventData": {},
    "RawXml": "<Event xmlns=\"http://schemas.microsoft.com/win/2004/08/events/event\"><System><Provider Name=\"Microsoft-Windows-Application-Experience\" Guid=\"{eef54e71-0661-422d-9a98-82fd4940b820}\"></Provider>\n<EventID Qualifiers=\"\">904</EventID>\n<Version>0</Version>\n<Level>4</Level>\n<Task>0</Task>\n<Opcode>0</Opcode>\n<Keywords>0x0800000000000000</Keywords>\n<TimeCreated SystemTime=\"2014-02-10 15:43:48.025127+00:00\"></TimeCreated>\n<EventRecordID>74</EventRecordID>\n<Correlation ActivityID=\"\" RelatedActivityID=\"\"></Correlation>\n<Execution ProcessID=\"3448\" ThreadID=\"2464\"></Execution>\n<Channel>Microsoft-Windows-Application-Experience/Program-Inventory</Channel>\n<Computer>IACIS-HDD-2014</Computer>\n<Security UserID=\"S-1-5-18\"></Security>\n</System>\n<UserData><ProgramChangeInfoEvent xmlns:auto-ns2=\"http://schemas.microsoft.com/win/2004/08/events\" xmlns=\"http://www.microsoft.com/Windows/Diagnosis/PDU/events\"><Name>Adobe Reader XI (11.0.06)</Name>\n<Version>11.0.06</Version>\n<Publisher>Adobe Systems Incorporated</Publisher>\n<Language>1033</Language>\n<Source>Msi</Source>\n<ProgramID>00001de14ac0f5af84534116c7ec4890cd9600000904</ProgramID>\n<FileInstanceID>0000265e03e52b2045025eb3cc38a64b73e8703714c9</FileInstanceID>\n<MsiProductCode>{AC76BA86-7AD7-1033-7B44-AB0000000001}</MsiProductCode>\n<MsiPackageCode>{D4D01680-CBA4-47E0-BB20-755BDE5D1870}</MsiPackageCode>\n</ProgramChangeInfoEvent>\n</UserData>\n</Event>\n"
  },
  {
    "EventID": 800,
    "Timestamp": "2014-02-10 15:43:48.664728+00:00",
    "Computer": "IACIS-HDD-2014",
    "Channel": "Microsoft-Windows-Application-Experience/Program-Inventory",
    "Level": "Information",
    "EventData": {},
    "RawXml": "<Event xmlns=\"http://schemas.microsoft.com/win/2004/08/events/event\"><System><Provider Name=\"Microsoft-Windows-Application-Experience\" Guid=\"{eef54e71-0661-422d-9a98-82fd4940b820}\"></Provider>\n<EventID Qualifiers=\"\">800</EventID>\n<Version>0</Version>\n<Level>4</Level>\n<Task>0</Task>\n<Opcode>0</Opcode>\n<Keywords>0x0800000000000000</Keywords>\n<TimeCreated SystemTime=\"2014-02-10 15:43:48.664728+00:00\"></TimeCreated>\n<EventRecordID>75</EventRecordID>\n<Correlation ActivityID=\"\" RelatedActivityID=\"\"></Correlation>\n<Execution ProcessID=\"3448\" ThreadID=\"2464\"></Execution>\n<Channel>Microsoft-Windows-Application-Experience/Program-Inventory</Channel>\n<Computer>IACIS-HDD-2014</Computer>\n<Security UserID=\"S-1-5-18\"></Security>\n</System>\n<UserData><SessionInfoEvent xmlns:auto-ns2=\"http://schemas.microsoft.com/win/2004/08/events\" xmlns=\"http://www.microsoft.com/Windows/Diagnosis/PDU/events\"><StartTime>2014-02-10 15:43:16.091871+00:00</StartTime>\n<StopTime>2014-02-10 15:43:48.664728+00:00</StopTime>\n<ExitCode>223</ExitCode>\n<NumNewPrograms>1</NumNewPrograms>\n<NumRemovedPrograms>0</NumRemovedPrograms>\n<NumUpdatedPrograms>0</NumUpdatedPrograms>\n<NumInstalledPrograms>24</NumInstalledPrograms>\n<NumNewOrphans>4</NumNewOrphans>\n<NumNewAddOns>1</NumNewAddOns>\n<NumRemovedAddOns>0</NumRemovedAddOns>\n<NumUpdatedAddOns>0</NumUpdatedAddOns>\n<NumInstalledAddOns>39</NumInstalledAddOns>\n<NumNewInstallations>0</NumNewInstallations>\n</SessionInfoEvent>\n</UserData>\n</Event>\n"
  },
  {
    "EventID": 800,
    "Timestamp": "2014-02-11 14:14:42.669008+00:00",
    "Computer": "IACIS-HDD-2014",
    "Channel": "Microsoft-Windows-Application-Experience/Program-Inventory",
    "Level": "Information",
    "EventData": {},
    "RawXml": "<Event xmlns=\"http://schemas.microsoft.com/win/2004/08/events/event\"><System><Provider Name=\"Microsoft-Windows-Application-Experience\" Guid=\"{eef54e71-0661-422d-9a98-82fd4940b820}\"></Provider>\n<EventID Qualifiers=\"\">800</EventID>\n<Version>0</Version>\n<Level>4</Level>\n<Task>0</Task>\n<Opcode>0</Opcode>\n<Keywords>0x0800000000000000</Keywords>\n<TimeCreated SystemTime=\"2014-02-11 14:14:42.669008+00:00\"></TimeCreated>\n<EventRecordID>76</EventRecordID>\n<Correlation ActivityID=\"\" RelatedActivityID=\"\"></Correlation>\n<Execution ProcessID=\"3148\" ThreadID=\"3160\"></Execution>\n<Channel>Microsoft-Windows-Application-Experience/Program-Inventory</Channel>\n<Computer>IACIS-HDD-2014</Computer>\n<Security UserID=\"S-1-5-18\"></Security>\n</System>\n<UserData><SessionInfoEvent xmlns:auto-ns2=\"http://schemas.microsoft.com/win/2004/08/events\" xmlns=\"http://www.microsoft.com/Windows/Diagnosis/PDU/events\"><StartTime>2014-02-11 14:14:14.947758+00:00</StartTime>\n<StopTime>2014-02-11 14:14:42.669008+00:00</StopTime>\n<ExitCode>223</ExitCode>\n<NumNewPrograms>0</NumNewPrograms>\n<NumRemovedPrograms>0</NumRemovedPrograms>\n<NumUpdatedPrograms>0</NumUpdatedPrograms>\n<NumInstalledPrograms>24</NumInstalledPrograms>\n<NumNewOrphans>3</NumNewOrphans>\n<NumNewAddOns>0</NumNewAddOns>\n<NumRemovedAddOns>0</NumRemovedAddOns>\n<NumUpdatedAddOns>0</NumUpdatedAddOns>\n<NumInstalledAddOns>39</NumInstalledAddOns>\n<NumNewInstallations>0</NumNewInstallations>\n</SessionInfoEvent>\n</UserData>\n</Event>\n"
  },
  {
    "EventID": 904,
    "Timestamp": "2014-02-16 19:55:05.257458+00:00",
    "Computer": "IACIS-HDD-2014",
    "Channel": "Microsoft-Windows-Application-Experience/Program-Inventory",
    "Level": "Information",
    "EventData": {},
    "RawXml": "<Event xmlns=\"http://schemas.microsoft.com/win/2004/08/events/event\"><System><Provider Name=\"Microsoft-Windows-Application-Experience\" Guid=\"{eef54e71-0661-422d-9a98-82fd4940b820}\"></Provider>\n<EventID Qualifiers=\"\">904</EventID>\n<Version>0</Version>\n<Level>4</Level>\n<Task>0</Task>\n<Opcode>0</Opcode>\n<Keywords>0x0800000000000000</Keywords>\n<TimeCreated SystemTime=\"2014-02-16 19:55:05.257458+00:00\"></TimeCreated>\n<EventRecordID>77</EventRecordID>\n<Correlation ActivityID=\"\" RelatedActivityID=\"\"></Correlation>\n<Execution ProcessID=\"3188\" ThreadID=\"1588\"></Execution>\n<Channel>Microsoft-Windows-Application-Experience/Program-Inventory</Channel>\n<Computer>IACIS-HDD-2014</Computer>\n<Security UserID=\"S-1-5-18\"></Security>\n</System>\n<UserData><ProgramChangeInfoEvent xmlns:auto-ns2=\"http://schemas.microsoft.com/win/2004/08/events\" xmlns=\"http://www.microsoft.com/Windows/Diagnosis/PDU/events\"><Name>Microsoft Visual C++ 2008 Redistributable - x64 9.0.30729.6161</Name>\n<Version>9.0.30729.6161</Version>\n<Publisher>Microsoft Corporation</Publisher>\n<Language>1033</Language>\n<Source>Msi</Source>\n<ProgramID>0000cefe0311c4937cb18dd07637d57e45e700000904</ProgramID>\n<FileInstanceID>000017aa0d68b5bc41e3142a435ea99e789ce81efcc2</FileInstanceID>\n<MsiProductCode>{5FCE6D76-F5DC-37AB-B2B8-22AB8CEDB1D4}</MsiProductCode>\n<MsiPackageCode>{9C7D912C-6EDE-47A4-962E-7A83663440BA}</MsiPackageCode>\n</ProgramChangeInfoEvent>\n</UserData>\n</Event>\n"
  },
  {
    "EventID": 904,
    "Timestamp": "2014-02-16 19:55:05.257458+00:00",
    "Computer": "IACIS-HDD-2014",
    "Channel": "Microsoft-Windows-Application-Experience/Program-Inventory",
    "Level": "Information",
    "EventData": {},
    "RawXml": "<Event xmlns=\"http://schemas.microsoft.com/win/2004/08/events/event\"><System><Provider Name=\"Microsoft-Windows-Application-Experience\" Guid=\"{eef54e71-0661-422d-9a98-82fd4940b820}\"></Provider>\n<EventID Qualifiers=\"\">904</EventID>\n<Version>0</Version>\n<Level>4</Level>\n<Task>0</Task>\n<Opcode>0</Opcode>\n<Keywords>0x0800000000000000</Keywords>\n<TimeCreated SystemTime=\"2014-02-16 19:55:05.257458+00:00\"></TimeCreated>\n<EventRecordID>78</EventRecordID>\n<Correlation ActivityID=\"\" RelatedActivityID=\"\"></Correlation>\n<Execution ProcessID=\"3188\" ThreadID=\"1588\"></Execution>\n<Channel>Microsoft-Windows-Application-Experience/Program-Inventory</Channel>\n<Computer>IACIS-HDD-2014</Computer>\n<Security UserID=\"S-1-5-18\"></Security>\n</System>\n<UserData><ProgramChangeInfoEvent xmlns:auto-ns2=\"http://schemas.microsoft.com/win/2004/08/events\" xmlns=\"http://www.microsoft.com/Windows/Diagnosis/PDU/events\"><Name>Microsoft Visual C++ 2008 Redistributable - x86 9.0.30729.6161</Name>\n<Version>9.0.30729.6161</Version>\n<Publisher>Microsoft Corporation</Publisher>\n<Language>1033</Language>\n<Source>Msi</Source>\n<ProgramID>00008691777ad6859922fe285949af735d9300000904</ProgramID>\n<FileInstanceID>00004e0b191613941fea079aec55210ee8486f591065</FileInstanceID>\n<MsiProductCode>{9BE518E6-ECC6-35A9-88E4-87755C07200F}</MsiProductCode>\n<MsiPackageCode>{00073E4B-0EA7-48DB-9C41-FDA7E9BB4839}</MsiPackageCode>\n</ProgramChangeInfoEvent>\n</UserData>\n</Event>\n"
  },
  {
    "EventID": 904,
    "Timestamp": "2014-02-16 19:55:05.257458+00:00",
    "Computer": "IACIS-HDD-2014",
    "Channel": "Microsoft-Windows-Application-Experience/Program-Inventory",
    "Level": "Information",
    "EventData": {},
    "RawXml": "<Event xmlns=\"http://schemas.microsoft.com/win/2004/08/events/event\"><System><Provider Name=\"Microsoft-Windows-Application-Experience\" Guid=\"{eef54e71-0661-422d-9a98-82fd4940b820}\"></Provider>\n<EventID Qualifiers=\"\">904</EventID>\n<Version>0</Version>\n<Level>4</Level>\n<Task>0</Task>\n<Opcode>0</Opcode>\n<Keywords>0x0800000000000000</Keywords>\n<TimeCreated SystemTime=\"2014-02-16 19:55:05.257458+00:00\"></TimeCreated>\n<EventRecordID>79</EventRecordID>\n<Correlation ActivityID=\"\" RelatedActivityID=\"\"></Correlation>\n<Execution ProcessID=\"3188\" ThreadID=\"1588\"></Execution>\n<Channel>Microsoft-Windows-Application-Experience/Program-Inventory</Channel>\n<Computer>IACIS-HDD-2014</Computer>\n<Security UserID=\"S-1-5-18\"></Security>\n</System>\n<UserData><ProgramChangeInfoEvent xmlns:auto-ns2=\"http://schemas.microsoft.com/win/2004/08/events\" xmlns=\"http://www.microsoft.com/Windows/Diagnosis/PDU/events\"><Name>OpenOffice 4.0.1</Name>\n<Version>4.01.9714</Version>\n<Publisher>Apache Software Foundation</Publisher>\n<Language>1033</Language>\n<Source>Msi</Source>\n<ProgramID>0000d4cb098a2100c66b66d53fa5731af97d00000904</ProgramID>\n<FileInstanceID>0000367800af10a9aa83625ff50721ead2eae1dd4b63</FileInstanceID>\n<MsiProductCode>{47F460DA-D1BE-4D85-8DF2-AA1F31D3445F}</MsiProductCode>\n<MsiPackageCode>{853A0B40-6E46-4F0D-B595-E90B806176C7}</MsiPackageCode>\n</ProgramChangeInfoEvent>\n</UserData>\n</Event>\n"
  },
  {
    "EventID": 800,
    "Timestamp": "2014-02-16 19:55:06.739462+00:00",
    "Computer": "IACIS-HDD-2014",
    "Channel": "Microsoft-Windows-Application-Experience/Program-Inventory",
    "Level": "Information",
    "EventData": {},
    "RawXml": "<Event xmlns=\"http://schemas.microsoft.com/win/2004/08/events/event\"><System><Provider Name=\"Microsoft-Windows-Application-Experience\" Guid=\"{eef54e71-0661-422d-9a98-82fd4940b820}\"></Provider>\n<EventID Qualifiers=\"\">800</EventID>\n<Version>0</Version>\n<Level>4</Level>\n<Task>0</Task>\n<Opcode>0</Opcode>\n<Keywords>0x0800000000000000</Keywords>\n<TimeCreated SystemTime=\"2014-02-16 19:55:06.739462+00:00\"></TimeCreated>\n<EventRecordID>80</EventRecordID>\n<Correlation ActivityID=\"\" RelatedActivityID=\"\"></Correlation>\n<Execution ProcessID=\"3188\" ThreadID=\"1588\"></Execution>\n<Channel>Microsoft-Windows-Application-Experience/Program-Inventory</Channel>\n<Computer>IACIS-HDD-2014</Computer>\n<Security UserID=\"S-1-5-18\"></Security>\n</System>\n<UserData><SessionInfoEvent xmlns:auto-ns2=\"http://schemas.microsoft.com/win/2004/08/events\" xmlns=\"http://www.microsoft.com/Windows/Diagnosis/PDU/events\"><StartTime>2014-02-16 19:54:00.532946+00:00</StartTime>\n<StopTime>2014-02-16 19:55:06.739462+00:00</StopTime>\n<ExitCode>223</ExitCode>\n<NumNewPrograms>3</NumNewPrograms>\n<NumRemovedPrograms>0</NumRemovedPrograms>\n<NumUpdatedPrograms>0</NumUpdatedPrograms>\n<NumInstalledPrograms>27</NumInstalledPrograms>\n<NumNewOrphans>3</NumNewOrphans>\n<NumNewAddOns>0</NumNewAddOns>\n<NumRemovedAddOns>0</NumRemovedAddOns>\n<NumUpdatedAddOns>0</NumUpdatedAddOns>\n<NumInstalledAddOns>39</NumInstalledAddOns>\n<NumNewInstallations>0</NumNewInstallations>\n</SessionInfoEvent>\n</UserData>\n</Event>\n"
  },
  {
    "EventID": 800,
    "Timestamp": "2014-02-19 14:08:12.063658+00:00",
    "Computer": "IACIS-HDD-2014",
    "Channel": "Microsoft-Windows-Application-Experience/Program-Inventory",
    "Level": "Information",
    "EventData": {},
    "RawXml": "<Event xmlns=\"http://schemas.microsoft.com/win/2004/08/events/event\"><System><Provider Name=\"Microsoft-Windows-Application-Experience\" Guid=\"{eef54e71-0661-422d-9a98-82fd4940b820}\"></Provider>\n<EventID Qualifiers=\"\">800</EventID>\n<Version>0</Version>\n<Level>4</Level>\n<Task>0</Task>\n<Opcode>0</Opcode>\n<Keywords>0x0800000000000000</Keywords>\n<TimeCreated SystemTime=\"2014-02-19 14:08:12.063658+00:00\"></TimeCreated>\n<EventRecordID>81</EventRecordID>\n<Correlation ActivityID=\"\" RelatedActivityID=\"\"></Correlation>\n<Execution ProcessID=\"3544\" ThreadID=\"2252\"></Execution>\n<Channel>Microsoft-Windows-Application-Experience/Program-Inventory</Channel>\n<Computer>IACIS-HDD-2014</Computer>\n<Security UserID=\"S-1-5-18\"></Security>\n</System>\n<UserData><SessionInfoEvent xmlns:auto-ns2=\"http://schemas.microsoft.com/win/2004/08/events\" xmlns=\"http://www.microsoft.com/Windows/Diagnosis/PDU/events\"><StartTime>2014-02-19 14:07:10.162750+00:00</StartTime>\n<StopTime>2014-02-19 14:08:12.063658+00:00</StopTime>\n<ExitCode>223</ExitCode>\n<NumNewPrograms>0</NumNewPrograms>\n<NumRemovedPrograms>0</NumRemovedPrograms>\n<NumUpdatedPrograms>0</NumUpdatedPrograms>\n<NumInstalledPrograms>27</NumInstalledPrograms>\n<NumNewOrphans>2</NumNewOrphans>\n<NumNewAddOns>0</NumNewAddOns>\n<NumRemovedAddOns>0</NumRemovedAddOns>\n<NumUpdatedAddOns>0</NumUpdatedAddOns>\n<NumInstalledAddOns>39</NumInstalledAddOns>\n<NumNewInstallations>0</NumNewInstallations>\n</SessionInfoEvent>\n</UserData>\n</Event>\n"
  },
  {
    "EventID": 800,
    "Timestamp": "2014-02-20 15:22:39.826597+00:00",
    "Computer": "IACIS-HDD-2014",
    "Channel": "Microsoft-Windows-Application-Experience/Program-Inventory",
    "Level": "Information",
    "EventData": {},
    "RawXml": "<Event xmlns=\"http://schemas.microsoft.com/win/2004/08/events/event\"><System><Provider Name=\"Microsoft-Windows-Application-Experience\" Guid=\"{eef54e71-0661-422d-9a98-82fd4940b820}\"></Provider>\n<EventID Qualifiers=\"\">800</EventID>\n<Version>0</Version>\n<Level>4</Level>\n<Task>0</Task>\n<Opcode>0</Opcode>\n<Keywords>0x0800000000000000</Keywords>\n<TimeCreated SystemTime=\"2014-02-20 15:22:39.826597+00:00\"></TimeCreated>\n<EventRecordID>82</EventRecordID>\n<Correlation ActivityID=\"\" RelatedActivityID=\"\"></Correlation>\n<Execution ProcessID=\"1916\" ThreadID=\"2036\"></Execution>\n<Channel>Microsoft-Windows-Application-Experience/Program-Inventory</Channel>\n<Computer>IACIS-HDD-2014</Computer>\n<Security UserID=\"S-1-5-18\"></Security>\n</System>\n<UserData><SessionInfoEvent xmlns:auto-ns2=\"http://schemas.microsoft.com/win/2004/08/events\" xmlns=\"http://www.microsoft.com/Windows/Diagnosis/PDU/events\"><StartTime>2014-02-20 15:22:39.826597+00:00</StartTime>\n<StopTime>2014-02-20 15:22:39.826597+00:00</StopTime>\n<ExitCode>200</ExitCode>\n<NumNewPrograms>0</NumNewPrograms>\n<NumRemovedPrograms>0</NumRemovedPrograms>\n<NumUpdatedPrograms>0</NumUpdatedPrograms>\n<NumInstalledPrograms>0</NumInstalledPrograms>\n<NumNewOrphans>0</NumNewOrphans>\n<NumNewAddOns>0</NumNewAddOns>\n<NumRemovedAddOns>0</NumRemovedAddOns>\n<NumUpdatedAddOns>0</NumUpdatedAddOns>\n<NumInstalledAddOns>0</NumInstalledAddOns>\n<NumNewInstallations>0</NumNewInstallations>\n</SessionInfoEvent>\n</UserData>\n</Event>\n"
  }
]