  {
    "EventID": 900,
    "Timestamp": "2014-01-25 16:17:52.496733+00:00",
    "Computer": "IACIS-HDD-2014",
    "Channel": "Microsoft-Windows-Application-Experience/Program-Inventory",
    "Level": "Information",
    "EventData": {},
    "RawXml": "<Event xmlns=\"http://schemas.microsoft.com/win/2004/08/events/event\"><System><Provider Name=\"Microsoft-Windows-Application-Experience\" Guid=\"{eef54e71-0661-422d-9a98-82fd4940b820}\"></Provider>\n<EventID Qualifiers=\"\">900</EventID>\n<Version>0</Version>\n<Level>4</Level>\n<Task>0</Task>\n<Opcode>0</Opcode>\n<Keywords>0x0800000000000000</Keywords>\n<TimeCreated SystemTime=\"2014-01-25 16:17:52.496733+00:00\"></TimeCreated>\n<EventRecordID>32</EventRecordID>\n<Correlation ActivityID=\"\" RelatedActivityID=\"\"></Correlation>\n<Execution ProcessID=\"2952\" ThreadID=\"1944\"></Execution>\n<Channel>Microsoft-Windows-Application-Experience/Program-Inventory</Channel>\n<Computer>IACIS-HDD-2014</Computer>\n<Security UserID=\"S-1-5-18\"></Security>\n</System>\n<UserData><IEAddOnChangeInfoEvent xmlns:auto-ns2=\"http://schemas.microsoft.com/win/2004/08/events\" xmlns=\"http://www.microsoft.com/Windows/Diagnosis/PDU/events\"><Name>HtmlDlgSafeHelper Class</Name>\n<Type>ActiveX</Type>\n<Publisher>Microsoft Corporation</Publisher>\n<CLSID>{3050f819-98b5-11cf-bb82-00aa00bdce0b}</CLSID>\n<FileName>mshtmled.dll</FileName>\n<FileID>0000deab361f78279ff46b5d2b53aea838f0dba65244</FileID>\n<Language>1033</Language>\n<FileVersion>11.00.9600.16428(winblue_gdr.131013-1700)</FileVersion>\n</IEAddOnChangeInfoEvent>\n</UserData>\n</Event>\n"
  },
  {
    "EventID": 900,
    "Timestamp": "2014-01-25 16:17:52.496733+00:00",
    "Computer": "IACIS-HDD-2014",
    "Channel": "Microsoft-Windows-Application-Experience/Program-Inventory",
    "Level": "Information",
    "EventData": {},
    "RawXml": "<Event xmlns=\"http://schemas.microsoft.com/win/2004/08/events/event\"><System><Provider Name=\"Microsoft-Windows-Application-Experience\" Guid=\"{eef54e71-0661-422d-9a98-82fd4940b820}\"></Provider>\n<EventID Qualifiers=\"\">900</EventID>\n<Version>0</Version>\n<Level>4</Level>\n<Task>0</Task>\n<Opcode>0</Opcode>\n<Keywords>0x0800000000000000</Keywords>\n<TimeCreated SystemTime=\"2014-01-25 16:17:52.496733+00:00\"></TimeCreated>\n<EventRecordID>33</EventRecordID>\n<Correlation ActivityID=\"\" RelatedActivityID=\"\"></Correlation>\n<Execution ProcessID=\"2952\" ThreadID=\"1944\"></Execution>\n<Channel>Microsoft-Windows-Application-Experience/Program-Inventory</Channel>\n<Computer>IACIS-HDD-2014</Computer>\n<Security UserID=\"S-1-5-18\"></Security>\n</System>\n<UserData><IEAddOnChangeInfoEvent xmlns:auto-ns2=\"http://schemas.microsoft.com/win/2004/08/events\" xmlns=\"http://www.microsoft.com/Windows/Diagnosis/PDU/events\"><Name>XSL Template</Name>\n<Type>ActiveX</Type>\n<Publisher>Microsoft Corporation</Publisher>\n<CLSID>{2933bf94-7b36-11d2-b20e-00c04f983e60}</CLSID>\n<FileName>msxml3.dll</FileName>\n<FileID>0000d9f90bf62d40aa4daf347814253f6c4e9f9365e7</FileID>\n<Language>0</Language>\n<FileVersion>8.110.7601.17988</FileVersion>\n</IEAddOnChangeInfoEvent>\n</UserData>\n</Event>\n"
  },
  {
    "EventID": 900,
    "Timestamp": "2014-01-25 16:17:52.496733+00:00",
    "Computer": "IACIS-HDD-2014",
    "Channel": "Microsoft-Windows-Application-Experience/Program-Inventory",
    "Level": "Information",
    "EventData": {},
    "RawXml": "<Event xmlns=\"http://schemas.microsoft.com/win/2004/08/events/event\"><System><Provider Name=\"Microsoft-Windows-Application-Experience\" Guid=\"{eef54e71-0661-422d-9a98-82fd4940b820}\"></Provider>\n<EventID Qualifiers=\"\">900</EventID>\n<Version>0</Version>\n<Level>4</Level>\n<Task>0</Task>\n<Opcode>0</Opcode>\n<Keywords>0x0800000000000000</Keywords>\n<TimeCreated SystemTime=\"2014-01-25 16:17:52.496733+00:00\"></TimeCreated>\n<EventRecordID>34</EventRecordID>\n<Correlation ActivityID=\"\" RelatedActivityID=\"\"></Correlation>\n<Execution ProcessID=\"2952\" ThreadID=\"1944\"></Execution>\n<Channel>Microsoft-Windows-Application-Experience/Program-Inventory</Channel>\n<Computer>IACIS-HDD-2014</Computer>\n<Security UserID=\"S-1-5-18\"></Security>\n</System>\n<UserData><IEAddOnChangeInfoEvent xmlns:auto-ns2=\"http://schemas.microsoft.com/win/2004/08/events\" xmlns=\"http://www.microsoft.com/Windows/Diagnosis/PDU/events\"><Name>XML DOM Document</Name>\n<Type>ActiveX</Type>\n<Publisher>Microsoft Corporation</Publisher>\n<CLSID>{2933bf90-7b36-11d2-b20e-00c04f983e60}</CLSID>\n<FileName>msxml3.dll</FileName>\n<FileID>0000d9f90bf62d40aa4daf347814253f6c4e9f9365e7</FileID>\n<Language>0</Language>\n<FileVersion>8.110.7601.17988</FileVersion>\n</IEAddOnChangeInfoEvent>\n</UserData>\n</Event>\n"
  },
  {
    "EventID": 900,
    "Timestamp": "2014-01-25 16:17:52.496733+00:00",
    "Computer": "IACIS-HDD-2014",
    "Channel": "Microsoft-Windows-Application-Experience/Program-Inventory",
    "Level": "Information",
    "EventData": {},
    "RawXml": "<Event xmlns=\"http://schemas.microsoft.com/win/2004/08/events/event\"><System><Provider Name=\"Microsoft-Windows-Application-Experience\" Guid=\"{eef54e71-0661-422d-9a98-82fd4940b820}\"></Provider>\n<EventID Qualifiers=\"\">900</EventID>\n<Version>0</Version>\n<Level>4</Level>\n<Task>0</Task>\n<Opcode>0</Opcode>\n<Keywords>0x0800000000000000</Keywords>\n<TimeCreated SystemTime=\"2014-01-25 16:17:52.496733+00:00\"></TimeCreated>\n<EventRecordID>35</EventRecordID>\n<Correlation ActivityID=\"\" RelatedActivityID=\"\"></Correlation>\n<Execution ProcessID=\"2952\" ThreadID=\"1944\"></Execution>\n<Channel>Microsoft-Windows-Application-Experience/Program-Inventory</Channel>\n<Computer>IACIS-HDD-2014</Computer>\n<Security UserID=\"S-1-5-18\"></Security>\n</System>\n<UserData><IEAddOnChangeInfoEvent xmlns:auto-ns2=\"http://schemas.microsoft.com/win/2004/08/events\" xmlns=\"http://www.microsoft.com/Windows/Diagnosis/PDU/events\"><Name>InformationCardSigninHelper Class</Name>\n<Type>ActiveX</Type>\n<Publisher>Microsoft Corporation</Publisher>\n<CLSID>{19916e01-b44e-4e31-94a4-4696df46157b}</CLSID>\n<FileName>icardie.dll</FileName>\n<FileID>00009a0defec862e4d1a912d37e3c174872a36daef46</FileID>\n<Language>1033</Language>\n<FileVersion>11.00.9600.16428(winblue_gdr.131013-1700)</FileVersion>\n</IEAddOnChangeInfoEvent>\n</UserData>\n</Event>\n"
  },
  {
    "EventID": 903,
    "Timestamp": "2014-01-25 16:17:52.496733+00:00",
    "Computer": "IACIS-HDD-2014",
    "Channel": "Microsoft-Windows-Application-Experience/Program-Inventory",
    "Level": "Information",
    "EventData": {},
    "RawXml": "<Event xmlns=\"http://schemas.microsoft.com/win/2004/08/events/event\"><System><Provider Name=\"Microsoft-Windows-Application-Experience\" Guid=\"{eef54e71-0661-422d-9a98-82fd4940b820}\"></Provider>\n<EventID Qualifiers=\"\">903</EventID>\n<Version>0</Version>\n<Level>4</Level>\n<Task>0</Task>\n<Opcode>0</Opcode>\n<Keywords>0x0800000000000000</Keywords>\n<TimeCreated SystemTime=\"2014-01-25 16:17:52.496733+00:00\"></TimeCreated>\n<EventRecordID>36</EventRecordID>\n<Correlation ActivityID=\"\" RelatedActivityID=\"\"></Correlation>\n<Execution ProcessID=\"2952\" ThreadID=\"1944\"></Execution>\n<Channel>Microsoft-Windows-Application-Experience/Program-Inventory</Channel>\n<Computer>IACIS-HDD-2014</Computer>\n<Security UserID=\"S-1-5-18\"></Security>\n</System>\n<UserData><ProgramChangeInfoEvent xmlns:auto-ns2=\"http://schemas.microsoft.com/win/2004/08/events\" xmlns=\"http://www.microsoft.com/Windows/Diagnosis/PDU/events\"><Name>Microsoft Security Essentials</Name>\n<Version>4.4.304.0</Version>\n<Publisher>Microsoft Corporation</Publisher>\n<Language></Language>\n<Source>AddRemoveProgram</Source>\n<ProgramID>00008b77e85ccf47d3122e904eec928c5f330000ffff</ProgramID>\n<FileInstanceID>0000a59153af85136dd6916f4037330f92b332e99498</FileInstanceID>\n</ProgramChangeInfoEvent>\n</UserData>\n</Event>\n"
  },
  {
    "EventID": 800,
    "Timestamp": "2014-01-25 16:18:06.786358+00:00",
    "Computer": "IACIS-HDD-2014",
    "Channel": "Microsoft-Windows-Application-Experience/Program-Inventory",
    "Level": "Information",
    "EventData": {},
    "RawXml": "<Event xmlns=\"http://schemas.microsoft.com/win/2004/08/events/event\"><System><Provider Name=\"Microsoft-Windows-Application-Experience\" Guid=\"{eef54e71-0661-422d-9a98-82fd4940b820}\"></Provider>\n<EventID Qualifiers=\"\">800</EventID>\n<Version>0</Version>\n<Level>4</Level>\n<Task>0</Task>\n<Opcode>0</Opcode>\n<Keywords>0x0800000000000000</Keywords>\n<TimeCreated SystemTime=\"2014-01-25 16:18:06.786358+00:00\"></TimeCreated>\n<EventRecordID>37</EventRecordID>\n<Correlation ActivityID=\"\" RelatedActivityID=\"\"></Correlation>\n<Execution ProcessID=\"2952\" ThreadID=\"1944\"></Execution>\n<Channel>Microsoft-Windows-Application-Experience/Program-Inventory</Channel>\n<Computer>IACIS-HDD-2014</Computer>\n<Security UserID=\"S-1-5-18\"></Security>\n</System>\n<UserData><SessionInfoEvent xmlns:auto-ns2=\"http://schemas.microsoft.com/win/2004/08/events\" xmlns=\"http://www.microsoft.com/Windows/Diagnosis/PDU/events\"><StartTime>2014-01-25 16:17:34.003107+00:00</StartTime>\n<StopTime>2014-01-25 16:18:06.786358+00:00</StopTime>\n<ExitCode>223</ExitCode>\n<NumNewPrograms>1</NumNewPrograms>\n<NumRemovedPrograms>0</NumRemovedPrograms>\n<NumUpdatedPrograms>0</NumUpdatedPrograms>\n<NumInstalledPrograms>1</NumInstalledPrograms>\n<NumNewOrphans>84</NumNewOrphans>\n<NumNewAddOns>35</NumNewAddOns>\n<NumRemovedAddOns>0</NumRemovedAddOns>\n<NumUpdatedAddOns>0</NumUpdatedAddOns>\n<NumInstalledAddOns>35</NumInstalledAddOns>\n<NumNewInstallations>0</NumNewInstallations>\n</SessionInfoEvent>\n</UserData>\n</Event>\n"
  },
  {
    "EventID": 800,
    "Timestamp": "2014-01-29 13:20:13.755587+00:00",
    "Computer": "IACIS-HDD-2014",
    "Channel": "Microsoft-Windows-Application-Experience/Program-Inventory",
    "Level": "Information",
    "EventData": {},
    "RawXml": "<Event xmlns=\"http://schemas.microsoft.com/win/2004/08/events/event\"><System><Provider Name=\"Microsoft-Windows-Application-Experience\" Guid=\"{eef54e71-0661-422d-9a98-82fd4940b820}\"></Provider>\n<EventID Qualifiers=\"\">800</EventID>\n<Version>0</Version>\n<Level>4</Level>\n<Task>0</Task>\n<Opcode>0</Opcode>\n<Keywords>0x0800000000000000</Keywords>\n<TimeCreated SystemTime=\"2014-01-29 13:20:13.755587+00:00\"></TimeCreated>\n<EventRecordID>38</EventRecordID>\n<Correlation ActivityID=\"\" RelatedActivityID=\"\"></Correlation>\n<Execution ProcessID=\"2608\" ThreadID=\"3248\"></Execution>\n<Channel>Microsoft-Windows-Application-Experience/Program-Inventory</Channel>\n<Computer>IACIS-HDD-2014</Computer>\n<Security UserID=\"S-1-5-18\"></Security>\n</System>\n<UserData><SessionInfoEvent xmlns:auto-ns2=\"http://schemas.microsoft.com/win/2004/08/events\" xmlns=\"http://www.microsoft.com/Windows/Diagnosis/PDU/events\"><StartTime>2014-01-29 13:20:03.256769+00:00</StartTime>\n<StopTime>2014-01-29 13:20:13.755587+00:00</StopTime>\n<ExitCode>223</ExitCode>\n<NumNewPrograms>0</NumNewPrograms>\n<NumRemovedPrograms>0</NumRemovedPrograms>\n<NumUpdatedPrograms>0</NumUpdatedPrograms>\n<NumInstalledPrograms>1</NumInstalledPrograms>\n<NumNewOrphans>11</NumNewOrphans>\n<NumNewAddOns>0</NumNewAddOns>\n<NumRemovedAddOns>0</NumRemovedAddOns>\n<NumUpdatedAddOns>0</NumUpdatedAddOns>\n<NumInstalledAddOns>35</NumInstalledAddOns>\n<NumNewInstallations>0</NumNewInstallations>\n</SessionInfoEvent>\n</UserData>\n</Event>\n"
  },
  {
    "EventID": 900,
    "Timestamp": "2014-02-03 13:50:30.187645+00:00",
    "Computer": "IACIS-HDD-2014",
    "Channel": "Microsoft-Windows-Application-Experience/Program-Inventory",
    "Level": "Information",
    "EventData": {},
    "RawXml": "<Event xmlns=\"http://schemas.microsoft.com/win/2004/08/events/event\"><System><Provider Name=\"Microsoft-Windows-Application-Experience\" Guid=\"{eef54e71-0661-422d-9a98-82fd4940b820}\"></Provider>\n<EventID Qualifiers=\"\">900</EventID>\n<Version>0</Version>\n<Level>4</Level>\n<Task>0</Task>\n<Opcode>0</Opcode>\n<Keywords>0x0800000000000000</Keywords>\n<TimeCreated SystemTime=\"2014-02-03 13:50:30.187645+00:00\"></TimeCreated>\n<EventRecordID>39</EventRecordID>\n<Correlation ActivityID=\"\" RelatedActivityID=\"\"></Correlation>\n<Execution ProcessID=\"2888\" ThreadID=\"3788\"></Execution>\n<Channel>Microsoft-Windows-Application-Experience/Program-Inventory</Channel>\n<Computer>IACIS-HDD-2014</Computer>\n<Security UserID=\"S-1-5-18\"></Security>\n</System>\n<UserData><IEAddOnChangeInfoEvent xmlns:auto-ns2=\"http://schemas.microsoft.com/win/2004/08/events\" xmlns=\"http://www.microsoft.com/Windows/Diagnosis/PDU/events\"><Name>Shockwave Flash Object</Name>\n<Type>ActiveX</Type>\n<Publisher>Adobe Systems, Inc.</Publisher>\n<CLSID>{d27cdb6e-ae6d-11cf-96b8-444553540000}</CLSID>\n<FileName>Flash64_12_0_0_38.ocx</FileName>\n<FileID>0000ccadabe4d109ebb0705a6f2d0f4161bb9df0f492</FileID>\n<Language>1033</Language>\n<FileVersion>12.0.0.38</FileVersion>\n</IEAddOnChangeInfoEvent>\n</UserData>\n</Event>\n"
  },
  {
    "EventID": 901,
    "Timestamp": "2014-02-03 13:50:30.187645+00:00",
    "Computer": "IACIS-HDD-2014",
    "Channel": "Microsoft-Windows-Application-Experience/Program-Inventory",
    "Level": "Information",
    "EventData": {},
    "RawXml": "<Event xmlns=\"http://schemas.microsoft.com/win/2004/08/events/event\"><System><Provider Name=\"Microsoft-Windows-Application-Experience\" Guid=\"{eef54e71-0661-422d-9a98-82fd4940b820}\"></Provider>\n<EventID Qualifiers=\"\">901</EventID>\n<Version>0</Version>\n<Level>4</Level>\n<Task>0</Task>\n<Opcode>0</Opcode>\n<Keywords>0x0800000000000000</Keywords>\n<TimeCreated SystemTime=\"2014-02-03 13:50:30.187645+00:00\"></TimeCreated>\n<EventRecordID>40</EventRecordID>\n<Correlation ActivityID=\"\" RelatedActivityID=\"\"></Correlation>\n<Execution ProcessID=\"2888\" ThreadID=\"3788\"></Execution>\n<Channel>Microsoft-Windows-Application-Experience/Program-Inventory</Channel>\n<Computer>IACIS-HDD-2014</Computer>\n<Security UserID=\"S-1-5-18\"></Security>\n</System>\n<UserData><IEAddOnChangeInfoEvent xmlns:auto-ns2=\"http://schemas.microsoft.com/win/2004/08/events\" xmlns=\"http://www.microsoft.com/Windows/Diagnosis/PDU/events\"><Name>Microsoft Shell UI Helper</Name>\n<Type>ActiveX</Type>\n<Publisher>Microsoft Corporation</Publisher>\n<CLSID>{64ab4bb7-111e-11d1-8f79-00c04fc2fbe1}</CLSID>\n<FileName>ieframe.dll</FileName>\n<FileID>00006d0eb2ff4d5864b11d4d010bbaa4b77f0c88f0cf</FileID>\n<Language>1033</Language>\n<FileVersion>11.00.9600.16428(winblue_gdr.131013-1700)</FileVersion>\n</IEAddOnChangeInfoEvent>\n</UserData>\n</Event>\n"
  },
  {
    "EventID": 903,
    "Timestamp": "2014-02-03 13:50:30.187645+00:00",
    "Computer": "IACIS-HDD-2014",
    "Channel": "Microsoft-Windows-Application-Experience/Program-Inventory",
    "Level": "Information",
    "EventData": {},
    "RawXml": "<Event xmlns=\"http://schemas.microsoft.com/win/2004/08/events/event\"><System><Provider Name=\"Microsoft-Windows-Application-Experience\" Guid=\"{eef54e71-0661-422d-9a98-82fd4940b820}\"></Provider>\n<EventID Qualifiers=\"\">903</EventID>\n<Version>0</Version>\n<Level>4</Level>\n<Task>0</Task>\n<Opcode>0</Opcode>\n<Keywords>0x0800000000000000</Keywords>\n<TimeCreated SystemTime=\"2014-02-03 13:50:30.187645+00:00\"></TimeCreated>\n<EventRecordID>41</EventRecordID>\n<Correlation ActivityID=\"\" RelatedActivityID=\"\"></Correlation>\n<Execution ProcessID=\"2888\" ThreadID=\"3788\"></Execution>\n<Channel>Microsoft-Windows-Application-Experience/Program-Inventory</Channel>\n<Computer>IACIS-HDD-2014</Computer>\n<Security UserID=\"S-1-5-18\"></Security>\n</System>\n<UserData><ProgramChangeInfoEvent xmlns:auto-ns2=\"http://schemas.microsoft.com/win/2004/08/events\" xmlns=\"http://www.microsoft.com/Windows/Diagnosis/PDU/events\"><Name>TrueCrypt</Name>\n<Version>7.1a</Version>\n<Publisher>TrueCrypt Foundation</Publisher>\n<Language></Language>\n<Source>AddRemoveProgram</Source>\n<ProgramID>000021b2eee7abf1f4935a053fb96361c4bb0000ffff</ProgramID>\n<FileInstanceID>0000e27cfcb124ec8a71b33777f618755bd1670febf9</FileInstanceID>\n</ProgramChangeInfoEvent>\n</UserData>\n</Event>\n"
  },
  {
    "EventID": 903,
    "Timestamp": "2014-02-03 13:50:30.187645+00:00",
    "Computer": "IACIS-HDD-2014",
    "Channel": "Microsoft-Windows-Application-Experience/Program-Inventory",
    "Level": "Information",
    "EventData": {},
    "RawXml": "<Event xmlns=\"http://schemas.microsoft.com/win/2004/08/events/event\"><System><Provider Name=\"Microsoft-Windows-Application-Experience\" Guid=\"{eef54e71-0661-422d-9a98-82fd4940b820}\"></Provider>\n<EventID Qualifiers=\"\">903</EventID>\n<Version>0</Version>\n<Level>4</Level>\n<Task>0</Task>\n<Opcode>0</Opcode>\n<Keywords>0x0800000000000000</Keywords>\n<TimeCreated SystemTime=\"2014-02-03 13:50:30.187645+00:00\"></TimeCreated>\n<EventRecordID>42</EventRecordID>\n<Correlation ActivityID=\"\" RelatedActivityID=\"\"></Correlation>\n<Execution ProcessID=\"2888\" ThreadID=\"3788\"></Execution>\n<Channel>Microsoft-Windows-Application-Experience/Program-Inventory</Channel>\n<Computer>IACIS-HDD-2014</Computer>\n<Security UserID=\"S-1-5-18\"></Security>\n</System>\n<UserData><ProgramChangeInfoEvent xmlns:auto-ns2=\"http://schemas.microsoft.com/win/2004/08/events\" xmlns=\"http://www.microsoft.com/Windows/Diagnosis/PDU/events\"><Name>KeePass Password Safe 2.24</Name>\n<Version>2.24</Version>\n<Publisher>Dominik Reichl</Publisher>\n<Language></Language>\n<Source>AddRemoveProgram</Source>\n<ProgramID>0000b06a4bb416171e25cf5ea2f10944446b0000ffff</ProgramID>\n<FileInstanceID>0000c46499ee4a70f4084471aa82d0b7da10e44f6778</FileInstanceID>\n</ProgramChangeInfoEvent>\n</UserData>\n</Event>\n"
  },
  {
    "EventID": 903,
    "Timestamp": "2014-02-03 13:50:30.187645+00:00",
    "Computer": "IACIS-HDD-2014",
    "Channel": "Microsoft-Windows-Application-Experience/Program-Inventory",
    "Level": "Information",
    "EventData": {},
    "RawXml": "<Event xmlns=\"http://schemas.microsoft.com/win/2004/08/events/event\"><System><Provider Name=\"Microsoft-Windows-Application-Experience\" Guid=\"{eef54e71-0661-422d-9a98-82fd4940b820}\"></Provider>\n<EventID Qualifiers=\"\">903</EventID>\n<Version>0</Version>\n<Level>4</Level>\n<Task>0</Task>\n<Opcode>0</Opcode>\n<Keywords>0x0800000000000000</Keywords>\n<TimeCreated SystemTime=\"2014-02-03 13:50:30.187645+00:00\"></TimeCreated>\n<EventRecordID>43</EventRecordID>\n<Correlation ActivityID=\"\" RelatedActivityID=\"\"></Correlation>\n<Execution ProcessID=\"2888\" ThreadID=\"3788\"></Execution>\n<Channel>Microsoft-Windows-Application-Experience/Program-Inventory</Channel>\n<Computer>IACIS-HDD-2014</Computer>\n<Security UserID=\"S-1-5-18\"></Security>\n</System>\n<UserData><ProgramChangeInfoEvent xmlns:auto-ns2=\"http://schemas.microsoft.com/win/2004/08/events\" xmlns=\"http://www.microsoft.com/Windows/Diagnosis/PDU/events\"><Name>Adobe Flash Player 12 ActiveX</Name>\n<Version>12.0.0.38</Version>\n<Publisher>Adobe Systems Incorporated</Publisher>\n<Language></Language>\n<Source>AddRemoveProgram</Source>\n<ProgramID>0000a270718b2243691e73050cff3845775b0000ffff</ProgramID>\n<FileInstanceID>0000da39a3ee5e6b4b0d3255bfef95601890afd80709</FileInstanceID>\n</ProgramChangeInfoEvent>\n</UserData>\n</Event>\n"
  },
  {
    "EventID": 800,
    "Timestamp": "2014-02-03 13:50:31.154846+00:00",
    "Computer": "IACIS-HDD-2014",
    "Channel": "Microsoft-Windows-Application-Experience/Program-Inventory",
    "Level": "Information",
    "EventData": {},
    "RawXml": "<Event xmlns=\"http://schemas.microsoft.com/win/2004/08/events/event\"><System><Provider Name=\"Microsoft-Windows-Application-Experience\" Guid=\"{eef54e71-0661-422d-9a98-82fd4940b820}\"></Provider>\n<EventID Qualifiers=\"\">800</EventID>\n<Version>0</Version>\n<Level>4</Level>\n<Task>0</Task>\n<Opcode>0</Opcode>\n<Keywords>0x0800000000000000</Keywords>\n<TimeCreated SystemTime=\"2014-02-03 13:50:31.154846+00:00\"></TimeCreated>\n<EventRecordID>44</EventRecordID>\n<Correlation ActivityID=\"\" RelatedActivityID=\"\"></Correlation>\n<Execution ProcessID=\"2888\" ThreadID=\"3788\"></Execution>\n<Channel>Microsoft-Windows-Application-Experience/Program-Inventory</Channel>\n<Computer>IACIS-HDD-2014</Computer>\n<Security UserID=\"S-1-5-18\"></Security>\n</System>\n<UserData><SessionInfoEvent xmlns:auto-ns2=\"http://schemas.microsoft.com/win/2004/08/events\" xmlns=\"http://www.microsoft.com/Windows/Diagnosis/PDU/events\"><StartTime>2014-02-03 13:50:24.696434+00:00</StartTime>\n<StopTime>2014-02-03 13:50:31.154846+00:00</StopTime>\n<ExitCode>223</ExitCode>\n<NumNewPrograms>3</NumNewPrograms>\n<NumRemovedPrograms>0</NumRemovedPrograms>\n<NumUpdatedPrograms>0</NumUpdatedPrograms>\n<NumInstalledPrograms>4</NumInstalledPrograms>\n<NumNewOrphans>5</NumNewOrphans>\n<NumNewAddOns>1</NumNewAddOns>\n<NumRemovedAddOns>0</NumRemovedAddOns>\n<NumUpdatedAddOns>1</NumUpdatedAddOns>\n<NumInstalledAddOns>36</NumInstalledAddOns>\n<NumNewInstallations>0</NumNewInstallations>\n</SessionInfoEvent>\n</UserData>\n</Event>\n"
  },
  {
    "EventID": 900,
    "Timestamp": "2014-02-04 16:03:42.857277+00:00",
    "Computer": "IACIS-HDD-2014",
    "Channel": "Microsoft-Windows-Application-Experience/Program-Inventory",
    "Level": "Information",
    "EventData": {},
    "RawXml": "<Event xmlns=\"http://schemas.microsoft.com/win/2004/08/events/event\"><System><Provider Name=\"Microsoft-Windows-Application-Experience\" Guid=\"{eef54e71-0661-422d-9a98-82fd4940b820}\"></Provider>\n<EventID Qualifiers=\"\">900</EventID>\n<Version>0</Version>\n<Level>4</Level>\n<Task>0</Task>\n<Opcode>0</Opcode>\n<Keywords>0x0800000000000000</Keywords>\n<TimeCreated SystemTime=\"2014-02-04 16:03:42.857277+00:00\"></TimeCreated>\n<EventRecordID>45</EventRecordID>\n<Correlation ActivityID=\"\" RelatedActivityID=\"\"></Correlation>\n<Execution ProcessID=\"3268\" ThreadID=\"1632\"></Execution>\n<Channel>Microsoft-Windows-Application-Experience/Program-Inventory</Channel>\n<Computer>IACIS-HDD-2014</Computer>\n<Security UserID=\"S-1-5-18\"></Security>\n</System>\n<UserData><IEAddOnChangeInfoEvent xmlns:auto-ns2=\"http://schemas.microsoft.com/win/2004/08/events\" xmlns=\"http://www.microsoft.com/Windows/Diagnosis/PDU/events\"><Name>Windows Live ID Sign-in Control</Name>\n<Type>ActiveX</Type>\n<Publisher>Microsoft Corp.</Publisher>\n<CLSID>{d2517915-48ce-4286-970f-921e881b8c5c}</CLSID>\n<FileName>WindowsLiveLogin.dll</FileName>\n<FileID>0000325d32295808a6c4cef8de28da1fcc95a316b655</FileID>\n<Language>1033</Language>\n<FileVersion>7.250.4311.0</FileVersion>\n</IEAddOnChangeInfoEvent>\n</UserData>\n</Event>\n"
  },
  {
    "EventID": 900,
    "Timestamp": "2014-02-04 16:03:42.857277+00:00",
    "Computer": "IACIS-HDD-2014",
    "Channel": "Microsoft-Windows-Application-Experience/Program-Inventory",
    "Level": "Information",
    "EventData": {},
    "RawXml": "<Event xmlns=\"http://schemas.microsoft.com/win/2004/08/events/event\"><System><Provider Name=\"Microsoft-Windows-Application-Experience\" Guid=\"{eef54e71-0661-422d-9a98-82fd4940b820}\"></Provider>\n<EventID Qualifiers=\"\">900</EventID>\n<Version>0</Version>\n<Level>4</Level>\n<Task>0</Task>\n<Opcode>0</Opcode>\n<Keywords>0x0800000000000000</Keywords>\n<TimeCreated SystemTime=\"2014-02-04 16:03:42.857277+00:00\"></TimeCreated>\n<EventRecordID>46</EventRecordID>\n<Correlation ActivityID=\"\" RelatedActivityID=\"\"></Correlation>\n<Execution ProcessID=\"3268\" ThreadID=\"1632\"></Execution>\n<Channel>Microsoft-Windows-Application-Experience/Program-Inventory</Channel>\n<Computer>IACIS-HDD-2014</Computer>\n<Security UserID=\"S-1-5-18\"></Security>\n</System>\n<UserData><IEAddOnChangeInfoEvent xmlns:auto-ns2=\"http://schemas.microsoft.com/win/2004/08/events\" xmlns=\"http://www.microsoft.com/Windows/Diagnosis/PDU/events\"><Name>Windows Live ID Sign-in Helper</Name>\n<Type>BrowserHelperObject</Type>\n<Publisher>Microsoft Corp.</Publisher>\n<CLSID>{9030d464-4c02-4abf-8ecc-5164760863c6}</CLSID>\n<FileName>WindowsLiveLogin.dll</FileName>\n<FileID>0000325d32295808a6c4cef8de28da1fcc95a316b655</FileID>\n<Language>1033</Language>\n<FileVersion>7.250.4311.0</FileVersion>\n</IEAddOnChangeInfoEvent>\n</UserData>\n</Event>\n"
  },
  {
    "EventID": 903,
    "Timestamp": "2014-02-04 16:03:42.857277+00:00",
    "Computer": "IACIS-HDD-2014",
    "Channel": "Microsoft-Windows-Application-Experience/Program-Inventory",
    "Level": "Information",
    "EventData": {},
    "RawXml": "<Event xmlns=\"http://schemas.microsoft.com/win/2004/08/events/event\"><System><Provider Name=\"Microsoft-Windows-Application-Experience\" Guid=\"{eef54e71-0661-422d-9a98-82fd4940b820}\"></Provider>\n<EventID Qualifiers=\"\">903</EventID>\n<Version>0</Version>\n<Level>4</Level>\n<Task>0</Task>\n<Opcode>0</Opcode>\n<Keywords>0x0800000000000000</Keywords>\n<TimeCreated SystemTime=\"2014-02-04 16:03:42.857277+00:00\"></TimeCreated>\n<EventRecordID>47</EventRecordID>\n<Correlation ActivityID=\"\" RelatedActivityID=\"\"></Correlation>\n<Execution ProcessID=\"3268\" ThreadID=\"1632\"></Execution>\n<Channel>Microsoft-Windows-Application-Experience/Program-Inventory</Channel>\n<Computer>IACIS-HDD-2014</Computer>\n<Security UserID=\"S-1-5-18\"></Security>\n</System>\n<UserData><ProgramChangeInfoEvent xmlns:auto-ns2=\"http://schemas.microsoft.com/win/2004/08/events\" xmlns=\"http://www.microsoft.com/Windows/Diagnosis/PDU/events\"><Name>Windows Live Essentials</Name>\n<Version>16.4.3508.0205</Version>\n<Publisher>Microsoft Corporation</Publisher>\n<Language>9</Language>\n<Source>AddRemoveProgram</Source>\n<ProgramID>00000c8c623790c9b0d1bc2adc31011aa43700000900</ProgramID>\n<FileInstanceID>000032e81aff93ad69d3e91ce77db77872a964b87d29</FileInstanceID>\n</ProgramChangeInfoEvent>\n</UserData>\n</Event>\n"
  },
  {
    "EventID": 903,
    "Timestamp": "2014-02-04 16:03:42.857277+00:00",
    "Computer": "IACIS-HDD-2014",
    "Channel": "Microsoft-Windows-Application-Experience/Program-Inventory",
    "Level": "Information",
    "EventData": {},
    "RawXml": "<Event xmlns=\"http://schemas.microsoft.com/win/2004/08/events/event\"><System><Provider Name=\"Microsoft-Windows-Application-Experience\" Guid=\"{eef54e71-0661-422d-9a98-82fd4940b820}\"></Provider>\n<EventID Qualifiers=\"\">903</EventID>\n<Version>0</Version>\n<Level>4</Level>\n<Task>0</Task>\n<Opcode>0</Opcode>\n<Keywords>0x0800000000000000</Keywords>\n<TimeCreated SystemTime=\"2014-02-04 16:03:42.857277+00:00\"></TimeCreated>\n<EventRecordID>48</EventRecordID>\n<Correlation ActivityID=\"\" RelatedActivityID=\"\"></Correlation>\n<Execution ProcessID=\"3268\" ThreadID=\"1632\"></Execution>\n<Channel>Microsoft-Windows-Application-Experience/Program-Inventory</Channel>\n<Computer>IACIS-HDD-2014</Computer>\n<Security UserID=\"S-1-5-18\"></Security>\n</System>\n<UserData><ProgramChangeInfoEvent xmlns:auto-ns2=\"http://schemas.microsoft.com/win/2004/08/events\" xmlns=\"http://www.microsoft.com/Windows/Diagnosis/PDU/events\"><Name>Microsoft .NET Framework 4 Extended</Name>\n<Version>4.0.30319</Version>\n<Publisher>Microsoft Corporation</Publisher>\n<Language></Language>\n<Source>AddRemoveProgram</Source>\n<ProgramID>0000b466d18157d97df3301c665be82d3b960000ffff</ProgramID>\n<FileInstanceID>0000f0ffb67f2d479a55fcb3e859d914f59b61df7438</FileInstanceID>\n</ProgramChangeInfoEvent>\n</UserData>\n</Event>\n"
  },
  {
    "EventID": 903,
    "Timestamp": "2014-02-04 16:03:42.857277+00:00",
    "Computer": "IACIS-HDD-2014",
    "Channel": "Microsoft-Windows-Application-Experience/Program-Inventory",
    "Level": "Information",
    "EventData": {},
    "RawXml": "<Event xmlns=\"http://schemas.microsoft.com/win/2004/08/events/event\"><System><Provider Name=\"Microsoft-Windows-Application-Experience\" Guid=\"{eef54e71-0661-422d-9a98-82fd4940b820}\"></Provider>\n<EventID Qualifiers=\"\">903</EventID>\n<Version>0</Version>\n<Level>4</Level>\n<Task>0</Task>\n<Opcode>0</Opcode>\n<Keywords>0x0800000000000000</Keywords>\n<TimeCreated SystemTime=\"2014-02-04 16:03:42.857277+00:00\"></TimeCreated>\n<EventRecordID>49</EventRecordID>\n<Correlation ActivityID=\"\" RelatedActivityID=\"\"></Correlation>\n<Execution ProcessID=\"3268\" ThreadID=\"1632\"></Execution>\n<Channel>Microsoft-Windows-Application-Experience/Program-Inventory</Channel>\n<Computer>IACIS-HDD-2014</Computer>\n<Security UserID=\"S-1-5-18\"></Security>\n</System>\n<UserData><ProgramChangeInfoEvent xmlns:auto-ns2=\"http://schemas.microsoft.com/win/2004/08/events\" xmlns=\"http://www.microsoft.com/Windows/Diagnosis/PDU/events\"><Name>Microsoft .NET Framework 4 Client Profile</Name>\n<Version>4.0.30319</Version>\n<Publisher>Microsoft Corporation</Publisher>\n<Language></Language>\n<Source>AddRemoveProgram</Source>\n<ProgramID>0000d2ebf46831d2cb329af767293eb20cfd0000ffff</ProgramID>\n<FileInstanceID>0000cb4043a7cdb4e55854ba0fc46a83275efb34943b</FileInstanceID>\n</ProgramChangeInfoEvent>\n</UserData>\n</Event>\n"
  },
  {
    "EventID": 904,
    "Timestamp": "2014-02-04 16:03:42.857277+00:00",
    "Computer": "IACIS-HDD-2014",
    "Channel": "Microsoft-Windows-Application-Experience/Program-Inventory",
    "Level": "Information",
    "EventData": {},
    "RawXml": "<Event xmlns=\"http://schemas.microsoft.com/win/2004/08/events/event\"><System><Provider Name=\"Microsoft-Windows-Application-Experience\" Guid=\"{eef54e71-0661-422d-9a98-82fd4940b820}\"></Provider>\n<EventID Qualifiers=\"\">904</EventID>\n<Version>0</Version>\n<Level>4</Level>\n<Task>0</Task>\n<Opcode>0</Opcode>\n<Keywords>0x0800000000000000</Keywords>\n<TimeCreated SystemTime=\"2014-02-04 16:03:42.857277+00:00\"></TimeCreated>\n<EventRecordID>50</EventRecordID>\n<Correlation ActivityID=\"\" RelatedActivityID=\"\"></Correlation>\n<Execution ProcessID=\"3268\" ThreadID=\"1632\"></Execution>\n<Channel>Microsoft-Windows-Application-Experience/Program-Inventory</Channel>\n<Computer>IACIS-HDD-2014</Computer>\n<Security UserID=\"S-1-5-18\"></Security>\n</System>\n<UserData><ProgramChangeInfoEvent xmlns:auto-ns2=\"http://schemas.microsoft.com/win/2004/08/events\" xmlns=\"http://www.microsoft.com/Windows/Diagnosis/PDU/events\"><Name>Skype&#8482; 6.13</Name>\n<Version>6.13.104</Version>\n<Publisher>Skype Technologies S.A.</Publisher>\n<Language>1033</Language>\n<Source>Msi</Source>\n<ProgramID>00000de49e74efe68da5d66b74b70301e05b00000904</ProgramID>\n<FileInstanceID>0000d5ddc6d33574cb7d5d3aaef0e4b093a0ae49bb69</FileInstanceID>\n<MsiProductCode>{7A3C7E05-EE37-47D6-99E1-2EB05A3DA3F7}</MsiProductCode>\n<MsiPackageCode>{BB7839E7-C4C7-44B9-A4FE-02525FA21712}</MsiPackageCode>\n</ProgramChangeInfoEvent>\n</UserData>\n</Event>\n"
  },
  {
    "EventID": 800,
    "Timestamp": "2014-02-04 16:03:49.378088+00:00",
    "Computer": "IACIS-HDD-2014",
    "Channel": "Microsoft-Windows-Application-Experience/Program-Inventory",
    "Level": "Information",
    "EventData": {},
    "RawXml": "<Event xmlns=\"http://schemas.microsoft.com/win/2004/08/events/event\"><System><Provider Name=\"Microsoft-Windows-Application-Experience\" Guid=\"{eef54e71-0661-422d-9a98-82fd4940b820}\"></Provider>\n<EventID Qualifiers=\"\">800</EventID>\n<Version>0</Version>\n<Level>4</Level>\n<Task>0</Task>\n<Opcode>0</Opcode>\n<Keywords>0x0800000000000000</Keywords>\n<TimeCreated SystemTime=\"2014-02-04 16:03:49.378088+00:00\"></TimeCreated>\n<EventRecordID>51</EventRecordID>\n<Correlation ActivityID=\"\" RelatedActivityID=\"\"></Correlation>\n<Execution ProcessID=\"3268\" ThreadID=\"1632\"></Execution>\n<Channel>Microsoft-Windows-Application-Experience/Program-Inventory</Channel>\n<Computer>IACIS-HDD-2014</Computer>\n<Security UserID=\"S-1-5-18\"></Security>\n</System>\n<UserData><SessionInfoEvent xmlns:auto-ns2=\"http://schemas.microsoft.com/win/2004/08/events\" xmlns=\"http://www.microsoft.com/Windows/Diagnosis/PDU/events\"><StartTime>2014-02-04 16:02:58.631197+00:00</StartTime>\n<StopTime>2014-02-04 16:03:49.378088+00:00</StopTime>\n<ExitCode>223</ExitCode>\n<NumNewPrograms>4</NumNewPrograms>\n<NumRemovedPrograms>0</NumRemovedPrograms>\n<NumUpdatedPrograms>0</NumUpdatedPrograms>\n<NumInstalledPrograms>8</NumInstalledPrograms>\n<NumNewOrphans>41</NumNewOrphans>\n<NumNewAddOns>2</NumNewAddOns>\n<NumRemovedAddOns>0</NumRemovedAddOns>\n<NumUpdatedAddOns>0</NumUpdatedAddOns>\n<NumInstalledAddOns>38</NumInstalledAddOns>\n<NumNewInstallations>0</NumNewInstallations>\n</SessionInfoEvent>\n</UserData>\n</Event>\n"
  },
  {
    "EventID": 800,
    "Timestamp": "2014-02-05 16:16:12.275789+00:00",
    "Computer": "IACIS-HDD-2014",
    "Channel": "Microsoft-Windows-Application-Experience/Program-Inventory",
    "Level": "Information",
    "EventData": {},
    "RawXml": "<Event xmlns=\"http://schemas.microsoft.com/win/2004/08/events/event\"><System><Provider Name=\"Microsoft-Windows-Application-Experience\" Guid=\"{eef54e71-0661-422d-9a98-82fd4940b820}\"></Provider>\n<EventID Qualifiers=\"\">800</EventID>\n<Version>0</Version>\n<Level>4</Level>\n<Task>0</Task>\n<Opcode>0</Opcode>\n<Keywords>0x0800000000000000</Keywords>\n<TimeCreated SystemTime=\"2014-02-05 16:16:12.275789+00:00\"></TimeCreated>\n<EventRecordID>52</EventRecordID>\n<Correlation ActivityID=\"\" RelatedActivityID=\"\"></Correlation>\n<Execution ProcessID=\"3552\" ThreadID=\"2072\"></Execution>\n<Channel>Microsoft-Windows-Application-Experience/Program-Inventory</Channel>\n<Computer>IACIS-HDD-2014</Computer>\n<Security UserID=\"S-1-5-18\"></Security>\n</System>\n<UserData><SessionInfoEvent xmlns:auto-ns2=\"http://schemas.microsoft.com/win/2004/08/events\" xmlns=\"http://www.microsoft.com/Windows/Diagnosis/PDU/events\"><StartTime>2014-02-05 16:15:44.741741+00:00</StartTime>\n<StopTime>2014-02-05 16:16:12.275789+00:00</StopTime>\n<ExitCode>400</ExitCode>\n<NumNewPrograms>0</NumNewPrograms>\n<NumRemovedPrograms>0</NumRemovedPrograms>\n<NumUpdatedPrograms>0</NumUpdatedPrograms>\n<NumInstalledPrograms>0</NumInstalledPrograms>\n<NumNewOrphans>0</NumNewOrphans>\n<NumNewAddOns>0</NumNewAddOns>\n<NumRemovedAddOns>0</NumRemovedAddOns>\n<NumUpdatedAddOns>0</NumUpdatedAddOns>\n<NumInstalledAddOns>0</NumInstalledAddOns>\n<NumNewInstallations>0</NumNewInstallations>\n</SessionInfoEvent>\n</UserData>\n</Event>\n"
  },
  {
    "EventID": 903,
    "Timestamp": "2014-02-05 16:55:43.685957+00:00",
    "Computer": "IACIS-HDD-2014",
    "Channel": "Microsoft-Windows-Application-Experience/Program-Inventory",
    "Level": "Information",
    "EventData": {},
    "RawXml": "<Event xmlns=\"http://schemas.microsoft.com/win/2004/08/events/event\"><System><Provider Name=\"Microsoft-Windows-Application-Experience\" Guid=\"{eef54e71-0661-422d-9a98-82fd4940b820}\"></Provider>\n<EventID Qualifiers=\"\">903</EventID>\n<Version>0</Version>\n<Level>4</Level>\n<Task>0</Task>\n<Opcode>0</Opcode>\n<Keywords>0x0800000000000000</Keywords>\n<TimeCreated SystemTime=\"2014-02-05 16:55:43.685957+00:00\"></TimeCreated>\n<EventRecordID>53</EventRecordID>\n<Correlation ActivityID=\"\" RelatedActivityID=\"\"></Correlation>\n<Execution ProcessID=\"1952\" ThreadID=\"3280\"></Execution>\n<Channel>Microsoft-Windows-Application-Experience/Program-Inventory</Channel>\n<Computer>IACIS-HDD-2014</Computer>\n<Security UserID=\"S-1-5-18\"></Security>\n</System>\n<UserData><ProgramChangeInfoEvent xmlns:auto-ns2=\"http://schemas.microsoft.com/win/2004/08/events\" xmlns=\"http://www.microsoft.com/Windows/Diagnosis/PDU/events\"><Name>Security Update for Microsoft .NET Framework 4 Client Profile (KB2858302v2)</Name>\n<Version>2</Version>\n<Publisher>Microsoft Corporation</Publisher>\n<Language></Language>\n<Source>AddRemoveProgram</Source>\n<ProgramID>0000a046715ce416bcd162f5652c54debf290000ffff</ProgramID>\n<FileInstanceID>0000da39a3ee5e6b4b0d3255bfef95601890afd80709</FileInstanceID>\n</ProgramChangeInfoEvent>\n</UserData>\n</Event>\n"
  },
  {
    "EventID": 903,
    "Timestamp": "2014-02-05 16:55:43.685957+00:00",
    "Computer": "IACIS-HDD-2014",
    "Channel": "Microsoft-Windows-Application-Experience/Program-Inventory",
    "Level": "Information",
    "EventData": {},
    "RawXml": "<Event xmlns=\"http://schemas.microsoft.com/win/2004/08/events/event\"><System><Provider Name=\"Microsoft-Windows-Application-Experience\" Guid=\"{eef54e71-0661-422d-9a98-82fd4940b820}\"></Provider>\n<EventID Qualifiers=\"\">903</EventID>\n<Version>0</Version>\n<Level>4</Level>\n<Task>0</Task>\n<Opcode>0</Opcode>\n<Keywords>0x0800000000000000</Keywords>\n<TimeCreated SystemTime=\"2014-02-05 16:55:43.685957+00:00\"></TimeCreated>\n<EventRecordID>54</EventRecordID>\n<Correlation ActivityID=\"\" RelatedActivityID=\"\"></Correlation>\n<Execution ProcessID=\"1952\" ThreadID=\"3280\"></Execution>\n<Channel>Microsoft-Windows-Application-Experience/Program-Inventory</Channel>\n<Computer>IACIS-HDD-2014</Computer>\n<Security UserID=\"S-1-5-18\"></Security>\n</System>\n<UserData><ProgramChangeInfoEvent xmlns:auto-ns2=\"http://schemas.microsoft.com/win/2004/08/events\" xmlns=\"http://www.microsoft.com/Windows/Diagnosis/PDU/events\"><Name>Security Update for Microsoft .NET Framework 4 Client Profile (KB2840628v2)</Name>\n<Version>2</Version>\n<Publisher>Microsoft Corporation</Publisher>\n<Language></Language>\n<Source>AddRemoveProgram</Source>\n<ProgramID>00006c6c482693dade1d062d4716ab8d10b30000ffff</ProgramID>\n<FileInstanceID>0000da39a3ee5e6b4b0d3255bfef95601890afd80709</FileInstanceID>\n</ProgramChangeInfoEvent>\n</UserData>\n</Event>\n"
  },
  {
    "EventID": 903,
    "Timestamp": "2014-02-05 16:55:43.685957+00:00",
    "Computer": "IACIS-HDD-2014",
    "Channel": "Microsoft-Windows-Application-Experience/Program-Inventory",
    "Level": "Information",
    "EventData": {},
    "RawXml": "<Event xmlns=\"http://schemas.microsoft.com/win/2004/08/events/event\"><System><Provider Name=\"Microsoft-Windows-Application-Experience\" Guid=\"{eef54e71-0661-422d-9a98-82fd4940b820}\"></Provider>\n<EventID Qualifiers=\"\">903</EventID>\n<Version>0</Version>\n<Level>4</Level>\n<Task>0</Task>\n<Opcode>0</Opcode>\n<Keywords>0x0800000000000000</Keywords>\n<TimeCreated SystemTime=\"2014-02-05 16:55:43.685957+00:00\"></TimeCreated>\n<EventRecordID>55</EventRecordID>\n<Correlation ActivityID=\"\" RelatedActivityID=\"\"></Correlation>\n<Execution ProcessID=\"1952\" ThreadID=\"3280\"></Execution>\n<Channel>Microsoft-Windows-Application-Experience/Program-Inventory</Channel>\n<Computer>IACIS-HDD-2014</Computer>\n<Security UserID=\"S-1-5-18\"></Security>\n</System>\n<UserData><ProgramChangeInfoEvent xmlns:auto-ns2=\"http://schemas.microsoft.com/win/2004/08/events\" xmlns=\"http://www.microsoft.com/Windows/Diagnosis/PDU/events\"><Name>Security Update for Microsoft .NET Framework 4 Client Profile (KB2835393)</Name>\n<Version>1</Version>\n<Publisher>Microsoft Corporation</Publisher>\n<Language></Language>\n<Source>AddRemoveProgram</Source>\n<ProgramID>0000fcfcae49462abc77a3f666d888aba9de0000ffff</ProgramID>\n<FileInstanceID>0000da39a3ee5e6b4b0d3255bfef95601890afd80709</FileInstanceID>\n</ProgramChangeInfoEvent>\n</UserData>\n</Event>\n"
  },
  {
    "EventID": 903,
    "Timestamp": "2014-02-05 16:55:43.685957+00:00",
    "Computer": "IACIS-HDD-2014",
    "Channel": "Microsoft-Windows-Application-Experience/Program-Inventory",
    "Level": "Information",
    "EventData": {},
    "RawXml": "<Event xmlns=\"http://schemas.microsoft.com/win/2004/08/events/event\"><System><Provider Name=\"Microsoft-Windows-Application-Experience\" Guid=\"{eef54e71-0661-422d-9a98-82fd4940b820}\"></Provider>\n<EventID Qualifiers=\"\">903</EventID>\n<Version>0</Version>\n<Level>4</Level>\n<Task>0</Task>\n<Opcode>0</Opcode>\n<Keywords>0x0800000000000000</Keywords>\n<TimeCreated SystemTime=\"2014-02-05 16:55:43.685957+00:00\"></TimeCreated>\n<EventRecordID>56</EventRecordID>\n<Correlation ActivityID=\"\" RelatedActivityID=\"\"></Correlation>\n<Execution ProcessID=\"1952\" ThreadID=\"3280\"></Execution>\n<Channel>Microsoft-Windows-Application-Experience/Program-Inventory</Channel>\n<Computer>IACIS-HDD-2014</Computer>\n<Security UserID=\"S-1-5-18\"></Security>\n</System>\n<UserData><ProgramChangeInfoEvent xmlns:auto-ns2=\"http://schemas.microsoft.com/win/2004/08/events\" xmlns=\"http://www.microsoft.com/Windows/Diagnosis/PDU/events\"><Name>Security Update for Microsoft .NET Framework 4 Client Profile (KB2789642)</Name>\n<Version>1</Version>\n<Publisher>Microsoft Corporation</Publisher>\n<Language></Language>\n<Source>AddRemoveProgram</Source>\n<ProgramID>000054ee6d2ef25fdebc75d20920a04fb54f0000ffff</ProgramID>\n<FileInstanceID>0000da39a3ee5e6b4b0d3255bfef95601890afd80709</FileInstanceID>\n</ProgramChangeInfoEvent>\n</UserData>\n</Event>\n"
  },
  {
    "EventID": 903,
    "Timestamp": "2014-02-05 16:55:43.685957+00:00",
    "Computer": "IACIS-HDD-2014",
    "Channel": "Microsoft-Windows-Application-Experience/Program-Inventory",
    "Level": "Information",
    "EventData": {},
    "RawXml": "<Event xmlns=\"http://schemas.microsoft.com/win/2004/08/events/event\"><System><Provider Name=\"Microsoft-Windows-Application-Experience\" Guid=\"{eef54e71-0661-422d-9a98-82fd4940b820}\"></Provider>\n<EventID Qualifiers=\"\">903</EventID>\n<Version>0</Version>\n<Level>4</Level>\n<Task>0</Task>\n<Opcode>0</Opcode>\n<Keywords>0x0800000000000000</Keywords>\n<TimeCreated SystemTime=\"2014-02-05 16:55:43.685957+00:00\"></TimeCreated>\n<EventRecordID>57</EventRecordID>\n<Correlation ActivityID=\"\" RelatedActivityID=\"\"></Correlation>\n<Execution ProcessID=\"1952\" ThreadID=\"3280\"></Execution>\n<Channel>Microsoft-Windows-Application-Experience/Program-Inventory</Channel>\n<Computer>IACIS-HDD-2014</Computer>\n<Security UserID=\"S-1-5-18\"></Security>\n</System>\n<UserData><ProgramChangeInfoEvent xmlns:auto-ns2=\"http://schemas.microsoft.com/win/2004/08/events\" xmlns=\"http://www.microsoft.com/Windows/Diagnosis/PDU/events\"><Name>Security Update for Microsoft .NET Framework 4 Client Profile (KB2742595)</Name>\n<Version>1</Version>\n<Publisher>Microsoft Corporation</Publisher>\n<Language></Language>\n<Source>AddRemoveProgram</Source>\n<ProgramID>000088acf8e6e8f73f9c7af57dbe2d40bed00000ffff</ProgramID>\n<FileInstanceID>0000da39a3ee5e6b4b0d3255bfef95601890afd80709</FileInstanceID>\n</ProgramChangeInfoEvent>\n</UserData>\n</Event>\n"
  },
  {
    "EventID": 903,
    "Timestamp": "2014-02-05 16:55:43.685957+00:00",
    "Computer": "IACIS-HDD-2014",
    "Channel": "Microsoft-Windows-Application-Experience/Program-Inventory",
    "Level": "Information",
    "EventData": {},
    "RawXml": "<Event xmlns=\"http://schemas.microsoft.com/win/2004/08/events/event\"><System><Provider Name=\"Microsoft-Windows-Application-Experience\" Guid=\"{eef54e71-0661-422d-9a98-82fd4940b820}\"></Provider>\n<EventID Qualifiers=\"\">903</EventID>\n<Version>0</Version>\n<Level>4</Level>\n<Task>0</Task>\n<Opcode>0</Opcode>\n<Keywords>0x0800000000000000</Keywords>\n<TimeCreated SystemTime=\"2014-02-05 16:55:43.685957+00:00\"></TimeCreated>\n<EventRecordID>58</EventRecordID>\n<Correlation ActivityID=\"\" RelatedActivityID=\"\"></Correlation>\n<Execution ProcessID=\"1952\" ThreadID=\"3280\"></Execution>\n<Channel>Microsoft-Windows-Application-Experience/Program-Inventory</Channel>\n<Computer>IACIS-HDD-2014</Computer>\n<Security UserID=\"S-1-5-18\"></Security>\n</System>\n<UserData><ProgramChangeInfoEvent xmlns:auto-ns2=\"http://schemas.microsoft.com/win/2004/08/events\" xmlns=\"http://www.microsoft.com/Windows/Diagnosis/PDU/events\"><Name>Security Update for Microsoft .NET Framework 4 Client Profile (KB2737019)</Name>\n<Version>1</Version>\n<Publisher>Microsoft Corporation</Publisher>\n<Language></Language>\n<Source>AddRemoveProgram</Source>\n<ProgramID>0000a09b92734665c7194b694ae8044aeeeb0000ffff</ProgramID>\n<FileInstanceID>0000da39a3ee5e6b4b0d3255bfef95601890afd80709</FileInstanceID>\n</ProgramChangeInfoEvent>\n</UserData>\n</Event>\n"
  },
  {
    "EventID": 903,
    "Timestamp": "2014-02-05 16:55:43.685957+00:00",
    "Computer": "IACIS-HDD-2014",
    "Channel": "Microsoft-Windows-Application-Experience/Program-Inventory",
    "Level": "Information",
    "EventData": {},
    "RawXml": "<Event xmlns=\"http://schemas.microsoft.com/win/2004/08/events/event\"><System><Provider Name=\"Microsoft-Windows-Application-Experience\" Guid=\"{eef54e71-0661-422d-9a98-82fd4940b820}\"></Provider>\n<EventID Qualifiers=\"\">903</EventID>\n<Version>0</Version>\n<Level>4</Level>\n<Task>0</Task>\n<Opcode>0</Opcode>\n<Keywords>0x0800000000000000</Keywords>\n<TimeCreated SystemTime=\"2014-02-05 16:55:43.685957+00:00\"></TimeCreated>\n<EventRecordID>59</EventRecordID>\n<Correlation ActivityID=\"\" RelatedActivityID=\"\"></Correlation>\n<Execution ProcessID=\"1952\" ThreadID=\"3280\"></Execution>\n<Channel>Microsoft-Windows-Application-Experience/Program-Inventory</Channel>\n<Computer>IACIS-HDD-2014</Computer>\n<Security UserID=\"S-1-5-18\"></Security>\n</System>\n<UserData><ProgramChangeInfoEvent xmlns:auto-ns2=\"http://schemas.microsoft.com/win/2004/08/events\" xmlns=\"http://www.microsoft.com/Windows/Diagnosis/PDU/events\"><Name>Security Update for Microsoft .NET Framework 4 Client Profile (KB2736428)</Name>\n<Version>1</Version>\n<Publisher>Microsoft Corporation</Publisher>\n<Language></Language>\n<Source>AddRemoveProgram</Source>\n<ProgramID>0000f90cec7429fdac1ed33eb447913ef48c0000ffff</ProgramID>\n<FileInstanceID>0000da39a3ee5e6b4b0d3255bfef95601890afd80709</FileInstanceID>\n</ProgramChangeInfoEvent>\n</UserData>\n</Event>\n"
  },
  {
    "EventID": 903,
    "Timestamp": "2014-02-05 16:55:43.685957+00:00",
    "Computer": "IACIS-HDD-2014",
    "Channel": "Microsoft-Windows-Application-Experience/Program-Inventory",
    "Level": "Information",
    "EventData": {},
    "RawXml": "<Event xmlns=\"http://schemas.microsoft.com/win/2004/08/events/event\"><System><Provider Name=\"Microsoft-Windows-Application-Experience\" Guid=\"{eef54e71-0661-422d-9a98-82fd4940b820}\"></Provider>\n<EventID Qualifiers=\"\">903</EventID>\n<Version>0</Version>\n<Level>4</Level>\n<Task>0</Task>\n<Opcode>0</Opcode>\n<Keywords>0x0800000000000000</Keywords>\n<TimeCreated SystemTime=\"2014-02-05 16:55:43.685957+00:00\"></TimeCreated>\n<EventRecordID>60</EventRecordID>\n<Correlation ActivityID=\"\" RelatedActivityID=\"\"></Correlation>\n<Execution ProcessID=\"1952\" ThreadID=\"3280\"></Execution>\n<Channel>Microsoft-Windows-Application-Experience/Program-Inventory</Channel>\n<Computer>IACIS-HDD-2014</Computer>\n<Security UserID=\"S-1-5-18\"></Security>\n</System>\n<UserData><ProgramChangeInfoEvent xmlns:auto-ns2=\"http://schemas.microsoft.com/win/2004/08/events\" xmlns=\"http://www.microsoft.com/Windows/Diagnosis/PDU/events\"><Name>Security Update for Microsoft .NET Framework 4 Client Profile (KB2729449)</Name>\n<Version>1</Version>\n<Publisher>Microsoft Corporation</Publisher>\n<Language></Language>\n<Source>AddRemoveProgram</Source>\n<ProgramID>000070cb6952aec1ad4f37afd3ef436f9d410000ffff</ProgramID>\n<FileInstanceID>0000da39a3ee5e6b4b0d3255bfef95601890afd80709</FileInstanceID>\n</ProgramChangeInfoEvent>\n</UserData>\n</Event>\n"
  },
  {
    "EventID": 903,
    "Timestamp": "2014-02-05 16:55:43.685957+00:00",
    "Computer": "IACIS-HDD-2014",
    "Channel": "Microsoft-Windows-Application-Experience/Program-Inventory",
    "Level": "Information",
    "EventData": {},
    "RawXml": "<Event xmlns=\"http://schemas.microsoft.com/win/2004/08/events/event\"><System><Provider Name=\"Microsoft-Windows-Application-Experience\" Guid=\"{eef54e71-0661-422d-9a98-82fd4940b820}\"></Provider>\n<EventID Qualifiers=\"\">903</EventID>\n<Version>0</Version>\n<Level>4</Level>\n<Task>0</Task>\n<Opcode>0</Opcode>\n<Keywords>0x0800000000000000</Keywords>\n<TimeCreated SystemTime=\"2014-02-05 16:55:43.685957+00:00\"></TimeCreated>\n<EventRecordID>61</EventRecordID>\n<Correlation ActivityID=\"\" RelatedActivityID=\"\"></Correlation>\n<Execution ProcessID=\"1952\" ThreadID=\"3280\"></Execution>\n<Channel>Microsoft-Windows-Application-Experience/Program-Inventory</Channel>\n<Computer>IACIS-HDD-2014</Computer>\n<Security UserID=\"S-1-5-18\"></Security>\n</System>\n<UserData><ProgramChangeInfoEvent xmlns:auto-ns2=\"http://schemas.microsoft.com/win/2004/08/events\" xmlns=\"http://www.microsoft.com/Windows/Diagnosis/PDU/events\"><Name>Security Update for Microsoft .NET Framework 4 Client Profile (KB2604121)</Name>\n<Version>1</Version>\n<Publisher>Microsoft Corporation</Publisher>\n<Language></Language>\n<Source>AddRemoveProgram</Source>\n<ProgramID>0000fa5c2f2608d2abaa6468e14bca1ab7490000ffff</ProgramID>\n<FileInstanceID>0000da39a3ee5e6b4b0d3255bfef95601890afd80709</FileInstanceID>\n</ProgramChangeInfoEvent>\n</UserData>\n</Event>\n"
  },
