  {
    "EventID": 5,
    "Timestamp": "2014-01-25 01:37:07.939243+00:00",
    "Computer": "IACIS-HDD-2014",
    "Channel": "Microsoft-Windows-Bits-Client/Operational",
    "Level": "Information",
    "EventData": {
      "User": "NT AUTHORITY\\SYSTEM",
      "jobTitle": "WU Client Download",
      "jobId": "{d86ce1db-5643-44d0-a01b-6bd8ee612007}",
      "jobOwner": "NT AUTHORITY\\SYSTEM",
      "fileCount": "0"
    },
    "RawXml": "<Event xmlns=\"http://schemas.microsoft.com/win/2004/08/events/event\"><System><Provider Name=\"Microsoft-Windows-Bits-Client\" Guid=\"{ef1cc15b-46c1-414e-bb95-e76b077bd51e}\"></Provider>\n<EventID Qualifiers=\"\">5</EventID>\n<Version>0</Version>\n<Level>4</Level>\n<Task>0</Task>\n<Opcode>0</Opcode>\n<Keywords>0x4000000000000000</Keywords>\n<TimeCreated SystemTime=\"2014-01-25 01:37:07.939243+00:00\"></TimeCreated>\n<EventRecordID>381</EventRecordID>\n<Correlation ActivityID=\"\" RelatedActivityID=\"\"></Correlation>\n<Execution ProcessID=\"888\" ThreadID=\"2804\"></Execution>\n<Channel>Microsoft-Windows-Bits-Client/Operational</Channel>\n<Computer>IACIS-HDD-2014</Computer>\n<Security UserID=\"S-1-5-18\"></Security>\n</System>\n<EventData><Data Name=\"User\">NT AUTHORITY\\SYSTEM</Data>\n<Data Name=\"jobTitle\">WU Client Download</Data>\n<Data Name=\"jobId\">{d86ce1db-5643-44d0-a01b-6bd8ee612007}</Data>\n<Data Name=\"jobOwner\">NT AUTHORITY\\SYSTEM</Data>\n<Data Name=\"fileCount\">0</Data>\n</EventData>\n</Event>\n"
  },
  {
    "EventID": 59,
    "Timestamp": "2014-01-25 01:37:07.986042+00:00",
    "Computer": "IACIS-HDD-2014",
    "Channel": "Microsoft-Windows-Bits-Client/Operational",
    "Level": "Information",
    "EventData": {
      "transferId": "{39ddbf15-adeb-4fd9-afd6-058187d56a53}",
      "name": "WU Client Download",
      "Id": "{dae1e662-d48f-48fa-8023-201db950ba91}",
      "url": "http://au.download.windowsupdate.com/msdownload/update/software/secu/2013/11/windows6.1-kb2892074-x64-express_19038b8c63407f02c01b509a9f3f10fde17ee00c.cab",
      "peer": "",
      "fileTime": "2013-11-20 01:18:34+00:00",
      "fileLength": "59973",
      "bytesTotal": "59973",
      "bytesTransferred": "0",
      "bytesTransferredFromPeer": "0"
    },
    "RawXml": "<Event xmlns=\"http://schemas.microsoft.com/win/2004/08/events/event\"><System><Provider Name=\"Microsoft-Windows-Bits-Client\" Guid=\"{ef1cc15b-46c1-414e-bb95-e76b077bd51e}\"></Provider>\n<EventID Qualifiers=\"\">59</EventID>\n<Version>1</Version>\n<Level>4</Level>\n<Task>0</Task>\n<Opcode>1</Opcode>\n<Keywords>0x4000000000000000</Keywords>\n<TimeCreated SystemTime=\"2014-01-25 01:37:07.986042+00:00\"></TimeCreated>\n<EventRecordID>382</EventRecordID>\n<Correlation ActivityID=\"{39ddbf15-adeb-4fd9-afd6-058187d56a53}\" RelatedActivityID=\"\"></Correlation>\n<Execution ProcessID=\"888\" ThreadID=\"2888\"></Execution>\n<Channel>Microsoft-Windows-Bits-Client/Operational</Channel>\n<Computer>IACIS-HDD-2014</Computer>\n<Security UserID=\"S-1-5-18\"></Security>\n</System>\n<EventData><Data Name=\"transferId\">{39ddbf15-adeb-4fd9-afd6-058187d56a53}</Data>\n<Data Name=\"name\">WU Client Download</Data>\n<Data Name=\"Id\">{dae1e662-d48f-48fa-8023-201db950ba91}</Data>\n<Data Name=\"url\">http://au.download.windowsupdate.com/msdownload/update/software/secu/2013/11/windows6.1-kb2892074-x64-express_19038b8c63407f02c01b509a9f3f10fde17ee00c.cab</Data>\n<Data Name=\"peer\"></Data>\n<Data Name=\"fileTime\">2013-11-20 01:18:34+00:00</Data>\n<Data Name=\"fileLength\">59973</Data>\n<Data Name=\"bytesTotal\">59973</Data>\n<Data Name=\"bytesTransferred\">0</Data>\n<Data Name=\"bytesTransferredFromPeer\">0</Data>\n</EventData>\n</Event>\n"
  },
  {
    "EventID": 60,
    "Timestamp": "2014-01-25 01:37:08.095243+00:00",
    "Computer": "IACIS-HDD-2014",
    "Channel": "Microsoft-Windows-Bits-Client/Operational",
    "Level": "Information",
    "EventData": {
      "transferId": "{39ddbf15-adeb-4fd9-afd6-058187d56a53}",
      "name": "WU Client Download",
      "Id": "{dae1e662-d48f-48fa-8023-201db950ba91}",
      "url": "http://au.download.windowsupdate.com/msdownload/update/software/secu/2013/11/windows6.1-kb2892074-x64-express_19038b8c63407f02c01b509a9f3f10fde17ee00c.cab",
      "peer": "",
      "hr": "0",
      "fileTime": "2013-11-20 01:18:34+00:00",
      "fileLength": "59973",
      "bytesTotal": "59973",
      "bytesTransferred": "59973",
      "proxy": "",
      "peerProtocolFlags": "0",
      "bytesTransferredFromPeer": "0",
      "AdditionalInfoHr": "0",
      "PeerContextInfo": "0",
      "bandwidthLimit": "18446744073709551615",
      "ignoreBandwidthLimitsOnLan": "False"
    },
    "RawXml": "<Event xmlns=\"http://schemas.microsoft.com/win/2004/08/events/event\"><System><Provider Name=\"Microsoft-Windows-Bits-Client\" Guid=\"{ef1cc15b-46c1-414e-bb95-e76b077bd51e}\"></Provider>\n<EventID Qualifiers=\"\">60</EventID>\n<Version>1</Version>\n<Level>4</Level>\n<Task>0</Task>\n<Opcode>2</Opcode>\n<Keywords>0x4000000000000000</Keywords>\n<TimeCreated SystemTime=\"2014-01-25 01:37:08.095243+00:00\"></TimeCreated>\n<EventRecordID>383</EventRecordID>\n<Correlation ActivityID=\"{39ddbf15-adeb-4fd9-afd6-058187d56a53}\" RelatedActivityID=\"\"></Correlation>\n<Execution ProcessID=\"888\" ThreadID=\"1444\"></Execution>\n<Channel>Microsoft-Windows-Bits-Client/Operational</Channel>\n<Computer>IACIS-HDD-2014</Computer>\n<Security UserID=\"S-1-5-18\"></Security>\n</System>\n<EventData><Data Name=\"transferId\">{39ddbf15-adeb-4fd9-afd6-058187d56a53}</Data>\n<Data Name=\"name\">WU Client Download</Data>\n<Data Name=\"Id\">{dae1e662-d48f-48fa-8023-201db950ba91}</Data>\n<Data Name=\"url\">http://au.download.windowsupdate.com/msdownload/update/software/secu/2013/11/windows6.1-kb2892074-x64-express_19038b8c63407f02c01b509a9f3f10fde17ee00c.cab</Data>\n<Data Name=\"peer\"></Data>\n<Data Name=\"hr\">0</Data>\n<Data Name=\"fileTime\">2013-11-20 01:18:34+00:00</Data>\n<Data Name=\"fileLength\">59973</Data>\n<Data Name=\"bytesTotal\">59973</Data>\n<Data Name=\"bytesTransferred\">59973</Data>\n<Data Name=\"proxy\"></Data>\n<Data Name=\"peerProtocolFlags\">0</Data>\n<Data Name=\"bytesTransferredFromPeer\">0</Data>\n<Data Name=\"AdditionalInfoHr\">0</Data>\n<Data Name=\"PeerContextInfo\">0</Data>\n<Data Name=\"bandwidthLimit\">18446744073709551615</Data>\n<Data Name=\"ignoreBandwidthLimitsOnLan\">False</Data>\n</EventData>\n</Event>\n"
  },
  {
    "EventID": 3,
    "Timestamp": "2014-01-25 01:37:14.413254+00:00",
    "Computer": "IACIS-HDD-2014",
    "Channel": "Microsoft-Windows-Bits-Client/Operational",
    "Level": "Information",
    "EventData": {
      "string": "WU Client Download",
      "string2": "NT AUTHORITY\\SYSTEM",
      "string3": ""
    },
    "RawXml": "<Event xmlns=\"http://schemas.microsoft.com/win/2004/08/events/event\"><System><Provider Name=\"Microsoft-Windows-Bits-Client\" Guid=\"{ef1cc15b-46c1-414e-bb95-e76b077bd51e}\"></Provider>\n<EventID Qualifiers=\"\">3</EventID>\n<Version>0</Version>\n<Level>4</Level>\n<Task>0</Task>\n<Opcode>0</Opcode>\n<Keywords>0x4000000000000000</Keywords>\n<TimeCreated SystemTime=\"2014-01-25 01:37:14.413254+00:00\"></TimeCreated>\n<EventRecordID>384</EventRecordID>\n<Correlation ActivityID=\"\" RelatedActivityID=\"\"></Correlation>\n<Execution ProcessID=\"888\" ThreadID=\"2804\"></Execution>\n<Channel>Microsoft-Windows-Bits-Client/Operational</Channel>\n<Computer>IACIS-HDD-2014</Computer>\n<Security UserID=\"S-1-5-18\"></Security>\n</System>\n<EventData><Data Name=\"string\">WU Client Download</Data>\n<Data Name=\"string2\">NT AUTHORITY\\SYSTEM</Data>\n<Data Name=\"string3\"></Data>\n</EventData>\n</Event>\n"
  },
  {
    "EventID": 59,
    "Timestamp": "2014-01-25 01:37:14.772055+00:00",
    "Computer": "IACIS-HDD-2014",
    "Channel": "Microsoft-Windows-Bits-Client/Operational",
    "Level": "Information",
    "EventData": {
      "transferId": "{140996e0-c5f3-4b9a-befd-85b3fe15f354}",
      "name": "WU Client Download",
      "Id": "{1bc8ee68-6bb7-48e3-9d0c-95cc5bab73f9}",
      "url": "http://au.download.windowsupdate.com/msdownload/update/software/secu/2013/09/windows6.1-kb2855844-x64-express_99ec1961f9ef925e4e9f138a1e42c0bf7709f6b7.cab",
      "peer": "",
      "fileTime": "2013-09-17 21:09:31+00:00",
      "fileLength": "40261",
      "bytesTotal": "40261",
      "bytesTransferred": "0",
      "bytesTransferredFromPeer": "0"
    },
    "RawXml": "<Event xmlns=\"http://schemas.microsoft.com/win/2004/08/events/event\"><System><Provider Name=\"Microsoft-Windows-Bits-Client\" Guid=\"{ef1cc15b-46c1-414e-bb95-e76b077bd51e}\"></Provider>\n<EventID Qualifiers=\"\">59</EventID>\n<Version>1</Version>\n<Level>4</Level>\n<Task>0</Task>\n<Opcode>1</Opcode>\n<Keywords>0x4000000000000000</Keywords>\n<TimeCreated SystemTime=\"2014-01-25 01:37:14.772055+00:00\"></TimeCreated>\n<EventRecordID>385</EventRecordID>\n<Correlation ActivityID=\"{140996e0-c5f3-4b9a-befd-85b3fe15f354}\" RelatedActivityID=\"\"></Correlation>\n<Execution ProcessID=\"888\" ThreadID=\"2804\"></Execution>\n<Channel>Microsoft-Windows-Bits-Client/Operational</Channel>\n<Computer>IACIS-HDD-2014</Computer>\n<Security UserID=\"S-1-5-18\"></Security>\n</System>\n<EventData><Data Name=\"transferId\">{140996e0-c5f3-4b9a-befd-85b3fe15f354}</Data>\n<Data Name=\"name\">WU Client Download</Data>\n<Data Name=\"Id\">{1bc8ee68-6bb7-48e3-9d0c-95cc5bab73f9}</Data>\n<Data Name=\"url\">http://au.download.windowsupdate.com/msdownload/update/software/secu/2013/09/windows6.1-kb2855844-x64-express_99ec1961f9ef925e4e9f138a1e42c0bf7709f6b7.cab</Data>\n<Data Name=\"peer\"></Data>\n<Data Name=\"fileTime\">2013-09-17 21:09:31+00:00</Data>\n<Data Name=\"fileLength\">40261</Data>\n<Data Name=\"bytesTotal\">40261</Data>\n<Data Name=\"bytesTransferred\">0</Data>\n<Data Name=\"bytesTransferredFromPeer\">0</Data>\n</EventData>\n</Event>\n"
  },
  {
    "EventID": 4,
    "Timestamp": "2014-01-25 01:37:14.772055+00:00",
    "Computer": "IACIS-HDD-2014",
    "Channel": "Microsoft-Windows-Bits-Client/Operational",
    "Level": "Information",
    "EventData": {
      "User": "NT AUTHORITY\\SYSTEM",
      "jobTitle": "WU Client Download",
      "jobId": "{a5d58359-05bd-4997-a9e2-e8d6bc6525fb}",
      "jobOwner": "NT AUTHORITY\\SYSTEM",
      "fileCount": "1",
      "bytesTransferred": "52889",
      "bytesTransferredFromPeer": "0"
    },
    "RawXml": "<Event xmlns=\"http://schemas.microsoft.com/win/2004/08/events/event\"><System><Provider Name=\"Microsoft-Windows-Bits-Client\" Guid=\"{ef1cc15b-46c1-414e-bb95-e76b077bd51e}\"></Provider>\n<EventID Qualifiers=\"\">4</EventID>\n<Version>1</Version>\n<Level>4</Level>\n<Task>0</Task>\n<Opcode>0</Opcode>\n<Keywords>0x4000000000000000</Keywords>\n<TimeCreated SystemTime=\"2014-01-25 01:37:14.772055+00:00\"></TimeCreated>\n<EventRecordID>386</EventRecordID>\n<Correlation ActivityID=\"\" RelatedActivityID=\"\"></Correlation>\n<Execution ProcessID=\"888\" ThreadID=\"2952\"></Execution>\n<Channel>Microsoft-Windows-Bits-Client/Operational</Channel>\n<Computer>IACIS-HDD-2014</Computer>\n<Security UserID=\"S-1-5-18\"></Security>\n</System>\n<EventData><Data Name=\"User\">NT AUTHORITY\\SYSTEM</Data>\n<Data Name=\"jobTitle\">WU Client Download</Data>\n<Data Name=\"jobId\">{a5d58359-05bd-4997-a9e2-e8d6bc6525fb}</Data>\n<Data Name=\"jobOwner\">NT AUTHORITY\\SYSTEM</Data>\n<Data Name=\"fileCount\">1</Data>\n<Data Name=\"bytesTransferred\">52889</Data>\n<Data Name=\"bytesTransferredFromPeer\">0</Data>\n</EventData>\n</Event>\n"
  },
  {
    "EventID": 60,
    "Timestamp": "2014-01-25 01:37:14.865656+00:00",
    "Computer": "IACIS-HDD-2014",
    "Channel": "Microsoft-Windows-Bits-Client/Operational",
    "Level": "Information",
    "EventData": {
      "transferId": "{140996e0-c5f3-4b9a-befd-85b3fe15f354}",
      "name": "WU Client Download",
      "Id": "{1bc8ee68-6bb7-48e3-9d0c-95cc5bab73f9}",
      "url": "http://au.download.windowsupdate.com/msdownload/update/software/secu/2013/09/windows6.1-kb2855844-x64-express_99ec1961f9ef925e4e9f138a1e42c0bf7709f6b7.cab",
      "peer": "",
      "hr": "0",
      "fileTime": "2013-09-17 21:09:31+00:00",
      "fileLength": "40261",
      "bytesTotal": "40261",
      "bytesTransferred": "40261",
      "proxy": "",
      "peerProtocolFlags": "0",
      "bytesTransferredFromPeer": "0",
      "AdditionalInfoHr": "0",
      "PeerContextInfo": "0",
      "bandwidthLimit": "18446744073709551615",
      "ignoreBandwidthLimitsOnLan": "False"
    },
    "RawXml": "<Event xmlns=\"http://schemas.microsoft.com/win/2004/08/events/event\"><System><Provider Name=\"Microsoft-Windows-Bits-Client\" Guid=\"{ef1cc15b-46c1-414e-bb95-e76b077bd51e}\"></Provider>\n<EventID Qualifiers=\"\">60</EventID>\n<Version>1</Version>\n<Level>4</Level>\n<Task>0</Task>\n<Opcode>2</Opcode>\n<Keywords>0x4000000000000000</Keywords>\n<TimeCreated SystemTime=\"2014-01-25 01:37:14.865656+00:00\"></TimeCreated>\n<EventRecordID>387</EventRecordID>\n<Correlation ActivityID=\"{140996e0-c5f3-4b9a-befd-85b3fe15f354}\" RelatedActivityID=\"\"></Correlation>\n<Execution ProcessID=\"888\" ThreadID=\"2132\"></Execution>\n<Channel>Microsoft-Windows-Bits-Client/Operational</Channel>\n<Computer>IACIS-HDD-2014</Computer>\n<Security UserID=\"S-1-5-18\"></Security>\n</System>\n<EventData><Data Name=\"transferId\">{140996e0-c5f3-4b9a-befd-85b3fe15f354}</Data>\n<Data Name=\"name\">WU Client Download</Data>\n<Data Name=\"Id\">{1bc8ee68-6bb7-48e3-9d0c-95cc5bab73f9}</Data>\n<Data Name=\"url\">http://au.download.windowsupdate.com/msdownload/update/software/secu/2013/09/windows6.1-kb2855844-x64-express_99ec1961f9ef925e4e9f138a1e42c0bf7709f6b7.cab</Data>\n<Data Name=\"peer\"></Data>\n<Data Name=\"hr\">0</Data>\n<Data Name=\"fileTime\">2013-09-17 21:09:31+00:00</Data>\n<Data Name=\"fileLength\">40261</Data>\n<Data Name=\"bytesTotal\">40261</Data>\n<Data Name=\"bytesTransferred\">40261</Data>\n<Data Name=\"proxy\"></Data>\n<Data Name=\"peerProtocolFlags\">0</Data>\n<Data Name=\"bytesTransferredFromPeer\">0</Data>\n<Data Name=\"AdditionalInfoHr\">0</Data>\n<Data Name=\"PeerContextInfo\">0</Data>\n<Data Name=\"bandwidthLimit\">18446744073709551615</Data>\n<Data Name=\"ignoreBandwidthLimitsOnLan\">False</Data>\n</EventData>\n</Event>\n"
  },
  {
    "EventID": 3,
    "Timestamp": "2014-01-25 01:37:14.990456+00:00",
    "Computer": "IACIS-HDD-2014",
    "Channel": "Microsoft-Windows-Bits-Client/Operational",
    "Level": "Information",
    "EventData": {
      "string": "WU Client Download",
      "string2": "NT AUTHORITY\\SYSTEM",
      "string3": ""
    },
    "RawXml": "<Event xmlns=\"http://schemas.microsoft.com/win/2004/08/events/event\"><System><Provider Name=\"Microsoft-Windows-Bits-Client\" Guid=\"{ef1cc15b-46c1-414e-bb95-e76b077bd51e}\"></Provider>\n<EventID Qualifiers=\"\">3</EventID>\n<Version>0</Version>\n<Level>4</Level>\n<Task>0</Task>\n<Opcode>0</Opcode>\n<Keywords>0x4000000000000000</Keywords>\n<TimeCreated SystemTime=\"2014-01-25 01:37:14.990456+00:00\"></TimeCreated>\n<EventRecordID>388</EventRecordID>\n<Correlation ActivityID=\"\" RelatedActivityID=\"\"></Correlation>\n<Execution ProcessID=\"888\" ThreadID=\"2952\"></Execution>\n<Channel>Microsoft-Windows-Bits-Client/Operational</Channel>\n<Computer>IACIS-HDD-2014</Computer>\n<Security UserID=\"S-1-5-18\"></Security>\n</System>\n<EventData><Data Name=\"string\">WU Client Download</Data>\n<Data Name=\"string2\">NT AUTHORITY\\SYSTEM</Data>\n<Data Name=\"string3\"></Data>\n</EventData>\n</Event>\n"
  },
  {
    "EventID": 5,
    "Timestamp": "2014-01-25 01:37:14.990456+00:00",
    "Computer": "IACIS-HDD-2014",
    "Channel": "Microsoft-Windows-Bits-Client/Operational",
    "Level": "Information",
    "EventData": {
      "User": "NT AUTHORITY\\SYSTEM",
      "jobTitle": "WU Client Download",
      "jobId": "{1a0bc8e9-da97-43b7-8f23-4e3d1fb2b37a}",
      "jobOwner": "NT AUTHORITY\\SYSTEM",
      "fileCount": "0"
    },
    "RawXml": "<Event xmlns=\"http://schemas.microsoft.com/win/2004/08/events/event\"><System><Provider Name=\"Microsoft-Windows-Bits-Client\" Guid=\"{ef1cc15b-46c1-414e-bb95-e76b077bd51e}\"></Provider>\n<EventID Qualifiers=\"\">5</EventID>\n<Version>0</Version>\n<Level>4</Level>\n<Task>0</Task>\n<Opcode>0</Opcode>\n<Keywords>0x4000000000000000</Keywords>\n<TimeCreated SystemTime=\"2014-01-25 01:37:14.990456+00:00\"></TimeCreated>\n<EventRecordID>389</EventRecordID>\n<Correlation ActivityID=\"\" RelatedActivityID=\"\"></Correlation>\n<Execution ProcessID=\"888\" ThreadID=\"2952\"></Execution>\n<Channel>Microsoft-Windows-Bits-Client/Operational</Channel>\n<Computer>IACIS-HDD-2014</Computer>\n<Security UserID=\"S-1-5-18\"></Security>\n</System>\n<EventData><Data Name=\"User\">NT AUTHORITY\\SYSTEM</Data>\n<Data Name=\"jobTitle\">WU Client Download</Data>\n<Data Name=\"jobId\">{1a0bc8e9-da97-43b7-8f23-4e3d1fb2b37a}</Data>\n<Data Name=\"jobOwner\">NT AUTHORITY\\SYSTEM</Data>\n<Data Name=\"fileCount\">0</Data>\n</EventData>\n</Event>\n"
  },
  {
    "EventID": 59,
    "Timestamp": "2014-01-25 01:37:15.099655+00:00",
    "Computer": "IACIS-HDD-2014",
    "Channel": "Microsoft-Windows-Bits-Client/Operational",
    "Level": "Information",
    "EventData": {
      "transferId": "{60007052-5813-4ace-825d-d1ef082c92ad}",
      "name": "WU Client Download",
      "Id": "{97e689f0-ac64-4fa7-b69b-da0d27b922af}",
      "url": "http://au.download.windowsupdate.com/msdownload/update/software/secu/2013/05/windows6.1-kb2813430-x64-express_e33798bf2a72e618e8bbf634b75d649e914f25da.cab",
      "peer": "",
      "fileTime": "2013-05-21 23:49:28+00:00",
      "fileLength": "823541",
      "bytesTotal": "823541",
      "bytesTransferred": "0",
      "bytesTransferredFromPeer": "0"
    },
    "RawXml": "<Event xmlns=\"http://schemas.microsoft.com/win/2004/08/events/event\"><System><Provider Name=\"Microsoft-Windows-Bits-Client\" Guid=\"{ef1cc15b-46c1-414e-bb95-e76b077bd51e}\"></Provider>\n<EventID Qualifiers=\"\">59</EventID>\n<Version>1</Version>\n<Level>4</Level>\n<Task>0</Task>\n<Opcode>1</Opcode>\n<Keywords>0x4000000000000000</Keywords>\n<TimeCreated SystemTime=\"2014-01-25 01:37:15.099655+00:00\"></TimeCreated>\n<EventRecordID>390</EventRecordID>\n<Correlation ActivityID=\"{60007052-5813-4ace-825d-d1ef082c92ad}\" RelatedActivityID=\"\"></Correlation>\n<Execution ProcessID=\"888\" ThreadID=\"2804\"></Execution>\n<Channel>Microsoft-Windows-Bits-Client/Operational</Channel>\n<Computer>IACIS-HDD-2014</Computer>\n<Security UserID=\"S-1-5-18\"></Security>\n</System>\n<EventData><Data Name=\"transferId\">{60007052-5813-4ace-825d-d1ef082c92ad}</Data>\n<Data Name=\"name\">WU Client Download</Data>\n<Data Name=\"Id\">{97e689f0-ac64-4fa7-b69b-da0d27b922af}</Data>\n<Data Name=\"url\">http://au.download.windowsupdate.com/msdownload/update/software/secu/2013/05/windows6.1-kb2813430-x64-express_e33798bf2a72e618e8bbf634b75d649e914f25da.cab</Data>\n<Data Name=\"peer\"></Data>\n<Data Name=\"fileTime\">2013-05-21 23:49:28+00:00</Data>\n<Data Name=\"fileLength\">823541</Data>\n<Data Name=\"bytesTotal\">823541</Data>\n<Data Name=\"bytesTransferred\">0</Data>\n<Data Name=\"bytesTransferredFromPeer\">0</Data>\n</EventData>\n</Event>\n"
  },
  {
    "EventID": 60,
    "Timestamp": "2014-01-25 01:37:15.770456+00:00",
    "Computer": "IACIS-HDD-2014",
    "Channel": "Microsoft-Windows-Bits-Client/Operational",
    "Level": "Information",
    "EventData": {
      "transferId": "{60007052-5813-4ace-825d-d1ef082c92ad}",
      "name": "WU Client Download",
      "Id": "{97e689f0-ac64-4fa7-b69b-da0d27b922af}",
      "url": "http://au.download.windowsupdate.com/msdownload/update/software/secu/2013/05/windows6.1-kb2813430-x64-express_e33798bf2a72e618e8bbf634b75d649e914f25da.cab",
      "peer": "",
      "hr": "0",
      "fileTime": "2013-05-21 23:49:28+00:00",
      "fileLength": "823541",
      "bytesTotal": "823541",
      "bytesTransferred": "823541",
      "proxy": "",
      "peerProtocolFlags": "0",
      "bytesTransferredFromPeer": "0",
      "AdditionalInfoHr": "0",
      "PeerContextInfo": "0",
      "bandwidthLimit": "18446744073709551615",
      "ignoreBandwidthLimitsOnLan": "False"
    },
    "RawXml": "<Event xmlns=\"http://schemas.microsoft.com/win/2004/08/events/event\"><System><Provider Name=\"Microsoft-Windows-Bits-Client\" Guid=\"{ef1cc15b-46c1-414e-bb95-e76b077bd51e}\"></Provider>\n<EventID Qualifiers=\"\">60</EventID>\n<Version>1</Version>\n<Level>4</Level>\n<Task>0</Task>\n<Opcode>2</Opcode>\n<Keywords>0x4000000000000000</Keywords>\n<TimeCreated SystemTime=\"2014-01-25 01:37:15.770456+00:00\"></TimeCreated>\n<EventRecordID>391</EventRecordID>\n<Correlation ActivityID=\"{60007052-5813-4ace-825d-d1ef082c92ad}\" RelatedActivityID=\"\"></Correlation>\n<Execution ProcessID=\"888\" ThreadID=\"1844\"></Execution>\n<Channel>Microsoft-Windows-Bits-Client/Operational</Channel>\n<Computer>IACIS-HDD-2014</Computer>\n<Security UserID=\"S-1-5-18\"></Security>\n</System>\n<EventData><Data Name=\"transferId\">{60007052-5813-4ace-825d-d1ef082c92ad}</Data>\n<Data Name=\"name\">WU Client Download</Data>\n<Data Name=\"Id\">{97e689f0-ac64-4fa7-b69b-da0d27b922af}</Data>\n<Data Name=\"url\">http://au.download.windowsupdate.com/msdownload/update/software/secu/2013/05/windows6.1-kb2813430-x64-express_e33798bf2a72e618e8bbf634b75d649e914f25da.cab</Data>\n<Data Name=\"peer\"></Data>\n<Data Name=\"hr\">0</Data>\n<Data Name=\"fileTime\">2013-05-21 23:49:28+00:00</Data>\n<Data Name=\"fileLength\">823541</Data>\n<Data Name=\"bytesTotal\">823541</Data>\n<Data Name=\"bytesTransferred\">823541</Data>\n<Data Name=\"proxy\"></Data>\n<Data Name=\"peerProtocolFlags\">0</Data>\n<Data Name=\"bytesTransferredFromPeer\">0</Data>\n<Data Name=\"AdditionalInfoHr\">0</Data>\n<Data Name=\"PeerContextInfo\">0</Data>\n<Data Name=\"bandwidthLimit\">18446744073709551615</Data>\n<Data Name=\"ignoreBandwidthLimitsOnLan\">False</Data>\n</EventData>\n</Event>\n"
  },
  {
    "EventID": 3,
    "Timestamp": "2014-01-25 01:37:20.668865+00:00",
    "Computer": "IACIS-HDD-2014",
    "Channel": "Microsoft-Windows-Bits-Client/Operational",
    "Level": "Information",
    "EventData": {
      "string": "WU Client Download",
      "string2": "NT AUTHORITY\\SYSTEM",
      "string3": ""
    },
    "RawXml": "<Event xmlns=\"http://schemas.microsoft.com/win/2004/08/events/event\"><System><Provider Name=\"Microsoft-Windows-Bits-Client\" Guid=\"{ef1cc15b-46c1-414e-bb95-e76b077bd51e}\"></Provider>\n<EventID Qualifiers=\"\">3</EventID>\n<Version>0</Version>\n<Level>4</Level>\n<Task>0</Task>\n<Opcode>0</Opcode>\n<Keywords>0x4000000000000000</Keywords>\n<TimeCreated SystemTime=\"2014-01-25 01:37:20.668865+00:00\"></TimeCreated>\n<EventRecordID>392</EventRecordID>\n<Correlation ActivityID=\"\" RelatedActivityID=\"\"></Correlation>\n<Execution ProcessID=\"888\" ThreadID=\"2952\"></Execution>\n<Channel>Microsoft-Windows-Bits-Client/Operational</Channel>\n<Computer>IACIS-HDD-2014</Computer>\n<Security UserID=\"S-1-5-18\"></Security>\n</System>\n<EventData><Data Name=\"string\">WU Client Download</Data>\n<Data Name=\"string2\">NT AUTHORITY\\SYSTEM</Data>\n<Data Name=\"string3\"></Data>\n</EventData>\n</Event>\n"
  },
  {
    "EventID": 4,
    "Timestamp": "2014-01-25 01:37:20.934065+00:00",
    "Computer": "IACIS-HDD-2014",
    "Channel": "Microsoft-Windows-Bits-Client/Operational",
    "Level": "Information",
    "EventData": {
      "User": "NT AUTHORITY\\SYSTEM",
      "jobTitle": "WU Client Download",
      "jobId": "{41a70a14-d963-4a0a-babe-5cb791f4b40a}",
      "jobOwner": "NT AUTHORITY\\SYSTEM",
      "fileCount": "1",
      "bytesTransferred": "54391",
      "bytesTransferredFromPeer": "0"
    },
    "RawXml": "<Event xmlns=\"http://schemas.microsoft.com/win/2004/08/events/event\"><System><Provider Name=\"Microsoft-Windows-Bits-Client\" Guid=\"{ef1cc15b-46c1-414e-bb95-e76b077bd51e}\"></Provider>\n<EventID Qualifiers=\"\">4</EventID>\n<Version>1</Version>\n<Level>4</Level>\n<Task>0</Task>\n<Opcode>0</Opcode>\n<Keywords>0x4000000000000000</Keywords>\n<TimeCreated SystemTime=\"2014-01-25 01:37:20.934065+00:00\"></TimeCreated>\n<EventRecordID>393</EventRecordID>\n<Correlation ActivityID=\"\" RelatedActivityID=\"\"></Correlation>\n<Execution ProcessID=\"888\" ThreadID=\"2740\"></Execution>\n<Channel>Microsoft-Windows-Bits-Client/Operational</Channel>\n<Computer>IACIS-HDD-2014</Computer>\n<Security UserID=\"S-1-5-18\"></Security>\n</System>\n<EventData><Data Name=\"User\">NT AUTHORITY\\SYSTEM</Data>\n<Data Name=\"jobTitle\">WU Client Download</Data>\n<Data Name=\"jobId\">{41a70a14-d963-4a0a-babe-5cb791f4b40a}</Data>\n<Data Name=\"jobOwner\">NT AUTHORITY\\SYSTEM</Data>\n<Data Name=\"fileCount\">1</Data>\n<Data Name=\"bytesTransferred\">54391</Data>\n<Data Name=\"bytesTransferredFromPeer\">0</Data>\n</EventData>\n</Event>\n"
  },
  {
    "EventID": 3,
    "Timestamp": "2014-01-25 01:37:21.090065+00:00",
    "Computer": "IACIS-HDD-2014",
    "Channel": "Microsoft-Windows-Bits-Client/Operational",
    "Level": "Information",
    "EventData": {
      "string": "WU Client Download",
      "string2": "NT AUTHORITY\\SYSTEM",
      "string3": ""
    },
    "RawXml": "<Event xmlns=\"http://schemas.microsoft.com/win/2004/08/events/event\"><System><Provider Name=\"Microsoft-Windows-Bits-Client\" Guid=\"{ef1cc15b-46c1-414e-bb95-e76b077bd51e}\"></Provider>\n<EventID Qualifiers=\"\">3</EventID>\n<Version>0</Version>\n<Level>4</Level>\n<Task>0</Task>\n<Opcode>0</Opcode>\n<Keywords>0x4000000000000000</Keywords>\n<TimeCreated SystemTime=\"2014-01-25 01:37:21.090065+00:00\"></TimeCreated>\n<EventRecordID>394</EventRecordID>\n<Correlation ActivityID=\"\" RelatedActivityID=\"\"></Correlation>\n<Execution ProcessID=\"888\" ThreadID=\"2740\"></Execution>\n<Channel>Microsoft-Windows-Bits-Client/Operational</Channel>\n<Computer>IACIS-HDD-2014</Computer>\n<Security UserID=\"S-1-5-18\"></Security>\n</System>\n<EventData><Data Name=\"string\">WU Client Download</Data>\n<Data Name=\"string2\">NT AUTHORITY\\SYSTEM</Data>\n<Data Name=\"string3\"></Data>\n</EventData>\n</Event>\n"
  },
  {
    "EventID": 5,
    "Timestamp": "2014-01-25 01:37:21.090065+00:00",
    "Computer": "IACIS-HDD-2014",
    "Channel": "Microsoft-Windows-Bits-Client/Operational",
    "Level": "Information",
    "EventData": {
      "User": "NT AUTHORITY\\SYSTEM",
      "jobTitle": "WU Client Download",
      "jobId": "{ee532e23-efe4-40b0-b30c-a7d494c6cbf1}",
      "jobOwner": "NT AUTHORITY\\SYSTEM",
      "fileCount": "0"
    },
    "RawXml": "<Event xmlns=\"http://schemas.microsoft.com/win/2004/08/events/event\"><System><Provider Name=\"Microsoft-Windows-Bits-Client\" Guid=\"{ef1cc15b-46c1-414e-bb95-e76b077bd51e}\"></Provider>\n<EventID Qualifiers=\"\">5</EventID>\n<Version>0</Version>\n<Level>4</Level>\n<Task>0</Task>\n<Opcode>0</Opcode>\n<Keywords>0x4000000000000000</Keywords>\n<TimeCreated SystemTime=\"2014-01-25 01:37:21.090065+00:00\"></TimeCreated>\n<EventRecordID>395</EventRecordID>\n<Correlation ActivityID=\"\" RelatedActivityID=\"\"></Correlation>\n<Execution ProcessID=\"888\" ThreadID=\"2740\"></Execution>\n<Channel>Microsoft-Windows-Bits-Client/Operational</Channel>\n<Computer>IACIS-HDD-2014</Computer>\n<Security UserID=\"S-1-5-18\"></Security>\n</System>\n<EventData><Data Name=\"User\">NT AUTHORITY\\SYSTEM</Data>\n<Data Name=\"jobTitle\">WU Client Download</Data>\n<Data Name=\"jobId\">{ee532e23-efe4-40b0-b30c-a7d494c6cbf1}</Data>\n<Data Name=\"jobOwner\">NT AUTHORITY\\SYSTEM</Data>\n<Data Name=\"fileCount\">0</Data>\n</EventData>\n</Event>\n"
  },
  {
    "EventID": 3,
    "Timestamp": "2014-01-25 01:37:25.442472+00:00",
    "Computer": "IACIS-HDD-2014",
    "Channel": "Microsoft-Windows-Bits-Client/Operational",
    "Level": "Information",
    "EventData": {
      "string": "WU Client Download",
      "string2": "NT AUTHORITY\\SYSTEM",
      "string3": ""
    },
    "RawXml": "<Event xmlns=\"http://schemas.microsoft.com/win/2004/08/events/event\"><System><Provider Name=\"Microsoft-Windows-Bits-Client\" Guid=\"{ef1cc15b-46c1-414e-bb95-e76b077bd51e}\"></Provider>\n<EventID Qualifiers=\"\">3</EventID>\n<Version>0</Version>\n<Level>4</Level>\n<Task>0</Task>\n<Opcode>0</Opcode>\n<Keywords>0x4000000000000000</Keywords>\n<TimeCreated SystemTime=\"2014-01-25 01:37:25.442472+00:00\"></TimeCreated>\n<EventRecordID>396</EventRecordID>\n<Correlation ActivityID=\"\" RelatedActivityID=\"\"></Correlation>\n<Execution ProcessID=\"888\" ThreadID=\"2740\"></Execution>\n<Channel>Microsoft-Windows-Bits-Client/Operational</Channel>\n<Computer>IACIS-HDD-2014</Computer>\n<Security UserID=\"S-1-5-18\"></Security>\n</System>\n<EventData><Data Name=\"string\">WU Client Download</Data>\n<Data Name=\"string2\">NT AUTHORITY\\SYSTEM</Data>\n<Data Name=\"string3\"></Data>\n</EventData>\n</Event>\n"
  },
  {
    "EventID": 4,
    "Timestamp": "2014-01-25 01:37:25.692074+00:00",
    "Computer": "IACIS-HDD-2014",
    "Channel": "Microsoft-Windows-Bits-Client/Operational",
    "Level": "Information",
    "EventData": {
      "User": "NT AUTHORITY\\SYSTEM",
      "jobTitle": "WU Client Download",
      "jobId": "{dae1e662-d48f-48fa-8023-201db950ba91}",
      "jobOwner": "NT AUTHORITY\\SYSTEM",
      "fileCount": "1",
      "bytesTransferred": "59973",
      "bytesTransferredFromPeer": "0"
    },
    "RawXml": "<Event xmlns=\"http://schemas.microsoft.com/win/2004/08/events/event\"><System><Provider Name=\"Microsoft-Windows-Bits-Client\" Guid=\"{ef1cc15b-46c1-414e-bb95-e76b077bd51e}\"></Provider>\n<EventID Qualifiers=\"\">4</EventID>\n<Version>1</Version>\n<Level>4</Level>\n<Task>0</Task>\n<Opcode>0</Opcode>\n<Keywords>0x4000000000000000</Keywords>\n<TimeCreated SystemTime=\"2014-01-25 01:37:25.692074+00:00\"></TimeCreated>\n<EventRecordID>397</EventRecordID>\n<Correlation ActivityID=\"\" RelatedActivityID=\"\"></Correlation>\n<Execution ProcessID=\"888\" ThreadID=\"2888\"></Execution>\n<Channel>Microsoft-Windows-Bits-Client/Operational</Channel>\n<Computer>IACIS-HDD-2014</Computer>\n<Security UserID=\"S-1-5-18\"></Security>\n</System>\n<EventData><Data Name=\"User\">NT AUTHORITY\\SYSTEM</Data>\n<Data Name=\"jobTitle\">WU Client Download</Data>\n<Data Name=\"jobId\">{dae1e662-d48f-48fa-8023-201db950ba91}</Data>\n<Data Name=\"jobOwner\">NT AUTHORITY\\SYSTEM</Data>\n<Data Name=\"fileCount\">1</Data>\n<Data Name=\"bytesTransferred\">59973</Data>\n<Data Name=\"bytesTransferredFromPeer\">0</Data>\n</EventData>\n</Event>\n"
  },
  {
    "EventID": 3,
    "Timestamp": "2014-01-25 01:37:25.863674+00:00",
    "Computer": "IACIS-HDD-2014",
    "Channel": "Microsoft-Windows-Bits-Client/Operational",
    "Level": "Information",
    "EventData": {
      "string": "WU Client Download",
      "string2": "NT AUTHORITY\\SYSTEM",
      "string3": ""
    },
    "RawXml": "<Event xmlns=\"http://schemas.microsoft.com/win/2004/08/events/event\"><System><Provider Name=\"Microsoft-Windows-Bits-Client\" Guid=\"{ef1cc15b-46c1-414e-bb95-e76b077bd51e}\"></Provider>\n<EventID Qualifiers=\"\">3</EventID>\n<Version>0</Version>\n<Level>4</Level>\n<Task>0</Task>\n<Opcode>0</Opcode>\n<Keywords>0x4000000000000000</Keywords>\n<TimeCreated SystemTime=\"2014-01-25 01:37:25.863674+00:00\"></TimeCreated>\n<EventRecordID>398</EventRecordID>\n<Correlation ActivityID=\"\" RelatedActivityID=\"\"></Correlation>\n<Execution ProcessID=\"888\" ThreadID=\"2888\"></Execution>\n<Channel>Microsoft-Windows-Bits-Client/Operational</Channel>\n<Computer>IACIS-HDD-2014</Computer>\n<Security UserID=\"S-1-5-18\"></Security>\n</System>\n<EventData><Data Name=\"string\">WU Client Download</Data>\n<Data Name=\"string2\">NT AUTHORITY\\SYSTEM</Data>\n<Data Name=\"string3\"></Data>\n</EventData>\n</Event>\n"
  },
  {
    "EventID": 5,
    "Timestamp": "2014-01-25 01:37:25.863674+00:00",
    "Computer": "IACIS-HDD-2014",
    "Channel": "Microsoft-Windows-Bits-Client/Operational",
    "Level": "Information",
    "EventData": {
      "User": "NT AUTHORITY\\SYSTEM",
      "jobTitle": "WU Client Download",
      "jobId": "{100f0fe4-6aec-4ab0-9d2c-8e8c59369c3c}",
      "jobOwner": "NT AUTHORITY\\SYSTEM",
      "fileCount": "0"
    },
    "RawXml": "<Event xmlns=\"http://schemas.microsoft.com/win/2004/08/events/event\"><System><Provider Name=\"Microsoft-Windows-Bits-Client\" Guid=\"{ef1cc15b-46c1-414e-bb95-e76b077bd51e}\"></Provider>\n<EventID Qualifiers=\"\">5</EventID>\n<Version>0</Version>\n<Level>4</Level>\n<Task>0</Task>\n<Opcode>0</Opcode>\n<Keywords>0x4000000000000000</Keywords>\n<TimeCreated SystemTime=\"2014-01-25 01:37:25.863674+00:00\"></TimeCreated>\n<EventRecordID>399</EventRecordID>\n<Correlation ActivityID=\"\" RelatedActivityID=\"\"></Correlation>\n<Execution ProcessID=\"888\" ThreadID=\"2888\"></Execution>\n<Channel>Microsoft-Windows-Bits-Client/Operational</Channel>\n<Computer>IACIS-HDD-2014</Computer>\n<Security UserID=\"S-1-5-18\"></Security>\n</System>\n<EventData><Data Name=\"User\">NT AUTHORITY\\SYSTEM</Data>\n<Data Name=\"jobTitle\">WU Client Download</Data>\n<Data Name=\"jobId\">{100f0fe4-6aec-4ab0-9d2c-8e8c59369c3c}</Data>\n<Data Name=\"jobOwner\">NT AUTHORITY\\SYSTEM</Data>\n<Data Name=\"fileCount\">0</Data>\n</EventData>\n</Event>\n"
  },
  {
    "EventID": 59,
    "Timestamp": "2014-01-25 01:37:25.910475+00:00",
    "Computer": "IACIS-HDD-2014",
    "Channel": "Microsoft-Windows-Bits-Client/Operational",
    "Level": "Information",
    "EventData": {
      "transferId": "{3928c6f7-b629-41ef-8fad-f90fb61f836d}",
      "name": "WU Client Download",
      "Id": "{7eb281e7-af12-4fd9-a5f2-a78a67077638}",
      "url": "http://au.download.windowsupdate.com/msdownload/update/software/secu/2012/01/windows6.1-kb2654428-x64-express_632be1f9eb1c28a57987e799da0244ffcff91898.cab",
      "peer": "",
      "fileTime": "2012-01-25 21:38:15+00:00",
      "fileLength": "69417",
      "bytesTotal": "69417",
      "bytesTransferred": "0",
      "bytesTransferredFromPeer": "0"
    },
    "RawXml": "<Event xmlns=\"http://schemas.microsoft.com/win/2004/08/events/event\"><System><Provider Name=\"Microsoft-Windows-Bits-Client\" Guid=\"{ef1cc15b-46c1-414e-bb95-e76b077bd51e}\"></Provider>\n<EventID Qualifiers=\"\">59</EventID>\n<Version>1</Version>\n<Level>4</Level>\n<Task>0</Task>\n<Opcode>1</Opcode>\n<Keywords>0x4000000000000000</Keywords>\n<TimeCreated SystemTime=\"2014-01-25 01:37:25.910475+00:00\"></TimeCreated>\n<EventRecordID>400</EventRecordID>\n<Correlation ActivityID=\"{3928c6f7-b629-41ef-8fad-f90fb61f836d}\" RelatedActivityID=\"\"></Correlation>\n<Execution ProcessID=\"888\" ThreadID=\"2740\"></Execution>\n<Channel>Microsoft-Windows-Bits-Client/Operational</Channel>\n<Computer>IACIS-HDD-2014</Computer>\n<Security UserID=\"S-1-5-18\"></Security>\n</System>\n<EventData><Data Name=\"transferId\">{3928c6f7-b629-41ef-8fad-f90fb61f836d}</Data>\n<Data Name=\"name\">WU Client Download</Data>\n<Data Name=\"Id\">{7eb281e7-af12-4fd9-a5f2-a78a67077638}</Data>\n<Data Name=\"url\">http://au.download.windowsupdate.com/msdownload/update/software/secu/2012/01/windows6.1-kb2654428-x64-express_632be1f9eb1c28a57987e799da0244ffcff91898.cab</Data>\n<Data Name=\"peer\"></Data>\n<Data Name=\"fileTime\">2012-01-25 21:38:15+00:00</Data>\n<Data Name=\"fileLength\">69417</Data>\n<Data Name=\"bytesTotal\">69417</Data>\n<Data Name=\"bytesTransferred\">0</Data>\n<Data Name=\"bytesTransferredFromPeer\">0</Data>\n</EventData>\n</Event>\n"
  },
  {
    "EventID": 60,
    "Timestamp": "2014-01-25 01:37:25.988474+00:00",
    "Computer": "IACIS-HDD-2014",
    "Channel": "Microsoft-Windows-Bits-Client/Operational",
    "Level": "Information",
    "EventData": {
      "transferId": "{3928c6f7-b629-41ef-8fad-f90fb61f836d}",
      "name": "WU Client Download",
      "Id": "{7eb281e7-af12-4fd9-a5f2-a78a67077638}",
      "url": "http://au.download.windowsupdate.com/msdownload/update/software/secu/2012/01/windows6.1-kb2654428-x64-express_632be1f9eb1c28a57987e799da0244ffcff91898.cab",
      "peer": "",
      "hr": "0",
      "fileTime": "2012-01-25 21:38:15+00:00",
      "fileLength": "69417",
      "bytesTotal": "69417",
      "bytesTransferred": "69417",
      "proxy": "",
      "peerProtocolFlags": "0",
      "bytesTransferredFromPeer": "0",
      "AdditionalInfoHr": "0",
      "PeerContextInfo": "0",
      "bandwidthLimit": "18446744073709551615",
      "ignoreBandwidthLimitsOnLan": "False"
    },
    "RawXml": "<Event xmlns=\"http://schemas.microsoft.com/win/2004/08/events/event\"><System><Provider Name=\"Microsoft-Windows-Bits-Client\" Guid=\"{ef1cc15b-46c1-414e-bb95-e76b077bd51e}\"></Provider>\n<EventID Qualifiers=\"\">60</EventID>\n<Version>1</Version>\n<Level>4</Level>\n<Task>0</Task>\n<Opcode>2</Opcode>\n<Keywords>0x4000000000000000</Keywords>\n<TimeCreated SystemTime=\"2014-01-25 01:37:25.988474+00:00\"></TimeCreated>\n<EventRecordID>401</EventRecordID>\n<Correlation ActivityID=\"{3928c6f7-b629-41ef-8fad-f90fb61f836d}\" RelatedActivityID=\"\"></Correlation>\n<Execution ProcessID=\"888\" ThreadID=\"1844\"></Execution>\n<Channel>Microsoft-Windows-Bits-Client/Operational</Channel>\n<Computer>IACIS-HDD-2014</Computer>\n<Security UserID=\"S-1-5-18\"></Security>\n</System>\n<EventData><Data Name=\"transferId\">{3928c6f7-b629-41ef-8fad-f90fb61f836d}</Data>\n<Data Name=\"name\">WU Client Download</Data>\n<Data Name=\"Id\">{7eb281e7-af12-4fd9-a5f2-a78a67077638}</Data>\n<Data Name=\"url\">http://au.download.windowsupdate.com/msdownload/update/software/secu/2012/01/windows6.1-kb2654428-x64-express_632be1f9eb1c28a57987e799da0244ffcff91898.cab</Data>\n<Data Name=\"peer\"></Data>\n<Data Name=\"hr\">0</Data>\n<Data Name=\"fileTime\">2012-01-25 21:38:15+00:00</Data>\n<Data Name=\"fileLength\">69417</Data>\n<Data Name=\"bytesTotal\">69417</Data>\n<Data Name=\"bytesTransferred\">69417</Data>\n<Data Name=\"proxy\"></Data>\n<Data Name=\"peerProtocolFlags\">0</Data>\n<Data Name=\"bytesTransferredFromPeer\">0</Data>\n<Data Name=\"AdditionalInfoHr\">0</Data>\n<Data Name=\"PeerContextInfo\">0</Data>\n<Data Name=\"bandwidthLimit\">18446744073709551615</Data>\n<Data Name=\"ignoreBandwidthLimitsOnLan\">False</Data>\n</EventData>\n</Event>\n"
  },
  {
    "EventID": 3,
    "Timestamp": "2014-01-25 01:37:33.726088+00:00",
    "Computer": "IACIS-HDD-2014",
    "Channel": "Microsoft-Windows-Bits-Client/Operational",
    "Level": "Information",
    "EventData": {
      "string": "WU Client Download",
      "string2": "NT AUTHORITY\\SYSTEM",
      "string3": ""
    },
    "RawXml": "<Event xmlns=\"http://schemas.microsoft.com/win/2004/08/events/event\"><System><Provider Name=\"Microsoft-Windows-Bits-Client\" Guid=\"{ef1cc15b-46c1-414e-bb95-e76b077bd51e}\"></Provider>\n<EventID Qualifiers=\"\">3</EventID>\n<Version>0</Version>\n<Level>4</Level>\n<Task>0</Task>\n<Opcode>0</Opcode>\n<Keywords>0x4000000000000000</Keywords>\n<TimeCreated SystemTime=\"2014-01-25 01:37:33.726088+00:00\"></TimeCreated>\n<EventRecordID>402</EventRecordID>\n<Correlation ActivityID=\"\" RelatedActivityID=\"\"></Correlation>\n<Execution ProcessID=\"888\" ThreadID=\"2888\"></Execution>\n<Channel>Microsoft-Windows-Bits-Client/Operational</Channel>\n<Computer>IACIS-HDD-2014</Computer>\n<Security UserID=\"S-1-5-18\"></Security>\n</System>\n<EventData><Data Name=\"string\">WU Client Download</Data>\n<Data Name=\"string2\">NT AUTHORITY\\SYSTEM</Data>\n<Data Name=\"string3\"></Data>\n</EventData>\n</Event>\n"
  },
  {
    "EventID": 4,
    "Timestamp": "2014-01-25 01:37:34.131689+00:00",
    "Computer": "IACIS-HDD-2014",
    "Channel": "Microsoft-Windows-Bits-Client/Operational",
    "Level": "Information",
    "EventData": {
      "User": "NT AUTHORITY\\SYSTEM",
      "jobTitle": "WU Client Download",
      "jobId": "{1bc8ee68-6bb7-48e3-9d0c-95cc5bab73f9}",
      "jobOwner": "NT AUTHORITY\\SYSTEM",
      "fileCount": "1",
      "bytesTransferred": "40261",
      "bytesTransferredFromPeer": "0"
    },
    "RawXml": "<Event xmlns=\"http://schemas.microsoft.com/win/2004/08/events/event\"><System><Provider Name=\"Microsoft-Windows-Bits-Client\" Guid=\"{ef1cc15b-46c1-414e-bb95-e76b077bd51e}\"></Provider>\n<EventID Qualifiers=\"\">4</EventID>\n<Version>1</Version>\n<Level>4</Level>\n<Task>0</Task>\n<Opcode>0</Opcode>\n<Keywords>0x4000000000000000</Keywords>\n<TimeCreated SystemTime=\"2014-01-25 01:37:34.131689+00:00\"></TimeCreated>\n<EventRecordID>403</EventRecordID>\n<Correlation ActivityID=\"\" RelatedActivityID=\"\"></Correlation>\n<Execution ProcessID=\"888\" ThreadID=\"2804\"></Execution>\n<Channel>Microsoft-Windows-Bits-Client/Operational</Channel>\n<Computer>IACIS-HDD-2014</Computer>\n<Security UserID=\"S-1-5-18\"></Security>\n</System>\n<EventData><Data Name=\"User\">NT AUTHORITY\\SYSTEM</Data>\n<Data Name=\"jobTitle\">WU Client Download</Data>\n<Data Name=\"jobId\">{1bc8ee68-6bb7-48e3-9d0c-95cc5bab73f9}</Data>\n<Data Name=\"jobOwner\">NT AUTHORITY\\SYSTEM</Data>\n<Data Name=\"fileCount\">1</Data>\n<Data Name=\"bytesTransferred\">40261</Data>\n<Data Name=\"bytesTransferredFromPeer\">0</Data>\n</EventData>\n</Event>\n"
  },
  {
    "EventID": 3,
    "Timestamp": "2014-01-25 01:37:34.365688+00:00",
    "Computer": "IACIS-HDD-2014",
    "Channel": "Microsoft-Windows-Bits-Client/Operational",
    "Level": "Information",
    "EventData": {
      "string": "WU Client Download",
      "string2": "NT AUTHORITY\\SYSTEM",
      "string3": ""
    },
    "RawXml": "<Event xmlns=\"http://schemas.microsoft.com/win/2004/08/events/event\"><System><Provider Name=\"Microsoft-Windows-Bits-Client\" Guid=\"{ef1cc15b-46c1-414e-bb95-e76b077bd51e}\"></Provider>\n<EventID Qualifiers=\"\">3</EventID>\n<Version>0</Version>\n<Level>4</Level>\n<Task>0</Task>\n<Opcode>0</Opcode>\n<Keywords>0x4000000000000000</Keywords>\n<TimeCreated SystemTime=\"2014-01-25 01:37:34.365688+00:00\"></TimeCreated>\n<EventRecordID>404</EventRecordID>\n<Correlation ActivityID=\"\" RelatedActivityID=\"\"></Correlation>\n<Execution ProcessID=\"888\" ThreadID=\"2804\"></Execution>\n<Channel>Microsoft-Windows-Bits-Client/Operational</Channel>\n<Computer>IACIS-HDD-2014</Computer>\n<Security UserID=\"S-1-5-18\"></Security>\n</System>\n<EventData><Data Name=\"string\">WU Client Download</Data>\n<Data Name=\"string2\">NT AUTHORITY\\SYSTEM</Data>\n<Data Name=\"string3\"></Data>\n</EventData>\n</Event>\n"
  },
  {
    "EventID": 5,
    "Timestamp": "2014-01-25 01:37:34.365688+00:00",
    "Computer": "IACIS-HDD-2014",
    "Channel": "Microsoft-Windows-Bits-Client/Operational",
    "Level": "Information",
    "EventData": {
      "User": "NT AUTHORITY\\SYSTEM",
      "jobTitle": "WU Client Download",
      "jobId": "{8727fd96-4424-444c-ba75-ae83f5cc4ef1}",
      "jobOwner": "NT AUTHORITY\\SYSTEM",
      "fileCount": "0"
    },
    "RawXml": "<Event xmlns=\"http://schemas.microsoft.com/win/2004/08/events/event\"><System><Provider Name=\"Microsoft-Windows-Bits-Client\" Guid=\"{ef1cc15b-46c1-414e-bb95-e76b077bd51e}\"></Provider>\n<EventID Qualifiers=\"\">5</EventID>\n<Version>0</Version>\n<Level>4</Level>\n<Task>0</Task>\n<Opcode>0</Opcode>\n<Keywords>0x4000000000000000</Keywords>\n<TimeCreated SystemTime=\"2014-01-25 01:37:34.365688+00:00\"></TimeCreated>\n<EventRecordID>405</EventRecordID>\n<Correlation ActivityID=\"\" RelatedActivityID=\"\"></Correlation>\n<Execution ProcessID=\"888\" ThreadID=\"2804\"></Execution>\n<Channel>Microsoft-Windows-Bits-Client/Operational</Channel>\n<Computer>IACIS-HDD-2014</Computer>\n<Security UserID=\"S-1-5-18\"></Security>\n</System>\n<EventData><Data Name=\"User\">NT AUTHORITY\\SYSTEM</Data>\n<Data Name=\"jobTitle\">WU Client Download</Data>\n<Data Name=\"jobId\">{8727fd96-4424-444c-ba75-ae83f5cc4ef1}</Data>\n<Data Name=\"jobOwner\">NT AUTHORITY\\SYSTEM</Data>\n<Data Name=\"fileCount\">0</Data>\n</EventData>\n</Event>\n"
  },
  {
    "EventID": 59,
    "Timestamp": "2014-01-25 01:37:34.428089+00:00",
    "Computer": "IACIS-HDD-2014",
    "Channel": "Microsoft-Windows-Bits-Client/Operational",
    "Level": "Information",
    "EventData": {
      "transferId": "{1aa0e27e-6493-40c0-af45-dda3653e11fa}",
      "name": "WU Client Download",
      "Id": "{86801afb-885e-4762-967b-e6c5ed74188f}",
      "url": "http://au.download.windowsupdate.com/msdownload/update/software/secu/2011/05/windows6.1-kb2544893-x64-express_7073e8ef912c6a5d2eada143c88d1b575dc9040f.cab",
      "peer": "",
      "fileTime": "2011-05-25 03:28:58+00:00",
      "fileLength": "80621",
      "bytesTotal": "80621",
      "bytesTransferred": "0",
      "bytesTransferredFromPeer": "0"
    },
    "RawXml": "<Event xmlns=\"http://schemas.microsoft.com/win/2004/08/events/event\"><System><Provider Name=\"Microsoft-Windows-Bits-Client\" Guid=\"{ef1cc15b-46c1-414e-bb95-e76b077bd51e}\"></Provider>\n<EventID Qualifiers=\"\">59</EventID>\n<Version>1</Version>\n<Level>4</Level>\n<Task>0</Task>\n<Opcode>1</Opcode>\n<Keywords>0x4000000000000000</Keywords>\n<TimeCreated SystemTime=\"2014-01-25 01:37:34.428089+00:00\"></TimeCreated>\n<EventRecordID>406</EventRecordID>\n<Correlation ActivityID=\"{1aa0e27e-6493-40c0-af45-dda3653e11fa}\" RelatedActivityID=\"\"></Correlation>\n<Execution ProcessID=\"888\" ThreadID=\"2888\"></Execution>\n<Channel>Microsoft-Windows-Bits-Client/Operational</Channel>\n<Computer>IACIS-HDD-2014</Computer>\n<Security UserID=\"S-1-5-18\"></Security>\n</System>\n<EventData><Data Name=\"transferId\">{1aa0e27e-6493-40c0-af45-dda3653e11fa}</Data>\n<Data Name=\"name\">WU Client Download</Data>\n<Data Name=\"Id\">{86801afb-885e-4762-967b-e6c5ed74188f}</Data>\n<Data Name=\"url\">http://au.download.windowsupdate.com/msdownload/update/software/secu/2011/05/windows6.1-kb2544893-x64-express_7073e8ef912c6a5d2eada143c88d1b575dc9040f.cab</Data>\n<Data Name=\"peer\"></Data>\n<Data Name=\"fileTime\">2011-05-25 03:28:58+00:00</Data>\n<Data Name=\"fileLength\">80621</Data>\n<Data Name=\"bytesTotal\">80621</Data>\n<Data Name=\"bytesTransferred\">0</Data>\n<Data Name=\"bytesTransferredFromPeer\">0</Data>\n</EventData>\n</Event>\n"
  },
  {
    "EventID": 60,
    "Timestamp": "2014-01-25 01:37:34.568489+00:00",
    "Computer": "IACIS-HDD-2014",
    "Channel": "Microsoft-Windows-Bits-Client/Operational",
    "Level": "Information",
    "EventData": {
      "transferId": "{1aa0e27e-6493-40c0-af45-dda3653e11fa}",
      "name": "WU Client Download",
      "Id": "{86801afb-885e-4762-967b-e6c5ed74188f}",
      "url": "http://au.download.windowsupdate.com/msdownload/update/software/secu/2011/05/windows6.1-kb2544893-x64-express_7073e8ef912c6a5d2eada143c88d1b575dc9040f.cab",
      "peer": "",
      "hr": "0",
      "fileTime": "2011-05-25 03:28:58+00:00",
      "fileLength": "80621",
      "bytesTotal": "80621",
      "bytesTransferred": "80621",
      "proxy": "",
      "peerProtocolFlags": "0",
      "bytesTransferredFromPeer": "0",
      "AdditionalInfoHr": "0",
      "PeerContextInfo": "0",
      "bandwidthLimit": "18446744073709551615",
      "ignoreBandwidthLimitsOnLan": "False"
    },
    "RawXml": "<Event xmlns=\"http://schemas.microsoft.com/win/2004/08/events/event\"><System><Provider Name=\"Microsoft-Windows-Bits-Client\" Guid=\"{ef1cc15b-46c1-414e-bb95-e76b077bd51e}\"></Provider>\n<EventID Qualifiers=\"\">60</EventID>\n<Version>1</Version>\n<Level>4</Level>\n<Task>0</Task>\n<Opcode>2</Opcode>\n<Keywords>0x4000000000000000</Keywords>\n<TimeCreated SystemTime=\"2014-01-25 01:37:34.568489+00:00\"></TimeCreated>\n<EventRecordID>407</EventRecordID>\n<Correlation ActivityID=\"{1aa0e27e-6493-40c0-af45-dda3653e11fa}\" RelatedActivityID=\"\"></Correlation>\n<Execution ProcessID=\"888\" ThreadID=\"1844\"></Execution>\n<Channel>Microsoft-Windows-Bits-Client/Operational</Channel>\n<Computer>IACIS-HDD-2014</Computer>\n<Security UserID=\"S-1-5-18\"></Security>\n</System>\n<EventData><Data Name=\"transferId\">{1aa0e27e-6493-40c0-af45-dda3653e11fa}</Data>\n<Data Name=\"name\">WU Client Download</Data>\n<Data Name=\"Id\">{86801afb-885e-4762-967b-e6c5ed74188f}</Data>\n<Data Name=\"url\">http://au.download.windowsupdate.com/msdownload/update/software/secu/2011/05/windows6.1-kb2544893-x64-express_7073e8ef912c6a5d2eada143c88d1b575dc9040f.cab</Data>\n<Data Name=\"peer\"></Data>\n<Data Name=\"hr\">0</Data>\n<Data Name=\"fileTime\">2011-05-25 03:28:58+00:00</Data>\n<Data Name=\"fileLength\">80621</Data>\n<Data Name=\"bytesTotal\">80621</Data>\n<Data Name=\"bytesTransferred\">80621</Data>\n<Data Name=\"proxy\"></Data>\n<Data Name=\"peerProtocolFlags\">0</Data>\n<Data Name=\"bytesTransferredFromPeer\">0</Data>\n<Data Name=\"AdditionalInfoHr\">0</Data>\n<Data Name=\"PeerContextInfo\">0</Data>\n<Data Name=\"bandwidthLimit\">18446744073709551615</Data>\n<Data Name=\"ignoreBandwidthLimitsOnLan\">False</Data>\n</EventData>\n</Event>\n"
  },
  {
    "EventID": 3,
    "Timestamp": "2014-01-25 01:37:40.636900+00:00",
    "Computer": "IACIS-HDD-2014",
    "Channel": "Microsoft-Windows-Bits-Client/Operational",
    "Level": "Information",
    "EventData": {
      "string": "WU Client Download",
      "string2": "NT AUTHORITY\\SYSTEM",
      "string3": ""
    },
    "RawXml": "<Event xmlns=\"http://schemas.microsoft.com/win/2004/08/events/event\"><System><Provider Name=\"Microsoft-Windows-Bits-Client\" Guid=\"{ef1cc15b-46c1-414e-bb95-e76b077bd51e}\"></Provider>\n<EventID Qualifiers=\"\">3</EventID>\n<Version>0</Version>\n<Level>4</Level>\n<Task>0</Task>\n<Opcode>0</Opcode>\n<Keywords>0x4000000000000000</Keywords>\n<TimeCreated SystemTime=\"2014-01-25 01:37:40.636900+00:00\"></TimeCreated>\n<EventRecordID>408</EventRecordID>\n<Correlation ActivityID=\"\" RelatedActivityID=\"\"></Correlation>\n<Execution ProcessID=\"888\" ThreadID=\"2804\"></Execution>\n<Channel>Microsoft-Windows-Bits-Client/Operational</Channel>\n<Computer>IACIS-HDD-2014</Computer>\n<Security UserID=\"S-1-5-18\"></Security>\n</System>\n<EventData><Data Name=\"string\">WU Client Download</Data>\n<Data Name=\"string2\">NT AUTHORITY\\SYSTEM</Data>\n<Data Name=\"string3\"></Data>\n</EventData>\n</Event>\n"
  },
