  {
    "EventID": 40,
    "Timestamp": "2014-01-25 01:34:00.941715+00:00",
    "Computer": "IACIS-HDD-2014",
    "Channel": "Microsoft-Windows-WindowsUpdateClient/Operational",
    "Level": "Information",
    "EventData": {
      "updateGuid": "{fb2e08f3-2ecc-482c-b0a1-f1415e5f8a28}",
      "updateRevisionNumber": "200"
    },
    "RawXml": "<Event xmlns=\"http://schemas.microsoft.com/win/2004/08/events/event\"><System><Provider Name=\"Microsoft-Windows-WindowsUpdateClient\" Guid=\"{945a8954-c147-4acd-923f-40c45405a658}\"></Provider>\n<EventID Qualifiers=\"\">40</EventID>\n<Version>0</Version>\n<Level>4</Level>\n<Task>1</Task>\n<Opcode>17</Opcode>\n<Keywords>0x4000000000000002</Keywords>\n<TimeCreated SystemTime=\"2014-01-25 01:34:00.941715+00:00\"></TimeCreated>\n<EventRecordID>197</EventRecordID>\n<Correlation ActivityID=\"\" RelatedActivityID=\"\"></Correlation>\n<Execution ProcessID=\"888\" ThreadID=\"1216\"></Execution>\n<Channel>Microsoft-Windows-WindowsUpdateClient/Operational</Channel>\n<Computer>IACIS-HDD-2014</Computer>\n<Security UserID=\"S-1-5-18\"></Security>\n</System>\n<EventData><Data Name=\"updateGuid\">{fb2e08f3-2ecc-482c-b0a1-f1415e5f8a28}</Data>\n<Data Name=\"updateRevisionNumber\">200</Data>\n</EventData>\n</Event>\n"
  },
  {
    "EventID": 40,
    "Timestamp": "2014-01-25 01:34:00.941715+00:00",
    "Computer": "IACIS-HDD-2014",
    "Channel": "Microsoft-Windows-WindowsUpdateClient/Operational",
    "Level": "Information",
    "EventData": {
      "updateGuid": "{81a49d2c-314b-4a5a-bb6c-9d52a2707735}",
      "updateRevisionNumber": "201"
    },
    "RawXml": "<Event xmlns=\"http://schemas.microsoft.com/win/2004/08/events/event\"><System><Provider Name=\"Microsoft-Windows-WindowsUpdateClient\" Guid=\"{945a8954-c147-4acd-923f-40c45405a658}\"></Provider>\n<EventID Qualifiers=\"\">40</EventID>\n<Version>0</Version>\n<Level>4</Level>\n<Task>1</Task>\n<Opcode>17</Opcode>\n<Keywords>0x4000000000000002</Keywords>\n<TimeCreated SystemTime=\"2014-01-25 01:34:00.941715+00:00\"></TimeCreated>\n<EventRecordID>198</EventRecordID>\n<Correlation ActivityID=\"\" RelatedActivityID=\"\"></Correlation>\n<Execution ProcessID=\"888\" ThreadID=\"1216\"></Execution>\n<Channel>Microsoft-Windows-WindowsUpdateClient/Operational</Channel>\n<Computer>IACIS-HDD-2014</Computer>\n<Security UserID=\"S-1-5-18\"></Security>\n</System>\n<EventData><Data Name=\"updateGuid\">{81a49d2c-314b-4a5a-bb6c-9d52a2707735}</Data>\n<Data Name=\"updateRevisionNumber\">201</Data>\n</EventData>\n</Event>\n"
  },
  {
    "EventID": 40,
    "Timestamp": "2014-01-25 01:34:00.941715+00:00",
    "Computer": "IACIS-HDD-2014",
    "Channel": "Microsoft-Windows-WindowsUpdateClient/Operational",
    "Level": "Information",
    "EventData": {
      "updateGuid": "{35dcb297-873a-45af-bb19-e8b18aedd5bb}",
      "updateRevisionNumber": "202"
    },
    "RawXml": "<Event xmlns=\"http://schemas.microsoft.com/win/2004/08/events/event\"><System><Provider Name=\"Microsoft-Windows-WindowsUpdateClient\" Guid=\"{945a8954-c147-4acd-923f-40c45405a658}\"></Provider>\n<EventID Qualifiers=\"\">40</EventID>\n<Version>0</Version>\n<Level>4</Level>\n<Task>1</Task>\n<Opcode>17</Opcode>\n<Keywords>0x4000000000000002</Keywords>\n<TimeCreated SystemTime=\"2014-01-25 01:34:00.941715+00:00\"></TimeCreated>\n<EventRecordID>199</EventRecordID>\n<Correlation ActivityID=\"\" RelatedActivityID=\"\"></Correlation>\n<Execution ProcessID=\"888\" ThreadID=\"1216\"></Execution>\n<Channel>Microsoft-Windows-WindowsUpdateClient/Operational</Channel>\n<Computer>IACIS-HDD-2014</Computer>\n<Security UserID=\"S-1-5-18\"></Security>\n</System>\n<EventData><Data Name=\"updateGuid\">{35dcb297-873a-45af-bb19-e8b18aedd5bb}</Data>\n<Data Name=\"updateRevisionNumber\">202</Data>\n</EventData>\n</Event>\n"
  },
  {
    "EventID": 40,
    "Timestamp": "2014-01-25 01:34:00.941715+00:00",
    "Computer": "IACIS-HDD-2014",
    "Channel": "Microsoft-Windows-WindowsUpdateClient/Operational",
    "Level": "Information",
    "EventData": {
      "updateGuid": "{17a5424c-4c70-4bb4-8f83-66dabe5e7ca2}",
      "updateRevisionNumber": "201"
    },
    "RawXml": "<Event xmlns=\"http://schemas.microsoft.com/win/2004/08/events/event\"><System><Provider Name=\"Microsoft-Windows-WindowsUpdateClient\" Guid=\"{945a8954-c147-4acd-923f-40c45405a658}\"></Provider>\n<EventID Qualifiers=\"\">40</EventID>\n<Version>0</Version>\n<Level>4</Level>\n<Task>1</Task>\n<Opcode>17</Opcode>\n<Keywords>0x4000000000000002</Keywords>\n<TimeCreated SystemTime=\"2014-01-25 01:34:00.941715+00:00\"></TimeCreated>\n<EventRecordID>200</EventRecordID>\n<Correlation ActivityID=\"\" RelatedActivityID=\"\"></Correlation>\n<Execution ProcessID=\"888\" ThreadID=\"1216\"></Execution>\n<Channel>Microsoft-Windows-WindowsUpdateClient/Operational</Channel>\n<Computer>IACIS-HDD-2014</Computer>\n<Security UserID=\"S-1-5-18\"></Security>\n</System>\n<EventData><Data Name=\"updateGuid\">{17a5424c-4c70-4bb4-8f83-66dabe5e7ca2}</Data>\n<Data Name=\"updateRevisionNumber\">201</Data>\n</EventData>\n</Event>\n"
  },
  {
    "EventID": 40,
    "Timestamp": "2014-01-25 01:34:00.941715+00:00",
    "Computer": "IACIS-HDD-2014",
    "Channel": "Microsoft-Windows-WindowsUpdateClient/Operational",
    "Level": "Information",
    "EventData": {
      "updateGuid": "{e09d784a-7571-4666-aebf-e33b9436f82e}",
      "updateRevisionNumber": "200"
    },
    "RawXml": "<Event xmlns=\"http://schemas.microsoft.com/win/2004/08/events/event\"><System><Provider Name=\"Microsoft-Windows-WindowsUpdateClient\" Guid=\"{945a8954-c147-4acd-923f-40c45405a658}\"></Provider>\n<EventID Qualifiers=\"\">40</EventID>\n<Version>0</Version>\n<Level>4</Level>\n<Task>1</Task>\n<Opcode>17</Opcode>\n<Keywords>0x4000000000000002</Keywords>\n<TimeCreated SystemTime=\"2014-01-25 01:34:00.941715+00:00\"></TimeCreated>\n<EventRecordID>201</EventRecordID>\n<Correlation ActivityID=\"\" RelatedActivityID=\"\"></Correlation>\n<Execution ProcessID=\"888\" ThreadID=\"1216\"></Execution>\n<Channel>Microsoft-Windows-WindowsUpdateClient/Operational</Channel>\n<Computer>IACIS-HDD-2014</Computer>\n<Security UserID=\"S-1-5-18\"></Security>\n</System>\n<EventData><Data Name=\"updateGuid\">{e09d784a-7571-4666-aebf-e33b9436f82e}</Data>\n<Data Name=\"updateRevisionNumber\">200</Data>\n</EventData>\n</Event>\n"
  },
  {
    "EventID": 40,
    "Timestamp": "2014-01-25 01:34:00.941715+00:00",
    "Computer": "IACIS-HDD-2014",
    "Channel": "Microsoft-Windows-WindowsUpdateClient/Operational",
    "Level": "Information",
    "EventData": {
      "updateGuid": "{e1c9c708-3ea9-411c-a7c1-ac8aac284912}",
      "updateRevisionNumber": "200"
    },
    "RawXml": "<Event xmlns=\"http://schemas.microsoft.com/win/2004/08/events/event\"><System><Provider Name=\"Microsoft-Windows-WindowsUpdateClient\" Guid=\"{945a8954-c147-4acd-923f-40c45405a658}\"></Provider>\n<EventID Qualifiers=\"\">40</EventID>\n<Version>0</Version>\n<Level>4</Level>\n<Task>1</Task>\n<Opcode>17</Opcode>\n<Keywords>0x4000000000000002</Keywords>\n<TimeCreated SystemTime=\"2014-01-25 01:34:00.941715+00:00\"></TimeCreated>\n<EventRecordID>202</EventRecordID>\n<Correlation ActivityID=\"\" RelatedActivityID=\"\"></Correlation>\n<Execution ProcessID=\"888\" ThreadID=\"1216\"></Execution>\n<Channel>Microsoft-Windows-WindowsUpdateClient/Operational</Channel>\n<Computer>IACIS-HDD-2014</Computer>\n<Security UserID=\"S-1-5-18\"></Security>\n</System>\n<EventData><Data Name=\"updateGuid\">{e1c9c708-3ea9-411c-a7c1-ac8aac284912}</Data>\n<Data Name=\"updateRevisionNumber\">200</Data>\n</EventData>\n</Event>\n"
  },
  {
    "EventID": 40,
    "Timestamp": "2014-01-25 01:34:00.941715+00:00",
    "Computer": "IACIS-HDD-2014",
    "Channel": "Microsoft-Windows-WindowsUpdateClient/Operational",
    "Level": "Information",
    "EventData": {
      "updateGuid": "{68df214e-89e6-4aa4-8087-3e4fc20f1e36}",
      "updateRevisionNumber": "200"
    },
    "RawXml": "<Event xmlns=\"http://schemas.microsoft.com/win/2004/08/events/event\"><System><Provider Name=\"Microsoft-Windows-WindowsUpdateClient\" Guid=\"{945a8954-c147-4acd-923f-40c45405a658}\"></Provider>\n<EventID Qualifiers=\"\">40</EventID>\n<Version>0</Version>\n<Level>4</Level>\n<Task>1</Task>\n<Opcode>17</Opcode>\n<Keywords>0x4000000000000002</Keywords>\n<TimeCreated SystemTime=\"2014-01-25 01:34:00.941715+00:00\"></TimeCreated>\n<EventRecordID>203</EventRecordID>\n<Correlation ActivityID=\"\" RelatedActivityID=\"\"></Correlation>\n<Execution ProcessID=\"888\" ThreadID=\"1216\"></Execution>\n<Channel>Microsoft-Windows-WindowsUpdateClient/Operational</Channel>\n<Computer>IACIS-HDD-2014</Computer>\n<Security UserID=\"S-1-5-18\"></Security>\n</System>\n<EventData><Data Name=\"updateGuid\">{68df214e-89e6-4aa4-8087-3e4fc20f1e36}</Data>\n<Data Name=\"updateRevisionNumber\">200</Data>\n</EventData>\n</Event>\n"
  },
  {
    "EventID": 42,
    "Timestamp": "2014-01-25 01:34:00.941715+00:00",
    "Computer": "IACIS-HDD-2014",
    "Channel": "Microsoft-Windows-WindowsUpdateClient/Operational",
    "Level": "Information",
    "EventData": {
      "hc_stateid": "0",
      "restartDate": "",
      "restartTime": ""
    },
    "RawXml": "<Event xmlns=\"http://schemas.microsoft.com/win/2004/08/events/event\"><System><Provider Name=\"Microsoft-Windows-WindowsUpdateClient\" Guid=\"{945a8954-c147-4acd-923f-40c45405a658}\"></Provider>\n<EventID Qualifiers=\"\">42</EventID>\n<Version>0</Version>\n<Level>4</Level>\n<Task>2</Task>\n<Opcode>18</Opcode>\n<Keywords>0x4000000000000480</Keywords>\n<TimeCreated SystemTime=\"2014-01-25 01:34:00.941715+00:00\"></TimeCreated>\n<EventRecordID>204</EventRecordID>\n<Correlation ActivityID=\"\" RelatedActivityID=\"\"></Correlation>\n<Execution ProcessID=\"888\" ThreadID=\"1216\"></Execution>\n<Channel>Microsoft-Windows-WindowsUpdateClient/Operational</Channel>\n<Computer>IACIS-HDD-2014</Computer>\n<Security UserID=\"S-1-5-18\"></Security>\n</System>\n<EventData><Data Name=\"hc_stateid\">0</Data>\n<Data Name=\"restartDate\"></Data>\n<Data Name=\"restartTime\"></Data>\n</EventData>\n</Event>\n"
  },
  {
    "EventID": 42,
    "Timestamp": "2014-01-25 01:34:51.953804+00:00",
    "Computer": "IACIS-HDD-2014",
    "Channel": "Microsoft-Windows-WindowsUpdateClient/Operational",
    "Level": "Information",
    "EventData": {
      "hc_stateid": "2",
      "restartDate": "‎1/‎25/‎2014",
      "restartTime": "3:00 AM"
    },
    "RawXml": "<Event xmlns=\"http://schemas.microsoft.com/win/2004/08/events/event\"><System><Provider Name=\"Microsoft-Windows-WindowsUpdateClient\" Guid=\"{945a8954-c147-4acd-923f-40c45405a658}\"></Provider>\n<EventID Qualifiers=\"\">42</EventID>\n<Version>0</Version>\n<Level>4</Level>\n<Task>2</Task>\n<Opcode>18</Opcode>\n<Keywords>0x4000000000000480</Keywords>\n<TimeCreated SystemTime=\"2014-01-25 01:34:51.953804+00:00\"></TimeCreated>\n<EventRecordID>205</EventRecordID>\n<Correlation ActivityID=\"\" RelatedActivityID=\"\"></Correlation>\n<Execution ProcessID=\"888\" ThreadID=\"1216\"></Execution>\n<Channel>Microsoft-Windows-WindowsUpdateClient/Operational</Channel>\n<Computer>IACIS-HDD-2014</Computer>\n<Security UserID=\"S-1-5-18\"></Security>\n</System>\n<EventData><Data Name=\"hc_stateid\">2</Data>\n<Data Name=\"restartDate\">&#8206;1/&#8206;25/&#8206;2014</Data>\n<Data Name=\"restartTime\">3:00 AM</Data>\n</EventData>\n</Event>\n"
  },
  {
    "EventID": 41,
    "Timestamp": "2014-01-25 01:36:16.162752+00:00",
    "Computer": "IACIS-HDD-2014",
    "Channel": "Microsoft-Windows-WindowsUpdateClient/Operational",
    "Level": "Information",
    "EventData": {
      "updateGuid": "{e1c9c708-3ea9-411c-a7c1-ac8aac284912}",
      "updateRevisionNumber": "200"
    },
    "RawXml": "<Event xmlns=\"http://schemas.microsoft.com/win/2004/08/events/event\"><System><Provider Name=\"Microsoft-Windows-WindowsUpdateClient\" Guid=\"{945a8954-c147-4acd-923f-40c45405a658}\"></Provider>\n<EventID Qualifiers=\"\">41</EventID>\n<Version>0</Version>\n<Level>4</Level>\n<Task>1</Task>\n<Opcode>12</Opcode>\n<Keywords>0x4000000000000014</Keywords>\n<TimeCreated SystemTime=\"2014-01-25 01:36:16.162752+00:00\"></TimeCreated>\n<EventRecordID>206</EventRecordID>\n<Correlation ActivityID=\"\" RelatedActivityID=\"\"></Correlation>\n<Execution ProcessID=\"888\" ThreadID=\"1216\"></Execution>\n<Channel>Microsoft-Windows-WindowsUpdateClient/Operational</Channel>\n<Computer>IACIS-HDD-2014</Computer>\n<Security UserID=\"S-1-5-18\"></Security>\n</System>\n<EventData><Data Name=\"updateGuid\">{e1c9c708-3ea9-411c-a7c1-ac8aac284912}</Data>\n<Data Name=\"updateRevisionNumber\">200</Data>\n</EventData>\n</Event>\n"
  },
  {
    "EventID": 41,
    "Timestamp": "2014-01-25 01:36:16.162752+00:00",
    "Computer": "IACIS-HDD-2014",
    "Channel": "Microsoft-Windows-WindowsUpdateClient/Operational",
    "Level": "Information",
    "EventData": {
      "updateGuid": "{b9866145-a3ec-4b3c-a3d2-7203f04df9fd}",
      "updateRevisionNumber": "101"
    },
    "RawXml": "<Event xmlns=\"http://schemas.microsoft.com/win/2004/08/events/event\"><System><Provider Name=\"Microsoft-Windows-WindowsUpdateClient\" Guid=\"{945a8954-c147-4acd-923f-40c45405a658}\"></Provider>\n<EventID Qualifiers=\"\">41</EventID>\n<Version>0</Version>\n<Level>4</Level>\n<Task>1</Task>\n<Opcode>12</Opcode>\n<Keywords>0x4000000000000014</Keywords>\n<TimeCreated SystemTime=\"2014-01-25 01:36:16.162752+00:00\"></TimeCreated>\n<EventRecordID>207</EventRecordID>\n<Correlation ActivityID=\"\" RelatedActivityID=\"\"></Correlation>\n<Execution ProcessID=\"888\" ThreadID=\"1216\"></Execution>\n<Channel>Microsoft-Windows-WindowsUpdateClient/Operational</Channel>\n<Computer>IACIS-HDD-2014</Computer>\n<Security UserID=\"S-1-5-18\"></Security>\n</System>\n<EventData><Data Name=\"updateGuid\">{b9866145-a3ec-4b3c-a3d2-7203f04df9fd}</Data>\n<Data Name=\"updateRevisionNumber\">101</Data>\n</EventData>\n</Event>\n"
  },
  {
    "EventID": 41,
    "Timestamp": "2014-01-25 01:41:00.512453+00:00",
    "Computer": "IACIS-HDD-2014",
    "Channel": "Microsoft-Windows-WindowsUpdateClient/Operational",
    "Level": "Information",
    "EventData": {
      "updateGuid": "{b4413613-7062-4f6b-a1e4-7a957409a51f}",
      "updateRevisionNumber": "102"
    },
    "RawXml": "<Event xmlns=\"http://schemas.microsoft.com/win/2004/08/events/event\"><System><Provider Name=\"Microsoft-Windows-WindowsUpdateClient\" Guid=\"{945a8954-c147-4acd-923f-40c45405a658}\"></Provider>\n<EventID Qualifiers=\"\">41</EventID>\n<Version>0</Version>\n<Level>4</Level>\n<Task>1</Task>\n<Opcode>12</Opcode>\n<Keywords>0x4000000000000014</Keywords>\n<TimeCreated SystemTime=\"2014-01-25 01:41:00.512453+00:00\"></TimeCreated>\n<EventRecordID>208</EventRecordID>\n<Correlation ActivityID=\"\" RelatedActivityID=\"\"></Correlation>\n<Execution ProcessID=\"888\" ThreadID=\"1216\"></Execution>\n<Channel>Microsoft-Windows-WindowsUpdateClient/Operational</Channel>\n<Computer>IACIS-HDD-2014</Computer>\n<Security UserID=\"S-1-5-18\"></Security>\n</System>\n<EventData><Data Name=\"updateGuid\">{b4413613-7062-4f6b-a1e4-7a957409a51f}</Data>\n<Data Name=\"updateRevisionNumber\">102</Data>\n</EventData>\n</Event>\n"
  },
  {
    "EventID": 41,
    "Timestamp": "2014-01-25 01:41:00.512453+00:00",
    "Computer": "IACIS-HDD-2014",
    "Channel": "Microsoft-Windows-WindowsUpdateClient/Operational",
    "Level": "Information",
    "EventData": {
      "updateGuid": "{9e280124-f061-4371-8dbe-0f960957277d}",
      "updateRevisionNumber": "103"
    },
    "RawXml": "<Event xmlns=\"http://schemas.microsoft.com/win/2004/08/events/event\"><System><Provider Name=\"Microsoft-Windows-WindowsUpdateClient\" Guid=\"{945a8954-c147-4acd-923f-40c45405a658}\"></Provider>\n<EventID Qualifiers=\"\">41</EventID>\n<Version>0</Version>\n<Level>4</Level>\n<Task>1</Task>\n<Opcode>12</Opcode>\n<Keywords>0x4000000000000014</Keywords>\n<TimeCreated SystemTime=\"2014-01-25 01:41:00.512453+00:00\"></TimeCreated>\n<EventRecordID>209</EventRecordID>\n<Correlation ActivityID=\"\" RelatedActivityID=\"\"></Correlation>\n<Execution ProcessID=\"888\" ThreadID=\"1216\"></Execution>\n<Channel>Microsoft-Windows-WindowsUpdateClient/Operational</Channel>\n<Computer>IACIS-HDD-2014</Computer>\n<Security UserID=\"S-1-5-18\"></Security>\n</System>\n<EventData><Data Name=\"updateGuid\">{9e280124-f061-4371-8dbe-0f960957277d}</Data>\n<Data Name=\"updateRevisionNumber\">103</Data>\n</EventData>\n</Event>\n"
  },
  {
    "EventID": 41,
    "Timestamp": "2014-01-25 01:41:00.512453+00:00",
    "Computer": "IACIS-HDD-2014",
    "Channel": "Microsoft-Windows-WindowsUpdateClient/Operational",
    "Level": "Information",
    "EventData": {
      "updateGuid": "{86c0f41d-6b1d-43d1-97d6-023c5b7c3343}",
      "updateRevisionNumber": "201"
    },
    "RawXml": "<Event xmlns=\"http://schemas.microsoft.com/win/2004/08/events/event\"><System><Provider Name=\"Microsoft-Windows-WindowsUpdateClient\" Guid=\"{945a8954-c147-4acd-923f-40c45405a658}\"></Provider>\n<EventID Qualifiers=\"\">41</EventID>\n<Version>0</Version>\n<Level>4</Level>\n<Task>1</Task>\n<Opcode>12</Opcode>\n<Keywords>0x4000000000000014</Keywords>\n<TimeCreated SystemTime=\"2014-01-25 01:41:00.512453+00:00\"></TimeCreated>\n<EventRecordID>210</EventRecordID>\n<Correlation ActivityID=\"\" RelatedActivityID=\"\"></Correlation>\n<Execution ProcessID=\"888\" ThreadID=\"1216\"></Execution>\n<Channel>Microsoft-Windows-WindowsUpdateClient/Operational</Channel>\n<Computer>IACIS-HDD-2014</Computer>\n<Security UserID=\"S-1-5-18\"></Security>\n</System>\n<EventData><Data Name=\"updateGuid\">{86c0f41d-6b1d-43d1-97d6-023c5b7c3343}</Data>\n<Data Name=\"updateRevisionNumber\">201</Data>\n</EventData>\n</Event>\n"
  },
  {
    "EventID": 41,
    "Timestamp": "2014-01-25 01:41:00.512453+00:00",
    "Computer": "IACIS-HDD-2014",
    "Channel": "Microsoft-Windows-WindowsUpdateClient/Operational",
    "Level": "Information",
    "EventData": {
      "updateGuid": "{3f15001a-a051-4cef-8642-ff241d063c9a}",
      "updateRevisionNumber": "101"
    },
    "RawXml": "<Event xmlns=\"http://schemas.microsoft.com/win/2004/08/events/event\"><System><Provider Name=\"Microsoft-Windows-WindowsUpdateClient\" Guid=\"{945a8954-c147-4acd-923f-40c45405a658}\"></Provider>\n<EventID Qualifiers=\"\">41</EventID>\n<Version>0</Version>\n<Level>4</Level>\n<Task>1</Task>\n<Opcode>12</Opcode>\n<Keywords>0x4000000000000014</Keywords>\n<TimeCreated SystemTime=\"2014-01-25 01:41:00.512453+00:00\"></TimeCreated>\n<EventRecordID>211</EventRecordID>\n<Correlation ActivityID=\"\" RelatedActivityID=\"\"></Correlation>\n<Execution ProcessID=\"888\" ThreadID=\"1216\"></Execution>\n<Channel>Microsoft-Windows-WindowsUpdateClient/Operational</Channel>\n<Computer>IACIS-HDD-2014</Computer>\n<Security UserID=\"S-1-5-18\"></Security>\n</System>\n<EventData><Data Name=\"updateGuid\">{3f15001a-a051-4cef-8642-ff241d063c9a}</Data>\n<Data Name=\"updateRevisionNumber\">101</Data>\n</EventData>\n</Event>\n"
  },
  {
    "EventID": 41,
    "Timestamp": "2014-01-25 01:41:00.512453+00:00",
    "Computer": "IACIS-HDD-2014",
    "Channel": "Microsoft-Windows-WindowsUpdateClient/Operational",
    "Level": "Information",
    "EventData": {
      "updateGuid": "{9334b915-72b1-4f60-8885-4c327d7cc433}",
      "updateRevisionNumber": "201"
    },
    "RawXml": "<Event xmlns=\"http://schemas.microsoft.com/win/2004/08/events/event\"><System><Provider Name=\"Microsoft-Windows-WindowsUpdateClient\" Guid=\"{945a8954-c147-4acd-923f-40c45405a658}\"></Provider>\n<EventID Qualifiers=\"\">41</EventID>\n<Version>0</Version>\n<Level>4</Level>\n<Task>1</Task>\n<Opcode>12</Opcode>\n<Keywords>0x4000000000000014</Keywords>\n<TimeCreated SystemTime=\"2014-01-25 01:41:00.512453+00:00\"></TimeCreated>\n<EventRecordID>212</EventRecordID>\n<Correlation ActivityID=\"\" RelatedActivityID=\"\"></Correlation>\n<Execution ProcessID=\"888\" ThreadID=\"1216\"></Execution>\n<Channel>Microsoft-Windows-WindowsUpdateClient/Operational</Channel>\n<Computer>IACIS-HDD-2014</Computer>\n<Security UserID=\"S-1-5-18\"></Security>\n</System>\n<EventData><Data Name=\"updateGuid\">{9334b915-72b1-4f60-8885-4c327d7cc433}</Data>\n<Data Name=\"updateRevisionNumber\">201</Data>\n</EventData>\n</Event>\n"
  },
  {
    "EventID": 41,
    "Timestamp": "2014-01-25 01:41:00.512453+00:00",
    "Computer": "IACIS-HDD-2014",
    "Channel": "Microsoft-Windows-WindowsUpdateClient/Operational",
    "Level": "Information",
    "EventData": {
      "updateGuid": "{fda58512-32f3-4a5d-a5c4-05a193e037d4}",
      "updateRevisionNumber": "103"
    },
    "RawXml": "<Event xmlns=\"http://schemas.microsoft.com/win/2004/08/events/event\"><System><Provider Name=\"Microsoft-Windows-WindowsUpdateClient\" Guid=\"{945a8954-c147-4acd-923f-40c45405a658}\"></Provider>\n<EventID Qualifiers=\"\">41</EventID>\n<Version>0</Version>\n<Level>4</Level>\n<Task>1</Task>\n<Opcode>12</Opcode>\n<Keywords>0x4000000000000014</Keywords>\n<TimeCreated SystemTime=\"2014-01-25 01:41:00.512453+00:00\"></TimeCreated>\n<EventRecordID>213</EventRecordID>\n<Correlation ActivityID=\"\" RelatedActivityID=\"\"></Correlation>\n<Execution ProcessID=\"888\" ThreadID=\"1216\"></Execution>\n<Channel>Microsoft-Windows-WindowsUpdateClient/Operational</Channel>\n<Computer>IACIS-HDD-2014</Computer>\n<Security UserID=\"S-1-5-18\"></Security>\n</System>\n<EventData><Data Name=\"updateGuid\">{fda58512-32f3-4a5d-a5c4-05a193e037d4}</Data>\n<Data Name=\"updateRevisionNumber\">103</Data>\n</EventData>\n</Event>\n"
  },
  {
    "EventID": 41,
    "Timestamp": "2014-01-25 01:41:00.528051+00:00",
    "Computer": "IACIS-HDD-2014",
    "Channel": "Microsoft-Windows-WindowsUpdateClient/Operational",
    "Level": "Information",
    "EventData": {
      "updateGuid": "{6aa7561a-7ebf-4601-b040-d73804c38356}",
      "updateRevisionNumber": "101"
    },
    "RawXml": "<Event xmlns=\"http://schemas.microsoft.com/win/2004/08/events/event\"><System><Provider Name=\"Microsoft-Windows-WindowsUpdateClient\" Guid=\"{945a8954-c147-4acd-923f-40c45405a658}\"></Provider>\n<EventID Qualifiers=\"\">41</EventID>\n<Version>0</Version>\n<Level>4</Level>\n<Task>1</Task>\n<Opcode>12</Opcode>\n<Keywords>0x4000000000000014</Keywords>\n<TimeCreated SystemTime=\"2014-01-25 01:41:00.528051+00:00\"></TimeCreated>\n<EventRecordID>214</EventRecordID>\n<Correlation ActivityID=\"\" RelatedActivityID=\"\"></Correlation>\n<Execution ProcessID=\"888\" ThreadID=\"1216\"></Execution>\n<Channel>Microsoft-Windows-WindowsUpdateClient/Operational</Channel>\n<Computer>IACIS-HDD-2014</Computer>\n<Security UserID=\"S-1-5-18\"></Security>\n</System>\n<EventData><Data Name=\"updateGuid\">{6aa7561a-7ebf-4601-b040-d73804c38356}</Data>\n<Data Name=\"updateRevisionNumber\">101</Data>\n</EventData>\n</Event>\n"
  },
  {
    "EventID": 41,
    "Timestamp": "2014-01-25 01:41:00.528051+00:00",
    "Computer": "IACIS-HDD-2014",
    "Channel": "Microsoft-Windows-WindowsUpdateClient/Operational",
    "Level": "Information",
    "EventData": {
      "updateGuid": "{e923690f-b6cd-442d-8cba-ea162c00fb18}",
      "updateRevisionNumber": "202"
    },
    "RawXml": "<Event xmlns=\"http://schemas.microsoft.com/win/2004/08/events/event\"><System><Provider Name=\"Microsoft-Windows-WindowsUpdateClient\" Guid=\"{945a8954-c147-4acd-923f-40c45405a658}\"></Provider>\n<EventID Qualifiers=\"\">41</EventID>\n<Version>0</Version>\n<Level>4</Level>\n<Task>1</Task>\n<Opcode>12</Opcode>\n<Keywords>0x4000000000000014</Keywords>\n<TimeCreated SystemTime=\"2014-01-25 01:41:00.528051+00:00\"></TimeCreated>\n<EventRecordID>215</EventRecordID>\n<Correlation ActivityID=\"\" RelatedActivityID=\"\"></Correlation>\n<Execution ProcessID=\"888\" ThreadID=\"1216\"></Execution>\n<Channel>Microsoft-Windows-WindowsUpdateClient/Operational</Channel>\n<Computer>IACIS-HDD-2014</Computer>\n<Security UserID=\"S-1-5-18\"></Security>\n</System>\n<EventData><Data Name=\"updateGuid\">{e923690f-b6cd-442d-8cba-ea162c00fb18}</Data>\n<Data Name=\"updateRevisionNumber\">202</Data>\n</EventData>\n</Event>\n"
  },
  {
    "EventID": 41,
    "Timestamp": "2014-01-25 01:41:00.528051+00:00",
    "Computer": "IACIS-HDD-2014",
    "Channel": "Microsoft-Windows-WindowsUpdateClient/Operational",
    "Level": "Information",
    "EventData": {
      "updateGuid": "{22091e0f-3395-4cf9-9f3d-4ac28bd868ad}",
      "updateRevisionNumber": "201"
    },
    "RawXml": "<Event xmlns=\"http://schemas.microsoft.com/win/2004/08/events/event\"><System><Provider Name=\"Microsoft-Windows-WindowsUpdateClient\" Guid=\"{945a8954-c147-4acd-923f-40c45405a658}\"></Provider>\n<EventID Qualifiers=\"\">41</EventID>\n<Version>0</Version>\n<Level>4</Level>\n<Task>1</Task>\n<Opcode>12</Opcode>\n<Keywords>0x4000000000000014</Keywords>\n<TimeCreated SystemTime=\"2014-01-25 01:41:00.528051+00:00\"></TimeCreated>\n<EventRecordID>216</EventRecordID>\n<Correlation ActivityID=\"\" RelatedActivityID=\"\"></Correlation>\n<Execution ProcessID=\"888\" ThreadID=\"1216\"></Execution>\n<Channel>Microsoft-Windows-WindowsUpdateClient/Operational</Channel>\n<Computer>IACIS-HDD-2014</Computer>\n<Security UserID=\"S-1-5-18\"></Security>\n</System>\n<EventData><Data Name=\"updateGuid\">{22091e0f-3395-4cf9-9f3d-4ac28bd868ad}</Data>\n<Data Name=\"updateRevisionNumber\">201</Data>\n</EventData>\n</Event>\n"
  },
  {
    "EventID": 41,
    "Timestamp": "2014-01-25 01:41:00.528051+00:00",
    "Computer": "IACIS-HDD-2014",
    "Channel": "Microsoft-Windows-WindowsUpdateClient/Operational",
    "Level": "Information",
    "EventData": {
      "updateGuid": "{b89ec71a-1103-4ea7-b123-1c4d2e23f97a}",
      "updateRevisionNumber": "101"
    },
    "RawXml": "<Event xmlns=\"http://schemas.microsoft.com/win/2004/08/events/event\"><System><Provider Name=\"Microsoft-Windows-WindowsUpdateClient\" Guid=\"{945a8954-c147-4acd-923f-40c45405a658}\"></Provider>\n<EventID Qualifiers=\"\">41</EventID>\n<Version>0</Version>\n<Level>4</Level>\n<Task>1</Task>\n<Opcode>12</Opcode>\n<Keywords>0x4000000000000014</Keywords>\n<TimeCreated SystemTime=\"2014-01-25 01:41:00.528051+00:00\"></TimeCreated>\n<EventRecordID>217</EventRecordID>\n<Correlation ActivityID=\"\" RelatedActivityID=\"\"></Correlation>\n<Execution ProcessID=\"888\" ThreadID=\"1216\"></Execution>\n<Channel>Microsoft-Windows-WindowsUpdateClient/Operational</Channel>\n<Computer>IACIS-HDD-2014</Computer>\n<Security UserID=\"S-1-5-18\"></Security>\n</System>\n<EventData><Data Name=\"updateGuid\">{b89ec71a-1103-4ea7-b123-1c4d2e23f97a}</Data>\n<Data Name=\"updateRevisionNumber\">101</Data>\n</EventData>\n</Event>\n"
  },
  {
    "EventID": 41,
    "Timestamp": "2014-01-25 01:41:00.528051+00:00",
    "Computer": "IACIS-HDD-2014",
    "Channel": "Microsoft-Windows-WindowsUpdateClient/Operational",
    "Level": "Information",
    "EventData": {
      "updateGuid": "{965f4712-fc2f-4af6-a80a-909211e12b74}",
      "updateRevisionNumber": "101"
    },
    "RawXml": "<Event xmlns=\"http://schemas.microsoft.com/win/2004/08/events/event\"><System><Provider Name=\"Microsoft-Windows-WindowsUpdateClient\" Guid=\"{945a8954-c147-4acd-923f-40c45405a658}\"></Provider>\n<EventID Qualifiers=\"\">41</EventID>\n<Version>0</Version>\n<Level>4</Level>\n<Task>1</Task>\n<Opcode>12</Opcode>\n<Keywords>0x4000000000000014</Keywords>\n<TimeCreated SystemTime=\"2014-01-25 01:41:00.528051+00:00\"></TimeCreated>\n<EventRecordID>218</EventRecordID>\n<Correlation ActivityID=\"\" RelatedActivityID=\"\"></Correlation>\n<Execution ProcessID=\"888\" ThreadID=\"1216\"></Execution>\n<Channel>Microsoft-Windows-WindowsUpdateClient/Operational</Channel>\n<Computer>IACIS-HDD-2014</Computer>\n<Security UserID=\"S-1-5-18\"></Security>\n</System>\n<EventData><Data Name=\"updateGuid\">{965f4712-fc2f-4af6-a80a-909211e12b74}</Data>\n<Data Name=\"updateRevisionNumber\">101</Data>\n</EventData>\n</Event>\n"
  },
  {
    "EventID": 41,
    "Timestamp": "2014-01-25 01:41:00.528051+00:00",
    "Computer": "IACIS-HDD-2014",
    "Channel": "Microsoft-Windows-WindowsUpdateClient/Operational",
    "Level": "Information",
    "EventData": {
      "updateGuid": "{6cfb7d17-f556-423a-b052-0a1f0463572e}",
      "updateRevisionNumber": "201"
    },
    "RawXml": "<Event xmlns=\"http://schemas.microsoft.com/win/2004/08/events/event\"><System><Provider Name=\"Microsoft-Windows-WindowsUpdateClient\" Guid=\"{945a8954-c147-4acd-923f-40c45405a658}\"></Provider>\n<EventID Qualifiers=\"\">41</EventID>\n<Version>0</Version>\n<Level>4</Level>\n<Task>1</Task>\n<Opcode>12</Opcode>\n<Keywords>0x4000000000000014</Keywords>\n<TimeCreated SystemTime=\"2014-01-25 01:41:00.528051+00:00\"></TimeCreated>\n<EventRecordID>219</EventRecordID>\n<Correlation ActivityID=\"\" RelatedActivityID=\"\"></Correlation>\n<Execution ProcessID=\"888\" ThreadID=\"1216\"></Execution>\n<Channel>Microsoft-Windows-WindowsUpdateClient/Operational</Channel>\n<Computer>IACIS-HDD-2014</Computer>\n<Security UserID=\"S-1-5-18\"></Security>\n</System>\n<EventData><Data Name=\"updateGuid\">{6cfb7d17-f556-423a-b052-0a1f0463572e}</Data>\n<Data Name=\"updateRevisionNumber\">201</Data>\n</EventData>\n</Event>\n"
  },
  {
    "EventID": 41,
    "Timestamp": "2014-01-25 01:41:00.528051+00:00",
    "Computer": "IACIS-HDD-2014",
    "Channel": "Microsoft-Windows-WindowsUpdateClient/Operational",
    "Level": "Information",
    "EventData": {
      "updateGuid": "{a1893712-c814-4ac9-aeb3-4292a63ef2b8}",
      "updateRevisionNumber": "102"
    },
    "RawXml": "<Event xmlns=\"http://schemas.microsoft.com/win/2004/08/events/event\"><System><Provider Name=\"Microsoft-Windows-WindowsUpdateClient\" Guid=\"{945a8954-c147-4acd-923f-40c45405a658}\"></Provider>\n<EventID Qualifiers=\"\">41</EventID>\n<Version>0</Version>\n<Level>4</Level>\n<Task>1</Task>\n<Opcode>12</Opcode>\n<Keywords>0x4000000000000014</Keywords>\n<TimeCreated SystemTime=\"2014-01-25 01:41:00.528051+00:00\"></TimeCreated>\n<EventRecordID>220</EventRecordID>\n<Correlation ActivityID=\"\" RelatedActivityID=\"\"></Correlation>\n<Execution ProcessID=\"888\" ThreadID=\"1216\"></Execution>\n<Channel>Microsoft-Windows-WindowsUpdateClient/Operational</Channel>\n<Computer>IACIS-HDD-2014</Computer>\n<Security UserID=\"S-1-5-18\"></Security>\n</System>\n<EventData><Data Name=\"updateGuid\">{a1893712-c814-4ac9-aeb3-4292a63ef2b8}</Data>\n<Data Name=\"updateRevisionNumber\">102</Data>\n</EventData>\n</Event>\n"
  },
  {
    "EventID": 41,
    "Timestamp": "2014-01-25 01:41:00.528051+00:00",
    "Computer": "IACIS-HDD-2014",
    "Channel": "Microsoft-Windows-WindowsUpdateClient/Operational",
    "Level": "Information",
    "EventData": {
      "updateGuid": "{505fda07-b4f3-45fb-83d9-8642554e2773}",
      "updateRevisionNumber": "200"
    },
    "RawXml": "<Event xmlns=\"http://schemas.microsoft.com/win/2004/08/events/event\"><System><Provider Name=\"Microsoft-Windows-WindowsUpdateClient\" Guid=\"{945a8954-c147-4acd-923f-40c45405a658}\"></Provider>\n<EventID Qualifiers=\"\">41</EventID>\n<Version>0</Version>\n<Level>4</Level>\n<Task>1</Task>\n<Opcode>12</Opcode>\n<Keywords>0x4000000000000014</Keywords>\n<TimeCreated SystemTime=\"2014-01-25 01:41:00.528051+00:00\"></TimeCreated>\n<EventRecordID>221</EventRecordID>\n<Correlation ActivityID=\"\" RelatedActivityID=\"\"></Correlation>\n<Execution ProcessID=\"888\" ThreadID=\"1216\"></Execution>\n<Channel>Microsoft-Windows-WindowsUpdateClient/Operational</Channel>\n<Computer>IACIS-HDD-2014</Computer>\n<Security UserID=\"S-1-5-18\"></Security>\n</System>\n<EventData><Data Name=\"updateGuid\">{505fda07-b4f3-45fb-83d9-8642554e2773}</Data>\n<Data Name=\"updateRevisionNumber\">200</Data>\n</EventData>\n</Event>\n"
  },
  {
    "EventID": 41,
    "Timestamp": "2014-01-25 01:41:03.164457+00:00",
    "Computer": "IACIS-HDD-2014",
    "Channel": "Microsoft-Windows-WindowsUpdateClient/Operational",
    "Level": "Information",
    "EventData": {
      "updateGuid": "{53f2cc17-4951-4d4c-920f-4e44445f1ee2}",
      "updateRevisionNumber": "201"
    },
    "RawXml": "<Event xmlns=\"http://schemas.microsoft.com/win/2004/08/events/event\"><System><Provider Name=\"Microsoft-Windows-WindowsUpdateClient\" Guid=\"{945a8954-c147-4acd-923f-40c45405a658}\"></Provider>\n<EventID Qualifiers=\"\">41</EventID>\n<Version>0</Version>\n<Level>4</Level>\n<Task>1</Task>\n<Opcode>12</Opcode>\n<Keywords>0x4000000000000014</Keywords>\n<TimeCreated SystemTime=\"2014-01-25 01:41:03.164457+00:00\"></TimeCreated>\n<EventRecordID>222</EventRecordID>\n<Correlation ActivityID=\"\" RelatedActivityID=\"\"></Correlation>\n<Execution ProcessID=\"888\" ThreadID=\"1216\"></Execution>\n<Channel>Microsoft-Windows-WindowsUpdateClient/Operational</Channel>\n<Computer>IACIS-HDD-2014</Computer>\n<Security UserID=\"S-1-5-18\"></Security>\n</System>\n<EventData><Data Name=\"updateGuid\">{53f2cc17-4951-4d4c-920f-4e44445f1ee2}</Data>\n<Data Name=\"updateRevisionNumber\">201</Data>\n</EventData>\n</Event>\n"
  },
  {
    "EventID": 41,
    "Timestamp": "2014-01-25 01:41:30.620504+00:00",
    "Computer": "IACIS-HDD-2014",
    "Channel": "Microsoft-Windows-WindowsUpdateClient/Operational",
    "Level": "Information",
    "EventData": {
      "updateGuid": "{d5fd720e-0f2c-4363-aa87-6ad4a6d11b0e}",
      "updateRevisionNumber": "106"
    },
    "RawXml": "<Event xmlns=\"http://schemas.microsoft.com/win/2004/08/events/event\"><System><Provider Name=\"Microsoft-Windows-WindowsUpdateClient\" Guid=\"{945a8954-c147-4acd-923f-40c45405a658}\"></Provider>\n<EventID Qualifiers=\"\">41</EventID>\n<Version>0</Version>\n<Level>4</Level>\n<Task>1</Task>\n<Opcode>12</Opcode>\n<Keywords>0x4000000000000014</Keywords>\n<TimeCreated SystemTime=\"2014-01-25 01:41:30.620504+00:00\"></TimeCreated>\n<EventRecordID>223</EventRecordID>\n<Correlation ActivityID=\"\" RelatedActivityID=\"\"></Correlation>\n<Execution ProcessID=\"888\" ThreadID=\"1216\"></Execution>\n<Channel>Microsoft-Windows-WindowsUpdateClient/Operational</Channel>\n<Computer>IACIS-HDD-2014</Computer>\n<Security UserID=\"S-1-5-18\"></Security>\n</System>\n<EventData><Data Name=\"updateGuid\">{d5fd720e-0f2c-4363-aa87-6ad4a6d11b0e}</Data>\n<Data Name=\"updateRevisionNumber\">106</Data>\n</EventData>\n</Event>\n"
  },
  {
    "EventID": 41,
    "Timestamp": "2014-01-25 01:42:15.704584+00:00",
    "Computer": "IACIS-HDD-2014",
    "Channel": "Microsoft-Windows-WindowsUpdateClient/Operational",
    "Level": "Information",
    "EventData": {
      "updateGuid": "{aef6280f-8c4d-4804-9913-407582227e75}",
      "updateRevisionNumber": "202"
    },
    "RawXml": "<Event xmlns=\"http://schemas.microsoft.com/win/2004/08/events/event\"><System><Provider Name=\"Microsoft-Windows-WindowsUpdateClient\" Guid=\"{945a8954-c147-4acd-923f-40c45405a658}\"></Provider>\n<EventID Qualifiers=\"\">41</EventID>\n<Version>0</Version>\n<Level>4</Level>\n<Task>1</Task>\n<Opcode>12</Opcode>\n<Keywords>0x4000000000000014</Keywords>\n<TimeCreated SystemTime=\"2014-01-25 01:42:15.704584+00:00\"></TimeCreated>\n<EventRecordID>224</EventRecordID>\n<Correlation ActivityID=\"\" RelatedActivityID=\"\"></Correlation>\n<Execution ProcessID=\"888\" ThreadID=\"1216\"></Execution>\n<Channel>Microsoft-Windows-WindowsUpdateClient/Operational</Channel>\n<Computer>IACIS-HDD-2014</Computer>\n<Security UserID=\"S-1-5-18\"></Security>\n</System>\n<EventData><Data Name=\"updateGuid\">{aef6280f-8c4d-4804-9913-407582227e75}</Data>\n<Data Name=\"updateRevisionNumber\">202</Data>\n</EventData>\n</Event>\n"
  },
  {
    "EventID": 41,
    "Timestamp": "2014-01-25 01:42:22.022594+00:00",
    "Computer": "IACIS-HDD-2014",
    "Channel": "Microsoft-Windows-WindowsUpdateClient/Operational",
    "Level": "Information",
    "EventData": {
      "updateGuid": "{9db82d0b-5611-4bc1-a4b8-432fe1a3cc43}",
      "updateRevisionNumber": "201"
    },
    "RawXml": "<Event xmlns=\"http://schemas.microsoft.com/win/2004/08/events/event\"><System><Provider Name=\"Microsoft-Windows-WindowsUpdateClient\" Guid=\"{945a8954-c147-4acd-923f-40c45405a658}\"></Provider>\n<EventID Qualifiers=\"\">41</EventID>\n<Version>0</Version>\n<Level>4</Level>\n<Task>1</Task>\n<Opcode>12</Opcode>\n<Keywords>0x4000000000000014</Keywords>\n<TimeCreated SystemTime=\"2014-01-25 01:42:22.022594+00:00\"></TimeCreated>\n<EventRecordID>225</EventRecordID>\n<Correlation ActivityID=\"\" RelatedActivityID=\"\"></Correlation>\n<Execution ProcessID=\"888\" ThreadID=\"1216\"></Execution>\n<Channel>Microsoft-Windows-WindowsUpdateClient/Operational</Channel>\n<Computer>IACIS-HDD-2014</Computer>\n<Security UserID=\"S-1-5-18\"></Security>\n</System>\n<EventData><Data Name=\"updateGuid\">{9db82d0b-5611-4bc1-a4b8-432fe1a3cc43}</Data>\n<Data Name=\"updateRevisionNumber\">201</Data>\n</EventData>\n</Event>\n"
  },
  {
    "EventID": 41,
    "Timestamp": "2014-01-25 01:43:46.980343+00:00",
    "Computer": "IACIS-HDD-2014",
    "Channel": "Microsoft-Windows-WindowsUpdateClient/Operational",
    "Level": "Information",
    "EventData": {
      "updateGuid": "{7de89a75-3e73-4122-a374-e95c8085f352}",
      "updateRevisionNumber": "100"
    },
    "RawXml": "<Event xmlns=\"http://schemas.microsoft.com/win/2004/08/events/event\"><System><Provider Name=\"Microsoft-Windows-WindowsUpdateClient\" Guid=\"{945a8954-c147-4acd-923f-40c45405a658}\"></Provider>\n<EventID Qualifiers=\"\">41</EventID>\n<Version>0</Version>\n<Level>4</Level>\n<Task>1</Task>\n<Opcode>12</Opcode>\n<Keywords>0x4000000000000014</Keywords>\n<TimeCreated SystemTime=\"2014-01-25 01:43:46.980343+00:00\"></TimeCreated>\n<EventRecordID>226</EventRecordID>\n<Correlation ActivityID=\"\" RelatedActivityID=\"\"></Correlation>\n<Execution ProcessID=\"888\" ThreadID=\"1216\"></Execution>\n<Channel>Microsoft-Windows-WindowsUpdateClient/Operational</Channel>\n<Computer>IACIS-HDD-2014</Computer>\n<Security UserID=\"S-1-5-18\"></Security>\n</System>\n<EventData><Data Name=\"updateGuid\">{7de89a75-3e73-4122-a374-e95c8085f352}</Data>\n<Data Name=\"updateRevisionNumber\">100</Data>\n</EventData>\n</Event>\n"
  },
  {
    "EventID": 41,
    "Timestamp": "2014-01-25 01:48:21.712427+00:00",
    "Computer": "IACIS-HDD-2014",
    "Channel": "Microsoft-Windows-WindowsUpdateClient/Operational",
    "Level": "Information",
    "EventData": {
      "updateGuid": "{425542e2-e1ae-458e-ab32-c2cf98038ab3}",
      "updateRevisionNumber": "102"
    },
    "RawXml": "<Event xmlns=\"http://schemas.microsoft.com/win/2004/08/events/event\"><System><Provider Name=\"Microsoft-Windows-WindowsUpdateClient\" Guid=\"{945a8954-c147-4acd-923f-40c45405a658}\"></Provider>\n<EventID Qualifiers=\"\">41</EventID>\n<Version>0</Version>\n<Level>4</Level>\n<Task>1</Task>\n<Opcode>12</Opcode>\n<Keywords>0x4000000000000014</Keywords>\n<TimeCreated SystemTime=\"2014-01-25 01:48:21.712427+00:00\"></TimeCreated>\n<EventRecordID>227</EventRecordID>\n<Correlation ActivityID=\"\" RelatedActivityID=\"\"></Correlation>\n<Execution ProcessID=\"888\" ThreadID=\"1216\"></Execution>\n<Channel>Microsoft-Windows-WindowsUpdateClient/Operational</Channel>\n<Computer>IACIS-HDD-2014</Computer>\n<Security UserID=\"S-1-5-18\"></Security>\n</System>\n<EventData><Data Name=\"updateGuid\">{425542e2-e1ae-458e-ab32-c2cf98038ab3}</Data>\n<Data Name=\"updateRevisionNumber\">102</Data>\n</EventData>\n</Event>\n"
  },
  {
    "EventID": 41,
    "Timestamp": "2014-01-25 01:49:56.217394+00:00",
    "Computer": "IACIS-HDD-2014",
    "Channel": "Microsoft-Windows-WindowsUpdateClient/Operational",
    "Level": "Information",
    "EventData": {
      "updateGuid": "{871343aa-4c79-4f01-95e6-a4b9eddcfd7f}",
      "updateRevisionNumber": "201"
    },
    "RawXml": "<Event xmlns=\"http://schemas.microsoft.com/win/2004/08/events/event\"><System><Provider Name=\"Microsoft-Windows-WindowsUpdateClient\" Guid=\"{945a8954-c147-4acd-923f-40c45405a658}\"></Provider>\n<EventID Qualifiers=\"\">41</EventID>\n<Version>0</Version>\n<Level>4</Level>\n<Task>1</Task>\n<Opcode>12</Opcode>\n<Keywords>0x4000000000000014</Keywords>\n<TimeCreated SystemTime=\"2014-01-25 01:49:56.217394+00:00\"></TimeCreated>\n<EventRecordID>228</EventRecordID>\n<Correlation ActivityID=\"\" RelatedActivityID=\"\"></Correlation>\n<Execution ProcessID=\"888\" ThreadID=\"1216\"></Execution>\n<Channel>Microsoft-Windows-WindowsUpdateClient/Operational</Channel>\n<Computer>IACIS-HDD-2014</Computer>\n<Security UserID=\"S-1-5-18\"></Security>\n</System>\n<EventData><Data Name=\"updateGuid\">{871343aa-4c79-4f01-95e6-a4b9eddcfd7f}</Data>\n<Data Name=\"updateRevisionNumber\">201</Data>\n</EventData>\n</Event>\n"
  },
  {
    "EventID": 41,
    "Timestamp": "2014-01-25 01:50:17.308630+00:00",
    "Computer": "IACIS-HDD-2014",
    "Channel": "Microsoft-Windows-WindowsUpdateClient/Operational",
    "Level": "Information",
    "EventData": {
      "updateGuid": "{68df214e-89e6-4aa4-8087-3e4fc20f1e36}",
      "updateRevisionNumber": "200"
    },
    "RawXml": "<Event xmlns=\"http://schemas.microsoft.com/win/2004/08/events/event\"><System><Provider Name=\"Microsoft-Windows-WindowsUpdateClient\" Guid=\"{945a8954-c147-4acd-923f-40c45405a658}\"></Provider>\n<EventID Qualifiers=\"\">41</EventID>\n<Version>0</Version>\n<Level>4</Level>\n<Task>1</Task>\n<Opcode>12</Opcode>\n<Keywords>0x4000000000000014</Keywords>\n<TimeCreated SystemTime=\"2014-01-25 01:50:17.308630+00:00\"></TimeCreated>\n<EventRecordID>229</EventRecordID>\n<Correlation ActivityID=\"\" RelatedActivityID=\"\"></Correlation>\n<Execution ProcessID=\"888\" ThreadID=\"1216\"></Execution>\n<Channel>Microsoft-Windows-WindowsUpdateClient/Operational</Channel>\n<Computer>IACIS-HDD-2014</Computer>\n<Security UserID=\"S-1-5-18\"></Security>\n</System>\n<EventData><Data Name=\"updateGuid\">{68df214e-89e6-4aa4-8087-3e4fc20f1e36}</Data>\n<Data Name=\"updateRevisionNumber\">200</Data>\n</EventData>\n</Event>\n"
  },
  {
    "EventID": 41,
    "Timestamp": "2014-01-25 01:50:17.308630+00:00",
    "Computer": "IACIS-HDD-2014",
    "Channel": "Microsoft-Windows-WindowsUpdateClient/Operational",
    "Level": "Information",
    "EventData": {
      "updateGuid": "{c6ca5181-dda8-4506-8de2-40957f118c8c}",
      "updateRevisionNumber": "101"
    },
    "RawXml": "<Event xmlns=\"http://schemas.microsoft.com/win/2004/08/events/event\"><System><Provider Name=\"Microsoft-Windows-WindowsUpdateClient\" Guid=\"{945a8954-c147-4acd-923f-40c45405a658}\"></Provider>\n<EventID Qualifiers=\"\">41</EventID>\n<Version>0</Version>\n<Level>4</Level>\n<Task>1</Task>\n<Opcode>12</Opcode>\n<Keywords>0x4000000000000014</Keywords>\n<TimeCreated SystemTime=\"2014-01-25 01:50:17.308630+00:00\"></TimeCreated>\n<EventRecordID>230</EventRecordID>\n<Correlation ActivityID=\"\" RelatedActivityID=\"\"></Correlation>\n<Execution ProcessID=\"888\" ThreadID=\"1216\"></Execution>\n<Channel>Microsoft-Windows-WindowsUpdateClient/Operational</Channel>\n<Computer>IACIS-HDD-2014</Computer>\n<Security UserID=\"S-1-5-18\"></Security>\n</System>\n<EventData><Data Name=\"updateGuid\">{c6ca5181-dda8-4506-8de2-40957f118c8c}</Data>\n<Data Name=\"updateRevisionNumber\">101</Data>\n</EventData>\n</Event>\n"
  },
  {
    "EventID": 41,
    "Timestamp": "2014-01-25 01:50:19.867035+00:00",
    "Computer": "IACIS-HDD-2014",
    "Channel": "Microsoft-Windows-WindowsUpdateClient/Operational",
    "Level": "Information",
    "EventData": {
      "updateGuid": "{62c68477-0f45-46aa-8af8-d0c189d6dd8e}",
      "updateRevisionNumber": "102"
    },
    "RawXml": "<Event xmlns=\"http://schemas.microsoft.com/win/2004/08/events/event\"><System><Provider Name=\"Microsoft-Windows-WindowsUpdateClient\" Guid=\"{945a8954-c147-4acd-923f-40c45405a658}\"></Provider>\n<EventID Qualifiers=\"\">41</EventID>\n<Version>0</Version>\n<Level>4</Level>\n<Task>1</Task>\n<Opcode>12</Opcode>\n<Keywords>0x4000000000000014</Keywords>\n<TimeCreated SystemTime=\"2014-01-25 01:50:19.867035+00:00\"></TimeCreated>\n<EventRecordID>231</EventRecordID>\n<Correlation ActivityID=\"\" RelatedActivityID=\"\"></Correlation>\n<Execution ProcessID=\"888\" ThreadID=\"1216\"></Execution>\n<Channel>Microsoft-Windows-WindowsUpdateClient/Operational</Channel>\n<Computer>IACIS-HDD-2014</Computer>\n<Security UserID=\"S-1-5-18\"></Security>\n</System>\n<EventData><Data Name=\"updateGuid\">{62c68477-0f45-46aa-8af8-d0c189d6dd8e}</Data>\n<Data Name=\"updateRevisionNumber\">102</Data>\n</EventData>\n</Event>\n"
  },
  {
    "EventID": 41,
    "Timestamp": "2014-01-25 01:50:19.867035+00:00",
    "Computer": "IACIS-HDD-2014",
    "Channel": "Microsoft-Windows-WindowsUpdateClient/Operational",
    "Level": "Information",
    "EventData": {
      "updateGuid": "{07b23623-9428-438e-8867-7348bbb95aaf}",
      "updateRevisionNumber": "202"
    },
    "RawXml": "<Event xmlns=\"http://schemas.microsoft.com/win/2004/08/events/event\"><System><Provider Name=\"Microsoft-Windows-WindowsUpdateClient\" Guid=\"{945a8954-c147-4acd-923f-40c45405a658}\"></Provider>\n<EventID Qualifiers=\"\">41</EventID>\n<Version>0</Version>\n<Level>4</Level>\n<Task>1</Task>\n<Opcode>12</Opcode>\n<Keywords>0x4000000000000014</Keywords>\n<TimeCreated SystemTime=\"2014-01-25 01:50:19.867035+00:00\"></TimeCreated>\n<EventRecordID>232</EventRecordID>\n<Correlation ActivityID=\"\" RelatedActivityID=\"\"></Correlation>\n<Execution ProcessID=\"888\" ThreadID=\"1216\"></Execution>\n<Channel>Microsoft-Windows-WindowsUpdateClient/Operational</Channel>\n<Computer>IACIS-HDD-2014</Computer>\n<Security UserID=\"S-1-5-18\"></Security>\n</System>\n<EventData><Data Name=\"updateGuid\">{07b23623-9428-438e-8867-7348bbb95aaf}</Data>\n<Data Name=\"updateRevisionNumber\">202</Data>\n</EventData>\n</Event>\n"
  },
  {
    "EventID": 41,
    "Timestamp": "2014-01-25 01:50:19.867035+00:00",
    "Computer": "IACIS-HDD-2014",
    "Channel": "Microsoft-Windows-WindowsUpdateClient/Operational",
    "Level": "Information",
    "EventData": {
      "updateGuid": "{023bb023-490f-4df3-bcaa-9521ee8b5847}",
      "updateRevisionNumber": "201"
    },
    "RawXml": "<Event xmlns=\"http://schemas.microsoft.com/win/2004/08/events/event\"><System><Provider Name=\"Microsoft-Windows-WindowsUpdateClient\" Guid=\"{945a8954-c147-4acd-923f-40c45405a658}\"></Provider>\n<EventID Qualifiers=\"\">41</EventID>\n<Version>0</Version>\n<Level>4</Level>\n<Task>1</Task>\n<Opcode>12</Opcode>\n<Keywords>0x4000000000000014</Keywords>\n<TimeCreated SystemTime=\"2014-01-25 01:50:19.867035+00:00\"></TimeCreated>\n<EventRecordID>233</EventRecordID>\n<Correlation ActivityID=\"\" RelatedActivityID=\"\"></Correlation>\n<Execution ProcessID=\"888\" ThreadID=\"1216\"></Execution>\n<Channel>Microsoft-Windows-WindowsUpdateClient/Operational</Channel>\n<Computer>IACIS-HDD-2014</Computer>\n<Security UserID=\"S-1-5-18\"></Security>\n</System>\n<EventData><Data Name=\"updateGuid\">{023bb023-490f-4df3-bcaa-9521ee8b5847}</Data>\n<Data Name=\"updateRevisionNumber\">201</Data>\n</EventData>\n</Event>\n"
  },
  {
    "EventID": 41,
    "Timestamp": "2014-01-25 01:50:27.417448+00:00",
    "Computer": "IACIS-HDD-2014",
    "Channel": "Microsoft-Windows-WindowsUpdateClient/Operational",
    "Level": "Information",
    "EventData": {
      "updateGuid": "{4ae85c00-0eaa-4be0-b81b-dbd7053d5fae}",
      "updateRevisionNumber": "104"
    },
    "RawXml": "<Event xmlns=\"http://schemas.microsoft.com/win/2004/08/events/event\"><System><Provider Name=\"Microsoft-Windows-WindowsUpdateClient\" Guid=\"{945a8954-c147-4acd-923f-40c45405a658}\"></Provider>\n<EventID Qualifiers=\"\">41</EventID>\n<Version>0</Version>\n<Level>4</Level>\n<Task>1</Task>\n<Opcode>12</Opcode>\n<Keywords>0x4000000000000014</Keywords>\n<TimeCreated SystemTime=\"2014-01-25 01:50:27.417448+00:00\"></TimeCreated>\n<EventRecordID>234</EventRecordID>\n<Correlation ActivityID=\"\" RelatedActivityID=\"\"></Correlation>\n<Execution ProcessID=\"888\" ThreadID=\"1216\"></Execution>\n<Channel>Microsoft-Windows-WindowsUpdateClient/Operational</Channel>\n<Computer>IACIS-HDD-2014</Computer>\n<Security UserID=\"S-1-5-18\"></Security>\n</System>\n<EventData><Data Name=\"updateGuid\">{4ae85c00-0eaa-4be0-b81b-dbd7053d5fae}</Data>\n<Data Name=\"updateRevisionNumber\">104</Data>\n</EventData>\n</Event>\n"
  },
  {
    "EventID": 41,
    "Timestamp": "2014-01-25 01:50:31.177053+00:00",
    "Computer": "IACIS-HDD-2014",
    "Channel": "Microsoft-Windows-WindowsUpdateClient/Operational",
    "Level": "Information",
    "EventData": {
      "updateGuid": "{5f84379f-7c14-472f-b560-62a0cdec6f31}",
      "updateRevisionNumber": "204"
    },
    "RawXml": "<Event xmlns=\"http://schemas.microsoft.com/win/2004/08/events/event\"><System><Provider Name=\"Microsoft-Windows-WindowsUpdateClient\" Guid=\"{945a8954-c147-4acd-923f-40c45405a658}\"></Provider>\n<EventID Qualifiers=\"\">41</EventID>\n<Version>0</Version>\n<Level>4</Level>\n<Task>1</Task>\n<Opcode>12</Opcode>\n<Keywords>0x4000000000000014</Keywords>\n<TimeCreated SystemTime=\"2014-01-25 01:50:31.177053+00:00\"></TimeCreated>\n<EventRecordID>235</EventRecordID>\n<Correlation ActivityID=\"\" RelatedActivityID=\"\"></Correlation>\n<Execution ProcessID=\"888\" ThreadID=\"1216\"></Execution>\n<Channel>Microsoft-Windows-WindowsUpdateClient/Operational</Channel>\n<Computer>IACIS-HDD-2014</Computer>\n<Security UserID=\"S-1-5-18\"></Security>\n</System>\n<EventData><Data Name=\"updateGuid\">{5f84379f-7c14-472f-b560-62a0cdec6f31}</Data>\n<Data Name=\"updateRevisionNumber\">204</Data>\n</EventData>\n</Event>\n"
  },
