  {
    "EventID": 41,
    "Timestamp": "2014-01-25 01:51:49.567192+00:00",
    "Computer": "IACIS-HDD-2014",
    "Channel": "Microsoft-Windows-WindowsUpdateClient/Operational",
    "Level": "Information",
    "EventData": {
      "updateGuid": "{7b3369e2-5608-495b-af58-a9f66c0676d2}",
      "updateRevisionNumber": "205"
    },
    "RawXml": "<Event xmlns=\"http://schemas.microsoft.com/win/2004/08/events/event\"><System><Provider Name=\"Microsoft-Windows-WindowsUpdateClient\" Guid=\"{945a8954-c147-4acd-923f-40c45405a658}\"></Provider>\n<EventID Qualifiers=\"\">41</EventID>\n<Version>0</Version>\n<Level>4</Level>\n<Task>1</Task>\n<Opcode>12</Opcode>\n<Keywords>0x4000000000000014</Keywords>\n<TimeCreated SystemTime=\"2014-01-25 01:51:49.567192+00:00\"></TimeCreated>\n<EventRecordID>275</EventRecordID>\n<Correlation ActivityID=\"\" RelatedActivityID=\"\"></Correlation>\n<Execution ProcessID=\"888\" ThreadID=\"1216\"></Execution>\n<Channel>Microsoft-Windows-WindowsUpdateClient/Operational</Channel>\n<Computer>IACIS-HDD-2014</Computer>\n<Security UserID=\"S-1-5-18\"></Security>\n</System>\n<EventData><Data Name=\"updateGuid\">{7b3369e2-5608-495b-af58-a9f66c0676d2}</Data>\n<Data Name=\"updateRevisionNumber\">205</Data>\n</EventData>\n</Event>\n"
  },
  {
    "EventID": 41,
    "Timestamp": "2014-01-25 01:51:54.574800+00:00",
    "Computer": "IACIS-HDD-2014",
    "Channel": "Microsoft-Windows-WindowsUpdateClient/Operational",
    "Level": "Information",
    "EventData": {
      "updateGuid": "{0eebe242-f0ad-4a1a-8796-4bfb54642198}",
      "updateRevisionNumber": "202"
    },
    "RawXml": "<Event xmlns=\"http://schemas.microsoft.com/win/2004/08/events/event\"><System><Provider Name=\"Microsoft-Windows-WindowsUpdateClient\" Guid=\"{945a8954-c147-4acd-923f-40c45405a658}\"></Provider>\n<EventID Qualifiers=\"\">41</EventID>\n<Version>0</Version>\n<Level>4</Level>\n<Task>1</Task>\n<Opcode>12</Opcode>\n<Keywords>0x4000000000000014</Keywords>\n<TimeCreated SystemTime=\"2014-01-25 01:51:54.574800+00:00\"></TimeCreated>\n<EventRecordID>276</EventRecordID>\n<Correlation ActivityID=\"\" RelatedActivityID=\"\"></Correlation>\n<Execution ProcessID=\"888\" ThreadID=\"1216\"></Execution>\n<Channel>Microsoft-Windows-WindowsUpdateClient/Operational</Channel>\n<Computer>IACIS-HDD-2014</Computer>\n<Security UserID=\"S-1-5-18\"></Security>\n</System>\n<EventData><Data Name=\"updateGuid\">{0eebe242-f0ad-4a1a-8796-4bfb54642198}</Data>\n<Data Name=\"updateRevisionNumber\">202</Data>\n</EventData>\n</Event>\n"
  },
  {
    "EventID": 41,
    "Timestamp": "2014-01-25 01:52:03.888018+00:00",
    "Computer": "IACIS-HDD-2014",
    "Channel": "Microsoft-Windows-WindowsUpdateClient/Operational",
    "Level": "Information",
    "EventData": {
      "updateGuid": "{78f92451-801a-40f5-9582-cb8d1ca993be}",
      "updateRevisionNumber": "202"
    },
    "RawXml": "<Event xmlns=\"http://schemas.microsoft.com/win/2004/08/events/event\"><System><Provider Name=\"Microsoft-Windows-WindowsUpdateClient\" Guid=\"{945a8954-c147-4acd-923f-40c45405a658}\"></Provider>\n<EventID Qualifiers=\"\">41</EventID>\n<Version>0</Version>\n<Level>4</Level>\n<Task>1</Task>\n<Opcode>12</Opcode>\n<Keywords>0x4000000000000014</Keywords>\n<TimeCreated SystemTime=\"2014-01-25 01:52:03.888018+00:00\"></TimeCreated>\n<EventRecordID>277</EventRecordID>\n<Correlation ActivityID=\"\" RelatedActivityID=\"\"></Correlation>\n<Execution ProcessID=\"888\" ThreadID=\"1216\"></Execution>\n<Channel>Microsoft-Windows-WindowsUpdateClient/Operational</Channel>\n<Computer>IACIS-HDD-2014</Computer>\n<Security UserID=\"S-1-5-18\"></Security>\n</System>\n<EventData><Data Name=\"updateGuid\">{78f92451-801a-40f5-9582-cb8d1ca993be}</Data>\n<Data Name=\"updateRevisionNumber\">202</Data>\n</EventData>\n</Event>\n"
  },
  {
    "EventID": 41,
    "Timestamp": "2014-01-25 01:52:03.888018+00:00",
    "Computer": "IACIS-HDD-2014",
    "Channel": "Microsoft-Windows-WindowsUpdateClient/Operational",
    "Level": "Information",
    "EventData": {
      "updateGuid": "{382d51ba-0af8-4217-8b1e-33c2dbbf04d0}",
      "updateRevisionNumber": "202"
    },
    "RawXml": "<Event xmlns=\"http://schemas.microsoft.com/win/2004/08/events/event\"><System><Provider Name=\"Microsoft-Windows-WindowsUpdateClient\" Guid=\"{945a8954-c147-4acd-923f-40c45405a658}\"></Provider>\n<EventID Qualifiers=\"\">41</EventID>\n<Version>0</Version>\n<Level>4</Level>\n<Task>1</Task>\n<Opcode>12</Opcode>\n<Keywords>0x4000000000000014</Keywords>\n<TimeCreated SystemTime=\"2014-01-25 01:52:03.888018+00:00\"></TimeCreated>\n<EventRecordID>278</EventRecordID>\n<Correlation ActivityID=\"\" RelatedActivityID=\"\"></Correlation>\n<Execution ProcessID=\"888\" ThreadID=\"1216\"></Execution>\n<Channel>Microsoft-Windows-WindowsUpdateClient/Operational</Channel>\n<Computer>IACIS-HDD-2014</Computer>\n<Security UserID=\"S-1-5-18\"></Security>\n</System>\n<EventData><Data Name=\"updateGuid\">{382d51ba-0af8-4217-8b1e-33c2dbbf04d0}</Data>\n<Data Name=\"updateRevisionNumber\">202</Data>\n</EventData>\n</Event>\n"
  },
  {
    "EventID": 41,
    "Timestamp": "2014-01-25 01:52:03.888018+00:00",
    "Computer": "IACIS-HDD-2014",
    "Channel": "Microsoft-Windows-WindowsUpdateClient/Operational",
    "Level": "Information",
    "EventData": {
      "updateGuid": "{d23176ad-c185-449c-8654-942d97347eba}",
      "updateRevisionNumber": "201"
    },
    "RawXml": "<Event xmlns=\"http://schemas.microsoft.com/win/2004/08/events/event\"><System><Provider Name=\"Microsoft-Windows-WindowsUpdateClient\" Guid=\"{945a8954-c147-4acd-923f-40c45405a658}\"></Provider>\n<EventID Qualifiers=\"\">41</EventID>\n<Version>0</Version>\n<Level>4</Level>\n<Task>1</Task>\n<Opcode>12</Opcode>\n<Keywords>0x4000000000000014</Keywords>\n<TimeCreated SystemTime=\"2014-01-25 01:52:03.888018+00:00\"></TimeCreated>\n<EventRecordID>279</EventRecordID>\n<Correlation ActivityID=\"\" RelatedActivityID=\"\"></Correlation>\n<Execution ProcessID=\"888\" ThreadID=\"1216\"></Execution>\n<Channel>Microsoft-Windows-WindowsUpdateClient/Operational</Channel>\n<Computer>IACIS-HDD-2014</Computer>\n<Security UserID=\"S-1-5-18\"></Security>\n</System>\n<EventData><Data Name=\"updateGuid\">{d23176ad-c185-449c-8654-942d97347eba}</Data>\n<Data Name=\"updateRevisionNumber\">201</Data>\n</EventData>\n</Event>\n"
  },
  {
    "EventID": 41,
    "Timestamp": "2014-01-25 01:52:08.037624+00:00",
    "Computer": "IACIS-HDD-2014",
    "Channel": "Microsoft-Windows-WindowsUpdateClient/Operational",
    "Level": "Information",
    "EventData": {
      "updateGuid": "{fa090999-3b89-4dd1-82b2-6e16b0841e24}",
      "updateRevisionNumber": "108"
    },
    "RawXml": "<Event xmlns=\"http://schemas.microsoft.com/win/2004/08/events/event\"><System><Provider Name=\"Microsoft-Windows-WindowsUpdateClient\" Guid=\"{945a8954-c147-4acd-923f-40c45405a658}\"></Provider>\n<EventID Qualifiers=\"\">41</EventID>\n<Version>0</Version>\n<Level>4</Level>\n<Task>1</Task>\n<Opcode>12</Opcode>\n<Keywords>0x4000000000000014</Keywords>\n<TimeCreated SystemTime=\"2014-01-25 01:52:08.037624+00:00\"></TimeCreated>\n<EventRecordID>280</EventRecordID>\n<Correlation ActivityID=\"\" RelatedActivityID=\"\"></Correlation>\n<Execution ProcessID=\"888\" ThreadID=\"1216\"></Execution>\n<Channel>Microsoft-Windows-WindowsUpdateClient/Operational</Channel>\n<Computer>IACIS-HDD-2014</Computer>\n<Security UserID=\"S-1-5-18\"></Security>\n</System>\n<EventData><Data Name=\"updateGuid\">{fa090999-3b89-4dd1-82b2-6e16b0841e24}</Data>\n<Data Name=\"updateRevisionNumber\">108</Data>\n</EventData>\n</Event>\n"
  },
  {
    "EventID": 41,
    "Timestamp": "2014-01-25 01:52:08.037624+00:00",
    "Computer": "IACIS-HDD-2014",
    "Channel": "Microsoft-Windows-WindowsUpdateClient/Operational",
    "Level": "Information",
    "EventData": {
      "updateGuid": "{6f04f6a8-3a50-4b98-a9fc-8856f32e1100}",
      "updateRevisionNumber": "201"
    },
    "RawXml": "<Event xmlns=\"http://schemas.microsoft.com/win/2004/08/events/event\"><System><Provider Name=\"Microsoft-Windows-WindowsUpdateClient\" Guid=\"{945a8954-c147-4acd-923f-40c45405a658}\"></Provider>\n<EventID Qualifiers=\"\">41</EventID>\n<Version>0</Version>\n<Level>4</Level>\n<Task>1</Task>\n<Opcode>12</Opcode>\n<Keywords>0x4000000000000014</Keywords>\n<TimeCreated SystemTime=\"2014-01-25 01:52:08.037624+00:00\"></TimeCreated>\n<EventRecordID>281</EventRecordID>\n<Correlation ActivityID=\"\" RelatedActivityID=\"\"></Correlation>\n<Execution ProcessID=\"888\" ThreadID=\"1216\"></Execution>\n<Channel>Microsoft-Windows-WindowsUpdateClient/Operational</Channel>\n<Computer>IACIS-HDD-2014</Computer>\n<Security UserID=\"S-1-5-18\"></Security>\n</System>\n<EventData><Data Name=\"updateGuid\">{6f04f6a8-3a50-4b98-a9fc-8856f32e1100}</Data>\n<Data Name=\"updateRevisionNumber\">201</Data>\n</EventData>\n</Event>\n"
  },
  {
    "EventID": 41,
    "Timestamp": "2014-01-25 01:52:11.282431+00:00",
    "Computer": "IACIS-HDD-2014",
    "Channel": "Microsoft-Windows-WindowsUpdateClient/Operational",
    "Level": "Information",
    "EventData": {
      "updateGuid": "{a97b4dd2-dd68-4bee-b01d-2801ec5551e1}",
      "updateRevisionNumber": "102"
    },
    "RawXml": "<Event xmlns=\"http://schemas.microsoft.com/win/2004/08/events/event\"><System><Provider Name=\"Microsoft-Windows-WindowsUpdateClient\" Guid=\"{945a8954-c147-4acd-923f-40c45405a658}\"></Provider>\n<EventID Qualifiers=\"\">41</EventID>\n<Version>0</Version>\n<Level>4</Level>\n<Task>1</Task>\n<Opcode>12</Opcode>\n<Keywords>0x4000000000000014</Keywords>\n<TimeCreated SystemTime=\"2014-01-25 01:52:11.282431+00:00\"></TimeCreated>\n<EventRecordID>282</EventRecordID>\n<Correlation ActivityID=\"\" RelatedActivityID=\"\"></Correlation>\n<Execution ProcessID=\"888\" ThreadID=\"1216\"></Execution>\n<Channel>Microsoft-Windows-WindowsUpdateClient/Operational</Channel>\n<Computer>IACIS-HDD-2014</Computer>\n<Security UserID=\"S-1-5-18\"></Security>\n</System>\n<EventData><Data Name=\"updateGuid\">{a97b4dd2-dd68-4bee-b01d-2801ec5551e1}</Data>\n<Data Name=\"updateRevisionNumber\">102</Data>\n</EventData>\n</Event>\n"
  },
  {
    "EventID": 41,
    "Timestamp": "2014-01-25 01:52:11.282431+00:00",
    "Computer": "IACIS-HDD-2014",
    "Channel": "Microsoft-Windows-WindowsUpdateClient/Operational",
    "Level": "Information",
    "EventData": {
      "updateGuid": "{44ac13ab-fd73-471c-a918-fb527d5d9b59}",
      "updateRevisionNumber": "101"
    },
    "RawXml": "<Event xmlns=\"http://schemas.microsoft.com/win/2004/08/events/event\"><System><Provider Name=\"Microsoft-Windows-WindowsUpdateClient\" Guid=\"{945a8954-c147-4acd-923f-40c45405a658}\"></Provider>\n<EventID Qualifiers=\"\">41</EventID>\n<Version>0</Version>\n<Level>4</Level>\n<Task>1</Task>\n<Opcode>12</Opcode>\n<Keywords>0x4000000000000014</Keywords>\n<TimeCreated SystemTime=\"2014-01-25 01:52:11.282431+00:00\"></TimeCreated>\n<EventRecordID>283</EventRecordID>\n<Correlation ActivityID=\"\" RelatedActivityID=\"\"></Correlation>\n<Execution ProcessID=\"888\" ThreadID=\"1216\"></Execution>\n<Channel>Microsoft-Windows-WindowsUpdateClient/Operational</Channel>\n<Computer>IACIS-HDD-2014</Computer>\n<Security UserID=\"S-1-5-18\"></Security>\n</System>\n<EventData><Data Name=\"updateGuid\">{44ac13ab-fd73-471c-a918-fb527d5d9b59}</Data>\n<Data Name=\"updateRevisionNumber\">101</Data>\n</EventData>\n</Event>\n"
  },
  {
    "EventID": 41,
    "Timestamp": "2014-01-25 01:52:11.282431+00:00",
    "Computer": "IACIS-HDD-2014",
    "Channel": "Microsoft-Windows-WindowsUpdateClient/Operational",
    "Level": "Information",
    "EventData": {
      "updateGuid": "{2ee7b9f1-22b7-4618-84b1-8f0804a2ed02}",
      "updateRevisionNumber": "101"
    },
    "RawXml": "<Event xmlns=\"http://schemas.microsoft.com/win/2004/08/events/event\"><System><Provider Name=\"Microsoft-Windows-WindowsUpdateClient\" Guid=\"{945a8954-c147-4acd-923f-40c45405a658}\"></Provider>\n<EventID Qualifiers=\"\">41</EventID>\n<Version>0</Version>\n<Level>4</Level>\n<Task>1</Task>\n<Opcode>12</Opcode>\n<Keywords>0x4000000000000014</Keywords>\n<TimeCreated SystemTime=\"2014-01-25 01:52:11.282431+00:00\"></TimeCreated>\n<EventRecordID>284</EventRecordID>\n<Correlation ActivityID=\"\" RelatedActivityID=\"\"></Correlation>\n<Execution ProcessID=\"888\" ThreadID=\"1216\"></Execution>\n<Channel>Microsoft-Windows-WindowsUpdateClient/Operational</Channel>\n<Computer>IACIS-HDD-2014</Computer>\n<Security UserID=\"S-1-5-18\"></Security>\n</System>\n<EventData><Data Name=\"updateGuid\">{2ee7b9f1-22b7-4618-84b1-8f0804a2ed02}</Data>\n<Data Name=\"updateRevisionNumber\">101</Data>\n</EventData>\n</Event>\n"
  },
  {
    "EventID": 41,
    "Timestamp": "2014-01-25 01:52:11.282431+00:00",
    "Computer": "IACIS-HDD-2014",
    "Channel": "Microsoft-Windows-WindowsUpdateClient/Operational",
    "Level": "Information",
    "EventData": {
      "updateGuid": "{61bfe3ec-a1dc-4eab-9481-0d8fd7319ae8}",
      "updateRevisionNumber": "100"
    },
    "RawXml": "<Event xmlns=\"http://schemas.microsoft.com/win/2004/08/events/event\"><System><Provider Name=\"Microsoft-Windows-WindowsUpdateClient\" Guid=\"{945a8954-c147-4acd-923f-40c45405a658}\"></Provider>\n<EventID Qualifiers=\"\">41</EventID>\n<Version>0</Version>\n<Level>4</Level>\n<Task>1</Task>\n<Opcode>12</Opcode>\n<Keywords>0x4000000000000014</Keywords>\n<TimeCreated SystemTime=\"2014-01-25 01:52:11.282431+00:00\"></TimeCreated>\n<EventRecordID>285</EventRecordID>\n<Correlation ActivityID=\"\" RelatedActivityID=\"\"></Correlation>\n<Execution ProcessID=\"888\" ThreadID=\"1216\"></Execution>\n<Channel>Microsoft-Windows-WindowsUpdateClient/Operational</Channel>\n<Computer>IACIS-HDD-2014</Computer>\n<Security UserID=\"S-1-5-18\"></Security>\n</System>\n<EventData><Data Name=\"updateGuid\">{61bfe3ec-a1dc-4eab-9481-0d8fd7319ae8}</Data>\n<Data Name=\"updateRevisionNumber\">100</Data>\n</EventData>\n</Event>\n"
  },
  {
    "EventID": 41,
    "Timestamp": "2014-01-25 01:52:18.676842+00:00",
    "Computer": "IACIS-HDD-2014",
    "Channel": "Microsoft-Windows-WindowsUpdateClient/Operational",
    "Level": "Information",
    "EventData": {
      "updateGuid": "{703a6bb4-84aa-439b-a0f1-8ed56a81dc21}",
      "updateRevisionNumber": "200"
    },
    "RawXml": "<Event xmlns=\"http://schemas.microsoft.com/win/2004/08/events/event\"><System><Provider Name=\"Microsoft-Windows-WindowsUpdateClient\" Guid=\"{945a8954-c147-4acd-923f-40c45405a658}\"></Provider>\n<EventID Qualifiers=\"\">41</EventID>\n<Version>0</Version>\n<Level>4</Level>\n<Task>1</Task>\n<Opcode>12</Opcode>\n<Keywords>0x4000000000000014</Keywords>\n<TimeCreated SystemTime=\"2014-01-25 01:52:18.676842+00:00\"></TimeCreated>\n<EventRecordID>286</EventRecordID>\n<Correlation ActivityID=\"\" RelatedActivityID=\"\"></Correlation>\n<Execution ProcessID=\"888\" ThreadID=\"1216\"></Execution>\n<Channel>Microsoft-Windows-WindowsUpdateClient/Operational</Channel>\n<Computer>IACIS-HDD-2014</Computer>\n<Security UserID=\"S-1-5-18\"></Security>\n</System>\n<EventData><Data Name=\"updateGuid\">{703a6bb4-84aa-439b-a0f1-8ed56a81dc21}</Data>\n<Data Name=\"updateRevisionNumber\">200</Data>\n</EventData>\n</Event>\n"
  },
  {
    "EventID": 41,
    "Timestamp": "2014-01-25 01:52:23.653252+00:00",
    "Computer": "IACIS-HDD-2014",
    "Channel": "Microsoft-Windows-WindowsUpdateClient/Operational",
    "Level": "Information",
    "EventData": {
      "updateGuid": "{b5fe9fec-70d7-4799-8c2a-2fab428ec3cd}",
      "updateRevisionNumber": "204"
    },
    "RawXml": "<Event xmlns=\"http://schemas.microsoft.com/win/2004/08/events/event\"><System><Provider Name=\"Microsoft-Windows-WindowsUpdateClient\" Guid=\"{945a8954-c147-4acd-923f-40c45405a658}\"></Provider>\n<EventID Qualifiers=\"\">41</EventID>\n<Version>0</Version>\n<Level>4</Level>\n<Task>1</Task>\n<Opcode>12</Opcode>\n<Keywords>0x4000000000000014</Keywords>\n<TimeCreated SystemTime=\"2014-01-25 01:52:23.653252+00:00\"></TimeCreated>\n<EventRecordID>287</EventRecordID>\n<Correlation ActivityID=\"\" RelatedActivityID=\"\"></Correlation>\n<Execution ProcessID=\"888\" ThreadID=\"1216\"></Execution>\n<Channel>Microsoft-Windows-WindowsUpdateClient/Operational</Channel>\n<Computer>IACIS-HDD-2014</Computer>\n<Security UserID=\"S-1-5-18\"></Security>\n</System>\n<EventData><Data Name=\"updateGuid\">{b5fe9fec-70d7-4799-8c2a-2fab428ec3cd}</Data>\n<Data Name=\"updateRevisionNumber\">204</Data>\n</EventData>\n</Event>\n"
  },
  {
    "EventID": 41,
    "Timestamp": "2014-01-25 01:52:23.653252+00:00",
    "Computer": "IACIS-HDD-2014",
    "Channel": "Microsoft-Windows-WindowsUpdateClient/Operational",
    "Level": "Information",
    "EventData": {
      "updateGuid": "{379dcbf4-987b-4305-8709-762ce57b05e6}",
      "updateRevisionNumber": "201"
    },
    "RawXml": "<Event xmlns=\"http://schemas.microsoft.com/win/2004/08/events/event\"><System><Provider Name=\"Microsoft-Windows-WindowsUpdateClient\" Guid=\"{945a8954-c147-4acd-923f-40c45405a658}\"></Provider>\n<EventID Qualifiers=\"\">41</EventID>\n<Version>0</Version>\n<Level>4</Level>\n<Task>1</Task>\n<Opcode>12</Opcode>\n<Keywords>0x4000000000000014</Keywords>\n<TimeCreated SystemTime=\"2014-01-25 01:52:23.653252+00:00\"></TimeCreated>\n<EventRecordID>288</EventRecordID>\n<Correlation ActivityID=\"\" RelatedActivityID=\"\"></Correlation>\n<Execution ProcessID=\"888\" ThreadID=\"1216\"></Execution>\n<Channel>Microsoft-Windows-WindowsUpdateClient/Operational</Channel>\n<Computer>IACIS-HDD-2014</Computer>\n<Security UserID=\"S-1-5-18\"></Security>\n</System>\n<EventData><Data Name=\"updateGuid\">{379dcbf4-987b-4305-8709-762ce57b05e6}</Data>\n<Data Name=\"updateRevisionNumber\">201</Data>\n</EventData>\n</Event>\n"
  },
  {
    "EventID": 41,
    "Timestamp": "2014-01-25 01:52:35.275270+00:00",
    "Computer": "IACIS-HDD-2014",
    "Channel": "Microsoft-Windows-WindowsUpdateClient/Operational",
    "Level": "Information",
    "EventData": {
      "updateGuid": "{f59152e4-c784-4039-8d41-d50dab56dcdc}",
      "updateRevisionNumber": "202"
    },
    "RawXml": "<Event xmlns=\"http://schemas.microsoft.com/win/2004/08/events/event\"><System><Provider Name=\"Microsoft-Windows-WindowsUpdateClient\" Guid=\"{945a8954-c147-4acd-923f-40c45405a658}\"></Provider>\n<EventID Qualifiers=\"\">41</EventID>\n<Version>0</Version>\n<Level>4</Level>\n<Task>1</Task>\n<Opcode>12</Opcode>\n<Keywords>0x4000000000000014</Keywords>\n<TimeCreated SystemTime=\"2014-01-25 01:52:35.275270+00:00\"></TimeCreated>\n<EventRecordID>289</EventRecordID>\n<Correlation ActivityID=\"\" RelatedActivityID=\"\"></Correlation>\n<Execution ProcessID=\"888\" ThreadID=\"1216\"></Execution>\n<Channel>Microsoft-Windows-WindowsUpdateClient/Operational</Channel>\n<Computer>IACIS-HDD-2014</Computer>\n<Security UserID=\"S-1-5-18\"></Security>\n</System>\n<EventData><Data Name=\"updateGuid\">{f59152e4-c784-4039-8d41-d50dab56dcdc}</Data>\n<Data Name=\"updateRevisionNumber\">202</Data>\n</EventData>\n</Event>\n"
  },
  {
    "EventID": 41,
    "Timestamp": "2014-01-25 01:52:35.275270+00:00",
    "Computer": "IACIS-HDD-2014",
    "Channel": "Microsoft-Windows-WindowsUpdateClient/Operational",
    "Level": "Information",
    "EventData": {
      "updateGuid": "{9aa67ee5-41a5-4e1c-869b-3698bd753537}",
      "updateRevisionNumber": "100"
    },
    "RawXml": "<Event xmlns=\"http://schemas.microsoft.com/win/2004/08/events/event\"><System><Provider Name=\"Microsoft-Windows-WindowsUpdateClient\" Guid=\"{945a8954-c147-4acd-923f-40c45405a658}\"></Provider>\n<EventID Qualifiers=\"\">41</EventID>\n<Version>0</Version>\n<Level>4</Level>\n<Task>1</Task>\n<Opcode>12</Opcode>\n<Keywords>0x4000000000000014</Keywords>\n<TimeCreated SystemTime=\"2014-01-25 01:52:35.275270+00:00\"></TimeCreated>\n<EventRecordID>290</EventRecordID>\n<Correlation ActivityID=\"\" RelatedActivityID=\"\"></Correlation>\n<Execution ProcessID=\"888\" ThreadID=\"1216\"></Execution>\n<Channel>Microsoft-Windows-WindowsUpdateClient/Operational</Channel>\n<Computer>IACIS-HDD-2014</Computer>\n<Security UserID=\"S-1-5-18\"></Security>\n</System>\n<EventData><Data Name=\"updateGuid\">{9aa67ee5-41a5-4e1c-869b-3698bd753537}</Data>\n<Data Name=\"updateRevisionNumber\">100</Data>\n</EventData>\n</Event>\n"
  },
  {
    "EventID": 41,
    "Timestamp": "2014-01-25 01:52:47.443295+00:00",
    "Computer": "IACIS-HDD-2014",
    "Channel": "Microsoft-Windows-WindowsUpdateClient/Operational",
    "Level": "Information",
    "EventData": {
      "updateGuid": "{d4b6c4e3-d458-4339-a165-8988c61a0f6a}",
      "updateRevisionNumber": "201"
    },
    "RawXml": "<Event xmlns=\"http://schemas.microsoft.com/win/2004/08/events/event\"><System><Provider Name=\"Microsoft-Windows-WindowsUpdateClient\" Guid=\"{945a8954-c147-4acd-923f-40c45405a658}\"></Provider>\n<EventID Qualifiers=\"\">41</EventID>\n<Version>0</Version>\n<Level>4</Level>\n<Task>1</Task>\n<Opcode>12</Opcode>\n<Keywords>0x4000000000000014</Keywords>\n<TimeCreated SystemTime=\"2014-01-25 01:52:47.443295+00:00\"></TimeCreated>\n<EventRecordID>291</EventRecordID>\n<Correlation ActivityID=\"\" RelatedActivityID=\"\"></Correlation>\n<Execution ProcessID=\"888\" ThreadID=\"1216\"></Execution>\n<Channel>Microsoft-Windows-WindowsUpdateClient/Operational</Channel>\n<Computer>IACIS-HDD-2014</Computer>\n<Security UserID=\"S-1-5-18\"></Security>\n</System>\n<EventData><Data Name=\"updateGuid\">{d4b6c4e3-d458-4339-a165-8988c61a0f6a}</Data>\n<Data Name=\"updateRevisionNumber\">201</Data>\n</EventData>\n</Event>\n"
  },
  {
    "EventID": 41,
    "Timestamp": "2014-01-25 01:52:47.443295+00:00",
    "Computer": "IACIS-HDD-2014",
    "Channel": "Microsoft-Windows-WindowsUpdateClient/Operational",
    "Level": "Information",
    "EventData": {
      "updateGuid": "{939403e9-f009-4244-b259-b5c1b003a1d3}",
      "updateRevisionNumber": "101"
    },
    "RawXml": "<Event xmlns=\"http://schemas.microsoft.com/win/2004/08/events/event\"><System><Provider Name=\"Microsoft-Windows-WindowsUpdateClient\" Guid=\"{945a8954-c147-4acd-923f-40c45405a658}\"></Provider>\n<EventID Qualifiers=\"\">41</EventID>\n<Version>0</Version>\n<Level>4</Level>\n<Task>1</Task>\n<Opcode>12</Opcode>\n<Keywords>0x4000000000000014</Keywords>\n<TimeCreated SystemTime=\"2014-01-25 01:52:47.443295+00:00\"></TimeCreated>\n<EventRecordID>292</EventRecordID>\n<Correlation ActivityID=\"\" RelatedActivityID=\"\"></Correlation>\n<Execution ProcessID=\"888\" ThreadID=\"1216\"></Execution>\n<Channel>Microsoft-Windows-WindowsUpdateClient/Operational</Channel>\n<Computer>IACIS-HDD-2014</Computer>\n<Security UserID=\"S-1-5-18\"></Security>\n</System>\n<EventData><Data Name=\"updateGuid\">{939403e9-f009-4244-b259-b5c1b003a1d3}</Data>\n<Data Name=\"updateRevisionNumber\">101</Data>\n</EventData>\n</Event>\n"
  },
  {
    "EventID": 41,
    "Timestamp": "2014-01-25 01:52:54.151304+00:00",
    "Computer": "IACIS-HDD-2014",
    "Channel": "Microsoft-Windows-WindowsUpdateClient/Operational",
    "Level": "Information",
    "EventData": {
      "updateGuid": "{ec1c253d-a3c5-49fb-a56a-9f2eeb223a1d}",
      "updateRevisionNumber": "200"
    },
    "RawXml": "<Event xmlns=\"http://schemas.microsoft.com/win/2004/08/events/event\"><System><Provider Name=\"Microsoft-Windows-WindowsUpdateClient\" Guid=\"{945a8954-c147-4acd-923f-40c45405a658}\"></Provider>\n<EventID Qualifiers=\"\">41</EventID>\n<Version>0</Version>\n<Level>4</Level>\n<Task>1</Task>\n<Opcode>12</Opcode>\n<Keywords>0x4000000000000014</Keywords>\n<TimeCreated SystemTime=\"2014-01-25 01:52:54.151304+00:00\"></TimeCreated>\n<EventRecordID>293</EventRecordID>\n<Correlation ActivityID=\"\" RelatedActivityID=\"\"></Correlation>\n<Execution ProcessID=\"888\" ThreadID=\"1216\"></Execution>\n<Channel>Microsoft-Windows-WindowsUpdateClient/Operational</Channel>\n<Computer>IACIS-HDD-2014</Computer>\n<Security UserID=\"S-1-5-18\"></Security>\n</System>\n<EventData><Data Name=\"updateGuid\">{ec1c253d-a3c5-49fb-a56a-9f2eeb223a1d}</Data>\n<Data Name=\"updateRevisionNumber\">200</Data>\n</EventData>\n</Event>\n"
  },
  {
    "EventID": 41,
    "Timestamp": "2014-01-25 01:52:54.151304+00:00",
    "Computer": "IACIS-HDD-2014",
    "Channel": "Microsoft-Windows-WindowsUpdateClient/Operational",
    "Level": "Information",
    "EventData": {
      "updateGuid": "{943ea6b3-de00-4583-b9b7-f954a28d9995}",
      "updateRevisionNumber": "201"
    },
    "RawXml": "<Event xmlns=\"http://schemas.microsoft.com/win/2004/08/events/event\"><System><Provider Name=\"Microsoft-Windows-WindowsUpdateClient\" Guid=\"{945a8954-c147-4acd-923f-40c45405a658}\"></Provider>\n<EventID Qualifiers=\"\">41</EventID>\n<Version>0</Version>\n<Level>4</Level>\n<Task>1</Task>\n<Opcode>12</Opcode>\n<Keywords>0x4000000000000014</Keywords>\n<TimeCreated SystemTime=\"2014-01-25 01:52:54.151304+00:00\"></TimeCreated>\n<EventRecordID>294</EventRecordID>\n<Correlation ActivityID=\"\" RelatedActivityID=\"\"></Correlation>\n<Execution ProcessID=\"888\" ThreadID=\"1216\"></Execution>\n<Channel>Microsoft-Windows-WindowsUpdateClient/Operational</Channel>\n<Computer>IACIS-HDD-2014</Computer>\n<Security UserID=\"S-1-5-18\"></Security>\n</System>\n<EventData><Data Name=\"updateGuid\">{943ea6b3-de00-4583-b9b7-f954a28d9995}</Data>\n<Data Name=\"updateRevisionNumber\">201</Data>\n</EventData>\n</Event>\n"
  },
  {
    "EventID": 41,
    "Timestamp": "2014-01-25 01:53:03.417721+00:00",
    "Computer": "IACIS-HDD-2014",
    "Channel": "Microsoft-Windows-WindowsUpdateClient/Operational",
    "Level": "Information",
    "EventData": {
      "updateGuid": "{9e1c0bbe-ce5f-45d9-89de-1c8900d3f36a}",
      "updateRevisionNumber": "203"
    },
    "RawXml": "<Event xmlns=\"http://schemas.microsoft.com/win/2004/08/events/event\"><System><Provider Name=\"Microsoft-Windows-WindowsUpdateClient\" Guid=\"{945a8954-c147-4acd-923f-40c45405a658}\"></Provider>\n<EventID Qualifiers=\"\">41</EventID>\n<Version>0</Version>\n<Level>4</Level>\n<Task>1</Task>\n<Opcode>12</Opcode>\n<Keywords>0x4000000000000014</Keywords>\n<TimeCreated SystemTime=\"2014-01-25 01:53:03.417721+00:00\"></TimeCreated>\n<EventRecordID>295</EventRecordID>\n<Correlation ActivityID=\"\" RelatedActivityID=\"\"></Correlation>\n<Execution ProcessID=\"888\" ThreadID=\"1216\"></Execution>\n<Channel>Microsoft-Windows-WindowsUpdateClient/Operational</Channel>\n<Computer>IACIS-HDD-2014</Computer>\n<Security UserID=\"S-1-5-18\"></Security>\n</System>\n<EventData><Data Name=\"updateGuid\">{9e1c0bbe-ce5f-45d9-89de-1c8900d3f36a}</Data>\n<Data Name=\"updateRevisionNumber\">203</Data>\n</EventData>\n</Event>\n"
  },
  {
    "EventID": 41,
    "Timestamp": "2014-01-25 01:53:03.417721+00:00",
    "Computer": "IACIS-HDD-2014",
    "Channel": "Microsoft-Windows-WindowsUpdateClient/Operational",
    "Level": "Information",
    "EventData": {
      "updateGuid": "{85caadcf-e7e6-4b91-bb99-8d2cc08a6b75}",
      "updateRevisionNumber": "105"
    },
    "RawXml": "<Event xmlns=\"http://schemas.microsoft.com/win/2004/08/events/event\"><System><Provider Name=\"Microsoft-Windows-WindowsUpdateClient\" Guid=\"{945a8954-c147-4acd-923f-40c45405a658}\"></Provider>\n<EventID Qualifiers=\"\">41</EventID>\n<Version>0</Version>\n<Level>4</Level>\n<Task>1</Task>\n<Opcode>12</Opcode>\n<Keywords>0x4000000000000014</Keywords>\n<TimeCreated SystemTime=\"2014-01-25 01:53:03.417721+00:00\"></TimeCreated>\n<EventRecordID>296</EventRecordID>\n<Correlation ActivityID=\"\" RelatedActivityID=\"\"></Correlation>\n<Execution ProcessID=\"888\" ThreadID=\"1216\"></Execution>\n<Channel>Microsoft-Windows-WindowsUpdateClient/Operational</Channel>\n<Computer>IACIS-HDD-2014</Computer>\n<Security UserID=\"S-1-5-18\"></Security>\n</System>\n<EventData><Data Name=\"updateGuid\">{85caadcf-e7e6-4b91-bb99-8d2cc08a6b75}</Data>\n<Data Name=\"updateRevisionNumber\">105</Data>\n</EventData>\n</Event>\n"
  },
  {
    "EventID": 41,
    "Timestamp": "2014-01-25 01:53:09.111731+00:00",
    "Computer": "IACIS-HDD-2014",
    "Channel": "Microsoft-Windows-WindowsUpdateClient/Operational",
    "Level": "Information",
    "EventData": {
      "updateGuid": "{cb1f1fae-f738-49e7-ae3e-7a0c2308838b}",
      "updateRevisionNumber": "201"
    },
    "RawXml": "<Event xmlns=\"http://schemas.microsoft.com/win/2004/08/events/event\"><System><Provider Name=\"Microsoft-Windows-WindowsUpdateClient\" Guid=\"{945a8954-c147-4acd-923f-40c45405a658}\"></Provider>\n<EventID Qualifiers=\"\">41</EventID>\n<Version>0</Version>\n<Level>4</Level>\n<Task>1</Task>\n<Opcode>12</Opcode>\n<Keywords>0x4000000000000014</Keywords>\n<TimeCreated SystemTime=\"2014-01-25 01:53:09.111731+00:00\"></TimeCreated>\n<EventRecordID>297</EventRecordID>\n<Correlation ActivityID=\"\" RelatedActivityID=\"\"></Correlation>\n<Execution ProcessID=\"888\" ThreadID=\"1216\"></Execution>\n<Channel>Microsoft-Windows-WindowsUpdateClient/Operational</Channel>\n<Computer>IACIS-HDD-2014</Computer>\n<Security UserID=\"S-1-5-18\"></Security>\n</System>\n<EventData><Data Name=\"updateGuid\">{cb1f1fae-f738-49e7-ae3e-7a0c2308838b}</Data>\n<Data Name=\"updateRevisionNumber\">201</Data>\n</EventData>\n</Event>\n"
  },
  {
    "EventID": 41,
    "Timestamp": "2014-01-25 01:53:09.111731+00:00",
    "Computer": "IACIS-HDD-2014",
    "Channel": "Microsoft-Windows-WindowsUpdateClient/Operational",
    "Level": "Information",
    "EventData": {
      "updateGuid": "{de5632e1-41f2-459a-a3aa-082a998a5620}",
      "updateRevisionNumber": "104"
    },
    "RawXml": "<Event xmlns=\"http://schemas.microsoft.com/win/2004/08/events/event\"><System><Provider Name=\"Microsoft-Windows-WindowsUpdateClient\" Guid=\"{945a8954-c147-4acd-923f-40c45405a658}\"></Provider>\n<EventID Qualifiers=\"\">41</EventID>\n<Version>0</Version>\n<Level>4</Level>\n<Task>1</Task>\n<Opcode>12</Opcode>\n<Keywords>0x4000000000000014</Keywords>\n<TimeCreated SystemTime=\"2014-01-25 01:53:09.111731+00:00\"></TimeCreated>\n<EventRecordID>298</EventRecordID>\n<Correlation ActivityID=\"\" RelatedActivityID=\"\"></Correlation>\n<Execution ProcessID=\"888\" ThreadID=\"1216\"></Execution>\n<Channel>Microsoft-Windows-WindowsUpdateClient/Operational</Channel>\n<Computer>IACIS-HDD-2014</Computer>\n<Security UserID=\"S-1-5-18\"></Security>\n</System>\n<EventData><Data Name=\"updateGuid\">{de5632e1-41f2-459a-a3aa-082a998a5620}</Data>\n<Data Name=\"updateRevisionNumber\">104</Data>\n</EventData>\n</Event>\n"
  },
  {
    "EventID": 41,
    "Timestamp": "2014-01-25 01:53:24.945759+00:00",
    "Computer": "IACIS-HDD-2014",
    "Channel": "Microsoft-Windows-WindowsUpdateClient/Operational",
    "Level": "Information",
    "EventData": {
      "updateGuid": "{687892d3-db53-4ca2-a750-7f35a73c192a}",
      "updateRevisionNumber": "202"
    },
    "RawXml": "<Event xmlns=\"http://schemas.microsoft.com/win/2004/08/events/event\"><System><Provider Name=\"Microsoft-Windows-WindowsUpdateClient\" Guid=\"{945a8954-c147-4acd-923f-40c45405a658}\"></Provider>\n<EventID Qualifiers=\"\">41</EventID>\n<Version>0</Version>\n<Level>4</Level>\n<Task>1</Task>\n<Opcode>12</Opcode>\n<Keywords>0x4000000000000014</Keywords>\n<TimeCreated SystemTime=\"2014-01-25 01:53:24.945759+00:00\"></TimeCreated>\n<EventRecordID>299</EventRecordID>\n<Correlation ActivityID=\"\" RelatedActivityID=\"\"></Correlation>\n<Execution ProcessID=\"888\" ThreadID=\"1216\"></Execution>\n<Channel>Microsoft-Windows-WindowsUpdateClient/Operational</Channel>\n<Computer>IACIS-HDD-2014</Computer>\n<Security UserID=\"S-1-5-18\"></Security>\n</System>\n<EventData><Data Name=\"updateGuid\">{687892d3-db53-4ca2-a750-7f35a73c192a}</Data>\n<Data Name=\"updateRevisionNumber\">202</Data>\n</EventData>\n</Event>\n"
  },
  {
    "EventID": 41,
    "Timestamp": "2014-01-25 01:53:24.945759+00:00",
    "Computer": "IACIS-HDD-2014",
    "Channel": "Microsoft-Windows-WindowsUpdateClient/Operational",
    "Level": "Information",
    "EventData": {
      "updateGuid": "{9842d9db-8ae8-4f0b-b974-66787aec8fbc}",
      "updateRevisionNumber": "201"
    },
    "RawXml": "<Event xmlns=\"http://schemas.microsoft.com/win/2004/08/events/event\"><System><Provider Name=\"Microsoft-Windows-WindowsUpdateClient\" Guid=\"{945a8954-c147-4acd-923f-40c45405a658}\"></Provider>\n<EventID Qualifiers=\"\">41</EventID>\n<Version>0</Version>\n<Level>4</Level>\n<Task>1</Task>\n<Opcode>12</Opcode>\n<Keywords>0x4000000000000014</Keywords>\n<TimeCreated SystemTime=\"2014-01-25 01:53:24.945759+00:00\"></TimeCreated>\n<EventRecordID>300</EventRecordID>\n<Correlation ActivityID=\"\" RelatedActivityID=\"\"></Correlation>\n<Execution ProcessID=\"888\" ThreadID=\"1216\"></Execution>\n<Channel>Microsoft-Windows-WindowsUpdateClient/Operational</Channel>\n<Computer>IACIS-HDD-2014</Computer>\n<Security UserID=\"S-1-5-18\"></Security>\n</System>\n<EventData><Data Name=\"updateGuid\">{9842d9db-8ae8-4f0b-b974-66787aec8fbc}</Data>\n<Data Name=\"updateRevisionNumber\">201</Data>\n</EventData>\n</Event>\n"
  },
  {
    "EventID": 41,
    "Timestamp": "2014-01-25 01:53:28.128164+00:00",
    "Computer": "IACIS-HDD-2014",
    "Channel": "Microsoft-Windows-WindowsUpdateClient/Operational",
    "Level": "Information",
    "EventData": {
      "updateGuid": "{57260dfe-227c-45e3-9ffc-2fc77a67f95a}",
      "updateRevisionNumber": "104"
    },
    "RawXml": "<Event xmlns=\"http://schemas.microsoft.com/win/2004/08/events/event\"><System><Provider Name=\"Microsoft-Windows-WindowsUpdateClient\" Guid=\"{945a8954-c147-4acd-923f-40c45405a658}\"></Provider>\n<EventID Qualifiers=\"\">41</EventID>\n<Version>0</Version>\n<Level>4</Level>\n<Task>1</Task>\n<Opcode>12</Opcode>\n<Keywords>0x4000000000000014</Keywords>\n<TimeCreated SystemTime=\"2014-01-25 01:53:28.128164+00:00\"></TimeCreated>\n<EventRecordID>301</EventRecordID>\n<Correlation ActivityID=\"\" RelatedActivityID=\"\"></Correlation>\n<Execution ProcessID=\"888\" ThreadID=\"1216\"></Execution>\n<Channel>Microsoft-Windows-WindowsUpdateClient/Operational</Channel>\n<Computer>IACIS-HDD-2014</Computer>\n<Security UserID=\"S-1-5-18\"></Security>\n</System>\n<EventData><Data Name=\"updateGuid\">{57260dfe-227c-45e3-9ffc-2fc77a67f95a}</Data>\n<Data Name=\"updateRevisionNumber\">104</Data>\n</EventData>\n</Event>\n"
  },
  {
    "EventID": 41,
    "Timestamp": "2014-01-25 01:53:36.723780+00:00",
    "Computer": "IACIS-HDD-2014",
    "Channel": "Microsoft-Windows-WindowsUpdateClient/Operational",
    "Level": "Information",
    "EventData": {
      "updateGuid": "{8f878fea-3976-48e0-94a0-4699b7181cfa}",
      "updateRevisionNumber": "201"
    },
    "RawXml": "<Event xmlns=\"http://schemas.microsoft.com/win/2004/08/events/event\"><System><Provider Name=\"Microsoft-Windows-WindowsUpdateClient\" Guid=\"{945a8954-c147-4acd-923f-40c45405a658}\"></Provider>\n<EventID Qualifiers=\"\">41</EventID>\n<Version>0</Version>\n<Level>4</Level>\n<Task>1</Task>\n<Opcode>12</Opcode>\n<Keywords>0x4000000000000014</Keywords>\n<TimeCreated SystemTime=\"2014-01-25 01:53:36.723780+00:00\"></TimeCreated>\n<EventRecordID>302</EventRecordID>\n<Correlation ActivityID=\"\" RelatedActivityID=\"\"></Correlation>\n<Execution ProcessID=\"888\" ThreadID=\"1216\"></Execution>\n<Channel>Microsoft-Windows-WindowsUpdateClient/Operational</Channel>\n<Computer>IACIS-HDD-2014</Computer>\n<Security UserID=\"S-1-5-18\"></Security>\n</System>\n<EventData><Data Name=\"updateGuid\">{8f878fea-3976-48e0-94a0-4699b7181cfa}</Data>\n<Data Name=\"updateRevisionNumber\">201</Data>\n</EventData>\n</Event>\n"
  },
  {
    "EventID": 41,
    "Timestamp": "2014-01-25 01:53:54.741812+00:00",
    "Computer": "IACIS-HDD-2014",
    "Channel": "Microsoft-Windows-WindowsUpdateClient/Operational",
    "Level": "Information",
    "EventData": {
      "updateGuid": "{6502a461-7262-48fc-b567-f8d3c2f82ae6}",
      "updateRevisionNumber": "104"
    },
    "RawXml": "<Event xmlns=\"http://schemas.microsoft.com/win/2004/08/events/event\"><System><Provider Name=\"Microsoft-Windows-WindowsUpdateClient\" Guid=\"{945a8954-c147-4acd-923f-40c45405a658}\"></Provider>\n<EventID Qualifiers=\"\">41</EventID>\n<Version>0</Version>\n<Level>4</Level>\n<Task>1</Task>\n<Opcode>12</Opcode>\n<Keywords>0x4000000000000014</Keywords>\n<TimeCreated SystemTime=\"2014-01-25 01:53:54.741812+00:00\"></TimeCreated>\n<EventRecordID>303</EventRecordID>\n<Correlation ActivityID=\"\" RelatedActivityID=\"\"></Correlation>\n<Execution ProcessID=\"888\" ThreadID=\"1216\"></Execution>\n<Channel>Microsoft-Windows-WindowsUpdateClient/Operational</Channel>\n<Computer>IACIS-HDD-2014</Computer>\n<Security UserID=\"S-1-5-18\"></Security>\n</System>\n<EventData><Data Name=\"updateGuid\">{6502a461-7262-48fc-b567-f8d3c2f82ae6}</Data>\n<Data Name=\"updateRevisionNumber\">104</Data>\n</EventData>\n</Event>\n"
  },
  {
    "EventID": 41,
    "Timestamp": "2014-01-25 01:53:54.741812+00:00",
    "Computer": "IACIS-HDD-2014",
    "Channel": "Microsoft-Windows-WindowsUpdateClient/Operational",
    "Level": "Information",
    "EventData": {
      "updateGuid": "{5db4cfd9-01c3-466d-8118-0302dff81470}",
      "updateRevisionNumber": "103"
    },
    "RawXml": "<Event xmlns=\"http://schemas.microsoft.com/win/2004/08/events/event\"><System><Provider Name=\"Microsoft-Windows-WindowsUpdateClient\" Guid=\"{945a8954-c147-4acd-923f-40c45405a658}\"></Provider>\n<EventID Qualifiers=\"\">41</EventID>\n<Version>0</Version>\n<Level>4</Level>\n<Task>1</Task>\n<Opcode>12</Opcode>\n<Keywords>0x4000000000000014</Keywords>\n<TimeCreated SystemTime=\"2014-01-25 01:53:54.741812+00:00\"></TimeCreated>\n<EventRecordID>304</EventRecordID>\n<Correlation ActivityID=\"\" RelatedActivityID=\"\"></Correlation>\n<Execution ProcessID=\"888\" ThreadID=\"1216\"></Execution>\n<Channel>Microsoft-Windows-WindowsUpdateClient/Operational</Channel>\n<Computer>IACIS-HDD-2014</Computer>\n<Security UserID=\"S-1-5-18\"></Security>\n</System>\n<EventData><Data Name=\"updateGuid\">{5db4cfd9-01c3-466d-8118-0302dff81470}</Data>\n<Data Name=\"updateRevisionNumber\">103</Data>\n</EventData>\n</Event>\n"
  },
  {
    "EventID": 41,
    "Timestamp": "2014-01-25 01:54:12.416643+00:00",
    "Computer": "IACIS-HDD-2014",
    "Channel": "Microsoft-Windows-WindowsUpdateClient/Operational",
    "Level": "Information",
    "EventData": {
      "updateGuid": "{7e45a176-f960-46cf-8a7b-0b47470298a8}",
      "updateRevisionNumber": "204"
    },
    "RawXml": "<Event xmlns=\"http://schemas.microsoft.com/win/2004/08/events/event\"><System><Provider Name=\"Microsoft-Windows-WindowsUpdateClient\" Guid=\"{945a8954-c147-4acd-923f-40c45405a658}\"></Provider>\n<EventID Qualifiers=\"\">41</EventID>\n<Version>0</Version>\n<Level>4</Level>\n<Task>1</Task>\n<Opcode>12</Opcode>\n<Keywords>0x4000000000000014</Keywords>\n<TimeCreated SystemTime=\"2014-01-25 01:54:12.416643+00:00\"></TimeCreated>\n<EventRecordID>305</EventRecordID>\n<Correlation ActivityID=\"\" RelatedActivityID=\"\"></Correlation>\n<Execution ProcessID=\"888\" ThreadID=\"1216\"></Execution>\n<Channel>Microsoft-Windows-WindowsUpdateClient/Operational</Channel>\n<Computer>IACIS-HDD-2014</Computer>\n<Security UserID=\"S-1-5-18\"></Security>\n</System>\n<EventData><Data Name=\"updateGuid\">{7e45a176-f960-46cf-8a7b-0b47470298a8}</Data>\n<Data Name=\"updateRevisionNumber\">204</Data>\n</EventData>\n</Event>\n"
  },
  {
    "EventID": 41,
    "Timestamp": "2014-01-25 01:54:12.416643+00:00",
    "Computer": "IACIS-HDD-2014",
    "Channel": "Microsoft-Windows-WindowsUpdateClient/Operational",
    "Level": "Information",
    "EventData": {
      "updateGuid": "{8320a6c0-264a-4dde-95d3-6ce4e7f9bf28}",
      "updateRevisionNumber": "200"
    },
    "RawXml": "<Event xmlns=\"http://schemas.microsoft.com/win/2004/08/events/event\"><System><Provider Name=\"Microsoft-Windows-WindowsUpdateClient\" Guid=\"{945a8954-c147-4acd-923f-40c45405a658}\"></Provider>\n<EventID Qualifiers=\"\">41</EventID>\n<Version>0</Version>\n<Level>4</Level>\n<Task>1</Task>\n<Opcode>12</Opcode>\n<Keywords>0x4000000000000014</Keywords>\n<TimeCreated SystemTime=\"2014-01-25 01:54:12.416643+00:00\"></TimeCreated>\n<EventRecordID>306</EventRecordID>\n<Correlation ActivityID=\"\" RelatedActivityID=\"\"></Correlation>\n<Execution ProcessID=\"888\" ThreadID=\"1216\"></Execution>\n<Channel>Microsoft-Windows-WindowsUpdateClient/Operational</Channel>\n<Computer>IACIS-HDD-2014</Computer>\n<Security UserID=\"S-1-5-18\"></Security>\n</System>\n<EventData><Data Name=\"updateGuid\">{8320a6c0-264a-4dde-95d3-6ce4e7f9bf28}</Data>\n<Data Name=\"updateRevisionNumber\">200</Data>\n</EventData>\n</Event>\n"
  },
  {
    "EventID": 30,
    "Timestamp": "2014-01-25 02:16:47.622223+00:00",
    "Computer": "IACIS-HDD-2014",
    "Channel": "Microsoft-Windows-WindowsUpdateClient/Operational",
    "Level": "Information",
    "EventData": {},
    "RawXml": "<Event xmlns=\"http://schemas.microsoft.com/win/2004/08/events/event\"><System><Provider Name=\"Microsoft-Windows-WindowsUpdateClient\" Guid=\"{945a8954-c147-4acd-923f-40c45405a658}\"></Provider>\n<EventID Qualifiers=\"\">30</EventID>\n<Version>0</Version>\n<Level>4</Level>\n<Task>1</Task>\n<Opcode>17</Opcode>\n<Keywords>0x4000000000000001</Keywords>\n<TimeCreated SystemTime=\"2014-01-25 02:16:47.622223+00:00\"></TimeCreated>\n<EventRecordID>307</EventRecordID>\n<Correlation ActivityID=\"\" RelatedActivityID=\"\"></Correlation>\n<Execution ProcessID=\"888\" ThreadID=\"1216\"></Execution>\n<Channel>Microsoft-Windows-WindowsUpdateClient/Operational</Channel>\n<Computer>IACIS-HDD-2014</Computer>\n<Security UserID=\"S-1-5-18\"></Security>\n</System>\n<EventData></EventData>\n</Event>\n"
  },
  {
    "EventID": 29,
    "Timestamp": "2014-01-25 02:16:47.622223+00:00",
    "Computer": "IACIS-HDD-2014",
    "Channel": "Microsoft-Windows-WindowsUpdateClient/Operational",
    "Level": "Warning",
    "EventData": {},
    "RawXml": "<Event xmlns=\"http://schemas.microsoft.com/win/2004/08/events/event\"><System><Provider Name=\"Microsoft-Windows-WindowsUpdateClient\" Guid=\"{945a8954-c147-4acd-923f-40c45405a658}\"></Provider>\n<EventID Qualifiers=\"\">29</EventID>\n<Version>0</Version>\n<Level>3</Level>\n<Task>1</Task>\n<Opcode>17</Opcode>\n<Keywords>0x4000000000000001</Keywords>\n<TimeCreated SystemTime=\"2014-01-25 02:16:47.622223+00:00\"></TimeCreated>\n<EventRecordID>308</EventRecordID>\n<Correlation ActivityID=\"\" RelatedActivityID=\"\"></Correlation>\n<Execution ProcessID=\"888\" ThreadID=\"1216\"></Execution>\n<Channel>Microsoft-Windows-WindowsUpdateClient/Operational</Channel>\n<Computer>IACIS-HDD-2014</Computer>\n<Security UserID=\"S-1-5-18\"></Security>\n</System>\n<EventData></EventData>\n</Event>\n"
  },
  {
    "EventID": 42,
    "Timestamp": "2014-01-25 08:54:04.393291+00:00",
    "Computer": "IACIS-HDD-2014",
    "Channel": "Microsoft-Windows-WindowsUpdateClient/Operational",
    "Level": "Information",
    "EventData": {
      "hc_stateid": "0",
      "restartDate": "",
      "restartTime": ""
    },
    "RawXml": "<Event xmlns=\"http://schemas.microsoft.com/win/2004/08/events/event\"><System><Provider Name=\"Microsoft-Windows-WindowsUpdateClient\" Guid=\"{945a8954-c147-4acd-923f-40c45405a658}\"></Provider>\n<EventID Qualifiers=\"\">42</EventID>\n<Version>0</Version>\n<Level>4</Level>\n<Task>2</Task>\n<Opcode>18</Opcode>\n<Keywords>0x4000000000000480</Keywords>\n<TimeCreated SystemTime=\"2014-01-25 08:54:04.393291+00:00\"></TimeCreated>\n<EventRecordID>309</EventRecordID>\n<Correlation ActivityID=\"\" RelatedActivityID=\"\"></Correlation>\n<Execution ProcessID=\"888\" ThreadID=\"728\"></Execution>\n<Channel>Microsoft-Windows-WindowsUpdateClient/Operational</Channel>\n<Computer>IACIS-HDD-2014</Computer>\n<Security UserID=\"S-1-5-18\"></Security>\n</System>\n<EventData><Data Name=\"hc_stateid\">0</Data>\n<Data Name=\"restartDate\"></Data>\n<Data Name=\"restartTime\"></Data>\n</EventData>\n</Event>\n"
  },
  {
    "EventID": 42,
    "Timestamp": "2014-01-25 08:54:04.393291+00:00",
    "Computer": "IACIS-HDD-2014",
    "Channel": "Microsoft-Windows-WindowsUpdateClient/Operational",
    "Level": "Information",
    "EventData": {
      "hc_stateid": "2",
      "restartDate": "‎1/‎26/‎2014",
      "restartTime": "3:00 AM"
    },
    "RawXml": "<Event xmlns=\"http://schemas.microsoft.com/win/2004/08/events/event\"><System><Provider Name=\"Microsoft-Windows-WindowsUpdateClient\" Guid=\"{945a8954-c147-4acd-923f-40c45405a658}\"></Provider>\n<EventID Qualifiers=\"\">42</EventID>\n<Version>0</Version>\n<Level>4</Level>\n<Task>2</Task>\n<Opcode>18</Opcode>\n<Keywords>0x4000000000000480</Keywords>\n<TimeCreated SystemTime=\"2014-01-25 08:54:04.393291+00:00\"></TimeCreated>\n<EventRecordID>310</EventRecordID>\n<Correlation ActivityID=\"\" RelatedActivityID=\"\"></Correlation>\n<Execution ProcessID=\"888\" ThreadID=\"728\"></Execution>\n<Channel>Microsoft-Windows-WindowsUpdateClient/Operational</Channel>\n<Computer>IACIS-HDD-2014</Computer>\n<Security UserID=\"S-1-5-18\"></Security>\n</System>\n<EventData><Data Name=\"hc_stateid\">2</Data>\n<Data Name=\"restartDate\">&#8206;1/&#8206;26/&#8206;2014</Data>\n<Data Name=\"restartTime\">3:00 AM</Data>\n</EventData>\n</Event>\n"
  },
  {
    "EventID": 42,
    "Timestamp": "2014-01-25 08:54:04.393291+00:00",
    "Computer": "IACIS-HDD-2014",
    "Channel": "Microsoft-Windows-WindowsUpdateClient/Operational",
    "Level": "Information",
    "EventData": {
      "hc_stateid": "0",
      "restartDate": "",
      "restartTime": ""
    },
    "RawXml": "<Event xmlns=\"http://schemas.microsoft.com/win/2004/08/events/event\"><System><Provider Name=\"Microsoft-Windows-WindowsUpdateClient\" Guid=\"{945a8954-c147-4acd-923f-40c45405a658}\"></Provider>\n<EventID Qualifiers=\"\">42</EventID>\n<Version>0</Version>\n<Level>4</Level>\n<Task>2</Task>\n<Opcode>18</Opcode>\n<Keywords>0x4000000000000480</Keywords>\n<TimeCreated SystemTime=\"2014-01-25 08:54:04.393291+00:00\"></TimeCreated>\n<EventRecordID>311</EventRecordID>\n<Correlation ActivityID=\"\" RelatedActivityID=\"\"></Correlation>\n<Execution ProcessID=\"888\" ThreadID=\"728\"></Execution>\n<Channel>Microsoft-Windows-WindowsUpdateClient/Operational</Channel>\n<Computer>IACIS-HDD-2014</Computer>\n<Security UserID=\"S-1-5-18\"></Security>\n</System>\n<EventData><Data Name=\"hc_stateid\">0</Data>\n<Data Name=\"restartDate\"></Data>\n<Data Name=\"restartTime\"></Data>\n</EventData>\n</Event>\n"
  },
  {
    "EventID": 39,
    "Timestamp": "2014-01-25 08:54:04.393291+00:00",
    "Computer": "IACIS-HDD-2014",
    "Channel": "Microsoft-Windows-WindowsUpdateClient/Operational",
    "Level": "Information",
    "EventData": {},
    "RawXml": "<Event xmlns=\"http://schemas.microsoft.com/win/2004/08/events/event\"><System><Provider Name=\"Microsoft-Windows-WindowsUpdateClient\" Guid=\"{945a8954-c147-4acd-923f-40c45405a658}\"></Provider>\n<EventID Qualifiers=\"\">39</EventID>\n<Version>0</Version>\n<Level>4</Level>\n<Task>1</Task>\n<Opcode>17</Opcode>\n<Keywords>0x4000000000000280</Keywords>\n<TimeCreated SystemTime=\"2014-01-25 08:54:04.393291+00:00\"></TimeCreated>\n<EventRecordID>312</EventRecordID>\n<Correlation ActivityID=\"\" RelatedActivityID=\"\"></Correlation>\n<Execution ProcessID=\"888\" ThreadID=\"728\"></Execution>\n<Channel>Microsoft-Windows-WindowsUpdateClient/Operational</Channel>\n<Computer>IACIS-HDD-2014</Computer>\n<Security UserID=\"S-1-5-18\"></Security>\n</System>\n<EventData></EventData>\n</Event>\n"
  },
  {
    "EventID": 39,
    "Timestamp": "2014-01-25 13:28:05.799753+00:00",
    "Computer": "IACIS-HDD-2014",
    "Channel": "Microsoft-Windows-WindowsUpdateClient/Operational",
    "Level": "Information",
    "EventData": {},
    "RawXml": "<Event xmlns=\"http://schemas.microsoft.com/win/2004/08/events/event\"><System><Provider Name=\"Microsoft-Windows-WindowsUpdateClient\" Guid=\"{945a8954-c147-4acd-923f-40c45405a658}\"></Provider>\n<EventID Qualifiers=\"\">39</EventID>\n<Version>0</Version>\n<Level>4</Level>\n<Task>1</Task>\n<Opcode>17</Opcode>\n<Keywords>0x4000000000000280</Keywords>\n<TimeCreated SystemTime=\"2014-01-25 13:28:05.799753+00:00\"></TimeCreated>\n<EventRecordID>313</EventRecordID>\n<Correlation ActivityID=\"\" RelatedActivityID=\"\"></Correlation>\n<Execution ProcessID=\"824\" ThreadID=\"1372\"></Execution>\n<Channel>Microsoft-Windows-WindowsUpdateClient/Operational</Channel>\n<Computer>IACIS-HDD-2014</Computer>\n<Security UserID=\"S-1-5-18\"></Security>\n</System>\n<EventData></EventData>\n</Event>\n"
  },
  {
    "EventID": 42,
    "Timestamp": "2014-01-25 13:36:45.465158+00:00",
    "Computer": "IACIS-HDD-2014",
    "Channel": "Microsoft-Windows-WindowsUpdateClient/Operational",
    "Level": "Information",
    "EventData": {
      "hc_stateid": "0",
      "restartDate": "",
      "restartTime": ""
    },
    "RawXml": "<Event xmlns=\"http://schemas.microsoft.com/win/2004/08/events/event\"><System><Provider Name=\"Microsoft-Windows-WindowsUpdateClient\" Guid=\"{945a8954-c147-4acd-923f-40c45405a658}\"></Provider>\n<EventID Qualifiers=\"\">42</EventID>\n<Version>0</Version>\n<Level>4</Level>\n<Task>2</Task>\n<Opcode>18</Opcode>\n<Keywords>0x4000000000000480</Keywords>\n<TimeCreated SystemTime=\"2014-01-25 13:36:45.465158+00:00\"></TimeCreated>\n<EventRecordID>314</EventRecordID>\n<Correlation ActivityID=\"\" RelatedActivityID=\"\"></Correlation>\n<Execution ProcessID=\"860\" ThreadID=\"2108\"></Execution>\n<Channel>Microsoft-Windows-WindowsUpdateClient/Operational</Channel>\n<Computer>IACIS-HDD-2014</Computer>\n<Security UserID=\"S-1-5-18\"></Security>\n</System>\n<EventData><Data Name=\"hc_stateid\">0</Data>\n<Data Name=\"restartDate\"></Data>\n<Data Name=\"restartTime\"></Data>\n</EventData>\n</Event>\n"
  },
