  {
    "EventID": 9,
    "Timestamp": "2014-01-25 16:14:48.707932+00:00",
    "Computer": "IACIS-HDD-2014",
    "Channel": "Microsoft-Windows-WindowsSystemAssessmentTool/Operational",
    "Level": "Information",
    "EventData": {
      "PhaseID": "1006",
      "DescriptionSize": "228",
      "Description": "Run Assessment, d3d, -dx10  -aname CBuffer -time 5 -fbc 10 -disp off -animate 10 -width 1280 -height 1024 -totalobj 75 -batchcnt C(25) -objs C(8) -rendertotex 6 -rtdelta 3 -texpobj C(1) -cbuffershader -cbufa 2 -cbuff 5 -cbufp 6"
    },
    "RawXml": "<Event xmlns=\"http://schemas.microsoft.com/win/2004/08/events/event\"><System><Provider Name=\"Microsoft-Windows-WindowsSystemAssessmentTool\" Guid=\"{11a75546-3234-465e-bec8-2d301cb501ac}\"></Provider>\n<EventID Qualifiers=\"\">9</EventID>\n<Version>0</Version>\n<Level>4</Level>\n<Task>1</Task>\n<Opcode>0</Opcode>\n<Keywords>0x8000000000000000</Keywords>\n<TimeCreated SystemTime=\"2014-01-25 16:14:48.707932+00:00\"></TimeCreated>\n<EventRecordID>77</EventRecordID>\n<Correlation ActivityID=\"\" RelatedActivityID=\"\"></Correlation>\n<Execution ProcessID=\"2608\" ThreadID=\"2732\"></Execution>\n<Channel>Microsoft-Windows-WindowsSystemAssessmentTool/Operational</Channel>\n<Computer>IACIS-HDD-2014</Computer>\n<Security UserID=\"S-1-5-21-1171287513-3642516788-2358256967-1001\"></Security>\n</System>\n<EventData><Data Name=\"PhaseID\">1006</Data>\n<Data Name=\"DescriptionSize\">228</Data>\n<Data Name=\"Description\">Run Assessment, d3d, -dx10  -aname CBuffer -time 5 -fbc 10 -disp off -animate 10 -width 1280 -height 1024 -totalobj 75 -batchcnt C(25) -objs C(8) -rendertotex 6 -rtdelta 3 -texpobj C(1) -cbuffershader -cbufa 2 -cbuff 5 -cbufp 6</Data>\n</EventData>\n</Event>\n"
  },
  {
    "EventID": 10,
    "Timestamp": "2014-01-25 16:14:48.707932+00:00",
    "Computer": "IACIS-HDD-2014",
    "Channel": "Microsoft-Windows-WindowsSystemAssessmentTool/Operational",
    "Level": "Information",
    "EventData": {
      "PhaseID": "1006"
    },
    "RawXml": "<Event xmlns=\"http://schemas.microsoft.com/win/2004/08/events/event\"><System><Provider Name=\"Microsoft-Windows-WindowsSystemAssessmentTool\" Guid=\"{11a75546-3234-465e-bec8-2d301cb501ac}\"></Provider>\n<EventID Qualifiers=\"\">10</EventID>\n<Version>0</Version>\n<Level>4</Level>\n<Task>1</Task>\n<Opcode>0</Opcode>\n<Keywords>0x8000000000000000</Keywords>\n<TimeCreated SystemTime=\"2014-01-25 16:14:48.707932+00:00\"></TimeCreated>\n<EventRecordID>78</EventRecordID>\n<Correlation ActivityID=\"\" RelatedActivityID=\"\"></Correlation>\n<Execution ProcessID=\"2608\" ThreadID=\"2732\"></Execution>\n<Channel>Microsoft-Windows-WindowsSystemAssessmentTool/Operational</Channel>\n<Computer>IACIS-HDD-2014</Computer>\n<Security UserID=\"S-1-5-21-1171287513-3642516788-2358256967-1001\"></Security>\n</System>\n<EventData><Data Name=\"PhaseID\">1006</Data>\n</EventData>\n</Event>\n"
  },
  {
    "EventID": 9,
    "Timestamp": "2014-01-25 16:14:48.707932+00:00",
    "Computer": "IACIS-HDD-2014",
    "Channel": "Microsoft-Windows-WindowsSystemAssessmentTool/Operational",
    "Level": "Information",
    "EventData": {
      "PhaseID": "1008",
      "DescriptionSize": "80",
      "Description": "Run Assessment, mfmedia, -input C:\\Windows\\Performance\\WinSAT\\winsat.wmv -nopmp"
    },
    "RawXml": "<Event xmlns=\"http://schemas.microsoft.com/win/2004/08/events/event\"><System><Provider Name=\"Microsoft-Windows-WindowsSystemAssessmentTool\" Guid=\"{11a75546-3234-465e-bec8-2d301cb501ac}\"></Provider>\n<EventID Qualifiers=\"\">9</EventID>\n<Version>0</Version>\n<Level>4</Level>\n<Task>1</Task>\n<Opcode>0</Opcode>\n<Keywords>0x8000000000000000</Keywords>\n<TimeCreated SystemTime=\"2014-01-25 16:14:48.707932+00:00\"></TimeCreated>\n<EventRecordID>79</EventRecordID>\n<Correlation ActivityID=\"\" RelatedActivityID=\"\"></Correlation>\n<Execution ProcessID=\"2608\" ThreadID=\"2732\"></Execution>\n<Channel>Microsoft-Windows-WindowsSystemAssessmentTool/Operational</Channel>\n<Computer>IACIS-HDD-2014</Computer>\n<Security UserID=\"S-1-5-21-1171287513-3642516788-2358256967-1001\"></Security>\n</System>\n<EventData><Data Name=\"PhaseID\">1008</Data>\n<Data Name=\"DescriptionSize\">80</Data>\n<Data Name=\"Description\">Run Assessment, mfmedia, -input C:\\Windows\\Performance\\WinSAT\\winsat.wmv -nopmp</Data>\n</EventData>\n</Event>\n"
  },
  {
    "EventID": 10,
    "Timestamp": "2014-01-25 16:14:54.413139+00:00",
    "Computer": "IACIS-HDD-2014",
    "Channel": "Microsoft-Windows-WindowsSystemAssessmentTool/Operational",
    "Level": "Information",
    "EventData": {
      "PhaseID": "1008"
    },
    "RawXml": "<Event xmlns=\"http://schemas.microsoft.com/win/2004/08/events/event\"><System><Provider Name=\"Microsoft-Windows-WindowsSystemAssessmentTool\" Guid=\"{11a75546-3234-465e-bec8-2d301cb501ac}\"></Provider>\n<EventID Qualifiers=\"\">10</EventID>\n<Version>0</Version>\n<Level>4</Level>\n<Task>1</Task>\n<Opcode>0</Opcode>\n<Keywords>0x8000000000000000</Keywords>\n<TimeCreated SystemTime=\"2014-01-25 16:14:54.413139+00:00\"></TimeCreated>\n<EventRecordID>80</EventRecordID>\n<Correlation ActivityID=\"\" RelatedActivityID=\"\"></Correlation>\n<Execution ProcessID=\"2608\" ThreadID=\"2732\"></Execution>\n<Channel>Microsoft-Windows-WindowsSystemAssessmentTool/Operational</Channel>\n<Computer>IACIS-HDD-2014</Computer>\n<Security UserID=\"S-1-5-21-1171287513-3642516788-2358256967-1001\"></Security>\n</System>\n<EventData><Data Name=\"PhaseID\">1008</Data>\n</EventData>\n</Event>\n"
  },
  {
    "EventID": 9,
    "Timestamp": "2014-01-25 16:14:54.413139+00:00",
    "Computer": "IACIS-HDD-2014",
    "Channel": "Microsoft-Windows-WindowsSystemAssessmentTool/Operational",
    "Level": "Information",
    "EventData": {
      "PhaseID": "1009",
      "DescriptionSize": "251",
      "Description": "Run Assessment, mediaex, -input C:\\Windows\\Performance\\WinSAT\\Clip_1080_5sec_MPEG2_HD_15mbps.mpg -dshow -video offscreen -audio mute -width 100%m -height 100%m -constrain -savereg -autoprofname -expfrmmin 270 -expfrmmax 300 -overrideframetype int2fps"
    },
    "RawXml": "<Event xmlns=\"http://schemas.microsoft.com/win/2004/08/events/event\"><System><Provider Name=\"Microsoft-Windows-WindowsSystemAssessmentTool\" Guid=\"{11a75546-3234-465e-bec8-2d301cb501ac}\"></Provider>\n<EventID Qualifiers=\"\">9</EventID>\n<Version>0</Version>\n<Level>4</Level>\n<Task>1</Task>\n<Opcode>0</Opcode>\n<Keywords>0x8000000000000000</Keywords>\n<TimeCreated SystemTime=\"2014-01-25 16:14:54.413139+00:00\"></TimeCreated>\n<EventRecordID>81</EventRecordID>\n<Correlation ActivityID=\"\" RelatedActivityID=\"\"></Correlation>\n<Execution ProcessID=\"2608\" ThreadID=\"2732\"></Execution>\n<Channel>Microsoft-Windows-WindowsSystemAssessmentTool/Operational</Channel>\n<Computer>IACIS-HDD-2014</Computer>\n<Security UserID=\"S-1-5-21-1171287513-3642516788-2358256967-1001\"></Security>\n</System>\n<EventData><Data Name=\"PhaseID\">1009</Data>\n<Data Name=\"DescriptionSize\">251</Data>\n<Data Name=\"Description\">Run Assessment, mediaex, -input C:\\Windows\\Performance\\WinSAT\\Clip_1080_5sec_MPEG2_HD_15mbps.mpg -dshow -video offscreen -audio mute -width 100%m -height 100%m -constrain -savereg -autoprofname -expfrmmin 270 -expfrmmax 300 -overrideframetype int2fps</Data>\n</EventData>\n</Event>\n"
  },
  {
    "EventID": 10,
    "Timestamp": "2014-01-25 16:14:54.423138+00:00",
    "Computer": "IACIS-HDD-2014",
    "Channel": "Microsoft-Windows-WindowsSystemAssessmentTool/Operational",
    "Level": "Information",
    "EventData": {
      "PhaseID": "1009"
    },
    "RawXml": "<Event xmlns=\"http://schemas.microsoft.com/win/2004/08/events/event\"><System><Provider Name=\"Microsoft-Windows-WindowsSystemAssessmentTool\" Guid=\"{11a75546-3234-465e-bec8-2d301cb501ac}\"></Provider>\n<EventID Qualifiers=\"\">10</EventID>\n<Version>0</Version>\n<Level>4</Level>\n<Task>1</Task>\n<Opcode>0</Opcode>\n<Keywords>0x8000000000000000</Keywords>\n<TimeCreated SystemTime=\"2014-01-25 16:14:54.423138+00:00\"></TimeCreated>\n<EventRecordID>82</EventRecordID>\n<Correlation ActivityID=\"\" RelatedActivityID=\"\"></Correlation>\n<Execution ProcessID=\"2608\" ThreadID=\"2732\"></Execution>\n<Channel>Microsoft-Windows-WindowsSystemAssessmentTool/Operational</Channel>\n<Computer>IACIS-HDD-2014</Computer>\n<Security UserID=\"S-1-5-21-1171287513-3642516788-2358256967-1001\"></Security>\n</System>\n<EventData><Data Name=\"PhaseID\">1009</Data>\n</EventData>\n</Event>\n"
  },
  {
    "EventID": 9,
    "Timestamp": "2014-01-25 16:14:54.423138+00:00",
    "Computer": "IACIS-HDD-2014",
    "Channel": "Microsoft-Windows-WindowsSystemAssessmentTool/Operational",
    "Level": "Information",
    "EventData": {
      "PhaseID": "1009",
      "DescriptionSize": "236",
      "Description": "Run Assessment, mediaex, -input C:\\Windows\\Performance\\WinSAT\\Clip_1080_5sec_VC1_15mbps.wmv -video offscreen -audio mute -width 100%m -height 100%m -constrain -savereg -autoprofname -expfrmmin 135 -expfrmmax 150 -overrideframetype prog"
    },
    "RawXml": "<Event xmlns=\"http://schemas.microsoft.com/win/2004/08/events/event\"><System><Provider Name=\"Microsoft-Windows-WindowsSystemAssessmentTool\" Guid=\"{11a75546-3234-465e-bec8-2d301cb501ac}\"></Provider>\n<EventID Qualifiers=\"\">9</EventID>\n<Version>0</Version>\n<Level>4</Level>\n<Task>1</Task>\n<Opcode>0</Opcode>\n<Keywords>0x8000000000000000</Keywords>\n<TimeCreated SystemTime=\"2014-01-25 16:14:54.423138+00:00\"></TimeCreated>\n<EventRecordID>83</EventRecordID>\n<Correlation ActivityID=\"\" RelatedActivityID=\"\"></Correlation>\n<Execution ProcessID=\"2608\" ThreadID=\"2732\"></Execution>\n<Channel>Microsoft-Windows-WindowsSystemAssessmentTool/Operational</Channel>\n<Computer>IACIS-HDD-2014</Computer>\n<Security UserID=\"S-1-5-21-1171287513-3642516788-2358256967-1001\"></Security>\n</System>\n<EventData><Data Name=\"PhaseID\">1009</Data>\n<Data Name=\"DescriptionSize\">236</Data>\n<Data Name=\"Description\">Run Assessment, mediaex, -input C:\\Windows\\Performance\\WinSAT\\Clip_1080_5sec_VC1_15mbps.wmv -video offscreen -audio mute -width 100%m -height 100%m -constrain -savereg -autoprofname -expfrmmin 135 -expfrmmax 150 -overrideframetype prog</Data>\n</EventData>\n</Event>\n"
  },
  {
    "EventID": 10,
    "Timestamp": "2014-01-25 16:14:54.423138+00:00",
    "Computer": "IACIS-HDD-2014",
    "Channel": "Microsoft-Windows-WindowsSystemAssessmentTool/Operational",
    "Level": "Information",
    "EventData": {
      "PhaseID": "1009"
    },
    "RawXml": "<Event xmlns=\"http://schemas.microsoft.com/win/2004/08/events/event\"><System><Provider Name=\"Microsoft-Windows-WindowsSystemAssessmentTool\" Guid=\"{11a75546-3234-465e-bec8-2d301cb501ac}\"></Provider>\n<EventID Qualifiers=\"\">10</EventID>\n<Version>0</Version>\n<Level>4</Level>\n<Task>1</Task>\n<Opcode>0</Opcode>\n<Keywords>0x8000000000000000</Keywords>\n<TimeCreated SystemTime=\"2014-01-25 16:14:54.423138+00:00\"></TimeCreated>\n<EventRecordID>84</EventRecordID>\n<Correlation ActivityID=\"\" RelatedActivityID=\"\"></Correlation>\n<Execution ProcessID=\"2608\" ThreadID=\"2732\"></Execution>\n<Channel>Microsoft-Windows-WindowsSystemAssessmentTool/Operational</Channel>\n<Computer>IACIS-HDD-2014</Computer>\n<Security UserID=\"S-1-5-21-1171287513-3642516788-2358256967-1001\"></Security>\n</System>\n<EventData><Data Name=\"PhaseID\">1009</Data>\n</EventData>\n</Event>\n"
  },
  {
    "EventID": 9,
    "Timestamp": "2014-01-25 16:14:54.423138+00:00",
    "Computer": "IACIS-HDD-2014",
    "Channel": "Microsoft-Windows-WindowsSystemAssessmentTool/Operational",
    "Level": "Information",
    "EventData": {
      "PhaseID": "1009",
      "DescriptionSize": "245",
      "Description": "Run Assessment, mediaex, -input C:\\Windows\\Performance\\WinSAT\\Clip_480i_5sec_6mbps_new.mpg -dshow -video offscreen -audio mute -width 100%m -height 100%m -constrain -savereg -autoprofname -expfrmmin 270 -expfrmmax 300 -overrideframetype int2fps"
    },
    "RawXml": "<Event xmlns=\"http://schemas.microsoft.com/win/2004/08/events/event\"><System><Provider Name=\"Microsoft-Windows-WindowsSystemAssessmentTool\" Guid=\"{11a75546-3234-465e-bec8-2d301cb501ac}\"></Provider>\n<EventID Qualifiers=\"\">9</EventID>\n<Version>0</Version>\n<Level>4</Level>\n<Task>1</Task>\n<Opcode>0</Opcode>\n<Keywords>0x8000000000000000</Keywords>\n<TimeCreated SystemTime=\"2014-01-25 16:14:54.423138+00:00\"></TimeCreated>\n<EventRecordID>85</EventRecordID>\n<Correlation ActivityID=\"\" RelatedActivityID=\"\"></Correlation>\n<Execution ProcessID=\"2608\" ThreadID=\"2732\"></Execution>\n<Channel>Microsoft-Windows-WindowsSystemAssessmentTool/Operational</Channel>\n<Computer>IACIS-HDD-2014</Computer>\n<Security UserID=\"S-1-5-21-1171287513-3642516788-2358256967-1001\"></Security>\n</System>\n<EventData><Data Name=\"PhaseID\">1009</Data>\n<Data Name=\"DescriptionSize\">245</Data>\n<Data Name=\"Description\">Run Assessment, mediaex, -input C:\\Windows\\Performance\\WinSAT\\Clip_480i_5sec_6mbps_new.mpg -dshow -video offscreen -audio mute -width 100%m -height 100%m -constrain -savereg -autoprofname -expfrmmin 270 -expfrmmax 300 -overrideframetype int2fps</Data>\n</EventData>\n</Event>\n"
  },
  {
    "EventID": 10,
    "Timestamp": "2014-01-25 16:14:54.423138+00:00",
    "Computer": "IACIS-HDD-2014",
    "Channel": "Microsoft-Windows-WindowsSystemAssessmentTool/Operational",
    "Level": "Information",
    "EventData": {
      "PhaseID": "1009"
    },
    "RawXml": "<Event xmlns=\"http://schemas.microsoft.com/win/2004/08/events/event\"><System><Provider Name=\"Microsoft-Windows-WindowsSystemAssessmentTool\" Guid=\"{11a75546-3234-465e-bec8-2d301cb501ac}\"></Provider>\n<EventID Qualifiers=\"\">10</EventID>\n<Version>0</Version>\n<Level>4</Level>\n<Task>1</Task>\n<Opcode>0</Opcode>\n<Keywords>0x8000000000000000</Keywords>\n<TimeCreated SystemTime=\"2014-01-25 16:14:54.423138+00:00\"></TimeCreated>\n<EventRecordID>86</EventRecordID>\n<Correlation ActivityID=\"\" RelatedActivityID=\"\"></Correlation>\n<Execution ProcessID=\"2608\" ThreadID=\"2732\"></Execution>\n<Channel>Microsoft-Windows-WindowsSystemAssessmentTool/Operational</Channel>\n<Computer>IACIS-HDD-2014</Computer>\n<Security UserID=\"S-1-5-21-1171287513-3642516788-2358256967-1001\"></Security>\n</System>\n<EventData><Data Name=\"PhaseID\">1009</Data>\n</EventData>\n</Event>\n"
  },
  {
    "EventID": 9,
    "Timestamp": "2014-01-25 16:14:54.423138+00:00",
    "Computer": "IACIS-HDD-2014",
    "Channel": "Microsoft-Windows-WindowsSystemAssessmentTool/Operational",
    "Level": "Information",
    "EventData": {
      "PhaseID": "1009",
      "DescriptionSize": "242",
      "Description": "Run Assessment, mediaex, -input C:\\Windows\\Performance\\WinSAT\\Clip_480p_5sec_6mbps_new.mpg -dshow -video offscreen -audio mute -width 100%m -height 100%m -constrain -savereg -autoprofname -expfrmmin 135 -expfrmmax 150 -overrideframetype prog"
    },
    "RawXml": "<Event xmlns=\"http://schemas.microsoft.com/win/2004/08/events/event\"><System><Provider Name=\"Microsoft-Windows-WindowsSystemAssessmentTool\" Guid=\"{11a75546-3234-465e-bec8-2d301cb501ac}\"></Provider>\n<EventID Qualifiers=\"\">9</EventID>\n<Version>0</Version>\n<Level>4</Level>\n<Task>1</Task>\n<Opcode>0</Opcode>\n<Keywords>0x8000000000000000</Keywords>\n<TimeCreated SystemTime=\"2014-01-25 16:14:54.423138+00:00\"></TimeCreated>\n<EventRecordID>87</EventRecordID>\n<Correlation ActivityID=\"\" RelatedActivityID=\"\"></Correlation>\n<Execution ProcessID=\"2608\" ThreadID=\"2732\"></Execution>\n<Channel>Microsoft-Windows-WindowsSystemAssessmentTool/Operational</Channel>\n<Computer>IACIS-HDD-2014</Computer>\n<Security UserID=\"S-1-5-21-1171287513-3642516788-2358256967-1001\"></Security>\n</System>\n<EventData><Data Name=\"PhaseID\">1009</Data>\n<Data Name=\"DescriptionSize\">242</Data>\n<Data Name=\"Description\">Run Assessment, mediaex, -input C:\\Windows\\Performance\\WinSAT\\Clip_480p_5sec_6mbps_new.mpg -dshow -video offscreen -audio mute -width 100%m -height 100%m -constrain -savereg -autoprofname -expfrmmin 135 -expfrmmax 150 -overrideframetype prog</Data>\n</EventData>\n</Event>\n"
  },
  {
    "EventID": 10,
    "Timestamp": "2014-01-25 16:14:54.423138+00:00",
    "Computer": "IACIS-HDD-2014",
    "Channel": "Microsoft-Windows-WindowsSystemAssessmentTool/Operational",
    "Level": "Information",
    "EventData": {
      "PhaseID": "1009"
    },
    "RawXml": "<Event xmlns=\"http://schemas.microsoft.com/win/2004/08/events/event\"><System><Provider Name=\"Microsoft-Windows-WindowsSystemAssessmentTool\" Guid=\"{11a75546-3234-465e-bec8-2d301cb501ac}\"></Provider>\n<EventID Qualifiers=\"\">10</EventID>\n<Version>0</Version>\n<Level>4</Level>\n<Task>1</Task>\n<Opcode>0</Opcode>\n<Keywords>0x8000000000000000</Keywords>\n<TimeCreated SystemTime=\"2014-01-25 16:14:54.423138+00:00\"></TimeCreated>\n<EventRecordID>88</EventRecordID>\n<Correlation ActivityID=\"\" RelatedActivityID=\"\"></Correlation>\n<Execution ProcessID=\"2608\" ThreadID=\"2732\"></Execution>\n<Channel>Microsoft-Windows-WindowsSystemAssessmentTool/Operational</Channel>\n<Computer>IACIS-HDD-2014</Computer>\n<Security UserID=\"S-1-5-21-1171287513-3642516788-2358256967-1001\"></Security>\n</System>\n<EventData><Data Name=\"PhaseID\">1009</Data>\n</EventData>\n</Event>\n"
  },
  {
    "EventID": 9,
    "Timestamp": "2014-01-25 16:14:54.423138+00:00",
    "Computer": "IACIS-HDD-2014",
    "Channel": "Microsoft-Windows-WindowsSystemAssessmentTool/Operational",
    "Level": "Information",
    "EventData": {
      "PhaseID": "1009",
      "DescriptionSize": "237",
      "Description": "Run Assessment, mediaex, -input C:\\Windows\\Performance\\WinSAT\\Clip_1080_5sec_10mbps_h264.mp4 -video offscreen -audio mute -width 100%m -height 100%m -constrain -savereg -autoprofname -expfrmmin 135 -expfrmmax 150 -overrideframetype prog"
    },
    "RawXml": "<Event xmlns=\"http://schemas.microsoft.com/win/2004/08/events/event\"><System><Provider Name=\"Microsoft-Windows-WindowsSystemAssessmentTool\" Guid=\"{11a75546-3234-465e-bec8-2d301cb501ac}\"></Provider>\n<EventID Qualifiers=\"\">9</EventID>\n<Version>0</Version>\n<Level>4</Level>\n<Task>1</Task>\n<Opcode>0</Opcode>\n<Keywords>0x8000000000000000</Keywords>\n<TimeCreated SystemTime=\"2014-01-25 16:14:54.423138+00:00\"></TimeCreated>\n<EventRecordID>89</EventRecordID>\n<Correlation ActivityID=\"\" RelatedActivityID=\"\"></Correlation>\n<Execution ProcessID=\"2608\" ThreadID=\"2732\"></Execution>\n<Channel>Microsoft-Windows-WindowsSystemAssessmentTool/Operational</Channel>\n<Computer>IACIS-HDD-2014</Computer>\n<Security UserID=\"S-1-5-21-1171287513-3642516788-2358256967-1001\"></Security>\n</System>\n<EventData><Data Name=\"PhaseID\">1009</Data>\n<Data Name=\"DescriptionSize\">237</Data>\n<Data Name=\"Description\">Run Assessment, mediaex, -input C:\\Windows\\Performance\\WinSAT\\Clip_1080_5sec_10mbps_h264.mp4 -video offscreen -audio mute -width 100%m -height 100%m -constrain -savereg -autoprofname -expfrmmin 135 -expfrmmax 150 -overrideframetype prog</Data>\n</EventData>\n</Event>\n"
  },
  {
    "EventID": 10,
    "Timestamp": "2014-01-25 16:14:54.423138+00:00",
    "Computer": "IACIS-HDD-2014",
    "Channel": "Microsoft-Windows-WindowsSystemAssessmentTool/Operational",
    "Level": "Information",
    "EventData": {
      "PhaseID": "1009"
    },
    "RawXml": "<Event xmlns=\"http://schemas.microsoft.com/win/2004/08/events/event\"><System><Provider Name=\"Microsoft-Windows-WindowsSystemAssessmentTool\" Guid=\"{11a75546-3234-465e-bec8-2d301cb501ac}\"></Provider>\n<EventID Qualifiers=\"\">10</EventID>\n<Version>0</Version>\n<Level>4</Level>\n<Task>1</Task>\n<Opcode>0</Opcode>\n<Keywords>0x8000000000000000</Keywords>\n<TimeCreated SystemTime=\"2014-01-25 16:14:54.423138+00:00\"></TimeCreated>\n<EventRecordID>90</EventRecordID>\n<Correlation ActivityID=\"\" RelatedActivityID=\"\"></Correlation>\n<Execution ProcessID=\"2608\" ThreadID=\"2732\"></Execution>\n<Channel>Microsoft-Windows-WindowsSystemAssessmentTool/Operational</Channel>\n<Computer>IACIS-HDD-2014</Computer>\n<Security UserID=\"S-1-5-21-1171287513-3642516788-2358256967-1001\"></Security>\n</System>\n<EventData><Data Name=\"PhaseID\">1009</Data>\n</EventData>\n</Event>\n"
  },
  {
    "EventID": 9,
    "Timestamp": "2014-01-25 16:14:54.423138+00:00",
    "Computer": "IACIS-HDD-2014",
    "Channel": "Microsoft-Windows-WindowsSystemAssessmentTool/Operational",
    "Level": "Information",
    "EventData": {
      "PhaseID": "1009",
      "DescriptionSize": "238",
      "Description": "Run Assessment, mediaex, -input C:\\Windows\\Performance\\WinSAT\\Clip_480_5sec_6mbps_h264.mp4 -video offscreen -audio mute -width 100%m -height 100%m -constrain -savereg -autoprofname -expfrmmin 270 -expfrmmax 300 -overrideframetype int2fps"
    },
    "RawXml": "<Event xmlns=\"http://schemas.microsoft.com/win/2004/08/events/event\"><System><Provider Name=\"Microsoft-Windows-WindowsSystemAssessmentTool\" Guid=\"{11a75546-3234-465e-bec8-2d301cb501ac}\"></Provider>\n<EventID Qualifiers=\"\">9</EventID>\n<Version>0</Version>\n<Level>4</Level>\n<Task>1</Task>\n<Opcode>0</Opcode>\n<Keywords>0x8000000000000000</Keywords>\n<TimeCreated SystemTime=\"2014-01-25 16:14:54.423138+00:00\"></TimeCreated>\n<EventRecordID>91</EventRecordID>\n<Correlation ActivityID=\"\" RelatedActivityID=\"\"></Correlation>\n<Execution ProcessID=\"2608\" ThreadID=\"2732\"></Execution>\n<Channel>Microsoft-Windows-WindowsSystemAssessmentTool/Operational</Channel>\n<Computer>IACIS-HDD-2014</Computer>\n<Security UserID=\"S-1-5-21-1171287513-3642516788-2358256967-1001\"></Security>\n</System>\n<EventData><Data Name=\"PhaseID\">1009</Data>\n<Data Name=\"DescriptionSize\">238</Data>\n<Data Name=\"Description\">Run Assessment, mediaex, -input C:\\Windows\\Performance\\WinSAT\\Clip_480_5sec_6mbps_h264.mp4 -video offscreen -audio mute -width 100%m -height 100%m -constrain -savereg -autoprofname -expfrmmin 270 -expfrmmax 300 -overrideframetype int2fps</Data>\n</EventData>\n</Event>\n"
  },
  {
    "EventID": 10,
    "Timestamp": "2014-01-25 16:14:54.438738+00:00",
    "Computer": "IACIS-HDD-2014",
    "Channel": "Microsoft-Windows-WindowsSystemAssessmentTool/Operational",
    "Level": "Information",
    "EventData": {
      "PhaseID": "1009"
    },
    "RawXml": "<Event xmlns=\"http://schemas.microsoft.com/win/2004/08/events/event\"><System><Provider Name=\"Microsoft-Windows-WindowsSystemAssessmentTool\" Guid=\"{11a75546-3234-465e-bec8-2d301cb501ac}\"></Provider>\n<EventID Qualifiers=\"\">10</EventID>\n<Version>0</Version>\n<Level>4</Level>\n<Task>1</Task>\n<Opcode>0</Opcode>\n<Keywords>0x8000000000000000</Keywords>\n<TimeCreated SystemTime=\"2014-01-25 16:14:54.438738+00:00\"></TimeCreated>\n<EventRecordID>92</EventRecordID>\n<Correlation ActivityID=\"\" RelatedActivityID=\"\"></Correlation>\n<Execution ProcessID=\"2608\" ThreadID=\"2732\"></Execution>\n<Channel>Microsoft-Windows-WindowsSystemAssessmentTool/Operational</Channel>\n<Computer>IACIS-HDD-2014</Computer>\n<Security UserID=\"S-1-5-21-1171287513-3642516788-2358256967-1001\"></Security>\n</System>\n<EventData><Data Name=\"PhaseID\">1009</Data>\n</EventData>\n</Event>\n"
  },
  {
    "EventID": 9,
    "Timestamp": "2014-01-25 16:14:54.438738+00:00",
    "Computer": "IACIS-HDD-2014",
    "Channel": "Microsoft-Windows-WindowsSystemAssessmentTool/Operational",
    "Level": "Information",
    "EventData": {
      "PhaseID": "1007",
      "DescriptionSize": "126",
      "Description": "Run Assessment, media, -input C:\\Windows\\Performance\\WinSAT\\winsatencode.wmv -encode C:\\Windows\\Performance\\WinSAT\\winsat.prx"
    },
    "RawXml": "<Event xmlns=\"http://schemas.microsoft.com/win/2004/08/events/event\"><System><Provider Name=\"Microsoft-Windows-WindowsSystemAssessmentTool\" Guid=\"{11a75546-3234-465e-bec8-2d301cb501ac}\"></Provider>\n<EventID Qualifiers=\"\">9</EventID>\n<Version>0</Version>\n<Level>4</Level>\n<Task>1</Task>\n<Opcode>0</Opcode>\n<Keywords>0x8000000000000000</Keywords>\n<TimeCreated SystemTime=\"2014-01-25 16:14:54.438738+00:00\"></TimeCreated>\n<EventRecordID>93</EventRecordID>\n<Correlation ActivityID=\"\" RelatedActivityID=\"\"></Correlation>\n<Execution ProcessID=\"2608\" ThreadID=\"2732\"></Execution>\n<Channel>Microsoft-Windows-WindowsSystemAssessmentTool/Operational</Channel>\n<Computer>IACIS-HDD-2014</Computer>\n<Security UserID=\"S-1-5-21-1171287513-3642516788-2358256967-1001\"></Security>\n</System>\n<EventData><Data Name=\"PhaseID\">1007</Data>\n<Data Name=\"DescriptionSize\">126</Data>\n<Data Name=\"Description\">Run Assessment, media, -input C:\\Windows\\Performance\\WinSAT\\winsatencode.wmv -encode C:\\Windows\\Performance\\WinSAT\\winsat.prx</Data>\n</EventData>\n</Event>\n"
  },
  {
    "EventID": 10,
    "Timestamp": "2014-01-25 16:15:04.188757+00:00",
    "Computer": "IACIS-HDD-2014",
    "Channel": "Microsoft-Windows-WindowsSystemAssessmentTool/Operational",
    "Level": "Information",
    "EventData": {
      "PhaseID": "1007"
    },
    "RawXml": "<Event xmlns=\"http://schemas.microsoft.com/win/2004/08/events/event\"><System><Provider Name=\"Microsoft-Windows-WindowsSystemAssessmentTool\" Guid=\"{11a75546-3234-465e-bec8-2d301cb501ac}\"></Provider>\n<EventID Qualifiers=\"\">10</EventID>\n<Version>0</Version>\n<Level>4</Level>\n<Task>1</Task>\n<Opcode>0</Opcode>\n<Keywords>0x8000000000000000</Keywords>\n<TimeCreated SystemTime=\"2014-01-25 16:15:04.188757+00:00\"></TimeCreated>\n<EventRecordID>94</EventRecordID>\n<Correlation ActivityID=\"\" RelatedActivityID=\"\"></Correlation>\n<Execution ProcessID=\"2608\" ThreadID=\"2732\"></Execution>\n<Channel>Microsoft-Windows-WindowsSystemAssessmentTool/Operational</Channel>\n<Computer>IACIS-HDD-2014</Computer>\n<Security UserID=\"S-1-5-21-1171287513-3642516788-2358256967-1001\"></Security>\n</System>\n<EventData><Data Name=\"PhaseID\">1007</Data>\n</EventData>\n</Event>\n"
  },
  {
    "EventID": 9,
    "Timestamp": "2014-01-25 16:15:04.188757+00:00",
    "Computer": "IACIS-HDD-2014",
    "Channel": "Microsoft-Windows-WindowsSystemAssessmentTool/Operational",
    "Level": "Information",
    "EventData": {
      "PhaseID": "1010",
      "DescriptionSize": "26",
      "Description": "Run Assessment, moobego, "
    },
    "RawXml": "<Event xmlns=\"http://schemas.microsoft.com/win/2004/08/events/event\"><System><Provider Name=\"Microsoft-Windows-WindowsSystemAssessmentTool\" Guid=\"{11a75546-3234-465e-bec8-2d301cb501ac}\"></Provider>\n<EventID Qualifiers=\"\">9</EventID>\n<Version>0</Version>\n<Level>4</Level>\n<Task>1</Task>\n<Opcode>0</Opcode>\n<Keywords>0x8000000000000000</Keywords>\n<TimeCreated SystemTime=\"2014-01-25 16:15:04.188757+00:00\"></TimeCreated>\n<EventRecordID>95</EventRecordID>\n<Correlation ActivityID=\"\" RelatedActivityID=\"\"></Correlation>\n<Execution ProcessID=\"2608\" ThreadID=\"2732\"></Execution>\n<Channel>Microsoft-Windows-WindowsSystemAssessmentTool/Operational</Channel>\n<Computer>IACIS-HDD-2014</Computer>\n<Security UserID=\"S-1-5-21-1171287513-3642516788-2358256967-1001\"></Security>\n</System>\n<EventData><Data Name=\"PhaseID\">1010</Data>\n<Data Name=\"DescriptionSize\">26</Data>\n<Data Name=\"Description\">Run Assessment, moobego, </Data>\n</EventData>\n</Event>\n"
  },
  {
    "EventID": 10,
    "Timestamp": "2014-01-25 16:15:04.188757+00:00",
    "Computer": "IACIS-HDD-2014",
    "Channel": "Microsoft-Windows-WindowsSystemAssessmentTool/Operational",
    "Level": "Information",
    "EventData": {
      "PhaseID": "1010"
    },
    "RawXml": "<Event xmlns=\"http://schemas.microsoft.com/win/2004/08/events/event\"><System><Provider Name=\"Microsoft-Windows-WindowsSystemAssessmentTool\" Guid=\"{11a75546-3234-465e-bec8-2d301cb501ac}\"></Provider>\n<EventID Qualifiers=\"\">10</EventID>\n<Version>0</Version>\n<Level>4</Level>\n<Task>1</Task>\n<Opcode>0</Opcode>\n<Keywords>0x8000000000000000</Keywords>\n<TimeCreated SystemTime=\"2014-01-25 16:15:04.188757+00:00\"></TimeCreated>\n<EventRecordID>96</EventRecordID>\n<Correlation ActivityID=\"\" RelatedActivityID=\"\"></Correlation>\n<Execution ProcessID=\"2608\" ThreadID=\"2732\"></Execution>\n<Channel>Microsoft-Windows-WindowsSystemAssessmentTool/Operational</Channel>\n<Computer>IACIS-HDD-2014</Computer>\n<Security UserID=\"S-1-5-21-1171287513-3642516788-2358256967-1001\"></Security>\n</System>\n<EventData><Data Name=\"PhaseID\">1010</Data>\n</EventData>\n</Event>\n"
  },
  {
    "EventID": 9,
    "Timestamp": "2014-01-25 16:15:04.188757+00:00",
    "Computer": "IACIS-HDD-2014",
    "Channel": "Microsoft-Windows-WindowsSystemAssessmentTool/Operational",
    "Level": "Information",
    "EventData": {
      "PhaseID": "1002",
      "DescriptionSize": "37",
      "Description": "Run Assessment, cpu, -encryption -up"
    },
    "RawXml": "<Event xmlns=\"http://schemas.microsoft.com/win/2004/08/events/event\"><System><Provider Name=\"Microsoft-Windows-WindowsSystemAssessmentTool\" Guid=\"{11a75546-3234-465e-bec8-2d301cb501ac}\"></Provider>\n<EventID Qualifiers=\"\">9</EventID>\n<Version>0</Version>\n<Level>4</Level>\n<Task>1</Task>\n<Opcode>0</Opcode>\n<Keywords>0x8000000000000000</Keywords>\n<TimeCreated SystemTime=\"2014-01-25 16:15:04.188757+00:00\"></TimeCreated>\n<EventRecordID>97</EventRecordID>\n<Correlation ActivityID=\"\" RelatedActivityID=\"\"></Correlation>\n<Execution ProcessID=\"2608\" ThreadID=\"2732\"></Execution>\n<Channel>Microsoft-Windows-WindowsSystemAssessmentTool/Operational</Channel>\n<Computer>IACIS-HDD-2014</Computer>\n<Security UserID=\"S-1-5-21-1171287513-3642516788-2358256967-1001\"></Security>\n</System>\n<EventData><Data Name=\"PhaseID\">1002</Data>\n<Data Name=\"DescriptionSize\">37</Data>\n<Data Name=\"Description\">Run Assessment, cpu, -encryption -up</Data>\n</EventData>\n</Event>\n"
  },
  {
    "EventID": 10,
    "Timestamp": "2014-01-25 16:15:07.542763+00:00",
    "Computer": "IACIS-HDD-2014",
    "Channel": "Microsoft-Windows-WindowsSystemAssessmentTool/Operational",
    "Level": "Information",
    "EventData": {
      "PhaseID": "1002"
    },
    "RawXml": "<Event xmlns=\"http://schemas.microsoft.com/win/2004/08/events/event\"><System><Provider Name=\"Microsoft-Windows-WindowsSystemAssessmentTool\" Guid=\"{11a75546-3234-465e-bec8-2d301cb501ac}\"></Provider>\n<EventID Qualifiers=\"\">10</EventID>\n<Version>0</Version>\n<Level>4</Level>\n<Task>1</Task>\n<Opcode>0</Opcode>\n<Keywords>0x8000000000000000</Keywords>\n<TimeCreated SystemTime=\"2014-01-25 16:15:07.542763+00:00\"></TimeCreated>\n<EventRecordID>98</EventRecordID>\n<Correlation ActivityID=\"\" RelatedActivityID=\"\"></Correlation>\n<Execution ProcessID=\"2608\" ThreadID=\"2732\"></Execution>\n<Channel>Microsoft-Windows-WindowsSystemAssessmentTool/Operational</Channel>\n<Computer>IACIS-HDD-2014</Computer>\n<Security UserID=\"S-1-5-21-1171287513-3642516788-2358256967-1001\"></Security>\n</System>\n<EventData><Data Name=\"PhaseID\">1002</Data>\n</EventData>\n</Event>\n"
  },
  {
    "EventID": 9,
    "Timestamp": "2014-01-25 16:15:07.542763+00:00",
    "Computer": "IACIS-HDD-2014",
    "Channel": "Microsoft-Windows-WindowsSystemAssessmentTool/Operational",
    "Level": "Information",
    "EventData": {
      "PhaseID": "1002",
      "DescriptionSize": "38",
      "Description": "Run Assessment, cpu, -compression -up"
    },
    "RawXml": "<Event xmlns=\"http://schemas.microsoft.com/win/2004/08/events/event\"><System><Provider Name=\"Microsoft-Windows-WindowsSystemAssessmentTool\" Guid=\"{11a75546-3234-465e-bec8-2d301cb501ac}\"></Provider>\n<EventID Qualifiers=\"\">9</EventID>\n<Version>0</Version>\n<Level>4</Level>\n<Task>1</Task>\n<Opcode>0</Opcode>\n<Keywords>0x8000000000000000</Keywords>\n<TimeCreated SystemTime=\"2014-01-25 16:15:07.542763+00:00\"></TimeCreated>\n<EventRecordID>99</EventRecordID>\n<Correlation ActivityID=\"\" RelatedActivityID=\"\"></Correlation>\n<Execution ProcessID=\"2608\" ThreadID=\"2732\"></Execution>\n<Channel>Microsoft-Windows-WindowsSystemAssessmentTool/Operational</Channel>\n<Computer>IACIS-HDD-2014</Computer>\n<Security UserID=\"S-1-5-21-1171287513-3642516788-2358256967-1001\"></Security>\n</System>\n<EventData><Data Name=\"PhaseID\">1002</Data>\n<Data Name=\"DescriptionSize\">38</Data>\n<Data Name=\"Description\">Run Assessment, cpu, -compression -up</Data>\n</EventData>\n</Event>\n"
  },
  {
    "EventID": 10,
    "Timestamp": "2014-01-25 16:15:17.589180+00:00",
    "Computer": "IACIS-HDD-2014",
    "Channel": "Microsoft-Windows-WindowsSystemAssessmentTool/Operational",
    "Level": "Information",
    "EventData": {
      "PhaseID": "1002"
    },
    "RawXml": "<Event xmlns=\"http://schemas.microsoft.com/win/2004/08/events/event\"><System><Provider Name=\"Microsoft-Windows-WindowsSystemAssessmentTool\" Guid=\"{11a75546-3234-465e-bec8-2d301cb501ac}\"></Provider>\n<EventID Qualifiers=\"\">10</EventID>\n<Version>0</Version>\n<Level>4</Level>\n<Task>1</Task>\n<Opcode>0</Opcode>\n<Keywords>0x8000000000000000</Keywords>\n<TimeCreated SystemTime=\"2014-01-25 16:15:17.589180+00:00\"></TimeCreated>\n<EventRecordID>100</EventRecordID>\n<Correlation ActivityID=\"\" RelatedActivityID=\"\"></Correlation>\n<Execution ProcessID=\"2608\" ThreadID=\"2732\"></Execution>\n<Channel>Microsoft-Windows-WindowsSystemAssessmentTool/Operational</Channel>\n<Computer>IACIS-HDD-2014</Computer>\n<Security UserID=\"S-1-5-21-1171287513-3642516788-2358256967-1001\"></Security>\n</System>\n<EventData><Data Name=\"PhaseID\">1002</Data>\n</EventData>\n</Event>\n"
  },
  {
    "EventID": 9,
    "Timestamp": "2014-01-25 16:15:17.589180+00:00",
    "Computer": "IACIS-HDD-2014",
    "Channel": "Microsoft-Windows-WindowsSystemAssessmentTool/Operational",
    "Level": "Information",
    "EventData": {
      "PhaseID": "1002",
      "DescriptionSize": "38",
      "Description": "Run Assessment, cpu, -encryption2 -up"
    },
    "RawXml": "<Event xmlns=\"http://schemas.microsoft.com/win/2004/08/events/event\"><System><Provider Name=\"Microsoft-Windows-WindowsSystemAssessmentTool\" Guid=\"{11a75546-3234-465e-bec8-2d301cb501ac}\"></Provider>\n<EventID Qualifiers=\"\">9</EventID>\n<Version>0</Version>\n<Level>4</Level>\n<Task>1</Task>\n<Opcode>0</Opcode>\n<Keywords>0x8000000000000000</Keywords>\n<TimeCreated SystemTime=\"2014-01-25 16:15:17.589180+00:00\"></TimeCreated>\n<EventRecordID>101</EventRecordID>\n<Correlation ActivityID=\"\" RelatedActivityID=\"\"></Correlation>\n<Execution ProcessID=\"2608\" ThreadID=\"2732\"></Execution>\n<Channel>Microsoft-Windows-WindowsSystemAssessmentTool/Operational</Channel>\n<Computer>IACIS-HDD-2014</Computer>\n<Security UserID=\"S-1-5-21-1171287513-3642516788-2358256967-1001\"></Security>\n</System>\n<EventData><Data Name=\"PhaseID\">1002</Data>\n<Data Name=\"DescriptionSize\">38</Data>\n<Data Name=\"Description\">Run Assessment, cpu, -encryption2 -up</Data>\n</EventData>\n</Event>\n"
  },
  {
    "EventID": 10,
    "Timestamp": "2014-01-25 16:15:20.646786+00:00",
    "Computer": "IACIS-HDD-2014",
    "Channel": "Microsoft-Windows-WindowsSystemAssessmentTool/Operational",
    "Level": "Information",
    "EventData": {
      "PhaseID": "1002"
    },
    "RawXml": "<Event xmlns=\"http://schemas.microsoft.com/win/2004/08/events/event\"><System><Provider Name=\"Microsoft-Windows-WindowsSystemAssessmentTool\" Guid=\"{11a75546-3234-465e-bec8-2d301cb501ac}\"></Provider>\n<EventID Qualifiers=\"\">10</EventID>\n<Version>0</Version>\n<Level>4</Level>\n<Task>1</Task>\n<Opcode>0</Opcode>\n<Keywords>0x8000000000000000</Keywords>\n<TimeCreated SystemTime=\"2014-01-25 16:15:20.646786+00:00\"></TimeCreated>\n<EventRecordID>102</EventRecordID>\n<Correlation ActivityID=\"\" RelatedActivityID=\"\"></Correlation>\n<Execution ProcessID=\"2608\" ThreadID=\"2732\"></Execution>\n<Channel>Microsoft-Windows-WindowsSystemAssessmentTool/Operational</Channel>\n<Computer>IACIS-HDD-2014</Computer>\n<Security UserID=\"S-1-5-21-1171287513-3642516788-2358256967-1001\"></Security>\n</System>\n<EventData><Data Name=\"PhaseID\">1002</Data>\n</EventData>\n</Event>\n"
  },
  {
    "EventID": 9,
    "Timestamp": "2014-01-25 16:15:20.646786+00:00",
    "Computer": "IACIS-HDD-2014",
    "Channel": "Microsoft-Windows-WindowsSystemAssessmentTool/Operational",
    "Level": "Information",
    "EventData": {
      "PhaseID": "1002",
      "DescriptionSize": "39",
      "Description": "Run Assessment, cpu, -compression2 -up"
    },
    "RawXml": "<Event xmlns=\"http://schemas.microsoft.com/win/2004/08/events/event\"><System><Provider Name=\"Microsoft-Windows-WindowsSystemAssessmentTool\" Guid=\"{11a75546-3234-465e-bec8-2d301cb501ac}\"></Provider>\n<EventID Qualifiers=\"\">9</EventID>\n<Version>0</Version>\n<Level>4</Level>\n<Task>1</Task>\n<Opcode>0</Opcode>\n<Keywords>0x8000000000000000</Keywords>\n<TimeCreated SystemTime=\"2014-01-25 16:15:20.646786+00:00\"></TimeCreated>\n<EventRecordID>103</EventRecordID>\n<Correlation ActivityID=\"\" RelatedActivityID=\"\"></Correlation>\n<Execution ProcessID=\"2608\" ThreadID=\"2732\"></Execution>\n<Channel>Microsoft-Windows-WindowsSystemAssessmentTool/Operational</Channel>\n<Computer>IACIS-HDD-2014</Computer>\n<Security UserID=\"S-1-5-21-1171287513-3642516788-2358256967-1001\"></Security>\n</System>\n<EventData><Data Name=\"PhaseID\">1002</Data>\n<Data Name=\"DescriptionSize\">39</Data>\n<Data Name=\"Description\">Run Assessment, cpu, -compression2 -up</Data>\n</EventData>\n</Event>\n"
  },
  {
    "EventID": 10,
    "Timestamp": "2014-01-25 16:15:30.708803+00:00",
    "Computer": "IACIS-HDD-2014",
    "Channel": "Microsoft-Windows-WindowsSystemAssessmentTool/Operational",
    "Level": "Information",
    "EventData": {
      "PhaseID": "1002"
    },
    "RawXml": "<Event xmlns=\"http://schemas.microsoft.com/win/2004/08/events/event\"><System><Provider Name=\"Microsoft-Windows-WindowsSystemAssessmentTool\" Guid=\"{11a75546-3234-465e-bec8-2d301cb501ac}\"></Provider>\n<EventID Qualifiers=\"\">10</EventID>\n<Version>0</Version>\n<Level>4</Level>\n<Task>1</Task>\n<Opcode>0</Opcode>\n<Keywords>0x8000000000000000</Keywords>\n<TimeCreated SystemTime=\"2014-01-25 16:15:30.708803+00:00\"></TimeCreated>\n<EventRecordID>104</EventRecordID>\n<Correlation ActivityID=\"\" RelatedActivityID=\"\"></Correlation>\n<Execution ProcessID=\"2608\" ThreadID=\"2732\"></Execution>\n<Channel>Microsoft-Windows-WindowsSystemAssessmentTool/Operational</Channel>\n<Computer>IACIS-HDD-2014</Computer>\n<Security UserID=\"S-1-5-21-1171287513-3642516788-2358256967-1001\"></Security>\n</System>\n<EventData><Data Name=\"PhaseID\">1002</Data>\n</EventData>\n</Event>\n"
  },
  {
    "EventID": 9,
    "Timestamp": "2014-01-25 16:15:30.708803+00:00",
    "Computer": "IACIS-HDD-2014",
    "Channel": "Microsoft-Windows-WindowsSystemAssessmentTool/Operational",
    "Level": "Information",
    "EventData": {
      "PhaseID": "1002",
      "DescriptionSize": "33",
      "Description": "Run Assessment, cpu, -encryption"
    },
    "RawXml": "<Event xmlns=\"http://schemas.microsoft.com/win/2004/08/events/event\"><System><Provider Name=\"Microsoft-Windows-WindowsSystemAssessmentTool\" Guid=\"{11a75546-3234-465e-bec8-2d301cb501ac}\"></Provider>\n<EventID Qualifiers=\"\">9</EventID>\n<Version>0</Version>\n<Level>4</Level>\n<Task>1</Task>\n<Opcode>0</Opcode>\n<Keywords>0x8000000000000000</Keywords>\n<TimeCreated SystemTime=\"2014-01-25 16:15:30.708803+00:00\"></TimeCreated>\n<EventRecordID>105</EventRecordID>\n<Correlation ActivityID=\"\" RelatedActivityID=\"\"></Correlation>\n<Execution ProcessID=\"2608\" ThreadID=\"2732\"></Execution>\n<Channel>Microsoft-Windows-WindowsSystemAssessmentTool/Operational</Channel>\n<Computer>IACIS-HDD-2014</Computer>\n<Security UserID=\"S-1-5-21-1171287513-3642516788-2358256967-1001\"></Security>\n</System>\n<EventData><Data Name=\"PhaseID\">1002</Data>\n<Data Name=\"DescriptionSize\">33</Data>\n<Data Name=\"Description\">Run Assessment, cpu, -encryption</Data>\n</EventData>\n</Event>\n"
  },
  {
    "EventID": 10,
    "Timestamp": "2014-01-25 16:15:33.891209+00:00",
    "Computer": "IACIS-HDD-2014",
    "Channel": "Microsoft-Windows-WindowsSystemAssessmentTool/Operational",
    "Level": "Information",
    "EventData": {
      "PhaseID": "1002"
    },
    "RawXml": "<Event xmlns=\"http://schemas.microsoft.com/win/2004/08/events/event\"><System><Provider Name=\"Microsoft-Windows-WindowsSystemAssessmentTool\" Guid=\"{11a75546-3234-465e-bec8-2d301cb501ac}\"></Provider>\n<EventID Qualifiers=\"\">10</EventID>\n<Version>0</Version>\n<Level>4</Level>\n<Task>1</Task>\n<Opcode>0</Opcode>\n<Keywords>0x8000000000000000</Keywords>\n<TimeCreated SystemTime=\"2014-01-25 16:15:33.891209+00:00\"></TimeCreated>\n<EventRecordID>106</EventRecordID>\n<Correlation ActivityID=\"\" RelatedActivityID=\"\"></Correlation>\n<Execution ProcessID=\"2608\" ThreadID=\"2732\"></Execution>\n<Channel>Microsoft-Windows-WindowsSystemAssessmentTool/Operational</Channel>\n<Computer>IACIS-HDD-2014</Computer>\n<Security UserID=\"S-1-5-21-1171287513-3642516788-2358256967-1001\"></Security>\n</System>\n<EventData><Data Name=\"PhaseID\">1002</Data>\n</EventData>\n</Event>\n"
  },
  {
    "EventID": 9,
    "Timestamp": "2014-01-25 16:15:33.891209+00:00",
    "Computer": "IACIS-HDD-2014",
    "Channel": "Microsoft-Windows-WindowsSystemAssessmentTool/Operational",
    "Level": "Information",
    "EventData": {
      "PhaseID": "1002",
      "DescriptionSize": "34",
      "Description": "Run Assessment, cpu, -compression"
    },
    "RawXml": "<Event xmlns=\"http://schemas.microsoft.com/win/2004/08/events/event\"><System><Provider Name=\"Microsoft-Windows-WindowsSystemAssessmentTool\" Guid=\"{11a75546-3234-465e-bec8-2d301cb501ac}\"></Provider>\n<EventID Qualifiers=\"\">9</EventID>\n<Version>0</Version>\n<Level>4</Level>\n<Task>1</Task>\n<Opcode>0</Opcode>\n<Keywords>0x8000000000000000</Keywords>\n<TimeCreated SystemTime=\"2014-01-25 16:15:33.891209+00:00\"></TimeCreated>\n<EventRecordID>107</EventRecordID>\n<Correlation ActivityID=\"\" RelatedActivityID=\"\"></Correlation>\n<Execution ProcessID=\"2608\" ThreadID=\"2732\"></Execution>\n<Channel>Microsoft-Windows-WindowsSystemAssessmentTool/Operational</Channel>\n<Computer>IACIS-HDD-2014</Computer>\n<Security UserID=\"S-1-5-21-1171287513-3642516788-2358256967-1001\"></Security>\n</System>\n<EventData><Data Name=\"PhaseID\">1002</Data>\n<Data Name=\"DescriptionSize\">34</Data>\n<Data Name=\"Description\">Run Assessment, cpu, -compression</Data>\n</EventData>\n</Event>\n"
  },
  {
    "EventID": 10,
    "Timestamp": "2014-01-25 16:15:44.046827+00:00",
    "Computer": "IACIS-HDD-2014",
    "Channel": "Microsoft-Windows-WindowsSystemAssessmentTool/Operational",
    "Level": "Information",
    "EventData": {
      "PhaseID": "1002"
    },
    "RawXml": "<Event xmlns=\"http://schemas.microsoft.com/win/2004/08/events/event\"><System><Provider Name=\"Microsoft-Windows-WindowsSystemAssessmentTool\" Guid=\"{11a75546-3234-465e-bec8-2d301cb501ac}\"></Provider>\n<EventID Qualifiers=\"\">10</EventID>\n<Version>0</Version>\n<Level>4</Level>\n<Task>1</Task>\n<Opcode>0</Opcode>\n<Keywords>0x8000000000000000</Keywords>\n<TimeCreated SystemTime=\"2014-01-25 16:15:44.046827+00:00\"></TimeCreated>\n<EventRecordID>108</EventRecordID>\n<Correlation ActivityID=\"\" RelatedActivityID=\"\"></Correlation>\n<Execution ProcessID=\"2608\" ThreadID=\"2732\"></Execution>\n<Channel>Microsoft-Windows-WindowsSystemAssessmentTool/Operational</Channel>\n<Computer>IACIS-HDD-2014</Computer>\n<Security UserID=\"S-1-5-21-1171287513-3642516788-2358256967-1001\"></Security>\n</System>\n<EventData><Data Name=\"PhaseID\">1002</Data>\n</EventData>\n</Event>\n"
  },
  {
    "EventID": 9,
    "Timestamp": "2014-01-25 16:15:44.046827+00:00",
    "Computer": "IACIS-HDD-2014",
    "Channel": "Microsoft-Windows-WindowsSystemAssessmentTool/Operational",
    "Level": "Information",
    "EventData": {
      "PhaseID": "1002",
      "DescriptionSize": "34",
      "Description": "Run Assessment, cpu, -encryption2"
    },
    "RawXml": "<Event xmlns=\"http://schemas.microsoft.com/win/2004/08/events/event\"><System><Provider Name=\"Microsoft-Windows-WindowsSystemAssessmentTool\" Guid=\"{11a75546-3234-465e-bec8-2d301cb501ac}\"></Provider>\n<EventID Qualifiers=\"\">9</EventID>\n<Version>0</Version>\n<Level>4</Level>\n<Task>1</Task>\n<Opcode>0</Opcode>\n<Keywords>0x8000000000000000</Keywords>\n<TimeCreated SystemTime=\"2014-01-25 16:15:44.046827+00:00\"></TimeCreated>\n<EventRecordID>109</EventRecordID>\n<Correlation ActivityID=\"\" RelatedActivityID=\"\"></Correlation>\n<Execution ProcessID=\"2608\" ThreadID=\"2732\"></Execution>\n<Channel>Microsoft-Windows-WindowsSystemAssessmentTool/Operational</Channel>\n<Computer>IACIS-HDD-2014</Computer>\n<Security UserID=\"S-1-5-21-1171287513-3642516788-2358256967-1001\"></Security>\n</System>\n<EventData><Data Name=\"PhaseID\">1002</Data>\n<Data Name=\"DescriptionSize\">34</Data>\n<Data Name=\"Description\">Run Assessment, cpu, -encryption2</Data>\n</EventData>\n</Event>\n"
  },
  {
    "EventID": 10,
    "Timestamp": "2014-01-25 16:15:47.213631+00:00",
    "Computer": "IACIS-HDD-2014",
    "Channel": "Microsoft-Windows-WindowsSystemAssessmentTool/Operational",
    "Level": "Information",
    "EventData": {
      "PhaseID": "1002"
    },
    "RawXml": "<Event xmlns=\"http://schemas.microsoft.com/win/2004/08/events/event\"><System><Provider Name=\"Microsoft-Windows-WindowsSystemAssessmentTool\" Guid=\"{11a75546-3234-465e-bec8-2d301cb501ac}\"></Provider>\n<EventID Qualifiers=\"\">10</EventID>\n<Version>0</Version>\n<Level>4</Level>\n<Task>1</Task>\n<Opcode>0</Opcode>\n<Keywords>0x8000000000000000</Keywords>\n<TimeCreated SystemTime=\"2014-01-25 16:15:47.213631+00:00\"></TimeCreated>\n<EventRecordID>110</EventRecordID>\n<Correlation ActivityID=\"\" RelatedActivityID=\"\"></Correlation>\n<Execution ProcessID=\"2608\" ThreadID=\"2732\"></Execution>\n<Channel>Microsoft-Windows-WindowsSystemAssessmentTool/Operational</Channel>\n<Computer>IACIS-HDD-2014</Computer>\n<Security UserID=\"S-1-5-21-1171287513-3642516788-2358256967-1001\"></Security>\n</System>\n<EventData><Data Name=\"PhaseID\">1002</Data>\n</EventData>\n</Event>\n"
  },
  {
    "EventID": 9,
    "Timestamp": "2014-01-25 16:15:47.213631+00:00",
    "Computer": "IACIS-HDD-2014",
    "Channel": "Microsoft-Windows-WindowsSystemAssessmentTool/Operational",
    "Level": "Information",
    "EventData": {
      "PhaseID": "1002",
      "DescriptionSize": "35",
      "Description": "Run Assessment, cpu, -compression2"
    },
    "RawXml": "<Event xmlns=\"http://schemas.microsoft.com/win/2004/08/events/event\"><System><Provider Name=\"Microsoft-Windows-WindowsSystemAssessmentTool\" Guid=\"{11a75546-3234-465e-bec8-2d301cb501ac}\"></Provider>\n<EventID Qualifiers=\"\">9</EventID>\n<Version>0</Version>\n<Level>4</Level>\n<Task>1</Task>\n<Opcode>0</Opcode>\n<Keywords>0x8000000000000000</Keywords>\n<TimeCreated SystemTime=\"2014-01-25 16:15:47.213631+00:00\"></TimeCreated>\n<EventRecordID>111</EventRecordID>\n<Correlation ActivityID=\"\" RelatedActivityID=\"\"></Correlation>\n<Execution ProcessID=\"2608\" ThreadID=\"2732\"></Execution>\n<Channel>Microsoft-Windows-WindowsSystemAssessmentTool/Operational</Channel>\n<Computer>IACIS-HDD-2014</Computer>\n<Security UserID=\"S-1-5-21-1171287513-3642516788-2358256967-1001\"></Security>\n</System>\n<EventData><Data Name=\"PhaseID\">1002</Data>\n<Data Name=\"DescriptionSize\">35</Data>\n<Data Name=\"Description\">Run Assessment, cpu, -compression2</Data>\n</EventData>\n</Event>\n"
  },
  {
    "EventID": 10,
    "Timestamp": "2014-01-25 16:15:57.431650+00:00",
    "Computer": "IACIS-HDD-2014",
    "Channel": "Microsoft-Windows-WindowsSystemAssessmentTool/Operational",
    "Level": "Information",
    "EventData": {
      "PhaseID": "1002"
    },
    "RawXml": "<Event xmlns=\"http://schemas.microsoft.com/win/2004/08/events/event\"><System><Provider Name=\"Microsoft-Windows-WindowsSystemAssessmentTool\" Guid=\"{11a75546-3234-465e-bec8-2d301cb501ac}\"></Provider>\n<EventID Qualifiers=\"\">10</EventID>\n<Version>0</Version>\n<Level>4</Level>\n<Task>1</Task>\n<Opcode>0</Opcode>\n<Keywords>0x8000000000000000</Keywords>\n<TimeCreated SystemTime=\"2014-01-25 16:15:57.431650+00:00\"></TimeCreated>\n<EventRecordID>112</EventRecordID>\n<Correlation ActivityID=\"\" RelatedActivityID=\"\"></Correlation>\n<Execution ProcessID=\"2608\" ThreadID=\"2732\"></Execution>\n<Channel>Microsoft-Windows-WindowsSystemAssessmentTool/Operational</Channel>\n<Computer>IACIS-HDD-2014</Computer>\n<Security UserID=\"S-1-5-21-1171287513-3642516788-2358256967-1001\"></Security>\n</System>\n<EventData><Data Name=\"PhaseID\">1002</Data>\n</EventData>\n</Event>\n"
  },
