[
  {
    "EventID": 2002,
    "Timestamp": "2014-01-25 02:04:04.905684+00:00",
    "Computer": "IACIS-HDD-2014",
    "Channel": "Microsoft-Windows-Windows Defender/Operational",
    "Level": "Information",
    "EventData": {
      "Product Name": "%%827",
      "Product Version": "6.1.7600.16385",
      "Current Engine Version": "1.1.10201.0",
      "Previous Engine Version": "1.1.6402.0",
      "Update Source Index": "1",
      "Update Source": "%%815",
      "Unused": "",
      "Domain": "IACIS-HDD-2014",
      "User": "BillyBob",
      "SID": "S-1-5-21-1171287513-3642516788-2358256967-1001"
    },
    "RawXml": "<Event xmlns=\"http://schemas.microsoft.com/win/2004/08/events/event\"><System><Provider Name=\"Microsoft-Windows-Windows Defender\" Guid=\"{11cd958a-c507-4ef3-b3f2-5fd9dfbd2c78}\"></Provider>\n<EventID Qualifiers=\"\">2002</EventID>\n<Version>0</Version>\n<Level>4</Level>\n<Task>0</Task>\n<Opcode>0</Opcode>\n<Keywords>0x8000000000000000</Keywords>\n<TimeCreated SystemTime=\"2014-01-25 02:04:04.905684+00:00\"></TimeCreated>\n<EventRecordID>1</EventRecordID>\n<Correlation ActivityID=\"\" RelatedActivityID=\"\"></Correlation>\n<Execution ProcessID=\"1768\" ThreadID=\"2364\"></Execution>\n<Channel>Microsoft-Windows-Windows Defender/Operational</Channel>\n<Computer>IACIS-HDD-2014</Computer>\n<Security UserID=\"S-1-5-18\"></Security>\n</System>\n<EventData><Data Name=\"Product Name\">%%827</Data>\n<Data Name=\"Product Version\">6.1.7600.16385</Data>\n<Data Name=\"Current Engine Version\">1.1.10201.0</Data>\n<Data Name=\"Previous Engine Version\">1.1.6402.0</Data>\n<Data Name=\"Update Source Index\">1</Data>\n<Data Name=\"Update Source\">%%815</Data>\n<Data Name=\"Unused\"></Data>\n<Data Name=\"Domain\">IACIS-HDD-2014</Data>\n<Data Name=\"User\">BillyBob</Data>\n<Data Name=\"SID\">S-1-5-21-1171287513-3642516788-2358256967-1001</Data>\n</EventData>\n</Event>\n"
  },
  {
    "EventID": 2000,
    "Timestamp": "2014-01-25 02:04:04.905684+00:00",
    "Computer": "IACIS-HDD-2014",
    "Channel": "Microsoft-Windows-Windows Defender/Operational",
    "Level": "Information",
    "EventData": {
      "Product Name": "%%827",
      "Product Version": "6.1.7600.16385",
      "Current Signature Version": "1.165.2532.0",
      "Previous Signature Version": "1.95.191.0",
      "Update Source Index": "1",
      "Update Source": "%%815",
      "Unused": "",
      "Domain": "IACIS-HDD-2014",
      "User": "BillyBob",
      "SID": "S-1-5-21-1171287513-3642516788-2358256967-1001",
      "Signature Type Index": "2",
      "Signature Type": "%%801",
      "Update Type Index": "1",
      "Update Type": "%%803",
      "Current Engine Version": "1.1.10201.0",
      "Previous Engine Version": "1.1.6402.0"
    },
    "RawXml": "<Event xmlns=\"http://schemas.microsoft.com/win/2004/08/events/event\"><System><Provider Name=\"Microsoft-Windows-Windows Defender\" Guid=\"{11cd958a-c507-4ef3-b3f2-5fd9dfbd2c78}\"></Provider>\n<EventID Qualifiers=\"\">2000</EventID>\n<Version>0</Version>\n<Level>4</Level>\n<Task>0</Task>\n<Opcode>0</Opcode>\n<Keywords>0x8000000000000000</Keywords>\n<TimeCreated SystemTime=\"2014-01-25 02:04:04.905684+00:00\"></TimeCreated>\n<EventRecordID>2</EventRecordID>\n<Correlation ActivityID=\"\" RelatedActivityID=\"\"></Correlation>\n<Execution ProcessID=\"1768\" ThreadID=\"2364\"></Execution>\n<Channel>Microsoft-Windows-Windows Defender/Operational</Channel>\n<Computer>IACIS-HDD-2014</Computer>\n<Security UserID=\"S-1-5-18\"></Security>\n</System>\n<EventData><Data Name=\"Product Name\">%%827</Data>\n<Data Name=\"Product Version\">6.1.7600.16385</Data>\n<Data Name=\"Current Signature Version\">1.165.2532.0</Data>\n<Data Name=\"Previous Signature Version\">1.95.191.0</Data>\n<Data Name=\"Update Source Index\">1</Data>\n<Data Name=\"Update Source\">%%815</Data>\n<Data Name=\"Unused\"></Data>\n<Data Name=\"Domain\">IACIS-HDD-2014</Data>\n<Data Name=\"User\">BillyBob</Data>\n<Data Name=\"SID\">S-1-5-21-1171287513-3642516788-2358256967-1001</Data>\n<Data Name=\"Signature Type Index\">2</Data>\n<Data Name=\"Signature Type\">%%801</Data>\n<Data Name=\"Update Type Index\">1</Data>\n<Data Name=\"Update Type\">%%803</Data>\n<Data Name=\"Current Engine Version\">1.1.10201.0</Data>\n<Data Name=\"Previous Engine Version\">1.1.6402.0</Data>\n</EventData>\n</Event>\n"
  },
  {
    "EventID": 5010,
    "Timestamp": "2014-01-25 14:38:06.987785+00:00",
    "Computer": "IACIS-HDD-2014",
    "Channel": "Microsoft-Windows-Windows Defender/Operational",
    "Level": "Information",
    "EventData": {
      "Product Name": "%%827",
      "Product Version": "6.1.7601.18170"
    },
    "RawXml": "<Event xmlns=\"http://schemas.microsoft.com/win/2004/08/events/event\"><System><Provider Name=\"Microsoft-Windows-Windows Defender\" Guid=\"{11cd958a-c507-4ef3-b3f2-5fd9dfbd2c78}\"></Provider>\n<EventID Qualifiers=\"\">5010</EventID>\n<Version>0</Version>\n<Level>4</Level>\n<Task>0</Task>\n<Opcode>0</Opcode>\n<Keywords>0x8000000000000000</Keywords>\n<TimeCreated SystemTime=\"2014-01-25 14:38:06.987785+00:00\"></TimeCreated>\n<EventRecordID>3</EventRecordID>\n<Correlation ActivityID=\"\" RelatedActivityID=\"\"></Correlation>\n<Execution ProcessID=\"2860\" ThreadID=\"3604\"></Execution>\n<Channel>Microsoft-Windows-Windows Defender/Operational</Channel>\n<Computer>IACIS-HDD-2014</Computer>\n<Security UserID=\"S-1-5-18\"></Security>\n</System>\n<EventData><Data Name=\"Product Name\">%%827</Data>\n<Data Name=\"Product Version\">6.1.7601.18170</Data>\n</EventData>\n</Event>\n"
  }
]