[
  {
    "EventID": 1017,
    "Timestamp": "2014-01-25 04:20:19.555378+00:00",
    "Computer": "37L4247F27-25",
    "Channel": "Microsoft-Windows-ReadyBoost/Operational",
    "Level": "Information",
    "EventData": {
      "DeviceName": "Unknown Unknown"
    },
    "RawXml": "<Event xmlns=\"http://schemas.microsoft.com/win/2004/08/events/event\"><System><Provider Name=\"Microsoft-Windows-ReadyBoost\" Guid=\"{e6307a09-292c-497e-aad6-498f68e2b619}\"></Provider>\n<EventID Qualifiers=\"\">1017</EventID>\n<Version>1</Version>\n<Level>4</Level>\n<Task>1019</Task>\n<Opcode>0</Opcode>\n<Keywords>0x8000000000004000</Keywords>\n<TimeCreated SystemTime=\"2014-01-25 04:20:19.555378+00:00\"></TimeCreated>\n<EventRecordID>1</EventRecordID>\n<Correlation ActivityID=\"\" RelatedActivityID=\"\"></Correlation>\n<Execution ProcessID=\"844\" ThreadID=\"1148\"></Execution>\n<Channel>Microsoft-Windows-ReadyBoost/Operational</Channel>\n<Computer>37L4247F27-25</Computer>\n<Security UserID=\"S-1-5-18\"></Security>\n</System>\n<EventData><Data Name=\"DeviceName\">Unknown Unknown</Data>\n</EventData>\n</Event>\n"
  },
  {
    "EventID": 1016,
    "Timestamp": "2014-01-25 04:20:29.944996+00:00",
    "Computer": "37L4247F27-25",
    "Channel": "Microsoft-Windows-ReadyBoost/Operational",
    "Level": "Information",
    "EventData": {
      "BootPlanTimestamp": "2014-01-24 20:20:29.851397+00:00",
      "ErrorCode": "232",
      "Duration (ms)": "94",
      "Reason": "0"
    },
    "RawXml": "<Event xmlns=\"http://schemas.microsoft.com/win/2004/08/events/event\"><System><Provider Name=\"Microsoft-Windows-ReadyBoost\" Guid=\"{e6307a09-292c-497e-aad6-498f68e2b619}\"></Provider>\n<EventID Qualifiers=\"\">1016</EventID>\n<Version>1</Version>\n<Level>4</Level>\n<Task>1016</Task>\n<Opcode>0</Opcode>\n<Keywords>0x8000000000002000</Keywords>\n<TimeCreated SystemTime=\"2014-01-25 04:20:29.944996+00:00\"></TimeCreated>\n<EventRecordID>2</EventRecordID>\n<Correlation ActivityID=\"\" RelatedActivityID=\"\"></Correlation>\n<Execution ProcessID=\"844\" ThreadID=\"1792\"></Execution>\n<Channel>Microsoft-Windows-ReadyBoost/Operational</Channel>\n<Computer>37L4247F27-25</Computer>\n<Security UserID=\"S-1-5-18\"></Security>\n</System>\n<EventData><Data Name=\"BootPlanTimestamp\">2014-01-24 20:20:29.851397+00:00</Data>\n<Data Name=\"ErrorCode\">232</Data>\n<Data Name=\"Duration (ms)\">94</Data>\n<Data Name=\"Reason\">0</Data>\n</EventData>\n</Event>\n"
  },
  {
    "EventID": 1009,
    "Timestamp": "2014-01-25 04:25:23.940271+00:00",
    "Computer": "IACIS-HDD-2014",
    "Channel": "Microsoft-Windows-ReadyBoost/Operational",
    "Level": "Information",
    "EventData": {
      "DeviceName": "Unknown Unknown",
      "IntValue": "99",
      "SecondIntValue": "235"
    },
    "RawXml": "<Event xmlns=\"http://schemas.microsoft.com/win/2004/08/events/event\"><System><Provider Name=\"Microsoft-Windows-ReadyBoost\" Guid=\"{e6307a09-292c-497e-aad6-498f68e2b619}\"></Provider>\n<EventID Qualifiers=\"\">1009</EventID>\n<Version>0</Version>\n<Level>4</Level>\n<Task>1019</Task>\n<Opcode>0</Opcode>\n<Keywords>0x8000000000004000</Keywords>\n<TimeCreated SystemTime=\"2014-01-25 04:25:23.940271+00:00\"></TimeCreated>\n<EventRecordID>3</EventRecordID>\n<Correlation ActivityID=\"\" RelatedActivityID=\"\"></Correlation>\n<Execution ProcessID=\"864\" ThreadID=\"1388\"></Execution>\n<Channel>Microsoft-Windows-ReadyBoost/Operational</Channel>\n<Computer>IACIS-HDD-2014</Computer>\n<Security UserID=\"S-1-5-18\"></Security>\n</System>\n<EventData><Data Name=\"DeviceName\">Unknown Unknown</Data>\n<Data Name=\"IntValue\">99</Data>\n<Data Name=\"SecondIntValue\">235</Data>\n</EventData>\n</Event>\n"
  },
  {
    "EventID": 1015,
    "Timestamp": "2014-01-25 04:25:34.392288+00:00",
    "Computer": "IACIS-HDD-2014",
    "Channel": "Microsoft-Windows-ReadyBoost/Operational",
    "Level": "Information",
    "EventData": {
      "RB_IoReadBytes": "673628160",
      "RB_CacheHitBytes": "0",
      "RB_PrefetchBytes": "0",
      "RB_CacheHitPercentage": "0.0",
      "RB_IoReadCount": "24567",
      "RB_CacheHitCount": "0",
      "RB_PrefetchReadCount": "0",
      "RB_PrefetchDiskTimeUs": "0"
    },
    "RawXml": "<Event xmlns=\"http://schemas.microsoft.com/win/2004/08/events/event\"><System><Provider Name=\"Microsoft-Windows-ReadyBoost\" Guid=\"{e6307a09-292c-497e-aad6-498f68e2b619}\"></Provider>\n<EventID Qualifiers=\"\">1015</EventID>\n<Version>1</Version>\n<Level>4</Level>\n<Task>1016</Task>\n<Opcode>0</Opcode>\n<Keywords>0x8000000000002000</Keywords>\n<TimeCreated SystemTime=\"2014-01-25 04:25:34.392288+00:00\"></TimeCreated>\n<EventRecordID>4</EventRecordID>\n<Correlation ActivityID=\"\" RelatedActivityID=\"\"></Correlation>\n<Execution ProcessID=\"864\" ThreadID=\"1936\"></Execution>\n<Channel>Microsoft-Windows-ReadyBoost/Operational</Channel>\n<Computer>IACIS-HDD-2014</Computer>\n<Security UserID=\"S-1-5-18\"></Security>\n</System>\n<EventData><Data Name=\"RB_IoReadBytes\">673628160</Data>\n<Data Name=\"RB_CacheHitBytes\">0</Data>\n<Data Name=\"RB_PrefetchBytes\">0</Data>\n<Data Name=\"RB_CacheHitPercentage\">0.0</Data>\n<Data Name=\"RB_IoReadCount\">24567</Data>\n<Data Name=\"RB_CacheHitCount\">0</Data>\n<Data Name=\"RB_PrefetchReadCount\">0</Data>\n<Data Name=\"RB_PrefetchDiskTimeUs\">0</Data>\n</EventData>\n</Event>\n"
  },
  {
    "EventID": 1016,
    "Timestamp": "2014-01-25 04:25:34.735489+00:00",
    "Computer": "IACIS-HDD-2014",
    "Channel": "Microsoft-Windows-ReadyBoost/Operational",
    "Level": "Information",
    "EventData": {
      "BootPlanTimestamp": "2014-01-24 20:25:33.986689+00:00",
      "ErrorCode": "0",
      "Duration (ms)": "749",
      "Reason": "0"
    },
    "RawXml": "<Event xmlns=\"http://schemas.microsoft.com/win/2004/08/events/event\"><System><Provider Name=\"Microsoft-Windows-ReadyBoost\" Guid=\"{e6307a09-292c-497e-aad6-498f68e2b619}\"></Provider>\n<EventID Qualifiers=\"\">1016</EventID>\n<Version>1</Version>\n<Level>4</Level>\n<Task>1016</Task>\n<Opcode>0</Opcode>\n<Keywords>0x8000000000002000</Keywords>\n<TimeCreated SystemTime=\"2014-01-25 04:25:34.735489+00:00\"></TimeCreated>\n<EventRecordID>5</EventRecordID>\n<Correlation ActivityID=\"\" RelatedActivityID=\"\"></Correlation>\n<Execution ProcessID=\"864\" ThreadID=\"1936\"></Execution>\n<Channel>Microsoft-Windows-ReadyBoost/Operational</Channel>\n<Computer>IACIS-HDD-2014</Computer>\n<Security UserID=\"S-1-5-18\"></Security>\n</System>\n<EventData><Data Name=\"BootPlanTimestamp\">2014-01-24 20:25:33.986689+00:00</Data>\n<Data Name=\"ErrorCode\">0</Data>\n<Data Name=\"Duration (ms)\">749</Data>\n<Data Name=\"Reason\">0</Data>\n</EventData>\n</Event>\n"
  },
  {
    "EventID": 1016,
    "Timestamp": "2014-01-25 01:32:57.153202+00:00",
    "Computer": "IACIS-HDD-2014",
    "Channel": "Microsoft-Windows-ReadyBoost/Operational",
    "Level": "Information",
    "EventData": {
      "BootPlanTimestamp": "2014-01-24 20:30:27.960989+00:00",
      "ErrorCode": "0",
      "Duration (ms)": "65535",
      "Reason": "1"
    },
    "RawXml": "<Event xmlns=\"http://schemas.microsoft.com/win/2004/08/events/event\"><System><Provider Name=\"Microsoft-Windows-ReadyBoost\" Guid=\"{e6307a09-292c-497e-aad6-498f68e2b619}\"></Provider>\n<EventID Qualifiers=\"\">1016</EventID>\n<Version>1</Version>\n<Level>4</Level>\n<Task>1016</Task>\n<Opcode>0</Opcode>\n<Keywords>0x8000000000002000</Keywords>\n<TimeCreated SystemTime=\"2014-01-25 01:32:57.153202+00:00\"></TimeCreated>\n<EventRecordID>6</EventRecordID>\n<Correlation ActivityID=\"\" RelatedActivityID=\"\"></Correlation>\n<Execution ProcessID=\"864\" ThreadID=\"2356\"></Execution>\n<Channel>Microsoft-Windows-ReadyBoost/Operational</Channel>\n<Computer>IACIS-HDD-2014</Computer>\n<Security UserID=\"S-1-5-18\"></Security>\n</System>\n<EventData><Data Name=\"BootPlanTimestamp\">2014-01-24 20:30:27.960989+00:00</Data>\n<Data Name=\"ErrorCode\">0</Data>\n<Data Name=\"Duration (ms)\">65535</Data>\n<Data Name=\"Reason\">1</Data>\n</EventData>\n</Event>\n"
  },
  {
    "EventID": 1016,
    "Timestamp": "2014-01-25 01:57:44.811016+00:00",
    "Computer": "IACIS-HDD-2014",
    "Channel": "Microsoft-Windows-ReadyBoost/Operational",
    "Level": "Information",
    "EventData": {
      "BootPlanTimestamp": "2014-01-24 20:57:18.150570+00:00",
      "ErrorCode": "0",
      "Duration (ms)": "26661",
      "Reason": "1"
    },
    "RawXml": "<Event xmlns=\"http://schemas.microsoft.com/win/2004/08/events/event\"><System><Provider Name=\"Microsoft-Windows-ReadyBoost\" Guid=\"{e6307a09-292c-497e-aad6-498f68e2b619}\"></Provider>\n<EventID Qualifiers=\"\">1016</EventID>\n<Version>1</Version>\n<Level>4</Level>\n<Task>1016</Task>\n<Opcode>0</Opcode>\n<Keywords>0x8000000000002000</Keywords>\n<TimeCreated SystemTime=\"2014-01-25 01:57:44.811016+00:00\"></TimeCreated>\n<EventRecordID>7</EventRecordID>\n<Correlation ActivityID=\"\" RelatedActivityID=\"\"></Correlation>\n<Execution ProcessID=\"864\" ThreadID=\"1688\"></Execution>\n<Channel>Microsoft-Windows-ReadyBoost/Operational</Channel>\n<Computer>IACIS-HDD-2014</Computer>\n<Security UserID=\"S-1-5-18\"></Security>\n</System>\n<EventData><Data Name=\"BootPlanTimestamp\">2014-01-24 20:57:18.150570+00:00</Data>\n<Data Name=\"ErrorCode\">0</Data>\n<Data Name=\"Duration (ms)\">26661</Data>\n<Data Name=\"Reason\">1</Data>\n</EventData>\n</Event>\n"
  },
  {
    "EventID": 1015,
    "Timestamp": "2014-01-25 13:27:26.035282+00:00",
    "Computer": "IACIS-HDD-2014",
    "Channel": "Microsoft-Windows-ReadyBoost/Operational",
    "Level": "Information",
    "EventData": {
      "RB_IoReadBytes": "363815424",
      "RB_CacheHitBytes": "51946496",
      "RB_PrefetchBytes": "409096192",
      "RB_CacheHitPercentage": "0.24400522317188983",
      "RB_IoReadCount": "16848",
      "RB_CacheHitCount": "4111",
      "RB_PrefetchReadCount": "7659",
      "RB_PrefetchDiskTimeUs": "35338127"
    },
    "RawXml": "<Event xmlns=\"http://schemas.microsoft.com/win/2004/08/events/event\"><System><Provider Name=\"Microsoft-Windows-ReadyBoost\" Guid=\"{e6307a09-292c-497e-aad6-498f68e2b619}\"></Provider>\n<EventID Qualifiers=\"\">1015</EventID>\n<Version>1</Version>\n<Level>4</Level>\n<Task>1016</Task>\n<Opcode>0</Opcode>\n<Keywords>0x8000000000002000</Keywords>\n<TimeCreated SystemTime=\"2014-01-25 13:27:26.035282+00:00\"></TimeCreated>\n<EventRecordID>8</EventRecordID>\n<Correlation ActivityID=\"\" RelatedActivityID=\"\"></Correlation>\n<Execution ProcessID=\"800\" ThreadID=\"1784\"></Execution>\n<Channel>Microsoft-Windows-ReadyBoost/Operational</Channel>\n<Computer>IACIS-HDD-2014</Computer>\n<Security UserID=\"S-1-5-18\"></Security>\n</System>\n<EventData><Data Name=\"RB_IoReadBytes\">363815424</Data>\n<Data Name=\"RB_CacheHitBytes\">51946496</Data>\n<Data Name=\"RB_PrefetchBytes\">409096192</Data>\n<Data Name=\"RB_CacheHitPercentage\">0.24400522317188983</Data>\n<Data Name=\"RB_IoReadCount\">16848</Data>\n<Data Name=\"RB_CacheHitCount\">4111</Data>\n<Data Name=\"RB_PrefetchReadCount\">7659</Data>\n<Data Name=\"RB_PrefetchDiskTimeUs\">35338127</Data>\n</EventData>\n</Event>\n"
  },
  {
    "EventID": 1016,
    "Timestamp": "2014-01-25 13:27:26.409685+00:00",
    "Computer": "IACIS-HDD-2014",
    "Channel": "Microsoft-Windows-ReadyBoost/Operational",
    "Level": "Information",
    "EventData": {
      "BootPlanTimestamp": "2014-01-25 08:26:25.163977+00:00",
      "ErrorCode": "0",
      "Duration (ms)": "61246",
      "Reason": "0"
    },
    "RawXml": "<Event xmlns=\"http://schemas.microsoft.com/win/2004/08/events/event\"><System><Provider Name=\"Microsoft-Windows-ReadyBoost\" Guid=\"{e6307a09-292c-497e-aad6-498f68e2b619}\"></Provider>\n<EventID Qualifiers=\"\">1016</EventID>\n<Version>1</Version>\n<Level>4</Level>\n<Task>1016</Task>\n<Opcode>0</Opcode>\n<Keywords>0x8000000000002000</Keywords>\n<TimeCreated SystemTime=\"2014-01-25 13:27:26.409685+00:00\"></TimeCreated>\n<EventRecordID>9</EventRecordID>\n<Correlation ActivityID=\"\" RelatedActivityID=\"\"></Correlation>\n<Execution ProcessID=\"800\" ThreadID=\"1784\"></Execution>\n<Channel>Microsoft-Windows-ReadyBoost/Operational</Channel>\n<Computer>IACIS-HDD-2014</Computer>\n<Security UserID=\"S-1-5-18\"></Security>\n</System>\n<EventData><Data Name=\"BootPlanTimestamp\">2014-01-25 08:26:25.163977+00:00</Data>\n<Data Name=\"ErrorCode\">0</Data>\n<Data Name=\"Duration (ms)\">61246</Data>\n<Data Name=\"Reason\">0</Data>\n</EventData>\n</Event>\n"
  },
  {
    "EventID": 1016,
    "Timestamp": "2014-01-25 13:30:54.280840+00:00",
    "Computer": "IACIS-HDD-2014",
    "Channel": "Microsoft-Windows-ReadyBoost/Operational",
    "Level": "Information",
    "EventData": {
      "BootPlanTimestamp": "2014-01-25 08:30:15.935972+00:00",
      "ErrorCode": "995",
      "Duration (ms)": "38345",
      "Reason": "0"
    },
    "RawXml": "<Event xmlns=\"http://schemas.microsoft.com/win/2004/08/events/event\"><System><Provider Name=\"Microsoft-Windows-ReadyBoost\" Guid=\"{e6307a09-292c-497e-aad6-498f68e2b619}\"></Provider>\n<EventID Qualifiers=\"\">1016</EventID>\n<Version>1</Version>\n<Level>4</Level>\n<Task>1016</Task>\n<Opcode>0</Opcode>\n<Keywords>0x8000000000002000</Keywords>\n<TimeCreated SystemTime=\"2014-01-25 13:30:54.280840+00:00\"></TimeCreated>\n<EventRecordID>10</EventRecordID>\n<Correlation ActivityID=\"\" RelatedActivityID=\"\"></Correlation>\n<Execution ProcessID=\"800\" ThreadID=\"1284\"></Execution>\n<Channel>Microsoft-Windows-ReadyBoost/Operational</Channel>\n<Computer>IACIS-HDD-2014</Computer>\n<Security UserID=\"S-1-5-18\"></Security>\n</System>\n<EventData><Data Name=\"BootPlanTimestamp\">2014-01-25 08:30:15.935972+00:00</Data>\n<Data Name=\"ErrorCode\">995</Data>\n<Data Name=\"Duration (ms)\">38345</Data>\n<Data Name=\"Reason\">0</Data>\n</EventData>\n</Event>\n"
  },
  {
    "EventID": 1015,
    "Timestamp": "2014-01-25 13:33:09.123980+00:00",
    "Computer": "IACIS-HDD-2014",
    "Channel": "Microsoft-Windows-ReadyBoost/Operational",
    "Level": "Information",
    "EventData": {
      "RB_IoReadBytes": "377582080",
      "RB_CacheHitBytes": "130541568",
      "RB_PrefetchBytes": "629080064",
      "RB_CacheHitPercentage": "0.6644011877268229",
      "RB_IoReadCount": "15155",
      "RB_CacheHitCount": "10069",
      "RB_PrefetchReadCount": "14151",
      "RB_PrefetchDiskTimeUs": "87936055"
    },
    "RawXml": "<Event xmlns=\"http://schemas.microsoft.com/win/2004/08/events/event\"><System><Provider Name=\"Microsoft-Windows-ReadyBoost\" Guid=\"{e6307a09-292c-497e-aad6-498f68e2b619}\"></Provider>\n<EventID Qualifiers=\"\">1015</EventID>\n<Version>1</Version>\n<Level>4</Level>\n<Task>1016</Task>\n<Opcode>0</Opcode>\n<Keywords>0x8000000000002000</Keywords>\n<TimeCreated SystemTime=\"2014-01-25 13:33:09.123980+00:00\"></TimeCreated>\n<EventRecordID>11</EventRecordID>\n<Correlation ActivityID=\"\" RelatedActivityID=\"\"></Correlation>\n<Execution ProcessID=\"808\" ThreadID=\"340\"></Execution>\n<Channel>Microsoft-Windows-ReadyBoost/Operational</Channel>\n<Computer>IACIS-HDD-2014</Computer>\n<Security UserID=\"S-1-5-18\"></Security>\n</System>\n<EventData><Data Name=\"RB_IoReadBytes\">377582080</Data>\n<Data Name=\"RB_CacheHitBytes\">130541568</Data>\n<Data Name=\"RB_PrefetchBytes\">629080064</Data>\n<Data Name=\"RB_CacheHitPercentage\">0.6644011877268229</Data>\n<Data Name=\"RB_IoReadCount\">15155</Data>\n<Data Name=\"RB_CacheHitCount\">10069</Data>\n<Data Name=\"RB_PrefetchReadCount\">14151</Data>\n<Data Name=\"RB_PrefetchDiskTimeUs\">87936055</Data>\n</EventData>\n</Event>\n"
  },
  {
    "EventID": 1016,
    "Timestamp": "2014-01-25 13:33:09.576380+00:00",
    "Computer": "IACIS-HDD-2014",
    "Channel": "Microsoft-Windows-ReadyBoost/Operational",
    "Level": "Information",
    "EventData": {
      "BootPlanTimestamp": "2014-01-25 08:33:06.456375+00:00",
      "ErrorCode": "0",
      "Duration (ms)": "3120",
      "Reason": "0"
    },
    "RawXml": "<Event xmlns=\"http://schemas.microsoft.com/win/2004/08/events/event\"><System><Provider Name=\"Microsoft-Windows-ReadyBoost\" Guid=\"{e6307a09-292c-497e-aad6-498f68e2b619}\"></Provider>\n<EventID Qualifiers=\"\">1016</EventID>\n<Version>1</Version>\n<Level>4</Level>\n<Task>1016</Task>\n<Opcode>0</Opcode>\n<Keywords>0x8000000000002000</Keywords>\n<TimeCreated SystemTime=\"2014-01-25 13:33:09.576380+00:00\"></TimeCreated>\n<EventRecordID>12</EventRecordID>\n<Correlation ActivityID=\"\" RelatedActivityID=\"\"></Correlation>\n<Execution ProcessID=\"808\" ThreadID=\"340\"></Execution>\n<Channel>Microsoft-Windows-ReadyBoost/Operational</Channel>\n<Computer>IACIS-HDD-2014</Computer>\n<Security UserID=\"S-1-5-18\"></Security>\n</System>\n<EventData><Data Name=\"BootPlanTimestamp\">2014-01-25 08:33:06.456375+00:00</Data>\n<Data Name=\"ErrorCode\">0</Data>\n<Data Name=\"Duration (ms)\">3120</Data>\n<Data Name=\"Reason\">0</Data>\n</EventData>\n</Event>\n"
  },
  {
    "EventID": 1015,
    "Timestamp": "2014-01-25 13:54:19.602962+00:00",
    "Computer": "IACIS-HDD-2014",
    "Channel": "Microsoft-Windows-ReadyBoost/Operational",
    "Level": "Information",
    "EventData": {
      "RB_IoReadBytes": "345200640",
      "RB_CacheHitBytes": "135123968",
      "RB_PrefetchBytes": "278810624",
      "RB_CacheHitPercentage": "0.6345894194181907",
      "RB_IoReadCount": "16294",
      "RB_CacheHitCount": "10340",
      "RB_PrefetchReadCount": "8711",
      "RB_PrefetchDiskTimeUs": "70798419"
    },
    "RawXml": "<Event xmlns=\"http://schemas.microsoft.com/win/2004/08/events/event\"><System><Provider Name=\"Microsoft-Windows-ReadyBoost\" Guid=\"{e6307a09-292c-497e-aad6-498f68e2b619}\"></Provider>\n<EventID Qualifiers=\"\">1015</EventID>\n<Version>1</Version>\n<Level>4</Level>\n<Task>1016</Task>\n<Opcode>0</Opcode>\n<Keywords>0x8000000000002000</Keywords>\n<TimeCreated SystemTime=\"2014-01-25 13:54:19.602962+00:00\"></TimeCreated>\n<EventRecordID>13</EventRecordID>\n<Correlation ActivityID=\"\" RelatedActivityID=\"\"></Correlation>\n<Execution ProcessID=\"808\" ThreadID=\"2984\"></Execution>\n<Channel>Microsoft-Windows-ReadyBoost/Operational</Channel>\n<Computer>IACIS-HDD-2014</Computer>\n<Security UserID=\"S-1-5-18\"></Security>\n</System>\n<EventData><Data Name=\"RB_IoReadBytes\">345200640</Data>\n<Data Name=\"RB_CacheHitBytes\">135123968</Data>\n<Data Name=\"RB_PrefetchBytes\">278810624</Data>\n<Data Name=\"RB_CacheHitPercentage\">0.6345894194181907</Data>\n<Data Name=\"RB_IoReadCount\">16294</Data>\n<Data Name=\"RB_CacheHitCount\">10340</Data>\n<Data Name=\"RB_PrefetchReadCount\">8711</Data>\n<Data Name=\"RB_PrefetchDiskTimeUs\">70798419</Data>\n</EventData>\n</Event>\n"
  },
  {
    "EventID": 1016,
    "Timestamp": "2014-01-25 13:54:20.008564+00:00",
    "Computer": "IACIS-HDD-2014",
    "Channel": "Microsoft-Windows-ReadyBoost/Operational",
    "Level": "Information",
    "EventData": {
      "BootPlanTimestamp": "2014-01-25 08:54:05.984138+00:00",
      "ErrorCode": "0",
      "Duration (ms)": "14025",
      "Reason": "0"
    },
    "RawXml": "<Event xmlns=\"http://schemas.microsoft.com/win/2004/08/events/event\"><System><Provider Name=\"Microsoft-Windows-ReadyBoost\" Guid=\"{e6307a09-292c-497e-aad6-498f68e2b619}\"></Provider>\n<EventID Qualifiers=\"\">1016</EventID>\n<Version>1</Version>\n<Level>4</Level>\n<Task>1016</Task>\n<Opcode>0</Opcode>\n<Keywords>0x8000000000002000</Keywords>\n<TimeCreated SystemTime=\"2014-01-25 13:54:20.008564+00:00\"></TimeCreated>\n<EventRecordID>14</EventRecordID>\n<Correlation ActivityID=\"\" RelatedActivityID=\"\"></Correlation>\n<Execution ProcessID=\"808\" ThreadID=\"2984\"></Execution>\n<Channel>Microsoft-Windows-ReadyBoost/Operational</Channel>\n<Computer>IACIS-HDD-2014</Computer>\n<Security UserID=\"S-1-5-18\"></Security>\n</System>\n<EventData><Data Name=\"BootPlanTimestamp\">2014-01-25 08:54:05.984138+00:00</Data>\n<Data Name=\"ErrorCode\">0</Data>\n<Data Name=\"Duration (ms)\">14025</Data>\n<Data Name=\"Reason\">0</Data>\n</EventData>\n</Event>\n"
  },
  {
    "EventID": 1017,
    "Timestamp": "2014-01-25 13:57:27.598892+00:00",
    "Computer": "IACIS-HDD-2014",
    "Channel": "Microsoft-Windows-ReadyBoost/Operational",
    "Level": "Information",
    "EventData": {
      "DeviceName": "Unknown Unknown"
    },
    "RawXml": "<Event xmlns=\"http://schemas.microsoft.com/win/2004/08/events/event\"><System><Provider Name=\"Microsoft-Windows-ReadyBoost\" Guid=\"{e6307a09-292c-497e-aad6-498f68e2b619}\"></Provider>\n<EventID Qualifiers=\"\">1017</EventID>\n<Version>1</Version>\n<Level>4</Level>\n<Task>1019</Task>\n<Opcode>0</Opcode>\n<Keywords>0x8000000000004000</Keywords>\n<TimeCreated SystemTime=\"2014-01-25 13:57:27.598892+00:00\"></TimeCreated>\n<EventRecordID>15</EventRecordID>\n<Correlation ActivityID=\"\" RelatedActivityID=\"\"></Correlation>\n<Execution ProcessID=\"808\" ThreadID=\"1380\"></Execution>\n<Channel>Microsoft-Windows-ReadyBoost/Operational</Channel>\n<Computer>IACIS-HDD-2014</Computer>\n<Security UserID=\"S-1-5-18\"></Security>\n</System>\n<EventData><Data Name=\"DeviceName\">Unknown Unknown</Data>\n</EventData>\n</Event>\n"
  },
  {
    "EventID": 1017,
    "Timestamp": "2014-01-25 13:58:57.751451+00:00",
    "Computer": "IACIS-HDD-2014",
    "Channel": "Microsoft-Windows-ReadyBoost/Operational",
    "Level": "Information",
    "EventData": {
      "DeviceName": "Unknown Unknown"
    },
    "RawXml": "<Event xmlns=\"http://schemas.microsoft.com/win/2004/08/events/event\"><System><Provider Name=\"Microsoft-Windows-ReadyBoost\" Guid=\"{e6307a09-292c-497e-aad6-498f68e2b619}\"></Provider>\n<EventID Qualifiers=\"\">1017</EventID>\n<Version>1</Version>\n<Level>4</Level>\n<Task>1019</Task>\n<Opcode>0</Opcode>\n<Keywords>0x8000000000004000</Keywords>\n<TimeCreated SystemTime=\"2014-01-25 13:58:57.751451+00:00\"></TimeCreated>\n<EventRecordID>16</EventRecordID>\n<Correlation ActivityID=\"\" RelatedActivityID=\"\"></Correlation>\n<Execution ProcessID=\"808\" ThreadID=\"1380\"></Execution>\n<Channel>Microsoft-Windows-ReadyBoost/Operational</Channel>\n<Computer>IACIS-HDD-2014</Computer>\n<Security UserID=\"S-1-5-18\"></Security>\n</System>\n<EventData><Data Name=\"DeviceName\">Unknown Unknown</Data>\n</EventData>\n</Event>\n"
  },
  {
    "EventID": 1009,
    "Timestamp": "2014-01-25 14:00:25.860405+00:00",
    "Computer": "IACIS-HDD-2014",
    "Channel": "Microsoft-Windows-ReadyBoost/Operational",
    "Level": "Information",
    "EventData": {
      "DeviceName": "Unknown Unknown",
      "IntValue": "209",
      "SecondIntValue": "235"
    },
    "RawXml": "<Event xmlns=\"http://schemas.microsoft.com/win/2004/08/events/event\"><System><Provider Name=\"Microsoft-Windows-ReadyBoost\" Guid=\"{e6307a09-292c-497e-aad6-498f68e2b619}\"></Provider>\n<EventID Qualifiers=\"\">1009</EventID>\n<Version>0</Version>\n<Level>4</Level>\n<Task>1019</Task>\n<Opcode>0</Opcode>\n<Keywords>0x8000000000004000</Keywords>\n<TimeCreated SystemTime=\"2014-01-25 14:00:25.860405+00:00\"></TimeCreated>\n<EventRecordID>17</EventRecordID>\n<Correlation ActivityID=\"\" RelatedActivityID=\"\"></Correlation>\n<Execution ProcessID=\"808\" ThreadID=\"1380\"></Execution>\n<Channel>Microsoft-Windows-ReadyBoost/Operational</Channel>\n<Computer>IACIS-HDD-2014</Computer>\n<Security UserID=\"S-1-5-18\"></Security>\n</System>\n<EventData><Data Name=\"DeviceName\">Unknown Unknown</Data>\n<Data Name=\"IntValue\">209</Data>\n<Data Name=\"SecondIntValue\">235</Data>\n</EventData>\n</Event>\n"
  },
  {
    "EventID": 1015,
    "Timestamp": "2014-01-25 15:26:31.853642+00:00",
    "Computer": "IACIS-HDD-2014",
    "Channel": "Microsoft-Windows-ReadyBoost/Operational",
    "Level": "Information",
    "EventData": {
      "RB_IoReadBytes": "430611456",
      "RB_CacheHitBytes": "144953344",
      "RB_PrefetchBytes": "205258752",
      "RB_CacheHitPercentage": "0.745704945398901",
      "RB_IoReadCount": "14377",
      "RB_CacheHitCount": "10721",
      "RB_PrefetchReadCount": "6729",
      "RB_PrefetchDiskTimeUs": "54445206"
    },
    "RawXml": "<Event xmlns=\"http://schemas.microsoft.com/win/2004/08/events/event\"><System><Provider Name=\"Microsoft-Windows-ReadyBoost\" Guid=\"{e6307a09-292c-497e-aad6-498f68e2b619}\"></Provider>\n<EventID Qualifiers=\"\">1015</EventID>\n<Version>1</Version>\n<Level>4</Level>\n<Task>1016</Task>\n<Opcode>0</Opcode>\n<Keywords>0x8000000000002000</Keywords>\n<TimeCreated SystemTime=\"2014-01-25 15:26:31.853642+00:00\"></TimeCreated>\n<EventRecordID>18</EventRecordID>\n<Correlation ActivityID=\"\" RelatedActivityID=\"\"></Correlation>\n<Execution ProcessID=\"904\" ThreadID=\"2316\"></Execution>\n<Channel>Microsoft-Windows-ReadyBoost/Operational</Channel>\n<Computer>IACIS-HDD-2014</Computer>\n<Security UserID=\"S-1-5-18\"></Security>\n</System>\n<EventData><Data Name=\"RB_IoReadBytes\">430611456</Data>\n<Data Name=\"RB_CacheHitBytes\">144953344</Data>\n<Data Name=\"RB_PrefetchBytes\">205258752</Data>\n<Data Name=\"RB_CacheHitPercentage\">0.745704945398901</Data>\n<Data Name=\"RB_IoReadCount\">14377</Data>\n<Data Name=\"RB_CacheHitCount\">10721</Data>\n<Data Name=\"RB_PrefetchReadCount\">6729</Data>\n<Data Name=\"RB_PrefetchDiskTimeUs\">54445206</Data>\n</EventData>\n</Event>\n"
  },
  {
    "EventID": 1016,
    "Timestamp": "2014-01-25 15:26:32.368441+00:00",
    "Computer": "IACIS-HDD-2014",
    "Channel": "Microsoft-Windows-ReadyBoost/Operational",
    "Level": "Information",
    "EventData": {
      "BootPlanTimestamp": "2014-01-25 10:26:25.083229+00:00",
      "ErrorCode": "0",
      "Duration (ms)": "7286",
      "Reason": "0"
    },
    "RawXml": "<Event xmlns=\"http://schemas.microsoft.com/win/2004/08/events/event\"><System><Provider Name=\"Microsoft-Windows-ReadyBoost\" Guid=\"{e6307a09-292c-497e-aad6-498f68e2b619}\"></Provider>\n<EventID Qualifiers=\"\">1016</EventID>\n<Version>1</Version>\n<Level>4</Level>\n<Task>1016</Task>\n<Opcode>0</Opcode>\n<Keywords>0x8000000000002000</Keywords>\n<TimeCreated SystemTime=\"2014-01-25 15:26:32.368441+00:00\"></TimeCreated>\n<EventRecordID>19</EventRecordID>\n<Correlation ActivityID=\"\" RelatedActivityID=\"\"></Correlation>\n<Execution ProcessID=\"904\" ThreadID=\"2316\"></Execution>\n<Channel>Microsoft-Windows-ReadyBoost/Operational</Channel>\n<Computer>IACIS-HDD-2014</Computer>\n<Security UserID=\"S-1-5-18\"></Security>\n</System>\n<EventData><Data Name=\"BootPlanTimestamp\">2014-01-25 10:26:25.083229+00:00</Data>\n<Data Name=\"ErrorCode\">0</Data>\n<Data Name=\"Duration (ms)\">7286</Data>\n<Data Name=\"Reason\">0</Data>\n</EventData>\n</Event>\n"
  },
  {
    "EventID": 1017,
    "Timestamp": "2014-01-25 15:43:56.483479+00:00",
    "Computer": "IACIS-HDD-2014",
    "Channel": "Microsoft-Windows-ReadyBoost/Operational",
    "Level": "Information",
    "EventData": {
      "DeviceName": "Unknown Unknown"
    },
    "RawXml": "<Event xmlns=\"http://schemas.microsoft.com/win/2004/08/events/event\"><System><Provider Name=\"Microsoft-Windows-ReadyBoost\" Guid=\"{e6307a09-292c-497e-aad6-498f68e2b619}\"></Provider>\n<EventID Qualifiers=\"\">1017</EventID>\n<Version>1</Version>\n<Level>4</Level>\n<Task>1019</Task>\n<Opcode>0</Opcode>\n<Keywords>0x8000000000004000</Keywords>\n<TimeCreated SystemTime=\"2014-01-25 15:43:56.483479+00:00\"></TimeCreated>\n<EventRecordID>20</EventRecordID>\n<Correlation ActivityID=\"\" RelatedActivityID=\"\"></Correlation>\n<Execution ProcessID=\"904\" ThreadID=\"1452\"></Execution>\n<Channel>Microsoft-Windows-ReadyBoost/Operational</Channel>\n<Computer>IACIS-HDD-2014</Computer>\n<Security UserID=\"S-1-5-18\"></Security>\n</System>\n<EventData><Data Name=\"DeviceName\">Unknown Unknown</Data>\n</EventData>\n</Event>\n"
  },
  {
    "EventID": 1017,
    "Timestamp": "2014-01-25 15:44:11.951506+00:00",
    "Computer": "IACIS-HDD-2014",
    "Channel": "Microsoft-Windows-ReadyBoost/Operational",
    "Level": "Information",
    "EventData": {
      "DeviceName": "Unknown Unknown"
    },
    "RawXml": "<Event xmlns=\"http://schemas.microsoft.com/win/2004/08/events/event\"><System><Provider Name=\"Microsoft-Windows-ReadyBoost\" Guid=\"{e6307a09-292c-497e-aad6-498f68e2b619}\"></Provider>\n<EventID Qualifiers=\"\">1017</EventID>\n<Version>1</Version>\n<Level>4</Level>\n<Task>1019</Task>\n<Opcode>0</Opcode>\n<Keywords>0x8000000000004000</Keywords>\n<TimeCreated SystemTime=\"2014-01-25 15:44:11.951506+00:00\"></TimeCreated>\n<EventRecordID>21</EventRecordID>\n<Correlation ActivityID=\"\" RelatedActivityID=\"\"></Correlation>\n<Execution ProcessID=\"904\" ThreadID=\"1452\"></Execution>\n<Channel>Microsoft-Windows-ReadyBoost/Operational</Channel>\n<Computer>IACIS-HDD-2014</Computer>\n<Security UserID=\"S-1-5-18\"></Security>\n</System>\n<EventData><Data Name=\"DeviceName\">Unknown Unknown</Data>\n</EventData>\n</Event>\n"
  },
  {
    "EventID": 1018,
    "Timestamp": "2014-01-25 16:14:48.161928+00:00",
    "Computer": "IACIS-HDD-2014",
    "Channel": "Microsoft-Windows-ReadyBoost/Operational",
    "Level": "Information",
    "EventData": {
      "DiskAssessmentTimestamp": "2014-01-25 11:14:31.797501+00:00",
      "ErrorCode": "0",
      "Duration (ms)": "16365"
    },
    "RawXml": "<Event xmlns=\"http://schemas.microsoft.com/win/2004/08/events/event\"><System><Provider Name=\"Microsoft-Windows-ReadyBoost\" Guid=\"{e6307a09-292c-497e-aad6-498f68e2b619}\"></Provider>\n<EventID Qualifiers=\"\">1018</EventID>\n<Version>1</Version>\n<Level>4</Level>\n<Task>1016</Task>\n<Opcode>0</Opcode>\n<Keywords>0x8000000000002000</Keywords>\n<TimeCreated SystemTime=\"2014-01-25 16:14:48.161928+00:00\"></TimeCreated>\n<EventRecordID>22</EventRecordID>\n<Correlation ActivityID=\"\" RelatedActivityID=\"\"></Correlation>\n<Execution ProcessID=\"904\" ThreadID=\"2784\"></Execution>\n<Channel>Microsoft-Windows-ReadyBoost/Operational</Channel>\n<Computer>IACIS-HDD-2014</Computer>\n<Security UserID=\"S-1-5-18\"></Security>\n</System>\n<EventData><Data Name=\"DiskAssessmentTimestamp\">2014-01-25 11:14:31.797501+00:00</Data>\n<Data Name=\"ErrorCode\">0</Data>\n<Data Name=\"Duration (ms)\">16365</Data>\n</EventData>\n</Event>\n"
  },
  {
    "EventID": 1016,
    "Timestamp": "2014-01-25 16:27:17.935326+00:00",
    "Computer": "IACIS-HDD-2014",
    "Channel": "Microsoft-Windows-ReadyBoost/Operational",
    "Level": "Information",
    "EventData": {
      "BootPlanTimestamp": "2014-01-25 11:27:12.974516+00:00",
      "ErrorCode": "0",
      "Duration (ms)": "4961",
      "Reason": "1"
    },
    "RawXml": "<Event xmlns=\"http://schemas.microsoft.com/win/2004/08/events/event\"><System><Provider Name=\"Microsoft-Windows-ReadyBoost\" Guid=\"{e6307a09-292c-497e-aad6-498f68e2b619}\"></Provider>\n<EventID Qualifiers=\"\">1016</EventID>\n<Version>1</Version>\n<Level>4</Level>\n<Task>1016</Task>\n<Opcode>0</Opcode>\n<Keywords>0x8000000000002000</Keywords>\n<TimeCreated SystemTime=\"2014-01-25 16:27:17.935326+00:00\"></TimeCreated>\n<EventRecordID>23</EventRecordID>\n<Correlation ActivityID=\"\" RelatedActivityID=\"\"></Correlation>\n<Execution ProcessID=\"904\" ThreadID=\"2720\"></Execution>\n<Channel>Microsoft-Windows-ReadyBoost/Operational</Channel>\n<Computer>IACIS-HDD-2014</Computer>\n<Security UserID=\"S-1-5-18\"></Security>\n</System>\n<EventData><Data Name=\"BootPlanTimestamp\">2014-01-25 11:27:12.974516+00:00</Data>\n<Data Name=\"ErrorCode\">0</Data>\n<Data Name=\"Duration (ms)\">4961</Data>\n<Data Name=\"Reason\">1</Data>\n</EventData>\n</Event>\n"
  },
  {
    "EventID": 1015,
    "Timestamp": "2014-01-25 18:20:43.470182+00:00",
    "Computer": "IACIS-HDD-2014",
    "Channel": "Microsoft-Windows-ReadyBoost/Operational",
    "Level": "Information",
    "EventData": {
      "RB_IoReadBytes": "311670272",
      "RB_CacheHitBytes": "133933568",
      "RB_PrefetchBytes": "219406336",
      "RB_CacheHitPercentage": "0.8096998882105082",
      "RB_IoReadCount": "11629",
      "RB_CacheHitCount": "9416",
      "RB_PrefetchReadCount": "6975",
      "RB_PrefetchDiskTimeUs": "55100187"
    },
    "RawXml": "<Event xmlns=\"http://schemas.microsoft.com/win/2004/08/events/event\"><System><Provider Name=\"Microsoft-Windows-ReadyBoost\" Guid=\"{e6307a09-292c-497e-aad6-498f68e2b619}\"></Provider>\n<EventID Qualifiers=\"\">1015</EventID>\n<Version>1</Version>\n<Level>4</Level>\n<Task>1016</Task>\n<Opcode>0</Opcode>\n<Keywords>0x8000000000002000</Keywords>\n<TimeCreated SystemTime=\"2014-01-25 18:20:43.470182+00:00\"></TimeCreated>\n<EventRecordID>24</EventRecordID>\n<Correlation ActivityID=\"\" RelatedActivityID=\"\"></Correlation>\n<Execution ProcessID=\"912\" ThreadID=\"2288\"></Execution>\n<Channel>Microsoft-Windows-ReadyBoost/Operational</Channel>\n<Computer>IACIS-HDD-2014</Computer>\n<Security UserID=\"S-1-5-18\"></Security>\n</System>\n<EventData><Data Name=\"RB_IoReadBytes\">311670272</Data>\n<Data Name=\"RB_CacheHitBytes\">133933568</Data>\n<Data Name=\"RB_PrefetchBytes\">219406336</Data>\n<Data Name=\"RB_CacheHitPercentage\">0.8096998882105082</Data>\n<Data Name=\"RB_IoReadCount\">11629</Data>\n<Data Name=\"RB_CacheHitCount\">9416</Data>\n<Data Name=\"RB_PrefetchReadCount\">6975</Data>\n<Data Name=\"RB_PrefetchDiskTimeUs\">55100187</Data>\n</EventData>\n</Event>\n"
  },
  {
    "EventID": 1016,
    "Timestamp": "2014-01-25 18:20:44.406183+00:00",
    "Computer": "IACIS-HDD-2014",
    "Channel": "Microsoft-Windows-ReadyBoost/Operational",
    "Level": "Information",
    "EventData": {
      "BootPlanTimestamp": "2014-01-25 13:20:33.189764+00:00",
      "ErrorCode": "0",
      "Duration (ms)": "11217",
      "Reason": "0"
    },
    "RawXml": "<Event xmlns=\"http://schemas.microsoft.com/win/2004/08/events/event\"><System><Provider Name=\"Microsoft-Windows-ReadyBoost\" Guid=\"{e6307a09-292c-497e-aad6-498f68e2b619}\"></Provider>\n<EventID Qualifiers=\"\">1016</EventID>\n<Version>1</Version>\n<Level>4</Level>\n<Task>1016</Task>\n<Opcode>0</Opcode>\n<Keywords>0x8000000000002000</Keywords>\n<TimeCreated SystemTime=\"2014-01-25 18:20:44.406183+00:00\"></TimeCreated>\n<EventRecordID>25</EventRecordID>\n<Correlation ActivityID=\"\" RelatedActivityID=\"\"></Correlation>\n<Execution ProcessID=\"912\" ThreadID=\"2288\"></Execution>\n<Channel>Microsoft-Windows-ReadyBoost/Operational</Channel>\n<Computer>IACIS-HDD-2014</Computer>\n<Security UserID=\"S-1-5-18\"></Security>\n</System>\n<EventData><Data Name=\"BootPlanTimestamp\">2014-01-25 13:20:33.189764+00:00</Data>\n<Data Name=\"ErrorCode\">0</Data>\n<Data Name=\"Duration (ms)\">11217</Data>\n<Data Name=\"Reason\">0</Data>\n</EventData>\n</Event>\n"
  },
  {
    "EventID": 1017,
    "Timestamp": "2014-01-25 18:22:18.877150+00:00",
    "Computer": "IACIS-HDD-2014",
    "Channel": "Microsoft-Windows-ReadyBoost/Operational",
    "Level": "Information",
    "EventData": {
      "DeviceName": "Unknown Unknown"
    },
    "RawXml": "<Event xmlns=\"http://schemas.microsoft.com/win/2004/08/events/event\"><System><Provider Name=\"Microsoft-Windows-ReadyBoost\" Guid=\"{e6307a09-292c-497e-aad6-498f68e2b619}\"></Provider>\n<EventID Qualifiers=\"\">1017</EventID>\n<Version>1</Version>\n<Level>4</Level>\n<Task>1019</Task>\n<Opcode>0</Opcode>\n<Keywords>0x8000000000004000</Keywords>\n<TimeCreated SystemTime=\"2014-01-25 18:22:18.877150+00:00\"></TimeCreated>\n<EventRecordID>26</EventRecordID>\n<Correlation ActivityID=\"\" RelatedActivityID=\"\"></Correlation>\n<Execution ProcessID=\"912\" ThreadID=\"1432\"></Execution>\n<Channel>Microsoft-Windows-ReadyBoost/Operational</Channel>\n<Computer>IACIS-HDD-2014</Computer>\n<Security UserID=\"S-1-5-18\"></Security>\n</System>\n<EventData><Data Name=\"DeviceName\">Unknown Unknown</Data>\n</EventData>\n</Event>\n"
  },
  {
    "EventID": 1017,
    "Timestamp": "2014-01-25 18:22:19.157951+00:00",
    "Computer": "IACIS-HDD-2014",
    "Channel": "Microsoft-Windows-ReadyBoost/Operational",
    "Level": "Information",
    "EventData": {
      "DeviceName": "Unknown Unknown"
    },
    "RawXml": "<Event xmlns=\"http://schemas.microsoft.com/win/2004/08/events/event\"><System><Provider Name=\"Microsoft-Windows-ReadyBoost\" Guid=\"{e6307a09-292c-497e-aad6-498f68e2b619}\"></Provider>\n<EventID Qualifiers=\"\">1017</EventID>\n<Version>1</Version>\n<Level>4</Level>\n<Task>1019</Task>\n<Opcode>0</Opcode>\n<Keywords>0x8000000000004000</Keywords>\n<TimeCreated SystemTime=\"2014-01-25 18:22:19.157951+00:00\"></TimeCreated>\n<EventRecordID>27</EventRecordID>\n<Correlation ActivityID=\"\" RelatedActivityID=\"\"></Correlation>\n<Execution ProcessID=\"912\" ThreadID=\"1432\"></Execution>\n<Channel>Microsoft-Windows-ReadyBoost/Operational</Channel>\n<Computer>IACIS-HDD-2014</Computer>\n<Security UserID=\"S-1-5-18\"></Security>\n</System>\n<EventData><Data Name=\"DeviceName\">Unknown Unknown</Data>\n</EventData>\n</Event>\n"
  },
  {
    "EventID": 1017,
    "Timestamp": "2014-01-25 18:22:19.547951+00:00",
    "Computer": "IACIS-HDD-2014",
    "Channel": "Microsoft-Windows-ReadyBoost/Operational",
    "Level": "Information",
    "EventData": {
      "DeviceName": "Unknown Unknown"
    },
    "RawXml": "<Event xmlns=\"http://schemas.microsoft.com/win/2004/08/events/event\"><System><Provider Name=\"Microsoft-Windows-ReadyBoost\" Guid=\"{e6307a09-292c-497e-aad6-498f68e2b619}\"></Provider>\n<EventID Qualifiers=\"\">1017</EventID>\n<Version>1</Version>\n<Level>4</Level>\n<Task>1019</Task>\n<Opcode>0</Opcode>\n<Keywords>0x8000000000004000</Keywords>\n<TimeCreated SystemTime=\"2014-01-25 18:22:19.547951+00:00\"></TimeCreated>\n<EventRecordID>28</EventRecordID>\n<Correlation ActivityID=\"\" RelatedActivityID=\"\"></Correlation>\n<Execution ProcessID=\"912\" ThreadID=\"1432\"></Execution>\n<Channel>Microsoft-Windows-ReadyBoost/Operational</Channel>\n<Computer>IACIS-HDD-2014</Computer>\n<Security UserID=\"S-1-5-18\"></Security>\n</System>\n<EventData><Data Name=\"DeviceName\">Unknown Unknown</Data>\n</EventData>\n</Event>\n"
  },
  {
    "EventID": 1009,
    "Timestamp": "2014-01-25 18:22:19.688351+00:00",
    "Computer": "IACIS-HDD-2014",
    "Channel": "Microsoft-Windows-ReadyBoost/Operational",
    "Level": "Information",
    "EventData": {
      "DeviceName": "Unknown Unknown",
      "IntValue": "213",
      "SecondIntValue": "235"
    },
    "RawXml": "<Event xmlns=\"http://schemas.microsoft.com/win/2004/08/events/event\"><System><Provider Name=\"Microsoft-Windows-ReadyBoost\" Guid=\"{e6307a09-292c-497e-aad6-498f68e2b619}\"></Provider>\n<EventID Qualifiers=\"\">1009</EventID>\n<Version>0</Version>\n<Level>4</Level>\n<Task>1019</Task>\n<Opcode>0</Opcode>\n<Keywords>0x8000000000004000</Keywords>\n<TimeCreated SystemTime=\"2014-01-25 18:22:19.688351+00:00\"></TimeCreated>\n<EventRecordID>29</EventRecordID>\n<Correlation ActivityID=\"\" RelatedActivityID=\"\"></Correlation>\n<Execution ProcessID=\"912\" ThreadID=\"1432\"></Execution>\n<Channel>Microsoft-Windows-ReadyBoost/Operational</Channel>\n<Computer>IACIS-HDD-2014</Computer>\n<Security UserID=\"S-1-5-18\"></Security>\n</System>\n<EventData><Data Name=\"DeviceName\">Unknown Unknown</Data>\n<Data Name=\"IntValue\">213</Data>\n<Data Name=\"SecondIntValue\">235</Data>\n</EventData>\n</Event>\n"
  },
  {
    "EventID": 1015,
    "Timestamp": "2014-01-29 12:29:00.364014+00:00",
    "Computer": "IACIS-HDD-2014",
    "Channel": "Microsoft-Windows-ReadyBoost/Operational",
    "Level": "Information",
    "EventData": {
      "RB_IoReadBytes": "257530368",
      "RB_CacheHitBytes": "102356992",
      "RB_PrefetchBytes": "163463168",
      "RB_CacheHitPercentage": "0.8742168104976947",
      "RB_IoReadCount": "8459",
      "RB_CacheHitCount": "7395",
      "RB_PrefetchReadCount": "4787",
      "RB_PrefetchDiskTimeUs": "27967939"
    },
    "RawXml": "<Event xmlns=\"http://schemas.microsoft.com/win/2004/08/events/event\"><System><Provider Name=\"Microsoft-Windows-ReadyBoost\" Guid=\"{e6307a09-292c-497e-aad6-498f68e2b619}\"></Provider>\n<EventID Qualifiers=\"\">1015</EventID>\n<Version>1</Version>\n<Level>4</Level>\n<Task>1016</Task>\n<Opcode>0</Opcode>\n<Keywords>0x8000000000002000</Keywords>\n<TimeCreated SystemTime=\"2014-01-29 12:29:00.364014+00:00\"></TimeCreated>\n<EventRecordID>30</EventRecordID>\n<Correlation ActivityID=\"\" RelatedActivityID=\"\"></Correlation>\n<Execution ProcessID=\"900\" ThreadID=\"1988\"></Execution>\n<Channel>Microsoft-Windows-ReadyBoost/Operational</Channel>\n<Computer>IACIS-HDD-2014</Computer>\n<Security UserID=\"S-1-5-18\"></Security>\n</System>\n<EventData><Data Name=\"RB_IoReadBytes\">257530368</Data>\n<Data Name=\"RB_CacheHitBytes\">102356992</Data>\n<Data Name=\"RB_PrefetchBytes\">163463168</Data>\n<Data Name=\"RB_CacheHitPercentage\">0.8742168104976947</Data>\n<Data Name=\"RB_IoReadCount\">8459</Data>\n<Data Name=\"RB_CacheHitCount\">7395</Data>\n<Data Name=\"RB_PrefetchReadCount\">4787</Data>\n<Data Name=\"RB_PrefetchDiskTimeUs\">27967939</Data>\n</EventData>\n</Event>\n"
  },
  {
    "EventID": 1016,
    "Timestamp": "2014-01-29 12:29:01.066013+00:00",
    "Computer": "IACIS-HDD-2014",
    "Channel": "Microsoft-Windows-ReadyBoost/Operational",
    "Level": "Information",
    "EventData": {
      "BootPlanTimestamp": "2014-01-29 07:28:47.930792+00:00",
      "ErrorCode": "0",
      "Duration (ms)": "13135",
      "Reason": "0"
    },
    "RawXml": "<Event xmlns=\"http://schemas.microsoft.com/win/2004/08/events/event\"><System><Provider Name=\"Microsoft-Windows-ReadyBoost\" Guid=\"{e6307a09-292c-497e-aad6-498f68e2b619}\"></Provider>\n<EventID Qualifiers=\"\">1016</EventID>\n<Version>1</Version>\n<Level>4</Level>\n<Task>1016</Task>\n<Opcode>0</Opcode>\n<Keywords>0x8000000000002000</Keywords>\n<TimeCreated SystemTime=\"2014-01-29 12:29:01.066013+00:00\"></TimeCreated>\n<EventRecordID>31</EventRecordID>\n<Correlation ActivityID=\"\" RelatedActivityID=\"\"></Correlation>\n<Execution ProcessID=\"900\" ThreadID=\"1988\"></Execution>\n<Channel>Microsoft-Windows-ReadyBoost/Operational</Channel>\n<Computer>IACIS-HDD-2014</Computer>\n<Security UserID=\"S-1-5-18\"></Security>\n</System>\n<EventData><Data Name=\"BootPlanTimestamp\">2014-01-29 07:28:47.930792+00:00</Data>\n<Data Name=\"ErrorCode\">0</Data>\n<Data Name=\"Duration (ms)\">13135</Data>\n<Data Name=\"Reason\">0</Data>\n</EventData>\n</Event>\n"
  },
  {
    "EventID": 1016,
    "Timestamp": "2014-01-29 12:44:14.220964+00:00",
    "Computer": "IACIS-HDD-2014",
    "Channel": "Microsoft-Windows-ReadyBoost/Operational",
    "Level": "Information",
    "EventData": {
      "BootPlanTimestamp": "2014-01-29 07:43:16.589464+00:00",
      "ErrorCode": "0",
      "Duration (ms)": "57611",
      "Reason": "1"
    },
    "RawXml": "<Event xmlns=\"http://schemas.microsoft.com/win/2004/08/events/event\"><System><Provider Name=\"Microsoft-Windows-ReadyBoost\" Guid=\"{e6307a09-292c-497e-aad6-498f68e2b619}\"></Provider>\n<EventID Qualifiers=\"\">1016</EventID>\n<Version>1</Version>\n<Level>4</Level>\n<Task>1016</Task>\n<Opcode>0</Opcode>\n<Keywords>0x8000000000002000</Keywords>\n<TimeCreated SystemTime=\"2014-01-29 12:44:14.220964+00:00\"></TimeCreated>\n<EventRecordID>32</EventRecordID>\n<Correlation ActivityID=\"\" RelatedActivityID=\"\"></Correlation>\n<Execution ProcessID=\"900\" ThreadID=\"2116\"></Execution>\n<Channel>Microsoft-Windows-ReadyBoost/Operational</Channel>\n<Computer>IACIS-HDD-2014</Computer>\n<Security UserID=\"S-1-5-18\"></Security>\n</System>\n<EventData><Data Name=\"BootPlanTimestamp\">2014-01-29 07:43:16.589464+00:00</Data>\n<Data Name=\"ErrorCode\">0</Data>\n<Data Name=\"Duration (ms)\">57611</Data>\n<Data Name=\"Reason\">1</Data>\n</EventData>\n</Event>\n"
  },
  {
    "EventID": 1016,
    "Timestamp": "2014-01-29 13:23:55.848225+00:00",
    "Computer": "IACIS-HDD-2014",
    "Channel": "Microsoft-Windows-ReadyBoost/Operational",
    "Level": "Information",
    "EventData": {
      "BootPlanTimestamp": "2014-01-29 08:23:54.023022+00:00",
      "ErrorCode": "0",
      "Duration (ms)": "1825",
      "Reason": "1"
    },
    "RawXml": "<Event xmlns=\"http://schemas.microsoft.com/win/2004/08/events/event\"><System><Provider Name=\"Microsoft-Windows-ReadyBoost\" Guid=\"{e6307a09-292c-497e-aad6-498f68e2b619}\"></Provider>\n<EventID Qualifiers=\"\">1016</EventID>\n<Version>1</Version>\n<Level>4</Level>\n<Task>1016</Task>\n<Opcode>0</Opcode>\n<Keywords>0x8000000000002000</Keywords>\n<TimeCreated SystemTime=\"2014-01-29 13:23:55.848225+00:00\"></TimeCreated>\n<EventRecordID>33</EventRecordID>\n<Correlation ActivityID=\"\" RelatedActivityID=\"\"></Correlation>\n<Execution ProcessID=\"900\" ThreadID=\"3300\"></Execution>\n<Channel>Microsoft-Windows-ReadyBoost/Operational</Channel>\n<Computer>IACIS-HDD-2014</Computer>\n<Security UserID=\"S-1-5-18\"></Security>\n</System>\n<EventData><Data Name=\"BootPlanTimestamp\">2014-01-29 08:23:54.023022+00:00</Data>\n<Data Name=\"ErrorCode\">0</Data>\n<Data Name=\"Duration (ms)\">1825</Data>\n<Data Name=\"Reason\">1</Data>\n</EventData>\n</Event>\n"
  },
  {
    "EventID": 1016,
    "Timestamp": "2014-01-29 14:31:00.671419+00:00",
    "Computer": "IACIS-HDD-2014",
    "Channel": "Microsoft-Windows-ReadyBoost/Operational",
    "Level": "Information",
    "EventData": {
      "BootPlanTimestamp": "2014-01-29 09:30:59.033415+00:00",
      "ErrorCode": "0",
      "Duration (ms)": "1638",
      "Reason": "1"
    },
    "RawXml": "<Event xmlns=\"http://schemas.microsoft.com/win/2004/08/events/event\"><System><Provider Name=\"Microsoft-Windows-ReadyBoost\" Guid=\"{e6307a09-292c-497e-aad6-498f68e2b619}\"></Provider>\n<EventID Qualifiers=\"\">1016</EventID>\n<Version>1</Version>\n<Level>4</Level>\n<Task>1016</Task>\n<Opcode>0</Opcode>\n<Keywords>0x8000000000002000</Keywords>\n<TimeCreated SystemTime=\"2014-01-29 14:31:00.671419+00:00\"></TimeCreated>\n<EventRecordID>34</EventRecordID>\n<Correlation ActivityID=\"\" RelatedActivityID=\"\"></Correlation>\n<Execution ProcessID=\"900\" ThreadID=\"1968\"></Execution>\n<Channel>Microsoft-Windows-ReadyBoost/Operational</Channel>\n<Computer>IACIS-HDD-2014</Computer>\n<Security UserID=\"S-1-5-18\"></Security>\n</System>\n<EventData><Data Name=\"BootPlanTimestamp\">2014-01-29 09:30:59.033415+00:00</Data>\n<Data Name=\"ErrorCode\">0</Data>\n<Data Name=\"Duration (ms)\">1638</Data>\n<Data Name=\"Reason\">1</Data>\n</EventData>\n</Event>\n"
  },
  {
    "EventID": 1015,
    "Timestamp": "2014-02-03 12:03:02.193571+00:00",
    "Computer": "IACIS-HDD-2014",
    "Channel": "Microsoft-Windows-ReadyBoost/Operational",
    "Level": "Information",
    "EventData": {
      "RB_IoReadBytes": "310430720",
      "RB_CacheHitBytes": "116873216",
      "RB_PrefetchBytes": "169009152",
      "RB_CacheHitPercentage": "0.740737369139736",
      "RB_IoReadCount": "10985",
      "RB_CacheHitCount": "8137",
      "RB_PrefetchReadCount": "4811",
      "RB_PrefetchDiskTimeUs": "26113363"
    },
    "RawXml": "<Event xmlns=\"http://schemas.microsoft.com/win/2004/08/events/event\"><System><Provider Name=\"Microsoft-Windows-ReadyBoost\" Guid=\"{e6307a09-292c-497e-aad6-498f68e2b619}\"></Provider>\n<EventID Qualifiers=\"\">1015</EventID>\n<Version>1</Version>\n<Level>4</Level>\n<Task>1016</Task>\n<Opcode>0</Opcode>\n<Keywords>0x8000000000002000</Keywords>\n<TimeCreated SystemTime=\"2014-02-03 12:03:02.193571+00:00\"></TimeCreated>\n<EventRecordID>35</EventRecordID>\n<Correlation ActivityID=\"\" RelatedActivityID=\"\"></Correlation>\n<Execution ProcessID=\"900\" ThreadID=\"1512\"></Execution>\n<Channel>Microsoft-Windows-ReadyBoost/Operational</Channel>\n<Computer>IACIS-HDD-2014</Computer>\n<Security UserID=\"S-1-5-18\"></Security>\n</System>\n<EventData><Data Name=\"RB_IoReadBytes\">310430720</Data>\n<Data Name=\"RB_CacheHitBytes\">116873216</Data>\n<Data Name=\"RB_PrefetchBytes\">169009152</Data>\n<Data Name=\"RB_CacheHitPercentage\">0.740737369139736</Data>\n<Data Name=\"RB_IoReadCount\">10985</Data>\n<Data Name=\"RB_CacheHitCount\">8137</Data>\n<Data Name=\"RB_PrefetchReadCount\">4811</Data>\n<Data Name=\"RB_PrefetchDiskTimeUs\">26113363</Data>\n</EventData>\n</Event>\n"
  },
  {
    "EventID": 1016,
    "Timestamp": "2014-02-03 12:03:02.801971+00:00",
    "Computer": "IACIS-HDD-2014",
    "Channel": "Microsoft-Windows-ReadyBoost/Operational",
    "Level": "Information",
    "EventData": {
      "BootPlanTimestamp": "2014-02-03 07:02:53.925556+00:00",
      "ErrorCode": "0",
      "Duration (ms)": "8876",
      "Reason": "0"
    },
    "RawXml": "<Event xmlns=\"http://schemas.microsoft.com/win/2004/08/events/event\"><System><Provider Name=\"Microsoft-Windows-ReadyBoost\" Guid=\"{e6307a09-292c-497e-aad6-498f68e2b619}\"></Provider>\n<EventID Qualifiers=\"\">1016</EventID>\n<Version>1</Version>\n<Level>4</Level>\n<Task>1016</Task>\n<Opcode>0</Opcode>\n<Keywords>0x8000000000002000</Keywords>\n<TimeCreated SystemTime=\"2014-02-03 12:03:02.801971+00:00\"></TimeCreated>\n<EventRecordID>36</EventRecordID>\n<Correlation ActivityID=\"\" RelatedActivityID=\"\"></Correlation>\n<Execution ProcessID=\"900\" ThreadID=\"1512\"></Execution>\n<Channel>Microsoft-Windows-ReadyBoost/Operational</Channel>\n<Computer>IACIS-HDD-2014</Computer>\n<Security UserID=\"S-1-5-18\"></Security>\n</System>\n<EventData><Data Name=\"BootPlanTimestamp\">2014-02-03 07:02:53.925556+00:00</Data>\n<Data Name=\"ErrorCode\">0</Data>\n<Data Name=\"Duration (ms)\">8876</Data>\n<Data Name=\"Reason\">0</Data>\n</EventData>\n</Event>\n"
  },
