  {
    "EventID": 5,
    "Timestamp": "2014-02-11 13:25:17.744314+00:00",
    "Computer": "IACIS-HDD-2014",
    "Channel": "Microsoft-Windows-User Profile Service/Operational",
    "Level": "Information",
    "EventData": {
      "File": "C:\\Users\\Jimmy Wilson\\ntuser.dat",
      "Key": "S-1-5-21-1171287513-3642516788-2358256967-1004"
    },
    "RawXml": "<Event xmlns=\"http://schemas.microsoft.com/win/2004/08/events/event\"><System><Provider Name=\"Microsoft-Windows-User Profiles Service\" Guid=\"{89b1e9f0-5aff-44a6-9b44-0a07a7ce5845}\"></Provider>\n<EventID Qualifiers=\"\">5</EventID>\n<Version>0</Version>\n<Level>4</Level>\n<Task>0</Task>\n<Opcode>0</Opcode>\n<Keywords>0x4000000000000000</Keywords>\n<TimeCreated SystemTime=\"2014-02-11 13:25:17.744314+00:00\"></TimeCreated>\n<EventRecordID>122</EventRecordID>\n<Correlation ActivityID=\"{02ac1c48-f800-0001-a6ed-19932c27cf01}\" RelatedActivityID=\"\"></Correlation>\n<Execution ProcessID=\"964\" ThreadID=\"2000\"></Execution>\n<Channel>Microsoft-Windows-User Profile Service/Operational</Channel>\n<Computer>IACIS-HDD-2014</Computer>\n<Security UserID=\"S-1-5-18\"></Security>\n</System>\n<EventData><Data Name=\"File\">C:\\Users\\Jimmy Wilson\\ntuser.dat</Data>\n<Data Name=\"Key\">S-1-5-21-1171287513-3642516788-2358256967-1004</Data>\n</EventData>\n</Event>\n"
  },
  {
    "EventID": 5,
    "Timestamp": "2014-02-11 13:25:17.853514+00:00",
    "Computer": "IACIS-HDD-2014",
    "Channel": "Microsoft-Windows-User Profile Service/Operational",
    "Level": "Information",
    "EventData": {
      "File": "C:\\Users\\Jimmy Wilson\\AppData\\Local\\Microsoft\\Windows\\\\UsrClass.dat",
      "Key": "S-1-5-21-1171287513-3642516788-2358256967-1004_Classes"
    },
    "RawXml": "<Event xmlns=\"http://schemas.microsoft.com/win/2004/08/events/event\"><System><Provider Name=\"Microsoft-Windows-User Profiles Service\" Guid=\"{89b1e9f0-5aff-44a6-9b44-0a07a7ce5845}\"></Provider>\n<EventID Qualifiers=\"\">5</EventID>\n<Version>0</Version>\n<Level>4</Level>\n<Task>0</Task>\n<Opcode>0</Opcode>\n<Keywords>0x4000000000000000</Keywords>\n<TimeCreated SystemTime=\"2014-02-11 13:25:17.853514+00:00\"></TimeCreated>\n<EventRecordID>123</EventRecordID>\n<Correlation ActivityID=\"{02ac1c48-f800-0001-a6ed-19932c27cf01}\" RelatedActivityID=\"\"></Correlation>\n<Execution ProcessID=\"964\" ThreadID=\"2000\"></Execution>\n<Channel>Microsoft-Windows-User Profile Service/Operational</Channel>\n<Computer>IACIS-HDD-2014</Computer>\n<Security UserID=\"S-1-5-18\"></Security>\n</System>\n<EventData><Data Name=\"File\">C:\\Users\\Jimmy Wilson\\AppData\\Local\\Microsoft\\Windows\\\\UsrClass.dat</Data>\n<Data Name=\"Key\">S-1-5-21-1171287513-3642516788-2358256967-1004_Classes</Data>\n</EventData>\n</Event>\n"
  },
  {
    "EventID": 2,
    "Timestamp": "2014-02-11 13:25:17.978315+00:00",
    "Computer": "IACIS-HDD-2014",
    "Channel": "Microsoft-Windows-User Profile Service/Operational",
    "Level": "Information",
    "EventData": {
      "Session": "1"
    },
    "RawXml": "<Event xmlns=\"http://schemas.microsoft.com/win/2004/08/events/event\"><System><Provider Name=\"Microsoft-Windows-User Profiles Service\" Guid=\"{89b1e9f0-5aff-44a6-9b44-0a07a7ce5845}\"></Provider>\n<EventID Qualifiers=\"\">2</EventID>\n<Version>0</Version>\n<Level>4</Level>\n<Task>0</Task>\n<Opcode>0</Opcode>\n<Keywords>0x4000000000000000</Keywords>\n<TimeCreated SystemTime=\"2014-02-11 13:25:17.978315+00:00\"></TimeCreated>\n<EventRecordID>124</EventRecordID>\n<Correlation ActivityID=\"{02ac1c48-f800-0001-a6ed-19932c27cf01}\" RelatedActivityID=\"\"></Correlation>\n<Execution ProcessID=\"964\" ThreadID=\"1996\"></Execution>\n<Channel>Microsoft-Windows-User Profile Service/Operational</Channel>\n<Computer>IACIS-HDD-2014</Computer>\n<Security UserID=\"S-1-5-21-1171287513-3642516788-2358256967-1004\"></Security>\n</System>\n<EventData><Data Name=\"Session\">1</Data>\n</EventData>\n</Event>\n"
  },
  {
    "EventID": 3,
    "Timestamp": "2014-02-11 17:40:05.687477+00:00",
    "Computer": "IACIS-HDD-2014",
    "Channel": "Microsoft-Windows-User Profile Service/Operational",
    "Level": "Information",
    "EventData": {
      "Session": "1"
    },
    "RawXml": "<Event xmlns=\"http://schemas.microsoft.com/win/2004/08/events/event\"><System><Provider Name=\"Microsoft-Windows-User Profiles Service\" Guid=\"{89b1e9f0-5aff-44a6-9b44-0a07a7ce5845}\"></Provider>\n<EventID Qualifiers=\"\">3</EventID>\n<Version>0</Version>\n<Level>4</Level>\n<Task>0</Task>\n<Opcode>0</Opcode>\n<Keywords>0x4000000000000000</Keywords>\n<TimeCreated SystemTime=\"2014-02-11 17:40:05.687477+00:00\"></TimeCreated>\n<EventRecordID>125</EventRecordID>\n<Correlation ActivityID=\"\" RelatedActivityID=\"\"></Correlation>\n<Execution ProcessID=\"964\" ThreadID=\"1984\"></Execution>\n<Channel>Microsoft-Windows-User Profile Service/Operational</Channel>\n<Computer>IACIS-HDD-2014</Computer>\n<Security UserID=\"S-1-5-21-1171287513-3642516788-2358256967-1004\"></Security>\n</System>\n<EventData><Data Name=\"Session\">1</Data>\n</EventData>\n</Event>\n"
  },
  {
    "EventID": 4,
    "Timestamp": "2014-02-11 17:40:09.509483+00:00",
    "Computer": "IACIS-HDD-2014",
    "Channel": "Microsoft-Windows-User Profile Service/Operational",
    "Level": "Information",
    "EventData": {
      "Session": "1"
    },
    "RawXml": "<Event xmlns=\"http://schemas.microsoft.com/win/2004/08/events/event\"><System><Provider Name=\"Microsoft-Windows-User Profiles Service\" Guid=\"{89b1e9f0-5aff-44a6-9b44-0a07a7ce5845}\"></Provider>\n<EventID Qualifiers=\"\">4</EventID>\n<Version>0</Version>\n<Level>4</Level>\n<Task>0</Task>\n<Opcode>0</Opcode>\n<Keywords>0x4000000000000000</Keywords>\n<TimeCreated SystemTime=\"2014-02-11 17:40:09.509483+00:00\"></TimeCreated>\n<EventRecordID>126</EventRecordID>\n<Correlation ActivityID=\"\" RelatedActivityID=\"\"></Correlation>\n<Execution ProcessID=\"964\" ThreadID=\"1984\"></Execution>\n<Channel>Microsoft-Windows-User Profile Service/Operational</Channel>\n<Computer>IACIS-HDD-2014</Computer>\n<Security UserID=\"S-1-5-21-1171287513-3642516788-2358256967-1004\"></Security>\n</System>\n<EventData><Data Name=\"Session\">1</Data>\n</EventData>\n</Event>\n"
  },
  {
    "EventID": 1,
    "Timestamp": "2014-02-11 17:41:56.229507+00:00",
    "Computer": "IACIS-HDD-2014",
    "Channel": "Microsoft-Windows-User Profile Service/Operational",
    "Level": "Information",
    "EventData": {
      "Session": "1"
    },
    "RawXml": "<Event xmlns=\"http://schemas.microsoft.com/win/2004/08/events/event\"><System><Provider Name=\"Microsoft-Windows-User Profiles Service\" Guid=\"{89b1e9f0-5aff-44a6-9b44-0a07a7ce5845}\"></Provider>\n<EventID Qualifiers=\"\">1</EventID>\n<Version>0</Version>\n<Level>4</Level>\n<Task>0</Task>\n<Opcode>0</Opcode>\n<Keywords>0x4000000000000000</Keywords>\n<TimeCreated SystemTime=\"2014-02-11 17:41:56.229507+00:00\"></TimeCreated>\n<EventRecordID>127</EventRecordID>\n<Correlation ActivityID=\"{02af9c40-f800-0000-06e4-c86e5027cf01}\" RelatedActivityID=\"\"></Correlation>\n<Execution ProcessID=\"1000\" ThreadID=\"1268\"></Execution>\n<Channel>Microsoft-Windows-User Profile Service/Operational</Channel>\n<Computer>IACIS-HDD-2014</Computer>\n<Security UserID=\"S-1-5-21-1171287513-3642516788-2358256967-1004\"></Security>\n</System>\n<EventData><Data Name=\"Session\">1</Data>\n</EventData>\n</Event>\n"
  },
  {
    "EventID": 5,
    "Timestamp": "2014-02-11 17:41:56.369907+00:00",
    "Computer": "IACIS-HDD-2014",
    "Channel": "Microsoft-Windows-User Profile Service/Operational",
    "Level": "Information",
    "EventData": {
      "File": "C:\\Users\\Jimmy Wilson\\ntuser.dat",
      "Key": "S-1-5-21-1171287513-3642516788-2358256967-1004"
    },
    "RawXml": "<Event xmlns=\"http://schemas.microsoft.com/win/2004/08/events/event\"><System><Provider Name=\"Microsoft-Windows-User Profiles Service\" Guid=\"{89b1e9f0-5aff-44a6-9b44-0a07a7ce5845}\"></Provider>\n<EventID Qualifiers=\"\">5</EventID>\n<Version>0</Version>\n<Level>4</Level>\n<Task>0</Task>\n<Opcode>0</Opcode>\n<Keywords>0x4000000000000000</Keywords>\n<TimeCreated SystemTime=\"2014-02-11 17:41:56.369907+00:00\"></TimeCreated>\n<EventRecordID>128</EventRecordID>\n<Correlation ActivityID=\"{02af9c40-f800-0000-06e4-c86e5027cf01}\" RelatedActivityID=\"\"></Correlation>\n<Execution ProcessID=\"1000\" ThreadID=\"2036\"></Execution>\n<Channel>Microsoft-Windows-User Profile Service/Operational</Channel>\n<Computer>IACIS-HDD-2014</Computer>\n<Security UserID=\"S-1-5-18\"></Security>\n</System>\n<EventData><Data Name=\"File\">C:\\Users\\Jimmy Wilson\\ntuser.dat</Data>\n<Data Name=\"Key\">S-1-5-21-1171287513-3642516788-2358256967-1004</Data>\n</EventData>\n</Event>\n"
  },
  {
    "EventID": 5,
    "Timestamp": "2014-02-11 17:41:56.463509+00:00",
    "Computer": "IACIS-HDD-2014",
    "Channel": "Microsoft-Windows-User Profile Service/Operational",
    "Level": "Information",
    "EventData": {
      "File": "C:\\Users\\Jimmy Wilson\\AppData\\Local\\Microsoft\\Windows\\\\UsrClass.dat",
      "Key": "S-1-5-21-1171287513-3642516788-2358256967-1004_Classes"
    },
    "RawXml": "<Event xmlns=\"http://schemas.microsoft.com/win/2004/08/events/event\"><System><Provider Name=\"Microsoft-Windows-User Profiles Service\" Guid=\"{89b1e9f0-5aff-44a6-9b44-0a07a7ce5845}\"></Provider>\n<EventID Qualifiers=\"\">5</EventID>\n<Version>0</Version>\n<Level>4</Level>\n<Task>0</Task>\n<Opcode>0</Opcode>\n<Keywords>0x4000000000000000</Keywords>\n<TimeCreated SystemTime=\"2014-02-11 17:41:56.463509+00:00\"></TimeCreated>\n<EventRecordID>129</EventRecordID>\n<Correlation ActivityID=\"{02af9c40-f800-0000-06e4-c86e5027cf01}\" RelatedActivityID=\"\"></Correlation>\n<Execution ProcessID=\"1000\" ThreadID=\"2036\"></Execution>\n<Channel>Microsoft-Windows-User Profile Service/Operational</Channel>\n<Computer>IACIS-HDD-2014</Computer>\n<Security UserID=\"S-1-5-18\"></Security>\n</System>\n<EventData><Data Name=\"File\">C:\\Users\\Jimmy Wilson\\AppData\\Local\\Microsoft\\Windows\\\\UsrClass.dat</Data>\n<Data Name=\"Key\">S-1-5-21-1171287513-3642516788-2358256967-1004_Classes</Data>\n</EventData>\n</Event>\n"
  },
  {
    "EventID": 2,
    "Timestamp": "2014-02-11 17:41:56.713108+00:00",
    "Computer": "IACIS-HDD-2014",
    "Channel": "Microsoft-Windows-User Profile Service/Operational",
    "Level": "Information",
    "EventData": {
      "Session": "1"
    },
    "RawXml": "<Event xmlns=\"http://schemas.microsoft.com/win/2004/08/events/event\"><System><Provider Name=\"Microsoft-Windows-User Profiles Service\" Guid=\"{89b1e9f0-5aff-44a6-9b44-0a07a7ce5845}\"></Provider>\n<EventID Qualifiers=\"\">2</EventID>\n<Version>0</Version>\n<Level>4</Level>\n<Task>0</Task>\n<Opcode>0</Opcode>\n<Keywords>0x4000000000000000</Keywords>\n<TimeCreated SystemTime=\"2014-02-11 17:41:56.713108+00:00\"></TimeCreated>\n<EventRecordID>130</EventRecordID>\n<Correlation ActivityID=\"{02af9c40-f800-0000-06e4-c86e5027cf01}\" RelatedActivityID=\"\"></Correlation>\n<Execution ProcessID=\"1000\" ThreadID=\"1268\"></Execution>\n<Channel>Microsoft-Windows-User Profile Service/Operational</Channel>\n<Computer>IACIS-HDD-2014</Computer>\n<Security UserID=\"S-1-5-21-1171287513-3642516788-2358256967-1004\"></Security>\n</System>\n<EventData><Data Name=\"Session\">1</Data>\n</EventData>\n</Event>\n"
  },
  {
    "EventID": 5,
    "Timestamp": "2014-02-11 17:45:26.736076+00:00",
    "Computer": "IACIS-HDD-2014",
    "Channel": "Microsoft-Windows-User Profile Service/Operational",
    "Level": "Information",
    "EventData": {
      "File": "C:\\Users\\BillyBob\\ntuser.dat",
      "Key": "S-1-5-21-1171287513-3642516788-2358256967-1001"
    },
    "RawXml": "<Event xmlns=\"http://schemas.microsoft.com/win/2004/08/events/event\"><System><Provider Name=\"Microsoft-Windows-User Profiles Service\" Guid=\"{89b1e9f0-5aff-44a6-9b44-0a07a7ce5845}\"></Provider>\n<EventID Qualifiers=\"\">5</EventID>\n<Version>0</Version>\n<Level>4</Level>\n<Task>0</Task>\n<Opcode>0</Opcode>\n<Keywords>0x4000000000000000</Keywords>\n<TimeCreated SystemTime=\"2014-02-11 17:45:26.736076+00:00\"></TimeCreated>\n<EventRecordID>131</EventRecordID>\n<Correlation ActivityID=\"{02af9c40-f800-0000-06e4-c86e5027cf01}\" RelatedActivityID=\"\"></Correlation>\n<Execution ProcessID=\"1000\" ThreadID=\"108\"></Execution>\n<Channel>Microsoft-Windows-User Profile Service/Operational</Channel>\n<Computer>IACIS-HDD-2014</Computer>\n<Security UserID=\"S-1-5-18\"></Security>\n</System>\n<EventData><Data Name=\"File\">C:\\Users\\BillyBob\\ntuser.dat</Data>\n<Data Name=\"Key\">S-1-5-21-1171287513-3642516788-2358256967-1001</Data>\n</EventData>\n</Event>\n"
  },
  {
    "EventID": 5,
    "Timestamp": "2014-02-11 17:45:26.798475+00:00",
    "Computer": "IACIS-HDD-2014",
    "Channel": "Microsoft-Windows-User Profile Service/Operational",
    "Level": "Information",
    "EventData": {
      "File": "C:\\Users\\BillyBob\\AppData\\Local\\Microsoft\\Windows\\\\UsrClass.dat",
      "Key": "S-1-5-21-1171287513-3642516788-2358256967-1001_Classes"
    },
    "RawXml": "<Event xmlns=\"http://schemas.microsoft.com/win/2004/08/events/event\"><System><Provider Name=\"Microsoft-Windows-User Profiles Service\" Guid=\"{89b1e9f0-5aff-44a6-9b44-0a07a7ce5845}\"></Provider>\n<EventID Qualifiers=\"\">5</EventID>\n<Version>0</Version>\n<Level>4</Level>\n<Task>0</Task>\n<Opcode>0</Opcode>\n<Keywords>0x4000000000000000</Keywords>\n<TimeCreated SystemTime=\"2014-02-11 17:45:26.798475+00:00\"></TimeCreated>\n<EventRecordID>132</EventRecordID>\n<Correlation ActivityID=\"{02af9c40-f800-0000-06e4-c86e5027cf01}\" RelatedActivityID=\"\"></Correlation>\n<Execution ProcessID=\"1000\" ThreadID=\"108\"></Execution>\n<Channel>Microsoft-Windows-User Profile Service/Operational</Channel>\n<Computer>IACIS-HDD-2014</Computer>\n<Security UserID=\"S-1-5-18\"></Security>\n</System>\n<EventData><Data Name=\"File\">C:\\Users\\BillyBob\\AppData\\Local\\Microsoft\\Windows\\\\UsrClass.dat</Data>\n<Data Name=\"Key\">S-1-5-21-1171287513-3642516788-2358256967-1001_Classes</Data>\n</EventData>\n</Event>\n"
  },
  {
    "EventID": 5,
    "Timestamp": "2014-02-11 17:47:29.791494+00:00",
    "Computer": "IACIS-HDD-2014",
    "Channel": "Microsoft-Windows-User Profile Service/Operational",
    "Level": "Information",
    "EventData": {
      "File": "C:\\Users\\BillyBob\\ntuser.dat",
      "Key": "S-1-5-21-1171287513-3642516788-2358256967-1001"
    },
    "RawXml": "<Event xmlns=\"http://schemas.microsoft.com/win/2004/08/events/event\"><System><Provider Name=\"Microsoft-Windows-User Profiles Service\" Guid=\"{89b1e9f0-5aff-44a6-9b44-0a07a7ce5845}\"></Provider>\n<EventID Qualifiers=\"\">5</EventID>\n<Version>0</Version>\n<Level>4</Level>\n<Task>0</Task>\n<Opcode>0</Opcode>\n<Keywords>0x4000000000000000</Keywords>\n<TimeCreated SystemTime=\"2014-02-11 17:47:29.791494+00:00\"></TimeCreated>\n<EventRecordID>133</EventRecordID>\n<Correlation ActivityID=\"{02af9c40-f800-0000-06e4-c86e5027cf01}\" RelatedActivityID=\"\"></Correlation>\n<Execution ProcessID=\"1000\" ThreadID=\"108\"></Execution>\n<Channel>Microsoft-Windows-User Profile Service/Operational</Channel>\n<Computer>IACIS-HDD-2014</Computer>\n<Security UserID=\"S-1-5-18\"></Security>\n</System>\n<EventData><Data Name=\"File\">C:\\Users\\BillyBob\\ntuser.dat</Data>\n<Data Name=\"Key\">S-1-5-21-1171287513-3642516788-2358256967-1001</Data>\n</EventData>\n</Event>\n"
  },
  {
    "EventID": 5,
    "Timestamp": "2014-02-11 17:47:29.838293+00:00",
    "Computer": "IACIS-HDD-2014",
    "Channel": "Microsoft-Windows-User Profile Service/Operational",
    "Level": "Information",
    "EventData": {
      "File": "C:\\Users\\BillyBob\\AppData\\Local\\Microsoft\\Windows\\\\UsrClass.dat",
      "Key": "S-1-5-21-1171287513-3642516788-2358256967-1001_Classes"
    },
    "RawXml": "<Event xmlns=\"http://schemas.microsoft.com/win/2004/08/events/event\"><System><Provider Name=\"Microsoft-Windows-User Profiles Service\" Guid=\"{89b1e9f0-5aff-44a6-9b44-0a07a7ce5845}\"></Provider>\n<EventID Qualifiers=\"\">5</EventID>\n<Version>0</Version>\n<Level>4</Level>\n<Task>0</Task>\n<Opcode>0</Opcode>\n<Keywords>0x4000000000000000</Keywords>\n<TimeCreated SystemTime=\"2014-02-11 17:47:29.838293+00:00\"></TimeCreated>\n<EventRecordID>134</EventRecordID>\n<Correlation ActivityID=\"{02af9c40-f800-0000-06e4-c86e5027cf01}\" RelatedActivityID=\"\"></Correlation>\n<Execution ProcessID=\"1000\" ThreadID=\"108\"></Execution>\n<Channel>Microsoft-Windows-User Profile Service/Operational</Channel>\n<Computer>IACIS-HDD-2014</Computer>\n<Security UserID=\"S-1-5-18\"></Security>\n</System>\n<EventData><Data Name=\"File\">C:\\Users\\BillyBob\\AppData\\Local\\Microsoft\\Windows\\\\UsrClass.dat</Data>\n<Data Name=\"Key\">S-1-5-21-1171287513-3642516788-2358256967-1001_Classes</Data>\n</EventData>\n</Event>\n"
  },
  {
    "EventID": 3,
    "Timestamp": "2014-02-11 17:49:40.380926+00:00",
    "Computer": "IACIS-HDD-2014",
    "Channel": "Microsoft-Windows-User Profile Service/Operational",
    "Level": "Information",
    "EventData": {
      "Session": "1"
    },
    "RawXml": "<Event xmlns=\"http://schemas.microsoft.com/win/2004/08/events/event\"><System><Provider Name=\"Microsoft-Windows-User Profiles Service\" Guid=\"{89b1e9f0-5aff-44a6-9b44-0a07a7ce5845}\"></Provider>\n<EventID Qualifiers=\"\">3</EventID>\n<Version>0</Version>\n<Level>4</Level>\n<Task>0</Task>\n<Opcode>0</Opcode>\n<Keywords>0x4000000000000000</Keywords>\n<TimeCreated SystemTime=\"2014-02-11 17:49:40.380926+00:00\"></TimeCreated>\n<EventRecordID>135</EventRecordID>\n<Correlation ActivityID=\"{02af9c40-f800-0000-06e4-c86e5027cf01}\" RelatedActivityID=\"\"></Correlation>\n<Execution ProcessID=\"1000\" ThreadID=\"2692\"></Execution>\n<Channel>Microsoft-Windows-User Profile Service/Operational</Channel>\n<Computer>IACIS-HDD-2014</Computer>\n<Security UserID=\"S-1-5-21-1171287513-3642516788-2358256967-1004\"></Security>\n</System>\n<EventData><Data Name=\"Session\">1</Data>\n</EventData>\n</Event>\n"
  },
  {
    "EventID": 4,
    "Timestamp": "2014-02-11 17:49:40.895725+00:00",
    "Computer": "IACIS-HDD-2014",
    "Channel": "Microsoft-Windows-User Profile Service/Operational",
    "Level": "Information",
    "EventData": {
      "Session": "1"
    },
    "RawXml": "<Event xmlns=\"http://schemas.microsoft.com/win/2004/08/events/event\"><System><Provider Name=\"Microsoft-Windows-User Profiles Service\" Guid=\"{89b1e9f0-5aff-44a6-9b44-0a07a7ce5845}\"></Provider>\n<EventID Qualifiers=\"\">4</EventID>\n<Version>0</Version>\n<Level>4</Level>\n<Task>0</Task>\n<Opcode>0</Opcode>\n<Keywords>0x4000000000000000</Keywords>\n<TimeCreated SystemTime=\"2014-02-11 17:49:40.895725+00:00\"></TimeCreated>\n<EventRecordID>136</EventRecordID>\n<Correlation ActivityID=\"{02af9c40-f800-0000-06e4-c86e5027cf01}\" RelatedActivityID=\"\"></Correlation>\n<Execution ProcessID=\"1000\" ThreadID=\"2692\"></Execution>\n<Channel>Microsoft-Windows-User Profile Service/Operational</Channel>\n<Computer>IACIS-HDD-2014</Computer>\n<Security UserID=\"S-1-5-21-1171287513-3642516788-2358256967-1004\"></Security>\n</System>\n<EventData><Data Name=\"Session\">1</Data>\n</EventData>\n</Event>\n"
  },
  {
    "EventID": 5,
    "Timestamp": "2014-02-11 17:50:36.469246+00:00",
    "Computer": "IACIS-HDD-2014",
    "Channel": "Microsoft-Windows-User Profile Service/Operational",
    "Level": "Information",
    "EventData": {
      "File": "C:\\Users\\BillyBob\\ntuser.dat",
      "Key": "S-1-5-21-1171287513-3642516788-2358256967-1001"
    },
    "RawXml": "<Event xmlns=\"http://schemas.microsoft.com/win/2004/08/events/event\"><System><Provider Name=\"Microsoft-Windows-User Profiles Service\" Guid=\"{89b1e9f0-5aff-44a6-9b44-0a07a7ce5845}\"></Provider>\n<EventID Qualifiers=\"\">5</EventID>\n<Version>0</Version>\n<Level>4</Level>\n<Task>0</Task>\n<Opcode>0</Opcode>\n<Keywords>0x4000000000000000</Keywords>\n<TimeCreated SystemTime=\"2014-02-11 17:50:36.469246+00:00\"></TimeCreated>\n<EventRecordID>137</EventRecordID>\n<Correlation ActivityID=\"\" RelatedActivityID=\"\"></Correlation>\n<Execution ProcessID=\"960\" ThreadID=\"568\"></Execution>\n<Channel>Microsoft-Windows-User Profile Service/Operational</Channel>\n<Computer>IACIS-HDD-2014</Computer>\n<Security UserID=\"S-1-5-18\"></Security>\n</System>\n<EventData><Data Name=\"File\">C:\\Users\\BillyBob\\ntuser.dat</Data>\n<Data Name=\"Key\">S-1-5-21-1171287513-3642516788-2358256967-1001</Data>\n</EventData>\n</Event>\n"
  },
  {
    "EventID": 5,
    "Timestamp": "2014-02-11 17:50:36.539246+00:00",
    "Computer": "IACIS-HDD-2014",
    "Channel": "Microsoft-Windows-User Profile Service/Operational",
    "Level": "Information",
    "EventData": {
      "File": "C:\\Users\\BillyBob\\AppData\\Local\\Microsoft\\Windows\\\\UsrClass.dat",
      "Key": "S-1-5-21-1171287513-3642516788-2358256967-1001_Classes"
    },
    "RawXml": "<Event xmlns=\"http://schemas.microsoft.com/win/2004/08/events/event\"><System><Provider Name=\"Microsoft-Windows-User Profiles Service\" Guid=\"{89b1e9f0-5aff-44a6-9b44-0a07a7ce5845}\"></Provider>\n<EventID Qualifiers=\"\">5</EventID>\n<Version>0</Version>\n<Level>4</Level>\n<Task>0</Task>\n<Opcode>0</Opcode>\n<Keywords>0x4000000000000000</Keywords>\n<TimeCreated SystemTime=\"2014-02-11 17:50:36.539246+00:00\"></TimeCreated>\n<EventRecordID>138</EventRecordID>\n<Correlation ActivityID=\"\" RelatedActivityID=\"\"></Correlation>\n<Execution ProcessID=\"960\" ThreadID=\"568\"></Execution>\n<Channel>Microsoft-Windows-User Profile Service/Operational</Channel>\n<Computer>IACIS-HDD-2014</Computer>\n<Security UserID=\"S-1-5-18\"></Security>\n</System>\n<EventData><Data Name=\"File\">C:\\Users\\BillyBob\\AppData\\Local\\Microsoft\\Windows\\\\UsrClass.dat</Data>\n<Data Name=\"Key\">S-1-5-21-1171287513-3642516788-2358256967-1001_Classes</Data>\n</EventData>\n</Event>\n"
  },
  {
    "EventID": 1,
    "Timestamp": "2014-02-11 17:50:54.286680+00:00",
    "Computer": "IACIS-HDD-2014",
    "Channel": "Microsoft-Windows-User Profile Service/Operational",
    "Level": "Information",
    "EventData": {
      "Session": "1"
    },
    "RawXml": "<Event xmlns=\"http://schemas.microsoft.com/win/2004/08/events/event\"><System><Provider Name=\"Microsoft-Windows-User Profiles Service\" Guid=\"{89b1e9f0-5aff-44a6-9b44-0a07a7ce5845}\"></Provider>\n<EventID Qualifiers=\"\">1</EventID>\n<Version>0</Version>\n<Level>4</Level>\n<Task>0</Task>\n<Opcode>0</Opcode>\n<Keywords>0x4000000000000000</Keywords>\n<TimeCreated SystemTime=\"2014-02-11 17:50:54.286680+00:00\"></TimeCreated>\n<EventRecordID>139</EventRecordID>\n<Correlation ActivityID=\"{02b09c48-f800-0001-0568-cdb75127cf01}\" RelatedActivityID=\"\"></Correlation>\n<Execution ProcessID=\"960\" ThreadID=\"2068\"></Execution>\n<Channel>Microsoft-Windows-User Profile Service/Operational</Channel>\n<Computer>IACIS-HDD-2014</Computer>\n<Security UserID=\"S-1-5-21-1171287513-3642516788-2358256967-1004\"></Security>\n</System>\n<EventData><Data Name=\"Session\">1</Data>\n</EventData>\n</Event>\n"
  },
  {
    "EventID": 5,
    "Timestamp": "2014-02-11 17:50:54.614279+00:00",
    "Computer": "IACIS-HDD-2014",
    "Channel": "Microsoft-Windows-User Profile Service/Operational",
    "Level": "Information",
    "EventData": {
      "File": "C:\\Users\\Jimmy Wilson\\ntuser.dat",
      "Key": "S-1-5-21-1171287513-3642516788-2358256967-1004"
    },
    "RawXml": "<Event xmlns=\"http://schemas.microsoft.com/win/2004/08/events/event\"><System><Provider Name=\"Microsoft-Windows-User Profiles Service\" Guid=\"{89b1e9f0-5aff-44a6-9b44-0a07a7ce5845}\"></Provider>\n<EventID Qualifiers=\"\">5</EventID>\n<Version>0</Version>\n<Level>4</Level>\n<Task>0</Task>\n<Opcode>0</Opcode>\n<Keywords>0x4000000000000000</Keywords>\n<TimeCreated SystemTime=\"2014-02-11 17:50:54.614279+00:00\"></TimeCreated>\n<EventRecordID>140</EventRecordID>\n<Correlation ActivityID=\"{02b09c48-f800-0001-0568-cdb75127cf01}\" RelatedActivityID=\"\"></Correlation>\n<Execution ProcessID=\"960\" ThreadID=\"1972\"></Execution>\n<Channel>Microsoft-Windows-User Profile Service/Operational</Channel>\n<Computer>IACIS-HDD-2014</Computer>\n<Security UserID=\"S-1-5-18\"></Security>\n</System>\n<EventData><Data Name=\"File\">C:\\Users\\Jimmy Wilson\\ntuser.dat</Data>\n<Data Name=\"Key\">S-1-5-21-1171287513-3642516788-2358256967-1004</Data>\n</EventData>\n</Event>\n"
  },
  {
    "EventID": 5,
    "Timestamp": "2014-02-11 17:50:54.754679+00:00",
    "Computer": "IACIS-HDD-2014",
    "Channel": "Microsoft-Windows-User Profile Service/Operational",
    "Level": "Information",
    "EventData": {
      "File": "C:\\Users\\Jimmy Wilson\\AppData\\Local\\Microsoft\\Windows\\\\UsrClass.dat",
      "Key": "S-1-5-21-1171287513-3642516788-2358256967-1004_Classes"
    },
    "RawXml": "<Event xmlns=\"http://schemas.microsoft.com/win/2004/08/events/event\"><System><Provider Name=\"Microsoft-Windows-User Profiles Service\" Guid=\"{89b1e9f0-5aff-44a6-9b44-0a07a7ce5845}\"></Provider>\n<EventID Qualifiers=\"\">5</EventID>\n<Version>0</Version>\n<Level>4</Level>\n<Task>0</Task>\n<Opcode>0</Opcode>\n<Keywords>0x4000000000000000</Keywords>\n<TimeCreated SystemTime=\"2014-02-11 17:50:54.754679+00:00\"></TimeCreated>\n<EventRecordID>141</EventRecordID>\n<Correlation ActivityID=\"{02b09c48-f800-0001-0568-cdb75127cf01}\" RelatedActivityID=\"\"></Correlation>\n<Execution ProcessID=\"960\" ThreadID=\"1972\"></Execution>\n<Channel>Microsoft-Windows-User Profile Service/Operational</Channel>\n<Computer>IACIS-HDD-2014</Computer>\n<Security UserID=\"S-1-5-18\"></Security>\n</System>\n<EventData><Data Name=\"File\">C:\\Users\\Jimmy Wilson\\AppData\\Local\\Microsoft\\Windows\\\\UsrClass.dat</Data>\n<Data Name=\"Key\">S-1-5-21-1171287513-3642516788-2358256967-1004_Classes</Data>\n</EventData>\n</Event>\n"
  },
  {
    "EventID": 2,
    "Timestamp": "2014-02-11 17:50:54.941881+00:00",
    "Computer": "IACIS-HDD-2014",
    "Channel": "Microsoft-Windows-User Profile Service/Operational",
    "Level": "Information",
    "EventData": {
      "Session": "1"
    },
    "RawXml": "<Event xmlns=\"http://schemas.microsoft.com/win/2004/08/events/event\"><System><Provider Name=\"Microsoft-Windows-User Profiles Service\" Guid=\"{89b1e9f0-5aff-44a6-9b44-0a07a7ce5845}\"></Provider>\n<EventID Qualifiers=\"\">2</EventID>\n<Version>0</Version>\n<Level>4</Level>\n<Task>0</Task>\n<Opcode>0</Opcode>\n<Keywords>0x4000000000000000</Keywords>\n<TimeCreated SystemTime=\"2014-02-11 17:50:54.941881+00:00\"></TimeCreated>\n<EventRecordID>142</EventRecordID>\n<Correlation ActivityID=\"{02b09c48-f800-0001-0568-cdb75127cf01}\" RelatedActivityID=\"\"></Correlation>\n<Execution ProcessID=\"960\" ThreadID=\"2068\"></Execution>\n<Channel>Microsoft-Windows-User Profile Service/Operational</Channel>\n<Computer>IACIS-HDD-2014</Computer>\n<Security UserID=\"S-1-5-21-1171287513-3642516788-2358256967-1004\"></Security>\n</System>\n<EventData><Data Name=\"Session\">1</Data>\n</EventData>\n</Event>\n"
  },
  {
    "EventID": 3,
    "Timestamp": "2014-02-11 19:08:47.519287+00:00",
    "Computer": "IACIS-HDD-2014",
    "Channel": "Microsoft-Windows-User Profile Service/Operational",
    "Level": "Information",
    "EventData": {
      "Session": "1"
    },
    "RawXml": "<Event xmlns=\"http://schemas.microsoft.com/win/2004/08/events/event\"><System><Provider Name=\"Microsoft-Windows-User Profiles Service\" Guid=\"{89b1e9f0-5aff-44a6-9b44-0a07a7ce5845}\"></Provider>\n<EventID Qualifiers=\"\">3</EventID>\n<Version>0</Version>\n<Level>4</Level>\n<Task>0</Task>\n<Opcode>0</Opcode>\n<Keywords>0x4000000000000000</Keywords>\n<TimeCreated SystemTime=\"2014-02-11 19:08:47.519287+00:00\"></TimeCreated>\n<EventRecordID>143</EventRecordID>\n<Correlation ActivityID=\"\" RelatedActivityID=\"\"></Correlation>\n<Execution ProcessID=\"960\" ThreadID=\"3320\"></Execution>\n<Channel>Microsoft-Windows-User Profile Service/Operational</Channel>\n<Computer>IACIS-HDD-2014</Computer>\n<Security UserID=\"S-1-5-21-1171287513-3642516788-2358256967-1004\"></Security>\n</System>\n<EventData><Data Name=\"Session\">1</Data>\n</EventData>\n</Event>\n"
  },
  {
    "EventID": 4,
    "Timestamp": "2014-02-11 19:08:48.143290+00:00",
    "Computer": "IACIS-HDD-2014",
    "Channel": "Microsoft-Windows-User Profile Service/Operational",
    "Level": "Information",
    "EventData": {
      "Session": "1"
    },
    "RawXml": "<Event xmlns=\"http://schemas.microsoft.com/win/2004/08/events/event\"><System><Provider Name=\"Microsoft-Windows-User Profiles Service\" Guid=\"{89b1e9f0-5aff-44a6-9b44-0a07a7ce5845}\"></Provider>\n<EventID Qualifiers=\"\">4</EventID>\n<Version>0</Version>\n<Level>4</Level>\n<Task>0</Task>\n<Opcode>0</Opcode>\n<Keywords>0x4000000000000000</Keywords>\n<TimeCreated SystemTime=\"2014-02-11 19:08:48.143290+00:00\"></TimeCreated>\n<EventRecordID>144</EventRecordID>\n<Correlation ActivityID=\"\" RelatedActivityID=\"\"></Correlation>\n<Execution ProcessID=\"960\" ThreadID=\"3320\"></Execution>\n<Channel>Microsoft-Windows-User Profile Service/Operational</Channel>\n<Computer>IACIS-HDD-2014</Computer>\n<Security UserID=\"S-1-5-21-1171287513-3642516788-2358256967-1004\"></Security>\n</System>\n<EventData><Data Name=\"Session\">1</Data>\n</EventData>\n</Event>\n"
  },
  {
    "EventID": 5,
    "Timestamp": "2014-02-16 19:00:00.184441+00:00",
    "Computer": "IACIS-HDD-2014",
    "Channel": "Microsoft-Windows-User Profile Service/Operational",
    "Level": "Information",
    "EventData": {
      "File": "C:\\Users\\BillyBob\\ntuser.dat",
      "Key": "S-1-5-21-1171287513-3642516788-2358256967-1001"
    },
    "RawXml": "<Event xmlns=\"http://schemas.microsoft.com/win/2004/08/events/event\"><System><Provider Name=\"Microsoft-Windows-User Profiles Service\" Guid=\"{89b1e9f0-5aff-44a6-9b44-0a07a7ce5845}\"></Provider>\n<EventID Qualifiers=\"\">5</EventID>\n<Version>0</Version>\n<Level>4</Level>\n<Task>0</Task>\n<Opcode>0</Opcode>\n<Keywords>0x4000000000000000</Keywords>\n<TimeCreated SystemTime=\"2014-02-16 19:00:00.184441+00:00\"></TimeCreated>\n<EventRecordID>145</EventRecordID>\n<Correlation ActivityID=\"\" RelatedActivityID=\"\"></Correlation>\n<Execution ProcessID=\"980\" ThreadID=\"332\"></Execution>\n<Channel>Microsoft-Windows-User Profile Service/Operational</Channel>\n<Computer>IACIS-HDD-2014</Computer>\n<Security UserID=\"S-1-5-18\"></Security>\n</System>\n<EventData><Data Name=\"File\">C:\\Users\\BillyBob\\ntuser.dat</Data>\n<Data Name=\"Key\">S-1-5-21-1171287513-3642516788-2358256967-1001</Data>\n</EventData>\n</Event>\n"
  },
  {
    "EventID": 5,
    "Timestamp": "2014-02-16 19:00:00.264441+00:00",
    "Computer": "IACIS-HDD-2014",
    "Channel": "Microsoft-Windows-User Profile Service/Operational",
    "Level": "Information",
    "EventData": {
      "File": "C:\\Users\\BillyBob\\AppData\\Local\\Microsoft\\Windows\\\\UsrClass.dat",
      "Key": "S-1-5-21-1171287513-3642516788-2358256967-1001_Classes"
    },
    "RawXml": "<Event xmlns=\"http://schemas.microsoft.com/win/2004/08/events/event\"><System><Provider Name=\"Microsoft-Windows-User Profiles Service\" Guid=\"{89b1e9f0-5aff-44a6-9b44-0a07a7ce5845}\"></Provider>\n<EventID Qualifiers=\"\">5</EventID>\n<Version>0</Version>\n<Level>4</Level>\n<Task>0</Task>\n<Opcode>0</Opcode>\n<Keywords>0x4000000000000000</Keywords>\n<TimeCreated SystemTime=\"2014-02-16 19:00:00.264441+00:00\"></TimeCreated>\n<EventRecordID>146</EventRecordID>\n<Correlation ActivityID=\"\" RelatedActivityID=\"\"></Correlation>\n<Execution ProcessID=\"980\" ThreadID=\"332\"></Execution>\n<Channel>Microsoft-Windows-User Profile Service/Operational</Channel>\n<Computer>IACIS-HDD-2014</Computer>\n<Security UserID=\"S-1-5-18\"></Security>\n</System>\n<EventData><Data Name=\"File\">C:\\Users\\BillyBob\\AppData\\Local\\Microsoft\\Windows\\\\UsrClass.dat</Data>\n<Data Name=\"Key\">S-1-5-21-1171287513-3642516788-2358256967-1001_Classes</Data>\n</EventData>\n</Event>\n"
  },
  {
    "EventID": 1,
    "Timestamp": "2014-02-16 19:09:13.298624+00:00",
    "Computer": "IACIS-HDD-2014",
    "Channel": "Microsoft-Windows-User Profile Service/Operational",
    "Level": "Information",
    "EventData": {
      "Session": "1"
    },
    "RawXml": "<Event xmlns=\"http://schemas.microsoft.com/win/2004/08/events/event\"><System><Provider Name=\"Microsoft-Windows-User Profiles Service\" Guid=\"{89b1e9f0-5aff-44a6-9b44-0a07a7ce5845}\"></Provider>\n<EventID Qualifiers=\"\">1</EventID>\n<Version>0</Version>\n<Level>4</Level>\n<Task>0</Task>\n<Opcode>0</Opcode>\n<Keywords>0x4000000000000000</Keywords>\n<TimeCreated SystemTime=\"2014-02-16 19:09:13.298624+00:00\"></TimeCreated>\n<EventRecordID>147</EventRecordID>\n<Correlation ActivityID=\"\" RelatedActivityID=\"\"></Correlation>\n<Execution ProcessID=\"980\" ThreadID=\"904\"></Execution>\n<Channel>Microsoft-Windows-User Profile Service/Operational</Channel>\n<Computer>IACIS-HDD-2014</Computer>\n<Security UserID=\"S-1-5-21-1171287513-3642516788-2358256967-1004\"></Security>\n</System>\n<EventData><Data Name=\"Session\">1</Data>\n</EventData>\n</Event>\n"
  },
  {
    "EventID": 5,
    "Timestamp": "2014-02-16 19:09:13.361023+00:00",
    "Computer": "IACIS-HDD-2014",
    "Channel": "Microsoft-Windows-User Profile Service/Operational",
    "Level": "Information",
    "EventData": {
      "File": "C:\\Users\\Jimmy Wilson\\ntuser.dat",
      "Key": "S-1-5-21-1171287513-3642516788-2358256967-1004"
    },
    "RawXml": "<Event xmlns=\"http://schemas.microsoft.com/win/2004/08/events/event\"><System><Provider Name=\"Microsoft-Windows-User Profiles Service\" Guid=\"{89b1e9f0-5aff-44a6-9b44-0a07a7ce5845}\"></Provider>\n<EventID Qualifiers=\"\">5</EventID>\n<Version>0</Version>\n<Level>4</Level>\n<Task>0</Task>\n<Opcode>0</Opcode>\n<Keywords>0x4000000000000000</Keywords>\n<TimeCreated SystemTime=\"2014-02-16 19:09:13.361023+00:00\"></TimeCreated>\n<EventRecordID>148</EventRecordID>\n<Correlation ActivityID=\"\" RelatedActivityID=\"\"></Correlation>\n<Execution ProcessID=\"980\" ThreadID=\"1796\"></Execution>\n<Channel>Microsoft-Windows-User Profile Service/Operational</Channel>\n<Computer>IACIS-HDD-2014</Computer>\n<Security UserID=\"S-1-5-18\"></Security>\n</System>\n<EventData><Data Name=\"File\">C:\\Users\\Jimmy Wilson\\ntuser.dat</Data>\n<Data Name=\"Key\">S-1-5-21-1171287513-3642516788-2358256967-1004</Data>\n</EventData>\n</Event>\n"
  },
  {
    "EventID": 5,
    "Timestamp": "2014-02-16 19:09:13.485823+00:00",
    "Computer": "IACIS-HDD-2014",
    "Channel": "Microsoft-Windows-User Profile Service/Operational",
    "Level": "Information",
    "EventData": {
      "File": "C:\\Users\\Jimmy Wilson\\AppData\\Local\\Microsoft\\Windows\\\\UsrClass.dat",
      "Key": "S-1-5-21-1171287513-3642516788-2358256967-1004_Classes"
    },
    "RawXml": "<Event xmlns=\"http://schemas.microsoft.com/win/2004/08/events/event\"><System><Provider Name=\"Microsoft-Windows-User Profiles Service\" Guid=\"{89b1e9f0-5aff-44a6-9b44-0a07a7ce5845}\"></Provider>\n<EventID Qualifiers=\"\">5</EventID>\n<Version>0</Version>\n<Level>4</Level>\n<Task>0</Task>\n<Opcode>0</Opcode>\n<Keywords>0x4000000000000000</Keywords>\n<TimeCreated SystemTime=\"2014-02-16 19:09:13.485823+00:00\"></TimeCreated>\n<EventRecordID>149</EventRecordID>\n<Correlation ActivityID=\"\" RelatedActivityID=\"\"></Correlation>\n<Execution ProcessID=\"980\" ThreadID=\"1796\"></Execution>\n<Channel>Microsoft-Windows-User Profile Service/Operational</Channel>\n<Computer>IACIS-HDD-2014</Computer>\n<Security UserID=\"S-1-5-18\"></Security>\n</System>\n<EventData><Data Name=\"File\">C:\\Users\\Jimmy Wilson\\AppData\\Local\\Microsoft\\Windows\\\\UsrClass.dat</Data>\n<Data Name=\"Key\">S-1-5-21-1171287513-3642516788-2358256967-1004_Classes</Data>\n</EventData>\n</Event>\n"
  },
  {
    "EventID": 2,
    "Timestamp": "2014-02-16 19:09:13.673023+00:00",
    "Computer": "IACIS-HDD-2014",
    "Channel": "Microsoft-Windows-User Profile Service/Operational",
    "Level": "Information",
    "EventData": {
      "Session": "1"
    },
    "RawXml": "<Event xmlns=\"http://schemas.microsoft.com/win/2004/08/events/event\"><System><Provider Name=\"Microsoft-Windows-User Profiles Service\" Guid=\"{89b1e9f0-5aff-44a6-9b44-0a07a7ce5845}\"></Provider>\n<EventID Qualifiers=\"\">2</EventID>\n<Version>0</Version>\n<Level>4</Level>\n<Task>0</Task>\n<Opcode>0</Opcode>\n<Keywords>0x4000000000000000</Keywords>\n<TimeCreated SystemTime=\"2014-02-16 19:09:13.673023+00:00\"></TimeCreated>\n<EventRecordID>150</EventRecordID>\n<Correlation ActivityID=\"\" RelatedActivityID=\"\"></Correlation>\n<Execution ProcessID=\"980\" ThreadID=\"904\"></Execution>\n<Channel>Microsoft-Windows-User Profile Service/Operational</Channel>\n<Computer>IACIS-HDD-2014</Computer>\n<Security UserID=\"S-1-5-21-1171287513-3642516788-2358256967-1004\"></Security>\n</System>\n<EventData><Data Name=\"Session\">1</Data>\n</EventData>\n</Event>\n"
  },
  {
    "EventID": 3,
    "Timestamp": "2014-02-16 21:05:27.140476+00:00",
    "Computer": "IACIS-HDD-2014",
    "Channel": "Microsoft-Windows-User Profile Service/Operational",
    "Level": "Information",
    "EventData": {
      "Session": "1"
    },
    "RawXml": "<Event xmlns=\"http://schemas.microsoft.com/win/2004/08/events/event\"><System><Provider Name=\"Microsoft-Windows-User Profiles Service\" Guid=\"{89b1e9f0-5aff-44a6-9b44-0a07a7ce5845}\"></Provider>\n<EventID Qualifiers=\"\">3</EventID>\n<Version>0</Version>\n<Level>4</Level>\n<Task>0</Task>\n<Opcode>0</Opcode>\n<Keywords>0x4000000000000000</Keywords>\n<TimeCreated SystemTime=\"2014-02-16 21:05:27.140476+00:00\"></TimeCreated>\n<EventRecordID>151</EventRecordID>\n<Correlation ActivityID=\"{02ab6c40-f800-0000-a7af-3c3d492bcf01}\" RelatedActivityID=\"\"></Correlation>\n<Execution ProcessID=\"980\" ThreadID=\"1352\"></Execution>\n<Channel>Microsoft-Windows-User Profile Service/Operational</Channel>\n<Computer>IACIS-HDD-2014</Computer>\n<Security UserID=\"S-1-5-21-1171287513-3642516788-2358256967-1004\"></Security>\n</System>\n<EventData><Data Name=\"Session\">1</Data>\n</EventData>\n</Event>\n"
  },
  {
    "EventID": 4,
    "Timestamp": "2014-02-16 21:05:27.889278+00:00",
    "Computer": "IACIS-HDD-2014",
    "Channel": "Microsoft-Windows-User Profile Service/Operational",
    "Level": "Information",
    "EventData": {
      "Session": "1"
    },
    "RawXml": "<Event xmlns=\"http://schemas.microsoft.com/win/2004/08/events/event\"><System><Provider Name=\"Microsoft-Windows-User Profiles Service\" Guid=\"{89b1e9f0-5aff-44a6-9b44-0a07a7ce5845}\"></Provider>\n<EventID Qualifiers=\"\">4</EventID>\n<Version>0</Version>\n<Level>4</Level>\n<Task>0</Task>\n<Opcode>0</Opcode>\n<Keywords>0x4000000000000000</Keywords>\n<TimeCreated SystemTime=\"2014-02-16 21:05:27.889278+00:00\"></TimeCreated>\n<EventRecordID>152</EventRecordID>\n<Correlation ActivityID=\"{02ab6c40-f800-0000-a7af-3c3d492bcf01}\" RelatedActivityID=\"\"></Correlation>\n<Execution ProcessID=\"980\" ThreadID=\"1352\"></Execution>\n<Channel>Microsoft-Windows-User Profile Service/Operational</Channel>\n<Computer>IACIS-HDD-2014</Computer>\n<Security UserID=\"S-1-5-21-1171287513-3642516788-2358256967-1004\"></Security>\n</System>\n<EventData><Data Name=\"Session\">1</Data>\n</EventData>\n</Event>\n"
  },
  {
    "EventID": 5,
    "Timestamp": "2014-02-16 21:50:51.454840+00:00",
    "Computer": "IACIS-HDD-2014",
    "Channel": "Microsoft-Windows-User Profile Service/Operational",
    "Level": "Information",
    "EventData": {
      "File": "C:\\Users\\BillyBob\\ntuser.dat",
      "Key": "S-1-5-21-1171287513-3642516788-2358256967-1001"
    },
    "RawXml": "<Event xmlns=\"http://schemas.microsoft.com/win/2004/08/events/event\"><System><Provider Name=\"Microsoft-Windows-User Profiles Service\" Guid=\"{89b1e9f0-5aff-44a6-9b44-0a07a7ce5845}\"></Provider>\n<EventID Qualifiers=\"\">5</EventID>\n<Version>0</Version>\n<Level>4</Level>\n<Task>0</Task>\n<Opcode>0</Opcode>\n<Keywords>0x4000000000000000</Keywords>\n<TimeCreated SystemTime=\"2014-02-16 21:50:51.454840+00:00\"></TimeCreated>\n<EventRecordID>153</EventRecordID>\n<Correlation ActivityID=\"\" RelatedActivityID=\"\"></Correlation>\n<Execution ProcessID=\"960\" ThreadID=\"1264\"></Execution>\n<Channel>Microsoft-Windows-User Profile Service/Operational</Channel>\n<Computer>IACIS-HDD-2014</Computer>\n<Security UserID=\"S-1-5-18\"></Security>\n</System>\n<EventData><Data Name=\"File\">C:\\Users\\BillyBob\\ntuser.dat</Data>\n<Data Name=\"Key\">S-1-5-21-1171287513-3642516788-2358256967-1001</Data>\n</EventData>\n</Event>\n"
  },
  {
    "EventID": 5,
    "Timestamp": "2014-02-16 21:50:51.624840+00:00",
    "Computer": "IACIS-HDD-2014",
    "Channel": "Microsoft-Windows-User Profile Service/Operational",
    "Level": "Information",
    "EventData": {
      "File": "C:\\Users\\BillyBob\\AppData\\Local\\Microsoft\\Windows\\\\UsrClass.dat",
      "Key": "S-1-5-21-1171287513-3642516788-2358256967-1001_Classes"
    },
    "RawXml": "<Event xmlns=\"http://schemas.microsoft.com/win/2004/08/events/event\"><System><Provider Name=\"Microsoft-Windows-User Profiles Service\" Guid=\"{89b1e9f0-5aff-44a6-9b44-0a07a7ce5845}\"></Provider>\n<EventID Qualifiers=\"\">5</EventID>\n<Version>0</Version>\n<Level>4</Level>\n<Task>0</Task>\n<Opcode>0</Opcode>\n<Keywords>0x4000000000000000</Keywords>\n<TimeCreated SystemTime=\"2014-02-16 21:50:51.624840+00:00\"></TimeCreated>\n<EventRecordID>154</EventRecordID>\n<Correlation ActivityID=\"\" RelatedActivityID=\"\"></Correlation>\n<Execution ProcessID=\"960\" ThreadID=\"1264\"></Execution>\n<Channel>Microsoft-Windows-User Profile Service/Operational</Channel>\n<Computer>IACIS-HDD-2014</Computer>\n<Security UserID=\"S-1-5-18\"></Security>\n</System>\n<EventData><Data Name=\"File\">C:\\Users\\BillyBob\\AppData\\Local\\Microsoft\\Windows\\\\UsrClass.dat</Data>\n<Data Name=\"Key\">S-1-5-21-1171287513-3642516788-2358256967-1001_Classes</Data>\n</EventData>\n</Event>\n"
  },
  {
    "EventID": 1,
    "Timestamp": "2014-02-16 21:51:17.536684+00:00",
    "Computer": "IACIS-HDD-2014",
    "Channel": "Microsoft-Windows-User Profile Service/Operational",
    "Level": "Information",
    "EventData": {
      "Session": "1"
    },
    "RawXml": "<Event xmlns=\"http://schemas.microsoft.com/win/2004/08/events/event\"><System><Provider Name=\"Microsoft-Windows-User Profiles Service\" Guid=\"{89b1e9f0-5aff-44a6-9b44-0a07a7ce5845}\"></Provider>\n<EventID Qualifiers=\"\">1</EventID>\n<Version>0</Version>\n<Level>4</Level>\n<Task>0</Task>\n<Opcode>0</Opcode>\n<Keywords>0x4000000000000000</Keywords>\n<TimeCreated SystemTime=\"2014-02-16 21:51:17.536684+00:00\"></TimeCreated>\n<EventRecordID>155</EventRecordID>\n<Correlation ActivityID=\"{02b13c48-f800-0001-a7bd-e71b612bcf01}\" RelatedActivityID=\"\"></Correlation>\n<Execution ProcessID=\"960\" ThreadID=\"2276\"></Execution>\n<Channel>Microsoft-Windows-User Profile Service/Operational</Channel>\n<Computer>IACIS-HDD-2014</Computer>\n<Security UserID=\"S-1-5-21-1171287513-3642516788-2358256967-1004\"></Security>\n</System>\n<EventData><Data Name=\"Session\">1</Data>\n</EventData>\n</Event>\n"
  },
  {
    "EventID": 5,
    "Timestamp": "2014-02-16 21:51:17.567884+00:00",
    "Computer": "IACIS-HDD-2014",
    "Channel": "Microsoft-Windows-User Profile Service/Operational",
    "Level": "Information",
    "EventData": {
      "File": "C:\\Users\\Jimmy Wilson\\ntuser.dat",
      "Key": "S-1-5-21-1171287513-3642516788-2358256967-1004"
    },
    "RawXml": "<Event xmlns=\"http://schemas.microsoft.com/win/2004/08/events/event\"><System><Provider Name=\"Microsoft-Windows-User Profiles Service\" Guid=\"{89b1e9f0-5aff-44a6-9b44-0a07a7ce5845}\"></Provider>\n<EventID Qualifiers=\"\">5</EventID>\n<Version>0</Version>\n<Level>4</Level>\n<Task>0</Task>\n<Opcode>0</Opcode>\n<Keywords>0x4000000000000000</Keywords>\n<TimeCreated SystemTime=\"2014-02-16 21:51:17.567884+00:00\"></TimeCreated>\n<EventRecordID>156</EventRecordID>\n<Correlation ActivityID=\"\" RelatedActivityID=\"\"></Correlation>\n<Execution ProcessID=\"960\" ThreadID=\"1264\"></Execution>\n<Channel>Microsoft-Windows-User Profile Service/Operational</Channel>\n<Computer>IACIS-HDD-2014</Computer>\n<Security UserID=\"S-1-5-18\"></Security>\n</System>\n<EventData><Data Name=\"File\">C:\\Users\\Jimmy Wilson\\ntuser.dat</Data>\n<Data Name=\"Key\">S-1-5-21-1171287513-3642516788-2358256967-1004</Data>\n</EventData>\n</Event>\n"
  },
  {
    "EventID": 5,
    "Timestamp": "2014-02-16 21:51:17.599085+00:00",
    "Computer": "IACIS-HDD-2014",
    "Channel": "Microsoft-Windows-User Profile Service/Operational",
    "Level": "Information",
    "EventData": {
      "File": "C:\\Users\\Jimmy Wilson\\AppData\\Local\\Microsoft\\Windows\\\\UsrClass.dat",
      "Key": "S-1-5-21-1171287513-3642516788-2358256967-1004_Classes"
    },
    "RawXml": "<Event xmlns=\"http://schemas.microsoft.com/win/2004/08/events/event\"><System><Provider Name=\"Microsoft-Windows-User Profiles Service\" Guid=\"{89b1e9f0-5aff-44a6-9b44-0a07a7ce5845}\"></Provider>\n<EventID Qualifiers=\"\">5</EventID>\n<Version>0</Version>\n<Level>4</Level>\n<Task>0</Task>\n<Opcode>0</Opcode>\n<Keywords>0x4000000000000000</Keywords>\n<TimeCreated SystemTime=\"2014-02-16 21:51:17.599085+00:00\"></TimeCreated>\n<EventRecordID>157</EventRecordID>\n<Correlation ActivityID=\"\" RelatedActivityID=\"\"></Correlation>\n<Execution ProcessID=\"960\" ThreadID=\"1264\"></Execution>\n<Channel>Microsoft-Windows-User Profile Service/Operational</Channel>\n<Computer>IACIS-HDD-2014</Computer>\n<Security UserID=\"S-1-5-18\"></Security>\n</System>\n<EventData><Data Name=\"File\">C:\\Users\\Jimmy Wilson\\AppData\\Local\\Microsoft\\Windows\\\\UsrClass.dat</Data>\n<Data Name=\"Key\">S-1-5-21-1171287513-3642516788-2358256967-1004_Classes</Data>\n</EventData>\n</Event>\n"
  },
  {
    "EventID": 2,
    "Timestamp": "2014-02-16 21:51:17.755085+00:00",
    "Computer": "IACIS-HDD-2014",
    "Channel": "Microsoft-Windows-User Profile Service/Operational",
    "Level": "Information",
    "EventData": {
      "Session": "1"
    },
    "RawXml": "<Event xmlns=\"http://schemas.microsoft.com/win/2004/08/events/event\"><System><Provider Name=\"Microsoft-Windows-User Profiles Service\" Guid=\"{89b1e9f0-5aff-44a6-9b44-0a07a7ce5845}\"></Provider>\n<EventID Qualifiers=\"\">2</EventID>\n<Version>0</Version>\n<Level>4</Level>\n<Task>0</Task>\n<Opcode>0</Opcode>\n<Keywords>0x4000000000000000</Keywords>\n<TimeCreated SystemTime=\"2014-02-16 21:51:17.755085+00:00\"></TimeCreated>\n<EventRecordID>158</EventRecordID>\n<Correlation ActivityID=\"{02b13c48-f800-0001-a7bd-e71b612bcf01}\" RelatedActivityID=\"\"></Correlation>\n<Execution ProcessID=\"960\" ThreadID=\"2276\"></Execution>\n<Channel>Microsoft-Windows-User Profile Service/Operational</Channel>\n<Computer>IACIS-HDD-2014</Computer>\n<Security UserID=\"S-1-5-21-1171287513-3642516788-2358256967-1004\"></Security>\n</System>\n<EventData><Data Name=\"Session\">1</Data>\n</EventData>\n</Event>\n"
  },
  {
    "EventID": 3,
    "Timestamp": "2014-02-16 21:59:14.668722+00:00",
    "Computer": "IACIS-HDD-2014",
    "Channel": "Microsoft-Windows-User Profile Service/Operational",
    "Level": "Information",
    "EventData": {
      "Session": "1"
    },
    "RawXml": "<Event xmlns=\"http://schemas.microsoft.com/win/2004/08/events/event\"><System><Provider Name=\"Microsoft-Windows-User Profiles Service\" Guid=\"{89b1e9f0-5aff-44a6-9b44-0a07a7ce5845}\"></Provider>\n<EventID Qualifiers=\"\">3</EventID>\n<Version>0</Version>\n<Level>4</Level>\n<Task>0</Task>\n<Opcode>0</Opcode>\n<Keywords>0x4000000000000000</Keywords>\n<TimeCreated SystemTime=\"2014-02-16 21:59:14.668722+00:00\"></TimeCreated>\n<EventRecordID>159</EventRecordID>\n<Correlation ActivityID=\"{02b13c48-f800-0001-a7bd-e71b612bcf01}\" RelatedActivityID=\"\"></Correlation>\n<Execution ProcessID=\"960\" ThreadID=\"3244\"></Execution>\n<Channel>Microsoft-Windows-User Profile Service/Operational</Channel>\n<Computer>IACIS-HDD-2014</Computer>\n<Security UserID=\"S-1-5-21-1171287513-3642516788-2358256967-1004\"></Security>\n</System>\n<EventData><Data Name=\"Session\">1</Data>\n</EventData>\n</Event>\n"
  },
  {
    "EventID": 4,
    "Timestamp": "2014-02-16 21:59:15.277122+00:00",
    "Computer": "IACIS-HDD-2014",
    "Channel": "Microsoft-Windows-User Profile Service/Operational",
    "Level": "Information",
    "EventData": {
      "Session": "1"
    },
    "RawXml": "<Event xmlns=\"http://schemas.microsoft.com/win/2004/08/events/event\"><System><Provider Name=\"Microsoft-Windows-User Profiles Service\" Guid=\"{89b1e9f0-5aff-44a6-9b44-0a07a7ce5845}\"></Provider>\n<EventID Qualifiers=\"\">4</EventID>\n<Version>0</Version>\n<Level>4</Level>\n<Task>0</Task>\n<Opcode>0</Opcode>\n<Keywords>0x4000000000000000</Keywords>\n<TimeCreated SystemTime=\"2014-02-16 21:59:15.277122+00:00\"></TimeCreated>\n<EventRecordID>160</EventRecordID>\n<Correlation ActivityID=\"{02b13c48-f800-0001-a7bd-e71b612bcf01}\" RelatedActivityID=\"\"></Correlation>\n<Execution ProcessID=\"960\" ThreadID=\"3244\"></Execution>\n<Channel>Microsoft-Windows-User Profile Service/Operational</Channel>\n<Computer>IACIS-HDD-2014</Computer>\n<Security UserID=\"S-1-5-21-1171287513-3642516788-2358256967-1004\"></Security>\n</System>\n<EventData><Data Name=\"Session\">1</Data>\n</EventData>\n</Event>\n"
  },
