  {
    "EventID": 1001,
    "Timestamp": "2014-01-25 13:32:39.005527+00:00",
    "Computer": "IACIS-HDD-2014",
    "Channel": "Microsoft-Windows-Resource-Exhaustion-Detector/Operational",
    "Level": "Information",
    "EventData": {},
    "RawXml": "<Event xmlns=\"http://schemas.microsoft.com/win/2004/08/events/event\"><System><Provider Name=\"Microsoft-Windows-Resource-Exhaustion-Detector\" Guid=\"{9988748e-c2e8-4054-85f6-0c3e1cad2470}\"></Provider>\n<EventID Qualifiers=\"\">1001</EventID>\n<Version>0</Version>\n<Level>4</Level>\n<Task>1</Task>\n<Opcode>11</Opcode>\n<Keywords>0x4000000010000000</Keywords>\n<TimeCreated SystemTime=\"2014-01-25 13:32:39.005527+00:00\"></TimeCreated>\n<EventRecordID>38</EventRecordID>\n<Correlation ActivityID=\"\" RelatedActivityID=\"\"></Correlation>\n<Execution ProcessID=\"1188\" ThreadID=\"1616\"></Execution>\n<Channel>Microsoft-Windows-Resource-Exhaustion-Detector/Operational</Channel>\n<Computer>IACIS-HDD-2014</Computer>\n<Security UserID=\"S-1-5-19\"></Security>\n</System>\n<EventData></EventData>\n</Event>\n"
  },
  {
    "EventID": 1002,
    "Timestamp": "2014-01-25 13:52:11.607187+00:00",
    "Computer": "IACIS-HDD-2014",
    "Channel": "Microsoft-Windows-Resource-Exhaustion-Detector/Operational",
    "Level": "Information",
    "EventData": {},
    "RawXml": "<Event xmlns=\"http://schemas.microsoft.com/win/2004/08/events/event\"><System><Provider Name=\"Microsoft-Windows-Resource-Exhaustion-Detector\" Guid=\"{9988748e-c2e8-4054-85f6-0c3e1cad2470}\"></Provider>\n<EventID Qualifiers=\"\">1002</EventID>\n<Version>0</Version>\n<Level>4</Level>\n<Task>1</Task>\n<Opcode>12</Opcode>\n<Keywords>0x4000000010000000</Keywords>\n<TimeCreated SystemTime=\"2014-01-25 13:52:11.607187+00:00\"></TimeCreated>\n<EventRecordID>39</EventRecordID>\n<Correlation ActivityID=\"\" RelatedActivityID=\"\"></Correlation>\n<Execution ProcessID=\"1188\" ThreadID=\"700\"></Execution>\n<Channel>Microsoft-Windows-Resource-Exhaustion-Detector/Operational</Channel>\n<Computer>IACIS-HDD-2014</Computer>\n<Security UserID=\"S-1-5-19\"></Security>\n</System>\n<EventData></EventData>\n</Event>\n"
  },
  {
    "EventID": 1001,
    "Timestamp": "2014-01-25 13:53:33.817883+00:00",
    "Computer": "IACIS-HDD-2014",
    "Channel": "Microsoft-Windows-Resource-Exhaustion-Detector/Operational",
    "Level": "Information",
    "EventData": {},
    "RawXml": "<Event xmlns=\"http://schemas.microsoft.com/win/2004/08/events/event\"><System><Provider Name=\"Microsoft-Windows-Resource-Exhaustion-Detector\" Guid=\"{9988748e-c2e8-4054-85f6-0c3e1cad2470}\"></Provider>\n<EventID Qualifiers=\"\">1001</EventID>\n<Version>0</Version>\n<Level>4</Level>\n<Task>1</Task>\n<Opcode>11</Opcode>\n<Keywords>0x4000000010000000</Keywords>\n<TimeCreated SystemTime=\"2014-01-25 13:53:33.817883+00:00\"></TimeCreated>\n<EventRecordID>40</EventRecordID>\n<Correlation ActivityID=\"\" RelatedActivityID=\"\"></Correlation>\n<Execution ProcessID=\"1204\" ThreadID=\"1748\"></Execution>\n<Channel>Microsoft-Windows-Resource-Exhaustion-Detector/Operational</Channel>\n<Computer>IACIS-HDD-2014</Computer>\n<Security UserID=\"S-1-5-19\"></Security>\n</System>\n<EventData></EventData>\n</Event>\n"
  },
  {
    "EventID": 1001,
    "Timestamp": "2014-01-25 14:38:18.293804+00:00",
    "Computer": "IACIS-HDD-2014",
    "Channel": "Microsoft-Windows-Resource-Exhaustion-Detector/Operational",
    "Level": "Information",
    "EventData": {},
    "RawXml": "<Event xmlns=\"http://schemas.microsoft.com/win/2004/08/events/event\"><System><Provider Name=\"Microsoft-Windows-Resource-Exhaustion-Detector\" Guid=\"{9988748e-c2e8-4054-85f6-0c3e1cad2470}\"></Provider>\n<EventID Qualifiers=\"\">1001</EventID>\n<Version>0</Version>\n<Level>4</Level>\n<Task>1</Task>\n<Opcode>11</Opcode>\n<Keywords>0x4000000010000000</Keywords>\n<TimeCreated SystemTime=\"2014-01-25 14:38:18.293804+00:00\"></TimeCreated>\n<EventRecordID>41</EventRecordID>\n<Correlation ActivityID=\"\" RelatedActivityID=\"\"></Correlation>\n<Execution ProcessID=\"808\" ThreadID=\"3460\"></Execution>\n<Channel>Microsoft-Windows-Resource-Exhaustion-Detector/Operational</Channel>\n<Computer>IACIS-HDD-2014</Computer>\n<Security UserID=\"S-1-5-18\"></Security>\n</System>\n<EventData></EventData>\n</Event>\n"
  },
  {
    "EventID": 1002,
    "Timestamp": "2014-01-25 14:51:07.355520+00:00",
    "Computer": "IACIS-HDD-2014",
    "Channel": "Microsoft-Windows-Resource-Exhaustion-Detector/Operational",
    "Level": "Information",
    "EventData": {},
    "RawXml": "<Event xmlns=\"http://schemas.microsoft.com/win/2004/08/events/event\"><System><Provider Name=\"Microsoft-Windows-Resource-Exhaustion-Detector\" Guid=\"{9988748e-c2e8-4054-85f6-0c3e1cad2470}\"></Provider>\n<EventID Qualifiers=\"\">1002</EventID>\n<Version>0</Version>\n<Level>4</Level>\n<Task>1</Task>\n<Opcode>12</Opcode>\n<Keywords>0x4000000010000000</Keywords>\n<TimeCreated SystemTime=\"2014-01-25 14:51:07.355520+00:00\"></TimeCreated>\n<EventRecordID>42</EventRecordID>\n<Correlation ActivityID=\"\" RelatedActivityID=\"\"></Correlation>\n<Execution ProcessID=\"808\" ThreadID=\"3716\"></Execution>\n<Channel>Microsoft-Windows-Resource-Exhaustion-Detector/Operational</Channel>\n<Computer>IACIS-HDD-2014</Computer>\n<Security UserID=\"S-1-5-18\"></Security>\n</System>\n<EventData></EventData>\n</Event>\n"
  },
  {
    "EventID": 1002,
    "Timestamp": "2014-01-25 14:51:07.917122+00:00",
    "Computer": "IACIS-HDD-2014",
    "Channel": "Microsoft-Windows-Resource-Exhaustion-Detector/Operational",
    "Level": "Information",
    "EventData": {},
    "RawXml": "<Event xmlns=\"http://schemas.microsoft.com/win/2004/08/events/event\"><System><Provider Name=\"Microsoft-Windows-Resource-Exhaustion-Detector\" Guid=\"{9988748e-c2e8-4054-85f6-0c3e1cad2470}\"></Provider>\n<EventID Qualifiers=\"\">1002</EventID>\n<Version>0</Version>\n<Level>4</Level>\n<Task>1</Task>\n<Opcode>12</Opcode>\n<Keywords>0x4000000010000000</Keywords>\n<TimeCreated SystemTime=\"2014-01-25 14:51:07.917122+00:00\"></TimeCreated>\n<EventRecordID>43</EventRecordID>\n<Correlation ActivityID=\"\" RelatedActivityID=\"\"></Correlation>\n<Execution ProcessID=\"1204\" ThreadID=\"2632\"></Execution>\n<Channel>Microsoft-Windows-Resource-Exhaustion-Detector/Operational</Channel>\n<Computer>IACIS-HDD-2014</Computer>\n<Security UserID=\"S-1-5-19\"></Security>\n</System>\n<EventData></EventData>\n</Event>\n"
  },
  {
    "EventID": 1001,
    "Timestamp": "2014-01-25 15:25:51.952971+00:00",
    "Computer": "IACIS-HDD-2014",
    "Channel": "Microsoft-Windows-Resource-Exhaustion-Detector/Operational",
    "Level": "Information",
    "EventData": {},
    "RawXml": "<Event xmlns=\"http://schemas.microsoft.com/win/2004/08/events/event\"><System><Provider Name=\"Microsoft-Windows-Resource-Exhaustion-Detector\" Guid=\"{9988748e-c2e8-4054-85f6-0c3e1cad2470}\"></Provider>\n<EventID Qualifiers=\"\">1001</EventID>\n<Version>0</Version>\n<Level>4</Level>\n<Task>1</Task>\n<Opcode>11</Opcode>\n<Keywords>0x4000000010000000</Keywords>\n<TimeCreated SystemTime=\"2014-01-25 15:25:51.952971+00:00\"></TimeCreated>\n<EventRecordID>44</EventRecordID>\n<Correlation ActivityID=\"\" RelatedActivityID=\"\"></Correlation>\n<Execution ProcessID=\"1268\" ThreadID=\"1284\"></Execution>\n<Channel>Microsoft-Windows-Resource-Exhaustion-Detector/Operational</Channel>\n<Computer>IACIS-HDD-2014</Computer>\n<Security UserID=\"S-1-5-19\"></Security>\n</System>\n<EventData></EventData>\n</Event>\n"
  },
  {
    "EventID": 1002,
    "Timestamp": "2014-01-25 16:45:16.683220+00:00",
    "Computer": "IACIS-HDD-2014",
    "Channel": "Microsoft-Windows-Resource-Exhaustion-Detector/Operational",
    "Level": "Information",
    "EventData": {},
    "RawXml": "<Event xmlns=\"http://schemas.microsoft.com/win/2004/08/events/event\"><System><Provider Name=\"Microsoft-Windows-Resource-Exhaustion-Detector\" Guid=\"{9988748e-c2e8-4054-85f6-0c3e1cad2470}\"></Provider>\n<EventID Qualifiers=\"\">1002</EventID>\n<Version>0</Version>\n<Level>4</Level>\n<Task>1</Task>\n<Opcode>12</Opcode>\n<Keywords>0x4000000010000000</Keywords>\n<TimeCreated SystemTime=\"2014-01-25 16:45:16.683220+00:00\"></TimeCreated>\n<EventRecordID>45</EventRecordID>\n<Correlation ActivityID=\"\" RelatedActivityID=\"\"></Correlation>\n<Execution ProcessID=\"1268\" ThreadID=\"1952\"></Execution>\n<Channel>Microsoft-Windows-Resource-Exhaustion-Detector/Operational</Channel>\n<Computer>IACIS-HDD-2014</Computer>\n<Security UserID=\"S-1-5-19\"></Security>\n</System>\n<EventData></EventData>\n</Event>\n"
  },
  {
    "EventID": 1001,
    "Timestamp": "2014-01-25 18:19:49.826088+00:00",
    "Computer": "IACIS-HDD-2014",
    "Channel": "Microsoft-Windows-Resource-Exhaustion-Detector/Operational",
    "Level": "Information",
    "EventData": {},
    "RawXml": "<Event xmlns=\"http://schemas.microsoft.com/win/2004/08/events/event\"><System><Provider Name=\"Microsoft-Windows-Resource-Exhaustion-Detector\" Guid=\"{9988748e-c2e8-4054-85f6-0c3e1cad2470}\"></Provider>\n<EventID Qualifiers=\"\">1001</EventID>\n<Version>0</Version>\n<Level>4</Level>\n<Task>1</Task>\n<Opcode>11</Opcode>\n<Keywords>0x4000000010000000</Keywords>\n<TimeCreated SystemTime=\"2014-01-25 18:19:49.826088+00:00\"></TimeCreated>\n<EventRecordID>46</EventRecordID>\n<Correlation ActivityID=\"\" RelatedActivityID=\"\"></Correlation>\n<Execution ProcessID=\"1276\" ThreadID=\"1292\"></Execution>\n<Channel>Microsoft-Windows-Resource-Exhaustion-Detector/Operational</Channel>\n<Computer>IACIS-HDD-2014</Computer>\n<Security UserID=\"S-1-5-19\"></Security>\n</System>\n<EventData></EventData>\n</Event>\n"
  },
  {
    "EventID": 1002,
    "Timestamp": "2014-01-25 18:30:49.052448+00:00",
    "Computer": "IACIS-HDD-2014",
    "Channel": "Microsoft-Windows-Resource-Exhaustion-Detector/Operational",
    "Level": "Information",
    "EventData": {},
    "RawXml": "<Event xmlns=\"http://schemas.microsoft.com/win/2004/08/events/event\"><System><Provider Name=\"Microsoft-Windows-Resource-Exhaustion-Detector\" Guid=\"{9988748e-c2e8-4054-85f6-0c3e1cad2470}\"></Provider>\n<EventID Qualifiers=\"\">1002</EventID>\n<Version>0</Version>\n<Level>4</Level>\n<Task>1</Task>\n<Opcode>12</Opcode>\n<Keywords>0x4000000010000000</Keywords>\n<TimeCreated SystemTime=\"2014-01-25 18:30:49.052448+00:00\"></TimeCreated>\n<EventRecordID>47</EventRecordID>\n<Correlation ActivityID=\"\" RelatedActivityID=\"\"></Correlation>\n<Execution ProcessID=\"1276\" ThreadID=\"424\"></Execution>\n<Channel>Microsoft-Windows-Resource-Exhaustion-Detector/Operational</Channel>\n<Computer>IACIS-HDD-2014</Computer>\n<Security UserID=\"S-1-5-19\"></Security>\n</System>\n<EventData></EventData>\n</Event>\n"
  },
  {
    "EventID": 1001,
    "Timestamp": "2014-01-29 12:30:51.155407+00:00",
    "Computer": "IACIS-HDD-2014",
    "Channel": "Microsoft-Windows-Resource-Exhaustion-Detector/Operational",
    "Level": "Information",
    "EventData": {},
    "RawXml": "<Event xmlns=\"http://schemas.microsoft.com/win/2004/08/events/event\"><System><Provider Name=\"Microsoft-Windows-Resource-Exhaustion-Detector\" Guid=\"{9988748e-c2e8-4054-85f6-0c3e1cad2470}\"></Provider>\n<EventID Qualifiers=\"\">1001</EventID>\n<Version>0</Version>\n<Level>4</Level>\n<Task>1</Task>\n<Opcode>11</Opcode>\n<Keywords>0x4000000010000000</Keywords>\n<TimeCreated SystemTime=\"2014-01-29 12:30:51.155407+00:00\"></TimeCreated>\n<EventRecordID>48</EventRecordID>\n<Correlation ActivityID=\"\" RelatedActivityID=\"\"></Correlation>\n<Execution ProcessID=\"1264\" ThreadID=\"1292\"></Execution>\n<Channel>Microsoft-Windows-Resource-Exhaustion-Detector/Operational</Channel>\n<Computer>IACIS-HDD-2014</Computer>\n<Security UserID=\"S-1-5-19\"></Security>\n</System>\n<EventData></EventData>\n</Event>\n"
  },
  {
    "EventID": 1002,
    "Timestamp": "2014-01-29 15:37:56.219271+00:00",
    "Computer": "IACIS-HDD-2014",
    "Channel": "Microsoft-Windows-Resource-Exhaustion-Detector/Operational",
    "Level": "Information",
    "EventData": {},
    "RawXml": "<Event xmlns=\"http://schemas.microsoft.com/win/2004/08/events/event\"><System><Provider Name=\"Microsoft-Windows-Resource-Exhaustion-Detector\" Guid=\"{9988748e-c2e8-4054-85f6-0c3e1cad2470}\"></Provider>\n<EventID Qualifiers=\"\">1002</EventID>\n<Version>0</Version>\n<Level>4</Level>\n<Task>1</Task>\n<Opcode>12</Opcode>\n<Keywords>0x4000000010000000</Keywords>\n<TimeCreated SystemTime=\"2014-01-29 15:37:56.219271+00:00\"></TimeCreated>\n<EventRecordID>49</EventRecordID>\n<Correlation ActivityID=\"\" RelatedActivityID=\"\"></Correlation>\n<Execution ProcessID=\"1264\" ThreadID=\"2308\"></Execution>\n<Channel>Microsoft-Windows-Resource-Exhaustion-Detector/Operational</Channel>\n<Computer>IACIS-HDD-2014</Computer>\n<Security UserID=\"S-1-5-19\"></Security>\n</System>\n<EventData></EventData>\n</Event>\n"
  },
  {
    "EventID": 1001,
    "Timestamp": "2014-02-03 12:03:18.823200+00:00",
    "Computer": "IACIS-HDD-2014",
    "Channel": "Microsoft-Windows-Resource-Exhaustion-Detector/Operational",
    "Level": "Information",
    "EventData": {},
    "RawXml": "<Event xmlns=\"http://schemas.microsoft.com/win/2004/08/events/event\"><System><Provider Name=\"Microsoft-Windows-Resource-Exhaustion-Detector\" Guid=\"{9988748e-c2e8-4054-85f6-0c3e1cad2470}\"></Provider>\n<EventID Qualifiers=\"\">1001</EventID>\n<Version>0</Version>\n<Level>4</Level>\n<Task>1</Task>\n<Opcode>11</Opcode>\n<Keywords>0x4000000010000000</Keywords>\n<TimeCreated SystemTime=\"2014-02-03 12:03:18.823200+00:00\"></TimeCreated>\n<EventRecordID>50</EventRecordID>\n<Correlation ActivityID=\"\" RelatedActivityID=\"\"></Correlation>\n<Execution ProcessID=\"1336\" ThreadID=\"1736\"></Execution>\n<Channel>Microsoft-Windows-Resource-Exhaustion-Detector/Operational</Channel>\n<Computer>IACIS-HDD-2014</Computer>\n<Security UserID=\"S-1-5-19\"></Security>\n</System>\n<EventData></EventData>\n</Event>\n"
  },
  {
    "EventID": 1002,
    "Timestamp": "2014-02-03 18:01:22.292891+00:00",
    "Computer": "IACIS-HDD-2014",
    "Channel": "Microsoft-Windows-Resource-Exhaustion-Detector/Operational",
    "Level": "Information",
    "EventData": {},
    "RawXml": "<Event xmlns=\"http://schemas.microsoft.com/win/2004/08/events/event\"><System><Provider Name=\"Microsoft-Windows-Resource-Exhaustion-Detector\" Guid=\"{9988748e-c2e8-4054-85f6-0c3e1cad2470}\"></Provider>\n<EventID Qualifiers=\"\">1002</EventID>\n<Version>0</Version>\n<Level>4</Level>\n<Task>1</Task>\n<Opcode>12</Opcode>\n<Keywords>0x4000000010000000</Keywords>\n<TimeCreated SystemTime=\"2014-02-03 18:01:22.292891+00:00\"></TimeCreated>\n<EventRecordID>51</EventRecordID>\n<Correlation ActivityID=\"\" RelatedActivityID=\"\"></Correlation>\n<Execution ProcessID=\"1336\" ThreadID=\"3304\"></Execution>\n<Channel>Microsoft-Windows-Resource-Exhaustion-Detector/Operational</Channel>\n<Computer>IACIS-HDD-2014</Computer>\n<Security UserID=\"S-1-5-19\"></Security>\n</System>\n<EventData></EventData>\n</Event>\n"
  },
  {
    "EventID": 1001,
    "Timestamp": "2014-02-04 14:14:20.852571+00:00",
    "Computer": "IACIS-HDD-2014",
    "Channel": "Microsoft-Windows-Resource-Exhaustion-Detector/Operational",
    "Level": "Information",
    "EventData": {},
    "RawXml": "<Event xmlns=\"http://schemas.microsoft.com/win/2004/08/events/event\"><System><Provider Name=\"Microsoft-Windows-Resource-Exhaustion-Detector\" Guid=\"{9988748e-c2e8-4054-85f6-0c3e1cad2470}\"></Provider>\n<EventID Qualifiers=\"\">1001</EventID>\n<Version>0</Version>\n<Level>4</Level>\n<Task>1</Task>\n<Opcode>11</Opcode>\n<Keywords>0x4000000010000000</Keywords>\n<TimeCreated SystemTime=\"2014-02-04 14:14:20.852571+00:00\"></TimeCreated>\n<EventRecordID>52</EventRecordID>\n<Correlation ActivityID=\"\" RelatedActivityID=\"\"></Correlation>\n<Execution ProcessID=\"1340\" ThreadID=\"1900\"></Execution>\n<Channel>Microsoft-Windows-Resource-Exhaustion-Detector/Operational</Channel>\n<Computer>IACIS-HDD-2014</Computer>\n<Security UserID=\"S-1-5-19\"></Security>\n</System>\n<EventData></EventData>\n</Event>\n"
  },
  {
    "EventID": 1002,
    "Timestamp": "2014-02-04 19:18:46.593359+00:00",
    "Computer": "IACIS-HDD-2014",
    "Channel": "Microsoft-Windows-Resource-Exhaustion-Detector/Operational",
    "Level": "Information",
    "EventData": {},
    "RawXml": "<Event xmlns=\"http://schemas.microsoft.com/win/2004/08/events/event\"><System><Provider Name=\"Microsoft-Windows-Resource-Exhaustion-Detector\" Guid=\"{9988748e-c2e8-4054-85f6-0c3e1cad2470}\"></Provider>\n<EventID Qualifiers=\"\">1002</EventID>\n<Version>0</Version>\n<Level>4</Level>\n<Task>1</Task>\n<Opcode>12</Opcode>\n<Keywords>0x4000000010000000</Keywords>\n<TimeCreated SystemTime=\"2014-02-04 19:18:46.593359+00:00\"></TimeCreated>\n<EventRecordID>53</EventRecordID>\n<Correlation ActivityID=\"\" RelatedActivityID=\"\"></Correlation>\n<Execution ProcessID=\"1340\" ThreadID=\"1040\"></Execution>\n<Channel>Microsoft-Windows-Resource-Exhaustion-Detector/Operational</Channel>\n<Computer>IACIS-HDD-2014</Computer>\n<Security UserID=\"S-1-5-19\"></Security>\n</System>\n<EventData></EventData>\n</Event>\n"
  },
  {
    "EventID": 1001,
    "Timestamp": "2014-02-05 13:37:13.230345+00:00",
    "Computer": "IACIS-HDD-2014",
    "Channel": "Microsoft-Windows-Resource-Exhaustion-Detector/Operational",
    "Level": "Information",
    "EventData": {},
    "RawXml": "<Event xmlns=\"http://schemas.microsoft.com/win/2004/08/events/event\"><System><Provider Name=\"Microsoft-Windows-Resource-Exhaustion-Detector\" Guid=\"{9988748e-c2e8-4054-85f6-0c3e1cad2470}\"></Provider>\n<EventID Qualifiers=\"\">1001</EventID>\n<Version>0</Version>\n<Level>4</Level>\n<Task>1</Task>\n<Opcode>11</Opcode>\n<Keywords>0x4000000010000000</Keywords>\n<TimeCreated SystemTime=\"2014-02-05 13:37:13.230345+00:00\"></TimeCreated>\n<EventRecordID>54</EventRecordID>\n<Correlation ActivityID=\"\" RelatedActivityID=\"\"></Correlation>\n<Execution ProcessID=\"1284\" ThreadID=\"868\"></Execution>\n<Channel>Microsoft-Windows-Resource-Exhaustion-Detector/Operational</Channel>\n<Computer>IACIS-HDD-2014</Computer>\n<Security UserID=\"S-1-5-19\"></Security>\n</System>\n<EventData></EventData>\n</Event>\n"
  },
  {
    "EventID": 1002,
    "Timestamp": "2014-02-05 18:30:20.212717+00:00",
    "Computer": "IACIS-HDD-2014",
    "Channel": "Microsoft-Windows-Resource-Exhaustion-Detector/Operational",
    "Level": "Information",
    "EventData": {},
    "RawXml": "<Event xmlns=\"http://schemas.microsoft.com/win/2004/08/events/event\"><System><Provider Name=\"Microsoft-Windows-Resource-Exhaustion-Detector\" Guid=\"{9988748e-c2e8-4054-85f6-0c3e1cad2470}\"></Provider>\n<EventID Qualifiers=\"\">1002</EventID>\n<Version>0</Version>\n<Level>4</Level>\n<Task>1</Task>\n<Opcode>12</Opcode>\n<Keywords>0x4000000010000000</Keywords>\n<TimeCreated SystemTime=\"2014-02-05 18:30:20.212717+00:00\"></TimeCreated>\n<EventRecordID>55</EventRecordID>\n<Correlation ActivityID=\"\" RelatedActivityID=\"\"></Correlation>\n<Execution ProcessID=\"1284\" ThreadID=\"4068\"></Execution>\n<Channel>Microsoft-Windows-Resource-Exhaustion-Detector/Operational</Channel>\n<Computer>IACIS-HDD-2014</Computer>\n<Security UserID=\"S-1-5-19\"></Security>\n</System>\n<EventData></EventData>\n</Event>\n"
  },
  {
    "EventID": 1001,
    "Timestamp": "2014-02-06 11:22:18.979239+00:00",
    "Computer": "IACIS-HDD-2014",
    "Channel": "Microsoft-Windows-Resource-Exhaustion-Detector/Operational",
    "Level": "Information",
    "EventData": {},
    "RawXml": "<Event xmlns=\"http://schemas.microsoft.com/win/2004/08/events/event\"><System><Provider Name=\"Microsoft-Windows-Resource-Exhaustion-Detector\" Guid=\"{9988748e-c2e8-4054-85f6-0c3e1cad2470}\"></Provider>\n<EventID Qualifiers=\"\">1001</EventID>\n<Version>0</Version>\n<Level>4</Level>\n<Task>1</Task>\n<Opcode>11</Opcode>\n<Keywords>0x4000000010000000</Keywords>\n<TimeCreated SystemTime=\"2014-02-06 11:22:18.979239+00:00\"></TimeCreated>\n<EventRecordID>56</EventRecordID>\n<Correlation ActivityID=\"\" RelatedActivityID=\"\"></Correlation>\n<Execution ProcessID=\"1252\" ThreadID=\"1728\"></Execution>\n<Channel>Microsoft-Windows-Resource-Exhaustion-Detector/Operational</Channel>\n<Computer>IACIS-HDD-2014</Computer>\n<Security UserID=\"S-1-5-19\"></Security>\n</System>\n<EventData></EventData>\n</Event>\n"
  },
  {
    "EventID": 1002,
    "Timestamp": "2014-02-06 15:17:10.003300+00:00",
    "Computer": "IACIS-HDD-2014",
    "Channel": "Microsoft-Windows-Resource-Exhaustion-Detector/Operational",
    "Level": "Information",
    "EventData": {},
    "RawXml": "<Event xmlns=\"http://schemas.microsoft.com/win/2004/08/events/event\"><System><Provider Name=\"Microsoft-Windows-Resource-Exhaustion-Detector\" Guid=\"{9988748e-c2e8-4054-85f6-0c3e1cad2470}\"></Provider>\n<EventID Qualifiers=\"\">1002</EventID>\n<Version>0</Version>\n<Level>4</Level>\n<Task>1</Task>\n<Opcode>12</Opcode>\n<Keywords>0x4000000010000000</Keywords>\n<TimeCreated SystemTime=\"2014-02-06 15:17:10.003300+00:00\"></TimeCreated>\n<EventRecordID>57</EventRecordID>\n<Correlation ActivityID=\"\" RelatedActivityID=\"\"></Correlation>\n<Execution ProcessID=\"1252\" ThreadID=\"2364\"></Execution>\n<Channel>Microsoft-Windows-Resource-Exhaustion-Detector/Operational</Channel>\n<Computer>IACIS-HDD-2014</Computer>\n<Security UserID=\"S-1-5-19\"></Security>\n</System>\n<EventData></EventData>\n</Event>\n"
  },
  {
    "EventID": 1001,
    "Timestamp": "2014-02-06 18:54:41.855093+00:00",
    "Computer": "IACIS-HDD-2014",
    "Channel": "Microsoft-Windows-Resource-Exhaustion-Detector/Operational",
    "Level": "Information",
    "EventData": {},
    "RawXml": "<Event xmlns=\"http://schemas.microsoft.com/win/2004/08/events/event\"><System><Provider Name=\"Microsoft-Windows-Resource-Exhaustion-Detector\" Guid=\"{9988748e-c2e8-4054-85f6-0c3e1cad2470}\"></Provider>\n<EventID Qualifiers=\"\">1001</EventID>\n<Version>0</Version>\n<Level>4</Level>\n<Task>1</Task>\n<Opcode>11</Opcode>\n<Keywords>0x4000000010000000</Keywords>\n<TimeCreated SystemTime=\"2014-02-06 18:54:41.855093+00:00\"></TimeCreated>\n<EventRecordID>58</EventRecordID>\n<Correlation ActivityID=\"\" RelatedActivityID=\"\"></Correlation>\n<Execution ProcessID=\"1328\" ThreadID=\"1956\"></Execution>\n<Channel>Microsoft-Windows-Resource-Exhaustion-Detector/Operational</Channel>\n<Computer>IACIS-HDD-2014</Computer>\n<Security UserID=\"S-1-5-19\"></Security>\n</System>\n<EventData></EventData>\n</Event>\n"
  },
  {
    "EventID": 1002,
    "Timestamp": "2014-02-06 18:57:24.840183+00:00",
    "Computer": "IACIS-HDD-2014",
    "Channel": "Microsoft-Windows-Resource-Exhaustion-Detector/Operational",
    "Level": "Information",
    "EventData": {},
    "RawXml": "<Event xmlns=\"http://schemas.microsoft.com/win/2004/08/events/event\"><System><Provider Name=\"Microsoft-Windows-Resource-Exhaustion-Detector\" Guid=\"{9988748e-c2e8-4054-85f6-0c3e1cad2470}\"></Provider>\n<EventID Qualifiers=\"\">1002</EventID>\n<Version>0</Version>\n<Level>4</Level>\n<Task>1</Task>\n<Opcode>12</Opcode>\n<Keywords>0x4000000010000000</Keywords>\n<TimeCreated SystemTime=\"2014-02-06 18:57:24.840183+00:00\"></TimeCreated>\n<EventRecordID>59</EventRecordID>\n<Correlation ActivityID=\"\" RelatedActivityID=\"\"></Correlation>\n<Execution ProcessID=\"1328\" ThreadID=\"1616\"></Execution>\n<Channel>Microsoft-Windows-Resource-Exhaustion-Detector/Operational</Channel>\n<Computer>IACIS-HDD-2014</Computer>\n<Security UserID=\"S-1-5-19\"></Security>\n</System>\n<EventData></EventData>\n</Event>\n"
  },
  {
    "EventID": 1001,
    "Timestamp": "2014-02-07 12:35:37.825562+00:00",
    "Computer": "IACIS-HDD-2014",
    "Channel": "Microsoft-Windows-Resource-Exhaustion-Detector/Operational",
    "Level": "Information",
    "EventData": {},
    "RawXml": "<Event xmlns=\"http://schemas.microsoft.com/win/2004/08/events/event\"><System><Provider Name=\"Microsoft-Windows-Resource-Exhaustion-Detector\" Guid=\"{9988748e-c2e8-4054-85f6-0c3e1cad2470}\"></Provider>\n<EventID Qualifiers=\"\">1001</EventID>\n<Version>0</Version>\n<Level>4</Level>\n<Task>1</Task>\n<Opcode>11</Opcode>\n<Keywords>0x4000000010000000</Keywords>\n<TimeCreated SystemTime=\"2014-02-07 12:35:37.825562+00:00\"></TimeCreated>\n<EventRecordID>60</EventRecordID>\n<Correlation ActivityID=\"\" RelatedActivityID=\"\"></Correlation>\n<Execution ProcessID=\"1336\" ThreadID=\"1984\"></Execution>\n<Channel>Microsoft-Windows-Resource-Exhaustion-Detector/Operational</Channel>\n<Computer>IACIS-HDD-2014</Computer>\n<Security UserID=\"S-1-5-19\"></Security>\n</System>\n<EventData></EventData>\n</Event>\n"
  },
  {
    "EventID": 1002,
    "Timestamp": "2014-02-07 15:12:45.195457+00:00",
    "Computer": "IACIS-HDD-2014",
    "Channel": "Microsoft-Windows-Resource-Exhaustion-Detector/Operational",
    "Level": "Information",
    "EventData": {},
    "RawXml": "<Event xmlns=\"http://schemas.microsoft.com/win/2004/08/events/event\"><System><Provider Name=\"Microsoft-Windows-Resource-Exhaustion-Detector\" Guid=\"{9988748e-c2e8-4054-85f6-0c3e1cad2470}\"></Provider>\n<EventID Qualifiers=\"\">1002</EventID>\n<Version>0</Version>\n<Level>4</Level>\n<Task>1</Task>\n<Opcode>12</Opcode>\n<Keywords>0x4000000010000000</Keywords>\n<TimeCreated SystemTime=\"2014-02-07 15:12:45.195457+00:00\"></TimeCreated>\n<EventRecordID>61</EventRecordID>\n<Correlation ActivityID=\"\" RelatedActivityID=\"\"></Correlation>\n<Execution ProcessID=\"1336\" ThreadID=\"3528\"></Execution>\n<Channel>Microsoft-Windows-Resource-Exhaustion-Detector/Operational</Channel>\n<Computer>IACIS-HDD-2014</Computer>\n<Security UserID=\"S-1-5-19\"></Security>\n</System>\n<EventData></EventData>\n</Event>\n"
  },
  {
    "EventID": 1001,
    "Timestamp": "2014-02-07 17:01:54.826120+00:00",
    "Computer": "IACIS-HDD-2014",
    "Channel": "Microsoft-Windows-Resource-Exhaustion-Detector/Operational",
    "Level": "Information",
    "EventData": {},
    "RawXml": "<Event xmlns=\"http://schemas.microsoft.com/win/2004/08/events/event\"><System><Provider Name=\"Microsoft-Windows-Resource-Exhaustion-Detector\" Guid=\"{9988748e-c2e8-4054-85f6-0c3e1cad2470}\"></Provider>\n<EventID Qualifiers=\"\">1001</EventID>\n<Version>0</Version>\n<Level>4</Level>\n<Task>1</Task>\n<Opcode>11</Opcode>\n<Keywords>0x4000000010000000</Keywords>\n<TimeCreated SystemTime=\"2014-02-07 17:01:54.826120+00:00\"></TimeCreated>\n<EventRecordID>62</EventRecordID>\n<Correlation ActivityID=\"\" RelatedActivityID=\"\"></Correlation>\n<Execution ProcessID=\"1244\" ThreadID=\"2764\"></Execution>\n<Channel>Microsoft-Windows-Resource-Exhaustion-Detector/Operational</Channel>\n<Computer>IACIS-HDD-2014</Computer>\n<Security UserID=\"S-1-5-19\"></Security>\n</System>\n<EventData></EventData>\n</Event>\n"
  },
  {
    "EventID": 1002,
    "Timestamp": "2014-02-07 17:36:00.086115+00:00",
    "Computer": "IACIS-HDD-2014",
    "Channel": "Microsoft-Windows-Resource-Exhaustion-Detector/Operational",
    "Level": "Information",
    "EventData": {},
    "RawXml": "<Event xmlns=\"http://schemas.microsoft.com/win/2004/08/events/event\"><System><Provider Name=\"Microsoft-Windows-Resource-Exhaustion-Detector\" Guid=\"{9988748e-c2e8-4054-85f6-0c3e1cad2470}\"></Provider>\n<EventID Qualifiers=\"\">1002</EventID>\n<Version>0</Version>\n<Level>4</Level>\n<Task>1</Task>\n<Opcode>12</Opcode>\n<Keywords>0x4000000010000000</Keywords>\n<TimeCreated SystemTime=\"2014-02-07 17:36:00.086115+00:00\"></TimeCreated>\n<EventRecordID>63</EventRecordID>\n<Correlation ActivityID=\"\" RelatedActivityID=\"\"></Correlation>\n<Execution ProcessID=\"1244\" ThreadID=\"2768\"></Execution>\n<Channel>Microsoft-Windows-Resource-Exhaustion-Detector/Operational</Channel>\n<Computer>IACIS-HDD-2014</Computer>\n<Security UserID=\"S-1-5-19\"></Security>\n</System>\n<EventData></EventData>\n</Event>\n"
  },
  {
    "EventID": 1001,
    "Timestamp": "2014-02-10 14:50:53.835155+00:00",
    "Computer": "IACIS-HDD-2014",
    "Channel": "Microsoft-Windows-Resource-Exhaustion-Detector/Operational",
    "Level": "Information",
    "EventData": {},
    "RawXml": "<Event xmlns=\"http://schemas.microsoft.com/win/2004/08/events/event\"><System><Provider Name=\"Microsoft-Windows-Resource-Exhaustion-Detector\" Guid=\"{9988748e-c2e8-4054-85f6-0c3e1cad2470}\"></Provider>\n<EventID Qualifiers=\"\">1001</EventID>\n<Version>0</Version>\n<Level>4</Level>\n<Task>1</Task>\n<Opcode>11</Opcode>\n<Keywords>0x4000000010000000</Keywords>\n<TimeCreated SystemTime=\"2014-02-10 14:50:53.835155+00:00\"></TimeCreated>\n<EventRecordID>64</EventRecordID>\n<Correlation ActivityID=\"\" RelatedActivityID=\"\"></Correlation>\n<Execution ProcessID=\"1320\" ThreadID=\"1336\"></Execution>\n<Channel>Microsoft-Windows-Resource-Exhaustion-Detector/Operational</Channel>\n<Computer>IACIS-HDD-2014</Computer>\n<Security UserID=\"S-1-5-19\"></Security>\n</System>\n<EventData></EventData>\n</Event>\n"
  },
  {
    "EventID": 1002,
    "Timestamp": "2014-02-10 18:26:07.183434+00:00",
    "Computer": "IACIS-HDD-2014",
    "Channel": "Microsoft-Windows-Resource-Exhaustion-Detector/Operational",
    "Level": "Information",
    "EventData": {},
    "RawXml": "<Event xmlns=\"http://schemas.microsoft.com/win/2004/08/events/event\"><System><Provider Name=\"Microsoft-Windows-Resource-Exhaustion-Detector\" Guid=\"{9988748e-c2e8-4054-85f6-0c3e1cad2470}\"></Provider>\n<EventID Qualifiers=\"\">1002</EventID>\n<Version>0</Version>\n<Level>4</Level>\n<Task>1</Task>\n<Opcode>12</Opcode>\n<Keywords>0x4000000010000000</Keywords>\n<TimeCreated SystemTime=\"2014-02-10 18:26:07.183434+00:00\"></TimeCreated>\n<EventRecordID>65</EventRecordID>\n<Correlation ActivityID=\"\" RelatedActivityID=\"\"></Correlation>\n<Execution ProcessID=\"1320\" ThreadID=\"3700\"></Execution>\n<Channel>Microsoft-Windows-Resource-Exhaustion-Detector/Operational</Channel>\n<Computer>IACIS-HDD-2014</Computer>\n<Security UserID=\"S-1-5-19\"></Security>\n</System>\n<EventData></EventData>\n</Event>\n"
  },
  {
    "EventID": 1001,
    "Timestamp": "2014-02-11 13:25:18.867516+00:00",
    "Computer": "IACIS-HDD-2014",
    "Channel": "Microsoft-Windows-Resource-Exhaustion-Detector/Operational",
    "Level": "Information",
    "EventData": {},
    "RawXml": "<Event xmlns=\"http://schemas.microsoft.com/win/2004/08/events/event\"><System><Provider Name=\"Microsoft-Windows-Resource-Exhaustion-Detector\" Guid=\"{9988748e-c2e8-4054-85f6-0c3e1cad2470}\"></Provider>\n<EventID Qualifiers=\"\">1001</EventID>\n<Version>0</Version>\n<Level>4</Level>\n<Task>1</Task>\n<Opcode>11</Opcode>\n<Keywords>0x4000000010000000</Keywords>\n<TimeCreated SystemTime=\"2014-02-11 13:25:18.867516+00:00\"></TimeCreated>\n<EventRecordID>66</EventRecordID>\n<Correlation ActivityID=\"\" RelatedActivityID=\"\"></Correlation>\n<Execution ProcessID=\"1332\" ThreadID=\"1888\"></Execution>\n<Channel>Microsoft-Windows-Resource-Exhaustion-Detector/Operational</Channel>\n<Computer>IACIS-HDD-2014</Computer>\n<Security UserID=\"S-1-5-19\"></Security>\n</System>\n<EventData></EventData>\n</Event>\n"
  },
  {
    "EventID": 1002,
    "Timestamp": "2014-02-11 17:40:15.468695+00:00",
    "Computer": "IACIS-HDD-2014",
    "Channel": "Microsoft-Windows-Resource-Exhaustion-Detector/Operational",
    "Level": "Information",
    "EventData": {},
    "RawXml": "<Event xmlns=\"http://schemas.microsoft.com/win/2004/08/events/event\"><System><Provider Name=\"Microsoft-Windows-Resource-Exhaustion-Detector\" Guid=\"{9988748e-c2e8-4054-85f6-0c3e1cad2470}\"></Provider>\n<EventID Qualifiers=\"\">1002</EventID>\n<Version>0</Version>\n<Level>4</Level>\n<Task>1</Task>\n<Opcode>12</Opcode>\n<Keywords>0x4000000010000000</Keywords>\n<TimeCreated SystemTime=\"2014-02-11 17:40:15.468695+00:00\"></TimeCreated>\n<EventRecordID>67</EventRecordID>\n<Correlation ActivityID=\"\" RelatedActivityID=\"\"></Correlation>\n<Execution ProcessID=\"1332\" ThreadID=\"2912\"></Execution>\n<Channel>Microsoft-Windows-Resource-Exhaustion-Detector/Operational</Channel>\n<Computer>IACIS-HDD-2014</Computer>\n<Security UserID=\"S-1-5-19\"></Security>\n</System>\n<EventData></EventData>\n</Event>\n"
  },
  {
    "EventID": 1001,
    "Timestamp": "2014-02-11 17:41:57.836309+00:00",
    "Computer": "IACIS-HDD-2014",
    "Channel": "Microsoft-Windows-Resource-Exhaustion-Detector/Operational",
    "Level": "Information",
    "EventData": {},
    "RawXml": "<Event xmlns=\"http://schemas.microsoft.com/win/2004/08/events/event\"><System><Provider Name=\"Microsoft-Windows-Resource-Exhaustion-Detector\" Guid=\"{9988748e-c2e8-4054-85f6-0c3e1cad2470}\"></Provider>\n<EventID Qualifiers=\"\">1001</EventID>\n<Version>0</Version>\n<Level>4</Level>\n<Task>1</Task>\n<Opcode>11</Opcode>\n<Keywords>0x4000000010000000</Keywords>\n<TimeCreated SystemTime=\"2014-02-11 17:41:57.836309+00:00\"></TimeCreated>\n<EventRecordID>68</EventRecordID>\n<Correlation ActivityID=\"\" RelatedActivityID=\"\"></Correlation>\n<Execution ProcessID=\"1328\" ThreadID=\"2012\"></Execution>\n<Channel>Microsoft-Windows-Resource-Exhaustion-Detector/Operational</Channel>\n<Computer>IACIS-HDD-2014</Computer>\n<Security UserID=\"S-1-5-19\"></Security>\n</System>\n<EventData></EventData>\n</Event>\n"
  },
  {
    "EventID": 1002,
    "Timestamp": "2014-02-11 17:49:41.613327+00:00",
    "Computer": "IACIS-HDD-2014",
    "Channel": "Microsoft-Windows-Resource-Exhaustion-Detector/Operational",
    "Level": "Information",
    "EventData": {},
    "RawXml": "<Event xmlns=\"http://schemas.microsoft.com/win/2004/08/events/event\"><System><Provider Name=\"Microsoft-Windows-Resource-Exhaustion-Detector\" Guid=\"{9988748e-c2e8-4054-85f6-0c3e1cad2470}\"></Provider>\n<EventID Qualifiers=\"\">1002</EventID>\n<Version>0</Version>\n<Level>4</Level>\n<Task>1</Task>\n<Opcode>12</Opcode>\n<Keywords>0x4000000010000000</Keywords>\n<TimeCreated SystemTime=\"2014-02-11 17:49:41.613327+00:00\"></TimeCreated>\n<EventRecordID>69</EventRecordID>\n<Correlation ActivityID=\"\" RelatedActivityID=\"\"></Correlation>\n<Execution ProcessID=\"1328\" ThreadID=\"2540\"></Execution>\n<Channel>Microsoft-Windows-Resource-Exhaustion-Detector/Operational</Channel>\n<Computer>IACIS-HDD-2014</Computer>\n<Security UserID=\"S-1-5-19\"></Security>\n</System>\n<EventData></EventData>\n</Event>\n"
  },
  {
    "EventID": 1001,
    "Timestamp": "2014-02-11 17:50:55.815483+00:00",
    "Computer": "IACIS-HDD-2014",
    "Channel": "Microsoft-Windows-Resource-Exhaustion-Detector/Operational",
    "Level": "Information",
    "EventData": {},
    "RawXml": "<Event xmlns=\"http://schemas.microsoft.com/win/2004/08/events/event\"><System><Provider Name=\"Microsoft-Windows-Resource-Exhaustion-Detector\" Guid=\"{9988748e-c2e8-4054-85f6-0c3e1cad2470}\"></Provider>\n<EventID Qualifiers=\"\">1001</EventID>\n<Version>0</Version>\n<Level>4</Level>\n<Task>1</Task>\n<Opcode>11</Opcode>\n<Keywords>0x4000000010000000</Keywords>\n<TimeCreated SystemTime=\"2014-02-11 17:50:55.815483+00:00\"></TimeCreated>\n<EventRecordID>70</EventRecordID>\n<Correlation ActivityID=\"\" RelatedActivityID=\"\"></Correlation>\n<Execution ProcessID=\"1320\" ThreadID=\"1332\"></Execution>\n<Channel>Microsoft-Windows-Resource-Exhaustion-Detector/Operational</Channel>\n<Computer>IACIS-HDD-2014</Computer>\n<Security UserID=\"S-1-5-19\"></Security>\n</System>\n<EventData></EventData>\n</Event>\n"
  },
  {
    "EventID": 1002,
    "Timestamp": "2014-02-11 19:08:51.434895+00:00",
    "Computer": "IACIS-HDD-2014",
    "Channel": "Microsoft-Windows-Resource-Exhaustion-Detector/Operational",
    "Level": "Information",
    "EventData": {},
    "RawXml": "<Event xmlns=\"http://schemas.microsoft.com/win/2004/08/events/event\"><System><Provider Name=\"Microsoft-Windows-Resource-Exhaustion-Detector\" Guid=\"{9988748e-c2e8-4054-85f6-0c3e1cad2470}\"></Provider>\n<EventID Qualifiers=\"\">1002</EventID>\n<Version>0</Version>\n<Level>4</Level>\n<Task>1</Task>\n<Opcode>12</Opcode>\n<Keywords>0x4000000010000000</Keywords>\n<TimeCreated SystemTime=\"2014-02-11 19:08:51.434895+00:00\"></TimeCreated>\n<EventRecordID>71</EventRecordID>\n<Correlation ActivityID=\"\" RelatedActivityID=\"\"></Correlation>\n<Execution ProcessID=\"1320\" ThreadID=\"3436\"></Execution>\n<Channel>Microsoft-Windows-Resource-Exhaustion-Detector/Operational</Channel>\n<Computer>IACIS-HDD-2014</Computer>\n<Security UserID=\"S-1-5-19\"></Security>\n</System>\n<EventData></EventData>\n</Event>\n"
  },
  {
    "EventID": 1001,
    "Timestamp": "2014-02-16 19:09:13.797823+00:00",
    "Computer": "IACIS-HDD-2014",
    "Channel": "Microsoft-Windows-Resource-Exhaustion-Detector/Operational",
    "Level": "Information",
    "EventData": {},
    "RawXml": "<Event xmlns=\"http://schemas.microsoft.com/win/2004/08/events/event\"><System><Provider Name=\"Microsoft-Windows-Resource-Exhaustion-Detector\" Guid=\"{9988748e-c2e8-4054-85f6-0c3e1cad2470}\"></Provider>\n<EventID Qualifiers=\"\">1001</EventID>\n<Version>0</Version>\n<Level>4</Level>\n<Task>1</Task>\n<Opcode>11</Opcode>\n<Keywords>0x4000000010000000</Keywords>\n<TimeCreated SystemTime=\"2014-02-16 19:09:13.797823+00:00\"></TimeCreated>\n<EventRecordID>72</EventRecordID>\n<Correlation ActivityID=\"\" RelatedActivityID=\"\"></Correlation>\n<Execution ProcessID=\"1324\" ThreadID=\"352\"></Execution>\n<Channel>Microsoft-Windows-Resource-Exhaustion-Detector/Operational</Channel>\n<Computer>IACIS-HDD-2014</Computer>\n<Security UserID=\"S-1-5-19\"></Security>\n</System>\n<EventData></EventData>\n</Event>\n"
  },
  {
    "EventID": 1002,
    "Timestamp": "2014-02-16 21:05:30.057680+00:00",
    "Computer": "IACIS-HDD-2014",
    "Channel": "Microsoft-Windows-Resource-Exhaustion-Detector/Operational",
    "Level": "Information",
    "EventData": {},
    "RawXml": "<Event xmlns=\"http://schemas.microsoft.com/win/2004/08/events/event\"><System><Provider Name=\"Microsoft-Windows-Resource-Exhaustion-Detector\" Guid=\"{9988748e-c2e8-4054-85f6-0c3e1cad2470}\"></Provider>\n<EventID Qualifiers=\"\">1002</EventID>\n<Version>0</Version>\n<Level>4</Level>\n<Task>1</Task>\n<Opcode>12</Opcode>\n<Keywords>0x4000000010000000</Keywords>\n<TimeCreated SystemTime=\"2014-02-16 21:05:30.057680+00:00\"></TimeCreated>\n<EventRecordID>73</EventRecordID>\n<Correlation ActivityID=\"\" RelatedActivityID=\"\"></Correlation>\n<Execution ProcessID=\"1324\" ThreadID=\"3260\"></Execution>\n<Channel>Microsoft-Windows-Resource-Exhaustion-Detector/Operational</Channel>\n<Computer>IACIS-HDD-2014</Computer>\n<Security UserID=\"S-1-5-19\"></Security>\n</System>\n<EventData></EventData>\n</Event>\n"
  },
  {
    "EventID": 1001,
    "Timestamp": "2014-02-16 21:51:17.817484+00:00",
    "Computer": "IACIS-HDD-2014",
    "Channel": "Microsoft-Windows-Resource-Exhaustion-Detector/Operational",
    "Level": "Information",
    "EventData": {},
    "RawXml": "<Event xmlns=\"http://schemas.microsoft.com/win/2004/08/events/event\"><System><Provider Name=\"Microsoft-Windows-Resource-Exhaustion-Detector\" Guid=\"{9988748e-c2e8-4054-85f6-0c3e1cad2470}\"></Provider>\n<EventID Qualifiers=\"\">1001</EventID>\n<Version>0</Version>\n<Level>4</Level>\n<Task>1</Task>\n<Opcode>11</Opcode>\n<Keywords>0x4000000010000000</Keywords>\n<TimeCreated SystemTime=\"2014-02-16 21:51:17.817484+00:00\"></TimeCreated>\n<EventRecordID>74</EventRecordID>\n<Correlation ActivityID=\"\" RelatedActivityID=\"\"></Correlation>\n<Execution ProcessID=\"1340\" ThreadID=\"2160\"></Execution>\n<Channel>Microsoft-Windows-Resource-Exhaustion-Detector/Operational</Channel>\n<Computer>IACIS-HDD-2014</Computer>\n<Security UserID=\"S-1-5-19\"></Security>\n</System>\n<EventData></EventData>\n</Event>\n"
  },
  {
    "EventID": 1002,
    "Timestamp": "2014-02-16 21:59:16.010324+00:00",
    "Computer": "IACIS-HDD-2014",
    "Channel": "Microsoft-Windows-Resource-Exhaustion-Detector/Operational",
    "Level": "Information",
    "EventData": {},
    "RawXml": "<Event xmlns=\"http://schemas.microsoft.com/win/2004/08/events/event\"><System><Provider Name=\"Microsoft-Windows-Resource-Exhaustion-Detector\" Guid=\"{9988748e-c2e8-4054-85f6-0c3e1cad2470}\"></Provider>\n<EventID Qualifiers=\"\">1002</EventID>\n<Version>0</Version>\n<Level>4</Level>\n<Task>1</Task>\n<Opcode>12</Opcode>\n<Keywords>0x4000000010000000</Keywords>\n<TimeCreated SystemTime=\"2014-02-16 21:59:16.010324+00:00\"></TimeCreated>\n<EventRecordID>75</EventRecordID>\n<Correlation ActivityID=\"\" RelatedActivityID=\"\"></Correlation>\n<Execution ProcessID=\"1340\" ThreadID=\"1472\"></Execution>\n<Channel>Microsoft-Windows-Resource-Exhaustion-Detector/Operational</Channel>\n<Computer>IACIS-HDD-2014</Computer>\n<Security UserID=\"S-1-5-19\"></Security>\n</System>\n<EventData></EventData>\n</Event>\n"
  },
  {
    "EventID": 1001,
    "Timestamp": "2014-02-16 22:39:49.687468+00:00",
    "Computer": "IACIS-HDD-2014",
    "Channel": "Microsoft-Windows-Resource-Exhaustion-Detector/Operational",
    "Level": "Information",
    "EventData": {},
    "RawXml": "<Event xmlns=\"http://schemas.microsoft.com/win/2004/08/events/event\"><System><Provider Name=\"Microsoft-Windows-Resource-Exhaustion-Detector\" Guid=\"{9988748e-c2e8-4054-85f6-0c3e1cad2470}\"></Provider>\n<EventID Qualifiers=\"\">1001</EventID>\n<Version>0</Version>\n<Level>4</Level>\n<Task>1</Task>\n<Opcode>11</Opcode>\n<Keywords>0x4000000010000000</Keywords>\n<TimeCreated SystemTime=\"2014-02-16 22:39:49.687468+00:00\"></TimeCreated>\n<EventRecordID>76</EventRecordID>\n<Correlation ActivityID=\"\" RelatedActivityID=\"\"></Correlation>\n<Execution ProcessID=\"1336\" ThreadID=\"2136\"></Execution>\n<Channel>Microsoft-Windows-Resource-Exhaustion-Detector/Operational</Channel>\n<Computer>IACIS-HDD-2014</Computer>\n<Security UserID=\"S-1-5-19\"></Security>\n</System>\n<EventData></EventData>\n</Event>\n"
  },
  {
    "EventID": 1002,
    "Timestamp": "2014-02-16 22:47:26.720810+00:00",
    "Computer": "IACIS-HDD-2014",
    "Channel": "Microsoft-Windows-Resource-Exhaustion-Detector/Operational",
    "Level": "Information",
    "EventData": {},
    "RawXml": "<Event xmlns=\"http://schemas.microsoft.com/win/2004/08/events/event\"><System><Provider Name=\"Microsoft-Windows-Resource-Exhaustion-Detector\" Guid=\"{9988748e-c2e8-4054-85f6-0c3e1cad2470}\"></Provider>\n<EventID Qualifiers=\"\">1002</EventID>\n<Version>0</Version>\n<Level>4</Level>\n<Task>1</Task>\n<Opcode>12</Opcode>\n<Keywords>0x4000000010000000</Keywords>\n<TimeCreated SystemTime=\"2014-02-16 22:47:26.720810+00:00\"></TimeCreated>\n<EventRecordID>77</EventRecordID>\n<Correlation ActivityID=\"\" RelatedActivityID=\"\"></Correlation>\n<Execution ProcessID=\"1336\" ThreadID=\"2716\"></Execution>\n<Channel>Microsoft-Windows-Resource-Exhaustion-Detector/Operational</Channel>\n<Computer>IACIS-HDD-2014</Computer>\n<Security UserID=\"S-1-5-19\"></Security>\n</System>\n<EventData></EventData>\n</Event>\n"
  },
  {
    "EventID": 1001,
    "Timestamp": "2014-02-19 13:30:59.825325+00:00",
    "Computer": "IACIS-HDD-2014",
    "Channel": "Microsoft-Windows-Resource-Exhaustion-Detector/Operational",
    "Level": "Information",
    "EventData": {},
    "RawXml": "<Event xmlns=\"http://schemas.microsoft.com/win/2004/08/events/event\"><System><Provider Name=\"Microsoft-Windows-Resource-Exhaustion-Detector\" Guid=\"{9988748e-c2e8-4054-85f6-0c3e1cad2470}\"></Provider>\n<EventID Qualifiers=\"\">1001</EventID>\n<Version>0</Version>\n<Level>4</Level>\n<Task>1</Task>\n<Opcode>11</Opcode>\n<Keywords>0x4000000010000000</Keywords>\n<TimeCreated SystemTime=\"2014-02-19 13:30:59.825325+00:00\"></TimeCreated>\n<EventRecordID>78</EventRecordID>\n<Correlation ActivityID=\"\" RelatedActivityID=\"\"></Correlation>\n<Execution ProcessID=\"1352\" ThreadID=\"2160\"></Execution>\n<Channel>Microsoft-Windows-Resource-Exhaustion-Detector/Operational</Channel>\n<Computer>IACIS-HDD-2014</Computer>\n<Security UserID=\"S-1-5-19\"></Security>\n</System>\n<EventData></EventData>\n</Event>\n"
  },
  {
    "EventID": 1002,
    "Timestamp": "2014-02-19 18:17:22.221340+00:00",
    "Computer": "IACIS-HDD-2014",
    "Channel": "Microsoft-Windows-Resource-Exhaustion-Detector/Operational",
    "Level": "Information",
    "EventData": {},
    "RawXml": "<Event xmlns=\"http://schemas.microsoft.com/win/2004/08/events/event\"><System><Provider Name=\"Microsoft-Windows-Resource-Exhaustion-Detector\" Guid=\"{9988748e-c2e8-4054-85f6-0c3e1cad2470}\"></Provider>\n<EventID Qualifiers=\"\">1002</EventID>\n<Version>0</Version>\n<Level>4</Level>\n<Task>1</Task>\n<Opcode>12</Opcode>\n<Keywords>0x4000000010000000</Keywords>\n<TimeCreated SystemTime=\"2014-02-19 18:17:22.221340+00:00\"></TimeCreated>\n<EventRecordID>79</EventRecordID>\n<Correlation ActivityID=\"\" RelatedActivityID=\"\"></Correlation>\n<Execution ProcessID=\"1352\" ThreadID=\"1172\"></Execution>\n<Channel>Microsoft-Windows-Resource-Exhaustion-Detector/Operational</Channel>\n<Computer>IACIS-HDD-2014</Computer>\n<Security UserID=\"S-1-5-19\"></Security>\n</System>\n<EventData></EventData>\n</Event>\n"
  },
  {
    "EventID": 1001,
    "Timestamp": "2014-02-20 14:30:27.822693+00:00",
    "Computer": "IACIS-HDD-2014",
    "Channel": "Microsoft-Windows-Resource-Exhaustion-Detector/Operational",
    "Level": "Information",
    "EventData": {},
    "RawXml": "<Event xmlns=\"http://schemas.microsoft.com/win/2004/08/events/event\"><System><Provider Name=\"Microsoft-Windows-Resource-Exhaustion-Detector\" Guid=\"{9988748e-c2e8-4054-85f6-0c3e1cad2470}\"></Provider>\n<EventID Qualifiers=\"\">1001</EventID>\n<Version>0</Version>\n<Level>4</Level>\n<Task>1</Task>\n<Opcode>11</Opcode>\n<Keywords>0x4000000010000000</Keywords>\n<TimeCreated SystemTime=\"2014-02-20 14:30:27.822693+00:00\"></TimeCreated>\n<EventRecordID>80</EventRecordID>\n<Correlation ActivityID=\"\" RelatedActivityID=\"\"></Correlation>\n<Execution ProcessID=\"1312\" ThreadID=\"2200\"></Execution>\n<Channel>Microsoft-Windows-Resource-Exhaustion-Detector/Operational</Channel>\n<Computer>IACIS-HDD-2014</Computer>\n<Security UserID=\"S-1-5-19\"></Security>\n</System>\n<EventData></EventData>\n</Event>\n"
  },
  {
    "EventID": 1002,
    "Timestamp": "2014-02-20 19:23:16.094955+00:00",
    "Computer": "IACIS-HDD-2014",
    "Channel": "Microsoft-Windows-Resource-Exhaustion-Detector/Operational",
    "Level": "Information",
    "EventData": {},
    "RawXml": "<Event xmlns=\"http://schemas.microsoft.com/win/2004/08/events/event\"><System><Provider Name=\"Microsoft-Windows-Resource-Exhaustion-Detector\" Guid=\"{9988748e-c2e8-4054-85f6-0c3e1cad2470}\"></Provider>\n<EventID Qualifiers=\"\">1002</EventID>\n<Version>0</Version>\n<Level>4</Level>\n<Task>1</Task>\n<Opcode>12</Opcode>\n<Keywords>0x4000000010000000</Keywords>\n<TimeCreated SystemTime=\"2014-02-20 19:23:16.094955+00:00\"></TimeCreated>\n<EventRecordID>81</EventRecordID>\n<Correlation ActivityID=\"\" RelatedActivityID=\"\"></Correlation>\n<Execution ProcessID=\"1312\" ThreadID=\"640\"></Execution>\n<Channel>Microsoft-Windows-Resource-Exhaustion-Detector/Operational</Channel>\n<Computer>IACIS-HDD-2014</Computer>\n<Security UserID=\"S-1-5-19\"></Security>\n</System>\n<EventData></EventData>\n</Event>\n"
  }
]