[
  {
    "EventID": 1,
    "Timestamp": "2014-01-25 04:19:34.081299+00:00",
    "Computer": "37L4247F27-25",
    "Channel": "Microsoft-Windows-OfflineFiles/Operational",
    "Level": "Information",
    "EventData": {},
    "RawXml": "<Event xmlns=\"http://schemas.microsoft.com/win/2004/08/events/event\"><System><Provider Name=\"Microsoft-Windows-OfflineFiles\" Guid=\"{95353826-4fbe-41d4-9c42-f521c6e86360}\"></Provider>\n<EventID Qualifiers=\"\">1</EventID>\n<Version>0</Version>\n<Level>4</Level>\n<Task>0</Task>\n<Opcode>0</Opcode>\n<Keywords>0x4000000000000010</Keywords>\n<TimeCreated SystemTime=\"2014-01-25 04:19:34.081299+00:00\"></TimeCreated>\n<EventRecordID>1</EventRecordID>\n<Correlation ActivityID=\"\" RelatedActivityID=\"\"></Correlation>\n<Execution ProcessID=\"844\" ThreadID=\"936\"></Execution>\n<Channel>Microsoft-Windows-OfflineFiles/Operational</Channel>\n<Computer>37L4247F27-25</Computer>\n<Security UserID=\"S-1-5-18\"></Security>\n</System>\n<EventData></EventData>\n</Event>\n"
  },
  {
    "EventID": 1,
    "Timestamp": "2014-01-25 04:24:39.901394+00:00",
    "Computer": "IACIS-HDD-2014",
    "Channel": "Microsoft-Windows-OfflineFiles/Operational",
    "Level": "Information",
    "EventData": {},
    "RawXml": "<Event xmlns=\"http://schemas.microsoft.com/win/2004/08/events/event\"><System><Provider Name=\"Microsoft-Windows-OfflineFiles\" Guid=\"{95353826-4fbe-41d4-9c42-f521c6e86360}\"></Provider>\n<EventID Qualifiers=\"\">1</EventID>\n<Version>0</Version>\n<Level>4</Level>\n<Task>0</Task>\n<Opcode>0</Opcode>\n<Keywords>0x4000000000000010</Keywords>\n<TimeCreated SystemTime=\"2014-01-25 04:24:39.901394+00:00\"></TimeCreated>\n<EventRecordID>2</EventRecordID>\n<Correlation ActivityID=\"\" RelatedActivityID=\"\"></Correlation>\n<Execution ProcessID=\"864\" ThreadID=\"1056\"></Execution>\n<Channel>Microsoft-Windows-OfflineFiles/Operational</Channel>\n<Computer>IACIS-HDD-2014</Computer>\n<Security UserID=\"S-1-5-18\"></Security>\n</System>\n<EventData></EventData>\n</Event>\n"
  },
  {
    "EventID": 7,
    "Timestamp": "2014-01-25 01:27:57.576725+00:00",
    "Computer": "IACIS-HDD-2014",
    "Channel": "Microsoft-Windows-OfflineFiles/Operational",
    "Level": "Information",
    "EventData": {},
    "RawXml": "<Event xmlns=\"http://schemas.microsoft.com/win/2004/08/events/event\"><System><Provider Name=\"Microsoft-Windows-OfflineFiles\" Guid=\"{95353826-4fbe-41d4-9c42-f521c6e86360}\"></Provider>\n<EventID Qualifiers=\"\">7</EventID>\n<Version>0</Version>\n<Level>4</Level>\n<Task>0</Task>\n<Opcode>0</Opcode>\n<Keywords>0x4000000000000008</Keywords>\n<TimeCreated SystemTime=\"2014-01-25 01:27:57.576725+00:00\"></TimeCreated>\n<EventRecordID>3</EventRecordID>\n<Correlation ActivityID=\"\" RelatedActivityID=\"\"></Correlation>\n<Execution ProcessID=\"864\" ThreadID=\"212\"></Execution>\n<Channel>Microsoft-Windows-OfflineFiles/Operational</Channel>\n<Computer>IACIS-HDD-2014</Computer>\n<Security UserID=\"S-1-5-18\"></Security>\n</System>\n<UserData><Info xmlns:auto-ns3=\"http://schemas.microsoft.com/win/2004/08/events\" xmlns=\"UserSessionNs\"><Account>IACIS-HDD-2014\\BillyBob</Account>\n<Session>1</Session>\n</Info>\n</UserData>\n</Event>\n"
  },
  {
    "EventID": 8,
    "Timestamp": "2014-01-25 08:53:51.024067+00:00",
    "Computer": "IACIS-HDD-2014",
    "Channel": "Microsoft-Windows-OfflineFiles/Operational",
    "Level": "Information",
    "EventData": {},
    "RawXml": "<Event xmlns=\"http://schemas.microsoft.com/win/2004/08/events/event\"><System><Provider Name=\"Microsoft-Windows-OfflineFiles\" Guid=\"{95353826-4fbe-41d4-9c42-f521c6e86360}\"></Provider>\n<EventID Qualifiers=\"\">8</EventID>\n<Version>0</Version>\n<Level>4</Level>\n<Task>0</Task>\n<Opcode>0</Opcode>\n<Keywords>0x4000000000000008</Keywords>\n<TimeCreated SystemTime=\"2014-01-25 08:53:51.024067+00:00\"></TimeCreated>\n<EventRecordID>4</EventRecordID>\n<Correlation ActivityID=\"\" RelatedActivityID=\"\"></Correlation>\n<Execution ProcessID=\"864\" ThreadID=\"1660\"></Execution>\n<Channel>Microsoft-Windows-OfflineFiles/Operational</Channel>\n<Computer>IACIS-HDD-2014</Computer>\n<Security UserID=\"S-1-5-18\"></Security>\n</System>\n<UserData><Info xmlns:auto-ns3=\"http://schemas.microsoft.com/win/2004/08/events\" xmlns=\"UserSessionNs\"><Account>IACIS-HDD-2014\\BillyBob</Account>\n<Session>1</Session>\n</Info>\n</UserData>\n</Event>\n"
  },
  {
    "EventID": 1,
    "Timestamp": "2014-01-25 13:25:21.673267+00:00",
    "Computer": "IACIS-HDD-2014",
    "Channel": "Microsoft-Windows-OfflineFiles/Operational",
    "Level": "Information",
    "EventData": {},
    "RawXml": "<Event xmlns=\"http://schemas.microsoft.com/win/2004/08/events/event\"><System><Provider Name=\"Microsoft-Windows-OfflineFiles\" Guid=\"{95353826-4fbe-41d4-9c42-f521c6e86360}\"></Provider>\n<EventID Qualifiers=\"\">1</EventID>\n<Version>0</Version>\n<Level>4</Level>\n<Task>0</Task>\n<Opcode>0</Opcode>\n<Keywords>0x4000000000000010</Keywords>\n<TimeCreated SystemTime=\"2014-01-25 13:25:21.673267+00:00\"></TimeCreated>\n<EventRecordID>5</EventRecordID>\n<Correlation ActivityID=\"\" RelatedActivityID=\"\"></Correlation>\n<Execution ProcessID=\"800\" ThreadID=\"936\"></Execution>\n<Channel>Microsoft-Windows-OfflineFiles/Operational</Channel>\n<Computer>IACIS-HDD-2014</Computer>\n<Security UserID=\"S-1-5-18\"></Security>\n</System>\n<EventData></EventData>\n</Event>\n"
  },
  {
    "EventID": 1,
    "Timestamp": "2014-01-25 13:29:12.348862+00:00",
    "Computer": "IACIS-HDD-2014",
    "Channel": "Microsoft-Windows-OfflineFiles/Operational",
    "Level": "Information",
    "EventData": {},
    "RawXml": "<Event xmlns=\"http://schemas.microsoft.com/win/2004/08/events/event\"><System><Provider Name=\"Microsoft-Windows-OfflineFiles\" Guid=\"{95353826-4fbe-41d4-9c42-f521c6e86360}\"></Provider>\n<EventID Qualifiers=\"\">1</EventID>\n<Version>0</Version>\n<Level>4</Level>\n<Task>0</Task>\n<Opcode>0</Opcode>\n<Keywords>0x4000000000000010</Keywords>\n<TimeCreated SystemTime=\"2014-01-25 13:29:12.348862+00:00\"></TimeCreated>\n<EventRecordID>6</EventRecordID>\n<Correlation ActivityID=\"\" RelatedActivityID=\"\"></Correlation>\n<Execution ProcessID=\"800\" ThreadID=\"984\"></Execution>\n<Channel>Microsoft-Windows-OfflineFiles/Operational</Channel>\n<Computer>IACIS-HDD-2014</Computer>\n<Security UserID=\"S-1-5-18\"></Security>\n</System>\n<EventData></EventData>\n</Event>\n"
  },
  {
    "EventID": 1,
    "Timestamp": "2014-01-25 13:32:05.326870+00:00",
    "Computer": "IACIS-HDD-2014",
    "Channel": "Microsoft-Windows-OfflineFiles/Operational",
    "Level": "Information",
    "EventData": {},
    "RawXml": "<Event xmlns=\"http://schemas.microsoft.com/win/2004/08/events/event\"><System><Provider Name=\"Microsoft-Windows-OfflineFiles\" Guid=\"{95353826-4fbe-41d4-9c42-f521c6e86360}\"></Provider>\n<EventID Qualifiers=\"\">1</EventID>\n<Version>0</Version>\n<Level>4</Level>\n<Task>0</Task>\n<Opcode>0</Opcode>\n<Keywords>0x4000000000000010</Keywords>\n<TimeCreated SystemTime=\"2014-01-25 13:32:05.326870+00:00\"></TimeCreated>\n<EventRecordID>7</EventRecordID>\n<Correlation ActivityID=\"\" RelatedActivityID=\"\"></Correlation>\n<Execution ProcessID=\"808\" ThreadID=\"984\"></Execution>\n<Channel>Microsoft-Windows-OfflineFiles/Operational</Channel>\n<Computer>IACIS-HDD-2014</Computer>\n<Security UserID=\"S-1-5-18\"></Security>\n</System>\n<EventData></EventData>\n</Event>\n"
  },
  {
    "EventID": 7,
    "Timestamp": "2014-01-25 13:32:37.336325+00:00",
    "Computer": "IACIS-HDD-2014",
    "Channel": "Microsoft-Windows-OfflineFiles/Operational",
    "Level": "Information",
    "EventData": {},
    "RawXml": "<Event xmlns=\"http://schemas.microsoft.com/win/2004/08/events/event\"><System><Provider Name=\"Microsoft-Windows-OfflineFiles\" Guid=\"{95353826-4fbe-41d4-9c42-f521c6e86360}\"></Provider>\n<EventID Qualifiers=\"\">7</EventID>\n<Version>0</Version>\n<Level>4</Level>\n<Task>0</Task>\n<Opcode>0</Opcode>\n<Keywords>0x4000000000000008</Keywords>\n<TimeCreated SystemTime=\"2014-01-25 13:32:37.336325+00:00\"></TimeCreated>\n<EventRecordID>8</EventRecordID>\n<Correlation ActivityID=\"\" RelatedActivityID=\"\"></Correlation>\n<Execution ProcessID=\"808\" ThreadID=\"1112\"></Execution>\n<Channel>Microsoft-Windows-OfflineFiles/Operational</Channel>\n<Computer>IACIS-HDD-2014</Computer>\n<Security UserID=\"S-1-5-18\"></Security>\n</System>\n<UserData><Info xmlns:auto-ns3=\"http://schemas.microsoft.com/win/2004/08/events\" xmlns=\"UserSessionNs\"><Account>IACIS-HDD-2014\\BillyBob</Account>\n<Session>1</Session>\n</Info>\n</UserData>\n</Event>\n"
  },
  {
    "EventID": 8,
    "Timestamp": "2014-01-25 13:49:53.702946+00:00",
    "Computer": "IACIS-HDD-2014",
    "Channel": "Microsoft-Windows-OfflineFiles/Operational",
    "Level": "Information",
    "EventData": {},
    "RawXml": "<Event xmlns=\"http://schemas.microsoft.com/win/2004/08/events/event\"><System><Provider Name=\"Microsoft-Windows-OfflineFiles\" Guid=\"{95353826-4fbe-41d4-9c42-f521c6e86360}\"></Provider>\n<EventID Qualifiers=\"\">8</EventID>\n<Version>0</Version>\n<Level>4</Level>\n<Task>0</Task>\n<Opcode>0</Opcode>\n<Keywords>0x4000000000000008</Keywords>\n<TimeCreated SystemTime=\"2014-01-25 13:49:53.702946+00:00\"></TimeCreated>\n<EventRecordID>9</EventRecordID>\n<Correlation ActivityID=\"\" RelatedActivityID=\"\"></Correlation>\n<Execution ProcessID=\"808\" ThreadID=\"2960\"></Execution>\n<Channel>Microsoft-Windows-OfflineFiles/Operational</Channel>\n<Computer>IACIS-HDD-2014</Computer>\n<Security UserID=\"S-1-5-18\"></Security>\n</System>\n<UserData><Info xmlns:auto-ns3=\"http://schemas.microsoft.com/win/2004/08/events\" xmlns=\"UserSessionNs\"><Account>IACIS-HDD-2014\\BillyBob</Account>\n<Session>1</Session>\n</Info>\n</UserData>\n</Event>\n"
  },
  {
    "EventID": 1,
    "Timestamp": "2014-01-25 13:53:08.822041+00:00",
    "Computer": "IACIS-HDD-2014",
    "Channel": "Microsoft-Windows-OfflineFiles/Operational",
    "Level": "Information",
    "EventData": {},
    "RawXml": "<Event xmlns=\"http://schemas.microsoft.com/win/2004/08/events/event\"><System><Provider Name=\"Microsoft-Windows-OfflineFiles\" Guid=\"{95353826-4fbe-41d4-9c42-f521c6e86360}\"></Provider>\n<EventID Qualifiers=\"\">1</EventID>\n<Version>0</Version>\n<Level>4</Level>\n<Task>0</Task>\n<Opcode>0</Opcode>\n<Keywords>0x4000000000000010</Keywords>\n<TimeCreated SystemTime=\"2014-01-25 13:53:08.822041+00:00\"></TimeCreated>\n<EventRecordID>10</EventRecordID>\n<Correlation ActivityID=\"\" RelatedActivityID=\"\"></Correlation>\n<Execution ProcessID=\"808\" ThreadID=\"996\"></Execution>\n<Channel>Microsoft-Windows-OfflineFiles/Operational</Channel>\n<Computer>IACIS-HDD-2014</Computer>\n<Security UserID=\"S-1-5-18\"></Security>\n</System>\n<EventData></EventData>\n</Event>\n"
  },
  {
    "EventID": 7,
    "Timestamp": "2014-01-25 13:53:34.551085+00:00",
    "Computer": "IACIS-HDD-2014",
    "Channel": "Microsoft-Windows-OfflineFiles/Operational",
    "Level": "Information",
    "EventData": {},
    "RawXml": "<Event xmlns=\"http://schemas.microsoft.com/win/2004/08/events/event\"><System><Provider Name=\"Microsoft-Windows-OfflineFiles\" Guid=\"{95353826-4fbe-41d4-9c42-f521c6e86360}\"></Provider>\n<EventID Qualifiers=\"\">7</EventID>\n<Version>0</Version>\n<Level>4</Level>\n<Task>0</Task>\n<Opcode>0</Opcode>\n<Keywords>0x4000000000000008</Keywords>\n<TimeCreated SystemTime=\"2014-01-25 13:53:34.551085+00:00\"></TimeCreated>\n<EventRecordID>11</EventRecordID>\n<Correlation ActivityID=\"\" RelatedActivityID=\"\"></Correlation>\n<Execution ProcessID=\"808\" ThreadID=\"308\"></Execution>\n<Channel>Microsoft-Windows-OfflineFiles/Operational</Channel>\n<Computer>IACIS-HDD-2014</Computer>\n<Security UserID=\"S-1-5-18\"></Security>\n</System>\n<UserData><Info xmlns:auto-ns3=\"http://schemas.microsoft.com/win/2004/08/events\" xmlns=\"UserSessionNs\"><Account>IACIS-HDD-2014\\BillyBob</Account>\n<Session>1</Session>\n</Info>\n</UserData>\n</Event>\n"
  },
  {
    "EventID": 8,
    "Timestamp": "2014-01-25 14:50:03.723009+00:00",
    "Computer": "IACIS-HDD-2014",
    "Channel": "Microsoft-Windows-OfflineFiles/Operational",
    "Level": "Information",
    "EventData": {},
    "RawXml": "<Event xmlns=\"http://schemas.microsoft.com/win/2004/08/events/event\"><System><Provider Name=\"Microsoft-Windows-OfflineFiles\" Guid=\"{95353826-4fbe-41d4-9c42-f521c6e86360}\"></Provider>\n<EventID Qualifiers=\"\">8</EventID>\n<Version>0</Version>\n<Level>4</Level>\n<Task>0</Task>\n<Opcode>0</Opcode>\n<Keywords>0x4000000000000008</Keywords>\n<TimeCreated SystemTime=\"2014-01-25 14:50:03.723009+00:00\"></TimeCreated>\n<EventRecordID>12</EventRecordID>\n<Correlation ActivityID=\"\" RelatedActivityID=\"\"></Correlation>\n<Execution ProcessID=\"808\" ThreadID=\"1132\"></Execution>\n<Channel>Microsoft-Windows-OfflineFiles/Operational</Channel>\n<Computer>IACIS-HDD-2014</Computer>\n<Security UserID=\"S-1-5-18\"></Security>\n</System>\n<UserData><Info xmlns:auto-ns3=\"http://schemas.microsoft.com/win/2004/08/events\" xmlns=\"UserSessionNs\"><Account>IACIS-HDD-2014\\BillyBob</Account>\n<Session>1</Session>\n</Info>\n</UserData>\n</Event>\n"
  },
  {
    "EventID": 1,
    "Timestamp": "2014-01-25 15:25:29.999268+00:00",
    "Computer": "IACIS-HDD-2014",
    "Channel": "Microsoft-Windows-OfflineFiles/Operational",
    "Level": "Information",
    "EventData": {},
    "RawXml": "<Event xmlns=\"http://schemas.microsoft.com/win/2004/08/events/event\"><System><Provider Name=\"Microsoft-Windows-OfflineFiles\" Guid=\"{95353826-4fbe-41d4-9c42-f521c6e86360}\"></Provider>\n<EventID Qualifiers=\"\">1</EventID>\n<Version>0</Version>\n<Level>4</Level>\n<Task>0</Task>\n<Opcode>0</Opcode>\n<Keywords>0x4000000000000010</Keywords>\n<TimeCreated SystemTime=\"2014-01-25 15:25:29.999268+00:00\"></TimeCreated>\n<EventRecordID>13</EventRecordID>\n<Correlation ActivityID=\"\" RelatedActivityID=\"\"></Correlation>\n<Execution ProcessID=\"904\" ThreadID=\"352\"></Execution>\n<Channel>Microsoft-Windows-OfflineFiles/Operational</Channel>\n<Computer>IACIS-HDD-2014</Computer>\n<Security UserID=\"S-1-5-18\"></Security>\n</System>\n<EventData></EventData>\n</Event>\n"
  },
  {
    "EventID": 7,
    "Timestamp": "2014-01-25 15:25:50.845369+00:00",
    "Computer": "IACIS-HDD-2014",
    "Channel": "Microsoft-Windows-OfflineFiles/Operational",
    "Level": "Information",
    "EventData": {},
    "RawXml": "<Event xmlns=\"http://schemas.microsoft.com/win/2004/08/events/event\"><System><Provider Name=\"Microsoft-Windows-OfflineFiles\" Guid=\"{95353826-4fbe-41d4-9c42-f521c6e86360}\"></Provider>\n<EventID Qualifiers=\"\">7</EventID>\n<Version>0</Version>\n<Level>4</Level>\n<Task>0</Task>\n<Opcode>0</Opcode>\n<Keywords>0x4000000000000008</Keywords>\n<TimeCreated SystemTime=\"2014-01-25 15:25:50.845369+00:00\"></TimeCreated>\n<EventRecordID>14</EventRecordID>\n<Correlation ActivityID=\"\" RelatedActivityID=\"\"></Correlation>\n<Execution ProcessID=\"904\" ThreadID=\"920\"></Execution>\n<Channel>Microsoft-Windows-OfflineFiles/Operational</Channel>\n<Computer>IACIS-HDD-2014</Computer>\n<Security UserID=\"S-1-5-18\"></Security>\n</System>\n<UserData><Info xmlns:auto-ns3=\"http://schemas.microsoft.com/win/2004/08/events\" xmlns=\"UserSessionNs\"><Account>IACIS-HDD-2014\\BillyBob</Account>\n<Session>1</Session>\n</Info>\n</UserData>\n</Event>\n"
  },
  {
    "EventID": 8,
    "Timestamp": "2014-01-25 16:45:07.338804+00:00",
    "Computer": "IACIS-HDD-2014",
    "Channel": "Microsoft-Windows-OfflineFiles/Operational",
    "Level": "Information",
    "EventData": {},
    "RawXml": "<Event xmlns=\"http://schemas.microsoft.com/win/2004/08/events/event\"><System><Provider Name=\"Microsoft-Windows-OfflineFiles\" Guid=\"{95353826-4fbe-41d4-9c42-f521c6e86360}\"></Provider>\n<EventID Qualifiers=\"\">8</EventID>\n<Version>0</Version>\n<Level>4</Level>\n<Task>0</Task>\n<Opcode>0</Opcode>\n<Keywords>0x4000000000000008</Keywords>\n<TimeCreated SystemTime=\"2014-01-25 16:45:07.338804+00:00\"></TimeCreated>\n<EventRecordID>15</EventRecordID>\n<Correlation ActivityID=\"\" RelatedActivityID=\"\"></Correlation>\n<Execution ProcessID=\"904\" ThreadID=\"1448\"></Execution>\n<Channel>Microsoft-Windows-OfflineFiles/Operational</Channel>\n<Computer>IACIS-HDD-2014</Computer>\n<Security UserID=\"S-1-5-18\"></Security>\n</System>\n<UserData><Info xmlns:auto-ns3=\"http://schemas.microsoft.com/win/2004/08/events\" xmlns=\"UserSessionNs\"><Account>IACIS-HDD-2014\\BillyBob</Account>\n<Session>1</Session>\n</Info>\n</UserData>\n</Event>\n"
  },
  {
    "EventID": 1,
    "Timestamp": "2014-01-25 18:19:36.662844+00:00",
    "Computer": "IACIS-HDD-2014",
    "Channel": "Microsoft-Windows-OfflineFiles/Operational",
    "Level": "Information",
    "EventData": {},
    "RawXml": "<Event xmlns=\"http://schemas.microsoft.com/win/2004/08/events/event\"><System><Provider Name=\"Microsoft-Windows-OfflineFiles\" Guid=\"{95353826-4fbe-41d4-9c42-f521c6e86360}\"></Provider>\n<EventID Qualifiers=\"\">1</EventID>\n<Version>0</Version>\n<Level>4</Level>\n<Task>0</Task>\n<Opcode>0</Opcode>\n<Keywords>0x4000000000000010</Keywords>\n<TimeCreated SystemTime=\"2014-01-25 18:19:36.662844+00:00\"></TimeCreated>\n<EventRecordID>16</EventRecordID>\n<Correlation ActivityID=\"\" RelatedActivityID=\"\"></Correlation>\n<Execution ProcessID=\"912\" ThreadID=\"344\"></Execution>\n<Channel>Microsoft-Windows-OfflineFiles/Operational</Channel>\n<Computer>IACIS-HDD-2014</Computer>\n<Security UserID=\"S-1-5-18\"></Security>\n</System>\n<EventData></EventData>\n</Event>\n"
  },
  {
    "EventID": 7,
    "Timestamp": "2014-01-25 18:19:51.698092+00:00",
    "Computer": "IACIS-HDD-2014",
    "Channel": "Microsoft-Windows-OfflineFiles/Operational",
    "Level": "Information",
    "EventData": {},
    "RawXml": "<Event xmlns=\"http://schemas.microsoft.com/win/2004/08/events/event\"><System><Provider Name=\"Microsoft-Windows-OfflineFiles\" Guid=\"{95353826-4fbe-41d4-9c42-f521c6e86360}\"></Provider>\n<EventID Qualifiers=\"\">7</EventID>\n<Version>0</Version>\n<Level>4</Level>\n<Task>0</Task>\n<Opcode>0</Opcode>\n<Keywords>0x4000000000000008</Keywords>\n<TimeCreated SystemTime=\"2014-01-25 18:19:51.698092+00:00\"></TimeCreated>\n<EventRecordID>17</EventRecordID>\n<Correlation ActivityID=\"\" RelatedActivityID=\"\"></Correlation>\n<Execution ProcessID=\"912\" ThreadID=\"932\"></Execution>\n<Channel>Microsoft-Windows-OfflineFiles/Operational</Channel>\n<Computer>IACIS-HDD-2014</Computer>\n<Security UserID=\"S-1-5-18\"></Security>\n</System>\n<UserData><Info xmlns:auto-ns3=\"http://schemas.microsoft.com/win/2004/08/events\" xmlns=\"UserSessionNs\"><Account>IACIS-HDD-2014\\BillyBob</Account>\n<Session>1</Session>\n</Info>\n</UserData>\n</Event>\n"
  },
  {
    "EventID": 8,
    "Timestamp": "2014-01-25 18:25:03.038639+00:00",
    "Computer": "IACIS-HDD-2014",
    "Channel": "Microsoft-Windows-OfflineFiles/Operational",
    "Level": "Information",
    "EventData": {},
    "RawXml": "<Event xmlns=\"http://schemas.microsoft.com/win/2004/08/events/event\"><System><Provider Name=\"Microsoft-Windows-OfflineFiles\" Guid=\"{95353826-4fbe-41d4-9c42-f521c6e86360}\"></Provider>\n<EventID Qualifiers=\"\">8</EventID>\n<Version>0</Version>\n<Level>4</Level>\n<Task>0</Task>\n<Opcode>0</Opcode>\n<Keywords>0x4000000000000008</Keywords>\n<TimeCreated SystemTime=\"2014-01-25 18:25:03.038639+00:00\"></TimeCreated>\n<EventRecordID>18</EventRecordID>\n<Correlation ActivityID=\"\" RelatedActivityID=\"\"></Correlation>\n<Execution ProcessID=\"912\" ThreadID=\"2784\"></Execution>\n<Channel>Microsoft-Windows-OfflineFiles/Operational</Channel>\n<Computer>IACIS-HDD-2014</Computer>\n<Security UserID=\"S-1-5-18\"></Security>\n</System>\n<UserData><Info xmlns:auto-ns3=\"http://schemas.microsoft.com/win/2004/08/events\" xmlns=\"UserSessionNs\"><Account>IACIS-HDD-2014\\BillyBob</Account>\n<Session>1</Session>\n</Info>\n</UserData>\n</Event>\n"
  },
  {
    "EventID": 7,
    "Timestamp": "2014-01-25 18:25:42.194706+00:00",
    "Computer": "IACIS-HDD-2014",
    "Channel": "Microsoft-Windows-OfflineFiles/Operational",
    "Level": "Information",
    "EventData": {},
    "RawXml": "<Event xmlns=\"http://schemas.microsoft.com/win/2004/08/events/event\"><System><Provider Name=\"Microsoft-Windows-OfflineFiles\" Guid=\"{95353826-4fbe-41d4-9c42-f521c6e86360}\"></Provider>\n<EventID Qualifiers=\"\">7</EventID>\n<Version>0</Version>\n<Level>4</Level>\n<Task>0</Task>\n<Opcode>0</Opcode>\n<Keywords>0x4000000000000008</Keywords>\n<TimeCreated SystemTime=\"2014-01-25 18:25:42.194706+00:00\"></TimeCreated>\n<EventRecordID>19</EventRecordID>\n<Correlation ActivityID=\"\" RelatedActivityID=\"\"></Correlation>\n<Execution ProcessID=\"912\" ThreadID=\"932\"></Execution>\n<Channel>Microsoft-Windows-OfflineFiles/Operational</Channel>\n<Computer>IACIS-HDD-2014</Computer>\n<Security UserID=\"S-1-5-18\"></Security>\n</System>\n<UserData><Info xmlns:auto-ns3=\"http://schemas.microsoft.com/win/2004/08/events\" xmlns=\"UserSessionNs\"><Account>IACIS-HDD-2014\\Sgt. Joe T. Nameless</Account>\n<Session>2</Session>\n</Info>\n</UserData>\n</Event>\n"
  },
  {
    "EventID": 8,
    "Timestamp": "2014-01-25 18:27:16.896074+00:00",
    "Computer": "IACIS-HDD-2014",
    "Channel": "Microsoft-Windows-OfflineFiles/Operational",
    "Level": "Information",
    "EventData": {},
    "RawXml": "<Event xmlns=\"http://schemas.microsoft.com/win/2004/08/events/event\"><System><Provider Name=\"Microsoft-Windows-OfflineFiles\" Guid=\"{95353826-4fbe-41d4-9c42-f521c6e86360}\"></Provider>\n<EventID Qualifiers=\"\">8</EventID>\n<Version>0</Version>\n<Level>4</Level>\n<Task>0</Task>\n<Opcode>0</Opcode>\n<Keywords>0x4000000000000008</Keywords>\n<TimeCreated SystemTime=\"2014-01-25 18:27:16.896074+00:00\"></TimeCreated>\n<EventRecordID>20</EventRecordID>\n<Correlation ActivityID=\"\" RelatedActivityID=\"\"></Correlation>\n<Execution ProcessID=\"912\" ThreadID=\"932\"></Execution>\n<Channel>Microsoft-Windows-OfflineFiles/Operational</Channel>\n<Computer>IACIS-HDD-2014</Computer>\n<Security UserID=\"S-1-5-18\"></Security>\n</System>\n<UserData><Info xmlns:auto-ns3=\"http://schemas.microsoft.com/win/2004/08/events\" xmlns=\"UserSessionNs\"><Account>IACIS-HDD-2014\\Sgt. Joe T. Nameless</Account>\n<Session>2</Session>\n</Info>\n</UserData>\n</Event>\n"
  },
  {
    "EventID": 7,
    "Timestamp": "2014-01-25 18:27:39.906115+00:00",
    "Computer": "IACIS-HDD-2014",
    "Channel": "Microsoft-Windows-OfflineFiles/Operational",
    "Level": "Information",
    "EventData": {},
    "RawXml": "<Event xmlns=\"http://schemas.microsoft.com/win/2004/08/events/event\"><System><Provider Name=\"Microsoft-Windows-OfflineFiles\" Guid=\"{95353826-4fbe-41d4-9c42-f521c6e86360}\"></Provider>\n<EventID Qualifiers=\"\">7</EventID>\n<Version>0</Version>\n<Level>4</Level>\n<Task>0</Task>\n<Opcode>0</Opcode>\n<Keywords>0x4000000000000008</Keywords>\n<TimeCreated SystemTime=\"2014-01-25 18:27:39.906115+00:00\"></TimeCreated>\n<EventRecordID>21</EventRecordID>\n<Correlation ActivityID=\"\" RelatedActivityID=\"\"></Correlation>\n<Execution ProcessID=\"912\" ThreadID=\"932\"></Execution>\n<Channel>Microsoft-Windows-OfflineFiles/Operational</Channel>\n<Computer>IACIS-HDD-2014</Computer>\n<Security UserID=\"S-1-5-18\"></Security>\n</System>\n<UserData><Info xmlns:auto-ns3=\"http://schemas.microsoft.com/win/2004/08/events\" xmlns=\"UserSessionNs\"><Account>IACIS-HDD-2014\\Jimmy Wilson</Account>\n<Session>1</Session>\n</Info>\n</UserData>\n</Event>\n"
  },
  {
    "EventID": 8,
    "Timestamp": "2014-01-25 18:29:45.419937+00:00",
    "Computer": "IACIS-HDD-2014",
    "Channel": "Microsoft-Windows-OfflineFiles/Operational",
    "Level": "Information",
    "EventData": {},
    "RawXml": "<Event xmlns=\"http://schemas.microsoft.com/win/2004/08/events/event\"><System><Provider Name=\"Microsoft-Windows-OfflineFiles\" Guid=\"{95353826-4fbe-41d4-9c42-f521c6e86360}\"></Provider>\n<EventID Qualifiers=\"\">8</EventID>\n<Version>0</Version>\n<Level>4</Level>\n<Task>0</Task>\n<Opcode>0</Opcode>\n<Keywords>0x4000000000000008</Keywords>\n<TimeCreated SystemTime=\"2014-01-25 18:29:45.419937+00:00\"></TimeCreated>\n<EventRecordID>22</EventRecordID>\n<Correlation ActivityID=\"\" RelatedActivityID=\"\"></Correlation>\n<Execution ProcessID=\"912\" ThreadID=\"2592\"></Execution>\n<Channel>Microsoft-Windows-OfflineFiles/Operational</Channel>\n<Computer>IACIS-HDD-2014</Computer>\n<Security UserID=\"S-1-5-18\"></Security>\n</System>\n<UserData><Info xmlns:auto-ns3=\"http://schemas.microsoft.com/win/2004/08/events\" xmlns=\"UserSessionNs\"><Account>IACIS-HDD-2014\\Jimmy Wilson</Account>\n<Session>1</Session>\n</Info>\n</UserData>\n</Event>\n"
  },
  {
    "EventID": 1,
    "Timestamp": "2014-01-29 12:27:53.404036+00:00",
    "Computer": "IACIS-HDD-2014",
    "Channel": "Microsoft-Windows-OfflineFiles/Operational",
    "Level": "Information",
    "EventData": {},
    "RawXml": "<Event xmlns=\"http://schemas.microsoft.com/win/2004/08/events/event\"><System><Provider Name=\"Microsoft-Windows-OfflineFiles\" Guid=\"{95353826-4fbe-41d4-9c42-f521c6e86360}\"></Provider>\n<EventID Qualifiers=\"\">1</EventID>\n<Version>0</Version>\n<Level>4</Level>\n<Task>0</Task>\n<Opcode>0</Opcode>\n<Keywords>0x4000000000000010</Keywords>\n<TimeCreated SystemTime=\"2014-01-29 12:27:53.404036+00:00\"></TimeCreated>\n<EventRecordID>23</EventRecordID>\n<Correlation ActivityID=\"\" RelatedActivityID=\"\"></Correlation>\n<Execution ProcessID=\"900\" ThreadID=\"360\"></Execution>\n<Channel>Microsoft-Windows-OfflineFiles/Operational</Channel>\n<Computer>IACIS-HDD-2014</Computer>\n<Security UserID=\"S-1-5-18\"></Security>\n</System>\n<EventData></EventData>\n</Event>\n"
  },
  {
    "EventID": 7,
    "Timestamp": "2014-01-29 12:30:50.094606+00:00",
    "Computer": "IACIS-HDD-2014",
    "Channel": "Microsoft-Windows-OfflineFiles/Operational",
    "Level": "Information",
    "EventData": {},
    "RawXml": "<Event xmlns=\"http://schemas.microsoft.com/win/2004/08/events/event\"><System><Provider Name=\"Microsoft-Windows-OfflineFiles\" Guid=\"{95353826-4fbe-41d4-9c42-f521c6e86360}\"></Provider>\n<EventID Qualifiers=\"\">7</EventID>\n<Version>0</Version>\n<Level>4</Level>\n<Task>0</Task>\n<Opcode>0</Opcode>\n<Keywords>0x4000000000000008</Keywords>\n<TimeCreated SystemTime=\"2014-01-29 12:30:50.094606+00:00\"></TimeCreated>\n<EventRecordID>24</EventRecordID>\n<Correlation ActivityID=\"\" RelatedActivityID=\"\"></Correlation>\n<Execution ProcessID=\"900\" ThreadID=\"2036\"></Execution>\n<Channel>Microsoft-Windows-OfflineFiles/Operational</Channel>\n<Computer>IACIS-HDD-2014</Computer>\n<Security UserID=\"S-1-5-18\"></Security>\n</System>\n<UserData><Info xmlns:auto-ns3=\"http://schemas.microsoft.com/win/2004/08/events\" xmlns=\"UserSessionNs\"><Account>IACIS-HDD-2014\\Sgt. Joe T. Nameless</Account>\n<Session>1</Session>\n</Info>\n</UserData>\n</Event>\n"
  },
  {
    "EventID": 8,
    "Timestamp": "2014-01-29 15:36:09.561884+00:00",
    "Computer": "IACIS-HDD-2014",
    "Channel": "Microsoft-Windows-OfflineFiles/Operational",
    "Level": "Information",
    "EventData": {},
    "RawXml": "<Event xmlns=\"http://schemas.microsoft.com/win/2004/08/events/event\"><System><Provider Name=\"Microsoft-Windows-OfflineFiles\" Guid=\"{95353826-4fbe-41d4-9c42-f521c6e86360}\"></Provider>\n<EventID Qualifiers=\"\">8</EventID>\n<Version>0</Version>\n<Level>4</Level>\n<Task>0</Task>\n<Opcode>0</Opcode>\n<Keywords>0x4000000000000008</Keywords>\n<TimeCreated SystemTime=\"2014-01-29 15:36:09.561884+00:00\"></TimeCreated>\n<EventRecordID>25</EventRecordID>\n<Correlation ActivityID=\"\" RelatedActivityID=\"\"></Correlation>\n<Execution ProcessID=\"900\" ThreadID=\"2568\"></Execution>\n<Channel>Microsoft-Windows-OfflineFiles/Operational</Channel>\n<Computer>IACIS-HDD-2014</Computer>\n<Security UserID=\"S-1-5-18\"></Security>\n</System>\n<UserData><Info xmlns:auto-ns3=\"http://schemas.microsoft.com/win/2004/08/events\" xmlns=\"UserSessionNs\"><Account>IACIS-HDD-2014\\Sgt. Joe T. Nameless</Account>\n<Session>1</Session>\n</Info>\n</UserData>\n</Event>\n"
  },
  {
    "EventID": 1,
    "Timestamp": "2014-02-03 12:00:41.890833+00:00",
    "Computer": "IACIS-HDD-2014",
    "Channel": "Microsoft-Windows-OfflineFiles/Operational",
    "Level": "Information",
    "EventData": {},
    "RawXml": "<Event xmlns=\"http://schemas.microsoft.com/win/2004/08/events/event\"><System><Provider Name=\"Microsoft-Windows-OfflineFiles\" Guid=\"{95353826-4fbe-41d4-9c42-f521c6e86360}\"></Provider>\n<EventID Qualifiers=\"\">1</EventID>\n<Version>0</Version>\n<Level>4</Level>\n<Task>0</Task>\n<Opcode>0</Opcode>\n<Keywords>0x4000000000000010</Keywords>\n<TimeCreated SystemTime=\"2014-02-03 12:00:41.890833+00:00\"></TimeCreated>\n<EventRecordID>26</EventRecordID>\n<Correlation ActivityID=\"\" RelatedActivityID=\"\"></Correlation>\n<Execution ProcessID=\"904\" ThreadID=\"364\"></Execution>\n<Channel>Microsoft-Windows-OfflineFiles/Operational</Channel>\n<Computer>IACIS-HDD-2014</Computer>\n<Security UserID=\"S-1-5-18\"></Security>\n</System>\n<EventData></EventData>\n</Event>\n"
  },
  {
    "EventID": 1,
    "Timestamp": "2014-02-03 12:01:57.986031+00:00",
    "Computer": "IACIS-HDD-2014",
    "Channel": "Microsoft-Windows-OfflineFiles/Operational",
    "Level": "Information",
    "EventData": {},
    "RawXml": "<Event xmlns=\"http://schemas.microsoft.com/win/2004/08/events/event\"><System><Provider Name=\"Microsoft-Windows-OfflineFiles\" Guid=\"{95353826-4fbe-41d4-9c42-f521c6e86360}\"></Provider>\n<EventID Qualifiers=\"\">1</EventID>\n<Version>0</Version>\n<Level>4</Level>\n<Task>0</Task>\n<Opcode>0</Opcode>\n<Keywords>0x4000000000000010</Keywords>\n<TimeCreated SystemTime=\"2014-02-03 12:01:57.986031+00:00\"></TimeCreated>\n<EventRecordID>27</EventRecordID>\n<Correlation ActivityID=\"\" RelatedActivityID=\"\"></Correlation>\n<Execution ProcessID=\"900\" ThreadID=\"364\"></Execution>\n<Channel>Microsoft-Windows-OfflineFiles/Operational</Channel>\n<Computer>IACIS-HDD-2014</Computer>\n<Security UserID=\"S-1-5-18\"></Security>\n</System>\n<EventData></EventData>\n</Event>\n"
  },
  {
    "EventID": 7,
    "Timestamp": "2014-02-03 12:03:18.963600+00:00",
    "Computer": "IACIS-HDD-2014",
    "Channel": "Microsoft-Windows-OfflineFiles/Operational",
    "Level": "Information",
    "EventData": {},
    "RawXml": "<Event xmlns=\"http://schemas.microsoft.com/win/2004/08/events/event\"><System><Provider Name=\"Microsoft-Windows-OfflineFiles\" Guid=\"{95353826-4fbe-41d4-9c42-f521c6e86360}\"></Provider>\n<EventID Qualifiers=\"\">7</EventID>\n<Version>0</Version>\n<Level>4</Level>\n<Task>0</Task>\n<Opcode>0</Opcode>\n<Keywords>0x4000000000000008</Keywords>\n<TimeCreated SystemTime=\"2014-02-03 12:03:18.963600+00:00\"></TimeCreated>\n<EventRecordID>28</EventRecordID>\n<Correlation ActivityID=\"\" RelatedActivityID=\"\"></Correlation>\n<Execution ProcessID=\"900\" ThreadID=\"916\"></Execution>\n<Channel>Microsoft-Windows-OfflineFiles/Operational</Channel>\n<Computer>IACIS-HDD-2014</Computer>\n<Security UserID=\"S-1-5-18\"></Security>\n</System>\n<UserData><Info xmlns:auto-ns3=\"http://schemas.microsoft.com/win/2004/08/events\" xmlns=\"UserSessionNs\"><Account>IACIS-HDD-2014\\BillyBob</Account>\n<Session>1</Session>\n</Info>\n</UserData>\n</Event>\n"
  },
  {
    "EventID": 8,
    "Timestamp": "2014-02-03 15:16:48.853140+00:00",
    "Computer": "IACIS-HDD-2014",
    "Channel": "Microsoft-Windows-OfflineFiles/Operational",
    "Level": "Information",
    "EventData": {},
    "RawXml": "<Event xmlns=\"http://schemas.microsoft.com/win/2004/08/events/event\"><System><Provider Name=\"Microsoft-Windows-OfflineFiles\" Guid=\"{95353826-4fbe-41d4-9c42-f521c6e86360}\"></Provider>\n<EventID Qualifiers=\"\">8</EventID>\n<Version>0</Version>\n<Level>4</Level>\n<Task>0</Task>\n<Opcode>0</Opcode>\n<Keywords>0x4000000000000008</Keywords>\n<TimeCreated SystemTime=\"2014-02-03 15:16:48.853140+00:00\"></TimeCreated>\n<EventRecordID>29</EventRecordID>\n<Correlation ActivityID=\"\" RelatedActivityID=\"\"></Correlation>\n<Execution ProcessID=\"900\" ThreadID=\"968\"></Execution>\n<Channel>Microsoft-Windows-OfflineFiles/Operational</Channel>\n<Computer>IACIS-HDD-2014</Computer>\n<Security UserID=\"S-1-5-18\"></Security>\n</System>\n<UserData><Info xmlns:auto-ns3=\"http://schemas.microsoft.com/win/2004/08/events\" xmlns=\"UserSessionNs\"><Account>IACIS-HDD-2014\\BillyBob</Account>\n<Session>1</Session>\n</Info>\n</UserData>\n</Event>\n"
  },
  {
    "EventID": 7,
    "Timestamp": "2014-02-03 15:17:10.162779+00:00",
    "Computer": "IACIS-HDD-2014",
    "Channel": "Microsoft-Windows-OfflineFiles/Operational",
    "Level": "Information",
    "EventData": {},
    "RawXml": "<Event xmlns=\"http://schemas.microsoft.com/win/2004/08/events/event\"><System><Provider Name=\"Microsoft-Windows-OfflineFiles\" Guid=\"{95353826-4fbe-41d4-9c42-f521c6e86360}\"></Provider>\n<EventID Qualifiers=\"\">7</EventID>\n<Version>0</Version>\n<Level>4</Level>\n<Task>0</Task>\n<Opcode>0</Opcode>\n<Keywords>0x4000000000000008</Keywords>\n<TimeCreated SystemTime=\"2014-02-03 15:17:10.162779+00:00\"></TimeCreated>\n<EventRecordID>30</EventRecordID>\n<Correlation ActivityID=\"\" RelatedActivityID=\"\"></Correlation>\n<Execution ProcessID=\"900\" ThreadID=\"968\"></Execution>\n<Channel>Microsoft-Windows-OfflineFiles/Operational</Channel>\n<Computer>IACIS-HDD-2014</Computer>\n<Security UserID=\"S-1-5-18\"></Security>\n</System>\n<UserData><Info xmlns:auto-ns3=\"http://schemas.microsoft.com/win/2004/08/events\" xmlns=\"UserSessionNs\"><Account>IACIS-HDD-2014\\Sgt. Joe T. Nameless</Account>\n<Session>2</Session>\n</Info>\n</UserData>\n</Event>\n"
  },
  {
    "EventID": 8,
    "Timestamp": "2014-02-03 18:01:17.020081+00:00",
    "Computer": "IACIS-HDD-2014",
    "Channel": "Microsoft-Windows-OfflineFiles/Operational",
    "Level": "Information",
    "EventData": {},
    "RawXml": "<Event xmlns=\"http://schemas.microsoft.com/win/2004/08/events/event\"><System><Provider Name=\"Microsoft-Windows-OfflineFiles\" Guid=\"{95353826-4fbe-41d4-9c42-f521c6e86360}\"></Provider>\n<EventID Qualifiers=\"\">8</EventID>\n<Version>0</Version>\n<Level>4</Level>\n<Task>0</Task>\n<Opcode>0</Opcode>\n<Keywords>0x4000000000000008</Keywords>\n<TimeCreated SystemTime=\"2014-02-03 18:01:17.020081+00:00\"></TimeCreated>\n<EventRecordID>31</EventRecordID>\n<Correlation ActivityID=\"\" RelatedActivityID=\"\"></Correlation>\n<Execution ProcessID=\"900\" ThreadID=\"2164\"></Execution>\n<Channel>Microsoft-Windows-OfflineFiles/Operational</Channel>\n<Computer>IACIS-HDD-2014</Computer>\n<Security UserID=\"S-1-5-18\"></Security>\n</System>\n<UserData><Info xmlns:auto-ns3=\"http://schemas.microsoft.com/win/2004/08/events\" xmlns=\"UserSessionNs\"><Account>IACIS-HDD-2014\\Sgt. Joe T. Nameless</Account>\n<Session>2</Session>\n</Info>\n</UserData>\n</Event>\n"
  },
  {
    "EventID": 1,
    "Timestamp": "2014-02-04 14:11:39.258459+00:00",
    "Computer": "IACIS-HDD-2014",
    "Channel": "Microsoft-Windows-OfflineFiles/Operational",
    "Level": "Information",
    "EventData": {},
    "RawXml": "<Event xmlns=\"http://schemas.microsoft.com/win/2004/08/events/event\"><System><Provider Name=\"Microsoft-Windows-OfflineFiles\" Guid=\"{95353826-4fbe-41d4-9c42-f521c6e86360}\"></Provider>\n<EventID Qualifiers=\"\">1</EventID>\n<Version>0</Version>\n<Level>4</Level>\n<Task>0</Task>\n<Opcode>0</Opcode>\n<Keywords>0x4000000000000010</Keywords>\n<TimeCreated SystemTime=\"2014-02-04 14:11:39.258459+00:00\"></TimeCreated>\n<EventRecordID>32</EventRecordID>\n<Correlation ActivityID=\"\" RelatedActivityID=\"\"></Correlation>\n<Execution ProcessID=\"912\" ThreadID=\"352\"></Execution>\n<Channel>Microsoft-Windows-OfflineFiles/Operational</Channel>\n<Computer>IACIS-HDD-2014</Computer>\n<Security UserID=\"S-1-5-18\"></Security>\n</System>\n<EventData></EventData>\n</Event>\n"
  },
  {
    "EventID": 7,
    "Timestamp": "2014-02-04 14:14:20.727770+00:00",
    "Computer": "IACIS-HDD-2014",
    "Channel": "Microsoft-Windows-OfflineFiles/Operational",
    "Level": "Information",
    "EventData": {},
    "RawXml": "<Event xmlns=\"http://schemas.microsoft.com/win/2004/08/events/event\"><System><Provider Name=\"Microsoft-Windows-OfflineFiles\" Guid=\"{95353826-4fbe-41d4-9c42-f521c6e86360}\"></Provider>\n<EventID Qualifiers=\"\">7</EventID>\n<Version>0</Version>\n<Level>4</Level>\n<Task>0</Task>\n<Opcode>0</Opcode>\n<Keywords>0x4000000000000008</Keywords>\n<TimeCreated SystemTime=\"2014-02-04 14:14:20.727770+00:00\"></TimeCreated>\n<EventRecordID>33</EventRecordID>\n<Correlation ActivityID=\"\" RelatedActivityID=\"\"></Correlation>\n<Execution ProcessID=\"912\" ThreadID=\"1844\"></Execution>\n<Channel>Microsoft-Windows-OfflineFiles/Operational</Channel>\n<Computer>IACIS-HDD-2014</Computer>\n<Security UserID=\"S-1-5-18\"></Security>\n</System>\n<UserData><Info xmlns:auto-ns3=\"http://schemas.microsoft.com/win/2004/08/events\" xmlns=\"UserSessionNs\"><Account>IACIS-HDD-2014\\Sgt. Joe T. Nameless</Account>\n<Session>1</Session>\n</Info>\n</UserData>\n</Event>\n"
  },
  {
    "EventID": 8,
    "Timestamp": "2014-02-04 19:18:35.220938+00:00",
    "Computer": "IACIS-HDD-2014",
    "Channel": "Microsoft-Windows-OfflineFiles/Operational",
    "Level": "Information",
    "EventData": {},
    "RawXml": "<Event xmlns=\"http://schemas.microsoft.com/win/2004/08/events/event\"><System><Provider Name=\"Microsoft-Windows-OfflineFiles\" Guid=\"{95353826-4fbe-41d4-9c42-f521c6e86360}\"></Provider>\n<EventID Qualifiers=\"\">8</EventID>\n<Version>0</Version>\n<Level>4</Level>\n<Task>0</Task>\n<Opcode>0</Opcode>\n<Keywords>0x4000000000000008</Keywords>\n<TimeCreated SystemTime=\"2014-02-04 19:18:35.220938+00:00\"></TimeCreated>\n<EventRecordID>34</EventRecordID>\n<Correlation ActivityID=\"\" RelatedActivityID=\"\"></Correlation>\n<Execution ProcessID=\"912\" ThreadID=\"3932\"></Execution>\n<Channel>Microsoft-Windows-OfflineFiles/Operational</Channel>\n<Computer>IACIS-HDD-2014</Computer>\n<Security UserID=\"S-1-5-18\"></Security>\n</System>\n<UserData><Info xmlns:auto-ns3=\"http://schemas.microsoft.com/win/2004/08/events\" xmlns=\"UserSessionNs\"><Account>IACIS-HDD-2014\\Sgt. Joe T. Nameless</Account>\n<Session>1</Session>\n</Info>\n</UserData>\n</Event>\n"
  },
  {
    "EventID": 1,
    "Timestamp": "2014-02-05 13:30:34.010839+00:00",
    "Computer": "IACIS-HDD-2014",
    "Channel": "Microsoft-Windows-OfflineFiles/Operational",
    "Level": "Information",
    "EventData": {},
    "RawXml": "<Event xmlns=\"http://schemas.microsoft.com/win/2004/08/events/event\"><System><Provider Name=\"Microsoft-Windows-OfflineFiles\" Guid=\"{95353826-4fbe-41d4-9c42-f521c6e86360}\"></Provider>\n<EventID Qualifiers=\"\">1</EventID>\n<Version>0</Version>\n<Level>4</Level>\n<Task>0</Task>\n<Opcode>0</Opcode>\n<Keywords>0x4000000000000010</Keywords>\n<TimeCreated SystemTime=\"2014-02-05 13:30:34.010839+00:00\"></TimeCreated>\n<EventRecordID>35</EventRecordID>\n<Correlation ActivityID=\"\" RelatedActivityID=\"\"></Correlation>\n<Execution ProcessID=\"928\" ThreadID=\"400\"></Execution>\n<Channel>Microsoft-Windows-OfflineFiles/Operational</Channel>\n<Computer>IACIS-HDD-2014</Computer>\n<Security UserID=\"S-1-5-18\"></Security>\n</System>\n<EventData></EventData>\n</Event>\n"
  },
  {
    "EventID": 7,
    "Timestamp": "2014-02-05 13:37:15.211548+00:00",
    "Computer": "IACIS-HDD-2014",
    "Channel": "Microsoft-Windows-OfflineFiles/Operational",
    "Level": "Information",
    "EventData": {},
    "RawXml": "<Event xmlns=\"http://schemas.microsoft.com/win/2004/08/events/event\"><System><Provider Name=\"Microsoft-Windows-OfflineFiles\" Guid=\"{95353826-4fbe-41d4-9c42-f521c6e86360}\"></Provider>\n<EventID Qualifiers=\"\">7</EventID>\n<Version>0</Version>\n<Level>4</Level>\n<Task>0</Task>\n<Opcode>0</Opcode>\n<Keywords>0x4000000000000008</Keywords>\n<TimeCreated SystemTime=\"2014-02-05 13:37:15.211548+00:00\"></TimeCreated>\n<EventRecordID>36</EventRecordID>\n<Correlation ActivityID=\"\" RelatedActivityID=\"\"></Correlation>\n<Execution ProcessID=\"928\" ThreadID=\"2420\"></Execution>\n<Channel>Microsoft-Windows-OfflineFiles/Operational</Channel>\n<Computer>IACIS-HDD-2014</Computer>\n<Security UserID=\"S-1-5-18\"></Security>\n</System>\n<UserData><Info xmlns:auto-ns3=\"http://schemas.microsoft.com/win/2004/08/events\" xmlns=\"UserSessionNs\"><Account>IACIS-HDD-2014\\Sgt. Joe T. Nameless</Account>\n<Session>1</Session>\n</Info>\n</UserData>\n</Event>\n"
  },
  {
    "EventID": 8,
    "Timestamp": "2014-02-05 18:30:13.598305+00:00",
    "Computer": "IACIS-HDD-2014",
    "Channel": "Microsoft-Windows-OfflineFiles/Operational",
    "Level": "Information",
    "EventData": {},
    "RawXml": "<Event xmlns=\"http://schemas.microsoft.com/win/2004/08/events/event\"><System><Provider Name=\"Microsoft-Windows-OfflineFiles\" Guid=\"{95353826-4fbe-41d4-9c42-f521c6e86360}\"></Provider>\n<EventID Qualifiers=\"\">8</EventID>\n<Version>0</Version>\n<Level>4</Level>\n<Task>0</Task>\n<Opcode>0</Opcode>\n<Keywords>0x4000000000000008</Keywords>\n<TimeCreated SystemTime=\"2014-02-05 18:30:13.598305+00:00\"></TimeCreated>\n<EventRecordID>37</EventRecordID>\n<Correlation ActivityID=\"\" RelatedActivityID=\"\"></Correlation>\n<Execution ProcessID=\"928\" ThreadID=\"2584\"></Execution>\n<Channel>Microsoft-Windows-OfflineFiles/Operational</Channel>\n<Computer>IACIS-HDD-2014</Computer>\n<Security UserID=\"S-1-5-18\"></Security>\n</System>\n<UserData><Info xmlns:auto-ns3=\"http://schemas.microsoft.com/win/2004/08/events\" xmlns=\"UserSessionNs\"><Account>IACIS-HDD-2014\\Sgt. Joe T. Nameless</Account>\n<Session>1</Session>\n</Info>\n</UserData>\n</Event>\n"
  },
  {
    "EventID": 1,
    "Timestamp": "2014-02-06 11:20:31.828432+00:00",
    "Computer": "IACIS-HDD-2014",
    "Channel": "Microsoft-Windows-OfflineFiles/Operational",
    "Level": "Information",
    "EventData": {},
    "RawXml": "<Event xmlns=\"http://schemas.microsoft.com/win/2004/08/events/event\"><System><Provider Name=\"Microsoft-Windows-OfflineFiles\" Guid=\"{95353826-4fbe-41d4-9c42-f521c6e86360}\"></Provider>\n<EventID Qualifiers=\"\">1</EventID>\n<Version>0</Version>\n<Level>4</Level>\n<Task>0</Task>\n<Opcode>0</Opcode>\n<Keywords>0x4000000000000010</Keywords>\n<TimeCreated SystemTime=\"2014-02-06 11:20:31.828432+00:00\"></TimeCreated>\n<EventRecordID>38</EventRecordID>\n<Correlation ActivityID=\"\" RelatedActivityID=\"\"></Correlation>\n<Execution ProcessID=\"888\" ThreadID=\"272\"></Execution>\n<Channel>Microsoft-Windows-OfflineFiles/Operational</Channel>\n<Computer>IACIS-HDD-2014</Computer>\n<Security UserID=\"S-1-5-18\"></Security>\n</System>\n<EventData></EventData>\n</Event>\n"
  },
  {
    "EventID": 7,
    "Timestamp": "2014-02-06 11:22:18.792040+00:00",
    "Computer": "IACIS-HDD-2014",
    "Channel": "Microsoft-Windows-OfflineFiles/Operational",
    "Level": "Information",
    "EventData": {},
    "RawXml": "<Event xmlns=\"http://schemas.microsoft.com/win/2004/08/events/event\"><System><Provider Name=\"Microsoft-Windows-OfflineFiles\" Guid=\"{95353826-4fbe-41d4-9c42-f521c6e86360}\"></Provider>\n<EventID Qualifiers=\"\">7</EventID>\n<Version>0</Version>\n<Level>4</Level>\n<Task>0</Task>\n<Opcode>0</Opcode>\n<Keywords>0x4000000000000008</Keywords>\n<TimeCreated SystemTime=\"2014-02-06 11:22:18.792040+00:00\"></TimeCreated>\n<EventRecordID>39</EventRecordID>\n<Correlation ActivityID=\"\" RelatedActivityID=\"\"></Correlation>\n<Execution ProcessID=\"888\" ThreadID=\"908\"></Execution>\n<Channel>Microsoft-Windows-OfflineFiles/Operational</Channel>\n<Computer>IACIS-HDD-2014</Computer>\n<Security UserID=\"S-1-5-18\"></Security>\n</System>\n<UserData><Info xmlns:auto-ns3=\"http://schemas.microsoft.com/win/2004/08/events\" xmlns=\"UserSessionNs\"><Account>IACIS-HDD-2014\\Sgt. Joe T. Nameless</Account>\n<Session>1</Session>\n</Info>\n</UserData>\n</Event>\n"
  },
  {
    "EventID": 8,
    "Timestamp": "2014-02-06 14:58:39.031748+00:00",
    "Computer": "IACIS-HDD-2014",
    "Channel": "Microsoft-Windows-OfflineFiles/Operational",
    "Level": "Information",
    "EventData": {},
    "RawXml": "<Event xmlns=\"http://schemas.microsoft.com/win/2004/08/events/event\"><System><Provider Name=\"Microsoft-Windows-OfflineFiles\" Guid=\"{95353826-4fbe-41d4-9c42-f521c6e86360}\"></Provider>\n<EventID Qualifiers=\"\">8</EventID>\n<Version>0</Version>\n<Level>4</Level>\n<Task>0</Task>\n<Opcode>0</Opcode>\n<Keywords>0x4000000000000008</Keywords>\n<TimeCreated SystemTime=\"2014-02-06 14:58:39.031748+00:00\"></TimeCreated>\n<EventRecordID>40</EventRecordID>\n<Correlation ActivityID=\"\" RelatedActivityID=\"\"></Correlation>\n<Execution ProcessID=\"888\" ThreadID=\"3780\"></Execution>\n<Channel>Microsoft-Windows-OfflineFiles/Operational</Channel>\n<Computer>IACIS-HDD-2014</Computer>\n<Security UserID=\"S-1-5-18\"></Security>\n</System>\n<UserData><Info xmlns:auto-ns3=\"http://schemas.microsoft.com/win/2004/08/events\" xmlns=\"UserSessionNs\"><Account>IACIS-HDD-2014\\Sgt. Joe T. Nameless</Account>\n<Session>1</Session>\n</Info>\n</UserData>\n</Event>\n"
  },
  {
    "EventID": 1,
    "Timestamp": "2014-02-06 18:54:11.407232+00:00",
    "Computer": "IACIS-HDD-2014",
    "Channel": "Microsoft-Windows-OfflineFiles/Operational",
    "Level": "Information",
    "EventData": {},
    "RawXml": "<Event xmlns=\"http://schemas.microsoft.com/win/2004/08/events/event\"><System><Provider Name=\"Microsoft-Windows-OfflineFiles\" Guid=\"{95353826-4fbe-41d4-9c42-f521c6e86360}\"></Provider>\n<EventID Qualifiers=\"\">1</EventID>\n<Version>0</Version>\n<Level>4</Level>\n<Task>0</Task>\n<Opcode>0</Opcode>\n<Keywords>0x4000000000000010</Keywords>\n<TimeCreated SystemTime=\"2014-02-06 18:54:11.407232+00:00\"></TimeCreated>\n<EventRecordID>41</EventRecordID>\n<Correlation ActivityID=\"\" RelatedActivityID=\"\"></Correlation>\n<Execution ProcessID=\"904\" ThreadID=\"376\"></Execution>\n<Channel>Microsoft-Windows-OfflineFiles/Operational</Channel>\n<Computer>IACIS-HDD-2014</Computer>\n<Security UserID=\"S-1-5-18\"></Security>\n</System>\n<EventData></EventData>\n</Event>\n"
  },
  {
    "EventID": 7,
    "Timestamp": "2014-02-06 18:54:41.777094+00:00",
    "Computer": "IACIS-HDD-2014",
    "Channel": "Microsoft-Windows-OfflineFiles/Operational",
    "Level": "Information",
    "EventData": {},
    "RawXml": "<Event xmlns=\"http://schemas.microsoft.com/win/2004/08/events/event\"><System><Provider Name=\"Microsoft-Windows-OfflineFiles\" Guid=\"{95353826-4fbe-41d4-9c42-f521c6e86360}\"></Provider>\n<EventID Qualifiers=\"\">7</EventID>\n<Version>0</Version>\n<Level>4</Level>\n<Task>0</Task>\n<Opcode>0</Opcode>\n<Keywords>0x4000000000000008</Keywords>\n<TimeCreated SystemTime=\"2014-02-06 18:54:41.777094+00:00\"></TimeCreated>\n<EventRecordID>42</EventRecordID>\n<Correlation ActivityID=\"\" RelatedActivityID=\"\"></Correlation>\n<Execution ProcessID=\"904\" ThreadID=\"356\"></Execution>\n<Channel>Microsoft-Windows-OfflineFiles/Operational</Channel>\n<Computer>IACIS-HDD-2014</Computer>\n<Security UserID=\"S-1-5-18\"></Security>\n</System>\n<UserData><Info xmlns:auto-ns3=\"http://schemas.microsoft.com/win/2004/08/events\" xmlns=\"UserSessionNs\"><Account>IACIS-HDD-2014\\Sgt. Joe T. Nameless</Account>\n<Session>1</Session>\n</Info>\n</UserData>\n</Event>\n"
  },
  {
    "EventID": 8,
    "Timestamp": "2014-02-06 18:57:24.387783+00:00",
    "Computer": "IACIS-HDD-2014",
    "Channel": "Microsoft-Windows-OfflineFiles/Operational",
    "Level": "Information",
    "EventData": {},
    "RawXml": "<Event xmlns=\"http://schemas.microsoft.com/win/2004/08/events/event\"><System><Provider Name=\"Microsoft-Windows-OfflineFiles\" Guid=\"{95353826-4fbe-41d4-9c42-f521c6e86360}\"></Provider>\n<EventID Qualifiers=\"\">8</EventID>\n<Version>0</Version>\n<Level>4</Level>\n<Task>0</Task>\n<Opcode>0</Opcode>\n<Keywords>0x4000000000000008</Keywords>\n<TimeCreated SystemTime=\"2014-02-06 18:57:24.387783+00:00\"></TimeCreated>\n<EventRecordID>43</EventRecordID>\n<Correlation ActivityID=\"\" RelatedActivityID=\"\"></Correlation>\n<Execution ProcessID=\"904\" ThreadID=\"3244\"></Execution>\n<Channel>Microsoft-Windows-OfflineFiles/Operational</Channel>\n<Computer>IACIS-HDD-2014</Computer>\n<Security UserID=\"S-1-5-18\"></Security>\n</System>\n<UserData><Info xmlns:auto-ns3=\"http://schemas.microsoft.com/win/2004/08/events\" xmlns=\"UserSessionNs\"><Account>IACIS-HDD-2014\\Sgt. Joe T. Nameless</Account>\n<Session>1</Session>\n</Info>\n</UserData>\n</Event>\n"
  },
  {
    "EventID": 1,
    "Timestamp": "2014-02-07 12:34:38.126431+00:00",
    "Computer": "IACIS-HDD-2014",
    "Channel": "Microsoft-Windows-OfflineFiles/Operational",
    "Level": "Information",
    "EventData": {},
    "RawXml": "<Event xmlns=\"http://schemas.microsoft.com/win/2004/08/events/event\"><System><Provider Name=\"Microsoft-Windows-OfflineFiles\" Guid=\"{95353826-4fbe-41d4-9c42-f521c6e86360}\"></Provider>\n<EventID Qualifiers=\"\">1</EventID>\n<Version>0</Version>\n<Level>4</Level>\n<Task>0</Task>\n<Opcode>0</Opcode>\n<Keywords>0x4000000000000010</Keywords>\n<TimeCreated SystemTime=\"2014-02-07 12:34:38.126431+00:00\"></TimeCreated>\n<EventRecordID>44</EventRecordID>\n<Correlation ActivityID=\"\" RelatedActivityID=\"\"></Correlation>\n<Execution ProcessID=\"912\" ThreadID=\"380\"></Execution>\n<Channel>Microsoft-Windows-OfflineFiles/Operational</Channel>\n<Computer>IACIS-HDD-2014</Computer>\n<Security UserID=\"S-1-5-18\"></Security>\n</System>\n<EventData></EventData>\n</Event>\n"
  },
