  {
    "EventID": 4006,
    "Timestamp": "2014-02-20 18:15:17.513592+00:00",
    "Computer": "IACIS-HDD-2014",
    "Channel": "Microsoft-Windows-GroupPolicy/Operational",
    "Level": "Information",
    "EventData": {
      "PolicyActivityId": "{16b5359c-5b25-42c0-adc1-eb7f7e06af2a}",
      "PrincipalSamName": "WORKGROUP\\IACIS-HDD-2014$",
      "IsMachine": "1",
      "IsDomainJoined": "False",
      "IsBackgroundProcessing": "True",
      "IsAsyncProcessing": "False",
      "IsServiceRestart": "False",
      "ReasonForSyncProcessing": "0"
    },
    "RawXml": "<Event xmlns=\"http://schemas.microsoft.com/win/2004/08/events/event\"><System><Provider Name=\"Microsoft-Windows-GroupPolicy\" Guid=\"{aea1b4fa-97d1-45f2-a64c-4d69fffd92c9}\"></Provider>\n<EventID Qualifiers=\"\">4006</EventID>\n<Version>1</Version>\n<Level>4</Level>\n<Task>0</Task>\n<Opcode>1</Opcode>\n<Keywords>0x4000000000000000</Keywords>\n<TimeCreated SystemTime=\"2014-02-20 18:15:17.513592+00:00\"></TimeCreated>\n<EventRecordID>1094</EventRecordID>\n<Correlation ActivityID=\"{16b5359c-5b25-42c0-adc1-eb7f7e06af2a}\" RelatedActivityID=\"\"></Correlation>\n<Execution ProcessID=\"960\" ThreadID=\"680\"></Execution>\n<Channel>Microsoft-Windows-GroupPolicy/Operational</Channel>\n<Computer>IACIS-HDD-2014</Computer>\n<Security UserID=\"S-1-5-18\"></Security>\n</System>\n<EventData><Data Name=\"PolicyActivityId\">{16b5359c-5b25-42c0-adc1-eb7f7e06af2a}</Data>\n<Data Name=\"PrincipalSamName\">WORKGROUP\\IACIS-HDD-2014$</Data>\n<Data Name=\"IsMachine\">1</Data>\n<Data Name=\"IsDomainJoined\">False</Data>\n<Data Name=\"IsBackgroundProcessing\">True</Data>\n<Data Name=\"IsAsyncProcessing\">False</Data>\n<Data Name=\"IsServiceRestart\">False</Data>\n<Data Name=\"ReasonForSyncProcessing\">0</Data>\n</EventData>\n</Event>\n"
  },
  {
    "EventID": 5311,
    "Timestamp": "2014-02-20 18:15:17.513592+00:00",
    "Computer": "IACIS-HDD-2014",
    "Channel": "Microsoft-Windows-GroupPolicy/Operational",
    "Level": "Information",
    "EventData": {
      "PolicyProcessingMode": "0"
    },
    "RawXml": "<Event xmlns=\"http://schemas.microsoft.com/win/2004/08/events/event\"><System><Provider Name=\"Microsoft-Windows-GroupPolicy\" Guid=\"{aea1b4fa-97d1-45f2-a64c-4d69fffd92c9}\"></Provider>\n<EventID Qualifiers=\"\">5311</EventID>\n<Version>0</Version>\n<Level>4</Level>\n<Task>0</Task>\n<Opcode>0</Opcode>\n<Keywords>0x4000000000000000</Keywords>\n<TimeCreated SystemTime=\"2014-02-20 18:15:17.513592+00:00\"></TimeCreated>\n<EventRecordID>1095</EventRecordID>\n<Correlation ActivityID=\"{16b5359c-5b25-42c0-adc1-eb7f7e06af2a}\" RelatedActivityID=\"\"></Correlation>\n<Execution ProcessID=\"960\" ThreadID=\"680\"></Execution>\n<Channel>Microsoft-Windows-GroupPolicy/Operational</Channel>\n<Computer>IACIS-HDD-2014</Computer>\n<Security UserID=\"S-1-5-18\"></Security>\n</System>\n<EventData><Data Name=\"PolicyProcessingMode\">0</Data>\n</EventData>\n</Event>\n"
  },
  {
    "EventID": 5312,
    "Timestamp": "2014-02-20 18:15:17.513592+00:00",
    "Computer": "IACIS-HDD-2014",
    "Channel": "Microsoft-Windows-GroupPolicy/Operational",
    "Level": "Information",
    "EventData": {
      "DescriptionString": "None",
      "GPOInfoList": ""
    },
    "RawXml": "<Event xmlns=\"http://schemas.microsoft.com/win/2004/08/events/event\"><System><Provider Name=\"Microsoft-Windows-GroupPolicy\" Guid=\"{aea1b4fa-97d1-45f2-a64c-4d69fffd92c9}\"></Provider>\n<EventID Qualifiers=\"\">5312</EventID>\n<Version>0</Version>\n<Level>4</Level>\n<Task>0</Task>\n<Opcode>0</Opcode>\n<Keywords>0x4000000000000000</Keywords>\n<TimeCreated SystemTime=\"2014-02-20 18:15:17.513592+00:00\"></TimeCreated>\n<EventRecordID>1096</EventRecordID>\n<Correlation ActivityID=\"{16b5359c-5b25-42c0-adc1-eb7f7e06af2a}\" RelatedActivityID=\"\"></Correlation>\n<Execution ProcessID=\"960\" ThreadID=\"680\"></Execution>\n<Channel>Microsoft-Windows-GroupPolicy/Operational</Channel>\n<Computer>IACIS-HDD-2014</Computer>\n<Security UserID=\"S-1-5-18\"></Security>\n</System>\n<EventData><Data Name=\"DescriptionString\">None</Data>\n<Data Name=\"GPOInfoList\"></Data>\n</EventData>\n</Event>\n"
  },
  {
    "EventID": 5313,
    "Timestamp": "2014-02-20 18:15:17.513592+00:00",
    "Computer": "IACIS-HDD-2014",
    "Channel": "Microsoft-Windows-GroupPolicy/Operational",
    "Level": "Information",
    "EventData": {
      "DescriptionString": "Local Group Policy\n\tNot Applied (Empty)\n",
      "GPOInfoList": "<GPO ID=\"Local Group Policy\"><Name>Local Group Policy</Name><Version>0</Version><SOM>Local</SOM><FSPath>C:\\Windows\\System32\\GroupPolicy\\Machine</FSPath><Reason>NOTAPPLIED-EMPTY</Reason></GPO>"
    },
    "RawXml": "<Event xmlns=\"http://schemas.microsoft.com/win/2004/08/events/event\"><System><Provider Name=\"Microsoft-Windows-GroupPolicy\" Guid=\"{aea1b4fa-97d1-45f2-a64c-4d69fffd92c9}\"></Provider>\n<EventID Qualifiers=\"\">5313</EventID>\n<Version>0</Version>\n<Level>4</Level>\n<Task>0</Task>\n<Opcode>0</Opcode>\n<Keywords>0x4000000000000000</Keywords>\n<TimeCreated SystemTime=\"2014-02-20 18:15:17.513592+00:00\"></TimeCreated>\n<EventRecordID>1097</EventRecordID>\n<Correlation ActivityID=\"{16b5359c-5b25-42c0-adc1-eb7f7e06af2a}\" RelatedActivityID=\"\"></Correlation>\n<Execution ProcessID=\"960\" ThreadID=\"680\"></Execution>\n<Channel>Microsoft-Windows-GroupPolicy/Operational</Channel>\n<Computer>IACIS-HDD-2014</Computer>\n<Security UserID=\"S-1-5-18\"></Security>\n</System>\n<EventData><Data Name=\"DescriptionString\">Local Group Policy\n\tNot Applied (Empty)\n</Data>\n<Data Name=\"GPOInfoList\">&lt;GPO ID=\"Local Group Policy\"&gt;&lt;Name&gt;Local Group Policy&lt;/Name&gt;&lt;Version&gt;0&lt;/Version&gt;&lt;SOM&gt;Local&lt;/SOM&gt;&lt;FSPath&gt;C:\\Windows\\System32\\GroupPolicy\\Machine&lt;/FSPath&gt;&lt;Reason&gt;NOTAPPLIED-EMPTY&lt;/Reason&gt;&lt;/GPO&gt;</Data>\n</EventData>\n</Event>\n"
  },
  {
    "EventID": 5320,
    "Timestamp": "2014-02-20 18:15:17.513592+00:00",
    "Computer": "IACIS-HDD-2014",
    "Channel": "Microsoft-Windows-GroupPolicy/Operational",
    "Level": "Information",
    "EventData": {
      "InfoDescription": "%%4161"
    },
    "RawXml": "<Event xmlns=\"http://schemas.microsoft.com/win/2004/08/events/event\"><System><Provider Name=\"Microsoft-Windows-GroupPolicy\" Guid=\"{aea1b4fa-97d1-45f2-a64c-4d69fffd92c9}\"></Provider>\n<EventID Qualifiers=\"\">5320</EventID>\n<Version>0</Version>\n<Level>4</Level>\n<Task>0</Task>\n<Opcode>0</Opcode>\n<Keywords>0x4000000000000000</Keywords>\n<TimeCreated SystemTime=\"2014-02-20 18:15:17.513592+00:00\"></TimeCreated>\n<EventRecordID>1098</EventRecordID>\n<Correlation ActivityID=\"{16b5359c-5b25-42c0-adc1-eb7f7e06af2a}\" RelatedActivityID=\"\"></Correlation>\n<Execution ProcessID=\"960\" ThreadID=\"680\"></Execution>\n<Channel>Microsoft-Windows-GroupPolicy/Operational</Channel>\n<Computer>IACIS-HDD-2014</Computer>\n<Security UserID=\"S-1-5-18\"></Security>\n</System>\n<EventData><Data Name=\"InfoDescription\">%%4161</Data>\n</EventData>\n</Event>\n"
  },
  {
    "EventID": 5320,
    "Timestamp": "2014-02-20 18:15:17.513592+00:00",
    "Computer": "IACIS-HDD-2014",
    "Channel": "Microsoft-Windows-GroupPolicy/Operational",
    "Level": "Information",
    "EventData": {
      "InfoDescription": "%%4163"
    },
    "RawXml": "<Event xmlns=\"http://schemas.microsoft.com/win/2004/08/events/event\"><System><Provider Name=\"Microsoft-Windows-GroupPolicy\" Guid=\"{aea1b4fa-97d1-45f2-a64c-4d69fffd92c9}\"></Provider>\n<EventID Qualifiers=\"\">5320</EventID>\n<Version>0</Version>\n<Level>4</Level>\n<Task>0</Task>\n<Opcode>0</Opcode>\n<Keywords>0x4000000000000000</Keywords>\n<TimeCreated SystemTime=\"2014-02-20 18:15:17.513592+00:00\"></TimeCreated>\n<EventRecordID>1099</EventRecordID>\n<Correlation ActivityID=\"{16b5359c-5b25-42c0-adc1-eb7f7e06af2a}\" RelatedActivityID=\"\"></Correlation>\n<Execution ProcessID=\"960\" ThreadID=\"680\"></Execution>\n<Channel>Microsoft-Windows-GroupPolicy/Operational</Channel>\n<Computer>IACIS-HDD-2014</Computer>\n<Security UserID=\"S-1-5-18\"></Security>\n</System>\n<EventData><Data Name=\"InfoDescription\">%%4163</Data>\n</EventData>\n</Event>\n"
  },
  {
    "EventID": 5320,
    "Timestamp": "2014-02-20 18:15:17.513592+00:00",
    "Computer": "IACIS-HDD-2014",
    "Channel": "Microsoft-Windows-GroupPolicy/Operational",
    "Level": "Information",
    "EventData": {
      "InfoDescription": "%%4165"
    },
    "RawXml": "<Event xmlns=\"http://schemas.microsoft.com/win/2004/08/events/event\"><System><Provider Name=\"Microsoft-Windows-GroupPolicy\" Guid=\"{aea1b4fa-97d1-45f2-a64c-4d69fffd92c9}\"></Provider>\n<EventID Qualifiers=\"\">5320</EventID>\n<Version>0</Version>\n<Level>4</Level>\n<Task>0</Task>\n<Opcode>0</Opcode>\n<Keywords>0x4000000000000000</Keywords>\n<TimeCreated SystemTime=\"2014-02-20 18:15:17.513592+00:00\"></TimeCreated>\n<EventRecordID>1100</EventRecordID>\n<Correlation ActivityID=\"{16b5359c-5b25-42c0-adc1-eb7f7e06af2a}\" RelatedActivityID=\"\"></Correlation>\n<Execution ProcessID=\"960\" ThreadID=\"680\"></Execution>\n<Channel>Microsoft-Windows-GroupPolicy/Operational</Channel>\n<Computer>IACIS-HDD-2014</Computer>\n<Security UserID=\"S-1-5-18\"></Security>\n</System>\n<EventData><Data Name=\"InfoDescription\">%%4165</Data>\n</EventData>\n</Event>\n"
  },
  {
    "EventID": 8006,
    "Timestamp": "2014-02-20 18:15:17.513592+00:00",
    "Computer": "IACIS-HDD-2014",
    "Channel": "Microsoft-Windows-GroupPolicy/Operational",
    "Level": "Information",
    "EventData": {
      "PolicyElaspedTimeInSeconds": "0",
      "ErrorCode": "0",
      "PrincipalSamName": "WORKGROUP\\IACIS-HDD-2014$",
      "IsMachine": "1",
      "IsConnectivityFailure": "False"
    },
    "RawXml": "<Event xmlns=\"http://schemas.microsoft.com/win/2004/08/events/event\"><System><Provider Name=\"Microsoft-Windows-GroupPolicy\" Guid=\"{aea1b4fa-97d1-45f2-a64c-4d69fffd92c9}\"></Provider>\n<EventID Qualifiers=\"\">8006</EventID>\n<Version>1</Version>\n<Level>4</Level>\n<Task>0</Task>\n<Opcode>2</Opcode>\n<Keywords>0x4000000000000000</Keywords>\n<TimeCreated SystemTime=\"2014-02-20 18:15:17.513592+00:00\"></TimeCreated>\n<EventRecordID>1101</EventRecordID>\n<Correlation ActivityID=\"{16b5359c-5b25-42c0-adc1-eb7f7e06af2a}\" RelatedActivityID=\"\"></Correlation>\n<Execution ProcessID=\"960\" ThreadID=\"680\"></Execution>\n<Channel>Microsoft-Windows-GroupPolicy/Operational</Channel>\n<Computer>IACIS-HDD-2014</Computer>\n<Security UserID=\"S-1-5-18\"></Security>\n</System>\n<EventData><Data Name=\"PolicyElaspedTimeInSeconds\">0</Data>\n<Data Name=\"ErrorCode\">0</Data>\n<Data Name=\"PrincipalSamName\">WORKGROUP\\IACIS-HDD-2014$</Data>\n<Data Name=\"IsMachine\">1</Data>\n<Data Name=\"IsConnectivityFailure\">False</Data>\n</EventData>\n</Event>\n"
  },
  {
    "EventID": 5315,
    "Timestamp": "2014-02-20 18:15:17.529192+00:00",
    "Computer": "IACIS-HDD-2014",
    "Channel": "Microsoft-Windows-GroupPolicy/Operational",
    "Level": "Information",
    "EventData": {
      "PrincipalSamName": "WORKGROUP\\IACIS-HDD-2014$",
      "NextPolicyApplicationTime": "102",
      "NextPolicyApplicationTimeUnit": "%%4100"
    },
    "RawXml": "<Event xmlns=\"http://schemas.microsoft.com/win/2004/08/events/event\"><System><Provider Name=\"Microsoft-Windows-GroupPolicy\" Guid=\"{aea1b4fa-97d1-45f2-a64c-4d69fffd92c9}\"></Provider>\n<EventID Qualifiers=\"\">5315</EventID>\n<Version>0</Version>\n<Level>4</Level>\n<Task>0</Task>\n<Opcode>0</Opcode>\n<Keywords>0x4000000000000000</Keywords>\n<TimeCreated SystemTime=\"2014-02-20 18:15:17.529192+00:00\"></TimeCreated>\n<EventRecordID>1102</EventRecordID>\n<Correlation ActivityID=\"{16b5359c-5b25-42c0-adc1-eb7f7e06af2a}\" RelatedActivityID=\"\"></Correlation>\n<Execution ProcessID=\"960\" ThreadID=\"680\"></Execution>\n<Channel>Microsoft-Windows-GroupPolicy/Operational</Channel>\n<Computer>IACIS-HDD-2014</Computer>\n<Security UserID=\"S-1-5-18\"></Security>\n</System>\n<EventData><Data Name=\"PrincipalSamName\">WORKGROUP\\IACIS-HDD-2014$</Data>\n<Data Name=\"NextPolicyApplicationTime\">102</Data>\n<Data Name=\"NextPolicyApplicationTimeUnit\">%%4100</Data>\n</EventData>\n</Event>\n"
  },
  {
    "EventID": 5324,
    "Timestamp": "2014-02-20 19:23:12.210550+00:00",
    "Computer": "IACIS-HDD-2014",
    "Channel": "Microsoft-Windows-GroupPolicy/Operational",
    "Level": "Information",
    "EventData": {
      "NotificationType": "4",
      "SessionId": "1"
    },
    "RawXml": "<Event xmlns=\"http://schemas.microsoft.com/win/2004/08/events/event\"><System><Provider Name=\"Microsoft-Windows-GroupPolicy\" Guid=\"{aea1b4fa-97d1-45f2-a64c-4d69fffd92c9}\"></Provider>\n<EventID Qualifiers=\"\">5324</EventID>\n<Version>0</Version>\n<Level>4</Level>\n<Task>0</Task>\n<Opcode>0</Opcode>\n<Keywords>0x4000000000000000</Keywords>\n<TimeCreated SystemTime=\"2014-02-20 19:23:12.210550+00:00\"></TimeCreated>\n<EventRecordID>1103</EventRecordID>\n<Correlation ActivityID=\"\" RelatedActivityID=\"\"></Correlation>\n<Execution ProcessID=\"960\" ThreadID=\"2288\"></Execution>\n<Channel>Microsoft-Windows-GroupPolicy/Operational</Channel>\n<Computer>IACIS-HDD-2014</Computer>\n<Security UserID=\"S-1-5-18\"></Security>\n</System>\n<EventData><Data Name=\"NotificationType\">4</Data>\n<Data Name=\"SessionId\">1</Data>\n</EventData>\n</Event>\n"
  },
  {
    "EventID": 5324,
    "Timestamp": "2014-02-20 19:23:12.974949+00:00",
    "Computer": "IACIS-HDD-2014",
    "Channel": "Microsoft-Windows-GroupPolicy/Operational",
    "Level": "Information",
    "EventData": {
      "NotificationType": "2",
      "SessionId": "1"
    },
    "RawXml": "<Event xmlns=\"http://schemas.microsoft.com/win/2004/08/events/event\"><System><Provider Name=\"Microsoft-Windows-GroupPolicy\" Guid=\"{aea1b4fa-97d1-45f2-a64c-4d69fffd92c9}\"></Provider>\n<EventID Qualifiers=\"\">5324</EventID>\n<Version>0</Version>\n<Level>4</Level>\n<Task>0</Task>\n<Opcode>0</Opcode>\n<Keywords>0x4000000000000000</Keywords>\n<TimeCreated SystemTime=\"2014-02-20 19:23:12.974949+00:00\"></TimeCreated>\n<EventRecordID>1104</EventRecordID>\n<Correlation ActivityID=\"\" RelatedActivityID=\"\"></Correlation>\n<Execution ProcessID=\"960\" ThreadID=\"156\"></Execution>\n<Channel>Microsoft-Windows-GroupPolicy/Operational</Channel>\n<Computer>IACIS-HDD-2014</Computer>\n<Security UserID=\"S-1-5-18\"></Security>\n</System>\n<EventData><Data Name=\"NotificationType\">2</Data>\n<Data Name=\"SessionId\">1</Data>\n</EventData>\n</Event>\n"
  },
  {
    "EventID": 5325,
    "Timestamp": "2014-02-20 19:23:14.425753+00:00",
    "Computer": "IACIS-HDD-2014",
    "Channel": "Microsoft-Windows-GroupPolicy/Operational",
    "Level": "Information",
    "EventData": {
      "NotificationType": "0"
    },
    "RawXml": "<Event xmlns=\"http://schemas.microsoft.com/win/2004/08/events/event\"><System><Provider Name=\"Microsoft-Windows-GroupPolicy\" Guid=\"{aea1b4fa-97d1-45f2-a64c-4d69fffd92c9}\"></Provider>\n<EventID Qualifiers=\"\">5325</EventID>\n<Version>0</Version>\n<Level>4</Level>\n<Task>0</Task>\n<Opcode>0</Opcode>\n<Keywords>0x4000000000000000</Keywords>\n<TimeCreated SystemTime=\"2014-02-20 19:23:14.425753+00:00\"></TimeCreated>\n<EventRecordID>1105</EventRecordID>\n<Correlation ActivityID=\"\" RelatedActivityID=\"\"></Correlation>\n<Execution ProcessID=\"960\" ThreadID=\"964\"></Execution>\n<Channel>Microsoft-Windows-GroupPolicy/Operational</Channel>\n<Computer>IACIS-HDD-2014</Computer>\n<Security UserID=\"S-1-5-18\"></Security>\n</System>\n<EventData><Data Name=\"NotificationType\">0</Data>\n</EventData>\n</Event>\n"
  }
]