  {
    "EventID": 5,
    "Timestamp": "2014-01-25 01:50:19.835835+00:00",
    "Computer": "IACIS-HDD-2014",
    "Channel": "Microsoft-Windows-Bits-Client/Operational",
    "Level": "Information",
    "EventData": {
      "User": "NT AUTHORITY\\SYSTEM",
      "jobTitle": "WU Client Download",
      "jobId": "{cfa318fa-d8f3-4c60-ae82-9e50b023dba7}",
      "jobOwner": "NT AUTHORITY\\SYSTEM",
      "fileCount": "0"
    },
    "RawXml": "<Event xmlns=\"http://schemas.microsoft.com/win/2004/08/events/event\"><System><Provider Name=\"Microsoft-Windows-Bits-Client\" Guid=\"{ef1cc15b-46c1-414e-bb95-e76b077bd51e}\"></Provider>\n<EventID Qualifiers=\"\">5</EventID>\n<Version>0</Version>\n<Level>4</Level>\n<Task>0</Task>\n<Opcode>0</Opcode>\n<Keywords>0x4000000000000000</Keywords>\n<TimeCreated SystemTime=\"2014-01-25 01:50:19.835835+00:00\"></TimeCreated>\n<EventRecordID>1134</EventRecordID>\n<Correlation ActivityID=\"\" RelatedActivityID=\"\"></Correlation>\n<Execution ProcessID=\"888\" ThreadID=\"2740\"></Execution>\n<Channel>Microsoft-Windows-Bits-Client/Operational</Channel>\n<Computer>IACIS-HDD-2014</Computer>\n<Security UserID=\"S-1-5-18\"></Security>\n</System>\n<EventData><Data Name=\"User\">NT AUTHORITY\\SYSTEM</Data>\n<Data Name=\"jobTitle\">WU Client Download</Data>\n<Data Name=\"jobId\">{cfa318fa-d8f3-4c60-ae82-9e50b023dba7}</Data>\n<Data Name=\"jobOwner\">NT AUTHORITY\\SYSTEM</Data>\n<Data Name=\"fileCount\">0</Data>\n</EventData>\n</Event>\n"
  },
  {
    "EventID": 4,
    "Timestamp": "2014-01-25 01:50:21.879438+00:00",
    "Computer": "IACIS-HDD-2014",
    "Channel": "Microsoft-Windows-Bits-Client/Operational",
    "Level": "Information",
    "EventData": {
      "User": "NT AUTHORITY\\SYSTEM",
      "jobTitle": "WU Client Download",
      "jobId": "{cee8f520-531b-41b6-b812-974d64a41ae3}",
      "jobOwner": "NT AUTHORITY\\SYSTEM",
      "fileCount": "1",
      "bytesTransferred": "55707664",
      "bytesTransferredFromPeer": "0"
    },
    "RawXml": "<Event xmlns=\"http://schemas.microsoft.com/win/2004/08/events/event\"><System><Provider Name=\"Microsoft-Windows-Bits-Client\" Guid=\"{ef1cc15b-46c1-414e-bb95-e76b077bd51e}\"></Provider>\n<EventID Qualifiers=\"\">4</EventID>\n<Version>1</Version>\n<Level>4</Level>\n<Task>0</Task>\n<Opcode>0</Opcode>\n<Keywords>0x4000000000000000</Keywords>\n<TimeCreated SystemTime=\"2014-01-25 01:50:21.879438+00:00\"></TimeCreated>\n<EventRecordID>1135</EventRecordID>\n<Correlation ActivityID=\"\" RelatedActivityID=\"\"></Correlation>\n<Execution ProcessID=\"888\" ThreadID=\"2888\"></Execution>\n<Channel>Microsoft-Windows-Bits-Client/Operational</Channel>\n<Computer>IACIS-HDD-2014</Computer>\n<Security UserID=\"S-1-5-18\"></Security>\n</System>\n<EventData><Data Name=\"User\">NT AUTHORITY\\SYSTEM</Data>\n<Data Name=\"jobTitle\">WU Client Download</Data>\n<Data Name=\"jobId\">{cee8f520-531b-41b6-b812-974d64a41ae3}</Data>\n<Data Name=\"jobOwner\">NT AUTHORITY\\SYSTEM</Data>\n<Data Name=\"fileCount\">1</Data>\n<Data Name=\"bytesTransferred\">55707664</Data>\n<Data Name=\"bytesTransferredFromPeer\">0</Data>\n</EventData>\n</Event>\n"
  },
  {
    "EventID": 60,
    "Timestamp": "2014-01-25 01:50:22.238237+00:00",
    "Computer": "IACIS-HDD-2014",
    "Channel": "Microsoft-Windows-Bits-Client/Operational",
    "Level": "Information",
    "EventData": {
      "transferId": "{4369fbb2-db9b-47bf-84cc-b1d44820a67a}",
      "name": "WU Client Download",
      "Id": "{52ecb00d-0030-4531-92a9-f3e2699d0c1f}",
      "url": "http://download.windowsupdate.com/msdownload/update/software/secu/2013/05/windows6.1-kb2833946-x64_345c7768386631853ca537fd6d0e29845d9217ba.psf",
      "peer": "",
      "hr": "0",
      "fileTime": "2013-05-22 16:44:32+00:00",
      "fileLength": "181763351",
      "bytesTotal": "4701972",
      "bytesTransferred": "4701972",
      "proxy": "",
      "peerProtocolFlags": "0",
      "bytesTransferredFromPeer": "0",
      "AdditionalInfoHr": "0",
      "PeerContextInfo": "0",
      "bandwidthLimit": "18446744073709551615",
      "ignoreBandwidthLimitsOnLan": "False"
    },
    "RawXml": "<Event xmlns=\"http://schemas.microsoft.com/win/2004/08/events/event\"><System><Provider Name=\"Microsoft-Windows-Bits-Client\" Guid=\"{ef1cc15b-46c1-414e-bb95-e76b077bd51e}\"></Provider>\n<EventID Qualifiers=\"\">60</EventID>\n<Version>1</Version>\n<Level>4</Level>\n<Task>0</Task>\n<Opcode>2</Opcode>\n<Keywords>0x4000000000000000</Keywords>\n<TimeCreated SystemTime=\"2014-01-25 01:50:22.238237+00:00\"></TimeCreated>\n<EventRecordID>1136</EventRecordID>\n<Correlation ActivityID=\"{4369fbb2-db9b-47bf-84cc-b1d44820a67a}\" RelatedActivityID=\"\"></Correlation>\n<Execution ProcessID=\"888\" ThreadID=\"1016\"></Execution>\n<Channel>Microsoft-Windows-Bits-Client/Operational</Channel>\n<Computer>IACIS-HDD-2014</Computer>\n<Security UserID=\"S-1-5-18\"></Security>\n</System>\n<EventData><Data Name=\"transferId\">{4369fbb2-db9b-47bf-84cc-b1d44820a67a}</Data>\n<Data Name=\"name\">WU Client Download</Data>\n<Data Name=\"Id\">{52ecb00d-0030-4531-92a9-f3e2699d0c1f}</Data>\n<Data Name=\"url\">http://download.windowsupdate.com/msdownload/update/software/secu/2013/05/windows6.1-kb2833946-x64_345c7768386631853ca537fd6d0e29845d9217ba.psf</Data>\n<Data Name=\"peer\"></Data>\n<Data Name=\"hr\">0</Data>\n<Data Name=\"fileTime\">2013-05-22 16:44:32+00:00</Data>\n<Data Name=\"fileLength\">181763351</Data>\n<Data Name=\"bytesTotal\">4701972</Data>\n<Data Name=\"bytesTransferred\">4701972</Data>\n<Data Name=\"proxy\"></Data>\n<Data Name=\"peerProtocolFlags\">0</Data>\n<Data Name=\"bytesTransferredFromPeer\">0</Data>\n<Data Name=\"AdditionalInfoHr\">0</Data>\n<Data Name=\"PeerContextInfo\">0</Data>\n<Data Name=\"bandwidthLimit\">18446744073709551615</Data>\n<Data Name=\"ignoreBandwidthLimitsOnLan\">False</Data>\n</EventData>\n</Event>\n"
  },
  {
    "EventID": 60,
    "Timestamp": "2014-01-25 01:50:23.689041+00:00",
    "Computer": "IACIS-HDD-2014",
    "Channel": "Microsoft-Windows-Bits-Client/Operational",
    "Level": "Information",
    "EventData": {
      "transferId": "{3a79a13f-42e6-467d-a401-18030ac55102}",
      "name": "WU Client Download",
      "Id": "{a9cfd331-e440-40ce-8d00-76c526a78047}",
      "url": "http://download.windowsupdate.com/msdownload/update/software/secu/2012/10/windows6.1-kb2729452-x64_6a1952c7f7fb6ae67b516ae9fb6ddf2ea0518afd.psf",
      "peer": "",
      "hr": "0",
      "fileTime": "2012-10-23 20:14:15+00:00",
      "fileLength": "201362776",
      "bytesTotal": "4498202",
      "bytesTransferred": "4498202",
      "proxy": "",
      "peerProtocolFlags": "0",
      "bytesTransferredFromPeer": "0",
      "AdditionalInfoHr": "0",
      "PeerContextInfo": "0",
      "bandwidthLimit": "18446744073709551615",
      "ignoreBandwidthLimitsOnLan": "False"
    },
    "RawXml": "<Event xmlns=\"http://schemas.microsoft.com/win/2004/08/events/event\"><System><Provider Name=\"Microsoft-Windows-Bits-Client\" Guid=\"{ef1cc15b-46c1-414e-bb95-e76b077bd51e}\"></Provider>\n<EventID Qualifiers=\"\">60</EventID>\n<Version>1</Version>\n<Level>4</Level>\n<Task>0</Task>\n<Opcode>2</Opcode>\n<Keywords>0x4000000000000000</Keywords>\n<TimeCreated SystemTime=\"2014-01-25 01:50:23.689041+00:00\"></TimeCreated>\n<EventRecordID>1137</EventRecordID>\n<Correlation ActivityID=\"{3a79a13f-42e6-467d-a401-18030ac55102}\" RelatedActivityID=\"\"></Correlation>\n<Execution ProcessID=\"888\" ThreadID=\"1348\"></Execution>\n<Channel>Microsoft-Windows-Bits-Client/Operational</Channel>\n<Computer>IACIS-HDD-2014</Computer>\n<Security UserID=\"S-1-5-18\"></Security>\n</System>\n<EventData><Data Name=\"transferId\">{3a79a13f-42e6-467d-a401-18030ac55102}</Data>\n<Data Name=\"name\">WU Client Download</Data>\n<Data Name=\"Id\">{a9cfd331-e440-40ce-8d00-76c526a78047}</Data>\n<Data Name=\"url\">http://download.windowsupdate.com/msdownload/update/software/secu/2012/10/windows6.1-kb2729452-x64_6a1952c7f7fb6ae67b516ae9fb6ddf2ea0518afd.psf</Data>\n<Data Name=\"peer\"></Data>\n<Data Name=\"hr\">0</Data>\n<Data Name=\"fileTime\">2012-10-23 20:14:15+00:00</Data>\n<Data Name=\"fileLength\">201362776</Data>\n<Data Name=\"bytesTotal\">4498202</Data>\n<Data Name=\"bytesTransferred\">4498202</Data>\n<Data Name=\"proxy\"></Data>\n<Data Name=\"peerProtocolFlags\">0</Data>\n<Data Name=\"bytesTransferredFromPeer\">0</Data>\n<Data Name=\"AdditionalInfoHr\">0</Data>\n<Data Name=\"PeerContextInfo\">0</Data>\n<Data Name=\"bandwidthLimit\">18446744073709551615</Data>\n<Data Name=\"ignoreBandwidthLimitsOnLan\">False</Data>\n</EventData>\n</Event>\n"
  },
  {
    "EventID": 4,
    "Timestamp": "2014-01-25 01:50:27.448647+00:00",
    "Computer": "IACIS-HDD-2014",
    "Channel": "Microsoft-Windows-Bits-Client/Operational",
    "Level": "Information",
    "EventData": {
      "User": "NT AUTHORITY\\SYSTEM",
      "jobTitle": "WU Client Download",
      "jobId": "{86a59cc5-1f82-44e6-8cc0-8ee9e633a76b}",
      "jobOwner": "NT AUTHORITY\\SYSTEM",
      "fileCount": "1",
      "bytesTransferred": "16259",
      "bytesTransferredFromPeer": "0"
    },
    "RawXml": "<Event xmlns=\"http://schemas.microsoft.com/win/2004/08/events/event\"><System><Provider Name=\"Microsoft-Windows-Bits-Client\" Guid=\"{ef1cc15b-46c1-414e-bb95-e76b077bd51e}\"></Provider>\n<EventID Qualifiers=\"\">4</EventID>\n<Version>1</Version>\n<Level>4</Level>\n<Task>0</Task>\n<Opcode>0</Opcode>\n<Keywords>0x4000000000000000</Keywords>\n<TimeCreated SystemTime=\"2014-01-25 01:50:27.448647+00:00\"></TimeCreated>\n<EventRecordID>1138</EventRecordID>\n<Correlation ActivityID=\"\" RelatedActivityID=\"\"></Correlation>\n<Execution ProcessID=\"888\" ThreadID=\"2740\"></Execution>\n<Channel>Microsoft-Windows-Bits-Client/Operational</Channel>\n<Computer>IACIS-HDD-2014</Computer>\n<Security UserID=\"S-1-5-18\"></Security>\n</System>\n<EventData><Data Name=\"User\">NT AUTHORITY\\SYSTEM</Data>\n<Data Name=\"jobTitle\">WU Client Download</Data>\n<Data Name=\"jobId\">{86a59cc5-1f82-44e6-8cc0-8ee9e633a76b}</Data>\n<Data Name=\"jobOwner\">NT AUTHORITY\\SYSTEM</Data>\n<Data Name=\"fileCount\">1</Data>\n<Data Name=\"bytesTransferred\">16259</Data>\n<Data Name=\"bytesTransferredFromPeer\">0</Data>\n</EventData>\n</Event>\n"
  },
  {
    "EventID": 3,
    "Timestamp": "2014-01-25 01:50:27.713848+00:00",
    "Computer": "IACIS-HDD-2014",
    "Channel": "Microsoft-Windows-Bits-Client/Operational",
    "Level": "Information",
    "EventData": {
      "string": "WU Client Download",
      "string2": "NT AUTHORITY\\SYSTEM",
      "string3": ""
    },
    "RawXml": "<Event xmlns=\"http://schemas.microsoft.com/win/2004/08/events/event\"><System><Provider Name=\"Microsoft-Windows-Bits-Client\" Guid=\"{ef1cc15b-46c1-414e-bb95-e76b077bd51e}\"></Provider>\n<EventID Qualifiers=\"\">3</EventID>\n<Version>0</Version>\n<Level>4</Level>\n<Task>0</Task>\n<Opcode>0</Opcode>\n<Keywords>0x4000000000000000</Keywords>\n<TimeCreated SystemTime=\"2014-01-25 01:50:27.713848+00:00\"></TimeCreated>\n<EventRecordID>1139</EventRecordID>\n<Correlation ActivityID=\"\" RelatedActivityID=\"\"></Correlation>\n<Execution ProcessID=\"888\" ThreadID=\"2740\"></Execution>\n<Channel>Microsoft-Windows-Bits-Client/Operational</Channel>\n<Computer>IACIS-HDD-2014</Computer>\n<Security UserID=\"S-1-5-18\"></Security>\n</System>\n<EventData><Data Name=\"string\">WU Client Download</Data>\n<Data Name=\"string2\">NT AUTHORITY\\SYSTEM</Data>\n<Data Name=\"string3\"></Data>\n</EventData>\n</Event>\n"
  },
  {
    "EventID": 5,
    "Timestamp": "2014-01-25 01:50:27.713848+00:00",
    "Computer": "IACIS-HDD-2014",
    "Channel": "Microsoft-Windows-Bits-Client/Operational",
    "Level": "Information",
    "EventData": {
      "User": "NT AUTHORITY\\SYSTEM",
      "jobTitle": "WU Client Download",
      "jobId": "{ce6ccd29-b925-4c90-a5d1-469384e9f6c6}",
      "jobOwner": "NT AUTHORITY\\SYSTEM",
      "fileCount": "0"
    },
    "RawXml": "<Event xmlns=\"http://schemas.microsoft.com/win/2004/08/events/event\"><System><Provider Name=\"Microsoft-Windows-Bits-Client\" Guid=\"{ef1cc15b-46c1-414e-bb95-e76b077bd51e}\"></Provider>\n<EventID Qualifiers=\"\">5</EventID>\n<Version>0</Version>\n<Level>4</Level>\n<Task>0</Task>\n<Opcode>0</Opcode>\n<Keywords>0x4000000000000000</Keywords>\n<TimeCreated SystemTime=\"2014-01-25 01:50:27.713848+00:00\"></TimeCreated>\n<EventRecordID>1140</EventRecordID>\n<Correlation ActivityID=\"\" RelatedActivityID=\"\"></Correlation>\n<Execution ProcessID=\"888\" ThreadID=\"2740\"></Execution>\n<Channel>Microsoft-Windows-Bits-Client/Operational</Channel>\n<Computer>IACIS-HDD-2014</Computer>\n<Security UserID=\"S-1-5-18\"></Security>\n</System>\n<EventData><Data Name=\"User\">NT AUTHORITY\\SYSTEM</Data>\n<Data Name=\"jobTitle\">WU Client Download</Data>\n<Data Name=\"jobId\">{ce6ccd29-b925-4c90-a5d1-469384e9f6c6}</Data>\n<Data Name=\"jobOwner\">NT AUTHORITY\\SYSTEM</Data>\n<Data Name=\"fileCount\">0</Data>\n</EventData>\n</Event>\n"
  },
  {
    "EventID": 59,
    "Timestamp": "2014-01-25 01:50:27.760647+00:00",
    "Computer": "IACIS-HDD-2014",
    "Channel": "Microsoft-Windows-Bits-Client/Operational",
    "Level": "Information",
    "EventData": {
      "transferId": "{2dc12f3a-6c10-43a4-80b8-1e117ef9d41d}",
      "name": "WU Client Download",
      "Id": "{176ec22e-4a2e-4e67-b9a3-20f7d96e0639}",
      "url": "http://download.windowsupdate.com/msdownload/update/software/secu/2012/06/windows6.1-kb2691442-x64_a655471e91e05d8e7405ba51a291f1991a61fd51.psf",
      "peer": "",
      "fileTime": "2012-06-19 20:34:20+00:00",
      "fileLength": "152753335",
      "bytesTotal": "199274",
      "bytesTransferred": "0",
      "bytesTransferredFromPeer": "0"
    },
    "RawXml": "<Event xmlns=\"http://schemas.microsoft.com/win/2004/08/events/event\"><System><Provider Name=\"Microsoft-Windows-Bits-Client\" Guid=\"{ef1cc15b-46c1-414e-bb95-e76b077bd51e}\"></Provider>\n<EventID Qualifiers=\"\">59</EventID>\n<Version>1</Version>\n<Level>4</Level>\n<Task>0</Task>\n<Opcode>1</Opcode>\n<Keywords>0x4000000000000000</Keywords>\n<TimeCreated SystemTime=\"2014-01-25 01:50:27.760647+00:00\"></TimeCreated>\n<EventRecordID>1141</EventRecordID>\n<Correlation ActivityID=\"{2dc12f3a-6c10-43a4-80b8-1e117ef9d41d}\" RelatedActivityID=\"\"></Correlation>\n<Execution ProcessID=\"888\" ThreadID=\"2952\"></Execution>\n<Channel>Microsoft-Windows-Bits-Client/Operational</Channel>\n<Computer>IACIS-HDD-2014</Computer>\n<Security UserID=\"S-1-5-18\"></Security>\n</System>\n<EventData><Data Name=\"transferId\">{2dc12f3a-6c10-43a4-80b8-1e117ef9d41d}</Data>\n<Data Name=\"name\">WU Client Download</Data>\n<Data Name=\"Id\">{176ec22e-4a2e-4e67-b9a3-20f7d96e0639}</Data>\n<Data Name=\"url\">http://download.windowsupdate.com/msdownload/update/software/secu/2012/06/windows6.1-kb2691442-x64_a655471e91e05d8e7405ba51a291f1991a61fd51.psf</Data>\n<Data Name=\"peer\"></Data>\n<Data Name=\"fileTime\">2012-06-19 20:34:20+00:00</Data>\n<Data Name=\"fileLength\">152753335</Data>\n<Data Name=\"bytesTotal\">199274</Data>\n<Data Name=\"bytesTransferred\">0</Data>\n<Data Name=\"bytesTransferredFromPeer\">0</Data>\n</EventData>\n</Event>\n"
  },
  {
    "EventID": 59,
    "Timestamp": "2014-01-25 01:50:27.776247+00:00",
    "Computer": "IACIS-HDD-2014",
    "Channel": "Microsoft-Windows-Bits-Client/Operational",
    "Level": "Information",
    "EventData": {
      "transferId": "{a1477e3e-506d-43b4-a454-3e8d2aa98e43}",
      "name": "WU Client Download",
      "Id": "{8c4e8d4e-b7cd-439e-affc-fe4c12ee57e4}",
      "url": "http://download.windowsupdate.com/msdownload/update/software/crup/2011/05/windows6.1-kb2533552-x64_fabe284ceaa1403debb09fad96cd5c0806f08648.psf",
      "peer": "",
      "fileTime": "2011-05-04 22:13:43+00:00",
      "fileLength": "78076228",
      "bytesTotal": "179549",
      "bytesTransferred": "0",
      "bytesTransferredFromPeer": "0"
    },
    "RawXml": "<Event xmlns=\"http://schemas.microsoft.com/win/2004/08/events/event\"><System><Provider Name=\"Microsoft-Windows-Bits-Client\" Guid=\"{ef1cc15b-46c1-414e-bb95-e76b077bd51e}\"></Provider>\n<EventID Qualifiers=\"\">59</EventID>\n<Version>1</Version>\n<Level>4</Level>\n<Task>0</Task>\n<Opcode>1</Opcode>\n<Keywords>0x4000000000000000</Keywords>\n<TimeCreated SystemTime=\"2014-01-25 01:50:27.776247+00:00\"></TimeCreated>\n<EventRecordID>1142</EventRecordID>\n<Correlation ActivityID=\"{a1477e3e-506d-43b4-a454-3e8d2aa98e43}\" RelatedActivityID=\"\"></Correlation>\n<Execution ProcessID=\"888\" ThreadID=\"2952\"></Execution>\n<Channel>Microsoft-Windows-Bits-Client/Operational</Channel>\n<Computer>IACIS-HDD-2014</Computer>\n<Security UserID=\"S-1-5-18\"></Security>\n</System>\n<EventData><Data Name=\"transferId\">{a1477e3e-506d-43b4-a454-3e8d2aa98e43}</Data>\n<Data Name=\"name\">WU Client Download</Data>\n<Data Name=\"Id\">{8c4e8d4e-b7cd-439e-affc-fe4c12ee57e4}</Data>\n<Data Name=\"url\">http://download.windowsupdate.com/msdownload/update/software/crup/2011/05/windows6.1-kb2533552-x64_fabe284ceaa1403debb09fad96cd5c0806f08648.psf</Data>\n<Data Name=\"peer\"></Data>\n<Data Name=\"fileTime\">2011-05-04 22:13:43+00:00</Data>\n<Data Name=\"fileLength\">78076228</Data>\n<Data Name=\"bytesTotal\">179549</Data>\n<Data Name=\"bytesTransferred\">0</Data>\n<Data Name=\"bytesTransferredFromPeer\">0</Data>\n</EventData>\n</Event>\n"
  },
  {
    "EventID": 59,
    "Timestamp": "2014-01-25 01:50:27.791847+00:00",
    "Computer": "IACIS-HDD-2014",
    "Channel": "Microsoft-Windows-Bits-Client/Operational",
    "Level": "Information",
    "EventData": {
      "transferId": "{06610be8-5b08-4c28-be24-f5b1a35f63f0}",
      "name": "WU Client Download",
      "Id": "{4415712d-7495-4093-a57b-ddf5a567399b}",
      "url": "http://download.windowsupdate.com/msdownload/update/software/secu/2011/01/windows6.1-kb2479943-x64_559c771d26760deb788ff433107616428b0587b9.psf",
      "peer": "",
      "fileTime": "2011-01-18 21:52:14+00:00",
      "fileLength": "50137950",
      "bytesTotal": "336464",
      "bytesTransferred": "0",
      "bytesTransferredFromPeer": "0"
    },
    "RawXml": "<Event xmlns=\"http://schemas.microsoft.com/win/2004/08/events/event\"><System><Provider Name=\"Microsoft-Windows-Bits-Client\" Guid=\"{ef1cc15b-46c1-414e-bb95-e76b077bd51e}\"></Provider>\n<EventID Qualifiers=\"\">59</EventID>\n<Version>1</Version>\n<Level>4</Level>\n<Task>0</Task>\n<Opcode>1</Opcode>\n<Keywords>0x4000000000000000</Keywords>\n<TimeCreated SystemTime=\"2014-01-25 01:50:27.791847+00:00\"></TimeCreated>\n<EventRecordID>1143</EventRecordID>\n<Correlation ActivityID=\"{06610be8-5b08-4c28-be24-f5b1a35f63f0}\" RelatedActivityID=\"\"></Correlation>\n<Execution ProcessID=\"888\" ThreadID=\"2952\"></Execution>\n<Channel>Microsoft-Windows-Bits-Client/Operational</Channel>\n<Computer>IACIS-HDD-2014</Computer>\n<Security UserID=\"S-1-5-18\"></Security>\n</System>\n<EventData><Data Name=\"transferId\">{06610be8-5b08-4c28-be24-f5b1a35f63f0}</Data>\n<Data Name=\"name\">WU Client Download</Data>\n<Data Name=\"Id\">{4415712d-7495-4093-a57b-ddf5a567399b}</Data>\n<Data Name=\"url\">http://download.windowsupdate.com/msdownload/update/software/secu/2011/01/windows6.1-kb2479943-x64_559c771d26760deb788ff433107616428b0587b9.psf</Data>\n<Data Name=\"peer\"></Data>\n<Data Name=\"fileTime\">2011-01-18 21:52:14+00:00</Data>\n<Data Name=\"fileLength\">50137950</Data>\n<Data Name=\"bytesTotal\">336464</Data>\n<Data Name=\"bytesTransferred\">0</Data>\n<Data Name=\"bytesTransferredFromPeer\">0</Data>\n</EventData>\n</Event>\n"
  },
  {
    "EventID": 59,
    "Timestamp": "2014-01-25 01:50:27.807447+00:00",
    "Computer": "IACIS-HDD-2014",
    "Channel": "Microsoft-Windows-Bits-Client/Operational",
    "Level": "Information",
    "EventData": {
      "transferId": "{d4abb195-e765-492a-873f-dc7d3f76ec3a}",
      "name": "WU Client Download",
      "Id": "{d22b9d46-5f21-462a-aa31-d9b10a913cd5}",
      "url": "http://download.windowsupdate.com/msdownload/update/software/secu/2011/11/windows6.1-kb2631813-x64_ce8f94315e2e99d232c189a28a0e4bfb1834b6a3.psf",
      "peer": "",
      "fileTime": "2011-11-22 19:00:12+00:00",
      "fileLength": "38737171",
      "bytesTotal": "34759",
      "bytesTransferred": "0",
      "bytesTransferredFromPeer": "0"
    },
    "RawXml": "<Event xmlns=\"http://schemas.microsoft.com/win/2004/08/events/event\"><System><Provider Name=\"Microsoft-Windows-Bits-Client\" Guid=\"{ef1cc15b-46c1-414e-bb95-e76b077bd51e}\"></Provider>\n<EventID Qualifiers=\"\">59</EventID>\n<Version>1</Version>\n<Level>4</Level>\n<Task>0</Task>\n<Opcode>1</Opcode>\n<Keywords>0x4000000000000000</Keywords>\n<TimeCreated SystemTime=\"2014-01-25 01:50:27.807447+00:00\"></TimeCreated>\n<EventRecordID>1144</EventRecordID>\n<Correlation ActivityID=\"{d4abb195-e765-492a-873f-dc7d3f76ec3a}\" RelatedActivityID=\"\"></Correlation>\n<Execution ProcessID=\"888\" ThreadID=\"2952\"></Execution>\n<Channel>Microsoft-Windows-Bits-Client/Operational</Channel>\n<Computer>IACIS-HDD-2014</Computer>\n<Security UserID=\"S-1-5-18\"></Security>\n</System>\n<EventData><Data Name=\"transferId\">{d4abb195-e765-492a-873f-dc7d3f76ec3a}</Data>\n<Data Name=\"name\">WU Client Download</Data>\n<Data Name=\"Id\">{d22b9d46-5f21-462a-aa31-d9b10a913cd5}</Data>\n<Data Name=\"url\">http://download.windowsupdate.com/msdownload/update/software/secu/2011/11/windows6.1-kb2631813-x64_ce8f94315e2e99d232c189a28a0e4bfb1834b6a3.psf</Data>\n<Data Name=\"peer\"></Data>\n<Data Name=\"fileTime\">2011-11-22 19:00:12+00:00</Data>\n<Data Name=\"fileLength\">38737171</Data>\n<Data Name=\"bytesTotal\">34759</Data>\n<Data Name=\"bytesTransferred\">0</Data>\n<Data Name=\"bytesTransferredFromPeer\">0</Data>\n</EventData>\n</Event>\n"
  },
  {
    "EventID": 59,
    "Timestamp": "2014-01-25 01:50:27.823048+00:00",
    "Computer": "IACIS-HDD-2014",
    "Channel": "Microsoft-Windows-Bits-Client/Operational",
    "Level": "Information",
    "EventData": {
      "transferId": "{cea4db7b-1bf7-4819-9fa9-cafe28c2eb85}",
      "name": "WU Client Download",
      "Id": "{0f01bbf3-07b5-4213-8ae1-dd9c574984ea}",
      "url": "http://download.windowsupdate.com/msdownload/update/software/secu/2012/03/windows6.1-kb2604115-x64_00b320cee552df3f48bf0510c37baff9098beb3c.psf",
      "peer": "",
      "fileTime": "2012-03-15 20:32:01+00:00",
      "fileLength": "320955815",
      "bytesTotal": "6984934",
      "bytesTransferred": "0",
      "bytesTransferredFromPeer": "0"
    },
    "RawXml": "<Event xmlns=\"http://schemas.microsoft.com/win/2004/08/events/event\"><System><Provider Name=\"Microsoft-Windows-Bits-Client\" Guid=\"{ef1cc15b-46c1-414e-bb95-e76b077bd51e}\"></Provider>\n<EventID Qualifiers=\"\">59</EventID>\n<Version>1</Version>\n<Level>4</Level>\n<Task>0</Task>\n<Opcode>1</Opcode>\n<Keywords>0x4000000000000000</Keywords>\n<TimeCreated SystemTime=\"2014-01-25 01:50:27.823048+00:00\"></TimeCreated>\n<EventRecordID>1145</EventRecordID>\n<Correlation ActivityID=\"{cea4db7b-1bf7-4819-9fa9-cafe28c2eb85}\" RelatedActivityID=\"\"></Correlation>\n<Execution ProcessID=\"888\" ThreadID=\"2952\"></Execution>\n<Channel>Microsoft-Windows-Bits-Client/Operational</Channel>\n<Computer>IACIS-HDD-2014</Computer>\n<Security UserID=\"S-1-5-18\"></Security>\n</System>\n<EventData><Data Name=\"transferId\">{cea4db7b-1bf7-4819-9fa9-cafe28c2eb85}</Data>\n<Data Name=\"name\">WU Client Download</Data>\n<Data Name=\"Id\">{0f01bbf3-07b5-4213-8ae1-dd9c574984ea}</Data>\n<Data Name=\"url\">http://download.windowsupdate.com/msdownload/update/software/secu/2012/03/windows6.1-kb2604115-x64_00b320cee552df3f48bf0510c37baff9098beb3c.psf</Data>\n<Data Name=\"peer\"></Data>\n<Data Name=\"fileTime\">2012-03-15 20:32:01+00:00</Data>\n<Data Name=\"fileLength\">320955815</Data>\n<Data Name=\"bytesTotal\">6984934</Data>\n<Data Name=\"bytesTransferred\">0</Data>\n<Data Name=\"bytesTransferredFromPeer\">0</Data>\n</EventData>\n</Event>\n"
  },
  {
    "EventID": 59,
    "Timestamp": "2014-01-25 01:50:27.838650+00:00",
    "Computer": "IACIS-HDD-2014",
    "Channel": "Microsoft-Windows-Bits-Client/Operational",
    "Level": "Information",
    "EventData": {
      "transferId": "{d97a061e-a8c4-4499-a819-83894a807c41}",
      "name": "WU Client Download",
      "Id": "{a72ab03a-7685-4934-82e8-c4e6a8262bd4}",
      "url": "http://download.windowsupdate.com/msdownload/update/software/secu/2013/09/windows6.1-kb2884256-x64_508c818af61cdd90c0077761440b236534a76e82.psf",
      "peer": "",
      "fileTime": "2013-09-18 00:26:14+00:00",
      "fileLength": "392177",
      "bytesTotal": "1856",
      "bytesTransferred": "0",
      "bytesTransferredFromPeer": "0"
    },
    "RawXml": "<Event xmlns=\"http://schemas.microsoft.com/win/2004/08/events/event\"><System><Provider Name=\"Microsoft-Windows-Bits-Client\" Guid=\"{ef1cc15b-46c1-414e-bb95-e76b077bd51e}\"></Provider>\n<EventID Qualifiers=\"\">59</EventID>\n<Version>1</Version>\n<Level>4</Level>\n<Task>0</Task>\n<Opcode>1</Opcode>\n<Keywords>0x4000000000000000</Keywords>\n<TimeCreated SystemTime=\"2014-01-25 01:50:27.838650+00:00\"></TimeCreated>\n<EventRecordID>1146</EventRecordID>\n<Correlation ActivityID=\"{d97a061e-a8c4-4499-a819-83894a807c41}\" RelatedActivityID=\"\"></Correlation>\n<Execution ProcessID=\"888\" ThreadID=\"2952\"></Execution>\n<Channel>Microsoft-Windows-Bits-Client/Operational</Channel>\n<Computer>IACIS-HDD-2014</Computer>\n<Security UserID=\"S-1-5-18\"></Security>\n</System>\n<EventData><Data Name=\"transferId\">{d97a061e-a8c4-4499-a819-83894a807c41}</Data>\n<Data Name=\"name\">WU Client Download</Data>\n<Data Name=\"Id\">{a72ab03a-7685-4934-82e8-c4e6a8262bd4}</Data>\n<Data Name=\"url\">http://download.windowsupdate.com/msdownload/update/software/secu/2013/09/windows6.1-kb2884256-x64_508c818af61cdd90c0077761440b236534a76e82.psf</Data>\n<Data Name=\"peer\"></Data>\n<Data Name=\"fileTime\">2013-09-18 00:26:14+00:00</Data>\n<Data Name=\"fileLength\">392177</Data>\n<Data Name=\"bytesTotal\">1856</Data>\n<Data Name=\"bytesTransferred\">0</Data>\n<Data Name=\"bytesTransferredFromPeer\">0</Data>\n</EventData>\n</Event>\n"
  },
  {
    "EventID": 59,
    "Timestamp": "2014-01-25 01:50:27.854250+00:00",
    "Computer": "IACIS-HDD-2014",
    "Channel": "Microsoft-Windows-Bits-Client/Operational",
    "Level": "Information",
    "EventData": {
      "transferId": "{d5da344e-8092-465f-9a25-360ebf54b698}",
      "name": "WU Client Download",
      "Id": "{770b0418-c3c2-4a8e-92a9-0a9a8b631010}",
      "url": "http://download.windowsupdate.com/msdownload/update/software/secu/2013/04/windows6.1-kb2840149-x64_a688a76e1d9d98936cc7c45a3e5fafcad7bfe1cf.psf",
      "peer": "",
      "fileTime": "2013-04-17 22:21:25+00:00",
      "fileLength": "10378214",
      "bytesTotal": "303780",
      "bytesTransferred": "0",
      "bytesTransferredFromPeer": "0"
    },
    "RawXml": "<Event xmlns=\"http://schemas.microsoft.com/win/2004/08/events/event\"><System><Provider Name=\"Microsoft-Windows-Bits-Client\" Guid=\"{ef1cc15b-46c1-414e-bb95-e76b077bd51e}\"></Provider>\n<EventID Qualifiers=\"\">59</EventID>\n<Version>1</Version>\n<Level>4</Level>\n<Task>0</Task>\n<Opcode>1</Opcode>\n<Keywords>0x4000000000000000</Keywords>\n<TimeCreated SystemTime=\"2014-01-25 01:50:27.854250+00:00\"></TimeCreated>\n<EventRecordID>1147</EventRecordID>\n<Correlation ActivityID=\"{d5da344e-8092-465f-9a25-360ebf54b698}\" RelatedActivityID=\"\"></Correlation>\n<Execution ProcessID=\"888\" ThreadID=\"2952\"></Execution>\n<Channel>Microsoft-Windows-Bits-Client/Operational</Channel>\n<Computer>IACIS-HDD-2014</Computer>\n<Security UserID=\"S-1-5-18\"></Security>\n</System>\n<EventData><Data Name=\"transferId\">{d5da344e-8092-465f-9a25-360ebf54b698}</Data>\n<Data Name=\"name\">WU Client Download</Data>\n<Data Name=\"Id\">{770b0418-c3c2-4a8e-92a9-0a9a8b631010}</Data>\n<Data Name=\"url\">http://download.windowsupdate.com/msdownload/update/software/secu/2013/04/windows6.1-kb2840149-x64_a688a76e1d9d98936cc7c45a3e5fafcad7bfe1cf.psf</Data>\n<Data Name=\"peer\"></Data>\n<Data Name=\"fileTime\">2013-04-17 22:21:25+00:00</Data>\n<Data Name=\"fileLength\">10378214</Data>\n<Data Name=\"bytesTotal\">303780</Data>\n<Data Name=\"bytesTransferred\">0</Data>\n<Data Name=\"bytesTransferredFromPeer\">0</Data>\n</EventData>\n</Event>\n"
  },
  {
    "EventID": 59,
    "Timestamp": "2014-01-25 01:50:27.869848+00:00",
    "Computer": "IACIS-HDD-2014",
    "Channel": "Microsoft-Windows-Bits-Client/Operational",
    "Level": "Information",
    "EventData": {
      "transferId": "{58509c6b-18fd-499f-b539-c49b24f540b2}",
      "name": "WU Client Download",
      "Id": "{57ff7092-3b46-43c7-98d0-4eca3cb2cb4c}",
      "url": "http://download.windowsupdate.com/msdownload/update/software/secu/2013/10/windows6.1-kb2875783-x64_8bb190964c08eb6ab4f45bfbc6c7feb000347c18.psf",
      "peer": "",
      "fileTime": "2013-10-11 08:13:16+00:00",
      "fileLength": "655896",
      "bytesTotal": "22330",
      "bytesTransferred": "0",
      "bytesTransferredFromPeer": "0"
    },
    "RawXml": "<Event xmlns=\"http://schemas.microsoft.com/win/2004/08/events/event\"><System><Provider Name=\"Microsoft-Windows-Bits-Client\" Guid=\"{ef1cc15b-46c1-414e-bb95-e76b077bd51e}\"></Provider>\n<EventID Qualifiers=\"\">59</EventID>\n<Version>1</Version>\n<Level>4</Level>\n<Task>0</Task>\n<Opcode>1</Opcode>\n<Keywords>0x4000000000000000</Keywords>\n<TimeCreated SystemTime=\"2014-01-25 01:50:27.869848+00:00\"></TimeCreated>\n<EventRecordID>1148</EventRecordID>\n<Correlation ActivityID=\"{58509c6b-18fd-499f-b539-c49b24f540b2}\" RelatedActivityID=\"\"></Correlation>\n<Execution ProcessID=\"888\" ThreadID=\"2952\"></Execution>\n<Channel>Microsoft-Windows-Bits-Client/Operational</Channel>\n<Computer>IACIS-HDD-2014</Computer>\n<Security UserID=\"S-1-5-18\"></Security>\n</System>\n<EventData><Data Name=\"transferId\">{58509c6b-18fd-499f-b539-c49b24f540b2}</Data>\n<Data Name=\"name\">WU Client Download</Data>\n<Data Name=\"Id\">{57ff7092-3b46-43c7-98d0-4eca3cb2cb4c}</Data>\n<Data Name=\"url\">http://download.windowsupdate.com/msdownload/update/software/secu/2013/10/windows6.1-kb2875783-x64_8bb190964c08eb6ab4f45bfbc6c7feb000347c18.psf</Data>\n<Data Name=\"peer\"></Data>\n<Data Name=\"fileTime\">2013-10-11 08:13:16+00:00</Data>\n<Data Name=\"fileLength\">655896</Data>\n<Data Name=\"bytesTotal\">22330</Data>\n<Data Name=\"bytesTransferred\">0</Data>\n<Data Name=\"bytesTransferredFromPeer\">0</Data>\n</EventData>\n</Event>\n"
  },
  {
    "EventID": 59,
    "Timestamp": "2014-01-25 01:50:27.885448+00:00",
    "Computer": "IACIS-HDD-2014",
    "Channel": "Microsoft-Windows-Bits-Client/Operational",
    "Level": "Information",
    "EventData": {
      "transferId": "{05cd4004-19ea-4a77-894f-97a47e578b58}",
      "name": "WU Client Download",
      "Id": "{fc274541-23e6-433d-a823-df87dd83d066}",
      "url": "http://download.windowsupdate.com/msdownload/update/software/secu/2011/08/windows6.1-kb2570947-x64_654a77cdec5167cbda7d017de907d492ea2251f2.psf",
      "peer": "",
      "fileTime": "2011-08-30 08:46:30+00:00",
      "fileLength": "5084198",
      "bytesTotal": "25123",
      "bytesTransferred": "0",
      "bytesTransferredFromPeer": "0"
    },
    "RawXml": "<Event xmlns=\"http://schemas.microsoft.com/win/2004/08/events/event\"><System><Provider Name=\"Microsoft-Windows-Bits-Client\" Guid=\"{ef1cc15b-46c1-414e-bb95-e76b077bd51e}\"></Provider>\n<EventID Qualifiers=\"\">59</EventID>\n<Version>1</Version>\n<Level>4</Level>\n<Task>0</Task>\n<Opcode>1</Opcode>\n<Keywords>0x4000000000000000</Keywords>\n<TimeCreated SystemTime=\"2014-01-25 01:50:27.885448+00:00\"></TimeCreated>\n<EventRecordID>1149</EventRecordID>\n<Correlation ActivityID=\"{05cd4004-19ea-4a77-894f-97a47e578b58}\" RelatedActivityID=\"\"></Correlation>\n<Execution ProcessID=\"888\" ThreadID=\"2952\"></Execution>\n<Channel>Microsoft-Windows-Bits-Client/Operational</Channel>\n<Computer>IACIS-HDD-2014</Computer>\n<Security UserID=\"S-1-5-18\"></Security>\n</System>\n<EventData><Data Name=\"transferId\">{05cd4004-19ea-4a77-894f-97a47e578b58}</Data>\n<Data Name=\"name\">WU Client Download</Data>\n<Data Name=\"Id\">{fc274541-23e6-433d-a823-df87dd83d066}</Data>\n<Data Name=\"url\">http://download.windowsupdate.com/msdownload/update/software/secu/2011/08/windows6.1-kb2570947-x64_654a77cdec5167cbda7d017de907d492ea2251f2.psf</Data>\n<Data Name=\"peer\"></Data>\n<Data Name=\"fileTime\">2011-08-30 08:46:30+00:00</Data>\n<Data Name=\"fileLength\">5084198</Data>\n<Data Name=\"bytesTotal\">25123</Data>\n<Data Name=\"bytesTransferred\">0</Data>\n<Data Name=\"bytesTransferredFromPeer\">0</Data>\n</EventData>\n</Event>\n"
  },
  {
    "EventID": 59,
    "Timestamp": "2014-01-25 01:50:27.901049+00:00",
    "Computer": "IACIS-HDD-2014",
    "Channel": "Microsoft-Windows-Bits-Client/Operational",
    "Level": "Information",
    "EventData": {
      "transferId": "{f3a79598-e82d-4b00-9e23-fcc976fef122}",
      "name": "WU Client Download",
      "Id": "{3a77dd4f-bb64-4268-84e5-51e6fddce6b2}",
      "url": "http://download.windowsupdate.com/msdownload/update/software/secu/2011/10/windows6.1-kb2620704-x64_3ede4d815869dafe88622a9311e9c90ba526f13a.psf",
      "peer": "",
      "fileTime": "2011-10-19 17:15:03+00:00",
      "fileLength": "13355638",
      "bytesTotal": "8688",
      "bytesTransferred": "0",
      "bytesTransferredFromPeer": "0"
    },
    "RawXml": "<Event xmlns=\"http://schemas.microsoft.com/win/2004/08/events/event\"><System><Provider Name=\"Microsoft-Windows-Bits-Client\" Guid=\"{ef1cc15b-46c1-414e-bb95-e76b077bd51e}\"></Provider>\n<EventID Qualifiers=\"\">59</EventID>\n<Version>1</Version>\n<Level>4</Level>\n<Task>0</Task>\n<Opcode>1</Opcode>\n<Keywords>0x4000000000000000</Keywords>\n<TimeCreated SystemTime=\"2014-01-25 01:50:27.901049+00:00\"></TimeCreated>\n<EventRecordID>1150</EventRecordID>\n<Correlation ActivityID=\"{f3a79598-e82d-4b00-9e23-fcc976fef122}\" RelatedActivityID=\"\"></Correlation>\n<Execution ProcessID=\"888\" ThreadID=\"2952\"></Execution>\n<Channel>Microsoft-Windows-Bits-Client/Operational</Channel>\n<Computer>IACIS-HDD-2014</Computer>\n<Security UserID=\"S-1-5-18\"></Security>\n</System>\n<EventData><Data Name=\"transferId\">{f3a79598-e82d-4b00-9e23-fcc976fef122}</Data>\n<Data Name=\"name\">WU Client Download</Data>\n<Data Name=\"Id\">{3a77dd4f-bb64-4268-84e5-51e6fddce6b2}</Data>\n<Data Name=\"url\">http://download.windowsupdate.com/msdownload/update/software/secu/2011/10/windows6.1-kb2620704-x64_3ede4d815869dafe88622a9311e9c90ba526f13a.psf</Data>\n<Data Name=\"peer\"></Data>\n<Data Name=\"fileTime\">2011-10-19 17:15:03+00:00</Data>\n<Data Name=\"fileLength\">13355638</Data>\n<Data Name=\"bytesTotal\">8688</Data>\n<Data Name=\"bytesTransferred\">0</Data>\n<Data Name=\"bytesTransferredFromPeer\">0</Data>\n</EventData>\n</Event>\n"
  },
  {
    "EventID": 59,
    "Timestamp": "2014-01-25 01:50:27.916649+00:00",
    "Computer": "IACIS-HDD-2014",
    "Channel": "Microsoft-Windows-Bits-Client/Operational",
    "Level": "Information",
    "EventData": {
      "transferId": "{8668e6ec-5ac8-48e2-bcba-bc373dda884b}",
      "name": "WU Client Download",
      "Id": "{c1742cb3-c4bc-44d7-a8b7-fb943ad5fabf}",
      "url": "http://download.windowsupdate.com/msdownload/update/software/secu/2013/10/windows6.1-kb2893294-x64_ffa0570f41c53268330d368ccec50546ada65fd9.psf",
      "peer": "",
      "fileTime": "2013-10-22 18:48:12+00:00",
      "fileLength": "1976474",
      "bytesTotal": "15337",
      "bytesTransferred": "0",
      "bytesTransferredFromPeer": "0"
    },
    "RawXml": "<Event xmlns=\"http://schemas.microsoft.com/win/2004/08/events/event\"><System><Provider Name=\"Microsoft-Windows-Bits-Client\" Guid=\"{ef1cc15b-46c1-414e-bb95-e76b077bd51e}\"></Provider>\n<EventID Qualifiers=\"\">59</EventID>\n<Version>1</Version>\n<Level>4</Level>\n<Task>0</Task>\n<Opcode>1</Opcode>\n<Keywords>0x4000000000000000</Keywords>\n<TimeCreated SystemTime=\"2014-01-25 01:50:27.916649+00:00\"></TimeCreated>\n<EventRecordID>1151</EventRecordID>\n<Correlation ActivityID=\"{8668e6ec-5ac8-48e2-bcba-bc373dda884b}\" RelatedActivityID=\"\"></Correlation>\n<Execution ProcessID=\"888\" ThreadID=\"2952\"></Execution>\n<Channel>Microsoft-Windows-Bits-Client/Operational</Channel>\n<Computer>IACIS-HDD-2014</Computer>\n<Security UserID=\"S-1-5-18\"></Security>\n</System>\n<EventData><Data Name=\"transferId\">{8668e6ec-5ac8-48e2-bcba-bc373dda884b}</Data>\n<Data Name=\"name\">WU Client Download</Data>\n<Data Name=\"Id\">{c1742cb3-c4bc-44d7-a8b7-fb943ad5fabf}</Data>\n<Data Name=\"url\">http://download.windowsupdate.com/msdownload/update/software/secu/2013/10/windows6.1-kb2893294-x64_ffa0570f41c53268330d368ccec50546ada65fd9.psf</Data>\n<Data Name=\"peer\"></Data>\n<Data Name=\"fileTime\">2013-10-22 18:48:12+00:00</Data>\n<Data Name=\"fileLength\">1976474</Data>\n<Data Name=\"bytesTotal\">15337</Data>\n<Data Name=\"bytesTransferred\">0</Data>\n<Data Name=\"bytesTransferredFromPeer\">0</Data>\n</EventData>\n</Event>\n"
  },
  {
    "EventID": 59,
    "Timestamp": "2014-01-25 01:50:27.932249+00:00",
    "Computer": "IACIS-HDD-2014",
    "Channel": "Microsoft-Windows-Bits-Client/Operational",
    "Level": "Information",
    "EventData": {
      "transferId": "{93189383-c752-4b8a-ad52-2e0c89425ed4}",
      "name": "WU Client Download",
      "Id": "{3600a19b-cf81-499f-a27b-23d1ecdb90d6}",
      "url": "http://download.windowsupdate.com/msdownload/update/software/secu/2013/06/windows6.1-kb2840631-x64_9e153cf04bf17311fa265e6dc44a62f2dd501e19.psf",
      "peer": "",
      "fileTime": "2013-06-20 01:15:58+00:00",
      "fileLength": "1875248",
      "bytesTotal": "21961",
      "bytesTransferred": "0",
      "bytesTransferredFromPeer": "0"
    },
    "RawXml": "<Event xmlns=\"http://schemas.microsoft.com/win/2004/08/events/event\"><System><Provider Name=\"Microsoft-Windows-Bits-Client\" Guid=\"{ef1cc15b-46c1-414e-bb95-e76b077bd51e}\"></Provider>\n<EventID Qualifiers=\"\">59</EventID>\n<Version>1</Version>\n<Level>4</Level>\n<Task>0</Task>\n<Opcode>1</Opcode>\n<Keywords>0x4000000000000000</Keywords>\n<TimeCreated SystemTime=\"2014-01-25 01:50:27.932249+00:00\"></TimeCreated>\n<EventRecordID>1152</EventRecordID>\n<Correlation ActivityID=\"{93189383-c752-4b8a-ad52-2e0c89425ed4}\" RelatedActivityID=\"\"></Correlation>\n<Execution ProcessID=\"888\" ThreadID=\"2952\"></Execution>\n<Channel>Microsoft-Windows-Bits-Client/Operational</Channel>\n<Computer>IACIS-HDD-2014</Computer>\n<Security UserID=\"S-1-5-18\"></Security>\n</System>\n<EventData><Data Name=\"transferId\">{93189383-c752-4b8a-ad52-2e0c89425ed4}</Data>\n<Data Name=\"name\">WU Client Download</Data>\n<Data Name=\"Id\">{3600a19b-cf81-499f-a27b-23d1ecdb90d6}</Data>\n<Data Name=\"url\">http://download.windowsupdate.com/msdownload/update/software/secu/2013/06/windows6.1-kb2840631-x64_9e153cf04bf17311fa265e6dc44a62f2dd501e19.psf</Data>\n<Data Name=\"peer\"></Data>\n<Data Name=\"fileTime\">2013-06-20 01:15:58+00:00</Data>\n<Data Name=\"fileLength\">1875248</Data>\n<Data Name=\"bytesTotal\">21961</Data>\n<Data Name=\"bytesTransferred\">0</Data>\n<Data Name=\"bytesTransferredFromPeer\">0</Data>\n</EventData>\n</Event>\n"
  },
  {
    "EventID": 59,
    "Timestamp": "2014-01-25 01:50:27.947849+00:00",
    "Computer": "IACIS-HDD-2014",
    "Channel": "Microsoft-Windows-Bits-Client/Operational",
    "Level": "Information",
    "EventData": {
      "transferId": "{ca627ff3-6bb7-4f1a-a981-cace7f34fc1f}",
      "name": "WU Client Download",
      "Id": "{c5b77d12-eef6-41e3-9989-780466c570db}",
      "url": "http://download.windowsupdate.com/msdownload/update/software/secu/2011/07/windows6.1-kb2536276-v2-x64_05e4952f21e3df34ba78e4de9c9afe7588ea78ba.psf",
      "peer": "",
      "fileTime": "2011-07-20 01:21:09+00:00",
      "fileLength": "4579544",
      "bytesTotal": "23109",
      "bytesTransferred": "0",
      "bytesTransferredFromPeer": "0"
    },
    "RawXml": "<Event xmlns=\"http://schemas.microsoft.com/win/2004/08/events/event\"><System><Provider Name=\"Microsoft-Windows-Bits-Client\" Guid=\"{ef1cc15b-46c1-414e-bb95-e76b077bd51e}\"></Provider>\n<EventID Qualifiers=\"\">59</EventID>\n<Version>1</Version>\n<Level>4</Level>\n<Task>0</Task>\n<Opcode>1</Opcode>\n<Keywords>0x4000000000000000</Keywords>\n<TimeCreated SystemTime=\"2014-01-25 01:50:27.947849+00:00\"></TimeCreated>\n<EventRecordID>1153</EventRecordID>\n<Correlation ActivityID=\"{ca627ff3-6bb7-4f1a-a981-cace7f34fc1f}\" RelatedActivityID=\"\"></Correlation>\n<Execution ProcessID=\"888\" ThreadID=\"2952\"></Execution>\n<Channel>Microsoft-Windows-Bits-Client/Operational</Channel>\n<Computer>IACIS-HDD-2014</Computer>\n<Security UserID=\"S-1-5-18\"></Security>\n</System>\n<EventData><Data Name=\"transferId\">{ca627ff3-6bb7-4f1a-a981-cace7f34fc1f}</Data>\n<Data Name=\"name\">WU Client Download</Data>\n<Data Name=\"Id\">{c5b77d12-eef6-41e3-9989-780466c570db}</Data>\n<Data Name=\"url\">http://download.windowsupdate.com/msdownload/update/software/secu/2011/07/windows6.1-kb2536276-v2-x64_05e4952f21e3df34ba78e4de9c9afe7588ea78ba.psf</Data>\n<Data Name=\"peer\"></Data>\n<Data Name=\"fileTime\">2011-07-20 01:21:09+00:00</Data>\n<Data Name=\"fileLength\">4579544</Data>\n<Data Name=\"bytesTotal\">23109</Data>\n<Data Name=\"bytesTransferred\">0</Data>\n<Data Name=\"bytesTransferredFromPeer\">0</Data>\n</EventData>\n</Event>\n"
  },
  {
    "EventID": 59,
    "Timestamp": "2014-01-25 01:50:27.963449+00:00",
    "Computer": "IACIS-HDD-2014",
    "Channel": "Microsoft-Windows-Bits-Client/Operational",
    "Level": "Information",
    "EventData": {
      "transferId": "{18641537-da70-4a16-a3f2-0c5c7e4e9142}",
      "name": "WU Client Download",
      "Id": "{98d55650-6edc-46d8-af71-0b57409af76e}",
      "url": "http://download.windowsupdate.com/msdownload/update/software/secu/2011/11/windows6.1-kb2585542-x64_bb53e1886cb9523e7ad717e6f041de2d047dd724.psf",
      "peer": "",
      "fileTime": "2011-11-18 20:11:25+00:00",
      "fileLength": "28891504",
      "bytesTotal": "81390",
      "bytesTransferred": "0",
      "bytesTransferredFromPeer": "0"
    },
    "RawXml": "<Event xmlns=\"http://schemas.microsoft.com/win/2004/08/events/event\"><System><Provider Name=\"Microsoft-Windows-Bits-Client\" Guid=\"{ef1cc15b-46c1-414e-bb95-e76b077bd51e}\"></Provider>\n<EventID Qualifiers=\"\">59</EventID>\n<Version>1</Version>\n<Level>4</Level>\n<Task>0</Task>\n<Opcode>1</Opcode>\n<Keywords>0x4000000000000000</Keywords>\n<TimeCreated SystemTime=\"2014-01-25 01:50:27.963449+00:00\"></TimeCreated>\n<EventRecordID>1154</EventRecordID>\n<Correlation ActivityID=\"{18641537-da70-4a16-a3f2-0c5c7e4e9142}\" RelatedActivityID=\"\"></Correlation>\n<Execution ProcessID=\"888\" ThreadID=\"2952\"></Execution>\n<Channel>Microsoft-Windows-Bits-Client/Operational</Channel>\n<Computer>IACIS-HDD-2014</Computer>\n<Security UserID=\"S-1-5-18\"></Security>\n</System>\n<EventData><Data Name=\"transferId\">{18641537-da70-4a16-a3f2-0c5c7e4e9142}</Data>\n<Data Name=\"name\">WU Client Download</Data>\n<Data Name=\"Id\">{98d55650-6edc-46d8-af71-0b57409af76e}</Data>\n<Data Name=\"url\">http://download.windowsupdate.com/msdownload/update/software/secu/2011/11/windows6.1-kb2585542-x64_bb53e1886cb9523e7ad717e6f041de2d047dd724.psf</Data>\n<Data Name=\"peer\"></Data>\n<Data Name=\"fileTime\">2011-11-18 20:11:25+00:00</Data>\n<Data Name=\"fileLength\">28891504</Data>\n<Data Name=\"bytesTotal\">81390</Data>\n<Data Name=\"bytesTransferred\">0</Data>\n<Data Name=\"bytesTransferredFromPeer\">0</Data>\n</EventData>\n</Event>\n"
  },
  {
    "EventID": 59,
    "Timestamp": "2014-01-25 01:50:27.979050+00:00",
    "Computer": "IACIS-HDD-2014",
    "Channel": "Microsoft-Windows-Bits-Client/Operational",
    "Level": "Information",
    "EventData": {
      "transferId": "{0ef69376-722c-4d41-899b-c1e74d205336}",
      "name": "WU Client Download",
      "Id": "{35ce6a32-5658-4da7-ad4b-47f075651bbb}",
      "url": "http://download.windowsupdate.com/msdownload/update/software/secu/2012/12/windows6.1-kb2756921-x64_0a80929bea74860f11d7167a365f639183392b5e.psf",
      "peer": "",
      "fileTime": "2012-12-10 23:59:48+00:00",
      "fileLength": "80968343",
      "bytesTotal": "752095",
      "bytesTransferred": "0",
      "bytesTransferredFromPeer": "0"
    },
    "RawXml": "<Event xmlns=\"http://schemas.microsoft.com/win/2004/08/events/event\"><System><Provider Name=\"Microsoft-Windows-Bits-Client\" Guid=\"{ef1cc15b-46c1-414e-bb95-e76b077bd51e}\"></Provider>\n<EventID Qualifiers=\"\">59</EventID>\n<Version>1</Version>\n<Level>4</Level>\n<Task>0</Task>\n<Opcode>1</Opcode>\n<Keywords>0x4000000000000000</Keywords>\n<TimeCreated SystemTime=\"2014-01-25 01:50:27.979050+00:00\"></TimeCreated>\n<EventRecordID>1155</EventRecordID>\n<Correlation ActivityID=\"{0ef69376-722c-4d41-899b-c1e74d205336}\" RelatedActivityID=\"\"></Correlation>\n<Execution ProcessID=\"888\" ThreadID=\"2952\"></Execution>\n<Channel>Microsoft-Windows-Bits-Client/Operational</Channel>\n<Computer>IACIS-HDD-2014</Computer>\n<Security UserID=\"S-1-5-18\"></Security>\n</System>\n<EventData><Data Name=\"transferId\">{0ef69376-722c-4d41-899b-c1e74d205336}</Data>\n<Data Name=\"name\">WU Client Download</Data>\n<Data Name=\"Id\">{35ce6a32-5658-4da7-ad4b-47f075651bbb}</Data>\n<Data Name=\"url\">http://download.windowsupdate.com/msdownload/update/software/secu/2012/12/windows6.1-kb2756921-x64_0a80929bea74860f11d7167a365f639183392b5e.psf</Data>\n<Data Name=\"peer\"></Data>\n<Data Name=\"fileTime\">2012-12-10 23:59:48+00:00</Data>\n<Data Name=\"fileLength\">80968343</Data>\n<Data Name=\"bytesTotal\">752095</Data>\n<Data Name=\"bytesTransferred\">0</Data>\n<Data Name=\"bytesTransferredFromPeer\">0</Data>\n</EventData>\n</Event>\n"
  },
  {
    "EventID": 59,
    "Timestamp": "2014-01-25 01:50:27.994650+00:00",
    "Computer": "IACIS-HDD-2014",
    "Channel": "Microsoft-Windows-Bits-Client/Operational",
    "Level": "Information",
    "EventData": {
      "transferId": "{3fe015e9-fa96-48be-872c-caeed0ff0bde}",
      "name": "WU Client Download",
      "Id": "{2fb135fc-24cc-40ea-aec4-d1d071390813}",
      "url": "http://download.windowsupdate.com/msdownload/update/software/secu/2013/07/windows6.1-kb2864058-x64_d2e0b31ccbd2a28de2152fc78decdf60af96ebd1.psf",
      "peer": "",
      "fileTime": "2013-07-23 21:05:37+00:00",
      "fileLength": "9282433",
      "bytesTotal": "4805",
      "bytesTransferred": "0",
      "bytesTransferredFromPeer": "0"
    },
    "RawXml": "<Event xmlns=\"http://schemas.microsoft.com/win/2004/08/events/event\"><System><Provider Name=\"Microsoft-Windows-Bits-Client\" Guid=\"{ef1cc15b-46c1-414e-bb95-e76b077bd51e}\"></Provider>\n<EventID Qualifiers=\"\">59</EventID>\n<Version>1</Version>\n<Level>4</Level>\n<Task>0</Task>\n<Opcode>1</Opcode>\n<Keywords>0x4000000000000000</Keywords>\n<TimeCreated SystemTime=\"2014-01-25 01:50:27.994650+00:00\"></TimeCreated>\n<EventRecordID>1156</EventRecordID>\n<Correlation ActivityID=\"{3fe015e9-fa96-48be-872c-caeed0ff0bde}\" RelatedActivityID=\"\"></Correlation>\n<Execution ProcessID=\"888\" ThreadID=\"2952\"></Execution>\n<Channel>Microsoft-Windows-Bits-Client/Operational</Channel>\n<Computer>IACIS-HDD-2014</Computer>\n<Security UserID=\"S-1-5-18\"></Security>\n</System>\n<EventData><Data Name=\"transferId\">{3fe015e9-fa96-48be-872c-caeed0ff0bde}</Data>\n<Data Name=\"name\">WU Client Download</Data>\n<Data Name=\"Id\">{2fb135fc-24cc-40ea-aec4-d1d071390813}</Data>\n<Data Name=\"url\">http://download.windowsupdate.com/msdownload/update/software/secu/2013/07/windows6.1-kb2864058-x64_d2e0b31ccbd2a28de2152fc78decdf60af96ebd1.psf</Data>\n<Data Name=\"peer\"></Data>\n<Data Name=\"fileTime\">2013-07-23 21:05:37+00:00</Data>\n<Data Name=\"fileLength\">9282433</Data>\n<Data Name=\"bytesTotal\">4805</Data>\n<Data Name=\"bytesTransferred\">0</Data>\n<Data Name=\"bytesTransferredFromPeer\">0</Data>\n</EventData>\n</Event>\n"
  },
