  {
    "EventID": 40,
    "Timestamp": "2014-01-25 01:34:00.863714+00:00",
    "Computer": "IACIS-HDD-2014",
    "Channel": "Microsoft-Windows-WindowsUpdateClient/Operational",
    "Level": "Information",
    "EventData": {
      "updateGuid": "{d72afba3-193d-4374-b91d-6af4db6d0d45}",
      "updateRevisionNumber": "200"
    },
    "RawXml": "<Event xmlns=\"http://schemas.microsoft.com/win/2004/08/events/event\"><System><Provider Name=\"Microsoft-Windows-WindowsUpdateClient\" Guid=\"{945a8954-c147-4acd-923f-40c45405a658}\"></Provider>\n<EventID Qualifiers=\"\">40</EventID>\n<Version>0</Version>\n<Level>4</Level>\n<Task>1</Task>\n<Opcode>17</Opcode>\n<Keywords>0x4000000000000002</Keywords>\n<TimeCreated SystemTime=\"2014-01-25 01:34:00.863714+00:00\"></TimeCreated>\n<EventRecordID>158</EventRecordID>\n<Correlation ActivityID=\"\" RelatedActivityID=\"\"></Correlation>\n<Execution ProcessID=\"888\" ThreadID=\"1216\"></Execution>\n<Channel>Microsoft-Windows-WindowsUpdateClient/Operational</Channel>\n<Computer>IACIS-HDD-2014</Computer>\n<Security UserID=\"S-1-5-18\"></Security>\n</System>\n<EventData><Data Name=\"updateGuid\">{d72afba3-193d-4374-b91d-6af4db6d0d45}</Data>\n<Data Name=\"updateRevisionNumber\">200</Data>\n</EventData>\n</Event>\n"
  },
  {
    "EventID": 40,
    "Timestamp": "2014-01-25 01:34:00.863714+00:00",
    "Computer": "IACIS-HDD-2014",
    "Channel": "Microsoft-Windows-WindowsUpdateClient/Operational",
    "Level": "Information",
    "EventData": {
      "updateGuid": "{f58c530f-53f1-46af-b1eb-d04f3fe61e2c}",
      "updateRevisionNumber": "200"
    },
    "RawXml": "<Event xmlns=\"http://schemas.microsoft.com/win/2004/08/events/event\"><System><Provider Name=\"Microsoft-Windows-WindowsUpdateClient\" Guid=\"{945a8954-c147-4acd-923f-40c45405a658}\"></Provider>\n<EventID Qualifiers=\"\">40</EventID>\n<Version>0</Version>\n<Level>4</Level>\n<Task>1</Task>\n<Opcode>17</Opcode>\n<Keywords>0x4000000000000002</Keywords>\n<TimeCreated SystemTime=\"2014-01-25 01:34:00.863714+00:00\"></TimeCreated>\n<EventRecordID>159</EventRecordID>\n<Correlation ActivityID=\"\" RelatedActivityID=\"\"></Correlation>\n<Execution ProcessID=\"888\" ThreadID=\"1216\"></Execution>\n<Channel>Microsoft-Windows-WindowsUpdateClient/Operational</Channel>\n<Computer>IACIS-HDD-2014</Computer>\n<Security UserID=\"S-1-5-18\"></Security>\n</System>\n<EventData><Data Name=\"updateGuid\">{f58c530f-53f1-46af-b1eb-d04f3fe61e2c}</Data>\n<Data Name=\"updateRevisionNumber\">200</Data>\n</EventData>\n</Event>\n"
  },
  {
    "EventID": 40,
    "Timestamp": "2014-01-25 01:34:00.863714+00:00",
    "Computer": "IACIS-HDD-2014",
    "Channel": "Microsoft-Windows-WindowsUpdateClient/Operational",
    "Level": "Information",
    "EventData": {
      "updateGuid": "{ec1c253d-a3c5-49fb-a56a-9f2eeb223a1d}",
      "updateRevisionNumber": "200"
    },
    "RawXml": "<Event xmlns=\"http://schemas.microsoft.com/win/2004/08/events/event\"><System><Provider Name=\"Microsoft-Windows-WindowsUpdateClient\" Guid=\"{945a8954-c147-4acd-923f-40c45405a658}\"></Provider>\n<EventID Qualifiers=\"\">40</EventID>\n<Version>0</Version>\n<Level>4</Level>\n<Task>1</Task>\n<Opcode>17</Opcode>\n<Keywords>0x4000000000000002</Keywords>\n<TimeCreated SystemTime=\"2014-01-25 01:34:00.863714+00:00\"></TimeCreated>\n<EventRecordID>160</EventRecordID>\n<Correlation ActivityID=\"\" RelatedActivityID=\"\"></Correlation>\n<Execution ProcessID=\"888\" ThreadID=\"1216\"></Execution>\n<Channel>Microsoft-Windows-WindowsUpdateClient/Operational</Channel>\n<Computer>IACIS-HDD-2014</Computer>\n<Security UserID=\"S-1-5-18\"></Security>\n</System>\n<EventData><Data Name=\"updateGuid\">{ec1c253d-a3c5-49fb-a56a-9f2eeb223a1d}</Data>\n<Data Name=\"updateRevisionNumber\">200</Data>\n</EventData>\n</Event>\n"
  },
  {
    "EventID": 40,
    "Timestamp": "2014-01-25 01:34:00.863714+00:00",
    "Computer": "IACIS-HDD-2014",
    "Channel": "Microsoft-Windows-WindowsUpdateClient/Operational",
    "Level": "Information",
    "EventData": {
      "updateGuid": "{94fdbc91-8954-4f4f-b82f-44b02752d74a}",
      "updateRevisionNumber": "205"
    },
    "RawXml": "<Event xmlns=\"http://schemas.microsoft.com/win/2004/08/events/event\"><System><Provider Name=\"Microsoft-Windows-WindowsUpdateClient\" Guid=\"{945a8954-c147-4acd-923f-40c45405a658}\"></Provider>\n<EventID Qualifiers=\"\">40</EventID>\n<Version>0</Version>\n<Level>4</Level>\n<Task>1</Task>\n<Opcode>17</Opcode>\n<Keywords>0x4000000000000002</Keywords>\n<TimeCreated SystemTime=\"2014-01-25 01:34:00.863714+00:00\"></TimeCreated>\n<EventRecordID>161</EventRecordID>\n<Correlation ActivityID=\"\" RelatedActivityID=\"\"></Correlation>\n<Execution ProcessID=\"888\" ThreadID=\"1216\"></Execution>\n<Channel>Microsoft-Windows-WindowsUpdateClient/Operational</Channel>\n<Computer>IACIS-HDD-2014</Computer>\n<Security UserID=\"S-1-5-18\"></Security>\n</System>\n<EventData><Data Name=\"updateGuid\">{94fdbc91-8954-4f4f-b82f-44b02752d74a}</Data>\n<Data Name=\"updateRevisionNumber\">205</Data>\n</EventData>\n</Event>\n"
  },
  {
    "EventID": 40,
    "Timestamp": "2014-01-25 01:34:00.863714+00:00",
    "Computer": "IACIS-HDD-2014",
    "Channel": "Microsoft-Windows-WindowsUpdateClient/Operational",
    "Level": "Information",
    "EventData": {
      "updateGuid": "{d30e6b99-5ca6-49d4-83c5-7543236d341b}",
      "updateRevisionNumber": "204"
    },
    "RawXml": "<Event xmlns=\"http://schemas.microsoft.com/win/2004/08/events/event\"><System><Provider Name=\"Microsoft-Windows-WindowsUpdateClient\" Guid=\"{945a8954-c147-4acd-923f-40c45405a658}\"></Provider>\n<EventID Qualifiers=\"\">40</EventID>\n<Version>0</Version>\n<Level>4</Level>\n<Task>1</Task>\n<Opcode>17</Opcode>\n<Keywords>0x4000000000000002</Keywords>\n<TimeCreated SystemTime=\"2014-01-25 01:34:00.863714+00:00\"></TimeCreated>\n<EventRecordID>162</EventRecordID>\n<Correlation ActivityID=\"\" RelatedActivityID=\"\"></Correlation>\n<Execution ProcessID=\"888\" ThreadID=\"1216\"></Execution>\n<Channel>Microsoft-Windows-WindowsUpdateClient/Operational</Channel>\n<Computer>IACIS-HDD-2014</Computer>\n<Security UserID=\"S-1-5-18\"></Security>\n</System>\n<EventData><Data Name=\"updateGuid\">{d30e6b99-5ca6-49d4-83c5-7543236d341b}</Data>\n<Data Name=\"updateRevisionNumber\">204</Data>\n</EventData>\n</Event>\n"
  },
  {
    "EventID": 40,
    "Timestamp": "2014-01-25 01:34:00.863714+00:00",
    "Computer": "IACIS-HDD-2014",
    "Channel": "Microsoft-Windows-WindowsUpdateClient/Operational",
    "Level": "Information",
    "EventData": {
      "updateGuid": "{d9899193-8ebd-4a93-9418-4229c7c213ac}",
      "updateRevisionNumber": "202"
    },
    "RawXml": "<Event xmlns=\"http://schemas.microsoft.com/win/2004/08/events/event\"><System><Provider Name=\"Microsoft-Windows-WindowsUpdateClient\" Guid=\"{945a8954-c147-4acd-923f-40c45405a658}\"></Provider>\n<EventID Qualifiers=\"\">40</EventID>\n<Version>0</Version>\n<Level>4</Level>\n<Task>1</Task>\n<Opcode>17</Opcode>\n<Keywords>0x4000000000000002</Keywords>\n<TimeCreated SystemTime=\"2014-01-25 01:34:00.863714+00:00\"></TimeCreated>\n<EventRecordID>163</EventRecordID>\n<Correlation ActivityID=\"\" RelatedActivityID=\"\"></Correlation>\n<Execution ProcessID=\"888\" ThreadID=\"1216\"></Execution>\n<Channel>Microsoft-Windows-WindowsUpdateClient/Operational</Channel>\n<Computer>IACIS-HDD-2014</Computer>\n<Security UserID=\"S-1-5-18\"></Security>\n</System>\n<EventData><Data Name=\"updateGuid\">{d9899193-8ebd-4a93-9418-4229c7c213ac}</Data>\n<Data Name=\"updateRevisionNumber\">202</Data>\n</EventData>\n</Event>\n"
  },
  {
    "EventID": 40,
    "Timestamp": "2014-01-25 01:34:00.863714+00:00",
    "Computer": "IACIS-HDD-2014",
    "Channel": "Microsoft-Windows-WindowsUpdateClient/Operational",
    "Level": "Information",
    "EventData": {
      "updateGuid": "{84391e57-b891-4da5-8ad4-38d2fe74fc0e}",
      "updateRevisionNumber": "200"
    },
    "RawXml": "<Event xmlns=\"http://schemas.microsoft.com/win/2004/08/events/event\"><System><Provider Name=\"Microsoft-Windows-WindowsUpdateClient\" Guid=\"{945a8954-c147-4acd-923f-40c45405a658}\"></Provider>\n<EventID Qualifiers=\"\">40</EventID>\n<Version>0</Version>\n<Level>4</Level>\n<Task>1</Task>\n<Opcode>17</Opcode>\n<Keywords>0x4000000000000002</Keywords>\n<TimeCreated SystemTime=\"2014-01-25 01:34:00.863714+00:00\"></TimeCreated>\n<EventRecordID>164</EventRecordID>\n<Correlation ActivityID=\"\" RelatedActivityID=\"\"></Correlation>\n<Execution ProcessID=\"888\" ThreadID=\"1216\"></Execution>\n<Channel>Microsoft-Windows-WindowsUpdateClient/Operational</Channel>\n<Computer>IACIS-HDD-2014</Computer>\n<Security UserID=\"S-1-5-18\"></Security>\n</System>\n<EventData><Data Name=\"updateGuid\">{84391e57-b891-4da5-8ad4-38d2fe74fc0e}</Data>\n<Data Name=\"updateRevisionNumber\">200</Data>\n</EventData>\n</Event>\n"
  },
  {
    "EventID": 40,
    "Timestamp": "2014-01-25 01:34:00.863714+00:00",
    "Computer": "IACIS-HDD-2014",
    "Channel": "Microsoft-Windows-WindowsUpdateClient/Operational",
    "Level": "Information",
    "EventData": {
      "updateGuid": "{5f84379f-7c14-472f-b560-62a0cdec6f31}",
      "updateRevisionNumber": "204"
    },
    "RawXml": "<Event xmlns=\"http://schemas.microsoft.com/win/2004/08/events/event\"><System><Provider Name=\"Microsoft-Windows-WindowsUpdateClient\" Guid=\"{945a8954-c147-4acd-923f-40c45405a658}\"></Provider>\n<EventID Qualifiers=\"\">40</EventID>\n<Version>0</Version>\n<Level>4</Level>\n<Task>1</Task>\n<Opcode>17</Opcode>\n<Keywords>0x4000000000000002</Keywords>\n<TimeCreated SystemTime=\"2014-01-25 01:34:00.863714+00:00\"></TimeCreated>\n<EventRecordID>165</EventRecordID>\n<Correlation ActivityID=\"\" RelatedActivityID=\"\"></Correlation>\n<Execution ProcessID=\"888\" ThreadID=\"1216\"></Execution>\n<Channel>Microsoft-Windows-WindowsUpdateClient/Operational</Channel>\n<Computer>IACIS-HDD-2014</Computer>\n<Security UserID=\"S-1-5-18\"></Security>\n</System>\n<EventData><Data Name=\"updateGuid\">{5f84379f-7c14-472f-b560-62a0cdec6f31}</Data>\n<Data Name=\"updateRevisionNumber\">204</Data>\n</EventData>\n</Event>\n"
  },
  {
    "EventID": 40,
    "Timestamp": "2014-01-25 01:34:00.863714+00:00",
    "Computer": "IACIS-HDD-2014",
    "Channel": "Microsoft-Windows-WindowsUpdateClient/Operational",
    "Level": "Information",
    "EventData": {
      "updateGuid": "{88152097-0294-4098-b27c-d2fd479e9831}",
      "updateRevisionNumber": "202"
    },
    "RawXml": "<Event xmlns=\"http://schemas.microsoft.com/win/2004/08/events/event\"><System><Provider Name=\"Microsoft-Windows-WindowsUpdateClient\" Guid=\"{945a8954-c147-4acd-923f-40c45405a658}\"></Provider>\n<EventID Qualifiers=\"\">40</EventID>\n<Version>0</Version>\n<Level>4</Level>\n<Task>1</Task>\n<Opcode>17</Opcode>\n<Keywords>0x4000000000000002</Keywords>\n<TimeCreated SystemTime=\"2014-01-25 01:34:00.863714+00:00\"></TimeCreated>\n<EventRecordID>166</EventRecordID>\n<Correlation ActivityID=\"\" RelatedActivityID=\"\"></Correlation>\n<Execution ProcessID=\"888\" ThreadID=\"1216\"></Execution>\n<Channel>Microsoft-Windows-WindowsUpdateClient/Operational</Channel>\n<Computer>IACIS-HDD-2014</Computer>\n<Security UserID=\"S-1-5-18\"></Security>\n</System>\n<EventData><Data Name=\"updateGuid\">{88152097-0294-4098-b27c-d2fd479e9831}</Data>\n<Data Name=\"updateRevisionNumber\">202</Data>\n</EventData>\n</Event>\n"
  },
  {
    "EventID": 40,
    "Timestamp": "2014-01-25 01:34:00.863714+00:00",
    "Computer": "IACIS-HDD-2014",
    "Channel": "Microsoft-Windows-WindowsUpdateClient/Operational",
    "Level": "Information",
    "EventData": {
      "updateGuid": "{023bb023-490f-4df3-bcaa-9521ee8b5847}",
      "updateRevisionNumber": "201"
    },
    "RawXml": "<Event xmlns=\"http://schemas.microsoft.com/win/2004/08/events/event\"><System><Provider Name=\"Microsoft-Windows-WindowsUpdateClient\" Guid=\"{945a8954-c147-4acd-923f-40c45405a658}\"></Provider>\n<EventID Qualifiers=\"\">40</EventID>\n<Version>0</Version>\n<Level>4</Level>\n<Task>1</Task>\n<Opcode>17</Opcode>\n<Keywords>0x4000000000000002</Keywords>\n<TimeCreated SystemTime=\"2014-01-25 01:34:00.863714+00:00\"></TimeCreated>\n<EventRecordID>167</EventRecordID>\n<Correlation ActivityID=\"\" RelatedActivityID=\"\"></Correlation>\n<Execution ProcessID=\"888\" ThreadID=\"1216\"></Execution>\n<Channel>Microsoft-Windows-WindowsUpdateClient/Operational</Channel>\n<Computer>IACIS-HDD-2014</Computer>\n<Security UserID=\"S-1-5-18\"></Security>\n</System>\n<EventData><Data Name=\"updateGuid\">{023bb023-490f-4df3-bcaa-9521ee8b5847}</Data>\n<Data Name=\"updateRevisionNumber\">201</Data>\n</EventData>\n</Event>\n"
  },
  {
    "EventID": 40,
    "Timestamp": "2014-01-25 01:34:00.863714+00:00",
    "Computer": "IACIS-HDD-2014",
    "Channel": "Microsoft-Windows-WindowsUpdateClient/Operational",
    "Level": "Information",
    "EventData": {
      "updateGuid": "{c499223d-2f22-4626-bbe5-f5a35e7a5854}",
      "updateRevisionNumber": "204"
    },
    "RawXml": "<Event xmlns=\"http://schemas.microsoft.com/win/2004/08/events/event\"><System><Provider Name=\"Microsoft-Windows-WindowsUpdateClient\" Guid=\"{945a8954-c147-4acd-923f-40c45405a658}\"></Provider>\n<EventID Qualifiers=\"\">40</EventID>\n<Version>0</Version>\n<Level>4</Level>\n<Task>1</Task>\n<Opcode>17</Opcode>\n<Keywords>0x4000000000000002</Keywords>\n<TimeCreated SystemTime=\"2014-01-25 01:34:00.863714+00:00\"></TimeCreated>\n<EventRecordID>168</EventRecordID>\n<Correlation ActivityID=\"\" RelatedActivityID=\"\"></Correlation>\n<Execution ProcessID=\"888\" ThreadID=\"1216\"></Execution>\n<Channel>Microsoft-Windows-WindowsUpdateClient/Operational</Channel>\n<Computer>IACIS-HDD-2014</Computer>\n<Security UserID=\"S-1-5-18\"></Security>\n</System>\n<EventData><Data Name=\"updateGuid\">{c499223d-2f22-4626-bbe5-f5a35e7a5854}</Data>\n<Data Name=\"updateRevisionNumber\">204</Data>\n</EventData>\n</Event>\n"
  },
  {
    "EventID": 40,
    "Timestamp": "2014-01-25 01:34:00.863714+00:00",
    "Computer": "IACIS-HDD-2014",
    "Channel": "Microsoft-Windows-WindowsUpdateClient/Operational",
    "Level": "Information",
    "EventData": {
      "updateGuid": "{48beef41-9d2d-4e72-9a61-59f98b12c07a}",
      "updateRevisionNumber": "204"
    },
    "RawXml": "<Event xmlns=\"http://schemas.microsoft.com/win/2004/08/events/event\"><System><Provider Name=\"Microsoft-Windows-WindowsUpdateClient\" Guid=\"{945a8954-c147-4acd-923f-40c45405a658}\"></Provider>\n<EventID Qualifiers=\"\">40</EventID>\n<Version>0</Version>\n<Level>4</Level>\n<Task>1</Task>\n<Opcode>17</Opcode>\n<Keywords>0x4000000000000002</Keywords>\n<TimeCreated SystemTime=\"2014-01-25 01:34:00.863714+00:00\"></TimeCreated>\n<EventRecordID>169</EventRecordID>\n<Correlation ActivityID=\"\" RelatedActivityID=\"\"></Correlation>\n<Execution ProcessID=\"888\" ThreadID=\"1216\"></Execution>\n<Channel>Microsoft-Windows-WindowsUpdateClient/Operational</Channel>\n<Computer>IACIS-HDD-2014</Computer>\n<Security UserID=\"S-1-5-18\"></Security>\n</System>\n<EventData><Data Name=\"updateGuid\">{48beef41-9d2d-4e72-9a61-59f98b12c07a}</Data>\n<Data Name=\"updateRevisionNumber\">204</Data>\n</EventData>\n</Event>\n"
  },
  {
    "EventID": 40,
    "Timestamp": "2014-01-25 01:34:00.863714+00:00",
    "Computer": "IACIS-HDD-2014",
    "Channel": "Microsoft-Windows-WindowsUpdateClient/Operational",
    "Level": "Information",
    "EventData": {
      "updateGuid": "{6cfb7d17-f556-423a-b052-0a1f0463572e}",
      "updateRevisionNumber": "201"
    },
    "RawXml": "<Event xmlns=\"http://schemas.microsoft.com/win/2004/08/events/event\"><System><Provider Name=\"Microsoft-Windows-WindowsUpdateClient\" Guid=\"{945a8954-c147-4acd-923f-40c45405a658}\"></Provider>\n<EventID Qualifiers=\"\">40</EventID>\n<Version>0</Version>\n<Level>4</Level>\n<Task>1</Task>\n<Opcode>17</Opcode>\n<Keywords>0x4000000000000002</Keywords>\n<TimeCreated SystemTime=\"2014-01-25 01:34:00.863714+00:00\"></TimeCreated>\n<EventRecordID>170</EventRecordID>\n<Correlation ActivityID=\"\" RelatedActivityID=\"\"></Correlation>\n<Execution ProcessID=\"888\" ThreadID=\"1216\"></Execution>\n<Channel>Microsoft-Windows-WindowsUpdateClient/Operational</Channel>\n<Computer>IACIS-HDD-2014</Computer>\n<Security UserID=\"S-1-5-18\"></Security>\n</System>\n<EventData><Data Name=\"updateGuid\">{6cfb7d17-f556-423a-b052-0a1f0463572e}</Data>\n<Data Name=\"updateRevisionNumber\">201</Data>\n</EventData>\n</Event>\n"
  },
  {
    "EventID": 40,
    "Timestamp": "2014-01-25 01:34:00.863714+00:00",
    "Computer": "IACIS-HDD-2014",
    "Channel": "Microsoft-Windows-WindowsUpdateClient/Operational",
    "Level": "Information",
    "EventData": {
      "updateGuid": "{e923690f-b6cd-442d-8cba-ea162c00fb18}",
      "updateRevisionNumber": "202"
    },
    "RawXml": "<Event xmlns=\"http://schemas.microsoft.com/win/2004/08/events/event\"><System><Provider Name=\"Microsoft-Windows-WindowsUpdateClient\" Guid=\"{945a8954-c147-4acd-923f-40c45405a658}\"></Provider>\n<EventID Qualifiers=\"\">40</EventID>\n<Version>0</Version>\n<Level>4</Level>\n<Task>1</Task>\n<Opcode>17</Opcode>\n<Keywords>0x4000000000000002</Keywords>\n<TimeCreated SystemTime=\"2014-01-25 01:34:00.863714+00:00\"></TimeCreated>\n<EventRecordID>171</EventRecordID>\n<Correlation ActivityID=\"\" RelatedActivityID=\"\"></Correlation>\n<Execution ProcessID=\"888\" ThreadID=\"1216\"></Execution>\n<Channel>Microsoft-Windows-WindowsUpdateClient/Operational</Channel>\n<Computer>IACIS-HDD-2014</Computer>\n<Security UserID=\"S-1-5-18\"></Security>\n</System>\n<EventData><Data Name=\"updateGuid\">{e923690f-b6cd-442d-8cba-ea162c00fb18}</Data>\n<Data Name=\"updateRevisionNumber\">202</Data>\n</EventData>\n</Event>\n"
  },
  {
    "EventID": 40,
    "Timestamp": "2014-01-25 01:34:00.863714+00:00",
    "Computer": "IACIS-HDD-2014",
    "Channel": "Microsoft-Windows-WindowsUpdateClient/Operational",
    "Level": "Information",
    "EventData": {
      "updateGuid": "{903e9d9e-30a9-4156-be04-754188c23840}",
      "updateRevisionNumber": "201"
    },
    "RawXml": "<Event xmlns=\"http://schemas.microsoft.com/win/2004/08/events/event\"><System><Provider Name=\"Microsoft-Windows-WindowsUpdateClient\" Guid=\"{945a8954-c147-4acd-923f-40c45405a658}\"></Provider>\n<EventID Qualifiers=\"\">40</EventID>\n<Version>0</Version>\n<Level>4</Level>\n<Task>1</Task>\n<Opcode>17</Opcode>\n<Keywords>0x4000000000000002</Keywords>\n<TimeCreated SystemTime=\"2014-01-25 01:34:00.863714+00:00\"></TimeCreated>\n<EventRecordID>172</EventRecordID>\n<Correlation ActivityID=\"\" RelatedActivityID=\"\"></Correlation>\n<Execution ProcessID=\"888\" ThreadID=\"1216\"></Execution>\n<Channel>Microsoft-Windows-WindowsUpdateClient/Operational</Channel>\n<Computer>IACIS-HDD-2014</Computer>\n<Security UserID=\"S-1-5-18\"></Security>\n</System>\n<EventData><Data Name=\"updateGuid\">{903e9d9e-30a9-4156-be04-754188c23840}</Data>\n<Data Name=\"updateRevisionNumber\">201</Data>\n</EventData>\n</Event>\n"
  },
  {
    "EventID": 40,
    "Timestamp": "2014-01-25 01:34:00.863714+00:00",
    "Computer": "IACIS-HDD-2014",
    "Channel": "Microsoft-Windows-WindowsUpdateClient/Operational",
    "Level": "Information",
    "EventData": {
      "updateGuid": "{0993607d-5cbf-4546-9515-28629b29d53e}",
      "updateRevisionNumber": "204"
    },
    "RawXml": "<Event xmlns=\"http://schemas.microsoft.com/win/2004/08/events/event\"><System><Provider Name=\"Microsoft-Windows-WindowsUpdateClient\" Guid=\"{945a8954-c147-4acd-923f-40c45405a658}\"></Provider>\n<EventID Qualifiers=\"\">40</EventID>\n<Version>0</Version>\n<Level>4</Level>\n<Task>1</Task>\n<Opcode>17</Opcode>\n<Keywords>0x4000000000000002</Keywords>\n<TimeCreated SystemTime=\"2014-01-25 01:34:00.863714+00:00\"></TimeCreated>\n<EventRecordID>173</EventRecordID>\n<Correlation ActivityID=\"\" RelatedActivityID=\"\"></Correlation>\n<Execution ProcessID=\"888\" ThreadID=\"1216\"></Execution>\n<Channel>Microsoft-Windows-WindowsUpdateClient/Operational</Channel>\n<Computer>IACIS-HDD-2014</Computer>\n<Security UserID=\"S-1-5-18\"></Security>\n</System>\n<EventData><Data Name=\"updateGuid\">{0993607d-5cbf-4546-9515-28629b29d53e}</Data>\n<Data Name=\"updateRevisionNumber\">204</Data>\n</EventData>\n</Event>\n"
  },
  {
    "EventID": 40,
    "Timestamp": "2014-01-25 01:34:00.863714+00:00",
    "Computer": "IACIS-HDD-2014",
    "Channel": "Microsoft-Windows-WindowsUpdateClient/Operational",
    "Level": "Information",
    "EventData": {
      "updateGuid": "{b5fe9fec-70d7-4799-8c2a-2fab428ec3cd}",
      "updateRevisionNumber": "204"
    },
    "RawXml": "<Event xmlns=\"http://schemas.microsoft.com/win/2004/08/events/event\"><System><Provider Name=\"Microsoft-Windows-WindowsUpdateClient\" Guid=\"{945a8954-c147-4acd-923f-40c45405a658}\"></Provider>\n<EventID Qualifiers=\"\">40</EventID>\n<Version>0</Version>\n<Level>4</Level>\n<Task>1</Task>\n<Opcode>17</Opcode>\n<Keywords>0x4000000000000002</Keywords>\n<TimeCreated SystemTime=\"2014-01-25 01:34:00.863714+00:00\"></TimeCreated>\n<EventRecordID>174</EventRecordID>\n<Correlation ActivityID=\"\" RelatedActivityID=\"\"></Correlation>\n<Execution ProcessID=\"888\" ThreadID=\"1216\"></Execution>\n<Channel>Microsoft-Windows-WindowsUpdateClient/Operational</Channel>\n<Computer>IACIS-HDD-2014</Computer>\n<Security UserID=\"S-1-5-18\"></Security>\n</System>\n<EventData><Data Name=\"updateGuid\">{b5fe9fec-70d7-4799-8c2a-2fab428ec3cd}</Data>\n<Data Name=\"updateRevisionNumber\">204</Data>\n</EventData>\n</Event>\n"
  },
  {
    "EventID": 40,
    "Timestamp": "2014-01-25 01:34:00.863714+00:00",
    "Computer": "IACIS-HDD-2014",
    "Channel": "Microsoft-Windows-WindowsUpdateClient/Operational",
    "Level": "Information",
    "EventData": {
      "updateGuid": "{556c6688-5534-4cb7-99d1-a6fe2e197e16}",
      "updateRevisionNumber": "205"
    },
    "RawXml": "<Event xmlns=\"http://schemas.microsoft.com/win/2004/08/events/event\"><System><Provider Name=\"Microsoft-Windows-WindowsUpdateClient\" Guid=\"{945a8954-c147-4acd-923f-40c45405a658}\"></Provider>\n<EventID Qualifiers=\"\">40</EventID>\n<Version>0</Version>\n<Level>4</Level>\n<Task>1</Task>\n<Opcode>17</Opcode>\n<Keywords>0x4000000000000002</Keywords>\n<TimeCreated SystemTime=\"2014-01-25 01:34:00.863714+00:00\"></TimeCreated>\n<EventRecordID>175</EventRecordID>\n<Correlation ActivityID=\"\" RelatedActivityID=\"\"></Correlation>\n<Execution ProcessID=\"888\" ThreadID=\"1216\"></Execution>\n<Channel>Microsoft-Windows-WindowsUpdateClient/Operational</Channel>\n<Computer>IACIS-HDD-2014</Computer>\n<Security UserID=\"S-1-5-18\"></Security>\n</System>\n<EventData><Data Name=\"updateGuid\">{556c6688-5534-4cb7-99d1-a6fe2e197e16}</Data>\n<Data Name=\"updateRevisionNumber\">205</Data>\n</EventData>\n</Event>\n"
  },
  {
    "EventID": 40,
    "Timestamp": "2014-01-25 01:34:00.863714+00:00",
    "Computer": "IACIS-HDD-2014",
    "Channel": "Microsoft-Windows-WindowsUpdateClient/Operational",
    "Level": "Information",
    "EventData": {
      "updateGuid": "{ac11237f-c458-424b-80b4-ec98e47bc062}",
      "updateRevisionNumber": "205"
    },
    "RawXml": "<Event xmlns=\"http://schemas.microsoft.com/win/2004/08/events/event\"><System><Provider Name=\"Microsoft-Windows-WindowsUpdateClient\" Guid=\"{945a8954-c147-4acd-923f-40c45405a658}\"></Provider>\n<EventID Qualifiers=\"\">40</EventID>\n<Version>0</Version>\n<Level>4</Level>\n<Task>1</Task>\n<Opcode>17</Opcode>\n<Keywords>0x4000000000000002</Keywords>\n<TimeCreated SystemTime=\"2014-01-25 01:34:00.863714+00:00\"></TimeCreated>\n<EventRecordID>176</EventRecordID>\n<Correlation ActivityID=\"\" RelatedActivityID=\"\"></Correlation>\n<Execution ProcessID=\"888\" ThreadID=\"1216\"></Execution>\n<Channel>Microsoft-Windows-WindowsUpdateClient/Operational</Channel>\n<Computer>IACIS-HDD-2014</Computer>\n<Security UserID=\"S-1-5-18\"></Security>\n</System>\n<EventData><Data Name=\"updateGuid\">{ac11237f-c458-424b-80b4-ec98e47bc062}</Data>\n<Data Name=\"updateRevisionNumber\">205</Data>\n</EventData>\n</Event>\n"
  },
  {
    "EventID": 40,
    "Timestamp": "2014-01-25 01:34:00.863714+00:00",
    "Computer": "IACIS-HDD-2014",
    "Channel": "Microsoft-Windows-WindowsUpdateClient/Operational",
    "Level": "Information",
    "EventData": {
      "updateGuid": "{943ea6b3-de00-4583-b9b7-f954a28d9995}",
      "updateRevisionNumber": "201"
    },
    "RawXml": "<Event xmlns=\"http://schemas.microsoft.com/win/2004/08/events/event\"><System><Provider Name=\"Microsoft-Windows-WindowsUpdateClient\" Guid=\"{945a8954-c147-4acd-923f-40c45405a658}\"></Provider>\n<EventID Qualifiers=\"\">40</EventID>\n<Version>0</Version>\n<Level>4</Level>\n<Task>1</Task>\n<Opcode>17</Opcode>\n<Keywords>0x4000000000000002</Keywords>\n<TimeCreated SystemTime=\"2014-01-25 01:34:00.863714+00:00\"></TimeCreated>\n<EventRecordID>177</EventRecordID>\n<Correlation ActivityID=\"\" RelatedActivityID=\"\"></Correlation>\n<Execution ProcessID=\"888\" ThreadID=\"1216\"></Execution>\n<Channel>Microsoft-Windows-WindowsUpdateClient/Operational</Channel>\n<Computer>IACIS-HDD-2014</Computer>\n<Security UserID=\"S-1-5-18\"></Security>\n</System>\n<EventData><Data Name=\"updateGuid\">{943ea6b3-de00-4583-b9b7-f954a28d9995}</Data>\n<Data Name=\"updateRevisionNumber\">201</Data>\n</EventData>\n</Event>\n"
  },
  {
    "EventID": 40,
    "Timestamp": "2014-01-25 01:34:00.863714+00:00",
    "Computer": "IACIS-HDD-2014",
    "Channel": "Microsoft-Windows-WindowsUpdateClient/Operational",
    "Level": "Information",
    "EventData": {
      "updateGuid": "{ea3d7a07-b377-4451-8976-df2f5ca98f0e}",
      "updateRevisionNumber": "200"
    },
    "RawXml": "<Event xmlns=\"http://schemas.microsoft.com/win/2004/08/events/event\"><System><Provider Name=\"Microsoft-Windows-WindowsUpdateClient\" Guid=\"{945a8954-c147-4acd-923f-40c45405a658}\"></Provider>\n<EventID Qualifiers=\"\">40</EventID>\n<Version>0</Version>\n<Level>4</Level>\n<Task>1</Task>\n<Opcode>17</Opcode>\n<Keywords>0x4000000000000002</Keywords>\n<TimeCreated SystemTime=\"2014-01-25 01:34:00.863714+00:00\"></TimeCreated>\n<EventRecordID>178</EventRecordID>\n<Correlation ActivityID=\"\" RelatedActivityID=\"\"></Correlation>\n<Execution ProcessID=\"888\" ThreadID=\"1216\"></Execution>\n<Channel>Microsoft-Windows-WindowsUpdateClient/Operational</Channel>\n<Computer>IACIS-HDD-2014</Computer>\n<Security UserID=\"S-1-5-18\"></Security>\n</System>\n<EventData><Data Name=\"updateGuid\">{ea3d7a07-b377-4451-8976-df2f5ca98f0e}</Data>\n<Data Name=\"updateRevisionNumber\">200</Data>\n</EventData>\n</Event>\n"
  },
  {
    "EventID": 40,
    "Timestamp": "2014-01-25 01:34:00.863714+00:00",
    "Computer": "IACIS-HDD-2014",
    "Channel": "Microsoft-Windows-WindowsUpdateClient/Operational",
    "Level": "Information",
    "EventData": {
      "updateGuid": "{d43bb74a-684f-48b6-9fd1-c8091b89ce5e}",
      "updateRevisionNumber": "200"
    },
    "RawXml": "<Event xmlns=\"http://schemas.microsoft.com/win/2004/08/events/event\"><System><Provider Name=\"Microsoft-Windows-WindowsUpdateClient\" Guid=\"{945a8954-c147-4acd-923f-40c45405a658}\"></Provider>\n<EventID Qualifiers=\"\">40</EventID>\n<Version>0</Version>\n<Level>4</Level>\n<Task>1</Task>\n<Opcode>17</Opcode>\n<Keywords>0x4000000000000002</Keywords>\n<TimeCreated SystemTime=\"2014-01-25 01:34:00.863714+00:00\"></TimeCreated>\n<EventRecordID>179</EventRecordID>\n<Correlation ActivityID=\"\" RelatedActivityID=\"\"></Correlation>\n<Execution ProcessID=\"888\" ThreadID=\"1216\"></Execution>\n<Channel>Microsoft-Windows-WindowsUpdateClient/Operational</Channel>\n<Computer>IACIS-HDD-2014</Computer>\n<Security UserID=\"S-1-5-18\"></Security>\n</System>\n<EventData><Data Name=\"updateGuid\">{d43bb74a-684f-48b6-9fd1-c8091b89ce5e}</Data>\n<Data Name=\"updateRevisionNumber\">200</Data>\n</EventData>\n</Event>\n"
  },
  {
    "EventID": 40,
    "Timestamp": "2014-01-25 01:34:00.863714+00:00",
    "Computer": "IACIS-HDD-2014",
    "Channel": "Microsoft-Windows-WindowsUpdateClient/Operational",
    "Level": "Information",
    "EventData": {
      "updateGuid": "{acf78076-4eb1-4aa2-b7a8-1fd495789486}",
      "updateRevisionNumber": "200"
    },
    "RawXml": "<Event xmlns=\"http://schemas.microsoft.com/win/2004/08/events/event\"><System><Provider Name=\"Microsoft-Windows-WindowsUpdateClient\" Guid=\"{945a8954-c147-4acd-923f-40c45405a658}\"></Provider>\n<EventID Qualifiers=\"\">40</EventID>\n<Version>0</Version>\n<Level>4</Level>\n<Task>1</Task>\n<Opcode>17</Opcode>\n<Keywords>0x4000000000000002</Keywords>\n<TimeCreated SystemTime=\"2014-01-25 01:34:00.863714+00:00\"></TimeCreated>\n<EventRecordID>180</EventRecordID>\n<Correlation ActivityID=\"\" RelatedActivityID=\"\"></Correlation>\n<Execution ProcessID=\"888\" ThreadID=\"1216\"></Execution>\n<Channel>Microsoft-Windows-WindowsUpdateClient/Operational</Channel>\n<Computer>IACIS-HDD-2014</Computer>\n<Security UserID=\"S-1-5-18\"></Security>\n</System>\n<EventData><Data Name=\"updateGuid\">{acf78076-4eb1-4aa2-b7a8-1fd495789486}</Data>\n<Data Name=\"updateRevisionNumber\">200</Data>\n</EventData>\n</Event>\n"
  },
  {
    "EventID": 40,
    "Timestamp": "2014-01-25 01:34:00.863714+00:00",
    "Computer": "IACIS-HDD-2014",
    "Channel": "Microsoft-Windows-WindowsUpdateClient/Operational",
    "Level": "Information",
    "EventData": {
      "updateGuid": "{f0d4b227-1a67-4392-9333-f19e13002b5c}",
      "updateRevisionNumber": "201"
    },
    "RawXml": "<Event xmlns=\"http://schemas.microsoft.com/win/2004/08/events/event\"><System><Provider Name=\"Microsoft-Windows-WindowsUpdateClient\" Guid=\"{945a8954-c147-4acd-923f-40c45405a658}\"></Provider>\n<EventID Qualifiers=\"\">40</EventID>\n<Version>0</Version>\n<Level>4</Level>\n<Task>1</Task>\n<Opcode>17</Opcode>\n<Keywords>0x4000000000000002</Keywords>\n<TimeCreated SystemTime=\"2014-01-25 01:34:00.863714+00:00\"></TimeCreated>\n<EventRecordID>181</EventRecordID>\n<Correlation ActivityID=\"\" RelatedActivityID=\"\"></Correlation>\n<Execution ProcessID=\"888\" ThreadID=\"1216\"></Execution>\n<Channel>Microsoft-Windows-WindowsUpdateClient/Operational</Channel>\n<Computer>IACIS-HDD-2014</Computer>\n<Security UserID=\"S-1-5-18\"></Security>\n</System>\n<EventData><Data Name=\"updateGuid\">{f0d4b227-1a67-4392-9333-f19e13002b5c}</Data>\n<Data Name=\"updateRevisionNumber\">201</Data>\n</EventData>\n</Event>\n"
  },
  {
    "EventID": 40,
    "Timestamp": "2014-01-25 01:34:00.863714+00:00",
    "Computer": "IACIS-HDD-2014",
    "Channel": "Microsoft-Windows-WindowsUpdateClient/Operational",
    "Level": "Information",
    "EventData": {
      "updateGuid": "{505fda07-b4f3-45fb-83d9-8642554e2773}",
      "updateRevisionNumber": "200"
    },
    "RawXml": "<Event xmlns=\"http://schemas.microsoft.com/win/2004/08/events/event\"><System><Provider Name=\"Microsoft-Windows-WindowsUpdateClient\" Guid=\"{945a8954-c147-4acd-923f-40c45405a658}\"></Provider>\n<EventID Qualifiers=\"\">40</EventID>\n<Version>0</Version>\n<Level>4</Level>\n<Task>1</Task>\n<Opcode>17</Opcode>\n<Keywords>0x4000000000000002</Keywords>\n<TimeCreated SystemTime=\"2014-01-25 01:34:00.863714+00:00\"></TimeCreated>\n<EventRecordID>182</EventRecordID>\n<Correlation ActivityID=\"\" RelatedActivityID=\"\"></Correlation>\n<Execution ProcessID=\"888\" ThreadID=\"1216\"></Execution>\n<Channel>Microsoft-Windows-WindowsUpdateClient/Operational</Channel>\n<Computer>IACIS-HDD-2014</Computer>\n<Security UserID=\"S-1-5-18\"></Security>\n</System>\n<EventData><Data Name=\"updateGuid\">{505fda07-b4f3-45fb-83d9-8642554e2773}</Data>\n<Data Name=\"updateRevisionNumber\">200</Data>\n</EventData>\n</Event>\n"
  },
  {
    "EventID": 40,
    "Timestamp": "2014-01-25 01:34:00.863714+00:00",
    "Computer": "IACIS-HDD-2014",
    "Channel": "Microsoft-Windows-WindowsUpdateClient/Operational",
    "Level": "Information",
    "EventData": {
      "updateGuid": "{34c01b9a-89a8-447e-b71b-22b688794908}",
      "updateRevisionNumber": "201"
    },
    "RawXml": "<Event xmlns=\"http://schemas.microsoft.com/win/2004/08/events/event\"><System><Provider Name=\"Microsoft-Windows-WindowsUpdateClient\" Guid=\"{945a8954-c147-4acd-923f-40c45405a658}\"></Provider>\n<EventID Qualifiers=\"\">40</EventID>\n<Version>0</Version>\n<Level>4</Level>\n<Task>1</Task>\n<Opcode>17</Opcode>\n<Keywords>0x4000000000000002</Keywords>\n<TimeCreated SystemTime=\"2014-01-25 01:34:00.863714+00:00\"></TimeCreated>\n<EventRecordID>183</EventRecordID>\n<Correlation ActivityID=\"\" RelatedActivityID=\"\"></Correlation>\n<Execution ProcessID=\"888\" ThreadID=\"1216\"></Execution>\n<Channel>Microsoft-Windows-WindowsUpdateClient/Operational</Channel>\n<Computer>IACIS-HDD-2014</Computer>\n<Security UserID=\"S-1-5-18\"></Security>\n</System>\n<EventData><Data Name=\"updateGuid\">{34c01b9a-89a8-447e-b71b-22b688794908}</Data>\n<Data Name=\"updateRevisionNumber\">201</Data>\n</EventData>\n</Event>\n"
  },
  {
    "EventID": 40,
    "Timestamp": "2014-01-25 01:34:00.863714+00:00",
    "Computer": "IACIS-HDD-2014",
    "Channel": "Microsoft-Windows-WindowsUpdateClient/Operational",
    "Level": "Information",
    "EventData": {
      "updateGuid": "{d23176ad-c185-449c-8654-942d97347eba}",
      "updateRevisionNumber": "201"
    },
    "RawXml": "<Event xmlns=\"http://schemas.microsoft.com/win/2004/08/events/event\"><System><Provider Name=\"Microsoft-Windows-WindowsUpdateClient\" Guid=\"{945a8954-c147-4acd-923f-40c45405a658}\"></Provider>\n<EventID Qualifiers=\"\">40</EventID>\n<Version>0</Version>\n<Level>4</Level>\n<Task>1</Task>\n<Opcode>17</Opcode>\n<Keywords>0x4000000000000002</Keywords>\n<TimeCreated SystemTime=\"2014-01-25 01:34:00.863714+00:00\"></TimeCreated>\n<EventRecordID>184</EventRecordID>\n<Correlation ActivityID=\"\" RelatedActivityID=\"\"></Correlation>\n<Execution ProcessID=\"888\" ThreadID=\"1216\"></Execution>\n<Channel>Microsoft-Windows-WindowsUpdateClient/Operational</Channel>\n<Computer>IACIS-HDD-2014</Computer>\n<Security UserID=\"S-1-5-18\"></Security>\n</System>\n<EventData><Data Name=\"updateGuid\">{d23176ad-c185-449c-8654-942d97347eba}</Data>\n<Data Name=\"updateRevisionNumber\">201</Data>\n</EventData>\n</Event>\n"
  },
  {
    "EventID": 40,
    "Timestamp": "2014-01-25 01:34:00.863714+00:00",
    "Computer": "IACIS-HDD-2014",
    "Channel": "Microsoft-Windows-WindowsUpdateClient/Operational",
    "Level": "Information",
    "EventData": {
      "updateGuid": "{9e1c0bbe-ce5f-45d9-89de-1c8900d3f36a}",
      "updateRevisionNumber": "203"
    },
    "RawXml": "<Event xmlns=\"http://schemas.microsoft.com/win/2004/08/events/event\"><System><Provider Name=\"Microsoft-Windows-WindowsUpdateClient\" Guid=\"{945a8954-c147-4acd-923f-40c45405a658}\"></Provider>\n<EventID Qualifiers=\"\">40</EventID>\n<Version>0</Version>\n<Level>4</Level>\n<Task>1</Task>\n<Opcode>17</Opcode>\n<Keywords>0x4000000000000002</Keywords>\n<TimeCreated SystemTime=\"2014-01-25 01:34:00.863714+00:00\"></TimeCreated>\n<EventRecordID>185</EventRecordID>\n<Correlation ActivityID=\"\" RelatedActivityID=\"\"></Correlation>\n<Execution ProcessID=\"888\" ThreadID=\"1216\"></Execution>\n<Channel>Microsoft-Windows-WindowsUpdateClient/Operational</Channel>\n<Computer>IACIS-HDD-2014</Computer>\n<Security UserID=\"S-1-5-18\"></Security>\n</System>\n<EventData><Data Name=\"updateGuid\">{9e1c0bbe-ce5f-45d9-89de-1c8900d3f36a}</Data>\n<Data Name=\"updateRevisionNumber\">203</Data>\n</EventData>\n</Event>\n"
  },
  {
    "EventID": 40,
    "Timestamp": "2014-01-25 01:34:00.863714+00:00",
    "Computer": "IACIS-HDD-2014",
    "Channel": "Microsoft-Windows-WindowsUpdateClient/Operational",
    "Level": "Information",
    "EventData": {
      "updateGuid": "{af347830-f2ba-44fb-9429-539921038509}",
      "updateRevisionNumber": "201"
    },
    "RawXml": "<Event xmlns=\"http://schemas.microsoft.com/win/2004/08/events/event\"><System><Provider Name=\"Microsoft-Windows-WindowsUpdateClient\" Guid=\"{945a8954-c147-4acd-923f-40c45405a658}\"></Provider>\n<EventID Qualifiers=\"\">40</EventID>\n<Version>0</Version>\n<Level>4</Level>\n<Task>1</Task>\n<Opcode>17</Opcode>\n<Keywords>0x4000000000000002</Keywords>\n<TimeCreated SystemTime=\"2014-01-25 01:34:00.863714+00:00\"></TimeCreated>\n<EventRecordID>186</EventRecordID>\n<Correlation ActivityID=\"\" RelatedActivityID=\"\"></Correlation>\n<Execution ProcessID=\"888\" ThreadID=\"1216\"></Execution>\n<Channel>Microsoft-Windows-WindowsUpdateClient/Operational</Channel>\n<Computer>IACIS-HDD-2014</Computer>\n<Security UserID=\"S-1-5-18\"></Security>\n</System>\n<EventData><Data Name=\"updateGuid\">{af347830-f2ba-44fb-9429-539921038509}</Data>\n<Data Name=\"updateRevisionNumber\">201</Data>\n</EventData>\n</Event>\n"
  },
  {
    "EventID": 40,
    "Timestamp": "2014-01-25 01:34:00.863714+00:00",
    "Computer": "IACIS-HDD-2014",
    "Channel": "Microsoft-Windows-WindowsUpdateClient/Operational",
    "Level": "Information",
    "EventData": {
      "updateGuid": "{6e5fe89e-960b-442b-a5fd-6f1e1db0ab05}",
      "updateRevisionNumber": "201"
    },
    "RawXml": "<Event xmlns=\"http://schemas.microsoft.com/win/2004/08/events/event\"><System><Provider Name=\"Microsoft-Windows-WindowsUpdateClient\" Guid=\"{945a8954-c147-4acd-923f-40c45405a658}\"></Provider>\n<EventID Qualifiers=\"\">40</EventID>\n<Version>0</Version>\n<Level>4</Level>\n<Task>1</Task>\n<Opcode>17</Opcode>\n<Keywords>0x4000000000000002</Keywords>\n<TimeCreated SystemTime=\"2014-01-25 01:34:00.863714+00:00\"></TimeCreated>\n<EventRecordID>187</EventRecordID>\n<Correlation ActivityID=\"\" RelatedActivityID=\"\"></Correlation>\n<Execution ProcessID=\"888\" ThreadID=\"1216\"></Execution>\n<Channel>Microsoft-Windows-WindowsUpdateClient/Operational</Channel>\n<Computer>IACIS-HDD-2014</Computer>\n<Security UserID=\"S-1-5-18\"></Security>\n</System>\n<EventData><Data Name=\"updateGuid\">{6e5fe89e-960b-442b-a5fd-6f1e1db0ab05}</Data>\n<Data Name=\"updateRevisionNumber\">201</Data>\n</EventData>\n</Event>\n"
  },
  {
    "EventID": 40,
    "Timestamp": "2014-01-25 01:34:00.863714+00:00",
    "Computer": "IACIS-HDD-2014",
    "Channel": "Microsoft-Windows-WindowsUpdateClient/Operational",
    "Level": "Information",
    "EventData": {
      "updateGuid": "{871343aa-4c79-4f01-95e6-a4b9eddcfd7f}",
      "updateRevisionNumber": "201"
    },
    "RawXml": "<Event xmlns=\"http://schemas.microsoft.com/win/2004/08/events/event\"><System><Provider Name=\"Microsoft-Windows-WindowsUpdateClient\" Guid=\"{945a8954-c147-4acd-923f-40c45405a658}\"></Provider>\n<EventID Qualifiers=\"\">40</EventID>\n<Version>0</Version>\n<Level>4</Level>\n<Task>1</Task>\n<Opcode>17</Opcode>\n<Keywords>0x4000000000000002</Keywords>\n<TimeCreated SystemTime=\"2014-01-25 01:34:00.863714+00:00\"></TimeCreated>\n<EventRecordID>188</EventRecordID>\n<Correlation ActivityID=\"\" RelatedActivityID=\"\"></Correlation>\n<Execution ProcessID=\"888\" ThreadID=\"1216\"></Execution>\n<Channel>Microsoft-Windows-WindowsUpdateClient/Operational</Channel>\n<Computer>IACIS-HDD-2014</Computer>\n<Security UserID=\"S-1-5-18\"></Security>\n</System>\n<EventData><Data Name=\"updateGuid\">{871343aa-4c79-4f01-95e6-a4b9eddcfd7f}</Data>\n<Data Name=\"updateRevisionNumber\">201</Data>\n</EventData>\n</Event>\n"
  },
  {
    "EventID": 40,
    "Timestamp": "2014-01-25 01:34:00.863714+00:00",
    "Computer": "IACIS-HDD-2014",
    "Channel": "Microsoft-Windows-WindowsUpdateClient/Operational",
    "Level": "Information",
    "EventData": {
      "updateGuid": "{7b3369e2-5608-495b-af58-a9f66c0676d2}",
      "updateRevisionNumber": "205"
    },
    "RawXml": "<Event xmlns=\"http://schemas.microsoft.com/win/2004/08/events/event\"><System><Provider Name=\"Microsoft-Windows-WindowsUpdateClient\" Guid=\"{945a8954-c147-4acd-923f-40c45405a658}\"></Provider>\n<EventID Qualifiers=\"\">40</EventID>\n<Version>0</Version>\n<Level>4</Level>\n<Task>1</Task>\n<Opcode>17</Opcode>\n<Keywords>0x4000000000000002</Keywords>\n<TimeCreated SystemTime=\"2014-01-25 01:34:00.863714+00:00\"></TimeCreated>\n<EventRecordID>189</EventRecordID>\n<Correlation ActivityID=\"\" RelatedActivityID=\"\"></Correlation>\n<Execution ProcessID=\"888\" ThreadID=\"1216\"></Execution>\n<Channel>Microsoft-Windows-WindowsUpdateClient/Operational</Channel>\n<Computer>IACIS-HDD-2014</Computer>\n<Security UserID=\"S-1-5-18\"></Security>\n</System>\n<EventData><Data Name=\"updateGuid\">{7b3369e2-5608-495b-af58-a9f66c0676d2}</Data>\n<Data Name=\"updateRevisionNumber\">205</Data>\n</EventData>\n</Event>\n"
  },
  {
    "EventID": 40,
    "Timestamp": "2014-01-25 01:34:00.863714+00:00",
    "Computer": "IACIS-HDD-2014",
    "Channel": "Microsoft-Windows-WindowsUpdateClient/Operational",
    "Level": "Information",
    "EventData": {
      "updateGuid": "{5eb03bea-4f70-4136-9529-3ba5015aee9a}",
      "updateRevisionNumber": "200"
    },
    "RawXml": "<Event xmlns=\"http://schemas.microsoft.com/win/2004/08/events/event\"><System><Provider Name=\"Microsoft-Windows-WindowsUpdateClient\" Guid=\"{945a8954-c147-4acd-923f-40c45405a658}\"></Provider>\n<EventID Qualifiers=\"\">40</EventID>\n<Version>0</Version>\n<Level>4</Level>\n<Task>1</Task>\n<Opcode>17</Opcode>\n<Keywords>0x4000000000000002</Keywords>\n<TimeCreated SystemTime=\"2014-01-25 01:34:00.863714+00:00\"></TimeCreated>\n<EventRecordID>190</EventRecordID>\n<Correlation ActivityID=\"\" RelatedActivityID=\"\"></Correlation>\n<Execution ProcessID=\"888\" ThreadID=\"1216\"></Execution>\n<Channel>Microsoft-Windows-WindowsUpdateClient/Operational</Channel>\n<Computer>IACIS-HDD-2014</Computer>\n<Security UserID=\"S-1-5-18\"></Security>\n</System>\n<EventData><Data Name=\"updateGuid\">{5eb03bea-4f70-4136-9529-3ba5015aee9a}</Data>\n<Data Name=\"updateRevisionNumber\">200</Data>\n</EventData>\n</Event>\n"
  },
  {
    "EventID": 40,
    "Timestamp": "2014-01-25 01:34:00.863714+00:00",
    "Computer": "IACIS-HDD-2014",
    "Channel": "Microsoft-Windows-WindowsUpdateClient/Operational",
    "Level": "Information",
    "EventData": {
      "updateGuid": "{3d76be38-4ab5-4a4e-8914-e4c86034b978}",
      "updateRevisionNumber": "200"
    },
    "RawXml": "<Event xmlns=\"http://schemas.microsoft.com/win/2004/08/events/event\"><System><Provider Name=\"Microsoft-Windows-WindowsUpdateClient\" Guid=\"{945a8954-c147-4acd-923f-40c45405a658}\"></Provider>\n<EventID Qualifiers=\"\">40</EventID>\n<Version>0</Version>\n<Level>4</Level>\n<Task>1</Task>\n<Opcode>17</Opcode>\n<Keywords>0x4000000000000002</Keywords>\n<TimeCreated SystemTime=\"2014-01-25 01:34:00.863714+00:00\"></TimeCreated>\n<EventRecordID>191</EventRecordID>\n<Correlation ActivityID=\"\" RelatedActivityID=\"\"></Correlation>\n<Execution ProcessID=\"888\" ThreadID=\"1216\"></Execution>\n<Channel>Microsoft-Windows-WindowsUpdateClient/Operational</Channel>\n<Computer>IACIS-HDD-2014</Computer>\n<Security UserID=\"S-1-5-18\"></Security>\n</System>\n<EventData><Data Name=\"updateGuid\">{3d76be38-4ab5-4a4e-8914-e4c86034b978}</Data>\n<Data Name=\"updateRevisionNumber\">200</Data>\n</EventData>\n</Event>\n"
  },
  {
    "EventID": 40,
    "Timestamp": "2014-01-25 01:34:00.863714+00:00",
    "Computer": "IACIS-HDD-2014",
    "Channel": "Microsoft-Windows-WindowsUpdateClient/Operational",
    "Level": "Information",
    "EventData": {
      "updateGuid": "{382d51ba-0af8-4217-8b1e-33c2dbbf04d0}",
      "updateRevisionNumber": "202"
    },
    "RawXml": "<Event xmlns=\"http://schemas.microsoft.com/win/2004/08/events/event\"><System><Provider Name=\"Microsoft-Windows-WindowsUpdateClient\" Guid=\"{945a8954-c147-4acd-923f-40c45405a658}\"></Provider>\n<EventID Qualifiers=\"\">40</EventID>\n<Version>0</Version>\n<Level>4</Level>\n<Task>1</Task>\n<Opcode>17</Opcode>\n<Keywords>0x4000000000000002</Keywords>\n<TimeCreated SystemTime=\"2014-01-25 01:34:00.863714+00:00\"></TimeCreated>\n<EventRecordID>192</EventRecordID>\n<Correlation ActivityID=\"\" RelatedActivityID=\"\"></Correlation>\n<Execution ProcessID=\"888\" ThreadID=\"1216\"></Execution>\n<Channel>Microsoft-Windows-WindowsUpdateClient/Operational</Channel>\n<Computer>IACIS-HDD-2014</Computer>\n<Security UserID=\"S-1-5-18\"></Security>\n</System>\n<EventData><Data Name=\"updateGuid\">{382d51ba-0af8-4217-8b1e-33c2dbbf04d0}</Data>\n<Data Name=\"updateRevisionNumber\">202</Data>\n</EventData>\n</Event>\n"
  },
  {
    "EventID": 40,
    "Timestamp": "2014-01-25 01:34:00.863714+00:00",
    "Computer": "IACIS-HDD-2014",
    "Channel": "Microsoft-Windows-WindowsUpdateClient/Operational",
    "Level": "Information",
    "EventData": {
      "updateGuid": "{6f04f6a8-3a50-4b98-a9fc-8856f32e1100}",
      "updateRevisionNumber": "201"
    },
    "RawXml": "<Event xmlns=\"http://schemas.microsoft.com/win/2004/08/events/event\"><System><Provider Name=\"Microsoft-Windows-WindowsUpdateClient\" Guid=\"{945a8954-c147-4acd-923f-40c45405a658}\"></Provider>\n<EventID Qualifiers=\"\">40</EventID>\n<Version>0</Version>\n<Level>4</Level>\n<Task>1</Task>\n<Opcode>17</Opcode>\n<Keywords>0x4000000000000002</Keywords>\n<TimeCreated SystemTime=\"2014-01-25 01:34:00.863714+00:00\"></TimeCreated>\n<EventRecordID>193</EventRecordID>\n<Correlation ActivityID=\"\" RelatedActivityID=\"\"></Correlation>\n<Execution ProcessID=\"888\" ThreadID=\"1216\"></Execution>\n<Channel>Microsoft-Windows-WindowsUpdateClient/Operational</Channel>\n<Computer>IACIS-HDD-2014</Computer>\n<Security UserID=\"S-1-5-18\"></Security>\n</System>\n<EventData><Data Name=\"updateGuid\">{6f04f6a8-3a50-4b98-a9fc-8856f32e1100}</Data>\n<Data Name=\"updateRevisionNumber\">201</Data>\n</EventData>\n</Event>\n"
  },
  {
    "EventID": 40,
    "Timestamp": "2014-01-25 01:34:00.863714+00:00",
    "Computer": "IACIS-HDD-2014",
    "Channel": "Microsoft-Windows-WindowsUpdateClient/Operational",
    "Level": "Information",
    "EventData": {
      "updateGuid": "{9334b915-72b1-4f60-8885-4c327d7cc433}",
      "updateRevisionNumber": "201"
    },
    "RawXml": "<Event xmlns=\"http://schemas.microsoft.com/win/2004/08/events/event\"><System><Provider Name=\"Microsoft-Windows-WindowsUpdateClient\" Guid=\"{945a8954-c147-4acd-923f-40c45405a658}\"></Provider>\n<EventID Qualifiers=\"\">40</EventID>\n<Version>0</Version>\n<Level>4</Level>\n<Task>1</Task>\n<Opcode>17</Opcode>\n<Keywords>0x4000000000000002</Keywords>\n<TimeCreated SystemTime=\"2014-01-25 01:34:00.863714+00:00\"></TimeCreated>\n<EventRecordID>194</EventRecordID>\n<Correlation ActivityID=\"\" RelatedActivityID=\"\"></Correlation>\n<Execution ProcessID=\"888\" ThreadID=\"1216\"></Execution>\n<Channel>Microsoft-Windows-WindowsUpdateClient/Operational</Channel>\n<Computer>IACIS-HDD-2014</Computer>\n<Security UserID=\"S-1-5-18\"></Security>\n</System>\n<EventData><Data Name=\"updateGuid\">{9334b915-72b1-4f60-8885-4c327d7cc433}</Data>\n<Data Name=\"updateRevisionNumber\">201</Data>\n</EventData>\n</Event>\n"
  },
  {
    "EventID": 40,
    "Timestamp": "2014-01-25 01:34:00.941715+00:00",
    "Computer": "IACIS-HDD-2014",
    "Channel": "Microsoft-Windows-WindowsUpdateClient/Operational",
    "Level": "Information",
    "EventData": {
      "updateGuid": "{703a6bb4-84aa-439b-a0f1-8ed56a81dc21}",
      "updateRevisionNumber": "200"
    },
    "RawXml": "<Event xmlns=\"http://schemas.microsoft.com/win/2004/08/events/event\"><System><Provider Name=\"Microsoft-Windows-WindowsUpdateClient\" Guid=\"{945a8954-c147-4acd-923f-40c45405a658}\"></Provider>\n<EventID Qualifiers=\"\">40</EventID>\n<Version>0</Version>\n<Level>4</Level>\n<Task>1</Task>\n<Opcode>17</Opcode>\n<Keywords>0x4000000000000002</Keywords>\n<TimeCreated SystemTime=\"2014-01-25 01:34:00.941715+00:00\"></TimeCreated>\n<EventRecordID>195</EventRecordID>\n<Correlation ActivityID=\"\" RelatedActivityID=\"\"></Correlation>\n<Execution ProcessID=\"888\" ThreadID=\"1216\"></Execution>\n<Channel>Microsoft-Windows-WindowsUpdateClient/Operational</Channel>\n<Computer>IACIS-HDD-2014</Computer>\n<Security UserID=\"S-1-5-18\"></Security>\n</System>\n<EventData><Data Name=\"updateGuid\">{703a6bb4-84aa-439b-a0f1-8ed56a81dc21}</Data>\n<Data Name=\"updateRevisionNumber\">200</Data>\n</EventData>\n</Event>\n"
  },
  {
    "EventID": 40,
    "Timestamp": "2014-01-25 01:34:00.941715+00:00",
    "Computer": "IACIS-HDD-2014",
    "Channel": "Microsoft-Windows-WindowsUpdateClient/Operational",
    "Level": "Information",
    "EventData": {
      "updateGuid": "{5c0c8df7-26da-494c-bcc3-9b471b730ed2}",
      "updateRevisionNumber": "200"
    },
    "RawXml": "<Event xmlns=\"http://schemas.microsoft.com/win/2004/08/events/event\"><System><Provider Name=\"Microsoft-Windows-WindowsUpdateClient\" Guid=\"{945a8954-c147-4acd-923f-40c45405a658}\"></Provider>\n<EventID Qualifiers=\"\">40</EventID>\n<Version>0</Version>\n<Level>4</Level>\n<Task>1</Task>\n<Opcode>17</Opcode>\n<Keywords>0x4000000000000002</Keywords>\n<TimeCreated SystemTime=\"2014-01-25 01:34:00.941715+00:00\"></TimeCreated>\n<EventRecordID>196</EventRecordID>\n<Correlation ActivityID=\"\" RelatedActivityID=\"\"></Correlation>\n<Execution ProcessID=\"888\" ThreadID=\"1216\"></Execution>\n<Channel>Microsoft-Windows-WindowsUpdateClient/Operational</Channel>\n<Computer>IACIS-HDD-2014</Computer>\n<Security UserID=\"S-1-5-18\"></Security>\n</System>\n<EventData><Data Name=\"updateGuid\">{5c0c8df7-26da-494c-bcc3-9b471b730ed2}</Data>\n<Data Name=\"updateRevisionNumber\">200</Data>\n</EventData>\n</Event>\n"
  },
