  {
    "EventID": 3,
    "Timestamp": "2014-01-25 01:44:26.776014+00:00",
    "Computer": "IACIS-HDD-2014",
    "Channel": "Microsoft-Windows-Bits-Client/Operational",
    "Level": "Information",
    "EventData": {
      "string": "WU Client Download",
      "string2": "NT AUTHORITY\\SYSTEM",
      "string3": ""
    },
    "RawXml": "<Event xmlns=\"http://schemas.microsoft.com/win/2004/08/events/event\"><System><Provider Name=\"Microsoft-Windows-Bits-Client\" Guid=\"{ef1cc15b-46c1-414e-bb95-e76b077bd51e}\"></Provider>\n<EventID Qualifiers=\"\">3</EventID>\n<Version>0</Version>\n<Level>4</Level>\n<Task>0</Task>\n<Opcode>0</Opcode>\n<Keywords>0x4000000000000000</Keywords>\n<TimeCreated SystemTime=\"2014-01-25 01:44:26.776014+00:00\"></TimeCreated>\n<EventRecordID>835</EventRecordID>\n<Correlation ActivityID=\"\" RelatedActivityID=\"\"></Correlation>\n<Execution ProcessID=\"888\" ThreadID=\"2888\"></Execution>\n<Channel>Microsoft-Windows-Bits-Client/Operational</Channel>\n<Computer>IACIS-HDD-2014</Computer>\n<Security UserID=\"S-1-5-18\"></Security>\n</System>\n<EventData><Data Name=\"string\">WU Client Download</Data>\n<Data Name=\"string2\">NT AUTHORITY\\SYSTEM</Data>\n<Data Name=\"string3\"></Data>\n</EventData>\n</Event>\n"
  },
  {
    "EventID": 4,
    "Timestamp": "2014-01-25 01:44:27.025614+00:00",
    "Computer": "IACIS-HDD-2014",
    "Channel": "Microsoft-Windows-Bits-Client/Operational",
    "Level": "Information",
    "EventData": {
      "User": "NT AUTHORITY\\SYSTEM",
      "jobTitle": "WU Client Download",
      "jobId": "{86694a03-7f74-46b9-9520-a0af84966867}",
      "jobOwner": "NT AUTHORITY\\SYSTEM",
      "fileCount": "1",
      "bytesTransferred": "47633",
      "bytesTransferredFromPeer": "0"
    },
    "RawXml": "<Event xmlns=\"http://schemas.microsoft.com/win/2004/08/events/event\"><System><Provider Name=\"Microsoft-Windows-Bits-Client\" Guid=\"{ef1cc15b-46c1-414e-bb95-e76b077bd51e}\"></Provider>\n<EventID Qualifiers=\"\">4</EventID>\n<Version>1</Version>\n<Level>4</Level>\n<Task>0</Task>\n<Opcode>0</Opcode>\n<Keywords>0x4000000000000000</Keywords>\n<TimeCreated SystemTime=\"2014-01-25 01:44:27.025614+00:00\"></TimeCreated>\n<EventRecordID>836</EventRecordID>\n<Correlation ActivityID=\"\" RelatedActivityID=\"\"></Correlation>\n<Execution ProcessID=\"888\" ThreadID=\"2888\"></Execution>\n<Channel>Microsoft-Windows-Bits-Client/Operational</Channel>\n<Computer>IACIS-HDD-2014</Computer>\n<Security UserID=\"S-1-5-18\"></Security>\n</System>\n<EventData><Data Name=\"User\">NT AUTHORITY\\SYSTEM</Data>\n<Data Name=\"jobTitle\">WU Client Download</Data>\n<Data Name=\"jobId\">{86694a03-7f74-46b9-9520-a0af84966867}</Data>\n<Data Name=\"jobOwner\">NT AUTHORITY\\SYSTEM</Data>\n<Data Name=\"fileCount\">1</Data>\n<Data Name=\"bytesTransferred\">47633</Data>\n<Data Name=\"bytesTransferredFromPeer\">0</Data>\n</EventData>\n</Event>\n"
  },
  {
    "EventID": 3,
    "Timestamp": "2014-01-25 01:44:27.197216+00:00",
    "Computer": "IACIS-HDD-2014",
    "Channel": "Microsoft-Windows-Bits-Client/Operational",
    "Level": "Information",
    "EventData": {
      "string": "WU Client Download",
      "string2": "NT AUTHORITY\\SYSTEM",
      "string3": ""
    },
    "RawXml": "<Event xmlns=\"http://schemas.microsoft.com/win/2004/08/events/event\"><System><Provider Name=\"Microsoft-Windows-Bits-Client\" Guid=\"{ef1cc15b-46c1-414e-bb95-e76b077bd51e}\"></Provider>\n<EventID Qualifiers=\"\">3</EventID>\n<Version>0</Version>\n<Level>4</Level>\n<Task>0</Task>\n<Opcode>0</Opcode>\n<Keywords>0x4000000000000000</Keywords>\n<TimeCreated SystemTime=\"2014-01-25 01:44:27.197216+00:00\"></TimeCreated>\n<EventRecordID>837</EventRecordID>\n<Correlation ActivityID=\"\" RelatedActivityID=\"\"></Correlation>\n<Execution ProcessID=\"888\" ThreadID=\"2888\"></Execution>\n<Channel>Microsoft-Windows-Bits-Client/Operational</Channel>\n<Computer>IACIS-HDD-2014</Computer>\n<Security UserID=\"S-1-5-18\"></Security>\n</System>\n<EventData><Data Name=\"string\">WU Client Download</Data>\n<Data Name=\"string2\">NT AUTHORITY\\SYSTEM</Data>\n<Data Name=\"string3\"></Data>\n</EventData>\n</Event>\n"
  },
  {
    "EventID": 5,
    "Timestamp": "2014-01-25 01:44:27.197216+00:00",
    "Computer": "IACIS-HDD-2014",
    "Channel": "Microsoft-Windows-Bits-Client/Operational",
    "Level": "Information",
    "EventData": {
      "User": "NT AUTHORITY\\SYSTEM",
      "jobTitle": "WU Client Download",
      "jobId": "{5aad5bb8-ea68-4327-bc4f-1d1ca6952230}",
      "jobOwner": "NT AUTHORITY\\SYSTEM",
      "fileCount": "0"
    },
    "RawXml": "<Event xmlns=\"http://schemas.microsoft.com/win/2004/08/events/event\"><System><Provider Name=\"Microsoft-Windows-Bits-Client\" Guid=\"{ef1cc15b-46c1-414e-bb95-e76b077bd51e}\"></Provider>\n<EventID Qualifiers=\"\">5</EventID>\n<Version>0</Version>\n<Level>4</Level>\n<Task>0</Task>\n<Opcode>0</Opcode>\n<Keywords>0x4000000000000000</Keywords>\n<TimeCreated SystemTime=\"2014-01-25 01:44:27.197216+00:00\"></TimeCreated>\n<EventRecordID>838</EventRecordID>\n<Correlation ActivityID=\"\" RelatedActivityID=\"\"></Correlation>\n<Execution ProcessID=\"888\" ThreadID=\"2888\"></Execution>\n<Channel>Microsoft-Windows-Bits-Client/Operational</Channel>\n<Computer>IACIS-HDD-2014</Computer>\n<Security UserID=\"S-1-5-18\"></Security>\n</System>\n<EventData><Data Name=\"User\">NT AUTHORITY\\SYSTEM</Data>\n<Data Name=\"jobTitle\">WU Client Download</Data>\n<Data Name=\"jobId\">{5aad5bb8-ea68-4327-bc4f-1d1ca6952230}</Data>\n<Data Name=\"jobOwner\">NT AUTHORITY\\SYSTEM</Data>\n<Data Name=\"fileCount\">0</Data>\n</EventData>\n</Event>\n"
  },
  {
    "EventID": 3,
    "Timestamp": "2014-01-25 01:44:31.752424+00:00",
    "Computer": "IACIS-HDD-2014",
    "Channel": "Microsoft-Windows-Bits-Client/Operational",
    "Level": "Information",
    "EventData": {
      "string": "WU Client Download",
      "string2": "NT AUTHORITY\\SYSTEM",
      "string3": ""
    },
    "RawXml": "<Event xmlns=\"http://schemas.microsoft.com/win/2004/08/events/event\"><System><Provider Name=\"Microsoft-Windows-Bits-Client\" Guid=\"{ef1cc15b-46c1-414e-bb95-e76b077bd51e}\"></Provider>\n<EventID Qualifiers=\"\">3</EventID>\n<Version>0</Version>\n<Level>4</Level>\n<Task>0</Task>\n<Opcode>0</Opcode>\n<Keywords>0x4000000000000000</Keywords>\n<TimeCreated SystemTime=\"2014-01-25 01:44:31.752424+00:00\"></TimeCreated>\n<EventRecordID>839</EventRecordID>\n<Correlation ActivityID=\"\" RelatedActivityID=\"\"></Correlation>\n<Execution ProcessID=\"888\" ThreadID=\"2888\"></Execution>\n<Channel>Microsoft-Windows-Bits-Client/Operational</Channel>\n<Computer>IACIS-HDD-2014</Computer>\n<Security UserID=\"S-1-5-18\"></Security>\n</System>\n<EventData><Data Name=\"string\">WU Client Download</Data>\n<Data Name=\"string2\">NT AUTHORITY\\SYSTEM</Data>\n<Data Name=\"string3\"></Data>\n</EventData>\n</Event>\n"
  },
  {
    "EventID": 4,
    "Timestamp": "2014-01-25 01:44:32.220423+00:00",
    "Computer": "IACIS-HDD-2014",
    "Channel": "Microsoft-Windows-Bits-Client/Operational",
    "Level": "Information",
    "EventData": {
      "User": "NT AUTHORITY\\SYSTEM",
      "jobTitle": "WU Client Download",
      "jobId": "{2441b7fa-717d-4fa8-bdbc-f3b31d041301}",
      "jobOwner": "NT AUTHORITY\\SYSTEM",
      "fileCount": "1",
      "bytesTransferred": "56703",
      "bytesTransferredFromPeer": "0"
    },
    "RawXml": "<Event xmlns=\"http://schemas.microsoft.com/win/2004/08/events/event\"><System><Provider Name=\"Microsoft-Windows-Bits-Client\" Guid=\"{ef1cc15b-46c1-414e-bb95-e76b077bd51e}\"></Provider>\n<EventID Qualifiers=\"\">4</EventID>\n<Version>1</Version>\n<Level>4</Level>\n<Task>0</Task>\n<Opcode>0</Opcode>\n<Keywords>0x4000000000000000</Keywords>\n<TimeCreated SystemTime=\"2014-01-25 01:44:32.220423+00:00\"></TimeCreated>\n<EventRecordID>840</EventRecordID>\n<Correlation ActivityID=\"\" RelatedActivityID=\"\"></Correlation>\n<Execution ProcessID=\"888\" ThreadID=\"2740\"></Execution>\n<Channel>Microsoft-Windows-Bits-Client/Operational</Channel>\n<Computer>IACIS-HDD-2014</Computer>\n<Security UserID=\"S-1-5-18\"></Security>\n</System>\n<EventData><Data Name=\"User\">NT AUTHORITY\\SYSTEM</Data>\n<Data Name=\"jobTitle\">WU Client Download</Data>\n<Data Name=\"jobId\">{2441b7fa-717d-4fa8-bdbc-f3b31d041301}</Data>\n<Data Name=\"jobOwner\">NT AUTHORITY\\SYSTEM</Data>\n<Data Name=\"fileCount\">1</Data>\n<Data Name=\"bytesTransferred\">56703</Data>\n<Data Name=\"bytesTransferredFromPeer\">0</Data>\n</EventData>\n</Event>\n"
  },
  {
    "EventID": 3,
    "Timestamp": "2014-01-25 01:44:32.548023+00:00",
    "Computer": "IACIS-HDD-2014",
    "Channel": "Microsoft-Windows-Bits-Client/Operational",
    "Level": "Information",
    "EventData": {
      "string": "WU Client Download",
      "string2": "NT AUTHORITY\\SYSTEM",
      "string3": ""
    },
    "RawXml": "<Event xmlns=\"http://schemas.microsoft.com/win/2004/08/events/event\"><System><Provider Name=\"Microsoft-Windows-Bits-Client\" Guid=\"{ef1cc15b-46c1-414e-bb95-e76b077bd51e}\"></Provider>\n<EventID Qualifiers=\"\">3</EventID>\n<Version>0</Version>\n<Level>4</Level>\n<Task>0</Task>\n<Opcode>0</Opcode>\n<Keywords>0x4000000000000000</Keywords>\n<TimeCreated SystemTime=\"2014-01-25 01:44:32.548023+00:00\"></TimeCreated>\n<EventRecordID>841</EventRecordID>\n<Correlation ActivityID=\"\" RelatedActivityID=\"\"></Correlation>\n<Execution ProcessID=\"888\" ThreadID=\"2740\"></Execution>\n<Channel>Microsoft-Windows-Bits-Client/Operational</Channel>\n<Computer>IACIS-HDD-2014</Computer>\n<Security UserID=\"S-1-5-18\"></Security>\n</System>\n<EventData><Data Name=\"string\">WU Client Download</Data>\n<Data Name=\"string2\">NT AUTHORITY\\SYSTEM</Data>\n<Data Name=\"string3\"></Data>\n</EventData>\n</Event>\n"
  },
  {
    "EventID": 5,
    "Timestamp": "2014-01-25 01:44:32.563625+00:00",
    "Computer": "IACIS-HDD-2014",
    "Channel": "Microsoft-Windows-Bits-Client/Operational",
    "Level": "Information",
    "EventData": {
      "User": "NT AUTHORITY\\SYSTEM",
      "jobTitle": "WU Client Download",
      "jobId": "{11b2f0bf-e33e-4a2b-9ba2-4d747089e650}",
      "jobOwner": "NT AUTHORITY\\SYSTEM",
      "fileCount": "0"
    },
    "RawXml": "<Event xmlns=\"http://schemas.microsoft.com/win/2004/08/events/event\"><System><Provider Name=\"Microsoft-Windows-Bits-Client\" Guid=\"{ef1cc15b-46c1-414e-bb95-e76b077bd51e}\"></Provider>\n<EventID Qualifiers=\"\">5</EventID>\n<Version>0</Version>\n<Level>4</Level>\n<Task>0</Task>\n<Opcode>0</Opcode>\n<Keywords>0x4000000000000000</Keywords>\n<TimeCreated SystemTime=\"2014-01-25 01:44:32.563625+00:00\"></TimeCreated>\n<EventRecordID>842</EventRecordID>\n<Correlation ActivityID=\"\" RelatedActivityID=\"\"></Correlation>\n<Execution ProcessID=\"888\" ThreadID=\"2740\"></Execution>\n<Channel>Microsoft-Windows-Bits-Client/Operational</Channel>\n<Computer>IACIS-HDD-2014</Computer>\n<Security UserID=\"S-1-5-18\"></Security>\n</System>\n<EventData><Data Name=\"User\">NT AUTHORITY\\SYSTEM</Data>\n<Data Name=\"jobTitle\">WU Client Download</Data>\n<Data Name=\"jobId\">{11b2f0bf-e33e-4a2b-9ba2-4d747089e650}</Data>\n<Data Name=\"jobOwner\">NT AUTHORITY\\SYSTEM</Data>\n<Data Name=\"fileCount\">0</Data>\n</EventData>\n</Event>\n"
  },
  {
    "EventID": 3,
    "Timestamp": "2014-01-25 01:44:36.791231+00:00",
    "Computer": "IACIS-HDD-2014",
    "Channel": "Microsoft-Windows-Bits-Client/Operational",
    "Level": "Information",
    "EventData": {
      "string": "WU Client Download",
      "string2": "NT AUTHORITY\\SYSTEM",
      "string3": ""
    },
    "RawXml": "<Event xmlns=\"http://schemas.microsoft.com/win/2004/08/events/event\"><System><Provider Name=\"Microsoft-Windows-Bits-Client\" Guid=\"{ef1cc15b-46c1-414e-bb95-e76b077bd51e}\"></Provider>\n<EventID Qualifiers=\"\">3</EventID>\n<Version>0</Version>\n<Level>4</Level>\n<Task>0</Task>\n<Opcode>0</Opcode>\n<Keywords>0x4000000000000000</Keywords>\n<TimeCreated SystemTime=\"2014-01-25 01:44:36.791231+00:00\"></TimeCreated>\n<EventRecordID>843</EventRecordID>\n<Correlation ActivityID=\"\" RelatedActivityID=\"\"></Correlation>\n<Execution ProcessID=\"888\" ThreadID=\"2740\"></Execution>\n<Channel>Microsoft-Windows-Bits-Client/Operational</Channel>\n<Computer>IACIS-HDD-2014</Computer>\n<Security UserID=\"S-1-5-18\"></Security>\n</System>\n<EventData><Data Name=\"string\">WU Client Download</Data>\n<Data Name=\"string2\">NT AUTHORITY\\SYSTEM</Data>\n<Data Name=\"string3\"></Data>\n</EventData>\n</Event>\n"
  },
  {
    "EventID": 4,
    "Timestamp": "2014-01-25 01:44:37.025232+00:00",
    "Computer": "IACIS-HDD-2014",
    "Channel": "Microsoft-Windows-Bits-Client/Operational",
    "Level": "Information",
    "EventData": {
      "User": "NT AUTHORITY\\SYSTEM",
      "jobTitle": "WU Client Download",
      "jobId": "{6f4d76dc-7c73-4955-a219-0acce5956e4f}",
      "jobOwner": "NT AUTHORITY\\SYSTEM",
      "fileCount": "1",
      "bytesTransferred": "76663",
      "bytesTransferredFromPeer": "0"
    },
    "RawXml": "<Event xmlns=\"http://schemas.microsoft.com/win/2004/08/events/event\"><System><Provider Name=\"Microsoft-Windows-Bits-Client\" Guid=\"{ef1cc15b-46c1-414e-bb95-e76b077bd51e}\"></Provider>\n<EventID Qualifiers=\"\">4</EventID>\n<Version>1</Version>\n<Level>4</Level>\n<Task>0</Task>\n<Opcode>0</Opcode>\n<Keywords>0x4000000000000000</Keywords>\n<TimeCreated SystemTime=\"2014-01-25 01:44:37.025232+00:00\"></TimeCreated>\n<EventRecordID>844</EventRecordID>\n<Correlation ActivityID=\"\" RelatedActivityID=\"\"></Correlation>\n<Execution ProcessID=\"888\" ThreadID=\"2952\"></Execution>\n<Channel>Microsoft-Windows-Bits-Client/Operational</Channel>\n<Computer>IACIS-HDD-2014</Computer>\n<Security UserID=\"S-1-5-18\"></Security>\n</System>\n<EventData><Data Name=\"User\">NT AUTHORITY\\SYSTEM</Data>\n<Data Name=\"jobTitle\">WU Client Download</Data>\n<Data Name=\"jobId\">{6f4d76dc-7c73-4955-a219-0acce5956e4f}</Data>\n<Data Name=\"jobOwner\">NT AUTHORITY\\SYSTEM</Data>\n<Data Name=\"fileCount\">1</Data>\n<Data Name=\"bytesTransferred\">76663</Data>\n<Data Name=\"bytesTransferredFromPeer\">0</Data>\n</EventData>\n</Event>\n"
  },
  {
    "EventID": 3,
    "Timestamp": "2014-01-25 01:44:37.196833+00:00",
    "Computer": "IACIS-HDD-2014",
    "Channel": "Microsoft-Windows-Bits-Client/Operational",
    "Level": "Information",
    "EventData": {
      "string": "WU Client Download",
      "string2": "NT AUTHORITY\\SYSTEM",
      "string3": ""
    },
    "RawXml": "<Event xmlns=\"http://schemas.microsoft.com/win/2004/08/events/event\"><System><Provider Name=\"Microsoft-Windows-Bits-Client\" Guid=\"{ef1cc15b-46c1-414e-bb95-e76b077bd51e}\"></Provider>\n<EventID Qualifiers=\"\">3</EventID>\n<Version>0</Version>\n<Level>4</Level>\n<Task>0</Task>\n<Opcode>0</Opcode>\n<Keywords>0x4000000000000000</Keywords>\n<TimeCreated SystemTime=\"2014-01-25 01:44:37.196833+00:00\"></TimeCreated>\n<EventRecordID>845</EventRecordID>\n<Correlation ActivityID=\"\" RelatedActivityID=\"\"></Correlation>\n<Execution ProcessID=\"888\" ThreadID=\"2952\"></Execution>\n<Channel>Microsoft-Windows-Bits-Client/Operational</Channel>\n<Computer>IACIS-HDD-2014</Computer>\n<Security UserID=\"S-1-5-18\"></Security>\n</System>\n<EventData><Data Name=\"string\">WU Client Download</Data>\n<Data Name=\"string2\">NT AUTHORITY\\SYSTEM</Data>\n<Data Name=\"string3\"></Data>\n</EventData>\n</Event>\n"
  },
  {
    "EventID": 5,
    "Timestamp": "2014-01-25 01:44:37.196833+00:00",
    "Computer": "IACIS-HDD-2014",
    "Channel": "Microsoft-Windows-Bits-Client/Operational",
    "Level": "Information",
    "EventData": {
      "User": "NT AUTHORITY\\SYSTEM",
      "jobTitle": "WU Client Download",
      "jobId": "{5fcc3226-3c6b-4fed-991d-d40ae460f3a8}",
      "jobOwner": "NT AUTHORITY\\SYSTEM",
      "fileCount": "0"
    },
    "RawXml": "<Event xmlns=\"http://schemas.microsoft.com/win/2004/08/events/event\"><System><Provider Name=\"Microsoft-Windows-Bits-Client\" Guid=\"{ef1cc15b-46c1-414e-bb95-e76b077bd51e}\"></Provider>\n<EventID Qualifiers=\"\">5</EventID>\n<Version>0</Version>\n<Level>4</Level>\n<Task>0</Task>\n<Opcode>0</Opcode>\n<Keywords>0x4000000000000000</Keywords>\n<TimeCreated SystemTime=\"2014-01-25 01:44:37.196833+00:00\"></TimeCreated>\n<EventRecordID>846</EventRecordID>\n<Correlation ActivityID=\"\" RelatedActivityID=\"\"></Correlation>\n<Execution ProcessID=\"888\" ThreadID=\"2952\"></Execution>\n<Channel>Microsoft-Windows-Bits-Client/Operational</Channel>\n<Computer>IACIS-HDD-2014</Computer>\n<Security UserID=\"S-1-5-18\"></Security>\n</System>\n<EventData><Data Name=\"User\">NT AUTHORITY\\SYSTEM</Data>\n<Data Name=\"jobTitle\">WU Client Download</Data>\n<Data Name=\"jobId\">{5fcc3226-3c6b-4fed-991d-d40ae460f3a8}</Data>\n<Data Name=\"jobOwner\">NT AUTHORITY\\SYSTEM</Data>\n<Data Name=\"fileCount\">0</Data>\n</EventData>\n</Event>\n"
  },
  {
    "EventID": 3,
    "Timestamp": "2014-01-25 01:44:42.407242+00:00",
    "Computer": "IACIS-HDD-2014",
    "Channel": "Microsoft-Windows-Bits-Client/Operational",
    "Level": "Information",
    "EventData": {
      "string": "WU Client Download",
      "string2": "NT AUTHORITY\\SYSTEM",
      "string3": ""
    },
    "RawXml": "<Event xmlns=\"http://schemas.microsoft.com/win/2004/08/events/event\"><System><Provider Name=\"Microsoft-Windows-Bits-Client\" Guid=\"{ef1cc15b-46c1-414e-bb95-e76b077bd51e}\"></Provider>\n<EventID Qualifiers=\"\">3</EventID>\n<Version>0</Version>\n<Level>4</Level>\n<Task>0</Task>\n<Opcode>0</Opcode>\n<Keywords>0x4000000000000000</Keywords>\n<TimeCreated SystemTime=\"2014-01-25 01:44:42.407242+00:00\"></TimeCreated>\n<EventRecordID>847</EventRecordID>\n<Correlation ActivityID=\"\" RelatedActivityID=\"\"></Correlation>\n<Execution ProcessID=\"888\" ThreadID=\"2952\"></Execution>\n<Channel>Microsoft-Windows-Bits-Client/Operational</Channel>\n<Computer>IACIS-HDD-2014</Computer>\n<Security UserID=\"S-1-5-18\"></Security>\n</System>\n<EventData><Data Name=\"string\">WU Client Download</Data>\n<Data Name=\"string2\">NT AUTHORITY\\SYSTEM</Data>\n<Data Name=\"string3\"></Data>\n</EventData>\n</Event>\n"
  },
  {
    "EventID": 4,
    "Timestamp": "2014-01-25 01:44:42.734842+00:00",
    "Computer": "IACIS-HDD-2014",
    "Channel": "Microsoft-Windows-Bits-Client/Operational",
    "Level": "Information",
    "EventData": {
      "User": "NT AUTHORITY\\SYSTEM",
      "jobTitle": "WU Client Download",
      "jobId": "{9ea91055-e1f9-41eb-8280-ac77c31876b0}",
      "jobOwner": "NT AUTHORITY\\SYSTEM",
      "fileCount": "1",
      "bytesTransferred": "175765",
      "bytesTransferredFromPeer": "0"
    },
    "RawXml": "<Event xmlns=\"http://schemas.microsoft.com/win/2004/08/events/event\"><System><Provider Name=\"Microsoft-Windows-Bits-Client\" Guid=\"{ef1cc15b-46c1-414e-bb95-e76b077bd51e}\"></Provider>\n<EventID Qualifiers=\"\">4</EventID>\n<Version>1</Version>\n<Level>4</Level>\n<Task>0</Task>\n<Opcode>0</Opcode>\n<Keywords>0x4000000000000000</Keywords>\n<TimeCreated SystemTime=\"2014-01-25 01:44:42.734842+00:00\"></TimeCreated>\n<EventRecordID>848</EventRecordID>\n<Correlation ActivityID=\"\" RelatedActivityID=\"\"></Correlation>\n<Execution ProcessID=\"888\" ThreadID=\"2804\"></Execution>\n<Channel>Microsoft-Windows-Bits-Client/Operational</Channel>\n<Computer>IACIS-HDD-2014</Computer>\n<Security UserID=\"S-1-5-18\"></Security>\n</System>\n<EventData><Data Name=\"User\">NT AUTHORITY\\SYSTEM</Data>\n<Data Name=\"jobTitle\">WU Client Download</Data>\n<Data Name=\"jobId\">{9ea91055-e1f9-41eb-8280-ac77c31876b0}</Data>\n<Data Name=\"jobOwner\">NT AUTHORITY\\SYSTEM</Data>\n<Data Name=\"fileCount\">1</Data>\n<Data Name=\"bytesTransferred\">175765</Data>\n<Data Name=\"bytesTransferredFromPeer\">0</Data>\n</EventData>\n</Event>\n"
  },
  {
    "EventID": 3,
    "Timestamp": "2014-01-25 01:44:42.984442+00:00",
    "Computer": "IACIS-HDD-2014",
    "Channel": "Microsoft-Windows-Bits-Client/Operational",
    "Level": "Information",
    "EventData": {
      "string": "WU Client Download",
      "string2": "NT AUTHORITY\\SYSTEM",
      "string3": ""
    },
    "RawXml": "<Event xmlns=\"http://schemas.microsoft.com/win/2004/08/events/event\"><System><Provider Name=\"Microsoft-Windows-Bits-Client\" Guid=\"{ef1cc15b-46c1-414e-bb95-e76b077bd51e}\"></Provider>\n<EventID Qualifiers=\"\">3</EventID>\n<Version>0</Version>\n<Level>4</Level>\n<Task>0</Task>\n<Opcode>0</Opcode>\n<Keywords>0x4000000000000000</Keywords>\n<TimeCreated SystemTime=\"2014-01-25 01:44:42.984442+00:00\"></TimeCreated>\n<EventRecordID>849</EventRecordID>\n<Correlation ActivityID=\"\" RelatedActivityID=\"\"></Correlation>\n<Execution ProcessID=\"888\" ThreadID=\"2804\"></Execution>\n<Channel>Microsoft-Windows-Bits-Client/Operational</Channel>\n<Computer>IACIS-HDD-2014</Computer>\n<Security UserID=\"S-1-5-18\"></Security>\n</System>\n<EventData><Data Name=\"string\">WU Client Download</Data>\n<Data Name=\"string2\">NT AUTHORITY\\SYSTEM</Data>\n<Data Name=\"string3\"></Data>\n</EventData>\n</Event>\n"
  },
  {
    "EventID": 5,
    "Timestamp": "2014-01-25 01:44:42.984442+00:00",
    "Computer": "IACIS-HDD-2014",
    "Channel": "Microsoft-Windows-Bits-Client/Operational",
    "Level": "Information",
    "EventData": {
      "User": "NT AUTHORITY\\SYSTEM",
      "jobTitle": "WU Client Download",
      "jobId": "{4d3d575b-7202-4971-a069-320272d63ea5}",
      "jobOwner": "NT AUTHORITY\\SYSTEM",
      "fileCount": "0"
    },
    "RawXml": "<Event xmlns=\"http://schemas.microsoft.com/win/2004/08/events/event\"><System><Provider Name=\"Microsoft-Windows-Bits-Client\" Guid=\"{ef1cc15b-46c1-414e-bb95-e76b077bd51e}\"></Provider>\n<EventID Qualifiers=\"\">5</EventID>\n<Version>0</Version>\n<Level>4</Level>\n<Task>0</Task>\n<Opcode>0</Opcode>\n<Keywords>0x4000000000000000</Keywords>\n<TimeCreated SystemTime=\"2014-01-25 01:44:42.984442+00:00\"></TimeCreated>\n<EventRecordID>850</EventRecordID>\n<Correlation ActivityID=\"\" RelatedActivityID=\"\"></Correlation>\n<Execution ProcessID=\"888\" ThreadID=\"2804\"></Execution>\n<Channel>Microsoft-Windows-Bits-Client/Operational</Channel>\n<Computer>IACIS-HDD-2014</Computer>\n<Security UserID=\"S-1-5-18\"></Security>\n</System>\n<EventData><Data Name=\"User\">NT AUTHORITY\\SYSTEM</Data>\n<Data Name=\"jobTitle\">WU Client Download</Data>\n<Data Name=\"jobId\">{4d3d575b-7202-4971-a069-320272d63ea5}</Data>\n<Data Name=\"jobOwner\">NT AUTHORITY\\SYSTEM</Data>\n<Data Name=\"fileCount\">0</Data>\n</EventData>\n</Event>\n"
  },
  {
    "EventID": 3,
    "Timestamp": "2014-01-25 01:44:49.364853+00:00",
    "Computer": "IACIS-HDD-2014",
    "Channel": "Microsoft-Windows-Bits-Client/Operational",
    "Level": "Information",
    "EventData": {
      "string": "WU Client Download",
      "string2": "NT AUTHORITY\\SYSTEM",
      "string3": ""
    },
    "RawXml": "<Event xmlns=\"http://schemas.microsoft.com/win/2004/08/events/event\"><System><Provider Name=\"Microsoft-Windows-Bits-Client\" Guid=\"{ef1cc15b-46c1-414e-bb95-e76b077bd51e}\"></Provider>\n<EventID Qualifiers=\"\">3</EventID>\n<Version>0</Version>\n<Level>4</Level>\n<Task>0</Task>\n<Opcode>0</Opcode>\n<Keywords>0x4000000000000000</Keywords>\n<TimeCreated SystemTime=\"2014-01-25 01:44:49.364853+00:00\"></TimeCreated>\n<EventRecordID>851</EventRecordID>\n<Correlation ActivityID=\"\" RelatedActivityID=\"\"></Correlation>\n<Execution ProcessID=\"888\" ThreadID=\"2804\"></Execution>\n<Channel>Microsoft-Windows-Bits-Client/Operational</Channel>\n<Computer>IACIS-HDD-2014</Computer>\n<Security UserID=\"S-1-5-18\"></Security>\n</System>\n<EventData><Data Name=\"string\">WU Client Download</Data>\n<Data Name=\"string2\">NT AUTHORITY\\SYSTEM</Data>\n<Data Name=\"string3\"></Data>\n</EventData>\n</Event>\n"
  },
  {
    "EventID": 4,
    "Timestamp": "2014-01-25 01:44:49.598854+00:00",
    "Computer": "IACIS-HDD-2014",
    "Channel": "Microsoft-Windows-Bits-Client/Operational",
    "Level": "Information",
    "EventData": {
      "User": "NT AUTHORITY\\SYSTEM",
      "jobTitle": "WU Client Download",
      "jobId": "{24ffd075-3e81-4ee4-b50b-4a9230865c4e}",
      "jobOwner": "NT AUTHORITY\\SYSTEM",
      "fileCount": "1",
      "bytesTransferred": "46173",
      "bytesTransferredFromPeer": "0"
    },
    "RawXml": "<Event xmlns=\"http://schemas.microsoft.com/win/2004/08/events/event\"><System><Provider Name=\"Microsoft-Windows-Bits-Client\" Guid=\"{ef1cc15b-46c1-414e-bb95-e76b077bd51e}\"></Provider>\n<EventID Qualifiers=\"\">4</EventID>\n<Version>1</Version>\n<Level>4</Level>\n<Task>0</Task>\n<Opcode>0</Opcode>\n<Keywords>0x4000000000000000</Keywords>\n<TimeCreated SystemTime=\"2014-01-25 01:44:49.598854+00:00\"></TimeCreated>\n<EventRecordID>852</EventRecordID>\n<Correlation ActivityID=\"\" RelatedActivityID=\"\"></Correlation>\n<Execution ProcessID=\"888\" ThreadID=\"2888\"></Execution>\n<Channel>Microsoft-Windows-Bits-Client/Operational</Channel>\n<Computer>IACIS-HDD-2014</Computer>\n<Security UserID=\"S-1-5-18\"></Security>\n</System>\n<EventData><Data Name=\"User\">NT AUTHORITY\\SYSTEM</Data>\n<Data Name=\"jobTitle\">WU Client Download</Data>\n<Data Name=\"jobId\">{24ffd075-3e81-4ee4-b50b-4a9230865c4e}</Data>\n<Data Name=\"jobOwner\">NT AUTHORITY\\SYSTEM</Data>\n<Data Name=\"fileCount\">1</Data>\n<Data Name=\"bytesTransferred\">46173</Data>\n<Data Name=\"bytesTransferredFromPeer\">0</Data>\n</EventData>\n</Event>\n"
  },
  {
    "EventID": 3,
    "Timestamp": "2014-01-25 01:44:49.754854+00:00",
    "Computer": "IACIS-HDD-2014",
    "Channel": "Microsoft-Windows-Bits-Client/Operational",
    "Level": "Information",
    "EventData": {
      "string": "WU Client Download",
      "string2": "NT AUTHORITY\\SYSTEM",
      "string3": ""
    },
    "RawXml": "<Event xmlns=\"http://schemas.microsoft.com/win/2004/08/events/event\"><System><Provider Name=\"Microsoft-Windows-Bits-Client\" Guid=\"{ef1cc15b-46c1-414e-bb95-e76b077bd51e}\"></Provider>\n<EventID Qualifiers=\"\">3</EventID>\n<Version>0</Version>\n<Level>4</Level>\n<Task>0</Task>\n<Opcode>0</Opcode>\n<Keywords>0x4000000000000000</Keywords>\n<TimeCreated SystemTime=\"2014-01-25 01:44:49.754854+00:00\"></TimeCreated>\n<EventRecordID>853</EventRecordID>\n<Correlation ActivityID=\"\" RelatedActivityID=\"\"></Correlation>\n<Execution ProcessID=\"888\" ThreadID=\"2888\"></Execution>\n<Channel>Microsoft-Windows-Bits-Client/Operational</Channel>\n<Computer>IACIS-HDD-2014</Computer>\n<Security UserID=\"S-1-5-18\"></Security>\n</System>\n<EventData><Data Name=\"string\">WU Client Download</Data>\n<Data Name=\"string2\">NT AUTHORITY\\SYSTEM</Data>\n<Data Name=\"string3\"></Data>\n</EventData>\n</Event>\n"
  },
  {
    "EventID": 5,
    "Timestamp": "2014-01-25 01:44:49.754854+00:00",
    "Computer": "IACIS-HDD-2014",
    "Channel": "Microsoft-Windows-Bits-Client/Operational",
    "Level": "Information",
    "EventData": {
      "User": "NT AUTHORITY\\SYSTEM",
      "jobTitle": "WU Client Download",
      "jobId": "{abe1ea1f-0591-4ad7-9303-7f135f5ee8df}",
      "jobOwner": "NT AUTHORITY\\SYSTEM",
      "fileCount": "0"
    },
    "RawXml": "<Event xmlns=\"http://schemas.microsoft.com/win/2004/08/events/event\"><System><Provider Name=\"Microsoft-Windows-Bits-Client\" Guid=\"{ef1cc15b-46c1-414e-bb95-e76b077bd51e}\"></Provider>\n<EventID Qualifiers=\"\">5</EventID>\n<Version>0</Version>\n<Level>4</Level>\n<Task>0</Task>\n<Opcode>0</Opcode>\n<Keywords>0x4000000000000000</Keywords>\n<TimeCreated SystemTime=\"2014-01-25 01:44:49.754854+00:00\"></TimeCreated>\n<EventRecordID>854</EventRecordID>\n<Correlation ActivityID=\"\" RelatedActivityID=\"\"></Correlation>\n<Execution ProcessID=\"888\" ThreadID=\"2888\"></Execution>\n<Channel>Microsoft-Windows-Bits-Client/Operational</Channel>\n<Computer>IACIS-HDD-2014</Computer>\n<Security UserID=\"S-1-5-18\"></Security>\n</System>\n<EventData><Data Name=\"User\">NT AUTHORITY\\SYSTEM</Data>\n<Data Name=\"jobTitle\">WU Client Download</Data>\n<Data Name=\"jobId\">{abe1ea1f-0591-4ad7-9303-7f135f5ee8df}</Data>\n<Data Name=\"jobOwner\">NT AUTHORITY\\SYSTEM</Data>\n<Data Name=\"fileCount\">0</Data>\n</EventData>\n</Event>\n"
  },
  {
    "EventID": 3,
    "Timestamp": "2014-01-25 01:44:54.216461+00:00",
    "Computer": "IACIS-HDD-2014",
    "Channel": "Microsoft-Windows-Bits-Client/Operational",
    "Level": "Information",
    "EventData": {
      "string": "WU Client Download",
      "string2": "NT AUTHORITY\\SYSTEM",
      "string3": ""
    },
    "RawXml": "<Event xmlns=\"http://schemas.microsoft.com/win/2004/08/events/event\"><System><Provider Name=\"Microsoft-Windows-Bits-Client\" Guid=\"{ef1cc15b-46c1-414e-bb95-e76b077bd51e}\"></Provider>\n<EventID Qualifiers=\"\">3</EventID>\n<Version>0</Version>\n<Level>4</Level>\n<Task>0</Task>\n<Opcode>0</Opcode>\n<Keywords>0x4000000000000000</Keywords>\n<TimeCreated SystemTime=\"2014-01-25 01:44:54.216461+00:00\"></TimeCreated>\n<EventRecordID>855</EventRecordID>\n<Correlation ActivityID=\"\" RelatedActivityID=\"\"></Correlation>\n<Execution ProcessID=\"888\" ThreadID=\"2888\"></Execution>\n<Channel>Microsoft-Windows-Bits-Client/Operational</Channel>\n<Computer>IACIS-HDD-2014</Computer>\n<Security UserID=\"S-1-5-18\"></Security>\n</System>\n<EventData><Data Name=\"string\">WU Client Download</Data>\n<Data Name=\"string2\">NT AUTHORITY\\SYSTEM</Data>\n<Data Name=\"string3\"></Data>\n</EventData>\n</Event>\n"
  },
  {
    "EventID": 4,
    "Timestamp": "2014-01-25 01:44:54.466063+00:00",
    "Computer": "IACIS-HDD-2014",
    "Channel": "Microsoft-Windows-Bits-Client/Operational",
    "Level": "Information",
    "EventData": {
      "User": "NT AUTHORITY\\SYSTEM",
      "jobTitle": "WU Client Download",
      "jobId": "{dcd557ae-edd5-4dac-980f-40519ac1a2c2}",
      "jobOwner": "NT AUTHORITY\\SYSTEM",
      "fileCount": "1",
      "bytesTransferred": "232277",
      "bytesTransferredFromPeer": "0"
    },
    "RawXml": "<Event xmlns=\"http://schemas.microsoft.com/win/2004/08/events/event\"><System><Provider Name=\"Microsoft-Windows-Bits-Client\" Guid=\"{ef1cc15b-46c1-414e-bb95-e76b077bd51e}\"></Provider>\n<EventID Qualifiers=\"\">4</EventID>\n<Version>1</Version>\n<Level>4</Level>\n<Task>0</Task>\n<Opcode>0</Opcode>\n<Keywords>0x4000000000000000</Keywords>\n<TimeCreated SystemTime=\"2014-01-25 01:44:54.466063+00:00\"></TimeCreated>\n<EventRecordID>856</EventRecordID>\n<Correlation ActivityID=\"\" RelatedActivityID=\"\"></Correlation>\n<Execution ProcessID=\"888\" ThreadID=\"2888\"></Execution>\n<Channel>Microsoft-Windows-Bits-Client/Operational</Channel>\n<Computer>IACIS-HDD-2014</Computer>\n<Security UserID=\"S-1-5-18\"></Security>\n</System>\n<EventData><Data Name=\"User\">NT AUTHORITY\\SYSTEM</Data>\n<Data Name=\"jobTitle\">WU Client Download</Data>\n<Data Name=\"jobId\">{dcd557ae-edd5-4dac-980f-40519ac1a2c2}</Data>\n<Data Name=\"jobOwner\">NT AUTHORITY\\SYSTEM</Data>\n<Data Name=\"fileCount\">1</Data>\n<Data Name=\"bytesTransferred\">232277</Data>\n<Data Name=\"bytesTransferredFromPeer\">0</Data>\n</EventData>\n</Event>\n"
  },
  {
    "EventID": 3,
    "Timestamp": "2014-01-25 01:44:54.637663+00:00",
    "Computer": "IACIS-HDD-2014",
    "Channel": "Microsoft-Windows-Bits-Client/Operational",
    "Level": "Information",
    "EventData": {
      "string": "WU Client Download",
      "string2": "NT AUTHORITY\\SYSTEM",
      "string3": ""
    },
    "RawXml": "<Event xmlns=\"http://schemas.microsoft.com/win/2004/08/events/event\"><System><Provider Name=\"Microsoft-Windows-Bits-Client\" Guid=\"{ef1cc15b-46c1-414e-bb95-e76b077bd51e}\"></Provider>\n<EventID Qualifiers=\"\">3</EventID>\n<Version>0</Version>\n<Level>4</Level>\n<Task>0</Task>\n<Opcode>0</Opcode>\n<Keywords>0x4000000000000000</Keywords>\n<TimeCreated SystemTime=\"2014-01-25 01:44:54.637663+00:00\"></TimeCreated>\n<EventRecordID>857</EventRecordID>\n<Correlation ActivityID=\"\" RelatedActivityID=\"\"></Correlation>\n<Execution ProcessID=\"888\" ThreadID=\"2888\"></Execution>\n<Channel>Microsoft-Windows-Bits-Client/Operational</Channel>\n<Computer>IACIS-HDD-2014</Computer>\n<Security UserID=\"S-1-5-18\"></Security>\n</System>\n<EventData><Data Name=\"string\">WU Client Download</Data>\n<Data Name=\"string2\">NT AUTHORITY\\SYSTEM</Data>\n<Data Name=\"string3\"></Data>\n</EventData>\n</Event>\n"
  },
  {
    "EventID": 5,
    "Timestamp": "2014-01-25 01:44:54.637663+00:00",
    "Computer": "IACIS-HDD-2014",
    "Channel": "Microsoft-Windows-Bits-Client/Operational",
    "Level": "Information",
    "EventData": {
      "User": "NT AUTHORITY\\SYSTEM",
      "jobTitle": "WU Client Download",
      "jobId": "{406145c9-ec28-4600-b688-717b130e1014}",
      "jobOwner": "NT AUTHORITY\\SYSTEM",
      "fileCount": "0"
    },
    "RawXml": "<Event xmlns=\"http://schemas.microsoft.com/win/2004/08/events/event\"><System><Provider Name=\"Microsoft-Windows-Bits-Client\" Guid=\"{ef1cc15b-46c1-414e-bb95-e76b077bd51e}\"></Provider>\n<EventID Qualifiers=\"\">5</EventID>\n<Version>0</Version>\n<Level>4</Level>\n<Task>0</Task>\n<Opcode>0</Opcode>\n<Keywords>0x4000000000000000</Keywords>\n<TimeCreated SystemTime=\"2014-01-25 01:44:54.637663+00:00\"></TimeCreated>\n<EventRecordID>858</EventRecordID>\n<Correlation ActivityID=\"\" RelatedActivityID=\"\"></Correlation>\n<Execution ProcessID=\"888\" ThreadID=\"2888\"></Execution>\n<Channel>Microsoft-Windows-Bits-Client/Operational</Channel>\n<Computer>IACIS-HDD-2014</Computer>\n<Security UserID=\"S-1-5-18\"></Security>\n</System>\n<EventData><Data Name=\"User\">NT AUTHORITY\\SYSTEM</Data>\n<Data Name=\"jobTitle\">WU Client Download</Data>\n<Data Name=\"jobId\">{406145c9-ec28-4600-b688-717b130e1014}</Data>\n<Data Name=\"jobOwner\">NT AUTHORITY\\SYSTEM</Data>\n<Data Name=\"fileCount\">0</Data>\n</EventData>\n</Event>\n"
  },
  {
    "EventID": 3,
    "Timestamp": "2014-01-25 01:45:06.618484+00:00",
    "Computer": "IACIS-HDD-2014",
    "Channel": "Microsoft-Windows-Bits-Client/Operational",
    "Level": "Information",
    "EventData": {
      "string": "WU Client Download",
      "string2": "NT AUTHORITY\\SYSTEM",
      "string3": ""
    },
    "RawXml": "<Event xmlns=\"http://schemas.microsoft.com/win/2004/08/events/event\"><System><Provider Name=\"Microsoft-Windows-Bits-Client\" Guid=\"{ef1cc15b-46c1-414e-bb95-e76b077bd51e}\"></Provider>\n<EventID Qualifiers=\"\">3</EventID>\n<Version>0</Version>\n<Level>4</Level>\n<Task>0</Task>\n<Opcode>0</Opcode>\n<Keywords>0x4000000000000000</Keywords>\n<TimeCreated SystemTime=\"2014-01-25 01:45:06.618484+00:00\"></TimeCreated>\n<EventRecordID>859</EventRecordID>\n<Correlation ActivityID=\"\" RelatedActivityID=\"\"></Correlation>\n<Execution ProcessID=\"888\" ThreadID=\"2888\"></Execution>\n<Channel>Microsoft-Windows-Bits-Client/Operational</Channel>\n<Computer>IACIS-HDD-2014</Computer>\n<Security UserID=\"S-1-5-18\"></Security>\n</System>\n<EventData><Data Name=\"string\">WU Client Download</Data>\n<Data Name=\"string2\">NT AUTHORITY\\SYSTEM</Data>\n<Data Name=\"string3\"></Data>\n</EventData>\n</Event>\n"
  },
  {
    "EventID": 4,
    "Timestamp": "2014-01-25 01:45:06.836884+00:00",
    "Computer": "IACIS-HDD-2014",
    "Channel": "Microsoft-Windows-Bits-Client/Operational",
    "Level": "Information",
    "EventData": {
      "User": "NT AUTHORITY\\SYSTEM",
      "jobTitle": "WU Client Download",
      "jobId": "{d95559d5-44d2-4560-bae5-4cad2a7ef3ae}",
      "jobOwner": "NT AUTHORITY\\SYSTEM",
      "fileCount": "1",
      "bytesTransferred": "314880",
      "bytesTransferredFromPeer": "0"
    },
    "RawXml": "<Event xmlns=\"http://schemas.microsoft.com/win/2004/08/events/event\"><System><Provider Name=\"Microsoft-Windows-Bits-Client\" Guid=\"{ef1cc15b-46c1-414e-bb95-e76b077bd51e}\"></Provider>\n<EventID Qualifiers=\"\">4</EventID>\n<Version>1</Version>\n<Level>4</Level>\n<Task>0</Task>\n<Opcode>0</Opcode>\n<Keywords>0x4000000000000000</Keywords>\n<TimeCreated SystemTime=\"2014-01-25 01:45:06.836884+00:00\"></TimeCreated>\n<EventRecordID>860</EventRecordID>\n<Correlation ActivityID=\"\" RelatedActivityID=\"\"></Correlation>\n<Execution ProcessID=\"888\" ThreadID=\"2952\"></Execution>\n<Channel>Microsoft-Windows-Bits-Client/Operational</Channel>\n<Computer>IACIS-HDD-2014</Computer>\n<Security UserID=\"S-1-5-18\"></Security>\n</System>\n<EventData><Data Name=\"User\">NT AUTHORITY\\SYSTEM</Data>\n<Data Name=\"jobTitle\">WU Client Download</Data>\n<Data Name=\"jobId\">{d95559d5-44d2-4560-bae5-4cad2a7ef3ae}</Data>\n<Data Name=\"jobOwner\">NT AUTHORITY\\SYSTEM</Data>\n<Data Name=\"fileCount\">1</Data>\n<Data Name=\"bytesTransferred\">314880</Data>\n<Data Name=\"bytesTransferredFromPeer\">0</Data>\n</EventData>\n</Event>\n"
  },
  {
    "EventID": 4,
    "Timestamp": "2014-01-25 01:45:06.992884+00:00",
    "Computer": "IACIS-HDD-2014",
    "Channel": "Microsoft-Windows-Bits-Client/Operational",
    "Level": "Information",
    "EventData": {
      "User": "NT AUTHORITY\\SYSTEM",
      "jobTitle": "WU Client Download",
      "jobId": "{460b7075-08af-431d-9a2e-0e934a7e7c62}",
      "jobOwner": "NT AUTHORITY\\SYSTEM",
      "fileCount": "1",
      "bytesTransferred": "40555",
      "bytesTransferredFromPeer": "0"
    },
    "RawXml": "<Event xmlns=\"http://schemas.microsoft.com/win/2004/08/events/event\"><System><Provider Name=\"Microsoft-Windows-Bits-Client\" Guid=\"{ef1cc15b-46c1-414e-bb95-e76b077bd51e}\"></Provider>\n<EventID Qualifiers=\"\">4</EventID>\n<Version>1</Version>\n<Level>4</Level>\n<Task>0</Task>\n<Opcode>0</Opcode>\n<Keywords>0x4000000000000000</Keywords>\n<TimeCreated SystemTime=\"2014-01-25 01:45:06.992884+00:00\"></TimeCreated>\n<EventRecordID>861</EventRecordID>\n<Correlation ActivityID=\"\" RelatedActivityID=\"\"></Correlation>\n<Execution ProcessID=\"888\" ThreadID=\"2804\"></Execution>\n<Channel>Microsoft-Windows-Bits-Client/Operational</Channel>\n<Computer>IACIS-HDD-2014</Computer>\n<Security UserID=\"S-1-5-18\"></Security>\n</System>\n<EventData><Data Name=\"User\">NT AUTHORITY\\SYSTEM</Data>\n<Data Name=\"jobTitle\">WU Client Download</Data>\n<Data Name=\"jobId\">{460b7075-08af-431d-9a2e-0e934a7e7c62}</Data>\n<Data Name=\"jobOwner\">NT AUTHORITY\\SYSTEM</Data>\n<Data Name=\"fileCount\">1</Data>\n<Data Name=\"bytesTransferred\">40555</Data>\n<Data Name=\"bytesTransferredFromPeer\">0</Data>\n</EventData>\n</Event>\n"
  },
  {
    "EventID": 3,
    "Timestamp": "2014-01-25 01:45:07.117683+00:00",
    "Computer": "IACIS-HDD-2014",
    "Channel": "Microsoft-Windows-Bits-Client/Operational",
    "Level": "Information",
    "EventData": {
      "string": "WU Client Download",
      "string2": "NT AUTHORITY\\SYSTEM",
      "string3": ""
    },
    "RawXml": "<Event xmlns=\"http://schemas.microsoft.com/win/2004/08/events/event\"><System><Provider Name=\"Microsoft-Windows-Bits-Client\" Guid=\"{ef1cc15b-46c1-414e-bb95-e76b077bd51e}\"></Provider>\n<EventID Qualifiers=\"\">3</EventID>\n<Version>0</Version>\n<Level>4</Level>\n<Task>0</Task>\n<Opcode>0</Opcode>\n<Keywords>0x4000000000000000</Keywords>\n<TimeCreated SystemTime=\"2014-01-25 01:45:07.117683+00:00\"></TimeCreated>\n<EventRecordID>862</EventRecordID>\n<Correlation ActivityID=\"\" RelatedActivityID=\"\"></Correlation>\n<Execution ProcessID=\"888\" ThreadID=\"2804\"></Execution>\n<Channel>Microsoft-Windows-Bits-Client/Operational</Channel>\n<Computer>IACIS-HDD-2014</Computer>\n<Security UserID=\"S-1-5-18\"></Security>\n</System>\n<EventData><Data Name=\"string\">WU Client Download</Data>\n<Data Name=\"string2\">NT AUTHORITY\\SYSTEM</Data>\n<Data Name=\"string3\"></Data>\n</EventData>\n</Event>\n"
  },
  {
    "EventID": 5,
    "Timestamp": "2014-01-25 01:45:07.117683+00:00",
    "Computer": "IACIS-HDD-2014",
    "Channel": "Microsoft-Windows-Bits-Client/Operational",
    "Level": "Information",
    "EventData": {
      "User": "NT AUTHORITY\\SYSTEM",
      "jobTitle": "WU Client Download",
      "jobId": "{7eec5d8a-35d3-4b07-8c14-16fda98f9369}",
      "jobOwner": "NT AUTHORITY\\SYSTEM",
      "fileCount": "0"
    },
    "RawXml": "<Event xmlns=\"http://schemas.microsoft.com/win/2004/08/events/event\"><System><Provider Name=\"Microsoft-Windows-Bits-Client\" Guid=\"{ef1cc15b-46c1-414e-bb95-e76b077bd51e}\"></Provider>\n<EventID Qualifiers=\"\">5</EventID>\n<Version>0</Version>\n<Level>4</Level>\n<Task>0</Task>\n<Opcode>0</Opcode>\n<Keywords>0x4000000000000000</Keywords>\n<TimeCreated SystemTime=\"2014-01-25 01:45:07.117683+00:00\"></TimeCreated>\n<EventRecordID>863</EventRecordID>\n<Correlation ActivityID=\"\" RelatedActivityID=\"\"></Correlation>\n<Execution ProcessID=\"888\" ThreadID=\"2804\"></Execution>\n<Channel>Microsoft-Windows-Bits-Client/Operational</Channel>\n<Computer>IACIS-HDD-2014</Computer>\n<Security UserID=\"S-1-5-18\"></Security>\n</System>\n<EventData><Data Name=\"User\">NT AUTHORITY\\SYSTEM</Data>\n<Data Name=\"jobTitle\">WU Client Download</Data>\n<Data Name=\"jobId\">{7eec5d8a-35d3-4b07-8c14-16fda98f9369}</Data>\n<Data Name=\"jobOwner\">NT AUTHORITY\\SYSTEM</Data>\n<Data Name=\"fileCount\">0</Data>\n</EventData>\n</Event>\n"
  },
  {
    "EventID": 3,
    "Timestamp": "2014-01-25 01:45:11.282892+00:00",
    "Computer": "IACIS-HDD-2014",
    "Channel": "Microsoft-Windows-Bits-Client/Operational",
    "Level": "Information",
    "EventData": {
      "string": "WU Client Download",
      "string2": "NT AUTHORITY\\SYSTEM",
      "string3": ""
    },
    "RawXml": "<Event xmlns=\"http://schemas.microsoft.com/win/2004/08/events/event\"><System><Provider Name=\"Microsoft-Windows-Bits-Client\" Guid=\"{ef1cc15b-46c1-414e-bb95-e76b077bd51e}\"></Provider>\n<EventID Qualifiers=\"\">3</EventID>\n<Version>0</Version>\n<Level>4</Level>\n<Task>0</Task>\n<Opcode>0</Opcode>\n<Keywords>0x4000000000000000</Keywords>\n<TimeCreated SystemTime=\"2014-01-25 01:45:11.282892+00:00\"></TimeCreated>\n<EventRecordID>864</EventRecordID>\n<Correlation ActivityID=\"\" RelatedActivityID=\"\"></Correlation>\n<Execution ProcessID=\"888\" ThreadID=\"2804\"></Execution>\n<Channel>Microsoft-Windows-Bits-Client/Operational</Channel>\n<Computer>IACIS-HDD-2014</Computer>\n<Security UserID=\"S-1-5-18\"></Security>\n</System>\n<EventData><Data Name=\"string\">WU Client Download</Data>\n<Data Name=\"string2\">NT AUTHORITY\\SYSTEM</Data>\n<Data Name=\"string3\"></Data>\n</EventData>\n</Event>\n"
  },
  {
    "EventID": 4,
    "Timestamp": "2014-01-25 01:45:11.501291+00:00",
    "Computer": "IACIS-HDD-2014",
    "Channel": "Microsoft-Windows-Bits-Client/Operational",
    "Level": "Information",
    "EventData": {
      "User": "NT AUTHORITY\\SYSTEM",
      "jobTitle": "WU Client Download",
      "jobId": "{fd8d2623-bdbd-4683-8974-149d68888ba0}",
      "jobOwner": "NT AUTHORITY\\SYSTEM",
      "fileCount": "1",
      "bytesTransferred": "335389",
      "bytesTransferredFromPeer": "0"
    },
    "RawXml": "<Event xmlns=\"http://schemas.microsoft.com/win/2004/08/events/event\"><System><Provider Name=\"Microsoft-Windows-Bits-Client\" Guid=\"{ef1cc15b-46c1-414e-bb95-e76b077bd51e}\"></Provider>\n<EventID Qualifiers=\"\">4</EventID>\n<Version>1</Version>\n<Level>4</Level>\n<Task>0</Task>\n<Opcode>0</Opcode>\n<Keywords>0x4000000000000000</Keywords>\n<TimeCreated SystemTime=\"2014-01-25 01:45:11.501291+00:00\"></TimeCreated>\n<EventRecordID>865</EventRecordID>\n<Correlation ActivityID=\"\" RelatedActivityID=\"\"></Correlation>\n<Execution ProcessID=\"888\" ThreadID=\"2804\"></Execution>\n<Channel>Microsoft-Windows-Bits-Client/Operational</Channel>\n<Computer>IACIS-HDD-2014</Computer>\n<Security UserID=\"S-1-5-18\"></Security>\n</System>\n<EventData><Data Name=\"User\">NT AUTHORITY\\SYSTEM</Data>\n<Data Name=\"jobTitle\">WU Client Download</Data>\n<Data Name=\"jobId\">{fd8d2623-bdbd-4683-8974-149d68888ba0}</Data>\n<Data Name=\"jobOwner\">NT AUTHORITY\\SYSTEM</Data>\n<Data Name=\"fileCount\">1</Data>\n<Data Name=\"bytesTransferred\">335389</Data>\n<Data Name=\"bytesTransferredFromPeer\">0</Data>\n</EventData>\n</Event>\n"
  },
  {
    "EventID": 3,
    "Timestamp": "2014-01-25 01:45:11.750893+00:00",
    "Computer": "IACIS-HDD-2014",
    "Channel": "Microsoft-Windows-Bits-Client/Operational",
    "Level": "Information",
    "EventData": {
      "string": "WU Client Download",
      "string2": "NT AUTHORITY\\SYSTEM",
      "string3": ""
    },
    "RawXml": "<Event xmlns=\"http://schemas.microsoft.com/win/2004/08/events/event\"><System><Provider Name=\"Microsoft-Windows-Bits-Client\" Guid=\"{ef1cc15b-46c1-414e-bb95-e76b077bd51e}\"></Provider>\n<EventID Qualifiers=\"\">3</EventID>\n<Version>0</Version>\n<Level>4</Level>\n<Task>0</Task>\n<Opcode>0</Opcode>\n<Keywords>0x4000000000000000</Keywords>\n<TimeCreated SystemTime=\"2014-01-25 01:45:11.750893+00:00\"></TimeCreated>\n<EventRecordID>866</EventRecordID>\n<Correlation ActivityID=\"\" RelatedActivityID=\"\"></Correlation>\n<Execution ProcessID=\"888\" ThreadID=\"2804\"></Execution>\n<Channel>Microsoft-Windows-Bits-Client/Operational</Channel>\n<Computer>IACIS-HDD-2014</Computer>\n<Security UserID=\"S-1-5-18\"></Security>\n</System>\n<EventData><Data Name=\"string\">WU Client Download</Data>\n<Data Name=\"string2\">NT AUTHORITY\\SYSTEM</Data>\n<Data Name=\"string3\"></Data>\n</EventData>\n</Event>\n"
  },
  {
    "EventID": 5,
    "Timestamp": "2014-01-25 01:45:11.750893+00:00",
    "Computer": "IACIS-HDD-2014",
    "Channel": "Microsoft-Windows-Bits-Client/Operational",
    "Level": "Information",
    "EventData": {
      "User": "NT AUTHORITY\\SYSTEM",
      "jobTitle": "WU Client Download",
      "jobId": "{86b8a020-5c38-4a8e-9adb-ff742399cb04}",
      "jobOwner": "NT AUTHORITY\\SYSTEM",
      "fileCount": "0"
    },
    "RawXml": "<Event xmlns=\"http://schemas.microsoft.com/win/2004/08/events/event\"><System><Provider Name=\"Microsoft-Windows-Bits-Client\" Guid=\"{ef1cc15b-46c1-414e-bb95-e76b077bd51e}\"></Provider>\n<EventID Qualifiers=\"\">5</EventID>\n<Version>0</Version>\n<Level>4</Level>\n<Task>0</Task>\n<Opcode>0</Opcode>\n<Keywords>0x4000000000000000</Keywords>\n<TimeCreated SystemTime=\"2014-01-25 01:45:11.750893+00:00\"></TimeCreated>\n<EventRecordID>867</EventRecordID>\n<Correlation ActivityID=\"\" RelatedActivityID=\"\"></Correlation>\n<Execution ProcessID=\"888\" ThreadID=\"2804\"></Execution>\n<Channel>Microsoft-Windows-Bits-Client/Operational</Channel>\n<Computer>IACIS-HDD-2014</Computer>\n<Security UserID=\"S-1-5-18\"></Security>\n</System>\n<EventData><Data Name=\"User\">NT AUTHORITY\\SYSTEM</Data>\n<Data Name=\"jobTitle\">WU Client Download</Data>\n<Data Name=\"jobId\">{86b8a020-5c38-4a8e-9adb-ff742399cb04}</Data>\n<Data Name=\"jobOwner\">NT AUTHORITY\\SYSTEM</Data>\n<Data Name=\"fileCount\">0</Data>\n</EventData>\n</Event>\n"
  },
  {
    "EventID": 3,
    "Timestamp": "2014-01-25 01:45:22.951714+00:00",
    "Computer": "IACIS-HDD-2014",
    "Channel": "Microsoft-Windows-Bits-Client/Operational",
    "Level": "Information",
    "EventData": {
      "string": "WU Client Download",
      "string2": "NT AUTHORITY\\SYSTEM",
      "string3": ""
    },
    "RawXml": "<Event xmlns=\"http://schemas.microsoft.com/win/2004/08/events/event\"><System><Provider Name=\"Microsoft-Windows-Bits-Client\" Guid=\"{ef1cc15b-46c1-414e-bb95-e76b077bd51e}\"></Provider>\n<EventID Qualifiers=\"\">3</EventID>\n<Version>0</Version>\n<Level>4</Level>\n<Task>0</Task>\n<Opcode>0</Opcode>\n<Keywords>0x4000000000000000</Keywords>\n<TimeCreated SystemTime=\"2014-01-25 01:45:22.951714+00:00\"></TimeCreated>\n<EventRecordID>868</EventRecordID>\n<Correlation ActivityID=\"\" RelatedActivityID=\"\"></Correlation>\n<Execution ProcessID=\"888\" ThreadID=\"2804\"></Execution>\n<Channel>Microsoft-Windows-Bits-Client/Operational</Channel>\n<Computer>IACIS-HDD-2014</Computer>\n<Security UserID=\"S-1-5-18\"></Security>\n</System>\n<EventData><Data Name=\"string\">WU Client Download</Data>\n<Data Name=\"string2\">NT AUTHORITY\\SYSTEM</Data>\n<Data Name=\"string3\"></Data>\n</EventData>\n</Event>\n"
  },
  {
    "EventID": 4,
    "Timestamp": "2014-01-25 01:45:23.185713+00:00",
    "Computer": "IACIS-HDD-2014",
    "Channel": "Microsoft-Windows-Bits-Client/Operational",
    "Level": "Information",
    "EventData": {
      "User": "NT AUTHORITY\\SYSTEM",
      "jobTitle": "WU Client Download",
      "jobId": "{7ff0e88a-4b57-4a02-888d-cac6fff4a4ee}",
      "jobOwner": "NT AUTHORITY\\SYSTEM",
      "fileCount": "1",
      "bytesTransferred": "691363",
      "bytesTransferredFromPeer": "0"
    },
    "RawXml": "<Event xmlns=\"http://schemas.microsoft.com/win/2004/08/events/event\"><System><Provider Name=\"Microsoft-Windows-Bits-Client\" Guid=\"{ef1cc15b-46c1-414e-bb95-e76b077bd51e}\"></Provider>\n<EventID Qualifiers=\"\">4</EventID>\n<Version>1</Version>\n<Level>4</Level>\n<Task>0</Task>\n<Opcode>0</Opcode>\n<Keywords>0x4000000000000000</Keywords>\n<TimeCreated SystemTime=\"2014-01-25 01:45:23.185713+00:00\"></TimeCreated>\n<EventRecordID>869</EventRecordID>\n<Correlation ActivityID=\"\" RelatedActivityID=\"\"></Correlation>\n<Execution ProcessID=\"888\" ThreadID=\"2888\"></Execution>\n<Channel>Microsoft-Windows-Bits-Client/Operational</Channel>\n<Computer>IACIS-HDD-2014</Computer>\n<Security UserID=\"S-1-5-18\"></Security>\n</System>\n<EventData><Data Name=\"User\">NT AUTHORITY\\SYSTEM</Data>\n<Data Name=\"jobTitle\">WU Client Download</Data>\n<Data Name=\"jobId\">{7ff0e88a-4b57-4a02-888d-cac6fff4a4ee}</Data>\n<Data Name=\"jobOwner\">NT AUTHORITY\\SYSTEM</Data>\n<Data Name=\"fileCount\">1</Data>\n<Data Name=\"bytesTransferred\">691363</Data>\n<Data Name=\"bytesTransferredFromPeer\">0</Data>\n</EventData>\n</Event>\n"
  },
