  {
    "EventID": 60,
    "Timestamp": "2014-01-25 01:38:36.048199+00:00",
    "Computer": "IACIS-HDD-2014",
    "Channel": "Microsoft-Windows-Bits-Client/Operational",
    "Level": "Information",
    "EventData": {
      "transferId": "{60691023-5dcc-4fb9-b938-c9b6dce2cedc}",
      "name": "WU Client Download",
      "Id": "{d17a6499-fcaf-4644-8039-031cee9c4dbb}",
      "url": "http://au.download.windowsupdate.com/msdownload/update/software/secu/2012/06/windows6.1-kb2655992-x64-express_09eaacf8a8ef31b52197afacdd522a47896ffd56.cab",
      "peer": "",
      "hr": "0",
      "fileTime": "2012-06-07 19:23:49+00:00",
      "fileLength": "132383",
      "bytesTotal": "132383",
      "bytesTransferred": "132383",
      "proxy": "",
      "peerProtocolFlags": "0",
      "bytesTransferredFromPeer": "0",
      "AdditionalInfoHr": "0",
      "PeerContextInfo": "0",
      "bandwidthLimit": "18446744073709551615",
      "ignoreBandwidthLimitsOnLan": "False"
    },
    "RawXml": "<Event xmlns=\"http://schemas.microsoft.com/win/2004/08/events/event\"><System><Provider Name=\"Microsoft-Windows-Bits-Client\" Guid=\"{ef1cc15b-46c1-414e-bb95-e76b077bd51e}\"></Provider>\n<EventID Qualifiers=\"\">60</EventID>\n<Version>1</Version>\n<Level>4</Level>\n<Task>0</Task>\n<Opcode>2</Opcode>\n<Keywords>0x4000000000000000</Keywords>\n<TimeCreated SystemTime=\"2014-01-25 01:38:36.048199+00:00\"></TimeCreated>\n<EventRecordID>561</EventRecordID>\n<Correlation ActivityID=\"{60691023-5dcc-4fb9-b938-c9b6dce2cedc}\" RelatedActivityID=\"\"></Correlation>\n<Execution ProcessID=\"888\" ThreadID=\"744\"></Execution>\n<Channel>Microsoft-Windows-Bits-Client/Operational</Channel>\n<Computer>IACIS-HDD-2014</Computer>\n<Security UserID=\"S-1-5-18\"></Security>\n</System>\n<EventData><Data Name=\"transferId\">{60691023-5dcc-4fb9-b938-c9b6dce2cedc}</Data>\n<Data Name=\"name\">WU Client Download</Data>\n<Data Name=\"Id\">{d17a6499-fcaf-4644-8039-031cee9c4dbb}</Data>\n<Data Name=\"url\">http://au.download.windowsupdate.com/msdownload/update/software/secu/2012/06/windows6.1-kb2655992-x64-express_09eaacf8a8ef31b52197afacdd522a47896ffd56.cab</Data>\n<Data Name=\"peer\"></Data>\n<Data Name=\"hr\">0</Data>\n<Data Name=\"fileTime\">2012-06-07 19:23:49+00:00</Data>\n<Data Name=\"fileLength\">132383</Data>\n<Data Name=\"bytesTotal\">132383</Data>\n<Data Name=\"bytesTransferred\">132383</Data>\n<Data Name=\"proxy\"></Data>\n<Data Name=\"peerProtocolFlags\">0</Data>\n<Data Name=\"bytesTransferredFromPeer\">0</Data>\n<Data Name=\"AdditionalInfoHr\">0</Data>\n<Data Name=\"PeerContextInfo\">0</Data>\n<Data Name=\"bandwidthLimit\">18446744073709551615</Data>\n<Data Name=\"ignoreBandwidthLimitsOnLan\">False</Data>\n</EventData>\n</Event>\n"
  },
  {
    "EventID": 60,
    "Timestamp": "2014-01-25 01:38:36.110598+00:00",
    "Computer": "IACIS-HDD-2014",
    "Channel": "Microsoft-Windows-Bits-Client/Operational",
    "Level": "Information",
    "EventData": {
      "transferId": "{73d844e2-763a-478b-9f34-a30119ff91b2}",
      "name": "WU Client Download",
      "Id": "{5da39918-72a0-404a-b2b9-77ad0b321df9}",
      "url": "http://au.download.windowsupdate.com/msdownload/update/software/secu/2013/05/windows6.1-kb2833946-x64-express_f3ead8eb3b515c1ccec83796bf9f8b5279087d01.cab",
      "peer": "",
      "hr": "0",
      "fileTime": "2013-05-22 16:40:00+00:00",
      "fileLength": "239973",
      "bytesTotal": "239973",
      "bytesTransferred": "239973",
      "proxy": "",
      "peerProtocolFlags": "0",
      "bytesTransferredFromPeer": "0",
      "AdditionalInfoHr": "0",
      "PeerContextInfo": "0",
      "bandwidthLimit": "18446744073709551615",
      "ignoreBandwidthLimitsOnLan": "False"
    },
    "RawXml": "<Event xmlns=\"http://schemas.microsoft.com/win/2004/08/events/event\"><System><Provider Name=\"Microsoft-Windows-Bits-Client\" Guid=\"{ef1cc15b-46c1-414e-bb95-e76b077bd51e}\"></Provider>\n<EventID Qualifiers=\"\">60</EventID>\n<Version>1</Version>\n<Level>4</Level>\n<Task>0</Task>\n<Opcode>2</Opcode>\n<Keywords>0x4000000000000000</Keywords>\n<TimeCreated SystemTime=\"2014-01-25 01:38:36.110598+00:00\"></TimeCreated>\n<EventRecordID>562</EventRecordID>\n<Correlation ActivityID=\"{73d844e2-763a-478b-9f34-a30119ff91b2}\" RelatedActivityID=\"\"></Correlation>\n<Execution ProcessID=\"888\" ThreadID=\"1456\"></Execution>\n<Channel>Microsoft-Windows-Bits-Client/Operational</Channel>\n<Computer>IACIS-HDD-2014</Computer>\n<Security UserID=\"S-1-5-18\"></Security>\n</System>\n<EventData><Data Name=\"transferId\">{73d844e2-763a-478b-9f34-a30119ff91b2}</Data>\n<Data Name=\"name\">WU Client Download</Data>\n<Data Name=\"Id\">{5da39918-72a0-404a-b2b9-77ad0b321df9}</Data>\n<Data Name=\"url\">http://au.download.windowsupdate.com/msdownload/update/software/secu/2013/05/windows6.1-kb2833946-x64-express_f3ead8eb3b515c1ccec83796bf9f8b5279087d01.cab</Data>\n<Data Name=\"peer\"></Data>\n<Data Name=\"hr\">0</Data>\n<Data Name=\"fileTime\">2013-05-22 16:40:00+00:00</Data>\n<Data Name=\"fileLength\">239973</Data>\n<Data Name=\"bytesTotal\">239973</Data>\n<Data Name=\"bytesTransferred\">239973</Data>\n<Data Name=\"proxy\"></Data>\n<Data Name=\"peerProtocolFlags\">0</Data>\n<Data Name=\"bytesTransferredFromPeer\">0</Data>\n<Data Name=\"AdditionalInfoHr\">0</Data>\n<Data Name=\"PeerContextInfo\">0</Data>\n<Data Name=\"bandwidthLimit\">18446744073709551615</Data>\n<Data Name=\"ignoreBandwidthLimitsOnLan\">False</Data>\n</EventData>\n</Event>\n"
  },
  {
    "EventID": 60,
    "Timestamp": "2014-01-25 01:38:36.266598+00:00",
    "Computer": "IACIS-HDD-2014",
    "Channel": "Microsoft-Windows-Bits-Client/Operational",
    "Level": "Information",
    "EventData": {
      "transferId": "{f0f8f263-01f6-4cbe-9268-a6194fc955ab}",
      "name": "WU Client Download",
      "Id": "{f4133384-8e6c-4081-b68c-9d4dbced53b1}",
      "url": "http://au.download.windowsupdate.com/msdownload/update/software/secu/2013/07/windows6.1-kb2861855-x64-express_5c3d525bd0ff43d14d3d2bbfd75e890116ebd5f3.cab",
      "peer": "",
      "hr": "0",
      "fileTime": "2013-07-24 00:57:42+00:00",
      "fileLength": "43855",
      "bytesTotal": "43855",
      "bytesTransferred": "43855",
      "proxy": "",
      "peerProtocolFlags": "0",
      "bytesTransferredFromPeer": "0",
      "AdditionalInfoHr": "0",
      "PeerContextInfo": "0",
      "bandwidthLimit": "18446744073709551615",
      "ignoreBandwidthLimitsOnLan": "False"
    },
    "RawXml": "<Event xmlns=\"http://schemas.microsoft.com/win/2004/08/events/event\"><System><Provider Name=\"Microsoft-Windows-Bits-Client\" Guid=\"{ef1cc15b-46c1-414e-bb95-e76b077bd51e}\"></Provider>\n<EventID Qualifiers=\"\">60</EventID>\n<Version>1</Version>\n<Level>4</Level>\n<Task>0</Task>\n<Opcode>2</Opcode>\n<Keywords>0x4000000000000000</Keywords>\n<TimeCreated SystemTime=\"2014-01-25 01:38:36.266598+00:00\"></TimeCreated>\n<EventRecordID>563</EventRecordID>\n<Correlation ActivityID=\"{f0f8f263-01f6-4cbe-9268-a6194fc955ab}\" RelatedActivityID=\"\"></Correlation>\n<Execution ProcessID=\"888\" ThreadID=\"156\"></Execution>\n<Channel>Microsoft-Windows-Bits-Client/Operational</Channel>\n<Computer>IACIS-HDD-2014</Computer>\n<Security UserID=\"S-1-5-18\"></Security>\n</System>\n<EventData><Data Name=\"transferId\">{f0f8f263-01f6-4cbe-9268-a6194fc955ab}</Data>\n<Data Name=\"name\">WU Client Download</Data>\n<Data Name=\"Id\">{f4133384-8e6c-4081-b68c-9d4dbced53b1}</Data>\n<Data Name=\"url\">http://au.download.windowsupdate.com/msdownload/update/software/secu/2013/07/windows6.1-kb2861855-x64-express_5c3d525bd0ff43d14d3d2bbfd75e890116ebd5f3.cab</Data>\n<Data Name=\"peer\"></Data>\n<Data Name=\"hr\">0</Data>\n<Data Name=\"fileTime\">2013-07-24 00:57:42+00:00</Data>\n<Data Name=\"fileLength\">43855</Data>\n<Data Name=\"bytesTotal\">43855</Data>\n<Data Name=\"bytesTransferred\">43855</Data>\n<Data Name=\"proxy\"></Data>\n<Data Name=\"peerProtocolFlags\">0</Data>\n<Data Name=\"bytesTransferredFromPeer\">0</Data>\n<Data Name=\"AdditionalInfoHr\">0</Data>\n<Data Name=\"PeerContextInfo\">0</Data>\n<Data Name=\"bandwidthLimit\">18446744073709551615</Data>\n<Data Name=\"ignoreBandwidthLimitsOnLan\">False</Data>\n</EventData>\n</Event>\n"
  },
  {
    "EventID": 60,
    "Timestamp": "2014-01-25 01:38:36.313398+00:00",
    "Computer": "IACIS-HDD-2014",
    "Channel": "Microsoft-Windows-Bits-Client/Operational",
    "Level": "Information",
    "EventData": {
      "transferId": "{624be0fd-ca81-42ef-8202-682810830cad}",
      "name": "WU Client Download",
      "Id": "{b8665756-7d32-4728-9a28-089999d66405}",
      "url": "http://au.download.windowsupdate.com/msdownload/update/software/secu/2013/09/windows6.1-kb2855844-x64_cf7f1424c25a75027aed0c46934aa4fc9c0db4cc.psf",
      "peer": "",
      "hr": "0",
      "fileTime": "2013-09-17 21:09:40+00:00",
      "fileLength": "17703663",
      "bytesTotal": "151159",
      "bytesTransferred": "151159",
      "proxy": "",
      "peerProtocolFlags": "0",
      "bytesTransferredFromPeer": "0",
      "AdditionalInfoHr": "0",
      "PeerContextInfo": "0",
      "bandwidthLimit": "18446744073709551615",
      "ignoreBandwidthLimitsOnLan": "False"
    },
    "RawXml": "<Event xmlns=\"http://schemas.microsoft.com/win/2004/08/events/event\"><System><Provider Name=\"Microsoft-Windows-Bits-Client\" Guid=\"{ef1cc15b-46c1-414e-bb95-e76b077bd51e}\"></Provider>\n<EventID Qualifiers=\"\">60</EventID>\n<Version>1</Version>\n<Level>4</Level>\n<Task>0</Task>\n<Opcode>2</Opcode>\n<Keywords>0x4000000000000000</Keywords>\n<TimeCreated SystemTime=\"2014-01-25 01:38:36.313398+00:00\"></TimeCreated>\n<EventRecordID>564</EventRecordID>\n<Correlation ActivityID=\"{624be0fd-ca81-42ef-8202-682810830cad}\" RelatedActivityID=\"\"></Correlation>\n<Execution ProcessID=\"888\" ThreadID=\"2288\"></Execution>\n<Channel>Microsoft-Windows-Bits-Client/Operational</Channel>\n<Computer>IACIS-HDD-2014</Computer>\n<Security UserID=\"S-1-5-18\"></Security>\n</System>\n<EventData><Data Name=\"transferId\">{624be0fd-ca81-42ef-8202-682810830cad}</Data>\n<Data Name=\"name\">WU Client Download</Data>\n<Data Name=\"Id\">{b8665756-7d32-4728-9a28-089999d66405}</Data>\n<Data Name=\"url\">http://au.download.windowsupdate.com/msdownload/update/software/secu/2013/09/windows6.1-kb2855844-x64_cf7f1424c25a75027aed0c46934aa4fc9c0db4cc.psf</Data>\n<Data Name=\"peer\"></Data>\n<Data Name=\"hr\">0</Data>\n<Data Name=\"fileTime\">2013-09-17 21:09:40+00:00</Data>\n<Data Name=\"fileLength\">17703663</Data>\n<Data Name=\"bytesTotal\">151159</Data>\n<Data Name=\"bytesTransferred\">151159</Data>\n<Data Name=\"proxy\"></Data>\n<Data Name=\"peerProtocolFlags\">0</Data>\n<Data Name=\"bytesTransferredFromPeer\">0</Data>\n<Data Name=\"AdditionalInfoHr\">0</Data>\n<Data Name=\"PeerContextInfo\">0</Data>\n<Data Name=\"bandwidthLimit\">18446744073709551615</Data>\n<Data Name=\"ignoreBandwidthLimitsOnLan\">False</Data>\n</EventData>\n</Event>\n"
  },
  {
    "EventID": 60,
    "Timestamp": "2014-01-25 01:38:36.360197+00:00",
    "Computer": "IACIS-HDD-2014",
    "Channel": "Microsoft-Windows-Bits-Client/Operational",
    "Level": "Information",
    "EventData": {
      "transferId": "{e6af78f8-6ef2-48c4-b8df-1e7a49882bff}",
      "name": "WU Client Download",
      "Id": "{057f6755-445c-4067-bc21-f5e19a93f117}",
      "url": "http://au.download.windowsupdate.com/msdownload/update/software/secu/2013/10/windows6.1-kb2868725-x64-express_962843a14327219bead846dc197fbb58b06a3378.cab",
      "peer": "",
      "hr": "0",
      "fileTime": "2013-10-22 18:47:42+00:00",
      "fileLength": "330645",
      "bytesTotal": "330645",
      "bytesTransferred": "330645",
      "proxy": "",
      "peerProtocolFlags": "0",
      "bytesTransferredFromPeer": "0",
      "AdditionalInfoHr": "0",
      "PeerContextInfo": "0",
      "bandwidthLimit": "18446744073709551615",
      "ignoreBandwidthLimitsOnLan": "False"
    },
    "RawXml": "<Event xmlns=\"http://schemas.microsoft.com/win/2004/08/events/event\"><System><Provider Name=\"Microsoft-Windows-Bits-Client\" Guid=\"{ef1cc15b-46c1-414e-bb95-e76b077bd51e}\"></Provider>\n<EventID Qualifiers=\"\">60</EventID>\n<Version>1</Version>\n<Level>4</Level>\n<Task>0</Task>\n<Opcode>2</Opcode>\n<Keywords>0x4000000000000000</Keywords>\n<TimeCreated SystemTime=\"2014-01-25 01:38:36.360197+00:00\"></TimeCreated>\n<EventRecordID>565</EventRecordID>\n<Correlation ActivityID=\"{e6af78f8-6ef2-48c4-b8df-1e7a49882bff}\" RelatedActivityID=\"\"></Correlation>\n<Execution ProcessID=\"888\" ThreadID=\"2936\"></Execution>\n<Channel>Microsoft-Windows-Bits-Client/Operational</Channel>\n<Computer>IACIS-HDD-2014</Computer>\n<Security UserID=\"S-1-5-18\"></Security>\n</System>\n<EventData><Data Name=\"transferId\">{e6af78f8-6ef2-48c4-b8df-1e7a49882bff}</Data>\n<Data Name=\"name\">WU Client Download</Data>\n<Data Name=\"Id\">{057f6755-445c-4067-bc21-f5e19a93f117}</Data>\n<Data Name=\"url\">http://au.download.windowsupdate.com/msdownload/update/software/secu/2013/10/windows6.1-kb2868725-x64-express_962843a14327219bead846dc197fbb58b06a3378.cab</Data>\n<Data Name=\"peer\"></Data>\n<Data Name=\"hr\">0</Data>\n<Data Name=\"fileTime\">2013-10-22 18:47:42+00:00</Data>\n<Data Name=\"fileLength\">330645</Data>\n<Data Name=\"bytesTotal\">330645</Data>\n<Data Name=\"bytesTransferred\">330645</Data>\n<Data Name=\"proxy\"></Data>\n<Data Name=\"peerProtocolFlags\">0</Data>\n<Data Name=\"bytesTransferredFromPeer\">0</Data>\n<Data Name=\"AdditionalInfoHr\">0</Data>\n<Data Name=\"PeerContextInfo\">0</Data>\n<Data Name=\"bandwidthLimit\">18446744073709551615</Data>\n<Data Name=\"ignoreBandwidthLimitsOnLan\">False</Data>\n</EventData>\n</Event>\n"
  },
  {
    "EventID": 60,
    "Timestamp": "2014-01-25 01:38:36.438198+00:00",
    "Computer": "IACIS-HDD-2014",
    "Channel": "Microsoft-Windows-Bits-Client/Operational",
    "Level": "Information",
    "EventData": {
      "transferId": "{5b56da68-b201-4ef7-949c-a312a017bda4}",
      "name": "WU Client Download",
      "Id": "{fd732868-2afa-4dda-b5ae-1aa64cbc310a}",
      "url": "http://au.download.windowsupdate.com/msdownload/update/software/secu/2011/09/windows6.1-kb2579686-x64-express_41261723f35d2b6286e51c8e9bfc3bec3c34f414.cab",
      "peer": "",
      "hr": "0",
      "fileTime": "2011-09-16 20:06:57+00:00",
      "fileLength": "73493",
      "bytesTotal": "73493",
      "bytesTransferred": "73493",
      "proxy": "",
      "peerProtocolFlags": "0",
      "bytesTransferredFromPeer": "0",
      "AdditionalInfoHr": "0",
      "PeerContextInfo": "0",
      "bandwidthLimit": "18446744073709551615",
      "ignoreBandwidthLimitsOnLan": "False"
    },
    "RawXml": "<Event xmlns=\"http://schemas.microsoft.com/win/2004/08/events/event\"><System><Provider Name=\"Microsoft-Windows-Bits-Client\" Guid=\"{ef1cc15b-46c1-414e-bb95-e76b077bd51e}\"></Provider>\n<EventID Qualifiers=\"\">60</EventID>\n<Version>1</Version>\n<Level>4</Level>\n<Task>0</Task>\n<Opcode>2</Opcode>\n<Keywords>0x4000000000000000</Keywords>\n<TimeCreated SystemTime=\"2014-01-25 01:38:36.438198+00:00\"></TimeCreated>\n<EventRecordID>566</EventRecordID>\n<Correlation ActivityID=\"{5b56da68-b201-4ef7-949c-a312a017bda4}\" RelatedActivityID=\"\"></Correlation>\n<Execution ProcessID=\"888\" ThreadID=\"2964\"></Execution>\n<Channel>Microsoft-Windows-Bits-Client/Operational</Channel>\n<Computer>IACIS-HDD-2014</Computer>\n<Security UserID=\"S-1-5-18\"></Security>\n</System>\n<EventData><Data Name=\"transferId\">{5b56da68-b201-4ef7-949c-a312a017bda4}</Data>\n<Data Name=\"name\">WU Client Download</Data>\n<Data Name=\"Id\">{fd732868-2afa-4dda-b5ae-1aa64cbc310a}</Data>\n<Data Name=\"url\">http://au.download.windowsupdate.com/msdownload/update/software/secu/2011/09/windows6.1-kb2579686-x64-express_41261723f35d2b6286e51c8e9bfc3bec3c34f414.cab</Data>\n<Data Name=\"peer\"></Data>\n<Data Name=\"hr\">0</Data>\n<Data Name=\"fileTime\">2011-09-16 20:06:57+00:00</Data>\n<Data Name=\"fileLength\">73493</Data>\n<Data Name=\"bytesTotal\">73493</Data>\n<Data Name=\"bytesTransferred\">73493</Data>\n<Data Name=\"proxy\"></Data>\n<Data Name=\"peerProtocolFlags\">0</Data>\n<Data Name=\"bytesTransferredFromPeer\">0</Data>\n<Data Name=\"AdditionalInfoHr\">0</Data>\n<Data Name=\"PeerContextInfo\">0</Data>\n<Data Name=\"bandwidthLimit\">18446744073709551615</Data>\n<Data Name=\"ignoreBandwidthLimitsOnLan\">False</Data>\n</EventData>\n</Event>\n"
  },
  {
    "EventID": 60,
    "Timestamp": "2014-01-25 01:38:36.484999+00:00",
    "Computer": "IACIS-HDD-2014",
    "Channel": "Microsoft-Windows-Bits-Client/Operational",
    "Level": "Information",
    "EventData": {
      "transferId": "{78a6e537-0cbf-4f20-8051-769bb81886fc}",
      "name": "WU Client Download",
      "Id": "{ec6b91e5-cc99-433e-bd32-50dc0088ad34}",
      "url": "http://au.download.windowsupdate.com/msdownload/update/software/secu/2011/11/windows6.1-kb2619339-x64_1cd9e68240835a6f89aa93b1784b232b6133a73e.psf",
      "peer": "",
      "hr": "0",
      "fileTime": "2011-11-22 19:03:59+00:00",
      "fileLength": "15665787",
      "bytesTotal": "153921",
      "bytesTransferred": "153921",
      "proxy": "",
      "peerProtocolFlags": "0",
      "bytesTransferredFromPeer": "0",
      "AdditionalInfoHr": "0",
      "PeerContextInfo": "0",
      "bandwidthLimit": "18446744073709551615",
      "ignoreBandwidthLimitsOnLan": "False"
    },
    "RawXml": "<Event xmlns=\"http://schemas.microsoft.com/win/2004/08/events/event\"><System><Provider Name=\"Microsoft-Windows-Bits-Client\" Guid=\"{ef1cc15b-46c1-414e-bb95-e76b077bd51e}\"></Provider>\n<EventID Qualifiers=\"\">60</EventID>\n<Version>1</Version>\n<Level>4</Level>\n<Task>0</Task>\n<Opcode>2</Opcode>\n<Keywords>0x4000000000000000</Keywords>\n<TimeCreated SystemTime=\"2014-01-25 01:38:36.484999+00:00\"></TimeCreated>\n<EventRecordID>567</EventRecordID>\n<Correlation ActivityID=\"{78a6e537-0cbf-4f20-8051-769bb81886fc}\" RelatedActivityID=\"\"></Correlation>\n<Execution ProcessID=\"888\" ThreadID=\"3064\"></Execution>\n<Channel>Microsoft-Windows-Bits-Client/Operational</Channel>\n<Computer>IACIS-HDD-2014</Computer>\n<Security UserID=\"S-1-5-18\"></Security>\n</System>\n<EventData><Data Name=\"transferId\">{78a6e537-0cbf-4f20-8051-769bb81886fc}</Data>\n<Data Name=\"name\">WU Client Download</Data>\n<Data Name=\"Id\">{ec6b91e5-cc99-433e-bd32-50dc0088ad34}</Data>\n<Data Name=\"url\">http://au.download.windowsupdate.com/msdownload/update/software/secu/2011/11/windows6.1-kb2619339-x64_1cd9e68240835a6f89aa93b1784b232b6133a73e.psf</Data>\n<Data Name=\"peer\"></Data>\n<Data Name=\"hr\">0</Data>\n<Data Name=\"fileTime\">2011-11-22 19:03:59+00:00</Data>\n<Data Name=\"fileLength\">15665787</Data>\n<Data Name=\"bytesTotal\">153921</Data>\n<Data Name=\"bytesTransferred\">153921</Data>\n<Data Name=\"proxy\"></Data>\n<Data Name=\"peerProtocolFlags\">0</Data>\n<Data Name=\"bytesTransferredFromPeer\">0</Data>\n<Data Name=\"AdditionalInfoHr\">0</Data>\n<Data Name=\"PeerContextInfo\">0</Data>\n<Data Name=\"bandwidthLimit\">18446744073709551615</Data>\n<Data Name=\"ignoreBandwidthLimitsOnLan\">False</Data>\n</EventData>\n</Event>\n"
  },
  {
    "EventID": 60,
    "Timestamp": "2014-01-25 01:38:36.531797+00:00",
    "Computer": "IACIS-HDD-2014",
    "Channel": "Microsoft-Windows-Bits-Client/Operational",
    "Level": "Information",
    "EventData": {
      "transferId": "{d22d8939-f122-4b46-a077-7ae11ff7fb76}",
      "name": "WU Client Download",
      "Id": "{6f4d76dc-7c73-4955-a219-0acce5956e4f}",
      "url": "http://au.download.windowsupdate.com/msdownload/update/software/secu/2013/07/windows6.1-kb2849470-x64-express_3c280578c9603a30d0e32f2858b220d82e7888ec.cab",
      "peer": "",
      "hr": "0",
      "fileTime": "2013-07-24 00:33:52+00:00",
      "fileLength": "76663",
      "bytesTotal": "76663",
      "bytesTransferred": "76663",
      "proxy": "",
      "peerProtocolFlags": "0",
      "bytesTransferredFromPeer": "0",
      "AdditionalInfoHr": "0",
      "PeerContextInfo": "0",
      "bandwidthLimit": "18446744073709551615",
      "ignoreBandwidthLimitsOnLan": "False"
    },
    "RawXml": "<Event xmlns=\"http://schemas.microsoft.com/win/2004/08/events/event\"><System><Provider Name=\"Microsoft-Windows-Bits-Client\" Guid=\"{ef1cc15b-46c1-414e-bb95-e76b077bd51e}\"></Provider>\n<EventID Qualifiers=\"\">60</EventID>\n<Version>1</Version>\n<Level>4</Level>\n<Task>0</Task>\n<Opcode>2</Opcode>\n<Keywords>0x4000000000000000</Keywords>\n<TimeCreated SystemTime=\"2014-01-25 01:38:36.531797+00:00\"></TimeCreated>\n<EventRecordID>568</EventRecordID>\n<Correlation ActivityID=\"{d22d8939-f122-4b46-a077-7ae11ff7fb76}\" RelatedActivityID=\"\"></Correlation>\n<Execution ProcessID=\"888\" ThreadID=\"960\"></Execution>\n<Channel>Microsoft-Windows-Bits-Client/Operational</Channel>\n<Computer>IACIS-HDD-2014</Computer>\n<Security UserID=\"S-1-5-18\"></Security>\n</System>\n<EventData><Data Name=\"transferId\">{d22d8939-f122-4b46-a077-7ae11ff7fb76}</Data>\n<Data Name=\"name\">WU Client Download</Data>\n<Data Name=\"Id\">{6f4d76dc-7c73-4955-a219-0acce5956e4f}</Data>\n<Data Name=\"url\">http://au.download.windowsupdate.com/msdownload/update/software/secu/2013/07/windows6.1-kb2849470-x64-express_3c280578c9603a30d0e32f2858b220d82e7888ec.cab</Data>\n<Data Name=\"peer\"></Data>\n<Data Name=\"hr\">0</Data>\n<Data Name=\"fileTime\">2013-07-24 00:33:52+00:00</Data>\n<Data Name=\"fileLength\">76663</Data>\n<Data Name=\"bytesTotal\">76663</Data>\n<Data Name=\"bytesTransferred\">76663</Data>\n<Data Name=\"proxy\"></Data>\n<Data Name=\"peerProtocolFlags\">0</Data>\n<Data Name=\"bytesTransferredFromPeer\">0</Data>\n<Data Name=\"AdditionalInfoHr\">0</Data>\n<Data Name=\"PeerContextInfo\">0</Data>\n<Data Name=\"bandwidthLimit\">18446744073709551615</Data>\n<Data Name=\"ignoreBandwidthLimitsOnLan\">False</Data>\n</EventData>\n</Event>\n"
  },
  {
    "EventID": 60,
    "Timestamp": "2014-01-25 01:38:36.594198+00:00",
    "Computer": "IACIS-HDD-2014",
    "Channel": "Microsoft-Windows-Bits-Client/Operational",
    "Level": "Information",
    "EventData": {
      "transferId": "{3bd8cbad-d7ff-4513-9c9c-e16b88ee9dba}",
      "name": "WU Client Download",
      "Id": "{103cb8d5-380f-46c7-aa12-5219f73e2dd0}",
      "url": "http://au.download.windowsupdate.com/msdownload/update/software/secu/2013/10/windows6.1-kb2862152-x64_ee61fdd084a4b198e7fdcfc37b34aa5d3b869973.psf",
      "peer": "",
      "hr": "0",
      "fileTime": "2013-10-22 18:46:44+00:00",
      "fileLength": "11475671",
      "bytesTotal": "62565",
      "bytesTransferred": "62565",
      "proxy": "",
      "peerProtocolFlags": "0",
      "bytesTransferredFromPeer": "0",
      "AdditionalInfoHr": "0",
      "PeerContextInfo": "0",
      "bandwidthLimit": "18446744073709551615",
      "ignoreBandwidthLimitsOnLan": "False"
    },
    "RawXml": "<Event xmlns=\"http://schemas.microsoft.com/win/2004/08/events/event\"><System><Provider Name=\"Microsoft-Windows-Bits-Client\" Guid=\"{ef1cc15b-46c1-414e-bb95-e76b077bd51e}\"></Provider>\n<EventID Qualifiers=\"\">60</EventID>\n<Version>1</Version>\n<Level>4</Level>\n<Task>0</Task>\n<Opcode>2</Opcode>\n<Keywords>0x4000000000000000</Keywords>\n<TimeCreated SystemTime=\"2014-01-25 01:38:36.594198+00:00\"></TimeCreated>\n<EventRecordID>569</EventRecordID>\n<Correlation ActivityID=\"{3bd8cbad-d7ff-4513-9c9c-e16b88ee9dba}\" RelatedActivityID=\"\"></Correlation>\n<Execution ProcessID=\"888\" ThreadID=\"3048\"></Execution>\n<Channel>Microsoft-Windows-Bits-Client/Operational</Channel>\n<Computer>IACIS-HDD-2014</Computer>\n<Security UserID=\"S-1-5-18\"></Security>\n</System>\n<EventData><Data Name=\"transferId\">{3bd8cbad-d7ff-4513-9c9c-e16b88ee9dba}</Data>\n<Data Name=\"name\">WU Client Download</Data>\n<Data Name=\"Id\">{103cb8d5-380f-46c7-aa12-5219f73e2dd0}</Data>\n<Data Name=\"url\">http://au.download.windowsupdate.com/msdownload/update/software/secu/2013/10/windows6.1-kb2862152-x64_ee61fdd084a4b198e7fdcfc37b34aa5d3b869973.psf</Data>\n<Data Name=\"peer\"></Data>\n<Data Name=\"hr\">0</Data>\n<Data Name=\"fileTime\">2013-10-22 18:46:44+00:00</Data>\n<Data Name=\"fileLength\">11475671</Data>\n<Data Name=\"bytesTotal\">62565</Data>\n<Data Name=\"bytesTransferred\">62565</Data>\n<Data Name=\"proxy\"></Data>\n<Data Name=\"peerProtocolFlags\">0</Data>\n<Data Name=\"bytesTransferredFromPeer\">0</Data>\n<Data Name=\"AdditionalInfoHr\">0</Data>\n<Data Name=\"PeerContextInfo\">0</Data>\n<Data Name=\"bandwidthLimit\">18446744073709551615</Data>\n<Data Name=\"ignoreBandwidthLimitsOnLan\">False</Data>\n</EventData>\n</Event>\n"
  },
  {
    "EventID": 60,
    "Timestamp": "2014-01-25 01:38:36.640997+00:00",
    "Computer": "IACIS-HDD-2014",
    "Channel": "Microsoft-Windows-Bits-Client/Operational",
    "Level": "Information",
    "EventData": {
      "transferId": "{86dacbd9-7dcb-4cfa-92f2-e1ff8a53d8ed}",
      "name": "WU Client Download",
      "Id": "{86694a03-7f74-46b9-9520-a0af84966867}",
      "url": "http://au.download.windowsupdate.com/msdownload/update/software/secu/2013/09/windows6.1-kb2862335-x64-express_f62e2b474dc773ba97043a7b9dd0b76faaa43258.cab",
      "peer": "",
      "hr": "0",
      "fileTime": "2013-09-09 16:24:50+00:00",
      "fileLength": "47633",
      "bytesTotal": "47633",
      "bytesTransferred": "47633",
      "proxy": "",
      "peerProtocolFlags": "0",
      "bytesTransferredFromPeer": "0",
      "AdditionalInfoHr": "0",
      "PeerContextInfo": "0",
      "bandwidthLimit": "18446744073709551615",
      "ignoreBandwidthLimitsOnLan": "False"
    },
    "RawXml": "<Event xmlns=\"http://schemas.microsoft.com/win/2004/08/events/event\"><System><Provider Name=\"Microsoft-Windows-Bits-Client\" Guid=\"{ef1cc15b-46c1-414e-bb95-e76b077bd51e}\"></Provider>\n<EventID Qualifiers=\"\">60</EventID>\n<Version>1</Version>\n<Level>4</Level>\n<Task>0</Task>\n<Opcode>2</Opcode>\n<Keywords>0x4000000000000000</Keywords>\n<TimeCreated SystemTime=\"2014-01-25 01:38:36.640997+00:00\"></TimeCreated>\n<EventRecordID>570</EventRecordID>\n<Correlation ActivityID=\"{86dacbd9-7dcb-4cfa-92f2-e1ff8a53d8ed}\" RelatedActivityID=\"\"></Correlation>\n<Execution ProcessID=\"888\" ThreadID=\"2136\"></Execution>\n<Channel>Microsoft-Windows-Bits-Client/Operational</Channel>\n<Computer>IACIS-HDD-2014</Computer>\n<Security UserID=\"S-1-5-18\"></Security>\n</System>\n<EventData><Data Name=\"transferId\">{86dacbd9-7dcb-4cfa-92f2-e1ff8a53d8ed}</Data>\n<Data Name=\"name\">WU Client Download</Data>\n<Data Name=\"Id\">{86694a03-7f74-46b9-9520-a0af84966867}</Data>\n<Data Name=\"url\">http://au.download.windowsupdate.com/msdownload/update/software/secu/2013/09/windows6.1-kb2862335-x64-express_f62e2b474dc773ba97043a7b9dd0b76faaa43258.cab</Data>\n<Data Name=\"peer\"></Data>\n<Data Name=\"hr\">0</Data>\n<Data Name=\"fileTime\">2013-09-09 16:24:50+00:00</Data>\n<Data Name=\"fileLength\">47633</Data>\n<Data Name=\"bytesTotal\">47633</Data>\n<Data Name=\"bytesTransferred\">47633</Data>\n<Data Name=\"proxy\"></Data>\n<Data Name=\"peerProtocolFlags\">0</Data>\n<Data Name=\"bytesTransferredFromPeer\">0</Data>\n<Data Name=\"AdditionalInfoHr\">0</Data>\n<Data Name=\"PeerContextInfo\">0</Data>\n<Data Name=\"bandwidthLimit\">18446744073709551615</Data>\n<Data Name=\"ignoreBandwidthLimitsOnLan\">False</Data>\n</EventData>\n</Event>\n"
  },
  {
    "EventID": 60,
    "Timestamp": "2014-01-25 01:38:36.703398+00:00",
    "Computer": "IACIS-HDD-2014",
    "Channel": "Microsoft-Windows-Bits-Client/Operational",
    "Level": "Information",
    "EventData": {
      "transferId": "{56522b7b-a82d-482b-a6e1-b3f1ba30f845}",
      "name": "WU Client Download",
      "Id": "{24ffd075-3e81-4ee4-b50b-4a9230865c4e}",
      "url": "http://au.download.windowsupdate.com/msdownload/update/software/secu/2013/12/windows6.1-kb2913602-x64-express_34d8079acb2a9e3bc148f6625376df8dc16f1732.cab",
      "peer": "",
      "hr": "0",
      "fileTime": "2013-12-19 18:57:39+00:00",
      "fileLength": "46173",
      "bytesTotal": "46173",
      "bytesTransferred": "46173",
      "proxy": "",
      "peerProtocolFlags": "0",
      "bytesTransferredFromPeer": "0",
      "AdditionalInfoHr": "0",
      "PeerContextInfo": "0",
      "bandwidthLimit": "18446744073709551615",
      "ignoreBandwidthLimitsOnLan": "False"
    },
    "RawXml": "<Event xmlns=\"http://schemas.microsoft.com/win/2004/08/events/event\"><System><Provider Name=\"Microsoft-Windows-Bits-Client\" Guid=\"{ef1cc15b-46c1-414e-bb95-e76b077bd51e}\"></Provider>\n<EventID Qualifiers=\"\">60</EventID>\n<Version>1</Version>\n<Level>4</Level>\n<Task>0</Task>\n<Opcode>2</Opcode>\n<Keywords>0x4000000000000000</Keywords>\n<TimeCreated SystemTime=\"2014-01-25 01:38:36.703398+00:00\"></TimeCreated>\n<EventRecordID>571</EventRecordID>\n<Correlation ActivityID=\"{56522b7b-a82d-482b-a6e1-b3f1ba30f845}\" RelatedActivityID=\"\"></Correlation>\n<Execution ProcessID=\"888\" ThreadID=\"3036\"></Execution>\n<Channel>Microsoft-Windows-Bits-Client/Operational</Channel>\n<Computer>IACIS-HDD-2014</Computer>\n<Security UserID=\"S-1-5-18\"></Security>\n</System>\n<EventData><Data Name=\"transferId\">{56522b7b-a82d-482b-a6e1-b3f1ba30f845}</Data>\n<Data Name=\"name\">WU Client Download</Data>\n<Data Name=\"Id\">{24ffd075-3e81-4ee4-b50b-4a9230865c4e}</Data>\n<Data Name=\"url\">http://au.download.windowsupdate.com/msdownload/update/software/secu/2013/12/windows6.1-kb2913602-x64-express_34d8079acb2a9e3bc148f6625376df8dc16f1732.cab</Data>\n<Data Name=\"peer\"></Data>\n<Data Name=\"hr\">0</Data>\n<Data Name=\"fileTime\">2013-12-19 18:57:39+00:00</Data>\n<Data Name=\"fileLength\">46173</Data>\n<Data Name=\"bytesTotal\">46173</Data>\n<Data Name=\"bytesTransferred\">46173</Data>\n<Data Name=\"proxy\"></Data>\n<Data Name=\"peerProtocolFlags\">0</Data>\n<Data Name=\"bytesTransferredFromPeer\">0</Data>\n<Data Name=\"AdditionalInfoHr\">0</Data>\n<Data Name=\"PeerContextInfo\">0</Data>\n<Data Name=\"bandwidthLimit\">18446744073709551615</Data>\n<Data Name=\"ignoreBandwidthLimitsOnLan\">False</Data>\n</EventData>\n</Event>\n"
  },
  {
    "EventID": 60,
    "Timestamp": "2014-01-25 01:38:36.750198+00:00",
    "Computer": "IACIS-HDD-2014",
    "Channel": "Microsoft-Windows-Bits-Client/Operational",
    "Level": "Information",
    "EventData": {
      "transferId": "{4482a381-acfc-4d23-b083-b287433b5110}",
      "name": "WU Client Download",
      "Id": "{d0fc44a9-4dfc-439c-b314-f139ae4aec9f}",
      "url": "http://au.download.windowsupdate.com/msdownload/update/software/secu/2011/03/windows6.1-kb2509553-x64-express_d7ef5d0b7034cd37ce24369f34e900fec6902e96.cab",
      "peer": "",
      "hr": "0",
      "fileTime": "2011-03-16 20:00:17+00:00",
      "fileLength": "68191",
      "bytesTotal": "68191",
      "bytesTransferred": "68191",
      "proxy": "",
      "peerProtocolFlags": "0",
      "bytesTransferredFromPeer": "0",
      "AdditionalInfoHr": "0",
      "PeerContextInfo": "0",
      "bandwidthLimit": "18446744073709551615",
      "ignoreBandwidthLimitsOnLan": "False"
    },
    "RawXml": "<Event xmlns=\"http://schemas.microsoft.com/win/2004/08/events/event\"><System><Provider Name=\"Microsoft-Windows-Bits-Client\" Guid=\"{ef1cc15b-46c1-414e-bb95-e76b077bd51e}\"></Provider>\n<EventID Qualifiers=\"\">60</EventID>\n<Version>1</Version>\n<Level>4</Level>\n<Task>0</Task>\n<Opcode>2</Opcode>\n<Keywords>0x4000000000000000</Keywords>\n<TimeCreated SystemTime=\"2014-01-25 01:38:36.750198+00:00\"></TimeCreated>\n<EventRecordID>572</EventRecordID>\n<Correlation ActivityID=\"{4482a381-acfc-4d23-b083-b287433b5110}\" RelatedActivityID=\"\"></Correlation>\n<Execution ProcessID=\"888\" ThreadID=\"2108\"></Execution>\n<Channel>Microsoft-Windows-Bits-Client/Operational</Channel>\n<Computer>IACIS-HDD-2014</Computer>\n<Security UserID=\"S-1-5-18\"></Security>\n</System>\n<EventData><Data Name=\"transferId\">{4482a381-acfc-4d23-b083-b287433b5110}</Data>\n<Data Name=\"name\">WU Client Download</Data>\n<Data Name=\"Id\">{d0fc44a9-4dfc-439c-b314-f139ae4aec9f}</Data>\n<Data Name=\"url\">http://au.download.windowsupdate.com/msdownload/update/software/secu/2011/03/windows6.1-kb2509553-x64-express_d7ef5d0b7034cd37ce24369f34e900fec6902e96.cab</Data>\n<Data Name=\"peer\"></Data>\n<Data Name=\"hr\">0</Data>\n<Data Name=\"fileTime\">2011-03-16 20:00:17+00:00</Data>\n<Data Name=\"fileLength\">68191</Data>\n<Data Name=\"bytesTotal\">68191</Data>\n<Data Name=\"bytesTransferred\">68191</Data>\n<Data Name=\"proxy\"></Data>\n<Data Name=\"peerProtocolFlags\">0</Data>\n<Data Name=\"bytesTransferredFromPeer\">0</Data>\n<Data Name=\"AdditionalInfoHr\">0</Data>\n<Data Name=\"PeerContextInfo\">0</Data>\n<Data Name=\"bandwidthLimit\">18446744073709551615</Data>\n<Data Name=\"ignoreBandwidthLimitsOnLan\">False</Data>\n</EventData>\n</Event>\n"
  },
  {
    "EventID": 60,
    "Timestamp": "2014-01-25 01:38:36.828199+00:00",
    "Computer": "IACIS-HDD-2014",
    "Channel": "Microsoft-Windows-Bits-Client/Operational",
    "Level": "Information",
    "EventData": {
      "transferId": "{3dbd11e1-e751-48ad-acdb-a28aa3c155ff}",
      "name": "WU Client Download",
      "Id": "{0070c079-3dc1-4013-845a-72e098913410}",
      "url": "http://au.download.windowsupdate.com/msdownload/update/software/secu/2012/06/windows6.1-kb2698365-x64_e0a284254cbfc02326ac49f3bed23caadc8fd3ca.psf",
      "peer": "",
      "hr": "0",
      "fileTime": "2012-06-18 17:10:01+00:00",
      "fileLength": "57482484",
      "bytesTotal": "163659",
      "bytesTransferred": "163659",
      "proxy": "",
      "peerProtocolFlags": "0",
      "bytesTransferredFromPeer": "0",
      "AdditionalInfoHr": "0",
      "PeerContextInfo": "0",
      "bandwidthLimit": "18446744073709551615",
      "ignoreBandwidthLimitsOnLan": "False"
    },
    "RawXml": "<Event xmlns=\"http://schemas.microsoft.com/win/2004/08/events/event\"><System><Provider Name=\"Microsoft-Windows-Bits-Client\" Guid=\"{ef1cc15b-46c1-414e-bb95-e76b077bd51e}\"></Provider>\n<EventID Qualifiers=\"\">60</EventID>\n<Version>1</Version>\n<Level>4</Level>\n<Task>0</Task>\n<Opcode>2</Opcode>\n<Keywords>0x4000000000000000</Keywords>\n<TimeCreated SystemTime=\"2014-01-25 01:38:36.828199+00:00\"></TimeCreated>\n<EventRecordID>573</EventRecordID>\n<Correlation ActivityID=\"{3dbd11e1-e751-48ad-acdb-a28aa3c155ff}\" RelatedActivityID=\"\"></Correlation>\n<Execution ProcessID=\"888\" ThreadID=\"2000\"></Execution>\n<Channel>Microsoft-Windows-Bits-Client/Operational</Channel>\n<Computer>IACIS-HDD-2014</Computer>\n<Security UserID=\"S-1-5-18\"></Security>\n</System>\n<EventData><Data Name=\"transferId\">{3dbd11e1-e751-48ad-acdb-a28aa3c155ff}</Data>\n<Data Name=\"name\">WU Client Download</Data>\n<Data Name=\"Id\">{0070c079-3dc1-4013-845a-72e098913410}</Data>\n<Data Name=\"url\">http://au.download.windowsupdate.com/msdownload/update/software/secu/2012/06/windows6.1-kb2698365-x64_e0a284254cbfc02326ac49f3bed23caadc8fd3ca.psf</Data>\n<Data Name=\"peer\"></Data>\n<Data Name=\"hr\">0</Data>\n<Data Name=\"fileTime\">2012-06-18 17:10:01+00:00</Data>\n<Data Name=\"fileLength\">57482484</Data>\n<Data Name=\"bytesTotal\">163659</Data>\n<Data Name=\"bytesTransferred\">163659</Data>\n<Data Name=\"proxy\"></Data>\n<Data Name=\"peerProtocolFlags\">0</Data>\n<Data Name=\"bytesTransferredFromPeer\">0</Data>\n<Data Name=\"AdditionalInfoHr\">0</Data>\n<Data Name=\"PeerContextInfo\">0</Data>\n<Data Name=\"bandwidthLimit\">18446744073709551615</Data>\n<Data Name=\"ignoreBandwidthLimitsOnLan\">False</Data>\n</EventData>\n</Event>\n"
  },
  {
    "EventID": 60,
    "Timestamp": "2014-01-25 01:38:36.890600+00:00",
    "Computer": "IACIS-HDD-2014",
    "Channel": "Microsoft-Windows-Bits-Client/Operational",
    "Level": "Information",
    "EventData": {
      "transferId": "{794cb841-0d18-4413-a623-7db7767c64e1}",
      "name": "WU Client Download",
      "Id": "{d95559d5-44d2-4560-bae5-4cad2a7ef3ae}",
      "url": "http://au.download.windowsupdate.com/msdownload/update/software/uprl/2013/02/wu-windows6.1-kb2764913-en_0d58b985bb2a96a98433f808c63da5f339fdf6e9.exe",
      "peer": "",
      "hr": "0",
      "fileTime": "2013-02-21 19:05:31+00:00",
      "fileLength": "314880",
      "bytesTotal": "314880",
      "bytesTransferred": "314880",
      "proxy": "",
      "peerProtocolFlags": "0",
      "bytesTransferredFromPeer": "0",
      "AdditionalInfoHr": "0",
      "PeerContextInfo": "0",
      "bandwidthLimit": "18446744073709551615",
      "ignoreBandwidthLimitsOnLan": "False"
    },
    "RawXml": "<Event xmlns=\"http://schemas.microsoft.com/win/2004/08/events/event\"><System><Provider Name=\"Microsoft-Windows-Bits-Client\" Guid=\"{ef1cc15b-46c1-414e-bb95-e76b077bd51e}\"></Provider>\n<EventID Qualifiers=\"\">60</EventID>\n<Version>1</Version>\n<Level>4</Level>\n<Task>0</Task>\n<Opcode>2</Opcode>\n<Keywords>0x4000000000000000</Keywords>\n<TimeCreated SystemTime=\"2014-01-25 01:38:36.890600+00:00\"></TimeCreated>\n<EventRecordID>574</EventRecordID>\n<Correlation ActivityID=\"{794cb841-0d18-4413-a623-7db7767c64e1}\" RelatedActivityID=\"\"></Correlation>\n<Execution ProcessID=\"888\" ThreadID=\"1608\"></Execution>\n<Channel>Microsoft-Windows-Bits-Client/Operational</Channel>\n<Computer>IACIS-HDD-2014</Computer>\n<Security UserID=\"S-1-5-18\"></Security>\n</System>\n<EventData><Data Name=\"transferId\">{794cb841-0d18-4413-a623-7db7767c64e1}</Data>\n<Data Name=\"name\">WU Client Download</Data>\n<Data Name=\"Id\">{d95559d5-44d2-4560-bae5-4cad2a7ef3ae}</Data>\n<Data Name=\"url\">http://au.download.windowsupdate.com/msdownload/update/software/uprl/2013/02/wu-windows6.1-kb2764913-en_0d58b985bb2a96a98433f808c63da5f339fdf6e9.exe</Data>\n<Data Name=\"peer\"></Data>\n<Data Name=\"hr\">0</Data>\n<Data Name=\"fileTime\">2013-02-21 19:05:31+00:00</Data>\n<Data Name=\"fileLength\">314880</Data>\n<Data Name=\"bytesTotal\">314880</Data>\n<Data Name=\"bytesTransferred\">314880</Data>\n<Data Name=\"proxy\"></Data>\n<Data Name=\"peerProtocolFlags\">0</Data>\n<Data Name=\"bytesTransferredFromPeer\">0</Data>\n<Data Name=\"AdditionalInfoHr\">0</Data>\n<Data Name=\"PeerContextInfo\">0</Data>\n<Data Name=\"bandwidthLimit\">18446744073709551615</Data>\n<Data Name=\"ignoreBandwidthLimitsOnLan\">False</Data>\n</EventData>\n</Event>\n"
  },
  {
    "EventID": 60,
    "Timestamp": "2014-01-25 01:38:36.952999+00:00",
    "Computer": "IACIS-HDD-2014",
    "Channel": "Microsoft-Windows-Bits-Client/Operational",
    "Level": "Information",
    "EventData": {
      "transferId": "{5673f066-a0a7-44ae-ae62-353546baa013}",
      "name": "WU Client Download",
      "Id": "{460b7075-08af-431d-9a2e-0e934a7e7c62}",
      "url": "http://au.download.windowsupdate.com/msdownload/update/software/secu/2013/07/windows6.1-kb2864202-x64-express_0376484aa0a4814d409fd7f05e8b111e36634adf.cab",
      "peer": "",
      "hr": "0",
      "fileTime": "2013-07-23 21:17:23+00:00",
      "fileLength": "40555",
      "bytesTotal": "40555",
      "bytesTransferred": "40555",
      "proxy": "",
      "peerProtocolFlags": "0",
      "bytesTransferredFromPeer": "0",
      "AdditionalInfoHr": "0",
      "PeerContextInfo": "0",
      "bandwidthLimit": "18446744073709551615",
      "ignoreBandwidthLimitsOnLan": "False"
    },
    "RawXml": "<Event xmlns=\"http://schemas.microsoft.com/win/2004/08/events/event\"><System><Provider Name=\"Microsoft-Windows-Bits-Client\" Guid=\"{ef1cc15b-46c1-414e-bb95-e76b077bd51e}\"></Provider>\n<EventID Qualifiers=\"\">60</EventID>\n<Version>1</Version>\n<Level>4</Level>\n<Task>0</Task>\n<Opcode>2</Opcode>\n<Keywords>0x4000000000000000</Keywords>\n<TimeCreated SystemTime=\"2014-01-25 01:38:36.952999+00:00\"></TimeCreated>\n<EventRecordID>575</EventRecordID>\n<Correlation ActivityID=\"{5673f066-a0a7-44ae-ae62-353546baa013}\" RelatedActivityID=\"\"></Correlation>\n<Execution ProcessID=\"888\" ThreadID=\"2660\"></Execution>\n<Channel>Microsoft-Windows-Bits-Client/Operational</Channel>\n<Computer>IACIS-HDD-2014</Computer>\n<Security UserID=\"S-1-5-18\"></Security>\n</System>\n<EventData><Data Name=\"transferId\">{5673f066-a0a7-44ae-ae62-353546baa013}</Data>\n<Data Name=\"name\">WU Client Download</Data>\n<Data Name=\"Id\">{460b7075-08af-431d-9a2e-0e934a7e7c62}</Data>\n<Data Name=\"url\">http://au.download.windowsupdate.com/msdownload/update/software/secu/2013/07/windows6.1-kb2864202-x64-express_0376484aa0a4814d409fd7f05e8b111e36634adf.cab</Data>\n<Data Name=\"peer\"></Data>\n<Data Name=\"hr\">0</Data>\n<Data Name=\"fileTime\">2013-07-23 21:17:23+00:00</Data>\n<Data Name=\"fileLength\">40555</Data>\n<Data Name=\"bytesTotal\">40555</Data>\n<Data Name=\"bytesTransferred\">40555</Data>\n<Data Name=\"proxy\"></Data>\n<Data Name=\"peerProtocolFlags\">0</Data>\n<Data Name=\"bytesTransferredFromPeer\">0</Data>\n<Data Name=\"AdditionalInfoHr\">0</Data>\n<Data Name=\"PeerContextInfo\">0</Data>\n<Data Name=\"bandwidthLimit\">18446744073709551615</Data>\n<Data Name=\"ignoreBandwidthLimitsOnLan\">False</Data>\n</EventData>\n</Event>\n"
  },
  {
    "EventID": 60,
    "Timestamp": "2014-01-25 01:38:37.031000+00:00",
    "Computer": "IACIS-HDD-2014",
    "Channel": "Microsoft-Windows-Bits-Client/Operational",
    "Level": "Information",
    "EventData": {
      "transferId": "{0e943778-ba22-4caa-b6c6-6f36a78409c4}",
      "name": "WU Client Download",
      "Id": "{dcd557ae-edd5-4dac-980f-40519ac1a2c2}",
      "url": "http://au.download.windowsupdate.com/msdownload/update/software/secu/2013/08/windows6.1-kb2872339-x64-express_2877682be71959836f889c1d4a369f69c81eb703.cab",
      "peer": "",
      "hr": "0",
      "fileTime": "2013-08-19 20:15:09+00:00",
      "fileLength": "232277",
      "bytesTotal": "232277",
      "bytesTransferred": "232277",
      "proxy": "",
      "peerProtocolFlags": "0",
      "bytesTransferredFromPeer": "0",
      "AdditionalInfoHr": "0",
      "PeerContextInfo": "0",
      "bandwidthLimit": "18446744073709551615",
      "ignoreBandwidthLimitsOnLan": "False"
    },
    "RawXml": "<Event xmlns=\"http://schemas.microsoft.com/win/2004/08/events/event\"><System><Provider Name=\"Microsoft-Windows-Bits-Client\" Guid=\"{ef1cc15b-46c1-414e-bb95-e76b077bd51e}\"></Provider>\n<EventID Qualifiers=\"\">60</EventID>\n<Version>1</Version>\n<Level>4</Level>\n<Task>0</Task>\n<Opcode>2</Opcode>\n<Keywords>0x4000000000000000</Keywords>\n<TimeCreated SystemTime=\"2014-01-25 01:38:37.031000+00:00\"></TimeCreated>\n<EventRecordID>576</EventRecordID>\n<Correlation ActivityID=\"{0e943778-ba22-4caa-b6c6-6f36a78409c4}\" RelatedActivityID=\"\"></Correlation>\n<Execution ProcessID=\"888\" ThreadID=\"2488\"></Execution>\n<Channel>Microsoft-Windows-Bits-Client/Operational</Channel>\n<Computer>IACIS-HDD-2014</Computer>\n<Security UserID=\"S-1-5-18\"></Security>\n</System>\n<EventData><Data Name=\"transferId\">{0e943778-ba22-4caa-b6c6-6f36a78409c4}</Data>\n<Data Name=\"name\">WU Client Download</Data>\n<Data Name=\"Id\">{dcd557ae-edd5-4dac-980f-40519ac1a2c2}</Data>\n<Data Name=\"url\">http://au.download.windowsupdate.com/msdownload/update/software/secu/2013/08/windows6.1-kb2872339-x64-express_2877682be71959836f889c1d4a369f69c81eb703.cab</Data>\n<Data Name=\"peer\"></Data>\n<Data Name=\"hr\">0</Data>\n<Data Name=\"fileTime\">2013-08-19 20:15:09+00:00</Data>\n<Data Name=\"fileLength\">232277</Data>\n<Data Name=\"bytesTotal\">232277</Data>\n<Data Name=\"bytesTransferred\">232277</Data>\n<Data Name=\"proxy\"></Data>\n<Data Name=\"peerProtocolFlags\">0</Data>\n<Data Name=\"bytesTransferredFromPeer\">0</Data>\n<Data Name=\"AdditionalInfoHr\">0</Data>\n<Data Name=\"PeerContextInfo\">0</Data>\n<Data Name=\"bandwidthLimit\">18446744073709551615</Data>\n<Data Name=\"ignoreBandwidthLimitsOnLan\">False</Data>\n</EventData>\n</Event>\n"
  },
  {
    "EventID": 60,
    "Timestamp": "2014-01-25 01:38:37.093399+00:00",
    "Computer": "IACIS-HDD-2014",
    "Channel": "Microsoft-Windows-Bits-Client/Operational",
    "Level": "Information",
    "EventData": {
      "transferId": "{5e143bba-40e4-4c00-a128-da5f1fd9d079}",
      "name": "WU Client Download",
      "Id": "{7ff0e88a-4b57-4a02-888d-cac6fff4a4ee}",
      "url": "http://au.download.windowsupdate.com/msdownload/update/software/secu/2013/11/windows6.1-kb2898785-x64-express_80ddb65a35ef961972aa4803b3a5c91a7dae3c61.cab",
      "peer": "",
      "hr": "0",
      "fileTime": "2013-11-20 20:57:56+00:00",
      "fileLength": "691363",
      "bytesTotal": "691363",
      "bytesTransferred": "691363",
      "proxy": "",
      "peerProtocolFlags": "0",
      "bytesTransferredFromPeer": "0",
      "AdditionalInfoHr": "0",
      "PeerContextInfo": "0",
      "bandwidthLimit": "18446744073709551615",
      "ignoreBandwidthLimitsOnLan": "False"
    },
    "RawXml": "<Event xmlns=\"http://schemas.microsoft.com/win/2004/08/events/event\"><System><Provider Name=\"Microsoft-Windows-Bits-Client\" Guid=\"{ef1cc15b-46c1-414e-bb95-e76b077bd51e}\"></Provider>\n<EventID Qualifiers=\"\">60</EventID>\n<Version>1</Version>\n<Level>4</Level>\n<Task>0</Task>\n<Opcode>2</Opcode>\n<Keywords>0x4000000000000000</Keywords>\n<TimeCreated SystemTime=\"2014-01-25 01:38:37.093399+00:00\"></TimeCreated>\n<EventRecordID>577</EventRecordID>\n<Correlation ActivityID=\"{5e143bba-40e4-4c00-a128-da5f1fd9d079}\" RelatedActivityID=\"\"></Correlation>\n<Execution ProcessID=\"888\" ThreadID=\"2364\"></Execution>\n<Channel>Microsoft-Windows-Bits-Client/Operational</Channel>\n<Computer>IACIS-HDD-2014</Computer>\n<Security UserID=\"S-1-5-18\"></Security>\n</System>\n<EventData><Data Name=\"transferId\">{5e143bba-40e4-4c00-a128-da5f1fd9d079}</Data>\n<Data Name=\"name\">WU Client Download</Data>\n<Data Name=\"Id\">{7ff0e88a-4b57-4a02-888d-cac6fff4a4ee}</Data>\n<Data Name=\"url\">http://au.download.windowsupdate.com/msdownload/update/software/secu/2013/11/windows6.1-kb2898785-x64-express_80ddb65a35ef961972aa4803b3a5c91a7dae3c61.cab</Data>\n<Data Name=\"peer\"></Data>\n<Data Name=\"hr\">0</Data>\n<Data Name=\"fileTime\">2013-11-20 20:57:56+00:00</Data>\n<Data Name=\"fileLength\">691363</Data>\n<Data Name=\"bytesTotal\">691363</Data>\n<Data Name=\"bytesTransferred\">691363</Data>\n<Data Name=\"proxy\"></Data>\n<Data Name=\"peerProtocolFlags\">0</Data>\n<Data Name=\"bytesTransferredFromPeer\">0</Data>\n<Data Name=\"AdditionalInfoHr\">0</Data>\n<Data Name=\"PeerContextInfo\">0</Data>\n<Data Name=\"bandwidthLimit\">18446744073709551615</Data>\n<Data Name=\"ignoreBandwidthLimitsOnLan\">False</Data>\n</EventData>\n</Event>\n"
  },
  {
    "EventID": 60,
    "Timestamp": "2014-01-25 01:38:37.140200+00:00",
    "Computer": "IACIS-HDD-2014",
    "Channel": "Microsoft-Windows-Bits-Client/Operational",
    "Level": "Information",
    "EventData": {
      "transferId": "{b437bbbb-5b5e-4811-887d-d5d18fefbfbc}",
      "name": "WU Client Download",
      "Id": "{73a0542c-1e1b-4b77-a223-18c64f001533}",
      "url": "http://au.download.windowsupdate.com/msdownload/update/software/secu/2013/05/windows6.1-kb2813430-x64_c6b25c32a059874e89f6197c35aa12b75a7dd6d4.psf",
      "peer": "",
      "hr": "0",
      "fileTime": "2013-05-21 23:51:29+00:00",
      "fileLength": "39737574",
      "bytesTotal": "259611",
      "bytesTransferred": "259611",
      "proxy": "",
      "peerProtocolFlags": "0",
      "bytesTransferredFromPeer": "0",
      "AdditionalInfoHr": "0",
      "PeerContextInfo": "0",
      "bandwidthLimit": "18446744073709551615",
      "ignoreBandwidthLimitsOnLan": "False"
    },
    "RawXml": "<Event xmlns=\"http://schemas.microsoft.com/win/2004/08/events/event\"><System><Provider Name=\"Microsoft-Windows-Bits-Client\" Guid=\"{ef1cc15b-46c1-414e-bb95-e76b077bd51e}\"></Provider>\n<EventID Qualifiers=\"\">60</EventID>\n<Version>1</Version>\n<Level>4</Level>\n<Task>0</Task>\n<Opcode>2</Opcode>\n<Keywords>0x4000000000000000</Keywords>\n<TimeCreated SystemTime=\"2014-01-25 01:38:37.140200+00:00\"></TimeCreated>\n<EventRecordID>578</EventRecordID>\n<Correlation ActivityID=\"{b437bbbb-5b5e-4811-887d-d5d18fefbfbc}\" RelatedActivityID=\"\"></Correlation>\n<Execution ProcessID=\"888\" ThreadID=\"544\"></Execution>\n<Channel>Microsoft-Windows-Bits-Client/Operational</Channel>\n<Computer>IACIS-HDD-2014</Computer>\n<Security UserID=\"S-1-5-18\"></Security>\n</System>\n<EventData><Data Name=\"transferId\">{b437bbbb-5b5e-4811-887d-d5d18fefbfbc}</Data>\n<Data Name=\"name\">WU Client Download</Data>\n<Data Name=\"Id\">{73a0542c-1e1b-4b77-a223-18c64f001533}</Data>\n<Data Name=\"url\">http://au.download.windowsupdate.com/msdownload/update/software/secu/2013/05/windows6.1-kb2813430-x64_c6b25c32a059874e89f6197c35aa12b75a7dd6d4.psf</Data>\n<Data Name=\"peer\"></Data>\n<Data Name=\"hr\">0</Data>\n<Data Name=\"fileTime\">2013-05-21 23:51:29+00:00</Data>\n<Data Name=\"fileLength\">39737574</Data>\n<Data Name=\"bytesTotal\">259611</Data>\n<Data Name=\"bytesTransferred\">259611</Data>\n<Data Name=\"proxy\"></Data>\n<Data Name=\"peerProtocolFlags\">0</Data>\n<Data Name=\"bytesTransferredFromPeer\">0</Data>\n<Data Name=\"AdditionalInfoHr\">0</Data>\n<Data Name=\"PeerContextInfo\">0</Data>\n<Data Name=\"bandwidthLimit\">18446744073709551615</Data>\n<Data Name=\"ignoreBandwidthLimitsOnLan\">False</Data>\n</EventData>\n</Event>\n"
  },
