  {
    "EventID": 4,
    "Timestamp": "2014-02-07 12:37:16.038134+00:00",
    "Computer": "IACIS-HDD-2014",
    "Channel": "Microsoft-Windows-Bits-Client/Operational",
    "Level": "Information",
    "EventData": {
      "User": "IACIS-HDD-2014\\Sgt. Joe T. Nameless",
      "jobTitle": "ShortCatalog",
      "jobId": "{851782cf-24e6-43d9-a273-51ebf6fa7c75}",
      "jobOwner": "IACIS-HDD-2014\\Sgt. Joe T. Nameless",
      "fileCount": "1",
      "bytesTransferred": "3796",
      "bytesTransferredFromPeer": "0"
    },
    "RawXml": "<Event xmlns=\"http://schemas.microsoft.com/win/2004/08/events/event\"><System><Provider Name=\"Microsoft-Windows-Bits-Client\" Guid=\"{ef1cc15b-46c1-414e-bb95-e76b077bd51e}\"></Provider>\n<EventID Qualifiers=\"\">4</EventID>\n<Version>1</Version>\n<Level>4</Level>\n<Task>0</Task>\n<Opcode>0</Opcode>\n<Keywords>0x4000000000000000</Keywords>\n<TimeCreated SystemTime=\"2014-02-07 12:37:16.038134+00:00\"></TimeCreated>\n<EventRecordID>1733</EventRecordID>\n<Correlation ActivityID=\"{02b0ac40-f800-0000-48b3-1bec0024cf01}\" RelatedActivityID=\"\"></Correlation>\n<Execution ProcessID=\"964\" ThreadID=\"2004\"></Execution>\n<Channel>Microsoft-Windows-Bits-Client/Operational</Channel>\n<Computer>IACIS-HDD-2014</Computer>\n<Security UserID=\"S-1-5-18\"></Security>\n</System>\n<EventData><Data Name=\"User\">IACIS-HDD-2014\\Sgt. Joe T. Nameless</Data>\n<Data Name=\"jobTitle\">ShortCatalog</Data>\n<Data Name=\"jobId\">{851782cf-24e6-43d9-a273-51ebf6fa7c75}</Data>\n<Data Name=\"jobOwner\">IACIS-HDD-2014\\Sgt. Joe T. Nameless</Data>\n<Data Name=\"fileCount\">1</Data>\n<Data Name=\"bytesTransferred\">3796</Data>\n<Data Name=\"bytesTransferredFromPeer\">0</Data>\n</EventData>\n</Event>\n"
  },
  {
    "EventID": 3,
    "Timestamp": "2014-02-07 12:45:09.920166+00:00",
    "Computer": "IACIS-HDD-2014",
    "Channel": "Microsoft-Windows-Bits-Client/Operational",
    "Level": "Information",
    "EventData": {
      "string": "WU Client Download",
      "string2": "NT AUTHORITY\\SYSTEM",
      "string3": ""
    },
    "RawXml": "<Event xmlns=\"http://schemas.microsoft.com/win/2004/08/events/event\"><System><Provider Name=\"Microsoft-Windows-Bits-Client\" Guid=\"{ef1cc15b-46c1-414e-bb95-e76b077bd51e}\"></Provider>\n<EventID Qualifiers=\"\">3</EventID>\n<Version>0</Version>\n<Level>4</Level>\n<Task>0</Task>\n<Opcode>0</Opcode>\n<Keywords>0x4000000000000000</Keywords>\n<TimeCreated SystemTime=\"2014-02-07 12:45:09.920166+00:00\"></TimeCreated>\n<EventRecordID>1734</EventRecordID>\n<Correlation ActivityID=\"\" RelatedActivityID=\"\"></Correlation>\n<Execution ProcessID=\"964\" ThreadID=\"3476\"></Execution>\n<Channel>Microsoft-Windows-Bits-Client/Operational</Channel>\n<Computer>IACIS-HDD-2014</Computer>\n<Security UserID=\"S-1-5-18\"></Security>\n</System>\n<EventData><Data Name=\"string\">WU Client Download</Data>\n<Data Name=\"string2\">NT AUTHORITY\\SYSTEM</Data>\n<Data Name=\"string3\"></Data>\n</EventData>\n</Event>\n"
  },
  {
    "EventID": 59,
    "Timestamp": "2014-02-07 12:45:10.325768+00:00",
    "Computer": "IACIS-HDD-2014",
    "Channel": "Microsoft-Windows-Bits-Client/Operational",
    "Level": "Information",
    "EventData": {
      "transferId": "{870da3a5-6da9-4090-8caf-dbf8af40b26f}",
      "name": "WU Client Download",
      "Id": "{b5aa9570-9277-4260-a02a-265f4276ad1f}",
      "url": "http://download.windowsupdate.com/msdownload/update/software/defu/2014/02/am_delta_patch_1.165.3458.0_d185b3af66fdbe1df67c902bb12de151ba823084.exe",
      "peer": "",
      "fileTime": "2014-02-07 10:06:00+00:00",
      "fileLength": "682776",
      "bytesTotal": "682776",
      "bytesTransferred": "0",
      "bytesTransferredFromPeer": "0"
    },
    "RawXml": "<Event xmlns=\"http://schemas.microsoft.com/win/2004/08/events/event\"><System><Provider Name=\"Microsoft-Windows-Bits-Client\" Guid=\"{ef1cc15b-46c1-414e-bb95-e76b077bd51e}\"></Provider>\n<EventID Qualifiers=\"\">59</EventID>\n<Version>1</Version>\n<Level>4</Level>\n<Task>0</Task>\n<Opcode>1</Opcode>\n<Keywords>0x4000000000000000</Keywords>\n<TimeCreated SystemTime=\"2014-02-07 12:45:10.325768+00:00\"></TimeCreated>\n<EventRecordID>1735</EventRecordID>\n<Correlation ActivityID=\"{870da3a5-6da9-4090-8caf-dbf8af40b26f}\" RelatedActivityID=\"\"></Correlation>\n<Execution ProcessID=\"964\" ThreadID=\"1152\"></Execution>\n<Channel>Microsoft-Windows-Bits-Client/Operational</Channel>\n<Computer>IACIS-HDD-2014</Computer>\n<Security UserID=\"S-1-5-18\"></Security>\n</System>\n<EventData><Data Name=\"transferId\">{870da3a5-6da9-4090-8caf-dbf8af40b26f}</Data>\n<Data Name=\"name\">WU Client Download</Data>\n<Data Name=\"Id\">{b5aa9570-9277-4260-a02a-265f4276ad1f}</Data>\n<Data Name=\"url\">http://download.windowsupdate.com/msdownload/update/software/defu/2014/02/am_delta_patch_1.165.3458.0_d185b3af66fdbe1df67c902bb12de151ba823084.exe</Data>\n<Data Name=\"peer\"></Data>\n<Data Name=\"fileTime\">2014-02-07 10:06:00+00:00</Data>\n<Data Name=\"fileLength\">682776</Data>\n<Data Name=\"bytesTotal\">682776</Data>\n<Data Name=\"bytesTransferred\">0</Data>\n<Data Name=\"bytesTransferredFromPeer\">0</Data>\n</EventData>\n</Event>\n"
  },
  {
    "EventID": 60,
    "Timestamp": "2014-02-07 12:45:52.695440+00:00",
    "Computer": "IACIS-HDD-2014",
    "Channel": "Microsoft-Windows-Bits-Client/Operational",
    "Level": "Information",
    "EventData": {
      "transferId": "{870da3a5-6da9-4090-8caf-dbf8af40b26f}",
      "name": "WU Client Download",
      "Id": "{b5aa9570-9277-4260-a02a-265f4276ad1f}",
      "url": "http://download.windowsupdate.com/msdownload/update/software/defu/2014/02/am_delta_patch_1.165.3458.0_d185b3af66fdbe1df67c902bb12de151ba823084.exe",
      "peer": "",
      "hr": "0",
      "fileTime": "2014-02-07 10:06:00+00:00",
      "fileLength": "682776",
      "bytesTotal": "682776",
      "bytesTransferred": "682776",
      "proxy": "",
      "peerProtocolFlags": "0",
      "bytesTransferredFromPeer": "0",
      "AdditionalInfoHr": "0",
      "PeerContextInfo": "0",
      "bandwidthLimit": "18446744073709551615",
      "ignoreBandwidthLimitsOnLan": "False"
    },
    "RawXml": "<Event xmlns=\"http://schemas.microsoft.com/win/2004/08/events/event\"><System><Provider Name=\"Microsoft-Windows-Bits-Client\" Guid=\"{ef1cc15b-46c1-414e-bb95-e76b077bd51e}\"></Provider>\n<EventID Qualifiers=\"\">60</EventID>\n<Version>1</Version>\n<Level>4</Level>\n<Task>0</Task>\n<Opcode>2</Opcode>\n<Keywords>0x4000000000000000</Keywords>\n<TimeCreated SystemTime=\"2014-02-07 12:45:52.695440+00:00\"></TimeCreated>\n<EventRecordID>1736</EventRecordID>\n<Correlation ActivityID=\"{870da3a5-6da9-4090-8caf-dbf8af40b26f}\" RelatedActivityID=\"\"></Correlation>\n<Execution ProcessID=\"964\" ThreadID=\"1364\"></Execution>\n<Channel>Microsoft-Windows-Bits-Client/Operational</Channel>\n<Computer>IACIS-HDD-2014</Computer>\n<Security UserID=\"S-1-5-18\"></Security>\n</System>\n<EventData><Data Name=\"transferId\">{870da3a5-6da9-4090-8caf-dbf8af40b26f}</Data>\n<Data Name=\"name\">WU Client Download</Data>\n<Data Name=\"Id\">{b5aa9570-9277-4260-a02a-265f4276ad1f}</Data>\n<Data Name=\"url\">http://download.windowsupdate.com/msdownload/update/software/defu/2014/02/am_delta_patch_1.165.3458.0_d185b3af66fdbe1df67c902bb12de151ba823084.exe</Data>\n<Data Name=\"peer\"></Data>\n<Data Name=\"hr\">0</Data>\n<Data Name=\"fileTime\">2014-02-07 10:06:00+00:00</Data>\n<Data Name=\"fileLength\">682776</Data>\n<Data Name=\"bytesTotal\">682776</Data>\n<Data Name=\"bytesTransferred\">682776</Data>\n<Data Name=\"proxy\"></Data>\n<Data Name=\"peerProtocolFlags\">0</Data>\n<Data Name=\"bytesTransferredFromPeer\">0</Data>\n<Data Name=\"AdditionalInfoHr\">0</Data>\n<Data Name=\"PeerContextInfo\">0</Data>\n<Data Name=\"bandwidthLimit\">18446744073709551615</Data>\n<Data Name=\"ignoreBandwidthLimitsOnLan\">False</Data>\n</EventData>\n</Event>\n"
  },
  {
    "EventID": 4,
    "Timestamp": "2014-02-07 12:45:52.757841+00:00",
    "Computer": "IACIS-HDD-2014",
    "Channel": "Microsoft-Windows-Bits-Client/Operational",
    "Level": "Information",
    "EventData": {
      "User": "NT AUTHORITY\\SYSTEM",
      "jobTitle": "WU Client Download",
      "jobId": "{b5aa9570-9277-4260-a02a-265f4276ad1f}",
      "jobOwner": "NT AUTHORITY\\SYSTEM",
      "fileCount": "1",
      "bytesTransferred": "682776",
      "bytesTransferredFromPeer": "0"
    },
    "RawXml": "<Event xmlns=\"http://schemas.microsoft.com/win/2004/08/events/event\"><System><Provider Name=\"Microsoft-Windows-Bits-Client\" Guid=\"{ef1cc15b-46c1-414e-bb95-e76b077bd51e}\"></Provider>\n<EventID Qualifiers=\"\">4</EventID>\n<Version>1</Version>\n<Level>4</Level>\n<Task>0</Task>\n<Opcode>0</Opcode>\n<Keywords>0x4000000000000000</Keywords>\n<TimeCreated SystemTime=\"2014-02-07 12:45:52.757841+00:00\"></TimeCreated>\n<EventRecordID>1737</EventRecordID>\n<Correlation ActivityID=\"\" RelatedActivityID=\"\"></Correlation>\n<Execution ProcessID=\"964\" ThreadID=\"3836\"></Execution>\n<Channel>Microsoft-Windows-Bits-Client/Operational</Channel>\n<Computer>IACIS-HDD-2014</Computer>\n<Security UserID=\"S-1-5-18\"></Security>\n</System>\n<EventData><Data Name=\"User\">NT AUTHORITY\\SYSTEM</Data>\n<Data Name=\"jobTitle\">WU Client Download</Data>\n<Data Name=\"jobId\">{b5aa9570-9277-4260-a02a-265f4276ad1f}</Data>\n<Data Name=\"jobOwner\">NT AUTHORITY\\SYSTEM</Data>\n<Data Name=\"fileCount\">1</Data>\n<Data Name=\"bytesTransferred\">682776</Data>\n<Data Name=\"bytesTransferredFromPeer\">0</Data>\n</EventData>\n</Event>\n"
  },
  {
    "EventID": 3,
    "Timestamp": "2014-02-07 14:32:25.793232+00:00",
    "Computer": "IACIS-HDD-2014",
    "Channel": "Microsoft-Windows-Bits-Client/Operational",
    "Level": "Information",
    "EventData": {
      "string": "{AC76BA86-7AD7-1033-7B44-AB0000000001}",
      "string2": "IACIS-HDD-2014\\Sgt. Joe T. Nameless",
      "string3": ""
    },
    "RawXml": "<Event xmlns=\"http://schemas.microsoft.com/win/2004/08/events/event\"><System><Provider Name=\"Microsoft-Windows-Bits-Client\" Guid=\"{ef1cc15b-46c1-414e-bb95-e76b077bd51e}\"></Provider>\n<EventID Qualifiers=\"\">3</EventID>\n<Version>0</Version>\n<Level>4</Level>\n<Task>0</Task>\n<Opcode>0</Opcode>\n<Keywords>0x4000000000000000</Keywords>\n<TimeCreated SystemTime=\"2014-02-07 14:32:25.793232+00:00\"></TimeCreated>\n<EventRecordID>1738</EventRecordID>\n<Correlation ActivityID=\"\" RelatedActivityID=\"\"></Correlation>\n<Execution ProcessID=\"964\" ThreadID=\"3880\"></Execution>\n<Channel>Microsoft-Windows-Bits-Client/Operational</Channel>\n<Computer>IACIS-HDD-2014</Computer>\n<Security UserID=\"S-1-5-18\"></Security>\n</System>\n<EventData><Data Name=\"string\">{AC76BA86-7AD7-1033-7B44-AB0000000001}</Data>\n<Data Name=\"string2\">IACIS-HDD-2014\\Sgt. Joe T. Nameless</Data>\n<Data Name=\"string3\"></Data>\n</EventData>\n</Event>\n"
  },
  {
    "EventID": 59,
    "Timestamp": "2014-02-07 14:32:27.697634+00:00",
    "Computer": "IACIS-HDD-2014",
    "Channel": "Microsoft-Windows-Bits-Client/Operational",
    "Level": "Information",
    "EventData": {
      "transferId": "{602161ac-78dc-4235-8a3d-b92d2d5ae41b}",
      "name": "{AC76BA86-7AD7-1033-7B44-AB0000000001}",
      "Id": "{79f49a21-fcba-460d-956e-a8dc98ca21aa}",
      "url": "https://armmf.adobe.com/arm-manifests/win/Reader11Manifest.msi",
      "peer": "",
      "fileTime": "2014-01-08 12:17:24+00:00",
      "fileLength": "24064",
      "bytesTotal": "24064",
      "bytesTransferred": "0",
      "bytesTransferredFromPeer": "0"
    },
    "RawXml": "<Event xmlns=\"http://schemas.microsoft.com/win/2004/08/events/event\"><System><Provider Name=\"Microsoft-Windows-Bits-Client\" Guid=\"{ef1cc15b-46c1-414e-bb95-e76b077bd51e}\"></Provider>\n<EventID Qualifiers=\"\">59</EventID>\n<Version>1</Version>\n<Level>4</Level>\n<Task>0</Task>\n<Opcode>1</Opcode>\n<Keywords>0x4000000000000000</Keywords>\n<TimeCreated SystemTime=\"2014-02-07 14:32:27.697634+00:00\"></TimeCreated>\n<EventRecordID>1739</EventRecordID>\n<Correlation ActivityID=\"{602161ac-78dc-4235-8a3d-b92d2d5ae41b}\" RelatedActivityID=\"\"></Correlation>\n<Execution ProcessID=\"964\" ThreadID=\"2068\"></Execution>\n<Channel>Microsoft-Windows-Bits-Client/Operational</Channel>\n<Computer>IACIS-HDD-2014</Computer>\n<Security UserID=\"S-1-5-18\"></Security>\n</System>\n<EventData><Data Name=\"transferId\">{602161ac-78dc-4235-8a3d-b92d2d5ae41b}</Data>\n<Data Name=\"name\">{AC76BA86-7AD7-1033-7B44-AB0000000001}</Data>\n<Data Name=\"Id\">{79f49a21-fcba-460d-956e-a8dc98ca21aa}</Data>\n<Data Name=\"url\">https://armmf.adobe.com/arm-manifests/win/Reader11Manifest.msi</Data>\n<Data Name=\"peer\"></Data>\n<Data Name=\"fileTime\">2014-01-08 12:17:24+00:00</Data>\n<Data Name=\"fileLength\">24064</Data>\n<Data Name=\"bytesTotal\">24064</Data>\n<Data Name=\"bytesTransferred\">0</Data>\n<Data Name=\"bytesTransferredFromPeer\">0</Data>\n</EventData>\n</Event>\n"
  },
  {
    "EventID": 60,
    "Timestamp": "2014-02-07 14:32:46.277267+00:00",
    "Computer": "IACIS-HDD-2014",
    "Channel": "Microsoft-Windows-Bits-Client/Operational",
    "Level": "Information",
    "EventData": {
      "transferId": "{602161ac-78dc-4235-8a3d-b92d2d5ae41b}",
      "name": "{AC76BA86-7AD7-1033-7B44-AB0000000001}",
      "Id": "{79f49a21-fcba-460d-956e-a8dc98ca21aa}",
      "url": "https://armmf.adobe.com/arm-manifests/win/Reader11Manifest.msi",
      "peer": "",
      "hr": "0",
      "fileTime": "2014-01-08 12:17:24+00:00",
      "fileLength": "24064",
      "bytesTotal": "24064",
      "bytesTransferred": "24064",
      "proxy": "",
      "peerProtocolFlags": "0",
      "bytesTransferredFromPeer": "0",
      "AdditionalInfoHr": "0",
      "PeerContextInfo": "0",
      "bandwidthLimit": "18446744073709551615",
      "ignoreBandwidthLimitsOnLan": "False"
    },
    "RawXml": "<Event xmlns=\"http://schemas.microsoft.com/win/2004/08/events/event\"><System><Provider Name=\"Microsoft-Windows-Bits-Client\" Guid=\"{ef1cc15b-46c1-414e-bb95-e76b077bd51e}\"></Provider>\n<EventID Qualifiers=\"\">60</EventID>\n<Version>1</Version>\n<Level>4</Level>\n<Task>0</Task>\n<Opcode>2</Opcode>\n<Keywords>0x4000000000000000</Keywords>\n<TimeCreated SystemTime=\"2014-02-07 14:32:46.277267+00:00\"></TimeCreated>\n<EventRecordID>1740</EventRecordID>\n<Correlation ActivityID=\"{602161ac-78dc-4235-8a3d-b92d2d5ae41b}\" RelatedActivityID=\"\"></Correlation>\n<Execution ProcessID=\"964\" ThreadID=\"1268\"></Execution>\n<Channel>Microsoft-Windows-Bits-Client/Operational</Channel>\n<Computer>IACIS-HDD-2014</Computer>\n<Security UserID=\"S-1-5-18\"></Security>\n</System>\n<EventData><Data Name=\"transferId\">{602161ac-78dc-4235-8a3d-b92d2d5ae41b}</Data>\n<Data Name=\"name\">{AC76BA86-7AD7-1033-7B44-AB0000000001}</Data>\n<Data Name=\"Id\">{79f49a21-fcba-460d-956e-a8dc98ca21aa}</Data>\n<Data Name=\"url\">https://armmf.adobe.com/arm-manifests/win/Reader11Manifest.msi</Data>\n<Data Name=\"peer\"></Data>\n<Data Name=\"hr\">0</Data>\n<Data Name=\"fileTime\">2014-01-08 12:17:24+00:00</Data>\n<Data Name=\"fileLength\">24064</Data>\n<Data Name=\"bytesTotal\">24064</Data>\n<Data Name=\"bytesTransferred\">24064</Data>\n<Data Name=\"proxy\"></Data>\n<Data Name=\"peerProtocolFlags\">0</Data>\n<Data Name=\"bytesTransferredFromPeer\">0</Data>\n<Data Name=\"AdditionalInfoHr\">0</Data>\n<Data Name=\"PeerContextInfo\">0</Data>\n<Data Name=\"bandwidthLimit\">18446744073709551615</Data>\n<Data Name=\"ignoreBandwidthLimitsOnLan\">False</Data>\n</EventData>\n</Event>\n"
  },
  {
    "EventID": 4,
    "Timestamp": "2014-02-07 14:32:46.370867+00:00",
    "Computer": "IACIS-HDD-2014",
    "Channel": "Microsoft-Windows-Bits-Client/Operational",
    "Level": "Information",
    "EventData": {
      "User": "IACIS-HDD-2014\\Sgt. Joe T. Nameless",
      "jobTitle": "{AC76BA86-7AD7-1033-7B44-AB0000000001}",
      "jobId": "{79f49a21-fcba-460d-956e-a8dc98ca21aa}",
      "jobOwner": "IACIS-HDD-2014\\Sgt. Joe T. Nameless",
      "fileCount": "1",
      "bytesTransferred": "24064",
      "bytesTransferredFromPeer": "0"
    },
    "RawXml": "<Event xmlns=\"http://schemas.microsoft.com/win/2004/08/events/event\"><System><Provider Name=\"Microsoft-Windows-Bits-Client\" Guid=\"{ef1cc15b-46c1-414e-bb95-e76b077bd51e}\"></Provider>\n<EventID Qualifiers=\"\">4</EventID>\n<Version>1</Version>\n<Level>4</Level>\n<Task>0</Task>\n<Opcode>0</Opcode>\n<Keywords>0x4000000000000000</Keywords>\n<TimeCreated SystemTime=\"2014-02-07 14:32:46.370867+00:00\"></TimeCreated>\n<EventRecordID>1741</EventRecordID>\n<Correlation ActivityID=\"\" RelatedActivityID=\"\"></Correlation>\n<Execution ProcessID=\"964\" ThreadID=\"1268\"></Execution>\n<Channel>Microsoft-Windows-Bits-Client/Operational</Channel>\n<Computer>IACIS-HDD-2014</Computer>\n<Security UserID=\"S-1-5-18\"></Security>\n</System>\n<EventData><Data Name=\"User\">IACIS-HDD-2014\\Sgt. Joe T. Nameless</Data>\n<Data Name=\"jobTitle\">{AC76BA86-7AD7-1033-7B44-AB0000000001}</Data>\n<Data Name=\"jobId\">{79f49a21-fcba-460d-956e-a8dc98ca21aa}</Data>\n<Data Name=\"jobOwner\">IACIS-HDD-2014\\Sgt. Joe T. Nameless</Data>\n<Data Name=\"fileCount\">1</Data>\n<Data Name=\"bytesTransferred\">24064</Data>\n<Data Name=\"bytesTransferredFromPeer\">0</Data>\n</EventData>\n</Event>\n"
  },
  {
    "EventID": 306,
    "Timestamp": "2014-02-07 16:53:55.983280+00:00",
    "Computer": "IACIS-HDD-2014",
    "Channel": "Microsoft-Windows-Bits-Client/Operational",
    "Level": "Verbose",
    "EventData": {},
    "RawXml": "<Event xmlns=\"http://schemas.microsoft.com/win/2004/08/events/event\"><System><Provider Name=\"Microsoft-Windows-Bits-Client\" Guid=\"{ef1cc15b-46c1-414e-bb95-e76b077bd51e}\"></Provider>\n<EventID Qualifiers=\"\">306</EventID>\n<Version>0</Version>\n<Level>5</Level>\n<Task>0</Task>\n<Opcode>0</Opcode>\n<Keywords>0x4000000000000000</Keywords>\n<TimeCreated SystemTime=\"2014-02-07 16:53:55.983280+00:00\"></TimeCreated>\n<EventRecordID>1742</EventRecordID>\n<Correlation ActivityID=\"\" RelatedActivityID=\"\"></Correlation>\n<Execution ProcessID=\"972\" ThreadID=\"1256\"></Execution>\n<Channel>Microsoft-Windows-Bits-Client/Operational</Channel>\n<Computer>IACIS-HDD-2014</Computer>\n<Security UserID=\"S-1-5-18\"></Security>\n</System>\n<EventData></EventData>\n</Event>\n"
  },
  {
    "EventID": 306,
    "Timestamp": "2014-02-10 14:51:52.857637+00:00",
    "Computer": "IACIS-HDD-2014",
    "Channel": "Microsoft-Windows-Bits-Client/Operational",
    "Level": "Verbose",
    "EventData": {},
    "RawXml": "<Event xmlns=\"http://schemas.microsoft.com/win/2004/08/events/event\"><System><Provider Name=\"Microsoft-Windows-Bits-Client\" Guid=\"{ef1cc15b-46c1-414e-bb95-e76b077bd51e}\"></Provider>\n<EventID Qualifiers=\"\">306</EventID>\n<Version>0</Version>\n<Level>5</Level>\n<Task>0</Task>\n<Opcode>0</Opcode>\n<Keywords>0x4000000000000000</Keywords>\n<TimeCreated SystemTime=\"2014-02-10 14:51:52.857637+00:00\"></TimeCreated>\n<EventRecordID>1743</EventRecordID>\n<Correlation ActivityID=\"\" RelatedActivityID=\"\"></Correlation>\n<Execution ProcessID=\"956\" ThreadID=\"3396\"></Execution>\n<Channel>Microsoft-Windows-Bits-Client/Operational</Channel>\n<Computer>IACIS-HDD-2014</Computer>\n<Security UserID=\"S-1-5-18\"></Security>\n</System>\n<EventData></EventData>\n</Event>\n"
  },
  {
    "EventID": 3,
    "Timestamp": "2014-02-10 15:00:17.261843+00:00",
    "Computer": "IACIS-HDD-2014",
    "Channel": "Microsoft-Windows-Bits-Client/Operational",
    "Level": "Information",
    "EventData": {
      "string": "WU Client Download",
      "string2": "NT AUTHORITY\\SYSTEM",
      "string3": ""
    },
    "RawXml": "<Event xmlns=\"http://schemas.microsoft.com/win/2004/08/events/event\"><System><Provider Name=\"Microsoft-Windows-Bits-Client\" Guid=\"{ef1cc15b-46c1-414e-bb95-e76b077bd51e}\"></Provider>\n<EventID Qualifiers=\"\">3</EventID>\n<Version>0</Version>\n<Level>4</Level>\n<Task>0</Task>\n<Opcode>0</Opcode>\n<Keywords>0x4000000000000000</Keywords>\n<TimeCreated SystemTime=\"2014-02-10 15:00:17.261843+00:00\"></TimeCreated>\n<EventRecordID>1744</EventRecordID>\n<Correlation ActivityID=\"\" RelatedActivityID=\"\"></Correlation>\n<Execution ProcessID=\"956\" ThreadID=\"3652\"></Execution>\n<Channel>Microsoft-Windows-Bits-Client/Operational</Channel>\n<Computer>IACIS-HDD-2014</Computer>\n<Security UserID=\"S-1-5-18\"></Security>\n</System>\n<EventData><Data Name=\"string\">WU Client Download</Data>\n<Data Name=\"string2\">NT AUTHORITY\\SYSTEM</Data>\n<Data Name=\"string3\"></Data>\n</EventData>\n</Event>\n"
  },
  {
    "EventID": 310,
    "Timestamp": "2014-02-10 15:00:18.073044+00:00",
    "Computer": "IACIS-HDD-2014",
    "Channel": "Microsoft-Windows-Bits-Client/Operational",
    "Level": "Warning",
    "EventData": {
      "ErrorCode": "2147942450"
    },
    "RawXml": "<Event xmlns=\"http://schemas.microsoft.com/win/2004/08/events/event\"><System><Provider Name=\"Microsoft-Windows-Bits-Client\" Guid=\"{ef1cc15b-46c1-414e-bb95-e76b077bd51e}\"></Provider>\n<EventID Qualifiers=\"\">310</EventID>\n<Version>0</Version>\n<Level>3</Level>\n<Task>0</Task>\n<Opcode>0</Opcode>\n<Keywords>0x4000000000000000</Keywords>\n<TimeCreated SystemTime=\"2014-02-10 15:00:18.073044+00:00\"></TimeCreated>\n<EventRecordID>1745</EventRecordID>\n<Correlation ActivityID=\"\" RelatedActivityID=\"\"></Correlation>\n<Execution ProcessID=\"956\" ThreadID=\"1600\"></Execution>\n<Channel>Microsoft-Windows-Bits-Client/Operational</Channel>\n<Computer>IACIS-HDD-2014</Computer>\n<Security UserID=\"S-1-5-18\"></Security>\n</System>\n<EventData><Data Name=\"ErrorCode\">2147942450</Data>\n</EventData>\n</Event>\n"
  },
  {
    "EventID": 59,
    "Timestamp": "2014-02-10 15:00:18.088644+00:00",
    "Computer": "IACIS-HDD-2014",
    "Channel": "Microsoft-Windows-Bits-Client/Operational",
    "Level": "Information",
    "EventData": {
      "transferId": "{d13f5bba-6319-4f2f-b894-efd60f510fca}",
      "name": "WU Client Download",
      "Id": "{6acbf2e0-c678-43a4-a46e-63e8d6870aab}",
      "url": "http://download.windowsupdate.com/msdownload/update/software/defu/2014/02/am_delta_patch_1.165.3564.0_21424345b89044558f0f2342c9c9c21057ebe037.exe",
      "peer": "",
      "fileTime": "2014-02-10 12:47:20+00:00",
      "fileLength": "1265944",
      "bytesTotal": "1265944",
      "bytesTransferred": "0",
      "bytesTransferredFromPeer": "0"
    },
    "RawXml": "<Event xmlns=\"http://schemas.microsoft.com/win/2004/08/events/event\"><System><Provider Name=\"Microsoft-Windows-Bits-Client\" Guid=\"{ef1cc15b-46c1-414e-bb95-e76b077bd51e}\"></Provider>\n<EventID Qualifiers=\"\">59</EventID>\n<Version>1</Version>\n<Level>4</Level>\n<Task>0</Task>\n<Opcode>1</Opcode>\n<Keywords>0x4000000000000000</Keywords>\n<TimeCreated SystemTime=\"2014-02-10 15:00:18.088644+00:00\"></TimeCreated>\n<EventRecordID>1746</EventRecordID>\n<Correlation ActivityID=\"{d13f5bba-6319-4f2f-b894-efd60f510fca}\" RelatedActivityID=\"\"></Correlation>\n<Execution ProcessID=\"956\" ThreadID=\"1600\"></Execution>\n<Channel>Microsoft-Windows-Bits-Client/Operational</Channel>\n<Computer>IACIS-HDD-2014</Computer>\n<Security UserID=\"S-1-5-18\"></Security>\n</System>\n<EventData><Data Name=\"transferId\">{d13f5bba-6319-4f2f-b894-efd60f510fca}</Data>\n<Data Name=\"name\">WU Client Download</Data>\n<Data Name=\"Id\">{6acbf2e0-c678-43a4-a46e-63e8d6870aab}</Data>\n<Data Name=\"url\">http://download.windowsupdate.com/msdownload/update/software/defu/2014/02/am_delta_patch_1.165.3564.0_21424345b89044558f0f2342c9c9c21057ebe037.exe</Data>\n<Data Name=\"peer\"></Data>\n<Data Name=\"fileTime\">2014-02-10 12:47:20+00:00</Data>\n<Data Name=\"fileLength\">1265944</Data>\n<Data Name=\"bytesTotal\">1265944</Data>\n<Data Name=\"bytesTransferred\">0</Data>\n<Data Name=\"bytesTransferredFromPeer\">0</Data>\n</EventData>\n</Event>\n"
  },
  {
    "EventID": 60,
    "Timestamp": "2014-02-10 15:01:03.952726+00:00",
    "Computer": "IACIS-HDD-2014",
    "Channel": "Microsoft-Windows-Bits-Client/Operational",
    "Level": "Information",
    "EventData": {
      "transferId": "{d13f5bba-6319-4f2f-b894-efd60f510fca}",
      "name": "WU Client Download",
      "Id": "{6acbf2e0-c678-43a4-a46e-63e8d6870aab}",
      "url": "http://download.windowsupdate.com/msdownload/update/software/defu/2014/02/am_delta_patch_1.165.3564.0_21424345b89044558f0f2342c9c9c21057ebe037.exe",
      "peer": "",
      "hr": "0",
      "fileTime": "2014-02-10 12:47:20+00:00",
      "fileLength": "1265944",
      "bytesTotal": "1265944",
      "bytesTransferred": "1265944",
      "proxy": "",
      "peerProtocolFlags": "0",
      "bytesTransferredFromPeer": "0",
      "AdditionalInfoHr": "0",
      "PeerContextInfo": "0",
      "bandwidthLimit": "18446744073709551615",
      "ignoreBandwidthLimitsOnLan": "False"
    },
    "RawXml": "<Event xmlns=\"http://schemas.microsoft.com/win/2004/08/events/event\"><System><Provider Name=\"Microsoft-Windows-Bits-Client\" Guid=\"{ef1cc15b-46c1-414e-bb95-e76b077bd51e}\"></Provider>\n<EventID Qualifiers=\"\">60</EventID>\n<Version>1</Version>\n<Level>4</Level>\n<Task>0</Task>\n<Opcode>2</Opcode>\n<Keywords>0x4000000000000000</Keywords>\n<TimeCreated SystemTime=\"2014-02-10 15:01:03.952726+00:00\"></TimeCreated>\n<EventRecordID>1747</EventRecordID>\n<Correlation ActivityID=\"{d13f5bba-6319-4f2f-b894-efd60f510fca}\" RelatedActivityID=\"\"></Correlation>\n<Execution ProcessID=\"956\" ThreadID=\"1620\"></Execution>\n<Channel>Microsoft-Windows-Bits-Client/Operational</Channel>\n<Computer>IACIS-HDD-2014</Computer>\n<Security UserID=\"S-1-5-18\"></Security>\n</System>\n<EventData><Data Name=\"transferId\">{d13f5bba-6319-4f2f-b894-efd60f510fca}</Data>\n<Data Name=\"name\">WU Client Download</Data>\n<Data Name=\"Id\">{6acbf2e0-c678-43a4-a46e-63e8d6870aab}</Data>\n<Data Name=\"url\">http://download.windowsupdate.com/msdownload/update/software/defu/2014/02/am_delta_patch_1.165.3564.0_21424345b89044558f0f2342c9c9c21057ebe037.exe</Data>\n<Data Name=\"peer\"></Data>\n<Data Name=\"hr\">0</Data>\n<Data Name=\"fileTime\">2014-02-10 12:47:20+00:00</Data>\n<Data Name=\"fileLength\">1265944</Data>\n<Data Name=\"bytesTotal\">1265944</Data>\n<Data Name=\"bytesTransferred\">1265944</Data>\n<Data Name=\"proxy\"></Data>\n<Data Name=\"peerProtocolFlags\">0</Data>\n<Data Name=\"bytesTransferredFromPeer\">0</Data>\n<Data Name=\"AdditionalInfoHr\">0</Data>\n<Data Name=\"PeerContextInfo\">0</Data>\n<Data Name=\"bandwidthLimit\">18446744073709551615</Data>\n<Data Name=\"ignoreBandwidthLimitsOnLan\">False</Data>\n</EventData>\n</Event>\n"
  },
  {
    "EventID": 4,
    "Timestamp": "2014-02-10 15:01:04.108727+00:00",
    "Computer": "IACIS-HDD-2014",
    "Channel": "Microsoft-Windows-Bits-Client/Operational",
    "Level": "Information",
    "EventData": {
      "User": "NT AUTHORITY\\SYSTEM",
      "jobTitle": "WU Client Download",
      "jobId": "{6acbf2e0-c678-43a4-a46e-63e8d6870aab}",
      "jobOwner": "NT AUTHORITY\\SYSTEM",
      "fileCount": "1",
      "bytesTransferred": "1265944",
      "bytesTransferredFromPeer": "0"
    },
    "RawXml": "<Event xmlns=\"http://schemas.microsoft.com/win/2004/08/events/event\"><System><Provider Name=\"Microsoft-Windows-Bits-Client\" Guid=\"{ef1cc15b-46c1-414e-bb95-e76b077bd51e}\"></Provider>\n<EventID Qualifiers=\"\">4</EventID>\n<Version>1</Version>\n<Level>4</Level>\n<Task>0</Task>\n<Opcode>0</Opcode>\n<Keywords>0x4000000000000000</Keywords>\n<TimeCreated SystemTime=\"2014-02-10 15:01:04.108727+00:00\"></TimeCreated>\n<EventRecordID>1748</EventRecordID>\n<Correlation ActivityID=\"\" RelatedActivityID=\"\"></Correlation>\n<Execution ProcessID=\"956\" ThreadID=\"1600\"></Execution>\n<Channel>Microsoft-Windows-Bits-Client/Operational</Channel>\n<Computer>IACIS-HDD-2014</Computer>\n<Security UserID=\"S-1-5-18\"></Security>\n</System>\n<EventData><Data Name=\"User\">NT AUTHORITY\\SYSTEM</Data>\n<Data Name=\"jobTitle\">WU Client Download</Data>\n<Data Name=\"jobId\">{6acbf2e0-c678-43a4-a46e-63e8d6870aab}</Data>\n<Data Name=\"jobOwner\">NT AUTHORITY\\SYSTEM</Data>\n<Data Name=\"fileCount\">1</Data>\n<Data Name=\"bytesTransferred\">1265944</Data>\n<Data Name=\"bytesTransferredFromPeer\">0</Data>\n</EventData>\n</Event>\n"
  },
  {
    "EventID": 306,
    "Timestamp": "2014-02-11 18:01:00.071743+00:00",
    "Computer": "IACIS-HDD-2014",
    "Channel": "Microsoft-Windows-Bits-Client/Operational",
    "Level": "Verbose",
    "EventData": {},
    "RawXml": "<Event xmlns=\"http://schemas.microsoft.com/win/2004/08/events/event\"><System><Provider Name=\"Microsoft-Windows-Bits-Client\" Guid=\"{ef1cc15b-46c1-414e-bb95-e76b077bd51e}\"></Provider>\n<EventID Qualifiers=\"\">306</EventID>\n<Version>0</Version>\n<Level>5</Level>\n<Task>0</Task>\n<Opcode>0</Opcode>\n<Keywords>0x4000000000000000</Keywords>\n<TimeCreated SystemTime=\"2014-02-11 18:01:00.071743+00:00\"></TimeCreated>\n<EventRecordID>1749</EventRecordID>\n<Correlation ActivityID=\"\" RelatedActivityID=\"\"></Correlation>\n<Execution ProcessID=\"960\" ThreadID=\"3232\"></Execution>\n<Channel>Microsoft-Windows-Bits-Client/Operational</Channel>\n<Computer>IACIS-HDD-2014</Computer>\n<Security UserID=\"S-1-5-18\"></Security>\n</System>\n<EventData></EventData>\n</Event>\n"
  },
  {
    "EventID": 3,
    "Timestamp": "2014-02-11 18:01:00.258944+00:00",
    "Computer": "IACIS-HDD-2014",
    "Channel": "Microsoft-Windows-Bits-Client/Operational",
    "Level": "Information",
    "EventData": {
      "string": "WU Client Download",
      "string2": "NT AUTHORITY\\SYSTEM",
      "string3": ""
    },
    "RawXml": "<Event xmlns=\"http://schemas.microsoft.com/win/2004/08/events/event\"><System><Provider Name=\"Microsoft-Windows-Bits-Client\" Guid=\"{ef1cc15b-46c1-414e-bb95-e76b077bd51e}\"></Provider>\n<EventID Qualifiers=\"\">3</EventID>\n<Version>0</Version>\n<Level>4</Level>\n<Task>0</Task>\n<Opcode>0</Opcode>\n<Keywords>0x4000000000000000</Keywords>\n<TimeCreated SystemTime=\"2014-02-11 18:01:00.258944+00:00\"></TimeCreated>\n<EventRecordID>1750</EventRecordID>\n<Correlation ActivityID=\"\" RelatedActivityID=\"\"></Correlation>\n<Execution ProcessID=\"960\" ThreadID=\"4036\"></Execution>\n<Channel>Microsoft-Windows-Bits-Client/Operational</Channel>\n<Computer>IACIS-HDD-2014</Computer>\n<Security UserID=\"S-1-5-18\"></Security>\n</System>\n<EventData><Data Name=\"string\">WU Client Download</Data>\n<Data Name=\"string2\">NT AUTHORITY\\SYSTEM</Data>\n<Data Name=\"string3\"></Data>\n</EventData>\n</Event>\n"
  },
  {
    "EventID": 310,
    "Timestamp": "2014-02-11 18:01:10.632961+00:00",
    "Computer": "IACIS-HDD-2014",
    "Channel": "Microsoft-Windows-Bits-Client/Operational",
    "Level": "Warning",
    "EventData": {
      "ErrorCode": "2147942450"
    },
    "RawXml": "<Event xmlns=\"http://schemas.microsoft.com/win/2004/08/events/event\"><System><Provider Name=\"Microsoft-Windows-Bits-Client\" Guid=\"{ef1cc15b-46c1-414e-bb95-e76b077bd51e}\"></Provider>\n<EventID Qualifiers=\"\">310</EventID>\n<Version>0</Version>\n<Level>3</Level>\n<Task>0</Task>\n<Opcode>0</Opcode>\n<Keywords>0x4000000000000000</Keywords>\n<TimeCreated SystemTime=\"2014-02-11 18:01:10.632961+00:00\"></TimeCreated>\n<EventRecordID>1751</EventRecordID>\n<Correlation ActivityID=\"\" RelatedActivityID=\"\"></Correlation>\n<Execution ProcessID=\"960\" ThreadID=\"1884\"></Execution>\n<Channel>Microsoft-Windows-Bits-Client/Operational</Channel>\n<Computer>IACIS-HDD-2014</Computer>\n<Security UserID=\"S-1-5-18\"></Security>\n</System>\n<EventData><Data Name=\"ErrorCode\">2147942450</Data>\n</EventData>\n</Event>\n"
  },
  {
    "EventID": 59,
    "Timestamp": "2014-02-11 18:01:10.648561+00:00",
    "Computer": "IACIS-HDD-2014",
    "Channel": "Microsoft-Windows-Bits-Client/Operational",
    "Level": "Information",
    "EventData": {
      "transferId": "{3f18217f-6c85-46c4-b35b-fb445c59d425}",
      "name": "WU Client Download",
      "Id": "{746da0d7-b0a9-4ca9-b739-9d47ed0cc655}",
      "url": "http://download.windowsupdate.com/msdownload/update/software/defu/2014/02/am_delta_patch_1.165.3736.0_36ca3044101a7f4cb1dac7c0477e0fdfc48ab545.exe",
      "peer": "",
      "fileTime": "2014-02-11 14:05:37+00:00",
      "fileLength": "877336",
      "bytesTotal": "877336",
      "bytesTransferred": "0",
      "bytesTransferredFromPeer": "0"
    },
    "RawXml": "<Event xmlns=\"http://schemas.microsoft.com/win/2004/08/events/event\"><System><Provider Name=\"Microsoft-Windows-Bits-Client\" Guid=\"{ef1cc15b-46c1-414e-bb95-e76b077bd51e}\"></Provider>\n<EventID Qualifiers=\"\">59</EventID>\n<Version>1</Version>\n<Level>4</Level>\n<Task>0</Task>\n<Opcode>1</Opcode>\n<Keywords>0x4000000000000000</Keywords>\n<TimeCreated SystemTime=\"2014-02-11 18:01:10.648561+00:00\"></TimeCreated>\n<EventRecordID>1752</EventRecordID>\n<Correlation ActivityID=\"{3f18217f-6c85-46c4-b35b-fb445c59d425}\" RelatedActivityID=\"\"></Correlation>\n<Execution ProcessID=\"960\" ThreadID=\"1884\"></Execution>\n<Channel>Microsoft-Windows-Bits-Client/Operational</Channel>\n<Computer>IACIS-HDD-2014</Computer>\n<Security UserID=\"S-1-5-18\"></Security>\n</System>\n<EventData><Data Name=\"transferId\">{3f18217f-6c85-46c4-b35b-fb445c59d425}</Data>\n<Data Name=\"name\">WU Client Download</Data>\n<Data Name=\"Id\">{746da0d7-b0a9-4ca9-b739-9d47ed0cc655}</Data>\n<Data Name=\"url\">http://download.windowsupdate.com/msdownload/update/software/defu/2014/02/am_delta_patch_1.165.3736.0_36ca3044101a7f4cb1dac7c0477e0fdfc48ab545.exe</Data>\n<Data Name=\"peer\"></Data>\n<Data Name=\"fileTime\">2014-02-11 14:05:37+00:00</Data>\n<Data Name=\"fileLength\">877336</Data>\n<Data Name=\"bytesTotal\">877336</Data>\n<Data Name=\"bytesTransferred\">0</Data>\n<Data Name=\"bytesTransferredFromPeer\">0</Data>\n</EventData>\n</Event>\n"
  },
  {
    "EventID": 60,
    "Timestamp": "2014-02-11 18:01:50.881033+00:00",
    "Computer": "IACIS-HDD-2014",
    "Channel": "Microsoft-Windows-Bits-Client/Operational",
    "Level": "Information",
    "EventData": {
      "transferId": "{3f18217f-6c85-46c4-b35b-fb445c59d425}",
      "name": "WU Client Download",
      "Id": "{746da0d7-b0a9-4ca9-b739-9d47ed0cc655}",
      "url": "http://download.windowsupdate.com/msdownload/update/software/defu/2014/02/am_delta_patch_1.165.3736.0_36ca3044101a7f4cb1dac7c0477e0fdfc48ab545.exe",
      "peer": "",
      "hr": "0",
      "fileTime": "2014-02-11 14:05:37+00:00",
      "fileLength": "877336",
      "bytesTotal": "877336",
      "bytesTransferred": "877336",
      "proxy": "",
      "peerProtocolFlags": "0",
      "bytesTransferredFromPeer": "0",
      "AdditionalInfoHr": "0",
      "PeerContextInfo": "0",
      "bandwidthLimit": "18446744073709551615",
      "ignoreBandwidthLimitsOnLan": "False"
    },
    "RawXml": "<Event xmlns=\"http://schemas.microsoft.com/win/2004/08/events/event\"><System><Provider Name=\"Microsoft-Windows-Bits-Client\" Guid=\"{ef1cc15b-46c1-414e-bb95-e76b077bd51e}\"></Provider>\n<EventID Qualifiers=\"\">60</EventID>\n<Version>1</Version>\n<Level>4</Level>\n<Task>0</Task>\n<Opcode>2</Opcode>\n<Keywords>0x4000000000000000</Keywords>\n<TimeCreated SystemTime=\"2014-02-11 18:01:50.881033+00:00\"></TimeCreated>\n<EventRecordID>1753</EventRecordID>\n<Correlation ActivityID=\"{3f18217f-6c85-46c4-b35b-fb445c59d425}\" RelatedActivityID=\"\"></Correlation>\n<Execution ProcessID=\"960\" ThreadID=\"1500\"></Execution>\n<Channel>Microsoft-Windows-Bits-Client/Operational</Channel>\n<Computer>IACIS-HDD-2014</Computer>\n<Security UserID=\"S-1-5-18\"></Security>\n</System>\n<EventData><Data Name=\"transferId\">{3f18217f-6c85-46c4-b35b-fb445c59d425}</Data>\n<Data Name=\"name\">WU Client Download</Data>\n<Data Name=\"Id\">{746da0d7-b0a9-4ca9-b739-9d47ed0cc655}</Data>\n<Data Name=\"url\">http://download.windowsupdate.com/msdownload/update/software/defu/2014/02/am_delta_patch_1.165.3736.0_36ca3044101a7f4cb1dac7c0477e0fdfc48ab545.exe</Data>\n<Data Name=\"peer\"></Data>\n<Data Name=\"hr\">0</Data>\n<Data Name=\"fileTime\">2014-02-11 14:05:37+00:00</Data>\n<Data Name=\"fileLength\">877336</Data>\n<Data Name=\"bytesTotal\">877336</Data>\n<Data Name=\"bytesTransferred\">877336</Data>\n<Data Name=\"proxy\"></Data>\n<Data Name=\"peerProtocolFlags\">0</Data>\n<Data Name=\"bytesTransferredFromPeer\">0</Data>\n<Data Name=\"AdditionalInfoHr\">0</Data>\n<Data Name=\"PeerContextInfo\">0</Data>\n<Data Name=\"bandwidthLimit\">18446744073709551615</Data>\n<Data Name=\"ignoreBandwidthLimitsOnLan\">False</Data>\n</EventData>\n</Event>\n"
  },
  {
    "EventID": 4,
    "Timestamp": "2014-02-11 18:01:50.927834+00:00",
    "Computer": "IACIS-HDD-2014",
    "Channel": "Microsoft-Windows-Bits-Client/Operational",
    "Level": "Information",
    "EventData": {
      "User": "NT AUTHORITY\\SYSTEM",
      "jobTitle": "WU Client Download",
      "jobId": "{746da0d7-b0a9-4ca9-b739-9d47ed0cc655}",
      "jobOwner": "NT AUTHORITY\\SYSTEM",
      "fileCount": "1",
      "bytesTransferred": "877336",
      "bytesTransferredFromPeer": "0"
    },
    "RawXml": "<Event xmlns=\"http://schemas.microsoft.com/win/2004/08/events/event\"><System><Provider Name=\"Microsoft-Windows-Bits-Client\" Guid=\"{ef1cc15b-46c1-414e-bb95-e76b077bd51e}\"></Provider>\n<EventID Qualifiers=\"\">4</EventID>\n<Version>1</Version>\n<Level>4</Level>\n<Task>0</Task>\n<Opcode>0</Opcode>\n<Keywords>0x4000000000000000</Keywords>\n<TimeCreated SystemTime=\"2014-02-11 18:01:50.927834+00:00\"></TimeCreated>\n<EventRecordID>1754</EventRecordID>\n<Correlation ActivityID=\"\" RelatedActivityID=\"\"></Correlation>\n<Execution ProcessID=\"960\" ThreadID=\"4000\"></Execution>\n<Channel>Microsoft-Windows-Bits-Client/Operational</Channel>\n<Computer>IACIS-HDD-2014</Computer>\n<Security UserID=\"S-1-5-18\"></Security>\n</System>\n<EventData><Data Name=\"User\">NT AUTHORITY\\SYSTEM</Data>\n<Data Name=\"jobTitle\">WU Client Download</Data>\n<Data Name=\"jobId\">{746da0d7-b0a9-4ca9-b739-9d47ed0cc655}</Data>\n<Data Name=\"jobOwner\">NT AUTHORITY\\SYSTEM</Data>\n<Data Name=\"fileCount\">1</Data>\n<Data Name=\"bytesTransferred\">877336</Data>\n<Data Name=\"bytesTransferredFromPeer\">0</Data>\n</EventData>\n</Event>\n"
  },
  {
    "EventID": 306,
    "Timestamp": "2014-02-16 19:09:17.185432+00:00",
    "Computer": "IACIS-HDD-2014",
    "Channel": "Microsoft-Windows-Bits-Client/Operational",
    "Level": "Verbose",
    "EventData": {},
    "RawXml": "<Event xmlns=\"http://schemas.microsoft.com/win/2004/08/events/event\"><System><Provider Name=\"Microsoft-Windows-Bits-Client\" Guid=\"{ef1cc15b-46c1-414e-bb95-e76b077bd51e}\"></Provider>\n<EventID Qualifiers=\"\">306</EventID>\n<Version>0</Version>\n<Level>5</Level>\n<Task>0</Task>\n<Opcode>0</Opcode>\n<Keywords>0x4000000000000000</Keywords>\n<TimeCreated SystemTime=\"2014-02-16 19:09:17.185432+00:00\"></TimeCreated>\n<EventRecordID>1755</EventRecordID>\n<Correlation ActivityID=\"\" RelatedActivityID=\"\"></Correlation>\n<Execution ProcessID=\"980\" ThreadID=\"856\"></Execution>\n<Channel>Microsoft-Windows-Bits-Client/Operational</Channel>\n<Computer>IACIS-HDD-2014</Computer>\n<Security UserID=\"S-1-5-18\"></Security>\n</System>\n<EventData></EventData>\n</Event>\n"
  },
  {
    "EventID": 3,
    "Timestamp": "2014-02-16 19:09:17.325434+00:00",
    "Computer": "IACIS-HDD-2014",
    "Channel": "Microsoft-Windows-Bits-Client/Operational",
    "Level": "Information",
    "EventData": {
      "string": "{AC76BA86-7AD7-1033-7B44-AB0000000001}",
      "string2": "IACIS-HDD-2014\\Jimmy Wilson",
      "string3": ""
    },
    "RawXml": "<Event xmlns=\"http://schemas.microsoft.com/win/2004/08/events/event\"><System><Provider Name=\"Microsoft-Windows-Bits-Client\" Guid=\"{ef1cc15b-46c1-414e-bb95-e76b077bd51e}\"></Provider>\n<EventID Qualifiers=\"\">3</EventID>\n<Version>0</Version>\n<Level>4</Level>\n<Task>0</Task>\n<Opcode>0</Opcode>\n<Keywords>0x4000000000000000</Keywords>\n<TimeCreated SystemTime=\"2014-02-16 19:09:17.325434+00:00\"></TimeCreated>\n<EventRecordID>1756</EventRecordID>\n<Correlation ActivityID=\"\" RelatedActivityID=\"\"></Correlation>\n<Execution ProcessID=\"980\" ThreadID=\"904\"></Execution>\n<Channel>Microsoft-Windows-Bits-Client/Operational</Channel>\n<Computer>IACIS-HDD-2014</Computer>\n<Security UserID=\"S-1-5-18\"></Security>\n</System>\n<EventData><Data Name=\"string\">{AC76BA86-7AD7-1033-7B44-AB0000000001}</Data>\n<Data Name=\"string2\">IACIS-HDD-2014\\Jimmy Wilson</Data>\n<Data Name=\"string3\"></Data>\n</EventData>\n</Event>\n"
  },
  {
    "EventID": 310,
    "Timestamp": "2014-02-16 19:09:18.365435+00:00",
    "Computer": "IACIS-HDD-2014",
    "Channel": "Microsoft-Windows-Bits-Client/Operational",
    "Level": "Warning",
    "EventData": {
      "ErrorCode": "2147942450"
    },
    "RawXml": "<Event xmlns=\"http://schemas.microsoft.com/win/2004/08/events/event\"><System><Provider Name=\"Microsoft-Windows-Bits-Client\" Guid=\"{ef1cc15b-46c1-414e-bb95-e76b077bd51e}\"></Provider>\n<EventID Qualifiers=\"\">310</EventID>\n<Version>0</Version>\n<Level>3</Level>\n<Task>0</Task>\n<Opcode>0</Opcode>\n<Keywords>0x4000000000000000</Keywords>\n<TimeCreated SystemTime=\"2014-02-16 19:09:18.365435+00:00\"></TimeCreated>\n<EventRecordID>1757</EventRecordID>\n<Correlation ActivityID=\"\" RelatedActivityID=\"\"></Correlation>\n<Execution ProcessID=\"980\" ThreadID=\"2068\"></Execution>\n<Channel>Microsoft-Windows-Bits-Client/Operational</Channel>\n<Computer>IACIS-HDD-2014</Computer>\n<Security UserID=\"S-1-5-18\"></Security>\n</System>\n<EventData><Data Name=\"ErrorCode\">2147942450</Data>\n</EventData>\n</Event>\n"
  },
  {
    "EventID": 59,
    "Timestamp": "2014-02-16 19:09:18.381035+00:00",
    "Computer": "IACIS-HDD-2014",
    "Channel": "Microsoft-Windows-Bits-Client/Operational",
    "Level": "Information",
    "EventData": {
      "transferId": "{102a1f81-2cc9-4107-ad5d-579c62e82780}",
      "name": "{AC76BA86-7AD7-1033-7B44-AB0000000001}",
      "Id": "{7de2c2f3-ae4c-403b-8246-b913d5eeeb28}",
      "url": "https://armmf.adobe.com/arm-manifests/win/Reader11Manifest.msi",
      "peer": "",
      "fileTime": "2014-01-08 12:17:24+00:00",
      "fileLength": "24064",
      "bytesTotal": "24064",
      "bytesTransferred": "0",
      "bytesTransferredFromPeer": "0"
    },
    "RawXml": "<Event xmlns=\"http://schemas.microsoft.com/win/2004/08/events/event\"><System><Provider Name=\"Microsoft-Windows-Bits-Client\" Guid=\"{ef1cc15b-46c1-414e-bb95-e76b077bd51e}\"></Provider>\n<EventID Qualifiers=\"\">59</EventID>\n<Version>1</Version>\n<Level>4</Level>\n<Task>0</Task>\n<Opcode>1</Opcode>\n<Keywords>0x4000000000000000</Keywords>\n<TimeCreated SystemTime=\"2014-02-16 19:09:18.381035+00:00\"></TimeCreated>\n<EventRecordID>1758</EventRecordID>\n<Correlation ActivityID=\"{102a1f81-2cc9-4107-ad5d-579c62e82780}\" RelatedActivityID=\"\"></Correlation>\n<Execution ProcessID=\"980\" ThreadID=\"2068\"></Execution>\n<Channel>Microsoft-Windows-Bits-Client/Operational</Channel>\n<Computer>IACIS-HDD-2014</Computer>\n<Security UserID=\"S-1-5-18\"></Security>\n</System>\n<EventData><Data Name=\"transferId\">{102a1f81-2cc9-4107-ad5d-579c62e82780}</Data>\n<Data Name=\"name\">{AC76BA86-7AD7-1033-7B44-AB0000000001}</Data>\n<Data Name=\"Id\">{7de2c2f3-ae4c-403b-8246-b913d5eeeb28}</Data>\n<Data Name=\"url\">https://armmf.adobe.com/arm-manifests/win/Reader11Manifest.msi</Data>\n<Data Name=\"peer\"></Data>\n<Data Name=\"fileTime\">2014-01-08 12:17:24+00:00</Data>\n<Data Name=\"fileLength\">24064</Data>\n<Data Name=\"bytesTotal\">24064</Data>\n<Data Name=\"bytesTransferred\">0</Data>\n<Data Name=\"bytesTransferredFromPeer\">0</Data>\n</EventData>\n</Event>\n"
  },
  {
    "EventID": 60,
    "Timestamp": "2014-02-16 19:09:56.959902+00:00",
    "Computer": "IACIS-HDD-2014",
    "Channel": "Microsoft-Windows-Bits-Client/Operational",
    "Level": "Information",
    "EventData": {
      "transferId": "{102a1f81-2cc9-4107-ad5d-579c62e82780}",
      "name": "{AC76BA86-7AD7-1033-7B44-AB0000000001}",
      "Id": "{7de2c2f3-ae4c-403b-8246-b913d5eeeb28}",
      "url": "https://armmf.adobe.com/arm-manifests/win/Reader11Manifest.msi",
      "peer": "",
      "hr": "0",
      "fileTime": "2014-01-08 12:17:24+00:00",
      "fileLength": "24064",
      "bytesTotal": "24064",
      "bytesTransferred": "24064",
      "proxy": "",
      "peerProtocolFlags": "0",
      "bytesTransferredFromPeer": "0",
      "AdditionalInfoHr": "0",
      "PeerContextInfo": "0",
      "bandwidthLimit": "18446744073709551615",
      "ignoreBandwidthLimitsOnLan": "False"
    },
    "RawXml": "<Event xmlns=\"http://schemas.microsoft.com/win/2004/08/events/event\"><System><Provider Name=\"Microsoft-Windows-Bits-Client\" Guid=\"{ef1cc15b-46c1-414e-bb95-e76b077bd51e}\"></Provider>\n<EventID Qualifiers=\"\">60</EventID>\n<Version>1</Version>\n<Level>4</Level>\n<Task>0</Task>\n<Opcode>2</Opcode>\n<Keywords>0x4000000000000000</Keywords>\n<TimeCreated SystemTime=\"2014-02-16 19:09:56.959902+00:00\"></TimeCreated>\n<EventRecordID>1759</EventRecordID>\n<Correlation ActivityID=\"{102a1f81-2cc9-4107-ad5d-579c62e82780}\" RelatedActivityID=\"\"></Correlation>\n<Execution ProcessID=\"980\" ThreadID=\"1564\"></Execution>\n<Channel>Microsoft-Windows-Bits-Client/Operational</Channel>\n<Computer>IACIS-HDD-2014</Computer>\n<Security UserID=\"S-1-5-18\"></Security>\n</System>\n<EventData><Data Name=\"transferId\">{102a1f81-2cc9-4107-ad5d-579c62e82780}</Data>\n<Data Name=\"name\">{AC76BA86-7AD7-1033-7B44-AB0000000001}</Data>\n<Data Name=\"Id\">{7de2c2f3-ae4c-403b-8246-b913d5eeeb28}</Data>\n<Data Name=\"url\">https://armmf.adobe.com/arm-manifests/win/Reader11Manifest.msi</Data>\n<Data Name=\"peer\"></Data>\n<Data Name=\"hr\">0</Data>\n<Data Name=\"fileTime\">2014-01-08 12:17:24+00:00</Data>\n<Data Name=\"fileLength\">24064</Data>\n<Data Name=\"bytesTotal\">24064</Data>\n<Data Name=\"bytesTransferred\">24064</Data>\n<Data Name=\"proxy\"></Data>\n<Data Name=\"peerProtocolFlags\">0</Data>\n<Data Name=\"bytesTransferredFromPeer\">0</Data>\n<Data Name=\"AdditionalInfoHr\">0</Data>\n<Data Name=\"PeerContextInfo\">0</Data>\n<Data Name=\"bandwidthLimit\">18446744073709551615</Data>\n<Data Name=\"ignoreBandwidthLimitsOnLan\">False</Data>\n</EventData>\n</Event>\n"
  },
  {
    "EventID": 4,
    "Timestamp": "2014-02-16 19:09:57.037901+00:00",
    "Computer": "IACIS-HDD-2014",
    "Channel": "Microsoft-Windows-Bits-Client/Operational",
    "Level": "Information",
    "EventData": {
      "User": "IACIS-HDD-2014\\Jimmy Wilson",
      "jobTitle": "{AC76BA86-7AD7-1033-7B44-AB0000000001}",
      "jobId": "{7de2c2f3-ae4c-403b-8246-b913d5eeeb28}",
      "jobOwner": "IACIS-HDD-2014\\Jimmy Wilson",
      "fileCount": "1",
      "bytesTransferred": "24064",
      "bytesTransferredFromPeer": "0"
    },
    "RawXml": "<Event xmlns=\"http://schemas.microsoft.com/win/2004/08/events/event\"><System><Provider Name=\"Microsoft-Windows-Bits-Client\" Guid=\"{ef1cc15b-46c1-414e-bb95-e76b077bd51e}\"></Provider>\n<EventID Qualifiers=\"\">4</EventID>\n<Version>1</Version>\n<Level>4</Level>\n<Task>0</Task>\n<Opcode>0</Opcode>\n<Keywords>0x4000000000000000</Keywords>\n<TimeCreated SystemTime=\"2014-02-16 19:09:57.037901+00:00\"></TimeCreated>\n<EventRecordID>1760</EventRecordID>\n<Correlation ActivityID=\"\" RelatedActivityID=\"\"></Correlation>\n<Execution ProcessID=\"980\" ThreadID=\"1564\"></Execution>\n<Channel>Microsoft-Windows-Bits-Client/Operational</Channel>\n<Computer>IACIS-HDD-2014</Computer>\n<Security UserID=\"S-1-5-18\"></Security>\n</System>\n<EventData><Data Name=\"User\">IACIS-HDD-2014\\Jimmy Wilson</Data>\n<Data Name=\"jobTitle\">{AC76BA86-7AD7-1033-7B44-AB0000000001}</Data>\n<Data Name=\"jobId\">{7de2c2f3-ae4c-403b-8246-b913d5eeeb28}</Data>\n<Data Name=\"jobOwner\">IACIS-HDD-2014\\Jimmy Wilson</Data>\n<Data Name=\"fileCount\">1</Data>\n<Data Name=\"bytesTransferred\">24064</Data>\n<Data Name=\"bytesTransferredFromPeer\">0</Data>\n</EventData>\n</Event>\n"
  },
  {
    "EventID": 3,
    "Timestamp": "2014-02-16 19:10:18.082338+00:00",
    "Computer": "IACIS-HDD-2014",
    "Channel": "Microsoft-Windows-Bits-Client/Operational",
    "Level": "Information",
    "EventData": {
      "string": "WU Client Download",
      "string2": "NT AUTHORITY\\SYSTEM",
      "string3": ""
    },
    "RawXml": "<Event xmlns=\"http://schemas.microsoft.com/win/2004/08/events/event\"><System><Provider Name=\"Microsoft-Windows-Bits-Client\" Guid=\"{ef1cc15b-46c1-414e-bb95-e76b077bd51e}\"></Provider>\n<EventID Qualifiers=\"\">3</EventID>\n<Version>0</Version>\n<Level>4</Level>\n<Task>0</Task>\n<Opcode>0</Opcode>\n<Keywords>0x4000000000000000</Keywords>\n<TimeCreated SystemTime=\"2014-02-16 19:10:18.082338+00:00\"></TimeCreated>\n<EventRecordID>1761</EventRecordID>\n<Correlation ActivityID=\"\" RelatedActivityID=\"\"></Correlation>\n<Execution ProcessID=\"980\" ThreadID=\"2388\"></Execution>\n<Channel>Microsoft-Windows-Bits-Client/Operational</Channel>\n<Computer>IACIS-HDD-2014</Computer>\n<Security UserID=\"S-1-5-18\"></Security>\n</System>\n<EventData><Data Name=\"string\">WU Client Download</Data>\n<Data Name=\"string2\">NT AUTHORITY\\SYSTEM</Data>\n<Data Name=\"string3\"></Data>\n</EventData>\n</Event>\n"
  },
