  {
    "EventID": 2005,
    "Timestamp": "2014-02-05 13:47:11.628199+00:00",
    "Computer": "IACIS-HDD-2014",
    "Channel": "Microsoft-Windows-Windows Firewall With Advanced Security/Firewall",
    "Level": "Information",
    "EventData": {
      "RuleId": "{619FC6B3-CDB4-4DB5-B925-077E32E209DA}",
      "RuleName": "Windows Communication Foundation Net.TCP Listener Adapter (TCP-In)",
      "Origin": "1",
      "ApplicationPath": "C:\\Windows\\Microsoft.NET\\Framework64\\v4.0.30319\\SMSvcHost.exe",
      "ServiceName": "NetTcpActivator",
      "Direction": "1",
      "Protocol": "6",
      "LocalPorts": "808",
      "RemotePorts": "*",
      "Action": "3",
      "Profiles": "2147483647",
      "LocalAddresses": "*",
      "RemoteAddresses": "*",
      "RemoteMachineAuthorizationList": "",
      "RemoteUserAuthorizationList": "",
      "EmbeddedContext": "@C:\\Windows\\Microsoft.NET\\Framework64\\v4.0.30319\\\\ServiceModelEvents.dll,-2002",
      "Flags": "0",
      "Active": "0",
      "EdgeTraversal": "0",
      "LooseSourceMapped": "0",
      "SecurityOptions": "0",
      "ModifyingUser": "S-1-5-18",
      "ModifyingApplication": "C:\\Windows\\Microsoft.NET\\Framework64\\v4.0.30319\\ServiceModelReg.exe",
      "SchemaVersion": "522",
      "RuleStatus": "65536"
    },
    "RawXml": "<Event xmlns=\"http://schemas.microsoft.com/win/2004/08/events/event\"><System><Provider Name=\"Microsoft-Windows-Windows Firewall With Advanced Security\" Guid=\"{d1bc9aff-2abf-4d71-9146-ecb2a986eb85}\"></Provider>\n<EventID Qualifiers=\"\">2005</EventID>\n<Version>0</Version>\n<Level>4</Level>\n<Task>0</Task>\n<Opcode>0</Opcode>\n<Keywords>0x8000020000000000</Keywords>\n<TimeCreated SystemTime=\"2014-02-05 13:47:11.628199+00:00\"></TimeCreated>\n<EventRecordID>250</EventRecordID>\n<Correlation ActivityID=\"\" RelatedActivityID=\"\"></Correlation>\n<Execution ProcessID=\"1284\" ThreadID=\"2656\"></Execution>\n<Channel>Microsoft-Windows-Windows Firewall With Advanced Security/Firewall</Channel>\n<Computer>IACIS-HDD-2014</Computer>\n<Security UserID=\"S-1-5-19\"></Security>\n</System>\n<EventData><Data Name=\"RuleId\">{619FC6B3-CDB4-4DB5-B925-077E32E209DA}</Data>\n<Data Name=\"RuleName\">Windows Communication Foundation Net.TCP Listener Adapter (TCP-In)</Data>\n<Data Name=\"Origin\">1</Data>\n<Data Name=\"ApplicationPath\">C:\\Windows\\Microsoft.NET\\Framework64\\v4.0.30319\\SMSvcHost.exe</Data>\n<Data Name=\"ServiceName\">NetTcpActivator</Data>\n<Data Name=\"Direction\">1</Data>\n<Data Name=\"Protocol\">6</Data>\n<Data Name=\"LocalPorts\">808</Data>\n<Data Name=\"RemotePorts\">*</Data>\n<Data Name=\"Action\">3</Data>\n<Data Name=\"Profiles\">2147483647</Data>\n<Data Name=\"LocalAddresses\">*</Data>\n<Data Name=\"RemoteAddresses\">*</Data>\n<Data Name=\"RemoteMachineAuthorizationList\"></Data>\n<Data Name=\"RemoteUserAuthorizationList\"></Data>\n<Data Name=\"EmbeddedContext\">@C:\\Windows\\Microsoft.NET\\Framework64\\v4.0.30319\\\\ServiceModelEvents.dll,-2002</Data>\n<Data Name=\"Flags\">0</Data>\n<Data Name=\"Active\">0</Data>\n<Data Name=\"EdgeTraversal\">0</Data>\n<Data Name=\"LooseSourceMapped\">0</Data>\n<Data Name=\"SecurityOptions\">0</Data>\n<Data Name=\"ModifyingUser\">S-1-5-18</Data>\n<Data Name=\"ModifyingApplication\">C:\\Windows\\Microsoft.NET\\Framework64\\v4.0.30319\\ServiceModelReg.exe</Data>\n<Data Name=\"SchemaVersion\">522</Data>\n<Data Name=\"RuleStatus\">65536</Data>\n</EventData>\n</Event>\n"
  },
  {
    "EventID": 2005,
    "Timestamp": "2014-02-05 13:47:11.628199+00:00",
    "Computer": "IACIS-HDD-2014",
    "Channel": "Microsoft-Windows-Windows Firewall With Advanced Security/Firewall",
    "Level": "Information",
    "EventData": {
      "RuleId": "{619FC6B3-CDB4-4DB5-B925-077E32E209DA}",
      "RuleName": "Windows Communication Foundation Net.TCP Listener Adapter (TCP-In)",
      "Origin": "1",
      "ApplicationPath": "C:\\Windows\\Microsoft.NET\\Framework64\\v4.0.30319\\SMSvcHost.exe",
      "ServiceName": "NetTcpActivator",
      "Direction": "1",
      "Protocol": "6",
      "LocalPorts": "808",
      "RemotePorts": "*",
      "Action": "3",
      "Profiles": "2147483647",
      "LocalAddresses": "*",
      "RemoteAddresses": "*",
      "RemoteMachineAuthorizationList": "",
      "RemoteUserAuthorizationList": "",
      "EmbeddedContext": "@C:\\Windows\\Microsoft.NET\\Framework64\\v4.0.30319\\\\ServiceModelEvents.dll,-2002",
      "Flags": "0",
      "Active": "0",
      "EdgeTraversal": "0",
      "LooseSourceMapped": "0",
      "SecurityOptions": "0",
      "ModifyingUser": "S-1-5-18",
      "ModifyingApplication": "C:\\Windows\\Microsoft.NET\\Framework64\\v4.0.30319\\ServiceModelReg.exe",
      "SchemaVersion": "522",
      "RuleStatus": "65536"
    },
    "RawXml": "<Event xmlns=\"http://schemas.microsoft.com/win/2004/08/events/event\"><System><Provider Name=\"Microsoft-Windows-Windows Firewall With Advanced Security\" Guid=\"{d1bc9aff-2abf-4d71-9146-ecb2a986eb85}\"></Provider>\n<EventID Qualifiers=\"\">2005</EventID>\n<Version>0</Version>\n<Level>4</Level>\n<Task>0</Task>\n<Opcode>0</Opcode>\n<Keywords>0x8000020000000000</Keywords>\n<TimeCreated SystemTime=\"2014-02-05 13:47:11.628199+00:00\"></TimeCreated>\n<EventRecordID>251</EventRecordID>\n<Correlation ActivityID=\"\" RelatedActivityID=\"\"></Correlation>\n<Execution ProcessID=\"1284\" ThreadID=\"3776\"></Execution>\n<Channel>Microsoft-Windows-Windows Firewall With Advanced Security/Firewall</Channel>\n<Computer>IACIS-HDD-2014</Computer>\n<Security UserID=\"S-1-5-19\"></Security>\n</System>\n<EventData><Data Name=\"RuleId\">{619FC6B3-CDB4-4DB5-B925-077E32E209DA}</Data>\n<Data Name=\"RuleName\">Windows Communication Foundation Net.TCP Listener Adapter (TCP-In)</Data>\n<Data Name=\"Origin\">1</Data>\n<Data Name=\"ApplicationPath\">C:\\Windows\\Microsoft.NET\\Framework64\\v4.0.30319\\SMSvcHost.exe</Data>\n<Data Name=\"ServiceName\">NetTcpActivator</Data>\n<Data Name=\"Direction\">1</Data>\n<Data Name=\"Protocol\">6</Data>\n<Data Name=\"LocalPorts\">808</Data>\n<Data Name=\"RemotePorts\">*</Data>\n<Data Name=\"Action\">3</Data>\n<Data Name=\"Profiles\">2147483647</Data>\n<Data Name=\"LocalAddresses\">*</Data>\n<Data Name=\"RemoteAddresses\">*</Data>\n<Data Name=\"RemoteMachineAuthorizationList\"></Data>\n<Data Name=\"RemoteUserAuthorizationList\"></Data>\n<Data Name=\"EmbeddedContext\">@C:\\Windows\\Microsoft.NET\\Framework64\\v4.0.30319\\\\ServiceModelEvents.dll,-2002</Data>\n<Data Name=\"Flags\">0</Data>\n<Data Name=\"Active\">0</Data>\n<Data Name=\"EdgeTraversal\">0</Data>\n<Data Name=\"LooseSourceMapped\">0</Data>\n<Data Name=\"SecurityOptions\">0</Data>\n<Data Name=\"ModifyingUser\">S-1-5-18</Data>\n<Data Name=\"ModifyingApplication\">C:\\Windows\\Microsoft.NET\\Framework64\\v4.0.30319\\ServiceModelReg.exe</Data>\n<Data Name=\"SchemaVersion\">522</Data>\n<Data Name=\"RuleStatus\">65536</Data>\n</EventData>\n</Event>\n"
  },
  {
    "EventID": 2005,
    "Timestamp": "2014-02-05 13:47:11.706198+00:00",
    "Computer": "IACIS-HDD-2014",
    "Channel": "Microsoft-Windows-Windows Firewall With Advanced Security/Firewall",
    "Level": "Information",
    "EventData": {
      "RuleId": "{619FC6B3-CDB4-4DB5-B925-077E32E209DA}",
      "RuleName": "Windows Communication Foundation Net.TCP Listener Adapter (TCP-In)",
      "Origin": "1",
      "ApplicationPath": "C:\\Windows\\Microsoft.NET\\Framework64\\v4.0.30319\\SMSvcHost.exe",
      "ServiceName": "NetTcpActivator",
      "Direction": "1",
      "Protocol": "6",
      "LocalPorts": "808",
      "RemotePorts": "*",
      "Action": "3",
      "Profiles": "2147483647",
      "LocalAddresses": "*",
      "RemoteAddresses": "*",
      "RemoteMachineAuthorizationList": "",
      "RemoteUserAuthorizationList": "",
      "EmbeddedContext": "@C:\\Windows\\Microsoft.NET\\Framework64\\v4.0.30319\\\\ServiceModelEvents.dll,-2002",
      "Flags": "0",
      "Active": "0",
      "EdgeTraversal": "0",
      "LooseSourceMapped": "0",
      "SecurityOptions": "0",
      "ModifyingUser": "S-1-5-18",
      "ModifyingApplication": "C:\\Windows\\Microsoft.NET\\Framework64\\v4.0.30319\\ServiceModelReg.exe",
      "SchemaVersion": "522",
      "RuleStatus": "65536"
    },
    "RawXml": "<Event xmlns=\"http://schemas.microsoft.com/win/2004/08/events/event\"><System><Provider Name=\"Microsoft-Windows-Windows Firewall With Advanced Security\" Guid=\"{d1bc9aff-2abf-4d71-9146-ecb2a986eb85}\"></Provider>\n<EventID Qualifiers=\"\">2005</EventID>\n<Version>0</Version>\n<Level>4</Level>\n<Task>0</Task>\n<Opcode>0</Opcode>\n<Keywords>0x8000020000000000</Keywords>\n<TimeCreated SystemTime=\"2014-02-05 13:47:11.706198+00:00\"></TimeCreated>\n<EventRecordID>252</EventRecordID>\n<Correlation ActivityID=\"\" RelatedActivityID=\"\"></Correlation>\n<Execution ProcessID=\"1284\" ThreadID=\"2656\"></Execution>\n<Channel>Microsoft-Windows-Windows Firewall With Advanced Security/Firewall</Channel>\n<Computer>IACIS-HDD-2014</Computer>\n<Security UserID=\"S-1-5-19\"></Security>\n</System>\n<EventData><Data Name=\"RuleId\">{619FC6B3-CDB4-4DB5-B925-077E32E209DA}</Data>\n<Data Name=\"RuleName\">Windows Communication Foundation Net.TCP Listener Adapter (TCP-In)</Data>\n<Data Name=\"Origin\">1</Data>\n<Data Name=\"ApplicationPath\">C:\\Windows\\Microsoft.NET\\Framework64\\v4.0.30319\\SMSvcHost.exe</Data>\n<Data Name=\"ServiceName\">NetTcpActivator</Data>\n<Data Name=\"Direction\">1</Data>\n<Data Name=\"Protocol\">6</Data>\n<Data Name=\"LocalPorts\">808</Data>\n<Data Name=\"RemotePorts\">*</Data>\n<Data Name=\"Action\">3</Data>\n<Data Name=\"Profiles\">2147483647</Data>\n<Data Name=\"LocalAddresses\">*</Data>\n<Data Name=\"RemoteAddresses\">*</Data>\n<Data Name=\"RemoteMachineAuthorizationList\"></Data>\n<Data Name=\"RemoteUserAuthorizationList\"></Data>\n<Data Name=\"EmbeddedContext\">@C:\\Windows\\Microsoft.NET\\Framework64\\v4.0.30319\\\\ServiceModelEvents.dll,-2002</Data>\n<Data Name=\"Flags\">0</Data>\n<Data Name=\"Active\">0</Data>\n<Data Name=\"EdgeTraversal\">0</Data>\n<Data Name=\"LooseSourceMapped\">0</Data>\n<Data Name=\"SecurityOptions\">0</Data>\n<Data Name=\"ModifyingUser\">S-1-5-18</Data>\n<Data Name=\"ModifyingApplication\">C:\\Windows\\Microsoft.NET\\Framework64\\v4.0.30319\\ServiceModelReg.exe</Data>\n<Data Name=\"SchemaVersion\">522</Data>\n<Data Name=\"RuleStatus\">65536</Data>\n</EventData>\n</Event>\n"
  },
  {
    "EventID": 2005,
    "Timestamp": "2014-02-05 13:47:11.815397+00:00",
    "Computer": "IACIS-HDD-2014",
    "Channel": "Microsoft-Windows-Windows Firewall With Advanced Security/Firewall",
    "Level": "Information",
    "EventData": {
      "RuleId": "{619FC6B3-CDB4-4DB5-B925-077E32E209DA}",
      "RuleName": "Windows Communication Foundation Net.TCP Listener Adapter (TCP-In)",
      "Origin": "1",
      "ApplicationPath": "C:\\Windows\\Microsoft.NET\\Framework64\\v4.0.30319\\SMSvcHost.exe",
      "ServiceName": "NetTcpActivator",
      "Direction": "1",
      "Protocol": "6",
      "LocalPorts": "808",
      "RemotePorts": "*",
      "Action": "3",
      "Profiles": "2147483647",
      "LocalAddresses": "*",
      "RemoteAddresses": "*",
      "RemoteMachineAuthorizationList": "",
      "RemoteUserAuthorizationList": "",
      "EmbeddedContext": "@C:\\Windows\\Microsoft.NET\\Framework64\\v4.0.30319\\\\ServiceModelEvents.dll,-2002",
      "Flags": "1",
      "Active": "1",
      "EdgeTraversal": "0",
      "LooseSourceMapped": "0",
      "SecurityOptions": "0",
      "ModifyingUser": "S-1-5-18",
      "ModifyingApplication": "C:\\Windows\\Microsoft.NET\\Framework64\\v4.0.30319\\ServiceModelReg.exe",
      "SchemaVersion": "522",
      "RuleStatus": "65536"
    },
    "RawXml": "<Event xmlns=\"http://schemas.microsoft.com/win/2004/08/events/event\"><System><Provider Name=\"Microsoft-Windows-Windows Firewall With Advanced Security\" Guid=\"{d1bc9aff-2abf-4d71-9146-ecb2a986eb85}\"></Provider>\n<EventID Qualifiers=\"\">2005</EventID>\n<Version>0</Version>\n<Level>4</Level>\n<Task>0</Task>\n<Opcode>0</Opcode>\n<Keywords>0x8000020000000000</Keywords>\n<TimeCreated SystemTime=\"2014-02-05 13:47:11.815397+00:00\"></TimeCreated>\n<EventRecordID>253</EventRecordID>\n<Correlation ActivityID=\"\" RelatedActivityID=\"\"></Correlation>\n<Execution ProcessID=\"1284\" ThreadID=\"3584\"></Execution>\n<Channel>Microsoft-Windows-Windows Firewall With Advanced Security/Firewall</Channel>\n<Computer>IACIS-HDD-2014</Computer>\n<Security UserID=\"S-1-5-19\"></Security>\n</System>\n<EventData><Data Name=\"RuleId\">{619FC6B3-CDB4-4DB5-B925-077E32E209DA}</Data>\n<Data Name=\"RuleName\">Windows Communication Foundation Net.TCP Listener Adapter (TCP-In)</Data>\n<Data Name=\"Origin\">1</Data>\n<Data Name=\"ApplicationPath\">C:\\Windows\\Microsoft.NET\\Framework64\\v4.0.30319\\SMSvcHost.exe</Data>\n<Data Name=\"ServiceName\">NetTcpActivator</Data>\n<Data Name=\"Direction\">1</Data>\n<Data Name=\"Protocol\">6</Data>\n<Data Name=\"LocalPorts\">808</Data>\n<Data Name=\"RemotePorts\">*</Data>\n<Data Name=\"Action\">3</Data>\n<Data Name=\"Profiles\">2147483647</Data>\n<Data Name=\"LocalAddresses\">*</Data>\n<Data Name=\"RemoteAddresses\">*</Data>\n<Data Name=\"RemoteMachineAuthorizationList\"></Data>\n<Data Name=\"RemoteUserAuthorizationList\"></Data>\n<Data Name=\"EmbeddedContext\">@C:\\Windows\\Microsoft.NET\\Framework64\\v4.0.30319\\\\ServiceModelEvents.dll,-2002</Data>\n<Data Name=\"Flags\">1</Data>\n<Data Name=\"Active\">1</Data>\n<Data Name=\"EdgeTraversal\">0</Data>\n<Data Name=\"LooseSourceMapped\">0</Data>\n<Data Name=\"SecurityOptions\">0</Data>\n<Data Name=\"ModifyingUser\">S-1-5-18</Data>\n<Data Name=\"ModifyingApplication\">C:\\Windows\\Microsoft.NET\\Framework64\\v4.0.30319\\ServiceModelReg.exe</Data>\n<Data Name=\"SchemaVersion\">522</Data>\n<Data Name=\"RuleStatus\">65536</Data>\n</EventData>\n</Event>\n"
  },
  {
    "EventID": 2002,
    "Timestamp": "2014-02-05 18:18:06.672228+00:00",
    "Computer": "IACIS-HDD-2014",
    "Channel": "Microsoft-Windows-Windows Firewall With Advanced Security/Firewall",
    "Level": "Information",
    "EventData": {
      "SettingType": "2",
      "SettingValueSize": "4",
      "SettingValue": "BAAAAA==",
      "SettingValueDisplay": "Public",
      "Origin": "1",
      "ModifyingUser": "S-1-5-80-3088073201-1464728630-1879813800-1107566885-823218052",
      "ModifyingApplication": ""
    },
    "RawXml": "<Event xmlns=\"http://schemas.microsoft.com/win/2004/08/events/event\"><System><Provider Name=\"Microsoft-Windows-Windows Firewall With Advanced Security\" Guid=\"{d1bc9aff-2abf-4d71-9146-ecb2a986eb85}\"></Provider>\n<EventID Qualifiers=\"\">2002</EventID>\n<Version>0</Version>\n<Level>4</Level>\n<Task>0</Task>\n<Opcode>0</Opcode>\n<Keywords>0x8000000000000000</Keywords>\n<TimeCreated SystemTime=\"2014-02-05 18:18:06.672228+00:00\"></TimeCreated>\n<EventRecordID>254</EventRecordID>\n<Correlation ActivityID=\"\" RelatedActivityID=\"\"></Correlation>\n<Execution ProcessID=\"1284\" ThreadID=\"3540\"></Execution>\n<Channel>Microsoft-Windows-Windows Firewall With Advanced Security/Firewall</Channel>\n<Computer>IACIS-HDD-2014</Computer>\n<Security UserID=\"S-1-5-19\"></Security>\n</System>\n<EventData><Data Name=\"SettingType\">2</Data>\n<Data Name=\"SettingValueSize\">4</Data>\n<Data Name=\"SettingValue\">BAAAAA==</Data>\n<Data Name=\"SettingValueDisplay\">Public</Data>\n<Data Name=\"Origin\">1</Data>\n<Data Name=\"ModifyingUser\">S-1-5-80-3088073201-1464728630-1879813800-1107566885-823218052</Data>\n<Data Name=\"ModifyingApplication\"></Data>\n</EventData>\n</Event>\n"
  },
  {
    "EventID": 2010,
    "Timestamp": "2014-02-05 18:18:06.672228+00:00",
    "Computer": "IACIS-HDD-2014",
    "Channel": "Microsoft-Windows-Windows Firewall With Advanced Security/Firewall",
    "Level": "Information",
    "EventData": {
      "InterfaceGuid": "{78a289b4-f8b9-43c7-8bba-f96e0bbc2185}",
      "InterfaceName": "ethernet_6",
      "OldProfile": "2",
      "NewProfile": "2147483649"
    },
    "RawXml": "<Event xmlns=\"http://schemas.microsoft.com/win/2004/08/events/event\"><System><Provider Name=\"Microsoft-Windows-Windows Firewall With Advanced Security\" Guid=\"{d1bc9aff-2abf-4d71-9146-ecb2a986eb85}\"></Provider>\n<EventID Qualifiers=\"\">2010</EventID>\n<Version>0</Version>\n<Level>4</Level>\n<Task>0</Task>\n<Opcode>0</Opcode>\n<Keywords>0x8000000000000000</Keywords>\n<TimeCreated SystemTime=\"2014-02-05 18:18:06.672228+00:00\"></TimeCreated>\n<EventRecordID>255</EventRecordID>\n<Correlation ActivityID=\"\" RelatedActivityID=\"\"></Correlation>\n<Execution ProcessID=\"1284\" ThreadID=\"3540\"></Execution>\n<Channel>Microsoft-Windows-Windows Firewall With Advanced Security/Firewall</Channel>\n<Computer>IACIS-HDD-2014</Computer>\n<Security UserID=\"S-1-5-19\"></Security>\n</System>\n<EventData><Data Name=\"InterfaceGuid\">{78a289b4-f8b9-43c7-8bba-f96e0bbc2185}</Data>\n<Data Name=\"InterfaceName\">ethernet_6</Data>\n<Data Name=\"OldProfile\">2</Data>\n<Data Name=\"NewProfile\">2147483649</Data>\n</EventData>\n</Event>\n"
  },
  {
    "EventID": 2010,
    "Timestamp": "2014-02-05 18:18:12.709440+00:00",
    "Computer": "IACIS-HDD-2014",
    "Channel": "Microsoft-Windows-Windows Firewall With Advanced Security/Firewall",
    "Level": "Information",
    "EventData": {
      "InterfaceGuid": "{78a289b4-f8b9-43c7-8bba-f96e0bbc2185}",
      "InterfaceName": "ethernet_6",
      "OldProfile": "2147483649",
      "NewProfile": "4"
    },
    "RawXml": "<Event xmlns=\"http://schemas.microsoft.com/win/2004/08/events/event\"><System><Provider Name=\"Microsoft-Windows-Windows Firewall With Advanced Security\" Guid=\"{d1bc9aff-2abf-4d71-9146-ecb2a986eb85}\"></Provider>\n<EventID Qualifiers=\"\">2010</EventID>\n<Version>0</Version>\n<Level>4</Level>\n<Task>0</Task>\n<Opcode>0</Opcode>\n<Keywords>0x8000000000000000</Keywords>\n<TimeCreated SystemTime=\"2014-02-05 18:18:12.709440+00:00\"></TimeCreated>\n<EventRecordID>256</EventRecordID>\n<Correlation ActivityID=\"\" RelatedActivityID=\"\"></Correlation>\n<Execution ProcessID=\"1284\" ThreadID=\"3520\"></Execution>\n<Channel>Microsoft-Windows-Windows Firewall With Advanced Security/Firewall</Channel>\n<Computer>IACIS-HDD-2014</Computer>\n<Security UserID=\"S-1-5-19\"></Security>\n</System>\n<EventData><Data Name=\"InterfaceGuid\">{78a289b4-f8b9-43c7-8bba-f96e0bbc2185}</Data>\n<Data Name=\"InterfaceName\">ethernet_6</Data>\n<Data Name=\"OldProfile\">2147483649</Data>\n<Data Name=\"NewProfile\">4</Data>\n</EventData>\n</Event>\n"
  },
  {
    "EventID": 2010,
    "Timestamp": "2014-02-05 18:18:57.762318+00:00",
    "Computer": "IACIS-HDD-2014",
    "Channel": "Microsoft-Windows-Windows Firewall With Advanced Security/Firewall",
    "Level": "Information",
    "EventData": {
      "InterfaceGuid": "{78a289b4-f8b9-43c7-8bba-f96e0bbc2185}",
      "InterfaceName": "ethernet_6",
      "OldProfile": "4",
      "NewProfile": "2147483649"
    },
    "RawXml": "<Event xmlns=\"http://schemas.microsoft.com/win/2004/08/events/event\"><System><Provider Name=\"Microsoft-Windows-Windows Firewall With Advanced Security\" Guid=\"{d1bc9aff-2abf-4d71-9146-ecb2a986eb85}\"></Provider>\n<EventID Qualifiers=\"\">2010</EventID>\n<Version>0</Version>\n<Level>4</Level>\n<Task>0</Task>\n<Opcode>0</Opcode>\n<Keywords>0x8000000000000000</Keywords>\n<TimeCreated SystemTime=\"2014-02-05 18:18:57.762318+00:00\"></TimeCreated>\n<EventRecordID>257</EventRecordID>\n<Correlation ActivityID=\"\" RelatedActivityID=\"\"></Correlation>\n<Execution ProcessID=\"1284\" ThreadID=\"2928\"></Execution>\n<Channel>Microsoft-Windows-Windows Firewall With Advanced Security/Firewall</Channel>\n<Computer>IACIS-HDD-2014</Computer>\n<Security UserID=\"S-1-5-19\"></Security>\n</System>\n<EventData><Data Name=\"InterfaceGuid\">{78a289b4-f8b9-43c7-8bba-f96e0bbc2185}</Data>\n<Data Name=\"InterfaceName\">ethernet_6</Data>\n<Data Name=\"OldProfile\">4</Data>\n<Data Name=\"NewProfile\">2147483649</Data>\n</EventData>\n</Event>\n"
  },
  {
    "EventID": 2010,
    "Timestamp": "2014-02-05 18:19:05.016331+00:00",
    "Computer": "IACIS-HDD-2014",
    "Channel": "Microsoft-Windows-Windows Firewall With Advanced Security/Firewall",
    "Level": "Information",
    "EventData": {
      "InterfaceGuid": "{78a289b4-f8b9-43c7-8bba-f96e0bbc2185}",
      "InterfaceName": "ethernet_6",
      "OldProfile": "2147483649",
      "NewProfile": "4"
    },
    "RawXml": "<Event xmlns=\"http://schemas.microsoft.com/win/2004/08/events/event\"><System><Provider Name=\"Microsoft-Windows-Windows Firewall With Advanced Security\" Guid=\"{d1bc9aff-2abf-4d71-9146-ecb2a986eb85}\"></Provider>\n<EventID Qualifiers=\"\">2010</EventID>\n<Version>0</Version>\n<Level>4</Level>\n<Task>0</Task>\n<Opcode>0</Opcode>\n<Keywords>0x8000000000000000</Keywords>\n<TimeCreated SystemTime=\"2014-02-05 18:19:05.016331+00:00\"></TimeCreated>\n<EventRecordID>258</EventRecordID>\n<Correlation ActivityID=\"\" RelatedActivityID=\"\"></Correlation>\n<Execution ProcessID=\"1284\" ThreadID=\"2928\"></Execution>\n<Channel>Microsoft-Windows-Windows Firewall With Advanced Security/Firewall</Channel>\n<Computer>IACIS-HDD-2014</Computer>\n<Security UserID=\"S-1-5-19\"></Security>\n</System>\n<EventData><Data Name=\"InterfaceGuid\">{78a289b4-f8b9-43c7-8bba-f96e0bbc2185}</Data>\n<Data Name=\"InterfaceName\">ethernet_6</Data>\n<Data Name=\"OldProfile\">2147483649</Data>\n<Data Name=\"NewProfile\">4</Data>\n</EventData>\n</Event>\n"
  },
  {
    "EventID": 2002,
    "Timestamp": "2014-02-05 18:19:09.852339+00:00",
    "Computer": "IACIS-HDD-2014",
    "Channel": "Microsoft-Windows-Windows Firewall With Advanced Security/Firewall",
    "Level": "Information",
    "EventData": {
      "SettingType": "2",
      "SettingValueSize": "4",
      "SettingValue": "AgAAAA==",
      "SettingValueDisplay": "Private",
      "Origin": "1",
      "ModifyingUser": "S-1-5-80-3088073201-1464728630-1879813800-1107566885-823218052",
      "ModifyingApplication": ""
    },
    "RawXml": "<Event xmlns=\"http://schemas.microsoft.com/win/2004/08/events/event\"><System><Provider Name=\"Microsoft-Windows-Windows Firewall With Advanced Security\" Guid=\"{d1bc9aff-2abf-4d71-9146-ecb2a986eb85}\"></Provider>\n<EventID Qualifiers=\"\">2002</EventID>\n<Version>0</Version>\n<Level>4</Level>\n<Task>0</Task>\n<Opcode>0</Opcode>\n<Keywords>0x8000000000000000</Keywords>\n<TimeCreated SystemTime=\"2014-02-05 18:19:09.852339+00:00\"></TimeCreated>\n<EventRecordID>259</EventRecordID>\n<Correlation ActivityID=\"\" RelatedActivityID=\"\"></Correlation>\n<Execution ProcessID=\"1284\" ThreadID=\"1628\"></Execution>\n<Channel>Microsoft-Windows-Windows Firewall With Advanced Security/Firewall</Channel>\n<Computer>IACIS-HDD-2014</Computer>\n<Security UserID=\"S-1-5-19\"></Security>\n</System>\n<EventData><Data Name=\"SettingType\">2</Data>\n<Data Name=\"SettingValueSize\">4</Data>\n<Data Name=\"SettingValue\">AgAAAA==</Data>\n<Data Name=\"SettingValueDisplay\">Private</Data>\n<Data Name=\"Origin\">1</Data>\n<Data Name=\"ModifyingUser\">S-1-5-80-3088073201-1464728630-1879813800-1107566885-823218052</Data>\n<Data Name=\"ModifyingApplication\"></Data>\n</EventData>\n</Event>\n"
  },
  {
    "EventID": 2010,
    "Timestamp": "2014-02-05 18:19:09.852339+00:00",
    "Computer": "IACIS-HDD-2014",
    "Channel": "Microsoft-Windows-Windows Firewall With Advanced Security/Firewall",
    "Level": "Information",
    "EventData": {
      "InterfaceGuid": "{78a289b4-f8b9-43c7-8bba-f96e0bbc2185}",
      "InterfaceName": "ethernet_6",
      "OldProfile": "4",
      "NewProfile": "2"
    },
    "RawXml": "<Event xmlns=\"http://schemas.microsoft.com/win/2004/08/events/event\"><System><Provider Name=\"Microsoft-Windows-Windows Firewall With Advanced Security\" Guid=\"{d1bc9aff-2abf-4d71-9146-ecb2a986eb85}\"></Provider>\n<EventID Qualifiers=\"\">2010</EventID>\n<Version>0</Version>\n<Level>4</Level>\n<Task>0</Task>\n<Opcode>0</Opcode>\n<Keywords>0x8000000000000000</Keywords>\n<TimeCreated SystemTime=\"2014-02-05 18:19:09.852339+00:00\"></TimeCreated>\n<EventRecordID>260</EventRecordID>\n<Correlation ActivityID=\"\" RelatedActivityID=\"\"></Correlation>\n<Execution ProcessID=\"1284\" ThreadID=\"1628\"></Execution>\n<Channel>Microsoft-Windows-Windows Firewall With Advanced Security/Firewall</Channel>\n<Computer>IACIS-HDD-2014</Computer>\n<Security UserID=\"S-1-5-19\"></Security>\n</System>\n<EventData><Data Name=\"InterfaceGuid\">{78a289b4-f8b9-43c7-8bba-f96e0bbc2185}</Data>\n<Data Name=\"InterfaceName\">ethernet_6</Data>\n<Data Name=\"OldProfile\">4</Data>\n<Data Name=\"NewProfile\">2</Data>\n</EventData>\n</Event>\n"
  },
  {
    "EventID": 2002,
    "Timestamp": "2014-02-05 18:20:57.710930+00:00",
    "Computer": "IACIS-HDD-2014",
    "Channel": "Microsoft-Windows-Windows Firewall With Advanced Security/Firewall",
    "Level": "Information",
    "EventData": {
      "SettingType": "2",
      "SettingValueSize": "4",
      "SettingValue": "BAAAAA==",
      "SettingValueDisplay": "Public",
      "Origin": "1",
      "ModifyingUser": "S-1-5-80-3088073201-1464728630-1879813800-1107566885-823218052",
      "ModifyingApplication": ""
    },
    "RawXml": "<Event xmlns=\"http://schemas.microsoft.com/win/2004/08/events/event\"><System><Provider Name=\"Microsoft-Windows-Windows Firewall With Advanced Security\" Guid=\"{d1bc9aff-2abf-4d71-9146-ecb2a986eb85}\"></Provider>\n<EventID Qualifiers=\"\">2002</EventID>\n<Version>0</Version>\n<Level>4</Level>\n<Task>0</Task>\n<Opcode>0</Opcode>\n<Keywords>0x8000000000000000</Keywords>\n<TimeCreated SystemTime=\"2014-02-05 18:20:57.710930+00:00\"></TimeCreated>\n<EventRecordID>261</EventRecordID>\n<Correlation ActivityID=\"\" RelatedActivityID=\"\"></Correlation>\n<Execution ProcessID=\"1284\" ThreadID=\"2996\"></Execution>\n<Channel>Microsoft-Windows-Windows Firewall With Advanced Security/Firewall</Channel>\n<Computer>IACIS-HDD-2014</Computer>\n<Security UserID=\"S-1-5-19\"></Security>\n</System>\n<EventData><Data Name=\"SettingType\">2</Data>\n<Data Name=\"SettingValueSize\">4</Data>\n<Data Name=\"SettingValue\">BAAAAA==</Data>\n<Data Name=\"SettingValueDisplay\">Public</Data>\n<Data Name=\"Origin\">1</Data>\n<Data Name=\"ModifyingUser\">S-1-5-80-3088073201-1464728630-1879813800-1107566885-823218052</Data>\n<Data Name=\"ModifyingApplication\"></Data>\n</EventData>\n</Event>\n"
  },
  {
    "EventID": 2010,
    "Timestamp": "2014-02-05 18:20:57.710930+00:00",
    "Computer": "IACIS-HDD-2014",
    "Channel": "Microsoft-Windows-Windows Firewall With Advanced Security/Firewall",
    "Level": "Information",
    "EventData": {
      "InterfaceGuid": "{78a289b4-f8b9-43c7-8bba-f96e0bbc2185}",
      "InterfaceName": "ethernet_6",
      "OldProfile": "2",
      "NewProfile": "2147483649"
    },
    "RawXml": "<Event xmlns=\"http://schemas.microsoft.com/win/2004/08/events/event\"><System><Provider Name=\"Microsoft-Windows-Windows Firewall With Advanced Security\" Guid=\"{d1bc9aff-2abf-4d71-9146-ecb2a986eb85}\"></Provider>\n<EventID Qualifiers=\"\">2010</EventID>\n<Version>0</Version>\n<Level>4</Level>\n<Task>0</Task>\n<Opcode>0</Opcode>\n<Keywords>0x8000000000000000</Keywords>\n<TimeCreated SystemTime=\"2014-02-05 18:20:57.710930+00:00\"></TimeCreated>\n<EventRecordID>262</EventRecordID>\n<Correlation ActivityID=\"\" RelatedActivityID=\"\"></Correlation>\n<Execution ProcessID=\"1284\" ThreadID=\"2996\"></Execution>\n<Channel>Microsoft-Windows-Windows Firewall With Advanced Security/Firewall</Channel>\n<Computer>IACIS-HDD-2014</Computer>\n<Security UserID=\"S-1-5-19\"></Security>\n</System>\n<EventData><Data Name=\"InterfaceGuid\">{78a289b4-f8b9-43c7-8bba-f96e0bbc2185}</Data>\n<Data Name=\"InterfaceName\">ethernet_6</Data>\n<Data Name=\"OldProfile\">2</Data>\n<Data Name=\"NewProfile\">2147483649</Data>\n</EventData>\n</Event>\n"
  },
  {
    "EventID": 2010,
    "Timestamp": "2014-02-05 18:21:04.668541+00:00",
    "Computer": "IACIS-HDD-2014",
    "Channel": "Microsoft-Windows-Windows Firewall With Advanced Security/Firewall",
    "Level": "Information",
    "EventData": {
      "InterfaceGuid": "{78a289b4-f8b9-43c7-8bba-f96e0bbc2185}",
      "InterfaceName": "ethernet_6",
      "OldProfile": "2147483649",
      "NewProfile": "4"
    },
    "RawXml": "<Event xmlns=\"http://schemas.microsoft.com/win/2004/08/events/event\"><System><Provider Name=\"Microsoft-Windows-Windows Firewall With Advanced Security\" Guid=\"{d1bc9aff-2abf-4d71-9146-ecb2a986eb85}\"></Provider>\n<EventID Qualifiers=\"\">2010</EventID>\n<Version>0</Version>\n<Level>4</Level>\n<Task>0</Task>\n<Opcode>0</Opcode>\n<Keywords>0x8000000000000000</Keywords>\n<TimeCreated SystemTime=\"2014-02-05 18:21:04.668541+00:00\"></TimeCreated>\n<EventRecordID>263</EventRecordID>\n<Correlation ActivityID=\"\" RelatedActivityID=\"\"></Correlation>\n<Execution ProcessID=\"1284\" ThreadID=\"2996\"></Execution>\n<Channel>Microsoft-Windows-Windows Firewall With Advanced Security/Firewall</Channel>\n<Computer>IACIS-HDD-2014</Computer>\n<Security UserID=\"S-1-5-19\"></Security>\n</System>\n<EventData><Data Name=\"InterfaceGuid\">{78a289b4-f8b9-43c7-8bba-f96e0bbc2185}</Data>\n<Data Name=\"InterfaceName\">ethernet_6</Data>\n<Data Name=\"OldProfile\">2147483649</Data>\n<Data Name=\"NewProfile\">4</Data>\n</EventData>\n</Event>\n"
  },
  {
    "EventID": 2002,
    "Timestamp": "2014-02-05 18:21:15.260960+00:00",
    "Computer": "IACIS-HDD-2014",
    "Channel": "Microsoft-Windows-Windows Firewall With Advanced Security/Firewall",
    "Level": "Information",
    "EventData": {
      "SettingType": "2",
      "SettingValueSize": "4",
      "SettingValue": "AgAAAA==",
      "SettingValueDisplay": "Private",
      "Origin": "1",
      "ModifyingUser": "S-1-5-80-3088073201-1464728630-1879813800-1107566885-823218052",
      "ModifyingApplication": ""
    },
    "RawXml": "<Event xmlns=\"http://schemas.microsoft.com/win/2004/08/events/event\"><System><Provider Name=\"Microsoft-Windows-Windows Firewall With Advanced Security\" Guid=\"{d1bc9aff-2abf-4d71-9146-ecb2a986eb85}\"></Provider>\n<EventID Qualifiers=\"\">2002</EventID>\n<Version>0</Version>\n<Level>4</Level>\n<Task>0</Task>\n<Opcode>0</Opcode>\n<Keywords>0x8000000000000000</Keywords>\n<TimeCreated SystemTime=\"2014-02-05 18:21:15.260960+00:00\"></TimeCreated>\n<EventRecordID>264</EventRecordID>\n<Correlation ActivityID=\"\" RelatedActivityID=\"\"></Correlation>\n<Execution ProcessID=\"1284\" ThreadID=\"2716\"></Execution>\n<Channel>Microsoft-Windows-Windows Firewall With Advanced Security/Firewall</Channel>\n<Computer>IACIS-HDD-2014</Computer>\n<Security UserID=\"S-1-5-19\"></Security>\n</System>\n<EventData><Data Name=\"SettingType\">2</Data>\n<Data Name=\"SettingValueSize\">4</Data>\n<Data Name=\"SettingValue\">AgAAAA==</Data>\n<Data Name=\"SettingValueDisplay\">Private</Data>\n<Data Name=\"Origin\">1</Data>\n<Data Name=\"ModifyingUser\">S-1-5-80-3088073201-1464728630-1879813800-1107566885-823218052</Data>\n<Data Name=\"ModifyingApplication\"></Data>\n</EventData>\n</Event>\n"
  },
  {
    "EventID": 2010,
    "Timestamp": "2014-02-05 18:21:15.260960+00:00",
    "Computer": "IACIS-HDD-2014",
    "Channel": "Microsoft-Windows-Windows Firewall With Advanced Security/Firewall",
    "Level": "Information",
    "EventData": {
      "InterfaceGuid": "{78a289b4-f8b9-43c7-8bba-f96e0bbc2185}",
      "InterfaceName": "ethernet_6",
      "OldProfile": "4",
      "NewProfile": "2"
    },
    "RawXml": "<Event xmlns=\"http://schemas.microsoft.com/win/2004/08/events/event\"><System><Provider Name=\"Microsoft-Windows-Windows Firewall With Advanced Security\" Guid=\"{d1bc9aff-2abf-4d71-9146-ecb2a986eb85}\"></Provider>\n<EventID Qualifiers=\"\">2010</EventID>\n<Version>0</Version>\n<Level>4</Level>\n<Task>0</Task>\n<Opcode>0</Opcode>\n<Keywords>0x8000000000000000</Keywords>\n<TimeCreated SystemTime=\"2014-02-05 18:21:15.260960+00:00\"></TimeCreated>\n<EventRecordID>265</EventRecordID>\n<Correlation ActivityID=\"\" RelatedActivityID=\"\"></Correlation>\n<Execution ProcessID=\"1284\" ThreadID=\"2716\"></Execution>\n<Channel>Microsoft-Windows-Windows Firewall With Advanced Security/Firewall</Channel>\n<Computer>IACIS-HDD-2014</Computer>\n<Security UserID=\"S-1-5-19\"></Security>\n</System>\n<EventData><Data Name=\"InterfaceGuid\">{78a289b4-f8b9-43c7-8bba-f96e0bbc2185}</Data>\n<Data Name=\"InterfaceName\">ethernet_6</Data>\n<Data Name=\"OldProfile\">4</Data>\n<Data Name=\"NewProfile\">2</Data>\n</EventData>\n</Event>\n"
  },
  {
    "EventID": 2002,
    "Timestamp": "2014-02-05 18:30:21.008318+00:00",
    "Computer": "IACIS-HDD-2014",
    "Channel": "Microsoft-Windows-Windows Firewall With Advanced Security/Firewall",
    "Level": "Information",
    "EventData": {
      "SettingType": "2",
      "SettingValueSize": "4",
      "SettingValue": "BAAAAA==",
      "SettingValueDisplay": "Public",
      "Origin": "1",
      "ModifyingUser": "S-1-5-80-3088073201-1464728630-1879813800-1107566885-823218052",
      "ModifyingApplication": ""
    },
    "RawXml": "<Event xmlns=\"http://schemas.microsoft.com/win/2004/08/events/event\"><System><Provider Name=\"Microsoft-Windows-Windows Firewall With Advanced Security\" Guid=\"{d1bc9aff-2abf-4d71-9146-ecb2a986eb85}\"></Provider>\n<EventID Qualifiers=\"\">2002</EventID>\n<Version>0</Version>\n<Level>4</Level>\n<Task>0</Task>\n<Opcode>0</Opcode>\n<Keywords>0x8000000000000000</Keywords>\n<TimeCreated SystemTime=\"2014-02-05 18:30:21.008318+00:00\"></TimeCreated>\n<EventRecordID>266</EventRecordID>\n<Correlation ActivityID=\"\" RelatedActivityID=\"\"></Correlation>\n<Execution ProcessID=\"1284\" ThreadID=\"4068\"></Execution>\n<Channel>Microsoft-Windows-Windows Firewall With Advanced Security/Firewall</Channel>\n<Computer>IACIS-HDD-2014</Computer>\n<Security UserID=\"S-1-5-19\"></Security>\n</System>\n<EventData><Data Name=\"SettingType\">2</Data>\n<Data Name=\"SettingValueSize\">4</Data>\n<Data Name=\"SettingValue\">BAAAAA==</Data>\n<Data Name=\"SettingValueDisplay\">Public</Data>\n<Data Name=\"Origin\">1</Data>\n<Data Name=\"ModifyingUser\">S-1-5-80-3088073201-1464728630-1879813800-1107566885-823218052</Data>\n<Data Name=\"ModifyingApplication\"></Data>\n</EventData>\n</Event>\n"
  },
  {
    "EventID": 2010,
    "Timestamp": "2014-02-05 18:30:21.008318+00:00",
    "Computer": "IACIS-HDD-2014",
    "Channel": "Microsoft-Windows-Windows Firewall With Advanced Security/Firewall",
    "Level": "Information",
    "EventData": {
      "InterfaceGuid": "{78a289b4-f8b9-43c7-8bba-f96e0bbc2185}",
      "InterfaceName": "ethernet_6",
      "OldProfile": "2",
      "NewProfile": "4"
    },
    "RawXml": "<Event xmlns=\"http://schemas.microsoft.com/win/2004/08/events/event\"><System><Provider Name=\"Microsoft-Windows-Windows Firewall With Advanced Security\" Guid=\"{d1bc9aff-2abf-4d71-9146-ecb2a986eb85}\"></Provider>\n<EventID Qualifiers=\"\">2010</EventID>\n<Version>0</Version>\n<Level>4</Level>\n<Task>0</Task>\n<Opcode>0</Opcode>\n<Keywords>0x8000000000000000</Keywords>\n<TimeCreated SystemTime=\"2014-02-05 18:30:21.008318+00:00\"></TimeCreated>\n<EventRecordID>267</EventRecordID>\n<Correlation ActivityID=\"\" RelatedActivityID=\"\"></Correlation>\n<Execution ProcessID=\"1284\" ThreadID=\"4068\"></Execution>\n<Channel>Microsoft-Windows-Windows Firewall With Advanced Security/Firewall</Channel>\n<Computer>IACIS-HDD-2014</Computer>\n<Security UserID=\"S-1-5-19\"></Security>\n</System>\n<EventData><Data Name=\"InterfaceGuid\">{78a289b4-f8b9-43c7-8bba-f96e0bbc2185}</Data>\n<Data Name=\"InterfaceName\">ethernet_6</Data>\n<Data Name=\"OldProfile\">2</Data>\n<Data Name=\"NewProfile\">4</Data>\n</EventData>\n</Event>\n"
  },
  {
    "EventID": 2010,
    "Timestamp": "2014-02-06 11:20:38.671062+00:00",
    "Computer": "IACIS-HDD-2014",
    "Channel": "Microsoft-Windows-Windows Firewall With Advanced Security/Firewall",
    "Level": "Information",
    "EventData": {
      "InterfaceGuid": "{78a289b4-f8b9-43c7-8bba-f96e0bbc2185}",
      "InterfaceName": "ethernet_6",
      "OldProfile": "2147483649",
      "NewProfile": "4"
    },
    "RawXml": "<Event xmlns=\"http://schemas.microsoft.com/win/2004/08/events/event\"><System><Provider Name=\"Microsoft-Windows-Windows Firewall With Advanced Security\" Guid=\"{d1bc9aff-2abf-4d71-9146-ecb2a986eb85}\"></Provider>\n<EventID Qualifiers=\"\">2010</EventID>\n<Version>0</Version>\n<Level>4</Level>\n<Task>0</Task>\n<Opcode>0</Opcode>\n<Keywords>0x8000000000000000</Keywords>\n<TimeCreated SystemTime=\"2014-02-06 11:20:38.671062+00:00\"></TimeCreated>\n<EventRecordID>268</EventRecordID>\n<Correlation ActivityID=\"\" RelatedActivityID=\"\"></Correlation>\n<Execution ProcessID=\"1252\" ThreadID=\"2012\"></Execution>\n<Channel>Microsoft-Windows-Windows Firewall With Advanced Security/Firewall</Channel>\n<Computer>IACIS-HDD-2014</Computer>\n<Security UserID=\"S-1-5-19\"></Security>\n</System>\n<EventData><Data Name=\"InterfaceGuid\">{78a289b4-f8b9-43c7-8bba-f96e0bbc2185}</Data>\n<Data Name=\"InterfaceName\">ethernet_6</Data>\n<Data Name=\"OldProfile\">2147483649</Data>\n<Data Name=\"NewProfile\">4</Data>\n</EventData>\n</Event>\n"
  },
  {
    "EventID": 2002,
    "Timestamp": "2014-02-06 11:20:38.873863+00:00",
    "Computer": "IACIS-HDD-2014",
    "Channel": "Microsoft-Windows-Windows Firewall With Advanced Security/Firewall",
    "Level": "Information",
    "EventData": {
      "SettingType": "2",
      "SettingValueSize": "4",
      "SettingValue": "BgAAAA==",
      "SettingValueDisplay": "Private,Public",
      "Origin": "1",
      "ModifyingUser": "S-1-5-80-3088073201-1464728630-1879813800-1107566885-823218052",
      "ModifyingApplication": ""
    },
    "RawXml": "<Event xmlns=\"http://schemas.microsoft.com/win/2004/08/events/event\"><System><Provider Name=\"Microsoft-Windows-Windows Firewall With Advanced Security\" Guid=\"{d1bc9aff-2abf-4d71-9146-ecb2a986eb85}\"></Provider>\n<EventID Qualifiers=\"\">2002</EventID>\n<Version>0</Version>\n<Level>4</Level>\n<Task>0</Task>\n<Opcode>0</Opcode>\n<Keywords>0x8000000000000000</Keywords>\n<TimeCreated SystemTime=\"2014-02-06 11:20:38.873863+00:00\"></TimeCreated>\n<EventRecordID>269</EventRecordID>\n<Correlation ActivityID=\"\" RelatedActivityID=\"\"></Correlation>\n<Execution ProcessID=\"1252\" ThreadID=\"1904\"></Execution>\n<Channel>Microsoft-Windows-Windows Firewall With Advanced Security/Firewall</Channel>\n<Computer>IACIS-HDD-2014</Computer>\n<Security UserID=\"S-1-5-19\"></Security>\n</System>\n<EventData><Data Name=\"SettingType\">2</Data>\n<Data Name=\"SettingValueSize\">4</Data>\n<Data Name=\"SettingValue\">BgAAAA==</Data>\n<Data Name=\"SettingValueDisplay\">Private,Public</Data>\n<Data Name=\"Origin\">1</Data>\n<Data Name=\"ModifyingUser\">S-1-5-80-3088073201-1464728630-1879813800-1107566885-823218052</Data>\n<Data Name=\"ModifyingApplication\"></Data>\n</EventData>\n</Event>\n"
  },
  {
    "EventID": 2010,
    "Timestamp": "2014-02-06 11:20:38.873863+00:00",
    "Computer": "IACIS-HDD-2014",
    "Channel": "Microsoft-Windows-Windows Firewall With Advanced Security/Firewall",
    "Level": "Information",
    "EventData": {
      "InterfaceGuid": "{78a289b4-f8b9-43c7-8bba-f96e0bbc2185}",
      "InterfaceName": "ethernet_6",
      "OldProfile": "2147483649",
      "NewProfile": "2"
    },
    "RawXml": "<Event xmlns=\"http://schemas.microsoft.com/win/2004/08/events/event\"><System><Provider Name=\"Microsoft-Windows-Windows Firewall With Advanced Security\" Guid=\"{d1bc9aff-2abf-4d71-9146-ecb2a986eb85}\"></Provider>\n<EventID Qualifiers=\"\">2010</EventID>\n<Version>0</Version>\n<Level>4</Level>\n<Task>0</Task>\n<Opcode>0</Opcode>\n<Keywords>0x8000000000000000</Keywords>\n<TimeCreated SystemTime=\"2014-02-06 11:20:38.873863+00:00\"></TimeCreated>\n<EventRecordID>270</EventRecordID>\n<Correlation ActivityID=\"\" RelatedActivityID=\"\"></Correlation>\n<Execution ProcessID=\"1252\" ThreadID=\"1904\"></Execution>\n<Channel>Microsoft-Windows-Windows Firewall With Advanced Security/Firewall</Channel>\n<Computer>IACIS-HDD-2014</Computer>\n<Security UserID=\"S-1-5-19\"></Security>\n</System>\n<EventData><Data Name=\"InterfaceGuid\">{78a289b4-f8b9-43c7-8bba-f96e0bbc2185}</Data>\n<Data Name=\"InterfaceName\">ethernet_6</Data>\n<Data Name=\"OldProfile\">2147483649</Data>\n<Data Name=\"NewProfile\">2</Data>\n</EventData>\n</Event>\n"
  },
  {
    "EventID": 2002,
    "Timestamp": "2014-02-06 11:20:38.905064+00:00",
    "Computer": "IACIS-HDD-2014",
    "Channel": "Microsoft-Windows-Windows Firewall With Advanced Security/Firewall",
    "Level": "Information",
    "EventData": {
      "SettingType": "2",
      "SettingValueSize": "4",
      "SettingValue": "AgAAAA==",
      "SettingValueDisplay": "Private",
      "Origin": "1",
      "ModifyingUser": "S-1-5-80-3088073201-1464728630-1879813800-1107566885-823218052",
      "ModifyingApplication": ""
    },
    "RawXml": "<Event xmlns=\"http://schemas.microsoft.com/win/2004/08/events/event\"><System><Provider Name=\"Microsoft-Windows-Windows Firewall With Advanced Security\" Guid=\"{d1bc9aff-2abf-4d71-9146-ecb2a986eb85}\"></Provider>\n<EventID Qualifiers=\"\">2002</EventID>\n<Version>0</Version>\n<Level>4</Level>\n<Task>0</Task>\n<Opcode>0</Opcode>\n<Keywords>0x8000000000000000</Keywords>\n<TimeCreated SystemTime=\"2014-02-06 11:20:38.905064+00:00\"></TimeCreated>\n<EventRecordID>271</EventRecordID>\n<Correlation ActivityID=\"\" RelatedActivityID=\"\"></Correlation>\n<Execution ProcessID=\"1252\" ThreadID=\"2012\"></Execution>\n<Channel>Microsoft-Windows-Windows Firewall With Advanced Security/Firewall</Channel>\n<Computer>IACIS-HDD-2014</Computer>\n<Security UserID=\"S-1-5-19\"></Security>\n</System>\n<EventData><Data Name=\"SettingType\">2</Data>\n<Data Name=\"SettingValueSize\">4</Data>\n<Data Name=\"SettingValue\">AgAAAA==</Data>\n<Data Name=\"SettingValueDisplay\">Private</Data>\n<Data Name=\"Origin\">1</Data>\n<Data Name=\"ModifyingUser\">S-1-5-80-3088073201-1464728630-1879813800-1107566885-823218052</Data>\n<Data Name=\"ModifyingApplication\"></Data>\n</EventData>\n</Event>\n"
  },
  {
    "EventID": 2010,
    "Timestamp": "2014-02-06 11:20:38.905064+00:00",
    "Computer": "IACIS-HDD-2014",
    "Channel": "Microsoft-Windows-Windows Firewall With Advanced Security/Firewall",
    "Level": "Information",
    "EventData": {
      "InterfaceGuid": "{78a289b4-f8b9-43c7-8bba-f96e0bbc2185}",
      "InterfaceName": "ethernet_6",
      "OldProfile": "4",
      "NewProfile": "2147483649"
    },
    "RawXml": "<Event xmlns=\"http://schemas.microsoft.com/win/2004/08/events/event\"><System><Provider Name=\"Microsoft-Windows-Windows Firewall With Advanced Security\" Guid=\"{d1bc9aff-2abf-4d71-9146-ecb2a986eb85}\"></Provider>\n<EventID Qualifiers=\"\">2010</EventID>\n<Version>0</Version>\n<Level>4</Level>\n<Task>0</Task>\n<Opcode>0</Opcode>\n<Keywords>0x8000000000000000</Keywords>\n<TimeCreated SystemTime=\"2014-02-06 11:20:38.905064+00:00\"></TimeCreated>\n<EventRecordID>272</EventRecordID>\n<Correlation ActivityID=\"\" RelatedActivityID=\"\"></Correlation>\n<Execution ProcessID=\"1252\" ThreadID=\"2012\"></Execution>\n<Channel>Microsoft-Windows-Windows Firewall With Advanced Security/Firewall</Channel>\n<Computer>IACIS-HDD-2014</Computer>\n<Security UserID=\"S-1-5-19\"></Security>\n</System>\n<EventData><Data Name=\"InterfaceGuid\">{78a289b4-f8b9-43c7-8bba-f96e0bbc2185}</Data>\n<Data Name=\"InterfaceName\">ethernet_6</Data>\n<Data Name=\"OldProfile\">4</Data>\n<Data Name=\"NewProfile\">2147483649</Data>\n</EventData>\n</Event>\n"
  },
  {
    "EventID": 2011,
    "Timestamp": "2014-02-06 11:20:40.324667+00:00",
    "Computer": "IACIS-HDD-2014",
    "Channel": "Microsoft-Windows-Windows Firewall With Advanced Security/Firewall",
    "Level": "Information",
    "EventData": {
      "ReasonCode": "1",
      "ApplicationPath": "C:\\windows\\system32\\lsass.exe",
      "IPVersion": "1",
      "Protocol": "6",
      "Port": "49156",
      "ProcessId": "476",
      "ModifyingUser": "S-1-5-18"
    },
    "RawXml": "<Event xmlns=\"http://schemas.microsoft.com/win/2004/08/events/event\"><System><Provider Name=\"Microsoft-Windows-Windows Firewall With Advanced Security\" Guid=\"{d1bc9aff-2abf-4d71-9146-ecb2a986eb85}\"></Provider>\n<EventID Qualifiers=\"\">2011</EventID>\n<Version>0</Version>\n<Level>4</Level>\n<Task>0</Task>\n<Opcode>0</Opcode>\n<Keywords>0x8000000000000000</Keywords>\n<TimeCreated SystemTime=\"2014-02-06 11:20:40.324667+00:00\"></TimeCreated>\n<EventRecordID>273</EventRecordID>\n<Correlation ActivityID=\"\" RelatedActivityID=\"\"></Correlation>\n<Execution ProcessID=\"1252\" ThreadID=\"1304\"></Execution>\n<Channel>Microsoft-Windows-Windows Firewall With Advanced Security/Firewall</Channel>\n<Computer>IACIS-HDD-2014</Computer>\n<Security UserID=\"S-1-5-19\"></Security>\n</System>\n<EventData><Data Name=\"ReasonCode\">1</Data>\n<Data Name=\"ApplicationPath\">C:\\windows\\system32\\lsass.exe</Data>\n<Data Name=\"IPVersion\">1</Data>\n<Data Name=\"Protocol\">6</Data>\n<Data Name=\"Port\">49156</Data>\n<Data Name=\"ProcessId\">476</Data>\n<Data Name=\"ModifyingUser\">S-1-5-18</Data>\n</EventData>\n</Event>\n"
  },
  {
    "EventID": 2002,
    "Timestamp": "2014-02-06 12:00:52.266504+00:00",
    "Computer": "IACIS-HDD-2014",
    "Channel": "Microsoft-Windows-Windows Firewall With Advanced Security/Firewall",
    "Level": "Information",
    "EventData": {
      "SettingType": "2",
      "SettingValueSize": "4",
      "SettingValue": "BAAAAA==",
      "SettingValueDisplay": "Public",
      "Origin": "1",
      "ModifyingUser": "S-1-5-80-3088073201-1464728630-1879813800-1107566885-823218052",
      "ModifyingApplication": ""
    },
    "RawXml": "<Event xmlns=\"http://schemas.microsoft.com/win/2004/08/events/event\"><System><Provider Name=\"Microsoft-Windows-Windows Firewall With Advanced Security\" Guid=\"{d1bc9aff-2abf-4d71-9146-ecb2a986eb85}\"></Provider>\n<EventID Qualifiers=\"\">2002</EventID>\n<Version>0</Version>\n<Level>4</Level>\n<Task>0</Task>\n<Opcode>0</Opcode>\n<Keywords>0x8000000000000000</Keywords>\n<TimeCreated SystemTime=\"2014-02-06 12:00:52.266504+00:00\"></TimeCreated>\n<EventRecordID>274</EventRecordID>\n<Correlation ActivityID=\"\" RelatedActivityID=\"\"></Correlation>\n<Execution ProcessID=\"1252\" ThreadID=\"3144\"></Execution>\n<Channel>Microsoft-Windows-Windows Firewall With Advanced Security/Firewall</Channel>\n<Computer>IACIS-HDD-2014</Computer>\n<Security UserID=\"S-1-5-19\"></Security>\n</System>\n<EventData><Data Name=\"SettingType\">2</Data>\n<Data Name=\"SettingValueSize\">4</Data>\n<Data Name=\"SettingValue\">BAAAAA==</Data>\n<Data Name=\"SettingValueDisplay\">Public</Data>\n<Data Name=\"Origin\">1</Data>\n<Data Name=\"ModifyingUser\">S-1-5-80-3088073201-1464728630-1879813800-1107566885-823218052</Data>\n<Data Name=\"ModifyingApplication\"></Data>\n</EventData>\n</Event>\n"
  },
  {
    "EventID": 2010,
    "Timestamp": "2014-02-06 12:00:52.266504+00:00",
    "Computer": "IACIS-HDD-2014",
    "Channel": "Microsoft-Windows-Windows Firewall With Advanced Security/Firewall",
    "Level": "Information",
    "EventData": {
      "InterfaceGuid": "{78a289b4-f8b9-43c7-8bba-f96e0bbc2185}",
      "InterfaceName": "ethernet_6",
      "OldProfile": "2",
      "NewProfile": "2147483649"
    },
    "RawXml": "<Event xmlns=\"http://schemas.microsoft.com/win/2004/08/events/event\"><System><Provider Name=\"Microsoft-Windows-Windows Firewall With Advanced Security\" Guid=\"{d1bc9aff-2abf-4d71-9146-ecb2a986eb85}\"></Provider>\n<EventID Qualifiers=\"\">2010</EventID>\n<Version>0</Version>\n<Level>4</Level>\n<Task>0</Task>\n<Opcode>0</Opcode>\n<Keywords>0x8000000000000000</Keywords>\n<TimeCreated SystemTime=\"2014-02-06 12:00:52.266504+00:00\"></TimeCreated>\n<EventRecordID>275</EventRecordID>\n<Correlation ActivityID=\"\" RelatedActivityID=\"\"></Correlation>\n<Execution ProcessID=\"1252\" ThreadID=\"3144\"></Execution>\n<Channel>Microsoft-Windows-Windows Firewall With Advanced Security/Firewall</Channel>\n<Computer>IACIS-HDD-2014</Computer>\n<Security UserID=\"S-1-5-19\"></Security>\n</System>\n<EventData><Data Name=\"InterfaceGuid\">{78a289b4-f8b9-43c7-8bba-f96e0bbc2185}</Data>\n<Data Name=\"InterfaceName\">ethernet_6</Data>\n<Data Name=\"OldProfile\">2</Data>\n<Data Name=\"NewProfile\">2147483649</Data>\n</EventData>\n</Event>\n"
  },
  {
    "EventID": 2010,
    "Timestamp": "2014-02-06 12:00:58.553314+00:00",
    "Computer": "IACIS-HDD-2014",
    "Channel": "Microsoft-Windows-Windows Firewall With Advanced Security/Firewall",
    "Level": "Information",
    "EventData": {
      "InterfaceGuid": "{78a289b4-f8b9-43c7-8bba-f96e0bbc2185}",
      "InterfaceName": "ethernet_6",
      "OldProfile": "2147483649",
      "NewProfile": "4"
    },
    "RawXml": "<Event xmlns=\"http://schemas.microsoft.com/win/2004/08/events/event\"><System><Provider Name=\"Microsoft-Windows-Windows Firewall With Advanced Security\" Guid=\"{d1bc9aff-2abf-4d71-9146-ecb2a986eb85}\"></Provider>\n<EventID Qualifiers=\"\">2010</EventID>\n<Version>0</Version>\n<Level>4</Level>\n<Task>0</Task>\n<Opcode>0</Opcode>\n<Keywords>0x8000000000000000</Keywords>\n<TimeCreated SystemTime=\"2014-02-06 12:00:58.553314+00:00\"></TimeCreated>\n<EventRecordID>276</EventRecordID>\n<Correlation ActivityID=\"\" RelatedActivityID=\"\"></Correlation>\n<Execution ProcessID=\"1252\" ThreadID=\"3144\"></Execution>\n<Channel>Microsoft-Windows-Windows Firewall With Advanced Security/Firewall</Channel>\n<Computer>IACIS-HDD-2014</Computer>\n<Security UserID=\"S-1-5-19\"></Security>\n</System>\n<EventData><Data Name=\"InterfaceGuid\">{78a289b4-f8b9-43c7-8bba-f96e0bbc2185}</Data>\n<Data Name=\"InterfaceName\">ethernet_6</Data>\n<Data Name=\"OldProfile\">2147483649</Data>\n<Data Name=\"NewProfile\">4</Data>\n</EventData>\n</Event>\n"
  },
