  {
    "EventID": 59,
    "Timestamp": "2014-01-25 01:38:30.884588+00:00",
    "Computer": "IACIS-HDD-2014",
    "Channel": "Microsoft-Windows-Bits-Client/Operational",
    "Level": "Information",
    "EventData": {
      "transferId": "{d01b23db-4146-4b80-a10c-31b32ad21f69}",
      "name": "WU Client Download",
      "Id": "{780e059d-923e-4033-a164-48a1821b01bd}",
      "url": "http://au.download.windowsupdate.com/msdownload/update/software/defu/2014/01/mpas-fe_7f86d0352a433e4994405eae362865bfb8fa2801.exe",
      "peer": "",
      "fileTime": "2014-01-24 05:33:07+00:00",
      "fileLength": "23465240",
      "bytesTotal": "23465240",
      "bytesTransferred": "0",
      "bytesTransferredFromPeer": "0"
    },
    "RawXml": "<Event xmlns=\"http://schemas.microsoft.com/win/2004/08/events/event\"><System><Provider Name=\"Microsoft-Windows-Bits-Client\" Guid=\"{ef1cc15b-46c1-414e-bb95-e76b077bd51e}\"></Provider>\n<EventID Qualifiers=\"\">59</EventID>\n<Version>1</Version>\n<Level>4</Level>\n<Task>0</Task>\n<Opcode>1</Opcode>\n<Keywords>0x4000000000000000</Keywords>\n<TimeCreated SystemTime=\"2014-01-25 01:38:30.884588+00:00\"></TimeCreated>\n<EventRecordID>460</EventRecordID>\n<Correlation ActivityID=\"{d01b23db-4146-4b80-a10c-31b32ad21f69}\" RelatedActivityID=\"\"></Correlation>\n<Execution ProcessID=\"888\" ThreadID=\"2952\"></Execution>\n<Channel>Microsoft-Windows-Bits-Client/Operational</Channel>\n<Computer>IACIS-HDD-2014</Computer>\n<Security UserID=\"S-1-5-18\"></Security>\n</System>\n<EventData><Data Name=\"transferId\">{d01b23db-4146-4b80-a10c-31b32ad21f69}</Data>\n<Data Name=\"name\">WU Client Download</Data>\n<Data Name=\"Id\">{780e059d-923e-4033-a164-48a1821b01bd}</Data>\n<Data Name=\"url\">http://au.download.windowsupdate.com/msdownload/update/software/defu/2014/01/mpas-fe_7f86d0352a433e4994405eae362865bfb8fa2801.exe</Data>\n<Data Name=\"peer\"></Data>\n<Data Name=\"fileTime\">2014-01-24 05:33:07+00:00</Data>\n<Data Name=\"fileLength\">23465240</Data>\n<Data Name=\"bytesTotal\">23465240</Data>\n<Data Name=\"bytesTransferred\">0</Data>\n<Data Name=\"bytesTransferredFromPeer\">0</Data>\n</EventData>\n</Event>\n"
  },
  {
    "EventID": 59,
    "Timestamp": "2014-01-25 01:38:30.900188+00:00",
    "Computer": "IACIS-HDD-2014",
    "Channel": "Microsoft-Windows-Bits-Client/Operational",
    "Level": "Information",
    "EventData": {
      "transferId": "{c6a83c26-8568-4619-a9c8-4576c1f8461e}",
      "name": "WU Client Download",
      "Id": "{07882361-b59d-4238-9cee-427789119193}",
      "url": "http://au.download.windowsupdate.com/msdownload/update/driver/drvs/2011/12/4898_fe393bd9ba1024afd5128b4a354dbb0f03ff6d29.cab",
      "peer": "",
      "fileTime": "2011-12-20 21:23:10+00:00",
      "fileLength": "377154",
      "bytesTotal": "377154",
      "bytesTransferred": "0",
      "bytesTransferredFromPeer": "0"
    },
    "RawXml": "<Event xmlns=\"http://schemas.microsoft.com/win/2004/08/events/event\"><System><Provider Name=\"Microsoft-Windows-Bits-Client\" Guid=\"{ef1cc15b-46c1-414e-bb95-e76b077bd51e}\"></Provider>\n<EventID Qualifiers=\"\">59</EventID>\n<Version>1</Version>\n<Level>4</Level>\n<Task>0</Task>\n<Opcode>1</Opcode>\n<Keywords>0x4000000000000000</Keywords>\n<TimeCreated SystemTime=\"2014-01-25 01:38:30.900188+00:00\"></TimeCreated>\n<EventRecordID>461</EventRecordID>\n<Correlation ActivityID=\"{c6a83c26-8568-4619-a9c8-4576c1f8461e}\" RelatedActivityID=\"\"></Correlation>\n<Execution ProcessID=\"888\" ThreadID=\"2952\"></Execution>\n<Channel>Microsoft-Windows-Bits-Client/Operational</Channel>\n<Computer>IACIS-HDD-2014</Computer>\n<Security UserID=\"S-1-5-18\"></Security>\n</System>\n<EventData><Data Name=\"transferId\">{c6a83c26-8568-4619-a9c8-4576c1f8461e}</Data>\n<Data Name=\"name\">WU Client Download</Data>\n<Data Name=\"Id\">{07882361-b59d-4238-9cee-427789119193}</Data>\n<Data Name=\"url\">http://au.download.windowsupdate.com/msdownload/update/driver/drvs/2011/12/4898_fe393bd9ba1024afd5128b4a354dbb0f03ff6d29.cab</Data>\n<Data Name=\"peer\"></Data>\n<Data Name=\"fileTime\">2011-12-20 21:23:10+00:00</Data>\n<Data Name=\"fileLength\">377154</Data>\n<Data Name=\"bytesTotal\">377154</Data>\n<Data Name=\"bytesTransferred\">0</Data>\n<Data Name=\"bytesTransferredFromPeer\">0</Data>\n</EventData>\n</Event>\n"
  },
  {
    "EventID": 59,
    "Timestamp": "2014-01-25 01:38:30.915789+00:00",
    "Computer": "IACIS-HDD-2014",
    "Channel": "Microsoft-Windows-Bits-Client/Operational",
    "Level": "Information",
    "EventData": {
      "transferId": "{803fca9a-548d-4561-a1b6-213e287c2b80}",
      "name": "WU Client Download",
      "Id": "{60e05c1b-9866-4694-be14-45b901393f09}",
      "url": "http://au.download.windowsupdate.com/msdownload/update/software/uprl/2011/05/wu-ie9-windows7-x64_b8a82b105e0857e1fb2afb89902696b8c7a61679.exe",
      "peer": "",
      "fileTime": "2011-05-24 21:25:42+00:00",
      "fileLength": "38460720",
      "bytesTotal": "38460720",
      "bytesTransferred": "0",
      "bytesTransferredFromPeer": "0"
    },
    "RawXml": "<Event xmlns=\"http://schemas.microsoft.com/win/2004/08/events/event\"><System><Provider Name=\"Microsoft-Windows-Bits-Client\" Guid=\"{ef1cc15b-46c1-414e-bb95-e76b077bd51e}\"></Provider>\n<EventID Qualifiers=\"\">59</EventID>\n<Version>1</Version>\n<Level>4</Level>\n<Task>0</Task>\n<Opcode>1</Opcode>\n<Keywords>0x4000000000000000</Keywords>\n<TimeCreated SystemTime=\"2014-01-25 01:38:30.915789+00:00\"></TimeCreated>\n<EventRecordID>462</EventRecordID>\n<Correlation ActivityID=\"{803fca9a-548d-4561-a1b6-213e287c2b80}\" RelatedActivityID=\"\"></Correlation>\n<Execution ProcessID=\"888\" ThreadID=\"2952\"></Execution>\n<Channel>Microsoft-Windows-Bits-Client/Operational</Channel>\n<Computer>IACIS-HDD-2014</Computer>\n<Security UserID=\"S-1-5-18\"></Security>\n</System>\n<EventData><Data Name=\"transferId\">{803fca9a-548d-4561-a1b6-213e287c2b80}</Data>\n<Data Name=\"name\">WU Client Download</Data>\n<Data Name=\"Id\">{60e05c1b-9866-4694-be14-45b901393f09}</Data>\n<Data Name=\"url\">http://au.download.windowsupdate.com/msdownload/update/software/uprl/2011/05/wu-ie9-windows7-x64_b8a82b105e0857e1fb2afb89902696b8c7a61679.exe</Data>\n<Data Name=\"peer\"></Data>\n<Data Name=\"fileTime\">2011-05-24 21:25:42+00:00</Data>\n<Data Name=\"fileLength\">38460720</Data>\n<Data Name=\"bytesTotal\">38460720</Data>\n<Data Name=\"bytesTransferred\">0</Data>\n<Data Name=\"bytesTransferredFromPeer\">0</Data>\n</EventData>\n</Event>\n"
  },
  {
    "EventID": 59,
    "Timestamp": "2014-01-25 01:38:30.931389+00:00",
    "Computer": "IACIS-HDD-2014",
    "Channel": "Microsoft-Windows-Bits-Client/Operational",
    "Level": "Information",
    "EventData": {
      "transferId": "{01c8b2d6-c2c9-4dcf-a2ee-3b6bd0db4b40}",
      "name": "WU Client Download",
      "Id": "{92203ad4-378c-4433-bb3f-4e1915ff6c65}",
      "url": "http://au.download.windowsupdate.com/msdownload/update/software/uprl/2011/12/ie9postauprep_dd36b8bd31a143c9b41d1c60b8a389e02027417f.exe",
      "peer": "",
      "fileTime": "2011-12-17 00:44:13+00:00",
      "fileLength": "17208",
      "bytesTotal": "17208",
      "bytesTransferred": "0",
      "bytesTransferredFromPeer": "0"
    },
    "RawXml": "<Event xmlns=\"http://schemas.microsoft.com/win/2004/08/events/event\"><System><Provider Name=\"Microsoft-Windows-Bits-Client\" Guid=\"{ef1cc15b-46c1-414e-bb95-e76b077bd51e}\"></Provider>\n<EventID Qualifiers=\"\">59</EventID>\n<Version>1</Version>\n<Level>4</Level>\n<Task>0</Task>\n<Opcode>1</Opcode>\n<Keywords>0x4000000000000000</Keywords>\n<TimeCreated SystemTime=\"2014-01-25 01:38:30.931389+00:00\"></TimeCreated>\n<EventRecordID>463</EventRecordID>\n<Correlation ActivityID=\"{01c8b2d6-c2c9-4dcf-a2ee-3b6bd0db4b40}\" RelatedActivityID=\"\"></Correlation>\n<Execution ProcessID=\"888\" ThreadID=\"2952\"></Execution>\n<Channel>Microsoft-Windows-Bits-Client/Operational</Channel>\n<Computer>IACIS-HDD-2014</Computer>\n<Security UserID=\"S-1-5-18\"></Security>\n</System>\n<EventData><Data Name=\"transferId\">{01c8b2d6-c2c9-4dcf-a2ee-3b6bd0db4b40}</Data>\n<Data Name=\"name\">WU Client Download</Data>\n<Data Name=\"Id\">{92203ad4-378c-4433-bb3f-4e1915ff6c65}</Data>\n<Data Name=\"url\">http://au.download.windowsupdate.com/msdownload/update/software/uprl/2011/12/ie9postauprep_dd36b8bd31a143c9b41d1c60b8a389e02027417f.exe</Data>\n<Data Name=\"peer\"></Data>\n<Data Name=\"fileTime\">2011-12-17 00:44:13+00:00</Data>\n<Data Name=\"fileLength\">17208</Data>\n<Data Name=\"bytesTotal\">17208</Data>\n<Data Name=\"bytesTransferred\">0</Data>\n<Data Name=\"bytesTransferredFromPeer\">0</Data>\n</EventData>\n</Event>\n"
  },
  {
    "EventID": 59,
    "Timestamp": "2014-01-25 01:38:30.946989+00:00",
    "Computer": "IACIS-HDD-2014",
    "Channel": "Microsoft-Windows-Bits-Client/Operational",
    "Level": "Information",
    "EventData": {
      "transferId": "{0bf21c0f-f4b6-4f15-8a7f-a33a8f9c9dc6}",
      "name": "WU Client Download",
      "Id": "{0e6798ff-9792-404b-9481-4b4f110b8728}",
      "url": "http://au.download.windowsupdate.com/msdownload/update/software/uprl/2013/02/wu-windows6.1-kb2533623-x64_39d044f0752b83c2485c06d84001dd5b475d25bf.exe",
      "peer": "",
      "fileTime": "2013-02-21 19:03:47+00:00",
      "fileLength": "2197504",
      "bytesTotal": "2197504",
      "bytesTransferred": "0",
      "bytesTransferredFromPeer": "0"
    },
    "RawXml": "<Event xmlns=\"http://schemas.microsoft.com/win/2004/08/events/event\"><System><Provider Name=\"Microsoft-Windows-Bits-Client\" Guid=\"{ef1cc15b-46c1-414e-bb95-e76b077bd51e}\"></Provider>\n<EventID Qualifiers=\"\">59</EventID>\n<Version>1</Version>\n<Level>4</Level>\n<Task>0</Task>\n<Opcode>1</Opcode>\n<Keywords>0x4000000000000000</Keywords>\n<TimeCreated SystemTime=\"2014-01-25 01:38:30.946989+00:00\"></TimeCreated>\n<EventRecordID>464</EventRecordID>\n<Correlation ActivityID=\"{0bf21c0f-f4b6-4f15-8a7f-a33a8f9c9dc6}\" RelatedActivityID=\"\"></Correlation>\n<Execution ProcessID=\"888\" ThreadID=\"2952\"></Execution>\n<Channel>Microsoft-Windows-Bits-Client/Operational</Channel>\n<Computer>IACIS-HDD-2014</Computer>\n<Security UserID=\"S-1-5-18\"></Security>\n</System>\n<EventData><Data Name=\"transferId\">{0bf21c0f-f4b6-4f15-8a7f-a33a8f9c9dc6}</Data>\n<Data Name=\"name\">WU Client Download</Data>\n<Data Name=\"Id\">{0e6798ff-9792-404b-9481-4b4f110b8728}</Data>\n<Data Name=\"url\">http://au.download.windowsupdate.com/msdownload/update/software/uprl/2013/02/wu-windows6.1-kb2533623-x64_39d044f0752b83c2485c06d84001dd5b475d25bf.exe</Data>\n<Data Name=\"peer\"></Data>\n<Data Name=\"fileTime\">2013-02-21 19:03:47+00:00</Data>\n<Data Name=\"fileLength\">2197504</Data>\n<Data Name=\"bytesTotal\">2197504</Data>\n<Data Name=\"bytesTransferred\">0</Data>\n<Data Name=\"bytesTransferredFromPeer\">0</Data>\n</EventData>\n</Event>\n"
  },
  {
    "EventID": 59,
    "Timestamp": "2014-01-25 01:38:30.962587+00:00",
    "Computer": "IACIS-HDD-2014",
    "Channel": "Microsoft-Windows-Bits-Client/Operational",
    "Level": "Information",
    "EventData": {
      "transferId": "{4afae97f-43c5-4579-b2cc-07deae052c39}",
      "name": "WU Client Download",
      "Id": "{82f986d6-c2a3-4ae1-a7ec-89e3084acfa6}",
      "url": "http://au.download.windowsupdate.com/msdownload/update/software/uprl/2013/02/wu-windows6.1-kb2639308-x64_8b41e2466055bbce8a183dd8dbd9e791679bfae6.exe",
      "peer": "",
      "fileTime": "2013-02-21 19:03:50+00:00",
      "fileLength": "5186048",
      "bytesTotal": "5186048",
      "bytesTransferred": "0",
      "bytesTransferredFromPeer": "0"
    },
    "RawXml": "<Event xmlns=\"http://schemas.microsoft.com/win/2004/08/events/event\"><System><Provider Name=\"Microsoft-Windows-Bits-Client\" Guid=\"{ef1cc15b-46c1-414e-bb95-e76b077bd51e}\"></Provider>\n<EventID Qualifiers=\"\">59</EventID>\n<Version>1</Version>\n<Level>4</Level>\n<Task>0</Task>\n<Opcode>1</Opcode>\n<Keywords>0x4000000000000000</Keywords>\n<TimeCreated SystemTime=\"2014-01-25 01:38:30.962587+00:00\"></TimeCreated>\n<EventRecordID>465</EventRecordID>\n<Correlation ActivityID=\"{4afae97f-43c5-4579-b2cc-07deae052c39}\" RelatedActivityID=\"\"></Correlation>\n<Execution ProcessID=\"888\" ThreadID=\"2952\"></Execution>\n<Channel>Microsoft-Windows-Bits-Client/Operational</Channel>\n<Computer>IACIS-HDD-2014</Computer>\n<Security UserID=\"S-1-5-18\"></Security>\n</System>\n<EventData><Data Name=\"transferId\">{4afae97f-43c5-4579-b2cc-07deae052c39}</Data>\n<Data Name=\"name\">WU Client Download</Data>\n<Data Name=\"Id\">{82f986d6-c2a3-4ae1-a7ec-89e3084acfa6}</Data>\n<Data Name=\"url\">http://au.download.windowsupdate.com/msdownload/update/software/uprl/2013/02/wu-windows6.1-kb2639308-x64_8b41e2466055bbce8a183dd8dbd9e791679bfae6.exe</Data>\n<Data Name=\"peer\"></Data>\n<Data Name=\"fileTime\">2013-02-21 19:03:50+00:00</Data>\n<Data Name=\"fileLength\">5186048</Data>\n<Data Name=\"bytesTotal\">5186048</Data>\n<Data Name=\"bytesTransferred\">0</Data>\n<Data Name=\"bytesTransferredFromPeer\">0</Data>\n</EventData>\n</Event>\n"
  },
  {
    "EventID": 59,
    "Timestamp": "2014-01-25 01:38:30.978188+00:00",
    "Computer": "IACIS-HDD-2014",
    "Channel": "Microsoft-Windows-Bits-Client/Operational",
    "Level": "Information",
    "EventData": {
      "transferId": "{b330aa8b-c673-4cb2-b9b8-6a2ea273525b}",
      "name": "WU Client Download",
      "Id": "{36bdc9d6-ee40-473d-a18d-d328fe50a2e0}",
      "url": "http://au.download.windowsupdate.com/msdownload/update/software/uprl/2013/02/wu-windows6.1-kb2670838-x64_1cf6a3b0da21db47232ee6a2cec200b971744de8.exe",
      "peer": "",
      "fileTime": "2013-02-21 19:03:56+00:00",
      "fileLength": "11832832",
      "bytesTotal": "11832832",
      "bytesTransferred": "0",
      "bytesTransferredFromPeer": "0"
    },
    "RawXml": "<Event xmlns=\"http://schemas.microsoft.com/win/2004/08/events/event\"><System><Provider Name=\"Microsoft-Windows-Bits-Client\" Guid=\"{ef1cc15b-46c1-414e-bb95-e76b077bd51e}\"></Provider>\n<EventID Qualifiers=\"\">59</EventID>\n<Version>1</Version>\n<Level>4</Level>\n<Task>0</Task>\n<Opcode>1</Opcode>\n<Keywords>0x4000000000000000</Keywords>\n<TimeCreated SystemTime=\"2014-01-25 01:38:30.978188+00:00\"></TimeCreated>\n<EventRecordID>466</EventRecordID>\n<Correlation ActivityID=\"{b330aa8b-c673-4cb2-b9b8-6a2ea273525b}\" RelatedActivityID=\"\"></Correlation>\n<Execution ProcessID=\"888\" ThreadID=\"2952\"></Execution>\n<Channel>Microsoft-Windows-Bits-Client/Operational</Channel>\n<Computer>IACIS-HDD-2014</Computer>\n<Security UserID=\"S-1-5-18\"></Security>\n</System>\n<EventData><Data Name=\"transferId\">{b330aa8b-c673-4cb2-b9b8-6a2ea273525b}</Data>\n<Data Name=\"name\">WU Client Download</Data>\n<Data Name=\"Id\">{36bdc9d6-ee40-473d-a18d-d328fe50a2e0}</Data>\n<Data Name=\"url\">http://au.download.windowsupdate.com/msdownload/update/software/uprl/2013/02/wu-windows6.1-kb2670838-x64_1cf6a3b0da21db47232ee6a2cec200b971744de8.exe</Data>\n<Data Name=\"peer\"></Data>\n<Data Name=\"fileTime\">2013-02-21 19:03:56+00:00</Data>\n<Data Name=\"fileLength\">11832832</Data>\n<Data Name=\"bytesTotal\">11832832</Data>\n<Data Name=\"bytesTransferred\">0</Data>\n<Data Name=\"bytesTransferredFromPeer\">0</Data>\n</EventData>\n</Event>\n"
  },
  {
    "EventID": 59,
    "Timestamp": "2014-01-25 01:38:30.993788+00:00",
    "Computer": "IACIS-HDD-2014",
    "Channel": "Microsoft-Windows-Bits-Client/Operational",
    "Level": "Information",
    "EventData": {
      "transferId": "{bc6cfdd4-8fce-4a08-a21d-b7f91eae76d9}",
      "name": "WU Client Download",
      "Id": "{50339b3e-5cab-4ec7-afbf-94ece40610eb}",
      "url": "http://au.download.windowsupdate.com/msdownload/update/software/uprl/2013/02/wu-windows6.1-kb2729094-v2-x64_7d08944484d693e51abaf9c37ec5b54019309e22.exe",
      "peer": "",
      "fileTime": "2013-02-21 19:03:58+00:00",
      "fileLength": "1529344",
      "bytesTotal": "1529344",
      "bytesTransferred": "0",
      "bytesTransferredFromPeer": "0"
    },
    "RawXml": "<Event xmlns=\"http://schemas.microsoft.com/win/2004/08/events/event\"><System><Provider Name=\"Microsoft-Windows-Bits-Client\" Guid=\"{ef1cc15b-46c1-414e-bb95-e76b077bd51e}\"></Provider>\n<EventID Qualifiers=\"\">59</EventID>\n<Version>1</Version>\n<Level>4</Level>\n<Task>0</Task>\n<Opcode>1</Opcode>\n<Keywords>0x4000000000000000</Keywords>\n<TimeCreated SystemTime=\"2014-01-25 01:38:30.993788+00:00\"></TimeCreated>\n<EventRecordID>467</EventRecordID>\n<Correlation ActivityID=\"{bc6cfdd4-8fce-4a08-a21d-b7f91eae76d9}\" RelatedActivityID=\"\"></Correlation>\n<Execution ProcessID=\"888\" ThreadID=\"2952\"></Execution>\n<Channel>Microsoft-Windows-Bits-Client/Operational</Channel>\n<Computer>IACIS-HDD-2014</Computer>\n<Security UserID=\"S-1-5-18\"></Security>\n</System>\n<EventData><Data Name=\"transferId\">{bc6cfdd4-8fce-4a08-a21d-b7f91eae76d9}</Data>\n<Data Name=\"name\">WU Client Download</Data>\n<Data Name=\"Id\">{50339b3e-5cab-4ec7-afbf-94ece40610eb}</Data>\n<Data Name=\"url\">http://au.download.windowsupdate.com/msdownload/update/software/uprl/2013/02/wu-windows6.1-kb2729094-v2-x64_7d08944484d693e51abaf9c37ec5b54019309e22.exe</Data>\n<Data Name=\"peer\"></Data>\n<Data Name=\"fileTime\">2013-02-21 19:03:58+00:00</Data>\n<Data Name=\"fileLength\">1529344</Data>\n<Data Name=\"bytesTotal\">1529344</Data>\n<Data Name=\"bytesTransferred\">0</Data>\n<Data Name=\"bytesTransferredFromPeer\">0</Data>\n</EventData>\n</Event>\n"
  },
  {
    "EventID": 59,
    "Timestamp": "2014-01-25 01:38:31.009388+00:00",
    "Computer": "IACIS-HDD-2014",
    "Channel": "Microsoft-Windows-Bits-Client/Operational",
    "Level": "Information",
    "EventData": {
      "transferId": "{16b77e5a-d80f-498d-b96b-966059458c31}",
      "name": "WU Client Download",
      "Id": "{c905ca70-81ad-4ea6-889a-fb226721c5e2}",
      "url": "http://au.download.windowsupdate.com/msdownload/update/software/uprl/2013/02/wu-windows6.1-kb2731771-x64_6d680862079530b62cca86a7ea6f6768b482f6da.exe",
      "peer": "",
      "fileTime": "2013-02-21 19:04:01+00:00",
      "fileLength": "6547480",
      "bytesTotal": "6547480",
      "bytesTransferred": "0",
      "bytesTransferredFromPeer": "0"
    },
    "RawXml": "<Event xmlns=\"http://schemas.microsoft.com/win/2004/08/events/event\"><System><Provider Name=\"Microsoft-Windows-Bits-Client\" Guid=\"{ef1cc15b-46c1-414e-bb95-e76b077bd51e}\"></Provider>\n<EventID Qualifiers=\"\">59</EventID>\n<Version>1</Version>\n<Level>4</Level>\n<Task>0</Task>\n<Opcode>1</Opcode>\n<Keywords>0x4000000000000000</Keywords>\n<TimeCreated SystemTime=\"2014-01-25 01:38:31.009388+00:00\"></TimeCreated>\n<EventRecordID>468</EventRecordID>\n<Correlation ActivityID=\"{16b77e5a-d80f-498d-b96b-966059458c31}\" RelatedActivityID=\"\"></Correlation>\n<Execution ProcessID=\"888\" ThreadID=\"2952\"></Execution>\n<Channel>Microsoft-Windows-Bits-Client/Operational</Channel>\n<Computer>IACIS-HDD-2014</Computer>\n<Security UserID=\"S-1-5-18\"></Security>\n</System>\n<EventData><Data Name=\"transferId\">{16b77e5a-d80f-498d-b96b-966059458c31}</Data>\n<Data Name=\"name\">WU Client Download</Data>\n<Data Name=\"Id\">{c905ca70-81ad-4ea6-889a-fb226721c5e2}</Data>\n<Data Name=\"url\">http://au.download.windowsupdate.com/msdownload/update/software/uprl/2013/02/wu-windows6.1-kb2731771-x64_6d680862079530b62cca86a7ea6f6768b482f6da.exe</Data>\n<Data Name=\"peer\"></Data>\n<Data Name=\"fileTime\">2013-02-21 19:04:01+00:00</Data>\n<Data Name=\"fileLength\">6547480</Data>\n<Data Name=\"bytesTotal\">6547480</Data>\n<Data Name=\"bytesTransferred\">0</Data>\n<Data Name=\"bytesTransferredFromPeer\">0</Data>\n</EventData>\n</Event>\n"
  },
  {
    "EventID": 59,
    "Timestamp": "2014-01-25 01:38:31.024988+00:00",
    "Computer": "IACIS-HDD-2014",
    "Channel": "Microsoft-Windows-Bits-Client/Operational",
    "Level": "Information",
    "EventData": {
      "transferId": "{22cace96-d980-449f-a291-adf4776494c9}",
      "name": "WU Client Download",
      "Id": "{a657db34-3681-4e0a-b956-72f065fa3f54}",
      "url": "http://au.download.windowsupdate.com/msdownload/update/software/uprl/2013/02/wu-windows6.1-kb2786081-x64_079abbb33fe6e49e5a68571e4fdcc1bac18f1e18.exe",
      "peer": "",
      "fileTime": "2013-02-21 19:04:02+00:00",
      "fileLength": "98816",
      "bytesTotal": "98816",
      "bytesTransferred": "0",
      "bytesTransferredFromPeer": "0"
    },
    "RawXml": "<Event xmlns=\"http://schemas.microsoft.com/win/2004/08/events/event\"><System><Provider Name=\"Microsoft-Windows-Bits-Client\" Guid=\"{ef1cc15b-46c1-414e-bb95-e76b077bd51e}\"></Provider>\n<EventID Qualifiers=\"\">59</EventID>\n<Version>1</Version>\n<Level>4</Level>\n<Task>0</Task>\n<Opcode>1</Opcode>\n<Keywords>0x4000000000000000</Keywords>\n<TimeCreated SystemTime=\"2014-01-25 01:38:31.024988+00:00\"></TimeCreated>\n<EventRecordID>469</EventRecordID>\n<Correlation ActivityID=\"{22cace96-d980-449f-a291-adf4776494c9}\" RelatedActivityID=\"\"></Correlation>\n<Execution ProcessID=\"888\" ThreadID=\"2952\"></Execution>\n<Channel>Microsoft-Windows-Bits-Client/Operational</Channel>\n<Computer>IACIS-HDD-2014</Computer>\n<Security UserID=\"S-1-5-18\"></Security>\n</System>\n<EventData><Data Name=\"transferId\">{22cace96-d980-449f-a291-adf4776494c9}</Data>\n<Data Name=\"name\">WU Client Download</Data>\n<Data Name=\"Id\">{a657db34-3681-4e0a-b956-72f065fa3f54}</Data>\n<Data Name=\"url\">http://au.download.windowsupdate.com/msdownload/update/software/uprl/2013/02/wu-windows6.1-kb2786081-x64_079abbb33fe6e49e5a68571e4fdcc1bac18f1e18.exe</Data>\n<Data Name=\"peer\"></Data>\n<Data Name=\"fileTime\">2013-02-21 19:04:02+00:00</Data>\n<Data Name=\"fileLength\">98816</Data>\n<Data Name=\"bytesTotal\">98816</Data>\n<Data Name=\"bytesTransferred\">0</Data>\n<Data Name=\"bytesTransferredFromPeer\">0</Data>\n</EventData>\n</Event>\n"
  },
  {
    "EventID": 59,
    "Timestamp": "2014-01-25 01:38:31.040588+00:00",
    "Computer": "IACIS-HDD-2014",
    "Channel": "Microsoft-Windows-Bits-Client/Operational",
    "Level": "Information",
    "EventData": {
      "transferId": "{7f4af5ae-dbdd-4a9d-b759-534f59adfd23}",
      "name": "WU Client Download",
      "Id": "{ca11e290-f45e-463a-865d-3ec6cad0afef}",
      "url": "http://au.download.windowsupdate.com/msdownload/update/software/uprl/2013/02/wu-windows6.1-kb2764916-en_f9a7217920cca209fc09466c889df6d2a9de05d9.exe",
      "peer": "",
      "fileTime": "2013-02-21 19:05:07+00:00",
      "fileLength": "866320",
      "bytesTotal": "866320",
      "bytesTransferred": "0",
      "bytesTransferredFromPeer": "0"
    },
    "RawXml": "<Event xmlns=\"http://schemas.microsoft.com/win/2004/08/events/event\"><System><Provider Name=\"Microsoft-Windows-Bits-Client\" Guid=\"{ef1cc15b-46c1-414e-bb95-e76b077bd51e}\"></Provider>\n<EventID Qualifiers=\"\">59</EventID>\n<Version>1</Version>\n<Level>4</Level>\n<Task>0</Task>\n<Opcode>1</Opcode>\n<Keywords>0x4000000000000000</Keywords>\n<TimeCreated SystemTime=\"2014-01-25 01:38:31.040588+00:00\"></TimeCreated>\n<EventRecordID>470</EventRecordID>\n<Correlation ActivityID=\"{7f4af5ae-dbdd-4a9d-b759-534f59adfd23}\" RelatedActivityID=\"\"></Correlation>\n<Execution ProcessID=\"888\" ThreadID=\"2952\"></Execution>\n<Channel>Microsoft-Windows-Bits-Client/Operational</Channel>\n<Computer>IACIS-HDD-2014</Computer>\n<Security UserID=\"S-1-5-18\"></Security>\n</System>\n<EventData><Data Name=\"transferId\">{7f4af5ae-dbdd-4a9d-b759-534f59adfd23}</Data>\n<Data Name=\"name\">WU Client Download</Data>\n<Data Name=\"Id\">{ca11e290-f45e-463a-865d-3ec6cad0afef}</Data>\n<Data Name=\"url\">http://au.download.windowsupdate.com/msdownload/update/software/uprl/2013/02/wu-windows6.1-kb2764916-en_f9a7217920cca209fc09466c889df6d2a9de05d9.exe</Data>\n<Data Name=\"peer\"></Data>\n<Data Name=\"fileTime\">2013-02-21 19:05:07+00:00</Data>\n<Data Name=\"fileLength\">866320</Data>\n<Data Name=\"bytesTotal\">866320</Data>\n<Data Name=\"bytesTransferred\">0</Data>\n<Data Name=\"bytesTransferredFromPeer\">0</Data>\n</EventData>\n</Event>\n"
  },
  {
    "EventID": 59,
    "Timestamp": "2014-01-25 01:38:31.056189+00:00",
    "Computer": "IACIS-HDD-2014",
    "Channel": "Microsoft-Windows-Bits-Client/Operational",
    "Level": "Information",
    "EventData": {
      "transferId": "{794cb841-0d18-4413-a623-7db7767c64e1}",
      "name": "WU Client Download",
      "Id": "{d95559d5-44d2-4560-bae5-4cad2a7ef3ae}",
      "url": "http://au.download.windowsupdate.com/msdownload/update/software/uprl/2013/02/wu-windows6.1-kb2764913-en_0d58b985bb2a96a98433f808c63da5f339fdf6e9.exe",
      "peer": "",
      "fileTime": "2013-02-21 19:05:31+00:00",
      "fileLength": "314880",
      "bytesTotal": "314880",
      "bytesTransferred": "0",
      "bytesTransferredFromPeer": "0"
    },
    "RawXml": "<Event xmlns=\"http://schemas.microsoft.com/win/2004/08/events/event\"><System><Provider Name=\"Microsoft-Windows-Bits-Client\" Guid=\"{ef1cc15b-46c1-414e-bb95-e76b077bd51e}\"></Provider>\n<EventID Qualifiers=\"\">59</EventID>\n<Version>1</Version>\n<Level>4</Level>\n<Task>0</Task>\n<Opcode>1</Opcode>\n<Keywords>0x4000000000000000</Keywords>\n<TimeCreated SystemTime=\"2014-01-25 01:38:31.056189+00:00\"></TimeCreated>\n<EventRecordID>471</EventRecordID>\n<Correlation ActivityID=\"{794cb841-0d18-4413-a623-7db7767c64e1}\" RelatedActivityID=\"\"></Correlation>\n<Execution ProcessID=\"888\" ThreadID=\"2952\"></Execution>\n<Channel>Microsoft-Windows-Bits-Client/Operational</Channel>\n<Computer>IACIS-HDD-2014</Computer>\n<Security UserID=\"S-1-5-18\"></Security>\n</System>\n<EventData><Data Name=\"transferId\">{794cb841-0d18-4413-a623-7db7767c64e1}</Data>\n<Data Name=\"name\">WU Client Download</Data>\n<Data Name=\"Id\">{d95559d5-44d2-4560-bae5-4cad2a7ef3ae}</Data>\n<Data Name=\"url\">http://au.download.windowsupdate.com/msdownload/update/software/uprl/2013/02/wu-windows6.1-kb2764913-en_0d58b985bb2a96a98433f808c63da5f339fdf6e9.exe</Data>\n<Data Name=\"peer\"></Data>\n<Data Name=\"fileTime\">2013-02-21 19:05:31+00:00</Data>\n<Data Name=\"fileLength\">314880</Data>\n<Data Name=\"bytesTotal\">314880</Data>\n<Data Name=\"bytesTransferred\">0</Data>\n<Data Name=\"bytesTransferredFromPeer\">0</Data>\n</EventData>\n</Event>\n"
  },
  {
    "EventID": 59,
    "Timestamp": "2014-01-25 01:38:31.071789+00:00",
    "Computer": "IACIS-HDD-2014",
    "Channel": "Microsoft-Windows-Bits-Client/Operational",
    "Level": "Information",
    "EventData": {
      "transferId": "{99d21dde-311d-4eea-882f-00813ed5cee5}",
      "name": "WU Client Download",
      "Id": "{cee8f520-531b-41b6-b812-974d64a41ae3}",
      "url": "http://au.download.windowsupdate.com/msdownload/update/software/uprl/2013/02/wu-ie10-windows7-x64_904bd98e3b4a99fc29acddeeb38a945232078d6f.exe",
      "peer": "",
      "fileTime": "2013-02-21 19:06:05+00:00",
      "fileLength": "55707664",
      "bytesTotal": "55707664",
      "bytesTransferred": "0",
      "bytesTransferredFromPeer": "0"
    },
    "RawXml": "<Event xmlns=\"http://schemas.microsoft.com/win/2004/08/events/event\"><System><Provider Name=\"Microsoft-Windows-Bits-Client\" Guid=\"{ef1cc15b-46c1-414e-bb95-e76b077bd51e}\"></Provider>\n<EventID Qualifiers=\"\">59</EventID>\n<Version>1</Version>\n<Level>4</Level>\n<Task>0</Task>\n<Opcode>1</Opcode>\n<Keywords>0x4000000000000000</Keywords>\n<TimeCreated SystemTime=\"2014-01-25 01:38:31.071789+00:00\"></TimeCreated>\n<EventRecordID>472</EventRecordID>\n<Correlation ActivityID=\"{99d21dde-311d-4eea-882f-00813ed5cee5}\" RelatedActivityID=\"\"></Correlation>\n<Execution ProcessID=\"888\" ThreadID=\"2952\"></Execution>\n<Channel>Microsoft-Windows-Bits-Client/Operational</Channel>\n<Computer>IACIS-HDD-2014</Computer>\n<Security UserID=\"S-1-5-18\"></Security>\n</System>\n<EventData><Data Name=\"transferId\">{99d21dde-311d-4eea-882f-00813ed5cee5}</Data>\n<Data Name=\"name\">WU Client Download</Data>\n<Data Name=\"Id\">{cee8f520-531b-41b6-b812-974d64a41ae3}</Data>\n<Data Name=\"url\">http://au.download.windowsupdate.com/msdownload/update/software/uprl/2013/02/wu-ie10-windows7-x64_904bd98e3b4a99fc29acddeeb38a945232078d6f.exe</Data>\n<Data Name=\"peer\"></Data>\n<Data Name=\"fileTime\">2013-02-21 19:06:05+00:00</Data>\n<Data Name=\"fileLength\">55707664</Data>\n<Data Name=\"bytesTotal\">55707664</Data>\n<Data Name=\"bytesTransferred\">0</Data>\n<Data Name=\"bytesTransferredFromPeer\">0</Data>\n</EventData>\n</Event>\n"
  },
  {
    "EventID": 59,
    "Timestamp": "2014-01-25 01:38:31.087389+00:00",
    "Computer": "IACIS-HDD-2014",
    "Channel": "Microsoft-Windows-Bits-Client/Operational",
    "Level": "Information",
    "EventData": {
      "transferId": "{0e6269cc-856f-419e-8b53-09250acef838}",
      "name": "WU Client Download",
      "Id": "{685e18da-386a-4bf8-a1d4-43495b2f38ad}",
      "url": "http://au.download.windowsupdate.com/msdownload/update/software/secu/2012/04/windows6.1-kb2690533-x64-express_e198a2b35ac8a9202ac004bcb58af37f639db042.cab",
      "peer": "",
      "fileTime": "2012-04-17 19:55:33+00:00",
      "fileLength": "38561",
      "bytesTotal": "38561",
      "bytesTransferred": "0",
      "bytesTransferredFromPeer": "0"
    },
    "RawXml": "<Event xmlns=\"http://schemas.microsoft.com/win/2004/08/events/event\"><System><Provider Name=\"Microsoft-Windows-Bits-Client\" Guid=\"{ef1cc15b-46c1-414e-bb95-e76b077bd51e}\"></Provider>\n<EventID Qualifiers=\"\">59</EventID>\n<Version>1</Version>\n<Level>4</Level>\n<Task>0</Task>\n<Opcode>1</Opcode>\n<Keywords>0x4000000000000000</Keywords>\n<TimeCreated SystemTime=\"2014-01-25 01:38:31.087389+00:00\"></TimeCreated>\n<EventRecordID>473</EventRecordID>\n<Correlation ActivityID=\"{0e6269cc-856f-419e-8b53-09250acef838}\" RelatedActivityID=\"\"></Correlation>\n<Execution ProcessID=\"888\" ThreadID=\"2952\"></Execution>\n<Channel>Microsoft-Windows-Bits-Client/Operational</Channel>\n<Computer>IACIS-HDD-2014</Computer>\n<Security UserID=\"S-1-5-18\"></Security>\n</System>\n<EventData><Data Name=\"transferId\">{0e6269cc-856f-419e-8b53-09250acef838}</Data>\n<Data Name=\"name\">WU Client Download</Data>\n<Data Name=\"Id\">{685e18da-386a-4bf8-a1d4-43495b2f38ad}</Data>\n<Data Name=\"url\">http://au.download.windowsupdate.com/msdownload/update/software/secu/2012/04/windows6.1-kb2690533-x64-express_e198a2b35ac8a9202ac004bcb58af37f639db042.cab</Data>\n<Data Name=\"peer\"></Data>\n<Data Name=\"fileTime\">2012-04-17 19:55:33+00:00</Data>\n<Data Name=\"fileLength\">38561</Data>\n<Data Name=\"bytesTotal\">38561</Data>\n<Data Name=\"bytesTransferred\">0</Data>\n<Data Name=\"bytesTransferredFromPeer\">0</Data>\n</EventData>\n</Event>\n"
  },
  {
    "EventID": 59,
    "Timestamp": "2014-01-25 01:38:31.102987+00:00",
    "Computer": "IACIS-HDD-2014",
    "Channel": "Microsoft-Windows-Bits-Client/Operational",
    "Level": "Information",
    "EventData": {
      "transferId": "{56522b7b-a82d-482b-a6e1-b3f1ba30f845}",
      "name": "WU Client Download",
      "Id": "{24ffd075-3e81-4ee4-b50b-4a9230865c4e}",
      "url": "http://au.download.windowsupdate.com/msdownload/update/software/secu/2013/12/windows6.1-kb2913602-x64-express_34d8079acb2a9e3bc148f6625376df8dc16f1732.cab",
      "peer": "",
      "fileTime": "2013-12-19 18:57:39+00:00",
      "fileLength": "46173",
      "bytesTotal": "46173",
      "bytesTransferred": "0",
      "bytesTransferredFromPeer": "0"
    },
    "RawXml": "<Event xmlns=\"http://schemas.microsoft.com/win/2004/08/events/event\"><System><Provider Name=\"Microsoft-Windows-Bits-Client\" Guid=\"{ef1cc15b-46c1-414e-bb95-e76b077bd51e}\"></Provider>\n<EventID Qualifiers=\"\">59</EventID>\n<Version>1</Version>\n<Level>4</Level>\n<Task>0</Task>\n<Opcode>1</Opcode>\n<Keywords>0x4000000000000000</Keywords>\n<TimeCreated SystemTime=\"2014-01-25 01:38:31.102987+00:00\"></TimeCreated>\n<EventRecordID>474</EventRecordID>\n<Correlation ActivityID=\"{56522b7b-a82d-482b-a6e1-b3f1ba30f845}\" RelatedActivityID=\"\"></Correlation>\n<Execution ProcessID=\"888\" ThreadID=\"2952\"></Execution>\n<Channel>Microsoft-Windows-Bits-Client/Operational</Channel>\n<Computer>IACIS-HDD-2014</Computer>\n<Security UserID=\"S-1-5-18\"></Security>\n</System>\n<EventData><Data Name=\"transferId\">{56522b7b-a82d-482b-a6e1-b3f1ba30f845}</Data>\n<Data Name=\"name\">WU Client Download</Data>\n<Data Name=\"Id\">{24ffd075-3e81-4ee4-b50b-4a9230865c4e}</Data>\n<Data Name=\"url\">http://au.download.windowsupdate.com/msdownload/update/software/secu/2013/12/windows6.1-kb2913602-x64-express_34d8079acb2a9e3bc148f6625376df8dc16f1732.cab</Data>\n<Data Name=\"peer\"></Data>\n<Data Name=\"fileTime\">2013-12-19 18:57:39+00:00</Data>\n<Data Name=\"fileLength\">46173</Data>\n<Data Name=\"bytesTotal\">46173</Data>\n<Data Name=\"bytesTransferred\">0</Data>\n<Data Name=\"bytesTransferredFromPeer\">0</Data>\n</EventData>\n</Event>\n"
  },
  {
    "EventID": 59,
    "Timestamp": "2014-01-25 01:38:31.118587+00:00",
    "Computer": "IACIS-HDD-2014",
    "Channel": "Microsoft-Windows-Bits-Client/Operational",
    "Level": "Information",
    "EventData": {
      "transferId": "{e9d5474f-1ce3-4f40-b700-3f4d61a45f28}",
      "name": "WU Client Download",
      "Id": "{c8e99538-1418-43e4-b06b-b4385c9d7cbf}",
      "url": "http://au.download.windowsupdate.com/msdownload/update/software/secu/2012/12/windows6.1-kb2742599-x64-express_2ca703120a0e0c1314855857d8a9975747905124.cab",
      "peer": "",
      "fileTime": "2012-12-10 17:40:05+00:00",
      "fileLength": "502639",
      "bytesTotal": "502639",
      "bytesTransferred": "0",
      "bytesTransferredFromPeer": "0"
    },
    "RawXml": "<Event xmlns=\"http://schemas.microsoft.com/win/2004/08/events/event\"><System><Provider Name=\"Microsoft-Windows-Bits-Client\" Guid=\"{ef1cc15b-46c1-414e-bb95-e76b077bd51e}\"></Provider>\n<EventID Qualifiers=\"\">59</EventID>\n<Version>1</Version>\n<Level>4</Level>\n<Task>0</Task>\n<Opcode>1</Opcode>\n<Keywords>0x4000000000000000</Keywords>\n<TimeCreated SystemTime=\"2014-01-25 01:38:31.118587+00:00\"></TimeCreated>\n<EventRecordID>475</EventRecordID>\n<Correlation ActivityID=\"{e9d5474f-1ce3-4f40-b700-3f4d61a45f28}\" RelatedActivityID=\"\"></Correlation>\n<Execution ProcessID=\"888\" ThreadID=\"2952\"></Execution>\n<Channel>Microsoft-Windows-Bits-Client/Operational</Channel>\n<Computer>IACIS-HDD-2014</Computer>\n<Security UserID=\"S-1-5-18\"></Security>\n</System>\n<EventData><Data Name=\"transferId\">{e9d5474f-1ce3-4f40-b700-3f4d61a45f28}</Data>\n<Data Name=\"name\">WU Client Download</Data>\n<Data Name=\"Id\">{c8e99538-1418-43e4-b06b-b4385c9d7cbf}</Data>\n<Data Name=\"url\">http://au.download.windowsupdate.com/msdownload/update/software/secu/2012/12/windows6.1-kb2742599-x64-express_2ca703120a0e0c1314855857d8a9975747905124.cab</Data>\n<Data Name=\"peer\"></Data>\n<Data Name=\"fileTime\">2012-12-10 17:40:05+00:00</Data>\n<Data Name=\"fileLength\">502639</Data>\n<Data Name=\"bytesTotal\">502639</Data>\n<Data Name=\"bytesTransferred\">0</Data>\n<Data Name=\"bytesTransferredFromPeer\">0</Data>\n</EventData>\n</Event>\n"
  },
  {
    "EventID": 59,
    "Timestamp": "2014-01-25 01:38:31.134188+00:00",
    "Computer": "IACIS-HDD-2014",
    "Channel": "Microsoft-Windows-Bits-Client/Operational",
    "Level": "Information",
    "EventData": {
      "transferId": "{6ddd7d44-1cca-4991-8c52-e212e62afa28}",
      "name": "WU Client Download",
      "Id": "{fd8d2623-bdbd-4683-8974-149d68888ba0}",
      "url": "http://au.download.windowsupdate.com/msdownload/update/software/secu/2012/10/windows6.1-kb2729452-x64-express_a8e41cd5ee6755b10bdea2e6e31105847f46f290.cab",
      "peer": "",
      "fileTime": "2012-10-23 20:12:36+00:00",
      "fileLength": "335389",
      "bytesTotal": "335389",
      "bytesTransferred": "0",
      "bytesTransferredFromPeer": "0"
    },
    "RawXml": "<Event xmlns=\"http://schemas.microsoft.com/win/2004/08/events/event\"><System><Provider Name=\"Microsoft-Windows-Bits-Client\" Guid=\"{ef1cc15b-46c1-414e-bb95-e76b077bd51e}\"></Provider>\n<EventID Qualifiers=\"\">59</EventID>\n<Version>1</Version>\n<Level>4</Level>\n<Task>0</Task>\n<Opcode>1</Opcode>\n<Keywords>0x4000000000000000</Keywords>\n<TimeCreated SystemTime=\"2014-01-25 01:38:31.134188+00:00\"></TimeCreated>\n<EventRecordID>476</EventRecordID>\n<Correlation ActivityID=\"{6ddd7d44-1cca-4991-8c52-e212e62afa28}\" RelatedActivityID=\"\"></Correlation>\n<Execution ProcessID=\"888\" ThreadID=\"2952\"></Execution>\n<Channel>Microsoft-Windows-Bits-Client/Operational</Channel>\n<Computer>IACIS-HDD-2014</Computer>\n<Security UserID=\"S-1-5-18\"></Security>\n</System>\n<EventData><Data Name=\"transferId\">{6ddd7d44-1cca-4991-8c52-e212e62afa28}</Data>\n<Data Name=\"name\">WU Client Download</Data>\n<Data Name=\"Id\">{fd8d2623-bdbd-4683-8974-149d68888ba0}</Data>\n<Data Name=\"url\">http://au.download.windowsupdate.com/msdownload/update/software/secu/2012/10/windows6.1-kb2729452-x64-express_a8e41cd5ee6755b10bdea2e6e31105847f46f290.cab</Data>\n<Data Name=\"peer\"></Data>\n<Data Name=\"fileTime\">2012-10-23 20:12:36+00:00</Data>\n<Data Name=\"fileLength\">335389</Data>\n<Data Name=\"bytesTotal\">335389</Data>\n<Data Name=\"bytesTransferred\">0</Data>\n<Data Name=\"bytesTransferredFromPeer\">0</Data>\n</EventData>\n</Event>\n"
  },
  {
    "EventID": 59,
    "Timestamp": "2014-01-25 01:38:31.149788+00:00",
    "Computer": "IACIS-HDD-2014",
    "Channel": "Microsoft-Windows-Bits-Client/Operational",
    "Level": "Information",
    "EventData": {
      "transferId": "{f7f5ab86-9155-4065-893a-761d548f2c24}",
      "name": "WU Client Download",
      "Id": "{63b4dd59-fe8e-4744-9733-5ec79b67bdcd}",
      "url": "http://au.download.windowsupdate.com/msdownload/update/software/secu/2012/05/windows6.1-kb2685939-x64-express_bc79ee966d2fadea3c168c3beaacc2dced398cc2.cab",
      "peer": "",
      "fileTime": "2012-05-31 04:15:24+00:00",
      "fileLength": "52041",
      "bytesTotal": "52041",
      "bytesTransferred": "0",
      "bytesTransferredFromPeer": "0"
    },
    "RawXml": "<Event xmlns=\"http://schemas.microsoft.com/win/2004/08/events/event\"><System><Provider Name=\"Microsoft-Windows-Bits-Client\" Guid=\"{ef1cc15b-46c1-414e-bb95-e76b077bd51e}\"></Provider>\n<EventID Qualifiers=\"\">59</EventID>\n<Version>1</Version>\n<Level>4</Level>\n<Task>0</Task>\n<Opcode>1</Opcode>\n<Keywords>0x4000000000000000</Keywords>\n<TimeCreated SystemTime=\"2014-01-25 01:38:31.149788+00:00\"></TimeCreated>\n<EventRecordID>477</EventRecordID>\n<Correlation ActivityID=\"{f7f5ab86-9155-4065-893a-761d548f2c24}\" RelatedActivityID=\"\"></Correlation>\n<Execution ProcessID=\"888\" ThreadID=\"2952\"></Execution>\n<Channel>Microsoft-Windows-Bits-Client/Operational</Channel>\n<Computer>IACIS-HDD-2014</Computer>\n<Security UserID=\"S-1-5-18\"></Security>\n</System>\n<EventData><Data Name=\"transferId\">{f7f5ab86-9155-4065-893a-761d548f2c24}</Data>\n<Data Name=\"name\">WU Client Download</Data>\n<Data Name=\"Id\">{63b4dd59-fe8e-4744-9733-5ec79b67bdcd}</Data>\n<Data Name=\"url\">http://au.download.windowsupdate.com/msdownload/update/software/secu/2012/05/windows6.1-kb2685939-x64-express_bc79ee966d2fadea3c168c3beaacc2dced398cc2.cab</Data>\n<Data Name=\"peer\"></Data>\n<Data Name=\"fileTime\">2012-05-31 04:15:24+00:00</Data>\n<Data Name=\"fileLength\">52041</Data>\n<Data Name=\"bytesTotal\">52041</Data>\n<Data Name=\"bytesTransferred\">0</Data>\n<Data Name=\"bytesTransferredFromPeer\">0</Data>\n</EventData>\n</Event>\n"
  },
  {
    "EventID": 59,
    "Timestamp": "2014-01-25 01:38:31.165388+00:00",
    "Computer": "IACIS-HDD-2014",
    "Channel": "Microsoft-Windows-Bits-Client/Operational",
    "Level": "Information",
    "EventData": {
      "transferId": "{5b56da68-b201-4ef7-949c-a312a017bda4}",
      "name": "WU Client Download",
      "Id": "{fd732868-2afa-4dda-b5ae-1aa64cbc310a}",
      "url": "http://au.download.windowsupdate.com/msdownload/update/software/secu/2011/09/windows6.1-kb2579686-x64-express_41261723f35d2b6286e51c8e9bfc3bec3c34f414.cab",
      "peer": "",
      "fileTime": "2011-09-16 20:06:57+00:00",
      "fileLength": "73493",
      "bytesTotal": "73493",
      "bytesTransferred": "0",
      "bytesTransferredFromPeer": "0"
    },
    "RawXml": "<Event xmlns=\"http://schemas.microsoft.com/win/2004/08/events/event\"><System><Provider Name=\"Microsoft-Windows-Bits-Client\" Guid=\"{ef1cc15b-46c1-414e-bb95-e76b077bd51e}\"></Provider>\n<EventID Qualifiers=\"\">59</EventID>\n<Version>1</Version>\n<Level>4</Level>\n<Task>0</Task>\n<Opcode>1</Opcode>\n<Keywords>0x4000000000000000</Keywords>\n<TimeCreated SystemTime=\"2014-01-25 01:38:31.165388+00:00\"></TimeCreated>\n<EventRecordID>478</EventRecordID>\n<Correlation ActivityID=\"{5b56da68-b201-4ef7-949c-a312a017bda4}\" RelatedActivityID=\"\"></Correlation>\n<Execution ProcessID=\"888\" ThreadID=\"2952\"></Execution>\n<Channel>Microsoft-Windows-Bits-Client/Operational</Channel>\n<Computer>IACIS-HDD-2014</Computer>\n<Security UserID=\"S-1-5-18\"></Security>\n</System>\n<EventData><Data Name=\"transferId\">{5b56da68-b201-4ef7-949c-a312a017bda4}</Data>\n<Data Name=\"name\">WU Client Download</Data>\n<Data Name=\"Id\">{fd732868-2afa-4dda-b5ae-1aa64cbc310a}</Data>\n<Data Name=\"url\">http://au.download.windowsupdate.com/msdownload/update/software/secu/2011/09/windows6.1-kb2579686-x64-express_41261723f35d2b6286e51c8e9bfc3bec3c34f414.cab</Data>\n<Data Name=\"peer\"></Data>\n<Data Name=\"fileTime\">2011-09-16 20:06:57+00:00</Data>\n<Data Name=\"fileLength\">73493</Data>\n<Data Name=\"bytesTotal\">73493</Data>\n<Data Name=\"bytesTransferred\">0</Data>\n<Data Name=\"bytesTransferredFromPeer\">0</Data>\n</EventData>\n</Event>\n"
  },
  {
    "EventID": 59,
    "Timestamp": "2014-01-25 01:38:31.180988+00:00",
    "Computer": "IACIS-HDD-2014",
    "Channel": "Microsoft-Windows-Bits-Client/Operational",
    "Level": "Information",
    "EventData": {
      "transferId": "{f0f8f263-01f6-4cbe-9268-a6194fc955ab}",
      "name": "WU Client Download",
      "Id": "{f4133384-8e6c-4081-b68c-9d4dbced53b1}",
      "url": "http://au.download.windowsupdate.com/msdownload/update/software/secu/2013/07/windows6.1-kb2861855-x64-express_5c3d525bd0ff43d14d3d2bbfd75e890116ebd5f3.cab",
      "peer": "",
      "fileTime": "2013-07-24 00:57:42+00:00",
      "fileLength": "43855",
      "bytesTotal": "43855",
      "bytesTransferred": "0",
      "bytesTransferredFromPeer": "0"
    },
    "RawXml": "<Event xmlns=\"http://schemas.microsoft.com/win/2004/08/events/event\"><System><Provider Name=\"Microsoft-Windows-Bits-Client\" Guid=\"{ef1cc15b-46c1-414e-bb95-e76b077bd51e}\"></Provider>\n<EventID Qualifiers=\"\">59</EventID>\n<Version>1</Version>\n<Level>4</Level>\n<Task>0</Task>\n<Opcode>1</Opcode>\n<Keywords>0x4000000000000000</Keywords>\n<TimeCreated SystemTime=\"2014-01-25 01:38:31.180988+00:00\"></TimeCreated>\n<EventRecordID>479</EventRecordID>\n<Correlation ActivityID=\"{f0f8f263-01f6-4cbe-9268-a6194fc955ab}\" RelatedActivityID=\"\"></Correlation>\n<Execution ProcessID=\"888\" ThreadID=\"2952\"></Execution>\n<Channel>Microsoft-Windows-Bits-Client/Operational</Channel>\n<Computer>IACIS-HDD-2014</Computer>\n<Security UserID=\"S-1-5-18\"></Security>\n</System>\n<EventData><Data Name=\"transferId\">{f0f8f263-01f6-4cbe-9268-a6194fc955ab}</Data>\n<Data Name=\"name\">WU Client Download</Data>\n<Data Name=\"Id\">{f4133384-8e6c-4081-b68c-9d4dbced53b1}</Data>\n<Data Name=\"url\">http://au.download.windowsupdate.com/msdownload/update/software/secu/2013/07/windows6.1-kb2861855-x64-express_5c3d525bd0ff43d14d3d2bbfd75e890116ebd5f3.cab</Data>\n<Data Name=\"peer\"></Data>\n<Data Name=\"fileTime\">2013-07-24 00:57:42+00:00</Data>\n<Data Name=\"fileLength\">43855</Data>\n<Data Name=\"bytesTotal\">43855</Data>\n<Data Name=\"bytesTransferred\">0</Data>\n<Data Name=\"bytesTransferredFromPeer\">0</Data>\n</EventData>\n</Event>\n"
  },
  {
    "EventID": 59,
    "Timestamp": "2014-01-25 01:38:31.196589+00:00",
    "Computer": "IACIS-HDD-2014",
    "Channel": "Microsoft-Windows-Bits-Client/Operational",
    "Level": "Information",
    "EventData": {
      "transferId": "{7cf682f1-89a8-4dbe-9ff9-7e877df9f61c}",
      "name": "WU Client Download",
      "Id": "{c3941647-0ef2-4a00-ab16-2d71cc34c85d}",
      "url": "http://au.download.windowsupdate.com/msdownload/update/software/secu/2011/05/windows6.1-kb2536275-x64-express_266b7dbbfaff00cd9171b3da6438fd2e2018e7f4.cab",
      "peer": "",
      "fileTime": "2011-05-25 03:09:29+00:00",
      "fileLength": "44115",
      "bytesTotal": "44115",
      "bytesTransferred": "0",
      "bytesTransferredFromPeer": "0"
    },
    "RawXml": "<Event xmlns=\"http://schemas.microsoft.com/win/2004/08/events/event\"><System><Provider Name=\"Microsoft-Windows-Bits-Client\" Guid=\"{ef1cc15b-46c1-414e-bb95-e76b077bd51e}\"></Provider>\n<EventID Qualifiers=\"\">59</EventID>\n<Version>1</Version>\n<Level>4</Level>\n<Task>0</Task>\n<Opcode>1</Opcode>\n<Keywords>0x4000000000000000</Keywords>\n<TimeCreated SystemTime=\"2014-01-25 01:38:31.196589+00:00\"></TimeCreated>\n<EventRecordID>480</EventRecordID>\n<Correlation ActivityID=\"{7cf682f1-89a8-4dbe-9ff9-7e877df9f61c}\" RelatedActivityID=\"\"></Correlation>\n<Execution ProcessID=\"888\" ThreadID=\"2952\"></Execution>\n<Channel>Microsoft-Windows-Bits-Client/Operational</Channel>\n<Computer>IACIS-HDD-2014</Computer>\n<Security UserID=\"S-1-5-18\"></Security>\n</System>\n<EventData><Data Name=\"transferId\">{7cf682f1-89a8-4dbe-9ff9-7e877df9f61c}</Data>\n<Data Name=\"name\">WU Client Download</Data>\n<Data Name=\"Id\">{c3941647-0ef2-4a00-ab16-2d71cc34c85d}</Data>\n<Data Name=\"url\">http://au.download.windowsupdate.com/msdownload/update/software/secu/2011/05/windows6.1-kb2536275-x64-express_266b7dbbfaff00cd9171b3da6438fd2e2018e7f4.cab</Data>\n<Data Name=\"peer\"></Data>\n<Data Name=\"fileTime\">2011-05-25 03:09:29+00:00</Data>\n<Data Name=\"fileLength\">44115</Data>\n<Data Name=\"bytesTotal\">44115</Data>\n<Data Name=\"bytesTransferred\">0</Data>\n<Data Name=\"bytesTransferredFromPeer\">0</Data>\n</EventData>\n</Event>\n"
  },
  {
    "EventID": 59,
    "Timestamp": "2014-01-25 01:38:31.212189+00:00",
    "Computer": "IACIS-HDD-2014",
    "Channel": "Microsoft-Windows-Bits-Client/Operational",
    "Level": "Information",
    "EventData": {
      "transferId": "{f2d95a31-fa69-4fde-901e-416dadb6d22f}",
      "name": "WU Client Download",
      "Id": "{9b66c0b7-a8bb-4200-8d7e-c712b4eed129}",
      "url": "http://au.download.windowsupdate.com/msdownload/update/software/secu/2012/03/windows6.1-kb2604115-x64-express_d0506da5ac4674f9f1361bfa7d0a0e2719dc9501.cab",
      "peer": "",
      "fileTime": "2012-03-15 20:30:14+00:00",
      "fileLength": "370905",
      "bytesTotal": "370905",
      "bytesTransferred": "0",
      "bytesTransferredFromPeer": "0"
    },
    "RawXml": "<Event xmlns=\"http://schemas.microsoft.com/win/2004/08/events/event\"><System><Provider Name=\"Microsoft-Windows-Bits-Client\" Guid=\"{ef1cc15b-46c1-414e-bb95-e76b077bd51e}\"></Provider>\n<EventID Qualifiers=\"\">59</EventID>\n<Version>1</Version>\n<Level>4</Level>\n<Task>0</Task>\n<Opcode>1</Opcode>\n<Keywords>0x4000000000000000</Keywords>\n<TimeCreated SystemTime=\"2014-01-25 01:38:31.212189+00:00\"></TimeCreated>\n<EventRecordID>481</EventRecordID>\n<Correlation ActivityID=\"{f2d95a31-fa69-4fde-901e-416dadb6d22f}\" RelatedActivityID=\"\"></Correlation>\n<Execution ProcessID=\"888\" ThreadID=\"2952\"></Execution>\n<Channel>Microsoft-Windows-Bits-Client/Operational</Channel>\n<Computer>IACIS-HDD-2014</Computer>\n<Security UserID=\"S-1-5-18\"></Security>\n</System>\n<EventData><Data Name=\"transferId\">{f2d95a31-fa69-4fde-901e-416dadb6d22f}</Data>\n<Data Name=\"name\">WU Client Download</Data>\n<Data Name=\"Id\">{9b66c0b7-a8bb-4200-8d7e-c712b4eed129}</Data>\n<Data Name=\"url\">http://au.download.windowsupdate.com/msdownload/update/software/secu/2012/03/windows6.1-kb2604115-x64-express_d0506da5ac4674f9f1361bfa7d0a0e2719dc9501.cab</Data>\n<Data Name=\"peer\"></Data>\n<Data Name=\"fileTime\">2012-03-15 20:30:14+00:00</Data>\n<Data Name=\"fileLength\">370905</Data>\n<Data Name=\"bytesTotal\">370905</Data>\n<Data Name=\"bytesTransferred\">0</Data>\n<Data Name=\"bytesTransferredFromPeer\">0</Data>\n</EventData>\n</Event>\n"
  },
