  {
    "EventID": 105,
    "Timestamp": "2014-02-19 13:30:32.820679+00:00",
    "Computer": "IACIS-HDD-2014",
    "Channel": "Microsoft-Windows-Diagnosis-DPS/Operational",
    "Level": "Information",
    "EventData": {
      "ScenarioId": "{2698178d-fdad-40ae-9d3c-1371703adc5b}",
      "InstanceId": "{46e6b2d1-da3f-44a4-873a-02653062b0c7}",
      "OriginalActivityId": "{2698178d-fdad-40ae-9d3c-1371703adc5b}",
      "DiagnosticModuleImageName": "%SystemRoot%\\system32\\diagperf.dll",
      "DiagnosticModuleId": "{15fba3b8-a37a-4f91-bdba-fbb98fe804bf}"
    },
    "RawXml": "<Event xmlns=\"http://schemas.microsoft.com/win/2004/08/events/event\"><System><Provider Name=\"Microsoft-Windows-Diagnosis-DPS\" Guid=\"{6bba3851-2c7e-4dea-8f54-31e5afd029e3}\"></Provider>\n<EventID Qualifiers=\"\">105</EventID>\n<Version>0</Version>\n<Level>4</Level>\n<Task>1</Task>\n<Opcode>13</Opcode>\n<Keywords>0x4000000800000000</Keywords>\n<TimeCreated SystemTime=\"2014-02-19 13:30:32.820679+00:00\"></TimeCreated>\n<EventRecordID>292</EventRecordID>\n<Correlation ActivityID=\"{46e6b2d1-da3f-44a4-873a-02653062b0c7}\" RelatedActivityID=\"\"></Correlation>\n<Execution ProcessID=\"1352\" ThreadID=\"1004\"></Execution>\n<Channel>Microsoft-Windows-Diagnosis-DPS/Operational</Channel>\n<Computer>IACIS-HDD-2014</Computer>\n<Security UserID=\"S-1-5-19\"></Security>\n</System>\n<EventData><Data Name=\"ScenarioId\">{2698178d-fdad-40ae-9d3c-1371703adc5b}</Data>\n<Data Name=\"InstanceId\">{46e6b2d1-da3f-44a4-873a-02653062b0c7}</Data>\n<Data Name=\"OriginalActivityId\">{2698178d-fdad-40ae-9d3c-1371703adc5b}</Data>\n<Data Name=\"DiagnosticModuleImageName\">%SystemRoot%\\system32\\diagperf.dll</Data>\n<Data Name=\"DiagnosticModuleId\">{15fba3b8-a37a-4f91-bdba-fbb98fe804bf}</Data>\n</EventData>\n</Event>\n"
  },
  {
    "EventID": 100,
    "Timestamp": "2014-02-19 13:32:31.866299+00:00",
    "Computer": "IACIS-HDD-2014",
    "Channel": "Microsoft-Windows-Diagnosis-DPS/Operational",
    "Level": "Information",
    "EventData": {
      "ScenarioId": "{86432a0b-3c7d-4ddf-a89c-172faa90485d}",
      "InstanceId": "{30834223-b2fe-47aa-9668-789d19e6fd37}",
      "OriginalActivityId": "{86432a0b-3c7d-4ddf-a89c-172faa90485d}",
      "DiagnosticModuleImageName": "%SystemRoot%\\system32\\diagperf.dll",
      "DiagnosticModuleId": "{c8544339-5be9-4f25-862e-485f1b1a6935}"
    },
    "RawXml": "<Event xmlns=\"http://schemas.microsoft.com/win/2004/08/events/event\"><System><Provider Name=\"Microsoft-Windows-Diagnosis-DPS\" Guid=\"{6bba3851-2c7e-4dea-8f54-31e5afd029e3}\"></Provider>\n<EventID Qualifiers=\"\">100</EventID>\n<Version>0</Version>\n<Level>4</Level>\n<Task>1</Task>\n<Opcode>12</Opcode>\n<Keywords>0x4000000800000000</Keywords>\n<TimeCreated SystemTime=\"2014-02-19 13:32:31.866299+00:00\"></TimeCreated>\n<EventRecordID>293</EventRecordID>\n<Correlation ActivityID=\"{30834223-b2fe-47aa-9668-789d19e6fd37}\" RelatedActivityID=\"\"></Correlation>\n<Execution ProcessID=\"1352\" ThreadID=\"3748\"></Execution>\n<Channel>Microsoft-Windows-Diagnosis-DPS/Operational</Channel>\n<Computer>IACIS-HDD-2014</Computer>\n<Security UserID=\"S-1-5-19\"></Security>\n</System>\n<EventData><Data Name=\"ScenarioId\">{86432a0b-3c7d-4ddf-a89c-172faa90485d}</Data>\n<Data Name=\"InstanceId\">{30834223-b2fe-47aa-9668-789d19e6fd37}</Data>\n<Data Name=\"OriginalActivityId\">{86432a0b-3c7d-4ddf-a89c-172faa90485d}</Data>\n<Data Name=\"DiagnosticModuleImageName\">%SystemRoot%\\system32\\diagperf.dll</Data>\n<Data Name=\"DiagnosticModuleId\">{c8544339-5be9-4f25-862e-485f1b1a6935}</Data>\n</EventData>\n</Event>\n"
  },
  {
    "EventID": 105,
    "Timestamp": "2014-02-19 13:32:31.866299+00:00",
    "Computer": "IACIS-HDD-2014",
    "Channel": "Microsoft-Windows-Diagnosis-DPS/Operational",
    "Level": "Information",
    "EventData": {
      "ScenarioId": "{86432a0b-3c7d-4ddf-a89c-172faa90485d}",
      "InstanceId": "{30834223-b2fe-47aa-9668-789d19e6fd37}",
      "OriginalActivityId": "{86432a0b-3c7d-4ddf-a89c-172faa90485d}",
      "DiagnosticModuleImageName": "%SystemRoot%\\system32\\diagperf.dll",
      "DiagnosticModuleId": "{c8544339-5be9-4f25-862e-485f1b1a6935}"
    },
    "RawXml": "<Event xmlns=\"http://schemas.microsoft.com/win/2004/08/events/event\"><System><Provider Name=\"Microsoft-Windows-Diagnosis-DPS\" Guid=\"{6bba3851-2c7e-4dea-8f54-31e5afd029e3}\"></Provider>\n<EventID Qualifiers=\"\">105</EventID>\n<Version>0</Version>\n<Level>4</Level>\n<Task>1</Task>\n<Opcode>13</Opcode>\n<Keywords>0x4000000800000000</Keywords>\n<TimeCreated SystemTime=\"2014-02-19 13:32:31.866299+00:00\"></TimeCreated>\n<EventRecordID>294</EventRecordID>\n<Correlation ActivityID=\"{30834223-b2fe-47aa-9668-789d19e6fd37}\" RelatedActivityID=\"\"></Correlation>\n<Execution ProcessID=\"1352\" ThreadID=\"3748\"></Execution>\n<Channel>Microsoft-Windows-Diagnosis-DPS/Operational</Channel>\n<Computer>IACIS-HDD-2014</Computer>\n<Security UserID=\"S-1-5-19\"></Security>\n</System>\n<EventData><Data Name=\"ScenarioId\">{86432a0b-3c7d-4ddf-a89c-172faa90485d}</Data>\n<Data Name=\"InstanceId\">{30834223-b2fe-47aa-9668-789d19e6fd37}</Data>\n<Data Name=\"OriginalActivityId\">{86432a0b-3c7d-4ddf-a89c-172faa90485d}</Data>\n<Data Name=\"DiagnosticModuleImageName\">%SystemRoot%\\system32\\diagperf.dll</Data>\n<Data Name=\"DiagnosticModuleId\">{c8544339-5be9-4f25-862e-485f1b1a6935}</Data>\n</EventData>\n</Event>\n"
  },
  {
    "EventID": 110,
    "Timestamp": "2014-02-19 13:32:32.973900+00:00",
    "Computer": "IACIS-HDD-2014",
    "Channel": "Microsoft-Windows-Diagnosis-DPS/Operational",
    "Level": "Information",
    "EventData": {
      "ScenarioId": "{86432a0b-3c7d-4ddf-a89c-172faa90485d}",
      "InstanceId": "{30834223-b2fe-47aa-9668-789d19e6fd37}",
      "OriginalActivityId": "{86432a0b-3c7d-4ddf-a89c-172faa90485d}",
      "DiagnosticModuleImageName": "%SystemRoot%\\system32\\diagperf.dll",
      "DiagnosticModuleId": "{c8544339-5be9-4f25-862e-485f1b1a6935}"
    },
    "RawXml": "<Event xmlns=\"http://schemas.microsoft.com/win/2004/08/events/event\"><System><Provider Name=\"Microsoft-Windows-Diagnosis-DPS\" Guid=\"{6bba3851-2c7e-4dea-8f54-31e5afd029e3}\"></Provider>\n<EventID Qualifiers=\"\">110</EventID>\n<Version>0</Version>\n<Level>4</Level>\n<Task>1</Task>\n<Opcode>14</Opcode>\n<Keywords>0x4000000800000000</Keywords>\n<TimeCreated SystemTime=\"2014-02-19 13:32:32.973900+00:00\"></TimeCreated>\n<EventRecordID>295</EventRecordID>\n<Correlation ActivityID=\"{30834223-b2fe-47aa-9668-789d19e6fd37}\" RelatedActivityID=\"\"></Correlation>\n<Execution ProcessID=\"1352\" ThreadID=\"3748\"></Execution>\n<Channel>Microsoft-Windows-Diagnosis-DPS/Operational</Channel>\n<Computer>IACIS-HDD-2014</Computer>\n<Security UserID=\"S-1-5-19\"></Security>\n</System>\n<EventData><Data Name=\"ScenarioId\">{86432a0b-3c7d-4ddf-a89c-172faa90485d}</Data>\n<Data Name=\"InstanceId\">{30834223-b2fe-47aa-9668-789d19e6fd37}</Data>\n<Data Name=\"OriginalActivityId\">{86432a0b-3c7d-4ddf-a89c-172faa90485d}</Data>\n<Data Name=\"DiagnosticModuleImageName\">%SystemRoot%\\system32\\diagperf.dll</Data>\n<Data Name=\"DiagnosticModuleId\">{c8544339-5be9-4f25-862e-485f1b1a6935}</Data>\n</EventData>\n</Event>\n"
  },
  {
    "EventID": 100,
    "Timestamp": "2014-02-19 17:19:43.823843+00:00",
    "Computer": "IACIS-HDD-2014",
    "Channel": "Microsoft-Windows-Diagnosis-DPS/Operational",
    "Level": "Information",
    "EventData": {
      "ScenarioId": "{3af8b24a-c441-4fa4-8c5c-bed591bfa867}",
      "InstanceId": "{3bb96890-44c6-4ba8-bbfa-1ae64914c9f5}",
      "OriginalActivityId": "{00000000-0000-0000-0000-000000000000}",
      "DiagnosticModuleImageName": "%windir%\\system32\\radardt.dll",
      "DiagnosticModuleId": "{e4cd2e3e-3852-4952-b76b-23bb8e35d344}"
    },
    "RawXml": "<Event xmlns=\"http://schemas.microsoft.com/win/2004/08/events/event\"><System><Provider Name=\"Microsoft-Windows-Diagnosis-DPS\" Guid=\"{6bba3851-2c7e-4dea-8f54-31e5afd029e3}\"></Provider>\n<EventID Qualifiers=\"\">100</EventID>\n<Version>0</Version>\n<Level>4</Level>\n<Task>1</Task>\n<Opcode>12</Opcode>\n<Keywords>0x4000000800000000</Keywords>\n<TimeCreated SystemTime=\"2014-02-19 17:19:43.823843+00:00\"></TimeCreated>\n<EventRecordID>296</EventRecordID>\n<Correlation ActivityID=\"{3bb96890-44c6-4ba8-bbfa-1ae64914c9f5}\" RelatedActivityID=\"\"></Correlation>\n<Execution ProcessID=\"1352\" ThreadID=\"3376\"></Execution>\n<Channel>Microsoft-Windows-Diagnosis-DPS/Operational</Channel>\n<Computer>IACIS-HDD-2014</Computer>\n<Security UserID=\"S-1-5-19\"></Security>\n</System>\n<EventData><Data Name=\"ScenarioId\">{3af8b24a-c441-4fa4-8c5c-bed591bfa867}</Data>\n<Data Name=\"InstanceId\">{3bb96890-44c6-4ba8-bbfa-1ae64914c9f5}</Data>\n<Data Name=\"OriginalActivityId\">{00000000-0000-0000-0000-000000000000}</Data>\n<Data Name=\"DiagnosticModuleImageName\">%windir%\\system32\\radardt.dll</Data>\n<Data Name=\"DiagnosticModuleId\">{e4cd2e3e-3852-4952-b76b-23bb8e35d344}</Data>\n</EventData>\n</Event>\n"
  },
  {
    "EventID": 105,
    "Timestamp": "2014-02-19 17:19:43.823843+00:00",
    "Computer": "IACIS-HDD-2014",
    "Channel": "Microsoft-Windows-Diagnosis-DPS/Operational",
    "Level": "Information",
    "EventData": {
      "ScenarioId": "{3af8b24a-c441-4fa4-8c5c-bed591bfa867}",
      "InstanceId": "{3bb96890-44c6-4ba8-bbfa-1ae64914c9f5}",
      "OriginalActivityId": "{00000000-0000-0000-0000-000000000000}",
      "DiagnosticModuleImageName": "%windir%\\system32\\radardt.dll",
      "DiagnosticModuleId": "{e4cd2e3e-3852-4952-b76b-23bb8e35d344}"
    },
    "RawXml": "<Event xmlns=\"http://schemas.microsoft.com/win/2004/08/events/event\"><System><Provider Name=\"Microsoft-Windows-Diagnosis-DPS\" Guid=\"{6bba3851-2c7e-4dea-8f54-31e5afd029e3}\"></Provider>\n<EventID Qualifiers=\"\">105</EventID>\n<Version>0</Version>\n<Level>4</Level>\n<Task>1</Task>\n<Opcode>13</Opcode>\n<Keywords>0x4000000800000000</Keywords>\n<TimeCreated SystemTime=\"2014-02-19 17:19:43.823843+00:00\"></TimeCreated>\n<EventRecordID>297</EventRecordID>\n<Correlation ActivityID=\"{3bb96890-44c6-4ba8-bbfa-1ae64914c9f5}\" RelatedActivityID=\"\"></Correlation>\n<Execution ProcessID=\"1352\" ThreadID=\"3376\"></Execution>\n<Channel>Microsoft-Windows-Diagnosis-DPS/Operational</Channel>\n<Computer>IACIS-HDD-2014</Computer>\n<Security UserID=\"S-1-5-19\"></Security>\n</System>\n<EventData><Data Name=\"ScenarioId\">{3af8b24a-c441-4fa4-8c5c-bed591bfa867}</Data>\n<Data Name=\"InstanceId\">{3bb96890-44c6-4ba8-bbfa-1ae64914c9f5}</Data>\n<Data Name=\"OriginalActivityId\">{00000000-0000-0000-0000-000000000000}</Data>\n<Data Name=\"DiagnosticModuleImageName\">%windir%\\system32\\radardt.dll</Data>\n<Data Name=\"DiagnosticModuleId\">{e4cd2e3e-3852-4952-b76b-23bb8e35d344}</Data>\n</EventData>\n</Event>\n"
  },
  {
    "EventID": 100,
    "Timestamp": "2014-02-20 14:22:26.171846+00:00",
    "Computer": "IACIS-HDD-2014",
    "Channel": "Microsoft-Windows-Diagnosis-DPS/Operational",
    "Level": "Information",
    "EventData": {
      "ScenarioId": "{2698178d-fdad-40ae-9d3c-1371703adc5b}",
      "InstanceId": "{68148670-070b-4a00-a241-689b4ed7f206}",
      "OriginalActivityId": "{2698178d-fdad-40ae-9d3c-1371703adc5b}",
      "DiagnosticModuleImageName": "%SystemRoot%\\system32\\diagperf.dll",
      "DiagnosticModuleId": "{15fba3b8-a37a-4f91-bdba-fbb98fe804bf}"
    },
    "RawXml": "<Event xmlns=\"http://schemas.microsoft.com/win/2004/08/events/event\"><System><Provider Name=\"Microsoft-Windows-Diagnosis-DPS\" Guid=\"{6bba3851-2c7e-4dea-8f54-31e5afd029e3}\"></Provider>\n<EventID Qualifiers=\"\">100</EventID>\n<Version>0</Version>\n<Level>4</Level>\n<Task>1</Task>\n<Opcode>12</Opcode>\n<Keywords>0x4000000800000000</Keywords>\n<TimeCreated SystemTime=\"2014-02-20 14:22:26.171846+00:00\"></TimeCreated>\n<EventRecordID>298</EventRecordID>\n<Correlation ActivityID=\"{68148670-070b-4a00-a241-689b4ed7f206}\" RelatedActivityID=\"\"></Correlation>\n<Execution ProcessID=\"1312\" ThreadID=\"1648\"></Execution>\n<Channel>Microsoft-Windows-Diagnosis-DPS/Operational</Channel>\n<Computer>IACIS-HDD-2014</Computer>\n<Security UserID=\"S-1-5-19\"></Security>\n</System>\n<EventData><Data Name=\"ScenarioId\">{2698178d-fdad-40ae-9d3c-1371703adc5b}</Data>\n<Data Name=\"InstanceId\">{68148670-070b-4a00-a241-689b4ed7f206}</Data>\n<Data Name=\"OriginalActivityId\">{2698178d-fdad-40ae-9d3c-1371703adc5b}</Data>\n<Data Name=\"DiagnosticModuleImageName\">%SystemRoot%\\system32\\diagperf.dll</Data>\n<Data Name=\"DiagnosticModuleId\">{15fba3b8-a37a-4f91-bdba-fbb98fe804bf}</Data>\n</EventData>\n</Event>\n"
  },
  {
    "EventID": 105,
    "Timestamp": "2014-02-20 14:22:26.171846+00:00",
    "Computer": "IACIS-HDD-2014",
    "Channel": "Microsoft-Windows-Diagnosis-DPS/Operational",
    "Level": "Information",
    "EventData": {
      "ScenarioId": "{2698178d-fdad-40ae-9d3c-1371703adc5b}",
      "InstanceId": "{68148670-070b-4a00-a241-689b4ed7f206}",
      "OriginalActivityId": "{2698178d-fdad-40ae-9d3c-1371703adc5b}",
      "DiagnosticModuleImageName": "%SystemRoot%\\system32\\diagperf.dll",
      "DiagnosticModuleId": "{15fba3b8-a37a-4f91-bdba-fbb98fe804bf}"
    },
    "RawXml": "<Event xmlns=\"http://schemas.microsoft.com/win/2004/08/events/event\"><System><Provider Name=\"Microsoft-Windows-Diagnosis-DPS\" Guid=\"{6bba3851-2c7e-4dea-8f54-31e5afd029e3}\"></Provider>\n<EventID Qualifiers=\"\">105</EventID>\n<Version>0</Version>\n<Level>4</Level>\n<Task>1</Task>\n<Opcode>13</Opcode>\n<Keywords>0x4000000800000000</Keywords>\n<TimeCreated SystemTime=\"2014-02-20 14:22:26.171846+00:00\"></TimeCreated>\n<EventRecordID>299</EventRecordID>\n<Correlation ActivityID=\"{68148670-070b-4a00-a241-689b4ed7f206}\" RelatedActivityID=\"\"></Correlation>\n<Execution ProcessID=\"1312\" ThreadID=\"1648\"></Execution>\n<Channel>Microsoft-Windows-Diagnosis-DPS/Operational</Channel>\n<Computer>IACIS-HDD-2014</Computer>\n<Security UserID=\"S-1-5-19\"></Security>\n</System>\n<EventData><Data Name=\"ScenarioId\">{2698178d-fdad-40ae-9d3c-1371703adc5b}</Data>\n<Data Name=\"InstanceId\">{68148670-070b-4a00-a241-689b4ed7f206}</Data>\n<Data Name=\"OriginalActivityId\">{2698178d-fdad-40ae-9d3c-1371703adc5b}</Data>\n<Data Name=\"DiagnosticModuleImageName\">%SystemRoot%\\system32\\diagperf.dll</Data>\n<Data Name=\"DiagnosticModuleId\">{15fba3b8-a37a-4f91-bdba-fbb98fe804bf}</Data>\n</EventData>\n</Event>\n"
  },
  {
    "EventID": 100,
    "Timestamp": "2014-02-20 14:31:59.850054+00:00",
    "Computer": "IACIS-HDD-2014",
    "Channel": "Microsoft-Windows-Diagnosis-DPS/Operational",
    "Level": "Information",
    "EventData": {
      "ScenarioId": "{86432a0b-3c7d-4ddf-a89c-172faa90485d}",
      "InstanceId": "{42a4834d-ff37-49f1-9714-eaebedc825db}",
      "OriginalActivityId": "{86432a0b-3c7d-4ddf-a89c-172faa90485d}",
      "DiagnosticModuleImageName": "%SystemRoot%\\system32\\diagperf.dll",
      "DiagnosticModuleId": "{c8544339-5be9-4f25-862e-485f1b1a6935}"
    },
    "RawXml": "<Event xmlns=\"http://schemas.microsoft.com/win/2004/08/events/event\"><System><Provider Name=\"Microsoft-Windows-Diagnosis-DPS\" Guid=\"{6bba3851-2c7e-4dea-8f54-31e5afd029e3}\"></Provider>\n<EventID Qualifiers=\"\">100</EventID>\n<Version>0</Version>\n<Level>4</Level>\n<Task>1</Task>\n<Opcode>12</Opcode>\n<Keywords>0x4000000800000000</Keywords>\n<TimeCreated SystemTime=\"2014-02-20 14:31:59.850054+00:00\"></TimeCreated>\n<EventRecordID>300</EventRecordID>\n<Correlation ActivityID=\"{42a4834d-ff37-49f1-9714-eaebedc825db}\" RelatedActivityID=\"\"></Correlation>\n<Execution ProcessID=\"1312\" ThreadID=\"2288\"></Execution>\n<Channel>Microsoft-Windows-Diagnosis-DPS/Operational</Channel>\n<Computer>IACIS-HDD-2014</Computer>\n<Security UserID=\"S-1-5-19\"></Security>\n</System>\n<EventData><Data Name=\"ScenarioId\">{86432a0b-3c7d-4ddf-a89c-172faa90485d}</Data>\n<Data Name=\"InstanceId\">{42a4834d-ff37-49f1-9714-eaebedc825db}</Data>\n<Data Name=\"OriginalActivityId\">{86432a0b-3c7d-4ddf-a89c-172faa90485d}</Data>\n<Data Name=\"DiagnosticModuleImageName\">%SystemRoot%\\system32\\diagperf.dll</Data>\n<Data Name=\"DiagnosticModuleId\">{c8544339-5be9-4f25-862e-485f1b1a6935}</Data>\n</EventData>\n</Event>\n"
  },
  {
    "EventID": 105,
    "Timestamp": "2014-02-20 14:31:59.850054+00:00",
    "Computer": "IACIS-HDD-2014",
    "Channel": "Microsoft-Windows-Diagnosis-DPS/Operational",
    "Level": "Information",
    "EventData": {
      "ScenarioId": "{86432a0b-3c7d-4ddf-a89c-172faa90485d}",
      "InstanceId": "{42a4834d-ff37-49f1-9714-eaebedc825db}",
      "OriginalActivityId": "{86432a0b-3c7d-4ddf-a89c-172faa90485d}",
      "DiagnosticModuleImageName": "%SystemRoot%\\system32\\diagperf.dll",
      "DiagnosticModuleId": "{c8544339-5be9-4f25-862e-485f1b1a6935}"
    },
    "RawXml": "<Event xmlns=\"http://schemas.microsoft.com/win/2004/08/events/event\"><System><Provider Name=\"Microsoft-Windows-Diagnosis-DPS\" Guid=\"{6bba3851-2c7e-4dea-8f54-31e5afd029e3}\"></Provider>\n<EventID Qualifiers=\"\">105</EventID>\n<Version>0</Version>\n<Level>4</Level>\n<Task>1</Task>\n<Opcode>13</Opcode>\n<Keywords>0x4000000800000000</Keywords>\n<TimeCreated SystemTime=\"2014-02-20 14:31:59.850054+00:00\"></TimeCreated>\n<EventRecordID>301</EventRecordID>\n<Correlation ActivityID=\"{42a4834d-ff37-49f1-9714-eaebedc825db}\" RelatedActivityID=\"\"></Correlation>\n<Execution ProcessID=\"1312\" ThreadID=\"2288\"></Execution>\n<Channel>Microsoft-Windows-Diagnosis-DPS/Operational</Channel>\n<Computer>IACIS-HDD-2014</Computer>\n<Security UserID=\"S-1-5-19\"></Security>\n</System>\n<EventData><Data Name=\"ScenarioId\">{86432a0b-3c7d-4ddf-a89c-172faa90485d}</Data>\n<Data Name=\"InstanceId\">{42a4834d-ff37-49f1-9714-eaebedc825db}</Data>\n<Data Name=\"OriginalActivityId\">{86432a0b-3c7d-4ddf-a89c-172faa90485d}</Data>\n<Data Name=\"DiagnosticModuleImageName\">%SystemRoot%\\system32\\diagperf.dll</Data>\n<Data Name=\"DiagnosticModuleId\">{c8544339-5be9-4f25-862e-485f1b1a6935}</Data>\n</EventData>\n</Event>\n"
  },
  {
    "EventID": 110,
    "Timestamp": "2014-02-20 14:32:01.300856+00:00",
    "Computer": "IACIS-HDD-2014",
    "Channel": "Microsoft-Windows-Diagnosis-DPS/Operational",
    "Level": "Information",
    "EventData": {
      "ScenarioId": "{86432a0b-3c7d-4ddf-a89c-172faa90485d}",
      "InstanceId": "{42a4834d-ff37-49f1-9714-eaebedc825db}",
      "OriginalActivityId": "{86432a0b-3c7d-4ddf-a89c-172faa90485d}",
      "DiagnosticModuleImageName": "%SystemRoot%\\system32\\diagperf.dll",
      "DiagnosticModuleId": "{c8544339-5be9-4f25-862e-485f1b1a6935}"
    },
    "RawXml": "<Event xmlns=\"http://schemas.microsoft.com/win/2004/08/events/event\"><System><Provider Name=\"Microsoft-Windows-Diagnosis-DPS\" Guid=\"{6bba3851-2c7e-4dea-8f54-31e5afd029e3}\"></Provider>\n<EventID Qualifiers=\"\">110</EventID>\n<Version>0</Version>\n<Level>4</Level>\n<Task>1</Task>\n<Opcode>14</Opcode>\n<Keywords>0x4000000800000000</Keywords>\n<TimeCreated SystemTime=\"2014-02-20 14:32:01.300856+00:00\"></TimeCreated>\n<EventRecordID>302</EventRecordID>\n<Correlation ActivityID=\"{42a4834d-ff37-49f1-9714-eaebedc825db}\" RelatedActivityID=\"\"></Correlation>\n<Execution ProcessID=\"1312\" ThreadID=\"1648\"></Execution>\n<Channel>Microsoft-Windows-Diagnosis-DPS/Operational</Channel>\n<Computer>IACIS-HDD-2014</Computer>\n<Security UserID=\"S-1-5-19\"></Security>\n</System>\n<EventData><Data Name=\"ScenarioId\">{86432a0b-3c7d-4ddf-a89c-172faa90485d}</Data>\n<Data Name=\"InstanceId\">{42a4834d-ff37-49f1-9714-eaebedc825db}</Data>\n<Data Name=\"OriginalActivityId\">{86432a0b-3c7d-4ddf-a89c-172faa90485d}</Data>\n<Data Name=\"DiagnosticModuleImageName\">%SystemRoot%\\system32\\diagperf.dll</Data>\n<Data Name=\"DiagnosticModuleId\">{c8544339-5be9-4f25-862e-485f1b1a6935}</Data>\n</EventData>\n</Event>\n"
  }
]