[
  {
    "EventID": 5013,
    "Timestamp": "2014-01-25 01:27:19.255030+00:00",
    "Computer": "IACIS-HDD-2014",
    "Channel": "Microsoft-Windows-HomeGroup Provider Service/Operational",
    "Level": "Information",
    "EventData": {
      "OldStatus": "0",
      "NewStatus": "2"
    },
    "RawXml": "<Event xmlns=\"http://schemas.microsoft.com/win/2004/08/events/event\"><System><Provider Name=\"Microsoft-Windows-HomeGroup-ProviderService\" Guid=\"{c9bdb4eb-9287-4c8e-8378-6896f0d1c5ef}\"></Provider>\n<EventID Qualifiers=\"\">5013</EventID>\n<Version>0</Version>\n<Level>4</Level>\n<Task>0</Task>\n<Opcode>0</Opcode>\n<Keywords>0x8000000000000000</Keywords>\n<TimeCreated SystemTime=\"2014-01-25 01:27:19.255030+00:00\"></TimeCreated>\n<EventRecordID>1</EventRecordID>\n<Correlation ActivityID=\"\" RelatedActivityID=\"\"></Correlation>\n<Execution ProcessID=\"936\" ThreadID=\"952\"></Execution>\n<Channel>Microsoft-Windows-HomeGroup Provider Service/Operational</Channel>\n<Computer>IACIS-HDD-2014</Computer>\n<Security UserID=\"S-1-5-19\"></Security>\n</System>\n<EventData><Data Name=\"OldStatus\">0</Data>\n<Data Name=\"NewStatus\">2</Data>\n</EventData>\n</Event>\n"
  },
  {
    "EventID": 5013,
    "Timestamp": "2014-01-25 01:27:19.255030+00:00",
    "Computer": "IACIS-HDD-2014",
    "Channel": "Microsoft-Windows-HomeGroup Provider Service/Operational",
    "Level": "Information",
    "EventData": {
      "OldStatus": "2",
      "NewStatus": "4"
    },
    "RawXml": "<Event xmlns=\"http://schemas.microsoft.com/win/2004/08/events/event\"><System><Provider Name=\"Microsoft-Windows-HomeGroup-ProviderService\" Guid=\"{c9bdb4eb-9287-4c8e-8378-6896f0d1c5ef}\"></Provider>\n<EventID Qualifiers=\"\">5013</EventID>\n<Version>0</Version>\n<Level>4</Level>\n<Task>0</Task>\n<Opcode>0</Opcode>\n<Keywords>0x8000000000000000</Keywords>\n<TimeCreated SystemTime=\"2014-01-25 01:27:19.255030+00:00\"></TimeCreated>\n<EventRecordID>2</EventRecordID>\n<Correlation ActivityID=\"\" RelatedActivityID=\"\"></Correlation>\n<Execution ProcessID=\"936\" ThreadID=\"952\"></Execution>\n<Channel>Microsoft-Windows-HomeGroup Provider Service/Operational</Channel>\n<Computer>IACIS-HDD-2014</Computer>\n<Security UserID=\"S-1-5-19\"></Security>\n</System>\n<EventData><Data Name=\"OldStatus\">2</Data>\n<Data Name=\"NewStatus\">4</Data>\n</EventData>\n</Event>\n"
  },
  {
    "EventID": 5005,
    "Timestamp": "2014-01-25 01:27:31.844252+00:00",
    "Computer": "IACIS-HDD-2014",
    "Channel": "Microsoft-Windows-HomeGroup Provider Service/Operational",
    "Level": "Information",
    "EventData": {
      "Error": "Unspecified error\n"
    },
    "RawXml": "<Event xmlns=\"http://schemas.microsoft.com/win/2004/08/events/event\"><System><Provider Name=\"Microsoft-Windows-HomeGroup-ProviderService\" Guid=\"{c9bdb4eb-9287-4c8e-8378-6896f0d1c5ef}\"></Provider>\n<EventID Qualifiers=\"\">5005</EventID>\n<Version>0</Version>\n<Level>4</Level>\n<Task>0</Task>\n<Opcode>0</Opcode>\n<Keywords>0x8000000000000000</Keywords>\n<TimeCreated SystemTime=\"2014-01-25 01:27:31.844252+00:00\"></TimeCreated>\n<EventRecordID>3</EventRecordID>\n<Correlation ActivityID=\"\" RelatedActivityID=\"\"></Correlation>\n<Execution ProcessID=\"936\" ThreadID=\"952\"></Execution>\n<Channel>Microsoft-Windows-HomeGroup Provider Service/Operational</Channel>\n<Computer>IACIS-HDD-2014</Computer>\n<Security UserID=\"S-1-5-19\"></Security>\n</System>\n<EventData><Data Name=\"Error\">Unspecified error\r\n</Data>\n</EventData>\n</Event>\n"
  },
  {
    "EventID": 5013,
    "Timestamp": "2014-01-25 01:27:33.404255+00:00",
    "Computer": "IACIS-HDD-2014",
    "Channel": "Microsoft-Windows-HomeGroup Provider Service/Operational",
    "Level": "Information",
    "EventData": {
      "OldStatus": "4",
      "NewStatus": "20"
    },
    "RawXml": "<Event xmlns=\"http://schemas.microsoft.com/win/2004/08/events/event\"><System><Provider Name=\"Microsoft-Windows-HomeGroup-ProviderService\" Guid=\"{c9bdb4eb-9287-4c8e-8378-6896f0d1c5ef}\"></Provider>\n<EventID Qualifiers=\"\">5013</EventID>\n<Version>0</Version>\n<Level>4</Level>\n<Task>0</Task>\n<Opcode>0</Opcode>\n<Keywords>0x8000000000000000</Keywords>\n<TimeCreated SystemTime=\"2014-01-25 01:27:33.404255+00:00\"></TimeCreated>\n<EventRecordID>4</EventRecordID>\n<Correlation ActivityID=\"\" RelatedActivityID=\"\"></Correlation>\n<Execution ProcessID=\"936\" ThreadID=\"1004\"></Execution>\n<Channel>Microsoft-Windows-HomeGroup Provider Service/Operational</Channel>\n<Computer>IACIS-HDD-2014</Computer>\n<Security UserID=\"S-1-5-19\"></Security>\n</System>\n<EventData><Data Name=\"OldStatus\">4</Data>\n<Data Name=\"NewStatus\">20</Data>\n</EventData>\n</Event>\n"
  },
  {
    "EventID": 5013,
    "Timestamp": "2014-01-25 01:27:33.747456+00:00",
    "Computer": "IACIS-HDD-2014",
    "Channel": "Microsoft-Windows-HomeGroup Provider Service/Operational",
    "Level": "Information",
    "EventData": {
      "OldStatus": "20",
      "NewStatus": "156"
    },
    "RawXml": "<Event xmlns=\"http://schemas.microsoft.com/win/2004/08/events/event\"><System><Provider Name=\"Microsoft-Windows-HomeGroup-ProviderService\" Guid=\"{c9bdb4eb-9287-4c8e-8378-6896f0d1c5ef}\"></Provider>\n<EventID Qualifiers=\"\">5013</EventID>\n<Version>0</Version>\n<Level>4</Level>\n<Task>0</Task>\n<Opcode>0</Opcode>\n<Keywords>0x8000000000000000</Keywords>\n<TimeCreated SystemTime=\"2014-01-25 01:27:33.747456+00:00\"></TimeCreated>\n<EventRecordID>5</EventRecordID>\n<Correlation ActivityID=\"\" RelatedActivityID=\"\"></Correlation>\n<Execution ProcessID=\"936\" ThreadID=\"952\"></Execution>\n<Channel>Microsoft-Windows-HomeGroup Provider Service/Operational</Channel>\n<Computer>IACIS-HDD-2014</Computer>\n<Security UserID=\"S-1-5-19\"></Security>\n</System>\n<EventData><Data Name=\"OldStatus\">20</Data>\n<Data Name=\"NewStatus\">156</Data>\n</EventData>\n</Event>\n"
  },
  {
    "EventID": 5010,
    "Timestamp": "2014-01-25 01:27:33.747456+00:00",
    "Computer": "IACIS-HDD-2014",
    "Channel": "Microsoft-Windows-HomeGroup Provider Service/Operational",
    "Level": "Information",
    "EventData": {},
    "RawXml": "<Event xmlns=\"http://schemas.microsoft.com/win/2004/08/events/event\"><System><Provider Name=\"Microsoft-Windows-HomeGroup-ProviderService\" Guid=\"{c9bdb4eb-9287-4c8e-8378-6896f0d1c5ef}\"></Provider>\n<EventID Qualifiers=\"\">5010</EventID>\n<Version>0</Version>\n<Level>4</Level>\n<Task>0</Task>\n<Opcode>0</Opcode>\n<Keywords>0x8000000000000000</Keywords>\n<TimeCreated SystemTime=\"2014-01-25 01:27:33.747456+00:00\"></TimeCreated>\n<EventRecordID>6</EventRecordID>\n<Correlation ActivityID=\"\" RelatedActivityID=\"\"></Correlation>\n<Execution ProcessID=\"936\" ThreadID=\"952\"></Execution>\n<Channel>Microsoft-Windows-HomeGroup Provider Service/Operational</Channel>\n<Computer>IACIS-HDD-2014</Computer>\n<Security UserID=\"S-1-5-19\"></Security>\n</System>\n<EventData></EventData>\n</Event>\n"
  },
  {
    "EventID": 5013,
    "Timestamp": "2014-01-25 02:16:51.756229+00:00",
    "Computer": "IACIS-HDD-2014",
    "Channel": "Microsoft-Windows-HomeGroup Provider Service/Operational",
    "Level": "Information",
    "EventData": {
      "OldStatus": "156",
      "NewStatus": "140"
    },
    "RawXml": "<Event xmlns=\"http://schemas.microsoft.com/win/2004/08/events/event\"><System><Provider Name=\"Microsoft-Windows-HomeGroup-ProviderService\" Guid=\"{c9bdb4eb-9287-4c8e-8378-6896f0d1c5ef}\"></Provider>\n<EventID Qualifiers=\"\">5013</EventID>\n<Version>0</Version>\n<Level>4</Level>\n<Task>0</Task>\n<Opcode>0</Opcode>\n<Keywords>0x8000000000000000</Keywords>\n<TimeCreated SystemTime=\"2014-01-25 02:16:51.756229+00:00\"></TimeCreated>\n<EventRecordID>7</EventRecordID>\n<Correlation ActivityID=\"\" RelatedActivityID=\"\"></Correlation>\n<Execution ProcessID=\"936\" ThreadID=\"2840\"></Execution>\n<Channel>Microsoft-Windows-HomeGroup Provider Service/Operational</Channel>\n<Computer>IACIS-HDD-2014</Computer>\n<Security UserID=\"S-1-5-19\"></Security>\n</System>\n<EventData><Data Name=\"OldStatus\">156</Data>\n<Data Name=\"NewStatus\">140</Data>\n</EventData>\n</Event>\n"
  },
  {
    "EventID": 5013,
    "Timestamp": "2014-01-25 13:39:28.454247+00:00",
    "Computer": "IACIS-HDD-2014",
    "Channel": "Microsoft-Windows-HomeGroup Provider Service/Operational",
    "Level": "Information",
    "EventData": {
      "OldStatus": "0",
      "NewStatus": "2"
    },
    "RawXml": "<Event xmlns=\"http://schemas.microsoft.com/win/2004/08/events/event\"><System><Provider Name=\"Microsoft-Windows-HomeGroup-ProviderService\" Guid=\"{c9bdb4eb-9287-4c8e-8378-6896f0d1c5ef}\"></Provider>\n<EventID Qualifiers=\"\">5013</EventID>\n<Version>0</Version>\n<Level>4</Level>\n<Task>0</Task>\n<Opcode>0</Opcode>\n<Keywords>0x8000000000000000</Keywords>\n<TimeCreated SystemTime=\"2014-01-25 13:39:28.454247+00:00\"></TimeCreated>\n<EventRecordID>8</EventRecordID>\n<Correlation ActivityID=\"\" RelatedActivityID=\"\"></Correlation>\n<Execution ProcessID=\"744\" ThreadID=\"2336\"></Execution>\n<Channel>Microsoft-Windows-HomeGroup Provider Service/Operational</Channel>\n<Computer>IACIS-HDD-2014</Computer>\n<Security UserID=\"S-1-5-19\"></Security>\n</System>\n<EventData><Data Name=\"OldStatus\">0</Data>\n<Data Name=\"NewStatus\">2</Data>\n</EventData>\n</Event>\n"
  },
  {
    "EventID": 5013,
    "Timestamp": "2014-01-25 13:39:28.516645+00:00",
    "Computer": "IACIS-HDD-2014",
    "Channel": "Microsoft-Windows-HomeGroup Provider Service/Operational",
    "Level": "Information",
    "EventData": {
      "OldStatus": "2",
      "NewStatus": "140"
    },
    "RawXml": "<Event xmlns=\"http://schemas.microsoft.com/win/2004/08/events/event\"><System><Provider Name=\"Microsoft-Windows-HomeGroup-ProviderService\" Guid=\"{c9bdb4eb-9287-4c8e-8378-6896f0d1c5ef}\"></Provider>\n<EventID Qualifiers=\"\">5013</EventID>\n<Version>0</Version>\n<Level>4</Level>\n<Task>0</Task>\n<Opcode>0</Opcode>\n<Keywords>0x8000000000000000</Keywords>\n<TimeCreated SystemTime=\"2014-01-25 13:39:28.516645+00:00\"></TimeCreated>\n<EventRecordID>9</EventRecordID>\n<Correlation ActivityID=\"\" RelatedActivityID=\"\"></Correlation>\n<Execution ProcessID=\"744\" ThreadID=\"2336\"></Execution>\n<Channel>Microsoft-Windows-HomeGroup Provider Service/Operational</Channel>\n<Computer>IACIS-HDD-2014</Computer>\n<Security UserID=\"S-1-5-19\"></Security>\n</System>\n<EventData><Data Name=\"OldStatus\">2</Data>\n<Data Name=\"NewStatus\">140</Data>\n</EventData>\n</Event>\n"
  },
  {
    "EventID": 5013,
    "Timestamp": "2014-01-25 13:39:52.603086+00:00",
    "Computer": "IACIS-HDD-2014",
    "Channel": "Microsoft-Windows-HomeGroup Provider Service/Operational",
    "Level": "Information",
    "EventData": {
      "OldStatus": "140",
      "NewStatus": "156"
    },
    "RawXml": "<Event xmlns=\"http://schemas.microsoft.com/win/2004/08/events/event\"><System><Provider Name=\"Microsoft-Windows-HomeGroup-ProviderService\" Guid=\"{c9bdb4eb-9287-4c8e-8378-6896f0d1c5ef}\"></Provider>\n<EventID Qualifiers=\"\">5013</EventID>\n<Version>0</Version>\n<Level>4</Level>\n<Task>0</Task>\n<Opcode>0</Opcode>\n<Keywords>0x8000000000000000</Keywords>\n<TimeCreated SystemTime=\"2014-01-25 13:39:52.603086+00:00\"></TimeCreated>\n<EventRecordID>10</EventRecordID>\n<Correlation ActivityID=\"\" RelatedActivityID=\"\"></Correlation>\n<Execution ProcessID=\"744\" ThreadID=\"2736\"></Execution>\n<Channel>Microsoft-Windows-HomeGroup Provider Service/Operational</Channel>\n<Computer>IACIS-HDD-2014</Computer>\n<Security UserID=\"S-1-5-19\"></Security>\n</System>\n<EventData><Data Name=\"OldStatus\">140</Data>\n<Data Name=\"NewStatus\">156</Data>\n</EventData>\n</Event>\n"
  },
  {
    "EventID": 5006,
    "Timestamp": "2014-01-25 13:39:53.164688+00:00",
    "Computer": "IACIS-HDD-2014",
    "Channel": "Microsoft-Windows-HomeGroup Provider Service/Operational",
    "Level": "Information",
    "EventData": {},
    "RawXml": "<Event xmlns=\"http://schemas.microsoft.com/win/2004/08/events/event\"><System><Provider Name=\"Microsoft-Windows-HomeGroup-ProviderService\" Guid=\"{c9bdb4eb-9287-4c8e-8378-6896f0d1c5ef}\"></Provider>\n<EventID Qualifiers=\"\">5006</EventID>\n<Version>0</Version>\n<Level>4</Level>\n<Task>0</Task>\n<Opcode>0</Opcode>\n<Keywords>0x8000000000000000</Keywords>\n<TimeCreated SystemTime=\"2014-01-25 13:39:53.164688+00:00\"></TimeCreated>\n<EventRecordID>11</EventRecordID>\n<Correlation ActivityID=\"\" RelatedActivityID=\"\"></Correlation>\n<Execution ProcessID=\"744\" ThreadID=\"2736\"></Execution>\n<Channel>Microsoft-Windows-HomeGroup Provider Service/Operational</Channel>\n<Computer>IACIS-HDD-2014</Computer>\n<Security UserID=\"S-1-5-19\"></Security>\n</System>\n<EventData></EventData>\n</Event>\n"
  },
  {
    "EventID": 5013,
    "Timestamp": "2014-01-25 13:53:47.373306+00:00",
    "Computer": "IACIS-HDD-2014",
    "Channel": "Microsoft-Windows-HomeGroup Provider Service/Operational",
    "Level": "Information",
    "EventData": {
      "OldStatus": "0",
      "NewStatus": "2"
    },
    "RawXml": "<Event xmlns=\"http://schemas.microsoft.com/win/2004/08/events/event\"><System><Provider Name=\"Microsoft-Windows-HomeGroup-ProviderService\" Guid=\"{c9bdb4eb-9287-4c8e-8378-6896f0d1c5ef}\"></Provider>\n<EventID Qualifiers=\"\">5013</EventID>\n<Version>0</Version>\n<Level>4</Level>\n<Task>0</Task>\n<Opcode>0</Opcode>\n<Keywords>0x8000000000000000</Keywords>\n<TimeCreated SystemTime=\"2014-01-25 13:53:47.373306+00:00\"></TimeCreated>\n<EventRecordID>12</EventRecordID>\n<Correlation ActivityID=\"\" RelatedActivityID=\"\"></Correlation>\n<Execution ProcessID=\"752\" ThreadID=\"1088\"></Execution>\n<Channel>Microsoft-Windows-HomeGroup Provider Service/Operational</Channel>\n<Computer>IACIS-HDD-2014</Computer>\n<Security UserID=\"S-1-5-19\"></Security>\n</System>\n<EventData><Data Name=\"OldStatus\">0</Data>\n<Data Name=\"NewStatus\">2</Data>\n</EventData>\n</Event>\n"
  },
  {
    "EventID": 5013,
    "Timestamp": "2014-01-25 13:53:47.373306+00:00",
    "Computer": "IACIS-HDD-2014",
    "Channel": "Microsoft-Windows-HomeGroup Provider Service/Operational",
    "Level": "Information",
    "EventData": {
      "OldStatus": "2",
      "NewStatus": "140"
    },
    "RawXml": "<Event xmlns=\"http://schemas.microsoft.com/win/2004/08/events/event\"><System><Provider Name=\"Microsoft-Windows-HomeGroup-ProviderService\" Guid=\"{c9bdb4eb-9287-4c8e-8378-6896f0d1c5ef}\"></Provider>\n<EventID Qualifiers=\"\">5013</EventID>\n<Version>0</Version>\n<Level>4</Level>\n<Task>0</Task>\n<Opcode>0</Opcode>\n<Keywords>0x8000000000000000</Keywords>\n<TimeCreated SystemTime=\"2014-01-25 13:53:47.373306+00:00\"></TimeCreated>\n<EventRecordID>13</EventRecordID>\n<Correlation ActivityID=\"\" RelatedActivityID=\"\"></Correlation>\n<Execution ProcessID=\"752\" ThreadID=\"1088\"></Execution>\n<Channel>Microsoft-Windows-HomeGroup Provider Service/Operational</Channel>\n<Computer>IACIS-HDD-2014</Computer>\n<Security UserID=\"S-1-5-19\"></Security>\n</System>\n<EventData><Data Name=\"OldStatus\">2</Data>\n<Data Name=\"NewStatus\">140</Data>\n</EventData>\n</Event>\n"
  },
  {
    "EventID": 5013,
    "Timestamp": "2014-01-25 13:54:11.163349+00:00",
    "Computer": "IACIS-HDD-2014",
    "Channel": "Microsoft-Windows-HomeGroup Provider Service/Operational",
    "Level": "Information",
    "EventData": {
      "OldStatus": "140",
      "NewStatus": "156"
    },
    "RawXml": "<Event xmlns=\"http://schemas.microsoft.com/win/2004/08/events/event\"><System><Provider Name=\"Microsoft-Windows-HomeGroup-ProviderService\" Guid=\"{c9bdb4eb-9287-4c8e-8378-6896f0d1c5ef}\"></Provider>\n<EventID Qualifiers=\"\">5013</EventID>\n<Version>0</Version>\n<Level>4</Level>\n<Task>0</Task>\n<Opcode>0</Opcode>\n<Keywords>0x8000000000000000</Keywords>\n<TimeCreated SystemTime=\"2014-01-25 13:54:11.163349+00:00\"></TimeCreated>\n<EventRecordID>14</EventRecordID>\n<Correlation ActivityID=\"\" RelatedActivityID=\"\"></Correlation>\n<Execution ProcessID=\"752\" ThreadID=\"2268\"></Execution>\n<Channel>Microsoft-Windows-HomeGroup Provider Service/Operational</Channel>\n<Computer>IACIS-HDD-2014</Computer>\n<Security UserID=\"S-1-5-19\"></Security>\n</System>\n<EventData><Data Name=\"OldStatus\">140</Data>\n<Data Name=\"NewStatus\">156</Data>\n</EventData>\n</Event>\n"
  },
  {
    "EventID": 5006,
    "Timestamp": "2014-01-25 13:54:11.444149+00:00",
    "Computer": "IACIS-HDD-2014",
    "Channel": "Microsoft-Windows-HomeGroup Provider Service/Operational",
    "Level": "Information",
    "EventData": {},
    "RawXml": "<Event xmlns=\"http://schemas.microsoft.com/win/2004/08/events/event\"><System><Provider Name=\"Microsoft-Windows-HomeGroup-ProviderService\" Guid=\"{c9bdb4eb-9287-4c8e-8378-6896f0d1c5ef}\"></Provider>\n<EventID Qualifiers=\"\">5006</EventID>\n<Version>0</Version>\n<Level>4</Level>\n<Task>0</Task>\n<Opcode>0</Opcode>\n<Keywords>0x8000000000000000</Keywords>\n<TimeCreated SystemTime=\"2014-01-25 13:54:11.444149+00:00\"></TimeCreated>\n<EventRecordID>15</EventRecordID>\n<Correlation ActivityID=\"\" RelatedActivityID=\"\"></Correlation>\n<Execution ProcessID=\"752\" ThreadID=\"2268\"></Execution>\n<Channel>Microsoft-Windows-HomeGroup Provider Service/Operational</Channel>\n<Computer>IACIS-HDD-2014</Computer>\n<Security UserID=\"S-1-5-19\"></Security>\n</System>\n<EventData></EventData>\n</Event>\n"
  },
  {
    "EventID": 5013,
    "Timestamp": "2014-01-25 14:50:43.425079+00:00",
    "Computer": "IACIS-HDD-2014",
    "Channel": "Microsoft-Windows-HomeGroup Provider Service/Operational",
    "Level": "Information",
    "EventData": {
      "OldStatus": "156",
      "NewStatus": "140"
    },
    "RawXml": "<Event xmlns=\"http://schemas.microsoft.com/win/2004/08/events/event\"><System><Provider Name=\"Microsoft-Windows-HomeGroup-ProviderService\" Guid=\"{c9bdb4eb-9287-4c8e-8378-6896f0d1c5ef}\"></Provider>\n<EventID Qualifiers=\"\">5013</EventID>\n<Version>0</Version>\n<Level>4</Level>\n<Task>0</Task>\n<Opcode>0</Opcode>\n<Keywords>0x8000000000000000</Keywords>\n<TimeCreated SystemTime=\"2014-01-25 14:50:43.425079+00:00\"></TimeCreated>\n<EventRecordID>16</EventRecordID>\n<Correlation ActivityID=\"\" RelatedActivityID=\"\"></Correlation>\n<Execution ProcessID=\"752\" ThreadID=\"1320\"></Execution>\n<Channel>Microsoft-Windows-HomeGroup Provider Service/Operational</Channel>\n<Computer>IACIS-HDD-2014</Computer>\n<Security UserID=\"S-1-5-19\"></Security>\n</System>\n<EventData><Data Name=\"OldStatus\">156</Data>\n<Data Name=\"NewStatus\">140</Data>\n</EventData>\n</Event>\n"
  },
  {
    "EventID": 5013,
    "Timestamp": "2014-01-29 12:32:42.275560+00:00",
    "Computer": "IACIS-HDD-2014",
    "Channel": "Microsoft-Windows-HomeGroup Provider Service/Operational",
    "Level": "Information",
    "EventData": {
      "OldStatus": "0",
      "NewStatus": "2"
    },
    "RawXml": "<Event xmlns=\"http://schemas.microsoft.com/win/2004/08/events/event\"><System><Provider Name=\"Microsoft-Windows-HomeGroup-ProviderService\" Guid=\"{c9bdb4eb-9287-4c8e-8378-6896f0d1c5ef}\"></Provider>\n<EventID Qualifiers=\"\">5013</EventID>\n<Version>0</Version>\n<Level>4</Level>\n<Task>0</Task>\n<Opcode>0</Opcode>\n<Keywords>0x8000000000000000</Keywords>\n<TimeCreated SystemTime=\"2014-01-29 12:32:42.275560+00:00\"></TimeCreated>\n<EventRecordID>17</EventRecordID>\n<Correlation ActivityID=\"\" RelatedActivityID=\"\"></Correlation>\n<Execution ProcessID=\"860\" ThreadID=\"1508\"></Execution>\n<Channel>Microsoft-Windows-HomeGroup Provider Service/Operational</Channel>\n<Computer>IACIS-HDD-2014</Computer>\n<Security UserID=\"S-1-5-19\"></Security>\n</System>\n<EventData><Data Name=\"OldStatus\">0</Data>\n<Data Name=\"NewStatus\">2</Data>\n</EventData>\n</Event>\n"
  },
  {
    "EventID": 5013,
    "Timestamp": "2014-01-29 12:32:42.322361+00:00",
    "Computer": "IACIS-HDD-2014",
    "Channel": "Microsoft-Windows-HomeGroup Provider Service/Operational",
    "Level": "Information",
    "EventData": {
      "OldStatus": "2",
      "NewStatus": "140"
    },
    "RawXml": "<Event xmlns=\"http://schemas.microsoft.com/win/2004/08/events/event\"><System><Provider Name=\"Microsoft-Windows-HomeGroup-ProviderService\" Guid=\"{c9bdb4eb-9287-4c8e-8378-6896f0d1c5ef}\"></Provider>\n<EventID Qualifiers=\"\">5013</EventID>\n<Version>0</Version>\n<Level>4</Level>\n<Task>0</Task>\n<Opcode>0</Opcode>\n<Keywords>0x8000000000000000</Keywords>\n<TimeCreated SystemTime=\"2014-01-29 12:32:42.322361+00:00\"></TimeCreated>\n<EventRecordID>18</EventRecordID>\n<Correlation ActivityID=\"\" RelatedActivityID=\"\"></Correlation>\n<Execution ProcessID=\"860\" ThreadID=\"1508\"></Execution>\n<Channel>Microsoft-Windows-HomeGroup Provider Service/Operational</Channel>\n<Computer>IACIS-HDD-2014</Computer>\n<Security UserID=\"S-1-5-19\"></Security>\n</System>\n<EventData><Data Name=\"OldStatus\">2</Data>\n<Data Name=\"NewStatus\">140</Data>\n</EventData>\n</Event>\n"
  },
  {
    "EventID": 5013,
    "Timestamp": "2014-01-29 12:33:32.320450+00:00",
    "Computer": "IACIS-HDD-2014",
    "Channel": "Microsoft-Windows-HomeGroup Provider Service/Operational",
    "Level": "Information",
    "EventData": {
      "OldStatus": "140",
      "NewStatus": "156"
    },
    "RawXml": "<Event xmlns=\"http://schemas.microsoft.com/win/2004/08/events/event\"><System><Provider Name=\"Microsoft-Windows-HomeGroup-ProviderService\" Guid=\"{c9bdb4eb-9287-4c8e-8378-6896f0d1c5ef}\"></Provider>\n<EventID Qualifiers=\"\">5013</EventID>\n<Version>0</Version>\n<Level>4</Level>\n<Task>0</Task>\n<Opcode>0</Opcode>\n<Keywords>0x8000000000000000</Keywords>\n<TimeCreated SystemTime=\"2014-01-29 12:33:32.320450+00:00\"></TimeCreated>\n<EventRecordID>19</EventRecordID>\n<Correlation ActivityID=\"\" RelatedActivityID=\"\"></Correlation>\n<Execution ProcessID=\"860\" ThreadID=\"1836\"></Execution>\n<Channel>Microsoft-Windows-HomeGroup Provider Service/Operational</Channel>\n<Computer>IACIS-HDD-2014</Computer>\n<Security UserID=\"S-1-5-19\"></Security>\n</System>\n<EventData><Data Name=\"OldStatus\">140</Data>\n<Data Name=\"NewStatus\">156</Data>\n</EventData>\n</Event>\n"
  },
  {
    "EventID": 5006,
    "Timestamp": "2014-01-29 12:33:33.880451+00:00",
    "Computer": "IACIS-HDD-2014",
    "Channel": "Microsoft-Windows-HomeGroup Provider Service/Operational",
    "Level": "Information",
    "EventData": {},
    "RawXml": "<Event xmlns=\"http://schemas.microsoft.com/win/2004/08/events/event\"><System><Provider Name=\"Microsoft-Windows-HomeGroup-ProviderService\" Guid=\"{c9bdb4eb-9287-4c8e-8378-6896f0d1c5ef}\"></Provider>\n<EventID Qualifiers=\"\">5006</EventID>\n<Version>0</Version>\n<Level>4</Level>\n<Task>0</Task>\n<Opcode>0</Opcode>\n<Keywords>0x8000000000000000</Keywords>\n<TimeCreated SystemTime=\"2014-01-29 12:33:33.880451+00:00\"></TimeCreated>\n<EventRecordID>20</EventRecordID>\n<Correlation ActivityID=\"\" RelatedActivityID=\"\"></Correlation>\n<Execution ProcessID=\"860\" ThreadID=\"1836\"></Execution>\n<Channel>Microsoft-Windows-HomeGroup Provider Service/Operational</Channel>\n<Computer>IACIS-HDD-2014</Computer>\n<Security UserID=\"S-1-5-19\"></Security>\n</System>\n<EventData></EventData>\n</Event>\n"
  },
  {
    "EventID": 5013,
    "Timestamp": "2014-02-03 12:03:32.525423+00:00",
    "Computer": "IACIS-HDD-2014",
    "Channel": "Microsoft-Windows-HomeGroup Provider Service/Operational",
    "Level": "Information",
    "EventData": {
      "OldStatus": "0",
      "NewStatus": "2"
    },
    "RawXml": "<Event xmlns=\"http://schemas.microsoft.com/win/2004/08/events/event\"><System><Provider Name=\"Microsoft-Windows-HomeGroup-ProviderService\" Guid=\"{c9bdb4eb-9287-4c8e-8378-6896f0d1c5ef}\"></Provider>\n<EventID Qualifiers=\"\">5013</EventID>\n<Version>0</Version>\n<Level>4</Level>\n<Task>0</Task>\n<Opcode>0</Opcode>\n<Keywords>0x8000000000000000</Keywords>\n<TimeCreated SystemTime=\"2014-02-03 12:03:32.525423+00:00\"></TimeCreated>\n<EventRecordID>21</EventRecordID>\n<Correlation ActivityID=\"\" RelatedActivityID=\"\"></Correlation>\n<Execution ProcessID=\"868\" ThreadID=\"884\"></Execution>\n<Channel>Microsoft-Windows-HomeGroup Provider Service/Operational</Channel>\n<Computer>IACIS-HDD-2014</Computer>\n<Security UserID=\"S-1-5-19\"></Security>\n</System>\n<EventData><Data Name=\"OldStatus\">0</Data>\n<Data Name=\"NewStatus\">2</Data>\n</EventData>\n</Event>\n"
  },
  {
    "EventID": 5013,
    "Timestamp": "2014-02-03 12:03:32.525423+00:00",
    "Computer": "IACIS-HDD-2014",
    "Channel": "Microsoft-Windows-HomeGroup Provider Service/Operational",
    "Level": "Information",
    "EventData": {
      "OldStatus": "2",
      "NewStatus": "140"
    },
    "RawXml": "<Event xmlns=\"http://schemas.microsoft.com/win/2004/08/events/event\"><System><Provider Name=\"Microsoft-Windows-HomeGroup-ProviderService\" Guid=\"{c9bdb4eb-9287-4c8e-8378-6896f0d1c5ef}\"></Provider>\n<EventID Qualifiers=\"\">5013</EventID>\n<Version>0</Version>\n<Level>4</Level>\n<Task>0</Task>\n<Opcode>0</Opcode>\n<Keywords>0x8000000000000000</Keywords>\n<TimeCreated SystemTime=\"2014-02-03 12:03:32.525423+00:00\"></TimeCreated>\n<EventRecordID>22</EventRecordID>\n<Correlation ActivityID=\"\" RelatedActivityID=\"\"></Correlation>\n<Execution ProcessID=\"868\" ThreadID=\"884\"></Execution>\n<Channel>Microsoft-Windows-HomeGroup Provider Service/Operational</Channel>\n<Computer>IACIS-HDD-2014</Computer>\n<Security UserID=\"S-1-5-19\"></Security>\n</System>\n<EventData><Data Name=\"OldStatus\">2</Data>\n<Data Name=\"NewStatus\">140</Data>\n</EventData>\n</Event>\n"
  },
  {
    "EventID": 5013,
    "Timestamp": "2014-02-03 12:03:56.424665+00:00",
    "Computer": "IACIS-HDD-2014",
    "Channel": "Microsoft-Windows-HomeGroup Provider Service/Operational",
    "Level": "Information",
    "EventData": {
      "OldStatus": "140",
      "NewStatus": "156"
    },
    "RawXml": "<Event xmlns=\"http://schemas.microsoft.com/win/2004/08/events/event\"><System><Provider Name=\"Microsoft-Windows-HomeGroup-ProviderService\" Guid=\"{c9bdb4eb-9287-4c8e-8378-6896f0d1c5ef}\"></Provider>\n<EventID Qualifiers=\"\">5013</EventID>\n<Version>0</Version>\n<Level>4</Level>\n<Task>0</Task>\n<Opcode>0</Opcode>\n<Keywords>0x8000000000000000</Keywords>\n<TimeCreated SystemTime=\"2014-02-03 12:03:56.424665+00:00\"></TimeCreated>\n<EventRecordID>23</EventRecordID>\n<Correlation ActivityID=\"\" RelatedActivityID=\"\"></Correlation>\n<Execution ProcessID=\"868\" ThreadID=\"2252\"></Execution>\n<Channel>Microsoft-Windows-HomeGroup Provider Service/Operational</Channel>\n<Computer>IACIS-HDD-2014</Computer>\n<Security UserID=\"S-1-5-19\"></Security>\n</System>\n<EventData><Data Name=\"OldStatus\">140</Data>\n<Data Name=\"NewStatus\">156</Data>\n</EventData>\n</Event>\n"
  },
  {
    "EventID": 5006,
    "Timestamp": "2014-02-03 12:03:56.908266+00:00",
    "Computer": "IACIS-HDD-2014",
    "Channel": "Microsoft-Windows-HomeGroup Provider Service/Operational",
    "Level": "Information",
    "EventData": {},
    "RawXml": "<Event xmlns=\"http://schemas.microsoft.com/win/2004/08/events/event\"><System><Provider Name=\"Microsoft-Windows-HomeGroup-ProviderService\" Guid=\"{c9bdb4eb-9287-4c8e-8378-6896f0d1c5ef}\"></Provider>\n<EventID Qualifiers=\"\">5006</EventID>\n<Version>0</Version>\n<Level>4</Level>\n<Task>0</Task>\n<Opcode>0</Opcode>\n<Keywords>0x8000000000000000</Keywords>\n<TimeCreated SystemTime=\"2014-02-03 12:03:56.908266+00:00\"></TimeCreated>\n<EventRecordID>24</EventRecordID>\n<Correlation ActivityID=\"\" RelatedActivityID=\"\"></Correlation>\n<Execution ProcessID=\"868\" ThreadID=\"2252\"></Execution>\n<Channel>Microsoft-Windows-HomeGroup Provider Service/Operational</Channel>\n<Computer>IACIS-HDD-2014</Computer>\n<Security UserID=\"S-1-5-19\"></Security>\n</System>\n<EventData></EventData>\n</Event>\n"
  },
  {
    "EventID": 5013,
    "Timestamp": "2014-02-04 14:14:31.729191+00:00",
    "Computer": "IACIS-HDD-2014",
    "Channel": "Microsoft-Windows-HomeGroup Provider Service/Operational",
    "Level": "Information",
    "EventData": {
      "OldStatus": "0",
      "NewStatus": "2"
    },
    "RawXml": "<Event xmlns=\"http://schemas.microsoft.com/win/2004/08/events/event\"><System><Provider Name=\"Microsoft-Windows-HomeGroup-ProviderService\" Guid=\"{c9bdb4eb-9287-4c8e-8378-6896f0d1c5ef}\"></Provider>\n<EventID Qualifiers=\"\">5013</EventID>\n<Version>0</Version>\n<Level>4</Level>\n<Task>0</Task>\n<Opcode>0</Opcode>\n<Keywords>0x8000000000000000</Keywords>\n<TimeCreated SystemTime=\"2014-02-04 14:14:31.729191+00:00\"></TimeCreated>\n<EventRecordID>25</EventRecordID>\n<Correlation ActivityID=\"\" RelatedActivityID=\"\"></Correlation>\n<Execution ProcessID=\"872\" ThreadID=\"500\"></Execution>\n<Channel>Microsoft-Windows-HomeGroup Provider Service/Operational</Channel>\n<Computer>IACIS-HDD-2014</Computer>\n<Security UserID=\"S-1-5-19\"></Security>\n</System>\n<EventData><Data Name=\"OldStatus\">0</Data>\n<Data Name=\"NewStatus\">2</Data>\n</EventData>\n</Event>\n"
  },
  {
    "EventID": 5013,
    "Timestamp": "2014-02-04 14:14:31.729191+00:00",
    "Computer": "IACIS-HDD-2014",
    "Channel": "Microsoft-Windows-HomeGroup Provider Service/Operational",
    "Level": "Information",
    "EventData": {
      "OldStatus": "2",
      "NewStatus": "140"
    },
    "RawXml": "<Event xmlns=\"http://schemas.microsoft.com/win/2004/08/events/event\"><System><Provider Name=\"Microsoft-Windows-HomeGroup-ProviderService\" Guid=\"{c9bdb4eb-9287-4c8e-8378-6896f0d1c5ef}\"></Provider>\n<EventID Qualifiers=\"\">5013</EventID>\n<Version>0</Version>\n<Level>4</Level>\n<Task>0</Task>\n<Opcode>0</Opcode>\n<Keywords>0x8000000000000000</Keywords>\n<TimeCreated SystemTime=\"2014-02-04 14:14:31.729191+00:00\"></TimeCreated>\n<EventRecordID>26</EventRecordID>\n<Correlation ActivityID=\"\" RelatedActivityID=\"\"></Correlation>\n<Execution ProcessID=\"872\" ThreadID=\"500\"></Execution>\n<Channel>Microsoft-Windows-HomeGroup Provider Service/Operational</Channel>\n<Computer>IACIS-HDD-2014</Computer>\n<Security UserID=\"S-1-5-19\"></Security>\n</System>\n<EventData><Data Name=\"OldStatus\">2</Data>\n<Data Name=\"NewStatus\">140</Data>\n</EventData>\n</Event>\n"
  },
  {
    "EventID": 5013,
    "Timestamp": "2014-02-04 14:14:54.489632+00:00",
    "Computer": "IACIS-HDD-2014",
    "Channel": "Microsoft-Windows-HomeGroup Provider Service/Operational",
    "Level": "Information",
    "EventData": {
      "OldStatus": "140",
      "NewStatus": "156"
    },
    "RawXml": "<Event xmlns=\"http://schemas.microsoft.com/win/2004/08/events/event\"><System><Provider Name=\"Microsoft-Windows-HomeGroup-ProviderService\" Guid=\"{c9bdb4eb-9287-4c8e-8378-6896f0d1c5ef}\"></Provider>\n<EventID Qualifiers=\"\">5013</EventID>\n<Version>0</Version>\n<Level>4</Level>\n<Task>0</Task>\n<Opcode>0</Opcode>\n<Keywords>0x8000000000000000</Keywords>\n<TimeCreated SystemTime=\"2014-02-04 14:14:54.489632+00:00\"></TimeCreated>\n<EventRecordID>27</EventRecordID>\n<Correlation ActivityID=\"\" RelatedActivityID=\"\"></Correlation>\n<Execution ProcessID=\"872\" ThreadID=\"2732\"></Execution>\n<Channel>Microsoft-Windows-HomeGroup Provider Service/Operational</Channel>\n<Computer>IACIS-HDD-2014</Computer>\n<Security UserID=\"S-1-5-19\"></Security>\n</System>\n<EventData><Data Name=\"OldStatus\">140</Data>\n<Data Name=\"NewStatus\">156</Data>\n</EventData>\n</Event>\n"
  },
  {
    "EventID": 5006,
    "Timestamp": "2014-02-04 14:14:54.817232+00:00",
    "Computer": "IACIS-HDD-2014",
    "Channel": "Microsoft-Windows-HomeGroup Provider Service/Operational",
    "Level": "Information",
    "EventData": {},
    "RawXml": "<Event xmlns=\"http://schemas.microsoft.com/win/2004/08/events/event\"><System><Provider Name=\"Microsoft-Windows-HomeGroup-ProviderService\" Guid=\"{c9bdb4eb-9287-4c8e-8378-6896f0d1c5ef}\"></Provider>\n<EventID Qualifiers=\"\">5006</EventID>\n<Version>0</Version>\n<Level>4</Level>\n<Task>0</Task>\n<Opcode>0</Opcode>\n<Keywords>0x8000000000000000</Keywords>\n<TimeCreated SystemTime=\"2014-02-04 14:14:54.817232+00:00\"></TimeCreated>\n<EventRecordID>28</EventRecordID>\n<Correlation ActivityID=\"\" RelatedActivityID=\"\"></Correlation>\n<Execution ProcessID=\"872\" ThreadID=\"2732\"></Execution>\n<Channel>Microsoft-Windows-HomeGroup Provider Service/Operational</Channel>\n<Computer>IACIS-HDD-2014</Computer>\n<Security UserID=\"S-1-5-19\"></Security>\n</System>\n<EventData></EventData>\n</Event>\n"
  },
  {
    "EventID": 5013,
    "Timestamp": "2014-02-04 19:18:31.586132+00:00",
    "Computer": "IACIS-HDD-2014",
    "Channel": "Microsoft-Windows-HomeGroup Provider Service/Operational",
    "Level": "Information",
    "EventData": {
      "OldStatus": "156",
      "NewStatus": "140"
    },
    "RawXml": "<Event xmlns=\"http://schemas.microsoft.com/win/2004/08/events/event\"><System><Provider Name=\"Microsoft-Windows-HomeGroup-ProviderService\" Guid=\"{c9bdb4eb-9287-4c8e-8378-6896f0d1c5ef}\"></Provider>\n<EventID Qualifiers=\"\">5013</EventID>\n<Version>0</Version>\n<Level>4</Level>\n<Task>0</Task>\n<Opcode>0</Opcode>\n<Keywords>0x8000000000000000</Keywords>\n<TimeCreated SystemTime=\"2014-02-04 19:18:31.586132+00:00\"></TimeCreated>\n<EventRecordID>29</EventRecordID>\n<Correlation ActivityID=\"\" RelatedActivityID=\"\"></Correlation>\n<Execution ProcessID=\"872\" ThreadID=\"1832\"></Execution>\n<Channel>Microsoft-Windows-HomeGroup Provider Service/Operational</Channel>\n<Computer>IACIS-HDD-2014</Computer>\n<Security UserID=\"S-1-5-19\"></Security>\n</System>\n<EventData><Data Name=\"OldStatus\">156</Data>\n<Data Name=\"NewStatus\">140</Data>\n</EventData>\n</Event>\n"
  },
  {
    "EventID": 5013,
    "Timestamp": "2014-02-05 13:37:45.024801+00:00",
    "Computer": "IACIS-HDD-2014",
    "Channel": "Microsoft-Windows-HomeGroup Provider Service/Operational",
    "Level": "Information",
    "EventData": {
      "OldStatus": "0",
      "NewStatus": "2"
    },
    "RawXml": "<Event xmlns=\"http://schemas.microsoft.com/win/2004/08/events/event\"><System><Provider Name=\"Microsoft-Windows-HomeGroup-ProviderService\" Guid=\"{c9bdb4eb-9287-4c8e-8378-6896f0d1c5ef}\"></Provider>\n<EventID Qualifiers=\"\">5013</EventID>\n<Version>0</Version>\n<Level>4</Level>\n<Task>0</Task>\n<Opcode>0</Opcode>\n<Keywords>0x8000000000000000</Keywords>\n<TimeCreated SystemTime=\"2014-02-05 13:37:45.024801+00:00\"></TimeCreated>\n<EventRecordID>30</EventRecordID>\n<Correlation ActivityID=\"\" RelatedActivityID=\"\"></Correlation>\n<Execution ProcessID=\"896\" ThreadID=\"2104\"></Execution>\n<Channel>Microsoft-Windows-HomeGroup Provider Service/Operational</Channel>\n<Computer>IACIS-HDD-2014</Computer>\n<Security UserID=\"S-1-5-19\"></Security>\n</System>\n<EventData><Data Name=\"OldStatus\">0</Data>\n<Data Name=\"NewStatus\">2</Data>\n</EventData>\n</Event>\n"
  },
  {
    "EventID": 5013,
    "Timestamp": "2014-02-05 13:37:45.102800+00:00",
    "Computer": "IACIS-HDD-2014",
    "Channel": "Microsoft-Windows-HomeGroup Provider Service/Operational",
    "Level": "Information",
    "EventData": {
      "OldStatus": "2",
      "NewStatus": "140"
    },
    "RawXml": "<Event xmlns=\"http://schemas.microsoft.com/win/2004/08/events/event\"><System><Provider Name=\"Microsoft-Windows-HomeGroup-ProviderService\" Guid=\"{c9bdb4eb-9287-4c8e-8378-6896f0d1c5ef}\"></Provider>\n<EventID Qualifiers=\"\">5013</EventID>\n<Version>0</Version>\n<Level>4</Level>\n<Task>0</Task>\n<Opcode>0</Opcode>\n<Keywords>0x8000000000000000</Keywords>\n<TimeCreated SystemTime=\"2014-02-05 13:37:45.102800+00:00\"></TimeCreated>\n<EventRecordID>31</EventRecordID>\n<Correlation ActivityID=\"\" RelatedActivityID=\"\"></Correlation>\n<Execution ProcessID=\"896\" ThreadID=\"2104\"></Execution>\n<Channel>Microsoft-Windows-HomeGroup Provider Service/Operational</Channel>\n<Computer>IACIS-HDD-2014</Computer>\n<Security UserID=\"S-1-5-19\"></Security>\n</System>\n<EventData><Data Name=\"OldStatus\">2</Data>\n<Data Name=\"NewStatus\">140</Data>\n</EventData>\n</Event>\n"
  },
  {
    "EventID": 5013,
    "Timestamp": "2014-02-05 13:38:13.218050+00:00",
    "Computer": "IACIS-HDD-2014",
    "Channel": "Microsoft-Windows-HomeGroup Provider Service/Operational",
    "Level": "Information",
    "EventData": {
      "OldStatus": "140",
      "NewStatus": "156"
    },
    "RawXml": "<Event xmlns=\"http://schemas.microsoft.com/win/2004/08/events/event\"><System><Provider Name=\"Microsoft-Windows-HomeGroup-ProviderService\" Guid=\"{c9bdb4eb-9287-4c8e-8378-6896f0d1c5ef}\"></Provider>\n<EventID Qualifiers=\"\">5013</EventID>\n<Version>0</Version>\n<Level>4</Level>\n<Task>0</Task>\n<Opcode>0</Opcode>\n<Keywords>0x8000000000000000</Keywords>\n<TimeCreated SystemTime=\"2014-02-05 13:38:13.218050+00:00\"></TimeCreated>\n<EventRecordID>32</EventRecordID>\n<Correlation ActivityID=\"\" RelatedActivityID=\"\"></Correlation>\n<Execution ProcessID=\"896\" ThreadID=\"2744\"></Execution>\n<Channel>Microsoft-Windows-HomeGroup Provider Service/Operational</Channel>\n<Computer>IACIS-HDD-2014</Computer>\n<Security UserID=\"S-1-5-19\"></Security>\n</System>\n<EventData><Data Name=\"OldStatus\">140</Data>\n<Data Name=\"NewStatus\">156</Data>\n</EventData>\n</Event>\n"
  },
  {
    "EventID": 5006,
    "Timestamp": "2014-02-05 13:38:13.795252+00:00",
    "Computer": "IACIS-HDD-2014",
    "Channel": "Microsoft-Windows-HomeGroup Provider Service/Operational",
    "Level": "Information",
    "EventData": {},
    "RawXml": "<Event xmlns=\"http://schemas.microsoft.com/win/2004/08/events/event\"><System><Provider Name=\"Microsoft-Windows-HomeGroup-ProviderService\" Guid=\"{c9bdb4eb-9287-4c8e-8378-6896f0d1c5ef}\"></Provider>\n<EventID Qualifiers=\"\">5006</EventID>\n<Version>0</Version>\n<Level>4</Level>\n<Task>0</Task>\n<Opcode>0</Opcode>\n<Keywords>0x8000000000000000</Keywords>\n<TimeCreated SystemTime=\"2014-02-05 13:38:13.795252+00:00\"></TimeCreated>\n<EventRecordID>33</EventRecordID>\n<Correlation ActivityID=\"\" RelatedActivityID=\"\"></Correlation>\n<Execution ProcessID=\"896\" ThreadID=\"2744\"></Execution>\n<Channel>Microsoft-Windows-HomeGroup Provider Service/Operational</Channel>\n<Computer>IACIS-HDD-2014</Computer>\n<Security UserID=\"S-1-5-19\"></Security>\n</System>\n<EventData></EventData>\n</Event>\n"
  },
  {
    "EventID": 5013,
    "Timestamp": "2014-02-05 18:18:02.787823+00:00",
    "Computer": "IACIS-HDD-2014",
    "Channel": "Microsoft-Windows-HomeGroup Provider Service/Operational",
    "Level": "Information",
    "EventData": {
      "OldStatus": "156",
      "NewStatus": "140"
    },
    "RawXml": "<Event xmlns=\"http://schemas.microsoft.com/win/2004/08/events/event\"><System><Provider Name=\"Microsoft-Windows-HomeGroup-ProviderService\" Guid=\"{c9bdb4eb-9287-4c8e-8378-6896f0d1c5ef}\"></Provider>\n<EventID Qualifiers=\"\">5013</EventID>\n<Version>0</Version>\n<Level>4</Level>\n<Task>0</Task>\n<Opcode>0</Opcode>\n<Keywords>0x8000000000000000</Keywords>\n<TimeCreated SystemTime=\"2014-02-05 18:18:02.787823+00:00\"></TimeCreated>\n<EventRecordID>34</EventRecordID>\n<Correlation ActivityID=\"\" RelatedActivityID=\"\"></Correlation>\n<Execution ProcessID=\"896\" ThreadID=\"3068\"></Execution>\n<Channel>Microsoft-Windows-HomeGroup Provider Service/Operational</Channel>\n<Computer>IACIS-HDD-2014</Computer>\n<Security UserID=\"S-1-5-19\"></Security>\n</System>\n<EventData><Data Name=\"OldStatus\">156</Data>\n<Data Name=\"NewStatus\">140</Data>\n</EventData>\n</Event>\n"
  },
  {
    "EventID": 5013,
    "Timestamp": "2014-02-05 18:19:21.302759+00:00",
    "Computer": "IACIS-HDD-2014",
    "Channel": "Microsoft-Windows-HomeGroup Provider Service/Operational",
    "Level": "Information",
    "EventData": {
      "OldStatus": "140",
      "NewStatus": "156"
    },
    "RawXml": "<Event xmlns=\"http://schemas.microsoft.com/win/2004/08/events/event\"><System><Provider Name=\"Microsoft-Windows-HomeGroup-ProviderService\" Guid=\"{c9bdb4eb-9287-4c8e-8378-6896f0d1c5ef}\"></Provider>\n<EventID Qualifiers=\"\">5013</EventID>\n<Version>0</Version>\n<Level>4</Level>\n<Task>0</Task>\n<Opcode>0</Opcode>\n<Keywords>0x8000000000000000</Keywords>\n<TimeCreated SystemTime=\"2014-02-05 18:19:21.302759+00:00\"></TimeCreated>\n<EventRecordID>35</EventRecordID>\n<Correlation ActivityID=\"\" RelatedActivityID=\"\"></Correlation>\n<Execution ProcessID=\"896\" ThreadID=\"2948\"></Execution>\n<Channel>Microsoft-Windows-HomeGroup Provider Service/Operational</Channel>\n<Computer>IACIS-HDD-2014</Computer>\n<Security UserID=\"S-1-5-19\"></Security>\n</System>\n<EventData><Data Name=\"OldStatus\">140</Data>\n<Data Name=\"NewStatus\">156</Data>\n</EventData>\n</Event>\n"
  },
  {
    "EventID": 5013,
    "Timestamp": "2014-02-05 18:20:57.866928+00:00",
    "Computer": "IACIS-HDD-2014",
    "Channel": "Microsoft-Windows-HomeGroup Provider Service/Operational",
    "Level": "Information",
    "EventData": {
      "OldStatus": "156",
      "NewStatus": "140"
    },
    "RawXml": "<Event xmlns=\"http://schemas.microsoft.com/win/2004/08/events/event\"><System><Provider Name=\"Microsoft-Windows-HomeGroup-ProviderService\" Guid=\"{c9bdb4eb-9287-4c8e-8378-6896f0d1c5ef}\"></Provider>\n<EventID Qualifiers=\"\">5013</EventID>\n<Version>0</Version>\n<Level>4</Level>\n<Task>0</Task>\n<Opcode>0</Opcode>\n<Keywords>0x8000000000000000</Keywords>\n<TimeCreated SystemTime=\"2014-02-05 18:20:57.866928+00:00\"></TimeCreated>\n<EventRecordID>36</EventRecordID>\n<Correlation ActivityID=\"\" RelatedActivityID=\"\"></Correlation>\n<Execution ProcessID=\"896\" ThreadID=\"3764\"></Execution>\n<Channel>Microsoft-Windows-HomeGroup Provider Service/Operational</Channel>\n<Computer>IACIS-HDD-2014</Computer>\n<Security UserID=\"S-1-5-19\"></Security>\n</System>\n<EventData><Data Name=\"OldStatus\">156</Data>\n<Data Name=\"NewStatus\">140</Data>\n</EventData>\n</Event>\n"
  },
  {
    "EventID": 5013,
    "Timestamp": "2014-02-05 18:21:30.439787+00:00",
    "Computer": "IACIS-HDD-2014",
    "Channel": "Microsoft-Windows-HomeGroup Provider Service/Operational",
    "Level": "Information",
    "EventData": {
      "OldStatus": "140",
      "NewStatus": "156"
    },
    "RawXml": "<Event xmlns=\"http://schemas.microsoft.com/win/2004/08/events/event\"><System><Provider Name=\"Microsoft-Windows-HomeGroup-ProviderService\" Guid=\"{c9bdb4eb-9287-4c8e-8378-6896f0d1c5ef}\"></Provider>\n<EventID Qualifiers=\"\">5013</EventID>\n<Version>0</Version>\n<Level>4</Level>\n<Task>0</Task>\n<Opcode>0</Opcode>\n<Keywords>0x8000000000000000</Keywords>\n<TimeCreated SystemTime=\"2014-02-05 18:21:30.439787+00:00\"></TimeCreated>\n<EventRecordID>37</EventRecordID>\n<Correlation ActivityID=\"\" RelatedActivityID=\"\"></Correlation>\n<Execution ProcessID=\"896\" ThreadID=\"4044\"></Execution>\n<Channel>Microsoft-Windows-HomeGroup Provider Service/Operational</Channel>\n<Computer>IACIS-HDD-2014</Computer>\n<Security UserID=\"S-1-5-19\"></Security>\n</System>\n<EventData><Data Name=\"OldStatus\">140</Data>\n<Data Name=\"NewStatus\">156</Data>\n</EventData>\n</Event>\n"
  },
  {
    "EventID": 5013,
    "Timestamp": "2014-02-06 11:22:36.828472+00:00",
    "Computer": "IACIS-HDD-2014",
    "Channel": "Microsoft-Windows-HomeGroup Provider Service/Operational",
    "Level": "Information",
    "EventData": {
      "OldStatus": "0",
      "NewStatus": "2"
    },
    "RawXml": "<Event xmlns=\"http://schemas.microsoft.com/win/2004/08/events/event\"><System><Provider Name=\"Microsoft-Windows-HomeGroup-ProviderService\" Guid=\"{c9bdb4eb-9287-4c8e-8378-6896f0d1c5ef}\"></Provider>\n<EventID Qualifiers=\"\">5013</EventID>\n<Version>0</Version>\n<Level>4</Level>\n<Task>0</Task>\n<Opcode>0</Opcode>\n<Keywords>0x8000000000000000</Keywords>\n<TimeCreated SystemTime=\"2014-02-06 11:22:36.828472+00:00\"></TimeCreated>\n<EventRecordID>38</EventRecordID>\n<Correlation ActivityID=\"\" RelatedActivityID=\"\"></Correlation>\n<Execution ProcessID=\"848\" ThreadID=\"1612\"></Execution>\n<Channel>Microsoft-Windows-HomeGroup Provider Service/Operational</Channel>\n<Computer>IACIS-HDD-2014</Computer>\n<Security UserID=\"S-1-5-19\"></Security>\n</System>\n<EventData><Data Name=\"OldStatus\">0</Data>\n<Data Name=\"NewStatus\">2</Data>\n</EventData>\n</Event>\n"
  },
  {
    "EventID": 5013,
    "Timestamp": "2014-02-06 11:22:36.828472+00:00",
    "Computer": "IACIS-HDD-2014",
    "Channel": "Microsoft-Windows-HomeGroup Provider Service/Operational",
    "Level": "Information",
    "EventData": {
      "OldStatus": "2",
      "NewStatus": "140"
    },
    "RawXml": "<Event xmlns=\"http://schemas.microsoft.com/win/2004/08/events/event\"><System><Provider Name=\"Microsoft-Windows-HomeGroup-ProviderService\" Guid=\"{c9bdb4eb-9287-4c8e-8378-6896f0d1c5ef}\"></Provider>\n<EventID Qualifiers=\"\">5013</EventID>\n<Version>0</Version>\n<Level>4</Level>\n<Task>0</Task>\n<Opcode>0</Opcode>\n<Keywords>0x8000000000000000</Keywords>\n<TimeCreated SystemTime=\"2014-02-06 11:22:36.828472+00:00\"></TimeCreated>\n<EventRecordID>39</EventRecordID>\n<Correlation ActivityID=\"\" RelatedActivityID=\"\"></Correlation>\n<Execution ProcessID=\"848\" ThreadID=\"1612\"></Execution>\n<Channel>Microsoft-Windows-HomeGroup Provider Service/Operational</Channel>\n<Computer>IACIS-HDD-2014</Computer>\n<Security UserID=\"S-1-5-19\"></Security>\n</System>\n<EventData><Data Name=\"OldStatus\">2</Data>\n<Data Name=\"NewStatus\">140</Data>\n</EventData>\n</Event>\n"
  },
  {
    "EventID": 5013,
    "Timestamp": "2014-02-06 11:22:59.914911+00:00",
    "Computer": "IACIS-HDD-2014",
    "Channel": "Microsoft-Windows-HomeGroup Provider Service/Operational",
    "Level": "Information",
    "EventData": {
      "OldStatus": "140",
      "NewStatus": "156"
    },
    "RawXml": "<Event xmlns=\"http://schemas.microsoft.com/win/2004/08/events/event\"><System><Provider Name=\"Microsoft-Windows-HomeGroup-ProviderService\" Guid=\"{c9bdb4eb-9287-4c8e-8378-6896f0d1c5ef}\"></Provider>\n<EventID Qualifiers=\"\">5013</EventID>\n<Version>0</Version>\n<Level>4</Level>\n<Task>0</Task>\n<Opcode>0</Opcode>\n<Keywords>0x8000000000000000</Keywords>\n<TimeCreated SystemTime=\"2014-02-06 11:22:59.914911+00:00\"></TimeCreated>\n<EventRecordID>40</EventRecordID>\n<Correlation ActivityID=\"\" RelatedActivityID=\"\"></Correlation>\n<Execution ProcessID=\"848\" ThreadID=\"2744\"></Execution>\n<Channel>Microsoft-Windows-HomeGroup Provider Service/Operational</Channel>\n<Computer>IACIS-HDD-2014</Computer>\n<Security UserID=\"S-1-5-19\"></Security>\n</System>\n<EventData><Data Name=\"OldStatus\">140</Data>\n<Data Name=\"NewStatus\">156</Data>\n</EventData>\n</Event>\n"
  },
  {
    "EventID": 5006,
    "Timestamp": "2014-02-06 11:23:00.336113+00:00",
    "Computer": "IACIS-HDD-2014",
    "Channel": "Microsoft-Windows-HomeGroup Provider Service/Operational",
    "Level": "Information",
    "EventData": {},
    "RawXml": "<Event xmlns=\"http://schemas.microsoft.com/win/2004/08/events/event\"><System><Provider Name=\"Microsoft-Windows-HomeGroup-ProviderService\" Guid=\"{c9bdb4eb-9287-4c8e-8378-6896f0d1c5ef}\"></Provider>\n<EventID Qualifiers=\"\">5006</EventID>\n<Version>0</Version>\n<Level>4</Level>\n<Task>0</Task>\n<Opcode>0</Opcode>\n<Keywords>0x8000000000000000</Keywords>\n<TimeCreated SystemTime=\"2014-02-06 11:23:00.336113+00:00\"></TimeCreated>\n<EventRecordID>41</EventRecordID>\n<Correlation ActivityID=\"\" RelatedActivityID=\"\"></Correlation>\n<Execution ProcessID=\"848\" ThreadID=\"2744\"></Execution>\n<Channel>Microsoft-Windows-HomeGroup Provider Service/Operational</Channel>\n<Computer>IACIS-HDD-2014</Computer>\n<Security UserID=\"S-1-5-19\"></Security>\n</System>\n<EventData></EventData>\n</Event>\n"
  },
  {
    "EventID": 5013,
    "Timestamp": "2014-02-06 12:00:52.999704+00:00",
    "Computer": "IACIS-HDD-2014",
    "Channel": "Microsoft-Windows-HomeGroup Provider Service/Operational",
    "Level": "Information",
    "EventData": {
      "OldStatus": "156",
      "NewStatus": "140"
    },
    "RawXml": "<Event xmlns=\"http://schemas.microsoft.com/win/2004/08/events/event\"><System><Provider Name=\"Microsoft-Windows-HomeGroup-ProviderService\" Guid=\"{c9bdb4eb-9287-4c8e-8378-6896f0d1c5ef}\"></Provider>\n<EventID Qualifiers=\"\">5013</EventID>\n<Version>0</Version>\n<Level>4</Level>\n<Task>0</Task>\n<Opcode>0</Opcode>\n<Keywords>0x8000000000000000</Keywords>\n<TimeCreated SystemTime=\"2014-02-06 12:00:52.999704+00:00\"></TimeCreated>\n<EventRecordID>42</EventRecordID>\n<Correlation ActivityID=\"\" RelatedActivityID=\"\"></Correlation>\n<Execution ProcessID=\"848\" ThreadID=\"2120\"></Execution>\n<Channel>Microsoft-Windows-HomeGroup Provider Service/Operational</Channel>\n<Computer>IACIS-HDD-2014</Computer>\n<Security UserID=\"S-1-5-19\"></Security>\n</System>\n<EventData><Data Name=\"OldStatus\">156</Data>\n<Data Name=\"NewStatus\">140</Data>\n</EventData>\n</Event>\n"
  },
