  {
    "EventID": 60,
    "Timestamp": "2014-01-25 01:38:33.474194+00:00",
    "Computer": "IACIS-HDD-2014",
    "Channel": "Microsoft-Windows-Bits-Client/Operational",
    "Level": "Information",
    "EventData": {
      "transferId": "{c3bdaa8f-3e24-4f56-84f4-15bd27d138bd}",
      "name": "WU Client Download",
      "Id": "{e167ee76-b015-4b73-9911-d740a8fd6d6f}",
      "url": "http://au.download.windowsupdate.com/msdownload/update/software/secu/2011/03/windows6.1-kb2491683-x64_1b01b2d53f4b4224fcb51993054a2a4667a6ca2f.psf",
      "peer": "",
      "hr": "0",
      "fileTime": "2011-03-16 00:35:57+00:00",
      "fileLength": "9915924",
      "bytesTotal": "12747",
      "bytesTransferred": "12747",
      "proxy": "",
      "peerProtocolFlags": "0",
      "bytesTransferredFromPeer": "0",
      "AdditionalInfoHr": "0",
      "PeerContextInfo": "0",
      "bandwidthLimit": "18446744073709551615",
      "ignoreBandwidthLimitsOnLan": "False"
    },
    "RawXml": "<Event xmlns=\"http://schemas.microsoft.com/win/2004/08/events/event\"><System><Provider Name=\"Microsoft-Windows-Bits-Client\" Guid=\"{ef1cc15b-46c1-414e-bb95-e76b077bd51e}\"></Provider>\n<EventID Qualifiers=\"\">60</EventID>\n<Version>1</Version>\n<Level>4</Level>\n<Task>0</Task>\n<Opcode>2</Opcode>\n<Keywords>0x4000000000000000</Keywords>\n<TimeCreated SystemTime=\"2014-01-25 01:38:33.474194+00:00\"></TimeCreated>\n<EventRecordID>543</EventRecordID>\n<Correlation ActivityID=\"{c3bdaa8f-3e24-4f56-84f4-15bd27d138bd}\" RelatedActivityID=\"\"></Correlation>\n<Execution ProcessID=\"888\" ThreadID=\"744\"></Execution>\n<Channel>Microsoft-Windows-Bits-Client/Operational</Channel>\n<Computer>IACIS-HDD-2014</Computer>\n<Security UserID=\"S-1-5-18\"></Security>\n</System>\n<EventData><Data Name=\"transferId\">{c3bdaa8f-3e24-4f56-84f4-15bd27d138bd}</Data>\n<Data Name=\"name\">WU Client Download</Data>\n<Data Name=\"Id\">{e167ee76-b015-4b73-9911-d740a8fd6d6f}</Data>\n<Data Name=\"url\">http://au.download.windowsupdate.com/msdownload/update/software/secu/2011/03/windows6.1-kb2491683-x64_1b01b2d53f4b4224fcb51993054a2a4667a6ca2f.psf</Data>\n<Data Name=\"peer\"></Data>\n<Data Name=\"hr\">0</Data>\n<Data Name=\"fileTime\">2011-03-16 00:35:57+00:00</Data>\n<Data Name=\"fileLength\">9915924</Data>\n<Data Name=\"bytesTotal\">12747</Data>\n<Data Name=\"bytesTransferred\">12747</Data>\n<Data Name=\"proxy\"></Data>\n<Data Name=\"peerProtocolFlags\">0</Data>\n<Data Name=\"bytesTransferredFromPeer\">0</Data>\n<Data Name=\"AdditionalInfoHr\">0</Data>\n<Data Name=\"PeerContextInfo\">0</Data>\n<Data Name=\"bandwidthLimit\">18446744073709551615</Data>\n<Data Name=\"ignoreBandwidthLimitsOnLan\">False</Data>\n</EventData>\n</Event>\n"
  },
  {
    "EventID": 60,
    "Timestamp": "2014-01-25 01:38:33.567793+00:00",
    "Computer": "IACIS-HDD-2014",
    "Channel": "Microsoft-Windows-Bits-Client/Operational",
    "Level": "Information",
    "EventData": {
      "transferId": "{9ee16284-04b3-46cd-a299-a92b36af3610}",
      "name": "WU Client Download",
      "Id": "{4558594d-76e8-402e-9f76-ede61f345b1f}",
      "url": "http://au.download.windowsupdate.com/msdownload/update/software/secu/2013/06/windows6.1-kb2845187-x64-express_996d9c6a911ac0c1e39b50f2d891bff69ee41125.cab",
      "peer": "",
      "hr": "0",
      "fileTime": "2013-06-19 01:58:39+00:00",
      "fileLength": "39867",
      "bytesTotal": "39867",
      "bytesTransferred": "39867",
      "proxy": "",
      "peerProtocolFlags": "0",
      "bytesTransferredFromPeer": "0",
      "AdditionalInfoHr": "0",
      "PeerContextInfo": "0",
      "bandwidthLimit": "18446744073709551615",
      "ignoreBandwidthLimitsOnLan": "False"
    },
    "RawXml": "<Event xmlns=\"http://schemas.microsoft.com/win/2004/08/events/event\"><System><Provider Name=\"Microsoft-Windows-Bits-Client\" Guid=\"{ef1cc15b-46c1-414e-bb95-e76b077bd51e}\"></Provider>\n<EventID Qualifiers=\"\">60</EventID>\n<Version>1</Version>\n<Level>4</Level>\n<Task>0</Task>\n<Opcode>2</Opcode>\n<Keywords>0x4000000000000000</Keywords>\n<TimeCreated SystemTime=\"2014-01-25 01:38:33.567793+00:00\"></TimeCreated>\n<EventRecordID>544</EventRecordID>\n<Correlation ActivityID=\"{9ee16284-04b3-46cd-a299-a92b36af3610}\" RelatedActivityID=\"\"></Correlation>\n<Execution ProcessID=\"888\" ThreadID=\"3064\"></Execution>\n<Channel>Microsoft-Windows-Bits-Client/Operational</Channel>\n<Computer>IACIS-HDD-2014</Computer>\n<Security UserID=\"S-1-5-18\"></Security>\n</System>\n<EventData><Data Name=\"transferId\">{9ee16284-04b3-46cd-a299-a92b36af3610}</Data>\n<Data Name=\"name\">WU Client Download</Data>\n<Data Name=\"Id\">{4558594d-76e8-402e-9f76-ede61f345b1f}</Data>\n<Data Name=\"url\">http://au.download.windowsupdate.com/msdownload/update/software/secu/2013/06/windows6.1-kb2845187-x64-express_996d9c6a911ac0c1e39b50f2d891bff69ee41125.cab</Data>\n<Data Name=\"peer\"></Data>\n<Data Name=\"hr\">0</Data>\n<Data Name=\"fileTime\">2013-06-19 01:58:39+00:00</Data>\n<Data Name=\"fileLength\">39867</Data>\n<Data Name=\"bytesTotal\">39867</Data>\n<Data Name=\"bytesTransferred\">39867</Data>\n<Data Name=\"proxy\"></Data>\n<Data Name=\"peerProtocolFlags\">0</Data>\n<Data Name=\"bytesTransferredFromPeer\">0</Data>\n<Data Name=\"AdditionalInfoHr\">0</Data>\n<Data Name=\"PeerContextInfo\">0</Data>\n<Data Name=\"bandwidthLimit\">18446744073709551615</Data>\n<Data Name=\"ignoreBandwidthLimitsOnLan\">False</Data>\n</EventData>\n</Event>\n"
  },
  {
    "EventID": 60,
    "Timestamp": "2014-01-25 01:38:33.614594+00:00",
    "Computer": "IACIS-HDD-2014",
    "Channel": "Microsoft-Windows-Bits-Client/Operational",
    "Level": "Information",
    "EventData": {
      "transferId": "{d1f93b4e-ab86-4ec6-bf99-5524cad2da0a}",
      "name": "WU Client Download",
      "Id": "{9ea91055-e1f9-41eb-8280-ac77c31876b0}",
      "url": "http://au.download.windowsupdate.com/msdownload/update/software/secu/2013/08/windows6.1-kb2863240-x64-express_7608b6d4bb703141525b11c4b56f0fb079fda497.cab",
      "peer": "",
      "hr": "0",
      "fileTime": "2013-08-19 22:38:21+00:00",
      "fileLength": "175765",
      "bytesTotal": "175765",
      "bytesTransferred": "175765",
      "proxy": "",
      "peerProtocolFlags": "0",
      "bytesTransferredFromPeer": "0",
      "AdditionalInfoHr": "0",
      "PeerContextInfo": "0",
      "bandwidthLimit": "18446744073709551615",
      "ignoreBandwidthLimitsOnLan": "False"
    },
    "RawXml": "<Event xmlns=\"http://schemas.microsoft.com/win/2004/08/events/event\"><System><Provider Name=\"Microsoft-Windows-Bits-Client\" Guid=\"{ef1cc15b-46c1-414e-bb95-e76b077bd51e}\"></Provider>\n<EventID Qualifiers=\"\">60</EventID>\n<Version>1</Version>\n<Level>4</Level>\n<Task>0</Task>\n<Opcode>2</Opcode>\n<Keywords>0x4000000000000000</Keywords>\n<TimeCreated SystemTime=\"2014-01-25 01:38:33.614594+00:00\"></TimeCreated>\n<EventRecordID>545</EventRecordID>\n<Correlation ActivityID=\"{d1f93b4e-ab86-4ec6-bf99-5524cad2da0a}\" RelatedActivityID=\"\"></Correlation>\n<Execution ProcessID=\"888\" ThreadID=\"156\"></Execution>\n<Channel>Microsoft-Windows-Bits-Client/Operational</Channel>\n<Computer>IACIS-HDD-2014</Computer>\n<Security UserID=\"S-1-5-18\"></Security>\n</System>\n<EventData><Data Name=\"transferId\">{d1f93b4e-ab86-4ec6-bf99-5524cad2da0a}</Data>\n<Data Name=\"name\">WU Client Download</Data>\n<Data Name=\"Id\">{9ea91055-e1f9-41eb-8280-ac77c31876b0}</Data>\n<Data Name=\"url\">http://au.download.windowsupdate.com/msdownload/update/software/secu/2013/08/windows6.1-kb2863240-x64-express_7608b6d4bb703141525b11c4b56f0fb079fda497.cab</Data>\n<Data Name=\"peer\"></Data>\n<Data Name=\"hr\">0</Data>\n<Data Name=\"fileTime\">2013-08-19 22:38:21+00:00</Data>\n<Data Name=\"fileLength\">175765</Data>\n<Data Name=\"bytesTotal\">175765</Data>\n<Data Name=\"bytesTransferred\">175765</Data>\n<Data Name=\"proxy\"></Data>\n<Data Name=\"peerProtocolFlags\">0</Data>\n<Data Name=\"bytesTransferredFromPeer\">0</Data>\n<Data Name=\"AdditionalInfoHr\">0</Data>\n<Data Name=\"PeerContextInfo\">0</Data>\n<Data Name=\"bandwidthLimit\">18446744073709551615</Data>\n<Data Name=\"ignoreBandwidthLimitsOnLan\">False</Data>\n</EventData>\n</Event>\n"
  },
  {
    "EventID": 60,
    "Timestamp": "2014-01-25 01:38:33.770594+00:00",
    "Computer": "IACIS-HDD-2014",
    "Channel": "Microsoft-Windows-Bits-Client/Operational",
    "Level": "Information",
    "EventData": {
      "transferId": "{41a83118-a31c-4055-a8da-b5d873dfa42e}",
      "name": "WU Client Download",
      "Id": "{fda8367b-d789-48ec-8a49-8dbcb2da147e}",
      "url": "http://au.download.windowsupdate.com/msdownload/update/software/secu/2013/08/windows6.1-kb2861698-x64-express_7afe4ad25ace68548a18535b50f1d729f724aaf9.cab",
      "peer": "",
      "hr": "0",
      "fileTime": "2013-08-20 07:37:37+00:00",
      "fileLength": "54553",
      "bytesTotal": "54553",
      "bytesTransferred": "54553",
      "proxy": "",
      "peerProtocolFlags": "0",
      "bytesTransferredFromPeer": "0",
      "AdditionalInfoHr": "0",
      "PeerContextInfo": "0",
      "bandwidthLimit": "18446744073709551615",
      "ignoreBandwidthLimitsOnLan": "False"
    },
    "RawXml": "<Event xmlns=\"http://schemas.microsoft.com/win/2004/08/events/event\"><System><Provider Name=\"Microsoft-Windows-Bits-Client\" Guid=\"{ef1cc15b-46c1-414e-bb95-e76b077bd51e}\"></Provider>\n<EventID Qualifiers=\"\">60</EventID>\n<Version>1</Version>\n<Level>4</Level>\n<Task>0</Task>\n<Opcode>2</Opcode>\n<Keywords>0x4000000000000000</Keywords>\n<TimeCreated SystemTime=\"2014-01-25 01:38:33.770594+00:00\"></TimeCreated>\n<EventRecordID>546</EventRecordID>\n<Correlation ActivityID=\"{41a83118-a31c-4055-a8da-b5d873dfa42e}\" RelatedActivityID=\"\"></Correlation>\n<Execution ProcessID=\"888\" ThreadID=\"2964\"></Execution>\n<Channel>Microsoft-Windows-Bits-Client/Operational</Channel>\n<Computer>IACIS-HDD-2014</Computer>\n<Security UserID=\"S-1-5-18\"></Security>\n</System>\n<EventData><Data Name=\"transferId\">{41a83118-a31c-4055-a8da-b5d873dfa42e}</Data>\n<Data Name=\"name\">WU Client Download</Data>\n<Data Name=\"Id\">{fda8367b-d789-48ec-8a49-8dbcb2da147e}</Data>\n<Data Name=\"url\">http://au.download.windowsupdate.com/msdownload/update/software/secu/2013/08/windows6.1-kb2861698-x64-express_7afe4ad25ace68548a18535b50f1d729f724aaf9.cab</Data>\n<Data Name=\"peer\"></Data>\n<Data Name=\"hr\">0</Data>\n<Data Name=\"fileTime\">2013-08-20 07:37:37+00:00</Data>\n<Data Name=\"fileLength\">54553</Data>\n<Data Name=\"bytesTotal\">54553</Data>\n<Data Name=\"bytesTransferred\">54553</Data>\n<Data Name=\"proxy\"></Data>\n<Data Name=\"peerProtocolFlags\">0</Data>\n<Data Name=\"bytesTransferredFromPeer\">0</Data>\n<Data Name=\"AdditionalInfoHr\">0</Data>\n<Data Name=\"PeerContextInfo\">0</Data>\n<Data Name=\"bandwidthLimit\">18446744073709551615</Data>\n<Data Name=\"ignoreBandwidthLimitsOnLan\">False</Data>\n</EventData>\n</Event>\n"
  },
  {
    "EventID": 60,
    "Timestamp": "2014-01-25 01:38:33.864193+00:00",
    "Computer": "IACIS-HDD-2014",
    "Channel": "Microsoft-Windows-Bits-Client/Operational",
    "Level": "Information",
    "EventData": {
      "transferId": "{8b7633f0-e59d-4ff4-bd31-b06d63b054dc}",
      "name": "WU Client Download",
      "Id": "{82f79668-b90a-4925-81f9-c151d9000ffa}",
      "url": "http://au.download.windowsupdate.com/msdownload/update/software/secu/2012/12/windows6.1-kb2757638-x64-express_276cf9b33c13b94bfc9ee07de5dbbe774bd0a8c4.cab",
      "peer": "",
      "hr": "0",
      "fileTime": "2012-12-10 17:04:29+00:00",
      "fileLength": "83659",
      "bytesTotal": "83659",
      "bytesTransferred": "83659",
      "proxy": "",
      "peerProtocolFlags": "0",
      "bytesTransferredFromPeer": "0",
      "AdditionalInfoHr": "0",
      "PeerContextInfo": "0",
      "bandwidthLimit": "18446744073709551615",
      "ignoreBandwidthLimitsOnLan": "False"
    },
    "RawXml": "<Event xmlns=\"http://schemas.microsoft.com/win/2004/08/events/event\"><System><Provider Name=\"Microsoft-Windows-Bits-Client\" Guid=\"{ef1cc15b-46c1-414e-bb95-e76b077bd51e}\"></Provider>\n<EventID Qualifiers=\"\">60</EventID>\n<Version>1</Version>\n<Level>4</Level>\n<Task>0</Task>\n<Opcode>2</Opcode>\n<Keywords>0x4000000000000000</Keywords>\n<TimeCreated SystemTime=\"2014-01-25 01:38:33.864193+00:00\"></TimeCreated>\n<EventRecordID>547</EventRecordID>\n<Correlation ActivityID=\"{8b7633f0-e59d-4ff4-bd31-b06d63b054dc}\" RelatedActivityID=\"\"></Correlation>\n<Execution ProcessID=\"888\" ThreadID=\"2936\"></Execution>\n<Channel>Microsoft-Windows-Bits-Client/Operational</Channel>\n<Computer>IACIS-HDD-2014</Computer>\n<Security UserID=\"S-1-5-18\"></Security>\n</System>\n<EventData><Data Name=\"transferId\">{8b7633f0-e59d-4ff4-bd31-b06d63b054dc}</Data>\n<Data Name=\"name\">WU Client Download</Data>\n<Data Name=\"Id\">{82f79668-b90a-4925-81f9-c151d9000ffa}</Data>\n<Data Name=\"url\">http://au.download.windowsupdate.com/msdownload/update/software/secu/2012/12/windows6.1-kb2757638-x64-express_276cf9b33c13b94bfc9ee07de5dbbe774bd0a8c4.cab</Data>\n<Data Name=\"peer\"></Data>\n<Data Name=\"hr\">0</Data>\n<Data Name=\"fileTime\">2012-12-10 17:04:29+00:00</Data>\n<Data Name=\"fileLength\">83659</Data>\n<Data Name=\"bytesTotal\">83659</Data>\n<Data Name=\"bytesTransferred\">83659</Data>\n<Data Name=\"proxy\"></Data>\n<Data Name=\"peerProtocolFlags\">0</Data>\n<Data Name=\"bytesTransferredFromPeer\">0</Data>\n<Data Name=\"AdditionalInfoHr\">0</Data>\n<Data Name=\"PeerContextInfo\">0</Data>\n<Data Name=\"bandwidthLimit\">18446744073709551615</Data>\n<Data Name=\"ignoreBandwidthLimitsOnLan\">False</Data>\n</EventData>\n</Event>\n"
  },
  {
    "EventID": 60,
    "Timestamp": "2014-01-25 01:38:33.988995+00:00",
    "Computer": "IACIS-HDD-2014",
    "Channel": "Microsoft-Windows-Bits-Client/Operational",
    "Level": "Information",
    "EventData": {
      "transferId": "{c8c5a45b-eda7-49ea-b16c-415e59703174}",
      "name": "WU Client Download",
      "Id": "{99d908ef-1626-48c4-9196-3d5601e38d32}",
      "url": "http://au.download.windowsupdate.com/msdownload/update/software/secu/2011/03/windows6.1-kb2506212-x64-express_03577fc671ea77965d8b4290aeaf654dc15dfc63.cab",
      "peer": "",
      "hr": "0",
      "fileTime": "2011-03-16 01:10:43+00:00",
      "fileLength": "72713",
      "bytesTotal": "72713",
      "bytesTransferred": "72713",
      "proxy": "",
      "peerProtocolFlags": "0",
      "bytesTransferredFromPeer": "0",
      "AdditionalInfoHr": "0",
      "PeerContextInfo": "0",
      "bandwidthLimit": "18446744073709551615",
      "ignoreBandwidthLimitsOnLan": "False"
    },
    "RawXml": "<Event xmlns=\"http://schemas.microsoft.com/win/2004/08/events/event\"><System><Provider Name=\"Microsoft-Windows-Bits-Client\" Guid=\"{ef1cc15b-46c1-414e-bb95-e76b077bd51e}\"></Provider>\n<EventID Qualifiers=\"\">60</EventID>\n<Version>1</Version>\n<Level>4</Level>\n<Task>0</Task>\n<Opcode>2</Opcode>\n<Keywords>0x4000000000000000</Keywords>\n<TimeCreated SystemTime=\"2014-01-25 01:38:33.988995+00:00\"></TimeCreated>\n<EventRecordID>548</EventRecordID>\n<Correlation ActivityID=\"{c8c5a45b-eda7-49ea-b16c-415e59703174}\" RelatedActivityID=\"\"></Correlation>\n<Execution ProcessID=\"888\" ThreadID=\"2996\"></Execution>\n<Channel>Microsoft-Windows-Bits-Client/Operational</Channel>\n<Computer>IACIS-HDD-2014</Computer>\n<Security UserID=\"S-1-5-18\"></Security>\n</System>\n<EventData><Data Name=\"transferId\">{c8c5a45b-eda7-49ea-b16c-415e59703174}</Data>\n<Data Name=\"name\">WU Client Download</Data>\n<Data Name=\"Id\">{99d908ef-1626-48c4-9196-3d5601e38d32}</Data>\n<Data Name=\"url\">http://au.download.windowsupdate.com/msdownload/update/software/secu/2011/03/windows6.1-kb2506212-x64-express_03577fc671ea77965d8b4290aeaf654dc15dfc63.cab</Data>\n<Data Name=\"peer\"></Data>\n<Data Name=\"hr\">0</Data>\n<Data Name=\"fileTime\">2011-03-16 01:10:43+00:00</Data>\n<Data Name=\"fileLength\">72713</Data>\n<Data Name=\"bytesTotal\">72713</Data>\n<Data Name=\"bytesTransferred\">72713</Data>\n<Data Name=\"proxy\"></Data>\n<Data Name=\"peerProtocolFlags\">0</Data>\n<Data Name=\"bytesTransferredFromPeer\">0</Data>\n<Data Name=\"AdditionalInfoHr\">0</Data>\n<Data Name=\"PeerContextInfo\">0</Data>\n<Data Name=\"bandwidthLimit\">18446744073709551615</Data>\n<Data Name=\"ignoreBandwidthLimitsOnLan\">False</Data>\n</EventData>\n</Event>\n"
  },
  {
    "EventID": 60,
    "Timestamp": "2014-01-25 01:38:34.144995+00:00",
    "Computer": "IACIS-HDD-2014",
    "Channel": "Microsoft-Windows-Bits-Client/Operational",
    "Level": "Information",
    "EventData": {
      "transferId": "{c0f533b0-5d68-4358-811c-819e9c4d9bf9}",
      "name": "WU Client Download",
      "Id": "{a609737e-f072-4aed-b197-8cb2f6d80d64}",
      "url": "http://au.download.windowsupdate.com/msdownload/update/software/secu/2013/09/windows6.1-kb2847311-x64-express_22df428481108fe706baefa975812b6f5aaca217.cab",
      "peer": "",
      "hr": "0",
      "fileTime": "2013-09-18 00:04:08+00:00",
      "fileLength": "54205",
      "bytesTotal": "54205",
      "bytesTransferred": "54205",
      "proxy": "",
      "peerProtocolFlags": "0",
      "bytesTransferredFromPeer": "0",
      "AdditionalInfoHr": "0",
      "PeerContextInfo": "0",
      "bandwidthLimit": "18446744073709551615",
      "ignoreBandwidthLimitsOnLan": "False"
    },
    "RawXml": "<Event xmlns=\"http://schemas.microsoft.com/win/2004/08/events/event\"><System><Provider Name=\"Microsoft-Windows-Bits-Client\" Guid=\"{ef1cc15b-46c1-414e-bb95-e76b077bd51e}\"></Provider>\n<EventID Qualifiers=\"\">60</EventID>\n<Version>1</Version>\n<Level>4</Level>\n<Task>0</Task>\n<Opcode>2</Opcode>\n<Keywords>0x4000000000000000</Keywords>\n<TimeCreated SystemTime=\"2014-01-25 01:38:34.144995+00:00\"></TimeCreated>\n<EventRecordID>549</EventRecordID>\n<Correlation ActivityID=\"{c0f533b0-5d68-4358-811c-819e9c4d9bf9}\" RelatedActivityID=\"\"></Correlation>\n<Execution ProcessID=\"888\" ThreadID=\"2488\"></Execution>\n<Channel>Microsoft-Windows-Bits-Client/Operational</Channel>\n<Computer>IACIS-HDD-2014</Computer>\n<Security UserID=\"S-1-5-18\"></Security>\n</System>\n<EventData><Data Name=\"transferId\">{c0f533b0-5d68-4358-811c-819e9c4d9bf9}</Data>\n<Data Name=\"name\">WU Client Download</Data>\n<Data Name=\"Id\">{a609737e-f072-4aed-b197-8cb2f6d80d64}</Data>\n<Data Name=\"url\">http://au.download.windowsupdate.com/msdownload/update/software/secu/2013/09/windows6.1-kb2847311-x64-express_22df428481108fe706baefa975812b6f5aaca217.cab</Data>\n<Data Name=\"peer\"></Data>\n<Data Name=\"hr\">0</Data>\n<Data Name=\"fileTime\">2013-09-18 00:04:08+00:00</Data>\n<Data Name=\"fileLength\">54205</Data>\n<Data Name=\"bytesTotal\">54205</Data>\n<Data Name=\"bytesTransferred\">54205</Data>\n<Data Name=\"proxy\"></Data>\n<Data Name=\"peerProtocolFlags\">0</Data>\n<Data Name=\"bytesTransferredFromPeer\">0</Data>\n<Data Name=\"AdditionalInfoHr\">0</Data>\n<Data Name=\"PeerContextInfo\">0</Data>\n<Data Name=\"bandwidthLimit\">18446744073709551615</Data>\n<Data Name=\"ignoreBandwidthLimitsOnLan\">False</Data>\n</EventData>\n</Event>\n"
  },
  {
    "EventID": 60,
    "Timestamp": "2014-01-25 01:38:34.378994+00:00",
    "Computer": "IACIS-HDD-2014",
    "Channel": "Microsoft-Windows-Bits-Client/Operational",
    "Level": "Information",
    "EventData": {
      "transferId": "{d32e13cc-6d3a-4b1f-a73b-a1bf226d62b2}",
      "name": "WU Client Download",
      "Id": "{84baa1de-3c15-4118-bcd1-834fb4cabfc5}",
      "url": "http://au.download.windowsupdate.com/msdownload/update/software/secu/2011/09/windows6.1-kb2564958-x64_901809de32afe5b6fdca2cd0aba1dc02fb456d51.psf",
      "peer": "",
      "hr": "0",
      "fileTime": "2011-09-20 18:34:29+00:00",
      "fileLength": "21498436",
      "bytesTotal": "26362",
      "bytesTransferred": "26362",
      "proxy": "",
      "peerProtocolFlags": "0",
      "bytesTransferredFromPeer": "0",
      "AdditionalInfoHr": "0",
      "PeerContextInfo": "0",
      "bandwidthLimit": "18446744073709551615",
      "ignoreBandwidthLimitsOnLan": "False"
    },
    "RawXml": "<Event xmlns=\"http://schemas.microsoft.com/win/2004/08/events/event\"><System><Provider Name=\"Microsoft-Windows-Bits-Client\" Guid=\"{ef1cc15b-46c1-414e-bb95-e76b077bd51e}\"></Provider>\n<EventID Qualifiers=\"\">60</EventID>\n<Version>1</Version>\n<Level>4</Level>\n<Task>0</Task>\n<Opcode>2</Opcode>\n<Keywords>0x4000000000000000</Keywords>\n<TimeCreated SystemTime=\"2014-01-25 01:38:34.378994+00:00\"></TimeCreated>\n<EventRecordID>550</EventRecordID>\n<Correlation ActivityID=\"{d32e13cc-6d3a-4b1f-a73b-a1bf226d62b2}\" RelatedActivityID=\"\"></Correlation>\n<Execution ProcessID=\"888\" ThreadID=\"2660\"></Execution>\n<Channel>Microsoft-Windows-Bits-Client/Operational</Channel>\n<Computer>IACIS-HDD-2014</Computer>\n<Security UserID=\"S-1-5-18\"></Security>\n</System>\n<EventData><Data Name=\"transferId\">{d32e13cc-6d3a-4b1f-a73b-a1bf226d62b2}</Data>\n<Data Name=\"name\">WU Client Download</Data>\n<Data Name=\"Id\">{84baa1de-3c15-4118-bcd1-834fb4cabfc5}</Data>\n<Data Name=\"url\">http://au.download.windowsupdate.com/msdownload/update/software/secu/2011/09/windows6.1-kb2564958-x64_901809de32afe5b6fdca2cd0aba1dc02fb456d51.psf</Data>\n<Data Name=\"peer\"></Data>\n<Data Name=\"hr\">0</Data>\n<Data Name=\"fileTime\">2011-09-20 18:34:29+00:00</Data>\n<Data Name=\"fileLength\">21498436</Data>\n<Data Name=\"bytesTotal\">26362</Data>\n<Data Name=\"bytesTransferred\">26362</Data>\n<Data Name=\"proxy\"></Data>\n<Data Name=\"peerProtocolFlags\">0</Data>\n<Data Name=\"bytesTransferredFromPeer\">0</Data>\n<Data Name=\"AdditionalInfoHr\">0</Data>\n<Data Name=\"PeerContextInfo\">0</Data>\n<Data Name=\"bandwidthLimit\">18446744073709551615</Data>\n<Data Name=\"ignoreBandwidthLimitsOnLan\">False</Data>\n</EventData>\n</Event>\n"
  },
  {
    "EventID": 60,
    "Timestamp": "2014-01-25 01:38:34.831394+00:00",
    "Computer": "IACIS-HDD-2014",
    "Channel": "Microsoft-Windows-Bits-Client/Operational",
    "Level": "Information",
    "EventData": {
      "transferId": "{89eb252d-c134-4eb5-82ad-1c5cc160a3a6}",
      "name": "WU Client Download",
      "Id": "{6d000481-e023-4786-9ee9-2735aa9da676}",
      "url": "http://au.download.windowsupdate.com/msdownload/update/software/secu/2013/07/windows6.1-kb2868038-x64-express_5baee28996c8808ebbfdbbc947f33beda1eaf146.cab",
      "peer": "",
      "hr": "0",
      "fileTime": "2013-07-22 23:37:33+00:00",
      "fileLength": "46115",
      "bytesTotal": "46115",
      "bytesTransferred": "46115",
      "proxy": "",
      "peerProtocolFlags": "0",
      "bytesTransferredFromPeer": "0",
      "AdditionalInfoHr": "0",
      "PeerContextInfo": "0",
      "bandwidthLimit": "18446744073709551615",
      "ignoreBandwidthLimitsOnLan": "False"
    },
    "RawXml": "<Event xmlns=\"http://schemas.microsoft.com/win/2004/08/events/event\"><System><Provider Name=\"Microsoft-Windows-Bits-Client\" Guid=\"{ef1cc15b-46c1-414e-bb95-e76b077bd51e}\"></Provider>\n<EventID Qualifiers=\"\">60</EventID>\n<Version>1</Version>\n<Level>4</Level>\n<Task>0</Task>\n<Opcode>2</Opcode>\n<Keywords>0x4000000000000000</Keywords>\n<TimeCreated SystemTime=\"2014-01-25 01:38:34.831394+00:00\"></TimeCreated>\n<EventRecordID>551</EventRecordID>\n<Correlation ActivityID=\"{89eb252d-c134-4eb5-82ad-1c5cc160a3a6}\" RelatedActivityID=\"\"></Correlation>\n<Execution ProcessID=\"888\" ThreadID=\"544\"></Execution>\n<Channel>Microsoft-Windows-Bits-Client/Operational</Channel>\n<Computer>IACIS-HDD-2014</Computer>\n<Security UserID=\"S-1-5-18\"></Security>\n</System>\n<EventData><Data Name=\"transferId\">{89eb252d-c134-4eb5-82ad-1c5cc160a3a6}</Data>\n<Data Name=\"name\">WU Client Download</Data>\n<Data Name=\"Id\">{6d000481-e023-4786-9ee9-2735aa9da676}</Data>\n<Data Name=\"url\">http://au.download.windowsupdate.com/msdownload/update/software/secu/2013/07/windows6.1-kb2868038-x64-express_5baee28996c8808ebbfdbbc947f33beda1eaf146.cab</Data>\n<Data Name=\"peer\"></Data>\n<Data Name=\"hr\">0</Data>\n<Data Name=\"fileTime\">2013-07-22 23:37:33+00:00</Data>\n<Data Name=\"fileLength\">46115</Data>\n<Data Name=\"bytesTotal\">46115</Data>\n<Data Name=\"bytesTransferred\">46115</Data>\n<Data Name=\"proxy\"></Data>\n<Data Name=\"peerProtocolFlags\">0</Data>\n<Data Name=\"bytesTransferredFromPeer\">0</Data>\n<Data Name=\"AdditionalInfoHr\">0</Data>\n<Data Name=\"PeerContextInfo\">0</Data>\n<Data Name=\"bandwidthLimit\">18446744073709551615</Data>\n<Data Name=\"ignoreBandwidthLimitsOnLan\">False</Data>\n</EventData>\n</Event>\n"
  },
  {
    "EventID": 60,
    "Timestamp": "2014-01-25 01:38:35.190197+00:00",
    "Computer": "IACIS-HDD-2014",
    "Channel": "Microsoft-Windows-Bits-Client/Operational",
    "Level": "Information",
    "EventData": {
      "transferId": "{b00d0685-993b-4ab5-9766-b08ca775617b}",
      "name": "WU Client Download",
      "Id": "{582648dc-f11c-4384-b0a3-7faa473f64b2}",
      "url": "http://au.download.windowsupdate.com/msdownload/update/software/secu/2012/05/windows6.1-kb2667402-v2-x64-express_30b717286d26fff097a4d0925b5a7c9c4c4d37cd.cab",
      "peer": "",
      "hr": "0",
      "fileTime": "2012-05-23 23:24:27+00:00",
      "fileLength": "60973",
      "bytesTotal": "60973",
      "bytesTransferred": "60973",
      "proxy": "",
      "peerProtocolFlags": "0",
      "bytesTransferredFromPeer": "0",
      "AdditionalInfoHr": "0",
      "PeerContextInfo": "0",
      "bandwidthLimit": "18446744073709551615",
      "ignoreBandwidthLimitsOnLan": "False"
    },
    "RawXml": "<Event xmlns=\"http://schemas.microsoft.com/win/2004/08/events/event\"><System><Provider Name=\"Microsoft-Windows-Bits-Client\" Guid=\"{ef1cc15b-46c1-414e-bb95-e76b077bd51e}\"></Provider>\n<EventID Qualifiers=\"\">60</EventID>\n<Version>1</Version>\n<Level>4</Level>\n<Task>0</Task>\n<Opcode>2</Opcode>\n<Keywords>0x4000000000000000</Keywords>\n<TimeCreated SystemTime=\"2014-01-25 01:38:35.190197+00:00\"></TimeCreated>\n<EventRecordID>552</EventRecordID>\n<Correlation ActivityID=\"{b00d0685-993b-4ab5-9766-b08ca775617b}\" RelatedActivityID=\"\"></Correlation>\n<Execution ProcessID=\"888\" ThreadID=\"2972\"></Execution>\n<Channel>Microsoft-Windows-Bits-Client/Operational</Channel>\n<Computer>IACIS-HDD-2014</Computer>\n<Security UserID=\"S-1-5-18\"></Security>\n</System>\n<EventData><Data Name=\"transferId\">{b00d0685-993b-4ab5-9766-b08ca775617b}</Data>\n<Data Name=\"name\">WU Client Download</Data>\n<Data Name=\"Id\">{582648dc-f11c-4384-b0a3-7faa473f64b2}</Data>\n<Data Name=\"url\">http://au.download.windowsupdate.com/msdownload/update/software/secu/2012/05/windows6.1-kb2667402-v2-x64-express_30b717286d26fff097a4d0925b5a7c9c4c4d37cd.cab</Data>\n<Data Name=\"peer\"></Data>\n<Data Name=\"hr\">0</Data>\n<Data Name=\"fileTime\">2012-05-23 23:24:27+00:00</Data>\n<Data Name=\"fileLength\">60973</Data>\n<Data Name=\"bytesTotal\">60973</Data>\n<Data Name=\"bytesTransferred\">60973</Data>\n<Data Name=\"proxy\"></Data>\n<Data Name=\"peerProtocolFlags\">0</Data>\n<Data Name=\"bytesTransferredFromPeer\">0</Data>\n<Data Name=\"AdditionalInfoHr\">0</Data>\n<Data Name=\"PeerContextInfo\">0</Data>\n<Data Name=\"bandwidthLimit\">18446744073709551615</Data>\n<Data Name=\"ignoreBandwidthLimitsOnLan\">False</Data>\n</EventData>\n</Event>\n"
  },
  {
    "EventID": 60,
    "Timestamp": "2014-01-25 01:38:35.439796+00:00",
    "Computer": "IACIS-HDD-2014",
    "Channel": "Microsoft-Windows-Bits-Client/Operational",
    "Level": "Information",
    "EventData": {
      "transferId": "{5212c4d7-c5c4-43c9-93c1-ef737df57493}",
      "name": "WU Client Download",
      "Id": "{dbe5d1cc-a6cc-4b31-a609-5f4f9c9e874a}",
      "url": "http://au.download.windowsupdate.com/msdownload/update/software/secu/2012/04/windows6.1-kb2676562-x64-express_c5302346c1f59948cc9a6511d4daffa58eba1c9c.cab",
      "peer": "",
      "hr": "0",
      "fileTime": "2012-04-09 19:32:52+00:00",
      "fileLength": "78007",
      "bytesTotal": "78007",
      "bytesTransferred": "78007",
      "proxy": "",
      "peerProtocolFlags": "0",
      "bytesTransferredFromPeer": "0",
      "AdditionalInfoHr": "0",
      "PeerContextInfo": "0",
      "bandwidthLimit": "18446744073709551615",
      "ignoreBandwidthLimitsOnLan": "False"
    },
    "RawXml": "<Event xmlns=\"http://schemas.microsoft.com/win/2004/08/events/event\"><System><Provider Name=\"Microsoft-Windows-Bits-Client\" Guid=\"{ef1cc15b-46c1-414e-bb95-e76b077bd51e}\"></Provider>\n<EventID Qualifiers=\"\">60</EventID>\n<Version>1</Version>\n<Level>4</Level>\n<Task>0</Task>\n<Opcode>2</Opcode>\n<Keywords>0x4000000000000000</Keywords>\n<TimeCreated SystemTime=\"2014-01-25 01:38:35.439796+00:00\"></TimeCreated>\n<EventRecordID>553</EventRecordID>\n<Correlation ActivityID=\"{5212c4d7-c5c4-43c9-93c1-ef737df57493}\" RelatedActivityID=\"\"></Correlation>\n<Execution ProcessID=\"888\" ThreadID=\"2364\"></Execution>\n<Channel>Microsoft-Windows-Bits-Client/Operational</Channel>\n<Computer>IACIS-HDD-2014</Computer>\n<Security UserID=\"S-1-5-18\"></Security>\n</System>\n<EventData><Data Name=\"transferId\">{5212c4d7-c5c4-43c9-93c1-ef737df57493}</Data>\n<Data Name=\"name\">WU Client Download</Data>\n<Data Name=\"Id\">{dbe5d1cc-a6cc-4b31-a609-5f4f9c9e874a}</Data>\n<Data Name=\"url\">http://au.download.windowsupdate.com/msdownload/update/software/secu/2012/04/windows6.1-kb2676562-x64-express_c5302346c1f59948cc9a6511d4daffa58eba1c9c.cab</Data>\n<Data Name=\"peer\"></Data>\n<Data Name=\"hr\">0</Data>\n<Data Name=\"fileTime\">2012-04-09 19:32:52+00:00</Data>\n<Data Name=\"fileLength\">78007</Data>\n<Data Name=\"bytesTotal\">78007</Data>\n<Data Name=\"bytesTransferred\">78007</Data>\n<Data Name=\"proxy\"></Data>\n<Data Name=\"peerProtocolFlags\">0</Data>\n<Data Name=\"bytesTransferredFromPeer\">0</Data>\n<Data Name=\"AdditionalInfoHr\">0</Data>\n<Data Name=\"PeerContextInfo\">0</Data>\n<Data Name=\"bandwidthLimit\">18446744073709551615</Data>\n<Data Name=\"ignoreBandwidthLimitsOnLan\">False</Data>\n</EventData>\n</Event>\n"
  },
  {
    "EventID": 60,
    "Timestamp": "2014-01-25 01:38:35.548996+00:00",
    "Computer": "IACIS-HDD-2014",
    "Channel": "Microsoft-Windows-Bits-Client/Operational",
    "Level": "Information",
    "EventData": {
      "transferId": "{a3b9f106-888c-4d48-92cc-7886b5ca02fd}",
      "name": "WU Client Download",
      "Id": "{2a2e6c3c-42b8-4bd2-b228-c7c55c0b7e7f}",
      "url": "http://au.download.windowsupdate.com/msdownload/update/software/secu/2012/11/windows6.1-kb2770660-x64-express_c0f8b0d5283b2ae18cbc835b37a68a0dff576a86.cab",
      "peer": "",
      "hr": "0",
      "fileTime": "2012-11-20 05:39:59+00:00",
      "fileLength": "60311",
      "bytesTotal": "60311",
      "bytesTransferred": "60311",
      "proxy": "",
      "peerProtocolFlags": "0",
      "bytesTransferredFromPeer": "0",
      "AdditionalInfoHr": "0",
      "PeerContextInfo": "0",
      "bandwidthLimit": "18446744073709551615",
      "ignoreBandwidthLimitsOnLan": "False"
    },
    "RawXml": "<Event xmlns=\"http://schemas.microsoft.com/win/2004/08/events/event\"><System><Provider Name=\"Microsoft-Windows-Bits-Client\" Guid=\"{ef1cc15b-46c1-414e-bb95-e76b077bd51e}\"></Provider>\n<EventID Qualifiers=\"\">60</EventID>\n<Version>1</Version>\n<Level>4</Level>\n<Task>0</Task>\n<Opcode>2</Opcode>\n<Keywords>0x4000000000000000</Keywords>\n<TimeCreated SystemTime=\"2014-01-25 01:38:35.548996+00:00\"></TimeCreated>\n<EventRecordID>554</EventRecordID>\n<Correlation ActivityID=\"{a3b9f106-888c-4d48-92cc-7886b5ca02fd}\" RelatedActivityID=\"\"></Correlation>\n<Execution ProcessID=\"888\" ThreadID=\"1972\"></Execution>\n<Channel>Microsoft-Windows-Bits-Client/Operational</Channel>\n<Computer>IACIS-HDD-2014</Computer>\n<Security UserID=\"S-1-5-18\"></Security>\n</System>\n<EventData><Data Name=\"transferId\">{a3b9f106-888c-4d48-92cc-7886b5ca02fd}</Data>\n<Data Name=\"name\">WU Client Download</Data>\n<Data Name=\"Id\">{2a2e6c3c-42b8-4bd2-b228-c7c55c0b7e7f}</Data>\n<Data Name=\"url\">http://au.download.windowsupdate.com/msdownload/update/software/secu/2012/11/windows6.1-kb2770660-x64-express_c0f8b0d5283b2ae18cbc835b37a68a0dff576a86.cab</Data>\n<Data Name=\"peer\"></Data>\n<Data Name=\"hr\">0</Data>\n<Data Name=\"fileTime\">2012-11-20 05:39:59+00:00</Data>\n<Data Name=\"fileLength\">60311</Data>\n<Data Name=\"bytesTotal\">60311</Data>\n<Data Name=\"bytesTransferred\">60311</Data>\n<Data Name=\"proxy\"></Data>\n<Data Name=\"peerProtocolFlags\">0</Data>\n<Data Name=\"bytesTransferredFromPeer\">0</Data>\n<Data Name=\"AdditionalInfoHr\">0</Data>\n<Data Name=\"PeerContextInfo\">0</Data>\n<Data Name=\"bandwidthLimit\">18446744073709551615</Data>\n<Data Name=\"ignoreBandwidthLimitsOnLan\">False</Data>\n</EventData>\n</Event>\n"
  },
  {
    "EventID": 60,
    "Timestamp": "2014-01-25 01:38:35.642595+00:00",
    "Computer": "IACIS-HDD-2014",
    "Channel": "Microsoft-Windows-Bits-Client/Operational",
    "Level": "Information",
    "EventData": {
      "transferId": "{f7f5ab86-9155-4065-893a-761d548f2c24}",
      "name": "WU Client Download",
      "Id": "{63b4dd59-fe8e-4744-9733-5ec79b67bdcd}",
      "url": "http://au.download.windowsupdate.com/msdownload/update/software/secu/2012/05/windows6.1-kb2685939-x64-express_bc79ee966d2fadea3c168c3beaacc2dced398cc2.cab",
      "peer": "",
      "hr": "0",
      "fileTime": "2012-05-31 04:15:24+00:00",
      "fileLength": "52041",
      "bytesTotal": "52041",
      "bytesTransferred": "52041",
      "proxy": "",
      "peerProtocolFlags": "0",
      "bytesTransferredFromPeer": "0",
      "AdditionalInfoHr": "0",
      "PeerContextInfo": "0",
      "bandwidthLimit": "18446744073709551615",
      "ignoreBandwidthLimitsOnLan": "False"
    },
    "RawXml": "<Event xmlns=\"http://schemas.microsoft.com/win/2004/08/events/event\"><System><Provider Name=\"Microsoft-Windows-Bits-Client\" Guid=\"{ef1cc15b-46c1-414e-bb95-e76b077bd51e}\"></Provider>\n<EventID Qualifiers=\"\">60</EventID>\n<Version>1</Version>\n<Level>4</Level>\n<Task>0</Task>\n<Opcode>2</Opcode>\n<Keywords>0x4000000000000000</Keywords>\n<TimeCreated SystemTime=\"2014-01-25 01:38:35.642595+00:00\"></TimeCreated>\n<EventRecordID>555</EventRecordID>\n<Correlation ActivityID=\"{f7f5ab86-9155-4065-893a-761d548f2c24}\" RelatedActivityID=\"\"></Correlation>\n<Execution ProcessID=\"888\" ThreadID=\"2212\"></Execution>\n<Channel>Microsoft-Windows-Bits-Client/Operational</Channel>\n<Computer>IACIS-HDD-2014</Computer>\n<Security UserID=\"S-1-5-18\"></Security>\n</System>\n<EventData><Data Name=\"transferId\">{f7f5ab86-9155-4065-893a-761d548f2c24}</Data>\n<Data Name=\"name\">WU Client Download</Data>\n<Data Name=\"Id\">{63b4dd59-fe8e-4744-9733-5ec79b67bdcd}</Data>\n<Data Name=\"url\">http://au.download.windowsupdate.com/msdownload/update/software/secu/2012/05/windows6.1-kb2685939-x64-express_bc79ee966d2fadea3c168c3beaacc2dced398cc2.cab</Data>\n<Data Name=\"peer\"></Data>\n<Data Name=\"hr\">0</Data>\n<Data Name=\"fileTime\">2012-05-31 04:15:24+00:00</Data>\n<Data Name=\"fileLength\">52041</Data>\n<Data Name=\"bytesTotal\">52041</Data>\n<Data Name=\"bytesTransferred\">52041</Data>\n<Data Name=\"proxy\"></Data>\n<Data Name=\"peerProtocolFlags\">0</Data>\n<Data Name=\"bytesTransferredFromPeer\">0</Data>\n<Data Name=\"AdditionalInfoHr\">0</Data>\n<Data Name=\"PeerContextInfo\">0</Data>\n<Data Name=\"bandwidthLimit\">18446744073709551615</Data>\n<Data Name=\"ignoreBandwidthLimitsOnLan\">False</Data>\n</EventData>\n</Event>\n"
  },
  {
    "EventID": 60,
    "Timestamp": "2014-01-25 01:38:35.767397+00:00",
    "Computer": "IACIS-HDD-2014",
    "Channel": "Microsoft-Windows-Bits-Client/Operational",
    "Level": "Information",
    "EventData": {
      "transferId": "{7f4d29c2-fbf6-4fe8-9f4c-4b168de20762}",
      "name": "WU Client Download",
      "Id": "{2e66deb6-b042-4729-8630-2dfad6e38c87}",
      "url": "http://au.download.windowsupdate.com/msdownload/update/software/secu/2013/12/windows6.1-kb2862330-v2-x64-express_5edc4e174b1b8fe623b144c00f96d66838c095c1.cab",
      "peer": "",
      "hr": "0",
      "fileTime": "2013-12-04 21:10:54+00:00",
      "fileLength": "58925",
      "bytesTotal": "58925",
      "bytesTransferred": "58925",
      "proxy": "",
      "peerProtocolFlags": "0",
      "bytesTransferredFromPeer": "0",
      "AdditionalInfoHr": "0",
      "PeerContextInfo": "0",
      "bandwidthLimit": "18446744073709551615",
      "ignoreBandwidthLimitsOnLan": "False"
    },
    "RawXml": "<Event xmlns=\"http://schemas.microsoft.com/win/2004/08/events/event\"><System><Provider Name=\"Microsoft-Windows-Bits-Client\" Guid=\"{ef1cc15b-46c1-414e-bb95-e76b077bd51e}\"></Provider>\n<EventID Qualifiers=\"\">60</EventID>\n<Version>1</Version>\n<Level>4</Level>\n<Task>0</Task>\n<Opcode>2</Opcode>\n<Keywords>0x4000000000000000</Keywords>\n<TimeCreated SystemTime=\"2014-01-25 01:38:35.767397+00:00\"></TimeCreated>\n<EventRecordID>556</EventRecordID>\n<Correlation ActivityID=\"{7f4d29c2-fbf6-4fe8-9f4c-4b168de20762}\" RelatedActivityID=\"\"></Correlation>\n<Execution ProcessID=\"888\" ThreadID=\"2612\"></Execution>\n<Channel>Microsoft-Windows-Bits-Client/Operational</Channel>\n<Computer>IACIS-HDD-2014</Computer>\n<Security UserID=\"S-1-5-18\"></Security>\n</System>\n<EventData><Data Name=\"transferId\">{7f4d29c2-fbf6-4fe8-9f4c-4b168de20762}</Data>\n<Data Name=\"name\">WU Client Download</Data>\n<Data Name=\"Id\">{2e66deb6-b042-4729-8630-2dfad6e38c87}</Data>\n<Data Name=\"url\">http://au.download.windowsupdate.com/msdownload/update/software/secu/2013/12/windows6.1-kb2862330-v2-x64-express_5edc4e174b1b8fe623b144c00f96d66838c095c1.cab</Data>\n<Data Name=\"peer\"></Data>\n<Data Name=\"hr\">0</Data>\n<Data Name=\"fileTime\">2013-12-04 21:10:54+00:00</Data>\n<Data Name=\"fileLength\">58925</Data>\n<Data Name=\"bytesTotal\">58925</Data>\n<Data Name=\"bytesTransferred\">58925</Data>\n<Data Name=\"proxy\"></Data>\n<Data Name=\"peerProtocolFlags\">0</Data>\n<Data Name=\"bytesTransferredFromPeer\">0</Data>\n<Data Name=\"AdditionalInfoHr\">0</Data>\n<Data Name=\"PeerContextInfo\">0</Data>\n<Data Name=\"bandwidthLimit\">18446744073709551615</Data>\n<Data Name=\"ignoreBandwidthLimitsOnLan\">False</Data>\n</EventData>\n</Event>\n"
  },
  {
    "EventID": 60,
    "Timestamp": "2014-01-25 01:38:35.829798+00:00",
    "Computer": "IACIS-HDD-2014",
    "Channel": "Microsoft-Windows-Bits-Client/Operational",
    "Level": "Information",
    "EventData": {
      "transferId": "{c6a83c26-8568-4619-a9c8-4576c1f8461e}",
      "name": "WU Client Download",
      "Id": "{07882361-b59d-4238-9cee-427789119193}",
      "url": "http://au.download.windowsupdate.com/msdownload/update/driver/drvs/2011/12/4898_fe393bd9ba1024afd5128b4a354dbb0f03ff6d29.cab",
      "peer": "",
      "hr": "0",
      "fileTime": "2011-12-20 21:23:10+00:00",
      "fileLength": "377154",
      "bytesTotal": "377154",
      "bytesTransferred": "377154",
      "proxy": "",
      "peerProtocolFlags": "0",
      "bytesTransferredFromPeer": "0",
      "AdditionalInfoHr": "0",
      "PeerContextInfo": "0",
      "bandwidthLimit": "18446744073709551615",
      "ignoreBandwidthLimitsOnLan": "False"
    },
    "RawXml": "<Event xmlns=\"http://schemas.microsoft.com/win/2004/08/events/event\"><System><Provider Name=\"Microsoft-Windows-Bits-Client\" Guid=\"{ef1cc15b-46c1-414e-bb95-e76b077bd51e}\"></Provider>\n<EventID Qualifiers=\"\">60</EventID>\n<Version>1</Version>\n<Level>4</Level>\n<Task>0</Task>\n<Opcode>2</Opcode>\n<Keywords>0x4000000000000000</Keywords>\n<TimeCreated SystemTime=\"2014-01-25 01:38:35.829798+00:00\"></TimeCreated>\n<EventRecordID>557</EventRecordID>\n<Correlation ActivityID=\"{c6a83c26-8568-4619-a9c8-4576c1f8461e}\" RelatedActivityID=\"\"></Correlation>\n<Execution ProcessID=\"888\" ThreadID=\"2988\"></Execution>\n<Channel>Microsoft-Windows-Bits-Client/Operational</Channel>\n<Computer>IACIS-HDD-2014</Computer>\n<Security UserID=\"S-1-5-18\"></Security>\n</System>\n<EventData><Data Name=\"transferId\">{c6a83c26-8568-4619-a9c8-4576c1f8461e}</Data>\n<Data Name=\"name\">WU Client Download</Data>\n<Data Name=\"Id\">{07882361-b59d-4238-9cee-427789119193}</Data>\n<Data Name=\"url\">http://au.download.windowsupdate.com/msdownload/update/driver/drvs/2011/12/4898_fe393bd9ba1024afd5128b4a354dbb0f03ff6d29.cab</Data>\n<Data Name=\"peer\"></Data>\n<Data Name=\"hr\">0</Data>\n<Data Name=\"fileTime\">2011-12-20 21:23:10+00:00</Data>\n<Data Name=\"fileLength\">377154</Data>\n<Data Name=\"bytesTotal\">377154</Data>\n<Data Name=\"bytesTransferred\">377154</Data>\n<Data Name=\"proxy\"></Data>\n<Data Name=\"peerProtocolFlags\">0</Data>\n<Data Name=\"bytesTransferredFromPeer\">0</Data>\n<Data Name=\"AdditionalInfoHr\">0</Data>\n<Data Name=\"PeerContextInfo\">0</Data>\n<Data Name=\"bandwidthLimit\">18446744073709551615</Data>\n<Data Name=\"ignoreBandwidthLimitsOnLan\">False</Data>\n</EventData>\n</Event>\n"
  },
  {
    "EventID": 60,
    "Timestamp": "2014-01-25 01:38:35.876598+00:00",
    "Computer": "IACIS-HDD-2014",
    "Channel": "Microsoft-Windows-Bits-Client/Operational",
    "Level": "Information",
    "EventData": {
      "transferId": "{4ab67f37-10d7-4507-b671-977a4e1e6e6e}",
      "name": "WU Client Download",
      "Id": "{e2f10feb-7f02-4fd9-821a-7404eea882e8}",
      "url": "http://au.download.windowsupdate.com/msdownload/update/software/secu/2013/02/windows6.1-kb2807986-x64-express_05ebe1a3a5b344e72a78c98f38220b06a3970c27.cab",
      "peer": "",
      "hr": "0",
      "fileTime": "2013-02-20 08:53:38+00:00",
      "fileLength": "68309",
      "bytesTotal": "68309",
      "bytesTransferred": "68309",
      "proxy": "",
      "peerProtocolFlags": "0",
      "bytesTransferredFromPeer": "0",
      "AdditionalInfoHr": "0",
      "PeerContextInfo": "0",
      "bandwidthLimit": "18446744073709551615",
      "ignoreBandwidthLimitsOnLan": "False"
    },
    "RawXml": "<Event xmlns=\"http://schemas.microsoft.com/win/2004/08/events/event\"><System><Provider Name=\"Microsoft-Windows-Bits-Client\" Guid=\"{ef1cc15b-46c1-414e-bb95-e76b077bd51e}\"></Provider>\n<EventID Qualifiers=\"\">60</EventID>\n<Version>1</Version>\n<Level>4</Level>\n<Task>0</Task>\n<Opcode>2</Opcode>\n<Keywords>0x4000000000000000</Keywords>\n<TimeCreated SystemTime=\"2014-01-25 01:38:35.876598+00:00\"></TimeCreated>\n<EventRecordID>558</EventRecordID>\n<Correlation ActivityID=\"{4ab67f37-10d7-4507-b671-977a4e1e6e6e}\" RelatedActivityID=\"\"></Correlation>\n<Execution ProcessID=\"888\" ThreadID=\"1016\"></Execution>\n<Channel>Microsoft-Windows-Bits-Client/Operational</Channel>\n<Computer>IACIS-HDD-2014</Computer>\n<Security UserID=\"S-1-5-18\"></Security>\n</System>\n<EventData><Data Name=\"transferId\">{4ab67f37-10d7-4507-b671-977a4e1e6e6e}</Data>\n<Data Name=\"name\">WU Client Download</Data>\n<Data Name=\"Id\">{e2f10feb-7f02-4fd9-821a-7404eea882e8}</Data>\n<Data Name=\"url\">http://au.download.windowsupdate.com/msdownload/update/software/secu/2013/02/windows6.1-kb2807986-x64-express_05ebe1a3a5b344e72a78c98f38220b06a3970c27.cab</Data>\n<Data Name=\"peer\"></Data>\n<Data Name=\"hr\">0</Data>\n<Data Name=\"fileTime\">2013-02-20 08:53:38+00:00</Data>\n<Data Name=\"fileLength\">68309</Data>\n<Data Name=\"bytesTotal\">68309</Data>\n<Data Name=\"bytesTransferred\">68309</Data>\n<Data Name=\"proxy\"></Data>\n<Data Name=\"peerProtocolFlags\">0</Data>\n<Data Name=\"bytesTransferredFromPeer\">0</Data>\n<Data Name=\"AdditionalInfoHr\">0</Data>\n<Data Name=\"PeerContextInfo\">0</Data>\n<Data Name=\"bandwidthLimit\">18446744073709551615</Data>\n<Data Name=\"ignoreBandwidthLimitsOnLan\">False</Data>\n</EventData>\n</Event>\n"
  },
  {
    "EventID": 60,
    "Timestamp": "2014-01-25 01:38:35.954597+00:00",
    "Computer": "IACIS-HDD-2014",
    "Channel": "Microsoft-Windows-Bits-Client/Operational",
    "Level": "Information",
    "EventData": {
      "transferId": "{7cf682f1-89a8-4dbe-9ff9-7e877df9f61c}",
      "name": "WU Client Download",
      "Id": "{c3941647-0ef2-4a00-ab16-2d71cc34c85d}",
      "url": "http://au.download.windowsupdate.com/msdownload/update/software/secu/2011/05/windows6.1-kb2536275-x64-express_266b7dbbfaff00cd9171b3da6438fd2e2018e7f4.cab",
      "peer": "",
      "hr": "0",
      "fileTime": "2011-05-25 03:09:29+00:00",
      "fileLength": "44115",
      "bytesTotal": "44115",
      "bytesTransferred": "44115",
      "proxy": "",
      "peerProtocolFlags": "0",
      "bytesTransferredFromPeer": "0",
      "AdditionalInfoHr": "0",
      "PeerContextInfo": "0",
      "bandwidthLimit": "18446744073709551615",
      "ignoreBandwidthLimitsOnLan": "False"
    },
    "RawXml": "<Event xmlns=\"http://schemas.microsoft.com/win/2004/08/events/event\"><System><Provider Name=\"Microsoft-Windows-Bits-Client\" Guid=\"{ef1cc15b-46c1-414e-bb95-e76b077bd51e}\"></Provider>\n<EventID Qualifiers=\"\">60</EventID>\n<Version>1</Version>\n<Level>4</Level>\n<Task>0</Task>\n<Opcode>2</Opcode>\n<Keywords>0x4000000000000000</Keywords>\n<TimeCreated SystemTime=\"2014-01-25 01:38:35.954597+00:00\"></TimeCreated>\n<EventRecordID>559</EventRecordID>\n<Correlation ActivityID=\"{7cf682f1-89a8-4dbe-9ff9-7e877df9f61c}\" RelatedActivityID=\"\"></Correlation>\n<Execution ProcessID=\"888\" ThreadID=\"1448\"></Execution>\n<Channel>Microsoft-Windows-Bits-Client/Operational</Channel>\n<Computer>IACIS-HDD-2014</Computer>\n<Security UserID=\"S-1-5-18\"></Security>\n</System>\n<EventData><Data Name=\"transferId\">{7cf682f1-89a8-4dbe-9ff9-7e877df9f61c}</Data>\n<Data Name=\"name\">WU Client Download</Data>\n<Data Name=\"Id\">{c3941647-0ef2-4a00-ab16-2d71cc34c85d}</Data>\n<Data Name=\"url\">http://au.download.windowsupdate.com/msdownload/update/software/secu/2011/05/windows6.1-kb2536275-x64-express_266b7dbbfaff00cd9171b3da6438fd2e2018e7f4.cab</Data>\n<Data Name=\"peer\"></Data>\n<Data Name=\"hr\">0</Data>\n<Data Name=\"fileTime\">2011-05-25 03:09:29+00:00</Data>\n<Data Name=\"fileLength\">44115</Data>\n<Data Name=\"bytesTotal\">44115</Data>\n<Data Name=\"bytesTransferred\">44115</Data>\n<Data Name=\"proxy\"></Data>\n<Data Name=\"peerProtocolFlags\">0</Data>\n<Data Name=\"bytesTransferredFromPeer\">0</Data>\n<Data Name=\"AdditionalInfoHr\">0</Data>\n<Data Name=\"PeerContextInfo\">0</Data>\n<Data Name=\"bandwidthLimit\">18446744073709551615</Data>\n<Data Name=\"ignoreBandwidthLimitsOnLan\">False</Data>\n</EventData>\n</Event>\n"
  },
  {
    "EventID": 60,
    "Timestamp": "2014-01-25 01:38:35.985798+00:00",
    "Computer": "IACIS-HDD-2014",
    "Channel": "Microsoft-Windows-Bits-Client/Operational",
    "Level": "Information",
    "EventData": {
      "transferId": "{1adb5d2f-b3b5-4ccb-ab04-22483df10729}",
      "name": "WU Client Download",
      "Id": "{b4a2127c-a322-4fd3-b75d-b2482095bca8}",
      "url": "http://au.download.windowsupdate.com/msdownload/update/software/secu/2012/12/windows6.1-kb2785220-x64-express_7fda1a0b259d8e7ad9d263b3b52e4274638c8b31.cab",
      "peer": "",
      "hr": "0",
      "fileTime": "2012-12-10 18:01:27+00:00",
      "fileLength": "70071",
      "bytesTotal": "70071",
      "bytesTransferred": "70071",
      "proxy": "",
      "peerProtocolFlags": "0",
      "bytesTransferredFromPeer": "0",
      "AdditionalInfoHr": "0",
      "PeerContextInfo": "0",
      "bandwidthLimit": "18446744073709551615",
      "ignoreBandwidthLimitsOnLan": "False"
    },
    "RawXml": "<Event xmlns=\"http://schemas.microsoft.com/win/2004/08/events/event\"><System><Provider Name=\"Microsoft-Windows-Bits-Client\" Guid=\"{ef1cc15b-46c1-414e-bb95-e76b077bd51e}\"></Provider>\n<EventID Qualifiers=\"\">60</EventID>\n<Version>1</Version>\n<Level>4</Level>\n<Task>0</Task>\n<Opcode>2</Opcode>\n<Keywords>0x4000000000000000</Keywords>\n<TimeCreated SystemTime=\"2014-01-25 01:38:35.985798+00:00\"></TimeCreated>\n<EventRecordID>560</EventRecordID>\n<Correlation ActivityID=\"{1adb5d2f-b3b5-4ccb-ab04-22483df10729}\" RelatedActivityID=\"\"></Correlation>\n<Execution ProcessID=\"888\" ThreadID=\"2884\"></Execution>\n<Channel>Microsoft-Windows-Bits-Client/Operational</Channel>\n<Computer>IACIS-HDD-2014</Computer>\n<Security UserID=\"S-1-5-18\"></Security>\n</System>\n<EventData><Data Name=\"transferId\">{1adb5d2f-b3b5-4ccb-ab04-22483df10729}</Data>\n<Data Name=\"name\">WU Client Download</Data>\n<Data Name=\"Id\">{b4a2127c-a322-4fd3-b75d-b2482095bca8}</Data>\n<Data Name=\"url\">http://au.download.windowsupdate.com/msdownload/update/software/secu/2012/12/windows6.1-kb2785220-x64-express_7fda1a0b259d8e7ad9d263b3b52e4274638c8b31.cab</Data>\n<Data Name=\"peer\"></Data>\n<Data Name=\"hr\">0</Data>\n<Data Name=\"fileTime\">2012-12-10 18:01:27+00:00</Data>\n<Data Name=\"fileLength\">70071</Data>\n<Data Name=\"bytesTotal\">70071</Data>\n<Data Name=\"bytesTransferred\">70071</Data>\n<Data Name=\"proxy\"></Data>\n<Data Name=\"peerProtocolFlags\">0</Data>\n<Data Name=\"bytesTransferredFromPeer\">0</Data>\n<Data Name=\"AdditionalInfoHr\">0</Data>\n<Data Name=\"PeerContextInfo\">0</Data>\n<Data Name=\"bandwidthLimit\">18446744073709551615</Data>\n<Data Name=\"ignoreBandwidthLimitsOnLan\">False</Data>\n</EventData>\n</Event>\n"
  },
