  {
    "EventID": 2101,
    "Timestamp": "2014-02-20 19:11:07.508074+00:00",
    "Computer": "IACIS-HDD-2014",
    "Channel": "Microsoft-Windows-DriverFrameworks-UserMode/Operational",
    "Level": "Information",
    "EventData": {},
    "RawXml": "<Event xmlns=\"http://schemas.microsoft.com/win/2004/08/events/event\"><System><Provider Name=\"Microsoft-Windows-DriverFrameworks-UserMode\" Guid=\"{2e35aaeb-857f-4beb-a418-2e6c0e54d988}\"></Provider>\n<EventID Qualifiers=\"\">2101</EventID>\n<Version>1</Version>\n<Level>4</Level>\n<Task>37</Task>\n<Opcode>2</Opcode>\n<Keywords>0x8000000000000000</Keywords>\n<TimeCreated SystemTime=\"2014-02-20 19:11:07.508074+00:00\"></TimeCreated>\n<EventRecordID>557</EventRecordID>\n<Correlation ActivityID=\"\" RelatedActivityID=\"\"></Correlation>\n<Execution ProcessID=\"2968\" ThreadID=\"1012\"></Execution>\n<Channel>Microsoft-Windows-DriverFrameworks-UserMode/Operational</Channel>\n<Computer>IACIS-HDD-2014</Computer>\n<Security UserID=\"S-1-5-19\"></Security>\n</System>\n<UserData><UMDFHostDeviceRequest instance=\"WPDBUSENUMROOT\\UMB\\2&amp;37C186B&amp;0&amp;STORAGE#VOLUME#_??_USBSTOR#DISK&amp;VEN_KINGSTON&amp;PROD_DATATRAVELER_2.0&amp;REV_1.00#0019E001EA2D5A891A040057&amp;0#\" lifetime=\"{b2683a5e-df12-412a-b0ac-f0c05d477104}\" xmlns:auto-ns2=\"http://schemas.microsoft.com/win/2004/08/events\" xmlns=\"http://www.microsoft.com/DriverFrameworks/UserMode/Event\"><Request major=\"27\" minor=\"20\"><Argument>0x0000000000000000</Argument>\n<Argument>0x000000000000141b</Argument>\n<Argument>0x0000000000000000</Argument>\n<Argument>0x0000000000000000</Argument>\n</Request>\n<Status>0</Status>\n</UMDFHostDeviceRequest>\n</UserData>\n</Event>\n"
  },
  {
    "EventID": 2100,
    "Timestamp": "2014-02-20 19:21:28.119566+00:00",
    "Computer": "IACIS-HDD-2014",
    "Channel": "Microsoft-Windows-DriverFrameworks-UserMode/Operational",
    "Level": "Information",
    "EventData": {},
    "RawXml": "<Event xmlns=\"http://schemas.microsoft.com/win/2004/08/events/event\"><System><Provider Name=\"Microsoft-Windows-DriverFrameworks-UserMode\" Guid=\"{2e35aaeb-857f-4beb-a418-2e6c0e54d988}\"></Provider>\n<EventID Qualifiers=\"\">2100</EventID>\n<Version>1</Version>\n<Level>4</Level>\n<Task>37</Task>\n<Opcode>1</Opcode>\n<Keywords>0x8000000000000000</Keywords>\n<TimeCreated SystemTime=\"2014-02-20 19:21:28.119566+00:00\"></TimeCreated>\n<EventRecordID>558</EventRecordID>\n<Correlation ActivityID=\"\" RelatedActivityID=\"\"></Correlation>\n<Execution ProcessID=\"2968\" ThreadID=\"1012\"></Execution>\n<Channel>Microsoft-Windows-DriverFrameworks-UserMode/Operational</Channel>\n<Computer>IACIS-HDD-2014</Computer>\n<Security UserID=\"S-1-5-19\"></Security>\n</System>\n<UserData><UMDFHostDeviceRequest instance=\"WPDBUSENUMROOT\\UMB\\2&amp;37C186B&amp;0&amp;STORAGE#VOLUME#_??_USBSTOR#DISK&amp;VEN_KINGSTON&amp;PROD_DATATRAVELER_2.0&amp;REV_1.00#0019E001EA2D5A891A040057&amp;0#\" lifetime=\"{b2683a5e-df12-412a-b0ac-f0c05d477104}\" xmlns:auto-ns2=\"http://schemas.microsoft.com/win/2004/08/events\" xmlns=\"http://www.microsoft.com/DriverFrameworks/UserMode/Event\"><Request major=\"27\" minor=\"23\"><Argument>0x0000000000000000</Argument>\n<Argument>0x0000000000000000</Argument>\n<Argument>0x0000000000000000</Argument>\n<Argument>0x0000000000000000</Argument>\n</Request>\n<Status>3221225659</Status>\n</UMDFHostDeviceRequest>\n</UserData>\n</Event>\n"
  },
  {
    "EventID": 2102,
    "Timestamp": "2014-02-20 19:21:28.119566+00:00",
    "Computer": "IACIS-HDD-2014",
    "Channel": "Microsoft-Windows-DriverFrameworks-UserMode/Operational",
    "Level": "Information",
    "EventData": {},
    "RawXml": "<Event xmlns=\"http://schemas.microsoft.com/win/2004/08/events/event\"><System><Provider Name=\"Microsoft-Windows-DriverFrameworks-UserMode\" Guid=\"{2e35aaeb-857f-4beb-a418-2e6c0e54d988}\"></Provider>\n<EventID Qualifiers=\"\">2102</EventID>\n<Version>1</Version>\n<Level>4</Level>\n<Task>37</Task>\n<Opcode>2</Opcode>\n<Keywords>0x8000000000000000</Keywords>\n<TimeCreated SystemTime=\"2014-02-20 19:21:28.119566+00:00\"></TimeCreated>\n<EventRecordID>559</EventRecordID>\n<Correlation ActivityID=\"\" RelatedActivityID=\"\"></Correlation>\n<Execution ProcessID=\"2968\" ThreadID=\"1012\"></Execution>\n<Channel>Microsoft-Windows-DriverFrameworks-UserMode/Operational</Channel>\n<Computer>IACIS-HDD-2014</Computer>\n<Security UserID=\"S-1-5-19\"></Security>\n</System>\n<UserData><UMDFHostDeviceRequest instance=\"WPDBUSENUMROOT\\UMB\\2&amp;37C186B&amp;0&amp;STORAGE#VOLUME#_??_USBSTOR#DISK&amp;VEN_KINGSTON&amp;PROD_DATATRAVELER_2.0&amp;REV_1.00#0019E001EA2D5A891A040057&amp;0#\" lifetime=\"{b2683a5e-df12-412a-b0ac-f0c05d477104}\" xmlns:auto-ns2=\"http://schemas.microsoft.com/win/2004/08/events\" xmlns=\"http://www.microsoft.com/DriverFrameworks/UserMode/Event\"><Request major=\"27\" minor=\"23\"><Argument>0x0000000000000000</Argument>\n<Argument>0x0000000000000000</Argument>\n<Argument>0x0000000000000000</Argument>\n<Argument>0x0000000000000000</Argument>\n</Request>\n<Status>3221225659</Status>\n</UMDFHostDeviceRequest>\n</UserData>\n</Event>\n"
  },
  {
    "EventID": 2100,
    "Timestamp": "2014-02-20 19:21:28.119566+00:00",
    "Computer": "IACIS-HDD-2014",
    "Channel": "Microsoft-Windows-DriverFrameworks-UserMode/Operational",
    "Level": "Information",
    "EventData": {},
    "RawXml": "<Event xmlns=\"http://schemas.microsoft.com/win/2004/08/events/event\"><System><Provider Name=\"Microsoft-Windows-DriverFrameworks-UserMode\" Guid=\"{2e35aaeb-857f-4beb-a418-2e6c0e54d988}\"></Provider>\n<EventID Qualifiers=\"\">2100</EventID>\n<Version>1</Version>\n<Level>4</Level>\n<Task>37</Task>\n<Opcode>1</Opcode>\n<Keywords>0x8000000000000000</Keywords>\n<TimeCreated SystemTime=\"2014-02-20 19:21:28.119566+00:00\"></TimeCreated>\n<EventRecordID>560</EventRecordID>\n<Correlation ActivityID=\"\" RelatedActivityID=\"\"></Correlation>\n<Execution ProcessID=\"2968\" ThreadID=\"1012\"></Execution>\n<Channel>Microsoft-Windows-DriverFrameworks-UserMode/Operational</Channel>\n<Computer>IACIS-HDD-2014</Computer>\n<Security UserID=\"S-1-5-19\"></Security>\n</System>\n<UserData><UMDFHostDeviceRequest instance=\"WPDBUSENUMROOT\\UMB\\2&amp;37C186B&amp;0&amp;STORAGE#VOLUME#_??_USBSTOR#DISK&amp;VEN_KINGSTON&amp;PROD_DATATRAVELER_2.0&amp;REV_1.00#0019E001EA2D5A891A040057&amp;0#\" lifetime=\"{b2683a5e-df12-412a-b0ac-f0c05d477104}\" xmlns:auto-ns2=\"http://schemas.microsoft.com/win/2004/08/events\" xmlns=\"http://www.microsoft.com/DriverFrameworks/UserMode/Event\"><Request major=\"27\" minor=\"2\"><Argument>0x0000000000000000</Argument>\n<Argument>0x0000000000000000</Argument>\n<Argument>0x0000000000000000</Argument>\n<Argument>0x0000000000000000</Argument>\n</Request>\n<Status>3221225659</Status>\n</UMDFHostDeviceRequest>\n</UserData>\n</Event>\n"
  },
  {
    "EventID": 2102,
    "Timestamp": "2014-02-20 19:21:28.119566+00:00",
    "Computer": "IACIS-HDD-2014",
    "Channel": "Microsoft-Windows-DriverFrameworks-UserMode/Operational",
    "Level": "Information",
    "EventData": {},
    "RawXml": "<Event xmlns=\"http://schemas.microsoft.com/win/2004/08/events/event\"><System><Provider Name=\"Microsoft-Windows-DriverFrameworks-UserMode\" Guid=\"{2e35aaeb-857f-4beb-a418-2e6c0e54d988}\"></Provider>\n<EventID Qualifiers=\"\">2102</EventID>\n<Version>1</Version>\n<Level>4</Level>\n<Task>37</Task>\n<Opcode>2</Opcode>\n<Keywords>0x8000000000000000</Keywords>\n<TimeCreated SystemTime=\"2014-02-20 19:21:28.119566+00:00\"></TimeCreated>\n<EventRecordID>561</EventRecordID>\n<Correlation ActivityID=\"\" RelatedActivityID=\"\"></Correlation>\n<Execution ProcessID=\"2968\" ThreadID=\"1012\"></Execution>\n<Channel>Microsoft-Windows-DriverFrameworks-UserMode/Operational</Channel>\n<Computer>IACIS-HDD-2014</Computer>\n<Security UserID=\"S-1-5-19\"></Security>\n</System>\n<UserData><UMDFHostDeviceRequest instance=\"WPDBUSENUMROOT\\UMB\\2&amp;37C186B&amp;0&amp;STORAGE#VOLUME#_??_USBSTOR#DISK&amp;VEN_KINGSTON&amp;PROD_DATATRAVELER_2.0&amp;REV_1.00#0019E001EA2D5A891A040057&amp;0#\" lifetime=\"{b2683a5e-df12-412a-b0ac-f0c05d477104}\" xmlns:auto-ns2=\"http://schemas.microsoft.com/win/2004/08/events\" xmlns=\"http://www.microsoft.com/DriverFrameworks/UserMode/Event\"><Request major=\"27\" minor=\"2\"><Argument>0x0000000000000000</Argument>\n<Argument>0x0000000000000000</Argument>\n<Argument>0x0000000000000000</Argument>\n<Argument>0x0000000000000000</Argument>\n</Request>\n<Status>3221225659</Status>\n</UMDFHostDeviceRequest>\n</UserData>\n</Event>\n"
  },
  {
    "EventID": 1006,
    "Timestamp": "2014-02-20 19:21:28.119566+00:00",
    "Computer": "IACIS-HDD-2014",
    "Channel": "Microsoft-Windows-DriverFrameworks-UserMode/Operational",
    "Level": "Information",
    "EventData": {},
    "RawXml": "<Event xmlns=\"http://schemas.microsoft.com/win/2004/08/events/event\"><System><Provider Name=\"Microsoft-Windows-DriverFrameworks-UserMode\" Guid=\"{2e35aaeb-857f-4beb-a418-2e6c0e54d988}\"></Provider>\n<EventID Qualifiers=\"\">1006</EventID>\n<Version>1</Version>\n<Level>4</Level>\n<Task>18</Task>\n<Opcode>1</Opcode>\n<Keywords>0x8000000000000000</Keywords>\n<TimeCreated SystemTime=\"2014-02-20 19:21:28.119566+00:00\"></TimeCreated>\n<EventRecordID>562</EventRecordID>\n<Correlation ActivityID=\"\" RelatedActivityID=\"\"></Correlation>\n<Execution ProcessID=\"912\" ThreadID=\"348\"></Execution>\n<Channel>Microsoft-Windows-DriverFrameworks-UserMode/Operational</Channel>\n<Computer>IACIS-HDD-2014</Computer>\n<Security UserID=\"S-1-5-18\"></Security>\n</System>\n<UserData><UMDFDriverManagerHostShutdown lifetime=\"{b2683a5e-df12-412a-b0ac-f0c05d477104}\" xmlns:auto-ns2=\"http://schemas.microsoft.com/win/2004/08/events\" xmlns=\"http://www.microsoft.com/DriverFrameworks/UserMode/Event\"></UMDFDriverManagerHostShutdown>\n</UserData>\n</Event>\n"
  },
  {
    "EventID": 2900,
    "Timestamp": "2014-02-20 19:21:28.119566+00:00",
    "Computer": "IACIS-HDD-2014",
    "Channel": "Microsoft-Windows-DriverFrameworks-UserMode/Operational",
    "Level": "Information",
    "EventData": {},
    "RawXml": "<Event xmlns=\"http://schemas.microsoft.com/win/2004/08/events/event\"><System><Provider Name=\"Microsoft-Windows-DriverFrameworks-UserMode\" Guid=\"{2e35aaeb-857f-4beb-a418-2e6c0e54d988}\"></Provider>\n<EventID Qualifiers=\"\">2900</EventID>\n<Version>1</Version>\n<Level>4</Level>\n<Task>41</Task>\n<Opcode>1</Opcode>\n<Keywords>0x8000000000000000</Keywords>\n<TimeCreated SystemTime=\"2014-02-20 19:21:28.119566+00:00\"></TimeCreated>\n<EventRecordID>563</EventRecordID>\n<Correlation ActivityID=\"\" RelatedActivityID=\"\"></Correlation>\n<Execution ProcessID=\"2968\" ThreadID=\"1012\"></Execution>\n<Channel>Microsoft-Windows-DriverFrameworks-UserMode/Operational</Channel>\n<Computer>IACIS-HDD-2014</Computer>\n<Security UserID=\"S-1-5-19\"></Security>\n</System>\n<UserData><UMDFHostShutdown lifetime=\"{b2683a5e-df12-412a-b0ac-f0c05d477104}\" xmlns:auto-ns2=\"http://schemas.microsoft.com/win/2004/08/events\" xmlns=\"http://www.microsoft.com/DriverFrameworks/UserMode/Event\"></UMDFHostShutdown>\n</UserData>\n</Event>\n"
  },
  {
    "EventID": 2901,
    "Timestamp": "2014-02-20 19:21:28.119566+00:00",
    "Computer": "IACIS-HDD-2014",
    "Channel": "Microsoft-Windows-DriverFrameworks-UserMode/Operational",
    "Level": "Information",
    "EventData": {},
    "RawXml": "<Event xmlns=\"http://schemas.microsoft.com/win/2004/08/events/event\"><System><Provider Name=\"Microsoft-Windows-DriverFrameworks-UserMode\" Guid=\"{2e35aaeb-857f-4beb-a418-2e6c0e54d988}\"></Provider>\n<EventID Qualifiers=\"\">2901</EventID>\n<Version>1</Version>\n<Level>4</Level>\n<Task>41</Task>\n<Opcode>2</Opcode>\n<Keywords>0x8000000000000000</Keywords>\n<TimeCreated SystemTime=\"2014-02-20 19:21:28.119566+00:00\"></TimeCreated>\n<EventRecordID>564</EventRecordID>\n<Correlation ActivityID=\"\" RelatedActivityID=\"\"></Correlation>\n<Execution ProcessID=\"2968\" ThreadID=\"1904\"></Execution>\n<Channel>Microsoft-Windows-DriverFrameworks-UserMode/Operational</Channel>\n<Computer>IACIS-HDD-2014</Computer>\n<Security UserID=\"S-1-5-19\"></Security>\n</System>\n<UserData><UMDFHostShutdown lifetime=\"{b2683a5e-df12-412a-b0ac-f0c05d477104}\" xmlns:auto-ns2=\"http://schemas.microsoft.com/win/2004/08/events\" xmlns=\"http://www.microsoft.com/DriverFrameworks/UserMode/Event\"></UMDFHostShutdown>\n</UserData>\n</Event>\n"
  },
  {
    "EventID": 1008,
    "Timestamp": "2014-02-20 19:21:28.119566+00:00",
    "Computer": "IACIS-HDD-2014",
    "Channel": "Microsoft-Windows-DriverFrameworks-UserMode/Operational",
    "Level": "Information",
    "EventData": {},
    "RawXml": "<Event xmlns=\"http://schemas.microsoft.com/win/2004/08/events/event\"><System><Provider Name=\"Microsoft-Windows-DriverFrameworks-UserMode\" Guid=\"{2e35aaeb-857f-4beb-a418-2e6c0e54d988}\"></Provider>\n<EventID Qualifiers=\"\">1008</EventID>\n<Version>1</Version>\n<Level>4</Level>\n<Task>18</Task>\n<Opcode>2</Opcode>\n<Keywords>0x8000000000000000</Keywords>\n<TimeCreated SystemTime=\"2014-02-20 19:21:28.119566+00:00\"></TimeCreated>\n<EventRecordID>565</EventRecordID>\n<Correlation ActivityID=\"\" RelatedActivityID=\"\"></Correlation>\n<Execution ProcessID=\"912\" ThreadID=\"348\"></Execution>\n<Channel>Microsoft-Windows-DriverFrameworks-UserMode/Operational</Channel>\n<Computer>IACIS-HDD-2014</Computer>\n<Security UserID=\"S-1-5-18\"></Security>\n</System>\n<UserData><UMDFDriverManagerHostShutdown lifetime=\"{b2683a5e-df12-412a-b0ac-f0c05d477104}\" xmlns:auto-ns2=\"http://schemas.microsoft.com/win/2004/08/events\" xmlns=\"http://www.microsoft.com/DriverFrameworks/UserMode/Event\"><TerminateStatus>0</TerminateStatus>\n<ExitCode>0</ExitCode>\n</UMDFDriverManagerHostShutdown>\n</UserData>\n</Event>\n"
  }
]