  {
    "EventID": 2002,
    "Timestamp": "2014-01-25 14:50:45.281483+00:00",
    "Computer": "IACIS-HDD-2014",
    "Channel": "Microsoft-Windows-Windows Firewall With Advanced Security/Firewall",
    "Level": "Information",
    "EventData": {
      "SettingType": "2",
      "SettingValueSize": "4",
      "SettingValue": "BAAAAA==",
      "SettingValueDisplay": "Public",
      "Origin": "1",
      "ModifyingUser": "S-1-5-80-3088073201-1464728630-1879813800-1107566885-823218052",
      "ModifyingApplication": ""
    },
    "RawXml": "<Event xmlns=\"http://schemas.microsoft.com/win/2004/08/events/event\"><System><Provider Name=\"Microsoft-Windows-Windows Firewall With Advanced Security\" Guid=\"{d1bc9aff-2abf-4d71-9146-ecb2a986eb85}\"></Provider>\n<EventID Qualifiers=\"\">2002</EventID>\n<Version>0</Version>\n<Level>4</Level>\n<Task>0</Task>\n<Opcode>0</Opcode>\n<Keywords>0x8000000000000000</Keywords>\n<TimeCreated SystemTime=\"2014-01-25 14:50:45.281483+00:00\"></TimeCreated>\n<EventRecordID>201</EventRecordID>\n<Correlation ActivityID=\"\" RelatedActivityID=\"\"></Correlation>\n<Execution ProcessID=\"1204\" ThreadID=\"2932\"></Execution>\n<Channel>Microsoft-Windows-Windows Firewall With Advanced Security/Firewall</Channel>\n<Computer>IACIS-HDD-2014</Computer>\n<Security UserID=\"S-1-5-19\"></Security>\n</System>\n<EventData><Data Name=\"SettingType\">2</Data>\n<Data Name=\"SettingValueSize\">4</Data>\n<Data Name=\"SettingValue\">BAAAAA==</Data>\n<Data Name=\"SettingValueDisplay\">Public</Data>\n<Data Name=\"Origin\">1</Data>\n<Data Name=\"ModifyingUser\">S-1-5-80-3088073201-1464728630-1879813800-1107566885-823218052</Data>\n<Data Name=\"ModifyingApplication\"></Data>\n</EventData>\n</Event>\n"
  },
  {
    "EventID": 2010,
    "Timestamp": "2014-01-25 14:50:45.281483+00:00",
    "Computer": "IACIS-HDD-2014",
    "Channel": "Microsoft-Windows-Windows Firewall With Advanced Security/Firewall",
    "Level": "Information",
    "EventData": {
      "InterfaceGuid": "{78a289b4-f8b9-43c7-8bba-f96e0bbc2185}",
      "InterfaceName": "ethernet_6",
      "OldProfile": "2",
      "NewProfile": "2147483649"
    },
    "RawXml": "<Event xmlns=\"http://schemas.microsoft.com/win/2004/08/events/event\"><System><Provider Name=\"Microsoft-Windows-Windows Firewall With Advanced Security\" Guid=\"{d1bc9aff-2abf-4d71-9146-ecb2a986eb85}\"></Provider>\n<EventID Qualifiers=\"\">2010</EventID>\n<Version>0</Version>\n<Level>4</Level>\n<Task>0</Task>\n<Opcode>0</Opcode>\n<Keywords>0x8000000000000000</Keywords>\n<TimeCreated SystemTime=\"2014-01-25 14:50:45.281483+00:00\"></TimeCreated>\n<EventRecordID>202</EventRecordID>\n<Correlation ActivityID=\"\" RelatedActivityID=\"\"></Correlation>\n<Execution ProcessID=\"1204\" ThreadID=\"2932\"></Execution>\n<Channel>Microsoft-Windows-Windows Firewall With Advanced Security/Firewall</Channel>\n<Computer>IACIS-HDD-2014</Computer>\n<Security UserID=\"S-1-5-19\"></Security>\n</System>\n<EventData><Data Name=\"InterfaceGuid\">{78a289b4-f8b9-43c7-8bba-f96e0bbc2185}</Data>\n<Data Name=\"InterfaceName\">ethernet_6</Data>\n<Data Name=\"OldProfile\">2</Data>\n<Data Name=\"NewProfile\">2147483649</Data>\n</EventData>\n</Event>\n"
  },
  {
    "EventID": 2011,
    "Timestamp": "2014-01-25 15:25:37.866146+00:00",
    "Computer": "IACIS-HDD-2014",
    "Channel": "Microsoft-Windows-Windows Firewall With Advanced Security/Firewall",
    "Level": "Information",
    "EventData": {
      "ReasonCode": "1",
      "ApplicationPath": "C:\\windows\\system32\\lsass.exe",
      "IPVersion": "1",
      "Protocol": "6",
      "Port": "49156",
      "ProcessId": "512",
      "ModifyingUser": "S-1-5-18"
    },
    "RawXml": "<Event xmlns=\"http://schemas.microsoft.com/win/2004/08/events/event\"><System><Provider Name=\"Microsoft-Windows-Windows Firewall With Advanced Security\" Guid=\"{d1bc9aff-2abf-4d71-9146-ecb2a986eb85}\"></Provider>\n<EventID Qualifiers=\"\">2011</EventID>\n<Version>0</Version>\n<Level>4</Level>\n<Task>0</Task>\n<Opcode>0</Opcode>\n<Keywords>0x8000000000000000</Keywords>\n<TimeCreated SystemTime=\"2014-01-25 15:25:37.866146+00:00\"></TimeCreated>\n<EventRecordID>203</EventRecordID>\n<Correlation ActivityID=\"\" RelatedActivityID=\"\"></Correlation>\n<Execution ProcessID=\"1268\" ThreadID=\"1340\"></Execution>\n<Channel>Microsoft-Windows-Windows Firewall With Advanced Security/Firewall</Channel>\n<Computer>IACIS-HDD-2014</Computer>\n<Security UserID=\"S-1-5-19\"></Security>\n</System>\n<EventData><Data Name=\"ReasonCode\">1</Data>\n<Data Name=\"ApplicationPath\">C:\\windows\\system32\\lsass.exe</Data>\n<Data Name=\"IPVersion\">1</Data>\n<Data Name=\"Protocol\">6</Data>\n<Data Name=\"Port\">49156</Data>\n<Data Name=\"ProcessId\">512</Data>\n<Data Name=\"ModifyingUser\">S-1-5-18</Data>\n</EventData>\n</Event>\n"
  },
  {
    "EventID": 2010,
    "Timestamp": "2014-01-29 12:27:58.062904+00:00",
    "Computer": "IACIS-HDD-2014",
    "Channel": "Microsoft-Windows-Windows Firewall With Advanced Security/Firewall",
    "Level": "Information",
    "EventData": {
      "InterfaceGuid": "{78a289b4-f8b9-43c7-8bba-f96e0bbc2185}",
      "InterfaceName": "ethernet_6",
      "OldProfile": "2147483649",
      "NewProfile": "4"
    },
    "RawXml": "<Event xmlns=\"http://schemas.microsoft.com/win/2004/08/events/event\"><System><Provider Name=\"Microsoft-Windows-Windows Firewall With Advanced Security\" Guid=\"{d1bc9aff-2abf-4d71-9146-ecb2a986eb85}\"></Provider>\n<EventID Qualifiers=\"\">2010</EventID>\n<Version>0</Version>\n<Level>4</Level>\n<Task>0</Task>\n<Opcode>0</Opcode>\n<Keywords>0x8000000000000000</Keywords>\n<TimeCreated SystemTime=\"2014-01-29 12:27:58.062904+00:00\"></TimeCreated>\n<EventRecordID>204</EventRecordID>\n<Correlation ActivityID=\"\" RelatedActivityID=\"\"></Correlation>\n<Execution ProcessID=\"1264\" ThreadID=\"1684\"></Execution>\n<Channel>Microsoft-Windows-Windows Firewall With Advanced Security/Firewall</Channel>\n<Computer>IACIS-HDD-2014</Computer>\n<Security UserID=\"S-1-5-19\"></Security>\n</System>\n<EventData><Data Name=\"InterfaceGuid\">{78a289b4-f8b9-43c7-8bba-f96e0bbc2185}</Data>\n<Data Name=\"InterfaceName\">ethernet_6</Data>\n<Data Name=\"OldProfile\">2147483649</Data>\n<Data Name=\"NewProfile\">4</Data>\n</EventData>\n</Event>\n"
  },
  {
    "EventID": 2010,
    "Timestamp": "2014-01-29 12:28:00.564909+00:00",
    "Computer": "IACIS-HDD-2014",
    "Channel": "Microsoft-Windows-Windows Firewall With Advanced Security/Firewall",
    "Level": "Information",
    "EventData": {
      "InterfaceGuid": "{78a289b4-f8b9-43c7-8bba-f96e0bbc2185}",
      "InterfaceName": "ethernet_6",
      "OldProfile": "4",
      "NewProfile": "2147483649"
    },
    "RawXml": "<Event xmlns=\"http://schemas.microsoft.com/win/2004/08/events/event\"><System><Provider Name=\"Microsoft-Windows-Windows Firewall With Advanced Security\" Guid=\"{d1bc9aff-2abf-4d71-9146-ecb2a986eb85}\"></Provider>\n<EventID Qualifiers=\"\">2010</EventID>\n<Version>0</Version>\n<Level>4</Level>\n<Task>0</Task>\n<Opcode>0</Opcode>\n<Keywords>0x8000000000000000</Keywords>\n<TimeCreated SystemTime=\"2014-01-29 12:28:00.564909+00:00\"></TimeCreated>\n<EventRecordID>205</EventRecordID>\n<Correlation ActivityID=\"\" RelatedActivityID=\"\"></Correlation>\n<Execution ProcessID=\"1264\" ThreadID=\"1684\"></Execution>\n<Channel>Microsoft-Windows-Windows Firewall With Advanced Security/Firewall</Channel>\n<Computer>IACIS-HDD-2014</Computer>\n<Security UserID=\"S-1-5-19\"></Security>\n</System>\n<EventData><Data Name=\"InterfaceGuid\">{78a289b4-f8b9-43c7-8bba-f96e0bbc2185}</Data>\n<Data Name=\"InterfaceName\">ethernet_6</Data>\n<Data Name=\"OldProfile\">4</Data>\n<Data Name=\"NewProfile\">2147483649</Data>\n</EventData>\n</Event>\n"
  },
  {
    "EventID": 2010,
    "Timestamp": "2014-01-29 12:28:00.614908+00:00",
    "Computer": "IACIS-HDD-2014",
    "Channel": "Microsoft-Windows-Windows Firewall With Advanced Security/Firewall",
    "Level": "Information",
    "EventData": {
      "InterfaceGuid": "{78a289b4-f8b9-43c7-8bba-f96e0bbc2185}",
      "InterfaceName": "ethernet_6",
      "OldProfile": "2147483649",
      "NewProfile": "4"
    },
    "RawXml": "<Event xmlns=\"http://schemas.microsoft.com/win/2004/08/events/event\"><System><Provider Name=\"Microsoft-Windows-Windows Firewall With Advanced Security\" Guid=\"{d1bc9aff-2abf-4d71-9146-ecb2a986eb85}\"></Provider>\n<EventID Qualifiers=\"\">2010</EventID>\n<Version>0</Version>\n<Level>4</Level>\n<Task>0</Task>\n<Opcode>0</Opcode>\n<Keywords>0x8000000000000000</Keywords>\n<TimeCreated SystemTime=\"2014-01-29 12:28:00.614908+00:00\"></TimeCreated>\n<EventRecordID>206</EventRecordID>\n<Correlation ActivityID=\"\" RelatedActivityID=\"\"></Correlation>\n<Execution ProcessID=\"1264\" ThreadID=\"1288\"></Execution>\n<Channel>Microsoft-Windows-Windows Firewall With Advanced Security/Firewall</Channel>\n<Computer>IACIS-HDD-2014</Computer>\n<Security UserID=\"S-1-5-19\"></Security>\n</System>\n<EventData><Data Name=\"InterfaceGuid\">{78a289b4-f8b9-43c7-8bba-f96e0bbc2185}</Data>\n<Data Name=\"InterfaceName\">ethernet_6</Data>\n<Data Name=\"OldProfile\">2147483649</Data>\n<Data Name=\"NewProfile\">4</Data>\n</EventData>\n</Event>\n"
  },
  {
    "EventID": 2002,
    "Timestamp": "2014-01-29 12:32:43.117962+00:00",
    "Computer": "IACIS-HDD-2014",
    "Channel": "Microsoft-Windows-Windows Firewall With Advanced Security/Firewall",
    "Level": "Information",
    "EventData": {
      "SettingType": "2",
      "SettingValueSize": "4",
      "SettingValue": "AgAAAA==",
      "SettingValueDisplay": "Private",
      "Origin": "1",
      "ModifyingUser": "S-1-5-80-3088073201-1464728630-1879813800-1107566885-823218052",
      "ModifyingApplication": ""
    },
    "RawXml": "<Event xmlns=\"http://schemas.microsoft.com/win/2004/08/events/event\"><System><Provider Name=\"Microsoft-Windows-Windows Firewall With Advanced Security\" Guid=\"{d1bc9aff-2abf-4d71-9146-ecb2a986eb85}\"></Provider>\n<EventID Qualifiers=\"\">2002</EventID>\n<Version>0</Version>\n<Level>4</Level>\n<Task>0</Task>\n<Opcode>0</Opcode>\n<Keywords>0x8000000000000000</Keywords>\n<TimeCreated SystemTime=\"2014-01-29 12:32:43.117962+00:00\"></TimeCreated>\n<EventRecordID>207</EventRecordID>\n<Correlation ActivityID=\"{86432a0b-3c7d-4ddf-a89c-172faa90485d}\" RelatedActivityID=\"\"></Correlation>\n<Execution ProcessID=\"1264\" ThreadID=\"2112\"></Execution>\n<Channel>Microsoft-Windows-Windows Firewall With Advanced Security/Firewall</Channel>\n<Computer>IACIS-HDD-2014</Computer>\n<Security UserID=\"S-1-5-19\"></Security>\n</System>\n<EventData><Data Name=\"SettingType\">2</Data>\n<Data Name=\"SettingValueSize\">4</Data>\n<Data Name=\"SettingValue\">AgAAAA==</Data>\n<Data Name=\"SettingValueDisplay\">Private</Data>\n<Data Name=\"Origin\">1</Data>\n<Data Name=\"ModifyingUser\">S-1-5-80-3088073201-1464728630-1879813800-1107566885-823218052</Data>\n<Data Name=\"ModifyingApplication\"></Data>\n</EventData>\n</Event>\n"
  },
  {
    "EventID": 2010,
    "Timestamp": "2014-01-29 12:32:43.117962+00:00",
    "Computer": "IACIS-HDD-2014",
    "Channel": "Microsoft-Windows-Windows Firewall With Advanced Security/Firewall",
    "Level": "Information",
    "EventData": {
      "InterfaceGuid": "{78a289b4-f8b9-43c7-8bba-f96e0bbc2185}",
      "InterfaceName": "ethernet_6",
      "OldProfile": "4",
      "NewProfile": "2"
    },
    "RawXml": "<Event xmlns=\"http://schemas.microsoft.com/win/2004/08/events/event\"><System><Provider Name=\"Microsoft-Windows-Windows Firewall With Advanced Security\" Guid=\"{d1bc9aff-2abf-4d71-9146-ecb2a986eb85}\"></Provider>\n<EventID Qualifiers=\"\">2010</EventID>\n<Version>0</Version>\n<Level>4</Level>\n<Task>0</Task>\n<Opcode>0</Opcode>\n<Keywords>0x8000000000000000</Keywords>\n<TimeCreated SystemTime=\"2014-01-29 12:32:43.117962+00:00\"></TimeCreated>\n<EventRecordID>208</EventRecordID>\n<Correlation ActivityID=\"{86432a0b-3c7d-4ddf-a89c-172faa90485d}\" RelatedActivityID=\"\"></Correlation>\n<Execution ProcessID=\"1264\" ThreadID=\"2112\"></Execution>\n<Channel>Microsoft-Windows-Windows Firewall With Advanced Security/Firewall</Channel>\n<Computer>IACIS-HDD-2014</Computer>\n<Security UserID=\"S-1-5-19\"></Security>\n</System>\n<EventData><Data Name=\"InterfaceGuid\">{78a289b4-f8b9-43c7-8bba-f96e0bbc2185}</Data>\n<Data Name=\"InterfaceName\">ethernet_6</Data>\n<Data Name=\"OldProfile\">4</Data>\n<Data Name=\"NewProfile\">2</Data>\n</EventData>\n</Event>\n"
  },
  {
    "EventID": 2002,
    "Timestamp": "2014-01-29 15:38:11.382498+00:00",
    "Computer": "IACIS-HDD-2014",
    "Channel": "Microsoft-Windows-Windows Firewall With Advanced Security/Firewall",
    "Level": "Information",
    "EventData": {
      "SettingType": "2",
      "SettingValueSize": "4",
      "SettingValue": "BAAAAA==",
      "SettingValueDisplay": "Public",
      "Origin": "1",
      "ModifyingUser": "S-1-5-80-3088073201-1464728630-1879813800-1107566885-823218052",
      "ModifyingApplication": ""
    },
    "RawXml": "<Event xmlns=\"http://schemas.microsoft.com/win/2004/08/events/event\"><System><Provider Name=\"Microsoft-Windows-Windows Firewall With Advanced Security\" Guid=\"{d1bc9aff-2abf-4d71-9146-ecb2a986eb85}\"></Provider>\n<EventID Qualifiers=\"\">2002</EventID>\n<Version>0</Version>\n<Level>4</Level>\n<Task>0</Task>\n<Opcode>0</Opcode>\n<Keywords>0x8000000000000000</Keywords>\n<TimeCreated SystemTime=\"2014-01-29 15:38:11.382498+00:00\"></TimeCreated>\n<EventRecordID>209</EventRecordID>\n<Correlation ActivityID=\"\" RelatedActivityID=\"\"></Correlation>\n<Execution ProcessID=\"1264\" ThreadID=\"3284\"></Execution>\n<Channel>Microsoft-Windows-Windows Firewall With Advanced Security/Firewall</Channel>\n<Computer>IACIS-HDD-2014</Computer>\n<Security UserID=\"S-1-5-19\"></Security>\n</System>\n<EventData><Data Name=\"SettingType\">2</Data>\n<Data Name=\"SettingValueSize\">4</Data>\n<Data Name=\"SettingValue\">BAAAAA==</Data>\n<Data Name=\"SettingValueDisplay\">Public</Data>\n<Data Name=\"Origin\">1</Data>\n<Data Name=\"ModifyingUser\">S-1-5-80-3088073201-1464728630-1879813800-1107566885-823218052</Data>\n<Data Name=\"ModifyingApplication\"></Data>\n</EventData>\n</Event>\n"
  },
  {
    "EventID": 2010,
    "Timestamp": "2014-01-29 15:38:11.382498+00:00",
    "Computer": "IACIS-HDD-2014",
    "Channel": "Microsoft-Windows-Windows Firewall With Advanced Security/Firewall",
    "Level": "Information",
    "EventData": {
      "InterfaceGuid": "{78a289b4-f8b9-43c7-8bba-f96e0bbc2185}",
      "InterfaceName": "ethernet_6",
      "OldProfile": "2",
      "NewProfile": "4"
    },
    "RawXml": "<Event xmlns=\"http://schemas.microsoft.com/win/2004/08/events/event\"><System><Provider Name=\"Microsoft-Windows-Windows Firewall With Advanced Security\" Guid=\"{d1bc9aff-2abf-4d71-9146-ecb2a986eb85}\"></Provider>\n<EventID Qualifiers=\"\">2010</EventID>\n<Version>0</Version>\n<Level>4</Level>\n<Task>0</Task>\n<Opcode>0</Opcode>\n<Keywords>0x8000000000000000</Keywords>\n<TimeCreated SystemTime=\"2014-01-29 15:38:11.382498+00:00\"></TimeCreated>\n<EventRecordID>210</EventRecordID>\n<Correlation ActivityID=\"\" RelatedActivityID=\"\"></Correlation>\n<Execution ProcessID=\"1264\" ThreadID=\"3284\"></Execution>\n<Channel>Microsoft-Windows-Windows Firewall With Advanced Security/Firewall</Channel>\n<Computer>IACIS-HDD-2014</Computer>\n<Security UserID=\"S-1-5-19\"></Security>\n</System>\n<EventData><Data Name=\"InterfaceGuid\">{78a289b4-f8b9-43c7-8bba-f96e0bbc2185}</Data>\n<Data Name=\"InterfaceName\">ethernet_6</Data>\n<Data Name=\"OldProfile\">2</Data>\n<Data Name=\"NewProfile\">4</Data>\n</EventData>\n</Event>\n"
  },
  {
    "EventID": 2010,
    "Timestamp": "2014-02-03 12:00:47.359871+00:00",
    "Computer": "IACIS-HDD-2014",
    "Channel": "Microsoft-Windows-Windows Firewall With Advanced Security/Firewall",
    "Level": "Information",
    "EventData": {
      "InterfaceGuid": "{78a289b4-f8b9-43c7-8bba-f96e0bbc2185}",
      "InterfaceName": "ethernet_6",
      "OldProfile": "2147483649",
      "NewProfile": "4"
    },
    "RawXml": "<Event xmlns=\"http://schemas.microsoft.com/win/2004/08/events/event\"><System><Provider Name=\"Microsoft-Windows-Windows Firewall With Advanced Security\" Guid=\"{d1bc9aff-2abf-4d71-9146-ecb2a986eb85}\"></Provider>\n<EventID Qualifiers=\"\">2010</EventID>\n<Version>0</Version>\n<Level>4</Level>\n<Task>0</Task>\n<Opcode>0</Opcode>\n<Keywords>0x8000000000000000</Keywords>\n<TimeCreated SystemTime=\"2014-02-03 12:00:47.359871+00:00\"></TimeCreated>\n<EventRecordID>211</EventRecordID>\n<Correlation ActivityID=\"\" RelatedActivityID=\"\"></Correlation>\n<Execution ProcessID=\"1328\" ThreadID=\"1740\"></Execution>\n<Channel>Microsoft-Windows-Windows Firewall With Advanced Security/Firewall</Channel>\n<Computer>IACIS-HDD-2014</Computer>\n<Security UserID=\"S-1-5-19\"></Security>\n</System>\n<EventData><Data Name=\"InterfaceGuid\">{78a289b4-f8b9-43c7-8bba-f96e0bbc2185}</Data>\n<Data Name=\"InterfaceName\">ethernet_6</Data>\n<Data Name=\"OldProfile\">2147483649</Data>\n<Data Name=\"NewProfile\">4</Data>\n</EventData>\n</Event>\n"
  },
  {
    "EventID": 2010,
    "Timestamp": "2014-02-03 12:00:48.795074+00:00",
    "Computer": "IACIS-HDD-2014",
    "Channel": "Microsoft-Windows-Windows Firewall With Advanced Security/Firewall",
    "Level": "Information",
    "EventData": {
      "InterfaceGuid": "{78a289b4-f8b9-43c7-8bba-f96e0bbc2185}",
      "InterfaceName": "ethernet_6",
      "OldProfile": "4",
      "NewProfile": "2147483649"
    },
    "RawXml": "<Event xmlns=\"http://schemas.microsoft.com/win/2004/08/events/event\"><System><Provider Name=\"Microsoft-Windows-Windows Firewall With Advanced Security\" Guid=\"{d1bc9aff-2abf-4d71-9146-ecb2a986eb85}\"></Provider>\n<EventID Qualifiers=\"\">2010</EventID>\n<Version>0</Version>\n<Level>4</Level>\n<Task>0</Task>\n<Opcode>0</Opcode>\n<Keywords>0x8000000000000000</Keywords>\n<TimeCreated SystemTime=\"2014-02-03 12:00:48.795074+00:00\"></TimeCreated>\n<EventRecordID>212</EventRecordID>\n<Correlation ActivityID=\"\" RelatedActivityID=\"\"></Correlation>\n<Execution ProcessID=\"1328\" ThreadID=\"1740\"></Execution>\n<Channel>Microsoft-Windows-Windows Firewall With Advanced Security/Firewall</Channel>\n<Computer>IACIS-HDD-2014</Computer>\n<Security UserID=\"S-1-5-19\"></Security>\n</System>\n<EventData><Data Name=\"InterfaceGuid\">{78a289b4-f8b9-43c7-8bba-f96e0bbc2185}</Data>\n<Data Name=\"InterfaceName\">ethernet_6</Data>\n<Data Name=\"OldProfile\">4</Data>\n<Data Name=\"NewProfile\">2147483649</Data>\n</EventData>\n</Event>\n"
  },
  {
    "EventID": 2010,
    "Timestamp": "2014-02-03 12:00:55.128685+00:00",
    "Computer": "IACIS-HDD-2014",
    "Channel": "Microsoft-Windows-Windows Firewall With Advanced Security/Firewall",
    "Level": "Information",
    "EventData": {
      "InterfaceGuid": "{78a289b4-f8b9-43c7-8bba-f96e0bbc2185}",
      "InterfaceName": "ethernet_6",
      "OldProfile": "2147483649",
      "NewProfile": "4"
    },
    "RawXml": "<Event xmlns=\"http://schemas.microsoft.com/win/2004/08/events/event\"><System><Provider Name=\"Microsoft-Windows-Windows Firewall With Advanced Security\" Guid=\"{d1bc9aff-2abf-4d71-9146-ecb2a986eb85}\"></Provider>\n<EventID Qualifiers=\"\">2010</EventID>\n<Version>0</Version>\n<Level>4</Level>\n<Task>0</Task>\n<Opcode>0</Opcode>\n<Keywords>0x8000000000000000</Keywords>\n<TimeCreated SystemTime=\"2014-02-03 12:00:55.128685+00:00\"></TimeCreated>\n<EventRecordID>213</EventRecordID>\n<Correlation ActivityID=\"\" RelatedActivityID=\"\"></Correlation>\n<Execution ProcessID=\"1328\" ThreadID=\"1752\"></Execution>\n<Channel>Microsoft-Windows-Windows Firewall With Advanced Security/Firewall</Channel>\n<Computer>IACIS-HDD-2014</Computer>\n<Security UserID=\"S-1-5-19\"></Security>\n</System>\n<EventData><Data Name=\"InterfaceGuid\">{78a289b4-f8b9-43c7-8bba-f96e0bbc2185}</Data>\n<Data Name=\"InterfaceName\">ethernet_6</Data>\n<Data Name=\"OldProfile\">2147483649</Data>\n<Data Name=\"NewProfile\">4</Data>\n</EventData>\n</Event>\n"
  },
  {
    "EventID": 2002,
    "Timestamp": "2014-02-03 12:01:08.638308+00:00",
    "Computer": "IACIS-HDD-2014",
    "Channel": "Microsoft-Windows-Windows Firewall With Advanced Security/Firewall",
    "Level": "Information",
    "EventData": {
      "SettingType": "2",
      "SettingValueSize": "4",
      "SettingValue": "BgAAAA==",
      "SettingValueDisplay": "Private,Public",
      "Origin": "1",
      "ModifyingUser": "S-1-5-80-3088073201-1464728630-1879813800-1107566885-823218052",
      "ModifyingApplication": ""
    },
    "RawXml": "<Event xmlns=\"http://schemas.microsoft.com/win/2004/08/events/event\"><System><Provider Name=\"Microsoft-Windows-Windows Firewall With Advanced Security\" Guid=\"{d1bc9aff-2abf-4d71-9146-ecb2a986eb85}\"></Provider>\n<EventID Qualifiers=\"\">2002</EventID>\n<Version>0</Version>\n<Level>4</Level>\n<Task>0</Task>\n<Opcode>0</Opcode>\n<Keywords>0x8000000000000000</Keywords>\n<TimeCreated SystemTime=\"2014-02-03 12:01:08.638308+00:00\"></TimeCreated>\n<EventRecordID>214</EventRecordID>\n<Correlation ActivityID=\"\" RelatedActivityID=\"\"></Correlation>\n<Execution ProcessID=\"1328\" ThreadID=\"1752\"></Execution>\n<Channel>Microsoft-Windows-Windows Firewall With Advanced Security/Firewall</Channel>\n<Computer>IACIS-HDD-2014</Computer>\n<Security UserID=\"S-1-5-19\"></Security>\n</System>\n<EventData><Data Name=\"SettingType\">2</Data>\n<Data Name=\"SettingValueSize\">4</Data>\n<Data Name=\"SettingValue\">BgAAAA==</Data>\n<Data Name=\"SettingValueDisplay\">Private,Public</Data>\n<Data Name=\"Origin\">1</Data>\n<Data Name=\"ModifyingUser\">S-1-5-80-3088073201-1464728630-1879813800-1107566885-823218052</Data>\n<Data Name=\"ModifyingApplication\"></Data>\n</EventData>\n</Event>\n"
  },
  {
    "EventID": 2010,
    "Timestamp": "2014-02-03 12:01:08.638308+00:00",
    "Computer": "IACIS-HDD-2014",
    "Channel": "Microsoft-Windows-Windows Firewall With Advanced Security/Firewall",
    "Level": "Information",
    "EventData": {
      "InterfaceGuid": "{78a289b4-f8b9-43c7-8bba-f96e0bbc2185}",
      "InterfaceName": "ethernet_6",
      "OldProfile": "2147483649",
      "NewProfile": "2"
    },
    "RawXml": "<Event xmlns=\"http://schemas.microsoft.com/win/2004/08/events/event\"><System><Provider Name=\"Microsoft-Windows-Windows Firewall With Advanced Security\" Guid=\"{d1bc9aff-2abf-4d71-9146-ecb2a986eb85}\"></Provider>\n<EventID Qualifiers=\"\">2010</EventID>\n<Version>0</Version>\n<Level>4</Level>\n<Task>0</Task>\n<Opcode>0</Opcode>\n<Keywords>0x8000000000000000</Keywords>\n<TimeCreated SystemTime=\"2014-02-03 12:01:08.638308+00:00\"></TimeCreated>\n<EventRecordID>215</EventRecordID>\n<Correlation ActivityID=\"\" RelatedActivityID=\"\"></Correlation>\n<Execution ProcessID=\"1328\" ThreadID=\"1752\"></Execution>\n<Channel>Microsoft-Windows-Windows Firewall With Advanced Security/Firewall</Channel>\n<Computer>IACIS-HDD-2014</Computer>\n<Security UserID=\"S-1-5-19\"></Security>\n</System>\n<EventData><Data Name=\"InterfaceGuid\">{78a289b4-f8b9-43c7-8bba-f96e0bbc2185}</Data>\n<Data Name=\"InterfaceName\">ethernet_6</Data>\n<Data Name=\"OldProfile\">2147483649</Data>\n<Data Name=\"NewProfile\">2</Data>\n</EventData>\n</Event>\n"
  },
  {
    "EventID": 2002,
    "Timestamp": "2014-02-03 12:01:08.685108+00:00",
    "Computer": "IACIS-HDD-2014",
    "Channel": "Microsoft-Windows-Windows Firewall With Advanced Security/Firewall",
    "Level": "Information",
    "EventData": {
      "SettingType": "2",
      "SettingValueSize": "4",
      "SettingValue": "AgAAAA==",
      "SettingValueDisplay": "Private",
      "Origin": "1",
      "ModifyingUser": "S-1-5-80-3088073201-1464728630-1879813800-1107566885-823218052",
      "ModifyingApplication": ""
    },
    "RawXml": "<Event xmlns=\"http://schemas.microsoft.com/win/2004/08/events/event\"><System><Provider Name=\"Microsoft-Windows-Windows Firewall With Advanced Security\" Guid=\"{d1bc9aff-2abf-4d71-9146-ecb2a986eb85}\"></Provider>\n<EventID Qualifiers=\"\">2002</EventID>\n<Version>0</Version>\n<Level>4</Level>\n<Task>0</Task>\n<Opcode>0</Opcode>\n<Keywords>0x8000000000000000</Keywords>\n<TimeCreated SystemTime=\"2014-02-03 12:01:08.685108+00:00\"></TimeCreated>\n<EventRecordID>216</EventRecordID>\n<Correlation ActivityID=\"\" RelatedActivityID=\"\"></Correlation>\n<Execution ProcessID=\"1328\" ThreadID=\"1740\"></Execution>\n<Channel>Microsoft-Windows-Windows Firewall With Advanced Security/Firewall</Channel>\n<Computer>IACIS-HDD-2014</Computer>\n<Security UserID=\"S-1-5-19\"></Security>\n</System>\n<EventData><Data Name=\"SettingType\">2</Data>\n<Data Name=\"SettingValueSize\">4</Data>\n<Data Name=\"SettingValue\">AgAAAA==</Data>\n<Data Name=\"SettingValueDisplay\">Private</Data>\n<Data Name=\"Origin\">1</Data>\n<Data Name=\"ModifyingUser\">S-1-5-80-3088073201-1464728630-1879813800-1107566885-823218052</Data>\n<Data Name=\"ModifyingApplication\"></Data>\n</EventData>\n</Event>\n"
  },
  {
    "EventID": 2010,
    "Timestamp": "2014-02-03 12:01:08.685108+00:00",
    "Computer": "IACIS-HDD-2014",
    "Channel": "Microsoft-Windows-Windows Firewall With Advanced Security/Firewall",
    "Level": "Information",
    "EventData": {
      "InterfaceGuid": "{78a289b4-f8b9-43c7-8bba-f96e0bbc2185}",
      "InterfaceName": "ethernet_6",
      "OldProfile": "4",
      "NewProfile": "2147483649"
    },
    "RawXml": "<Event xmlns=\"http://schemas.microsoft.com/win/2004/08/events/event\"><System><Provider Name=\"Microsoft-Windows-Windows Firewall With Advanced Security\" Guid=\"{d1bc9aff-2abf-4d71-9146-ecb2a986eb85}\"></Provider>\n<EventID Qualifiers=\"\">2010</EventID>\n<Version>0</Version>\n<Level>4</Level>\n<Task>0</Task>\n<Opcode>0</Opcode>\n<Keywords>0x8000000000000000</Keywords>\n<TimeCreated SystemTime=\"2014-02-03 12:01:08.685108+00:00\"></TimeCreated>\n<EventRecordID>217</EventRecordID>\n<Correlation ActivityID=\"\" RelatedActivityID=\"\"></Correlation>\n<Execution ProcessID=\"1328\" ThreadID=\"1740\"></Execution>\n<Channel>Microsoft-Windows-Windows Firewall With Advanced Security/Firewall</Channel>\n<Computer>IACIS-HDD-2014</Computer>\n<Security UserID=\"S-1-5-19\"></Security>\n</System>\n<EventData><Data Name=\"InterfaceGuid\">{78a289b4-f8b9-43c7-8bba-f96e0bbc2185}</Data>\n<Data Name=\"InterfaceName\">ethernet_6</Data>\n<Data Name=\"OldProfile\">4</Data>\n<Data Name=\"NewProfile\">2147483649</Data>\n</EventData>\n</Event>\n"
  },
  {
    "EventID": 2002,
    "Timestamp": "2014-02-03 12:01:11.118713+00:00",
    "Computer": "IACIS-HDD-2014",
    "Channel": "Microsoft-Windows-Windows Firewall With Advanced Security/Firewall",
    "Level": "Information",
    "EventData": {
      "SettingType": "2",
      "SettingValueSize": "4",
      "SettingValue": "BAAAAA==",
      "SettingValueDisplay": "Public",
      "Origin": "1",
      "ModifyingUser": "S-1-5-80-3088073201-1464728630-1879813800-1107566885-823218052",
      "ModifyingApplication": ""
    },
    "RawXml": "<Event xmlns=\"http://schemas.microsoft.com/win/2004/08/events/event\"><System><Provider Name=\"Microsoft-Windows-Windows Firewall With Advanced Security\" Guid=\"{d1bc9aff-2abf-4d71-9146-ecb2a986eb85}\"></Provider>\n<EventID Qualifiers=\"\">2002</EventID>\n<Version>0</Version>\n<Level>4</Level>\n<Task>0</Task>\n<Opcode>0</Opcode>\n<Keywords>0x8000000000000000</Keywords>\n<TimeCreated SystemTime=\"2014-02-03 12:01:11.118713+00:00\"></TimeCreated>\n<EventRecordID>218</EventRecordID>\n<Correlation ActivityID=\"\" RelatedActivityID=\"\"></Correlation>\n<Execution ProcessID=\"1328\" ThreadID=\"1740\"></Execution>\n<Channel>Microsoft-Windows-Windows Firewall With Advanced Security/Firewall</Channel>\n<Computer>IACIS-HDD-2014</Computer>\n<Security UserID=\"S-1-5-19\"></Security>\n</System>\n<EventData><Data Name=\"SettingType\">2</Data>\n<Data Name=\"SettingValueSize\">4</Data>\n<Data Name=\"SettingValue\">BAAAAA==</Data>\n<Data Name=\"SettingValueDisplay\">Public</Data>\n<Data Name=\"Origin\">1</Data>\n<Data Name=\"ModifyingUser\">S-1-5-80-3088073201-1464728630-1879813800-1107566885-823218052</Data>\n<Data Name=\"ModifyingApplication\"></Data>\n</EventData>\n</Event>\n"
  },
  {
    "EventID": 2010,
    "Timestamp": "2014-02-03 12:01:11.118713+00:00",
    "Computer": "IACIS-HDD-2014",
    "Channel": "Microsoft-Windows-Windows Firewall With Advanced Security/Firewall",
    "Level": "Information",
    "EventData": {
      "InterfaceGuid": "{78a289b4-f8b9-43c7-8bba-f96e0bbc2185}",
      "InterfaceName": "ethernet_6",
      "OldProfile": "2",
      "NewProfile": "4"
    },
    "RawXml": "<Event xmlns=\"http://schemas.microsoft.com/win/2004/08/events/event\"><System><Provider Name=\"Microsoft-Windows-Windows Firewall With Advanced Security\" Guid=\"{d1bc9aff-2abf-4d71-9146-ecb2a986eb85}\"></Provider>\n<EventID Qualifiers=\"\">2010</EventID>\n<Version>0</Version>\n<Level>4</Level>\n<Task>0</Task>\n<Opcode>0</Opcode>\n<Keywords>0x8000000000000000</Keywords>\n<TimeCreated SystemTime=\"2014-02-03 12:01:11.118713+00:00\"></TimeCreated>\n<EventRecordID>219</EventRecordID>\n<Correlation ActivityID=\"\" RelatedActivityID=\"\"></Correlation>\n<Execution ProcessID=\"1328\" ThreadID=\"1740\"></Execution>\n<Channel>Microsoft-Windows-Windows Firewall With Advanced Security/Firewall</Channel>\n<Computer>IACIS-HDD-2014</Computer>\n<Security UserID=\"S-1-5-19\"></Security>\n</System>\n<EventData><Data Name=\"InterfaceGuid\">{78a289b4-f8b9-43c7-8bba-f96e0bbc2185}</Data>\n<Data Name=\"InterfaceName\">ethernet_6</Data>\n<Data Name=\"OldProfile\">2</Data>\n<Data Name=\"NewProfile\">4</Data>\n</EventData>\n</Event>\n"
  },
  {
    "EventID": 2010,
    "Timestamp": "2014-02-03 12:02:04.190868+00:00",
    "Computer": "IACIS-HDD-2014",
    "Channel": "Microsoft-Windows-Windows Firewall With Advanced Security/Firewall",
    "Level": "Information",
    "EventData": {
      "InterfaceGuid": "{78a289b4-f8b9-43c7-8bba-f96e0bbc2185}",
      "InterfaceName": "ethernet_6",
      "OldProfile": "2147483649",
      "NewProfile": "4"
    },
    "RawXml": "<Event xmlns=\"http://schemas.microsoft.com/win/2004/08/events/event\"><System><Provider Name=\"Microsoft-Windows-Windows Firewall With Advanced Security\" Guid=\"{d1bc9aff-2abf-4d71-9146-ecb2a986eb85}\"></Provider>\n<EventID Qualifiers=\"\">2010</EventID>\n<Version>0</Version>\n<Level>4</Level>\n<Task>0</Task>\n<Opcode>0</Opcode>\n<Keywords>0x8000000000000000</Keywords>\n<TimeCreated SystemTime=\"2014-02-03 12:02:04.190868+00:00\"></TimeCreated>\n<EventRecordID>220</EventRecordID>\n<Correlation ActivityID=\"\" RelatedActivityID=\"\"></Correlation>\n<Execution ProcessID=\"1336\" ThreadID=\"1548\"></Execution>\n<Channel>Microsoft-Windows-Windows Firewall With Advanced Security/Firewall</Channel>\n<Computer>IACIS-HDD-2014</Computer>\n<Security UserID=\"S-1-5-19\"></Security>\n</System>\n<EventData><Data Name=\"InterfaceGuid\">{78a289b4-f8b9-43c7-8bba-f96e0bbc2185}</Data>\n<Data Name=\"InterfaceName\">ethernet_6</Data>\n<Data Name=\"OldProfile\">2147483649</Data>\n<Data Name=\"NewProfile\">4</Data>\n</EventData>\n</Event>\n"
  },
  {
    "EventID": 2010,
    "Timestamp": "2014-02-03 12:02:06.985075+00:00",
    "Computer": "IACIS-HDD-2014",
    "Channel": "Microsoft-Windows-Windows Firewall With Advanced Security/Firewall",
    "Level": "Information",
    "EventData": {
      "InterfaceGuid": "{78a289b4-f8b9-43c7-8bba-f96e0bbc2185}",
      "InterfaceName": "ethernet_6",
      "OldProfile": "4",
      "NewProfile": "2147483649"
    },
    "RawXml": "<Event xmlns=\"http://schemas.microsoft.com/win/2004/08/events/event\"><System><Provider Name=\"Microsoft-Windows-Windows Firewall With Advanced Security\" Guid=\"{d1bc9aff-2abf-4d71-9146-ecb2a986eb85}\"></Provider>\n<EventID Qualifiers=\"\">2010</EventID>\n<Version>0</Version>\n<Level>4</Level>\n<Task>0</Task>\n<Opcode>0</Opcode>\n<Keywords>0x8000000000000000</Keywords>\n<TimeCreated SystemTime=\"2014-02-03 12:02:06.985075+00:00\"></TimeCreated>\n<EventRecordID>221</EventRecordID>\n<Correlation ActivityID=\"\" RelatedActivityID=\"\"></Correlation>\n<Execution ProcessID=\"1336\" ThreadID=\"1736\"></Execution>\n<Channel>Microsoft-Windows-Windows Firewall With Advanced Security/Firewall</Channel>\n<Computer>IACIS-HDD-2014</Computer>\n<Security UserID=\"S-1-5-19\"></Security>\n</System>\n<EventData><Data Name=\"InterfaceGuid\">{78a289b4-f8b9-43c7-8bba-f96e0bbc2185}</Data>\n<Data Name=\"InterfaceName\">ethernet_6</Data>\n<Data Name=\"OldProfile\">4</Data>\n<Data Name=\"NewProfile\">2147483649</Data>\n</EventData>\n</Event>\n"
  },
  {
    "EventID": 2002,
    "Timestamp": "2014-02-03 12:02:07.047474+00:00",
    "Computer": "IACIS-HDD-2014",
    "Channel": "Microsoft-Windows-Windows Firewall With Advanced Security/Firewall",
    "Level": "Information",
    "EventData": {
      "SettingType": "2",
      "SettingValueSize": "4",
      "SettingValue": "AgAAAA==",
      "SettingValueDisplay": "Private",
      "Origin": "1",
      "ModifyingUser": "S-1-5-80-3088073201-1464728630-1879813800-1107566885-823218052",
      "ModifyingApplication": ""
    },
    "RawXml": "<Event xmlns=\"http://schemas.microsoft.com/win/2004/08/events/event\"><System><Provider Name=\"Microsoft-Windows-Windows Firewall With Advanced Security\" Guid=\"{d1bc9aff-2abf-4d71-9146-ecb2a986eb85}\"></Provider>\n<EventID Qualifiers=\"\">2002</EventID>\n<Version>0</Version>\n<Level>4</Level>\n<Task>0</Task>\n<Opcode>0</Opcode>\n<Keywords>0x8000000000000000</Keywords>\n<TimeCreated SystemTime=\"2014-02-03 12:02:07.047474+00:00\"></TimeCreated>\n<EventRecordID>222</EventRecordID>\n<Correlation ActivityID=\"\" RelatedActivityID=\"\"></Correlation>\n<Execution ProcessID=\"1336\" ThreadID=\"1764\"></Execution>\n<Channel>Microsoft-Windows-Windows Firewall With Advanced Security/Firewall</Channel>\n<Computer>IACIS-HDD-2014</Computer>\n<Security UserID=\"S-1-5-19\"></Security>\n</System>\n<EventData><Data Name=\"SettingType\">2</Data>\n<Data Name=\"SettingValueSize\">4</Data>\n<Data Name=\"SettingValue\">AgAAAA==</Data>\n<Data Name=\"SettingValueDisplay\">Private</Data>\n<Data Name=\"Origin\">1</Data>\n<Data Name=\"ModifyingUser\">S-1-5-80-3088073201-1464728630-1879813800-1107566885-823218052</Data>\n<Data Name=\"ModifyingApplication\"></Data>\n</EventData>\n</Event>\n"
  },
  {
    "EventID": 2010,
    "Timestamp": "2014-02-03 12:02:07.047474+00:00",
    "Computer": "IACIS-HDD-2014",
    "Channel": "Microsoft-Windows-Windows Firewall With Advanced Security/Firewall",
    "Level": "Information",
    "EventData": {
      "InterfaceGuid": "{78a289b4-f8b9-43c7-8bba-f96e0bbc2185}",
      "InterfaceName": "ethernet_6",
      "OldProfile": "2147483649",
      "NewProfile": "2"
    },
    "RawXml": "<Event xmlns=\"http://schemas.microsoft.com/win/2004/08/events/event\"><System><Provider Name=\"Microsoft-Windows-Windows Firewall With Advanced Security\" Guid=\"{d1bc9aff-2abf-4d71-9146-ecb2a986eb85}\"></Provider>\n<EventID Qualifiers=\"\">2010</EventID>\n<Version>0</Version>\n<Level>4</Level>\n<Task>0</Task>\n<Opcode>0</Opcode>\n<Keywords>0x8000000000000000</Keywords>\n<TimeCreated SystemTime=\"2014-02-03 12:02:07.047474+00:00\"></TimeCreated>\n<EventRecordID>223</EventRecordID>\n<Correlation ActivityID=\"\" RelatedActivityID=\"\"></Correlation>\n<Execution ProcessID=\"1336\" ThreadID=\"1764\"></Execution>\n<Channel>Microsoft-Windows-Windows Firewall With Advanced Security/Firewall</Channel>\n<Computer>IACIS-HDD-2014</Computer>\n<Security UserID=\"S-1-5-19\"></Security>\n</System>\n<EventData><Data Name=\"InterfaceGuid\">{78a289b4-f8b9-43c7-8bba-f96e0bbc2185}</Data>\n<Data Name=\"InterfaceName\">ethernet_6</Data>\n<Data Name=\"OldProfile\">2147483649</Data>\n<Data Name=\"NewProfile\">2</Data>\n</EventData>\n</Event>\n"
  },
  {
    "EventID": 2002,
    "Timestamp": "2014-02-03 18:01:25.896498+00:00",
    "Computer": "IACIS-HDD-2014",
    "Channel": "Microsoft-Windows-Windows Firewall With Advanced Security/Firewall",
    "Level": "Information",
    "EventData": {
      "SettingType": "2",
      "SettingValueSize": "4",
      "SettingValue": "BAAAAA==",
      "SettingValueDisplay": "Public",
      "Origin": "1",
      "ModifyingUser": "S-1-5-80-3088073201-1464728630-1879813800-1107566885-823218052",
      "ModifyingApplication": ""
    },
    "RawXml": "<Event xmlns=\"http://schemas.microsoft.com/win/2004/08/events/event\"><System><Provider Name=\"Microsoft-Windows-Windows Firewall With Advanced Security\" Guid=\"{d1bc9aff-2abf-4d71-9146-ecb2a986eb85}\"></Provider>\n<EventID Qualifiers=\"\">2002</EventID>\n<Version>0</Version>\n<Level>4</Level>\n<Task>0</Task>\n<Opcode>0</Opcode>\n<Keywords>0x8000000000000000</Keywords>\n<TimeCreated SystemTime=\"2014-02-03 18:01:25.896498+00:00\"></TimeCreated>\n<EventRecordID>224</EventRecordID>\n<Correlation ActivityID=\"\" RelatedActivityID=\"\"></Correlation>\n<Execution ProcessID=\"1336\" ThreadID=\"3304\"></Execution>\n<Channel>Microsoft-Windows-Windows Firewall With Advanced Security/Firewall</Channel>\n<Computer>IACIS-HDD-2014</Computer>\n<Security UserID=\"S-1-5-19\"></Security>\n</System>\n<EventData><Data Name=\"SettingType\">2</Data>\n<Data Name=\"SettingValueSize\">4</Data>\n<Data Name=\"SettingValue\">BAAAAA==</Data>\n<Data Name=\"SettingValueDisplay\">Public</Data>\n<Data Name=\"Origin\">1</Data>\n<Data Name=\"ModifyingUser\">S-1-5-80-3088073201-1464728630-1879813800-1107566885-823218052</Data>\n<Data Name=\"ModifyingApplication\"></Data>\n</EventData>\n</Event>\n"
  },
  {
    "EventID": 2010,
    "Timestamp": "2014-02-03 18:01:25.896498+00:00",
    "Computer": "IACIS-HDD-2014",
    "Channel": "Microsoft-Windows-Windows Firewall With Advanced Security/Firewall",
    "Level": "Information",
    "EventData": {
      "InterfaceGuid": "{78a289b4-f8b9-43c7-8bba-f96e0bbc2185}",
      "InterfaceName": "ethernet_6",
      "OldProfile": "2",
      "NewProfile": "4"
    },
    "RawXml": "<Event xmlns=\"http://schemas.microsoft.com/win/2004/08/events/event\"><System><Provider Name=\"Microsoft-Windows-Windows Firewall With Advanced Security\" Guid=\"{d1bc9aff-2abf-4d71-9146-ecb2a986eb85}\"></Provider>\n<EventID Qualifiers=\"\">2010</EventID>\n<Version>0</Version>\n<Level>4</Level>\n<Task>0</Task>\n<Opcode>0</Opcode>\n<Keywords>0x8000000000000000</Keywords>\n<TimeCreated SystemTime=\"2014-02-03 18:01:25.896498+00:00\"></TimeCreated>\n<EventRecordID>225</EventRecordID>\n<Correlation ActivityID=\"\" RelatedActivityID=\"\"></Correlation>\n<Execution ProcessID=\"1336\" ThreadID=\"3304\"></Execution>\n<Channel>Microsoft-Windows-Windows Firewall With Advanced Security/Firewall</Channel>\n<Computer>IACIS-HDD-2014</Computer>\n<Security UserID=\"S-1-5-19\"></Security>\n</System>\n<EventData><Data Name=\"InterfaceGuid\">{78a289b4-f8b9-43c7-8bba-f96e0bbc2185}</Data>\n<Data Name=\"InterfaceName\">ethernet_6</Data>\n<Data Name=\"OldProfile\">2</Data>\n<Data Name=\"NewProfile\">4</Data>\n</EventData>\n</Event>\n"
  },
  {
    "EventID": 2010,
    "Timestamp": "2014-02-04 14:11:45.510498+00:00",
    "Computer": "IACIS-HDD-2014",
    "Channel": "Microsoft-Windows-Windows Firewall With Advanced Security/Firewall",
    "Level": "Information",
    "EventData": {
      "InterfaceGuid": "{78a289b4-f8b9-43c7-8bba-f96e0bbc2185}",
      "InterfaceName": "ethernet_6",
      "OldProfile": "2147483649",
      "NewProfile": "4"
    },
    "RawXml": "<Event xmlns=\"http://schemas.microsoft.com/win/2004/08/events/event\"><System><Provider Name=\"Microsoft-Windows-Windows Firewall With Advanced Security\" Guid=\"{d1bc9aff-2abf-4d71-9146-ecb2a986eb85}\"></Provider>\n<EventID Qualifiers=\"\">2010</EventID>\n<Version>0</Version>\n<Level>4</Level>\n<Task>0</Task>\n<Opcode>0</Opcode>\n<Keywords>0x8000000000000000</Keywords>\n<TimeCreated SystemTime=\"2014-02-04 14:11:45.510498+00:00\"></TimeCreated>\n<EventRecordID>226</EventRecordID>\n<Correlation ActivityID=\"\" RelatedActivityID=\"\"></Correlation>\n<Execution ProcessID=\"1340\" ThreadID=\"1400\"></Execution>\n<Channel>Microsoft-Windows-Windows Firewall With Advanced Security/Firewall</Channel>\n<Computer>IACIS-HDD-2014</Computer>\n<Security UserID=\"S-1-5-19\"></Security>\n</System>\n<EventData><Data Name=\"InterfaceGuid\">{78a289b4-f8b9-43c7-8bba-f96e0bbc2185}</Data>\n<Data Name=\"InterfaceName\">ethernet_6</Data>\n<Data Name=\"OldProfile\">2147483649</Data>\n<Data Name=\"NewProfile\">4</Data>\n</EventData>\n</Event>\n"
  },
  {
    "EventID": 2002,
    "Timestamp": "2014-02-04 14:11:46.840500+00:00",
    "Computer": "IACIS-HDD-2014",
    "Channel": "Microsoft-Windows-Windows Firewall With Advanced Security/Firewall",
    "Level": "Information",
    "EventData": {
      "SettingType": "2",
      "SettingValueSize": "4",
      "SettingValue": "AgAAAA==",
      "SettingValueDisplay": "Private",
      "Origin": "1",
      "ModifyingUser": "S-1-5-80-3088073201-1464728630-1879813800-1107566885-823218052",
      "ModifyingApplication": ""
    },
    "RawXml": "<Event xmlns=\"http://schemas.microsoft.com/win/2004/08/events/event\"><System><Provider Name=\"Microsoft-Windows-Windows Firewall With Advanced Security\" Guid=\"{d1bc9aff-2abf-4d71-9146-ecb2a986eb85}\"></Provider>\n<EventID Qualifiers=\"\">2002</EventID>\n<Version>0</Version>\n<Level>4</Level>\n<Task>0</Task>\n<Opcode>0</Opcode>\n<Keywords>0x8000000000000000</Keywords>\n<TimeCreated SystemTime=\"2014-02-04 14:11:46.840500+00:00\"></TimeCreated>\n<EventRecordID>227</EventRecordID>\n<Correlation ActivityID=\"\" RelatedActivityID=\"\"></Correlation>\n<Execution ProcessID=\"1340\" ThreadID=\"1352\"></Execution>\n<Channel>Microsoft-Windows-Windows Firewall With Advanced Security/Firewall</Channel>\n<Computer>IACIS-HDD-2014</Computer>\n<Security UserID=\"S-1-5-19\"></Security>\n</System>\n<EventData><Data Name=\"SettingType\">2</Data>\n<Data Name=\"SettingValueSize\">4</Data>\n<Data Name=\"SettingValue\">AgAAAA==</Data>\n<Data Name=\"SettingValueDisplay\">Private</Data>\n<Data Name=\"Origin\">1</Data>\n<Data Name=\"ModifyingUser\">S-1-5-80-3088073201-1464728630-1879813800-1107566885-823218052</Data>\n<Data Name=\"ModifyingApplication\"></Data>\n</EventData>\n</Event>\n"
  },
  {
    "EventID": 2010,
    "Timestamp": "2014-02-04 14:11:46.840500+00:00",
    "Computer": "IACIS-HDD-2014",
    "Channel": "Microsoft-Windows-Windows Firewall With Advanced Security/Firewall",
    "Level": "Information",
    "EventData": {
      "InterfaceGuid": "{78a289b4-f8b9-43c7-8bba-f96e0bbc2185}",
      "InterfaceName": "ethernet_6",
      "OldProfile": "4",
      "NewProfile": "2"
    },
    "RawXml": "<Event xmlns=\"http://schemas.microsoft.com/win/2004/08/events/event\"><System><Provider Name=\"Microsoft-Windows-Windows Firewall With Advanced Security\" Guid=\"{d1bc9aff-2abf-4d71-9146-ecb2a986eb85}\"></Provider>\n<EventID Qualifiers=\"\">2010</EventID>\n<Version>0</Version>\n<Level>4</Level>\n<Task>0</Task>\n<Opcode>0</Opcode>\n<Keywords>0x8000000000000000</Keywords>\n<TimeCreated SystemTime=\"2014-02-04 14:11:46.840500+00:00\"></TimeCreated>\n<EventRecordID>228</EventRecordID>\n<Correlation ActivityID=\"\" RelatedActivityID=\"\"></Correlation>\n<Execution ProcessID=\"1340\" ThreadID=\"1352\"></Execution>\n<Channel>Microsoft-Windows-Windows Firewall With Advanced Security/Firewall</Channel>\n<Computer>IACIS-HDD-2014</Computer>\n<Security UserID=\"S-1-5-19\"></Security>\n</System>\n<EventData><Data Name=\"InterfaceGuid\">{78a289b4-f8b9-43c7-8bba-f96e0bbc2185}</Data>\n<Data Name=\"InterfaceName\">ethernet_6</Data>\n<Data Name=\"OldProfile\">4</Data>\n<Data Name=\"NewProfile\">2</Data>\n</EventData>\n</Event>\n"
  },
  {
    "EventID": 2011,
    "Timestamp": "2014-02-04 14:11:46.900499+00:00",
    "Computer": "IACIS-HDD-2014",
    "Channel": "Microsoft-Windows-Windows Firewall With Advanced Security/Firewall",
    "Level": "Information",
    "EventData": {
      "ReasonCode": "1",
      "ApplicationPath": "C:\\windows\\system32\\lsass.exe",
      "IPVersion": "1",
      "Protocol": "6",
      "Port": "49156",
      "ProcessId": "512",
      "ModifyingUser": "S-1-5-18"
    },
    "RawXml": "<Event xmlns=\"http://schemas.microsoft.com/win/2004/08/events/event\"><System><Provider Name=\"Microsoft-Windows-Windows Firewall With Advanced Security\" Guid=\"{d1bc9aff-2abf-4d71-9146-ecb2a986eb85}\"></Provider>\n<EventID Qualifiers=\"\">2011</EventID>\n<Version>0</Version>\n<Level>4</Level>\n<Task>0</Task>\n<Opcode>0</Opcode>\n<Keywords>0x8000000000000000</Keywords>\n<TimeCreated SystemTime=\"2014-02-04 14:11:46.900499+00:00\"></TimeCreated>\n<EventRecordID>229</EventRecordID>\n<Correlation ActivityID=\"\" RelatedActivityID=\"\"></Correlation>\n<Execution ProcessID=\"1340\" ThreadID=\"1388\"></Execution>\n<Channel>Microsoft-Windows-Windows Firewall With Advanced Security/Firewall</Channel>\n<Computer>IACIS-HDD-2014</Computer>\n<Security UserID=\"S-1-5-19\"></Security>\n</System>\n<EventData><Data Name=\"ReasonCode\">1</Data>\n<Data Name=\"ApplicationPath\">C:\\windows\\system32\\lsass.exe</Data>\n<Data Name=\"IPVersion\">1</Data>\n<Data Name=\"Protocol\">6</Data>\n<Data Name=\"Port\">49156</Data>\n<Data Name=\"ProcessId\">512</Data>\n<Data Name=\"ModifyingUser\">S-1-5-18</Data>\n</EventData>\n</Event>\n"
  },
  {
    "EventID": 2004,
    "Timestamp": "2014-02-04 14:25:15.079321+00:00",
    "Computer": "IACIS-HDD-2014",
    "Channel": "Microsoft-Windows-Windows Firewall With Advanced Security/Firewall",
    "Level": "Information",
    "EventData": {
      "RuleId": "{5AEB7913-20C7-4DD5-807E-95C7D61A20C5}",
      "RuleName": "Skype",
      "Origin": "1",
      "ApplicationPath": "C:\\Program Files (x86)\\Skype\\Phone\\Skype.exe",
      "ServiceName": "",
      "Direction": "1",
      "Protocol": "256",
      "LocalPorts": "",
      "RemotePorts": "",
      "Action": "3",
      "Profiles": "2147483647",
      "LocalAddresses": "*",
      "RemoteAddresses": "*",
      "RemoteMachineAuthorizationList": "",
      "RemoteUserAuthorizationList": "",
      "EmbeddedContext": "",
      "Flags": "1",
      "Active": "1",
      "EdgeTraversal": "0",
      "LooseSourceMapped": "0",
      "SecurityOptions": "0",
      "ModifyingUser": "S-1-5-18",
      "ModifyingApplication": "C:\\Windows\\SysWOW64\\msiexec.exe",
      "SchemaVersion": "522",
      "RuleStatus": "65536"
    },
    "RawXml": "<Event xmlns=\"http://schemas.microsoft.com/win/2004/08/events/event\"><System><Provider Name=\"Microsoft-Windows-Windows Firewall With Advanced Security\" Guid=\"{d1bc9aff-2abf-4d71-9146-ecb2a986eb85}\"></Provider>\n<EventID Qualifiers=\"\">2004</EventID>\n<Version>0</Version>\n<Level>4</Level>\n<Task>0</Task>\n<Opcode>0</Opcode>\n<Keywords>0x8000020000000000</Keywords>\n<TimeCreated SystemTime=\"2014-02-04 14:25:15.079321+00:00\"></TimeCreated>\n<EventRecordID>230</EventRecordID>\n<Correlation ActivityID=\"\" RelatedActivityID=\"\"></Correlation>\n<Execution ProcessID=\"1340\" ThreadID=\"3448\"></Execution>\n<Channel>Microsoft-Windows-Windows Firewall With Advanced Security/Firewall</Channel>\n<Computer>IACIS-HDD-2014</Computer>\n<Security UserID=\"S-1-5-19\"></Security>\n</System>\n<EventData><Data Name=\"RuleId\">{5AEB7913-20C7-4DD5-807E-95C7D61A20C5}</Data>\n<Data Name=\"RuleName\">Skype</Data>\n<Data Name=\"Origin\">1</Data>\n<Data Name=\"ApplicationPath\">C:\\Program Files (x86)\\Skype\\Phone\\Skype.exe</Data>\n<Data Name=\"ServiceName\"></Data>\n<Data Name=\"Direction\">1</Data>\n<Data Name=\"Protocol\">256</Data>\n<Data Name=\"LocalPorts\"></Data>\n<Data Name=\"RemotePorts\"></Data>\n<Data Name=\"Action\">3</Data>\n<Data Name=\"Profiles\">2147483647</Data>\n<Data Name=\"LocalAddresses\">*</Data>\n<Data Name=\"RemoteAddresses\">*</Data>\n<Data Name=\"RemoteMachineAuthorizationList\"></Data>\n<Data Name=\"RemoteUserAuthorizationList\"></Data>\n<Data Name=\"EmbeddedContext\"></Data>\n<Data Name=\"Flags\">1</Data>\n<Data Name=\"Active\">1</Data>\n<Data Name=\"EdgeTraversal\">0</Data>\n<Data Name=\"LooseSourceMapped\">0</Data>\n<Data Name=\"SecurityOptions\">0</Data>\n<Data Name=\"ModifyingUser\">S-1-5-18</Data>\n<Data Name=\"ModifyingApplication\">C:\\Windows\\SysWOW64\\msiexec.exe</Data>\n<Data Name=\"SchemaVersion\">522</Data>\n<Data Name=\"RuleStatus\">65536</Data>\n</EventData>\n</Event>\n"
  },
