  {
    "EventID": 5,
    "Timestamp": "2014-02-16 22:39:41.985641+00:00",
    "Computer": "IACIS-HDD-2014",
    "Channel": "Microsoft-Windows-User Profile Service/Operational",
    "Level": "Information",
    "EventData": {
      "File": "C:\\Users\\BillyBob\\ntuser.dat",
      "Key": "S-1-5-21-1171287513-3642516788-2358256967-1001"
    },
    "RawXml": "<Event xmlns=\"http://schemas.microsoft.com/win/2004/08/events/event\"><System><Provider Name=\"Microsoft-Windows-User Profiles Service\" Guid=\"{89b1e9f0-5aff-44a6-9b44-0a07a7ce5845}\"></Provider>\n<EventID Qualifiers=\"\">5</EventID>\n<Version>0</Version>\n<Level>4</Level>\n<Task>0</Task>\n<Opcode>0</Opcode>\n<Keywords>0x4000000000000000</Keywords>\n<TimeCreated SystemTime=\"2014-02-16 22:39:41.985641+00:00\"></TimeCreated>\n<EventRecordID>161</EventRecordID>\n<Correlation ActivityID=\"\" RelatedActivityID=\"\"></Correlation>\n<Execution ProcessID=\"988\" ThreadID=\"1004\"></Execution>\n<Channel>Microsoft-Windows-User Profile Service/Operational</Channel>\n<Computer>IACIS-HDD-2014</Computer>\n<Security UserID=\"S-1-5-18\"></Security>\n</System>\n<EventData><Data Name=\"File\">C:\\Users\\BillyBob\\ntuser.dat</Data>\n<Data Name=\"Key\">S-1-5-21-1171287513-3642516788-2358256967-1001</Data>\n</EventData>\n</Event>\n"
  },
  {
    "EventID": 5,
    "Timestamp": "2014-02-16 22:39:42.305641+00:00",
    "Computer": "IACIS-HDD-2014",
    "Channel": "Microsoft-Windows-User Profile Service/Operational",
    "Level": "Information",
    "EventData": {
      "File": "C:\\Users\\BillyBob\\AppData\\Local\\Microsoft\\Windows\\\\UsrClass.dat",
      "Key": "S-1-5-21-1171287513-3642516788-2358256967-1001_Classes"
    },
    "RawXml": "<Event xmlns=\"http://schemas.microsoft.com/win/2004/08/events/event\"><System><Provider Name=\"Microsoft-Windows-User Profiles Service\" Guid=\"{89b1e9f0-5aff-44a6-9b44-0a07a7ce5845}\"></Provider>\n<EventID Qualifiers=\"\">5</EventID>\n<Version>0</Version>\n<Level>4</Level>\n<Task>0</Task>\n<Opcode>0</Opcode>\n<Keywords>0x4000000000000000</Keywords>\n<TimeCreated SystemTime=\"2014-02-16 22:39:42.305641+00:00\"></TimeCreated>\n<EventRecordID>162</EventRecordID>\n<Correlation ActivityID=\"\" RelatedActivityID=\"\"></Correlation>\n<Execution ProcessID=\"988\" ThreadID=\"1004\"></Execution>\n<Channel>Microsoft-Windows-User Profile Service/Operational</Channel>\n<Computer>IACIS-HDD-2014</Computer>\n<Security UserID=\"S-1-5-18\"></Security>\n</System>\n<EventData><Data Name=\"File\">C:\\Users\\BillyBob\\AppData\\Local\\Microsoft\\Windows\\\\UsrClass.dat</Data>\n<Data Name=\"Key\">S-1-5-21-1171287513-3642516788-2358256967-1001_Classes</Data>\n</EventData>\n</Event>\n"
  },
  {
    "EventID": 1,
    "Timestamp": "2014-02-16 22:39:47.191463+00:00",
    "Computer": "IACIS-HDD-2014",
    "Channel": "Microsoft-Windows-User Profile Service/Operational",
    "Level": "Information",
    "EventData": {
      "Session": "1"
    },
    "RawXml": "<Event xmlns=\"http://schemas.microsoft.com/win/2004/08/events/event\"><System><Provider Name=\"Microsoft-Windows-User Profiles Service\" Guid=\"{89b1e9f0-5aff-44a6-9b44-0a07a7ce5845}\"></Provider>\n<EventID Qualifiers=\"\">1</EventID>\n<Version>0</Version>\n<Level>4</Level>\n<Task>0</Task>\n<Opcode>0</Opcode>\n<Keywords>0x4000000000000000</Keywords>\n<TimeCreated SystemTime=\"2014-02-16 22:39:47.191463+00:00\"></TimeCreated>\n<EventRecordID>163</EventRecordID>\n<Correlation ActivityID=\"{02b0ac48-f800-0001-26d9-eaee672bcf01}\" RelatedActivityID=\"\"></Correlation>\n<Execution ProcessID=\"988\" ThreadID=\"1180\"></Execution>\n<Channel>Microsoft-Windows-User Profile Service/Operational</Channel>\n<Computer>IACIS-HDD-2014</Computer>\n<Security UserID=\"S-1-5-21-1171287513-3642516788-2358256967-1004\"></Security>\n</System>\n<EventData><Data Name=\"Session\">1</Data>\n</EventData>\n</Event>\n"
  },
  {
    "EventID": 5,
    "Timestamp": "2014-02-16 22:39:51.871471+00:00",
    "Computer": "IACIS-HDD-2014",
    "Channel": "Microsoft-Windows-User Profile Service/Operational",
    "Level": "Information",
    "EventData": {
      "File": "C:\\Users\\Jimmy Wilson\\ntuser.dat",
      "Key": "S-1-5-21-1171287513-3642516788-2358256967-1004"
    },
    "RawXml": "<Event xmlns=\"http://schemas.microsoft.com/win/2004/08/events/event\"><System><Provider Name=\"Microsoft-Windows-User Profiles Service\" Guid=\"{89b1e9f0-5aff-44a6-9b44-0a07a7ce5845}\"></Provider>\n<EventID Qualifiers=\"\">5</EventID>\n<Version>0</Version>\n<Level>4</Level>\n<Task>0</Task>\n<Opcode>0</Opcode>\n<Keywords>0x4000000000000000</Keywords>\n<TimeCreated SystemTime=\"2014-02-16 22:39:51.871471+00:00\"></TimeCreated>\n<EventRecordID>164</EventRecordID>\n<Correlation ActivityID=\"\" RelatedActivityID=\"\"></Correlation>\n<Execution ProcessID=\"988\" ThreadID=\"1404\"></Execution>\n<Channel>Microsoft-Windows-User Profile Service/Operational</Channel>\n<Computer>IACIS-HDD-2014</Computer>\n<Security UserID=\"S-1-5-18\"></Security>\n</System>\n<EventData><Data Name=\"File\">C:\\Users\\Jimmy Wilson\\ntuser.dat</Data>\n<Data Name=\"Key\">S-1-5-21-1171287513-3642516788-2358256967-1004</Data>\n</EventData>\n</Event>\n"
  },
  {
    "EventID": 5,
    "Timestamp": "2014-02-16 22:39:51.949471+00:00",
    "Computer": "IACIS-HDD-2014",
    "Channel": "Microsoft-Windows-User Profile Service/Operational",
    "Level": "Information",
    "EventData": {
      "File": "C:\\Users\\Jimmy Wilson\\AppData\\Local\\Microsoft\\Windows\\\\UsrClass.dat",
      "Key": "S-1-5-21-1171287513-3642516788-2358256967-1004_Classes"
    },
    "RawXml": "<Event xmlns=\"http://schemas.microsoft.com/win/2004/08/events/event\"><System><Provider Name=\"Microsoft-Windows-User Profiles Service\" Guid=\"{89b1e9f0-5aff-44a6-9b44-0a07a7ce5845}\"></Provider>\n<EventID Qualifiers=\"\">5</EventID>\n<Version>0</Version>\n<Level>4</Level>\n<Task>0</Task>\n<Opcode>0</Opcode>\n<Keywords>0x4000000000000000</Keywords>\n<TimeCreated SystemTime=\"2014-02-16 22:39:51.949471+00:00\"></TimeCreated>\n<EventRecordID>165</EventRecordID>\n<Correlation ActivityID=\"\" RelatedActivityID=\"\"></Correlation>\n<Execution ProcessID=\"988\" ThreadID=\"1404\"></Execution>\n<Channel>Microsoft-Windows-User Profile Service/Operational</Channel>\n<Computer>IACIS-HDD-2014</Computer>\n<Security UserID=\"S-1-5-18\"></Security>\n</System>\n<EventData><Data Name=\"File\">C:\\Users\\Jimmy Wilson\\AppData\\Local\\Microsoft\\Windows\\\\UsrClass.dat</Data>\n<Data Name=\"Key\">S-1-5-21-1171287513-3642516788-2358256967-1004_Classes</Data>\n</EventData>\n</Event>\n"
  },
  {
    "EventID": 2,
    "Timestamp": "2014-02-16 22:39:52.105473+00:00",
    "Computer": "IACIS-HDD-2014",
    "Channel": "Microsoft-Windows-User Profile Service/Operational",
    "Level": "Information",
    "EventData": {
      "Session": "1"
    },
    "RawXml": "<Event xmlns=\"http://schemas.microsoft.com/win/2004/08/events/event\"><System><Provider Name=\"Microsoft-Windows-User Profiles Service\" Guid=\"{89b1e9f0-5aff-44a6-9b44-0a07a7ce5845}\"></Provider>\n<EventID Qualifiers=\"\">2</EventID>\n<Version>0</Version>\n<Level>4</Level>\n<Task>0</Task>\n<Opcode>0</Opcode>\n<Keywords>0x4000000000000000</Keywords>\n<TimeCreated SystemTime=\"2014-02-16 22:39:52.105473+00:00\"></TimeCreated>\n<EventRecordID>166</EventRecordID>\n<Correlation ActivityID=\"{02b0ac48-f800-0001-26d9-eaee672bcf01}\" RelatedActivityID=\"\"></Correlation>\n<Execution ProcessID=\"988\" ThreadID=\"1180\"></Execution>\n<Channel>Microsoft-Windows-User Profile Service/Operational</Channel>\n<Computer>IACIS-HDD-2014</Computer>\n<Security UserID=\"S-1-5-21-1171287513-3642516788-2358256967-1004\"></Security>\n</System>\n<EventData><Data Name=\"Session\">1</Data>\n</EventData>\n</Event>\n"
  },
  {
    "EventID": 3,
    "Timestamp": "2014-02-16 22:47:25.722408+00:00",
    "Computer": "IACIS-HDD-2014",
    "Channel": "Microsoft-Windows-User Profile Service/Operational",
    "Level": "Information",
    "EventData": {
      "Session": "1"
    },
    "RawXml": "<Event xmlns=\"http://schemas.microsoft.com/win/2004/08/events/event\"><System><Provider Name=\"Microsoft-Windows-User Profiles Service\" Guid=\"{89b1e9f0-5aff-44a6-9b44-0a07a7ce5845}\"></Provider>\n<EventID Qualifiers=\"\">3</EventID>\n<Version>0</Version>\n<Level>4</Level>\n<Task>0</Task>\n<Opcode>0</Opcode>\n<Keywords>0x4000000000000000</Keywords>\n<TimeCreated SystemTime=\"2014-02-16 22:47:25.722408+00:00\"></TimeCreated>\n<EventRecordID>167</EventRecordID>\n<Correlation ActivityID=\"{02b0ac48-f800-0001-26d9-eaee672bcf01}\" RelatedActivityID=\"\"></Correlation>\n<Execution ProcessID=\"988\" ThreadID=\"668\"></Execution>\n<Channel>Microsoft-Windows-User Profile Service/Operational</Channel>\n<Computer>IACIS-HDD-2014</Computer>\n<Security UserID=\"S-1-5-21-1171287513-3642516788-2358256967-1004\"></Security>\n</System>\n<EventData><Data Name=\"Session\">1</Data>\n</EventData>\n</Event>\n"
  },
  {
    "EventID": 4,
    "Timestamp": "2014-02-16 22:47:26.112411+00:00",
    "Computer": "IACIS-HDD-2014",
    "Channel": "Microsoft-Windows-User Profile Service/Operational",
    "Level": "Information",
    "EventData": {
      "Session": "1"
    },
    "RawXml": "<Event xmlns=\"http://schemas.microsoft.com/win/2004/08/events/event\"><System><Provider Name=\"Microsoft-Windows-User Profiles Service\" Guid=\"{89b1e9f0-5aff-44a6-9b44-0a07a7ce5845}\"></Provider>\n<EventID Qualifiers=\"\">4</EventID>\n<Version>0</Version>\n<Level>4</Level>\n<Task>0</Task>\n<Opcode>0</Opcode>\n<Keywords>0x4000000000000000</Keywords>\n<TimeCreated SystemTime=\"2014-02-16 22:47:26.112411+00:00\"></TimeCreated>\n<EventRecordID>168</EventRecordID>\n<Correlation ActivityID=\"{02b0ac48-f800-0001-26d9-eaee672bcf01}\" RelatedActivityID=\"\"></Correlation>\n<Execution ProcessID=\"988\" ThreadID=\"668\"></Execution>\n<Channel>Microsoft-Windows-User Profile Service/Operational</Channel>\n<Computer>IACIS-HDD-2014</Computer>\n<Security UserID=\"S-1-5-21-1171287513-3642516788-2358256967-1004\"></Security>\n</System>\n<EventData><Data Name=\"Session\">1</Data>\n</EventData>\n</Event>\n"
  },
  {
    "EventID": 5,
    "Timestamp": "2014-02-19 13:30:29.567053+00:00",
    "Computer": "IACIS-HDD-2014",
    "Channel": "Microsoft-Windows-User Profile Service/Operational",
    "Level": "Information",
    "EventData": {
      "File": "C:\\Users\\BillyBob\\ntuser.dat",
      "Key": "S-1-5-21-1171287513-3642516788-2358256967-1001"
    },
    "RawXml": "<Event xmlns=\"http://schemas.microsoft.com/win/2004/08/events/event\"><System><Provider Name=\"Microsoft-Windows-User Profiles Service\" Guid=\"{89b1e9f0-5aff-44a6-9b44-0a07a7ce5845}\"></Provider>\n<EventID Qualifiers=\"\">5</EventID>\n<Version>0</Version>\n<Level>4</Level>\n<Task>0</Task>\n<Opcode>0</Opcode>\n<Keywords>0x4000000000000000</Keywords>\n<TimeCreated SystemTime=\"2014-02-19 13:30:29.567053+00:00\"></TimeCreated>\n<EventRecordID>169</EventRecordID>\n<Correlation ActivityID=\"\" RelatedActivityID=\"\"></Correlation>\n<Execution ProcessID=\"960\" ThreadID=\"1260\"></Execution>\n<Channel>Microsoft-Windows-User Profile Service/Operational</Channel>\n<Computer>IACIS-HDD-2014</Computer>\n<Security UserID=\"S-1-5-18\"></Security>\n</System>\n<EventData><Data Name=\"File\">C:\\Users\\BillyBob\\ntuser.dat</Data>\n<Data Name=\"Key\">S-1-5-21-1171287513-3642516788-2358256967-1001</Data>\n</EventData>\n</Event>\n"
  },
  {
    "EventID": 5,
    "Timestamp": "2014-02-19 13:30:29.817053+00:00",
    "Computer": "IACIS-HDD-2014",
    "Channel": "Microsoft-Windows-User Profile Service/Operational",
    "Level": "Information",
    "EventData": {
      "File": "C:\\Users\\BillyBob\\AppData\\Local\\Microsoft\\Windows\\\\UsrClass.dat",
      "Key": "S-1-5-21-1171287513-3642516788-2358256967-1001_Classes"
    },
    "RawXml": "<Event xmlns=\"http://schemas.microsoft.com/win/2004/08/events/event\"><System><Provider Name=\"Microsoft-Windows-User Profiles Service\" Guid=\"{89b1e9f0-5aff-44a6-9b44-0a07a7ce5845}\"></Provider>\n<EventID Qualifiers=\"\">5</EventID>\n<Version>0</Version>\n<Level>4</Level>\n<Task>0</Task>\n<Opcode>0</Opcode>\n<Keywords>0x4000000000000000</Keywords>\n<TimeCreated SystemTime=\"2014-02-19 13:30:29.817053+00:00\"></TimeCreated>\n<EventRecordID>170</EventRecordID>\n<Correlation ActivityID=\"\" RelatedActivityID=\"\"></Correlation>\n<Execution ProcessID=\"960\" ThreadID=\"1260\"></Execution>\n<Channel>Microsoft-Windows-User Profile Service/Operational</Channel>\n<Computer>IACIS-HDD-2014</Computer>\n<Security UserID=\"S-1-5-18\"></Security>\n</System>\n<EventData><Data Name=\"File\">C:\\Users\\BillyBob\\AppData\\Local\\Microsoft\\Windows\\\\UsrClass.dat</Data>\n<Data Name=\"Key\">S-1-5-21-1171287513-3642516788-2358256967-1001_Classes</Data>\n</EventData>\n</Event>\n"
  },
  {
    "EventID": 1,
    "Timestamp": "2014-02-19 13:30:58.312120+00:00",
    "Computer": "IACIS-HDD-2014",
    "Channel": "Microsoft-Windows-User Profile Service/Operational",
    "Level": "Information",
    "EventData": {
      "Session": "1"
    },
    "RawXml": "<Event xmlns=\"http://schemas.microsoft.com/win/2004/08/events/event\"><System><Provider Name=\"Microsoft-Windows-User Profiles Service\" Guid=\"{89b1e9f0-5aff-44a6-9b44-0a07a7ce5845}\"></Provider>\n<EventID Qualifiers=\"\">1</EventID>\n<Version>0</Version>\n<Level>4</Level>\n<Task>0</Task>\n<Opcode>0</Opcode>\n<Keywords>0x4000000000000000</Keywords>\n<TimeCreated SystemTime=\"2014-02-19 13:30:58.312120+00:00\"></TimeCreated>\n<EventRecordID>171</EventRecordID>\n<Correlation ActivityID=\"\" RelatedActivityID=\"\"></Correlation>\n<Execution ProcessID=\"960\" ThreadID=\"1592\"></Execution>\n<Channel>Microsoft-Windows-User Profile Service/Operational</Channel>\n<Computer>IACIS-HDD-2014</Computer>\n<Security UserID=\"S-1-5-21-1171287513-3642516788-2358256967-1004\"></Security>\n</System>\n<EventData><Data Name=\"Session\">1</Data>\n</EventData>\n</Event>\n"
  },
  {
    "EventID": 5,
    "Timestamp": "2014-02-19 13:30:58.374523+00:00",
    "Computer": "IACIS-HDD-2014",
    "Channel": "Microsoft-Windows-User Profile Service/Operational",
    "Level": "Information",
    "EventData": {
      "File": "C:\\Users\\Jimmy Wilson\\ntuser.dat",
      "Key": "S-1-5-21-1171287513-3642516788-2358256967-1004"
    },
    "RawXml": "<Event xmlns=\"http://schemas.microsoft.com/win/2004/08/events/event\"><System><Provider Name=\"Microsoft-Windows-User Profiles Service\" Guid=\"{89b1e9f0-5aff-44a6-9b44-0a07a7ce5845}\"></Provider>\n<EventID Qualifiers=\"\">5</EventID>\n<Version>0</Version>\n<Level>4</Level>\n<Task>0</Task>\n<Opcode>0</Opcode>\n<Keywords>0x4000000000000000</Keywords>\n<TimeCreated SystemTime=\"2014-02-19 13:30:58.374523+00:00\"></TimeCreated>\n<EventRecordID>172</EventRecordID>\n<Correlation ActivityID=\"{02b15c48-f800-0001-8532-9cb4762dcf01}\" RelatedActivityID=\"\"></Correlation>\n<Execution ProcessID=\"960\" ThreadID=\"1488\"></Execution>\n<Channel>Microsoft-Windows-User Profile Service/Operational</Channel>\n<Computer>IACIS-HDD-2014</Computer>\n<Security UserID=\"S-1-5-18\"></Security>\n</System>\n<EventData><Data Name=\"File\">C:\\Users\\Jimmy Wilson\\ntuser.dat</Data>\n<Data Name=\"Key\">S-1-5-21-1171287513-3642516788-2358256967-1004</Data>\n</EventData>\n</Event>\n"
  },
  {
    "EventID": 5,
    "Timestamp": "2014-02-19 13:30:58.405722+00:00",
    "Computer": "IACIS-HDD-2014",
    "Channel": "Microsoft-Windows-User Profile Service/Operational",
    "Level": "Information",
    "EventData": {
      "File": "C:\\Users\\Jimmy Wilson\\AppData\\Local\\Microsoft\\Windows\\\\UsrClass.dat",
      "Key": "S-1-5-21-1171287513-3642516788-2358256967-1004_Classes"
    },
    "RawXml": "<Event xmlns=\"http://schemas.microsoft.com/win/2004/08/events/event\"><System><Provider Name=\"Microsoft-Windows-User Profiles Service\" Guid=\"{89b1e9f0-5aff-44a6-9b44-0a07a7ce5845}\"></Provider>\n<EventID Qualifiers=\"\">5</EventID>\n<Version>0</Version>\n<Level>4</Level>\n<Task>0</Task>\n<Opcode>0</Opcode>\n<Keywords>0x4000000000000000</Keywords>\n<TimeCreated SystemTime=\"2014-02-19 13:30:58.405722+00:00\"></TimeCreated>\n<EventRecordID>173</EventRecordID>\n<Correlation ActivityID=\"{02b15c48-f800-0001-8532-9cb4762dcf01}\" RelatedActivityID=\"\"></Correlation>\n<Execution ProcessID=\"960\" ThreadID=\"1488\"></Execution>\n<Channel>Microsoft-Windows-User Profile Service/Operational</Channel>\n<Computer>IACIS-HDD-2014</Computer>\n<Security UserID=\"S-1-5-18\"></Security>\n</System>\n<EventData><Data Name=\"File\">C:\\Users\\Jimmy Wilson\\AppData\\Local\\Microsoft\\Windows\\\\UsrClass.dat</Data>\n<Data Name=\"Key\">S-1-5-21-1171287513-3642516788-2358256967-1004_Classes</Data>\n</EventData>\n</Event>\n"
  },
  {
    "EventID": 2,
    "Timestamp": "2014-02-19 13:30:58.546124+00:00",
    "Computer": "IACIS-HDD-2014",
    "Channel": "Microsoft-Windows-User Profile Service/Operational",
    "Level": "Information",
    "EventData": {
      "Session": "1"
    },
    "RawXml": "<Event xmlns=\"http://schemas.microsoft.com/win/2004/08/events/event\"><System><Provider Name=\"Microsoft-Windows-User Profiles Service\" Guid=\"{89b1e9f0-5aff-44a6-9b44-0a07a7ce5845}\"></Provider>\n<EventID Qualifiers=\"\">2</EventID>\n<Version>0</Version>\n<Level>4</Level>\n<Task>0</Task>\n<Opcode>0</Opcode>\n<Keywords>0x4000000000000000</Keywords>\n<TimeCreated SystemTime=\"2014-02-19 13:30:58.546124+00:00\"></TimeCreated>\n<EventRecordID>174</EventRecordID>\n<Correlation ActivityID=\"\" RelatedActivityID=\"\"></Correlation>\n<Execution ProcessID=\"960\" ThreadID=\"1592\"></Execution>\n<Channel>Microsoft-Windows-User Profile Service/Operational</Channel>\n<Computer>IACIS-HDD-2014</Computer>\n<Security UserID=\"S-1-5-21-1171287513-3642516788-2358256967-1004\"></Security>\n</System>\n<EventData><Data Name=\"Session\">1</Data>\n</EventData>\n</Event>\n"
  },
  {
    "EventID": 3,
    "Timestamp": "2014-02-19 13:49:35.725697+00:00",
    "Computer": "IACIS-HDD-2014",
    "Channel": "Microsoft-Windows-User Profile Service/Operational",
    "Level": "Information",
    "EventData": {
      "Session": "1"
    },
    "RawXml": "<Event xmlns=\"http://schemas.microsoft.com/win/2004/08/events/event\"><System><Provider Name=\"Microsoft-Windows-User Profiles Service\" Guid=\"{89b1e9f0-5aff-44a6-9b44-0a07a7ce5845}\"></Provider>\n<EventID Qualifiers=\"\">3</EventID>\n<Version>0</Version>\n<Level>4</Level>\n<Task>0</Task>\n<Opcode>0</Opcode>\n<Keywords>0x4000000000000000</Keywords>\n<TimeCreated SystemTime=\"2014-02-19 13:49:35.725697+00:00\"></TimeCreated>\n<EventRecordID>175</EventRecordID>\n<Correlation ActivityID=\"\" RelatedActivityID=\"\"></Correlation>\n<Execution ProcessID=\"960\" ThreadID=\"3192\"></Execution>\n<Channel>Microsoft-Windows-User Profile Service/Operational</Channel>\n<Computer>IACIS-HDD-2014</Computer>\n<Security UserID=\"S-1-5-21-1171287513-3642516788-2358256967-1004\"></Security>\n</System>\n<EventData><Data Name=\"Session\">1</Data>\n</EventData>\n</Event>\n"
  },
  {
    "EventID": 4,
    "Timestamp": "2014-02-19 13:49:37.426100+00:00",
    "Computer": "IACIS-HDD-2014",
    "Channel": "Microsoft-Windows-User Profile Service/Operational",
    "Level": "Information",
    "EventData": {
      "Session": "1"
    },
    "RawXml": "<Event xmlns=\"http://schemas.microsoft.com/win/2004/08/events/event\"><System><Provider Name=\"Microsoft-Windows-User Profiles Service\" Guid=\"{89b1e9f0-5aff-44a6-9b44-0a07a7ce5845}\"></Provider>\n<EventID Qualifiers=\"\">4</EventID>\n<Version>0</Version>\n<Level>4</Level>\n<Task>0</Task>\n<Opcode>0</Opcode>\n<Keywords>0x4000000000000000</Keywords>\n<TimeCreated SystemTime=\"2014-02-19 13:49:37.426100+00:00\"></TimeCreated>\n<EventRecordID>176</EventRecordID>\n<Correlation ActivityID=\"\" RelatedActivityID=\"\"></Correlation>\n<Execution ProcessID=\"960\" ThreadID=\"3192\"></Execution>\n<Channel>Microsoft-Windows-User Profile Service/Operational</Channel>\n<Computer>IACIS-HDD-2014</Computer>\n<Security UserID=\"S-1-5-21-1171287513-3642516788-2358256967-1004\"></Security>\n</System>\n<EventData><Data Name=\"Session\">1</Data>\n</EventData>\n</Event>\n"
  },
  {
    "EventID": 1,
    "Timestamp": "2014-02-19 17:19:42.716240+00:00",
    "Computer": "IACIS-HDD-2014",
    "Channel": "Microsoft-Windows-User Profile Service/Operational",
    "Level": "Information",
    "EventData": {
      "Session": "2"
    },
    "RawXml": "<Event xmlns=\"http://schemas.microsoft.com/win/2004/08/events/event\"><System><Provider Name=\"Microsoft-Windows-User Profiles Service\" Guid=\"{89b1e9f0-5aff-44a6-9b44-0a07a7ce5845}\"></Provider>\n<EventID Qualifiers=\"\">1</EventID>\n<Version>0</Version>\n<Level>4</Level>\n<Task>0</Task>\n<Opcode>0</Opcode>\n<Keywords>0x4000000000000000</Keywords>\n<TimeCreated SystemTime=\"2014-02-19 17:19:42.716240+00:00\"></TimeCreated>\n<EventRecordID>177</EventRecordID>\n<Correlation ActivityID=\"\" RelatedActivityID=\"\"></Correlation>\n<Execution ProcessID=\"960\" ThreadID=\"3340\"></Execution>\n<Channel>Microsoft-Windows-User Profile Service/Operational</Channel>\n<Computer>IACIS-HDD-2014</Computer>\n<Security UserID=\"S-1-5-21-1171287513-3642516788-2358256967-1001\"></Security>\n</System>\n<EventData><Data Name=\"Session\">2</Data>\n</EventData>\n</Event>\n"
  },
  {
    "EventID": 5,
    "Timestamp": "2014-02-19 17:19:42.794241+00:00",
    "Computer": "IACIS-HDD-2014",
    "Channel": "Microsoft-Windows-User Profile Service/Operational",
    "Level": "Information",
    "EventData": {
      "File": "C:\\Users\\BillyBob\\ntuser.dat",
      "Key": "S-1-5-21-1171287513-3642516788-2358256967-1001"
    },
    "RawXml": "<Event xmlns=\"http://schemas.microsoft.com/win/2004/08/events/event\"><System><Provider Name=\"Microsoft-Windows-User Profiles Service\" Guid=\"{89b1e9f0-5aff-44a6-9b44-0a07a7ce5845}\"></Provider>\n<EventID Qualifiers=\"\">5</EventID>\n<Version>0</Version>\n<Level>4</Level>\n<Task>0</Task>\n<Opcode>0</Opcode>\n<Keywords>0x4000000000000000</Keywords>\n<TimeCreated SystemTime=\"2014-02-19 17:19:42.794241+00:00\"></TimeCreated>\n<EventRecordID>178</EventRecordID>\n<Correlation ActivityID=\"\" RelatedActivityID=\"\"></Correlation>\n<Execution ProcessID=\"960\" ThreadID=\"1948\"></Execution>\n<Channel>Microsoft-Windows-User Profile Service/Operational</Channel>\n<Computer>IACIS-HDD-2014</Computer>\n<Security UserID=\"S-1-5-18\"></Security>\n</System>\n<EventData><Data Name=\"File\">C:\\Users\\BillyBob\\ntuser.dat</Data>\n<Data Name=\"Key\">S-1-5-21-1171287513-3642516788-2358256967-1001</Data>\n</EventData>\n</Event>\n"
  },
  {
    "EventID": 5,
    "Timestamp": "2014-02-19 17:19:42.856642+00:00",
    "Computer": "IACIS-HDD-2014",
    "Channel": "Microsoft-Windows-User Profile Service/Operational",
    "Level": "Information",
    "EventData": {
      "File": "C:\\Users\\BillyBob\\AppData\\Local\\Microsoft\\Windows\\\\UsrClass.dat",
      "Key": "S-1-5-21-1171287513-3642516788-2358256967-1001_Classes"
    },
    "RawXml": "<Event xmlns=\"http://schemas.microsoft.com/win/2004/08/events/event\"><System><Provider Name=\"Microsoft-Windows-User Profiles Service\" Guid=\"{89b1e9f0-5aff-44a6-9b44-0a07a7ce5845}\"></Provider>\n<EventID Qualifiers=\"\">5</EventID>\n<Version>0</Version>\n<Level>4</Level>\n<Task>0</Task>\n<Opcode>0</Opcode>\n<Keywords>0x4000000000000000</Keywords>\n<TimeCreated SystemTime=\"2014-02-19 17:19:42.856642+00:00\"></TimeCreated>\n<EventRecordID>179</EventRecordID>\n<Correlation ActivityID=\"\" RelatedActivityID=\"\"></Correlation>\n<Execution ProcessID=\"960\" ThreadID=\"1948\"></Execution>\n<Channel>Microsoft-Windows-User Profile Service/Operational</Channel>\n<Computer>IACIS-HDD-2014</Computer>\n<Security UserID=\"S-1-5-18\"></Security>\n</System>\n<EventData><Data Name=\"File\">C:\\Users\\BillyBob\\AppData\\Local\\Microsoft\\Windows\\\\UsrClass.dat</Data>\n<Data Name=\"Key\">S-1-5-21-1171287513-3642516788-2358256967-1001_Classes</Data>\n</EventData>\n</Event>\n"
  },
  {
    "EventID": 2,
    "Timestamp": "2014-02-19 17:19:42.965841+00:00",
    "Computer": "IACIS-HDD-2014",
    "Channel": "Microsoft-Windows-User Profile Service/Operational",
    "Level": "Information",
    "EventData": {
      "Session": "2"
    },
    "RawXml": "<Event xmlns=\"http://schemas.microsoft.com/win/2004/08/events/event\"><System><Provider Name=\"Microsoft-Windows-User Profiles Service\" Guid=\"{89b1e9f0-5aff-44a6-9b44-0a07a7ce5845}\"></Provider>\n<EventID Qualifiers=\"\">2</EventID>\n<Version>0</Version>\n<Level>4</Level>\n<Task>0</Task>\n<Opcode>0</Opcode>\n<Keywords>0x4000000000000000</Keywords>\n<TimeCreated SystemTime=\"2014-02-19 17:19:42.965841+00:00\"></TimeCreated>\n<EventRecordID>180</EventRecordID>\n<Correlation ActivityID=\"\" RelatedActivityID=\"\"></Correlation>\n<Execution ProcessID=\"960\" ThreadID=\"3340\"></Execution>\n<Channel>Microsoft-Windows-User Profile Service/Operational</Channel>\n<Computer>IACIS-HDD-2014</Computer>\n<Security UserID=\"S-1-5-21-1171287513-3642516788-2358256967-1001\"></Security>\n</System>\n<EventData><Data Name=\"Session\">2</Data>\n</EventData>\n</Event>\n"
  },
  {
    "EventID": 3,
    "Timestamp": "2014-02-19 18:17:19.366535+00:00",
    "Computer": "IACIS-HDD-2014",
    "Channel": "Microsoft-Windows-User Profile Service/Operational",
    "Level": "Information",
    "EventData": {
      "Session": "2"
    },
    "RawXml": "<Event xmlns=\"http://schemas.microsoft.com/win/2004/08/events/event\"><System><Provider Name=\"Microsoft-Windows-User Profiles Service\" Guid=\"{89b1e9f0-5aff-44a6-9b44-0a07a7ce5845}\"></Provider>\n<EventID Qualifiers=\"\">3</EventID>\n<Version>0</Version>\n<Level>4</Level>\n<Task>0</Task>\n<Opcode>0</Opcode>\n<Keywords>0x4000000000000000</Keywords>\n<TimeCreated SystemTime=\"2014-02-19 18:17:19.366535+00:00\"></TimeCreated>\n<EventRecordID>181</EventRecordID>\n<Correlation ActivityID=\"\" RelatedActivityID=\"\"></Correlation>\n<Execution ProcessID=\"960\" ThreadID=\"1500\"></Execution>\n<Channel>Microsoft-Windows-User Profile Service/Operational</Channel>\n<Computer>IACIS-HDD-2014</Computer>\n<Security UserID=\"S-1-5-21-1171287513-3642516788-2358256967-1001\"></Security>\n</System>\n<EventData><Data Name=\"Session\">2</Data>\n</EventData>\n</Event>\n"
  },
  {
    "EventID": 4,
    "Timestamp": "2014-02-19 18:17:19.740936+00:00",
    "Computer": "IACIS-HDD-2014",
    "Channel": "Microsoft-Windows-User Profile Service/Operational",
    "Level": "Information",
    "EventData": {
      "Session": "2"
    },
    "RawXml": "<Event xmlns=\"http://schemas.microsoft.com/win/2004/08/events/event\"><System><Provider Name=\"Microsoft-Windows-User Profiles Service\" Guid=\"{89b1e9f0-5aff-44a6-9b44-0a07a7ce5845}\"></Provider>\n<EventID Qualifiers=\"\">4</EventID>\n<Version>0</Version>\n<Level>4</Level>\n<Task>0</Task>\n<Opcode>0</Opcode>\n<Keywords>0x4000000000000000</Keywords>\n<TimeCreated SystemTime=\"2014-02-19 18:17:19.740936+00:00\"></TimeCreated>\n<EventRecordID>182</EventRecordID>\n<Correlation ActivityID=\"\" RelatedActivityID=\"\"></Correlation>\n<Execution ProcessID=\"960\" ThreadID=\"1500\"></Execution>\n<Channel>Microsoft-Windows-User Profile Service/Operational</Channel>\n<Computer>IACIS-HDD-2014</Computer>\n<Security UserID=\"S-1-5-21-1171287513-3642516788-2358256967-1001\"></Security>\n</System>\n<EventData><Data Name=\"Session\">2</Data>\n</EventData>\n</Event>\n"
  },
  {
    "EventID": 5,
    "Timestamp": "2014-02-20 14:22:22.427238+00:00",
    "Computer": "IACIS-HDD-2014",
    "Channel": "Microsoft-Windows-User Profile Service/Operational",
    "Level": "Information",
    "EventData": {
      "File": "C:\\Users\\BillyBob\\ntuser.dat",
      "Key": "S-1-5-21-1171287513-3642516788-2358256967-1001"
    },
    "RawXml": "<Event xmlns=\"http://schemas.microsoft.com/win/2004/08/events/event\"><System><Provider Name=\"Microsoft-Windows-User Profiles Service\" Guid=\"{89b1e9f0-5aff-44a6-9b44-0a07a7ce5845}\"></Provider>\n<EventID Qualifiers=\"\">5</EventID>\n<Version>0</Version>\n<Level>4</Level>\n<Task>0</Task>\n<Opcode>0</Opcode>\n<Keywords>0x4000000000000000</Keywords>\n<TimeCreated SystemTime=\"2014-02-20 14:22:22.427238+00:00\"></TimeCreated>\n<EventRecordID>183</EventRecordID>\n<Correlation ActivityID=\"\" RelatedActivityID=\"\"></Correlation>\n<Execution ProcessID=\"960\" ThreadID=\"1240\"></Execution>\n<Channel>Microsoft-Windows-User Profile Service/Operational</Channel>\n<Computer>IACIS-HDD-2014</Computer>\n<Security UserID=\"S-1-5-18\"></Security>\n</System>\n<EventData><Data Name=\"File\">C:\\Users\\BillyBob\\ntuser.dat</Data>\n<Data Name=\"Key\">S-1-5-21-1171287513-3642516788-2358256967-1001</Data>\n</EventData>\n</Event>\n"
  },
  {
    "EventID": 5,
    "Timestamp": "2014-02-20 14:22:22.647238+00:00",
    "Computer": "IACIS-HDD-2014",
    "Channel": "Microsoft-Windows-User Profile Service/Operational",
    "Level": "Information",
    "EventData": {
      "File": "C:\\Users\\BillyBob\\AppData\\Local\\Microsoft\\Windows\\\\UsrClass.dat",
      "Key": "S-1-5-21-1171287513-3642516788-2358256967-1001_Classes"
    },
    "RawXml": "<Event xmlns=\"http://schemas.microsoft.com/win/2004/08/events/event\"><System><Provider Name=\"Microsoft-Windows-User Profiles Service\" Guid=\"{89b1e9f0-5aff-44a6-9b44-0a07a7ce5845}\"></Provider>\n<EventID Qualifiers=\"\">5</EventID>\n<Version>0</Version>\n<Level>4</Level>\n<Task>0</Task>\n<Opcode>0</Opcode>\n<Keywords>0x4000000000000000</Keywords>\n<TimeCreated SystemTime=\"2014-02-20 14:22:22.647238+00:00\"></TimeCreated>\n<EventRecordID>184</EventRecordID>\n<Correlation ActivityID=\"\" RelatedActivityID=\"\"></Correlation>\n<Execution ProcessID=\"960\" ThreadID=\"1240\"></Execution>\n<Channel>Microsoft-Windows-User Profile Service/Operational</Channel>\n<Computer>IACIS-HDD-2014</Computer>\n<Security UserID=\"S-1-5-18\"></Security>\n</System>\n<EventData><Data Name=\"File\">C:\\Users\\BillyBob\\AppData\\Local\\Microsoft\\Windows\\\\UsrClass.dat</Data>\n<Data Name=\"Key\">S-1-5-21-1171287513-3642516788-2358256967-1001_Classes</Data>\n</EventData>\n</Event>\n"
  },
  {
    "EventID": 1,
    "Timestamp": "2014-02-20 14:30:25.997490+00:00",
    "Computer": "IACIS-HDD-2014",
    "Channel": "Microsoft-Windows-User Profile Service/Operational",
    "Level": "Information",
    "EventData": {
      "Session": "1"
    },
    "RawXml": "<Event xmlns=\"http://schemas.microsoft.com/win/2004/08/events/event\"><System><Provider Name=\"Microsoft-Windows-User Profiles Service\" Guid=\"{89b1e9f0-5aff-44a6-9b44-0a07a7ce5845}\"></Provider>\n<EventID Qualifiers=\"\">1</EventID>\n<Version>0</Version>\n<Level>4</Level>\n<Task>0</Task>\n<Opcode>0</Opcode>\n<Keywords>0x4000000000000000</Keywords>\n<TimeCreated SystemTime=\"2014-02-20 14:30:25.997490+00:00\"></TimeCreated>\n<EventRecordID>185</EventRecordID>\n<Correlation ActivityID=\"\" RelatedActivityID=\"\"></Correlation>\n<Execution ProcessID=\"960\" ThreadID=\"804\"></Execution>\n<Channel>Microsoft-Windows-User Profile Service/Operational</Channel>\n<Computer>IACIS-HDD-2014</Computer>\n<Security UserID=\"S-1-5-21-1171287513-3642516788-2358256967-1001\"></Security>\n</System>\n<EventData><Data Name=\"Session\">1</Data>\n</EventData>\n</Event>\n"
  },
  {
    "EventID": 5,
    "Timestamp": "2014-02-20 14:30:26.075489+00:00",
    "Computer": "IACIS-HDD-2014",
    "Channel": "Microsoft-Windows-User Profile Service/Operational",
    "Level": "Information",
    "EventData": {
      "File": "C:\\Users\\BillyBob\\ntuser.dat",
      "Key": "S-1-5-21-1171287513-3642516788-2358256967-1001"
    },
    "RawXml": "<Event xmlns=\"http://schemas.microsoft.com/win/2004/08/events/event\"><System><Provider Name=\"Microsoft-Windows-User Profiles Service\" Guid=\"{89b1e9f0-5aff-44a6-9b44-0a07a7ce5845}\"></Provider>\n<EventID Qualifiers=\"\">5</EventID>\n<Version>0</Version>\n<Level>4</Level>\n<Task>0</Task>\n<Opcode>0</Opcode>\n<Keywords>0x4000000000000000</Keywords>\n<TimeCreated SystemTime=\"2014-02-20 14:30:26.075489+00:00\"></TimeCreated>\n<EventRecordID>186</EventRecordID>\n<Correlation ActivityID=\"\" RelatedActivityID=\"\"></Correlation>\n<Execution ProcessID=\"960\" ThreadID=\"976\"></Execution>\n<Channel>Microsoft-Windows-User Profile Service/Operational</Channel>\n<Computer>IACIS-HDD-2014</Computer>\n<Security UserID=\"S-1-5-18\"></Security>\n</System>\n<EventData><Data Name=\"File\">C:\\Users\\BillyBob\\ntuser.dat</Data>\n<Data Name=\"Key\">S-1-5-21-1171287513-3642516788-2358256967-1001</Data>\n</EventData>\n</Event>\n"
  },
  {
    "EventID": 5,
    "Timestamp": "2014-02-20 14:30:26.106689+00:00",
    "Computer": "IACIS-HDD-2014",
    "Channel": "Microsoft-Windows-User Profile Service/Operational",
    "Level": "Information",
    "EventData": {
      "File": "C:\\Users\\BillyBob\\AppData\\Local\\Microsoft\\Windows\\\\UsrClass.dat",
      "Key": "S-1-5-21-1171287513-3642516788-2358256967-1001_Classes"
    },
    "RawXml": "<Event xmlns=\"http://schemas.microsoft.com/win/2004/08/events/event\"><System><Provider Name=\"Microsoft-Windows-User Profiles Service\" Guid=\"{89b1e9f0-5aff-44a6-9b44-0a07a7ce5845}\"></Provider>\n<EventID Qualifiers=\"\">5</EventID>\n<Version>0</Version>\n<Level>4</Level>\n<Task>0</Task>\n<Opcode>0</Opcode>\n<Keywords>0x4000000000000000</Keywords>\n<TimeCreated SystemTime=\"2014-02-20 14:30:26.106689+00:00\"></TimeCreated>\n<EventRecordID>187</EventRecordID>\n<Correlation ActivityID=\"\" RelatedActivityID=\"\"></Correlation>\n<Execution ProcessID=\"960\" ThreadID=\"976\"></Execution>\n<Channel>Microsoft-Windows-User Profile Service/Operational</Channel>\n<Computer>IACIS-HDD-2014</Computer>\n<Security UserID=\"S-1-5-18\"></Security>\n</System>\n<EventData><Data Name=\"File\">C:\\Users\\BillyBob\\AppData\\Local\\Microsoft\\Windows\\\\UsrClass.dat</Data>\n<Data Name=\"Key\">S-1-5-21-1171287513-3642516788-2358256967-1001_Classes</Data>\n</EventData>\n</Event>\n"
  },
  {
    "EventID": 2,
    "Timestamp": "2014-02-20 14:30:26.215889+00:00",
    "Computer": "IACIS-HDD-2014",
    "Channel": "Microsoft-Windows-User Profile Service/Operational",
    "Level": "Information",
    "EventData": {
      "Session": "1"
    },
    "RawXml": "<Event xmlns=\"http://schemas.microsoft.com/win/2004/08/events/event\"><System><Provider Name=\"Microsoft-Windows-User Profiles Service\" Guid=\"{89b1e9f0-5aff-44a6-9b44-0a07a7ce5845}\"></Provider>\n<EventID Qualifiers=\"\">2</EventID>\n<Version>0</Version>\n<Level>4</Level>\n<Task>0</Task>\n<Opcode>0</Opcode>\n<Keywords>0x4000000000000000</Keywords>\n<TimeCreated SystemTime=\"2014-02-20 14:30:26.215889+00:00\"></TimeCreated>\n<EventRecordID>188</EventRecordID>\n<Correlation ActivityID=\"\" RelatedActivityID=\"\"></Correlation>\n<Execution ProcessID=\"960\" ThreadID=\"804\"></Execution>\n<Channel>Microsoft-Windows-User Profile Service/Operational</Channel>\n<Computer>IACIS-HDD-2014</Computer>\n<Security UserID=\"S-1-5-21-1171287513-3642516788-2358256967-1001\"></Security>\n</System>\n<EventData><Data Name=\"Session\">1</Data>\n</EventData>\n</Event>\n"
  },
  {
    "EventID": 3,
    "Timestamp": "2014-02-20 19:23:13.037350+00:00",
    "Computer": "IACIS-HDD-2014",
    "Channel": "Microsoft-Windows-User Profile Service/Operational",
    "Level": "Information",
    "EventData": {
      "Session": "1"
    },
    "RawXml": "<Event xmlns=\"http://schemas.microsoft.com/win/2004/08/events/event\"><System><Provider Name=\"Microsoft-Windows-User Profiles Service\" Guid=\"{89b1e9f0-5aff-44a6-9b44-0a07a7ce5845}\"></Provider>\n<EventID Qualifiers=\"\">3</EventID>\n<Version>0</Version>\n<Level>4</Level>\n<Task>0</Task>\n<Opcode>0</Opcode>\n<Keywords>0x4000000000000000</Keywords>\n<TimeCreated SystemTime=\"2014-02-20 19:23:13.037350+00:00\"></TimeCreated>\n<EventRecordID>189</EventRecordID>\n<Correlation ActivityID=\"\" RelatedActivityID=\"\"></Correlation>\n<Execution ProcessID=\"960\" ThreadID=\"156\"></Execution>\n<Channel>Microsoft-Windows-User Profile Service/Operational</Channel>\n<Computer>IACIS-HDD-2014</Computer>\n<Security UserID=\"S-1-5-21-1171287513-3642516788-2358256967-1001\"></Security>\n</System>\n<EventData><Data Name=\"Session\">1</Data>\n</EventData>\n</Event>\n"
  },
  {
    "EventID": 4,
    "Timestamp": "2014-02-20 19:23:13.536551+00:00",
    "Computer": "IACIS-HDD-2014",
    "Channel": "Microsoft-Windows-User Profile Service/Operational",
    "Level": "Information",
    "EventData": {
      "Session": "1"
    },
    "RawXml": "<Event xmlns=\"http://schemas.microsoft.com/win/2004/08/events/event\"><System><Provider Name=\"Microsoft-Windows-User Profiles Service\" Guid=\"{89b1e9f0-5aff-44a6-9b44-0a07a7ce5845}\"></Provider>\n<EventID Qualifiers=\"\">4</EventID>\n<Version>0</Version>\n<Level>4</Level>\n<Task>0</Task>\n<Opcode>0</Opcode>\n<Keywords>0x4000000000000000</Keywords>\n<TimeCreated SystemTime=\"2014-02-20 19:23:13.536551+00:00\"></TimeCreated>\n<EventRecordID>190</EventRecordID>\n<Correlation ActivityID=\"\" RelatedActivityID=\"\"></Correlation>\n<Execution ProcessID=\"960\" ThreadID=\"156\"></Execution>\n<Channel>Microsoft-Windows-User Profile Service/Operational</Channel>\n<Computer>IACIS-HDD-2014</Computer>\n<Security UserID=\"S-1-5-21-1171287513-3642516788-2358256967-1001\"></Security>\n</System>\n<EventData><Data Name=\"Session\">1</Data>\n</EventData>\n</Event>\n"
  }
]