  {
    "EventID": 59,
    "Timestamp": "2014-02-16 19:10:18.347540+00:00",
    "Computer": "IACIS-HDD-2014",
    "Channel": "Microsoft-Windows-Bits-Client/Operational",
    "Level": "Information",
    "EventData": {
      "transferId": "{80c9e7fa-f971-43e4-897b-8bac15e8094f}",
      "name": "WU Client Download",
      "Id": "{fbf0a063-6481-4f9e-b9ca-5fbc1c5361ce}",
      "url": "http://download.windowsupdate.com/msdownload/update/software/defu/2014/02/am_delta_b9ca76b57ef7fef6f9e7c832134fad87142ea83c.exe",
      "peer": "",
      "fileTime": "2014-02-16 16:12:54+00:00",
      "fileLength": "9621272",
      "bytesTotal": "9621272",
      "bytesTransferred": "0",
      "bytesTransferredFromPeer": "0"
    },
    "RawXml": "<Event xmlns=\"http://schemas.microsoft.com/win/2004/08/events/event\"><System><Provider Name=\"Microsoft-Windows-Bits-Client\" Guid=\"{ef1cc15b-46c1-414e-bb95-e76b077bd51e}\"></Provider>\n<EventID Qualifiers=\"\">59</EventID>\n<Version>1</Version>\n<Level>4</Level>\n<Task>0</Task>\n<Opcode>1</Opcode>\n<Keywords>0x4000000000000000</Keywords>\n<TimeCreated SystemTime=\"2014-02-16 19:10:18.347540+00:00\"></TimeCreated>\n<EventRecordID>1762</EventRecordID>\n<Correlation ActivityID=\"{80c9e7fa-f971-43e4-897b-8bac15e8094f}\" RelatedActivityID=\"\"></Correlation>\n<Execution ProcessID=\"980\" ThreadID=\"3604\"></Execution>\n<Channel>Microsoft-Windows-Bits-Client/Operational</Channel>\n<Computer>IACIS-HDD-2014</Computer>\n<Security UserID=\"S-1-5-18\"></Security>\n</System>\n<EventData><Data Name=\"transferId\">{80c9e7fa-f971-43e4-897b-8bac15e8094f}</Data>\n<Data Name=\"name\">WU Client Download</Data>\n<Data Name=\"Id\">{fbf0a063-6481-4f9e-b9ca-5fbc1c5361ce}</Data>\n<Data Name=\"url\">http://download.windowsupdate.com/msdownload/update/software/defu/2014/02/am_delta_b9ca76b57ef7fef6f9e7c832134fad87142ea83c.exe</Data>\n<Data Name=\"peer\"></Data>\n<Data Name=\"fileTime\">2014-02-16 16:12:54+00:00</Data>\n<Data Name=\"fileLength\">9621272</Data>\n<Data Name=\"bytesTotal\">9621272</Data>\n<Data Name=\"bytesTransferred\">0</Data>\n<Data Name=\"bytesTransferredFromPeer\">0</Data>\n</EventData>\n</Event>\n"
  },
  {
    "EventID": 60,
    "Timestamp": "2014-02-16 19:10:53.338402+00:00",
    "Computer": "IACIS-HDD-2014",
    "Channel": "Microsoft-Windows-Bits-Client/Operational",
    "Level": "Information",
    "EventData": {
      "transferId": "{80c9e7fa-f971-43e4-897b-8bac15e8094f}",
      "name": "WU Client Download",
      "Id": "{fbf0a063-6481-4f9e-b9ca-5fbc1c5361ce}",
      "url": "http://download.windowsupdate.com/msdownload/update/software/defu/2014/02/am_delta_b9ca76b57ef7fef6f9e7c832134fad87142ea83c.exe",
      "peer": "",
      "hr": "0",
      "fileTime": "2014-02-16 16:12:54+00:00",
      "fileLength": "9621272",
      "bytesTotal": "9621272",
      "bytesTransferred": "9621272",
      "proxy": "",
      "peerProtocolFlags": "0",
      "bytesTransferredFromPeer": "0",
      "AdditionalInfoHr": "0",
      "PeerContextInfo": "0",
      "bandwidthLimit": "18446744073709551615",
      "ignoreBandwidthLimitsOnLan": "False"
    },
    "RawXml": "<Event xmlns=\"http://schemas.microsoft.com/win/2004/08/events/event\"><System><Provider Name=\"Microsoft-Windows-Bits-Client\" Guid=\"{ef1cc15b-46c1-414e-bb95-e76b077bd51e}\"></Provider>\n<EventID Qualifiers=\"\">60</EventID>\n<Version>1</Version>\n<Level>4</Level>\n<Task>0</Task>\n<Opcode>2</Opcode>\n<Keywords>0x4000000000000000</Keywords>\n<TimeCreated SystemTime=\"2014-02-16 19:10:53.338402+00:00\"></TimeCreated>\n<EventRecordID>1763</EventRecordID>\n<Correlation ActivityID=\"{80c9e7fa-f971-43e4-897b-8bac15e8094f}\" RelatedActivityID=\"\"></Correlation>\n<Execution ProcessID=\"980\" ThreadID=\"1796\"></Execution>\n<Channel>Microsoft-Windows-Bits-Client/Operational</Channel>\n<Computer>IACIS-HDD-2014</Computer>\n<Security UserID=\"S-1-5-18\"></Security>\n</System>\n<EventData><Data Name=\"transferId\">{80c9e7fa-f971-43e4-897b-8bac15e8094f}</Data>\n<Data Name=\"name\">WU Client Download</Data>\n<Data Name=\"Id\">{fbf0a063-6481-4f9e-b9ca-5fbc1c5361ce}</Data>\n<Data Name=\"url\">http://download.windowsupdate.com/msdownload/update/software/defu/2014/02/am_delta_b9ca76b57ef7fef6f9e7c832134fad87142ea83c.exe</Data>\n<Data Name=\"peer\"></Data>\n<Data Name=\"hr\">0</Data>\n<Data Name=\"fileTime\">2014-02-16 16:12:54+00:00</Data>\n<Data Name=\"fileLength\">9621272</Data>\n<Data Name=\"bytesTotal\">9621272</Data>\n<Data Name=\"bytesTransferred\">9621272</Data>\n<Data Name=\"proxy\"></Data>\n<Data Name=\"peerProtocolFlags\">0</Data>\n<Data Name=\"bytesTransferredFromPeer\">0</Data>\n<Data Name=\"AdditionalInfoHr\">0</Data>\n<Data Name=\"PeerContextInfo\">0</Data>\n<Data Name=\"bandwidthLimit\">18446744073709551615</Data>\n<Data Name=\"ignoreBandwidthLimitsOnLan\">False</Data>\n</EventData>\n</Event>\n"
  },
  {
    "EventID": 4,
    "Timestamp": "2014-02-16 19:10:53.510000+00:00",
    "Computer": "IACIS-HDD-2014",
    "Channel": "Microsoft-Windows-Bits-Client/Operational",
    "Level": "Information",
    "EventData": {
      "User": "NT AUTHORITY\\SYSTEM",
      "jobTitle": "WU Client Download",
      "jobId": "{fbf0a063-6481-4f9e-b9ca-5fbc1c5361ce}",
      "jobOwner": "NT AUTHORITY\\SYSTEM",
      "fileCount": "1",
      "bytesTransferred": "9621272",
      "bytesTransferredFromPeer": "0"
    },
    "RawXml": "<Event xmlns=\"http://schemas.microsoft.com/win/2004/08/events/event\"><System><Provider Name=\"Microsoft-Windows-Bits-Client\" Guid=\"{ef1cc15b-46c1-414e-bb95-e76b077bd51e}\"></Provider>\n<EventID Qualifiers=\"\">4</EventID>\n<Version>1</Version>\n<Level>4</Level>\n<Task>0</Task>\n<Opcode>0</Opcode>\n<Keywords>0x4000000000000000</Keywords>\n<TimeCreated SystemTime=\"2014-02-16 19:10:53.510000+00:00\"></TimeCreated>\n<EventRecordID>1764</EventRecordID>\n<Correlation ActivityID=\"\" RelatedActivityID=\"\"></Correlation>\n<Execution ProcessID=\"980\" ThreadID=\"2068\"></Execution>\n<Channel>Microsoft-Windows-Bits-Client/Operational</Channel>\n<Computer>IACIS-HDD-2014</Computer>\n<Security UserID=\"S-1-5-18\"></Security>\n</System>\n<EventData><Data Name=\"User\">NT AUTHORITY\\SYSTEM</Data>\n<Data Name=\"jobTitle\">WU Client Download</Data>\n<Data Name=\"jobId\">{fbf0a063-6481-4f9e-b9ca-5fbc1c5361ce}</Data>\n<Data Name=\"jobOwner\">NT AUTHORITY\\SYSTEM</Data>\n<Data Name=\"fileCount\">1</Data>\n<Data Name=\"bytesTransferred\">9621272</Data>\n<Data Name=\"bytesTransferredFromPeer\">0</Data>\n</EventData>\n</Event>\n"
  },
  {
    "EventID": 3,
    "Timestamp": "2014-02-16 19:11:33.383671+00:00",
    "Computer": "IACIS-HDD-2014",
    "Channel": "Microsoft-Windows-Bits-Client/Operational",
    "Level": "Information",
    "EventData": {
      "string": "ShortCatalog",
      "string2": "IACIS-HDD-2014\\Jimmy Wilson",
      "string3": ""
    },
    "RawXml": "<Event xmlns=\"http://schemas.microsoft.com/win/2004/08/events/event\"><System><Provider Name=\"Microsoft-Windows-Bits-Client\" Guid=\"{ef1cc15b-46c1-414e-bb95-e76b077bd51e}\"></Provider>\n<EventID Qualifiers=\"\">3</EventID>\n<Version>0</Version>\n<Level>4</Level>\n<Task>0</Task>\n<Opcode>0</Opcode>\n<Keywords>0x4000000000000000</Keywords>\n<TimeCreated SystemTime=\"2014-02-16 19:11:33.383671+00:00\"></TimeCreated>\n<EventRecordID>1765</EventRecordID>\n<Correlation ActivityID=\"{02ab6c40-f800-0000-a7af-3c3d492bcf01}\" RelatedActivityID=\"\"></Correlation>\n<Execution ProcessID=\"980\" ThreadID=\"2004\"></Execution>\n<Channel>Microsoft-Windows-Bits-Client/Operational</Channel>\n<Computer>IACIS-HDD-2014</Computer>\n<Security UserID=\"S-1-5-18\"></Security>\n</System>\n<EventData><Data Name=\"string\">ShortCatalog</Data>\n<Data Name=\"string2\">IACIS-HDD-2014\\Jimmy Wilson</Data>\n<Data Name=\"string3\"></Data>\n</EventData>\n</Event>\n"
  },
  {
    "EventID": 59,
    "Timestamp": "2014-02-16 19:11:35.364874+00:00",
    "Computer": "IACIS-HDD-2014",
    "Channel": "Microsoft-Windows-Bits-Client/Operational",
    "Level": "Information",
    "EventData": {
      "transferId": "{a53ffbc4-8295-4150-8d75-97439bc54717}",
      "name": "ShortCatalog",
      "Id": "{c9056d7a-bb91-4f62-a643-cb0685d255d2}",
      "url": "http://g.live.com/1reupdate/short?!/~Live.ConfigServer.SuiteUpdate/~/~/~/~/~op-GetShortCatalog-ship/~ts-14021619/~l-en/config.xml",
      "peer": "",
      "fileTime": "0001-01-01 00:00:00",
      "fileLength": "3796",
      "bytesTotal": "3796",
      "bytesTransferred": "0",
      "bytesTransferredFromPeer": "0"
    },
    "RawXml": "<Event xmlns=\"http://schemas.microsoft.com/win/2004/08/events/event\"><System><Provider Name=\"Microsoft-Windows-Bits-Client\" Guid=\"{ef1cc15b-46c1-414e-bb95-e76b077bd51e}\"></Provider>\n<EventID Qualifiers=\"\">59</EventID>\n<Version>1</Version>\n<Level>4</Level>\n<Task>0</Task>\n<Opcode>1</Opcode>\n<Keywords>0x4000000000000000</Keywords>\n<TimeCreated SystemTime=\"2014-02-16 19:11:35.364874+00:00\"></TimeCreated>\n<EventRecordID>1766</EventRecordID>\n<Correlation ActivityID=\"{a53ffbc4-8295-4150-8d75-97439bc54717}\" RelatedActivityID=\"\"></Correlation>\n<Execution ProcessID=\"980\" ThreadID=\"3760\"></Execution>\n<Channel>Microsoft-Windows-Bits-Client/Operational</Channel>\n<Computer>IACIS-HDD-2014</Computer>\n<Security UserID=\"S-1-5-18\"></Security>\n</System>\n<EventData><Data Name=\"transferId\">{a53ffbc4-8295-4150-8d75-97439bc54717}</Data>\n<Data Name=\"name\">ShortCatalog</Data>\n<Data Name=\"Id\">{c9056d7a-bb91-4f62-a643-cb0685d255d2}</Data>\n<Data Name=\"url\">http://g.live.com/1reupdate/short?!/~Live.ConfigServer.SuiteUpdate/~/~/~/~/~op-GetShortCatalog-ship/~ts-14021619/~l-en/config.xml</Data>\n<Data Name=\"peer\"></Data>\n<Data Name=\"fileTime\">0001-01-01 00:00:00</Data>\n<Data Name=\"fileLength\">3796</Data>\n<Data Name=\"bytesTotal\">3796</Data>\n<Data Name=\"bytesTransferred\">0</Data>\n<Data Name=\"bytesTransferredFromPeer\">0</Data>\n</EventData>\n</Event>\n"
  },
  {
    "EventID": 60,
    "Timestamp": "2014-02-16 19:11:35.708076+00:00",
    "Computer": "IACIS-HDD-2014",
    "Channel": "Microsoft-Windows-Bits-Client/Operational",
    "Level": "Information",
    "EventData": {
      "transferId": "{a53ffbc4-8295-4150-8d75-97439bc54717}",
      "name": "ShortCatalog",
      "Id": "{c9056d7a-bb91-4f62-a643-cb0685d255d2}",
      "url": "http://g.live.com/1reupdate/short?!/~Live.ConfigServer.SuiteUpdate/~/~/~/~/~op-GetShortCatalog-ship/~ts-14021619/~l-en/config.xml",
      "peer": "",
      "hr": "0",
      "fileTime": "0001-01-01 00:00:00",
      "fileLength": "3796",
      "bytesTotal": "3796",
      "bytesTransferred": "3796",
      "proxy": "",
      "peerProtocolFlags": "0",
      "bytesTransferredFromPeer": "0",
      "AdditionalInfoHr": "0",
      "PeerContextInfo": "0",
      "bandwidthLimit": "18446744073709551615",
      "ignoreBandwidthLimitsOnLan": "False"
    },
    "RawXml": "<Event xmlns=\"http://schemas.microsoft.com/win/2004/08/events/event\"><System><Provider Name=\"Microsoft-Windows-Bits-Client\" Guid=\"{ef1cc15b-46c1-414e-bb95-e76b077bd51e}\"></Provider>\n<EventID Qualifiers=\"\">60</EventID>\n<Version>1</Version>\n<Level>4</Level>\n<Task>0</Task>\n<Opcode>2</Opcode>\n<Keywords>0x4000000000000000</Keywords>\n<TimeCreated SystemTime=\"2014-02-16 19:11:35.708076+00:00\"></TimeCreated>\n<EventRecordID>1767</EventRecordID>\n<Correlation ActivityID=\"{a53ffbc4-8295-4150-8d75-97439bc54717}\" RelatedActivityID=\"\"></Correlation>\n<Execution ProcessID=\"980\" ThreadID=\"1564\"></Execution>\n<Channel>Microsoft-Windows-Bits-Client/Operational</Channel>\n<Computer>IACIS-HDD-2014</Computer>\n<Security UserID=\"S-1-5-18\"></Security>\n</System>\n<EventData><Data Name=\"transferId\">{a53ffbc4-8295-4150-8d75-97439bc54717}</Data>\n<Data Name=\"name\">ShortCatalog</Data>\n<Data Name=\"Id\">{c9056d7a-bb91-4f62-a643-cb0685d255d2}</Data>\n<Data Name=\"url\">http://g.live.com/1reupdate/short?!/~Live.ConfigServer.SuiteUpdate/~/~/~/~/~op-GetShortCatalog-ship/~ts-14021619/~l-en/config.xml</Data>\n<Data Name=\"peer\"></Data>\n<Data Name=\"hr\">0</Data>\n<Data Name=\"fileTime\">0001-01-01 00:00:00</Data>\n<Data Name=\"fileLength\">3796</Data>\n<Data Name=\"bytesTotal\">3796</Data>\n<Data Name=\"bytesTransferred\">3796</Data>\n<Data Name=\"proxy\"></Data>\n<Data Name=\"peerProtocolFlags\">0</Data>\n<Data Name=\"bytesTransferredFromPeer\">0</Data>\n<Data Name=\"AdditionalInfoHr\">0</Data>\n<Data Name=\"PeerContextInfo\">0</Data>\n<Data Name=\"bandwidthLimit\">18446744073709551615</Data>\n<Data Name=\"ignoreBandwidthLimitsOnLan\">False</Data>\n</EventData>\n</Event>\n"
  },
  {
    "EventID": 4,
    "Timestamp": "2014-02-16 19:11:35.786076+00:00",
    "Computer": "IACIS-HDD-2014",
    "Channel": "Microsoft-Windows-Bits-Client/Operational",
    "Level": "Information",
    "EventData": {
      "User": "IACIS-HDD-2014\\Jimmy Wilson",
      "jobTitle": "ShortCatalog",
      "jobId": "{c9056d7a-bb91-4f62-a643-cb0685d255d2}",
      "jobOwner": "IACIS-HDD-2014\\Jimmy Wilson",
      "fileCount": "1",
      "bytesTransferred": "3796",
      "bytesTransferredFromPeer": "0"
    },
    "RawXml": "<Event xmlns=\"http://schemas.microsoft.com/win/2004/08/events/event\"><System><Provider Name=\"Microsoft-Windows-Bits-Client\" Guid=\"{ef1cc15b-46c1-414e-bb95-e76b077bd51e}\"></Provider>\n<EventID Qualifiers=\"\">4</EventID>\n<Version>1</Version>\n<Level>4</Level>\n<Task>0</Task>\n<Opcode>0</Opcode>\n<Keywords>0x4000000000000000</Keywords>\n<TimeCreated SystemTime=\"2014-02-16 19:11:35.786076+00:00\"></TimeCreated>\n<EventRecordID>1768</EventRecordID>\n<Correlation ActivityID=\"{02ab6c40-f800-0000-a7af-3c3d492bcf01}\" RelatedActivityID=\"\"></Correlation>\n<Execution ProcessID=\"980\" ThreadID=\"1564\"></Execution>\n<Channel>Microsoft-Windows-Bits-Client/Operational</Channel>\n<Computer>IACIS-HDD-2014</Computer>\n<Security UserID=\"S-1-5-18\"></Security>\n</System>\n<EventData><Data Name=\"User\">IACIS-HDD-2014\\Jimmy Wilson</Data>\n<Data Name=\"jobTitle\">ShortCatalog</Data>\n<Data Name=\"jobId\">{c9056d7a-bb91-4f62-a643-cb0685d255d2}</Data>\n<Data Name=\"jobOwner\">IACIS-HDD-2014\\Jimmy Wilson</Data>\n<Data Name=\"fileCount\">1</Data>\n<Data Name=\"bytesTransferred\">3796</Data>\n<Data Name=\"bytesTransferredFromPeer\">0</Data>\n</EventData>\n</Event>\n"
  },
  {
    "EventID": 306,
    "Timestamp": "2014-02-16 22:41:10.371349+00:00",
    "Computer": "IACIS-HDD-2014",
    "Channel": "Microsoft-Windows-Bits-Client/Operational",
    "Level": "Verbose",
    "EventData": {},
    "RawXml": "<Event xmlns=\"http://schemas.microsoft.com/win/2004/08/events/event\"><System><Provider Name=\"Microsoft-Windows-Bits-Client\" Guid=\"{ef1cc15b-46c1-414e-bb95-e76b077bd51e}\"></Provider>\n<EventID Qualifiers=\"\">306</EventID>\n<Version>0</Version>\n<Level>5</Level>\n<Task>0</Task>\n<Opcode>0</Opcode>\n<Keywords>0x4000000000000000</Keywords>\n<TimeCreated SystemTime=\"2014-02-16 22:41:10.371349+00:00\"></TimeCreated>\n<EventRecordID>1769</EventRecordID>\n<Correlation ActivityID=\"\" RelatedActivityID=\"\"></Correlation>\n<Execution ProcessID=\"988\" ThreadID=\"3876\"></Execution>\n<Channel>Microsoft-Windows-Bits-Client/Operational</Channel>\n<Computer>IACIS-HDD-2014</Computer>\n<Security UserID=\"S-1-5-18\"></Security>\n</System>\n<EventData></EventData>\n</Event>\n"
  },
  {
    "EventID": 306,
    "Timestamp": "2014-02-19 13:40:56.010784+00:00",
    "Computer": "IACIS-HDD-2014",
    "Channel": "Microsoft-Windows-Bits-Client/Operational",
    "Level": "Verbose",
    "EventData": {},
    "RawXml": "<Event xmlns=\"http://schemas.microsoft.com/win/2004/08/events/event\"><System><Provider Name=\"Microsoft-Windows-Bits-Client\" Guid=\"{ef1cc15b-46c1-414e-bb95-e76b077bd51e}\"></Provider>\n<EventID Qualifiers=\"\">306</EventID>\n<Version>0</Version>\n<Level>5</Level>\n<Task>0</Task>\n<Opcode>0</Opcode>\n<Keywords>0x4000000000000000</Keywords>\n<TimeCreated SystemTime=\"2014-02-19 13:40:56.010784+00:00\"></TimeCreated>\n<EventRecordID>1770</EventRecordID>\n<Correlation ActivityID=\"\" RelatedActivityID=\"\"></Correlation>\n<Execution ProcessID=\"960\" ThreadID=\"608\"></Execution>\n<Channel>Microsoft-Windows-Bits-Client/Operational</Channel>\n<Computer>IACIS-HDD-2014</Computer>\n<Security UserID=\"S-1-5-18\"></Security>\n</System>\n<EventData></EventData>\n</Event>\n"
  },
  {
    "EventID": 3,
    "Timestamp": "2014-02-19 13:40:56.244785+00:00",
    "Computer": "IACIS-HDD-2014",
    "Channel": "Microsoft-Windows-Bits-Client/Operational",
    "Level": "Information",
    "EventData": {
      "string": "WU Client Download",
      "string2": "NT AUTHORITY\\SYSTEM",
      "string3": ""
    },
    "RawXml": "<Event xmlns=\"http://schemas.microsoft.com/win/2004/08/events/event\"><System><Provider Name=\"Microsoft-Windows-Bits-Client\" Guid=\"{ef1cc15b-46c1-414e-bb95-e76b077bd51e}\"></Provider>\n<EventID Qualifiers=\"\">3</EventID>\n<Version>0</Version>\n<Level>4</Level>\n<Task>0</Task>\n<Opcode>0</Opcode>\n<Keywords>0x4000000000000000</Keywords>\n<TimeCreated SystemTime=\"2014-02-19 13:40:56.244785+00:00\"></TimeCreated>\n<EventRecordID>1771</EventRecordID>\n<Correlation ActivityID=\"\" RelatedActivityID=\"\"></Correlation>\n<Execution ProcessID=\"960\" ThreadID=\"3224\"></Execution>\n<Channel>Microsoft-Windows-Bits-Client/Operational</Channel>\n<Computer>IACIS-HDD-2014</Computer>\n<Security UserID=\"S-1-5-18\"></Security>\n</System>\n<EventData><Data Name=\"string\">WU Client Download</Data>\n<Data Name=\"string2\">NT AUTHORITY\\SYSTEM</Data>\n<Data Name=\"string3\"></Data>\n</EventData>\n</Event>\n"
  },
  {
    "EventID": 3,
    "Timestamp": "2014-02-19 13:40:56.899986+00:00",
    "Computer": "IACIS-HDD-2014",
    "Channel": "Microsoft-Windows-Bits-Client/Operational",
    "Level": "Information",
    "EventData": {
      "string": "WU Client Download",
      "string2": "NT AUTHORITY\\SYSTEM",
      "string3": ""
    },
    "RawXml": "<Event xmlns=\"http://schemas.microsoft.com/win/2004/08/events/event\"><System><Provider Name=\"Microsoft-Windows-Bits-Client\" Guid=\"{ef1cc15b-46c1-414e-bb95-e76b077bd51e}\"></Provider>\n<EventID Qualifiers=\"\">3</EventID>\n<Version>0</Version>\n<Level>4</Level>\n<Task>0</Task>\n<Opcode>0</Opcode>\n<Keywords>0x4000000000000000</Keywords>\n<TimeCreated SystemTime=\"2014-02-19 13:40:56.899986+00:00\"></TimeCreated>\n<EventRecordID>1772</EventRecordID>\n<Correlation ActivityID=\"\" RelatedActivityID=\"\"></Correlation>\n<Execution ProcessID=\"960\" ThreadID=\"3224\"></Execution>\n<Channel>Microsoft-Windows-Bits-Client/Operational</Channel>\n<Computer>IACIS-HDD-2014</Computer>\n<Security UserID=\"S-1-5-18\"></Security>\n</System>\n<EventData><Data Name=\"string\">WU Client Download</Data>\n<Data Name=\"string2\">NT AUTHORITY\\SYSTEM</Data>\n<Data Name=\"string3\"></Data>\n</EventData>\n</Event>\n"
  },
  {
    "EventID": 3,
    "Timestamp": "2014-02-19 13:40:57.227587+00:00",
    "Computer": "IACIS-HDD-2014",
    "Channel": "Microsoft-Windows-Bits-Client/Operational",
    "Level": "Information",
    "EventData": {
      "string": "WU Client Download",
      "string2": "NT AUTHORITY\\SYSTEM",
      "string3": ""
    },
    "RawXml": "<Event xmlns=\"http://schemas.microsoft.com/win/2004/08/events/event\"><System><Provider Name=\"Microsoft-Windows-Bits-Client\" Guid=\"{ef1cc15b-46c1-414e-bb95-e76b077bd51e}\"></Provider>\n<EventID Qualifiers=\"\">3</EventID>\n<Version>0</Version>\n<Level>4</Level>\n<Task>0</Task>\n<Opcode>0</Opcode>\n<Keywords>0x4000000000000000</Keywords>\n<TimeCreated SystemTime=\"2014-02-19 13:40:57.227587+00:00\"></TimeCreated>\n<EventRecordID>1773</EventRecordID>\n<Correlation ActivityID=\"\" RelatedActivityID=\"\"></Correlation>\n<Execution ProcessID=\"960\" ThreadID=\"3224\"></Execution>\n<Channel>Microsoft-Windows-Bits-Client/Operational</Channel>\n<Computer>IACIS-HDD-2014</Computer>\n<Security UserID=\"S-1-5-18\"></Security>\n</System>\n<EventData><Data Name=\"string\">WU Client Download</Data>\n<Data Name=\"string2\">NT AUTHORITY\\SYSTEM</Data>\n<Data Name=\"string3\"></Data>\n</EventData>\n</Event>\n"
  },
  {
    "EventID": 3,
    "Timestamp": "2014-02-19 13:40:57.477186+00:00",
    "Computer": "IACIS-HDD-2014",
    "Channel": "Microsoft-Windows-Bits-Client/Operational",
    "Level": "Information",
    "EventData": {
      "string": "WU Client Download",
      "string2": "NT AUTHORITY\\SYSTEM",
      "string3": ""
    },
    "RawXml": "<Event xmlns=\"http://schemas.microsoft.com/win/2004/08/events/event\"><System><Provider Name=\"Microsoft-Windows-Bits-Client\" Guid=\"{ef1cc15b-46c1-414e-bb95-e76b077bd51e}\"></Provider>\n<EventID Qualifiers=\"\">3</EventID>\n<Version>0</Version>\n<Level>4</Level>\n<Task>0</Task>\n<Opcode>0</Opcode>\n<Keywords>0x4000000000000000</Keywords>\n<TimeCreated SystemTime=\"2014-02-19 13:40:57.477186+00:00\"></TimeCreated>\n<EventRecordID>1774</EventRecordID>\n<Correlation ActivityID=\"\" RelatedActivityID=\"\"></Correlation>\n<Execution ProcessID=\"960\" ThreadID=\"3224\"></Execution>\n<Channel>Microsoft-Windows-Bits-Client/Operational</Channel>\n<Computer>IACIS-HDD-2014</Computer>\n<Security UserID=\"S-1-5-18\"></Security>\n</System>\n<EventData><Data Name=\"string\">WU Client Download</Data>\n<Data Name=\"string2\">NT AUTHORITY\\SYSTEM</Data>\n<Data Name=\"string3\"></Data>\n</EventData>\n</Event>\n"
  },
  {
    "EventID": 310,
    "Timestamp": "2014-02-19 13:41:06.650003+00:00",
    "Computer": "IACIS-HDD-2014",
    "Channel": "Microsoft-Windows-Bits-Client/Operational",
    "Level": "Warning",
    "EventData": {
      "ErrorCode": "2147942450"
    },
    "RawXml": "<Event xmlns=\"http://schemas.microsoft.com/win/2004/08/events/event\"><System><Provider Name=\"Microsoft-Windows-Bits-Client\" Guid=\"{ef1cc15b-46c1-414e-bb95-e76b077bd51e}\"></Provider>\n<EventID Qualifiers=\"\">310</EventID>\n<Version>0</Version>\n<Level>3</Level>\n<Task>0</Task>\n<Opcode>0</Opcode>\n<Keywords>0x4000000000000000</Keywords>\n<TimeCreated SystemTime=\"2014-02-19 13:41:06.650003+00:00\"></TimeCreated>\n<EventRecordID>1775</EventRecordID>\n<Correlation ActivityID=\"\" RelatedActivityID=\"\"></Correlation>\n<Execution ProcessID=\"960\" ThreadID=\"3744\"></Execution>\n<Channel>Microsoft-Windows-Bits-Client/Operational</Channel>\n<Computer>IACIS-HDD-2014</Computer>\n<Security UserID=\"S-1-5-18\"></Security>\n</System>\n<EventData><Data Name=\"ErrorCode\">2147942450</Data>\n</EventData>\n</Event>\n"
  },
  {
    "EventID": 59,
    "Timestamp": "2014-02-19 13:41:06.665602+00:00",
    "Computer": "IACIS-HDD-2014",
    "Channel": "Microsoft-Windows-Bits-Client/Operational",
    "Level": "Information",
    "EventData": {
      "transferId": "{eef776c5-c65a-4bf4-906c-6486de3e90c0}",
      "name": "WU Client Download",
      "Id": "{b8384465-990e-40b5-9456-712e79fdd76f}",
      "url": "http://download.windowsupdate.com/msdownload/update/software/defu/2014/02/am_engine_patch1_ef69c9b08b3750eca495e2b356c3fa18af0194bb.exe",
      "peer": "",
      "fileTime": "2014-02-17 16:04:42+00:00",
      "fileLength": "3381016",
      "bytesTotal": "3381016",
      "bytesTransferred": "0",
      "bytesTransferredFromPeer": "0"
    },
    "RawXml": "<Event xmlns=\"http://schemas.microsoft.com/win/2004/08/events/event\"><System><Provider Name=\"Microsoft-Windows-Bits-Client\" Guid=\"{ef1cc15b-46c1-414e-bb95-e76b077bd51e}\"></Provider>\n<EventID Qualifiers=\"\">59</EventID>\n<Version>1</Version>\n<Level>4</Level>\n<Task>0</Task>\n<Opcode>1</Opcode>\n<Keywords>0x4000000000000000</Keywords>\n<TimeCreated SystemTime=\"2014-02-19 13:41:06.665602+00:00\"></TimeCreated>\n<EventRecordID>1776</EventRecordID>\n<Correlation ActivityID=\"{eef776c5-c65a-4bf4-906c-6486de3e90c0}\" RelatedActivityID=\"\"></Correlation>\n<Execution ProcessID=\"960\" ThreadID=\"3744\"></Execution>\n<Channel>Microsoft-Windows-Bits-Client/Operational</Channel>\n<Computer>IACIS-HDD-2014</Computer>\n<Security UserID=\"S-1-5-18\"></Security>\n</System>\n<EventData><Data Name=\"transferId\">{eef776c5-c65a-4bf4-906c-6486de3e90c0}</Data>\n<Data Name=\"name\">WU Client Download</Data>\n<Data Name=\"Id\">{b8384465-990e-40b5-9456-712e79fdd76f}</Data>\n<Data Name=\"url\">http://download.windowsupdate.com/msdownload/update/software/defu/2014/02/am_engine_patch1_ef69c9b08b3750eca495e2b356c3fa18af0194bb.exe</Data>\n<Data Name=\"peer\"></Data>\n<Data Name=\"fileTime\">2014-02-17 16:04:42+00:00</Data>\n<Data Name=\"fileLength\">3381016</Data>\n<Data Name=\"bytesTotal\">3381016</Data>\n<Data Name=\"bytesTransferred\">0</Data>\n<Data Name=\"bytesTransferredFromPeer\">0</Data>\n</EventData>\n</Event>\n"
  },
  {
    "EventID": 60,
    "Timestamp": "2014-02-19 13:41:53.886887+00:00",
    "Computer": "IACIS-HDD-2014",
    "Channel": "Microsoft-Windows-Bits-Client/Operational",
    "Level": "Information",
    "EventData": {
      "transferId": "{eef776c5-c65a-4bf4-906c-6486de3e90c0}",
      "name": "WU Client Download",
      "Id": "{b8384465-990e-40b5-9456-712e79fdd76f}",
      "url": "http://download.windowsupdate.com/msdownload/update/software/defu/2014/02/am_engine_patch1_ef69c9b08b3750eca495e2b356c3fa18af0194bb.exe",
      "peer": "",
      "hr": "0",
      "fileTime": "2014-02-17 16:04:42+00:00",
      "fileLength": "3381016",
      "bytesTotal": "3381016",
      "bytesTransferred": "3381016",
      "proxy": "",
      "peerProtocolFlags": "0",
      "bytesTransferredFromPeer": "0",
      "AdditionalInfoHr": "0",
      "PeerContextInfo": "0",
      "bandwidthLimit": "18446744073709551615",
      "ignoreBandwidthLimitsOnLan": "False"
    },
    "RawXml": "<Event xmlns=\"http://schemas.microsoft.com/win/2004/08/events/event\"><System><Provider Name=\"Microsoft-Windows-Bits-Client\" Guid=\"{ef1cc15b-46c1-414e-bb95-e76b077bd51e}\"></Provider>\n<EventID Qualifiers=\"\">60</EventID>\n<Version>1</Version>\n<Level>4</Level>\n<Task>0</Task>\n<Opcode>2</Opcode>\n<Keywords>0x4000000000000000</Keywords>\n<TimeCreated SystemTime=\"2014-02-19 13:41:53.886887+00:00\"></TimeCreated>\n<EventRecordID>1777</EventRecordID>\n<Correlation ActivityID=\"{eef776c5-c65a-4bf4-906c-6486de3e90c0}\" RelatedActivityID=\"\"></Correlation>\n<Execution ProcessID=\"960\" ThreadID=\"1832\"></Execution>\n<Channel>Microsoft-Windows-Bits-Client/Operational</Channel>\n<Computer>IACIS-HDD-2014</Computer>\n<Security UserID=\"S-1-5-18\"></Security>\n</System>\n<EventData><Data Name=\"transferId\">{eef776c5-c65a-4bf4-906c-6486de3e90c0}</Data>\n<Data Name=\"name\">WU Client Download</Data>\n<Data Name=\"Id\">{b8384465-990e-40b5-9456-712e79fdd76f}</Data>\n<Data Name=\"url\">http://download.windowsupdate.com/msdownload/update/software/defu/2014/02/am_engine_patch1_ef69c9b08b3750eca495e2b356c3fa18af0194bb.exe</Data>\n<Data Name=\"peer\"></Data>\n<Data Name=\"hr\">0</Data>\n<Data Name=\"fileTime\">2014-02-17 16:04:42+00:00</Data>\n<Data Name=\"fileLength\">3381016</Data>\n<Data Name=\"bytesTotal\">3381016</Data>\n<Data Name=\"bytesTransferred\">3381016</Data>\n<Data Name=\"proxy\"></Data>\n<Data Name=\"peerProtocolFlags\">0</Data>\n<Data Name=\"bytesTransferredFromPeer\">0</Data>\n<Data Name=\"AdditionalInfoHr\">0</Data>\n<Data Name=\"PeerContextInfo\">0</Data>\n<Data Name=\"bandwidthLimit\">18446744073709551615</Data>\n<Data Name=\"ignoreBandwidthLimitsOnLan\">False</Data>\n</EventData>\n</Event>\n"
  },
  {
    "EventID": 4,
    "Timestamp": "2014-02-19 13:41:53.996086+00:00",
    "Computer": "IACIS-HDD-2014",
    "Channel": "Microsoft-Windows-Bits-Client/Operational",
    "Level": "Information",
    "EventData": {
      "User": "NT AUTHORITY\\SYSTEM",
      "jobTitle": "WU Client Download",
      "jobId": "{b8384465-990e-40b5-9456-712e79fdd76f}",
      "jobOwner": "NT AUTHORITY\\SYSTEM",
      "fileCount": "1",
      "bytesTransferred": "3381016",
      "bytesTransferredFromPeer": "0"
    },
    "RawXml": "<Event xmlns=\"http://schemas.microsoft.com/win/2004/08/events/event\"><System><Provider Name=\"Microsoft-Windows-Bits-Client\" Guid=\"{ef1cc15b-46c1-414e-bb95-e76b077bd51e}\"></Provider>\n<EventID Qualifiers=\"\">4</EventID>\n<Version>1</Version>\n<Level>4</Level>\n<Task>0</Task>\n<Opcode>0</Opcode>\n<Keywords>0x4000000000000000</Keywords>\n<TimeCreated SystemTime=\"2014-02-19 13:41:53.996086+00:00\"></TimeCreated>\n<EventRecordID>1778</EventRecordID>\n<Correlation ActivityID=\"\" RelatedActivityID=\"\"></Correlation>\n<Execution ProcessID=\"960\" ThreadID=\"1248\"></Execution>\n<Channel>Microsoft-Windows-Bits-Client/Operational</Channel>\n<Computer>IACIS-HDD-2014</Computer>\n<Security UserID=\"S-1-5-18\"></Security>\n</System>\n<EventData><Data Name=\"User\">NT AUTHORITY\\SYSTEM</Data>\n<Data Name=\"jobTitle\">WU Client Download</Data>\n<Data Name=\"jobId\">{b8384465-990e-40b5-9456-712e79fdd76f}</Data>\n<Data Name=\"jobOwner\">NT AUTHORITY\\SYSTEM</Data>\n<Data Name=\"fileCount\">1</Data>\n<Data Name=\"bytesTransferred\">3381016</Data>\n<Data Name=\"bytesTransferredFromPeer\">0</Data>\n</EventData>\n</Event>\n"
  },
  {
    "EventID": 59,
    "Timestamp": "2014-02-19 13:41:54.120886+00:00",
    "Computer": "IACIS-HDD-2014",
    "Channel": "Microsoft-Windows-Bits-Client/Operational",
    "Level": "Information",
    "EventData": {
      "transferId": "{1ea5c880-4b11-41b1-a558-06c7a443e4ce}",
      "name": "WU Client Download",
      "Id": "{88e44bd2-c0b5-4651-9f77-1c7e875b38f5}",
      "url": "http://download.windowsupdate.com/msdownload/update/software/defu/2014/02/am_base_patch1_28b64b1c5ea24c3ba6d62711f7ba6720023709de.exe",
      "peer": "",
      "fileTime": "2014-02-17 16:06:44+00:00",
      "fileLength": "9719576",
      "bytesTotal": "9719576",
      "bytesTransferred": "0",
      "bytesTransferredFromPeer": "0"
    },
    "RawXml": "<Event xmlns=\"http://schemas.microsoft.com/win/2004/08/events/event\"><System><Provider Name=\"Microsoft-Windows-Bits-Client\" Guid=\"{ef1cc15b-46c1-414e-bb95-e76b077bd51e}\"></Provider>\n<EventID Qualifiers=\"\">59</EventID>\n<Version>1</Version>\n<Level>4</Level>\n<Task>0</Task>\n<Opcode>1</Opcode>\n<Keywords>0x4000000000000000</Keywords>\n<TimeCreated SystemTime=\"2014-02-19 13:41:54.120886+00:00\"></TimeCreated>\n<EventRecordID>1779</EventRecordID>\n<Correlation ActivityID=\"{1ea5c880-4b11-41b1-a558-06c7a443e4ce}\" RelatedActivityID=\"\"></Correlation>\n<Execution ProcessID=\"960\" ThreadID=\"328\"></Execution>\n<Channel>Microsoft-Windows-Bits-Client/Operational</Channel>\n<Computer>IACIS-HDD-2014</Computer>\n<Security UserID=\"S-1-5-18\"></Security>\n</System>\n<EventData><Data Name=\"transferId\">{1ea5c880-4b11-41b1-a558-06c7a443e4ce}</Data>\n<Data Name=\"name\">WU Client Download</Data>\n<Data Name=\"Id\">{88e44bd2-c0b5-4651-9f77-1c7e875b38f5}</Data>\n<Data Name=\"url\">http://download.windowsupdate.com/msdownload/update/software/defu/2014/02/am_base_patch1_28b64b1c5ea24c3ba6d62711f7ba6720023709de.exe</Data>\n<Data Name=\"peer\"></Data>\n<Data Name=\"fileTime\">2014-02-17 16:06:44+00:00</Data>\n<Data Name=\"fileLength\">9719576</Data>\n<Data Name=\"bytesTotal\">9719576</Data>\n<Data Name=\"bytesTransferred\">0</Data>\n<Data Name=\"bytesTransferredFromPeer\">0</Data>\n</EventData>\n</Event>\n"
  },
  {
    "EventID": 60,
    "Timestamp": "2014-02-19 13:42:00.579296+00:00",
    "Computer": "IACIS-HDD-2014",
    "Channel": "Microsoft-Windows-Bits-Client/Operational",
    "Level": "Information",
    "EventData": {
      "transferId": "{1ea5c880-4b11-41b1-a558-06c7a443e4ce}",
      "name": "WU Client Download",
      "Id": "{88e44bd2-c0b5-4651-9f77-1c7e875b38f5}",
      "url": "http://download.windowsupdate.com/msdownload/update/software/defu/2014/02/am_base_patch1_28b64b1c5ea24c3ba6d62711f7ba6720023709de.exe",
      "peer": "",
      "hr": "0",
      "fileTime": "2014-02-17 16:06:44+00:00",
      "fileLength": "9719576",
      "bytesTotal": "9719576",
      "bytesTransferred": "9719576",
      "proxy": "",
      "peerProtocolFlags": "0",
      "bytesTransferredFromPeer": "0",
      "AdditionalInfoHr": "0",
      "PeerContextInfo": "0",
      "bandwidthLimit": "18446744073709551615",
      "ignoreBandwidthLimitsOnLan": "False"
    },
    "RawXml": "<Event xmlns=\"http://schemas.microsoft.com/win/2004/08/events/event\"><System><Provider Name=\"Microsoft-Windows-Bits-Client\" Guid=\"{ef1cc15b-46c1-414e-bb95-e76b077bd51e}\"></Provider>\n<EventID Qualifiers=\"\">60</EventID>\n<Version>1</Version>\n<Level>4</Level>\n<Task>0</Task>\n<Opcode>2</Opcode>\n<Keywords>0x4000000000000000</Keywords>\n<TimeCreated SystemTime=\"2014-02-19 13:42:00.579296+00:00\"></TimeCreated>\n<EventRecordID>1780</EventRecordID>\n<Correlation ActivityID=\"{1ea5c880-4b11-41b1-a558-06c7a443e4ce}\" RelatedActivityID=\"\"></Correlation>\n<Execution ProcessID=\"960\" ThreadID=\"1764\"></Execution>\n<Channel>Microsoft-Windows-Bits-Client/Operational</Channel>\n<Computer>IACIS-HDD-2014</Computer>\n<Security UserID=\"S-1-5-18\"></Security>\n</System>\n<EventData><Data Name=\"transferId\">{1ea5c880-4b11-41b1-a558-06c7a443e4ce}</Data>\n<Data Name=\"name\">WU Client Download</Data>\n<Data Name=\"Id\">{88e44bd2-c0b5-4651-9f77-1c7e875b38f5}</Data>\n<Data Name=\"url\">http://download.windowsupdate.com/msdownload/update/software/defu/2014/02/am_base_patch1_28b64b1c5ea24c3ba6d62711f7ba6720023709de.exe</Data>\n<Data Name=\"peer\"></Data>\n<Data Name=\"hr\">0</Data>\n<Data Name=\"fileTime\">2014-02-17 16:06:44+00:00</Data>\n<Data Name=\"fileLength\">9719576</Data>\n<Data Name=\"bytesTotal\">9719576</Data>\n<Data Name=\"bytesTransferred\">9719576</Data>\n<Data Name=\"proxy\"></Data>\n<Data Name=\"peerProtocolFlags\">0</Data>\n<Data Name=\"bytesTransferredFromPeer\">0</Data>\n<Data Name=\"AdditionalInfoHr\">0</Data>\n<Data Name=\"PeerContextInfo\">0</Data>\n<Data Name=\"bandwidthLimit\">18446744073709551615</Data>\n<Data Name=\"ignoreBandwidthLimitsOnLan\">False</Data>\n</EventData>\n</Event>\n"
  },
  {
    "EventID": 4,
    "Timestamp": "2014-02-19 13:42:00.704098+00:00",
    "Computer": "IACIS-HDD-2014",
    "Channel": "Microsoft-Windows-Bits-Client/Operational",
    "Level": "Information",
    "EventData": {
      "User": "NT AUTHORITY\\SYSTEM",
      "jobTitle": "WU Client Download",
      "jobId": "{88e44bd2-c0b5-4651-9f77-1c7e875b38f5}",
      "jobOwner": "NT AUTHORITY\\SYSTEM",
      "fileCount": "1",
      "bytesTransferred": "9719576",
      "bytesTransferredFromPeer": "0"
    },
    "RawXml": "<Event xmlns=\"http://schemas.microsoft.com/win/2004/08/events/event\"><System><Provider Name=\"Microsoft-Windows-Bits-Client\" Guid=\"{ef1cc15b-46c1-414e-bb95-e76b077bd51e}\"></Provider>\n<EventID Qualifiers=\"\">4</EventID>\n<Version>1</Version>\n<Level>4</Level>\n<Task>0</Task>\n<Opcode>0</Opcode>\n<Keywords>0x4000000000000000</Keywords>\n<TimeCreated SystemTime=\"2014-02-19 13:42:00.704098+00:00\"></TimeCreated>\n<EventRecordID>1781</EventRecordID>\n<Correlation ActivityID=\"\" RelatedActivityID=\"\"></Correlation>\n<Execution ProcessID=\"960\" ThreadID=\"1248\"></Execution>\n<Channel>Microsoft-Windows-Bits-Client/Operational</Channel>\n<Computer>IACIS-HDD-2014</Computer>\n<Security UserID=\"S-1-5-18\"></Security>\n</System>\n<EventData><Data Name=\"User\">NT AUTHORITY\\SYSTEM</Data>\n<Data Name=\"jobTitle\">WU Client Download</Data>\n<Data Name=\"jobId\">{88e44bd2-c0b5-4651-9f77-1c7e875b38f5}</Data>\n<Data Name=\"jobOwner\">NT AUTHORITY\\SYSTEM</Data>\n<Data Name=\"fileCount\">1</Data>\n<Data Name=\"bytesTransferred\">9719576</Data>\n<Data Name=\"bytesTransferredFromPeer\">0</Data>\n</EventData>\n</Event>\n"
  },
  {
    "EventID": 59,
    "Timestamp": "2014-02-19 13:42:00.782099+00:00",
    "Computer": "IACIS-HDD-2014",
    "Channel": "Microsoft-Windows-Bits-Client/Operational",
    "Level": "Information",
    "EventData": {
      "transferId": "{b56c3f27-d163-4532-838d-51815ba3ff76}",
      "name": "WU Client Download",
      "Id": "{6fbf5c9e-fa6a-4968-bc71-7873929f3816}",
      "url": "http://download.windowsupdate.com/msdownload/update/software/defu/2014/02/nis_delta_patch_d04dfa959a673f88cfc1827e001b43210ed338fa.exe",
      "peer": "",
      "fileTime": "2014-02-17 17:55:58+00:00",
      "fileLength": "64792",
      "bytesTotal": "64792",
      "bytesTransferred": "0",
      "bytesTransferredFromPeer": "0"
    },
    "RawXml": "<Event xmlns=\"http://schemas.microsoft.com/win/2004/08/events/event\"><System><Provider Name=\"Microsoft-Windows-Bits-Client\" Guid=\"{ef1cc15b-46c1-414e-bb95-e76b077bd51e}\"></Provider>\n<EventID Qualifiers=\"\">59</EventID>\n<Version>1</Version>\n<Level>4</Level>\n<Task>0</Task>\n<Opcode>1</Opcode>\n<Keywords>0x4000000000000000</Keywords>\n<TimeCreated SystemTime=\"2014-02-19 13:42:00.782099+00:00\"></TimeCreated>\n<EventRecordID>1782</EventRecordID>\n<Correlation ActivityID=\"{b56c3f27-d163-4532-838d-51815ba3ff76}\" RelatedActivityID=\"\"></Correlation>\n<Execution ProcessID=\"960\" ThreadID=\"3744\"></Execution>\n<Channel>Microsoft-Windows-Bits-Client/Operational</Channel>\n<Computer>IACIS-HDD-2014</Computer>\n<Security UserID=\"S-1-5-18\"></Security>\n</System>\n<EventData><Data Name=\"transferId\">{b56c3f27-d163-4532-838d-51815ba3ff76}</Data>\n<Data Name=\"name\">WU Client Download</Data>\n<Data Name=\"Id\">{6fbf5c9e-fa6a-4968-bc71-7873929f3816}</Data>\n<Data Name=\"url\">http://download.windowsupdate.com/msdownload/update/software/defu/2014/02/nis_delta_patch_d04dfa959a673f88cfc1827e001b43210ed338fa.exe</Data>\n<Data Name=\"peer\"></Data>\n<Data Name=\"fileTime\">2014-02-17 17:55:58+00:00</Data>\n<Data Name=\"fileLength\">64792</Data>\n<Data Name=\"bytesTotal\">64792</Data>\n<Data Name=\"bytesTransferred\">0</Data>\n<Data Name=\"bytesTransferredFromPeer\">0</Data>\n</EventData>\n</Event>\n"
  },
  {
    "EventID": 60,
    "Timestamp": "2014-02-19 13:42:01.499699+00:00",
    "Computer": "IACIS-HDD-2014",
    "Channel": "Microsoft-Windows-Bits-Client/Operational",
    "Level": "Information",
    "EventData": {
      "transferId": "{b56c3f27-d163-4532-838d-51815ba3ff76}",
      "name": "WU Client Download",
      "Id": "{6fbf5c9e-fa6a-4968-bc71-7873929f3816}",
      "url": "http://download.windowsupdate.com/msdownload/update/software/defu/2014/02/nis_delta_patch_d04dfa959a673f88cfc1827e001b43210ed338fa.exe",
      "peer": "",
      "hr": "0",
      "fileTime": "2014-02-17 17:55:58+00:00",
      "fileLength": "64792",
      "bytesTotal": "64792",
      "bytesTransferred": "64792",
      "proxy": "",
      "peerProtocolFlags": "0",
      "bytesTransferredFromPeer": "0",
      "AdditionalInfoHr": "0",
      "PeerContextInfo": "0",
      "bandwidthLimit": "18446744073709551615",
      "ignoreBandwidthLimitsOnLan": "False"
    },
    "RawXml": "<Event xmlns=\"http://schemas.microsoft.com/win/2004/08/events/event\"><System><Provider Name=\"Microsoft-Windows-Bits-Client\" Guid=\"{ef1cc15b-46c1-414e-bb95-e76b077bd51e}\"></Provider>\n<EventID Qualifiers=\"\">60</EventID>\n<Version>1</Version>\n<Level>4</Level>\n<Task>0</Task>\n<Opcode>2</Opcode>\n<Keywords>0x4000000000000000</Keywords>\n<TimeCreated SystemTime=\"2014-02-19 13:42:01.499699+00:00\"></TimeCreated>\n<EventRecordID>1783</EventRecordID>\n<Correlation ActivityID=\"{b56c3f27-d163-4532-838d-51815ba3ff76}\" RelatedActivityID=\"\"></Correlation>\n<Execution ProcessID=\"960\" ThreadID=\"1764\"></Execution>\n<Channel>Microsoft-Windows-Bits-Client/Operational</Channel>\n<Computer>IACIS-HDD-2014</Computer>\n<Security UserID=\"S-1-5-18\"></Security>\n</System>\n<EventData><Data Name=\"transferId\">{b56c3f27-d163-4532-838d-51815ba3ff76}</Data>\n<Data Name=\"name\">WU Client Download</Data>\n<Data Name=\"Id\">{6fbf5c9e-fa6a-4968-bc71-7873929f3816}</Data>\n<Data Name=\"url\">http://download.windowsupdate.com/msdownload/update/software/defu/2014/02/nis_delta_patch_d04dfa959a673f88cfc1827e001b43210ed338fa.exe</Data>\n<Data Name=\"peer\"></Data>\n<Data Name=\"hr\">0</Data>\n<Data Name=\"fileTime\">2014-02-17 17:55:58+00:00</Data>\n<Data Name=\"fileLength\">64792</Data>\n<Data Name=\"bytesTotal\">64792</Data>\n<Data Name=\"bytesTransferred\">64792</Data>\n<Data Name=\"proxy\"></Data>\n<Data Name=\"peerProtocolFlags\">0</Data>\n<Data Name=\"bytesTransferredFromPeer\">0</Data>\n<Data Name=\"AdditionalInfoHr\">0</Data>\n<Data Name=\"PeerContextInfo\">0</Data>\n<Data Name=\"bandwidthLimit\">18446744073709551615</Data>\n<Data Name=\"ignoreBandwidthLimitsOnLan\">False</Data>\n</EventData>\n</Event>\n"
  },
  {
    "EventID": 4,
    "Timestamp": "2014-02-19 13:42:01.577698+00:00",
    "Computer": "IACIS-HDD-2014",
    "Channel": "Microsoft-Windows-Bits-Client/Operational",
    "Level": "Information",
    "EventData": {
      "User": "NT AUTHORITY\\SYSTEM",
      "jobTitle": "WU Client Download",
      "jobId": "{6fbf5c9e-fa6a-4968-bc71-7873929f3816}",
      "jobOwner": "NT AUTHORITY\\SYSTEM",
      "fileCount": "1",
      "bytesTransferred": "64792",
      "bytesTransferredFromPeer": "0"
    },
    "RawXml": "<Event xmlns=\"http://schemas.microsoft.com/win/2004/08/events/event\"><System><Provider Name=\"Microsoft-Windows-Bits-Client\" Guid=\"{ef1cc15b-46c1-414e-bb95-e76b077bd51e}\"></Provider>\n<EventID Qualifiers=\"\">4</EventID>\n<Version>1</Version>\n<Level>4</Level>\n<Task>0</Task>\n<Opcode>0</Opcode>\n<Keywords>0x4000000000000000</Keywords>\n<TimeCreated SystemTime=\"2014-02-19 13:42:01.577698+00:00\"></TimeCreated>\n<EventRecordID>1784</EventRecordID>\n<Correlation ActivityID=\"\" RelatedActivityID=\"\"></Correlation>\n<Execution ProcessID=\"960\" ThreadID=\"328\"></Execution>\n<Channel>Microsoft-Windows-Bits-Client/Operational</Channel>\n<Computer>IACIS-HDD-2014</Computer>\n<Security UserID=\"S-1-5-18\"></Security>\n</System>\n<EventData><Data Name=\"User\">NT AUTHORITY\\SYSTEM</Data>\n<Data Name=\"jobTitle\">WU Client Download</Data>\n<Data Name=\"jobId\">{6fbf5c9e-fa6a-4968-bc71-7873929f3816}</Data>\n<Data Name=\"jobOwner\">NT AUTHORITY\\SYSTEM</Data>\n<Data Name=\"fileCount\">1</Data>\n<Data Name=\"bytesTransferred\">64792</Data>\n<Data Name=\"bytesTransferredFromPeer\">0</Data>\n</EventData>\n</Event>\n"
  },
  {
    "EventID": 59,
    "Timestamp": "2014-02-19 13:42:01.671301+00:00",
    "Computer": "IACIS-HDD-2014",
    "Channel": "Microsoft-Windows-Bits-Client/Operational",
    "Level": "Information",
    "EventData": {
      "transferId": "{c8ecc385-c16f-4edb-af8e-a301fd6adaa1}",
      "name": "WU Client Download",
      "Id": "{7e5383b6-daab-4b5c-8136-8c6bddae6325}",
      "url": "http://download.windowsupdate.com/msdownload/update/software/defu/2014/02/am_delta_8db317d65b1fd2ca27629163e12d62877201563d.exe",
      "peer": "",
      "fileTime": "2014-02-19 09:09:32+00:00",
      "fileLength": "1043728",
      "bytesTotal": "1043728",
      "bytesTransferred": "0",
      "bytesTransferredFromPeer": "0"
    },
    "RawXml": "<Event xmlns=\"http://schemas.microsoft.com/win/2004/08/events/event\"><System><Provider Name=\"Microsoft-Windows-Bits-Client\" Guid=\"{ef1cc15b-46c1-414e-bb95-e76b077bd51e}\"></Provider>\n<EventID Qualifiers=\"\">59</EventID>\n<Version>1</Version>\n<Level>4</Level>\n<Task>0</Task>\n<Opcode>1</Opcode>\n<Keywords>0x4000000000000000</Keywords>\n<TimeCreated SystemTime=\"2014-02-19 13:42:01.671301+00:00\"></TimeCreated>\n<EventRecordID>1785</EventRecordID>\n<Correlation ActivityID=\"{c8ecc385-c16f-4edb-af8e-a301fd6adaa1}\" RelatedActivityID=\"\"></Correlation>\n<Execution ProcessID=\"960\" ThreadID=\"4040\"></Execution>\n<Channel>Microsoft-Windows-Bits-Client/Operational</Channel>\n<Computer>IACIS-HDD-2014</Computer>\n<Security UserID=\"S-1-5-18\"></Security>\n</System>\n<EventData><Data Name=\"transferId\">{c8ecc385-c16f-4edb-af8e-a301fd6adaa1}</Data>\n<Data Name=\"name\">WU Client Download</Data>\n<Data Name=\"Id\">{7e5383b6-daab-4b5c-8136-8c6bddae6325}</Data>\n<Data Name=\"url\">http://download.windowsupdate.com/msdownload/update/software/defu/2014/02/am_delta_8db317d65b1fd2ca27629163e12d62877201563d.exe</Data>\n<Data Name=\"peer\"></Data>\n<Data Name=\"fileTime\">2014-02-19 09:09:32+00:00</Data>\n<Data Name=\"fileLength\">1043728</Data>\n<Data Name=\"bytesTotal\">1043728</Data>\n<Data Name=\"bytesTransferred\">0</Data>\n<Data Name=\"bytesTransferredFromPeer\">0</Data>\n</EventData>\n</Event>\n"
  },
  {
    "EventID": 60,
    "Timestamp": "2014-02-19 13:42:02.279699+00:00",
    "Computer": "IACIS-HDD-2014",
    "Channel": "Microsoft-Windows-Bits-Client/Operational",
    "Level": "Information",
    "EventData": {
      "transferId": "{c8ecc385-c16f-4edb-af8e-a301fd6adaa1}",
      "name": "WU Client Download",
      "Id": "{7e5383b6-daab-4b5c-8136-8c6bddae6325}",
      "url": "http://download.windowsupdate.com/msdownload/update/software/defu/2014/02/am_delta_8db317d65b1fd2ca27629163e12d62877201563d.exe",
      "peer": "",
      "hr": "0",
      "fileTime": "2014-02-19 09:09:32+00:00",
      "fileLength": "1043728",
      "bytesTotal": "1043728",
      "bytesTransferred": "1043728",
      "proxy": "",
      "peerProtocolFlags": "0",
      "bytesTransferredFromPeer": "0",
      "AdditionalInfoHr": "0",
      "PeerContextInfo": "0",
      "bandwidthLimit": "18446744073709551615",
      "ignoreBandwidthLimitsOnLan": "False"
    },
    "RawXml": "<Event xmlns=\"http://schemas.microsoft.com/win/2004/08/events/event\"><System><Provider Name=\"Microsoft-Windows-Bits-Client\" Guid=\"{ef1cc15b-46c1-414e-bb95-e76b077bd51e}\"></Provider>\n<EventID Qualifiers=\"\">60</EventID>\n<Version>1</Version>\n<Level>4</Level>\n<Task>0</Task>\n<Opcode>2</Opcode>\n<Keywords>0x4000000000000000</Keywords>\n<TimeCreated SystemTime=\"2014-02-19 13:42:02.279699+00:00\"></TimeCreated>\n<EventRecordID>1786</EventRecordID>\n<Correlation ActivityID=\"{c8ecc385-c16f-4edb-af8e-a301fd6adaa1}\" RelatedActivityID=\"\"></Correlation>\n<Execution ProcessID=\"960\" ThreadID=\"3528\"></Execution>\n<Channel>Microsoft-Windows-Bits-Client/Operational</Channel>\n<Computer>IACIS-HDD-2014</Computer>\n<Security UserID=\"S-1-5-18\"></Security>\n</System>\n<EventData><Data Name=\"transferId\">{c8ecc385-c16f-4edb-af8e-a301fd6adaa1}</Data>\n<Data Name=\"name\">WU Client Download</Data>\n<Data Name=\"Id\">{7e5383b6-daab-4b5c-8136-8c6bddae6325}</Data>\n<Data Name=\"url\">http://download.windowsupdate.com/msdownload/update/software/defu/2014/02/am_delta_8db317d65b1fd2ca27629163e12d62877201563d.exe</Data>\n<Data Name=\"peer\"></Data>\n<Data Name=\"hr\">0</Data>\n<Data Name=\"fileTime\">2014-02-19 09:09:32+00:00</Data>\n<Data Name=\"fileLength\">1043728</Data>\n<Data Name=\"bytesTotal\">1043728</Data>\n<Data Name=\"bytesTransferred\">1043728</Data>\n<Data Name=\"proxy\"></Data>\n<Data Name=\"peerProtocolFlags\">0</Data>\n<Data Name=\"bytesTransferredFromPeer\">0</Data>\n<Data Name=\"AdditionalInfoHr\">0</Data>\n<Data Name=\"PeerContextInfo\">0</Data>\n<Data Name=\"bandwidthLimit\">18446744073709551615</Data>\n<Data Name=\"ignoreBandwidthLimitsOnLan\">False</Data>\n</EventData>\n</Event>\n"
  },
  {
    "EventID": 4,
    "Timestamp": "2014-02-19 13:42:02.342100+00:00",
    "Computer": "IACIS-HDD-2014",
    "Channel": "Microsoft-Windows-Bits-Client/Operational",
    "Level": "Information",
    "EventData": {
      "User": "NT AUTHORITY\\SYSTEM",
      "jobTitle": "WU Client Download",
      "jobId": "{7e5383b6-daab-4b5c-8136-8c6bddae6325}",
      "jobOwner": "NT AUTHORITY\\SYSTEM",
      "fileCount": "1",
      "bytesTransferred": "1043728",
      "bytesTransferredFromPeer": "0"
    },
    "RawXml": "<Event xmlns=\"http://schemas.microsoft.com/win/2004/08/events/event\"><System><Provider Name=\"Microsoft-Windows-Bits-Client\" Guid=\"{ef1cc15b-46c1-414e-bb95-e76b077bd51e}\"></Provider>\n<EventID Qualifiers=\"\">4</EventID>\n<Version>1</Version>\n<Level>4</Level>\n<Task>0</Task>\n<Opcode>0</Opcode>\n<Keywords>0x4000000000000000</Keywords>\n<TimeCreated SystemTime=\"2014-02-19 13:42:02.342100+00:00\"></TimeCreated>\n<EventRecordID>1787</EventRecordID>\n<Correlation ActivityID=\"\" RelatedActivityID=\"\"></Correlation>\n<Execution ProcessID=\"960\" ThreadID=\"3744\"></Execution>\n<Channel>Microsoft-Windows-Bits-Client/Operational</Channel>\n<Computer>IACIS-HDD-2014</Computer>\n<Security UserID=\"S-1-5-18\"></Security>\n</System>\n<EventData><Data Name=\"User\">NT AUTHORITY\\SYSTEM</Data>\n<Data Name=\"jobTitle\">WU Client Download</Data>\n<Data Name=\"jobId\">{7e5383b6-daab-4b5c-8136-8c6bddae6325}</Data>\n<Data Name=\"jobOwner\">NT AUTHORITY\\SYSTEM</Data>\n<Data Name=\"fileCount\">1</Data>\n<Data Name=\"bytesTransferred\">1043728</Data>\n<Data Name=\"bytesTransferredFromPeer\">0</Data>\n</EventData>\n</Event>\n"
  },
  {
    "EventID": 3,
    "Timestamp": "2014-01-25 01:35:35.056679+00:00",
    "Computer": "IACIS-HDD-2014",
    "Channel": "Microsoft-Windows-Bits-Client/Operational",
    "Level": "Information",
    "EventData": {
      "string": "WU Client Download",
      "string2": "NT AUTHORITY\\SYSTEM",
      "string3": ""
    },
    "RawXml": "<Event xmlns=\"http://schemas.microsoft.com/win/2004/08/events/event\"><System><Provider Name=\"Microsoft-Windows-Bits-Client\" Guid=\"{ef1cc15b-46c1-414e-bb95-e76b077bd51e}\"></Provider>\n<EventID Qualifiers=\"\">3</EventID>\n<Version>0</Version>\n<Level>4</Level>\n<Task>0</Task>\n<Opcode>0</Opcode>\n<Keywords>0x4000000000000000</Keywords>\n<TimeCreated SystemTime=\"2014-01-25 01:35:35.056679+00:00\"></TimeCreated>\n<EventRecordID>247</EventRecordID>\n<Correlation ActivityID=\"\" RelatedActivityID=\"\"></Correlation>\n<Execution ProcessID=\"888\" ThreadID=\"2740\"></Execution>\n<Channel>Microsoft-Windows-Bits-Client/Operational</Channel>\n<Computer>IACIS-HDD-2014</Computer>\n<Security UserID=\"S-1-5-18\"></Security>\n</System>\n<EventData><Data Name=\"string\">WU Client Download</Data>\n<Data Name=\"string2\">NT AUTHORITY\\SYSTEM</Data>\n<Data Name=\"string3\"></Data>\n</EventData>\n</Event>\n"
  },
