  {
    "EventID": 2101,
    "Timestamp": "2014-02-11 14:41:19.021420+00:00",
    "Computer": "IACIS-HDD-2014",
    "Channel": "Microsoft-Windows-DriverFrameworks-UserMode/Operational",
    "Level": "Information",
    "EventData": {},
    "RawXml": "<Event xmlns=\"http://schemas.microsoft.com/win/2004/08/events/event\"><System><Provider Name=\"Microsoft-Windows-DriverFrameworks-UserMode\" Guid=\"{2e35aaeb-857f-4beb-a418-2e6c0e54d988}\"></Provider>\n<EventID Qualifiers=\"\">2101</EventID>\n<Version>1</Version>\n<Level>4</Level>\n<Task>37</Task>\n<Opcode>2</Opcode>\n<Keywords>0x8000000000000000</Keywords>\n<TimeCreated SystemTime=\"2014-02-11 14:41:19.021420+00:00\"></TimeCreated>\n<EventRecordID>280</EventRecordID>\n<Correlation ActivityID=\"\" RelatedActivityID=\"\"></Correlation>\n<Execution ProcessID=\"288\" ThreadID=\"956\"></Execution>\n<Channel>Microsoft-Windows-DriverFrameworks-UserMode/Operational</Channel>\n<Computer>IACIS-HDD-2014</Computer>\n<Security UserID=\"S-1-5-19\"></Security>\n</System>\n<UserData><UMDFHostDeviceRequest instance=\"WPDBUSENUMROOT\\UMB\\2&amp;37C186B&amp;0&amp;STORAGE#VOLUME#_??_USBSTOR#DISK&amp;VEN_GENERIC&amp;PROD_STORAGE_DEVICE&amp;REV_9344#0301936251&amp;1#\" lifetime=\"{56b873db-6d9a-4fd0-b8dc-6dee63c2a346}\" xmlns:auto-ns2=\"http://schemas.microsoft.com/win/2004/08/events\" xmlns=\"http://www.microsoft.com/DriverFrameworks/UserMode/Event\"><Request major=\"27\" minor=\"20\"><Argument>0x0000000000000000</Argument>\n<Argument>0x000000000000141b</Argument>\n<Argument>0x0000000000000000</Argument>\n<Argument>0x0000000000000000</Argument>\n</Request>\n<Status>0</Status>\n</UMDFHostDeviceRequest>\n</UserData>\n</Event>\n"
  },
  {
    "EventID": 2100,
    "Timestamp": "2014-02-11 14:42:19.346724+00:00",
    "Computer": "IACIS-HDD-2014",
    "Channel": "Microsoft-Windows-DriverFrameworks-UserMode/Operational",
    "Level": "Information",
    "EventData": {},
    "RawXml": "<Event xmlns=\"http://schemas.microsoft.com/win/2004/08/events/event\"><System><Provider Name=\"Microsoft-Windows-DriverFrameworks-UserMode\" Guid=\"{2e35aaeb-857f-4beb-a418-2e6c0e54d988}\"></Provider>\n<EventID Qualifiers=\"\">2100</EventID>\n<Version>1</Version>\n<Level>4</Level>\n<Task>37</Task>\n<Opcode>1</Opcode>\n<Keywords>0x8000000000000000</Keywords>\n<TimeCreated SystemTime=\"2014-02-11 14:42:19.346724+00:00\"></TimeCreated>\n<EventRecordID>281</EventRecordID>\n<Correlation ActivityID=\"\" RelatedActivityID=\"\"></Correlation>\n<Execution ProcessID=\"288\" ThreadID=\"956\"></Execution>\n<Channel>Microsoft-Windows-DriverFrameworks-UserMode/Operational</Channel>\n<Computer>IACIS-HDD-2014</Computer>\n<Security UserID=\"S-1-5-19\"></Security>\n</System>\n<UserData><UMDFHostDeviceRequest instance=\"WPDBUSENUMROOT\\UMB\\2&amp;37C186B&amp;0&amp;STORAGE#VOLUME#_??_USBSTOR#DISK&amp;VEN_GENERIC&amp;PROD_STORAGE_DEVICE&amp;REV_9344#0301936251&amp;3#\" lifetime=\"{56b873db-6d9a-4fd0-b8dc-6dee63c2a346}\" xmlns:auto-ns2=\"http://schemas.microsoft.com/win/2004/08/events\" xmlns=\"http://www.microsoft.com/DriverFrameworks/UserMode/Event\"><Request major=\"27\" minor=\"23\"><Argument>0x0000000000000000</Argument>\n<Argument>0x0000000000000000</Argument>\n<Argument>0x0000000000000000</Argument>\n<Argument>0x0000000000000000</Argument>\n</Request>\n<Status>3221225659</Status>\n</UMDFHostDeviceRequest>\n</UserData>\n</Event>\n"
  },
  {
    "EventID": 2102,
    "Timestamp": "2014-02-11 14:42:19.346724+00:00",
    "Computer": "IACIS-HDD-2014",
    "Channel": "Microsoft-Windows-DriverFrameworks-UserMode/Operational",
    "Level": "Information",
    "EventData": {},
    "RawXml": "<Event xmlns=\"http://schemas.microsoft.com/win/2004/08/events/event\"><System><Provider Name=\"Microsoft-Windows-DriverFrameworks-UserMode\" Guid=\"{2e35aaeb-857f-4beb-a418-2e6c0e54d988}\"></Provider>\n<EventID Qualifiers=\"\">2102</EventID>\n<Version>1</Version>\n<Level>4</Level>\n<Task>37</Task>\n<Opcode>2</Opcode>\n<Keywords>0x8000000000000000</Keywords>\n<TimeCreated SystemTime=\"2014-02-11 14:42:19.346724+00:00\"></TimeCreated>\n<EventRecordID>282</EventRecordID>\n<Correlation ActivityID=\"\" RelatedActivityID=\"\"></Correlation>\n<Execution ProcessID=\"288\" ThreadID=\"956\"></Execution>\n<Channel>Microsoft-Windows-DriverFrameworks-UserMode/Operational</Channel>\n<Computer>IACIS-HDD-2014</Computer>\n<Security UserID=\"S-1-5-19\"></Security>\n</System>\n<UserData><UMDFHostDeviceRequest instance=\"WPDBUSENUMROOT\\UMB\\2&amp;37C186B&amp;0&amp;STORAGE#VOLUME#_??_USBSTOR#DISK&amp;VEN_GENERIC&amp;PROD_STORAGE_DEVICE&amp;REV_9344#0301936251&amp;3#\" lifetime=\"{56b873db-6d9a-4fd0-b8dc-6dee63c2a346}\" xmlns:auto-ns2=\"http://schemas.microsoft.com/win/2004/08/events\" xmlns=\"http://www.microsoft.com/DriverFrameworks/UserMode/Event\"><Request major=\"27\" minor=\"23\"><Argument>0x0000000000000000</Argument>\n<Argument>0x0000000000000000</Argument>\n<Argument>0x0000000000000000</Argument>\n<Argument>0x0000000000000000</Argument>\n</Request>\n<Status>3221225659</Status>\n</UMDFHostDeviceRequest>\n</UserData>\n</Event>\n"
  },
  {
    "EventID": 2100,
    "Timestamp": "2014-02-11 14:42:19.393524+00:00",
    "Computer": "IACIS-HDD-2014",
    "Channel": "Microsoft-Windows-DriverFrameworks-UserMode/Operational",
    "Level": "Information",
    "EventData": {},
    "RawXml": "<Event xmlns=\"http://schemas.microsoft.com/win/2004/08/events/event\"><System><Provider Name=\"Microsoft-Windows-DriverFrameworks-UserMode\" Guid=\"{2e35aaeb-857f-4beb-a418-2e6c0e54d988}\"></Provider>\n<EventID Qualifiers=\"\">2100</EventID>\n<Version>1</Version>\n<Level>4</Level>\n<Task>37</Task>\n<Opcode>1</Opcode>\n<Keywords>0x8000000000000000</Keywords>\n<TimeCreated SystemTime=\"2014-02-11 14:42:19.393524+00:00\"></TimeCreated>\n<EventRecordID>283</EventRecordID>\n<Correlation ActivityID=\"\" RelatedActivityID=\"\"></Correlation>\n<Execution ProcessID=\"288\" ThreadID=\"956\"></Execution>\n<Channel>Microsoft-Windows-DriverFrameworks-UserMode/Operational</Channel>\n<Computer>IACIS-HDD-2014</Computer>\n<Security UserID=\"S-1-5-19\"></Security>\n</System>\n<UserData><UMDFHostDeviceRequest instance=\"WPDBUSENUMROOT\\UMB\\2&amp;37C186B&amp;0&amp;STORAGE#VOLUME#_??_USBSTOR#DISK&amp;VEN_GENERIC&amp;PROD_STORAGE_DEVICE&amp;REV_9344#0301936251&amp;3#\" lifetime=\"{56b873db-6d9a-4fd0-b8dc-6dee63c2a346}\" xmlns:auto-ns2=\"http://schemas.microsoft.com/win/2004/08/events\" xmlns=\"http://www.microsoft.com/DriverFrameworks/UserMode/Event\"><Request major=\"27\" minor=\"2\"><Argument>0x0000000000000000</Argument>\n<Argument>0x0000000000000000</Argument>\n<Argument>0x0000000000000000</Argument>\n<Argument>0x0000000000000000</Argument>\n</Request>\n<Status>3221225659</Status>\n</UMDFHostDeviceRequest>\n</UserData>\n</Event>\n"
  },
  {
    "EventID": 2102,
    "Timestamp": "2014-02-11 14:42:19.393524+00:00",
    "Computer": "IACIS-HDD-2014",
    "Channel": "Microsoft-Windows-DriverFrameworks-UserMode/Operational",
    "Level": "Information",
    "EventData": {},
    "RawXml": "<Event xmlns=\"http://schemas.microsoft.com/win/2004/08/events/event\"><System><Provider Name=\"Microsoft-Windows-DriverFrameworks-UserMode\" Guid=\"{2e35aaeb-857f-4beb-a418-2e6c0e54d988}\"></Provider>\n<EventID Qualifiers=\"\">2102</EventID>\n<Version>1</Version>\n<Level>4</Level>\n<Task>37</Task>\n<Opcode>2</Opcode>\n<Keywords>0x8000000000000000</Keywords>\n<TimeCreated SystemTime=\"2014-02-11 14:42:19.393524+00:00\"></TimeCreated>\n<EventRecordID>284</EventRecordID>\n<Correlation ActivityID=\"\" RelatedActivityID=\"\"></Correlation>\n<Execution ProcessID=\"288\" ThreadID=\"956\"></Execution>\n<Channel>Microsoft-Windows-DriverFrameworks-UserMode/Operational</Channel>\n<Computer>IACIS-HDD-2014</Computer>\n<Security UserID=\"S-1-5-19\"></Security>\n</System>\n<UserData><UMDFHostDeviceRequest instance=\"WPDBUSENUMROOT\\UMB\\2&amp;37C186B&amp;0&amp;STORAGE#VOLUME#_??_USBSTOR#DISK&amp;VEN_GENERIC&amp;PROD_STORAGE_DEVICE&amp;REV_9344#0301936251&amp;3#\" lifetime=\"{56b873db-6d9a-4fd0-b8dc-6dee63c2a346}\" xmlns:auto-ns2=\"http://schemas.microsoft.com/win/2004/08/events\" xmlns=\"http://www.microsoft.com/DriverFrameworks/UserMode/Event\"><Request major=\"27\" minor=\"2\"><Argument>0x0000000000000000</Argument>\n<Argument>0x0000000000000000</Argument>\n<Argument>0x0000000000000000</Argument>\n<Argument>0x0000000000000000</Argument>\n</Request>\n<Status>3221225659</Status>\n</UMDFHostDeviceRequest>\n</UserData>\n</Event>\n"
  },
  {
    "EventID": 2100,
    "Timestamp": "2014-02-11 14:42:19.411123+00:00",
    "Computer": "IACIS-HDD-2014",
    "Channel": "Microsoft-Windows-DriverFrameworks-UserMode/Operational",
    "Level": "Information",
    "EventData": {},
    "RawXml": "<Event xmlns=\"http://schemas.microsoft.com/win/2004/08/events/event\"><System><Provider Name=\"Microsoft-Windows-DriverFrameworks-UserMode\" Guid=\"{2e35aaeb-857f-4beb-a418-2e6c0e54d988}\"></Provider>\n<EventID Qualifiers=\"\">2100</EventID>\n<Version>1</Version>\n<Level>4</Level>\n<Task>37</Task>\n<Opcode>1</Opcode>\n<Keywords>0x8000000000000000</Keywords>\n<TimeCreated SystemTime=\"2014-02-11 14:42:19.411123+00:00\"></TimeCreated>\n<EventRecordID>285</EventRecordID>\n<Correlation ActivityID=\"\" RelatedActivityID=\"\"></Correlation>\n<Execution ProcessID=\"288\" ThreadID=\"956\"></Execution>\n<Channel>Microsoft-Windows-DriverFrameworks-UserMode/Operational</Channel>\n<Computer>IACIS-HDD-2014</Computer>\n<Security UserID=\"S-1-5-19\"></Security>\n</System>\n<UserData><UMDFHostDeviceRequest instance=\"WPDBUSENUMROOT\\UMB\\2&amp;37C186B&amp;0&amp;STORAGE#VOLUME#_??_USBSTOR#DISK&amp;VEN_GENERIC&amp;PROD_STORAGE_DEVICE&amp;REV_9344#0301936251&amp;0#\" lifetime=\"{56b873db-6d9a-4fd0-b8dc-6dee63c2a346}\" xmlns:auto-ns2=\"http://schemas.microsoft.com/win/2004/08/events\" xmlns=\"http://www.microsoft.com/DriverFrameworks/UserMode/Event\"><Request major=\"27\" minor=\"23\"><Argument>0x0000000000000000</Argument>\n<Argument>0x0000000000000000</Argument>\n<Argument>0x0000000000000000</Argument>\n<Argument>0x0000000000000000</Argument>\n</Request>\n<Status>3221225659</Status>\n</UMDFHostDeviceRequest>\n</UserData>\n</Event>\n"
  },
  {
    "EventID": 2102,
    "Timestamp": "2014-02-11 14:42:19.411123+00:00",
    "Computer": "IACIS-HDD-2014",
    "Channel": "Microsoft-Windows-DriverFrameworks-UserMode/Operational",
    "Level": "Information",
    "EventData": {},
    "RawXml": "<Event xmlns=\"http://schemas.microsoft.com/win/2004/08/events/event\"><System><Provider Name=\"Microsoft-Windows-DriverFrameworks-UserMode\" Guid=\"{2e35aaeb-857f-4beb-a418-2e6c0e54d988}\"></Provider>\n<EventID Qualifiers=\"\">2102</EventID>\n<Version>1</Version>\n<Level>4</Level>\n<Task>37</Task>\n<Opcode>2</Opcode>\n<Keywords>0x8000000000000000</Keywords>\n<TimeCreated SystemTime=\"2014-02-11 14:42:19.411123+00:00\"></TimeCreated>\n<EventRecordID>286</EventRecordID>\n<Correlation ActivityID=\"\" RelatedActivityID=\"\"></Correlation>\n<Execution ProcessID=\"288\" ThreadID=\"956\"></Execution>\n<Channel>Microsoft-Windows-DriverFrameworks-UserMode/Operational</Channel>\n<Computer>IACIS-HDD-2014</Computer>\n<Security UserID=\"S-1-5-19\"></Security>\n</System>\n<UserData><UMDFHostDeviceRequest instance=\"WPDBUSENUMROOT\\UMB\\2&amp;37C186B&amp;0&amp;STORAGE#VOLUME#_??_USBSTOR#DISK&amp;VEN_GENERIC&amp;PROD_STORAGE_DEVICE&amp;REV_9344#0301936251&amp;0#\" lifetime=\"{56b873db-6d9a-4fd0-b8dc-6dee63c2a346}\" xmlns:auto-ns2=\"http://schemas.microsoft.com/win/2004/08/events\" xmlns=\"http://www.microsoft.com/DriverFrameworks/UserMode/Event\"><Request major=\"27\" minor=\"23\"><Argument>0x0000000000000000</Argument>\n<Argument>0x0000000000000000</Argument>\n<Argument>0x0000000000000000</Argument>\n<Argument>0x0000000000000000</Argument>\n</Request>\n<Status>3221225659</Status>\n</UMDFHostDeviceRequest>\n</UserData>\n</Event>\n"
  },
  {
    "EventID": 2100,
    "Timestamp": "2014-02-11 14:42:19.431124+00:00",
    "Computer": "IACIS-HDD-2014",
    "Channel": "Microsoft-Windows-DriverFrameworks-UserMode/Operational",
    "Level": "Information",
    "EventData": {},
    "RawXml": "<Event xmlns=\"http://schemas.microsoft.com/win/2004/08/events/event\"><System><Provider Name=\"Microsoft-Windows-DriverFrameworks-UserMode\" Guid=\"{2e35aaeb-857f-4beb-a418-2e6c0e54d988}\"></Provider>\n<EventID Qualifiers=\"\">2100</EventID>\n<Version>1</Version>\n<Level>4</Level>\n<Task>37</Task>\n<Opcode>1</Opcode>\n<Keywords>0x8000000000000000</Keywords>\n<TimeCreated SystemTime=\"2014-02-11 14:42:19.431124+00:00\"></TimeCreated>\n<EventRecordID>287</EventRecordID>\n<Correlation ActivityID=\"\" RelatedActivityID=\"\"></Correlation>\n<Execution ProcessID=\"288\" ThreadID=\"956\"></Execution>\n<Channel>Microsoft-Windows-DriverFrameworks-UserMode/Operational</Channel>\n<Computer>IACIS-HDD-2014</Computer>\n<Security UserID=\"S-1-5-19\"></Security>\n</System>\n<UserData><UMDFHostDeviceRequest instance=\"WPDBUSENUMROOT\\UMB\\2&amp;37C186B&amp;0&amp;STORAGE#VOLUME#_??_USBSTOR#DISK&amp;VEN_GENERIC&amp;PROD_STORAGE_DEVICE&amp;REV_9344#0301936251&amp;0#\" lifetime=\"{56b873db-6d9a-4fd0-b8dc-6dee63c2a346}\" xmlns:auto-ns2=\"http://schemas.microsoft.com/win/2004/08/events\" xmlns=\"http://www.microsoft.com/DriverFrameworks/UserMode/Event\"><Request major=\"27\" minor=\"2\"><Argument>0x0000000000000000</Argument>\n<Argument>0x0000000000000000</Argument>\n<Argument>0x0000000000000000</Argument>\n<Argument>0x0000000000000000</Argument>\n</Request>\n<Status>3221225659</Status>\n</UMDFHostDeviceRequest>\n</UserData>\n</Event>\n"
  },
  {
    "EventID": 2102,
    "Timestamp": "2014-02-11 14:42:19.431124+00:00",
    "Computer": "IACIS-HDD-2014",
    "Channel": "Microsoft-Windows-DriverFrameworks-UserMode/Operational",
    "Level": "Information",
    "EventData": {},
    "RawXml": "<Event xmlns=\"http://schemas.microsoft.com/win/2004/08/events/event\"><System><Provider Name=\"Microsoft-Windows-DriverFrameworks-UserMode\" Guid=\"{2e35aaeb-857f-4beb-a418-2e6c0e54d988}\"></Provider>\n<EventID Qualifiers=\"\">2102</EventID>\n<Version>1</Version>\n<Level>4</Level>\n<Task>37</Task>\n<Opcode>2</Opcode>\n<Keywords>0x8000000000000000</Keywords>\n<TimeCreated SystemTime=\"2014-02-11 14:42:19.431124+00:00\"></TimeCreated>\n<EventRecordID>288</EventRecordID>\n<Correlation ActivityID=\"\" RelatedActivityID=\"\"></Correlation>\n<Execution ProcessID=\"288\" ThreadID=\"956\"></Execution>\n<Channel>Microsoft-Windows-DriverFrameworks-UserMode/Operational</Channel>\n<Computer>IACIS-HDD-2014</Computer>\n<Security UserID=\"S-1-5-19\"></Security>\n</System>\n<UserData><UMDFHostDeviceRequest instance=\"WPDBUSENUMROOT\\UMB\\2&amp;37C186B&amp;0&amp;STORAGE#VOLUME#_??_USBSTOR#DISK&amp;VEN_GENERIC&amp;PROD_STORAGE_DEVICE&amp;REV_9344#0301936251&amp;0#\" lifetime=\"{56b873db-6d9a-4fd0-b8dc-6dee63c2a346}\" xmlns:auto-ns2=\"http://schemas.microsoft.com/win/2004/08/events\" xmlns=\"http://www.microsoft.com/DriverFrameworks/UserMode/Event\"><Request major=\"27\" minor=\"2\"><Argument>0x0000000000000000</Argument>\n<Argument>0x0000000000000000</Argument>\n<Argument>0x0000000000000000</Argument>\n<Argument>0x0000000000000000</Argument>\n</Request>\n<Status>3221225659</Status>\n</UMDFHostDeviceRequest>\n</UserData>\n</Event>\n"
  },
  {
    "EventID": 2100,
    "Timestamp": "2014-02-11 14:42:19.472126+00:00",
    "Computer": "IACIS-HDD-2014",
    "Channel": "Microsoft-Windows-DriverFrameworks-UserMode/Operational",
    "Level": "Information",
    "EventData": {},
    "RawXml": "<Event xmlns=\"http://schemas.microsoft.com/win/2004/08/events/event\"><System><Provider Name=\"Microsoft-Windows-DriverFrameworks-UserMode\" Guid=\"{2e35aaeb-857f-4beb-a418-2e6c0e54d988}\"></Provider>\n<EventID Qualifiers=\"\">2100</EventID>\n<Version>1</Version>\n<Level>4</Level>\n<Task>37</Task>\n<Opcode>1</Opcode>\n<Keywords>0x8000000000000000</Keywords>\n<TimeCreated SystemTime=\"2014-02-11 14:42:19.472126+00:00\"></TimeCreated>\n<EventRecordID>289</EventRecordID>\n<Correlation ActivityID=\"\" RelatedActivityID=\"\"></Correlation>\n<Execution ProcessID=\"288\" ThreadID=\"956\"></Execution>\n<Channel>Microsoft-Windows-DriverFrameworks-UserMode/Operational</Channel>\n<Computer>IACIS-HDD-2014</Computer>\n<Security UserID=\"S-1-5-19\"></Security>\n</System>\n<UserData><UMDFHostDeviceRequest instance=\"WPDBUSENUMROOT\\UMB\\2&amp;37C186B&amp;0&amp;STORAGE#VOLUME#_??_USBSTOR#DISK&amp;VEN_GENERIC&amp;PROD_STORAGE_DEVICE&amp;REV_9344#0301936251&amp;2#\" lifetime=\"{56b873db-6d9a-4fd0-b8dc-6dee63c2a346}\" xmlns:auto-ns2=\"http://schemas.microsoft.com/win/2004/08/events\" xmlns=\"http://www.microsoft.com/DriverFrameworks/UserMode/Event\"><Request major=\"27\" minor=\"23\"><Argument>0x0000000000000000</Argument>\n<Argument>0x0000000000000000</Argument>\n<Argument>0x0000000000000000</Argument>\n<Argument>0x0000000000000000</Argument>\n</Request>\n<Status>3221225659</Status>\n</UMDFHostDeviceRequest>\n</UserData>\n</Event>\n"
  },
  {
    "EventID": 2102,
    "Timestamp": "2014-02-11 14:42:19.473125+00:00",
    "Computer": "IACIS-HDD-2014",
    "Channel": "Microsoft-Windows-DriverFrameworks-UserMode/Operational",
    "Level": "Information",
    "EventData": {},
    "RawXml": "<Event xmlns=\"http://schemas.microsoft.com/win/2004/08/events/event\"><System><Provider Name=\"Microsoft-Windows-DriverFrameworks-UserMode\" Guid=\"{2e35aaeb-857f-4beb-a418-2e6c0e54d988}\"></Provider>\n<EventID Qualifiers=\"\">2102</EventID>\n<Version>1</Version>\n<Level>4</Level>\n<Task>37</Task>\n<Opcode>2</Opcode>\n<Keywords>0x8000000000000000</Keywords>\n<TimeCreated SystemTime=\"2014-02-11 14:42:19.473125+00:00\"></TimeCreated>\n<EventRecordID>290</EventRecordID>\n<Correlation ActivityID=\"\" RelatedActivityID=\"\"></Correlation>\n<Execution ProcessID=\"288\" ThreadID=\"956\"></Execution>\n<Channel>Microsoft-Windows-DriverFrameworks-UserMode/Operational</Channel>\n<Computer>IACIS-HDD-2014</Computer>\n<Security UserID=\"S-1-5-19\"></Security>\n</System>\n<UserData><UMDFHostDeviceRequest instance=\"WPDBUSENUMROOT\\UMB\\2&amp;37C186B&amp;0&amp;STORAGE#VOLUME#_??_USBSTOR#DISK&amp;VEN_GENERIC&amp;PROD_STORAGE_DEVICE&amp;REV_9344#0301936251&amp;2#\" lifetime=\"{56b873db-6d9a-4fd0-b8dc-6dee63c2a346}\" xmlns:auto-ns2=\"http://schemas.microsoft.com/win/2004/08/events\" xmlns=\"http://www.microsoft.com/DriverFrameworks/UserMode/Event\"><Request major=\"27\" minor=\"23\"><Argument>0x0000000000000000</Argument>\n<Argument>0x0000000000000000</Argument>\n<Argument>0x0000000000000000</Argument>\n<Argument>0x0000000000000000</Argument>\n</Request>\n<Status>3221225659</Status>\n</UMDFHostDeviceRequest>\n</UserData>\n</Event>\n"
  },
  {
    "EventID": 2100,
    "Timestamp": "2014-02-11 14:42:19.479126+00:00",
    "Computer": "IACIS-HDD-2014",
    "Channel": "Microsoft-Windows-DriverFrameworks-UserMode/Operational",
    "Level": "Information",
    "EventData": {},
    "RawXml": "<Event xmlns=\"http://schemas.microsoft.com/win/2004/08/events/event\"><System><Provider Name=\"Microsoft-Windows-DriverFrameworks-UserMode\" Guid=\"{2e35aaeb-857f-4beb-a418-2e6c0e54d988}\"></Provider>\n<EventID Qualifiers=\"\">2100</EventID>\n<Version>1</Version>\n<Level>4</Level>\n<Task>37</Task>\n<Opcode>1</Opcode>\n<Keywords>0x8000000000000000</Keywords>\n<TimeCreated SystemTime=\"2014-02-11 14:42:19.479126+00:00\"></TimeCreated>\n<EventRecordID>291</EventRecordID>\n<Correlation ActivityID=\"\" RelatedActivityID=\"\"></Correlation>\n<Execution ProcessID=\"288\" ThreadID=\"956\"></Execution>\n<Channel>Microsoft-Windows-DriverFrameworks-UserMode/Operational</Channel>\n<Computer>IACIS-HDD-2014</Computer>\n<Security UserID=\"S-1-5-19\"></Security>\n</System>\n<UserData><UMDFHostDeviceRequest instance=\"WPDBUSENUMROOT\\UMB\\2&amp;37C186B&amp;0&amp;STORAGE#VOLUME#_??_USBSTOR#DISK&amp;VEN_GENERIC&amp;PROD_STORAGE_DEVICE&amp;REV_9344#0301936251&amp;2#\" lifetime=\"{56b873db-6d9a-4fd0-b8dc-6dee63c2a346}\" xmlns:auto-ns2=\"http://schemas.microsoft.com/win/2004/08/events\" xmlns=\"http://www.microsoft.com/DriverFrameworks/UserMode/Event\"><Request major=\"27\" minor=\"2\"><Argument>0x0000000000000000</Argument>\n<Argument>0x0000000000000000</Argument>\n<Argument>0x0000000000000000</Argument>\n<Argument>0x0000000000000000</Argument>\n</Request>\n<Status>3221225659</Status>\n</UMDFHostDeviceRequest>\n</UserData>\n</Event>\n"
  },
  {
    "EventID": 2102,
    "Timestamp": "2014-02-11 14:42:19.479126+00:00",
    "Computer": "IACIS-HDD-2014",
    "Channel": "Microsoft-Windows-DriverFrameworks-UserMode/Operational",
    "Level": "Information",
    "EventData": {},
    "RawXml": "<Event xmlns=\"http://schemas.microsoft.com/win/2004/08/events/event\"><System><Provider Name=\"Microsoft-Windows-DriverFrameworks-UserMode\" Guid=\"{2e35aaeb-857f-4beb-a418-2e6c0e54d988}\"></Provider>\n<EventID Qualifiers=\"\">2102</EventID>\n<Version>1</Version>\n<Level>4</Level>\n<Task>37</Task>\n<Opcode>2</Opcode>\n<Keywords>0x8000000000000000</Keywords>\n<TimeCreated SystemTime=\"2014-02-11 14:42:19.479126+00:00\"></TimeCreated>\n<EventRecordID>292</EventRecordID>\n<Correlation ActivityID=\"\" RelatedActivityID=\"\"></Correlation>\n<Execution ProcessID=\"288\" ThreadID=\"956\"></Execution>\n<Channel>Microsoft-Windows-DriverFrameworks-UserMode/Operational</Channel>\n<Computer>IACIS-HDD-2014</Computer>\n<Security UserID=\"S-1-5-19\"></Security>\n</System>\n<UserData><UMDFHostDeviceRequest instance=\"WPDBUSENUMROOT\\UMB\\2&amp;37C186B&amp;0&amp;STORAGE#VOLUME#_??_USBSTOR#DISK&amp;VEN_GENERIC&amp;PROD_STORAGE_DEVICE&amp;REV_9344#0301936251&amp;2#\" lifetime=\"{56b873db-6d9a-4fd0-b8dc-6dee63c2a346}\" xmlns:auto-ns2=\"http://schemas.microsoft.com/win/2004/08/events\" xmlns=\"http://www.microsoft.com/DriverFrameworks/UserMode/Event\"><Request major=\"27\" minor=\"2\"><Argument>0x0000000000000000</Argument>\n<Argument>0x0000000000000000</Argument>\n<Argument>0x0000000000000000</Argument>\n<Argument>0x0000000000000000</Argument>\n</Request>\n<Status>3221225659</Status>\n</UMDFHostDeviceRequest>\n</UserData>\n</Event>\n"
  },
  {
    "EventID": 2100,
    "Timestamp": "2014-02-11 14:42:19.533129+00:00",
    "Computer": "IACIS-HDD-2014",
    "Channel": "Microsoft-Windows-DriverFrameworks-UserMode/Operational",
    "Level": "Information",
    "EventData": {},
    "RawXml": "<Event xmlns=\"http://schemas.microsoft.com/win/2004/08/events/event\"><System><Provider Name=\"Microsoft-Windows-DriverFrameworks-UserMode\" Guid=\"{2e35aaeb-857f-4beb-a418-2e6c0e54d988}\"></Provider>\n<EventID Qualifiers=\"\">2100</EventID>\n<Version>1</Version>\n<Level>4</Level>\n<Task>37</Task>\n<Opcode>1</Opcode>\n<Keywords>0x8000000000000000</Keywords>\n<TimeCreated SystemTime=\"2014-02-11 14:42:19.533129+00:00\"></TimeCreated>\n<EventRecordID>293</EventRecordID>\n<Correlation ActivityID=\"\" RelatedActivityID=\"\"></Correlation>\n<Execution ProcessID=\"288\" ThreadID=\"956\"></Execution>\n<Channel>Microsoft-Windows-DriverFrameworks-UserMode/Operational</Channel>\n<Computer>IACIS-HDD-2014</Computer>\n<Security UserID=\"S-1-5-19\"></Security>\n</System>\n<UserData><UMDFHostDeviceRequest instance=\"WPDBUSENUMROOT\\UMB\\2&amp;37C186B&amp;0&amp;STORAGE#VOLUME#_??_USBSTOR#DISK&amp;VEN_GENERIC&amp;PROD_STORAGE_DEVICE&amp;REV_9344#0301936251&amp;1#\" lifetime=\"{56b873db-6d9a-4fd0-b8dc-6dee63c2a346}\" xmlns:auto-ns2=\"http://schemas.microsoft.com/win/2004/08/events\" xmlns=\"http://www.microsoft.com/DriverFrameworks/UserMode/Event\"><Request major=\"27\" minor=\"23\"><Argument>0x0000000000000000</Argument>\n<Argument>0x0000000000000000</Argument>\n<Argument>0x0000000000000000</Argument>\n<Argument>0x0000000000000000</Argument>\n</Request>\n<Status>3221225659</Status>\n</UMDFHostDeviceRequest>\n</UserData>\n</Event>\n"
  },
  {
    "EventID": 2102,
    "Timestamp": "2014-02-11 14:42:19.533129+00:00",
    "Computer": "IACIS-HDD-2014",
    "Channel": "Microsoft-Windows-DriverFrameworks-UserMode/Operational",
    "Level": "Information",
    "EventData": {},
    "RawXml": "<Event xmlns=\"http://schemas.microsoft.com/win/2004/08/events/event\"><System><Provider Name=\"Microsoft-Windows-DriverFrameworks-UserMode\" Guid=\"{2e35aaeb-857f-4beb-a418-2e6c0e54d988}\"></Provider>\n<EventID Qualifiers=\"\">2102</EventID>\n<Version>1</Version>\n<Level>4</Level>\n<Task>37</Task>\n<Opcode>2</Opcode>\n<Keywords>0x8000000000000000</Keywords>\n<TimeCreated SystemTime=\"2014-02-11 14:42:19.533129+00:00\"></TimeCreated>\n<EventRecordID>294</EventRecordID>\n<Correlation ActivityID=\"\" RelatedActivityID=\"\"></Correlation>\n<Execution ProcessID=\"288\" ThreadID=\"956\"></Execution>\n<Channel>Microsoft-Windows-DriverFrameworks-UserMode/Operational</Channel>\n<Computer>IACIS-HDD-2014</Computer>\n<Security UserID=\"S-1-5-19\"></Security>\n</System>\n<UserData><UMDFHostDeviceRequest instance=\"WPDBUSENUMROOT\\UMB\\2&amp;37C186B&amp;0&amp;STORAGE#VOLUME#_??_USBSTOR#DISK&amp;VEN_GENERIC&amp;PROD_STORAGE_DEVICE&amp;REV_9344#0301936251&amp;1#\" lifetime=\"{56b873db-6d9a-4fd0-b8dc-6dee63c2a346}\" xmlns:auto-ns2=\"http://schemas.microsoft.com/win/2004/08/events\" xmlns=\"http://www.microsoft.com/DriverFrameworks/UserMode/Event\"><Request major=\"27\" minor=\"23\"><Argument>0x0000000000000000</Argument>\n<Argument>0x0000000000000000</Argument>\n<Argument>0x0000000000000000</Argument>\n<Argument>0x0000000000000000</Argument>\n</Request>\n<Status>3221225659</Status>\n</UMDFHostDeviceRequest>\n</UserData>\n</Event>\n"
  },
  {
    "EventID": 2100,
    "Timestamp": "2014-02-11 14:42:19.543129+00:00",
    "Computer": "IACIS-HDD-2014",
    "Channel": "Microsoft-Windows-DriverFrameworks-UserMode/Operational",
    "Level": "Information",
    "EventData": {},
    "RawXml": "<Event xmlns=\"http://schemas.microsoft.com/win/2004/08/events/event\"><System><Provider Name=\"Microsoft-Windows-DriverFrameworks-UserMode\" Guid=\"{2e35aaeb-857f-4beb-a418-2e6c0e54d988}\"></Provider>\n<EventID Qualifiers=\"\">2100</EventID>\n<Version>1</Version>\n<Level>4</Level>\n<Task>37</Task>\n<Opcode>1</Opcode>\n<Keywords>0x8000000000000000</Keywords>\n<TimeCreated SystemTime=\"2014-02-11 14:42:19.543129+00:00\"></TimeCreated>\n<EventRecordID>295</EventRecordID>\n<Correlation ActivityID=\"\" RelatedActivityID=\"\"></Correlation>\n<Execution ProcessID=\"288\" ThreadID=\"956\"></Execution>\n<Channel>Microsoft-Windows-DriverFrameworks-UserMode/Operational</Channel>\n<Computer>IACIS-HDD-2014</Computer>\n<Security UserID=\"S-1-5-19\"></Security>\n</System>\n<UserData><UMDFHostDeviceRequest instance=\"WPDBUSENUMROOT\\UMB\\2&amp;37C186B&amp;0&amp;STORAGE#VOLUME#_??_USBSTOR#DISK&amp;VEN_GENERIC&amp;PROD_STORAGE_DEVICE&amp;REV_9344#0301936251&amp;1#\" lifetime=\"{56b873db-6d9a-4fd0-b8dc-6dee63c2a346}\" xmlns:auto-ns2=\"http://schemas.microsoft.com/win/2004/08/events\" xmlns=\"http://www.microsoft.com/DriverFrameworks/UserMode/Event\"><Request major=\"27\" minor=\"2\"><Argument>0x0000000000000000</Argument>\n<Argument>0x0000000000000000</Argument>\n<Argument>0x0000000000000000</Argument>\n<Argument>0x0000000000000000</Argument>\n</Request>\n<Status>3221225659</Status>\n</UMDFHostDeviceRequest>\n</UserData>\n</Event>\n"
  },
  {
    "EventID": 2102,
    "Timestamp": "2014-02-11 14:42:19.543129+00:00",
    "Computer": "IACIS-HDD-2014",
    "Channel": "Microsoft-Windows-DriverFrameworks-UserMode/Operational",
    "Level": "Information",
    "EventData": {},
    "RawXml": "<Event xmlns=\"http://schemas.microsoft.com/win/2004/08/events/event\"><System><Provider Name=\"Microsoft-Windows-DriverFrameworks-UserMode\" Guid=\"{2e35aaeb-857f-4beb-a418-2e6c0e54d988}\"></Provider>\n<EventID Qualifiers=\"\">2102</EventID>\n<Version>1</Version>\n<Level>4</Level>\n<Task>37</Task>\n<Opcode>2</Opcode>\n<Keywords>0x8000000000000000</Keywords>\n<TimeCreated SystemTime=\"2014-02-11 14:42:19.543129+00:00\"></TimeCreated>\n<EventRecordID>296</EventRecordID>\n<Correlation ActivityID=\"\" RelatedActivityID=\"\"></Correlation>\n<Execution ProcessID=\"288\" ThreadID=\"956\"></Execution>\n<Channel>Microsoft-Windows-DriverFrameworks-UserMode/Operational</Channel>\n<Computer>IACIS-HDD-2014</Computer>\n<Security UserID=\"S-1-5-19\"></Security>\n</System>\n<UserData><UMDFHostDeviceRequest instance=\"WPDBUSENUMROOT\\UMB\\2&amp;37C186B&amp;0&amp;STORAGE#VOLUME#_??_USBSTOR#DISK&amp;VEN_GENERIC&amp;PROD_STORAGE_DEVICE&amp;REV_9344#0301936251&amp;1#\" lifetime=\"{56b873db-6d9a-4fd0-b8dc-6dee63c2a346}\" xmlns:auto-ns2=\"http://schemas.microsoft.com/win/2004/08/events\" xmlns=\"http://www.microsoft.com/DriverFrameworks/UserMode/Event\"><Request major=\"27\" minor=\"2\"><Argument>0x0000000000000000</Argument>\n<Argument>0x0000000000000000</Argument>\n<Argument>0x0000000000000000</Argument>\n<Argument>0x0000000000000000</Argument>\n</Request>\n<Status>3221225659</Status>\n</UMDFHostDeviceRequest>\n</UserData>\n</Event>\n"
  },
  {
    "EventID": 1006,
    "Timestamp": "2014-02-11 14:42:19.543129+00:00",
    "Computer": "IACIS-HDD-2014",
    "Channel": "Microsoft-Windows-DriverFrameworks-UserMode/Operational",
    "Level": "Information",
    "EventData": {},
    "RawXml": "<Event xmlns=\"http://schemas.microsoft.com/win/2004/08/events/event\"><System><Provider Name=\"Microsoft-Windows-DriverFrameworks-UserMode\" Guid=\"{2e35aaeb-857f-4beb-a418-2e6c0e54d988}\"></Provider>\n<EventID Qualifiers=\"\">1006</EventID>\n<Version>1</Version>\n<Level>4</Level>\n<Task>18</Task>\n<Opcode>1</Opcode>\n<Keywords>0x8000000000000000</Keywords>\n<TimeCreated SystemTime=\"2014-02-11 14:42:19.543129+00:00\"></TimeCreated>\n<EventRecordID>297</EventRecordID>\n<Correlation ActivityID=\"\" RelatedActivityID=\"\"></Correlation>\n<Execution ProcessID=\"912\" ThreadID=\"380\"></Execution>\n<Channel>Microsoft-Windows-DriverFrameworks-UserMode/Operational</Channel>\n<Computer>IACIS-HDD-2014</Computer>\n<Security UserID=\"S-1-5-18\"></Security>\n</System>\n<UserData><UMDFDriverManagerHostShutdown lifetime=\"{56b873db-6d9a-4fd0-b8dc-6dee63c2a346}\" xmlns:auto-ns2=\"http://schemas.microsoft.com/win/2004/08/events\" xmlns=\"http://www.microsoft.com/DriverFrameworks/UserMode/Event\"></UMDFDriverManagerHostShutdown>\n</UserData>\n</Event>\n"
  },
  {
    "EventID": 2900,
    "Timestamp": "2014-02-11 14:42:19.543129+00:00",
    "Computer": "IACIS-HDD-2014",
    "Channel": "Microsoft-Windows-DriverFrameworks-UserMode/Operational",
    "Level": "Information",
    "EventData": {},
    "RawXml": "<Event xmlns=\"http://schemas.microsoft.com/win/2004/08/events/event\"><System><Provider Name=\"Microsoft-Windows-DriverFrameworks-UserMode\" Guid=\"{2e35aaeb-857f-4beb-a418-2e6c0e54d988}\"></Provider>\n<EventID Qualifiers=\"\">2900</EventID>\n<Version>1</Version>\n<Level>4</Level>\n<Task>41</Task>\n<Opcode>1</Opcode>\n<Keywords>0x8000000000000000</Keywords>\n<TimeCreated SystemTime=\"2014-02-11 14:42:19.543129+00:00\"></TimeCreated>\n<EventRecordID>298</EventRecordID>\n<Correlation ActivityID=\"\" RelatedActivityID=\"\"></Correlation>\n<Execution ProcessID=\"288\" ThreadID=\"956\"></Execution>\n<Channel>Microsoft-Windows-DriverFrameworks-UserMode/Operational</Channel>\n<Computer>IACIS-HDD-2014</Computer>\n<Security UserID=\"S-1-5-19\"></Security>\n</System>\n<UserData><UMDFHostShutdown lifetime=\"{56b873db-6d9a-4fd0-b8dc-6dee63c2a346}\" xmlns:auto-ns2=\"http://schemas.microsoft.com/win/2004/08/events\" xmlns=\"http://www.microsoft.com/DriverFrameworks/UserMode/Event\"></UMDFHostShutdown>\n</UserData>\n</Event>\n"
  },
  {
    "EventID": 2901,
    "Timestamp": "2014-02-11 14:42:19.585129+00:00",
    "Computer": "IACIS-HDD-2014",
    "Channel": "Microsoft-Windows-DriverFrameworks-UserMode/Operational",
    "Level": "Information",
    "EventData": {},
    "RawXml": "<Event xmlns=\"http://schemas.microsoft.com/win/2004/08/events/event\"><System><Provider Name=\"Microsoft-Windows-DriverFrameworks-UserMode\" Guid=\"{2e35aaeb-857f-4beb-a418-2e6c0e54d988}\"></Provider>\n<EventID Qualifiers=\"\">2901</EventID>\n<Version>1</Version>\n<Level>4</Level>\n<Task>41</Task>\n<Opcode>2</Opcode>\n<Keywords>0x8000000000000000</Keywords>\n<TimeCreated SystemTime=\"2014-02-11 14:42:19.585129+00:00\"></TimeCreated>\n<EventRecordID>299</EventRecordID>\n<Correlation ActivityID=\"\" RelatedActivityID=\"\"></Correlation>\n<Execution ProcessID=\"288\" ThreadID=\"2116\"></Execution>\n<Channel>Microsoft-Windows-DriverFrameworks-UserMode/Operational</Channel>\n<Computer>IACIS-HDD-2014</Computer>\n<Security UserID=\"S-1-5-19\"></Security>\n</System>\n<UserData><UMDFHostShutdown lifetime=\"{56b873db-6d9a-4fd0-b8dc-6dee63c2a346}\" xmlns:auto-ns2=\"http://schemas.microsoft.com/win/2004/08/events\" xmlns=\"http://www.microsoft.com/DriverFrameworks/UserMode/Event\"></UMDFHostShutdown>\n</UserData>\n</Event>\n"
  },
  {
    "EventID": 1008,
    "Timestamp": "2014-02-11 14:42:19.587130+00:00",
    "Computer": "IACIS-HDD-2014",
    "Channel": "Microsoft-Windows-DriverFrameworks-UserMode/Operational",
    "Level": "Information",
    "EventData": {},
    "RawXml": "<Event xmlns=\"http://schemas.microsoft.com/win/2004/08/events/event\"><System><Provider Name=\"Microsoft-Windows-DriverFrameworks-UserMode\" Guid=\"{2e35aaeb-857f-4beb-a418-2e6c0e54d988}\"></Provider>\n<EventID Qualifiers=\"\">1008</EventID>\n<Version>1</Version>\n<Level>4</Level>\n<Task>18</Task>\n<Opcode>2</Opcode>\n<Keywords>0x8000000000000000</Keywords>\n<TimeCreated SystemTime=\"2014-02-11 14:42:19.587130+00:00\"></TimeCreated>\n<EventRecordID>300</EventRecordID>\n<Correlation ActivityID=\"\" RelatedActivityID=\"\"></Correlation>\n<Execution ProcessID=\"912\" ThreadID=\"380\"></Execution>\n<Channel>Microsoft-Windows-DriverFrameworks-UserMode/Operational</Channel>\n<Computer>IACIS-HDD-2014</Computer>\n<Security UserID=\"S-1-5-18\"></Security>\n</System>\n<UserData><UMDFDriverManagerHostShutdown lifetime=\"{56b873db-6d9a-4fd0-b8dc-6dee63c2a346}\" xmlns:auto-ns2=\"http://schemas.microsoft.com/win/2004/08/events\" xmlns=\"http://www.microsoft.com/DriverFrameworks/UserMode/Event\"><TerminateStatus>0</TerminateStatus>\n<ExitCode>0</ExitCode>\n</UMDFDriverManagerHostShutdown>\n</UserData>\n</Event>\n"
  },
  {
    "EventID": 1003,
    "Timestamp": "2014-02-11 14:42:26.945744+00:00",
    "Computer": "IACIS-HDD-2014",
    "Channel": "Microsoft-Windows-DriverFrameworks-UserMode/Operational",
    "Level": "Information",
    "EventData": {},
    "RawXml": "<Event xmlns=\"http://schemas.microsoft.com/win/2004/08/events/event\"><System><Provider Name=\"Microsoft-Windows-DriverFrameworks-UserMode\" Guid=\"{2e35aaeb-857f-4beb-a418-2e6c0e54d988}\"></Provider>\n<EventID Qualifiers=\"\">1003</EventID>\n<Version>1</Version>\n<Level>4</Level>\n<Task>17</Task>\n<Opcode>1</Opcode>\n<Keywords>0x8000000000000000</Keywords>\n<TimeCreated SystemTime=\"2014-02-11 14:42:26.945744+00:00\"></TimeCreated>\n<EventRecordID>301</EventRecordID>\n<Correlation ActivityID=\"\" RelatedActivityID=\"\"></Correlation>\n<Execution ProcessID=\"912\" ThreadID=\"380\"></Execution>\n<Channel>Microsoft-Windows-DriverFrameworks-UserMode/Operational</Channel>\n<Computer>IACIS-HDD-2014</Computer>\n<Security UserID=\"S-1-5-18\"></Security>\n</System>\n<UserData><UMDFDriverManagerHostCreateStart lifetime=\"{60ca36db-b330-4b96-af92-9e89c46c5a29}\" xmlns:auto-ns2=\"http://schemas.microsoft.com/win/2004/08/events\" xmlns=\"http://www.microsoft.com/DriverFrameworks/UserMode/Event\"><HostGuid>{193a1820-d9ac-4997-8c55-be817523f6aa}</HostGuid>\n<DeviceInstanceId>WPDBUSENUMROOT.UMB.2&amp;37C186B&amp;0&amp;STORAGE#VOLUME#_??_USBSTOR#DISK&amp;VEN_GENERIC&amp;PROD_STORAGE_DEVICE&amp;REV_9344#0301936251&amp;0#</DeviceInstanceId>\n</UMDFDriverManagerHostCreateStart>\n</UserData>\n</Event>\n"
  },
  {
    "EventID": 2000,
    "Timestamp": "2014-02-11 14:42:27.005743+00:00",
    "Computer": "IACIS-HDD-2014",
    "Channel": "Microsoft-Windows-DriverFrameworks-UserMode/Operational",
    "Level": "Information",
    "EventData": {},
    "RawXml": "<Event xmlns=\"http://schemas.microsoft.com/win/2004/08/events/event\"><System><Provider Name=\"Microsoft-Windows-DriverFrameworks-UserMode\" Guid=\"{2e35aaeb-857f-4beb-a418-2e6c0e54d988}\"></Provider>\n<EventID Qualifiers=\"\">2000</EventID>\n<Version>1</Version>\n<Level>4</Level>\n<Task>32</Task>\n<Opcode>1</Opcode>\n<Keywords>0x8000000000000000</Keywords>\n<TimeCreated SystemTime=\"2014-02-11 14:42:27.005743+00:00\"></TimeCreated>\n<EventRecordID>302</EventRecordID>\n<Correlation ActivityID=\"\" RelatedActivityID=\"\"></Correlation>\n<Execution ProcessID=\"484\" ThreadID=\"2060\"></Execution>\n<Channel>Microsoft-Windows-DriverFrameworks-UserMode/Operational</Channel>\n<Computer>IACIS-HDD-2014</Computer>\n<Security UserID=\"S-1-5-19\"></Security>\n</System>\n<UserData><UMDFHostStartupBegin lifetime=\"{60ca36db-b330-4b96-af92-9e89c46c5a29}\" xmlns:auto-ns2=\"http://schemas.microsoft.com/win/2004/08/events\" xmlns=\"http://www.microsoft.com/DriverFrameworks/UserMode/Event\"></UMDFHostStartupBegin>\n</UserData>\n</Event>\n"
  },
  {
    "EventID": 2001,
    "Timestamp": "2014-02-11 14:42:27.005743+00:00",
    "Computer": "IACIS-HDD-2014",
    "Channel": "Microsoft-Windows-DriverFrameworks-UserMode/Operational",
    "Level": "Information",
    "EventData": {},
    "RawXml": "<Event xmlns=\"http://schemas.microsoft.com/win/2004/08/events/event\"><System><Provider Name=\"Microsoft-Windows-DriverFrameworks-UserMode\" Guid=\"{2e35aaeb-857f-4beb-a418-2e6c0e54d988}\"></Provider>\n<EventID Qualifiers=\"\">2001</EventID>\n<Version>1</Version>\n<Level>4</Level>\n<Task>32</Task>\n<Opcode>2</Opcode>\n<Keywords>0x8000000000000000</Keywords>\n<TimeCreated SystemTime=\"2014-02-11 14:42:27.005743+00:00\"></TimeCreated>\n<EventRecordID>303</EventRecordID>\n<Correlation ActivityID=\"\" RelatedActivityID=\"\"></Correlation>\n<Execution ProcessID=\"484\" ThreadID=\"2060\"></Execution>\n<Channel>Microsoft-Windows-DriverFrameworks-UserMode/Operational</Channel>\n<Computer>IACIS-HDD-2014</Computer>\n<Security UserID=\"S-1-5-19\"></Security>\n</System>\n<UserData><UMDFHostStartupEnd lifetime=\"{60ca36db-b330-4b96-af92-9e89c46c5a29}\" xmlns:auto-ns2=\"http://schemas.microsoft.com/win/2004/08/events\" xmlns=\"http://www.microsoft.com/DriverFrameworks/UserMode/Event\"><FinalStatus>0</FinalStatus>\n</UMDFHostStartupEnd>\n</UserData>\n</Event>\n"
  },
  {
    "EventID": 1004,
    "Timestamp": "2014-02-11 14:42:27.015743+00:00",
    "Computer": "IACIS-HDD-2014",
    "Channel": "Microsoft-Windows-DriverFrameworks-UserMode/Operational",
    "Level": "Information",
    "EventData": {},
    "RawXml": "<Event xmlns=\"http://schemas.microsoft.com/win/2004/08/events/event\"><System><Provider Name=\"Microsoft-Windows-DriverFrameworks-UserMode\" Guid=\"{2e35aaeb-857f-4beb-a418-2e6c0e54d988}\"></Provider>\n<EventID Qualifiers=\"\">1004</EventID>\n<Version>1</Version>\n<Level>4</Level>\n<Task>17</Task>\n<Opcode>2</Opcode>\n<Keywords>0x8000000000000000</Keywords>\n<TimeCreated SystemTime=\"2014-02-11 14:42:27.015743+00:00\"></TimeCreated>\n<EventRecordID>304</EventRecordID>\n<Correlation ActivityID=\"\" RelatedActivityID=\"\"></Correlation>\n<Execution ProcessID=\"912\" ThreadID=\"380\"></Execution>\n<Channel>Microsoft-Windows-DriverFrameworks-UserMode/Operational</Channel>\n<Computer>IACIS-HDD-2014</Computer>\n<Security UserID=\"S-1-5-18\"></Security>\n</System>\n<UserData><UMDFDriverManagerHostCreateEnd lifetime=\"{60ca36db-b330-4b96-af92-9e89c46c5a29}\" xmlns:auto-ns2=\"http://schemas.microsoft.com/win/2004/08/events\" xmlns=\"http://www.microsoft.com/DriverFrameworks/UserMode/Event\"><FinalStatus>0</FinalStatus>\n</UMDFDriverManagerHostCreateEnd>\n</UserData>\n</Event>\n"
  },
  {
    "EventID": 2003,
    "Timestamp": "2014-02-11 14:42:27.067745+00:00",
    "Computer": "IACIS-HDD-2014",
    "Channel": "Microsoft-Windows-DriverFrameworks-UserMode/Operational",
    "Level": "Information",
    "EventData": {},
    "RawXml": "<Event xmlns=\"http://schemas.microsoft.com/win/2004/08/events/event\"><System><Provider Name=\"Microsoft-Windows-DriverFrameworks-UserMode\" Guid=\"{2e35aaeb-857f-4beb-a418-2e6c0e54d988}\"></Provider>\n<EventID Qualifiers=\"\">2003</EventID>\n<Version>1</Version>\n<Level>4</Level>\n<Task>33</Task>\n<Opcode>1</Opcode>\n<Keywords>0x8000000000000000</Keywords>\n<TimeCreated SystemTime=\"2014-02-11 14:42:27.067745+00:00\"></TimeCreated>\n<EventRecordID>305</EventRecordID>\n<Correlation ActivityID=\"\" RelatedActivityID=\"\"></Correlation>\n<Execution ProcessID=\"484\" ThreadID=\"2392\"></Execution>\n<Channel>Microsoft-Windows-DriverFrameworks-UserMode/Operational</Channel>\n<Computer>IACIS-HDD-2014</Computer>\n<Security UserID=\"S-1-5-19\"></Security>\n</System>\n<UserData><UMDFHostDeviceArrivalBegin instance=\"WPDBUSENUMROOT\\UMB\\2&amp;37C186B&amp;0&amp;STORAGE#VOLUME#_??_USBSTOR#DISK&amp;VEN_GENERIC&amp;PROD_STORAGE_DEVICE&amp;REV_9344#0301936251&amp;0#\" lifetime=\"{60ca36db-b330-4b96-af92-9e89c46c5a29}\" xmlns:auto-ns2=\"http://schemas.microsoft.com/win/2004/08/events\" xmlns=\"http://www.microsoft.com/DriverFrameworks/UserMode/Event\"></UMDFHostDeviceArrivalBegin>\n</UserData>\n</Event>\n"
  },
  {
    "EventID": 2010,
    "Timestamp": "2014-02-11 14:42:27.067745+00:00",
    "Computer": "IACIS-HDD-2014",
    "Channel": "Microsoft-Windows-DriverFrameworks-UserMode/Operational",
    "Level": "Information",
    "EventData": {},
    "RawXml": "<Event xmlns=\"http://schemas.microsoft.com/win/2004/08/events/event\"><System><Provider Name=\"Microsoft-Windows-DriverFrameworks-UserMode\" Guid=\"{2e35aaeb-857f-4beb-a418-2e6c0e54d988}\"></Provider>\n<EventID Qualifiers=\"\">2010</EventID>\n<Version>1</Version>\n<Level>4</Level>\n<Task>33</Task>\n<Opcode>2</Opcode>\n<Keywords>0x8000000000000000</Keywords>\n<TimeCreated SystemTime=\"2014-02-11 14:42:27.067745+00:00\"></TimeCreated>\n<EventRecordID>306</EventRecordID>\n<Correlation ActivityID=\"\" RelatedActivityID=\"\"></Correlation>\n<Execution ProcessID=\"484\" ThreadID=\"2392\"></Execution>\n<Channel>Microsoft-Windows-DriverFrameworks-UserMode/Operational</Channel>\n<Computer>IACIS-HDD-2014</Computer>\n<Security UserID=\"S-1-5-19\"></Security>\n</System>\n<UserData><UMDFHostDeviceArrivalEnd instance=\"WPDBUSENUMROOT\\UMB\\2&amp;37C186B&amp;0&amp;STORAGE#VOLUME#_??_USBSTOR#DISK&amp;VEN_GENERIC&amp;PROD_STORAGE_DEVICE&amp;REV_9344#0301936251&amp;0#\" lifetime=\"{60ca36db-b330-4b96-af92-9e89c46c5a29}\" xmlns:auto-ns2=\"http://schemas.microsoft.com/win/2004/08/events\" xmlns=\"http://www.microsoft.com/DriverFrameworks/UserMode/Event\"><FinalStatus>0</FinalStatus>\n</UMDFHostDeviceArrivalEnd>\n</UserData>\n</Event>\n"
  },
  {
    "EventID": 2004,
    "Timestamp": "2014-02-11 14:42:27.067745+00:00",
    "Computer": "IACIS-HDD-2014",
    "Channel": "Microsoft-Windows-DriverFrameworks-UserMode/Operational",
    "Level": "Verbose",
    "EventData": {},
    "RawXml": "<Event xmlns=\"http://schemas.microsoft.com/win/2004/08/events/event\"><System><Provider Name=\"Microsoft-Windows-DriverFrameworks-UserMode\" Guid=\"{2e35aaeb-857f-4beb-a418-2e6c0e54d988}\"></Provider>\n<EventID Qualifiers=\"\">2004</EventID>\n<Version>1</Version>\n<Level>5</Level>\n<Task>33</Task>\n<Opcode>1</Opcode>\n<Keywords>0x8000000000000000</Keywords>\n<TimeCreated SystemTime=\"2014-02-11 14:42:27.067745+00:00\"></TimeCreated>\n<EventRecordID>307</EventRecordID>\n<Correlation ActivityID=\"\" RelatedActivityID=\"\"></Correlation>\n<Execution ProcessID=\"484\" ThreadID=\"2392\"></Execution>\n<Channel>Microsoft-Windows-DriverFrameworks-UserMode/Operational</Channel>\n<Computer>IACIS-HDD-2014</Computer>\n<Security UserID=\"S-1-5-19\"></Security>\n</System>\n<UserData><UMDFHostAddDeviceBegin instance=\"WPDBUSENUMROOT\\UMB\\2&amp;37C186B&amp;0&amp;STORAGE#VOLUME#_??_USBSTOR#DISK&amp;VEN_GENERIC&amp;PROD_STORAGE_DEVICE&amp;REV_9344#0301936251&amp;0#\" lifetime=\"{60ca36db-b330-4b96-af92-9e89c46c5a29}\" xmlns:auto-ns2=\"http://schemas.microsoft.com/win/2004/08/events\" xmlns=\"http://www.microsoft.com/DriverFrameworks/UserMode/Event\"><Level>0</Level>\n<Service>WpdFs</Service>\n<DriverClsid>{112de495-ac4c-46f8-b663-6a4266c53313}</DriverClsid>\n</UMDFHostAddDeviceBegin>\n</UserData>\n</Event>\n"
  },
  {
    "EventID": 2005,
    "Timestamp": "2014-02-11 14:42:27.067745+00:00",
    "Computer": "IACIS-HDD-2014",
    "Channel": "Microsoft-Windows-DriverFrameworks-UserMode/Operational",
    "Level": "Verbose",
    "EventData": {},
    "RawXml": "<Event xmlns=\"http://schemas.microsoft.com/win/2004/08/events/event\"><System><Provider Name=\"Microsoft-Windows-DriverFrameworks-UserMode\" Guid=\"{2e35aaeb-857f-4beb-a418-2e6c0e54d988}\"></Provider>\n<EventID Qualifiers=\"\">2005</EventID>\n<Version>1</Version>\n<Level>5</Level>\n<Task>33</Task>\n<Opcode>0</Opcode>\n<Keywords>0x8000000000000000</Keywords>\n<TimeCreated SystemTime=\"2014-02-11 14:42:27.067745+00:00\"></TimeCreated>\n<EventRecordID>308</EventRecordID>\n<Correlation ActivityID=\"\" RelatedActivityID=\"\"></Correlation>\n<Execution ProcessID=\"484\" ThreadID=\"2392\"></Execution>\n<Channel>Microsoft-Windows-DriverFrameworks-UserMode/Operational</Channel>\n<Computer>IACIS-HDD-2014</Computer>\n<Security UserID=\"S-1-5-19\"></Security>\n</System>\n<UserData><UMDFHostModuleLoad instance=\"WPDBUSENUMROOT\\UMB\\2&amp;37C186B&amp;0&amp;STORAGE#VOLUME#_??_USBSTOR#DISK&amp;VEN_GENERIC&amp;PROD_STORAGE_DEVICE&amp;REV_9344#0301936251&amp;0#\" lifetime=\"{60ca36db-b330-4b96-af92-9e89c46c5a29}\" xmlns:auto-ns2=\"http://schemas.microsoft.com/win/2004/08/events\" xmlns=\"http://www.microsoft.com/DriverFrameworks/UserMode/Event\"><ModulePath>C:\\Windows\\system32\\WUDFx.dll</ModulePath>\n<CompanyName>Microsoft Corporation</CompanyName>\n<FileDescription>WDF:UMDF Framework Library</FileDescription>\n<FileVersion>6.1.7601.17514 (win7sp1_rtm.101119-1850)</FileVersion>\n</UMDFHostModuleLoad>\n</UserData>\n</Event>\n"
  },
  {
    "EventID": 2005,
    "Timestamp": "2014-02-11 14:42:27.078745+00:00",
    "Computer": "IACIS-HDD-2014",
    "Channel": "Microsoft-Windows-DriverFrameworks-UserMode/Operational",
    "Level": "Verbose",
    "EventData": {},
    "RawXml": "<Event xmlns=\"http://schemas.microsoft.com/win/2004/08/events/event\"><System><Provider Name=\"Microsoft-Windows-DriverFrameworks-UserMode\" Guid=\"{2e35aaeb-857f-4beb-a418-2e6c0e54d988}\"></Provider>\n<EventID Qualifiers=\"\">2005</EventID>\n<Version>1</Version>\n<Level>5</Level>\n<Task>33</Task>\n<Opcode>0</Opcode>\n<Keywords>0x8000000000000000</Keywords>\n<TimeCreated SystemTime=\"2014-02-11 14:42:27.078745+00:00\"></TimeCreated>\n<EventRecordID>309</EventRecordID>\n<Correlation ActivityID=\"\" RelatedActivityID=\"\"></Correlation>\n<Execution ProcessID=\"484\" ThreadID=\"2392\"></Execution>\n<Channel>Microsoft-Windows-DriverFrameworks-UserMode/Operational</Channel>\n<Computer>IACIS-HDD-2014</Computer>\n<Security UserID=\"S-1-5-19\"></Security>\n</System>\n<UserData><UMDFHostModuleLoad instance=\"WPDBUSENUMROOT\\UMB\\2&amp;37C186B&amp;0&amp;STORAGE#VOLUME#_??_USBSTOR#DISK&amp;VEN_GENERIC&amp;PROD_STORAGE_DEVICE&amp;REV_9344#0301936251&amp;0#\" lifetime=\"{60ca36db-b330-4b96-af92-9e89c46c5a29}\" xmlns:auto-ns2=\"http://schemas.microsoft.com/win/2004/08/events\" xmlns=\"http://www.microsoft.com/DriverFrameworks/UserMode/Event\"><ModulePath>C:\\Windows\\System32\\drivers\\UMDF\\WpdFs.dll</ModulePath>\n<CompanyName>Microsoft Corporation</CompanyName>\n<FileDescription>Windows Portable Device File System Driver</FileDescription>\n<FileVersion>6.1.7600.16385 (win7_rtm.090713-1255)</FileVersion>\n</UMDFHostModuleLoad>\n</UserData>\n</Event>\n"
  },
  {
    "EventID": 2005,
    "Timestamp": "2014-02-11 14:42:27.078745+00:00",
    "Computer": "IACIS-HDD-2014",
    "Channel": "Microsoft-Windows-DriverFrameworks-UserMode/Operational",
    "Level": "Verbose",
    "EventData": {},
    "RawXml": "<Event xmlns=\"http://schemas.microsoft.com/win/2004/08/events/event\"><System><Provider Name=\"Microsoft-Windows-DriverFrameworks-UserMode\" Guid=\"{2e35aaeb-857f-4beb-a418-2e6c0e54d988}\"></Provider>\n<EventID Qualifiers=\"\">2005</EventID>\n<Version>1</Version>\n<Level>5</Level>\n<Task>33</Task>\n<Opcode>0</Opcode>\n<Keywords>0x8000000000000000</Keywords>\n<TimeCreated SystemTime=\"2014-02-11 14:42:27.078745+00:00\"></TimeCreated>\n<EventRecordID>310</EventRecordID>\n<Correlation ActivityID=\"\" RelatedActivityID=\"\"></Correlation>\n<Execution ProcessID=\"484\" ThreadID=\"2392\"></Execution>\n<Channel>Microsoft-Windows-DriverFrameworks-UserMode/Operational</Channel>\n<Computer>IACIS-HDD-2014</Computer>\n<Security UserID=\"S-1-5-19\"></Security>\n</System>\n<UserData><UMDFHostModuleLoad instance=\"WPDBUSENUMROOT\\UMB\\2&amp;37C186B&amp;0&amp;STORAGE#VOLUME#_??_USBSTOR#DISK&amp;VEN_GENERIC&amp;PROD_STORAGE_DEVICE&amp;REV_9344#0301936251&amp;0#\" lifetime=\"{60ca36db-b330-4b96-af92-9e89c46c5a29}\" xmlns:auto-ns2=\"http://schemas.microsoft.com/win/2004/08/events\" xmlns=\"http://www.microsoft.com/DriverFrameworks/UserMode/Event\"><ModulePath>C:\\Windows\\system32\\wmvcore.dll</ModulePath>\n<CompanyName>Microsoft Corporation</CompanyName>\n<FileDescription>Windows Media Playback/Authoring DLL</FileDescription>\n<FileVersion>12.0.7601.17514 (win7sp1_rtm.101119-1850)</FileVersion>\n</UMDFHostModuleLoad>\n</UserData>\n</Event>\n"
  },
