  {
    "EventID": 4,
    "Timestamp": "2014-01-25 01:57:10.724957+00:00",
    "Computer": "IACIS-HDD-2014",
    "Channel": "Setup",
    "Level": "LogAlways",
    "EventData": {},
    "RawXml": "<Event xmlns=\"http://schemas.microsoft.com/win/2004/08/events/event\"><System><Provider Name=\"Microsoft-Windows-Servicing\" Guid=\"{bd12f3b8-fc40-4a61-a307-b7a013a069c1}\"></Provider>\n<EventID Qualifiers=\"\">4</EventID>\n<Version>0</Version>\n<Level>0</Level>\n<Task>0</Task>\n<Opcode>0</Opcode>\n<Keywords>0x8000000000000000</Keywords>\n<TimeCreated SystemTime=\"2014-01-25 01:57:10.724957+00:00\"></TimeCreated>\n<EventRecordID>200</EventRecordID>\n<Correlation ActivityID=\"\" RelatedActivityID=\"\"></Correlation>\n<Execution ProcessID=\"1068\" ThreadID=\"2692\"></Execution>\n<Channel>Setup</Channel>\n<Computer>IACIS-HDD-2014</Computer>\n<Security UserID=\"S-1-5-18\"></Security>\n</System>\n<UserData><CbsPackageChangeState xmlns=\"http://manifests.microsoft.com/win/2004/08/windows/setup_provider\"><PackageIdentifier>KB2736422</PackageIdentifier>\n<IntendedPackageState>Installed</IntendedPackageState>\n<ErrorCode>0x0</ErrorCode>\n<Client>WindowsUpdateAgent</Client>\n</CbsPackageChangeState>\n</UserData>\n</Event>\n"
  },
  {
    "EventID": 1,
    "Timestamp": "2014-01-25 01:57:11.473759+00:00",
    "Computer": "IACIS-HDD-2014",
    "Channel": "Setup",
    "Level": "LogAlways",
    "EventData": {},
    "RawXml": "<Event xmlns=\"http://schemas.microsoft.com/win/2004/08/events/event\"><System><Provider Name=\"Microsoft-Windows-Servicing\" Guid=\"{bd12f3b8-fc40-4a61-a307-b7a013a069c1}\"></Provider>\n<EventID Qualifiers=\"\">1</EventID>\n<Version>0</Version>\n<Level>0</Level>\n<Task>0</Task>\n<Opcode>0</Opcode>\n<Keywords>0x8000000000000000</Keywords>\n<TimeCreated SystemTime=\"2014-01-25 01:57:11.473759+00:00\"></TimeCreated>\n<EventRecordID>201</EventRecordID>\n<Correlation ActivityID=\"\" RelatedActivityID=\"\"></Correlation>\n<Execution ProcessID=\"1068\" ThreadID=\"2692\"></Execution>\n<Channel>Setup</Channel>\n<Computer>IACIS-HDD-2014</Computer>\n<Security UserID=\"S-1-5-18\"></Security>\n</System>\n<UserData><CbsPackageInitiateChanges xmlns=\"http://manifests.microsoft.com/win/2004/08/windows/setup_provider\"><PackageIdentifier>KB2698365</PackageIdentifier>\n<InitialPackageState>Resolved</InitialPackageState>\n<IntendedPackageState>Installed</IntendedPackageState>\n<Client>WindowsUpdateAgent</Client>\n</CbsPackageInitiateChanges>\n</UserData>\n</Event>\n"
  },
  {
    "EventID": 4,
    "Timestamp": "2014-01-25 01:57:18.322168+00:00",
    "Computer": "IACIS-HDD-2014",
    "Channel": "Setup",
    "Level": "LogAlways",
    "EventData": {},
    "RawXml": "<Event xmlns=\"http://schemas.microsoft.com/win/2004/08/events/event\"><System><Provider Name=\"Microsoft-Windows-Servicing\" Guid=\"{bd12f3b8-fc40-4a61-a307-b7a013a069c1}\"></Provider>\n<EventID Qualifiers=\"\">4</EventID>\n<Version>0</Version>\n<Level>0</Level>\n<Task>0</Task>\n<Opcode>0</Opcode>\n<Keywords>0x8000000000000000</Keywords>\n<TimeCreated SystemTime=\"2014-01-25 01:57:18.322168+00:00\"></TimeCreated>\n<EventRecordID>202</EventRecordID>\n<Correlation ActivityID=\"\" RelatedActivityID=\"\"></Correlation>\n<Execution ProcessID=\"1068\" ThreadID=\"2692\"></Execution>\n<Channel>Setup</Channel>\n<Computer>IACIS-HDD-2014</Computer>\n<Security UserID=\"S-1-5-18\"></Security>\n</System>\n<UserData><CbsPackageChangeState xmlns=\"http://manifests.microsoft.com/win/2004/08/windows/setup_provider\"><PackageIdentifier>KB2698365</PackageIdentifier>\n<IntendedPackageState>Installed</IntendedPackageState>\n<ErrorCode>0x0</ErrorCode>\n<Client>WindowsUpdateAgent</Client>\n</CbsPackageChangeState>\n</UserData>\n</Event>\n"
  },
  {
    "EventID": 1,
    "Timestamp": "2014-01-25 01:57:18.992971+00:00",
    "Computer": "IACIS-HDD-2014",
    "Channel": "Setup",
    "Level": "LogAlways",
    "EventData": {},
    "RawXml": "<Event xmlns=\"http://schemas.microsoft.com/win/2004/08/events/event\"><System><Provider Name=\"Microsoft-Windows-Servicing\" Guid=\"{bd12f3b8-fc40-4a61-a307-b7a013a069c1}\"></Provider>\n<EventID Qualifiers=\"\">1</EventID>\n<Version>0</Version>\n<Level>0</Level>\n<Task>0</Task>\n<Opcode>0</Opcode>\n<Keywords>0x8000000000000000</Keywords>\n<TimeCreated SystemTime=\"2014-01-25 01:57:18.992971+00:00\"></TimeCreated>\n<EventRecordID>203</EventRecordID>\n<Correlation ActivityID=\"\" RelatedActivityID=\"\"></Correlation>\n<Execution ProcessID=\"1068\" ThreadID=\"2692\"></Execution>\n<Channel>Setup</Channel>\n<Computer>IACIS-HDD-2014</Computer>\n<Security UserID=\"S-1-5-18\"></Security>\n</System>\n<UserData><CbsPackageInitiateChanges xmlns=\"http://manifests.microsoft.com/win/2004/08/windows/setup_provider\"><PackageIdentifier>KB2834886</PackageIdentifier>\n<InitialPackageState>Resolved</InitialPackageState>\n<IntendedPackageState>Installed</IntendedPackageState>\n<Client>WindowsUpdateAgent</Client>\n</CbsPackageInitiateChanges>\n</UserData>\n</Event>\n"
  },
  {
    "EventID": 4,
    "Timestamp": "2014-01-25 01:57:22.440577+00:00",
    "Computer": "IACIS-HDD-2014",
    "Channel": "Setup",
    "Level": "LogAlways",
    "EventData": {},
    "RawXml": "<Event xmlns=\"http://schemas.microsoft.com/win/2004/08/events/event\"><System><Provider Name=\"Microsoft-Windows-Servicing\" Guid=\"{bd12f3b8-fc40-4a61-a307-b7a013a069c1}\"></Provider>\n<EventID Qualifiers=\"\">4</EventID>\n<Version>0</Version>\n<Level>0</Level>\n<Task>0</Task>\n<Opcode>0</Opcode>\n<Keywords>0x8000000000000000</Keywords>\n<TimeCreated SystemTime=\"2014-01-25 01:57:22.440577+00:00\"></TimeCreated>\n<EventRecordID>204</EventRecordID>\n<Correlation ActivityID=\"\" RelatedActivityID=\"\"></Correlation>\n<Execution ProcessID=\"1068\" ThreadID=\"2692\"></Execution>\n<Channel>Setup</Channel>\n<Computer>IACIS-HDD-2014</Computer>\n<Security UserID=\"S-1-5-18\"></Security>\n</System>\n<UserData><CbsPackageChangeState xmlns=\"http://manifests.microsoft.com/win/2004/08/windows/setup_provider\"><PackageIdentifier>KB2834886</PackageIdentifier>\n<IntendedPackageState>Installed</IntendedPackageState>\n<ErrorCode>0x0</ErrorCode>\n<Client>WindowsUpdateAgent</Client>\n</CbsPackageChangeState>\n</UserData>\n</Event>\n"
  },
  {
    "EventID": 1,
    "Timestamp": "2014-01-25 01:57:23.033377+00:00",
    "Computer": "IACIS-HDD-2014",
    "Channel": "Setup",
    "Level": "LogAlways",
    "EventData": {},
    "RawXml": "<Event xmlns=\"http://schemas.microsoft.com/win/2004/08/events/event\"><System><Provider Name=\"Microsoft-Windows-Servicing\" Guid=\"{bd12f3b8-fc40-4a61-a307-b7a013a069c1}\"></Provider>\n<EventID Qualifiers=\"\">1</EventID>\n<Version>0</Version>\n<Level>0</Level>\n<Task>0</Task>\n<Opcode>0</Opcode>\n<Keywords>0x8000000000000000</Keywords>\n<TimeCreated SystemTime=\"2014-01-25 01:57:23.033377+00:00\"></TimeCreated>\n<EventRecordID>205</EventRecordID>\n<Correlation ActivityID=\"\" RelatedActivityID=\"\"></Correlation>\n<Execution ProcessID=\"1068\" ThreadID=\"2692\"></Execution>\n<Channel>Setup</Channel>\n<Computer>IACIS-HDD-2014</Computer>\n<Security UserID=\"S-1-5-18\"></Security>\n</System>\n<UserData><CbsPackageInitiateChanges xmlns=\"http://manifests.microsoft.com/win/2004/08/windows/setup_provider\"><PackageIdentifier>KB2832414</PackageIdentifier>\n<InitialPackageState>Resolved</InitialPackageState>\n<IntendedPackageState>Installed</IntendedPackageState>\n<Client>WindowsUpdateAgent</Client>\n</CbsPackageInitiateChanges>\n</UserData>\n</Event>\n"
  },
  {
    "EventID": 4,
    "Timestamp": "2014-01-25 01:57:27.713385+00:00",
    "Computer": "IACIS-HDD-2014",
    "Channel": "Setup",
    "Level": "LogAlways",
    "EventData": {},
    "RawXml": "<Event xmlns=\"http://schemas.microsoft.com/win/2004/08/events/event\"><System><Provider Name=\"Microsoft-Windows-Servicing\" Guid=\"{bd12f3b8-fc40-4a61-a307-b7a013a069c1}\"></Provider>\n<EventID Qualifiers=\"\">4</EventID>\n<Version>0</Version>\n<Level>0</Level>\n<Task>0</Task>\n<Opcode>0</Opcode>\n<Keywords>0x8000000000000000</Keywords>\n<TimeCreated SystemTime=\"2014-01-25 01:57:27.713385+00:00\"></TimeCreated>\n<EventRecordID>206</EventRecordID>\n<Correlation ActivityID=\"\" RelatedActivityID=\"\"></Correlation>\n<Execution ProcessID=\"1068\" ThreadID=\"2692\"></Execution>\n<Channel>Setup</Channel>\n<Computer>IACIS-HDD-2014</Computer>\n<Security UserID=\"S-1-5-18\"></Security>\n</System>\n<UserData><CbsPackageChangeState xmlns=\"http://manifests.microsoft.com/win/2004/08/windows/setup_provider\"><PackageIdentifier>KB2832414</PackageIdentifier>\n<IntendedPackageState>Installed</IntendedPackageState>\n<ErrorCode>0x0</ErrorCode>\n<Client>WindowsUpdateAgent</Client>\n</CbsPackageChangeState>\n</UserData>\n</Event>\n"
  },
  {
    "EventID": 1,
    "Timestamp": "2014-01-25 01:57:28.368587+00:00",
    "Computer": "IACIS-HDD-2014",
    "Channel": "Setup",
    "Level": "LogAlways",
    "EventData": {},
    "RawXml": "<Event xmlns=\"http://schemas.microsoft.com/win/2004/08/events/event\"><System><Provider Name=\"Microsoft-Windows-Servicing\" Guid=\"{bd12f3b8-fc40-4a61-a307-b7a013a069c1}\"></Provider>\n<EventID Qualifiers=\"\">1</EventID>\n<Version>0</Version>\n<Level>0</Level>\n<Task>0</Task>\n<Opcode>0</Opcode>\n<Keywords>0x8000000000000000</Keywords>\n<TimeCreated SystemTime=\"2014-01-25 01:57:28.368587+00:00\"></TimeCreated>\n<EventRecordID>207</EventRecordID>\n<Correlation ActivityID=\"\" RelatedActivityID=\"\"></Correlation>\n<Execution ProcessID=\"1068\" ThreadID=\"2692\"></Execution>\n<Channel>Setup</Channel>\n<Computer>IACIS-HDD-2014</Computer>\n<Security UserID=\"S-1-5-18\"></Security>\n</System>\n<UserData><CbsPackageInitiateChanges xmlns=\"http://manifests.microsoft.com/win/2004/08/windows/setup_provider\"><PackageIdentifier>KB2876284</PackageIdentifier>\n<InitialPackageState>Resolved</InitialPackageState>\n<IntendedPackageState>Installed</IntendedPackageState>\n<Client>WindowsUpdateAgent</Client>\n</CbsPackageInitiateChanges>\n</UserData>\n</Event>\n"
  },
  {
    "EventID": 4,
    "Timestamp": "2014-01-25 01:57:31.192192+00:00",
    "Computer": "IACIS-HDD-2014",
    "Channel": "Setup",
    "Level": "LogAlways",
    "EventData": {},
    "RawXml": "<Event xmlns=\"http://schemas.microsoft.com/win/2004/08/events/event\"><System><Provider Name=\"Microsoft-Windows-Servicing\" Guid=\"{bd12f3b8-fc40-4a61-a307-b7a013a069c1}\"></Provider>\n<EventID Qualifiers=\"\">4</EventID>\n<Version>0</Version>\n<Level>0</Level>\n<Task>0</Task>\n<Opcode>0</Opcode>\n<Keywords>0x8000000000000000</Keywords>\n<TimeCreated SystemTime=\"2014-01-25 01:57:31.192192+00:00\"></TimeCreated>\n<EventRecordID>208</EventRecordID>\n<Correlation ActivityID=\"\" RelatedActivityID=\"\"></Correlation>\n<Execution ProcessID=\"1068\" ThreadID=\"2692\"></Execution>\n<Channel>Setup</Channel>\n<Computer>IACIS-HDD-2014</Computer>\n<Security UserID=\"S-1-5-18\"></Security>\n</System>\n<UserData><CbsPackageChangeState xmlns=\"http://manifests.microsoft.com/win/2004/08/windows/setup_provider\"><PackageIdentifier>KB2876284</PackageIdentifier>\n<IntendedPackageState>Installed</IntendedPackageState>\n<ErrorCode>0x0</ErrorCode>\n<Client>WindowsUpdateAgent</Client>\n</CbsPackageChangeState>\n</UserData>\n</Event>\n"
  },
  {
    "EventID": 1,
    "Timestamp": "2014-01-25 01:57:31.894194+00:00",
    "Computer": "IACIS-HDD-2014",
    "Channel": "Setup",
    "Level": "LogAlways",
    "EventData": {},
    "RawXml": "<Event xmlns=\"http://schemas.microsoft.com/win/2004/08/events/event\"><System><Provider Name=\"Microsoft-Windows-Servicing\" Guid=\"{bd12f3b8-fc40-4a61-a307-b7a013a069c1}\"></Provider>\n<EventID Qualifiers=\"\">1</EventID>\n<Version>0</Version>\n<Level>0</Level>\n<Task>0</Task>\n<Opcode>0</Opcode>\n<Keywords>0x8000000000000000</Keywords>\n<TimeCreated SystemTime=\"2014-01-25 01:57:31.894194+00:00\"></TimeCreated>\n<EventRecordID>209</EventRecordID>\n<Correlation ActivityID=\"\" RelatedActivityID=\"\"></Correlation>\n<Execution ProcessID=\"1068\" ThreadID=\"2692\"></Execution>\n<Channel>Setup</Channel>\n<Computer>IACIS-HDD-2014</Computer>\n<Security UserID=\"S-1-5-18\"></Security>\n</System>\n<UserData><CbsPackageInitiateChanges xmlns=\"http://manifests.microsoft.com/win/2004/08/windows/setup_provider\"><PackageIdentifier>KB2619339</PackageIdentifier>\n<InitialPackageState>Resolved</InitialPackageState>\n<IntendedPackageState>Installed</IntendedPackageState>\n<Client>WindowsUpdateAgent</Client>\n</CbsPackageInitiateChanges>\n</UserData>\n</Event>\n"
  },
  {
    "EventID": 4,
    "Timestamp": "2014-01-25 01:57:35.295000+00:00",
    "Computer": "IACIS-HDD-2014",
    "Channel": "Setup",
    "Level": "LogAlways",
    "EventData": {},
    "RawXml": "<Event xmlns=\"http://schemas.microsoft.com/win/2004/08/events/event\"><System><Provider Name=\"Microsoft-Windows-Servicing\" Guid=\"{bd12f3b8-fc40-4a61-a307-b7a013a069c1}\"></Provider>\n<EventID Qualifiers=\"\">4</EventID>\n<Version>0</Version>\n<Level>0</Level>\n<Task>0</Task>\n<Opcode>0</Opcode>\n<Keywords>0x8000000000000000</Keywords>\n<TimeCreated SystemTime=\"2014-01-25 01:57:35.295000+00:00\"></TimeCreated>\n<EventRecordID>210</EventRecordID>\n<Correlation ActivityID=\"\" RelatedActivityID=\"\"></Correlation>\n<Execution ProcessID=\"1068\" ThreadID=\"2692\"></Execution>\n<Channel>Setup</Channel>\n<Computer>IACIS-HDD-2014</Computer>\n<Security UserID=\"S-1-5-18\"></Security>\n</System>\n<UserData><CbsPackageChangeState xmlns=\"http://manifests.microsoft.com/win/2004/08/windows/setup_provider\"><PackageIdentifier>KB2619339</PackageIdentifier>\n<IntendedPackageState>Installed</IntendedPackageState>\n<ErrorCode>0x0</ErrorCode>\n<Client>WindowsUpdateAgent</Client>\n</CbsPackageChangeState>\n</UserData>\n</Event>\n"
  },
  {
    "EventID": 1,
    "Timestamp": "2014-01-25 01:57:36.184200+00:00",
    "Computer": "IACIS-HDD-2014",
    "Channel": "Setup",
    "Level": "LogAlways",
    "EventData": {},
    "RawXml": "<Event xmlns=\"http://schemas.microsoft.com/win/2004/08/events/event\"><System><Provider Name=\"Microsoft-Windows-Servicing\" Guid=\"{bd12f3b8-fc40-4a61-a307-b7a013a069c1}\"></Provider>\n<EventID Qualifiers=\"\">1</EventID>\n<Version>0</Version>\n<Level>0</Level>\n<Task>0</Task>\n<Opcode>0</Opcode>\n<Keywords>0x8000000000000000</Keywords>\n<TimeCreated SystemTime=\"2014-01-25 01:57:36.184200+00:00\"></TimeCreated>\n<EventRecordID>211</EventRecordID>\n<Correlation ActivityID=\"\" RelatedActivityID=\"\"></Correlation>\n<Execution ProcessID=\"1068\" ThreadID=\"2692\"></Execution>\n<Channel>Setup</Channel>\n<Computer>IACIS-HDD-2014</Computer>\n<Security UserID=\"S-1-5-18\"></Security>\n</System>\n<UserData><CbsPackageInitiateChanges xmlns=\"http://manifests.microsoft.com/win/2004/08/windows/setup_provider\"><PackageIdentifier>KB2564958</PackageIdentifier>\n<InitialPackageState>Resolved</InitialPackageState>\n<IntendedPackageState>Installed</IntendedPackageState>\n<Client>WindowsUpdateAgent</Client>\n</CbsPackageInitiateChanges>\n</UserData>\n</Event>\n"
  },
  {
    "EventID": 4,
    "Timestamp": "2014-01-25 01:57:40.645809+00:00",
    "Computer": "IACIS-HDD-2014",
    "Channel": "Setup",
    "Level": "LogAlways",
    "EventData": {},
    "RawXml": "<Event xmlns=\"http://schemas.microsoft.com/win/2004/08/events/event\"><System><Provider Name=\"Microsoft-Windows-Servicing\" Guid=\"{bd12f3b8-fc40-4a61-a307-b7a013a069c1}\"></Provider>\n<EventID Qualifiers=\"\">4</EventID>\n<Version>0</Version>\n<Level>0</Level>\n<Task>0</Task>\n<Opcode>0</Opcode>\n<Keywords>0x8000000000000000</Keywords>\n<TimeCreated SystemTime=\"2014-01-25 01:57:40.645809+00:00\"></TimeCreated>\n<EventRecordID>212</EventRecordID>\n<Correlation ActivityID=\"\" RelatedActivityID=\"\"></Correlation>\n<Execution ProcessID=\"1068\" ThreadID=\"2692\"></Execution>\n<Channel>Setup</Channel>\n<Computer>IACIS-HDD-2014</Computer>\n<Security UserID=\"S-1-5-18\"></Security>\n</System>\n<UserData><CbsPackageChangeState xmlns=\"http://manifests.microsoft.com/win/2004/08/windows/setup_provider\"><PackageIdentifier>KB2564958</PackageIdentifier>\n<IntendedPackageState>Installed</IntendedPackageState>\n<ErrorCode>0x0</ErrorCode>\n<Client>WindowsUpdateAgent</Client>\n</CbsPackageChangeState>\n</UserData>\n</Event>\n"
  },
  {
    "EventID": 1,
    "Timestamp": "2014-01-25 01:57:41.597410+00:00",
    "Computer": "IACIS-HDD-2014",
    "Channel": "Setup",
    "Level": "LogAlways",
    "EventData": {},
    "RawXml": "<Event xmlns=\"http://schemas.microsoft.com/win/2004/08/events/event\"><System><Provider Name=\"Microsoft-Windows-Servicing\" Guid=\"{bd12f3b8-fc40-4a61-a307-b7a013a069c1}\"></Provider>\n<EventID Qualifiers=\"\">1</EventID>\n<Version>0</Version>\n<Level>0</Level>\n<Task>0</Task>\n<Opcode>0</Opcode>\n<Keywords>0x8000000000000000</Keywords>\n<TimeCreated SystemTime=\"2014-01-25 01:57:41.597410+00:00\"></TimeCreated>\n<EventRecordID>213</EventRecordID>\n<Correlation ActivityID=\"\" RelatedActivityID=\"\"></Correlation>\n<Execution ProcessID=\"1068\" ThreadID=\"2692\"></Execution>\n<Channel>Setup</Channel>\n<Computer>IACIS-HDD-2014</Computer>\n<Security UserID=\"S-1-5-18\"></Security>\n</System>\n<UserData><CbsPackageInitiateChanges xmlns=\"http://manifests.microsoft.com/win/2004/08/windows/setup_provider\"><PackageIdentifier>KB2511455</PackageIdentifier>\n<InitialPackageState>Resolved</InitialPackageState>\n<IntendedPackageState>Installed</IntendedPackageState>\n<Client>WindowsUpdateAgent</Client>\n</CbsPackageInitiateChanges>\n</UserData>\n</Event>\n"
  },
  {
    "EventID": 4,
    "Timestamp": "2014-01-25 01:57:44.920216+00:00",
    "Computer": "IACIS-HDD-2014",
    "Channel": "Setup",
    "Level": "LogAlways",
    "EventData": {},
    "RawXml": "<Event xmlns=\"http://schemas.microsoft.com/win/2004/08/events/event\"><System><Provider Name=\"Microsoft-Windows-Servicing\" Guid=\"{bd12f3b8-fc40-4a61-a307-b7a013a069c1}\"></Provider>\n<EventID Qualifiers=\"\">4</EventID>\n<Version>0</Version>\n<Level>0</Level>\n<Task>0</Task>\n<Opcode>0</Opcode>\n<Keywords>0x8000000000000000</Keywords>\n<TimeCreated SystemTime=\"2014-01-25 01:57:44.920216+00:00\"></TimeCreated>\n<EventRecordID>214</EventRecordID>\n<Correlation ActivityID=\"\" RelatedActivityID=\"\"></Correlation>\n<Execution ProcessID=\"1068\" ThreadID=\"2692\"></Execution>\n<Channel>Setup</Channel>\n<Computer>IACIS-HDD-2014</Computer>\n<Security UserID=\"S-1-5-18\"></Security>\n</System>\n<UserData><CbsPackageChangeState xmlns=\"http://manifests.microsoft.com/win/2004/08/windows/setup_provider\"><PackageIdentifier>KB2511455</PackageIdentifier>\n<IntendedPackageState>Installed</IntendedPackageState>\n<ErrorCode>0x0</ErrorCode>\n<Client>WindowsUpdateAgent</Client>\n</CbsPackageChangeState>\n</UserData>\n</Event>\n"
  },
  {
    "EventID": 1,
    "Timestamp": "2014-01-25 01:57:45.700216+00:00",
    "Computer": "IACIS-HDD-2014",
    "Channel": "Setup",
    "Level": "LogAlways",
    "EventData": {},
    "RawXml": "<Event xmlns=\"http://schemas.microsoft.com/win/2004/08/events/event\"><System><Provider Name=\"Microsoft-Windows-Servicing\" Guid=\"{bd12f3b8-fc40-4a61-a307-b7a013a069c1}\"></Provider>\n<EventID Qualifiers=\"\">1</EventID>\n<Version>0</Version>\n<Level>0</Level>\n<Task>0</Task>\n<Opcode>0</Opcode>\n<Keywords>0x8000000000000000</Keywords>\n<TimeCreated SystemTime=\"2014-01-25 01:57:45.700216+00:00\"></TimeCreated>\n<EventRecordID>215</EventRecordID>\n<Correlation ActivityID=\"\" RelatedActivityID=\"\"></Correlation>\n<Execution ProcessID=\"1068\" ThreadID=\"2692\"></Execution>\n<Channel>Setup</Channel>\n<Computer>IACIS-HDD-2014</Computer>\n<Security UserID=\"S-1-5-18\"></Security>\n</System>\n<UserData><CbsPackageInitiateChanges xmlns=\"http://manifests.microsoft.com/win/2004/08/windows/setup_provider\"><PackageIdentifier>KB2712808</PackageIdentifier>\n<InitialPackageState>Resolved</InitialPackageState>\n<IntendedPackageState>Installed</IntendedPackageState>\n<Client>WindowsUpdateAgent</Client>\n</CbsPackageInitiateChanges>\n</UserData>\n</Event>\n"
  },
  {
    "EventID": 4,
    "Timestamp": "2014-01-25 01:57:48.633022+00:00",
    "Computer": "IACIS-HDD-2014",
    "Channel": "Setup",
    "Level": "LogAlways",
    "EventData": {},
    "RawXml": "<Event xmlns=\"http://schemas.microsoft.com/win/2004/08/events/event\"><System><Provider Name=\"Microsoft-Windows-Servicing\" Guid=\"{bd12f3b8-fc40-4a61-a307-b7a013a069c1}\"></Provider>\n<EventID Qualifiers=\"\">4</EventID>\n<Version>0</Version>\n<Level>0</Level>\n<Task>0</Task>\n<Opcode>0</Opcode>\n<Keywords>0x8000000000000000</Keywords>\n<TimeCreated SystemTime=\"2014-01-25 01:57:48.633022+00:00\"></TimeCreated>\n<EventRecordID>216</EventRecordID>\n<Correlation ActivityID=\"\" RelatedActivityID=\"\"></Correlation>\n<Execution ProcessID=\"1068\" ThreadID=\"2692\"></Execution>\n<Channel>Setup</Channel>\n<Computer>IACIS-HDD-2014</Computer>\n<Security UserID=\"S-1-5-18\"></Security>\n</System>\n<UserData><CbsPackageChangeState xmlns=\"http://manifests.microsoft.com/win/2004/08/windows/setup_provider\"><PackageIdentifier>KB2712808</PackageIdentifier>\n<IntendedPackageState>Installed</IntendedPackageState>\n<ErrorCode>0x0</ErrorCode>\n<Client>WindowsUpdateAgent</Client>\n</CbsPackageChangeState>\n</UserData>\n</Event>\n"
  },
  {
    "EventID": 1,
    "Timestamp": "2014-01-25 01:57:49.381823+00:00",
    "Computer": "IACIS-HDD-2014",
    "Channel": "Setup",
    "Level": "LogAlways",
    "EventData": {},
    "RawXml": "<Event xmlns=\"http://schemas.microsoft.com/win/2004/08/events/event\"><System><Provider Name=\"Microsoft-Windows-Servicing\" Guid=\"{bd12f3b8-fc40-4a61-a307-b7a013a069c1}\"></Provider>\n<EventID Qualifiers=\"\">1</EventID>\n<Version>0</Version>\n<Level>0</Level>\n<Task>0</Task>\n<Opcode>0</Opcode>\n<Keywords>0x8000000000000000</Keywords>\n<TimeCreated SystemTime=\"2014-01-25 01:57:49.381823+00:00\"></TimeCreated>\n<EventRecordID>217</EventRecordID>\n<Correlation ActivityID=\"\" RelatedActivityID=\"\"></Correlation>\n<Execution ProcessID=\"1068\" ThreadID=\"2692\"></Execution>\n<Channel>Setup</Channel>\n<Computer>IACIS-HDD-2014</Computer>\n<Security UserID=\"S-1-5-18\"></Security>\n</System>\n<UserData><CbsPackageInitiateChanges xmlns=\"http://manifests.microsoft.com/win/2004/08/windows/setup_provider\"><PackageIdentifier>KB2892074</PackageIdentifier>\n<InitialPackageState>Resolved</InitialPackageState>\n<IntendedPackageState>Installed</IntendedPackageState>\n<Client>WindowsUpdateAgent</Client>\n</CbsPackageInitiateChanges>\n</UserData>\n</Event>\n"
  },
  {
    "EventID": 4,
    "Timestamp": "2014-01-25 01:57:52.985430+00:00",
    "Computer": "IACIS-HDD-2014",
    "Channel": "Setup",
    "Level": "LogAlways",
    "EventData": {},
    "RawXml": "<Event xmlns=\"http://schemas.microsoft.com/win/2004/08/events/event\"><System><Provider Name=\"Microsoft-Windows-Servicing\" Guid=\"{bd12f3b8-fc40-4a61-a307-b7a013a069c1}\"></Provider>\n<EventID Qualifiers=\"\">4</EventID>\n<Version>0</Version>\n<Level>0</Level>\n<Task>0</Task>\n<Opcode>0</Opcode>\n<Keywords>0x8000000000000000</Keywords>\n<TimeCreated SystemTime=\"2014-01-25 01:57:52.985430+00:00\"></TimeCreated>\n<EventRecordID>218</EventRecordID>\n<Correlation ActivityID=\"\" RelatedActivityID=\"\"></Correlation>\n<Execution ProcessID=\"1068\" ThreadID=\"2692\"></Execution>\n<Channel>Setup</Channel>\n<Computer>IACIS-HDD-2014</Computer>\n<Security UserID=\"S-1-5-18\"></Security>\n</System>\n<UserData><CbsPackageChangeState xmlns=\"http://manifests.microsoft.com/win/2004/08/windows/setup_provider\"><PackageIdentifier>KB2892074</PackageIdentifier>\n<IntendedPackageState>Installed</IntendedPackageState>\n<ErrorCode>0x0</ErrorCode>\n<Client>WindowsUpdateAgent</Client>\n</CbsPackageChangeState>\n</UserData>\n</Event>\n"
  },
  {
    "EventID": 1,
    "Timestamp": "2014-01-25 01:57:54.186632+00:00",
    "Computer": "IACIS-HDD-2014",
    "Channel": "Setup",
    "Level": "LogAlways",
    "EventData": {},
    "RawXml": "<Event xmlns=\"http://schemas.microsoft.com/win/2004/08/events/event\"><System><Provider Name=\"Microsoft-Windows-Servicing\" Guid=\"{bd12f3b8-fc40-4a61-a307-b7a013a069c1}\"></Provider>\n<EventID Qualifiers=\"\">1</EventID>\n<Version>0</Version>\n<Level>0</Level>\n<Task>0</Task>\n<Opcode>0</Opcode>\n<Keywords>0x8000000000000000</Keywords>\n<TimeCreated SystemTime=\"2014-01-25 01:57:54.186632+00:00\"></TimeCreated>\n<EventRecordID>219</EventRecordID>\n<Correlation ActivityID=\"\" RelatedActivityID=\"\"></Correlation>\n<Execution ProcessID=\"1068\" ThreadID=\"2692\"></Execution>\n<Channel>Setup</Channel>\n<Computer>IACIS-HDD-2014</Computer>\n<Security UserID=\"S-1-5-18\"></Security>\n</System>\n<UserData><CbsPackageInitiateChanges xmlns=\"http://manifests.microsoft.com/win/2004/08/windows/setup_provider\"><PackageIdentifier>KB2855844</PackageIdentifier>\n<InitialPackageState>Resolved</InitialPackageState>\n<IntendedPackageState>Installed</IntendedPackageState>\n<Client>WindowsUpdateAgent</Client>\n</CbsPackageInitiateChanges>\n</UserData>\n</Event>\n"
  },
  {
    "EventID": 4,
    "Timestamp": "2014-01-25 01:57:57.696638+00:00",
    "Computer": "IACIS-HDD-2014",
    "Channel": "Setup",
    "Level": "LogAlways",
    "EventData": {},
    "RawXml": "<Event xmlns=\"http://schemas.microsoft.com/win/2004/08/events/event\"><System><Provider Name=\"Microsoft-Windows-Servicing\" Guid=\"{bd12f3b8-fc40-4a61-a307-b7a013a069c1}\"></Provider>\n<EventID Qualifiers=\"\">4</EventID>\n<Version>0</Version>\n<Level>0</Level>\n<Task>0</Task>\n<Opcode>0</Opcode>\n<Keywords>0x8000000000000000</Keywords>\n<TimeCreated SystemTime=\"2014-01-25 01:57:57.696638+00:00\"></TimeCreated>\n<EventRecordID>220</EventRecordID>\n<Correlation ActivityID=\"\" RelatedActivityID=\"\"></Correlation>\n<Execution ProcessID=\"1068\" ThreadID=\"2692\"></Execution>\n<Channel>Setup</Channel>\n<Computer>IACIS-HDD-2014</Computer>\n<Security UserID=\"S-1-5-18\"></Security>\n</System>\n<UserData><CbsPackageChangeState xmlns=\"http://manifests.microsoft.com/win/2004/08/windows/setup_provider\"><PackageIdentifier>KB2855844</PackageIdentifier>\n<IntendedPackageState>Installed</IntendedPackageState>\n<ErrorCode>0x0</ErrorCode>\n<Client>WindowsUpdateAgent</Client>\n</CbsPackageChangeState>\n</UserData>\n</Event>\n"
  },
  {
    "EventID": 1,
    "Timestamp": "2014-01-25 01:57:58.741840+00:00",
    "Computer": "IACIS-HDD-2014",
    "Channel": "Setup",
    "Level": "LogAlways",
    "EventData": {},
    "RawXml": "<Event xmlns=\"http://schemas.microsoft.com/win/2004/08/events/event\"><System><Provider Name=\"Microsoft-Windows-Servicing\" Guid=\"{bd12f3b8-fc40-4a61-a307-b7a013a069c1}\"></Provider>\n<EventID Qualifiers=\"\">1</EventID>\n<Version>0</Version>\n<Level>0</Level>\n<Task>0</Task>\n<Opcode>0</Opcode>\n<Keywords>0x8000000000000000</Keywords>\n<TimeCreated SystemTime=\"2014-01-25 01:57:58.741840+00:00\"></TimeCreated>\n<EventRecordID>221</EventRecordID>\n<Correlation ActivityID=\"\" RelatedActivityID=\"\"></Correlation>\n<Execution ProcessID=\"1068\" ThreadID=\"2692\"></Execution>\n<Channel>Setup</Channel>\n<Computer>IACIS-HDD-2014</Computer>\n<Security UserID=\"S-1-5-18\"></Security>\n</System>\n<UserData><CbsPackageInitiateChanges xmlns=\"http://manifests.microsoft.com/win/2004/08/windows/setup_provider\"><PackageIdentifier>KB2813430</PackageIdentifier>\n<InitialPackageState>Resolved</InitialPackageState>\n<IntendedPackageState>Installed</IntendedPackageState>\n<Client>WindowsUpdateAgent</Client>\n</CbsPackageInitiateChanges>\n</UserData>\n</Event>\n"
  },
  {
    "EventID": 4,
    "Timestamp": "2014-01-25 01:58:08.710257+00:00",
    "Computer": "IACIS-HDD-2014",
    "Channel": "Setup",
    "Level": "LogAlways",
    "EventData": {},
    "RawXml": "<Event xmlns=\"http://schemas.microsoft.com/win/2004/08/events/event\"><System><Provider Name=\"Microsoft-Windows-Servicing\" Guid=\"{bd12f3b8-fc40-4a61-a307-b7a013a069c1}\"></Provider>\n<EventID Qualifiers=\"\">4</EventID>\n<Version>0</Version>\n<Level>0</Level>\n<Task>0</Task>\n<Opcode>0</Opcode>\n<Keywords>0x8000000000000000</Keywords>\n<TimeCreated SystemTime=\"2014-01-25 01:58:08.710257+00:00\"></TimeCreated>\n<EventRecordID>222</EventRecordID>\n<Correlation ActivityID=\"\" RelatedActivityID=\"\"></Correlation>\n<Execution ProcessID=\"1068\" ThreadID=\"2692\"></Execution>\n<Channel>Setup</Channel>\n<Computer>IACIS-HDD-2014</Computer>\n<Security UserID=\"S-1-5-18\"></Security>\n</System>\n<UserData><CbsPackageChangeState xmlns=\"http://manifests.microsoft.com/win/2004/08/windows/setup_provider\"><PackageIdentifier>KB2813430</PackageIdentifier>\n<IntendedPackageState>Installed</IntendedPackageState>\n<ErrorCode>0x0</ErrorCode>\n<Client>WindowsUpdateAgent</Client>\n</CbsPackageChangeState>\n</UserData>\n</Event>\n"
  },
  {
    "EventID": 1,
    "Timestamp": "2014-01-25 01:58:09.615059+00:00",
    "Computer": "IACIS-HDD-2014",
    "Channel": "Setup",
    "Level": "LogAlways",
    "EventData": {},
    "RawXml": "<Event xmlns=\"http://schemas.microsoft.com/win/2004/08/events/event\"><System><Provider Name=\"Microsoft-Windows-Servicing\" Guid=\"{bd12f3b8-fc40-4a61-a307-b7a013a069c1}\"></Provider>\n<EventID Qualifiers=\"\">1</EventID>\n<Version>0</Version>\n<Level>0</Level>\n<Task>0</Task>\n<Opcode>0</Opcode>\n<Keywords>0x8000000000000000</Keywords>\n<TimeCreated SystemTime=\"2014-01-25 01:58:09.615059+00:00\"></TimeCreated>\n<EventRecordID>223</EventRecordID>\n<Correlation ActivityID=\"\" RelatedActivityID=\"\"></Correlation>\n<Execution ProcessID=\"1068\" ThreadID=\"2692\"></Execution>\n<Channel>Setup</Channel>\n<Computer>IACIS-HDD-2014</Computer>\n<Security UserID=\"S-1-5-18\"></Security>\n</System>\n<UserData><CbsPackageInitiateChanges xmlns=\"http://manifests.microsoft.com/win/2004/08/windows/setup_provider\"><PackageIdentifier>KB2654428</PackageIdentifier>\n<InitialPackageState>Resolved</InitialPackageState>\n<IntendedPackageState>Installed</IntendedPackageState>\n<Client>WindowsUpdateAgent</Client>\n</CbsPackageInitiateChanges>\n</UserData>\n</Event>\n"
  },
  {
    "EventID": 4,
    "Timestamp": "2014-01-25 01:58:13.218664+00:00",
    "Computer": "IACIS-HDD-2014",
    "Channel": "Setup",
    "Level": "LogAlways",
    "EventData": {},
    "RawXml": "<Event xmlns=\"http://schemas.microsoft.com/win/2004/08/events/event\"><System><Provider Name=\"Microsoft-Windows-Servicing\" Guid=\"{bd12f3b8-fc40-4a61-a307-b7a013a069c1}\"></Provider>\n<EventID Qualifiers=\"\">4</EventID>\n<Version>0</Version>\n<Level>0</Level>\n<Task>0</Task>\n<Opcode>0</Opcode>\n<Keywords>0x8000000000000000</Keywords>\n<TimeCreated SystemTime=\"2014-01-25 01:58:13.218664+00:00\"></TimeCreated>\n<EventRecordID>224</EventRecordID>\n<Correlation ActivityID=\"\" RelatedActivityID=\"\"></Correlation>\n<Execution ProcessID=\"1068\" ThreadID=\"2692\"></Execution>\n<Channel>Setup</Channel>\n<Computer>IACIS-HDD-2014</Computer>\n<Security UserID=\"S-1-5-18\"></Security>\n</System>\n<UserData><CbsPackageChangeState xmlns=\"http://manifests.microsoft.com/win/2004/08/windows/setup_provider\"><PackageIdentifier>KB2654428</PackageIdentifier>\n<IntendedPackageState>Installed</IntendedPackageState>\n<ErrorCode>0x0</ErrorCode>\n<Client>WindowsUpdateAgent</Client>\n</CbsPackageChangeState>\n</UserData>\n</Event>\n"
  },
  {
    "EventID": 1,
    "Timestamp": "2014-01-25 01:58:13.827066+00:00",
    "Computer": "IACIS-HDD-2014",
    "Channel": "Setup",
    "Level": "LogAlways",
    "EventData": {},
    "RawXml": "<Event xmlns=\"http://schemas.microsoft.com/win/2004/08/events/event\"><System><Provider Name=\"Microsoft-Windows-Servicing\" Guid=\"{bd12f3b8-fc40-4a61-a307-b7a013a069c1}\"></Provider>\n<EventID Qualifiers=\"\">1</EventID>\n<Version>0</Version>\n<Level>0</Level>\n<Task>0</Task>\n<Opcode>0</Opcode>\n<Keywords>0x8000000000000000</Keywords>\n<TimeCreated SystemTime=\"2014-01-25 01:58:13.827066+00:00\"></TimeCreated>\n<EventRecordID>225</EventRecordID>\n<Correlation ActivityID=\"\" RelatedActivityID=\"\"></Correlation>\n<Execution ProcessID=\"1068\" ThreadID=\"2692\"></Execution>\n<Channel>Setup</Channel>\n<Computer>IACIS-HDD-2014</Computer>\n<Security UserID=\"S-1-5-18\"></Security>\n</System>\n<UserData><CbsPackageInitiateChanges xmlns=\"http://manifests.microsoft.com/win/2004/08/windows/setup_provider\"><PackageIdentifier>KB2544893</PackageIdentifier>\n<InitialPackageState>Resolved</InitialPackageState>\n<IntendedPackageState>Installed</IntendedPackageState>\n<Client>WindowsUpdateAgent</Client>\n</CbsPackageInitiateChanges>\n</UserData>\n</Event>\n"
  },
  {
    "EventID": 4,
    "Timestamp": "2014-01-25 01:58:17.851873+00:00",
    "Computer": "IACIS-HDD-2014",
    "Channel": "Setup",
    "Level": "LogAlways",
    "EventData": {},
    "RawXml": "<Event xmlns=\"http://schemas.microsoft.com/win/2004/08/events/event\"><System><Provider Name=\"Microsoft-Windows-Servicing\" Guid=\"{bd12f3b8-fc40-4a61-a307-b7a013a069c1}\"></Provider>\n<EventID Qualifiers=\"\">4</EventID>\n<Version>0</Version>\n<Level>0</Level>\n<Task>0</Task>\n<Opcode>0</Opcode>\n<Keywords>0x8000000000000000</Keywords>\n<TimeCreated SystemTime=\"2014-01-25 01:58:17.851873+00:00\"></TimeCreated>\n<EventRecordID>226</EventRecordID>\n<Correlation ActivityID=\"\" RelatedActivityID=\"\"></Correlation>\n<Execution ProcessID=\"1068\" ThreadID=\"2692\"></Execution>\n<Channel>Setup</Channel>\n<Computer>IACIS-HDD-2014</Computer>\n<Security UserID=\"S-1-5-18\"></Security>\n</System>\n<UserData><CbsPackageChangeState xmlns=\"http://manifests.microsoft.com/win/2004/08/windows/setup_provider\"><PackageIdentifier>KB2544893</PackageIdentifier>\n<IntendedPackageState>Installed</IntendedPackageState>\n<ErrorCode>0x0</ErrorCode>\n<Client>WindowsUpdateAgent</Client>\n</CbsPackageChangeState>\n</UserData>\n</Event>\n"
  },
  {
    "EventID": 1,
    "Timestamp": "2014-01-25 01:58:18.351074+00:00",
    "Computer": "IACIS-HDD-2014",
    "Channel": "Setup",
    "Level": "LogAlways",
    "EventData": {},
    "RawXml": "<Event xmlns=\"http://schemas.microsoft.com/win/2004/08/events/event\"><System><Provider Name=\"Microsoft-Windows-Servicing\" Guid=\"{bd12f3b8-fc40-4a61-a307-b7a013a069c1}\"></Provider>\n<EventID Qualifiers=\"\">1</EventID>\n<Version>0</Version>\n<Level>0</Level>\n<Task>0</Task>\n<Opcode>0</Opcode>\n<Keywords>0x8000000000000000</Keywords>\n<TimeCreated SystemTime=\"2014-01-25 01:58:18.351074+00:00\"></TimeCreated>\n<EventRecordID>227</EventRecordID>\n<Correlation ActivityID=\"\" RelatedActivityID=\"\"></Correlation>\n<Execution ProcessID=\"1068\" ThreadID=\"2692\"></Execution>\n<Channel>Setup</Channel>\n<Computer>IACIS-HDD-2014</Computer>\n<Security UserID=\"S-1-5-18\"></Security>\n</System>\n<UserData><CbsPackageInitiateChanges xmlns=\"http://manifests.microsoft.com/win/2004/08/windows/setup_provider\"><PackageIdentifier>KB2491683</PackageIdentifier>\n<InitialPackageState>Resolved</InitialPackageState>\n<IntendedPackageState>Installed</IntendedPackageState>\n<Client>WindowsUpdateAgent</Client>\n</CbsPackageInitiateChanges>\n</UserData>\n</Event>\n"
  },
  {
    "EventID": 4,
    "Timestamp": "2014-01-25 01:58:21.673882+00:00",
    "Computer": "IACIS-HDD-2014",
    "Channel": "Setup",
    "Level": "LogAlways",
    "EventData": {},
    "RawXml": "<Event xmlns=\"http://schemas.microsoft.com/win/2004/08/events/event\"><System><Provider Name=\"Microsoft-Windows-Servicing\" Guid=\"{bd12f3b8-fc40-4a61-a307-b7a013a069c1}\"></Provider>\n<EventID Qualifiers=\"\">4</EventID>\n<Version>0</Version>\n<Level>0</Level>\n<Task>0</Task>\n<Opcode>0</Opcode>\n<Keywords>0x8000000000000000</Keywords>\n<TimeCreated SystemTime=\"2014-01-25 01:58:21.673882+00:00\"></TimeCreated>\n<EventRecordID>228</EventRecordID>\n<Correlation ActivityID=\"\" RelatedActivityID=\"\"></Correlation>\n<Execution ProcessID=\"1068\" ThreadID=\"2692\"></Execution>\n<Channel>Setup</Channel>\n<Computer>IACIS-HDD-2014</Computer>\n<Security UserID=\"S-1-5-18\"></Security>\n</System>\n<UserData><CbsPackageChangeState xmlns=\"http://manifests.microsoft.com/win/2004/08/windows/setup_provider\"><PackageIdentifier>KB2491683</PackageIdentifier>\n<IntendedPackageState>Installed</IntendedPackageState>\n<ErrorCode>0x0</ErrorCode>\n<Client>WindowsUpdateAgent</Client>\n</CbsPackageChangeState>\n</UserData>\n</Event>\n"
  },
  {
    "EventID": 1,
    "Timestamp": "2014-01-25 01:58:22.360281+00:00",
    "Computer": "IACIS-HDD-2014",
    "Channel": "Setup",
    "Level": "LogAlways",
    "EventData": {},
    "RawXml": "<Event xmlns=\"http://schemas.microsoft.com/win/2004/08/events/event\"><System><Provider Name=\"Microsoft-Windows-Servicing\" Guid=\"{bd12f3b8-fc40-4a61-a307-b7a013a069c1}\"></Provider>\n<EventID Qualifiers=\"\">1</EventID>\n<Version>0</Version>\n<Level>0</Level>\n<Task>0</Task>\n<Opcode>0</Opcode>\n<Keywords>0x8000000000000000</Keywords>\n<TimeCreated SystemTime=\"2014-01-25 01:58:22.360281+00:00\"></TimeCreated>\n<EventRecordID>229</EventRecordID>\n<Correlation ActivityID=\"\" RelatedActivityID=\"\"></Correlation>\n<Execution ProcessID=\"1068\" ThreadID=\"2692\"></Execution>\n<Channel>Setup</Channel>\n<Computer>IACIS-HDD-2014</Computer>\n<Security UserID=\"S-1-5-18\"></Security>\n</System>\n<UserData><CbsPackageInitiateChanges xmlns=\"http://manifests.microsoft.com/win/2004/08/windows/setup_provider\"><PackageIdentifier>KB2705219</PackageIdentifier>\n<InitialPackageState>Resolved</InitialPackageState>\n<IntendedPackageState>Installed</IntendedPackageState>\n<Client>WindowsUpdateAgent</Client>\n</CbsPackageInitiateChanges>\n</UserData>\n</Event>\n"
  },
  {
    "EventID": 4,
    "Timestamp": "2014-01-25 01:58:26.650290+00:00",
    "Computer": "IACIS-HDD-2014",
    "Channel": "Setup",
    "Level": "LogAlways",
    "EventData": {},
    "RawXml": "<Event xmlns=\"http://schemas.microsoft.com/win/2004/08/events/event\"><System><Provider Name=\"Microsoft-Windows-Servicing\" Guid=\"{bd12f3b8-fc40-4a61-a307-b7a013a069c1}\"></Provider>\n<EventID Qualifiers=\"\">4</EventID>\n<Version>0</Version>\n<Level>0</Level>\n<Task>0</Task>\n<Opcode>0</Opcode>\n<Keywords>0x8000000000000000</Keywords>\n<TimeCreated SystemTime=\"2014-01-25 01:58:26.650290+00:00\"></TimeCreated>\n<EventRecordID>230</EventRecordID>\n<Correlation ActivityID=\"\" RelatedActivityID=\"\"></Correlation>\n<Execution ProcessID=\"1068\" ThreadID=\"2692\"></Execution>\n<Channel>Setup</Channel>\n<Computer>IACIS-HDD-2014</Computer>\n<Security UserID=\"S-1-5-18\"></Security>\n</System>\n<UserData><CbsPackageChangeState xmlns=\"http://manifests.microsoft.com/win/2004/08/windows/setup_provider\"><PackageIdentifier>KB2705219</PackageIdentifier>\n<IntendedPackageState>Installed</IntendedPackageState>\n<ErrorCode>0x0</ErrorCode>\n<Client>WindowsUpdateAgent</Client>\n</CbsPackageChangeState>\n</UserData>\n</Event>\n"
  },
  {
    "EventID": 1,
    "Timestamp": "2014-01-25 01:58:27.555090+00:00",
    "Computer": "IACIS-HDD-2014",
    "Channel": "Setup",
    "Level": "LogAlways",
    "EventData": {},
    "RawXml": "<Event xmlns=\"http://schemas.microsoft.com/win/2004/08/events/event\"><System><Provider Name=\"Microsoft-Windows-Servicing\" Guid=\"{bd12f3b8-fc40-4a61-a307-b7a013a069c1}\"></Provider>\n<EventID Qualifiers=\"\">1</EventID>\n<Version>0</Version>\n<Level>0</Level>\n<Task>0</Task>\n<Opcode>0</Opcode>\n<Keywords>0x8000000000000000</Keywords>\n<TimeCreated SystemTime=\"2014-01-25 01:58:27.555090+00:00\"></TimeCreated>\n<EventRecordID>231</EventRecordID>\n<Correlation ActivityID=\"\" RelatedActivityID=\"\"></Correlation>\n<Execution ProcessID=\"1068\" ThreadID=\"2692\"></Execution>\n<Channel>Setup</Channel>\n<Computer>IACIS-HDD-2014</Computer>\n<Security UserID=\"S-1-5-18\"></Security>\n</System>\n<UserData><CbsPackageInitiateChanges xmlns=\"http://manifests.microsoft.com/win/2004/08/windows/setup_provider\"><PackageIdentifier>KB2868623</PackageIdentifier>\n<InitialPackageState>Resolved</InitialPackageState>\n<IntendedPackageState>Installed</IntendedPackageState>\n<Client>WindowsUpdateAgent</Client>\n</CbsPackageInitiateChanges>\n</UserData>\n</Event>\n"
  },
  {
    "EventID": 4,
    "Timestamp": "2014-01-25 01:58:32.281898+00:00",
    "Computer": "IACIS-HDD-2014",
    "Channel": "Setup",
    "Level": "LogAlways",
    "EventData": {},
    "RawXml": "<Event xmlns=\"http://schemas.microsoft.com/win/2004/08/events/event\"><System><Provider Name=\"Microsoft-Windows-Servicing\" Guid=\"{bd12f3b8-fc40-4a61-a307-b7a013a069c1}\"></Provider>\n<EventID Qualifiers=\"\">4</EventID>\n<Version>0</Version>\n<Level>0</Level>\n<Task>0</Task>\n<Opcode>0</Opcode>\n<Keywords>0x8000000000000000</Keywords>\n<TimeCreated SystemTime=\"2014-01-25 01:58:32.281898+00:00\"></TimeCreated>\n<EventRecordID>232</EventRecordID>\n<Correlation ActivityID=\"\" RelatedActivityID=\"\"></Correlation>\n<Execution ProcessID=\"1068\" ThreadID=\"2692\"></Execution>\n<Channel>Setup</Channel>\n<Computer>IACIS-HDD-2014</Computer>\n<Security UserID=\"S-1-5-18\"></Security>\n</System>\n<UserData><CbsPackageChangeState xmlns=\"http://manifests.microsoft.com/win/2004/08/windows/setup_provider\"><PackageIdentifier>KB2868623</PackageIdentifier>\n<IntendedPackageState>Installed</IntendedPackageState>\n<ErrorCode>0x0</ErrorCode>\n<Client>WindowsUpdateAgent</Client>\n</CbsPackageChangeState>\n</UserData>\n</Event>\n"
  },
  {
    "EventID": 1,
    "Timestamp": "2014-01-25 01:58:32.874701+00:00",
    "Computer": "IACIS-HDD-2014",
    "Channel": "Setup",
    "Level": "LogAlways",
    "EventData": {},
    "RawXml": "<Event xmlns=\"http://schemas.microsoft.com/win/2004/08/events/event\"><System><Provider Name=\"Microsoft-Windows-Servicing\" Guid=\"{bd12f3b8-fc40-4a61-a307-b7a013a069c1}\"></Provider>\n<EventID Qualifiers=\"\">1</EventID>\n<Version>0</Version>\n<Level>0</Level>\n<Task>0</Task>\n<Opcode>0</Opcode>\n<Keywords>0x8000000000000000</Keywords>\n<TimeCreated SystemTime=\"2014-01-25 01:58:32.874701+00:00\"></TimeCreated>\n<EventRecordID>233</EventRecordID>\n<Correlation ActivityID=\"\" RelatedActivityID=\"\"></Correlation>\n<Execution ProcessID=\"1068\" ThreadID=\"2692\"></Execution>\n<Channel>Setup</Channel>\n<Computer>IACIS-HDD-2014</Computer>\n<Security UserID=\"S-1-5-18\"></Security>\n</System>\n<UserData><CbsPackageInitiateChanges xmlns=\"http://manifests.microsoft.com/win/2004/08/windows/setup_provider\"><PackageIdentifier>KB2861191</PackageIdentifier>\n<InitialPackageState>Resolved</InitialPackageState>\n<IntendedPackageState>Installed</IntendedPackageState>\n<Client>WindowsUpdateAgent</Client>\n</CbsPackageInitiateChanges>\n</UserData>\n</Event>\n"
  },
  {
    "EventID": 4,
    "Timestamp": "2014-01-25 01:58:36.197506+00:00",
    "Computer": "IACIS-HDD-2014",
    "Channel": "Setup",
    "Level": "LogAlways",
    "EventData": {},
    "RawXml": "<Event xmlns=\"http://schemas.microsoft.com/win/2004/08/events/event\"><System><Provider Name=\"Microsoft-Windows-Servicing\" Guid=\"{bd12f3b8-fc40-4a61-a307-b7a013a069c1}\"></Provider>\n<EventID Qualifiers=\"\">4</EventID>\n<Version>0</Version>\n<Level>0</Level>\n<Task>0</Task>\n<Opcode>0</Opcode>\n<Keywords>0x8000000000000000</Keywords>\n<TimeCreated SystemTime=\"2014-01-25 01:58:36.197506+00:00\"></TimeCreated>\n<EventRecordID>234</EventRecordID>\n<Correlation ActivityID=\"\" RelatedActivityID=\"\"></Correlation>\n<Execution ProcessID=\"1068\" ThreadID=\"2692\"></Execution>\n<Channel>Setup</Channel>\n<Computer>IACIS-HDD-2014</Computer>\n<Security UserID=\"S-1-5-18\"></Security>\n</System>\n<UserData><CbsPackageChangeState xmlns=\"http://manifests.microsoft.com/win/2004/08/windows/setup_provider\"><PackageIdentifier>KB2861191</PackageIdentifier>\n<IntendedPackageState>Installed</IntendedPackageState>\n<ErrorCode>0x0</ErrorCode>\n<Client>WindowsUpdateAgent</Client>\n</CbsPackageChangeState>\n</UserData>\n</Event>\n"
  },
  {
    "EventID": 1,
    "Timestamp": "2014-01-25 01:58:36.821507+00:00",
    "Computer": "IACIS-HDD-2014",
    "Channel": "Setup",
    "Level": "LogAlways",
    "EventData": {},
    "RawXml": "<Event xmlns=\"http://schemas.microsoft.com/win/2004/08/events/event\"><System><Provider Name=\"Microsoft-Windows-Servicing\" Guid=\"{bd12f3b8-fc40-4a61-a307-b7a013a069c1}\"></Provider>\n<EventID Qualifiers=\"\">1</EventID>\n<Version>0</Version>\n<Level>0</Level>\n<Task>0</Task>\n<Opcode>0</Opcode>\n<Keywords>0x8000000000000000</Keywords>\n<TimeCreated SystemTime=\"2014-01-25 01:58:36.821507+00:00\"></TimeCreated>\n<EventRecordID>235</EventRecordID>\n<Correlation ActivityID=\"\" RelatedActivityID=\"\"></Correlation>\n<Execution ProcessID=\"1068\" ThreadID=\"2692\"></Execution>\n<Channel>Setup</Channel>\n<Computer>IACIS-HDD-2014</Computer>\n<Security UserID=\"S-1-5-18\"></Security>\n</System>\n<UserData><CbsPackageInitiateChanges xmlns=\"http://manifests.microsoft.com/win/2004/08/windows/setup_provider\"><PackageIdentifier>KB2653956</PackageIdentifier>\n<InitialPackageState>Absent</InitialPackageState>\n<IntendedPackageState>Installed</IntendedPackageState>\n<Client>WindowsUpdateAgent</Client>\n</CbsPackageInitiateChanges>\n</UserData>\n</Event>\n"
  },
  {
    "EventID": 4,
    "Timestamp": "2014-01-25 01:58:44.449921+00:00",
    "Computer": "IACIS-HDD-2014",
    "Channel": "Setup",
    "Level": "LogAlways",
    "EventData": {},
    "RawXml": "<Event xmlns=\"http://schemas.microsoft.com/win/2004/08/events/event\"><System><Provider Name=\"Microsoft-Windows-Servicing\" Guid=\"{bd12f3b8-fc40-4a61-a307-b7a013a069c1}\"></Provider>\n<EventID Qualifiers=\"\">4</EventID>\n<Version>0</Version>\n<Level>0</Level>\n<Task>0</Task>\n<Opcode>0</Opcode>\n<Keywords>0x8000000000000000</Keywords>\n<TimeCreated SystemTime=\"2014-01-25 01:58:44.449921+00:00\"></TimeCreated>\n<EventRecordID>236</EventRecordID>\n<Correlation ActivityID=\"\" RelatedActivityID=\"\"></Correlation>\n<Execution ProcessID=\"1068\" ThreadID=\"2692\"></Execution>\n<Channel>Setup</Channel>\n<Computer>IACIS-HDD-2014</Computer>\n<Security UserID=\"S-1-5-18\"></Security>\n</System>\n<UserData><CbsPackageChangeState xmlns=\"http://manifests.microsoft.com/win/2004/08/windows/setup_provider\"><PackageIdentifier>KB2653956</PackageIdentifier>\n<IntendedPackageState>Installed</IntendedPackageState>\n<ErrorCode>0x0</ErrorCode>\n<Client>WindowsUpdateAgent</Client>\n</CbsPackageChangeState>\n</UserData>\n</Event>\n"
  },
  {
    "EventID": 1,
    "Timestamp": "2014-01-25 01:58:45.635523+00:00",
    "Computer": "IACIS-HDD-2014",
    "Channel": "Setup",
    "Level": "LogAlways",
    "EventData": {},
    "RawXml": "<Event xmlns=\"http://schemas.microsoft.com/win/2004/08/events/event\"><System><Provider Name=\"Microsoft-Windows-Servicing\" Guid=\"{bd12f3b8-fc40-4a61-a307-b7a013a069c1}\"></Provider>\n<EventID Qualifiers=\"\">1</EventID>\n<Version>0</Version>\n<Level>0</Level>\n<Task>0</Task>\n<Opcode>0</Opcode>\n<Keywords>0x8000000000000000</Keywords>\n<TimeCreated SystemTime=\"2014-01-25 01:58:45.635523+00:00\"></TimeCreated>\n<EventRecordID>237</EventRecordID>\n<Correlation ActivityID=\"\" RelatedActivityID=\"\"></Correlation>\n<Execution ProcessID=\"1068\" ThreadID=\"2692\"></Execution>\n<Channel>Setup</Channel>\n<Computer>IACIS-HDD-2014</Computer>\n<Security UserID=\"S-1-5-18\"></Security>\n</System>\n<UserData><CbsPackageInitiateChanges xmlns=\"http://manifests.microsoft.com/win/2004/08/windows/setup_provider\"><PackageIdentifier>KB2835364</PackageIdentifier>\n<InitialPackageState>Resolved</InitialPackageState>\n<IntendedPackageState>Installed</IntendedPackageState>\n<Client>WindowsUpdateAgent</Client>\n</CbsPackageInitiateChanges>\n</UserData>\n</Event>\n"
  },
  {
    "EventID": 4,
    "Timestamp": "2014-01-25 01:58:51.859934+00:00",
    "Computer": "IACIS-HDD-2014",
    "Channel": "Setup",
    "Level": "LogAlways",
    "EventData": {},
    "RawXml": "<Event xmlns=\"http://schemas.microsoft.com/win/2004/08/events/event\"><System><Provider Name=\"Microsoft-Windows-Servicing\" Guid=\"{bd12f3b8-fc40-4a61-a307-b7a013a069c1}\"></Provider>\n<EventID Qualifiers=\"\">4</EventID>\n<Version>0</Version>\n<Level>0</Level>\n<Task>0</Task>\n<Opcode>0</Opcode>\n<Keywords>0x8000000000000000</Keywords>\n<TimeCreated SystemTime=\"2014-01-25 01:58:51.859934+00:00\"></TimeCreated>\n<EventRecordID>238</EventRecordID>\n<Correlation ActivityID=\"\" RelatedActivityID=\"\"></Correlation>\n<Execution ProcessID=\"1068\" ThreadID=\"2692\"></Execution>\n<Channel>Setup</Channel>\n<Computer>IACIS-HDD-2014</Computer>\n<Security UserID=\"S-1-5-18\"></Security>\n</System>\n<UserData><CbsPackageChangeState xmlns=\"http://manifests.microsoft.com/win/2004/08/windows/setup_provider\"><PackageIdentifier>KB2835364</PackageIdentifier>\n<IntendedPackageState>Installed</IntendedPackageState>\n<ErrorCode>0x0</ErrorCode>\n<Client>WindowsUpdateAgent</Client>\n</CbsPackageChangeState>\n</UserData>\n</Event>\n"
  },
  {
    "EventID": 1,
    "Timestamp": "2014-01-25 01:58:52.452734+00:00",
    "Computer": "IACIS-HDD-2014",
    "Channel": "Setup",
    "Level": "LogAlways",
    "EventData": {},
    "RawXml": "<Event xmlns=\"http://schemas.microsoft.com/win/2004/08/events/event\"><System><Provider Name=\"Microsoft-Windows-Servicing\" Guid=\"{bd12f3b8-fc40-4a61-a307-b7a013a069c1}\"></Provider>\n<EventID Qualifiers=\"\">1</EventID>\n<Version>0</Version>\n<Level>0</Level>\n<Task>0</Task>\n<Opcode>0</Opcode>\n<Keywords>0x8000000000000000</Keywords>\n<TimeCreated SystemTime=\"2014-01-25 01:58:52.452734+00:00\"></TimeCreated>\n<EventRecordID>239</EventRecordID>\n<Correlation ActivityID=\"\" RelatedActivityID=\"\"></Correlation>\n<Execution ProcessID=\"1068\" ThreadID=\"2692\"></Execution>\n<Channel>Setup</Channel>\n<Computer>IACIS-HDD-2014</Computer>\n<Security UserID=\"S-1-5-18\"></Security>\n</System>\n<UserData><CbsPackageInitiateChanges xmlns=\"http://manifests.microsoft.com/win/2004/08/windows/setup_provider\"><PackageIdentifier>KB2552343</PackageIdentifier>\n<InitialPackageState>Resolved</InitialPackageState>\n<IntendedPackageState>Installed</IntendedPackageState>\n<Client>WindowsUpdateAgent</Client>\n</CbsPackageInitiateChanges>\n</UserData>\n</Event>\n"
  },
