  {
    "EventID": 4,
    "Timestamp": "2014-01-25 13:51:37.255926+00:00",
    "Computer": "IACIS-HDD-2014",
    "Channel": "Setup",
    "Level": "LogAlways",
    "EventData": {},
    "RawXml": "<Event xmlns=\"http://schemas.microsoft.com/win/2004/08/events/event\"><System><Provider Name=\"Microsoft-Windows-Servicing\" Guid=\"{bd12f3b8-fc40-4a61-a307-b7a013a069c1}\"></Provider>\n<EventID Qualifiers=\"\">4</EventID>\n<Version>0</Version>\n<Level>0</Level>\n<Task>0</Task>\n<Opcode>0</Opcode>\n<Keywords>0x8000000000000000</Keywords>\n<TimeCreated SystemTime=\"2014-01-25 13:51:37.255926+00:00\"></TimeCreated>\n<EventRecordID>557</EventRecordID>\n<Correlation ActivityID=\"\" RelatedActivityID=\"\"></Correlation>\n<Execution ProcessID=\"2816\" ThreadID=\"1868\"></Execution>\n<Channel>Setup</Channel>\n<Computer>IACIS-HDD-2014</Computer>\n<Security UserID=\"S-1-5-18\"></Security>\n</System>\n<UserData><CbsPackageChangeState xmlns=\"http://manifests.microsoft.com/win/2004/08/windows/setup_provider\"><PackageIdentifier>KB2864058</PackageIdentifier>\n<IntendedPackageState>Installed</IntendedPackageState>\n<ErrorCode>0x0</ErrorCode>\n<Client>WindowsUpdateAgent</Client>\n</CbsPackageChangeState>\n</UserData>\n</Event>\n"
  },
  {
    "EventID": 1,
    "Timestamp": "2014-01-25 13:51:38.332327+00:00",
    "Computer": "IACIS-HDD-2014",
    "Channel": "Setup",
    "Level": "LogAlways",
    "EventData": {},
    "RawXml": "<Event xmlns=\"http://schemas.microsoft.com/win/2004/08/events/event\"><System><Provider Name=\"Microsoft-Windows-Servicing\" Guid=\"{bd12f3b8-fc40-4a61-a307-b7a013a069c1}\"></Provider>\n<EventID Qualifiers=\"\">1</EventID>\n<Version>0</Version>\n<Level>0</Level>\n<Task>0</Task>\n<Opcode>0</Opcode>\n<Keywords>0x8000000000000000</Keywords>\n<TimeCreated SystemTime=\"2014-01-25 13:51:38.332327+00:00\"></TimeCreated>\n<EventRecordID>558</EventRecordID>\n<Correlation ActivityID=\"\" RelatedActivityID=\"\"></Correlation>\n<Execution ProcessID=\"2816\" ThreadID=\"1868\"></Execution>\n<Channel>Setup</Channel>\n<Computer>IACIS-HDD-2014</Computer>\n<Security UserID=\"S-1-5-18\"></Security>\n</System>\n<UserData><CbsPackageInitiateChanges xmlns=\"http://manifests.microsoft.com/win/2004/08/windows/setup_provider\"><PackageIdentifier>KB2560656</PackageIdentifier>\n<InitialPackageState>Resolved</InitialPackageState>\n<IntendedPackageState>Installed</IntendedPackageState>\n<Client>WindowsUpdateAgent</Client>\n</CbsPackageInitiateChanges>\n</UserData>\n</Event>\n"
  },
  {
    "EventID": 4,
    "Timestamp": "2014-01-25 13:51:43.339937+00:00",
    "Computer": "IACIS-HDD-2014",
    "Channel": "Setup",
    "Level": "LogAlways",
    "EventData": {},
    "RawXml": "<Event xmlns=\"http://schemas.microsoft.com/win/2004/08/events/event\"><System><Provider Name=\"Microsoft-Windows-Servicing\" Guid=\"{bd12f3b8-fc40-4a61-a307-b7a013a069c1}\"></Provider>\n<EventID Qualifiers=\"\">4</EventID>\n<Version>0</Version>\n<Level>0</Level>\n<Task>0</Task>\n<Opcode>0</Opcode>\n<Keywords>0x8000000000000000</Keywords>\n<TimeCreated SystemTime=\"2014-01-25 13:51:43.339937+00:00\"></TimeCreated>\n<EventRecordID>559</EventRecordID>\n<Correlation ActivityID=\"\" RelatedActivityID=\"\"></Correlation>\n<Execution ProcessID=\"2816\" ThreadID=\"1868\"></Execution>\n<Channel>Setup</Channel>\n<Computer>IACIS-HDD-2014</Computer>\n<Security UserID=\"S-1-5-18\"></Security>\n</System>\n<UserData><CbsPackageChangeState xmlns=\"http://manifests.microsoft.com/win/2004/08/windows/setup_provider\"><PackageIdentifier>KB2560656</PackageIdentifier>\n<IntendedPackageState>Installed</IntendedPackageState>\n<ErrorCode>0x0</ErrorCode>\n<Client>WindowsUpdateAgent</Client>\n</CbsPackageChangeState>\n</UserData>\n</Event>\n"
  },
  {
    "EventID": 1,
    "Timestamp": "2014-01-25 13:51:44.603539+00:00",
    "Computer": "IACIS-HDD-2014",
    "Channel": "Setup",
    "Level": "LogAlways",
    "EventData": {},
    "RawXml": "<Event xmlns=\"http://schemas.microsoft.com/win/2004/08/events/event\"><System><Provider Name=\"Microsoft-Windows-Servicing\" Guid=\"{bd12f3b8-fc40-4a61-a307-b7a013a069c1}\"></Provider>\n<EventID Qualifiers=\"\">1</EventID>\n<Version>0</Version>\n<Level>0</Level>\n<Task>0</Task>\n<Opcode>0</Opcode>\n<Keywords>0x8000000000000000</Keywords>\n<TimeCreated SystemTime=\"2014-01-25 13:51:44.603539+00:00\"></TimeCreated>\n<EventRecordID>560</EventRecordID>\n<Correlation ActivityID=\"\" RelatedActivityID=\"\"></Correlation>\n<Execution ProcessID=\"2816\" ThreadID=\"1868\"></Execution>\n<Channel>Setup</Channel>\n<Computer>IACIS-HDD-2014</Computer>\n<Security UserID=\"S-1-5-18\"></Security>\n</System>\n<UserData><CbsPackageInitiateChanges xmlns=\"http://manifests.microsoft.com/win/2004/08/windows/setup_provider\"><PackageIdentifier>KB2789645</PackageIdentifier>\n<InitialPackageState>Resolved</InitialPackageState>\n<IntendedPackageState>Installed</IntendedPackageState>\n<Client>WindowsUpdateAgent</Client>\n</CbsPackageInitiateChanges>\n</UserData>\n</Event>\n"
  },
  {
    "EventID": 4,
    "Timestamp": "2014-01-25 13:51:50.297550+00:00",
    "Computer": "IACIS-HDD-2014",
    "Channel": "Setup",
    "Level": "LogAlways",
    "EventData": {},
    "RawXml": "<Event xmlns=\"http://schemas.microsoft.com/win/2004/08/events/event\"><System><Provider Name=\"Microsoft-Windows-Servicing\" Guid=\"{bd12f3b8-fc40-4a61-a307-b7a013a069c1}\"></Provider>\n<EventID Qualifiers=\"\">4</EventID>\n<Version>0</Version>\n<Level>0</Level>\n<Task>0</Task>\n<Opcode>0</Opcode>\n<Keywords>0x8000000000000000</Keywords>\n<TimeCreated SystemTime=\"2014-01-25 13:51:50.297550+00:00\"></TimeCreated>\n<EventRecordID>561</EventRecordID>\n<Correlation ActivityID=\"\" RelatedActivityID=\"\"></Correlation>\n<Execution ProcessID=\"2816\" ThreadID=\"1868\"></Execution>\n<Channel>Setup</Channel>\n<Computer>IACIS-HDD-2014</Computer>\n<Security UserID=\"S-1-5-18\"></Security>\n</System>\n<UserData><CbsPackageChangeState xmlns=\"http://manifests.microsoft.com/win/2004/08/windows/setup_provider\"><PackageIdentifier>KB2789645</PackageIdentifier>\n<IntendedPackageState>Installed</IntendedPackageState>\n<ErrorCode>0x0</ErrorCode>\n<Client>WindowsUpdateAgent</Client>\n</CbsPackageChangeState>\n</UserData>\n</Event>\n"
  },
  {
    "EventID": 1,
    "Timestamp": "2014-01-25 13:51:51.139952+00:00",
    "Computer": "IACIS-HDD-2014",
    "Channel": "Setup",
    "Level": "LogAlways",
    "EventData": {},
    "RawXml": "<Event xmlns=\"http://schemas.microsoft.com/win/2004/08/events/event\"><System><Provider Name=\"Microsoft-Windows-Servicing\" Guid=\"{bd12f3b8-fc40-4a61-a307-b7a013a069c1}\"></Provider>\n<EventID Qualifiers=\"\">1</EventID>\n<Version>0</Version>\n<Level>0</Level>\n<Task>0</Task>\n<Opcode>0</Opcode>\n<Keywords>0x8000000000000000</Keywords>\n<TimeCreated SystemTime=\"2014-01-25 13:51:51.139952+00:00\"></TimeCreated>\n<EventRecordID>562</EventRecordID>\n<Correlation ActivityID=\"\" RelatedActivityID=\"\"></Correlation>\n<Execution ProcessID=\"2816\" ThreadID=\"1868\"></Execution>\n<Channel>Setup</Channel>\n<Computer>IACIS-HDD-2014</Computer>\n<Security UserID=\"S-1-5-18\"></Security>\n</System>\n<UserData><CbsPackageInitiateChanges xmlns=\"http://manifests.microsoft.com/win/2004/08/windows/setup_provider\"><PackageIdentifier>KB2656356</PackageIdentifier>\n<InitialPackageState>Resolved</InitialPackageState>\n<IntendedPackageState>Installed</IntendedPackageState>\n<Client>WindowsUpdateAgent</Client>\n</CbsPackageInitiateChanges>\n</UserData>\n</Event>\n"
  },
  {
    "EventID": 4,
    "Timestamp": "2014-01-25 13:52:01.669970+00:00",
    "Computer": "IACIS-HDD-2014",
    "Channel": "Setup",
    "Level": "LogAlways",
    "EventData": {},
    "RawXml": "<Event xmlns=\"http://schemas.microsoft.com/win/2004/08/events/event\"><System><Provider Name=\"Microsoft-Windows-Servicing\" Guid=\"{bd12f3b8-fc40-4a61-a307-b7a013a069c1}\"></Provider>\n<EventID Qualifiers=\"\">4</EventID>\n<Version>0</Version>\n<Level>0</Level>\n<Task>0</Task>\n<Opcode>0</Opcode>\n<Keywords>0x8000000000000000</Keywords>\n<TimeCreated SystemTime=\"2014-01-25 13:52:01.669970+00:00\"></TimeCreated>\n<EventRecordID>563</EventRecordID>\n<Correlation ActivityID=\"\" RelatedActivityID=\"\"></Correlation>\n<Execution ProcessID=\"2816\" ThreadID=\"1868\"></Execution>\n<Channel>Setup</Channel>\n<Computer>IACIS-HDD-2014</Computer>\n<Security UserID=\"S-1-5-18\"></Security>\n</System>\n<UserData><CbsPackageChangeState xmlns=\"http://manifests.microsoft.com/win/2004/08/windows/setup_provider\"><PackageIdentifier>KB2656356</PackageIdentifier>\n<IntendedPackageState>Installed</IntendedPackageState>\n<ErrorCode>0x0</ErrorCode>\n<Client>WindowsUpdateAgent</Client>\n</CbsPackageChangeState>\n</UserData>\n</Event>\n"
  },
  {
    "EventID": 2,
    "Timestamp": "2014-01-25 13:53:25.986668+00:00",
    "Computer": "IACIS-HDD-2014",
    "Channel": "Setup",
    "Level": "LogAlways",
    "EventData": {},
    "RawXml": "<Event xmlns=\"http://schemas.microsoft.com/win/2004/08/events/event\"><System><Provider Name=\"Microsoft-Windows-Servicing\" Guid=\"{bd12f3b8-fc40-4a61-a307-b7a013a069c1}\"></Provider>\n<EventID Qualifiers=\"\">2</EventID>\n<Version>0</Version>\n<Level>0</Level>\n<Task>0</Task>\n<Opcode>0</Opcode>\n<Keywords>0x8000000000000000</Keywords>\n<TimeCreated SystemTime=\"2014-01-25 13:53:25.986668+00:00\"></TimeCreated>\n<EventRecordID>564</EventRecordID>\n<Correlation ActivityID=\"\" RelatedActivityID=\"\"></Correlation>\n<Execution ProcessID=\"1012\" ThreadID=\"1044\"></Execution>\n<Channel>Setup</Channel>\n<Computer>IACIS-HDD-2014</Computer>\n<Security UserID=\"S-1-5-18\"></Security>\n</System>\n<UserData><CbsPackageChangeState xmlns=\"http://manifests.microsoft.com/win/2004/08/windows/setup_provider\"><PackageIdentifier>KB2864058</PackageIdentifier>\n<IntendedPackageState>Installed</IntendedPackageState>\n<ErrorCode>0x0</ErrorCode>\n<Client>WindowsUpdateAgent</Client>\n</CbsPackageChangeState>\n</UserData>\n</Event>\n"
  },
  {
    "EventID": 2,
    "Timestamp": "2014-01-25 13:53:26.329870+00:00",
    "Computer": "IACIS-HDD-2014",
    "Channel": "Setup",
    "Level": "LogAlways",
    "EventData": {},
    "RawXml": "<Event xmlns=\"http://schemas.microsoft.com/win/2004/08/events/event\"><System><Provider Name=\"Microsoft-Windows-Servicing\" Guid=\"{bd12f3b8-fc40-4a61-a307-b7a013a069c1}\"></Provider>\n<EventID Qualifiers=\"\">2</EventID>\n<Version>0</Version>\n<Level>0</Level>\n<Task>0</Task>\n<Opcode>0</Opcode>\n<Keywords>0x8000000000000000</Keywords>\n<TimeCreated SystemTime=\"2014-01-25 13:53:26.329870+00:00\"></TimeCreated>\n<EventRecordID>565</EventRecordID>\n<Correlation ActivityID=\"\" RelatedActivityID=\"\"></Correlation>\n<Execution ProcessID=\"1012\" ThreadID=\"1044\"></Execution>\n<Channel>Setup</Channel>\n<Computer>IACIS-HDD-2014</Computer>\n<Security UserID=\"S-1-5-18\"></Security>\n</System>\n<UserData><CbsPackageChangeState xmlns=\"http://manifests.microsoft.com/win/2004/08/windows/setup_provider\"><PackageIdentifier>KB2560656</PackageIdentifier>\n<IntendedPackageState>Installed</IntendedPackageState>\n<ErrorCode>0x0</ErrorCode>\n<Client>WindowsUpdateAgent</Client>\n</CbsPackageChangeState>\n</UserData>\n</Event>\n"
  },
  {
    "EventID": 2,
    "Timestamp": "2014-01-25 13:53:26.376669+00:00",
    "Computer": "IACIS-HDD-2014",
    "Channel": "Setup",
    "Level": "LogAlways",
    "EventData": {},
    "RawXml": "<Event xmlns=\"http://schemas.microsoft.com/win/2004/08/events/event\"><System><Provider Name=\"Microsoft-Windows-Servicing\" Guid=\"{bd12f3b8-fc40-4a61-a307-b7a013a069c1}\"></Provider>\n<EventID Qualifiers=\"\">2</EventID>\n<Version>0</Version>\n<Level>0</Level>\n<Task>0</Task>\n<Opcode>0</Opcode>\n<Keywords>0x8000000000000000</Keywords>\n<TimeCreated SystemTime=\"2014-01-25 13:53:26.376669+00:00\"></TimeCreated>\n<EventRecordID>566</EventRecordID>\n<Correlation ActivityID=\"\" RelatedActivityID=\"\"></Correlation>\n<Execution ProcessID=\"1012\" ThreadID=\"1044\"></Execution>\n<Channel>Setup</Channel>\n<Computer>IACIS-HDD-2014</Computer>\n<Security UserID=\"S-1-5-18\"></Security>\n</System>\n<UserData><CbsPackageChangeState xmlns=\"http://manifests.microsoft.com/win/2004/08/windows/setup_provider\"><PackageIdentifier>KB2789645</PackageIdentifier>\n<IntendedPackageState>Installed</IntendedPackageState>\n<ErrorCode>0x0</ErrorCode>\n<Client>WindowsUpdateAgent</Client>\n</CbsPackageChangeState>\n</UserData>\n</Event>\n"
  },
  {
    "EventID": 2,
    "Timestamp": "2014-01-25 13:53:26.392269+00:00",
    "Computer": "IACIS-HDD-2014",
    "Channel": "Setup",
    "Level": "LogAlways",
    "EventData": {},
    "RawXml": "<Event xmlns=\"http://schemas.microsoft.com/win/2004/08/events/event\"><System><Provider Name=\"Microsoft-Windows-Servicing\" Guid=\"{bd12f3b8-fc40-4a61-a307-b7a013a069c1}\"></Provider>\n<EventID Qualifiers=\"\">2</EventID>\n<Version>0</Version>\n<Level>0</Level>\n<Task>0</Task>\n<Opcode>0</Opcode>\n<Keywords>0x8000000000000000</Keywords>\n<TimeCreated SystemTime=\"2014-01-25 13:53:26.392269+00:00\"></TimeCreated>\n<EventRecordID>567</EventRecordID>\n<Correlation ActivityID=\"\" RelatedActivityID=\"\"></Correlation>\n<Execution ProcessID=\"1012\" ThreadID=\"1044\"></Execution>\n<Channel>Setup</Channel>\n<Computer>IACIS-HDD-2014</Computer>\n<Security UserID=\"S-1-5-18\"></Security>\n</System>\n<UserData><CbsPackageChangeState xmlns=\"http://manifests.microsoft.com/win/2004/08/windows/setup_provider\"><PackageIdentifier>KB2656356</PackageIdentifier>\n<IntendedPackageState>Installed</IntendedPackageState>\n<ErrorCode>0x0</ErrorCode>\n<Client>WindowsUpdateAgent</Client>\n</CbsPackageChangeState>\n</UserData>\n</Event>\n"
  },
  {
    "EventID": 1,
    "Timestamp": "2014-01-25 14:50:27.169851+00:00",
    "Computer": "IACIS-HDD-2014",
    "Channel": "Setup",
    "Level": "LogAlways",
    "EventData": {},
    "RawXml": "<Event xmlns=\"http://schemas.microsoft.com/win/2004/08/events/event\"><System><Provider Name=\"Microsoft-Windows-Servicing\" Guid=\"{bd12f3b8-fc40-4a61-a307-b7a013a069c1}\"></Provider>\n<EventID Qualifiers=\"\">1</EventID>\n<Version>0</Version>\n<Level>0</Level>\n<Task>0</Task>\n<Opcode>0</Opcode>\n<Keywords>0x8000000000000000</Keywords>\n<TimeCreated SystemTime=\"2014-01-25 14:50:27.169851+00:00\"></TimeCreated>\n<EventRecordID>568</EventRecordID>\n<Correlation ActivityID=\"\" RelatedActivityID=\"\"></Correlation>\n<Execution ProcessID=\"2208\" ThreadID=\"572\"></Execution>\n<Channel>Setup</Channel>\n<Computer>IACIS-HDD-2014</Computer>\n<Security UserID=\"S-1-5-18\"></Security>\n</System>\n<UserData><CbsPackageInitiateChanges xmlns=\"http://manifests.microsoft.com/win/2004/08/windows/setup_provider\"><PackageIdentifier>KBWUClient-SelfUpdate-Aux</PackageIdentifier>\n<InitialPackageState>Staged</InitialPackageState>\n<IntendedPackageState>Installed</IntendedPackageState>\n<Client>WindowsUpdateAgent</Client>\n</CbsPackageInitiateChanges>\n</UserData>\n</Event>\n"
  },
  {
    "EventID": 2,
    "Timestamp": "2014-01-25 15:25:37.944147+00:00",
    "Computer": "IACIS-HDD-2014",
    "Channel": "Setup",
    "Level": "LogAlways",
    "EventData": {},
    "RawXml": "<Event xmlns=\"http://schemas.microsoft.com/win/2004/08/events/event\"><System><Provider Name=\"Microsoft-Windows-Servicing\" Guid=\"{bd12f3b8-fc40-4a61-a307-b7a013a069c1}\"></Provider>\n<EventID Qualifiers=\"\">2</EventID>\n<Version>0</Version>\n<Level>0</Level>\n<Task>0</Task>\n<Opcode>0</Opcode>\n<Keywords>0x8000000000000000</Keywords>\n<TimeCreated SystemTime=\"2014-01-25 15:25:37.944147+00:00\"></TimeCreated>\n<EventRecordID>569</EventRecordID>\n<Correlation ActivityID=\"\" RelatedActivityID=\"\"></Correlation>\n<Execution ProcessID=\"376\" ThreadID=\"1180\"></Execution>\n<Channel>Setup</Channel>\n<Computer>IACIS-HDD-2014</Computer>\n<Security UserID=\"S-1-5-18\"></Security>\n</System>\n<UserData><CbsPackageChangeState xmlns=\"http://manifests.microsoft.com/win/2004/08/windows/setup_provider\"><PackageIdentifier>KBWUClient-SelfUpdate-Aux</PackageIdentifier>\n<IntendedPackageState>Installed</IntendedPackageState>\n<ErrorCode>0x0</ErrorCode>\n<Client>WindowsUpdateAgent</Client>\n</CbsPackageChangeState>\n</UserData>\n</Event>\n"
  },
  {
    "EventID": 1,
    "Timestamp": "2014-01-29 12:35:02.526356+00:00",
    "Computer": "IACIS-HDD-2014",
    "Channel": "Setup",
    "Level": "LogAlways",
    "EventData": {},
    "RawXml": "<Event xmlns=\"http://schemas.microsoft.com/win/2004/08/events/event\"><System><Provider Name=\"Microsoft-Windows-Servicing\" Guid=\"{bd12f3b8-fc40-4a61-a307-b7a013a069c1}\"></Provider>\n<EventID Qualifiers=\"\">1</EventID>\n<Version>0</Version>\n<Level>0</Level>\n<Task>0</Task>\n<Opcode>0</Opcode>\n<Keywords>0x8000000000000000</Keywords>\n<TimeCreated SystemTime=\"2014-01-29 12:35:02.526356+00:00\"></TimeCreated>\n<EventRecordID>570</EventRecordID>\n<Correlation ActivityID=\"\" RelatedActivityID=\"\"></Correlation>\n<Execution ProcessID=\"2724\" ThreadID=\"1900\"></Execution>\n<Channel>Setup</Channel>\n<Computer>IACIS-HDD-2014</Computer>\n<Security UserID=\"S-1-5-18\"></Security>\n</System>\n<UserData><CbsPackageInitiateChanges xmlns=\"http://manifests.microsoft.com/win/2004/08/windows/setup_provider\"><PackageIdentifier>KB2532531</PackageIdentifier>\n<InitialPackageState>Absent</InitialPackageState>\n<IntendedPackageState>Staged</IntendedPackageState>\n<Client>WindowsUpdateAgent</Client>\n</CbsPackageInitiateChanges>\n</UserData>\n</Event>\n"
  },
  {
    "EventID": 3,
    "Timestamp": "2014-01-29 12:35:26.620979+00:00",
    "Computer": "IACIS-HDD-2014",
    "Channel": "Setup",
    "Level": "LogAlways",
    "EventData": {},
    "RawXml": "<Event xmlns=\"http://schemas.microsoft.com/win/2004/08/events/event\"><System><Provider Name=\"Microsoft-Windows-Servicing\" Guid=\"{bd12f3b8-fc40-4a61-a307-b7a013a069c1}\"></Provider>\n<EventID Qualifiers=\"\">3</EventID>\n<Version>0</Version>\n<Level>0</Level>\n<Task>0</Task>\n<Opcode>0</Opcode>\n<Keywords>0x8000000000000000</Keywords>\n<TimeCreated SystemTime=\"2014-01-29 12:35:26.620979+00:00\"></TimeCreated>\n<EventRecordID>571</EventRecordID>\n<Correlation ActivityID=\"\" RelatedActivityID=\"\"></Correlation>\n<Execution ProcessID=\"2724\" ThreadID=\"1900\"></Execution>\n<Channel>Setup</Channel>\n<Computer>IACIS-HDD-2014</Computer>\n<Security UserID=\"S-1-5-18\"></Security>\n</System>\n<UserData><CbsPackageChangeState xmlns=\"http://manifests.microsoft.com/win/2004/08/windows/setup_provider\"><PackageIdentifier>KB2532531</PackageIdentifier>\n<IntendedPackageState>Staged</IntendedPackageState>\n<ErrorCode>0x800f0816</ErrorCode>\n<Client>WindowsUpdateAgent</Client>\n</CbsPackageChangeState>\n</UserData>\n</Event>\n"
  },
  {
    "EventID": 1,
    "Timestamp": "2014-01-29 15:36:33.258326+00:00",
    "Computer": "IACIS-HDD-2014",
    "Channel": "Setup",
    "Level": "LogAlways",
    "EventData": {},
    "RawXml": "<Event xmlns=\"http://schemas.microsoft.com/win/2004/08/events/event\"><System><Provider Name=\"Microsoft-Windows-Servicing\" Guid=\"{bd12f3b8-fc40-4a61-a307-b7a013a069c1}\"></Provider>\n<EventID Qualifiers=\"\">1</EventID>\n<Version>0</Version>\n<Level>0</Level>\n<Task>0</Task>\n<Opcode>0</Opcode>\n<Keywords>0x8000000000000000</Keywords>\n<TimeCreated SystemTime=\"2014-01-29 15:36:33.258326+00:00\"></TimeCreated>\n<EventRecordID>572</EventRecordID>\n<Correlation ActivityID=\"\" RelatedActivityID=\"\"></Correlation>\n<Execution ProcessID=\"2748\" ThreadID=\"2160\"></Execution>\n<Channel>Setup</Channel>\n<Computer>IACIS-HDD-2014</Computer>\n<Security UserID=\"S-1-5-18\"></Security>\n</System>\n<UserData><CbsPackageInitiateChanges xmlns=\"http://manifests.microsoft.com/win/2004/08/windows/setup_provider\"><PackageIdentifier>KB2532531</PackageIdentifier>\n<InitialPackageState>Resolved</InitialPackageState>\n<IntendedPackageState>Installed</IntendedPackageState>\n<Client>WindowsUpdateAgent</Client>\n</CbsPackageInitiateChanges>\n</UserData>\n</Event>\n"
  },
  {
    "EventID": 4,
    "Timestamp": "2014-01-29 15:36:42.275143+00:00",
    "Computer": "IACIS-HDD-2014",
    "Channel": "Setup",
    "Level": "LogAlways",
    "EventData": {},
    "RawXml": "<Event xmlns=\"http://schemas.microsoft.com/win/2004/08/events/event\"><System><Provider Name=\"Microsoft-Windows-Servicing\" Guid=\"{bd12f3b8-fc40-4a61-a307-b7a013a069c1}\"></Provider>\n<EventID Qualifiers=\"\">4</EventID>\n<Version>0</Version>\n<Level>0</Level>\n<Task>0</Task>\n<Opcode>0</Opcode>\n<Keywords>0x8000000000000000</Keywords>\n<TimeCreated SystemTime=\"2014-01-29 15:36:42.275143+00:00\"></TimeCreated>\n<EventRecordID>573</EventRecordID>\n<Correlation ActivityID=\"\" RelatedActivityID=\"\"></Correlation>\n<Execution ProcessID=\"2748\" ThreadID=\"2160\"></Execution>\n<Channel>Setup</Channel>\n<Computer>IACIS-HDD-2014</Computer>\n<Security UserID=\"S-1-5-18\"></Security>\n</System>\n<UserData><CbsPackageChangeState xmlns=\"http://manifests.microsoft.com/win/2004/08/windows/setup_provider\"><PackageIdentifier>KB2532531</PackageIdentifier>\n<IntendedPackageState>Installed</IntendedPackageState>\n<ErrorCode>0x0</ErrorCode>\n<Client>WindowsUpdateAgent</Client>\n</CbsPackageChangeState>\n</UserData>\n</Event>\n"
  },
  {
    "EventID": 1,
    "Timestamp": "2014-01-29 15:36:45.878748+00:00",
    "Computer": "IACIS-HDD-2014",
    "Channel": "Setup",
    "Level": "LogAlways",
    "EventData": {},
    "RawXml": "<Event xmlns=\"http://schemas.microsoft.com/win/2004/08/events/event\"><System><Provider Name=\"Microsoft-Windows-Servicing\" Guid=\"{bd12f3b8-fc40-4a61-a307-b7a013a069c1}\"></Provider>\n<EventID Qualifiers=\"\">1</EventID>\n<Version>0</Version>\n<Level>0</Level>\n<Task>0</Task>\n<Opcode>0</Opcode>\n<Keywords>0x8000000000000000</Keywords>\n<TimeCreated SystemTime=\"2014-01-29 15:36:45.878748+00:00\"></TimeCreated>\n<EventRecordID>574</EventRecordID>\n<Correlation ActivityID=\"\" RelatedActivityID=\"\"></Correlation>\n<Execution ProcessID=\"2748\" ThreadID=\"2160\"></Execution>\n<Channel>Setup</Channel>\n<Computer>IACIS-HDD-2014</Computer>\n<Security UserID=\"S-1-5-18\"></Security>\n</System>\n<UserData><CbsPackageInitiateChanges xmlns=\"http://manifests.microsoft.com/win/2004/08/windows/setup_provider\"><PackageIdentifier>KB2898785</PackageIdentifier>\n<InitialPackageState>Absent</InitialPackageState>\n<IntendedPackageState>Installed</IntendedPackageState>\n<Client>WindowsUpdateAgent</Client>\n</CbsPackageInitiateChanges>\n</UserData>\n</Event>\n"
  },
  {
    "EventID": 4,
    "Timestamp": "2014-01-29 15:37:51.508064+00:00",
    "Computer": "IACIS-HDD-2014",
    "Channel": "Setup",
    "Level": "LogAlways",
    "EventData": {},
    "RawXml": "<Event xmlns=\"http://schemas.microsoft.com/win/2004/08/events/event\"><System><Provider Name=\"Microsoft-Windows-Servicing\" Guid=\"{bd12f3b8-fc40-4a61-a307-b7a013a069c1}\"></Provider>\n<EventID Qualifiers=\"\">4</EventID>\n<Version>0</Version>\n<Level>0</Level>\n<Task>0</Task>\n<Opcode>0</Opcode>\n<Keywords>0x8000000000000000</Keywords>\n<TimeCreated SystemTime=\"2014-01-29 15:37:51.508064+00:00\"></TimeCreated>\n<EventRecordID>575</EventRecordID>\n<Correlation ActivityID=\"\" RelatedActivityID=\"\"></Correlation>\n<Execution ProcessID=\"2748\" ThreadID=\"2160\"></Execution>\n<Channel>Setup</Channel>\n<Computer>IACIS-HDD-2014</Computer>\n<Security UserID=\"S-1-5-18\"></Security>\n</System>\n<UserData><CbsPackageChangeState xmlns=\"http://manifests.microsoft.com/win/2004/08/windows/setup_provider\"><PackageIdentifier>KB2898785</PackageIdentifier>\n<IntendedPackageState>Installed</IntendedPackageState>\n<ErrorCode>0x0</ErrorCode>\n<Client>WindowsUpdateAgent</Client>\n</CbsPackageChangeState>\n</UserData>\n</Event>\n"
  },
  {
    "EventID": 2,
    "Timestamp": "2014-02-03 12:02:10.448280+00:00",
    "Computer": "IACIS-HDD-2014",
    "Channel": "Setup",
    "Level": "LogAlways",
    "EventData": {},
    "RawXml": "<Event xmlns=\"http://schemas.microsoft.com/win/2004/08/events/event\"><System><Provider Name=\"Microsoft-Windows-Servicing\" Guid=\"{bd12f3b8-fc40-4a61-a307-b7a013a069c1}\"></Provider>\n<EventID Qualifiers=\"\">2</EventID>\n<Version>0</Version>\n<Level>0</Level>\n<Task>0</Task>\n<Opcode>0</Opcode>\n<Keywords>0x8000000000000000</Keywords>\n<TimeCreated SystemTime=\"2014-02-03 12:02:10.448280+00:00\"></TimeCreated>\n<EventRecordID>576</EventRecordID>\n<Correlation ActivityID=\"\" RelatedActivityID=\"\"></Correlation>\n<Execution ProcessID=\"340\" ThreadID=\"1136\"></Execution>\n<Channel>Setup</Channel>\n<Computer>IACIS-HDD-2014</Computer>\n<Security UserID=\"S-1-5-18\"></Security>\n</System>\n<UserData><CbsPackageChangeState xmlns=\"http://manifests.microsoft.com/win/2004/08/windows/setup_provider\"><PackageIdentifier>KB2532531</PackageIdentifier>\n<IntendedPackageState>Installed</IntendedPackageState>\n<ErrorCode>0x0</ErrorCode>\n<Client>WindowsUpdateAgent</Client>\n</CbsPackageChangeState>\n</UserData>\n</Event>\n"
  },
  {
    "EventID": 2,
    "Timestamp": "2014-02-03 12:02:10.775881+00:00",
    "Computer": "IACIS-HDD-2014",
    "Channel": "Setup",
    "Level": "LogAlways",
    "EventData": {},
    "RawXml": "<Event xmlns=\"http://schemas.microsoft.com/win/2004/08/events/event\"><System><Provider Name=\"Microsoft-Windows-Servicing\" Guid=\"{bd12f3b8-fc40-4a61-a307-b7a013a069c1}\"></Provider>\n<EventID Qualifiers=\"\">2</EventID>\n<Version>0</Version>\n<Level>0</Level>\n<Task>0</Task>\n<Opcode>0</Opcode>\n<Keywords>0x8000000000000000</Keywords>\n<TimeCreated SystemTime=\"2014-02-03 12:02:10.775881+00:00\"></TimeCreated>\n<EventRecordID>577</EventRecordID>\n<Correlation ActivityID=\"\" RelatedActivityID=\"\"></Correlation>\n<Execution ProcessID=\"340\" ThreadID=\"1136\"></Execution>\n<Channel>Setup</Channel>\n<Computer>IACIS-HDD-2014</Computer>\n<Security UserID=\"S-1-5-18\"></Security>\n</System>\n<UserData><CbsPackageChangeState xmlns=\"http://manifests.microsoft.com/win/2004/08/windows/setup_provider\"><PackageIdentifier>KB2898785</PackageIdentifier>\n<IntendedPackageState>Installed</IntendedPackageState>\n<ErrorCode>0x0</ErrorCode>\n<Client>WindowsUpdateAgent</Client>\n</CbsPackageChangeState>\n</UserData>\n</Event>\n"
  },
  {
    "EventID": 1,
    "Timestamp": "2014-02-04 14:59:24.751303+00:00",
    "Computer": "IACIS-HDD-2014",
    "Channel": "Setup",
    "Level": "LogAlways",
    "EventData": {},
    "RawXml": "<Event xmlns=\"http://schemas.microsoft.com/win/2004/08/events/event\"><System><Provider Name=\"Microsoft-Windows-Servicing\" Guid=\"{bd12f3b8-fc40-4a61-a307-b7a013a069c1}\"></Provider>\n<EventID Qualifiers=\"\">1</EventID>\n<Version>0</Version>\n<Level>0</Level>\n<Task>0</Task>\n<Opcode>0</Opcode>\n<Keywords>0x8000000000000000</Keywords>\n<TimeCreated SystemTime=\"2014-02-04 14:59:24.751303+00:00\"></TimeCreated>\n<EventRecordID>578</EventRecordID>\n<Correlation ActivityID=\"\" RelatedActivityID=\"\"></Correlation>\n<Execution ProcessID=\"3880\" ThreadID=\"3144\"></Execution>\n<Channel>Setup</Channel>\n<Computer>IACIS-HDD-2014</Computer>\n<Security UserID=\"S-1-5-18\"></Security>\n</System>\n<UserData><CbsPackageInitiateChanges xmlns=\"http://manifests.microsoft.com/win/2004/08/windows/setup_provider\"><PackageIdentifier>KB958488</PackageIdentifier>\n<InitialPackageState>Absent</InitialPackageState>\n<IntendedPackageState>Installed</IntendedPackageState>\n<Client>WindowsUpdateAgent</Client>\n</CbsPackageInitiateChanges>\n</UserData>\n</Event>\n"
  },
  {
    "EventID": 2,
    "Timestamp": "2014-02-04 14:59:40.261324+00:00",
    "Computer": "IACIS-HDD-2014",
    "Channel": "Setup",
    "Level": "LogAlways",
    "EventData": {},
    "RawXml": "<Event xmlns=\"http://schemas.microsoft.com/win/2004/08/events/event\"><System><Provider Name=\"Microsoft-Windows-Servicing\" Guid=\"{bd12f3b8-fc40-4a61-a307-b7a013a069c1}\"></Provider>\n<EventID Qualifiers=\"\">2</EventID>\n<Version>0</Version>\n<Level>0</Level>\n<Task>0</Task>\n<Opcode>0</Opcode>\n<Keywords>0x8000000000000000</Keywords>\n<TimeCreated SystemTime=\"2014-02-04 14:59:40.261324+00:00\"></TimeCreated>\n<EventRecordID>579</EventRecordID>\n<Correlation ActivityID=\"\" RelatedActivityID=\"\"></Correlation>\n<Execution ProcessID=\"3880\" ThreadID=\"3144\"></Execution>\n<Channel>Setup</Channel>\n<Computer>IACIS-HDD-2014</Computer>\n<Security UserID=\"S-1-5-18\"></Security>\n</System>\n<UserData><CbsPackageChangeState xmlns=\"http://manifests.microsoft.com/win/2004/08/windows/setup_provider\"><PackageIdentifier>KB958488</PackageIdentifier>\n<IntendedPackageState>Installed</IntendedPackageState>\n<ErrorCode>0x0</ErrorCode>\n<Client>WindowsUpdateAgent</Client>\n</CbsPackageChangeState>\n</UserData>\n</Event>\n"
  },
  {
    "EventID": 2,
    "Timestamp": "2014-02-04 14:59:41.281326+00:00",
    "Computer": "IACIS-HDD-2014",
    "Channel": "Setup",
    "Level": "Information",
    "EventData": {
      "UpdateTitle": "\"Update for Windows (KB958488)\"",
      "CommandLine": "wusa.exe \"C:\\Users\\SGTJOE~1.NAM\\AppData\\Local\\Temp\\Microsoft .NET Framework 4 Setup_4.0.30319\\Windows6.1-KB958488-v6001-x64.msu\" /quiet /norestart"
    },
    "RawXml": "<Event xmlns=\"http://schemas.microsoft.com/win/2004/08/events/event\"><System><Provider Name=\"Microsoft-Windows-WUSA\" Guid=\"{09608c12-c1da-4104-a6fe-b959cf57560a}\"></Provider>\n<EventID Qualifiers=\"\">2</EventID>\n<Version>0</Version>\n<Level>4</Level>\n<Task>0</Task>\n<Opcode>0</Opcode>\n<Keywords>0x8000000000000000</Keywords>\n<TimeCreated SystemTime=\"2014-02-04 14:59:41.281326+00:00\"></TimeCreated>\n<EventRecordID>580</EventRecordID>\n<Correlation ActivityID=\"\" RelatedActivityID=\"\"></Correlation>\n<Execution ProcessID=\"2176\" ThreadID=\"4044\"></Execution>\n<Channel>Setup</Channel>\n<Computer>IACIS-HDD-2014</Computer>\n<Security UserID=\"S-1-5-21-1171287513-3642516788-2358256967-1003\"></Security>\n</System>\n<EventData><Data Name=\"UpdateTitle\">\"Update for Windows (KB958488)\"</Data>\n<Data Name=\"CommandLine\">wusa.exe \"C:\\Users\\SGTJOE~1.NAM\\AppData\\Local\\Temp\\Microsoft .NET Framework 4 Setup_4.0.30319\\Windows6.1-KB958488-v6001-x64.msu\" /quiet /norestart</Data>\n</EventData>\n</Event>\n"
  }
]