[
  {
    "EventID": 1,
    "Timestamp": "2014-01-25 01:28:21.054764+00:00",
    "Computer": "IACIS-HDD-2014",
    "Channel": "Setup",
    "Level": "LogAlways",
    "EventData": {},
    "RawXml": "<Event xmlns=\"http://schemas.microsoft.com/win/2004/08/events/event\"><System><Provider Name=\"Microsoft-Windows-Servicing\" Guid=\"{bd12f3b8-fc40-4a61-a307-b7a013a069c1}\"></Provider>\n<EventID Qualifiers=\"\">1</EventID>\n<Version>0</Version>\n<Level>0</Level>\n<Task>0</Task>\n<Opcode>0</Opcode>\n<Keywords>0x8000000000000000</Keywords>\n<TimeCreated SystemTime=\"2014-01-25 01:28:21.054764+00:00\"></TimeCreated>\n<EventRecordID>1</EventRecordID>\n<Correlation ActivityID=\"\" RelatedActivityID=\"\"></Correlation>\n<Execution ProcessID=\"1068\" ThreadID=\"2692\"></Execution>\n<Channel>Setup</Channel>\n<Computer>IACIS-HDD-2014</Computer>\n<Security UserID=\"S-1-5-18\"></Security>\n</System>\n<UserData><CbsPackageInitiateChanges xmlns=\"http://manifests.microsoft.com/win/2004/08/windows/setup_provider\"><PackageIdentifier>WindowsUpdateClient-SelfUpdate-ActiveX-Package</PackageIdentifier>\n<InitialPackageState>Absent</InitialPackageState>\n<IntendedPackageState>Staged</IntendedPackageState>\n<Client>WindowsUpdateAgent</Client>\n</CbsPackageInitiateChanges>\n</UserData>\n</Event>\n"
  },
  {
    "EventID": 2,
    "Timestamp": "2014-01-25 01:28:29.431980+00:00",
    "Computer": "IACIS-HDD-2014",
    "Channel": "Setup",
    "Level": "LogAlways",
    "EventData": {},
    "RawXml": "<Event xmlns=\"http://schemas.microsoft.com/win/2004/08/events/event\"><System><Provider Name=\"Microsoft-Windows-Servicing\" Guid=\"{bd12f3b8-fc40-4a61-a307-b7a013a069c1}\"></Provider>\n<EventID Qualifiers=\"\">2</EventID>\n<Version>0</Version>\n<Level>0</Level>\n<Task>0</Task>\n<Opcode>0</Opcode>\n<Keywords>0x8000000000000000</Keywords>\n<TimeCreated SystemTime=\"2014-01-25 01:28:29.431980+00:00\"></TimeCreated>\n<EventRecordID>2</EventRecordID>\n<Correlation ActivityID=\"\" RelatedActivityID=\"\"></Correlation>\n<Execution ProcessID=\"1068\" ThreadID=\"2692\"></Execution>\n<Channel>Setup</Channel>\n<Computer>IACIS-HDD-2014</Computer>\n<Security UserID=\"S-1-5-18\"></Security>\n</System>\n<UserData><CbsPackageChangeState xmlns=\"http://manifests.microsoft.com/win/2004/08/windows/setup_provider\"><PackageIdentifier>WindowsUpdateClient-SelfUpdate-ActiveX-Package</PackageIdentifier>\n<IntendedPackageState>Staged</IntendedPackageState>\n<ErrorCode>0x0</ErrorCode>\n<Client>WindowsUpdateAgent</Client>\n</CbsPackageChangeState>\n</UserData>\n</Event>\n"
  },
  {
    "EventID": 1,
    "Timestamp": "2014-01-25 01:28:32.052786+00:00",
    "Computer": "IACIS-HDD-2014",
    "Channel": "Setup",
    "Level": "LogAlways",
    "EventData": {},
    "RawXml": "<Event xmlns=\"http://schemas.microsoft.com/win/2004/08/events/event\"><System><Provider Name=\"Microsoft-Windows-Servicing\" Guid=\"{bd12f3b8-fc40-4a61-a307-b7a013a069c1}\"></Provider>\n<EventID Qualifiers=\"\">1</EventID>\n<Version>0</Version>\n<Level>0</Level>\n<Task>0</Task>\n<Opcode>0</Opcode>\n<Keywords>0x8000000000000000</Keywords>\n<TimeCreated SystemTime=\"2014-01-25 01:28:32.052786+00:00\"></TimeCreated>\n<EventRecordID>3</EventRecordID>\n<Correlation ActivityID=\"\" RelatedActivityID=\"\"></Correlation>\n<Execution ProcessID=\"1068\" ThreadID=\"2692\"></Execution>\n<Channel>Setup</Channel>\n<Computer>IACIS-HDD-2014</Computer>\n<Security UserID=\"S-1-5-18\"></Security>\n</System>\n<UserData><CbsPackageInitiateChanges xmlns=\"http://manifests.microsoft.com/win/2004/08/windows/setup_provider\"><PackageIdentifier>KBWUClient-SelfUpdate-Aux</PackageIdentifier>\n<InitialPackageState>Absent</InitialPackageState>\n<IntendedPackageState>Staged</IntendedPackageState>\n<Client>WindowsUpdateAgent</Client>\n</CbsPackageInitiateChanges>\n</UserData>\n</Event>\n"
  },
  {
    "EventID": 2,
    "Timestamp": "2014-01-25 01:28:40.258400+00:00",
    "Computer": "IACIS-HDD-2014",
    "Channel": "Setup",
    "Level": "LogAlways",
    "EventData": {},
    "RawXml": "<Event xmlns=\"http://schemas.microsoft.com/win/2004/08/events/event\"><System><Provider Name=\"Microsoft-Windows-Servicing\" Guid=\"{bd12f3b8-fc40-4a61-a307-b7a013a069c1}\"></Provider>\n<EventID Qualifiers=\"\">2</EventID>\n<Version>0</Version>\n<Level>0</Level>\n<Task>0</Task>\n<Opcode>0</Opcode>\n<Keywords>0x8000000000000000</Keywords>\n<TimeCreated SystemTime=\"2014-01-25 01:28:40.258400+00:00\"></TimeCreated>\n<EventRecordID>4</EventRecordID>\n<Correlation ActivityID=\"\" RelatedActivityID=\"\"></Correlation>\n<Execution ProcessID=\"1068\" ThreadID=\"2692\"></Execution>\n<Channel>Setup</Channel>\n<Computer>IACIS-HDD-2014</Computer>\n<Security UserID=\"S-1-5-18\"></Security>\n</System>\n<UserData><CbsPackageChangeState xmlns=\"http://manifests.microsoft.com/win/2004/08/windows/setup_provider\"><PackageIdentifier>KBWUClient-SelfUpdate-Aux</PackageIdentifier>\n<IntendedPackageState>Staged</IntendedPackageState>\n<ErrorCode>0x0</ErrorCode>\n<Client>WindowsUpdateAgent</Client>\n</CbsPackageChangeState>\n</UserData>\n</Event>\n"
  },
  {
    "EventID": 1,
    "Timestamp": "2014-01-25 01:28:42.426802+00:00",
    "Computer": "IACIS-HDD-2014",
    "Channel": "Setup",
    "Level": "LogAlways",
    "EventData": {},
    "RawXml": "<Event xmlns=\"http://schemas.microsoft.com/win/2004/08/events/event\"><System><Provider Name=\"Microsoft-Windows-Servicing\" Guid=\"{bd12f3b8-fc40-4a61-a307-b7a013a069c1}\"></Provider>\n<EventID Qualifiers=\"\">1</EventID>\n<Version>0</Version>\n<Level>0</Level>\n<Task>0</Task>\n<Opcode>0</Opcode>\n<Keywords>0x8000000000000000</Keywords>\n<TimeCreated SystemTime=\"2014-01-25 01:28:42.426802+00:00\"></TimeCreated>\n<EventRecordID>5</EventRecordID>\n<Correlation ActivityID=\"\" RelatedActivityID=\"\"></Correlation>\n<Execution ProcessID=\"1068\" ThreadID=\"2692\"></Execution>\n<Channel>Setup</Channel>\n<Computer>IACIS-HDD-2014</Computer>\n<Security UserID=\"S-1-5-18\"></Security>\n</System>\n<UserData><CbsPackageInitiateChanges xmlns=\"http://manifests.microsoft.com/win/2004/08/windows/setup_provider\"><PackageIdentifier>KBWUClient-SelfUpdate-Core</PackageIdentifier>\n<InitialPackageState>Absent</InitialPackageState>\n<IntendedPackageState>Staged</IntendedPackageState>\n<Client>WindowsUpdateAgent</Client>\n</CbsPackageInitiateChanges>\n</UserData>\n</Event>\n"
  },
  {
    "EventID": 2,
    "Timestamp": "2014-01-25 01:28:53.409222+00:00",
    "Computer": "IACIS-HDD-2014",
    "Channel": "Setup",
    "Level": "LogAlways",
    "EventData": {},
    "RawXml": "<Event xmlns=\"http://schemas.microsoft.com/win/2004/08/events/event\"><System><Provider Name=\"Microsoft-Windows-Servicing\" Guid=\"{bd12f3b8-fc40-4a61-a307-b7a013a069c1}\"></Provider>\n<EventID Qualifiers=\"\">2</EventID>\n<Version>0</Version>\n<Level>0</Level>\n<Task>0</Task>\n<Opcode>0</Opcode>\n<Keywords>0x8000000000000000</Keywords>\n<TimeCreated SystemTime=\"2014-01-25 01:28:53.409222+00:00\"></TimeCreated>\n<EventRecordID>6</EventRecordID>\n<Correlation ActivityID=\"\" RelatedActivityID=\"\"></Correlation>\n<Execution ProcessID=\"1068\" ThreadID=\"2692\"></Execution>\n<Channel>Setup</Channel>\n<Computer>IACIS-HDD-2014</Computer>\n<Security UserID=\"S-1-5-18\"></Security>\n</System>\n<UserData><CbsPackageChangeState xmlns=\"http://manifests.microsoft.com/win/2004/08/windows/setup_provider\"><PackageIdentifier>KBWUClient-SelfUpdate-Core</PackageIdentifier>\n<IntendedPackageState>Staged</IntendedPackageState>\n<ErrorCode>0x0</ErrorCode>\n<Client>WindowsUpdateAgent</Client>\n</CbsPackageChangeState>\n</UserData>\n</Event>\n"
  },
  {
    "EventID": 1,
    "Timestamp": "2014-01-25 01:29:04.079641+00:00",
    "Computer": "IACIS-HDD-2014",
    "Channel": "Setup",
    "Level": "LogAlways",
    "EventData": {},
    "RawXml": "<Event xmlns=\"http://schemas.microsoft.com/win/2004/08/events/event\"><System><Provider Name=\"Microsoft-Windows-Servicing\" Guid=\"{bd12f3b8-fc40-4a61-a307-b7a013a069c1}\"></Provider>\n<EventID Qualifiers=\"\">1</EventID>\n<Version>0</Version>\n<Level>0</Level>\n<Task>0</Task>\n<Opcode>0</Opcode>\n<Keywords>0x8000000000000000</Keywords>\n<TimeCreated SystemTime=\"2014-01-25 01:29:04.079641+00:00\"></TimeCreated>\n<EventRecordID>7</EventRecordID>\n<Correlation ActivityID=\"\" RelatedActivityID=\"\"></Correlation>\n<Execution ProcessID=\"1068\" ThreadID=\"2692\"></Execution>\n<Channel>Setup</Channel>\n<Computer>IACIS-HDD-2014</Computer>\n<Security UserID=\"S-1-5-18\"></Security>\n</System>\n<UserData><CbsPackageInitiateChanges xmlns=\"http://manifests.microsoft.com/win/2004/08/windows/setup_provider\"><PackageIdentifier>KBWUClient-SelfUpdate-Core</PackageIdentifier>\n<InitialPackageState>Staged</InitialPackageState>\n<IntendedPackageState>Installed</IntendedPackageState>\n<Client>WindowsUpdateAgent</Client>\n</CbsPackageInitiateChanges>\n</UserData>\n</Event>\n"
  },
  {
    "EventID": 2,
    "Timestamp": "2014-01-25 01:29:10.210451+00:00",
    "Computer": "IACIS-HDD-2014",
    "Channel": "Setup",
    "Level": "LogAlways",
    "EventData": {},
    "RawXml": "<Event xmlns=\"http://schemas.microsoft.com/win/2004/08/events/event\"><System><Provider Name=\"Microsoft-Windows-Servicing\" Guid=\"{bd12f3b8-fc40-4a61-a307-b7a013a069c1}\"></Provider>\n<EventID Qualifiers=\"\">2</EventID>\n<Version>0</Version>\n<Level>0</Level>\n<Task>0</Task>\n<Opcode>0</Opcode>\n<Keywords>0x8000000000000000</Keywords>\n<TimeCreated SystemTime=\"2014-01-25 01:29:10.210451+00:00\"></TimeCreated>\n<EventRecordID>8</EventRecordID>\n<Correlation ActivityID=\"\" RelatedActivityID=\"\"></Correlation>\n<Execution ProcessID=\"1068\" ThreadID=\"2692\"></Execution>\n<Channel>Setup</Channel>\n<Computer>IACIS-HDD-2014</Computer>\n<Security UserID=\"S-1-5-18\"></Security>\n</System>\n<UserData><CbsPackageChangeState xmlns=\"http://manifests.microsoft.com/win/2004/08/windows/setup_provider\"><PackageIdentifier>KBWUClient-SelfUpdate-Core</PackageIdentifier>\n<IntendedPackageState>Installed</IntendedPackageState>\n<ErrorCode>0x0</ErrorCode>\n<Client>WindowsUpdateAgent</Client>\n</CbsPackageChangeState>\n</UserData>\n</Event>\n"
  },
  {
    "EventID": 1,
    "Timestamp": "2014-01-25 01:29:10.740852+00:00",
    "Computer": "IACIS-HDD-2014",
    "Channel": "Setup",
    "Level": "LogAlways",
    "EventData": {},
    "RawXml": "<Event xmlns=\"http://schemas.microsoft.com/win/2004/08/events/event\"><System><Provider Name=\"Microsoft-Windows-Servicing\" Guid=\"{bd12f3b8-fc40-4a61-a307-b7a013a069c1}\"></Provider>\n<EventID Qualifiers=\"\">1</EventID>\n<Version>0</Version>\n<Level>0</Level>\n<Task>0</Task>\n<Opcode>0</Opcode>\n<Keywords>0x8000000000000000</Keywords>\n<TimeCreated SystemTime=\"2014-01-25 01:29:10.740852+00:00\"></TimeCreated>\n<EventRecordID>9</EventRecordID>\n<Correlation ActivityID=\"\" RelatedActivityID=\"\"></Correlation>\n<Execution ProcessID=\"1068\" ThreadID=\"2692\"></Execution>\n<Channel>Setup</Channel>\n<Computer>IACIS-HDD-2014</Computer>\n<Security UserID=\"S-1-5-18\"></Security>\n</System>\n<UserData><CbsPackageInitiateChanges xmlns=\"http://manifests.microsoft.com/win/2004/08/windows/setup_provider\"><PackageIdentifier>WindowsUpdateClient-SelfUpdate-ActiveX-Package</PackageIdentifier>\n<InitialPackageState>Staged</InitialPackageState>\n<IntendedPackageState>Installed</IntendedPackageState>\n<Client>WindowsUpdateAgent</Client>\n</CbsPackageInitiateChanges>\n</UserData>\n</Event>\n"
  },
  {
    "EventID": 2,
    "Timestamp": "2014-01-25 01:29:13.455257+00:00",
    "Computer": "IACIS-HDD-2014",
    "Channel": "Setup",
    "Level": "LogAlways",
    "EventData": {},
    "RawXml": "<Event xmlns=\"http://schemas.microsoft.com/win/2004/08/events/event\"><System><Provider Name=\"Microsoft-Windows-Servicing\" Guid=\"{bd12f3b8-fc40-4a61-a307-b7a013a069c1}\"></Provider>\n<EventID Qualifiers=\"\">2</EventID>\n<Version>0</Version>\n<Level>0</Level>\n<Task>0</Task>\n<Opcode>0</Opcode>\n<Keywords>0x8000000000000000</Keywords>\n<TimeCreated SystemTime=\"2014-01-25 01:29:13.455257+00:00\"></TimeCreated>\n<EventRecordID>10</EventRecordID>\n<Correlation ActivityID=\"\" RelatedActivityID=\"\"></Correlation>\n<Execution ProcessID=\"1068\" ThreadID=\"2692\"></Execution>\n<Channel>Setup</Channel>\n<Computer>IACIS-HDD-2014</Computer>\n<Security UserID=\"S-1-5-18\"></Security>\n</System>\n<UserData><CbsPackageChangeState xmlns=\"http://manifests.microsoft.com/win/2004/08/windows/setup_provider\"><PackageIdentifier>WindowsUpdateClient-SelfUpdate-ActiveX-Package</PackageIdentifier>\n<IntendedPackageState>Installed</IntendedPackageState>\n<ErrorCode>0x0</ErrorCode>\n<Client>WindowsUpdateAgent</Client>\n</CbsPackageChangeState>\n</UserData>\n</Event>\n"
  },
  {
    "EventID": 1,
    "Timestamp": "2014-01-25 01:29:14.297659+00:00",
    "Computer": "IACIS-HDD-2014",
    "Channel": "Setup",
    "Level": "LogAlways",
    "EventData": {},
    "RawXml": "<Event xmlns=\"http://schemas.microsoft.com/win/2004/08/events/event\"><System><Provider Name=\"Microsoft-Windows-Servicing\" Guid=\"{bd12f3b8-fc40-4a61-a307-b7a013a069c1}\"></Provider>\n<EventID Qualifiers=\"\">1</EventID>\n<Version>0</Version>\n<Level>0</Level>\n<Task>0</Task>\n<Opcode>0</Opcode>\n<Keywords>0x8000000000000000</Keywords>\n<TimeCreated SystemTime=\"2014-01-25 01:29:14.297659+00:00\"></TimeCreated>\n<EventRecordID>11</EventRecordID>\n<Correlation ActivityID=\"\" RelatedActivityID=\"\"></Correlation>\n<Execution ProcessID=\"1068\" ThreadID=\"2692\"></Execution>\n<Channel>Setup</Channel>\n<Computer>IACIS-HDD-2014</Computer>\n<Security UserID=\"S-1-5-18\"></Security>\n</System>\n<UserData><CbsPackageInitiateChanges xmlns=\"http://manifests.microsoft.com/win/2004/08/windows/setup_provider\"><PackageIdentifier>KBWUClient-SelfUpdate-Aux</PackageIdentifier>\n<InitialPackageState>Staged</InitialPackageState>\n<IntendedPackageState>Installed</IntendedPackageState>\n<Client>WindowsUpdateAgent</Client>\n</CbsPackageInitiateChanges>\n</UserData>\n</Event>\n"
  },
  {
    "EventID": 3,
    "Timestamp": "2014-01-25 01:29:16.980864+00:00",
    "Computer": "IACIS-HDD-2014",
    "Channel": "Setup",
    "Level": "LogAlways",
    "EventData": {},
    "RawXml": "<Event xmlns=\"http://schemas.microsoft.com/win/2004/08/events/event\"><System><Provider Name=\"Microsoft-Windows-Servicing\" Guid=\"{bd12f3b8-fc40-4a61-a307-b7a013a069c1}\"></Provider>\n<EventID Qualifiers=\"\">3</EventID>\n<Version>0</Version>\n<Level>0</Level>\n<Task>0</Task>\n<Opcode>0</Opcode>\n<Keywords>0x8000000000000000</Keywords>\n<TimeCreated SystemTime=\"2014-01-25 01:29:16.980864+00:00\"></TimeCreated>\n<EventRecordID>12</EventRecordID>\n<Correlation ActivityID=\"\" RelatedActivityID=\"\"></Correlation>\n<Execution ProcessID=\"1068\" ThreadID=\"2692\"></Execution>\n<Channel>Setup</Channel>\n<Computer>IACIS-HDD-2014</Computer>\n<Security UserID=\"S-1-5-18\"></Security>\n</System>\n<UserData><CbsPackageChangeState xmlns=\"http://manifests.microsoft.com/win/2004/08/windows/setup_provider\"><PackageIdentifier>KBWUClient-SelfUpdate-Aux</PackageIdentifier>\n<IntendedPackageState>Installed</IntendedPackageState>\n<ErrorCode>0x800f0806</ErrorCode>\n<Client>WindowsUpdateAgent</Client>\n</CbsPackageChangeState>\n</UserData>\n</Event>\n"
  },
  {
    "EventID": 1,
    "Timestamp": "2014-01-25 01:34:31.860970+00:00",
    "Computer": "IACIS-HDD-2014",
    "Channel": "Setup",
    "Level": "LogAlways",
    "EventData": {},
    "RawXml": "<Event xmlns=\"http://schemas.microsoft.com/win/2004/08/events/event\"><System><Provider Name=\"Microsoft-Windows-Servicing\" Guid=\"{bd12f3b8-fc40-4a61-a307-b7a013a069c1}\"></Provider>\n<EventID Qualifiers=\"\">1</EventID>\n<Version>0</Version>\n<Level>0</Level>\n<Task>0</Task>\n<Opcode>0</Opcode>\n<Keywords>0x8000000000000000</Keywords>\n<TimeCreated SystemTime=\"2014-01-25 01:34:31.860970+00:00\"></TimeCreated>\n<EventRecordID>13</EventRecordID>\n<Correlation ActivityID=\"\" RelatedActivityID=\"\"></Correlation>\n<Execution ProcessID=\"1068\" ThreadID=\"2692\"></Execution>\n<Channel>Setup</Channel>\n<Computer>IACIS-HDD-2014</Computer>\n<Security UserID=\"S-1-5-18\"></Security>\n</System>\n<UserData><CbsPackageInitiateChanges xmlns=\"http://manifests.microsoft.com/win/2004/08/windows/setup_provider\"><PackageIdentifier>KB2621440</PackageIdentifier>\n<InitialPackageState>Absent</InitialPackageState>\n<IntendedPackageState>Staged</IntendedPackageState>\n<Client>WindowsUpdateAgent</Client>\n</CbsPackageInitiateChanges>\n</UserData>\n</Event>\n"
  },
  {
    "EventID": 3,
    "Timestamp": "2014-01-25 01:34:51.891405+00:00",
    "Computer": "IACIS-HDD-2014",
    "Channel": "Setup",
    "Level": "LogAlways",
    "EventData": {},
    "RawXml": "<Event xmlns=\"http://schemas.microsoft.com/win/2004/08/events/event\"><System><Provider Name=\"Microsoft-Windows-Servicing\" Guid=\"{bd12f3b8-fc40-4a61-a307-b7a013a069c1}\"></Provider>\n<EventID Qualifiers=\"\">3</EventID>\n<Version>0</Version>\n<Level>0</Level>\n<Task>0</Task>\n<Opcode>0</Opcode>\n<Keywords>0x8000000000000000</Keywords>\n<TimeCreated SystemTime=\"2014-01-25 01:34:51.891405+00:00\"></TimeCreated>\n<EventRecordID>14</EventRecordID>\n<Correlation ActivityID=\"\" RelatedActivityID=\"\"></Correlation>\n<Execution ProcessID=\"1068\" ThreadID=\"2692\"></Execution>\n<Channel>Setup</Channel>\n<Computer>IACIS-HDD-2014</Computer>\n<Security UserID=\"S-1-5-18\"></Security>\n</System>\n<UserData><CbsPackageChangeState xmlns=\"http://manifests.microsoft.com/win/2004/08/windows/setup_provider\"><PackageIdentifier>KB2621440</PackageIdentifier>\n<IntendedPackageState>Staged</IntendedPackageState>\n<ErrorCode>0x800f0816</ErrorCode>\n<Client>WindowsUpdateAgent</Client>\n</CbsPackageChangeState>\n</UserData>\n</Event>\n"
  },
  {
    "EventID": 1,
    "Timestamp": "2014-01-25 01:36:05.039932+00:00",
    "Computer": "IACIS-HDD-2014",
    "Channel": "Setup",
    "Level": "LogAlways",
    "EventData": {},
    "RawXml": "<Event xmlns=\"http://schemas.microsoft.com/win/2004/08/events/event\"><System><Provider Name=\"Microsoft-Windows-Servicing\" Guid=\"{bd12f3b8-fc40-4a61-a307-b7a013a069c1}\"></Provider>\n<EventID Qualifiers=\"\">1</EventID>\n<Version>0</Version>\n<Level>0</Level>\n<Task>0</Task>\n<Opcode>0</Opcode>\n<Keywords>0x8000000000000000</Keywords>\n<TimeCreated SystemTime=\"2014-01-25 01:36:05.039932+00:00\"></TimeCreated>\n<EventRecordID>15</EventRecordID>\n<Correlation ActivityID=\"\" RelatedActivityID=\"\"></Correlation>\n<Execution ProcessID=\"1068\" ThreadID=\"2692\"></Execution>\n<Channel>Setup</Channel>\n<Computer>IACIS-HDD-2014</Computer>\n<Security UserID=\"S-1-5-18\"></Security>\n</System>\n<UserData><CbsPackageInitiateChanges xmlns=\"http://manifests.microsoft.com/win/2004/08/windows/setup_provider\"><PackageIdentifier>KB2862152</PackageIdentifier>\n<InitialPackageState>Absent</InitialPackageState>\n<IntendedPackageState>Staged</IntendedPackageState>\n<Client>WindowsUpdateAgent</Client>\n</CbsPackageInitiateChanges>\n</UserData>\n</Event>\n"
  },
  {
    "EventID": 3,
    "Timestamp": "2014-01-25 01:36:08.253538+00:00",
    "Computer": "IACIS-HDD-2014",
    "Channel": "Setup",
    "Level": "LogAlways",
    "EventData": {},
    "RawXml": "<Event xmlns=\"http://schemas.microsoft.com/win/2004/08/events/event\"><System><Provider Name=\"Microsoft-Windows-Servicing\" Guid=\"{bd12f3b8-fc40-4a61-a307-b7a013a069c1}\"></Provider>\n<EventID Qualifiers=\"\">3</EventID>\n<Version>0</Version>\n<Level>0</Level>\n<Task>0</Task>\n<Opcode>0</Opcode>\n<Keywords>0x8000000000000000</Keywords>\n<TimeCreated SystemTime=\"2014-01-25 01:36:08.253538+00:00\"></TimeCreated>\n<EventRecordID>16</EventRecordID>\n<Correlation ActivityID=\"\" RelatedActivityID=\"\"></Correlation>\n<Execution ProcessID=\"1068\" ThreadID=\"2692\"></Execution>\n<Channel>Setup</Channel>\n<Computer>IACIS-HDD-2014</Computer>\n<Security UserID=\"S-1-5-18\"></Security>\n</System>\n<UserData><CbsPackageChangeState xmlns=\"http://manifests.microsoft.com/win/2004/08/windows/setup_provider\"><PackageIdentifier>KB2862152</PackageIdentifier>\n<IntendedPackageState>Staged</IntendedPackageState>\n<ErrorCode>0x800f0816</ErrorCode>\n<Client>WindowsUpdateAgent</Client>\n</CbsPackageChangeState>\n</UserData>\n</Event>\n"
  },
  {
    "EventID": 1,
    "Timestamp": "2014-01-25 01:36:13.276747+00:00",
    "Computer": "IACIS-HDD-2014",
    "Channel": "Setup",
    "Level": "LogAlways",
    "EventData": {},
    "RawXml": "<Event xmlns=\"http://schemas.microsoft.com/win/2004/08/events/event\"><System><Provider Name=\"Microsoft-Windows-Servicing\" Guid=\"{bd12f3b8-fc40-4a61-a307-b7a013a069c1}\"></Provider>\n<EventID Qualifiers=\"\">1</EventID>\n<Version>0</Version>\n<Level>0</Level>\n<Task>0</Task>\n<Opcode>0</Opcode>\n<Keywords>0x8000000000000000</Keywords>\n<TimeCreated SystemTime=\"2014-01-25 01:36:13.276747+00:00\"></TimeCreated>\n<EventRecordID>17</EventRecordID>\n<Correlation ActivityID=\"\" RelatedActivityID=\"\"></Correlation>\n<Execution ProcessID=\"1068\" ThreadID=\"2692\"></Execution>\n<Channel>Setup</Channel>\n<Computer>IACIS-HDD-2014</Computer>\n<Security UserID=\"S-1-5-18\"></Security>\n</System>\n<UserData><CbsPackageInitiateChanges xmlns=\"http://manifests.microsoft.com/win/2004/08/windows/setup_provider\"><PackageIdentifier>KB2698365</PackageIdentifier>\n<InitialPackageState>Absent</InitialPackageState>\n<IntendedPackageState>Staged</IntendedPackageState>\n<Client>WindowsUpdateAgent</Client>\n</CbsPackageInitiateChanges>\n</UserData>\n</Event>\n"
  },
  {
    "EventID": 3,
    "Timestamp": "2014-01-25 01:36:28.221573+00:00",
    "Computer": "IACIS-HDD-2014",
    "Channel": "Setup",
    "Level": "LogAlways",
    "EventData": {},
    "RawXml": "<Event xmlns=\"http://schemas.microsoft.com/win/2004/08/events/event\"><System><Provider Name=\"Microsoft-Windows-Servicing\" Guid=\"{bd12f3b8-fc40-4a61-a307-b7a013a069c1}\"></Provider>\n<EventID Qualifiers=\"\">3</EventID>\n<Version>0</Version>\n<Level>0</Level>\n<Task>0</Task>\n<Opcode>0</Opcode>\n<Keywords>0x8000000000000000</Keywords>\n<TimeCreated SystemTime=\"2014-01-25 01:36:28.221573+00:00\"></TimeCreated>\n<EventRecordID>18</EventRecordID>\n<Correlation ActivityID=\"\" RelatedActivityID=\"\"></Correlation>\n<Execution ProcessID=\"1068\" ThreadID=\"2692\"></Execution>\n<Channel>Setup</Channel>\n<Computer>IACIS-HDD-2014</Computer>\n<Security UserID=\"S-1-5-18\"></Security>\n</System>\n<UserData><CbsPackageChangeState xmlns=\"http://manifests.microsoft.com/win/2004/08/windows/setup_provider\"><PackageIdentifier>KB2698365</PackageIdentifier>\n<IntendedPackageState>Staged</IntendedPackageState>\n<ErrorCode>0x800f0816</ErrorCode>\n<Client>WindowsUpdateAgent</Client>\n</CbsPackageChangeState>\n</UserData>\n</Event>\n"
  },
  {
    "EventID": 1,
    "Timestamp": "2014-01-25 01:36:31.903179+00:00",
    "Computer": "IACIS-HDD-2014",
    "Channel": "Setup",
    "Level": "LogAlways",
    "EventData": {},
    "RawXml": "<Event xmlns=\"http://schemas.microsoft.com/win/2004/08/events/event\"><System><Provider Name=\"Microsoft-Windows-Servicing\" Guid=\"{bd12f3b8-fc40-4a61-a307-b7a013a069c1}\"></Provider>\n<EventID Qualifiers=\"\">1</EventID>\n<Version>0</Version>\n<Level>0</Level>\n<Task>0</Task>\n<Opcode>0</Opcode>\n<Keywords>0x8000000000000000</Keywords>\n<TimeCreated SystemTime=\"2014-01-25 01:36:31.903179+00:00\"></TimeCreated>\n<EventRecordID>19</EventRecordID>\n<Correlation ActivityID=\"\" RelatedActivityID=\"\"></Correlation>\n<Execution ProcessID=\"1068\" ThreadID=\"2692\"></Execution>\n<Channel>Setup</Channel>\n<Computer>IACIS-HDD-2014</Computer>\n<Security UserID=\"S-1-5-18\"></Security>\n</System>\n<UserData><CbsPackageInitiateChanges xmlns=\"http://manifests.microsoft.com/win/2004/08/windows/setup_provider\"><PackageIdentifier>KB2736422</PackageIdentifier>\n<InitialPackageState>Absent</InitialPackageState>\n<IntendedPackageState>Staged</IntendedPackageState>\n<Client>WindowsUpdateAgent</Client>\n</CbsPackageInitiateChanges>\n</UserData>\n</Event>\n"
  },
  {
    "EventID": 3,
    "Timestamp": "2014-01-25 01:36:37.581591+00:00",
    "Computer": "IACIS-HDD-2014",
    "Channel": "Setup",
    "Level": "LogAlways",
    "EventData": {},
    "RawXml": "<Event xmlns=\"http://schemas.microsoft.com/win/2004/08/events/event\"><System><Provider Name=\"Microsoft-Windows-Servicing\" Guid=\"{bd12f3b8-fc40-4a61-a307-b7a013a069c1}\"></Provider>\n<EventID Qualifiers=\"\">3</EventID>\n<Version>0</Version>\n<Level>0</Level>\n<Task>0</Task>\n<Opcode>0</Opcode>\n<Keywords>0x8000000000000000</Keywords>\n<TimeCreated SystemTime=\"2014-01-25 01:36:37.581591+00:00\"></TimeCreated>\n<EventRecordID>20</EventRecordID>\n<Correlation ActivityID=\"\" RelatedActivityID=\"\"></Correlation>\n<Execution ProcessID=\"1068\" ThreadID=\"2692\"></Execution>\n<Channel>Setup</Channel>\n<Computer>IACIS-HDD-2014</Computer>\n<Security UserID=\"S-1-5-18\"></Security>\n</System>\n<UserData><CbsPackageChangeState xmlns=\"http://manifests.microsoft.com/win/2004/08/windows/setup_provider\"><PackageIdentifier>KB2736422</PackageIdentifier>\n<IntendedPackageState>Staged</IntendedPackageState>\n<ErrorCode>0x800f0816</ErrorCode>\n<Client>WindowsUpdateAgent</Client>\n</CbsPackageChangeState>\n</UserData>\n</Event>\n"
  },
  {
    "EventID": 1,
    "Timestamp": "2014-01-25 01:36:40.436394+00:00",
    "Computer": "IACIS-HDD-2014",
    "Channel": "Setup",
    "Level": "LogAlways",
    "EventData": {},
    "RawXml": "<Event xmlns=\"http://schemas.microsoft.com/win/2004/08/events/event\"><System><Provider Name=\"Microsoft-Windows-Servicing\" Guid=\"{bd12f3b8-fc40-4a61-a307-b7a013a069c1}\"></Provider>\n<EventID Qualifiers=\"\">1</EventID>\n<Version>0</Version>\n<Level>0</Level>\n<Task>0</Task>\n<Opcode>0</Opcode>\n<Keywords>0x8000000000000000</Keywords>\n<TimeCreated SystemTime=\"2014-01-25 01:36:40.436394+00:00\"></TimeCreated>\n<EventRecordID>21</EventRecordID>\n<Correlation ActivityID=\"\" RelatedActivityID=\"\"></Correlation>\n<Execution ProcessID=\"1068\" ThreadID=\"2692\"></Execution>\n<Channel>Setup</Channel>\n<Computer>IACIS-HDD-2014</Computer>\n<Security UserID=\"S-1-5-18\"></Security>\n</System>\n<UserData><CbsPackageInitiateChanges xmlns=\"http://manifests.microsoft.com/win/2004/08/windows/setup_provider\"><PackageIdentifier>KB2834886</PackageIdentifier>\n<InitialPackageState>Absent</InitialPackageState>\n<IntendedPackageState>Staged</IntendedPackageState>\n<Client>WindowsUpdateAgent</Client>\n</CbsPackageInitiateChanges>\n</UserData>\n</Event>\n"
  },
  {
    "EventID": 3,
    "Timestamp": "2014-01-25 01:36:44.242802+00:00",
    "Computer": "IACIS-HDD-2014",
    "Channel": "Setup",
    "Level": "LogAlways",
    "EventData": {},
    "RawXml": "<Event xmlns=\"http://schemas.microsoft.com/win/2004/08/events/event\"><System><Provider Name=\"Microsoft-Windows-Servicing\" Guid=\"{bd12f3b8-fc40-4a61-a307-b7a013a069c1}\"></Provider>\n<EventID Qualifiers=\"\">3</EventID>\n<Version>0</Version>\n<Level>0</Level>\n<Task>0</Task>\n<Opcode>0</Opcode>\n<Keywords>0x8000000000000000</Keywords>\n<TimeCreated SystemTime=\"2014-01-25 01:36:44.242802+00:00\"></TimeCreated>\n<EventRecordID>22</EventRecordID>\n<Correlation ActivityID=\"\" RelatedActivityID=\"\"></Correlation>\n<Execution ProcessID=\"1068\" ThreadID=\"2692\"></Execution>\n<Channel>Setup</Channel>\n<Computer>IACIS-HDD-2014</Computer>\n<Security UserID=\"S-1-5-18\"></Security>\n</System>\n<UserData><CbsPackageChangeState xmlns=\"http://manifests.microsoft.com/win/2004/08/windows/setup_provider\"><PackageIdentifier>KB2834886</PackageIdentifier>\n<IntendedPackageState>Staged</IntendedPackageState>\n<ErrorCode>0x800f0816</ErrorCode>\n<Client>WindowsUpdateAgent</Client>\n</CbsPackageChangeState>\n</UserData>\n</Event>\n"
  },
  {
    "EventID": 1,
    "Timestamp": "2014-01-25 01:36:47.113205+00:00",
    "Computer": "IACIS-HDD-2014",
    "Channel": "Setup",
    "Level": "LogAlways",
    "EventData": {},
    "RawXml": "<Event xmlns=\"http://schemas.microsoft.com/win/2004/08/events/event\"><System><Provider Name=\"Microsoft-Windows-Servicing\" Guid=\"{bd12f3b8-fc40-4a61-a307-b7a013a069c1}\"></Provider>\n<EventID Qualifiers=\"\">1</EventID>\n<Version>0</Version>\n<Level>0</Level>\n<Task>0</Task>\n<Opcode>0</Opcode>\n<Keywords>0x8000000000000000</Keywords>\n<TimeCreated SystemTime=\"2014-01-25 01:36:47.113205+00:00\"></TimeCreated>\n<EventRecordID>23</EventRecordID>\n<Correlation ActivityID=\"\" RelatedActivityID=\"\"></Correlation>\n<Execution ProcessID=\"1068\" ThreadID=\"2692\"></Execution>\n<Channel>Setup</Channel>\n<Computer>IACIS-HDD-2014</Computer>\n<Security UserID=\"S-1-5-18\"></Security>\n</System>\n<UserData><CbsPackageInitiateChanges xmlns=\"http://manifests.microsoft.com/win/2004/08/windows/setup_provider\"><PackageIdentifier>KB2832414</PackageIdentifier>\n<InitialPackageState>Absent</InitialPackageState>\n<IntendedPackageState>Staged</IntendedPackageState>\n<Client>WindowsUpdateAgent</Client>\n</CbsPackageInitiateChanges>\n</UserData>\n</Event>\n"
  },
  {
    "EventID": 3,
    "Timestamp": "2014-01-25 01:36:55.084820+00:00",
    "Computer": "IACIS-HDD-2014",
    "Channel": "Setup",
    "Level": "LogAlways",
    "EventData": {},
    "RawXml": "<Event xmlns=\"http://schemas.microsoft.com/win/2004/08/events/event\"><System><Provider Name=\"Microsoft-Windows-Servicing\" Guid=\"{bd12f3b8-fc40-4a61-a307-b7a013a069c1}\"></Provider>\n<EventID Qualifiers=\"\">3</EventID>\n<Version>0</Version>\n<Level>0</Level>\n<Task>0</Task>\n<Opcode>0</Opcode>\n<Keywords>0x8000000000000000</Keywords>\n<TimeCreated SystemTime=\"2014-01-25 01:36:55.084820+00:00\"></TimeCreated>\n<EventRecordID>24</EventRecordID>\n<Correlation ActivityID=\"\" RelatedActivityID=\"\"></Correlation>\n<Execution ProcessID=\"1068\" ThreadID=\"2692\"></Execution>\n<Channel>Setup</Channel>\n<Computer>IACIS-HDD-2014</Computer>\n<Security UserID=\"S-1-5-18\"></Security>\n</System>\n<UserData><CbsPackageChangeState xmlns=\"http://manifests.microsoft.com/win/2004/08/windows/setup_provider\"><PackageIdentifier>KB2832414</PackageIdentifier>\n<IntendedPackageState>Staged</IntendedPackageState>\n<ErrorCode>0x800f0816</ErrorCode>\n<Client>WindowsUpdateAgent</Client>\n</CbsPackageChangeState>\n</UserData>\n</Event>\n"
  },
  {
    "EventID": 1,
    "Timestamp": "2014-01-25 01:36:58.579227+00:00",
    "Computer": "IACIS-HDD-2014",
    "Channel": "Setup",
    "Level": "LogAlways",
    "EventData": {},
    "RawXml": "<Event xmlns=\"http://schemas.microsoft.com/win/2004/08/events/event\"><System><Provider Name=\"Microsoft-Windows-Servicing\" Guid=\"{bd12f3b8-fc40-4a61-a307-b7a013a069c1}\"></Provider>\n<EventID Qualifiers=\"\">1</EventID>\n<Version>0</Version>\n<Level>0</Level>\n<Task>0</Task>\n<Opcode>0</Opcode>\n<Keywords>0x8000000000000000</Keywords>\n<TimeCreated SystemTime=\"2014-01-25 01:36:58.579227+00:00\"></TimeCreated>\n<EventRecordID>25</EventRecordID>\n<Correlation ActivityID=\"\" RelatedActivityID=\"\"></Correlation>\n<Execution ProcessID=\"1068\" ThreadID=\"2692\"></Execution>\n<Channel>Setup</Channel>\n<Computer>IACIS-HDD-2014</Computer>\n<Security UserID=\"S-1-5-18\"></Security>\n</System>\n<UserData><CbsPackageInitiateChanges xmlns=\"http://manifests.microsoft.com/win/2004/08/windows/setup_provider\"><PackageIdentifier>KB2876284</PackageIdentifier>\n<InitialPackageState>Absent</InitialPackageState>\n<IntendedPackageState>Staged</IntendedPackageState>\n<Client>WindowsUpdateAgent</Client>\n</CbsPackageInitiateChanges>\n</UserData>\n</Event>\n"
  },
  {
    "EventID": 3,
    "Timestamp": "2014-01-25 01:37:00.310829+00:00",
    "Computer": "IACIS-HDD-2014",
    "Channel": "Setup",
    "Level": "LogAlways",
    "EventData": {},
    "RawXml": "<Event xmlns=\"http://schemas.microsoft.com/win/2004/08/events/event\"><System><Provider Name=\"Microsoft-Windows-Servicing\" Guid=\"{bd12f3b8-fc40-4a61-a307-b7a013a069c1}\"></Provider>\n<EventID Qualifiers=\"\">3</EventID>\n<Version>0</Version>\n<Level>0</Level>\n<Task>0</Task>\n<Opcode>0</Opcode>\n<Keywords>0x8000000000000000</Keywords>\n<TimeCreated SystemTime=\"2014-01-25 01:37:00.310829+00:00\"></TimeCreated>\n<EventRecordID>26</EventRecordID>\n<Correlation ActivityID=\"\" RelatedActivityID=\"\"></Correlation>\n<Execution ProcessID=\"1068\" ThreadID=\"2692\"></Execution>\n<Channel>Setup</Channel>\n<Computer>IACIS-HDD-2014</Computer>\n<Security UserID=\"S-1-5-18\"></Security>\n</System>\n<UserData><CbsPackageChangeState xmlns=\"http://manifests.microsoft.com/win/2004/08/windows/setup_provider\"><PackageIdentifier>KB2876284</PackageIdentifier>\n<IntendedPackageState>Staged</IntendedPackageState>\n<ErrorCode>0x800f0816</ErrorCode>\n<Client>WindowsUpdateAgent</Client>\n</CbsPackageChangeState>\n</UserData>\n</Event>\n"
  },
  {
    "EventID": 1,
    "Timestamp": "2014-01-25 01:37:03.508835+00:00",
    "Computer": "IACIS-HDD-2014",
    "Channel": "Setup",
    "Level": "LogAlways",
    "EventData": {},
    "RawXml": "<Event xmlns=\"http://schemas.microsoft.com/win/2004/08/events/event\"><System><Provider Name=\"Microsoft-Windows-Servicing\" Guid=\"{bd12f3b8-fc40-4a61-a307-b7a013a069c1}\"></Provider>\n<EventID Qualifiers=\"\">1</EventID>\n<Version>0</Version>\n<Level>0</Level>\n<Task>0</Task>\n<Opcode>0</Opcode>\n<Keywords>0x8000000000000000</Keywords>\n<TimeCreated SystemTime=\"2014-01-25 01:37:03.508835+00:00\"></TimeCreated>\n<EventRecordID>27</EventRecordID>\n<Correlation ActivityID=\"\" RelatedActivityID=\"\"></Correlation>\n<Execution ProcessID=\"1068\" ThreadID=\"2692\"></Execution>\n<Channel>Setup</Channel>\n<Computer>IACIS-HDD-2014</Computer>\n<Security UserID=\"S-1-5-18\"></Security>\n</System>\n<UserData><CbsPackageInitiateChanges xmlns=\"http://manifests.microsoft.com/win/2004/08/windows/setup_provider\"><PackageIdentifier>KB2619339</PackageIdentifier>\n<InitialPackageState>Absent</InitialPackageState>\n<IntendedPackageState>Staged</IntendedPackageState>\n<Client>WindowsUpdateAgent</Client>\n</CbsPackageInitiateChanges>\n</UserData>\n</Event>\n"
  },
  {
    "EventID": 3,
    "Timestamp": "2014-01-25 01:37:05.677238+00:00",
    "Computer": "IACIS-HDD-2014",
    "Channel": "Setup",
    "Level": "LogAlways",
    "EventData": {},
    "RawXml": "<Event xmlns=\"http://schemas.microsoft.com/win/2004/08/events/event\"><System><Provider Name=\"Microsoft-Windows-Servicing\" Guid=\"{bd12f3b8-fc40-4a61-a307-b7a013a069c1}\"></Provider>\n<EventID Qualifiers=\"\">3</EventID>\n<Version>0</Version>\n<Level>0</Level>\n<Task>0</Task>\n<Opcode>0</Opcode>\n<Keywords>0x8000000000000000</Keywords>\n<TimeCreated SystemTime=\"2014-01-25 01:37:05.677238+00:00\"></TimeCreated>\n<EventRecordID>28</EventRecordID>\n<Correlation ActivityID=\"\" RelatedActivityID=\"\"></Correlation>\n<Execution ProcessID=\"1068\" ThreadID=\"2692\"></Execution>\n<Channel>Setup</Channel>\n<Computer>IACIS-HDD-2014</Computer>\n<Security UserID=\"S-1-5-18\"></Security>\n</System>\n<UserData><CbsPackageChangeState xmlns=\"http://manifests.microsoft.com/win/2004/08/windows/setup_provider\"><PackageIdentifier>KB2619339</PackageIdentifier>\n<IntendedPackageState>Staged</IntendedPackageState>\n<ErrorCode>0x800f0816</ErrorCode>\n<Client>WindowsUpdateAgent</Client>\n</CbsPackageChangeState>\n</UserData>\n</Event>\n"
  },
  {
    "EventID": 1,
    "Timestamp": "2014-01-25 01:37:08.688044+00:00",
    "Computer": "IACIS-HDD-2014",
    "Channel": "Setup",
    "Level": "LogAlways",
    "EventData": {},
    "RawXml": "<Event xmlns=\"http://schemas.microsoft.com/win/2004/08/events/event\"><System><Provider Name=\"Microsoft-Windows-Servicing\" Guid=\"{bd12f3b8-fc40-4a61-a307-b7a013a069c1}\"></Provider>\n<EventID Qualifiers=\"\">1</EventID>\n<Version>0</Version>\n<Level>0</Level>\n<Task>0</Task>\n<Opcode>0</Opcode>\n<Keywords>0x8000000000000000</Keywords>\n<TimeCreated SystemTime=\"2014-01-25 01:37:08.688044+00:00\"></TimeCreated>\n<EventRecordID>29</EventRecordID>\n<Correlation ActivityID=\"\" RelatedActivityID=\"\"></Correlation>\n<Execution ProcessID=\"1068\" ThreadID=\"2692\"></Execution>\n<Channel>Setup</Channel>\n<Computer>IACIS-HDD-2014</Computer>\n<Security UserID=\"S-1-5-18\"></Security>\n</System>\n<UserData><CbsPackageInitiateChanges xmlns=\"http://manifests.microsoft.com/win/2004/08/windows/setup_provider\"><PackageIdentifier>KB2564958</PackageIdentifier>\n<InitialPackageState>Absent</InitialPackageState>\n<IntendedPackageState>Staged</IntendedPackageState>\n<Client>WindowsUpdateAgent</Client>\n</CbsPackageInitiateChanges>\n</UserData>\n</Event>\n"
  },
  {
    "EventID": 3,
    "Timestamp": "2014-01-25 01:37:12.447651+00:00",
    "Computer": "IACIS-HDD-2014",
    "Channel": "Setup",
    "Level": "LogAlways",
    "EventData": {},
    "RawXml": "<Event xmlns=\"http://schemas.microsoft.com/win/2004/08/events/event\"><System><Provider Name=\"Microsoft-Windows-Servicing\" Guid=\"{bd12f3b8-fc40-4a61-a307-b7a013a069c1}\"></Provider>\n<EventID Qualifiers=\"\">3</EventID>\n<Version>0</Version>\n<Level>0</Level>\n<Task>0</Task>\n<Opcode>0</Opcode>\n<Keywords>0x8000000000000000</Keywords>\n<TimeCreated SystemTime=\"2014-01-25 01:37:12.447651+00:00\"></TimeCreated>\n<EventRecordID>30</EventRecordID>\n<Correlation ActivityID=\"\" RelatedActivityID=\"\"></Correlation>\n<Execution ProcessID=\"1068\" ThreadID=\"2692\"></Execution>\n<Channel>Setup</Channel>\n<Computer>IACIS-HDD-2014</Computer>\n<Security UserID=\"S-1-5-18\"></Security>\n</System>\n<UserData><CbsPackageChangeState xmlns=\"http://manifests.microsoft.com/win/2004/08/windows/setup_provider\"><PackageIdentifier>KB2564958</PackageIdentifier>\n<IntendedPackageState>Staged</IntendedPackageState>\n<ErrorCode>0x800f0816</ErrorCode>\n<Client>WindowsUpdateAgent</Client>\n</CbsPackageChangeState>\n</UserData>\n</Event>\n"
  },
  {
    "EventID": 1,
    "Timestamp": "2014-01-25 01:37:15.536455+00:00",
    "Computer": "IACIS-HDD-2014",
    "Channel": "Setup",
    "Level": "LogAlways",
    "EventData": {},
    "RawXml": "<Event xmlns=\"http://schemas.microsoft.com/win/2004/08/events/event\"><System><Provider Name=\"Microsoft-Windows-Servicing\" Guid=\"{bd12f3b8-fc40-4a61-a307-b7a013a069c1}\"></Provider>\n<EventID Qualifiers=\"\">1</EventID>\n<Version>0</Version>\n<Level>0</Level>\n<Task>0</Task>\n<Opcode>0</Opcode>\n<Keywords>0x8000000000000000</Keywords>\n<TimeCreated SystemTime=\"2014-01-25 01:37:15.536455+00:00\"></TimeCreated>\n<EventRecordID>31</EventRecordID>\n<Correlation ActivityID=\"\" RelatedActivityID=\"\"></Correlation>\n<Execution ProcessID=\"1068\" ThreadID=\"2692\"></Execution>\n<Channel>Setup</Channel>\n<Computer>IACIS-HDD-2014</Computer>\n<Security UserID=\"S-1-5-18\"></Security>\n</System>\n<UserData><CbsPackageInitiateChanges xmlns=\"http://manifests.microsoft.com/win/2004/08/windows/setup_provider\"><PackageIdentifier>KB2511455</PackageIdentifier>\n<InitialPackageState>Absent</InitialPackageState>\n<IntendedPackageState>Staged</IntendedPackageState>\n<Client>WindowsUpdateAgent</Client>\n</CbsPackageInitiateChanges>\n</UserData>\n</Event>\n"
  },
  {
    "EventID": 3,
    "Timestamp": "2014-01-25 01:37:18.843662+00:00",
    "Computer": "IACIS-HDD-2014",
    "Channel": "Setup",
    "Level": "LogAlways",
    "EventData": {},
    "RawXml": "<Event xmlns=\"http://schemas.microsoft.com/win/2004/08/events/event\"><System><Provider Name=\"Microsoft-Windows-Servicing\" Guid=\"{bd12f3b8-fc40-4a61-a307-b7a013a069c1}\"></Provider>\n<EventID Qualifiers=\"\">3</EventID>\n<Version>0</Version>\n<Level>0</Level>\n<Task>0</Task>\n<Opcode>0</Opcode>\n<Keywords>0x8000000000000000</Keywords>\n<TimeCreated SystemTime=\"2014-01-25 01:37:18.843662+00:00\"></TimeCreated>\n<EventRecordID>32</EventRecordID>\n<Correlation ActivityID=\"\" RelatedActivityID=\"\"></Correlation>\n<Execution ProcessID=\"1068\" ThreadID=\"2692\"></Execution>\n<Channel>Setup</Channel>\n<Computer>IACIS-HDD-2014</Computer>\n<Security UserID=\"S-1-5-18\"></Security>\n</System>\n<UserData><CbsPackageChangeState xmlns=\"http://manifests.microsoft.com/win/2004/08/windows/setup_provider\"><PackageIdentifier>KB2511455</PackageIdentifier>\n<IntendedPackageState>Staged</IntendedPackageState>\n<ErrorCode>0x800f0816</ErrorCode>\n<Client>WindowsUpdateAgent</Client>\n</CbsPackageChangeState>\n</UserData>\n</Event>\n"
  },
  {
    "EventID": 1,
    "Timestamp": "2014-01-25 01:37:21.667267+00:00",
    "Computer": "IACIS-HDD-2014",
    "Channel": "Setup",
    "Level": "LogAlways",
    "EventData": {},
    "RawXml": "<Event xmlns=\"http://schemas.microsoft.com/win/2004/08/events/event\"><System><Provider Name=\"Microsoft-Windows-Servicing\" Guid=\"{bd12f3b8-fc40-4a61-a307-b7a013a069c1}\"></Provider>\n<EventID Qualifiers=\"\">1</EventID>\n<Version>0</Version>\n<Level>0</Level>\n<Task>0</Task>\n<Opcode>0</Opcode>\n<Keywords>0x8000000000000000</Keywords>\n<TimeCreated SystemTime=\"2014-01-25 01:37:21.667267+00:00\"></TimeCreated>\n<EventRecordID>33</EventRecordID>\n<Correlation ActivityID=\"\" RelatedActivityID=\"\"></Correlation>\n<Execution ProcessID=\"1068\" ThreadID=\"2692\"></Execution>\n<Channel>Setup</Channel>\n<Computer>IACIS-HDD-2014</Computer>\n<Security UserID=\"S-1-5-18\"></Security>\n</System>\n<UserData><CbsPackageInitiateChanges xmlns=\"http://manifests.microsoft.com/win/2004/08/windows/setup_provider\"><PackageIdentifier>KB2712808</PackageIdentifier>\n<InitialPackageState>Absent</InitialPackageState>\n<IntendedPackageState>Staged</IntendedPackageState>\n<Client>WindowsUpdateAgent</Client>\n</CbsPackageInitiateChanges>\n</UserData>\n</Event>\n"
  },
  {
    "EventID": 3,
    "Timestamp": "2014-01-25 01:37:23.679670+00:00",
    "Computer": "IACIS-HDD-2014",
    "Channel": "Setup",
    "Level": "LogAlways",
    "EventData": {},
    "RawXml": "<Event xmlns=\"http://schemas.microsoft.com/win/2004/08/events/event\"><System><Provider Name=\"Microsoft-Windows-Servicing\" Guid=\"{bd12f3b8-fc40-4a61-a307-b7a013a069c1}\"></Provider>\n<EventID Qualifiers=\"\">3</EventID>\n<Version>0</Version>\n<Level>0</Level>\n<Task>0</Task>\n<Opcode>0</Opcode>\n<Keywords>0x8000000000000000</Keywords>\n<TimeCreated SystemTime=\"2014-01-25 01:37:23.679670+00:00\"></TimeCreated>\n<EventRecordID>34</EventRecordID>\n<Correlation ActivityID=\"\" RelatedActivityID=\"\"></Correlation>\n<Execution ProcessID=\"1068\" ThreadID=\"2692\"></Execution>\n<Channel>Setup</Channel>\n<Computer>IACIS-HDD-2014</Computer>\n<Security UserID=\"S-1-5-18\"></Security>\n</System>\n<UserData><CbsPackageChangeState xmlns=\"http://manifests.microsoft.com/win/2004/08/windows/setup_provider\"><PackageIdentifier>KB2712808</PackageIdentifier>\n<IntendedPackageState>Staged</IntendedPackageState>\n<ErrorCode>0x800f0816</ErrorCode>\n<Client>WindowsUpdateAgent</Client>\n</CbsPackageChangeState>\n</UserData>\n</Event>\n"
  },
  {
    "EventID": 1,
    "Timestamp": "2014-01-25 01:37:27.002476+00:00",
    "Computer": "IACIS-HDD-2014",
    "Channel": "Setup",
    "Level": "LogAlways",
    "EventData": {},
    "RawXml": "<Event xmlns=\"http://schemas.microsoft.com/win/2004/08/events/event\"><System><Provider Name=\"Microsoft-Windows-Servicing\" Guid=\"{bd12f3b8-fc40-4a61-a307-b7a013a069c1}\"></Provider>\n<EventID Qualifiers=\"\">1</EventID>\n<Version>0</Version>\n<Level>0</Level>\n<Task>0</Task>\n<Opcode>0</Opcode>\n<Keywords>0x8000000000000000</Keywords>\n<TimeCreated SystemTime=\"2014-01-25 01:37:27.002476+00:00\"></TimeCreated>\n<EventRecordID>35</EventRecordID>\n<Correlation ActivityID=\"\" RelatedActivityID=\"\"></Correlation>\n<Execution ProcessID=\"1068\" ThreadID=\"2692\"></Execution>\n<Channel>Setup</Channel>\n<Computer>IACIS-HDD-2014</Computer>\n<Security UserID=\"S-1-5-18\"></Security>\n</System>\n<UserData><CbsPackageInitiateChanges xmlns=\"http://manifests.microsoft.com/win/2004/08/windows/setup_provider\"><PackageIdentifier>KB2892074</PackageIdentifier>\n<InitialPackageState>Absent</InitialPackageState>\n<IntendedPackageState>Staged</IntendedPackageState>\n<Client>WindowsUpdateAgent</Client>\n</CbsPackageInitiateChanges>\n</UserData>\n</Event>\n"
  },
  {
    "EventID": 3,
    "Timestamp": "2014-01-25 01:37:31.510883+00:00",
    "Computer": "IACIS-HDD-2014",
    "Channel": "Setup",
    "Level": "LogAlways",
    "EventData": {},
    "RawXml": "<Event xmlns=\"http://schemas.microsoft.com/win/2004/08/events/event\"><System><Provider Name=\"Microsoft-Windows-Servicing\" Guid=\"{bd12f3b8-fc40-4a61-a307-b7a013a069c1}\"></Provider>\n<EventID Qualifiers=\"\">3</EventID>\n<Version>0</Version>\n<Level>0</Level>\n<Task>0</Task>\n<Opcode>0</Opcode>\n<Keywords>0x8000000000000000</Keywords>\n<TimeCreated SystemTime=\"2014-01-25 01:37:31.510883+00:00\"></TimeCreated>\n<EventRecordID>36</EventRecordID>\n<Correlation ActivityID=\"\" RelatedActivityID=\"\"></Correlation>\n<Execution ProcessID=\"1068\" ThreadID=\"2692\"></Execution>\n<Channel>Setup</Channel>\n<Computer>IACIS-HDD-2014</Computer>\n<Security UserID=\"S-1-5-18\"></Security>\n</System>\n<UserData><CbsPackageChangeState xmlns=\"http://manifests.microsoft.com/win/2004/08/windows/setup_provider\"><PackageIdentifier>KB2892074</PackageIdentifier>\n<IntendedPackageState>Staged</IntendedPackageState>\n<ErrorCode>0x800f0816</ErrorCode>\n<Client>WindowsUpdateAgent</Client>\n</CbsPackageChangeState>\n</UserData>\n</Event>\n"
  },
  {
    "EventID": 1,
    "Timestamp": "2014-01-25 01:37:35.317291+00:00",
    "Computer": "IACIS-HDD-2014",
    "Channel": "Setup",
    "Level": "LogAlways",
    "EventData": {},
    "RawXml": "<Event xmlns=\"http://schemas.microsoft.com/win/2004/08/events/event\"><System><Provider Name=\"Microsoft-Windows-Servicing\" Guid=\"{bd12f3b8-fc40-4a61-a307-b7a013a069c1}\"></Provider>\n<EventID Qualifiers=\"\">1</EventID>\n<Version>0</Version>\n<Level>0</Level>\n<Task>0</Task>\n<Opcode>0</Opcode>\n<Keywords>0x8000000000000000</Keywords>\n<TimeCreated SystemTime=\"2014-01-25 01:37:35.317291+00:00\"></TimeCreated>\n<EventRecordID>37</EventRecordID>\n<Correlation ActivityID=\"\" RelatedActivityID=\"\"></Correlation>\n<Execution ProcessID=\"1068\" ThreadID=\"2692\"></Execution>\n<Channel>Setup</Channel>\n<Computer>IACIS-HDD-2014</Computer>\n<Security UserID=\"S-1-5-18\"></Security>\n</System>\n<UserData><CbsPackageInitiateChanges xmlns=\"http://manifests.microsoft.com/win/2004/08/windows/setup_provider\"><PackageIdentifier>KB2855844</PackageIdentifier>\n<InitialPackageState>Absent</InitialPackageState>\n<IntendedPackageState>Staged</IntendedPackageState>\n<Client>WindowsUpdateAgent</Client>\n</CbsPackageInitiateChanges>\n</UserData>\n</Event>\n"
  },
  {
    "EventID": 3,
    "Timestamp": "2014-01-25 01:37:38.718098+00:00",
    "Computer": "IACIS-HDD-2014",
    "Channel": "Setup",
    "Level": "LogAlways",
    "EventData": {},
    "RawXml": "<Event xmlns=\"http://schemas.microsoft.com/win/2004/08/events/event\"><System><Provider Name=\"Microsoft-Windows-Servicing\" Guid=\"{bd12f3b8-fc40-4a61-a307-b7a013a069c1}\"></Provider>\n<EventID Qualifiers=\"\">3</EventID>\n<Version>0</Version>\n<Level>0</Level>\n<Task>0</Task>\n<Opcode>0</Opcode>\n<Keywords>0x8000000000000000</Keywords>\n<TimeCreated SystemTime=\"2014-01-25 01:37:38.718098+00:00\"></TimeCreated>\n<EventRecordID>38</EventRecordID>\n<Correlation ActivityID=\"\" RelatedActivityID=\"\"></Correlation>\n<Execution ProcessID=\"1068\" ThreadID=\"2692\"></Execution>\n<Channel>Setup</Channel>\n<Computer>IACIS-HDD-2014</Computer>\n<Security UserID=\"S-1-5-18\"></Security>\n</System>\n<UserData><CbsPackageChangeState xmlns=\"http://manifests.microsoft.com/win/2004/08/windows/setup_provider\"><PackageIdentifier>KB2855844</PackageIdentifier>\n<IntendedPackageState>Staged</IntendedPackageState>\n<ErrorCode>0x800f0816</ErrorCode>\n<Client>WindowsUpdateAgent</Client>\n</CbsPackageChangeState>\n</UserData>\n</Event>\n"
  },
  {
    "EventID": 1,
    "Timestamp": "2014-01-25 01:37:42.103302+00:00",
    "Computer": "IACIS-HDD-2014",
    "Channel": "Setup",
    "Level": "LogAlways",
    "EventData": {},
    "RawXml": "<Event xmlns=\"http://schemas.microsoft.com/win/2004/08/events/event\"><System><Provider Name=\"Microsoft-Windows-Servicing\" Guid=\"{bd12f3b8-fc40-4a61-a307-b7a013a069c1}\"></Provider>\n<EventID Qualifiers=\"\">1</EventID>\n<Version>0</Version>\n<Level>0</Level>\n<Task>0</Task>\n<Opcode>0</Opcode>\n<Keywords>0x8000000000000000</Keywords>\n<TimeCreated SystemTime=\"2014-01-25 01:37:42.103302+00:00\"></TimeCreated>\n<EventRecordID>39</EventRecordID>\n<Correlation ActivityID=\"\" RelatedActivityID=\"\"></Correlation>\n<Execution ProcessID=\"1068\" ThreadID=\"2692\"></Execution>\n<Channel>Setup</Channel>\n<Computer>IACIS-HDD-2014</Computer>\n<Security UserID=\"S-1-5-18\"></Security>\n</System>\n<UserData><CbsPackageInitiateChanges xmlns=\"http://manifests.microsoft.com/win/2004/08/windows/setup_provider\"><PackageIdentifier>KB2813430</PackageIdentifier>\n<InitialPackageState>Absent</InitialPackageState>\n<IntendedPackageState>Staged</IntendedPackageState>\n<Client>WindowsUpdateAgent</Client>\n</CbsPackageInitiateChanges>\n</UserData>\n</Event>\n"
  },
