  {
    "EventID": 4,
    "Timestamp": "2014-01-25 04:29:23.090197+00:00",
    "Computer": "IACIS-HDD-2014",
    "Channel": "Setup",
    "Level": "LogAlways",
    "EventData": {},
    "RawXml": "<Event xmlns=\"http://schemas.microsoft.com/win/2004/08/events/event\"><System><Provider Name=\"Microsoft-Windows-Servicing\" Guid=\"{bd12f3b8-fc40-4a61-a307-b7a013a069c1}\"></Provider>\n<EventID Qualifiers=\"\">4</EventID>\n<Version>0</Version>\n<Level>0</Level>\n<Task>0</Task>\n<Opcode>0</Opcode>\n<Keywords>0x8000000000000000</Keywords>\n<TimeCreated SystemTime=\"2014-01-25 04:29:23.090197+00:00\"></TimeCreated>\n<EventRecordID>398</EventRecordID>\n<Correlation ActivityID=\"\" RelatedActivityID=\"\"></Correlation>\n<Execution ProcessID=\"1068\" ThreadID=\"2692\"></Execution>\n<Channel>Setup</Channel>\n<Computer>IACIS-HDD-2014</Computer>\n<Security UserID=\"S-1-5-18\"></Security>\n</System>\n<UserData><CbsPackageChangeState xmlns=\"http://manifests.microsoft.com/win/2004/08/windows/setup_provider\"><PackageIdentifier>KB2729094</PackageIdentifier>\n<IntendedPackageState>Installed</IntendedPackageState>\n<ErrorCode>0x0</ErrorCode>\n<Client>DISM Package Manager Provider</Client>\n</CbsPackageChangeState>\n</UserData>\n</Event>\n"
  },
  {
    "EventID": 1,
    "Timestamp": "2014-01-25 04:29:34.946217+00:00",
    "Computer": "IACIS-HDD-2014",
    "Channel": "Setup",
    "Level": "LogAlways",
    "EventData": {},
    "RawXml": "<Event xmlns=\"http://schemas.microsoft.com/win/2004/08/events/event\"><System><Provider Name=\"Microsoft-Windows-Servicing\" Guid=\"{bd12f3b8-fc40-4a61-a307-b7a013a069c1}\"></Provider>\n<EventID Qualifiers=\"\">1</EventID>\n<Version>0</Version>\n<Level>0</Level>\n<Task>0</Task>\n<Opcode>0</Opcode>\n<Keywords>0x8000000000000000</Keywords>\n<TimeCreated SystemTime=\"2014-01-25 04:29:34.946217+00:00\"></TimeCreated>\n<EventRecordID>399</EventRecordID>\n<Correlation ActivityID=\"\" RelatedActivityID=\"\"></Correlation>\n<Execution ProcessID=\"1068\" ThreadID=\"2692\"></Execution>\n<Channel>Setup</Channel>\n<Computer>IACIS-HDD-2014</Computer>\n<Security UserID=\"S-1-5-18\"></Security>\n</System>\n<UserData><CbsPackageInitiateChanges xmlns=\"http://manifests.microsoft.com/win/2004/08/windows/setup_provider\"><PackageIdentifier>KB2786081</PackageIdentifier>\n<InitialPackageState>Installed</InitialPackageState>\n<IntendedPackageState>Installed</IntendedPackageState>\n<Client>DISM Package Manager Provider</Client>\n</CbsPackageInitiateChanges>\n</UserData>\n</Event>\n"
  },
  {
    "EventID": 2,
    "Timestamp": "2014-01-25 04:29:51.685045+00:00",
    "Computer": "IACIS-HDD-2014",
    "Channel": "Setup",
    "Level": "LogAlways",
    "EventData": {},
    "RawXml": "<Event xmlns=\"http://schemas.microsoft.com/win/2004/08/events/event\"><System><Provider Name=\"Microsoft-Windows-Servicing\" Guid=\"{bd12f3b8-fc40-4a61-a307-b7a013a069c1}\"></Provider>\n<EventID Qualifiers=\"\">2</EventID>\n<Version>0</Version>\n<Level>0</Level>\n<Task>0</Task>\n<Opcode>0</Opcode>\n<Keywords>0x8000000000000000</Keywords>\n<TimeCreated SystemTime=\"2014-01-25 04:29:51.685045+00:00\"></TimeCreated>\n<EventRecordID>400</EventRecordID>\n<Correlation ActivityID=\"\" RelatedActivityID=\"\"></Correlation>\n<Execution ProcessID=\"1068\" ThreadID=\"1924\"></Execution>\n<Channel>Setup</Channel>\n<Computer>IACIS-HDD-2014</Computer>\n<Security UserID=\"S-1-5-18\"></Security>\n</System>\n<UserData><CbsPackageChangeState xmlns=\"http://manifests.microsoft.com/win/2004/08/windows/setup_provider\"><PackageIdentifier>KB2786081</PackageIdentifier>\n<IntendedPackageState>Installed</IntendedPackageState>\n<ErrorCode>0x0</ErrorCode>\n<Client>DISM Package Manager Provider</Client>\n</CbsPackageChangeState>\n</UserData>\n</Event>\n"
  },
  {
    "EventID": 1,
    "Timestamp": "2014-01-25 04:29:55.787853+00:00",
    "Computer": "IACIS-HDD-2014",
    "Channel": "Setup",
    "Level": "LogAlways",
    "EventData": {},
    "RawXml": "<Event xmlns=\"http://schemas.microsoft.com/win/2004/08/events/event\"><System><Provider Name=\"Microsoft-Windows-Servicing\" Guid=\"{bd12f3b8-fc40-4a61-a307-b7a013a069c1}\"></Provider>\n<EventID Qualifiers=\"\">1</EventID>\n<Version>0</Version>\n<Level>0</Level>\n<Task>0</Task>\n<Opcode>0</Opcode>\n<Keywords>0x8000000000000000</Keywords>\n<TimeCreated SystemTime=\"2014-01-25 04:29:55.787853+00:00\"></TimeCreated>\n<EventRecordID>401</EventRecordID>\n<Correlation ActivityID=\"\" RelatedActivityID=\"\"></Correlation>\n<Execution ProcessID=\"1068\" ThreadID=\"2692\"></Execution>\n<Channel>Setup</Channel>\n<Computer>IACIS-HDD-2014</Computer>\n<Security UserID=\"S-1-5-18\"></Security>\n</System>\n<UserData><CbsPackageInitiateChanges xmlns=\"http://manifests.microsoft.com/win/2004/08/windows/setup_provider\"><PackageIdentifier>KB2888049</PackageIdentifier>\n<InitialPackageState>Absent</InitialPackageState>\n<IntendedPackageState>Installed</IntendedPackageState>\n<Client>DISM Package Manager Provider</Client>\n</CbsPackageInitiateChanges>\n</UserData>\n</Event>\n"
  },
  {
    "EventID": 4,
    "Timestamp": "2014-01-25 04:37:40.902670+00:00",
    "Computer": "IACIS-HDD-2014",
    "Channel": "Setup",
    "Level": "LogAlways",
    "EventData": {},
    "RawXml": "<Event xmlns=\"http://schemas.microsoft.com/win/2004/08/events/event\"><System><Provider Name=\"Microsoft-Windows-Servicing\" Guid=\"{bd12f3b8-fc40-4a61-a307-b7a013a069c1}\"></Provider>\n<EventID Qualifiers=\"\">4</EventID>\n<Version>0</Version>\n<Level>0</Level>\n<Task>0</Task>\n<Opcode>0</Opcode>\n<Keywords>0x8000000000000000</Keywords>\n<TimeCreated SystemTime=\"2014-01-25 04:37:40.902670+00:00\"></TimeCreated>\n<EventRecordID>402</EventRecordID>\n<Correlation ActivityID=\"\" RelatedActivityID=\"\"></Correlation>\n<Execution ProcessID=\"1068\" ThreadID=\"2692\"></Execution>\n<Channel>Setup</Channel>\n<Computer>IACIS-HDD-2014</Computer>\n<Security UserID=\"S-1-5-18\"></Security>\n</System>\n<UserData><CbsPackageChangeState xmlns=\"http://manifests.microsoft.com/win/2004/08/windows/setup_provider\"><PackageIdentifier>KB2888049</PackageIdentifier>\n<IntendedPackageState>Installed</IntendedPackageState>\n<ErrorCode>0x0</ErrorCode>\n<Client>DISM Package Manager Provider</Client>\n</CbsPackageChangeState>\n</UserData>\n</Event>\n"
  },
  {
    "EventID": 1,
    "Timestamp": "2014-01-25 04:38:04.427511+00:00",
    "Computer": "IACIS-HDD-2014",
    "Channel": "Setup",
    "Level": "LogAlways",
    "EventData": {},
    "RawXml": "<Event xmlns=\"http://schemas.microsoft.com/win/2004/08/events/event\"><System><Provider Name=\"Microsoft-Windows-Servicing\" Guid=\"{bd12f3b8-fc40-4a61-a307-b7a013a069c1}\"></Provider>\n<EventID Qualifiers=\"\">1</EventID>\n<Version>0</Version>\n<Level>0</Level>\n<Task>0</Task>\n<Opcode>0</Opcode>\n<Keywords>0x8000000000000000</Keywords>\n<TimeCreated SystemTime=\"2014-01-25 04:38:04.427511+00:00\"></TimeCreated>\n<EventRecordID>403</EventRecordID>\n<Correlation ActivityID=\"\" RelatedActivityID=\"\"></Correlation>\n<Execution ProcessID=\"1068\" ThreadID=\"2692\"></Execution>\n<Channel>Setup</Channel>\n<Computer>IACIS-HDD-2014</Computer>\n<Security UserID=\"S-1-5-18\"></Security>\n</System>\n<UserData><CbsPackageInitiateChanges xmlns=\"http://manifests.microsoft.com/win/2004/08/windows/setup_provider\"><PackageIdentifier>KB2882822</PackageIdentifier>\n<InitialPackageState>Absent</InitialPackageState>\n<IntendedPackageState>Installed</IntendedPackageState>\n<Client>DISM Package Manager Provider</Client>\n</CbsPackageInitiateChanges>\n</UserData>\n</Event>\n"
  },
  {
    "EventID": 4,
    "Timestamp": "2014-01-25 04:48:14.950184+00:00",
    "Computer": "IACIS-HDD-2014",
    "Channel": "Setup",
    "Level": "LogAlways",
    "EventData": {},
    "RawXml": "<Event xmlns=\"http://schemas.microsoft.com/win/2004/08/events/event\"><System><Provider Name=\"Microsoft-Windows-Servicing\" Guid=\"{bd12f3b8-fc40-4a61-a307-b7a013a069c1}\"></Provider>\n<EventID Qualifiers=\"\">4</EventID>\n<Version>0</Version>\n<Level>0</Level>\n<Task>0</Task>\n<Opcode>0</Opcode>\n<Keywords>0x8000000000000000</Keywords>\n<TimeCreated SystemTime=\"2014-01-25 04:48:14.950184+00:00\"></TimeCreated>\n<EventRecordID>404</EventRecordID>\n<Correlation ActivityID=\"\" RelatedActivityID=\"\"></Correlation>\n<Execution ProcessID=\"1068\" ThreadID=\"2692\"></Execution>\n<Channel>Setup</Channel>\n<Computer>IACIS-HDD-2014</Computer>\n<Security UserID=\"S-1-5-18\"></Security>\n</System>\n<UserData><CbsPackageChangeState xmlns=\"http://manifests.microsoft.com/win/2004/08/windows/setup_provider\"><PackageIdentifier>KB2882822</PackageIdentifier>\n<IntendedPackageState>Installed</IntendedPackageState>\n<ErrorCode>0x0</ErrorCode>\n<Client>DISM Package Manager Provider</Client>\n</CbsPackageChangeState>\n</UserData>\n</Event>\n"
  },
  {
    "EventID": 1,
    "Timestamp": "2014-01-25 04:49:01.344666+00:00",
    "Computer": "IACIS-HDD-2014",
    "Channel": "Setup",
    "Level": "LogAlways",
    "EventData": {},
    "RawXml": "<Event xmlns=\"http://schemas.microsoft.com/win/2004/08/events/event\"><System><Provider Name=\"Microsoft-Windows-Servicing\" Guid=\"{bd12f3b8-fc40-4a61-a307-b7a013a069c1}\"></Provider>\n<EventID Qualifiers=\"\">1</EventID>\n<Version>0</Version>\n<Level>0</Level>\n<Task>0</Task>\n<Opcode>0</Opcode>\n<Keywords>0x8000000000000000</Keywords>\n<TimeCreated SystemTime=\"2014-01-25 04:49:01.344666+00:00\"></TimeCreated>\n<EventRecordID>405</EventRecordID>\n<Correlation ActivityID=\"\" RelatedActivityID=\"\"></Correlation>\n<Execution ProcessID=\"1068\" ThreadID=\"2692\"></Execution>\n<Channel>Setup</Channel>\n<Computer>IACIS-HDD-2014</Computer>\n<Security UserID=\"S-1-5-18\"></Security>\n</System>\n<UserData><CbsPackageInitiateChanges xmlns=\"http://manifests.microsoft.com/win/2004/08/windows/setup_provider\"><PackageIdentifier>KB2841134</PackageIdentifier>\n<InitialPackageState>Absent</InitialPackageState>\n<IntendedPackageState>Installed</IntendedPackageState>\n<Client>DISM Package Manager Provider</Client>\n</CbsPackageInitiateChanges>\n</UserData>\n</Event>\n"
  },
  {
    "EventID": 4,
    "Timestamp": "2014-01-25 04:59:45.641397+00:00",
    "Computer": "IACIS-HDD-2014",
    "Channel": "Setup",
    "Level": "LogAlways",
    "EventData": {},
    "RawXml": "<Event xmlns=\"http://schemas.microsoft.com/win/2004/08/events/event\"><System><Provider Name=\"Microsoft-Windows-Servicing\" Guid=\"{bd12f3b8-fc40-4a61-a307-b7a013a069c1}\"></Provider>\n<EventID Qualifiers=\"\">4</EventID>\n<Version>0</Version>\n<Level>0</Level>\n<Task>0</Task>\n<Opcode>0</Opcode>\n<Keywords>0x8000000000000000</Keywords>\n<TimeCreated SystemTime=\"2014-01-25 04:59:45.641397+00:00\"></TimeCreated>\n<EventRecordID>406</EventRecordID>\n<Correlation ActivityID=\"\" RelatedActivityID=\"\"></Correlation>\n<Execution ProcessID=\"1068\" ThreadID=\"2692\"></Execution>\n<Channel>Setup</Channel>\n<Computer>IACIS-HDD-2014</Computer>\n<Security UserID=\"S-1-5-18\"></Security>\n</System>\n<UserData><CbsPackageChangeState xmlns=\"http://manifests.microsoft.com/win/2004/08/windows/setup_provider\"><PackageIdentifier>KB2841134</PackageIdentifier>\n<IntendedPackageState>Installed</IntendedPackageState>\n<ErrorCode>0x0</ErrorCode>\n<Client>DISM Package Manager Provider</Client>\n</CbsPackageChangeState>\n</UserData>\n</Event>\n"
  },
  {
    "EventID": 1,
    "Timestamp": "2014-01-25 05:00:08.573439+00:00",
    "Computer": "IACIS-HDD-2014",
    "Channel": "Setup",
    "Level": "LogAlways",
    "EventData": {},
    "RawXml": "<Event xmlns=\"http://schemas.microsoft.com/win/2004/08/events/event\"><System><Provider Name=\"Microsoft-Windows-Servicing\" Guid=\"{bd12f3b8-fc40-4a61-a307-b7a013a069c1}\"></Provider>\n<EventID Qualifiers=\"\">1</EventID>\n<Version>0</Version>\n<Level>0</Level>\n<Task>0</Task>\n<Opcode>0</Opcode>\n<Keywords>0x8000000000000000</Keywords>\n<TimeCreated SystemTime=\"2014-01-25 05:00:08.573439+00:00\"></TimeCreated>\n<EventRecordID>407</EventRecordID>\n<Correlation ActivityID=\"\" RelatedActivityID=\"\"></Correlation>\n<Execution ProcessID=\"1068\" ThreadID=\"2692\"></Execution>\n<Channel>Setup</Channel>\n<Computer>IACIS-HDD-2014</Computer>\n<Security UserID=\"S-1-5-18\"></Security>\n</System>\n<UserData><CbsPackageInitiateChanges xmlns=\"http://manifests.microsoft.com/win/2004/08/windows/setup_provider\"><PackageIdentifier>KB2849696</PackageIdentifier>\n<InitialPackageState>Absent</InitialPackageState>\n<IntendedPackageState>Installed</IntendedPackageState>\n<Client>DISM Package Manager Provider</Client>\n</CbsPackageInitiateChanges>\n</UserData>\n</Event>\n"
  },
  {
    "EventID": 4,
    "Timestamp": "2014-01-25 05:17:43.728090+00:00",
    "Computer": "IACIS-HDD-2014",
    "Channel": "Setup",
    "Level": "LogAlways",
    "EventData": {},
    "RawXml": "<Event xmlns=\"http://schemas.microsoft.com/win/2004/08/events/event\"><System><Provider Name=\"Microsoft-Windows-Servicing\" Guid=\"{bd12f3b8-fc40-4a61-a307-b7a013a069c1}\"></Provider>\n<EventID Qualifiers=\"\">4</EventID>\n<Version>0</Version>\n<Level>0</Level>\n<Task>0</Task>\n<Opcode>0</Opcode>\n<Keywords>0x8000000000000000</Keywords>\n<TimeCreated SystemTime=\"2014-01-25 05:17:43.728090+00:00\"></TimeCreated>\n<EventRecordID>408</EventRecordID>\n<Correlation ActivityID=\"\" RelatedActivityID=\"\"></Correlation>\n<Execution ProcessID=\"1068\" ThreadID=\"2692\"></Execution>\n<Channel>Setup</Channel>\n<Computer>IACIS-HDD-2014</Computer>\n<Security UserID=\"S-1-5-18\"></Security>\n</System>\n<UserData><CbsPackageChangeState xmlns=\"http://manifests.microsoft.com/win/2004/08/windows/setup_provider\"><PackageIdentifier>KB2849696</PackageIdentifier>\n<IntendedPackageState>Installed</IntendedPackageState>\n<ErrorCode>0x0</ErrorCode>\n<Client>DISM Package Manager Provider</Client>\n</CbsPackageChangeState>\n</UserData>\n</Event>\n"
  },
  {
    "EventID": 1,
    "Timestamp": "2014-01-25 05:18:19.592552+00:00",
    "Computer": "IACIS-HDD-2014",
    "Channel": "Setup",
    "Level": "LogAlways",
    "EventData": {},
    "RawXml": "<Event xmlns=\"http://schemas.microsoft.com/win/2004/08/events/event\"><System><Provider Name=\"Microsoft-Windows-Servicing\" Guid=\"{bd12f3b8-fc40-4a61-a307-b7a013a069c1}\"></Provider>\n<EventID Qualifiers=\"\">1</EventID>\n<Version>0</Version>\n<Level>0</Level>\n<Task>0</Task>\n<Opcode>0</Opcode>\n<Keywords>0x8000000000000000</Keywords>\n<TimeCreated SystemTime=\"2014-01-25 05:18:19.592552+00:00\"></TimeCreated>\n<EventRecordID>409</EventRecordID>\n<Correlation ActivityID=\"\" RelatedActivityID=\"\"></Correlation>\n<Execution ProcessID=\"1068\" ThreadID=\"2692\"></Execution>\n<Channel>Setup</Channel>\n<Computer>IACIS-HDD-2014</Computer>\n<Security UserID=\"S-1-5-18\"></Security>\n</System>\n<UserData><CbsPackageInitiateChanges xmlns=\"http://manifests.microsoft.com/win/2004/08/windows/setup_provider\"><PackageIdentifier>KB2849697</PackageIdentifier>\n<InitialPackageState>Absent</InitialPackageState>\n<IntendedPackageState>Installed</IntendedPackageState>\n<Client>DISM Package Manager Provider</Client>\n</CbsPackageInitiateChanges>\n</UserData>\n</Event>\n"
  },
  {
    "EventID": 4,
    "Timestamp": "2014-01-25 05:36:02.984022+00:00",
    "Computer": "IACIS-HDD-2014",
    "Channel": "Setup",
    "Level": "LogAlways",
    "EventData": {},
    "RawXml": "<Event xmlns=\"http://schemas.microsoft.com/win/2004/08/events/event\"><System><Provider Name=\"Microsoft-Windows-Servicing\" Guid=\"{bd12f3b8-fc40-4a61-a307-b7a013a069c1}\"></Provider>\n<EventID Qualifiers=\"\">4</EventID>\n<Version>0</Version>\n<Level>0</Level>\n<Task>0</Task>\n<Opcode>0</Opcode>\n<Keywords>0x8000000000000000</Keywords>\n<TimeCreated SystemTime=\"2014-01-25 05:36:02.984022+00:00\"></TimeCreated>\n<EventRecordID>410</EventRecordID>\n<Correlation ActivityID=\"\" RelatedActivityID=\"\"></Correlation>\n<Execution ProcessID=\"1068\" ThreadID=\"2692\"></Execution>\n<Channel>Setup</Channel>\n<Computer>IACIS-HDD-2014</Computer>\n<Security UserID=\"S-1-5-18\"></Security>\n</System>\n<UserData><CbsPackageChangeState xmlns=\"http://manifests.microsoft.com/win/2004/08/windows/setup_provider\"><PackageIdentifier>KB2849697</PackageIdentifier>\n<IntendedPackageState>Installed</IntendedPackageState>\n<ErrorCode>0x0</ErrorCode>\n<Client>DISM Package Manager Provider</Client>\n</CbsPackageChangeState>\n</UserData>\n</Event>\n"
  },
  {
    "EventID": 1,
    "Timestamp": "2014-01-25 05:36:37.631683+00:00",
    "Computer": "IACIS-HDD-2014",
    "Channel": "Setup",
    "Level": "LogAlways",
    "EventData": {},
    "RawXml": "<Event xmlns=\"http://schemas.microsoft.com/win/2004/08/events/event\"><System><Provider Name=\"Microsoft-Windows-Servicing\" Guid=\"{bd12f3b8-fc40-4a61-a307-b7a013a069c1}\"></Provider>\n<EventID Qualifiers=\"\">1</EventID>\n<Version>0</Version>\n<Level>0</Level>\n<Task>0</Task>\n<Opcode>0</Opcode>\n<Keywords>0x8000000000000000</Keywords>\n<TimeCreated SystemTime=\"2014-01-25 05:36:37.631683+00:00\"></TimeCreated>\n<EventRecordID>411</EventRecordID>\n<Correlation ActivityID=\"\" RelatedActivityID=\"\"></Correlation>\n<Execution ProcessID=\"1068\" ThreadID=\"2692\"></Execution>\n<Channel>Setup</Channel>\n<Computer>IACIS-HDD-2014</Computer>\n<Security UserID=\"S-1-5-18\"></Security>\n</System>\n<UserData><CbsPackageInitiateChanges xmlns=\"http://manifests.microsoft.com/win/2004/08/windows/setup_provider\"><PackageIdentifier>KB2849696</PackageIdentifier>\n<InitialPackageState>Installed</InitialPackageState>\n<IntendedPackageState>Installed</IntendedPackageState>\n<Client>DISM Package Manager Provider</Client>\n</CbsPackageInitiateChanges>\n</UserData>\n</Event>\n"
  },
  {
    "EventID": 4,
    "Timestamp": "2014-01-25 05:43:13.217176+00:00",
    "Computer": "IACIS-HDD-2014",
    "Channel": "Setup",
    "Level": "LogAlways",
    "EventData": {},
    "RawXml": "<Event xmlns=\"http://schemas.microsoft.com/win/2004/08/events/event\"><System><Provider Name=\"Microsoft-Windows-Servicing\" Guid=\"{bd12f3b8-fc40-4a61-a307-b7a013a069c1}\"></Provider>\n<EventID Qualifiers=\"\">4</EventID>\n<Version>0</Version>\n<Level>0</Level>\n<Task>0</Task>\n<Opcode>0</Opcode>\n<Keywords>0x8000000000000000</Keywords>\n<TimeCreated SystemTime=\"2014-01-25 05:43:13.217176+00:00\"></TimeCreated>\n<EventRecordID>412</EventRecordID>\n<Correlation ActivityID=\"\" RelatedActivityID=\"\"></Correlation>\n<Execution ProcessID=\"1068\" ThreadID=\"2692\"></Execution>\n<Channel>Setup</Channel>\n<Computer>IACIS-HDD-2014</Computer>\n<Security UserID=\"S-1-5-18\"></Security>\n</System>\n<UserData><CbsPackageChangeState xmlns=\"http://manifests.microsoft.com/win/2004/08/windows/setup_provider\"><PackageIdentifier>KB2849696</PackageIdentifier>\n<IntendedPackageState>Installed</IntendedPackageState>\n<ErrorCode>0x0</ErrorCode>\n<Client>DISM Package Manager Provider</Client>\n</CbsPackageChangeState>\n</UserData>\n</Event>\n"
  },
  {
    "EventID": 1,
    "Timestamp": "2014-01-25 05:43:42.358028+00:00",
    "Computer": "IACIS-HDD-2014",
    "Channel": "Setup",
    "Level": "LogAlways",
    "EventData": {},
    "RawXml": "<Event xmlns=\"http://schemas.microsoft.com/win/2004/08/events/event\"><System><Provider Name=\"Microsoft-Windows-Servicing\" Guid=\"{bd12f3b8-fc40-4a61-a307-b7a013a069c1}\"></Provider>\n<EventID Qualifiers=\"\">1</EventID>\n<Version>0</Version>\n<Level>0</Level>\n<Task>0</Task>\n<Opcode>0</Opcode>\n<Keywords>0x8000000000000000</Keywords>\n<TimeCreated SystemTime=\"2014-01-25 05:43:42.358028+00:00\"></TimeCreated>\n<EventRecordID>413</EventRecordID>\n<Correlation ActivityID=\"\" RelatedActivityID=\"\"></Correlation>\n<Execution ProcessID=\"1068\" ThreadID=\"2692\"></Execution>\n<Channel>Setup</Channel>\n<Computer>IACIS-HDD-2014</Computer>\n<Security UserID=\"S-1-5-18\"></Security>\n</System>\n<UserData><CbsPackageInitiateChanges xmlns=\"http://manifests.microsoft.com/win/2004/08/windows/setup_provider\"><PackageIdentifier>KB2849697</PackageIdentifier>\n<InitialPackageState>Installed</InitialPackageState>\n<IntendedPackageState>Installed</IntendedPackageState>\n<Client>DISM Package Manager Provider</Client>\n</CbsPackageInitiateChanges>\n</UserData>\n</Event>\n"
  },
  {
    "EventID": 4,
    "Timestamp": "2014-01-25 05:45:37.938631+00:00",
    "Computer": "IACIS-HDD-2014",
    "Channel": "Setup",
    "Level": "LogAlways",
    "EventData": {},
    "RawXml": "<Event xmlns=\"http://schemas.microsoft.com/win/2004/08/events/event\"><System><Provider Name=\"Microsoft-Windows-Servicing\" Guid=\"{bd12f3b8-fc40-4a61-a307-b7a013a069c1}\"></Provider>\n<EventID Qualifiers=\"\">4</EventID>\n<Version>0</Version>\n<Level>0</Level>\n<Task>0</Task>\n<Opcode>0</Opcode>\n<Keywords>0x8000000000000000</Keywords>\n<TimeCreated SystemTime=\"2014-01-25 05:45:37.938631+00:00\"></TimeCreated>\n<EventRecordID>414</EventRecordID>\n<Correlation ActivityID=\"\" RelatedActivityID=\"\"></Correlation>\n<Execution ProcessID=\"1068\" ThreadID=\"2692\"></Execution>\n<Channel>Setup</Channel>\n<Computer>IACIS-HDD-2014</Computer>\n<Security UserID=\"S-1-5-18\"></Security>\n</System>\n<UserData><CbsPackageChangeState xmlns=\"http://manifests.microsoft.com/win/2004/08/windows/setup_provider\"><PackageIdentifier>KB2849697</PackageIdentifier>\n<IntendedPackageState>Installed</IntendedPackageState>\n<ErrorCode>0x0</ErrorCode>\n<Client>DISM Package Manager Provider</Client>\n</CbsPackageChangeState>\n</UserData>\n</Event>\n"
  },
  {
    "EventID": 1,
    "Timestamp": "2014-01-25 05:46:13.881094+00:00",
    "Computer": "IACIS-HDD-2014",
    "Channel": "Setup",
    "Level": "LogAlways",
    "EventData": {},
    "RawXml": "<Event xmlns=\"http://schemas.microsoft.com/win/2004/08/events/event\"><System><Provider Name=\"Microsoft-Windows-Servicing\" Guid=\"{bd12f3b8-fc40-4a61-a307-b7a013a069c1}\"></Provider>\n<EventID Qualifiers=\"\">1</EventID>\n<Version>0</Version>\n<Level>0</Level>\n<Task>0</Task>\n<Opcode>0</Opcode>\n<Keywords>0x8000000000000000</Keywords>\n<TimeCreated SystemTime=\"2014-01-25 05:46:13.881094+00:00\"></TimeCreated>\n<EventRecordID>415</EventRecordID>\n<Correlation ActivityID=\"\" RelatedActivityID=\"\"></Correlation>\n<Execution ProcessID=\"1068\" ThreadID=\"2692\"></Execution>\n<Channel>Setup</Channel>\n<Computer>IACIS-HDD-2014</Computer>\n<Security UserID=\"S-1-5-18\"></Security>\n</System>\n<UserData><CbsPackageInitiateChanges xmlns=\"http://manifests.microsoft.com/win/2004/08/windows/setup_provider\"><PackageIdentifier>KB2862966</PackageIdentifier>\n<InitialPackageState>Resolved</InitialPackageState>\n<IntendedPackageState>Installed</IntendedPackageState>\n<Client>WindowsUpdateAgent</Client>\n</CbsPackageInitiateChanges>\n</UserData>\n</Event>\n"
  },
  {
    "EventID": 4,
    "Timestamp": "2014-01-25 06:05:03.479078+00:00",
    "Computer": "IACIS-HDD-2014",
    "Channel": "Setup",
    "Level": "LogAlways",
    "EventData": {},
    "RawXml": "<Event xmlns=\"http://schemas.microsoft.com/win/2004/08/events/event\"><System><Provider Name=\"Microsoft-Windows-Servicing\" Guid=\"{bd12f3b8-fc40-4a61-a307-b7a013a069c1}\"></Provider>\n<EventID Qualifiers=\"\">4</EventID>\n<Version>0</Version>\n<Level>0</Level>\n<Task>0</Task>\n<Opcode>0</Opcode>\n<Keywords>0x8000000000000000</Keywords>\n<TimeCreated SystemTime=\"2014-01-25 06:05:03.479078+00:00\"></TimeCreated>\n<EventRecordID>416</EventRecordID>\n<Correlation ActivityID=\"\" RelatedActivityID=\"\"></Correlation>\n<Execution ProcessID=\"1068\" ThreadID=\"2692\"></Execution>\n<Channel>Setup</Channel>\n<Computer>IACIS-HDD-2014</Computer>\n<Security UserID=\"S-1-5-18\"></Security>\n</System>\n<UserData><CbsPackageChangeState xmlns=\"http://manifests.microsoft.com/win/2004/08/windows/setup_provider\"><PackageIdentifier>KB2862966</PackageIdentifier>\n<IntendedPackageState>Installed</IntendedPackageState>\n<ErrorCode>0x0</ErrorCode>\n<Client>WindowsUpdateAgent</Client>\n</CbsPackageChangeState>\n</UserData>\n</Event>\n"
  },
  {
    "EventID": 1,
    "Timestamp": "2014-01-25 06:05:16.551901+00:00",
    "Computer": "IACIS-HDD-2014",
    "Channel": "Setup",
    "Level": "LogAlways",
    "EventData": {},
    "RawXml": "<Event xmlns=\"http://schemas.microsoft.com/win/2004/08/events/event\"><System><Provider Name=\"Microsoft-Windows-Servicing\" Guid=\"{bd12f3b8-fc40-4a61-a307-b7a013a069c1}\"></Provider>\n<EventID Qualifiers=\"\">1</EventID>\n<Version>0</Version>\n<Level>0</Level>\n<Task>0</Task>\n<Opcode>0</Opcode>\n<Keywords>0x8000000000000000</Keywords>\n<TimeCreated SystemTime=\"2014-01-25 06:05:16.551901+00:00\"></TimeCreated>\n<EventRecordID>417</EventRecordID>\n<Correlation ActivityID=\"\" RelatedActivityID=\"\"></Correlation>\n<Execution ProcessID=\"1068\" ThreadID=\"2692\"></Execution>\n<Channel>Setup</Channel>\n<Computer>IACIS-HDD-2014</Computer>\n<Security UserID=\"S-1-5-18\"></Security>\n</System>\n<UserData><CbsPackageInitiateChanges xmlns=\"http://manifests.microsoft.com/win/2004/08/windows/setup_provider\"><PackageIdentifier>KB2813347</PackageIdentifier>\n<InitialPackageState>Resolved</InitialPackageState>\n<IntendedPackageState>Installed</IntendedPackageState>\n<Client>WindowsUpdateAgent</Client>\n</CbsPackageInitiateChanges>\n</UserData>\n</Event>\n"
  },
  {
    "EventID": 4,
    "Timestamp": "2014-01-25 06:33:12.322445+00:00",
    "Computer": "IACIS-HDD-2014",
    "Channel": "Setup",
    "Level": "LogAlways",
    "EventData": {},
    "RawXml": "<Event xmlns=\"http://schemas.microsoft.com/win/2004/08/events/event\"><System><Provider Name=\"Microsoft-Windows-Servicing\" Guid=\"{bd12f3b8-fc40-4a61-a307-b7a013a069c1}\"></Provider>\n<EventID Qualifiers=\"\">4</EventID>\n<Version>0</Version>\n<Level>0</Level>\n<Task>0</Task>\n<Opcode>0</Opcode>\n<Keywords>0x8000000000000000</Keywords>\n<TimeCreated SystemTime=\"2014-01-25 06:33:12.322445+00:00\"></TimeCreated>\n<EventRecordID>418</EventRecordID>\n<Correlation ActivityID=\"\" RelatedActivityID=\"\"></Correlation>\n<Execution ProcessID=\"1068\" ThreadID=\"2692\"></Execution>\n<Channel>Setup</Channel>\n<Computer>IACIS-HDD-2014</Computer>\n<Security UserID=\"S-1-5-18\"></Security>\n</System>\n<UserData><CbsPackageChangeState xmlns=\"http://manifests.microsoft.com/win/2004/08/windows/setup_provider\"><PackageIdentifier>KB2813347</PackageIdentifier>\n<IntendedPackageState>Installed</IntendedPackageState>\n<ErrorCode>0x0</ErrorCode>\n<Client>WindowsUpdateAgent</Client>\n</CbsPackageChangeState>\n</UserData>\n</Event>\n"
  },
  {
    "EventID": 1,
    "Timestamp": "2014-01-25 06:33:32.508879+00:00",
    "Computer": "IACIS-HDD-2014",
    "Channel": "Setup",
    "Level": "LogAlways",
    "EventData": {},
    "RawXml": "<Event xmlns=\"http://schemas.microsoft.com/win/2004/08/events/event\"><System><Provider Name=\"Microsoft-Windows-Servicing\" Guid=\"{bd12f3b8-fc40-4a61-a307-b7a013a069c1}\"></Provider>\n<EventID Qualifiers=\"\">1</EventID>\n<Version>0</Version>\n<Level>0</Level>\n<Task>0</Task>\n<Opcode>0</Opcode>\n<Keywords>0x8000000000000000</Keywords>\n<TimeCreated SystemTime=\"2014-01-25 06:33:32.508879+00:00\"></TimeCreated>\n<EventRecordID>419</EventRecordID>\n<Correlation ActivityID=\"\" RelatedActivityID=\"\"></Correlation>\n<Execution ProcessID=\"1068\" ThreadID=\"2692\"></Execution>\n<Channel>Setup</Channel>\n<Computer>IACIS-HDD-2014</Computer>\n<Security UserID=\"S-1-5-18\"></Security>\n</System>\n<UserData><CbsPackageInitiateChanges xmlns=\"http://manifests.microsoft.com/win/2004/08/windows/setup_provider\"><PackageIdentifier>KB2533552</PackageIdentifier>\n<InitialPackageState>Resolved</InitialPackageState>\n<IntendedPackageState>Installed</IntendedPackageState>\n<Client>WindowsUpdateAgent</Client>\n</CbsPackageInitiateChanges>\n</UserData>\n</Event>\n"
  },
  {
    "EventID": 4,
    "Timestamp": "2014-01-25 06:46:45.988674+00:00",
    "Computer": "IACIS-HDD-2014",
    "Channel": "Setup",
    "Level": "LogAlways",
    "EventData": {},
    "RawXml": "<Event xmlns=\"http://schemas.microsoft.com/win/2004/08/events/event\"><System><Provider Name=\"Microsoft-Windows-Servicing\" Guid=\"{bd12f3b8-fc40-4a61-a307-b7a013a069c1}\"></Provider>\n<EventID Qualifiers=\"\">4</EventID>\n<Version>0</Version>\n<Level>0</Level>\n<Task>0</Task>\n<Opcode>0</Opcode>\n<Keywords>0x8000000000000000</Keywords>\n<TimeCreated SystemTime=\"2014-01-25 06:46:45.988674+00:00\"></TimeCreated>\n<EventRecordID>420</EventRecordID>\n<Correlation ActivityID=\"\" RelatedActivityID=\"\"></Correlation>\n<Execution ProcessID=\"1068\" ThreadID=\"2692\"></Execution>\n<Channel>Setup</Channel>\n<Computer>IACIS-HDD-2014</Computer>\n<Security UserID=\"S-1-5-18\"></Security>\n</System>\n<UserData><CbsPackageChangeState xmlns=\"http://manifests.microsoft.com/win/2004/08/windows/setup_provider\"><PackageIdentifier>KB2533552</PackageIdentifier>\n<IntendedPackageState>Installed</IntendedPackageState>\n<ErrorCode>0x0</ErrorCode>\n<Client>WindowsUpdateAgent</Client>\n</CbsPackageChangeState>\n</UserData>\n</Event>\n"
  },
  {
    "EventID": 1,
    "Timestamp": "2014-01-25 06:46:59.716698+00:00",
    "Computer": "IACIS-HDD-2014",
    "Channel": "Setup",
    "Level": "LogAlways",
    "EventData": {},
    "RawXml": "<Event xmlns=\"http://schemas.microsoft.com/win/2004/08/events/event\"><System><Provider Name=\"Microsoft-Windows-Servicing\" Guid=\"{bd12f3b8-fc40-4a61-a307-b7a013a069c1}\"></Provider>\n<EventID Qualifiers=\"\">1</EventID>\n<Version>0</Version>\n<Level>0</Level>\n<Task>0</Task>\n<Opcode>0</Opcode>\n<Keywords>0x8000000000000000</Keywords>\n<TimeCreated SystemTime=\"2014-01-25 06:46:59.716698+00:00\"></TimeCreated>\n<EventRecordID>421</EventRecordID>\n<Correlation ActivityID=\"\" RelatedActivityID=\"\"></Correlation>\n<Execution ProcessID=\"1068\" ThreadID=\"2692\"></Execution>\n<Channel>Setup</Channel>\n<Computer>IACIS-HDD-2014</Computer>\n<Security UserID=\"S-1-5-18\"></Security>\n</System>\n<UserData><CbsPackageInitiateChanges xmlns=\"http://manifests.microsoft.com/win/2004/08/windows/setup_provider\"><PackageIdentifier>KB2620704</PackageIdentifier>\n<InitialPackageState>Resolved</InitialPackageState>\n<IntendedPackageState>Installed</IntendedPackageState>\n<Client>WindowsUpdateAgent</Client>\n</CbsPackageInitiateChanges>\n</UserData>\n</Event>\n"
  },
  {
    "EventID": 4,
    "Timestamp": "2014-01-25 06:58:13.310282+00:00",
    "Computer": "IACIS-HDD-2014",
    "Channel": "Setup",
    "Level": "LogAlways",
    "EventData": {},
    "RawXml": "<Event xmlns=\"http://schemas.microsoft.com/win/2004/08/events/event\"><System><Provider Name=\"Microsoft-Windows-Servicing\" Guid=\"{bd12f3b8-fc40-4a61-a307-b7a013a069c1}\"></Provider>\n<EventID Qualifiers=\"\">4</EventID>\n<Version>0</Version>\n<Level>0</Level>\n<Task>0</Task>\n<Opcode>0</Opcode>\n<Keywords>0x8000000000000000</Keywords>\n<TimeCreated SystemTime=\"2014-01-25 06:58:13.310282+00:00\"></TimeCreated>\n<EventRecordID>422</EventRecordID>\n<Correlation ActivityID=\"\" RelatedActivityID=\"\"></Correlation>\n<Execution ProcessID=\"1068\" ThreadID=\"2692\"></Execution>\n<Channel>Setup</Channel>\n<Computer>IACIS-HDD-2014</Computer>\n<Security UserID=\"S-1-5-18\"></Security>\n</System>\n<UserData><CbsPackageChangeState xmlns=\"http://manifests.microsoft.com/win/2004/08/windows/setup_provider\"><PackageIdentifier>KB2620704</PackageIdentifier>\n<IntendedPackageState>Installed</IntendedPackageState>\n<ErrorCode>0x0</ErrorCode>\n<Client>WindowsUpdateAgent</Client>\n</CbsPackageChangeState>\n</UserData>\n</Event>\n"
  },
  {
    "EventID": 1,
    "Timestamp": "2014-01-25 06:58:36.632322+00:00",
    "Computer": "IACIS-HDD-2014",
    "Channel": "Setup",
    "Level": "LogAlways",
    "EventData": {},
    "RawXml": "<Event xmlns=\"http://schemas.microsoft.com/win/2004/08/events/event\"><System><Provider Name=\"Microsoft-Windows-Servicing\" Guid=\"{bd12f3b8-fc40-4a61-a307-b7a013a069c1}\"></Provider>\n<EventID Qualifiers=\"\">1</EventID>\n<Version>0</Version>\n<Level>0</Level>\n<Task>0</Task>\n<Opcode>0</Opcode>\n<Keywords>0x8000000000000000</Keywords>\n<TimeCreated SystemTime=\"2014-01-25 06:58:36.632322+00:00\"></TimeCreated>\n<EventRecordID>423</EventRecordID>\n<Correlation ActivityID=\"\" RelatedActivityID=\"\"></Correlation>\n<Execution ProcessID=\"1068\" ThreadID=\"2692\"></Execution>\n<Channel>Setup</Channel>\n<Computer>IACIS-HDD-2014</Computer>\n<Security UserID=\"S-1-5-18\"></Security>\n</System>\n<UserData><CbsPackageInitiateChanges xmlns=\"http://manifests.microsoft.com/win/2004/08/windows/setup_provider\"><PackageIdentifier>KB2756921</PackageIdentifier>\n<InitialPackageState>Resolved</InitialPackageState>\n<IntendedPackageState>Installed</IntendedPackageState>\n<Client>WindowsUpdateAgent</Client>\n</CbsPackageInitiateChanges>\n</UserData>\n</Event>\n"
  },
  {
    "EventID": 3,
    "Timestamp": "2014-01-25 07:50:45.202217+00:00",
    "Computer": "IACIS-HDD-2014",
    "Channel": "Setup",
    "Level": "LogAlways",
    "EventData": {},
    "RawXml": "<Event xmlns=\"http://schemas.microsoft.com/win/2004/08/events/event\"><System><Provider Name=\"Microsoft-Windows-Servicing\" Guid=\"{bd12f3b8-fc40-4a61-a307-b7a013a069c1}\"></Provider>\n<EventID Qualifiers=\"\">3</EventID>\n<Version>0</Version>\n<Level>0</Level>\n<Task>0</Task>\n<Opcode>0</Opcode>\n<Keywords>0x8000000000000000</Keywords>\n<TimeCreated SystemTime=\"2014-01-25 07:50:45.202217+00:00\"></TimeCreated>\n<EventRecordID>424</EventRecordID>\n<Correlation ActivityID=\"\" RelatedActivityID=\"\"></Correlation>\n<Execution ProcessID=\"1068\" ThreadID=\"2692\"></Execution>\n<Channel>Setup</Channel>\n<Computer>IACIS-HDD-2014</Computer>\n<Security UserID=\"S-1-5-18\"></Security>\n</System>\n<UserData><CbsPackageChangeState xmlns=\"http://manifests.microsoft.com/win/2004/08/windows/setup_provider\"><PackageIdentifier>KB2756921</PackageIdentifier>\n<IntendedPackageState>Installed</IntendedPackageState>\n<ErrorCode>0x8007000e</ErrorCode>\n<Client>WindowsUpdateAgent</Client>\n</CbsPackageChangeState>\n</UserData>\n</Event>\n"
  },
  {
    "EventID": 1,
    "Timestamp": "2014-01-25 07:51:12.096664+00:00",
    "Computer": "IACIS-HDD-2014",
    "Channel": "Setup",
    "Level": "LogAlways",
    "EventData": {},
    "RawXml": "<Event xmlns=\"http://schemas.microsoft.com/win/2004/08/events/event\"><System><Provider Name=\"Microsoft-Windows-Servicing\" Guid=\"{bd12f3b8-fc40-4a61-a307-b7a013a069c1}\"></Provider>\n<EventID Qualifiers=\"\">1</EventID>\n<Version>0</Version>\n<Level>0</Level>\n<Task>0</Task>\n<Opcode>0</Opcode>\n<Keywords>0x8000000000000000</Keywords>\n<TimeCreated SystemTime=\"2014-01-25 07:51:12.096664+00:00\"></TimeCreated>\n<EventRecordID>425</EventRecordID>\n<Correlation ActivityID=\"\" RelatedActivityID=\"\"></Correlation>\n<Execution ProcessID=\"1068\" ThreadID=\"2692\"></Execution>\n<Channel>Setup</Channel>\n<Computer>IACIS-HDD-2014</Computer>\n<Security UserID=\"S-1-5-18\"></Security>\n</System>\n<UserData><CbsPackageInitiateChanges xmlns=\"http://manifests.microsoft.com/win/2004/08/windows/setup_provider\"><PackageIdentifier>KB2864058</PackageIdentifier>\n<InitialPackageState>Resolved</InitialPackageState>\n<IntendedPackageState>Installed</IntendedPackageState>\n<Client>WindowsUpdateAgent</Client>\n</CbsPackageInitiateChanges>\n</UserData>\n</Event>\n"
  },
  {
    "EventID": 3,
    "Timestamp": "2014-01-25 07:52:25.978395+00:00",
    "Computer": "IACIS-HDD-2014",
    "Channel": "Setup",
    "Level": "LogAlways",
    "EventData": {},
    "RawXml": "<Event xmlns=\"http://schemas.microsoft.com/win/2004/08/events/event\"><System><Provider Name=\"Microsoft-Windows-Servicing\" Guid=\"{bd12f3b8-fc40-4a61-a307-b7a013a069c1}\"></Provider>\n<EventID Qualifiers=\"\">3</EventID>\n<Version>0</Version>\n<Level>0</Level>\n<Task>0</Task>\n<Opcode>0</Opcode>\n<Keywords>0x8000000000000000</Keywords>\n<TimeCreated SystemTime=\"2014-01-25 07:52:25.978395+00:00\"></TimeCreated>\n<EventRecordID>426</EventRecordID>\n<Correlation ActivityID=\"\" RelatedActivityID=\"\"></Correlation>\n<Execution ProcessID=\"1068\" ThreadID=\"2692\"></Execution>\n<Channel>Setup</Channel>\n<Computer>IACIS-HDD-2014</Computer>\n<Security UserID=\"S-1-5-18\"></Security>\n</System>\n<UserData><CbsPackageChangeState xmlns=\"http://manifests.microsoft.com/win/2004/08/windows/setup_provider\"><PackageIdentifier>KB2864058</PackageIdentifier>\n<IntendedPackageState>Installed</IntendedPackageState>\n<ErrorCode>0x8007000e</ErrorCode>\n<Client>WindowsUpdateAgent</Client>\n</CbsPackageChangeState>\n</UserData>\n</Event>\n"
  },
  {
    "EventID": 1,
    "Timestamp": "2014-01-25 07:52:28.583599+00:00",
    "Computer": "IACIS-HDD-2014",
    "Channel": "Setup",
    "Level": "LogAlways",
    "EventData": {},
    "RawXml": "<Event xmlns=\"http://schemas.microsoft.com/win/2004/08/events/event\"><System><Provider Name=\"Microsoft-Windows-Servicing\" Guid=\"{bd12f3b8-fc40-4a61-a307-b7a013a069c1}\"></Provider>\n<EventID Qualifiers=\"\">1</EventID>\n<Version>0</Version>\n<Level>0</Level>\n<Task>0</Task>\n<Opcode>0</Opcode>\n<Keywords>0x8000000000000000</Keywords>\n<TimeCreated SystemTime=\"2014-01-25 07:52:28.583599+00:00\"></TimeCreated>\n<EventRecordID>427</EventRecordID>\n<Correlation ActivityID=\"\" RelatedActivityID=\"\"></Correlation>\n<Execution ProcessID=\"1068\" ThreadID=\"2692\"></Execution>\n<Channel>Setup</Channel>\n<Computer>IACIS-HDD-2014</Computer>\n<Security UserID=\"S-1-5-18\"></Security>\n</System>\n<UserData><CbsPackageInitiateChanges xmlns=\"http://manifests.microsoft.com/win/2004/08/windows/setup_provider\"><PackageIdentifier>KB2552343</PackageIdentifier>\n<InitialPackageState>Installed</InitialPackageState>\n<IntendedPackageState>Installed</IntendedPackageState>\n<Client>WindowsUpdateAgent</Client>\n</CbsPackageInitiateChanges>\n</UserData>\n</Event>\n"
  },
  {
    "EventID": 3,
    "Timestamp": "2014-01-25 08:40:21.703045+00:00",
    "Computer": "IACIS-HDD-2014",
    "Channel": "Setup",
    "Level": "LogAlways",
    "EventData": {},
    "RawXml": "<Event xmlns=\"http://schemas.microsoft.com/win/2004/08/events/event\"><System><Provider Name=\"Microsoft-Windows-Servicing\" Guid=\"{bd12f3b8-fc40-4a61-a307-b7a013a069c1}\"></Provider>\n<EventID Qualifiers=\"\">3</EventID>\n<Version>0</Version>\n<Level>0</Level>\n<Task>0</Task>\n<Opcode>0</Opcode>\n<Keywords>0x8000000000000000</Keywords>\n<TimeCreated SystemTime=\"2014-01-25 08:40:21.703045+00:00\"></TimeCreated>\n<EventRecordID>428</EventRecordID>\n<Correlation ActivityID=\"\" RelatedActivityID=\"\"></Correlation>\n<Execution ProcessID=\"1068\" ThreadID=\"2692\"></Execution>\n<Channel>Setup</Channel>\n<Computer>IACIS-HDD-2014</Computer>\n<Security UserID=\"S-1-5-18\"></Security>\n</System>\n<UserData><CbsPackageChangeState xmlns=\"http://manifests.microsoft.com/win/2004/08/windows/setup_provider\"><PackageIdentifier>KB2552343</PackageIdentifier>\n<IntendedPackageState>Installed</IntendedPackageState>\n<ErrorCode>0x8007000e</ErrorCode>\n<Client>WindowsUpdateAgent</Client>\n</CbsPackageChangeState>\n</UserData>\n</Event>\n"
  },
  {
    "EventID": 1,
    "Timestamp": "2014-01-25 08:54:16.935711+00:00",
    "Computer": "IACIS-HDD-2014",
    "Channel": "Setup",
    "Level": "LogAlways",
    "EventData": {},
    "RawXml": "<Event xmlns=\"http://schemas.microsoft.com/win/2004/08/events/event\"><System><Provider Name=\"Microsoft-Windows-Servicing\" Guid=\"{bd12f3b8-fc40-4a61-a307-b7a013a069c1}\"></Provider>\n<EventID Qualifiers=\"\">1</EventID>\n<Version>0</Version>\n<Level>0</Level>\n<Task>0</Task>\n<Opcode>0</Opcode>\n<Keywords>0x8000000000000000</Keywords>\n<TimeCreated SystemTime=\"2014-01-25 08:54:16.935711+00:00\"></TimeCreated>\n<EventRecordID>429</EventRecordID>\n<Correlation ActivityID=\"\" RelatedActivityID=\"\"></Correlation>\n<Execution ProcessID=\"1068\" ThreadID=\"2692\"></Execution>\n<Channel>Setup</Channel>\n<Computer>IACIS-HDD-2014</Computer>\n<Security UserID=\"S-1-5-18\"></Security>\n</System>\n<UserData><CbsPackageInitiateChanges xmlns=\"http://manifests.microsoft.com/win/2004/08/windows/setup_provider\"><PackageIdentifier>KBWUClient-SelfUpdate-Aux</PackageIdentifier>\n<InitialPackageState>Staged</InitialPackageState>\n<IntendedPackageState>Installed</IntendedPackageState>\n<Client>WindowsUpdateAgent</Client>\n</CbsPackageInitiateChanges>\n</UserData>\n</Event>\n"
  },
  {
    "EventID": 3,
    "Timestamp": "2014-01-25 08:58:06.661716+00:00",
    "Computer": "IACIS-HDD-2014",
    "Channel": "Setup",
    "Level": "LogAlways",
    "EventData": {},
    "RawXml": "<Event xmlns=\"http://schemas.microsoft.com/win/2004/08/events/event\"><System><Provider Name=\"Microsoft-Windows-Servicing\" Guid=\"{bd12f3b8-fc40-4a61-a307-b7a013a069c1}\"></Provider>\n<EventID Qualifiers=\"\">3</EventID>\n<Version>0</Version>\n<Level>0</Level>\n<Task>0</Task>\n<Opcode>0</Opcode>\n<Keywords>0x8000000000000000</Keywords>\n<TimeCreated SystemTime=\"2014-01-25 08:58:06.661716+00:00\"></TimeCreated>\n<EventRecordID>430</EventRecordID>\n<Correlation ActivityID=\"\" RelatedActivityID=\"\"></Correlation>\n<Execution ProcessID=\"1068\" ThreadID=\"2692\"></Execution>\n<Channel>Setup</Channel>\n<Computer>IACIS-HDD-2014</Computer>\n<Security UserID=\"S-1-5-18\"></Security>\n</System>\n<UserData><CbsPackageChangeState xmlns=\"http://manifests.microsoft.com/win/2004/08/windows/setup_provider\"><PackageIdentifier>KBWUClient-SelfUpdate-Aux</PackageIdentifier>\n<IntendedPackageState>Installed</IntendedPackageState>\n<ErrorCode>0x8007000e</ErrorCode>\n<Client>WindowsUpdateAgent</Client>\n</CbsPackageChangeState>\n</UserData>\n</Event>\n"
  },
  {
    "EventID": 2,
    "Timestamp": "2014-01-25 13:30:48.352829+00:00",
    "Computer": "IACIS-HDD-2014",
    "Channel": "Setup",
    "Level": "LogAlways",
    "EventData": {},
    "RawXml": "<Event xmlns=\"http://schemas.microsoft.com/win/2004/08/events/event\"><System><Provider Name=\"Microsoft-Windows-Servicing\" Guid=\"{bd12f3b8-fc40-4a61-a307-b7a013a069c1}\"></Provider>\n<EventID Qualifiers=\"\">2</EventID>\n<Version>0</Version>\n<Level>0</Level>\n<Task>0</Task>\n<Opcode>0</Opcode>\n<Keywords>0x8000000000000000</Keywords>\n<TimeCreated SystemTime=\"2014-01-25 13:30:48.352829+00:00\"></TimeCreated>\n<EventRecordID>431</EventRecordID>\n<Correlation ActivityID=\"\" RelatedActivityID=\"\"></Correlation>\n<Execution ProcessID=\"1000\" ThreadID=\"928\"></Execution>\n<Channel>Setup</Channel>\n<Computer>IACIS-HDD-2014</Computer>\n<Security UserID=\"S-1-5-18\"></Security>\n</System>\n<UserData><CbsPackageChangeState xmlns=\"http://manifests.microsoft.com/win/2004/08/windows/setup_provider\"><PackageIdentifier>KB2862152</PackageIdentifier>\n<IntendedPackageState>Installed</IntendedPackageState>\n<ErrorCode>0x0</ErrorCode>\n<Client>WindowsUpdateAgent</Client>\n</CbsPackageChangeState>\n</UserData>\n</Event>\n"
  },
  {
    "EventID": 2,
    "Timestamp": "2014-01-25 13:30:48.774031+00:00",
    "Computer": "IACIS-HDD-2014",
    "Channel": "Setup",
    "Level": "LogAlways",
    "EventData": {},
    "RawXml": "<Event xmlns=\"http://schemas.microsoft.com/win/2004/08/events/event\"><System><Provider Name=\"Microsoft-Windows-Servicing\" Guid=\"{bd12f3b8-fc40-4a61-a307-b7a013a069c1}\"></Provider>\n<EventID Qualifiers=\"\">2</EventID>\n<Version>0</Version>\n<Level>0</Level>\n<Task>0</Task>\n<Opcode>0</Opcode>\n<Keywords>0x8000000000000000</Keywords>\n<TimeCreated SystemTime=\"2014-01-25 13:30:48.774031+00:00\"></TimeCreated>\n<EventRecordID>432</EventRecordID>\n<Correlation ActivityID=\"\" RelatedActivityID=\"\"></Correlation>\n<Execution ProcessID=\"1000\" ThreadID=\"928\"></Execution>\n<Channel>Setup</Channel>\n<Computer>IACIS-HDD-2014</Computer>\n<Security UserID=\"S-1-5-18\"></Security>\n</System>\n<UserData><CbsPackageChangeState xmlns=\"http://manifests.microsoft.com/win/2004/08/windows/setup_provider\"><PackageIdentifier>KB2736422</PackageIdentifier>\n<IntendedPackageState>Installed</IntendedPackageState>\n<ErrorCode>0x0</ErrorCode>\n<Client>WindowsUpdateAgent</Client>\n</CbsPackageChangeState>\n</UserData>\n</Event>\n"
  },
  {
    "EventID": 2,
    "Timestamp": "2014-01-25 13:30:48.820829+00:00",
    "Computer": "IACIS-HDD-2014",
    "Channel": "Setup",
    "Level": "LogAlways",
    "EventData": {},
    "RawXml": "<Event xmlns=\"http://schemas.microsoft.com/win/2004/08/events/event\"><System><Provider Name=\"Microsoft-Windows-Servicing\" Guid=\"{bd12f3b8-fc40-4a61-a307-b7a013a069c1}\"></Provider>\n<EventID Qualifiers=\"\">2</EventID>\n<Version>0</Version>\n<Level>0</Level>\n<Task>0</Task>\n<Opcode>0</Opcode>\n<Keywords>0x8000000000000000</Keywords>\n<TimeCreated SystemTime=\"2014-01-25 13:30:48.820829+00:00\"></TimeCreated>\n<EventRecordID>433</EventRecordID>\n<Correlation ActivityID=\"\" RelatedActivityID=\"\"></Correlation>\n<Execution ProcessID=\"1000\" ThreadID=\"928\"></Execution>\n<Channel>Setup</Channel>\n<Computer>IACIS-HDD-2014</Computer>\n<Security UserID=\"S-1-5-18\"></Security>\n</System>\n<UserData><CbsPackageChangeState xmlns=\"http://manifests.microsoft.com/win/2004/08/windows/setup_provider\"><PackageIdentifier>KB2698365</PackageIdentifier>\n<IntendedPackageState>Installed</IntendedPackageState>\n<ErrorCode>0x0</ErrorCode>\n<Client>WindowsUpdateAgent</Client>\n</CbsPackageChangeState>\n</UserData>\n</Event>\n"
  },
  {
    "EventID": 2,
    "Timestamp": "2014-01-25 13:30:48.852030+00:00",
    "Computer": "IACIS-HDD-2014",
    "Channel": "Setup",
    "Level": "LogAlways",
    "EventData": {},
    "RawXml": "<Event xmlns=\"http://schemas.microsoft.com/win/2004/08/events/event\"><System><Provider Name=\"Microsoft-Windows-Servicing\" Guid=\"{bd12f3b8-fc40-4a61-a307-b7a013a069c1}\"></Provider>\n<EventID Qualifiers=\"\">2</EventID>\n<Version>0</Version>\n<Level>0</Level>\n<Task>0</Task>\n<Opcode>0</Opcode>\n<Keywords>0x8000000000000000</Keywords>\n<TimeCreated SystemTime=\"2014-01-25 13:30:48.852030+00:00\"></TimeCreated>\n<EventRecordID>434</EventRecordID>\n<Correlation ActivityID=\"\" RelatedActivityID=\"\"></Correlation>\n<Execution ProcessID=\"1000\" ThreadID=\"928\"></Execution>\n<Channel>Setup</Channel>\n<Computer>IACIS-HDD-2014</Computer>\n<Security UserID=\"S-1-5-18\"></Security>\n</System>\n<UserData><CbsPackageChangeState xmlns=\"http://manifests.microsoft.com/win/2004/08/windows/setup_provider\"><PackageIdentifier>KB2834886</PackageIdentifier>\n<IntendedPackageState>Installed</IntendedPackageState>\n<ErrorCode>0x0</ErrorCode>\n<Client>WindowsUpdateAgent</Client>\n</CbsPackageChangeState>\n</UserData>\n</Event>\n"
  },
  {
    "EventID": 2,
    "Timestamp": "2014-01-25 13:30:48.883230+00:00",
    "Computer": "IACIS-HDD-2014",
    "Channel": "Setup",
    "Level": "LogAlways",
    "EventData": {},
    "RawXml": "<Event xmlns=\"http://schemas.microsoft.com/win/2004/08/events/event\"><System><Provider Name=\"Microsoft-Windows-Servicing\" Guid=\"{bd12f3b8-fc40-4a61-a307-b7a013a069c1}\"></Provider>\n<EventID Qualifiers=\"\">2</EventID>\n<Version>0</Version>\n<Level>0</Level>\n<Task>0</Task>\n<Opcode>0</Opcode>\n<Keywords>0x8000000000000000</Keywords>\n<TimeCreated SystemTime=\"2014-01-25 13:30:48.883230+00:00\"></TimeCreated>\n<EventRecordID>435</EventRecordID>\n<Correlation ActivityID=\"\" RelatedActivityID=\"\"></Correlation>\n<Execution ProcessID=\"1000\" ThreadID=\"928\"></Execution>\n<Channel>Setup</Channel>\n<Computer>IACIS-HDD-2014</Computer>\n<Security UserID=\"S-1-5-18\"></Security>\n</System>\n<UserData><CbsPackageChangeState xmlns=\"http://manifests.microsoft.com/win/2004/08/windows/setup_provider\"><PackageIdentifier>KB2832414</PackageIdentifier>\n<IntendedPackageState>Installed</IntendedPackageState>\n<ErrorCode>0x0</ErrorCode>\n<Client>WindowsUpdateAgent</Client>\n</CbsPackageChangeState>\n</UserData>\n</Event>\n"
  },
  {
    "EventID": 2,
    "Timestamp": "2014-01-25 13:30:48.930029+00:00",
    "Computer": "IACIS-HDD-2014",
    "Channel": "Setup",
    "Level": "LogAlways",
    "EventData": {},
    "RawXml": "<Event xmlns=\"http://schemas.microsoft.com/win/2004/08/events/event\"><System><Provider Name=\"Microsoft-Windows-Servicing\" Guid=\"{bd12f3b8-fc40-4a61-a307-b7a013a069c1}\"></Provider>\n<EventID Qualifiers=\"\">2</EventID>\n<Version>0</Version>\n<Level>0</Level>\n<Task>0</Task>\n<Opcode>0</Opcode>\n<Keywords>0x8000000000000000</Keywords>\n<TimeCreated SystemTime=\"2014-01-25 13:30:48.930029+00:00\"></TimeCreated>\n<EventRecordID>436</EventRecordID>\n<Correlation ActivityID=\"\" RelatedActivityID=\"\"></Correlation>\n<Execution ProcessID=\"1000\" ThreadID=\"928\"></Execution>\n<Channel>Setup</Channel>\n<Computer>IACIS-HDD-2014</Computer>\n<Security UserID=\"S-1-5-18\"></Security>\n</System>\n<UserData><CbsPackageChangeState xmlns=\"http://manifests.microsoft.com/win/2004/08/windows/setup_provider\"><PackageIdentifier>KB2876284</PackageIdentifier>\n<IntendedPackageState>Installed</IntendedPackageState>\n<ErrorCode>0x0</ErrorCode>\n<Client>WindowsUpdateAgent</Client>\n</CbsPackageChangeState>\n</UserData>\n</Event>\n"
  },
