  {
    "EventID": 1,
    "Timestamp": "2014-01-25 02:59:48.537556+00:00",
    "Computer": "IACIS-HDD-2014",
    "Channel": "Setup",
    "Level": "LogAlways",
    "EventData": {},
    "RawXml": "<Event xmlns=\"http://schemas.microsoft.com/win/2004/08/events/event\"><System><Provider Name=\"Microsoft-Windows-Servicing\" Guid=\"{bd12f3b8-fc40-4a61-a307-b7a013a069c1}\"></Provider>\n<EventID Qualifiers=\"\">1</EventID>\n<Version>0</Version>\n<Level>0</Level>\n<Task>0</Task>\n<Opcode>0</Opcode>\n<Keywords>0x8000000000000000</Keywords>\n<TimeCreated SystemTime=\"2014-01-25 02:59:48.537556+00:00\"></TimeCreated>\n<EventRecordID>359</EventRecordID>\n<Correlation ActivityID=\"\" RelatedActivityID=\"\"></Correlation>\n<Execution ProcessID=\"1068\" ThreadID=\"2692\"></Execution>\n<Channel>Setup</Channel>\n<Computer>IACIS-HDD-2014</Computer>\n<Security UserID=\"S-1-5-18\"></Security>\n</System>\n<UserData><CbsPackageInitiateChanges xmlns=\"http://manifests.microsoft.com/win/2004/08/windows/setup_provider\"><PackageIdentifier>KB2875783</PackageIdentifier>\n<InitialPackageState>Resolved</InitialPackageState>\n<IntendedPackageState>Installed</IntendedPackageState>\n<Client>WindowsUpdateAgent</Client>\n</CbsPackageInitiateChanges>\n</UserData>\n</Event>\n"
  },
  {
    "EventID": 4,
    "Timestamp": "2014-01-25 03:01:58.969385+00:00",
    "Computer": "IACIS-HDD-2014",
    "Channel": "Setup",
    "Level": "LogAlways",
    "EventData": {},
    "RawXml": "<Event xmlns=\"http://schemas.microsoft.com/win/2004/08/events/event\"><System><Provider Name=\"Microsoft-Windows-Servicing\" Guid=\"{bd12f3b8-fc40-4a61-a307-b7a013a069c1}\"></Provider>\n<EventID Qualifiers=\"\">4</EventID>\n<Version>0</Version>\n<Level>0</Level>\n<Task>0</Task>\n<Opcode>0</Opcode>\n<Keywords>0x8000000000000000</Keywords>\n<TimeCreated SystemTime=\"2014-01-25 03:01:58.969385+00:00\"></TimeCreated>\n<EventRecordID>360</EventRecordID>\n<Correlation ActivityID=\"\" RelatedActivityID=\"\"></Correlation>\n<Execution ProcessID=\"1068\" ThreadID=\"2692\"></Execution>\n<Channel>Setup</Channel>\n<Computer>IACIS-HDD-2014</Computer>\n<Security UserID=\"S-1-5-18\"></Security>\n</System>\n<UserData><CbsPackageChangeState xmlns=\"http://manifests.microsoft.com/win/2004/08/windows/setup_provider\"><PackageIdentifier>KB2875783</PackageIdentifier>\n<IntendedPackageState>Installed</IntendedPackageState>\n<ErrorCode>0x0</ErrorCode>\n<Client>WindowsUpdateAgent</Client>\n</CbsPackageChangeState>\n</UserData>\n</Event>\n"
  },
  {
    "EventID": 1,
    "Timestamp": "2014-01-25 03:02:01.543390+00:00",
    "Computer": "IACIS-HDD-2014",
    "Channel": "Setup",
    "Level": "LogAlways",
    "EventData": {},
    "RawXml": "<Event xmlns=\"http://schemas.microsoft.com/win/2004/08/events/event\"><System><Provider Name=\"Microsoft-Windows-Servicing\" Guid=\"{bd12f3b8-fc40-4a61-a307-b7a013a069c1}\"></Provider>\n<EventID Qualifiers=\"\">1</EventID>\n<Version>0</Version>\n<Level>0</Level>\n<Task>0</Task>\n<Opcode>0</Opcode>\n<Keywords>0x8000000000000000</Keywords>\n<TimeCreated SystemTime=\"2014-01-25 03:02:01.543390+00:00\"></TimeCreated>\n<EventRecordID>361</EventRecordID>\n<Correlation ActivityID=\"\" RelatedActivityID=\"\"></Correlation>\n<Execution ProcessID=\"1068\" ThreadID=\"2692\"></Execution>\n<Channel>Setup</Channel>\n<Computer>IACIS-HDD-2014</Computer>\n<Security UserID=\"S-1-5-18\"></Security>\n</System>\n<UserData><CbsPackageInitiateChanges xmlns=\"http://manifests.microsoft.com/win/2004/08/windows/setup_provider\"><PackageIdentifier>KB2844286</PackageIdentifier>\n<InitialPackageState>Resolved</InitialPackageState>\n<IntendedPackageState>Installed</IntendedPackageState>\n<Client>WindowsUpdateAgent</Client>\n</CbsPackageInitiateChanges>\n</UserData>\n</Event>\n"
  },
  {
    "EventID": 4,
    "Timestamp": "2014-01-25 03:04:47.714882+00:00",
    "Computer": "IACIS-HDD-2014",
    "Channel": "Setup",
    "Level": "LogAlways",
    "EventData": {},
    "RawXml": "<Event xmlns=\"http://schemas.microsoft.com/win/2004/08/events/event\"><System><Provider Name=\"Microsoft-Windows-Servicing\" Guid=\"{bd12f3b8-fc40-4a61-a307-b7a013a069c1}\"></Provider>\n<EventID Qualifiers=\"\">4</EventID>\n<Version>0</Version>\n<Level>0</Level>\n<Task>0</Task>\n<Opcode>0</Opcode>\n<Keywords>0x8000000000000000</Keywords>\n<TimeCreated SystemTime=\"2014-01-25 03:04:47.714882+00:00\"></TimeCreated>\n<EventRecordID>362</EventRecordID>\n<Correlation ActivityID=\"\" RelatedActivityID=\"\"></Correlation>\n<Execution ProcessID=\"1068\" ThreadID=\"2692\"></Execution>\n<Channel>Setup</Channel>\n<Computer>IACIS-HDD-2014</Computer>\n<Security UserID=\"S-1-5-18\"></Security>\n</System>\n<UserData><CbsPackageChangeState xmlns=\"http://manifests.microsoft.com/win/2004/08/windows/setup_provider\"><PackageIdentifier>KB2844286</PackageIdentifier>\n<IntendedPackageState>Installed</IntendedPackageState>\n<ErrorCode>0x0</ErrorCode>\n<Client>WindowsUpdateAgent</Client>\n</CbsPackageChangeState>\n</UserData>\n</Event>\n"
  },
  {
    "EventID": 1,
    "Timestamp": "2014-01-25 03:04:49.430883+00:00",
    "Computer": "IACIS-HDD-2014",
    "Channel": "Setup",
    "Level": "LogAlways",
    "EventData": {},
    "RawXml": "<Event xmlns=\"http://schemas.microsoft.com/win/2004/08/events/event\"><System><Provider Name=\"Microsoft-Windows-Servicing\" Guid=\"{bd12f3b8-fc40-4a61-a307-b7a013a069c1}\"></Provider>\n<EventID Qualifiers=\"\">1</EventID>\n<Version>0</Version>\n<Level>0</Level>\n<Task>0</Task>\n<Opcode>0</Opcode>\n<Keywords>0x8000000000000000</Keywords>\n<TimeCreated SystemTime=\"2014-01-25 03:04:49.430883+00:00\"></TimeCreated>\n<EventRecordID>363</EventRecordID>\n<Correlation ActivityID=\"\" RelatedActivityID=\"\"></Correlation>\n<Execution ProcessID=\"1068\" ThreadID=\"2692\"></Execution>\n<Channel>Setup</Channel>\n<Computer>IACIS-HDD-2014</Computer>\n<Security UserID=\"S-1-5-18\"></Security>\n</System>\n<UserData><CbsPackageInitiateChanges xmlns=\"http://manifests.microsoft.com/win/2004/08/windows/setup_provider\"><PackageIdentifier>KB2884256</PackageIdentifier>\n<InitialPackageState>Resolved</InitialPackageState>\n<IntendedPackageState>Installed</IntendedPackageState>\n<Client>WindowsUpdateAgent</Client>\n</CbsPackageInitiateChanges>\n</UserData>\n</Event>\n"
  },
  {
    "EventID": 4,
    "Timestamp": "2014-01-25 03:06:42.109882+00:00",
    "Computer": "IACIS-HDD-2014",
    "Channel": "Setup",
    "Level": "LogAlways",
    "EventData": {},
    "RawXml": "<Event xmlns=\"http://schemas.microsoft.com/win/2004/08/events/event\"><System><Provider Name=\"Microsoft-Windows-Servicing\" Guid=\"{bd12f3b8-fc40-4a61-a307-b7a013a069c1}\"></Provider>\n<EventID Qualifiers=\"\">4</EventID>\n<Version>0</Version>\n<Level>0</Level>\n<Task>0</Task>\n<Opcode>0</Opcode>\n<Keywords>0x8000000000000000</Keywords>\n<TimeCreated SystemTime=\"2014-01-25 03:06:42.109882+00:00\"></TimeCreated>\n<EventRecordID>364</EventRecordID>\n<Correlation ActivityID=\"\" RelatedActivityID=\"\"></Correlation>\n<Execution ProcessID=\"1068\" ThreadID=\"2692\"></Execution>\n<Channel>Setup</Channel>\n<Computer>IACIS-HDD-2014</Computer>\n<Security UserID=\"S-1-5-18\"></Security>\n</System>\n<UserData><CbsPackageChangeState xmlns=\"http://manifests.microsoft.com/win/2004/08/windows/setup_provider\"><PackageIdentifier>KB2884256</PackageIdentifier>\n<IntendedPackageState>Installed</IntendedPackageState>\n<ErrorCode>0x0</ErrorCode>\n<Client>WindowsUpdateAgent</Client>\n</CbsPackageChangeState>\n</UserData>\n</Event>\n"
  },
  {
    "EventID": 1,
    "Timestamp": "2014-01-25 03:06:46.711891+00:00",
    "Computer": "IACIS-HDD-2014",
    "Channel": "Setup",
    "Level": "LogAlways",
    "EventData": {},
    "RawXml": "<Event xmlns=\"http://schemas.microsoft.com/win/2004/08/events/event\"><System><Provider Name=\"Microsoft-Windows-Servicing\" Guid=\"{bd12f3b8-fc40-4a61-a307-b7a013a069c1}\"></Provider>\n<EventID Qualifiers=\"\">1</EventID>\n<Version>0</Version>\n<Level>0</Level>\n<Task>0</Task>\n<Opcode>0</Opcode>\n<Keywords>0x8000000000000000</Keywords>\n<TimeCreated SystemTime=\"2014-01-25 03:06:46.711891+00:00\"></TimeCreated>\n<EventRecordID>365</EventRecordID>\n<Correlation ActivityID=\"\" RelatedActivityID=\"\"></Correlation>\n<Execution ProcessID=\"1068\" ThreadID=\"2692\"></Execution>\n<Channel>Setup</Channel>\n<Computer>IACIS-HDD-2014</Computer>\n<Security UserID=\"S-1-5-18\"></Security>\n</System>\n<UserData><CbsPackageInitiateChanges xmlns=\"http://manifests.microsoft.com/win/2004/08/windows/setup_provider\"><PackageIdentifier>KB2904266</PackageIdentifier>\n<InitialPackageState>Resolved</InitialPackageState>\n<IntendedPackageState>Installed</IntendedPackageState>\n<Client>WindowsUpdateAgent</Client>\n</CbsPackageInitiateChanges>\n</UserData>\n</Event>\n"
  },
  {
    "EventID": 4,
    "Timestamp": "2014-01-25 03:13:03.826954+00:00",
    "Computer": "IACIS-HDD-2014",
    "Channel": "Setup",
    "Level": "LogAlways",
    "EventData": {},
    "RawXml": "<Event xmlns=\"http://schemas.microsoft.com/win/2004/08/events/event\"><System><Provider Name=\"Microsoft-Windows-Servicing\" Guid=\"{bd12f3b8-fc40-4a61-a307-b7a013a069c1}\"></Provider>\n<EventID Qualifiers=\"\">4</EventID>\n<Version>0</Version>\n<Level>0</Level>\n<Task>0</Task>\n<Opcode>0</Opcode>\n<Keywords>0x8000000000000000</Keywords>\n<TimeCreated SystemTime=\"2014-01-25 03:13:03.826954+00:00\"></TimeCreated>\n<EventRecordID>366</EventRecordID>\n<Correlation ActivityID=\"\" RelatedActivityID=\"\"></Correlation>\n<Execution ProcessID=\"1068\" ThreadID=\"2692\"></Execution>\n<Channel>Setup</Channel>\n<Computer>IACIS-HDD-2014</Computer>\n<Security UserID=\"S-1-5-18\"></Security>\n</System>\n<UserData><CbsPackageChangeState xmlns=\"http://manifests.microsoft.com/win/2004/08/windows/setup_provider\"><PackageIdentifier>KB2904266</PackageIdentifier>\n<IntendedPackageState>Installed</IntendedPackageState>\n<ErrorCode>0x0</ErrorCode>\n<Client>WindowsUpdateAgent</Client>\n</CbsPackageChangeState>\n</UserData>\n</Event>\n"
  },
  {
    "EventID": 1,
    "Timestamp": "2014-01-25 03:13:16.291376+00:00",
    "Computer": "IACIS-HDD-2014",
    "Channel": "Setup",
    "Level": "LogAlways",
    "EventData": {},
    "RawXml": "<Event xmlns=\"http://schemas.microsoft.com/win/2004/08/events/event\"><System><Provider Name=\"Microsoft-Windows-Servicing\" Guid=\"{bd12f3b8-fc40-4a61-a307-b7a013a069c1}\"></Provider>\n<EventID Qualifiers=\"\">1</EventID>\n<Version>0</Version>\n<Level>0</Level>\n<Task>0</Task>\n<Opcode>0</Opcode>\n<Keywords>0x8000000000000000</Keywords>\n<TimeCreated SystemTime=\"2014-01-25 03:13:16.291376+00:00\"></TimeCreated>\n<EventRecordID>367</EventRecordID>\n<Correlation ActivityID=\"\" RelatedActivityID=\"\"></Correlation>\n<Execution ProcessID=\"1068\" ThreadID=\"2692\"></Execution>\n<Channel>Setup</Channel>\n<Computer>IACIS-HDD-2014</Computer>\n<Security UserID=\"S-1-5-18\"></Security>\n</System>\n<UserData><CbsPackageInitiateChanges xmlns=\"http://manifests.microsoft.com/win/2004/08/windows/setup_provider\"><PackageIdentifier>KB2893294</PackageIdentifier>\n<InitialPackageState>Resolved</InitialPackageState>\n<IntendedPackageState>Installed</IntendedPackageState>\n<Client>WindowsUpdateAgent</Client>\n</CbsPackageInitiateChanges>\n</UserData>\n</Event>\n"
  },
  {
    "EventID": 4,
    "Timestamp": "2014-01-25 03:16:07.064875+00:00",
    "Computer": "IACIS-HDD-2014",
    "Channel": "Setup",
    "Level": "LogAlways",
    "EventData": {},
    "RawXml": "<Event xmlns=\"http://schemas.microsoft.com/win/2004/08/events/event\"><System><Provider Name=\"Microsoft-Windows-Servicing\" Guid=\"{bd12f3b8-fc40-4a61-a307-b7a013a069c1}\"></Provider>\n<EventID Qualifiers=\"\">4</EventID>\n<Version>0</Version>\n<Level>0</Level>\n<Task>0</Task>\n<Opcode>0</Opcode>\n<Keywords>0x8000000000000000</Keywords>\n<TimeCreated SystemTime=\"2014-01-25 03:16:07.064875+00:00\"></TimeCreated>\n<EventRecordID>368</EventRecordID>\n<Correlation ActivityID=\"\" RelatedActivityID=\"\"></Correlation>\n<Execution ProcessID=\"1068\" ThreadID=\"2692\"></Execution>\n<Channel>Setup</Channel>\n<Computer>IACIS-HDD-2014</Computer>\n<Security UserID=\"S-1-5-18\"></Security>\n</System>\n<UserData><CbsPackageChangeState xmlns=\"http://manifests.microsoft.com/win/2004/08/windows/setup_provider\"><PackageIdentifier>KB2893294</PackageIdentifier>\n<IntendedPackageState>Installed</IntendedPackageState>\n<ErrorCode>0x0</ErrorCode>\n<Client>WindowsUpdateAgent</Client>\n</CbsPackageChangeState>\n</UserData>\n</Event>\n"
  },
  {
    "EventID": 1,
    "Timestamp": "2014-01-25 03:16:10.372082+00:00",
    "Computer": "IACIS-HDD-2014",
    "Channel": "Setup",
    "Level": "LogAlways",
    "EventData": {},
    "RawXml": "<Event xmlns=\"http://schemas.microsoft.com/win/2004/08/events/event\"><System><Provider Name=\"Microsoft-Windows-Servicing\" Guid=\"{bd12f3b8-fc40-4a61-a307-b7a013a069c1}\"></Provider>\n<EventID Qualifiers=\"\">1</EventID>\n<Version>0</Version>\n<Level>0</Level>\n<Task>0</Task>\n<Opcode>0</Opcode>\n<Keywords>0x8000000000000000</Keywords>\n<TimeCreated SystemTime=\"2014-01-25 03:16:10.372082+00:00\"></TimeCreated>\n<EventRecordID>369</EventRecordID>\n<Correlation ActivityID=\"\" RelatedActivityID=\"\"></Correlation>\n<Execution ProcessID=\"1068\" ThreadID=\"2692\"></Execution>\n<Channel>Setup</Channel>\n<Computer>IACIS-HDD-2014</Computer>\n<Security UserID=\"S-1-5-18\"></Security>\n</System>\n<UserData><CbsPackageInitiateChanges xmlns=\"http://manifests.microsoft.com/win/2004/08/windows/setup_provider\"><PackageIdentifier>KB2868626</PackageIdentifier>\n<InitialPackageState>Resolved</InitialPackageState>\n<IntendedPackageState>Installed</IntendedPackageState>\n<Client>WindowsUpdateAgent</Client>\n</CbsPackageInitiateChanges>\n</UserData>\n</Event>\n"
  },
  {
    "EventID": 4,
    "Timestamp": "2014-01-25 03:22:46.737577+00:00",
    "Computer": "IACIS-HDD-2014",
    "Channel": "Setup",
    "Level": "LogAlways",
    "EventData": {},
    "RawXml": "<Event xmlns=\"http://schemas.microsoft.com/win/2004/08/events/event\"><System><Provider Name=\"Microsoft-Windows-Servicing\" Guid=\"{bd12f3b8-fc40-4a61-a307-b7a013a069c1}\"></Provider>\n<EventID Qualifiers=\"\">4</EventID>\n<Version>0</Version>\n<Level>0</Level>\n<Task>0</Task>\n<Opcode>0</Opcode>\n<Keywords>0x8000000000000000</Keywords>\n<TimeCreated SystemTime=\"2014-01-25 03:22:46.737577+00:00\"></TimeCreated>\n<EventRecordID>370</EventRecordID>\n<Correlation ActivityID=\"\" RelatedActivityID=\"\"></Correlation>\n<Execution ProcessID=\"1068\" ThreadID=\"2692\"></Execution>\n<Channel>Setup</Channel>\n<Computer>IACIS-HDD-2014</Computer>\n<Security UserID=\"S-1-5-18\"></Security>\n</System>\n<UserData><CbsPackageChangeState xmlns=\"http://manifests.microsoft.com/win/2004/08/windows/setup_provider\"><PackageIdentifier>KB2868626</PackageIdentifier>\n<IntendedPackageState>Installed</IntendedPackageState>\n<ErrorCode>0x0</ErrorCode>\n<Client>WindowsUpdateAgent</Client>\n</CbsPackageChangeState>\n</UserData>\n</Event>\n"
  },
  {
    "EventID": 1,
    "Timestamp": "2014-01-25 03:22:56.409594+00:00",
    "Computer": "IACIS-HDD-2014",
    "Channel": "Setup",
    "Level": "LogAlways",
    "EventData": {},
    "RawXml": "<Event xmlns=\"http://schemas.microsoft.com/win/2004/08/events/event\"><System><Provider Name=\"Microsoft-Windows-Servicing\" Guid=\"{bd12f3b8-fc40-4a61-a307-b7a013a069c1}\"></Provider>\n<EventID Qualifiers=\"\">1</EventID>\n<Version>0</Version>\n<Level>0</Level>\n<Task>0</Task>\n<Opcode>0</Opcode>\n<Keywords>0x8000000000000000</Keywords>\n<TimeCreated SystemTime=\"2014-01-25 03:22:56.409594+00:00\"></TimeCreated>\n<EventRecordID>371</EventRecordID>\n<Correlation ActivityID=\"\" RelatedActivityID=\"\"></Correlation>\n<Execution ProcessID=\"1068\" ThreadID=\"2692\"></Execution>\n<Channel>Setup</Channel>\n<Computer>IACIS-HDD-2014</Computer>\n<Security UserID=\"S-1-5-18\"></Security>\n</System>\n<UserData><CbsPackageInitiateChanges xmlns=\"http://manifests.microsoft.com/win/2004/08/windows/setup_provider\"><PackageIdentifier>KB2840149</PackageIdentifier>\n<InitialPackageState>Resolved</InitialPackageState>\n<IntendedPackageState>Installed</IntendedPackageState>\n<Client>WindowsUpdateAgent</Client>\n</CbsPackageInitiateChanges>\n</UserData>\n</Event>\n"
  },
  {
    "EventID": 4,
    "Timestamp": "2014-01-25 03:27:06.992834+00:00",
    "Computer": "IACIS-HDD-2014",
    "Channel": "Setup",
    "Level": "LogAlways",
    "EventData": {},
    "RawXml": "<Event xmlns=\"http://schemas.microsoft.com/win/2004/08/events/event\"><System><Provider Name=\"Microsoft-Windows-Servicing\" Guid=\"{bd12f3b8-fc40-4a61-a307-b7a013a069c1}\"></Provider>\n<EventID Qualifiers=\"\">4</EventID>\n<Version>0</Version>\n<Level>0</Level>\n<Task>0</Task>\n<Opcode>0</Opcode>\n<Keywords>0x8000000000000000</Keywords>\n<TimeCreated SystemTime=\"2014-01-25 03:27:06.992834+00:00\"></TimeCreated>\n<EventRecordID>372</EventRecordID>\n<Correlation ActivityID=\"\" RelatedActivityID=\"\"></Correlation>\n<Execution ProcessID=\"1068\" ThreadID=\"2692\"></Execution>\n<Channel>Setup</Channel>\n<Computer>IACIS-HDD-2014</Computer>\n<Security UserID=\"S-1-5-18\"></Security>\n</System>\n<UserData><CbsPackageChangeState xmlns=\"http://manifests.microsoft.com/win/2004/08/windows/setup_provider\"><PackageIdentifier>KB2840149</PackageIdentifier>\n<IntendedPackageState>Installed</IntendedPackageState>\n<ErrorCode>0x0</ErrorCode>\n<Client>WindowsUpdateAgent</Client>\n</CbsPackageChangeState>\n</UserData>\n</Event>\n"
  },
  {
    "EventID": 1,
    "Timestamp": "2014-01-25 03:27:17.023653+00:00",
    "Computer": "IACIS-HDD-2014",
    "Channel": "Setup",
    "Level": "LogAlways",
    "EventData": {},
    "RawXml": "<Event xmlns=\"http://schemas.microsoft.com/win/2004/08/events/event\"><System><Provider Name=\"Microsoft-Windows-Servicing\" Guid=\"{bd12f3b8-fc40-4a61-a307-b7a013a069c1}\"></Provider>\n<EventID Qualifiers=\"\">1</EventID>\n<Version>0</Version>\n<Level>0</Level>\n<Task>0</Task>\n<Opcode>0</Opcode>\n<Keywords>0x8000000000000000</Keywords>\n<TimeCreated SystemTime=\"2014-01-25 03:27:17.023653+00:00\"></TimeCreated>\n<EventRecordID>373</EventRecordID>\n<Correlation ActivityID=\"\" RelatedActivityID=\"\"></Correlation>\n<Execution ProcessID=\"1068\" ThreadID=\"2692\"></Execution>\n<Channel>Setup</Channel>\n<Computer>IACIS-HDD-2014</Computer>\n<Security UserID=\"S-1-5-18\"></Security>\n</System>\n<UserData><CbsPackageInitiateChanges xmlns=\"http://manifests.microsoft.com/win/2004/08/windows/setup_provider\"><PackageIdentifier>KB2585542</PackageIdentifier>\n<InitialPackageState>Resolved</InitialPackageState>\n<IntendedPackageState>Installed</IntendedPackageState>\n<Client>WindowsUpdateAgent</Client>\n</CbsPackageInitiateChanges>\n</UserData>\n</Event>\n"
  },
  {
    "EventID": 4,
    "Timestamp": "2014-01-25 03:33:35.433516+00:00",
    "Computer": "IACIS-HDD-2014",
    "Channel": "Setup",
    "Level": "LogAlways",
    "EventData": {},
    "RawXml": "<Event xmlns=\"http://schemas.microsoft.com/win/2004/08/events/event\"><System><Provider Name=\"Microsoft-Windows-Servicing\" Guid=\"{bd12f3b8-fc40-4a61-a307-b7a013a069c1}\"></Provider>\n<EventID Qualifiers=\"\">4</EventID>\n<Version>0</Version>\n<Level>0</Level>\n<Task>0</Task>\n<Opcode>0</Opcode>\n<Keywords>0x8000000000000000</Keywords>\n<TimeCreated SystemTime=\"2014-01-25 03:33:35.433516+00:00\"></TimeCreated>\n<EventRecordID>374</EventRecordID>\n<Correlation ActivityID=\"\" RelatedActivityID=\"\"></Correlation>\n<Execution ProcessID=\"1068\" ThreadID=\"2692\"></Execution>\n<Channel>Setup</Channel>\n<Computer>IACIS-HDD-2014</Computer>\n<Security UserID=\"S-1-5-18\"></Security>\n</System>\n<UserData><CbsPackageChangeState xmlns=\"http://manifests.microsoft.com/win/2004/08/windows/setup_provider\"><PackageIdentifier>KB2585542</PackageIdentifier>\n<IntendedPackageState>Installed</IntendedPackageState>\n<ErrorCode>0x0</ErrorCode>\n<Client>WindowsUpdateAgent</Client>\n</CbsPackageChangeState>\n</UserData>\n</Event>\n"
  },
  {
    "EventID": 1,
    "Timestamp": "2014-01-25 03:33:46.603136+00:00",
    "Computer": "IACIS-HDD-2014",
    "Channel": "Setup",
    "Level": "LogAlways",
    "EventData": {},
    "RawXml": "<Event xmlns=\"http://schemas.microsoft.com/win/2004/08/events/event\"><System><Provider Name=\"Microsoft-Windows-Servicing\" Guid=\"{bd12f3b8-fc40-4a61-a307-b7a013a069c1}\"></Provider>\n<EventID Qualifiers=\"\">1</EventID>\n<Version>0</Version>\n<Level>0</Level>\n<Task>0</Task>\n<Opcode>0</Opcode>\n<Keywords>0x8000000000000000</Keywords>\n<TimeCreated SystemTime=\"2014-01-25 03:33:46.603136+00:00\"></TimeCreated>\n<EventRecordID>375</EventRecordID>\n<Correlation ActivityID=\"\" RelatedActivityID=\"\"></Correlation>\n<Execution ProcessID=\"1068\" ThreadID=\"2692\"></Execution>\n<Channel>Setup</Channel>\n<Computer>IACIS-HDD-2014</Computer>\n<Security UserID=\"S-1-5-18\"></Security>\n</System>\n<UserData><CbsPackageInitiateChanges xmlns=\"http://manifests.microsoft.com/win/2004/08/windows/setup_provider\"><PackageIdentifier>KB2536276</PackageIdentifier>\n<InitialPackageState>Resolved</InitialPackageState>\n<IntendedPackageState>Installed</IntendedPackageState>\n<Client>WindowsUpdateAgent</Client>\n</CbsPackageInitiateChanges>\n</UserData>\n</Event>\n"
  },
  {
    "EventID": 4,
    "Timestamp": "2014-01-25 03:37:32.039133+00:00",
    "Computer": "IACIS-HDD-2014",
    "Channel": "Setup",
    "Level": "LogAlways",
    "EventData": {},
    "RawXml": "<Event xmlns=\"http://schemas.microsoft.com/win/2004/08/events/event\"><System><Provider Name=\"Microsoft-Windows-Servicing\" Guid=\"{bd12f3b8-fc40-4a61-a307-b7a013a069c1}\"></Provider>\n<EventID Qualifiers=\"\">4</EventID>\n<Version>0</Version>\n<Level>0</Level>\n<Task>0</Task>\n<Opcode>0</Opcode>\n<Keywords>0x8000000000000000</Keywords>\n<TimeCreated SystemTime=\"2014-01-25 03:37:32.039133+00:00\"></TimeCreated>\n<EventRecordID>376</EventRecordID>\n<Correlation ActivityID=\"\" RelatedActivityID=\"\"></Correlation>\n<Execution ProcessID=\"1068\" ThreadID=\"2692\"></Execution>\n<Channel>Setup</Channel>\n<Computer>IACIS-HDD-2014</Computer>\n<Security UserID=\"S-1-5-18\"></Security>\n</System>\n<UserData><CbsPackageChangeState xmlns=\"http://manifests.microsoft.com/win/2004/08/windows/setup_provider\"><PackageIdentifier>KB2536276</PackageIdentifier>\n<IntendedPackageState>Installed</IntendedPackageState>\n<ErrorCode>0x0</ErrorCode>\n<Client>WindowsUpdateAgent</Client>\n</CbsPackageChangeState>\n</UserData>\n</Event>\n"
  },
  {
    "EventID": 1,
    "Timestamp": "2014-01-25 03:37:36.641140+00:00",
    "Computer": "IACIS-HDD-2014",
    "Channel": "Setup",
    "Level": "LogAlways",
    "EventData": {},
    "RawXml": "<Event xmlns=\"http://schemas.microsoft.com/win/2004/08/events/event\"><System><Provider Name=\"Microsoft-Windows-Servicing\" Guid=\"{bd12f3b8-fc40-4a61-a307-b7a013a069c1}\"></Provider>\n<EventID Qualifiers=\"\">1</EventID>\n<Version>0</Version>\n<Level>0</Level>\n<Task>0</Task>\n<Opcode>0</Opcode>\n<Keywords>0x8000000000000000</Keywords>\n<TimeCreated SystemTime=\"2014-01-25 03:37:36.641140+00:00\"></TimeCreated>\n<EventRecordID>377</EventRecordID>\n<Correlation ActivityID=\"\" RelatedActivityID=\"\"></Correlation>\n<Execution ProcessID=\"1068\" ThreadID=\"2692\"></Execution>\n<Channel>Setup</Channel>\n<Computer>IACIS-HDD-2014</Computer>\n<Security UserID=\"S-1-5-18\"></Security>\n</System>\n<UserData><CbsPackageInitiateChanges xmlns=\"http://manifests.microsoft.com/win/2004/08/windows/setup_provider\"><PackageIdentifier>KB2798162</PackageIdentifier>\n<InitialPackageState>Resolved</InitialPackageState>\n<IntendedPackageState>Installed</IntendedPackageState>\n<Client>WindowsUpdateAgent</Client>\n</CbsPackageInitiateChanges>\n</UserData>\n</Event>\n"
  },
  {
    "EventID": 4,
    "Timestamp": "2014-01-25 03:44:03.397018+00:00",
    "Computer": "IACIS-HDD-2014",
    "Channel": "Setup",
    "Level": "LogAlways",
    "EventData": {},
    "RawXml": "<Event xmlns=\"http://schemas.microsoft.com/win/2004/08/events/event\"><System><Provider Name=\"Microsoft-Windows-Servicing\" Guid=\"{bd12f3b8-fc40-4a61-a307-b7a013a069c1}\"></Provider>\n<EventID Qualifiers=\"\">4</EventID>\n<Version>0</Version>\n<Level>0</Level>\n<Task>0</Task>\n<Opcode>0</Opcode>\n<Keywords>0x8000000000000000</Keywords>\n<TimeCreated SystemTime=\"2014-01-25 03:44:03.397018+00:00\"></TimeCreated>\n<EventRecordID>378</EventRecordID>\n<Correlation ActivityID=\"\" RelatedActivityID=\"\"></Correlation>\n<Execution ProcessID=\"1068\" ThreadID=\"2692\"></Execution>\n<Channel>Setup</Channel>\n<Computer>IACIS-HDD-2014</Computer>\n<Security UserID=\"S-1-5-18\"></Security>\n</System>\n<UserData><CbsPackageChangeState xmlns=\"http://manifests.microsoft.com/win/2004/08/windows/setup_provider\"><PackageIdentifier>KB2798162</PackageIdentifier>\n<IntendedPackageState>Installed</IntendedPackageState>\n<ErrorCode>0x0</ErrorCode>\n<Client>WindowsUpdateAgent</Client>\n</CbsPackageChangeState>\n</UserData>\n</Event>\n"
  },
  {
    "EventID": 1,
    "Timestamp": "2014-01-25 03:44:12.507435+00:00",
    "Computer": "IACIS-HDD-2014",
    "Channel": "Setup",
    "Level": "LogAlways",
    "EventData": {},
    "RawXml": "<Event xmlns=\"http://schemas.microsoft.com/win/2004/08/events/event\"><System><Provider Name=\"Microsoft-Windows-Servicing\" Guid=\"{bd12f3b8-fc40-4a61-a307-b7a013a069c1}\"></Provider>\n<EventID Qualifiers=\"\">1</EventID>\n<Version>0</Version>\n<Level>0</Level>\n<Task>0</Task>\n<Opcode>0</Opcode>\n<Keywords>0x8000000000000000</Keywords>\n<TimeCreated SystemTime=\"2014-01-25 03:44:12.507435+00:00\"></TimeCreated>\n<EventRecordID>379</EventRecordID>\n<Correlation ActivityID=\"\" RelatedActivityID=\"\"></Correlation>\n<Execution ProcessID=\"1068\" ThreadID=\"2692\"></Execution>\n<Channel>Setup</Channel>\n<Computer>IACIS-HDD-2014</Computer>\n<Security UserID=\"S-1-5-18\"></Security>\n</System>\n<UserData><CbsPackageInitiateChanges xmlns=\"http://manifests.microsoft.com/win/2004/08/windows/setup_provider\"><PackageIdentifier>KB2631813</PackageIdentifier>\n<InitialPackageState>Resolved</InitialPackageState>\n<IntendedPackageState>Installed</IntendedPackageState>\n<Client>WindowsUpdateAgent</Client>\n</CbsPackageInitiateChanges>\n</UserData>\n</Event>\n"
  },
  {
    "EventID": 4,
    "Timestamp": "2014-01-25 03:47:37.304594+00:00",
    "Computer": "IACIS-HDD-2014",
    "Channel": "Setup",
    "Level": "LogAlways",
    "EventData": {},
    "RawXml": "<Event xmlns=\"http://schemas.microsoft.com/win/2004/08/events/event\"><System><Provider Name=\"Microsoft-Windows-Servicing\" Guid=\"{bd12f3b8-fc40-4a61-a307-b7a013a069c1}\"></Provider>\n<EventID Qualifiers=\"\">4</EventID>\n<Version>0</Version>\n<Level>0</Level>\n<Task>0</Task>\n<Opcode>0</Opcode>\n<Keywords>0x8000000000000000</Keywords>\n<TimeCreated SystemTime=\"2014-01-25 03:47:37.304594+00:00\"></TimeCreated>\n<EventRecordID>380</EventRecordID>\n<Correlation ActivityID=\"\" RelatedActivityID=\"\"></Correlation>\n<Execution ProcessID=\"1068\" ThreadID=\"2692\"></Execution>\n<Channel>Setup</Channel>\n<Computer>IACIS-HDD-2014</Computer>\n<Security UserID=\"S-1-5-18\"></Security>\n</System>\n<UserData><CbsPackageChangeState xmlns=\"http://manifests.microsoft.com/win/2004/08/windows/setup_provider\"><PackageIdentifier>KB2631813</PackageIdentifier>\n<IntendedPackageState>Installed</IntendedPackageState>\n<ErrorCode>0x0</ErrorCode>\n<Client>WindowsUpdateAgent</Client>\n</CbsPackageChangeState>\n</UserData>\n</Event>\n"
  },
  {
    "EventID": 1,
    "Timestamp": "2014-01-25 03:47:47.819014+00:00",
    "Computer": "IACIS-HDD-2014",
    "Channel": "Setup",
    "Level": "LogAlways",
    "EventData": {},
    "RawXml": "<Event xmlns=\"http://schemas.microsoft.com/win/2004/08/events/event\"><System><Provider Name=\"Microsoft-Windows-Servicing\" Guid=\"{bd12f3b8-fc40-4a61-a307-b7a013a069c1}\"></Provider>\n<EventID Qualifiers=\"\">1</EventID>\n<Version>0</Version>\n<Level>0</Level>\n<Task>0</Task>\n<Opcode>0</Opcode>\n<Keywords>0x8000000000000000</Keywords>\n<TimeCreated SystemTime=\"2014-01-25 03:47:47.819014+00:00\"></TimeCreated>\n<EventRecordID>381</EventRecordID>\n<Correlation ActivityID=\"\" RelatedActivityID=\"\"></Correlation>\n<Execution ProcessID=\"1068\" ThreadID=\"2692\"></Execution>\n<Channel>Setup</Channel>\n<Computer>IACIS-HDD-2014</Computer>\n<Security UserID=\"S-1-5-18\"></Security>\n</System>\n<UserData><CbsPackageInitiateChanges xmlns=\"http://manifests.microsoft.com/win/2004/08/windows/setup_provider\"><PackageIdentifier>KB2840631</PackageIdentifier>\n<InitialPackageState>Resolved</InitialPackageState>\n<IntendedPackageState>Installed</IntendedPackageState>\n<Client>WindowsUpdateAgent</Client>\n</CbsPackageInitiateChanges>\n</UserData>\n</Event>\n"
  },
  {
    "EventID": 4,
    "Timestamp": "2014-01-25 03:54:21.610504+00:00",
    "Computer": "IACIS-HDD-2014",
    "Channel": "Setup",
    "Level": "LogAlways",
    "EventData": {},
    "RawXml": "<Event xmlns=\"http://schemas.microsoft.com/win/2004/08/events/event\"><System><Provider Name=\"Microsoft-Windows-Servicing\" Guid=\"{bd12f3b8-fc40-4a61-a307-b7a013a069c1}\"></Provider>\n<EventID Qualifiers=\"\">4</EventID>\n<Version>0</Version>\n<Level>0</Level>\n<Task>0</Task>\n<Opcode>0</Opcode>\n<Keywords>0x8000000000000000</Keywords>\n<TimeCreated SystemTime=\"2014-01-25 03:54:21.610504+00:00\"></TimeCreated>\n<EventRecordID>382</EventRecordID>\n<Correlation ActivityID=\"\" RelatedActivityID=\"\"></Correlation>\n<Execution ProcessID=\"1068\" ThreadID=\"2692\"></Execution>\n<Channel>Setup</Channel>\n<Computer>IACIS-HDD-2014</Computer>\n<Security UserID=\"S-1-5-18\"></Security>\n</System>\n<UserData><CbsPackageChangeState xmlns=\"http://manifests.microsoft.com/win/2004/08/windows/setup_provider\"><PackageIdentifier>KB2840631</PackageIdentifier>\n<IntendedPackageState>Installed</IntendedPackageState>\n<ErrorCode>0x0</ErrorCode>\n<Client>WindowsUpdateAgent</Client>\n</CbsPackageChangeState>\n</UserData>\n</Event>\n"
  },
  {
    "EventID": 1,
    "Timestamp": "2014-01-25 03:54:35.416529+00:00",
    "Computer": "IACIS-HDD-2014",
    "Channel": "Setup",
    "Level": "LogAlways",
    "EventData": {},
    "RawXml": "<Event xmlns=\"http://schemas.microsoft.com/win/2004/08/events/event\"><System><Provider Name=\"Microsoft-Windows-Servicing\" Guid=\"{bd12f3b8-fc40-4a61-a307-b7a013a069c1}\"></Provider>\n<EventID Qualifiers=\"\">1</EventID>\n<Version>0</Version>\n<Level>0</Level>\n<Task>0</Task>\n<Opcode>0</Opcode>\n<Keywords>0x8000000000000000</Keywords>\n<TimeCreated SystemTime=\"2014-01-25 03:54:35.416529+00:00\"></TimeCreated>\n<EventRecordID>383</EventRecordID>\n<Correlation ActivityID=\"\" RelatedActivityID=\"\"></Correlation>\n<Execution ProcessID=\"1068\" ThreadID=\"2692\"></Execution>\n<Channel>Setup</Channel>\n<Computer>IACIS-HDD-2014</Computer>\n<Security UserID=\"S-1-5-18\"></Security>\n</System>\n<UserData><CbsPackageInitiateChanges xmlns=\"http://manifests.microsoft.com/win/2004/08/windows/setup_provider\"><PackageIdentifier>KB2479943</PackageIdentifier>\n<InitialPackageState>Resolved</InitialPackageState>\n<IntendedPackageState>Installed</IntendedPackageState>\n<Client>WindowsUpdateAgent</Client>\n</CbsPackageInitiateChanges>\n</UserData>\n</Event>\n"
  },
  {
    "EventID": 4,
    "Timestamp": "2014-01-25 03:57:48.872469+00:00",
    "Computer": "IACIS-HDD-2014",
    "Channel": "Setup",
    "Level": "LogAlways",
    "EventData": {},
    "RawXml": "<Event xmlns=\"http://schemas.microsoft.com/win/2004/08/events/event\"><System><Provider Name=\"Microsoft-Windows-Servicing\" Guid=\"{bd12f3b8-fc40-4a61-a307-b7a013a069c1}\"></Provider>\n<EventID Qualifiers=\"\">4</EventID>\n<Version>0</Version>\n<Level>0</Level>\n<Task>0</Task>\n<Opcode>0</Opcode>\n<Keywords>0x8000000000000000</Keywords>\n<TimeCreated SystemTime=\"2014-01-25 03:57:48.872469+00:00\"></TimeCreated>\n<EventRecordID>384</EventRecordID>\n<Correlation ActivityID=\"\" RelatedActivityID=\"\"></Correlation>\n<Execution ProcessID=\"1068\" ThreadID=\"2692\"></Execution>\n<Channel>Setup</Channel>\n<Computer>IACIS-HDD-2014</Computer>\n<Security UserID=\"S-1-5-18\"></Security>\n</System>\n<UserData><CbsPackageChangeState xmlns=\"http://manifests.microsoft.com/win/2004/08/windows/setup_provider\"><PackageIdentifier>KB2479943</PackageIdentifier>\n<IntendedPackageState>Installed</IntendedPackageState>\n<ErrorCode>0x0</ErrorCode>\n<Client>WindowsUpdateAgent</Client>\n</CbsPackageChangeState>\n</UserData>\n</Event>\n"
  },
  {
    "EventID": 1,
    "Timestamp": "2014-01-25 03:58:02.272892+00:00",
    "Computer": "IACIS-HDD-2014",
    "Channel": "Setup",
    "Level": "LogAlways",
    "EventData": {},
    "RawXml": "<Event xmlns=\"http://schemas.microsoft.com/win/2004/08/events/event\"><System><Provider Name=\"Microsoft-Windows-Servicing\" Guid=\"{bd12f3b8-fc40-4a61-a307-b7a013a069c1}\"></Provider>\n<EventID Qualifiers=\"\">1</EventID>\n<Version>0</Version>\n<Level>0</Level>\n<Task>0</Task>\n<Opcode>0</Opcode>\n<Keywords>0x8000000000000000</Keywords>\n<TimeCreated SystemTime=\"2014-01-25 03:58:02.272892+00:00\"></TimeCreated>\n<EventRecordID>385</EventRecordID>\n<Correlation ActivityID=\"\" RelatedActivityID=\"\"></Correlation>\n<Execution ProcessID=\"1068\" ThreadID=\"2692\"></Execution>\n<Channel>Setup</Channel>\n<Computer>IACIS-HDD-2014</Computer>\n<Security UserID=\"S-1-5-18\"></Security>\n</System>\n<UserData><CbsPackageInitiateChanges xmlns=\"http://manifests.microsoft.com/win/2004/08/windows/setup_provider\"><PackageIdentifier>KB2718704</PackageIdentifier>\n<InitialPackageState>Absent</InitialPackageState>\n<IntendedPackageState>Installed</IntendedPackageState>\n<Client>WindowsUpdateAgent</Client>\n</CbsPackageInitiateChanges>\n</UserData>\n</Event>\n"
  },
  {
    "EventID": 4,
    "Timestamp": "2014-01-25 04:05:42.489300+00:00",
    "Computer": "IACIS-HDD-2014",
    "Channel": "Setup",
    "Level": "LogAlways",
    "EventData": {},
    "RawXml": "<Event xmlns=\"http://schemas.microsoft.com/win/2004/08/events/event\"><System><Provider Name=\"Microsoft-Windows-Servicing\" Guid=\"{bd12f3b8-fc40-4a61-a307-b7a013a069c1}\"></Provider>\n<EventID Qualifiers=\"\">4</EventID>\n<Version>0</Version>\n<Level>0</Level>\n<Task>0</Task>\n<Opcode>0</Opcode>\n<Keywords>0x8000000000000000</Keywords>\n<TimeCreated SystemTime=\"2014-01-25 04:05:42.489300+00:00\"></TimeCreated>\n<EventRecordID>386</EventRecordID>\n<Correlation ActivityID=\"\" RelatedActivityID=\"\"></Correlation>\n<Execution ProcessID=\"1068\" ThreadID=\"2692\"></Execution>\n<Channel>Setup</Channel>\n<Computer>IACIS-HDD-2014</Computer>\n<Security UserID=\"S-1-5-18\"></Security>\n</System>\n<UserData><CbsPackageChangeState xmlns=\"http://manifests.microsoft.com/win/2004/08/windows/setup_provider\"><PackageIdentifier>KB2718704</PackageIdentifier>\n<IntendedPackageState>Installed</IntendedPackageState>\n<ErrorCode>0x0</ErrorCode>\n<Client>WindowsUpdateAgent</Client>\n</CbsPackageChangeState>\n</UserData>\n</Event>\n"
  },
  {
    "EventID": 1,
    "Timestamp": "2014-01-25 04:07:23.312279+00:00",
    "Computer": "IACIS-HDD-2014",
    "Channel": "Setup",
    "Level": "LogAlways",
    "EventData": {},
    "RawXml": "<Event xmlns=\"http://schemas.microsoft.com/win/2004/08/events/event\"><System><Provider Name=\"Microsoft-Windows-Servicing\" Guid=\"{bd12f3b8-fc40-4a61-a307-b7a013a069c1}\"></Provider>\n<EventID Qualifiers=\"\">1</EventID>\n<Version>0</Version>\n<Level>0</Level>\n<Task>0</Task>\n<Opcode>0</Opcode>\n<Keywords>0x8000000000000000</Keywords>\n<TimeCreated SystemTime=\"2014-01-25 04:07:23.312279+00:00\"></TimeCreated>\n<EventRecordID>387</EventRecordID>\n<Correlation ActivityID=\"\" RelatedActivityID=\"\"></Correlation>\n<Execution ProcessID=\"1068\" ThreadID=\"2692\"></Execution>\n<Channel>Setup</Channel>\n<Computer>IACIS-HDD-2014</Computer>\n<Security UserID=\"S-1-5-18\"></Security>\n</System>\n<UserData><CbsPackageInitiateChanges xmlns=\"http://manifests.microsoft.com/win/2004/08/windows/setup_provider\"><PackageIdentifier>KB2834140</PackageIdentifier>\n<InitialPackageState>Absent</InitialPackageState>\n<IntendedPackageState>Installed</IntendedPackageState>\n<Client>DISM Package Manager Provider</Client>\n</CbsPackageInitiateChanges>\n</UserData>\n</Event>\n"
  },
  {
    "EventID": 4,
    "Timestamp": "2014-01-25 04:15:47.895164+00:00",
    "Computer": "IACIS-HDD-2014",
    "Channel": "Setup",
    "Level": "LogAlways",
    "EventData": {},
    "RawXml": "<Event xmlns=\"http://schemas.microsoft.com/win/2004/08/events/event\"><System><Provider Name=\"Microsoft-Windows-Servicing\" Guid=\"{bd12f3b8-fc40-4a61-a307-b7a013a069c1}\"></Provider>\n<EventID Qualifiers=\"\">4</EventID>\n<Version>0</Version>\n<Level>0</Level>\n<Task>0</Task>\n<Opcode>0</Opcode>\n<Keywords>0x8000000000000000</Keywords>\n<TimeCreated SystemTime=\"2014-01-25 04:15:47.895164+00:00\"></TimeCreated>\n<EventRecordID>388</EventRecordID>\n<Correlation ActivityID=\"\" RelatedActivityID=\"\"></Correlation>\n<Execution ProcessID=\"1068\" ThreadID=\"2692\"></Execution>\n<Channel>Setup</Channel>\n<Computer>IACIS-HDD-2014</Computer>\n<Security UserID=\"S-1-5-18\"></Security>\n</System>\n<UserData><CbsPackageChangeState xmlns=\"http://manifests.microsoft.com/win/2004/08/windows/setup_provider\"><PackageIdentifier>KB2834140</PackageIdentifier>\n<IntendedPackageState>Installed</IntendedPackageState>\n<ErrorCode>0x0</ErrorCode>\n<Client>DISM Package Manager Provider</Client>\n</CbsPackageChangeState>\n</UserData>\n</Event>\n"
  },
  {
    "EventID": 1,
    "Timestamp": "2014-01-25 04:16:18.642818+00:00",
    "Computer": "IACIS-HDD-2014",
    "Channel": "Setup",
    "Level": "LogAlways",
    "EventData": {},
    "RawXml": "<Event xmlns=\"http://schemas.microsoft.com/win/2004/08/events/event\"><System><Provider Name=\"Microsoft-Windows-Servicing\" Guid=\"{bd12f3b8-fc40-4a61-a307-b7a013a069c1}\"></Provider>\n<EventID Qualifiers=\"\">1</EventID>\n<Version>0</Version>\n<Level>0</Level>\n<Task>0</Task>\n<Opcode>0</Opcode>\n<Keywords>0x8000000000000000</Keywords>\n<TimeCreated SystemTime=\"2014-01-25 04:16:18.642818+00:00\"></TimeCreated>\n<EventRecordID>389</EventRecordID>\n<Correlation ActivityID=\"\" RelatedActivityID=\"\"></Correlation>\n<Execution ProcessID=\"1068\" ThreadID=\"2692\"></Execution>\n<Channel>Setup</Channel>\n<Computer>IACIS-HDD-2014</Computer>\n<Security UserID=\"S-1-5-18\"></Security>\n</System>\n<UserData><CbsPackageInitiateChanges xmlns=\"http://manifests.microsoft.com/win/2004/08/windows/setup_provider\"><PackageIdentifier>KB2670838</PackageIdentifier>\n<InitialPackageState>Installed</InitialPackageState>\n<IntendedPackageState>Installed</IntendedPackageState>\n<Client>DISM Package Manager Provider</Client>\n</CbsPackageInitiateChanges>\n</UserData>\n</Event>\n"
  },
  {
    "EventID": 4,
    "Timestamp": "2014-01-25 04:19:55.108797+00:00",
    "Computer": "IACIS-HDD-2014",
    "Channel": "Setup",
    "Level": "LogAlways",
    "EventData": {},
    "RawXml": "<Event xmlns=\"http://schemas.microsoft.com/win/2004/08/events/event\"><System><Provider Name=\"Microsoft-Windows-Servicing\" Guid=\"{bd12f3b8-fc40-4a61-a307-b7a013a069c1}\"></Provider>\n<EventID Qualifiers=\"\">4</EventID>\n<Version>0</Version>\n<Level>0</Level>\n<Task>0</Task>\n<Opcode>0</Opcode>\n<Keywords>0x8000000000000000</Keywords>\n<TimeCreated SystemTime=\"2014-01-25 04:19:55.108797+00:00\"></TimeCreated>\n<EventRecordID>390</EventRecordID>\n<Correlation ActivityID=\"\" RelatedActivityID=\"\"></Correlation>\n<Execution ProcessID=\"1068\" ThreadID=\"2692\"></Execution>\n<Channel>Setup</Channel>\n<Computer>IACIS-HDD-2014</Computer>\n<Security UserID=\"S-1-5-18\"></Security>\n</System>\n<UserData><CbsPackageChangeState xmlns=\"http://manifests.microsoft.com/win/2004/08/windows/setup_provider\"><PackageIdentifier>KB2670838</PackageIdentifier>\n<IntendedPackageState>Installed</IntendedPackageState>\n<ErrorCode>0x0</ErrorCode>\n<Client>DISM Package Manager Provider</Client>\n</CbsPackageChangeState>\n</UserData>\n</Event>\n"
  },
  {
    "EventID": 1,
    "Timestamp": "2014-01-25 04:20:15.279634+00:00",
    "Computer": "IACIS-HDD-2014",
    "Channel": "Setup",
    "Level": "LogAlways",
    "EventData": {},
    "RawXml": "<Event xmlns=\"http://schemas.microsoft.com/win/2004/08/events/event\"><System><Provider Name=\"Microsoft-Windows-Servicing\" Guid=\"{bd12f3b8-fc40-4a61-a307-b7a013a069c1}\"></Provider>\n<EventID Qualifiers=\"\">1</EventID>\n<Version>0</Version>\n<Level>0</Level>\n<Task>0</Task>\n<Opcode>0</Opcode>\n<Keywords>0x8000000000000000</Keywords>\n<TimeCreated SystemTime=\"2014-01-25 04:20:15.279634+00:00\"></TimeCreated>\n<EventRecordID>391</EventRecordID>\n<Correlation ActivityID=\"\" RelatedActivityID=\"\"></Correlation>\n<Execution ProcessID=\"1068\" ThreadID=\"2692\"></Execution>\n<Channel>Setup</Channel>\n<Computer>IACIS-HDD-2014</Computer>\n<Security UserID=\"S-1-5-18\"></Security>\n</System>\n<UserData><CbsPackageInitiateChanges xmlns=\"http://manifests.microsoft.com/win/2004/08/windows/setup_provider\"><PackageIdentifier>KB2639308</PackageIdentifier>\n<InitialPackageState>Installed</InitialPackageState>\n<IntendedPackageState>Installed</IntendedPackageState>\n<Client>DISM Package Manager Provider</Client>\n</CbsPackageInitiateChanges>\n</UserData>\n</Event>\n"
  },
  {
    "EventID": 4,
    "Timestamp": "2014-01-25 04:21:00.145313+00:00",
    "Computer": "IACIS-HDD-2014",
    "Channel": "Setup",
    "Level": "LogAlways",
    "EventData": {},
    "RawXml": "<Event xmlns=\"http://schemas.microsoft.com/win/2004/08/events/event\"><System><Provider Name=\"Microsoft-Windows-Servicing\" Guid=\"{bd12f3b8-fc40-4a61-a307-b7a013a069c1}\"></Provider>\n<EventID Qualifiers=\"\">4</EventID>\n<Version>0</Version>\n<Level>0</Level>\n<Task>0</Task>\n<Opcode>0</Opcode>\n<Keywords>0x8000000000000000</Keywords>\n<TimeCreated SystemTime=\"2014-01-25 04:21:00.145313+00:00\"></TimeCreated>\n<EventRecordID>392</EventRecordID>\n<Correlation ActivityID=\"\" RelatedActivityID=\"\"></Correlation>\n<Execution ProcessID=\"1068\" ThreadID=\"2692\"></Execution>\n<Channel>Setup</Channel>\n<Computer>IACIS-HDD-2014</Computer>\n<Security UserID=\"S-1-5-18\"></Security>\n</System>\n<UserData><CbsPackageChangeState xmlns=\"http://manifests.microsoft.com/win/2004/08/windows/setup_provider\"><PackageIdentifier>KB2639308</PackageIdentifier>\n<IntendedPackageState>Installed</IntendedPackageState>\n<ErrorCode>0x0</ErrorCode>\n<Client>DISM Package Manager Provider</Client>\n</CbsPackageChangeState>\n</UserData>\n</Event>\n"
  },
  {
    "EventID": 1,
    "Timestamp": "2014-01-25 04:21:08.335327+00:00",
    "Computer": "IACIS-HDD-2014",
    "Channel": "Setup",
    "Level": "LogAlways",
    "EventData": {},
    "RawXml": "<Event xmlns=\"http://schemas.microsoft.com/win/2004/08/events/event\"><System><Provider Name=\"Microsoft-Windows-Servicing\" Guid=\"{bd12f3b8-fc40-4a61-a307-b7a013a069c1}\"></Provider>\n<EventID Qualifiers=\"\">1</EventID>\n<Version>0</Version>\n<Level>0</Level>\n<Task>0</Task>\n<Opcode>0</Opcode>\n<Keywords>0x8000000000000000</Keywords>\n<TimeCreated SystemTime=\"2014-01-25 04:21:08.335327+00:00\"></TimeCreated>\n<EventRecordID>393</EventRecordID>\n<Correlation ActivityID=\"\" RelatedActivityID=\"\"></Correlation>\n<Execution ProcessID=\"1068\" ThreadID=\"2692\"></Execution>\n<Channel>Setup</Channel>\n<Computer>IACIS-HDD-2014</Computer>\n<Security UserID=\"S-1-5-18\"></Security>\n</System>\n<UserData><CbsPackageInitiateChanges xmlns=\"http://manifests.microsoft.com/win/2004/08/windows/setup_provider\"><PackageIdentifier>KB2533623</PackageIdentifier>\n<InitialPackageState>Installed</InitialPackageState>\n<IntendedPackageState>Installed</IntendedPackageState>\n<Client>DISM Package Manager Provider</Client>\n</CbsPackageInitiateChanges>\n</UserData>\n</Event>\n"
  },
  {
    "EventID": 4,
    "Timestamp": "2014-01-25 04:23:56.706423+00:00",
    "Computer": "IACIS-HDD-2014",
    "Channel": "Setup",
    "Level": "LogAlways",
    "EventData": {},
    "RawXml": "<Event xmlns=\"http://schemas.microsoft.com/win/2004/08/events/event\"><System><Provider Name=\"Microsoft-Windows-Servicing\" Guid=\"{bd12f3b8-fc40-4a61-a307-b7a013a069c1}\"></Provider>\n<EventID Qualifiers=\"\">4</EventID>\n<Version>0</Version>\n<Level>0</Level>\n<Task>0</Task>\n<Opcode>0</Opcode>\n<Keywords>0x8000000000000000</Keywords>\n<TimeCreated SystemTime=\"2014-01-25 04:23:56.706423+00:00\"></TimeCreated>\n<EventRecordID>394</EventRecordID>\n<Correlation ActivityID=\"\" RelatedActivityID=\"\"></Correlation>\n<Execution ProcessID=\"1068\" ThreadID=\"2692\"></Execution>\n<Channel>Setup</Channel>\n<Computer>IACIS-HDD-2014</Computer>\n<Security UserID=\"S-1-5-18\"></Security>\n</System>\n<UserData><CbsPackageChangeState xmlns=\"http://manifests.microsoft.com/win/2004/08/windows/setup_provider\"><PackageIdentifier>KB2533623</PackageIdentifier>\n<IntendedPackageState>Installed</IntendedPackageState>\n<ErrorCode>0x0</ErrorCode>\n<Client>DISM Package Manager Provider</Client>\n</CbsPackageChangeState>\n</UserData>\n</Event>\n"
  },
  {
    "EventID": 1,
    "Timestamp": "2014-01-25 04:24:21.494867+00:00",
    "Computer": "IACIS-HDD-2014",
    "Channel": "Setup",
    "Level": "LogAlways",
    "EventData": {},
    "RawXml": "<Event xmlns=\"http://schemas.microsoft.com/win/2004/08/events/event\"><System><Provider Name=\"Microsoft-Windows-Servicing\" Guid=\"{bd12f3b8-fc40-4a61-a307-b7a013a069c1}\"></Provider>\n<EventID Qualifiers=\"\">1</EventID>\n<Version>0</Version>\n<Level>0</Level>\n<Task>0</Task>\n<Opcode>0</Opcode>\n<Keywords>0x8000000000000000</Keywords>\n<TimeCreated SystemTime=\"2014-01-25 04:24:21.494867+00:00\"></TimeCreated>\n<EventRecordID>395</EventRecordID>\n<Correlation ActivityID=\"\" RelatedActivityID=\"\"></Correlation>\n<Execution ProcessID=\"1068\" ThreadID=\"2692\"></Execution>\n<Channel>Setup</Channel>\n<Computer>IACIS-HDD-2014</Computer>\n<Security UserID=\"S-1-5-18\"></Security>\n</System>\n<UserData><CbsPackageInitiateChanges xmlns=\"http://manifests.microsoft.com/win/2004/08/windows/setup_provider\"><PackageIdentifier>KB2731771</PackageIdentifier>\n<InitialPackageState>Installed</InitialPackageState>\n<IntendedPackageState>Installed</IntendedPackageState>\n<Client>DISM Package Manager Provider</Client>\n</CbsPackageInitiateChanges>\n</UserData>\n</Event>\n"
  },
  {
    "EventID": 4,
    "Timestamp": "2014-01-25 04:27:08.945560+00:00",
    "Computer": "IACIS-HDD-2014",
    "Channel": "Setup",
    "Level": "LogAlways",
    "EventData": {},
    "RawXml": "<Event xmlns=\"http://schemas.microsoft.com/win/2004/08/events/event\"><System><Provider Name=\"Microsoft-Windows-Servicing\" Guid=\"{bd12f3b8-fc40-4a61-a307-b7a013a069c1}\"></Provider>\n<EventID Qualifiers=\"\">4</EventID>\n<Version>0</Version>\n<Level>0</Level>\n<Task>0</Task>\n<Opcode>0</Opcode>\n<Keywords>0x8000000000000000</Keywords>\n<TimeCreated SystemTime=\"2014-01-25 04:27:08.945560+00:00\"></TimeCreated>\n<EventRecordID>396</EventRecordID>\n<Correlation ActivityID=\"\" RelatedActivityID=\"\"></Correlation>\n<Execution ProcessID=\"1068\" ThreadID=\"2692\"></Execution>\n<Channel>Setup</Channel>\n<Computer>IACIS-HDD-2014</Computer>\n<Security UserID=\"S-1-5-18\"></Security>\n</System>\n<UserData><CbsPackageChangeState xmlns=\"http://manifests.microsoft.com/win/2004/08/windows/setup_provider\"><PackageIdentifier>KB2731771</PackageIdentifier>\n<IntendedPackageState>Installed</IntendedPackageState>\n<ErrorCode>0x0</ErrorCode>\n<Client>DISM Package Manager Provider</Client>\n</CbsPackageChangeState>\n</UserData>\n</Event>\n"
  },
  {
    "EventID": 1,
    "Timestamp": "2014-01-25 04:27:32.751204+00:00",
    "Computer": "IACIS-HDD-2014",
    "Channel": "Setup",
    "Level": "LogAlways",
    "EventData": {},
    "RawXml": "<Event xmlns=\"http://schemas.microsoft.com/win/2004/08/events/event\"><System><Provider Name=\"Microsoft-Windows-Servicing\" Guid=\"{bd12f3b8-fc40-4a61-a307-b7a013a069c1}\"></Provider>\n<EventID Qualifiers=\"\">1</EventID>\n<Version>0</Version>\n<Level>0</Level>\n<Task>0</Task>\n<Opcode>0</Opcode>\n<Keywords>0x8000000000000000</Keywords>\n<TimeCreated SystemTime=\"2014-01-25 04:27:32.751204+00:00\"></TimeCreated>\n<EventRecordID>397</EventRecordID>\n<Correlation ActivityID=\"\" RelatedActivityID=\"\"></Correlation>\n<Execution ProcessID=\"1068\" ThreadID=\"2692\"></Execution>\n<Channel>Setup</Channel>\n<Computer>IACIS-HDD-2014</Computer>\n<Security UserID=\"S-1-5-18\"></Security>\n</System>\n<UserData><CbsPackageInitiateChanges xmlns=\"http://manifests.microsoft.com/win/2004/08/windows/setup_provider\"><PackageIdentifier>KB2729094</PackageIdentifier>\n<InitialPackageState>Installed</InitialPackageState>\n<IntendedPackageState>Installed</IntendedPackageState>\n<Client>DISM Package Manager Provider</Client>\n</CbsPackageInitiateChanges>\n</UserData>\n</Event>\n"
  },
